<?xml version="1.0" encoding="UTF-8"?>
<testsuite xmlns:xsi="http://www.w3.org/2001/XMLSchema-instance" xsi:noNamespaceSchemaLocation="https://maven.apache.org/surefire/maven-surefire-plugin/xsd/surefire-test-report.xsd" name="org.apache.hadoop.ozone.client.rpc.TestContainerStateMachineFailures" time="90.448" tests="5" errors="0" skipped="0" failures="1">
  <properties>
    <property name="awt.toolkit" value="sun.awt.X11.XToolkit"/>
    <property name="file.encoding.pkg" value="sun.io"/>
    <property name="java.specification.version" value="1.8"/>
    <property name="sun.cpu.isalist" value=""/>
    <property name="sun.jnu.encoding" value="ANSI_X3.4-1968"/>
    <property name="java.class.path" value="/github/workspace/mnt/ozone/hadoop-ozone/integration-test/target/test-classes:/github/workspace/mnt/ozone/hadoop-ozone/integration-test/target/classes:/home/user/.m2/repository/org/apache/hadoop/hadoop-ozone-common/1.1.0-SNAPSHOT/hadoop-ozone-common-1.1.0-SNAPSHOT.jar:/home/user/.m2/repository/org/apache/commons/commons-compress/1.4.1/commons-compress-1.4.1.jar:/home/user/.m2/repository/org/tukaani/xz/1.0/xz-1.0.jar:/home/user/.m2/repository/org/apache/hadoop/hadoop-hdds-common/1.1.0-SNAPSHOT/hadoop-hdds-common-1.1.0-SNAPSHOT.jar:/home/user/.m2/repository/org/apache/hadoop/hadoop-hdds-client/1.1.0-SNAPSHOT/hadoop-hdds-client-1.1.0-SNAPSHOT.jar:/home/user/.m2/repository/org/apache/hadoop/hadoop-ozone-interface-client/1.1.0-SNAPSHOT/hadoop-ozone-interface-client-1.1.0-SNAPSHOT.jar:/home/user/.m2/repository/org/apache/hadoop/hadoop-hdds-test-utils/1.1.0-SNAPSHOT/hadoop-hdds-test-utils-1.1.0-SNAPSHOT.jar:/home/user/.m2/repository/com/google/guava/guava/28.2-jre/guava-28.2-jre.jar:/home/user/.m2/repository/com/google/guava/failureaccess/1.0.1/failureaccess-1.0.1.jar:/home/user/.m2/repository/com/google/guava/listenablefuture/9999.0-empty-to-avoid-conflict-with-guava/listenablefuture-9999.0-empty-to-avoid-conflict-with-guava.jar:/home/user/.m2/repository/com/google/code/findbugs/jsr305/3.0.0/jsr305-3.0.0.jar:/home/user/.m2/repository/org/checkerframework/checker-qual/2.10.0/checker-qual-2.10.0.jar:/home/user/.m2/repository/com/google/errorprone/error_prone_annotations/2.2.0/error_prone_annotations-2.2.0.jar:/home/user/.m2/repository/com/google/j2objc/j2objc-annotations/1.3/j2objc-annotations-1.3.jar:/home/user/.m2/repository/commons-io/commons-io/2.5/commons-io-2.5.jar:/home/user/.m2/repository/commons-logging/commons-logging/1.2/commons-logging-1.2.jar:/home/user/.m2/repository/log4j/log4j/1.2.17/log4j-1.2.17.jar:/home/user/.m2/repository/org/slf4j/slf4j-api/1.7.30/slf4j-api-1.7.30.jar:/home/user/.m2/repository/org/apache/hadoop/hadoop-hdds-server-scm/1.1.0-SNAPSHOT/hadoop-hdds-server-scm-1.1.0-SNAPSHOT.jar:/home/user/.m2/repository/org/apache/hadoop/hadoop-hdds-container-service/1.1.0-SNAPSHOT/hadoop-hdds-container-service-1.1.0-SNAPSHOT.jar:/home/user/.m2/repository/org/apache/hadoop/hadoop-hdds-hadoop-dependency-server/1.1.0-SNAPSHOT/hadoop-hdds-hadoop-dependency-server-1.1.0-SNAPSHOT.jar:/home/user/.m2/repository/org/apache/hadoop/hadoop-hdfs/3.2.1/hadoop-hdfs-3.2.1.jar:/home/user/.m2/repository/org/apache/hadoop/hadoop-hdds-server-framework/1.1.0-SNAPSHOT/hadoop-hdds-server-framework-1.1.0-SNAPSHOT.jar:/home/user/.m2/repository/org/apache/hadoop/hadoop-hdds-interface-server/1.1.0-SNAPSHOT/hadoop-hdds-interface-server-1.1.0-SNAPSHOT.jar:/home/user/.m2/repository/org/apache/hadoop/hadoop-hdds-interface-admin/1.1.0-SNAPSHOT/hadoop-hdds-interface-admin-1.1.0-SNAPSHOT.jar:/home/user/.m2/repository/org/eclipse/jetty/jetty-servlet/9.4.34.v20201102/jetty-servlet-9.4.34.v20201102.jar:/home/user/.m2/repository/org/eclipse/jetty/jetty-security/9.4.34.v20201102/jetty-security-9.4.34.v20201102.jar:/home/user/.m2/repository/org/rocksdb/rocksdbjni/6.8.1/rocksdbjni-6.8.1.jar:/home/user/.m2/repository/io/prometheus/simpleclient_dropwizard/0.7.0/simpleclient_dropwizard-0.7.0.jar:/home/user/.m2/repository/io/prometheus/simpleclient/0.7.0/simpleclient-0.7.0.jar:/home/user/.m2/repository/io/prometheus/simpleclient_common/0.7.0/simpleclient_common-0.7.0.jar:/home/user/.m2/repository/com/fasterxml/jackson/datatype/jackson-datatype-jsr310/2.10.3/jackson-datatype-jsr310-2.10.3.jar:/home/user/.m2/repository/io/dropwizard/metrics/metrics-core/3.2.4/metrics-core-3.2.4.jar:/home/user/.m2/repository/org/apache/hadoop/hadoop-hdfs-client/3.2.1/hadoop-hdfs-client-3.2.1.jar:/home/user/.m2/repository/org/bouncycastle/bcprov-jdk15on/1.67/bcprov-jdk15on-1.67.jar:/home/user/.m2/repository/org/apache/hadoop/hadoop-ozone-ozone-manager/1.1.0-SNAPSHOT/hadoop-ozone-ozone-manager-1.1.0-SNAPSHOT.jar:/home/user/.m2/repository/org/apache/hadoop/hadoop-hdds-interface-client/1.1.0-SNAPSHOT/hadoop-hdds-interface-client-1.1.0-SNAPSHOT.jar:/home/user/.m2/repository/org/apache/ratis/ratis-thirdparty-misc/0.6.0-SNAPSHOT/ratis-thirdparty-misc-0.6.0-SNAPSHOT.jar:/home/user/.m2/repository/org/apache/hadoop/hadoop-ozone-interface-storage/1.1.0-SNAPSHOT/hadoop-ozone-interface-storage-1.1.0-SNAPSHOT.jar:/home/user/.m2/repository/org/apache/hadoop/hadoop-minikdc/3.2.1/hadoop-minikdc-3.2.1.jar:/home/user/.m2/repository/org/apache/kerby/kerb-simplekdc/1.0.1/kerb-simplekdc-1.0.1.jar:/home/user/.m2/repository/org/apache/kerby/kerb-client/1.0.1/kerb-client-1.0.1.jar:/home/user/.m2/repository/org/apache/kerby/kerby-config/1.0.1/kerby-config-1.0.1.jar:/home/user/.m2/repository/org/apache/kerby/kerb-core/1.0.1/kerb-core-1.0.1.jar:/home/user/.m2/repository/org/apache/kerby/kerby-pkix/1.0.1/kerby-pkix-1.0.1.jar:/home/user/.m2/repository/org/apache/kerby/kerby-asn1/1.0.1/kerby-asn1-1.0.1.jar:/home/user/.m2/repository/org/apache/kerby/kerby-util/1.0.1/kerby-util-1.0.1.jar:/home/user/.m2/repository/org/apache/kerby/kerb-common/1.0.1/kerb-common-1.0.1.jar:/home/user/.m2/repository/org/apache/kerby/kerb-crypto/1.0.1/kerb-crypto-1.0.1.jar:/home/user/.m2/repository/org/apache/kerby/kerb-util/1.0.1/kerb-util-1.0.1.jar:/home/user/.m2/repository/org/apache/kerby/token-provider/1.0.1/token-provider-1.0.1.jar:/home/user/.m2/repository/org/apache/kerby/kerb-admin/1.0.1/kerb-admin-1.0.1.jar:/home/user/.m2/repository/org/apache/kerby/kerb-server/1.0.1/kerb-server-1.0.1.jar:/home/user/.m2/repository/org/apache/kerby/kerb-identity/1.0.1/kerb-identity-1.0.1.jar:/home/user/.m2/repository/org/apache/kerby/kerby-xdr/1.0.1/kerby-xdr-1.0.1.jar:/home/user/.m2/repository/org/slf4j/slf4j-log4j12/1.7.30/slf4j-log4j12-1.7.30.jar:/home/user/.m2/repository/org/apache/hadoop/hadoop-ozone-s3gateway/1.1.0-SNAPSHOT/hadoop-ozone-s3gateway-1.1.0-SNAPSHOT.jar:/home/user/.m2/repository/org/jboss/weld/servlet/weld-servlet/2.4.7.Final/weld-servlet-2.4.7.Final.jar:/home/user/.m2/repository/org/glassfish/jersey/containers/jersey-container-servlet-core/2.27/jersey-container-servlet-core-2.27.jar:/home/user/.m2/repository/org/glassfish/hk2/external/javax.inject/2.5.0-b42/javax.inject-2.5.0-b42.jar:/home/user/.m2/repository/org/glassfish/jersey/core/jersey-common/2.27/jersey-common-2.27.jar:/home/user/.m2/repository/org/glassfish/hk2/osgi-resource-locator/1.0.1/osgi-resource-locator-1.0.1.jar:/home/user/.m2/repository/javax/ws/rs/javax.ws.rs-api/2.1/javax.ws.rs-api-2.1.jar:/home/user/.m2/repository/org/glassfish/jersey/ext/cdi/jersey-cdi1x/2.27/jersey-cdi1x-2.27.jar:/home/user/.m2/repository/org/glassfish/jersey/inject/jersey-hk2/2.27/jersey-hk2-2.27.jar:/home/user/.m2/repository/org/glassfish/hk2/hk2-locator/2.5.0-b42/hk2-locator-2.5.0-b42.jar:/home/user/.m2/repository/org/javassist/javassist/3.22.0-CR2/javassist-3.22.0-CR2.jar:/home/user/.m2/repository/org/glassfish/hk2/hk2-api/2.5.0/hk2-api-2.5.0.jar:/home/user/.m2/repository/org/glassfish/hk2/external/jakarta.inject/2.5.0/jakarta.inject-2.5.0.jar:/home/user/.m2/repository/org/glassfish/hk2/hk2-utils/2.5.0/hk2-utils-2.5.0.jar:/home/user/.m2/repository/jakarta/annotation/jakarta.annotation-api/1.3.4/jakarta.annotation-api-1.3.4.jar:/home/user/.m2/repository/org/glassfish/hk2/external/aopalliance-repackaged/2.5.0/aopalliance-repackaged-2.5.0.jar:/home/user/.m2/repository/com/fasterxml/jackson/dataformat/jackson-dataformat-xml/2.10.3/jackson-dataformat-xml-2.10.3.jar:/home/user/.m2/repository/com/fasterxml/jackson/core/jackson-core/2.10.3/jackson-core-2.10.3.jar:/home/user/.m2/repository/com/fasterxml/jackson/module/jackson-module-jaxb-annotations/2.10.3/jackson-module-jaxb-annotations-2.10.3.jar:/home/user/.m2/repository/jakarta/xml/bind/jakarta.xml.bind-api/2.3.2/jakarta.xml.bind-api-2.3.2.jar:/home/user/.m2/repository/jakarta/activation/jakarta.activation-api/1.2.1/jakarta.activation-api-1.2.1.jar:/home/user/.m2/repository/org/codehaus/woodstox/stax2-api/3.1.4/stax2-api-3.1.4.jar:/home/user/.m2/repository/com/fasterxml/woodstox/woodstox-core/5.0.3/woodstox-core-5.0.3.jar:/home/user/.m2/repository/javax/enterprise/cdi-api/1.2/cdi-api-1.2.jar:/home/user/.m2/repository/javax/el/javax.el-api/3.0.0/javax.el-api-3.0.0.jar:/home/user/.m2/repository/javax/interceptor/javax.interceptor-api/1.2/javax.interceptor-api-1.2.jar:/home/user/.m2/repository/javax/inject/javax.inject/1/javax.inject-1.jar:/home/user/.m2/repository/com/sun/xml/bind/jaxb-impl/2.3.0.1/jaxb-impl-2.3.0.1.jar:/home/user/.m2/repository/com/sun/xml/bind/jaxb-core/2.3.0.1/jaxb-core-2.3.0.1.jar:/home/user/.m2/repository/javax/xml/bind/jaxb-api/2.3.0/jaxb-api-2.3.0.jar:/home/user/.m2/repository/javax/activation/activation/1.1.1/activation-1.1.1.jar:/home/user/.m2/repository/org/apache/hadoop/hadoop-ozone-csi/1.1.0-SNAPSHOT/hadoop-ozone-csi-1.1.0-SNAPSHOT.jar:/home/user/.m2/repository/com/google/protobuf/protobuf-java-util/3.11.0/protobuf-java-util-3.11.0.jar:/home/user/.m2/repository/com/google/code/gson/gson/2.2.4/gson-2.2.4.jar:/home/user/.m2/repository/org/apache/hadoop/hadoop-hdds-config/1.1.0-SNAPSHOT/hadoop-hdds-config-1.1.0-SNAPSHOT.jar:/home/user/.m2/repository/com/google/protobuf/protobuf-java/2.5.0/protobuf-java-2.5.0.jar:/home/user/.m2/repository/io/grpc/grpc-netty/1.29.0/grpc-netty-1.29.0.jar:/home/user/.m2/repository/io/grpc/grpc-core/1.29.0/grpc-core-1.29.0.jar:/home/user/.m2/repository/com/google/android/annotations/4.1.1.4/annotations-4.1.1.4.jar:/home/user/.m2/repository/io/perfmark/perfmark-api/0.19.0/perfmark-api-0.19.0.jar:/home/user/.m2/repository/io/netty/netty-codec-http2/4.1.48.Final/netty-codec-http2-4.1.48.Final.jar:/home/user/.m2/repository/io/netty/netty-codec/4.1.48.Final/netty-codec-4.1.48.Final.jar:/home/user/.m2/repository/io/netty/netty-handler/4.1.48.Final/netty-handler-4.1.48.Final.jar:/home/user/.m2/repository/io/netty/netty-codec-http/4.1.48.Final/netty-codec-http-4.1.48.Final.jar:/home/user/.m2/repository/io/netty/netty-handler-proxy/4.1.48.Final/netty-handler-proxy-4.1.48.Final.jar:/home/user/.m2/repository/io/netty/netty-codec-socks/4.1.48.Final/netty-codec-socks-4.1.48.Final.jar:/home/user/.m2/repository/io/netty/netty-transport-native-epoll/4.1.48.Final/netty-transport-native-epoll-4.1.48.Final.jar:/home/user/.m2/repository/io/netty/netty-common/4.1.48.Final/netty-common-4.1.48.Final.jar:/home/user/.m2/repository/io/netty/netty-buffer/4.1.48.Final/netty-buffer-4.1.48.Final.jar:/home/user/.m2/repository/io/netty/netty-transport/4.1.48.Final/netty-transport-4.1.48.Final.jar:/home/user/.m2/repository/io/netty/netty-resolver/4.1.48.Final/netty-resolver-4.1.48.Final.jar:/home/user/.m2/repository/io/netty/netty-transport-native-unix-common/4.1.48.Final/netty-transport-native-unix-common-4.1.48.Final.jar:/home/user/.m2/repository/io/grpc/grpc-protobuf/1.29.0/grpc-protobuf-1.29.0.jar:/home/user/.m2/repository/io/grpc/grpc-api/1.29.0/grpc-api-1.29.0.jar:/home/user/.m2/repository/io/grpc/grpc-context/1.29.0/grpc-context-1.29.0.jar:/home/user/.m2/repository/org/codehaus/mojo/animal-sniffer-annotations/1.18/animal-sniffer-annotations-1.18.jar:/home/user/.m2/repository/com/google/api/grpc/proto-google-common-protos/1.17.0/proto-google-common-protos-1.17.0.jar:/home/user/.m2/repository/io/grpc/grpc-protobuf-lite/1.29.0/grpc-protobuf-lite-1.29.0.jar:/home/user/.m2/repository/io/grpc/grpc-stub/1.29.0/grpc-stub-1.29.0.jar:/home/user/.m2/repository/org/apache/hadoop/hadoop-ozone-recon/1.1.0-SNAPSHOT/hadoop-ozone-recon-1.1.0-SNAPSHOT.jar:/home/user/.m2/repository/org/apache/hadoop/hadoop-ozone-reconcodegen/1.1.0-SNAPSHOT/hadoop-ozone-reconcodegen-1.1.0-SNAPSHOT.jar:/home/user/.m2/repository/com/google/inject/extensions/guice-multibindings/4.0/guice-multibindings-4.0.jar:/home/user/.m2/repository/com/google/inject/guice/4.0/guice-4.0.jar:/home/user/.m2/repository/aopalliance/aopalliance/1.0/aopalliance-1.0.jar:/home/user/.m2/repository/com/google/inject/extensions/guice-assistedinject/4.0/guice-assistedinject-4.0.jar:/home/user/.m2/repository/com/google/inject/extensions/guice-servlet/4.0/guice-servlet-4.0.jar:/home/user/.m2/repository/org/glassfish/jersey/containers/jersey-container-servlet/2.27/jersey-container-servlet-2.27.jar:/home/user/.m2/repository/org/glassfish/hk2/guice-bridge/2.5.0/guice-bridge-2.5.0.jar:/home/user/.m2/repository/org/glassfish/jersey/core/jersey-server/2.27/jersey-server-2.27.jar:/home/user/.m2/repository/org/glassfish/jersey/core/jersey-client/2.27/jersey-client-2.27.jar:/home/user/.m2/repository/org/glassfish/jersey/media/jersey-media-jaxb/2.27/jersey-media-jaxb-2.27.jar:/home/user/.m2/repository/javax/validation/validation-api/1.1.0.Final/validation-api-1.1.0.Final.jar:/home/user/.m2/repository/org/glassfish/jersey/media/jersey-media-json-jackson/2.27/jersey-media-json-jackson-2.27.jar:/home/user/.m2/repository/org/glassfish/jersey/ext/jersey-entity-filtering/2.27/jersey-entity-filtering-2.27.jar:/home/user/.m2/repository/org/jooq/jooq/3.11.10/jooq-3.11.10.jar:/home/user/.m2/repository/org/jooq/jooq-meta/3.11.10/jooq-meta-3.11.10.jar:/home/user/.m2/repository/org/jooq/jooq-codegen/3.11.10/jooq-codegen-3.11.10.jar:/home/user/.m2/repository/com/jolbox/bonecp/0.8.0.RELEASE/bonecp-0.8.0.RELEASE.jar:/home/user/.m2/repository/org/apache/derby/derby/10.14.2.0/derby-10.14.2.0.jar:/home/user/.m2/repository/org/xerial/sqlite-jdbc/3.25.2/sqlite-jdbc-3.25.2.jar:/home/user/.m2/repository/org/springframework/spring-jdbc/5.2.11.RELEASE/spring-jdbc-5.2.11.RELEASE.jar:/home/user/.m2/repository/org/springframework/spring-beans/5.2.11.RELEASE/spring-beans-5.2.11.RELEASE.jar:/home/user/.m2/repository/org/springframework/spring-core/5.2.11.RELEASE/spring-core-5.2.11.RELEASE.jar:/home/user/.m2/repository/org/springframework/spring-jcl/5.2.11.RELEASE/spring-jcl-5.2.11.RELEASE.jar:/home/user/.m2/repository/org/springframework/spring-tx/5.2.11.RELEASE/spring-tx-5.2.11.RELEASE.jar:/home/user/.m2/repository/org/apache/hadoop/hadoop-ozone-client/1.1.0-SNAPSHOT/hadoop-ozone-client-1.1.0-SNAPSHOT.jar:/home/user/.m2/repository/org/apache/hadoop/hadoop-ozone-filesystem/1.1.0-SNAPSHOT/hadoop-ozone-filesystem-1.1.0-SNAPSHOT.jar:/home/user/.m2/repository/org/apache/hadoop/hadoop-ozone-filesystem-common/1.1.0-SNAPSHOT/hadoop-ozone-filesystem-common-1.1.0-SNAPSHOT.jar:/home/user/.m2/repository/org/apache/hadoop/hadoop-ozone-tools/1.1.0-SNAPSHOT/hadoop-ozone-tools-1.1.0-SNAPSHOT.jar:/home/user/.m2/repository/org/apache/ratis/ratis-tools/1.1.0-35f17fa-SNAPSHOT/ratis-tools-1.1.0-35f17fa-SNAPSHOT.jar:/home/user/.m2/repository/org/apache/ratis/ratis-proto/1.1.0-35f17fa-SNAPSHOT/ratis-proto-1.1.0-35f17fa-SNAPSHOT.jar:/home/user/.m2/repository/org/apache/ratis/ratis-common/1.1.0-35f17fa-SNAPSHOT/ratis-common-1.1.0-35f17fa-SNAPSHOT.jar:/home/user/.m2/repository/com/amazonaws/aws-java-sdk-core/1.11.901/aws-java-sdk-core-1.11.901.jar:/home/user/.m2/repository/org/apache/httpcomponents/httpclient/4.5.13/httpclient-4.5.13.jar:/home/user/.m2/repository/org/apache/httpcomponents/httpcore/4.4.13/httpcore-4.4.13.jar:/home/user/.m2/repository/software/amazon/ion/ion-java/1.0.2/ion-java-1.0.2.jar:/home/user/.m2/repository/com/fasterxml/jackson/dataformat/jackson-dataformat-cbor/2.10.3/jackson-dataformat-cbor-2.10.3.jar:/home/user/.m2/repository/joda-time/joda-time/2.8.1/joda-time-2.8.1.jar:/home/user/.m2/repository/com/amazonaws/aws-java-sdk-s3/1.11.901/aws-java-sdk-s3-1.11.901.jar:/home/user/.m2/repository/com/amazonaws/aws-java-sdk-kms/1.11.901/aws-java-sdk-kms-1.11.901.jar:/home/user/.m2/repository/com/amazonaws/jmespath-java/1.11.901/jmespath-java-1.11.901.jar:/home/user/.m2/repository/org/kohsuke/metainf-services/metainf-services/1.8/metainf-services-1.8.jar:/home/user/.m2/repository/org/apache/hadoop/hadoop-hdds-tools/1.1.0-SNAPSHOT/hadoop-hdds-tools-1.1.0-SNAPSHOT.jar:/home/user/.m2/repository/commons-cli/commons-cli/1.2/commons-cli-1.2.jar:/home/user/.m2/repository/org/apache/commons/commons-lang3/3.7/commons-lang3-3.7.jar:/home/user/.m2/repository/org/apache/hadoop/hadoop-ozone-ozone-manager/1.1.0-SNAPSHOT/hadoop-ozone-ozone-manager-1.1.0-SNAPSHOT-tests.jar:/home/user/.m2/repository/org/apache/hadoop/hadoop-hdds-common/1.1.0-SNAPSHOT/hadoop-hdds-common-1.1.0-SNAPSHOT-tests.jar:/home/user/.m2/repository/org/apache/hadoop/hadoop-hdds-hadoop-dependency-client/1.1.0-SNAPSHOT/hadoop-hdds-hadoop-dependency-client-1.1.0-SNAPSHOT.jar:/home/user/.m2/repository/info/picocli/picocli/4.4.0/picocli-4.4.0.jar:/home/user/.m2/repository/com/fasterxml/jackson/core/jackson-annotations/2.10.3/jackson-annotations-2.10.3.jar:/home/user/.m2/repository/javax/annotation/javax.annotation-api/1.2/javax.annotation-api-1.2.jar:/home/user/.m2/repository/org/fusesource/leveldbjni/leveldbjni-all/1.8/leveldbjni-all-1.8.jar:/home/user/.m2/repository/org/apache/ratis/ratis-server/1.1.0-35f17fa-SNAPSHOT/ratis-server-1.1.0-35f17fa-SNAPSHOT.jar:/home/user/.m2/repository/org/apache/ratis/ratis-client/1.1.0-35f17fa-SNAPSHOT/ratis-client-1.1.0-35f17fa-SNAPSHOT.jar:/home/user/.m2/repository/org/apache/ratis/ratis-server-api/1.1.0-35f17fa-SNAPSHOT/ratis-server-api-1.1.0-35f17fa-SNAPSHOT.jar:/home/user/.m2/repository/org/apache/ratis/ratis-metrics/1.1.0-35f17fa-SNAPSHOT/ratis-metrics-1.1.0-35f17fa-SNAPSHOT.jar:/home/user/.m2/repository/org/apache/ratis/ratis-netty/1.1.0-35f17fa-SNAPSHOT/ratis-netty-1.1.0-35f17fa-SNAPSHOT.jar:/home/user/.m2/repository/org/apache/ratis/ratis-grpc/1.1.0-35f17fa-SNAPSHOT/ratis-grpc-1.1.0-35f17fa-SNAPSHOT.jar:/home/user/.m2/repository/org/apache/logging/log4j/log4j-api/2.13.3/log4j-api-2.13.3.jar:/home/user/.m2/repository/org/apache/logging/log4j/log4j-core/2.13.3/log4j-core-2.13.3.jar:/home/user/.m2/repository/com/lmax/disruptor/3.4.2/disruptor-3.4.2.jar:/home/user/.m2/repository/org/apache/commons/commons-pool2/2.6.0/commons-pool2-2.6.0.jar:/home/user/.m2/repository/org/bouncycastle/bcpkix-jdk15on/1.67/bcpkix-jdk15on-1.67.jar:/home/user/.m2/repository/commons-validator/commons-validator/1.6/commons-validator-1.6.jar:/home/user/.m2/repository/commons-beanutils/commons-beanutils/1.9.4/commons-beanutils-1.9.4.jar:/home/user/.m2/repository/commons-digester/commons-digester/1.8.1/commons-digester-1.8.1.jar:/home/user/.m2/repository/commons-collections/commons-collections/3.2.2/commons-collections-3.2.2.jar:/home/user/.m2/repository/io/jaegertracing/jaeger-client/1.2.0/jaeger-client-1.2.0.jar:/home/user/.m2/repository/io/jaegertracing/jaeger-thrift/1.2.0/jaeger-thrift-1.2.0.jar:/home/user/.m2/repository/org/apache/thrift/libthrift/0.13.0/libthrift-0.13.0.jar:/home/user/.m2/repository/com/squareup/okhttp3/okhttp/4.2.2/okhttp-4.2.2.jar:/home/user/.m2/repository/com/squareup/okio/okio/2.2.2/okio-2.2.2.jar:/home/user/.m2/repository/org/jetbrains/kotlin/kotlin-stdlib/1.3.50/kotlin-stdlib-1.3.50.jar:/home/user/.m2/repository/org/jetbrains/kotlin/kotlin-stdlib-common/1.3.50/kotlin-stdlib-common-1.3.50.jar:/home/user/.m2/repository/org/jetbrains/annotations/13.0/annotations-13.0.jar:/home/user/.m2/repository/io/jaegertracing/jaeger-core/1.2.0/jaeger-core-1.2.0.jar:/home/user/.m2/repository/io/jaegertracing/jaeger-tracerresolver/1.2.0/jaeger-tracerresolver-1.2.0.jar:/home/user/.m2/repository/io/opentracing/contrib/opentracing-tracerresolver/0.1.8/opentracing-tracerresolver-0.1.8.jar:/home/user/.m2/repository/io/opentracing/opentracing-util/0.33.0/opentracing-util-0.33.0.jar:/home/user/.m2/repository/io/opentracing/opentracing-api/0.33.0/opentracing-api-0.33.0.jar:/home/user/.m2/repository/io/opentracing/opentracing-noop/0.33.0/opentracing-noop-0.33.0.jar:/home/user/.m2/repository/org/yaml/snakeyaml/1.26/snakeyaml-1.26.jar:/home/user/.m2/repository/junit/junit/4.11/junit-4.11.jar:/home/user/.m2/repository/org/hamcrest/hamcrest-core/1.3/hamcrest-core-1.3.jar:/home/user/.m2/repository/org/openjdk/jmh/jmh-core/1.19/jmh-core-1.19.jar:/home/user/.m2/repository/net/sf/jopt-simple/jopt-simple/4.6/jopt-simple-4.6.jar:/home/user/.m2/repository/org/apache/commons/commons-math3/3.1.1/commons-math3-3.1.1.jar:/home/user/.m2/repository/org/openjdk/jmh/jmh-generator-annprocess/1.19/jmh-generator-annprocess-1.19.jar:/home/user/.m2/repository/org/mockito/mockito-all/1.8.5/mockito-all-1.8.5.jar:/home/user/.m2/repository/org/apache/hadoop/hadoop-kms/3.2.1/hadoop-kms-3.2.1.jar:/home/user/.m2/repository/org/apache/hadoop/hadoop-auth/3.2.1/hadoop-auth-3.2.1.jar:/home/user/.m2/repository/com/nimbusds/nimbus-jose-jwt/7.9/nimbus-jose-jwt-7.9.jar:/home/user/.m2/repository/com/github/stephenc/jcip/jcip-annotations/1.0-1/jcip-annotations-1.0-1.jar:/home/user/.m2/repository/net/minidev/json-smart/2.3/json-smart-2.3.jar:/home/user/.m2/repository/net/minidev/accessors-smart/1.2/accessors-smart-1.2.jar:/home/user/.m2/repository/org/ow2/asm/asm/5.0.4/asm-5.0.4.jar:/home/user/.m2/repository/org/apache/zookeeper/zookeeper/3.4.13/zookeeper-3.4.13.jar:/home/user/.m2/repository/org/apache/yetus/audience-annotations/0.5.0/audience-annotations-0.5.0.jar:/home/user/.m2/repository/org/apache/curator/curator-framework/2.13.0/curator-framework-2.13.0.jar:/home/user/.m2/repository/com/sun/jersey/jersey-core/1.19/jersey-core-1.19.jar:/home/user/.m2/repository/javax/ws/rs/jsr311-api/1.1.1/jsr311-api-1.1.1.jar:/home/user/.m2/repository/com/sun/jersey/jersey-server/1.19/jersey-server-1.19.jar:/home/user/.m2/repository/javax/servlet/javax.servlet-api/3.1.0/javax.servlet-api-3.1.0.jar:/home/user/.m2/repository/org/eclipse/jetty/jetty-server/9.4.34.v20201102/jetty-server-9.4.34.v20201102.jar:/home/user/.m2/repository/org/eclipse/jetty/jetty-http/9.4.34.v20201102/jetty-http-9.4.34.v20201102.jar:/home/user/.m2/repository/org/eclipse/jetty/jetty-io/9.4.34.v20201102/jetty-io-9.4.34.v20201102.jar:/home/user/.m2/repository/org/eclipse/jetty/jetty-webapp/9.4.34.v20201102/jetty-webapp-9.4.34.v20201102.jar:/home/user/.m2/repository/org/eclipse/jetty/jetty-xml/9.4.34.v20201102/jetty-xml-9.4.34.v20201102.jar:/home/user/.m2/repository/org/apache/hadoop/hadoop-common/3.2.1/hadoop-common-3.2.1.jar:/home/user/.m2/repository/commons-net/commons-net/3.6/commons-net-3.6.jar:/home/user/.m2/repository/com/sun/jersey/jersey-servlet/1.19/jersey-servlet-1.19.jar:/home/user/.m2/repository/com/sun/jersey/jersey-json/1.19/jersey-json-1.19.jar:/home/user/.m2/repository/org/codehaus/jettison/jettison/1.1/jettison-1.1.jar:/home/user/.m2/repository/org/codehaus/jackson/jackson-jaxrs/1.9.2/jackson-jaxrs-1.9.2.jar:/home/user/.m2/repository/org/codehaus/jackson/jackson-xc/1.9.2/jackson-xc-1.9.2.jar:/home/user/.m2/repository/org/apache/commons/commons-configuration2/2.1.1/commons-configuration2-2.1.1.jar:/home/user/.m2/repository/org/apache/commons/commons-text/1.4/commons-text-1.4.jar:/home/user/.m2/repository/com/google/re2j/re2j/1.1/re2j-1.1.jar:/home/user/.m2/repository/com/jcraft/jsch/0.1.54/jsch-0.1.54.jar:/home/user/.m2/repository/org/apache/curator/curator-client/2.13.0/curator-client-2.13.0.jar:/home/user/.m2/repository/org/apache/curator/curator-recipes/2.13.0/curator-recipes-2.13.0.jar:/home/user/.m2/repository/dnsjava/dnsjava/2.1.7/dnsjava-2.1.7.jar:/home/user/.m2/repository/org/slf4j/jul-to-slf4j/1.7.30/jul-to-slf4j-1.7.30.jar:/home/user/.m2/repository/org/eclipse/jetty/jetty-util/9.4.34.v20201102/jetty-util-9.4.34.v20201102.jar:/home/user/.m2/repository/com/fasterxml/jackson/core/jackson-databind/2.10.3/jackson-databind-2.10.3.jar:/home/user/.m2/repository/org/apache/hadoop/hadoop-kms/3.2.1/hadoop-kms-3.2.1-tests.jar:/home/user/.m2/repository/org/apache/hadoop/hadoop-hdds-server-scm/1.1.0-SNAPSHOT/hadoop-hdds-server-scm-1.1.0-SNAPSHOT-tests.jar:/home/user/.m2/repository/org/apache/hadoop/hadoop-hdds-container-service/1.1.0-SNAPSHOT/hadoop-hdds-container-service-1.1.0-SNAPSHOT-tests.jar:/home/user/.m2/repository/commons-codec/commons-codec/1.11/commons-codec-1.11.jar:/home/user/.m2/repository/org/apache/hadoop/hadoop-hdds-hadoop-dependency-test/1.1.0-SNAPSHOT/hadoop-hdds-hadoop-dependency-test-1.1.0-SNAPSHOT.jar:/home/user/.m2/repository/org/apache/hadoop/hadoop-common/3.2.1/hadoop-common-3.2.1-tests.jar:/home/user/.m2/repository/org/apache/hadoop/hadoop-hdfs/3.2.1/hadoop-hdfs-3.2.1-tests.jar:/home/user/.m2/repository/org/eclipse/jetty/jetty-util-ajax/9.4.34.v20201102/jetty-util-ajax-9.4.34.v20201102.jar:/home/user/.m2/repository/commons-daemon/commons-daemon/1.0.13/commons-daemon-1.0.13.jar:/home/user/.m2/repository/io/netty/netty/3.10.5.Final/netty-3.10.5.Final.jar:/home/user/.m2/repository/io/netty/netty-all/4.1.48.Final/netty-all-4.1.48.Final.jar:/home/user/.m2/repository/org/apache/htrace/htrace-core4/4.1.0-incubating/htrace-core4-4.1.0-incubating.jar:/home/user/.m2/repository/org/apache/hadoop/hadoop-distcp/3.2.1/hadoop-distcp-3.2.1.jar:/home/user/.m2/repository/org/apache/hadoop/hadoop-mapreduce-client-jobclient/3.2.1/hadoop-mapreduce-client-jobclient-3.2.1.jar:/home/user/.m2/repository/org/apache/hadoop/hadoop-mapreduce-client-common/3.2.1/hadoop-mapreduce-client-common-3.2.1.jar:/home/user/.m2/repository/org/apache/hadoop/hadoop-yarn-common/3.2.1/hadoop-yarn-common-3.2.1.jar:/home/user/.m2/repository/org/apache/hadoop/hadoop-yarn-api/3.2.1/hadoop-yarn-api-3.2.1.jar:/home/user/.m2/repository/com/sun/jersey/jersey-client/1.19/jersey-client-1.19.jar:/home/user/.m2/repository/com/sun/jersey/contribs/jersey-guice/1.19/jersey-guice-1.19.jar:/home/user/.m2/repository/com/fasterxml/jackson/jaxrs/jackson-jaxrs-json-provider/2.10.3/jackson-jaxrs-json-provider-2.10.3.jar:/home/user/.m2/repository/com/fasterxml/jackson/jaxrs/jackson-jaxrs-base/2.10.3/jackson-jaxrs-base-2.10.3.jar:/home/user/.m2/repository/org/apache/hadoop/hadoop-yarn-client/3.2.1/hadoop-yarn-client-3.2.1.jar:/home/user/.m2/repository/org/apache/hadoop/hadoop-mapreduce-client-core/3.2.1/hadoop-mapreduce-client-core-3.2.1.jar:/home/user/.m2/repository/org/apache/avro/avro/1.7.7/avro-1.7.7.jar:/home/user/.m2/repository/org/codehaus/jackson/jackson-core-asl/1.9.13/jackson-core-asl-1.9.13.jar:/home/user/.m2/repository/org/codehaus/jackson/jackson-mapper-asl/1.9.13/jackson-mapper-asl-1.9.13.jar:/home/user/.m2/repository/com/thoughtworks/paranamer/paranamer/2.3/paranamer-2.3.jar:/home/user/.m2/repository/org/xerial/snappy/snappy-java/1.0.5/snappy-java-1.0.5.jar:/home/user/.m2/repository/org/apache/hadoop/hadoop-annotations/3.2.1/hadoop-annotations-3.2.1.jar:/usr/lib/jvm/java-1.8.0-openjdk-1.8.0.232.b09-0.el7_7.x86_64/jre/../lib/tools.jar:/home/user/.m2/repository/org/apache/hadoop/hadoop-distcp/3.2.1/hadoop-distcp-3.2.1-tests.jar:"/>
    <property name="java.vm.vendor" value="Oracle Corporation"/>
    <property name="sun.arch.data.model" value="64"/>
    <property name="test.build.dir" value="/github/workspace/mnt/ozone/hadoop-ozone/integration-test/target/test-dir"/>
    <property name="test.cache.data" value=""/>
    <property name="java.vendor.url" value="http://java.oracle.com/"/>
    <property name="user.timezone" value=""/>
    <property name="java.vm.specification.version" value="1.8"/>
    <property name="os.name" value="Linux"/>
    <property name="test.build.data" value="/github/workspace/mnt/ozone/hadoop-ozone/integration-test/target/test-dir"/>
    <property name="user.country" value="US"/>
    <property name="sun.java.launcher" value="SUN_STANDARD"/>
    <property name="sun.boot.library.path" value="/usr/lib/jvm/java-1.8.0-openjdk-1.8.0.232.b09-0.el7_7.x86_64/jre/lib/amd64"/>
    <property name="sun.java.command" value="/github/workspace/mnt/ozone/hadoop-ozone/integration-test/target/surefire/surefirebooter7692646074685431228.jar /github/workspace/mnt/ozone/hadoop-ozone/integration-test/target/surefire 2021-01-18T07-26-16_930-jvmRun1 surefire282630533406449610tmp surefire_278544733609268782355tmp"/>
    <property name="surefire.test.class.path" value="/github/workspace/mnt/ozone/hadoop-ozone/integration-test/target/test-classes:/github/workspace/mnt/ozone/hadoop-ozone/integration-test/target/classes:/home/user/.m2/repository/org/apache/hadoop/hadoop-ozone-common/1.1.0-SNAPSHOT/hadoop-ozone-common-1.1.0-SNAPSHOT.jar:/home/user/.m2/repository/org/apache/commons/commons-compress/1.4.1/commons-compress-1.4.1.jar:/home/user/.m2/repository/org/tukaani/xz/1.0/xz-1.0.jar:/home/user/.m2/repository/org/apache/hadoop/hadoop-hdds-common/1.1.0-SNAPSHOT/hadoop-hdds-common-1.1.0-SNAPSHOT.jar:/home/user/.m2/repository/org/apache/hadoop/hadoop-hdds-client/1.1.0-SNAPSHOT/hadoop-hdds-client-1.1.0-SNAPSHOT.jar:/home/user/.m2/repository/org/apache/hadoop/hadoop-ozone-interface-client/1.1.0-SNAPSHOT/hadoop-ozone-interface-client-1.1.0-SNAPSHOT.jar:/home/user/.m2/repository/org/apache/hadoop/hadoop-hdds-test-utils/1.1.0-SNAPSHOT/hadoop-hdds-test-utils-1.1.0-SNAPSHOT.jar:/home/user/.m2/repository/com/google/guava/guava/28.2-jre/guava-28.2-jre.jar:/home/user/.m2/repository/com/google/guava/failureaccess/1.0.1/failureaccess-1.0.1.jar:/home/user/.m2/repository/com/google/guava/listenablefuture/9999.0-empty-to-avoid-conflict-with-guava/listenablefuture-9999.0-empty-to-avoid-conflict-with-guava.jar:/home/user/.m2/repository/com/google/code/findbugs/jsr305/3.0.0/jsr305-3.0.0.jar:/home/user/.m2/repository/org/checkerframework/checker-qual/2.10.0/checker-qual-2.10.0.jar:/home/user/.m2/repository/com/google/errorprone/error_prone_annotations/2.2.0/error_prone_annotations-2.2.0.jar:/home/user/.m2/repository/com/google/j2objc/j2objc-annotations/1.3/j2objc-annotations-1.3.jar:/home/user/.m2/repository/commons-io/commons-io/2.5/commons-io-2.5.jar:/home/user/.m2/repository/commons-logging/commons-logging/1.2/commons-logging-1.2.jar:/home/user/.m2/repository/log4j/log4j/1.2.17/log4j-1.2.17.jar:/home/user/.m2/repository/org/slf4j/slf4j-api/1.7.30/slf4j-api-1.7.30.jar:/home/user/.m2/repository/org/apache/hadoop/hadoop-hdds-server-scm/1.1.0-SNAPSHOT/hadoop-hdds-server-scm-1.1.0-SNAPSHOT.jar:/home/user/.m2/repository/org/apache/hadoop/hadoop-hdds-container-service/1.1.0-SNAPSHOT/hadoop-hdds-container-service-1.1.0-SNAPSHOT.jar:/home/user/.m2/repository/org/apache/hadoop/hadoop-hdds-hadoop-dependency-server/1.1.0-SNAPSHOT/hadoop-hdds-hadoop-dependency-server-1.1.0-SNAPSHOT.jar:/home/user/.m2/repository/org/apache/hadoop/hadoop-hdfs/3.2.1/hadoop-hdfs-3.2.1.jar:/home/user/.m2/repository/org/apache/hadoop/hadoop-hdds-server-framework/1.1.0-SNAPSHOT/hadoop-hdds-server-framework-1.1.0-SNAPSHOT.jar:/home/user/.m2/repository/org/apache/hadoop/hadoop-hdds-interface-server/1.1.0-SNAPSHOT/hadoop-hdds-interface-server-1.1.0-SNAPSHOT.jar:/home/user/.m2/repository/org/apache/hadoop/hadoop-hdds-interface-admin/1.1.0-SNAPSHOT/hadoop-hdds-interface-admin-1.1.0-SNAPSHOT.jar:/home/user/.m2/repository/org/eclipse/jetty/jetty-servlet/9.4.34.v20201102/jetty-servlet-9.4.34.v20201102.jar:/home/user/.m2/repository/org/eclipse/jetty/jetty-security/9.4.34.v20201102/jetty-security-9.4.34.v20201102.jar:/home/user/.m2/repository/org/rocksdb/rocksdbjni/6.8.1/rocksdbjni-6.8.1.jar:/home/user/.m2/repository/io/prometheus/simpleclient_dropwizard/0.7.0/simpleclient_dropwizard-0.7.0.jar:/home/user/.m2/repository/io/prometheus/simpleclient/0.7.0/simpleclient-0.7.0.jar:/home/user/.m2/repository/io/prometheus/simpleclient_common/0.7.0/simpleclient_common-0.7.0.jar:/home/user/.m2/repository/com/fasterxml/jackson/datatype/jackson-datatype-jsr310/2.10.3/jackson-datatype-jsr310-2.10.3.jar:/home/user/.m2/repository/io/dropwizard/metrics/metrics-core/3.2.4/metrics-core-3.2.4.jar:/home/user/.m2/repository/org/apache/hadoop/hadoop-hdfs-client/3.2.1/hadoop-hdfs-client-3.2.1.jar:/home/user/.m2/repository/org/bouncycastle/bcprov-jdk15on/1.67/bcprov-jdk15on-1.67.jar:/home/user/.m2/repository/org/apache/hadoop/hadoop-ozone-ozone-manager/1.1.0-SNAPSHOT/hadoop-ozone-ozone-manager-1.1.0-SNAPSHOT.jar:/home/user/.m2/repository/org/apache/hadoop/hadoop-hdds-interface-client/1.1.0-SNAPSHOT/hadoop-hdds-interface-client-1.1.0-SNAPSHOT.jar:/home/user/.m2/repository/org/apache/ratis/ratis-thirdparty-misc/0.6.0-SNAPSHOT/ratis-thirdparty-misc-0.6.0-SNAPSHOT.jar:/home/user/.m2/repository/org/apache/hadoop/hadoop-ozone-interface-storage/1.1.0-SNAPSHOT/hadoop-ozone-interface-storage-1.1.0-SNAPSHOT.jar:/home/user/.m2/repository/org/apache/hadoop/hadoop-minikdc/3.2.1/hadoop-minikdc-3.2.1.jar:/home/user/.m2/repository/org/apache/kerby/kerb-simplekdc/1.0.1/kerb-simplekdc-1.0.1.jar:/home/user/.m2/repository/org/apache/kerby/kerb-client/1.0.1/kerb-client-1.0.1.jar:/home/user/.m2/repository/org/apache/kerby/kerby-config/1.0.1/kerby-config-1.0.1.jar:/home/user/.m2/repository/org/apache/kerby/kerb-core/1.0.1/kerb-core-1.0.1.jar:/home/user/.m2/repository/org/apache/kerby/kerby-pkix/1.0.1/kerby-pkix-1.0.1.jar:/home/user/.m2/repository/org/apache/kerby/kerby-asn1/1.0.1/kerby-asn1-1.0.1.jar:/home/user/.m2/repository/org/apache/kerby/kerby-util/1.0.1/kerby-util-1.0.1.jar:/home/user/.m2/repository/org/apache/kerby/kerb-common/1.0.1/kerb-common-1.0.1.jar:/home/user/.m2/repository/org/apache/kerby/kerb-crypto/1.0.1/kerb-crypto-1.0.1.jar:/home/user/.m2/repository/org/apache/kerby/kerb-util/1.0.1/kerb-util-1.0.1.jar:/home/user/.m2/repository/org/apache/kerby/token-provider/1.0.1/token-provider-1.0.1.jar:/home/user/.m2/repository/org/apache/kerby/kerb-admin/1.0.1/kerb-admin-1.0.1.jar:/home/user/.m2/repository/org/apache/kerby/kerb-server/1.0.1/kerb-server-1.0.1.jar:/home/user/.m2/repository/org/apache/kerby/kerb-identity/1.0.1/kerb-identity-1.0.1.jar:/home/user/.m2/repository/org/apache/kerby/kerby-xdr/1.0.1/kerby-xdr-1.0.1.jar:/home/user/.m2/repository/org/slf4j/slf4j-log4j12/1.7.30/slf4j-log4j12-1.7.30.jar:/home/user/.m2/repository/org/apache/hadoop/hadoop-ozone-s3gateway/1.1.0-SNAPSHOT/hadoop-ozone-s3gateway-1.1.0-SNAPSHOT.jar:/home/user/.m2/repository/org/jboss/weld/servlet/weld-servlet/2.4.7.Final/weld-servlet-2.4.7.Final.jar:/home/user/.m2/repository/org/glassfish/jersey/containers/jersey-container-servlet-core/2.27/jersey-container-servlet-core-2.27.jar:/home/user/.m2/repository/org/glassfish/hk2/external/javax.inject/2.5.0-b42/javax.inject-2.5.0-b42.jar:/home/user/.m2/repository/org/glassfish/jersey/core/jersey-common/2.27/jersey-common-2.27.jar:/home/user/.m2/repository/org/glassfish/hk2/osgi-resource-locator/1.0.1/osgi-resource-locator-1.0.1.jar:/home/user/.m2/repository/javax/ws/rs/javax.ws.rs-api/2.1/javax.ws.rs-api-2.1.jar:/home/user/.m2/repository/org/glassfish/jersey/ext/cdi/jersey-cdi1x/2.27/jersey-cdi1x-2.27.jar:/home/user/.m2/repository/org/glassfish/jersey/inject/jersey-hk2/2.27/jersey-hk2-2.27.jar:/home/user/.m2/repository/org/glassfish/hk2/hk2-locator/2.5.0-b42/hk2-locator-2.5.0-b42.jar:/home/user/.m2/repository/org/javassist/javassist/3.22.0-CR2/javassist-3.22.0-CR2.jar:/home/user/.m2/repository/org/glassfish/hk2/hk2-api/2.5.0/hk2-api-2.5.0.jar:/home/user/.m2/repository/org/glassfish/hk2/external/jakarta.inject/2.5.0/jakarta.inject-2.5.0.jar:/home/user/.m2/repository/org/glassfish/hk2/hk2-utils/2.5.0/hk2-utils-2.5.0.jar:/home/user/.m2/repository/jakarta/annotation/jakarta.annotation-api/1.3.4/jakarta.annotation-api-1.3.4.jar:/home/user/.m2/repository/org/glassfish/hk2/external/aopalliance-repackaged/2.5.0/aopalliance-repackaged-2.5.0.jar:/home/user/.m2/repository/com/fasterxml/jackson/dataformat/jackson-dataformat-xml/2.10.3/jackson-dataformat-xml-2.10.3.jar:/home/user/.m2/repository/com/fasterxml/jackson/core/jackson-core/2.10.3/jackson-core-2.10.3.jar:/home/user/.m2/repository/com/fasterxml/jackson/module/jackson-module-jaxb-annotations/2.10.3/jackson-module-jaxb-annotations-2.10.3.jar:/home/user/.m2/repository/jakarta/xml/bind/jakarta.xml.bind-api/2.3.2/jakarta.xml.bind-api-2.3.2.jar:/home/user/.m2/repository/jakarta/activation/jakarta.activation-api/1.2.1/jakarta.activation-api-1.2.1.jar:/home/user/.m2/repository/org/codehaus/woodstox/stax2-api/3.1.4/stax2-api-3.1.4.jar:/home/user/.m2/repository/com/fasterxml/woodstox/woodstox-core/5.0.3/woodstox-core-5.0.3.jar:/home/user/.m2/repository/javax/enterprise/cdi-api/1.2/cdi-api-1.2.jar:/home/user/.m2/repository/javax/el/javax.el-api/3.0.0/javax.el-api-3.0.0.jar:/home/user/.m2/repository/javax/interceptor/javax.interceptor-api/1.2/javax.interceptor-api-1.2.jar:/home/user/.m2/repository/javax/inject/javax.inject/1/javax.inject-1.jar:/home/user/.m2/repository/com/sun/xml/bind/jaxb-impl/2.3.0.1/jaxb-impl-2.3.0.1.jar:/home/user/.m2/repository/com/sun/xml/bind/jaxb-core/2.3.0.1/jaxb-core-2.3.0.1.jar:/home/user/.m2/repository/javax/xml/bind/jaxb-api/2.3.0/jaxb-api-2.3.0.jar:/home/user/.m2/repository/javax/activation/activation/1.1.1/activation-1.1.1.jar:/home/user/.m2/repository/org/apache/hadoop/hadoop-ozone-csi/1.1.0-SNAPSHOT/hadoop-ozone-csi-1.1.0-SNAPSHOT.jar:/home/user/.m2/repository/com/google/protobuf/protobuf-java-util/3.11.0/protobuf-java-util-3.11.0.jar:/home/user/.m2/repository/com/google/code/gson/gson/2.2.4/gson-2.2.4.jar:/home/user/.m2/repository/org/apache/hadoop/hadoop-hdds-config/1.1.0-SNAPSHOT/hadoop-hdds-config-1.1.0-SNAPSHOT.jar:/home/user/.m2/repository/com/google/protobuf/protobuf-java/2.5.0/protobuf-java-2.5.0.jar:/home/user/.m2/repository/io/grpc/grpc-netty/1.29.0/grpc-netty-1.29.0.jar:/home/user/.m2/repository/io/grpc/grpc-core/1.29.0/grpc-core-1.29.0.jar:/home/user/.m2/repository/com/google/android/annotations/4.1.1.4/annotations-4.1.1.4.jar:/home/user/.m2/repository/io/perfmark/perfmark-api/0.19.0/perfmark-api-0.19.0.jar:/home/user/.m2/repository/io/netty/netty-codec-http2/4.1.48.Final/netty-codec-http2-4.1.48.Final.jar:/home/user/.m2/repository/io/netty/netty-codec/4.1.48.Final/netty-codec-4.1.48.Final.jar:/home/user/.m2/repository/io/netty/netty-handler/4.1.48.Final/netty-handler-4.1.48.Final.jar:/home/user/.m2/repository/io/netty/netty-codec-http/4.1.48.Final/netty-codec-http-4.1.48.Final.jar:/home/user/.m2/repository/io/netty/netty-handler-proxy/4.1.48.Final/netty-handler-proxy-4.1.48.Final.jar:/home/user/.m2/repository/io/netty/netty-codec-socks/4.1.48.Final/netty-codec-socks-4.1.48.Final.jar:/home/user/.m2/repository/io/netty/netty-transport-native-epoll/4.1.48.Final/netty-transport-native-epoll-4.1.48.Final.jar:/home/user/.m2/repository/io/netty/netty-common/4.1.48.Final/netty-common-4.1.48.Final.jar:/home/user/.m2/repository/io/netty/netty-buffer/4.1.48.Final/netty-buffer-4.1.48.Final.jar:/home/user/.m2/repository/io/netty/netty-transport/4.1.48.Final/netty-transport-4.1.48.Final.jar:/home/user/.m2/repository/io/netty/netty-resolver/4.1.48.Final/netty-resolver-4.1.48.Final.jar:/home/user/.m2/repository/io/netty/netty-transport-native-unix-common/4.1.48.Final/netty-transport-native-unix-common-4.1.48.Final.jar:/home/user/.m2/repository/io/grpc/grpc-protobuf/1.29.0/grpc-protobuf-1.29.0.jar:/home/user/.m2/repository/io/grpc/grpc-api/1.29.0/grpc-api-1.29.0.jar:/home/user/.m2/repository/io/grpc/grpc-context/1.29.0/grpc-context-1.29.0.jar:/home/user/.m2/repository/org/codehaus/mojo/animal-sniffer-annotations/1.18/animal-sniffer-annotations-1.18.jar:/home/user/.m2/repository/com/google/api/grpc/proto-google-common-protos/1.17.0/proto-google-common-protos-1.17.0.jar:/home/user/.m2/repository/io/grpc/grpc-protobuf-lite/1.29.0/grpc-protobuf-lite-1.29.0.jar:/home/user/.m2/repository/io/grpc/grpc-stub/1.29.0/grpc-stub-1.29.0.jar:/home/user/.m2/repository/org/apache/hadoop/hadoop-ozone-recon/1.1.0-SNAPSHOT/hadoop-ozone-recon-1.1.0-SNAPSHOT.jar:/home/user/.m2/repository/org/apache/hadoop/hadoop-ozone-reconcodegen/1.1.0-SNAPSHOT/hadoop-ozone-reconcodegen-1.1.0-SNAPSHOT.jar:/home/user/.m2/repository/com/google/inject/extensions/guice-multibindings/4.0/guice-multibindings-4.0.jar:/home/user/.m2/repository/com/google/inject/guice/4.0/guice-4.0.jar:/home/user/.m2/repository/aopalliance/aopalliance/1.0/aopalliance-1.0.jar:/home/user/.m2/repository/com/google/inject/extensions/guice-assistedinject/4.0/guice-assistedinject-4.0.jar:/home/user/.m2/repository/com/google/inject/extensions/guice-servlet/4.0/guice-servlet-4.0.jar:/home/user/.m2/repository/org/glassfish/jersey/containers/jersey-container-servlet/2.27/jersey-container-servlet-2.27.jar:/home/user/.m2/repository/org/glassfish/hk2/guice-bridge/2.5.0/guice-bridge-2.5.0.jar:/home/user/.m2/repository/org/glassfish/jersey/core/jersey-server/2.27/jersey-server-2.27.jar:/home/user/.m2/repository/org/glassfish/jersey/core/jersey-client/2.27/jersey-client-2.27.jar:/home/user/.m2/repository/org/glassfish/jersey/media/jersey-media-jaxb/2.27/jersey-media-jaxb-2.27.jar:/home/user/.m2/repository/javax/validation/validation-api/1.1.0.Final/validation-api-1.1.0.Final.jar:/home/user/.m2/repository/org/glassfish/jersey/media/jersey-media-json-jackson/2.27/jersey-media-json-jackson-2.27.jar:/home/user/.m2/repository/org/glassfish/jersey/ext/jersey-entity-filtering/2.27/jersey-entity-filtering-2.27.jar:/home/user/.m2/repository/org/jooq/jooq/3.11.10/jooq-3.11.10.jar:/home/user/.m2/repository/org/jooq/jooq-meta/3.11.10/jooq-meta-3.11.10.jar:/home/user/.m2/repository/org/jooq/jooq-codegen/3.11.10/jooq-codegen-3.11.10.jar:/home/user/.m2/repository/com/jolbox/bonecp/0.8.0.RELEASE/bonecp-0.8.0.RELEASE.jar:/home/user/.m2/repository/org/apache/derby/derby/10.14.2.0/derby-10.14.2.0.jar:/home/user/.m2/repository/org/xerial/sqlite-jdbc/3.25.2/sqlite-jdbc-3.25.2.jar:/home/user/.m2/repository/org/springframework/spring-jdbc/5.2.11.RELEASE/spring-jdbc-5.2.11.RELEASE.jar:/home/user/.m2/repository/org/springframework/spring-beans/5.2.11.RELEASE/spring-beans-5.2.11.RELEASE.jar:/home/user/.m2/repository/org/springframework/spring-core/5.2.11.RELEASE/spring-core-5.2.11.RELEASE.jar:/home/user/.m2/repository/org/springframework/spring-jcl/5.2.11.RELEASE/spring-jcl-5.2.11.RELEASE.jar:/home/user/.m2/repository/org/springframework/spring-tx/5.2.11.RELEASE/spring-tx-5.2.11.RELEASE.jar:/home/user/.m2/repository/org/apache/hadoop/hadoop-ozone-client/1.1.0-SNAPSHOT/hadoop-ozone-client-1.1.0-SNAPSHOT.jar:/home/user/.m2/repository/org/apache/hadoop/hadoop-ozone-filesystem/1.1.0-SNAPSHOT/hadoop-ozone-filesystem-1.1.0-SNAPSHOT.jar:/home/user/.m2/repository/org/apache/hadoop/hadoop-ozone-filesystem-common/1.1.0-SNAPSHOT/hadoop-ozone-filesystem-common-1.1.0-SNAPSHOT.jar:/home/user/.m2/repository/org/apache/hadoop/hadoop-ozone-tools/1.1.0-SNAPSHOT/hadoop-ozone-tools-1.1.0-SNAPSHOT.jar:/home/user/.m2/repository/org/apache/ratis/ratis-tools/1.1.0-35f17fa-SNAPSHOT/ratis-tools-1.1.0-35f17fa-SNAPSHOT.jar:/home/user/.m2/repository/org/apache/ratis/ratis-proto/1.1.0-35f17fa-SNAPSHOT/ratis-proto-1.1.0-35f17fa-SNAPSHOT.jar:/home/user/.m2/repository/org/apache/ratis/ratis-common/1.1.0-35f17fa-SNAPSHOT/ratis-common-1.1.0-35f17fa-SNAPSHOT.jar:/home/user/.m2/repository/com/amazonaws/aws-java-sdk-core/1.11.901/aws-java-sdk-core-1.11.901.jar:/home/user/.m2/repository/org/apache/httpcomponents/httpclient/4.5.13/httpclient-4.5.13.jar:/home/user/.m2/repository/org/apache/httpcomponents/httpcore/4.4.13/httpcore-4.4.13.jar:/home/user/.m2/repository/software/amazon/ion/ion-java/1.0.2/ion-java-1.0.2.jar:/home/user/.m2/repository/com/fasterxml/jackson/dataformat/jackson-dataformat-cbor/2.10.3/jackson-dataformat-cbor-2.10.3.jar:/home/user/.m2/repository/joda-time/joda-time/2.8.1/joda-time-2.8.1.jar:/home/user/.m2/repository/com/amazonaws/aws-java-sdk-s3/1.11.901/aws-java-sdk-s3-1.11.901.jar:/home/user/.m2/repository/com/amazonaws/aws-java-sdk-kms/1.11.901/aws-java-sdk-kms-1.11.901.jar:/home/user/.m2/repository/com/amazonaws/jmespath-java/1.11.901/jmespath-java-1.11.901.jar:/home/user/.m2/repository/org/kohsuke/metainf-services/metainf-services/1.8/metainf-services-1.8.jar:/home/user/.m2/repository/org/apache/hadoop/hadoop-hdds-tools/1.1.0-SNAPSHOT/hadoop-hdds-tools-1.1.0-SNAPSHOT.jar:/home/user/.m2/repository/commons-cli/commons-cli/1.2/commons-cli-1.2.jar:/home/user/.m2/repository/org/apache/commons/commons-lang3/3.7/commons-lang3-3.7.jar:/home/user/.m2/repository/org/apache/hadoop/hadoop-ozone-ozone-manager/1.1.0-SNAPSHOT/hadoop-ozone-ozone-manager-1.1.0-SNAPSHOT-tests.jar:/home/user/.m2/repository/org/apache/hadoop/hadoop-hdds-common/1.1.0-SNAPSHOT/hadoop-hdds-common-1.1.0-SNAPSHOT-tests.jar:/home/user/.m2/repository/org/apache/hadoop/hadoop-hdds-hadoop-dependency-client/1.1.0-SNAPSHOT/hadoop-hdds-hadoop-dependency-client-1.1.0-SNAPSHOT.jar:/home/user/.m2/repository/info/picocli/picocli/4.4.0/picocli-4.4.0.jar:/home/user/.m2/repository/com/fasterxml/jackson/core/jackson-annotations/2.10.3/jackson-annotations-2.10.3.jar:/home/user/.m2/repository/javax/annotation/javax.annotation-api/1.2/javax.annotation-api-1.2.jar:/home/user/.m2/repository/org/fusesource/leveldbjni/leveldbjni-all/1.8/leveldbjni-all-1.8.jar:/home/user/.m2/repository/org/apache/ratis/ratis-server/1.1.0-35f17fa-SNAPSHOT/ratis-server-1.1.0-35f17fa-SNAPSHOT.jar:/home/user/.m2/repository/org/apache/ratis/ratis-client/1.1.0-35f17fa-SNAPSHOT/ratis-client-1.1.0-35f17fa-SNAPSHOT.jar:/home/user/.m2/repository/org/apache/ratis/ratis-server-api/1.1.0-35f17fa-SNAPSHOT/ratis-server-api-1.1.0-35f17fa-SNAPSHOT.jar:/home/user/.m2/repository/org/apache/ratis/ratis-metrics/1.1.0-35f17fa-SNAPSHOT/ratis-metrics-1.1.0-35f17fa-SNAPSHOT.jar:/home/user/.m2/repository/org/apache/ratis/ratis-netty/1.1.0-35f17fa-SNAPSHOT/ratis-netty-1.1.0-35f17fa-SNAPSHOT.jar:/home/user/.m2/repository/org/apache/ratis/ratis-grpc/1.1.0-35f17fa-SNAPSHOT/ratis-grpc-1.1.0-35f17fa-SNAPSHOT.jar:/home/user/.m2/repository/org/apache/logging/log4j/log4j-api/2.13.3/log4j-api-2.13.3.jar:/home/user/.m2/repository/org/apache/logging/log4j/log4j-core/2.13.3/log4j-core-2.13.3.jar:/home/user/.m2/repository/com/lmax/disruptor/3.4.2/disruptor-3.4.2.jar:/home/user/.m2/repository/org/apache/commons/commons-pool2/2.6.0/commons-pool2-2.6.0.jar:/home/user/.m2/repository/org/bouncycastle/bcpkix-jdk15on/1.67/bcpkix-jdk15on-1.67.jar:/home/user/.m2/repository/commons-validator/commons-validator/1.6/commons-validator-1.6.jar:/home/user/.m2/repository/commons-beanutils/commons-beanutils/1.9.4/commons-beanutils-1.9.4.jar:/home/user/.m2/repository/commons-digester/commons-digester/1.8.1/commons-digester-1.8.1.jar:/home/user/.m2/repository/commons-collections/commons-collections/3.2.2/commons-collections-3.2.2.jar:/home/user/.m2/repository/io/jaegertracing/jaeger-client/1.2.0/jaeger-client-1.2.0.jar:/home/user/.m2/repository/io/jaegertracing/jaeger-thrift/1.2.0/jaeger-thrift-1.2.0.jar:/home/user/.m2/repository/org/apache/thrift/libthrift/0.13.0/libthrift-0.13.0.jar:/home/user/.m2/repository/com/squareup/okhttp3/okhttp/4.2.2/okhttp-4.2.2.jar:/home/user/.m2/repository/com/squareup/okio/okio/2.2.2/okio-2.2.2.jar:/home/user/.m2/repository/org/jetbrains/kotlin/kotlin-stdlib/1.3.50/kotlin-stdlib-1.3.50.jar:/home/user/.m2/repository/org/jetbrains/kotlin/kotlin-stdlib-common/1.3.50/kotlin-stdlib-common-1.3.50.jar:/home/user/.m2/repository/org/jetbrains/annotations/13.0/annotations-13.0.jar:/home/user/.m2/repository/io/jaegertracing/jaeger-core/1.2.0/jaeger-core-1.2.0.jar:/home/user/.m2/repository/io/jaegertracing/jaeger-tracerresolver/1.2.0/jaeger-tracerresolver-1.2.0.jar:/home/user/.m2/repository/io/opentracing/contrib/opentracing-tracerresolver/0.1.8/opentracing-tracerresolver-0.1.8.jar:/home/user/.m2/repository/io/opentracing/opentracing-util/0.33.0/opentracing-util-0.33.0.jar:/home/user/.m2/repository/io/opentracing/opentracing-api/0.33.0/opentracing-api-0.33.0.jar:/home/user/.m2/repository/io/opentracing/opentracing-noop/0.33.0/opentracing-noop-0.33.0.jar:/home/user/.m2/repository/org/yaml/snakeyaml/1.26/snakeyaml-1.26.jar:/home/user/.m2/repository/junit/junit/4.11/junit-4.11.jar:/home/user/.m2/repository/org/hamcrest/hamcrest-core/1.3/hamcrest-core-1.3.jar:/home/user/.m2/repository/org/openjdk/jmh/jmh-core/1.19/jmh-core-1.19.jar:/home/user/.m2/repository/net/sf/jopt-simple/jopt-simple/4.6/jopt-simple-4.6.jar:/home/user/.m2/repository/org/apache/commons/commons-math3/3.1.1/commons-math3-3.1.1.jar:/home/user/.m2/repository/org/openjdk/jmh/jmh-generator-annprocess/1.19/jmh-generator-annprocess-1.19.jar:/home/user/.m2/repository/org/mockito/mockito-all/1.8.5/mockito-all-1.8.5.jar:/home/user/.m2/repository/org/apache/hadoop/hadoop-kms/3.2.1/hadoop-kms-3.2.1.jar:/home/user/.m2/repository/org/apache/hadoop/hadoop-auth/3.2.1/hadoop-auth-3.2.1.jar:/home/user/.m2/repository/com/nimbusds/nimbus-jose-jwt/7.9/nimbus-jose-jwt-7.9.jar:/home/user/.m2/repository/com/github/stephenc/jcip/jcip-annotations/1.0-1/jcip-annotations-1.0-1.jar:/home/user/.m2/repository/net/minidev/json-smart/2.3/json-smart-2.3.jar:/home/user/.m2/repository/net/minidev/accessors-smart/1.2/accessors-smart-1.2.jar:/home/user/.m2/repository/org/ow2/asm/asm/5.0.4/asm-5.0.4.jar:/home/user/.m2/repository/org/apache/zookeeper/zookeeper/3.4.13/zookeeper-3.4.13.jar:/home/user/.m2/repository/org/apache/yetus/audience-annotations/0.5.0/audience-annotations-0.5.0.jar:/home/user/.m2/repository/org/apache/curator/curator-framework/2.13.0/curator-framework-2.13.0.jar:/home/user/.m2/repository/com/sun/jersey/jersey-core/1.19/jersey-core-1.19.jar:/home/user/.m2/repository/javax/ws/rs/jsr311-api/1.1.1/jsr311-api-1.1.1.jar:/home/user/.m2/repository/com/sun/jersey/jersey-server/1.19/jersey-server-1.19.jar:/home/user/.m2/repository/javax/servlet/javax.servlet-api/3.1.0/javax.servlet-api-3.1.0.jar:/home/user/.m2/repository/org/eclipse/jetty/jetty-server/9.4.34.v20201102/jetty-server-9.4.34.v20201102.jar:/home/user/.m2/repository/org/eclipse/jetty/jetty-http/9.4.34.v20201102/jetty-http-9.4.34.v20201102.jar:/home/user/.m2/repository/org/eclipse/jetty/jetty-io/9.4.34.v20201102/jetty-io-9.4.34.v20201102.jar:/home/user/.m2/repository/org/eclipse/jetty/jetty-webapp/9.4.34.v20201102/jetty-webapp-9.4.34.v20201102.jar:/home/user/.m2/repository/org/eclipse/jetty/jetty-xml/9.4.34.v20201102/jetty-xml-9.4.34.v20201102.jar:/home/user/.m2/repository/org/apache/hadoop/hadoop-common/3.2.1/hadoop-common-3.2.1.jar:/home/user/.m2/repository/commons-net/commons-net/3.6/commons-net-3.6.jar:/home/user/.m2/repository/com/sun/jersey/jersey-servlet/1.19/jersey-servlet-1.19.jar:/home/user/.m2/repository/com/sun/jersey/jersey-json/1.19/jersey-json-1.19.jar:/home/user/.m2/repository/org/codehaus/jettison/jettison/1.1/jettison-1.1.jar:/home/user/.m2/repository/org/codehaus/jackson/jackson-jaxrs/1.9.2/jackson-jaxrs-1.9.2.jar:/home/user/.m2/repository/org/codehaus/jackson/jackson-xc/1.9.2/jackson-xc-1.9.2.jar:/home/user/.m2/repository/org/apache/commons/commons-configuration2/2.1.1/commons-configuration2-2.1.1.jar:/home/user/.m2/repository/org/apache/commons/commons-text/1.4/commons-text-1.4.jar:/home/user/.m2/repository/com/google/re2j/re2j/1.1/re2j-1.1.jar:/home/user/.m2/repository/com/jcraft/jsch/0.1.54/jsch-0.1.54.jar:/home/user/.m2/repository/org/apache/curator/curator-client/2.13.0/curator-client-2.13.0.jar:/home/user/.m2/repository/org/apache/curator/curator-recipes/2.13.0/curator-recipes-2.13.0.jar:/home/user/.m2/repository/dnsjava/dnsjava/2.1.7/dnsjava-2.1.7.jar:/home/user/.m2/repository/org/slf4j/jul-to-slf4j/1.7.30/jul-to-slf4j-1.7.30.jar:/home/user/.m2/repository/org/eclipse/jetty/jetty-util/9.4.34.v20201102/jetty-util-9.4.34.v20201102.jar:/home/user/.m2/repository/com/fasterxml/jackson/core/jackson-databind/2.10.3/jackson-databind-2.10.3.jar:/home/user/.m2/repository/org/apache/hadoop/hadoop-kms/3.2.1/hadoop-kms-3.2.1-tests.jar:/home/user/.m2/repository/org/apache/hadoop/hadoop-hdds-server-scm/1.1.0-SNAPSHOT/hadoop-hdds-server-scm-1.1.0-SNAPSHOT-tests.jar:/home/user/.m2/repository/org/apache/hadoop/hadoop-hdds-container-service/1.1.0-SNAPSHOT/hadoop-hdds-container-service-1.1.0-SNAPSHOT-tests.jar:/home/user/.m2/repository/commons-codec/commons-codec/1.11/commons-codec-1.11.jar:/home/user/.m2/repository/org/apache/hadoop/hadoop-hdds-hadoop-dependency-test/1.1.0-SNAPSHOT/hadoop-hdds-hadoop-dependency-test-1.1.0-SNAPSHOT.jar:/home/user/.m2/repository/org/apache/hadoop/hadoop-common/3.2.1/hadoop-common-3.2.1-tests.jar:/home/user/.m2/repository/org/apache/hadoop/hadoop-hdfs/3.2.1/hadoop-hdfs-3.2.1-tests.jar:/home/user/.m2/repository/org/eclipse/jetty/jetty-util-ajax/9.4.34.v20201102/jetty-util-ajax-9.4.34.v20201102.jar:/home/user/.m2/repository/commons-daemon/commons-daemon/1.0.13/commons-daemon-1.0.13.jar:/home/user/.m2/repository/io/netty/netty/3.10.5.Final/netty-3.10.5.Final.jar:/home/user/.m2/repository/io/netty/netty-all/4.1.48.Final/netty-all-4.1.48.Final.jar:/home/user/.m2/repository/org/apache/htrace/htrace-core4/4.1.0-incubating/htrace-core4-4.1.0-incubating.jar:/home/user/.m2/repository/org/apache/hadoop/hadoop-distcp/3.2.1/hadoop-distcp-3.2.1.jar:/home/user/.m2/repository/org/apache/hadoop/hadoop-mapreduce-client-jobclient/3.2.1/hadoop-mapreduce-client-jobclient-3.2.1.jar:/home/user/.m2/repository/org/apache/hadoop/hadoop-mapreduce-client-common/3.2.1/hadoop-mapreduce-client-common-3.2.1.jar:/home/user/.m2/repository/org/apache/hadoop/hadoop-yarn-common/3.2.1/hadoop-yarn-common-3.2.1.jar:/home/user/.m2/repository/org/apache/hadoop/hadoop-yarn-api/3.2.1/hadoop-yarn-api-3.2.1.jar:/home/user/.m2/repository/com/sun/jersey/jersey-client/1.19/jersey-client-1.19.jar:/home/user/.m2/repository/com/sun/jersey/contribs/jersey-guice/1.19/jersey-guice-1.19.jar:/home/user/.m2/repository/com/fasterxml/jackson/jaxrs/jackson-jaxrs-json-provider/2.10.3/jackson-jaxrs-json-provider-2.10.3.jar:/home/user/.m2/repository/com/fasterxml/jackson/jaxrs/jackson-jaxrs-base/2.10.3/jackson-jaxrs-base-2.10.3.jar:/home/user/.m2/repository/org/apache/hadoop/hadoop-yarn-client/3.2.1/hadoop-yarn-client-3.2.1.jar:/home/user/.m2/repository/org/apache/hadoop/hadoop-mapreduce-client-core/3.2.1/hadoop-mapreduce-client-core-3.2.1.jar:/home/user/.m2/repository/org/apache/avro/avro/1.7.7/avro-1.7.7.jar:/home/user/.m2/repository/org/codehaus/jackson/jackson-core-asl/1.9.13/jackson-core-asl-1.9.13.jar:/home/user/.m2/repository/org/codehaus/jackson/jackson-mapper-asl/1.9.13/jackson-mapper-asl-1.9.13.jar:/home/user/.m2/repository/com/thoughtworks/paranamer/paranamer/2.3/paranamer-2.3.jar:/home/user/.m2/repository/org/xerial/snappy/snappy-java/1.0.5/snappy-java-1.0.5.jar:/home/user/.m2/repository/org/apache/hadoop/hadoop-annotations/3.2.1/hadoop-annotations-3.2.1.jar:/usr/lib/jvm/java-1.8.0-openjdk-1.8.0.232.b09-0.el7_7.x86_64/jre/../lib/tools.jar:/home/user/.m2/repository/org/apache/hadoop/hadoop-distcp/3.2.1/hadoop-distcp-3.2.1-tests.jar:"/>
    <property name="sun.cpu.endian" value="little"/>
    <property name="user.home" value="/home/user"/>
    <property name="user.language" value="en"/>
    <property name="java.specification.vendor" value="Oracle Corporation"/>
    <property name="java.home" value="/usr/lib/jvm/java-1.8.0-openjdk-1.8.0.232.b09-0.el7_7.x86_64/jre"/>
    <property name="java.security.krb5.conf" value="/github/workspace/mnt/ozone/hadoop-ozone/integration-test/target/test-classes/krb5.conf"/>
    <property name="basedir" value="/github/workspace/mnt/ozone/hadoop-ozone/integration-test"/>
    <property name="file.separator" value="/"/>
    <property name="line.separator" value="&#10;"/>
    <property name="java.vm.specification.vendor" value="Oracle Corporation"/>
    <property name="java.specification.name" value="Java Platform API Specification"/>
    <property name="java.awt.graphicsenv" value="sun.awt.X11GraphicsEnvironment"/>
    <property name="skip.installnpx" value="true"/>
    <property name="surefire.real.class.path" value="/github/workspace/mnt/ozone/hadoop-ozone/integration-test/target/surefire/surefirebooter7692646074685431228.jar:/home/user/.m2/repository/org/jacoco/org.jacoco.agent/0.8.5/org.jacoco.agent-0.8.5-runtime.jar"/>
    <property name="hadoop.log.dir" value="/github/workspace/mnt/ozone/hadoop-ozone/integration-test/target/log"/>
    <property name="sun.boot.class.path" value="/usr/lib/jvm/java-1.8.0-openjdk-1.8.0.232.b09-0.el7_7.x86_64/jre/lib/resources.jar:/usr/lib/jvm/java-1.8.0-openjdk-1.8.0.232.b09-0.el7_7.x86_64/jre/lib/rt.jar:/usr/lib/jvm/java-1.8.0-openjdk-1.8.0.232.b09-0.el7_7.x86_64/jre/lib/sunrsasign.jar:/usr/lib/jvm/java-1.8.0-openjdk-1.8.0.232.b09-0.el7_7.x86_64/jre/lib/jsse.jar:/usr/lib/jvm/java-1.8.0-openjdk-1.8.0.232.b09-0.el7_7.x86_64/jre/lib/jce.jar:/usr/lib/jvm/java-1.8.0-openjdk-1.8.0.232.b09-0.el7_7.x86_64/jre/lib/charsets.jar:/usr/lib/jvm/java-1.8.0-openjdk-1.8.0.232.b09-0.el7_7.x86_64/jre/lib/jfr.jar:/usr/lib/jvm/java-1.8.0-openjdk-1.8.0.232.b09-0.el7_7.x86_64/jre/classes"/>
    <property name="sun.management.compiler" value="HotSpot 64-Bit Tiered Compilers"/>
    <property name="skip.npx" value="true"/>
    <property name="java.runtime.version" value="1.8.0_232-b09"/>
    <property name="java.net.preferIPv4Stack" value="true"/>
    <property name="user.name" value="jenkins1001"/>
    <property name="path.separator" value=":"/>
    <property name="java.security.egd" value="file:///dev/urandom"/>
    <property name="os.version" value="5.4.0-1036-azure"/>
    <property name="java.endorsed.dirs" value="/usr/lib/jvm/java-1.8.0-openjdk-1.8.0.232.b09-0.el7_7.x86_64/jre/lib/endorsed"/>
    <property name="java.runtime.name" value="OpenJDK Runtime Environment"/>
    <property name="file.encoding" value="ANSI_X3.4-1968"/>
    <property name="java.vm.name" value="OpenJDK 64-Bit Server VM"/>
    <property name="test.build.webapps" value=""/>
    <property name="localRepository" value="/home/user/.m2/repository"/>
    <property name="java.vendor.url.bug" value="http://bugreport.sun.com/bugreport/"/>
    <property name="java.io.tmpdir" value="/tmp"/>
    <property name="require.test.libhadoop" value=""/>
    <property name="java.version" value="1.8.0_232"/>
    <property name="user.dir" value="/github/workspace/mnt/ozone/hadoop-ozone/integration-test"/>
    <property name="os.arch" value="amd64"/>
    <property name="java.vm.specification.name" value="Java Virtual Machine Specification"/>
    <property name="test.build.classes" value="/github/workspace/mnt/ozone/hadoop-ozone/integration-test/target/test-classes"/>
    <property name="java.awt.printerjob" value="sun.print.PSPrinterJob"/>
    <property name="sun.os.patch.level" value="unknown"/>
    <property name="hadoop.tmp.dir" value="/github/workspace/mnt/ozone/hadoop-ozone/integration-test/target/tmp"/>
    <property name="java.library.path" value="/usr/lib:/usr/java/packages/lib/amd64:/usr/lib64:/lib64:/lib:/usr/lib"/>
    <property name="java.vm.info" value="mixed mode"/>
    <property name="java.vendor" value="Oracle Corporation"/>
    <property name="java.vm.version" value="25.232-b09"/>
    <property name="java.ext.dirs" value="/usr/lib/jvm/java-1.8.0-openjdk-1.8.0.232.b09-0.el7_7.x86_64/jre/lib/ext:/usr/java/packages/lib/ext"/>
    <property name="sun.io.unicode.encoding" value="UnicodeLittle"/>
    <property name="java.class.version" value="52.0"/>
  </properties>
  <testcase name="testApplyTransactionIdempotencyWithClosedContainer" classname="org.apache.hadoop.ozone.client.rpc.TestContainerStateMachineFailures" time="0.816">
    <failure type="java.lang.AssertionError">java.lang.AssertionError
	at org.junit.Assert.fail(Assert.java:86)
	at org.junit.Assert.assertTrue(Assert.java:41)
	at org.junit.Assert.assertFalse(Assert.java:64)
	at org.junit.Assert.assertFalse(Assert.java:74)
	at org.apache.hadoop.ozone.client.rpc.TestContainerStateMachineFailures.testApplyTransactionIdempotencyWithClosedContainer(TestContainerStateMachineFailures.java:459)
	at sun.reflect.NativeMethodAccessorImpl.invoke0(Native Method)
	at sun.reflect.NativeMethodAccessorImpl.invoke(NativeMethodAccessorImpl.java:62)
	at sun.reflect.DelegatingMethodAccessorImpl.invoke(DelegatingMethodAccessorImpl.java:43)
	at java.lang.reflect.Method.invoke(Method.java:498)
	at org.junit.runners.model.FrameworkMethod$1.runReflectiveCall(FrameworkMethod.java:47)
	at org.junit.internal.runners.model.ReflectiveCallable.run(ReflectiveCallable.java:12)
	at org.junit.runners.model.FrameworkMethod.invokeExplosively(FrameworkMethod.java:44)
	at org.junit.internal.runners.statements.InvokeMethod.evaluate(InvokeMethod.java:17)
	at org.junit.runners.ParentRunner.runLeaf(ParentRunner.java:271)
	at org.junit.runners.BlockJUnit4ClassRunner.runChild(BlockJUnit4ClassRunner.java:70)
	at org.junit.runners.BlockJUnit4ClassRunner.runChild(BlockJUnit4ClassRunner.java:50)
	at org.junit.runners.ParentRunner$3.run(ParentRunner.java:238)
	at org.junit.runners.ParentRunner$1.schedule(ParentRunner.java:63)
	at org.junit.runners.ParentRunner.runChildren(ParentRunner.java:236)
	at org.junit.runners.ParentRunner.access$000(ParentRunner.java:53)
	at org.junit.runners.ParentRunner$2.evaluate(ParentRunner.java:229)
	at org.junit.internal.runners.statements.RunBefores.evaluate(RunBefores.java:26)
	at org.junit.internal.runners.statements.RunAfters.evaluate(RunAfters.java:27)
	at org.junit.runners.ParentRunner.run(ParentRunner.java:309)
	at org.apache.maven.surefire.junit4.JUnit4Provider.execute(JUnit4Provider.java:365)
	at org.apache.maven.surefire.junit4.JUnit4Provider.executeWithRerun(JUnit4Provider.java:273)
	at org.apache.maven.surefire.junit4.JUnit4Provider.executeTestSet(JUnit4Provider.java:238)
	at org.apache.maven.surefire.junit4.JUnit4Provider.invoke(JUnit4Provider.java:159)
	at org.apache.maven.surefire.booter.ForkedBooter.invokeProviderInSameClassLoader(ForkedBooter.java:384)
	at org.apache.maven.surefire.booter.ForkedBooter.runSuitesInProcess(ForkedBooter.java:345)
	at org.apache.maven.surefire.booter.ForkedBooter.execute(ForkedBooter.java:126)
	at org.apache.maven.surefire.booter.ForkedBooter.main(ForkedBooter.java:418)
</failure>
    <system-out><![CDATA[2021-01-18 08:18:53,173 [main] WARN  server.ServerUtils (ServerUtils.java:getScmDbDir(148)) - ozone.scm.db.dirs is not configured. We recommend adding this setting. Falling back to ozone.metadata.dirs instead.
2021-01-18 08:18:53,244 [main] WARN  server.ServerUtils (ServerUtils.java:getScmDbDir(148)) - ozone.scm.db.dirs is not configured. We recommend adding this setting. Falling back to ozone.metadata.dirs instead.
2021-01-18 08:18:53,384 [main] WARN  db.DBStoreBuilder (DBStoreBuilder.java:applyDBDefinition(145)) - ozone.scm.db.dirs is not configured. We recommend adding this setting. Falling back to ozone.metadata.dirs instead.
2021-01-18 08:18:53,508 [main] INFO  net.NodeSchemaLoader (NodeSchemaLoader.java:loadSchemaFromFile(126)) - Loading file from sun.misc.CompoundEnumeration@6e46d9f4
2021-01-18 08:18:53,510 [main] INFO  net.NodeSchemaLoader (NodeSchemaLoader.java:loadSchema(172)) - Loading network topology layer schema file
2021-01-18 08:18:53,585 [main] INFO  node.SCMNodeManager (SCMNodeManager.java:<init>(123)) - Entering startup safe mode.
2021-01-18 08:18:53,717 [main] INFO  algorithms.ContainerPlacementPolicyFactory (ContainerPlacementPolicyFactory.java:getPolicy(60)) - Create container placement policy of type org.apache.hadoop.hdds.scm.container.placement.algorithms.SCMContainerPlacementRandom
2021-01-18 08:18:53,746 [main] INFO  algorithms.LeaderChoosePolicyFactory (LeaderChoosePolicyFactory.java:getPolicy(57)) - Create leader choose policy of type org.apache.hadoop.hdds.scm.pipeline.leader.choose.algorithms.MinLeaderCountChoosePolicy
2021-01-18 08:18:53,746 [main] INFO  pipeline.SCMPipelineManager (SCMPipelineManager.java:initializePipelineState(161)) - No pipeline exists in current db
2021-01-18 08:18:53,767 [main] INFO  algorithms.PipelineChoosePolicyFactory (PipelineChoosePolicyFactory.java:createPipelineChoosePolicyFromClass(75)) - Create pipeline choose policy of type org.apache.hadoop.hdds.scm.pipeline.choose.algorithms.RandomPipelineChoosePolicy
2021-01-18 08:18:53,822 [main] INFO  safemode.HealthyPipelineSafeModeRule (HealthyPipelineSafeModeRule.java:<init>(89)) - Total pipeline count is 0, healthy pipeline threshold count is 0
2021-01-18 08:18:53,824 [main] INFO  safemode.OneReplicaPipelineSafeModeRule (OneReplicaPipelineSafeModeRule.java:<init>(85)) - Total pipeline count is 0, pipeline's with at least one datanode reported threshold count is 0
2021-01-18 08:18:54,235 [main] INFO  ipc.CallQueueManager (CallQueueManager.java:<init>(84)) - Using callQueue: class java.util.concurrent.LinkedBlockingQueue, queueCapacity: 2000, scheduler: class org.apache.hadoop.ipc.DefaultRpcScheduler, ipcBackoff: false.
2021-01-18 08:18:54,256 [Socket Reader #1 for port 0] INFO  ipc.Server (Server.java:run(1219)) - Starting Socket Reader #1 for port 0
2021-01-18 08:18:54,290 [Listener at 0.0.0.0/42557] INFO  ipc.CallQueueManager (CallQueueManager.java:<init>(84)) - Using callQueue: class java.util.concurrent.LinkedBlockingQueue, queueCapacity: 2000, scheduler: class org.apache.hadoop.ipc.DefaultRpcScheduler, ipcBackoff: false.
2021-01-18 08:18:54,291 [Socket Reader #1 for port 0] INFO  ipc.Server (Server.java:run(1219)) - Starting Socket Reader #1 for port 0
2021-01-18 08:18:54,308 [Listener at 0.0.0.0/40321] INFO  ipc.CallQueueManager (CallQueueManager.java:<init>(84)) - Using callQueue: class java.util.concurrent.LinkedBlockingQueue, queueCapacity: 2000, scheduler: class org.apache.hadoop.ipc.DefaultRpcScheduler, ipcBackoff: false.
2021-01-18 08:18:54,309 [Socket Reader #1 for port 0] INFO  ipc.Server (Server.java:run(1219)) - Starting Socket Reader #1 for port 0
2021-01-18 08:18:54,329 [Listener at 0.0.0.0/35947] INFO  http.BaseHttpServer (BaseHttpServer.java:newHttpServer2BuilderForOzone(207)) - Starting Web-server for scm at: http://0.0.0.0:0
2021-01-18 08:18:54,329 [Listener at 0.0.0.0/35947] INFO  http.BaseHttpServer (BaseHttpServer.java:<init>(106)) - Hadoop Security Enabled: false Ozone Security Enabled: false Ozone HTTP Security Enabled: false 
2021-01-18 08:18:54,355 [Listener at 0.0.0.0/35947] INFO  util.log (Log.java:initialized(169)) - Logging initialized @2127ms to org.eclipse.jetty.util.log.Slf4jLog
2021-01-18 08:18:54,472 [Listener at 0.0.0.0/35947] INFO  server.AuthenticationFilter (AuthenticationFilter.java:constructSecretProvider(240)) - Unable to initialize FileSignerSecretProvider, falling back to use random secrets.
2021-01-18 08:18:54,487 [Listener at 0.0.0.0/35947] WARN  http.HttpRequestLog (HttpRequestLog.java:getRequestLog(103)) - Jetty request log can only be enabled using Log4j
2021-01-18 08:18:54,492 [Listener at 0.0.0.0/35947] INFO  http.HttpServer2 (HttpServer2.java:addGlobalFilter(1020)) - Added global filter 'safety' (class=org.apache.hadoop.hdds.server.http.HttpServer2$QuotingInputFilter)
2021-01-18 08:18:54,499 [Listener at 0.0.0.0/35947] INFO  http.HttpServer2 (HttpServer2.java:addFilter(996)) - Added filter static_user_filter (class=org.apache.hadoop.http.lib.StaticUserWebFilter$StaticUserFilter) to context scm
2021-01-18 08:18:54,499 [Listener at 0.0.0.0/35947] INFO  http.HttpServer2 (HttpServer2.java:addFilter(1004)) - Added filter static_user_filter (class=org.apache.hadoop.http.lib.StaticUserWebFilter$StaticUserFilter) to context logs
2021-01-18 08:18:54,499 [Listener at 0.0.0.0/35947] INFO  http.HttpServer2 (HttpServer2.java:addFilter(1004)) - Added filter static_user_filter (class=org.apache.hadoop.http.lib.StaticUserWebFilter$StaticUserFilter) to context static
2021-01-18 08:18:54,546 [Listener at 0.0.0.0/35947] INFO  server.StorageContainerManager (StorageContainerManager.java:start(789)) - StorageContainerLocationProtocol RPC server is listening at /0.0.0.0:35947
2021-01-18 08:18:54,595 [Listener at 0.0.0.0/35947] WARN  impl.MetricsConfig (MetricsConfig.java:loadFirst(134)) - Cannot locate configuration: tried hadoop-metrics2-storagecontainermanager.properties,hadoop-metrics2.properties
2021-01-18 08:18:54,608 [Listener at 0.0.0.0/35947] INFO  impl.MetricsSystemImpl (MetricsSystemImpl.java:startTimer(374)) - Scheduled Metric snapshot period at 10 second(s).
2021-01-18 08:18:54,608 [Listener at 0.0.0.0/35947] INFO  impl.MetricsSystemImpl (MetricsSystemImpl.java:start(191)) - StorageContainerManager metrics system started
2021-01-18 08:18:54,793 [Listener at 0.0.0.0/35947] INFO  server.SCMClientProtocolServer (SCMClientProtocolServer.java:start(159)) - RPC server for Client  is listening at /0.0.0.0:35947
2021-01-18 08:18:54,793 [IPC Server Responder] INFO  ipc.Server (Server.java:run(1460)) - IPC Server Responder: starting
2021-01-18 08:18:54,794 [IPC Server listener on 0] INFO  ipc.Server (Server.java:run(1298)) - IPC Server listener on 0: starting
2021-01-18 08:18:54,801 [Listener at 0.0.0.0/35947] INFO  server.StorageContainerManager (StorageContainerManager.java:start(801)) - ScmBlockLocationProtocol RPC server is listening at /0.0.0.0:40321
2021-01-18 08:18:54,801 [Listener at 0.0.0.0/35947] INFO  server.SCMBlockProtocolServer (SCMBlockProtocolServer.java:start(150)) - RPC server for Block Protocol is listening at /0.0.0.0:40321
2021-01-18 08:18:54,803 [IPC Server Responder] INFO  ipc.Server (Server.java:run(1460)) - IPC Server Responder: starting
2021-01-18 08:18:54,803 [IPC Server listener on 0] INFO  ipc.Server (Server.java:run(1298)) - IPC Server listener on 0: starting
2021-01-18 08:18:54,805 [Listener at 0.0.0.0/35947] INFO  server.StorageContainerManager (StorageContainerManager.java:start(807)) - ScmDatanodeProtocl RPC server is listening at /0.0.0.0:42557
2021-01-18 08:18:54,805 [Listener at 0.0.0.0/35947] INFO  server.SCMDatanodeProtocolServer (SCMDatanodeProtocolServer.java:start(174)) - RPC server for DataNodes is listening at /0.0.0.0:42557
2021-01-18 08:18:54,808 [IPC Server Responder] INFO  ipc.Server (Server.java:run(1460)) - IPC Server Responder: starting
2021-01-18 08:18:54,810 [IPC Server listener on 0] INFO  ipc.Server (Server.java:run(1298)) - IPC Server listener on 0: starting
2021-01-18 08:18:54,813 [Listener at 0.0.0.0/35947] INFO  http.HttpServer2 (HttpServer2.java:bindListener(1238)) - Jetty bound to port 42655
2021-01-18 08:18:54,814 [Listener at 0.0.0.0/35947] INFO  server.Server (Server.java:doStart(375)) - jetty-9.4.34.v20201102; built: 2020-11-02T14:15:39.302Z; git: e46af88704a893fc12cb0e3bf46e2c7b48a009e7; jvm 1.8.0_232-b09
2021-01-18 08:18:54,844 [Listener at 0.0.0.0/35947] INFO  server.session (DefaultSessionIdManager.java:doStart(334)) - DefaultSessionIdManager workerName=node0
2021-01-18 08:18:54,844 [Listener at 0.0.0.0/35947] INFO  server.session (DefaultSessionIdManager.java:doStart(339)) - No SessionScavenger set, using defaults
2021-01-18 08:18:54,846 [Listener at 0.0.0.0/35947] INFO  server.session (HouseKeeper.java:startScavenging(132)) - node0 Scavenging every 600000ms
2021-01-18 08:18:54,859 [Listener at 0.0.0.0/35947] INFO  handler.ContextHandler (ContextHandler.java:doStart(916)) - Started o.e.j.s.ServletContextHandler@4ef4f627{logs,/logs,file:///github/workspace/mnt/ozone/hadoop-ozone/integration-test/target/log,AVAILABLE}
2021-01-18 08:18:54,860 [Listener at 0.0.0.0/35947] INFO  handler.ContextHandler (ContextHandler.java:doStart(916)) - Started o.e.j.s.ServletContextHandler@3d2f3dcb{static,/static,file:///github/workspace/mnt/ozone/hadoop-ozone/integration-test/target/test-classes/webapps/static,AVAILABLE}
2021-01-18 08:18:54,896 [Listener at 0.0.0.0/35947] INFO  handler.ContextHandler (ContextHandler.java:doStart(916)) - Started o.e.j.w.WebAppContext@7dbae40{scm,/,file:///github/workspace/mnt/ozone/hadoop-ozone/integration-test/target/test-classes/webapps/scm/,AVAILABLE}{file:/github/workspace/mnt/ozone/hadoop-ozone/integration-test/target/test-classes/webapps/scm}
2021-01-18 08:18:54,913 [Listener at 0.0.0.0/35947] INFO  server.AbstractConnector (AbstractConnector.java:doStart(331)) - Started ServerConnector@41f3aaf1{HTTP/1.1, (http/1.1)}{0.0.0.0:42655}
2021-01-18 08:18:54,913 [Listener at 0.0.0.0/35947] INFO  server.Server (Server.java:doStart(415)) - Started @2685ms
2021-01-18 08:18:54,915 [Listener at 0.0.0.0/35947] INFO  impl.MetricsSinkAdapter (MetricsSinkAdapter.java:start(204)) - Sink prometheus started
2021-01-18 08:18:54,915 [Listener at 0.0.0.0/35947] INFO  impl.MetricsSystemImpl (MetricsSystemImpl.java:registerSink(301)) - Registered sink prometheus
2021-01-18 08:18:54,919 [Listener at 0.0.0.0/35947] INFO  http.BaseHttpServer (BaseHttpServer.java:updateConnectorAddress(327)) - HTTP server of scm listening at http://0.0.0.0:42655
2021-01-18 08:18:54,928 [Listener at 0.0.0.0/35947] WARN  server.ServerUtils (ServerUtils.java:getDBPath(225)) - ozone.om.db.dirs is not configured. We recommend adding this setting. Falling back to ozone.metadata.dirs instead.
2021-01-18 08:18:54,929 [org.apache.hadoop.util.JvmPauseMonitor$Monitor@ad3f70a] INFO  util.JvmPauseMonitor (JvmPauseMonitor.java:run(188)) - Starting JVM pause monitor
2021-01-18 08:18:55,014 [Listener at 0.0.0.0/35947] INFO  ha.OMHANodeDetails (OMHANodeDetails.java:loadOMHAConfig(104)) - ozone.om.internal.service.id is not defined, falling back to ozone.om.service.ids to find serviceID for OzoneManager if it is HA enabled cluster
2021-01-18 08:18:55,017 [Listener at 0.0.0.0/35947] INFO  ha.OMHANodeDetails (OMHANodeDetails.java:loadOMHAConfig(210)) - Configuration does not have ozone.om.address set. Falling back to the default OM address /127.0.0.1:0
2021-01-18 08:18:55,017 [Listener at 0.0.0.0/35947] INFO  ha.OMHANodeDetails (OMHANodeDetails.java:getOMNodeDetails(238)) - OM Service ID is not set. Setting it to the default ID: omServiceIdDefault
2021-01-18 08:18:55,017 [Listener at 0.0.0.0/35947] INFO  ha.OMHANodeDetails (OMHANodeDetails.java:getOMNodeDetails(245)) - OM Node ID is not set. Setting it to the default ID: om1
2021-01-18 08:18:55,019 [Listener at 0.0.0.0/35947] WARN  server.ServerUtils (ServerUtils.java:getDBPath(225)) - ozone.om.db.dirs is not configured. We recommend adding this setting. Falling back to ozone.metadata.dirs instead.
2021-01-18 08:18:55,019 [Listener at 0.0.0.0/35947] WARN  server.ServerUtils (ServerUtils.java:getDBPath(225)) - ozone.om.db.dirs is not configured. We recommend adding this setting. Falling back to ozone.metadata.dirs instead.
2021-01-18 08:18:55,613 [Listener at 0.0.0.0/35947] WARN  server.ServerUtils (ServerUtils.java:getDBPath(225)) - ozone.om.db.dirs is not configured. We recommend adding this setting. Falling back to ozone.metadata.dirs instead.
2021-01-18 08:18:55,618 [Listener at 0.0.0.0/35947] INFO  codec.OmKeyInfoCodec (OmKeyInfoCodec.java:<init>(41)) - OmKeyInfoCodec ignorePipeline = true
2021-01-18 08:18:55,619 [Listener at 0.0.0.0/35947] INFO  codec.RepeatedOmKeyInfoCodec (RepeatedOmKeyInfoCodec.java:<init>(40)) - RepeatedOmKeyInfoCodec ignorePipeline = true
2021-01-18 08:18:55,739 [Listener at 0.0.0.0/35947] INFO  om.OzoneManager (OzoneManager.java:addS3GVolumeToDB(3729)) - Created Volume s3v With Owner jenkins1001 required for S3Gateway operations.
2021-01-18 08:18:55,744 [Listener at 0.0.0.0/35947] WARN  server.ServerUtils (ServerUtils.java:getDefaultRatisDirectory(237)) - Storage directory for Ratis is not configured. It is a good idea to map this to an SSD disk. Falling back to ozone.metadata.dirs
2021-01-18 08:18:55,745 [Listener at 0.0.0.0/35947] WARN  ratis.OzoneManagerRatisServer (OzoneManagerRatisServer.java:getOMRatisSnapshotDirectory(638)) - ozone.om.ratis.snapshot.dir is not configured. Falling back to ozone.metadata.dirs config
2021-01-18 08:18:55,758 [Listener at 0.0.0.0/35947] INFO  metrics.MetricRegistries (MetricRegistriesLoader.java:load(64)) - Loaded MetricRegistries class org.apache.ratis.metrics.impl.MetricRegistriesImpl
2021-01-18 08:18:55,783 [Listener at 0.0.0.0/35947] WARN  server.ServerUtils (ServerUtils.java:getDefaultRatisDirectory(237)) - Storage directory for Ratis is not configured. It is a good idea to map this to an SSD disk. Falling back to ozone.metadata.dirs
2021-01-18 08:18:55,806 [Listener at 0.0.0.0/35947] INFO  ratis.OzoneManagerRatisServer (OzoneManagerRatisServer.java:<init>(280)) - Instantiating OM Ratis server with GroupID: omServiceIdDefault and Raft Peers: localhost:9872
2021-01-18 08:18:55,815 [Listener at 0.0.0.0/35947] INFO  ratis.OzoneManagerStateMachine (OzoneManagerStateMachine.java:loadSnapshotInfoFromDB(518)) - LastAppliedIndex is set from TransactionInfo from OM DB as (t:0, i:~)
2021-01-18 08:18:55,852 [Listener at 0.0.0.0/35947] INFO  server.RaftServer (ConfUtils.java:logGet(44)) - raft.rpc.type = GRPC (default)
2021-01-18 08:18:55,904 [Listener at 0.0.0.0/35947] INFO  grpc.GrpcFactory (GrpcFactory.java:checkPooledByteBufAllocatorUseCacheForAllThreads(48)) - PERFORMANCE WARNING: useCacheForAllThreads is true that may cause Netty to create a lot garbage objects and, as a result, trigger GC.
	It is recommended to disable useCacheForAllThreads by setting -Dorg.apache.ratis.thirdparty.io.netty.allocator.useCacheForAllThreads=false in command line.
2021-01-18 08:18:55,909 [Listener at 0.0.0.0/35947] INFO  grpc.GrpcConfigKeys (ConfUtils.java:logGet(44)) - raft.grpc.server.port = 9872 (custom)
2021-01-18 08:18:55,910 [Listener at 0.0.0.0/35947] INFO  server.GrpcService (ConfUtils.java:logGet(44)) - raft.grpc.message.size.max = 33554432 (custom)
2021-01-18 08:18:55,912 [Listener at 0.0.0.0/35947] INFO  server.RaftServerConfigKeys (ConfUtils.java:logGet(44)) - raft.server.log.appender.buffer.byte-limit = 33554432 (custom)
2021-01-18 08:18:55,913 [Listener at 0.0.0.0/35947] INFO  server.GrpcService (ConfUtils.java:logGet(44)) - raft.grpc.flow.control.window = 1MB (=1048576) (default)
2021-01-18 08:18:55,914 [Listener at 0.0.0.0/35947] INFO  server.RaftServerConfigKeys (ConfUtils.java:logGet(44)) - raft.server.rpc.request.timeout = 3000ms (default)
2021-01-18 08:18:56,061 [Listener at 0.0.0.0/35947] INFO  impl.DataStreamServerImpl (ConfUtils.java:logGet(44)) - raft.datastream.type = DISABLED (default)
2021-01-18 08:18:56,063 [Listener at 0.0.0.0/35947] INFO  server.RaftServerConfigKeys (ConfUtils.java:logGet(44)) - raft.server.rpc.slowness.timeout = 120s (custom)
2021-01-18 08:18:56,064 [Listener at 0.0.0.0/35947] INFO  server.RaftServerConfigKeys (ConfUtils.java:logGet(44)) - raft.server.leaderelection.leader.step-down.wait-time = 10s (default)
2021-01-18 08:18:56,075 [Listener at 0.0.0.0/35947] INFO  server.RaftServerConfigKeys (ConfUtils.java:logGet(44)) - raft.server.storage.dir = [/github/workspace/mnt/ozone/hadoop-ozone/integration-test/target/test-dir/MiniOzoneClusterImpl-bdf065e3-4bf0-4703-b3e1-6acc0ac12f97/ozone-meta/ratis] (custom)
2021-01-18 08:18:56,081 [Listener at 0.0.0.0/35947] INFO  server.RaftServer (RaftServerProxy.java:addNew(95)) - om1: addNew group-C5BA1605619E:[om1|rpc:localhost:9872|priority:0] returns group-C5BA1605619E:java.util.concurrent.CompletableFuture@3b8a8abc[Not completed]
2021-01-18 08:18:56,081 [Listener at 0.0.0.0/35947] INFO  om.OzoneManager (OzoneManager.java:initializeRatisServer(1323)) - OzoneManager Ratis server initialized at port 9872
2021-01-18 08:18:56,091 [Listener at 0.0.0.0/35947] INFO  ipc.CallQueueManager (CallQueueManager.java:<init>(84)) - Using callQueue: class java.util.concurrent.LinkedBlockingQueue, queueCapacity: 2000, scheduler: class org.apache.hadoop.ipc.DefaultRpcScheduler, ipcBackoff: false.
2021-01-18 08:18:56,101 [pool-25-thread-1] INFO  server.RaftServer$Division (RaftServerImpl.java:<init>(179)) - om1: new RaftServerImpl for group-C5BA1605619E:[om1|rpc:localhost:9872|priority:0] with OzoneManagerStateMachine:uninitialized
2021-01-18 08:18:56,101 [Socket Reader #1 for port 0] INFO  ipc.Server (Server.java:run(1219)) - Starting Socket Reader #1 for port 0
2021-01-18 08:18:56,102 [pool-25-thread-1] INFO  server.RaftServerConfigKeys (ConfUtils.java:logGet(44)) - raft.server.rpc.timeout.min = 1s (custom)
2021-01-18 08:18:56,103 [pool-25-thread-1] INFO  server.RaftServerConfigKeys (ConfUtils.java:logGet(44)) - raft.server.rpc.timeout.max = 1200ms (custom)
2021-01-18 08:18:56,103 [pool-25-thread-1] INFO  server.RaftServerConfigKeys (ConfUtils.java:logGet(44)) - raft.server.rpc.sleep.time = 25ms (default)
2021-01-18 08:18:56,103 [pool-25-thread-1] INFO  server.RaftServerConfigKeys (ConfUtils.java:logGet(44)) - raft.server.rpc.slowness.timeout = 120s (custom)
2021-01-18 08:18:56,103 [pool-25-thread-1] INFO  server.RaftServerConfigKeys (ConfUtils.java:logGet(44)) - raft.server.leaderelection.leader.step-down.wait-time = 10s (default)
2021-01-18 08:18:56,103 [pool-25-thread-1] INFO  server.RaftServerConfigKeys (ConfUtils.java:logGet(44)) - raft.server.sleep.deviation.threshold = 300ms (default)
2021-01-18 08:18:56,104 [pool-25-thread-1] INFO  server.RaftServerConfigKeys (ConfUtils.java:logGet(44)) - raft.server.log.appender.install.snapshot.enabled = false (custom)
2021-01-18 08:18:56,109 [pool-25-thread-1] INFO  server.RaftServer$Division (ServerState.java:<init>(103)) - om1@group-C5BA1605619E: ConfigurationManager, init=-1: [om1|rpc:localhost:9872|priority:0], old=null, confs=<EMPTY_MAP>
2021-01-18 08:18:56,120 [pool-25-thread-1] INFO  server.RaftServerConfigKeys (ConfUtils.java:logGet(44)) - raft.server.storage.dir = [/github/workspace/mnt/ozone/hadoop-ozone/integration-test/target/test-dir/MiniOzoneClusterImpl-bdf065e3-4bf0-4703-b3e1-6acc0ac12f97/ozone-meta/ratis] (custom)
2021-01-18 08:18:56,127 [pool-25-thread-1] INFO  server.RaftServerConfigKeys (ConfUtils.java:logGet(44)) - raft.server.log.corruption.policy = EXCEPTION (default)
2021-01-18 08:18:56,136 [pool-25-thread-1] INFO  storage.RaftStorageDirectory (RaftStorageDirectoryImpl.java:analyzeStorage(132)) - The storage directory /github/workspace/mnt/ozone/hadoop-ozone/integration-test/target/test-dir/MiniOzoneClusterImpl-bdf065e3-4bf0-4703-b3e1-6acc0ac12f97/ozone-meta/ratis/bf265839-605b-3f16-9796-c5ba1605619e does not exist. Creating ...
2021-01-18 08:18:56,134 [Listener at 127.0.0.1/45853] INFO  impl.MetricsSystemImpl (MetricsSystemImpl.java:init(158)) - OzoneManager metrics system started (again)
2021-01-18 08:18:56,141 [pool-25-thread-1] INFO  storage.RaftStorageDirectory (RaftStorageDirectoryImpl.java:tryLock(215)) - Lock on /github/workspace/mnt/ozone/hadoop-ozone/integration-test/target/test-dir/MiniOzoneClusterImpl-bdf065e3-4bf0-4703-b3e1-6acc0ac12f97/ozone-meta/ratis/bf265839-605b-3f16-9796-c5ba1605619e/in_use.lock acquired by nodename 32076@dc3504268712
2021-01-18 08:18:56,146 [Listener at 127.0.0.1/45853] INFO  om.OzoneManager (OzoneManager.java:start(1151)) - OzoneManager RPC server is listening at localhost/127.0.0.1:45853
2021-01-18 08:18:56,146 [Listener at 127.0.0.1/45853] INFO  ratis.OzoneManagerRatisServer (OzoneManagerRatisServer.java:start(377)) - Starting OzoneManagerRatisServer om1 at port 9872
2021-01-18 08:18:56,148 [pool-25-thread-1] INFO  storage.RaftStorage (RaftStorageImpl.java:format(87)) - Storage directory /github/workspace/mnt/ozone/hadoop-ozone/integration-test/target/test-dir/MiniOzoneClusterImpl-bdf065e3-4bf0-4703-b3e1-6acc0ac12f97/ozone-meta/ratis/bf265839-605b-3f16-9796-c5ba1605619e has been successfully formatted.
2021-01-18 08:18:56,151 [pool-25-thread-1] ERROR storage.RaftStorage (RaftStorageImpl.java:readRaftConfiguration(147)) - Failed reading configuration from file:/github/workspace/mnt/ozone/hadoop-ozone/integration-test/target/test-dir/MiniOzoneClusterImpl-bdf065e3-4bf0-4703-b3e1-6acc0ac12f97/ozone-meta/ratis/bf265839-605b-3f16-9796-c5ba1605619e/current/raft-meta.conf
java.io.FileNotFoundException: /github/workspace/mnt/ozone/hadoop-ozone/integration-test/target/test-dir/MiniOzoneClusterImpl-bdf065e3-4bf0-4703-b3e1-6acc0ac12f97/ozone-meta/ratis/bf265839-605b-3f16-9796-c5ba1605619e/current/raft-meta.conf (No such file or directory)
	at java.io.FileInputStream.open0(Native Method)
	at java.io.FileInputStream.open(FileInputStream.java:195)
	at java.io.FileInputStream.<init>(FileInputStream.java:138)
	at org.apache.ratis.server.storage.RaftStorageImpl.readRaftConfiguration(RaftStorageImpl.java:143)
	at org.apache.ratis.server.impl.ServerState.<init>(ServerState.java:113)
	at org.apache.ratis.server.impl.RaftServerImpl.<init>(RaftServerImpl.java:192)
	at org.apache.ratis.server.impl.RaftServerProxy.lambda$newRaftServerImpl$4(RaftServerProxy.java:266)
	at java.util.concurrent.CompletableFuture$AsyncSupply.run(CompletableFuture.java:1604)
	at java.util.concurrent.ThreadPoolExecutor.runWorker(ThreadPoolExecutor.java:1149)
	at java.util.concurrent.ThreadPoolExecutor$Worker.run(ThreadPoolExecutor.java:624)
	at java.lang.Thread.run(Thread.java:748)
2021-01-18 08:18:56,153 [pool-25-thread-1] INFO  server.RaftServerConfigKeys (ConfUtils.java:logGet(44)) - raft.server.notification.no-leader.timeout = 120s (custom)
2021-01-18 08:18:56,154 [pool-25-thread-1] INFO  server.RaftServerConfigKeys (ConfUtils.java:logGet(44)) - raft.server.log.use.memory = false (default)
2021-01-18 08:18:56,162 [pool-25-thread-1] INFO  server.RaftServerConfigKeys (ConfUtils.java:logGet(44)) - raft.server.log.purge.gap = 1000000 (custom)
2021-01-18 08:18:56,162 [pool-25-thread-1] INFO  server.RaftServerConfigKeys (ConfUtils.java:logGet(44)) - raft.server.log.appender.buffer.byte-limit = 33554432 (custom)
2021-01-18 08:18:56,166 [pool-25-thread-1] INFO  metrics.RatisMetrics (RatisMetrics.java:lambda$create$0(36)) - Creating Metrics Registry : ratis.log_worker.om1@group-C5BA1605619E
2021-01-18 08:18:56,173 [pool-25-thread-1] INFO  server.RaftServerConfigKeys (ConfUtils.java:logGet(44)) - raft.server.log.segment.size.max = 4194304 (custom)
2021-01-18 08:18:56,179 [pool-25-thread-1] INFO  server.RaftServerConfigKeys (ConfUtils.java:logGet(44)) - raft.server.log.segment.cache.num.max = 2 (custom)
2021-01-18 08:18:56,180 [pool-25-thread-1] INFO  server.RaftServerConfigKeys (ConfUtils.java:logGet(44)) - raft.server.log.segment.cache.size.max = 200MB (=209715200) (default)
2021-01-18 08:18:56,185 [pool-25-thread-1] INFO  segmented.SegmentedRaftLogWorker (SegmentedRaftLogWorker.java:<init>(181)) - new om1@group-C5BA1605619E-SegmentedRaftLogWorker for RaftStorageImpl:Storage Directory /github/workspace/mnt/ozone/hadoop-ozone/integration-test/target/test-dir/MiniOzoneClusterImpl-bdf065e3-4bf0-4703-b3e1-6acc0ac12f97/ozone-meta/ratis/bf265839-605b-3f16-9796-c5ba1605619e
2021-01-18 08:18:56,185 [pool-25-thread-1] INFO  server.RaftServerConfigKeys (ConfUtils.java:logGet(44)) - raft.server.log.queue.byte-limit = 64MB (=67108864) (default)
2021-01-18 08:18:56,185 [pool-25-thread-1] INFO  server.RaftServerConfigKeys (ConfUtils.java:logGet(44)) - raft.server.log.queue.element-limit = 4096 (default)
2021-01-18 08:18:56,186 [pool-25-thread-1] INFO  server.RaftServerConfigKeys (ConfUtils.java:logGet(44)) - raft.server.log.segment.size.max = 4194304 (custom)
2021-01-18 08:18:56,186 [pool-25-thread-1] INFO  server.RaftServerConfigKeys (ConfUtils.java:logGet(44)) - raft.server.log.preallocated.size = 4194304 (custom)
2021-01-18 08:18:56,187 [pool-25-thread-1] INFO  server.RaftServerConfigKeys (ConfUtils.java:logGet(44)) - raft.server.log.force.sync.num = 128 (default)
2021-01-18 08:18:56,189 [pool-25-thread-1] INFO  server.RaftServerConfigKeys (ConfUtils.java:logGet(44)) - raft.server.log.statemachine.data.sync = true (default)
2021-01-18 08:18:56,189 [pool-25-thread-1] INFO  server.RaftServerConfigKeys (ConfUtils.java:logGet(44)) - raft.server.log.statemachine.data.sync.timeout = 10s (default)
2021-01-18 08:18:56,189 [pool-25-thread-1] INFO  server.RaftServerConfigKeys (ConfUtils.java:logGet(44)) - raft.server.log.statemachine.data.sync.timeout.retry = -1 (default)
2021-01-18 08:18:56,197 [pool-25-thread-1] INFO  server.RaftServerConfigKeys (ConfUtils.java:logGet(44)) - raft.server.log.write.buffer.size = 64KB (=65536) (default)
2021-01-18 08:18:56,199 [pool-25-thread-1] INFO  server.RaftServerConfigKeys (ConfUtils.java:logGet(44)) - raft.server.log.statemachine.data.caching.enabled = false (default)
2021-01-18 08:18:56,206 [pool-25-thread-1] INFO  segmented.SegmentedRaftLogWorker (SegmentedRaftLogWorker.java:lambda$new$0(132)) - om1@group-C5BA1605619E-SegmentedRaftLogWorker: flushIndex: setUnconditionally 0 -> -1
2021-01-18 08:18:56,206 [pool-25-thread-1] INFO  segmented.SegmentedRaftLogWorker (SegmentedRaftLogWorker.java:lambda$new$0(132)) - om1@group-C5BA1605619E-SegmentedRaftLogWorker: safeCacheEvictIndex: setUnconditionally 0 -> -1
2021-01-18 08:18:56,213 [pool-25-thread-1] INFO  server.RaftServerConfigKeys (ConfUtils.java:logGet(44)) - raft.server.snapshot.auto.trigger.enabled = true (custom)
2021-01-18 08:18:56,214 [pool-25-thread-1] INFO  server.RaftServerConfigKeys (ConfUtils.java:logGet(44)) - raft.server.snapshot.auto.trigger.threshold = 400000 (default)
2021-01-18 08:18:56,215 [pool-25-thread-1] INFO  server.RaftServerConfigKeys (ConfUtils.java:logGet(44)) - raft.server.snapshot.retention.file.num = -1 (default)
2021-01-18 08:18:56,215 [pool-25-thread-1] INFO  server.RaftServerConfigKeys (ConfUtils.java:logGet(44)) - raft.server.log.purge.upto.snapshot.index = true (custom)
2021-01-18 08:18:56,217 [pool-25-thread-1] INFO  server.RaftServerConfigKeys (ConfUtils.java:logGet(44)) - raft.server.retrycache.expirytime = 300s (custom)
2021-01-18 08:18:56,217 [pool-25-thread-1] INFO  server.RaftServerConfigKeys (ConfUtils.java:logGet(44)) - raft.server.retrycache.statistics.expirytime = 100?s (default)
2021-01-18 08:18:56,234 [pool-25-thread-1] INFO  metrics.RatisMetrics (RatisMetrics.java:lambda$create$0(36)) - Creating Metrics Registry : ratis.leader_election.om1@group-C5BA1605619E
2021-01-18 08:18:56,238 [pool-25-thread-1] INFO  metrics.RatisMetrics (RatisMetrics.java:lambda$create$0(36)) - Creating Metrics Registry : ratis.server.om1@group-C5BA1605619E
2021-01-18 08:18:56,245 [Listener at 127.0.0.1/45853] INFO  server.RaftServer$Division (RaftServerImpl.java:start(294)) - om1@group-C5BA1605619E: start as a follower, conf=-1: [om1|rpc:localhost:9872|priority:0], old=null
2021-01-18 08:18:56,246 [Listener at 127.0.0.1/45853] INFO  server.RaftServer$Division (RaftServerImpl.java:setRole(283)) - om1@group-C5BA1605619E: changes role from      null to FOLLOWER at term 0 for startAsFollower
2021-01-18 08:18:56,247 [Listener at 127.0.0.1/45853] INFO  impl.RoleInfo (RoleInfo.java:updateAndGet(130)) - om1: start om1@group-C5BA1605619E-FollowerState
2021-01-18 08:18:56,248 [Listener at 127.0.0.1/45853] INFO  util.JmxRegister (JmxRegister.java:tryRegister(44)) - Successfully registered JMX Bean with object name Ratis:service=RaftServer,group=group-C5BA1605619E,id=om1
2021-01-18 08:18:56,249 [Listener at 127.0.0.1/45853] INFO  metrics.RatisMetrics (RatisMetrics.java:lambda$create$0(36)) - Creating Metrics Registry : ratis.state_machine.om1@group-C5BA1605619E
2021-01-18 08:18:56,250 [Listener at 127.0.0.1/45853] INFO  server.RaftServer (RaftServerProxy.java:lambda$start$5(372)) - om1: start RPC server
2021-01-18 08:18:56,314 [Listener at 127.0.0.1/45853] INFO  server.GrpcService (GrpcService.java:startImpl(176)) - om1: GrpcService started, listening on 0.0.0.0/0.0.0.0:9872
2021-01-18 08:18:56,319 [org.apache.ratis.util.JvmPauseMonitor$$Lambda$304/156850393@70fe33fa] INFO  util.JvmPauseMonitor (JvmPauseMonitor.java:run(103)) - JvmPauseMonitor-om1: Started
2021-01-18 08:18:56,336 [Listener at 127.0.0.1/45853] INFO  http.BaseHttpServer (BaseHttpServer.java:newHttpServer2BuilderForOzone(207)) - Starting Web-server for ozoneManager at: http://0.0.0.0:0
2021-01-18 08:18:56,336 [Listener at 127.0.0.1/45853] INFO  http.BaseHttpServer (BaseHttpServer.java:<init>(106)) - Hadoop Security Enabled: false Ozone Security Enabled: false Ozone HTTP Security Enabled: false 
2021-01-18 08:18:56,338 [Listener at 127.0.0.1/45853] INFO  server.AuthenticationFilter (AuthenticationFilter.java:constructSecretProvider(240)) - Unable to initialize FileSignerSecretProvider, falling back to use random secrets.
2021-01-18 08:18:56,338 [Listener at 127.0.0.1/45853] WARN  http.HttpRequestLog (HttpRequestLog.java:getRequestLog(103)) - Jetty request log can only be enabled using Log4j
2021-01-18 08:18:56,339 [Listener at 127.0.0.1/45853] INFO  http.HttpServer2 (HttpServer2.java:addGlobalFilter(1020)) - Added global filter 'safety' (class=org.apache.hadoop.hdds.server.http.HttpServer2$QuotingInputFilter)
2021-01-18 08:18:56,340 [Listener at 127.0.0.1/45853] INFO  http.HttpServer2 (HttpServer2.java:addFilter(996)) - Added filter static_user_filter (class=org.apache.hadoop.http.lib.StaticUserWebFilter$StaticUserFilter) to context ozoneManager
2021-01-18 08:18:56,340 [Listener at 127.0.0.1/45853] INFO  http.HttpServer2 (HttpServer2.java:addFilter(1004)) - Added filter static_user_filter (class=org.apache.hadoop.http.lib.StaticUserWebFilter$StaticUserFilter) to context logs
2021-01-18 08:18:56,340 [Listener at 127.0.0.1/45853] INFO  http.HttpServer2 (HttpServer2.java:addFilter(1004)) - Added filter static_user_filter (class=org.apache.hadoop.http.lib.StaticUserWebFilter$StaticUserFilter) to context static
2021-01-18 08:18:56,343 [Listener at 127.0.0.1/45853] INFO  http.HttpServer2 (HttpServer2.java:bindListener(1238)) - Jetty bound to port 39949
2021-01-18 08:18:56,343 [Listener at 127.0.0.1/45853] INFO  server.Server (Server.java:doStart(375)) - jetty-9.4.34.v20201102; built: 2020-11-02T14:15:39.302Z; git: e46af88704a893fc12cb0e3bf46e2c7b48a009e7; jvm 1.8.0_232-b09
2021-01-18 08:18:56,344 [Listener at 127.0.0.1/45853] INFO  server.session (DefaultSessionIdManager.java:doStart(334)) - DefaultSessionIdManager workerName=node0
2021-01-18 08:18:56,345 [Listener at 127.0.0.1/45853] INFO  server.session (DefaultSessionIdManager.java:doStart(339)) - No SessionScavenger set, using defaults
2021-01-18 08:18:56,345 [Listener at 127.0.0.1/45853] INFO  server.session (HouseKeeper.java:startScavenging(132)) - node0 Scavenging every 600000ms
2021-01-18 08:18:56,345 [Listener at 127.0.0.1/45853] INFO  handler.ContextHandler (ContextHandler.java:doStart(916)) - Started o.e.j.s.ServletContextHandler@37f0fb02{logs,/logs,file:///github/workspace/mnt/ozone/hadoop-ozone/integration-test/target/log,AVAILABLE}
2021-01-18 08:18:56,346 [Listener at 127.0.0.1/45853] INFO  handler.ContextHandler (ContextHandler.java:doStart(916)) - Started o.e.j.s.ServletContextHandler@4a0fc665{static,/static,file:///github/workspace/mnt/ozone/hadoop-ozone/integration-test/target/test-classes/webapps/static,AVAILABLE}
2021-01-18 08:18:56,349 [Listener at 127.0.0.1/45853] INFO  handler.ContextHandler (ContextHandler.java:doStart(916)) - Started o.e.j.w.WebAppContext@31428f76{ozoneManager,/,file:///github/workspace/mnt/ozone/hadoop-ozone/integration-test/target/test-classes/webapps/ozoneManager/,AVAILABLE}{file:/github/workspace/mnt/ozone/hadoop-ozone/integration-test/target/test-classes/webapps/ozoneManager}
2021-01-18 08:18:56,350 [Listener at 127.0.0.1/45853] INFO  server.AbstractConnector (AbstractConnector.java:doStart(331)) - Started ServerConnector@2b370ca9{HTTP/1.1, (http/1.1)}{0.0.0.0:39949}
2021-01-18 08:18:56,350 [Listener at 127.0.0.1/45853] INFO  server.Server (Server.java:doStart(415)) - Started @4122ms
2021-01-18 08:18:56,350 [Listener at 127.0.0.1/45853] WARN  impl.MetricsSystemImpl (MetricsSystemImpl.java:register(276)) - Sink prometheus already exists!
2021-01-18 08:18:56,355 [Listener at 127.0.0.1/45853] INFO  http.BaseHttpServer (BaseHttpServer.java:updateConnectorAddress(327)) - HTTP server of ozoneManager listening at http://0.0.0.0:39949
2021-01-18 08:18:56,355 [IPC Server Responder] INFO  ipc.Server (Server.java:run(1460)) - IPC Server Responder: starting
2021-01-18 08:18:56,355 [IPC Server listener on 0] INFO  ipc.Server (Server.java:run(1298)) - IPC Server listener on 0: starting
2021-01-18 08:18:56,358 [Listener at 127.0.0.1/45853] INFO  om.OzoneManager (OzoneManager.java:startTrashEmptier(1272)) - Trash Interval set to 0. Files deleted will not move to trash
2021-01-18 08:18:56,368 [org.apache.hadoop.util.JvmPauseMonitor$Monitor@4110ffe5] INFO  util.JvmPauseMonitor (JvmPauseMonitor.java:run(188)) - Starting JVM pause monitor
2021-01-18 08:18:56,518 [Listener at 127.0.0.1/45853] INFO  impl.MetricsSystemImpl (MetricsSystemImpl.java:init(158)) - HddsDatanode metrics system started (again)
2021-01-18 08:18:56,526 [Listener at 127.0.0.1/45853] INFO  ozone.HddsDatanodeService (HddsDatanodeService.java:start(215)) - HddsDatanodeService host:dc3504268712 ip:172.17.0.2
2021-01-18 08:18:56,604 [Listener at 127.0.0.1/45853] INFO  volume.HddsVolume (HddsVolume.java:<init>(176)) - Creating Volume: /github/workspace/mnt/ozone/hadoop-ozone/integration-test/target/test-dir/MiniOzoneClusterImpl-bdf065e3-4bf0-4703-b3e1-6acc0ac12f97/datanode-0/data-0/containers/hdds of storage type : DISK and capacity : 9223372036854775807
2021-01-18 08:18:56,606 [Listener at 127.0.0.1/45853] INFO  volume.MutableVolumeSet (MutableVolumeSet.java:initializeVolumeSet(179)) - Added Volume : /github/workspace/mnt/ozone/hadoop-ozone/integration-test/target/test-dir/MiniOzoneClusterImpl-bdf065e3-4bf0-4703-b3e1-6acc0ac12f97/datanode-0/data-0/containers/hdds to VolumeSet
2021-01-18 08:18:56,607 [Listener at 127.0.0.1/45853] INFO  volume.ThrottledAsyncChecker (ThrottledAsyncChecker.java:schedule(141)) - Scheduling a check for /github/workspace/mnt/ozone/hadoop-ozone/integration-test/target/test-dir/MiniOzoneClusterImpl-bdf065e3-4bf0-4703-b3e1-6acc0ac12f97/datanode-0/data-0/containers/hdds
2021-01-18 08:18:56,623 [Listener at 127.0.0.1/45853] INFO  volume.HddsVolumeChecker (HddsVolumeChecker.java:checkAllVolumes(200)) - Scheduled health check for volume /github/workspace/mnt/ozone/hadoop-ozone/integration-test/target/test-dir/MiniOzoneClusterImpl-bdf065e3-4bf0-4703-b3e1-6acc0ac12f97/datanode-0/data-0/containers/hdds
2021-01-18 08:18:56,642 [Thread-131] INFO  ozoneimpl.ContainerReader (ContainerReader.java:readVolume(123)) - Start to verify containers on volume /github/workspace/mnt/ozone/hadoop-ozone/integration-test/target/test-dir/MiniOzoneClusterImpl-bdf065e3-4bf0-4703-b3e1-6acc0ac12f97/datanode-0/data-0/containers/hdds
2021-01-18 08:18:56,642 [Thread-131] INFO  ozoneimpl.ContainerReader (ContainerReader.java:readVolume(148)) - Finish verifying containers on volume /github/workspace/mnt/ozone/hadoop-ozone/integration-test/target/test-dir/MiniOzoneClusterImpl-bdf065e3-4bf0-4703-b3e1-6acc0ac12f97/datanode-0/data-0/containers/hdds
2021-01-18 08:18:56,642 [Listener at 127.0.0.1/45853] INFO  ozoneimpl.OzoneContainer (OzoneContainer.java:buildContainerSet(206)) - Build ContainerSet costs 0s
2021-01-18 08:18:56,699 [Listener at 127.0.0.1/45853] INFO  server.RaftServer (ConfUtils.java:logGet(44)) - raft.rpc.type = GRPC (default)
2021-01-18 08:18:56,699 [Listener at 127.0.0.1/45853] INFO  grpc.GrpcFactory (GrpcFactory.java:checkPooledByteBufAllocatorUseCacheForAllThreads(48)) - PERFORMANCE WARNING: useCacheForAllThreads is true that may cause Netty to create a lot garbage objects and, as a result, trigger GC.
	It is recommended to disable useCacheForAllThreads by setting -Dorg.apache.ratis.thirdparty.io.netty.allocator.useCacheForAllThreads=false in command line.
2021-01-18 08:18:56,699 [Listener at 127.0.0.1/45853] INFO  grpc.GrpcConfigKeys (ConfUtils.java:logGet(44)) - raft.grpc.server.port = 0 (default)
2021-01-18 08:18:56,699 [Listener at 127.0.0.1/45853] INFO  server.GrpcService (ConfUtils.java:logGet(44)) - raft.grpc.message.size.max = 32MB (=33554432) (custom)
2021-01-18 08:18:56,700 [Listener at 127.0.0.1/45853] INFO  server.RaftServerConfigKeys (ConfUtils.java:logGet(44)) - raft.server.log.appender.buffer.byte-limit = 33554432 (custom)
2021-01-18 08:18:56,700 [Listener at 127.0.0.1/45853] INFO  server.GrpcService (ConfUtils.java:logGet(44)) - raft.grpc.flow.control.window = 5MB (=5242880) (custom)
2021-01-18 08:18:56,700 [Listener at 127.0.0.1/45853] INFO  server.RaftServerConfigKeys (ConfUtils.java:logGet(44)) - raft.server.rpc.request.timeout = 3000ms (default)
2021-01-18 08:18:56,701 [Listener at 127.0.0.1/45853] INFO  impl.DataStreamServerImpl (ConfUtils.java:logGet(44)) - raft.datastream.type = DISABLED (default)
2021-01-18 08:18:56,701 [Listener at 127.0.0.1/45853] INFO  server.RaftServerConfigKeys (ConfUtils.java:logGet(44)) - raft.server.rpc.slowness.timeout = 300000ms (custom)
2021-01-18 08:18:56,701 [Listener at 127.0.0.1/45853] INFO  server.RaftServerConfigKeys (ConfUtils.java:logGet(44)) - raft.server.leaderelection.leader.step-down.wait-time = 10s (default)
2021-01-18 08:18:56,702 [Listener at 127.0.0.1/45853] INFO  server.RaftServerConfigKeys (ConfUtils.java:logGet(44)) - raft.server.storage.dir = [/github/workspace/mnt/ozone/hadoop-ozone/integration-test/target/test-dir/MiniOzoneClusterImpl-bdf065e3-4bf0-4703-b3e1-6acc0ac12f97/datanode-0/data/ratis] (custom)
2021-01-18 08:18:56,756 [Listener at 127.0.0.1/45853] INFO  http.BaseHttpServer (BaseHttpServer.java:newHttpServer2BuilderForOzone(207)) - Starting Web-server for hddsDatanode at: http://0.0.0.0:0
2021-01-18 08:18:56,756 [Listener at 127.0.0.1/45853] INFO  http.BaseHttpServer (BaseHttpServer.java:<init>(106)) - Hadoop Security Enabled: false Ozone Security Enabled: false Ozone HTTP Security Enabled: false 
2021-01-18 08:18:56,758 [Listener at 127.0.0.1/45853] INFO  server.AuthenticationFilter (AuthenticationFilter.java:constructSecretProvider(240)) - Unable to initialize FileSignerSecretProvider, falling back to use random secrets.
2021-01-18 08:18:56,758 [Listener at 127.0.0.1/45853] WARN  http.HttpRequestLog (HttpRequestLog.java:getRequestLog(103)) - Jetty request log can only be enabled using Log4j
2021-01-18 08:18:56,759 [Listener at 127.0.0.1/45853] INFO  http.HttpServer2 (HttpServer2.java:addGlobalFilter(1020)) - Added global filter 'safety' (class=org.apache.hadoop.hdds.server.http.HttpServer2$QuotingInputFilter)
2021-01-18 08:18:56,760 [Listener at 127.0.0.1/45853] INFO  http.HttpServer2 (HttpServer2.java:addFilter(996)) - Added filter static_user_filter (class=org.apache.hadoop.http.lib.StaticUserWebFilter$StaticUserFilter) to context hddsDatanode
2021-01-18 08:18:56,760 [Listener at 127.0.0.1/45853] INFO  http.HttpServer2 (HttpServer2.java:addFilter(1004)) - Added filter static_user_filter (class=org.apache.hadoop.http.lib.StaticUserWebFilter$StaticUserFilter) to context logs
2021-01-18 08:18:56,760 [Listener at 127.0.0.1/45853] INFO  http.HttpServer2 (HttpServer2.java:addFilter(1004)) - Added filter static_user_filter (class=org.apache.hadoop.http.lib.StaticUserWebFilter$StaticUserFilter) to context static
2021-01-18 08:18:56,761 [Listener at 127.0.0.1/45853] INFO  http.HttpServer2 (HttpServer2.java:bindListener(1238)) - Jetty bound to port 38075
2021-01-18 08:18:56,761 [Listener at 127.0.0.1/45853] INFO  server.Server (Server.java:doStart(375)) - jetty-9.4.34.v20201102; built: 2020-11-02T14:15:39.302Z; git: e46af88704a893fc12cb0e3bf46e2c7b48a009e7; jvm 1.8.0_232-b09
2021-01-18 08:18:56,765 [Listener at 127.0.0.1/45853] INFO  server.session (DefaultSessionIdManager.java:doStart(334)) - DefaultSessionIdManager workerName=node0
2021-01-18 08:18:56,765 [Listener at 127.0.0.1/45853] INFO  server.session (DefaultSessionIdManager.java:doStart(339)) - No SessionScavenger set, using defaults
2021-01-18 08:18:56,766 [Listener at 127.0.0.1/45853] INFO  server.session (HouseKeeper.java:startScavenging(132)) - node0 Scavenging every 660000ms
2021-01-18 08:18:56,766 [Listener at 127.0.0.1/45853] INFO  handler.ContextHandler (ContextHandler.java:doStart(916)) - Started o.e.j.s.ServletContextHandler@18d6ac02{logs,/logs,file:///github/workspace/mnt/ozone/hadoop-ozone/integration-test/target/log,AVAILABLE}
2021-01-18 08:18:56,767 [Listener at 127.0.0.1/45853] INFO  handler.ContextHandler (ContextHandler.java:doStart(916)) - Started o.e.j.s.ServletContextHandler@3545bfea{static,/static,jar:file:/home/user/.m2/repository/org/apache/hadoop/hadoop-hdds-container-service/1.1.0-SNAPSHOT/hadoop-hdds-container-service-1.1.0-SNAPSHOT.jar!/webapps/static,AVAILABLE}
2021-01-18 08:18:56,941 [Listener at 127.0.0.1/45853] INFO  handler.ContextHandler (ContextHandler.java:doStart(916)) - Started o.e.j.w.WebAppContext@642270ad{hddsDatanode,/,file:///tmp/jetty-0_0_0_0-38075-hadoop-hdds-container-service-1_1_0-SNAPSHOT_jar-_-any-1572077102058570340/webapp/,AVAILABLE}{jar:file:/home/user/.m2/repository/org/apache/hadoop/hadoop-hdds-container-service/1.1.0-SNAPSHOT/hadoop-hdds-container-service-1.1.0-SNAPSHOT.jar!/webapps/hddsDatanode}
2021-01-18 08:18:56,942 [Listener at 127.0.0.1/45853] INFO  server.AbstractConnector (AbstractConnector.java:doStart(331)) - Started ServerConnector@738a977d{HTTP/1.1, (http/1.1)}{0.0.0.0:38075}
2021-01-18 08:18:56,942 [Listener at 127.0.0.1/45853] INFO  server.Server (Server.java:doStart(415)) - Started @4714ms
2021-01-18 08:18:56,943 [Listener at 127.0.0.1/45853] WARN  impl.MetricsSystemImpl (MetricsSystemImpl.java:register(276)) - Sink prometheus already exists!
2021-01-18 08:18:56,951 [Listener at 127.0.0.1/45853] INFO  http.BaseHttpServer (BaseHttpServer.java:updateConnectorAddress(327)) - HTTP server of hddsDatanode listening at http://0.0.0.0:38075
2021-01-18 08:18:56,953 [Listener at 127.0.0.1/45853] INFO  impl.MetricsSystemImpl (MetricsSystemImpl.java:init(158)) - HddsDatanode metrics system started (again)
2021-01-18 08:18:56,954 [Listener at 127.0.0.1/45853] INFO  ozone.HddsDatanodeService (HddsDatanodeService.java:start(215)) - HddsDatanodeService host:dc3504268712 ip:172.17.0.2
2021-01-18 08:18:56,960 [Listener at 127.0.0.1/45853] INFO  volume.HddsVolume (HddsVolume.java:<init>(176)) - Creating Volume: /github/workspace/mnt/ozone/hadoop-ozone/integration-test/target/test-dir/MiniOzoneClusterImpl-bdf065e3-4bf0-4703-b3e1-6acc0ac12f97/datanode-1/data-0/containers/hdds of storage type : DISK and capacity : 9223372036854775807
2021-01-18 08:18:56,960 [Listener at 127.0.0.1/45853] INFO  volume.MutableVolumeSet (MutableVolumeSet.java:initializeVolumeSet(179)) - Added Volume : /github/workspace/mnt/ozone/hadoop-ozone/integration-test/target/test-dir/MiniOzoneClusterImpl-bdf065e3-4bf0-4703-b3e1-6acc0ac12f97/datanode-1/data-0/containers/hdds to VolumeSet
2021-01-18 08:18:56,960 [Listener at 127.0.0.1/45853] INFO  volume.ThrottledAsyncChecker (ThrottledAsyncChecker.java:schedule(141)) - Scheduling a check for /github/workspace/mnt/ozone/hadoop-ozone/integration-test/target/test-dir/MiniOzoneClusterImpl-bdf065e3-4bf0-4703-b3e1-6acc0ac12f97/datanode-1/data-0/containers/hdds
2021-01-18 08:18:56,962 [Listener at 127.0.0.1/45853] INFO  volume.HddsVolumeChecker (HddsVolumeChecker.java:checkAllVolumes(200)) - Scheduled health check for volume /github/workspace/mnt/ozone/hadoop-ozone/integration-test/target/test-dir/MiniOzoneClusterImpl-bdf065e3-4bf0-4703-b3e1-6acc0ac12f97/datanode-1/data-0/containers/hdds
2021-01-18 08:18:56,990 [org.apache.hadoop.util.JvmPauseMonitor$Monitor@6a828211] INFO  util.JvmPauseMonitor (JvmPauseMonitor.java:run(188)) - Starting JVM pause monitor
2021-01-18 08:18:57,000 [Thread-140] INFO  ozoneimpl.ContainerReader (ContainerReader.java:readVolume(123)) - Start to verify containers on volume /github/workspace/mnt/ozone/hadoop-ozone/integration-test/target/test-dir/MiniOzoneClusterImpl-bdf065e3-4bf0-4703-b3e1-6acc0ac12f97/datanode-1/data-0/containers/hdds
2021-01-18 08:18:57,000 [Thread-140] INFO  ozoneimpl.ContainerReader (ContainerReader.java:readVolume(148)) - Finish verifying containers on volume /github/workspace/mnt/ozone/hadoop-ozone/integration-test/target/test-dir/MiniOzoneClusterImpl-bdf065e3-4bf0-4703-b3e1-6acc0ac12f97/datanode-1/data-0/containers/hdds
2021-01-18 08:18:57,001 [Listener at 127.0.0.1/45853] INFO  ozoneimpl.OzoneContainer (OzoneContainer.java:buildContainerSet(206)) - Build ContainerSet costs 0s
2021-01-18 08:18:57,008 [Listener at 127.0.0.1/45853] INFO  server.RaftServer (ConfUtils.java:logGet(44)) - raft.rpc.type = GRPC (default)
2021-01-18 08:18:57,008 [Listener at 127.0.0.1/45853] INFO  grpc.GrpcFactory (GrpcFactory.java:checkPooledByteBufAllocatorUseCacheForAllThreads(48)) - PERFORMANCE WARNING: useCacheForAllThreads is true that may cause Netty to create a lot garbage objects and, as a result, trigger GC.
	It is recommended to disable useCacheForAllThreads by setting -Dorg.apache.ratis.thirdparty.io.netty.allocator.useCacheForAllThreads=false in command line.
2021-01-18 08:18:57,008 [Listener at 127.0.0.1/45853] INFO  grpc.GrpcConfigKeys (ConfUtils.java:logGet(44)) - raft.grpc.server.port = 0 (default)
2021-01-18 08:18:57,008 [Listener at 127.0.0.1/45853] INFO  server.GrpcService (ConfUtils.java:logGet(44)) - raft.grpc.message.size.max = 32MB (=33554432) (custom)
2021-01-18 08:18:57,008 [Listener at 127.0.0.1/45853] INFO  server.RaftServerConfigKeys (ConfUtils.java:logGet(44)) - raft.server.log.appender.buffer.byte-limit = 33554432 (custom)
2021-01-18 08:18:57,008 [Listener at 127.0.0.1/45853] INFO  server.GrpcService (ConfUtils.java:logGet(44)) - raft.grpc.flow.control.window = 5MB (=5242880) (custom)
2021-01-18 08:18:57,008 [Listener at 127.0.0.1/45853] INFO  server.RaftServerConfigKeys (ConfUtils.java:logGet(44)) - raft.server.rpc.request.timeout = 3000ms (default)
2021-01-18 08:18:57,009 [Listener at 127.0.0.1/45853] INFO  impl.DataStreamServerImpl (ConfUtils.java:logGet(44)) - raft.datastream.type = DISABLED (default)
2021-01-18 08:18:57,010 [Listener at 127.0.0.1/45853] INFO  server.RaftServerConfigKeys (ConfUtils.java:logGet(44)) - raft.server.rpc.slowness.timeout = 300000ms (custom)
2021-01-18 08:18:57,010 [Listener at 127.0.0.1/45853] INFO  server.RaftServerConfigKeys (ConfUtils.java:logGet(44)) - raft.server.leaderelection.leader.step-down.wait-time = 10s (default)
2021-01-18 08:18:57,010 [Listener at 127.0.0.1/45853] INFO  server.RaftServerConfigKeys (ConfUtils.java:logGet(44)) - raft.server.storage.dir = [/github/workspace/mnt/ozone/hadoop-ozone/integration-test/target/test-dir/MiniOzoneClusterImpl-bdf065e3-4bf0-4703-b3e1-6acc0ac12f97/datanode-1/data/ratis] (custom)
2021-01-18 08:18:57,022 [Listener at 127.0.0.1/45853] INFO  http.BaseHttpServer (BaseHttpServer.java:newHttpServer2BuilderForOzone(207)) - Starting Web-server for hddsDatanode at: http://0.0.0.0:0
2021-01-18 08:18:57,022 [Listener at 127.0.0.1/45853] INFO  http.BaseHttpServer (BaseHttpServer.java:<init>(106)) - Hadoop Security Enabled: false Ozone Security Enabled: false Ozone HTTP Security Enabled: false 
2021-01-18 08:18:57,024 [Listener at 127.0.0.1/45853] INFO  server.AuthenticationFilter (AuthenticationFilter.java:constructSecretProvider(240)) - Unable to initialize FileSignerSecretProvider, falling back to use random secrets.
2021-01-18 08:18:57,036 [Listener at 127.0.0.1/45853] WARN  http.HttpRequestLog (HttpRequestLog.java:getRequestLog(103)) - Jetty request log can only be enabled using Log4j
2021-01-18 08:18:57,037 [Listener at 127.0.0.1/45853] INFO  http.HttpServer2 (HttpServer2.java:addGlobalFilter(1020)) - Added global filter 'safety' (class=org.apache.hadoop.hdds.server.http.HttpServer2$QuotingInputFilter)
2021-01-18 08:18:57,038 [Listener at 127.0.0.1/45853] INFO  http.HttpServer2 (HttpServer2.java:addFilter(996)) - Added filter static_user_filter (class=org.apache.hadoop.http.lib.StaticUserWebFilter$StaticUserFilter) to context hddsDatanode
2021-01-18 08:18:57,038 [Listener at 127.0.0.1/45853] INFO  http.HttpServer2 (HttpServer2.java:addFilter(1004)) - Added filter static_user_filter (class=org.apache.hadoop.http.lib.StaticUserWebFilter$StaticUserFilter) to context logs
2021-01-18 08:18:57,038 [Listener at 127.0.0.1/45853] INFO  http.HttpServer2 (HttpServer2.java:addFilter(1004)) - Added filter static_user_filter (class=org.apache.hadoop.http.lib.StaticUserWebFilter$StaticUserFilter) to context static
2021-01-18 08:18:57,038 [Listener at 127.0.0.1/45853] INFO  http.HttpServer2 (HttpServer2.java:bindListener(1238)) - Jetty bound to port 33555
2021-01-18 08:18:57,039 [Listener at 127.0.0.1/45853] INFO  server.Server (Server.java:doStart(375)) - jetty-9.4.34.v20201102; built: 2020-11-02T14:15:39.302Z; git: e46af88704a893fc12cb0e3bf46e2c7b48a009e7; jvm 1.8.0_232-b09
2021-01-18 08:18:57,103 [Listener at 127.0.0.1/45853] INFO  server.session (DefaultSessionIdManager.java:doStart(334)) - DefaultSessionIdManager workerName=node0
2021-01-18 08:18:57,103 [Listener at 127.0.0.1/45853] INFO  server.session (DefaultSessionIdManager.java:doStart(339)) - No SessionScavenger set, using defaults
2021-01-18 08:18:57,103 [Listener at 127.0.0.1/45853] INFO  server.session (HouseKeeper.java:startScavenging(132)) - node0 Scavenging every 600000ms
2021-01-18 08:18:57,104 [Listener at 127.0.0.1/45853] INFO  handler.ContextHandler (ContextHandler.java:doStart(916)) - Started o.e.j.s.ServletContextHandler@75a0e0c2{logs,/logs,file:///github/workspace/mnt/ozone/hadoop-ozone/integration-test/target/log,AVAILABLE}
2021-01-18 08:18:57,105 [Listener at 127.0.0.1/45853] INFO  handler.ContextHandler (ContextHandler.java:doStart(916)) - Started o.e.j.s.ServletContextHandler@66851c18{static,/static,jar:file:/home/user/.m2/repository/org/apache/hadoop/hadoop-hdds-container-service/1.1.0-SNAPSHOT/hadoop-hdds-container-service-1.1.0-SNAPSHOT.jar!/webapps/static,AVAILABLE}
2021-01-18 08:18:57,136 [Datanode State Machine Task Thread - 0] INFO  datanode.InitDatanodeState (InitDatanodeState.java:persistContainerDatanodeDetails(145)) - DatanodeDetails is persisted to /github/workspace/mnt/ozone/hadoop-ozone/integration-test/target/test-dir/MiniOzoneClusterImpl-bdf065e3-4bf0-4703-b3e1-6acc0ac12f97/datanode-0/meta/datanode.id
2021-01-18 08:18:57,265 [Listener at 127.0.0.1/45853] INFO  handler.ContextHandler (ContextHandler.java:doStart(916)) - Started o.e.j.w.WebAppContext@76334a3a{hddsDatanode,/,file:///tmp/jetty-0_0_0_0-33555-hadoop-hdds-container-service-1_1_0-SNAPSHOT_jar-_-any-1188189088253351280/webapp/,AVAILABLE}{jar:file:/home/user/.m2/repository/org/apache/hadoop/hadoop-hdds-container-service/1.1.0-SNAPSHOT/hadoop-hdds-container-service-1.1.0-SNAPSHOT.jar!/webapps/hddsDatanode}
2021-01-18 08:18:57,267 [Listener at 127.0.0.1/45853] INFO  server.AbstractConnector (AbstractConnector.java:doStart(331)) - Started ServerConnector@27e80cfa{HTTP/1.1, (http/1.1)}{0.0.0.0:33555}
2021-01-18 08:18:57,267 [Listener at 127.0.0.1/45853] INFO  server.Server (Server.java:doStart(415)) - Started @5038ms
2021-01-18 08:18:57,267 [Listener at 127.0.0.1/45853] WARN  impl.MetricsSystemImpl (MetricsSystemImpl.java:register(276)) - Sink prometheus already exists!
2021-01-18 08:18:57,271 [Listener at 127.0.0.1/45853] INFO  http.BaseHttpServer (BaseHttpServer.java:updateConnectorAddress(327)) - HTTP server of hddsDatanode listening at http://0.0.0.0:33555
2021-01-18 08:18:57,271 [Listener at 127.0.0.1/45853] INFO  impl.MetricsSystemImpl (MetricsSystemImpl.java:init(158)) - HddsDatanode metrics system started (again)
2021-01-18 08:18:57,273 [Listener at 127.0.0.1/45853] INFO  ozone.HddsDatanodeService (HddsDatanodeService.java:start(215)) - HddsDatanodeService host:dc3504268712 ip:172.17.0.2
2021-01-18 08:18:57,275 [Listener at 127.0.0.1/45853] INFO  volume.HddsVolume (HddsVolume.java:<init>(176)) - Creating Volume: /github/workspace/mnt/ozone/hadoop-ozone/integration-test/target/test-dir/MiniOzoneClusterImpl-bdf065e3-4bf0-4703-b3e1-6acc0ac12f97/datanode-2/data-0/containers/hdds of storage type : DISK and capacity : 9223372036854775807
2021-01-18 08:18:57,276 [Listener at 127.0.0.1/45853] INFO  volume.MutableVolumeSet (MutableVolumeSet.java:initializeVolumeSet(179)) - Added Volume : /github/workspace/mnt/ozone/hadoop-ozone/integration-test/target/test-dir/MiniOzoneClusterImpl-bdf065e3-4bf0-4703-b3e1-6acc0ac12f97/datanode-2/data-0/containers/hdds to VolumeSet
2021-01-18 08:18:57,277 [Listener at 127.0.0.1/45853] INFO  volume.ThrottledAsyncChecker (ThrottledAsyncChecker.java:schedule(141)) - Scheduling a check for /github/workspace/mnt/ozone/hadoop-ozone/integration-test/target/test-dir/MiniOzoneClusterImpl-bdf065e3-4bf0-4703-b3e1-6acc0ac12f97/datanode-2/data-0/containers/hdds
2021-01-18 08:18:57,278 [Listener at 127.0.0.1/45853] INFO  volume.HddsVolumeChecker (HddsVolumeChecker.java:checkAllVolumes(200)) - Scheduled health check for volume /github/workspace/mnt/ozone/hadoop-ozone/integration-test/target/test-dir/MiniOzoneClusterImpl-bdf065e3-4bf0-4703-b3e1-6acc0ac12f97/datanode-2/data-0/containers/hdds
2021-01-18 08:18:57,289 [Thread-98] INFO  impl.FollowerState (FollowerState.java:run(133)) - om1@group-C5BA1605619E-FollowerState: change to CANDIDATE, lastRpcElapsedTime:1042771666ns, electionTimeout:1038ms
2021-01-18 08:18:57,290 [Thread-98] INFO  impl.RoleInfo (RoleInfo.java:shutdownFollowerState(108)) - om1: shutdown om1@group-C5BA1605619E-FollowerState
2021-01-18 08:18:57,290 [Thread-98] INFO  server.RaftServer$Division (RaftServerImpl.java:setRole(283)) - om1@group-C5BA1605619E: changes role from  FOLLOWER to CANDIDATE at term 0 for changeToCandidate
2021-01-18 08:18:57,301 [Thread-98] INFO  impl.RoleInfo (RoleInfo.java:updateAndGet(130)) - om1: start om1@group-C5BA1605619E-LeaderElection1
2021-01-18 08:18:57,301 [Thread-154] INFO  ozoneimpl.ContainerReader (ContainerReader.java:readVolume(123)) - Start to verify containers on volume /github/workspace/mnt/ozone/hadoop-ozone/integration-test/target/test-dir/MiniOzoneClusterImpl-bdf065e3-4bf0-4703-b3e1-6acc0ac12f97/datanode-2/data-0/containers/hdds
2021-01-18 08:18:57,301 [Thread-154] INFO  ozoneimpl.ContainerReader (ContainerReader.java:readVolume(148)) - Finish verifying containers on volume /github/workspace/mnt/ozone/hadoop-ozone/integration-test/target/test-dir/MiniOzoneClusterImpl-bdf065e3-4bf0-4703-b3e1-6acc0ac12f97/datanode-2/data-0/containers/hdds
2021-01-18 08:18:57,302 [Listener at 127.0.0.1/45853] INFO  ozoneimpl.OzoneContainer (OzoneContainer.java:buildContainerSet(206)) - Build ContainerSet costs 0s
2021-01-18 08:18:57,302 [org.apache.hadoop.util.JvmPauseMonitor$Monitor@366f7997] INFO  util.JvmPauseMonitor (JvmPauseMonitor.java:run(188)) - Starting JVM pause monitor
2021-01-18 08:18:57,304 [Listener at 127.0.0.1/45853] INFO  server.RaftServer (ConfUtils.java:logGet(44)) - raft.rpc.type = GRPC (default)
2021-01-18 08:18:57,304 [Listener at 127.0.0.1/45853] INFO  grpc.GrpcFactory (GrpcFactory.java:checkPooledByteBufAllocatorUseCacheForAllThreads(48)) - PERFORMANCE WARNING: useCacheForAllThreads is true that may cause Netty to create a lot garbage objects and, as a result, trigger GC.
	It is recommended to disable useCacheForAllThreads by setting -Dorg.apache.ratis.thirdparty.io.netty.allocator.useCacheForAllThreads=false in command line.
2021-01-18 08:18:57,305 [Listener at 127.0.0.1/45853] INFO  grpc.GrpcConfigKeys (ConfUtils.java:logGet(44)) - raft.grpc.server.port = 0 (default)
2021-01-18 08:18:57,305 [Listener at 127.0.0.1/45853] INFO  server.GrpcService (ConfUtils.java:logGet(44)) - raft.grpc.message.size.max = 32MB (=33554432) (custom)
2021-01-18 08:18:57,305 [Listener at 127.0.0.1/45853] INFO  server.RaftServerConfigKeys (ConfUtils.java:logGet(44)) - raft.server.log.appender.buffer.byte-limit = 33554432 (custom)
2021-01-18 08:18:57,305 [Listener at 127.0.0.1/45853] INFO  server.GrpcService (ConfUtils.java:logGet(44)) - raft.grpc.flow.control.window = 5MB (=5242880) (custom)
2021-01-18 08:18:57,305 [Listener at 127.0.0.1/45853] INFO  server.RaftServerConfigKeys (ConfUtils.java:logGet(44)) - raft.server.rpc.request.timeout = 3000ms (default)
2021-01-18 08:18:57,306 [Listener at 127.0.0.1/45853] INFO  impl.DataStreamServerImpl (ConfUtils.java:logGet(44)) - raft.datastream.type = DISABLED (default)
2021-01-18 08:18:57,306 [Listener at 127.0.0.1/45853] INFO  server.RaftServerConfigKeys (ConfUtils.java:logGet(44)) - raft.server.rpc.slowness.timeout = 300000ms (custom)
2021-01-18 08:18:57,306 [Listener at 127.0.0.1/45853] INFO  server.RaftServerConfigKeys (ConfUtils.java:logGet(44)) - raft.server.leaderelection.leader.step-down.wait-time = 10s (default)
2021-01-18 08:18:57,307 [Listener at 127.0.0.1/45853] INFO  server.RaftServerConfigKeys (ConfUtils.java:logGet(44)) - raft.server.storage.dir = [/github/workspace/mnt/ozone/hadoop-ozone/integration-test/target/test-dir/MiniOzoneClusterImpl-bdf065e3-4bf0-4703-b3e1-6acc0ac12f97/datanode-2/data/ratis] (custom)
2021-01-18 08:18:57,311 [om1@group-C5BA1605619E-LeaderElection1] INFO  impl.LeaderElection (LeaderElection.java:askForPreVotes(259)) - om1@group-C5BA1605619E-LeaderElection1: begin a pre-vote at term 0 for -1: [om1|rpc:localhost:9872|priority:0], old=null
2021-01-18 08:18:57,312 [om1@group-C5BA1605619E-LeaderElection1] INFO  impl.LeaderElection (LeaderElection.java:askForPreVotes(261)) - om1@group-C5BA1605619E-LeaderElection1 pre-vote result is PASSED.
2021-01-18 08:18:57,313 [Listener at 127.0.0.1/45853] INFO  http.BaseHttpServer (BaseHttpServer.java:newHttpServer2BuilderForOzone(207)) - Starting Web-server for hddsDatanode at: http://0.0.0.0:0
2021-01-18 08:18:57,313 [Listener at 127.0.0.1/45853] INFO  http.BaseHttpServer (BaseHttpServer.java:<init>(106)) - Hadoop Security Enabled: false Ozone Security Enabled: false Ozone HTTP Security Enabled: false 
2021-01-18 08:18:57,315 [Listener at 127.0.0.1/45853] INFO  server.AuthenticationFilter (AuthenticationFilter.java:constructSecretProvider(240)) - Unable to initialize FileSignerSecretProvider, falling back to use random secrets.
2021-01-18 08:18:57,315 [om1@group-C5BA1605619E-LeaderElection1] INFO  impl.LeaderElection (LeaderElection.java:askForVotes(308)) - om1@group-C5BA1605619E-LeaderElection1: begin an election at term 1 for -1: [om1|rpc:localhost:9872|priority:0], old=null
2021-01-18 08:18:57,315 [om1@group-C5BA1605619E-LeaderElection1] INFO  impl.RoleInfo (RoleInfo.java:shutdownLeaderElection(121)) - om1: shutdown om1@group-C5BA1605619E-LeaderElection1
2021-01-18 08:18:57,316 [om1@group-C5BA1605619E-LeaderElection1] INFO  server.RaftServer$Division (RaftServerImpl.java:setRole(283)) - om1@group-C5BA1605619E: changes role from CANDIDATE to LEADER at term 1 for changeToLeader
2021-01-18 08:18:57,316 [om1@group-C5BA1605619E-LeaderElection1] INFO  server.RaftServer$Division (ServerState.java:setLeader(249)) - om1@group-C5BA1605619E: change Leader from null to om1 at term 1 for becomeLeader, leader elected after 1163ms
2021-01-18 08:18:57,321 [Listener at 127.0.0.1/45853] WARN  http.HttpRequestLog (HttpRequestLog.java:getRequestLog(103)) - Jetty request log can only be enabled using Log4j
2021-01-18 08:18:57,322 [Listener at 127.0.0.1/45853] INFO  http.HttpServer2 (HttpServer2.java:addGlobalFilter(1020)) - Added global filter 'safety' (class=org.apache.hadoop.hdds.server.http.HttpServer2$QuotingInputFilter)
2021-01-18 08:18:57,322 [Listener at 127.0.0.1/45853] INFO  http.HttpServer2 (HttpServer2.java:addFilter(996)) - Added filter static_user_filter (class=org.apache.hadoop.http.lib.StaticUserWebFilter$StaticUserFilter) to context hddsDatanode
2021-01-18 08:18:57,322 [Listener at 127.0.0.1/45853] INFO  http.HttpServer2 (HttpServer2.java:addFilter(1004)) - Added filter static_user_filter (class=org.apache.hadoop.http.lib.StaticUserWebFilter$StaticUserFilter) to context static
2021-01-18 08:18:57,323 [Listener at 127.0.0.1/45853] INFO  http.HttpServer2 (HttpServer2.java:addFilter(1004)) - Added filter static_user_filter (class=org.apache.hadoop.http.lib.StaticUserWebFilter$StaticUserFilter) to context logs
2021-01-18 08:18:57,323 [Listener at 127.0.0.1/45853] INFO  http.HttpServer2 (HttpServer2.java:bindListener(1238)) - Jetty bound to port 45409
2021-01-18 08:18:57,323 [Listener at 127.0.0.1/45853] INFO  server.Server (Server.java:doStart(375)) - jetty-9.4.34.v20201102; built: 2020-11-02T14:15:39.302Z; git: e46af88704a893fc12cb0e3bf46e2c7b48a009e7; jvm 1.8.0_232-b09
2021-01-18 08:18:57,328 [Datanode State Machine Task Thread - 0] INFO  datanode.InitDatanodeState (InitDatanodeState.java:persistContainerDatanodeDetails(145)) - DatanodeDetails is persisted to /github/workspace/mnt/ozone/hadoop-ozone/integration-test/target/test-dir/MiniOzoneClusterImpl-bdf065e3-4bf0-4703-b3e1-6acc0ac12f97/datanode-1/meta/datanode.id
2021-01-18 08:18:57,325 [om1@group-C5BA1605619E-LeaderElection1] INFO  server.RaftServerConfigKeys (ConfUtils.java:logGet(44)) - raft.server.staging.catchup.gap = 1000 (default)
2021-01-18 08:18:57,336 [Listener at 127.0.0.1/45853] INFO  server.session (DefaultSessionIdManager.java:doStart(334)) - DefaultSessionIdManager workerName=node0
2021-01-18 08:18:57,336 [Listener at 127.0.0.1/45853] INFO  server.session (DefaultSessionIdManager.java:doStart(339)) - No SessionScavenger set, using defaults
2021-01-18 08:18:57,336 [om1@group-C5BA1605619E-LeaderElection1] INFO  metrics.RatisMetrics (RatisMetrics.java:lambda$create$0(36)) - Creating Metrics Registry : ratis.log_appender.om1@group-C5BA1605619E
2021-01-18 08:18:57,336 [Listener at 127.0.0.1/45853] INFO  server.session (HouseKeeper.java:startScavenging(132)) - node0 Scavenging every 660000ms
2021-01-18 08:18:57,338 [om1@group-C5BA1605619E-LeaderElection1] INFO  server.RaftServerConfigKeys (ConfUtils.java:logGet(44)) - raft.server.write.element-limit = 4096 (default)
2021-01-18 08:18:57,338 [om1@group-C5BA1605619E-LeaderElection1] INFO  server.RaftServerConfigKeys (ConfUtils.java:logGet(44)) - raft.server.write.byte-limit = 64MB (=67108864) (default)
2021-01-18 08:18:57,340 [Listener at 127.0.0.1/45853] INFO  handler.ContextHandler (ContextHandler.java:doStart(916)) - Started o.e.j.s.ServletContextHandler@b0bd567{logs,/logs,file:///github/workspace/mnt/ozone/hadoop-ozone/integration-test/target/log,AVAILABLE}
2021-01-18 08:18:57,340 [Listener at 127.0.0.1/45853] INFO  handler.ContextHandler (ContextHandler.java:doStart(916)) - Started o.e.j.s.ServletContextHandler@248227db{static,/static,jar:file:/home/user/.m2/repository/org/apache/hadoop/hadoop-hdds-container-service/1.1.0-SNAPSHOT/hadoop-hdds-container-service-1.1.0-SNAPSHOT.jar!/webapps/static,AVAILABLE}
2021-01-18 08:18:57,351 [om1@group-C5BA1605619E-LeaderElection1] INFO  server.RaftServerConfigKeys (ConfUtils.java:logGet(44)) - raft.server.watch.timeout = 10s (default)
2021-01-18 08:18:57,351 [om1@group-C5BA1605619E-LeaderElection1] INFO  server.RaftServerConfigKeys (ConfUtils.java:logGet(44)) - raft.server.watch.timeout.denomination = 1s (default)
2021-01-18 08:18:57,352 [om1@group-C5BA1605619E-LeaderElection1] INFO  server.RaftServerConfigKeys (ConfUtils.java:logGet(44)) - raft.server.watch.element-limit = 65536 (default)
2021-01-18 08:18:57,364 [om1@group-C5BA1605619E-LeaderElection1] INFO  impl.RoleInfo (RoleInfo.java:updateAndGet(130)) - om1: start om1@group-C5BA1605619E-LeaderStateImpl
2021-01-18 08:18:57,400 [om1@group-C5BA1605619E-LeaderElection1] INFO  segmented.SegmentedRaftLogWorker (SegmentedRaftLogWorker.java:startLogSegment(392)) - om1@group-C5BA1605619E-SegmentedRaftLogWorker: Starting segment from index:0
2021-01-18 08:18:57,462 [om1@group-C5BA1605619E-LeaderElection1] INFO  server.RaftServer$Division (ServerState.java:setRaftConf(368)) - om1@group-C5BA1605619E: set configuration 0: [om1|rpc:localhost:9872|dataStream:|priority:0], old=null
2021-01-18 08:18:57,541 [Listener at 127.0.0.1/45853] INFO  handler.ContextHandler (ContextHandler.java:doStart(916)) - Started o.e.j.w.WebAppContext@4a6c33a0{hddsDatanode,/,file:///tmp/jetty-0_0_0_0-45409-hadoop-hdds-container-service-1_1_0-SNAPSHOT_jar-_-any-5483178464524349588/webapp/,AVAILABLE}{jar:file:/home/user/.m2/repository/org/apache/hadoop/hadoop-hdds-container-service/1.1.0-SNAPSHOT/hadoop-hdds-container-service-1.1.0-SNAPSHOT.jar!/webapps/hddsDatanode}
2021-01-18 08:18:57,542 [Listener at 127.0.0.1/45853] INFO  server.AbstractConnector (AbstractConnector.java:doStart(331)) - Started ServerConnector@43c25e89{HTTP/1.1, (http/1.1)}{0.0.0.0:45409}
2021-01-18 08:18:57,542 [Listener at 127.0.0.1/45853] INFO  server.Server (Server.java:doStart(415)) - Started @5314ms
2021-01-18 08:18:57,542 [Listener at 127.0.0.1/45853] WARN  impl.MetricsSystemImpl (MetricsSystemImpl.java:register(276)) - Sink prometheus already exists!
2021-01-18 08:18:57,547 [Listener at 127.0.0.1/45853] INFO  http.BaseHttpServer (BaseHttpServer.java:updateConnectorAddress(327)) - HTTP server of hddsDatanode listening at http://0.0.0.0:45409
2021-01-18 08:18:57,548 [Listener at 127.0.0.1/45853] INFO  impl.MetricsSystemImpl (MetricsSystemImpl.java:init(158)) - HddsDatanode metrics system started (again)
2021-01-18 08:18:57,568 [om1@group-C5BA1605619E-SegmentedRaftLogWorker] INFO  segmented.SegmentedRaftLogWorker (SegmentedRaftLogWorker.java:execute(599)) - om1@group-C5BA1605619E-SegmentedRaftLogWorker: created new log segment /github/workspace/mnt/ozone/hadoop-ozone/integration-test/target/test-dir/MiniOzoneClusterImpl-bdf065e3-4bf0-4703-b3e1-6acc0ac12f97/ozone-meta/ratis/bf265839-605b-3f16-9796-c5ba1605619e/current/log_inprogress_0
2021-01-18 08:18:57,570 [Listener at 127.0.0.1/45853] INFO  ozone.HddsDatanodeService (HddsDatanodeService.java:start(215)) - HddsDatanodeService host:dc3504268712 ip:172.17.0.2
2021-01-18 08:18:57,571 [org.apache.hadoop.util.JvmPauseMonitor$Monitor@59d4c331] INFO  util.JvmPauseMonitor (JvmPauseMonitor.java:run(188)) - Starting JVM pause monitor
2021-01-18 08:18:57,574 [Listener at 127.0.0.1/45853] INFO  volume.HddsVolume (HddsVolume.java:<init>(176)) - Creating Volume: /github/workspace/mnt/ozone/hadoop-ozone/integration-test/target/test-dir/MiniOzoneClusterImpl-bdf065e3-4bf0-4703-b3e1-6acc0ac12f97/datanode-3/data-0/containers/hdds of storage type : DISK and capacity : 9223372036854775807
2021-01-18 08:18:57,574 [Listener at 127.0.0.1/45853] INFO  volume.MutableVolumeSet (MutableVolumeSet.java:initializeVolumeSet(179)) - Added Volume : /github/workspace/mnt/ozone/hadoop-ozone/integration-test/target/test-dir/MiniOzoneClusterImpl-bdf065e3-4bf0-4703-b3e1-6acc0ac12f97/datanode-3/data-0/containers/hdds to VolumeSet
2021-01-18 08:18:57,574 [Listener at 127.0.0.1/45853] INFO  volume.ThrottledAsyncChecker (ThrottledAsyncChecker.java:schedule(141)) - Scheduling a check for /github/workspace/mnt/ozone/hadoop-ozone/integration-test/target/test-dir/MiniOzoneClusterImpl-bdf065e3-4bf0-4703-b3e1-6acc0ac12f97/datanode-3/data-0/containers/hdds
2021-01-18 08:18:57,577 [Datanode State Machine Task Thread - 0] INFO  datanode.InitDatanodeState (InitDatanodeState.java:persistContainerDatanodeDetails(145)) - DatanodeDetails is persisted to /github/workspace/mnt/ozone/hadoop-ozone/integration-test/target/test-dir/MiniOzoneClusterImpl-bdf065e3-4bf0-4703-b3e1-6acc0ac12f97/datanode-2/meta/datanode.id
2021-01-18 08:18:57,579 [Listener at 127.0.0.1/45853] INFO  volume.HddsVolumeChecker (HddsVolumeChecker.java:checkAllVolumes(200)) - Scheduled health check for volume /github/workspace/mnt/ozone/hadoop-ozone/integration-test/target/test-dir/MiniOzoneClusterImpl-bdf065e3-4bf0-4703-b3e1-6acc0ac12f97/datanode-3/data-0/containers/hdds
2021-01-18 08:18:57,610 [Thread-166] INFO  ozoneimpl.ContainerReader (ContainerReader.java:readVolume(123)) - Start to verify containers on volume /github/workspace/mnt/ozone/hadoop-ozone/integration-test/target/test-dir/MiniOzoneClusterImpl-bdf065e3-4bf0-4703-b3e1-6acc0ac12f97/datanode-3/data-0/containers/hdds
2021-01-18 08:18:57,610 [Thread-166] INFO  ozoneimpl.ContainerReader (ContainerReader.java:readVolume(148)) - Finish verifying containers on volume /github/workspace/mnt/ozone/hadoop-ozone/integration-test/target/test-dir/MiniOzoneClusterImpl-bdf065e3-4bf0-4703-b3e1-6acc0ac12f97/datanode-3/data-0/containers/hdds
2021-01-18 08:18:57,610 [Listener at 127.0.0.1/45853] INFO  ozoneimpl.OzoneContainer (OzoneContainer.java:buildContainerSet(206)) - Build ContainerSet costs 0s
2021-01-18 08:18:57,614 [Listener at 127.0.0.1/45853] INFO  server.RaftServer (ConfUtils.java:logGet(44)) - raft.rpc.type = GRPC (default)
2021-01-18 08:18:57,615 [Listener at 127.0.0.1/45853] INFO  grpc.GrpcFactory (GrpcFactory.java:checkPooledByteBufAllocatorUseCacheForAllThreads(48)) - PERFORMANCE WARNING: useCacheForAllThreads is true that may cause Netty to create a lot garbage objects and, as a result, trigger GC.
	It is recommended to disable useCacheForAllThreads by setting -Dorg.apache.ratis.thirdparty.io.netty.allocator.useCacheForAllThreads=false in command line.
2021-01-18 08:18:57,616 [Listener at 127.0.0.1/45853] INFO  grpc.GrpcConfigKeys (ConfUtils.java:logGet(44)) - raft.grpc.server.port = 0 (default)
2021-01-18 08:18:57,617 [Listener at 127.0.0.1/45853] INFO  server.GrpcService (ConfUtils.java:logGet(44)) - raft.grpc.message.size.max = 32MB (=33554432) (custom)
2021-01-18 08:18:57,617 [Listener at 127.0.0.1/45853] INFO  server.RaftServerConfigKeys (ConfUtils.java:logGet(44)) - raft.server.log.appender.buffer.byte-limit = 33554432 (custom)
2021-01-18 08:18:57,617 [Listener at 127.0.0.1/45853] INFO  server.GrpcService (ConfUtils.java:logGet(44)) - raft.grpc.flow.control.window = 5MB (=5242880) (custom)
2021-01-18 08:18:57,617 [Listener at 127.0.0.1/45853] INFO  server.RaftServerConfigKeys (ConfUtils.java:logGet(44)) - raft.server.rpc.request.timeout = 3000ms (default)
2021-01-18 08:18:57,618 [Listener at 127.0.0.1/45853] INFO  impl.DataStreamServerImpl (ConfUtils.java:logGet(44)) - raft.datastream.type = DISABLED (default)
2021-01-18 08:18:57,619 [Listener at 127.0.0.1/45853] INFO  server.RaftServerConfigKeys (ConfUtils.java:logGet(44)) - raft.server.rpc.slowness.timeout = 300000ms (custom)
2021-01-18 08:18:57,620 [Listener at 127.0.0.1/45853] INFO  server.RaftServerConfigKeys (ConfUtils.java:logGet(44)) - raft.server.leaderelection.leader.step-down.wait-time = 10s (default)
2021-01-18 08:18:57,620 [Listener at 127.0.0.1/45853] INFO  server.RaftServerConfigKeys (ConfUtils.java:logGet(44)) - raft.server.storage.dir = [/github/workspace/mnt/ozone/hadoop-ozone/integration-test/target/test-dir/MiniOzoneClusterImpl-bdf065e3-4bf0-4703-b3e1-6acc0ac12f97/datanode-3/data/ratis] (custom)
2021-01-18 08:18:57,632 [Listener at 127.0.0.1/45853] INFO  http.BaseHttpServer (BaseHttpServer.java:newHttpServer2BuilderForOzone(207)) - Starting Web-server for hddsDatanode at: http://0.0.0.0:0
2021-01-18 08:18:57,632 [Listener at 127.0.0.1/45853] INFO  http.BaseHttpServer (BaseHttpServer.java:<init>(106)) - Hadoop Security Enabled: false Ozone Security Enabled: false Ozone HTTP Security Enabled: false 
2021-01-18 08:18:57,634 [Listener at 127.0.0.1/45853] INFO  server.AuthenticationFilter (AuthenticationFilter.java:constructSecretProvider(240)) - Unable to initialize FileSignerSecretProvider, falling back to use random secrets.
2021-01-18 08:18:57,634 [Listener at 127.0.0.1/45853] WARN  http.HttpRequestLog (HttpRequestLog.java:getRequestLog(103)) - Jetty request log can only be enabled using Log4j
2021-01-18 08:18:57,635 [Listener at 127.0.0.1/45853] INFO  http.HttpServer2 (HttpServer2.java:addGlobalFilter(1020)) - Added global filter 'safety' (class=org.apache.hadoop.hdds.server.http.HttpServer2$QuotingInputFilter)
2021-01-18 08:18:57,637 [Listener at 127.0.0.1/45853] INFO  http.HttpServer2 (HttpServer2.java:addFilter(996)) - Added filter static_user_filter (class=org.apache.hadoop.http.lib.StaticUserWebFilter$StaticUserFilter) to context hddsDatanode
2021-01-18 08:18:57,637 [Listener at 127.0.0.1/45853] INFO  http.HttpServer2 (HttpServer2.java:addFilter(1004)) - Added filter static_user_filter (class=org.apache.hadoop.http.lib.StaticUserWebFilter$StaticUserFilter) to context static
2021-01-18 08:18:57,637 [Listener at 127.0.0.1/45853] INFO  http.HttpServer2 (HttpServer2.java:addFilter(1004)) - Added filter static_user_filter (class=org.apache.hadoop.http.lib.StaticUserWebFilter$StaticUserFilter) to context logs
2021-01-18 08:18:57,638 [Listener at 127.0.0.1/45853] INFO  http.HttpServer2 (HttpServer2.java:bindListener(1238)) - Jetty bound to port 35149
2021-01-18 08:18:57,638 [Listener at 127.0.0.1/45853] INFO  server.Server (Server.java:doStart(375)) - jetty-9.4.34.v20201102; built: 2020-11-02T14:15:39.302Z; git: e46af88704a893fc12cb0e3bf46e2c7b48a009e7; jvm 1.8.0_232-b09
2021-01-18 08:18:57,645 [Listener at 127.0.0.1/45853] INFO  server.session (DefaultSessionIdManager.java:doStart(334)) - DefaultSessionIdManager workerName=node0
2021-01-18 08:18:57,645 [Listener at 127.0.0.1/45853] INFO  server.session (DefaultSessionIdManager.java:doStart(339)) - No SessionScavenger set, using defaults
2021-01-18 08:18:57,645 [Listener at 127.0.0.1/45853] INFO  server.session (HouseKeeper.java:startScavenging(132)) - node0 Scavenging every 600000ms
2021-01-18 08:18:57,647 [Listener at 127.0.0.1/45853] INFO  handler.ContextHandler (ContextHandler.java:doStart(916)) - Started o.e.j.s.ServletContextHandler@665fb1d8{logs,/logs,file:///github/workspace/mnt/ozone/hadoop-ozone/integration-test/target/log,AVAILABLE}
2021-01-18 08:18:57,648 [Listener at 127.0.0.1/45853] INFO  handler.ContextHandler (ContextHandler.java:doStart(916)) - Started o.e.j.s.ServletContextHandler@43376a03{static,/static,jar:file:/home/user/.m2/repository/org/apache/hadoop/hadoop-hdds-container-service/1.1.0-SNAPSHOT/hadoop-hdds-container-service-1.1.0-SNAPSHOT.jar!/webapps/static,AVAILABLE}
2021-01-18 08:18:57,784 [Listener at 127.0.0.1/45853] INFO  handler.ContextHandler (ContextHandler.java:doStart(916)) - Started o.e.j.w.WebAppContext@7475f071{hddsDatanode,/,file:///tmp/jetty-0_0_0_0-35149-hadoop-hdds-container-service-1_1_0-SNAPSHOT_jar-_-any-3038914140771722807/webapp/,AVAILABLE}{jar:file:/home/user/.m2/repository/org/apache/hadoop/hadoop-hdds-container-service/1.1.0-SNAPSHOT/hadoop-hdds-container-service-1.1.0-SNAPSHOT.jar!/webapps/hddsDatanode}
2021-01-18 08:18:57,786 [Listener at 127.0.0.1/45853] INFO  server.AbstractConnector (AbstractConnector.java:doStart(331)) - Started ServerConnector@663d59ed{HTTP/1.1, (http/1.1)}{0.0.0.0:35149}
2021-01-18 08:18:57,786 [Listener at 127.0.0.1/45853] INFO  server.Server (Server.java:doStart(415)) - Started @5558ms
2021-01-18 08:18:57,786 [Listener at 127.0.0.1/45853] WARN  impl.MetricsSystemImpl (MetricsSystemImpl.java:register(276)) - Sink prometheus already exists!
2021-01-18 08:18:57,790 [Listener at 127.0.0.1/45853] INFO  http.BaseHttpServer (BaseHttpServer.java:updateConnectorAddress(327)) - HTTP server of hddsDatanode listening at http://0.0.0.0:35149
2021-01-18 08:18:57,790 [Listener at 127.0.0.1/45853] INFO  impl.MetricsSystemImpl (MetricsSystemImpl.java:init(158)) - HddsDatanode metrics system started (again)
2021-01-18 08:18:57,792 [Listener at 127.0.0.1/45853] INFO  ozone.HddsDatanodeService (HddsDatanodeService.java:start(215)) - HddsDatanodeService host:dc3504268712 ip:172.17.0.2
2021-01-18 08:18:57,794 [org.apache.hadoop.util.JvmPauseMonitor$Monitor@733145a4] INFO  util.JvmPauseMonitor (JvmPauseMonitor.java:run(188)) - Starting JVM pause monitor
2021-01-18 08:18:57,795 [Datanode State Machine Task Thread - 0] INFO  datanode.InitDatanodeState (InitDatanodeState.java:persistContainerDatanodeDetails(145)) - DatanodeDetails is persisted to /github/workspace/mnt/ozone/hadoop-ozone/integration-test/target/test-dir/MiniOzoneClusterImpl-bdf065e3-4bf0-4703-b3e1-6acc0ac12f97/datanode-3/meta/datanode.id
2021-01-18 08:18:57,796 [Listener at 127.0.0.1/45853] INFO  volume.HddsVolume (HddsVolume.java:<init>(176)) - Creating Volume: /github/workspace/mnt/ozone/hadoop-ozone/integration-test/target/test-dir/MiniOzoneClusterImpl-bdf065e3-4bf0-4703-b3e1-6acc0ac12f97/datanode-4/data-0/containers/hdds of storage type : DISK and capacity : 9223372036854775807
2021-01-18 08:18:57,797 [Listener at 127.0.0.1/45853] INFO  volume.MutableVolumeSet (MutableVolumeSet.java:initializeVolumeSet(179)) - Added Volume : /github/workspace/mnt/ozone/hadoop-ozone/integration-test/target/test-dir/MiniOzoneClusterImpl-bdf065e3-4bf0-4703-b3e1-6acc0ac12f97/datanode-4/data-0/containers/hdds to VolumeSet
2021-01-18 08:18:57,797 [Listener at 127.0.0.1/45853] INFO  volume.ThrottledAsyncChecker (ThrottledAsyncChecker.java:schedule(141)) - Scheduling a check for /github/workspace/mnt/ozone/hadoop-ozone/integration-test/target/test-dir/MiniOzoneClusterImpl-bdf065e3-4bf0-4703-b3e1-6acc0ac12f97/datanode-4/data-0/containers/hdds
2021-01-18 08:18:57,797 [Listener at 127.0.0.1/45853] INFO  volume.HddsVolumeChecker (HddsVolumeChecker.java:checkAllVolumes(200)) - Scheduled health check for volume /github/workspace/mnt/ozone/hadoop-ozone/integration-test/target/test-dir/MiniOzoneClusterImpl-bdf065e3-4bf0-4703-b3e1-6acc0ac12f97/datanode-4/data-0/containers/hdds
2021-01-18 08:18:57,810 [Thread-177] INFO  ozoneimpl.ContainerReader (ContainerReader.java:readVolume(123)) - Start to verify containers on volume /github/workspace/mnt/ozone/hadoop-ozone/integration-test/target/test-dir/MiniOzoneClusterImpl-bdf065e3-4bf0-4703-b3e1-6acc0ac12f97/datanode-4/data-0/containers/hdds
2021-01-18 08:18:57,810 [Thread-177] INFO  ozoneimpl.ContainerReader (ContainerReader.java:readVolume(148)) - Finish verifying containers on volume /github/workspace/mnt/ozone/hadoop-ozone/integration-test/target/test-dir/MiniOzoneClusterImpl-bdf065e3-4bf0-4703-b3e1-6acc0ac12f97/datanode-4/data-0/containers/hdds
2021-01-18 08:18:57,810 [Listener at 127.0.0.1/45853] INFO  ozoneimpl.OzoneContainer (OzoneContainer.java:buildContainerSet(206)) - Build ContainerSet costs 0s
2021-01-18 08:18:57,813 [Listener at 127.0.0.1/45853] INFO  server.RaftServer (ConfUtils.java:logGet(44)) - raft.rpc.type = GRPC (default)
2021-01-18 08:18:57,813 [Listener at 127.0.0.1/45853] INFO  grpc.GrpcFactory (GrpcFactory.java:checkPooledByteBufAllocatorUseCacheForAllThreads(48)) - PERFORMANCE WARNING: useCacheForAllThreads is true that may cause Netty to create a lot garbage objects and, as a result, trigger GC.
	It is recommended to disable useCacheForAllThreads by setting -Dorg.apache.ratis.thirdparty.io.netty.allocator.useCacheForAllThreads=false in command line.
2021-01-18 08:18:57,813 [Listener at 127.0.0.1/45853] INFO  grpc.GrpcConfigKeys (ConfUtils.java:logGet(44)) - raft.grpc.server.port = 0 (default)
2021-01-18 08:18:57,814 [Listener at 127.0.0.1/45853] INFO  server.GrpcService (ConfUtils.java:logGet(44)) - raft.grpc.message.size.max = 32MB (=33554432) (custom)
2021-01-18 08:18:57,814 [Listener at 127.0.0.1/45853] INFO  server.RaftServerConfigKeys (ConfUtils.java:logGet(44)) - raft.server.log.appender.buffer.byte-limit = 33554432 (custom)
2021-01-18 08:18:57,814 [Listener at 127.0.0.1/45853] INFO  server.GrpcService (ConfUtils.java:logGet(44)) - raft.grpc.flow.control.window = 5MB (=5242880) (custom)
2021-01-18 08:18:57,814 [Listener at 127.0.0.1/45853] INFO  server.RaftServerConfigKeys (ConfUtils.java:logGet(44)) - raft.server.rpc.request.timeout = 3000ms (default)
2021-01-18 08:18:57,815 [Listener at 127.0.0.1/45853] INFO  impl.DataStreamServerImpl (ConfUtils.java:logGet(44)) - raft.datastream.type = DISABLED (default)
2021-01-18 08:18:57,815 [Listener at 127.0.0.1/45853] INFO  server.RaftServerConfigKeys (ConfUtils.java:logGet(44)) - raft.server.rpc.slowness.timeout = 300000ms (custom)
2021-01-18 08:18:57,815 [Listener at 127.0.0.1/45853] INFO  server.RaftServerConfigKeys (ConfUtils.java:logGet(44)) - raft.server.leaderelection.leader.step-down.wait-time = 10s (default)
2021-01-18 08:18:57,815 [Listener at 127.0.0.1/45853] INFO  server.RaftServerConfigKeys (ConfUtils.java:logGet(44)) - raft.server.storage.dir = [/github/workspace/mnt/ozone/hadoop-ozone/integration-test/target/test-dir/MiniOzoneClusterImpl-bdf065e3-4bf0-4703-b3e1-6acc0ac12f97/datanode-4/data/ratis] (custom)
2021-01-18 08:18:57,946 [Listener at 127.0.0.1/45853] INFO  http.BaseHttpServer (BaseHttpServer.java:newHttpServer2BuilderForOzone(207)) - Starting Web-server for hddsDatanode at: http://0.0.0.0:0
2021-01-18 08:18:57,947 [Listener at 127.0.0.1/45853] INFO  http.BaseHttpServer (BaseHttpServer.java:<init>(106)) - Hadoop Security Enabled: false Ozone Security Enabled: false Ozone HTTP Security Enabled: false 
2021-01-18 08:18:57,948 [Listener at 127.0.0.1/45853] INFO  server.AuthenticationFilter (AuthenticationFilter.java:constructSecretProvider(240)) - Unable to initialize FileSignerSecretProvider, falling back to use random secrets.
2021-01-18 08:18:57,949 [Listener at 127.0.0.1/45853] WARN  http.HttpRequestLog (HttpRequestLog.java:getRequestLog(103)) - Jetty request log can only be enabled using Log4j
2021-01-18 08:18:57,949 [Listener at 127.0.0.1/45853] INFO  http.HttpServer2 (HttpServer2.java:addGlobalFilter(1020)) - Added global filter 'safety' (class=org.apache.hadoop.hdds.server.http.HttpServer2$QuotingInputFilter)
2021-01-18 08:18:57,950 [Listener at 127.0.0.1/45853] INFO  http.HttpServer2 (HttpServer2.java:addFilter(996)) - Added filter static_user_filter (class=org.apache.hadoop.http.lib.StaticUserWebFilter$StaticUserFilter) to context hddsDatanode
2021-01-18 08:18:57,950 [Listener at 127.0.0.1/45853] INFO  http.HttpServer2 (HttpServer2.java:addFilter(1004)) - Added filter static_user_filter (class=org.apache.hadoop.http.lib.StaticUserWebFilter$StaticUserFilter) to context static
2021-01-18 08:18:57,951 [Listener at 127.0.0.1/45853] INFO  http.HttpServer2 (HttpServer2.java:addFilter(1004)) - Added filter static_user_filter (class=org.apache.hadoop.http.lib.StaticUserWebFilter$StaticUserFilter) to context logs
2021-01-18 08:18:57,951 [Listener at 127.0.0.1/45853] INFO  http.HttpServer2 (HttpServer2.java:bindListener(1238)) - Jetty bound to port 35267
2021-01-18 08:18:57,951 [Listener at 127.0.0.1/45853] INFO  server.Server (Server.java:doStart(375)) - jetty-9.4.34.v20201102; built: 2020-11-02T14:15:39.302Z; git: e46af88704a893fc12cb0e3bf46e2c7b48a009e7; jvm 1.8.0_232-b09
2021-01-18 08:18:57,953 [Listener at 127.0.0.1/45853] INFO  server.session (DefaultSessionIdManager.java:doStart(334)) - DefaultSessionIdManager workerName=node0
2021-01-18 08:18:57,953 [Listener at 127.0.0.1/45853] INFO  server.session (DefaultSessionIdManager.java:doStart(339)) - No SessionScavenger set, using defaults
2021-01-18 08:18:57,953 [Listener at 127.0.0.1/45853] INFO  server.session (HouseKeeper.java:startScavenging(132)) - node0 Scavenging every 600000ms
2021-01-18 08:18:57,954 [Listener at 127.0.0.1/45853] INFO  handler.ContextHandler (ContextHandler.java:doStart(916)) - Started o.e.j.s.ServletContextHandler@29ae939c{logs,/logs,file:///github/workspace/mnt/ozone/hadoop-ozone/integration-test/target/log,AVAILABLE}
2021-01-18 08:18:57,954 [Listener at 127.0.0.1/45853] INFO  handler.ContextHandler (ContextHandler.java:doStart(916)) - Started o.e.j.s.ServletContextHandler@6a8d638{static,/static,jar:file:/home/user/.m2/repository/org/apache/hadoop/hadoop-hdds-container-service/1.1.0-SNAPSHOT/hadoop-hdds-container-service-1.1.0-SNAPSHOT.jar!/webapps/static,AVAILABLE}
2021-01-18 08:18:58,090 [Listener at 127.0.0.1/45853] INFO  handler.ContextHandler (ContextHandler.java:doStart(916)) - Started o.e.j.w.WebAppContext@3ad142f0{hddsDatanode,/,file:///tmp/jetty-0_0_0_0-35267-hadoop-hdds-container-service-1_1_0-SNAPSHOT_jar-_-any-2846270283393875964/webapp/,AVAILABLE}{jar:file:/home/user/.m2/repository/org/apache/hadoop/hadoop-hdds-container-service/1.1.0-SNAPSHOT/hadoop-hdds-container-service-1.1.0-SNAPSHOT.jar!/webapps/hddsDatanode}
2021-01-18 08:18:58,092 [Listener at 127.0.0.1/45853] INFO  server.AbstractConnector (AbstractConnector.java:doStart(331)) - Started ServerConnector@520f1862{HTTP/1.1, (http/1.1)}{0.0.0.0:35267}
2021-01-18 08:18:58,093 [Listener at 127.0.0.1/45853] INFO  server.Server (Server.java:doStart(415)) - Started @5864ms
2021-01-18 08:18:58,093 [Listener at 127.0.0.1/45853] WARN  impl.MetricsSystemImpl (MetricsSystemImpl.java:register(276)) - Sink prometheus already exists!
2021-01-18 08:18:58,096 [Listener at 127.0.0.1/45853] INFO  http.BaseHttpServer (BaseHttpServer.java:updateConnectorAddress(327)) - HTTP server of hddsDatanode listening at http://0.0.0.0:35267
2021-01-18 08:18:58,097 [Listener at 127.0.0.1/45853] INFO  impl.MetricsSystemImpl (MetricsSystemImpl.java:init(158)) - HddsDatanode metrics system started (again)
2021-01-18 08:18:58,105 [org.apache.hadoop.util.JvmPauseMonitor$Monitor@7eae79dc] INFO  util.JvmPauseMonitor (JvmPauseMonitor.java:run(188)) - Starting JVM pause monitor
2021-01-18 08:18:58,108 [Listener at 127.0.0.1/45853] INFO  ozone.HddsDatanodeService (HddsDatanodeService.java:start(215)) - HddsDatanodeService host:dc3504268712 ip:172.17.0.2
2021-01-18 08:18:58,110 [Datanode State Machine Task Thread - 0] INFO  datanode.InitDatanodeState (InitDatanodeState.java:persistContainerDatanodeDetails(145)) - DatanodeDetails is persisted to /github/workspace/mnt/ozone/hadoop-ozone/integration-test/target/test-dir/MiniOzoneClusterImpl-bdf065e3-4bf0-4703-b3e1-6acc0ac12f97/datanode-4/meta/datanode.id
2021-01-18 08:18:58,111 [Listener at 127.0.0.1/45853] INFO  volume.HddsVolume (HddsVolume.java:<init>(176)) - Creating Volume: /github/workspace/mnt/ozone/hadoop-ozone/integration-test/target/test-dir/MiniOzoneClusterImpl-bdf065e3-4bf0-4703-b3e1-6acc0ac12f97/datanode-5/data-0/containers/hdds of storage type : DISK and capacity : 9223372036854775807
2021-01-18 08:18:58,111 [Listener at 127.0.0.1/45853] INFO  volume.MutableVolumeSet (MutableVolumeSet.java:initializeVolumeSet(179)) - Added Volume : /github/workspace/mnt/ozone/hadoop-ozone/integration-test/target/test-dir/MiniOzoneClusterImpl-bdf065e3-4bf0-4703-b3e1-6acc0ac12f97/datanode-5/data-0/containers/hdds to VolumeSet
2021-01-18 08:18:58,112 [Listener at 127.0.0.1/45853] INFO  volume.ThrottledAsyncChecker (ThrottledAsyncChecker.java:schedule(141)) - Scheduling a check for /github/workspace/mnt/ozone/hadoop-ozone/integration-test/target/test-dir/MiniOzoneClusterImpl-bdf065e3-4bf0-4703-b3e1-6acc0ac12f97/datanode-5/data-0/containers/hdds
2021-01-18 08:18:58,115 [Listener at 127.0.0.1/45853] INFO  volume.HddsVolumeChecker (HddsVolumeChecker.java:checkAllVolumes(200)) - Scheduled health check for volume /github/workspace/mnt/ozone/hadoop-ozone/integration-test/target/test-dir/MiniOzoneClusterImpl-bdf065e3-4bf0-4703-b3e1-6acc0ac12f97/datanode-5/data-0/containers/hdds
2021-01-18 08:18:58,129 [Thread-188] INFO  ozoneimpl.ContainerReader (ContainerReader.java:readVolume(123)) - Start to verify containers on volume /github/workspace/mnt/ozone/hadoop-ozone/integration-test/target/test-dir/MiniOzoneClusterImpl-bdf065e3-4bf0-4703-b3e1-6acc0ac12f97/datanode-5/data-0/containers/hdds
2021-01-18 08:18:58,129 [Thread-188] INFO  ozoneimpl.ContainerReader (ContainerReader.java:readVolume(148)) - Finish verifying containers on volume /github/workspace/mnt/ozone/hadoop-ozone/integration-test/target/test-dir/MiniOzoneClusterImpl-bdf065e3-4bf0-4703-b3e1-6acc0ac12f97/datanode-5/data-0/containers/hdds
2021-01-18 08:18:58,129 [Listener at 127.0.0.1/45853] INFO  ozoneimpl.OzoneContainer (OzoneContainer.java:buildContainerSet(206)) - Build ContainerSet costs 0s
2021-01-18 08:18:58,131 [Listener at 127.0.0.1/45853] INFO  server.RaftServer (ConfUtils.java:logGet(44)) - raft.rpc.type = GRPC (default)
2021-01-18 08:18:58,131 [Listener at 127.0.0.1/45853] INFO  grpc.GrpcFactory (GrpcFactory.java:checkPooledByteBufAllocatorUseCacheForAllThreads(48)) - PERFORMANCE WARNING: useCacheForAllThreads is true that may cause Netty to create a lot garbage objects and, as a result, trigger GC.
	It is recommended to disable useCacheForAllThreads by setting -Dorg.apache.ratis.thirdparty.io.netty.allocator.useCacheForAllThreads=false in command line.
2021-01-18 08:18:58,132 [Listener at 127.0.0.1/45853] INFO  grpc.GrpcConfigKeys (ConfUtils.java:logGet(44)) - raft.grpc.server.port = 0 (default)
2021-01-18 08:18:58,132 [Listener at 127.0.0.1/45853] INFO  server.GrpcService (ConfUtils.java:logGet(44)) - raft.grpc.message.size.max = 32MB (=33554432) (custom)
2021-01-18 08:18:58,132 [Listener at 127.0.0.1/45853] INFO  server.RaftServerConfigKeys (ConfUtils.java:logGet(44)) - raft.server.log.appender.buffer.byte-limit = 33554432 (custom)
2021-01-18 08:18:58,132 [Listener at 127.0.0.1/45853] INFO  server.GrpcService (ConfUtils.java:logGet(44)) - raft.grpc.flow.control.window = 5MB (=5242880) (custom)
2021-01-18 08:18:58,132 [Listener at 127.0.0.1/45853] INFO  server.RaftServerConfigKeys (ConfUtils.java:logGet(44)) - raft.server.rpc.request.timeout = 3000ms (default)
2021-01-18 08:18:58,133 [Listener at 127.0.0.1/45853] INFO  impl.DataStreamServerImpl (ConfUtils.java:logGet(44)) - raft.datastream.type = DISABLED (default)
2021-01-18 08:18:58,133 [Listener at 127.0.0.1/45853] INFO  server.RaftServerConfigKeys (ConfUtils.java:logGet(44)) - raft.server.rpc.slowness.timeout = 300000ms (custom)
2021-01-18 08:18:58,133 [Listener at 127.0.0.1/45853] INFO  server.RaftServerConfigKeys (ConfUtils.java:logGet(44)) - raft.server.leaderelection.leader.step-down.wait-time = 10s (default)
2021-01-18 08:18:58,134 [Listener at 127.0.0.1/45853] INFO  server.RaftServerConfigKeys (ConfUtils.java:logGet(44)) - raft.server.storage.dir = [/github/workspace/mnt/ozone/hadoop-ozone/integration-test/target/test-dir/MiniOzoneClusterImpl-bdf065e3-4bf0-4703-b3e1-6acc0ac12f97/datanode-5/data/ratis] (custom)
2021-01-18 08:18:58,139 [Listener at 127.0.0.1/45853] INFO  http.BaseHttpServer (BaseHttpServer.java:newHttpServer2BuilderForOzone(207)) - Starting Web-server for hddsDatanode at: http://0.0.0.0:0
2021-01-18 08:18:58,139 [Listener at 127.0.0.1/45853] INFO  http.BaseHttpServer (BaseHttpServer.java:<init>(106)) - Hadoop Security Enabled: false Ozone Security Enabled: false Ozone HTTP Security Enabled: false 
2021-01-18 08:18:58,140 [Listener at 127.0.0.1/45853] INFO  server.AuthenticationFilter (AuthenticationFilter.java:constructSecretProvider(240)) - Unable to initialize FileSignerSecretProvider, falling back to use random secrets.
2021-01-18 08:18:58,140 [Listener at 127.0.0.1/45853] WARN  http.HttpRequestLog (HttpRequestLog.java:getRequestLog(103)) - Jetty request log can only be enabled using Log4j
2021-01-18 08:18:58,141 [Listener at 127.0.0.1/45853] INFO  http.HttpServer2 (HttpServer2.java:addGlobalFilter(1020)) - Added global filter 'safety' (class=org.apache.hadoop.hdds.server.http.HttpServer2$QuotingInputFilter)
2021-01-18 08:18:58,142 [Listener at 127.0.0.1/45853] INFO  http.HttpServer2 (HttpServer2.java:addFilter(996)) - Added filter static_user_filter (class=org.apache.hadoop.http.lib.StaticUserWebFilter$StaticUserFilter) to context hddsDatanode
2021-01-18 08:18:58,142 [Listener at 127.0.0.1/45853] INFO  http.HttpServer2 (HttpServer2.java:addFilter(1004)) - Added filter static_user_filter (class=org.apache.hadoop.http.lib.StaticUserWebFilter$StaticUserFilter) to context logs
2021-01-18 08:18:58,142 [Listener at 127.0.0.1/45853] INFO  http.HttpServer2 (HttpServer2.java:addFilter(1004)) - Added filter static_user_filter (class=org.apache.hadoop.http.lib.StaticUserWebFilter$StaticUserFilter) to context static
2021-01-18 08:18:58,143 [Listener at 127.0.0.1/45853] INFO  http.HttpServer2 (HttpServer2.java:bindListener(1238)) - Jetty bound to port 36525
2021-01-18 08:18:58,143 [Listener at 127.0.0.1/45853] INFO  server.Server (Server.java:doStart(375)) - jetty-9.4.34.v20201102; built: 2020-11-02T14:15:39.302Z; git: e46af88704a893fc12cb0e3bf46e2c7b48a009e7; jvm 1.8.0_232-b09
2021-01-18 08:18:58,144 [Listener at 127.0.0.1/45853] INFO  server.session (DefaultSessionIdManager.java:doStart(334)) - DefaultSessionIdManager workerName=node0
2021-01-18 08:18:58,144 [Listener at 127.0.0.1/45853] INFO  server.session (DefaultSessionIdManager.java:doStart(339)) - No SessionScavenger set, using defaults
2021-01-18 08:18:58,144 [Listener at 127.0.0.1/45853] INFO  server.session (HouseKeeper.java:startScavenging(132)) - node0 Scavenging every 660000ms
2021-01-18 08:18:58,147 [Listener at 127.0.0.1/45853] INFO  handler.ContextHandler (ContextHandler.java:doStart(916)) - Started o.e.j.s.ServletContextHandler@59294f29{logs,/logs,file:///github/workspace/mnt/ozone/hadoop-ozone/integration-test/target/log,AVAILABLE}
2021-01-18 08:18:58,147 [Listener at 127.0.0.1/45853] INFO  handler.ContextHandler (ContextHandler.java:doStart(916)) - Started o.e.j.s.ServletContextHandler@30c96ea9{static,/static,jar:file:/home/user/.m2/repository/org/apache/hadoop/hadoop-hdds-container-service/1.1.0-SNAPSHOT/hadoop-hdds-container-service-1.1.0-SNAPSHOT.jar!/webapps/static,AVAILABLE}
2021-01-18 08:18:58,288 [Listener at 127.0.0.1/45853] INFO  handler.ContextHandler (ContextHandler.java:doStart(916)) - Started o.e.j.w.WebAppContext@7eba962d{hddsDatanode,/,file:///tmp/jetty-0_0_0_0-36525-hadoop-hdds-container-service-1_1_0-SNAPSHOT_jar-_-any-1339902020217049483/webapp/,AVAILABLE}{jar:file:/home/user/.m2/repository/org/apache/hadoop/hadoop-hdds-container-service/1.1.0-SNAPSHOT/hadoop-hdds-container-service-1.1.0-SNAPSHOT.jar!/webapps/hddsDatanode}
2021-01-18 08:18:58,289 [Listener at 127.0.0.1/45853] INFO  server.AbstractConnector (AbstractConnector.java:doStart(331)) - Started ServerConnector@10ec54c3{HTTP/1.1, (http/1.1)}{0.0.0.0:36525}
2021-01-18 08:18:58,290 [Listener at 127.0.0.1/45853] INFO  server.Server (Server.java:doStart(415)) - Started @6062ms
2021-01-18 08:18:58,290 [Listener at 127.0.0.1/45853] WARN  impl.MetricsSystemImpl (MetricsSystemImpl.java:register(276)) - Sink prometheus already exists!
2021-01-18 08:18:58,294 [Listener at 127.0.0.1/45853] INFO  http.BaseHttpServer (BaseHttpServer.java:updateConnectorAddress(327)) - HTTP server of hddsDatanode listening at http://0.0.0.0:36525
2021-01-18 08:18:58,295 [Listener at 127.0.0.1/45853] INFO  impl.MetricsSystemImpl (MetricsSystemImpl.java:init(158)) - HddsDatanode metrics system started (again)
2021-01-18 08:18:58,296 [Listener at 127.0.0.1/45853] INFO  ozone.HddsDatanodeService (HddsDatanodeService.java:start(215)) - HddsDatanodeService host:dc3504268712 ip:172.17.0.2
2021-01-18 08:18:58,297 [org.apache.hadoop.util.JvmPauseMonitor$Monitor@54ed7e4d] INFO  util.JvmPauseMonitor (JvmPauseMonitor.java:run(188)) - Starting JVM pause monitor
2021-01-18 08:18:58,299 [Listener at 127.0.0.1/45853] INFO  volume.HddsVolume (HddsVolume.java:<init>(176)) - Creating Volume: /github/workspace/mnt/ozone/hadoop-ozone/integration-test/target/test-dir/MiniOzoneClusterImpl-bdf065e3-4bf0-4703-b3e1-6acc0ac12f97/datanode-6/data-0/containers/hdds of storage type : DISK and capacity : 9223372036854775807
2021-01-18 08:18:58,299 [Listener at 127.0.0.1/45853] INFO  volume.MutableVolumeSet (MutableVolumeSet.java:initializeVolumeSet(179)) - Added Volume : /github/workspace/mnt/ozone/hadoop-ozone/integration-test/target/test-dir/MiniOzoneClusterImpl-bdf065e3-4bf0-4703-b3e1-6acc0ac12f97/datanode-6/data-0/containers/hdds to VolumeSet
2021-01-18 08:18:58,299 [Listener at 127.0.0.1/45853] INFO  volume.ThrottledAsyncChecker (ThrottledAsyncChecker.java:schedule(141)) - Scheduling a check for /github/workspace/mnt/ozone/hadoop-ozone/integration-test/target/test-dir/MiniOzoneClusterImpl-bdf065e3-4bf0-4703-b3e1-6acc0ac12f97/datanode-6/data-0/containers/hdds
2021-01-18 08:18:58,300 [Datanode State Machine Task Thread - 0] INFO  datanode.InitDatanodeState (InitDatanodeState.java:persistContainerDatanodeDetails(145)) - DatanodeDetails is persisted to /github/workspace/mnt/ozone/hadoop-ozone/integration-test/target/test-dir/MiniOzoneClusterImpl-bdf065e3-4bf0-4703-b3e1-6acc0ac12f97/datanode-5/meta/datanode.id
2021-01-18 08:18:58,301 [Listener at 127.0.0.1/45853] INFO  volume.HddsVolumeChecker (HddsVolumeChecker.java:checkAllVolumes(200)) - Scheduled health check for volume /github/workspace/mnt/ozone/hadoop-ozone/integration-test/target/test-dir/MiniOzoneClusterImpl-bdf065e3-4bf0-4703-b3e1-6acc0ac12f97/datanode-6/data-0/containers/hdds
2021-01-18 08:18:58,313 [Thread-199] INFO  ozoneimpl.ContainerReader (ContainerReader.java:readVolume(123)) - Start to verify containers on volume /github/workspace/mnt/ozone/hadoop-ozone/integration-test/target/test-dir/MiniOzoneClusterImpl-bdf065e3-4bf0-4703-b3e1-6acc0ac12f97/datanode-6/data-0/containers/hdds
2021-01-18 08:18:58,313 [Thread-199] INFO  ozoneimpl.ContainerReader (ContainerReader.java:readVolume(148)) - Finish verifying containers on volume /github/workspace/mnt/ozone/hadoop-ozone/integration-test/target/test-dir/MiniOzoneClusterImpl-bdf065e3-4bf0-4703-b3e1-6acc0ac12f97/datanode-6/data-0/containers/hdds
2021-01-18 08:18:58,314 [Listener at 127.0.0.1/45853] INFO  ozoneimpl.OzoneContainer (OzoneContainer.java:buildContainerSet(206)) - Build ContainerSet costs 0s
2021-01-18 08:18:58,316 [Listener at 127.0.0.1/45853] INFO  server.RaftServer (ConfUtils.java:logGet(44)) - raft.rpc.type = GRPC (default)
2021-01-18 08:18:58,316 [Listener at 127.0.0.1/45853] INFO  grpc.GrpcFactory (GrpcFactory.java:checkPooledByteBufAllocatorUseCacheForAllThreads(48)) - PERFORMANCE WARNING: useCacheForAllThreads is true that may cause Netty to create a lot garbage objects and, as a result, trigger GC.
	It is recommended to disable useCacheForAllThreads by setting -Dorg.apache.ratis.thirdparty.io.netty.allocator.useCacheForAllThreads=false in command line.
2021-01-18 08:18:58,316 [Listener at 127.0.0.1/45853] INFO  grpc.GrpcConfigKeys (ConfUtils.java:logGet(44)) - raft.grpc.server.port = 0 (default)
2021-01-18 08:18:58,316 [Listener at 127.0.0.1/45853] INFO  server.GrpcService (ConfUtils.java:logGet(44)) - raft.grpc.message.size.max = 32MB (=33554432) (custom)
2021-01-18 08:18:58,317 [Listener at 127.0.0.1/45853] INFO  server.RaftServerConfigKeys (ConfUtils.java:logGet(44)) - raft.server.log.appender.buffer.byte-limit = 33554432 (custom)
2021-01-18 08:18:58,317 [Listener at 127.0.0.1/45853] INFO  server.GrpcService (ConfUtils.java:logGet(44)) - raft.grpc.flow.control.window = 5MB (=5242880) (custom)
2021-01-18 08:18:58,317 [Listener at 127.0.0.1/45853] INFO  server.RaftServerConfigKeys (ConfUtils.java:logGet(44)) - raft.server.rpc.request.timeout = 3000ms (default)
2021-01-18 08:18:58,318 [Listener at 127.0.0.1/45853] INFO  impl.DataStreamServerImpl (ConfUtils.java:logGet(44)) - raft.datastream.type = DISABLED (default)
2021-01-18 08:18:58,318 [Listener at 127.0.0.1/45853] INFO  server.RaftServerConfigKeys (ConfUtils.java:logGet(44)) - raft.server.rpc.slowness.timeout = 300000ms (custom)
2021-01-18 08:18:58,318 [Listener at 127.0.0.1/45853] INFO  server.RaftServerConfigKeys (ConfUtils.java:logGet(44)) - raft.server.leaderelection.leader.step-down.wait-time = 10s (default)
2021-01-18 08:18:58,318 [Listener at 127.0.0.1/45853] INFO  server.RaftServerConfigKeys (ConfUtils.java:logGet(44)) - raft.server.storage.dir = [/github/workspace/mnt/ozone/hadoop-ozone/integration-test/target/test-dir/MiniOzoneClusterImpl-bdf065e3-4bf0-4703-b3e1-6acc0ac12f97/datanode-6/data/ratis] (custom)
2021-01-18 08:18:58,325 [Listener at 127.0.0.1/45853] INFO  http.BaseHttpServer (BaseHttpServer.java:newHttpServer2BuilderForOzone(207)) - Starting Web-server for hddsDatanode at: http://0.0.0.0:0
2021-01-18 08:18:58,325 [Listener at 127.0.0.1/45853] INFO  http.BaseHttpServer (BaseHttpServer.java:<init>(106)) - Hadoop Security Enabled: false Ozone Security Enabled: false Ozone HTTP Security Enabled: false 
2021-01-18 08:18:58,326 [Listener at 127.0.0.1/45853] INFO  server.AuthenticationFilter (AuthenticationFilter.java:constructSecretProvider(240)) - Unable to initialize FileSignerSecretProvider, falling back to use random secrets.
2021-01-18 08:18:58,326 [Listener at 127.0.0.1/45853] WARN  http.HttpRequestLog (HttpRequestLog.java:getRequestLog(103)) - Jetty request log can only be enabled using Log4j
2021-01-18 08:18:58,327 [Listener at 127.0.0.1/45853] INFO  http.HttpServer2 (HttpServer2.java:addGlobalFilter(1020)) - Added global filter 'safety' (class=org.apache.hadoop.hdds.server.http.HttpServer2$QuotingInputFilter)
2021-01-18 08:18:58,328 [Listener at 127.0.0.1/45853] INFO  http.HttpServer2 (HttpServer2.java:addFilter(996)) - Added filter static_user_filter (class=org.apache.hadoop.http.lib.StaticUserWebFilter$StaticUserFilter) to context hddsDatanode
2021-01-18 08:18:58,328 [Listener at 127.0.0.1/45853] INFO  http.HttpServer2 (HttpServer2.java:addFilter(1004)) - Added filter static_user_filter (class=org.apache.hadoop.http.lib.StaticUserWebFilter$StaticUserFilter) to context logs
2021-01-18 08:18:58,328 [Listener at 127.0.0.1/45853] INFO  http.HttpServer2 (HttpServer2.java:addFilter(1004)) - Added filter static_user_filter (class=org.apache.hadoop.http.lib.StaticUserWebFilter$StaticUserFilter) to context static
2021-01-18 08:18:58,329 [Listener at 127.0.0.1/45853] INFO  http.HttpServer2 (HttpServer2.java:bindListener(1238)) - Jetty bound to port 45793
2021-01-18 08:18:58,329 [Listener at 127.0.0.1/45853] INFO  server.Server (Server.java:doStart(375)) - jetty-9.4.34.v20201102; built: 2020-11-02T14:15:39.302Z; git: e46af88704a893fc12cb0e3bf46e2c7b48a009e7; jvm 1.8.0_232-b09
2021-01-18 08:18:58,331 [Listener at 127.0.0.1/45853] INFO  server.session (DefaultSessionIdManager.java:doStart(334)) - DefaultSessionIdManager workerName=node0
2021-01-18 08:18:58,331 [Listener at 127.0.0.1/45853] INFO  server.session (DefaultSessionIdManager.java:doStart(339)) - No SessionScavenger set, using defaults
2021-01-18 08:18:58,331 [Listener at 127.0.0.1/45853] INFO  server.session (HouseKeeper.java:startScavenging(132)) - node0 Scavenging every 600000ms
2021-01-18 08:18:58,332 [Listener at 127.0.0.1/45853] INFO  handler.ContextHandler (ContextHandler.java:doStart(916)) - Started o.e.j.s.ServletContextHandler@3bfab643{logs,/logs,file:///github/workspace/mnt/ozone/hadoop-ozone/integration-test/target/log,AVAILABLE}
2021-01-18 08:18:58,332 [Listener at 127.0.0.1/45853] INFO  handler.ContextHandler (ContextHandler.java:doStart(916)) - Started o.e.j.s.ServletContextHandler@165a78d4{static,/static,jar:file:/home/user/.m2/repository/org/apache/hadoop/hadoop-hdds-container-service/1.1.0-SNAPSHOT/hadoop-hdds-container-service-1.1.0-SNAPSHOT.jar!/webapps/static,AVAILABLE}
2021-01-18 08:18:58,468 [Listener at 127.0.0.1/45853] INFO  handler.ContextHandler (ContextHandler.java:doStart(916)) - Started o.e.j.w.WebAppContext@6fc44cb6{hddsDatanode,/,file:///tmp/jetty-0_0_0_0-45793-hadoop-hdds-container-service-1_1_0-SNAPSHOT_jar-_-any-5201453889037320415/webapp/,AVAILABLE}{jar:file:/home/user/.m2/repository/org/apache/hadoop/hadoop-hdds-container-service/1.1.0-SNAPSHOT/hadoop-hdds-container-service-1.1.0-SNAPSHOT.jar!/webapps/hddsDatanode}
2021-01-18 08:18:58,469 [Listener at 127.0.0.1/45853] INFO  server.AbstractConnector (AbstractConnector.java:doStart(331)) - Started ServerConnector@2d7fe300{HTTP/1.1, (http/1.1)}{0.0.0.0:45793}
2021-01-18 08:18:58,470 [Listener at 127.0.0.1/45853] INFO  server.Server (Server.java:doStart(415)) - Started @6242ms
2021-01-18 08:18:58,470 [Listener at 127.0.0.1/45853] WARN  impl.MetricsSystemImpl (MetricsSystemImpl.java:register(276)) - Sink prometheus already exists!
2021-01-18 08:18:58,474 [Listener at 127.0.0.1/45853] INFO  http.BaseHttpServer (BaseHttpServer.java:updateConnectorAddress(327)) - HTTP server of hddsDatanode listening at http://0.0.0.0:45793
2021-01-18 08:18:58,476 [Listener at 127.0.0.1/45853] INFO  impl.MetricsSystemImpl (MetricsSystemImpl.java:init(158)) - HddsDatanode metrics system started (again)
2021-01-18 08:18:58,478 [Listener at 127.0.0.1/45853] INFO  ozone.HddsDatanodeService (HddsDatanodeService.java:start(215)) - HddsDatanodeService host:dc3504268712 ip:172.17.0.2
2021-01-18 08:18:58,479 [Listener at 127.0.0.1/45853] INFO  volume.HddsVolume (HddsVolume.java:<init>(176)) - Creating Volume: /github/workspace/mnt/ozone/hadoop-ozone/integration-test/target/test-dir/MiniOzoneClusterImpl-bdf065e3-4bf0-4703-b3e1-6acc0ac12f97/datanode-7/data-0/containers/hdds of storage type : DISK and capacity : 9223372036854775807
2021-01-18 08:18:58,480 [Listener at 127.0.0.1/45853] INFO  volume.MutableVolumeSet (MutableVolumeSet.java:initializeVolumeSet(179)) - Added Volume : /github/workspace/mnt/ozone/hadoop-ozone/integration-test/target/test-dir/MiniOzoneClusterImpl-bdf065e3-4bf0-4703-b3e1-6acc0ac12f97/datanode-7/data-0/containers/hdds to VolumeSet
2021-01-18 08:18:58,480 [Listener at 127.0.0.1/45853] INFO  volume.ThrottledAsyncChecker (ThrottledAsyncChecker.java:schedule(141)) - Scheduling a check for /github/workspace/mnt/ozone/hadoop-ozone/integration-test/target/test-dir/MiniOzoneClusterImpl-bdf065e3-4bf0-4703-b3e1-6acc0ac12f97/datanode-7/data-0/containers/hdds
2021-01-18 08:18:58,480 [org.apache.hadoop.util.JvmPauseMonitor$Monitor@569a533f] INFO  util.JvmPauseMonitor (JvmPauseMonitor.java:run(188)) - Starting JVM pause monitor
2021-01-18 08:18:58,480 [Listener at 127.0.0.1/45853] INFO  volume.HddsVolumeChecker (HddsVolumeChecker.java:checkAllVolumes(200)) - Scheduled health check for volume /github/workspace/mnt/ozone/hadoop-ozone/integration-test/target/test-dir/MiniOzoneClusterImpl-bdf065e3-4bf0-4703-b3e1-6acc0ac12f97/datanode-7/data-0/containers/hdds
2021-01-18 08:18:58,499 [Thread-210] INFO  ozoneimpl.ContainerReader (ContainerReader.java:readVolume(123)) - Start to verify containers on volume /github/workspace/mnt/ozone/hadoop-ozone/integration-test/target/test-dir/MiniOzoneClusterImpl-bdf065e3-4bf0-4703-b3e1-6acc0ac12f97/datanode-7/data-0/containers/hdds
2021-01-18 08:18:58,499 [Thread-210] INFO  ozoneimpl.ContainerReader (ContainerReader.java:readVolume(148)) - Finish verifying containers on volume /github/workspace/mnt/ozone/hadoop-ozone/integration-test/target/test-dir/MiniOzoneClusterImpl-bdf065e3-4bf0-4703-b3e1-6acc0ac12f97/datanode-7/data-0/containers/hdds
2021-01-18 08:18:58,499 [Listener at 127.0.0.1/45853] INFO  ozoneimpl.OzoneContainer (OzoneContainer.java:buildContainerSet(206)) - Build ContainerSet costs 0s
2021-01-18 08:18:58,502 [Datanode State Machine Task Thread - 0] INFO  datanode.InitDatanodeState (InitDatanodeState.java:persistContainerDatanodeDetails(145)) - DatanodeDetails is persisted to /github/workspace/mnt/ozone/hadoop-ozone/integration-test/target/test-dir/MiniOzoneClusterImpl-bdf065e3-4bf0-4703-b3e1-6acc0ac12f97/datanode-6/meta/datanode.id
2021-01-18 08:18:58,504 [Listener at 127.0.0.1/45853] INFO  server.RaftServer (ConfUtils.java:logGet(44)) - raft.rpc.type = GRPC (default)
2021-01-18 08:18:58,505 [Listener at 127.0.0.1/45853] INFO  grpc.GrpcFactory (GrpcFactory.java:checkPooledByteBufAllocatorUseCacheForAllThreads(48)) - PERFORMANCE WARNING: useCacheForAllThreads is true that may cause Netty to create a lot garbage objects and, as a result, trigger GC.
	It is recommended to disable useCacheForAllThreads by setting -Dorg.apache.ratis.thirdparty.io.netty.allocator.useCacheForAllThreads=false in command line.
2021-01-18 08:18:58,505 [Listener at 127.0.0.1/45853] INFO  grpc.GrpcConfigKeys (ConfUtils.java:logGet(44)) - raft.grpc.server.port = 0 (default)
2021-01-18 08:18:58,505 [Listener at 127.0.0.1/45853] INFO  server.GrpcService (ConfUtils.java:logGet(44)) - raft.grpc.message.size.max = 32MB (=33554432) (custom)
2021-01-18 08:18:58,505 [Listener at 127.0.0.1/45853] INFO  server.RaftServerConfigKeys (ConfUtils.java:logGet(44)) - raft.server.log.appender.buffer.byte-limit = 33554432 (custom)
2021-01-18 08:18:58,505 [Listener at 127.0.0.1/45853] INFO  server.GrpcService (ConfUtils.java:logGet(44)) - raft.grpc.flow.control.window = 5MB (=5242880) (custom)
2021-01-18 08:18:58,506 [Listener at 127.0.0.1/45853] INFO  server.RaftServerConfigKeys (ConfUtils.java:logGet(44)) - raft.server.rpc.request.timeout = 3000ms (default)
2021-01-18 08:18:58,507 [Listener at 127.0.0.1/45853] INFO  impl.DataStreamServerImpl (ConfUtils.java:logGet(44)) - raft.datastream.type = DISABLED (default)
2021-01-18 08:18:58,507 [Listener at 127.0.0.1/45853] INFO  server.RaftServerConfigKeys (ConfUtils.java:logGet(44)) - raft.server.rpc.slowness.timeout = 300000ms (custom)
2021-01-18 08:18:58,507 [Listener at 127.0.0.1/45853] INFO  server.RaftServerConfigKeys (ConfUtils.java:logGet(44)) - raft.server.leaderelection.leader.step-down.wait-time = 10s (default)
2021-01-18 08:18:58,507 [Listener at 127.0.0.1/45853] INFO  server.RaftServerConfigKeys (ConfUtils.java:logGet(44)) - raft.server.storage.dir = [/github/workspace/mnt/ozone/hadoop-ozone/integration-test/target/test-dir/MiniOzoneClusterImpl-bdf065e3-4bf0-4703-b3e1-6acc0ac12f97/datanode-7/data/ratis] (custom)
2021-01-18 08:18:58,516 [Listener at 127.0.0.1/45853] INFO  http.BaseHttpServer (BaseHttpServer.java:newHttpServer2BuilderForOzone(207)) - Starting Web-server for hddsDatanode at: http://0.0.0.0:0
2021-01-18 08:18:58,516 [Listener at 127.0.0.1/45853] INFO  http.BaseHttpServer (BaseHttpServer.java:<init>(106)) - Hadoop Security Enabled: false Ozone Security Enabled: false Ozone HTTP Security Enabled: false 
2021-01-18 08:18:58,517 [Listener at 127.0.0.1/45853] INFO  server.AuthenticationFilter (AuthenticationFilter.java:constructSecretProvider(240)) - Unable to initialize FileSignerSecretProvider, falling back to use random secrets.
2021-01-18 08:18:58,518 [Listener at 127.0.0.1/45853] WARN  http.HttpRequestLog (HttpRequestLog.java:getRequestLog(103)) - Jetty request log can only be enabled using Log4j
2021-01-18 08:18:58,519 [Listener at 127.0.0.1/45853] INFO  http.HttpServer2 (HttpServer2.java:addGlobalFilter(1020)) - Added global filter 'safety' (class=org.apache.hadoop.hdds.server.http.HttpServer2$QuotingInputFilter)
2021-01-18 08:18:58,519 [Listener at 127.0.0.1/45853] INFO  http.HttpServer2 (HttpServer2.java:addFilter(996)) - Added filter static_user_filter (class=org.apache.hadoop.http.lib.StaticUserWebFilter$StaticUserFilter) to context hddsDatanode
2021-01-18 08:18:58,519 [Listener at 127.0.0.1/45853] INFO  http.HttpServer2 (HttpServer2.java:addFilter(1004)) - Added filter static_user_filter (class=org.apache.hadoop.http.lib.StaticUserWebFilter$StaticUserFilter) to context logs
2021-01-18 08:18:58,520 [Listener at 127.0.0.1/45853] INFO  http.HttpServer2 (HttpServer2.java:addFilter(1004)) - Added filter static_user_filter (class=org.apache.hadoop.http.lib.StaticUserWebFilter$StaticUserFilter) to context static
2021-01-18 08:18:58,521 [Listener at 127.0.0.1/45853] INFO  http.HttpServer2 (HttpServer2.java:bindListener(1238)) - Jetty bound to port 40149
2021-01-18 08:18:58,521 [Listener at 127.0.0.1/45853] INFO  server.Server (Server.java:doStart(375)) - jetty-9.4.34.v20201102; built: 2020-11-02T14:15:39.302Z; git: e46af88704a893fc12cb0e3bf46e2c7b48a009e7; jvm 1.8.0_232-b09
2021-01-18 08:18:58,527 [Listener at 127.0.0.1/45853] INFO  server.session (DefaultSessionIdManager.java:doStart(334)) - DefaultSessionIdManager workerName=node0
2021-01-18 08:18:58,527 [Listener at 127.0.0.1/45853] INFO  server.session (DefaultSessionIdManager.java:doStart(339)) - No SessionScavenger set, using defaults
2021-01-18 08:18:58,528 [Listener at 127.0.0.1/45853] INFO  server.session (HouseKeeper.java:startScavenging(132)) - node0 Scavenging every 660000ms
2021-01-18 08:18:58,528 [Listener at 127.0.0.1/45853] INFO  handler.ContextHandler (ContextHandler.java:doStart(916)) - Started o.e.j.s.ServletContextHandler@12dcfa6a{logs,/logs,file:///github/workspace/mnt/ozone/hadoop-ozone/integration-test/target/log,AVAILABLE}
2021-01-18 08:18:58,529 [Listener at 127.0.0.1/45853] INFO  handler.ContextHandler (ContextHandler.java:doStart(916)) - Started o.e.j.s.ServletContextHandler@4c9ed40{static,/static,jar:file:/home/user/.m2/repository/org/apache/hadoop/hadoop-hdds-container-service/1.1.0-SNAPSHOT/hadoop-hdds-container-service-1.1.0-SNAPSHOT.jar!/webapps/static,AVAILABLE}
2021-01-18 08:18:58,666 [Listener at 127.0.0.1/45853] INFO  handler.ContextHandler (ContextHandler.java:doStart(916)) - Started o.e.j.w.WebAppContext@53fa630{hddsDatanode,/,file:///tmp/jetty-0_0_0_0-40149-hadoop-hdds-container-service-1_1_0-SNAPSHOT_jar-_-any-2781960486577746429/webapp/,AVAILABLE}{jar:file:/home/user/.m2/repository/org/apache/hadoop/hadoop-hdds-container-service/1.1.0-SNAPSHOT/hadoop-hdds-container-service-1.1.0-SNAPSHOT.jar!/webapps/hddsDatanode}
2021-01-18 08:18:58,667 [Listener at 127.0.0.1/45853] INFO  server.AbstractConnector (AbstractConnector.java:doStart(331)) - Started ServerConnector@5748638c{HTTP/1.1, (http/1.1)}{0.0.0.0:40149}
2021-01-18 08:18:58,668 [Listener at 127.0.0.1/45853] INFO  server.Server (Server.java:doStart(415)) - Started @6439ms
2021-01-18 08:18:58,668 [Listener at 127.0.0.1/45853] WARN  impl.MetricsSystemImpl (MetricsSystemImpl.java:register(276)) - Sink prometheus already exists!
2021-01-18 08:18:58,672 [Listener at 127.0.0.1/45853] INFO  http.BaseHttpServer (BaseHttpServer.java:updateConnectorAddress(327)) - HTTP server of hddsDatanode listening at http://0.0.0.0:40149
2021-01-18 08:18:58,672 [Listener at 127.0.0.1/45853] INFO  impl.MetricsSystemImpl (MetricsSystemImpl.java:init(158)) - HddsDatanode metrics system started (again)
2021-01-18 08:18:58,676 [Listener at 127.0.0.1/45853] INFO  ozone.HddsDatanodeService (HddsDatanodeService.java:start(215)) - HddsDatanodeService host:dc3504268712 ip:172.17.0.2
2021-01-18 08:18:58,677 [org.apache.hadoop.util.JvmPauseMonitor$Monitor@13deb896] INFO  util.JvmPauseMonitor (JvmPauseMonitor.java:run(188)) - Starting JVM pause monitor
2021-01-18 08:18:58,678 [Listener at 127.0.0.1/45853] INFO  volume.HddsVolume (HddsVolume.java:<init>(176)) - Creating Volume: /github/workspace/mnt/ozone/hadoop-ozone/integration-test/target/test-dir/MiniOzoneClusterImpl-bdf065e3-4bf0-4703-b3e1-6acc0ac12f97/datanode-8/data-0/containers/hdds of storage type : DISK and capacity : 9223372036854775807
2021-01-18 08:18:58,679 [Datanode State Machine Task Thread - 0] INFO  datanode.InitDatanodeState (InitDatanodeState.java:persistContainerDatanodeDetails(145)) - DatanodeDetails is persisted to /github/workspace/mnt/ozone/hadoop-ozone/integration-test/target/test-dir/MiniOzoneClusterImpl-bdf065e3-4bf0-4703-b3e1-6acc0ac12f97/datanode-7/meta/datanode.id
2021-01-18 08:18:58,683 [Listener at 127.0.0.1/45853] INFO  volume.MutableVolumeSet (MutableVolumeSet.java:initializeVolumeSet(179)) - Added Volume : /github/workspace/mnt/ozone/hadoop-ozone/integration-test/target/test-dir/MiniOzoneClusterImpl-bdf065e3-4bf0-4703-b3e1-6acc0ac12f97/datanode-8/data-0/containers/hdds to VolumeSet
2021-01-18 08:18:58,683 [Listener at 127.0.0.1/45853] INFO  volume.ThrottledAsyncChecker (ThrottledAsyncChecker.java:schedule(141)) - Scheduling a check for /github/workspace/mnt/ozone/hadoop-ozone/integration-test/target/test-dir/MiniOzoneClusterImpl-bdf065e3-4bf0-4703-b3e1-6acc0ac12f97/datanode-8/data-0/containers/hdds
2021-01-18 08:18:58,684 [Listener at 127.0.0.1/45853] INFO  volume.HddsVolumeChecker (HddsVolumeChecker.java:checkAllVolumes(200)) - Scheduled health check for volume /github/workspace/mnt/ozone/hadoop-ozone/integration-test/target/test-dir/MiniOzoneClusterImpl-bdf065e3-4bf0-4703-b3e1-6acc0ac12f97/datanode-8/data-0/containers/hdds
2021-01-18 08:18:58,696 [Thread-221] INFO  ozoneimpl.ContainerReader (ContainerReader.java:readVolume(123)) - Start to verify containers on volume /github/workspace/mnt/ozone/hadoop-ozone/integration-test/target/test-dir/MiniOzoneClusterImpl-bdf065e3-4bf0-4703-b3e1-6acc0ac12f97/datanode-8/data-0/containers/hdds
2021-01-18 08:18:58,696 [Thread-221] INFO  ozoneimpl.ContainerReader (ContainerReader.java:readVolume(148)) - Finish verifying containers on volume /github/workspace/mnt/ozone/hadoop-ozone/integration-test/target/test-dir/MiniOzoneClusterImpl-bdf065e3-4bf0-4703-b3e1-6acc0ac12f97/datanode-8/data-0/containers/hdds
2021-01-18 08:18:58,697 [Listener at 127.0.0.1/45853] INFO  ozoneimpl.OzoneContainer (OzoneContainer.java:buildContainerSet(206)) - Build ContainerSet costs 0s
2021-01-18 08:18:58,699 [Listener at 127.0.0.1/45853] INFO  server.RaftServer (ConfUtils.java:logGet(44)) - raft.rpc.type = GRPC (default)
2021-01-18 08:18:58,699 [Listener at 127.0.0.1/45853] INFO  grpc.GrpcFactory (GrpcFactory.java:checkPooledByteBufAllocatorUseCacheForAllThreads(48)) - PERFORMANCE WARNING: useCacheForAllThreads is true that may cause Netty to create a lot garbage objects and, as a result, trigger GC.
	It is recommended to disable useCacheForAllThreads by setting -Dorg.apache.ratis.thirdparty.io.netty.allocator.useCacheForAllThreads=false in command line.
2021-01-18 08:18:58,699 [Listener at 127.0.0.1/45853] INFO  grpc.GrpcConfigKeys (ConfUtils.java:logGet(44)) - raft.grpc.server.port = 0 (default)
2021-01-18 08:18:58,699 [Listener at 127.0.0.1/45853] INFO  server.GrpcService (ConfUtils.java:logGet(44)) - raft.grpc.message.size.max = 32MB (=33554432) (custom)
2021-01-18 08:18:58,700 [Listener at 127.0.0.1/45853] INFO  server.RaftServerConfigKeys (ConfUtils.java:logGet(44)) - raft.server.log.appender.buffer.byte-limit = 33554432 (custom)
2021-01-18 08:18:58,700 [Listener at 127.0.0.1/45853] INFO  server.GrpcService (ConfUtils.java:logGet(44)) - raft.grpc.flow.control.window = 5MB (=5242880) (custom)
2021-01-18 08:18:58,700 [Listener at 127.0.0.1/45853] INFO  server.RaftServerConfigKeys (ConfUtils.java:logGet(44)) - raft.server.rpc.request.timeout = 3000ms (default)
2021-01-18 08:18:58,701 [Listener at 127.0.0.1/45853] INFO  impl.DataStreamServerImpl (ConfUtils.java:logGet(44)) - raft.datastream.type = DISABLED (default)
2021-01-18 08:18:58,701 [Listener at 127.0.0.1/45853] INFO  server.RaftServerConfigKeys (ConfUtils.java:logGet(44)) - raft.server.rpc.slowness.timeout = 300000ms (custom)
2021-01-18 08:18:58,701 [Listener at 127.0.0.1/45853] INFO  server.RaftServerConfigKeys (ConfUtils.java:logGet(44)) - raft.server.leaderelection.leader.step-down.wait-time = 10s (default)
2021-01-18 08:18:58,701 [Listener at 127.0.0.1/45853] INFO  server.RaftServerConfigKeys (ConfUtils.java:logGet(44)) - raft.server.storage.dir = [/github/workspace/mnt/ozone/hadoop-ozone/integration-test/target/test-dir/MiniOzoneClusterImpl-bdf065e3-4bf0-4703-b3e1-6acc0ac12f97/datanode-8/data/ratis] (custom)
2021-01-18 08:18:58,707 [Listener at 127.0.0.1/45853] INFO  http.BaseHttpServer (BaseHttpServer.java:newHttpServer2BuilderForOzone(207)) - Starting Web-server for hddsDatanode at: http://0.0.0.0:0
2021-01-18 08:18:58,707 [Listener at 127.0.0.1/45853] INFO  http.BaseHttpServer (BaseHttpServer.java:<init>(106)) - Hadoop Security Enabled: false Ozone Security Enabled: false Ozone HTTP Security Enabled: false 
2021-01-18 08:18:58,708 [Listener at 127.0.0.1/45853] INFO  server.AuthenticationFilter (AuthenticationFilter.java:constructSecretProvider(240)) - Unable to initialize FileSignerSecretProvider, falling back to use random secrets.
2021-01-18 08:18:58,708 [Listener at 127.0.0.1/45853] WARN  http.HttpRequestLog (HttpRequestLog.java:getRequestLog(103)) - Jetty request log can only be enabled using Log4j
2021-01-18 08:18:58,709 [Listener at 127.0.0.1/45853] INFO  http.HttpServer2 (HttpServer2.java:addGlobalFilter(1020)) - Added global filter 'safety' (class=org.apache.hadoop.hdds.server.http.HttpServer2$QuotingInputFilter)
2021-01-18 08:18:58,710 [Listener at 127.0.0.1/45853] INFO  http.HttpServer2 (HttpServer2.java:addFilter(996)) - Added filter static_user_filter (class=org.apache.hadoop.http.lib.StaticUserWebFilter$StaticUserFilter) to context hddsDatanode
2021-01-18 08:18:58,710 [Listener at 127.0.0.1/45853] INFO  http.HttpServer2 (HttpServer2.java:addFilter(1004)) - Added filter static_user_filter (class=org.apache.hadoop.http.lib.StaticUserWebFilter$StaticUserFilter) to context static
2021-01-18 08:18:58,710 [Listener at 127.0.0.1/45853] INFO  http.HttpServer2 (HttpServer2.java:addFilter(1004)) - Added filter static_user_filter (class=org.apache.hadoop.http.lib.StaticUserWebFilter$StaticUserFilter) to context logs
2021-01-18 08:18:58,710 [Listener at 127.0.0.1/45853] INFO  http.HttpServer2 (HttpServer2.java:bindListener(1238)) - Jetty bound to port 32939
2021-01-18 08:18:58,710 [Listener at 127.0.0.1/45853] INFO  server.Server (Server.java:doStart(375)) - jetty-9.4.34.v20201102; built: 2020-11-02T14:15:39.302Z; git: e46af88704a893fc12cb0e3bf46e2c7b48a009e7; jvm 1.8.0_232-b09
2021-01-18 08:18:58,712 [Listener at 127.0.0.1/45853] INFO  server.session (DefaultSessionIdManager.java:doStart(334)) - DefaultSessionIdManager workerName=node0
2021-01-18 08:18:58,712 [Listener at 127.0.0.1/45853] INFO  server.session (DefaultSessionIdManager.java:doStart(339)) - No SessionScavenger set, using defaults
2021-01-18 08:18:58,712 [Listener at 127.0.0.1/45853] INFO  server.session (HouseKeeper.java:startScavenging(132)) - node0 Scavenging every 660000ms
2021-01-18 08:18:58,713 [Listener at 127.0.0.1/45853] INFO  handler.ContextHandler (ContextHandler.java:doStart(916)) - Started o.e.j.s.ServletContextHandler@44bbf5e3{logs,/logs,file:///github/workspace/mnt/ozone/hadoop-ozone/integration-test/target/log,AVAILABLE}
2021-01-18 08:18:58,713 [Listener at 127.0.0.1/45853] INFO  handler.ContextHandler (ContextHandler.java:doStart(916)) - Started o.e.j.s.ServletContextHandler@463e0b6a{static,/static,jar:file:/home/user/.m2/repository/org/apache/hadoop/hadoop-hdds-container-service/1.1.0-SNAPSHOT/hadoop-hdds-container-service-1.1.0-SNAPSHOT.jar!/webapps/static,AVAILABLE}
2021-01-18 08:18:58,849 [Listener at 127.0.0.1/45853] INFO  handler.ContextHandler (ContextHandler.java:doStart(916)) - Started o.e.j.w.WebAppContext@6236beac{hddsDatanode,/,file:///tmp/jetty-0_0_0_0-32939-hadoop-hdds-container-service-1_1_0-SNAPSHOT_jar-_-any-3590863507410512190/webapp/,AVAILABLE}{jar:file:/home/user/.m2/repository/org/apache/hadoop/hadoop-hdds-container-service/1.1.0-SNAPSHOT/hadoop-hdds-container-service-1.1.0-SNAPSHOT.jar!/webapps/hddsDatanode}
2021-01-18 08:18:58,857 [Listener at 127.0.0.1/45853] INFO  server.AbstractConnector (AbstractConnector.java:doStart(331)) - Started ServerConnector@51a42767{HTTP/1.1, (http/1.1)}{0.0.0.0:32939}
2021-01-18 08:18:58,857 [Listener at 127.0.0.1/45853] INFO  server.Server (Server.java:doStart(415)) - Started @6629ms
2021-01-18 08:18:58,857 [Listener at 127.0.0.1/45853] WARN  impl.MetricsSystemImpl (MetricsSystemImpl.java:register(276)) - Sink prometheus already exists!
2021-01-18 08:18:58,861 [Listener at 127.0.0.1/45853] INFO  http.BaseHttpServer (BaseHttpServer.java:updateConnectorAddress(327)) - HTTP server of hddsDatanode listening at http://0.0.0.0:32939
2021-01-18 08:18:58,861 [Listener at 127.0.0.1/45853] INFO  impl.MetricsSystemImpl (MetricsSystemImpl.java:init(158)) - HddsDatanode metrics system started (again)
2021-01-18 08:18:58,863 [Listener at 127.0.0.1/45853] INFO  ozone.HddsDatanodeService (HddsDatanodeService.java:start(215)) - HddsDatanodeService host:dc3504268712 ip:172.17.0.2
2021-01-18 08:18:58,864 [Listener at 127.0.0.1/45853] INFO  volume.HddsVolume (HddsVolume.java:<init>(176)) - Creating Volume: /github/workspace/mnt/ozone/hadoop-ozone/integration-test/target/test-dir/MiniOzoneClusterImpl-bdf065e3-4bf0-4703-b3e1-6acc0ac12f97/datanode-9/data-0/containers/hdds of storage type : DISK and capacity : 9223372036854775807
2021-01-18 08:18:58,865 [Listener at 127.0.0.1/45853] INFO  volume.MutableVolumeSet (MutableVolumeSet.java:initializeVolumeSet(179)) - Added Volume : /github/workspace/mnt/ozone/hadoop-ozone/integration-test/target/test-dir/MiniOzoneClusterImpl-bdf065e3-4bf0-4703-b3e1-6acc0ac12f97/datanode-9/data-0/containers/hdds to VolumeSet
2021-01-18 08:18:58,865 [Listener at 127.0.0.1/45853] INFO  volume.ThrottledAsyncChecker (ThrottledAsyncChecker.java:schedule(141)) - Scheduling a check for /github/workspace/mnt/ozone/hadoop-ozone/integration-test/target/test-dir/MiniOzoneClusterImpl-bdf065e3-4bf0-4703-b3e1-6acc0ac12f97/datanode-9/data-0/containers/hdds
2021-01-18 08:18:58,865 [Listener at 127.0.0.1/45853] INFO  volume.HddsVolumeChecker (HddsVolumeChecker.java:checkAllVolumes(200)) - Scheduled health check for volume /github/workspace/mnt/ozone/hadoop-ozone/integration-test/target/test-dir/MiniOzoneClusterImpl-bdf065e3-4bf0-4703-b3e1-6acc0ac12f97/datanode-9/data-0/containers/hdds
2021-01-18 08:18:58,877 [org.apache.hadoop.util.JvmPauseMonitor$Monitor@4c83e954] INFO  util.JvmPauseMonitor (JvmPauseMonitor.java:run(188)) - Starting JVM pause monitor
2021-01-18 08:18:58,878 [Thread-232] INFO  ozoneimpl.ContainerReader (ContainerReader.java:readVolume(123)) - Start to verify containers on volume /github/workspace/mnt/ozone/hadoop-ozone/integration-test/target/test-dir/MiniOzoneClusterImpl-bdf065e3-4bf0-4703-b3e1-6acc0ac12f97/datanode-9/data-0/containers/hdds
2021-01-18 08:18:58,878 [Thread-232] INFO  ozoneimpl.ContainerReader (ContainerReader.java:readVolume(148)) - Finish verifying containers on volume /github/workspace/mnt/ozone/hadoop-ozone/integration-test/target/test-dir/MiniOzoneClusterImpl-bdf065e3-4bf0-4703-b3e1-6acc0ac12f97/datanode-9/data-0/containers/hdds
2021-01-18 08:18:58,878 [Listener at 127.0.0.1/45853] INFO  ozoneimpl.OzoneContainer (OzoneContainer.java:buildContainerSet(206)) - Build ContainerSet costs 0s
2021-01-18 08:18:58,880 [Listener at 127.0.0.1/45853] INFO  server.RaftServer (ConfUtils.java:logGet(44)) - raft.rpc.type = GRPC (default)
2021-01-18 08:18:58,880 [Listener at 127.0.0.1/45853] INFO  grpc.GrpcFactory (GrpcFactory.java:checkPooledByteBufAllocatorUseCacheForAllThreads(48)) - PERFORMANCE WARNING: useCacheForAllThreads is true that may cause Netty to create a lot garbage objects and, as a result, trigger GC.
	It is recommended to disable useCacheForAllThreads by setting -Dorg.apache.ratis.thirdparty.io.netty.allocator.useCacheForAllThreads=false in command line.
2021-01-18 08:18:58,880 [Listener at 127.0.0.1/45853] INFO  grpc.GrpcConfigKeys (ConfUtils.java:logGet(44)) - raft.grpc.server.port = 0 (default)
2021-01-18 08:18:58,880 [Listener at 127.0.0.1/45853] INFO  server.GrpcService (ConfUtils.java:logGet(44)) - raft.grpc.message.size.max = 32MB (=33554432) (custom)
2021-01-18 08:18:58,881 [Listener at 127.0.0.1/45853] INFO  server.RaftServerConfigKeys (ConfUtils.java:logGet(44)) - raft.server.log.appender.buffer.byte-limit = 33554432 (custom)
2021-01-18 08:18:58,881 [Listener at 127.0.0.1/45853] INFO  server.GrpcService (ConfUtils.java:logGet(44)) - raft.grpc.flow.control.window = 5MB (=5242880) (custom)
2021-01-18 08:18:58,881 [Listener at 127.0.0.1/45853] INFO  server.RaftServerConfigKeys (ConfUtils.java:logGet(44)) - raft.server.rpc.request.timeout = 3000ms (default)
2021-01-18 08:18:58,882 [Listener at 127.0.0.1/45853] INFO  impl.DataStreamServerImpl (ConfUtils.java:logGet(44)) - raft.datastream.type = DISABLED (default)
2021-01-18 08:18:58,882 [Listener at 127.0.0.1/45853] INFO  server.RaftServerConfigKeys (ConfUtils.java:logGet(44)) - raft.server.rpc.slowness.timeout = 300000ms (custom)
2021-01-18 08:18:58,882 [Listener at 127.0.0.1/45853] INFO  server.RaftServerConfigKeys (ConfUtils.java:logGet(44)) - raft.server.leaderelection.leader.step-down.wait-time = 10s (default)
2021-01-18 08:18:58,882 [Listener at 127.0.0.1/45853] INFO  server.RaftServerConfigKeys (ConfUtils.java:logGet(44)) - raft.server.storage.dir = [/github/workspace/mnt/ozone/hadoop-ozone/integration-test/target/test-dir/MiniOzoneClusterImpl-bdf065e3-4bf0-4703-b3e1-6acc0ac12f97/datanode-9/data/ratis] (custom)
2021-01-18 08:18:58,885 [Datanode State Machine Task Thread - 0] INFO  datanode.InitDatanodeState (InitDatanodeState.java:persistContainerDatanodeDetails(145)) - DatanodeDetails is persisted to /github/workspace/mnt/ozone/hadoop-ozone/integration-test/target/test-dir/MiniOzoneClusterImpl-bdf065e3-4bf0-4703-b3e1-6acc0ac12f97/datanode-8/meta/datanode.id
2021-01-18 08:18:58,888 [Listener at 127.0.0.1/45853] INFO  http.BaseHttpServer (BaseHttpServer.java:newHttpServer2BuilderForOzone(207)) - Starting Web-server for hddsDatanode at: http://0.0.0.0:0
2021-01-18 08:18:58,889 [Listener at 127.0.0.1/45853] INFO  http.BaseHttpServer (BaseHttpServer.java:<init>(106)) - Hadoop Security Enabled: false Ozone Security Enabled: false Ozone HTTP Security Enabled: false 
2021-01-18 08:18:58,890 [Listener at 127.0.0.1/45853] INFO  server.AuthenticationFilter (AuthenticationFilter.java:constructSecretProvider(240)) - Unable to initialize FileSignerSecretProvider, falling back to use random secrets.
2021-01-18 08:18:58,890 [Listener at 127.0.0.1/45853] WARN  http.HttpRequestLog (HttpRequestLog.java:getRequestLog(103)) - Jetty request log can only be enabled using Log4j
2021-01-18 08:18:58,891 [Listener at 127.0.0.1/45853] INFO  http.HttpServer2 (HttpServer2.java:addGlobalFilter(1020)) - Added global filter 'safety' (class=org.apache.hadoop.hdds.server.http.HttpServer2$QuotingInputFilter)
2021-01-18 08:18:58,892 [Listener at 127.0.0.1/45853] INFO  http.HttpServer2 (HttpServer2.java:addFilter(996)) - Added filter static_user_filter (class=org.apache.hadoop.http.lib.StaticUserWebFilter$StaticUserFilter) to context hddsDatanode
2021-01-18 08:18:58,892 [Listener at 127.0.0.1/45853] INFO  http.HttpServer2 (HttpServer2.java:addFilter(1004)) - Added filter static_user_filter (class=org.apache.hadoop.http.lib.StaticUserWebFilter$StaticUserFilter) to context static
2021-01-18 08:18:58,892 [Listener at 127.0.0.1/45853] INFO  http.HttpServer2 (HttpServer2.java:addFilter(1004)) - Added filter static_user_filter (class=org.apache.hadoop.http.lib.StaticUserWebFilter$StaticUserFilter) to context logs
2021-01-18 08:18:58,892 [Listener at 127.0.0.1/45853] INFO  http.HttpServer2 (HttpServer2.java:bindListener(1238)) - Jetty bound to port 40791
2021-01-18 08:18:58,892 [Listener at 127.0.0.1/45853] INFO  server.Server (Server.java:doStart(375)) - jetty-9.4.34.v20201102; built: 2020-11-02T14:15:39.302Z; git: e46af88704a893fc12cb0e3bf46e2c7b48a009e7; jvm 1.8.0_232-b09
2021-01-18 08:18:58,894 [Listener at 127.0.0.1/45853] INFO  server.session (DefaultSessionIdManager.java:doStart(334)) - DefaultSessionIdManager workerName=node0
2021-01-18 08:18:58,894 [Listener at 127.0.0.1/45853] INFO  server.session (DefaultSessionIdManager.java:doStart(339)) - No SessionScavenger set, using defaults
2021-01-18 08:18:58,894 [Listener at 127.0.0.1/45853] INFO  server.session (HouseKeeper.java:startScavenging(132)) - node0 Scavenging every 660000ms
2021-01-18 08:18:58,895 [Listener at 127.0.0.1/45853] INFO  handler.ContextHandler (ContextHandler.java:doStart(916)) - Started o.e.j.s.ServletContextHandler@814b60b{logs,/logs,file:///github/workspace/mnt/ozone/hadoop-ozone/integration-test/target/log,AVAILABLE}
2021-01-18 08:18:58,895 [Listener at 127.0.0.1/45853] INFO  handler.ContextHandler (ContextHandler.java:doStart(916)) - Started o.e.j.s.ServletContextHandler@197d6cc9{static,/static,jar:file:/home/user/.m2/repository/org/apache/hadoop/hadoop-hdds-container-service/1.1.0-SNAPSHOT/hadoop-hdds-container-service-1.1.0-SNAPSHOT.jar!/webapps/static,AVAILABLE}
2021-01-18 08:18:59,045 [Listener at 127.0.0.1/45853] INFO  handler.ContextHandler (ContextHandler.java:doStart(916)) - Started o.e.j.w.WebAppContext@26415b5e{hddsDatanode,/,file:///tmp/jetty-0_0_0_0-40791-hadoop-hdds-container-service-1_1_0-SNAPSHOT_jar-_-any-3125427966334161743/webapp/,AVAILABLE}{jar:file:/home/user/.m2/repository/org/apache/hadoop/hadoop-hdds-container-service/1.1.0-SNAPSHOT/hadoop-hdds-container-service-1.1.0-SNAPSHOT.jar!/webapps/hddsDatanode}
2021-01-18 08:18:59,053 [Listener at 127.0.0.1/45853] INFO  server.AbstractConnector (AbstractConnector.java:doStart(331)) - Started ServerConnector@358f85b1{HTTP/1.1, (http/1.1)}{0.0.0.0:40791}
2021-01-18 08:18:59,053 [Listener at 127.0.0.1/45853] INFO  server.Server (Server.java:doStart(415)) - Started @6825ms
2021-01-18 08:18:59,053 [Listener at 127.0.0.1/45853] WARN  impl.MetricsSystemImpl (MetricsSystemImpl.java:register(276)) - Sink prometheus already exists!
2021-01-18 08:18:59,058 [Listener at 127.0.0.1/45853] INFO  http.BaseHttpServer (BaseHttpServer.java:updateConnectorAddress(327)) - HTTP server of hddsDatanode listening at http://0.0.0.0:40791
2021-01-18 08:18:59,064 [Listener at 127.0.0.1/45853] INFO  ozone.MiniOzoneClusterImpl (MiniOzoneClusterImpl.java:lambda$waitForClusterToBeReady$0(179)) - Waiting for nodes to be ready. Got 0 of 10 DN Heartbeats.
2021-01-18 08:18:59,064 [Listener at 127.0.0.1/45853] INFO  ozone.MiniOzoneClusterImpl (MiniOzoneClusterImpl.java:lambda$waitForClusterToBeReady$0(182)) - Waiting for cluster to exit safe mode
2021-01-18 08:18:59,071 [EndpointStateMachine task thread for /0.0.0.0:42557 - 0 ] INFO  ozoneimpl.OzoneContainer (OzoneContainer.java:start(255)) - Attempting to start container services.
2021-01-18 08:18:59,072 [EndpointStateMachine task thread for /0.0.0.0:42557 - 0 ] INFO  ozoneimpl.OzoneContainer (OzoneContainer.java:startContainerScrub(219)) - Background container scanner has been disabled.
2021-01-18 08:18:59,085 [org.apache.hadoop.util.JvmPauseMonitor$Monitor@49d2c378] INFO  util.JvmPauseMonitor (JvmPauseMonitor.java:run(188)) - Starting JVM pause monitor
2021-01-18 08:18:59,091 [EndpointStateMachine task thread for /0.0.0.0:42557 - 0 ] INFO  replication.ReplicationServer (ReplicationServer.java:start(111)) - ReplicationServer is started using port 37329
2021-01-18 08:18:59,092 [EndpointStateMachine task thread for /0.0.0.0:42557 - 0 ] INFO  ratis.XceiverServerRatis (XceiverServerRatis.java:start(455)) - Starting XceiverServerRatis 696d8df7-edf8-435c-b3eb-e448589269ce at port 0
2021-01-18 08:18:59,092 [Datanode State Machine Task Thread - 0] INFO  datanode.InitDatanodeState (InitDatanodeState.java:persistContainerDatanodeDetails(145)) - DatanodeDetails is persisted to /github/workspace/mnt/ozone/hadoop-ozone/integration-test/target/test-dir/MiniOzoneClusterImpl-bdf065e3-4bf0-4703-b3e1-6acc0ac12f97/datanode-9/meta/datanode.id
2021-01-18 08:18:59,093 [EndpointStateMachine task thread for /0.0.0.0:42557 - 0 ] INFO  server.RaftServer (RaftServerProxy.java:lambda$start$5(372)) - 696d8df7-edf8-435c-b3eb-e448589269ce: start RPC server
2021-01-18 08:18:59,101 [EndpointStateMachine task thread for /0.0.0.0:42557 - 0 ] INFO  server.GrpcService (GrpcService.java:startImpl(176)) - 696d8df7-edf8-435c-b3eb-e448589269ce: GrpcService started, listening on 0.0.0.0/0.0.0.0:44671
2021-01-18 08:18:59,104 [EndpointStateMachine task thread for /0.0.0.0:42557 - 0 ] INFO  ratis.XceiverServerRatis (XceiverServerRatis.java:start(467)) - XceiverServerRatis 696d8df7-edf8-435c-b3eb-e448589269ce is started using port 44671
2021-01-18 08:18:59,111 [org.apache.ratis.util.JvmPauseMonitor$$Lambda$304/156850393@6188ffce] INFO  util.JvmPauseMonitor (JvmPauseMonitor.java:run(103)) - JvmPauseMonitor-696d8df7-edf8-435c-b3eb-e448589269ce: Started
2021-01-18 08:18:59,112 [EndpointStateMachine task thread for /0.0.0.0:42557 - 0 ] INFO  server.XceiverServerGrpc (XceiverServerGrpc.java:start(139)) - XceiverServerGrpc 696d8df7-edf8-435c-b3eb-e448589269ce is started using port 35311
2021-01-18 08:18:59,306 [EndpointStateMachine task thread for /0.0.0.0:42557 - 0 ] INFO  ozoneimpl.OzoneContainer (OzoneContainer.java:start(255)) - Attempting to start container services.
2021-01-18 08:18:59,309 [EndpointStateMachine task thread for /0.0.0.0:42557 - 0 ] INFO  ozoneimpl.OzoneContainer (OzoneContainer.java:startContainerScrub(219)) - Background container scanner has been disabled.
2021-01-18 08:18:59,311 [EndpointStateMachine task thread for /0.0.0.0:42557 - 0 ] INFO  replication.ReplicationServer (ReplicationServer.java:start(111)) - ReplicationServer is started using port 46021
2021-01-18 08:18:59,311 [EndpointStateMachine task thread for /0.0.0.0:42557 - 0 ] INFO  ratis.XceiverServerRatis (XceiverServerRatis.java:start(455)) - Starting XceiverServerRatis 43ca6a2e-d75a-477a-aef7-5c8b743b695f at port 0
2021-01-18 08:18:59,313 [EndpointStateMachine task thread for /0.0.0.0:42557 - 0 ] INFO  server.RaftServer (RaftServerProxy.java:lambda$start$5(372)) - 43ca6a2e-d75a-477a-aef7-5c8b743b695f: start RPC server
2021-01-18 08:18:59,320 [EndpointStateMachine task thread for /0.0.0.0:42557 - 0 ] INFO  server.GrpcService (GrpcService.java:startImpl(176)) - 43ca6a2e-d75a-477a-aef7-5c8b743b695f: GrpcService started, listening on 0.0.0.0/0.0.0.0:34735
2021-01-18 08:18:59,323 [EndpointStateMachine task thread for /0.0.0.0:42557 - 0 ] INFO  ratis.XceiverServerRatis (XceiverServerRatis.java:start(467)) - XceiverServerRatis 43ca6a2e-d75a-477a-aef7-5c8b743b695f is started using port 34735
2021-01-18 08:18:59,324 [org.apache.ratis.util.JvmPauseMonitor$$Lambda$304/156850393@199e20fa] INFO  util.JvmPauseMonitor (JvmPauseMonitor.java:run(103)) - JvmPauseMonitor-43ca6a2e-d75a-477a-aef7-5c8b743b695f: Started
2021-01-18 08:18:59,324 [EndpointStateMachine task thread for /0.0.0.0:42557 - 0 ] INFO  server.XceiverServerGrpc (XceiverServerGrpc.java:start(139)) - XceiverServerGrpc 43ca6a2e-d75a-477a-aef7-5c8b743b695f is started using port 45981
2021-01-18 08:18:59,576 [EndpointStateMachine task thread for /0.0.0.0:42557 - 0 ] INFO  ozoneimpl.OzoneContainer (OzoneContainer.java:start(255)) - Attempting to start container services.
2021-01-18 08:18:59,576 [EndpointStateMachine task thread for /0.0.0.0:42557 - 0 ] INFO  ozoneimpl.OzoneContainer (OzoneContainer.java:startContainerScrub(219)) - Background container scanner has been disabled.
2021-01-18 08:18:59,578 [EndpointStateMachine task thread for /0.0.0.0:42557 - 0 ] INFO  replication.ReplicationServer (ReplicationServer.java:start(111)) - ReplicationServer is started using port 36365
2021-01-18 08:18:59,578 [EndpointStateMachine task thread for /0.0.0.0:42557 - 0 ] INFO  ratis.XceiverServerRatis (XceiverServerRatis.java:start(455)) - Starting XceiverServerRatis 6257d45d-8325-4cae-8440-8c66e4fe0859 at port 0
2021-01-18 08:18:59,578 [EndpointStateMachine task thread for /0.0.0.0:42557 - 0 ] INFO  server.RaftServer (RaftServerProxy.java:lambda$start$5(372)) - 6257d45d-8325-4cae-8440-8c66e4fe0859: start RPC server
2021-01-18 08:18:59,580 [EndpointStateMachine task thread for /0.0.0.0:42557 - 0 ] INFO  server.GrpcService (GrpcService.java:startImpl(176)) - 6257d45d-8325-4cae-8440-8c66e4fe0859: GrpcService started, listening on 0.0.0.0/0.0.0.0:41085
2021-01-18 08:18:59,581 [EndpointStateMachine task thread for /0.0.0.0:42557 - 0 ] INFO  ratis.XceiverServerRatis (XceiverServerRatis.java:start(467)) - XceiverServerRatis 6257d45d-8325-4cae-8440-8c66e4fe0859 is started using port 41085
2021-01-18 08:18:59,581 [org.apache.ratis.util.JvmPauseMonitor$$Lambda$304/156850393@35fb4f73] INFO  util.JvmPauseMonitor (JvmPauseMonitor.java:run(103)) - JvmPauseMonitor-6257d45d-8325-4cae-8440-8c66e4fe0859: Started
2021-01-18 08:18:59,581 [EndpointStateMachine task thread for /0.0.0.0:42557 - 0 ] INFO  server.XceiverServerGrpc (XceiverServerGrpc.java:start(139)) - XceiverServerGrpc 6257d45d-8325-4cae-8440-8c66e4fe0859 is started using port 34905
2021-01-18 08:18:59,860 [EndpointStateMachine task thread for /0.0.0.0:42557 - 0 ] INFO  ozoneimpl.OzoneContainer (OzoneContainer.java:start(255)) - Attempting to start container services.
2021-01-18 08:18:59,860 [EndpointStateMachine task thread for /0.0.0.0:42557 - 0 ] INFO  ozoneimpl.OzoneContainer (OzoneContainer.java:startContainerScrub(219)) - Background container scanner has been disabled.
2021-01-18 08:18:59,862 [EndpointStateMachine task thread for /0.0.0.0:42557 - 0 ] INFO  replication.ReplicationServer (ReplicationServer.java:start(111)) - ReplicationServer is started using port 40497
2021-01-18 08:18:59,862 [EndpointStateMachine task thread for /0.0.0.0:42557 - 0 ] INFO  ratis.XceiverServerRatis (XceiverServerRatis.java:start(455)) - Starting XceiverServerRatis cf5be2f4-6792-4067-a62c-82347c056bf8 at port 0
2021-01-18 08:18:59,863 [EndpointStateMachine task thread for /0.0.0.0:42557 - 0 ] INFO  server.RaftServer (RaftServerProxy.java:lambda$start$5(372)) - cf5be2f4-6792-4067-a62c-82347c056bf8: start RPC server
2021-01-18 08:18:59,864 [EndpointStateMachine task thread for /0.0.0.0:42557 - 0 ] INFO  server.GrpcService (GrpcService.java:startImpl(176)) - cf5be2f4-6792-4067-a62c-82347c056bf8: GrpcService started, listening on 0.0.0.0/0.0.0.0:37857
2021-01-18 08:18:59,865 [EndpointStateMachine task thread for /0.0.0.0:42557 - 0 ] INFO  ratis.XceiverServerRatis (XceiverServerRatis.java:start(467)) - XceiverServerRatis cf5be2f4-6792-4067-a62c-82347c056bf8 is started using port 37857
2021-01-18 08:18:59,868 [EndpointStateMachine task thread for /0.0.0.0:42557 - 0 ] INFO  server.XceiverServerGrpc (XceiverServerGrpc.java:start(139)) - XceiverServerGrpc cf5be2f4-6792-4067-a62c-82347c056bf8 is started using port 45113
2021-01-18 08:18:59,872 [org.apache.ratis.util.JvmPauseMonitor$$Lambda$304/156850393@3addfd75] INFO  util.JvmPauseMonitor (JvmPauseMonitor.java:run(103)) - JvmPauseMonitor-cf5be2f4-6792-4067-a62c-82347c056bf8: Started
2021-01-18 08:19:00,064 [Listener at 127.0.0.1/45853] INFO  ozone.MiniOzoneClusterImpl (MiniOzoneClusterImpl.java:lambda$waitForClusterToBeReady$0(179)) - Waiting for nodes to be ready. Got 0 of 10 DN Heartbeats.
2021-01-18 08:19:00,064 [Listener at 127.0.0.1/45853] INFO  ozone.MiniOzoneClusterImpl (MiniOzoneClusterImpl.java:lambda$waitForClusterToBeReady$0(182)) - Waiting for cluster to exit safe mode
2021-01-18 08:19:00,109 [EndpointStateMachine task thread for /0.0.0.0:42557 - 0 ] INFO  ozoneimpl.OzoneContainer (OzoneContainer.java:start(255)) - Attempting to start container services.
2021-01-18 08:19:00,110 [EndpointStateMachine task thread for /0.0.0.0:42557 - 0 ] INFO  ozoneimpl.OzoneContainer (OzoneContainer.java:startContainerScrub(219)) - Background container scanner has been disabled.
2021-01-18 08:19:00,111 [EndpointStateMachine task thread for /0.0.0.0:42557 - 0 ] INFO  replication.ReplicationServer (ReplicationServer.java:start(111)) - ReplicationServer is started using port 36489
2021-01-18 08:19:00,111 [EndpointStateMachine task thread for /0.0.0.0:42557 - 0 ] INFO  ratis.XceiverServerRatis (XceiverServerRatis.java:start(455)) - Starting XceiverServerRatis bfdb13f1-88be-4fd0-b5f0-1bffb59ec9b7 at port 0
2021-01-18 08:19:00,114 [EndpointStateMachine task thread for /0.0.0.0:42557 - 0 ] INFO  server.RaftServer (RaftServerProxy.java:lambda$start$5(372)) - bfdb13f1-88be-4fd0-b5f0-1bffb59ec9b7: start RPC server
2021-01-18 08:19:00,115 [EndpointStateMachine task thread for /0.0.0.0:42557 - 0 ] INFO  server.GrpcService (GrpcService.java:startImpl(176)) - bfdb13f1-88be-4fd0-b5f0-1bffb59ec9b7: GrpcService started, listening on 0.0.0.0/0.0.0.0:40691
2021-01-18 08:19:00,115 [EndpointStateMachine task thread for /0.0.0.0:42557 - 0 ] INFO  ratis.XceiverServerRatis (XceiverServerRatis.java:start(467)) - XceiverServerRatis bfdb13f1-88be-4fd0-b5f0-1bffb59ec9b7 is started using port 40691
2021-01-18 08:19:00,115 [org.apache.ratis.util.JvmPauseMonitor$$Lambda$304/156850393@4b9284e8] INFO  util.JvmPauseMonitor (JvmPauseMonitor.java:run(103)) - JvmPauseMonitor-bfdb13f1-88be-4fd0-b5f0-1bffb59ec9b7: Started
2021-01-18 08:19:00,117 [EndpointStateMachine task thread for /0.0.0.0:42557 - 0 ] INFO  server.XceiverServerGrpc (XceiverServerGrpc.java:start(139)) - XceiverServerGrpc bfdb13f1-88be-4fd0-b5f0-1bffb59ec9b7 is started using port 46399
2021-01-18 08:19:00,303 [EndpointStateMachine task thread for /0.0.0.0:42557 - 0 ] INFO  ozoneimpl.OzoneContainer (OzoneContainer.java:start(255)) - Attempting to start container services.
2021-01-18 08:19:00,303 [EndpointStateMachine task thread for /0.0.0.0:42557 - 0 ] INFO  ozoneimpl.OzoneContainer (OzoneContainer.java:startContainerScrub(219)) - Background container scanner has been disabled.
2021-01-18 08:19:00,305 [EndpointStateMachine task thread for /0.0.0.0:42557 - 0 ] INFO  replication.ReplicationServer (ReplicationServer.java:start(111)) - ReplicationServer is started using port 38599
2021-01-18 08:19:00,305 [EndpointStateMachine task thread for /0.0.0.0:42557 - 0 ] INFO  ratis.XceiverServerRatis (XceiverServerRatis.java:start(455)) - Starting XceiverServerRatis dc393f10-cf1b-4856-93c0-8107f803be1a at port 0
2021-01-18 08:19:00,306 [EndpointStateMachine task thread for /0.0.0.0:42557 - 0 ] INFO  server.RaftServer (RaftServerProxy.java:lambda$start$5(372)) - dc393f10-cf1b-4856-93c0-8107f803be1a: start RPC server
2021-01-18 08:19:00,307 [EndpointStateMachine task thread for /0.0.0.0:42557 - 0 ] INFO  server.GrpcService (GrpcService.java:startImpl(176)) - dc393f10-cf1b-4856-93c0-8107f803be1a: GrpcService started, listening on 0.0.0.0/0.0.0.0:44865
2021-01-18 08:19:00,307 [EndpointStateMachine task thread for /0.0.0.0:42557 - 0 ] INFO  ratis.XceiverServerRatis (XceiverServerRatis.java:start(467)) - XceiverServerRatis dc393f10-cf1b-4856-93c0-8107f803be1a is started using port 44865
2021-01-18 08:19:00,307 [org.apache.ratis.util.JvmPauseMonitor$$Lambda$304/156850393@22d4bcdb] INFO  util.JvmPauseMonitor (JvmPauseMonitor.java:run(103)) - JvmPauseMonitor-dc393f10-cf1b-4856-93c0-8107f803be1a: Started
2021-01-18 08:19:00,308 [EndpointStateMachine task thread for /0.0.0.0:42557 - 0 ] INFO  server.XceiverServerGrpc (XceiverServerGrpc.java:start(139)) - XceiverServerGrpc dc393f10-cf1b-4856-93c0-8107f803be1a is started using port 36677
2021-01-18 08:19:00,488 [EndpointStateMachine task thread for /0.0.0.0:42557 - 0 ] INFO  ozoneimpl.OzoneContainer (OzoneContainer.java:start(255)) - Attempting to start container services.
2021-01-18 08:19:00,488 [EndpointStateMachine task thread for /0.0.0.0:42557 - 0 ] INFO  ozoneimpl.OzoneContainer (OzoneContainer.java:startContainerScrub(219)) - Background container scanner has been disabled.
2021-01-18 08:19:00,490 [EndpointStateMachine task thread for /0.0.0.0:42557 - 0 ] INFO  replication.ReplicationServer (ReplicationServer.java:start(111)) - ReplicationServer is started using port 35751
2021-01-18 08:19:00,490 [EndpointStateMachine task thread for /0.0.0.0:42557 - 0 ] INFO  ratis.XceiverServerRatis (XceiverServerRatis.java:start(455)) - Starting XceiverServerRatis 98a8f6bd-fbb9-4a8e-a9ec-8fb646ec091b at port 0
2021-01-18 08:19:00,491 [EndpointStateMachine task thread for /0.0.0.0:42557 - 0 ] INFO  server.RaftServer (RaftServerProxy.java:lambda$start$5(372)) - 98a8f6bd-fbb9-4a8e-a9ec-8fb646ec091b: start RPC server
2021-01-18 08:19:00,495 [EndpointStateMachine task thread for /0.0.0.0:42557 - 0 ] INFO  server.GrpcService (GrpcService.java:startImpl(176)) - 98a8f6bd-fbb9-4a8e-a9ec-8fb646ec091b: GrpcService started, listening on 0.0.0.0/0.0.0.0:45967
2021-01-18 08:19:00,496 [EndpointStateMachine task thread for /0.0.0.0:42557 - 0 ] INFO  ratis.XceiverServerRatis (XceiverServerRatis.java:start(467)) - XceiverServerRatis 98a8f6bd-fbb9-4a8e-a9ec-8fb646ec091b is started using port 45967
2021-01-18 08:19:00,496 [org.apache.ratis.util.JvmPauseMonitor$$Lambda$304/156850393@e47549] INFO  util.JvmPauseMonitor (JvmPauseMonitor.java:run(103)) - JvmPauseMonitor-98a8f6bd-fbb9-4a8e-a9ec-8fb646ec091b: Started
2021-01-18 08:19:00,497 [EndpointStateMachine task thread for /0.0.0.0:42557 - 0 ] INFO  server.XceiverServerGrpc (XceiverServerGrpc.java:start(139)) - XceiverServerGrpc 98a8f6bd-fbb9-4a8e-a9ec-8fb646ec091b is started using port 37789
2021-01-18 08:19:00,682 [EndpointStateMachine task thread for /0.0.0.0:42557 - 0 ] INFO  ozoneimpl.OzoneContainer (OzoneContainer.java:start(255)) - Attempting to start container services.
2021-01-18 08:19:00,682 [EndpointStateMachine task thread for /0.0.0.0:42557 - 0 ] INFO  ozoneimpl.OzoneContainer (OzoneContainer.java:startContainerScrub(219)) - Background container scanner has been disabled.
2021-01-18 08:19:00,683 [EndpointStateMachine task thread for /0.0.0.0:42557 - 0 ] INFO  replication.ReplicationServer (ReplicationServer.java:start(111)) - ReplicationServer is started using port 44557
2021-01-18 08:19:00,684 [EndpointStateMachine task thread for /0.0.0.0:42557 - 0 ] INFO  ratis.XceiverServerRatis (XceiverServerRatis.java:start(455)) - Starting XceiverServerRatis bc9cf250-f2f7-4763-83b2-e84831211d15 at port 0
2021-01-18 08:19:00,684 [EndpointStateMachine task thread for /0.0.0.0:42557 - 0 ] INFO  server.RaftServer (RaftServerProxy.java:lambda$start$5(372)) - bc9cf250-f2f7-4763-83b2-e84831211d15: start RPC server
2021-01-18 08:19:00,688 [EndpointStateMachine task thread for /0.0.0.0:42557 - 0 ] INFO  server.GrpcService (GrpcService.java:startImpl(176)) - bc9cf250-f2f7-4763-83b2-e84831211d15: GrpcService started, listening on 0.0.0.0/0.0.0.0:33353
2021-01-18 08:19:00,689 [EndpointStateMachine task thread for /0.0.0.0:42557 - 0 ] INFO  ratis.XceiverServerRatis (XceiverServerRatis.java:start(467)) - XceiverServerRatis bc9cf250-f2f7-4763-83b2-e84831211d15 is started using port 33353
2021-01-18 08:19:00,689 [org.apache.ratis.util.JvmPauseMonitor$$Lambda$304/156850393@3717b7d3] INFO  util.JvmPauseMonitor (JvmPauseMonitor.java:run(103)) - JvmPauseMonitor-bc9cf250-f2f7-4763-83b2-e84831211d15: Started
2021-01-18 08:19:00,689 [EndpointStateMachine task thread for /0.0.0.0:42557 - 0 ] INFO  server.XceiverServerGrpc (XceiverServerGrpc.java:start(139)) - XceiverServerGrpc bc9cf250-f2f7-4763-83b2-e84831211d15 is started using port 38511
2021-01-18 08:19:00,882 [EndpointStateMachine task thread for /0.0.0.0:42557 - 0 ] INFO  ozoneimpl.OzoneContainer (OzoneContainer.java:start(255)) - Attempting to start container services.
2021-01-18 08:19:00,882 [EndpointStateMachine task thread for /0.0.0.0:42557 - 0 ] INFO  ozoneimpl.OzoneContainer (OzoneContainer.java:startContainerScrub(219)) - Background container scanner has been disabled.
2021-01-18 08:19:00,884 [EndpointStateMachine task thread for /0.0.0.0:42557 - 0 ] INFO  replication.ReplicationServer (ReplicationServer.java:start(111)) - ReplicationServer is started using port 40805
2021-01-18 08:19:00,885 [EndpointStateMachine task thread for /0.0.0.0:42557 - 0 ] INFO  ratis.XceiverServerRatis (XceiverServerRatis.java:start(455)) - Starting XceiverServerRatis 852a0b0b-7bf4-4256-a802-bfb56885f965 at port 0
2021-01-18 08:19:00,885 [EndpointStateMachine task thread for /0.0.0.0:42557 - 0 ] INFO  server.RaftServer (RaftServerProxy.java:lambda$start$5(372)) - 852a0b0b-7bf4-4256-a802-bfb56885f965: start RPC server
2021-01-18 08:19:00,888 [EndpointStateMachine task thread for /0.0.0.0:42557 - 0 ] INFO  server.GrpcService (GrpcService.java:startImpl(176)) - 852a0b0b-7bf4-4256-a802-bfb56885f965: GrpcService started, listening on 0.0.0.0/0.0.0.0:38945
2021-01-18 08:19:00,889 [EndpointStateMachine task thread for /0.0.0.0:42557 - 0 ] INFO  ratis.XceiverServerRatis (XceiverServerRatis.java:start(467)) - XceiverServerRatis 852a0b0b-7bf4-4256-a802-bfb56885f965 is started using port 38945
2021-01-18 08:19:00,897 [EndpointStateMachine task thread for /0.0.0.0:42557 - 0 ] INFO  server.XceiverServerGrpc (XceiverServerGrpc.java:start(139)) - XceiverServerGrpc 852a0b0b-7bf4-4256-a802-bfb56885f965 is started using port 41293
2021-01-18 08:19:00,897 [org.apache.ratis.util.JvmPauseMonitor$$Lambda$304/156850393@7e21ccee] INFO  util.JvmPauseMonitor (JvmPauseMonitor.java:run(103)) - JvmPauseMonitor-852a0b0b-7bf4-4256-a802-bfb56885f965: Started
2021-01-18 08:19:01,015 [IPC Server handler 1 on default port 42557] INFO  net.NetworkTopologyImpl (NetworkTopologyImpl.java:add(111)) - Added a new node: /default-rack/696d8df7-edf8-435c-b3eb-e448589269ce
2021-01-18 08:19:01,017 [IPC Server handler 1 on default port 42557] INFO  node.SCMNodeManager (SCMNodeManager.java:register(341)) - Registered Data node : 696d8df7-edf8-435c-b3eb-e448589269ce{ip: 172.17.0.2, host: dc3504268712, networkLocation: /default-rack, certSerialId: null, persistedOpState: IN_SERVICE, persistedOpStateExpiryEpochSec: 0}
2021-01-18 08:19:01,025 [RatisPipelineUtilsThread] INFO  pipeline.RatisPipelineProvider (RatisPipelineProvider.java:lambda$create$0(161)) - Sending CreatePipelineCommand for pipeline:PipelineID=eb0122ff-0a73-4a11-86c0-274ae5afa946 to datanode:696d8df7-edf8-435c-b3eb-e448589269ce
2021-01-18 08:19:01,027 [EventQueue-NodeRegistrationContainerReportForContainerSafeModeRule] INFO  safemode.SCMSafeModeManager (SCMSafeModeManager.java:validateSafeModeExitRules(214)) - ContainerSafeModeRule rule is successfully validated
2021-01-18 08:19:01,027 [EventQueue-NodeRegistrationContainerReportForDataNodeSafeModeRule] INFO  safemode.SCMSafeModeManager (DataNodeSafeModeRule.java:process(71)) - SCM in safe mode. 1 DataNodes registered, 1 required.
2021-01-18 08:19:01,027 [EventQueue-NodeRegistrationContainerReportForDataNodeSafeModeRule] INFO  safemode.SCMSafeModeManager (SCMSafeModeManager.java:validateSafeModeExitRules(214)) - DataNodeSafeModeRule rule is successfully validated
2021-01-18 08:19:01,027 [EventQueue-NodeRegistrationContainerReportForDataNodeSafeModeRule] INFO  safemode.SCMSafeModeManager (SCMSafeModeManager.java:completePreCheck(242)) - All SCM safe mode pre check rules have passed
2021-01-18 08:19:01,054 [EventQueue-PipelineReportForOneReplicaPipelineSafeModeRule] INFO  safemode.SCMSafeModeManager (SCMSafeModeManager.java:validateSafeModeExitRules(214)) - AtleastOneDatanodeReportedRule rule is successfully validated
2021-01-18 08:19:01,065 [Listener at 127.0.0.1/45853] INFO  ozone.MiniOzoneClusterImpl (MiniOzoneClusterImpl.java:lambda$waitForClusterToBeReady$0(179)) - Waiting for nodes to be ready. Got 1 of 10 DN Heartbeats.
2021-01-18 08:19:01,065 [Listener at 127.0.0.1/45853] INFO  ozone.MiniOzoneClusterImpl (MiniOzoneClusterImpl.java:lambda$waitForClusterToBeReady$0(182)) - Waiting for cluster to exit safe mode
2021-01-18 08:19:01,076 [RatisPipelineUtilsThread] INFO  pipeline.PipelineStateManager (PipelineStateManager.java:addPipeline(54)) - Created pipeline Pipeline[ Id: eb0122ff-0a73-4a11-86c0-274ae5afa946, Nodes: 696d8df7-edf8-435c-b3eb-e448589269ce{ip: 172.17.0.2, host: dc3504268712, networkLocation: /default-rack, certSerialId: null, persistedOpState: IN_SERVICE, persistedOpStateExpiryEpochSec: 0}, Type:RATIS, Factor:ONE, State:ALLOCATED, leaderId:, CreationTimestamp2021-01-18T08:19:01.021Z]
2021-01-18 08:19:01,078 [RatisPipelineUtilsThread] WARN  pipeline.PipelinePlacementPolicy (PipelinePlacementPolicy.java:filterViableNodes(142)) - Pipeline creation failed due to no sufficient healthy datanodes. Required 3. Found 1.
2021-01-18 08:19:01,083 [EndpointStateMachine task thread for /0.0.0.0:42557 - 0 ] INFO  ozoneimpl.OzoneContainer (OzoneContainer.java:start(255)) - Attempting to start container services.
2021-01-18 08:19:01,084 [EndpointStateMachine task thread for /0.0.0.0:42557 - 0 ] INFO  ozoneimpl.OzoneContainer (OzoneContainer.java:startContainerScrub(219)) - Background container scanner has been disabled.
2021-01-18 08:19:01,086 [EndpointStateMachine task thread for /0.0.0.0:42557 - 0 ] INFO  replication.ReplicationServer (ReplicationServer.java:start(111)) - ReplicationServer is started using port 35941
2021-01-18 08:19:01,086 [EndpointStateMachine task thread for /0.0.0.0:42557 - 0 ] INFO  ratis.XceiverServerRatis (XceiverServerRatis.java:start(455)) - Starting XceiverServerRatis 80d4453e-3cb3-4128-a9dd-fc82c17086c2 at port 0
2021-01-18 08:19:01,087 [EndpointStateMachine task thread for /0.0.0.0:42557 - 0 ] INFO  server.RaftServer (RaftServerProxy.java:lambda$start$5(372)) - 80d4453e-3cb3-4128-a9dd-fc82c17086c2: start RPC server
2021-01-18 08:19:01,088 [EndpointStateMachine task thread for /0.0.0.0:42557 - 0 ] INFO  server.GrpcService (GrpcService.java:startImpl(176)) - 80d4453e-3cb3-4128-a9dd-fc82c17086c2: GrpcService started, listening on 0.0.0.0/0.0.0.0:37911
2021-01-18 08:19:01,088 [EndpointStateMachine task thread for /0.0.0.0:42557 - 0 ] INFO  ratis.XceiverServerRatis (XceiverServerRatis.java:start(467)) - XceiverServerRatis 80d4453e-3cb3-4128-a9dd-fc82c17086c2 is started using port 37911
2021-01-18 08:19:01,092 [EndpointStateMachine task thread for /0.0.0.0:42557 - 0 ] INFO  server.XceiverServerGrpc (XceiverServerGrpc.java:start(139)) - XceiverServerGrpc 80d4453e-3cb3-4128-a9dd-fc82c17086c2 is started using port 37535
2021-01-18 08:19:01,094 [org.apache.ratis.util.JvmPauseMonitor$$Lambda$304/156850393@defe8b0] INFO  util.JvmPauseMonitor (JvmPauseMonitor.java:run(103)) - JvmPauseMonitor-80d4453e-3cb3-4128-a9dd-fc82c17086c2: Started
2021-01-18 08:19:01,304 [IPC Server handler 3 on default port 42557] INFO  net.NetworkTopologyImpl (NetworkTopologyImpl.java:add(111)) - Added a new node: /default-rack/43ca6a2e-d75a-477a-aef7-5c8b743b695f
2021-01-18 08:19:01,304 [IPC Server handler 3 on default port 42557] INFO  node.SCMNodeManager (SCMNodeManager.java:register(341)) - Registered Data node : 43ca6a2e-d75a-477a-aef7-5c8b743b695f{ip: 172.17.0.2, host: dc3504268712, networkLocation: /default-rack, certSerialId: null, persistedOpState: IN_SERVICE, persistedOpStateExpiryEpochSec: 0}
2021-01-18 08:19:01,305 [EventQueue-NodeRegistrationContainerReportForContainerSafeModeRule] INFO  safemode.SCMSafeModeManager (SCMSafeModeManager.java:validateSafeModeExitRules(214)) - ContainerSafeModeRule rule is successfully validated
2021-01-18 08:19:01,305 [EventQueue-NodeRegistrationContainerReportForDataNodeSafeModeRule] INFO  safemode.SCMSafeModeManager (SCMSafeModeManager.java:validateSafeModeExitRules(214)) - DataNodeSafeModeRule rule is successfully validated
2021-01-18 08:19:01,305 [EventQueue-PipelineReportForOneReplicaPipelineSafeModeRule] INFO  safemode.SCMSafeModeManager (SCMSafeModeManager.java:validateSafeModeExitRules(214)) - AtleastOneDatanodeReportedRule rule is successfully validated
2021-01-18 08:19:01,307 [RatisPipelineUtilsThread] INFO  pipeline.RatisPipelineProvider (RatisPipelineProvider.java:lambda$create$0(161)) - Sending CreatePipelineCommand for pipeline:PipelineID=ec3e926f-6ff1-4735-97c4-57a5f833cde3 to datanode:43ca6a2e-d75a-477a-aef7-5c8b743b695f
2021-01-18 08:19:01,308 [RatisPipelineUtilsThread] INFO  pipeline.PipelineStateManager (PipelineStateManager.java:addPipeline(54)) - Created pipeline Pipeline[ Id: ec3e926f-6ff1-4735-97c4-57a5f833cde3, Nodes: 43ca6a2e-d75a-477a-aef7-5c8b743b695f{ip: 172.17.0.2, host: dc3504268712, networkLocation: /default-rack, certSerialId: null, persistedOpState: IN_SERVICE, persistedOpStateExpiryEpochSec: 0}, Type:RATIS, Factor:ONE, State:ALLOCATED, leaderId:, CreationTimestamp2021-01-18T08:19:01.307Z]
2021-01-18 08:19:01,308 [RatisPipelineUtilsThread] WARN  pipeline.PipelinePlacementPolicy (PipelinePlacementPolicy.java:filterViableNodes(142)) - Pipeline creation failed due to no sufficient healthy datanodes. Required 3. Found 2.
2021-01-18 08:19:01,574 [IPC Server handler 4 on default port 42557] INFO  net.NetworkTopologyImpl (NetworkTopologyImpl.java:add(111)) - Added a new node: /default-rack/6257d45d-8325-4cae-8440-8c66e4fe0859
2021-01-18 08:19:01,574 [IPC Server handler 4 on default port 42557] INFO  node.SCMNodeManager (SCMNodeManager.java:register(341)) - Registered Data node : 6257d45d-8325-4cae-8440-8c66e4fe0859{ip: 172.17.0.2, host: dc3504268712, networkLocation: /default-rack, certSerialId: null, persistedOpState: IN_SERVICE, persistedOpStateExpiryEpochSec: 0}
2021-01-18 08:19:01,574 [EventQueue-NodeRegistrationContainerReportForContainerSafeModeRule] INFO  safemode.SCMSafeModeManager (SCMSafeModeManager.java:validateSafeModeExitRules(214)) - ContainerSafeModeRule rule is successfully validated
2021-01-18 08:19:01,575 [EventQueue-NodeRegistrationContainerReportForDataNodeSafeModeRule] INFO  safemode.SCMSafeModeManager (SCMSafeModeManager.java:validateSafeModeExitRules(214)) - DataNodeSafeModeRule rule is successfully validated
2021-01-18 08:19:01,575 [EventQueue-PipelineReportForOneReplicaPipelineSafeModeRule] INFO  safemode.SCMSafeModeManager (SCMSafeModeManager.java:validateSafeModeExitRules(214)) - AtleastOneDatanodeReportedRule rule is successfully validated
2021-01-18 08:19:01,575 [RatisPipelineUtilsThread] INFO  pipeline.RatisPipelineProvider (RatisPipelineProvider.java:lambda$create$0(161)) - Sending CreatePipelineCommand for pipeline:PipelineID=cf2843ce-bd2c-4a2d-8b79-aaffb9850e40 to datanode:6257d45d-8325-4cae-8440-8c66e4fe0859
2021-01-18 08:19:01,576 [RatisPipelineUtilsThread] INFO  pipeline.PipelineStateManager (PipelineStateManager.java:addPipeline(54)) - Created pipeline Pipeline[ Id: cf2843ce-bd2c-4a2d-8b79-aaffb9850e40, Nodes: 6257d45d-8325-4cae-8440-8c66e4fe0859{ip: 172.17.0.2, host: dc3504268712, networkLocation: /default-rack, certSerialId: null, persistedOpState: IN_SERVICE, persistedOpStateExpiryEpochSec: 0}, Type:RATIS, Factor:ONE, State:ALLOCATED, leaderId:, CreationTimestamp2021-01-18T08:19:01.575Z]
2021-01-18 08:19:01,579 [RatisPipelineUtilsThread] INFO  pipeline.RatisPipelineProvider (RatisPipelineProvider.java:lambda$create$0(161)) - Sending CreatePipelineCommand for pipeline:PipelineID=977a9c08-f91f-4a57-b8e1-2f60dbe96792 to datanode:6257d45d-8325-4cae-8440-8c66e4fe0859
2021-01-18 08:19:01,579 [RatisPipelineUtilsThread] INFO  pipeline.RatisPipelineProvider (RatisPipelineProvider.java:lambda$create$0(161)) - Sending CreatePipelineCommand for pipeline:PipelineID=977a9c08-f91f-4a57-b8e1-2f60dbe96792 to datanode:696d8df7-edf8-435c-b3eb-e448589269ce
2021-01-18 08:19:01,580 [RatisPipelineUtilsThread] INFO  pipeline.RatisPipelineProvider (RatisPipelineProvider.java:lambda$create$0(161)) - Sending CreatePipelineCommand for pipeline:PipelineID=977a9c08-f91f-4a57-b8e1-2f60dbe96792 to datanode:43ca6a2e-d75a-477a-aef7-5c8b743b695f
2021-01-18 08:19:01,580 [RatisPipelineUtilsThread] INFO  pipeline.PipelineStateManager (PipelineStateManager.java:addPipeline(54)) - Created pipeline Pipeline[ Id: 977a9c08-f91f-4a57-b8e1-2f60dbe96792, Nodes: 6257d45d-8325-4cae-8440-8c66e4fe0859{ip: 172.17.0.2, host: dc3504268712, networkLocation: /default-rack, certSerialId: null, persistedOpState: IN_SERVICE, persistedOpStateExpiryEpochSec: 0}696d8df7-edf8-435c-b3eb-e448589269ce{ip: 172.17.0.2, host: dc3504268712, networkLocation: /default-rack, certSerialId: null, persistedOpState: IN_SERVICE, persistedOpStateExpiryEpochSec: 0}43ca6a2e-d75a-477a-aef7-5c8b743b695f{ip: 172.17.0.2, host: dc3504268712, networkLocation: /default-rack, certSerialId: null, persistedOpState: IN_SERVICE, persistedOpStateExpiryEpochSec: 0}, Type:RATIS, Factor:THREE, State:ALLOCATED, leaderId:, CreationTimestamp2021-01-18T08:19:01.579Z]
2021-01-18 08:19:01,583 [RatisPipelineUtilsThread] INFO  pipeline.RatisPipelineProvider (RatisPipelineProvider.java:lambda$create$0(161)) - Sending CreatePipelineCommand for pipeline:PipelineID=1fc61302-37d1-485a-86bd-ef68238c99b2 to datanode:6257d45d-8325-4cae-8440-8c66e4fe0859
2021-01-18 08:19:01,583 [RatisPipelineUtilsThread] INFO  pipeline.RatisPipelineProvider (RatisPipelineProvider.java:lambda$create$0(161)) - Sending CreatePipelineCommand for pipeline:PipelineID=1fc61302-37d1-485a-86bd-ef68238c99b2 to datanode:696d8df7-edf8-435c-b3eb-e448589269ce
2021-01-18 08:19:01,583 [RatisPipelineUtilsThread] INFO  pipeline.RatisPipelineProvider (RatisPipelineProvider.java:lambda$create$0(161)) - Sending CreatePipelineCommand for pipeline:PipelineID=1fc61302-37d1-485a-86bd-ef68238c99b2 to datanode:43ca6a2e-d75a-477a-aef7-5c8b743b695f
2021-01-18 08:19:01,584 [RatisPipelineUtilsThread] INFO  pipeline.PipelineStateManager (PipelineStateManager.java:addPipeline(54)) - Created pipeline Pipeline[ Id: 1fc61302-37d1-485a-86bd-ef68238c99b2, Nodes: 6257d45d-8325-4cae-8440-8c66e4fe0859{ip: 172.17.0.2, host: dc3504268712, networkLocation: /default-rack, certSerialId: null, persistedOpState: IN_SERVICE, persistedOpStateExpiryEpochSec: 0}696d8df7-edf8-435c-b3eb-e448589269ce{ip: 172.17.0.2, host: dc3504268712, networkLocation: /default-rack, certSerialId: null, persistedOpState: IN_SERVICE, persistedOpStateExpiryEpochSec: 0}43ca6a2e-d75a-477a-aef7-5c8b743b695f{ip: 172.17.0.2, host: dc3504268712, networkLocation: /default-rack, certSerialId: null, persistedOpState: IN_SERVICE, persistedOpStateExpiryEpochSec: 0}, Type:RATIS, Factor:THREE, State:ALLOCATED, leaderId:, CreationTimestamp2021-01-18T08:19:01.583Z]
2021-01-18 08:19:01,584 [RatisPipelineUtilsThread] INFO  pipeline.SCMPipelineManager (SCMPipelineManager.java:recordMetricsForPipeline(243)) - Pipeline: PipelineID=1fc61302-37d1-485a-86bd-ef68238c99b2 contains same datanodes as previous pipelines: PipelineID=977a9c08-f91f-4a57-b8e1-2f60dbe96792 nodeIds: 6257d45d-8325-4cae-8440-8c66e4fe0859, 696d8df7-edf8-435c-b3eb-e448589269ce, 43ca6a2e-d75a-477a-aef7-5c8b743b695f
2021-01-18 08:19:01,796 [IPC Server handler 6 on default port 42557] INFO  net.NetworkTopologyImpl (NetworkTopologyImpl.java:add(111)) - Added a new node: /default-rack/cf5be2f4-6792-4067-a62c-82347c056bf8
2021-01-18 08:19:01,797 [IPC Server handler 6 on default port 42557] INFO  node.SCMNodeManager (SCMNodeManager.java:register(341)) - Registered Data node : cf5be2f4-6792-4067-a62c-82347c056bf8{ip: 172.17.0.2, host: dc3504268712, networkLocation: /default-rack, certSerialId: null, persistedOpState: IN_SERVICE, persistedOpStateExpiryEpochSec: 0}
2021-01-18 08:19:01,797 [EventQueue-NodeRegistrationContainerReportForContainerSafeModeRule] INFO  safemode.SCMSafeModeManager (SCMSafeModeManager.java:validateSafeModeExitRules(214)) - ContainerSafeModeRule rule is successfully validated
2021-01-18 08:19:01,798 [EventQueue-NodeRegistrationContainerReportForDataNodeSafeModeRule] INFO  safemode.SCMSafeModeManager (SCMSafeModeManager.java:validateSafeModeExitRules(214)) - DataNodeSafeModeRule rule is successfully validated
2021-01-18 08:19:01,798 [EventQueue-PipelineReportForOneReplicaPipelineSafeModeRule] INFO  safemode.SCMSafeModeManager (SCMSafeModeManager.java:validateSafeModeExitRules(214)) - AtleastOneDatanodeReportedRule rule is successfully validated
2021-01-18 08:19:01,798 [RatisPipelineUtilsThread] INFO  pipeline.RatisPipelineProvider (RatisPipelineProvider.java:lambda$create$0(161)) - Sending CreatePipelineCommand for pipeline:PipelineID=f2532320-d900-4f79-81ed-b975877ffe9f to datanode:cf5be2f4-6792-4067-a62c-82347c056bf8
2021-01-18 08:19:01,799 [RatisPipelineUtilsThread] INFO  pipeline.PipelineStateManager (PipelineStateManager.java:addPipeline(54)) - Created pipeline Pipeline[ Id: f2532320-d900-4f79-81ed-b975877ffe9f, Nodes: cf5be2f4-6792-4067-a62c-82347c056bf8{ip: 172.17.0.2, host: dc3504268712, networkLocation: /default-rack, certSerialId: null, persistedOpState: IN_SERVICE, persistedOpStateExpiryEpochSec: 0}, Type:RATIS, Factor:ONE, State:ALLOCATED, leaderId:, CreationTimestamp2021-01-18T08:19:01.798Z]
2021-01-18 08:19:02,065 [Listener at 127.0.0.1/45853] INFO  ozone.MiniOzoneClusterImpl (MiniOzoneClusterImpl.java:lambda$waitForClusterToBeReady$0(179)) - Waiting for nodes to be ready. Got 4 of 10 DN Heartbeats.
2021-01-18 08:19:02,065 [Listener at 127.0.0.1/45853] INFO  ozone.MiniOzoneClusterImpl (MiniOzoneClusterImpl.java:lambda$waitForClusterToBeReady$0(182)) - Waiting for cluster to exit safe mode
2021-01-18 08:19:02,107 [IPC Server handler 3 on default port 42557] INFO  net.NetworkTopologyImpl (NetworkTopologyImpl.java:add(111)) - Added a new node: /default-rack/bfdb13f1-88be-4fd0-b5f0-1bffb59ec9b7
2021-01-18 08:19:02,108 [IPC Server handler 3 on default port 42557] INFO  node.SCMNodeManager (SCMNodeManager.java:register(341)) - Registered Data node : bfdb13f1-88be-4fd0-b5f0-1bffb59ec9b7{ip: 172.17.0.2, host: dc3504268712, networkLocation: /default-rack, certSerialId: null, persistedOpState: IN_SERVICE, persistedOpStateExpiryEpochSec: 0}
2021-01-18 08:19:02,108 [EventQueue-NodeRegistrationContainerReportForContainerSafeModeRule] INFO  safemode.SCMSafeModeManager (SCMSafeModeManager.java:validateSafeModeExitRules(214)) - ContainerSafeModeRule rule is successfully validated
2021-01-18 08:19:02,108 [EventQueue-NodeRegistrationContainerReportForDataNodeSafeModeRule] INFO  safemode.SCMSafeModeManager (SCMSafeModeManager.java:validateSafeModeExitRules(214)) - DataNodeSafeModeRule rule is successfully validated
2021-01-18 08:19:02,108 [EventQueue-PipelineReportForOneReplicaPipelineSafeModeRule] INFO  safemode.SCMSafeModeManager (SCMSafeModeManager.java:validateSafeModeExitRules(214)) - AtleastOneDatanodeReportedRule rule is successfully validated
2021-01-18 08:19:02,109 [RatisPipelineUtilsThread] INFO  pipeline.RatisPipelineProvider (RatisPipelineProvider.java:lambda$create$0(161)) - Sending CreatePipelineCommand for pipeline:PipelineID=ed94cfc9-54ea-4613-8ec3-58a162b7a17e to datanode:bfdb13f1-88be-4fd0-b5f0-1bffb59ec9b7
2021-01-18 08:19:02,110 [RatisPipelineUtilsThread] INFO  pipeline.PipelineStateManager (PipelineStateManager.java:addPipeline(54)) - Created pipeline Pipeline[ Id: ed94cfc9-54ea-4613-8ec3-58a162b7a17e, Nodes: bfdb13f1-88be-4fd0-b5f0-1bffb59ec9b7{ip: 172.17.0.2, host: dc3504268712, networkLocation: /default-rack, certSerialId: null, persistedOpState: IN_SERVICE, persistedOpStateExpiryEpochSec: 0}, Type:RATIS, Factor:ONE, State:ALLOCATED, leaderId:, CreationTimestamp2021-01-18T08:19:02.109Z]
2021-01-18 08:19:02,300 [IPC Server handler 4 on default port 42557] INFO  net.NetworkTopologyImpl (NetworkTopologyImpl.java:add(111)) - Added a new node: /default-rack/dc393f10-cf1b-4856-93c0-8107f803be1a
2021-01-18 08:19:02,300 [IPC Server handler 4 on default port 42557] INFO  node.SCMNodeManager (SCMNodeManager.java:register(341)) - Registered Data node : dc393f10-cf1b-4856-93c0-8107f803be1a{ip: 172.17.0.2, host: dc3504268712, networkLocation: /default-rack, certSerialId: null, persistedOpState: IN_SERVICE, persistedOpStateExpiryEpochSec: 0}
2021-01-18 08:19:02,300 [EventQueue-PipelineReportForOneReplicaPipelineSafeModeRule] INFO  safemode.SCMSafeModeManager (SCMSafeModeManager.java:validateSafeModeExitRules(214)) - AtleastOneDatanodeReportedRule rule is successfully validated
2021-01-18 08:19:02,301 [RatisPipelineUtilsThread] INFO  pipeline.RatisPipelineProvider (RatisPipelineProvider.java:lambda$create$0(161)) - Sending CreatePipelineCommand for pipeline:PipelineID=fec9881f-a30c-47eb-9533-24cb2f976346 to datanode:dc393f10-cf1b-4856-93c0-8107f803be1a
2021-01-18 08:19:02,301 [EventQueue-NodeRegistrationContainerReportForDataNodeSafeModeRule] INFO  safemode.SCMSafeModeManager (SCMSafeModeManager.java:validateSafeModeExitRules(214)) - DataNodeSafeModeRule rule is successfully validated
2021-01-18 08:19:02,301 [EventQueue-NodeRegistrationContainerReportForContainerSafeModeRule] INFO  safemode.SCMSafeModeManager (SCMSafeModeManager.java:validateSafeModeExitRules(214)) - ContainerSafeModeRule rule is successfully validated
2021-01-18 08:19:02,301 [RatisPipelineUtilsThread] INFO  pipeline.PipelineStateManager (PipelineStateManager.java:addPipeline(54)) - Created pipeline Pipeline[ Id: fec9881f-a30c-47eb-9533-24cb2f976346, Nodes: dc393f10-cf1b-4856-93c0-8107f803be1a{ip: 172.17.0.2, host: dc3504268712, networkLocation: /default-rack, certSerialId: null, persistedOpState: IN_SERVICE, persistedOpStateExpiryEpochSec: 0}, Type:RATIS, Factor:ONE, State:ALLOCATED, leaderId:, CreationTimestamp2021-01-18T08:19:02.301Z]
2021-01-18 08:19:02,302 [RatisPipelineUtilsThread] INFO  pipeline.RatisPipelineProvider (RatisPipelineProvider.java:lambda$create$0(161)) - Sending CreatePipelineCommand for pipeline:PipelineID=3385d0de-4eda-4176-8cd6-064b80184e77 to datanode:bfdb13f1-88be-4fd0-b5f0-1bffb59ec9b7
2021-01-18 08:19:02,302 [RatisPipelineUtilsThread] INFO  pipeline.RatisPipelineProvider (RatisPipelineProvider.java:lambda$create$0(161)) - Sending CreatePipelineCommand for pipeline:PipelineID=3385d0de-4eda-4176-8cd6-064b80184e77 to datanode:dc393f10-cf1b-4856-93c0-8107f803be1a
2021-01-18 08:19:02,302 [RatisPipelineUtilsThread] INFO  pipeline.RatisPipelineProvider (RatisPipelineProvider.java:lambda$create$0(161)) - Sending CreatePipelineCommand for pipeline:PipelineID=3385d0de-4eda-4176-8cd6-064b80184e77 to datanode:cf5be2f4-6792-4067-a62c-82347c056bf8
2021-01-18 08:19:02,302 [RatisPipelineUtilsThread] INFO  pipeline.PipelineStateManager (PipelineStateManager.java:addPipeline(54)) - Created pipeline Pipeline[ Id: 3385d0de-4eda-4176-8cd6-064b80184e77, Nodes: bfdb13f1-88be-4fd0-b5f0-1bffb59ec9b7{ip: 172.17.0.2, host: dc3504268712, networkLocation: /default-rack, certSerialId: null, persistedOpState: IN_SERVICE, persistedOpStateExpiryEpochSec: 0}dc393f10-cf1b-4856-93c0-8107f803be1a{ip: 172.17.0.2, host: dc3504268712, networkLocation: /default-rack, certSerialId: null, persistedOpState: IN_SERVICE, persistedOpStateExpiryEpochSec: 0}cf5be2f4-6792-4067-a62c-82347c056bf8{ip: 172.17.0.2, host: dc3504268712, networkLocation: /default-rack, certSerialId: null, persistedOpState: IN_SERVICE, persistedOpStateExpiryEpochSec: 0}, Type:RATIS, Factor:THREE, State:ALLOCATED, leaderId:, CreationTimestamp2021-01-18T08:19:02.302Z]
2021-01-18 08:19:02,303 [RatisPipelineUtilsThread] INFO  pipeline.RatisPipelineProvider (RatisPipelineProvider.java:lambda$create$0(161)) - Sending CreatePipelineCommand for pipeline:PipelineID=1f245b7e-afac-401e-9eed-40c8f8f876ab to datanode:bfdb13f1-88be-4fd0-b5f0-1bffb59ec9b7
2021-01-18 08:19:02,303 [RatisPipelineUtilsThread] INFO  pipeline.RatisPipelineProvider (RatisPipelineProvider.java:lambda$create$0(161)) - Sending CreatePipelineCommand for pipeline:PipelineID=1f245b7e-afac-401e-9eed-40c8f8f876ab to datanode:dc393f10-cf1b-4856-93c0-8107f803be1a
2021-01-18 08:19:02,303 [RatisPipelineUtilsThread] INFO  pipeline.RatisPipelineProvider (RatisPipelineProvider.java:lambda$create$0(161)) - Sending CreatePipelineCommand for pipeline:PipelineID=1f245b7e-afac-401e-9eed-40c8f8f876ab to datanode:cf5be2f4-6792-4067-a62c-82347c056bf8
2021-01-18 08:19:02,304 [RatisPipelineUtilsThread] INFO  pipeline.PipelineStateManager (PipelineStateManager.java:addPipeline(54)) - Created pipeline Pipeline[ Id: 1f245b7e-afac-401e-9eed-40c8f8f876ab, Nodes: bfdb13f1-88be-4fd0-b5f0-1bffb59ec9b7{ip: 172.17.0.2, host: dc3504268712, networkLocation: /default-rack, certSerialId: null, persistedOpState: IN_SERVICE, persistedOpStateExpiryEpochSec: 0}dc393f10-cf1b-4856-93c0-8107f803be1a{ip: 172.17.0.2, host: dc3504268712, networkLocation: /default-rack, certSerialId: null, persistedOpState: IN_SERVICE, persistedOpStateExpiryEpochSec: 0}cf5be2f4-6792-4067-a62c-82347c056bf8{ip: 172.17.0.2, host: dc3504268712, networkLocation: /default-rack, certSerialId: null, persistedOpState: IN_SERVICE, persistedOpStateExpiryEpochSec: 0}, Type:RATIS, Factor:THREE, State:ALLOCATED, leaderId:, CreationTimestamp2021-01-18T08:19:02.303Z]
2021-01-18 08:19:02,304 [RatisPipelineUtilsThread] INFO  pipeline.SCMPipelineManager (SCMPipelineManager.java:recordMetricsForPipeline(243)) - Pipeline: PipelineID=1f245b7e-afac-401e-9eed-40c8f8f876ab contains same datanodes as previous pipelines: PipelineID=3385d0de-4eda-4176-8cd6-064b80184e77 nodeIds: bfdb13f1-88be-4fd0-b5f0-1bffb59ec9b7, dc393f10-cf1b-4856-93c0-8107f803be1a, cf5be2f4-6792-4067-a62c-82347c056bf8
2021-01-18 08:19:02,483 [IPC Server handler 6 on default port 42557] INFO  net.NetworkTopologyImpl (NetworkTopologyImpl.java:add(111)) - Added a new node: /default-rack/98a8f6bd-fbb9-4a8e-a9ec-8fb646ec091b
2021-01-18 08:19:02,485 [IPC Server handler 6 on default port 42557] INFO  node.SCMNodeManager (SCMNodeManager.java:register(341)) - Registered Data node : 98a8f6bd-fbb9-4a8e-a9ec-8fb646ec091b{ip: 172.17.0.2, host: dc3504268712, networkLocation: /default-rack, certSerialId: null, persistedOpState: IN_SERVICE, persistedOpStateExpiryEpochSec: 0}
2021-01-18 08:19:02,485 [EventQueue-NodeRegistrationContainerReportForContainerSafeModeRule] INFO  safemode.SCMSafeModeManager (SCMSafeModeManager.java:validateSafeModeExitRules(214)) - ContainerSafeModeRule rule is successfully validated
2021-01-18 08:19:02,485 [EventQueue-NodeRegistrationContainerReportForDataNodeSafeModeRule] INFO  safemode.SCMSafeModeManager (SCMSafeModeManager.java:validateSafeModeExitRules(214)) - DataNodeSafeModeRule rule is successfully validated
2021-01-18 08:19:02,485 [EventQueue-PipelineReportForOneReplicaPipelineSafeModeRule] INFO  safemode.SCMSafeModeManager (SCMSafeModeManager.java:validateSafeModeExitRules(214)) - AtleastOneDatanodeReportedRule rule is successfully validated
2021-01-18 08:19:02,485 [RatisPipelineUtilsThread] INFO  pipeline.RatisPipelineProvider (RatisPipelineProvider.java:lambda$create$0(161)) - Sending CreatePipelineCommand for pipeline:PipelineID=dacf6ae2-768d-45ab-a4bf-53416bc22ac8 to datanode:98a8f6bd-fbb9-4a8e-a9ec-8fb646ec091b
2021-01-18 08:19:02,486 [RatisPipelineUtilsThread] INFO  pipeline.PipelineStateManager (PipelineStateManager.java:addPipeline(54)) - Created pipeline Pipeline[ Id: dacf6ae2-768d-45ab-a4bf-53416bc22ac8, Nodes: 98a8f6bd-fbb9-4a8e-a9ec-8fb646ec091b{ip: 172.17.0.2, host: dc3504268712, networkLocation: /default-rack, certSerialId: null, persistedOpState: IN_SERVICE, persistedOpStateExpiryEpochSec: 0}, Type:RATIS, Factor:ONE, State:ALLOCATED, leaderId:, CreationTimestamp2021-01-18T08:19:02.485Z]
2021-01-18 08:19:02,680 [IPC Server handler 8 on default port 42557] INFO  net.NetworkTopologyImpl (NetworkTopologyImpl.java:add(111)) - Added a new node: /default-rack/bc9cf250-f2f7-4763-83b2-e84831211d15
2021-01-18 08:19:02,680 [IPC Server handler 8 on default port 42557] INFO  node.SCMNodeManager (SCMNodeManager.java:register(341)) - Registered Data node : bc9cf250-f2f7-4763-83b2-e84831211d15{ip: 172.17.0.2, host: dc3504268712, networkLocation: /default-rack, certSerialId: null, persistedOpState: IN_SERVICE, persistedOpStateExpiryEpochSec: 0}
2021-01-18 08:19:02,680 [EventQueue-NodeRegistrationContainerReportForContainerSafeModeRule] INFO  safemode.SCMSafeModeManager (SCMSafeModeManager.java:validateSafeModeExitRules(214)) - ContainerSafeModeRule rule is successfully validated
2021-01-18 08:19:02,680 [EventQueue-NodeRegistrationContainerReportForDataNodeSafeModeRule] INFO  safemode.SCMSafeModeManager (SCMSafeModeManager.java:validateSafeModeExitRules(214)) - DataNodeSafeModeRule rule is successfully validated
2021-01-18 08:19:02,680 [EventQueue-PipelineReportForOneReplicaPipelineSafeModeRule] INFO  safemode.SCMSafeModeManager (SCMSafeModeManager.java:validateSafeModeExitRules(214)) - AtleastOneDatanodeReportedRule rule is successfully validated
2021-01-18 08:19:02,682 [RatisPipelineUtilsThread] INFO  pipeline.RatisPipelineProvider (RatisPipelineProvider.java:lambda$create$0(161)) - Sending CreatePipelineCommand for pipeline:PipelineID=503b528a-287a-4663-ba32-d9a7b215f9cb to datanode:bc9cf250-f2f7-4763-83b2-e84831211d15
2021-01-18 08:19:02,683 [RatisPipelineUtilsThread] INFO  pipeline.PipelineStateManager (PipelineStateManager.java:addPipeline(54)) - Created pipeline Pipeline[ Id: 503b528a-287a-4663-ba32-d9a7b215f9cb, Nodes: bc9cf250-f2f7-4763-83b2-e84831211d15{ip: 172.17.0.2, host: dc3504268712, networkLocation: /default-rack, certSerialId: null, persistedOpState: IN_SERVICE, persistedOpStateExpiryEpochSec: 0}, Type:RATIS, Factor:ONE, State:ALLOCATED, leaderId:, CreationTimestamp2021-01-18T08:19:02.682Z]
2021-01-18 08:19:02,879 [IPC Server handler 0 on default port 42557] INFO  net.NetworkTopologyImpl (NetworkTopologyImpl.java:add(111)) - Added a new node: /default-rack/852a0b0b-7bf4-4256-a802-bfb56885f965
2021-01-18 08:19:02,880 [IPC Server handler 0 on default port 42557] INFO  node.SCMNodeManager (SCMNodeManager.java:register(341)) - Registered Data node : 852a0b0b-7bf4-4256-a802-bfb56885f965{ip: 172.17.0.2, host: dc3504268712, networkLocation: /default-rack, certSerialId: null, persistedOpState: IN_SERVICE, persistedOpStateExpiryEpochSec: 0}
2021-01-18 08:19:02,880 [EventQueue-NodeRegistrationContainerReportForContainerSafeModeRule] INFO  safemode.SCMSafeModeManager (SCMSafeModeManager.java:validateSafeModeExitRules(214)) - ContainerSafeModeRule rule is successfully validated
2021-01-18 08:19:02,880 [EventQueue-NodeRegistrationContainerReportForDataNodeSafeModeRule] INFO  safemode.SCMSafeModeManager (SCMSafeModeManager.java:validateSafeModeExitRules(214)) - DataNodeSafeModeRule rule is successfully validated
2021-01-18 08:19:02,880 [EventQueue-PipelineReportForOneReplicaPipelineSafeModeRule] INFO  safemode.SCMSafeModeManager (SCMSafeModeManager.java:validateSafeModeExitRules(214)) - AtleastOneDatanodeReportedRule rule is successfully validated
2021-01-18 08:19:02,880 [RatisPipelineUtilsThread] INFO  pipeline.RatisPipelineProvider (RatisPipelineProvider.java:lambda$create$0(161)) - Sending CreatePipelineCommand for pipeline:PipelineID=95eae760-9b4e-4935-99d8-a24c51a8245b to datanode:852a0b0b-7bf4-4256-a802-bfb56885f965
2021-01-18 08:19:02,881 [RatisPipelineUtilsThread] INFO  pipeline.PipelineStateManager (PipelineStateManager.java:addPipeline(54)) - Created pipeline Pipeline[ Id: 95eae760-9b4e-4935-99d8-a24c51a8245b, Nodes: 852a0b0b-7bf4-4256-a802-bfb56885f965{ip: 172.17.0.2, host: dc3504268712, networkLocation: /default-rack, certSerialId: null, persistedOpState: IN_SERVICE, persistedOpStateExpiryEpochSec: 0}, Type:RATIS, Factor:ONE, State:ALLOCATED, leaderId:, CreationTimestamp2021-01-18T08:19:02.880Z]
2021-01-18 08:19:02,882 [RatisPipelineUtilsThread] INFO  pipeline.RatisPipelineProvider (RatisPipelineProvider.java:lambda$create$0(161)) - Sending CreatePipelineCommand for pipeline:PipelineID=d2a8336b-a828-43b0-8247-2f47bf998a60 to datanode:852a0b0b-7bf4-4256-a802-bfb56885f965
2021-01-18 08:19:02,882 [RatisPipelineUtilsThread] INFO  pipeline.RatisPipelineProvider (RatisPipelineProvider.java:lambda$create$0(161)) - Sending CreatePipelineCommand for pipeline:PipelineID=d2a8336b-a828-43b0-8247-2f47bf998a60 to datanode:bc9cf250-f2f7-4763-83b2-e84831211d15
2021-01-18 08:19:02,882 [RatisPipelineUtilsThread] INFO  pipeline.RatisPipelineProvider (RatisPipelineProvider.java:lambda$create$0(161)) - Sending CreatePipelineCommand for pipeline:PipelineID=d2a8336b-a828-43b0-8247-2f47bf998a60 to datanode:98a8f6bd-fbb9-4a8e-a9ec-8fb646ec091b
2021-01-18 08:19:02,882 [RatisPipelineUtilsThread] INFO  pipeline.PipelineStateManager (PipelineStateManager.java:addPipeline(54)) - Created pipeline Pipeline[ Id: d2a8336b-a828-43b0-8247-2f47bf998a60, Nodes: 852a0b0b-7bf4-4256-a802-bfb56885f965{ip: 172.17.0.2, host: dc3504268712, networkLocation: /default-rack, certSerialId: null, persistedOpState: IN_SERVICE, persistedOpStateExpiryEpochSec: 0}bc9cf250-f2f7-4763-83b2-e84831211d15{ip: 172.17.0.2, host: dc3504268712, networkLocation: /default-rack, certSerialId: null, persistedOpState: IN_SERVICE, persistedOpStateExpiryEpochSec: 0}98a8f6bd-fbb9-4a8e-a9ec-8fb646ec091b{ip: 172.17.0.2, host: dc3504268712, networkLocation: /default-rack, certSerialId: null, persistedOpState: IN_SERVICE, persistedOpStateExpiryEpochSec: 0}, Type:RATIS, Factor:THREE, State:ALLOCATED, leaderId:, CreationTimestamp2021-01-18T08:19:02.882Z]
2021-01-18 08:19:02,883 [RatisPipelineUtilsThread] INFO  pipeline.RatisPipelineProvider (RatisPipelineProvider.java:lambda$create$0(161)) - Sending CreatePipelineCommand for pipeline:PipelineID=659d2e65-2586-4cea-915f-5540915249f5 to datanode:852a0b0b-7bf4-4256-a802-bfb56885f965
2021-01-18 08:19:02,883 [RatisPipelineUtilsThread] INFO  pipeline.RatisPipelineProvider (RatisPipelineProvider.java:lambda$create$0(161)) - Sending CreatePipelineCommand for pipeline:PipelineID=659d2e65-2586-4cea-915f-5540915249f5 to datanode:bc9cf250-f2f7-4763-83b2-e84831211d15
2021-01-18 08:19:02,883 [RatisPipelineUtilsThread] INFO  pipeline.RatisPipelineProvider (RatisPipelineProvider.java:lambda$create$0(161)) - Sending CreatePipelineCommand for pipeline:PipelineID=659d2e65-2586-4cea-915f-5540915249f5 to datanode:98a8f6bd-fbb9-4a8e-a9ec-8fb646ec091b
2021-01-18 08:19:02,884 [RatisPipelineUtilsThread] INFO  pipeline.PipelineStateManager (PipelineStateManager.java:addPipeline(54)) - Created pipeline Pipeline[ Id: 659d2e65-2586-4cea-915f-5540915249f5, Nodes: 852a0b0b-7bf4-4256-a802-bfb56885f965{ip: 172.17.0.2, host: dc3504268712, networkLocation: /default-rack, certSerialId: null, persistedOpState: IN_SERVICE, persistedOpStateExpiryEpochSec: 0}bc9cf250-f2f7-4763-83b2-e84831211d15{ip: 172.17.0.2, host: dc3504268712, networkLocation: /default-rack, certSerialId: null, persistedOpState: IN_SERVICE, persistedOpStateExpiryEpochSec: 0}98a8f6bd-fbb9-4a8e-a9ec-8fb646ec091b{ip: 172.17.0.2, host: dc3504268712, networkLocation: /default-rack, certSerialId: null, persistedOpState: IN_SERVICE, persistedOpStateExpiryEpochSec: 0}, Type:RATIS, Factor:THREE, State:ALLOCATED, leaderId:, CreationTimestamp2021-01-18T08:19:02.883Z]
2021-01-18 08:19:02,884 [RatisPipelineUtilsThread] INFO  pipeline.SCMPipelineManager (SCMPipelineManager.java:recordMetricsForPipeline(243)) - Pipeline: PipelineID=659d2e65-2586-4cea-915f-5540915249f5 contains same datanodes as previous pipelines: PipelineID=d2a8336b-a828-43b0-8247-2f47bf998a60 nodeIds: 852a0b0b-7bf4-4256-a802-bfb56885f965, bc9cf250-f2f7-4763-83b2-e84831211d15, 98a8f6bd-fbb9-4a8e-a9ec-8fb646ec091b
2021-01-18 08:19:03,012 [EventQueue-PipelineReportForOneReplicaPipelineSafeModeRule] INFO  safemode.SCMSafeModeManager (SCMSafeModeManager.java:validateSafeModeExitRules(214)) - AtleastOneDatanodeReportedRule rule is successfully validated
2021-01-18 08:19:03,065 [Listener at 127.0.0.1/45853] INFO  ozone.MiniOzoneClusterImpl (MiniOzoneClusterImpl.java:lambda$waitForClusterToBeReady$0(179)) - Waiting for nodes to be ready. Got 9 of 10 DN Heartbeats.
2021-01-18 08:19:03,066 [Listener at 127.0.0.1/45853] INFO  ozone.MiniOzoneClusterImpl (MiniOzoneClusterImpl.java:lambda$waitForClusterToBeReady$0(182)) - Waiting for cluster to exit safe mode
2021-01-18 08:19:03,079 [IPC Server handler 2 on default port 42557] INFO  net.NetworkTopologyImpl (NetworkTopologyImpl.java:add(111)) - Added a new node: /default-rack/80d4453e-3cb3-4128-a9dd-fc82c17086c2
2021-01-18 08:19:03,079 [IPC Server handler 2 on default port 42557] INFO  node.SCMNodeManager (SCMNodeManager.java:register(341)) - Registered Data node : 80d4453e-3cb3-4128-a9dd-fc82c17086c2{ip: 172.17.0.2, host: dc3504268712, networkLocation: /default-rack, certSerialId: null, persistedOpState: IN_SERVICE, persistedOpStateExpiryEpochSec: 0}
2021-01-18 08:19:03,079 [EventQueue-NodeRegistrationContainerReportForContainerSafeModeRule] INFO  safemode.SCMSafeModeManager (SCMSafeModeManager.java:validateSafeModeExitRules(214)) - ContainerSafeModeRule rule is successfully validated
2021-01-18 08:19:03,079 [EventQueue-NodeRegistrationContainerReportForDataNodeSafeModeRule] INFO  safemode.SCMSafeModeManager (SCMSafeModeManager.java:validateSafeModeExitRules(214)) - DataNodeSafeModeRule rule is successfully validated
2021-01-18 08:19:03,080 [EventQueue-PipelineReportForOneReplicaPipelineSafeModeRule] INFO  safemode.SCMSafeModeManager (SCMSafeModeManager.java:validateSafeModeExitRules(214)) - AtleastOneDatanodeReportedRule rule is successfully validated
2021-01-18 08:19:03,081 [RatisPipelineUtilsThread] INFO  pipeline.RatisPipelineProvider (RatisPipelineProvider.java:lambda$create$0(161)) - Sending CreatePipelineCommand for pipeline:PipelineID=33af3b24-265c-4310-9e6b-8d8766d6ca45 to datanode:80d4453e-3cb3-4128-a9dd-fc82c17086c2
2021-01-18 08:19:03,081 [RatisPipelineUtilsThread] INFO  pipeline.PipelineStateManager (PipelineStateManager.java:addPipeline(54)) - Created pipeline Pipeline[ Id: 33af3b24-265c-4310-9e6b-8d8766d6ca45, Nodes: 80d4453e-3cb3-4128-a9dd-fc82c17086c2{ip: 172.17.0.2, host: dc3504268712, networkLocation: /default-rack, certSerialId: null, persistedOpState: IN_SERVICE, persistedOpStateExpiryEpochSec: 0}, Type:RATIS, Factor:ONE, State:ALLOCATED, leaderId:, CreationTimestamp2021-01-18T08:19:03.081Z]
2021-01-18 08:19:03,193 [EventQueue-PipelineReportForOneReplicaPipelineSafeModeRule] INFO  safemode.SCMSafeModeManager (SCMSafeModeManager.java:validateSafeModeExitRules(214)) - AtleastOneDatanodeReportedRule rule is successfully validated
2021-01-18 08:19:03,304 [EventQueue-PipelineReportForOneReplicaPipelineSafeModeRule] INFO  safemode.SCMSafeModeManager (SCMSafeModeManager.java:validateSafeModeExitRules(214)) - AtleastOneDatanodeReportedRule rule is successfully validated
2021-01-18 08:19:03,393 [EventQueue-PipelineReportForOneReplicaPipelineSafeModeRule] INFO  safemode.SCMSafeModeManager (SCMSafeModeManager.java:validateSafeModeExitRules(214)) - AtleastOneDatanodeReportedRule rule is successfully validated
2021-01-18 08:19:03,505 [EventQueue-PipelineReportForOneReplicaPipelineSafeModeRule] INFO  safemode.SCMSafeModeManager (SCMSafeModeManager.java:validateSafeModeExitRules(214)) - AtleastOneDatanodeReportedRule rule is successfully validated
2021-01-18 08:19:03,574 [EventQueue-PipelineReportForOneReplicaPipelineSafeModeRule] INFO  safemode.SCMSafeModeManager (SCMSafeModeManager.java:validateSafeModeExitRules(214)) - AtleastOneDatanodeReportedRule rule is successfully validated
2021-01-18 08:19:03,592 [EventQueue-PipelineReportForOneReplicaPipelineSafeModeRule] INFO  safemode.SCMSafeModeManager (SCMSafeModeManager.java:validateSafeModeExitRules(214)) - AtleastOneDatanodeReportedRule rule is successfully validated
2021-01-18 08:19:03,705 [EventQueue-PipelineReportForOneReplicaPipelineSafeModeRule] INFO  safemode.SCMSafeModeManager (SCMSafeModeManager.java:validateSafeModeExitRules(214)) - AtleastOneDatanodeReportedRule rule is successfully validated
2021-01-18 08:19:03,774 [EventQueue-PipelineReportForOneReplicaPipelineSafeModeRule] INFO  safemode.SCMSafeModeManager (SCMSafeModeManager.java:validateSafeModeExitRules(214)) - AtleastOneDatanodeReportedRule rule is successfully validated
2021-01-18 08:19:03,792 [EventQueue-PipelineReportForOneReplicaPipelineSafeModeRule] INFO  safemode.SCMSafeModeManager (SCMSafeModeManager.java:validateSafeModeExitRules(214)) - AtleastOneDatanodeReportedRule rule is successfully validated
2021-01-18 08:19:03,796 [EventQueue-PipelineReportForOneReplicaPipelineSafeModeRule] INFO  safemode.SCMSafeModeManager (SCMSafeModeManager.java:validateSafeModeExitRules(214)) - AtleastOneDatanodeReportedRule rule is successfully validated
2021-01-18 08:19:03,904 [EventQueue-PipelineReportForOneReplicaPipelineSafeModeRule] INFO  safemode.SCMSafeModeManager (SCMSafeModeManager.java:validateSafeModeExitRules(214)) - AtleastOneDatanodeReportedRule rule is successfully validated
2021-01-18 08:19:03,973 [EventQueue-PipelineReportForOneReplicaPipelineSafeModeRule] INFO  safemode.SCMSafeModeManager (SCMSafeModeManager.java:validateSafeModeExitRules(214)) - AtleastOneDatanodeReportedRule rule is successfully validated
2021-01-18 08:19:03,993 [EventQueue-PipelineReportForOneReplicaPipelineSafeModeRule] INFO  safemode.SCMSafeModeManager (SCMSafeModeManager.java:validateSafeModeExitRules(214)) - AtleastOneDatanodeReportedRule rule is successfully validated
2021-01-18 08:19:03,996 [EventQueue-PipelineReportForOneReplicaPipelineSafeModeRule] INFO  safemode.SCMSafeModeManager (SCMSafeModeManager.java:validateSafeModeExitRules(214)) - AtleastOneDatanodeReportedRule rule is successfully validated
2021-01-18 08:19:04,005 [Command processor thread] INFO  server.RaftServer (RaftServerProxy.java:addNew(95)) - 696d8df7-edf8-435c-b3eb-e448589269ce: addNew group-274AE5AFA946:[696d8df7-edf8-435c-b3eb-e448589269ce|rpc:172.17.0.2:44671|priority:1] returns group-274AE5AFA946:java.util.concurrent.CompletableFuture@36773a11[Not completed]
2021-01-18 08:19:04,022 [pool-38-thread-1] INFO  server.RaftServer$Division (RaftServerImpl.java:<init>(179)) - 696d8df7-edf8-435c-b3eb-e448589269ce: new RaftServerImpl for group-274AE5AFA946:[696d8df7-edf8-435c-b3eb-e448589269ce|rpc:172.17.0.2:44671|priority:1] with ContainerStateMachine:uninitialized
2021-01-18 08:19:04,022 [pool-38-thread-1] INFO  server.RaftServerConfigKeys (ConfUtils.java:logGet(44)) - raft.server.rpc.timeout.min = 5s (custom)
2021-01-18 08:19:04,022 [pool-38-thread-1] INFO  server.RaftServerConfigKeys (ConfUtils.java:logGet(44)) - raft.server.rpc.timeout.max = 5200ms (custom)
2021-01-18 08:19:04,022 [pool-38-thread-1] INFO  server.RaftServerConfigKeys (ConfUtils.java:logGet(44)) - raft.server.rpc.sleep.time = 25ms (default)
2021-01-18 08:19:04,023 [pool-38-thread-1] INFO  server.RaftServerConfigKeys (ConfUtils.java:logGet(44)) - raft.server.rpc.slowness.timeout = 300000ms (custom)
2021-01-18 08:19:04,023 [pool-38-thread-1] INFO  server.RaftServerConfigKeys (ConfUtils.java:logGet(44)) - raft.server.leaderelection.leader.step-down.wait-time = 10s (default)
2021-01-18 08:19:04,023 [pool-38-thread-1] INFO  server.RaftServerConfigKeys (ConfUtils.java:logGet(44)) - raft.server.sleep.deviation.threshold = 300ms (default)
2021-01-18 08:19:04,023 [pool-38-thread-1] INFO  server.RaftServerConfigKeys (ConfUtils.java:logGet(44)) - raft.server.log.appender.install.snapshot.enabled = false (custom)
2021-01-18 08:19:04,023 [pool-38-thread-1] INFO  server.RaftServer$Division (ServerState.java:<init>(103)) - 696d8df7-edf8-435c-b3eb-e448589269ce@group-274AE5AFA946: ConfigurationManager, init=-1: [696d8df7-edf8-435c-b3eb-e448589269ce|rpc:172.17.0.2:44671|priority:1], old=null, confs=<EMPTY_MAP>
2021-01-18 08:19:04,023 [pool-38-thread-1] INFO  server.RaftServerConfigKeys (ConfUtils.java:logGet(44)) - raft.server.storage.dir = [/github/workspace/mnt/ozone/hadoop-ozone/integration-test/target/test-dir/MiniOzoneClusterImpl-bdf065e3-4bf0-4703-b3e1-6acc0ac12f97/datanode-0/data/ratis] (custom)
2021-01-18 08:19:04,023 [pool-38-thread-1] INFO  server.RaftServerConfigKeys (ConfUtils.java:logGet(44)) - raft.server.log.corruption.policy = EXCEPTION (default)
2021-01-18 08:19:04,023 [pool-38-thread-1] INFO  storage.RaftStorageDirectory (RaftStorageDirectoryImpl.java:analyzeStorage(132)) - The storage directory /github/workspace/mnt/ozone/hadoop-ozone/integration-test/target/test-dir/MiniOzoneClusterImpl-bdf065e3-4bf0-4703-b3e1-6acc0ac12f97/datanode-0/data/ratis/eb0122ff-0a73-4a11-86c0-274ae5afa946 does not exist. Creating ...
2021-01-18 08:19:04,025 [pool-38-thread-1] INFO  storage.RaftStorageDirectory (RaftStorageDirectoryImpl.java:tryLock(215)) - Lock on /github/workspace/mnt/ozone/hadoop-ozone/integration-test/target/test-dir/MiniOzoneClusterImpl-bdf065e3-4bf0-4703-b3e1-6acc0ac12f97/datanode-0/data/ratis/eb0122ff-0a73-4a11-86c0-274ae5afa946/in_use.lock acquired by nodename 32076@dc3504268712
2021-01-18 08:19:04,027 [pool-38-thread-1] INFO  storage.RaftStorage (RaftStorageImpl.java:format(87)) - Storage directory /github/workspace/mnt/ozone/hadoop-ozone/integration-test/target/test-dir/MiniOzoneClusterImpl-bdf065e3-4bf0-4703-b3e1-6acc0ac12f97/datanode-0/data/ratis/eb0122ff-0a73-4a11-86c0-274ae5afa946 has been successfully formatted.
2021-01-18 08:19:04,028 [pool-38-thread-1] INFO  ratis.ContainerStateMachine (ContainerStateMachine.java:loadSnapshot(223)) - group-274AE5AFA946: The snapshot info is null. Setting the last applied indexto:(t:0, i:~)
2021-01-18 08:19:04,028 [pool-38-thread-1] ERROR storage.RaftStorage (RaftStorageImpl.java:readRaftConfiguration(147)) - Failed reading configuration from file:/github/workspace/mnt/ozone/hadoop-ozone/integration-test/target/test-dir/MiniOzoneClusterImpl-bdf065e3-4bf0-4703-b3e1-6acc0ac12f97/datanode-0/data/ratis/eb0122ff-0a73-4a11-86c0-274ae5afa946/current/raft-meta.conf
java.io.FileNotFoundException: /github/workspace/mnt/ozone/hadoop-ozone/integration-test/target/test-dir/MiniOzoneClusterImpl-bdf065e3-4bf0-4703-b3e1-6acc0ac12f97/datanode-0/data/ratis/eb0122ff-0a73-4a11-86c0-274ae5afa946/current/raft-meta.conf (No such file or directory)
	at java.io.FileInputStream.open0(Native Method)
	at java.io.FileInputStream.open(FileInputStream.java:195)
	at java.io.FileInputStream.<init>(FileInputStream.java:138)
	at org.apache.ratis.server.storage.RaftStorageImpl.readRaftConfiguration(RaftStorageImpl.java:143)
	at org.apache.ratis.server.impl.ServerState.<init>(ServerState.java:113)
	at org.apache.ratis.server.impl.RaftServerImpl.<init>(RaftServerImpl.java:192)
	at org.apache.ratis.server.impl.RaftServerProxy.lambda$newRaftServerImpl$4(RaftServerProxy.java:266)
	at java.util.concurrent.CompletableFuture$AsyncSupply.run(CompletableFuture.java:1604)
	at java.util.concurrent.ThreadPoolExecutor.runWorker(ThreadPoolExecutor.java:1149)
	at java.util.concurrent.ThreadPoolExecutor$Worker.run(ThreadPoolExecutor.java:624)
	at java.lang.Thread.run(Thread.java:748)
2021-01-18 08:19:04,029 [pool-38-thread-1] INFO  server.RaftServerConfigKeys (ConfUtils.java:logGet(44)) - raft.server.notification.no-leader.timeout = 300000ms (custom)
2021-01-18 08:19:04,029 [pool-38-thread-1] INFO  server.RaftServerConfigKeys (ConfUtils.java:logGet(44)) - raft.server.log.use.memory = false (default)
2021-01-18 08:19:04,029 [pool-38-thread-1] INFO  server.RaftServerConfigKeys (ConfUtils.java:logGet(44)) - raft.server.log.purge.gap = 1000000 (custom)
2021-01-18 08:19:04,029 [pool-38-thread-1] INFO  server.RaftServerConfigKeys (ConfUtils.java:logGet(44)) - raft.server.log.appender.buffer.byte-limit = 33554432 (custom)
2021-01-18 08:19:04,029 [pool-38-thread-1] INFO  metrics.RatisMetrics (RatisMetrics.java:lambda$create$0(36)) - Creating Metrics Registry : ratis.log_worker.696d8df7-edf8-435c-b3eb-e448589269ce@group-274AE5AFA946
2021-01-18 08:19:04,029 [pool-38-thread-1] INFO  server.RaftServerConfigKeys (ConfUtils.java:logGet(44)) - raft.server.log.segment.size.max = 1048576 (custom)
2021-01-18 08:19:04,030 [pool-38-thread-1] INFO  server.RaftServerConfigKeys (ConfUtils.java:logGet(44)) - raft.server.log.segment.cache.num.max = 2 (custom)
2021-01-18 08:19:04,030 [pool-38-thread-1] INFO  server.RaftServerConfigKeys (ConfUtils.java:logGet(44)) - raft.server.log.segment.cache.size.max = 200MB (=209715200) (default)
2021-01-18 08:19:04,031 [pool-38-thread-1] INFO  segmented.SegmentedRaftLogWorker (SegmentedRaftLogWorker.java:<init>(181)) - new 696d8df7-edf8-435c-b3eb-e448589269ce@group-274AE5AFA946-SegmentedRaftLogWorker for RaftStorageImpl:Storage Directory /github/workspace/mnt/ozone/hadoop-ozone/integration-test/target/test-dir/MiniOzoneClusterImpl-bdf065e3-4bf0-4703-b3e1-6acc0ac12f97/datanode-0/data/ratis/eb0122ff-0a73-4a11-86c0-274ae5afa946
2021-01-18 08:19:04,031 [pool-38-thread-1] INFO  server.RaftServerConfigKeys (ConfUtils.java:logGet(44)) - raft.server.log.queue.byte-limit = 2147483647 (custom)
2021-01-18 08:19:04,031 [pool-38-thread-1] INFO  server.RaftServerConfigKeys (ConfUtils.java:logGet(44)) - raft.server.log.queue.element-limit = 1024 (custom)
2021-01-18 08:19:04,031 [pool-38-thread-1] INFO  server.RaftServerConfigKeys (ConfUtils.java:logGet(44)) - raft.server.log.segment.size.max = 1048576 (custom)
2021-01-18 08:19:04,031 [pool-38-thread-1] INFO  server.RaftServerConfigKeys (ConfUtils.java:logGet(44)) - raft.server.log.preallocated.size = 16384 (custom)
2021-01-18 08:19:04,031 [pool-38-thread-1] INFO  server.RaftServerConfigKeys (ConfUtils.java:logGet(44)) - raft.server.log.force.sync.num = 128 (default)
2021-01-18 08:19:04,031 [pool-38-thread-1] INFO  server.RaftServerConfigKeys (ConfUtils.java:logGet(44)) - raft.server.log.statemachine.data.sync = true (default)
2021-01-18 08:19:04,031 [pool-38-thread-1] INFO  server.RaftServerConfigKeys (ConfUtils.java:logGet(44)) - raft.server.log.statemachine.data.sync.timeout = 10s (default)
2021-01-18 08:19:04,031 [pool-38-thread-1] INFO  server.RaftServerConfigKeys (ConfUtils.java:logGet(44)) - raft.server.log.statemachine.data.sync.timeout.retry = -1 (default)
2021-01-18 08:19:04,035 [EventQueue-PipelineReportForOneReplicaPipelineSafeModeRule] INFO  safemode.SCMSafeModeManager (SCMSafeModeManager.java:validateSafeModeExitRules(214)) - AtleastOneDatanodeReportedRule rule is successfully validated
2021-01-18 08:19:04,036 [EventQueue-PipelineReportForPipelineReportHandler] INFO  pipeline.PipelineStateManager (PipelineStateManager.java:openPipeline(132)) - Pipeline Pipeline[ Id: eb0122ff-0a73-4a11-86c0-274ae5afa946, Nodes: 696d8df7-edf8-435c-b3eb-e448589269ce{ip: 172.17.0.2, host: dc3504268712, networkLocation: /default-rack, certSerialId: null, persistedOpState: IN_SERVICE, persistedOpStateExpiryEpochSec: 0}, Type:RATIS, Factor:ONE, State:ALLOCATED, leaderId:696d8df7-edf8-435c-b3eb-e448589269ce, CreationTimestamp2021-01-18T08:19:01.021Z] moved to OPEN state
2021-01-18 08:19:04,038 [pool-38-thread-1] INFO  server.RaftServerConfigKeys (ConfUtils.java:logGet(44)) - raft.server.log.write.buffer.size = 1048576 (custom)
2021-01-18 08:19:04,038 [pool-38-thread-1] INFO  server.RaftServerConfigKeys (ConfUtils.java:logGet(44)) - raft.server.log.statemachine.data.caching.enabled = true (custom)
2021-01-18 08:19:04,038 [pool-38-thread-1] INFO  segmented.SegmentedRaftLogWorker (SegmentedRaftLogWorker.java:lambda$new$0(132)) - 696d8df7-edf8-435c-b3eb-e448589269ce@group-274AE5AFA946-SegmentedRaftLogWorker: flushIndex: setUnconditionally 0 -> -1
2021-01-18 08:19:04,038 [pool-38-thread-1] INFO  segmented.SegmentedRaftLogWorker (SegmentedRaftLogWorker.java:lambda$new$0(132)) - 696d8df7-edf8-435c-b3eb-e448589269ce@group-274AE5AFA946-SegmentedRaftLogWorker: safeCacheEvictIndex: setUnconditionally 0 -> -1
2021-01-18 08:19:04,039 [pool-38-thread-1] INFO  server.RaftServerConfigKeys (ConfUtils.java:logGet(44)) - raft.server.snapshot.auto.trigger.enabled = true (custom)
2021-01-18 08:19:04,039 [pool-38-thread-1] INFO  server.RaftServerConfigKeys (ConfUtils.java:logGet(44)) - raft.server.snapshot.auto.trigger.threshold = 1 (custom)
2021-01-18 08:19:04,039 [pool-38-thread-1] INFO  server.RaftServerConfigKeys (ConfUtils.java:logGet(44)) - raft.server.snapshot.retention.file.num = 5 (custom)
2021-01-18 08:19:04,039 [pool-38-thread-1] INFO  server.RaftServerConfigKeys (ConfUtils.java:logGet(44)) - raft.server.log.purge.upto.snapshot.index = false (default)
2021-01-18 08:19:04,039 [pool-38-thread-1] INFO  server.RaftServerConfigKeys (ConfUtils.java:logGet(44)) - raft.server.retrycache.expirytime = 600000ms (custom)
2021-01-18 08:19:04,039 [pool-38-thread-1] INFO  server.RaftServerConfigKeys (ConfUtils.java:logGet(44)) - raft.server.retrycache.statistics.expirytime = 100?s (default)
2021-01-18 08:19:04,039 [pool-38-thread-1] INFO  metrics.RatisMetrics (RatisMetrics.java:lambda$create$0(36)) - Creating Metrics Registry : ratis.leader_election.696d8df7-edf8-435c-b3eb-e448589269ce@group-274AE5AFA946
2021-01-18 08:19:04,040 [pool-38-thread-1] INFO  metrics.RatisMetrics (RatisMetrics.java:lambda$create$0(36)) - Creating Metrics Registry : ratis.server.696d8df7-edf8-435c-b3eb-e448589269ce@group-274AE5AFA946
2021-01-18 08:19:04,043 [pool-38-thread-1] INFO  server.RaftServer$Division (RaftServerImpl.java:start(294)) - 696d8df7-edf8-435c-b3eb-e448589269ce@group-274AE5AFA946: start as a follower, conf=-1: [696d8df7-edf8-435c-b3eb-e448589269ce|rpc:172.17.0.2:44671|priority:1], old=null
2021-01-18 08:19:04,043 [pool-38-thread-1] INFO  server.RaftServer$Division (RaftServerImpl.java:setRole(283)) - 696d8df7-edf8-435c-b3eb-e448589269ce@group-274AE5AFA946: changes role from      null to FOLLOWER at term 0 for startAsFollower
2021-01-18 08:19:04,043 [pool-38-thread-1] INFO  impl.RoleInfo (RoleInfo.java:updateAndGet(130)) - 696d8df7-edf8-435c-b3eb-e448589269ce: start 696d8df7-edf8-435c-b3eb-e448589269ce@group-274AE5AFA946-FollowerState
2021-01-18 08:19:04,043 [pool-38-thread-1] INFO  util.JmxRegister (JmxRegister.java:tryRegister(44)) - Successfully registered JMX Bean with object name Ratis:service=RaftServer,group=group-274AE5AFA946,id=696d8df7-edf8-435c-b3eb-e448589269ce
2021-01-18 08:19:04,043 [pool-38-thread-1] INFO  metrics.RatisMetrics (RatisMetrics.java:lambda$create$0(36)) - Creating Metrics Registry : ratis.state_machine.696d8df7-edf8-435c-b3eb-e448589269ce@group-274AE5AFA946
2021-01-18 08:19:04,048 [EventQueue-OpenPipelineForHealthyPipelineSafeModeRule] INFO  safemode.SCMSafeModeManager (HealthyPipelineSafeModeRule.java:process(128)) - SCM in safe mode. Healthy pipelines reported count is 0, required healthy pipeline reported count is 1
2021-01-18 08:19:04,066 [Listener at 127.0.0.1/45853] INFO  ozone.MiniOzoneClusterImpl (MiniOzoneClusterImpl.java:lambda$waitForClusterToBeReady$0(179)) - Nodes are ready. Got 10 of 10 DN Heartbeats.
2021-01-18 08:19:04,067 [Listener at 127.0.0.1/45853] INFO  ozone.MiniOzoneClusterImpl (MiniOzoneClusterImpl.java:lambda$waitForClusterToBeReady$0(182)) - Waiting for cluster to exit safe mode
2021-01-18 08:19:04,067 [Command processor thread] INFO  commandhandler.CreatePipelineCommandHandler (CreatePipelineCommandHandler.java:handle(106)) - Created Pipeline RATIS ONE PipelineID=eb0122ff-0a73-4a11-86c0-274ae5afa946.
2021-01-18 08:19:04,067 [Command processor thread] INFO  server.RaftServer (RaftServerProxy.java:addNew(95)) - 696d8df7-edf8-435c-b3eb-e448589269ce: addNew group-2F60DBE96792:[43ca6a2e-d75a-477a-aef7-5c8b743b695f|rpc:172.17.0.2:34735|priority:0, 696d8df7-edf8-435c-b3eb-e448589269ce|rpc:172.17.0.2:44671|priority:0, 6257d45d-8325-4cae-8440-8c66e4fe0859|rpc:172.17.0.2:41085|priority:1] returns group-2F60DBE96792:java.util.concurrent.CompletableFuture@28601e3c[Not completed]
2021-01-18 08:19:04,068 [pool-38-thread-1] INFO  server.RaftServer$Division (RaftServerImpl.java:<init>(179)) - 696d8df7-edf8-435c-b3eb-e448589269ce: new RaftServerImpl for group-2F60DBE96792:[43ca6a2e-d75a-477a-aef7-5c8b743b695f|rpc:172.17.0.2:34735|priority:0, 696d8df7-edf8-435c-b3eb-e448589269ce|rpc:172.17.0.2:44671|priority:0, 6257d45d-8325-4cae-8440-8c66e4fe0859|rpc:172.17.0.2:41085|priority:1] with ContainerStateMachine:uninitialized
2021-01-18 08:19:04,068 [pool-38-thread-1] INFO  server.RaftServerConfigKeys (ConfUtils.java:logGet(44)) - raft.server.rpc.timeout.min = 5s (custom)
2021-01-18 08:19:04,069 [pool-38-thread-1] INFO  server.RaftServerConfigKeys (ConfUtils.java:logGet(44)) - raft.server.rpc.timeout.max = 5200ms (custom)
2021-01-18 08:19:04,069 [pool-38-thread-1] INFO  server.RaftServerConfigKeys (ConfUtils.java:logGet(44)) - raft.server.rpc.sleep.time = 25ms (default)
2021-01-18 08:19:04,069 [pool-38-thread-1] INFO  server.RaftServerConfigKeys (ConfUtils.java:logGet(44)) - raft.server.rpc.slowness.timeout = 300000ms (custom)
2021-01-18 08:19:04,069 [pool-38-thread-1] INFO  server.RaftServerConfigKeys (ConfUtils.java:logGet(44)) - raft.server.leaderelection.leader.step-down.wait-time = 10s (default)
2021-01-18 08:19:04,069 [pool-38-thread-1] INFO  server.RaftServerConfigKeys (ConfUtils.java:logGet(44)) - raft.server.sleep.deviation.threshold = 300ms (default)
2021-01-18 08:19:04,069 [pool-38-thread-1] INFO  server.RaftServerConfigKeys (ConfUtils.java:logGet(44)) - raft.server.log.appender.install.snapshot.enabled = false (custom)
2021-01-18 08:19:04,069 [pool-38-thread-1] INFO  server.RaftServer$Division (ServerState.java:<init>(103)) - 696d8df7-edf8-435c-b3eb-e448589269ce@group-2F60DBE96792: ConfigurationManager, init=-1: [43ca6a2e-d75a-477a-aef7-5c8b743b695f|rpc:172.17.0.2:34735|priority:0, 696d8df7-edf8-435c-b3eb-e448589269ce|rpc:172.17.0.2:44671|priority:0, 6257d45d-8325-4cae-8440-8c66e4fe0859|rpc:172.17.0.2:41085|priority:1], old=null, confs=<EMPTY_MAP>
2021-01-18 08:19:04,069 [pool-38-thread-1] INFO  server.RaftServerConfigKeys (ConfUtils.java:logGet(44)) - raft.server.storage.dir = [/github/workspace/mnt/ozone/hadoop-ozone/integration-test/target/test-dir/MiniOzoneClusterImpl-bdf065e3-4bf0-4703-b3e1-6acc0ac12f97/datanode-0/data/ratis] (custom)
2021-01-18 08:19:04,069 [pool-38-thread-1] INFO  server.RaftServerConfigKeys (ConfUtils.java:logGet(44)) - raft.server.log.corruption.policy = EXCEPTION (default)
2021-01-18 08:19:04,069 [pool-38-thread-1] INFO  storage.RaftStorageDirectory (RaftStorageDirectoryImpl.java:analyzeStorage(132)) - The storage directory /github/workspace/mnt/ozone/hadoop-ozone/integration-test/target/test-dir/MiniOzoneClusterImpl-bdf065e3-4bf0-4703-b3e1-6acc0ac12f97/datanode-0/data/ratis/977a9c08-f91f-4a57-b8e1-2f60dbe96792 does not exist. Creating ...
2021-01-18 08:19:04,070 [pool-38-thread-1] INFO  storage.RaftStorageDirectory (RaftStorageDirectoryImpl.java:tryLock(215)) - Lock on /github/workspace/mnt/ozone/hadoop-ozone/integration-test/target/test-dir/MiniOzoneClusterImpl-bdf065e3-4bf0-4703-b3e1-6acc0ac12f97/datanode-0/data/ratis/977a9c08-f91f-4a57-b8e1-2f60dbe96792/in_use.lock acquired by nodename 32076@dc3504268712
2021-01-18 08:19:04,071 [pool-38-thread-1] INFO  storage.RaftStorage (RaftStorageImpl.java:format(87)) - Storage directory /github/workspace/mnt/ozone/hadoop-ozone/integration-test/target/test-dir/MiniOzoneClusterImpl-bdf065e3-4bf0-4703-b3e1-6acc0ac12f97/datanode-0/data/ratis/977a9c08-f91f-4a57-b8e1-2f60dbe96792 has been successfully formatted.
2021-01-18 08:19:04,071 [pool-38-thread-1] INFO  ratis.ContainerStateMachine (ContainerStateMachine.java:loadSnapshot(223)) - group-2F60DBE96792: The snapshot info is null. Setting the last applied indexto:(t:0, i:~)
2021-01-18 08:19:04,072 [pool-38-thread-1] ERROR storage.RaftStorage (RaftStorageImpl.java:readRaftConfiguration(147)) - Failed reading configuration from file:/github/workspace/mnt/ozone/hadoop-ozone/integration-test/target/test-dir/MiniOzoneClusterImpl-bdf065e3-4bf0-4703-b3e1-6acc0ac12f97/datanode-0/data/ratis/977a9c08-f91f-4a57-b8e1-2f60dbe96792/current/raft-meta.conf
java.io.FileNotFoundException: /github/workspace/mnt/ozone/hadoop-ozone/integration-test/target/test-dir/MiniOzoneClusterImpl-bdf065e3-4bf0-4703-b3e1-6acc0ac12f97/datanode-0/data/ratis/977a9c08-f91f-4a57-b8e1-2f60dbe96792/current/raft-meta.conf (No such file or directory)
	at java.io.FileInputStream.open0(Native Method)
	at java.io.FileInputStream.open(FileInputStream.java:195)
	at java.io.FileInputStream.<init>(FileInputStream.java:138)
	at org.apache.ratis.server.storage.RaftStorageImpl.readRaftConfiguration(RaftStorageImpl.java:143)
	at org.apache.ratis.server.impl.ServerState.<init>(ServerState.java:113)
	at org.apache.ratis.server.impl.RaftServerImpl.<init>(RaftServerImpl.java:192)
	at org.apache.ratis.server.impl.RaftServerProxy.lambda$newRaftServerImpl$4(RaftServerProxy.java:266)
	at java.util.concurrent.CompletableFuture$AsyncSupply.run(CompletableFuture.java:1604)
	at java.util.concurrent.ThreadPoolExecutor.runWorker(ThreadPoolExecutor.java:1149)
	at java.util.concurrent.ThreadPoolExecutor$Worker.run(ThreadPoolExecutor.java:624)
	at java.lang.Thread.run(Thread.java:748)
2021-01-18 08:19:04,074 [EventQueue-OpenPipelineForHealthyPipelineSafeModeRule] INFO  safemode.SCMSafeModeManager (HealthyPipelineSafeModeRule.java:process(128)) - SCM in safe mode. Healthy pipelines reported count is 0, required healthy pipeline reported count is 1
2021-01-18 08:19:04,073 [EventQueue-PipelineReportForOneReplicaPipelineSafeModeRule] INFO  safemode.SCMSafeModeManager (SCMSafeModeManager.java:validateSafeModeExitRules(214)) - AtleastOneDatanodeReportedRule rule is successfully validated
2021-01-18 08:19:04,074 [pool-38-thread-1] INFO  server.RaftServerConfigKeys (ConfUtils.java:logGet(44)) - raft.server.notification.no-leader.timeout = 300000ms (custom)
2021-01-18 08:19:04,074 [pool-38-thread-1] INFO  server.RaftServerConfigKeys (ConfUtils.java:logGet(44)) - raft.server.log.use.memory = false (default)
2021-01-18 08:19:04,074 [pool-38-thread-1] INFO  server.RaftServerConfigKeys (ConfUtils.java:logGet(44)) - raft.server.log.purge.gap = 1000000 (custom)
2021-01-18 08:19:04,074 [pool-38-thread-1] INFO  server.RaftServerConfigKeys (ConfUtils.java:logGet(44)) - raft.server.log.appender.buffer.byte-limit = 33554432 (custom)
2021-01-18 08:19:04,080 [pool-38-thread-1] INFO  metrics.RatisMetrics (RatisMetrics.java:lambda$create$0(36)) - Creating Metrics Registry : ratis.log_worker.696d8df7-edf8-435c-b3eb-e448589269ce@group-2F60DBE96792
2021-01-18 08:19:04,080 [pool-38-thread-1] INFO  server.RaftServerConfigKeys (ConfUtils.java:logGet(44)) - raft.server.log.segment.size.max = 1048576 (custom)
2021-01-18 08:19:04,081 [pool-38-thread-1] INFO  server.RaftServerConfigKeys (ConfUtils.java:logGet(44)) - raft.server.log.segment.cache.num.max = 2 (custom)
2021-01-18 08:19:04,081 [pool-38-thread-1] INFO  server.RaftServerConfigKeys (ConfUtils.java:logGet(44)) - raft.server.log.segment.cache.size.max = 200MB (=209715200) (default)
2021-01-18 08:19:04,081 [pool-38-thread-1] INFO  segmented.SegmentedRaftLogWorker (SegmentedRaftLogWorker.java:<init>(181)) - new 696d8df7-edf8-435c-b3eb-e448589269ce@group-2F60DBE96792-SegmentedRaftLogWorker for RaftStorageImpl:Storage Directory /github/workspace/mnt/ozone/hadoop-ozone/integration-test/target/test-dir/MiniOzoneClusterImpl-bdf065e3-4bf0-4703-b3e1-6acc0ac12f97/datanode-0/data/ratis/977a9c08-f91f-4a57-b8e1-2f60dbe96792
2021-01-18 08:19:04,081 [pool-38-thread-1] INFO  server.RaftServerConfigKeys (ConfUtils.java:logGet(44)) - raft.server.log.queue.byte-limit = 2147483647 (custom)
2021-01-18 08:19:04,081 [pool-38-thread-1] INFO  server.RaftServerConfigKeys (ConfUtils.java:logGet(44)) - raft.server.log.queue.element-limit = 1024 (custom)
2021-01-18 08:19:04,081 [pool-38-thread-1] INFO  server.RaftServerConfigKeys (ConfUtils.java:logGet(44)) - raft.server.log.segment.size.max = 1048576 (custom)
2021-01-18 08:19:04,081 [pool-38-thread-1] INFO  server.RaftServerConfigKeys (ConfUtils.java:logGet(44)) - raft.server.log.preallocated.size = 16384 (custom)
2021-01-18 08:19:04,081 [pool-38-thread-1] INFO  server.RaftServerConfigKeys (ConfUtils.java:logGet(44)) - raft.server.log.force.sync.num = 128 (default)
2021-01-18 08:19:04,081 [pool-38-thread-1] INFO  server.RaftServerConfigKeys (ConfUtils.java:logGet(44)) - raft.server.log.statemachine.data.sync = true (default)
2021-01-18 08:19:04,081 [pool-38-thread-1] INFO  server.RaftServerConfigKeys (ConfUtils.java:logGet(44)) - raft.server.log.statemachine.data.sync.timeout = 10s (default)
2021-01-18 08:19:04,081 [pool-38-thread-1] INFO  server.RaftServerConfigKeys (ConfUtils.java:logGet(44)) - raft.server.log.statemachine.data.sync.timeout.retry = -1 (default)
2021-01-18 08:19:04,083 [pool-38-thread-1] INFO  server.RaftServerConfigKeys (ConfUtils.java:logGet(44)) - raft.server.log.write.buffer.size = 1048576 (custom)
2021-01-18 08:19:04,084 [pool-38-thread-1] INFO  server.RaftServerConfigKeys (ConfUtils.java:logGet(44)) - raft.server.log.statemachine.data.caching.enabled = true (custom)
2021-01-18 08:19:04,084 [pool-38-thread-1] INFO  segmented.SegmentedRaftLogWorker (SegmentedRaftLogWorker.java:lambda$new$0(132)) - 696d8df7-edf8-435c-b3eb-e448589269ce@group-2F60DBE96792-SegmentedRaftLogWorker: flushIndex: setUnconditionally 0 -> -1
2021-01-18 08:19:04,084 [pool-38-thread-1] INFO  segmented.SegmentedRaftLogWorker (SegmentedRaftLogWorker.java:lambda$new$0(132)) - 696d8df7-edf8-435c-b3eb-e448589269ce@group-2F60DBE96792-SegmentedRaftLogWorker: safeCacheEvictIndex: setUnconditionally 0 -> -1
2021-01-18 08:19:04,086 [pool-38-thread-1] INFO  server.RaftServerConfigKeys (ConfUtils.java:logGet(44)) - raft.server.snapshot.auto.trigger.enabled = true (custom)
2021-01-18 08:19:04,086 [pool-38-thread-1] INFO  server.RaftServerConfigKeys (ConfUtils.java:logGet(44)) - raft.server.snapshot.auto.trigger.threshold = 1 (custom)
2021-01-18 08:19:04,086 [pool-38-thread-1] INFO  server.RaftServerConfigKeys (ConfUtils.java:logGet(44)) - raft.server.snapshot.retention.file.num = 5 (custom)
2021-01-18 08:19:04,086 [pool-38-thread-1] INFO  server.RaftServerConfigKeys (ConfUtils.java:logGet(44)) - raft.server.log.purge.upto.snapshot.index = false (default)
2021-01-18 08:19:04,086 [pool-38-thread-1] INFO  server.RaftServerConfigKeys (ConfUtils.java:logGet(44)) - raft.server.retrycache.expirytime = 600000ms (custom)
2021-01-18 08:19:04,086 [pool-38-thread-1] INFO  server.RaftServerConfigKeys (ConfUtils.java:logGet(44)) - raft.server.retrycache.statistics.expirytime = 100?s (default)
2021-01-18 08:19:04,086 [pool-38-thread-1] INFO  metrics.RatisMetrics (RatisMetrics.java:lambda$create$0(36)) - Creating Metrics Registry : ratis.leader_election.696d8df7-edf8-435c-b3eb-e448589269ce@group-2F60DBE96792
2021-01-18 08:19:04,087 [pool-38-thread-1] INFO  metrics.RatisMetrics (RatisMetrics.java:lambda$create$0(36)) - Creating Metrics Registry : ratis.server.696d8df7-edf8-435c-b3eb-e448589269ce@group-2F60DBE96792
2021-01-18 08:19:04,089 [pool-38-thread-1] INFO  server.RaftServer$Division (RaftServerImpl.java:start(294)) - 696d8df7-edf8-435c-b3eb-e448589269ce@group-2F60DBE96792: start as a follower, conf=-1: [43ca6a2e-d75a-477a-aef7-5c8b743b695f|rpc:172.17.0.2:34735|priority:0, 696d8df7-edf8-435c-b3eb-e448589269ce|rpc:172.17.0.2:44671|priority:0, 6257d45d-8325-4cae-8440-8c66e4fe0859|rpc:172.17.0.2:41085|priority:1], old=null
2021-01-18 08:19:04,089 [pool-38-thread-1] INFO  server.RaftServer$Division (RaftServerImpl.java:setRole(283)) - 696d8df7-edf8-435c-b3eb-e448589269ce@group-2F60DBE96792: changes role from      null to FOLLOWER at term 0 for startAsFollower
2021-01-18 08:19:04,089 [pool-38-thread-1] INFO  impl.RoleInfo (RoleInfo.java:updateAndGet(130)) - 696d8df7-edf8-435c-b3eb-e448589269ce: start 696d8df7-edf8-435c-b3eb-e448589269ce@group-2F60DBE96792-FollowerState
2021-01-18 08:19:04,089 [pool-38-thread-1] INFO  util.JmxRegister (JmxRegister.java:tryRegister(44)) - Successfully registered JMX Bean with object name Ratis:service=RaftServer,group=group-2F60DBE96792,id=696d8df7-edf8-435c-b3eb-e448589269ce
2021-01-18 08:19:04,089 [pool-38-thread-1] INFO  metrics.RatisMetrics (RatisMetrics.java:lambda$create$0(36)) - Creating Metrics Registry : ratis.state_machine.696d8df7-edf8-435c-b3eb-e448589269ce@group-2F60DBE96792
2021-01-18 08:19:04,104 [EventQueue-PipelineReportForOneReplicaPipelineSafeModeRule] INFO  safemode.SCMSafeModeManager (SCMSafeModeManager.java:validateSafeModeExitRules(214)) - AtleastOneDatanodeReportedRule rule is successfully validated
2021-01-18 08:19:04,106 [EventQueue-PipelineReportForOneReplicaPipelineSafeModeRule] INFO  safemode.SCMSafeModeManager (SCMSafeModeManager.java:validateSafeModeExitRules(214)) - AtleastOneDatanodeReportedRule rule is successfully validated
2021-01-18 08:19:04,134 [Command processor thread] INFO  metrics.RatisMetrics (RatisMetrics.java:lambda$create$0(36)) - Creating Metrics Registry : ratis.client_message_metrics.client-5C4B3A1C72B2->6257d45d-8325-4cae-8440-8c66e4fe0859
2021-01-18 08:19:04,176 [EventQueue-PipelineReportForOneReplicaPipelineSafeModeRule] INFO  safemode.SCMSafeModeManager (SCMSafeModeManager.java:validateSafeModeExitRules(214)) - AtleastOneDatanodeReportedRule rule is successfully validated
2021-01-18 08:19:04,196 [EventQueue-PipelineReportForOneReplicaPipelineSafeModeRule] INFO  safemode.SCMSafeModeManager (SCMSafeModeManager.java:validateSafeModeExitRules(214)) - AtleastOneDatanodeReportedRule rule is successfully validated
2021-01-18 08:19:04,274 [EventQueue-PipelineReportForOneReplicaPipelineSafeModeRule] INFO  safemode.SCMSafeModeManager (SCMSafeModeManager.java:validateSafeModeExitRules(214)) - AtleastOneDatanodeReportedRule rule is successfully validated
2021-01-18 08:19:04,274 [EventQueue-OpenPipelineForHealthyPipelineSafeModeRule] INFO  safemode.SCMSafeModeManager (HealthyPipelineSafeModeRule.java:process(128)) - SCM in safe mode. Healthy pipelines reported count is 0, required healthy pipeline reported count is 1
2021-01-18 08:19:04,454 [org.apache.ratis.util.JvmPauseMonitor$$Lambda$304/156850393@199e20fa] WARN  util.JvmPauseMonitor (JvmPauseMonitor.java:detectPause(124)) - JvmPauseMonitor-43ca6a2e-d75a-477a-aef7-5c8b743b695f: Detected pause in JVM or host machine (eg GC): pause of approximately 127911148ns

GC pool 'PS MarkSweep' had collection(s): count=1 time=122ms
GC pool 'PS Scavenge' had collection(s): count=1 time=26ms
2021-01-18 08:19:04,454 [org.apache.ratis.util.JvmPauseMonitor$$Lambda$304/156850393@70fe33fa] WARN  util.JvmPauseMonitor (JvmPauseMonitor.java:detectPause(124)) - JvmPauseMonitor-om1: Detected pause in JVM or host machine (eg GC): pause of approximately 129155252ns

GC pool 'PS MarkSweep' had collection(s): count=1 time=122ms
GC pool 'PS Scavenge' had collection(s): count=1 time=26ms
2021-01-18 08:19:04,455 [org.apache.ratis.util.JvmPauseMonitor$$Lambda$304/156850393@22d4bcdb] WARN  util.JvmPauseMonitor (JvmPauseMonitor.java:detectPause(124)) - JvmPauseMonitor-dc393f10-cf1b-4856-93c0-8107f803be1a: Detected pause in JVM or host machine (eg GC): pause of approximately 145096806ns

GC pool 'PS MarkSweep' had collection(s): count=1 time=122ms
GC pool 'PS Scavenge' had collection(s): count=1 time=26ms
2021-01-18 08:19:04,459 [Command processor thread] INFO  server.RaftServer (RaftServerProxy.java:addNew(95)) - 43ca6a2e-d75a-477a-aef7-5c8b743b695f: addNew group-57A5F833CDE3:[43ca6a2e-d75a-477a-aef7-5c8b743b695f|rpc:172.17.0.2:34735|priority:1] returns group-57A5F833CDE3:java.util.concurrent.CompletableFuture@4c930af3[Not completed]
2021-01-18 08:19:04,459 [EventQueue-PipelineReportForOneReplicaPipelineSafeModeRule] INFO  safemode.SCMSafeModeManager (SCMSafeModeManager.java:validateSafeModeExitRules(214)) - AtleastOneDatanodeReportedRule rule is successfully validated
2021-01-18 08:19:04,463 [EventQueue-PipelineReportForOneReplicaPipelineSafeModeRule] INFO  safemode.SCMSafeModeManager (SCMSafeModeManager.java:validateSafeModeExitRules(214)) - AtleastOneDatanodeReportedRule rule is successfully validated
2021-01-18 08:19:04,464 [EventQueue-PipelineReportForOneReplicaPipelineSafeModeRule] INFO  safemode.SCMSafeModeManager (SCMSafeModeManager.java:validateSafeModeExitRules(214)) - AtleastOneDatanodeReportedRule rule is successfully validated
2021-01-18 08:19:04,465 [EventQueue-PipelineReportForOneReplicaPipelineSafeModeRule] INFO  safemode.SCMSafeModeManager (SCMSafeModeManager.java:validateSafeModeExitRules(214)) - AtleastOneDatanodeReportedRule rule is successfully validated
2021-01-18 08:19:04,466 [EventQueue-PipelineReportForOneReplicaPipelineSafeModeRule] INFO  safemode.SCMSafeModeManager (SCMSafeModeManager.java:validateSafeModeExitRules(214)) - AtleastOneDatanodeReportedRule rule is successfully validated
2021-01-18 08:19:04,479 [EventQueue-PipelineReportForOneReplicaPipelineSafeModeRule] INFO  safemode.SCMSafeModeManager (SCMSafeModeManager.java:validateSafeModeExitRules(214)) - AtleastOneDatanodeReportedRule rule is successfully validated
2021-01-18 08:19:04,479 [EventQueue-OpenPipelineForHealthyPipelineSafeModeRule] INFO  safemode.SCMSafeModeManager (HealthyPipelineSafeModeRule.java:process(128)) - SCM in safe mode. Healthy pipelines reported count is 0, required healthy pipeline reported count is 1
2021-01-18 08:19:04,481 [EventQueue-PipelineReportForOneReplicaPipelineSafeModeRule] INFO  safemode.SCMSafeModeManager (SCMSafeModeManager.java:validateSafeModeExitRules(214)) - AtleastOneDatanodeReportedRule rule is successfully validated
2021-01-18 08:19:04,513 [EventQueue-PipelineReportForOneReplicaPipelineSafeModeRule] INFO  safemode.SCMSafeModeManager (SCMSafeModeManager.java:validateSafeModeExitRules(214)) - AtleastOneDatanodeReportedRule rule is successfully validated
2021-01-18 08:19:04,538 [pool-53-thread-1] INFO  server.RaftServer$Division (RaftServerImpl.java:<init>(179)) - 43ca6a2e-d75a-477a-aef7-5c8b743b695f: new RaftServerImpl for group-57A5F833CDE3:[43ca6a2e-d75a-477a-aef7-5c8b743b695f|rpc:172.17.0.2:34735|priority:1] with ContainerStateMachine:uninitialized
2021-01-18 08:19:04,539 [pool-53-thread-1] INFO  server.RaftServerConfigKeys (ConfUtils.java:logGet(44)) - raft.server.rpc.timeout.min = 5s (custom)
2021-01-18 08:19:04,539 [pool-53-thread-1] INFO  server.RaftServerConfigKeys (ConfUtils.java:logGet(44)) - raft.server.rpc.timeout.max = 5200ms (custom)
2021-01-18 08:19:04,539 [pool-53-thread-1] INFO  server.RaftServerConfigKeys (ConfUtils.java:logGet(44)) - raft.server.rpc.sleep.time = 25ms (default)
2021-01-18 08:19:04,539 [pool-53-thread-1] INFO  server.RaftServerConfigKeys (ConfUtils.java:logGet(44)) - raft.server.rpc.slowness.timeout = 300000ms (custom)
2021-01-18 08:19:04,539 [pool-53-thread-1] INFO  server.RaftServerConfigKeys (ConfUtils.java:logGet(44)) - raft.server.leaderelection.leader.step-down.wait-time = 10s (default)
2021-01-18 08:19:04,539 [pool-53-thread-1] INFO  server.RaftServerConfigKeys (ConfUtils.java:logGet(44)) - raft.server.sleep.deviation.threshold = 300ms (default)
2021-01-18 08:19:04,539 [pool-53-thread-1] INFO  server.RaftServerConfigKeys (ConfUtils.java:logGet(44)) - raft.server.log.appender.install.snapshot.enabled = false (custom)
2021-01-18 08:19:04,541 [pool-53-thread-1] INFO  server.RaftServer$Division (ServerState.java:<init>(103)) - 43ca6a2e-d75a-477a-aef7-5c8b743b695f@group-57A5F833CDE3: ConfigurationManager, init=-1: [43ca6a2e-d75a-477a-aef7-5c8b743b695f|rpc:172.17.0.2:34735|priority:1], old=null, confs=<EMPTY_MAP>
2021-01-18 08:19:04,541 [pool-53-thread-1] INFO  server.RaftServerConfigKeys (ConfUtils.java:logGet(44)) - raft.server.storage.dir = [/github/workspace/mnt/ozone/hadoop-ozone/integration-test/target/test-dir/MiniOzoneClusterImpl-bdf065e3-4bf0-4703-b3e1-6acc0ac12f97/datanode-1/data/ratis] (custom)
2021-01-18 08:19:04,541 [pool-53-thread-1] INFO  server.RaftServerConfigKeys (ConfUtils.java:logGet(44)) - raft.server.log.corruption.policy = EXCEPTION (default)
2021-01-18 08:19:04,541 [pool-53-thread-1] INFO  storage.RaftStorageDirectory (RaftStorageDirectoryImpl.java:analyzeStorage(132)) - The storage directory /github/workspace/mnt/ozone/hadoop-ozone/integration-test/target/test-dir/MiniOzoneClusterImpl-bdf065e3-4bf0-4703-b3e1-6acc0ac12f97/datanode-1/data/ratis/ec3e926f-6ff1-4735-97c4-57a5f833cde3 does not exist. Creating ...
2021-01-18 08:19:04,545 [pool-53-thread-1] INFO  storage.RaftStorageDirectory (RaftStorageDirectoryImpl.java:tryLock(215)) - Lock on /github/workspace/mnt/ozone/hadoop-ozone/integration-test/target/test-dir/MiniOzoneClusterImpl-bdf065e3-4bf0-4703-b3e1-6acc0ac12f97/datanode-1/data/ratis/ec3e926f-6ff1-4735-97c4-57a5f833cde3/in_use.lock acquired by nodename 32076@dc3504268712
2021-01-18 08:19:04,547 [pool-53-thread-1] INFO  storage.RaftStorage (RaftStorageImpl.java:format(87)) - Storage directory /github/workspace/mnt/ozone/hadoop-ozone/integration-test/target/test-dir/MiniOzoneClusterImpl-bdf065e3-4bf0-4703-b3e1-6acc0ac12f97/datanode-1/data/ratis/ec3e926f-6ff1-4735-97c4-57a5f833cde3 has been successfully formatted.
2021-01-18 08:19:04,548 [pool-53-thread-1] INFO  ratis.ContainerStateMachine (ContainerStateMachine.java:loadSnapshot(223)) - group-57A5F833CDE3: The snapshot info is null. Setting the last applied indexto:(t:0, i:~)
2021-01-18 08:19:04,548 [pool-53-thread-1] ERROR storage.RaftStorage (RaftStorageImpl.java:readRaftConfiguration(147)) - Failed reading configuration from file:/github/workspace/mnt/ozone/hadoop-ozone/integration-test/target/test-dir/MiniOzoneClusterImpl-bdf065e3-4bf0-4703-b3e1-6acc0ac12f97/datanode-1/data/ratis/ec3e926f-6ff1-4735-97c4-57a5f833cde3/current/raft-meta.conf
java.io.FileNotFoundException: /github/workspace/mnt/ozone/hadoop-ozone/integration-test/target/test-dir/MiniOzoneClusterImpl-bdf065e3-4bf0-4703-b3e1-6acc0ac12f97/datanode-1/data/ratis/ec3e926f-6ff1-4735-97c4-57a5f833cde3/current/raft-meta.conf (No such file or directory)
	at java.io.FileInputStream.open0(Native Method)
	at java.io.FileInputStream.open(FileInputStream.java:195)
	at java.io.FileInputStream.<init>(FileInputStream.java:138)
	at org.apache.ratis.server.storage.RaftStorageImpl.readRaftConfiguration(RaftStorageImpl.java:143)
	at org.apache.ratis.server.impl.ServerState.<init>(ServerState.java:113)
	at org.apache.ratis.server.impl.RaftServerImpl.<init>(RaftServerImpl.java:192)
	at org.apache.ratis.server.impl.RaftServerProxy.lambda$newRaftServerImpl$4(RaftServerProxy.java:266)
	at java.util.concurrent.CompletableFuture$AsyncSupply.run(CompletableFuture.java:1604)
	at java.util.concurrent.ThreadPoolExecutor.runWorker(ThreadPoolExecutor.java:1149)
	at java.util.concurrent.ThreadPoolExecutor$Worker.run(ThreadPoolExecutor.java:624)
	at java.lang.Thread.run(Thread.java:748)
2021-01-18 08:19:04,548 [pool-53-thread-1] INFO  server.RaftServerConfigKeys (ConfUtils.java:logGet(44)) - raft.server.notification.no-leader.timeout = 300000ms (custom)
2021-01-18 08:19:04,549 [pool-53-thread-1] INFO  server.RaftServerConfigKeys (ConfUtils.java:logGet(44)) - raft.server.log.use.memory = false (default)
2021-01-18 08:19:04,549 [pool-53-thread-1] INFO  server.RaftServerConfigKeys (ConfUtils.java:logGet(44)) - raft.server.log.purge.gap = 1000000 (custom)
2021-01-18 08:19:04,549 [pool-53-thread-1] INFO  server.RaftServerConfigKeys (ConfUtils.java:logGet(44)) - raft.server.log.appender.buffer.byte-limit = 33554432 (custom)
2021-01-18 08:19:04,549 [pool-53-thread-1] INFO  metrics.RatisMetrics (RatisMetrics.java:lambda$create$0(36)) - Creating Metrics Registry : ratis.log_worker.43ca6a2e-d75a-477a-aef7-5c8b743b695f@group-57A5F833CDE3
2021-01-18 08:19:04,550 [EventQueue-PipelineReportForOneReplicaPipelineSafeModeRule] INFO  safemode.SCMSafeModeManager (SCMSafeModeManager.java:validateSafeModeExitRules(214)) - AtleastOneDatanodeReportedRule rule is successfully validated
2021-01-18 08:19:04,550 [EventQueue-PipelineReportForPipelineReportHandler] INFO  pipeline.PipelineStateManager (PipelineStateManager.java:openPipeline(132)) - Pipeline Pipeline[ Id: ec3e926f-6ff1-4735-97c4-57a5f833cde3, Nodes: 43ca6a2e-d75a-477a-aef7-5c8b743b695f{ip: 172.17.0.2, host: dc3504268712, networkLocation: /default-rack, certSerialId: null, persistedOpState: IN_SERVICE, persistedOpStateExpiryEpochSec: 0}, Type:RATIS, Factor:ONE, State:ALLOCATED, leaderId:43ca6a2e-d75a-477a-aef7-5c8b743b695f, CreationTimestamp2021-01-18T08:19:01.307Z] moved to OPEN state
2021-01-18 08:19:04,550 [EventQueue-OpenPipelineForHealthyPipelineSafeModeRule] INFO  safemode.SCMSafeModeManager (HealthyPipelineSafeModeRule.java:process(128)) - SCM in safe mode. Healthy pipelines reported count is 0, required healthy pipeline reported count is 1
2021-01-18 08:19:04,551 [pool-53-thread-1] INFO  server.RaftServerConfigKeys (ConfUtils.java:logGet(44)) - raft.server.log.segment.size.max = 1048576 (custom)
2021-01-18 08:19:04,560 [pool-53-thread-1] INFO  server.RaftServerConfigKeys (ConfUtils.java:logGet(44)) - raft.server.log.segment.cache.num.max = 2 (custom)
2021-01-18 08:19:04,561 [pool-53-thread-1] INFO  server.RaftServerConfigKeys (ConfUtils.java:logGet(44)) - raft.server.log.segment.cache.size.max = 200MB (=209715200) (default)
2021-01-18 08:19:04,561 [pool-53-thread-1] INFO  segmented.SegmentedRaftLogWorker (SegmentedRaftLogWorker.java:<init>(181)) - new 43ca6a2e-d75a-477a-aef7-5c8b743b695f@group-57A5F833CDE3-SegmentedRaftLogWorker for RaftStorageImpl:Storage Directory /github/workspace/mnt/ozone/hadoop-ozone/integration-test/target/test-dir/MiniOzoneClusterImpl-bdf065e3-4bf0-4703-b3e1-6acc0ac12f97/datanode-1/data/ratis/ec3e926f-6ff1-4735-97c4-57a5f833cde3
2021-01-18 08:19:04,561 [pool-53-thread-1] INFO  server.RaftServerConfigKeys (ConfUtils.java:logGet(44)) - raft.server.log.queue.byte-limit = 2147483647 (custom)
2021-01-18 08:19:04,561 [pool-53-thread-1] INFO  server.RaftServerConfigKeys (ConfUtils.java:logGet(44)) - raft.server.log.queue.element-limit = 1024 (custom)
2021-01-18 08:19:04,561 [pool-53-thread-1] INFO  server.RaftServerConfigKeys (ConfUtils.java:logGet(44)) - raft.server.log.segment.size.max = 1048576 (custom)
2021-01-18 08:19:04,561 [pool-53-thread-1] INFO  server.RaftServerConfigKeys (ConfUtils.java:logGet(44)) - raft.server.log.preallocated.size = 16384 (custom)
2021-01-18 08:19:04,561 [pool-53-thread-1] INFO  server.RaftServerConfigKeys (ConfUtils.java:logGet(44)) - raft.server.log.force.sync.num = 128 (default)
2021-01-18 08:19:04,561 [pool-53-thread-1] INFO  server.RaftServerConfigKeys (ConfUtils.java:logGet(44)) - raft.server.log.statemachine.data.sync = true (default)
2021-01-18 08:19:04,561 [pool-53-thread-1] INFO  server.RaftServerConfigKeys (ConfUtils.java:logGet(44)) - raft.server.log.statemachine.data.sync.timeout = 10s (default)
2021-01-18 08:19:04,561 [pool-53-thread-1] INFO  server.RaftServerConfigKeys (ConfUtils.java:logGet(44)) - raft.server.log.statemachine.data.sync.timeout.retry = -1 (default)
2021-01-18 08:19:04,563 [pool-53-thread-1] INFO  server.RaftServerConfigKeys (ConfUtils.java:logGet(44)) - raft.server.log.write.buffer.size = 1048576 (custom)
2021-01-18 08:19:04,564 [pool-53-thread-1] INFO  server.RaftServerConfigKeys (ConfUtils.java:logGet(44)) - raft.server.log.statemachine.data.caching.enabled = true (custom)
2021-01-18 08:19:04,564 [pool-53-thread-1] INFO  segmented.SegmentedRaftLogWorker (SegmentedRaftLogWorker.java:lambda$new$0(132)) - 43ca6a2e-d75a-477a-aef7-5c8b743b695f@group-57A5F833CDE3-SegmentedRaftLogWorker: flushIndex: setUnconditionally 0 -> -1
2021-01-18 08:19:04,564 [pool-53-thread-1] INFO  segmented.SegmentedRaftLogWorker (SegmentedRaftLogWorker.java:lambda$new$0(132)) - 43ca6a2e-d75a-477a-aef7-5c8b743b695f@group-57A5F833CDE3-SegmentedRaftLogWorker: safeCacheEvictIndex: setUnconditionally 0 -> -1
2021-01-18 08:19:04,580 [Command processor thread] INFO  server.RaftServer (RaftServerProxy.java:addNew(95)) - 6257d45d-8325-4cae-8440-8c66e4fe0859: addNew group-AAFFB9850E40:[6257d45d-8325-4cae-8440-8c66e4fe0859|rpc:172.17.0.2:41085|priority:1] returns group-AAFFB9850E40:java.util.concurrent.CompletableFuture@5a28990f[Not completed]
2021-01-18 08:19:04,582 [pool-53-thread-1] INFO  server.RaftServerConfigKeys (ConfUtils.java:logGet(44)) - raft.server.snapshot.auto.trigger.enabled = true (custom)
2021-01-18 08:19:04,582 [pool-53-thread-1] INFO  server.RaftServerConfigKeys (ConfUtils.java:logGet(44)) - raft.server.snapshot.auto.trigger.threshold = 1 (custom)
2021-01-18 08:19:04,582 [pool-53-thread-1] INFO  server.RaftServerConfigKeys (ConfUtils.java:logGet(44)) - raft.server.snapshot.retention.file.num = 5 (custom)
2021-01-18 08:19:04,582 [pool-53-thread-1] INFO  server.RaftServerConfigKeys (ConfUtils.java:logGet(44)) - raft.server.log.purge.upto.snapshot.index = false (default)
2021-01-18 08:19:04,582 [pool-53-thread-1] INFO  server.RaftServerConfigKeys (ConfUtils.java:logGet(44)) - raft.server.retrycache.expirytime = 600000ms (custom)
2021-01-18 08:19:04,582 [pool-53-thread-1] INFO  server.RaftServerConfigKeys (ConfUtils.java:logGet(44)) - raft.server.retrycache.statistics.expirytime = 100?s (default)
2021-01-18 08:19:04,582 [pool-53-thread-1] INFO  metrics.RatisMetrics (RatisMetrics.java:lambda$create$0(36)) - Creating Metrics Registry : ratis.leader_election.43ca6a2e-d75a-477a-aef7-5c8b743b695f@group-57A5F833CDE3
2021-01-18 08:19:04,590 [grpc-default-executor-0] INFO  metrics.RatisMetrics (RatisMetrics.java:lambda$create$0(36)) - Creating Metrics Registry : ratis.server_message_metrics.6257d45d-8325-4cae-8440-8c66e4fe0859
2021-01-18 08:19:04,608 [pool-53-thread-1] INFO  metrics.RatisMetrics (RatisMetrics.java:lambda$create$0(36)) - Creating Metrics Registry : ratis.server.43ca6a2e-d75a-477a-aef7-5c8b743b695f@group-57A5F833CDE3
2021-01-18 08:19:04,610 [pool-53-thread-1] INFO  server.RaftServer$Division (RaftServerImpl.java:start(294)) - 43ca6a2e-d75a-477a-aef7-5c8b743b695f@group-57A5F833CDE3: start as a follower, conf=-1: [43ca6a2e-d75a-477a-aef7-5c8b743b695f|rpc:172.17.0.2:34735|priority:1], old=null
2021-01-18 08:19:04,610 [pool-53-thread-1] INFO  server.RaftServer$Division (RaftServerImpl.java:setRole(283)) - 43ca6a2e-d75a-477a-aef7-5c8b743b695f@group-57A5F833CDE3: changes role from      null to FOLLOWER at term 0 for startAsFollower
2021-01-18 08:19:04,610 [pool-53-thread-1] INFO  impl.RoleInfo (RoleInfo.java:updateAndGet(130)) - 43ca6a2e-d75a-477a-aef7-5c8b743b695f: start 43ca6a2e-d75a-477a-aef7-5c8b743b695f@group-57A5F833CDE3-FollowerState
2021-01-18 08:19:04,613 [grpc-default-executor-0] INFO  server.RaftServer (RaftServerProxy.java:addNew(95)) - 6257d45d-8325-4cae-8440-8c66e4fe0859: addNew group-2F60DBE96792:[43ca6a2e-d75a-477a-aef7-5c8b743b695f|rpc:172.17.0.2:34735|dataStream:|priority:0, 696d8df7-edf8-435c-b3eb-e448589269ce|rpc:172.17.0.2:44671|dataStream:|priority:0, 6257d45d-8325-4cae-8440-8c66e4fe0859|rpc:172.17.0.2:41085|dataStream:|priority:1] returns group-2F60DBE96792:java.util.concurrent.CompletableFuture@37649f1b[Not completed]
2021-01-18 08:19:04,616 [pool-53-thread-1] INFO  util.JmxRegister (JmxRegister.java:tryRegister(44)) - Successfully registered JMX Bean with object name Ratis:service=RaftServer,group=group-57A5F833CDE3,id=43ca6a2e-d75a-477a-aef7-5c8b743b695f
2021-01-18 08:19:04,616 [pool-53-thread-1] INFO  metrics.RatisMetrics (RatisMetrics.java:lambda$create$0(36)) - Creating Metrics Registry : ratis.state_machine.43ca6a2e-d75a-477a-aef7-5c8b743b695f@group-57A5F833CDE3
2021-01-18 08:19:04,621 [Command processor thread] INFO  commandhandler.CreatePipelineCommandHandler (CreatePipelineCommandHandler.java:handle(106)) - Created Pipeline RATIS ONE PipelineID=ec3e926f-6ff1-4735-97c4-57a5f833cde3.
2021-01-18 08:19:04,621 [Command processor thread] INFO  server.RaftServer (RaftServerProxy.java:addNew(95)) - 43ca6a2e-d75a-477a-aef7-5c8b743b695f: addNew group-2F60DBE96792:[43ca6a2e-d75a-477a-aef7-5c8b743b695f|rpc:172.17.0.2:34735|priority:0, 696d8df7-edf8-435c-b3eb-e448589269ce|rpc:172.17.0.2:44671|priority:0, 6257d45d-8325-4cae-8440-8c66e4fe0859|rpc:172.17.0.2:41085|priority:1] returns group-2F60DBE96792:java.util.concurrent.CompletableFuture@48ac87b9[Not completed]
2021-01-18 08:19:04,630 [pool-69-thread-1] INFO  server.RaftServer$Division (RaftServerImpl.java:<init>(179)) - 6257d45d-8325-4cae-8440-8c66e4fe0859: new RaftServerImpl for group-AAFFB9850E40:[6257d45d-8325-4cae-8440-8c66e4fe0859|rpc:172.17.0.2:41085|priority:1] with ContainerStateMachine:uninitialized
2021-01-18 08:19:04,631 [pool-53-thread-1] INFO  server.RaftServer$Division (RaftServerImpl.java:<init>(179)) - 43ca6a2e-d75a-477a-aef7-5c8b743b695f: new RaftServerImpl for group-2F60DBE96792:[43ca6a2e-d75a-477a-aef7-5c8b743b695f|rpc:172.17.0.2:34735|priority:0, 696d8df7-edf8-435c-b3eb-e448589269ce|rpc:172.17.0.2:44671|priority:0, 6257d45d-8325-4cae-8440-8c66e4fe0859|rpc:172.17.0.2:41085|priority:1] with ContainerStateMachine:uninitialized
2021-01-18 08:19:04,631 [pool-53-thread-1] INFO  server.RaftServerConfigKeys (ConfUtils.java:logGet(44)) - raft.server.rpc.timeout.min = 5s (custom)
2021-01-18 08:19:04,631 [pool-53-thread-1] INFO  server.RaftServerConfigKeys (ConfUtils.java:logGet(44)) - raft.server.rpc.timeout.max = 5200ms (custom)
2021-01-18 08:19:04,631 [pool-53-thread-1] INFO  server.RaftServerConfigKeys (ConfUtils.java:logGet(44)) - raft.server.rpc.sleep.time = 25ms (default)
2021-01-18 08:19:04,631 [pool-53-thread-1] INFO  server.RaftServerConfigKeys (ConfUtils.java:logGet(44)) - raft.server.rpc.slowness.timeout = 300000ms (custom)
2021-01-18 08:19:04,631 [pool-53-thread-1] INFO  server.RaftServerConfigKeys (ConfUtils.java:logGet(44)) - raft.server.leaderelection.leader.step-down.wait-time = 10s (default)
2021-01-18 08:19:04,631 [pool-53-thread-1] INFO  server.RaftServerConfigKeys (ConfUtils.java:logGet(44)) - raft.server.sleep.deviation.threshold = 300ms (default)
2021-01-18 08:19:04,631 [pool-53-thread-1] INFO  server.RaftServerConfigKeys (ConfUtils.java:logGet(44)) - raft.server.log.appender.install.snapshot.enabled = false (custom)
2021-01-18 08:19:04,631 [pool-53-thread-1] INFO  server.RaftServer$Division (ServerState.java:<init>(103)) - 43ca6a2e-d75a-477a-aef7-5c8b743b695f@group-2F60DBE96792: ConfigurationManager, init=-1: [43ca6a2e-d75a-477a-aef7-5c8b743b695f|rpc:172.17.0.2:34735|priority:0, 696d8df7-edf8-435c-b3eb-e448589269ce|rpc:172.17.0.2:44671|priority:0, 6257d45d-8325-4cae-8440-8c66e4fe0859|rpc:172.17.0.2:41085|priority:1], old=null, confs=<EMPTY_MAP>
2021-01-18 08:19:04,631 [pool-53-thread-1] INFO  server.RaftServerConfigKeys (ConfUtils.java:logGet(44)) - raft.server.storage.dir = [/github/workspace/mnt/ozone/hadoop-ozone/integration-test/target/test-dir/MiniOzoneClusterImpl-bdf065e3-4bf0-4703-b3e1-6acc0ac12f97/datanode-1/data/ratis] (custom)
2021-01-18 08:19:04,631 [pool-53-thread-1] INFO  server.RaftServerConfigKeys (ConfUtils.java:logGet(44)) - raft.server.log.corruption.policy = EXCEPTION (default)
2021-01-18 08:19:04,632 [pool-53-thread-1] INFO  storage.RaftStorageDirectory (RaftStorageDirectoryImpl.java:analyzeStorage(132)) - The storage directory /github/workspace/mnt/ozone/hadoop-ozone/integration-test/target/test-dir/MiniOzoneClusterImpl-bdf065e3-4bf0-4703-b3e1-6acc0ac12f97/datanode-1/data/ratis/977a9c08-f91f-4a57-b8e1-2f60dbe96792 does not exist. Creating ...
2021-01-18 08:19:04,633 [pool-53-thread-1] INFO  storage.RaftStorageDirectory (RaftStorageDirectoryImpl.java:tryLock(215)) - Lock on /github/workspace/mnt/ozone/hadoop-ozone/integration-test/target/test-dir/MiniOzoneClusterImpl-bdf065e3-4bf0-4703-b3e1-6acc0ac12f97/datanode-1/data/ratis/977a9c08-f91f-4a57-b8e1-2f60dbe96792/in_use.lock acquired by nodename 32076@dc3504268712
2021-01-18 08:19:04,634 [pool-53-thread-1] INFO  storage.RaftStorage (RaftStorageImpl.java:format(87)) - Storage directory /github/workspace/mnt/ozone/hadoop-ozone/integration-test/target/test-dir/MiniOzoneClusterImpl-bdf065e3-4bf0-4703-b3e1-6acc0ac12f97/datanode-1/data/ratis/977a9c08-f91f-4a57-b8e1-2f60dbe96792 has been successfully formatted.
2021-01-18 08:19:04,635 [pool-53-thread-1] INFO  ratis.ContainerStateMachine (ContainerStateMachine.java:loadSnapshot(223)) - group-2F60DBE96792: The snapshot info is null. Setting the last applied indexto:(t:0, i:~)
2021-01-18 08:19:04,635 [EventQueue-OpenPipelineForHealthyPipelineSafeModeRule] INFO  safemode.SCMSafeModeManager (HealthyPipelineSafeModeRule.java:process(128)) - SCM in safe mode. Healthy pipelines reported count is 0, required healthy pipeline reported count is 1
2021-01-18 08:19:04,635 [EventQueue-PipelineReportForOneReplicaPipelineSafeModeRule] INFO  safemode.SCMSafeModeManager (SCMSafeModeManager.java:validateSafeModeExitRules(214)) - AtleastOneDatanodeReportedRule rule is successfully validated
2021-01-18 08:19:04,636 [pool-53-thread-1] ERROR storage.RaftStorage (RaftStorageImpl.java:readRaftConfiguration(147)) - Failed reading configuration from file:/github/workspace/mnt/ozone/hadoop-ozone/integration-test/target/test-dir/MiniOzoneClusterImpl-bdf065e3-4bf0-4703-b3e1-6acc0ac12f97/datanode-1/data/ratis/977a9c08-f91f-4a57-b8e1-2f60dbe96792/current/raft-meta.conf
java.io.FileNotFoundException: /github/workspace/mnt/ozone/hadoop-ozone/integration-test/target/test-dir/MiniOzoneClusterImpl-bdf065e3-4bf0-4703-b3e1-6acc0ac12f97/datanode-1/data/ratis/977a9c08-f91f-4a57-b8e1-2f60dbe96792/current/raft-meta.conf (No such file or directory)
	at java.io.FileInputStream.open0(Native Method)
	at java.io.FileInputStream.open(FileInputStream.java:195)
	at java.io.FileInputStream.<init>(FileInputStream.java:138)
	at org.apache.ratis.server.storage.RaftStorageImpl.readRaftConfiguration(RaftStorageImpl.java:143)
	at org.apache.ratis.server.impl.ServerState.<init>(ServerState.java:113)
	at org.apache.ratis.server.impl.RaftServerImpl.<init>(RaftServerImpl.java:192)
	at org.apache.ratis.server.impl.RaftServerProxy.lambda$newRaftServerImpl$4(RaftServerProxy.java:266)
	at java.util.concurrent.CompletableFuture$AsyncSupply.run(CompletableFuture.java:1604)
	at java.util.concurrent.ThreadPoolExecutor.runWorker(ThreadPoolExecutor.java:1149)
	at java.util.concurrent.ThreadPoolExecutor$Worker.run(ThreadPoolExecutor.java:624)
	at java.lang.Thread.run(Thread.java:748)
2021-01-18 08:19:04,636 [pool-53-thread-1] INFO  server.RaftServerConfigKeys (ConfUtils.java:logGet(44)) - raft.server.notification.no-leader.timeout = 300000ms (custom)
2021-01-18 08:19:04,636 [pool-53-thread-1] INFO  server.RaftServerConfigKeys (ConfUtils.java:logGet(44)) - raft.server.log.use.memory = false (default)
2021-01-18 08:19:04,636 [pool-53-thread-1] INFO  server.RaftServerConfigKeys (ConfUtils.java:logGet(44)) - raft.server.log.purge.gap = 1000000 (custom)
2021-01-18 08:19:04,636 [pool-53-thread-1] INFO  server.RaftServerConfigKeys (ConfUtils.java:logGet(44)) - raft.server.log.appender.buffer.byte-limit = 33554432 (custom)
2021-01-18 08:19:04,636 [pool-53-thread-1] INFO  metrics.RatisMetrics (RatisMetrics.java:lambda$create$0(36)) - Creating Metrics Registry : ratis.log_worker.43ca6a2e-d75a-477a-aef7-5c8b743b695f@group-2F60DBE96792
2021-01-18 08:19:04,637 [pool-53-thread-1] INFO  server.RaftServerConfigKeys (ConfUtils.java:logGet(44)) - raft.server.log.segment.size.max = 1048576 (custom)
2021-01-18 08:19:04,637 [pool-53-thread-1] INFO  server.RaftServerConfigKeys (ConfUtils.java:logGet(44)) - raft.server.log.segment.cache.num.max = 2 (custom)
2021-01-18 08:19:04,637 [pool-53-thread-1] INFO  server.RaftServerConfigKeys (ConfUtils.java:logGet(44)) - raft.server.log.segment.cache.size.max = 200MB (=209715200) (default)
2021-01-18 08:19:04,638 [pool-53-thread-1] INFO  segmented.SegmentedRaftLogWorker (SegmentedRaftLogWorker.java:<init>(181)) - new 43ca6a2e-d75a-477a-aef7-5c8b743b695f@group-2F60DBE96792-SegmentedRaftLogWorker for RaftStorageImpl:Storage Directory /github/workspace/mnt/ozone/hadoop-ozone/integration-test/target/test-dir/MiniOzoneClusterImpl-bdf065e3-4bf0-4703-b3e1-6acc0ac12f97/datanode-1/data/ratis/977a9c08-f91f-4a57-b8e1-2f60dbe96792
2021-01-18 08:19:04,638 [pool-53-thread-1] INFO  server.RaftServerConfigKeys (ConfUtils.java:logGet(44)) - raft.server.log.queue.byte-limit = 2147483647 (custom)
2021-01-18 08:19:04,638 [pool-53-thread-1] INFO  server.RaftServerConfigKeys (ConfUtils.java:logGet(44)) - raft.server.log.queue.element-limit = 1024 (custom)
2021-01-18 08:19:04,638 [pool-53-thread-1] INFO  server.RaftServerConfigKeys (ConfUtils.java:logGet(44)) - raft.server.log.segment.size.max = 1048576 (custom)
2021-01-18 08:19:04,638 [pool-53-thread-1] INFO  server.RaftServerConfigKeys (ConfUtils.java:logGet(44)) - raft.server.log.preallocated.size = 16384 (custom)
2021-01-18 08:19:04,638 [pool-53-thread-1] INFO  server.RaftServerConfigKeys (ConfUtils.java:logGet(44)) - raft.server.log.force.sync.num = 128 (default)
2021-01-18 08:19:04,638 [pool-53-thread-1] INFO  server.RaftServerConfigKeys (ConfUtils.java:logGet(44)) - raft.server.log.statemachine.data.sync = true (default)
2021-01-18 08:19:04,638 [pool-53-thread-1] INFO  server.RaftServerConfigKeys (ConfUtils.java:logGet(44)) - raft.server.log.statemachine.data.sync.timeout = 10s (default)
2021-01-18 08:19:04,638 [pool-53-thread-1] INFO  server.RaftServerConfigKeys (ConfUtils.java:logGet(44)) - raft.server.log.statemachine.data.sync.timeout.retry = -1 (default)
2021-01-18 08:19:04,639 [pool-53-thread-1] INFO  server.RaftServerConfigKeys (ConfUtils.java:logGet(44)) - raft.server.log.write.buffer.size = 1048576 (custom)
2021-01-18 08:19:04,643 [pool-69-thread-1] INFO  server.RaftServerConfigKeys (ConfUtils.java:logGet(44)) - raft.server.rpc.timeout.min = 5s (custom)
2021-01-18 08:19:04,643 [pool-69-thread-1] INFO  server.RaftServerConfigKeys (ConfUtils.java:logGet(44)) - raft.server.rpc.timeout.max = 5200ms (custom)
2021-01-18 08:19:04,643 [pool-69-thread-1] INFO  server.RaftServerConfigKeys (ConfUtils.java:logGet(44)) - raft.server.rpc.sleep.time = 25ms (default)
2021-01-18 08:19:04,643 [pool-69-thread-1] INFO  server.RaftServerConfigKeys (ConfUtils.java:logGet(44)) - raft.server.rpc.slowness.timeout = 300000ms (custom)
2021-01-18 08:19:04,643 [pool-69-thread-1] INFO  server.RaftServerConfigKeys (ConfUtils.java:logGet(44)) - raft.server.leaderelection.leader.step-down.wait-time = 10s (default)
2021-01-18 08:19:04,643 [pool-69-thread-1] INFO  server.RaftServerConfigKeys (ConfUtils.java:logGet(44)) - raft.server.sleep.deviation.threshold = 300ms (default)
2021-01-18 08:19:04,643 [pool-69-thread-1] INFO  server.RaftServerConfigKeys (ConfUtils.java:logGet(44)) - raft.server.log.appender.install.snapshot.enabled = false (custom)
2021-01-18 08:19:04,645 [pool-69-thread-1] INFO  server.RaftServer$Division (ServerState.java:<init>(103)) - 6257d45d-8325-4cae-8440-8c66e4fe0859@group-AAFFB9850E40: ConfigurationManager, init=-1: [6257d45d-8325-4cae-8440-8c66e4fe0859|rpc:172.17.0.2:41085|priority:1], old=null, confs=<EMPTY_MAP>
2021-01-18 08:19:04,645 [pool-69-thread-1] INFO  server.RaftServerConfigKeys (ConfUtils.java:logGet(44)) - raft.server.storage.dir = [/github/workspace/mnt/ozone/hadoop-ozone/integration-test/target/test-dir/MiniOzoneClusterImpl-bdf065e3-4bf0-4703-b3e1-6acc0ac12f97/datanode-2/data/ratis] (custom)
2021-01-18 08:19:04,645 [pool-53-thread-1] INFO  server.RaftServerConfigKeys (ConfUtils.java:logGet(44)) - raft.server.log.statemachine.data.caching.enabled = true (custom)
2021-01-18 08:19:04,645 [pool-69-thread-1] INFO  server.RaftServerConfigKeys (ConfUtils.java:logGet(44)) - raft.server.log.corruption.policy = EXCEPTION (default)
2021-01-18 08:19:04,645 [pool-53-thread-1] INFO  segmented.SegmentedRaftLogWorker (SegmentedRaftLogWorker.java:lambda$new$0(132)) - 43ca6a2e-d75a-477a-aef7-5c8b743b695f@group-2F60DBE96792-SegmentedRaftLogWorker: flushIndex: setUnconditionally 0 -> -1
2021-01-18 08:19:04,645 [pool-69-thread-1] INFO  storage.RaftStorageDirectory (RaftStorageDirectoryImpl.java:analyzeStorage(132)) - The storage directory /github/workspace/mnt/ozone/hadoop-ozone/integration-test/target/test-dir/MiniOzoneClusterImpl-bdf065e3-4bf0-4703-b3e1-6acc0ac12f97/datanode-2/data/ratis/cf2843ce-bd2c-4a2d-8b79-aaffb9850e40 does not exist. Creating ...
2021-01-18 08:19:04,645 [pool-53-thread-1] INFO  segmented.SegmentedRaftLogWorker (SegmentedRaftLogWorker.java:lambda$new$0(132)) - 43ca6a2e-d75a-477a-aef7-5c8b743b695f@group-2F60DBE96792-SegmentedRaftLogWorker: safeCacheEvictIndex: setUnconditionally 0 -> -1
2021-01-18 08:19:04,647 [pool-69-thread-1] INFO  storage.RaftStorageDirectory (RaftStorageDirectoryImpl.java:tryLock(215)) - Lock on /github/workspace/mnt/ozone/hadoop-ozone/integration-test/target/test-dir/MiniOzoneClusterImpl-bdf065e3-4bf0-4703-b3e1-6acc0ac12f97/datanode-2/data/ratis/cf2843ce-bd2c-4a2d-8b79-aaffb9850e40/in_use.lock acquired by nodename 32076@dc3504268712
2021-01-18 08:19:04,648 [pool-69-thread-1] INFO  storage.RaftStorage (RaftStorageImpl.java:format(87)) - Storage directory /github/workspace/mnt/ozone/hadoop-ozone/integration-test/target/test-dir/MiniOzoneClusterImpl-bdf065e3-4bf0-4703-b3e1-6acc0ac12f97/datanode-2/data/ratis/cf2843ce-bd2c-4a2d-8b79-aaffb9850e40 has been successfully formatted.
2021-01-18 08:19:04,651 [EventQueue-PipelineReportForOneReplicaPipelineSafeModeRule] INFO  safemode.SCMSafeModeManager (SCMSafeModeManager.java:validateSafeModeExitRules(214)) - AtleastOneDatanodeReportedRule rule is successfully validated
2021-01-18 08:19:04,652 [EventQueue-PipelineReportForOneReplicaPipelineSafeModeRule] INFO  safemode.SCMSafeModeManager (SCMSafeModeManager.java:validateSafeModeExitRules(214)) - AtleastOneDatanodeReportedRule rule is successfully validated
2021-01-18 08:19:04,652 [EventQueue-PipelineReportForPipelineReportHandler] INFO  pipeline.PipelineStateManager (PipelineStateManager.java:openPipeline(132)) - Pipeline Pipeline[ Id: cf2843ce-bd2c-4a2d-8b79-aaffb9850e40, Nodes: 6257d45d-8325-4cae-8440-8c66e4fe0859{ip: 172.17.0.2, host: dc3504268712, networkLocation: /default-rack, certSerialId: null, persistedOpState: IN_SERVICE, persistedOpStateExpiryEpochSec: 0}, Type:RATIS, Factor:ONE, State:ALLOCATED, leaderId:6257d45d-8325-4cae-8440-8c66e4fe0859, CreationTimestamp2021-01-18T08:19:01.575Z] moved to OPEN state
2021-01-18 08:19:04,652 [pool-69-thread-1] INFO  ratis.ContainerStateMachine (ContainerStateMachine.java:loadSnapshot(223)) - group-AAFFB9850E40: The snapshot info is null. Setting the last applied indexto:(t:0, i:~)
2021-01-18 08:19:04,652 [pool-69-thread-1] ERROR storage.RaftStorage (RaftStorageImpl.java:readRaftConfiguration(147)) - Failed reading configuration from file:/github/workspace/mnt/ozone/hadoop-ozone/integration-test/target/test-dir/MiniOzoneClusterImpl-bdf065e3-4bf0-4703-b3e1-6acc0ac12f97/datanode-2/data/ratis/cf2843ce-bd2c-4a2d-8b79-aaffb9850e40/current/raft-meta.conf
java.io.FileNotFoundException: /github/workspace/mnt/ozone/hadoop-ozone/integration-test/target/test-dir/MiniOzoneClusterImpl-bdf065e3-4bf0-4703-b3e1-6acc0ac12f97/datanode-2/data/ratis/cf2843ce-bd2c-4a2d-8b79-aaffb9850e40/current/raft-meta.conf (No such file or directory)
	at java.io.FileInputStream.open0(Native Method)
	at java.io.FileInputStream.open(FileInputStream.java:195)
	at java.io.FileInputStream.<init>(FileInputStream.java:138)
	at org.apache.ratis.server.storage.RaftStorageImpl.readRaftConfiguration(RaftStorageImpl.java:143)
	at org.apache.ratis.server.impl.ServerState.<init>(ServerState.java:113)
	at org.apache.ratis.server.impl.RaftServerImpl.<init>(RaftServerImpl.java:192)
	at org.apache.ratis.server.impl.RaftServerProxy.lambda$newRaftServerImpl$4(RaftServerProxy.java:266)
	at java.util.concurrent.CompletableFuture$AsyncSupply.run(CompletableFuture.java:1604)
	at java.util.concurrent.ThreadPoolExecutor.runWorker(ThreadPoolExecutor.java:1149)
	at java.util.concurrent.ThreadPoolExecutor$Worker.run(ThreadPoolExecutor.java:624)
	at java.lang.Thread.run(Thread.java:748)
2021-01-18 08:19:04,653 [pool-69-thread-1] INFO  server.RaftServerConfigKeys (ConfUtils.java:logGet(44)) - raft.server.notification.no-leader.timeout = 300000ms (custom)
2021-01-18 08:19:04,653 [pool-69-thread-1] INFO  server.RaftServerConfigKeys (ConfUtils.java:logGet(44)) - raft.server.log.use.memory = false (default)
2021-01-18 08:19:04,653 [EventQueue-OpenPipelineForHealthyPipelineSafeModeRule] INFO  safemode.SCMSafeModeManager (HealthyPipelineSafeModeRule.java:process(128)) - SCM in safe mode. Healthy pipelines reported count is 0, required healthy pipeline reported count is 1
2021-01-18 08:19:04,652 [pool-53-thread-1] INFO  server.RaftServerConfigKeys (ConfUtils.java:logGet(44)) - raft.server.snapshot.auto.trigger.enabled = true (custom)
2021-01-18 08:19:04,657 [pool-53-thread-1] INFO  server.RaftServerConfigKeys (ConfUtils.java:logGet(44)) - raft.server.snapshot.auto.trigger.threshold = 1 (custom)
2021-01-18 08:19:04,658 [pool-53-thread-1] INFO  server.RaftServerConfigKeys (ConfUtils.java:logGet(44)) - raft.server.snapshot.retention.file.num = 5 (custom)
2021-01-18 08:19:04,658 [pool-53-thread-1] INFO  server.RaftServerConfigKeys (ConfUtils.java:logGet(44)) - raft.server.log.purge.upto.snapshot.index = false (default)
2021-01-18 08:19:04,658 [pool-53-thread-1] INFO  server.RaftServerConfigKeys (ConfUtils.java:logGet(44)) - raft.server.retrycache.expirytime = 600000ms (custom)
2021-01-18 08:19:04,658 [pool-53-thread-1] INFO  server.RaftServerConfigKeys (ConfUtils.java:logGet(44)) - raft.server.retrycache.statistics.expirytime = 100?s (default)
2021-01-18 08:19:04,658 [pool-53-thread-1] INFO  metrics.RatisMetrics (RatisMetrics.java:lambda$create$0(36)) - Creating Metrics Registry : ratis.leader_election.43ca6a2e-d75a-477a-aef7-5c8b743b695f@group-2F60DBE96792
2021-01-18 08:19:04,658 [pool-53-thread-1] INFO  metrics.RatisMetrics (RatisMetrics.java:lambda$create$0(36)) - Creating Metrics Registry : ratis.server.43ca6a2e-d75a-477a-aef7-5c8b743b695f@group-2F60DBE96792
2021-01-18 08:19:04,653 [pool-69-thread-1] INFO  server.RaftServerConfigKeys (ConfUtils.java:logGet(44)) - raft.server.log.purge.gap = 1000000 (custom)
2021-01-18 08:19:04,660 [pool-69-thread-1] INFO  server.RaftServerConfigKeys (ConfUtils.java:logGet(44)) - raft.server.log.appender.buffer.byte-limit = 33554432 (custom)
2021-01-18 08:19:04,660 [pool-69-thread-1] INFO  metrics.RatisMetrics (RatisMetrics.java:lambda$create$0(36)) - Creating Metrics Registry : ratis.log_worker.6257d45d-8325-4cae-8440-8c66e4fe0859@group-AAFFB9850E40
2021-01-18 08:19:04,660 [pool-69-thread-1] INFO  server.RaftServerConfigKeys (ConfUtils.java:logGet(44)) - raft.server.log.segment.size.max = 1048576 (custom)
2021-01-18 08:19:04,660 [pool-69-thread-1] INFO  server.RaftServerConfigKeys (ConfUtils.java:logGet(44)) - raft.server.log.segment.cache.num.max = 2 (custom)
2021-01-18 08:19:04,660 [pool-69-thread-1] INFO  server.RaftServerConfigKeys (ConfUtils.java:logGet(44)) - raft.server.log.segment.cache.size.max = 200MB (=209715200) (default)
2021-01-18 08:19:04,661 [pool-69-thread-1] INFO  segmented.SegmentedRaftLogWorker (SegmentedRaftLogWorker.java:<init>(181)) - new 6257d45d-8325-4cae-8440-8c66e4fe0859@group-AAFFB9850E40-SegmentedRaftLogWorker for RaftStorageImpl:Storage Directory /github/workspace/mnt/ozone/hadoop-ozone/integration-test/target/test-dir/MiniOzoneClusterImpl-bdf065e3-4bf0-4703-b3e1-6acc0ac12f97/datanode-2/data/ratis/cf2843ce-bd2c-4a2d-8b79-aaffb9850e40
2021-01-18 08:19:04,661 [pool-69-thread-1] INFO  server.RaftServerConfigKeys (ConfUtils.java:logGet(44)) - raft.server.log.queue.byte-limit = 2147483647 (custom)
2021-01-18 08:19:04,661 [pool-69-thread-1] INFO  server.RaftServerConfigKeys (ConfUtils.java:logGet(44)) - raft.server.log.queue.element-limit = 1024 (custom)
2021-01-18 08:19:04,661 [pool-69-thread-1] INFO  server.RaftServerConfigKeys (ConfUtils.java:logGet(44)) - raft.server.log.segment.size.max = 1048576 (custom)
2021-01-18 08:19:04,661 [pool-69-thread-1] INFO  server.RaftServerConfigKeys (ConfUtils.java:logGet(44)) - raft.server.log.preallocated.size = 16384 (custom)
2021-01-18 08:19:04,661 [pool-69-thread-1] INFO  server.RaftServerConfigKeys (ConfUtils.java:logGet(44)) - raft.server.log.force.sync.num = 128 (default)
2021-01-18 08:19:04,661 [pool-69-thread-1] INFO  server.RaftServerConfigKeys (ConfUtils.java:logGet(44)) - raft.server.log.statemachine.data.sync = true (default)
2021-01-18 08:19:04,661 [pool-69-thread-1] INFO  server.RaftServerConfigKeys (ConfUtils.java:logGet(44)) - raft.server.log.statemachine.data.sync.timeout = 10s (default)
2021-01-18 08:19:04,661 [pool-69-thread-1] INFO  server.RaftServerConfigKeys (ConfUtils.java:logGet(44)) - raft.server.log.statemachine.data.sync.timeout.retry = -1 (default)
2021-01-18 08:19:04,662 [pool-69-thread-1] INFO  server.RaftServerConfigKeys (ConfUtils.java:logGet(44)) - raft.server.log.write.buffer.size = 1048576 (custom)
2021-01-18 08:19:04,663 [pool-69-thread-1] INFO  server.RaftServerConfigKeys (ConfUtils.java:logGet(44)) - raft.server.log.statemachine.data.caching.enabled = true (custom)
2021-01-18 08:19:04,663 [pool-69-thread-1] INFO  segmented.SegmentedRaftLogWorker (SegmentedRaftLogWorker.java:lambda$new$0(132)) - 6257d45d-8325-4cae-8440-8c66e4fe0859@group-AAFFB9850E40-SegmentedRaftLogWorker: flushIndex: setUnconditionally 0 -> -1
2021-01-18 08:19:04,663 [pool-69-thread-1] INFO  segmented.SegmentedRaftLogWorker (SegmentedRaftLogWorker.java:lambda$new$0(132)) - 6257d45d-8325-4cae-8440-8c66e4fe0859@group-AAFFB9850E40-SegmentedRaftLogWorker: safeCacheEvictIndex: setUnconditionally 0 -> -1
2021-01-18 08:19:04,664 [EventQueue-PipelineReportForOneReplicaPipelineSafeModeRule] INFO  safemode.SCMSafeModeManager (SCMSafeModeManager.java:validateSafeModeExitRules(214)) - AtleastOneDatanodeReportedRule rule is successfully validated
2021-01-18 08:19:04,664 [EventQueue-OpenPipelineForHealthyPipelineSafeModeRule] INFO  safemode.SCMSafeModeManager (HealthyPipelineSafeModeRule.java:process(128)) - SCM in safe mode. Healthy pipelines reported count is 0, required healthy pipeline reported count is 1
2021-01-18 08:19:04,664 [EventQueue-PipelineReportForOneReplicaPipelineSafeModeRule] INFO  safemode.SCMSafeModeManager (SCMSafeModeManager.java:validateSafeModeExitRules(214)) - AtleastOneDatanodeReportedRule rule is successfully validated
2021-01-18 08:19:04,665 [pool-53-thread-1] INFO  server.RaftServer$Division (RaftServerImpl.java:start(294)) - 43ca6a2e-d75a-477a-aef7-5c8b743b695f@group-2F60DBE96792: start as a follower, conf=-1: [43ca6a2e-d75a-477a-aef7-5c8b743b695f|rpc:172.17.0.2:34735|priority:0, 696d8df7-edf8-435c-b3eb-e448589269ce|rpc:172.17.0.2:44671|priority:0, 6257d45d-8325-4cae-8440-8c66e4fe0859|rpc:172.17.0.2:41085|priority:1], old=null
2021-01-18 08:19:04,665 [pool-53-thread-1] INFO  server.RaftServer$Division (RaftServerImpl.java:setRole(283)) - 43ca6a2e-d75a-477a-aef7-5c8b743b695f@group-2F60DBE96792: changes role from      null to FOLLOWER at term 0 for startAsFollower
2021-01-18 08:19:04,670 [pool-53-thread-1] INFO  impl.RoleInfo (RoleInfo.java:updateAndGet(130)) - 43ca6a2e-d75a-477a-aef7-5c8b743b695f: start 43ca6a2e-d75a-477a-aef7-5c8b743b695f@group-2F60DBE96792-FollowerState
2021-01-18 08:19:04,670 [pool-69-thread-1] INFO  server.RaftServerConfigKeys (ConfUtils.java:logGet(44)) - raft.server.snapshot.auto.trigger.enabled = true (custom)
2021-01-18 08:19:04,670 [pool-69-thread-1] INFO  server.RaftServerConfigKeys (ConfUtils.java:logGet(44)) - raft.server.snapshot.auto.trigger.threshold = 1 (custom)
2021-01-18 08:19:04,670 [pool-69-thread-1] INFO  server.RaftServerConfigKeys (ConfUtils.java:logGet(44)) - raft.server.snapshot.retention.file.num = 5 (custom)
2021-01-18 08:19:04,670 [pool-69-thread-1] INFO  server.RaftServerConfigKeys (ConfUtils.java:logGet(44)) - raft.server.log.purge.upto.snapshot.index = false (default)
2021-01-18 08:19:04,671 [pool-53-thread-1] INFO  util.JmxRegister (JmxRegister.java:tryRegister(44)) - Successfully registered JMX Bean with object name Ratis:service=RaftServer,group=group-2F60DBE96792,id=43ca6a2e-d75a-477a-aef7-5c8b743b695f
2021-01-18 08:19:04,671 [pool-69-thread-1] INFO  server.RaftServerConfigKeys (ConfUtils.java:logGet(44)) - raft.server.retrycache.expirytime = 600000ms (custom)
2021-01-18 08:19:04,671 [pool-69-thread-1] INFO  server.RaftServerConfigKeys (ConfUtils.java:logGet(44)) - raft.server.retrycache.statistics.expirytime = 100?s (default)
2021-01-18 08:19:04,671 [pool-69-thread-1] INFO  metrics.RatisMetrics (RatisMetrics.java:lambda$create$0(36)) - Creating Metrics Registry : ratis.leader_election.6257d45d-8325-4cae-8440-8c66e4fe0859@group-AAFFB9850E40
2021-01-18 08:19:04,671 [pool-69-thread-1] INFO  metrics.RatisMetrics (RatisMetrics.java:lambda$create$0(36)) - Creating Metrics Registry : ratis.server.6257d45d-8325-4cae-8440-8c66e4fe0859@group-AAFFB9850E40
2021-01-18 08:19:04,671 [pool-53-thread-1] INFO  metrics.RatisMetrics (RatisMetrics.java:lambda$create$0(36)) - Creating Metrics Registry : ratis.state_machine.43ca6a2e-d75a-477a-aef7-5c8b743b695f@group-2F60DBE96792
2021-01-18 08:19:04,674 [EventQueue-OpenPipelineForHealthyPipelineSafeModeRule] INFO  safemode.SCMSafeModeManager (HealthyPipelineSafeModeRule.java:process(128)) - SCM in safe mode. Healthy pipelines reported count is 0, required healthy pipeline reported count is 1
2021-01-18 08:19:04,674 [EventQueue-PipelineReportForOneReplicaPipelineSafeModeRule] INFO  safemode.SCMSafeModeManager (SCMSafeModeManager.java:validateSafeModeExitRules(214)) - AtleastOneDatanodeReportedRule rule is successfully validated
2021-01-18 08:19:04,679 [Command processor thread] INFO  metrics.RatisMetrics (RatisMetrics.java:lambda$create$0(36)) - Creating Metrics Registry : ratis.client_message_metrics.client-380DCA130CA8->6257d45d-8325-4cae-8440-8c66e4fe0859
2021-01-18 08:19:04,684 [EventQueue-PipelineReportForOneReplicaPipelineSafeModeRule] INFO  safemode.SCMSafeModeManager (SCMSafeModeManager.java:validateSafeModeExitRules(214)) - AtleastOneDatanodeReportedRule rule is successfully validated
2021-01-18 08:19:04,688 [EventQueue-PipelineReportForOneReplicaPipelineSafeModeRule] INFO  safemode.SCMSafeModeManager (SCMSafeModeManager.java:validateSafeModeExitRules(214)) - AtleastOneDatanodeReportedRule rule is successfully validated
2021-01-18 08:19:04,699 [EventQueue-PipelineReportForOneReplicaPipelineSafeModeRule] INFO  safemode.SCMSafeModeManager (SCMSafeModeManager.java:validateSafeModeExitRules(214)) - AtleastOneDatanodeReportedRule rule is successfully validated
2021-01-18 08:19:04,779 [pool-69-thread-1] INFO  server.RaftServer$Division (RaftServerImpl.java:<init>(179)) - 6257d45d-8325-4cae-8440-8c66e4fe0859: new RaftServerImpl for group-2F60DBE96792:[43ca6a2e-d75a-477a-aef7-5c8b743b695f|rpc:172.17.0.2:34735|dataStream:|priority:0, 696d8df7-edf8-435c-b3eb-e448589269ce|rpc:172.17.0.2:44671|dataStream:|priority:0, 6257d45d-8325-4cae-8440-8c66e4fe0859|rpc:172.17.0.2:41085|dataStream:|priority:1] with ContainerStateMachine:uninitialized
2021-01-18 08:19:04,779 [pool-69-thread-1] INFO  server.RaftServerConfigKeys (ConfUtils.java:logGet(44)) - raft.server.rpc.timeout.min = 5s (custom)
2021-01-18 08:19:04,779 [pool-69-thread-1] INFO  server.RaftServerConfigKeys (ConfUtils.java:logGet(44)) - raft.server.rpc.timeout.max = 5200ms (custom)
2021-01-18 08:19:04,780 [pool-69-thread-1] INFO  server.RaftServerConfigKeys (ConfUtils.java:logGet(44)) - raft.server.rpc.sleep.time = 25ms (default)
2021-01-18 08:19:04,780 [pool-69-thread-1] INFO  server.RaftServerConfigKeys (ConfUtils.java:logGet(44)) - raft.server.rpc.slowness.timeout = 300000ms (custom)
2021-01-18 08:19:04,780 [pool-69-thread-1] INFO  server.RaftServerConfigKeys (ConfUtils.java:logGet(44)) - raft.server.leaderelection.leader.step-down.wait-time = 10s (default)
2021-01-18 08:19:04,780 [pool-69-thread-1] INFO  server.RaftServerConfigKeys (ConfUtils.java:logGet(44)) - raft.server.sleep.deviation.threshold = 300ms (default)
2021-01-18 08:19:04,780 [pool-69-thread-1] INFO  server.RaftServerConfigKeys (ConfUtils.java:logGet(44)) - raft.server.log.appender.install.snapshot.enabled = false (custom)
2021-01-18 08:19:04,780 [pool-69-thread-1] INFO  server.RaftServer$Division (ServerState.java:<init>(103)) - 6257d45d-8325-4cae-8440-8c66e4fe0859@group-2F60DBE96792: ConfigurationManager, init=-1: [43ca6a2e-d75a-477a-aef7-5c8b743b695f|rpc:172.17.0.2:34735|dataStream:|priority:0, 696d8df7-edf8-435c-b3eb-e448589269ce|rpc:172.17.0.2:44671|dataStream:|priority:0, 6257d45d-8325-4cae-8440-8c66e4fe0859|rpc:172.17.0.2:41085|dataStream:|priority:1], old=null, confs=<EMPTY_MAP>
2021-01-18 08:19:04,780 [pool-69-thread-1] INFO  server.RaftServerConfigKeys (ConfUtils.java:logGet(44)) - raft.server.storage.dir = [/github/workspace/mnt/ozone/hadoop-ozone/integration-test/target/test-dir/MiniOzoneClusterImpl-bdf065e3-4bf0-4703-b3e1-6acc0ac12f97/datanode-2/data/ratis] (custom)
2021-01-18 08:19:04,780 [pool-69-thread-1] INFO  server.RaftServerConfigKeys (ConfUtils.java:logGet(44)) - raft.server.log.corruption.policy = EXCEPTION (default)
2021-01-18 08:19:04,780 [pool-69-thread-1] INFO  storage.RaftStorageDirectory (RaftStorageDirectoryImpl.java:analyzeStorage(132)) - The storage directory /github/workspace/mnt/ozone/hadoop-ozone/integration-test/target/test-dir/MiniOzoneClusterImpl-bdf065e3-4bf0-4703-b3e1-6acc0ac12f97/datanode-2/data/ratis/977a9c08-f91f-4a57-b8e1-2f60dbe96792 does not exist. Creating ...
2021-01-18 08:19:04,787 [pool-69-thread-1] INFO  storage.RaftStorageDirectory (RaftStorageDirectoryImpl.java:tryLock(215)) - Lock on /github/workspace/mnt/ozone/hadoop-ozone/integration-test/target/test-dir/MiniOzoneClusterImpl-bdf065e3-4bf0-4703-b3e1-6acc0ac12f97/datanode-2/data/ratis/977a9c08-f91f-4a57-b8e1-2f60dbe96792/in_use.lock acquired by nodename 32076@dc3504268712
2021-01-18 08:19:04,788 [pool-69-thread-1] INFO  storage.RaftStorage (RaftStorageImpl.java:format(87)) - Storage directory /github/workspace/mnt/ozone/hadoop-ozone/integration-test/target/test-dir/MiniOzoneClusterImpl-bdf065e3-4bf0-4703-b3e1-6acc0ac12f97/datanode-2/data/ratis/977a9c08-f91f-4a57-b8e1-2f60dbe96792 has been successfully formatted.
2021-01-18 08:19:04,788 [pool-69-thread-1] INFO  ratis.ContainerStateMachine (ContainerStateMachine.java:loadSnapshot(223)) - group-2F60DBE96792: The snapshot info is null. Setting the last applied indexto:(t:0, i:~)
2021-01-18 08:19:04,788 [pool-69-thread-1] ERROR storage.RaftStorage (RaftStorageImpl.java:readRaftConfiguration(147)) - Failed reading configuration from file:/github/workspace/mnt/ozone/hadoop-ozone/integration-test/target/test-dir/MiniOzoneClusterImpl-bdf065e3-4bf0-4703-b3e1-6acc0ac12f97/datanode-2/data/ratis/977a9c08-f91f-4a57-b8e1-2f60dbe96792/current/raft-meta.conf
java.io.FileNotFoundException: /github/workspace/mnt/ozone/hadoop-ozone/integration-test/target/test-dir/MiniOzoneClusterImpl-bdf065e3-4bf0-4703-b3e1-6acc0ac12f97/datanode-2/data/ratis/977a9c08-f91f-4a57-b8e1-2f60dbe96792/current/raft-meta.conf (No such file or directory)
	at java.io.FileInputStream.open0(Native Method)
	at java.io.FileInputStream.open(FileInputStream.java:195)
	at java.io.FileInputStream.<init>(FileInputStream.java:138)
	at org.apache.ratis.server.storage.RaftStorageImpl.readRaftConfiguration(RaftStorageImpl.java:143)
	at org.apache.ratis.server.impl.ServerState.<init>(ServerState.java:113)
	at org.apache.ratis.server.impl.RaftServerImpl.<init>(RaftServerImpl.java:192)
	at org.apache.ratis.server.impl.RaftServerProxy.lambda$newRaftServerImpl$4(RaftServerProxy.java:266)
	at java.util.concurrent.CompletableFuture$AsyncSupply.run(CompletableFuture.java:1604)
	at java.util.concurrent.ThreadPoolExecutor.runWorker(ThreadPoolExecutor.java:1149)
	at java.util.concurrent.ThreadPoolExecutor$Worker.run(ThreadPoolExecutor.java:624)
	at java.lang.Thread.run(Thread.java:748)
2021-01-18 08:19:04,788 [pool-69-thread-1] INFO  server.RaftServerConfigKeys (ConfUtils.java:logGet(44)) - raft.server.notification.no-leader.timeout = 300000ms (custom)
2021-01-18 08:19:04,789 [pool-69-thread-1] INFO  server.RaftServerConfigKeys (ConfUtils.java:logGet(44)) - raft.server.log.use.memory = false (default)
2021-01-18 08:19:04,789 [pool-69-thread-1] INFO  server.RaftServerConfigKeys (ConfUtils.java:logGet(44)) - raft.server.log.purge.gap = 1000000 (custom)
2021-01-18 08:19:04,789 [pool-69-thread-1] INFO  server.RaftServerConfigKeys (ConfUtils.java:logGet(44)) - raft.server.log.appender.buffer.byte-limit = 33554432 (custom)
2021-01-18 08:19:04,789 [pool-69-thread-1] INFO  metrics.RatisMetrics (RatisMetrics.java:lambda$create$0(36)) - Creating Metrics Registry : ratis.log_worker.6257d45d-8325-4cae-8440-8c66e4fe0859@group-2F60DBE96792
2021-01-18 08:19:04,789 [EventQueue-OpenPipelineForHealthyPipelineSafeModeRule] INFO  safemode.SCMSafeModeManager (HealthyPipelineSafeModeRule.java:process(128)) - SCM in safe mode. Healthy pipelines reported count is 0, required healthy pipeline reported count is 1
2021-01-18 08:19:04,789 [EventQueue-PipelineReportForOneReplicaPipelineSafeModeRule] INFO  safemode.SCMSafeModeManager (SCMSafeModeManager.java:validateSafeModeExitRules(214)) - AtleastOneDatanodeReportedRule rule is successfully validated
2021-01-18 08:19:04,790 [pool-69-thread-1] INFO  server.RaftServerConfigKeys (ConfUtils.java:logGet(44)) - raft.server.log.segment.size.max = 1048576 (custom)
2021-01-18 08:19:04,790 [pool-69-thread-1] INFO  server.RaftServerConfigKeys (ConfUtils.java:logGet(44)) - raft.server.log.segment.cache.num.max = 2 (custom)
2021-01-18 08:19:04,790 [pool-69-thread-1] INFO  server.RaftServerConfigKeys (ConfUtils.java:logGet(44)) - raft.server.log.segment.cache.size.max = 200MB (=209715200) (default)
2021-01-18 08:19:04,790 [pool-69-thread-1] INFO  segmented.SegmentedRaftLogWorker (SegmentedRaftLogWorker.java:<init>(181)) - new 6257d45d-8325-4cae-8440-8c66e4fe0859@group-2F60DBE96792-SegmentedRaftLogWorker for RaftStorageImpl:Storage Directory /github/workspace/mnt/ozone/hadoop-ozone/integration-test/target/test-dir/MiniOzoneClusterImpl-bdf065e3-4bf0-4703-b3e1-6acc0ac12f97/datanode-2/data/ratis/977a9c08-f91f-4a57-b8e1-2f60dbe96792
2021-01-18 08:19:04,790 [pool-69-thread-1] INFO  server.RaftServerConfigKeys (ConfUtils.java:logGet(44)) - raft.server.log.queue.byte-limit = 2147483647 (custom)
2021-01-18 08:19:04,790 [pool-69-thread-1] INFO  server.RaftServerConfigKeys (ConfUtils.java:logGet(44)) - raft.server.log.queue.element-limit = 1024 (custom)
2021-01-18 08:19:04,791 [pool-69-thread-1] INFO  server.RaftServerConfigKeys (ConfUtils.java:logGet(44)) - raft.server.log.segment.size.max = 1048576 (custom)
2021-01-18 08:19:04,791 [pool-69-thread-1] INFO  server.RaftServerConfigKeys (ConfUtils.java:logGet(44)) - raft.server.log.preallocated.size = 16384 (custom)
2021-01-18 08:19:04,791 [pool-69-thread-1] INFO  server.RaftServerConfigKeys (ConfUtils.java:logGet(44)) - raft.server.log.force.sync.num = 128 (default)
2021-01-18 08:19:04,791 [pool-69-thread-1] INFO  server.RaftServerConfigKeys (ConfUtils.java:logGet(44)) - raft.server.log.statemachine.data.sync = true (default)
2021-01-18 08:19:04,791 [pool-69-thread-1] INFO  server.RaftServerConfigKeys (ConfUtils.java:logGet(44)) - raft.server.log.statemachine.data.sync.timeout = 10s (default)
2021-01-18 08:19:04,791 [pool-69-thread-1] INFO  server.RaftServerConfigKeys (ConfUtils.java:logGet(44)) - raft.server.log.statemachine.data.sync.timeout.retry = -1 (default)
2021-01-18 08:19:04,792 [pool-69-thread-1] INFO  server.RaftServerConfigKeys (ConfUtils.java:logGet(44)) - raft.server.log.write.buffer.size = 1048576 (custom)
2021-01-18 08:19:04,793 [pool-69-thread-1] INFO  server.RaftServerConfigKeys (ConfUtils.java:logGet(44)) - raft.server.log.statemachine.data.caching.enabled = true (custom)
2021-01-18 08:19:04,795 [pool-69-thread-1] INFO  segmented.SegmentedRaftLogWorker (SegmentedRaftLogWorker.java:lambda$new$0(132)) - 6257d45d-8325-4cae-8440-8c66e4fe0859@group-2F60DBE96792-SegmentedRaftLogWorker: flushIndex: setUnconditionally 0 -> -1
2021-01-18 08:19:04,795 [pool-69-thread-1] INFO  segmented.SegmentedRaftLogWorker (SegmentedRaftLogWorker.java:lambda$new$0(132)) - 6257d45d-8325-4cae-8440-8c66e4fe0859@group-2F60DBE96792-SegmentedRaftLogWorker: safeCacheEvictIndex: setUnconditionally 0 -> -1
2021-01-18 08:19:04,795 [Command processor thread] INFO  server.RaftServer (RaftServerProxy.java:addNew(95)) - cf5be2f4-6792-4067-a62c-82347c056bf8: addNew group-B975877FFE9F:[cf5be2f4-6792-4067-a62c-82347c056bf8|rpc:172.17.0.2:37857|priority:1] returns group-B975877FFE9F:java.util.concurrent.CompletableFuture@41dc690[Not completed]
2021-01-18 08:19:04,796 [Command processor thread] INFO  metrics.RatisMetrics (RatisMetrics.java:lambda$create$0(36)) - Creating Metrics Registry : ratis.client_message_metrics.client-F572C92CA7E9->696d8df7-edf8-435c-b3eb-e448589269ce
2021-01-18 08:19:04,797 [pool-86-thread-1] INFO  server.RaftServer$Division (RaftServerImpl.java:<init>(179)) - cf5be2f4-6792-4067-a62c-82347c056bf8: new RaftServerImpl for group-B975877FFE9F:[cf5be2f4-6792-4067-a62c-82347c056bf8|rpc:172.17.0.2:37857|priority:1] with ContainerStateMachine:uninitialized
2021-01-18 08:19:04,800 [pool-69-thread-1] INFO  server.RaftServerConfigKeys (ConfUtils.java:logGet(44)) - raft.server.snapshot.auto.trigger.enabled = true (custom)
2021-01-18 08:19:04,800 [pool-69-thread-1] INFO  server.RaftServerConfigKeys (ConfUtils.java:logGet(44)) - raft.server.snapshot.auto.trigger.threshold = 1 (custom)
2021-01-18 08:19:04,800 [pool-69-thread-1] INFO  server.RaftServerConfigKeys (ConfUtils.java:logGet(44)) - raft.server.snapshot.retention.file.num = 5 (custom)
2021-01-18 08:19:04,800 [pool-69-thread-1] INFO  server.RaftServerConfigKeys (ConfUtils.java:logGet(44)) - raft.server.log.purge.upto.snapshot.index = false (default)
2021-01-18 08:19:04,800 [pool-69-thread-1] INFO  server.RaftServerConfigKeys (ConfUtils.java:logGet(44)) - raft.server.retrycache.expirytime = 600000ms (custom)
2021-01-18 08:19:04,800 [pool-69-thread-1] INFO  server.RaftServerConfigKeys (ConfUtils.java:logGet(44)) - raft.server.retrycache.statistics.expirytime = 100?s (default)
2021-01-18 08:19:04,800 [pool-69-thread-1] INFO  metrics.RatisMetrics (RatisMetrics.java:lambda$create$0(36)) - Creating Metrics Registry : ratis.leader_election.6257d45d-8325-4cae-8440-8c66e4fe0859@group-2F60DBE96792
2021-01-18 08:19:04,800 [pool-69-thread-1] INFO  metrics.RatisMetrics (RatisMetrics.java:lambda$create$0(36)) - Creating Metrics Registry : ratis.server.6257d45d-8325-4cae-8440-8c66e4fe0859@group-2F60DBE96792
2021-01-18 08:19:04,801 [pool-69-thread-1] INFO  server.RaftServer$Division (RaftServerImpl.java:start(294)) - 6257d45d-8325-4cae-8440-8c66e4fe0859@group-AAFFB9850E40: start as a follower, conf=-1: [6257d45d-8325-4cae-8440-8c66e4fe0859|rpc:172.17.0.2:41085|priority:1], old=null
2021-01-18 08:19:04,805 [pool-69-thread-1] INFO  server.RaftServer$Division (RaftServerImpl.java:setRole(283)) - 6257d45d-8325-4cae-8440-8c66e4fe0859@group-AAFFB9850E40: changes role from      null to FOLLOWER at term 0 for startAsFollower
2021-01-18 08:19:04,805 [pool-69-thread-1] INFO  impl.RoleInfo (RoleInfo.java:updateAndGet(130)) - 6257d45d-8325-4cae-8440-8c66e4fe0859: start 6257d45d-8325-4cae-8440-8c66e4fe0859@group-AAFFB9850E40-FollowerState
2021-01-18 08:19:04,802 [pool-86-thread-1] INFO  server.RaftServerConfigKeys (ConfUtils.java:logGet(44)) - raft.server.rpc.timeout.min = 5s (custom)
2021-01-18 08:19:04,805 [pool-86-thread-1] INFO  server.RaftServerConfigKeys (ConfUtils.java:logGet(44)) - raft.server.rpc.timeout.max = 5200ms (custom)
2021-01-18 08:19:04,805 [pool-86-thread-1] INFO  server.RaftServerConfigKeys (ConfUtils.java:logGet(44)) - raft.server.rpc.sleep.time = 25ms (default)
2021-01-18 08:19:04,805 [pool-86-thread-1] INFO  server.RaftServerConfigKeys (ConfUtils.java:logGet(44)) - raft.server.rpc.slowness.timeout = 300000ms (custom)
2021-01-18 08:19:04,805 [pool-86-thread-1] INFO  server.RaftServerConfigKeys (ConfUtils.java:logGet(44)) - raft.server.leaderelection.leader.step-down.wait-time = 10s (default)
2021-01-18 08:19:04,805 [pool-86-thread-1] INFO  server.RaftServerConfigKeys (ConfUtils.java:logGet(44)) - raft.server.sleep.deviation.threshold = 300ms (default)
2021-01-18 08:19:04,805 [pool-86-thread-1] INFO  server.RaftServerConfigKeys (ConfUtils.java:logGet(44)) - raft.server.log.appender.install.snapshot.enabled = false (custom)
2021-01-18 08:19:04,805 [pool-86-thread-1] INFO  server.RaftServer$Division (ServerState.java:<init>(103)) - cf5be2f4-6792-4067-a62c-82347c056bf8@group-B975877FFE9F: ConfigurationManager, init=-1: [cf5be2f4-6792-4067-a62c-82347c056bf8|rpc:172.17.0.2:37857|priority:1], old=null, confs=<EMPTY_MAP>
2021-01-18 08:19:04,806 [pool-86-thread-1] INFO  server.RaftServerConfigKeys (ConfUtils.java:logGet(44)) - raft.server.storage.dir = [/github/workspace/mnt/ozone/hadoop-ozone/integration-test/target/test-dir/MiniOzoneClusterImpl-bdf065e3-4bf0-4703-b3e1-6acc0ac12f97/datanode-3/data/ratis] (custom)
2021-01-18 08:19:04,806 [pool-86-thread-1] INFO  server.RaftServerConfigKeys (ConfUtils.java:logGet(44)) - raft.server.log.corruption.policy = EXCEPTION (default)
2021-01-18 08:19:04,806 [pool-86-thread-1] INFO  storage.RaftStorageDirectory (RaftStorageDirectoryImpl.java:analyzeStorage(132)) - The storage directory /github/workspace/mnt/ozone/hadoop-ozone/integration-test/target/test-dir/MiniOzoneClusterImpl-bdf065e3-4bf0-4703-b3e1-6acc0ac12f97/datanode-3/data/ratis/f2532320-d900-4f79-81ed-b975877ffe9f does not exist. Creating ...
2021-01-18 08:19:04,806 [pool-69-thread-1] INFO  util.JmxRegister (JmxRegister.java:tryRegister(44)) - Successfully registered JMX Bean with object name Ratis:service=RaftServer,group=group-AAFFB9850E40,id=6257d45d-8325-4cae-8440-8c66e4fe0859
2021-01-18 08:19:04,807 [pool-69-thread-1] INFO  metrics.RatisMetrics (RatisMetrics.java:lambda$create$0(36)) - Creating Metrics Registry : ratis.state_machine.6257d45d-8325-4cae-8440-8c66e4fe0859@group-AAFFB9850E40
2021-01-18 08:19:04,811 [grpc-default-executor-0] INFO  metrics.RatisMetrics (RatisMetrics.java:lambda$create$0(36)) - Creating Metrics Registry : ratis.server_message_metrics.696d8df7-edf8-435c-b3eb-e448589269ce
2021-01-18 08:19:04,812 [pool-86-thread-1] INFO  storage.RaftStorageDirectory (RaftStorageDirectoryImpl.java:tryLock(215)) - Lock on /github/workspace/mnt/ozone/hadoop-ozone/integration-test/target/test-dir/MiniOzoneClusterImpl-bdf065e3-4bf0-4703-b3e1-6acc0ac12f97/datanode-3/data/ratis/f2532320-d900-4f79-81ed-b975877ffe9f/in_use.lock acquired by nodename 32076@dc3504268712
2021-01-18 08:19:04,816 [pool-86-thread-1] INFO  storage.RaftStorage (RaftStorageImpl.java:format(87)) - Storage directory /github/workspace/mnt/ozone/hadoop-ozone/integration-test/target/test-dir/MiniOzoneClusterImpl-bdf065e3-4bf0-4703-b3e1-6acc0ac12f97/datanode-3/data/ratis/f2532320-d900-4f79-81ed-b975877ffe9f has been successfully formatted.
2021-01-18 08:19:04,820 [pool-69-thread-1] INFO  server.RaftServer$Division (RaftServerImpl.java:start(294)) - 6257d45d-8325-4cae-8440-8c66e4fe0859@group-2F60DBE96792: start as a follower, conf=-1: [43ca6a2e-d75a-477a-aef7-5c8b743b695f|rpc:172.17.0.2:34735|dataStream:|priority:0, 696d8df7-edf8-435c-b3eb-e448589269ce|rpc:172.17.0.2:44671|dataStream:|priority:0, 6257d45d-8325-4cae-8440-8c66e4fe0859|rpc:172.17.0.2:41085|dataStream:|priority:1], old=null
2021-01-18 08:19:04,820 [pool-69-thread-1] INFO  server.RaftServer$Division (RaftServerImpl.java:setRole(283)) - 6257d45d-8325-4cae-8440-8c66e4fe0859@group-2F60DBE96792: changes role from      null to FOLLOWER at term 0 for startAsFollower
2021-01-18 08:19:04,820 [pool-86-thread-1] INFO  ratis.ContainerStateMachine (ContainerStateMachine.java:loadSnapshot(223)) - group-B975877FFE9F: The snapshot info is null. Setting the last applied indexto:(t:0, i:~)
2021-01-18 08:19:04,820 [pool-86-thread-1] ERROR storage.RaftStorage (RaftStorageImpl.java:readRaftConfiguration(147)) - Failed reading configuration from file:/github/workspace/mnt/ozone/hadoop-ozone/integration-test/target/test-dir/MiniOzoneClusterImpl-bdf065e3-4bf0-4703-b3e1-6acc0ac12f97/datanode-3/data/ratis/f2532320-d900-4f79-81ed-b975877ffe9f/current/raft-meta.conf
java.io.FileNotFoundException: /github/workspace/mnt/ozone/hadoop-ozone/integration-test/target/test-dir/MiniOzoneClusterImpl-bdf065e3-4bf0-4703-b3e1-6acc0ac12f97/datanode-3/data/ratis/f2532320-d900-4f79-81ed-b975877ffe9f/current/raft-meta.conf (No such file or directory)
	at java.io.FileInputStream.open0(Native Method)
	at java.io.FileInputStream.open(FileInputStream.java:195)
	at java.io.FileInputStream.<init>(FileInputStream.java:138)
	at org.apache.ratis.server.storage.RaftStorageImpl.readRaftConfiguration(RaftStorageImpl.java:143)
	at org.apache.ratis.server.impl.ServerState.<init>(ServerState.java:113)
	at org.apache.ratis.server.impl.RaftServerImpl.<init>(RaftServerImpl.java:192)
	at org.apache.ratis.server.impl.RaftServerProxy.lambda$newRaftServerImpl$4(RaftServerProxy.java:266)
	at java.util.concurrent.CompletableFuture$AsyncSupply.run(CompletableFuture.java:1604)
	at java.util.concurrent.ThreadPoolExecutor.runWorker(ThreadPoolExecutor.java:1149)
	at java.util.concurrent.ThreadPoolExecutor$Worker.run(ThreadPoolExecutor.java:624)
	at java.lang.Thread.run(Thread.java:748)
2021-01-18 08:19:04,821 [pool-86-thread-1] INFO  server.RaftServerConfigKeys (ConfUtils.java:logGet(44)) - raft.server.notification.no-leader.timeout = 300000ms (custom)
2021-01-18 08:19:04,821 [pool-86-thread-1] INFO  server.RaftServerConfigKeys (ConfUtils.java:logGet(44)) - raft.server.log.use.memory = false (default)
2021-01-18 08:19:04,821 [pool-86-thread-1] INFO  server.RaftServerConfigKeys (ConfUtils.java:logGet(44)) - raft.server.log.purge.gap = 1000000 (custom)
2021-01-18 08:19:04,821 [pool-86-thread-1] INFO  server.RaftServerConfigKeys (ConfUtils.java:logGet(44)) - raft.server.log.appender.buffer.byte-limit = 33554432 (custom)
2021-01-18 08:19:04,821 [pool-86-thread-1] INFO  metrics.RatisMetrics (RatisMetrics.java:lambda$create$0(36)) - Creating Metrics Registry : ratis.log_worker.cf5be2f4-6792-4067-a62c-82347c056bf8@group-B975877FFE9F
2021-01-18 08:19:04,821 [pool-86-thread-1] INFO  server.RaftServerConfigKeys (ConfUtils.java:logGet(44)) - raft.server.log.segment.size.max = 1048576 (custom)
2021-01-18 08:19:04,822 [pool-86-thread-1] INFO  server.RaftServerConfigKeys (ConfUtils.java:logGet(44)) - raft.server.log.segment.cache.num.max = 2 (custom)
2021-01-18 08:19:04,822 [pool-86-thread-1] INFO  server.RaftServerConfigKeys (ConfUtils.java:logGet(44)) - raft.server.log.segment.cache.size.max = 200MB (=209715200) (default)
2021-01-18 08:19:04,822 [pool-86-thread-1] INFO  segmented.SegmentedRaftLogWorker (SegmentedRaftLogWorker.java:<init>(181)) - new cf5be2f4-6792-4067-a62c-82347c056bf8@group-B975877FFE9F-SegmentedRaftLogWorker for RaftStorageImpl:Storage Directory /github/workspace/mnt/ozone/hadoop-ozone/integration-test/target/test-dir/MiniOzoneClusterImpl-bdf065e3-4bf0-4703-b3e1-6acc0ac12f97/datanode-3/data/ratis/f2532320-d900-4f79-81ed-b975877ffe9f
2021-01-18 08:19:04,822 [pool-86-thread-1] INFO  server.RaftServerConfigKeys (ConfUtils.java:logGet(44)) - raft.server.log.queue.byte-limit = 2147483647 (custom)
2021-01-18 08:19:04,822 [pool-86-thread-1] INFO  server.RaftServerConfigKeys (ConfUtils.java:logGet(44)) - raft.server.log.queue.element-limit = 1024 (custom)
2021-01-18 08:19:04,822 [pool-86-thread-1] INFO  server.RaftServerConfigKeys (ConfUtils.java:logGet(44)) - raft.server.log.segment.size.max = 1048576 (custom)
2021-01-18 08:19:04,822 [pool-86-thread-1] INFO  server.RaftServerConfigKeys (ConfUtils.java:logGet(44)) - raft.server.log.preallocated.size = 16384 (custom)
2021-01-18 08:19:04,822 [pool-86-thread-1] INFO  server.RaftServerConfigKeys (ConfUtils.java:logGet(44)) - raft.server.log.force.sync.num = 128 (default)
2021-01-18 08:19:04,822 [pool-86-thread-1] INFO  server.RaftServerConfigKeys (ConfUtils.java:logGet(44)) - raft.server.log.statemachine.data.sync = true (default)
2021-01-18 08:19:04,822 [pool-86-thread-1] INFO  server.RaftServerConfigKeys (ConfUtils.java:logGet(44)) - raft.server.log.statemachine.data.sync.timeout = 10s (default)
2021-01-18 08:19:04,822 [pool-86-thread-1] INFO  server.RaftServerConfigKeys (ConfUtils.java:logGet(44)) - raft.server.log.statemachine.data.sync.timeout.retry = -1 (default)
2021-01-18 08:19:04,823 [pool-86-thread-1] INFO  server.RaftServerConfigKeys (ConfUtils.java:logGet(44)) - raft.server.log.write.buffer.size = 1048576 (custom)
2021-01-18 08:19:04,824 [Command processor thread] INFO  commandhandler.CreatePipelineCommandHandler (CreatePipelineCommandHandler.java:handle(106)) - Created Pipeline RATIS ONE PipelineID=cf2843ce-bd2c-4a2d-8b79-aaffb9850e40.
2021-01-18 08:19:04,824 [Command processor thread] INFO  server.RaftServer (RaftServerProxy.java:addNew(95)) - 6257d45d-8325-4cae-8440-8c66e4fe0859: addNew group-EF68238C99B2:[43ca6a2e-d75a-477a-aef7-5c8b743b695f|rpc:172.17.0.2:34735|priority:0, 696d8df7-edf8-435c-b3eb-e448589269ce|rpc:172.17.0.2:44671|priority:1, 6257d45d-8325-4cae-8440-8c66e4fe0859|rpc:172.17.0.2:41085|priority:0] returns group-EF68238C99B2:java.util.concurrent.CompletableFuture@5e171692[Not completed]
2021-01-18 08:19:04,825 [pool-86-thread-1] INFO  server.RaftServerConfigKeys (ConfUtils.java:logGet(44)) - raft.server.log.statemachine.data.caching.enabled = true (custom)
2021-01-18 08:19:04,825 [pool-86-thread-1] INFO  segmented.SegmentedRaftLogWorker (SegmentedRaftLogWorker.java:lambda$new$0(132)) - cf5be2f4-6792-4067-a62c-82347c056bf8@group-B975877FFE9F-SegmentedRaftLogWorker: flushIndex: setUnconditionally 0 -> -1
2021-01-18 08:19:04,825 [pool-86-thread-1] INFO  segmented.SegmentedRaftLogWorker (SegmentedRaftLogWorker.java:lambda$new$0(132)) - cf5be2f4-6792-4067-a62c-82347c056bf8@group-B975877FFE9F-SegmentedRaftLogWorker: safeCacheEvictIndex: setUnconditionally 0 -> -1
2021-01-18 08:19:04,828 [EventQueue-PipelineReportForOneReplicaPipelineSafeModeRule] INFO  safemode.SCMSafeModeManager (SCMSafeModeManager.java:validateSafeModeExitRules(214)) - AtleastOneDatanodeReportedRule rule is successfully validated
2021-01-18 08:19:04,828 [EventQueue-PipelineReportForPipelineReportHandler] INFO  pipeline.PipelineStateManager (PipelineStateManager.java:openPipeline(132)) - Pipeline Pipeline[ Id: f2532320-d900-4f79-81ed-b975877ffe9f, Nodes: cf5be2f4-6792-4067-a62c-82347c056bf8{ip: 172.17.0.2, host: dc3504268712, networkLocation: /default-rack, certSerialId: null, persistedOpState: IN_SERVICE, persistedOpStateExpiryEpochSec: 0}, Type:RATIS, Factor:ONE, State:ALLOCATED, leaderId:cf5be2f4-6792-4067-a62c-82347c056bf8, CreationTimestamp2021-01-18T08:19:01.798Z] moved to OPEN state
2021-01-18 08:19:04,829 [EventQueue-OpenPipelineForHealthyPipelineSafeModeRule] INFO  safemode.SCMSafeModeManager (HealthyPipelineSafeModeRule.java:process(128)) - SCM in safe mode. Healthy pipelines reported count is 0, required healthy pipeline reported count is 1
2021-01-18 08:19:04,830 [pool-69-thread-1] INFO  impl.RoleInfo (RoleInfo.java:updateAndGet(130)) - 6257d45d-8325-4cae-8440-8c66e4fe0859: start 6257d45d-8325-4cae-8440-8c66e4fe0859@group-2F60DBE96792-FollowerState
2021-01-18 08:19:04,830 [pool-86-thread-1] INFO  server.RaftServerConfigKeys (ConfUtils.java:logGet(44)) - raft.server.snapshot.auto.trigger.enabled = true (custom)
2021-01-18 08:19:04,833 [pool-86-thread-1] INFO  server.RaftServerConfigKeys (ConfUtils.java:logGet(44)) - raft.server.snapshot.auto.trigger.threshold = 1 (custom)
2021-01-18 08:19:04,833 [pool-86-thread-1] INFO  server.RaftServerConfigKeys (ConfUtils.java:logGet(44)) - raft.server.snapshot.retention.file.num = 5 (custom)
2021-01-18 08:19:04,833 [pool-86-thread-1] INFO  server.RaftServerConfigKeys (ConfUtils.java:logGet(44)) - raft.server.log.purge.upto.snapshot.index = false (default)
2021-01-18 08:19:04,833 [pool-86-thread-1] INFO  server.RaftServerConfigKeys (ConfUtils.java:logGet(44)) - raft.server.retrycache.expirytime = 600000ms (custom)
2021-01-18 08:19:04,833 [pool-86-thread-1] INFO  server.RaftServerConfigKeys (ConfUtils.java:logGet(44)) - raft.server.retrycache.statistics.expirytime = 100?s (default)
2021-01-18 08:19:04,833 [pool-86-thread-1] INFO  metrics.RatisMetrics (RatisMetrics.java:lambda$create$0(36)) - Creating Metrics Registry : ratis.leader_election.cf5be2f4-6792-4067-a62c-82347c056bf8@group-B975877FFE9F
2021-01-18 08:19:04,834 [pool-86-thread-1] INFO  metrics.RatisMetrics (RatisMetrics.java:lambda$create$0(36)) - Creating Metrics Registry : ratis.server.cf5be2f4-6792-4067-a62c-82347c056bf8@group-B975877FFE9F
2021-01-18 08:19:04,833 [pool-69-thread-1] INFO  util.JmxRegister (JmxRegister.java:tryRegister(44)) - Successfully registered JMX Bean with object name Ratis:service=RaftServer,group=group-2F60DBE96792,id=6257d45d-8325-4cae-8440-8c66e4fe0859
2021-01-18 08:19:04,834 [pool-69-thread-1] INFO  metrics.RatisMetrics (RatisMetrics.java:lambda$create$0(36)) - Creating Metrics Registry : ratis.state_machine.6257d45d-8325-4cae-8440-8c66e4fe0859@group-2F60DBE96792
2021-01-18 08:19:04,836 [EventQueue-OpenPipelineForHealthyPipelineSafeModeRule] INFO  safemode.SCMSafeModeManager (HealthyPipelineSafeModeRule.java:process(128)) - SCM in safe mode. Healthy pipelines reported count is 0, required healthy pipeline reported count is 1
2021-01-18 08:19:04,836 [EventQueue-PipelineReportForOneReplicaPipelineSafeModeRule] INFO  safemode.SCMSafeModeManager (SCMSafeModeManager.java:validateSafeModeExitRules(214)) - AtleastOneDatanodeReportedRule rule is successfully validated
2021-01-18 08:19:04,836 [pool-86-thread-1] INFO  server.RaftServer$Division (RaftServerImpl.java:start(294)) - cf5be2f4-6792-4067-a62c-82347c056bf8@group-B975877FFE9F: start as a follower, conf=-1: [cf5be2f4-6792-4067-a62c-82347c056bf8|rpc:172.17.0.2:37857|priority:1], old=null
2021-01-18 08:19:04,836 [pool-86-thread-1] INFO  server.RaftServer$Division (RaftServerImpl.java:setRole(283)) - cf5be2f4-6792-4067-a62c-82347c056bf8@group-B975877FFE9F: changes role from      null to FOLLOWER at term 0 for startAsFollower
2021-01-18 08:19:04,843 [pool-69-thread-1] INFO  server.RaftServer$Division (RaftServerImpl.java:<init>(179)) - 6257d45d-8325-4cae-8440-8c66e4fe0859: new RaftServerImpl for group-EF68238C99B2:[43ca6a2e-d75a-477a-aef7-5c8b743b695f|rpc:172.17.0.2:34735|priority:0, 696d8df7-edf8-435c-b3eb-e448589269ce|rpc:172.17.0.2:44671|priority:1, 6257d45d-8325-4cae-8440-8c66e4fe0859|rpc:172.17.0.2:41085|priority:0] with ContainerStateMachine:uninitialized
2021-01-18 08:19:04,843 [pool-69-thread-1] INFO  server.RaftServerConfigKeys (ConfUtils.java:logGet(44)) - raft.server.rpc.timeout.min = 5s (custom)
2021-01-18 08:19:04,843 [pool-69-thread-1] INFO  server.RaftServerConfigKeys (ConfUtils.java:logGet(44)) - raft.server.rpc.timeout.max = 5200ms (custom)
2021-01-18 08:19:04,843 [pool-69-thread-1] INFO  server.RaftServerConfigKeys (ConfUtils.java:logGet(44)) - raft.server.rpc.sleep.time = 25ms (default)
2021-01-18 08:19:04,843 [pool-69-thread-1] INFO  server.RaftServerConfigKeys (ConfUtils.java:logGet(44)) - raft.server.rpc.slowness.timeout = 300000ms (custom)
2021-01-18 08:19:04,843 [pool-69-thread-1] INFO  server.RaftServerConfigKeys (ConfUtils.java:logGet(44)) - raft.server.leaderelection.leader.step-down.wait-time = 10s (default)
2021-01-18 08:19:04,843 [pool-69-thread-1] INFO  server.RaftServerConfigKeys (ConfUtils.java:logGet(44)) - raft.server.sleep.deviation.threshold = 300ms (default)
2021-01-18 08:19:04,843 [pool-69-thread-1] INFO  server.RaftServerConfigKeys (ConfUtils.java:logGet(44)) - raft.server.log.appender.install.snapshot.enabled = false (custom)
2021-01-18 08:19:04,843 [pool-69-thread-1] INFO  server.RaftServer$Division (ServerState.java:<init>(103)) - 6257d45d-8325-4cae-8440-8c66e4fe0859@group-EF68238C99B2: ConfigurationManager, init=-1: [43ca6a2e-d75a-477a-aef7-5c8b743b695f|rpc:172.17.0.2:34735|priority:0, 696d8df7-edf8-435c-b3eb-e448589269ce|rpc:172.17.0.2:44671|priority:1, 6257d45d-8325-4cae-8440-8c66e4fe0859|rpc:172.17.0.2:41085|priority:0], old=null, confs=<EMPTY_MAP>
2021-01-18 08:19:04,843 [pool-69-thread-1] INFO  server.RaftServerConfigKeys (ConfUtils.java:logGet(44)) - raft.server.storage.dir = [/github/workspace/mnt/ozone/hadoop-ozone/integration-test/target/test-dir/MiniOzoneClusterImpl-bdf065e3-4bf0-4703-b3e1-6acc0ac12f97/datanode-2/data/ratis] (custom)
2021-01-18 08:19:04,843 [pool-69-thread-1] INFO  server.RaftServerConfigKeys (ConfUtils.java:logGet(44)) - raft.server.log.corruption.policy = EXCEPTION (default)
2021-01-18 08:19:04,844 [pool-86-thread-1] INFO  impl.RoleInfo (RoleInfo.java:updateAndGet(130)) - cf5be2f4-6792-4067-a62c-82347c056bf8: start cf5be2f4-6792-4067-a62c-82347c056bf8@group-B975877FFE9F-FollowerState
2021-01-18 08:19:04,845 [pool-69-thread-1] INFO  storage.RaftStorageDirectory (RaftStorageDirectoryImpl.java:analyzeStorage(132)) - The storage directory /github/workspace/mnt/ozone/hadoop-ozone/integration-test/target/test-dir/MiniOzoneClusterImpl-bdf065e3-4bf0-4703-b3e1-6acc0ac12f97/datanode-2/data/ratis/1fc61302-37d1-485a-86bd-ef68238c99b2 does not exist. Creating ...
2021-01-18 08:19:04,846 [pool-69-thread-1] INFO  storage.RaftStorageDirectory (RaftStorageDirectoryImpl.java:tryLock(215)) - Lock on /github/workspace/mnt/ozone/hadoop-ozone/integration-test/target/test-dir/MiniOzoneClusterImpl-bdf065e3-4bf0-4703-b3e1-6acc0ac12f97/datanode-2/data/ratis/1fc61302-37d1-485a-86bd-ef68238c99b2/in_use.lock acquired by nodename 32076@dc3504268712
2021-01-18 08:19:04,847 [pool-69-thread-1] INFO  storage.RaftStorage (RaftStorageImpl.java:format(87)) - Storage directory /github/workspace/mnt/ozone/hadoop-ozone/integration-test/target/test-dir/MiniOzoneClusterImpl-bdf065e3-4bf0-4703-b3e1-6acc0ac12f97/datanode-2/data/ratis/1fc61302-37d1-485a-86bd-ef68238c99b2 has been successfully formatted.
2021-01-18 08:19:04,853 [pool-86-thread-1] INFO  util.JmxRegister (JmxRegister.java:tryRegister(44)) - Successfully registered JMX Bean with object name Ratis:service=RaftServer,group=group-B975877FFE9F,id=cf5be2f4-6792-4067-a62c-82347c056bf8
2021-01-18 08:19:04,853 [pool-86-thread-1] INFO  metrics.RatisMetrics (RatisMetrics.java:lambda$create$0(36)) - Creating Metrics Registry : ratis.state_machine.cf5be2f4-6792-4067-a62c-82347c056bf8@group-B975877FFE9F
2021-01-18 08:19:04,857 [pool-69-thread-1] INFO  ratis.ContainerStateMachine (ContainerStateMachine.java:loadSnapshot(223)) - group-EF68238C99B2: The snapshot info is null. Setting the last applied indexto:(t:0, i:~)
2021-01-18 08:19:04,857 [pool-69-thread-1] ERROR storage.RaftStorage (RaftStorageImpl.java:readRaftConfiguration(147)) - Failed reading configuration from file:/github/workspace/mnt/ozone/hadoop-ozone/integration-test/target/test-dir/MiniOzoneClusterImpl-bdf065e3-4bf0-4703-b3e1-6acc0ac12f97/datanode-2/data/ratis/1fc61302-37d1-485a-86bd-ef68238c99b2/current/raft-meta.conf
java.io.FileNotFoundException: /github/workspace/mnt/ozone/hadoop-ozone/integration-test/target/test-dir/MiniOzoneClusterImpl-bdf065e3-4bf0-4703-b3e1-6acc0ac12f97/datanode-2/data/ratis/1fc61302-37d1-485a-86bd-ef68238c99b2/current/raft-meta.conf (No such file or directory)
	at java.io.FileInputStream.open0(Native Method)
	at java.io.FileInputStream.open(FileInputStream.java:195)
	at java.io.FileInputStream.<init>(FileInputStream.java:138)
	at org.apache.ratis.server.storage.RaftStorageImpl.readRaftConfiguration(RaftStorageImpl.java:143)
	at org.apache.ratis.server.impl.ServerState.<init>(ServerState.java:113)
	at org.apache.ratis.server.impl.RaftServerImpl.<init>(RaftServerImpl.java:192)
	at org.apache.ratis.server.impl.RaftServerProxy.lambda$newRaftServerImpl$4(RaftServerProxy.java:266)
	at java.util.concurrent.CompletableFuture$AsyncSupply.run(CompletableFuture.java:1604)
	at java.util.concurrent.ThreadPoolExecutor.runWorker(ThreadPoolExecutor.java:1149)
	at java.util.concurrent.ThreadPoolExecutor$Worker.run(ThreadPoolExecutor.java:624)
	at java.lang.Thread.run(Thread.java:748)
2021-01-18 08:19:04,857 [pool-69-thread-1] INFO  server.RaftServerConfigKeys (ConfUtils.java:logGet(44)) - raft.server.notification.no-leader.timeout = 300000ms (custom)
2021-01-18 08:19:04,857 [pool-69-thread-1] INFO  server.RaftServerConfigKeys (ConfUtils.java:logGet(44)) - raft.server.log.use.memory = false (default)
2021-01-18 08:19:04,857 [pool-69-thread-1] INFO  server.RaftServerConfigKeys (ConfUtils.java:logGet(44)) - raft.server.log.purge.gap = 1000000 (custom)
2021-01-18 08:19:04,857 [pool-69-thread-1] INFO  server.RaftServerConfigKeys (ConfUtils.java:logGet(44)) - raft.server.log.appender.buffer.byte-limit = 33554432 (custom)
2021-01-18 08:19:04,857 [pool-69-thread-1] INFO  metrics.RatisMetrics (RatisMetrics.java:lambda$create$0(36)) - Creating Metrics Registry : ratis.log_worker.6257d45d-8325-4cae-8440-8c66e4fe0859@group-EF68238C99B2
2021-01-18 08:19:04,857 [Command processor thread] INFO  commandhandler.CreatePipelineCommandHandler (CreatePipelineCommandHandler.java:handle(106)) - Created Pipeline RATIS ONE PipelineID=f2532320-d900-4f79-81ed-b975877ffe9f.
2021-01-18 08:19:04,860 [Command processor thread] INFO  server.RaftServer (RaftServerProxy.java:addNew(95)) - cf5be2f4-6792-4067-a62c-82347c056bf8: addNew group-064B80184E77:[dc393f10-cf1b-4856-93c0-8107f803be1a|rpc:172.17.0.2:44865|priority:0, bfdb13f1-88be-4fd0-b5f0-1bffb59ec9b7|rpc:172.17.0.2:40691|priority:1, cf5be2f4-6792-4067-a62c-82347c056bf8|rpc:172.17.0.2:37857|priority:0] returns group-064B80184E77:java.util.concurrent.CompletableFuture@2252cb[Not completed]
2021-01-18 08:19:04,858 [pool-69-thread-1] INFO  server.RaftServerConfigKeys (ConfUtils.java:logGet(44)) - raft.server.log.segment.size.max = 1048576 (custom)
2021-01-18 08:19:04,861 [pool-69-thread-1] INFO  server.RaftServerConfigKeys (ConfUtils.java:logGet(44)) - raft.server.log.segment.cache.num.max = 2 (custom)
2021-01-18 08:19:04,862 [pool-69-thread-1] INFO  server.RaftServerConfigKeys (ConfUtils.java:logGet(44)) - raft.server.log.segment.cache.size.max = 200MB (=209715200) (default)
2021-01-18 08:19:04,862 [pool-69-thread-1] INFO  segmented.SegmentedRaftLogWorker (SegmentedRaftLogWorker.java:<init>(181)) - new 6257d45d-8325-4cae-8440-8c66e4fe0859@group-EF68238C99B2-SegmentedRaftLogWorker for RaftStorageImpl:Storage Directory /github/workspace/mnt/ozone/hadoop-ozone/integration-test/target/test-dir/MiniOzoneClusterImpl-bdf065e3-4bf0-4703-b3e1-6acc0ac12f97/datanode-2/data/ratis/1fc61302-37d1-485a-86bd-ef68238c99b2
2021-01-18 08:19:04,862 [pool-69-thread-1] INFO  server.RaftServerConfigKeys (ConfUtils.java:logGet(44)) - raft.server.log.queue.byte-limit = 2147483647 (custom)
2021-01-18 08:19:04,862 [pool-69-thread-1] INFO  server.RaftServerConfigKeys (ConfUtils.java:logGet(44)) - raft.server.log.queue.element-limit = 1024 (custom)
2021-01-18 08:19:04,865 [pool-69-thread-1] INFO  server.RaftServerConfigKeys (ConfUtils.java:logGet(44)) - raft.server.log.segment.size.max = 1048576 (custom)
2021-01-18 08:19:04,865 [pool-69-thread-1] INFO  server.RaftServerConfigKeys (ConfUtils.java:logGet(44)) - raft.server.log.preallocated.size = 16384 (custom)
2021-01-18 08:19:04,865 [pool-69-thread-1] INFO  server.RaftServerConfigKeys (ConfUtils.java:logGet(44)) - raft.server.log.force.sync.num = 128 (default)
2021-01-18 08:19:04,865 [pool-69-thread-1] INFO  server.RaftServerConfigKeys (ConfUtils.java:logGet(44)) - raft.server.log.statemachine.data.sync = true (default)
2021-01-18 08:19:04,865 [pool-69-thread-1] INFO  server.RaftServerConfigKeys (ConfUtils.java:logGet(44)) - raft.server.log.statemachine.data.sync.timeout = 10s (default)
2021-01-18 08:19:04,865 [pool-69-thread-1] INFO  server.RaftServerConfigKeys (ConfUtils.java:logGet(44)) - raft.server.log.statemachine.data.sync.timeout.retry = -1 (default)
2021-01-18 08:19:04,865 [EventQueue-OpenPipelineForHealthyPipelineSafeModeRule] INFO  safemode.SCMSafeModeManager (HealthyPipelineSafeModeRule.java:process(128)) - SCM in safe mode. Healthy pipelines reported count is 0, required healthy pipeline reported count is 1
2021-01-18 08:19:04,866 [pool-69-thread-1] INFO  server.RaftServerConfigKeys (ConfUtils.java:logGet(44)) - raft.server.log.write.buffer.size = 1048576 (custom)
2021-01-18 08:19:04,867 [pool-69-thread-1] INFO  server.RaftServerConfigKeys (ConfUtils.java:logGet(44)) - raft.server.log.statemachine.data.caching.enabled = true (custom)
2021-01-18 08:19:04,867 [pool-69-thread-1] INFO  segmented.SegmentedRaftLogWorker (SegmentedRaftLogWorker.java:lambda$new$0(132)) - 6257d45d-8325-4cae-8440-8c66e4fe0859@group-EF68238C99B2-SegmentedRaftLogWorker: flushIndex: setUnconditionally 0 -> -1
2021-01-18 08:19:04,867 [pool-69-thread-1] INFO  segmented.SegmentedRaftLogWorker (SegmentedRaftLogWorker.java:lambda$new$0(132)) - 6257d45d-8325-4cae-8440-8c66e4fe0859@group-EF68238C99B2-SegmentedRaftLogWorker: safeCacheEvictIndex: setUnconditionally 0 -> -1
2021-01-18 08:19:04,867 [EventQueue-PipelineReportForOneReplicaPipelineSafeModeRule] INFO  safemode.SCMSafeModeManager (SCMSafeModeManager.java:validateSafeModeExitRules(214)) - AtleastOneDatanodeReportedRule rule is successfully validated
2021-01-18 08:19:04,868 [EventQueue-PipelineReportForOneReplicaPipelineSafeModeRule] INFO  safemode.SCMSafeModeManager (SCMSafeModeManager.java:validateSafeModeExitRules(214)) - AtleastOneDatanodeReportedRule rule is successfully validated
2021-01-18 08:19:04,869 [pool-86-thread-1] INFO  server.RaftServer$Division (RaftServerImpl.java:<init>(179)) - cf5be2f4-6792-4067-a62c-82347c056bf8: new RaftServerImpl for group-064B80184E77:[dc393f10-cf1b-4856-93c0-8107f803be1a|rpc:172.17.0.2:44865|priority:0, bfdb13f1-88be-4fd0-b5f0-1bffb59ec9b7|rpc:172.17.0.2:40691|priority:1, cf5be2f4-6792-4067-a62c-82347c056bf8|rpc:172.17.0.2:37857|priority:0] with ContainerStateMachine:uninitialized
2021-01-18 08:19:04,869 [pool-86-thread-1] INFO  server.RaftServerConfigKeys (ConfUtils.java:logGet(44)) - raft.server.rpc.timeout.min = 5s (custom)
2021-01-18 08:19:04,869 [pool-86-thread-1] INFO  server.RaftServerConfigKeys (ConfUtils.java:logGet(44)) - raft.server.rpc.timeout.max = 5200ms (custom)
2021-01-18 08:19:04,869 [pool-86-thread-1] INFO  server.RaftServerConfigKeys (ConfUtils.java:logGet(44)) - raft.server.rpc.sleep.time = 25ms (default)
2021-01-18 08:19:04,869 [pool-86-thread-1] INFO  server.RaftServerConfigKeys (ConfUtils.java:logGet(44)) - raft.server.rpc.slowness.timeout = 300000ms (custom)
2021-01-18 08:19:04,869 [pool-86-thread-1] INFO  server.RaftServerConfigKeys (ConfUtils.java:logGet(44)) - raft.server.leaderelection.leader.step-down.wait-time = 10s (default)
2021-01-18 08:19:04,869 [pool-86-thread-1] INFO  server.RaftServerConfigKeys (ConfUtils.java:logGet(44)) - raft.server.sleep.deviation.threshold = 300ms (default)
2021-01-18 08:19:04,869 [pool-86-thread-1] INFO  server.RaftServerConfigKeys (ConfUtils.java:logGet(44)) - raft.server.log.appender.install.snapshot.enabled = false (custom)
2021-01-18 08:19:04,869 [pool-86-thread-1] INFO  server.RaftServer$Division (ServerState.java:<init>(103)) - cf5be2f4-6792-4067-a62c-82347c056bf8@group-064B80184E77: ConfigurationManager, init=-1: [dc393f10-cf1b-4856-93c0-8107f803be1a|rpc:172.17.0.2:44865|priority:0, bfdb13f1-88be-4fd0-b5f0-1bffb59ec9b7|rpc:172.17.0.2:40691|priority:1, cf5be2f4-6792-4067-a62c-82347c056bf8|rpc:172.17.0.2:37857|priority:0], old=null, confs=<EMPTY_MAP>
2021-01-18 08:19:04,869 [pool-86-thread-1] INFO  server.RaftServerConfigKeys (ConfUtils.java:logGet(44)) - raft.server.storage.dir = [/github/workspace/mnt/ozone/hadoop-ozone/integration-test/target/test-dir/MiniOzoneClusterImpl-bdf065e3-4bf0-4703-b3e1-6acc0ac12f97/datanode-3/data/ratis] (custom)
2021-01-18 08:19:04,869 [pool-86-thread-1] INFO  server.RaftServerConfigKeys (ConfUtils.java:logGet(44)) - raft.server.log.corruption.policy = EXCEPTION (default)
2021-01-18 08:19:04,870 [pool-86-thread-1] INFO  storage.RaftStorageDirectory (RaftStorageDirectoryImpl.java:analyzeStorage(132)) - The storage directory /github/workspace/mnt/ozone/hadoop-ozone/integration-test/target/test-dir/MiniOzoneClusterImpl-bdf065e3-4bf0-4703-b3e1-6acc0ac12f97/datanode-3/data/ratis/3385d0de-4eda-4176-8cd6-064b80184e77 does not exist. Creating ...
2021-01-18 08:19:04,872 [pool-86-thread-1] INFO  storage.RaftStorageDirectory (RaftStorageDirectoryImpl.java:tryLock(215)) - Lock on /github/workspace/mnt/ozone/hadoop-ozone/integration-test/target/test-dir/MiniOzoneClusterImpl-bdf065e3-4bf0-4703-b3e1-6acc0ac12f97/datanode-3/data/ratis/3385d0de-4eda-4176-8cd6-064b80184e77/in_use.lock acquired by nodename 32076@dc3504268712
2021-01-18 08:19:04,874 [EventQueue-PipelineReportForOneReplicaPipelineSafeModeRule] INFO  safemode.SCMSafeModeManager (SCMSafeModeManager.java:validateSafeModeExitRules(214)) - AtleastOneDatanodeReportedRule rule is successfully validated
2021-01-18 08:19:04,874 [EventQueue-OpenPipelineForHealthyPipelineSafeModeRule] INFO  safemode.SCMSafeModeManager (HealthyPipelineSafeModeRule.java:process(128)) - SCM in safe mode. Healthy pipelines reported count is 0, required healthy pipeline reported count is 1
2021-01-18 08:19:04,875 [pool-69-thread-1] INFO  server.RaftServerConfigKeys (ConfUtils.java:logGet(44)) - raft.server.snapshot.auto.trigger.enabled = true (custom)
2021-01-18 08:19:04,875 [pool-69-thread-1] INFO  server.RaftServerConfigKeys (ConfUtils.java:logGet(44)) - raft.server.snapshot.auto.trigger.threshold = 1 (custom)
2021-01-18 08:19:04,875 [pool-69-thread-1] INFO  server.RaftServerConfigKeys (ConfUtils.java:logGet(44)) - raft.server.snapshot.retention.file.num = 5 (custom)
2021-01-18 08:19:04,875 [pool-69-thread-1] INFO  server.RaftServerConfigKeys (ConfUtils.java:logGet(44)) - raft.server.log.purge.upto.snapshot.index = false (default)
2021-01-18 08:19:04,875 [pool-69-thread-1] INFO  server.RaftServerConfigKeys (ConfUtils.java:logGet(44)) - raft.server.retrycache.expirytime = 600000ms (custom)
2021-01-18 08:19:04,875 [pool-69-thread-1] INFO  server.RaftServerConfigKeys (ConfUtils.java:logGet(44)) - raft.server.retrycache.statistics.expirytime = 100?s (default)
2021-01-18 08:19:04,875 [pool-69-thread-1] INFO  metrics.RatisMetrics (RatisMetrics.java:lambda$create$0(36)) - Creating Metrics Registry : ratis.leader_election.6257d45d-8325-4cae-8440-8c66e4fe0859@group-EF68238C99B2
2021-01-18 08:19:04,876 [pool-69-thread-1] INFO  metrics.RatisMetrics (RatisMetrics.java:lambda$create$0(36)) - Creating Metrics Registry : ratis.server.6257d45d-8325-4cae-8440-8c66e4fe0859@group-EF68238C99B2
2021-01-18 08:19:04,884 [Command processor thread] INFO  commandhandler.CreatePipelineCommandHandler (CreatePipelineCommandHandler.java:handle(106)) - Created Pipeline RATIS THREE PipelineID=977a9c08-f91f-4a57-b8e1-2f60dbe96792.
2021-01-18 08:19:04,887 [pool-69-thread-1] INFO  server.RaftServer$Division (RaftServerImpl.java:start(294)) - 6257d45d-8325-4cae-8440-8c66e4fe0859@group-EF68238C99B2: start as a follower, conf=-1: [43ca6a2e-d75a-477a-aef7-5c8b743b695f|rpc:172.17.0.2:34735|priority:0, 696d8df7-edf8-435c-b3eb-e448589269ce|rpc:172.17.0.2:44671|priority:1, 6257d45d-8325-4cae-8440-8c66e4fe0859|rpc:172.17.0.2:41085|priority:0], old=null
2021-01-18 08:19:04,887 [pool-69-thread-1] INFO  server.RaftServer$Division (RaftServerImpl.java:setRole(283)) - 6257d45d-8325-4cae-8440-8c66e4fe0859@group-EF68238C99B2: changes role from      null to FOLLOWER at term 0 for startAsFollower
2021-01-18 08:19:04,887 [pool-69-thread-1] INFO  impl.RoleInfo (RoleInfo.java:updateAndGet(130)) - 6257d45d-8325-4cae-8440-8c66e4fe0859: start 6257d45d-8325-4cae-8440-8c66e4fe0859@group-EF68238C99B2-FollowerState
2021-01-18 08:19:04,887 [pool-69-thread-1] INFO  util.JmxRegister (JmxRegister.java:tryRegister(44)) - Successfully registered JMX Bean with object name Ratis:service=RaftServer,group=group-EF68238C99B2,id=6257d45d-8325-4cae-8440-8c66e4fe0859
2021-01-18 08:19:04,887 [pool-69-thread-1] INFO  metrics.RatisMetrics (RatisMetrics.java:lambda$create$0(36)) - Creating Metrics Registry : ratis.state_machine.6257d45d-8325-4cae-8440-8c66e4fe0859@group-EF68238C99B2
2021-01-18 08:19:04,889 [Command processor thread] INFO  metrics.RatisMetrics (RatisMetrics.java:lambda$create$0(36)) - Creating Metrics Registry : ratis.client_message_metrics.client-1EEE1297CEDD->696d8df7-edf8-435c-b3eb-e448589269ce
2021-01-18 08:19:04,893 [Command processor thread] INFO  server.RaftServer (RaftServerProxy.java:addNew(95)) - 43ca6a2e-d75a-477a-aef7-5c8b743b695f: addNew group-EF68238C99B2:[43ca6a2e-d75a-477a-aef7-5c8b743b695f|rpc:172.17.0.2:34735|priority:0, 696d8df7-edf8-435c-b3eb-e448589269ce|rpc:172.17.0.2:44671|priority:1, 6257d45d-8325-4cae-8440-8c66e4fe0859|rpc:172.17.0.2:41085|priority:0] returns group-EF68238C99B2:java.util.concurrent.CompletableFuture@6a9555b9[Not completed]
2021-01-18 08:19:04,894 [pool-53-thread-1] INFO  server.RaftServer$Division (RaftServerImpl.java:<init>(179)) - 43ca6a2e-d75a-477a-aef7-5c8b743b695f: new RaftServerImpl for group-EF68238C99B2:[43ca6a2e-d75a-477a-aef7-5c8b743b695f|rpc:172.17.0.2:34735|priority:0, 696d8df7-edf8-435c-b3eb-e448589269ce|rpc:172.17.0.2:44671|priority:1, 6257d45d-8325-4cae-8440-8c66e4fe0859|rpc:172.17.0.2:41085|priority:0] with ContainerStateMachine:uninitialized
2021-01-18 08:19:04,894 [pool-53-thread-1] INFO  server.RaftServerConfigKeys (ConfUtils.java:logGet(44)) - raft.server.rpc.timeout.min = 5s (custom)
2021-01-18 08:19:04,894 [pool-53-thread-1] INFO  server.RaftServerConfigKeys (ConfUtils.java:logGet(44)) - raft.server.rpc.timeout.max = 5200ms (custom)
2021-01-18 08:19:04,895 [pool-53-thread-1] INFO  server.RaftServerConfigKeys (ConfUtils.java:logGet(44)) - raft.server.rpc.sleep.time = 25ms (default)
2021-01-18 08:19:04,895 [pool-53-thread-1] INFO  server.RaftServerConfigKeys (ConfUtils.java:logGet(44)) - raft.server.rpc.slowness.timeout = 300000ms (custom)
2021-01-18 08:19:04,895 [pool-53-thread-1] INFO  server.RaftServerConfigKeys (ConfUtils.java:logGet(44)) - raft.server.leaderelection.leader.step-down.wait-time = 10s (default)
2021-01-18 08:19:04,895 [pool-53-thread-1] INFO  server.RaftServerConfigKeys (ConfUtils.java:logGet(44)) - raft.server.sleep.deviation.threshold = 300ms (default)
2021-01-18 08:19:04,895 [pool-53-thread-1] INFO  server.RaftServerConfigKeys (ConfUtils.java:logGet(44)) - raft.server.log.appender.install.snapshot.enabled = false (custom)
2021-01-18 08:19:04,895 [pool-53-thread-1] INFO  server.RaftServer$Division (ServerState.java:<init>(103)) - 43ca6a2e-d75a-477a-aef7-5c8b743b695f@group-EF68238C99B2: ConfigurationManager, init=-1: [43ca6a2e-d75a-477a-aef7-5c8b743b695f|rpc:172.17.0.2:34735|priority:0, 696d8df7-edf8-435c-b3eb-e448589269ce|rpc:172.17.0.2:44671|priority:1, 6257d45d-8325-4cae-8440-8c66e4fe0859|rpc:172.17.0.2:41085|priority:0], old=null, confs=<EMPTY_MAP>
2021-01-18 08:19:04,895 [pool-53-thread-1] INFO  server.RaftServerConfigKeys (ConfUtils.java:logGet(44)) - raft.server.storage.dir = [/github/workspace/mnt/ozone/hadoop-ozone/integration-test/target/test-dir/MiniOzoneClusterImpl-bdf065e3-4bf0-4703-b3e1-6acc0ac12f97/datanode-1/data/ratis] (custom)
2021-01-18 08:19:04,895 [pool-53-thread-1] INFO  server.RaftServerConfigKeys (ConfUtils.java:logGet(44)) - raft.server.log.corruption.policy = EXCEPTION (default)
2021-01-18 08:19:04,895 [pool-53-thread-1] INFO  storage.RaftStorageDirectory (RaftStorageDirectoryImpl.java:analyzeStorage(132)) - The storage directory /github/workspace/mnt/ozone/hadoop-ozone/integration-test/target/test-dir/MiniOzoneClusterImpl-bdf065e3-4bf0-4703-b3e1-6acc0ac12f97/datanode-1/data/ratis/1fc61302-37d1-485a-86bd-ef68238c99b2 does not exist. Creating ...
2021-01-18 08:19:04,898 [EventQueue-PipelineReportForOneReplicaPipelineSafeModeRule] INFO  safemode.SCMSafeModeManager (SCMSafeModeManager.java:validateSafeModeExitRules(214)) - AtleastOneDatanodeReportedRule rule is successfully validated
2021-01-18 08:19:04,898 [EventQueue-PipelineReportForOneReplicaPipelineSafeModeRule] INFO  safemode.SCMSafeModeManager (SCMSafeModeManager.java:validateSafeModeExitRules(214)) - AtleastOneDatanodeReportedRule rule is successfully validated
2021-01-18 08:19:04,898 [EventQueue-PipelineReportForOneReplicaPipelineSafeModeRule] INFO  safemode.SCMSafeModeManager (SCMSafeModeManager.java:validateSafeModeExitRules(214)) - AtleastOneDatanodeReportedRule rule is successfully validated
2021-01-18 08:19:04,899 [EventQueue-PipelineReportForOneReplicaPipelineSafeModeRule] INFO  safemode.SCMSafeModeManager (SCMSafeModeManager.java:validateSafeModeExitRules(214)) - AtleastOneDatanodeReportedRule rule is successfully validated
2021-01-18 08:19:04,907 [pool-86-thread-1] INFO  storage.RaftStorage (RaftStorageImpl.java:format(87)) - Storage directory /github/workspace/mnt/ozone/hadoop-ozone/integration-test/target/test-dir/MiniOzoneClusterImpl-bdf065e3-4bf0-4703-b3e1-6acc0ac12f97/datanode-3/data/ratis/3385d0de-4eda-4176-8cd6-064b80184e77 has been successfully formatted.
2021-01-18 08:19:04,908 [pool-86-thread-1] INFO  ratis.ContainerStateMachine (ContainerStateMachine.java:loadSnapshot(223)) - group-064B80184E77: The snapshot info is null. Setting the last applied indexto:(t:0, i:~)
2021-01-18 08:19:04,909 [pool-86-thread-1] ERROR storage.RaftStorage (RaftStorageImpl.java:readRaftConfiguration(147)) - Failed reading configuration from file:/github/workspace/mnt/ozone/hadoop-ozone/integration-test/target/test-dir/MiniOzoneClusterImpl-bdf065e3-4bf0-4703-b3e1-6acc0ac12f97/datanode-3/data/ratis/3385d0de-4eda-4176-8cd6-064b80184e77/current/raft-meta.conf
java.io.FileNotFoundException: /github/workspace/mnt/ozone/hadoop-ozone/integration-test/target/test-dir/MiniOzoneClusterImpl-bdf065e3-4bf0-4703-b3e1-6acc0ac12f97/datanode-3/data/ratis/3385d0de-4eda-4176-8cd6-064b80184e77/current/raft-meta.conf (No such file or directory)
	at java.io.FileInputStream.open0(Native Method)
	at java.io.FileInputStream.open(FileInputStream.java:195)
	at java.io.FileInputStream.<init>(FileInputStream.java:138)
	at org.apache.ratis.server.storage.RaftStorageImpl.readRaftConfiguration(RaftStorageImpl.java:143)
	at org.apache.ratis.server.impl.ServerState.<init>(ServerState.java:113)
	at org.apache.ratis.server.impl.RaftServerImpl.<init>(RaftServerImpl.java:192)
	at org.apache.ratis.server.impl.RaftServerProxy.lambda$newRaftServerImpl$4(RaftServerProxy.java:266)
	at java.util.concurrent.CompletableFuture$AsyncSupply.run(CompletableFuture.java:1604)
	at java.util.concurrent.ThreadPoolExecutor.runWorker(ThreadPoolExecutor.java:1149)
	at java.util.concurrent.ThreadPoolExecutor$Worker.run(ThreadPoolExecutor.java:624)
	at java.lang.Thread.run(Thread.java:748)
2021-01-18 08:19:04,909 [pool-86-thread-1] INFO  server.RaftServerConfigKeys (ConfUtils.java:logGet(44)) - raft.server.notification.no-leader.timeout = 300000ms (custom)
2021-01-18 08:19:04,909 [pool-86-thread-1] INFO  server.RaftServerConfigKeys (ConfUtils.java:logGet(44)) - raft.server.log.use.memory = false (default)
2021-01-18 08:19:04,909 [pool-86-thread-1] INFO  server.RaftServerConfigKeys (ConfUtils.java:logGet(44)) - raft.server.log.purge.gap = 1000000 (custom)
2021-01-18 08:19:04,909 [pool-86-thread-1] INFO  server.RaftServerConfigKeys (ConfUtils.java:logGet(44)) - raft.server.log.appender.buffer.byte-limit = 33554432 (custom)
2021-01-18 08:19:04,909 [pool-86-thread-1] INFO  metrics.RatisMetrics (RatisMetrics.java:lambda$create$0(36)) - Creating Metrics Registry : ratis.log_worker.cf5be2f4-6792-4067-a62c-82347c056bf8@group-064B80184E77
2021-01-18 08:19:04,909 [EventQueue-PipelineReportForOneReplicaPipelineSafeModeRule] INFO  safemode.SCMSafeModeManager (SCMSafeModeManager.java:validateSafeModeExitRules(214)) - AtleastOneDatanodeReportedRule rule is successfully validated
2021-01-18 08:19:04,910 [EventQueue-OpenPipelineForHealthyPipelineSafeModeRule] INFO  safemode.SCMSafeModeManager (HealthyPipelineSafeModeRule.java:process(128)) - SCM in safe mode. Healthy pipelines reported count is 0, required healthy pipeline reported count is 1
2021-01-18 08:19:04,910 [pool-86-thread-1] INFO  server.RaftServerConfigKeys (ConfUtils.java:logGet(44)) - raft.server.log.segment.size.max = 1048576 (custom)
2021-01-18 08:19:04,910 [pool-86-thread-1] INFO  server.RaftServerConfigKeys (ConfUtils.java:logGet(44)) - raft.server.log.segment.cache.num.max = 2 (custom)
2021-01-18 08:19:04,910 [pool-86-thread-1] INFO  server.RaftServerConfigKeys (ConfUtils.java:logGet(44)) - raft.server.log.segment.cache.size.max = 200MB (=209715200) (default)
2021-01-18 08:19:04,910 [pool-86-thread-1] INFO  segmented.SegmentedRaftLogWorker (SegmentedRaftLogWorker.java:<init>(181)) - new cf5be2f4-6792-4067-a62c-82347c056bf8@group-064B80184E77-SegmentedRaftLogWorker for RaftStorageImpl:Storage Directory /github/workspace/mnt/ozone/hadoop-ozone/integration-test/target/test-dir/MiniOzoneClusterImpl-bdf065e3-4bf0-4703-b3e1-6acc0ac12f97/datanode-3/data/ratis/3385d0de-4eda-4176-8cd6-064b80184e77
2021-01-18 08:19:04,910 [pool-86-thread-1] INFO  server.RaftServerConfigKeys (ConfUtils.java:logGet(44)) - raft.server.log.queue.byte-limit = 2147483647 (custom)
2021-01-18 08:19:04,910 [pool-86-thread-1] INFO  server.RaftServerConfigKeys (ConfUtils.java:logGet(44)) - raft.server.log.queue.element-limit = 1024 (custom)
2021-01-18 08:19:04,910 [pool-86-thread-1] INFO  server.RaftServerConfigKeys (ConfUtils.java:logGet(44)) - raft.server.log.segment.size.max = 1048576 (custom)
2021-01-18 08:19:04,910 [pool-86-thread-1] INFO  server.RaftServerConfigKeys (ConfUtils.java:logGet(44)) - raft.server.log.preallocated.size = 16384 (custom)
2021-01-18 08:19:04,910 [pool-86-thread-1] INFO  server.RaftServerConfigKeys (ConfUtils.java:logGet(44)) - raft.server.log.force.sync.num = 128 (default)
2021-01-18 08:19:04,911 [pool-86-thread-1] INFO  server.RaftServerConfigKeys (ConfUtils.java:logGet(44)) - raft.server.log.statemachine.data.sync = true (default)
2021-01-18 08:19:04,911 [pool-86-thread-1] INFO  server.RaftServerConfigKeys (ConfUtils.java:logGet(44)) - raft.server.log.statemachine.data.sync.timeout = 10s (default)
2021-01-18 08:19:04,911 [pool-86-thread-1] INFO  server.RaftServerConfigKeys (ConfUtils.java:logGet(44)) - raft.server.log.statemachine.data.sync.timeout.retry = -1 (default)
2021-01-18 08:19:04,915 [pool-86-thread-1] INFO  server.RaftServerConfigKeys (ConfUtils.java:logGet(44)) - raft.server.log.write.buffer.size = 1048576 (custom)
2021-01-18 08:19:04,916 [pool-86-thread-1] INFO  server.RaftServerConfigKeys (ConfUtils.java:logGet(44)) - raft.server.log.statemachine.data.caching.enabled = true (custom)
2021-01-18 08:19:04,928 [grpc-default-executor-0] INFO  server.RaftServer (RaftServerProxy.java:addNew(95)) - 696d8df7-edf8-435c-b3eb-e448589269ce: addNew group-EF68238C99B2:[43ca6a2e-d75a-477a-aef7-5c8b743b695f|rpc:172.17.0.2:34735|dataStream:|priority:0, 696d8df7-edf8-435c-b3eb-e448589269ce|rpc:172.17.0.2:44671|dataStream:|priority:1, 6257d45d-8325-4cae-8440-8c66e4fe0859|rpc:172.17.0.2:41085|dataStream:|priority:0] returns group-EF68238C99B2:java.util.concurrent.CompletableFuture@4a97ae40[Not completed]
2021-01-18 08:19:04,930 [Command processor thread] INFO  metrics.RatisMetrics (RatisMetrics.java:lambda$create$0(36)) - Creating Metrics Registry : ratis.client_message_metrics.client-0C2447493B6E->43ca6a2e-d75a-477a-aef7-5c8b743b695f
2021-01-18 08:19:04,932 [pool-38-thread-1] INFO  server.RaftServer$Division (RaftServerImpl.java:<init>(179)) - 696d8df7-edf8-435c-b3eb-e448589269ce: new RaftServerImpl for group-EF68238C99B2:[43ca6a2e-d75a-477a-aef7-5c8b743b695f|rpc:172.17.0.2:34735|dataStream:|priority:0, 696d8df7-edf8-435c-b3eb-e448589269ce|rpc:172.17.0.2:44671|dataStream:|priority:1, 6257d45d-8325-4cae-8440-8c66e4fe0859|rpc:172.17.0.2:41085|dataStream:|priority:0] with ContainerStateMachine:uninitialized
2021-01-18 08:19:04,932 [pool-38-thread-1] INFO  server.RaftServerConfigKeys (ConfUtils.java:logGet(44)) - raft.server.rpc.timeout.min = 5s (custom)
2021-01-18 08:19:04,932 [pool-38-thread-1] INFO  server.RaftServerConfigKeys (ConfUtils.java:logGet(44)) - raft.server.rpc.timeout.max = 5200ms (custom)
2021-01-18 08:19:04,932 [pool-38-thread-1] INFO  server.RaftServerConfigKeys (ConfUtils.java:logGet(44)) - raft.server.rpc.sleep.time = 25ms (default)
2021-01-18 08:19:04,933 [pool-38-thread-1] INFO  server.RaftServerConfigKeys (ConfUtils.java:logGet(44)) - raft.server.rpc.slowness.timeout = 300000ms (custom)
2021-01-18 08:19:04,933 [pool-38-thread-1] INFO  server.RaftServerConfigKeys (ConfUtils.java:logGet(44)) - raft.server.leaderelection.leader.step-down.wait-time = 10s (default)
2021-01-18 08:19:04,933 [pool-38-thread-1] INFO  server.RaftServerConfigKeys (ConfUtils.java:logGet(44)) - raft.server.sleep.deviation.threshold = 300ms (default)
2021-01-18 08:19:04,933 [pool-38-thread-1] INFO  server.RaftServerConfigKeys (ConfUtils.java:logGet(44)) - raft.server.log.appender.install.snapshot.enabled = false (custom)
2021-01-18 08:19:04,933 [pool-38-thread-1] INFO  server.RaftServer$Division (ServerState.java:<init>(103)) - 696d8df7-edf8-435c-b3eb-e448589269ce@group-EF68238C99B2: ConfigurationManager, init=-1: [43ca6a2e-d75a-477a-aef7-5c8b743b695f|rpc:172.17.0.2:34735|dataStream:|priority:0, 696d8df7-edf8-435c-b3eb-e448589269ce|rpc:172.17.0.2:44671|dataStream:|priority:1, 6257d45d-8325-4cae-8440-8c66e4fe0859|rpc:172.17.0.2:41085|dataStream:|priority:0], old=null, confs=<EMPTY_MAP>
2021-01-18 08:19:04,933 [pool-38-thread-1] INFO  server.RaftServerConfigKeys (ConfUtils.java:logGet(44)) - raft.server.storage.dir = [/github/workspace/mnt/ozone/hadoop-ozone/integration-test/target/test-dir/MiniOzoneClusterImpl-bdf065e3-4bf0-4703-b3e1-6acc0ac12f97/datanode-0/data/ratis] (custom)
2021-01-18 08:19:04,939 [grpc-default-executor-0] INFO  metrics.RatisMetrics (RatisMetrics.java:lambda$create$0(36)) - Creating Metrics Registry : ratis.server_message_metrics.43ca6a2e-d75a-477a-aef7-5c8b743b695f
2021-01-18 08:19:04,953 [Command processor thread] INFO  commandhandler.CreatePipelineCommandHandler (CreatePipelineCommandHandler.java:handle(106)) - Created Pipeline RATIS THREE PipelineID=977a9c08-f91f-4a57-b8e1-2f60dbe96792.
2021-01-18 08:19:04,953 [pool-38-thread-1] INFO  server.RaftServerConfigKeys (ConfUtils.java:logGet(44)) - raft.server.log.corruption.policy = EXCEPTION (default)
2021-01-18 08:19:04,953 [pool-38-thread-1] INFO  storage.RaftStorageDirectory (RaftStorageDirectoryImpl.java:analyzeStorage(132)) - The storage directory /github/workspace/mnt/ozone/hadoop-ozone/integration-test/target/test-dir/MiniOzoneClusterImpl-bdf065e3-4bf0-4703-b3e1-6acc0ac12f97/datanode-0/data/ratis/1fc61302-37d1-485a-86bd-ef68238c99b2 does not exist. Creating ...
2021-01-18 08:19:04,953 [pool-53-thread-1] INFO  storage.RaftStorageDirectory (RaftStorageDirectoryImpl.java:tryLock(215)) - Lock on /github/workspace/mnt/ozone/hadoop-ozone/integration-test/target/test-dir/MiniOzoneClusterImpl-bdf065e3-4bf0-4703-b3e1-6acc0ac12f97/datanode-1/data/ratis/1fc61302-37d1-485a-86bd-ef68238c99b2/in_use.lock acquired by nodename 32076@dc3504268712
2021-01-18 08:19:04,954 [pool-38-thread-1] INFO  storage.RaftStorageDirectory (RaftStorageDirectoryImpl.java:tryLock(215)) - Lock on /github/workspace/mnt/ozone/hadoop-ozone/integration-test/target/test-dir/MiniOzoneClusterImpl-bdf065e3-4bf0-4703-b3e1-6acc0ac12f97/datanode-0/data/ratis/1fc61302-37d1-485a-86bd-ef68238c99b2/in_use.lock acquired by nodename 32076@dc3504268712
2021-01-18 08:19:04,954 [pool-86-thread-1] INFO  segmented.SegmentedRaftLogWorker (SegmentedRaftLogWorker.java:lambda$new$0(132)) - cf5be2f4-6792-4067-a62c-82347c056bf8@group-064B80184E77-SegmentedRaftLogWorker: flushIndex: setUnconditionally 0 -> -1
2021-01-18 08:19:04,953 [Command processor thread] ERROR commandhandler.CreatePipelineCommandHandler (CreatePipelineCommandHandler.java:handle(111)) - Can't create pipeline RATIS THREE PipelineID=1fc61302-37d1-485a-86bd-ef68238c99b2
java.io.IOException: 696d8df7-edf8-435c-b3eb-e448589269ce: Failed to add group-EF68238C99B2:[43ca6a2e-d75a-477a-aef7-5c8b743b695f|rpc:172.17.0.2:34735|priority:0, 696d8df7-edf8-435c-b3eb-e448589269ce|rpc:172.17.0.2:44671|priority:1, 6257d45d-8325-4cae-8440-8c66e4fe0859|rpc:172.17.0.2:41085|priority:0] since the group already exists in the map.
	at org.apache.hadoop.ozone.container.common.transport.server.ratis.XceiverServerRatis.addGroup(XceiverServerRatis.java:768)
	at org.apache.hadoop.ozone.container.common.statemachine.commandhandler.CreatePipelineCommandHandler.handle(CreatePipelineCommandHandler.java:92)
	at org.apache.hadoop.ozone.container.common.statemachine.commandhandler.CommandDispatcher.handle(CommandDispatcher.java:99)
	at org.apache.hadoop.ozone.container.common.statemachine.DatanodeStateMachine.lambda$initCommandHandlerThread$2(DatanodeStateMachine.java:498)
	at java.lang.Thread.run(Thread.java:748)
Caused by: org.apache.ratis.protocol.exceptions.AlreadyExistsException: 696d8df7-edf8-435c-b3eb-e448589269ce: Failed to add group-EF68238C99B2:[43ca6a2e-d75a-477a-aef7-5c8b743b695f|rpc:172.17.0.2:34735|priority:0, 696d8df7-edf8-435c-b3eb-e448589269ce|rpc:172.17.0.2:44671|priority:1, 6257d45d-8325-4cae-8440-8c66e4fe0859|rpc:172.17.0.2:41085|priority:0] since the group already exists in the map.
	at org.apache.ratis.server.impl.RaftServerProxy$ImplMap.addNew(RaftServerProxy.java:89)
	at org.apache.ratis.server.impl.RaftServerProxy.groupAddAsync(RaftServerProxy.java:470)
	at org.apache.ratis.server.impl.RaftServerProxy.groupManagementAsync(RaftServerProxy.java:454)
	at org.apache.ratis.server.impl.RaftServerProxy.groupManagement(RaftServerProxy.java:438)
	at org.apache.hadoop.ozone.container.common.transport.server.ratis.XceiverServerRatis.addGroup(XceiverServerRatis.java:766)
	... 4 more
2021-01-18 08:19:04,956 [pool-86-thread-1] INFO  segmented.SegmentedRaftLogWorker (SegmentedRaftLogWorker.java:lambda$new$0(132)) - cf5be2f4-6792-4067-a62c-82347c056bf8@group-064B80184E77-SegmentedRaftLogWorker: safeCacheEvictIndex: setUnconditionally 0 -> -1
2021-01-18 08:19:04,959 [pool-86-thread-1] INFO  server.RaftServerConfigKeys (ConfUtils.java:logGet(44)) - raft.server.snapshot.auto.trigger.enabled = true (custom)
2021-01-18 08:19:04,960 [pool-86-thread-1] INFO  server.RaftServerConfigKeys (ConfUtils.java:logGet(44)) - raft.server.snapshot.auto.trigger.threshold = 1 (custom)
2021-01-18 08:19:04,960 [pool-86-thread-1] INFO  server.RaftServerConfigKeys (ConfUtils.java:logGet(44)) - raft.server.snapshot.retention.file.num = 5 (custom)
2021-01-18 08:19:04,960 [pool-86-thread-1] INFO  server.RaftServerConfigKeys (ConfUtils.java:logGet(44)) - raft.server.log.purge.upto.snapshot.index = false (default)
2021-01-18 08:19:04,960 [pool-86-thread-1] INFO  server.RaftServerConfigKeys (ConfUtils.java:logGet(44)) - raft.server.retrycache.expirytime = 600000ms (custom)
2021-01-18 08:19:04,960 [pool-86-thread-1] INFO  server.RaftServerConfigKeys (ConfUtils.java:logGet(44)) - raft.server.retrycache.statistics.expirytime = 100?s (default)
2021-01-18 08:19:04,960 [pool-86-thread-1] INFO  metrics.RatisMetrics (RatisMetrics.java:lambda$create$0(36)) - Creating Metrics Registry : ratis.leader_election.cf5be2f4-6792-4067-a62c-82347c056bf8@group-064B80184E77
2021-01-18 08:19:04,960 [pool-86-thread-1] INFO  metrics.RatisMetrics (RatisMetrics.java:lambda$create$0(36)) - Creating Metrics Registry : ratis.server.cf5be2f4-6792-4067-a62c-82347c056bf8@group-064B80184E77
2021-01-18 08:19:04,961 [pool-86-thread-1] INFO  server.RaftServer$Division (RaftServerImpl.java:start(294)) - cf5be2f4-6792-4067-a62c-82347c056bf8@group-064B80184E77: start as a follower, conf=-1: [dc393f10-cf1b-4856-93c0-8107f803be1a|rpc:172.17.0.2:44865|priority:0, bfdb13f1-88be-4fd0-b5f0-1bffb59ec9b7|rpc:172.17.0.2:40691|priority:1, cf5be2f4-6792-4067-a62c-82347c056bf8|rpc:172.17.0.2:37857|priority:0], old=null
2021-01-18 08:19:04,961 [pool-86-thread-1] INFO  server.RaftServer$Division (RaftServerImpl.java:setRole(283)) - cf5be2f4-6792-4067-a62c-82347c056bf8@group-064B80184E77: changes role from      null to FOLLOWER at term 0 for startAsFollower
2021-01-18 08:19:04,961 [pool-86-thread-1] INFO  impl.RoleInfo (RoleInfo.java:updateAndGet(130)) - cf5be2f4-6792-4067-a62c-82347c056bf8: start cf5be2f4-6792-4067-a62c-82347c056bf8@group-064B80184E77-FollowerState
2021-01-18 08:19:04,962 [pool-86-thread-1] INFO  util.JmxRegister (JmxRegister.java:tryRegister(44)) - Successfully registered JMX Bean with object name Ratis:service=RaftServer,group=group-064B80184E77,id=cf5be2f4-6792-4067-a62c-82347c056bf8
2021-01-18 08:19:04,962 [pool-86-thread-1] INFO  metrics.RatisMetrics (RatisMetrics.java:lambda$create$0(36)) - Creating Metrics Registry : ratis.state_machine.cf5be2f4-6792-4067-a62c-82347c056bf8@group-064B80184E77
2021-01-18 08:19:04,964 [Command processor thread] INFO  metrics.RatisMetrics (RatisMetrics.java:lambda$create$0(36)) - Creating Metrics Registry : ratis.client_message_metrics.client-1C3D054D9F5A->bfdb13f1-88be-4fd0-b5f0-1bffb59ec9b7
2021-01-18 08:19:04,969 [grpc-default-executor-0] INFO  metrics.RatisMetrics (RatisMetrics.java:lambda$create$0(36)) - Creating Metrics Registry : ratis.server_message_metrics.bfdb13f1-88be-4fd0-b5f0-1bffb59ec9b7
2021-01-18 08:19:04,976 [grpc-default-executor-0] INFO  server.RaftServer (RaftServerProxy.java:addNew(95)) - bfdb13f1-88be-4fd0-b5f0-1bffb59ec9b7: addNew group-064B80184E77:[dc393f10-cf1b-4856-93c0-8107f803be1a|rpc:172.17.0.2:44865|dataStream:|priority:0, bfdb13f1-88be-4fd0-b5f0-1bffb59ec9b7|rpc:172.17.0.2:40691|dataStream:|priority:1, cf5be2f4-6792-4067-a62c-82347c056bf8|rpc:172.17.0.2:37857|dataStream:|priority:0] returns group-064B80184E77:java.util.concurrent.CompletableFuture@1cdf3f74[Not completed]
2021-01-18 08:19:04,977 [pool-102-thread-1] INFO  server.RaftServer$Division (RaftServerImpl.java:<init>(179)) - bfdb13f1-88be-4fd0-b5f0-1bffb59ec9b7: new RaftServerImpl for group-064B80184E77:[dc393f10-cf1b-4856-93c0-8107f803be1a|rpc:172.17.0.2:44865|dataStream:|priority:0, bfdb13f1-88be-4fd0-b5f0-1bffb59ec9b7|rpc:172.17.0.2:40691|dataStream:|priority:1, cf5be2f4-6792-4067-a62c-82347c056bf8|rpc:172.17.0.2:37857|dataStream:|priority:0] with ContainerStateMachine:uninitialized
2021-01-18 08:19:04,979 [pool-102-thread-1] INFO  server.RaftServerConfigKeys (ConfUtils.java:logGet(44)) - raft.server.rpc.timeout.min = 5s (custom)
2021-01-18 08:19:04,979 [pool-102-thread-1] INFO  server.RaftServerConfigKeys (ConfUtils.java:logGet(44)) - raft.server.rpc.timeout.max = 5200ms (custom)
2021-01-18 08:19:04,979 [pool-102-thread-1] INFO  server.RaftServerConfigKeys (ConfUtils.java:logGet(44)) - raft.server.rpc.sleep.time = 25ms (default)
2021-01-18 08:19:04,979 [pool-102-thread-1] INFO  server.RaftServerConfigKeys (ConfUtils.java:logGet(44)) - raft.server.rpc.slowness.timeout = 300000ms (custom)
2021-01-18 08:19:04,980 [pool-102-thread-1] INFO  server.RaftServerConfigKeys (ConfUtils.java:logGet(44)) - raft.server.leaderelection.leader.step-down.wait-time = 10s (default)
2021-01-18 08:19:04,980 [pool-102-thread-1] INFO  server.RaftServerConfigKeys (ConfUtils.java:logGet(44)) - raft.server.sleep.deviation.threshold = 300ms (default)
2021-01-18 08:19:04,980 [pool-102-thread-1] INFO  server.RaftServerConfigKeys (ConfUtils.java:logGet(44)) - raft.server.log.appender.install.snapshot.enabled = false (custom)
2021-01-18 08:19:04,980 [pool-102-thread-1] INFO  server.RaftServer$Division (ServerState.java:<init>(103)) - bfdb13f1-88be-4fd0-b5f0-1bffb59ec9b7@group-064B80184E77: ConfigurationManager, init=-1: [dc393f10-cf1b-4856-93c0-8107f803be1a|rpc:172.17.0.2:44865|dataStream:|priority:0, bfdb13f1-88be-4fd0-b5f0-1bffb59ec9b7|rpc:172.17.0.2:40691|dataStream:|priority:1, cf5be2f4-6792-4067-a62c-82347c056bf8|rpc:172.17.0.2:37857|dataStream:|priority:0], old=null, confs=<EMPTY_MAP>
2021-01-18 08:19:04,980 [pool-102-thread-1] INFO  server.RaftServerConfigKeys (ConfUtils.java:logGet(44)) - raft.server.storage.dir = [/github/workspace/mnt/ozone/hadoop-ozone/integration-test/target/test-dir/MiniOzoneClusterImpl-bdf065e3-4bf0-4703-b3e1-6acc0ac12f97/datanode-4/data/ratis] (custom)
2021-01-18 08:19:04,980 [pool-102-thread-1] INFO  server.RaftServerConfigKeys (ConfUtils.java:logGet(44)) - raft.server.log.corruption.policy = EXCEPTION (default)
2021-01-18 08:19:04,980 [pool-102-thread-1] INFO  storage.RaftStorageDirectory (RaftStorageDirectoryImpl.java:analyzeStorage(132)) - The storage directory /github/workspace/mnt/ozone/hadoop-ozone/integration-test/target/test-dir/MiniOzoneClusterImpl-bdf065e3-4bf0-4703-b3e1-6acc0ac12f97/datanode-4/data/ratis/3385d0de-4eda-4176-8cd6-064b80184e77 does not exist. Creating ...
2021-01-18 08:19:05,000 [pool-53-thread-1] INFO  storage.RaftStorage (RaftStorageImpl.java:format(87)) - Storage directory /github/workspace/mnt/ozone/hadoop-ozone/integration-test/target/test-dir/MiniOzoneClusterImpl-bdf065e3-4bf0-4703-b3e1-6acc0ac12f97/datanode-1/data/ratis/1fc61302-37d1-485a-86bd-ef68238c99b2 has been successfully formatted.
2021-01-18 08:19:05,001 [pool-53-thread-1] INFO  ratis.ContainerStateMachine (ContainerStateMachine.java:loadSnapshot(223)) - group-EF68238C99B2: The snapshot info is null. Setting the last applied indexto:(t:0, i:~)
2021-01-18 08:19:05,001 [pool-38-thread-1] INFO  storage.RaftStorage (RaftStorageImpl.java:format(87)) - Storage directory /github/workspace/mnt/ozone/hadoop-ozone/integration-test/target/test-dir/MiniOzoneClusterImpl-bdf065e3-4bf0-4703-b3e1-6acc0ac12f97/datanode-0/data/ratis/1fc61302-37d1-485a-86bd-ef68238c99b2 has been successfully formatted.
2021-01-18 08:19:05,001 [pool-53-thread-1] ERROR storage.RaftStorage (RaftStorageImpl.java:readRaftConfiguration(147)) - Failed reading configuration from file:/github/workspace/mnt/ozone/hadoop-ozone/integration-test/target/test-dir/MiniOzoneClusterImpl-bdf065e3-4bf0-4703-b3e1-6acc0ac12f97/datanode-1/data/ratis/1fc61302-37d1-485a-86bd-ef68238c99b2/current/raft-meta.conf
java.io.FileNotFoundException: /github/workspace/mnt/ozone/hadoop-ozone/integration-test/target/test-dir/MiniOzoneClusterImpl-bdf065e3-4bf0-4703-b3e1-6acc0ac12f97/datanode-1/data/ratis/1fc61302-37d1-485a-86bd-ef68238c99b2/current/raft-meta.conf (No such file or directory)
	at java.io.FileInputStream.open0(Native Method)
	at java.io.FileInputStream.open(FileInputStream.java:195)
	at java.io.FileInputStream.<init>(FileInputStream.java:138)
	at org.apache.ratis.server.storage.RaftStorageImpl.readRaftConfiguration(RaftStorageImpl.java:143)
	at org.apache.ratis.server.impl.ServerState.<init>(ServerState.java:113)
	at org.apache.ratis.server.impl.RaftServerImpl.<init>(RaftServerImpl.java:192)
	at org.apache.ratis.server.impl.RaftServerProxy.lambda$newRaftServerImpl$4(RaftServerProxy.java:266)
	at java.util.concurrent.CompletableFuture$AsyncSupply.run(CompletableFuture.java:1604)
	at java.util.concurrent.ThreadPoolExecutor.runWorker(ThreadPoolExecutor.java:1149)
	at java.util.concurrent.ThreadPoolExecutor$Worker.run(ThreadPoolExecutor.java:624)
	at java.lang.Thread.run(Thread.java:748)
2021-01-18 08:19:05,001 [pool-38-thread-1] INFO  ratis.ContainerStateMachine (ContainerStateMachine.java:loadSnapshot(223)) - group-EF68238C99B2: The snapshot info is null. Setting the last applied indexto:(t:0, i:~)
2021-01-18 08:19:05,001 [pool-38-thread-1] ERROR storage.RaftStorage (RaftStorageImpl.java:readRaftConfiguration(147)) - Failed reading configuration from file:/github/workspace/mnt/ozone/hadoop-ozone/integration-test/target/test-dir/MiniOzoneClusterImpl-bdf065e3-4bf0-4703-b3e1-6acc0ac12f97/datanode-0/data/ratis/1fc61302-37d1-485a-86bd-ef68238c99b2/current/raft-meta.conf
java.io.FileNotFoundException: /github/workspace/mnt/ozone/hadoop-ozone/integration-test/target/test-dir/MiniOzoneClusterImpl-bdf065e3-4bf0-4703-b3e1-6acc0ac12f97/datanode-0/data/ratis/1fc61302-37d1-485a-86bd-ef68238c99b2/current/raft-meta.conf (No such file or directory)
	at java.io.FileInputStream.open0(Native Method)
	at java.io.FileInputStream.open(FileInputStream.java:195)
	at java.io.FileInputStream.<init>(FileInputStream.java:138)
	at org.apache.ratis.server.storage.RaftStorageImpl.readRaftConfiguration(RaftStorageImpl.java:143)
	at org.apache.ratis.server.impl.ServerState.<init>(ServerState.java:113)
	at org.apache.ratis.server.impl.RaftServerImpl.<init>(RaftServerImpl.java:192)
	at org.apache.ratis.server.impl.RaftServerProxy.lambda$newRaftServerImpl$4(RaftServerProxy.java:266)
	at java.util.concurrent.CompletableFuture$AsyncSupply.run(CompletableFuture.java:1604)
	at java.util.concurrent.ThreadPoolExecutor.runWorker(ThreadPoolExecutor.java:1149)
	at java.util.concurrent.ThreadPoolExecutor$Worker.run(ThreadPoolExecutor.java:624)
	at java.lang.Thread.run(Thread.java:748)
2021-01-18 08:19:05,001 [pool-38-thread-1] INFO  server.RaftServerConfigKeys (ConfUtils.java:logGet(44)) - raft.server.notification.no-leader.timeout = 300000ms (custom)
2021-01-18 08:19:05,002 [pool-38-thread-1] INFO  server.RaftServerConfigKeys (ConfUtils.java:logGet(44)) - raft.server.log.use.memory = false (default)
2021-01-18 08:19:05,002 [pool-38-thread-1] INFO  server.RaftServerConfigKeys (ConfUtils.java:logGet(44)) - raft.server.log.purge.gap = 1000000 (custom)
2021-01-18 08:19:05,002 [pool-38-thread-1] INFO  server.RaftServerConfigKeys (ConfUtils.java:logGet(44)) - raft.server.log.appender.buffer.byte-limit = 33554432 (custom)
2021-01-18 08:19:05,002 [pool-38-thread-1] INFO  metrics.RatisMetrics (RatisMetrics.java:lambda$create$0(36)) - Creating Metrics Registry : ratis.log_worker.696d8df7-edf8-435c-b3eb-e448589269ce@group-EF68238C99B2
2021-01-18 08:19:05,002 [pool-38-thread-1] INFO  server.RaftServerConfigKeys (ConfUtils.java:logGet(44)) - raft.server.log.segment.size.max = 1048576 (custom)
2021-01-18 08:19:05,001 [pool-53-thread-1] INFO  server.RaftServerConfigKeys (ConfUtils.java:logGet(44)) - raft.server.notification.no-leader.timeout = 300000ms (custom)
2021-01-18 08:19:05,002 [pool-53-thread-1] INFO  server.RaftServerConfigKeys (ConfUtils.java:logGet(44)) - raft.server.log.use.memory = false (default)
2021-01-18 08:19:05,002 [pool-53-thread-1] INFO  server.RaftServerConfigKeys (ConfUtils.java:logGet(44)) - raft.server.log.purge.gap = 1000000 (custom)
2021-01-18 08:19:05,002 [pool-53-thread-1] INFO  server.RaftServerConfigKeys (ConfUtils.java:logGet(44)) - raft.server.log.appender.buffer.byte-limit = 33554432 (custom)
2021-01-18 08:19:05,002 [pool-53-thread-1] INFO  metrics.RatisMetrics (RatisMetrics.java:lambda$create$0(36)) - Creating Metrics Registry : ratis.log_worker.43ca6a2e-d75a-477a-aef7-5c8b743b695f@group-EF68238C99B2
2021-01-18 08:19:05,003 [pool-53-thread-1] INFO  server.RaftServerConfigKeys (ConfUtils.java:logGet(44)) - raft.server.log.segment.size.max = 1048576 (custom)
2021-01-18 08:19:05,003 [pool-38-thread-1] INFO  server.RaftServerConfigKeys (ConfUtils.java:logGet(44)) - raft.server.log.segment.cache.num.max = 2 (custom)
2021-01-18 08:19:05,003 [pool-38-thread-1] INFO  server.RaftServerConfigKeys (ConfUtils.java:logGet(44)) - raft.server.log.segment.cache.size.max = 200MB (=209715200) (default)
2021-01-18 08:19:05,003 [pool-38-thread-1] INFO  segmented.SegmentedRaftLogWorker (SegmentedRaftLogWorker.java:<init>(181)) - new 696d8df7-edf8-435c-b3eb-e448589269ce@group-EF68238C99B2-SegmentedRaftLogWorker for RaftStorageImpl:Storage Directory /github/workspace/mnt/ozone/hadoop-ozone/integration-test/target/test-dir/MiniOzoneClusterImpl-bdf065e3-4bf0-4703-b3e1-6acc0ac12f97/datanode-0/data/ratis/1fc61302-37d1-485a-86bd-ef68238c99b2
2021-01-18 08:19:05,003 [pool-38-thread-1] INFO  server.RaftServerConfigKeys (ConfUtils.java:logGet(44)) - raft.server.log.queue.byte-limit = 2147483647 (custom)
2021-01-18 08:19:05,003 [pool-38-thread-1] INFO  server.RaftServerConfigKeys (ConfUtils.java:logGet(44)) - raft.server.log.queue.element-limit = 1024 (custom)
2021-01-18 08:19:05,003 [pool-38-thread-1] INFO  server.RaftServerConfigKeys (ConfUtils.java:logGet(44)) - raft.server.log.segment.size.max = 1048576 (custom)
2021-01-18 08:19:05,003 [pool-38-thread-1] INFO  server.RaftServerConfigKeys (ConfUtils.java:logGet(44)) - raft.server.log.preallocated.size = 16384 (custom)
2021-01-18 08:19:05,003 [pool-38-thread-1] INFO  server.RaftServerConfigKeys (ConfUtils.java:logGet(44)) - raft.server.log.force.sync.num = 128 (default)
2021-01-18 08:19:05,004 [pool-38-thread-1] INFO  server.RaftServerConfigKeys (ConfUtils.java:logGet(44)) - raft.server.log.statemachine.data.sync = true (default)
2021-01-18 08:19:05,004 [pool-38-thread-1] INFO  server.RaftServerConfigKeys (ConfUtils.java:logGet(44)) - raft.server.log.statemachine.data.sync.timeout = 10s (default)
2021-01-18 08:19:05,004 [pool-38-thread-1] INFO  server.RaftServerConfigKeys (ConfUtils.java:logGet(44)) - raft.server.log.statemachine.data.sync.timeout.retry = -1 (default)
2021-01-18 08:19:05,004 [EventQueue-PipelineReportForOneReplicaPipelineSafeModeRule] INFO  safemode.SCMSafeModeManager (SCMSafeModeManager.java:validateSafeModeExitRules(214)) - AtleastOneDatanodeReportedRule rule is successfully validated
2021-01-18 08:19:05,004 [EventQueue-PipelineReportForOneReplicaPipelineSafeModeRule] INFO  safemode.SCMSafeModeManager (SCMSafeModeManager.java:validateSafeModeExitRules(214)) - AtleastOneDatanodeReportedRule rule is successfully validated
2021-01-18 08:19:05,004 [EventQueue-OpenPipelineForHealthyPipelineSafeModeRule] INFO  safemode.SCMSafeModeManager (HealthyPipelineSafeModeRule.java:process(128)) - SCM in safe mode. Healthy pipelines reported count is 0, required healthy pipeline reported count is 1
2021-01-18 08:19:05,004 [EventQueue-OpenPipelineForHealthyPipelineSafeModeRule] INFO  safemode.SCMSafeModeManager (HealthyPipelineSafeModeRule.java:process(128)) - SCM in safe mode. Healthy pipelines reported count is 0, required healthy pipeline reported count is 1
2021-01-18 08:19:05,005 [pool-53-thread-1] INFO  server.RaftServerConfigKeys (ConfUtils.java:logGet(44)) - raft.server.log.segment.cache.num.max = 2 (custom)
2021-01-18 08:19:05,005 [pool-53-thread-1] INFO  server.RaftServerConfigKeys (ConfUtils.java:logGet(44)) - raft.server.log.segment.cache.size.max = 200MB (=209715200) (default)
2021-01-18 08:19:05,005 [pool-53-thread-1] INFO  segmented.SegmentedRaftLogWorker (SegmentedRaftLogWorker.java:<init>(181)) - new 43ca6a2e-d75a-477a-aef7-5c8b743b695f@group-EF68238C99B2-SegmentedRaftLogWorker for RaftStorageImpl:Storage Directory /github/workspace/mnt/ozone/hadoop-ozone/integration-test/target/test-dir/MiniOzoneClusterImpl-bdf065e3-4bf0-4703-b3e1-6acc0ac12f97/datanode-1/data/ratis/1fc61302-37d1-485a-86bd-ef68238c99b2
2021-01-18 08:19:05,005 [pool-53-thread-1] INFO  server.RaftServerConfigKeys (ConfUtils.java:logGet(44)) - raft.server.log.queue.byte-limit = 2147483647 (custom)
2021-01-18 08:19:05,005 [pool-53-thread-1] INFO  server.RaftServerConfigKeys (ConfUtils.java:logGet(44)) - raft.server.log.queue.element-limit = 1024 (custom)
2021-01-18 08:19:05,005 [pool-53-thread-1] INFO  server.RaftServerConfigKeys (ConfUtils.java:logGet(44)) - raft.server.log.segment.size.max = 1048576 (custom)
2021-01-18 08:19:05,005 [pool-53-thread-1] INFO  server.RaftServerConfigKeys (ConfUtils.java:logGet(44)) - raft.server.log.preallocated.size = 16384 (custom)
2021-01-18 08:19:05,005 [pool-53-thread-1] INFO  server.RaftServerConfigKeys (ConfUtils.java:logGet(44)) - raft.server.log.force.sync.num = 128 (default)
2021-01-18 08:19:05,005 [pool-53-thread-1] INFO  server.RaftServerConfigKeys (ConfUtils.java:logGet(44)) - raft.server.log.statemachine.data.sync = true (default)
2021-01-18 08:19:05,005 [pool-38-thread-1] INFO  server.RaftServerConfigKeys (ConfUtils.java:logGet(44)) - raft.server.log.write.buffer.size = 1048576 (custom)
2021-01-18 08:19:05,005 [pool-53-thread-1] INFO  server.RaftServerConfigKeys (ConfUtils.java:logGet(44)) - raft.server.log.statemachine.data.sync.timeout = 10s (default)
2021-01-18 08:19:05,005 [pool-53-thread-1] INFO  server.RaftServerConfigKeys (ConfUtils.java:logGet(44)) - raft.server.log.statemachine.data.sync.timeout.retry = -1 (default)
2021-01-18 08:19:05,006 [pool-38-thread-1] INFO  server.RaftServerConfigKeys (ConfUtils.java:logGet(44)) - raft.server.log.statemachine.data.caching.enabled = true (custom)
2021-01-18 08:19:05,006 [pool-38-thread-1] INFO  segmented.SegmentedRaftLogWorker (SegmentedRaftLogWorker.java:lambda$new$0(132)) - 696d8df7-edf8-435c-b3eb-e448589269ce@group-EF68238C99B2-SegmentedRaftLogWorker: flushIndex: setUnconditionally 0 -> -1
2021-01-18 08:19:05,006 [pool-53-thread-1] INFO  server.RaftServerConfigKeys (ConfUtils.java:logGet(44)) - raft.server.log.write.buffer.size = 1048576 (custom)
2021-01-18 08:19:05,009 [pool-102-thread-1] INFO  storage.RaftStorageDirectory (RaftStorageDirectoryImpl.java:tryLock(215)) - Lock on /github/workspace/mnt/ozone/hadoop-ozone/integration-test/target/test-dir/MiniOzoneClusterImpl-bdf065e3-4bf0-4703-b3e1-6acc0ac12f97/datanode-4/data/ratis/3385d0de-4eda-4176-8cd6-064b80184e77/in_use.lock acquired by nodename 32076@dc3504268712
2021-01-18 08:19:05,009 [pool-53-thread-1] INFO  server.RaftServerConfigKeys (ConfUtils.java:logGet(44)) - raft.server.log.statemachine.data.caching.enabled = true (custom)
2021-01-18 08:19:05,009 [pool-38-thread-1] INFO  segmented.SegmentedRaftLogWorker (SegmentedRaftLogWorker.java:lambda$new$0(132)) - 696d8df7-edf8-435c-b3eb-e448589269ce@group-EF68238C99B2-SegmentedRaftLogWorker: safeCacheEvictIndex: setUnconditionally 0 -> -1
2021-01-18 08:19:05,009 [pool-53-thread-1] INFO  segmented.SegmentedRaftLogWorker (SegmentedRaftLogWorker.java:lambda$new$0(132)) - 43ca6a2e-d75a-477a-aef7-5c8b743b695f@group-EF68238C99B2-SegmentedRaftLogWorker: flushIndex: setUnconditionally 0 -> -1
2021-01-18 08:19:05,010 [pool-53-thread-1] INFO  segmented.SegmentedRaftLogWorker (SegmentedRaftLogWorker.java:lambda$new$0(132)) - 43ca6a2e-d75a-477a-aef7-5c8b743b695f@group-EF68238C99B2-SegmentedRaftLogWorker: safeCacheEvictIndex: setUnconditionally 0 -> -1
2021-01-18 08:19:05,012 [pool-38-thread-1] INFO  server.RaftServerConfigKeys (ConfUtils.java:logGet(44)) - raft.server.snapshot.auto.trigger.enabled = true (custom)
2021-01-18 08:19:05,012 [pool-38-thread-1] INFO  server.RaftServerConfigKeys (ConfUtils.java:logGet(44)) - raft.server.snapshot.auto.trigger.threshold = 1 (custom)
2021-01-18 08:19:05,012 [pool-38-thread-1] INFO  server.RaftServerConfigKeys (ConfUtils.java:logGet(44)) - raft.server.snapshot.retention.file.num = 5 (custom)
2021-01-18 08:19:05,012 [pool-38-thread-1] INFO  server.RaftServerConfigKeys (ConfUtils.java:logGet(44)) - raft.server.log.purge.upto.snapshot.index = false (default)
2021-01-18 08:19:05,012 [pool-38-thread-1] INFO  server.RaftServerConfigKeys (ConfUtils.java:logGet(44)) - raft.server.retrycache.expirytime = 600000ms (custom)
2021-01-18 08:19:05,012 [pool-53-thread-1] INFO  server.RaftServerConfigKeys (ConfUtils.java:logGet(44)) - raft.server.snapshot.auto.trigger.enabled = true (custom)
2021-01-18 08:19:05,012 [pool-38-thread-1] INFO  server.RaftServerConfigKeys (ConfUtils.java:logGet(44)) - raft.server.retrycache.statistics.expirytime = 100?s (default)
2021-01-18 08:19:05,012 [pool-53-thread-1] INFO  server.RaftServerConfigKeys (ConfUtils.java:logGet(44)) - raft.server.snapshot.auto.trigger.threshold = 1 (custom)
2021-01-18 08:19:05,013 [pool-38-thread-1] INFO  metrics.RatisMetrics (RatisMetrics.java:lambda$create$0(36)) - Creating Metrics Registry : ratis.leader_election.696d8df7-edf8-435c-b3eb-e448589269ce@group-EF68238C99B2
2021-01-18 08:19:05,013 [pool-53-thread-1] INFO  server.RaftServerConfigKeys (ConfUtils.java:logGet(44)) - raft.server.snapshot.retention.file.num = 5 (custom)
2021-01-18 08:19:05,013 [pool-53-thread-1] INFO  server.RaftServerConfigKeys (ConfUtils.java:logGet(44)) - raft.server.log.purge.upto.snapshot.index = false (default)
2021-01-18 08:19:05,013 [pool-53-thread-1] INFO  server.RaftServerConfigKeys (ConfUtils.java:logGet(44)) - raft.server.retrycache.expirytime = 600000ms (custom)
2021-01-18 08:19:05,013 [pool-53-thread-1] INFO  server.RaftServerConfigKeys (ConfUtils.java:logGet(44)) - raft.server.retrycache.statistics.expirytime = 100?s (default)
2021-01-18 08:19:05,013 [pool-53-thread-1] INFO  metrics.RatisMetrics (RatisMetrics.java:lambda$create$0(36)) - Creating Metrics Registry : ratis.leader_election.43ca6a2e-d75a-477a-aef7-5c8b743b695f@group-EF68238C99B2
2021-01-18 08:19:05,013 [pool-38-thread-1] INFO  metrics.RatisMetrics (RatisMetrics.java:lambda$create$0(36)) - Creating Metrics Registry : ratis.server.696d8df7-edf8-435c-b3eb-e448589269ce@group-EF68238C99B2
2021-01-18 08:19:05,013 [pool-53-thread-1] INFO  metrics.RatisMetrics (RatisMetrics.java:lambda$create$0(36)) - Creating Metrics Registry : ratis.server.43ca6a2e-d75a-477a-aef7-5c8b743b695f@group-EF68238C99B2
2021-01-18 08:19:05,015 [pool-38-thread-1] INFO  server.RaftServer$Division (RaftServerImpl.java:start(294)) - 696d8df7-edf8-435c-b3eb-e448589269ce@group-EF68238C99B2: start as a follower, conf=-1: [43ca6a2e-d75a-477a-aef7-5c8b743b695f|rpc:172.17.0.2:34735|dataStream:|priority:0, 696d8df7-edf8-435c-b3eb-e448589269ce|rpc:172.17.0.2:44671|dataStream:|priority:1, 6257d45d-8325-4cae-8440-8c66e4fe0859|rpc:172.17.0.2:41085|dataStream:|priority:0], old=null
2021-01-18 08:19:05,015 [pool-38-thread-1] INFO  server.RaftServer$Division (RaftServerImpl.java:setRole(283)) - 696d8df7-edf8-435c-b3eb-e448589269ce@group-EF68238C99B2: changes role from      null to FOLLOWER at term 0 for startAsFollower
2021-01-18 08:19:05,015 [pool-38-thread-1] INFO  impl.RoleInfo (RoleInfo.java:updateAndGet(130)) - 696d8df7-edf8-435c-b3eb-e448589269ce: start 696d8df7-edf8-435c-b3eb-e448589269ce@group-EF68238C99B2-FollowerState
2021-01-18 08:19:05,016 [pool-53-thread-1] INFO  server.RaftServer$Division (RaftServerImpl.java:start(294)) - 43ca6a2e-d75a-477a-aef7-5c8b743b695f@group-EF68238C99B2: start as a follower, conf=-1: [43ca6a2e-d75a-477a-aef7-5c8b743b695f|rpc:172.17.0.2:34735|priority:0, 696d8df7-edf8-435c-b3eb-e448589269ce|rpc:172.17.0.2:44671|priority:1, 6257d45d-8325-4cae-8440-8c66e4fe0859|rpc:172.17.0.2:41085|priority:0], old=null
2021-01-18 08:19:05,016 [pool-53-thread-1] INFO  server.RaftServer$Division (RaftServerImpl.java:setRole(283)) - 43ca6a2e-d75a-477a-aef7-5c8b743b695f@group-EF68238C99B2: changes role from      null to FOLLOWER at term 0 for startAsFollower
2021-01-18 08:19:05,016 [pool-53-thread-1] INFO  impl.RoleInfo (RoleInfo.java:updateAndGet(130)) - 43ca6a2e-d75a-477a-aef7-5c8b743b695f: start 43ca6a2e-d75a-477a-aef7-5c8b743b695f@group-EF68238C99B2-FollowerState
2021-01-18 08:19:05,016 [pool-38-thread-1] INFO  util.JmxRegister (JmxRegister.java:tryRegister(44)) - Successfully registered JMX Bean with object name Ratis:service=RaftServer,group=group-EF68238C99B2,id=696d8df7-edf8-435c-b3eb-e448589269ce
2021-01-18 08:19:05,016 [pool-38-thread-1] INFO  metrics.RatisMetrics (RatisMetrics.java:lambda$create$0(36)) - Creating Metrics Registry : ratis.state_machine.696d8df7-edf8-435c-b3eb-e448589269ce@group-EF68238C99B2
2021-01-18 08:19:05,017 [pool-53-thread-1] INFO  util.JmxRegister (JmxRegister.java:tryRegister(44)) - Successfully registered JMX Bean with object name Ratis:service=RaftServer,group=group-EF68238C99B2,id=43ca6a2e-d75a-477a-aef7-5c8b743b695f
2021-01-18 08:19:05,017 [pool-53-thread-1] INFO  metrics.RatisMetrics (RatisMetrics.java:lambda$create$0(36)) - Creating Metrics Registry : ratis.state_machine.43ca6a2e-d75a-477a-aef7-5c8b743b695f@group-EF68238C99B2
2021-01-18 08:19:05,033 [Command processor thread] INFO  metrics.RatisMetrics (RatisMetrics.java:lambda$create$0(36)) - Creating Metrics Registry : ratis.client_message_metrics.client-94ADFBE47B4F->6257d45d-8325-4cae-8440-8c66e4fe0859
2021-01-18 08:19:05,044 [Command processor thread] INFO  metrics.RatisMetrics (RatisMetrics.java:lambda$create$0(36)) - Creating Metrics Registry : ratis.client_message_metrics.client-73A50BB0475B->43ca6a2e-d75a-477a-aef7-5c8b743b695f
2021-01-18 08:19:05,059 [EventQueue-PipelineReportForOneReplicaPipelineSafeModeRule] INFO  safemode.SCMSafeModeManager (SCMSafeModeManager.java:validateSafeModeExitRules(214)) - AtleastOneDatanodeReportedRule rule is successfully validated
2021-01-18 08:19:05,059 [EventQueue-OpenPipelineForHealthyPipelineSafeModeRule] INFO  safemode.SCMSafeModeManager (HealthyPipelineSafeModeRule.java:process(128)) - SCM in safe mode. Healthy pipelines reported count is 0, required healthy pipeline reported count is 1
2021-01-18 08:19:05,068 [Listener at 127.0.0.1/45853] INFO  ozone.MiniOzoneClusterImpl (MiniOzoneClusterImpl.java:lambda$waitForClusterToBeReady$0(179)) - Nodes are ready. Got 10 of 10 DN Heartbeats.
2021-01-18 08:19:05,070 [Listener at 127.0.0.1/45853] INFO  ozone.MiniOzoneClusterImpl (MiniOzoneClusterImpl.java:lambda$waitForClusterToBeReady$0(182)) - Waiting for cluster to exit safe mode
2021-01-18 08:19:05,072 [EventQueue-PipelineReportForOneReplicaPipelineSafeModeRule] INFO  safemode.SCMSafeModeManager (SCMSafeModeManager.java:validateSafeModeExitRules(214)) - AtleastOneDatanodeReportedRule rule is successfully validated
2021-01-18 08:19:05,079 [EventQueue-PipelineReportForOneReplicaPipelineSafeModeRule] INFO  safemode.SCMSafeModeManager (SCMSafeModeManager.java:validateSafeModeExitRules(214)) - AtleastOneDatanodeReportedRule rule is successfully validated
2021-01-18 08:19:05,081 [Command processor thread] INFO  commandhandler.CreatePipelineCommandHandler (CreatePipelineCommandHandler.java:handle(106)) - Created Pipeline RATIS THREE PipelineID=1fc61302-37d1-485a-86bd-ef68238c99b2.
2021-01-18 08:19:05,090 [Command processor thread] INFO  metrics.RatisMetrics (RatisMetrics.java:lambda$create$0(36)) - Creating Metrics Registry : ratis.client_message_metrics.client-C91A8233074E->696d8df7-edf8-435c-b3eb-e448589269ce
2021-01-18 08:19:05,095 [EventQueue-PipelineReportForOneReplicaPipelineSafeModeRule] INFO  safemode.SCMSafeModeManager (SCMSafeModeManager.java:validateSafeModeExitRules(214)) - AtleastOneDatanodeReportedRule rule is successfully validated
2021-01-18 08:19:05,096 [EventQueue-PipelineReportForOneReplicaPipelineSafeModeRule] INFO  safemode.SCMSafeModeManager (SCMSafeModeManager.java:validateSafeModeExitRules(214)) - AtleastOneDatanodeReportedRule rule is successfully validated
2021-01-18 08:19:05,096 [EventQueue-PipelineReportForOneReplicaPipelineSafeModeRule] INFO  safemode.SCMSafeModeManager (SCMSafeModeManager.java:validateSafeModeExitRules(214)) - AtleastOneDatanodeReportedRule rule is successfully validated
2021-01-18 08:19:05,100 [EventQueue-PipelineReportForOneReplicaPipelineSafeModeRule] INFO  safemode.SCMSafeModeManager (SCMSafeModeManager.java:validateSafeModeExitRules(214)) - AtleastOneDatanodeReportedRule rule is successfully validated
2021-01-18 08:19:05,106 [Command processor thread] INFO  server.RaftServer (RaftServerProxy.java:addNew(95)) - bfdb13f1-88be-4fd0-b5f0-1bffb59ec9b7: addNew group-58A162B7A17E:[bfdb13f1-88be-4fd0-b5f0-1bffb59ec9b7|rpc:172.17.0.2:40691|priority:1] returns group-58A162B7A17E:java.util.concurrent.CompletableFuture@13933108[Not completed]
2021-01-18 08:19:05,111 [Command processor thread] INFO  commandhandler.CreatePipelineCommandHandler (CreatePipelineCommandHandler.java:handle(106)) - Created Pipeline RATIS THREE PipelineID=1fc61302-37d1-485a-86bd-ef68238c99b2.
2021-01-18 08:19:05,112 [EventQueue-OpenPipelineForHealthyPipelineSafeModeRule] INFO  safemode.SCMSafeModeManager (HealthyPipelineSafeModeRule.java:process(128)) - SCM in safe mode. Healthy pipelines reported count is 0, required healthy pipeline reported count is 1
2021-01-18 08:19:05,112 [EventQueue-PipelineReportForOneReplicaPipelineSafeModeRule] INFO  safemode.SCMSafeModeManager (SCMSafeModeManager.java:validateSafeModeExitRules(214)) - AtleastOneDatanodeReportedRule rule is successfully validated
2021-01-18 08:19:05,156 [pool-102-thread-1] INFO  storage.RaftStorage (RaftStorageImpl.java:format(87)) - Storage directory /github/workspace/mnt/ozone/hadoop-ozone/integration-test/target/test-dir/MiniOzoneClusterImpl-bdf065e3-4bf0-4703-b3e1-6acc0ac12f97/datanode-4/data/ratis/3385d0de-4eda-4176-8cd6-064b80184e77 has been successfully formatted.
2021-01-18 08:19:05,156 [pool-102-thread-1] INFO  ratis.ContainerStateMachine (ContainerStateMachine.java:loadSnapshot(223)) - group-064B80184E77: The snapshot info is null. Setting the last applied indexto:(t:0, i:~)
2021-01-18 08:19:05,156 [pool-102-thread-1] ERROR storage.RaftStorage (RaftStorageImpl.java:readRaftConfiguration(147)) - Failed reading configuration from file:/github/workspace/mnt/ozone/hadoop-ozone/integration-test/target/test-dir/MiniOzoneClusterImpl-bdf065e3-4bf0-4703-b3e1-6acc0ac12f97/datanode-4/data/ratis/3385d0de-4eda-4176-8cd6-064b80184e77/current/raft-meta.conf
java.io.FileNotFoundException: /github/workspace/mnt/ozone/hadoop-ozone/integration-test/target/test-dir/MiniOzoneClusterImpl-bdf065e3-4bf0-4703-b3e1-6acc0ac12f97/datanode-4/data/ratis/3385d0de-4eda-4176-8cd6-064b80184e77/current/raft-meta.conf (No such file or directory)
	at java.io.FileInputStream.open0(Native Method)
	at java.io.FileInputStream.open(FileInputStream.java:195)
	at java.io.FileInputStream.<init>(FileInputStream.java:138)
	at org.apache.ratis.server.storage.RaftStorageImpl.readRaftConfiguration(RaftStorageImpl.java:143)
	at org.apache.ratis.server.impl.ServerState.<init>(ServerState.java:113)
	at org.apache.ratis.server.impl.RaftServerImpl.<init>(RaftServerImpl.java:192)
	at org.apache.ratis.server.impl.RaftServerProxy.lambda$newRaftServerImpl$4(RaftServerProxy.java:266)
	at java.util.concurrent.CompletableFuture$AsyncSupply.run(CompletableFuture.java:1604)
	at java.util.concurrent.ThreadPoolExecutor.runWorker(ThreadPoolExecutor.java:1149)
	at java.util.concurrent.ThreadPoolExecutor$Worker.run(ThreadPoolExecutor.java:624)
	at java.lang.Thread.run(Thread.java:748)
2021-01-18 08:19:05,157 [pool-102-thread-1] INFO  server.RaftServerConfigKeys (ConfUtils.java:logGet(44)) - raft.server.notification.no-leader.timeout = 300000ms (custom)
2021-01-18 08:19:05,157 [pool-102-thread-1] INFO  server.RaftServerConfigKeys (ConfUtils.java:logGet(44)) - raft.server.log.use.memory = false (default)
2021-01-18 08:19:05,157 [pool-102-thread-1] INFO  server.RaftServerConfigKeys (ConfUtils.java:logGet(44)) - raft.server.log.purge.gap = 1000000 (custom)
2021-01-18 08:19:05,157 [pool-102-thread-1] INFO  server.RaftServerConfigKeys (ConfUtils.java:logGet(44)) - raft.server.log.appender.buffer.byte-limit = 33554432 (custom)
2021-01-18 08:19:05,157 [pool-102-thread-1] INFO  metrics.RatisMetrics (RatisMetrics.java:lambda$create$0(36)) - Creating Metrics Registry : ratis.log_worker.bfdb13f1-88be-4fd0-b5f0-1bffb59ec9b7@group-064B80184E77
2021-01-18 08:19:05,157 [pool-102-thread-1] INFO  server.RaftServerConfigKeys (ConfUtils.java:logGet(44)) - raft.server.log.segment.size.max = 1048576 (custom)
2021-01-18 08:19:05,158 [pool-102-thread-1] INFO  server.RaftServerConfigKeys (ConfUtils.java:logGet(44)) - raft.server.log.segment.cache.num.max = 2 (custom)
2021-01-18 08:19:05,158 [pool-102-thread-1] INFO  server.RaftServerConfigKeys (ConfUtils.java:logGet(44)) - raft.server.log.segment.cache.size.max = 200MB (=209715200) (default)
2021-01-18 08:19:05,158 [pool-102-thread-1] INFO  segmented.SegmentedRaftLogWorker (SegmentedRaftLogWorker.java:<init>(181)) - new bfdb13f1-88be-4fd0-b5f0-1bffb59ec9b7@group-064B80184E77-SegmentedRaftLogWorker for RaftStorageImpl:Storage Directory /github/workspace/mnt/ozone/hadoop-ozone/integration-test/target/test-dir/MiniOzoneClusterImpl-bdf065e3-4bf0-4703-b3e1-6acc0ac12f97/datanode-4/data/ratis/3385d0de-4eda-4176-8cd6-064b80184e77
2021-01-18 08:19:05,158 [pool-102-thread-1] INFO  server.RaftServerConfigKeys (ConfUtils.java:logGet(44)) - raft.server.log.queue.byte-limit = 2147483647 (custom)
2021-01-18 08:19:05,158 [pool-102-thread-1] INFO  server.RaftServerConfigKeys (ConfUtils.java:logGet(44)) - raft.server.log.queue.element-limit = 1024 (custom)
2021-01-18 08:19:05,158 [pool-102-thread-1] INFO  server.RaftServerConfigKeys (ConfUtils.java:logGet(44)) - raft.server.log.segment.size.max = 1048576 (custom)
2021-01-18 08:19:05,158 [pool-102-thread-1] INFO  server.RaftServerConfigKeys (ConfUtils.java:logGet(44)) - raft.server.log.preallocated.size = 16384 (custom)
2021-01-18 08:19:05,158 [pool-102-thread-1] INFO  server.RaftServerConfigKeys (ConfUtils.java:logGet(44)) - raft.server.log.force.sync.num = 128 (default)
2021-01-18 08:19:05,159 [EventQueue-PipelineReportForPipelineReportHandler] INFO  pipeline.PipelineStateManager (PipelineStateManager.java:openPipeline(132)) - Pipeline Pipeline[ Id: ed94cfc9-54ea-4613-8ec3-58a162b7a17e, Nodes: bfdb13f1-88be-4fd0-b5f0-1bffb59ec9b7{ip: 172.17.0.2, host: dc3504268712, networkLocation: /default-rack, certSerialId: null, persistedOpState: IN_SERVICE, persistedOpStateExpiryEpochSec: 0}, Type:RATIS, Factor:ONE, State:ALLOCATED, leaderId:bfdb13f1-88be-4fd0-b5f0-1bffb59ec9b7, CreationTimestamp2021-01-18T08:19:02.109Z] moved to OPEN state
2021-01-18 08:19:05,159 [EventQueue-PipelineReportForOneReplicaPipelineSafeModeRule] INFO  safemode.SCMSafeModeManager (SCMSafeModeManager.java:validateSafeModeExitRules(214)) - AtleastOneDatanodeReportedRule rule is successfully validated
2021-01-18 08:19:05,160 [EventQueue-OpenPipelineForHealthyPipelineSafeModeRule] INFO  safemode.SCMSafeModeManager (HealthyPipelineSafeModeRule.java:process(128)) - SCM in safe mode. Healthy pipelines reported count is 0, required healthy pipeline reported count is 1
2021-01-18 08:19:05,161 [pool-102-thread-1] INFO  server.RaftServerConfigKeys (ConfUtils.java:logGet(44)) - raft.server.log.statemachine.data.sync = true (default)
2021-01-18 08:19:05,161 [pool-102-thread-1] INFO  server.RaftServerConfigKeys (ConfUtils.java:logGet(44)) - raft.server.log.statemachine.data.sync.timeout = 10s (default)
2021-01-18 08:19:05,161 [pool-102-thread-1] INFO  server.RaftServerConfigKeys (ConfUtils.java:logGet(44)) - raft.server.log.statemachine.data.sync.timeout.retry = -1 (default)
2021-01-18 08:19:05,162 [pool-102-thread-1] INFO  server.RaftServerConfigKeys (ConfUtils.java:logGet(44)) - raft.server.log.write.buffer.size = 1048576 (custom)
2021-01-18 08:19:05,163 [pool-102-thread-1] INFO  server.RaftServerConfigKeys (ConfUtils.java:logGet(44)) - raft.server.log.statemachine.data.caching.enabled = true (custom)
2021-01-18 08:19:05,163 [pool-102-thread-1] INFO  segmented.SegmentedRaftLogWorker (SegmentedRaftLogWorker.java:lambda$new$0(132)) - bfdb13f1-88be-4fd0-b5f0-1bffb59ec9b7@group-064B80184E77-SegmentedRaftLogWorker: flushIndex: setUnconditionally 0 -> -1
2021-01-18 08:19:05,163 [pool-102-thread-1] INFO  segmented.SegmentedRaftLogWorker (SegmentedRaftLogWorker.java:lambda$new$0(132)) - bfdb13f1-88be-4fd0-b5f0-1bffb59ec9b7@group-064B80184E77-SegmentedRaftLogWorker: safeCacheEvictIndex: setUnconditionally 0 -> -1
2021-01-18 08:19:05,168 [pool-102-thread-1] INFO  server.RaftServerConfigKeys (ConfUtils.java:logGet(44)) - raft.server.snapshot.auto.trigger.enabled = true (custom)
2021-01-18 08:19:05,168 [pool-102-thread-1] INFO  server.RaftServerConfigKeys (ConfUtils.java:logGet(44)) - raft.server.snapshot.auto.trigger.threshold = 1 (custom)
2021-01-18 08:19:05,168 [pool-102-thread-1] INFO  server.RaftServerConfigKeys (ConfUtils.java:logGet(44)) - raft.server.snapshot.retention.file.num = 5 (custom)
2021-01-18 08:19:05,168 [pool-102-thread-1] INFO  server.RaftServerConfigKeys (ConfUtils.java:logGet(44)) - raft.server.log.purge.upto.snapshot.index = false (default)
2021-01-18 08:19:05,168 [pool-102-thread-1] INFO  server.RaftServerConfigKeys (ConfUtils.java:logGet(44)) - raft.server.retrycache.expirytime = 600000ms (custom)
2021-01-18 08:19:05,168 [pool-102-thread-1] INFO  server.RaftServerConfigKeys (ConfUtils.java:logGet(44)) - raft.server.retrycache.statistics.expirytime = 100?s (default)
2021-01-18 08:19:05,168 [pool-102-thread-1] INFO  metrics.RatisMetrics (RatisMetrics.java:lambda$create$0(36)) - Creating Metrics Registry : ratis.leader_election.bfdb13f1-88be-4fd0-b5f0-1bffb59ec9b7@group-064B80184E77
2021-01-18 08:19:05,169 [pool-102-thread-1] INFO  metrics.RatisMetrics (RatisMetrics.java:lambda$create$0(36)) - Creating Metrics Registry : ratis.server.bfdb13f1-88be-4fd0-b5f0-1bffb59ec9b7@group-064B80184E77
2021-01-18 08:19:05,171 [pool-102-thread-1] INFO  server.RaftServer$Division (RaftServerImpl.java:<init>(179)) - bfdb13f1-88be-4fd0-b5f0-1bffb59ec9b7: new RaftServerImpl for group-58A162B7A17E:[bfdb13f1-88be-4fd0-b5f0-1bffb59ec9b7|rpc:172.17.0.2:40691|priority:1] with ContainerStateMachine:uninitialized
2021-01-18 08:19:05,171 [pool-102-thread-1] INFO  server.RaftServerConfigKeys (ConfUtils.java:logGet(44)) - raft.server.rpc.timeout.min = 5s (custom)
2021-01-18 08:19:05,171 [pool-102-thread-1] INFO  server.RaftServerConfigKeys (ConfUtils.java:logGet(44)) - raft.server.rpc.timeout.max = 5200ms (custom)
2021-01-18 08:19:05,171 [pool-102-thread-1] INFO  server.RaftServerConfigKeys (ConfUtils.java:logGet(44)) - raft.server.rpc.sleep.time = 25ms (default)
2021-01-18 08:19:05,171 [pool-102-thread-1] INFO  server.RaftServerConfigKeys (ConfUtils.java:logGet(44)) - raft.server.rpc.slowness.timeout = 300000ms (custom)
2021-01-18 08:19:05,171 [pool-102-thread-1] INFO  server.RaftServerConfigKeys (ConfUtils.java:logGet(44)) - raft.server.leaderelection.leader.step-down.wait-time = 10s (default)
2021-01-18 08:19:05,171 [pool-102-thread-1] INFO  server.RaftServerConfigKeys (ConfUtils.java:logGet(44)) - raft.server.sleep.deviation.threshold = 300ms (default)
2021-01-18 08:19:05,171 [pool-102-thread-1] INFO  server.RaftServerConfigKeys (ConfUtils.java:logGet(44)) - raft.server.log.appender.install.snapshot.enabled = false (custom)
2021-01-18 08:19:05,171 [pool-102-thread-1] INFO  server.RaftServer$Division (ServerState.java:<init>(103)) - bfdb13f1-88be-4fd0-b5f0-1bffb59ec9b7@group-58A162B7A17E: ConfigurationManager, init=-1: [bfdb13f1-88be-4fd0-b5f0-1bffb59ec9b7|rpc:172.17.0.2:40691|priority:1], old=null, confs=<EMPTY_MAP>
2021-01-18 08:19:05,171 [pool-102-thread-1] INFO  server.RaftServerConfigKeys (ConfUtils.java:logGet(44)) - raft.server.storage.dir = [/github/workspace/mnt/ozone/hadoop-ozone/integration-test/target/test-dir/MiniOzoneClusterImpl-bdf065e3-4bf0-4703-b3e1-6acc0ac12f97/datanode-4/data/ratis] (custom)
2021-01-18 08:19:05,171 [pool-102-thread-1] INFO  server.RaftServerConfigKeys (ConfUtils.java:logGet(44)) - raft.server.log.corruption.policy = EXCEPTION (default)
2021-01-18 08:19:05,172 [pool-102-thread-1] INFO  storage.RaftStorageDirectory (RaftStorageDirectoryImpl.java:analyzeStorage(132)) - The storage directory /github/workspace/mnt/ozone/hadoop-ozone/integration-test/target/test-dir/MiniOzoneClusterImpl-bdf065e3-4bf0-4703-b3e1-6acc0ac12f97/datanode-4/data/ratis/ed94cfc9-54ea-4613-8ec3-58a162b7a17e does not exist. Creating ...
2021-01-18 08:19:05,202 [EventQueue-OpenPipelineForHealthyPipelineSafeModeRule] INFO  safemode.SCMSafeModeManager (HealthyPipelineSafeModeRule.java:process(128)) - SCM in safe mode. Healthy pipelines reported count is 0, required healthy pipeline reported count is 1
2021-01-18 08:19:05,202 [EventQueue-PipelineReportForOneReplicaPipelineSafeModeRule] INFO  safemode.SCMSafeModeManager (SCMSafeModeManager.java:validateSafeModeExitRules(214)) - AtleastOneDatanodeReportedRule rule is successfully validated
2021-01-18 08:19:05,203 [EventQueue-OpenPipelineForHealthyPipelineSafeModeRule] INFO  safemode.SCMSafeModeManager (HealthyPipelineSafeModeRule.java:process(128)) - SCM in safe mode. Healthy pipelines reported count is 0, required healthy pipeline reported count is 1
2021-01-18 08:19:05,204 [EventQueue-PipelineReportForOneReplicaPipelineSafeModeRule] INFO  safemode.SCMSafeModeManager (SCMSafeModeManager.java:validateSafeModeExitRules(214)) - AtleastOneDatanodeReportedRule rule is successfully validated
2021-01-18 08:19:05,260 [EventQueue-PipelineReportForOneReplicaPipelineSafeModeRule] INFO  safemode.SCMSafeModeManager (SCMSafeModeManager.java:validateSafeModeExitRules(214)) - AtleastOneDatanodeReportedRule rule is successfully validated
2021-01-18 08:19:05,260 [EventQueue-OpenPipelineForHealthyPipelineSafeModeRule] INFO  safemode.SCMSafeModeManager (HealthyPipelineSafeModeRule.java:process(128)) - SCM in safe mode. Healthy pipelines reported count is 0, required healthy pipeline reported count is 1
2021-01-18 08:19:05,278 [EventQueue-PipelineReportForOneReplicaPipelineSafeModeRule] INFO  safemode.SCMSafeModeManager (SCMSafeModeManager.java:validateSafeModeExitRules(214)) - AtleastOneDatanodeReportedRule rule is successfully validated
2021-01-18 08:19:05,296 [EventQueue-PipelineReportForOneReplicaPipelineSafeModeRule] INFO  safemode.SCMSafeModeManager (SCMSafeModeManager.java:validateSafeModeExitRules(214)) - AtleastOneDatanodeReportedRule rule is successfully validated
2021-01-18 08:19:05,296 [EventQueue-PipelineReportForOneReplicaPipelineSafeModeRule] INFO  safemode.SCMSafeModeManager (SCMSafeModeManager.java:validateSafeModeExitRules(214)) - AtleastOneDatanodeReportedRule rule is successfully validated
2021-01-18 08:19:05,296 [EventQueue-PipelineReportForOneReplicaPipelineSafeModeRule] INFO  safemode.SCMSafeModeManager (SCMSafeModeManager.java:validateSafeModeExitRules(214)) - AtleastOneDatanodeReportedRule rule is successfully validated
2021-01-18 08:19:05,298 [Command processor thread] INFO  server.RaftServer (RaftServerProxy.java:addNew(95)) - dc393f10-cf1b-4856-93c0-8107f803be1a: addNew group-24CB2F976346:[dc393f10-cf1b-4856-93c0-8107f803be1a|rpc:172.17.0.2:44865|priority:1] returns group-24CB2F976346:java.util.concurrent.CompletableFuture@6bd718db[Not completed]
2021-01-18 08:19:05,299 [EventQueue-PipelineReportForOneReplicaPipelineSafeModeRule] INFO  safemode.SCMSafeModeManager (SCMSafeModeManager.java:validateSafeModeExitRules(214)) - AtleastOneDatanodeReportedRule rule is successfully validated
2021-01-18 08:19:05,300 [pool-118-thread-1] INFO  server.RaftServer$Division (RaftServerImpl.java:<init>(179)) - dc393f10-cf1b-4856-93c0-8107f803be1a: new RaftServerImpl for group-24CB2F976346:[dc393f10-cf1b-4856-93c0-8107f803be1a|rpc:172.17.0.2:44865|priority:1] with ContainerStateMachine:uninitialized
2021-01-18 08:19:05,301 [pool-118-thread-1] INFO  server.RaftServerConfigKeys (ConfUtils.java:logGet(44)) - raft.server.rpc.timeout.min = 5s (custom)
2021-01-18 08:19:05,301 [pool-118-thread-1] INFO  server.RaftServerConfigKeys (ConfUtils.java:logGet(44)) - raft.server.rpc.timeout.max = 5200ms (custom)
2021-01-18 08:19:05,301 [pool-118-thread-1] INFO  server.RaftServerConfigKeys (ConfUtils.java:logGet(44)) - raft.server.rpc.sleep.time = 25ms (default)
2021-01-18 08:19:05,301 [pool-118-thread-1] INFO  server.RaftServerConfigKeys (ConfUtils.java:logGet(44)) - raft.server.rpc.slowness.timeout = 300000ms (custom)
2021-01-18 08:19:05,301 [pool-118-thread-1] INFO  server.RaftServerConfigKeys (ConfUtils.java:logGet(44)) - raft.server.leaderelection.leader.step-down.wait-time = 10s (default)
2021-01-18 08:19:05,301 [pool-118-thread-1] INFO  server.RaftServerConfigKeys (ConfUtils.java:logGet(44)) - raft.server.sleep.deviation.threshold = 300ms (default)
2021-01-18 08:19:05,301 [pool-118-thread-1] INFO  server.RaftServerConfigKeys (ConfUtils.java:logGet(44)) - raft.server.log.appender.install.snapshot.enabled = false (custom)
2021-01-18 08:19:05,302 [pool-118-thread-1] INFO  server.RaftServer$Division (ServerState.java:<init>(103)) - dc393f10-cf1b-4856-93c0-8107f803be1a@group-24CB2F976346: ConfigurationManager, init=-1: [dc393f10-cf1b-4856-93c0-8107f803be1a|rpc:172.17.0.2:44865|priority:1], old=null, confs=<EMPTY_MAP>
2021-01-18 08:19:05,302 [pool-118-thread-1] INFO  server.RaftServerConfigKeys (ConfUtils.java:logGet(44)) - raft.server.storage.dir = [/github/workspace/mnt/ozone/hadoop-ozone/integration-test/target/test-dir/MiniOzoneClusterImpl-bdf065e3-4bf0-4703-b3e1-6acc0ac12f97/datanode-5/data/ratis] (custom)
2021-01-18 08:19:05,302 [pool-118-thread-1] INFO  server.RaftServerConfigKeys (ConfUtils.java:logGet(44)) - raft.server.log.corruption.policy = EXCEPTION (default)
2021-01-18 08:19:05,302 [pool-118-thread-1] INFO  storage.RaftStorageDirectory (RaftStorageDirectoryImpl.java:analyzeStorage(132)) - The storage directory /github/workspace/mnt/ozone/hadoop-ozone/integration-test/target/test-dir/MiniOzoneClusterImpl-bdf065e3-4bf0-4703-b3e1-6acc0ac12f97/datanode-5/data/ratis/fec9881f-a30c-47eb-9533-24cb2f976346 does not exist. Creating ...
2021-01-18 08:19:05,310 [EventQueue-PipelineReportForOneReplicaPipelineSafeModeRule] INFO  safemode.SCMSafeModeManager (SCMSafeModeManager.java:validateSafeModeExitRules(214)) - AtleastOneDatanodeReportedRule rule is successfully validated
2021-01-18 08:19:05,310 [EventQueue-OpenPipelineForHealthyPipelineSafeModeRule] INFO  safemode.SCMSafeModeManager (HealthyPipelineSafeModeRule.java:process(128)) - SCM in safe mode. Healthy pipelines reported count is 0, required healthy pipeline reported count is 1
2021-01-18 08:19:05,361 [EventQueue-PipelineReportForOneReplicaPipelineSafeModeRule] INFO  safemode.SCMSafeModeManager (SCMSafeModeManager.java:validateSafeModeExitRules(214)) - AtleastOneDatanodeReportedRule rule is successfully validated
2021-01-18 08:19:05,362 [EventQueue-OpenPipelineForHealthyPipelineSafeModeRule] INFO  safemode.SCMSafeModeManager (HealthyPipelineSafeModeRule.java:process(128)) - SCM in safe mode. Healthy pipelines reported count is 0, required healthy pipeline reported count is 1
2021-01-18 08:19:05,403 [EventQueue-PipelineReportForOneReplicaPipelineSafeModeRule] INFO  safemode.SCMSafeModeManager (SCMSafeModeManager.java:validateSafeModeExitRules(214)) - AtleastOneDatanodeReportedRule rule is successfully validated
2021-01-18 08:19:05,403 [EventQueue-OpenPipelineForHealthyPipelineSafeModeRule] INFO  safemode.SCMSafeModeManager (HealthyPipelineSafeModeRule.java:process(128)) - SCM in safe mode. Healthy pipelines reported count is 0, required healthy pipeline reported count is 1
2021-01-18 08:19:05,404 [EventQueue-PipelineReportForOneReplicaPipelineSafeModeRule] INFO  safemode.SCMSafeModeManager (SCMSafeModeManager.java:validateSafeModeExitRules(214)) - AtleastOneDatanodeReportedRule rule is successfully validated
2021-01-18 08:19:05,404 [EventQueue-OpenPipelineForHealthyPipelineSafeModeRule] INFO  safemode.SCMSafeModeManager (HealthyPipelineSafeModeRule.java:process(128)) - SCM in safe mode. Healthy pipelines reported count is 0, required healthy pipeline reported count is 1
2021-01-18 08:19:05,460 [EventQueue-OpenPipelineForHealthyPipelineSafeModeRule] INFO  safemode.SCMSafeModeManager (HealthyPipelineSafeModeRule.java:process(128)) - SCM in safe mode. Healthy pipelines reported count is 0, required healthy pipeline reported count is 1
2021-01-18 08:19:05,460 [EventQueue-PipelineReportForOneReplicaPipelineSafeModeRule] INFO  safemode.SCMSafeModeManager (SCMSafeModeManager.java:validateSafeModeExitRules(214)) - AtleastOneDatanodeReportedRule rule is successfully validated
2021-01-18 08:19:05,479 [EventQueue-PipelineReportForOneReplicaPipelineSafeModeRule] INFO  safemode.SCMSafeModeManager (SCMSafeModeManager.java:validateSafeModeExitRules(214)) - AtleastOneDatanodeReportedRule rule is successfully validated
2021-01-18 08:19:05,482 [Command processor thread] INFO  server.RaftServer (RaftServerProxy.java:addNew(95)) - 98a8f6bd-fbb9-4a8e-a9ec-8fb646ec091b: addNew group-53416BC22AC8:[98a8f6bd-fbb9-4a8e-a9ec-8fb646ec091b|rpc:172.17.0.2:45967|priority:1] returns group-53416BC22AC8:java.util.concurrent.CompletableFuture@7183a164[Not completed]
2021-01-18 08:19:05,483 [pool-134-thread-1] INFO  server.RaftServer$Division (RaftServerImpl.java:<init>(179)) - 98a8f6bd-fbb9-4a8e-a9ec-8fb646ec091b: new RaftServerImpl for group-53416BC22AC8:[98a8f6bd-fbb9-4a8e-a9ec-8fb646ec091b|rpc:172.17.0.2:45967|priority:1] with ContainerStateMachine:uninitialized
2021-01-18 08:19:05,484 [pool-134-thread-1] INFO  server.RaftServerConfigKeys (ConfUtils.java:logGet(44)) - raft.server.rpc.timeout.min = 5s (custom)
2021-01-18 08:19:05,484 [pool-134-thread-1] INFO  server.RaftServerConfigKeys (ConfUtils.java:logGet(44)) - raft.server.rpc.timeout.max = 5200ms (custom)
2021-01-18 08:19:05,484 [pool-134-thread-1] INFO  server.RaftServerConfigKeys (ConfUtils.java:logGet(44)) - raft.server.rpc.sleep.time = 25ms (default)
2021-01-18 08:19:05,484 [pool-134-thread-1] INFO  server.RaftServerConfigKeys (ConfUtils.java:logGet(44)) - raft.server.rpc.slowness.timeout = 300000ms (custom)
2021-01-18 08:19:05,484 [pool-134-thread-1] INFO  server.RaftServerConfigKeys (ConfUtils.java:logGet(44)) - raft.server.leaderelection.leader.step-down.wait-time = 10s (default)
2021-01-18 08:19:05,484 [pool-134-thread-1] INFO  server.RaftServerConfigKeys (ConfUtils.java:logGet(44)) - raft.server.sleep.deviation.threshold = 300ms (default)
2021-01-18 08:19:05,484 [pool-134-thread-1] INFO  server.RaftServerConfigKeys (ConfUtils.java:logGet(44)) - raft.server.log.appender.install.snapshot.enabled = false (custom)
2021-01-18 08:19:05,484 [pool-134-thread-1] INFO  server.RaftServer$Division (ServerState.java:<init>(103)) - 98a8f6bd-fbb9-4a8e-a9ec-8fb646ec091b@group-53416BC22AC8: ConfigurationManager, init=-1: [98a8f6bd-fbb9-4a8e-a9ec-8fb646ec091b|rpc:172.17.0.2:45967|priority:1], old=null, confs=<EMPTY_MAP>
2021-01-18 08:19:05,484 [pool-134-thread-1] INFO  server.RaftServerConfigKeys (ConfUtils.java:logGet(44)) - raft.server.storage.dir = [/github/workspace/mnt/ozone/hadoop-ozone/integration-test/target/test-dir/MiniOzoneClusterImpl-bdf065e3-4bf0-4703-b3e1-6acc0ac12f97/datanode-6/data/ratis] (custom)
2021-01-18 08:19:05,485 [pool-134-thread-1] INFO  server.RaftServerConfigKeys (ConfUtils.java:logGet(44)) - raft.server.log.corruption.policy = EXCEPTION (default)
2021-01-18 08:19:05,485 [pool-134-thread-1] INFO  storage.RaftStorageDirectory (RaftStorageDirectoryImpl.java:analyzeStorage(132)) - The storage directory /github/workspace/mnt/ozone/hadoop-ozone/integration-test/target/test-dir/MiniOzoneClusterImpl-bdf065e3-4bf0-4703-b3e1-6acc0ac12f97/datanode-6/data/ratis/dacf6ae2-768d-45ab-a4bf-53416bc22ac8 does not exist. Creating ...
2021-01-18 08:19:05,495 [EventQueue-PipelineReportForOneReplicaPipelineSafeModeRule] INFO  safemode.SCMSafeModeManager (SCMSafeModeManager.java:validateSafeModeExitRules(214)) - AtleastOneDatanodeReportedRule rule is successfully validated
2021-01-18 08:19:05,495 [EventQueue-PipelineReportForOneReplicaPipelineSafeModeRule] INFO  safemode.SCMSafeModeManager (SCMSafeModeManager.java:validateSafeModeExitRules(214)) - AtleastOneDatanodeReportedRule rule is successfully validated
2021-01-18 08:19:05,496 [EventQueue-PipelineReportForOneReplicaPipelineSafeModeRule] INFO  safemode.SCMSafeModeManager (SCMSafeModeManager.java:validateSafeModeExitRules(214)) - AtleastOneDatanodeReportedRule rule is successfully validated
2021-01-18 08:19:05,499 [EventQueue-PipelineReportForOneReplicaPipelineSafeModeRule] INFO  safemode.SCMSafeModeManager (SCMSafeModeManager.java:validateSafeModeExitRules(214)) - AtleastOneDatanodeReportedRule rule is successfully validated
2021-01-18 08:19:05,500 [EventQueue-PipelineReportForPipelineReportHandler] INFO  pipeline.PipelineStateManager (PipelineStateManager.java:openPipeline(132)) - Pipeline Pipeline[ Id: fec9881f-a30c-47eb-9533-24cb2f976346, Nodes: dc393f10-cf1b-4856-93c0-8107f803be1a{ip: 172.17.0.2, host: dc3504268712, networkLocation: /default-rack, certSerialId: null, persistedOpState: IN_SERVICE, persistedOpStateExpiryEpochSec: 0}, Type:RATIS, Factor:ONE, State:ALLOCATED, leaderId:dc393f10-cf1b-4856-93c0-8107f803be1a, CreationTimestamp2021-01-18T08:19:02.301Z] moved to OPEN state
2021-01-18 08:19:05,503 [EventQueue-OpenPipelineForHealthyPipelineSafeModeRule] INFO  safemode.SCMSafeModeManager (HealthyPipelineSafeModeRule.java:process(128)) - SCM in safe mode. Healthy pipelines reported count is 0, required healthy pipeline reported count is 1
2021-01-18 08:19:05,510 [EventQueue-PipelineReportForOneReplicaPipelineSafeModeRule] INFO  safemode.SCMSafeModeManager (SCMSafeModeManager.java:validateSafeModeExitRules(214)) - AtleastOneDatanodeReportedRule rule is successfully validated
2021-01-18 08:19:05,510 [EventQueue-OpenPipelineForHealthyPipelineSafeModeRule] INFO  safemode.SCMSafeModeManager (HealthyPipelineSafeModeRule.java:process(128)) - SCM in safe mode. Healthy pipelines reported count is 0, required healthy pipeline reported count is 1
2021-01-18 08:19:05,560 [EventQueue-PipelineReportForOneReplicaPipelineSafeModeRule] INFO  safemode.SCMSafeModeManager (SCMSafeModeManager.java:validateSafeModeExitRules(214)) - AtleastOneDatanodeReportedRule rule is successfully validated
2021-01-18 08:19:05,560 [EventQueue-OpenPipelineForHealthyPipelineSafeModeRule] INFO  safemode.SCMSafeModeManager (HealthyPipelineSafeModeRule.java:process(128)) - SCM in safe mode. Healthy pipelines reported count is 0, required healthy pipeline reported count is 1
2021-01-18 08:19:05,603 [EventQueue-PipelineReportForOneReplicaPipelineSafeModeRule] INFO  safemode.SCMSafeModeManager (SCMSafeModeManager.java:validateSafeModeExitRules(214)) - AtleastOneDatanodeReportedRule rule is successfully validated
2021-01-18 08:19:05,603 [EventQueue-OpenPipelineForHealthyPipelineSafeModeRule] INFO  safemode.SCMSafeModeManager (HealthyPipelineSafeModeRule.java:process(128)) - SCM in safe mode. Healthy pipelines reported count is 0, required healthy pipeline reported count is 1
2021-01-18 08:19:05,604 [EventQueue-PipelineReportForOneReplicaPipelineSafeModeRule] INFO  safemode.SCMSafeModeManager (SCMSafeModeManager.java:validateSafeModeExitRules(214)) - AtleastOneDatanodeReportedRule rule is successfully validated
2021-01-18 08:19:05,604 [EventQueue-OpenPipelineForHealthyPipelineSafeModeRule] INFO  safemode.SCMSafeModeManager (HealthyPipelineSafeModeRule.java:process(128)) - SCM in safe mode. Healthy pipelines reported count is 0, required healthy pipeline reported count is 1
2021-01-18 08:19:05,609 [pool-102-thread-1] INFO  storage.RaftStorageDirectory (RaftStorageDirectoryImpl.java:tryLock(215)) - Lock on /github/workspace/mnt/ozone/hadoop-ozone/integration-test/target/test-dir/MiniOzoneClusterImpl-bdf065e3-4bf0-4703-b3e1-6acc0ac12f97/datanode-4/data/ratis/ed94cfc9-54ea-4613-8ec3-58a162b7a17e/in_use.lock acquired by nodename 32076@dc3504268712
2021-01-18 08:19:05,659 [EventQueue-PipelineReportForOneReplicaPipelineSafeModeRule] INFO  safemode.SCMSafeModeManager (SCMSafeModeManager.java:validateSafeModeExitRules(214)) - AtleastOneDatanodeReportedRule rule is successfully validated
2021-01-18 08:19:05,659 [EventQueue-OpenPipelineForHealthyPipelineSafeModeRule] INFO  safemode.SCMSafeModeManager (HealthyPipelineSafeModeRule.java:process(128)) - SCM in safe mode. Healthy pipelines reported count is 0, required healthy pipeline reported count is 1
2021-01-18 08:19:05,678 [Command processor thread] INFO  server.RaftServer (RaftServerProxy.java:addNew(95)) - bc9cf250-f2f7-4763-83b2-e84831211d15: addNew group-D9A7B215F9CB:[bc9cf250-f2f7-4763-83b2-e84831211d15|rpc:172.17.0.2:33353|priority:1] returns group-D9A7B215F9CB:java.util.concurrent.CompletableFuture@289fce9e[Not completed]
2021-01-18 08:19:05,679 [EventQueue-PipelineReportForOneReplicaPipelineSafeModeRule] INFO  safemode.SCMSafeModeManager (SCMSafeModeManager.java:validateSafeModeExitRules(214)) - AtleastOneDatanodeReportedRule rule is successfully validated
2021-01-18 08:19:05,679 [pool-150-thread-1] INFO  server.RaftServer$Division (RaftServerImpl.java:<init>(179)) - bc9cf250-f2f7-4763-83b2-e84831211d15: new RaftServerImpl for group-D9A7B215F9CB:[bc9cf250-f2f7-4763-83b2-e84831211d15|rpc:172.17.0.2:33353|priority:1] with ContainerStateMachine:uninitialized
2021-01-18 08:19:05,681 [pool-150-thread-1] INFO  server.RaftServerConfigKeys (ConfUtils.java:logGet(44)) - raft.server.rpc.timeout.min = 5s (custom)
2021-01-18 08:19:05,681 [pool-150-thread-1] INFO  server.RaftServerConfigKeys (ConfUtils.java:logGet(44)) - raft.server.rpc.timeout.max = 5200ms (custom)
2021-01-18 08:19:05,681 [pool-150-thread-1] INFO  server.RaftServerConfigKeys (ConfUtils.java:logGet(44)) - raft.server.rpc.sleep.time = 25ms (default)
2021-01-18 08:19:05,681 [pool-150-thread-1] INFO  server.RaftServerConfigKeys (ConfUtils.java:logGet(44)) - raft.server.rpc.slowness.timeout = 300000ms (custom)
2021-01-18 08:19:05,681 [pool-150-thread-1] INFO  server.RaftServerConfigKeys (ConfUtils.java:logGet(44)) - raft.server.leaderelection.leader.step-down.wait-time = 10s (default)
2021-01-18 08:19:05,681 [pool-150-thread-1] INFO  server.RaftServerConfigKeys (ConfUtils.java:logGet(44)) - raft.server.sleep.deviation.threshold = 300ms (default)
2021-01-18 08:19:05,681 [pool-150-thread-1] INFO  server.RaftServerConfigKeys (ConfUtils.java:logGet(44)) - raft.server.log.appender.install.snapshot.enabled = false (custom)
2021-01-18 08:19:05,681 [pool-150-thread-1] INFO  server.RaftServer$Division (ServerState.java:<init>(103)) - bc9cf250-f2f7-4763-83b2-e84831211d15@group-D9A7B215F9CB: ConfigurationManager, init=-1: [bc9cf250-f2f7-4763-83b2-e84831211d15|rpc:172.17.0.2:33353|priority:1], old=null, confs=<EMPTY_MAP>
2021-01-18 08:19:05,681 [pool-150-thread-1] INFO  server.RaftServerConfigKeys (ConfUtils.java:logGet(44)) - raft.server.storage.dir = [/github/workspace/mnt/ozone/hadoop-ozone/integration-test/target/test-dir/MiniOzoneClusterImpl-bdf065e3-4bf0-4703-b3e1-6acc0ac12f97/datanode-7/data/ratis] (custom)
2021-01-18 08:19:05,682 [pool-150-thread-1] INFO  server.RaftServerConfigKeys (ConfUtils.java:logGet(44)) - raft.server.log.corruption.policy = EXCEPTION (default)
2021-01-18 08:19:05,682 [pool-150-thread-1] INFO  storage.RaftStorageDirectory (RaftStorageDirectoryImpl.java:analyzeStorage(132)) - The storage directory /github/workspace/mnt/ozone/hadoop-ozone/integration-test/target/test-dir/MiniOzoneClusterImpl-bdf065e3-4bf0-4703-b3e1-6acc0ac12f97/datanode-7/data/ratis/503b528a-287a-4663-ba32-d9a7b215f9cb does not exist. Creating ...
2021-01-18 08:19:05,695 [EventQueue-PipelineReportForOneReplicaPipelineSafeModeRule] INFO  safemode.SCMSafeModeManager (SCMSafeModeManager.java:validateSafeModeExitRules(214)) - AtleastOneDatanodeReportedRule rule is successfully validated
2021-01-18 08:19:05,695 [EventQueue-PipelineReportForOneReplicaPipelineSafeModeRule] INFO  safemode.SCMSafeModeManager (SCMSafeModeManager.java:validateSafeModeExitRules(214)) - AtleastOneDatanodeReportedRule rule is successfully validated
2021-01-18 08:19:05,695 [EventQueue-PipelineReportForPipelineReportHandler] INFO  pipeline.PipelineStateManager (PipelineStateManager.java:openPipeline(132)) - Pipeline Pipeline[ Id: dacf6ae2-768d-45ab-a4bf-53416bc22ac8, Nodes: 98a8f6bd-fbb9-4a8e-a9ec-8fb646ec091b{ip: 172.17.0.2, host: dc3504268712, networkLocation: /default-rack, certSerialId: null, persistedOpState: IN_SERVICE, persistedOpStateExpiryEpochSec: 0}, Type:RATIS, Factor:ONE, State:ALLOCATED, leaderId:98a8f6bd-fbb9-4a8e-a9ec-8fb646ec091b, CreationTimestamp2021-01-18T08:19:02.485Z] moved to OPEN state
2021-01-18 08:19:05,696 [EventQueue-PipelineReportForOneReplicaPipelineSafeModeRule] INFO  safemode.SCMSafeModeManager (SCMSafeModeManager.java:validateSafeModeExitRules(214)) - AtleastOneDatanodeReportedRule rule is successfully validated
2021-01-18 08:19:05,699 [EventQueue-PipelineReportForOneReplicaPipelineSafeModeRule] INFO  safemode.SCMSafeModeManager (SCMSafeModeManager.java:validateSafeModeExitRules(214)) - AtleastOneDatanodeReportedRule rule is successfully validated
2021-01-18 08:19:05,710 [EventQueue-PipelineReportForOneReplicaPipelineSafeModeRule] INFO  safemode.SCMSafeModeManager (SCMSafeModeManager.java:validateSafeModeExitRules(214)) - AtleastOneDatanodeReportedRule rule is successfully validated
2021-01-18 08:19:05,761 [EventQueue-PipelineReportForOneReplicaPipelineSafeModeRule] INFO  safemode.SCMSafeModeManager (SCMSafeModeManager.java:validateSafeModeExitRules(214)) - AtleastOneDatanodeReportedRule rule is successfully validated
2021-01-18 08:19:05,803 [EventQueue-PipelineReportForOneReplicaPipelineSafeModeRule] INFO  safemode.SCMSafeModeManager (SCMSafeModeManager.java:validateSafeModeExitRules(214)) - AtleastOneDatanodeReportedRule rule is successfully validated
2021-01-18 08:19:05,805 [EventQueue-PipelineReportForOneReplicaPipelineSafeModeRule] INFO  safemode.SCMSafeModeManager (SCMSafeModeManager.java:validateSafeModeExitRules(214)) - AtleastOneDatanodeReportedRule rule is successfully validated
2021-01-18 08:19:05,860 [EventQueue-PipelineReportForOneReplicaPipelineSafeModeRule] INFO  safemode.SCMSafeModeManager (SCMSafeModeManager.java:validateSafeModeExitRules(214)) - AtleastOneDatanodeReportedRule rule is successfully validated
2021-01-18 08:19:05,878 [Command processor thread] INFO  server.RaftServer (RaftServerProxy.java:addNew(95)) - 852a0b0b-7bf4-4256-a802-bfb56885f965: addNew group-A24C51A8245B:[852a0b0b-7bf4-4256-a802-bfb56885f965|rpc:172.17.0.2:38945|priority:1] returns group-A24C51A8245B:java.util.concurrent.CompletableFuture@6643d93e[Not completed]
2021-01-18 08:19:05,880 [EventQueue-PipelineReportForOneReplicaPipelineSafeModeRule] INFO  safemode.SCMSafeModeManager (SCMSafeModeManager.java:validateSafeModeExitRules(214)) - AtleastOneDatanodeReportedRule rule is successfully validated
2021-01-18 08:19:05,881 [pool-166-thread-1] INFO  server.RaftServer$Division (RaftServerImpl.java:<init>(179)) - 852a0b0b-7bf4-4256-a802-bfb56885f965: new RaftServerImpl for group-A24C51A8245B:[852a0b0b-7bf4-4256-a802-bfb56885f965|rpc:172.17.0.2:38945|priority:1] with ContainerStateMachine:uninitialized
2021-01-18 08:19:05,882 [pool-166-thread-1] INFO  server.RaftServerConfigKeys (ConfUtils.java:logGet(44)) - raft.server.rpc.timeout.min = 5s (custom)
2021-01-18 08:19:05,882 [pool-166-thread-1] INFO  server.RaftServerConfigKeys (ConfUtils.java:logGet(44)) - raft.server.rpc.timeout.max = 5200ms (custom)
2021-01-18 08:19:05,883 [pool-166-thread-1] INFO  server.RaftServerConfigKeys (ConfUtils.java:logGet(44)) - raft.server.rpc.sleep.time = 25ms (default)
2021-01-18 08:19:05,884 [pool-166-thread-1] INFO  server.RaftServerConfigKeys (ConfUtils.java:logGet(44)) - raft.server.rpc.slowness.timeout = 300000ms (custom)
2021-01-18 08:19:05,884 [pool-166-thread-1] INFO  server.RaftServerConfigKeys (ConfUtils.java:logGet(44)) - raft.server.leaderelection.leader.step-down.wait-time = 10s (default)
2021-01-18 08:19:05,884 [pool-166-thread-1] INFO  server.RaftServerConfigKeys (ConfUtils.java:logGet(44)) - raft.server.sleep.deviation.threshold = 300ms (default)
2021-01-18 08:19:05,884 [pool-166-thread-1] INFO  server.RaftServerConfigKeys (ConfUtils.java:logGet(44)) - raft.server.log.appender.install.snapshot.enabled = false (custom)
2021-01-18 08:19:05,884 [pool-166-thread-1] INFO  server.RaftServer$Division (ServerState.java:<init>(103)) - 852a0b0b-7bf4-4256-a802-bfb56885f965@group-A24C51A8245B: ConfigurationManager, init=-1: [852a0b0b-7bf4-4256-a802-bfb56885f965|rpc:172.17.0.2:38945|priority:1], old=null, confs=<EMPTY_MAP>
2021-01-18 08:19:05,884 [pool-166-thread-1] INFO  server.RaftServerConfigKeys (ConfUtils.java:logGet(44)) - raft.server.storage.dir = [/github/workspace/mnt/ozone/hadoop-ozone/integration-test/target/test-dir/MiniOzoneClusterImpl-bdf065e3-4bf0-4703-b3e1-6acc0ac12f97/datanode-8/data/ratis] (custom)
2021-01-18 08:19:05,884 [pool-166-thread-1] INFO  server.RaftServerConfigKeys (ConfUtils.java:logGet(44)) - raft.server.log.corruption.policy = EXCEPTION (default)
2021-01-18 08:19:05,885 [pool-166-thread-1] INFO  storage.RaftStorageDirectory (RaftStorageDirectoryImpl.java:analyzeStorage(132)) - The storage directory /github/workspace/mnt/ozone/hadoop-ozone/integration-test/target/test-dir/MiniOzoneClusterImpl-bdf065e3-4bf0-4703-b3e1-6acc0ac12f97/datanode-8/data/ratis/95eae760-9b4e-4935-99d8-a24c51a8245b does not exist. Creating ...
2021-01-18 08:19:05,895 [EventQueue-PipelineReportForOneReplicaPipelineSafeModeRule] INFO  safemode.SCMSafeModeManager (SCMSafeModeManager.java:validateSafeModeExitRules(214)) - AtleastOneDatanodeReportedRule rule is successfully validated
2021-01-18 08:19:05,896 [EventQueue-PipelineReportForOneReplicaPipelineSafeModeRule] INFO  safemode.SCMSafeModeManager (SCMSafeModeManager.java:validateSafeModeExitRules(214)) - AtleastOneDatanodeReportedRule rule is successfully validated
2021-01-18 08:19:05,897 [EventQueue-PipelineReportForOneReplicaPipelineSafeModeRule] INFO  safemode.SCMSafeModeManager (SCMSafeModeManager.java:validateSafeModeExitRules(214)) - AtleastOneDatanodeReportedRule rule is successfully validated
2021-01-18 08:19:05,899 [EventQueue-PipelineReportForOneReplicaPipelineSafeModeRule] INFO  safemode.SCMSafeModeManager (SCMSafeModeManager.java:validateSafeModeExitRules(214)) - AtleastOneDatanodeReportedRule rule is successfully validated
2021-01-18 08:19:05,910 [EventQueue-PipelineReportForOneReplicaPipelineSafeModeRule] INFO  safemode.SCMSafeModeManager (SCMSafeModeManager.java:validateSafeModeExitRules(214)) - AtleastOneDatanodeReportedRule rule is successfully validated
2021-01-18 08:19:05,961 [EventQueue-PipelineReportForOneReplicaPipelineSafeModeRule] INFO  safemode.SCMSafeModeManager (SCMSafeModeManager.java:validateSafeModeExitRules(214)) - AtleastOneDatanodeReportedRule rule is successfully validated
2021-01-18 08:19:06,003 [EventQueue-PipelineReportForOneReplicaPipelineSafeModeRule] INFO  safemode.SCMSafeModeManager (SCMSafeModeManager.java:validateSafeModeExitRules(214)) - AtleastOneDatanodeReportedRule rule is successfully validated
2021-01-18 08:19:06,004 [EventQueue-PipelineReportForOneReplicaPipelineSafeModeRule] INFO  safemode.SCMSafeModeManager (SCMSafeModeManager.java:validateSafeModeExitRules(214)) - AtleastOneDatanodeReportedRule rule is successfully validated
2021-01-18 08:19:06,059 [EventQueue-PipelineReportForOneReplicaPipelineSafeModeRule] INFO  safemode.SCMSafeModeManager (SCMSafeModeManager.java:validateSafeModeExitRules(214)) - AtleastOneDatanodeReportedRule rule is successfully validated
2021-01-18 08:19:06,070 [Listener at 127.0.0.1/45853] INFO  ozone.MiniOzoneClusterImpl (MiniOzoneClusterImpl.java:lambda$waitForClusterToBeReady$0(179)) - Nodes are ready. Got 10 of 10 DN Heartbeats.
2021-01-18 08:19:06,071 [Listener at 127.0.0.1/45853] INFO  ozone.MiniOzoneClusterImpl (MiniOzoneClusterImpl.java:lambda$waitForClusterToBeReady$0(182)) - Waiting for cluster to exit safe mode
2021-01-18 08:19:06,077 [Command processor thread] INFO  server.RaftServer (RaftServerProxy.java:addNew(95)) - 80d4453e-3cb3-4128-a9dd-fc82c17086c2: addNew group-8D8766D6CA45:[80d4453e-3cb3-4128-a9dd-fc82c17086c2|rpc:172.17.0.2:37911|priority:1] returns group-8D8766D6CA45:java.util.concurrent.CompletableFuture@144fc40b[Not completed]
2021-01-18 08:19:06,079 [pool-181-thread-1] INFO  server.RaftServer$Division (RaftServerImpl.java:<init>(179)) - 80d4453e-3cb3-4128-a9dd-fc82c17086c2: new RaftServerImpl for group-8D8766D6CA45:[80d4453e-3cb3-4128-a9dd-fc82c17086c2|rpc:172.17.0.2:37911|priority:1] with ContainerStateMachine:uninitialized
2021-01-18 08:19:06,080 [pool-181-thread-1] INFO  server.RaftServerConfigKeys (ConfUtils.java:logGet(44)) - raft.server.rpc.timeout.min = 5s (custom)
2021-01-18 08:19:06,080 [pool-181-thread-1] INFO  server.RaftServerConfigKeys (ConfUtils.java:logGet(44)) - raft.server.rpc.timeout.max = 5200ms (custom)
2021-01-18 08:19:06,080 [pool-181-thread-1] INFO  server.RaftServerConfigKeys (ConfUtils.java:logGet(44)) - raft.server.rpc.sleep.time = 25ms (default)
2021-01-18 08:19:06,080 [pool-181-thread-1] INFO  server.RaftServerConfigKeys (ConfUtils.java:logGet(44)) - raft.server.rpc.slowness.timeout = 300000ms (custom)
2021-01-18 08:19:06,080 [pool-181-thread-1] INFO  server.RaftServerConfigKeys (ConfUtils.java:logGet(44)) - raft.server.leaderelection.leader.step-down.wait-time = 10s (default)
2021-01-18 08:19:06,081 [EventQueue-PipelineReportForOneReplicaPipelineSafeModeRule] INFO  safemode.SCMSafeModeManager (SCMSafeModeManager.java:validateSafeModeExitRules(214)) - AtleastOneDatanodeReportedRule rule is successfully validated
2021-01-18 08:19:06,081 [pool-181-thread-1] INFO  server.RaftServerConfigKeys (ConfUtils.java:logGet(44)) - raft.server.sleep.deviation.threshold = 300ms (default)
2021-01-18 08:19:06,081 [pool-181-thread-1] INFO  server.RaftServerConfigKeys (ConfUtils.java:logGet(44)) - raft.server.log.appender.install.snapshot.enabled = false (custom)
2021-01-18 08:19:06,081 [pool-181-thread-1] INFO  server.RaftServer$Division (ServerState.java:<init>(103)) - 80d4453e-3cb3-4128-a9dd-fc82c17086c2@group-8D8766D6CA45: ConfigurationManager, init=-1: [80d4453e-3cb3-4128-a9dd-fc82c17086c2|rpc:172.17.0.2:37911|priority:1], old=null, confs=<EMPTY_MAP>
2021-01-18 08:19:06,081 [pool-181-thread-1] INFO  server.RaftServerConfigKeys (ConfUtils.java:logGet(44)) - raft.server.storage.dir = [/github/workspace/mnt/ozone/hadoop-ozone/integration-test/target/test-dir/MiniOzoneClusterImpl-bdf065e3-4bf0-4703-b3e1-6acc0ac12f97/datanode-9/data/ratis] (custom)
2021-01-18 08:19:06,081 [pool-181-thread-1] INFO  server.RaftServerConfigKeys (ConfUtils.java:logGet(44)) - raft.server.log.corruption.policy = EXCEPTION (default)
2021-01-18 08:19:06,081 [pool-181-thread-1] INFO  storage.RaftStorageDirectory (RaftStorageDirectoryImpl.java:analyzeStorage(132)) - The storage directory /github/workspace/mnt/ozone/hadoop-ozone/integration-test/target/test-dir/MiniOzoneClusterImpl-bdf065e3-4bf0-4703-b3e1-6acc0ac12f97/datanode-9/data/ratis/33af3b24-265c-4310-9e6b-8d8766d6ca45 does not exist. Creating ...
2021-01-18 08:19:06,095 [EventQueue-PipelineReportForOneReplicaPipelineSafeModeRule] INFO  safemode.SCMSafeModeManager (SCMSafeModeManager.java:validateSafeModeExitRules(214)) - AtleastOneDatanodeReportedRule rule is successfully validated
2021-01-18 08:19:06,096 [EventQueue-PipelineReportForOneReplicaPipelineSafeModeRule] INFO  safemode.SCMSafeModeManager (SCMSafeModeManager.java:validateSafeModeExitRules(214)) - AtleastOneDatanodeReportedRule rule is successfully validated
2021-01-18 08:19:06,096 [EventQueue-PipelineReportForOneReplicaPipelineSafeModeRule] INFO  safemode.SCMSafeModeManager (SCMSafeModeManager.java:validateSafeModeExitRules(214)) - AtleastOneDatanodeReportedRule rule is successfully validated
2021-01-18 08:19:06,099 [EventQueue-PipelineReportForOneReplicaPipelineSafeModeRule] INFO  safemode.SCMSafeModeManager (SCMSafeModeManager.java:validateSafeModeExitRules(214)) - AtleastOneDatanodeReportedRule rule is successfully validated
2021-01-18 08:19:06,111 [EventQueue-PipelineReportForOneReplicaPipelineSafeModeRule] INFO  safemode.SCMSafeModeManager (SCMSafeModeManager.java:validateSafeModeExitRules(214)) - AtleastOneDatanodeReportedRule rule is successfully validated
2021-01-18 08:19:06,156 [pool-134-thread-1] INFO  storage.RaftStorageDirectory (RaftStorageDirectoryImpl.java:tryLock(215)) - Lock on /github/workspace/mnt/ozone/hadoop-ozone/integration-test/target/test-dir/MiniOzoneClusterImpl-bdf065e3-4bf0-4703-b3e1-6acc0ac12f97/datanode-6/data/ratis/dacf6ae2-768d-45ab-a4bf-53416bc22ac8/in_use.lock acquired by nodename 32076@dc3504268712
2021-01-18 08:19:06,156 [pool-118-thread-1] INFO  storage.RaftStorageDirectory (RaftStorageDirectoryImpl.java:tryLock(215)) - Lock on /github/workspace/mnt/ozone/hadoop-ozone/integration-test/target/test-dir/MiniOzoneClusterImpl-bdf065e3-4bf0-4703-b3e1-6acc0ac12f97/datanode-5/data/ratis/fec9881f-a30c-47eb-9533-24cb2f976346/in_use.lock acquired by nodename 32076@dc3504268712
2021-01-18 08:19:06,157 [EventQueue-OpenPipelineForHealthyPipelineSafeModeRule] INFO  safemode.SCMSafeModeManager (HealthyPipelineSafeModeRule.java:process(128)) - SCM in safe mode. Healthy pipelines reported count is 0, required healthy pipeline reported count is 1
2021-01-18 08:19:06,157 [EventQueue-OpenPipelineForHealthyPipelineSafeModeRule] INFO  safemode.SCMSafeModeManager (HealthyPipelineSafeModeRule.java:process(128)) - SCM in safe mode. Healthy pipelines reported count is 0, required healthy pipeline reported count is 1
2021-01-18 08:19:06,157 [EventQueue-OpenPipelineForHealthyPipelineSafeModeRule] INFO  safemode.SCMSafeModeManager (HealthyPipelineSafeModeRule.java:process(128)) - SCM in safe mode. Healthy pipelines reported count is 0, required healthy pipeline reported count is 1
2021-01-18 08:19:06,157 [EventQueue-OpenPipelineForHealthyPipelineSafeModeRule] INFO  safemode.SCMSafeModeManager (HealthyPipelineSafeModeRule.java:process(128)) - SCM in safe mode. Healthy pipelines reported count is 0, required healthy pipeline reported count is 1
2021-01-18 08:19:06,157 [EventQueue-OpenPipelineForHealthyPipelineSafeModeRule] INFO  safemode.SCMSafeModeManager (HealthyPipelineSafeModeRule.java:process(128)) - SCM in safe mode. Healthy pipelines reported count is 0, required healthy pipeline reported count is 1
2021-01-18 08:19:06,157 [EventQueue-OpenPipelineForHealthyPipelineSafeModeRule] INFO  safemode.SCMSafeModeManager (HealthyPipelineSafeModeRule.java:process(128)) - SCM in safe mode. Healthy pipelines reported count is 0, required healthy pipeline reported count is 1
2021-01-18 08:19:06,157 [EventQueue-OpenPipelineForHealthyPipelineSafeModeRule] INFO  safemode.SCMSafeModeManager (HealthyPipelineSafeModeRule.java:process(128)) - SCM in safe mode. Healthy pipelines reported count is 0, required healthy pipeline reported count is 1
2021-01-18 08:19:06,157 [EventQueue-OpenPipelineForHealthyPipelineSafeModeRule] INFO  safemode.SCMSafeModeManager (HealthyPipelineSafeModeRule.java:process(128)) - SCM in safe mode. Healthy pipelines reported count is 0, required healthy pipeline reported count is 1
2021-01-18 08:19:06,157 [EventQueue-OpenPipelineForHealthyPipelineSafeModeRule] INFO  safemode.SCMSafeModeManager (HealthyPipelineSafeModeRule.java:process(128)) - SCM in safe mode. Healthy pipelines reported count is 0, required healthy pipeline reported count is 1
2021-01-18 08:19:06,157 [EventQueue-OpenPipelineForHealthyPipelineSafeModeRule] INFO  safemode.SCMSafeModeManager (HealthyPipelineSafeModeRule.java:process(128)) - SCM in safe mode. Healthy pipelines reported count is 0, required healthy pipeline reported count is 1
2021-01-18 08:19:06,157 [EventQueue-OpenPipelineForHealthyPipelineSafeModeRule] INFO  safemode.SCMSafeModeManager (HealthyPipelineSafeModeRule.java:process(128)) - SCM in safe mode. Healthy pipelines reported count is 0, required healthy pipeline reported count is 1
2021-01-18 08:19:06,157 [EventQueue-OpenPipelineForHealthyPipelineSafeModeRule] INFO  safemode.SCMSafeModeManager (HealthyPipelineSafeModeRule.java:process(128)) - SCM in safe mode. Healthy pipelines reported count is 0, required healthy pipeline reported count is 1
2021-01-18 08:19:06,157 [EventQueue-OpenPipelineForHealthyPipelineSafeModeRule] INFO  safemode.SCMSafeModeManager (HealthyPipelineSafeModeRule.java:process(128)) - SCM in safe mode. Healthy pipelines reported count is 0, required healthy pipeline reported count is 1
2021-01-18 08:19:06,158 [EventQueue-OpenPipelineForHealthyPipelineSafeModeRule] INFO  safemode.SCMSafeModeManager (HealthyPipelineSafeModeRule.java:process(128)) - SCM in safe mode. Healthy pipelines reported count is 0, required healthy pipeline reported count is 1
2021-01-18 08:19:06,158 [EventQueue-OpenPipelineForHealthyPipelineSafeModeRule] INFO  safemode.SCMSafeModeManager (HealthyPipelineSafeModeRule.java:process(128)) - SCM in safe mode. Healthy pipelines reported count is 0, required healthy pipeline reported count is 1
2021-01-18 08:19:06,157 [pool-150-thread-1] INFO  storage.RaftStorageDirectory (RaftStorageDirectoryImpl.java:tryLock(215)) - Lock on /github/workspace/mnt/ozone/hadoop-ozone/integration-test/target/test-dir/MiniOzoneClusterImpl-bdf065e3-4bf0-4703-b3e1-6acc0ac12f97/datanode-7/data/ratis/503b528a-287a-4663-ba32-d9a7b215f9cb/in_use.lock acquired by nodename 32076@dc3504268712
2021-01-18 08:19:06,157 [pool-134-thread-1] INFO  storage.RaftStorage (RaftStorageImpl.java:format(87)) - Storage directory /github/workspace/mnt/ozone/hadoop-ozone/integration-test/target/test-dir/MiniOzoneClusterImpl-bdf065e3-4bf0-4703-b3e1-6acc0ac12f97/datanode-6/data/ratis/dacf6ae2-768d-45ab-a4bf-53416bc22ac8 has been successfully formatted.
2021-01-18 08:19:06,157 [pool-181-thread-1] INFO  storage.RaftStorageDirectory (RaftStorageDirectoryImpl.java:tryLock(215)) - Lock on /github/workspace/mnt/ozone/hadoop-ozone/integration-test/target/test-dir/MiniOzoneClusterImpl-bdf065e3-4bf0-4703-b3e1-6acc0ac12f97/datanode-9/data/ratis/33af3b24-265c-4310-9e6b-8d8766d6ca45/in_use.lock acquired by nodename 32076@dc3504268712
2021-01-18 08:19:06,159 [pool-118-thread-1] INFO  storage.RaftStorage (RaftStorageImpl.java:format(87)) - Storage directory /github/workspace/mnt/ozone/hadoop-ozone/integration-test/target/test-dir/MiniOzoneClusterImpl-bdf065e3-4bf0-4703-b3e1-6acc0ac12f97/datanode-5/data/ratis/fec9881f-a30c-47eb-9533-24cb2f976346 has been successfully formatted.
2021-01-18 08:19:06,159 [pool-134-thread-1] INFO  ratis.ContainerStateMachine (ContainerStateMachine.java:loadSnapshot(223)) - group-53416BC22AC8: The snapshot info is null. Setting the last applied indexto:(t:0, i:~)
2021-01-18 08:19:06,159 [pool-118-thread-1] INFO  ratis.ContainerStateMachine (ContainerStateMachine.java:loadSnapshot(223)) - group-24CB2F976346: The snapshot info is null. Setting the last applied indexto:(t:0, i:~)
2021-01-18 08:19:06,159 [pool-118-thread-1] ERROR storage.RaftStorage (RaftStorageImpl.java:readRaftConfiguration(147)) - Failed reading configuration from file:/github/workspace/mnt/ozone/hadoop-ozone/integration-test/target/test-dir/MiniOzoneClusterImpl-bdf065e3-4bf0-4703-b3e1-6acc0ac12f97/datanode-5/data/ratis/fec9881f-a30c-47eb-9533-24cb2f976346/current/raft-meta.conf
java.io.FileNotFoundException: /github/workspace/mnt/ozone/hadoop-ozone/integration-test/target/test-dir/MiniOzoneClusterImpl-bdf065e3-4bf0-4703-b3e1-6acc0ac12f97/datanode-5/data/ratis/fec9881f-a30c-47eb-9533-24cb2f976346/current/raft-meta.conf (No such file or directory)
	at java.io.FileInputStream.open0(Native Method)
	at java.io.FileInputStream.open(FileInputStream.java:195)
	at java.io.FileInputStream.<init>(FileInputStream.java:138)
	at org.apache.ratis.server.storage.RaftStorageImpl.readRaftConfiguration(RaftStorageImpl.java:143)
	at org.apache.ratis.server.impl.ServerState.<init>(ServerState.java:113)
	at org.apache.ratis.server.impl.RaftServerImpl.<init>(RaftServerImpl.java:192)
	at org.apache.ratis.server.impl.RaftServerProxy.lambda$newRaftServerImpl$4(RaftServerProxy.java:266)
	at java.util.concurrent.CompletableFuture$AsyncSupply.run(CompletableFuture.java:1604)
	at java.util.concurrent.ThreadPoolExecutor.runWorker(ThreadPoolExecutor.java:1149)
	at java.util.concurrent.ThreadPoolExecutor$Worker.run(ThreadPoolExecutor.java:624)
	at java.lang.Thread.run(Thread.java:748)
2021-01-18 08:19:06,159 [pool-118-thread-1] INFO  server.RaftServerConfigKeys (ConfUtils.java:logGet(44)) - raft.server.notification.no-leader.timeout = 300000ms (custom)
2021-01-18 08:19:06,159 [pool-118-thread-1] INFO  server.RaftServerConfigKeys (ConfUtils.java:logGet(44)) - raft.server.log.use.memory = false (default)
2021-01-18 08:19:06,159 [pool-118-thread-1] INFO  server.RaftServerConfigKeys (ConfUtils.java:logGet(44)) - raft.server.log.purge.gap = 1000000 (custom)
2021-01-18 08:19:06,159 [pool-118-thread-1] INFO  server.RaftServerConfigKeys (ConfUtils.java:logGet(44)) - raft.server.log.appender.buffer.byte-limit = 33554432 (custom)
2021-01-18 08:19:06,159 [pool-118-thread-1] INFO  metrics.RatisMetrics (RatisMetrics.java:lambda$create$0(36)) - Creating Metrics Registry : ratis.log_worker.dc393f10-cf1b-4856-93c0-8107f803be1a@group-24CB2F976346
2021-01-18 08:19:06,160 [pool-118-thread-1] INFO  server.RaftServerConfigKeys (ConfUtils.java:logGet(44)) - raft.server.log.segment.size.max = 1048576 (custom)
2021-01-18 08:19:06,160 [pool-118-thread-1] INFO  server.RaftServerConfigKeys (ConfUtils.java:logGet(44)) - raft.server.log.segment.cache.num.max = 2 (custom)
2021-01-18 08:19:06,160 [pool-118-thread-1] INFO  server.RaftServerConfigKeys (ConfUtils.java:logGet(44)) - raft.server.log.segment.cache.size.max = 200MB (=209715200) (default)
2021-01-18 08:19:06,160 [pool-118-thread-1] INFO  segmented.SegmentedRaftLogWorker (SegmentedRaftLogWorker.java:<init>(181)) - new dc393f10-cf1b-4856-93c0-8107f803be1a@group-24CB2F976346-SegmentedRaftLogWorker for RaftStorageImpl:Storage Directory /github/workspace/mnt/ozone/hadoop-ozone/integration-test/target/test-dir/MiniOzoneClusterImpl-bdf065e3-4bf0-4703-b3e1-6acc0ac12f97/datanode-5/data/ratis/fec9881f-a30c-47eb-9533-24cb2f976346
2021-01-18 08:19:06,160 [pool-118-thread-1] INFO  server.RaftServerConfigKeys (ConfUtils.java:logGet(44)) - raft.server.log.queue.byte-limit = 2147483647 (custom)
2021-01-18 08:19:06,160 [pool-118-thread-1] INFO  server.RaftServerConfigKeys (ConfUtils.java:logGet(44)) - raft.server.log.queue.element-limit = 1024 (custom)
2021-01-18 08:19:06,160 [pool-118-thread-1] INFO  server.RaftServerConfigKeys (ConfUtils.java:logGet(44)) - raft.server.log.segment.size.max = 1048576 (custom)
2021-01-18 08:19:06,160 [pool-118-thread-1] INFO  server.RaftServerConfigKeys (ConfUtils.java:logGet(44)) - raft.server.log.preallocated.size = 16384 (custom)
2021-01-18 08:19:06,161 [pool-118-thread-1] INFO  server.RaftServerConfigKeys (ConfUtils.java:logGet(44)) - raft.server.log.force.sync.num = 128 (default)
2021-01-18 08:19:06,161 [pool-118-thread-1] INFO  server.RaftServerConfigKeys (ConfUtils.java:logGet(44)) - raft.server.log.statemachine.data.sync = true (default)
2021-01-18 08:19:06,161 [pool-118-thread-1] INFO  server.RaftServerConfigKeys (ConfUtils.java:logGet(44)) - raft.server.log.statemachine.data.sync.timeout = 10s (default)
2021-01-18 08:19:06,161 [pool-118-thread-1] INFO  server.RaftServerConfigKeys (ConfUtils.java:logGet(44)) - raft.server.log.statemachine.data.sync.timeout.retry = -1 (default)
2021-01-18 08:19:06,162 [pool-118-thread-1] INFO  server.RaftServerConfigKeys (ConfUtils.java:logGet(44)) - raft.server.log.write.buffer.size = 1048576 (custom)
2021-01-18 08:19:06,162 [pool-150-thread-1] INFO  storage.RaftStorage (RaftStorageImpl.java:format(87)) - Storage directory /github/workspace/mnt/ozone/hadoop-ozone/integration-test/target/test-dir/MiniOzoneClusterImpl-bdf065e3-4bf0-4703-b3e1-6acc0ac12f97/datanode-7/data/ratis/503b528a-287a-4663-ba32-d9a7b215f9cb has been successfully formatted.
2021-01-18 08:19:06,163 [pool-150-thread-1] INFO  ratis.ContainerStateMachine (ContainerStateMachine.java:loadSnapshot(223)) - group-D9A7B215F9CB: The snapshot info is null. Setting the last applied indexto:(t:0, i:~)
2021-01-18 08:19:06,157 [pool-166-thread-1] INFO  storage.RaftStorageDirectory (RaftStorageDirectoryImpl.java:tryLock(215)) - Lock on /github/workspace/mnt/ozone/hadoop-ozone/integration-test/target/test-dir/MiniOzoneClusterImpl-bdf065e3-4bf0-4703-b3e1-6acc0ac12f97/datanode-8/data/ratis/95eae760-9b4e-4935-99d8-a24c51a8245b/in_use.lock acquired by nodename 32076@dc3504268712
2021-01-18 08:19:06,157 [pool-102-thread-1] INFO  storage.RaftStorage (RaftStorageImpl.java:format(87)) - Storage directory /github/workspace/mnt/ozone/hadoop-ozone/integration-test/target/test-dir/MiniOzoneClusterImpl-bdf065e3-4bf0-4703-b3e1-6acc0ac12f97/datanode-4/data/ratis/ed94cfc9-54ea-4613-8ec3-58a162b7a17e has been successfully formatted.
2021-01-18 08:19:06,163 [pool-102-thread-1] INFO  ratis.ContainerStateMachine (ContainerStateMachine.java:loadSnapshot(223)) - group-58A162B7A17E: The snapshot info is null. Setting the last applied indexto:(t:0, i:~)
2021-01-18 08:19:06,163 [pool-102-thread-1] ERROR storage.RaftStorage (RaftStorageImpl.java:readRaftConfiguration(147)) - Failed reading configuration from file:/github/workspace/mnt/ozone/hadoop-ozone/integration-test/target/test-dir/MiniOzoneClusterImpl-bdf065e3-4bf0-4703-b3e1-6acc0ac12f97/datanode-4/data/ratis/ed94cfc9-54ea-4613-8ec3-58a162b7a17e/current/raft-meta.conf
java.io.FileNotFoundException: /github/workspace/mnt/ozone/hadoop-ozone/integration-test/target/test-dir/MiniOzoneClusterImpl-bdf065e3-4bf0-4703-b3e1-6acc0ac12f97/datanode-4/data/ratis/ed94cfc9-54ea-4613-8ec3-58a162b7a17e/current/raft-meta.conf (No such file or directory)
	at java.io.FileInputStream.open0(Native Method)
	at java.io.FileInputStream.open(FileInputStream.java:195)
	at java.io.FileInputStream.<init>(FileInputStream.java:138)
	at org.apache.ratis.server.storage.RaftStorageImpl.readRaftConfiguration(RaftStorageImpl.java:143)
	at org.apache.ratis.server.impl.ServerState.<init>(ServerState.java:113)
	at org.apache.ratis.server.impl.RaftServerImpl.<init>(RaftServerImpl.java:192)
	at org.apache.ratis.server.impl.RaftServerProxy.lambda$newRaftServerImpl$4(RaftServerProxy.java:266)
	at java.util.concurrent.CompletableFuture$AsyncSupply.run(CompletableFuture.java:1604)
	at java.util.concurrent.ThreadPoolExecutor.runWorker(ThreadPoolExecutor.java:1149)
	at java.util.concurrent.ThreadPoolExecutor$Worker.run(ThreadPoolExecutor.java:624)
	at java.lang.Thread.run(Thread.java:748)
2021-01-18 08:19:06,164 [pool-102-thread-1] INFO  server.RaftServerConfigKeys (ConfUtils.java:logGet(44)) - raft.server.notification.no-leader.timeout = 300000ms (custom)
2021-01-18 08:19:06,164 [pool-102-thread-1] INFO  server.RaftServerConfigKeys (ConfUtils.java:logGet(44)) - raft.server.log.use.memory = false (default)
2021-01-18 08:19:06,164 [pool-102-thread-1] INFO  server.RaftServerConfigKeys (ConfUtils.java:logGet(44)) - raft.server.log.purge.gap = 1000000 (custom)
2021-01-18 08:19:06,164 [pool-102-thread-1] INFO  server.RaftServerConfigKeys (ConfUtils.java:logGet(44)) - raft.server.log.appender.buffer.byte-limit = 33554432 (custom)
2021-01-18 08:19:06,164 [pool-102-thread-1] INFO  metrics.RatisMetrics (RatisMetrics.java:lambda$create$0(36)) - Creating Metrics Registry : ratis.log_worker.bfdb13f1-88be-4fd0-b5f0-1bffb59ec9b7@group-58A162B7A17E
2021-01-18 08:19:06,164 [pool-102-thread-1] INFO  server.RaftServerConfigKeys (ConfUtils.java:logGet(44)) - raft.server.log.segment.size.max = 1048576 (custom)
2021-01-18 08:19:06,164 [pool-102-thread-1] INFO  server.RaftServerConfigKeys (ConfUtils.java:logGet(44)) - raft.server.log.segment.cache.num.max = 2 (custom)
2021-01-18 08:19:06,164 [pool-102-thread-1] INFO  server.RaftServerConfigKeys (ConfUtils.java:logGet(44)) - raft.server.log.segment.cache.size.max = 200MB (=209715200) (default)
2021-01-18 08:19:06,164 [pool-102-thread-1] INFO  segmented.SegmentedRaftLogWorker (SegmentedRaftLogWorker.java:<init>(181)) - new bfdb13f1-88be-4fd0-b5f0-1bffb59ec9b7@group-58A162B7A17E-SegmentedRaftLogWorker for RaftStorageImpl:Storage Directory /github/workspace/mnt/ozone/hadoop-ozone/integration-test/target/test-dir/MiniOzoneClusterImpl-bdf065e3-4bf0-4703-b3e1-6acc0ac12f97/datanode-4/data/ratis/ed94cfc9-54ea-4613-8ec3-58a162b7a17e
2021-01-18 08:19:06,164 [pool-102-thread-1] INFO  server.RaftServerConfigKeys (ConfUtils.java:logGet(44)) - raft.server.log.queue.byte-limit = 2147483647 (custom)
2021-01-18 08:19:06,165 [pool-102-thread-1] INFO  server.RaftServerConfigKeys (ConfUtils.java:logGet(44)) - raft.server.log.queue.element-limit = 1024 (custom)
2021-01-18 08:19:06,165 [pool-102-thread-1] INFO  server.RaftServerConfigKeys (ConfUtils.java:logGet(44)) - raft.server.log.segment.size.max = 1048576 (custom)
2021-01-18 08:19:06,165 [pool-102-thread-1] INFO  server.RaftServerConfigKeys (ConfUtils.java:logGet(44)) - raft.server.log.preallocated.size = 16384 (custom)
2021-01-18 08:19:06,165 [pool-102-thread-1] INFO  server.RaftServerConfigKeys (ConfUtils.java:logGet(44)) - raft.server.log.force.sync.num = 128 (default)
2021-01-18 08:19:06,165 [pool-102-thread-1] INFO  server.RaftServerConfigKeys (ConfUtils.java:logGet(44)) - raft.server.log.statemachine.data.sync = true (default)
2021-01-18 08:19:06,165 [pool-102-thread-1] INFO  server.RaftServerConfigKeys (ConfUtils.java:logGet(44)) - raft.server.log.statemachine.data.sync.timeout = 10s (default)
2021-01-18 08:19:06,165 [pool-102-thread-1] INFO  server.RaftServerConfigKeys (ConfUtils.java:logGet(44)) - raft.server.log.statemachine.data.sync.timeout.retry = -1 (default)
2021-01-18 08:19:06,157 [EventQueue-PipelineReportForPipelineReportHandler] INFO  pipeline.PipelineStateManager (PipelineStateManager.java:openPipeline(132)) - Pipeline Pipeline[ Id: 503b528a-287a-4663-ba32-d9a7b215f9cb, Nodes: bc9cf250-f2f7-4763-83b2-e84831211d15{ip: 172.17.0.2, host: dc3504268712, networkLocation: /default-rack, certSerialId: null, persistedOpState: IN_SERVICE, persistedOpStateExpiryEpochSec: 0}, Type:RATIS, Factor:ONE, State:ALLOCATED, leaderId:bc9cf250-f2f7-4763-83b2-e84831211d15, CreationTimestamp2021-01-18T08:19:02.682Z] moved to OPEN state
2021-01-18 08:19:06,166 [EventQueue-OpenPipelineForHealthyPipelineSafeModeRule] INFO  safemode.SCMSafeModeManager (HealthyPipelineSafeModeRule.java:process(128)) - SCM in safe mode. Healthy pipelines reported count is 0, required healthy pipeline reported count is 1
2021-01-18 08:19:06,166 [EventQueue-OpenPipelineForHealthyPipelineSafeModeRule] INFO  safemode.SCMSafeModeManager (HealthyPipelineSafeModeRule.java:process(128)) - SCM in safe mode. Healthy pipelines reported count is 0, required healthy pipeline reported count is 1
2021-01-18 08:19:06,166 [EventQueue-OpenPipelineForHealthyPipelineSafeModeRule] INFO  safemode.SCMSafeModeManager (HealthyPipelineSafeModeRule.java:process(128)) - SCM in safe mode. Healthy pipelines reported count is 0, required healthy pipeline reported count is 1
2021-01-18 08:19:06,166 [EventQueue-OpenPipelineForHealthyPipelineSafeModeRule] INFO  safemode.SCMSafeModeManager (HealthyPipelineSafeModeRule.java:process(128)) - SCM in safe mode. Healthy pipelines reported count is 0, required healthy pipeline reported count is 1
2021-01-18 08:19:06,166 [EventQueue-OpenPipelineForHealthyPipelineSafeModeRule] INFO  safemode.SCMSafeModeManager (HealthyPipelineSafeModeRule.java:process(128)) - SCM in safe mode. Healthy pipelines reported count is 0, required healthy pipeline reported count is 1
2021-01-18 08:19:06,166 [EventQueue-OpenPipelineForHealthyPipelineSafeModeRule] INFO  safemode.SCMSafeModeManager (HealthyPipelineSafeModeRule.java:process(128)) - SCM in safe mode. Healthy pipelines reported count is 0, required healthy pipeline reported count is 1
2021-01-18 08:19:06,166 [EventQueue-OpenPipelineForHealthyPipelineSafeModeRule] INFO  safemode.SCMSafeModeManager (HealthyPipelineSafeModeRule.java:process(128)) - SCM in safe mode. Healthy pipelines reported count is 0, required healthy pipeline reported count is 1
2021-01-18 08:19:06,166 [EventQueue-OpenPipelineForHealthyPipelineSafeModeRule] INFO  safemode.SCMSafeModeManager (HealthyPipelineSafeModeRule.java:process(128)) - SCM in safe mode. Healthy pipelines reported count is 0, required healthy pipeline reported count is 1
2021-01-18 08:19:06,163 [pool-150-thread-1] ERROR storage.RaftStorage (RaftStorageImpl.java:readRaftConfiguration(147)) - Failed reading configuration from file:/github/workspace/mnt/ozone/hadoop-ozone/integration-test/target/test-dir/MiniOzoneClusterImpl-bdf065e3-4bf0-4703-b3e1-6acc0ac12f97/datanode-7/data/ratis/503b528a-287a-4663-ba32-d9a7b215f9cb/current/raft-meta.conf
java.io.FileNotFoundException: /github/workspace/mnt/ozone/hadoop-ozone/integration-test/target/test-dir/MiniOzoneClusterImpl-bdf065e3-4bf0-4703-b3e1-6acc0ac12f97/datanode-7/data/ratis/503b528a-287a-4663-ba32-d9a7b215f9cb/current/raft-meta.conf (No such file or directory)
	at java.io.FileInputStream.open0(Native Method)
	at java.io.FileInputStream.open(FileInputStream.java:195)
	at java.io.FileInputStream.<init>(FileInputStream.java:138)
	at org.apache.ratis.server.storage.RaftStorageImpl.readRaftConfiguration(RaftStorageImpl.java:143)
	at org.apache.ratis.server.impl.ServerState.<init>(ServerState.java:113)
	at org.apache.ratis.server.impl.RaftServerImpl.<init>(RaftServerImpl.java:192)
	at org.apache.ratis.server.impl.RaftServerProxy.lambda$newRaftServerImpl$4(RaftServerProxy.java:266)
	at java.util.concurrent.CompletableFuture$AsyncSupply.run(CompletableFuture.java:1604)
	at java.util.concurrent.ThreadPoolExecutor.runWorker(ThreadPoolExecutor.java:1149)
	at java.util.concurrent.ThreadPoolExecutor$Worker.run(ThreadPoolExecutor.java:624)
	at java.lang.Thread.run(Thread.java:748)
2021-01-18 08:19:06,168 [pool-150-thread-1] INFO  server.RaftServerConfigKeys (ConfUtils.java:logGet(44)) - raft.server.notification.no-leader.timeout = 300000ms (custom)
2021-01-18 08:19:06,168 [pool-150-thread-1] INFO  server.RaftServerConfigKeys (ConfUtils.java:logGet(44)) - raft.server.log.use.memory = false (default)
2021-01-18 08:19:06,168 [pool-150-thread-1] INFO  server.RaftServerConfigKeys (ConfUtils.java:logGet(44)) - raft.server.log.purge.gap = 1000000 (custom)
2021-01-18 08:19:06,168 [pool-150-thread-1] INFO  server.RaftServerConfigKeys (ConfUtils.java:logGet(44)) - raft.server.log.appender.buffer.byte-limit = 33554432 (custom)
2021-01-18 08:19:06,168 [pool-150-thread-1] INFO  metrics.RatisMetrics (RatisMetrics.java:lambda$create$0(36)) - Creating Metrics Registry : ratis.log_worker.bc9cf250-f2f7-4763-83b2-e84831211d15@group-D9A7B215F9CB
2021-01-18 08:19:06,168 [pool-150-thread-1] INFO  server.RaftServerConfigKeys (ConfUtils.java:logGet(44)) - raft.server.log.segment.size.max = 1048576 (custom)
2021-01-18 08:19:06,168 [pool-150-thread-1] INFO  server.RaftServerConfigKeys (ConfUtils.java:logGet(44)) - raft.server.log.segment.cache.num.max = 2 (custom)
2021-01-18 08:19:06,168 [pool-150-thread-1] INFO  server.RaftServerConfigKeys (ConfUtils.java:logGet(44)) - raft.server.log.segment.cache.size.max = 200MB (=209715200) (default)
2021-01-18 08:19:06,168 [pool-150-thread-1] INFO  segmented.SegmentedRaftLogWorker (SegmentedRaftLogWorker.java:<init>(181)) - new bc9cf250-f2f7-4763-83b2-e84831211d15@group-D9A7B215F9CB-SegmentedRaftLogWorker for RaftStorageImpl:Storage Directory /github/workspace/mnt/ozone/hadoop-ozone/integration-test/target/test-dir/MiniOzoneClusterImpl-bdf065e3-4bf0-4703-b3e1-6acc0ac12f97/datanode-7/data/ratis/503b528a-287a-4663-ba32-d9a7b215f9cb
2021-01-18 08:19:06,169 [pool-150-thread-1] INFO  server.RaftServerConfigKeys (ConfUtils.java:logGet(44)) - raft.server.log.queue.byte-limit = 2147483647 (custom)
2021-01-18 08:19:06,169 [pool-150-thread-1] INFO  server.RaftServerConfigKeys (ConfUtils.java:logGet(44)) - raft.server.log.queue.element-limit = 1024 (custom)
2021-01-18 08:19:06,169 [pool-150-thread-1] INFO  server.RaftServerConfigKeys (ConfUtils.java:logGet(44)) - raft.server.log.segment.size.max = 1048576 (custom)
2021-01-18 08:19:06,169 [pool-150-thread-1] INFO  server.RaftServerConfigKeys (ConfUtils.java:logGet(44)) - raft.server.log.preallocated.size = 16384 (custom)
2021-01-18 08:19:06,169 [pool-150-thread-1] INFO  server.RaftServerConfigKeys (ConfUtils.java:logGet(44)) - raft.server.log.force.sync.num = 128 (default)
2021-01-18 08:19:06,169 [pool-150-thread-1] INFO  server.RaftServerConfigKeys (ConfUtils.java:logGet(44)) - raft.server.log.statemachine.data.sync = true (default)
2021-01-18 08:19:06,169 [pool-150-thread-1] INFO  server.RaftServerConfigKeys (ConfUtils.java:logGet(44)) - raft.server.log.statemachine.data.sync.timeout = 10s (default)
2021-01-18 08:19:06,169 [pool-150-thread-1] INFO  server.RaftServerConfigKeys (ConfUtils.java:logGet(44)) - raft.server.log.statemachine.data.sync.timeout.retry = -1 (default)
2021-01-18 08:19:06,169 [pool-181-thread-1] INFO  storage.RaftStorage (RaftStorageImpl.java:format(87)) - Storage directory /github/workspace/mnt/ozone/hadoop-ozone/integration-test/target/test-dir/MiniOzoneClusterImpl-bdf065e3-4bf0-4703-b3e1-6acc0ac12f97/datanode-9/data/ratis/33af3b24-265c-4310-9e6b-8d8766d6ca45 has been successfully formatted.
2021-01-18 08:19:06,170 [pool-181-thread-1] INFO  ratis.ContainerStateMachine (ContainerStateMachine.java:loadSnapshot(223)) - group-8D8766D6CA45: The snapshot info is null. Setting the last applied indexto:(t:0, i:~)
2021-01-18 08:19:06,170 [pool-181-thread-1] ERROR storage.RaftStorage (RaftStorageImpl.java:readRaftConfiguration(147)) - Failed reading configuration from file:/github/workspace/mnt/ozone/hadoop-ozone/integration-test/target/test-dir/MiniOzoneClusterImpl-bdf065e3-4bf0-4703-b3e1-6acc0ac12f97/datanode-9/data/ratis/33af3b24-265c-4310-9e6b-8d8766d6ca45/current/raft-meta.conf
java.io.FileNotFoundException: /github/workspace/mnt/ozone/hadoop-ozone/integration-test/target/test-dir/MiniOzoneClusterImpl-bdf065e3-4bf0-4703-b3e1-6acc0ac12f97/datanode-9/data/ratis/33af3b24-265c-4310-9e6b-8d8766d6ca45/current/raft-meta.conf (No such file or directory)
	at java.io.FileInputStream.open0(Native Method)
	at java.io.FileInputStream.open(FileInputStream.java:195)
	at java.io.FileInputStream.<init>(FileInputStream.java:138)
	at org.apache.ratis.server.storage.RaftStorageImpl.readRaftConfiguration(RaftStorageImpl.java:143)
	at org.apache.ratis.server.impl.ServerState.<init>(ServerState.java:113)
	at org.apache.ratis.server.impl.RaftServerImpl.<init>(RaftServerImpl.java:192)
	at org.apache.ratis.server.impl.RaftServerProxy.lambda$newRaftServerImpl$4(RaftServerProxy.java:266)
	at java.util.concurrent.CompletableFuture$AsyncSupply.run(CompletableFuture.java:1604)
	at java.util.concurrent.ThreadPoolExecutor.runWorker(ThreadPoolExecutor.java:1149)
	at java.util.concurrent.ThreadPoolExecutor$Worker.run(ThreadPoolExecutor.java:624)
	at java.lang.Thread.run(Thread.java:748)
2021-01-18 08:19:06,170 [pool-181-thread-1] INFO  server.RaftServerConfigKeys (ConfUtils.java:logGet(44)) - raft.server.notification.no-leader.timeout = 300000ms (custom)
2021-01-18 08:19:06,170 [pool-181-thread-1] INFO  server.RaftServerConfigKeys (ConfUtils.java:logGet(44)) - raft.server.log.use.memory = false (default)
2021-01-18 08:19:06,170 [pool-181-thread-1] INFO  server.RaftServerConfigKeys (ConfUtils.java:logGet(44)) - raft.server.log.purge.gap = 1000000 (custom)
2021-01-18 08:19:06,170 [pool-181-thread-1] INFO  server.RaftServerConfigKeys (ConfUtils.java:logGet(44)) - raft.server.log.appender.buffer.byte-limit = 33554432 (custom)
2021-01-18 08:19:06,170 [pool-181-thread-1] INFO  metrics.RatisMetrics (RatisMetrics.java:lambda$create$0(36)) - Creating Metrics Registry : ratis.log_worker.80d4453e-3cb3-4128-a9dd-fc82c17086c2@group-8D8766D6CA45
2021-01-18 08:19:06,170 [pool-181-thread-1] INFO  server.RaftServerConfigKeys (ConfUtils.java:logGet(44)) - raft.server.log.segment.size.max = 1048576 (custom)
2021-01-18 08:19:06,171 [pool-181-thread-1] INFO  server.RaftServerConfigKeys (ConfUtils.java:logGet(44)) - raft.server.log.segment.cache.num.max = 2 (custom)
2021-01-18 08:19:06,171 [pool-181-thread-1] INFO  server.RaftServerConfigKeys (ConfUtils.java:logGet(44)) - raft.server.log.segment.cache.size.max = 200MB (=209715200) (default)
2021-01-18 08:19:06,171 [pool-181-thread-1] INFO  segmented.SegmentedRaftLogWorker (SegmentedRaftLogWorker.java:<init>(181)) - new 80d4453e-3cb3-4128-a9dd-fc82c17086c2@group-8D8766D6CA45-SegmentedRaftLogWorker for RaftStorageImpl:Storage Directory /github/workspace/mnt/ozone/hadoop-ozone/integration-test/target/test-dir/MiniOzoneClusterImpl-bdf065e3-4bf0-4703-b3e1-6acc0ac12f97/datanode-9/data/ratis/33af3b24-265c-4310-9e6b-8d8766d6ca45
2021-01-18 08:19:06,171 [pool-181-thread-1] INFO  server.RaftServerConfigKeys (ConfUtils.java:logGet(44)) - raft.server.log.queue.byte-limit = 2147483647 (custom)
2021-01-18 08:19:06,171 [pool-181-thread-1] INFO  server.RaftServerConfigKeys (ConfUtils.java:logGet(44)) - raft.server.log.queue.element-limit = 1024 (custom)
2021-01-18 08:19:06,171 [pool-181-thread-1] INFO  server.RaftServerConfigKeys (ConfUtils.java:logGet(44)) - raft.server.log.segment.size.max = 1048576 (custom)
2021-01-18 08:19:06,171 [pool-181-thread-1] INFO  server.RaftServerConfigKeys (ConfUtils.java:logGet(44)) - raft.server.log.preallocated.size = 16384 (custom)
2021-01-18 08:19:06,171 [pool-181-thread-1] INFO  server.RaftServerConfigKeys (ConfUtils.java:logGet(44)) - raft.server.log.force.sync.num = 128 (default)
2021-01-18 08:19:06,171 [pool-181-thread-1] INFO  server.RaftServerConfigKeys (ConfUtils.java:logGet(44)) - raft.server.log.statemachine.data.sync = true (default)
2021-01-18 08:19:06,171 [pool-181-thread-1] INFO  server.RaftServerConfigKeys (ConfUtils.java:logGet(44)) - raft.server.log.statemachine.data.sync.timeout = 10s (default)
2021-01-18 08:19:06,171 [pool-181-thread-1] INFO  server.RaftServerConfigKeys (ConfUtils.java:logGet(44)) - raft.server.log.statemachine.data.sync.timeout.retry = -1 (default)
2021-01-18 08:19:06,171 [pool-102-thread-1] INFO  server.RaftServerConfigKeys (ConfUtils.java:logGet(44)) - raft.server.log.write.buffer.size = 1048576 (custom)
2021-01-18 08:19:06,172 [pool-102-thread-1] INFO  server.RaftServerConfigKeys (ConfUtils.java:logGet(44)) - raft.server.log.statemachine.data.caching.enabled = true (custom)
2021-01-18 08:19:06,172 [pool-181-thread-1] INFO  server.RaftServerConfigKeys (ConfUtils.java:logGet(44)) - raft.server.log.write.buffer.size = 1048576 (custom)
2021-01-18 08:19:06,172 [pool-102-thread-1] INFO  segmented.SegmentedRaftLogWorker (SegmentedRaftLogWorker.java:lambda$new$0(132)) - bfdb13f1-88be-4fd0-b5f0-1bffb59ec9b7@group-58A162B7A17E-SegmentedRaftLogWorker: flushIndex: setUnconditionally 0 -> -1
2021-01-18 08:19:06,172 [pool-102-thread-1] INFO  segmented.SegmentedRaftLogWorker (SegmentedRaftLogWorker.java:lambda$new$0(132)) - bfdb13f1-88be-4fd0-b5f0-1bffb59ec9b7@group-58A162B7A17E-SegmentedRaftLogWorker: safeCacheEvictIndex: setUnconditionally 0 -> -1
2021-01-18 08:19:06,173 [pool-181-thread-1] INFO  server.RaftServerConfigKeys (ConfUtils.java:logGet(44)) - raft.server.log.statemachine.data.caching.enabled = true (custom)
2021-01-18 08:19:06,173 [pool-181-thread-1] INFO  segmented.SegmentedRaftLogWorker (SegmentedRaftLogWorker.java:lambda$new$0(132)) - 80d4453e-3cb3-4128-a9dd-fc82c17086c2@group-8D8766D6CA45-SegmentedRaftLogWorker: flushIndex: setUnconditionally 0 -> -1
2021-01-18 08:19:06,173 [pool-181-thread-1] INFO  segmented.SegmentedRaftLogWorker (SegmentedRaftLogWorker.java:lambda$new$0(132)) - 80d4453e-3cb3-4128-a9dd-fc82c17086c2@group-8D8766D6CA45-SegmentedRaftLogWorker: safeCacheEvictIndex: setUnconditionally 0 -> -1
2021-01-18 08:19:06,163 [pool-118-thread-1] INFO  server.RaftServerConfigKeys (ConfUtils.java:logGet(44)) - raft.server.log.statemachine.data.caching.enabled = true (custom)
2021-01-18 08:19:06,160 [EventQueue-PipelineReportForOneReplicaPipelineSafeModeRule] INFO  safemode.SCMSafeModeManager (SCMSafeModeManager.java:validateSafeModeExitRules(214)) - AtleastOneDatanodeReportedRule rule is successfully validated
2021-01-18 08:19:06,173 [pool-118-thread-1] INFO  segmented.SegmentedRaftLogWorker (SegmentedRaftLogWorker.java:lambda$new$0(132)) - dc393f10-cf1b-4856-93c0-8107f803be1a@group-24CB2F976346-SegmentedRaftLogWorker: flushIndex: setUnconditionally 0 -> -1
2021-01-18 08:19:06,173 [pool-118-thread-1] INFO  segmented.SegmentedRaftLogWorker (SegmentedRaftLogWorker.java:lambda$new$0(132)) - dc393f10-cf1b-4856-93c0-8107f803be1a@group-24CB2F976346-SegmentedRaftLogWorker: safeCacheEvictIndex: setUnconditionally 0 -> -1
2021-01-18 08:19:06,159 [pool-134-thread-1] ERROR storage.RaftStorage (RaftStorageImpl.java:readRaftConfiguration(147)) - Failed reading configuration from file:/github/workspace/mnt/ozone/hadoop-ozone/integration-test/target/test-dir/MiniOzoneClusterImpl-bdf065e3-4bf0-4703-b3e1-6acc0ac12f97/datanode-6/data/ratis/dacf6ae2-768d-45ab-a4bf-53416bc22ac8/current/raft-meta.conf
java.io.FileNotFoundException: /github/workspace/mnt/ozone/hadoop-ozone/integration-test/target/test-dir/MiniOzoneClusterImpl-bdf065e3-4bf0-4703-b3e1-6acc0ac12f97/datanode-6/data/ratis/dacf6ae2-768d-45ab-a4bf-53416bc22ac8/current/raft-meta.conf (No such file or directory)
	at java.io.FileInputStream.open0(Native Method)
	at java.io.FileInputStream.open(FileInputStream.java:195)
	at java.io.FileInputStream.<init>(FileInputStream.java:138)
	at org.apache.ratis.server.storage.RaftStorageImpl.readRaftConfiguration(RaftStorageImpl.java:143)
	at org.apache.ratis.server.impl.ServerState.<init>(ServerState.java:113)
	at org.apache.ratis.server.impl.RaftServerImpl.<init>(RaftServerImpl.java:192)
	at org.apache.ratis.server.impl.RaftServerProxy.lambda$newRaftServerImpl$4(RaftServerProxy.java:266)
	at java.util.concurrent.CompletableFuture$AsyncSupply.run(CompletableFuture.java:1604)
	at java.util.concurrent.ThreadPoolExecutor.runWorker(ThreadPoolExecutor.java:1149)
	at java.util.concurrent.ThreadPoolExecutor$Worker.run(ThreadPoolExecutor.java:624)
	at java.lang.Thread.run(Thread.java:748)
2021-01-18 08:19:06,174 [pool-134-thread-1] INFO  server.RaftServerConfigKeys (ConfUtils.java:logGet(44)) - raft.server.notification.no-leader.timeout = 300000ms (custom)
2021-01-18 08:19:06,174 [pool-134-thread-1] INFO  server.RaftServerConfigKeys (ConfUtils.java:logGet(44)) - raft.server.log.use.memory = false (default)
2021-01-18 08:19:06,174 [pool-134-thread-1] INFO  server.RaftServerConfigKeys (ConfUtils.java:logGet(44)) - raft.server.log.purge.gap = 1000000 (custom)
2021-01-18 08:19:06,174 [pool-134-thread-1] INFO  server.RaftServerConfigKeys (ConfUtils.java:logGet(44)) - raft.server.log.appender.buffer.byte-limit = 33554432 (custom)
2021-01-18 08:19:06,174 [pool-134-thread-1] INFO  metrics.RatisMetrics (RatisMetrics.java:lambda$create$0(36)) - Creating Metrics Registry : ratis.log_worker.98a8f6bd-fbb9-4a8e-a9ec-8fb646ec091b@group-53416BC22AC8
2021-01-18 08:19:06,174 [pool-134-thread-1] INFO  server.RaftServerConfigKeys (ConfUtils.java:logGet(44)) - raft.server.log.segment.size.max = 1048576 (custom)
2021-01-18 08:19:06,174 [pool-134-thread-1] INFO  server.RaftServerConfigKeys (ConfUtils.java:logGet(44)) - raft.server.log.segment.cache.num.max = 2 (custom)
2021-01-18 08:19:06,174 [pool-134-thread-1] INFO  server.RaftServerConfigKeys (ConfUtils.java:logGet(44)) - raft.server.log.segment.cache.size.max = 200MB (=209715200) (default)
2021-01-18 08:19:06,174 [pool-134-thread-1] INFO  segmented.SegmentedRaftLogWorker (SegmentedRaftLogWorker.java:<init>(181)) - new 98a8f6bd-fbb9-4a8e-a9ec-8fb646ec091b@group-53416BC22AC8-SegmentedRaftLogWorker for RaftStorageImpl:Storage Directory /github/workspace/mnt/ozone/hadoop-ozone/integration-test/target/test-dir/MiniOzoneClusterImpl-bdf065e3-4bf0-4703-b3e1-6acc0ac12f97/datanode-6/data/ratis/dacf6ae2-768d-45ab-a4bf-53416bc22ac8
2021-01-18 08:19:06,174 [pool-134-thread-1] INFO  server.RaftServerConfigKeys (ConfUtils.java:logGet(44)) - raft.server.log.queue.byte-limit = 2147483647 (custom)
2021-01-18 08:19:06,174 [pool-134-thread-1] INFO  server.RaftServerConfigKeys (ConfUtils.java:logGet(44)) - raft.server.log.queue.element-limit = 1024 (custom)
2021-01-18 08:19:06,175 [pool-134-thread-1] INFO  server.RaftServerConfigKeys (ConfUtils.java:logGet(44)) - raft.server.log.segment.size.max = 1048576 (custom)
2021-01-18 08:19:06,175 [pool-134-thread-1] INFO  server.RaftServerConfigKeys (ConfUtils.java:logGet(44)) - raft.server.log.preallocated.size = 16384 (custom)
2021-01-18 08:19:06,175 [pool-134-thread-1] INFO  server.RaftServerConfigKeys (ConfUtils.java:logGet(44)) - raft.server.log.force.sync.num = 128 (default)
2021-01-18 08:19:06,175 [pool-134-thread-1] INFO  server.RaftServerConfigKeys (ConfUtils.java:logGet(44)) - raft.server.log.statemachine.data.sync = true (default)
2021-01-18 08:19:06,175 [pool-134-thread-1] INFO  server.RaftServerConfigKeys (ConfUtils.java:logGet(44)) - raft.server.log.statemachine.data.sync.timeout = 10s (default)
2021-01-18 08:19:06,175 [pool-134-thread-1] INFO  server.RaftServerConfigKeys (ConfUtils.java:logGet(44)) - raft.server.log.statemachine.data.sync.timeout.retry = -1 (default)
2021-01-18 08:19:06,173 [EventQueue-PipelineReportForOneReplicaPipelineSafeModeRule] INFO  safemode.SCMSafeModeManager (SCMSafeModeManager.java:validateSafeModeExitRules(214)) - AtleastOneDatanodeReportedRule rule is successfully validated
2021-01-18 08:19:06,175 [EventQueue-PipelineReportForOneReplicaPipelineSafeModeRule] INFO  safemode.SCMSafeModeManager (SCMSafeModeManager.java:validateSafeModeExitRules(214)) - AtleastOneDatanodeReportedRule rule is successfully validated
2021-01-18 08:19:06,175 [EventQueue-PipelineReportForOneReplicaPipelineSafeModeRule] INFO  safemode.SCMSafeModeManager (SCMSafeModeManager.java:validateSafeModeExitRules(214)) - AtleastOneDatanodeReportedRule rule is successfully validated
2021-01-18 08:19:06,175 [EventQueue-PipelineReportForOneReplicaPipelineSafeModeRule] INFO  safemode.SCMSafeModeManager (SCMSafeModeManager.java:validateSafeModeExitRules(214)) - AtleastOneDatanodeReportedRule rule is successfully validated
2021-01-18 08:19:06,175 [EventQueue-PipelineReportForOneReplicaPipelineSafeModeRule] INFO  safemode.SCMSafeModeManager (SCMSafeModeManager.java:validateSafeModeExitRules(214)) - AtleastOneDatanodeReportedRule rule is successfully validated
2021-01-18 08:19:06,171 [pool-150-thread-1] INFO  server.RaftServerConfigKeys (ConfUtils.java:logGet(44)) - raft.server.log.write.buffer.size = 1048576 (custom)
2021-01-18 08:19:06,171 [EventQueue-PipelineReportForPipelineReportHandler] INFO  pipeline.PipelineStateManager (PipelineStateManager.java:openPipeline(132)) - Pipeline Pipeline[ Id: 33af3b24-265c-4310-9e6b-8d8766d6ca45, Nodes: 80d4453e-3cb3-4128-a9dd-fc82c17086c2{ip: 172.17.0.2, host: dc3504268712, networkLocation: /default-rack, certSerialId: null, persistedOpState: IN_SERVICE, persistedOpStateExpiryEpochSec: 0}, Type:RATIS, Factor:ONE, State:ALLOCATED, leaderId:80d4453e-3cb3-4128-a9dd-fc82c17086c2, CreationTimestamp2021-01-18T08:19:03.081Z] moved to OPEN state
2021-01-18 08:19:06,167 [pool-166-thread-1] INFO  storage.RaftStorage (RaftStorageImpl.java:format(87)) - Storage directory /github/workspace/mnt/ozone/hadoop-ozone/integration-test/target/test-dir/MiniOzoneClusterImpl-bdf065e3-4bf0-4703-b3e1-6acc0ac12f97/datanode-8/data/ratis/95eae760-9b4e-4935-99d8-a24c51a8245b has been successfully formatted.
2021-01-18 08:19:06,176 [EventQueue-OpenPipelineForHealthyPipelineSafeModeRule] INFO  safemode.SCMSafeModeManager (HealthyPipelineSafeModeRule.java:process(128)) - SCM in safe mode. Healthy pipelines reported count is 0, required healthy pipeline reported count is 1
2021-01-18 08:19:06,180 [pool-166-thread-1] INFO  ratis.ContainerStateMachine (ContainerStateMachine.java:loadSnapshot(223)) - group-A24C51A8245B: The snapshot info is null. Setting the last applied indexto:(t:0, i:~)
2021-01-18 08:19:06,181 [pool-166-thread-1] ERROR storage.RaftStorage (RaftStorageImpl.java:readRaftConfiguration(147)) - Failed reading configuration from file:/github/workspace/mnt/ozone/hadoop-ozone/integration-test/target/test-dir/MiniOzoneClusterImpl-bdf065e3-4bf0-4703-b3e1-6acc0ac12f97/datanode-8/data/ratis/95eae760-9b4e-4935-99d8-a24c51a8245b/current/raft-meta.conf
java.io.FileNotFoundException: /github/workspace/mnt/ozone/hadoop-ozone/integration-test/target/test-dir/MiniOzoneClusterImpl-bdf065e3-4bf0-4703-b3e1-6acc0ac12f97/datanode-8/data/ratis/95eae760-9b4e-4935-99d8-a24c51a8245b/current/raft-meta.conf (No such file or directory)
	at java.io.FileInputStream.open0(Native Method)
	at java.io.FileInputStream.open(FileInputStream.java:195)
	at java.io.FileInputStream.<init>(FileInputStream.java:138)
	at org.apache.ratis.server.storage.RaftStorageImpl.readRaftConfiguration(RaftStorageImpl.java:143)
	at org.apache.ratis.server.impl.ServerState.<init>(ServerState.java:113)
	at org.apache.ratis.server.impl.RaftServerImpl.<init>(RaftServerImpl.java:192)
	at org.apache.ratis.server.impl.RaftServerProxy.lambda$newRaftServerImpl$4(RaftServerProxy.java:266)
	at java.util.concurrent.CompletableFuture$AsyncSupply.run(CompletableFuture.java:1604)
	at java.util.concurrent.ThreadPoolExecutor.runWorker(ThreadPoolExecutor.java:1149)
	at java.util.concurrent.ThreadPoolExecutor$Worker.run(ThreadPoolExecutor.java:624)
	at java.lang.Thread.run(Thread.java:748)
2021-01-18 08:19:06,181 [pool-166-thread-1] INFO  server.RaftServerConfigKeys (ConfUtils.java:logGet(44)) - raft.server.notification.no-leader.timeout = 300000ms (custom)
2021-01-18 08:19:06,181 [pool-166-thread-1] INFO  server.RaftServerConfigKeys (ConfUtils.java:logGet(44)) - raft.server.log.use.memory = false (default)
2021-01-18 08:19:06,181 [pool-166-thread-1] INFO  server.RaftServerConfigKeys (ConfUtils.java:logGet(44)) - raft.server.log.purge.gap = 1000000 (custom)
2021-01-18 08:19:06,181 [pool-166-thread-1] INFO  server.RaftServerConfigKeys (ConfUtils.java:logGet(44)) - raft.server.log.appender.buffer.byte-limit = 33554432 (custom)
2021-01-18 08:19:06,181 [pool-166-thread-1] INFO  metrics.RatisMetrics (RatisMetrics.java:lambda$create$0(36)) - Creating Metrics Registry : ratis.log_worker.852a0b0b-7bf4-4256-a802-bfb56885f965@group-A24C51A8245B
2021-01-18 08:19:06,181 [pool-166-thread-1] INFO  server.RaftServerConfigKeys (ConfUtils.java:logGet(44)) - raft.server.log.segment.size.max = 1048576 (custom)
2021-01-18 08:19:06,181 [pool-134-thread-1] INFO  server.RaftServerConfigKeys (ConfUtils.java:logGet(44)) - raft.server.log.write.buffer.size = 1048576 (custom)
2021-01-18 08:19:06,182 [pool-166-thread-1] INFO  server.RaftServerConfigKeys (ConfUtils.java:logGet(44)) - raft.server.log.segment.cache.num.max = 2 (custom)
2021-01-18 08:19:06,182 [pool-166-thread-1] INFO  server.RaftServerConfigKeys (ConfUtils.java:logGet(44)) - raft.server.log.segment.cache.size.max = 200MB (=209715200) (default)
2021-01-18 08:19:06,182 [pool-166-thread-1] INFO  segmented.SegmentedRaftLogWorker (SegmentedRaftLogWorker.java:<init>(181)) - new 852a0b0b-7bf4-4256-a802-bfb56885f965@group-A24C51A8245B-SegmentedRaftLogWorker for RaftStorageImpl:Storage Directory /github/workspace/mnt/ozone/hadoop-ozone/integration-test/target/test-dir/MiniOzoneClusterImpl-bdf065e3-4bf0-4703-b3e1-6acc0ac12f97/datanode-8/data/ratis/95eae760-9b4e-4935-99d8-a24c51a8245b
2021-01-18 08:19:06,182 [pool-166-thread-1] INFO  server.RaftServerConfigKeys (ConfUtils.java:logGet(44)) - raft.server.log.queue.byte-limit = 2147483647 (custom)
2021-01-18 08:19:06,182 [pool-166-thread-1] INFO  server.RaftServerConfigKeys (ConfUtils.java:logGet(44)) - raft.server.log.queue.element-limit = 1024 (custom)
2021-01-18 08:19:06,182 [pool-166-thread-1] INFO  server.RaftServerConfigKeys (ConfUtils.java:logGet(44)) - raft.server.log.segment.size.max = 1048576 (custom)
2021-01-18 08:19:06,182 [pool-166-thread-1] INFO  server.RaftServerConfigKeys (ConfUtils.java:logGet(44)) - raft.server.log.preallocated.size = 16384 (custom)
2021-01-18 08:19:06,182 [pool-166-thread-1] INFO  server.RaftServerConfigKeys (ConfUtils.java:logGet(44)) - raft.server.log.force.sync.num = 128 (default)
2021-01-18 08:19:06,182 [pool-166-thread-1] INFO  server.RaftServerConfigKeys (ConfUtils.java:logGet(44)) - raft.server.log.statemachine.data.sync = true (default)
2021-01-18 08:19:06,182 [pool-166-thread-1] INFO  server.RaftServerConfigKeys (ConfUtils.java:logGet(44)) - raft.server.log.statemachine.data.sync.timeout = 10s (default)
2021-01-18 08:19:06,182 [pool-166-thread-1] INFO  server.RaftServerConfigKeys (ConfUtils.java:logGet(44)) - raft.server.log.statemachine.data.sync.timeout.retry = -1 (default)
2021-01-18 08:19:06,176 [pool-150-thread-1] INFO  server.RaftServerConfigKeys (ConfUtils.java:logGet(44)) - raft.server.log.statemachine.data.caching.enabled = true (custom)
2021-01-18 08:19:06,182 [pool-150-thread-1] INFO  segmented.SegmentedRaftLogWorker (SegmentedRaftLogWorker.java:lambda$new$0(132)) - bc9cf250-f2f7-4763-83b2-e84831211d15@group-D9A7B215F9CB-SegmentedRaftLogWorker: flushIndex: setUnconditionally 0 -> -1
2021-01-18 08:19:06,182 [pool-150-thread-1] INFO  segmented.SegmentedRaftLogWorker (SegmentedRaftLogWorker.java:lambda$new$0(132)) - bc9cf250-f2f7-4763-83b2-e84831211d15@group-D9A7B215F9CB-SegmentedRaftLogWorker: safeCacheEvictIndex: setUnconditionally 0 -> -1
2021-01-18 08:19:06,182 [pool-134-thread-1] INFO  server.RaftServerConfigKeys (ConfUtils.java:logGet(44)) - raft.server.log.statemachine.data.caching.enabled = true (custom)
2021-01-18 08:19:06,183 [EventQueue-PipelineReportForOneReplicaPipelineSafeModeRule] INFO  safemode.SCMSafeModeManager (SCMSafeModeManager.java:validateSafeModeExitRules(214)) - AtleastOneDatanodeReportedRule rule is successfully validated
2021-01-18 08:19:06,183 [EventQueue-PipelineReportForPipelineReportHandler] INFO  pipeline.PipelineStateManager (PipelineStateManager.java:openPipeline(132)) - Pipeline Pipeline[ Id: 95eae760-9b4e-4935-99d8-a24c51a8245b, Nodes: 852a0b0b-7bf4-4256-a802-bfb56885f965{ip: 172.17.0.2, host: dc3504268712, networkLocation: /default-rack, certSerialId: null, persistedOpState: IN_SERVICE, persistedOpStateExpiryEpochSec: 0}, Type:RATIS, Factor:ONE, State:ALLOCATED, leaderId:852a0b0b-7bf4-4256-a802-bfb56885f965, CreationTimestamp2021-01-18T08:19:02.880Z] moved to OPEN state
2021-01-18 08:19:06,183 [pool-118-thread-1] INFO  server.RaftServerConfigKeys (ConfUtils.java:logGet(44)) - raft.server.snapshot.auto.trigger.enabled = true (custom)
2021-01-18 08:19:06,183 [pool-118-thread-1] INFO  server.RaftServerConfigKeys (ConfUtils.java:logGet(44)) - raft.server.snapshot.auto.trigger.threshold = 1 (custom)
2021-01-18 08:19:06,183 [pool-118-thread-1] INFO  server.RaftServerConfigKeys (ConfUtils.java:logGet(44)) - raft.server.snapshot.retention.file.num = 5 (custom)
2021-01-18 08:19:06,183 [pool-118-thread-1] INFO  server.RaftServerConfigKeys (ConfUtils.java:logGet(44)) - raft.server.log.purge.upto.snapshot.index = false (default)
2021-01-18 08:19:06,183 [pool-118-thread-1] INFO  server.RaftServerConfigKeys (ConfUtils.java:logGet(44)) - raft.server.retrycache.expirytime = 600000ms (custom)
2021-01-18 08:19:06,183 [pool-118-thread-1] INFO  server.RaftServerConfigKeys (ConfUtils.java:logGet(44)) - raft.server.retrycache.statistics.expirytime = 100?s (default)
2021-01-18 08:19:06,183 [pool-134-thread-1] INFO  segmented.SegmentedRaftLogWorker (SegmentedRaftLogWorker.java:lambda$new$0(132)) - 98a8f6bd-fbb9-4a8e-a9ec-8fb646ec091b@group-53416BC22AC8-SegmentedRaftLogWorker: flushIndex: setUnconditionally 0 -> -1
2021-01-18 08:19:06,184 [pool-134-thread-1] INFO  segmented.SegmentedRaftLogWorker (SegmentedRaftLogWorker.java:lambda$new$0(132)) - 98a8f6bd-fbb9-4a8e-a9ec-8fb646ec091b@group-53416BC22AC8-SegmentedRaftLogWorker: safeCacheEvictIndex: setUnconditionally 0 -> -1
2021-01-18 08:19:06,184 [pool-118-thread-1] INFO  metrics.RatisMetrics (RatisMetrics.java:lambda$create$0(36)) - Creating Metrics Registry : ratis.leader_election.dc393f10-cf1b-4856-93c0-8107f803be1a@group-24CB2F976346
2021-01-18 08:19:06,184 [EventQueue-OpenPipelineForHealthyPipelineSafeModeRule] INFO  safemode.SCMSafeModeManager (HealthyPipelineSafeModeRule.java:process(128)) - SCM in safe mode. Healthy pipelines reported count is 0, required healthy pipeline reported count is 1
2021-01-18 08:19:06,184 [pool-181-thread-1] INFO  server.RaftServerConfigKeys (ConfUtils.java:logGet(44)) - raft.server.snapshot.auto.trigger.enabled = true (custom)
2021-01-18 08:19:06,184 [pool-181-thread-1] INFO  server.RaftServerConfigKeys (ConfUtils.java:logGet(44)) - raft.server.snapshot.auto.trigger.threshold = 1 (custom)
2021-01-18 08:19:06,184 [pool-181-thread-1] INFO  server.RaftServerConfigKeys (ConfUtils.java:logGet(44)) - raft.server.snapshot.retention.file.num = 5 (custom)
2021-01-18 08:19:06,184 [pool-181-thread-1] INFO  server.RaftServerConfigKeys (ConfUtils.java:logGet(44)) - raft.server.log.purge.upto.snapshot.index = false (default)
2021-01-18 08:19:06,184 [pool-181-thread-1] INFO  server.RaftServerConfigKeys (ConfUtils.java:logGet(44)) - raft.server.retrycache.expirytime = 600000ms (custom)
2021-01-18 08:19:06,184 [pool-118-thread-1] INFO  metrics.RatisMetrics (RatisMetrics.java:lambda$create$0(36)) - Creating Metrics Registry : ratis.server.dc393f10-cf1b-4856-93c0-8107f803be1a@group-24CB2F976346
2021-01-18 08:19:06,184 [pool-181-thread-1] INFO  server.RaftServerConfigKeys (ConfUtils.java:logGet(44)) - raft.server.retrycache.statistics.expirytime = 100?s (default)
2021-01-18 08:19:06,185 [pool-181-thread-1] INFO  metrics.RatisMetrics (RatisMetrics.java:lambda$create$0(36)) - Creating Metrics Registry : ratis.leader_election.80d4453e-3cb3-4128-a9dd-fc82c17086c2@group-8D8766D6CA45
2021-01-18 08:19:06,185 [pool-150-thread-1] INFO  server.RaftServerConfigKeys (ConfUtils.java:logGet(44)) - raft.server.snapshot.auto.trigger.enabled = true (custom)
2021-01-18 08:19:06,185 [pool-150-thread-1] INFO  server.RaftServerConfigKeys (ConfUtils.java:logGet(44)) - raft.server.snapshot.auto.trigger.threshold = 1 (custom)
2021-01-18 08:19:06,185 [pool-150-thread-1] INFO  server.RaftServerConfigKeys (ConfUtils.java:logGet(44)) - raft.server.snapshot.retention.file.num = 5 (custom)
2021-01-18 08:19:06,185 [pool-150-thread-1] INFO  server.RaftServerConfigKeys (ConfUtils.java:logGet(44)) - raft.server.log.purge.upto.snapshot.index = false (default)
2021-01-18 08:19:06,185 [pool-150-thread-1] INFO  server.RaftServerConfigKeys (ConfUtils.java:logGet(44)) - raft.server.retrycache.expirytime = 600000ms (custom)
2021-01-18 08:19:06,185 [pool-150-thread-1] INFO  server.RaftServerConfigKeys (ConfUtils.java:logGet(44)) - raft.server.retrycache.statistics.expirytime = 100?s (default)
2021-01-18 08:19:06,185 [pool-150-thread-1] INFO  metrics.RatisMetrics (RatisMetrics.java:lambda$create$0(36)) - Creating Metrics Registry : ratis.leader_election.bc9cf250-f2f7-4763-83b2-e84831211d15@group-D9A7B215F9CB
2021-01-18 08:19:06,186 [pool-118-thread-1] INFO  server.RaftServer$Division (RaftServerImpl.java:start(294)) - dc393f10-cf1b-4856-93c0-8107f803be1a@group-24CB2F976346: start as a follower, conf=-1: [dc393f10-cf1b-4856-93c0-8107f803be1a|rpc:172.17.0.2:44865|priority:1], old=null
2021-01-18 08:19:06,186 [pool-118-thread-1] INFO  server.RaftServer$Division (RaftServerImpl.java:setRole(283)) - dc393f10-cf1b-4856-93c0-8107f803be1a@group-24CB2F976346: changes role from      null to FOLLOWER at term 0 for startAsFollower
2021-01-18 08:19:06,186 [pool-118-thread-1] INFO  impl.RoleInfo (RoleInfo.java:updateAndGet(130)) - dc393f10-cf1b-4856-93c0-8107f803be1a: start dc393f10-cf1b-4856-93c0-8107f803be1a@group-24CB2F976346-FollowerState
2021-01-18 08:19:06,186 [pool-150-thread-1] INFO  metrics.RatisMetrics (RatisMetrics.java:lambda$create$0(36)) - Creating Metrics Registry : ratis.server.bc9cf250-f2f7-4763-83b2-e84831211d15@group-D9A7B215F9CB
2021-01-18 08:19:06,185 [pool-181-thread-1] INFO  metrics.RatisMetrics (RatisMetrics.java:lambda$create$0(36)) - Creating Metrics Registry : ratis.server.80d4453e-3cb3-4128-a9dd-fc82c17086c2@group-8D8766D6CA45
2021-01-18 08:19:06,186 [pool-102-thread-1] INFO  server.RaftServerConfigKeys (ConfUtils.java:logGet(44)) - raft.server.snapshot.auto.trigger.enabled = true (custom)
2021-01-18 08:19:06,186 [pool-102-thread-1] INFO  server.RaftServerConfigKeys (ConfUtils.java:logGet(44)) - raft.server.snapshot.auto.trigger.threshold = 1 (custom)
2021-01-18 08:19:06,186 [pool-102-thread-1] INFO  server.RaftServerConfigKeys (ConfUtils.java:logGet(44)) - raft.server.snapshot.retention.file.num = 5 (custom)
2021-01-18 08:19:06,186 [pool-102-thread-1] INFO  server.RaftServerConfigKeys (ConfUtils.java:logGet(44)) - raft.server.log.purge.upto.snapshot.index = false (default)
2021-01-18 08:19:06,187 [pool-102-thread-1] INFO  server.RaftServerConfigKeys (ConfUtils.java:logGet(44)) - raft.server.retrycache.expirytime = 600000ms (custom)
2021-01-18 08:19:06,187 [pool-102-thread-1] INFO  server.RaftServerConfigKeys (ConfUtils.java:logGet(44)) - raft.server.retrycache.statistics.expirytime = 100?s (default)
2021-01-18 08:19:06,187 [pool-102-thread-1] INFO  metrics.RatisMetrics (RatisMetrics.java:lambda$create$0(36)) - Creating Metrics Registry : ratis.leader_election.bfdb13f1-88be-4fd0-b5f0-1bffb59ec9b7@group-58A162B7A17E
2021-01-18 08:19:06,191 [pool-118-thread-1] INFO  util.JmxRegister (JmxRegister.java:tryRegister(44)) - Successfully registered JMX Bean with object name Ratis:service=RaftServer,group=group-24CB2F976346,id=dc393f10-cf1b-4856-93c0-8107f803be1a
2021-01-18 08:19:06,191 [pool-118-thread-1] INFO  metrics.RatisMetrics (RatisMetrics.java:lambda$create$0(36)) - Creating Metrics Registry : ratis.state_machine.dc393f10-cf1b-4856-93c0-8107f803be1a@group-24CB2F976346
2021-01-18 08:19:06,191 [pool-134-thread-1] INFO  server.RaftServerConfigKeys (ConfUtils.java:logGet(44)) - raft.server.snapshot.auto.trigger.enabled = true (custom)
2021-01-18 08:19:06,191 [pool-134-thread-1] INFO  server.RaftServerConfigKeys (ConfUtils.java:logGet(44)) - raft.server.snapshot.auto.trigger.threshold = 1 (custom)
2021-01-18 08:19:06,191 [pool-134-thread-1] INFO  server.RaftServerConfigKeys (ConfUtils.java:logGet(44)) - raft.server.snapshot.retention.file.num = 5 (custom)
2021-01-18 08:19:06,191 [pool-134-thread-1] INFO  server.RaftServerConfigKeys (ConfUtils.java:logGet(44)) - raft.server.log.purge.upto.snapshot.index = false (default)
2021-01-18 08:19:06,191 [pool-134-thread-1] INFO  server.RaftServerConfigKeys (ConfUtils.java:logGet(44)) - raft.server.retrycache.expirytime = 600000ms (custom)
2021-01-18 08:19:06,191 [pool-134-thread-1] INFO  server.RaftServerConfigKeys (ConfUtils.java:logGet(44)) - raft.server.retrycache.statistics.expirytime = 100?s (default)
2021-01-18 08:19:06,191 [pool-134-thread-1] INFO  metrics.RatisMetrics (RatisMetrics.java:lambda$create$0(36)) - Creating Metrics Registry : ratis.leader_election.98a8f6bd-fbb9-4a8e-a9ec-8fb646ec091b@group-53416BC22AC8
2021-01-18 08:19:06,194 [pool-102-thread-1] INFO  metrics.RatisMetrics (RatisMetrics.java:lambda$create$0(36)) - Creating Metrics Registry : ratis.server.bfdb13f1-88be-4fd0-b5f0-1bffb59ec9b7@group-58A162B7A17E
2021-01-18 08:19:06,197 [pool-150-thread-1] INFO  server.RaftServer$Division (RaftServerImpl.java:start(294)) - bc9cf250-f2f7-4763-83b2-e84831211d15@group-D9A7B215F9CB: start as a follower, conf=-1: [bc9cf250-f2f7-4763-83b2-e84831211d15|rpc:172.17.0.2:33353|priority:1], old=null
2021-01-18 08:19:06,197 [pool-150-thread-1] INFO  server.RaftServer$Division (RaftServerImpl.java:setRole(283)) - bc9cf250-f2f7-4763-83b2-e84831211d15@group-D9A7B215F9CB: changes role from      null to FOLLOWER at term 0 for startAsFollower
2021-01-18 08:19:06,197 [pool-181-thread-1] INFO  server.RaftServer$Division (RaftServerImpl.java:start(294)) - 80d4453e-3cb3-4128-a9dd-fc82c17086c2@group-8D8766D6CA45: start as a follower, conf=-1: [80d4453e-3cb3-4128-a9dd-fc82c17086c2|rpc:172.17.0.2:37911|priority:1], old=null
2021-01-18 08:19:06,197 [pool-181-thread-1] INFO  server.RaftServer$Division (RaftServerImpl.java:setRole(283)) - 80d4453e-3cb3-4128-a9dd-fc82c17086c2@group-8D8766D6CA45: changes role from      null to FOLLOWER at term 0 for startAsFollower
2021-01-18 08:19:06,199 [Command processor thread] INFO  commandhandler.CreatePipelineCommandHandler (CreatePipelineCommandHandler.java:handle(106)) - Created Pipeline RATIS ONE PipelineID=fec9881f-a30c-47eb-9533-24cb2f976346.
2021-01-18 08:19:06,199 [Command processor thread] INFO  server.RaftServer (RaftServerProxy.java:addNew(95)) - dc393f10-cf1b-4856-93c0-8107f803be1a: addNew group-064B80184E77:[dc393f10-cf1b-4856-93c0-8107f803be1a|rpc:172.17.0.2:44865|priority:0, bfdb13f1-88be-4fd0-b5f0-1bffb59ec9b7|rpc:172.17.0.2:40691|priority:1, cf5be2f4-6792-4067-a62c-82347c056bf8|rpc:172.17.0.2:37857|priority:0] returns group-064B80184E77:java.util.concurrent.CompletableFuture@6fe89179[Not completed]
2021-01-18 08:19:06,199 [pool-181-thread-1] INFO  impl.RoleInfo (RoleInfo.java:updateAndGet(130)) - 80d4453e-3cb3-4128-a9dd-fc82c17086c2: start 80d4453e-3cb3-4128-a9dd-fc82c17086c2@group-8D8766D6CA45-FollowerState
2021-01-18 08:19:06,200 [pool-166-thread-1] INFO  server.RaftServerConfigKeys (ConfUtils.java:logGet(44)) - raft.server.log.write.buffer.size = 1048576 (custom)
2021-01-18 08:19:06,200 [pool-118-thread-1] INFO  server.RaftServer$Division (RaftServerImpl.java:<init>(179)) - dc393f10-cf1b-4856-93c0-8107f803be1a: new RaftServerImpl for group-064B80184E77:[dc393f10-cf1b-4856-93c0-8107f803be1a|rpc:172.17.0.2:44865|priority:0, bfdb13f1-88be-4fd0-b5f0-1bffb59ec9b7|rpc:172.17.0.2:40691|priority:1, cf5be2f4-6792-4067-a62c-82347c056bf8|rpc:172.17.0.2:37857|priority:0] with ContainerStateMachine:uninitialized
2021-01-18 08:19:06,200 [pool-118-thread-1] INFO  server.RaftServerConfigKeys (ConfUtils.java:logGet(44)) - raft.server.rpc.timeout.min = 5s (custom)
2021-01-18 08:19:06,200 [pool-118-thread-1] INFO  server.RaftServerConfigKeys (ConfUtils.java:logGet(44)) - raft.server.rpc.timeout.max = 5200ms (custom)
2021-01-18 08:19:06,200 [pool-118-thread-1] INFO  server.RaftServerConfigKeys (ConfUtils.java:logGet(44)) - raft.server.rpc.sleep.time = 25ms (default)
2021-01-18 08:19:06,200 [pool-118-thread-1] INFO  server.RaftServerConfigKeys (ConfUtils.java:logGet(44)) - raft.server.rpc.slowness.timeout = 300000ms (custom)
2021-01-18 08:19:06,200 [pool-118-thread-1] INFO  server.RaftServerConfigKeys (ConfUtils.java:logGet(44)) - raft.server.leaderelection.leader.step-down.wait-time = 10s (default)
2021-01-18 08:19:06,200 [pool-118-thread-1] INFO  server.RaftServerConfigKeys (ConfUtils.java:logGet(44)) - raft.server.sleep.deviation.threshold = 300ms (default)
2021-01-18 08:19:06,200 [pool-118-thread-1] INFO  server.RaftServerConfigKeys (ConfUtils.java:logGet(44)) - raft.server.log.appender.install.snapshot.enabled = false (custom)
2021-01-18 08:19:06,200 [pool-118-thread-1] INFO  server.RaftServer$Division (ServerState.java:<init>(103)) - dc393f10-cf1b-4856-93c0-8107f803be1a@group-064B80184E77: ConfigurationManager, init=-1: [dc393f10-cf1b-4856-93c0-8107f803be1a|rpc:172.17.0.2:44865|priority:0, bfdb13f1-88be-4fd0-b5f0-1bffb59ec9b7|rpc:172.17.0.2:40691|priority:1, cf5be2f4-6792-4067-a62c-82347c056bf8|rpc:172.17.0.2:37857|priority:0], old=null, confs=<EMPTY_MAP>
2021-01-18 08:19:06,200 [pool-102-thread-1] INFO  server.RaftServer$Division (RaftServerImpl.java:start(294)) - bfdb13f1-88be-4fd0-b5f0-1bffb59ec9b7@group-064B80184E77: start as a follower, conf=-1: [dc393f10-cf1b-4856-93c0-8107f803be1a|rpc:172.17.0.2:44865|dataStream:|priority:0, bfdb13f1-88be-4fd0-b5f0-1bffb59ec9b7|rpc:172.17.0.2:40691|dataStream:|priority:1, cf5be2f4-6792-4067-a62c-82347c056bf8|rpc:172.17.0.2:37857|dataStream:|priority:0], old=null
2021-01-18 08:19:06,201 [pool-102-thread-1] INFO  server.RaftServer$Division (RaftServerImpl.java:setRole(283)) - bfdb13f1-88be-4fd0-b5f0-1bffb59ec9b7@group-064B80184E77: changes role from      null to FOLLOWER at term 0 for startAsFollower
2021-01-18 08:19:06,200 [pool-166-thread-1] INFO  server.RaftServerConfigKeys (ConfUtils.java:logGet(44)) - raft.server.log.statemachine.data.caching.enabled = true (custom)
2021-01-18 08:19:06,200 [pool-118-thread-1] INFO  server.RaftServerConfigKeys (ConfUtils.java:logGet(44)) - raft.server.storage.dir = [/github/workspace/mnt/ozone/hadoop-ozone/integration-test/target/test-dir/MiniOzoneClusterImpl-bdf065e3-4bf0-4703-b3e1-6acc0ac12f97/datanode-5/data/ratis] (custom)
2021-01-18 08:19:06,201 [pool-166-thread-1] INFO  segmented.SegmentedRaftLogWorker (SegmentedRaftLogWorker.java:lambda$new$0(132)) - 852a0b0b-7bf4-4256-a802-bfb56885f965@group-A24C51A8245B-SegmentedRaftLogWorker: flushIndex: setUnconditionally 0 -> -1
2021-01-18 08:19:06,201 [pool-166-thread-1] INFO  segmented.SegmentedRaftLogWorker (SegmentedRaftLogWorker.java:lambda$new$0(132)) - 852a0b0b-7bf4-4256-a802-bfb56885f965@group-A24C51A8245B-SegmentedRaftLogWorker: safeCacheEvictIndex: setUnconditionally 0 -> -1
2021-01-18 08:19:06,201 [pool-118-thread-1] INFO  server.RaftServerConfigKeys (ConfUtils.java:logGet(44)) - raft.server.log.corruption.policy = EXCEPTION (default)
2021-01-18 08:19:06,201 [pool-118-thread-1] INFO  storage.RaftStorageDirectory (RaftStorageDirectoryImpl.java:analyzeStorage(132)) - The storage directory /github/workspace/mnt/ozone/hadoop-ozone/integration-test/target/test-dir/MiniOzoneClusterImpl-bdf065e3-4bf0-4703-b3e1-6acc0ac12f97/datanode-5/data/ratis/3385d0de-4eda-4176-8cd6-064b80184e77 does not exist. Creating ...
2021-01-18 08:19:06,203 [pool-118-thread-1] INFO  storage.RaftStorageDirectory (RaftStorageDirectoryImpl.java:tryLock(215)) - Lock on /github/workspace/mnt/ozone/hadoop-ozone/integration-test/target/test-dir/MiniOzoneClusterImpl-bdf065e3-4bf0-4703-b3e1-6acc0ac12f97/datanode-5/data/ratis/3385d0de-4eda-4176-8cd6-064b80184e77/in_use.lock acquired by nodename 32076@dc3504268712
2021-01-18 08:19:06,203 [EventQueue-OpenPipelineForHealthyPipelineSafeModeRule] INFO  safemode.SCMSafeModeManager (HealthyPipelineSafeModeRule.java:process(128)) - SCM in safe mode. Healthy pipelines reported count is 0, required healthy pipeline reported count is 1
2021-01-18 08:19:06,203 [EventQueue-PipelineReportForOneReplicaPipelineSafeModeRule] INFO  safemode.SCMSafeModeManager (SCMSafeModeManager.java:validateSafeModeExitRules(214)) - AtleastOneDatanodeReportedRule rule is successfully validated
2021-01-18 08:19:06,204 [pool-118-thread-1] INFO  storage.RaftStorage (RaftStorageImpl.java:format(87)) - Storage directory /github/workspace/mnt/ozone/hadoop-ozone/integration-test/target/test-dir/MiniOzoneClusterImpl-bdf065e3-4bf0-4703-b3e1-6acc0ac12f97/datanode-5/data/ratis/3385d0de-4eda-4176-8cd6-064b80184e77 has been successfully formatted.
2021-01-18 08:19:06,204 [EventQueue-OpenPipelineForHealthyPipelineSafeModeRule] INFO  safemode.SCMSafeModeManager (HealthyPipelineSafeModeRule.java:process(128)) - SCM in safe mode. Healthy pipelines reported count is 0, required healthy pipeline reported count is 1
2021-01-18 08:19:06,204 [EventQueue-PipelineReportForOneReplicaPipelineSafeModeRule] INFO  safemode.SCMSafeModeManager (SCMSafeModeManager.java:validateSafeModeExitRules(214)) - AtleastOneDatanodeReportedRule rule is successfully validated
2021-01-18 08:19:06,208 [pool-181-thread-1] INFO  util.JmxRegister (JmxRegister.java:tryRegister(44)) - Successfully registered JMX Bean with object name Ratis:service=RaftServer,group=group-8D8766D6CA45,id=80d4453e-3cb3-4128-a9dd-fc82c17086c2
2021-01-18 08:19:06,208 [pool-181-thread-1] INFO  metrics.RatisMetrics (RatisMetrics.java:lambda$create$0(36)) - Creating Metrics Registry : ratis.state_machine.80d4453e-3cb3-4128-a9dd-fc82c17086c2@group-8D8766D6CA45
2021-01-18 08:19:06,212 [pool-134-thread-1] INFO  metrics.RatisMetrics (RatisMetrics.java:lambda$create$0(36)) - Creating Metrics Registry : ratis.server.98a8f6bd-fbb9-4a8e-a9ec-8fb646ec091b@group-53416BC22AC8
2021-01-18 08:19:06,213 [Command processor thread] INFO  commandhandler.CreatePipelineCommandHandler (CreatePipelineCommandHandler.java:handle(106)) - Created Pipeline RATIS ONE PipelineID=33af3b24-265c-4310-9e6b-8d8766d6ca45.
2021-01-18 08:19:06,213 [pool-150-thread-1] INFO  impl.RoleInfo (RoleInfo.java:updateAndGet(130)) - bc9cf250-f2f7-4763-83b2-e84831211d15: start bc9cf250-f2f7-4763-83b2-e84831211d15@group-D9A7B215F9CB-FollowerState
2021-01-18 08:19:06,213 [pool-134-thread-1] INFO  server.RaftServer$Division (RaftServerImpl.java:start(294)) - 98a8f6bd-fbb9-4a8e-a9ec-8fb646ec091b@group-53416BC22AC8: start as a follower, conf=-1: [98a8f6bd-fbb9-4a8e-a9ec-8fb646ec091b|rpc:172.17.0.2:45967|priority:1], old=null
2021-01-18 08:19:06,213 [pool-134-thread-1] INFO  server.RaftServer$Division (RaftServerImpl.java:setRole(283)) - 98a8f6bd-fbb9-4a8e-a9ec-8fb646ec091b@group-53416BC22AC8: changes role from      null to FOLLOWER at term 0 for startAsFollower
2021-01-18 08:19:06,216 [pool-118-thread-1] INFO  ratis.ContainerStateMachine (ContainerStateMachine.java:loadSnapshot(223)) - group-064B80184E77: The snapshot info is null. Setting the last applied indexto:(t:0, i:~)
2021-01-18 08:19:06,216 [pool-150-thread-1] INFO  util.JmxRegister (JmxRegister.java:tryRegister(44)) - Successfully registered JMX Bean with object name Ratis:service=RaftServer,group=group-D9A7B215F9CB,id=bc9cf250-f2f7-4763-83b2-e84831211d15
2021-01-18 08:19:06,216 [pool-118-thread-1] ERROR storage.RaftStorage (RaftStorageImpl.java:readRaftConfiguration(147)) - Failed reading configuration from file:/github/workspace/mnt/ozone/hadoop-ozone/integration-test/target/test-dir/MiniOzoneClusterImpl-bdf065e3-4bf0-4703-b3e1-6acc0ac12f97/datanode-5/data/ratis/3385d0de-4eda-4176-8cd6-064b80184e77/current/raft-meta.conf
java.io.FileNotFoundException: /github/workspace/mnt/ozone/hadoop-ozone/integration-test/target/test-dir/MiniOzoneClusterImpl-bdf065e3-4bf0-4703-b3e1-6acc0ac12f97/datanode-5/data/ratis/3385d0de-4eda-4176-8cd6-064b80184e77/current/raft-meta.conf (No such file or directory)
	at java.io.FileInputStream.open0(Native Method)
	at java.io.FileInputStream.open(FileInputStream.java:195)
	at java.io.FileInputStream.<init>(FileInputStream.java:138)
	at org.apache.ratis.server.storage.RaftStorageImpl.readRaftConfiguration(RaftStorageImpl.java:143)
	at org.apache.ratis.server.impl.ServerState.<init>(ServerState.java:113)
	at org.apache.ratis.server.impl.RaftServerImpl.<init>(RaftServerImpl.java:192)
	at org.apache.ratis.server.impl.RaftServerProxy.lambda$newRaftServerImpl$4(RaftServerProxy.java:266)
	at java.util.concurrent.CompletableFuture$AsyncSupply.run(CompletableFuture.java:1604)
	at java.util.concurrent.ThreadPoolExecutor.runWorker(ThreadPoolExecutor.java:1149)
	at java.util.concurrent.ThreadPoolExecutor$Worker.run(ThreadPoolExecutor.java:624)
	at java.lang.Thread.run(Thread.java:748)
2021-01-18 08:19:06,216 [pool-118-thread-1] INFO  server.RaftServerConfigKeys (ConfUtils.java:logGet(44)) - raft.server.notification.no-leader.timeout = 300000ms (custom)
2021-01-18 08:19:06,216 [pool-118-thread-1] INFO  server.RaftServerConfigKeys (ConfUtils.java:logGet(44)) - raft.server.log.use.memory = false (default)
2021-01-18 08:19:06,216 [pool-118-thread-1] INFO  server.RaftServerConfigKeys (ConfUtils.java:logGet(44)) - raft.server.log.purge.gap = 1000000 (custom)
2021-01-18 08:19:06,216 [pool-118-thread-1] INFO  server.RaftServerConfigKeys (ConfUtils.java:logGet(44)) - raft.server.log.appender.buffer.byte-limit = 33554432 (custom)
2021-01-18 08:19:06,216 [pool-118-thread-1] INFO  metrics.RatisMetrics (RatisMetrics.java:lambda$create$0(36)) - Creating Metrics Registry : ratis.log_worker.dc393f10-cf1b-4856-93c0-8107f803be1a@group-064B80184E77
2021-01-18 08:19:06,216 [pool-118-thread-1] INFO  server.RaftServerConfigKeys (ConfUtils.java:logGet(44)) - raft.server.log.segment.size.max = 1048576 (custom)
2021-01-18 08:19:06,217 [pool-118-thread-1] INFO  server.RaftServerConfigKeys (ConfUtils.java:logGet(44)) - raft.server.log.segment.cache.num.max = 2 (custom)
2021-01-18 08:19:06,217 [pool-118-thread-1] INFO  server.RaftServerConfigKeys (ConfUtils.java:logGet(44)) - raft.server.log.segment.cache.size.max = 200MB (=209715200) (default)
2021-01-18 08:19:06,217 [pool-118-thread-1] INFO  segmented.SegmentedRaftLogWorker (SegmentedRaftLogWorker.java:<init>(181)) - new dc393f10-cf1b-4856-93c0-8107f803be1a@group-064B80184E77-SegmentedRaftLogWorker for RaftStorageImpl:Storage Directory /github/workspace/mnt/ozone/hadoop-ozone/integration-test/target/test-dir/MiniOzoneClusterImpl-bdf065e3-4bf0-4703-b3e1-6acc0ac12f97/datanode-5/data/ratis/3385d0de-4eda-4176-8cd6-064b80184e77
2021-01-18 08:19:06,217 [pool-118-thread-1] INFO  server.RaftServerConfigKeys (ConfUtils.java:logGet(44)) - raft.server.log.queue.byte-limit = 2147483647 (custom)
2021-01-18 08:19:06,217 [pool-118-thread-1] INFO  server.RaftServerConfigKeys (ConfUtils.java:logGet(44)) - raft.server.log.queue.element-limit = 1024 (custom)
2021-01-18 08:19:06,216 [pool-150-thread-1] INFO  metrics.RatisMetrics (RatisMetrics.java:lambda$create$0(36)) - Creating Metrics Registry : ratis.state_machine.bc9cf250-f2f7-4763-83b2-e84831211d15@group-D9A7B215F9CB
2021-01-18 08:19:06,217 [EventQueue-OpenPipelineForHealthyPipelineSafeModeRule] INFO  safemode.SCMSafeModeManager (HealthyPipelineSafeModeRule.java:process(128)) - SCM in safe mode. Healthy pipelines reported count is 0, required healthy pipeline reported count is 1
2021-01-18 08:19:06,217 [pool-118-thread-1] INFO  server.RaftServerConfigKeys (ConfUtils.java:logGet(44)) - raft.server.log.segment.size.max = 1048576 (custom)
2021-01-18 08:19:06,217 [pool-118-thread-1] INFO  server.RaftServerConfigKeys (ConfUtils.java:logGet(44)) - raft.server.log.preallocated.size = 16384 (custom)
2021-01-18 08:19:06,217 [pool-118-thread-1] INFO  server.RaftServerConfigKeys (ConfUtils.java:logGet(44)) - raft.server.log.force.sync.num = 128 (default)
2021-01-18 08:19:06,217 [pool-118-thread-1] INFO  server.RaftServerConfigKeys (ConfUtils.java:logGet(44)) - raft.server.log.statemachine.data.sync = true (default)
2021-01-18 08:19:06,218 [pool-118-thread-1] INFO  server.RaftServerConfigKeys (ConfUtils.java:logGet(44)) - raft.server.log.statemachine.data.sync.timeout = 10s (default)
2021-01-18 08:19:06,218 [pool-118-thread-1] INFO  server.RaftServerConfigKeys (ConfUtils.java:logGet(44)) - raft.server.log.statemachine.data.sync.timeout.retry = -1 (default)
2021-01-18 08:19:06,217 [EventQueue-PipelineReportForOneReplicaPipelineSafeModeRule] INFO  safemode.SCMSafeModeManager (SCMSafeModeManager.java:validateSafeModeExitRules(214)) - AtleastOneDatanodeReportedRule rule is successfully validated
2021-01-18 08:19:06,220 [pool-102-thread-1] INFO  impl.RoleInfo (RoleInfo.java:updateAndGet(130)) - bfdb13f1-88be-4fd0-b5f0-1bffb59ec9b7: start bfdb13f1-88be-4fd0-b5f0-1bffb59ec9b7@group-064B80184E77-FollowerState
2021-01-18 08:19:06,220 [pool-166-thread-1] INFO  server.RaftServerConfigKeys (ConfUtils.java:logGet(44)) - raft.server.snapshot.auto.trigger.enabled = true (custom)
2021-01-18 08:19:06,220 [pool-166-thread-1] INFO  server.RaftServerConfigKeys (ConfUtils.java:logGet(44)) - raft.server.snapshot.auto.trigger.threshold = 1 (custom)
2021-01-18 08:19:06,220 [pool-166-thread-1] INFO  server.RaftServerConfigKeys (ConfUtils.java:logGet(44)) - raft.server.snapshot.retention.file.num = 5 (custom)
2021-01-18 08:19:06,220 [pool-166-thread-1] INFO  server.RaftServerConfigKeys (ConfUtils.java:logGet(44)) - raft.server.log.purge.upto.snapshot.index = false (default)
2021-01-18 08:19:06,221 [pool-102-thread-1] INFO  util.JmxRegister (JmxRegister.java:tryRegister(44)) - Successfully registered JMX Bean with object name Ratis:service=RaftServer,group=group-064B80184E77,id=bfdb13f1-88be-4fd0-b5f0-1bffb59ec9b7
2021-01-18 08:19:06,221 [pool-102-thread-1] INFO  metrics.RatisMetrics (RatisMetrics.java:lambda$create$0(36)) - Creating Metrics Registry : ratis.state_machine.bfdb13f1-88be-4fd0-b5f0-1bffb59ec9b7@group-064B80184E77
2021-01-18 08:19:06,222 [pool-102-thread-1] INFO  server.RaftServer$Division (RaftServerImpl.java:start(294)) - bfdb13f1-88be-4fd0-b5f0-1bffb59ec9b7@group-58A162B7A17E: start as a follower, conf=-1: [bfdb13f1-88be-4fd0-b5f0-1bffb59ec9b7|rpc:172.17.0.2:40691|priority:1], old=null
2021-01-18 08:19:06,222 [pool-102-thread-1] INFO  server.RaftServer$Division (RaftServerImpl.java:setRole(283)) - bfdb13f1-88be-4fd0-b5f0-1bffb59ec9b7@group-58A162B7A17E: changes role from      null to FOLLOWER at term 0 for startAsFollower
2021-01-18 08:19:06,222 [pool-102-thread-1] INFO  impl.RoleInfo (RoleInfo.java:updateAndGet(130)) - bfdb13f1-88be-4fd0-b5f0-1bffb59ec9b7: start bfdb13f1-88be-4fd0-b5f0-1bffb59ec9b7@group-58A162B7A17E-FollowerState
2021-01-18 08:19:06,226 [pool-102-thread-1] INFO  util.JmxRegister (JmxRegister.java:tryRegister(44)) - Successfully registered JMX Bean with object name Ratis:service=RaftServer,group=group-58A162B7A17E,id=bfdb13f1-88be-4fd0-b5f0-1bffb59ec9b7
2021-01-18 08:19:06,226 [pool-102-thread-1] INFO  metrics.RatisMetrics (RatisMetrics.java:lambda$create$0(36)) - Creating Metrics Registry : ratis.state_machine.bfdb13f1-88be-4fd0-b5f0-1bffb59ec9b7@group-58A162B7A17E
2021-01-18 08:19:06,226 [pool-118-thread-1] INFO  server.RaftServerConfigKeys (ConfUtils.java:logGet(44)) - raft.server.log.write.buffer.size = 1048576 (custom)
2021-01-18 08:19:06,227 [pool-118-thread-1] INFO  server.RaftServerConfigKeys (ConfUtils.java:logGet(44)) - raft.server.log.statemachine.data.caching.enabled = true (custom)
2021-01-18 08:19:06,227 [pool-118-thread-1] INFO  segmented.SegmentedRaftLogWorker (SegmentedRaftLogWorker.java:lambda$new$0(132)) - dc393f10-cf1b-4856-93c0-8107f803be1a@group-064B80184E77-SegmentedRaftLogWorker: flushIndex: setUnconditionally 0 -> -1
2021-01-18 08:19:06,227 [pool-118-thread-1] INFO  segmented.SegmentedRaftLogWorker (SegmentedRaftLogWorker.java:lambda$new$0(132)) - dc393f10-cf1b-4856-93c0-8107f803be1a@group-064B80184E77-SegmentedRaftLogWorker: safeCacheEvictIndex: setUnconditionally 0 -> -1
2021-01-18 08:19:06,232 [pool-134-thread-1] INFO  impl.RoleInfo (RoleInfo.java:updateAndGet(130)) - 98a8f6bd-fbb9-4a8e-a9ec-8fb646ec091b: start 98a8f6bd-fbb9-4a8e-a9ec-8fb646ec091b@group-53416BC22AC8-FollowerState
2021-01-18 08:19:06,233 [Command processor thread] INFO  commandhandler.CreatePipelineCommandHandler (CreatePipelineCommandHandler.java:handle(106)) - Created Pipeline RATIS ONE PipelineID=503b528a-287a-4663-ba32-d9a7b215f9cb.
2021-01-18 08:19:06,233 [pool-134-thread-1] INFO  util.JmxRegister (JmxRegister.java:tryRegister(44)) - Successfully registered JMX Bean with object name Ratis:service=RaftServer,group=group-53416BC22AC8,id=98a8f6bd-fbb9-4a8e-a9ec-8fb646ec091b
2021-01-18 08:19:06,233 [pool-134-thread-1] INFO  metrics.RatisMetrics (RatisMetrics.java:lambda$create$0(36)) - Creating Metrics Registry : ratis.state_machine.98a8f6bd-fbb9-4a8e-a9ec-8fb646ec091b@group-53416BC22AC8
2021-01-18 08:19:06,234 [pool-150-thread-1] INFO  server.RaftServer$Division (RaftServerImpl.java:<init>(179)) - bc9cf250-f2f7-4763-83b2-e84831211d15: new RaftServerImpl for group-2F47BF998A60:[bc9cf250-f2f7-4763-83b2-e84831211d15|rpc:172.17.0.2:33353|priority:0, 98a8f6bd-fbb9-4a8e-a9ec-8fb646ec091b|rpc:172.17.0.2:45967|priority:0, 852a0b0b-7bf4-4256-a802-bfb56885f965|rpc:172.17.0.2:38945|priority:1] with ContainerStateMachine:uninitialized
2021-01-18 08:19:06,234 [pool-150-thread-1] INFO  server.RaftServerConfigKeys (ConfUtils.java:logGet(44)) - raft.server.rpc.timeout.min = 5s (custom)
2021-01-18 08:19:06,234 [pool-150-thread-1] INFO  server.RaftServerConfigKeys (ConfUtils.java:logGet(44)) - raft.server.rpc.timeout.max = 5200ms (custom)
2021-01-18 08:19:06,234 [pool-150-thread-1] INFO  server.RaftServerConfigKeys (ConfUtils.java:logGet(44)) - raft.server.rpc.sleep.time = 25ms (default)
2021-01-18 08:19:06,234 [pool-150-thread-1] INFO  server.RaftServerConfigKeys (ConfUtils.java:logGet(44)) - raft.server.rpc.slowness.timeout = 300000ms (custom)
2021-01-18 08:19:06,234 [pool-150-thread-1] INFO  server.RaftServerConfigKeys (ConfUtils.java:logGet(44)) - raft.server.leaderelection.leader.step-down.wait-time = 10s (default)
2021-01-18 08:19:06,234 [pool-150-thread-1] INFO  server.RaftServerConfigKeys (ConfUtils.java:logGet(44)) - raft.server.sleep.deviation.threshold = 300ms (default)
2021-01-18 08:19:06,234 [pool-150-thread-1] INFO  server.RaftServerConfigKeys (ConfUtils.java:logGet(44)) - raft.server.log.appender.install.snapshot.enabled = false (custom)
2021-01-18 08:19:06,234 [pool-150-thread-1] INFO  server.RaftServer$Division (ServerState.java:<init>(103)) - bc9cf250-f2f7-4763-83b2-e84831211d15@group-2F47BF998A60: ConfigurationManager, init=-1: [bc9cf250-f2f7-4763-83b2-e84831211d15|rpc:172.17.0.2:33353|priority:0, 98a8f6bd-fbb9-4a8e-a9ec-8fb646ec091b|rpc:172.17.0.2:45967|priority:0, 852a0b0b-7bf4-4256-a802-bfb56885f965|rpc:172.17.0.2:38945|priority:1], old=null, confs=<EMPTY_MAP>
2021-01-18 08:19:06,234 [pool-150-thread-1] INFO  server.RaftServerConfigKeys (ConfUtils.java:logGet(44)) - raft.server.storage.dir = [/github/workspace/mnt/ozone/hadoop-ozone/integration-test/target/test-dir/MiniOzoneClusterImpl-bdf065e3-4bf0-4703-b3e1-6acc0ac12f97/datanode-7/data/ratis] (custom)
2021-01-18 08:19:06,234 [pool-150-thread-1] INFO  server.RaftServerConfigKeys (ConfUtils.java:logGet(44)) - raft.server.log.corruption.policy = EXCEPTION (default)
2021-01-18 08:19:06,234 [pool-150-thread-1] INFO  storage.RaftStorageDirectory (RaftStorageDirectoryImpl.java:analyzeStorage(132)) - The storage directory /github/workspace/mnt/ozone/hadoop-ozone/integration-test/target/test-dir/MiniOzoneClusterImpl-bdf065e3-4bf0-4703-b3e1-6acc0ac12f97/datanode-7/data/ratis/d2a8336b-a828-43b0-8247-2f47bf998a60 does not exist. Creating ...
2021-01-18 08:19:06,233 [Command processor thread] INFO  server.RaftServer (RaftServerProxy.java:addNew(95)) - bc9cf250-f2f7-4763-83b2-e84831211d15: addNew group-2F47BF998A60:[bc9cf250-f2f7-4763-83b2-e84831211d15|rpc:172.17.0.2:33353|priority:0, 98a8f6bd-fbb9-4a8e-a9ec-8fb646ec091b|rpc:172.17.0.2:45967|priority:0, 852a0b0b-7bf4-4256-a802-bfb56885f965|rpc:172.17.0.2:38945|priority:1] returns group-2F47BF998A60:java.util.concurrent.CompletableFuture@2ca04f55[Not completed]
2021-01-18 08:19:06,236 [Command processor thread] INFO  commandhandler.CreatePipelineCommandHandler (CreatePipelineCommandHandler.java:handle(106)) - Created Pipeline RATIS ONE PipelineID=dacf6ae2-768d-45ab-a4bf-53416bc22ac8.
2021-01-18 08:19:06,236 [Command processor thread] INFO  server.RaftServer (RaftServerProxy.java:addNew(95)) - 98a8f6bd-fbb9-4a8e-a9ec-8fb646ec091b: addNew group-2F47BF998A60:[bc9cf250-f2f7-4763-83b2-e84831211d15|rpc:172.17.0.2:33353|priority:0, 98a8f6bd-fbb9-4a8e-a9ec-8fb646ec091b|rpc:172.17.0.2:45967|priority:0, 852a0b0b-7bf4-4256-a802-bfb56885f965|rpc:172.17.0.2:38945|priority:1] returns group-2F47BF998A60:java.util.concurrent.CompletableFuture@75bc2b8c[Not completed]
2021-01-18 08:19:06,236 [pool-150-thread-1] INFO  storage.RaftStorageDirectory (RaftStorageDirectoryImpl.java:tryLock(215)) - Lock on /github/workspace/mnt/ozone/hadoop-ozone/integration-test/target/test-dir/MiniOzoneClusterImpl-bdf065e3-4bf0-4703-b3e1-6acc0ac12f97/datanode-7/data/ratis/d2a8336b-a828-43b0-8247-2f47bf998a60/in_use.lock acquired by nodename 32076@dc3504268712
2021-01-18 08:19:06,237 [pool-118-thread-1] INFO  server.RaftServerConfigKeys (ConfUtils.java:logGet(44)) - raft.server.snapshot.auto.trigger.enabled = true (custom)
2021-01-18 08:19:06,237 [pool-118-thread-1] INFO  server.RaftServerConfigKeys (ConfUtils.java:logGet(44)) - raft.server.snapshot.auto.trigger.threshold = 1 (custom)
2021-01-18 08:19:06,237 [pool-118-thread-1] INFO  server.RaftServerConfigKeys (ConfUtils.java:logGet(44)) - raft.server.snapshot.retention.file.num = 5 (custom)
2021-01-18 08:19:06,237 [pool-118-thread-1] INFO  server.RaftServerConfigKeys (ConfUtils.java:logGet(44)) - raft.server.log.purge.upto.snapshot.index = false (default)
2021-01-18 08:19:06,237 [pool-118-thread-1] INFO  server.RaftServerConfigKeys (ConfUtils.java:logGet(44)) - raft.server.retrycache.expirytime = 600000ms (custom)
2021-01-18 08:19:06,237 [pool-118-thread-1] INFO  server.RaftServerConfigKeys (ConfUtils.java:logGet(44)) - raft.server.retrycache.statistics.expirytime = 100?s (default)
2021-01-18 08:19:06,237 [pool-134-thread-1] INFO  server.RaftServer$Division (RaftServerImpl.java:<init>(179)) - 98a8f6bd-fbb9-4a8e-a9ec-8fb646ec091b: new RaftServerImpl for group-2F47BF998A60:[bc9cf250-f2f7-4763-83b2-e84831211d15|rpc:172.17.0.2:33353|priority:0, 98a8f6bd-fbb9-4a8e-a9ec-8fb646ec091b|rpc:172.17.0.2:45967|priority:0, 852a0b0b-7bf4-4256-a802-bfb56885f965|rpc:172.17.0.2:38945|priority:1] with ContainerStateMachine:uninitialized
2021-01-18 08:19:06,237 [pool-118-thread-1] INFO  metrics.RatisMetrics (RatisMetrics.java:lambda$create$0(36)) - Creating Metrics Registry : ratis.leader_election.dc393f10-cf1b-4856-93c0-8107f803be1a@group-064B80184E77
2021-01-18 08:19:06,237 [pool-134-thread-1] INFO  server.RaftServerConfigKeys (ConfUtils.java:logGet(44)) - raft.server.rpc.timeout.min = 5s (custom)
2021-01-18 08:19:06,237 [pool-134-thread-1] INFO  server.RaftServerConfigKeys (ConfUtils.java:logGet(44)) - raft.server.rpc.timeout.max = 5200ms (custom)
2021-01-18 08:19:06,237 [pool-134-thread-1] INFO  server.RaftServerConfigKeys (ConfUtils.java:logGet(44)) - raft.server.rpc.sleep.time = 25ms (default)
2021-01-18 08:19:06,237 [pool-134-thread-1] INFO  server.RaftServerConfigKeys (ConfUtils.java:logGet(44)) - raft.server.rpc.slowness.timeout = 300000ms (custom)
2021-01-18 08:19:06,238 [pool-134-thread-1] INFO  server.RaftServerConfigKeys (ConfUtils.java:logGet(44)) - raft.server.leaderelection.leader.step-down.wait-time = 10s (default)
2021-01-18 08:19:06,238 [pool-134-thread-1] INFO  server.RaftServerConfigKeys (ConfUtils.java:logGet(44)) - raft.server.sleep.deviation.threshold = 300ms (default)
2021-01-18 08:19:06,238 [pool-134-thread-1] INFO  server.RaftServerConfigKeys (ConfUtils.java:logGet(44)) - raft.server.log.appender.install.snapshot.enabled = false (custom)
2021-01-18 08:19:06,238 [pool-118-thread-1] INFO  metrics.RatisMetrics (RatisMetrics.java:lambda$create$0(36)) - Creating Metrics Registry : ratis.server.dc393f10-cf1b-4856-93c0-8107f803be1a@group-064B80184E77
2021-01-18 08:19:06,238 [pool-134-thread-1] INFO  server.RaftServer$Division (ServerState.java:<init>(103)) - 98a8f6bd-fbb9-4a8e-a9ec-8fb646ec091b@group-2F47BF998A60: ConfigurationManager, init=-1: [bc9cf250-f2f7-4763-83b2-e84831211d15|rpc:172.17.0.2:33353|priority:0, 98a8f6bd-fbb9-4a8e-a9ec-8fb646ec091b|rpc:172.17.0.2:45967|priority:0, 852a0b0b-7bf4-4256-a802-bfb56885f965|rpc:172.17.0.2:38945|priority:1], old=null, confs=<EMPTY_MAP>
2021-01-18 08:19:06,238 [pool-134-thread-1] INFO  server.RaftServerConfigKeys (ConfUtils.java:logGet(44)) - raft.server.storage.dir = [/github/workspace/mnt/ozone/hadoop-ozone/integration-test/target/test-dir/MiniOzoneClusterImpl-bdf065e3-4bf0-4703-b3e1-6acc0ac12f97/datanode-6/data/ratis] (custom)
2021-01-18 08:19:06,238 [pool-134-thread-1] INFO  server.RaftServerConfigKeys (ConfUtils.java:logGet(44)) - raft.server.log.corruption.policy = EXCEPTION (default)
2021-01-18 08:19:06,238 [pool-134-thread-1] INFO  storage.RaftStorageDirectory (RaftStorageDirectoryImpl.java:analyzeStorage(132)) - The storage directory /github/workspace/mnt/ozone/hadoop-ozone/integration-test/target/test-dir/MiniOzoneClusterImpl-bdf065e3-4bf0-4703-b3e1-6acc0ac12f97/datanode-6/data/ratis/d2a8336b-a828-43b0-8247-2f47bf998a60 does not exist. Creating ...
2021-01-18 08:19:06,238 [pool-150-thread-1] INFO  storage.RaftStorage (RaftStorageImpl.java:format(87)) - Storage directory /github/workspace/mnt/ozone/hadoop-ozone/integration-test/target/test-dir/MiniOzoneClusterImpl-bdf065e3-4bf0-4703-b3e1-6acc0ac12f97/datanode-7/data/ratis/d2a8336b-a828-43b0-8247-2f47bf998a60 has been successfully formatted.
2021-01-18 08:19:06,239 [pool-134-thread-1] INFO  storage.RaftStorageDirectory (RaftStorageDirectoryImpl.java:tryLock(215)) - Lock on /github/workspace/mnt/ozone/hadoop-ozone/integration-test/target/test-dir/MiniOzoneClusterImpl-bdf065e3-4bf0-4703-b3e1-6acc0ac12f97/datanode-6/data/ratis/d2a8336b-a828-43b0-8247-2f47bf998a60/in_use.lock acquired by nodename 32076@dc3504268712
2021-01-18 08:19:06,239 [pool-118-thread-1] INFO  server.RaftServer$Division (RaftServerImpl.java:start(294)) - dc393f10-cf1b-4856-93c0-8107f803be1a@group-064B80184E77: start as a follower, conf=-1: [dc393f10-cf1b-4856-93c0-8107f803be1a|rpc:172.17.0.2:44865|priority:0, bfdb13f1-88be-4fd0-b5f0-1bffb59ec9b7|rpc:172.17.0.2:40691|priority:1, cf5be2f4-6792-4067-a62c-82347c056bf8|rpc:172.17.0.2:37857|priority:0], old=null
2021-01-18 08:19:06,239 [pool-118-thread-1] INFO  server.RaftServer$Division (RaftServerImpl.java:setRole(283)) - dc393f10-cf1b-4856-93c0-8107f803be1a@group-064B80184E77: changes role from      null to FOLLOWER at term 0 for startAsFollower
2021-01-18 08:19:06,244 [pool-166-thread-1] INFO  server.RaftServerConfigKeys (ConfUtils.java:logGet(44)) - raft.server.retrycache.expirytime = 600000ms (custom)
2021-01-18 08:19:06,244 [pool-166-thread-1] INFO  server.RaftServerConfigKeys (ConfUtils.java:logGet(44)) - raft.server.retrycache.statistics.expirytime = 100?s (default)
2021-01-18 08:19:06,244 [pool-166-thread-1] INFO  metrics.RatisMetrics (RatisMetrics.java:lambda$create$0(36)) - Creating Metrics Registry : ratis.leader_election.852a0b0b-7bf4-4256-a802-bfb56885f965@group-A24C51A8245B
2021-01-18 08:19:06,245 [pool-166-thread-1] INFO  metrics.RatisMetrics (RatisMetrics.java:lambda$create$0(36)) - Creating Metrics Registry : ratis.server.852a0b0b-7bf4-4256-a802-bfb56885f965@group-A24C51A8245B
2021-01-18 08:19:06,245 [pool-166-thread-1] INFO  server.RaftServer$Division (RaftServerImpl.java:start(294)) - 852a0b0b-7bf4-4256-a802-bfb56885f965@group-A24C51A8245B: start as a follower, conf=-1: [852a0b0b-7bf4-4256-a802-bfb56885f965|rpc:172.17.0.2:38945|priority:1], old=null
2021-01-18 08:19:06,245 [pool-166-thread-1] INFO  server.RaftServer$Division (RaftServerImpl.java:setRole(283)) - 852a0b0b-7bf4-4256-a802-bfb56885f965@group-A24C51A8245B: changes role from      null to FOLLOWER at term 0 for startAsFollower
2021-01-18 08:19:06,246 [pool-166-thread-1] INFO  impl.RoleInfo (RoleInfo.java:updateAndGet(130)) - 852a0b0b-7bf4-4256-a802-bfb56885f965: start 852a0b0b-7bf4-4256-a802-bfb56885f965@group-A24C51A8245B-FollowerState
2021-01-18 08:19:06,246 [pool-166-thread-1] INFO  util.JmxRegister (JmxRegister.java:tryRegister(44)) - Successfully registered JMX Bean with object name Ratis:service=RaftServer,group=group-A24C51A8245B,id=852a0b0b-7bf4-4256-a802-bfb56885f965
2021-01-18 08:19:06,246 [pool-166-thread-1] INFO  metrics.RatisMetrics (RatisMetrics.java:lambda$create$0(36)) - Creating Metrics Registry : ratis.state_machine.852a0b0b-7bf4-4256-a802-bfb56885f965@group-A24C51A8245B
2021-01-18 08:19:06,247 [Command processor thread] INFO  commandhandler.CreatePipelineCommandHandler (CreatePipelineCommandHandler.java:handle(106)) - Created Pipeline RATIS ONE PipelineID=ed94cfc9-54ea-4613-8ec3-58a162b7a17e.
2021-01-18 08:19:06,247 [Command processor thread] INFO  commandhandler.CreatePipelineCommandHandler (CreatePipelineCommandHandler.java:handle(106)) - Created Pipeline RATIS ONE PipelineID=95eae760-9b4e-4935-99d8-a24c51a8245b.
2021-01-18 08:19:06,247 [Command processor thread] INFO  server.RaftServer (RaftServerProxy.java:addNew(95)) - bfdb13f1-88be-4fd0-b5f0-1bffb59ec9b7: addNew group-40C8F8F876AB:[dc393f10-cf1b-4856-93c0-8107f803be1a|rpc:172.17.0.2:44865|priority:1, bfdb13f1-88be-4fd0-b5f0-1bffb59ec9b7|rpc:172.17.0.2:40691|priority:0, cf5be2f4-6792-4067-a62c-82347c056bf8|rpc:172.17.0.2:37857|priority:0] returns group-40C8F8F876AB:java.util.concurrent.CompletableFuture@1d54dd0a[Not completed]
2021-01-18 08:19:06,247 [Command processor thread] INFO  server.RaftServer (RaftServerProxy.java:addNew(95)) - 852a0b0b-7bf4-4256-a802-bfb56885f965: addNew group-2F47BF998A60:[bc9cf250-f2f7-4763-83b2-e84831211d15|rpc:172.17.0.2:33353|priority:0, 98a8f6bd-fbb9-4a8e-a9ec-8fb646ec091b|rpc:172.17.0.2:45967|priority:0, 852a0b0b-7bf4-4256-a802-bfb56885f965|rpc:172.17.0.2:38945|priority:1] returns group-2F47BF998A60:java.util.concurrent.CompletableFuture@627c412e[Not completed]
2021-01-18 08:19:06,249 [pool-134-thread-1] INFO  storage.RaftStorage (RaftStorageImpl.java:format(87)) - Storage directory /github/workspace/mnt/ozone/hadoop-ozone/integration-test/target/test-dir/MiniOzoneClusterImpl-bdf065e3-4bf0-4703-b3e1-6acc0ac12f97/datanode-6/data/ratis/d2a8336b-a828-43b0-8247-2f47bf998a60 has been successfully formatted.
2021-01-18 08:19:06,249 [pool-134-thread-1] INFO  ratis.ContainerStateMachine (ContainerStateMachine.java:loadSnapshot(223)) - group-2F47BF998A60: The snapshot info is null. Setting the last applied indexto:(t:0, i:~)
2021-01-18 08:19:06,249 [pool-134-thread-1] ERROR storage.RaftStorage (RaftStorageImpl.java:readRaftConfiguration(147)) - Failed reading configuration from file:/github/workspace/mnt/ozone/hadoop-ozone/integration-test/target/test-dir/MiniOzoneClusterImpl-bdf065e3-4bf0-4703-b3e1-6acc0ac12f97/datanode-6/data/ratis/d2a8336b-a828-43b0-8247-2f47bf998a60/current/raft-meta.conf
java.io.FileNotFoundException: /github/workspace/mnt/ozone/hadoop-ozone/integration-test/target/test-dir/MiniOzoneClusterImpl-bdf065e3-4bf0-4703-b3e1-6acc0ac12f97/datanode-6/data/ratis/d2a8336b-a828-43b0-8247-2f47bf998a60/current/raft-meta.conf (No such file or directory)
	at java.io.FileInputStream.open0(Native Method)
	at java.io.FileInputStream.open(FileInputStream.java:195)
	at java.io.FileInputStream.<init>(FileInputStream.java:138)
	at org.apache.ratis.server.storage.RaftStorageImpl.readRaftConfiguration(RaftStorageImpl.java:143)
	at org.apache.ratis.server.impl.ServerState.<init>(ServerState.java:113)
	at org.apache.ratis.server.impl.RaftServerImpl.<init>(RaftServerImpl.java:192)
	at org.apache.ratis.server.impl.RaftServerProxy.lambda$newRaftServerImpl$4(RaftServerProxy.java:266)
	at java.util.concurrent.CompletableFuture$AsyncSupply.run(CompletableFuture.java:1604)
	at java.util.concurrent.ThreadPoolExecutor.runWorker(ThreadPoolExecutor.java:1149)
	at java.util.concurrent.ThreadPoolExecutor$Worker.run(ThreadPoolExecutor.java:624)
	at java.lang.Thread.run(Thread.java:748)
2021-01-18 08:19:06,252 [pool-150-thread-1] INFO  ratis.ContainerStateMachine (ContainerStateMachine.java:loadSnapshot(223)) - group-2F47BF998A60: The snapshot info is null. Setting the last applied indexto:(t:0, i:~)
2021-01-18 08:19:06,252 [pool-150-thread-1] ERROR storage.RaftStorage (RaftStorageImpl.java:readRaftConfiguration(147)) - Failed reading configuration from file:/github/workspace/mnt/ozone/hadoop-ozone/integration-test/target/test-dir/MiniOzoneClusterImpl-bdf065e3-4bf0-4703-b3e1-6acc0ac12f97/datanode-7/data/ratis/d2a8336b-a828-43b0-8247-2f47bf998a60/current/raft-meta.conf
java.io.FileNotFoundException: /github/workspace/mnt/ozone/hadoop-ozone/integration-test/target/test-dir/MiniOzoneClusterImpl-bdf065e3-4bf0-4703-b3e1-6acc0ac12f97/datanode-7/data/ratis/d2a8336b-a828-43b0-8247-2f47bf998a60/current/raft-meta.conf (No such file or directory)
	at java.io.FileInputStream.open0(Native Method)
	at java.io.FileInputStream.open(FileInputStream.java:195)
	at java.io.FileInputStream.<init>(FileInputStream.java:138)
	at org.apache.ratis.server.storage.RaftStorageImpl.readRaftConfiguration(RaftStorageImpl.java:143)
	at org.apache.ratis.server.impl.ServerState.<init>(ServerState.java:113)
	at org.apache.ratis.server.impl.RaftServerImpl.<init>(RaftServerImpl.java:192)
	at org.apache.ratis.server.impl.RaftServerProxy.lambda$newRaftServerImpl$4(RaftServerProxy.java:266)
	at java.util.concurrent.CompletableFuture$AsyncSupply.run(CompletableFuture.java:1604)
	at java.util.concurrent.ThreadPoolExecutor.runWorker(ThreadPoolExecutor.java:1149)
	at java.util.concurrent.ThreadPoolExecutor$Worker.run(ThreadPoolExecutor.java:624)
	at java.lang.Thread.run(Thread.java:748)
2021-01-18 08:19:06,252 [pool-150-thread-1] INFO  server.RaftServerConfigKeys (ConfUtils.java:logGet(44)) - raft.server.notification.no-leader.timeout = 300000ms (custom)
2021-01-18 08:19:06,252 [pool-150-thread-1] INFO  server.RaftServerConfigKeys (ConfUtils.java:logGet(44)) - raft.server.log.use.memory = false (default)
2021-01-18 08:19:06,252 [pool-150-thread-1] INFO  server.RaftServerConfigKeys (ConfUtils.java:logGet(44)) - raft.server.log.purge.gap = 1000000 (custom)
2021-01-18 08:19:06,252 [pool-150-thread-1] INFO  server.RaftServerConfigKeys (ConfUtils.java:logGet(44)) - raft.server.log.appender.buffer.byte-limit = 33554432 (custom)
2021-01-18 08:19:06,252 [pool-150-thread-1] INFO  metrics.RatisMetrics (RatisMetrics.java:lambda$create$0(36)) - Creating Metrics Registry : ratis.log_worker.bc9cf250-f2f7-4763-83b2-e84831211d15@group-2F47BF998A60
2021-01-18 08:19:06,252 [pool-150-thread-1] INFO  server.RaftServerConfigKeys (ConfUtils.java:logGet(44)) - raft.server.log.segment.size.max = 1048576 (custom)
2021-01-18 08:19:06,256 [pool-150-thread-1] INFO  server.RaftServerConfigKeys (ConfUtils.java:logGet(44)) - raft.server.log.segment.cache.num.max = 2 (custom)
2021-01-18 08:19:06,256 [pool-150-thread-1] INFO  server.RaftServerConfigKeys (ConfUtils.java:logGet(44)) - raft.server.log.segment.cache.size.max = 200MB (=209715200) (default)
2021-01-18 08:19:06,256 [pool-150-thread-1] INFO  segmented.SegmentedRaftLogWorker (SegmentedRaftLogWorker.java:<init>(181)) - new bc9cf250-f2f7-4763-83b2-e84831211d15@group-2F47BF998A60-SegmentedRaftLogWorker for RaftStorageImpl:Storage Directory /github/workspace/mnt/ozone/hadoop-ozone/integration-test/target/test-dir/MiniOzoneClusterImpl-bdf065e3-4bf0-4703-b3e1-6acc0ac12f97/datanode-7/data/ratis/d2a8336b-a828-43b0-8247-2f47bf998a60
2021-01-18 08:19:06,256 [pool-150-thread-1] INFO  server.RaftServerConfigKeys (ConfUtils.java:logGet(44)) - raft.server.log.queue.byte-limit = 2147483647 (custom)
2021-01-18 08:19:06,256 [pool-150-thread-1] INFO  server.RaftServerConfigKeys (ConfUtils.java:logGet(44)) - raft.server.log.queue.element-limit = 1024 (custom)
2021-01-18 08:19:06,256 [pool-150-thread-1] INFO  server.RaftServerConfigKeys (ConfUtils.java:logGet(44)) - raft.server.log.segment.size.max = 1048576 (custom)
2021-01-18 08:19:06,256 [pool-150-thread-1] INFO  server.RaftServerConfigKeys (ConfUtils.java:logGet(44)) - raft.server.log.preallocated.size = 16384 (custom)
2021-01-18 08:19:06,256 [pool-150-thread-1] INFO  server.RaftServerConfigKeys (ConfUtils.java:logGet(44)) - raft.server.log.force.sync.num = 128 (default)
2021-01-18 08:19:06,256 [pool-150-thread-1] INFO  server.RaftServerConfigKeys (ConfUtils.java:logGet(44)) - raft.server.log.statemachine.data.sync = true (default)
2021-01-18 08:19:06,256 [pool-150-thread-1] INFO  server.RaftServerConfigKeys (ConfUtils.java:logGet(44)) - raft.server.log.statemachine.data.sync.timeout = 10s (default)
2021-01-18 08:19:06,256 [pool-150-thread-1] INFO  server.RaftServerConfigKeys (ConfUtils.java:logGet(44)) - raft.server.log.statemachine.data.sync.timeout.retry = -1 (default)
2021-01-18 08:19:06,257 [Command processor thread] INFO  metrics.RatisMetrics (RatisMetrics.java:lambda$create$0(36)) - Creating Metrics Registry : ratis.client_message_metrics.client-D986696C906B->dc393f10-cf1b-4856-93c0-8107f803be1a
2021-01-18 08:19:06,257 [pool-150-thread-1] INFO  server.RaftServerConfigKeys (ConfUtils.java:logGet(44)) - raft.server.log.write.buffer.size = 1048576 (custom)
2021-01-18 08:19:06,258 [pool-150-thread-1] INFO  server.RaftServerConfigKeys (ConfUtils.java:logGet(44)) - raft.server.log.statemachine.data.caching.enabled = true (custom)
2021-01-18 08:19:06,258 [pool-150-thread-1] INFO  segmented.SegmentedRaftLogWorker (SegmentedRaftLogWorker.java:lambda$new$0(132)) - bc9cf250-f2f7-4763-83b2-e84831211d15@group-2F47BF998A60-SegmentedRaftLogWorker: flushIndex: setUnconditionally 0 -> -1
2021-01-18 08:19:06,258 [pool-150-thread-1] INFO  segmented.SegmentedRaftLogWorker (SegmentedRaftLogWorker.java:lambda$new$0(132)) - bc9cf250-f2f7-4763-83b2-e84831211d15@group-2F47BF998A60-SegmentedRaftLogWorker: safeCacheEvictIndex: setUnconditionally 0 -> -1
2021-01-18 08:19:06,252 [pool-118-thread-1] INFO  impl.RoleInfo (RoleInfo.java:updateAndGet(130)) - dc393f10-cf1b-4856-93c0-8107f803be1a: start dc393f10-cf1b-4856-93c0-8107f803be1a@group-064B80184E77-FollowerState
2021-01-18 08:19:06,256 [pool-134-thread-1] INFO  server.RaftServerConfigKeys (ConfUtils.java:logGet(44)) - raft.server.notification.no-leader.timeout = 300000ms (custom)
2021-01-18 08:19:06,258 [pool-134-thread-1] INFO  server.RaftServerConfigKeys (ConfUtils.java:logGet(44)) - raft.server.log.use.memory = false (default)
2021-01-18 08:19:06,258 [pool-134-thread-1] INFO  server.RaftServerConfigKeys (ConfUtils.java:logGet(44)) - raft.server.log.purge.gap = 1000000 (custom)
2021-01-18 08:19:06,258 [pool-134-thread-1] INFO  server.RaftServerConfigKeys (ConfUtils.java:logGet(44)) - raft.server.log.appender.buffer.byte-limit = 33554432 (custom)
2021-01-18 08:19:06,259 [pool-134-thread-1] INFO  metrics.RatisMetrics (RatisMetrics.java:lambda$create$0(36)) - Creating Metrics Registry : ratis.log_worker.98a8f6bd-fbb9-4a8e-a9ec-8fb646ec091b@group-2F47BF998A60
2021-01-18 08:19:06,259 [pool-134-thread-1] INFO  server.RaftServerConfigKeys (ConfUtils.java:logGet(44)) - raft.server.log.segment.size.max = 1048576 (custom)
2021-01-18 08:19:06,259 [pool-134-thread-1] INFO  server.RaftServerConfigKeys (ConfUtils.java:logGet(44)) - raft.server.log.segment.cache.num.max = 2 (custom)
2021-01-18 08:19:06,259 [pool-134-thread-1] INFO  server.RaftServerConfigKeys (ConfUtils.java:logGet(44)) - raft.server.log.segment.cache.size.max = 200MB (=209715200) (default)
2021-01-18 08:19:06,259 [pool-134-thread-1] INFO  segmented.SegmentedRaftLogWorker (SegmentedRaftLogWorker.java:<init>(181)) - new 98a8f6bd-fbb9-4a8e-a9ec-8fb646ec091b@group-2F47BF998A60-SegmentedRaftLogWorker for RaftStorageImpl:Storage Directory /github/workspace/mnt/ozone/hadoop-ozone/integration-test/target/test-dir/MiniOzoneClusterImpl-bdf065e3-4bf0-4703-b3e1-6acc0ac12f97/datanode-6/data/ratis/d2a8336b-a828-43b0-8247-2f47bf998a60
2021-01-18 08:19:06,259 [pool-134-thread-1] INFO  server.RaftServerConfigKeys (ConfUtils.java:logGet(44)) - raft.server.log.queue.byte-limit = 2147483647 (custom)
2021-01-18 08:19:06,259 [pool-134-thread-1] INFO  server.RaftServerConfigKeys (ConfUtils.java:logGet(44)) - raft.server.log.queue.element-limit = 1024 (custom)
2021-01-18 08:19:06,259 [pool-134-thread-1] INFO  server.RaftServerConfigKeys (ConfUtils.java:logGet(44)) - raft.server.log.segment.size.max = 1048576 (custom)
2021-01-18 08:19:06,259 [pool-134-thread-1] INFO  server.RaftServerConfigKeys (ConfUtils.java:logGet(44)) - raft.server.log.preallocated.size = 16384 (custom)
2021-01-18 08:19:06,259 [pool-134-thread-1] INFO  server.RaftServerConfigKeys (ConfUtils.java:logGet(44)) - raft.server.log.force.sync.num = 128 (default)
2021-01-18 08:19:06,259 [pool-134-thread-1] INFO  server.RaftServerConfigKeys (ConfUtils.java:logGet(44)) - raft.server.log.statemachine.data.sync = true (default)
2021-01-18 08:19:06,259 [pool-134-thread-1] INFO  server.RaftServerConfigKeys (ConfUtils.java:logGet(44)) - raft.server.log.statemachine.data.sync.timeout = 10s (default)
2021-01-18 08:19:06,260 [pool-134-thread-1] INFO  server.RaftServerConfigKeys (ConfUtils.java:logGet(44)) - raft.server.log.statemachine.data.sync.timeout.retry = -1 (default)
2021-01-18 08:19:06,255 [pool-166-thread-1] INFO  server.RaftServer$Division (RaftServerImpl.java:<init>(179)) - 852a0b0b-7bf4-4256-a802-bfb56885f965: new RaftServerImpl for group-2F47BF998A60:[bc9cf250-f2f7-4763-83b2-e84831211d15|rpc:172.17.0.2:33353|priority:0, 98a8f6bd-fbb9-4a8e-a9ec-8fb646ec091b|rpc:172.17.0.2:45967|priority:0, 852a0b0b-7bf4-4256-a802-bfb56885f965|rpc:172.17.0.2:38945|priority:1] with ContainerStateMachine:uninitialized
2021-01-18 08:19:06,260 [pool-166-thread-1] INFO  server.RaftServerConfigKeys (ConfUtils.java:logGet(44)) - raft.server.rpc.timeout.min = 5s (custom)
2021-01-18 08:19:06,260 [pool-166-thread-1] INFO  server.RaftServerConfigKeys (ConfUtils.java:logGet(44)) - raft.server.rpc.timeout.max = 5200ms (custom)
2021-01-18 08:19:06,260 [pool-166-thread-1] INFO  server.RaftServerConfigKeys (ConfUtils.java:logGet(44)) - raft.server.rpc.sleep.time = 25ms (default)
2021-01-18 08:19:06,260 [pool-166-thread-1] INFO  server.RaftServerConfigKeys (ConfUtils.java:logGet(44)) - raft.server.rpc.slowness.timeout = 300000ms (custom)
2021-01-18 08:19:06,260 [pool-166-thread-1] INFO  server.RaftServerConfigKeys (ConfUtils.java:logGet(44)) - raft.server.leaderelection.leader.step-down.wait-time = 10s (default)
2021-01-18 08:19:06,260 [pool-166-thread-1] INFO  server.RaftServerConfigKeys (ConfUtils.java:logGet(44)) - raft.server.sleep.deviation.threshold = 300ms (default)
2021-01-18 08:19:06,260 [pool-166-thread-1] INFO  server.RaftServerConfigKeys (ConfUtils.java:logGet(44)) - raft.server.log.appender.install.snapshot.enabled = false (custom)
2021-01-18 08:19:06,260 [pool-166-thread-1] INFO  server.RaftServer$Division (ServerState.java:<init>(103)) - 852a0b0b-7bf4-4256-a802-bfb56885f965@group-2F47BF998A60: ConfigurationManager, init=-1: [bc9cf250-f2f7-4763-83b2-e84831211d15|rpc:172.17.0.2:33353|priority:0, 98a8f6bd-fbb9-4a8e-a9ec-8fb646ec091b|rpc:172.17.0.2:45967|priority:0, 852a0b0b-7bf4-4256-a802-bfb56885f965|rpc:172.17.0.2:38945|priority:1], old=null, confs=<EMPTY_MAP>
2021-01-18 08:19:06,260 [pool-166-thread-1] INFO  server.RaftServerConfigKeys (ConfUtils.java:logGet(44)) - raft.server.storage.dir = [/github/workspace/mnt/ozone/hadoop-ozone/integration-test/target/test-dir/MiniOzoneClusterImpl-bdf065e3-4bf0-4703-b3e1-6acc0ac12f97/datanode-8/data/ratis] (custom)
2021-01-18 08:19:06,260 [pool-166-thread-1] INFO  server.RaftServerConfigKeys (ConfUtils.java:logGet(44)) - raft.server.log.corruption.policy = EXCEPTION (default)
2021-01-18 08:19:06,260 [pool-166-thread-1] INFO  storage.RaftStorageDirectory (RaftStorageDirectoryImpl.java:analyzeStorage(132)) - The storage directory /github/workspace/mnt/ozone/hadoop-ozone/integration-test/target/test-dir/MiniOzoneClusterImpl-bdf065e3-4bf0-4703-b3e1-6acc0ac12f97/datanode-8/data/ratis/d2a8336b-a828-43b0-8247-2f47bf998a60 does not exist. Creating ...
2021-01-18 08:19:06,255 [pool-102-thread-1] INFO  server.RaftServer$Division (RaftServerImpl.java:<init>(179)) - bfdb13f1-88be-4fd0-b5f0-1bffb59ec9b7: new RaftServerImpl for group-40C8F8F876AB:[dc393f10-cf1b-4856-93c0-8107f803be1a|rpc:172.17.0.2:44865|priority:1, bfdb13f1-88be-4fd0-b5f0-1bffb59ec9b7|rpc:172.17.0.2:40691|priority:0, cf5be2f4-6792-4067-a62c-82347c056bf8|rpc:172.17.0.2:37857|priority:0] with ContainerStateMachine:uninitialized
2021-01-18 08:19:06,253 [EventQueue-OpenPipelineForHealthyPipelineSafeModeRule] INFO  safemode.SCMSafeModeManager (HealthyPipelineSafeModeRule.java:process(128)) - SCM in safe mode. Healthy pipelines reported count is 0, required healthy pipeline reported count is 1
2021-01-18 08:19:06,261 [EventQueue-OpenPipelineForHealthyPipelineSafeModeRule] INFO  safemode.SCMSafeModeManager (HealthyPipelineSafeModeRule.java:process(128)) - SCM in safe mode. Healthy pipelines reported count is 0, required healthy pipeline reported count is 1
2021-01-18 08:19:06,261 [pool-150-thread-1] INFO  server.RaftServerConfigKeys (ConfUtils.java:logGet(44)) - raft.server.snapshot.auto.trigger.enabled = true (custom)
2021-01-18 08:19:06,261 [pool-150-thread-1] INFO  server.RaftServerConfigKeys (ConfUtils.java:logGet(44)) - raft.server.snapshot.auto.trigger.threshold = 1 (custom)
2021-01-18 08:19:06,262 [pool-150-thread-1] INFO  server.RaftServerConfigKeys (ConfUtils.java:logGet(44)) - raft.server.snapshot.retention.file.num = 5 (custom)
2021-01-18 08:19:06,262 [pool-150-thread-1] INFO  server.RaftServerConfigKeys (ConfUtils.java:logGet(44)) - raft.server.log.purge.upto.snapshot.index = false (default)
2021-01-18 08:19:06,253 [EventQueue-PipelineReportForOneReplicaPipelineSafeModeRule] INFO  safemode.SCMSafeModeManager (SCMSafeModeManager.java:validateSafeModeExitRules(214)) - AtleastOneDatanodeReportedRule rule is successfully validated
2021-01-18 08:19:06,262 [EventQueue-OpenPipelineForHealthyPipelineSafeModeRule] INFO  safemode.SCMSafeModeManager (HealthyPipelineSafeModeRule.java:process(128)) - SCM in safe mode. Healthy pipelines reported count is 0, required healthy pipeline reported count is 1
2021-01-18 08:19:06,262 [pool-134-thread-1] INFO  server.RaftServerConfigKeys (ConfUtils.java:logGet(44)) - raft.server.log.write.buffer.size = 1048576 (custom)
2021-01-18 08:19:06,263 [pool-134-thread-1] INFO  server.RaftServerConfigKeys (ConfUtils.java:logGet(44)) - raft.server.log.statemachine.data.caching.enabled = true (custom)
2021-01-18 08:19:06,261 [pool-102-thread-1] INFO  server.RaftServerConfigKeys (ConfUtils.java:logGet(44)) - raft.server.rpc.timeout.min = 5s (custom)
2021-01-18 08:19:06,263 [pool-102-thread-1] INFO  server.RaftServerConfigKeys (ConfUtils.java:logGet(44)) - raft.server.rpc.timeout.max = 5200ms (custom)
2021-01-18 08:19:06,263 [pool-102-thread-1] INFO  server.RaftServerConfigKeys (ConfUtils.java:logGet(44)) - raft.server.rpc.sleep.time = 25ms (default)
2021-01-18 08:19:06,263 [EventQueue-PipelineReportForOneReplicaPipelineSafeModeRule] INFO  safemode.SCMSafeModeManager (SCMSafeModeManager.java:validateSafeModeExitRules(214)) - AtleastOneDatanodeReportedRule rule is successfully validated
2021-01-18 08:19:06,264 [EventQueue-PipelineReportForOneReplicaPipelineSafeModeRule] INFO  safemode.SCMSafeModeManager (SCMSafeModeManager.java:validateSafeModeExitRules(214)) - AtleastOneDatanodeReportedRule rule is successfully validated
2021-01-18 08:19:06,264 [pool-102-thread-1] INFO  server.RaftServerConfigKeys (ConfUtils.java:logGet(44)) - raft.server.rpc.slowness.timeout = 300000ms (custom)
2021-01-18 08:19:06,264 [pool-102-thread-1] INFO  server.RaftServerConfigKeys (ConfUtils.java:logGet(44)) - raft.server.leaderelection.leader.step-down.wait-time = 10s (default)
2021-01-18 08:19:06,264 [pool-102-thread-1] INFO  server.RaftServerConfigKeys (ConfUtils.java:logGet(44)) - raft.server.sleep.deviation.threshold = 300ms (default)
2021-01-18 08:19:06,264 [pool-102-thread-1] INFO  server.RaftServerConfigKeys (ConfUtils.java:logGet(44)) - raft.server.log.appender.install.snapshot.enabled = false (custom)
2021-01-18 08:19:06,264 [pool-102-thread-1] INFO  server.RaftServer$Division (ServerState.java:<init>(103)) - bfdb13f1-88be-4fd0-b5f0-1bffb59ec9b7@group-40C8F8F876AB: ConfigurationManager, init=-1: [dc393f10-cf1b-4856-93c0-8107f803be1a|rpc:172.17.0.2:44865|priority:1, bfdb13f1-88be-4fd0-b5f0-1bffb59ec9b7|rpc:172.17.0.2:40691|priority:0, cf5be2f4-6792-4067-a62c-82347c056bf8|rpc:172.17.0.2:37857|priority:0], old=null, confs=<EMPTY_MAP>
2021-01-18 08:19:06,264 [pool-102-thread-1] INFO  server.RaftServerConfigKeys (ConfUtils.java:logGet(44)) - raft.server.storage.dir = [/github/workspace/mnt/ozone/hadoop-ozone/integration-test/target/test-dir/MiniOzoneClusterImpl-bdf065e3-4bf0-4703-b3e1-6acc0ac12f97/datanode-4/data/ratis] (custom)
2021-01-18 08:19:06,264 [pool-102-thread-1] INFO  server.RaftServerConfigKeys (ConfUtils.java:logGet(44)) - raft.server.log.corruption.policy = EXCEPTION (default)
2021-01-18 08:19:06,264 [pool-166-thread-1] INFO  storage.RaftStorageDirectory (RaftStorageDirectoryImpl.java:tryLock(215)) - Lock on /github/workspace/mnt/ozone/hadoop-ozone/integration-test/target/test-dir/MiniOzoneClusterImpl-bdf065e3-4bf0-4703-b3e1-6acc0ac12f97/datanode-8/data/ratis/d2a8336b-a828-43b0-8247-2f47bf998a60/in_use.lock acquired by nodename 32076@dc3504268712
2021-01-18 08:19:06,265 [pool-102-thread-1] INFO  storage.RaftStorageDirectory (RaftStorageDirectoryImpl.java:analyzeStorage(132)) - The storage directory /github/workspace/mnt/ozone/hadoop-ozone/integration-test/target/test-dir/MiniOzoneClusterImpl-bdf065e3-4bf0-4703-b3e1-6acc0ac12f97/datanode-4/data/ratis/1f245b7e-afac-401e-9eed-40c8f8f876ab does not exist. Creating ...
2021-01-18 08:19:06,265 [pool-134-thread-1] INFO  segmented.SegmentedRaftLogWorker (SegmentedRaftLogWorker.java:lambda$new$0(132)) - 98a8f6bd-fbb9-4a8e-a9ec-8fb646ec091b@group-2F47BF998A60-SegmentedRaftLogWorker: flushIndex: setUnconditionally 0 -> -1
2021-01-18 08:19:06,265 [pool-134-thread-1] INFO  segmented.SegmentedRaftLogWorker (SegmentedRaftLogWorker.java:lambda$new$0(132)) - 98a8f6bd-fbb9-4a8e-a9ec-8fb646ec091b@group-2F47BF998A60-SegmentedRaftLogWorker: safeCacheEvictIndex: setUnconditionally 0 -> -1
2021-01-18 08:19:06,265 [pool-102-thread-1] INFO  storage.RaftStorageDirectory (RaftStorageDirectoryImpl.java:tryLock(215)) - Lock on /github/workspace/mnt/ozone/hadoop-ozone/integration-test/target/test-dir/MiniOzoneClusterImpl-bdf065e3-4bf0-4703-b3e1-6acc0ac12f97/datanode-4/data/ratis/1f245b7e-afac-401e-9eed-40c8f8f876ab/in_use.lock acquired by nodename 32076@dc3504268712
2021-01-18 08:19:06,265 [pool-166-thread-1] INFO  storage.RaftStorage (RaftStorageImpl.java:format(87)) - Storage directory /github/workspace/mnt/ozone/hadoop-ozone/integration-test/target/test-dir/MiniOzoneClusterImpl-bdf065e3-4bf0-4703-b3e1-6acc0ac12f97/datanode-8/data/ratis/d2a8336b-a828-43b0-8247-2f47bf998a60 has been successfully formatted.
2021-01-18 08:19:06,266 [pool-118-thread-1] INFO  util.JmxRegister (JmxRegister.java:tryRegister(44)) - Successfully registered JMX Bean with object name Ratis:service=RaftServer,group=group-064B80184E77,id=dc393f10-cf1b-4856-93c0-8107f803be1a
2021-01-18 08:19:06,266 [pool-118-thread-1] INFO  metrics.RatisMetrics (RatisMetrics.java:lambda$create$0(36)) - Creating Metrics Registry : ratis.state_machine.dc393f10-cf1b-4856-93c0-8107f803be1a@group-064B80184E77
2021-01-18 08:19:06,268 [pool-102-thread-1] INFO  storage.RaftStorage (RaftStorageImpl.java:format(87)) - Storage directory /github/workspace/mnt/ozone/hadoop-ozone/integration-test/target/test-dir/MiniOzoneClusterImpl-bdf065e3-4bf0-4703-b3e1-6acc0ac12f97/datanode-4/data/ratis/1f245b7e-afac-401e-9eed-40c8f8f876ab has been successfully formatted.
2021-01-18 08:19:06,268 [pool-166-thread-1] INFO  ratis.ContainerStateMachine (ContainerStateMachine.java:loadSnapshot(223)) - group-2F47BF998A60: The snapshot info is null. Setting the last applied indexto:(t:0, i:~)
2021-01-18 08:19:06,268 [pool-166-thread-1] ERROR storage.RaftStorage (RaftStorageImpl.java:readRaftConfiguration(147)) - Failed reading configuration from file:/github/workspace/mnt/ozone/hadoop-ozone/integration-test/target/test-dir/MiniOzoneClusterImpl-bdf065e3-4bf0-4703-b3e1-6acc0ac12f97/datanode-8/data/ratis/d2a8336b-a828-43b0-8247-2f47bf998a60/current/raft-meta.conf
java.io.FileNotFoundException: /github/workspace/mnt/ozone/hadoop-ozone/integration-test/target/test-dir/MiniOzoneClusterImpl-bdf065e3-4bf0-4703-b3e1-6acc0ac12f97/datanode-8/data/ratis/d2a8336b-a828-43b0-8247-2f47bf998a60/current/raft-meta.conf (No such file or directory)
	at java.io.FileInputStream.open0(Native Method)
	at java.io.FileInputStream.open(FileInputStream.java:195)
	at java.io.FileInputStream.<init>(FileInputStream.java:138)
	at org.apache.ratis.server.storage.RaftStorageImpl.readRaftConfiguration(RaftStorageImpl.java:143)
	at org.apache.ratis.server.impl.ServerState.<init>(ServerState.java:113)
	at org.apache.ratis.server.impl.RaftServerImpl.<init>(RaftServerImpl.java:192)
	at org.apache.ratis.server.impl.RaftServerProxy.lambda$newRaftServerImpl$4(RaftServerProxy.java:266)
	at java.util.concurrent.CompletableFuture$AsyncSupply.run(CompletableFuture.java:1604)
	at java.util.concurrent.ThreadPoolExecutor.runWorker(ThreadPoolExecutor.java:1149)
	at java.util.concurrent.ThreadPoolExecutor$Worker.run(ThreadPoolExecutor.java:624)
	at java.lang.Thread.run(Thread.java:748)
2021-01-18 08:19:06,268 [pool-166-thread-1] INFO  server.RaftServerConfigKeys (ConfUtils.java:logGet(44)) - raft.server.notification.no-leader.timeout = 300000ms (custom)
2021-01-18 08:19:06,268 [pool-166-thread-1] INFO  server.RaftServerConfigKeys (ConfUtils.java:logGet(44)) - raft.server.log.use.memory = false (default)
2021-01-18 08:19:06,268 [pool-166-thread-1] INFO  server.RaftServerConfigKeys (ConfUtils.java:logGet(44)) - raft.server.log.purge.gap = 1000000 (custom)
2021-01-18 08:19:06,268 [pool-166-thread-1] INFO  server.RaftServerConfigKeys (ConfUtils.java:logGet(44)) - raft.server.log.appender.buffer.byte-limit = 33554432 (custom)
2021-01-18 08:19:06,268 [pool-166-thread-1] INFO  metrics.RatisMetrics (RatisMetrics.java:lambda$create$0(36)) - Creating Metrics Registry : ratis.log_worker.852a0b0b-7bf4-4256-a802-bfb56885f965@group-2F47BF998A60
2021-01-18 08:19:06,269 [pool-166-thread-1] INFO  server.RaftServerConfigKeys (ConfUtils.java:logGet(44)) - raft.server.log.segment.size.max = 1048576 (custom)
2021-01-18 08:19:06,269 [pool-166-thread-1] INFO  server.RaftServerConfigKeys (ConfUtils.java:logGet(44)) - raft.server.log.segment.cache.num.max = 2 (custom)
2021-01-18 08:19:06,269 [pool-166-thread-1] INFO  server.RaftServerConfigKeys (ConfUtils.java:logGet(44)) - raft.server.log.segment.cache.size.max = 200MB (=209715200) (default)
2021-01-18 08:19:06,269 [pool-166-thread-1] INFO  segmented.SegmentedRaftLogWorker (SegmentedRaftLogWorker.java:<init>(181)) - new 852a0b0b-7bf4-4256-a802-bfb56885f965@group-2F47BF998A60-SegmentedRaftLogWorker for RaftStorageImpl:Storage Directory /github/workspace/mnt/ozone/hadoop-ozone/integration-test/target/test-dir/MiniOzoneClusterImpl-bdf065e3-4bf0-4703-b3e1-6acc0ac12f97/datanode-8/data/ratis/d2a8336b-a828-43b0-8247-2f47bf998a60
2021-01-18 08:19:06,269 [pool-166-thread-1] INFO  server.RaftServerConfigKeys (ConfUtils.java:logGet(44)) - raft.server.log.queue.byte-limit = 2147483647 (custom)
2021-01-18 08:19:06,269 [pool-166-thread-1] INFO  server.RaftServerConfigKeys (ConfUtils.java:logGet(44)) - raft.server.log.queue.element-limit = 1024 (custom)
2021-01-18 08:19:06,269 [pool-166-thread-1] INFO  server.RaftServerConfigKeys (ConfUtils.java:logGet(44)) - raft.server.log.segment.size.max = 1048576 (custom)
2021-01-18 08:19:06,269 [pool-166-thread-1] INFO  server.RaftServerConfigKeys (ConfUtils.java:logGet(44)) - raft.server.log.preallocated.size = 16384 (custom)
2021-01-18 08:19:06,269 [pool-166-thread-1] INFO  server.RaftServerConfigKeys (ConfUtils.java:logGet(44)) - raft.server.log.force.sync.num = 128 (default)
2021-01-18 08:19:06,269 [pool-166-thread-1] INFO  server.RaftServerConfigKeys (ConfUtils.java:logGet(44)) - raft.server.log.statemachine.data.sync = true (default)
2021-01-18 08:19:06,269 [pool-166-thread-1] INFO  server.RaftServerConfigKeys (ConfUtils.java:logGet(44)) - raft.server.log.statemachine.data.sync.timeout = 10s (default)
2021-01-18 08:19:06,270 [pool-166-thread-1] INFO  server.RaftServerConfigKeys (ConfUtils.java:logGet(44)) - raft.server.log.statemachine.data.sync.timeout.retry = -1 (default)
2021-01-18 08:19:06,270 [EventQueue-OpenPipelineForHealthyPipelineSafeModeRule] INFO  safemode.SCMSafeModeManager (HealthyPipelineSafeModeRule.java:process(128)) - SCM in safe mode. Healthy pipelines reported count is 0, required healthy pipeline reported count is 1
2021-01-18 08:19:06,268 [grpc-default-executor-1] INFO  metrics.RatisMetrics (RatisMetrics.java:lambda$create$0(36)) - Creating Metrics Registry : ratis.server_message_metrics.dc393f10-cf1b-4856-93c0-8107f803be1a
2021-01-18 08:19:06,268 [EventQueue-PipelineReportForOneReplicaPipelineSafeModeRule] INFO  safemode.SCMSafeModeManager (SCMSafeModeManager.java:validateSafeModeExitRules(214)) - AtleastOneDatanodeReportedRule rule is successfully validated
2021-01-18 08:19:06,271 [Command processor thread] INFO  metrics.RatisMetrics (RatisMetrics.java:lambda$create$0(36)) - Creating Metrics Registry : ratis.client_message_metrics.client-E3D978C5F030->bfdb13f1-88be-4fd0-b5f0-1bffb59ec9b7
2021-01-18 08:19:06,274 [pool-134-thread-1] INFO  server.RaftServerConfigKeys (ConfUtils.java:logGet(44)) - raft.server.snapshot.auto.trigger.enabled = true (custom)
2021-01-18 08:19:06,274 [pool-134-thread-1] INFO  server.RaftServerConfigKeys (ConfUtils.java:logGet(44)) - raft.server.snapshot.auto.trigger.threshold = 1 (custom)
2021-01-18 08:19:06,274 [pool-134-thread-1] INFO  server.RaftServerConfigKeys (ConfUtils.java:logGet(44)) - raft.server.snapshot.retention.file.num = 5 (custom)
2021-01-18 08:19:06,274 [pool-134-thread-1] INFO  server.RaftServerConfigKeys (ConfUtils.java:logGet(44)) - raft.server.log.purge.upto.snapshot.index = false (default)
2021-01-18 08:19:06,274 [pool-134-thread-1] INFO  server.RaftServerConfigKeys (ConfUtils.java:logGet(44)) - raft.server.retrycache.expirytime = 600000ms (custom)
2021-01-18 08:19:06,274 [pool-134-thread-1] INFO  server.RaftServerConfigKeys (ConfUtils.java:logGet(44)) - raft.server.retrycache.statistics.expirytime = 100?s (default)
2021-01-18 08:19:06,274 [pool-134-thread-1] INFO  metrics.RatisMetrics (RatisMetrics.java:lambda$create$0(36)) - Creating Metrics Registry : ratis.leader_election.98a8f6bd-fbb9-4a8e-a9ec-8fb646ec091b@group-2F47BF998A60
2021-01-18 08:19:06,274 [pool-134-thread-1] INFO  metrics.RatisMetrics (RatisMetrics.java:lambda$create$0(36)) - Creating Metrics Registry : ratis.server.98a8f6bd-fbb9-4a8e-a9ec-8fb646ec091b@group-2F47BF998A60
2021-01-18 08:19:06,275 [pool-134-thread-1] INFO  server.RaftServer$Division (RaftServerImpl.java:start(294)) - 98a8f6bd-fbb9-4a8e-a9ec-8fb646ec091b@group-2F47BF998A60: start as a follower, conf=-1: [bc9cf250-f2f7-4763-83b2-e84831211d15|rpc:172.17.0.2:33353|priority:0, 98a8f6bd-fbb9-4a8e-a9ec-8fb646ec091b|rpc:172.17.0.2:45967|priority:0, 852a0b0b-7bf4-4256-a802-bfb56885f965|rpc:172.17.0.2:38945|priority:1], old=null
2021-01-18 08:19:06,275 [pool-134-thread-1] INFO  server.RaftServer$Division (RaftServerImpl.java:setRole(283)) - 98a8f6bd-fbb9-4a8e-a9ec-8fb646ec091b@group-2F47BF998A60: changes role from      null to FOLLOWER at term 0 for startAsFollower
2021-01-18 08:19:06,275 [pool-134-thread-1] INFO  impl.RoleInfo (RoleInfo.java:updateAndGet(130)) - 98a8f6bd-fbb9-4a8e-a9ec-8fb646ec091b: start 98a8f6bd-fbb9-4a8e-a9ec-8fb646ec091b@group-2F47BF998A60-FollowerState
2021-01-18 08:19:06,280 [pool-150-thread-1] INFO  server.RaftServerConfigKeys (ConfUtils.java:logGet(44)) - raft.server.retrycache.expirytime = 600000ms (custom)
2021-01-18 08:19:06,280 [pool-150-thread-1] INFO  server.RaftServerConfigKeys (ConfUtils.java:logGet(44)) - raft.server.retrycache.statistics.expirytime = 100?s (default)
2021-01-18 08:19:06,280 [pool-150-thread-1] INFO  metrics.RatisMetrics (RatisMetrics.java:lambda$create$0(36)) - Creating Metrics Registry : ratis.leader_election.bc9cf250-f2f7-4763-83b2-e84831211d15@group-2F47BF998A60
2021-01-18 08:19:06,280 [pool-150-thread-1] INFO  metrics.RatisMetrics (RatisMetrics.java:lambda$create$0(36)) - Creating Metrics Registry : ratis.server.bc9cf250-f2f7-4763-83b2-e84831211d15@group-2F47BF998A60
2021-01-18 08:19:06,281 [pool-150-thread-1] INFO  server.RaftServer$Division (RaftServerImpl.java:start(294)) - bc9cf250-f2f7-4763-83b2-e84831211d15@group-2F47BF998A60: start as a follower, conf=-1: [bc9cf250-f2f7-4763-83b2-e84831211d15|rpc:172.17.0.2:33353|priority:0, 98a8f6bd-fbb9-4a8e-a9ec-8fb646ec091b|rpc:172.17.0.2:45967|priority:0, 852a0b0b-7bf4-4256-a802-bfb56885f965|rpc:172.17.0.2:38945|priority:1], old=null
2021-01-18 08:19:06,281 [pool-150-thread-1] INFO  server.RaftServer$Division (RaftServerImpl.java:setRole(283)) - bc9cf250-f2f7-4763-83b2-e84831211d15@group-2F47BF998A60: changes role from      null to FOLLOWER at term 0 for startAsFollower
2021-01-18 08:19:06,281 [pool-150-thread-1] INFO  impl.RoleInfo (RoleInfo.java:updateAndGet(130)) - bc9cf250-f2f7-4763-83b2-e84831211d15: start bc9cf250-f2f7-4763-83b2-e84831211d15@group-2F47BF998A60-FollowerState
2021-01-18 08:19:06,286 [pool-102-thread-1] INFO  ratis.ContainerStateMachine (ContainerStateMachine.java:loadSnapshot(223)) - group-40C8F8F876AB: The snapshot info is null. Setting the last applied indexto:(t:0, i:~)
2021-01-18 08:19:06,286 [pool-102-thread-1] ERROR storage.RaftStorage (RaftStorageImpl.java:readRaftConfiguration(147)) - Failed reading configuration from file:/github/workspace/mnt/ozone/hadoop-ozone/integration-test/target/test-dir/MiniOzoneClusterImpl-bdf065e3-4bf0-4703-b3e1-6acc0ac12f97/datanode-4/data/ratis/1f245b7e-afac-401e-9eed-40c8f8f876ab/current/raft-meta.conf
java.io.FileNotFoundException: /github/workspace/mnt/ozone/hadoop-ozone/integration-test/target/test-dir/MiniOzoneClusterImpl-bdf065e3-4bf0-4703-b3e1-6acc0ac12f97/datanode-4/data/ratis/1f245b7e-afac-401e-9eed-40c8f8f876ab/current/raft-meta.conf (No such file or directory)
	at java.io.FileInputStream.open0(Native Method)
	at java.io.FileInputStream.open(FileInputStream.java:195)
	at java.io.FileInputStream.<init>(FileInputStream.java:138)
	at org.apache.ratis.server.storage.RaftStorageImpl.readRaftConfiguration(RaftStorageImpl.java:143)
	at org.apache.ratis.server.impl.ServerState.<init>(ServerState.java:113)
	at org.apache.ratis.server.impl.RaftServerImpl.<init>(RaftServerImpl.java:192)
	at org.apache.ratis.server.impl.RaftServerProxy.lambda$newRaftServerImpl$4(RaftServerProxy.java:266)
	at java.util.concurrent.CompletableFuture$AsyncSupply.run(CompletableFuture.java:1604)
	at java.util.concurrent.ThreadPoolExecutor.runWorker(ThreadPoolExecutor.java:1149)
	at java.util.concurrent.ThreadPoolExecutor$Worker.run(ThreadPoolExecutor.java:624)
	at java.lang.Thread.run(Thread.java:748)
2021-01-18 08:19:06,286 [pool-102-thread-1] INFO  server.RaftServerConfigKeys (ConfUtils.java:logGet(44)) - raft.server.notification.no-leader.timeout = 300000ms (custom)
2021-01-18 08:19:06,286 [pool-102-thread-1] INFO  server.RaftServerConfigKeys (ConfUtils.java:logGet(44)) - raft.server.log.use.memory = false (default)
2021-01-18 08:19:06,286 [pool-102-thread-1] INFO  server.RaftServerConfigKeys (ConfUtils.java:logGet(44)) - raft.server.log.purge.gap = 1000000 (custom)
2021-01-18 08:19:06,286 [pool-102-thread-1] INFO  server.RaftServerConfigKeys (ConfUtils.java:logGet(44)) - raft.server.log.appender.buffer.byte-limit = 33554432 (custom)
2021-01-18 08:19:06,286 [pool-102-thread-1] INFO  metrics.RatisMetrics (RatisMetrics.java:lambda$create$0(36)) - Creating Metrics Registry : ratis.log_worker.bfdb13f1-88be-4fd0-b5f0-1bffb59ec9b7@group-40C8F8F876AB
2021-01-18 08:19:06,286 [pool-102-thread-1] INFO  server.RaftServerConfigKeys (ConfUtils.java:logGet(44)) - raft.server.log.segment.size.max = 1048576 (custom)
2021-01-18 08:19:06,286 [pool-166-thread-1] INFO  server.RaftServerConfigKeys (ConfUtils.java:logGet(44)) - raft.server.log.write.buffer.size = 1048576 (custom)
2021-01-18 08:19:06,287 [pool-102-thread-1] INFO  server.RaftServerConfigKeys (ConfUtils.java:logGet(44)) - raft.server.log.segment.cache.num.max = 2 (custom)
2021-01-18 08:19:06,287 [pool-102-thread-1] INFO  server.RaftServerConfigKeys (ConfUtils.java:logGet(44)) - raft.server.log.segment.cache.size.max = 200MB (=209715200) (default)
2021-01-18 08:19:06,287 [pool-102-thread-1] INFO  segmented.SegmentedRaftLogWorker (SegmentedRaftLogWorker.java:<init>(181)) - new bfdb13f1-88be-4fd0-b5f0-1bffb59ec9b7@group-40C8F8F876AB-SegmentedRaftLogWorker for RaftStorageImpl:Storage Directory /github/workspace/mnt/ozone/hadoop-ozone/integration-test/target/test-dir/MiniOzoneClusterImpl-bdf065e3-4bf0-4703-b3e1-6acc0ac12f97/datanode-4/data/ratis/1f245b7e-afac-401e-9eed-40c8f8f876ab
2021-01-18 08:19:06,287 [pool-102-thread-1] INFO  server.RaftServerConfigKeys (ConfUtils.java:logGet(44)) - raft.server.log.queue.byte-limit = 2147483647 (custom)
2021-01-18 08:19:06,287 [pool-102-thread-1] INFO  server.RaftServerConfigKeys (ConfUtils.java:logGet(44)) - raft.server.log.queue.element-limit = 1024 (custom)
2021-01-18 08:19:06,287 [pool-102-thread-1] INFO  server.RaftServerConfigKeys (ConfUtils.java:logGet(44)) - raft.server.log.segment.size.max = 1048576 (custom)
2021-01-18 08:19:06,287 [pool-102-thread-1] INFO  server.RaftServerConfigKeys (ConfUtils.java:logGet(44)) - raft.server.log.preallocated.size = 16384 (custom)
2021-01-18 08:19:06,287 [pool-102-thread-1] INFO  server.RaftServerConfigKeys (ConfUtils.java:logGet(44)) - raft.server.log.force.sync.num = 128 (default)
2021-01-18 08:19:06,287 [pool-166-thread-1] INFO  server.RaftServerConfigKeys (ConfUtils.java:logGet(44)) - raft.server.log.statemachine.data.caching.enabled = true (custom)
2021-01-18 08:19:06,287 [pool-166-thread-1] INFO  segmented.SegmentedRaftLogWorker (SegmentedRaftLogWorker.java:lambda$new$0(132)) - 852a0b0b-7bf4-4256-a802-bfb56885f965@group-2F47BF998A60-SegmentedRaftLogWorker: flushIndex: setUnconditionally 0 -> -1
2021-01-18 08:19:06,287 [pool-166-thread-1] INFO  segmented.SegmentedRaftLogWorker (SegmentedRaftLogWorker.java:lambda$new$0(132)) - 852a0b0b-7bf4-4256-a802-bfb56885f965@group-2F47BF998A60-SegmentedRaftLogWorker: safeCacheEvictIndex: setUnconditionally 0 -> -1
2021-01-18 08:19:06,288 [pool-134-thread-1] INFO  util.JmxRegister (JmxRegister.java:tryRegister(44)) - Successfully registered JMX Bean with object name Ratis:service=RaftServer,group=group-2F47BF998A60,id=98a8f6bd-fbb9-4a8e-a9ec-8fb646ec091b
2021-01-18 08:19:06,288 [pool-134-thread-1] INFO  metrics.RatisMetrics (RatisMetrics.java:lambda$create$0(36)) - Creating Metrics Registry : ratis.state_machine.98a8f6bd-fbb9-4a8e-a9ec-8fb646ec091b@group-2F47BF998A60
2021-01-18 08:19:06,288 [EventQueue-PipelineReportForOneReplicaPipelineSafeModeRule] INFO  safemode.SCMSafeModeManager (SCMSafeModeManager.java:validateSafeModeExitRules(214)) - AtleastOneDatanodeReportedRule rule is successfully validated
2021-01-18 08:19:06,289 [EventQueue-OpenPipelineForHealthyPipelineSafeModeRule] INFO  safemode.SCMSafeModeManager (HealthyPipelineSafeModeRule.java:process(128)) - SCM in safe mode. Healthy pipelines reported count is 0, required healthy pipeline reported count is 1
2021-01-18 08:19:06,289 [pool-166-thread-1] INFO  server.RaftServerConfigKeys (ConfUtils.java:logGet(44)) - raft.server.snapshot.auto.trigger.enabled = true (custom)
2021-01-18 08:19:06,289 [pool-166-thread-1] INFO  server.RaftServerConfigKeys (ConfUtils.java:logGet(44)) - raft.server.snapshot.auto.trigger.threshold = 1 (custom)
2021-01-18 08:19:06,289 [pool-166-thread-1] INFO  server.RaftServerConfigKeys (ConfUtils.java:logGet(44)) - raft.server.snapshot.retention.file.num = 5 (custom)
2021-01-18 08:19:06,289 [pool-166-thread-1] INFO  server.RaftServerConfigKeys (ConfUtils.java:logGet(44)) - raft.server.log.purge.upto.snapshot.index = false (default)
2021-01-18 08:19:06,289 [pool-166-thread-1] INFO  server.RaftServerConfigKeys (ConfUtils.java:logGet(44)) - raft.server.retrycache.expirytime = 600000ms (custom)
2021-01-18 08:19:06,289 [pool-166-thread-1] INFO  server.RaftServerConfigKeys (ConfUtils.java:logGet(44)) - raft.server.retrycache.statistics.expirytime = 100?s (default)
2021-01-18 08:19:06,289 [pool-166-thread-1] INFO  metrics.RatisMetrics (RatisMetrics.java:lambda$create$0(36)) - Creating Metrics Registry : ratis.leader_election.852a0b0b-7bf4-4256-a802-bfb56885f965@group-2F47BF998A60
2021-01-18 08:19:06,289 [pool-166-thread-1] INFO  metrics.RatisMetrics (RatisMetrics.java:lambda$create$0(36)) - Creating Metrics Registry : ratis.server.852a0b0b-7bf4-4256-a802-bfb56885f965@group-2F47BF998A60
2021-01-18 08:19:06,290 [pool-166-thread-1] INFO  server.RaftServer$Division (RaftServerImpl.java:start(294)) - 852a0b0b-7bf4-4256-a802-bfb56885f965@group-2F47BF998A60: start as a follower, conf=-1: [bc9cf250-f2f7-4763-83b2-e84831211d15|rpc:172.17.0.2:33353|priority:0, 98a8f6bd-fbb9-4a8e-a9ec-8fb646ec091b|rpc:172.17.0.2:45967|priority:0, 852a0b0b-7bf4-4256-a802-bfb56885f965|rpc:172.17.0.2:38945|priority:1], old=null
2021-01-18 08:19:06,290 [pool-166-thread-1] INFO  server.RaftServer$Division (RaftServerImpl.java:setRole(283)) - 852a0b0b-7bf4-4256-a802-bfb56885f965@group-2F47BF998A60: changes role from      null to FOLLOWER at term 0 for startAsFollower
2021-01-18 08:19:06,290 [pool-166-thread-1] INFO  impl.RoleInfo (RoleInfo.java:updateAndGet(130)) - 852a0b0b-7bf4-4256-a802-bfb56885f965: start 852a0b0b-7bf4-4256-a802-bfb56885f965@group-2F47BF998A60-FollowerState
2021-01-18 08:19:06,287 [pool-102-thread-1] INFO  server.RaftServerConfigKeys (ConfUtils.java:logGet(44)) - raft.server.log.statemachine.data.sync = true (default)
2021-01-18 08:19:06,290 [pool-166-thread-1] INFO  util.JmxRegister (JmxRegister.java:tryRegister(44)) - Successfully registered JMX Bean with object name Ratis:service=RaftServer,group=group-2F47BF998A60,id=852a0b0b-7bf4-4256-a802-bfb56885f965
2021-01-18 08:19:06,290 [pool-166-thread-1] INFO  metrics.RatisMetrics (RatisMetrics.java:lambda$create$0(36)) - Creating Metrics Registry : ratis.state_machine.852a0b0b-7bf4-4256-a802-bfb56885f965@group-2F47BF998A60
2021-01-18 08:19:06,290 [pool-102-thread-1] INFO  server.RaftServerConfigKeys (ConfUtils.java:logGet(44)) - raft.server.log.statemachine.data.sync.timeout = 10s (default)
2021-01-18 08:19:06,291 [pool-102-thread-1] INFO  server.RaftServerConfigKeys (ConfUtils.java:logGet(44)) - raft.server.log.statemachine.data.sync.timeout.retry = -1 (default)
2021-01-18 08:19:06,291 [pool-102-thread-1] INFO  server.RaftServerConfigKeys (ConfUtils.java:logGet(44)) - raft.server.log.write.buffer.size = 1048576 (custom)
2021-01-18 08:19:06,292 [Command processor thread] INFO  metrics.RatisMetrics (RatisMetrics.java:lambda$create$0(36)) - Creating Metrics Registry : ratis.client_message_metrics.client-19975787A9F9->bc9cf250-f2f7-4763-83b2-e84831211d15
2021-01-18 08:19:06,292 [pool-102-thread-1] INFO  server.RaftServerConfigKeys (ConfUtils.java:logGet(44)) - raft.server.log.statemachine.data.caching.enabled = true (custom)
2021-01-18 08:19:06,299 [pool-102-thread-1] INFO  segmented.SegmentedRaftLogWorker (SegmentedRaftLogWorker.java:lambda$new$0(132)) - bfdb13f1-88be-4fd0-b5f0-1bffb59ec9b7@group-40C8F8F876AB-SegmentedRaftLogWorker: flushIndex: setUnconditionally 0 -> -1
2021-01-18 08:19:06,299 [pool-102-thread-1] INFO  segmented.SegmentedRaftLogWorker (SegmentedRaftLogWorker.java:lambda$new$0(132)) - bfdb13f1-88be-4fd0-b5f0-1bffb59ec9b7@group-40C8F8F876AB-SegmentedRaftLogWorker: safeCacheEvictIndex: setUnconditionally 0 -> -1
2021-01-18 08:19:06,299 [pool-150-thread-1] INFO  util.JmxRegister (JmxRegister.java:tryRegister(44)) - Successfully registered JMX Bean with object name Ratis:service=RaftServer,group=group-2F47BF998A60,id=bc9cf250-f2f7-4763-83b2-e84831211d15
2021-01-18 08:19:06,300 [pool-150-thread-1] INFO  metrics.RatisMetrics (RatisMetrics.java:lambda$create$0(36)) - Creating Metrics Registry : ratis.state_machine.bc9cf250-f2f7-4763-83b2-e84831211d15@group-2F47BF998A60
2021-01-18 08:19:06,299 [Command processor thread] INFO  metrics.RatisMetrics (RatisMetrics.java:lambda$create$0(36)) - Creating Metrics Registry : ratis.client_message_metrics.client-28EFDAE6156D->852a0b0b-7bf4-4256-a802-bfb56885f965
2021-01-18 08:19:06,302 [grpc-default-executor-1] INFO  metrics.RatisMetrics (RatisMetrics.java:lambda$create$0(36)) - Creating Metrics Registry : ratis.server_message_metrics.bc9cf250-f2f7-4763-83b2-e84831211d15
2021-01-18 08:19:06,304 [pool-102-thread-1] INFO  server.RaftServerConfigKeys (ConfUtils.java:logGet(44)) - raft.server.snapshot.auto.trigger.enabled = true (custom)
2021-01-18 08:19:06,304 [pool-102-thread-1] INFO  server.RaftServerConfigKeys (ConfUtils.java:logGet(44)) - raft.server.snapshot.auto.trigger.threshold = 1 (custom)
2021-01-18 08:19:06,304 [pool-102-thread-1] INFO  server.RaftServerConfigKeys (ConfUtils.java:logGet(44)) - raft.server.snapshot.retention.file.num = 5 (custom)
2021-01-18 08:19:06,304 [pool-102-thread-1] INFO  server.RaftServerConfigKeys (ConfUtils.java:logGet(44)) - raft.server.log.purge.upto.snapshot.index = false (default)
2021-01-18 08:19:06,304 [pool-102-thread-1] INFO  server.RaftServerConfigKeys (ConfUtils.java:logGet(44)) - raft.server.retrycache.expirytime = 600000ms (custom)
2021-01-18 08:19:06,304 [pool-102-thread-1] INFO  server.RaftServerConfigKeys (ConfUtils.java:logGet(44)) - raft.server.retrycache.statistics.expirytime = 100?s (default)
2021-01-18 08:19:06,304 [pool-102-thread-1] INFO  metrics.RatisMetrics (RatisMetrics.java:lambda$create$0(36)) - Creating Metrics Registry : ratis.leader_election.bfdb13f1-88be-4fd0-b5f0-1bffb59ec9b7@group-40C8F8F876AB
2021-01-18 08:19:06,304 [pool-102-thread-1] INFO  metrics.RatisMetrics (RatisMetrics.java:lambda$create$0(36)) - Creating Metrics Registry : ratis.server.bfdb13f1-88be-4fd0-b5f0-1bffb59ec9b7@group-40C8F8F876AB
2021-01-18 08:19:06,305 [pool-102-thread-1] INFO  server.RaftServer$Division (RaftServerImpl.java:start(294)) - bfdb13f1-88be-4fd0-b5f0-1bffb59ec9b7@group-40C8F8F876AB: start as a follower, conf=-1: [dc393f10-cf1b-4856-93c0-8107f803be1a|rpc:172.17.0.2:44865|priority:1, bfdb13f1-88be-4fd0-b5f0-1bffb59ec9b7|rpc:172.17.0.2:40691|priority:0, cf5be2f4-6792-4067-a62c-82347c056bf8|rpc:172.17.0.2:37857|priority:0], old=null
2021-01-18 08:19:06,305 [pool-102-thread-1] INFO  server.RaftServer$Division (RaftServerImpl.java:setRole(283)) - bfdb13f1-88be-4fd0-b5f0-1bffb59ec9b7@group-40C8F8F876AB: changes role from      null to FOLLOWER at term 0 for startAsFollower
2021-01-18 08:19:06,309 [Command processor thread] INFO  metrics.RatisMetrics (RatisMetrics.java:lambda$create$0(36)) - Creating Metrics Registry : ratis.client_message_metrics.client-860470B369C5->852a0b0b-7bf4-4256-a802-bfb56885f965
2021-01-18 08:19:06,311 [pool-102-thread-1] INFO  impl.RoleInfo (RoleInfo.java:updateAndGet(130)) - bfdb13f1-88be-4fd0-b5f0-1bffb59ec9b7: start bfdb13f1-88be-4fd0-b5f0-1bffb59ec9b7@group-40C8F8F876AB-FollowerState
2021-01-18 08:19:06,312 [EventQueue-PipelineReportForOneReplicaPipelineSafeModeRule] INFO  safemode.SCMSafeModeManager (SCMSafeModeManager.java:validateSafeModeExitRules(214)) - AtleastOneDatanodeReportedRule rule is successfully validated
2021-01-18 08:19:06,313 [EventQueue-OpenPipelineForHealthyPipelineSafeModeRule] INFO  safemode.SCMSafeModeManager (HealthyPipelineSafeModeRule.java:process(128)) - SCM in safe mode. Healthy pipelines reported count is 0, required healthy pipeline reported count is 1
2021-01-18 08:19:06,314 [grpc-default-executor-1] INFO  metrics.RatisMetrics (RatisMetrics.java:lambda$create$0(36)) - Creating Metrics Registry : ratis.server_message_metrics.852a0b0b-7bf4-4256-a802-bfb56885f965
2021-01-18 08:19:06,314 [pool-102-thread-1] INFO  util.JmxRegister (JmxRegister.java:tryRegister(44)) - Successfully registered JMX Bean with object name Ratis:service=RaftServer,group=group-40C8F8F876AB,id=bfdb13f1-88be-4fd0-b5f0-1bffb59ec9b7
2021-01-18 08:19:06,314 [pool-102-thread-1] INFO  metrics.RatisMetrics (RatisMetrics.java:lambda$create$0(36)) - Creating Metrics Registry : ratis.state_machine.bfdb13f1-88be-4fd0-b5f0-1bffb59ec9b7@group-40C8F8F876AB
2021-01-18 08:19:06,325 [Command processor thread] INFO  metrics.RatisMetrics (RatisMetrics.java:lambda$create$0(36)) - Creating Metrics Registry : ratis.client_message_metrics.client-DFD29E6C1682->dc393f10-cf1b-4856-93c0-8107f803be1a
2021-01-18 08:19:06,338 [Command processor thread] INFO  commandhandler.CreatePipelineCommandHandler (CreatePipelineCommandHandler.java:handle(106)) - Created Pipeline RATIS THREE PipelineID=3385d0de-4eda-4176-8cd6-064b80184e77.
2021-01-18 08:19:06,338 [Command processor thread] INFO  server.RaftServer (RaftServerProxy.java:addNew(95)) - cf5be2f4-6792-4067-a62c-82347c056bf8: addNew group-40C8F8F876AB:[dc393f10-cf1b-4856-93c0-8107f803be1a|rpc:172.17.0.2:44865|priority:1, bfdb13f1-88be-4fd0-b5f0-1bffb59ec9b7|rpc:172.17.0.2:40691|priority:0, cf5be2f4-6792-4067-a62c-82347c056bf8|rpc:172.17.0.2:37857|priority:0] returns group-40C8F8F876AB:java.util.concurrent.CompletableFuture@322fb7c4[Not completed]
2021-01-18 08:19:06,339 [pool-86-thread-1] INFO  server.RaftServer$Division (RaftServerImpl.java:<init>(179)) - cf5be2f4-6792-4067-a62c-82347c056bf8: new RaftServerImpl for group-40C8F8F876AB:[dc393f10-cf1b-4856-93c0-8107f803be1a|rpc:172.17.0.2:44865|priority:1, bfdb13f1-88be-4fd0-b5f0-1bffb59ec9b7|rpc:172.17.0.2:40691|priority:0, cf5be2f4-6792-4067-a62c-82347c056bf8|rpc:172.17.0.2:37857|priority:0] with ContainerStateMachine:uninitialized
2021-01-18 08:19:06,341 [pool-86-thread-1] INFO  server.RaftServerConfigKeys (ConfUtils.java:logGet(44)) - raft.server.rpc.timeout.min = 5s (custom)
2021-01-18 08:19:06,341 [pool-86-thread-1] INFO  server.RaftServerConfigKeys (ConfUtils.java:logGet(44)) - raft.server.rpc.timeout.max = 5200ms (custom)
2021-01-18 08:19:06,341 [pool-86-thread-1] INFO  server.RaftServerConfigKeys (ConfUtils.java:logGet(44)) - raft.server.rpc.sleep.time = 25ms (default)
2021-01-18 08:19:06,341 [pool-86-thread-1] INFO  server.RaftServerConfigKeys (ConfUtils.java:logGet(44)) - raft.server.rpc.slowness.timeout = 300000ms (custom)
2021-01-18 08:19:06,341 [pool-86-thread-1] INFO  server.RaftServerConfigKeys (ConfUtils.java:logGet(44)) - raft.server.leaderelection.leader.step-down.wait-time = 10s (default)
2021-01-18 08:19:06,341 [pool-86-thread-1] INFO  server.RaftServerConfigKeys (ConfUtils.java:logGet(44)) - raft.server.sleep.deviation.threshold = 300ms (default)
2021-01-18 08:19:06,341 [pool-86-thread-1] INFO  server.RaftServerConfigKeys (ConfUtils.java:logGet(44)) - raft.server.log.appender.install.snapshot.enabled = false (custom)
2021-01-18 08:19:06,341 [pool-86-thread-1] INFO  server.RaftServer$Division (ServerState.java:<init>(103)) - cf5be2f4-6792-4067-a62c-82347c056bf8@group-40C8F8F876AB: ConfigurationManager, init=-1: [dc393f10-cf1b-4856-93c0-8107f803be1a|rpc:172.17.0.2:44865|priority:1, bfdb13f1-88be-4fd0-b5f0-1bffb59ec9b7|rpc:172.17.0.2:40691|priority:0, cf5be2f4-6792-4067-a62c-82347c056bf8|rpc:172.17.0.2:37857|priority:0], old=null, confs=<EMPTY_MAP>
2021-01-18 08:19:06,341 [pool-86-thread-1] INFO  server.RaftServerConfigKeys (ConfUtils.java:logGet(44)) - raft.server.storage.dir = [/github/workspace/mnt/ozone/hadoop-ozone/integration-test/target/test-dir/MiniOzoneClusterImpl-bdf065e3-4bf0-4703-b3e1-6acc0ac12f97/datanode-3/data/ratis] (custom)
2021-01-18 08:19:06,341 [pool-86-thread-1] INFO  server.RaftServerConfigKeys (ConfUtils.java:logGet(44)) - raft.server.log.corruption.policy = EXCEPTION (default)
2021-01-18 08:19:06,342 [pool-86-thread-1] INFO  storage.RaftStorageDirectory (RaftStorageDirectoryImpl.java:analyzeStorage(132)) - The storage directory /github/workspace/mnt/ozone/hadoop-ozone/integration-test/target/test-dir/MiniOzoneClusterImpl-bdf065e3-4bf0-4703-b3e1-6acc0ac12f97/datanode-3/data/ratis/1f245b7e-afac-401e-9eed-40c8f8f876ab does not exist. Creating ...
2021-01-18 08:19:06,341 [Command processor thread] INFO  metrics.RatisMetrics (RatisMetrics.java:lambda$create$0(36)) - Creating Metrics Registry : ratis.client_message_metrics.client-4DC73BCC89FE->cf5be2f4-6792-4067-a62c-82347c056bf8
2021-01-18 08:19:06,344 [pool-86-thread-1] INFO  storage.RaftStorageDirectory (RaftStorageDirectoryImpl.java:tryLock(215)) - Lock on /github/workspace/mnt/ozone/hadoop-ozone/integration-test/target/test-dir/MiniOzoneClusterImpl-bdf065e3-4bf0-4703-b3e1-6acc0ac12f97/datanode-3/data/ratis/1f245b7e-afac-401e-9eed-40c8f8f876ab/in_use.lock acquired by nodename 32076@dc3504268712
2021-01-18 08:19:06,349 [Command processor thread] INFO  metrics.RatisMetrics (RatisMetrics.java:lambda$create$0(36)) - Creating Metrics Registry : ratis.client_message_metrics.client-57A6919D216A->98a8f6bd-fbb9-4a8e-a9ec-8fb646ec091b
2021-01-18 08:19:06,350 [pool-86-thread-1] INFO  storage.RaftStorage (RaftStorageImpl.java:format(87)) - Storage directory /github/workspace/mnt/ozone/hadoop-ozone/integration-test/target/test-dir/MiniOzoneClusterImpl-bdf065e3-4bf0-4703-b3e1-6acc0ac12f97/datanode-3/data/ratis/1f245b7e-afac-401e-9eed-40c8f8f876ab has been successfully formatted.
2021-01-18 08:19:06,350 [pool-86-thread-1] INFO  ratis.ContainerStateMachine (ContainerStateMachine.java:loadSnapshot(223)) - group-40C8F8F876AB: The snapshot info is null. Setting the last applied indexto:(t:0, i:~)
2021-01-18 08:19:06,350 [pool-86-thread-1] ERROR storage.RaftStorage (RaftStorageImpl.java:readRaftConfiguration(147)) - Failed reading configuration from file:/github/workspace/mnt/ozone/hadoop-ozone/integration-test/target/test-dir/MiniOzoneClusterImpl-bdf065e3-4bf0-4703-b3e1-6acc0ac12f97/datanode-3/data/ratis/1f245b7e-afac-401e-9eed-40c8f8f876ab/current/raft-meta.conf
java.io.FileNotFoundException: /github/workspace/mnt/ozone/hadoop-ozone/integration-test/target/test-dir/MiniOzoneClusterImpl-bdf065e3-4bf0-4703-b3e1-6acc0ac12f97/datanode-3/data/ratis/1f245b7e-afac-401e-9eed-40c8f8f876ab/current/raft-meta.conf (No such file or directory)
	at java.io.FileInputStream.open0(Native Method)
	at java.io.FileInputStream.open(FileInputStream.java:195)
	at java.io.FileInputStream.<init>(FileInputStream.java:138)
	at org.apache.ratis.server.storage.RaftStorageImpl.readRaftConfiguration(RaftStorageImpl.java:143)
	at org.apache.ratis.server.impl.ServerState.<init>(ServerState.java:113)
	at org.apache.ratis.server.impl.RaftServerImpl.<init>(RaftServerImpl.java:192)
	at org.apache.ratis.server.impl.RaftServerProxy.lambda$newRaftServerImpl$4(RaftServerProxy.java:266)
	at java.util.concurrent.CompletableFuture$AsyncSupply.run(CompletableFuture.java:1604)
	at java.util.concurrent.ThreadPoolExecutor.runWorker(ThreadPoolExecutor.java:1149)
	at java.util.concurrent.ThreadPoolExecutor$Worker.run(ThreadPoolExecutor.java:624)
	at java.lang.Thread.run(Thread.java:748)
2021-01-18 08:19:06,350 [pool-86-thread-1] INFO  server.RaftServerConfigKeys (ConfUtils.java:logGet(44)) - raft.server.notification.no-leader.timeout = 300000ms (custom)
2021-01-18 08:19:06,350 [pool-86-thread-1] INFO  server.RaftServerConfigKeys (ConfUtils.java:logGet(44)) - raft.server.log.use.memory = false (default)
2021-01-18 08:19:06,350 [pool-86-thread-1] INFO  server.RaftServerConfigKeys (ConfUtils.java:logGet(44)) - raft.server.log.purge.gap = 1000000 (custom)
2021-01-18 08:19:06,351 [pool-86-thread-1] INFO  server.RaftServerConfigKeys (ConfUtils.java:logGet(44)) - raft.server.log.appender.buffer.byte-limit = 33554432 (custom)
2021-01-18 08:19:06,352 [pool-86-thread-1] INFO  metrics.RatisMetrics (RatisMetrics.java:lambda$create$0(36)) - Creating Metrics Registry : ratis.log_worker.cf5be2f4-6792-4067-a62c-82347c056bf8@group-40C8F8F876AB
2021-01-18 08:19:06,353 [pool-86-thread-1] INFO  server.RaftServerConfigKeys (ConfUtils.java:logGet(44)) - raft.server.log.segment.size.max = 1048576 (custom)
2021-01-18 08:19:06,353 [pool-86-thread-1] INFO  server.RaftServerConfigKeys (ConfUtils.java:logGet(44)) - raft.server.log.segment.cache.num.max = 2 (custom)
2021-01-18 08:19:06,353 [pool-86-thread-1] INFO  server.RaftServerConfigKeys (ConfUtils.java:logGet(44)) - raft.server.log.segment.cache.size.max = 200MB (=209715200) (default)
2021-01-18 08:19:06,353 [pool-86-thread-1] INFO  segmented.SegmentedRaftLogWorker (SegmentedRaftLogWorker.java:<init>(181)) - new cf5be2f4-6792-4067-a62c-82347c056bf8@group-40C8F8F876AB-SegmentedRaftLogWorker for RaftStorageImpl:Storage Directory /github/workspace/mnt/ozone/hadoop-ozone/integration-test/target/test-dir/MiniOzoneClusterImpl-bdf065e3-4bf0-4703-b3e1-6acc0ac12f97/datanode-3/data/ratis/1f245b7e-afac-401e-9eed-40c8f8f876ab
2021-01-18 08:19:06,353 [pool-86-thread-1] INFO  server.RaftServerConfigKeys (ConfUtils.java:logGet(44)) - raft.server.log.queue.byte-limit = 2147483647 (custom)
2021-01-18 08:19:06,353 [pool-86-thread-1] INFO  server.RaftServerConfigKeys (ConfUtils.java:logGet(44)) - raft.server.log.queue.element-limit = 1024 (custom)
2021-01-18 08:19:06,353 [pool-86-thread-1] INFO  server.RaftServerConfigKeys (ConfUtils.java:logGet(44)) - raft.server.log.segment.size.max = 1048576 (custom)
2021-01-18 08:19:06,353 [pool-86-thread-1] INFO  server.RaftServerConfigKeys (ConfUtils.java:logGet(44)) - raft.server.log.preallocated.size = 16384 (custom)
2021-01-18 08:19:06,353 [pool-86-thread-1] INFO  server.RaftServerConfigKeys (ConfUtils.java:logGet(44)) - raft.server.log.force.sync.num = 128 (default)
2021-01-18 08:19:06,353 [pool-86-thread-1] INFO  server.RaftServerConfigKeys (ConfUtils.java:logGet(44)) - raft.server.log.statemachine.data.sync = true (default)
2021-01-18 08:19:06,353 [pool-86-thread-1] INFO  server.RaftServerConfigKeys (ConfUtils.java:logGet(44)) - raft.server.log.statemachine.data.sync.timeout = 10s (default)
2021-01-18 08:19:06,354 [pool-86-thread-1] INFO  server.RaftServerConfigKeys (ConfUtils.java:logGet(44)) - raft.server.log.statemachine.data.sync.timeout.retry = -1 (default)
2021-01-18 08:19:06,354 [EventQueue-PipelineReportForOneReplicaPipelineSafeModeRule] INFO  safemode.SCMSafeModeManager (SCMSafeModeManager.java:validateSafeModeExitRules(214)) - AtleastOneDatanodeReportedRule rule is successfully validated
2021-01-18 08:19:06,354 [pool-86-thread-1] INFO  server.RaftServerConfigKeys (ConfUtils.java:logGet(44)) - raft.server.log.write.buffer.size = 1048576 (custom)
2021-01-18 08:19:06,355 [pool-86-thread-1] INFO  server.RaftServerConfigKeys (ConfUtils.java:logGet(44)) - raft.server.log.statemachine.data.caching.enabled = true (custom)
2021-01-18 08:19:06,355 [pool-86-thread-1] INFO  segmented.SegmentedRaftLogWorker (SegmentedRaftLogWorker.java:lambda$new$0(132)) - cf5be2f4-6792-4067-a62c-82347c056bf8@group-40C8F8F876AB-SegmentedRaftLogWorker: flushIndex: setUnconditionally 0 -> -1
2021-01-18 08:19:06,355 [pool-86-thread-1] INFO  segmented.SegmentedRaftLogWorker (SegmentedRaftLogWorker.java:lambda$new$0(132)) - cf5be2f4-6792-4067-a62c-82347c056bf8@group-40C8F8F876AB-SegmentedRaftLogWorker: safeCacheEvictIndex: setUnconditionally 0 -> -1
2021-01-18 08:19:06,355 [EventQueue-OpenPipelineForHealthyPipelineSafeModeRule] INFO  safemode.SCMSafeModeManager (HealthyPipelineSafeModeRule.java:process(128)) - SCM in safe mode. Healthy pipelines reported count is 0, required healthy pipeline reported count is 1
2021-01-18 08:19:06,359 [pool-86-thread-1] INFO  server.RaftServerConfigKeys (ConfUtils.java:logGet(44)) - raft.server.snapshot.auto.trigger.enabled = true (custom)
2021-01-18 08:19:06,360 [pool-86-thread-1] INFO  server.RaftServerConfigKeys (ConfUtils.java:logGet(44)) - raft.server.snapshot.auto.trigger.threshold = 1 (custom)
2021-01-18 08:19:06,360 [pool-86-thread-1] INFO  server.RaftServerConfigKeys (ConfUtils.java:logGet(44)) - raft.server.snapshot.retention.file.num = 5 (custom)
2021-01-18 08:19:06,360 [pool-86-thread-1] INFO  server.RaftServerConfigKeys (ConfUtils.java:logGet(44)) - raft.server.log.purge.upto.snapshot.index = false (default)
2021-01-18 08:19:06,360 [pool-86-thread-1] INFO  server.RaftServerConfigKeys (ConfUtils.java:logGet(44)) - raft.server.retrycache.expirytime = 600000ms (custom)
2021-01-18 08:19:06,360 [pool-86-thread-1] INFO  server.RaftServerConfigKeys (ConfUtils.java:logGet(44)) - raft.server.retrycache.statistics.expirytime = 100?s (default)
2021-01-18 08:19:06,360 [pool-86-thread-1] INFO  metrics.RatisMetrics (RatisMetrics.java:lambda$create$0(36)) - Creating Metrics Registry : ratis.leader_election.cf5be2f4-6792-4067-a62c-82347c056bf8@group-40C8F8F876AB
2021-01-18 08:19:06,361 [pool-86-thread-1] INFO  metrics.RatisMetrics (RatisMetrics.java:lambda$create$0(36)) - Creating Metrics Registry : ratis.server.cf5be2f4-6792-4067-a62c-82347c056bf8@group-40C8F8F876AB
2021-01-18 08:19:06,362 [pool-86-thread-1] INFO  server.RaftServer$Division (RaftServerImpl.java:start(294)) - cf5be2f4-6792-4067-a62c-82347c056bf8@group-40C8F8F876AB: start as a follower, conf=-1: [dc393f10-cf1b-4856-93c0-8107f803be1a|rpc:172.17.0.2:44865|priority:1, bfdb13f1-88be-4fd0-b5f0-1bffb59ec9b7|rpc:172.17.0.2:40691|priority:0, cf5be2f4-6792-4067-a62c-82347c056bf8|rpc:172.17.0.2:37857|priority:0], old=null
2021-01-18 08:19:06,362 [pool-86-thread-1] INFO  server.RaftServer$Division (RaftServerImpl.java:setRole(283)) - cf5be2f4-6792-4067-a62c-82347c056bf8@group-40C8F8F876AB: changes role from      null to FOLLOWER at term 0 for startAsFollower
2021-01-18 08:19:06,362 [pool-86-thread-1] INFO  impl.RoleInfo (RoleInfo.java:updateAndGet(130)) - cf5be2f4-6792-4067-a62c-82347c056bf8: start cf5be2f4-6792-4067-a62c-82347c056bf8@group-40C8F8F876AB-FollowerState
2021-01-18 08:19:06,362 [pool-86-thread-1] INFO  util.JmxRegister (JmxRegister.java:tryRegister(44)) - Successfully registered JMX Bean with object name Ratis:service=RaftServer,group=group-40C8F8F876AB,id=cf5be2f4-6792-4067-a62c-82347c056bf8
2021-01-18 08:19:06,363 [pool-86-thread-1] INFO  metrics.RatisMetrics (RatisMetrics.java:lambda$create$0(36)) - Creating Metrics Registry : ratis.state_machine.cf5be2f4-6792-4067-a62c-82347c056bf8@group-40C8F8F876AB
2021-01-18 08:19:06,365 [Command processor thread] INFO  metrics.RatisMetrics (RatisMetrics.java:lambda$create$0(36)) - Creating Metrics Registry : ratis.client_message_metrics.client-A6CA7FEAFB99->bfdb13f1-88be-4fd0-b5f0-1bffb59ec9b7
2021-01-18 08:19:06,373 [grpc-default-executor-2] INFO  server.RaftServer (RaftServerProxy.java:addNew(95)) - dc393f10-cf1b-4856-93c0-8107f803be1a: addNew group-40C8F8F876AB:[dc393f10-cf1b-4856-93c0-8107f803be1a|rpc:172.17.0.2:44865|dataStream:|priority:1, bfdb13f1-88be-4fd0-b5f0-1bffb59ec9b7|rpc:172.17.0.2:40691|dataStream:|priority:0, cf5be2f4-6792-4067-a62c-82347c056bf8|rpc:172.17.0.2:37857|dataStream:|priority:0] returns group-40C8F8F876AB:java.util.concurrent.CompletableFuture@5a3eaa02[Not completed]
2021-01-18 08:19:06,374 [pool-118-thread-1] INFO  server.RaftServer$Division (RaftServerImpl.java:<init>(179)) - dc393f10-cf1b-4856-93c0-8107f803be1a: new RaftServerImpl for group-40C8F8F876AB:[dc393f10-cf1b-4856-93c0-8107f803be1a|rpc:172.17.0.2:44865|dataStream:|priority:1, bfdb13f1-88be-4fd0-b5f0-1bffb59ec9b7|rpc:172.17.0.2:40691|dataStream:|priority:0, cf5be2f4-6792-4067-a62c-82347c056bf8|rpc:172.17.0.2:37857|dataStream:|priority:0] with ContainerStateMachine:uninitialized
2021-01-18 08:19:06,374 [pool-118-thread-1] INFO  server.RaftServerConfigKeys (ConfUtils.java:logGet(44)) - raft.server.rpc.timeout.min = 5s (custom)
2021-01-18 08:19:06,374 [pool-118-thread-1] INFO  server.RaftServerConfigKeys (ConfUtils.java:logGet(44)) - raft.server.rpc.timeout.max = 5200ms (custom)
2021-01-18 08:19:06,374 [pool-118-thread-1] INFO  server.RaftServerConfigKeys (ConfUtils.java:logGet(44)) - raft.server.rpc.sleep.time = 25ms (default)
2021-01-18 08:19:06,374 [pool-118-thread-1] INFO  server.RaftServerConfigKeys (ConfUtils.java:logGet(44)) - raft.server.rpc.slowness.timeout = 300000ms (custom)
2021-01-18 08:19:06,374 [pool-118-thread-1] INFO  server.RaftServerConfigKeys (ConfUtils.java:logGet(44)) - raft.server.leaderelection.leader.step-down.wait-time = 10s (default)
2021-01-18 08:19:06,374 [pool-118-thread-1] INFO  server.RaftServerConfigKeys (ConfUtils.java:logGet(44)) - raft.server.sleep.deviation.threshold = 300ms (default)
2021-01-18 08:19:06,374 [pool-118-thread-1] INFO  server.RaftServerConfigKeys (ConfUtils.java:logGet(44)) - raft.server.log.appender.install.snapshot.enabled = false (custom)
2021-01-18 08:19:06,374 [pool-118-thread-1] INFO  server.RaftServer$Division (ServerState.java:<init>(103)) - dc393f10-cf1b-4856-93c0-8107f803be1a@group-40C8F8F876AB: ConfigurationManager, init=-1: [dc393f10-cf1b-4856-93c0-8107f803be1a|rpc:172.17.0.2:44865|dataStream:|priority:1, bfdb13f1-88be-4fd0-b5f0-1bffb59ec9b7|rpc:172.17.0.2:40691|dataStream:|priority:0, cf5be2f4-6792-4067-a62c-82347c056bf8|rpc:172.17.0.2:37857|dataStream:|priority:0], old=null, confs=<EMPTY_MAP>
2021-01-18 08:19:06,374 [pool-118-thread-1] INFO  server.RaftServerConfigKeys (ConfUtils.java:logGet(44)) - raft.server.storage.dir = [/github/workspace/mnt/ozone/hadoop-ozone/integration-test/target/test-dir/MiniOzoneClusterImpl-bdf065e3-4bf0-4703-b3e1-6acc0ac12f97/datanode-5/data/ratis] (custom)
2021-01-18 08:19:06,379 [EventQueue-OpenPipelineForHealthyPipelineSafeModeRule] INFO  safemode.SCMSafeModeManager (HealthyPipelineSafeModeRule.java:process(128)) - SCM in safe mode. Healthy pipelines reported count is 0, required healthy pipeline reported count is 1
2021-01-18 08:19:06,384 [EventQueue-PipelineReportForOneReplicaPipelineSafeModeRule] INFO  safemode.SCMSafeModeManager (SCMSafeModeManager.java:validateSafeModeExitRules(214)) - AtleastOneDatanodeReportedRule rule is successfully validated
2021-01-18 08:19:06,384 [grpc-default-executor-1] INFO  metrics.RatisMetrics (RatisMetrics.java:lambda$create$0(36)) - Creating Metrics Registry : ratis.server_message_metrics.cf5be2f4-6792-4067-a62c-82347c056bf8
2021-01-18 08:19:06,386 [Command processor thread] INFO  metrics.RatisMetrics (RatisMetrics.java:lambda$create$0(36)) - Creating Metrics Registry : ratis.client_message_metrics.client-CDF2447ABD0C->bc9cf250-f2f7-4763-83b2-e84831211d15
2021-01-18 08:19:06,386 [Command processor thread] INFO  metrics.RatisMetrics (RatisMetrics.java:lambda$create$0(36)) - Creating Metrics Registry : ratis.client_message_metrics.client-0F573710211F->98a8f6bd-fbb9-4a8e-a9ec-8fb646ec091b
2021-01-18 08:19:06,390 [grpc-default-executor-0] INFO  metrics.RatisMetrics (RatisMetrics.java:lambda$create$0(36)) - Creating Metrics Registry : ratis.server_message_metrics.98a8f6bd-fbb9-4a8e-a9ec-8fb646ec091b
2021-01-18 08:19:06,392 [pool-118-thread-1] INFO  server.RaftServerConfigKeys (ConfUtils.java:logGet(44)) - raft.server.log.corruption.policy = EXCEPTION (default)
2021-01-18 08:19:06,392 [pool-118-thread-1] INFO  storage.RaftStorageDirectory (RaftStorageDirectoryImpl.java:analyzeStorage(132)) - The storage directory /github/workspace/mnt/ozone/hadoop-ozone/integration-test/target/test-dir/MiniOzoneClusterImpl-bdf065e3-4bf0-4703-b3e1-6acc0ac12f97/datanode-5/data/ratis/1f245b7e-afac-401e-9eed-40c8f8f876ab does not exist. Creating ...
2021-01-18 08:19:06,398 [pool-118-thread-1] INFO  storage.RaftStorageDirectory (RaftStorageDirectoryImpl.java:tryLock(215)) - Lock on /github/workspace/mnt/ozone/hadoop-ozone/integration-test/target/test-dir/MiniOzoneClusterImpl-bdf065e3-4bf0-4703-b3e1-6acc0ac12f97/datanode-5/data/ratis/1f245b7e-afac-401e-9eed-40c8f8f876ab/in_use.lock acquired by nodename 32076@dc3504268712
2021-01-18 08:19:06,399 [pool-118-thread-1] INFO  storage.RaftStorage (RaftStorageImpl.java:format(87)) - Storage directory /github/workspace/mnt/ozone/hadoop-ozone/integration-test/target/test-dir/MiniOzoneClusterImpl-bdf065e3-4bf0-4703-b3e1-6acc0ac12f97/datanode-5/data/ratis/1f245b7e-afac-401e-9eed-40c8f8f876ab has been successfully formatted.
2021-01-18 08:19:06,399 [pool-118-thread-1] INFO  ratis.ContainerStateMachine (ContainerStateMachine.java:loadSnapshot(223)) - group-40C8F8F876AB: The snapshot info is null. Setting the last applied indexto:(t:0, i:~)
2021-01-18 08:19:06,400 [pool-118-thread-1] ERROR storage.RaftStorage (RaftStorageImpl.java:readRaftConfiguration(147)) - Failed reading configuration from file:/github/workspace/mnt/ozone/hadoop-ozone/integration-test/target/test-dir/MiniOzoneClusterImpl-bdf065e3-4bf0-4703-b3e1-6acc0ac12f97/datanode-5/data/ratis/1f245b7e-afac-401e-9eed-40c8f8f876ab/current/raft-meta.conf
java.io.FileNotFoundException: /github/workspace/mnt/ozone/hadoop-ozone/integration-test/target/test-dir/MiniOzoneClusterImpl-bdf065e3-4bf0-4703-b3e1-6acc0ac12f97/datanode-5/data/ratis/1f245b7e-afac-401e-9eed-40c8f8f876ab/current/raft-meta.conf (No such file or directory)
	at java.io.FileInputStream.open0(Native Method)
	at java.io.FileInputStream.open(FileInputStream.java:195)
	at java.io.FileInputStream.<init>(FileInputStream.java:138)
	at org.apache.ratis.server.storage.RaftStorageImpl.readRaftConfiguration(RaftStorageImpl.java:143)
	at org.apache.ratis.server.impl.ServerState.<init>(ServerState.java:113)
	at org.apache.ratis.server.impl.RaftServerImpl.<init>(RaftServerImpl.java:192)
	at org.apache.ratis.server.impl.RaftServerProxy.lambda$newRaftServerImpl$4(RaftServerProxy.java:266)
	at java.util.concurrent.CompletableFuture$AsyncSupply.run(CompletableFuture.java:1604)
	at java.util.concurrent.ThreadPoolExecutor.runWorker(ThreadPoolExecutor.java:1149)
	at java.util.concurrent.ThreadPoolExecutor$Worker.run(ThreadPoolExecutor.java:624)
	at java.lang.Thread.run(Thread.java:748)
2021-01-18 08:19:06,403 [pool-118-thread-1] INFO  server.RaftServerConfigKeys (ConfUtils.java:logGet(44)) - raft.server.notification.no-leader.timeout = 300000ms (custom)
2021-01-18 08:19:06,403 [pool-118-thread-1] INFO  server.RaftServerConfigKeys (ConfUtils.java:logGet(44)) - raft.server.log.use.memory = false (default)
2021-01-18 08:19:06,403 [pool-118-thread-1] INFO  server.RaftServerConfigKeys (ConfUtils.java:logGet(44)) - raft.server.log.purge.gap = 1000000 (custom)
2021-01-18 08:19:06,403 [pool-118-thread-1] INFO  server.RaftServerConfigKeys (ConfUtils.java:logGet(44)) - raft.server.log.appender.buffer.byte-limit = 33554432 (custom)
2021-01-18 08:19:06,403 [pool-118-thread-1] INFO  metrics.RatisMetrics (RatisMetrics.java:lambda$create$0(36)) - Creating Metrics Registry : ratis.log_worker.dc393f10-cf1b-4856-93c0-8107f803be1a@group-40C8F8F876AB
2021-01-18 08:19:06,403 [pool-118-thread-1] INFO  server.RaftServerConfigKeys (ConfUtils.java:logGet(44)) - raft.server.log.segment.size.max = 1048576 (custom)
2021-01-18 08:19:06,404 [pool-118-thread-1] INFO  server.RaftServerConfigKeys (ConfUtils.java:logGet(44)) - raft.server.log.segment.cache.num.max = 2 (custom)
2021-01-18 08:19:06,404 [pool-118-thread-1] INFO  server.RaftServerConfigKeys (ConfUtils.java:logGet(44)) - raft.server.log.segment.cache.size.max = 200MB (=209715200) (default)
2021-01-18 08:19:06,404 [pool-118-thread-1] INFO  segmented.SegmentedRaftLogWorker (SegmentedRaftLogWorker.java:<init>(181)) - new dc393f10-cf1b-4856-93c0-8107f803be1a@group-40C8F8F876AB-SegmentedRaftLogWorker for RaftStorageImpl:Storage Directory /github/workspace/mnt/ozone/hadoop-ozone/integration-test/target/test-dir/MiniOzoneClusterImpl-bdf065e3-4bf0-4703-b3e1-6acc0ac12f97/datanode-5/data/ratis/1f245b7e-afac-401e-9eed-40c8f8f876ab
2021-01-18 08:19:06,404 [pool-118-thread-1] INFO  server.RaftServerConfigKeys (ConfUtils.java:logGet(44)) - raft.server.log.queue.byte-limit = 2147483647 (custom)
2021-01-18 08:19:06,404 [pool-118-thread-1] INFO  server.RaftServerConfigKeys (ConfUtils.java:logGet(44)) - raft.server.log.queue.element-limit = 1024 (custom)
2021-01-18 08:19:06,404 [pool-118-thread-1] INFO  server.RaftServerConfigKeys (ConfUtils.java:logGet(44)) - raft.server.log.segment.size.max = 1048576 (custom)
2021-01-18 08:19:06,404 [pool-118-thread-1] INFO  server.RaftServerConfigKeys (ConfUtils.java:logGet(44)) - raft.server.log.preallocated.size = 16384 (custom)
2021-01-18 08:19:06,404 [pool-118-thread-1] INFO  server.RaftServerConfigKeys (ConfUtils.java:logGet(44)) - raft.server.log.force.sync.num = 128 (default)
2021-01-18 08:19:06,404 [pool-118-thread-1] INFO  server.RaftServerConfigKeys (ConfUtils.java:logGet(44)) - raft.server.log.statemachine.data.sync = true (default)
2021-01-18 08:19:06,404 [pool-118-thread-1] INFO  server.RaftServerConfigKeys (ConfUtils.java:logGet(44)) - raft.server.log.statemachine.data.sync.timeout = 10s (default)
2021-01-18 08:19:06,404 [pool-118-thread-1] INFO  server.RaftServerConfigKeys (ConfUtils.java:logGet(44)) - raft.server.log.statemachine.data.sync.timeout.retry = -1 (default)
2021-01-18 08:19:06,401 [EventQueue-PipelineReportForOneReplicaPipelineSafeModeRule] INFO  safemode.SCMSafeModeManager (SCMSafeModeManager.java:validateSafeModeExitRules(214)) - AtleastOneDatanodeReportedRule rule is successfully validated
2021-01-18 08:19:06,400 [EventQueue-OpenPipelineForHealthyPipelineSafeModeRule] INFO  safemode.SCMSafeModeManager (HealthyPipelineSafeModeRule.java:process(128)) - SCM in safe mode. Healthy pipelines reported count is 0, required healthy pipeline reported count is 1
2021-01-18 08:19:06,405 [pool-118-thread-1] INFO  server.RaftServerConfigKeys (ConfUtils.java:logGet(44)) - raft.server.log.write.buffer.size = 1048576 (custom)
2021-01-18 08:19:06,406 [pool-118-thread-1] INFO  server.RaftServerConfigKeys (ConfUtils.java:logGet(44)) - raft.server.log.statemachine.data.caching.enabled = true (custom)
2021-01-18 08:19:06,406 [pool-118-thread-1] INFO  segmented.SegmentedRaftLogWorker (SegmentedRaftLogWorker.java:lambda$new$0(132)) - dc393f10-cf1b-4856-93c0-8107f803be1a@group-40C8F8F876AB-SegmentedRaftLogWorker: flushIndex: setUnconditionally 0 -> -1
2021-01-18 08:19:06,406 [pool-118-thread-1] INFO  segmented.SegmentedRaftLogWorker (SegmentedRaftLogWorker.java:lambda$new$0(132)) - dc393f10-cf1b-4856-93c0-8107f803be1a@group-40C8F8F876AB-SegmentedRaftLogWorker: safeCacheEvictIndex: setUnconditionally 0 -> -1
2021-01-18 08:19:06,410 [pool-118-thread-1] INFO  server.RaftServerConfigKeys (ConfUtils.java:logGet(44)) - raft.server.snapshot.auto.trigger.enabled = true (custom)
2021-01-18 08:19:06,410 [pool-118-thread-1] INFO  server.RaftServerConfigKeys (ConfUtils.java:logGet(44)) - raft.server.snapshot.auto.trigger.threshold = 1 (custom)
2021-01-18 08:19:06,410 [pool-118-thread-1] INFO  server.RaftServerConfigKeys (ConfUtils.java:logGet(44)) - raft.server.snapshot.retention.file.num = 5 (custom)
2021-01-18 08:19:06,410 [pool-118-thread-1] INFO  server.RaftServerConfigKeys (ConfUtils.java:logGet(44)) - raft.server.log.purge.upto.snapshot.index = false (default)
2021-01-18 08:19:06,410 [EventQueue-OpenPipelineForHealthyPipelineSafeModeRule] INFO  safemode.SCMSafeModeManager (HealthyPipelineSafeModeRule.java:process(128)) - SCM in safe mode. Healthy pipelines reported count is 0, required healthy pipeline reported count is 1
2021-01-18 08:19:06,410 [EventQueue-PipelineReportForOneReplicaPipelineSafeModeRule] INFO  safemode.SCMSafeModeManager (SCMSafeModeManager.java:validateSafeModeExitRules(214)) - AtleastOneDatanodeReportedRule rule is successfully validated
2021-01-18 08:19:06,410 [pool-118-thread-1] INFO  server.RaftServerConfigKeys (ConfUtils.java:logGet(44)) - raft.server.retrycache.expirytime = 600000ms (custom)
2021-01-18 08:19:06,410 [pool-118-thread-1] INFO  server.RaftServerConfigKeys (ConfUtils.java:logGet(44)) - raft.server.retrycache.statistics.expirytime = 100?s (default)
2021-01-18 08:19:06,411 [EventQueue-OpenPipelineForHealthyPipelineSafeModeRule] INFO  safemode.SCMSafeModeManager (HealthyPipelineSafeModeRule.java:process(128)) - SCM in safe mode. Healthy pipelines reported count is 0, required healthy pipeline reported count is 1
2021-01-18 08:19:06,411 [EventQueue-PipelineReportForOneReplicaPipelineSafeModeRule] INFO  safemode.SCMSafeModeManager (SCMSafeModeManager.java:validateSafeModeExitRules(214)) - AtleastOneDatanodeReportedRule rule is successfully validated
2021-01-18 08:19:06,411 [pool-118-thread-1] INFO  metrics.RatisMetrics (RatisMetrics.java:lambda$create$0(36)) - Creating Metrics Registry : ratis.leader_election.dc393f10-cf1b-4856-93c0-8107f803be1a@group-40C8F8F876AB
2021-01-18 08:19:06,411 [pool-118-thread-1] INFO  metrics.RatisMetrics (RatisMetrics.java:lambda$create$0(36)) - Creating Metrics Registry : ratis.server.dc393f10-cf1b-4856-93c0-8107f803be1a@group-40C8F8F876AB
2021-01-18 08:19:06,412 [pool-118-thread-1] INFO  server.RaftServer$Division (RaftServerImpl.java:start(294)) - dc393f10-cf1b-4856-93c0-8107f803be1a@group-40C8F8F876AB: start as a follower, conf=-1: [dc393f10-cf1b-4856-93c0-8107f803be1a|rpc:172.17.0.2:44865|dataStream:|priority:1, bfdb13f1-88be-4fd0-b5f0-1bffb59ec9b7|rpc:172.17.0.2:40691|dataStream:|priority:0, cf5be2f4-6792-4067-a62c-82347c056bf8|rpc:172.17.0.2:37857|dataStream:|priority:0], old=null
2021-01-18 08:19:06,412 [pool-118-thread-1] INFO  server.RaftServer$Division (RaftServerImpl.java:setRole(283)) - dc393f10-cf1b-4856-93c0-8107f803be1a@group-40C8F8F876AB: changes role from      null to FOLLOWER at term 0 for startAsFollower
2021-01-18 08:19:06,412 [pool-118-thread-1] INFO  impl.RoleInfo (RoleInfo.java:updateAndGet(130)) - dc393f10-cf1b-4856-93c0-8107f803be1a: start dc393f10-cf1b-4856-93c0-8107f803be1a@group-40C8F8F876AB-FollowerState
2021-01-18 08:19:06,427 [pool-118-thread-1] INFO  util.JmxRegister (JmxRegister.java:tryRegister(44)) - Successfully registered JMX Bean with object name Ratis:service=RaftServer,group=group-40C8F8F876AB,id=dc393f10-cf1b-4856-93c0-8107f803be1a
2021-01-18 08:19:06,427 [pool-118-thread-1] INFO  metrics.RatisMetrics (RatisMetrics.java:lambda$create$0(36)) - Creating Metrics Registry : ratis.state_machine.dc393f10-cf1b-4856-93c0-8107f803be1a@group-40C8F8F876AB
2021-01-18 08:19:06,441 [Command processor thread] INFO  commandhandler.CreatePipelineCommandHandler (CreatePipelineCommandHandler.java:handle(106)) - Created Pipeline RATIS THREE PipelineID=d2a8336b-a828-43b0-8247-2f47bf998a60.
2021-01-18 08:19:06,441 [Command processor thread] INFO  server.RaftServer (RaftServerProxy.java:addNew(95)) - 852a0b0b-7bf4-4256-a802-bfb56885f965: addNew group-5540915249F5:[bc9cf250-f2f7-4763-83b2-e84831211d15|rpc:172.17.0.2:33353|priority:1, 98a8f6bd-fbb9-4a8e-a9ec-8fb646ec091b|rpc:172.17.0.2:45967|priority:0, 852a0b0b-7bf4-4256-a802-bfb56885f965|rpc:172.17.0.2:38945|priority:0] returns group-5540915249F5:java.util.concurrent.CompletableFuture@9fce9ba[Not completed]
2021-01-18 08:19:06,441 [Command processor thread] INFO  commandhandler.CreatePipelineCommandHandler (CreatePipelineCommandHandler.java:handle(106)) - Created Pipeline RATIS THREE PipelineID=3385d0de-4eda-4176-8cd6-064b80184e77.
2021-01-18 08:19:06,447 [pool-166-thread-1] INFO  server.RaftServer$Division (RaftServerImpl.java:<init>(179)) - 852a0b0b-7bf4-4256-a802-bfb56885f965: new RaftServerImpl for group-5540915249F5:[bc9cf250-f2f7-4763-83b2-e84831211d15|rpc:172.17.0.2:33353|priority:1, 98a8f6bd-fbb9-4a8e-a9ec-8fb646ec091b|rpc:172.17.0.2:45967|priority:0, 852a0b0b-7bf4-4256-a802-bfb56885f965|rpc:172.17.0.2:38945|priority:0] with ContainerStateMachine:uninitialized
2021-01-18 08:19:06,447 [pool-166-thread-1] INFO  server.RaftServerConfigKeys (ConfUtils.java:logGet(44)) - raft.server.rpc.timeout.min = 5s (custom)
2021-01-18 08:19:06,447 [pool-166-thread-1] INFO  server.RaftServerConfigKeys (ConfUtils.java:logGet(44)) - raft.server.rpc.timeout.max = 5200ms (custom)
2021-01-18 08:19:06,447 [pool-166-thread-1] INFO  server.RaftServerConfigKeys (ConfUtils.java:logGet(44)) - raft.server.rpc.sleep.time = 25ms (default)
2021-01-18 08:19:06,447 [pool-166-thread-1] INFO  server.RaftServerConfigKeys (ConfUtils.java:logGet(44)) - raft.server.rpc.slowness.timeout = 300000ms (custom)
2021-01-18 08:19:06,447 [pool-166-thread-1] INFO  server.RaftServerConfigKeys (ConfUtils.java:logGet(44)) - raft.server.leaderelection.leader.step-down.wait-time = 10s (default)
2021-01-18 08:19:06,447 [pool-166-thread-1] INFO  server.RaftServerConfigKeys (ConfUtils.java:logGet(44)) - raft.server.sleep.deviation.threshold = 300ms (default)
2021-01-18 08:19:06,447 [pool-166-thread-1] INFO  server.RaftServerConfigKeys (ConfUtils.java:logGet(44)) - raft.server.log.appender.install.snapshot.enabled = false (custom)
2021-01-18 08:19:06,447 [pool-166-thread-1] INFO  server.RaftServer$Division (ServerState.java:<init>(103)) - 852a0b0b-7bf4-4256-a802-bfb56885f965@group-5540915249F5: ConfigurationManager, init=-1: [bc9cf250-f2f7-4763-83b2-e84831211d15|rpc:172.17.0.2:33353|priority:1, 98a8f6bd-fbb9-4a8e-a9ec-8fb646ec091b|rpc:172.17.0.2:45967|priority:0, 852a0b0b-7bf4-4256-a802-bfb56885f965|rpc:172.17.0.2:38945|priority:0], old=null, confs=<EMPTY_MAP>
2021-01-18 08:19:06,447 [pool-166-thread-1] INFO  server.RaftServerConfigKeys (ConfUtils.java:logGet(44)) - raft.server.storage.dir = [/github/workspace/mnt/ozone/hadoop-ozone/integration-test/target/test-dir/MiniOzoneClusterImpl-bdf065e3-4bf0-4703-b3e1-6acc0ac12f97/datanode-8/data/ratis] (custom)
2021-01-18 08:19:06,447 [pool-166-thread-1] INFO  server.RaftServerConfigKeys (ConfUtils.java:logGet(44)) - raft.server.log.corruption.policy = EXCEPTION (default)
2021-01-18 08:19:06,447 [pool-166-thread-1] INFO  storage.RaftStorageDirectory (RaftStorageDirectoryImpl.java:analyzeStorage(132)) - The storage directory /github/workspace/mnt/ozone/hadoop-ozone/integration-test/target/test-dir/MiniOzoneClusterImpl-bdf065e3-4bf0-4703-b3e1-6acc0ac12f97/datanode-8/data/ratis/659d2e65-2586-4cea-915f-5540915249f5 does not exist. Creating ...
2021-01-18 08:19:06,450 [EventQueue-OpenPipelineForHealthyPipelineSafeModeRule] INFO  safemode.SCMSafeModeManager (HealthyPipelineSafeModeRule.java:process(128)) - SCM in safe mode. Healthy pipelines reported count is 0, required healthy pipeline reported count is 1
2021-01-18 08:19:06,450 [EventQueue-PipelineReportForOneReplicaPipelineSafeModeRule] INFO  safemode.SCMSafeModeManager (SCMSafeModeManager.java:validateSafeModeExitRules(214)) - AtleastOneDatanodeReportedRule rule is successfully validated
2021-01-18 08:19:06,450 [pool-166-thread-1] INFO  storage.RaftStorageDirectory (RaftStorageDirectoryImpl.java:tryLock(215)) - Lock on /github/workspace/mnt/ozone/hadoop-ozone/integration-test/target/test-dir/MiniOzoneClusterImpl-bdf065e3-4bf0-4703-b3e1-6acc0ac12f97/datanode-8/data/ratis/659d2e65-2586-4cea-915f-5540915249f5/in_use.lock acquired by nodename 32076@dc3504268712
2021-01-18 08:19:06,452 [pool-166-thread-1] INFO  storage.RaftStorage (RaftStorageImpl.java:format(87)) - Storage directory /github/workspace/mnt/ozone/hadoop-ozone/integration-test/target/test-dir/MiniOzoneClusterImpl-bdf065e3-4bf0-4703-b3e1-6acc0ac12f97/datanode-8/data/ratis/659d2e65-2586-4cea-915f-5540915249f5 has been successfully formatted.
2021-01-18 08:19:06,452 [pool-166-thread-1] INFO  ratis.ContainerStateMachine (ContainerStateMachine.java:loadSnapshot(223)) - group-5540915249F5: The snapshot info is null. Setting the last applied indexto:(t:0, i:~)
2021-01-18 08:19:06,452 [pool-166-thread-1] ERROR storage.RaftStorage (RaftStorageImpl.java:readRaftConfiguration(147)) - Failed reading configuration from file:/github/workspace/mnt/ozone/hadoop-ozone/integration-test/target/test-dir/MiniOzoneClusterImpl-bdf065e3-4bf0-4703-b3e1-6acc0ac12f97/datanode-8/data/ratis/659d2e65-2586-4cea-915f-5540915249f5/current/raft-meta.conf
java.io.FileNotFoundException: /github/workspace/mnt/ozone/hadoop-ozone/integration-test/target/test-dir/MiniOzoneClusterImpl-bdf065e3-4bf0-4703-b3e1-6acc0ac12f97/datanode-8/data/ratis/659d2e65-2586-4cea-915f-5540915249f5/current/raft-meta.conf (No such file or directory)
	at java.io.FileInputStream.open0(Native Method)
	at java.io.FileInputStream.open(FileInputStream.java:195)
	at java.io.FileInputStream.<init>(FileInputStream.java:138)
	at org.apache.ratis.server.storage.RaftStorageImpl.readRaftConfiguration(RaftStorageImpl.java:143)
	at org.apache.ratis.server.impl.ServerState.<init>(ServerState.java:113)
	at org.apache.ratis.server.impl.RaftServerImpl.<init>(RaftServerImpl.java:192)
	at org.apache.ratis.server.impl.RaftServerProxy.lambda$newRaftServerImpl$4(RaftServerProxy.java:266)
	at java.util.concurrent.CompletableFuture$AsyncSupply.run(CompletableFuture.java:1604)
	at java.util.concurrent.ThreadPoolExecutor.runWorker(ThreadPoolExecutor.java:1149)
	at java.util.concurrent.ThreadPoolExecutor$Worker.run(ThreadPoolExecutor.java:624)
	at java.lang.Thread.run(Thread.java:748)
2021-01-18 08:19:06,452 [pool-166-thread-1] INFO  server.RaftServerConfigKeys (ConfUtils.java:logGet(44)) - raft.server.notification.no-leader.timeout = 300000ms (custom)
2021-01-18 08:19:06,453 [EventQueue-PipelineReportForOneReplicaPipelineSafeModeRule] INFO  safemode.SCMSafeModeManager (SCMSafeModeManager.java:validateSafeModeExitRules(214)) - AtleastOneDatanodeReportedRule rule is successfully validated
2021-01-18 08:19:06,453 [EventQueue-OpenPipelineForHealthyPipelineSafeModeRule] INFO  safemode.SCMSafeModeManager (HealthyPipelineSafeModeRule.java:process(128)) - SCM in safe mode. Healthy pipelines reported count is 0, required healthy pipeline reported count is 1
2021-01-18 08:19:06,454 [pool-166-thread-1] INFO  server.RaftServerConfigKeys (ConfUtils.java:logGet(44)) - raft.server.log.use.memory = false (default)
2021-01-18 08:19:06,454 [EventQueue-OpenPipelineForHealthyPipelineSafeModeRule] INFO  safemode.SCMSafeModeManager (HealthyPipelineSafeModeRule.java:process(128)) - SCM in safe mode. Healthy pipelines reported count is 0, required healthy pipeline reported count is 1
2021-01-18 08:19:06,454 [EventQueue-PipelineReportForOneReplicaPipelineSafeModeRule] INFO  safemode.SCMSafeModeManager (SCMSafeModeManager.java:validateSafeModeExitRules(214)) - AtleastOneDatanodeReportedRule rule is successfully validated
2021-01-18 08:19:06,454 [pool-166-thread-1] INFO  server.RaftServerConfigKeys (ConfUtils.java:logGet(44)) - raft.server.log.purge.gap = 1000000 (custom)
2021-01-18 08:19:06,454 [pool-166-thread-1] INFO  server.RaftServerConfigKeys (ConfUtils.java:logGet(44)) - raft.server.log.appender.buffer.byte-limit = 33554432 (custom)
2021-01-18 08:19:06,454 [pool-166-thread-1] INFO  metrics.RatisMetrics (RatisMetrics.java:lambda$create$0(36)) - Creating Metrics Registry : ratis.log_worker.852a0b0b-7bf4-4256-a802-bfb56885f965@group-5540915249F5
2021-01-18 08:19:06,454 [pool-166-thread-1] INFO  server.RaftServerConfigKeys (ConfUtils.java:logGet(44)) - raft.server.log.segment.size.max = 1048576 (custom)
2021-01-18 08:19:06,455 [pool-166-thread-1] INFO  server.RaftServerConfigKeys (ConfUtils.java:logGet(44)) - raft.server.log.segment.cache.num.max = 2 (custom)
2021-01-18 08:19:06,455 [pool-166-thread-1] INFO  server.RaftServerConfigKeys (ConfUtils.java:logGet(44)) - raft.server.log.segment.cache.size.max = 200MB (=209715200) (default)
2021-01-18 08:19:06,455 [pool-166-thread-1] INFO  segmented.SegmentedRaftLogWorker (SegmentedRaftLogWorker.java:<init>(181)) - new 852a0b0b-7bf4-4256-a802-bfb56885f965@group-5540915249F5-SegmentedRaftLogWorker for RaftStorageImpl:Storage Directory /github/workspace/mnt/ozone/hadoop-ozone/integration-test/target/test-dir/MiniOzoneClusterImpl-bdf065e3-4bf0-4703-b3e1-6acc0ac12f97/datanode-8/data/ratis/659d2e65-2586-4cea-915f-5540915249f5
2021-01-18 08:19:06,455 [pool-166-thread-1] INFO  server.RaftServerConfigKeys (ConfUtils.java:logGet(44)) - raft.server.log.queue.byte-limit = 2147483647 (custom)
2021-01-18 08:19:06,455 [pool-166-thread-1] INFO  server.RaftServerConfigKeys (ConfUtils.java:logGet(44)) - raft.server.log.queue.element-limit = 1024 (custom)
2021-01-18 08:19:06,455 [pool-166-thread-1] INFO  server.RaftServerConfigKeys (ConfUtils.java:logGet(44)) - raft.server.log.segment.size.max = 1048576 (custom)
2021-01-18 08:19:06,455 [pool-166-thread-1] INFO  server.RaftServerConfigKeys (ConfUtils.java:logGet(44)) - raft.server.log.preallocated.size = 16384 (custom)
2021-01-18 08:19:06,455 [pool-166-thread-1] INFO  server.RaftServerConfigKeys (ConfUtils.java:logGet(44)) - raft.server.log.force.sync.num = 128 (default)
2021-01-18 08:19:06,455 [pool-166-thread-1] INFO  server.RaftServerConfigKeys (ConfUtils.java:logGet(44)) - raft.server.log.statemachine.data.sync = true (default)
2021-01-18 08:19:06,455 [pool-166-thread-1] INFO  server.RaftServerConfigKeys (ConfUtils.java:logGet(44)) - raft.server.log.statemachine.data.sync.timeout = 10s (default)
2021-01-18 08:19:06,455 [pool-166-thread-1] INFO  server.RaftServerConfigKeys (ConfUtils.java:logGet(44)) - raft.server.log.statemachine.data.sync.timeout.retry = -1 (default)
2021-01-18 08:19:06,456 [pool-166-thread-1] INFO  server.RaftServerConfigKeys (ConfUtils.java:logGet(44)) - raft.server.log.write.buffer.size = 1048576 (custom)
2021-01-18 08:19:06,457 [pool-166-thread-1] INFO  server.RaftServerConfigKeys (ConfUtils.java:logGet(44)) - raft.server.log.statemachine.data.caching.enabled = true (custom)
2021-01-18 08:19:06,457 [pool-166-thread-1] INFO  segmented.SegmentedRaftLogWorker (SegmentedRaftLogWorker.java:lambda$new$0(132)) - 852a0b0b-7bf4-4256-a802-bfb56885f965@group-5540915249F5-SegmentedRaftLogWorker: flushIndex: setUnconditionally 0 -> -1
2021-01-18 08:19:06,457 [pool-166-thread-1] INFO  segmented.SegmentedRaftLogWorker (SegmentedRaftLogWorker.java:lambda$new$0(132)) - 852a0b0b-7bf4-4256-a802-bfb56885f965@group-5540915249F5-SegmentedRaftLogWorker: safeCacheEvictIndex: setUnconditionally 0 -> -1
2021-01-18 08:19:06,460 [pool-166-thread-1] INFO  server.RaftServerConfigKeys (ConfUtils.java:logGet(44)) - raft.server.snapshot.auto.trigger.enabled = true (custom)
2021-01-18 08:19:06,477 [pool-166-thread-1] INFO  server.RaftServerConfigKeys (ConfUtils.java:logGet(44)) - raft.server.snapshot.auto.trigger.threshold = 1 (custom)
2021-01-18 08:19:06,477 [pool-166-thread-1] INFO  server.RaftServerConfigKeys (ConfUtils.java:logGet(44)) - raft.server.snapshot.retention.file.num = 5 (custom)
2021-01-18 08:19:06,477 [pool-166-thread-1] INFO  server.RaftServerConfigKeys (ConfUtils.java:logGet(44)) - raft.server.log.purge.upto.snapshot.index = false (default)
2021-01-18 08:19:06,477 [pool-166-thread-1] INFO  server.RaftServerConfigKeys (ConfUtils.java:logGet(44)) - raft.server.retrycache.expirytime = 600000ms (custom)
2021-01-18 08:19:06,477 [pool-166-thread-1] INFO  server.RaftServerConfigKeys (ConfUtils.java:logGet(44)) - raft.server.retrycache.statistics.expirytime = 100?s (default)
2021-01-18 08:19:06,477 [pool-166-thread-1] INFO  metrics.RatisMetrics (RatisMetrics.java:lambda$create$0(36)) - Creating Metrics Registry : ratis.leader_election.852a0b0b-7bf4-4256-a802-bfb56885f965@group-5540915249F5
2021-01-18 08:19:06,478 [pool-166-thread-1] INFO  metrics.RatisMetrics (RatisMetrics.java:lambda$create$0(36)) - Creating Metrics Registry : ratis.server.852a0b0b-7bf4-4256-a802-bfb56885f965@group-5540915249F5
2021-01-18 08:19:06,479 [pool-166-thread-1] INFO  server.RaftServer$Division (RaftServerImpl.java:start(294)) - 852a0b0b-7bf4-4256-a802-bfb56885f965@group-5540915249F5: start as a follower, conf=-1: [bc9cf250-f2f7-4763-83b2-e84831211d15|rpc:172.17.0.2:33353|priority:1, 98a8f6bd-fbb9-4a8e-a9ec-8fb646ec091b|rpc:172.17.0.2:45967|priority:0, 852a0b0b-7bf4-4256-a802-bfb56885f965|rpc:172.17.0.2:38945|priority:0], old=null
2021-01-18 08:19:06,477 [Command processor thread] INFO  metrics.RatisMetrics (RatisMetrics.java:lambda$create$0(36)) - Creating Metrics Registry : ratis.client_message_metrics.client-4FB67959BF9F->cf5be2f4-6792-4067-a62c-82347c056bf8
2021-01-18 08:19:06,477 [Command processor thread] INFO  metrics.RatisMetrics (RatisMetrics.java:lambda$create$0(36)) - Creating Metrics Registry : ratis.client_message_metrics.client-8CF0A0750659->dc393f10-cf1b-4856-93c0-8107f803be1a
2021-01-18 08:19:06,470 [Command processor thread] INFO  commandhandler.CreatePipelineCommandHandler (CreatePipelineCommandHandler.java:handle(106)) - Created Pipeline RATIS THREE PipelineID=d2a8336b-a828-43b0-8247-2f47bf998a60.
2021-01-18 08:19:06,463 [Command processor thread] INFO  commandhandler.CreatePipelineCommandHandler (CreatePipelineCommandHandler.java:handle(106)) - Created Pipeline RATIS THREE PipelineID=d2a8336b-a828-43b0-8247-2f47bf998a60.
2021-01-18 08:19:06,462 [EventQueue-PipelineReportForOneReplicaPipelineSafeModeRule] INFO  safemode.SCMSafeModeManager (SCMSafeModeManager.java:validateSafeModeExitRules(214)) - AtleastOneDatanodeReportedRule rule is successfully validated
2021-01-18 08:19:06,462 [EventQueue-OpenPipelineForHealthyPipelineSafeModeRule] INFO  safemode.SCMSafeModeManager (HealthyPipelineSafeModeRule.java:process(128)) - SCM in safe mode. Healthy pipelines reported count is 0, required healthy pipeline reported count is 1
2021-01-18 08:19:06,479 [Command processor thread] INFO  server.RaftServer (RaftServerProxy.java:addNew(95)) - bc9cf250-f2f7-4763-83b2-e84831211d15: addNew group-5540915249F5:[bc9cf250-f2f7-4763-83b2-e84831211d15|rpc:172.17.0.2:33353|priority:1, 98a8f6bd-fbb9-4a8e-a9ec-8fb646ec091b|rpc:172.17.0.2:45967|priority:0, 852a0b0b-7bf4-4256-a802-bfb56885f965|rpc:172.17.0.2:38945|priority:0] returns group-5540915249F5:java.util.concurrent.CompletableFuture@13a728e8[Not completed]
2021-01-18 08:19:06,480 [pool-150-thread-1] INFO  server.RaftServer$Division (RaftServerImpl.java:<init>(179)) - bc9cf250-f2f7-4763-83b2-e84831211d15: new RaftServerImpl for group-5540915249F5:[bc9cf250-f2f7-4763-83b2-e84831211d15|rpc:172.17.0.2:33353|priority:1, 98a8f6bd-fbb9-4a8e-a9ec-8fb646ec091b|rpc:172.17.0.2:45967|priority:0, 852a0b0b-7bf4-4256-a802-bfb56885f965|rpc:172.17.0.2:38945|priority:0] with ContainerStateMachine:uninitialized
2021-01-18 08:19:06,480 [pool-150-thread-1] INFO  server.RaftServerConfigKeys (ConfUtils.java:logGet(44)) - raft.server.rpc.timeout.min = 5s (custom)
2021-01-18 08:19:06,480 [pool-150-thread-1] INFO  server.RaftServerConfigKeys (ConfUtils.java:logGet(44)) - raft.server.rpc.timeout.max = 5200ms (custom)
2021-01-18 08:19:06,480 [pool-150-thread-1] INFO  server.RaftServerConfigKeys (ConfUtils.java:logGet(44)) - raft.server.rpc.sleep.time = 25ms (default)
2021-01-18 08:19:06,480 [pool-150-thread-1] INFO  server.RaftServerConfigKeys (ConfUtils.java:logGet(44)) - raft.server.rpc.slowness.timeout = 300000ms (custom)
2021-01-18 08:19:06,481 [pool-150-thread-1] INFO  server.RaftServerConfigKeys (ConfUtils.java:logGet(44)) - raft.server.leaderelection.leader.step-down.wait-time = 10s (default)
2021-01-18 08:19:06,481 [pool-150-thread-1] INFO  server.RaftServerConfigKeys (ConfUtils.java:logGet(44)) - raft.server.sleep.deviation.threshold = 300ms (default)
2021-01-18 08:19:06,481 [pool-150-thread-1] INFO  server.RaftServerConfigKeys (ConfUtils.java:logGet(44)) - raft.server.log.appender.install.snapshot.enabled = false (custom)
2021-01-18 08:19:06,481 [pool-150-thread-1] INFO  server.RaftServer$Division (ServerState.java:<init>(103)) - bc9cf250-f2f7-4763-83b2-e84831211d15@group-5540915249F5: ConfigurationManager, init=-1: [bc9cf250-f2f7-4763-83b2-e84831211d15|rpc:172.17.0.2:33353|priority:1, 98a8f6bd-fbb9-4a8e-a9ec-8fb646ec091b|rpc:172.17.0.2:45967|priority:0, 852a0b0b-7bf4-4256-a802-bfb56885f965|rpc:172.17.0.2:38945|priority:0], old=null, confs=<EMPTY_MAP>
2021-01-18 08:19:06,481 [pool-150-thread-1] INFO  server.RaftServerConfigKeys (ConfUtils.java:logGet(44)) - raft.server.storage.dir = [/github/workspace/mnt/ozone/hadoop-ozone/integration-test/target/test-dir/MiniOzoneClusterImpl-bdf065e3-4bf0-4703-b3e1-6acc0ac12f97/datanode-7/data/ratis] (custom)
2021-01-18 08:19:06,481 [pool-150-thread-1] INFO  server.RaftServerConfigKeys (ConfUtils.java:logGet(44)) - raft.server.log.corruption.policy = EXCEPTION (default)
2021-01-18 08:19:06,481 [pool-150-thread-1] INFO  storage.RaftStorageDirectory (RaftStorageDirectoryImpl.java:analyzeStorage(132)) - The storage directory /github/workspace/mnt/ozone/hadoop-ozone/integration-test/target/test-dir/MiniOzoneClusterImpl-bdf065e3-4bf0-4703-b3e1-6acc0ac12f97/datanode-7/data/ratis/659d2e65-2586-4cea-915f-5540915249f5 does not exist. Creating ...
2021-01-18 08:19:06,482 [Command processor thread] INFO  server.RaftServer (RaftServerProxy.java:addNew(95)) - 98a8f6bd-fbb9-4a8e-a9ec-8fb646ec091b: addNew group-5540915249F5:[bc9cf250-f2f7-4763-83b2-e84831211d15|rpc:172.17.0.2:33353|priority:1, 98a8f6bd-fbb9-4a8e-a9ec-8fb646ec091b|rpc:172.17.0.2:45967|priority:0, 852a0b0b-7bf4-4256-a802-bfb56885f965|rpc:172.17.0.2:38945|priority:0] returns group-5540915249F5:java.util.concurrent.CompletableFuture@258ae170[Not completed]
2021-01-18 08:19:06,482 [pool-166-thread-1] INFO  server.RaftServer$Division (RaftServerImpl.java:setRole(283)) - 852a0b0b-7bf4-4256-a802-bfb56885f965@group-5540915249F5: changes role from      null to FOLLOWER at term 0 for startAsFollower
2021-01-18 08:19:06,482 [pool-166-thread-1] INFO  impl.RoleInfo (RoleInfo.java:updateAndGet(130)) - 852a0b0b-7bf4-4256-a802-bfb56885f965: start 852a0b0b-7bf4-4256-a802-bfb56885f965@group-5540915249F5-FollowerState
2021-01-18 08:19:06,482 [pool-134-thread-1] INFO  server.RaftServer$Division (RaftServerImpl.java:<init>(179)) - 98a8f6bd-fbb9-4a8e-a9ec-8fb646ec091b: new RaftServerImpl for group-5540915249F5:[bc9cf250-f2f7-4763-83b2-e84831211d15|rpc:172.17.0.2:33353|priority:1, 98a8f6bd-fbb9-4a8e-a9ec-8fb646ec091b|rpc:172.17.0.2:45967|priority:0, 852a0b0b-7bf4-4256-a802-bfb56885f965|rpc:172.17.0.2:38945|priority:0] with ContainerStateMachine:uninitialized
2021-01-18 08:19:06,482 [pool-134-thread-1] INFO  server.RaftServerConfigKeys (ConfUtils.java:logGet(44)) - raft.server.rpc.timeout.min = 5s (custom)
2021-01-18 08:19:06,482 [pool-134-thread-1] INFO  server.RaftServerConfigKeys (ConfUtils.java:logGet(44)) - raft.server.rpc.timeout.max = 5200ms (custom)
2021-01-18 08:19:06,483 [pool-134-thread-1] INFO  server.RaftServerConfigKeys (ConfUtils.java:logGet(44)) - raft.server.rpc.sleep.time = 25ms (default)
2021-01-18 08:19:06,483 [pool-134-thread-1] INFO  server.RaftServerConfigKeys (ConfUtils.java:logGet(44)) - raft.server.rpc.slowness.timeout = 300000ms (custom)
2021-01-18 08:19:06,483 [pool-134-thread-1] INFO  server.RaftServerConfigKeys (ConfUtils.java:logGet(44)) - raft.server.leaderelection.leader.step-down.wait-time = 10s (default)
2021-01-18 08:19:06,483 [pool-134-thread-1] INFO  server.RaftServerConfigKeys (ConfUtils.java:logGet(44)) - raft.server.sleep.deviation.threshold = 300ms (default)
2021-01-18 08:19:06,483 [pool-134-thread-1] INFO  server.RaftServerConfigKeys (ConfUtils.java:logGet(44)) - raft.server.log.appender.install.snapshot.enabled = false (custom)
2021-01-18 08:19:06,483 [pool-134-thread-1] INFO  server.RaftServer$Division (ServerState.java:<init>(103)) - 98a8f6bd-fbb9-4a8e-a9ec-8fb646ec091b@group-5540915249F5: ConfigurationManager, init=-1: [bc9cf250-f2f7-4763-83b2-e84831211d15|rpc:172.17.0.2:33353|priority:1, 98a8f6bd-fbb9-4a8e-a9ec-8fb646ec091b|rpc:172.17.0.2:45967|priority:0, 852a0b0b-7bf4-4256-a802-bfb56885f965|rpc:172.17.0.2:38945|priority:0], old=null, confs=<EMPTY_MAP>
2021-01-18 08:19:06,483 [pool-134-thread-1] INFO  server.RaftServerConfigKeys (ConfUtils.java:logGet(44)) - raft.server.storage.dir = [/github/workspace/mnt/ozone/hadoop-ozone/integration-test/target/test-dir/MiniOzoneClusterImpl-bdf065e3-4bf0-4703-b3e1-6acc0ac12f97/datanode-6/data/ratis] (custom)
2021-01-18 08:19:06,483 [pool-134-thread-1] INFO  server.RaftServerConfigKeys (ConfUtils.java:logGet(44)) - raft.server.log.corruption.policy = EXCEPTION (default)
2021-01-18 08:19:06,483 [pool-134-thread-1] INFO  storage.RaftStorageDirectory (RaftStorageDirectoryImpl.java:analyzeStorage(132)) - The storage directory /github/workspace/mnt/ozone/hadoop-ozone/integration-test/target/test-dir/MiniOzoneClusterImpl-bdf065e3-4bf0-4703-b3e1-6acc0ac12f97/datanode-6/data/ratis/659d2e65-2586-4cea-915f-5540915249f5 does not exist. Creating ...
2021-01-18 08:19:06,486 [pool-150-thread-1] INFO  storage.RaftStorageDirectory (RaftStorageDirectoryImpl.java:tryLock(215)) - Lock on /github/workspace/mnt/ozone/hadoop-ozone/integration-test/target/test-dir/MiniOzoneClusterImpl-bdf065e3-4bf0-4703-b3e1-6acc0ac12f97/datanode-7/data/ratis/659d2e65-2586-4cea-915f-5540915249f5/in_use.lock acquired by nodename 32076@dc3504268712
2021-01-18 08:19:06,487 [pool-134-thread-1] INFO  storage.RaftStorageDirectory (RaftStorageDirectoryImpl.java:tryLock(215)) - Lock on /github/workspace/mnt/ozone/hadoop-ozone/integration-test/target/test-dir/MiniOzoneClusterImpl-bdf065e3-4bf0-4703-b3e1-6acc0ac12f97/datanode-6/data/ratis/659d2e65-2586-4cea-915f-5540915249f5/in_use.lock acquired by nodename 32076@dc3504268712
2021-01-18 08:19:06,487 [pool-134-thread-1] INFO  storage.RaftStorage (RaftStorageImpl.java:format(87)) - Storage directory /github/workspace/mnt/ozone/hadoop-ozone/integration-test/target/test-dir/MiniOzoneClusterImpl-bdf065e3-4bf0-4703-b3e1-6acc0ac12f97/datanode-6/data/ratis/659d2e65-2586-4cea-915f-5540915249f5 has been successfully formatted.
2021-01-18 08:19:06,488 [pool-150-thread-1] INFO  storage.RaftStorage (RaftStorageImpl.java:format(87)) - Storage directory /github/workspace/mnt/ozone/hadoop-ozone/integration-test/target/test-dir/MiniOzoneClusterImpl-bdf065e3-4bf0-4703-b3e1-6acc0ac12f97/datanode-7/data/ratis/659d2e65-2586-4cea-915f-5540915249f5 has been successfully formatted.
2021-01-18 08:19:06,489 [EventQueue-OpenPipelineForHealthyPipelineSafeModeRule] INFO  safemode.SCMSafeModeManager (HealthyPipelineSafeModeRule.java:process(128)) - SCM in safe mode. Healthy pipelines reported count is 0, required healthy pipeline reported count is 1
2021-01-18 08:19:06,489 [EventQueue-PipelineReportForOneReplicaPipelineSafeModeRule] INFO  safemode.SCMSafeModeManager (SCMSafeModeManager.java:validateSafeModeExitRules(214)) - AtleastOneDatanodeReportedRule rule is successfully validated
2021-01-18 08:19:06,493 [pool-150-thread-1] INFO  ratis.ContainerStateMachine (ContainerStateMachine.java:loadSnapshot(223)) - group-5540915249F5: The snapshot info is null. Setting the last applied indexto:(t:0, i:~)
2021-01-18 08:19:06,493 [pool-166-thread-1] INFO  util.JmxRegister (JmxRegister.java:tryRegister(44)) - Successfully registered JMX Bean with object name Ratis:service=RaftServer,group=group-5540915249F5,id=852a0b0b-7bf4-4256-a802-bfb56885f965
2021-01-18 08:19:06,493 [pool-166-thread-1] INFO  metrics.RatisMetrics (RatisMetrics.java:lambda$create$0(36)) - Creating Metrics Registry : ratis.state_machine.852a0b0b-7bf4-4256-a802-bfb56885f965@group-5540915249F5
2021-01-18 08:19:06,493 [pool-150-thread-1] ERROR storage.RaftStorage (RaftStorageImpl.java:readRaftConfiguration(147)) - Failed reading configuration from file:/github/workspace/mnt/ozone/hadoop-ozone/integration-test/target/test-dir/MiniOzoneClusterImpl-bdf065e3-4bf0-4703-b3e1-6acc0ac12f97/datanode-7/data/ratis/659d2e65-2586-4cea-915f-5540915249f5/current/raft-meta.conf
java.io.FileNotFoundException: /github/workspace/mnt/ozone/hadoop-ozone/integration-test/target/test-dir/MiniOzoneClusterImpl-bdf065e3-4bf0-4703-b3e1-6acc0ac12f97/datanode-7/data/ratis/659d2e65-2586-4cea-915f-5540915249f5/current/raft-meta.conf (No such file or directory)
	at java.io.FileInputStream.open0(Native Method)
	at java.io.FileInputStream.open(FileInputStream.java:195)
	at java.io.FileInputStream.<init>(FileInputStream.java:138)
	at org.apache.ratis.server.storage.RaftStorageImpl.readRaftConfiguration(RaftStorageImpl.java:143)
	at org.apache.ratis.server.impl.ServerState.<init>(ServerState.java:113)
	at org.apache.ratis.server.impl.RaftServerImpl.<init>(RaftServerImpl.java:192)
	at org.apache.ratis.server.impl.RaftServerProxy.lambda$newRaftServerImpl$4(RaftServerProxy.java:266)
	at java.util.concurrent.CompletableFuture$AsyncSupply.run(CompletableFuture.java:1604)
	at java.util.concurrent.ThreadPoolExecutor.runWorker(ThreadPoolExecutor.java:1149)
	at java.util.concurrent.ThreadPoolExecutor$Worker.run(ThreadPoolExecutor.java:624)
	at java.lang.Thread.run(Thread.java:748)
2021-01-18 08:19:06,494 [pool-150-thread-1] INFO  server.RaftServerConfigKeys (ConfUtils.java:logGet(44)) - raft.server.notification.no-leader.timeout = 300000ms (custom)
2021-01-18 08:19:06,495 [pool-150-thread-1] INFO  server.RaftServerConfigKeys (ConfUtils.java:logGet(44)) - raft.server.log.use.memory = false (default)
2021-01-18 08:19:06,495 [pool-150-thread-1] INFO  server.RaftServerConfigKeys (ConfUtils.java:logGet(44)) - raft.server.log.purge.gap = 1000000 (custom)
2021-01-18 08:19:06,495 [pool-150-thread-1] INFO  server.RaftServerConfigKeys (ConfUtils.java:logGet(44)) - raft.server.log.appender.buffer.byte-limit = 33554432 (custom)
2021-01-18 08:19:06,495 [pool-150-thread-1] INFO  metrics.RatisMetrics (RatisMetrics.java:lambda$create$0(36)) - Creating Metrics Registry : ratis.log_worker.bc9cf250-f2f7-4763-83b2-e84831211d15@group-5540915249F5
2021-01-18 08:19:06,493 [pool-134-thread-1] INFO  ratis.ContainerStateMachine (ContainerStateMachine.java:loadSnapshot(223)) - group-5540915249F5: The snapshot info is null. Setting the last applied indexto:(t:0, i:~)
2021-01-18 08:19:06,495 [pool-134-thread-1] ERROR storage.RaftStorage (RaftStorageImpl.java:readRaftConfiguration(147)) - Failed reading configuration from file:/github/workspace/mnt/ozone/hadoop-ozone/integration-test/target/test-dir/MiniOzoneClusterImpl-bdf065e3-4bf0-4703-b3e1-6acc0ac12f97/datanode-6/data/ratis/659d2e65-2586-4cea-915f-5540915249f5/current/raft-meta.conf
java.io.FileNotFoundException: /github/workspace/mnt/ozone/hadoop-ozone/integration-test/target/test-dir/MiniOzoneClusterImpl-bdf065e3-4bf0-4703-b3e1-6acc0ac12f97/datanode-6/data/ratis/659d2e65-2586-4cea-915f-5540915249f5/current/raft-meta.conf (No such file or directory)
	at java.io.FileInputStream.open0(Native Method)
	at java.io.FileInputStream.open(FileInputStream.java:195)
	at java.io.FileInputStream.<init>(FileInputStream.java:138)
	at org.apache.ratis.server.storage.RaftStorageImpl.readRaftConfiguration(RaftStorageImpl.java:143)
	at org.apache.ratis.server.impl.ServerState.<init>(ServerState.java:113)
	at org.apache.ratis.server.impl.RaftServerImpl.<init>(RaftServerImpl.java:192)
	at org.apache.ratis.server.impl.RaftServerProxy.lambda$newRaftServerImpl$4(RaftServerProxy.java:266)
	at java.util.concurrent.CompletableFuture$AsyncSupply.run(CompletableFuture.java:1604)
	at java.util.concurrent.ThreadPoolExecutor.runWorker(ThreadPoolExecutor.java:1149)
	at java.util.concurrent.ThreadPoolExecutor$Worker.run(ThreadPoolExecutor.java:624)
	at java.lang.Thread.run(Thread.java:748)
2021-01-18 08:19:06,495 [pool-134-thread-1] INFO  server.RaftServerConfigKeys (ConfUtils.java:logGet(44)) - raft.server.notification.no-leader.timeout = 300000ms (custom)
2021-01-18 08:19:06,495 [pool-134-thread-1] INFO  server.RaftServerConfigKeys (ConfUtils.java:logGet(44)) - raft.server.log.use.memory = false (default)
2021-01-18 08:19:06,495 [pool-134-thread-1] INFO  server.RaftServerConfigKeys (ConfUtils.java:logGet(44)) - raft.server.log.purge.gap = 1000000 (custom)
2021-01-18 08:19:06,495 [pool-134-thread-1] INFO  server.RaftServerConfigKeys (ConfUtils.java:logGet(44)) - raft.server.log.appender.buffer.byte-limit = 33554432 (custom)
2021-01-18 08:19:06,495 [pool-134-thread-1] INFO  metrics.RatisMetrics (RatisMetrics.java:lambda$create$0(36)) - Creating Metrics Registry : ratis.log_worker.98a8f6bd-fbb9-4a8e-a9ec-8fb646ec091b@group-5540915249F5
2021-01-18 08:19:06,496 [EventQueue-OpenPipelineForHealthyPipelineSafeModeRule] INFO  safemode.SCMSafeModeManager (HealthyPipelineSafeModeRule.java:process(128)) - SCM in safe mode. Healthy pipelines reported count is 0, required healthy pipeline reported count is 1
2021-01-18 08:19:06,496 [EventQueue-PipelineReportForOneReplicaPipelineSafeModeRule] INFO  safemode.SCMSafeModeManager (SCMSafeModeManager.java:validateSafeModeExitRules(214)) - AtleastOneDatanodeReportedRule rule is successfully validated
2021-01-18 08:19:06,497 [EventQueue-OpenPipelineForHealthyPipelineSafeModeRule] INFO  safemode.SCMSafeModeManager (HealthyPipelineSafeModeRule.java:process(128)) - SCM in safe mode. Healthy pipelines reported count is 0, required healthy pipeline reported count is 1
2021-01-18 08:19:06,497 [EventQueue-PipelineReportForOneReplicaPipelineSafeModeRule] INFO  safemode.SCMSafeModeManager (SCMSafeModeManager.java:validateSafeModeExitRules(214)) - AtleastOneDatanodeReportedRule rule is successfully validated
2021-01-18 08:19:06,497 [pool-134-thread-1] INFO  server.RaftServerConfigKeys (ConfUtils.java:logGet(44)) - raft.server.log.segment.size.max = 1048576 (custom)
2021-01-18 08:19:06,498 [pool-134-thread-1] INFO  server.RaftServerConfigKeys (ConfUtils.java:logGet(44)) - raft.server.log.segment.cache.num.max = 2 (custom)
2021-01-18 08:19:06,498 [pool-134-thread-1] INFO  server.RaftServerConfigKeys (ConfUtils.java:logGet(44)) - raft.server.log.segment.cache.size.max = 200MB (=209715200) (default)
2021-01-18 08:19:06,498 [pool-134-thread-1] INFO  segmented.SegmentedRaftLogWorker (SegmentedRaftLogWorker.java:<init>(181)) - new 98a8f6bd-fbb9-4a8e-a9ec-8fb646ec091b@group-5540915249F5-SegmentedRaftLogWorker for RaftStorageImpl:Storage Directory /github/workspace/mnt/ozone/hadoop-ozone/integration-test/target/test-dir/MiniOzoneClusterImpl-bdf065e3-4bf0-4703-b3e1-6acc0ac12f97/datanode-6/data/ratis/659d2e65-2586-4cea-915f-5540915249f5
2021-01-18 08:19:06,498 [pool-134-thread-1] INFO  server.RaftServerConfigKeys (ConfUtils.java:logGet(44)) - raft.server.log.queue.byte-limit = 2147483647 (custom)
2021-01-18 08:19:06,498 [pool-134-thread-1] INFO  server.RaftServerConfigKeys (ConfUtils.java:logGet(44)) - raft.server.log.queue.element-limit = 1024 (custom)
2021-01-18 08:19:06,498 [pool-134-thread-1] INFO  server.RaftServerConfigKeys (ConfUtils.java:logGet(44)) - raft.server.log.segment.size.max = 1048576 (custom)
2021-01-18 08:19:06,498 [pool-134-thread-1] INFO  server.RaftServerConfigKeys (ConfUtils.java:logGet(44)) - raft.server.log.preallocated.size = 16384 (custom)
2021-01-18 08:19:06,498 [pool-134-thread-1] INFO  server.RaftServerConfigKeys (ConfUtils.java:logGet(44)) - raft.server.log.force.sync.num = 128 (default)
2021-01-18 08:19:06,498 [pool-134-thread-1] INFO  server.RaftServerConfigKeys (ConfUtils.java:logGet(44)) - raft.server.log.statemachine.data.sync = true (default)
2021-01-18 08:19:06,498 [pool-134-thread-1] INFO  server.RaftServerConfigKeys (ConfUtils.java:logGet(44)) - raft.server.log.statemachine.data.sync.timeout = 10s (default)
2021-01-18 08:19:06,498 [pool-134-thread-1] INFO  server.RaftServerConfigKeys (ConfUtils.java:logGet(44)) - raft.server.log.statemachine.data.sync.timeout.retry = -1 (default)
2021-01-18 08:19:06,498 [pool-150-thread-1] INFO  server.RaftServerConfigKeys (ConfUtils.java:logGet(44)) - raft.server.log.segment.size.max = 1048576 (custom)
2021-01-18 08:19:06,499 [pool-150-thread-1] INFO  server.RaftServerConfigKeys (ConfUtils.java:logGet(44)) - raft.server.log.segment.cache.num.max = 2 (custom)
2021-01-18 08:19:06,499 [pool-150-thread-1] INFO  server.RaftServerConfigKeys (ConfUtils.java:logGet(44)) - raft.server.log.segment.cache.size.max = 200MB (=209715200) (default)
2021-01-18 08:19:06,499 [pool-150-thread-1] INFO  segmented.SegmentedRaftLogWorker (SegmentedRaftLogWorker.java:<init>(181)) - new bc9cf250-f2f7-4763-83b2-e84831211d15@group-5540915249F5-SegmentedRaftLogWorker for RaftStorageImpl:Storage Directory /github/workspace/mnt/ozone/hadoop-ozone/integration-test/target/test-dir/MiniOzoneClusterImpl-bdf065e3-4bf0-4703-b3e1-6acc0ac12f97/datanode-7/data/ratis/659d2e65-2586-4cea-915f-5540915249f5
2021-01-18 08:19:06,499 [pool-150-thread-1] INFO  server.RaftServerConfigKeys (ConfUtils.java:logGet(44)) - raft.server.log.queue.byte-limit = 2147483647 (custom)
2021-01-18 08:19:06,499 [pool-150-thread-1] INFO  server.RaftServerConfigKeys (ConfUtils.java:logGet(44)) - raft.server.log.queue.element-limit = 1024 (custom)
2021-01-18 08:19:06,499 [pool-150-thread-1] INFO  server.RaftServerConfigKeys (ConfUtils.java:logGet(44)) - raft.server.log.segment.size.max = 1048576 (custom)
2021-01-18 08:19:06,499 [pool-150-thread-1] INFO  server.RaftServerConfigKeys (ConfUtils.java:logGet(44)) - raft.server.log.preallocated.size = 16384 (custom)
2021-01-18 08:19:06,499 [pool-150-thread-1] INFO  server.RaftServerConfigKeys (ConfUtils.java:logGet(44)) - raft.server.log.force.sync.num = 128 (default)
2021-01-18 08:19:06,499 [pool-150-thread-1] INFO  server.RaftServerConfigKeys (ConfUtils.java:logGet(44)) - raft.server.log.statemachine.data.sync = true (default)
2021-01-18 08:19:06,499 [pool-150-thread-1] INFO  server.RaftServerConfigKeys (ConfUtils.java:logGet(44)) - raft.server.log.statemachine.data.sync.timeout = 10s (default)
2021-01-18 08:19:06,499 [pool-150-thread-1] INFO  server.RaftServerConfigKeys (ConfUtils.java:logGet(44)) - raft.server.log.statemachine.data.sync.timeout.retry = -1 (default)
2021-01-18 08:19:06,503 [Command processor thread] INFO  metrics.RatisMetrics (RatisMetrics.java:lambda$create$0(36)) - Creating Metrics Registry : ratis.client_message_metrics.client-DB3D956B7D7F->bc9cf250-f2f7-4763-83b2-e84831211d15
2021-01-18 08:19:06,509 [pool-150-thread-1] INFO  server.RaftServerConfigKeys (ConfUtils.java:logGet(44)) - raft.server.log.write.buffer.size = 1048576 (custom)
2021-01-18 08:19:06,510 [pool-150-thread-1] INFO  server.RaftServerConfigKeys (ConfUtils.java:logGet(44)) - raft.server.log.statemachine.data.caching.enabled = true (custom)
2021-01-18 08:19:06,510 [pool-150-thread-1] INFO  segmented.SegmentedRaftLogWorker (SegmentedRaftLogWorker.java:lambda$new$0(132)) - bc9cf250-f2f7-4763-83b2-e84831211d15@group-5540915249F5-SegmentedRaftLogWorker: flushIndex: setUnconditionally 0 -> -1
2021-01-18 08:19:06,510 [pool-150-thread-1] INFO  segmented.SegmentedRaftLogWorker (SegmentedRaftLogWorker.java:lambda$new$0(132)) - bc9cf250-f2f7-4763-83b2-e84831211d15@group-5540915249F5-SegmentedRaftLogWorker: safeCacheEvictIndex: setUnconditionally 0 -> -1
2021-01-18 08:19:06,512 [pool-150-thread-1] INFO  server.RaftServerConfigKeys (ConfUtils.java:logGet(44)) - raft.server.snapshot.auto.trigger.enabled = true (custom)
2021-01-18 08:19:06,512 [pool-150-thread-1] INFO  server.RaftServerConfigKeys (ConfUtils.java:logGet(44)) - raft.server.snapshot.auto.trigger.threshold = 1 (custom)
2021-01-18 08:19:06,512 [pool-150-thread-1] INFO  server.RaftServerConfigKeys (ConfUtils.java:logGet(44)) - raft.server.snapshot.retention.file.num = 5 (custom)
2021-01-18 08:19:06,512 [pool-150-thread-1] INFO  server.RaftServerConfigKeys (ConfUtils.java:logGet(44)) - raft.server.log.purge.upto.snapshot.index = false (default)
2021-01-18 08:19:06,512 [pool-150-thread-1] INFO  server.RaftServerConfigKeys (ConfUtils.java:logGet(44)) - raft.server.retrycache.expirytime = 600000ms (custom)
2021-01-18 08:19:06,513 [pool-150-thread-1] INFO  server.RaftServerConfigKeys (ConfUtils.java:logGet(44)) - raft.server.retrycache.statistics.expirytime = 100?s (default)
2021-01-18 08:19:06,513 [pool-150-thread-1] INFO  metrics.RatisMetrics (RatisMetrics.java:lambda$create$0(36)) - Creating Metrics Registry : ratis.leader_election.bc9cf250-f2f7-4763-83b2-e84831211d15@group-5540915249F5
2021-01-18 08:19:06,517 [pool-134-thread-1] INFO  server.RaftServerConfigKeys (ConfUtils.java:logGet(44)) - raft.server.log.write.buffer.size = 1048576 (custom)
2021-01-18 08:19:06,517 [pool-134-thread-1] INFO  server.RaftServerConfigKeys (ConfUtils.java:logGet(44)) - raft.server.log.statemachine.data.caching.enabled = true (custom)
2021-01-18 08:19:06,517 [pool-134-thread-1] INFO  segmented.SegmentedRaftLogWorker (SegmentedRaftLogWorker.java:lambda$new$0(132)) - 98a8f6bd-fbb9-4a8e-a9ec-8fb646ec091b@group-5540915249F5-SegmentedRaftLogWorker: flushIndex: setUnconditionally 0 -> -1
2021-01-18 08:19:06,517 [pool-134-thread-1] INFO  segmented.SegmentedRaftLogWorker (SegmentedRaftLogWorker.java:lambda$new$0(132)) - 98a8f6bd-fbb9-4a8e-a9ec-8fb646ec091b@group-5540915249F5-SegmentedRaftLogWorker: safeCacheEvictIndex: setUnconditionally 0 -> -1
2021-01-18 08:19:06,518 [pool-134-thread-1] INFO  server.RaftServerConfigKeys (ConfUtils.java:logGet(44)) - raft.server.snapshot.auto.trigger.enabled = true (custom)
2021-01-18 08:19:06,518 [pool-134-thread-1] INFO  server.RaftServerConfigKeys (ConfUtils.java:logGet(44)) - raft.server.snapshot.auto.trigger.threshold = 1 (custom)
2021-01-18 08:19:06,518 [pool-134-thread-1] INFO  server.RaftServerConfigKeys (ConfUtils.java:logGet(44)) - raft.server.snapshot.retention.file.num = 5 (custom)
2021-01-18 08:19:06,518 [pool-134-thread-1] INFO  server.RaftServerConfigKeys (ConfUtils.java:logGet(44)) - raft.server.log.purge.upto.snapshot.index = false (default)
2021-01-18 08:19:06,518 [pool-134-thread-1] INFO  server.RaftServerConfigKeys (ConfUtils.java:logGet(44)) - raft.server.retrycache.expirytime = 600000ms (custom)
2021-01-18 08:19:06,518 [pool-134-thread-1] INFO  server.RaftServerConfigKeys (ConfUtils.java:logGet(44)) - raft.server.retrycache.statistics.expirytime = 100?s (default)
2021-01-18 08:19:06,518 [pool-134-thread-1] INFO  metrics.RatisMetrics (RatisMetrics.java:lambda$create$0(36)) - Creating Metrics Registry : ratis.leader_election.98a8f6bd-fbb9-4a8e-a9ec-8fb646ec091b@group-5540915249F5
2021-01-18 08:19:06,518 [pool-134-thread-1] INFO  metrics.RatisMetrics (RatisMetrics.java:lambda$create$0(36)) - Creating Metrics Registry : ratis.server.98a8f6bd-fbb9-4a8e-a9ec-8fb646ec091b@group-5540915249F5
2021-01-18 08:19:06,519 [pool-134-thread-1] INFO  server.RaftServer$Division (RaftServerImpl.java:start(294)) - 98a8f6bd-fbb9-4a8e-a9ec-8fb646ec091b@group-5540915249F5: start as a follower, conf=-1: [bc9cf250-f2f7-4763-83b2-e84831211d15|rpc:172.17.0.2:33353|priority:1, 98a8f6bd-fbb9-4a8e-a9ec-8fb646ec091b|rpc:172.17.0.2:45967|priority:0, 852a0b0b-7bf4-4256-a802-bfb56885f965|rpc:172.17.0.2:38945|priority:0], old=null
2021-01-18 08:19:06,519 [pool-134-thread-1] INFO  server.RaftServer$Division (RaftServerImpl.java:setRole(283)) - 98a8f6bd-fbb9-4a8e-a9ec-8fb646ec091b@group-5540915249F5: changes role from      null to FOLLOWER at term 0 for startAsFollower
2021-01-18 08:19:06,519 [pool-134-thread-1] INFO  impl.RoleInfo (RoleInfo.java:updateAndGet(130)) - 98a8f6bd-fbb9-4a8e-a9ec-8fb646ec091b: start 98a8f6bd-fbb9-4a8e-a9ec-8fb646ec091b@group-5540915249F5-FollowerState
2021-01-18 08:19:06,519 [pool-134-thread-1] INFO  util.JmxRegister (JmxRegister.java:tryRegister(44)) - Successfully registered JMX Bean with object name Ratis:service=RaftServer,group=group-5540915249F5,id=98a8f6bd-fbb9-4a8e-a9ec-8fb646ec091b
2021-01-18 08:19:06,519 [pool-134-thread-1] INFO  metrics.RatisMetrics (RatisMetrics.java:lambda$create$0(36)) - Creating Metrics Registry : ratis.state_machine.98a8f6bd-fbb9-4a8e-a9ec-8fb646ec091b@group-5540915249F5
2021-01-18 08:19:06,521 [Command processor thread] INFO  metrics.RatisMetrics (RatisMetrics.java:lambda$create$0(36)) - Creating Metrics Registry : ratis.client_message_metrics.client-F9731A6617D8->852a0b0b-7bf4-4256-a802-bfb56885f965
2021-01-18 08:19:06,521 [pool-150-thread-1] INFO  metrics.RatisMetrics (RatisMetrics.java:lambda$create$0(36)) - Creating Metrics Registry : ratis.server.bc9cf250-f2f7-4763-83b2-e84831211d15@group-5540915249F5
2021-01-18 08:19:06,522 [pool-150-thread-1] INFO  server.RaftServer$Division (RaftServerImpl.java:start(294)) - bc9cf250-f2f7-4763-83b2-e84831211d15@group-5540915249F5: start as a follower, conf=-1: [bc9cf250-f2f7-4763-83b2-e84831211d15|rpc:172.17.0.2:33353|priority:1, 98a8f6bd-fbb9-4a8e-a9ec-8fb646ec091b|rpc:172.17.0.2:45967|priority:0, 852a0b0b-7bf4-4256-a802-bfb56885f965|rpc:172.17.0.2:38945|priority:0], old=null
2021-01-18 08:19:06,522 [pool-150-thread-1] INFO  server.RaftServer$Division (RaftServerImpl.java:setRole(283)) - bc9cf250-f2f7-4763-83b2-e84831211d15@group-5540915249F5: changes role from      null to FOLLOWER at term 0 for startAsFollower
2021-01-18 08:19:06,522 [pool-150-thread-1] INFO  impl.RoleInfo (RoleInfo.java:updateAndGet(130)) - bc9cf250-f2f7-4763-83b2-e84831211d15: start bc9cf250-f2f7-4763-83b2-e84831211d15@group-5540915249F5-FollowerState
2021-01-18 08:19:06,525 [pool-150-thread-1] INFO  util.JmxRegister (JmxRegister.java:tryRegister(44)) - Successfully registered JMX Bean with object name Ratis:service=RaftServer,group=group-5540915249F5,id=bc9cf250-f2f7-4763-83b2-e84831211d15
2021-01-18 08:19:06,525 [pool-150-thread-1] INFO  metrics.RatisMetrics (RatisMetrics.java:lambda$create$0(36)) - Creating Metrics Registry : ratis.state_machine.bc9cf250-f2f7-4763-83b2-e84831211d15@group-5540915249F5
2021-01-18 08:19:06,526 [Command processor thread] INFO  commandhandler.CreatePipelineCommandHandler (CreatePipelineCommandHandler.java:handle(106)) - Created Pipeline RATIS THREE PipelineID=1f245b7e-afac-401e-9eed-40c8f8f876ab.
2021-01-18 08:19:06,526 [Command processor thread] INFO  metrics.RatisMetrics (RatisMetrics.java:lambda$create$0(36)) - Creating Metrics Registry : ratis.client_message_metrics.client-7D977B5D5CE7->852a0b0b-7bf4-4256-a802-bfb56885f965
2021-01-18 08:19:06,534 [Command processor thread] INFO  commandhandler.CreatePipelineCommandHandler (CreatePipelineCommandHandler.java:handle(106)) - Created Pipeline RATIS THREE PipelineID=1f245b7e-afac-401e-9eed-40c8f8f876ab.
2021-01-18 08:19:06,555 [EventQueue-OpenPipelineForHealthyPipelineSafeModeRule] INFO  safemode.SCMSafeModeManager (HealthyPipelineSafeModeRule.java:process(128)) - SCM in safe mode. Healthy pipelines reported count is 0, required healthy pipeline reported count is 1
2021-01-18 08:19:06,555 [EventQueue-PipelineReportForOneReplicaPipelineSafeModeRule] INFO  safemode.SCMSafeModeManager (SCMSafeModeManager.java:validateSafeModeExitRules(214)) - AtleastOneDatanodeReportedRule rule is successfully validated
2021-01-18 08:19:06,566 [Command processor thread] INFO  metrics.RatisMetrics (RatisMetrics.java:lambda$create$0(36)) - Creating Metrics Registry : ratis.client_message_metrics.client-4A1A0196EB25->98a8f6bd-fbb9-4a8e-a9ec-8fb646ec091b
2021-01-18 08:19:06,568 [Command processor thread] INFO  metrics.RatisMetrics (RatisMetrics.java:lambda$create$0(36)) - Creating Metrics Registry : ratis.client_message_metrics.client-810F391B4065->bc9cf250-f2f7-4763-83b2-e84831211d15
2021-01-18 08:19:06,576 [Command processor thread] INFO  metrics.RatisMetrics (RatisMetrics.java:lambda$create$0(36)) - Creating Metrics Registry : ratis.client_message_metrics.client-4DB88E1FDCBB->98a8f6bd-fbb9-4a8e-a9ec-8fb646ec091b
2021-01-18 08:19:06,579 [EventQueue-OpenPipelineForHealthyPipelineSafeModeRule] INFO  safemode.SCMSafeModeManager (HealthyPipelineSafeModeRule.java:process(128)) - SCM in safe mode. Healthy pipelines reported count is 0, required healthy pipeline reported count is 1
2021-01-18 08:19:06,579 [EventQueue-PipelineReportForOneReplicaPipelineSafeModeRule] INFO  safemode.SCMSafeModeManager (SCMSafeModeManager.java:validateSafeModeExitRules(214)) - AtleastOneDatanodeReportedRule rule is successfully validated
2021-01-18 08:19:06,597 [Command processor thread] INFO  commandhandler.CreatePipelineCommandHandler (CreatePipelineCommandHandler.java:handle(106)) - Created Pipeline RATIS THREE PipelineID=659d2e65-2586-4cea-915f-5540915249f5.
2021-01-18 08:19:06,599 [Command processor thread] INFO  commandhandler.CreatePipelineCommandHandler (CreatePipelineCommandHandler.java:handle(106)) - Created Pipeline RATIS THREE PipelineID=659d2e65-2586-4cea-915f-5540915249f5.
2021-01-18 08:19:06,601 [EventQueue-PipelineReportForOneReplicaPipelineSafeModeRule] INFO  safemode.SCMSafeModeManager (SCMSafeModeManager.java:validateSafeModeExitRules(214)) - AtleastOneDatanodeReportedRule rule is successfully validated
2021-01-18 08:19:06,601 [EventQueue-OpenPipelineForHealthyPipelineSafeModeRule] INFO  safemode.SCMSafeModeManager (HealthyPipelineSafeModeRule.java:process(128)) - SCM in safe mode. Healthy pipelines reported count is 0, required healthy pipeline reported count is 1
2021-01-18 08:19:06,605 [EventQueue-PipelineReportForOneReplicaPipelineSafeModeRule] INFO  safemode.SCMSafeModeManager (SCMSafeModeManager.java:validateSafeModeExitRules(214)) - AtleastOneDatanodeReportedRule rule is successfully validated
2021-01-18 08:19:06,606 [EventQueue-OpenPipelineForHealthyPipelineSafeModeRule] INFO  safemode.SCMSafeModeManager (HealthyPipelineSafeModeRule.java:process(128)) - SCM in safe mode. Healthy pipelines reported count is 0, required healthy pipeline reported count is 1
2021-01-18 08:19:06,606 [Command processor thread] INFO  commandhandler.CreatePipelineCommandHandler (CreatePipelineCommandHandler.java:handle(106)) - Created Pipeline RATIS THREE PipelineID=659d2e65-2586-4cea-915f-5540915249f5.
2021-01-18 08:19:06,610 [EventQueue-PipelineReportForOneReplicaPipelineSafeModeRule] INFO  safemode.SCMSafeModeManager (SCMSafeModeManager.java:validateSafeModeExitRules(214)) - AtleastOneDatanodeReportedRule rule is successfully validated
2021-01-18 08:19:06,610 [EventQueue-OpenPipelineForHealthyPipelineSafeModeRule] INFO  safemode.SCMSafeModeManager (HealthyPipelineSafeModeRule.java:process(128)) - SCM in safe mode. Healthy pipelines reported count is 0, required healthy pipeline reported count is 1
2021-01-18 08:19:06,653 [EventQueue-PipelineReportForOneReplicaPipelineSafeModeRule] INFO  safemode.SCMSafeModeManager (SCMSafeModeManager.java:validateSafeModeExitRules(214)) - AtleastOneDatanodeReportedRule rule is successfully validated
2021-01-18 08:19:06,653 [EventQueue-OpenPipelineForHealthyPipelineSafeModeRule] INFO  safemode.SCMSafeModeManager (HealthyPipelineSafeModeRule.java:process(128)) - SCM in safe mode. Healthy pipelines reported count is 0, required healthy pipeline reported count is 1
2021-01-18 08:19:06,662 [EventQueue-OpenPipelineForHealthyPipelineSafeModeRule] INFO  safemode.SCMSafeModeManager (HealthyPipelineSafeModeRule.java:process(128)) - SCM in safe mode. Healthy pipelines reported count is 0, required healthy pipeline reported count is 1
2021-01-18 08:19:06,662 [EventQueue-PipelineReportForOneReplicaPipelineSafeModeRule] INFO  safemode.SCMSafeModeManager (SCMSafeModeManager.java:validateSafeModeExitRules(214)) - AtleastOneDatanodeReportedRule rule is successfully validated
2021-01-18 08:19:06,689 [EventQueue-PipelineReportForOneReplicaPipelineSafeModeRule] INFO  safemode.SCMSafeModeManager (SCMSafeModeManager.java:validateSafeModeExitRules(214)) - AtleastOneDatanodeReportedRule rule is successfully validated
2021-01-18 08:19:06,689 [EventQueue-OpenPipelineForHealthyPipelineSafeModeRule] INFO  safemode.SCMSafeModeManager (HealthyPipelineSafeModeRule.java:process(128)) - SCM in safe mode. Healthy pipelines reported count is 0, required healthy pipeline reported count is 1
2021-01-18 08:19:06,695 [EventQueue-PipelineReportForOneReplicaPipelineSafeModeRule] INFO  safemode.SCMSafeModeManager (SCMSafeModeManager.java:validateSafeModeExitRules(214)) - AtleastOneDatanodeReportedRule rule is successfully validated
2021-01-18 08:19:06,695 [EventQueue-OpenPipelineForHealthyPipelineSafeModeRule] INFO  safemode.SCMSafeModeManager (HealthyPipelineSafeModeRule.java:process(128)) - SCM in safe mode. Healthy pipelines reported count is 0, required healthy pipeline reported count is 1
2021-01-18 08:19:06,696 [EventQueue-OpenPipelineForHealthyPipelineSafeModeRule] INFO  safemode.SCMSafeModeManager (HealthyPipelineSafeModeRule.java:process(128)) - SCM in safe mode. Healthy pipelines reported count is 0, required healthy pipeline reported count is 1
2021-01-18 08:19:06,696 [EventQueue-PipelineReportForOneReplicaPipelineSafeModeRule] INFO  safemode.SCMSafeModeManager (SCMSafeModeManager.java:validateSafeModeExitRules(214)) - AtleastOneDatanodeReportedRule rule is successfully validated
2021-01-18 08:19:06,755 [EventQueue-PipelineReportForOneReplicaPipelineSafeModeRule] INFO  safemode.SCMSafeModeManager (SCMSafeModeManager.java:validateSafeModeExitRules(214)) - AtleastOneDatanodeReportedRule rule is successfully validated
2021-01-18 08:19:06,755 [EventQueue-OpenPipelineForHealthyPipelineSafeModeRule] INFO  safemode.SCMSafeModeManager (HealthyPipelineSafeModeRule.java:process(128)) - SCM in safe mode. Healthy pipelines reported count is 0, required healthy pipeline reported count is 1
2021-01-18 08:19:06,778 [EventQueue-PipelineReportForOneReplicaPipelineSafeModeRule] INFO  safemode.SCMSafeModeManager (SCMSafeModeManager.java:validateSafeModeExitRules(214)) - AtleastOneDatanodeReportedRule rule is successfully validated
2021-01-18 08:19:06,778 [EventQueue-OpenPipelineForHealthyPipelineSafeModeRule] INFO  safemode.SCMSafeModeManager (HealthyPipelineSafeModeRule.java:process(128)) - SCM in safe mode. Healthy pipelines reported count is 0, required healthy pipeline reported count is 1
2021-01-18 08:19:06,801 [EventQueue-PipelineReportForOneReplicaPipelineSafeModeRule] INFO  safemode.SCMSafeModeManager (SCMSafeModeManager.java:validateSafeModeExitRules(214)) - AtleastOneDatanodeReportedRule rule is successfully validated
2021-01-18 08:19:06,802 [EventQueue-OpenPipelineForHealthyPipelineSafeModeRule] INFO  safemode.SCMSafeModeManager (HealthyPipelineSafeModeRule.java:process(128)) - SCM in safe mode. Healthy pipelines reported count is 0, required healthy pipeline reported count is 1
2021-01-18 08:19:06,805 [EventQueue-PipelineReportForOneReplicaPipelineSafeModeRule] INFO  safemode.SCMSafeModeManager (SCMSafeModeManager.java:validateSafeModeExitRules(214)) - AtleastOneDatanodeReportedRule rule is successfully validated
2021-01-18 08:19:06,805 [EventQueue-OpenPipelineForHealthyPipelineSafeModeRule] INFO  safemode.SCMSafeModeManager (HealthyPipelineSafeModeRule.java:process(128)) - SCM in safe mode. Healthy pipelines reported count is 0, required healthy pipeline reported count is 1
2021-01-18 08:19:06,810 [EventQueue-PipelineReportForOneReplicaPipelineSafeModeRule] INFO  safemode.SCMSafeModeManager (SCMSafeModeManager.java:validateSafeModeExitRules(214)) - AtleastOneDatanodeReportedRule rule is successfully validated
2021-01-18 08:19:06,810 [EventQueue-OpenPipelineForHealthyPipelineSafeModeRule] INFO  safemode.SCMSafeModeManager (HealthyPipelineSafeModeRule.java:process(128)) - SCM in safe mode. Healthy pipelines reported count is 0, required healthy pipeline reported count is 1
2021-01-18 08:19:06,853 [EventQueue-PipelineReportForOneReplicaPipelineSafeModeRule] INFO  safemode.SCMSafeModeManager (SCMSafeModeManager.java:validateSafeModeExitRules(214)) - AtleastOneDatanodeReportedRule rule is successfully validated
2021-01-18 08:19:06,854 [EventQueue-OpenPipelineForHealthyPipelineSafeModeRule] INFO  safemode.SCMSafeModeManager (HealthyPipelineSafeModeRule.java:process(128)) - SCM in safe mode. Healthy pipelines reported count is 0, required healthy pipeline reported count is 1
2021-01-18 08:19:06,862 [EventQueue-PipelineReportForOneReplicaPipelineSafeModeRule] INFO  safemode.SCMSafeModeManager (SCMSafeModeManager.java:validateSafeModeExitRules(214)) - AtleastOneDatanodeReportedRule rule is successfully validated
2021-01-18 08:19:06,862 [EventQueue-OpenPipelineForHealthyPipelineSafeModeRule] INFO  safemode.SCMSafeModeManager (HealthyPipelineSafeModeRule.java:process(128)) - SCM in safe mode. Healthy pipelines reported count is 0, required healthy pipeline reported count is 1
2021-01-18 08:19:06,890 [EventQueue-PipelineReportForOneReplicaPipelineSafeModeRule] INFO  safemode.SCMSafeModeManager (SCMSafeModeManager.java:validateSafeModeExitRules(214)) - AtleastOneDatanodeReportedRule rule is successfully validated
2021-01-18 08:19:06,890 [EventQueue-OpenPipelineForHealthyPipelineSafeModeRule] INFO  safemode.SCMSafeModeManager (HealthyPipelineSafeModeRule.java:process(128)) - SCM in safe mode. Healthy pipelines reported count is 0, required healthy pipeline reported count is 1
2021-01-18 08:19:06,896 [EventQueue-PipelineReportForOneReplicaPipelineSafeModeRule] INFO  safemode.SCMSafeModeManager (SCMSafeModeManager.java:validateSafeModeExitRules(214)) - AtleastOneDatanodeReportedRule rule is successfully validated
2021-01-18 08:19:06,896 [EventQueue-OpenPipelineForHealthyPipelineSafeModeRule] INFO  safemode.SCMSafeModeManager (HealthyPipelineSafeModeRule.java:process(128)) - SCM in safe mode. Healthy pipelines reported count is 0, required healthy pipeline reported count is 1
2021-01-18 08:19:06,897 [EventQueue-OpenPipelineForHealthyPipelineSafeModeRule] INFO  safemode.SCMSafeModeManager (HealthyPipelineSafeModeRule.java:process(128)) - SCM in safe mode. Healthy pipelines reported count is 0, required healthy pipeline reported count is 1
2021-01-18 08:19:06,897 [EventQueue-PipelineReportForOneReplicaPipelineSafeModeRule] INFO  safemode.SCMSafeModeManager (SCMSafeModeManager.java:validateSafeModeExitRules(214)) - AtleastOneDatanodeReportedRule rule is successfully validated
2021-01-18 08:19:06,954 [EventQueue-PipelineReportForOneReplicaPipelineSafeModeRule] INFO  safemode.SCMSafeModeManager (SCMSafeModeManager.java:validateSafeModeExitRules(214)) - AtleastOneDatanodeReportedRule rule is successfully validated
2021-01-18 08:19:06,954 [EventQueue-OpenPipelineForHealthyPipelineSafeModeRule] INFO  safemode.SCMSafeModeManager (HealthyPipelineSafeModeRule.java:process(128)) - SCM in safe mode. Healthy pipelines reported count is 0, required healthy pipeline reported count is 1
2021-01-18 08:19:06,978 [EventQueue-PipelineReportForOneReplicaPipelineSafeModeRule] INFO  safemode.SCMSafeModeManager (SCMSafeModeManager.java:validateSafeModeExitRules(214)) - AtleastOneDatanodeReportedRule rule is successfully validated
2021-01-18 08:19:06,979 [EventQueue-OpenPipelineForHealthyPipelineSafeModeRule] INFO  safemode.SCMSafeModeManager (HealthyPipelineSafeModeRule.java:process(128)) - SCM in safe mode. Healthy pipelines reported count is 0, required healthy pipeline reported count is 1
2021-01-18 08:19:07,001 [EventQueue-PipelineReportForOneReplicaPipelineSafeModeRule] INFO  safemode.SCMSafeModeManager (SCMSafeModeManager.java:validateSafeModeExitRules(214)) - AtleastOneDatanodeReportedRule rule is successfully validated
2021-01-18 08:19:07,001 [EventQueue-OpenPipelineForHealthyPipelineSafeModeRule] INFO  safemode.SCMSafeModeManager (HealthyPipelineSafeModeRule.java:process(128)) - SCM in safe mode. Healthy pipelines reported count is 0, required healthy pipeline reported count is 1
2021-01-18 08:19:07,005 [EventQueue-PipelineReportForOneReplicaPipelineSafeModeRule] INFO  safemode.SCMSafeModeManager (SCMSafeModeManager.java:validateSafeModeExitRules(214)) - AtleastOneDatanodeReportedRule rule is successfully validated
2021-01-18 08:19:07,005 [EventQueue-OpenPipelineForHealthyPipelineSafeModeRule] INFO  safemode.SCMSafeModeManager (HealthyPipelineSafeModeRule.java:process(128)) - SCM in safe mode. Healthy pipelines reported count is 0, required healthy pipeline reported count is 1
2021-01-18 08:19:07,010 [EventQueue-PipelineReportForOneReplicaPipelineSafeModeRule] INFO  safemode.SCMSafeModeManager (SCMSafeModeManager.java:validateSafeModeExitRules(214)) - AtleastOneDatanodeReportedRule rule is successfully validated
2021-01-18 08:19:07,010 [EventQueue-OpenPipelineForHealthyPipelineSafeModeRule] INFO  safemode.SCMSafeModeManager (HealthyPipelineSafeModeRule.java:process(128)) - SCM in safe mode. Healthy pipelines reported count is 0, required healthy pipeline reported count is 1
2021-01-18 08:19:07,053 [EventQueue-PipelineReportForOneReplicaPipelineSafeModeRule] INFO  safemode.SCMSafeModeManager (SCMSafeModeManager.java:validateSafeModeExitRules(214)) - AtleastOneDatanodeReportedRule rule is successfully validated
2021-01-18 08:19:07,053 [EventQueue-OpenPipelineForHealthyPipelineSafeModeRule] INFO  safemode.SCMSafeModeManager (HealthyPipelineSafeModeRule.java:process(128)) - SCM in safe mode. Healthy pipelines reported count is 0, required healthy pipeline reported count is 1
2021-01-18 08:19:07,062 [EventQueue-PipelineReportForOneReplicaPipelineSafeModeRule] INFO  safemode.SCMSafeModeManager (SCMSafeModeManager.java:validateSafeModeExitRules(214)) - AtleastOneDatanodeReportedRule rule is successfully validated
2021-01-18 08:19:07,063 [EventQueue-OpenPipelineForHealthyPipelineSafeModeRule] INFO  safemode.SCMSafeModeManager (HealthyPipelineSafeModeRule.java:process(128)) - SCM in safe mode. Healthy pipelines reported count is 0, required healthy pipeline reported count is 1
2021-01-18 08:19:07,071 [Listener at 127.0.0.1/45853] INFO  ozone.MiniOzoneClusterImpl (MiniOzoneClusterImpl.java:lambda$waitForClusterToBeReady$0(179)) - Nodes are ready. Got 10 of 10 DN Heartbeats.
2021-01-18 08:19:07,071 [Listener at 127.0.0.1/45853] INFO  ozone.MiniOzoneClusterImpl (MiniOzoneClusterImpl.java:lambda$waitForClusterToBeReady$0(182)) - Waiting for cluster to exit safe mode
2021-01-18 08:19:07,089 [EventQueue-PipelineReportForOneReplicaPipelineSafeModeRule] INFO  safemode.SCMSafeModeManager (SCMSafeModeManager.java:validateSafeModeExitRules(214)) - AtleastOneDatanodeReportedRule rule is successfully validated
2021-01-18 08:19:07,089 [EventQueue-OpenPipelineForHealthyPipelineSafeModeRule] INFO  safemode.SCMSafeModeManager (HealthyPipelineSafeModeRule.java:process(128)) - SCM in safe mode. Healthy pipelines reported count is 0, required healthy pipeline reported count is 1
2021-01-18 08:19:07,096 [EventQueue-PipelineReportForOneReplicaPipelineSafeModeRule] INFO  safemode.SCMSafeModeManager (SCMSafeModeManager.java:validateSafeModeExitRules(214)) - AtleastOneDatanodeReportedRule rule is successfully validated
2021-01-18 08:19:07,096 [EventQueue-OpenPipelineForHealthyPipelineSafeModeRule] INFO  safemode.SCMSafeModeManager (HealthyPipelineSafeModeRule.java:process(128)) - SCM in safe mode. Healthy pipelines reported count is 0, required healthy pipeline reported count is 1
2021-01-18 08:19:07,097 [EventQueue-PipelineReportForOneReplicaPipelineSafeModeRule] INFO  safemode.SCMSafeModeManager (SCMSafeModeManager.java:validateSafeModeExitRules(214)) - AtleastOneDatanodeReportedRule rule is successfully validated
2021-01-18 08:19:07,097 [EventQueue-OpenPipelineForHealthyPipelineSafeModeRule] INFO  safemode.SCMSafeModeManager (HealthyPipelineSafeModeRule.java:process(128)) - SCM in safe mode. Healthy pipelines reported count is 0, required healthy pipeline reported count is 1
2021-01-18 08:19:07,155 [EventQueue-OpenPipelineForHealthyPipelineSafeModeRule] INFO  safemode.SCMSafeModeManager (HealthyPipelineSafeModeRule.java:process(128)) - SCM in safe mode. Healthy pipelines reported count is 0, required healthy pipeline reported count is 1
2021-01-18 08:19:07,155 [EventQueue-PipelineReportForOneReplicaPipelineSafeModeRule] INFO  safemode.SCMSafeModeManager (SCMSafeModeManager.java:validateSafeModeExitRules(214)) - AtleastOneDatanodeReportedRule rule is successfully validated
2021-01-18 08:19:07,179 [EventQueue-PipelineReportForOneReplicaPipelineSafeModeRule] INFO  safemode.SCMSafeModeManager (SCMSafeModeManager.java:validateSafeModeExitRules(214)) - AtleastOneDatanodeReportedRule rule is successfully validated
2021-01-18 08:19:07,179 [EventQueue-OpenPipelineForHealthyPipelineSafeModeRule] INFO  safemode.SCMSafeModeManager (HealthyPipelineSafeModeRule.java:process(128)) - SCM in safe mode. Healthy pipelines reported count is 0, required healthy pipeline reported count is 1
2021-01-18 08:19:07,202 [EventQueue-PipelineReportForOneReplicaPipelineSafeModeRule] INFO  safemode.SCMSafeModeManager (SCMSafeModeManager.java:validateSafeModeExitRules(214)) - AtleastOneDatanodeReportedRule rule is successfully validated
2021-01-18 08:19:07,202 [EventQueue-OpenPipelineForHealthyPipelineSafeModeRule] INFO  safemode.SCMSafeModeManager (HealthyPipelineSafeModeRule.java:process(128)) - SCM in safe mode. Healthy pipelines reported count is 0, required healthy pipeline reported count is 1
2021-01-18 08:19:07,205 [EventQueue-OpenPipelineForHealthyPipelineSafeModeRule] INFO  safemode.SCMSafeModeManager (HealthyPipelineSafeModeRule.java:process(128)) - SCM in safe mode. Healthy pipelines reported count is 0, required healthy pipeline reported count is 1
2021-01-18 08:19:07,205 [EventQueue-PipelineReportForOneReplicaPipelineSafeModeRule] INFO  safemode.SCMSafeModeManager (SCMSafeModeManager.java:validateSafeModeExitRules(214)) - AtleastOneDatanodeReportedRule rule is successfully validated
2021-01-18 08:19:07,210 [EventQueue-OpenPipelineForHealthyPipelineSafeModeRule] INFO  safemode.SCMSafeModeManager (HealthyPipelineSafeModeRule.java:process(128)) - SCM in safe mode. Healthy pipelines reported count is 0, required healthy pipeline reported count is 1
2021-01-18 08:19:07,210 [EventQueue-PipelineReportForOneReplicaPipelineSafeModeRule] INFO  safemode.SCMSafeModeManager (SCMSafeModeManager.java:validateSafeModeExitRules(214)) - AtleastOneDatanodeReportedRule rule is successfully validated
2021-01-18 08:19:07,253 [EventQueue-PipelineReportForOneReplicaPipelineSafeModeRule] INFO  safemode.SCMSafeModeManager (SCMSafeModeManager.java:validateSafeModeExitRules(214)) - AtleastOneDatanodeReportedRule rule is successfully validated
2021-01-18 08:19:07,253 [EventQueue-OpenPipelineForHealthyPipelineSafeModeRule] INFO  safemode.SCMSafeModeManager (HealthyPipelineSafeModeRule.java:process(128)) - SCM in safe mode. Healthy pipelines reported count is 0, required healthy pipeline reported count is 1
2021-01-18 08:19:07,262 [EventQueue-PipelineReportForOneReplicaPipelineSafeModeRule] INFO  safemode.SCMSafeModeManager (SCMSafeModeManager.java:validateSafeModeExitRules(214)) - AtleastOneDatanodeReportedRule rule is successfully validated
2021-01-18 08:19:07,262 [EventQueue-OpenPipelineForHealthyPipelineSafeModeRule] INFO  safemode.SCMSafeModeManager (HealthyPipelineSafeModeRule.java:process(128)) - SCM in safe mode. Healthy pipelines reported count is 0, required healthy pipeline reported count is 1
2021-01-18 08:19:07,289 [EventQueue-PipelineReportForOneReplicaPipelineSafeModeRule] INFO  safemode.SCMSafeModeManager (SCMSafeModeManager.java:validateSafeModeExitRules(214)) - AtleastOneDatanodeReportedRule rule is successfully validated
2021-01-18 08:19:07,289 [EventQueue-OpenPipelineForHealthyPipelineSafeModeRule] INFO  safemode.SCMSafeModeManager (HealthyPipelineSafeModeRule.java:process(128)) - SCM in safe mode. Healthy pipelines reported count is 0, required healthy pipeline reported count is 1
2021-01-18 08:19:07,296 [EventQueue-PipelineReportForOneReplicaPipelineSafeModeRule] INFO  safemode.SCMSafeModeManager (SCMSafeModeManager.java:validateSafeModeExitRules(214)) - AtleastOneDatanodeReportedRule rule is successfully validated
2021-01-18 08:19:07,296 [EventQueue-OpenPipelineForHealthyPipelineSafeModeRule] INFO  safemode.SCMSafeModeManager (HealthyPipelineSafeModeRule.java:process(128)) - SCM in safe mode. Healthy pipelines reported count is 0, required healthy pipeline reported count is 1
2021-01-18 08:19:07,297 [EventQueue-PipelineReportForOneReplicaPipelineSafeModeRule] INFO  safemode.SCMSafeModeManager (SCMSafeModeManager.java:validateSafeModeExitRules(214)) - AtleastOneDatanodeReportedRule rule is successfully validated
2021-01-18 08:19:07,297 [EventQueue-OpenPipelineForHealthyPipelineSafeModeRule] INFO  safemode.SCMSafeModeManager (HealthyPipelineSafeModeRule.java:process(128)) - SCM in safe mode. Healthy pipelines reported count is 0, required healthy pipeline reported count is 1
2021-01-18 08:19:07,355 [EventQueue-OpenPipelineForHealthyPipelineSafeModeRule] INFO  safemode.SCMSafeModeManager (HealthyPipelineSafeModeRule.java:process(128)) - SCM in safe mode. Healthy pipelines reported count is 0, required healthy pipeline reported count is 1
2021-01-18 08:19:07,355 [EventQueue-PipelineReportForOneReplicaPipelineSafeModeRule] INFO  safemode.SCMSafeModeManager (SCMSafeModeManager.java:validateSafeModeExitRules(214)) - AtleastOneDatanodeReportedRule rule is successfully validated
2021-01-18 08:19:07,379 [EventQueue-PipelineReportForOneReplicaPipelineSafeModeRule] INFO  safemode.SCMSafeModeManager (SCMSafeModeManager.java:validateSafeModeExitRules(214)) - AtleastOneDatanodeReportedRule rule is successfully validated
2021-01-18 08:19:07,379 [EventQueue-OpenPipelineForHealthyPipelineSafeModeRule] INFO  safemode.SCMSafeModeManager (HealthyPipelineSafeModeRule.java:process(128)) - SCM in safe mode. Healthy pipelines reported count is 0, required healthy pipeline reported count is 1
2021-01-18 08:19:07,401 [EventQueue-PipelineReportForOneReplicaPipelineSafeModeRule] INFO  safemode.SCMSafeModeManager (SCMSafeModeManager.java:validateSafeModeExitRules(214)) - AtleastOneDatanodeReportedRule rule is successfully validated
2021-01-18 08:19:07,401 [EventQueue-OpenPipelineForHealthyPipelineSafeModeRule] INFO  safemode.SCMSafeModeManager (HealthyPipelineSafeModeRule.java:process(128)) - SCM in safe mode. Healthy pipelines reported count is 0, required healthy pipeline reported count is 1
2021-01-18 08:19:07,405 [EventQueue-OpenPipelineForHealthyPipelineSafeModeRule] INFO  safemode.SCMSafeModeManager (HealthyPipelineSafeModeRule.java:process(128)) - SCM in safe mode. Healthy pipelines reported count is 0, required healthy pipeline reported count is 1
2021-01-18 08:19:07,405 [EventQueue-PipelineReportForOneReplicaPipelineSafeModeRule] INFO  safemode.SCMSafeModeManager (SCMSafeModeManager.java:validateSafeModeExitRules(214)) - AtleastOneDatanodeReportedRule rule is successfully validated
2021-01-18 08:19:07,411 [EventQueue-OpenPipelineForHealthyPipelineSafeModeRule] INFO  safemode.SCMSafeModeManager (HealthyPipelineSafeModeRule.java:process(128)) - SCM in safe mode. Healthy pipelines reported count is 0, required healthy pipeline reported count is 1
2021-01-18 08:19:07,411 [EventQueue-PipelineReportForOneReplicaPipelineSafeModeRule] INFO  safemode.SCMSafeModeManager (SCMSafeModeManager.java:validateSafeModeExitRules(214)) - AtleastOneDatanodeReportedRule rule is successfully validated
2021-01-18 08:19:07,453 [EventQueue-PipelineReportForOneReplicaPipelineSafeModeRule] INFO  safemode.SCMSafeModeManager (SCMSafeModeManager.java:validateSafeModeExitRules(214)) - AtleastOneDatanodeReportedRule rule is successfully validated
2021-01-18 08:19:07,453 [EventQueue-OpenPipelineForHealthyPipelineSafeModeRule] INFO  safemode.SCMSafeModeManager (HealthyPipelineSafeModeRule.java:process(128)) - SCM in safe mode. Healthy pipelines reported count is 0, required healthy pipeline reported count is 1
2021-01-18 08:19:07,462 [EventQueue-PipelineReportForOneReplicaPipelineSafeModeRule] INFO  safemode.SCMSafeModeManager (SCMSafeModeManager.java:validateSafeModeExitRules(214)) - AtleastOneDatanodeReportedRule rule is successfully validated
2021-01-18 08:19:07,462 [EventQueue-OpenPipelineForHealthyPipelineSafeModeRule] INFO  safemode.SCMSafeModeManager (HealthyPipelineSafeModeRule.java:process(128)) - SCM in safe mode. Healthy pipelines reported count is 0, required healthy pipeline reported count is 1
2021-01-18 08:19:07,489 [EventQueue-PipelineReportForOneReplicaPipelineSafeModeRule] INFO  safemode.SCMSafeModeManager (SCMSafeModeManager.java:validateSafeModeExitRules(214)) - AtleastOneDatanodeReportedRule rule is successfully validated
2021-01-18 08:19:07,489 [EventQueue-OpenPipelineForHealthyPipelineSafeModeRule] INFO  safemode.SCMSafeModeManager (HealthyPipelineSafeModeRule.java:process(128)) - SCM in safe mode. Healthy pipelines reported count is 0, required healthy pipeline reported count is 1
2021-01-18 08:19:07,496 [EventQueue-PipelineReportForOneReplicaPipelineSafeModeRule] INFO  safemode.SCMSafeModeManager (SCMSafeModeManager.java:validateSafeModeExitRules(214)) - AtleastOneDatanodeReportedRule rule is successfully validated
2021-01-18 08:19:07,496 [EventQueue-OpenPipelineForHealthyPipelineSafeModeRule] INFO  safemode.SCMSafeModeManager (HealthyPipelineSafeModeRule.java:process(128)) - SCM in safe mode. Healthy pipelines reported count is 0, required healthy pipeline reported count is 1
2021-01-18 08:19:07,497 [EventQueue-PipelineReportForOneReplicaPipelineSafeModeRule] INFO  safemode.SCMSafeModeManager (SCMSafeModeManager.java:validateSafeModeExitRules(214)) - AtleastOneDatanodeReportedRule rule is successfully validated
2021-01-18 08:19:07,497 [EventQueue-OpenPipelineForHealthyPipelineSafeModeRule] INFO  safemode.SCMSafeModeManager (HealthyPipelineSafeModeRule.java:process(128)) - SCM in safe mode. Healthy pipelines reported count is 0, required healthy pipeline reported count is 1
2021-01-18 08:19:07,556 [EventQueue-OpenPipelineForHealthyPipelineSafeModeRule] INFO  safemode.SCMSafeModeManager (HealthyPipelineSafeModeRule.java:process(128)) - SCM in safe mode. Healthy pipelines reported count is 0, required healthy pipeline reported count is 1
2021-01-18 08:19:07,556 [EventQueue-PipelineReportForOneReplicaPipelineSafeModeRule] INFO  safemode.SCMSafeModeManager (SCMSafeModeManager.java:validateSafeModeExitRules(214)) - AtleastOneDatanodeReportedRule rule is successfully validated
2021-01-18 08:19:07,579 [EventQueue-PipelineReportForOneReplicaPipelineSafeModeRule] INFO  safemode.SCMSafeModeManager (SCMSafeModeManager.java:validateSafeModeExitRules(214)) - AtleastOneDatanodeReportedRule rule is successfully validated
2021-01-18 08:19:07,579 [EventQueue-OpenPipelineForHealthyPipelineSafeModeRule] INFO  safemode.SCMSafeModeManager (HealthyPipelineSafeModeRule.java:process(128)) - SCM in safe mode. Healthy pipelines reported count is 0, required healthy pipeline reported count is 1
2021-01-18 08:19:07,601 [EventQueue-OpenPipelineForHealthyPipelineSafeModeRule] INFO  safemode.SCMSafeModeManager (HealthyPipelineSafeModeRule.java:process(128)) - SCM in safe mode. Healthy pipelines reported count is 0, required healthy pipeline reported count is 1
2021-01-18 08:19:07,601 [EventQueue-PipelineReportForOneReplicaPipelineSafeModeRule] INFO  safemode.SCMSafeModeManager (SCMSafeModeManager.java:validateSafeModeExitRules(214)) - AtleastOneDatanodeReportedRule rule is successfully validated
2021-01-18 08:19:07,605 [EventQueue-PipelineReportForOneReplicaPipelineSafeModeRule] INFO  safemode.SCMSafeModeManager (SCMSafeModeManager.java:validateSafeModeExitRules(214)) - AtleastOneDatanodeReportedRule rule is successfully validated
2021-01-18 08:19:07,606 [EventQueue-OpenPipelineForHealthyPipelineSafeModeRule] INFO  safemode.SCMSafeModeManager (HealthyPipelineSafeModeRule.java:process(128)) - SCM in safe mode. Healthy pipelines reported count is 0, required healthy pipeline reported count is 1
2021-01-18 08:19:07,611 [EventQueue-PipelineReportForOneReplicaPipelineSafeModeRule] INFO  safemode.SCMSafeModeManager (SCMSafeModeManager.java:validateSafeModeExitRules(214)) - AtleastOneDatanodeReportedRule rule is successfully validated
2021-01-18 08:19:07,612 [EventQueue-OpenPipelineForHealthyPipelineSafeModeRule] INFO  safemode.SCMSafeModeManager (HealthyPipelineSafeModeRule.java:process(128)) - SCM in safe mode. Healthy pipelines reported count is 0, required healthy pipeline reported count is 1
2021-01-18 08:19:07,653 [EventQueue-PipelineReportForOneReplicaPipelineSafeModeRule] INFO  safemode.SCMSafeModeManager (SCMSafeModeManager.java:validateSafeModeExitRules(214)) - AtleastOneDatanodeReportedRule rule is successfully validated
2021-01-18 08:19:07,654 [EventQueue-OpenPipelineForHealthyPipelineSafeModeRule] INFO  safemode.SCMSafeModeManager (HealthyPipelineSafeModeRule.java:process(128)) - SCM in safe mode. Healthy pipelines reported count is 0, required healthy pipeline reported count is 1
2021-01-18 08:19:07,662 [EventQueue-PipelineReportForOneReplicaPipelineSafeModeRule] INFO  safemode.SCMSafeModeManager (SCMSafeModeManager.java:validateSafeModeExitRules(214)) - AtleastOneDatanodeReportedRule rule is successfully validated
2021-01-18 08:19:07,662 [EventQueue-OpenPipelineForHealthyPipelineSafeModeRule] INFO  safemode.SCMSafeModeManager (HealthyPipelineSafeModeRule.java:process(128)) - SCM in safe mode. Healthy pipelines reported count is 0, required healthy pipeline reported count is 1
2021-01-18 08:19:07,689 [EventQueue-PipelineReportForOneReplicaPipelineSafeModeRule] INFO  safemode.SCMSafeModeManager (SCMSafeModeManager.java:validateSafeModeExitRules(214)) - AtleastOneDatanodeReportedRule rule is successfully validated
2021-01-18 08:19:07,689 [EventQueue-OpenPipelineForHealthyPipelineSafeModeRule] INFO  safemode.SCMSafeModeManager (HealthyPipelineSafeModeRule.java:process(128)) - SCM in safe mode. Healthy pipelines reported count is 0, required healthy pipeline reported count is 1
2021-01-18 08:19:07,696 [EventQueue-PipelineReportForOneReplicaPipelineSafeModeRule] INFO  safemode.SCMSafeModeManager (SCMSafeModeManager.java:validateSafeModeExitRules(214)) - AtleastOneDatanodeReportedRule rule is successfully validated
2021-01-18 08:19:07,696 [EventQueue-OpenPipelineForHealthyPipelineSafeModeRule] INFO  safemode.SCMSafeModeManager (HealthyPipelineSafeModeRule.java:process(128)) - SCM in safe mode. Healthy pipelines reported count is 0, required healthy pipeline reported count is 1
2021-01-18 08:19:07,697 [EventQueue-PipelineReportForOneReplicaPipelineSafeModeRule] INFO  safemode.SCMSafeModeManager (SCMSafeModeManager.java:validateSafeModeExitRules(214)) - AtleastOneDatanodeReportedRule rule is successfully validated
2021-01-18 08:19:07,697 [EventQueue-OpenPipelineForHealthyPipelineSafeModeRule] INFO  safemode.SCMSafeModeManager (HealthyPipelineSafeModeRule.java:process(128)) - SCM in safe mode. Healthy pipelines reported count is 0, required healthy pipeline reported count is 1
2021-01-18 08:19:07,756 [EventQueue-PipelineReportForOneReplicaPipelineSafeModeRule] INFO  safemode.SCMSafeModeManager (SCMSafeModeManager.java:validateSafeModeExitRules(214)) - AtleastOneDatanodeReportedRule rule is successfully validated
2021-01-18 08:19:07,756 [EventQueue-OpenPipelineForHealthyPipelineSafeModeRule] INFO  safemode.SCMSafeModeManager (HealthyPipelineSafeModeRule.java:process(128)) - SCM in safe mode. Healthy pipelines reported count is 0, required healthy pipeline reported count is 1
2021-01-18 08:19:07,779 [EventQueue-PipelineReportForOneReplicaPipelineSafeModeRule] INFO  safemode.SCMSafeModeManager (SCMSafeModeManager.java:validateSafeModeExitRules(214)) - AtleastOneDatanodeReportedRule rule is successfully validated
2021-01-18 08:19:07,779 [EventQueue-OpenPipelineForHealthyPipelineSafeModeRule] INFO  safemode.SCMSafeModeManager (HealthyPipelineSafeModeRule.java:process(128)) - SCM in safe mode. Healthy pipelines reported count is 0, required healthy pipeline reported count is 1
2021-01-18 08:19:07,801 [EventQueue-PipelineReportForOneReplicaPipelineSafeModeRule] INFO  safemode.SCMSafeModeManager (SCMSafeModeManager.java:validateSafeModeExitRules(214)) - AtleastOneDatanodeReportedRule rule is successfully validated
2021-01-18 08:19:07,802 [EventQueue-OpenPipelineForHealthyPipelineSafeModeRule] INFO  safemode.SCMSafeModeManager (HealthyPipelineSafeModeRule.java:process(128)) - SCM in safe mode. Healthy pipelines reported count is 0, required healthy pipeline reported count is 1
2021-01-18 08:19:07,805 [EventQueue-PipelineReportForOneReplicaPipelineSafeModeRule] INFO  safemode.SCMSafeModeManager (SCMSafeModeManager.java:validateSafeModeExitRules(214)) - AtleastOneDatanodeReportedRule rule is successfully validated
2021-01-18 08:19:07,805 [EventQueue-OpenPipelineForHealthyPipelineSafeModeRule] INFO  safemode.SCMSafeModeManager (HealthyPipelineSafeModeRule.java:process(128)) - SCM in safe mode. Healthy pipelines reported count is 0, required healthy pipeline reported count is 1
2021-01-18 08:19:07,812 [EventQueue-PipelineReportForOneReplicaPipelineSafeModeRule] INFO  safemode.SCMSafeModeManager (SCMSafeModeManager.java:validateSafeModeExitRules(214)) - AtleastOneDatanodeReportedRule rule is successfully validated
2021-01-18 08:19:07,813 [EventQueue-OpenPipelineForHealthyPipelineSafeModeRule] INFO  safemode.SCMSafeModeManager (HealthyPipelineSafeModeRule.java:process(128)) - SCM in safe mode. Healthy pipelines reported count is 0, required healthy pipeline reported count is 1
2021-01-18 08:19:07,853 [EventQueue-PipelineReportForOneReplicaPipelineSafeModeRule] INFO  safemode.SCMSafeModeManager (SCMSafeModeManager.java:validateSafeModeExitRules(214)) - AtleastOneDatanodeReportedRule rule is successfully validated
2021-01-18 08:19:07,853 [EventQueue-OpenPipelineForHealthyPipelineSafeModeRule] INFO  safemode.SCMSafeModeManager (HealthyPipelineSafeModeRule.java:process(128)) - SCM in safe mode. Healthy pipelines reported count is 0, required healthy pipeline reported count is 1
2021-01-18 08:19:07,862 [EventQueue-PipelineReportForOneReplicaPipelineSafeModeRule] INFO  safemode.SCMSafeModeManager (SCMSafeModeManager.java:validateSafeModeExitRules(214)) - AtleastOneDatanodeReportedRule rule is successfully validated
2021-01-18 08:19:07,862 [EventQueue-OpenPipelineForHealthyPipelineSafeModeRule] INFO  safemode.SCMSafeModeManager (HealthyPipelineSafeModeRule.java:process(128)) - SCM in safe mode. Healthy pipelines reported count is 0, required healthy pipeline reported count is 1
2021-01-18 08:19:07,889 [EventQueue-OpenPipelineForHealthyPipelineSafeModeRule] INFO  safemode.SCMSafeModeManager (HealthyPipelineSafeModeRule.java:process(128)) - SCM in safe mode. Healthy pipelines reported count is 0, required healthy pipeline reported count is 1
2021-01-18 08:19:07,889 [EventQueue-PipelineReportForOneReplicaPipelineSafeModeRule] INFO  safemode.SCMSafeModeManager (SCMSafeModeManager.java:validateSafeModeExitRules(214)) - AtleastOneDatanodeReportedRule rule is successfully validated
2021-01-18 08:19:07,896 [EventQueue-PipelineReportForOneReplicaPipelineSafeModeRule] INFO  safemode.SCMSafeModeManager (SCMSafeModeManager.java:validateSafeModeExitRules(214)) - AtleastOneDatanodeReportedRule rule is successfully validated
2021-01-18 08:19:07,897 [EventQueue-OpenPipelineForHealthyPipelineSafeModeRule] INFO  safemode.SCMSafeModeManager (HealthyPipelineSafeModeRule.java:process(128)) - SCM in safe mode. Healthy pipelines reported count is 0, required healthy pipeline reported count is 1
2021-01-18 08:19:07,897 [EventQueue-OpenPipelineForHealthyPipelineSafeModeRule] INFO  safemode.SCMSafeModeManager (HealthyPipelineSafeModeRule.java:process(128)) - SCM in safe mode. Healthy pipelines reported count is 0, required healthy pipeline reported count is 1
2021-01-18 08:19:07,897 [EventQueue-PipelineReportForOneReplicaPipelineSafeModeRule] INFO  safemode.SCMSafeModeManager (SCMSafeModeManager.java:validateSafeModeExitRules(214)) - AtleastOneDatanodeReportedRule rule is successfully validated
2021-01-18 08:19:07,955 [EventQueue-PipelineReportForOneReplicaPipelineSafeModeRule] INFO  safemode.SCMSafeModeManager (SCMSafeModeManager.java:validateSafeModeExitRules(214)) - AtleastOneDatanodeReportedRule rule is successfully validated
2021-01-18 08:19:07,956 [EventQueue-OpenPipelineForHealthyPipelineSafeModeRule] INFO  safemode.SCMSafeModeManager (HealthyPipelineSafeModeRule.java:process(128)) - SCM in safe mode. Healthy pipelines reported count is 0, required healthy pipeline reported count is 1
2021-01-18 08:19:07,979 [EventQueue-PipelineReportForOneReplicaPipelineSafeModeRule] INFO  safemode.SCMSafeModeManager (SCMSafeModeManager.java:validateSafeModeExitRules(214)) - AtleastOneDatanodeReportedRule rule is successfully validated
2021-01-18 08:19:07,979 [EventQueue-OpenPipelineForHealthyPipelineSafeModeRule] INFO  safemode.SCMSafeModeManager (HealthyPipelineSafeModeRule.java:process(128)) - SCM in safe mode. Healthy pipelines reported count is 0, required healthy pipeline reported count is 1
2021-01-18 08:19:08,002 [EventQueue-PipelineReportForOneReplicaPipelineSafeModeRule] INFO  safemode.SCMSafeModeManager (SCMSafeModeManager.java:validateSafeModeExitRules(214)) - AtleastOneDatanodeReportedRule rule is successfully validated
2021-01-18 08:19:08,002 [EventQueue-OpenPipelineForHealthyPipelineSafeModeRule] INFO  safemode.SCMSafeModeManager (HealthyPipelineSafeModeRule.java:process(128)) - SCM in safe mode. Healthy pipelines reported count is 0, required healthy pipeline reported count is 1
2021-01-18 08:19:08,006 [EventQueue-PipelineReportForOneReplicaPipelineSafeModeRule] INFO  safemode.SCMSafeModeManager (SCMSafeModeManager.java:validateSafeModeExitRules(214)) - AtleastOneDatanodeReportedRule rule is successfully validated
2021-01-18 08:19:08,006 [EventQueue-OpenPipelineForHealthyPipelineSafeModeRule] INFO  safemode.SCMSafeModeManager (HealthyPipelineSafeModeRule.java:process(128)) - SCM in safe mode. Healthy pipelines reported count is 0, required healthy pipeline reported count is 1
2021-01-18 08:19:08,013 [EventQueue-PipelineReportForOneReplicaPipelineSafeModeRule] INFO  safemode.SCMSafeModeManager (SCMSafeModeManager.java:validateSafeModeExitRules(214)) - AtleastOneDatanodeReportedRule rule is successfully validated
2021-01-18 08:19:08,013 [EventQueue-OpenPipelineForHealthyPipelineSafeModeRule] INFO  safemode.SCMSafeModeManager (HealthyPipelineSafeModeRule.java:process(128)) - SCM in safe mode. Healthy pipelines reported count is 0, required healthy pipeline reported count is 1
2021-01-18 08:19:08,054 [EventQueue-OpenPipelineForHealthyPipelineSafeModeRule] INFO  safemode.SCMSafeModeManager (HealthyPipelineSafeModeRule.java:process(128)) - SCM in safe mode. Healthy pipelines reported count is 0, required healthy pipeline reported count is 1
2021-01-18 08:19:08,054 [EventQueue-PipelineReportForOneReplicaPipelineSafeModeRule] INFO  safemode.SCMSafeModeManager (SCMSafeModeManager.java:validateSafeModeExitRules(214)) - AtleastOneDatanodeReportedRule rule is successfully validated
2021-01-18 08:19:08,062 [EventQueue-PipelineReportForOneReplicaPipelineSafeModeRule] INFO  safemode.SCMSafeModeManager (SCMSafeModeManager.java:validateSafeModeExitRules(214)) - AtleastOneDatanodeReportedRule rule is successfully validated
2021-01-18 08:19:08,063 [EventQueue-OpenPipelineForHealthyPipelineSafeModeRule] INFO  safemode.SCMSafeModeManager (HealthyPipelineSafeModeRule.java:process(128)) - SCM in safe mode. Healthy pipelines reported count is 0, required healthy pipeline reported count is 1
2021-01-18 08:19:08,071 [Listener at 127.0.0.1/45853] INFO  ozone.MiniOzoneClusterImpl (MiniOzoneClusterImpl.java:lambda$waitForClusterToBeReady$0(179)) - Nodes are ready. Got 10 of 10 DN Heartbeats.
2021-01-18 08:19:08,071 [Listener at 127.0.0.1/45853] INFO  ozone.MiniOzoneClusterImpl (MiniOzoneClusterImpl.java:lambda$waitForClusterToBeReady$0(182)) - Waiting for cluster to exit safe mode
2021-01-18 08:19:08,090 [EventQueue-PipelineReportForOneReplicaPipelineSafeModeRule] INFO  safemode.SCMSafeModeManager (SCMSafeModeManager.java:validateSafeModeExitRules(214)) - AtleastOneDatanodeReportedRule rule is successfully validated
2021-01-18 08:19:08,090 [EventQueue-OpenPipelineForHealthyPipelineSafeModeRule] INFO  safemode.SCMSafeModeManager (HealthyPipelineSafeModeRule.java:process(128)) - SCM in safe mode. Healthy pipelines reported count is 0, required healthy pipeline reported count is 1
2021-01-18 08:19:08,096 [EventQueue-PipelineReportForOneReplicaPipelineSafeModeRule] INFO  safemode.SCMSafeModeManager (SCMSafeModeManager.java:validateSafeModeExitRules(214)) - AtleastOneDatanodeReportedRule rule is successfully validated
2021-01-18 08:19:08,097 [EventQueue-OpenPipelineForHealthyPipelineSafeModeRule] INFO  safemode.SCMSafeModeManager (HealthyPipelineSafeModeRule.java:process(128)) - SCM in safe mode. Healthy pipelines reported count is 0, required healthy pipeline reported count is 1
2021-01-18 08:19:08,097 [EventQueue-OpenPipelineForHealthyPipelineSafeModeRule] INFO  safemode.SCMSafeModeManager (HealthyPipelineSafeModeRule.java:process(128)) - SCM in safe mode. Healthy pipelines reported count is 0, required healthy pipeline reported count is 1
2021-01-18 08:19:08,097 [EventQueue-PipelineReportForOneReplicaPipelineSafeModeRule] INFO  safemode.SCMSafeModeManager (SCMSafeModeManager.java:validateSafeModeExitRules(214)) - AtleastOneDatanodeReportedRule rule is successfully validated
2021-01-18 08:19:08,155 [EventQueue-PipelineReportForOneReplicaPipelineSafeModeRule] INFO  safemode.SCMSafeModeManager (SCMSafeModeManager.java:validateSafeModeExitRules(214)) - AtleastOneDatanodeReportedRule rule is successfully validated
2021-01-18 08:19:08,156 [EventQueue-OpenPipelineForHealthyPipelineSafeModeRule] INFO  safemode.SCMSafeModeManager (HealthyPipelineSafeModeRule.java:process(128)) - SCM in safe mode. Healthy pipelines reported count is 0, required healthy pipeline reported count is 1
2021-01-18 08:19:08,179 [EventQueue-PipelineReportForOneReplicaPipelineSafeModeRule] INFO  safemode.SCMSafeModeManager (SCMSafeModeManager.java:validateSafeModeExitRules(214)) - AtleastOneDatanodeReportedRule rule is successfully validated
2021-01-18 08:19:08,180 [EventQueue-OpenPipelineForHealthyPipelineSafeModeRule] INFO  safemode.SCMSafeModeManager (HealthyPipelineSafeModeRule.java:process(128)) - SCM in safe mode. Healthy pipelines reported count is 0, required healthy pipeline reported count is 1
2021-01-18 08:19:08,202 [EventQueue-OpenPipelineForHealthyPipelineSafeModeRule] INFO  safemode.SCMSafeModeManager (HealthyPipelineSafeModeRule.java:process(128)) - SCM in safe mode. Healthy pipelines reported count is 0, required healthy pipeline reported count is 1
2021-01-18 08:19:08,202 [EventQueue-PipelineReportForOneReplicaPipelineSafeModeRule] INFO  safemode.SCMSafeModeManager (SCMSafeModeManager.java:validateSafeModeExitRules(214)) - AtleastOneDatanodeReportedRule rule is successfully validated
2021-01-18 08:19:08,206 [EventQueue-PipelineReportForOneReplicaPipelineSafeModeRule] INFO  safemode.SCMSafeModeManager (SCMSafeModeManager.java:validateSafeModeExitRules(214)) - AtleastOneDatanodeReportedRule rule is successfully validated
2021-01-18 08:19:08,206 [EventQueue-OpenPipelineForHealthyPipelineSafeModeRule] INFO  safemode.SCMSafeModeManager (HealthyPipelineSafeModeRule.java:process(128)) - SCM in safe mode. Healthy pipelines reported count is 0, required healthy pipeline reported count is 1
2021-01-18 08:19:08,213 [EventQueue-OpenPipelineForHealthyPipelineSafeModeRule] INFO  safemode.SCMSafeModeManager (HealthyPipelineSafeModeRule.java:process(128)) - SCM in safe mode. Healthy pipelines reported count is 0, required healthy pipeline reported count is 1
2021-01-18 08:19:08,213 [EventQueue-PipelineReportForOneReplicaPipelineSafeModeRule] INFO  safemode.SCMSafeModeManager (SCMSafeModeManager.java:validateSafeModeExitRules(214)) - AtleastOneDatanodeReportedRule rule is successfully validated
2021-01-18 08:19:08,254 [EventQueue-OpenPipelineForHealthyPipelineSafeModeRule] INFO  safemode.SCMSafeModeManager (HealthyPipelineSafeModeRule.java:process(128)) - SCM in safe mode. Healthy pipelines reported count is 0, required healthy pipeline reported count is 1
2021-01-18 08:19:08,254 [EventQueue-PipelineReportForOneReplicaPipelineSafeModeRule] INFO  safemode.SCMSafeModeManager (SCMSafeModeManager.java:validateSafeModeExitRules(214)) - AtleastOneDatanodeReportedRule rule is successfully validated
2021-01-18 08:19:08,262 [EventQueue-OpenPipelineForHealthyPipelineSafeModeRule] INFO  safemode.SCMSafeModeManager (HealthyPipelineSafeModeRule.java:process(128)) - SCM in safe mode. Healthy pipelines reported count is 0, required healthy pipeline reported count is 1
2021-01-18 08:19:08,263 [EventQueue-PipelineReportForOneReplicaPipelineSafeModeRule] INFO  safemode.SCMSafeModeManager (SCMSafeModeManager.java:validateSafeModeExitRules(214)) - AtleastOneDatanodeReportedRule rule is successfully validated
2021-01-18 08:19:08,289 [EventQueue-OpenPipelineForHealthyPipelineSafeModeRule] INFO  safemode.SCMSafeModeManager (HealthyPipelineSafeModeRule.java:process(128)) - SCM in safe mode. Healthy pipelines reported count is 0, required healthy pipeline reported count is 1
2021-01-18 08:19:08,289 [EventQueue-PipelineReportForOneReplicaPipelineSafeModeRule] INFO  safemode.SCMSafeModeManager (SCMSafeModeManager.java:validateSafeModeExitRules(214)) - AtleastOneDatanodeReportedRule rule is successfully validated
2021-01-18 08:19:08,296 [EventQueue-OpenPipelineForHealthyPipelineSafeModeRule] INFO  safemode.SCMSafeModeManager (HealthyPipelineSafeModeRule.java:process(128)) - SCM in safe mode. Healthy pipelines reported count is 0, required healthy pipeline reported count is 1
2021-01-18 08:19:08,296 [EventQueue-PipelineReportForOneReplicaPipelineSafeModeRule] INFO  safemode.SCMSafeModeManager (SCMSafeModeManager.java:validateSafeModeExitRules(214)) - AtleastOneDatanodeReportedRule rule is successfully validated
2021-01-18 08:19:08,297 [EventQueue-OpenPipelineForHealthyPipelineSafeModeRule] INFO  safemode.SCMSafeModeManager (HealthyPipelineSafeModeRule.java:process(128)) - SCM in safe mode. Healthy pipelines reported count is 0, required healthy pipeline reported count is 1
2021-01-18 08:19:08,297 [EventQueue-PipelineReportForOneReplicaPipelineSafeModeRule] INFO  safemode.SCMSafeModeManager (SCMSafeModeManager.java:validateSafeModeExitRules(214)) - AtleastOneDatanodeReportedRule rule is successfully validated
2021-01-18 08:19:08,355 [EventQueue-PipelineReportForOneReplicaPipelineSafeModeRule] INFO  safemode.SCMSafeModeManager (SCMSafeModeManager.java:validateSafeModeExitRules(214)) - AtleastOneDatanodeReportedRule rule is successfully validated
2021-01-18 08:19:08,356 [EventQueue-OpenPipelineForHealthyPipelineSafeModeRule] INFO  safemode.SCMSafeModeManager (HealthyPipelineSafeModeRule.java:process(128)) - SCM in safe mode. Healthy pipelines reported count is 0, required healthy pipeline reported count is 1
2021-01-18 08:19:08,380 [EventQueue-PipelineReportForOneReplicaPipelineSafeModeRule] INFO  safemode.SCMSafeModeManager (SCMSafeModeManager.java:validateSafeModeExitRules(214)) - AtleastOneDatanodeReportedRule rule is successfully validated
2021-01-18 08:19:08,380 [EventQueue-OpenPipelineForHealthyPipelineSafeModeRule] INFO  safemode.SCMSafeModeManager (HealthyPipelineSafeModeRule.java:process(128)) - SCM in safe mode. Healthy pipelines reported count is 0, required healthy pipeline reported count is 1
2021-01-18 08:19:08,402 [EventQueue-PipelineReportForOneReplicaPipelineSafeModeRule] INFO  safemode.SCMSafeModeManager (SCMSafeModeManager.java:validateSafeModeExitRules(214)) - AtleastOneDatanodeReportedRule rule is successfully validated
2021-01-18 08:19:08,402 [EventQueue-OpenPipelineForHealthyPipelineSafeModeRule] INFO  safemode.SCMSafeModeManager (HealthyPipelineSafeModeRule.java:process(128)) - SCM in safe mode. Healthy pipelines reported count is 0, required healthy pipeline reported count is 1
2021-01-18 08:19:08,406 [EventQueue-PipelineReportForOneReplicaPipelineSafeModeRule] INFO  safemode.SCMSafeModeManager (SCMSafeModeManager.java:validateSafeModeExitRules(214)) - AtleastOneDatanodeReportedRule rule is successfully validated
2021-01-18 08:19:08,406 [EventQueue-OpenPipelineForHealthyPipelineSafeModeRule] INFO  safemode.SCMSafeModeManager (HealthyPipelineSafeModeRule.java:process(128)) - SCM in safe mode. Healthy pipelines reported count is 0, required healthy pipeline reported count is 1
2021-01-18 08:19:08,413 [EventQueue-PipelineReportForOneReplicaPipelineSafeModeRule] INFO  safemode.SCMSafeModeManager (SCMSafeModeManager.java:validateSafeModeExitRules(214)) - AtleastOneDatanodeReportedRule rule is successfully validated
2021-01-18 08:19:08,413 [EventQueue-OpenPipelineForHealthyPipelineSafeModeRule] INFO  safemode.SCMSafeModeManager (HealthyPipelineSafeModeRule.java:process(128)) - SCM in safe mode. Healthy pipelines reported count is 0, required healthy pipeline reported count is 1
2021-01-18 08:19:08,455 [EventQueue-PipelineReportForOneReplicaPipelineSafeModeRule] INFO  safemode.SCMSafeModeManager (SCMSafeModeManager.java:validateSafeModeExitRules(214)) - AtleastOneDatanodeReportedRule rule is successfully validated
2021-01-18 08:19:08,455 [EventQueue-OpenPipelineForHealthyPipelineSafeModeRule] INFO  safemode.SCMSafeModeManager (HealthyPipelineSafeModeRule.java:process(128)) - SCM in safe mode. Healthy pipelines reported count is 0, required healthy pipeline reported count is 1
2021-01-18 08:19:08,462 [EventQueue-PipelineReportForOneReplicaPipelineSafeModeRule] INFO  safemode.SCMSafeModeManager (SCMSafeModeManager.java:validateSafeModeExitRules(214)) - AtleastOneDatanodeReportedRule rule is successfully validated
2021-01-18 08:19:08,462 [EventQueue-OpenPipelineForHealthyPipelineSafeModeRule] INFO  safemode.SCMSafeModeManager (HealthyPipelineSafeModeRule.java:process(128)) - SCM in safe mode. Healthy pipelines reported count is 0, required healthy pipeline reported count is 1
2021-01-18 08:19:08,490 [EventQueue-PipelineReportForOneReplicaPipelineSafeModeRule] INFO  safemode.SCMSafeModeManager (SCMSafeModeManager.java:validateSafeModeExitRules(214)) - AtleastOneDatanodeReportedRule rule is successfully validated
2021-01-18 08:19:08,490 [EventQueue-OpenPipelineForHealthyPipelineSafeModeRule] INFO  safemode.SCMSafeModeManager (HealthyPipelineSafeModeRule.java:process(128)) - SCM in safe mode. Healthy pipelines reported count is 0, required healthy pipeline reported count is 1
2021-01-18 08:19:08,497 [EventQueue-OpenPipelineForHealthyPipelineSafeModeRule] INFO  safemode.SCMSafeModeManager (HealthyPipelineSafeModeRule.java:process(128)) - SCM in safe mode. Healthy pipelines reported count is 0, required healthy pipeline reported count is 1
2021-01-18 08:19:08,497 [EventQueue-PipelineReportForOneReplicaPipelineSafeModeRule] INFO  safemode.SCMSafeModeManager (SCMSafeModeManager.java:validateSafeModeExitRules(214)) - AtleastOneDatanodeReportedRule rule is successfully validated
2021-01-18 08:19:08,498 [EventQueue-PipelineReportForOneReplicaPipelineSafeModeRule] INFO  safemode.SCMSafeModeManager (SCMSafeModeManager.java:validateSafeModeExitRules(214)) - AtleastOneDatanodeReportedRule rule is successfully validated
2021-01-18 08:19:08,498 [EventQueue-OpenPipelineForHealthyPipelineSafeModeRule] INFO  safemode.SCMSafeModeManager (HealthyPipelineSafeModeRule.java:process(128)) - SCM in safe mode. Healthy pipelines reported count is 0, required healthy pipeline reported count is 1
2021-01-18 08:19:08,556 [EventQueue-PipelineReportForOneReplicaPipelineSafeModeRule] INFO  safemode.SCMSafeModeManager (SCMSafeModeManager.java:validateSafeModeExitRules(214)) - AtleastOneDatanodeReportedRule rule is successfully validated
2021-01-18 08:19:08,556 [EventQueue-OpenPipelineForHealthyPipelineSafeModeRule] INFO  safemode.SCMSafeModeManager (HealthyPipelineSafeModeRule.java:process(128)) - SCM in safe mode. Healthy pipelines reported count is 0, required healthy pipeline reported count is 1
2021-01-18 08:19:08,580 [EventQueue-OpenPipelineForHealthyPipelineSafeModeRule] INFO  safemode.SCMSafeModeManager (HealthyPipelineSafeModeRule.java:process(128)) - SCM in safe mode. Healthy pipelines reported count is 0, required healthy pipeline reported count is 1
2021-01-18 08:19:08,580 [EventQueue-PipelineReportForOneReplicaPipelineSafeModeRule] INFO  safemode.SCMSafeModeManager (SCMSafeModeManager.java:validateSafeModeExitRules(214)) - AtleastOneDatanodeReportedRule rule is successfully validated
2021-01-18 08:19:08,603 [EventQueue-PipelineReportForOneReplicaPipelineSafeModeRule] INFO  safemode.SCMSafeModeManager (SCMSafeModeManager.java:validateSafeModeExitRules(214)) - AtleastOneDatanodeReportedRule rule is successfully validated
2021-01-18 08:19:08,603 [EventQueue-OpenPipelineForHealthyPipelineSafeModeRule] INFO  safemode.SCMSafeModeManager (HealthyPipelineSafeModeRule.java:process(128)) - SCM in safe mode. Healthy pipelines reported count is 0, required healthy pipeline reported count is 1
2021-01-18 08:19:08,607 [EventQueue-OpenPipelineForHealthyPipelineSafeModeRule] INFO  safemode.SCMSafeModeManager (HealthyPipelineSafeModeRule.java:process(128)) - SCM in safe mode. Healthy pipelines reported count is 0, required healthy pipeline reported count is 1
2021-01-18 08:19:08,607 [EventQueue-PipelineReportForOneReplicaPipelineSafeModeRule] INFO  safemode.SCMSafeModeManager (SCMSafeModeManager.java:validateSafeModeExitRules(214)) - AtleastOneDatanodeReportedRule rule is successfully validated
2021-01-18 08:19:08,614 [EventQueue-OpenPipelineForHealthyPipelineSafeModeRule] INFO  safemode.SCMSafeModeManager (HealthyPipelineSafeModeRule.java:process(128)) - SCM in safe mode. Healthy pipelines reported count is 0, required healthy pipeline reported count is 1
2021-01-18 08:19:08,614 [EventQueue-PipelineReportForOneReplicaPipelineSafeModeRule] INFO  safemode.SCMSafeModeManager (SCMSafeModeManager.java:validateSafeModeExitRules(214)) - AtleastOneDatanodeReportedRule rule is successfully validated
2021-01-18 08:19:08,655 [EventQueue-PipelineReportForOneReplicaPipelineSafeModeRule] INFO  safemode.SCMSafeModeManager (SCMSafeModeManager.java:validateSafeModeExitRules(214)) - AtleastOneDatanodeReportedRule rule is successfully validated
2021-01-18 08:19:08,655 [EventQueue-OpenPipelineForHealthyPipelineSafeModeRule] INFO  safemode.SCMSafeModeManager (HealthyPipelineSafeModeRule.java:process(128)) - SCM in safe mode. Healthy pipelines reported count is 0, required healthy pipeline reported count is 1
2021-01-18 08:19:08,662 [EventQueue-PipelineReportForOneReplicaPipelineSafeModeRule] INFO  safemode.SCMSafeModeManager (SCMSafeModeManager.java:validateSafeModeExitRules(214)) - AtleastOneDatanodeReportedRule rule is successfully validated
2021-01-18 08:19:08,662 [EventQueue-OpenPipelineForHealthyPipelineSafeModeRule] INFO  safemode.SCMSafeModeManager (HealthyPipelineSafeModeRule.java:process(128)) - SCM in safe mode. Healthy pipelines reported count is 0, required healthy pipeline reported count is 1
2021-01-18 08:19:08,690 [EventQueue-PipelineReportForOneReplicaPipelineSafeModeRule] INFO  safemode.SCMSafeModeManager (SCMSafeModeManager.java:validateSafeModeExitRules(214)) - AtleastOneDatanodeReportedRule rule is successfully validated
2021-01-18 08:19:08,690 [EventQueue-OpenPipelineForHealthyPipelineSafeModeRule] INFO  safemode.SCMSafeModeManager (HealthyPipelineSafeModeRule.java:process(128)) - SCM in safe mode. Healthy pipelines reported count is 0, required healthy pipeline reported count is 1
2021-01-18 08:19:08,696 [EventQueue-PipelineReportForOneReplicaPipelineSafeModeRule] INFO  safemode.SCMSafeModeManager (SCMSafeModeManager.java:validateSafeModeExitRules(214)) - AtleastOneDatanodeReportedRule rule is successfully validated
2021-01-18 08:19:08,696 [EventQueue-OpenPipelineForHealthyPipelineSafeModeRule] INFO  safemode.SCMSafeModeManager (HealthyPipelineSafeModeRule.java:process(128)) - SCM in safe mode. Healthy pipelines reported count is 0, required healthy pipeline reported count is 1
2021-01-18 08:19:08,697 [EventQueue-PipelineReportForOneReplicaPipelineSafeModeRule] INFO  safemode.SCMSafeModeManager (SCMSafeModeManager.java:validateSafeModeExitRules(214)) - AtleastOneDatanodeReportedRule rule is successfully validated
2021-01-18 08:19:08,697 [EventQueue-OpenPipelineForHealthyPipelineSafeModeRule] INFO  safemode.SCMSafeModeManager (HealthyPipelineSafeModeRule.java:process(128)) - SCM in safe mode. Healthy pipelines reported count is 0, required healthy pipeline reported count is 1
2021-01-18 08:19:08,756 [EventQueue-OpenPipelineForHealthyPipelineSafeModeRule] INFO  safemode.SCMSafeModeManager (HealthyPipelineSafeModeRule.java:process(128)) - SCM in safe mode. Healthy pipelines reported count is 0, required healthy pipeline reported count is 1
2021-01-18 08:19:08,756 [EventQueue-PipelineReportForOneReplicaPipelineSafeModeRule] INFO  safemode.SCMSafeModeManager (SCMSafeModeManager.java:validateSafeModeExitRules(214)) - AtleastOneDatanodeReportedRule rule is successfully validated
2021-01-18 08:19:08,780 [EventQueue-PipelineReportForOneReplicaPipelineSafeModeRule] INFO  safemode.SCMSafeModeManager (SCMSafeModeManager.java:validateSafeModeExitRules(214)) - AtleastOneDatanodeReportedRule rule is successfully validated
2021-01-18 08:19:08,781 [EventQueue-OpenPipelineForHealthyPipelineSafeModeRule] INFO  safemode.SCMSafeModeManager (HealthyPipelineSafeModeRule.java:process(128)) - SCM in safe mode. Healthy pipelines reported count is 0, required healthy pipeline reported count is 1
2021-01-18 08:19:08,802 [EventQueue-OpenPipelineForHealthyPipelineSafeModeRule] INFO  safemode.SCMSafeModeManager (HealthyPipelineSafeModeRule.java:process(128)) - SCM in safe mode. Healthy pipelines reported count is 0, required healthy pipeline reported count is 1
2021-01-18 08:19:08,802 [EventQueue-PipelineReportForOneReplicaPipelineSafeModeRule] INFO  safemode.SCMSafeModeManager (SCMSafeModeManager.java:validateSafeModeExitRules(214)) - AtleastOneDatanodeReportedRule rule is successfully validated
2021-01-18 08:19:08,807 [EventQueue-OpenPipelineForHealthyPipelineSafeModeRule] INFO  safemode.SCMSafeModeManager (HealthyPipelineSafeModeRule.java:process(128)) - SCM in safe mode. Healthy pipelines reported count is 0, required healthy pipeline reported count is 1
2021-01-18 08:19:08,807 [EventQueue-PipelineReportForOneReplicaPipelineSafeModeRule] INFO  safemode.SCMSafeModeManager (SCMSafeModeManager.java:validateSafeModeExitRules(214)) - AtleastOneDatanodeReportedRule rule is successfully validated
2021-01-18 08:19:08,813 [EventQueue-PipelineReportForOneReplicaPipelineSafeModeRule] INFO  safemode.SCMSafeModeManager (SCMSafeModeManager.java:validateSafeModeExitRules(214)) - AtleastOneDatanodeReportedRule rule is successfully validated
2021-01-18 08:19:08,813 [EventQueue-OpenPipelineForHealthyPipelineSafeModeRule] INFO  safemode.SCMSafeModeManager (HealthyPipelineSafeModeRule.java:process(128)) - SCM in safe mode. Healthy pipelines reported count is 0, required healthy pipeline reported count is 1
2021-01-18 08:19:08,855 [EventQueue-OpenPipelineForHealthyPipelineSafeModeRule] INFO  safemode.SCMSafeModeManager (HealthyPipelineSafeModeRule.java:process(128)) - SCM in safe mode. Healthy pipelines reported count is 0, required healthy pipeline reported count is 1
2021-01-18 08:19:08,855 [EventQueue-PipelineReportForOneReplicaPipelineSafeModeRule] INFO  safemode.SCMSafeModeManager (SCMSafeModeManager.java:validateSafeModeExitRules(214)) - AtleastOneDatanodeReportedRule rule is successfully validated
2021-01-18 08:19:08,862 [EventQueue-PipelineReportForOneReplicaPipelineSafeModeRule] INFO  safemode.SCMSafeModeManager (SCMSafeModeManager.java:validateSafeModeExitRules(214)) - AtleastOneDatanodeReportedRule rule is successfully validated
2021-01-18 08:19:08,863 [EventQueue-OpenPipelineForHealthyPipelineSafeModeRule] INFO  safemode.SCMSafeModeManager (HealthyPipelineSafeModeRule.java:process(128)) - SCM in safe mode. Healthy pipelines reported count is 0, required healthy pipeline reported count is 1
2021-01-18 08:19:08,890 [EventQueue-OpenPipelineForHealthyPipelineSafeModeRule] INFO  safemode.SCMSafeModeManager (HealthyPipelineSafeModeRule.java:process(128)) - SCM in safe mode. Healthy pipelines reported count is 0, required healthy pipeline reported count is 1
2021-01-18 08:19:08,891 [EventQueue-PipelineReportForOneReplicaPipelineSafeModeRule] INFO  safemode.SCMSafeModeManager (SCMSafeModeManager.java:validateSafeModeExitRules(214)) - AtleastOneDatanodeReportedRule rule is successfully validated
2021-01-18 08:19:08,896 [EventQueue-OpenPipelineForHealthyPipelineSafeModeRule] INFO  safemode.SCMSafeModeManager (HealthyPipelineSafeModeRule.java:process(128)) - SCM in safe mode. Healthy pipelines reported count is 0, required healthy pipeline reported count is 1
2021-01-18 08:19:08,897 [EventQueue-PipelineReportForOneReplicaPipelineSafeModeRule] INFO  safemode.SCMSafeModeManager (SCMSafeModeManager.java:validateSafeModeExitRules(214)) - AtleastOneDatanodeReportedRule rule is successfully validated
2021-01-18 08:19:08,897 [EventQueue-OpenPipelineForHealthyPipelineSafeModeRule] INFO  safemode.SCMSafeModeManager (HealthyPipelineSafeModeRule.java:process(128)) - SCM in safe mode. Healthy pipelines reported count is 0, required healthy pipeline reported count is 1
2021-01-18 08:19:08,897 [EventQueue-PipelineReportForOneReplicaPipelineSafeModeRule] INFO  safemode.SCMSafeModeManager (SCMSafeModeManager.java:validateSafeModeExitRules(214)) - AtleastOneDatanodeReportedRule rule is successfully validated
2021-01-18 08:19:08,957 [EventQueue-PipelineReportForOneReplicaPipelineSafeModeRule] INFO  safemode.SCMSafeModeManager (SCMSafeModeManager.java:validateSafeModeExitRules(214)) - AtleastOneDatanodeReportedRule rule is successfully validated
2021-01-18 08:19:08,957 [EventQueue-OpenPipelineForHealthyPipelineSafeModeRule] INFO  safemode.SCMSafeModeManager (HealthyPipelineSafeModeRule.java:process(128)) - SCM in safe mode. Healthy pipelines reported count is 0, required healthy pipeline reported count is 1
2021-01-18 08:19:08,980 [EventQueue-PipelineReportForOneReplicaPipelineSafeModeRule] INFO  safemode.SCMSafeModeManager (SCMSafeModeManager.java:validateSafeModeExitRules(214)) - AtleastOneDatanodeReportedRule rule is successfully validated
2021-01-18 08:19:08,980 [EventQueue-OpenPipelineForHealthyPipelineSafeModeRule] INFO  safemode.SCMSafeModeManager (HealthyPipelineSafeModeRule.java:process(128)) - SCM in safe mode. Healthy pipelines reported count is 0, required healthy pipeline reported count is 1
2021-01-18 08:19:09,003 [EventQueue-OpenPipelineForHealthyPipelineSafeModeRule] INFO  safemode.SCMSafeModeManager (HealthyPipelineSafeModeRule.java:process(128)) - SCM in safe mode. Healthy pipelines reported count is 0, required healthy pipeline reported count is 1
2021-01-18 08:19:09,003 [EventQueue-PipelineReportForOneReplicaPipelineSafeModeRule] INFO  safemode.SCMSafeModeManager (SCMSafeModeManager.java:validateSafeModeExitRules(214)) - AtleastOneDatanodeReportedRule rule is successfully validated
2021-01-18 08:19:09,007 [EventQueue-OpenPipelineForHealthyPipelineSafeModeRule] INFO  safemode.SCMSafeModeManager (HealthyPipelineSafeModeRule.java:process(128)) - SCM in safe mode. Healthy pipelines reported count is 0, required healthy pipeline reported count is 1
2021-01-18 08:19:09,007 [EventQueue-PipelineReportForOneReplicaPipelineSafeModeRule] INFO  safemode.SCMSafeModeManager (SCMSafeModeManager.java:validateSafeModeExitRules(214)) - AtleastOneDatanodeReportedRule rule is successfully validated
2021-01-18 08:19:09,013 [EventQueue-PipelineReportForOneReplicaPipelineSafeModeRule] INFO  safemode.SCMSafeModeManager (SCMSafeModeManager.java:validateSafeModeExitRules(214)) - AtleastOneDatanodeReportedRule rule is successfully validated
2021-01-18 08:19:09,014 [EventQueue-OpenPipelineForHealthyPipelineSafeModeRule] INFO  safemode.SCMSafeModeManager (HealthyPipelineSafeModeRule.java:process(128)) - SCM in safe mode. Healthy pipelines reported count is 0, required healthy pipeline reported count is 1
2021-01-18 08:19:09,055 [EventQueue-PipelineReportForOneReplicaPipelineSafeModeRule] INFO  safemode.SCMSafeModeManager (SCMSafeModeManager.java:validateSafeModeExitRules(214)) - AtleastOneDatanodeReportedRule rule is successfully validated
2021-01-18 08:19:09,055 [EventQueue-OpenPipelineForHealthyPipelineSafeModeRule] INFO  safemode.SCMSafeModeManager (HealthyPipelineSafeModeRule.java:process(128)) - SCM in safe mode. Healthy pipelines reported count is 0, required healthy pipeline reported count is 1
2021-01-18 08:19:09,061 [EventQueue-OpenPipelineForHealthyPipelineSafeModeRule] INFO  safemode.SCMSafeModeManager (HealthyPipelineSafeModeRule.java:process(128)) - SCM in safe mode. Healthy pipelines reported count is 0, required healthy pipeline reported count is 1
2021-01-18 08:19:09,062 [EventQueue-PipelineReportForOneReplicaPipelineSafeModeRule] INFO  safemode.SCMSafeModeManager (SCMSafeModeManager.java:validateSafeModeExitRules(214)) - AtleastOneDatanodeReportedRule rule is successfully validated
2021-01-18 08:19:09,072 [Listener at 127.0.0.1/45853] INFO  ozone.MiniOzoneClusterImpl (MiniOzoneClusterImpl.java:lambda$waitForClusterToBeReady$0(179)) - Nodes are ready. Got 10 of 10 DN Heartbeats.
2021-01-18 08:19:09,072 [Listener at 127.0.0.1/45853] INFO  ozone.MiniOzoneClusterImpl (MiniOzoneClusterImpl.java:lambda$waitForClusterToBeReady$0(182)) - Waiting for cluster to exit safe mode
2021-01-18 08:19:09,090 [EventQueue-OpenPipelineForHealthyPipelineSafeModeRule] INFO  safemode.SCMSafeModeManager (HealthyPipelineSafeModeRule.java:process(128)) - SCM in safe mode. Healthy pipelines reported count is 0, required healthy pipeline reported count is 1
2021-01-18 08:19:09,090 [EventQueue-PipelineReportForOneReplicaPipelineSafeModeRule] INFO  safemode.SCMSafeModeManager (SCMSafeModeManager.java:validateSafeModeExitRules(214)) - AtleastOneDatanodeReportedRule rule is successfully validated
2021-01-18 08:19:09,097 [EventQueue-PipelineReportForOneReplicaPipelineSafeModeRule] INFO  safemode.SCMSafeModeManager (SCMSafeModeManager.java:validateSafeModeExitRules(214)) - AtleastOneDatanodeReportedRule rule is successfully validated
2021-01-18 08:19:09,097 [EventQueue-OpenPipelineForHealthyPipelineSafeModeRule] INFO  safemode.SCMSafeModeManager (HealthyPipelineSafeModeRule.java:process(128)) - SCM in safe mode. Healthy pipelines reported count is 0, required healthy pipeline reported count is 1
2021-01-18 08:19:09,098 [EventQueue-PipelineReportForOneReplicaPipelineSafeModeRule] INFO  safemode.SCMSafeModeManager (SCMSafeModeManager.java:validateSafeModeExitRules(214)) - AtleastOneDatanodeReportedRule rule is successfully validated
2021-01-18 08:19:09,098 [EventQueue-OpenPipelineForHealthyPipelineSafeModeRule] INFO  safemode.SCMSafeModeManager (HealthyPipelineSafeModeRule.java:process(128)) - SCM in safe mode. Healthy pipelines reported count is 0, required healthy pipeline reported count is 1
2021-01-18 08:19:09,105 [Thread-283] INFO  impl.FollowerState (FollowerState.java:run(133)) - 696d8df7-edf8-435c-b3eb-e448589269ce@group-274AE5AFA946-FollowerState: change to CANDIDATE, lastRpcElapsedTime:5062527514ns, electionTimeout:5061ms
2021-01-18 08:19:09,106 [Thread-283] INFO  impl.RoleInfo (RoleInfo.java:shutdownFollowerState(108)) - 696d8df7-edf8-435c-b3eb-e448589269ce: shutdown 696d8df7-edf8-435c-b3eb-e448589269ce@group-274AE5AFA946-FollowerState
2021-01-18 08:19:09,106 [Thread-283] INFO  server.RaftServer$Division (RaftServerImpl.java:setRole(283)) - 696d8df7-edf8-435c-b3eb-e448589269ce@group-274AE5AFA946: changes role from  FOLLOWER to CANDIDATE at term 0 for changeToCandidate
2021-01-18 08:19:09,106 [Thread-283] INFO  impl.RoleInfo (RoleInfo.java:updateAndGet(130)) - 696d8df7-edf8-435c-b3eb-e448589269ce: start 696d8df7-edf8-435c-b3eb-e448589269ce@group-274AE5AFA946-LeaderElection2
2021-01-18 08:19:09,108 [696d8df7-edf8-435c-b3eb-e448589269ce@group-274AE5AFA946-LeaderElection2] INFO  impl.LeaderElection (LeaderElection.java:askForPreVotes(259)) - 696d8df7-edf8-435c-b3eb-e448589269ce@group-274AE5AFA946-LeaderElection2: begin a pre-vote at term 0 for -1: [696d8df7-edf8-435c-b3eb-e448589269ce|rpc:172.17.0.2:44671|priority:1], old=null
2021-01-18 08:19:09,108 [696d8df7-edf8-435c-b3eb-e448589269ce@group-274AE5AFA946-LeaderElection2] INFO  impl.LeaderElection (LeaderElection.java:askForPreVotes(261)) - 696d8df7-edf8-435c-b3eb-e448589269ce@group-274AE5AFA946-LeaderElection2 pre-vote result is PASSED.
2021-01-18 08:19:09,110 [696d8df7-edf8-435c-b3eb-e448589269ce@group-274AE5AFA946-LeaderElection2] INFO  impl.LeaderElection (LeaderElection.java:askForVotes(308)) - 696d8df7-edf8-435c-b3eb-e448589269ce@group-274AE5AFA946-LeaderElection2: begin an election at term 1 for -1: [696d8df7-edf8-435c-b3eb-e448589269ce|rpc:172.17.0.2:44671|priority:1], old=null
2021-01-18 08:19:09,110 [696d8df7-edf8-435c-b3eb-e448589269ce@group-274AE5AFA946-LeaderElection2] INFO  impl.RoleInfo (RoleInfo.java:shutdownLeaderElection(121)) - 696d8df7-edf8-435c-b3eb-e448589269ce: shutdown 696d8df7-edf8-435c-b3eb-e448589269ce@group-274AE5AFA946-LeaderElection2
2021-01-18 08:19:09,110 [696d8df7-edf8-435c-b3eb-e448589269ce@group-274AE5AFA946-LeaderElection2] INFO  server.RaftServer$Division (RaftServerImpl.java:setRole(283)) - 696d8df7-edf8-435c-b3eb-e448589269ce@group-274AE5AFA946: changes role from CANDIDATE to LEADER at term 1 for changeToLeader
2021-01-18 08:19:09,110 [696d8df7-edf8-435c-b3eb-e448589269ce@group-274AE5AFA946-LeaderElection2] INFO  ratis.XceiverServerRatis (XceiverServerRatis.java:handleLeaderChangedNotification(868)) - Leader change notification received for group: group-274AE5AFA946 with new leaderId: 696d8df7-edf8-435c-b3eb-e448589269ce
2021-01-18 08:19:09,111 [696d8df7-edf8-435c-b3eb-e448589269ce@group-274AE5AFA946-LeaderElection2] INFO  server.RaftServer$Division (ServerState.java:setLeader(249)) - 696d8df7-edf8-435c-b3eb-e448589269ce@group-274AE5AFA946: change Leader from null to 696d8df7-edf8-435c-b3eb-e448589269ce at term 1 for becomeLeader, leader elected after 5081ms
2021-01-18 08:19:09,111 [696d8df7-edf8-435c-b3eb-e448589269ce@group-274AE5AFA946-LeaderElection2] INFO  server.RaftServerConfigKeys (ConfUtils.java:logGet(44)) - raft.server.staging.catchup.gap = 1000 (default)
2021-01-18 08:19:09,111 [696d8df7-edf8-435c-b3eb-e448589269ce@group-274AE5AFA946-LeaderElection2] INFO  metrics.RatisMetrics (RatisMetrics.java:lambda$create$0(36)) - Creating Metrics Registry : ratis.log_appender.696d8df7-edf8-435c-b3eb-e448589269ce@group-274AE5AFA946
2021-01-18 08:19:09,111 [696d8df7-edf8-435c-b3eb-e448589269ce@group-274AE5AFA946-LeaderElection2] INFO  server.RaftServerConfigKeys (ConfUtils.java:logGet(44)) - raft.server.write.element-limit = 1024 (custom)
2021-01-18 08:19:09,111 [EventQueue-PipelineReportForOneReplicaPipelineSafeModeRule] INFO  safemode.SCMSafeModeManager (SCMSafeModeManager.java:validateSafeModeExitRules(214)) - AtleastOneDatanodeReportedRule rule is successfully validated
2021-01-18 08:19:09,111 [696d8df7-edf8-435c-b3eb-e448589269ce@group-274AE5AFA946-LeaderElection2] INFO  server.RaftServerConfigKeys (ConfUtils.java:logGet(44)) - raft.server.write.byte-limit = 1073741824 (custom)
2021-01-18 08:19:09,112 [EventQueue-OpenPipelineForHealthyPipelineSafeModeRule] INFO  safemode.SCMSafeModeManager (HealthyPipelineSafeModeRule.java:process(128)) - SCM in safe mode. Healthy pipelines reported count is 0, required healthy pipeline reported count is 1
2021-01-18 08:19:09,112 [696d8df7-edf8-435c-b3eb-e448589269ce@group-274AE5AFA946-LeaderElection2] INFO  server.RaftServerConfigKeys (ConfUtils.java:logGet(44)) - raft.server.watch.timeout = 10000ms (default)
2021-01-18 08:19:09,112 [696d8df7-edf8-435c-b3eb-e448589269ce@group-274AE5AFA946-LeaderElection2] INFO  server.RaftServerConfigKeys (ConfUtils.java:logGet(44)) - raft.server.watch.timeout.denomination = 1s (default)
2021-01-18 08:19:09,112 [696d8df7-edf8-435c-b3eb-e448589269ce@group-274AE5AFA946-LeaderElection2] INFO  server.RaftServerConfigKeys (ConfUtils.java:logGet(44)) - raft.server.watch.element-limit = 65536 (default)
2021-01-18 08:19:09,112 [696d8df7-edf8-435c-b3eb-e448589269ce@group-274AE5AFA946-LeaderElection2] INFO  impl.RoleInfo (RoleInfo.java:updateAndGet(130)) - 696d8df7-edf8-435c-b3eb-e448589269ce: start 696d8df7-edf8-435c-b3eb-e448589269ce@group-274AE5AFA946-LeaderStateImpl
2021-01-18 08:19:09,113 [696d8df7-edf8-435c-b3eb-e448589269ce@group-274AE5AFA946-LeaderElection2] INFO  segmented.SegmentedRaftLogWorker (SegmentedRaftLogWorker.java:startLogSegment(392)) - 696d8df7-edf8-435c-b3eb-e448589269ce@group-274AE5AFA946-SegmentedRaftLogWorker: Starting segment from index:0
2021-01-18 08:19:09,116 [696d8df7-edf8-435c-b3eb-e448589269ce@group-274AE5AFA946-SegmentedRaftLogWorker] INFO  segmented.SegmentedRaftLogWorker (SegmentedRaftLogWorker.java:execute(599)) - 696d8df7-edf8-435c-b3eb-e448589269ce@group-274AE5AFA946-SegmentedRaftLogWorker: created new log segment /github/workspace/mnt/ozone/hadoop-ozone/integration-test/target/test-dir/MiniOzoneClusterImpl-bdf065e3-4bf0-4703-b3e1-6acc0ac12f97/datanode-0/data/ratis/eb0122ff-0a73-4a11-86c0-274ae5afa946/current/log_inprogress_0
2021-01-18 08:19:09,117 [696d8df7-edf8-435c-b3eb-e448589269ce@group-274AE5AFA946-LeaderElection2] INFO  server.RaftServer$Division (ServerState.java:setRaftConf(368)) - 696d8df7-edf8-435c-b3eb-e448589269ce@group-274AE5AFA946: set configuration 0: [696d8df7-edf8-435c-b3eb-e448589269ce|rpc:172.17.0.2:44671|dataStream:|priority:1], old=null
2021-01-18 08:19:09,119 [696d8df7-edf8-435c-b3eb-e448589269ce@group-274AE5AFA946-StateMachineUpdater] INFO  ratis.ContainerStateMachine (ContainerStateMachine.java:takeSnapshot(291)) - group-274AE5AFA946: Taking a snapshot at:(t:1, i:0) file /github/workspace/mnt/ozone/hadoop-ozone/integration-test/target/test-dir/MiniOzoneClusterImpl-bdf065e3-4bf0-4703-b3e1-6acc0ac12f97/datanode-0/data/ratis/eb0122ff-0a73-4a11-86c0-274ae5afa946/sm/snapshot.1_0
2021-01-18 08:19:09,157 [EventQueue-PipelineReportForOneReplicaPipelineSafeModeRule] INFO  safemode.SCMSafeModeManager (SCMSafeModeManager.java:validateSafeModeExitRules(214)) - AtleastOneDatanodeReportedRule rule is successfully validated
2021-01-18 08:19:09,157 [EventQueue-OpenPipelineForHealthyPipelineSafeModeRule] INFO  safemode.SCMSafeModeManager (HealthyPipelineSafeModeRule.java:process(128)) - SCM in safe mode. Healthy pipelines reported count is 0, required healthy pipeline reported count is 1
2021-01-18 08:19:09,174 [696d8df7-edf8-435c-b3eb-e448589269ce@group-274AE5AFA946-StateMachineUpdater] INFO  ratis.ContainerStateMachine (ContainerStateMachine.java:takeSnapshot(302)) - group-274AE5AFA946: Finished taking a snapshot at:(t:1, i:0) file:/github/workspace/mnt/ozone/hadoop-ozone/integration-test/target/test-dir/MiniOzoneClusterImpl-bdf065e3-4bf0-4703-b3e1-6acc0ac12f97/datanode-0/data/ratis/eb0122ff-0a73-4a11-86c0-274ae5afa946/sm/snapshot.1_0 took: 55 ms
2021-01-18 08:19:09,175 [696d8df7-edf8-435c-b3eb-e448589269ce@group-274AE5AFA946-StateMachineUpdater] INFO  impl.StateMachineUpdater (StateMachineUpdater.java:takeSnapshot(279)) - 696d8df7-edf8-435c-b3eb-e448589269ce@group-274AE5AFA946-StateMachineUpdater: Took a snapshot at index 0
2021-01-18 08:19:09,175 [696d8df7-edf8-435c-b3eb-e448589269ce@group-274AE5AFA946-StateMachineUpdater] INFO  impl.StateMachineUpdater (StateMachineUpdater.java:lambda$new$0(88)) - 696d8df7-edf8-435c-b3eb-e448589269ce@group-274AE5AFA946-StateMachineUpdater: snapshotIndex: updateIncreasingly -1 -> 0
2021-01-18 08:19:09,181 [EventQueue-OpenPipelineForHealthyPipelineSafeModeRule] INFO  safemode.SCMSafeModeManager (HealthyPipelineSafeModeRule.java:process(128)) - SCM in safe mode. Healthy pipelines reported count is 0, required healthy pipeline reported count is 1
2021-01-18 08:19:09,181 [EventQueue-PipelineReportForOneReplicaPipelineSafeModeRule] INFO  safemode.SCMSafeModeManager (SCMSafeModeManager.java:validateSafeModeExitRules(214)) - AtleastOneDatanodeReportedRule rule is successfully validated
2021-01-18 08:19:09,202 [EventQueue-OpenPipelineForHealthyPipelineSafeModeRule] INFO  safemode.SCMSafeModeManager (HealthyPipelineSafeModeRule.java:process(128)) - SCM in safe mode. Healthy pipelines reported count is 0, required healthy pipeline reported count is 1
2021-01-18 08:19:09,202 [EventQueue-PipelineReportForOneReplicaPipelineSafeModeRule] INFO  safemode.SCMSafeModeManager (SCMSafeModeManager.java:validateSafeModeExitRules(214)) - AtleastOneDatanodeReportedRule rule is successfully validated
2021-01-18 08:19:09,214 [EventQueue-OpenPipelineForHealthyPipelineSafeModeRule] INFO  safemode.SCMSafeModeManager (HealthyPipelineSafeModeRule.java:process(128)) - SCM in safe mode. Healthy pipelines reported count is 0, required healthy pipeline reported count is 1
2021-01-18 08:19:09,214 [EventQueue-PipelineReportForOneReplicaPipelineSafeModeRule] INFO  safemode.SCMSafeModeManager (SCMSafeModeManager.java:validateSafeModeExitRules(214)) - AtleastOneDatanodeReportedRule rule is successfully validated
2021-01-18 08:19:09,228 [Thread-285] INFO  impl.FollowerState (FollowerState.java:run(133)) - 696d8df7-edf8-435c-b3eb-e448589269ce@group-2F60DBE96792-FollowerState: change to CANDIDATE, lastRpcElapsedTime:5138476773ns, electionTimeout:5137ms
2021-01-18 08:19:09,228 [Thread-285] INFO  impl.RoleInfo (RoleInfo.java:shutdownFollowerState(108)) - 696d8df7-edf8-435c-b3eb-e448589269ce: shutdown 696d8df7-edf8-435c-b3eb-e448589269ce@group-2F60DBE96792-FollowerState
2021-01-18 08:19:09,228 [Thread-285] INFO  server.RaftServer$Division (RaftServerImpl.java:setRole(283)) - 696d8df7-edf8-435c-b3eb-e448589269ce@group-2F60DBE96792: changes role from  FOLLOWER to CANDIDATE at term 0 for changeToCandidate
2021-01-18 08:19:09,228 [Thread-285] INFO  impl.RoleInfo (RoleInfo.java:updateAndGet(130)) - 696d8df7-edf8-435c-b3eb-e448589269ce: start 696d8df7-edf8-435c-b3eb-e448589269ce@group-2F60DBE96792-LeaderElection3
2021-01-18 08:19:09,239 [696d8df7-edf8-435c-b3eb-e448589269ce@group-2F60DBE96792-LeaderElection3] INFO  impl.LeaderElection (LeaderElection.java:askForPreVotes(259)) - 696d8df7-edf8-435c-b3eb-e448589269ce@group-2F60DBE96792-LeaderElection3: begin a pre-vote at term 0 for -1: [43ca6a2e-d75a-477a-aef7-5c8b743b695f|rpc:172.17.0.2:34735|priority:0, 696d8df7-edf8-435c-b3eb-e448589269ce|rpc:172.17.0.2:44671|priority:0, 6257d45d-8325-4cae-8440-8c66e4fe0859|rpc:172.17.0.2:41085|priority:1], old=null
2021-01-18 08:19:09,255 [grpc-default-executor-3] INFO  server.RaftServer$Division (RaftServerImpl.java:requestPreVote(1060)) - 43ca6a2e-d75a-477a-aef7-5c8b743b695f@group-2F60DBE96792: receive preVote(696d8df7-edf8-435c-b3eb-e448589269ce, group-2F60DBE96792, 0, (t:0, i:0))
2021-01-18 08:19:09,255 [grpc-default-executor-3] INFO  server.RaftServer$Division (RaftServerImpl.java:requestPreVote(1081)) - 43ca6a2e-d75a-477a-aef7-5c8b743b695f@group-2F60DBE96792 role: FOLLOWER allow pre-vote from:696d8df7-edf8-435c-b3eb-e448589269ce
2021-01-18 08:19:09,256 [EventQueue-PipelineReportForOneReplicaPipelineSafeModeRule] INFO  safemode.SCMSafeModeManager (SCMSafeModeManager.java:validateSafeModeExitRules(214)) - AtleastOneDatanodeReportedRule rule is successfully validated
2021-01-18 08:19:09,256 [EventQueue-OpenPipelineForHealthyPipelineSafeModeRule] INFO  safemode.SCMSafeModeManager (HealthyPipelineSafeModeRule.java:process(128)) - SCM in safe mode. Healthy pipelines reported count is 0, required healthy pipeline reported count is 1
2021-01-18 08:19:09,260 [grpc-default-executor-3] INFO  server.RaftServer$Division (RaftServerImpl.java:requestPreVote(1099)) - 43ca6a2e-d75a-477a-aef7-5c8b743b695f@group-2F60DBE96792 replies to pre-vote request: 696d8df7-edf8-435c-b3eb-e448589269ce<-43ca6a2e-d75a-477a-aef7-5c8b743b695f#0:OK-t0. Peer's state: 43ca6a2e-d75a-477a-aef7-5c8b743b695f@group-2F60DBE96792:t0, leader=null, voted=, raftlog=43ca6a2e-d75a-477a-aef7-5c8b743b695f@group-2F60DBE96792-SegmentedRaftLog:OPENED:c-1,f-1,i0, conf=-1: [43ca6a2e-d75a-477a-aef7-5c8b743b695f|rpc:172.17.0.2:34735|priority:0, 696d8df7-edf8-435c-b3eb-e448589269ce|rpc:172.17.0.2:44671|priority:0, 6257d45d-8325-4cae-8440-8c66e4fe0859|rpc:172.17.0.2:41085|priority:1], old=null
2021-01-18 08:19:09,262 [EventQueue-PipelineReportForOneReplicaPipelineSafeModeRule] INFO  safemode.SCMSafeModeManager (SCMSafeModeManager.java:validateSafeModeExitRules(214)) - AtleastOneDatanodeReportedRule rule is successfully validated
2021-01-18 08:19:09,262 [EventQueue-OpenPipelineForHealthyPipelineSafeModeRule] INFO  safemode.SCMSafeModeManager (HealthyPipelineSafeModeRule.java:process(128)) - SCM in safe mode. Healthy pipelines reported count is 0, required healthy pipeline reported count is 1
2021-01-18 08:19:09,265 [grpc-default-executor-3] INFO  server.RaftServer$Division (RaftServerImpl.java:requestPreVote(1060)) - 6257d45d-8325-4cae-8440-8c66e4fe0859@group-2F60DBE96792: receive preVote(696d8df7-edf8-435c-b3eb-e448589269ce, group-2F60DBE96792, 0, (t:0, i:0))
2021-01-18 08:19:09,265 [grpc-default-executor-3] INFO  server.RaftServer$Division (RaftServerImpl.java:requestPreVote(1083)) - 6257d45d-8325-4cae-8440-8c66e4fe0859@group-2F60DBE96792 role: FOLLOWER reject pre-vote from:696d8df7-edf8-435c-b3eb-e448589269ce because compare:0 isCurrentLeaderValid:false
2021-01-18 08:19:09,265 [grpc-default-executor-3] INFO  server.RaftServer$Division (RaftServerImpl.java:requestPreVote(1099)) - 6257d45d-8325-4cae-8440-8c66e4fe0859@group-2F60DBE96792 replies to pre-vote request: 696d8df7-edf8-435c-b3eb-e448589269ce<-6257d45d-8325-4cae-8440-8c66e4fe0859#0:FAIL-t0. Peer's state: 6257d45d-8325-4cae-8440-8c66e4fe0859@group-2F60DBE96792:t0, leader=null, voted=, raftlog=6257d45d-8325-4cae-8440-8c66e4fe0859@group-2F60DBE96792-SegmentedRaftLog:OPENED:c-1,f-1,i0, conf=-1: [43ca6a2e-d75a-477a-aef7-5c8b743b695f|rpc:172.17.0.2:34735|dataStream:|priority:0, 696d8df7-edf8-435c-b3eb-e448589269ce|rpc:172.17.0.2:44671|dataStream:|priority:0, 6257d45d-8325-4cae-8440-8c66e4fe0859|rpc:172.17.0.2:41085|dataStream:|priority:1], old=null
2021-01-18 08:19:09,269 [696d8df7-edf8-435c-b3eb-e448589269ce@group-2F60DBE96792-LeaderElection3] INFO  impl.LeaderElection (LeaderElection.java:logAndReturn(68)) - 696d8df7-edf8-435c-b3eb-e448589269ce@group-2F60DBE96792-LeaderElection3: Pre-vote  REJECTED received 2 response(s):[696d8df7-edf8-435c-b3eb-e448589269ce<-43ca6a2e-d75a-477a-aef7-5c8b743b695f#0:OK-t0, 696d8df7-edf8-435c-b3eb-e448589269ce<-6257d45d-8325-4cae-8440-8c66e4fe0859#0:FAIL-t0]
2021-01-18 08:19:09,269 [696d8df7-edf8-435c-b3eb-e448589269ce@group-2F60DBE96792-LeaderElection3] INFO  impl.LeaderElection (LeaderElection.java:askForPreVotes(261)) - 696d8df7-edf8-435c-b3eb-e448589269ce@group-2F60DBE96792-LeaderElection3 pre-vote result is REJECTED.
2021-01-18 08:19:09,270 [696d8df7-edf8-435c-b3eb-e448589269ce@group-2F60DBE96792-LeaderElection3] INFO  server.RaftServer$Division (RaftServerImpl.java:setRole(283)) - 696d8df7-edf8-435c-b3eb-e448589269ce@group-2F60DBE96792: changes role from CANDIDATE to FOLLOWER at term 0 for REJECTED
2021-01-18 08:19:09,270 [696d8df7-edf8-435c-b3eb-e448589269ce@group-2F60DBE96792-LeaderElection3] INFO  impl.RoleInfo (RoleInfo.java:shutdownLeaderElection(121)) - 696d8df7-edf8-435c-b3eb-e448589269ce: shutdown 696d8df7-edf8-435c-b3eb-e448589269ce@group-2F60DBE96792-LeaderElection3
2021-01-18 08:19:09,270 [696d8df7-edf8-435c-b3eb-e448589269ce@group-2F60DBE96792-LeaderElection3] INFO  impl.RoleInfo (RoleInfo.java:updateAndGet(130)) - 696d8df7-edf8-435c-b3eb-e448589269ce: start 696d8df7-edf8-435c-b3eb-e448589269ce@group-2F60DBE96792-FollowerState
2021-01-18 08:19:09,292 [EventQueue-PipelineReportForOneReplicaPipelineSafeModeRule] INFO  safemode.SCMSafeModeManager (SCMSafeModeManager.java:validateSafeModeExitRules(214)) - AtleastOneDatanodeReportedRule rule is successfully validated
2021-01-18 08:19:09,292 [EventQueue-OpenPipelineForHealthyPipelineSafeModeRule] INFO  safemode.SCMSafeModeManager (HealthyPipelineSafeModeRule.java:process(128)) - SCM in safe mode. Healthy pipelines reported count is 0, required healthy pipeline reported count is 1
2021-01-18 08:19:09,297 [EventQueue-PipelineReportForOneReplicaPipelineSafeModeRule] INFO  safemode.SCMSafeModeManager (SCMSafeModeManager.java:validateSafeModeExitRules(214)) - AtleastOneDatanodeReportedRule rule is successfully validated
2021-01-18 08:19:09,297 [EventQueue-OpenPipelineForHealthyPipelineSafeModeRule] INFO  safemode.SCMSafeModeManager (HealthyPipelineSafeModeRule.java:process(128)) - SCM in safe mode. Healthy pipelines reported count is 0, required healthy pipeline reported count is 1
2021-01-18 08:19:09,297 [EventQueue-OpenPipelineForHealthyPipelineSafeModeRule] INFO  safemode.SCMSafeModeManager (HealthyPipelineSafeModeRule.java:process(128)) - SCM in safe mode. Healthy pipelines reported count is 0, required healthy pipeline reported count is 1
2021-01-18 08:19:09,297 [EventQueue-PipelineReportForOneReplicaPipelineSafeModeRule] INFO  safemode.SCMSafeModeManager (SCMSafeModeManager.java:validateSafeModeExitRules(214)) - AtleastOneDatanodeReportedRule rule is successfully validated
2021-01-18 08:19:09,311 [EventQueue-PipelineReportForOneReplicaPipelineSafeModeRule] INFO  safemode.SCMSafeModeManager (SCMSafeModeManager.java:validateSafeModeExitRules(214)) - AtleastOneDatanodeReportedRule rule is successfully validated
2021-01-18 08:19:09,311 [EventQueue-OpenPipelineForHealthyPipelineSafeModeRule] INFO  safemode.SCMSafeModeManager (HealthyPipelineSafeModeRule.java:process(128)) - SCM in safe mode. Healthy pipelines reported count is 0, required healthy pipeline reported count is 1
2021-01-18 08:19:09,357 [EventQueue-PipelineReportForOneReplicaPipelineSafeModeRule] INFO  safemode.SCMSafeModeManager (SCMSafeModeManager.java:validateSafeModeExitRules(214)) - AtleastOneDatanodeReportedRule rule is successfully validated
2021-01-18 08:19:09,358 [EventQueue-OpenPipelineForHealthyPipelineSafeModeRule] INFO  safemode.SCMSafeModeManager (HealthyPipelineSafeModeRule.java:process(128)) - SCM in safe mode. Healthy pipelines reported count is 0, required healthy pipeline reported count is 1
2021-01-18 08:19:09,380 [EventQueue-PipelineReportForOneReplicaPipelineSafeModeRule] INFO  safemode.SCMSafeModeManager (SCMSafeModeManager.java:validateSafeModeExitRules(214)) - AtleastOneDatanodeReportedRule rule is successfully validated
2021-01-18 08:19:09,380 [EventQueue-OpenPipelineForHealthyPipelineSafeModeRule] INFO  safemode.SCMSafeModeManager (HealthyPipelineSafeModeRule.java:process(128)) - SCM in safe mode. Healthy pipelines reported count is 0, required healthy pipeline reported count is 1
2021-01-18 08:19:09,402 [EventQueue-PipelineReportForOneReplicaPipelineSafeModeRule] INFO  safemode.SCMSafeModeManager (SCMSafeModeManager.java:validateSafeModeExitRules(214)) - AtleastOneDatanodeReportedRule rule is successfully validated
2021-01-18 08:19:09,403 [EventQueue-OpenPipelineForHealthyPipelineSafeModeRule] INFO  safemode.SCMSafeModeManager (HealthyPipelineSafeModeRule.java:process(128)) - SCM in safe mode. Healthy pipelines reported count is 0, required healthy pipeline reported count is 1
2021-01-18 08:19:09,413 [EventQueue-PipelineReportForOneReplicaPipelineSafeModeRule] INFO  safemode.SCMSafeModeManager (SCMSafeModeManager.java:validateSafeModeExitRules(214)) - AtleastOneDatanodeReportedRule rule is successfully validated
2021-01-18 08:19:09,414 [EventQueue-OpenPipelineForHealthyPipelineSafeModeRule] INFO  safemode.SCMSafeModeManager (HealthyPipelineSafeModeRule.java:process(128)) - SCM in safe mode. Healthy pipelines reported count is 0, required healthy pipeline reported count is 1
2021-01-18 08:19:09,454 [EventQueue-PipelineReportForOneReplicaPipelineSafeModeRule] INFO  safemode.SCMSafeModeManager (SCMSafeModeManager.java:validateSafeModeExitRules(214)) - AtleastOneDatanodeReportedRule rule is successfully validated
2021-01-18 08:19:09,454 [EventQueue-OpenPipelineForHealthyPipelineSafeModeRule] INFO  safemode.SCMSafeModeManager (HealthyPipelineSafeModeRule.java:process(128)) - SCM in safe mode. Healthy pipelines reported count is 0, required healthy pipeline reported count is 1
2021-01-18 08:19:09,462 [EventQueue-OpenPipelineForHealthyPipelineSafeModeRule] INFO  safemode.SCMSafeModeManager (HealthyPipelineSafeModeRule.java:process(128)) - SCM in safe mode. Healthy pipelines reported count is 0, required healthy pipeline reported count is 1
2021-01-18 08:19:09,462 [EventQueue-PipelineReportForOneReplicaPipelineSafeModeRule] INFO  safemode.SCMSafeModeManager (SCMSafeModeManager.java:validateSafeModeExitRules(214)) - AtleastOneDatanodeReportedRule rule is successfully validated
2021-01-18 08:19:09,490 [EventQueue-PipelineReportForOneReplicaPipelineSafeModeRule] INFO  safemode.SCMSafeModeManager (SCMSafeModeManager.java:validateSafeModeExitRules(214)) - AtleastOneDatanodeReportedRule rule is successfully validated
2021-01-18 08:19:09,490 [EventQueue-OpenPipelineForHealthyPipelineSafeModeRule] INFO  safemode.SCMSafeModeManager (HealthyPipelineSafeModeRule.java:process(128)) - SCM in safe mode. Healthy pipelines reported count is 0, required healthy pipeline reported count is 1
2021-01-18 08:19:09,497 [EventQueue-PipelineReportForOneReplicaPipelineSafeModeRule] INFO  safemode.SCMSafeModeManager (SCMSafeModeManager.java:validateSafeModeExitRules(214)) - AtleastOneDatanodeReportedRule rule is successfully validated
2021-01-18 08:19:09,497 [EventQueue-OpenPipelineForHealthyPipelineSafeModeRule] INFO  safemode.SCMSafeModeManager (HealthyPipelineSafeModeRule.java:process(128)) - SCM in safe mode. Healthy pipelines reported count is 0, required healthy pipeline reported count is 1
2021-01-18 08:19:09,498 [EventQueue-PipelineReportForOneReplicaPipelineSafeModeRule] INFO  safemode.SCMSafeModeManager (SCMSafeModeManager.java:validateSafeModeExitRules(214)) - AtleastOneDatanodeReportedRule rule is successfully validated
2021-01-18 08:19:09,498 [EventQueue-OpenPipelineForHealthyPipelineSafeModeRule] INFO  safemode.SCMSafeModeManager (HealthyPipelineSafeModeRule.java:process(128)) - SCM in safe mode. Healthy pipelines reported count is 0, required healthy pipeline reported count is 1
2021-01-18 08:19:09,512 [EventQueue-PipelineReportForOneReplicaPipelineSafeModeRule] INFO  safemode.SCMSafeModeManager (SCMSafeModeManager.java:validateSafeModeExitRules(214)) - AtleastOneDatanodeReportedRule rule is successfully validated
2021-01-18 08:19:09,513 [EventQueue-OpenPipelineForHealthyPipelineSafeModeRule] INFO  safemode.SCMSafeModeManager (HealthyPipelineSafeModeRule.java:process(128)) - SCM in safe mode. Healthy pipelines reported count is 0, required healthy pipeline reported count is 1
2021-01-18 08:19:09,558 [EventQueue-PipelineReportForOneReplicaPipelineSafeModeRule] INFO  safemode.SCMSafeModeManager (SCMSafeModeManager.java:validateSafeModeExitRules(214)) - AtleastOneDatanodeReportedRule rule is successfully validated
2021-01-18 08:19:09,558 [EventQueue-OpenPipelineForHealthyPipelineSafeModeRule] INFO  safemode.SCMSafeModeManager (HealthyPipelineSafeModeRule.java:process(128)) - SCM in safe mode. Healthy pipelines reported count is 0, required healthy pipeline reported count is 1
2021-01-18 08:19:09,580 [EventQueue-PipelineReportForOneReplicaPipelineSafeModeRule] INFO  safemode.SCMSafeModeManager (SCMSafeModeManager.java:validateSafeModeExitRules(214)) - AtleastOneDatanodeReportedRule rule is successfully validated
2021-01-18 08:19:09,580 [EventQueue-OpenPipelineForHealthyPipelineSafeModeRule] INFO  safemode.SCMSafeModeManager (HealthyPipelineSafeModeRule.java:process(128)) - SCM in safe mode. Healthy pipelines reported count is 0, required healthy pipeline reported count is 1
2021-01-18 08:19:09,602 [EventQueue-PipelineReportForOneReplicaPipelineSafeModeRule] INFO  safemode.SCMSafeModeManager (SCMSafeModeManager.java:validateSafeModeExitRules(214)) - AtleastOneDatanodeReportedRule rule is successfully validated
2021-01-18 08:19:09,603 [EventQueue-OpenPipelineForHealthyPipelineSafeModeRule] INFO  safemode.SCMSafeModeManager (HealthyPipelineSafeModeRule.java:process(128)) - SCM in safe mode. Healthy pipelines reported count is 0, required healthy pipeline reported count is 1
2021-01-18 08:19:09,614 [EventQueue-PipelineReportForOneReplicaPipelineSafeModeRule] INFO  safemode.SCMSafeModeManager (SCMSafeModeManager.java:validateSafeModeExitRules(214)) - AtleastOneDatanodeReportedRule rule is successfully validated
2021-01-18 08:19:09,615 [EventQueue-OpenPipelineForHealthyPipelineSafeModeRule] INFO  safemode.SCMSafeModeManager (HealthyPipelineSafeModeRule.java:process(128)) - SCM in safe mode. Healthy pipelines reported count is 0, required healthy pipeline reported count is 1
2021-01-18 08:19:09,654 [EventQueue-PipelineReportForOneReplicaPipelineSafeModeRule] INFO  safemode.SCMSafeModeManager (SCMSafeModeManager.java:validateSafeModeExitRules(214)) - AtleastOneDatanodeReportedRule rule is successfully validated
2021-01-18 08:19:09,654 [EventQueue-OpenPipelineForHealthyPipelineSafeModeRule] INFO  safemode.SCMSafeModeManager (HealthyPipelineSafeModeRule.java:process(128)) - SCM in safe mode. Healthy pipelines reported count is 0, required healthy pipeline reported count is 1
2021-01-18 08:19:09,662 [EventQueue-OpenPipelineForHealthyPipelineSafeModeRule] INFO  safemode.SCMSafeModeManager (HealthyPipelineSafeModeRule.java:process(128)) - SCM in safe mode. Healthy pipelines reported count is 0, required healthy pipeline reported count is 1
2021-01-18 08:19:09,662 [EventQueue-PipelineReportForOneReplicaPipelineSafeModeRule] INFO  safemode.SCMSafeModeManager (SCMSafeModeManager.java:validateSafeModeExitRules(214)) - AtleastOneDatanodeReportedRule rule is successfully validated
2021-01-18 08:19:09,675 [Thread-287] INFO  impl.FollowerState (FollowerState.java:run(133)) - 43ca6a2e-d75a-477a-aef7-5c8b743b695f@group-57A5F833CDE3-FollowerState: change to CANDIDATE, lastRpcElapsedTime:5065227223ns, electionTimeout:5058ms
2021-01-18 08:19:09,676 [Thread-287] INFO  impl.RoleInfo (RoleInfo.java:shutdownFollowerState(108)) - 43ca6a2e-d75a-477a-aef7-5c8b743b695f: shutdown 43ca6a2e-d75a-477a-aef7-5c8b743b695f@group-57A5F833CDE3-FollowerState
2021-01-18 08:19:09,676 [Thread-287] INFO  server.RaftServer$Division (RaftServerImpl.java:setRole(283)) - 43ca6a2e-d75a-477a-aef7-5c8b743b695f@group-57A5F833CDE3: changes role from  FOLLOWER to CANDIDATE at term 0 for changeToCandidate
2021-01-18 08:19:09,676 [Thread-287] INFO  impl.RoleInfo (RoleInfo.java:updateAndGet(130)) - 43ca6a2e-d75a-477a-aef7-5c8b743b695f: start 43ca6a2e-d75a-477a-aef7-5c8b743b695f@group-57A5F833CDE3-LeaderElection4
2021-01-18 08:19:09,678 [43ca6a2e-d75a-477a-aef7-5c8b743b695f@group-57A5F833CDE3-LeaderElection4] INFO  impl.LeaderElection (LeaderElection.java:askForPreVotes(259)) - 43ca6a2e-d75a-477a-aef7-5c8b743b695f@group-57A5F833CDE3-LeaderElection4: begin a pre-vote at term 0 for -1: [43ca6a2e-d75a-477a-aef7-5c8b743b695f|rpc:172.17.0.2:34735|priority:1], old=null
2021-01-18 08:19:09,678 [43ca6a2e-d75a-477a-aef7-5c8b743b695f@group-57A5F833CDE3-LeaderElection4] INFO  impl.LeaderElection (LeaderElection.java:askForPreVotes(261)) - 43ca6a2e-d75a-477a-aef7-5c8b743b695f@group-57A5F833CDE3-LeaderElection4 pre-vote result is PASSED.
2021-01-18 08:19:09,680 [43ca6a2e-d75a-477a-aef7-5c8b743b695f@group-57A5F833CDE3-LeaderElection4] INFO  impl.LeaderElection (LeaderElection.java:askForVotes(308)) - 43ca6a2e-d75a-477a-aef7-5c8b743b695f@group-57A5F833CDE3-LeaderElection4: begin an election at term 1 for -1: [43ca6a2e-d75a-477a-aef7-5c8b743b695f|rpc:172.17.0.2:34735|priority:1], old=null
2021-01-18 08:19:09,680 [43ca6a2e-d75a-477a-aef7-5c8b743b695f@group-57A5F833CDE3-LeaderElection4] INFO  impl.RoleInfo (RoleInfo.java:shutdownLeaderElection(121)) - 43ca6a2e-d75a-477a-aef7-5c8b743b695f: shutdown 43ca6a2e-d75a-477a-aef7-5c8b743b695f@group-57A5F833CDE3-LeaderElection4
2021-01-18 08:19:09,681 [43ca6a2e-d75a-477a-aef7-5c8b743b695f@group-57A5F833CDE3-LeaderElection4] INFO  server.RaftServer$Division (RaftServerImpl.java:setRole(283)) - 43ca6a2e-d75a-477a-aef7-5c8b743b695f@group-57A5F833CDE3: changes role from CANDIDATE to LEADER at term 1 for changeToLeader
2021-01-18 08:19:09,681 [43ca6a2e-d75a-477a-aef7-5c8b743b695f@group-57A5F833CDE3-LeaderElection4] INFO  ratis.XceiverServerRatis (XceiverServerRatis.java:handleLeaderChangedNotification(868)) - Leader change notification received for group: group-57A5F833CDE3 with new leaderId: 43ca6a2e-d75a-477a-aef7-5c8b743b695f
2021-01-18 08:19:09,681 [43ca6a2e-d75a-477a-aef7-5c8b743b695f@group-57A5F833CDE3-LeaderElection4] INFO  server.RaftServer$Division (ServerState.java:setLeader(249)) - 43ca6a2e-d75a-477a-aef7-5c8b743b695f@group-57A5F833CDE3: change Leader from null to 43ca6a2e-d75a-477a-aef7-5c8b743b695f at term 1 for becomeLeader, leader elected after 5132ms
2021-01-18 08:19:09,681 [43ca6a2e-d75a-477a-aef7-5c8b743b695f@group-57A5F833CDE3-LeaderElection4] INFO  server.RaftServerConfigKeys (ConfUtils.java:logGet(44)) - raft.server.staging.catchup.gap = 1000 (default)
2021-01-18 08:19:09,681 [43ca6a2e-d75a-477a-aef7-5c8b743b695f@group-57A5F833CDE3-LeaderElection4] INFO  metrics.RatisMetrics (RatisMetrics.java:lambda$create$0(36)) - Creating Metrics Registry : ratis.log_appender.43ca6a2e-d75a-477a-aef7-5c8b743b695f@group-57A5F833CDE3
2021-01-18 08:19:09,682 [EventQueue-PipelineReportForOneReplicaPipelineSafeModeRule] INFO  safemode.SCMSafeModeManager (SCMSafeModeManager.java:validateSafeModeExitRules(214)) - AtleastOneDatanodeReportedRule rule is successfully validated
2021-01-18 08:19:09,682 [EventQueue-OpenPipelineForHealthyPipelineSafeModeRule] INFO  safemode.SCMSafeModeManager (HealthyPipelineSafeModeRule.java:process(128)) - SCM in safe mode. Healthy pipelines reported count is 0, required healthy pipeline reported count is 1
2021-01-18 08:19:09,682 [43ca6a2e-d75a-477a-aef7-5c8b743b695f@group-57A5F833CDE3-LeaderElection4] INFO  server.RaftServerConfigKeys (ConfUtils.java:logGet(44)) - raft.server.write.element-limit = 1024 (custom)
2021-01-18 08:19:09,682 [43ca6a2e-d75a-477a-aef7-5c8b743b695f@group-57A5F833CDE3-LeaderElection4] INFO  server.RaftServerConfigKeys (ConfUtils.java:logGet(44)) - raft.server.write.byte-limit = 1073741824 (custom)
2021-01-18 08:19:09,683 [43ca6a2e-d75a-477a-aef7-5c8b743b695f@group-57A5F833CDE3-LeaderElection4] INFO  server.RaftServerConfigKeys (ConfUtils.java:logGet(44)) - raft.server.watch.timeout = 10000ms (default)
2021-01-18 08:19:09,683 [43ca6a2e-d75a-477a-aef7-5c8b743b695f@group-57A5F833CDE3-LeaderElection4] INFO  server.RaftServerConfigKeys (ConfUtils.java:logGet(44)) - raft.server.watch.timeout.denomination = 1s (default)
2021-01-18 08:19:09,683 [43ca6a2e-d75a-477a-aef7-5c8b743b695f@group-57A5F833CDE3-LeaderElection4] INFO  server.RaftServerConfigKeys (ConfUtils.java:logGet(44)) - raft.server.watch.element-limit = 65536 (default)
2021-01-18 08:19:09,684 [43ca6a2e-d75a-477a-aef7-5c8b743b695f@group-57A5F833CDE3-LeaderElection4] INFO  impl.RoleInfo (RoleInfo.java:updateAndGet(130)) - 43ca6a2e-d75a-477a-aef7-5c8b743b695f: start 43ca6a2e-d75a-477a-aef7-5c8b743b695f@group-57A5F833CDE3-LeaderStateImpl
2021-01-18 08:19:09,685 [43ca6a2e-d75a-477a-aef7-5c8b743b695f@group-57A5F833CDE3-LeaderElection4] INFO  segmented.SegmentedRaftLogWorker (SegmentedRaftLogWorker.java:startLogSegment(392)) - 43ca6a2e-d75a-477a-aef7-5c8b743b695f@group-57A5F833CDE3-SegmentedRaftLogWorker: Starting segment from index:0
2021-01-18 08:19:09,686 [43ca6a2e-d75a-477a-aef7-5c8b743b695f@group-57A5F833CDE3-SegmentedRaftLogWorker] INFO  segmented.SegmentedRaftLogWorker (SegmentedRaftLogWorker.java:execute(599)) - 43ca6a2e-d75a-477a-aef7-5c8b743b695f@group-57A5F833CDE3-SegmentedRaftLogWorker: created new log segment /github/workspace/mnt/ozone/hadoop-ozone/integration-test/target/test-dir/MiniOzoneClusterImpl-bdf065e3-4bf0-4703-b3e1-6acc0ac12f97/datanode-1/data/ratis/ec3e926f-6ff1-4735-97c4-57a5f833cde3/current/log_inprogress_0
2021-01-18 08:19:09,687 [43ca6a2e-d75a-477a-aef7-5c8b743b695f@group-57A5F833CDE3-LeaderElection4] INFO  server.RaftServer$Division (ServerState.java:setRaftConf(368)) - 43ca6a2e-d75a-477a-aef7-5c8b743b695f@group-57A5F833CDE3: set configuration 0: [43ca6a2e-d75a-477a-aef7-5c8b743b695f|rpc:172.17.0.2:34735|dataStream:|priority:1], old=null
2021-01-18 08:19:09,688 [43ca6a2e-d75a-477a-aef7-5c8b743b695f@group-57A5F833CDE3-StateMachineUpdater] INFO  ratis.ContainerStateMachine (ContainerStateMachine.java:takeSnapshot(291)) - group-57A5F833CDE3: Taking a snapshot at:(t:1, i:0) file /github/workspace/mnt/ozone/hadoop-ozone/integration-test/target/test-dir/MiniOzoneClusterImpl-bdf065e3-4bf0-4703-b3e1-6acc0ac12f97/datanode-1/data/ratis/ec3e926f-6ff1-4735-97c4-57a5f833cde3/sm/snapshot.1_0
2021-01-18 08:19:09,689 [43ca6a2e-d75a-477a-aef7-5c8b743b695f@group-57A5F833CDE3-StateMachineUpdater] INFO  ratis.ContainerStateMachine (ContainerStateMachine.java:takeSnapshot(302)) - group-57A5F833CDE3: Finished taking a snapshot at:(t:1, i:0) file:/github/workspace/mnt/ozone/hadoop-ozone/integration-test/target/test-dir/MiniOzoneClusterImpl-bdf065e3-4bf0-4703-b3e1-6acc0ac12f97/datanode-1/data/ratis/ec3e926f-6ff1-4735-97c4-57a5f833cde3/sm/snapshot.1_0 took: 0 ms
2021-01-18 08:19:09,689 [43ca6a2e-d75a-477a-aef7-5c8b743b695f@group-57A5F833CDE3-StateMachineUpdater] INFO  impl.StateMachineUpdater (StateMachineUpdater.java:takeSnapshot(279)) - 43ca6a2e-d75a-477a-aef7-5c8b743b695f@group-57A5F833CDE3-StateMachineUpdater: Took a snapshot at index 0
2021-01-18 08:19:09,689 [43ca6a2e-d75a-477a-aef7-5c8b743b695f@group-57A5F833CDE3-StateMachineUpdater] INFO  impl.StateMachineUpdater (StateMachineUpdater.java:lambda$new$0(88)) - 43ca6a2e-d75a-477a-aef7-5c8b743b695f@group-57A5F833CDE3-StateMachineUpdater: snapshotIndex: updateIncreasingly -1 -> 0
2021-01-18 08:19:09,690 [EventQueue-PipelineReportForOneReplicaPipelineSafeModeRule] INFO  safemode.SCMSafeModeManager (SCMSafeModeManager.java:validateSafeModeExitRules(214)) - AtleastOneDatanodeReportedRule rule is successfully validated
2021-01-18 08:19:09,690 [EventQueue-OpenPipelineForHealthyPipelineSafeModeRule] INFO  safemode.SCMSafeModeManager (HealthyPipelineSafeModeRule.java:process(128)) - SCM in safe mode. Healthy pipelines reported count is 0, required healthy pipeline reported count is 1
2021-01-18 08:19:09,697 [EventQueue-OpenPipelineForHealthyPipelineSafeModeRule] INFO  safemode.SCMSafeModeManager (HealthyPipelineSafeModeRule.java:process(128)) - SCM in safe mode. Healthy pipelines reported count is 0, required healthy pipeline reported count is 1
2021-01-18 08:19:09,697 [EventQueue-PipelineReportForOneReplicaPipelineSafeModeRule] INFO  safemode.SCMSafeModeManager (SCMSafeModeManager.java:validateSafeModeExitRules(214)) - AtleastOneDatanodeReportedRule rule is successfully validated
2021-01-18 08:19:09,698 [EventQueue-OpenPipelineForHealthyPipelineSafeModeRule] INFO  safemode.SCMSafeModeManager (HealthyPipelineSafeModeRule.java:process(128)) - SCM in safe mode. Healthy pipelines reported count is 0, required healthy pipeline reported count is 1
2021-01-18 08:19:09,698 [EventQueue-PipelineReportForOneReplicaPipelineSafeModeRule] INFO  safemode.SCMSafeModeManager (SCMSafeModeManager.java:validateSafeModeExitRules(214)) - AtleastOneDatanodeReportedRule rule is successfully validated
2021-01-18 08:19:09,712 [EventQueue-PipelineReportForOneReplicaPipelineSafeModeRule] INFO  safemode.SCMSafeModeManager (SCMSafeModeManager.java:validateSafeModeExitRules(214)) - AtleastOneDatanodeReportedRule rule is successfully validated
2021-01-18 08:19:09,713 [EventQueue-OpenPipelineForHealthyPipelineSafeModeRule] INFO  safemode.SCMSafeModeManager (HealthyPipelineSafeModeRule.java:process(128)) - SCM in safe mode. Healthy pipelines reported count is 0, required healthy pipeline reported count is 1
2021-01-18 08:19:09,758 [EventQueue-PipelineReportForOneReplicaPipelineSafeModeRule] INFO  safemode.SCMSafeModeManager (SCMSafeModeManager.java:validateSafeModeExitRules(214)) - AtleastOneDatanodeReportedRule rule is successfully validated
2021-01-18 08:19:09,758 [EventQueue-OpenPipelineForHealthyPipelineSafeModeRule] INFO  safemode.SCMSafeModeManager (HealthyPipelineSafeModeRule.java:process(128)) - SCM in safe mode. Healthy pipelines reported count is 0, required healthy pipeline reported count is 1
2021-01-18 08:19:09,780 [EventQueue-PipelineReportForOneReplicaPipelineSafeModeRule] INFO  safemode.SCMSafeModeManager (SCMSafeModeManager.java:validateSafeModeExitRules(214)) - AtleastOneDatanodeReportedRule rule is successfully validated
2021-01-18 08:19:09,780 [EventQueue-OpenPipelineForHealthyPipelineSafeModeRule] INFO  safemode.SCMSafeModeManager (HealthyPipelineSafeModeRule.java:process(128)) - SCM in safe mode. Healthy pipelines reported count is 0, required healthy pipeline reported count is 1
2021-01-18 08:19:09,803 [EventQueue-PipelineReportForOneReplicaPipelineSafeModeRule] INFO  safemode.SCMSafeModeManager (SCMSafeModeManager.java:validateSafeModeExitRules(214)) - AtleastOneDatanodeReportedRule rule is successfully validated
2021-01-18 08:19:09,803 [EventQueue-OpenPipelineForHealthyPipelineSafeModeRule] INFO  safemode.SCMSafeModeManager (HealthyPipelineSafeModeRule.java:process(128)) - SCM in safe mode. Healthy pipelines reported count is 0, required healthy pipeline reported count is 1
2021-01-18 08:19:09,820 [Thread-293] INFO  impl.FollowerState (FollowerState.java:run(133)) - 6257d45d-8325-4cae-8440-8c66e4fe0859@group-AAFFB9850E40-FollowerState: change to CANDIDATE, lastRpcElapsedTime:5014889551ns, electionTimeout:5013ms
2021-01-18 08:19:09,820 [Thread-293] INFO  impl.RoleInfo (RoleInfo.java:shutdownFollowerState(108)) - 6257d45d-8325-4cae-8440-8c66e4fe0859: shutdown 6257d45d-8325-4cae-8440-8c66e4fe0859@group-AAFFB9850E40-FollowerState
2021-01-18 08:19:09,820 [Thread-293] INFO  server.RaftServer$Division (RaftServerImpl.java:setRole(283)) - 6257d45d-8325-4cae-8440-8c66e4fe0859@group-AAFFB9850E40: changes role from  FOLLOWER to CANDIDATE at term 0 for changeToCandidate
2021-01-18 08:19:09,820 [Thread-293] INFO  impl.RoleInfo (RoleInfo.java:updateAndGet(130)) - 6257d45d-8325-4cae-8440-8c66e4fe0859: start 6257d45d-8325-4cae-8440-8c66e4fe0859@group-AAFFB9850E40-LeaderElection5
2021-01-18 08:19:09,822 [6257d45d-8325-4cae-8440-8c66e4fe0859@group-AAFFB9850E40-LeaderElection5] INFO  impl.LeaderElection (LeaderElection.java:askForPreVotes(259)) - 6257d45d-8325-4cae-8440-8c66e4fe0859@group-AAFFB9850E40-LeaderElection5: begin a pre-vote at term 0 for -1: [6257d45d-8325-4cae-8440-8c66e4fe0859|rpc:172.17.0.2:41085|priority:1], old=null
2021-01-18 08:19:09,822 [6257d45d-8325-4cae-8440-8c66e4fe0859@group-AAFFB9850E40-LeaderElection5] INFO  impl.LeaderElection (LeaderElection.java:askForPreVotes(261)) - 6257d45d-8325-4cae-8440-8c66e4fe0859@group-AAFFB9850E40-LeaderElection5 pre-vote result is PASSED.
2021-01-18 08:19:09,824 [6257d45d-8325-4cae-8440-8c66e4fe0859@group-AAFFB9850E40-LeaderElection5] INFO  impl.LeaderElection (LeaderElection.java:askForVotes(308)) - 6257d45d-8325-4cae-8440-8c66e4fe0859@group-AAFFB9850E40-LeaderElection5: begin an election at term 1 for -1: [6257d45d-8325-4cae-8440-8c66e4fe0859|rpc:172.17.0.2:41085|priority:1], old=null
2021-01-18 08:19:09,824 [6257d45d-8325-4cae-8440-8c66e4fe0859@group-AAFFB9850E40-LeaderElection5] INFO  impl.RoleInfo (RoleInfo.java:shutdownLeaderElection(121)) - 6257d45d-8325-4cae-8440-8c66e4fe0859: shutdown 6257d45d-8325-4cae-8440-8c66e4fe0859@group-AAFFB9850E40-LeaderElection5
2021-01-18 08:19:09,824 [6257d45d-8325-4cae-8440-8c66e4fe0859@group-AAFFB9850E40-LeaderElection5] INFO  server.RaftServer$Division (RaftServerImpl.java:setRole(283)) - 6257d45d-8325-4cae-8440-8c66e4fe0859@group-AAFFB9850E40: changes role from CANDIDATE to LEADER at term 1 for changeToLeader
2021-01-18 08:19:09,824 [6257d45d-8325-4cae-8440-8c66e4fe0859@group-AAFFB9850E40-LeaderElection5] INFO  ratis.XceiverServerRatis (XceiverServerRatis.java:handleLeaderChangedNotification(868)) - Leader change notification received for group: group-AAFFB9850E40 with new leaderId: 6257d45d-8325-4cae-8440-8c66e4fe0859
2021-01-18 08:19:09,824 [6257d45d-8325-4cae-8440-8c66e4fe0859@group-AAFFB9850E40-LeaderElection5] INFO  server.RaftServer$Division (ServerState.java:setLeader(249)) - 6257d45d-8325-4cae-8440-8c66e4fe0859@group-AAFFB9850E40: change Leader from null to 6257d45d-8325-4cae-8440-8c66e4fe0859 at term 1 for becomeLeader, leader elected after 5171ms
2021-01-18 08:19:09,824 [6257d45d-8325-4cae-8440-8c66e4fe0859@group-AAFFB9850E40-LeaderElection5] INFO  server.RaftServerConfigKeys (ConfUtils.java:logGet(44)) - raft.server.staging.catchup.gap = 1000 (default)
2021-01-18 08:19:09,824 [6257d45d-8325-4cae-8440-8c66e4fe0859@group-AAFFB9850E40-LeaderElection5] INFO  metrics.RatisMetrics (RatisMetrics.java:lambda$create$0(36)) - Creating Metrics Registry : ratis.log_appender.6257d45d-8325-4cae-8440-8c66e4fe0859@group-AAFFB9850E40
2021-01-18 08:19:09,825 [6257d45d-8325-4cae-8440-8c66e4fe0859@group-AAFFB9850E40-LeaderElection5] INFO  server.RaftServerConfigKeys (ConfUtils.java:logGet(44)) - raft.server.write.element-limit = 1024 (custom)
2021-01-18 08:19:09,825 [6257d45d-8325-4cae-8440-8c66e4fe0859@group-AAFFB9850E40-LeaderElection5] INFO  server.RaftServerConfigKeys (ConfUtils.java:logGet(44)) - raft.server.write.byte-limit = 1073741824 (custom)
2021-01-18 08:19:09,825 [EventQueue-OpenPipelineForHealthyPipelineSafeModeRule] INFO  safemode.SCMSafeModeManager (HealthyPipelineSafeModeRule.java:process(128)) - SCM in safe mode. Healthy pipelines reported count is 0, required healthy pipeline reported count is 1
2021-01-18 08:19:09,825 [6257d45d-8325-4cae-8440-8c66e4fe0859@group-AAFFB9850E40-LeaderElection5] INFO  server.RaftServerConfigKeys (ConfUtils.java:logGet(44)) - raft.server.watch.timeout = 10000ms (default)
2021-01-18 08:19:09,825 [6257d45d-8325-4cae-8440-8c66e4fe0859@group-AAFFB9850E40-LeaderElection5] INFO  server.RaftServerConfigKeys (ConfUtils.java:logGet(44)) - raft.server.watch.timeout.denomination = 1s (default)
2021-01-18 08:19:09,825 [6257d45d-8325-4cae-8440-8c66e4fe0859@group-AAFFB9850E40-LeaderElection5] INFO  server.RaftServerConfigKeys (ConfUtils.java:logGet(44)) - raft.server.watch.element-limit = 65536 (default)
2021-01-18 08:19:09,825 [6257d45d-8325-4cae-8440-8c66e4fe0859@group-AAFFB9850E40-LeaderElection5] INFO  impl.RoleInfo (RoleInfo.java:updateAndGet(130)) - 6257d45d-8325-4cae-8440-8c66e4fe0859: start 6257d45d-8325-4cae-8440-8c66e4fe0859@group-AAFFB9850E40-LeaderStateImpl
2021-01-18 08:19:09,826 [6257d45d-8325-4cae-8440-8c66e4fe0859@group-AAFFB9850E40-LeaderElection5] INFO  segmented.SegmentedRaftLogWorker (SegmentedRaftLogWorker.java:startLogSegment(392)) - 6257d45d-8325-4cae-8440-8c66e4fe0859@group-AAFFB9850E40-SegmentedRaftLogWorker: Starting segment from index:0
2021-01-18 08:19:09,827 [EventQueue-PipelineReportForOneReplicaPipelineSafeModeRule] INFO  safemode.SCMSafeModeManager (SCMSafeModeManager.java:validateSafeModeExitRules(214)) - AtleastOneDatanodeReportedRule rule is successfully validated
2021-01-18 08:19:09,827 [6257d45d-8325-4cae-8440-8c66e4fe0859@group-AAFFB9850E40-SegmentedRaftLogWorker] INFO  segmented.SegmentedRaftLogWorker (SegmentedRaftLogWorker.java:execute(599)) - 6257d45d-8325-4cae-8440-8c66e4fe0859@group-AAFFB9850E40-SegmentedRaftLogWorker: created new log segment /github/workspace/mnt/ozone/hadoop-ozone/integration-test/target/test-dir/MiniOzoneClusterImpl-bdf065e3-4bf0-4703-b3e1-6acc0ac12f97/datanode-2/data/ratis/cf2843ce-bd2c-4a2d-8b79-aaffb9850e40/current/log_inprogress_0
2021-01-18 08:19:09,836 [6257d45d-8325-4cae-8440-8c66e4fe0859@group-AAFFB9850E40-LeaderElection5] INFO  server.RaftServer$Division (ServerState.java:setRaftConf(368)) - 6257d45d-8325-4cae-8440-8c66e4fe0859@group-AAFFB9850E40: set configuration 0: [6257d45d-8325-4cae-8440-8c66e4fe0859|rpc:172.17.0.2:41085|dataStream:|priority:1], old=null
2021-01-18 08:19:09,844 [6257d45d-8325-4cae-8440-8c66e4fe0859@group-AAFFB9850E40-StateMachineUpdater] INFO  ratis.ContainerStateMachine (ContainerStateMachine.java:takeSnapshot(291)) - group-AAFFB9850E40: Taking a snapshot at:(t:1, i:0) file /github/workspace/mnt/ozone/hadoop-ozone/integration-test/target/test-dir/MiniOzoneClusterImpl-bdf065e3-4bf0-4703-b3e1-6acc0ac12f97/datanode-2/data/ratis/cf2843ce-bd2c-4a2d-8b79-aaffb9850e40/sm/snapshot.1_0
2021-01-18 08:19:09,844 [6257d45d-8325-4cae-8440-8c66e4fe0859@group-AAFFB9850E40-StateMachineUpdater] INFO  ratis.ContainerStateMachine (ContainerStateMachine.java:takeSnapshot(302)) - group-AAFFB9850E40: Finished taking a snapshot at:(t:1, i:0) file:/github/workspace/mnt/ozone/hadoop-ozone/integration-test/target/test-dir/MiniOzoneClusterImpl-bdf065e3-4bf0-4703-b3e1-6acc0ac12f97/datanode-2/data/ratis/cf2843ce-bd2c-4a2d-8b79-aaffb9850e40/sm/snapshot.1_0 took: 0 ms
2021-01-18 08:19:09,845 [6257d45d-8325-4cae-8440-8c66e4fe0859@group-AAFFB9850E40-StateMachineUpdater] INFO  impl.StateMachineUpdater (StateMachineUpdater.java:takeSnapshot(279)) - 6257d45d-8325-4cae-8440-8c66e4fe0859@group-AAFFB9850E40-StateMachineUpdater: Took a snapshot at index 0
2021-01-18 08:19:09,845 [6257d45d-8325-4cae-8440-8c66e4fe0859@group-AAFFB9850E40-StateMachineUpdater] INFO  impl.StateMachineUpdater (StateMachineUpdater.java:lambda$new$0(88)) - 6257d45d-8325-4cae-8440-8c66e4fe0859@group-AAFFB9850E40-StateMachineUpdater: snapshotIndex: updateIncreasingly -1 -> 0
2021-01-18 08:19:09,855 [EventQueue-PipelineReportForOneReplicaPipelineSafeModeRule] INFO  safemode.SCMSafeModeManager (SCMSafeModeManager.java:validateSafeModeExitRules(214)) - AtleastOneDatanodeReportedRule rule is successfully validated
2021-01-18 08:19:09,855 [EventQueue-OpenPipelineForHealthyPipelineSafeModeRule] INFO  safemode.SCMSafeModeManager (HealthyPipelineSafeModeRule.java:process(128)) - SCM in safe mode. Healthy pipelines reported count is 0, required healthy pipeline reported count is 1
2021-01-18 08:19:09,857 [Thread-295] INFO  impl.FollowerState (FollowerState.java:run(133)) - 6257d45d-8325-4cae-8440-8c66e4fe0859@group-2F60DBE96792-FollowerState: change to CANDIDATE, lastRpcElapsedTime:5026227990ns, electionTimeout:5019ms
2021-01-18 08:19:09,857 [Thread-295] INFO  impl.RoleInfo (RoleInfo.java:shutdownFollowerState(108)) - 6257d45d-8325-4cae-8440-8c66e4fe0859: shutdown 6257d45d-8325-4cae-8440-8c66e4fe0859@group-2F60DBE96792-FollowerState
2021-01-18 08:19:09,857 [Thread-295] INFO  server.RaftServer$Division (RaftServerImpl.java:setRole(283)) - 6257d45d-8325-4cae-8440-8c66e4fe0859@group-2F60DBE96792: changes role from  FOLLOWER to CANDIDATE at term 0 for changeToCandidate
2021-01-18 08:19:09,857 [Thread-295] INFO  impl.RoleInfo (RoleInfo.java:updateAndGet(130)) - 6257d45d-8325-4cae-8440-8c66e4fe0859: start 6257d45d-8325-4cae-8440-8c66e4fe0859@group-2F60DBE96792-LeaderElection6
2021-01-18 08:19:09,859 [6257d45d-8325-4cae-8440-8c66e4fe0859@group-2F60DBE96792-LeaderElection6] INFO  impl.LeaderElection (LeaderElection.java:askForPreVotes(259)) - 6257d45d-8325-4cae-8440-8c66e4fe0859@group-2F60DBE96792-LeaderElection6: begin a pre-vote at term 0 for -1: [43ca6a2e-d75a-477a-aef7-5c8b743b695f|rpc:172.17.0.2:34735|dataStream:|priority:0, 696d8df7-edf8-435c-b3eb-e448589269ce|rpc:172.17.0.2:44671|dataStream:|priority:0, 6257d45d-8325-4cae-8440-8c66e4fe0859|rpc:172.17.0.2:41085|dataStream:|priority:1], old=null
2021-01-18 08:19:09,870 [grpc-default-executor-3] INFO  server.RaftServer$Division (RaftServerImpl.java:requestPreVote(1060)) - 43ca6a2e-d75a-477a-aef7-5c8b743b695f@group-2F60DBE96792: receive preVote(6257d45d-8325-4cae-8440-8c66e4fe0859, group-2F60DBE96792, 0, (t:0, i:0))
2021-01-18 08:19:09,870 [grpc-default-executor-3] INFO  server.RaftServer$Division (RaftServerImpl.java:requestPreVote(1081)) - 43ca6a2e-d75a-477a-aef7-5c8b743b695f@group-2F60DBE96792 role: FOLLOWER allow pre-vote from:6257d45d-8325-4cae-8440-8c66e4fe0859
2021-01-18 08:19:09,871 [grpc-default-executor-3] INFO  server.RaftServer$Division (RaftServerImpl.java:requestPreVote(1099)) - 43ca6a2e-d75a-477a-aef7-5c8b743b695f@group-2F60DBE96792 replies to pre-vote request: 6257d45d-8325-4cae-8440-8c66e4fe0859<-43ca6a2e-d75a-477a-aef7-5c8b743b695f#0:OK-t0. Peer's state: 43ca6a2e-d75a-477a-aef7-5c8b743b695f@group-2F60DBE96792:t0, leader=null, voted=, raftlog=43ca6a2e-d75a-477a-aef7-5c8b743b695f@group-2F60DBE96792-SegmentedRaftLog:OPENED:c-1,f-1,i0, conf=-1: [43ca6a2e-d75a-477a-aef7-5c8b743b695f|rpc:172.17.0.2:34735|priority:0, 696d8df7-edf8-435c-b3eb-e448589269ce|rpc:172.17.0.2:44671|priority:0, 6257d45d-8325-4cae-8440-8c66e4fe0859|rpc:172.17.0.2:41085|priority:1], old=null
2021-01-18 08:19:09,874 [grpc-default-executor-3] INFO  server.RaftServer$Division (RaftServerImpl.java:requestPreVote(1060)) - 696d8df7-edf8-435c-b3eb-e448589269ce@group-2F60DBE96792: receive preVote(6257d45d-8325-4cae-8440-8c66e4fe0859, group-2F60DBE96792, 0, (t:0, i:0))
2021-01-18 08:19:09,874 [grpc-default-executor-3] INFO  server.RaftServer$Division (RaftServerImpl.java:requestPreVote(1081)) - 696d8df7-edf8-435c-b3eb-e448589269ce@group-2F60DBE96792 role: FOLLOWER allow pre-vote from:6257d45d-8325-4cae-8440-8c66e4fe0859
2021-01-18 08:19:09,874 [grpc-default-executor-3] INFO  server.RaftServer$Division (RaftServerImpl.java:requestPreVote(1099)) - 696d8df7-edf8-435c-b3eb-e448589269ce@group-2F60DBE96792 replies to pre-vote request: 6257d45d-8325-4cae-8440-8c66e4fe0859<-696d8df7-edf8-435c-b3eb-e448589269ce#0:OK-t0. Peer's state: 696d8df7-edf8-435c-b3eb-e448589269ce@group-2F60DBE96792:t0, leader=null, voted=, raftlog=696d8df7-edf8-435c-b3eb-e448589269ce@group-2F60DBE96792-SegmentedRaftLog:OPENED:c-1,f-1,i0, conf=-1: [43ca6a2e-d75a-477a-aef7-5c8b743b695f|rpc:172.17.0.2:34735|priority:0, 696d8df7-edf8-435c-b3eb-e448589269ce|rpc:172.17.0.2:44671|priority:0, 6257d45d-8325-4cae-8440-8c66e4fe0859|rpc:172.17.0.2:41085|priority:1], old=null
2021-01-18 08:19:09,876 [6257d45d-8325-4cae-8440-8c66e4fe0859@group-2F60DBE96792-LeaderElection6] INFO  impl.LeaderElection (LeaderElection.java:logAndReturn(68)) - 6257d45d-8325-4cae-8440-8c66e4fe0859@group-2F60DBE96792-LeaderElection6: Pre-vote  PASSED received 1 response(s):[6257d45d-8325-4cae-8440-8c66e4fe0859<-43ca6a2e-d75a-477a-aef7-5c8b743b695f#0:OK-t0]
2021-01-18 08:19:09,876 [6257d45d-8325-4cae-8440-8c66e4fe0859@group-2F60DBE96792-LeaderElection6] INFO  impl.LeaderElection (LeaderElection.java:askForPreVotes(261)) - 6257d45d-8325-4cae-8440-8c66e4fe0859@group-2F60DBE96792-LeaderElection6 pre-vote result is PASSED.
2021-01-18 08:19:09,877 [6257d45d-8325-4cae-8440-8c66e4fe0859@group-2F60DBE96792-LeaderElection6] INFO  impl.LeaderElection (LeaderElection.java:askForVotes(308)) - 6257d45d-8325-4cae-8440-8c66e4fe0859@group-2F60DBE96792-LeaderElection6: begin an election at term 1 for -1: [43ca6a2e-d75a-477a-aef7-5c8b743b695f|rpc:172.17.0.2:34735|dataStream:|priority:0, 696d8df7-edf8-435c-b3eb-e448589269ce|rpc:172.17.0.2:44671|dataStream:|priority:0, 6257d45d-8325-4cae-8440-8c66e4fe0859|rpc:172.17.0.2:41085|dataStream:|priority:1], old=null
2021-01-18 08:19:09,887 [EventQueue-PipelineReportForOneReplicaPipelineSafeModeRule] INFO  safemode.SCMSafeModeManager (SCMSafeModeManager.java:validateSafeModeExitRules(214)) - AtleastOneDatanodeReportedRule rule is successfully validated
2021-01-18 08:19:09,891 [EventQueue-PipelineReportForOneReplicaPipelineSafeModeRule] INFO  safemode.SCMSafeModeManager (SCMSafeModeManager.java:validateSafeModeExitRules(214)) - AtleastOneDatanodeReportedRule rule is successfully validated
2021-01-18 08:19:09,890 [EventQueue-OpenPipelineForHealthyPipelineSafeModeRule] INFO  safemode.SCMSafeModeManager (HealthyPipelineSafeModeRule.java:process(128)) - SCM in safe mode. Healthy pipelines reported count is 0, required healthy pipeline reported count is 1
2021-01-18 08:19:09,893 [EventQueue-OpenPipelineForHealthyPipelineSafeModeRule] INFO  safemode.SCMSafeModeManager (HealthyPipelineSafeModeRule.java:process(128)) - SCM in safe mode. Healthy pipelines reported count is 0, required healthy pipeline reported count is 1
2021-01-18 08:19:09,894 [grpc-default-executor-3] INFO  server.RaftServer$Division (RaftServerImpl.java:setRole(283)) - 696d8df7-edf8-435c-b3eb-e448589269ce@group-2F60DBE96792: changes role from  FOLLOWER to FOLLOWER at term 1 for recognizeCandidate:6257d45d-8325-4cae-8440-8c66e4fe0859
2021-01-18 08:19:09,895 [grpc-default-executor-3] INFO  impl.RoleInfo (RoleInfo.java:shutdownFollowerState(108)) - 696d8df7-edf8-435c-b3eb-e448589269ce: shutdown 696d8df7-edf8-435c-b3eb-e448589269ce@group-2F60DBE96792-FollowerState
2021-01-18 08:19:09,895 [grpc-default-executor-3] INFO  impl.RoleInfo (RoleInfo.java:updateAndGet(130)) - 696d8df7-edf8-435c-b3eb-e448589269ce: start 696d8df7-edf8-435c-b3eb-e448589269ce@group-2F60DBE96792-FollowerState
2021-01-18 08:19:09,895 [Thread-371] INFO  impl.FollowerState (FollowerState.java:run(142)) - 696d8df7-edf8-435c-b3eb-e448589269ce@group-2F60DBE96792-FollowerState was interrupted: {}
java.lang.InterruptedException: sleep interrupted
	at java.lang.Thread.sleep(Native Method)
	at java.lang.Thread.sleep(Thread.java:340)
	at java.util.concurrent.TimeUnit.sleep(TimeUnit.java:386)
	at org.apache.ratis.util.TimeDuration.sleep(TimeDuration.java:324)
	at org.apache.ratis.util.TimeDuration.sleep(TimeDuration.java:309)
	at org.apache.ratis.server.impl.FollowerState.run(FollowerState.java:117)
2021-01-18 08:19:09,895 [grpc-default-executor-2] INFO  server.RaftServer$Division (RaftServerImpl.java:setRole(283)) - 43ca6a2e-d75a-477a-aef7-5c8b743b695f@group-2F60DBE96792: changes role from  FOLLOWER to FOLLOWER at term 1 for recognizeCandidate:6257d45d-8325-4cae-8440-8c66e4fe0859
2021-01-18 08:19:09,895 [grpc-default-executor-2] INFO  impl.RoleInfo (RoleInfo.java:shutdownFollowerState(108)) - 43ca6a2e-d75a-477a-aef7-5c8b743b695f: shutdown 43ca6a2e-d75a-477a-aef7-5c8b743b695f@group-2F60DBE96792-FollowerState
2021-01-18 08:19:09,896 [EventQueue-PipelineReportForOneReplicaPipelineSafeModeRule] INFO  safemode.SCMSafeModeManager (SCMSafeModeManager.java:validateSafeModeExitRules(214)) - AtleastOneDatanodeReportedRule rule is successfully validated
2021-01-18 08:19:09,900 [EventQueue-OpenPipelineForHealthyPipelineSafeModeRule] INFO  safemode.SCMSafeModeManager (HealthyPipelineSafeModeRule.java:process(128)) - SCM in safe mode. Healthy pipelines reported count is 0, required healthy pipeline reported count is 1
2021-01-18 08:19:09,900 [EventQueue-PipelineReportForOneReplicaPipelineSafeModeRule] INFO  safemode.SCMSafeModeManager (SCMSafeModeManager.java:validateSafeModeExitRules(214)) - AtleastOneDatanodeReportedRule rule is successfully validated
2021-01-18 08:19:09,900 [EventQueue-OpenPipelineForHealthyPipelineSafeModeRule] INFO  safemode.SCMSafeModeManager (HealthyPipelineSafeModeRule.java:process(128)) - SCM in safe mode. Healthy pipelines reported count is 0, required healthy pipeline reported count is 1
2021-01-18 08:19:09,903 [grpc-default-executor-2] INFO  impl.RoleInfo (RoleInfo.java:updateAndGet(130)) - 43ca6a2e-d75a-477a-aef7-5c8b743b695f: start 43ca6a2e-d75a-477a-aef7-5c8b743b695f@group-2F60DBE96792-FollowerState
2021-01-18 08:19:09,903 [Thread-289] INFO  impl.FollowerState (FollowerState.java:run(142)) - 43ca6a2e-d75a-477a-aef7-5c8b743b695f@group-2F60DBE96792-FollowerState was interrupted: {}
java.lang.InterruptedException: sleep interrupted
	at java.lang.Thread.sleep(Native Method)
	at java.lang.Thread.sleep(Thread.java:340)
	at java.util.concurrent.TimeUnit.sleep(TimeUnit.java:386)
	at org.apache.ratis.util.TimeDuration.sleep(TimeDuration.java:324)
	at org.apache.ratis.util.TimeDuration.sleep(TimeDuration.java:309)
	at org.apache.ratis.server.impl.FollowerState.run(FollowerState.java:117)
2021-01-18 08:19:09,904 [grpc-default-executor-2] INFO  server.RaftServer$Division (RaftServerImpl.java:requestVote(1137)) -  FOLLOWER 43ca6a2e-d75a-477a-aef7-5c8b743b695f@group-2F60DBE96792:t1, leader=null, voted=null, raftlog=43ca6a2e-d75a-477a-aef7-5c8b743b695f@group-2F60DBE96792-SegmentedRaftLog:OPENED:c-1,f-1,i0, conf=-1: [43ca6a2e-d75a-477a-aef7-5c8b743b695f|rpc:172.17.0.2:34735|priority:0, 696d8df7-edf8-435c-b3eb-e448589269ce|rpc:172.17.0.2:44671|priority:0, 6257d45d-8325-4cae-8440-8c66e4fe0859|rpc:172.17.0.2:41085|priority:1], old=null RUNNING priority:0 candidate:6257d45d-8325-4cae-8440-8c66e4fe0859|rpc:172.17.0.2:41085|priority:1 candidatePriority:1 compare:0
2021-01-18 08:19:09,905 [grpc-default-executor-3] INFO  server.RaftServer$Division (RaftServerImpl.java:requestVote(1137)) -  FOLLOWER 696d8df7-edf8-435c-b3eb-e448589269ce@group-2F60DBE96792:t1, leader=null, voted=null, raftlog=696d8df7-edf8-435c-b3eb-e448589269ce@group-2F60DBE96792-SegmentedRaftLog:OPENED:c-1,f-1,i0, conf=-1: [43ca6a2e-d75a-477a-aef7-5c8b743b695f|rpc:172.17.0.2:34735|priority:0, 696d8df7-edf8-435c-b3eb-e448589269ce|rpc:172.17.0.2:44671|priority:0, 6257d45d-8325-4cae-8440-8c66e4fe0859|rpc:172.17.0.2:41085|priority:1], old=null RUNNING priority:0 candidate:6257d45d-8325-4cae-8440-8c66e4fe0859|rpc:172.17.0.2:41085|priority:1 candidatePriority:1 compare:0
2021-01-18 08:19:09,907 [6257d45d-8325-4cae-8440-8c66e4fe0859@group-2F60DBE96792-LeaderElection6] INFO  impl.LeaderElection (LeaderElection.java:logAndReturn(68)) - 6257d45d-8325-4cae-8440-8c66e4fe0859@group-2F60DBE96792-LeaderElection6: Election  PASSED received 1 response(s):[6257d45d-8325-4cae-8440-8c66e4fe0859<-696d8df7-edf8-435c-b3eb-e448589269ce#0:OK-t1]
2021-01-18 08:19:09,908 [6257d45d-8325-4cae-8440-8c66e4fe0859@group-2F60DBE96792-LeaderElection6] INFO  impl.RoleInfo (RoleInfo.java:shutdownLeaderElection(121)) - 6257d45d-8325-4cae-8440-8c66e4fe0859: shutdown 6257d45d-8325-4cae-8440-8c66e4fe0859@group-2F60DBE96792-LeaderElection6
2021-01-18 08:19:09,908 [6257d45d-8325-4cae-8440-8c66e4fe0859@group-2F60DBE96792-LeaderElection6] INFO  server.RaftServer$Division (RaftServerImpl.java:setRole(283)) - 6257d45d-8325-4cae-8440-8c66e4fe0859@group-2F60DBE96792: changes role from CANDIDATE to LEADER at term 1 for changeToLeader
2021-01-18 08:19:09,908 [6257d45d-8325-4cae-8440-8c66e4fe0859@group-2F60DBE96792-LeaderElection6] INFO  ratis.XceiverServerRatis (XceiverServerRatis.java:handleLeaderChangedNotification(868)) - Leader change notification received for group: group-2F60DBE96792 with new leaderId: 6257d45d-8325-4cae-8440-8c66e4fe0859
2021-01-18 08:19:09,908 [6257d45d-8325-4cae-8440-8c66e4fe0859@group-2F60DBE96792-LeaderElection6] INFO  server.RaftServer$Division (ServerState.java:setLeader(249)) - 6257d45d-8325-4cae-8440-8c66e4fe0859@group-2F60DBE96792: change Leader from null to 6257d45d-8325-4cae-8440-8c66e4fe0859 at term 1 for becomeLeader, leader elected after 5119ms
2021-01-18 08:19:09,908 [6257d45d-8325-4cae-8440-8c66e4fe0859@group-2F60DBE96792-LeaderElection6] INFO  server.RaftServerConfigKeys (ConfUtils.java:logGet(44)) - raft.server.staging.catchup.gap = 1000 (default)
2021-01-18 08:19:09,908 [6257d45d-8325-4cae-8440-8c66e4fe0859@group-2F60DBE96792-LeaderElection6] INFO  metrics.RatisMetrics (RatisMetrics.java:lambda$create$0(36)) - Creating Metrics Registry : ratis.log_appender.6257d45d-8325-4cae-8440-8c66e4fe0859@group-2F60DBE96792
2021-01-18 08:19:09,908 [6257d45d-8325-4cae-8440-8c66e4fe0859@group-2F60DBE96792-LeaderElection6] INFO  server.RaftServerConfigKeys (ConfUtils.java:logGet(44)) - raft.server.write.element-limit = 1024 (custom)
2021-01-18 08:19:09,908 [6257d45d-8325-4cae-8440-8c66e4fe0859@group-2F60DBE96792-LeaderElection6] INFO  server.RaftServerConfigKeys (ConfUtils.java:logGet(44)) - raft.server.write.byte-limit = 1073741824 (custom)
2021-01-18 08:19:09,909 [6257d45d-8325-4cae-8440-8c66e4fe0859@group-2F60DBE96792-LeaderElection6] INFO  server.RaftServerConfigKeys (ConfUtils.java:logGet(44)) - raft.server.watch.timeout = 10000ms (default)
2021-01-18 08:19:09,909 [6257d45d-8325-4cae-8440-8c66e4fe0859@group-2F60DBE96792-LeaderElection6] INFO  server.RaftServerConfigKeys (ConfUtils.java:logGet(44)) - raft.server.watch.timeout.denomination = 1s (default)
2021-01-18 08:19:09,909 [6257d45d-8325-4cae-8440-8c66e4fe0859@group-2F60DBE96792-LeaderElection6] INFO  server.RaftServerConfigKeys (ConfUtils.java:logGet(44)) - raft.server.watch.element-limit = 65536 (default)
2021-01-18 08:19:09,913 [EventQueue-PipelineReportForOneReplicaPipelineSafeModeRule] INFO  safemode.SCMSafeModeManager (SCMSafeModeManager.java:validateSafeModeExitRules(214)) - AtleastOneDatanodeReportedRule rule is successfully validated
2021-01-18 08:19:09,914 [EventQueue-PipelineReportForPipelineReportHandler] INFO  pipeline.PipelineStateManager (PipelineStateManager.java:openPipeline(132)) - Pipeline Pipeline[ Id: 977a9c08-f91f-4a57-b8e1-2f60dbe96792, Nodes: 6257d45d-8325-4cae-8440-8c66e4fe0859{ip: 172.17.0.2, host: dc3504268712, networkLocation: /default-rack, certSerialId: null, persistedOpState: IN_SERVICE, persistedOpStateExpiryEpochSec: 0}696d8df7-edf8-435c-b3eb-e448589269ce{ip: 172.17.0.2, host: dc3504268712, networkLocation: /default-rack, certSerialId: null, persistedOpState: IN_SERVICE, persistedOpStateExpiryEpochSec: 0}43ca6a2e-d75a-477a-aef7-5c8b743b695f{ip: 172.17.0.2, host: dc3504268712, networkLocation: /default-rack, certSerialId: null, persistedOpState: IN_SERVICE, persistedOpStateExpiryEpochSec: 0}, Type:RATIS, Factor:THREE, State:ALLOCATED, leaderId:6257d45d-8325-4cae-8440-8c66e4fe0859, CreationTimestamp2021-01-18T08:19:01.579Z] moved to OPEN state
2021-01-18 08:19:09,917 [EventQueue-OpenPipelineForHealthyPipelineSafeModeRule] INFO  safemode.SCMSafeModeManager (HealthyPipelineSafeModeRule.java:process(128)) - SCM in safe mode. Healthy pipelines reported count is 1, required healthy pipeline reported count is 1
2021-01-18 08:19:09,917 [EventQueue-OpenPipelineForHealthyPipelineSafeModeRule] INFO  safemode.SCMSafeModeManager (SCMSafeModeManager.java:validateSafeModeExitRules(214)) - HealthyPipelineSafeModeRule rule is successfully validated
2021-01-18 08:19:09,917 [EventQueue-OpenPipelineForHealthyPipelineSafeModeRule] INFO  safemode.SCMSafeModeManager (SCMSafeModeManager.java:validateSafeModeExitRules(228)) - ScmSafeModeManager, all rules are successfully validated
2021-01-18 08:19:09,917 [EventQueue-OpenPipelineForHealthyPipelineSafeModeRule] INFO  safemode.SCMSafeModeManager (SCMSafeModeManager.java:exitSafeMode(257)) - SCM exiting safe mode.
2021-01-18 08:19:09,922 [6257d45d-8325-4cae-8440-8c66e4fe0859@group-2F60DBE96792-LeaderElection6] INFO  server.RaftServerConfigKeys (ConfUtils.java:logGet(44)) - raft.server.log.appender.snapshot.chunk.size.max = 16MB (=16777216) (default)
2021-01-18 08:19:09,923 [6257d45d-8325-4cae-8440-8c66e4fe0859@group-2F60DBE96792-LeaderElection6] INFO  server.RaftServerConfigKeys (ConfUtils.java:logGet(44)) - raft.server.log.appender.buffer.byte-limit = 33554432 (custom)
2021-01-18 08:19:09,923 [6257d45d-8325-4cae-8440-8c66e4fe0859@group-2F60DBE96792-LeaderElection6] INFO  server.RaftServerConfigKeys (ConfUtils.java:logGet(44)) - raft.server.log.appender.buffer.element-limit = 1 (custom)
2021-01-18 08:19:09,926 [6257d45d-8325-4cae-8440-8c66e4fe0859@group-2F60DBE96792-LeaderElection6] INFO  grpc.GrpcConfigKeys (ConfUtils.java:logGet(44)) - raft.grpc.server.leader.outstanding.appends.max = 128 (default)
2021-01-18 08:19:09,926 [6257d45d-8325-4cae-8440-8c66e4fe0859@group-2F60DBE96792-LeaderElection6] INFO  server.RaftServerConfigKeys (ConfUtils.java:logGet(44)) - raft.server.rpc.request.timeout = 3000ms (default)
2021-01-18 08:19:09,927 [6257d45d-8325-4cae-8440-8c66e4fe0859@group-2F60DBE96792-LeaderElection6] INFO  server.RaftServerConfigKeys (ConfUtils.java:logGet(44)) - raft.server.log.appender.install.snapshot.enabled = false (custom)
2021-01-18 08:19:09,927 [6257d45d-8325-4cae-8440-8c66e4fe0859@group-2F60DBE96792-LeaderElection6] INFO  metrics.RatisMetrics (RatisMetrics.java:lambda$create$0(36)) - Creating Metrics Registry : ratis_grpc.log_appender.6257d45d-8325-4cae-8440-8c66e4fe0859@group-2F60DBE96792
2021-01-18 08:19:09,932 [6257d45d-8325-4cae-8440-8c66e4fe0859@group-2F60DBE96792-LeaderElection6] INFO  server.RaftServerConfigKeys (ConfUtils.java:logGet(44)) - raft.server.log.appender.snapshot.chunk.size.max = 16MB (=16777216) (default)
2021-01-18 08:19:09,932 [6257d45d-8325-4cae-8440-8c66e4fe0859@group-2F60DBE96792-LeaderElection6] INFO  server.RaftServerConfigKeys (ConfUtils.java:logGet(44)) - raft.server.log.appender.buffer.byte-limit = 33554432 (custom)
2021-01-18 08:19:09,932 [6257d45d-8325-4cae-8440-8c66e4fe0859@group-2F60DBE96792-LeaderElection6] INFO  server.RaftServerConfigKeys (ConfUtils.java:logGet(44)) - raft.server.log.appender.buffer.element-limit = 1 (custom)
2021-01-18 08:19:09,932 [6257d45d-8325-4cae-8440-8c66e4fe0859@group-2F60DBE96792-LeaderElection6] INFO  grpc.GrpcConfigKeys (ConfUtils.java:logGet(44)) - raft.grpc.server.leader.outstanding.appends.max = 128 (default)
2021-01-18 08:19:09,933 [6257d45d-8325-4cae-8440-8c66e4fe0859@group-2F60DBE96792-LeaderElection6] INFO  server.RaftServerConfigKeys (ConfUtils.java:logGet(44)) - raft.server.rpc.request.timeout = 3000ms (default)
2021-01-18 08:19:09,933 [6257d45d-8325-4cae-8440-8c66e4fe0859@group-2F60DBE96792-LeaderElection6] INFO  server.RaftServerConfigKeys (ConfUtils.java:logGet(44)) - raft.server.log.appender.install.snapshot.enabled = false (custom)
2021-01-18 08:19:09,934 [6257d45d-8325-4cae-8440-8c66e4fe0859@group-2F60DBE96792-LeaderElection6] INFO  impl.RoleInfo (RoleInfo.java:updateAndGet(130)) - 6257d45d-8325-4cae-8440-8c66e4fe0859: start 6257d45d-8325-4cae-8440-8c66e4fe0859@group-2F60DBE96792-LeaderStateImpl
2021-01-18 08:19:09,934 [6257d45d-8325-4cae-8440-8c66e4fe0859@group-2F60DBE96792-LeaderElection6] INFO  segmented.SegmentedRaftLogWorker (SegmentedRaftLogWorker.java:startLogSegment(392)) - 6257d45d-8325-4cae-8440-8c66e4fe0859@group-2F60DBE96792-SegmentedRaftLogWorker: Starting segment from index:0
2021-01-18 08:19:09,949 [6257d45d-8325-4cae-8440-8c66e4fe0859@group-2F60DBE96792-SegmentedRaftLogWorker] INFO  segmented.SegmentedRaftLogWorker (SegmentedRaftLogWorker.java:execute(599)) - 6257d45d-8325-4cae-8440-8c66e4fe0859@group-2F60DBE96792-SegmentedRaftLogWorker: created new log segment /github/workspace/mnt/ozone/hadoop-ozone/integration-test/target/test-dir/MiniOzoneClusterImpl-bdf065e3-4bf0-4703-b3e1-6acc0ac12f97/datanode-2/data/ratis/977a9c08-f91f-4a57-b8e1-2f60dbe96792/current/log_inprogress_0
2021-01-18 08:19:09,964 [6257d45d-8325-4cae-8440-8c66e4fe0859@group-2F60DBE96792-LeaderElection6] INFO  server.RaftServer$Division (ServerState.java:setRaftConf(368)) - 6257d45d-8325-4cae-8440-8c66e4fe0859@group-2F60DBE96792: set configuration 0: [43ca6a2e-d75a-477a-aef7-5c8b743b695f|rpc:172.17.0.2:34735|dataStream:|priority:0, 696d8df7-edf8-435c-b3eb-e448589269ce|rpc:172.17.0.2:44671|dataStream:|priority:0, 6257d45d-8325-4cae-8440-8c66e4fe0859|rpc:172.17.0.2:41085|dataStream:|priority:1], old=null
2021-01-18 08:19:09,965 [Thread-300] INFO  impl.FollowerState (FollowerState.java:run(133)) - 6257d45d-8325-4cae-8440-8c66e4fe0859@group-EF68238C99B2-FollowerState: change to CANDIDATE, lastRpcElapsedTime:5078108567ns, electionTimeout:5055ms
2021-01-18 08:19:09,972 [Thread-300] INFO  impl.RoleInfo (RoleInfo.java:shutdownFollowerState(108)) - 6257d45d-8325-4cae-8440-8c66e4fe0859: shutdown 6257d45d-8325-4cae-8440-8c66e4fe0859@group-EF68238C99B2-FollowerState
2021-01-18 08:19:09,972 [Thread-300] INFO  server.RaftServer$Division (RaftServerImpl.java:setRole(283)) - 6257d45d-8325-4cae-8440-8c66e4fe0859@group-EF68238C99B2: changes role from  FOLLOWER to CANDIDATE at term 0 for changeToCandidate
2021-01-18 08:19:09,972 [Thread-300] INFO  impl.RoleInfo (RoleInfo.java:updateAndGet(130)) - 6257d45d-8325-4cae-8440-8c66e4fe0859: start 6257d45d-8325-4cae-8440-8c66e4fe0859@group-EF68238C99B2-LeaderElection7
2021-01-18 08:19:09,973 [6257d45d-8325-4cae-8440-8c66e4fe0859@group-2F60DBE96792-StateMachineUpdater] INFO  ratis.ContainerStateMachine (ContainerStateMachine.java:takeSnapshot(291)) - group-2F60DBE96792: Taking a snapshot at:(t:1, i:0) file /github/workspace/mnt/ozone/hadoop-ozone/integration-test/target/test-dir/MiniOzoneClusterImpl-bdf065e3-4bf0-4703-b3e1-6acc0ac12f97/datanode-2/data/ratis/977a9c08-f91f-4a57-b8e1-2f60dbe96792/sm/snapshot.1_0
2021-01-18 08:19:09,974 [6257d45d-8325-4cae-8440-8c66e4fe0859@group-2F60DBE96792-StateMachineUpdater] INFO  ratis.ContainerStateMachine (ContainerStateMachine.java:takeSnapshot(302)) - group-2F60DBE96792: Finished taking a snapshot at:(t:1, i:0) file:/github/workspace/mnt/ozone/hadoop-ozone/integration-test/target/test-dir/MiniOzoneClusterImpl-bdf065e3-4bf0-4703-b3e1-6acc0ac12f97/datanode-2/data/ratis/977a9c08-f91f-4a57-b8e1-2f60dbe96792/sm/snapshot.1_0 took: 0 ms
2021-01-18 08:19:09,974 [6257d45d-8325-4cae-8440-8c66e4fe0859@group-2F60DBE96792-StateMachineUpdater] INFO  impl.StateMachineUpdater (StateMachineUpdater.java:takeSnapshot(279)) - 6257d45d-8325-4cae-8440-8c66e4fe0859@group-2F60DBE96792-StateMachineUpdater: Took a snapshot at index 0
2021-01-18 08:19:09,974 [6257d45d-8325-4cae-8440-8c66e4fe0859@group-2F60DBE96792-StateMachineUpdater] INFO  impl.StateMachineUpdater (StateMachineUpdater.java:lambda$new$0(88)) - 6257d45d-8325-4cae-8440-8c66e4fe0859@group-2F60DBE96792-StateMachineUpdater: snapshotIndex: updateIncreasingly -1 -> 0
2021-01-18 08:19:09,982 [grpc-default-executor-3] INFO  ratis.XceiverServerRatis (XceiverServerRatis.java:handleLeaderChangedNotification(868)) - Leader change notification received for group: group-2F60DBE96792 with new leaderId: 6257d45d-8325-4cae-8440-8c66e4fe0859
2021-01-18 08:19:09,984 [grpc-default-executor-3] INFO  server.RaftServer$Division (ServerState.java:setLeader(249)) - 43ca6a2e-d75a-477a-aef7-5c8b743b695f@group-2F60DBE96792: change Leader from null to 6257d45d-8325-4cae-8440-8c66e4fe0859 at term 1 for appendEntries, leader elected after 5346ms
2021-01-18 08:19:09,996 [6257d45d-8325-4cae-8440-8c66e4fe0859@group-EF68238C99B2-LeaderElection7] INFO  impl.LeaderElection (LeaderElection.java:askForPreVotes(259)) - 6257d45d-8325-4cae-8440-8c66e4fe0859@group-EF68238C99B2-LeaderElection7: begin a pre-vote at term 0 for -1: [43ca6a2e-d75a-477a-aef7-5c8b743b695f|rpc:172.17.0.2:34735|priority:0, 696d8df7-edf8-435c-b3eb-e448589269ce|rpc:172.17.0.2:44671|priority:1, 6257d45d-8325-4cae-8440-8c66e4fe0859|rpc:172.17.0.2:41085|priority:0], old=null
2021-01-18 08:19:09,996 [grpc-default-executor-1] INFO  ratis.XceiverServerRatis (XceiverServerRatis.java:handleLeaderChangedNotification(868)) - Leader change notification received for group: group-2F60DBE96792 with new leaderId: 6257d45d-8325-4cae-8440-8c66e4fe0859
2021-01-18 08:19:09,996 [grpc-default-executor-1] INFO  server.RaftServer$Division (ServerState.java:setLeader(249)) - 696d8df7-edf8-435c-b3eb-e448589269ce@group-2F60DBE96792: change Leader from null to 6257d45d-8325-4cae-8440-8c66e4fe0859 at term 1 for appendEntries, leader elected after 5922ms
2021-01-18 08:19:10,004 [grpc-default-executor-2] INFO  server.RaftServer$Division (RaftServerImpl.java:requestPreVote(1060)) - 696d8df7-edf8-435c-b3eb-e448589269ce@group-EF68238C99B2: receive preVote(6257d45d-8325-4cae-8440-8c66e4fe0859, group-EF68238C99B2, 0, (t:0, i:0))
2021-01-18 08:19:10,004 [grpc-default-executor-2] INFO  server.RaftServer$Division (RaftServerImpl.java:requestPreVote(1083)) - 696d8df7-edf8-435c-b3eb-e448589269ce@group-EF68238C99B2 role: FOLLOWER reject pre-vote from:6257d45d-8325-4cae-8440-8c66e4fe0859 because compare:0 isCurrentLeaderValid:false
2021-01-18 08:19:10,005 [grpc-default-executor-2] INFO  server.RaftServer$Division (RaftServerImpl.java:requestPreVote(1099)) - 696d8df7-edf8-435c-b3eb-e448589269ce@group-EF68238C99B2 replies to pre-vote request: 6257d45d-8325-4cae-8440-8c66e4fe0859<-696d8df7-edf8-435c-b3eb-e448589269ce#0:FAIL-t0. Peer's state: 696d8df7-edf8-435c-b3eb-e448589269ce@group-EF68238C99B2:t0, leader=null, voted=, raftlog=696d8df7-edf8-435c-b3eb-e448589269ce@group-EF68238C99B2-SegmentedRaftLog:OPENED:c-1,f-1,i0, conf=-1: [43ca6a2e-d75a-477a-aef7-5c8b743b695f|rpc:172.17.0.2:34735|dataStream:|priority:0, 696d8df7-edf8-435c-b3eb-e448589269ce|rpc:172.17.0.2:44671|dataStream:|priority:1, 6257d45d-8325-4cae-8440-8c66e4fe0859|rpc:172.17.0.2:41085|dataStream:|priority:0], old=null
2021-01-18 08:19:10,008 [6257d45d-8325-4cae-8440-8c66e4fe0859@group-EF68238C99B2-LeaderElection7] INFO  impl.LeaderElection (LeaderElection.java:logAndReturn(68)) - 6257d45d-8325-4cae-8440-8c66e4fe0859@group-EF68238C99B2-LeaderElection7: Pre-vote  REJECTED received 1 response(s):[6257d45d-8325-4cae-8440-8c66e4fe0859<-696d8df7-edf8-435c-b3eb-e448589269ce#0:FAIL-t0]
2021-01-18 08:19:10,008 [6257d45d-8325-4cae-8440-8c66e4fe0859@group-EF68238C99B2-LeaderElection7] INFO  impl.LeaderElection (LeaderElection.java:askForPreVotes(261)) - 6257d45d-8325-4cae-8440-8c66e4fe0859@group-EF68238C99B2-LeaderElection7 pre-vote result is REJECTED.
2021-01-18 08:19:10,008 [6257d45d-8325-4cae-8440-8c66e4fe0859@group-EF68238C99B2-LeaderElection7] INFO  server.RaftServer$Division (RaftServerImpl.java:setRole(283)) - 6257d45d-8325-4cae-8440-8c66e4fe0859@group-EF68238C99B2: changes role from CANDIDATE to FOLLOWER at term 0 for REJECTED
2021-01-18 08:19:10,008 [6257d45d-8325-4cae-8440-8c66e4fe0859@group-EF68238C99B2-LeaderElection7] INFO  impl.RoleInfo (RoleInfo.java:shutdownLeaderElection(121)) - 6257d45d-8325-4cae-8440-8c66e4fe0859: shutdown 6257d45d-8325-4cae-8440-8c66e4fe0859@group-EF68238C99B2-LeaderElection7
2021-01-18 08:19:10,008 [6257d45d-8325-4cae-8440-8c66e4fe0859@group-EF68238C99B2-LeaderElection7] INFO  impl.RoleInfo (RoleInfo.java:updateAndGet(130)) - 6257d45d-8325-4cae-8440-8c66e4fe0859: start 6257d45d-8325-4cae-8440-8c66e4fe0859@group-EF68238C99B2-FollowerState
2021-01-18 08:19:10,017 [grpc-default-executor-1] INFO  server.RaftServer$Division (RaftServerImpl.java:requestPreVote(1060)) - 43ca6a2e-d75a-477a-aef7-5c8b743b695f@group-EF68238C99B2: receive preVote(6257d45d-8325-4cae-8440-8c66e4fe0859, group-EF68238C99B2, 0, (t:0, i:0))
2021-01-18 08:19:10,021 [grpc-default-executor-1] INFO  server.RaftServer$Division (RaftServerImpl.java:requestPreVote(1081)) - 43ca6a2e-d75a-477a-aef7-5c8b743b695f@group-EF68238C99B2 role: FOLLOWER allow pre-vote from:6257d45d-8325-4cae-8440-8c66e4fe0859
2021-01-18 08:19:10,021 [grpc-default-executor-1] INFO  server.RaftServer$Division (RaftServerImpl.java:requestPreVote(1099)) - 43ca6a2e-d75a-477a-aef7-5c8b743b695f@group-EF68238C99B2 replies to pre-vote request: 6257d45d-8325-4cae-8440-8c66e4fe0859<-43ca6a2e-d75a-477a-aef7-5c8b743b695f#0:OK-t0. Peer's state: 43ca6a2e-d75a-477a-aef7-5c8b743b695f@group-EF68238C99B2:t0, leader=null, voted=, raftlog=43ca6a2e-d75a-477a-aef7-5c8b743b695f@group-EF68238C99B2-SegmentedRaftLog:OPENED:c-1,f-1,i0, conf=-1: [43ca6a2e-d75a-477a-aef7-5c8b743b695f|rpc:172.17.0.2:34735|priority:0, 696d8df7-edf8-435c-b3eb-e448589269ce|rpc:172.17.0.2:44671|priority:1, 6257d45d-8325-4cae-8440-8c66e4fe0859|rpc:172.17.0.2:41085|priority:0], old=null
2021-01-18 08:19:10,017 [Thread-297] INFO  impl.FollowerState (FollowerState.java:run(133)) - cf5be2f4-6792-4067-a62c-82347c056bf8@group-B975877FFE9F-FollowerState: change to CANDIDATE, lastRpcElapsedTime:5172316989ns, electionTimeout:5158ms
2021-01-18 08:19:10,022 [Thread-297] INFO  impl.RoleInfo (RoleInfo.java:shutdownFollowerState(108)) - cf5be2f4-6792-4067-a62c-82347c056bf8: shutdown cf5be2f4-6792-4067-a62c-82347c056bf8@group-B975877FFE9F-FollowerState
2021-01-18 08:19:10,022 [Thread-297] INFO  server.RaftServer$Division (RaftServerImpl.java:setRole(283)) - cf5be2f4-6792-4067-a62c-82347c056bf8@group-B975877FFE9F: changes role from  FOLLOWER to CANDIDATE at term 0 for changeToCandidate
2021-01-18 08:19:10,022 [Thread-297] INFO  impl.RoleInfo (RoleInfo.java:updateAndGet(130)) - cf5be2f4-6792-4067-a62c-82347c056bf8: start cf5be2f4-6792-4067-a62c-82347c056bf8@group-B975877FFE9F-LeaderElection8
2021-01-18 08:19:10,028 [grpc-default-executor-3] INFO  server.RaftServer$Division (ServerState.java:setRaftConf(368)) - 43ca6a2e-d75a-477a-aef7-5c8b743b695f@group-2F60DBE96792: set configuration 0: [43ca6a2e-d75a-477a-aef7-5c8b743b695f|rpc:172.17.0.2:34735|dataStream:|priority:0, 696d8df7-edf8-435c-b3eb-e448589269ce|rpc:172.17.0.2:44671|dataStream:|priority:0, 6257d45d-8325-4cae-8440-8c66e4fe0859|rpc:172.17.0.2:41085|dataStream:|priority:1], old=null
2021-01-18 08:19:10,029 [grpc-default-executor-2] INFO  server.RaftServer$Division (ServerState.java:setRaftConf(368)) - 696d8df7-edf8-435c-b3eb-e448589269ce@group-2F60DBE96792: set configuration 0: [43ca6a2e-d75a-477a-aef7-5c8b743b695f|rpc:172.17.0.2:34735|dataStream:|priority:0, 696d8df7-edf8-435c-b3eb-e448589269ce|rpc:172.17.0.2:44671|dataStream:|priority:0, 6257d45d-8325-4cae-8440-8c66e4fe0859|rpc:172.17.0.2:41085|dataStream:|priority:1], old=null
2021-01-18 08:19:10,032 [grpc-default-executor-3] INFO  segmented.SegmentedRaftLogWorker (SegmentedRaftLogWorker.java:startLogSegment(392)) - 43ca6a2e-d75a-477a-aef7-5c8b743b695f@group-2F60DBE96792-SegmentedRaftLogWorker: Starting segment from index:0
2021-01-18 08:19:10,033 [grpc-default-executor-2] INFO  segmented.SegmentedRaftLogWorker (SegmentedRaftLogWorker.java:startLogSegment(392)) - 696d8df7-edf8-435c-b3eb-e448589269ce@group-2F60DBE96792-SegmentedRaftLogWorker: Starting segment from index:0
2021-01-18 08:19:10,036 [43ca6a2e-d75a-477a-aef7-5c8b743b695f@group-2F60DBE96792-SegmentedRaftLogWorker] INFO  segmented.SegmentedRaftLogWorker (SegmentedRaftLogWorker.java:execute(599)) - 43ca6a2e-d75a-477a-aef7-5c8b743b695f@group-2F60DBE96792-SegmentedRaftLogWorker: created new log segment /github/workspace/mnt/ozone/hadoop-ozone/integration-test/target/test-dir/MiniOzoneClusterImpl-bdf065e3-4bf0-4703-b3e1-6acc0ac12f97/datanode-1/data/ratis/977a9c08-f91f-4a57-b8e1-2f60dbe96792/current/log_inprogress_0
2021-01-18 08:19:10,037 [696d8df7-edf8-435c-b3eb-e448589269ce@group-2F60DBE96792-SegmentedRaftLogWorker] INFO  segmented.SegmentedRaftLogWorker (SegmentedRaftLogWorker.java:execute(599)) - 696d8df7-edf8-435c-b3eb-e448589269ce@group-2F60DBE96792-SegmentedRaftLogWorker: created new log segment /github/workspace/mnt/ozone/hadoop-ozone/integration-test/target/test-dir/MiniOzoneClusterImpl-bdf065e3-4bf0-4703-b3e1-6acc0ac12f97/datanode-0/data/ratis/977a9c08-f91f-4a57-b8e1-2f60dbe96792/current/log_inprogress_0
2021-01-18 08:19:10,042 [43ca6a2e-d75a-477a-aef7-5c8b743b695f@group-2F60DBE96792-StateMachineUpdater] INFO  ratis.ContainerStateMachine (ContainerStateMachine.java:takeSnapshot(291)) - group-2F60DBE96792: Taking a snapshot at:(t:1, i:0) file /github/workspace/mnt/ozone/hadoop-ozone/integration-test/target/test-dir/MiniOzoneClusterImpl-bdf065e3-4bf0-4703-b3e1-6acc0ac12f97/datanode-1/data/ratis/977a9c08-f91f-4a57-b8e1-2f60dbe96792/sm/snapshot.1_0
2021-01-18 08:19:10,043 [43ca6a2e-d75a-477a-aef7-5c8b743b695f@group-2F60DBE96792-StateMachineUpdater] INFO  ratis.ContainerStateMachine (ContainerStateMachine.java:takeSnapshot(302)) - group-2F60DBE96792: Finished taking a snapshot at:(t:1, i:0) file:/github/workspace/mnt/ozone/hadoop-ozone/integration-test/target/test-dir/MiniOzoneClusterImpl-bdf065e3-4bf0-4703-b3e1-6acc0ac12f97/datanode-1/data/ratis/977a9c08-f91f-4a57-b8e1-2f60dbe96792/sm/snapshot.1_0 took: 1 ms
2021-01-18 08:19:10,043 [43ca6a2e-d75a-477a-aef7-5c8b743b695f@group-2F60DBE96792-StateMachineUpdater] INFO  impl.StateMachineUpdater (StateMachineUpdater.java:takeSnapshot(279)) - 43ca6a2e-d75a-477a-aef7-5c8b743b695f@group-2F60DBE96792-StateMachineUpdater: Took a snapshot at index 0
2021-01-18 08:19:10,043 [43ca6a2e-d75a-477a-aef7-5c8b743b695f@group-2F60DBE96792-StateMachineUpdater] INFO  impl.StateMachineUpdater (StateMachineUpdater.java:lambda$new$0(88)) - 43ca6a2e-d75a-477a-aef7-5c8b743b695f@group-2F60DBE96792-StateMachineUpdater: snapshotIndex: updateIncreasingly -1 -> 0
2021-01-18 08:19:10,047 [696d8df7-edf8-435c-b3eb-e448589269ce@group-2F60DBE96792-StateMachineUpdater] INFO  ratis.ContainerStateMachine (ContainerStateMachine.java:takeSnapshot(291)) - group-2F60DBE96792: Taking a snapshot at:(t:1, i:0) file /github/workspace/mnt/ozone/hadoop-ozone/integration-test/target/test-dir/MiniOzoneClusterImpl-bdf065e3-4bf0-4703-b3e1-6acc0ac12f97/datanode-0/data/ratis/977a9c08-f91f-4a57-b8e1-2f60dbe96792/sm/snapshot.1_0
2021-01-18 08:19:10,048 [696d8df7-edf8-435c-b3eb-e448589269ce@group-2F60DBE96792-StateMachineUpdater] INFO  ratis.ContainerStateMachine (ContainerStateMachine.java:takeSnapshot(302)) - group-2F60DBE96792: Finished taking a snapshot at:(t:1, i:0) file:/github/workspace/mnt/ozone/hadoop-ozone/integration-test/target/test-dir/MiniOzoneClusterImpl-bdf065e3-4bf0-4703-b3e1-6acc0ac12f97/datanode-0/data/ratis/977a9c08-f91f-4a57-b8e1-2f60dbe96792/sm/snapshot.1_0 took: 1 ms
2021-01-18 08:19:10,048 [cf5be2f4-6792-4067-a62c-82347c056bf8@group-B975877FFE9F-LeaderElection8] INFO  impl.LeaderElection (LeaderElection.java:askForPreVotes(259)) - cf5be2f4-6792-4067-a62c-82347c056bf8@group-B975877FFE9F-LeaderElection8: begin a pre-vote at term 0 for -1: [cf5be2f4-6792-4067-a62c-82347c056bf8|rpc:172.17.0.2:37857|priority:1], old=null
2021-01-18 08:19:10,048 [cf5be2f4-6792-4067-a62c-82347c056bf8@group-B975877FFE9F-LeaderElection8] INFO  impl.LeaderElection (LeaderElection.java:askForPreVotes(261)) - cf5be2f4-6792-4067-a62c-82347c056bf8@group-B975877FFE9F-LeaderElection8 pre-vote result is PASSED.
2021-01-18 08:19:10,048 [696d8df7-edf8-435c-b3eb-e448589269ce@group-2F60DBE96792-StateMachineUpdater] INFO  impl.StateMachineUpdater (StateMachineUpdater.java:takeSnapshot(279)) - 696d8df7-edf8-435c-b3eb-e448589269ce@group-2F60DBE96792-StateMachineUpdater: Took a snapshot at index 0
2021-01-18 08:19:10,048 [696d8df7-edf8-435c-b3eb-e448589269ce@group-2F60DBE96792-StateMachineUpdater] INFO  impl.StateMachineUpdater (StateMachineUpdater.java:lambda$new$0(88)) - 696d8df7-edf8-435c-b3eb-e448589269ce@group-2F60DBE96792-StateMachineUpdater: snapshotIndex: updateIncreasingly -1 -> 0
2021-01-18 08:19:10,050 [cf5be2f4-6792-4067-a62c-82347c056bf8@group-B975877FFE9F-LeaderElection8] INFO  impl.LeaderElection (LeaderElection.java:askForVotes(308)) - cf5be2f4-6792-4067-a62c-82347c056bf8@group-B975877FFE9F-LeaderElection8: begin an election at term 1 for -1: [cf5be2f4-6792-4067-a62c-82347c056bf8|rpc:172.17.0.2:37857|priority:1], old=null
2021-01-18 08:19:10,050 [cf5be2f4-6792-4067-a62c-82347c056bf8@group-B975877FFE9F-LeaderElection8] INFO  impl.RoleInfo (RoleInfo.java:shutdownLeaderElection(121)) - cf5be2f4-6792-4067-a62c-82347c056bf8: shutdown cf5be2f4-6792-4067-a62c-82347c056bf8@group-B975877FFE9F-LeaderElection8
2021-01-18 08:19:10,050 [cf5be2f4-6792-4067-a62c-82347c056bf8@group-B975877FFE9F-LeaderElection8] INFO  server.RaftServer$Division (RaftServerImpl.java:setRole(283)) - cf5be2f4-6792-4067-a62c-82347c056bf8@group-B975877FFE9F: changes role from CANDIDATE to LEADER at term 1 for changeToLeader
2021-01-18 08:19:10,050 [cf5be2f4-6792-4067-a62c-82347c056bf8@group-B975877FFE9F-LeaderElection8] INFO  ratis.XceiverServerRatis (XceiverServerRatis.java:handleLeaderChangedNotification(868)) - Leader change notification received for group: group-B975877FFE9F with new leaderId: cf5be2f4-6792-4067-a62c-82347c056bf8
2021-01-18 08:19:10,050 [cf5be2f4-6792-4067-a62c-82347c056bf8@group-B975877FFE9F-LeaderElection8] INFO  server.RaftServer$Division (ServerState.java:setLeader(249)) - cf5be2f4-6792-4067-a62c-82347c056bf8@group-B975877FFE9F: change Leader from null to cf5be2f4-6792-4067-a62c-82347c056bf8 at term 1 for becomeLeader, leader elected after 5229ms
2021-01-18 08:19:10,050 [cf5be2f4-6792-4067-a62c-82347c056bf8@group-B975877FFE9F-LeaderElection8] INFO  server.RaftServerConfigKeys (ConfUtils.java:logGet(44)) - raft.server.staging.catchup.gap = 1000 (default)
2021-01-18 08:19:10,050 [cf5be2f4-6792-4067-a62c-82347c056bf8@group-B975877FFE9F-LeaderElection8] INFO  metrics.RatisMetrics (RatisMetrics.java:lambda$create$0(36)) - Creating Metrics Registry : ratis.log_appender.cf5be2f4-6792-4067-a62c-82347c056bf8@group-B975877FFE9F
2021-01-18 08:19:10,050 [cf5be2f4-6792-4067-a62c-82347c056bf8@group-B975877FFE9F-LeaderElection8] INFO  server.RaftServerConfigKeys (ConfUtils.java:logGet(44)) - raft.server.write.element-limit = 1024 (custom)
2021-01-18 08:19:10,050 [cf5be2f4-6792-4067-a62c-82347c056bf8@group-B975877FFE9F-LeaderElection8] INFO  server.RaftServerConfigKeys (ConfUtils.java:logGet(44)) - raft.server.write.byte-limit = 1073741824 (custom)
2021-01-18 08:19:10,051 [cf5be2f4-6792-4067-a62c-82347c056bf8@group-B975877FFE9F-LeaderElection8] INFO  server.RaftServerConfigKeys (ConfUtils.java:logGet(44)) - raft.server.watch.timeout = 10000ms (default)
2021-01-18 08:19:10,051 [cf5be2f4-6792-4067-a62c-82347c056bf8@group-B975877FFE9F-LeaderElection8] INFO  server.RaftServerConfigKeys (ConfUtils.java:logGet(44)) - raft.server.watch.timeout.denomination = 1s (default)
2021-01-18 08:19:10,051 [cf5be2f4-6792-4067-a62c-82347c056bf8@group-B975877FFE9F-LeaderElection8] INFO  server.RaftServerConfigKeys (ConfUtils.java:logGet(44)) - raft.server.watch.element-limit = 65536 (default)
2021-01-18 08:19:10,051 [cf5be2f4-6792-4067-a62c-82347c056bf8@group-B975877FFE9F-LeaderElection8] INFO  impl.RoleInfo (RoleInfo.java:updateAndGet(130)) - cf5be2f4-6792-4067-a62c-82347c056bf8: start cf5be2f4-6792-4067-a62c-82347c056bf8@group-B975877FFE9F-LeaderStateImpl
2021-01-18 08:19:10,051 [cf5be2f4-6792-4067-a62c-82347c056bf8@group-B975877FFE9F-LeaderElection8] INFO  segmented.SegmentedRaftLogWorker (SegmentedRaftLogWorker.java:startLogSegment(392)) - cf5be2f4-6792-4067-a62c-82347c056bf8@group-B975877FFE9F-SegmentedRaftLogWorker: Starting segment from index:0
2021-01-18 08:19:10,054 [cf5be2f4-6792-4067-a62c-82347c056bf8@group-B975877FFE9F-SegmentedRaftLogWorker] INFO  segmented.SegmentedRaftLogWorker (SegmentedRaftLogWorker.java:execute(599)) - cf5be2f4-6792-4067-a62c-82347c056bf8@group-B975877FFE9F-SegmentedRaftLogWorker: created new log segment /github/workspace/mnt/ozone/hadoop-ozone/integration-test/target/test-dir/MiniOzoneClusterImpl-bdf065e3-4bf0-4703-b3e1-6acc0ac12f97/datanode-3/data/ratis/f2532320-d900-4f79-81ed-b975877ffe9f/current/log_inprogress_0
2021-01-18 08:19:10,072 [Listener at 127.0.0.1/45853] INFO  ozone.MiniOzoneClusterImpl (MiniOzoneClusterImpl.java:lambda$waitForClusterToBeReady$0(179)) - Nodes are ready. Got 10 of 10 DN Heartbeats.
2021-01-18 08:19:10,072 [Listener at 127.0.0.1/45853] INFO  ozone.MiniOzoneClusterImpl (MiniOzoneClusterImpl.java:lambda$waitForClusterToBeReady$0(182)) - Cluster exits safe mode
2021-01-18 08:19:10,073 [cf5be2f4-6792-4067-a62c-82347c056bf8@group-B975877FFE9F-LeaderElection8] INFO  server.RaftServer$Division (ServerState.java:setRaftConf(368)) - cf5be2f4-6792-4067-a62c-82347c056bf8@group-B975877FFE9F: set configuration 0: [cf5be2f4-6792-4067-a62c-82347c056bf8|rpc:172.17.0.2:37857|dataStream:|priority:1], old=null
2021-01-18 08:19:10,074 [cf5be2f4-6792-4067-a62c-82347c056bf8@group-B975877FFE9F-StateMachineUpdater] INFO  ratis.ContainerStateMachine (ContainerStateMachine.java:takeSnapshot(291)) - group-B975877FFE9F: Taking a snapshot at:(t:1, i:0) file /github/workspace/mnt/ozone/hadoop-ozone/integration-test/target/test-dir/MiniOzoneClusterImpl-bdf065e3-4bf0-4703-b3e1-6acc0ac12f97/datanode-3/data/ratis/f2532320-d900-4f79-81ed-b975877ffe9f/sm/snapshot.1_0
2021-01-18 08:19:10,075 [cf5be2f4-6792-4067-a62c-82347c056bf8@group-B975877FFE9F-StateMachineUpdater] INFO  ratis.ContainerStateMachine (ContainerStateMachine.java:takeSnapshot(302)) - group-B975877FFE9F: Finished taking a snapshot at:(t:1, i:0) file:/github/workspace/mnt/ozone/hadoop-ozone/integration-test/target/test-dir/MiniOzoneClusterImpl-bdf065e3-4bf0-4703-b3e1-6acc0ac12f97/datanode-3/data/ratis/f2532320-d900-4f79-81ed-b975877ffe9f/sm/snapshot.1_0 took: 1 ms
2021-01-18 08:19:10,075 [cf5be2f4-6792-4067-a62c-82347c056bf8@group-B975877FFE9F-StateMachineUpdater] INFO  impl.StateMachineUpdater (StateMachineUpdater.java:takeSnapshot(279)) - cf5be2f4-6792-4067-a62c-82347c056bf8@group-B975877FFE9F-StateMachineUpdater: Took a snapshot at index 0
2021-01-18 08:19:10,075 [cf5be2f4-6792-4067-a62c-82347c056bf8@group-B975877FFE9F-StateMachineUpdater] INFO  impl.StateMachineUpdater (StateMachineUpdater.java:lambda$new$0(88)) - cf5be2f4-6792-4067-a62c-82347c056bf8@group-B975877FFE9F-StateMachineUpdater: snapshotIndex: updateIncreasingly -1 -> 0
2021-01-18 08:19:10,114 [Thread-303] INFO  impl.FollowerState (FollowerState.java:run(133)) - cf5be2f4-6792-4067-a62c-82347c056bf8@group-064B80184E77-FollowerState: change to CANDIDATE, lastRpcElapsedTime:5152895023ns, electionTimeout:5152ms
2021-01-18 08:19:10,115 [Thread-303] INFO  impl.RoleInfo (RoleInfo.java:shutdownFollowerState(108)) - cf5be2f4-6792-4067-a62c-82347c056bf8: shutdown cf5be2f4-6792-4067-a62c-82347c056bf8@group-064B80184E77-FollowerState
2021-01-18 08:19:10,115 [Thread-303] INFO  server.RaftServer$Division (RaftServerImpl.java:setRole(283)) - cf5be2f4-6792-4067-a62c-82347c056bf8@group-064B80184E77: changes role from  FOLLOWER to CANDIDATE at term 0 for changeToCandidate
2021-01-18 08:19:10,115 [Thread-303] INFO  impl.RoleInfo (RoleInfo.java:updateAndGet(130)) - cf5be2f4-6792-4067-a62c-82347c056bf8: start cf5be2f4-6792-4067-a62c-82347c056bf8@group-064B80184E77-LeaderElection9
2021-01-18 08:19:10,128 [cf5be2f4-6792-4067-a62c-82347c056bf8@group-064B80184E77-LeaderElection9] INFO  impl.LeaderElection (LeaderElection.java:askForPreVotes(259)) - cf5be2f4-6792-4067-a62c-82347c056bf8@group-064B80184E77-LeaderElection9: begin a pre-vote at term 0 for -1: [dc393f10-cf1b-4856-93c0-8107f803be1a|rpc:172.17.0.2:44865|priority:0, bfdb13f1-88be-4fd0-b5f0-1bffb59ec9b7|rpc:172.17.0.2:40691|priority:1, cf5be2f4-6792-4067-a62c-82347c056bf8|rpc:172.17.0.2:37857|priority:0], old=null
2021-01-18 08:19:10,148 [grpc-default-executor-2] INFO  server.RaftServer$Division (RaftServerImpl.java:requestPreVote(1060)) - dc393f10-cf1b-4856-93c0-8107f803be1a@group-064B80184E77: receive preVote(cf5be2f4-6792-4067-a62c-82347c056bf8, group-064B80184E77, 0, (t:0, i:0))
2021-01-18 08:19:10,148 [grpc-default-executor-2] INFO  server.RaftServer$Division (RaftServerImpl.java:requestPreVote(1081)) - dc393f10-cf1b-4856-93c0-8107f803be1a@group-064B80184E77 role: FOLLOWER allow pre-vote from:cf5be2f4-6792-4067-a62c-82347c056bf8
2021-01-18 08:19:10,148 [grpc-default-executor-2] INFO  server.RaftServer$Division (RaftServerImpl.java:requestPreVote(1099)) - dc393f10-cf1b-4856-93c0-8107f803be1a@group-064B80184E77 replies to pre-vote request: cf5be2f4-6792-4067-a62c-82347c056bf8<-dc393f10-cf1b-4856-93c0-8107f803be1a#0:OK-t0. Peer's state: dc393f10-cf1b-4856-93c0-8107f803be1a@group-064B80184E77:t0, leader=null, voted=, raftlog=dc393f10-cf1b-4856-93c0-8107f803be1a@group-064B80184E77-SegmentedRaftLog:OPENED:c-1,f-1,i0, conf=-1: [dc393f10-cf1b-4856-93c0-8107f803be1a|rpc:172.17.0.2:44865|priority:0, bfdb13f1-88be-4fd0-b5f0-1bffb59ec9b7|rpc:172.17.0.2:40691|priority:1, cf5be2f4-6792-4067-a62c-82347c056bf8|rpc:172.17.0.2:37857|priority:0], old=null
2021-01-18 08:19:10,159 [grpc-default-executor-2] INFO  server.RaftServer$Division (RaftServerImpl.java:requestPreVote(1060)) - bfdb13f1-88be-4fd0-b5f0-1bffb59ec9b7@group-064B80184E77: receive preVote(cf5be2f4-6792-4067-a62c-82347c056bf8, group-064B80184E77, 0, (t:0, i:0))
2021-01-18 08:19:10,159 [grpc-default-executor-2] INFO  server.RaftServer$Division (RaftServerImpl.java:requestPreVote(1083)) - bfdb13f1-88be-4fd0-b5f0-1bffb59ec9b7@group-064B80184E77 role: FOLLOWER reject pre-vote from:cf5be2f4-6792-4067-a62c-82347c056bf8 because compare:0 isCurrentLeaderValid:false
2021-01-18 08:19:10,159 [grpc-default-executor-2] INFO  server.RaftServer$Division (RaftServerImpl.java:requestPreVote(1099)) - bfdb13f1-88be-4fd0-b5f0-1bffb59ec9b7@group-064B80184E77 replies to pre-vote request: cf5be2f4-6792-4067-a62c-82347c056bf8<-bfdb13f1-88be-4fd0-b5f0-1bffb59ec9b7#0:FAIL-t0. Peer's state: bfdb13f1-88be-4fd0-b5f0-1bffb59ec9b7@group-064B80184E77:t0, leader=null, voted=, raftlog=bfdb13f1-88be-4fd0-b5f0-1bffb59ec9b7@group-064B80184E77-SegmentedRaftLog:OPENED:c-1,f-1,i0, conf=-1: [dc393f10-cf1b-4856-93c0-8107f803be1a|rpc:172.17.0.2:44865|dataStream:|priority:0, bfdb13f1-88be-4fd0-b5f0-1bffb59ec9b7|rpc:172.17.0.2:40691|dataStream:|priority:1, cf5be2f4-6792-4067-a62c-82347c056bf8|rpc:172.17.0.2:37857|dataStream:|priority:0], old=null
2021-01-18 08:19:10,162 [cf5be2f4-6792-4067-a62c-82347c056bf8@group-064B80184E77-LeaderElection9] INFO  impl.LeaderElection (LeaderElection.java:logAndReturn(68)) - cf5be2f4-6792-4067-a62c-82347c056bf8@group-064B80184E77-LeaderElection9: Pre-vote  REJECTED received 2 response(s):[cf5be2f4-6792-4067-a62c-82347c056bf8<-dc393f10-cf1b-4856-93c0-8107f803be1a#0:OK-t0, cf5be2f4-6792-4067-a62c-82347c056bf8<-bfdb13f1-88be-4fd0-b5f0-1bffb59ec9b7#0:FAIL-t0]
2021-01-18 08:19:10,164 [cf5be2f4-6792-4067-a62c-82347c056bf8@group-064B80184E77-LeaderElection9] INFO  impl.LeaderElection (LeaderElection.java:askForPreVotes(261)) - cf5be2f4-6792-4067-a62c-82347c056bf8@group-064B80184E77-LeaderElection9 pre-vote result is REJECTED.
2021-01-18 08:19:10,164 [cf5be2f4-6792-4067-a62c-82347c056bf8@group-064B80184E77-LeaderElection9] INFO  server.RaftServer$Division (RaftServerImpl.java:setRole(283)) - cf5be2f4-6792-4067-a62c-82347c056bf8@group-064B80184E77: changes role from CANDIDATE to FOLLOWER at term 0 for REJECTED
2021-01-18 08:19:10,165 [cf5be2f4-6792-4067-a62c-82347c056bf8@group-064B80184E77-LeaderElection9] INFO  impl.RoleInfo (RoleInfo.java:shutdownLeaderElection(121)) - cf5be2f4-6792-4067-a62c-82347c056bf8: shutdown cf5be2f4-6792-4067-a62c-82347c056bf8@group-064B80184E77-LeaderElection9
2021-01-18 08:19:10,165 [cf5be2f4-6792-4067-a62c-82347c056bf8@group-064B80184E77-LeaderElection9] INFO  impl.RoleInfo (RoleInfo.java:updateAndGet(130)) - cf5be2f4-6792-4067-a62c-82347c056bf8: start cf5be2f4-6792-4067-a62c-82347c056bf8@group-064B80184E77-FollowerState
2021-01-18 08:19:10,202 [Thread-306] INFO  impl.FollowerState (FollowerState.java:run(133)) - 696d8df7-edf8-435c-b3eb-e448589269ce@group-EF68238C99B2-FollowerState: change to CANDIDATE, lastRpcElapsedTime:5186134637ns, electionTimeout:5184ms
2021-01-18 08:19:10,202 [Thread-306] INFO  impl.RoleInfo (RoleInfo.java:shutdownFollowerState(108)) - 696d8df7-edf8-435c-b3eb-e448589269ce: shutdown 696d8df7-edf8-435c-b3eb-e448589269ce@group-EF68238C99B2-FollowerState
2021-01-18 08:19:10,202 [Thread-306] INFO  server.RaftServer$Division (RaftServerImpl.java:setRole(283)) - 696d8df7-edf8-435c-b3eb-e448589269ce@group-EF68238C99B2: changes role from  FOLLOWER to CANDIDATE at term 0 for changeToCandidate
2021-01-18 08:19:10,202 [Thread-306] INFO  impl.RoleInfo (RoleInfo.java:updateAndGet(130)) - 696d8df7-edf8-435c-b3eb-e448589269ce: start 696d8df7-edf8-435c-b3eb-e448589269ce@group-EF68238C99B2-LeaderElection10
2021-01-18 08:19:10,210 [696d8df7-edf8-435c-b3eb-e448589269ce@group-EF68238C99B2-LeaderElection10] INFO  impl.LeaderElection (LeaderElection.java:askForPreVotes(259)) - 696d8df7-edf8-435c-b3eb-e448589269ce@group-EF68238C99B2-LeaderElection10: begin a pre-vote at term 0 for -1: [43ca6a2e-d75a-477a-aef7-5c8b743b695f|rpc:172.17.0.2:34735|dataStream:|priority:0, 696d8df7-edf8-435c-b3eb-e448589269ce|rpc:172.17.0.2:44671|dataStream:|priority:1, 6257d45d-8325-4cae-8440-8c66e4fe0859|rpc:172.17.0.2:41085|dataStream:|priority:0], old=null
2021-01-18 08:19:10,230 [grpc-default-executor-2] INFO  server.RaftServer$Division (RaftServerImpl.java:requestPreVote(1060)) - 43ca6a2e-d75a-477a-aef7-5c8b743b695f@group-EF68238C99B2: receive preVote(696d8df7-edf8-435c-b3eb-e448589269ce, group-EF68238C99B2, 0, (t:0, i:0))
2021-01-18 08:19:10,230 [grpc-default-executor-2] INFO  server.RaftServer$Division (RaftServerImpl.java:requestPreVote(1081)) - 43ca6a2e-d75a-477a-aef7-5c8b743b695f@group-EF68238C99B2 role: FOLLOWER allow pre-vote from:696d8df7-edf8-435c-b3eb-e448589269ce
2021-01-18 08:19:10,230 [grpc-default-executor-2] INFO  server.RaftServer$Division (RaftServerImpl.java:requestPreVote(1099)) - 43ca6a2e-d75a-477a-aef7-5c8b743b695f@group-EF68238C99B2 replies to pre-vote request: 696d8df7-edf8-435c-b3eb-e448589269ce<-43ca6a2e-d75a-477a-aef7-5c8b743b695f#0:OK-t0. Peer's state: 43ca6a2e-d75a-477a-aef7-5c8b743b695f@group-EF68238C99B2:t0, leader=null, voted=, raftlog=43ca6a2e-d75a-477a-aef7-5c8b743b695f@group-EF68238C99B2-SegmentedRaftLog:OPENED:c-1,f-1,i0, conf=-1: [43ca6a2e-d75a-477a-aef7-5c8b743b695f|rpc:172.17.0.2:34735|priority:0, 696d8df7-edf8-435c-b3eb-e448589269ce|rpc:172.17.0.2:44671|priority:1, 6257d45d-8325-4cae-8440-8c66e4fe0859|rpc:172.17.0.2:41085|priority:0], old=null
2021-01-18 08:19:10,235 [696d8df7-edf8-435c-b3eb-e448589269ce@group-EF68238C99B2-LeaderElection10] INFO  impl.LeaderElection (LeaderElection.java:logAndReturn(68)) - 696d8df7-edf8-435c-b3eb-e448589269ce@group-EF68238C99B2-LeaderElection10: Pre-vote  PASSED received 1 response(s):[696d8df7-edf8-435c-b3eb-e448589269ce<-43ca6a2e-d75a-477a-aef7-5c8b743b695f#0:OK-t0]
2021-01-18 08:19:10,236 [696d8df7-edf8-435c-b3eb-e448589269ce@group-EF68238C99B2-LeaderElection10] INFO  impl.LeaderElection (LeaderElection.java:askForPreVotes(261)) - 696d8df7-edf8-435c-b3eb-e448589269ce@group-EF68238C99B2-LeaderElection10 pre-vote result is PASSED.
2021-01-18 08:19:10,240 [grpc-default-executor-2] INFO  server.RaftServer$Division (RaftServerImpl.java:requestPreVote(1060)) - 6257d45d-8325-4cae-8440-8c66e4fe0859@group-EF68238C99B2: receive preVote(696d8df7-edf8-435c-b3eb-e448589269ce, group-EF68238C99B2, 0, (t:0, i:0))
2021-01-18 08:19:10,240 [696d8df7-edf8-435c-b3eb-e448589269ce@group-EF68238C99B2-LeaderElection10] INFO  impl.LeaderElection (LeaderElection.java:askForVotes(308)) - 696d8df7-edf8-435c-b3eb-e448589269ce@group-EF68238C99B2-LeaderElection10: begin an election at term 1 for -1: [43ca6a2e-d75a-477a-aef7-5c8b743b695f|rpc:172.17.0.2:34735|dataStream:|priority:0, 696d8df7-edf8-435c-b3eb-e448589269ce|rpc:172.17.0.2:44671|dataStream:|priority:1, 6257d45d-8325-4cae-8440-8c66e4fe0859|rpc:172.17.0.2:41085|dataStream:|priority:0], old=null
2021-01-18 08:19:10,240 [grpc-default-executor-2] INFO  server.RaftServer$Division (RaftServerImpl.java:requestPreVote(1081)) - 6257d45d-8325-4cae-8440-8c66e4fe0859@group-EF68238C99B2 role: FOLLOWER allow pre-vote from:696d8df7-edf8-435c-b3eb-e448589269ce
2021-01-18 08:19:10,242 [grpc-default-executor-1] INFO  server.RaftServer$Division (RaftServerImpl.java:setRole(283)) - 43ca6a2e-d75a-477a-aef7-5c8b743b695f@group-EF68238C99B2: changes role from  FOLLOWER to FOLLOWER at term 1 for recognizeCandidate:696d8df7-edf8-435c-b3eb-e448589269ce
2021-01-18 08:19:10,244 [grpc-default-executor-1] INFO  impl.RoleInfo (RoleInfo.java:shutdownFollowerState(108)) - 43ca6a2e-d75a-477a-aef7-5c8b743b695f: shutdown 43ca6a2e-d75a-477a-aef7-5c8b743b695f@group-EF68238C99B2-FollowerState
2021-01-18 08:19:10,244 [grpc-default-executor-1] INFO  impl.RoleInfo (RoleInfo.java:updateAndGet(130)) - 43ca6a2e-d75a-477a-aef7-5c8b743b695f: start 43ca6a2e-d75a-477a-aef7-5c8b743b695f@group-EF68238C99B2-FollowerState
2021-01-18 08:19:10,244 [grpc-default-executor-2] INFO  server.RaftServer$Division (RaftServerImpl.java:requestPreVote(1099)) - 6257d45d-8325-4cae-8440-8c66e4fe0859@group-EF68238C99B2 replies to pre-vote request: 696d8df7-edf8-435c-b3eb-e448589269ce<-6257d45d-8325-4cae-8440-8c66e4fe0859#0:OK-t0. Peer's state: 6257d45d-8325-4cae-8440-8c66e4fe0859@group-EF68238C99B2:t0, leader=null, voted=, raftlog=6257d45d-8325-4cae-8440-8c66e4fe0859@group-EF68238C99B2-SegmentedRaftLog:OPENED:c-1,f-1,i0, conf=-1: [43ca6a2e-d75a-477a-aef7-5c8b743b695f|rpc:172.17.0.2:34735|priority:0, 696d8df7-edf8-435c-b3eb-e448589269ce|rpc:172.17.0.2:44671|priority:1, 6257d45d-8325-4cae-8440-8c66e4fe0859|rpc:172.17.0.2:41085|priority:0], old=null
2021-01-18 08:19:10,244 [Thread-307] INFO  impl.FollowerState (FollowerState.java:run(142)) - 43ca6a2e-d75a-477a-aef7-5c8b743b695f@group-EF68238C99B2-FollowerState was interrupted: {}
java.lang.InterruptedException: sleep interrupted
	at java.lang.Thread.sleep(Native Method)
	at java.lang.Thread.sleep(Thread.java:340)
	at java.util.concurrent.TimeUnit.sleep(TimeUnit.java:386)
	at org.apache.ratis.util.TimeDuration.sleep(TimeDuration.java:324)
	at org.apache.ratis.util.TimeDuration.sleep(TimeDuration.java:309)
	at org.apache.ratis.server.impl.FollowerState.run(FollowerState.java:117)
2021-01-18 08:19:10,258 [grpc-default-executor-1] INFO  server.RaftServer$Division (RaftServerImpl.java:requestVote(1137)) -  FOLLOWER 43ca6a2e-d75a-477a-aef7-5c8b743b695f@group-EF68238C99B2:t1, leader=null, voted=null, raftlog=43ca6a2e-d75a-477a-aef7-5c8b743b695f@group-EF68238C99B2-SegmentedRaftLog:OPENED:c-1,f-1,i0, conf=-1: [43ca6a2e-d75a-477a-aef7-5c8b743b695f|rpc:172.17.0.2:34735|priority:0, 696d8df7-edf8-435c-b3eb-e448589269ce|rpc:172.17.0.2:44671|priority:1, 6257d45d-8325-4cae-8440-8c66e4fe0859|rpc:172.17.0.2:41085|priority:0], old=null RUNNING priority:0 candidate:696d8df7-edf8-435c-b3eb-e448589269ce|rpc:172.17.0.2:44671|priority:1 candidatePriority:1 compare:0
2021-01-18 08:19:10,267 [grpc-default-executor-2] INFO  server.RaftServer$Division (RaftServerImpl.java:setRole(283)) - 6257d45d-8325-4cae-8440-8c66e4fe0859@group-EF68238C99B2: changes role from  FOLLOWER to FOLLOWER at term 1 for recognizeCandidate:696d8df7-edf8-435c-b3eb-e448589269ce
2021-01-18 08:19:10,267 [grpc-default-executor-2] INFO  impl.RoleInfo (RoleInfo.java:shutdownFollowerState(108)) - 6257d45d-8325-4cae-8440-8c66e4fe0859: shutdown 6257d45d-8325-4cae-8440-8c66e4fe0859@group-EF68238C99B2-FollowerState
2021-01-18 08:19:10,267 [grpc-default-executor-2] INFO  impl.RoleInfo (RoleInfo.java:updateAndGet(130)) - 6257d45d-8325-4cae-8440-8c66e4fe0859: start 6257d45d-8325-4cae-8440-8c66e4fe0859@group-EF68238C99B2-FollowerState
2021-01-18 08:19:10,267 [Thread-393] INFO  impl.FollowerState (FollowerState.java:run(142)) - 6257d45d-8325-4cae-8440-8c66e4fe0859@group-EF68238C99B2-FollowerState was interrupted: {}
java.lang.InterruptedException: sleep interrupted
	at java.lang.Thread.sleep(Native Method)
	at java.lang.Thread.sleep(Thread.java:340)
	at java.util.concurrent.TimeUnit.sleep(TimeUnit.java:386)
	at org.apache.ratis.util.TimeDuration.sleep(TimeDuration.java:324)
	at org.apache.ratis.util.TimeDuration.sleep(TimeDuration.java:309)
	at org.apache.ratis.server.impl.FollowerState.run(FollowerState.java:117)
2021-01-18 08:19:10,270 [696d8df7-edf8-435c-b3eb-e448589269ce@group-EF68238C99B2-LeaderElection10] INFO  impl.LeaderElection (LeaderElection.java:logAndReturn(68)) - 696d8df7-edf8-435c-b3eb-e448589269ce@group-EF68238C99B2-LeaderElection10: Election  PASSED received 1 response(s):[696d8df7-edf8-435c-b3eb-e448589269ce<-43ca6a2e-d75a-477a-aef7-5c8b743b695f#0:OK-t1]
2021-01-18 08:19:10,271 [696d8df7-edf8-435c-b3eb-e448589269ce@group-EF68238C99B2-LeaderElection10] INFO  impl.RoleInfo (RoleInfo.java:shutdownLeaderElection(121)) - 696d8df7-edf8-435c-b3eb-e448589269ce: shutdown 696d8df7-edf8-435c-b3eb-e448589269ce@group-EF68238C99B2-LeaderElection10
2021-01-18 08:19:10,271 [696d8df7-edf8-435c-b3eb-e448589269ce@group-EF68238C99B2-LeaderElection10] INFO  server.RaftServer$Division (RaftServerImpl.java:setRole(283)) - 696d8df7-edf8-435c-b3eb-e448589269ce@group-EF68238C99B2: changes role from CANDIDATE to LEADER at term 1 for changeToLeader
2021-01-18 08:19:10,271 [696d8df7-edf8-435c-b3eb-e448589269ce@group-EF68238C99B2-LeaderElection10] INFO  ratis.XceiverServerRatis (XceiverServerRatis.java:handleLeaderChangedNotification(868)) - Leader change notification received for group: group-EF68238C99B2 with new leaderId: 696d8df7-edf8-435c-b3eb-e448589269ce
2021-01-18 08:19:10,271 [696d8df7-edf8-435c-b3eb-e448589269ce@group-EF68238C99B2-LeaderElection10] INFO  server.RaftServer$Division (ServerState.java:setLeader(249)) - 696d8df7-edf8-435c-b3eb-e448589269ce@group-EF68238C99B2: change Leader from null to 696d8df7-edf8-435c-b3eb-e448589269ce at term 1 for becomeLeader, leader elected after 5269ms
2021-01-18 08:19:10,271 [696d8df7-edf8-435c-b3eb-e448589269ce@group-EF68238C99B2-LeaderElection10] INFO  server.RaftServerConfigKeys (ConfUtils.java:logGet(44)) - raft.server.staging.catchup.gap = 1000 (default)
2021-01-18 08:19:10,271 [696d8df7-edf8-435c-b3eb-e448589269ce@group-EF68238C99B2-LeaderElection10] INFO  metrics.RatisMetrics (RatisMetrics.java:lambda$create$0(36)) - Creating Metrics Registry : ratis.log_appender.696d8df7-edf8-435c-b3eb-e448589269ce@group-EF68238C99B2
2021-01-18 08:19:10,272 [696d8df7-edf8-435c-b3eb-e448589269ce@group-EF68238C99B2-LeaderElection10] INFO  server.RaftServerConfigKeys (ConfUtils.java:logGet(44)) - raft.server.write.element-limit = 1024 (custom)
2021-01-18 08:19:10,272 [696d8df7-edf8-435c-b3eb-e448589269ce@group-EF68238C99B2-LeaderElection10] INFO  server.RaftServerConfigKeys (ConfUtils.java:logGet(44)) - raft.server.write.byte-limit = 1073741824 (custom)
2021-01-18 08:19:10,272 [696d8df7-edf8-435c-b3eb-e448589269ce@group-EF68238C99B2-LeaderElection10] INFO  server.RaftServerConfigKeys (ConfUtils.java:logGet(44)) - raft.server.watch.timeout = 10000ms (default)
2021-01-18 08:19:10,272 [696d8df7-edf8-435c-b3eb-e448589269ce@group-EF68238C99B2-LeaderElection10] INFO  server.RaftServerConfigKeys (ConfUtils.java:logGet(44)) - raft.server.watch.timeout.denomination = 1s (default)
2021-01-18 08:19:10,272 [696d8df7-edf8-435c-b3eb-e448589269ce@group-EF68238C99B2-LeaderElection10] INFO  server.RaftServerConfigKeys (ConfUtils.java:logGet(44)) - raft.server.watch.element-limit = 65536 (default)
2021-01-18 08:19:10,272 [696d8df7-edf8-435c-b3eb-e448589269ce@group-EF68238C99B2-LeaderElection10] INFO  server.RaftServerConfigKeys (ConfUtils.java:logGet(44)) - raft.server.log.appender.snapshot.chunk.size.max = 16MB (=16777216) (default)
2021-01-18 08:19:10,272 [696d8df7-edf8-435c-b3eb-e448589269ce@group-EF68238C99B2-LeaderElection10] INFO  server.RaftServerConfigKeys (ConfUtils.java:logGet(44)) - raft.server.log.appender.buffer.byte-limit = 33554432 (custom)
2021-01-18 08:19:10,272 [696d8df7-edf8-435c-b3eb-e448589269ce@group-EF68238C99B2-LeaderElection10] INFO  server.RaftServerConfigKeys (ConfUtils.java:logGet(44)) - raft.server.log.appender.buffer.element-limit = 1 (custom)
2021-01-18 08:19:10,272 [696d8df7-edf8-435c-b3eb-e448589269ce@group-EF68238C99B2-LeaderElection10] INFO  grpc.GrpcConfigKeys (ConfUtils.java:logGet(44)) - raft.grpc.server.leader.outstanding.appends.max = 128 (default)
2021-01-18 08:19:10,273 [696d8df7-edf8-435c-b3eb-e448589269ce@group-EF68238C99B2-LeaderElection10] INFO  server.RaftServerConfigKeys (ConfUtils.java:logGet(44)) - raft.server.rpc.request.timeout = 3000ms (default)
2021-01-18 08:19:10,273 [696d8df7-edf8-435c-b3eb-e448589269ce@group-EF68238C99B2-LeaderElection10] INFO  server.RaftServerConfigKeys (ConfUtils.java:logGet(44)) - raft.server.log.appender.install.snapshot.enabled = false (custom)
2021-01-18 08:19:10,273 [696d8df7-edf8-435c-b3eb-e448589269ce@group-EF68238C99B2-LeaderElection10] INFO  metrics.RatisMetrics (RatisMetrics.java:lambda$create$0(36)) - Creating Metrics Registry : ratis_grpc.log_appender.696d8df7-edf8-435c-b3eb-e448589269ce@group-EF68238C99B2
2021-01-18 08:19:10,268 [grpc-default-executor-2] INFO  server.RaftServer$Division (RaftServerImpl.java:requestVote(1137)) -  FOLLOWER 6257d45d-8325-4cae-8440-8c66e4fe0859@group-EF68238C99B2:t1, leader=null, voted=null, raftlog=6257d45d-8325-4cae-8440-8c66e4fe0859@group-EF68238C99B2-SegmentedRaftLog:OPENED:c-1,f-1,i0, conf=-1: [43ca6a2e-d75a-477a-aef7-5c8b743b695f|rpc:172.17.0.2:34735|priority:0, 696d8df7-edf8-435c-b3eb-e448589269ce|rpc:172.17.0.2:44671|priority:1, 6257d45d-8325-4cae-8440-8c66e4fe0859|rpc:172.17.0.2:41085|priority:0], old=null RUNNING priority:0 candidate:696d8df7-edf8-435c-b3eb-e448589269ce|rpc:172.17.0.2:44671|priority:1 candidatePriority:1 compare:0
2021-01-18 08:19:10,275 [EventQueue-PipelineReportForPipelineReportHandler] INFO  pipeline.PipelineStateManager (PipelineStateManager.java:openPipeline(132)) - Pipeline Pipeline[ Id: 1fc61302-37d1-485a-86bd-ef68238c99b2, Nodes: 6257d45d-8325-4cae-8440-8c66e4fe0859{ip: 172.17.0.2, host: dc3504268712, networkLocation: /default-rack, certSerialId: null, persistedOpState: IN_SERVICE, persistedOpStateExpiryEpochSec: 0}696d8df7-edf8-435c-b3eb-e448589269ce{ip: 172.17.0.2, host: dc3504268712, networkLocation: /default-rack, certSerialId: null, persistedOpState: IN_SERVICE, persistedOpStateExpiryEpochSec: 0}43ca6a2e-d75a-477a-aef7-5c8b743b695f{ip: 172.17.0.2, host: dc3504268712, networkLocation: /default-rack, certSerialId: null, persistedOpState: IN_SERVICE, persistedOpStateExpiryEpochSec: 0}, Type:RATIS, Factor:THREE, State:ALLOCATED, leaderId:696d8df7-edf8-435c-b3eb-e448589269ce, CreationTimestamp2021-01-18T08:19:01.583Z] moved to OPEN state
2021-01-18 08:19:10,277 [696d8df7-edf8-435c-b3eb-e448589269ce@group-EF68238C99B2-LeaderElection10] INFO  server.RaftServerConfigKeys (ConfUtils.java:logGet(44)) - raft.server.log.appender.snapshot.chunk.size.max = 16MB (=16777216) (default)
2021-01-18 08:19:10,280 [696d8df7-edf8-435c-b3eb-e448589269ce@group-EF68238C99B2-LeaderElection10] INFO  server.RaftServerConfigKeys (ConfUtils.java:logGet(44)) - raft.server.log.appender.buffer.byte-limit = 33554432 (custom)
2021-01-18 08:19:10,280 [696d8df7-edf8-435c-b3eb-e448589269ce@group-EF68238C99B2-LeaderElection10] INFO  server.RaftServerConfigKeys (ConfUtils.java:logGet(44)) - raft.server.log.appender.buffer.element-limit = 1 (custom)
2021-01-18 08:19:10,280 [696d8df7-edf8-435c-b3eb-e448589269ce@group-EF68238C99B2-LeaderElection10] INFO  grpc.GrpcConfigKeys (ConfUtils.java:logGet(44)) - raft.grpc.server.leader.outstanding.appends.max = 128 (default)
2021-01-18 08:19:10,281 [696d8df7-edf8-435c-b3eb-e448589269ce@group-EF68238C99B2-LeaderElection10] INFO  server.RaftServerConfigKeys (ConfUtils.java:logGet(44)) - raft.server.rpc.request.timeout = 3000ms (default)
2021-01-18 08:19:10,281 [696d8df7-edf8-435c-b3eb-e448589269ce@group-EF68238C99B2-LeaderElection10] INFO  server.RaftServerConfigKeys (ConfUtils.java:logGet(44)) - raft.server.log.appender.install.snapshot.enabled = false (custom)
2021-01-18 08:19:10,281 [696d8df7-edf8-435c-b3eb-e448589269ce@group-EF68238C99B2-LeaderElection10] INFO  impl.RoleInfo (RoleInfo.java:updateAndGet(130)) - 696d8df7-edf8-435c-b3eb-e448589269ce: start 696d8df7-edf8-435c-b3eb-e448589269ce@group-EF68238C99B2-LeaderStateImpl
2021-01-18 08:19:10,281 [696d8df7-edf8-435c-b3eb-e448589269ce@group-EF68238C99B2-LeaderElection10] INFO  segmented.SegmentedRaftLogWorker (SegmentedRaftLogWorker.java:startLogSegment(392)) - 696d8df7-edf8-435c-b3eb-e448589269ce@group-EF68238C99B2-SegmentedRaftLogWorker: Starting segment from index:0
2021-01-18 08:19:10,283 [696d8df7-edf8-435c-b3eb-e448589269ce@group-EF68238C99B2-SegmentedRaftLogWorker] INFO  segmented.SegmentedRaftLogWorker (SegmentedRaftLogWorker.java:execute(599)) - 696d8df7-edf8-435c-b3eb-e448589269ce@group-EF68238C99B2-SegmentedRaftLogWorker: created new log segment /github/workspace/mnt/ozone/hadoop-ozone/integration-test/target/test-dir/MiniOzoneClusterImpl-bdf065e3-4bf0-4703-b3e1-6acc0ac12f97/datanode-0/data/ratis/1fc61302-37d1-485a-86bd-ef68238c99b2/current/log_inprogress_0
2021-01-18 08:19:10,285 [grpc-default-executor-1] INFO  ratis.XceiverServerRatis (XceiverServerRatis.java:handleLeaderChangedNotification(868)) - Leader change notification received for group: group-EF68238C99B2 with new leaderId: 696d8df7-edf8-435c-b3eb-e448589269ce
2021-01-18 08:19:10,288 [grpc-default-executor-1] INFO  server.RaftServer$Division (ServerState.java:setLeader(249)) - 43ca6a2e-d75a-477a-aef7-5c8b743b695f@group-EF68238C99B2: change Leader from null to 696d8df7-edf8-435c-b3eb-e448589269ce at term 1 for appendEntries, leader elected after 5284ms
2021-01-18 08:19:10,289 [696d8df7-edf8-435c-b3eb-e448589269ce@group-EF68238C99B2-LeaderElection10] INFO  server.RaftServer$Division (ServerState.java:setRaftConf(368)) - 696d8df7-edf8-435c-b3eb-e448589269ce@group-EF68238C99B2: set configuration 0: [43ca6a2e-d75a-477a-aef7-5c8b743b695f|rpc:172.17.0.2:34735|dataStream:|priority:0, 696d8df7-edf8-435c-b3eb-e448589269ce|rpc:172.17.0.2:44671|dataStream:|priority:1, 6257d45d-8325-4cae-8440-8c66e4fe0859|rpc:172.17.0.2:41085|dataStream:|priority:0], old=null
2021-01-18 08:19:10,300 [696d8df7-edf8-435c-b3eb-e448589269ce@group-EF68238C99B2-StateMachineUpdater] INFO  ratis.ContainerStateMachine (ContainerStateMachine.java:takeSnapshot(291)) - group-EF68238C99B2: Taking a snapshot at:(t:1, i:0) file /github/workspace/mnt/ozone/hadoop-ozone/integration-test/target/test-dir/MiniOzoneClusterImpl-bdf065e3-4bf0-4703-b3e1-6acc0ac12f97/datanode-0/data/ratis/1fc61302-37d1-485a-86bd-ef68238c99b2/sm/snapshot.1_0
2021-01-18 08:19:10,308 [grpc-default-executor-1] INFO  server.RaftServer$Division (ServerState.java:setRaftConf(368)) - 43ca6a2e-d75a-477a-aef7-5c8b743b695f@group-EF68238C99B2: set configuration 0: [43ca6a2e-d75a-477a-aef7-5c8b743b695f|rpc:172.17.0.2:34735|dataStream:|priority:0, 696d8df7-edf8-435c-b3eb-e448589269ce|rpc:172.17.0.2:44671|dataStream:|priority:1, 6257d45d-8325-4cae-8440-8c66e4fe0859|rpc:172.17.0.2:41085|dataStream:|priority:0], old=null
2021-01-18 08:19:10,309 [grpc-default-executor-1] INFO  segmented.SegmentedRaftLogWorker (SegmentedRaftLogWorker.java:startLogSegment(392)) - 43ca6a2e-d75a-477a-aef7-5c8b743b695f@group-EF68238C99B2-SegmentedRaftLogWorker: Starting segment from index:0
2021-01-18 08:19:10,310 [696d8df7-edf8-435c-b3eb-e448589269ce@group-EF68238C99B2-StateMachineUpdater] INFO  ratis.ContainerStateMachine (ContainerStateMachine.java:takeSnapshot(302)) - group-EF68238C99B2: Finished taking a snapshot at:(t:1, i:0) file:/github/workspace/mnt/ozone/hadoop-ozone/integration-test/target/test-dir/MiniOzoneClusterImpl-bdf065e3-4bf0-4703-b3e1-6acc0ac12f97/datanode-0/data/ratis/1fc61302-37d1-485a-86bd-ef68238c99b2/sm/snapshot.1_0 took: 10 ms
2021-01-18 08:19:10,310 [696d8df7-edf8-435c-b3eb-e448589269ce@group-EF68238C99B2-StateMachineUpdater] INFO  impl.StateMachineUpdater (StateMachineUpdater.java:takeSnapshot(279)) - 696d8df7-edf8-435c-b3eb-e448589269ce@group-EF68238C99B2-StateMachineUpdater: Took a snapshot at index 0
2021-01-18 08:19:10,310 [696d8df7-edf8-435c-b3eb-e448589269ce@group-EF68238C99B2-StateMachineUpdater] INFO  impl.StateMachineUpdater (StateMachineUpdater.java:lambda$new$0(88)) - 696d8df7-edf8-435c-b3eb-e448589269ce@group-EF68238C99B2-StateMachineUpdater: snapshotIndex: updateIncreasingly -1 -> 0
2021-01-18 08:19:10,311 [43ca6a2e-d75a-477a-aef7-5c8b743b695f@group-EF68238C99B2-SegmentedRaftLogWorker] INFO  segmented.SegmentedRaftLogWorker (SegmentedRaftLogWorker.java:execute(599)) - 43ca6a2e-d75a-477a-aef7-5c8b743b695f@group-EF68238C99B2-SegmentedRaftLogWorker: created new log segment /github/workspace/mnt/ozone/hadoop-ozone/integration-test/target/test-dir/MiniOzoneClusterImpl-bdf065e3-4bf0-4703-b3e1-6acc0ac12f97/datanode-1/data/ratis/1fc61302-37d1-485a-86bd-ef68238c99b2/current/log_inprogress_0
2021-01-18 08:19:10,323 [grpc-default-executor-1] INFO  ratis.XceiverServerRatis (XceiverServerRatis.java:handleLeaderChangedNotification(868)) - Leader change notification received for group: group-EF68238C99B2 with new leaderId: 696d8df7-edf8-435c-b3eb-e448589269ce
2021-01-18 08:19:10,323 [grpc-default-executor-1] INFO  server.RaftServer$Division (ServerState.java:setLeader(249)) - 6257d45d-8325-4cae-8440-8c66e4fe0859@group-EF68238C99B2: change Leader from null to 696d8df7-edf8-435c-b3eb-e448589269ce at term 1 for appendEntries, leader elected after 5465ms
2021-01-18 08:19:10,327 [grpc-default-executor-2] INFO  server.RaftServer$Division (ServerState.java:setRaftConf(368)) - 6257d45d-8325-4cae-8440-8c66e4fe0859@group-EF68238C99B2: set configuration 0: [43ca6a2e-d75a-477a-aef7-5c8b743b695f|rpc:172.17.0.2:34735|dataStream:|priority:0, 696d8df7-edf8-435c-b3eb-e448589269ce|rpc:172.17.0.2:44671|dataStream:|priority:1, 6257d45d-8325-4cae-8440-8c66e4fe0859|rpc:172.17.0.2:41085|dataStream:|priority:0], old=null
2021-01-18 08:19:10,327 [grpc-default-executor-2] INFO  segmented.SegmentedRaftLogWorker (SegmentedRaftLogWorker.java:startLogSegment(392)) - 6257d45d-8325-4cae-8440-8c66e4fe0859@group-EF68238C99B2-SegmentedRaftLogWorker: Starting segment from index:0
2021-01-18 08:19:10,328 [6257d45d-8325-4cae-8440-8c66e4fe0859@group-EF68238C99B2-SegmentedRaftLogWorker] INFO  segmented.SegmentedRaftLogWorker (SegmentedRaftLogWorker.java:execute(599)) - 6257d45d-8325-4cae-8440-8c66e4fe0859@group-EF68238C99B2-SegmentedRaftLogWorker: created new log segment /github/workspace/mnt/ozone/hadoop-ozone/integration-test/target/test-dir/MiniOzoneClusterImpl-bdf065e3-4bf0-4703-b3e1-6acc0ac12f97/datanode-2/data/ratis/1fc61302-37d1-485a-86bd-ef68238c99b2/current/log_inprogress_0
2021-01-18 08:19:10,334 [6257d45d-8325-4cae-8440-8c66e4fe0859@group-EF68238C99B2-StateMachineUpdater] INFO  ratis.ContainerStateMachine (ContainerStateMachine.java:takeSnapshot(291)) - group-EF68238C99B2: Taking a snapshot at:(t:1, i:0) file /github/workspace/mnt/ozone/hadoop-ozone/integration-test/target/test-dir/MiniOzoneClusterImpl-bdf065e3-4bf0-4703-b3e1-6acc0ac12f97/datanode-2/data/ratis/1fc61302-37d1-485a-86bd-ef68238c99b2/sm/snapshot.1_0
2021-01-18 08:19:10,335 [6257d45d-8325-4cae-8440-8c66e4fe0859@group-EF68238C99B2-StateMachineUpdater] INFO  ratis.ContainerStateMachine (ContainerStateMachine.java:takeSnapshot(302)) - group-EF68238C99B2: Finished taking a snapshot at:(t:1, i:0) file:/github/workspace/mnt/ozone/hadoop-ozone/integration-test/target/test-dir/MiniOzoneClusterImpl-bdf065e3-4bf0-4703-b3e1-6acc0ac12f97/datanode-2/data/ratis/1fc61302-37d1-485a-86bd-ef68238c99b2/sm/snapshot.1_0 took: 1 ms
2021-01-18 08:19:10,335 [6257d45d-8325-4cae-8440-8c66e4fe0859@group-EF68238C99B2-StateMachineUpdater] INFO  impl.StateMachineUpdater (StateMachineUpdater.java:takeSnapshot(279)) - 6257d45d-8325-4cae-8440-8c66e4fe0859@group-EF68238C99B2-StateMachineUpdater: Took a snapshot at index 0
2021-01-18 08:19:10,335 [6257d45d-8325-4cae-8440-8c66e4fe0859@group-EF68238C99B2-StateMachineUpdater] INFO  impl.StateMachineUpdater (StateMachineUpdater.java:lambda$new$0(88)) - 6257d45d-8325-4cae-8440-8c66e4fe0859@group-EF68238C99B2-StateMachineUpdater: snapshotIndex: updateIncreasingly -1 -> 0
2021-01-18 08:19:10,617 [Listener at 127.0.0.1/45853] INFO  rpc.RpcClient (RpcClient.java:createVolume(277)) - Creating Volume: testcontainerstatemachinefailures, with jenkins1001 as owner and space quota set to -1 bytes, counts quota set to -1
2021-01-18 08:19:10,701 [OM StateMachine ApplyTransaction Thread - 0] INFO  volume.OMVolumeCreateRequest (OMVolumeCreateRequest.java:validateAndUpdateCache(196)) - created volume:testcontainerstatemachinefailures for user:jenkins1001
2021-01-18 08:19:10,718 [Listener at 127.0.0.1/45853] INFO  rpc.RpcClient (RpcClient.java:createBucket(439)) - Creating Bucket: testcontainerstatemachinefailures/testcontainerstatemachinefailures, with Versioning false and Storage Type set to DISK and Encryption set to false 
2021-01-18 08:19:10,864 [Listener at 127.0.0.1/45853] INFO  impl.MetricsSystemImpl (MetricsSystemImpl.java:init(158)) - XceiverClientMetrics metrics system started (again)
2021-01-18 08:19:10,936 [Listener at 127.0.0.1/45853] INFO  metrics.RatisMetrics (RatisMetrics.java:lambda$create$0(36)) - Creating Metrics Registry : ratis.client_message_metrics.client-7B2DE8FFEDF7->696d8df7-edf8-435c-b3eb-e448589269ce
2021-01-18 08:19:11,164 [696d8df7-edf8-435c-b3eb-e448589269ce@group-274AE5AFA946-StateMachineUpdater] INFO  ratis.ContainerStateMachine (ContainerStateMachine.java:takeSnapshot(291)) - group-274AE5AFA946: Taking a snapshot at:(t:1, i:2) file /github/workspace/mnt/ozone/hadoop-ozone/integration-test/target/test-dir/MiniOzoneClusterImpl-bdf065e3-4bf0-4703-b3e1-6acc0ac12f97/datanode-0/data/ratis/eb0122ff-0a73-4a11-86c0-274ae5afa946/sm/snapshot.1_2
2021-01-18 08:19:11,168 [696d8df7-edf8-435c-b3eb-e448589269ce@group-274AE5AFA946-StateMachineUpdater] INFO  ratis.ContainerStateMachine (ContainerStateMachine.java:takeSnapshot(302)) - group-274AE5AFA946: Finished taking a snapshot at:(t:1, i:2) file:/github/workspace/mnt/ozone/hadoop-ozone/integration-test/target/test-dir/MiniOzoneClusterImpl-bdf065e3-4bf0-4703-b3e1-6acc0ac12f97/datanode-0/data/ratis/eb0122ff-0a73-4a11-86c0-274ae5afa946/sm/snapshot.1_2 took: 4 ms
2021-01-18 08:19:11,170 [696d8df7-edf8-435c-b3eb-e448589269ce@group-274AE5AFA946-StateMachineUpdater] INFO  impl.StateMachineUpdater (StateMachineUpdater.java:takeSnapshot(279)) - 696d8df7-edf8-435c-b3eb-e448589269ce@group-274AE5AFA946-StateMachineUpdater: Took a snapshot at index 2
2021-01-18 08:19:11,170 [696d8df7-edf8-435c-b3eb-e448589269ce@group-274AE5AFA946-StateMachineUpdater] INFO  impl.StateMachineUpdater (StateMachineUpdater.java:lambda$new$0(88)) - 696d8df7-edf8-435c-b3eb-e448589269ce@group-274AE5AFA946-StateMachineUpdater: snapshotIndex: updateIncreasingly 0 -> 2
2021-01-18 08:19:11,170 [696d8df7-edf8-435c-b3eb-e448589269ce@group-274AE5AFA946-StateMachineUpdater] INFO  ratis.ContainerStateMachine (ContainerStateMachine.java:takeSnapshot(291)) - group-274AE5AFA946: Taking a snapshot at:(t:1, i:3) file /github/workspace/mnt/ozone/hadoop-ozone/integration-test/target/test-dir/MiniOzoneClusterImpl-bdf065e3-4bf0-4703-b3e1-6acc0ac12f97/datanode-0/data/ratis/eb0122ff-0a73-4a11-86c0-274ae5afa946/sm/snapshot.1_3
2021-01-18 08:19:11,173 [696d8df7-edf8-435c-b3eb-e448589269ce@group-274AE5AFA946-StateMachineUpdater] INFO  ratis.ContainerStateMachine (ContainerStateMachine.java:takeSnapshot(302)) - group-274AE5AFA946: Finished taking a snapshot at:(t:1, i:3) file:/github/workspace/mnt/ozone/hadoop-ozone/integration-test/target/test-dir/MiniOzoneClusterImpl-bdf065e3-4bf0-4703-b3e1-6acc0ac12f97/datanode-0/data/ratis/eb0122ff-0a73-4a11-86c0-274ae5afa946/sm/snapshot.1_3 took: 3 ms
2021-01-18 08:19:11,173 [696d8df7-edf8-435c-b3eb-e448589269ce@group-274AE5AFA946-StateMachineUpdater] INFO  impl.StateMachineUpdater (StateMachineUpdater.java:takeSnapshot(279)) - 696d8df7-edf8-435c-b3eb-e448589269ce@group-274AE5AFA946-StateMachineUpdater: Took a snapshot at index 3
2021-01-18 08:19:11,174 [696d8df7-edf8-435c-b3eb-e448589269ce@group-274AE5AFA946-StateMachineUpdater] INFO  impl.StateMachineUpdater (StateMachineUpdater.java:lambda$new$0(88)) - 696d8df7-edf8-435c-b3eb-e448589269ce@group-274AE5AFA946-StateMachineUpdater: snapshotIndex: updateIncreasingly 2 -> 3
2021-01-18 08:19:11,189 [Thread-316] INFO  impl.FollowerState (FollowerState.java:run(133)) - dc393f10-cf1b-4856-93c0-8107f803be1a@group-24CB2F976346-FollowerState: change to CANDIDATE, lastRpcElapsedTime:5003675312ns, electionTimeout:5003ms
2021-01-18 08:19:11,190 [Thread-316] INFO  impl.RoleInfo (RoleInfo.java:shutdownFollowerState(108)) - dc393f10-cf1b-4856-93c0-8107f803be1a: shutdown dc393f10-cf1b-4856-93c0-8107f803be1a@group-24CB2F976346-FollowerState
2021-01-18 08:19:11,190 [Thread-316] INFO  server.RaftServer$Division (RaftServerImpl.java:setRole(283)) - dc393f10-cf1b-4856-93c0-8107f803be1a@group-24CB2F976346: changes role from  FOLLOWER to CANDIDATE at term 0 for changeToCandidate
2021-01-18 08:19:11,192 [Thread-316] INFO  impl.RoleInfo (RoleInfo.java:updateAndGet(130)) - dc393f10-cf1b-4856-93c0-8107f803be1a: start dc393f10-cf1b-4856-93c0-8107f803be1a@group-24CB2F976346-LeaderElection11
2021-01-18 08:19:11,192 [696d8df7-edf8-435c-b3eb-e448589269ce@group-274AE5AFA946-StateMachineUpdater] INFO  ratis.ContainerStateMachine (ContainerStateMachine.java:takeSnapshot(291)) - group-274AE5AFA946: Taking a snapshot at:(t:1, i:4) file /github/workspace/mnt/ozone/hadoop-ozone/integration-test/target/test-dir/MiniOzoneClusterImpl-bdf065e3-4bf0-4703-b3e1-6acc0ac12f97/datanode-0/data/ratis/eb0122ff-0a73-4a11-86c0-274ae5afa946/sm/snapshot.1_4
2021-01-18 08:19:11,193 [696d8df7-edf8-435c-b3eb-e448589269ce@group-274AE5AFA946-StateMachineUpdater] INFO  ratis.ContainerStateMachine (ContainerStateMachine.java:takeSnapshot(302)) - group-274AE5AFA946: Finished taking a snapshot at:(t:1, i:4) file:/github/workspace/mnt/ozone/hadoop-ozone/integration-test/target/test-dir/MiniOzoneClusterImpl-bdf065e3-4bf0-4703-b3e1-6acc0ac12f97/datanode-0/data/ratis/eb0122ff-0a73-4a11-86c0-274ae5afa946/sm/snapshot.1_4 took: 1 ms
2021-01-18 08:19:11,193 [696d8df7-edf8-435c-b3eb-e448589269ce@group-274AE5AFA946-StateMachineUpdater] INFO  impl.StateMachineUpdater (StateMachineUpdater.java:takeSnapshot(279)) - 696d8df7-edf8-435c-b3eb-e448589269ce@group-274AE5AFA946-StateMachineUpdater: Took a snapshot at index 4
2021-01-18 08:19:11,193 [696d8df7-edf8-435c-b3eb-e448589269ce@group-274AE5AFA946-StateMachineUpdater] INFO  impl.StateMachineUpdater (StateMachineUpdater.java:lambda$new$0(88)) - 696d8df7-edf8-435c-b3eb-e448589269ce@group-274AE5AFA946-StateMachineUpdater: snapshotIndex: updateIncreasingly 3 -> 4
2021-01-18 08:19:11,193 [696d8df7-edf8-435c-b3eb-e448589269ce@group-274AE5AFA946-StateMachineUpdater] INFO  ratis.ContainerStateMachine (ContainerStateMachine.java:takeSnapshot(291)) - group-274AE5AFA946: Taking a snapshot at:(t:1, i:5) file /github/workspace/mnt/ozone/hadoop-ozone/integration-test/target/test-dir/MiniOzoneClusterImpl-bdf065e3-4bf0-4703-b3e1-6acc0ac12f97/datanode-0/data/ratis/eb0122ff-0a73-4a11-86c0-274ae5afa946/sm/snapshot.1_5
2021-01-18 08:19:11,194 [696d8df7-edf8-435c-b3eb-e448589269ce@group-274AE5AFA946-StateMachineUpdater] INFO  ratis.ContainerStateMachine (ContainerStateMachine.java:takeSnapshot(302)) - group-274AE5AFA946: Finished taking a snapshot at:(t:1, i:5) file:/github/workspace/mnt/ozone/hadoop-ozone/integration-test/target/test-dir/MiniOzoneClusterImpl-bdf065e3-4bf0-4703-b3e1-6acc0ac12f97/datanode-0/data/ratis/eb0122ff-0a73-4a11-86c0-274ae5afa946/sm/snapshot.1_5 took: 1 ms
2021-01-18 08:19:11,195 [696d8df7-edf8-435c-b3eb-e448589269ce@group-274AE5AFA946-StateMachineUpdater] INFO  impl.StateMachineUpdater (StateMachineUpdater.java:takeSnapshot(279)) - 696d8df7-edf8-435c-b3eb-e448589269ce@group-274AE5AFA946-StateMachineUpdater: Took a snapshot at index 5
2021-01-18 08:19:11,195 [696d8df7-edf8-435c-b3eb-e448589269ce@group-274AE5AFA946-StateMachineUpdater] INFO  impl.StateMachineUpdater (StateMachineUpdater.java:lambda$new$0(88)) - 696d8df7-edf8-435c-b3eb-e448589269ce@group-274AE5AFA946-StateMachineUpdater: snapshotIndex: updateIncreasingly 4 -> 5
2021-01-18 08:19:11,200 [dc393f10-cf1b-4856-93c0-8107f803be1a@group-24CB2F976346-LeaderElection11] INFO  impl.LeaderElection (LeaderElection.java:askForPreVotes(259)) - dc393f10-cf1b-4856-93c0-8107f803be1a@group-24CB2F976346-LeaderElection11: begin a pre-vote at term 0 for -1: [dc393f10-cf1b-4856-93c0-8107f803be1a|rpc:172.17.0.2:44865|priority:1], old=null
2021-01-18 08:19:11,200 [dc393f10-cf1b-4856-93c0-8107f803be1a@group-24CB2F976346-LeaderElection11] INFO  impl.LeaderElection (LeaderElection.java:askForPreVotes(261)) - dc393f10-cf1b-4856-93c0-8107f803be1a@group-24CB2F976346-LeaderElection11 pre-vote result is PASSED.
2021-01-18 08:19:11,203 [dc393f10-cf1b-4856-93c0-8107f803be1a@group-24CB2F976346-LeaderElection11] INFO  impl.LeaderElection (LeaderElection.java:askForVotes(308)) - dc393f10-cf1b-4856-93c0-8107f803be1a@group-24CB2F976346-LeaderElection11: begin an election at term 1 for -1: [dc393f10-cf1b-4856-93c0-8107f803be1a|rpc:172.17.0.2:44865|priority:1], old=null
2021-01-18 08:19:11,203 [dc393f10-cf1b-4856-93c0-8107f803be1a@group-24CB2F976346-LeaderElection11] INFO  impl.RoleInfo (RoleInfo.java:shutdownLeaderElection(121)) - dc393f10-cf1b-4856-93c0-8107f803be1a: shutdown dc393f10-cf1b-4856-93c0-8107f803be1a@group-24CB2F976346-LeaderElection11
2021-01-18 08:19:11,203 [dc393f10-cf1b-4856-93c0-8107f803be1a@group-24CB2F976346-LeaderElection11] INFO  server.RaftServer$Division (RaftServerImpl.java:setRole(283)) - dc393f10-cf1b-4856-93c0-8107f803be1a@group-24CB2F976346: changes role from CANDIDATE to LEADER at term 1 for changeToLeader
2021-01-18 08:19:11,203 [dc393f10-cf1b-4856-93c0-8107f803be1a@group-24CB2F976346-LeaderElection11] INFO  ratis.XceiverServerRatis (XceiverServerRatis.java:handleLeaderChangedNotification(868)) - Leader change notification received for group: group-24CB2F976346 with new leaderId: dc393f10-cf1b-4856-93c0-8107f803be1a
2021-01-18 08:19:11,204 [dc393f10-cf1b-4856-93c0-8107f803be1a@group-24CB2F976346-LeaderElection11] INFO  server.RaftServer$Division (ServerState.java:setLeader(249)) - dc393f10-cf1b-4856-93c0-8107f803be1a@group-24CB2F976346: change Leader from null to dc393f10-cf1b-4856-93c0-8107f803be1a at term 1 for becomeLeader, leader elected after 5044ms
2021-01-18 08:19:11,204 [dc393f10-cf1b-4856-93c0-8107f803be1a@group-24CB2F976346-LeaderElection11] INFO  server.RaftServerConfigKeys (ConfUtils.java:logGet(44)) - raft.server.staging.catchup.gap = 1000 (default)
2021-01-18 08:19:11,204 [dc393f10-cf1b-4856-93c0-8107f803be1a@group-24CB2F976346-LeaderElection11] INFO  metrics.RatisMetrics (RatisMetrics.java:lambda$create$0(36)) - Creating Metrics Registry : ratis.log_appender.dc393f10-cf1b-4856-93c0-8107f803be1a@group-24CB2F976346
2021-01-18 08:19:11,204 [dc393f10-cf1b-4856-93c0-8107f803be1a@group-24CB2F976346-LeaderElection11] INFO  server.RaftServerConfigKeys (ConfUtils.java:logGet(44)) - raft.server.write.element-limit = 1024 (custom)
2021-01-18 08:19:11,205 [dc393f10-cf1b-4856-93c0-8107f803be1a@group-24CB2F976346-LeaderElection11] INFO  server.RaftServerConfigKeys (ConfUtils.java:logGet(44)) - raft.server.write.byte-limit = 1073741824 (custom)
2021-01-18 08:19:11,205 [dc393f10-cf1b-4856-93c0-8107f803be1a@group-24CB2F976346-LeaderElection11] INFO  server.RaftServerConfigKeys (ConfUtils.java:logGet(44)) - raft.server.watch.timeout = 10000ms (default)
2021-01-18 08:19:11,205 [dc393f10-cf1b-4856-93c0-8107f803be1a@group-24CB2F976346-LeaderElection11] INFO  server.RaftServerConfigKeys (ConfUtils.java:logGet(44)) - raft.server.watch.timeout.denomination = 1s (default)
2021-01-18 08:19:11,205 [dc393f10-cf1b-4856-93c0-8107f803be1a@group-24CB2F976346-LeaderElection11] INFO  server.RaftServerConfigKeys (ConfUtils.java:logGet(44)) - raft.server.watch.element-limit = 65536 (default)
2021-01-18 08:19:11,211 [dc393f10-cf1b-4856-93c0-8107f803be1a@group-24CB2F976346-LeaderElection11] INFO  impl.RoleInfo (RoleInfo.java:updateAndGet(130)) - dc393f10-cf1b-4856-93c0-8107f803be1a: start dc393f10-cf1b-4856-93c0-8107f803be1a@group-24CB2F976346-LeaderStateImpl
2021-01-18 08:19:11,206 [696d8df7-edf8-435c-b3eb-e448589269ce@group-274AE5AFA946-StateMachineUpdater] INFO  ratis.ContainerStateMachine (ContainerStateMachine.java:takeSnapshot(291)) - group-274AE5AFA946: Taking a snapshot at:(t:1, i:6) file /github/workspace/mnt/ozone/hadoop-ozone/integration-test/target/test-dir/MiniOzoneClusterImpl-bdf065e3-4bf0-4703-b3e1-6acc0ac12f97/datanode-0/data/ratis/eb0122ff-0a73-4a11-86c0-274ae5afa946/sm/snapshot.1_6
2021-01-18 08:19:11,212 [dc393f10-cf1b-4856-93c0-8107f803be1a@group-24CB2F976346-LeaderElection11] INFO  segmented.SegmentedRaftLogWorker (SegmentedRaftLogWorker.java:startLogSegment(392)) - dc393f10-cf1b-4856-93c0-8107f803be1a@group-24CB2F976346-SegmentedRaftLogWorker: Starting segment from index:0
2021-01-18 08:19:11,213 [696d8df7-edf8-435c-b3eb-e448589269ce@group-274AE5AFA946-StateMachineUpdater] INFO  ratis.ContainerStateMachine (ContainerStateMachine.java:takeSnapshot(302)) - group-274AE5AFA946: Finished taking a snapshot at:(t:1, i:6) file:/github/workspace/mnt/ozone/hadoop-ozone/integration-test/target/test-dir/MiniOzoneClusterImpl-bdf065e3-4bf0-4703-b3e1-6acc0ac12f97/datanode-0/data/ratis/eb0122ff-0a73-4a11-86c0-274ae5afa946/sm/snapshot.1_6 took: 7 ms
2021-01-18 08:19:11,214 [696d8df7-edf8-435c-b3eb-e448589269ce@group-274AE5AFA946-StateMachineUpdater] INFO  impl.SimpleStateMachineStorage (SimpleStateMachineStorage.java:cleanupOldSnapshots(100)) - Deleting old snapshot at /github/workspace/mnt/ozone/hadoop-ozone/integration-test/target/test-dir/MiniOzoneClusterImpl-bdf065e3-4bf0-4703-b3e1-6acc0ac12f97/datanode-0/data/ratis/eb0122ff-0a73-4a11-86c0-274ae5afa946/sm/snapshot.1_0
2021-01-18 08:19:11,215 [696d8df7-edf8-435c-b3eb-e448589269ce@group-274AE5AFA946-StateMachineUpdater] INFO  impl.StateMachineUpdater (StateMachineUpdater.java:takeSnapshot(279)) - 696d8df7-edf8-435c-b3eb-e448589269ce@group-274AE5AFA946-StateMachineUpdater: Took a snapshot at index 6
2021-01-18 08:19:11,215 [696d8df7-edf8-435c-b3eb-e448589269ce@group-274AE5AFA946-StateMachineUpdater] INFO  impl.StateMachineUpdater (StateMachineUpdater.java:lambda$new$0(88)) - 696d8df7-edf8-435c-b3eb-e448589269ce@group-274AE5AFA946-StateMachineUpdater: snapshotIndex: updateIncreasingly 5 -> 6
2021-01-18 08:19:11,215 [696d8df7-edf8-435c-b3eb-e448589269ce@group-274AE5AFA946-StateMachineUpdater] INFO  ratis.ContainerStateMachine (ContainerStateMachine.java:takeSnapshot(291)) - group-274AE5AFA946: Taking a snapshot at:(t:1, i:7) file /github/workspace/mnt/ozone/hadoop-ozone/integration-test/target/test-dir/MiniOzoneClusterImpl-bdf065e3-4bf0-4703-b3e1-6acc0ac12f97/datanode-0/data/ratis/eb0122ff-0a73-4a11-86c0-274ae5afa946/sm/snapshot.1_7
2021-01-18 08:19:11,218 [696d8df7-edf8-435c-b3eb-e448589269ce@group-274AE5AFA946-StateMachineUpdater] INFO  ratis.ContainerStateMachine (ContainerStateMachine.java:takeSnapshot(302)) - group-274AE5AFA946: Finished taking a snapshot at:(t:1, i:7) file:/github/workspace/mnt/ozone/hadoop-ozone/integration-test/target/test-dir/MiniOzoneClusterImpl-bdf065e3-4bf0-4703-b3e1-6acc0ac12f97/datanode-0/data/ratis/eb0122ff-0a73-4a11-86c0-274ae5afa946/sm/snapshot.1_7 took: 3 ms
2021-01-18 08:19:11,218 [696d8df7-edf8-435c-b3eb-e448589269ce@group-274AE5AFA946-StateMachineUpdater] INFO  impl.SimpleStateMachineStorage (SimpleStateMachineStorage.java:cleanupOldSnapshots(100)) - Deleting old snapshot at /github/workspace/mnt/ozone/hadoop-ozone/integration-test/target/test-dir/MiniOzoneClusterImpl-bdf065e3-4bf0-4703-b3e1-6acc0ac12f97/datanode-0/data/ratis/eb0122ff-0a73-4a11-86c0-274ae5afa946/sm/snapshot.1_2
2021-01-18 08:19:11,219 [696d8df7-edf8-435c-b3eb-e448589269ce@group-274AE5AFA946-StateMachineUpdater] INFO  impl.StateMachineUpdater (StateMachineUpdater.java:takeSnapshot(279)) - 696d8df7-edf8-435c-b3eb-e448589269ce@group-274AE5AFA946-StateMachineUpdater: Took a snapshot at index 7
2021-01-18 08:19:11,219 [696d8df7-edf8-435c-b3eb-e448589269ce@group-274AE5AFA946-StateMachineUpdater] INFO  impl.StateMachineUpdater (StateMachineUpdater.java:lambda$new$0(88)) - 696d8df7-edf8-435c-b3eb-e448589269ce@group-274AE5AFA946-StateMachineUpdater: snapshotIndex: updateIncreasingly 6 -> 7
2021-01-18 08:19:11,220 [dc393f10-cf1b-4856-93c0-8107f803be1a@group-24CB2F976346-SegmentedRaftLogWorker] INFO  segmented.SegmentedRaftLogWorker (SegmentedRaftLogWorker.java:execute(599)) - dc393f10-cf1b-4856-93c0-8107f803be1a@group-24CB2F976346-SegmentedRaftLogWorker: created new log segment /github/workspace/mnt/ozone/hadoop-ozone/integration-test/target/test-dir/MiniOzoneClusterImpl-bdf065e3-4bf0-4703-b3e1-6acc0ac12f97/datanode-5/data/ratis/fec9881f-a30c-47eb-9533-24cb2f976346/current/log_inprogress_0
2021-01-18 08:19:11,221 [Listener at 127.0.0.1/45853] INFO  ratis.ContainerStateMachine (ContainerStateMachine.java:takeSnapshot(291)) - group-274AE5AFA946: Taking a snapshot at:(t:1, i:7) file /github/workspace/mnt/ozone/hadoop-ozone/integration-test/target/test-dir/MiniOzoneClusterImpl-bdf065e3-4bf0-4703-b3e1-6acc0ac12f97/datanode-0/data/ratis/eb0122ff-0a73-4a11-86c0-274ae5afa946/sm/snapshot.1_7
2021-01-18 08:19:11,222 [Listener at 127.0.0.1/45853] INFO  ratis.ContainerStateMachine (ContainerStateMachine.java:takeSnapshot(302)) - group-274AE5AFA946: Finished taking a snapshot at:(t:1, i:7) file:/github/workspace/mnt/ozone/hadoop-ozone/integration-test/target/test-dir/MiniOzoneClusterImpl-bdf065e3-4bf0-4703-b3e1-6acc0ac12f97/datanode-0/data/ratis/eb0122ff-0a73-4a11-86c0-274ae5afa946/sm/snapshot.1_7 took: 1 ms
2021-01-18 08:19:11,222 [Listener at 127.0.0.1/45853] INFO  ozone.MiniOzoneClusterImpl (MiniOzoneClusterImpl.java:getStorageContainerLocationClient(291)) - Creating StorageContainerLocationProtocol RPC client with address /0.0.0.0:35947
2021-01-18 08:19:11,228 [dc393f10-cf1b-4856-93c0-8107f803be1a@group-24CB2F976346-LeaderElection11] INFO  server.RaftServer$Division (ServerState.java:setRaftConf(368)) - dc393f10-cf1b-4856-93c0-8107f803be1a@group-24CB2F976346: set configuration 0: [dc393f10-cf1b-4856-93c0-8107f803be1a|rpc:172.17.0.2:44865|dataStream:|priority:1], old=null
2021-01-18 08:19:11,234 [dc393f10-cf1b-4856-93c0-8107f803be1a@group-24CB2F976346-StateMachineUpdater] INFO  ratis.ContainerStateMachine (ContainerStateMachine.java:takeSnapshot(291)) - group-24CB2F976346: Taking a snapshot at:(t:1, i:0) file /github/workspace/mnt/ozone/hadoop-ozone/integration-test/target/test-dir/MiniOzoneClusterImpl-bdf065e3-4bf0-4703-b3e1-6acc0ac12f97/datanode-5/data/ratis/fec9881f-a30c-47eb-9533-24cb2f976346/sm/snapshot.1_0
2021-01-18 08:19:11,235 [dc393f10-cf1b-4856-93c0-8107f803be1a@group-24CB2F976346-StateMachineUpdater] INFO  ratis.ContainerStateMachine (ContainerStateMachine.java:takeSnapshot(302)) - group-24CB2F976346: Finished taking a snapshot at:(t:1, i:0) file:/github/workspace/mnt/ozone/hadoop-ozone/integration-test/target/test-dir/MiniOzoneClusterImpl-bdf065e3-4bf0-4703-b3e1-6acc0ac12f97/datanode-5/data/ratis/fec9881f-a30c-47eb-9533-24cb2f976346/sm/snapshot.1_0 took: 1 ms
2021-01-18 08:19:11,235 [dc393f10-cf1b-4856-93c0-8107f803be1a@group-24CB2F976346-StateMachineUpdater] INFO  impl.StateMachineUpdater (StateMachineUpdater.java:takeSnapshot(279)) - dc393f10-cf1b-4856-93c0-8107f803be1a@group-24CB2F976346-StateMachineUpdater: Took a snapshot at index 0
2021-01-18 08:19:11,235 [dc393f10-cf1b-4856-93c0-8107f803be1a@group-24CB2F976346-StateMachineUpdater] INFO  impl.StateMachineUpdater (StateMachineUpdater.java:lambda$new$0(88)) - dc393f10-cf1b-4856-93c0-8107f803be1a@group-24CB2F976346-StateMachineUpdater: snapshotIndex: updateIncreasingly -1 -> 0
2021-01-18 08:19:11,240 [Thread-321] INFO  impl.FollowerState (FollowerState.java:run(133)) - bfdb13f1-88be-4fd0-b5f0-1bffb59ec9b7@group-064B80184E77-FollowerState: change to CANDIDATE, lastRpcElapsedTime:5020828171ns, electionTimeout:5018ms
2021-01-18 08:19:11,241 [Thread-321] INFO  impl.RoleInfo (RoleInfo.java:shutdownFollowerState(108)) - bfdb13f1-88be-4fd0-b5f0-1bffb59ec9b7: shutdown bfdb13f1-88be-4fd0-b5f0-1bffb59ec9b7@group-064B80184E77-FollowerState
2021-01-18 08:19:11,241 [Thread-321] INFO  server.RaftServer$Division (RaftServerImpl.java:setRole(283)) - bfdb13f1-88be-4fd0-b5f0-1bffb59ec9b7@group-064B80184E77: changes role from  FOLLOWER to CANDIDATE at term 0 for changeToCandidate
2021-01-18 08:19:11,241 [Thread-321] INFO  impl.RoleInfo (RoleInfo.java:updateAndGet(130)) - bfdb13f1-88be-4fd0-b5f0-1bffb59ec9b7: start bfdb13f1-88be-4fd0-b5f0-1bffb59ec9b7@group-064B80184E77-LeaderElection12
2021-01-18 08:19:11,241 [bfdb13f1-88be-4fd0-b5f0-1bffb59ec9b7@group-064B80184E77-LeaderElection12] INFO  impl.LeaderElection (LeaderElection.java:askForPreVotes(259)) - bfdb13f1-88be-4fd0-b5f0-1bffb59ec9b7@group-064B80184E77-LeaderElection12: begin a pre-vote at term 0 for -1: [dc393f10-cf1b-4856-93c0-8107f803be1a|rpc:172.17.0.2:44865|dataStream:|priority:0, bfdb13f1-88be-4fd0-b5f0-1bffb59ec9b7|rpc:172.17.0.2:40691|dataStream:|priority:1, cf5be2f4-6792-4067-a62c-82347c056bf8|rpc:172.17.0.2:37857|dataStream:|priority:0], old=null
2021-01-18 08:19:11,248 [grpc-default-executor-2] INFO  server.RaftServer$Division (RaftServerImpl.java:requestPreVote(1060)) - dc393f10-cf1b-4856-93c0-8107f803be1a@group-064B80184E77: receive preVote(bfdb13f1-88be-4fd0-b5f0-1bffb59ec9b7, group-064B80184E77, 0, (t:0, i:0))
2021-01-18 08:19:11,248 [grpc-default-executor-2] INFO  server.RaftServer$Division (RaftServerImpl.java:requestPreVote(1081)) - dc393f10-cf1b-4856-93c0-8107f803be1a@group-064B80184E77 role: FOLLOWER allow pre-vote from:bfdb13f1-88be-4fd0-b5f0-1bffb59ec9b7
2021-01-18 08:19:11,248 [grpc-default-executor-2] INFO  server.RaftServer$Division (RaftServerImpl.java:requestPreVote(1099)) - dc393f10-cf1b-4856-93c0-8107f803be1a@group-064B80184E77 replies to pre-vote request: bfdb13f1-88be-4fd0-b5f0-1bffb59ec9b7<-dc393f10-cf1b-4856-93c0-8107f803be1a#0:OK-t0. Peer's state: dc393f10-cf1b-4856-93c0-8107f803be1a@group-064B80184E77:t0, leader=null, voted=, raftlog=dc393f10-cf1b-4856-93c0-8107f803be1a@group-064B80184E77-SegmentedRaftLog:OPENED:c-1,f-1,i0, conf=-1: [dc393f10-cf1b-4856-93c0-8107f803be1a|rpc:172.17.0.2:44865|priority:0, bfdb13f1-88be-4fd0-b5f0-1bffb59ec9b7|rpc:172.17.0.2:40691|priority:1, cf5be2f4-6792-4067-a62c-82347c056bf8|rpc:172.17.0.2:37857|priority:0], old=null
2021-01-18 08:19:11,249 [bfdb13f1-88be-4fd0-b5f0-1bffb59ec9b7@group-064B80184E77-LeaderElection12] INFO  impl.LeaderElection (LeaderElection.java:logAndReturn(68)) - bfdb13f1-88be-4fd0-b5f0-1bffb59ec9b7@group-064B80184E77-LeaderElection12: Pre-vote  PASSED received 1 response(s):[bfdb13f1-88be-4fd0-b5f0-1bffb59ec9b7<-dc393f10-cf1b-4856-93c0-8107f803be1a#0:OK-t0]
2021-01-18 08:19:11,252 [bfdb13f1-88be-4fd0-b5f0-1bffb59ec9b7@group-064B80184E77-LeaderElection12] INFO  impl.LeaderElection (LeaderElection.java:askForPreVotes(261)) - bfdb13f1-88be-4fd0-b5f0-1bffb59ec9b7@group-064B80184E77-LeaderElection12 pre-vote result is PASSED.
2021-01-18 08:19:11,253 [bfdb13f1-88be-4fd0-b5f0-1bffb59ec9b7@group-064B80184E77-LeaderElection12] INFO  impl.LeaderElection (LeaderElection.java:askForVotes(308)) - bfdb13f1-88be-4fd0-b5f0-1bffb59ec9b7@group-064B80184E77-LeaderElection12: begin an election at term 1 for -1: [dc393f10-cf1b-4856-93c0-8107f803be1a|rpc:172.17.0.2:44865|dataStream:|priority:0, bfdb13f1-88be-4fd0-b5f0-1bffb59ec9b7|rpc:172.17.0.2:40691|dataStream:|priority:1, cf5be2f4-6792-4067-a62c-82347c056bf8|rpc:172.17.0.2:37857|dataStream:|priority:0], old=null
2021-01-18 08:19:11,256 [grpc-default-executor-2] INFO  server.RaftServer$Division (RaftServerImpl.java:setRole(283)) - dc393f10-cf1b-4856-93c0-8107f803be1a@group-064B80184E77: changes role from  FOLLOWER to FOLLOWER at term 1 for recognizeCandidate:bfdb13f1-88be-4fd0-b5f0-1bffb59ec9b7
2021-01-18 08:19:11,262 [grpc-default-executor-2] INFO  impl.RoleInfo (RoleInfo.java:shutdownFollowerState(108)) - dc393f10-cf1b-4856-93c0-8107f803be1a: shutdown dc393f10-cf1b-4856-93c0-8107f803be1a@group-064B80184E77-FollowerState
2021-01-18 08:19:11,262 [grpc-default-executor-2] INFO  impl.RoleInfo (RoleInfo.java:updateAndGet(130)) - dc393f10-cf1b-4856-93c0-8107f803be1a: start dc393f10-cf1b-4856-93c0-8107f803be1a@group-064B80184E77-FollowerState
2021-01-18 08:19:11,262 [Thread-327] INFO  impl.FollowerState (FollowerState.java:run(142)) - dc393f10-cf1b-4856-93c0-8107f803be1a@group-064B80184E77-FollowerState was interrupted: {}
java.lang.InterruptedException: sleep interrupted
	at java.lang.Thread.sleep(Native Method)
	at java.lang.Thread.sleep(Thread.java:340)
	at java.util.concurrent.TimeUnit.sleep(TimeUnit.java:386)
	at org.apache.ratis.util.TimeDuration.sleep(TimeDuration.java:324)
	at org.apache.ratis.util.TimeDuration.sleep(TimeDuration.java:309)
	at org.apache.ratis.server.impl.FollowerState.run(FollowerState.java:117)
2021-01-18 08:19:11,272 [grpc-default-executor-2] INFO  server.RaftServer$Division (RaftServerImpl.java:requestVote(1137)) -  FOLLOWER dc393f10-cf1b-4856-93c0-8107f803be1a@group-064B80184E77:t1, leader=null, voted=null, raftlog=dc393f10-cf1b-4856-93c0-8107f803be1a@group-064B80184E77-SegmentedRaftLog:OPENED:c-1,f-1,i0, conf=-1: [dc393f10-cf1b-4856-93c0-8107f803be1a|rpc:172.17.0.2:44865|priority:0, bfdb13f1-88be-4fd0-b5f0-1bffb59ec9b7|rpc:172.17.0.2:40691|priority:1, cf5be2f4-6792-4067-a62c-82347c056bf8|rpc:172.17.0.2:37857|priority:0], old=null RUNNING priority:0 candidate:bfdb13f1-88be-4fd0-b5f0-1bffb59ec9b7|rpc:172.17.0.2:40691|priority:1 candidatePriority:1 compare:0
2021-01-18 08:19:11,276 [bfdb13f1-88be-4fd0-b5f0-1bffb59ec9b7@group-064B80184E77-LeaderElection12] INFO  impl.LeaderElection (LeaderElection.java:logAndReturn(68)) - bfdb13f1-88be-4fd0-b5f0-1bffb59ec9b7@group-064B80184E77-LeaderElection12: Election  PASSED received 1 response(s):[bfdb13f1-88be-4fd0-b5f0-1bffb59ec9b7<-dc393f10-cf1b-4856-93c0-8107f803be1a#0:OK-t1]
2021-01-18 08:19:11,276 [bfdb13f1-88be-4fd0-b5f0-1bffb59ec9b7@group-064B80184E77-LeaderElection12] INFO  impl.RoleInfo (RoleInfo.java:shutdownLeaderElection(121)) - bfdb13f1-88be-4fd0-b5f0-1bffb59ec9b7: shutdown bfdb13f1-88be-4fd0-b5f0-1bffb59ec9b7@group-064B80184E77-LeaderElection12
2021-01-18 08:19:11,276 [bfdb13f1-88be-4fd0-b5f0-1bffb59ec9b7@group-064B80184E77-LeaderElection12] INFO  server.RaftServer$Division (RaftServerImpl.java:setRole(283)) - bfdb13f1-88be-4fd0-b5f0-1bffb59ec9b7@group-064B80184E77: changes role from CANDIDATE to LEADER at term 1 for changeToLeader
2021-01-18 08:19:11,276 [bfdb13f1-88be-4fd0-b5f0-1bffb59ec9b7@group-064B80184E77-LeaderElection12] INFO  ratis.XceiverServerRatis (XceiverServerRatis.java:handleLeaderChangedNotification(868)) - Leader change notification received for group: group-064B80184E77 with new leaderId: bfdb13f1-88be-4fd0-b5f0-1bffb59ec9b7
2021-01-18 08:19:11,277 [bfdb13f1-88be-4fd0-b5f0-1bffb59ec9b7@group-064B80184E77-LeaderElection12] INFO  server.RaftServer$Division (ServerState.java:setLeader(249)) - bfdb13f1-88be-4fd0-b5f0-1bffb59ec9b7@group-064B80184E77: change Leader from null to bfdb13f1-88be-4fd0-b5f0-1bffb59ec9b7 at term 1 for becomeLeader, leader elected after 6119ms
2021-01-18 08:19:11,277 [bfdb13f1-88be-4fd0-b5f0-1bffb59ec9b7@group-064B80184E77-LeaderElection12] INFO  server.RaftServerConfigKeys (ConfUtils.java:logGet(44)) - raft.server.staging.catchup.gap = 1000 (default)
2021-01-18 08:19:11,277 [bfdb13f1-88be-4fd0-b5f0-1bffb59ec9b7@group-064B80184E77-LeaderElection12] INFO  metrics.RatisMetrics (RatisMetrics.java:lambda$create$0(36)) - Creating Metrics Registry : ratis.log_appender.bfdb13f1-88be-4fd0-b5f0-1bffb59ec9b7@group-064B80184E77
2021-01-18 08:19:11,277 [bfdb13f1-88be-4fd0-b5f0-1bffb59ec9b7@group-064B80184E77-LeaderElection12] INFO  server.RaftServerConfigKeys (ConfUtils.java:logGet(44)) - raft.server.write.element-limit = 1024 (custom)
2021-01-18 08:19:11,277 [bfdb13f1-88be-4fd0-b5f0-1bffb59ec9b7@group-064B80184E77-LeaderElection12] INFO  server.RaftServerConfigKeys (ConfUtils.java:logGet(44)) - raft.server.write.byte-limit = 1073741824 (custom)
2021-01-18 08:19:11,277 [bfdb13f1-88be-4fd0-b5f0-1bffb59ec9b7@group-064B80184E77-LeaderElection12] INFO  server.RaftServerConfigKeys (ConfUtils.java:logGet(44)) - raft.server.watch.timeout = 10000ms (default)
2021-01-18 08:19:11,277 [bfdb13f1-88be-4fd0-b5f0-1bffb59ec9b7@group-064B80184E77-LeaderElection12] INFO  server.RaftServerConfigKeys (ConfUtils.java:logGet(44)) - raft.server.watch.timeout.denomination = 1s (default)
2021-01-18 08:19:11,277 [bfdb13f1-88be-4fd0-b5f0-1bffb59ec9b7@group-064B80184E77-LeaderElection12] INFO  server.RaftServerConfigKeys (ConfUtils.java:logGet(44)) - raft.server.watch.element-limit = 65536 (default)
2021-01-18 08:19:11,277 [bfdb13f1-88be-4fd0-b5f0-1bffb59ec9b7@group-064B80184E77-LeaderElection12] INFO  server.RaftServerConfigKeys (ConfUtils.java:logGet(44)) - raft.server.log.appender.snapshot.chunk.size.max = 16MB (=16777216) (default)
2021-01-18 08:19:11,278 [bfdb13f1-88be-4fd0-b5f0-1bffb59ec9b7@group-064B80184E77-LeaderElection12] INFO  server.RaftServerConfigKeys (ConfUtils.java:logGet(44)) - raft.server.log.appender.buffer.byte-limit = 33554432 (custom)
2021-01-18 08:19:11,278 [bfdb13f1-88be-4fd0-b5f0-1bffb59ec9b7@group-064B80184E77-LeaderElection12] INFO  server.RaftServerConfigKeys (ConfUtils.java:logGet(44)) - raft.server.log.appender.buffer.element-limit = 1 (custom)
2021-01-18 08:19:11,278 [bfdb13f1-88be-4fd0-b5f0-1bffb59ec9b7@group-064B80184E77-LeaderElection12] INFO  grpc.GrpcConfigKeys (ConfUtils.java:logGet(44)) - raft.grpc.server.leader.outstanding.appends.max = 128 (default)
2021-01-18 08:19:11,278 [bfdb13f1-88be-4fd0-b5f0-1bffb59ec9b7@group-064B80184E77-LeaderElection12] INFO  server.RaftServerConfigKeys (ConfUtils.java:logGet(44)) - raft.server.rpc.request.timeout = 3000ms (default)
2021-01-18 08:19:11,278 [bfdb13f1-88be-4fd0-b5f0-1bffb59ec9b7@group-064B80184E77-LeaderElection12] INFO  server.RaftServerConfigKeys (ConfUtils.java:logGet(44)) - raft.server.log.appender.install.snapshot.enabled = false (custom)
2021-01-18 08:19:11,278 [bfdb13f1-88be-4fd0-b5f0-1bffb59ec9b7@group-064B80184E77-LeaderElection12] INFO  metrics.RatisMetrics (RatisMetrics.java:lambda$create$0(36)) - Creating Metrics Registry : ratis_grpc.log_appender.bfdb13f1-88be-4fd0-b5f0-1bffb59ec9b7@group-064B80184E77
2021-01-18 08:19:11,280 [bfdb13f1-88be-4fd0-b5f0-1bffb59ec9b7@group-064B80184E77-LeaderElection12] INFO  server.RaftServerConfigKeys (ConfUtils.java:logGet(44)) - raft.server.log.appender.snapshot.chunk.size.max = 16MB (=16777216) (default)
2021-01-18 08:19:11,280 [bfdb13f1-88be-4fd0-b5f0-1bffb59ec9b7@group-064B80184E77-LeaderElection12] INFO  server.RaftServerConfigKeys (ConfUtils.java:logGet(44)) - raft.server.log.appender.buffer.byte-limit = 33554432 (custom)
2021-01-18 08:19:11,280 [bfdb13f1-88be-4fd0-b5f0-1bffb59ec9b7@group-064B80184E77-LeaderElection12] INFO  server.RaftServerConfigKeys (ConfUtils.java:logGet(44)) - raft.server.log.appender.buffer.element-limit = 1 (custom)
2021-01-18 08:19:11,280 [bfdb13f1-88be-4fd0-b5f0-1bffb59ec9b7@group-064B80184E77-LeaderElection12] INFO  grpc.GrpcConfigKeys (ConfUtils.java:logGet(44)) - raft.grpc.server.leader.outstanding.appends.max = 128 (default)
2021-01-18 08:19:11,280 [bfdb13f1-88be-4fd0-b5f0-1bffb59ec9b7@group-064B80184E77-LeaderElection12] INFO  server.RaftServerConfigKeys (ConfUtils.java:logGet(44)) - raft.server.rpc.request.timeout = 3000ms (default)
2021-01-18 08:19:11,280 [bfdb13f1-88be-4fd0-b5f0-1bffb59ec9b7@group-064B80184E77-LeaderElection12] INFO  server.RaftServerConfigKeys (ConfUtils.java:logGet(44)) - raft.server.log.appender.install.snapshot.enabled = false (custom)
2021-01-18 08:19:11,281 [bfdb13f1-88be-4fd0-b5f0-1bffb59ec9b7@group-064B80184E77-LeaderElection12] INFO  impl.RoleInfo (RoleInfo.java:updateAndGet(130)) - bfdb13f1-88be-4fd0-b5f0-1bffb59ec9b7: start bfdb13f1-88be-4fd0-b5f0-1bffb59ec9b7@group-064B80184E77-LeaderStateImpl
2021-01-18 08:19:11,281 [bfdb13f1-88be-4fd0-b5f0-1bffb59ec9b7@group-064B80184E77-LeaderElection12] INFO  segmented.SegmentedRaftLogWorker (SegmentedRaftLogWorker.java:startLogSegment(392)) - bfdb13f1-88be-4fd0-b5f0-1bffb59ec9b7@group-064B80184E77-SegmentedRaftLogWorker: Starting segment from index:0
2021-01-18 08:19:11,281 [grpc-default-executor-3] INFO  server.RaftServer$Division (RaftServerImpl.java:setRole(283)) - cf5be2f4-6792-4067-a62c-82347c056bf8@group-064B80184E77: changes role from  FOLLOWER to FOLLOWER at term 1 for recognizeCandidate:bfdb13f1-88be-4fd0-b5f0-1bffb59ec9b7
2021-01-18 08:19:11,294 [grpc-default-executor-3] INFO  impl.RoleInfo (RoleInfo.java:shutdownFollowerState(108)) - cf5be2f4-6792-4067-a62c-82347c056bf8: shutdown cf5be2f4-6792-4067-a62c-82347c056bf8@group-064B80184E77-FollowerState
2021-01-18 08:19:11,294 [grpc-default-executor-3] INFO  impl.RoleInfo (RoleInfo.java:updateAndGet(130)) - cf5be2f4-6792-4067-a62c-82347c056bf8: start cf5be2f4-6792-4067-a62c-82347c056bf8@group-064B80184E77-FollowerState
2021-01-18 08:19:11,283 [bfdb13f1-88be-4fd0-b5f0-1bffb59ec9b7@group-064B80184E77-SegmentedRaftLogWorker] INFO  segmented.SegmentedRaftLogWorker (SegmentedRaftLogWorker.java:execute(599)) - bfdb13f1-88be-4fd0-b5f0-1bffb59ec9b7@group-064B80184E77-SegmentedRaftLogWorker: created new log segment /github/workspace/mnt/ozone/hadoop-ozone/integration-test/target/test-dir/MiniOzoneClusterImpl-bdf065e3-4bf0-4703-b3e1-6acc0ac12f97/datanode-4/data/ratis/3385d0de-4eda-4176-8cd6-064b80184e77/current/log_inprogress_0
2021-01-18 08:19:11,283 [grpc-default-executor-2] INFO  server.RaftServer$Division (RaftServerImpl.java:requestPreVote(1060)) - cf5be2f4-6792-4067-a62c-82347c056bf8@group-064B80184E77: receive preVote(bfdb13f1-88be-4fd0-b5f0-1bffb59ec9b7, group-064B80184E77, 0, (t:0, i:0))
2021-01-18 08:19:11,281 [EventQueue-PipelineReportForPipelineReportHandler] INFO  pipeline.PipelineStateManager (PipelineStateManager.java:openPipeline(132)) - Pipeline Pipeline[ Id: 3385d0de-4eda-4176-8cd6-064b80184e77, Nodes: bfdb13f1-88be-4fd0-b5f0-1bffb59ec9b7{ip: 172.17.0.2, host: dc3504268712, networkLocation: /default-rack, certSerialId: null, persistedOpState: IN_SERVICE, persistedOpStateExpiryEpochSec: 0}dc393f10-cf1b-4856-93c0-8107f803be1a{ip: 172.17.0.2, host: dc3504268712, networkLocation: /default-rack, certSerialId: null, persistedOpState: IN_SERVICE, persistedOpStateExpiryEpochSec: 0}cf5be2f4-6792-4067-a62c-82347c056bf8{ip: 172.17.0.2, host: dc3504268712, networkLocation: /default-rack, certSerialId: null, persistedOpState: IN_SERVICE, persistedOpStateExpiryEpochSec: 0}, Type:RATIS, Factor:THREE, State:ALLOCATED, leaderId:bfdb13f1-88be-4fd0-b5f0-1bffb59ec9b7, CreationTimestamp2021-01-18T08:19:02.302Z] moved to OPEN state
2021-01-18 08:19:11,294 [Thread-402] INFO  impl.FollowerState (FollowerState.java:run(142)) - cf5be2f4-6792-4067-a62c-82347c056bf8@group-064B80184E77-FollowerState was interrupted: {}
java.lang.InterruptedException: sleep interrupted
	at java.lang.Thread.sleep(Native Method)
	at java.lang.Thread.sleep(Thread.java:340)
	at java.util.concurrent.TimeUnit.sleep(TimeUnit.java:386)
	at org.apache.ratis.util.TimeDuration.sleep(TimeDuration.java:324)
	at org.apache.ratis.util.TimeDuration.sleep(TimeDuration.java:309)
	at org.apache.ratis.server.impl.FollowerState.run(FollowerState.java:117)
2021-01-18 08:19:11,296 [grpc-default-executor-3] INFO  server.RaftServer$Division (RaftServerImpl.java:requestVote(1137)) -  FOLLOWER cf5be2f4-6792-4067-a62c-82347c056bf8@group-064B80184E77:t1, leader=null, voted=null, raftlog=cf5be2f4-6792-4067-a62c-82347c056bf8@group-064B80184E77-SegmentedRaftLog:OPENED:c-1,f-1,i0, conf=-1: [dc393f10-cf1b-4856-93c0-8107f803be1a|rpc:172.17.0.2:44865|priority:0, bfdb13f1-88be-4fd0-b5f0-1bffb59ec9b7|rpc:172.17.0.2:40691|priority:1, cf5be2f4-6792-4067-a62c-82347c056bf8|rpc:172.17.0.2:37857|priority:0], old=null RUNNING priority:0 candidate:bfdb13f1-88be-4fd0-b5f0-1bffb59ec9b7|rpc:172.17.0.2:40691|priority:1 candidatePriority:1 compare:0
2021-01-18 08:19:11,319 [bfdb13f1-88be-4fd0-b5f0-1bffb59ec9b7@group-064B80184E77-LeaderElection12] INFO  server.RaftServer$Division (ServerState.java:setRaftConf(368)) - bfdb13f1-88be-4fd0-b5f0-1bffb59ec9b7@group-064B80184E77: set configuration 0: [dc393f10-cf1b-4856-93c0-8107f803be1a|rpc:172.17.0.2:44865|dataStream:|priority:0, bfdb13f1-88be-4fd0-b5f0-1bffb59ec9b7|rpc:172.17.0.2:40691|dataStream:|priority:1, cf5be2f4-6792-4067-a62c-82347c056bf8|rpc:172.17.0.2:37857|dataStream:|priority:0], old=null
2021-01-18 08:19:11,321 [grpc-default-executor-2] INFO  server.RaftServer$Division (RaftServerImpl.java:requestPreVote(1081)) - cf5be2f4-6792-4067-a62c-82347c056bf8@group-064B80184E77 role: FOLLOWER allow pre-vote from:bfdb13f1-88be-4fd0-b5f0-1bffb59ec9b7
2021-01-18 08:19:11,322 [grpc-default-executor-2] INFO  server.RaftServer$Division (RaftServerImpl.java:requestPreVote(1099)) - cf5be2f4-6792-4067-a62c-82347c056bf8@group-064B80184E77 replies to pre-vote request: bfdb13f1-88be-4fd0-b5f0-1bffb59ec9b7<-cf5be2f4-6792-4067-a62c-82347c056bf8#0:OK-t1. Peer's state: cf5be2f4-6792-4067-a62c-82347c056bf8@group-064B80184E77:t1, leader=null, voted=bfdb13f1-88be-4fd0-b5f0-1bffb59ec9b7, raftlog=cf5be2f4-6792-4067-a62c-82347c056bf8@group-064B80184E77-SegmentedRaftLog:OPENED:c-1,f-1,i0, conf=-1: [dc393f10-cf1b-4856-93c0-8107f803be1a|rpc:172.17.0.2:44865|priority:0, bfdb13f1-88be-4fd0-b5f0-1bffb59ec9b7|rpc:172.17.0.2:40691|priority:1, cf5be2f4-6792-4067-a62c-82347c056bf8|rpc:172.17.0.2:37857|priority:0], old=null
2021-01-18 08:19:11,323 [Thread-336] INFO  impl.FollowerState (FollowerState.java:run(133)) - 852a0b0b-7bf4-4256-a802-bfb56885f965@group-2F47BF998A60-FollowerState: change to CANDIDATE, lastRpcElapsedTime:5032824412ns, electionTimeout:5032ms
2021-01-18 08:19:11,324 [grpc-default-executor-0] INFO  ratis.XceiverServerRatis (XceiverServerRatis.java:handleLeaderChangedNotification(868)) - Leader change notification received for group: group-064B80184E77 with new leaderId: bfdb13f1-88be-4fd0-b5f0-1bffb59ec9b7
2021-01-18 08:19:11,327 [grpc-default-executor-0] INFO  server.RaftServer$Division (ServerState.java:setLeader(249)) - dc393f10-cf1b-4856-93c0-8107f803be1a@group-064B80184E77: change Leader from null to bfdb13f1-88be-4fd0-b5f0-1bffb59ec9b7 at term 1 for appendEntries, leader elected after 5108ms
2021-01-18 08:19:11,327 [bfdb13f1-88be-4fd0-b5f0-1bffb59ec9b7@group-064B80184E77-StateMachineUpdater] INFO  ratis.ContainerStateMachine (ContainerStateMachine.java:takeSnapshot(291)) - group-064B80184E77: Taking a snapshot at:(t:1, i:0) file /github/workspace/mnt/ozone/hadoop-ozone/integration-test/target/test-dir/MiniOzoneClusterImpl-bdf065e3-4bf0-4703-b3e1-6acc0ac12f97/datanode-4/data/ratis/3385d0de-4eda-4176-8cd6-064b80184e77/sm/snapshot.1_0
2021-01-18 08:19:11,327 [Thread-336] INFO  impl.RoleInfo (RoleInfo.java:shutdownFollowerState(108)) - 852a0b0b-7bf4-4256-a802-bfb56885f965: shutdown 852a0b0b-7bf4-4256-a802-bfb56885f965@group-2F47BF998A60-FollowerState
2021-01-18 08:19:11,327 [Thread-336] INFO  server.RaftServer$Division (RaftServerImpl.java:setRole(283)) - 852a0b0b-7bf4-4256-a802-bfb56885f965@group-2F47BF998A60: changes role from  FOLLOWER to CANDIDATE at term 0 for changeToCandidate
2021-01-18 08:19:11,328 [bfdb13f1-88be-4fd0-b5f0-1bffb59ec9b7@group-064B80184E77-StateMachineUpdater] INFO  ratis.ContainerStateMachine (ContainerStateMachine.java:takeSnapshot(302)) - group-064B80184E77: Finished taking a snapshot at:(t:1, i:0) file:/github/workspace/mnt/ozone/hadoop-ozone/integration-test/target/test-dir/MiniOzoneClusterImpl-bdf065e3-4bf0-4703-b3e1-6acc0ac12f97/datanode-4/data/ratis/3385d0de-4eda-4176-8cd6-064b80184e77/sm/snapshot.1_0 took: 1 ms
2021-01-18 08:19:11,328 [bfdb13f1-88be-4fd0-b5f0-1bffb59ec9b7@group-064B80184E77-StateMachineUpdater] INFO  impl.StateMachineUpdater (StateMachineUpdater.java:takeSnapshot(279)) - bfdb13f1-88be-4fd0-b5f0-1bffb59ec9b7@group-064B80184E77-StateMachineUpdater: Took a snapshot at index 0
2021-01-18 08:19:11,328 [bfdb13f1-88be-4fd0-b5f0-1bffb59ec9b7@group-064B80184E77-StateMachineUpdater] INFO  impl.StateMachineUpdater (StateMachineUpdater.java:lambda$new$0(88)) - bfdb13f1-88be-4fd0-b5f0-1bffb59ec9b7@group-064B80184E77-StateMachineUpdater: snapshotIndex: updateIncreasingly -1 -> 0
2021-01-18 08:19:11,338 [Thread-336] INFO  impl.RoleInfo (RoleInfo.java:updateAndGet(130)) - 852a0b0b-7bf4-4256-a802-bfb56885f965: start 852a0b0b-7bf4-4256-a802-bfb56885f965@group-2F47BF998A60-LeaderElection13
2021-01-18 08:19:11,346 [Thread-331] INFO  impl.FollowerState (FollowerState.java:run(133)) - 98a8f6bd-fbb9-4a8e-a9ec-8fb646ec091b@group-2F47BF998A60-FollowerState: change to CANDIDATE, lastRpcElapsedTime:5070884343ns, electionTimeout:5066ms
2021-01-18 08:19:11,346 [Thread-331] INFO  impl.RoleInfo (RoleInfo.java:shutdownFollowerState(108)) - 98a8f6bd-fbb9-4a8e-a9ec-8fb646ec091b: shutdown 98a8f6bd-fbb9-4a8e-a9ec-8fb646ec091b@group-2F47BF998A60-FollowerState
2021-01-18 08:19:11,346 [Thread-331] INFO  server.RaftServer$Division (RaftServerImpl.java:setRole(283)) - 98a8f6bd-fbb9-4a8e-a9ec-8fb646ec091b@group-2F47BF998A60: changes role from  FOLLOWER to CANDIDATE at term 0 for changeToCandidate
2021-01-18 08:19:11,346 [Thread-331] INFO  impl.RoleInfo (RoleInfo.java:updateAndGet(130)) - 98a8f6bd-fbb9-4a8e-a9ec-8fb646ec091b: start 98a8f6bd-fbb9-4a8e-a9ec-8fb646ec091b@group-2F47BF998A60-LeaderElection14
2021-01-18 08:19:11,351 [grpc-default-executor-3] INFO  ratis.XceiverServerRatis (XceiverServerRatis.java:handleLeaderChangedNotification(868)) - Leader change notification received for group: group-064B80184E77 with new leaderId: bfdb13f1-88be-4fd0-b5f0-1bffb59ec9b7
2021-01-18 08:19:11,351 [grpc-default-executor-3] INFO  server.RaftServer$Division (ServerState.java:setLeader(249)) - cf5be2f4-6792-4067-a62c-82347c056bf8@group-064B80184E77: change Leader from null to bfdb13f1-88be-4fd0-b5f0-1bffb59ec9b7 at term 1 for appendEntries, leader elected after 6441ms
2021-01-18 08:19:11,352 [Thread-319] INFO  impl.FollowerState (FollowerState.java:run(133)) - bc9cf250-f2f7-4763-83b2-e84831211d15@group-D9A7B215F9CB-FollowerState: change to CANDIDATE, lastRpcElapsedTime:5139856079ns, electionTimeout:5132ms
2021-01-18 08:19:11,352 [Thread-319] INFO  impl.RoleInfo (RoleInfo.java:shutdownFollowerState(108)) - bc9cf250-f2f7-4763-83b2-e84831211d15: shutdown bc9cf250-f2f7-4763-83b2-e84831211d15@group-D9A7B215F9CB-FollowerState
2021-01-18 08:19:11,352 [Thread-319] INFO  server.RaftServer$Division (RaftServerImpl.java:setRole(283)) - bc9cf250-f2f7-4763-83b2-e84831211d15@group-D9A7B215F9CB: changes role from  FOLLOWER to CANDIDATE at term 0 for changeToCandidate
2021-01-18 08:19:11,360 [Thread-319] INFO  impl.RoleInfo (RoleInfo.java:updateAndGet(130)) - bc9cf250-f2f7-4763-83b2-e84831211d15: start bc9cf250-f2f7-4763-83b2-e84831211d15@group-D9A7B215F9CB-LeaderElection15
2021-01-18 08:19:11,365 [grpc-default-executor-3] INFO  server.RaftServer$Division (ServerState.java:setRaftConf(368)) - cf5be2f4-6792-4067-a62c-82347c056bf8@group-064B80184E77: set configuration 0: [dc393f10-cf1b-4856-93c0-8107f803be1a|rpc:172.17.0.2:44865|dataStream:|priority:0, bfdb13f1-88be-4fd0-b5f0-1bffb59ec9b7|rpc:172.17.0.2:40691|dataStream:|priority:1, cf5be2f4-6792-4067-a62c-82347c056bf8|rpc:172.17.0.2:37857|dataStream:|priority:0], old=null
2021-01-18 08:19:11,365 [grpc-default-executor-0] INFO  server.RaftServer$Division (ServerState.java:setRaftConf(368)) - dc393f10-cf1b-4856-93c0-8107f803be1a@group-064B80184E77: set configuration 0: [dc393f10-cf1b-4856-93c0-8107f803be1a|rpc:172.17.0.2:44865|dataStream:|priority:0, bfdb13f1-88be-4fd0-b5f0-1bffb59ec9b7|rpc:172.17.0.2:40691|dataStream:|priority:1, cf5be2f4-6792-4067-a62c-82347c056bf8|rpc:172.17.0.2:37857|dataStream:|priority:0], old=null
2021-01-18 08:19:11,366 [98a8f6bd-fbb9-4a8e-a9ec-8fb646ec091b@group-2F47BF998A60-LeaderElection14] INFO  impl.LeaderElection (LeaderElection.java:askForPreVotes(259)) - 98a8f6bd-fbb9-4a8e-a9ec-8fb646ec091b@group-2F47BF998A60-LeaderElection14: begin a pre-vote at term 0 for -1: [bc9cf250-f2f7-4763-83b2-e84831211d15|rpc:172.17.0.2:33353|priority:0, 98a8f6bd-fbb9-4a8e-a9ec-8fb646ec091b|rpc:172.17.0.2:45967|priority:0, 852a0b0b-7bf4-4256-a802-bfb56885f965|rpc:172.17.0.2:38945|priority:1], old=null
2021-01-18 08:19:11,366 [852a0b0b-7bf4-4256-a802-bfb56885f965@group-2F47BF998A60-LeaderElection13] INFO  impl.LeaderElection (LeaderElection.java:askForPreVotes(259)) - 852a0b0b-7bf4-4256-a802-bfb56885f965@group-2F47BF998A60-LeaderElection13: begin a pre-vote at term 0 for -1: [bc9cf250-f2f7-4763-83b2-e84831211d15|rpc:172.17.0.2:33353|priority:0, 98a8f6bd-fbb9-4a8e-a9ec-8fb646ec091b|rpc:172.17.0.2:45967|priority:0, 852a0b0b-7bf4-4256-a802-bfb56885f965|rpc:172.17.0.2:38945|priority:1], old=null
2021-01-18 08:19:11,366 [grpc-default-executor-0] INFO  segmented.SegmentedRaftLogWorker (SegmentedRaftLogWorker.java:startLogSegment(392)) - dc393f10-cf1b-4856-93c0-8107f803be1a@group-064B80184E77-SegmentedRaftLogWorker: Starting segment from index:0
2021-01-18 08:19:11,366 [grpc-default-executor-3] INFO  segmented.SegmentedRaftLogWorker (SegmentedRaftLogWorker.java:startLogSegment(392)) - cf5be2f4-6792-4067-a62c-82347c056bf8@group-064B80184E77-SegmentedRaftLogWorker: Starting segment from index:0
2021-01-18 08:19:11,381 [bc9cf250-f2f7-4763-83b2-e84831211d15@group-D9A7B215F9CB-LeaderElection15] INFO  impl.LeaderElection (LeaderElection.java:askForPreVotes(259)) - bc9cf250-f2f7-4763-83b2-e84831211d15@group-D9A7B215F9CB-LeaderElection15: begin a pre-vote at term 0 for -1: [bc9cf250-f2f7-4763-83b2-e84831211d15|rpc:172.17.0.2:33353|priority:1], old=null
2021-01-18 08:19:11,382 [bc9cf250-f2f7-4763-83b2-e84831211d15@group-D9A7B215F9CB-LeaderElection15] INFO  impl.LeaderElection (LeaderElection.java:askForPreVotes(261)) - bc9cf250-f2f7-4763-83b2-e84831211d15@group-D9A7B215F9CB-LeaderElection15 pre-vote result is PASSED.
2021-01-18 08:19:11,383 [Thread-338] INFO  impl.FollowerState (FollowerState.java:run(133)) - bfdb13f1-88be-4fd0-b5f0-1bffb59ec9b7@group-40C8F8F876AB-FollowerState: change to CANDIDATE, lastRpcElapsedTime:5072441348ns, electionTimeout:5068ms
2021-01-18 08:19:11,383 [dc393f10-cf1b-4856-93c0-8107f803be1a@group-064B80184E77-SegmentedRaftLogWorker] INFO  segmented.SegmentedRaftLogWorker (SegmentedRaftLogWorker.java:execute(599)) - dc393f10-cf1b-4856-93c0-8107f803be1a@group-064B80184E77-SegmentedRaftLogWorker: created new log segment /github/workspace/mnt/ozone/hadoop-ozone/integration-test/target/test-dir/MiniOzoneClusterImpl-bdf065e3-4bf0-4703-b3e1-6acc0ac12f97/datanode-5/data/ratis/3385d0de-4eda-4176-8cd6-064b80184e77/current/log_inprogress_0
2021-01-18 08:19:11,383 [bc9cf250-f2f7-4763-83b2-e84831211d15@group-D9A7B215F9CB-LeaderElection15] INFO  impl.LeaderElection (LeaderElection.java:askForVotes(308)) - bc9cf250-f2f7-4763-83b2-e84831211d15@group-D9A7B215F9CB-LeaderElection15: begin an election at term 1 for -1: [bc9cf250-f2f7-4763-83b2-e84831211d15|rpc:172.17.0.2:33353|priority:1], old=null
2021-01-18 08:19:11,383 [bc9cf250-f2f7-4763-83b2-e84831211d15@group-D9A7B215F9CB-LeaderElection15] INFO  impl.RoleInfo (RoleInfo.java:shutdownLeaderElection(121)) - bc9cf250-f2f7-4763-83b2-e84831211d15: shutdown bc9cf250-f2f7-4763-83b2-e84831211d15@group-D9A7B215F9CB-LeaderElection15
2021-01-18 08:19:11,383 [bc9cf250-f2f7-4763-83b2-e84831211d15@group-D9A7B215F9CB-LeaderElection15] INFO  server.RaftServer$Division (RaftServerImpl.java:setRole(283)) - bc9cf250-f2f7-4763-83b2-e84831211d15@group-D9A7B215F9CB: changes role from CANDIDATE to LEADER at term 1 for changeToLeader
2021-01-18 08:19:11,383 [bc9cf250-f2f7-4763-83b2-e84831211d15@group-D9A7B215F9CB-LeaderElection15] INFO  ratis.XceiverServerRatis (XceiverServerRatis.java:handleLeaderChangedNotification(868)) - Leader change notification received for group: group-D9A7B215F9CB with new leaderId: bc9cf250-f2f7-4763-83b2-e84831211d15
2021-01-18 08:19:11,384 [bc9cf250-f2f7-4763-83b2-e84831211d15@group-D9A7B215F9CB-LeaderElection15] INFO  server.RaftServer$Division (ServerState.java:setLeader(249)) - bc9cf250-f2f7-4763-83b2-e84831211d15@group-D9A7B215F9CB: change Leader from null to bc9cf250-f2f7-4763-83b2-e84831211d15 at term 1 for becomeLeader, leader elected after 5215ms
2021-01-18 08:19:11,384 [bc9cf250-f2f7-4763-83b2-e84831211d15@group-D9A7B215F9CB-LeaderElection15] INFO  server.RaftServerConfigKeys (ConfUtils.java:logGet(44)) - raft.server.staging.catchup.gap = 1000 (default)
2021-01-18 08:19:11,384 [bc9cf250-f2f7-4763-83b2-e84831211d15@group-D9A7B215F9CB-LeaderElection15] INFO  metrics.RatisMetrics (RatisMetrics.java:lambda$create$0(36)) - Creating Metrics Registry : ratis.log_appender.bc9cf250-f2f7-4763-83b2-e84831211d15@group-D9A7B215F9CB
2021-01-18 08:19:11,384 [bc9cf250-f2f7-4763-83b2-e84831211d15@group-D9A7B215F9CB-LeaderElection15] INFO  server.RaftServerConfigKeys (ConfUtils.java:logGet(44)) - raft.server.write.element-limit = 1024 (custom)
2021-01-18 08:19:11,384 [bc9cf250-f2f7-4763-83b2-e84831211d15@group-D9A7B215F9CB-LeaderElection15] INFO  server.RaftServerConfigKeys (ConfUtils.java:logGet(44)) - raft.server.write.byte-limit = 1073741824 (custom)
2021-01-18 08:19:11,384 [Thread-320] INFO  impl.FollowerState (FollowerState.java:run(133)) - 80d4453e-3cb3-4128-a9dd-fc82c17086c2@group-8D8766D6CA45-FollowerState: change to CANDIDATE, lastRpcElapsedTime:5185191233ns, electionTimeout:5176ms
2021-01-18 08:19:11,386 [Thread-325] INFO  impl.FollowerState (FollowerState.java:run(133)) - bfdb13f1-88be-4fd0-b5f0-1bffb59ec9b7@group-58A162B7A17E-FollowerState: change to CANDIDATE, lastRpcElapsedTime:5163425859ns, electionTimeout:5160ms
2021-01-18 08:19:11,419 [Thread-328] INFO  impl.FollowerState (FollowerState.java:run(133)) - 852a0b0b-7bf4-4256-a802-bfb56885f965@group-A24C51A8245B-FollowerState: change to CANDIDATE, lastRpcElapsedTime:5173699394ns, electionTimeout:5156ms
2021-01-18 08:19:11,421 [Thread-338] INFO  impl.RoleInfo (RoleInfo.java:shutdownFollowerState(108)) - bfdb13f1-88be-4fd0-b5f0-1bffb59ec9b7: shutdown bfdb13f1-88be-4fd0-b5f0-1bffb59ec9b7@group-40C8F8F876AB-FollowerState
2021-01-18 08:19:11,422 [Thread-338] INFO  server.RaftServer$Division (RaftServerImpl.java:setRole(283)) - bfdb13f1-88be-4fd0-b5f0-1bffb59ec9b7@group-40C8F8F876AB: changes role from  FOLLOWER to CANDIDATE at term 0 for changeToCandidate
2021-01-18 08:19:11,422 [Thread-338] INFO  impl.RoleInfo (RoleInfo.java:updateAndGet(130)) - bfdb13f1-88be-4fd0-b5f0-1bffb59ec9b7: start bfdb13f1-88be-4fd0-b5f0-1bffb59ec9b7@group-40C8F8F876AB-LeaderElection16
2021-01-18 08:19:11,422 [Thread-320] INFO  impl.RoleInfo (RoleInfo.java:shutdownFollowerState(108)) - 80d4453e-3cb3-4128-a9dd-fc82c17086c2: shutdown 80d4453e-3cb3-4128-a9dd-fc82c17086c2@group-8D8766D6CA45-FollowerState
2021-01-18 08:19:11,422 [Thread-320] INFO  server.RaftServer$Division (RaftServerImpl.java:setRole(283)) - 80d4453e-3cb3-4128-a9dd-fc82c17086c2@group-8D8766D6CA45: changes role from  FOLLOWER to CANDIDATE at term 0 for changeToCandidate
2021-01-18 08:19:11,423 [Thread-325] INFO  impl.RoleInfo (RoleInfo.java:shutdownFollowerState(108)) - bfdb13f1-88be-4fd0-b5f0-1bffb59ec9b7: shutdown bfdb13f1-88be-4fd0-b5f0-1bffb59ec9b7@group-58A162B7A17E-FollowerState
2021-01-18 08:19:11,423 [Thread-325] INFO  server.RaftServer$Division (RaftServerImpl.java:setRole(283)) - bfdb13f1-88be-4fd0-b5f0-1bffb59ec9b7@group-58A162B7A17E: changes role from  FOLLOWER to CANDIDATE at term 0 for changeToCandidate
2021-01-18 08:19:11,423 [bc9cf250-f2f7-4763-83b2-e84831211d15@group-D9A7B215F9CB-LeaderElection15] INFO  server.RaftServerConfigKeys (ConfUtils.java:logGet(44)) - raft.server.watch.timeout = 10000ms (default)
2021-01-18 08:19:11,424 [bc9cf250-f2f7-4763-83b2-e84831211d15@group-D9A7B215F9CB-LeaderElection15] INFO  server.RaftServerConfigKeys (ConfUtils.java:logGet(44)) - raft.server.watch.timeout.denomination = 1s (default)
2021-01-18 08:19:11,424 [bc9cf250-f2f7-4763-83b2-e84831211d15@group-D9A7B215F9CB-LeaderElection15] INFO  server.RaftServerConfigKeys (ConfUtils.java:logGet(44)) - raft.server.watch.element-limit = 65536 (default)
2021-01-18 08:19:11,424 [bc9cf250-f2f7-4763-83b2-e84831211d15@group-D9A7B215F9CB-LeaderElection15] INFO  impl.RoleInfo (RoleInfo.java:updateAndGet(130)) - bc9cf250-f2f7-4763-83b2-e84831211d15: start bc9cf250-f2f7-4763-83b2-e84831211d15@group-D9A7B215F9CB-LeaderStateImpl
2021-01-18 08:19:11,424 [Thread-328] INFO  impl.RoleInfo (RoleInfo.java:shutdownFollowerState(108)) - 852a0b0b-7bf4-4256-a802-bfb56885f965: shutdown 852a0b0b-7bf4-4256-a802-bfb56885f965@group-A24C51A8245B-FollowerState
2021-01-18 08:19:11,424 [Thread-328] INFO  server.RaftServer$Division (RaftServerImpl.java:setRole(283)) - 852a0b0b-7bf4-4256-a802-bfb56885f965@group-A24C51A8245B: changes role from  FOLLOWER to CANDIDATE at term 0 for changeToCandidate
2021-01-18 08:19:11,425 [bc9cf250-f2f7-4763-83b2-e84831211d15@group-D9A7B215F9CB-LeaderElection15] INFO  segmented.SegmentedRaftLogWorker (SegmentedRaftLogWorker.java:startLogSegment(392)) - bc9cf250-f2f7-4763-83b2-e84831211d15@group-D9A7B215F9CB-SegmentedRaftLogWorker: Starting segment from index:0
2021-01-18 08:19:11,425 [grpc-default-executor-0] INFO  server.RaftServer$Division (RaftServerImpl.java:requestPreVote(1060)) - 98a8f6bd-fbb9-4a8e-a9ec-8fb646ec091b@group-2F47BF998A60: receive preVote(852a0b0b-7bf4-4256-a802-bfb56885f965, group-2F47BF998A60, 0, (t:0, i:0))
2021-01-18 08:19:11,425 [dc393f10-cf1b-4856-93c0-8107f803be1a@group-064B80184E77-StateMachineUpdater] INFO  ratis.ContainerStateMachine (ContainerStateMachine.java:takeSnapshot(291)) - group-064B80184E77: Taking a snapshot at:(t:1, i:0) file /github/workspace/mnt/ozone/hadoop-ozone/integration-test/target/test-dir/MiniOzoneClusterImpl-bdf065e3-4bf0-4703-b3e1-6acc0ac12f97/datanode-5/data/ratis/3385d0de-4eda-4176-8cd6-064b80184e77/sm/snapshot.1_0
2021-01-18 08:19:11,425 [cf5be2f4-6792-4067-a62c-82347c056bf8@group-064B80184E77-SegmentedRaftLogWorker] INFO  segmented.SegmentedRaftLogWorker (SegmentedRaftLogWorker.java:execute(599)) - cf5be2f4-6792-4067-a62c-82347c056bf8@group-064B80184E77-SegmentedRaftLogWorker: created new log segment /github/workspace/mnt/ozone/hadoop-ozone/integration-test/target/test-dir/MiniOzoneClusterImpl-bdf065e3-4bf0-4703-b3e1-6acc0ac12f97/datanode-3/data/ratis/3385d0de-4eda-4176-8cd6-064b80184e77/current/log_inprogress_0
2021-01-18 08:19:11,425 [grpc-default-executor-0] INFO  server.RaftServer$Division (RaftServerImpl.java:requestPreVote(1081)) - 98a8f6bd-fbb9-4a8e-a9ec-8fb646ec091b@group-2F47BF998A60 role:CANDIDATE allow pre-vote from:852a0b0b-7bf4-4256-a802-bfb56885f965
2021-01-18 08:19:11,425 [grpc-default-executor-0] INFO  server.RaftServer$Division (RaftServerImpl.java:requestPreVote(1099)) - 98a8f6bd-fbb9-4a8e-a9ec-8fb646ec091b@group-2F47BF998A60 replies to pre-vote request: 852a0b0b-7bf4-4256-a802-bfb56885f965<-98a8f6bd-fbb9-4a8e-a9ec-8fb646ec091b#0:OK-t0. Peer's state: 98a8f6bd-fbb9-4a8e-a9ec-8fb646ec091b@group-2F47BF998A60:t0, leader=null, voted=, raftlog=98a8f6bd-fbb9-4a8e-a9ec-8fb646ec091b@group-2F47BF998A60-SegmentedRaftLog:OPENED:c-1,f-1,i0, conf=-1: [bc9cf250-f2f7-4763-83b2-e84831211d15|rpc:172.17.0.2:33353|priority:0, 98a8f6bd-fbb9-4a8e-a9ec-8fb646ec091b|rpc:172.17.0.2:45967|priority:0, 852a0b0b-7bf4-4256-a802-bfb56885f965|rpc:172.17.0.2:38945|priority:1], old=null
2021-01-18 08:19:11,426 [grpc-default-executor-5] INFO  server.RaftServer$Division (RaftServerImpl.java:requestPreVote(1060)) - 852a0b0b-7bf4-4256-a802-bfb56885f965@group-2F47BF998A60: receive preVote(98a8f6bd-fbb9-4a8e-a9ec-8fb646ec091b, group-2F47BF998A60, 0, (t:0, i:0))
2021-01-18 08:19:11,426 [grpc-default-executor-5] INFO  server.RaftServer$Division (RaftServerImpl.java:requestPreVote(1083)) - 852a0b0b-7bf4-4256-a802-bfb56885f965@group-2F47BF998A60 role:CANDIDATE reject pre-vote from:98a8f6bd-fbb9-4a8e-a9ec-8fb646ec091b because compare:0 isCurrentLeaderValid:false
2021-01-18 08:19:11,426 [grpc-default-executor-5] INFO  server.RaftServer$Division (RaftServerImpl.java:requestPreVote(1099)) - 852a0b0b-7bf4-4256-a802-bfb56885f965@group-2F47BF998A60 replies to pre-vote request: 98a8f6bd-fbb9-4a8e-a9ec-8fb646ec091b<-852a0b0b-7bf4-4256-a802-bfb56885f965#0:FAIL-t0. Peer's state: 852a0b0b-7bf4-4256-a802-bfb56885f965@group-2F47BF998A60:t0, leader=null, voted=, raftlog=852a0b0b-7bf4-4256-a802-bfb56885f965@group-2F47BF998A60-SegmentedRaftLog:OPENED:c-1,f-1,i0, conf=-1: [bc9cf250-f2f7-4763-83b2-e84831211d15|rpc:172.17.0.2:33353|priority:0, 98a8f6bd-fbb9-4a8e-a9ec-8fb646ec091b|rpc:172.17.0.2:45967|priority:0, 852a0b0b-7bf4-4256-a802-bfb56885f965|rpc:172.17.0.2:38945|priority:1], old=null
2021-01-18 08:19:11,426 [dc393f10-cf1b-4856-93c0-8107f803be1a@group-064B80184E77-StateMachineUpdater] INFO  ratis.ContainerStateMachine (ContainerStateMachine.java:takeSnapshot(302)) - group-064B80184E77: Finished taking a snapshot at:(t:1, i:0) file:/github/workspace/mnt/ozone/hadoop-ozone/integration-test/target/test-dir/MiniOzoneClusterImpl-bdf065e3-4bf0-4703-b3e1-6acc0ac12f97/datanode-5/data/ratis/3385d0de-4eda-4176-8cd6-064b80184e77/sm/snapshot.1_0 took: 1 ms
2021-01-18 08:19:11,426 [dc393f10-cf1b-4856-93c0-8107f803be1a@group-064B80184E77-StateMachineUpdater] INFO  impl.StateMachineUpdater (StateMachineUpdater.java:takeSnapshot(279)) - dc393f10-cf1b-4856-93c0-8107f803be1a@group-064B80184E77-StateMachineUpdater: Took a snapshot at index 0
2021-01-18 08:19:11,426 [dc393f10-cf1b-4856-93c0-8107f803be1a@group-064B80184E77-StateMachineUpdater] INFO  impl.StateMachineUpdater (StateMachineUpdater.java:lambda$new$0(88)) - dc393f10-cf1b-4856-93c0-8107f803be1a@group-064B80184E77-StateMachineUpdater: snapshotIndex: updateIncreasingly -1 -> 0
2021-01-18 08:19:11,427 [grpc-default-executor-3] INFO  server.RaftServer$Division (RaftServerImpl.java:requestPreVote(1060)) - bc9cf250-f2f7-4763-83b2-e84831211d15@group-2F47BF998A60: receive preVote(852a0b0b-7bf4-4256-a802-bfb56885f965, group-2F47BF998A60, 0, (t:0, i:0))
2021-01-18 08:19:11,427 [grpc-default-executor-3] INFO  server.RaftServer$Division (RaftServerImpl.java:requestPreVote(1081)) - bc9cf250-f2f7-4763-83b2-e84831211d15@group-2F47BF998A60 role: FOLLOWER allow pre-vote from:852a0b0b-7bf4-4256-a802-bfb56885f965
2021-01-18 08:19:11,427 [grpc-default-executor-3] INFO  server.RaftServer$Division (RaftServerImpl.java:requestPreVote(1099)) - bc9cf250-f2f7-4763-83b2-e84831211d15@group-2F47BF998A60 replies to pre-vote request: 852a0b0b-7bf4-4256-a802-bfb56885f965<-bc9cf250-f2f7-4763-83b2-e84831211d15#0:OK-t0. Peer's state: bc9cf250-f2f7-4763-83b2-e84831211d15@group-2F47BF998A60:t0, leader=null, voted=, raftlog=bc9cf250-f2f7-4763-83b2-e84831211d15@group-2F47BF998A60-SegmentedRaftLog:OPENED:c-1,f-1,i0, conf=-1: [bc9cf250-f2f7-4763-83b2-e84831211d15|rpc:172.17.0.2:33353|priority:0, 98a8f6bd-fbb9-4a8e-a9ec-8fb646ec091b|rpc:172.17.0.2:45967|priority:0, 852a0b0b-7bf4-4256-a802-bfb56885f965|rpc:172.17.0.2:38945|priority:1], old=null
2021-01-18 08:19:11,433 [cf5be2f4-6792-4067-a62c-82347c056bf8@group-064B80184E77-StateMachineUpdater] INFO  ratis.ContainerStateMachine (ContainerStateMachine.java:takeSnapshot(291)) - group-064B80184E77: Taking a snapshot at:(t:1, i:0) file /github/workspace/mnt/ozone/hadoop-ozone/integration-test/target/test-dir/MiniOzoneClusterImpl-bdf065e3-4bf0-4703-b3e1-6acc0ac12f97/datanode-3/data/ratis/3385d0de-4eda-4176-8cd6-064b80184e77/sm/snapshot.1_0
2021-01-18 08:19:11,433 [Thread-328] INFO  impl.RoleInfo (RoleInfo.java:updateAndGet(130)) - 852a0b0b-7bf4-4256-a802-bfb56885f965: start 852a0b0b-7bf4-4256-a802-bfb56885f965@group-A24C51A8245B-LeaderElection19
2021-01-18 08:19:11,434 [Thread-325] INFO  impl.RoleInfo (RoleInfo.java:updateAndGet(130)) - bfdb13f1-88be-4fd0-b5f0-1bffb59ec9b7: start bfdb13f1-88be-4fd0-b5f0-1bffb59ec9b7@group-58A162B7A17E-LeaderElection18
2021-01-18 08:19:11,434 [cf5be2f4-6792-4067-a62c-82347c056bf8@group-064B80184E77-StateMachineUpdater] INFO  ratis.ContainerStateMachine (ContainerStateMachine.java:takeSnapshot(302)) - group-064B80184E77: Finished taking a snapshot at:(t:1, i:0) file:/github/workspace/mnt/ozone/hadoop-ozone/integration-test/target/test-dir/MiniOzoneClusterImpl-bdf065e3-4bf0-4703-b3e1-6acc0ac12f97/datanode-3/data/ratis/3385d0de-4eda-4176-8cd6-064b80184e77/sm/snapshot.1_0 took: 0 ms
2021-01-18 08:19:11,434 [cf5be2f4-6792-4067-a62c-82347c056bf8@group-064B80184E77-StateMachineUpdater] INFO  impl.StateMachineUpdater (StateMachineUpdater.java:takeSnapshot(279)) - cf5be2f4-6792-4067-a62c-82347c056bf8@group-064B80184E77-StateMachineUpdater: Took a snapshot at index 0
2021-01-18 08:19:11,434 [cf5be2f4-6792-4067-a62c-82347c056bf8@group-064B80184E77-StateMachineUpdater] INFO  impl.StateMachineUpdater (StateMachineUpdater.java:lambda$new$0(88)) - cf5be2f4-6792-4067-a62c-82347c056bf8@group-064B80184E77-StateMachineUpdater: snapshotIndex: updateIncreasingly -1 -> 0
2021-01-18 08:19:11,434 [Thread-320] INFO  impl.RoleInfo (RoleInfo.java:updateAndGet(130)) - 80d4453e-3cb3-4128-a9dd-fc82c17086c2: start 80d4453e-3cb3-4128-a9dd-fc82c17086c2@group-8D8766D6CA45-LeaderElection17
2021-01-18 08:19:11,434 [852a0b0b-7bf4-4256-a802-bfb56885f965@group-2F47BF998A60-LeaderElection13] INFO  impl.LeaderElection (LeaderElection.java:logAndReturn(68)) - 852a0b0b-7bf4-4256-a802-bfb56885f965@group-2F47BF998A60-LeaderElection13: Pre-vote  PASSED received 1 response(s):[852a0b0b-7bf4-4256-a802-bfb56885f965<-98a8f6bd-fbb9-4a8e-a9ec-8fb646ec091b#0:OK-t0]
2021-01-18 08:19:11,440 [bc9cf250-f2f7-4763-83b2-e84831211d15@group-D9A7B215F9CB-LeaderElection15] INFO  server.RaftServer$Division (ServerState.java:setRaftConf(368)) - bc9cf250-f2f7-4763-83b2-e84831211d15@group-D9A7B215F9CB: set configuration 0: [bc9cf250-f2f7-4763-83b2-e84831211d15|rpc:172.17.0.2:33353|dataStream:|priority:1], old=null
2021-01-18 08:19:11,440 [grpc-default-executor-5] INFO  server.RaftServer$Division (RaftServerImpl.java:requestPreVote(1060)) - bc9cf250-f2f7-4763-83b2-e84831211d15@group-2F47BF998A60: receive preVote(98a8f6bd-fbb9-4a8e-a9ec-8fb646ec091b, group-2F47BF998A60, 0, (t:0, i:0))
2021-01-18 08:19:11,446 [852a0b0b-7bf4-4256-a802-bfb56885f965@group-A24C51A8245B-LeaderElection19] INFO  impl.LeaderElection (LeaderElection.java:askForPreVotes(259)) - 852a0b0b-7bf4-4256-a802-bfb56885f965@group-A24C51A8245B-LeaderElection19: begin a pre-vote at term 0 for -1: [852a0b0b-7bf4-4256-a802-bfb56885f965|rpc:172.17.0.2:38945|priority:1], old=null
2021-01-18 08:19:11,446 [852a0b0b-7bf4-4256-a802-bfb56885f965@group-A24C51A8245B-LeaderElection19] INFO  impl.LeaderElection (LeaderElection.java:askForPreVotes(261)) - 852a0b0b-7bf4-4256-a802-bfb56885f965@group-A24C51A8245B-LeaderElection19 pre-vote result is PASSED.
2021-01-18 08:19:11,446 [Thread-322] INFO  impl.FollowerState (FollowerState.java:run(133)) - 98a8f6bd-fbb9-4a8e-a9ec-8fb646ec091b@group-53416BC22AC8-FollowerState: change to CANDIDATE, lastRpcElapsedTime:5213871331ns, electionTimeout:5200ms
2021-01-18 08:19:11,446 [98a8f6bd-fbb9-4a8e-a9ec-8fb646ec091b@group-2F47BF998A60-LeaderElection14] INFO  impl.LeaderElection (LeaderElection.java:logAndReturn(68)) - 98a8f6bd-fbb9-4a8e-a9ec-8fb646ec091b@group-2F47BF998A60-LeaderElection14: Pre-vote  REJECTED received 1 response(s):[98a8f6bd-fbb9-4a8e-a9ec-8fb646ec091b<-852a0b0b-7bf4-4256-a802-bfb56885f965#0:FAIL-t0]
2021-01-18 08:19:11,446 [98a8f6bd-fbb9-4a8e-a9ec-8fb646ec091b@group-2F47BF998A60-LeaderElection14] INFO  impl.LeaderElection (LeaderElection.java:askForPreVotes(261)) - 98a8f6bd-fbb9-4a8e-a9ec-8fb646ec091b@group-2F47BF998A60-LeaderElection14 pre-vote result is REJECTED.
2021-01-18 08:19:11,447 [98a8f6bd-fbb9-4a8e-a9ec-8fb646ec091b@group-2F47BF998A60-LeaderElection14] INFO  server.RaftServer$Division (RaftServerImpl.java:setRole(283)) - 98a8f6bd-fbb9-4a8e-a9ec-8fb646ec091b@group-2F47BF998A60: changes role from CANDIDATE to FOLLOWER at term 0 for REJECTED
2021-01-18 08:19:11,447 [98a8f6bd-fbb9-4a8e-a9ec-8fb646ec091b@group-2F47BF998A60-LeaderElection14] INFO  impl.RoleInfo (RoleInfo.java:shutdownLeaderElection(121)) - 98a8f6bd-fbb9-4a8e-a9ec-8fb646ec091b: shutdown 98a8f6bd-fbb9-4a8e-a9ec-8fb646ec091b@group-2F47BF998A60-LeaderElection14
2021-01-18 08:19:11,447 [98a8f6bd-fbb9-4a8e-a9ec-8fb646ec091b@group-2F47BF998A60-LeaderElection14] INFO  impl.RoleInfo (RoleInfo.java:updateAndGet(130)) - 98a8f6bd-fbb9-4a8e-a9ec-8fb646ec091b: start 98a8f6bd-fbb9-4a8e-a9ec-8fb646ec091b@group-2F47BF998A60-FollowerState
2021-01-18 08:19:11,446 [Thread-322] INFO  impl.RoleInfo (RoleInfo.java:shutdownFollowerState(108)) - 98a8f6bd-fbb9-4a8e-a9ec-8fb646ec091b: shutdown 98a8f6bd-fbb9-4a8e-a9ec-8fb646ec091b@group-53416BC22AC8-FollowerState
2021-01-18 08:19:11,447 [Thread-322] INFO  server.RaftServer$Division (RaftServerImpl.java:setRole(283)) - 98a8f6bd-fbb9-4a8e-a9ec-8fb646ec091b@group-53416BC22AC8: changes role from  FOLLOWER to CANDIDATE at term 0 for changeToCandidate
2021-01-18 08:19:11,448 [grpc-default-executor-5] INFO  server.RaftServer$Division (RaftServerImpl.java:requestPreVote(1081)) - bc9cf250-f2f7-4763-83b2-e84831211d15@group-2F47BF998A60 role: FOLLOWER allow pre-vote from:98a8f6bd-fbb9-4a8e-a9ec-8fb646ec091b
2021-01-18 08:19:11,448 [grpc-default-executor-5] INFO  server.RaftServer$Division (RaftServerImpl.java:requestPreVote(1099)) - bc9cf250-f2f7-4763-83b2-e84831211d15@group-2F47BF998A60 replies to pre-vote request: 98a8f6bd-fbb9-4a8e-a9ec-8fb646ec091b<-bc9cf250-f2f7-4763-83b2-e84831211d15#0:OK-t0. Peer's state: bc9cf250-f2f7-4763-83b2-e84831211d15@group-2F47BF998A60:t0, leader=null, voted=, raftlog=bc9cf250-f2f7-4763-83b2-e84831211d15@group-2F47BF998A60-SegmentedRaftLog:OPENED:c-1,f-1,i0, conf=-1: [bc9cf250-f2f7-4763-83b2-e84831211d15|rpc:172.17.0.2:33353|priority:0, 98a8f6bd-fbb9-4a8e-a9ec-8fb646ec091b|rpc:172.17.0.2:45967|priority:0, 852a0b0b-7bf4-4256-a802-bfb56885f965|rpc:172.17.0.2:38945|priority:1], old=null
2021-01-18 08:19:11,453 [Listener at 127.0.0.1/45853] INFO  metrics.RatisMetrics (RatisMetrics.java:lambda$create$0(36)) - Creating Metrics Registry : ratis.client_message_metrics.client-E24165876EB2->696d8df7-edf8-435c-b3eb-e448589269ce
2021-01-18 08:19:11,456 [852a0b0b-7bf4-4256-a802-bfb56885f965@group-A24C51A8245B-LeaderElection19] INFO  impl.LeaderElection (LeaderElection.java:askForVotes(308)) - 852a0b0b-7bf4-4256-a802-bfb56885f965@group-A24C51A8245B-LeaderElection19: begin an election at term 1 for -1: [852a0b0b-7bf4-4256-a802-bfb56885f965|rpc:172.17.0.2:38945|priority:1], old=null
2021-01-18 08:19:11,456 [852a0b0b-7bf4-4256-a802-bfb56885f965@group-A24C51A8245B-LeaderElection19] INFO  impl.RoleInfo (RoleInfo.java:shutdownLeaderElection(121)) - 852a0b0b-7bf4-4256-a802-bfb56885f965: shutdown 852a0b0b-7bf4-4256-a802-bfb56885f965@group-A24C51A8245B-LeaderElection19
2021-01-18 08:19:11,456 [852a0b0b-7bf4-4256-a802-bfb56885f965@group-A24C51A8245B-LeaderElection19] INFO  server.RaftServer$Division (RaftServerImpl.java:setRole(283)) - 852a0b0b-7bf4-4256-a802-bfb56885f965@group-A24C51A8245B: changes role from CANDIDATE to LEADER at term 1 for changeToLeader
2021-01-18 08:19:11,456 [852a0b0b-7bf4-4256-a802-bfb56885f965@group-A24C51A8245B-LeaderElection19] INFO  ratis.XceiverServerRatis (XceiverServerRatis.java:handleLeaderChangedNotification(868)) - Leader change notification received for group: group-A24C51A8245B with new leaderId: 852a0b0b-7bf4-4256-a802-bfb56885f965
2021-01-18 08:19:11,457 [bc9cf250-f2f7-4763-83b2-e84831211d15@group-D9A7B215F9CB-SegmentedRaftLogWorker] INFO  segmented.SegmentedRaftLogWorker (SegmentedRaftLogWorker.java:execute(599)) - bc9cf250-f2f7-4763-83b2-e84831211d15@group-D9A7B215F9CB-SegmentedRaftLogWorker: created new log segment /github/workspace/mnt/ozone/hadoop-ozone/integration-test/target/test-dir/MiniOzoneClusterImpl-bdf065e3-4bf0-4703-b3e1-6acc0ac12f97/datanode-7/data/ratis/503b528a-287a-4663-ba32-d9a7b215f9cb/current/log_inprogress_0
2021-01-18 08:19:11,457 [852a0b0b-7bf4-4256-a802-bfb56885f965@group-2F47BF998A60-LeaderElection13] INFO  impl.LeaderElection (LeaderElection.java:askForPreVotes(261)) - 852a0b0b-7bf4-4256-a802-bfb56885f965@group-2F47BF998A60-LeaderElection13 pre-vote result is PASSED.
2021-01-18 08:19:11,462 [852a0b0b-7bf4-4256-a802-bfb56885f965@group-2F47BF998A60-LeaderElection13] INFO  impl.LeaderElection (LeaderElection.java:askForVotes(308)) - 852a0b0b-7bf4-4256-a802-bfb56885f965@group-2F47BF998A60-LeaderElection13: begin an election at term 1 for -1: [bc9cf250-f2f7-4763-83b2-e84831211d15|rpc:172.17.0.2:33353|priority:0, 98a8f6bd-fbb9-4a8e-a9ec-8fb646ec091b|rpc:172.17.0.2:45967|priority:0, 852a0b0b-7bf4-4256-a802-bfb56885f965|rpc:172.17.0.2:38945|priority:1], old=null
2021-01-18 08:19:11,463 [bfdb13f1-88be-4fd0-b5f0-1bffb59ec9b7@group-40C8F8F876AB-LeaderElection16] INFO  impl.LeaderElection (LeaderElection.java:askForPreVotes(259)) - bfdb13f1-88be-4fd0-b5f0-1bffb59ec9b7@group-40C8F8F876AB-LeaderElection16: begin a pre-vote at term 0 for -1: [dc393f10-cf1b-4856-93c0-8107f803be1a|rpc:172.17.0.2:44865|priority:1, bfdb13f1-88be-4fd0-b5f0-1bffb59ec9b7|rpc:172.17.0.2:40691|priority:0, cf5be2f4-6792-4067-a62c-82347c056bf8|rpc:172.17.0.2:37857|priority:0], old=null
2021-01-18 08:19:11,463 [bfdb13f1-88be-4fd0-b5f0-1bffb59ec9b7@group-58A162B7A17E-LeaderElection18] INFO  impl.LeaderElection (LeaderElection.java:askForPreVotes(259)) - bfdb13f1-88be-4fd0-b5f0-1bffb59ec9b7@group-58A162B7A17E-LeaderElection18: begin a pre-vote at term 0 for -1: [bfdb13f1-88be-4fd0-b5f0-1bffb59ec9b7|rpc:172.17.0.2:40691|priority:1], old=null
2021-01-18 08:19:11,463 [bfdb13f1-88be-4fd0-b5f0-1bffb59ec9b7@group-58A162B7A17E-LeaderElection18] INFO  impl.LeaderElection (LeaderElection.java:askForPreVotes(261)) - bfdb13f1-88be-4fd0-b5f0-1bffb59ec9b7@group-58A162B7A17E-LeaderElection18 pre-vote result is PASSED.
2021-01-18 08:19:11,464 [80d4453e-3cb3-4128-a9dd-fc82c17086c2@group-8D8766D6CA45-LeaderElection17] INFO  impl.LeaderElection (LeaderElection.java:askForPreVotes(259)) - 80d4453e-3cb3-4128-a9dd-fc82c17086c2@group-8D8766D6CA45-LeaderElection17: begin a pre-vote at term 0 for -1: [80d4453e-3cb3-4128-a9dd-fc82c17086c2|rpc:172.17.0.2:37911|priority:1], old=null
2021-01-18 08:19:11,464 [80d4453e-3cb3-4128-a9dd-fc82c17086c2@group-8D8766D6CA45-LeaderElection17] INFO  impl.LeaderElection (LeaderElection.java:askForPreVotes(261)) - 80d4453e-3cb3-4128-a9dd-fc82c17086c2@group-8D8766D6CA45-LeaderElection17 pre-vote result is PASSED.
2021-01-18 08:19:11,465 [bfdb13f1-88be-4fd0-b5f0-1bffb59ec9b7@group-58A162B7A17E-LeaderElection18] INFO  impl.LeaderElection (LeaderElection.java:askForVotes(308)) - bfdb13f1-88be-4fd0-b5f0-1bffb59ec9b7@group-58A162B7A17E-LeaderElection18: begin an election at term 1 for -1: [bfdb13f1-88be-4fd0-b5f0-1bffb59ec9b7|rpc:172.17.0.2:40691|priority:1], old=null
2021-01-18 08:19:11,465 [bfdb13f1-88be-4fd0-b5f0-1bffb59ec9b7@group-58A162B7A17E-LeaderElection18] INFO  impl.RoleInfo (RoleInfo.java:shutdownLeaderElection(121)) - bfdb13f1-88be-4fd0-b5f0-1bffb59ec9b7: shutdown bfdb13f1-88be-4fd0-b5f0-1bffb59ec9b7@group-58A162B7A17E-LeaderElection18
2021-01-18 08:19:11,465 [bfdb13f1-88be-4fd0-b5f0-1bffb59ec9b7@group-58A162B7A17E-LeaderElection18] INFO  server.RaftServer$Division (RaftServerImpl.java:setRole(283)) - bfdb13f1-88be-4fd0-b5f0-1bffb59ec9b7@group-58A162B7A17E: changes role from CANDIDATE to LEADER at term 1 for changeToLeader
2021-01-18 08:19:11,465 [bfdb13f1-88be-4fd0-b5f0-1bffb59ec9b7@group-58A162B7A17E-LeaderElection18] INFO  ratis.XceiverServerRatis (XceiverServerRatis.java:handleLeaderChangedNotification(868)) - Leader change notification received for group: group-58A162B7A17E with new leaderId: bfdb13f1-88be-4fd0-b5f0-1bffb59ec9b7
2021-01-18 08:19:11,466 [80d4453e-3cb3-4128-a9dd-fc82c17086c2@group-8D8766D6CA45-LeaderElection17] INFO  impl.LeaderElection (LeaderElection.java:askForVotes(308)) - 80d4453e-3cb3-4128-a9dd-fc82c17086c2@group-8D8766D6CA45-LeaderElection17: begin an election at term 1 for -1: [80d4453e-3cb3-4128-a9dd-fc82c17086c2|rpc:172.17.0.2:37911|priority:1], old=null
2021-01-18 08:19:11,466 [80d4453e-3cb3-4128-a9dd-fc82c17086c2@group-8D8766D6CA45-LeaderElection17] INFO  impl.RoleInfo (RoleInfo.java:shutdownLeaderElection(121)) - 80d4453e-3cb3-4128-a9dd-fc82c17086c2: shutdown 80d4453e-3cb3-4128-a9dd-fc82c17086c2@group-8D8766D6CA45-LeaderElection17
2021-01-18 08:19:11,466 [80d4453e-3cb3-4128-a9dd-fc82c17086c2@group-8D8766D6CA45-LeaderElection17] INFO  server.RaftServer$Division (RaftServerImpl.java:setRole(283)) - 80d4453e-3cb3-4128-a9dd-fc82c17086c2@group-8D8766D6CA45: changes role from CANDIDATE to LEADER at term 1 for changeToLeader
2021-01-18 08:19:11,466 [80d4453e-3cb3-4128-a9dd-fc82c17086c2@group-8D8766D6CA45-LeaderElection17] INFO  ratis.XceiverServerRatis (XceiverServerRatis.java:handleLeaderChangedNotification(868)) - Leader change notification received for group: group-8D8766D6CA45 with new leaderId: 80d4453e-3cb3-4128-a9dd-fc82c17086c2
2021-01-18 08:19:11,472 [Thread-322] INFO  impl.RoleInfo (RoleInfo.java:updateAndGet(130)) - 98a8f6bd-fbb9-4a8e-a9ec-8fb646ec091b: start 98a8f6bd-fbb9-4a8e-a9ec-8fb646ec091b@group-53416BC22AC8-LeaderElection20
2021-01-18 08:19:11,474 [80d4453e-3cb3-4128-a9dd-fc82c17086c2@group-8D8766D6CA45-LeaderElection17] INFO  server.RaftServer$Division (ServerState.java:setLeader(249)) - 80d4453e-3cb3-4128-a9dd-fc82c17086c2@group-8D8766D6CA45: change Leader from null to 80d4453e-3cb3-4128-a9dd-fc82c17086c2 at term 1 for becomeLeader, leader elected after 5295ms
2021-01-18 08:19:11,474 [80d4453e-3cb3-4128-a9dd-fc82c17086c2@group-8D8766D6CA45-LeaderElection17] INFO  server.RaftServerConfigKeys (ConfUtils.java:logGet(44)) - raft.server.staging.catchup.gap = 1000 (default)
2021-01-18 08:19:11,474 [80d4453e-3cb3-4128-a9dd-fc82c17086c2@group-8D8766D6CA45-LeaderElection17] INFO  metrics.RatisMetrics (RatisMetrics.java:lambda$create$0(36)) - Creating Metrics Registry : ratis.log_appender.80d4453e-3cb3-4128-a9dd-fc82c17086c2@group-8D8766D6CA45
2021-01-18 08:19:11,474 [80d4453e-3cb3-4128-a9dd-fc82c17086c2@group-8D8766D6CA45-LeaderElection17] INFO  server.RaftServerConfigKeys (ConfUtils.java:logGet(44)) - raft.server.write.element-limit = 1024 (custom)
2021-01-18 08:19:11,474 [80d4453e-3cb3-4128-a9dd-fc82c17086c2@group-8D8766D6CA45-LeaderElection17] INFO  server.RaftServerConfigKeys (ConfUtils.java:logGet(44)) - raft.server.write.byte-limit = 1073741824 (custom)
2021-01-18 08:19:11,474 [80d4453e-3cb3-4128-a9dd-fc82c17086c2@group-8D8766D6CA45-LeaderElection17] INFO  server.RaftServerConfigKeys (ConfUtils.java:logGet(44)) - raft.server.watch.timeout = 10000ms (default)
2021-01-18 08:19:11,474 [80d4453e-3cb3-4128-a9dd-fc82c17086c2@group-8D8766D6CA45-LeaderElection17] INFO  server.RaftServerConfigKeys (ConfUtils.java:logGet(44)) - raft.server.watch.timeout.denomination = 1s (default)
2021-01-18 08:19:11,474 [80d4453e-3cb3-4128-a9dd-fc82c17086c2@group-8D8766D6CA45-LeaderElection17] INFO  server.RaftServerConfigKeys (ConfUtils.java:logGet(44)) - raft.server.watch.element-limit = 65536 (default)
2021-01-18 08:19:11,474 [80d4453e-3cb3-4128-a9dd-fc82c17086c2@group-8D8766D6CA45-LeaderElection17] INFO  impl.RoleInfo (RoleInfo.java:updateAndGet(130)) - 80d4453e-3cb3-4128-a9dd-fc82c17086c2: start 80d4453e-3cb3-4128-a9dd-fc82c17086c2@group-8D8766D6CA45-LeaderStateImpl
2021-01-18 08:19:11,475 [80d4453e-3cb3-4128-a9dd-fc82c17086c2@group-8D8766D6CA45-LeaderElection17] INFO  segmented.SegmentedRaftLogWorker (SegmentedRaftLogWorker.java:startLogSegment(392)) - 80d4453e-3cb3-4128-a9dd-fc82c17086c2@group-8D8766D6CA45-SegmentedRaftLogWorker: Starting segment from index:0
2021-01-18 08:19:11,476 [bfdb13f1-88be-4fd0-b5f0-1bffb59ec9b7@group-58A162B7A17E-LeaderElection18] INFO  server.RaftServer$Division (ServerState.java:setLeader(249)) - bfdb13f1-88be-4fd0-b5f0-1bffb59ec9b7@group-58A162B7A17E: change Leader from null to bfdb13f1-88be-4fd0-b5f0-1bffb59ec9b7 at term 1 for becomeLeader, leader elected after 5301ms
2021-01-18 08:19:11,476 [bfdb13f1-88be-4fd0-b5f0-1bffb59ec9b7@group-58A162B7A17E-LeaderElection18] INFO  server.RaftServerConfigKeys (ConfUtils.java:logGet(44)) - raft.server.staging.catchup.gap = 1000 (default)
2021-01-18 08:19:11,476 [bfdb13f1-88be-4fd0-b5f0-1bffb59ec9b7@group-58A162B7A17E-LeaderElection18] INFO  metrics.RatisMetrics (RatisMetrics.java:lambda$create$0(36)) - Creating Metrics Registry : ratis.log_appender.bfdb13f1-88be-4fd0-b5f0-1bffb59ec9b7@group-58A162B7A17E
2021-01-18 08:19:11,476 [bfdb13f1-88be-4fd0-b5f0-1bffb59ec9b7@group-58A162B7A17E-LeaderElection18] INFO  server.RaftServerConfigKeys (ConfUtils.java:logGet(44)) - raft.server.write.element-limit = 1024 (custom)
2021-01-18 08:19:11,476 [bfdb13f1-88be-4fd0-b5f0-1bffb59ec9b7@group-58A162B7A17E-LeaderElection18] INFO  server.RaftServerConfigKeys (ConfUtils.java:logGet(44)) - raft.server.write.byte-limit = 1073741824 (custom)
2021-01-18 08:19:11,484 [80d4453e-3cb3-4128-a9dd-fc82c17086c2@group-8D8766D6CA45-LeaderElection17] INFO  server.RaftServer$Division (ServerState.java:setRaftConf(368)) - 80d4453e-3cb3-4128-a9dd-fc82c17086c2@group-8D8766D6CA45: set configuration 0: [80d4453e-3cb3-4128-a9dd-fc82c17086c2|rpc:172.17.0.2:37911|dataStream:|priority:1], old=null
2021-01-18 08:19:11,484 [852a0b0b-7bf4-4256-a802-bfb56885f965@group-A24C51A8245B-LeaderElection19] INFO  server.RaftServer$Division (ServerState.java:setLeader(249)) - 852a0b0b-7bf4-4256-a802-bfb56885f965@group-A24C51A8245B: change Leader from null to 852a0b0b-7bf4-4256-a802-bfb56885f965 at term 1 for becomeLeader, leader elected after 5275ms
2021-01-18 08:19:11,485 [852a0b0b-7bf4-4256-a802-bfb56885f965@group-A24C51A8245B-LeaderElection19] INFO  server.RaftServerConfigKeys (ConfUtils.java:logGet(44)) - raft.server.staging.catchup.gap = 1000 (default)
2021-01-18 08:19:11,487 [852a0b0b-7bf4-4256-a802-bfb56885f965@group-A24C51A8245B-LeaderElection19] INFO  metrics.RatisMetrics (RatisMetrics.java:lambda$create$0(36)) - Creating Metrics Registry : ratis.log_appender.852a0b0b-7bf4-4256-a802-bfb56885f965@group-A24C51A8245B
2021-01-18 08:19:11,487 [852a0b0b-7bf4-4256-a802-bfb56885f965@group-A24C51A8245B-LeaderElection19] INFO  server.RaftServerConfigKeys (ConfUtils.java:logGet(44)) - raft.server.write.element-limit = 1024 (custom)
2021-01-18 08:19:11,487 [852a0b0b-7bf4-4256-a802-bfb56885f965@group-A24C51A8245B-LeaderElection19] INFO  server.RaftServerConfigKeys (ConfUtils.java:logGet(44)) - raft.server.write.byte-limit = 1073741824 (custom)
2021-01-18 08:19:11,484 [98a8f6bd-fbb9-4a8e-a9ec-8fb646ec091b@group-53416BC22AC8-LeaderElection20] INFO  impl.LeaderElection (LeaderElection.java:askForPreVotes(259)) - 98a8f6bd-fbb9-4a8e-a9ec-8fb646ec091b@group-53416BC22AC8-LeaderElection20: begin a pre-vote at term 0 for -1: [98a8f6bd-fbb9-4a8e-a9ec-8fb646ec091b|rpc:172.17.0.2:45967|priority:1], old=null
2021-01-18 08:19:11,486 [80d4453e-3cb3-4128-a9dd-fc82c17086c2@group-8D8766D6CA45-SegmentedRaftLogWorker] INFO  segmented.SegmentedRaftLogWorker (SegmentedRaftLogWorker.java:execute(599)) - 80d4453e-3cb3-4128-a9dd-fc82c17086c2@group-8D8766D6CA45-SegmentedRaftLogWorker: created new log segment /github/workspace/mnt/ozone/hadoop-ozone/integration-test/target/test-dir/MiniOzoneClusterImpl-bdf065e3-4bf0-4703-b3e1-6acc0ac12f97/datanode-9/data/ratis/33af3b24-265c-4310-9e6b-8d8766d6ca45/current/log_inprogress_0
2021-01-18 08:19:11,488 [98a8f6bd-fbb9-4a8e-a9ec-8fb646ec091b@group-53416BC22AC8-LeaderElection20] INFO  impl.LeaderElection (LeaderElection.java:askForPreVotes(261)) - 98a8f6bd-fbb9-4a8e-a9ec-8fb646ec091b@group-53416BC22AC8-LeaderElection20 pre-vote result is PASSED.
2021-01-18 08:19:11,490 [98a8f6bd-fbb9-4a8e-a9ec-8fb646ec091b@group-53416BC22AC8-LeaderElection20] INFO  impl.LeaderElection (LeaderElection.java:askForVotes(308)) - 98a8f6bd-fbb9-4a8e-a9ec-8fb646ec091b@group-53416BC22AC8-LeaderElection20: begin an election at term 1 for -1: [98a8f6bd-fbb9-4a8e-a9ec-8fb646ec091b|rpc:172.17.0.2:45967|priority:1], old=null
2021-01-18 08:19:11,490 [98a8f6bd-fbb9-4a8e-a9ec-8fb646ec091b@group-53416BC22AC8-LeaderElection20] INFO  impl.RoleInfo (RoleInfo.java:shutdownLeaderElection(121)) - 98a8f6bd-fbb9-4a8e-a9ec-8fb646ec091b: shutdown 98a8f6bd-fbb9-4a8e-a9ec-8fb646ec091b@group-53416BC22AC8-LeaderElection20
2021-01-18 08:19:11,490 [98a8f6bd-fbb9-4a8e-a9ec-8fb646ec091b@group-53416BC22AC8-LeaderElection20] INFO  server.RaftServer$Division (RaftServerImpl.java:setRole(283)) - 98a8f6bd-fbb9-4a8e-a9ec-8fb646ec091b@group-53416BC22AC8: changes role from CANDIDATE to LEADER at term 1 for changeToLeader
2021-01-18 08:19:11,490 [98a8f6bd-fbb9-4a8e-a9ec-8fb646ec091b@group-53416BC22AC8-LeaderElection20] INFO  ratis.XceiverServerRatis (XceiverServerRatis.java:handleLeaderChangedNotification(868)) - Leader change notification received for group: group-53416BC22AC8 with new leaderId: 98a8f6bd-fbb9-4a8e-a9ec-8fb646ec091b
2021-01-18 08:19:11,490 [98a8f6bd-fbb9-4a8e-a9ec-8fb646ec091b@group-53416BC22AC8-LeaderElection20] INFO  server.RaftServer$Division (ServerState.java:setLeader(249)) - 98a8f6bd-fbb9-4a8e-a9ec-8fb646ec091b@group-53416BC22AC8: change Leader from null to 98a8f6bd-fbb9-4a8e-a9ec-8fb646ec091b at term 1 for becomeLeader, leader elected after 5316ms
2021-01-18 08:19:11,490 [98a8f6bd-fbb9-4a8e-a9ec-8fb646ec091b@group-53416BC22AC8-LeaderElection20] INFO  server.RaftServerConfigKeys (ConfUtils.java:logGet(44)) - raft.server.staging.catchup.gap = 1000 (default)
2021-01-18 08:19:11,490 [98a8f6bd-fbb9-4a8e-a9ec-8fb646ec091b@group-53416BC22AC8-LeaderElection20] INFO  metrics.RatisMetrics (RatisMetrics.java:lambda$create$0(36)) - Creating Metrics Registry : ratis.log_appender.98a8f6bd-fbb9-4a8e-a9ec-8fb646ec091b@group-53416BC22AC8
2021-01-18 08:19:11,491 [98a8f6bd-fbb9-4a8e-a9ec-8fb646ec091b@group-53416BC22AC8-LeaderElection20] INFO  server.RaftServerConfigKeys (ConfUtils.java:logGet(44)) - raft.server.write.element-limit = 1024 (custom)
2021-01-18 08:19:11,491 [98a8f6bd-fbb9-4a8e-a9ec-8fb646ec091b@group-53416BC22AC8-LeaderElection20] INFO  server.RaftServerConfigKeys (ConfUtils.java:logGet(44)) - raft.server.write.byte-limit = 1073741824 (custom)
2021-01-18 08:19:11,493 [grpc-default-executor-4] INFO  server.RaftServer$Division (RaftServerImpl.java:setRole(283)) - bc9cf250-f2f7-4763-83b2-e84831211d15@group-2F47BF998A60: changes role from  FOLLOWER to FOLLOWER at term 1 for recognizeCandidate:852a0b0b-7bf4-4256-a802-bfb56885f965
2021-01-18 08:19:11,493 [grpc-default-executor-4] INFO  impl.RoleInfo (RoleInfo.java:shutdownFollowerState(108)) - bc9cf250-f2f7-4763-83b2-e84831211d15: shutdown bc9cf250-f2f7-4763-83b2-e84831211d15@group-2F47BF998A60-FollowerState
2021-01-18 08:19:11,493 [grpc-default-executor-4] INFO  impl.RoleInfo (RoleInfo.java:updateAndGet(130)) - bc9cf250-f2f7-4763-83b2-e84831211d15: start bc9cf250-f2f7-4763-83b2-e84831211d15@group-2F47BF998A60-FollowerState
2021-01-18 08:19:11,493 [Thread-332] INFO  impl.FollowerState (FollowerState.java:run(142)) - bc9cf250-f2f7-4763-83b2-e84831211d15@group-2F47BF998A60-FollowerState was interrupted: {}
java.lang.InterruptedException: sleep interrupted
	at java.lang.Thread.sleep(Native Method)
	at java.lang.Thread.sleep(Thread.java:340)
	at java.util.concurrent.TimeUnit.sleep(TimeUnit.java:386)
	at org.apache.ratis.util.TimeDuration.sleep(TimeDuration.java:324)
	at org.apache.ratis.util.TimeDuration.sleep(TimeDuration.java:309)
	at org.apache.ratis.server.impl.FollowerState.run(FollowerState.java:117)
2021-01-18 08:19:11,494 [grpc-default-executor-3] INFO  server.RaftServer$Division (RaftServerImpl.java:setRole(283)) - 98a8f6bd-fbb9-4a8e-a9ec-8fb646ec091b@group-2F47BF998A60: changes role from  FOLLOWER to FOLLOWER at term 1 for recognizeCandidate:852a0b0b-7bf4-4256-a802-bfb56885f965
2021-01-18 08:19:11,494 [grpc-default-executor-3] INFO  impl.RoleInfo (RoleInfo.java:shutdownFollowerState(108)) - 98a8f6bd-fbb9-4a8e-a9ec-8fb646ec091b: shutdown 98a8f6bd-fbb9-4a8e-a9ec-8fb646ec091b@group-2F47BF998A60-FollowerState
2021-01-18 08:19:11,495 [grpc-default-executor-1] INFO  server.RaftServer$Division (RaftServerImpl.java:requestPreVote(1060)) - dc393f10-cf1b-4856-93c0-8107f803be1a@group-40C8F8F876AB: receive preVote(bfdb13f1-88be-4fd0-b5f0-1bffb59ec9b7, group-40C8F8F876AB, 0, (t:0, i:0))
2021-01-18 08:19:11,495 [grpc-default-executor-1] INFO  server.RaftServer$Division (RaftServerImpl.java:requestPreVote(1083)) - dc393f10-cf1b-4856-93c0-8107f803be1a@group-40C8F8F876AB role: FOLLOWER reject pre-vote from:bfdb13f1-88be-4fd0-b5f0-1bffb59ec9b7 because compare:0 isCurrentLeaderValid:false
2021-01-18 08:19:11,495 [grpc-default-executor-1] INFO  server.RaftServer$Division (RaftServerImpl.java:requestPreVote(1099)) - dc393f10-cf1b-4856-93c0-8107f803be1a@group-40C8F8F876AB replies to pre-vote request: bfdb13f1-88be-4fd0-b5f0-1bffb59ec9b7<-dc393f10-cf1b-4856-93c0-8107f803be1a#0:FAIL-t0. Peer's state: dc393f10-cf1b-4856-93c0-8107f803be1a@group-40C8F8F876AB:t0, leader=null, voted=, raftlog=dc393f10-cf1b-4856-93c0-8107f803be1a@group-40C8F8F876AB-SegmentedRaftLog:OPENED:c-1,f-1,i0, conf=-1: [dc393f10-cf1b-4856-93c0-8107f803be1a|rpc:172.17.0.2:44865|dataStream:|priority:1, bfdb13f1-88be-4fd0-b5f0-1bffb59ec9b7|rpc:172.17.0.2:40691|dataStream:|priority:0, cf5be2f4-6792-4067-a62c-82347c056bf8|rpc:172.17.0.2:37857|dataStream:|priority:0], old=null
2021-01-18 08:19:11,495 [bc9cf250-f2f7-4763-83b2-e84831211d15@group-D9A7B215F9CB-StateMachineUpdater] INFO  ratis.ContainerStateMachine (ContainerStateMachine.java:takeSnapshot(291)) - group-D9A7B215F9CB: Taking a snapshot at:(t:1, i:0) file /github/workspace/mnt/ozone/hadoop-ozone/integration-test/target/test-dir/MiniOzoneClusterImpl-bdf065e3-4bf0-4703-b3e1-6acc0ac12f97/datanode-7/data/ratis/503b528a-287a-4663-ba32-d9a7b215f9cb/sm/snapshot.1_0
2021-01-18 08:19:11,495 [bfdb13f1-88be-4fd0-b5f0-1bffb59ec9b7@group-58A162B7A17E-LeaderElection18] INFO  server.RaftServerConfigKeys (ConfUtils.java:logGet(44)) - raft.server.watch.timeout = 10000ms (default)
2021-01-18 08:19:11,495 [bfdb13f1-88be-4fd0-b5f0-1bffb59ec9b7@group-58A162B7A17E-LeaderElection18] INFO  server.RaftServerConfigKeys (ConfUtils.java:logGet(44)) - raft.server.watch.timeout.denomination = 1s (default)
2021-01-18 08:19:11,496 [bfdb13f1-88be-4fd0-b5f0-1bffb59ec9b7@group-58A162B7A17E-LeaderElection18] INFO  server.RaftServerConfigKeys (ConfUtils.java:logGet(44)) - raft.server.watch.element-limit = 65536 (default)
2021-01-18 08:19:11,496 [bfdb13f1-88be-4fd0-b5f0-1bffb59ec9b7@group-58A162B7A17E-LeaderElection18] INFO  impl.RoleInfo (RoleInfo.java:updateAndGet(130)) - bfdb13f1-88be-4fd0-b5f0-1bffb59ec9b7: start bfdb13f1-88be-4fd0-b5f0-1bffb59ec9b7@group-58A162B7A17E-LeaderStateImpl
2021-01-18 08:19:11,496 [bc9cf250-f2f7-4763-83b2-e84831211d15@group-D9A7B215F9CB-StateMachineUpdater] INFO  ratis.ContainerStateMachine (ContainerStateMachine.java:takeSnapshot(302)) - group-D9A7B215F9CB: Finished taking a snapshot at:(t:1, i:0) file:/github/workspace/mnt/ozone/hadoop-ozone/integration-test/target/test-dir/MiniOzoneClusterImpl-bdf065e3-4bf0-4703-b3e1-6acc0ac12f97/datanode-7/data/ratis/503b528a-287a-4663-ba32-d9a7b215f9cb/sm/snapshot.1_0 took: 1 ms
2021-01-18 08:19:11,497 [bc9cf250-f2f7-4763-83b2-e84831211d15@group-D9A7B215F9CB-StateMachineUpdater] INFO  impl.StateMachineUpdater (StateMachineUpdater.java:takeSnapshot(279)) - bc9cf250-f2f7-4763-83b2-e84831211d15@group-D9A7B215F9CB-StateMachineUpdater: Took a snapshot at index 0
2021-01-18 08:19:11,497 [bc9cf250-f2f7-4763-83b2-e84831211d15@group-D9A7B215F9CB-StateMachineUpdater] INFO  impl.StateMachineUpdater (StateMachineUpdater.java:lambda$new$0(88)) - bc9cf250-f2f7-4763-83b2-e84831211d15@group-D9A7B215F9CB-StateMachineUpdater: snapshotIndex: updateIncreasingly -1 -> 0
2021-01-18 08:19:11,497 [852a0b0b-7bf4-4256-a802-bfb56885f965@group-A24C51A8245B-LeaderElection19] INFO  server.RaftServerConfigKeys (ConfUtils.java:logGet(44)) - raft.server.watch.timeout = 10000ms (default)
2021-01-18 08:19:11,497 [852a0b0b-7bf4-4256-a802-bfb56885f965@group-A24C51A8245B-LeaderElection19] INFO  server.RaftServerConfigKeys (ConfUtils.java:logGet(44)) - raft.server.watch.timeout.denomination = 1s (default)
2021-01-18 08:19:11,497 [852a0b0b-7bf4-4256-a802-bfb56885f965@group-A24C51A8245B-LeaderElection19] INFO  server.RaftServerConfigKeys (ConfUtils.java:logGet(44)) - raft.server.watch.element-limit = 65536 (default)
2021-01-18 08:19:11,497 [852a0b0b-7bf4-4256-a802-bfb56885f965@group-A24C51A8245B-LeaderElection19] INFO  impl.RoleInfo (RoleInfo.java:updateAndGet(130)) - 852a0b0b-7bf4-4256-a802-bfb56885f965: start 852a0b0b-7bf4-4256-a802-bfb56885f965@group-A24C51A8245B-LeaderStateImpl
2021-01-18 08:19:11,498 [98a8f6bd-fbb9-4a8e-a9ec-8fb646ec091b@group-53416BC22AC8-LeaderElection20] INFO  server.RaftServerConfigKeys (ConfUtils.java:logGet(44)) - raft.server.watch.timeout = 10000ms (default)
2021-01-18 08:19:11,498 [98a8f6bd-fbb9-4a8e-a9ec-8fb646ec091b@group-53416BC22AC8-LeaderElection20] INFO  server.RaftServerConfigKeys (ConfUtils.java:logGet(44)) - raft.server.watch.timeout.denomination = 1s (default)
2021-01-18 08:19:11,498 [98a8f6bd-fbb9-4a8e-a9ec-8fb646ec091b@group-53416BC22AC8-LeaderElection20] INFO  server.RaftServerConfigKeys (ConfUtils.java:logGet(44)) - raft.server.watch.element-limit = 65536 (default)
2021-01-18 08:19:11,498 [98a8f6bd-fbb9-4a8e-a9ec-8fb646ec091b@group-53416BC22AC8-LeaderElection20] INFO  impl.RoleInfo (RoleInfo.java:updateAndGet(130)) - 98a8f6bd-fbb9-4a8e-a9ec-8fb646ec091b: start 98a8f6bd-fbb9-4a8e-a9ec-8fb646ec091b@group-53416BC22AC8-LeaderStateImpl
2021-01-18 08:19:11,498 [bfdb13f1-88be-4fd0-b5f0-1bffb59ec9b7@group-58A162B7A17E-LeaderElection18] INFO  segmented.SegmentedRaftLogWorker (SegmentedRaftLogWorker.java:startLogSegment(392)) - bfdb13f1-88be-4fd0-b5f0-1bffb59ec9b7@group-58A162B7A17E-SegmentedRaftLogWorker: Starting segment from index:0
2021-01-18 08:19:11,498 [852a0b0b-7bf4-4256-a802-bfb56885f965@group-A24C51A8245B-LeaderElection19] INFO  segmented.SegmentedRaftLogWorker (SegmentedRaftLogWorker.java:startLogSegment(392)) - 852a0b0b-7bf4-4256-a802-bfb56885f965@group-A24C51A8245B-SegmentedRaftLogWorker: Starting segment from index:0
2021-01-18 08:19:11,499 [98a8f6bd-fbb9-4a8e-a9ec-8fb646ec091b@group-53416BC22AC8-LeaderElection20] INFO  segmented.SegmentedRaftLogWorker (SegmentedRaftLogWorker.java:startLogSegment(392)) - 98a8f6bd-fbb9-4a8e-a9ec-8fb646ec091b@group-53416BC22AC8-SegmentedRaftLogWorker: Starting segment from index:0
2021-01-18 08:19:11,500 [grpc-default-executor-4] INFO  server.RaftServer$Division (RaftServerImpl.java:requestVote(1137)) -  FOLLOWER bc9cf250-f2f7-4763-83b2-e84831211d15@group-2F47BF998A60:t1, leader=null, voted=null, raftlog=bc9cf250-f2f7-4763-83b2-e84831211d15@group-2F47BF998A60-SegmentedRaftLog:OPENED:c-1,f-1,i0, conf=-1: [bc9cf250-f2f7-4763-83b2-e84831211d15|rpc:172.17.0.2:33353|priority:0, 98a8f6bd-fbb9-4a8e-a9ec-8fb646ec091b|rpc:172.17.0.2:45967|priority:0, 852a0b0b-7bf4-4256-a802-bfb56885f965|rpc:172.17.0.2:38945|priority:1], old=null RUNNING priority:0 candidate:852a0b0b-7bf4-4256-a802-bfb56885f965|rpc:172.17.0.2:38945|priority:1 candidatePriority:1 compare:0
2021-01-18 08:19:11,502 [grpc-default-executor-1] INFO  server.RaftServer$Division (RaftServerImpl.java:requestPreVote(1060)) - cf5be2f4-6792-4067-a62c-82347c056bf8@group-40C8F8F876AB: receive preVote(bfdb13f1-88be-4fd0-b5f0-1bffb59ec9b7, group-40C8F8F876AB, 0, (t:0, i:0))
2021-01-18 08:19:11,502 [grpc-default-executor-1] INFO  server.RaftServer$Division (RaftServerImpl.java:requestPreVote(1081)) - cf5be2f4-6792-4067-a62c-82347c056bf8@group-40C8F8F876AB role: FOLLOWER allow pre-vote from:bfdb13f1-88be-4fd0-b5f0-1bffb59ec9b7
2021-01-18 08:19:11,502 [grpc-default-executor-1] INFO  server.RaftServer$Division (RaftServerImpl.java:requestPreVote(1099)) - cf5be2f4-6792-4067-a62c-82347c056bf8@group-40C8F8F876AB replies to pre-vote request: bfdb13f1-88be-4fd0-b5f0-1bffb59ec9b7<-cf5be2f4-6792-4067-a62c-82347c056bf8#0:OK-t0. Peer's state: cf5be2f4-6792-4067-a62c-82347c056bf8@group-40C8F8F876AB:t0, leader=null, voted=, raftlog=cf5be2f4-6792-4067-a62c-82347c056bf8@group-40C8F8F876AB-SegmentedRaftLog:OPENED:c-1,f-1,i0, conf=-1: [dc393f10-cf1b-4856-93c0-8107f803be1a|rpc:172.17.0.2:44865|priority:1, bfdb13f1-88be-4fd0-b5f0-1bffb59ec9b7|rpc:172.17.0.2:40691|priority:0, cf5be2f4-6792-4067-a62c-82347c056bf8|rpc:172.17.0.2:37857|priority:0], old=null
2021-01-18 08:19:11,504 [grpc-default-executor-3] INFO  impl.RoleInfo (RoleInfo.java:updateAndGet(130)) - 98a8f6bd-fbb9-4a8e-a9ec-8fb646ec091b: start 98a8f6bd-fbb9-4a8e-a9ec-8fb646ec091b@group-2F47BF998A60-FollowerState
2021-01-18 08:19:11,505 [bfdb13f1-88be-4fd0-b5f0-1bffb59ec9b7@group-58A162B7A17E-LeaderElection18] INFO  server.RaftServer$Division (ServerState.java:setRaftConf(368)) - bfdb13f1-88be-4fd0-b5f0-1bffb59ec9b7@group-58A162B7A17E: set configuration 0: [bfdb13f1-88be-4fd0-b5f0-1bffb59ec9b7|rpc:172.17.0.2:40691|dataStream:|priority:1], old=null
2021-01-18 08:19:11,505 [852a0b0b-7bf4-4256-a802-bfb56885f965@group-A24C51A8245B-LeaderElection19] INFO  server.RaftServer$Division (ServerState.java:setRaftConf(368)) - 852a0b0b-7bf4-4256-a802-bfb56885f965@group-A24C51A8245B: set configuration 0: [852a0b0b-7bf4-4256-a802-bfb56885f965|rpc:172.17.0.2:38945|dataStream:|priority:1], old=null
2021-01-18 08:19:11,505 [98a8f6bd-fbb9-4a8e-a9ec-8fb646ec091b@group-53416BC22AC8-LeaderElection20] INFO  server.RaftServer$Division (ServerState.java:setRaftConf(368)) - 98a8f6bd-fbb9-4a8e-a9ec-8fb646ec091b@group-53416BC22AC8: set configuration 0: [98a8f6bd-fbb9-4a8e-a9ec-8fb646ec091b|rpc:172.17.0.2:45967|dataStream:|priority:1], old=null
2021-01-18 08:19:11,504 [Thread-458] INFO  impl.FollowerState (FollowerState.java:run(142)) - 98a8f6bd-fbb9-4a8e-a9ec-8fb646ec091b@group-2F47BF998A60-FollowerState was interrupted: {}
java.lang.InterruptedException: sleep interrupted
	at java.lang.Thread.sleep(Native Method)
	at java.lang.Thread.sleep(Thread.java:340)
	at java.util.concurrent.TimeUnit.sleep(TimeUnit.java:386)
	at org.apache.ratis.util.TimeDuration.sleep(TimeDuration.java:324)
	at org.apache.ratis.util.TimeDuration.sleep(TimeDuration.java:309)
	at org.apache.ratis.server.impl.FollowerState.run(FollowerState.java:117)
2021-01-18 08:19:11,507 [852a0b0b-7bf4-4256-a802-bfb56885f965@group-2F47BF998A60-LeaderElection13] INFO  impl.LeaderElection (LeaderElection.java:logAndReturn(68)) - 852a0b0b-7bf4-4256-a802-bfb56885f965@group-2F47BF998A60-LeaderElection13: Election  PASSED received 1 response(s):[852a0b0b-7bf4-4256-a802-bfb56885f965<-bc9cf250-f2f7-4763-83b2-e84831211d15#0:OK-t1]
2021-01-18 08:19:11,508 [852a0b0b-7bf4-4256-a802-bfb56885f965@group-2F47BF998A60-LeaderElection13] INFO  impl.RoleInfo (RoleInfo.java:shutdownLeaderElection(121)) - 852a0b0b-7bf4-4256-a802-bfb56885f965: shutdown 852a0b0b-7bf4-4256-a802-bfb56885f965@group-2F47BF998A60-LeaderElection13
2021-01-18 08:19:11,510 [852a0b0b-7bf4-4256-a802-bfb56885f965@group-2F47BF998A60-LeaderElection13] INFO  server.RaftServer$Division (RaftServerImpl.java:setRole(283)) - 852a0b0b-7bf4-4256-a802-bfb56885f965@group-2F47BF998A60: changes role from CANDIDATE to LEADER at term 1 for changeToLeader
2021-01-18 08:19:11,510 [852a0b0b-7bf4-4256-a802-bfb56885f965@group-2F47BF998A60-LeaderElection13] INFO  ratis.XceiverServerRatis (XceiverServerRatis.java:handleLeaderChangedNotification(868)) - Leader change notification received for group: group-2F47BF998A60 with new leaderId: 852a0b0b-7bf4-4256-a802-bfb56885f965
2021-01-18 08:19:11,510 [852a0b0b-7bf4-4256-a802-bfb56885f965@group-2F47BF998A60-LeaderElection13] INFO  server.RaftServer$Division (ServerState.java:setLeader(249)) - 852a0b0b-7bf4-4256-a802-bfb56885f965@group-2F47BF998A60: change Leader from null to 852a0b0b-7bf4-4256-a802-bfb56885f965 at term 1 for becomeLeader, leader elected after 5241ms
2021-01-18 08:19:11,510 [852a0b0b-7bf4-4256-a802-bfb56885f965@group-2F47BF998A60-LeaderElection13] INFO  server.RaftServerConfigKeys (ConfUtils.java:logGet(44)) - raft.server.staging.catchup.gap = 1000 (default)
2021-01-18 08:19:11,510 [852a0b0b-7bf4-4256-a802-bfb56885f965@group-2F47BF998A60-LeaderElection13] INFO  metrics.RatisMetrics (RatisMetrics.java:lambda$create$0(36)) - Creating Metrics Registry : ratis.log_appender.852a0b0b-7bf4-4256-a802-bfb56885f965@group-2F47BF998A60
2021-01-18 08:19:11,510 [852a0b0b-7bf4-4256-a802-bfb56885f965@group-2F47BF998A60-LeaderElection13] INFO  server.RaftServerConfigKeys (ConfUtils.java:logGet(44)) - raft.server.write.element-limit = 1024 (custom)
2021-01-18 08:19:11,510 [852a0b0b-7bf4-4256-a802-bfb56885f965@group-2F47BF998A60-LeaderElection13] INFO  server.RaftServerConfigKeys (ConfUtils.java:logGet(44)) - raft.server.write.byte-limit = 1073741824 (custom)
2021-01-18 08:19:11,506 [grpc-default-executor-3] INFO  server.RaftServer$Division (RaftServerImpl.java:requestVote(1137)) -  FOLLOWER 98a8f6bd-fbb9-4a8e-a9ec-8fb646ec091b@group-2F47BF998A60:t1, leader=null, voted=null, raftlog=98a8f6bd-fbb9-4a8e-a9ec-8fb646ec091b@group-2F47BF998A60-SegmentedRaftLog:OPENED:c-1,f-1,i0, conf=-1: [bc9cf250-f2f7-4763-83b2-e84831211d15|rpc:172.17.0.2:33353|priority:0, 98a8f6bd-fbb9-4a8e-a9ec-8fb646ec091b|rpc:172.17.0.2:45967|priority:0, 852a0b0b-7bf4-4256-a802-bfb56885f965|rpc:172.17.0.2:38945|priority:1], old=null RUNNING priority:0 candidate:852a0b0b-7bf4-4256-a802-bfb56885f965|rpc:172.17.0.2:38945|priority:1 candidatePriority:1 compare:0
2021-01-18 08:19:11,510 [bfdb13f1-88be-4fd0-b5f0-1bffb59ec9b7@group-40C8F8F876AB-LeaderElection16] INFO  impl.LeaderElection (LeaderElection.java:logAndReturn(68)) - bfdb13f1-88be-4fd0-b5f0-1bffb59ec9b7@group-40C8F8F876AB-LeaderElection16: Pre-vote  REJECTED received 1 response(s):[bfdb13f1-88be-4fd0-b5f0-1bffb59ec9b7<-dc393f10-cf1b-4856-93c0-8107f803be1a#0:FAIL-t0]
2021-01-18 08:19:11,513 [bfdb13f1-88be-4fd0-b5f0-1bffb59ec9b7@group-40C8F8F876AB-LeaderElection16] INFO  impl.LeaderElection (LeaderElection.java:askForPreVotes(261)) - bfdb13f1-88be-4fd0-b5f0-1bffb59ec9b7@group-40C8F8F876AB-LeaderElection16 pre-vote result is REJECTED.
2021-01-18 08:19:11,513 [bfdb13f1-88be-4fd0-b5f0-1bffb59ec9b7@group-40C8F8F876AB-LeaderElection16] INFO  server.RaftServer$Division (RaftServerImpl.java:setRole(283)) - bfdb13f1-88be-4fd0-b5f0-1bffb59ec9b7@group-40C8F8F876AB: changes role from CANDIDATE to FOLLOWER at term 0 for REJECTED
2021-01-18 08:19:11,513 [bfdb13f1-88be-4fd0-b5f0-1bffb59ec9b7@group-40C8F8F876AB-LeaderElection16] INFO  impl.RoleInfo (RoleInfo.java:shutdownLeaderElection(121)) - bfdb13f1-88be-4fd0-b5f0-1bffb59ec9b7: shutdown bfdb13f1-88be-4fd0-b5f0-1bffb59ec9b7@group-40C8F8F876AB-LeaderElection16
2021-01-18 08:19:11,513 [bfdb13f1-88be-4fd0-b5f0-1bffb59ec9b7@group-40C8F8F876AB-LeaderElection16] INFO  impl.RoleInfo (RoleInfo.java:updateAndGet(130)) - bfdb13f1-88be-4fd0-b5f0-1bffb59ec9b7: start bfdb13f1-88be-4fd0-b5f0-1bffb59ec9b7@group-40C8F8F876AB-FollowerState
2021-01-18 08:19:11,513 [EventQueue-PipelineReportForPipelineReportHandler] INFO  pipeline.PipelineStateManager (PipelineStateManager.java:openPipeline(132)) - Pipeline Pipeline[ Id: d2a8336b-a828-43b0-8247-2f47bf998a60, Nodes: 852a0b0b-7bf4-4256-a802-bfb56885f965{ip: 172.17.0.2, host: dc3504268712, networkLocation: /default-rack, certSerialId: null, persistedOpState: IN_SERVICE, persistedOpStateExpiryEpochSec: 0}bc9cf250-f2f7-4763-83b2-e84831211d15{ip: 172.17.0.2, host: dc3504268712, networkLocation: /default-rack, certSerialId: null, persistedOpState: IN_SERVICE, persistedOpStateExpiryEpochSec: 0}98a8f6bd-fbb9-4a8e-a9ec-8fb646ec091b{ip: 172.17.0.2, host: dc3504268712, networkLocation: /default-rack, certSerialId: null, persistedOpState: IN_SERVICE, persistedOpStateExpiryEpochSec: 0}, Type:RATIS, Factor:THREE, State:ALLOCATED, leaderId:852a0b0b-7bf4-4256-a802-bfb56885f965, CreationTimestamp2021-01-18T08:19:02.882Z] moved to OPEN state
2021-01-18 08:19:11,524 [80d4453e-3cb3-4128-a9dd-fc82c17086c2@group-8D8766D6CA45-StateMachineUpdater] INFO  ratis.ContainerStateMachine (ContainerStateMachine.java:takeSnapshot(291)) - group-8D8766D6CA45: Taking a snapshot at:(t:1, i:0) file /github/workspace/mnt/ozone/hadoop-ozone/integration-test/target/test-dir/MiniOzoneClusterImpl-bdf065e3-4bf0-4703-b3e1-6acc0ac12f97/datanode-9/data/ratis/33af3b24-265c-4310-9e6b-8d8766d6ca45/sm/snapshot.1_0
2021-01-18 08:19:11,525 [852a0b0b-7bf4-4256-a802-bfb56885f965@group-2F47BF998A60-LeaderElection13] INFO  server.RaftServerConfigKeys (ConfUtils.java:logGet(44)) - raft.server.watch.timeout = 10000ms (default)
2021-01-18 08:19:11,525 [852a0b0b-7bf4-4256-a802-bfb56885f965@group-2F47BF998A60-LeaderElection13] INFO  server.RaftServerConfigKeys (ConfUtils.java:logGet(44)) - raft.server.watch.timeout.denomination = 1s (default)
2021-01-18 08:19:11,525 [852a0b0b-7bf4-4256-a802-bfb56885f965@group-2F47BF998A60-LeaderElection13] INFO  server.RaftServerConfigKeys (ConfUtils.java:logGet(44)) - raft.server.watch.element-limit = 65536 (default)
2021-01-18 08:19:11,525 [852a0b0b-7bf4-4256-a802-bfb56885f965@group-2F47BF998A60-LeaderElection13] INFO  server.RaftServerConfigKeys (ConfUtils.java:logGet(44)) - raft.server.log.appender.snapshot.chunk.size.max = 16MB (=16777216) (default)
2021-01-18 08:19:11,525 [852a0b0b-7bf4-4256-a802-bfb56885f965@group-2F47BF998A60-LeaderElection13] INFO  server.RaftServerConfigKeys (ConfUtils.java:logGet(44)) - raft.server.log.appender.buffer.byte-limit = 33554432 (custom)
2021-01-18 08:19:11,525 [852a0b0b-7bf4-4256-a802-bfb56885f965@group-2F47BF998A60-LeaderElection13] INFO  server.RaftServerConfigKeys (ConfUtils.java:logGet(44)) - raft.server.log.appender.buffer.element-limit = 1 (custom)
2021-01-18 08:19:11,525 [852a0b0b-7bf4-4256-a802-bfb56885f965@group-2F47BF998A60-LeaderElection13] INFO  grpc.GrpcConfigKeys (ConfUtils.java:logGet(44)) - raft.grpc.server.leader.outstanding.appends.max = 128 (default)
2021-01-18 08:19:11,525 [852a0b0b-7bf4-4256-a802-bfb56885f965@group-2F47BF998A60-LeaderElection13] INFO  server.RaftServerConfigKeys (ConfUtils.java:logGet(44)) - raft.server.rpc.request.timeout = 3000ms (default)
2021-01-18 08:19:11,525 [852a0b0b-7bf4-4256-a802-bfb56885f965@group-2F47BF998A60-LeaderElection13] INFO  server.RaftServerConfigKeys (ConfUtils.java:logGet(44)) - raft.server.log.appender.install.snapshot.enabled = false (custom)
2021-01-18 08:19:11,525 [852a0b0b-7bf4-4256-a802-bfb56885f965@group-2F47BF998A60-LeaderElection13] INFO  metrics.RatisMetrics (RatisMetrics.java:lambda$create$0(36)) - Creating Metrics Registry : ratis_grpc.log_appender.852a0b0b-7bf4-4256-a802-bfb56885f965@group-2F47BF998A60
2021-01-18 08:19:11,526 [98a8f6bd-fbb9-4a8e-a9ec-8fb646ec091b@group-53416BC22AC8-SegmentedRaftLogWorker] INFO  segmented.SegmentedRaftLogWorker (SegmentedRaftLogWorker.java:execute(599)) - 98a8f6bd-fbb9-4a8e-a9ec-8fb646ec091b@group-53416BC22AC8-SegmentedRaftLogWorker: created new log segment /github/workspace/mnt/ozone/hadoop-ozone/integration-test/target/test-dir/MiniOzoneClusterImpl-bdf065e3-4bf0-4703-b3e1-6acc0ac12f97/datanode-6/data/ratis/dacf6ae2-768d-45ab-a4bf-53416bc22ac8/current/log_inprogress_0
2021-01-18 08:19:11,526 [852a0b0b-7bf4-4256-a802-bfb56885f965@group-2F47BF998A60-LeaderElection13] INFO  server.RaftServerConfigKeys (ConfUtils.java:logGet(44)) - raft.server.log.appender.snapshot.chunk.size.max = 16MB (=16777216) (default)
2021-01-18 08:19:11,526 [852a0b0b-7bf4-4256-a802-bfb56885f965@group-2F47BF998A60-LeaderElection13] INFO  server.RaftServerConfigKeys (ConfUtils.java:logGet(44)) - raft.server.log.appender.buffer.byte-limit = 33554432 (custom)
2021-01-18 08:19:11,526 [852a0b0b-7bf4-4256-a802-bfb56885f965@group-2F47BF998A60-LeaderElection13] INFO  server.RaftServerConfigKeys (ConfUtils.java:logGet(44)) - raft.server.log.appender.buffer.element-limit = 1 (custom)
2021-01-18 08:19:11,527 [852a0b0b-7bf4-4256-a802-bfb56885f965@group-2F47BF998A60-LeaderElection13] INFO  grpc.GrpcConfigKeys (ConfUtils.java:logGet(44)) - raft.grpc.server.leader.outstanding.appends.max = 128 (default)
2021-01-18 08:19:11,527 [852a0b0b-7bf4-4256-a802-bfb56885f965@group-2F47BF998A60-LeaderElection13] INFO  server.RaftServerConfigKeys (ConfUtils.java:logGet(44)) - raft.server.rpc.request.timeout = 3000ms (default)
2021-01-18 08:19:11,527 [852a0b0b-7bf4-4256-a802-bfb56885f965@group-A24C51A8245B-SegmentedRaftLogWorker] INFO  segmented.SegmentedRaftLogWorker (SegmentedRaftLogWorker.java:execute(599)) - 852a0b0b-7bf4-4256-a802-bfb56885f965@group-A24C51A8245B-SegmentedRaftLogWorker: created new log segment /github/workspace/mnt/ozone/hadoop-ozone/integration-test/target/test-dir/MiniOzoneClusterImpl-bdf065e3-4bf0-4703-b3e1-6acc0ac12f97/datanode-8/data/ratis/95eae760-9b4e-4935-99d8-a24c51a8245b/current/log_inprogress_0
2021-01-18 08:19:11,528 [80d4453e-3cb3-4128-a9dd-fc82c17086c2@group-8D8766D6CA45-StateMachineUpdater] INFO  ratis.ContainerStateMachine (ContainerStateMachine.java:takeSnapshot(302)) - group-8D8766D6CA45: Finished taking a snapshot at:(t:1, i:0) file:/github/workspace/mnt/ozone/hadoop-ozone/integration-test/target/test-dir/MiniOzoneClusterImpl-bdf065e3-4bf0-4703-b3e1-6acc0ac12f97/datanode-9/data/ratis/33af3b24-265c-4310-9e6b-8d8766d6ca45/sm/snapshot.1_0 took: 3 ms
2021-01-18 08:19:11,528 [80d4453e-3cb3-4128-a9dd-fc82c17086c2@group-8D8766D6CA45-StateMachineUpdater] INFO  impl.StateMachineUpdater (StateMachineUpdater.java:takeSnapshot(279)) - 80d4453e-3cb3-4128-a9dd-fc82c17086c2@group-8D8766D6CA45-StateMachineUpdater: Took a snapshot at index 0
2021-01-18 08:19:11,528 [80d4453e-3cb3-4128-a9dd-fc82c17086c2@group-8D8766D6CA45-StateMachineUpdater] INFO  impl.StateMachineUpdater (StateMachineUpdater.java:lambda$new$0(88)) - 80d4453e-3cb3-4128-a9dd-fc82c17086c2@group-8D8766D6CA45-StateMachineUpdater: snapshotIndex: updateIncreasingly -1 -> 0
2021-01-18 08:19:11,528 [852a0b0b-7bf4-4256-a802-bfb56885f965@group-2F47BF998A60-LeaderElection13] INFO  server.RaftServerConfigKeys (ConfUtils.java:logGet(44)) - raft.server.log.appender.install.snapshot.enabled = false (custom)
2021-01-18 08:19:11,528 [bfdb13f1-88be-4fd0-b5f0-1bffb59ec9b7@group-58A162B7A17E-SegmentedRaftLogWorker] INFO  segmented.SegmentedRaftLogWorker (SegmentedRaftLogWorker.java:execute(599)) - bfdb13f1-88be-4fd0-b5f0-1bffb59ec9b7@group-58A162B7A17E-SegmentedRaftLogWorker: created new log segment /github/workspace/mnt/ozone/hadoop-ozone/integration-test/target/test-dir/MiniOzoneClusterImpl-bdf065e3-4bf0-4703-b3e1-6acc0ac12f97/datanode-4/data/ratis/ed94cfc9-54ea-4613-8ec3-58a162b7a17e/current/log_inprogress_0
2021-01-18 08:19:11,530 [EventQueue-IncrementalContainerReportForIncrementalContainerReportHandler] WARN  container.IncrementalContainerReportHandler (AbstractContainerReportHandler.java:updateContainerState(182)) - Container #1 is in OPEN state, but the datanode 696d8df7-edf8-435c-b3eb-e448589269ce{ip: 172.17.0.2, host: dc3504268712, networkLocation: /default-rack, certSerialId: null, persistedOpState: IN_SERVICE, persistedOpStateExpiryEpochSec: 0} reports an CLOSING replica.
2021-01-18 08:19:11,531 [RatisApplyTransactionExecutor 1] INFO  keyvalue.KeyValueContainer (KeyValueContainer.java:flushAndSyncDB(388)) - Container 1 is synced with bcsId 6.
2021-01-18 08:19:11,531 [RatisApplyTransactionExecutor 1] INFO  keyvalue.KeyValueContainer (KeyValueContainer.java:flushAndSyncDB(388)) - Container 1 is synced with bcsId 6.
2021-01-18 08:19:11,536 [98a8f6bd-fbb9-4a8e-a9ec-8fb646ec091b@group-53416BC22AC8-StateMachineUpdater] INFO  ratis.ContainerStateMachine (ContainerStateMachine.java:takeSnapshot(291)) - group-53416BC22AC8: Taking a snapshot at:(t:1, i:0) file /github/workspace/mnt/ozone/hadoop-ozone/integration-test/target/test-dir/MiniOzoneClusterImpl-bdf065e3-4bf0-4703-b3e1-6acc0ac12f97/datanode-6/data/ratis/dacf6ae2-768d-45ab-a4bf-53416bc22ac8/sm/snapshot.1_0
2021-01-18 08:19:11,536 [RatisApplyTransactionExecutor 1] INFO  keyvalue.KeyValueContainer (KeyValueContainer.java:close(326)) - Container 1 is closed with bcsId 6.
2021-01-18 08:19:11,537 [852a0b0b-7bf4-4256-a802-bfb56885f965@group-A24C51A8245B-StateMachineUpdater] INFO  ratis.ContainerStateMachine (ContainerStateMachine.java:takeSnapshot(291)) - group-A24C51A8245B: Taking a snapshot at:(t:1, i:0) file /github/workspace/mnt/ozone/hadoop-ozone/integration-test/target/test-dir/MiniOzoneClusterImpl-bdf065e3-4bf0-4703-b3e1-6acc0ac12f97/datanode-8/data/ratis/95eae760-9b4e-4935-99d8-a24c51a8245b/sm/snapshot.1_0
2021-01-18 08:19:11,538 [852a0b0b-7bf4-4256-a802-bfb56885f965@group-A24C51A8245B-StateMachineUpdater] INFO  ratis.ContainerStateMachine (ContainerStateMachine.java:takeSnapshot(302)) - group-A24C51A8245B: Finished taking a snapshot at:(t:1, i:0) file:/github/workspace/mnt/ozone/hadoop-ozone/integration-test/target/test-dir/MiniOzoneClusterImpl-bdf065e3-4bf0-4703-b3e1-6acc0ac12f97/datanode-8/data/ratis/95eae760-9b4e-4935-99d8-a24c51a8245b/sm/snapshot.1_0 took: 1 ms
2021-01-18 08:19:11,538 [852a0b0b-7bf4-4256-a802-bfb56885f965@group-A24C51A8245B-StateMachineUpdater] INFO  impl.StateMachineUpdater (StateMachineUpdater.java:takeSnapshot(279)) - 852a0b0b-7bf4-4256-a802-bfb56885f965@group-A24C51A8245B-StateMachineUpdater: Took a snapshot at index 0
2021-01-18 08:19:11,538 [852a0b0b-7bf4-4256-a802-bfb56885f965@group-A24C51A8245B-StateMachineUpdater] INFO  impl.StateMachineUpdater (StateMachineUpdater.java:lambda$new$0(88)) - 852a0b0b-7bf4-4256-a802-bfb56885f965@group-A24C51A8245B-StateMachineUpdater: snapshotIndex: updateIncreasingly -1 -> 0
2021-01-18 08:19:11,538 [98a8f6bd-fbb9-4a8e-a9ec-8fb646ec091b@group-53416BC22AC8-StateMachineUpdater] INFO  ratis.ContainerStateMachine (ContainerStateMachine.java:takeSnapshot(302)) - group-53416BC22AC8: Finished taking a snapshot at:(t:1, i:0) file:/github/workspace/mnt/ozone/hadoop-ozone/integration-test/target/test-dir/MiniOzoneClusterImpl-bdf065e3-4bf0-4703-b3e1-6acc0ac12f97/datanode-6/data/ratis/dacf6ae2-768d-45ab-a4bf-53416bc22ac8/sm/snapshot.1_0 took: 2 ms
2021-01-18 08:19:11,538 [98a8f6bd-fbb9-4a8e-a9ec-8fb646ec091b@group-53416BC22AC8-StateMachineUpdater] INFO  impl.StateMachineUpdater (StateMachineUpdater.java:takeSnapshot(279)) - 98a8f6bd-fbb9-4a8e-a9ec-8fb646ec091b@group-53416BC22AC8-StateMachineUpdater: Took a snapshot at index 0
2021-01-18 08:19:11,538 [98a8f6bd-fbb9-4a8e-a9ec-8fb646ec091b@group-53416BC22AC8-StateMachineUpdater] INFO  impl.StateMachineUpdater (StateMachineUpdater.java:lambda$new$0(88)) - 98a8f6bd-fbb9-4a8e-a9ec-8fb646ec091b@group-53416BC22AC8-StateMachineUpdater: snapshotIndex: updateIncreasingly -1 -> 0
2021-01-18 08:19:11,539 [EventQueue-IncrementalContainerReportForIncrementalContainerReportHandler] WARN  container.IncrementalContainerReportHandler (AbstractContainerReportHandler.java:updateContainerState(182)) - Container #1 is in OPEN state, but the datanode 696d8df7-edf8-435c-b3eb-e448589269ce{ip: 172.17.0.2, host: dc3504268712, networkLocation: /default-rack, certSerialId: null, persistedOpState: IN_SERVICE, persistedOpStateExpiryEpochSec: 0} reports an CLOSED replica.
2021-01-18 08:19:11,540 [696d8df7-edf8-435c-b3eb-e448589269ce@group-274AE5AFA946-StateMachineUpdater] INFO  ratis.ContainerStateMachine (ContainerStateMachine.java:takeSnapshot(291)) - group-274AE5AFA946: Taking a snapshot at:(t:1, i:7) file /github/workspace/mnt/ozone/hadoop-ozone/integration-test/target/test-dir/MiniOzoneClusterImpl-bdf065e3-4bf0-4703-b3e1-6acc0ac12f97/datanode-0/data/ratis/eb0122ff-0a73-4a11-86c0-274ae5afa946/sm/snapshot.1_7
2021-01-18 08:19:11,542 [696d8df7-edf8-435c-b3eb-e448589269ce@group-274AE5AFA946-StateMachineUpdater] INFO  ratis.ContainerStateMachine (ContainerStateMachine.java:takeSnapshot(302)) - group-274AE5AFA946: Finished taking a snapshot at:(t:1, i:7) file:/github/workspace/mnt/ozone/hadoop-ozone/integration-test/target/test-dir/MiniOzoneClusterImpl-bdf065e3-4bf0-4703-b3e1-6acc0ac12f97/datanode-0/data/ratis/eb0122ff-0a73-4a11-86c0-274ae5afa946/sm/snapshot.1_7 took: 2 ms
2021-01-18 08:19:11,542 [696d8df7-edf8-435c-b3eb-e448589269ce@group-274AE5AFA946-StateMachineUpdater] INFO  impl.StateMachineUpdater (StateMachineUpdater.java:takeSnapshot(279)) - 696d8df7-edf8-435c-b3eb-e448589269ce@group-274AE5AFA946-StateMachineUpdater: Took a snapshot at index 7
2021-01-18 08:19:11,543 [696d8df7-edf8-435c-b3eb-e448589269ce@group-274AE5AFA946-StateMachineUpdater] INFO  impl.StateMachineUpdater (StateMachineUpdater.java:lambda$new$0(88)) - 696d8df7-edf8-435c-b3eb-e448589269ce@group-274AE5AFA946-StateMachineUpdater: snapshotIndex: updateIncreasingly 7 -> 7
2021-01-18 08:19:11,543 [696d8df7-edf8-435c-b3eb-e448589269ce@group-274AE5AFA946-StateMachineUpdater] INFO  ratis.ContainerStateMachine (ContainerStateMachine.java:takeSnapshot(291)) - group-274AE5AFA946: Taking a snapshot at:(t:1, i:7) file /github/workspace/mnt/ozone/hadoop-ozone/integration-test/target/test-dir/MiniOzoneClusterImpl-bdf065e3-4bf0-4703-b3e1-6acc0ac12f97/datanode-0/data/ratis/eb0122ff-0a73-4a11-86c0-274ae5afa946/sm/snapshot.1_7
2021-01-18 08:19:11,543 [Listener at 127.0.0.1/45853] INFO  ratis.ContainerStateMachine (ContainerStateMachine.java:takeSnapshot(291)) - group-274AE5AFA946: Taking a snapshot at:(t:1, i:7) file /github/workspace/mnt/ozone/hadoop-ozone/integration-test/target/test-dir/MiniOzoneClusterImpl-bdf065e3-4bf0-4703-b3e1-6acc0ac12f97/datanode-0/data/ratis/eb0122ff-0a73-4a11-86c0-274ae5afa946/sm/snapshot.1_7
2021-01-18 08:19:11,544 [Listener at 127.0.0.1/45853] INFO  ratis.ContainerStateMachine (ContainerStateMachine.java:takeSnapshot(302)) - group-274AE5AFA946: Finished taking a snapshot at:(t:1, i:7) file:/github/workspace/mnt/ozone/hadoop-ozone/integration-test/target/test-dir/MiniOzoneClusterImpl-bdf065e3-4bf0-4703-b3e1-6acc0ac12f97/datanode-0/data/ratis/eb0122ff-0a73-4a11-86c0-274ae5afa946/sm/snapshot.1_7 took: 1 ms
2021-01-18 08:19:11,547 [696d8df7-edf8-435c-b3eb-e448589269ce@group-274AE5AFA946-StateMachineUpdater] INFO  ratis.ContainerStateMachine (ContainerStateMachine.java:takeSnapshot(302)) - group-274AE5AFA946: Finished taking a snapshot at:(t:1, i:7) file:/github/workspace/mnt/ozone/hadoop-ozone/integration-test/target/test-dir/MiniOzoneClusterImpl-bdf065e3-4bf0-4703-b3e1-6acc0ac12f97/datanode-0/data/ratis/eb0122ff-0a73-4a11-86c0-274ae5afa946/sm/snapshot.1_7 took: 5 ms
2021-01-18 08:19:11,548 [852a0b0b-7bf4-4256-a802-bfb56885f965@group-2F47BF998A60-LeaderElection13] INFO  impl.RoleInfo (RoleInfo.java:updateAndGet(130)) - 852a0b0b-7bf4-4256-a802-bfb56885f965: start 852a0b0b-7bf4-4256-a802-bfb56885f965@group-2F47BF998A60-LeaderStateImpl
2021-01-18 08:19:11,548 [696d8df7-edf8-435c-b3eb-e448589269ce@group-274AE5AFA946-StateMachineUpdater] INFO  impl.StateMachineUpdater (StateMachineUpdater.java:takeSnapshot(279)) - 696d8df7-edf8-435c-b3eb-e448589269ce@group-274AE5AFA946-StateMachineUpdater: Took a snapshot at index 7
2021-01-18 08:19:11,548 [696d8df7-edf8-435c-b3eb-e448589269ce@group-274AE5AFA946-StateMachineUpdater] INFO  impl.StateMachineUpdater (StateMachineUpdater.java:lambda$new$0(88)) - 696d8df7-edf8-435c-b3eb-e448589269ce@group-274AE5AFA946-StateMachineUpdater: snapshotIndex: updateIncreasingly 7 -> 7
2021-01-18 08:19:11,548 [852a0b0b-7bf4-4256-a802-bfb56885f965@group-2F47BF998A60-LeaderElection13] INFO  segmented.SegmentedRaftLogWorker (SegmentedRaftLogWorker.java:startLogSegment(392)) - 852a0b0b-7bf4-4256-a802-bfb56885f965@group-2F47BF998A60-SegmentedRaftLogWorker: Starting segment from index:0
2021-01-18 08:19:11,549 [852a0b0b-7bf4-4256-a802-bfb56885f965@group-2F47BF998A60-SegmentedRaftLogWorker] INFO  segmented.SegmentedRaftLogWorker (SegmentedRaftLogWorker.java:execute(599)) - 852a0b0b-7bf4-4256-a802-bfb56885f965@group-2F47BF998A60-SegmentedRaftLogWorker: created new log segment /github/workspace/mnt/ozone/hadoop-ozone/integration-test/target/test-dir/MiniOzoneClusterImpl-bdf065e3-4bf0-4703-b3e1-6acc0ac12f97/datanode-8/data/ratis/d2a8336b-a828-43b0-8247-2f47bf998a60/current/log_inprogress_0
2021-01-18 08:19:11,556 [bfdb13f1-88be-4fd0-b5f0-1bffb59ec9b7@group-58A162B7A17E-StateMachineUpdater] INFO  ratis.ContainerStateMachine (ContainerStateMachine.java:takeSnapshot(291)) - group-58A162B7A17E: Taking a snapshot at:(t:1, i:0) file /github/workspace/mnt/ozone/hadoop-ozone/integration-test/target/test-dir/MiniOzoneClusterImpl-bdf065e3-4bf0-4703-b3e1-6acc0ac12f97/datanode-4/data/ratis/ed94cfc9-54ea-4613-8ec3-58a162b7a17e/sm/snapshot.1_0
2021-01-18 08:19:11,557 [bfdb13f1-88be-4fd0-b5f0-1bffb59ec9b7@group-58A162B7A17E-StateMachineUpdater] INFO  ratis.ContainerStateMachine (ContainerStateMachine.java:takeSnapshot(302)) - group-58A162B7A17E: Finished taking a snapshot at:(t:1, i:0) file:/github/workspace/mnt/ozone/hadoop-ozone/integration-test/target/test-dir/MiniOzoneClusterImpl-bdf065e3-4bf0-4703-b3e1-6acc0ac12f97/datanode-4/data/ratis/ed94cfc9-54ea-4613-8ec3-58a162b7a17e/sm/snapshot.1_0 took: 1 ms
2021-01-18 08:19:11,557 [bfdb13f1-88be-4fd0-b5f0-1bffb59ec9b7@group-58A162B7A17E-StateMachineUpdater] INFO  impl.StateMachineUpdater (StateMachineUpdater.java:takeSnapshot(279)) - bfdb13f1-88be-4fd0-b5f0-1bffb59ec9b7@group-58A162B7A17E-StateMachineUpdater: Took a snapshot at index 0
2021-01-18 08:19:11,557 [bfdb13f1-88be-4fd0-b5f0-1bffb59ec9b7@group-58A162B7A17E-StateMachineUpdater] INFO  impl.StateMachineUpdater (StateMachineUpdater.java:lambda$new$0(88)) - bfdb13f1-88be-4fd0-b5f0-1bffb59ec9b7@group-58A162B7A17E-StateMachineUpdater: snapshotIndex: updateIncreasingly -1 -> 0
]]></system-out>
  </testcase>
  <testcase name="testWriteStateMachineDataIdempotencyWithClosedContainer" classname="org.apache.hadoop.ozone.client.rpc.TestContainerStateMachineFailures" time="0.732"/>
  <testcase name="testContainerStateMachineFailures" classname="org.apache.hadoop.ozone.client.rpc.TestContainerStateMachineFailures" time="28.417"/>
  <testcase name="testUnhealthyContainer" classname="org.apache.hadoop.ozone.client.rpc.TestContainerStateMachineFailures" time="12.217"/>
  <testcase name="testApplyTransactionFailure" classname="org.apache.hadoop.ozone.client.rpc.TestContainerStateMachineFailures" time="4.757"/>
</testsuite>