<?xml version="1.0" encoding="UTF-8"?>
<testsuite xmlns:xsi="http://www.w3.org/2001/XMLSchema-instance" xsi:noNamespaceSchemaLocation="https://maven.apache.org/surefire/maven-surefire-plugin/xsd/surefire-test-report.xsd" name="org.apache.hadoop.ozone.freon.TestRandomKeyGenerator" time="386.68" tests="6" errors="0" skipped="0" failures="1">
  <properties>
    <property name="awt.toolkit" value="sun.awt.X11.XToolkit"/>
    <property name="file.encoding.pkg" value="sun.io"/>
    <property name="java.specification.version" value="1.8"/>
    <property name="sun.cpu.isalist" value=""/>
    <property name="sun.jnu.encoding" value="ANSI_X3.4-1968"/>
    <property name="java.class.path" value="/github/workspace/hadoop-ozone/integration-test/target/test-classes:/github/workspace/hadoop-ozone/integration-test/target/classes:/home/user/.m2/repository/org/apache/hadoop/hadoop-ozone-common/0.5.0-SNAPSHOT/hadoop-ozone-common-0.5.0-SNAPSHOT.jar:/home/user/.m2/repository/org/apache/commons/commons-compress/1.4.1/commons-compress-1.4.1.jar:/home/user/.m2/repository/org/tukaani/xz/1.0/xz-1.0.jar:/home/user/.m2/repository/org/apache/hadoop/hadoop-common/3.2.0/hadoop-common-3.2.0.jar:/home/user/.m2/repository/org/apache/hadoop/hadoop-hdfs/3.2.0/hadoop-hdfs-3.2.0.jar:/home/user/.m2/repository/org/apache/hadoop/hadoop-hdfs-client/3.2.0/hadoop-hdfs-client-3.2.0.jar:/home/user/.m2/repository/com/fasterxml/jackson/core/jackson-annotations/2.10.3/jackson-annotations-2.10.3.jar:/home/user/.m2/repository/org/apache/hadoop/hadoop-hdds-common/0.5.0-SNAPSHOT/hadoop-hdds-common-0.5.0-SNAPSHOT.jar:/home/user/.m2/repository/info/picocli/picocli/3.9.6/picocli-3.9.6.jar:/home/user/.m2/repository/javax/annotation/javax.annotation-api/1.2/javax.annotation-api-1.2.jar:/home/user/.m2/repository/org/apache/ratis/ratis-server/0.6.0-a320ae0-SNAPSHOT/ratis-server-0.6.0-a320ae0-SNAPSHOT.jar:/home/user/.m2/repository/org/apache/ratis/ratis-thirdparty-misc/0.3.0/ratis-thirdparty-misc-0.3.0.jar:/home/user/.m2/repository/org/apache/ratis/ratis-proto/0.6.0-a320ae0-SNAPSHOT/ratis-proto-0.6.0-a320ae0-SNAPSHOT.jar:/home/user/.m2/repository/org/apache/ratis/ratis-common/0.6.0-a320ae0-SNAPSHOT/ratis-common-0.6.0-a320ae0-SNAPSHOT.jar:/home/user/.m2/repository/org/apache/ratis/ratis-client/0.6.0-a320ae0-SNAPSHOT/ratis-client-0.6.0-a320ae0-SNAPSHOT.jar:/home/user/.m2/repository/org/apache/ratis/ratis-metrics/0.6.0-a320ae0-SNAPSHOT/ratis-metrics-0.6.0-a320ae0-SNAPSHOT.jar:/home/user/.m2/repository/org/apache/ratis/ratis-netty/0.6.0-a320ae0-SNAPSHOT/ratis-netty-0.6.0-a320ae0-SNAPSHOT.jar:/home/user/.m2/repository/org/apache/ratis/ratis-grpc/0.6.0-a320ae0-SNAPSHOT/ratis-grpc-0.6.0-a320ae0-SNAPSHOT.jar:/home/user/.m2/repository/org/rocksdb/rocksdbjni/6.6.4/rocksdbjni-6.6.4.jar:/home/user/.m2/repository/org/apache/logging/log4j/log4j-api/2.11.0/log4j-api-2.11.0.jar:/home/user/.m2/repository/org/apache/logging/log4j/log4j-core/2.11.0/log4j-core-2.11.0.jar:/home/user/.m2/repository/com/lmax/disruptor/3.4.2/disruptor-3.4.2.jar:/home/user/.m2/repository/org/apache/commons/commons-pool2/2.6.0/commons-pool2-2.6.0.jar:/home/user/.m2/repository/org/bouncycastle/bcpkix-jdk15on/1.60/bcpkix-jdk15on-1.60.jar:/home/user/.m2/repository/commons-validator/commons-validator/1.6/commons-validator-1.6.jar:/home/user/.m2/repository/commons-digester/commons-digester/1.8.1/commons-digester-1.8.1.jar:/home/user/.m2/repository/io/jaegertracing/jaeger-client/0.34.0/jaeger-client-0.34.0.jar:/home/user/.m2/repository/io/jaegertracing/jaeger-thrift/0.34.0/jaeger-thrift-0.34.0.jar:/home/user/.m2/repository/org/apache/thrift/libthrift/0.12.0/libthrift-0.12.0.jar:/home/user/.m2/repository/com/squareup/okhttp3/okhttp/3.9.0/okhttp-3.9.0.jar:/home/user/.m2/repository/com/squareup/okio/okio/1.13.0/okio-1.13.0.jar:/home/user/.m2/repository/io/jaegertracing/jaeger-core/0.34.0/jaeger-core-0.34.0.jar:/home/user/.m2/repository/io/jaegertracing/jaeger-tracerresolver/0.34.0/jaeger-tracerresolver-0.34.0.jar:/home/user/.m2/repository/io/opentracing/contrib/opentracing-tracerresolver/0.1.5/opentracing-tracerresolver-0.1.5.jar:/home/user/.m2/repository/io/opentracing/opentracing-util/0.31.0/opentracing-util-0.31.0.jar:/home/user/.m2/repository/io/opentracing/opentracing-api/0.31.0/opentracing-api-0.31.0.jar:/home/user/.m2/repository/io/opentracing/opentracing-noop/0.31.0/opentracing-noop-0.31.0.jar:/home/user/.m2/repository/com/fasterxml/jackson/datatype/jackson-datatype-jsr310/2.10.3/jackson-datatype-jsr310-2.10.3.jar:/home/user/.m2/repository/org/apache/hadoop/hadoop-hdds-client/0.5.0-SNAPSHOT/hadoop-hdds-client-0.5.0-SNAPSHOT.jar:/home/user/.m2/repository/org/apache/hadoop/hadoop-hdds-tools/0.5.0-SNAPSHOT/hadoop-hdds-tools-0.5.0-SNAPSHOT.jar:/home/user/.m2/repository/org/apache/ratis/ratis-tools/0.6.0-a320ae0-SNAPSHOT/ratis-tools-0.6.0-a320ae0-SNAPSHOT.jar:/home/user/.m2/repository/org/apache/hadoop/hadoop-hdds-server-scm/0.5.0-SNAPSHOT/hadoop-hdds-server-scm-0.5.0-SNAPSHOT.jar:/home/user/.m2/repository/org/apache/hadoop/hadoop-hdds-container-service/0.5.0-SNAPSHOT/hadoop-hdds-container-service-0.5.0-SNAPSHOT.jar:/home/user/.m2/repository/org/apache/hadoop/hadoop-hdds-server-framework/0.5.0-SNAPSHOT/hadoop-hdds-server-framework-0.5.0-SNAPSHOT.jar:/home/user/.m2/repository/io/prometheus/simpleclient_dropwizard/0.7.0/simpleclient_dropwizard-0.7.0.jar:/home/user/.m2/repository/io/prometheus/simpleclient/0.7.0/simpleclient-0.7.0.jar:/home/user/.m2/repository/io/prometheus/simpleclient_common/0.7.0/simpleclient_common-0.7.0.jar:/home/user/.m2/repository/org/apache/hadoop/hadoop-hdds-docs/0.5.0-SNAPSHOT/hadoop-hdds-docs-0.5.0-SNAPSHOT.jar:/home/user/.m2/repository/io/dropwizard/metrics/metrics-core/3.2.4/metrics-core-3.2.4.jar:/home/user/.m2/repository/org/bouncycastle/bcprov-jdk15on/1.60/bcprov-jdk15on-1.60.jar:/home/user/.m2/repository/org/apache/hadoop/hadoop-ozone-ozone-manager/0.5.0-SNAPSHOT/hadoop-ozone-ozone-manager-0.5.0-SNAPSHOT.jar:/home/user/.m2/repository/org/apache/hadoop/hadoop-minikdc/3.2.0/hadoop-minikdc-3.2.0.jar:/home/user/.m2/repository/commons-io/commons-io/2.5/commons-io-2.5.jar:/home/user/.m2/repository/org/apache/kerby/kerb-simplekdc/1.0.1/kerb-simplekdc-1.0.1.jar:/home/user/.m2/repository/org/apache/kerby/kerb-client/1.0.1/kerb-client-1.0.1.jar:/home/user/.m2/repository/org/apache/kerby/kerby-config/1.0.1/kerby-config-1.0.1.jar:/home/user/.m2/repository/org/apache/kerby/kerb-core/1.0.1/kerb-core-1.0.1.jar:/home/user/.m2/repository/org/apache/kerby/kerby-pkix/1.0.1/kerby-pkix-1.0.1.jar:/home/user/.m2/repository/org/apache/kerby/kerby-asn1/1.0.1/kerby-asn1-1.0.1.jar:/home/user/.m2/repository/org/apache/kerby/kerby-util/1.0.1/kerby-util-1.0.1.jar:/home/user/.m2/repository/org/apache/kerby/kerb-common/1.0.1/kerb-common-1.0.1.jar:/home/user/.m2/repository/org/apache/kerby/kerb-crypto/1.0.1/kerb-crypto-1.0.1.jar:/home/user/.m2/repository/org/apache/kerby/kerb-util/1.0.1/kerb-util-1.0.1.jar:/home/user/.m2/repository/org/apache/kerby/token-provider/1.0.1/token-provider-1.0.1.jar:/home/user/.m2/repository/org/apache/kerby/kerb-admin/1.0.1/kerb-admin-1.0.1.jar:/home/user/.m2/repository/org/apache/kerby/kerb-server/1.0.1/kerb-server-1.0.1.jar:/home/user/.m2/repository/org/apache/kerby/kerb-identity/1.0.1/kerb-identity-1.0.1.jar:/home/user/.m2/repository/org/apache/kerby/kerby-xdr/1.0.1/kerby-xdr-1.0.1.jar:/home/user/.m2/repository/org/slf4j/slf4j-log4j12/1.7.25/slf4j-log4j12-1.7.25.jar:/home/user/.m2/repository/org/apache/hadoop/hadoop-ozone-s3gateway/0.5.0-SNAPSHOT/hadoop-ozone-s3gateway-0.5.0-SNAPSHOT.jar:/home/user/.m2/repository/org/jboss/weld/servlet/weld-servlet/2.4.7.Final/weld-servlet-2.4.7.Final.jar:/home/user/.m2/repository/org/glassfish/jersey/containers/jersey-container-servlet-core/2.27/jersey-container-servlet-core-2.27.jar:/home/user/.m2/repository/org/glassfish/hk2/external/javax.inject/2.5.0-b42/javax.inject-2.5.0-b42.jar:/home/user/.m2/repository/org/glassfish/jersey/core/jersey-common/2.27/jersey-common-2.27.jar:/home/user/.m2/repository/org/glassfish/hk2/osgi-resource-locator/1.0.1/osgi-resource-locator-1.0.1.jar:/home/user/.m2/repository/javax/ws/rs/javax.ws.rs-api/2.1/javax.ws.rs-api-2.1.jar:/home/user/.m2/repository/org/glassfish/jersey/ext/cdi/jersey-cdi1x/2.27/jersey-cdi1x-2.27.jar:/home/user/.m2/repository/org/glassfish/jersey/inject/jersey-hk2/2.27/jersey-hk2-2.27.jar:/home/user/.m2/repository/org/glassfish/hk2/hk2-locator/2.5.0-b42/hk2-locator-2.5.0-b42.jar:/home/user/.m2/repository/org/javassist/javassist/3.22.0-CR2/javassist-3.22.0-CR2.jar:/home/user/.m2/repository/org/glassfish/hk2/hk2-api/2.5.0/hk2-api-2.5.0.jar:/home/user/.m2/repository/org/glassfish/hk2/external/jakarta.inject/2.5.0/jakarta.inject-2.5.0.jar:/home/user/.m2/repository/org/glassfish/hk2/hk2-utils/2.5.0/hk2-utils-2.5.0.jar:/home/user/.m2/repository/jakarta/annotation/jakarta.annotation-api/1.3.4/jakarta.annotation-api-1.3.4.jar:/home/user/.m2/repository/org/glassfish/hk2/external/aopalliance-repackaged/2.5.0/aopalliance-repackaged-2.5.0.jar:/home/user/.m2/repository/com/fasterxml/jackson/dataformat/jackson-dataformat-xml/2.9.0/jackson-dataformat-xml-2.9.0.jar:/home/user/.m2/repository/com/fasterxml/jackson/core/jackson-core/2.10.3/jackson-core-2.10.3.jar:/home/user/.m2/repository/com/fasterxml/jackson/module/jackson-module-jaxb-annotations/2.10.3/jackson-module-jaxb-annotations-2.10.3.jar:/home/user/.m2/repository/jakarta/xml/bind/jakarta.xml.bind-api/2.3.2/jakarta.xml.bind-api-2.3.2.jar:/home/user/.m2/repository/jakarta/activation/jakarta.activation-api/1.2.1/jakarta.activation-api-1.2.1.jar:/home/user/.m2/repository/javax/enterprise/cdi-api/1.2/cdi-api-1.2.jar:/home/user/.m2/repository/javax/el/javax.el-api/3.0.0/javax.el-api-3.0.0.jar:/home/user/.m2/repository/javax/interceptor/javax.interceptor-api/1.2/javax.interceptor-api-1.2.jar:/home/user/.m2/repository/javax/inject/javax.inject/1/javax.inject-1.jar:/home/user/.m2/repository/com/sun/xml/bind/jaxb-impl/2.3.0.1/jaxb-impl-2.3.0.1.jar:/home/user/.m2/repository/com/sun/xml/bind/jaxb-core/2.3.0.1/jaxb-core-2.3.0.1.jar:/home/user/.m2/repository/javax/xml/bind/jaxb-api/2.3.0/jaxb-api-2.3.0.jar:/home/user/.m2/repository/javax/activation/activation/1.1.1/activation-1.1.1.jar:/home/user/.m2/repository/org/apache/hadoop/hadoop-ozone-csi/0.5.0-SNAPSHOT/hadoop-ozone-csi-0.5.0-SNAPSHOT.jar:/home/user/.m2/repository/com/google/protobuf/protobuf-java-util/3.5.1/protobuf-java-util-3.5.1.jar:/home/user/.m2/repository/org/apache/hadoop/hadoop-hdds-config/0.5.0-SNAPSHOT/hadoop-hdds-config-0.5.0-SNAPSHOT.jar:/home/user/.m2/repository/com/google/guava/guava/28.2-jre/guava-28.2-jre.jar:/home/user/.m2/repository/com/google/guava/failureaccess/1.0.1/failureaccess-1.0.1.jar:/home/user/.m2/repository/com/google/guava/listenablefuture/9999.0-empty-to-avoid-conflict-with-guava/listenablefuture-9999.0-empty-to-avoid-conflict-with-guava.jar:/home/user/.m2/repository/org/checkerframework/checker-qual/2.10.0/checker-qual-2.10.0.jar:/home/user/.m2/repository/com/google/errorprone/error_prone_annotations/2.3.4/error_prone_annotations-2.3.4.jar:/home/user/.m2/repository/com/google/j2objc/j2objc-annotations/1.3/j2objc-annotations-1.3.jar:/home/user/.m2/repository/com/google/protobuf/protobuf-java/2.5.0/protobuf-java-2.5.0.jar:/home/user/.m2/repository/io/grpc/grpc-netty/1.17.1/grpc-netty-1.17.1.jar:/home/user/.m2/repository/io/grpc/grpc-core/1.17.1/grpc-core-1.17.1.jar:/home/user/.m2/repository/io/grpc/grpc-context/1.17.1/grpc-context-1.17.1.jar:/home/user/.m2/repository/org/codehaus/mojo/animal-sniffer-annotations/1.17/animal-sniffer-annotations-1.17.jar:/home/user/.m2/repository/io/opencensus/opencensus-api/0.17.0/opencensus-api-0.17.0.jar:/home/user/.m2/repository/io/opencensus/opencensus-contrib-grpc-metrics/0.17.0/opencensus-contrib-grpc-metrics-0.17.0.jar:/home/user/.m2/repository/io/netty/netty-codec-http2/4.1.30.Final/netty-codec-http2-4.1.30.Final.jar:/home/user/.m2/repository/io/netty/netty-codec-http/4.1.30.Final/netty-codec-http-4.1.30.Final.jar:/home/user/.m2/repository/io/netty/netty-codec/4.1.30.Final/netty-codec-4.1.30.Final.jar:/home/user/.m2/repository/io/netty/netty-handler/4.1.30.Final/netty-handler-4.1.30.Final.jar:/home/user/.m2/repository/io/netty/netty-handler-proxy/4.1.30.Final/netty-handler-proxy-4.1.30.Final.jar:/home/user/.m2/repository/io/netty/netty-codec-socks/4.1.30.Final/netty-codec-socks-4.1.30.Final.jar:/home/user/.m2/repository/io/netty/netty-transport-native-epoll/4.1.30.Final/netty-transport-native-epoll-4.1.30.Final.jar:/home/user/.m2/repository/io/netty/netty-common/4.1.30.Final/netty-common-4.1.30.Final.jar:/home/user/.m2/repository/io/netty/netty-buffer/4.1.30.Final/netty-buffer-4.1.30.Final.jar:/home/user/.m2/repository/io/netty/netty-transport/4.1.30.Final/netty-transport-4.1.30.Final.jar:/home/user/.m2/repository/io/netty/netty-resolver/4.1.30.Final/netty-resolver-4.1.30.Final.jar:/home/user/.m2/repository/io/netty/netty-transport-native-unix-common/4.1.30.Final/netty-transport-native-unix-common-4.1.30.Final.jar:/home/user/.m2/repository/io/grpc/grpc-protobuf/1.17.1/grpc-protobuf-1.17.1.jar:/home/user/.m2/repository/com/google/api/grpc/proto-google-common-protos/1.0.0/proto-google-common-protos-1.0.0.jar:/home/user/.m2/repository/io/grpc/grpc-protobuf-lite/1.17.1/grpc-protobuf-lite-1.17.1.jar:/home/user/.m2/repository/io/grpc/grpc-stub/1.17.1/grpc-stub-1.17.1.jar:/home/user/.m2/repository/org/apache/hadoop/hadoop-ozone-recon/0.5.0-SNAPSHOT/hadoop-ozone-recon-0.5.0-SNAPSHOT.jar:/home/user/.m2/repository/org/apache/hadoop/hadoop-ozone-reconcodegen/0.5.0-SNAPSHOT/hadoop-ozone-reconcodegen-0.5.0-SNAPSHOT.jar:/home/user/.m2/repository/com/google/inject/extensions/guice-multibindings/4.0/guice-multibindings-4.0.jar:/home/user/.m2/repository/com/google/inject/guice/4.0/guice-4.0.jar:/home/user/.m2/repository/aopalliance/aopalliance/1.0/aopalliance-1.0.jar:/home/user/.m2/repository/com/google/inject/extensions/guice-servlet/4.0/guice-servlet-4.0.jar:/home/user/.m2/repository/org/glassfish/jersey/containers/jersey-container-servlet/2.27/jersey-container-servlet-2.27.jar:/home/user/.m2/repository/org/glassfish/hk2/guice-bridge/2.5.0/guice-bridge-2.5.0.jar:/home/user/.m2/repository/org/glassfish/jersey/core/jersey-server/2.27/jersey-server-2.27.jar:/home/user/.m2/repository/org/glassfish/jersey/core/jersey-client/2.27/jersey-client-2.27.jar:/home/user/.m2/repository/org/glassfish/jersey/media/jersey-media-jaxb/2.27/jersey-media-jaxb-2.27.jar:/home/user/.m2/repository/javax/validation/validation-api/1.1.0.Final/validation-api-1.1.0.Final.jar:/home/user/.m2/repository/org/glassfish/jersey/media/jersey-media-json-jackson/2.27/jersey-media-json-jackson-2.27.jar:/home/user/.m2/repository/org/glassfish/jersey/ext/jersey-entity-filtering/2.27/jersey-entity-filtering-2.27.jar:/home/user/.m2/repository/com/google/inject/extensions/guice-assistedinject/4.0/guice-assistedinject-4.0.jar:/home/user/.m2/repository/org/jooq/jooq/3.11.10/jooq-3.11.10.jar:/home/user/.m2/repository/org/jooq/jooq-meta/3.11.10/jooq-meta-3.11.10.jar:/home/user/.m2/repository/org/jooq/jooq-codegen/3.11.10/jooq-codegen-3.11.10.jar:/home/user/.m2/repository/com/jolbox/bonecp/0.8.0.RELEASE/bonecp-0.8.0.RELEASE.jar:/home/user/.m2/repository/org/xerial/sqlite-jdbc/3.25.2/sqlite-jdbc-3.25.2.jar:/home/user/.m2/repository/org/springframework/spring-jdbc/5.1.3.RELEASE/spring-jdbc-5.1.3.RELEASE.jar:/home/user/.m2/repository/org/springframework/spring-beans/5.1.3.RELEASE/spring-beans-5.1.3.RELEASE.jar:/home/user/.m2/repository/org/springframework/spring-core/5.1.3.RELEASE/spring-core-5.1.3.RELEASE.jar:/home/user/.m2/repository/org/springframework/spring-jcl/5.1.3.RELEASE/spring-jcl-5.1.3.RELEASE.jar:/home/user/.m2/repository/org/springframework/spring-tx/5.1.3.RELEASE/spring-tx-5.1.3.RELEASE.jar:/home/user/.m2/repository/org/apache/hadoop/hadoop-ozone-client/0.5.0-SNAPSHOT/hadoop-ozone-client-0.5.0-SNAPSHOT.jar:/home/user/.m2/repository/org/apache/hadoop/hadoop-ozone-filesystem/0.5.0-SNAPSHOT/hadoop-ozone-filesystem-0.5.0-SNAPSHOT.jar:/home/user/.m2/repository/org/apache/httpcomponents/httpclient/4.5.2/httpclient-4.5.2.jar:/home/user/.m2/repository/org/apache/httpcomponents/httpcore/4.4.4/httpcore-4.4.4.jar:/home/user/.m2/repository/org/apache/hadoop/hadoop-ozone-tools/0.5.0-SNAPSHOT/hadoop-ozone-tools-0.5.0-SNAPSHOT.jar:/home/user/.m2/repository/com/amazonaws/aws-java-sdk-s3/1.11.615/aws-java-sdk-s3-1.11.615.jar:/home/user/.m2/repository/com/amazonaws/aws-java-sdk-kms/1.11.615/aws-java-sdk-kms-1.11.615.jar:/home/user/.m2/repository/com/amazonaws/aws-java-sdk-core/1.11.615/aws-java-sdk-core-1.11.615.jar:/home/user/.m2/repository/software/amazon/ion/ion-java/1.0.2/ion-java-1.0.2.jar:/home/user/.m2/repository/com/fasterxml/jackson/dataformat/jackson-dataformat-cbor/2.10.3/jackson-dataformat-cbor-2.10.3.jar:/home/user/.m2/repository/joda-time/joda-time/2.9.9/joda-time-2.9.9.jar:/home/user/.m2/repository/com/amazonaws/jmespath-java/1.11.615/jmespath-java-1.11.615.jar:/home/user/.m2/repository/commons-lang/commons-lang/2.6/commons-lang-2.6.jar:/home/user/.m2/repository/org/apache/hadoop/hadoop-ozone-ozone-manager/0.5.0-SNAPSHOT/hadoop-ozone-ozone-manager-0.5.0-SNAPSHOT-tests.jar:/home/user/.m2/repository/junit/junit/4.11/junit-4.11.jar:/home/user/.m2/repository/org/hamcrest/hamcrest-core/1.3/hamcrest-core-1.3.jar:/home/user/.m2/repository/org/openjdk/jmh/jmh-core/1.19/jmh-core-1.19.jar:/home/user/.m2/repository/net/sf/jopt-simple/jopt-simple/4.6/jopt-simple-4.6.jar:/home/user/.m2/repository/org/apache/commons/commons-math3/3.1.1/commons-math3-3.1.1.jar:/home/user/.m2/repository/org/openjdk/jmh/jmh-generator-annprocess/1.19/jmh-generator-annprocess-1.19.jar:/home/user/.m2/repository/org/mockito/mockito-all/1.8.5/mockito-all-1.8.5.jar:/home/user/.m2/repository/org/apache/hadoop/hadoop-kms/3.2.0/hadoop-kms-3.2.0.jar:/home/user/.m2/repository/org/apache/hadoop/hadoop-auth/3.2.0/hadoop-auth-3.2.0.jar:/home/user/.m2/repository/com/nimbusds/nimbus-jose-jwt/7.9/nimbus-jose-jwt-7.9.jar:/home/user/.m2/repository/com/github/stephenc/jcip/jcip-annotations/1.0-1/jcip-annotations-1.0-1.jar:/home/user/.m2/repository/net/minidev/json-smart/2.3/json-smart-2.3.jar:/home/user/.m2/repository/net/minidev/accessors-smart/1.2/accessors-smart-1.2.jar:/home/user/.m2/repository/org/ow2/asm/asm/5.0.4/asm-5.0.4.jar:/home/user/.m2/repository/org/apache/curator/curator-framework/2.12.0/curator-framework-2.12.0.jar:/home/user/.m2/repository/com/sun/jersey/jersey-core/1.19/jersey-core-1.19.jar:/home/user/.m2/repository/javax/ws/rs/jsr311-api/1.1.1/jsr311-api-1.1.1.jar:/home/user/.m2/repository/com/sun/jersey/jersey-server/1.19/jersey-server-1.19.jar:/home/user/.m2/repository/javax/servlet/javax.servlet-api/3.1.0/javax.servlet-api-3.1.0.jar:/home/user/.m2/repository/org/eclipse/jetty/jetty-server/9.4.26.v20200117/jetty-server-9.4.26.v20200117.jar:/home/user/.m2/repository/org/eclipse/jetty/jetty-http/9.4.26.v20200117/jetty-http-9.4.26.v20200117.jar:/home/user/.m2/repository/org/eclipse/jetty/jetty-io/9.4.26.v20200117/jetty-io-9.4.26.v20200117.jar:/home/user/.m2/repository/org/eclipse/jetty/jetty-webapp/9.4.26.v20200117/jetty-webapp-9.4.26.v20200117.jar:/home/user/.m2/repository/org/eclipse/jetty/jetty-xml/9.4.26.v20200117/jetty-xml-9.4.26.v20200117.jar:/home/user/.m2/repository/log4j/log4j/1.2.17/log4j-1.2.17.jar:/home/user/.m2/repository/org/slf4j/slf4j-api/1.7.25/slf4j-api-1.7.25.jar:/home/user/.m2/repository/org/slf4j/jul-to-slf4j/1.7.25/jul-to-slf4j-1.7.25.jar:/home/user/.m2/repository/org/eclipse/jetty/jetty-util/9.4.26.v20200117/jetty-util-9.4.26.v20200117.jar:/home/user/.m2/repository/com/fasterxml/jackson/core/jackson-databind/2.10.3/jackson-databind-2.10.3.jar:/home/user/.m2/repository/org/apache/hadoop/hadoop-kms/3.2.0/hadoop-kms-3.2.0-tests.jar:/home/user/.m2/repository/org/apache/hadoop/hadoop-hdds-server-scm/0.5.0-SNAPSHOT/hadoop-hdds-server-scm-0.5.0-SNAPSHOT-tests.jar:/home/user/.m2/repository/org/apache/hadoop/hadoop-hdds-container-service/0.5.0-SNAPSHOT/hadoop-hdds-container-service-0.5.0-SNAPSHOT-tests.jar:/home/user/.m2/repository/org/apache/hadoop/hadoop-hdds-common/0.5.0-SNAPSHOT/hadoop-hdds-common-0.5.0-SNAPSHOT-tests.jar:/home/user/.m2/repository/org/yaml/snakeyaml/1.16/snakeyaml-1.16.jar:/home/user/.m2/repository/org/apache/hadoop/hadoop-common/3.2.0/hadoop-common-3.2.0-tests.jar:/home/user/.m2/repository/org/apache/hadoop/hadoop-annotations/3.2.0/hadoop-annotations-3.2.0.jar:/usr/lib/jvm/java-1.8.0-openjdk-1.8.0.232.b09-0.el7_7.x86_64/jre/../lib/tools.jar:/home/user/.m2/repository/commons-cli/commons-cli/1.2/commons-cli-1.2.jar:/home/user/.m2/repository/commons-codec/commons-codec/1.11/commons-codec-1.11.jar:/home/user/.m2/repository/commons-net/commons-net/3.6/commons-net-3.6.jar:/home/user/.m2/repository/commons-collections/commons-collections/3.2.2/commons-collections-3.2.2.jar:/home/user/.m2/repository/org/eclipse/jetty/jetty-servlet/9.4.26.v20200117/jetty-servlet-9.4.26.v20200117.jar:/home/user/.m2/repository/org/eclipse/jetty/jetty-security/9.4.26.v20200117/jetty-security-9.4.26.v20200117.jar:/home/user/.m2/repository/javax/servlet/jsp/jsp-api/2.1/jsp-api-2.1.jar:/home/user/.m2/repository/com/sun/jersey/jersey-servlet/1.19/jersey-servlet-1.19.jar:/home/user/.m2/repository/com/sun/jersey/jersey-json/1.19/jersey-json-1.19.jar:/home/user/.m2/repository/org/codehaus/jettison/jettison/1.1/jettison-1.1.jar:/home/user/.m2/repository/org/codehaus/jackson/jackson-core-asl/1.9.13/jackson-core-asl-1.9.13.jar:/home/user/.m2/repository/org/codehaus/jackson/jackson-mapper-asl/1.9.13/jackson-mapper-asl-1.9.13.jar:/home/user/.m2/repository/org/codehaus/jackson/jackson-jaxrs/1.9.13/jackson-jaxrs-1.9.13.jar:/home/user/.m2/repository/org/codehaus/jackson/jackson-xc/1.9.13/jackson-xc-1.9.13.jar:/home/user/.m2/repository/commons-logging/commons-logging/1.1.3/commons-logging-1.1.3.jar:/home/user/.m2/repository/commons-beanutils/commons-beanutils/1.9.4/commons-beanutils-1.9.4.jar:/home/user/.m2/repository/org/apache/commons/commons-configuration2/2.1.1/commons-configuration2-2.1.1.jar:/home/user/.m2/repository/org/apache/commons/commons-lang3/3.7/commons-lang3-3.7.jar:/home/user/.m2/repository/org/apache/commons/commons-text/1.4/commons-text-1.4.jar:/home/user/.m2/repository/org/apache/avro/avro/1.7.7/avro-1.7.7.jar:/home/user/.m2/repository/com/thoughtworks/paranamer/paranamer/2.3/paranamer-2.3.jar:/home/user/.m2/repository/org/xerial/snappy/snappy-java/1.0.5/snappy-java-1.0.5.jar:/home/user/.m2/repository/com/google/re2j/re2j/1.1/re2j-1.1.jar:/home/user/.m2/repository/com/google/code/gson/gson/2.2.4/gson-2.2.4.jar:/home/user/.m2/repository/com/jcraft/jsch/0.1.54/jsch-0.1.54.jar:/home/user/.m2/repository/org/apache/curator/curator-client/2.12.0/curator-client-2.12.0.jar:/home/user/.m2/repository/org/apache/curator/curator-recipes/2.12.0/curator-recipes-2.12.0.jar:/home/user/.m2/repository/com/google/code/findbugs/jsr305/3.0.0/jsr305-3.0.0.jar:/home/user/.m2/repository/org/apache/htrace/htrace-core4/4.1.0-incubating/htrace-core4-4.1.0-incubating.jar:/home/user/.m2/repository/org/apache/zookeeper/zookeeper/3.4.13/zookeeper-3.4.13.jar:/home/user/.m2/repository/jline/jline/0.9.94/jline-0.9.94.jar:/home/user/.m2/repository/org/apache/yetus/audience-annotations/0.5.0/audience-annotations-0.5.0.jar:/home/user/.m2/repository/org/codehaus/woodstox/stax2-api/3.1.4/stax2-api-3.1.4.jar:/home/user/.m2/repository/com/fasterxml/woodstox/woodstox-core/5.0.3/woodstox-core-5.0.3.jar:/home/user/.m2/repository/dnsjava/dnsjava/2.1.7/dnsjava-2.1.7.jar:/home/user/.m2/repository/org/apache/hadoop/hadoop-hdfs/3.2.0/hadoop-hdfs-3.2.0-tests.jar:/home/user/.m2/repository/org/eclipse/jetty/jetty-util-ajax/9.4.26.v20200117/jetty-util-ajax-9.4.26.v20200117.jar:/home/user/.m2/repository/commons-daemon/commons-daemon/1.0.13/commons-daemon-1.0.13.jar:/home/user/.m2/repository/io/netty/netty/3.10.5.Final/netty-3.10.5.Final.jar:/home/user/.m2/repository/io/netty/netty-all/4.1.47.Final/netty-all-4.1.47.Final.jar:/home/user/.m2/repository/org/fusesource/leveldbjni/leveldbjni-all/1.8/leveldbjni-all-1.8.jar:/home/user/.m2/repository/org/apache/hadoop/hadoop-distcp/3.2.0/hadoop-distcp-3.2.0.jar:/home/user/.m2/repository/org/apache/hadoop/hadoop-mapreduce-client-jobclient/3.2.0/hadoop-mapreduce-client-jobclient-3.2.0.jar:/home/user/.m2/repository/org/apache/hadoop/hadoop-mapreduce-client-common/3.2.0/hadoop-mapreduce-client-common-3.2.0.jar:/home/user/.m2/repository/org/apache/hadoop/hadoop-yarn-common/3.2.0/hadoop-yarn-common-3.2.0.jar:/home/user/.m2/repository/org/apache/hadoop/hadoop-yarn-api/3.2.0/hadoop-yarn-api-3.2.0.jar:/home/user/.m2/repository/com/sun/jersey/jersey-client/1.19/jersey-client-1.19.jar:/home/user/.m2/repository/com/sun/jersey/contribs/jersey-guice/1.19/jersey-guice-1.19.jar:/home/user/.m2/repository/com/fasterxml/jackson/jaxrs/jackson-jaxrs-json-provider/2.10.3/jackson-jaxrs-json-provider-2.10.3.jar:/home/user/.m2/repository/com/fasterxml/jackson/jaxrs/jackson-jaxrs-base/2.10.3/jackson-jaxrs-base-2.10.3.jar:/home/user/.m2/repository/org/apache/hadoop/hadoop-yarn-client/3.2.0/hadoop-yarn-client-3.2.0.jar:/home/user/.m2/repository/org/apache/hadoop/hadoop-mapreduce-client-core/3.2.0/hadoop-mapreduce-client-core-3.2.0.jar:/home/user/.m2/repository/org/apache/hadoop/hadoop-distcp/3.2.0/hadoop-distcp-3.2.0-tests.jar:"/>
    <property name="java.vm.vendor" value="Oracle Corporation"/>
    <property name="sun.arch.data.model" value="64"/>
    <property name="test.build.dir" value="/github/workspace/hadoop-ozone/integration-test/target/test-dir"/>
    <property name="test.cache.data" value=""/>
    <property name="java.vendor.url" value="http://java.oracle.com/"/>
    <property name="user.timezone" value=""/>
    <property name="java.vm.specification.version" value="1.8"/>
    <property name="os.name" value="Linux"/>
    <property name="test.build.data" value="/github/workspace/hadoop-ozone/integration-test/target/test-dir"/>
    <property name="user.country" value="US"/>
    <property name="sun.java.launcher" value="SUN_STANDARD"/>
    <property name="sun.boot.library.path" value="/usr/lib/jvm/java-1.8.0-openjdk-1.8.0.232.b09-0.el7_7.x86_64/jre/lib/amd64"/>
    <property name="sun.java.command" value="/github/workspace/hadoop-ozone/integration-test/target/surefire/surefirebooter3215209064315423890.jar /github/workspace/hadoop-ozone/integration-test/target/surefire 2020-03-25T22-08-34_415-jvmRun1 surefire8052791275752378411tmp surefire_33665392994041683578tmp"/>
    <property name="surefire.test.class.path" value="/github/workspace/hadoop-ozone/integration-test/target/test-classes:/github/workspace/hadoop-ozone/integration-test/target/classes:/home/user/.m2/repository/org/apache/hadoop/hadoop-ozone-common/0.5.0-SNAPSHOT/hadoop-ozone-common-0.5.0-SNAPSHOT.jar:/home/user/.m2/repository/org/apache/commons/commons-compress/1.4.1/commons-compress-1.4.1.jar:/home/user/.m2/repository/org/tukaani/xz/1.0/xz-1.0.jar:/home/user/.m2/repository/org/apache/hadoop/hadoop-common/3.2.0/hadoop-common-3.2.0.jar:/home/user/.m2/repository/org/apache/hadoop/hadoop-hdfs/3.2.0/hadoop-hdfs-3.2.0.jar:/home/user/.m2/repository/org/apache/hadoop/hadoop-hdfs-client/3.2.0/hadoop-hdfs-client-3.2.0.jar:/home/user/.m2/repository/com/fasterxml/jackson/core/jackson-annotations/2.10.3/jackson-annotations-2.10.3.jar:/home/user/.m2/repository/org/apache/hadoop/hadoop-hdds-common/0.5.0-SNAPSHOT/hadoop-hdds-common-0.5.0-SNAPSHOT.jar:/home/user/.m2/repository/info/picocli/picocli/3.9.6/picocli-3.9.6.jar:/home/user/.m2/repository/javax/annotation/javax.annotation-api/1.2/javax.annotation-api-1.2.jar:/home/user/.m2/repository/org/apache/ratis/ratis-server/0.6.0-a320ae0-SNAPSHOT/ratis-server-0.6.0-a320ae0-SNAPSHOT.jar:/home/user/.m2/repository/org/apache/ratis/ratis-thirdparty-misc/0.3.0/ratis-thirdparty-misc-0.3.0.jar:/home/user/.m2/repository/org/apache/ratis/ratis-proto/0.6.0-a320ae0-SNAPSHOT/ratis-proto-0.6.0-a320ae0-SNAPSHOT.jar:/home/user/.m2/repository/org/apache/ratis/ratis-common/0.6.0-a320ae0-SNAPSHOT/ratis-common-0.6.0-a320ae0-SNAPSHOT.jar:/home/user/.m2/repository/org/apache/ratis/ratis-client/0.6.0-a320ae0-SNAPSHOT/ratis-client-0.6.0-a320ae0-SNAPSHOT.jar:/home/user/.m2/repository/org/apache/ratis/ratis-metrics/0.6.0-a320ae0-SNAPSHOT/ratis-metrics-0.6.0-a320ae0-SNAPSHOT.jar:/home/user/.m2/repository/org/apache/ratis/ratis-netty/0.6.0-a320ae0-SNAPSHOT/ratis-netty-0.6.0-a320ae0-SNAPSHOT.jar:/home/user/.m2/repository/org/apache/ratis/ratis-grpc/0.6.0-a320ae0-SNAPSHOT/ratis-grpc-0.6.0-a320ae0-SNAPSHOT.jar:/home/user/.m2/repository/org/rocksdb/rocksdbjni/6.6.4/rocksdbjni-6.6.4.jar:/home/user/.m2/repository/org/apache/logging/log4j/log4j-api/2.11.0/log4j-api-2.11.0.jar:/home/user/.m2/repository/org/apache/logging/log4j/log4j-core/2.11.0/log4j-core-2.11.0.jar:/home/user/.m2/repository/com/lmax/disruptor/3.4.2/disruptor-3.4.2.jar:/home/user/.m2/repository/org/apache/commons/commons-pool2/2.6.0/commons-pool2-2.6.0.jar:/home/user/.m2/repository/org/bouncycastle/bcpkix-jdk15on/1.60/bcpkix-jdk15on-1.60.jar:/home/user/.m2/repository/commons-validator/commons-validator/1.6/commons-validator-1.6.jar:/home/user/.m2/repository/commons-digester/commons-digester/1.8.1/commons-digester-1.8.1.jar:/home/user/.m2/repository/io/jaegertracing/jaeger-client/0.34.0/jaeger-client-0.34.0.jar:/home/user/.m2/repository/io/jaegertracing/jaeger-thrift/0.34.0/jaeger-thrift-0.34.0.jar:/home/user/.m2/repository/org/apache/thrift/libthrift/0.12.0/libthrift-0.12.0.jar:/home/user/.m2/repository/com/squareup/okhttp3/okhttp/3.9.0/okhttp-3.9.0.jar:/home/user/.m2/repository/com/squareup/okio/okio/1.13.0/okio-1.13.0.jar:/home/user/.m2/repository/io/jaegertracing/jaeger-core/0.34.0/jaeger-core-0.34.0.jar:/home/user/.m2/repository/io/jaegertracing/jaeger-tracerresolver/0.34.0/jaeger-tracerresolver-0.34.0.jar:/home/user/.m2/repository/io/opentracing/contrib/opentracing-tracerresolver/0.1.5/opentracing-tracerresolver-0.1.5.jar:/home/user/.m2/repository/io/opentracing/opentracing-util/0.31.0/opentracing-util-0.31.0.jar:/home/user/.m2/repository/io/opentracing/opentracing-api/0.31.0/opentracing-api-0.31.0.jar:/home/user/.m2/repository/io/opentracing/opentracing-noop/0.31.0/opentracing-noop-0.31.0.jar:/home/user/.m2/repository/com/fasterxml/jackson/datatype/jackson-datatype-jsr310/2.10.3/jackson-datatype-jsr310-2.10.3.jar:/home/user/.m2/repository/org/apache/hadoop/hadoop-hdds-client/0.5.0-SNAPSHOT/hadoop-hdds-client-0.5.0-SNAPSHOT.jar:/home/user/.m2/repository/org/apache/hadoop/hadoop-hdds-tools/0.5.0-SNAPSHOT/hadoop-hdds-tools-0.5.0-SNAPSHOT.jar:/home/user/.m2/repository/org/apache/ratis/ratis-tools/0.6.0-a320ae0-SNAPSHOT/ratis-tools-0.6.0-a320ae0-SNAPSHOT.jar:/home/user/.m2/repository/org/apache/hadoop/hadoop-hdds-server-scm/0.5.0-SNAPSHOT/hadoop-hdds-server-scm-0.5.0-SNAPSHOT.jar:/home/user/.m2/repository/org/apache/hadoop/hadoop-hdds-container-service/0.5.0-SNAPSHOT/hadoop-hdds-container-service-0.5.0-SNAPSHOT.jar:/home/user/.m2/repository/org/apache/hadoop/hadoop-hdds-server-framework/0.5.0-SNAPSHOT/hadoop-hdds-server-framework-0.5.0-SNAPSHOT.jar:/home/user/.m2/repository/io/prometheus/simpleclient_dropwizard/0.7.0/simpleclient_dropwizard-0.7.0.jar:/home/user/.m2/repository/io/prometheus/simpleclient/0.7.0/simpleclient-0.7.0.jar:/home/user/.m2/repository/io/prometheus/simpleclient_common/0.7.0/simpleclient_common-0.7.0.jar:/home/user/.m2/repository/org/apache/hadoop/hadoop-hdds-docs/0.5.0-SNAPSHOT/hadoop-hdds-docs-0.5.0-SNAPSHOT.jar:/home/user/.m2/repository/io/dropwizard/metrics/metrics-core/3.2.4/metrics-core-3.2.4.jar:/home/user/.m2/repository/org/bouncycastle/bcprov-jdk15on/1.60/bcprov-jdk15on-1.60.jar:/home/user/.m2/repository/org/apache/hadoop/hadoop-ozone-ozone-manager/0.5.0-SNAPSHOT/hadoop-ozone-ozone-manager-0.5.0-SNAPSHOT.jar:/home/user/.m2/repository/org/apache/hadoop/hadoop-minikdc/3.2.0/hadoop-minikdc-3.2.0.jar:/home/user/.m2/repository/commons-io/commons-io/2.5/commons-io-2.5.jar:/home/user/.m2/repository/org/apache/kerby/kerb-simplekdc/1.0.1/kerb-simplekdc-1.0.1.jar:/home/user/.m2/repository/org/apache/kerby/kerb-client/1.0.1/kerb-client-1.0.1.jar:/home/user/.m2/repository/org/apache/kerby/kerby-config/1.0.1/kerby-config-1.0.1.jar:/home/user/.m2/repository/org/apache/kerby/kerb-core/1.0.1/kerb-core-1.0.1.jar:/home/user/.m2/repository/org/apache/kerby/kerby-pkix/1.0.1/kerby-pkix-1.0.1.jar:/home/user/.m2/repository/org/apache/kerby/kerby-asn1/1.0.1/kerby-asn1-1.0.1.jar:/home/user/.m2/repository/org/apache/kerby/kerby-util/1.0.1/kerby-util-1.0.1.jar:/home/user/.m2/repository/org/apache/kerby/kerb-common/1.0.1/kerb-common-1.0.1.jar:/home/user/.m2/repository/org/apache/kerby/kerb-crypto/1.0.1/kerb-crypto-1.0.1.jar:/home/user/.m2/repository/org/apache/kerby/kerb-util/1.0.1/kerb-util-1.0.1.jar:/home/user/.m2/repository/org/apache/kerby/token-provider/1.0.1/token-provider-1.0.1.jar:/home/user/.m2/repository/org/apache/kerby/kerb-admin/1.0.1/kerb-admin-1.0.1.jar:/home/user/.m2/repository/org/apache/kerby/kerb-server/1.0.1/kerb-server-1.0.1.jar:/home/user/.m2/repository/org/apache/kerby/kerb-identity/1.0.1/kerb-identity-1.0.1.jar:/home/user/.m2/repository/org/apache/kerby/kerby-xdr/1.0.1/kerby-xdr-1.0.1.jar:/home/user/.m2/repository/org/slf4j/slf4j-log4j12/1.7.25/slf4j-log4j12-1.7.25.jar:/home/user/.m2/repository/org/apache/hadoop/hadoop-ozone-s3gateway/0.5.0-SNAPSHOT/hadoop-ozone-s3gateway-0.5.0-SNAPSHOT.jar:/home/user/.m2/repository/org/jboss/weld/servlet/weld-servlet/2.4.7.Final/weld-servlet-2.4.7.Final.jar:/home/user/.m2/repository/org/glassfish/jersey/containers/jersey-container-servlet-core/2.27/jersey-container-servlet-core-2.27.jar:/home/user/.m2/repository/org/glassfish/hk2/external/javax.inject/2.5.0-b42/javax.inject-2.5.0-b42.jar:/home/user/.m2/repository/org/glassfish/jersey/core/jersey-common/2.27/jersey-common-2.27.jar:/home/user/.m2/repository/org/glassfish/hk2/osgi-resource-locator/1.0.1/osgi-resource-locator-1.0.1.jar:/home/user/.m2/repository/javax/ws/rs/javax.ws.rs-api/2.1/javax.ws.rs-api-2.1.jar:/home/user/.m2/repository/org/glassfish/jersey/ext/cdi/jersey-cdi1x/2.27/jersey-cdi1x-2.27.jar:/home/user/.m2/repository/org/glassfish/jersey/inject/jersey-hk2/2.27/jersey-hk2-2.27.jar:/home/user/.m2/repository/org/glassfish/hk2/hk2-locator/2.5.0-b42/hk2-locator-2.5.0-b42.jar:/home/user/.m2/repository/org/javassist/javassist/3.22.0-CR2/javassist-3.22.0-CR2.jar:/home/user/.m2/repository/org/glassfish/hk2/hk2-api/2.5.0/hk2-api-2.5.0.jar:/home/user/.m2/repository/org/glassfish/hk2/external/jakarta.inject/2.5.0/jakarta.inject-2.5.0.jar:/home/user/.m2/repository/org/glassfish/hk2/hk2-utils/2.5.0/hk2-utils-2.5.0.jar:/home/user/.m2/repository/jakarta/annotation/jakarta.annotation-api/1.3.4/jakarta.annotation-api-1.3.4.jar:/home/user/.m2/repository/org/glassfish/hk2/external/aopalliance-repackaged/2.5.0/aopalliance-repackaged-2.5.0.jar:/home/user/.m2/repository/com/fasterxml/jackson/dataformat/jackson-dataformat-xml/2.9.0/jackson-dataformat-xml-2.9.0.jar:/home/user/.m2/repository/com/fasterxml/jackson/core/jackson-core/2.10.3/jackson-core-2.10.3.jar:/home/user/.m2/repository/com/fasterxml/jackson/module/jackson-module-jaxb-annotations/2.10.3/jackson-module-jaxb-annotations-2.10.3.jar:/home/user/.m2/repository/jakarta/xml/bind/jakarta.xml.bind-api/2.3.2/jakarta.xml.bind-api-2.3.2.jar:/home/user/.m2/repository/jakarta/activation/jakarta.activation-api/1.2.1/jakarta.activation-api-1.2.1.jar:/home/user/.m2/repository/javax/enterprise/cdi-api/1.2/cdi-api-1.2.jar:/home/user/.m2/repository/javax/el/javax.el-api/3.0.0/javax.el-api-3.0.0.jar:/home/user/.m2/repository/javax/interceptor/javax.interceptor-api/1.2/javax.interceptor-api-1.2.jar:/home/user/.m2/repository/javax/inject/javax.inject/1/javax.inject-1.jar:/home/user/.m2/repository/com/sun/xml/bind/jaxb-impl/2.3.0.1/jaxb-impl-2.3.0.1.jar:/home/user/.m2/repository/com/sun/xml/bind/jaxb-core/2.3.0.1/jaxb-core-2.3.0.1.jar:/home/user/.m2/repository/javax/xml/bind/jaxb-api/2.3.0/jaxb-api-2.3.0.jar:/home/user/.m2/repository/javax/activation/activation/1.1.1/activation-1.1.1.jar:/home/user/.m2/repository/org/apache/hadoop/hadoop-ozone-csi/0.5.0-SNAPSHOT/hadoop-ozone-csi-0.5.0-SNAPSHOT.jar:/home/user/.m2/repository/com/google/protobuf/protobuf-java-util/3.5.1/protobuf-java-util-3.5.1.jar:/home/user/.m2/repository/org/apache/hadoop/hadoop-hdds-config/0.5.0-SNAPSHOT/hadoop-hdds-config-0.5.0-SNAPSHOT.jar:/home/user/.m2/repository/com/google/guava/guava/28.2-jre/guava-28.2-jre.jar:/home/user/.m2/repository/com/google/guava/failureaccess/1.0.1/failureaccess-1.0.1.jar:/home/user/.m2/repository/com/google/guava/listenablefuture/9999.0-empty-to-avoid-conflict-with-guava/listenablefuture-9999.0-empty-to-avoid-conflict-with-guava.jar:/home/user/.m2/repository/org/checkerframework/checker-qual/2.10.0/checker-qual-2.10.0.jar:/home/user/.m2/repository/com/google/errorprone/error_prone_annotations/2.3.4/error_prone_annotations-2.3.4.jar:/home/user/.m2/repository/com/google/j2objc/j2objc-annotations/1.3/j2objc-annotations-1.3.jar:/home/user/.m2/repository/com/google/protobuf/protobuf-java/2.5.0/protobuf-java-2.5.0.jar:/home/user/.m2/repository/io/grpc/grpc-netty/1.17.1/grpc-netty-1.17.1.jar:/home/user/.m2/repository/io/grpc/grpc-core/1.17.1/grpc-core-1.17.1.jar:/home/user/.m2/repository/io/grpc/grpc-context/1.17.1/grpc-context-1.17.1.jar:/home/user/.m2/repository/org/codehaus/mojo/animal-sniffer-annotations/1.17/animal-sniffer-annotations-1.17.jar:/home/user/.m2/repository/io/opencensus/opencensus-api/0.17.0/opencensus-api-0.17.0.jar:/home/user/.m2/repository/io/opencensus/opencensus-contrib-grpc-metrics/0.17.0/opencensus-contrib-grpc-metrics-0.17.0.jar:/home/user/.m2/repository/io/netty/netty-codec-http2/4.1.30.Final/netty-codec-http2-4.1.30.Final.jar:/home/user/.m2/repository/io/netty/netty-codec-http/4.1.30.Final/netty-codec-http-4.1.30.Final.jar:/home/user/.m2/repository/io/netty/netty-codec/4.1.30.Final/netty-codec-4.1.30.Final.jar:/home/user/.m2/repository/io/netty/netty-handler/4.1.30.Final/netty-handler-4.1.30.Final.jar:/home/user/.m2/repository/io/netty/netty-handler-proxy/4.1.30.Final/netty-handler-proxy-4.1.30.Final.jar:/home/user/.m2/repository/io/netty/netty-codec-socks/4.1.30.Final/netty-codec-socks-4.1.30.Final.jar:/home/user/.m2/repository/io/netty/netty-transport-native-epoll/4.1.30.Final/netty-transport-native-epoll-4.1.30.Final.jar:/home/user/.m2/repository/io/netty/netty-common/4.1.30.Final/netty-common-4.1.30.Final.jar:/home/user/.m2/repository/io/netty/netty-buffer/4.1.30.Final/netty-buffer-4.1.30.Final.jar:/home/user/.m2/repository/io/netty/netty-transport/4.1.30.Final/netty-transport-4.1.30.Final.jar:/home/user/.m2/repository/io/netty/netty-resolver/4.1.30.Final/netty-resolver-4.1.30.Final.jar:/home/user/.m2/repository/io/netty/netty-transport-native-unix-common/4.1.30.Final/netty-transport-native-unix-common-4.1.30.Final.jar:/home/user/.m2/repository/io/grpc/grpc-protobuf/1.17.1/grpc-protobuf-1.17.1.jar:/home/user/.m2/repository/com/google/api/grpc/proto-google-common-protos/1.0.0/proto-google-common-protos-1.0.0.jar:/home/user/.m2/repository/io/grpc/grpc-protobuf-lite/1.17.1/grpc-protobuf-lite-1.17.1.jar:/home/user/.m2/repository/io/grpc/grpc-stub/1.17.1/grpc-stub-1.17.1.jar:/home/user/.m2/repository/org/apache/hadoop/hadoop-ozone-recon/0.5.0-SNAPSHOT/hadoop-ozone-recon-0.5.0-SNAPSHOT.jar:/home/user/.m2/repository/org/apache/hadoop/hadoop-ozone-reconcodegen/0.5.0-SNAPSHOT/hadoop-ozone-reconcodegen-0.5.0-SNAPSHOT.jar:/home/user/.m2/repository/com/google/inject/extensions/guice-multibindings/4.0/guice-multibindings-4.0.jar:/home/user/.m2/repository/com/google/inject/guice/4.0/guice-4.0.jar:/home/user/.m2/repository/aopalliance/aopalliance/1.0/aopalliance-1.0.jar:/home/user/.m2/repository/com/google/inject/extensions/guice-servlet/4.0/guice-servlet-4.0.jar:/home/user/.m2/repository/org/glassfish/jersey/containers/jersey-container-servlet/2.27/jersey-container-servlet-2.27.jar:/home/user/.m2/repository/org/glassfish/hk2/guice-bridge/2.5.0/guice-bridge-2.5.0.jar:/home/user/.m2/repository/org/glassfish/jersey/core/jersey-server/2.27/jersey-server-2.27.jar:/home/user/.m2/repository/org/glassfish/jersey/core/jersey-client/2.27/jersey-client-2.27.jar:/home/user/.m2/repository/org/glassfish/jersey/media/jersey-media-jaxb/2.27/jersey-media-jaxb-2.27.jar:/home/user/.m2/repository/javax/validation/validation-api/1.1.0.Final/validation-api-1.1.0.Final.jar:/home/user/.m2/repository/org/glassfish/jersey/media/jersey-media-json-jackson/2.27/jersey-media-json-jackson-2.27.jar:/home/user/.m2/repository/org/glassfish/jersey/ext/jersey-entity-filtering/2.27/jersey-entity-filtering-2.27.jar:/home/user/.m2/repository/com/google/inject/extensions/guice-assistedinject/4.0/guice-assistedinject-4.0.jar:/home/user/.m2/repository/org/jooq/jooq/3.11.10/jooq-3.11.10.jar:/home/user/.m2/repository/org/jooq/jooq-meta/3.11.10/jooq-meta-3.11.10.jar:/home/user/.m2/repository/org/jooq/jooq-codegen/3.11.10/jooq-codegen-3.11.10.jar:/home/user/.m2/repository/com/jolbox/bonecp/0.8.0.RELEASE/bonecp-0.8.0.RELEASE.jar:/home/user/.m2/repository/org/xerial/sqlite-jdbc/3.25.2/sqlite-jdbc-3.25.2.jar:/home/user/.m2/repository/org/springframework/spring-jdbc/5.1.3.RELEASE/spring-jdbc-5.1.3.RELEASE.jar:/home/user/.m2/repository/org/springframework/spring-beans/5.1.3.RELEASE/spring-beans-5.1.3.RELEASE.jar:/home/user/.m2/repository/org/springframework/spring-core/5.1.3.RELEASE/spring-core-5.1.3.RELEASE.jar:/home/user/.m2/repository/org/springframework/spring-jcl/5.1.3.RELEASE/spring-jcl-5.1.3.RELEASE.jar:/home/user/.m2/repository/org/springframework/spring-tx/5.1.3.RELEASE/spring-tx-5.1.3.RELEASE.jar:/home/user/.m2/repository/org/apache/hadoop/hadoop-ozone-client/0.5.0-SNAPSHOT/hadoop-ozone-client-0.5.0-SNAPSHOT.jar:/home/user/.m2/repository/org/apache/hadoop/hadoop-ozone-filesystem/0.5.0-SNAPSHOT/hadoop-ozone-filesystem-0.5.0-SNAPSHOT.jar:/home/user/.m2/repository/org/apache/httpcomponents/httpclient/4.5.2/httpclient-4.5.2.jar:/home/user/.m2/repository/org/apache/httpcomponents/httpcore/4.4.4/httpcore-4.4.4.jar:/home/user/.m2/repository/org/apache/hadoop/hadoop-ozone-tools/0.5.0-SNAPSHOT/hadoop-ozone-tools-0.5.0-SNAPSHOT.jar:/home/user/.m2/repository/com/amazonaws/aws-java-sdk-s3/1.11.615/aws-java-sdk-s3-1.11.615.jar:/home/user/.m2/repository/com/amazonaws/aws-java-sdk-kms/1.11.615/aws-java-sdk-kms-1.11.615.jar:/home/user/.m2/repository/com/amazonaws/aws-java-sdk-core/1.11.615/aws-java-sdk-core-1.11.615.jar:/home/user/.m2/repository/software/amazon/ion/ion-java/1.0.2/ion-java-1.0.2.jar:/home/user/.m2/repository/com/fasterxml/jackson/dataformat/jackson-dataformat-cbor/2.10.3/jackson-dataformat-cbor-2.10.3.jar:/home/user/.m2/repository/joda-time/joda-time/2.9.9/joda-time-2.9.9.jar:/home/user/.m2/repository/com/amazonaws/jmespath-java/1.11.615/jmespath-java-1.11.615.jar:/home/user/.m2/repository/commons-lang/commons-lang/2.6/commons-lang-2.6.jar:/home/user/.m2/repository/org/apache/hadoop/hadoop-ozone-ozone-manager/0.5.0-SNAPSHOT/hadoop-ozone-ozone-manager-0.5.0-SNAPSHOT-tests.jar:/home/user/.m2/repository/junit/junit/4.11/junit-4.11.jar:/home/user/.m2/repository/org/hamcrest/hamcrest-core/1.3/hamcrest-core-1.3.jar:/home/user/.m2/repository/org/openjdk/jmh/jmh-core/1.19/jmh-core-1.19.jar:/home/user/.m2/repository/net/sf/jopt-simple/jopt-simple/4.6/jopt-simple-4.6.jar:/home/user/.m2/repository/org/apache/commons/commons-math3/3.1.1/commons-math3-3.1.1.jar:/home/user/.m2/repository/org/openjdk/jmh/jmh-generator-annprocess/1.19/jmh-generator-annprocess-1.19.jar:/home/user/.m2/repository/org/mockito/mockito-all/1.8.5/mockito-all-1.8.5.jar:/home/user/.m2/repository/org/apache/hadoop/hadoop-kms/3.2.0/hadoop-kms-3.2.0.jar:/home/user/.m2/repository/org/apache/hadoop/hadoop-auth/3.2.0/hadoop-auth-3.2.0.jar:/home/user/.m2/repository/com/nimbusds/nimbus-jose-jwt/7.9/nimbus-jose-jwt-7.9.jar:/home/user/.m2/repository/com/github/stephenc/jcip/jcip-annotations/1.0-1/jcip-annotations-1.0-1.jar:/home/user/.m2/repository/net/minidev/json-smart/2.3/json-smart-2.3.jar:/home/user/.m2/repository/net/minidev/accessors-smart/1.2/accessors-smart-1.2.jar:/home/user/.m2/repository/org/ow2/asm/asm/5.0.4/asm-5.0.4.jar:/home/user/.m2/repository/org/apache/curator/curator-framework/2.12.0/curator-framework-2.12.0.jar:/home/user/.m2/repository/com/sun/jersey/jersey-core/1.19/jersey-core-1.19.jar:/home/user/.m2/repository/javax/ws/rs/jsr311-api/1.1.1/jsr311-api-1.1.1.jar:/home/user/.m2/repository/com/sun/jersey/jersey-server/1.19/jersey-server-1.19.jar:/home/user/.m2/repository/javax/servlet/javax.servlet-api/3.1.0/javax.servlet-api-3.1.0.jar:/home/user/.m2/repository/org/eclipse/jetty/jetty-server/9.4.26.v20200117/jetty-server-9.4.26.v20200117.jar:/home/user/.m2/repository/org/eclipse/jetty/jetty-http/9.4.26.v20200117/jetty-http-9.4.26.v20200117.jar:/home/user/.m2/repository/org/eclipse/jetty/jetty-io/9.4.26.v20200117/jetty-io-9.4.26.v20200117.jar:/home/user/.m2/repository/org/eclipse/jetty/jetty-webapp/9.4.26.v20200117/jetty-webapp-9.4.26.v20200117.jar:/home/user/.m2/repository/org/eclipse/jetty/jetty-xml/9.4.26.v20200117/jetty-xml-9.4.26.v20200117.jar:/home/user/.m2/repository/log4j/log4j/1.2.17/log4j-1.2.17.jar:/home/user/.m2/repository/org/slf4j/slf4j-api/1.7.25/slf4j-api-1.7.25.jar:/home/user/.m2/repository/org/slf4j/jul-to-slf4j/1.7.25/jul-to-slf4j-1.7.25.jar:/home/user/.m2/repository/org/eclipse/jetty/jetty-util/9.4.26.v20200117/jetty-util-9.4.26.v20200117.jar:/home/user/.m2/repository/com/fasterxml/jackson/core/jackson-databind/2.10.3/jackson-databind-2.10.3.jar:/home/user/.m2/repository/org/apache/hadoop/hadoop-kms/3.2.0/hadoop-kms-3.2.0-tests.jar:/home/user/.m2/repository/org/apache/hadoop/hadoop-hdds-server-scm/0.5.0-SNAPSHOT/hadoop-hdds-server-scm-0.5.0-SNAPSHOT-tests.jar:/home/user/.m2/repository/org/apache/hadoop/hadoop-hdds-container-service/0.5.0-SNAPSHOT/hadoop-hdds-container-service-0.5.0-SNAPSHOT-tests.jar:/home/user/.m2/repository/org/apache/hadoop/hadoop-hdds-common/0.5.0-SNAPSHOT/hadoop-hdds-common-0.5.0-SNAPSHOT-tests.jar:/home/user/.m2/repository/org/yaml/snakeyaml/1.16/snakeyaml-1.16.jar:/home/user/.m2/repository/org/apache/hadoop/hadoop-common/3.2.0/hadoop-common-3.2.0-tests.jar:/home/user/.m2/repository/org/apache/hadoop/hadoop-annotations/3.2.0/hadoop-annotations-3.2.0.jar:/usr/lib/jvm/java-1.8.0-openjdk-1.8.0.232.b09-0.el7_7.x86_64/jre/../lib/tools.jar:/home/user/.m2/repository/commons-cli/commons-cli/1.2/commons-cli-1.2.jar:/home/user/.m2/repository/commons-codec/commons-codec/1.11/commons-codec-1.11.jar:/home/user/.m2/repository/commons-net/commons-net/3.6/commons-net-3.6.jar:/home/user/.m2/repository/commons-collections/commons-collections/3.2.2/commons-collections-3.2.2.jar:/home/user/.m2/repository/org/eclipse/jetty/jetty-servlet/9.4.26.v20200117/jetty-servlet-9.4.26.v20200117.jar:/home/user/.m2/repository/org/eclipse/jetty/jetty-security/9.4.26.v20200117/jetty-security-9.4.26.v20200117.jar:/home/user/.m2/repository/javax/servlet/jsp/jsp-api/2.1/jsp-api-2.1.jar:/home/user/.m2/repository/com/sun/jersey/jersey-servlet/1.19/jersey-servlet-1.19.jar:/home/user/.m2/repository/com/sun/jersey/jersey-json/1.19/jersey-json-1.19.jar:/home/user/.m2/repository/org/codehaus/jettison/jettison/1.1/jettison-1.1.jar:/home/user/.m2/repository/org/codehaus/jackson/jackson-core-asl/1.9.13/jackson-core-asl-1.9.13.jar:/home/user/.m2/repository/org/codehaus/jackson/jackson-mapper-asl/1.9.13/jackson-mapper-asl-1.9.13.jar:/home/user/.m2/repository/org/codehaus/jackson/jackson-jaxrs/1.9.13/jackson-jaxrs-1.9.13.jar:/home/user/.m2/repository/org/codehaus/jackson/jackson-xc/1.9.13/jackson-xc-1.9.13.jar:/home/user/.m2/repository/commons-logging/commons-logging/1.1.3/commons-logging-1.1.3.jar:/home/user/.m2/repository/commons-beanutils/commons-beanutils/1.9.4/commons-beanutils-1.9.4.jar:/home/user/.m2/repository/org/apache/commons/commons-configuration2/2.1.1/commons-configuration2-2.1.1.jar:/home/user/.m2/repository/org/apache/commons/commons-lang3/3.7/commons-lang3-3.7.jar:/home/user/.m2/repository/org/apache/commons/commons-text/1.4/commons-text-1.4.jar:/home/user/.m2/repository/org/apache/avro/avro/1.7.7/avro-1.7.7.jar:/home/user/.m2/repository/com/thoughtworks/paranamer/paranamer/2.3/paranamer-2.3.jar:/home/user/.m2/repository/org/xerial/snappy/snappy-java/1.0.5/snappy-java-1.0.5.jar:/home/user/.m2/repository/com/google/re2j/re2j/1.1/re2j-1.1.jar:/home/user/.m2/repository/com/google/code/gson/gson/2.2.4/gson-2.2.4.jar:/home/user/.m2/repository/com/jcraft/jsch/0.1.54/jsch-0.1.54.jar:/home/user/.m2/repository/org/apache/curator/curator-client/2.12.0/curator-client-2.12.0.jar:/home/user/.m2/repository/org/apache/curator/curator-recipes/2.12.0/curator-recipes-2.12.0.jar:/home/user/.m2/repository/com/google/code/findbugs/jsr305/3.0.0/jsr305-3.0.0.jar:/home/user/.m2/repository/org/apache/htrace/htrace-core4/4.1.0-incubating/htrace-core4-4.1.0-incubating.jar:/home/user/.m2/repository/org/apache/zookeeper/zookeeper/3.4.13/zookeeper-3.4.13.jar:/home/user/.m2/repository/jline/jline/0.9.94/jline-0.9.94.jar:/home/user/.m2/repository/org/apache/yetus/audience-annotations/0.5.0/audience-annotations-0.5.0.jar:/home/user/.m2/repository/org/codehaus/woodstox/stax2-api/3.1.4/stax2-api-3.1.4.jar:/home/user/.m2/repository/com/fasterxml/woodstox/woodstox-core/5.0.3/woodstox-core-5.0.3.jar:/home/user/.m2/repository/dnsjava/dnsjava/2.1.7/dnsjava-2.1.7.jar:/home/user/.m2/repository/org/apache/hadoop/hadoop-hdfs/3.2.0/hadoop-hdfs-3.2.0-tests.jar:/home/user/.m2/repository/org/eclipse/jetty/jetty-util-ajax/9.4.26.v20200117/jetty-util-ajax-9.4.26.v20200117.jar:/home/user/.m2/repository/commons-daemon/commons-daemon/1.0.13/commons-daemon-1.0.13.jar:/home/user/.m2/repository/io/netty/netty/3.10.5.Final/netty-3.10.5.Final.jar:/home/user/.m2/repository/io/netty/netty-all/4.1.47.Final/netty-all-4.1.47.Final.jar:/home/user/.m2/repository/org/fusesource/leveldbjni/leveldbjni-all/1.8/leveldbjni-all-1.8.jar:/home/user/.m2/repository/org/apache/hadoop/hadoop-distcp/3.2.0/hadoop-distcp-3.2.0.jar:/home/user/.m2/repository/org/apache/hadoop/hadoop-mapreduce-client-jobclient/3.2.0/hadoop-mapreduce-client-jobclient-3.2.0.jar:/home/user/.m2/repository/org/apache/hadoop/hadoop-mapreduce-client-common/3.2.0/hadoop-mapreduce-client-common-3.2.0.jar:/home/user/.m2/repository/org/apache/hadoop/hadoop-yarn-common/3.2.0/hadoop-yarn-common-3.2.0.jar:/home/user/.m2/repository/org/apache/hadoop/hadoop-yarn-api/3.2.0/hadoop-yarn-api-3.2.0.jar:/home/user/.m2/repository/com/sun/jersey/jersey-client/1.19/jersey-client-1.19.jar:/home/user/.m2/repository/com/sun/jersey/contribs/jersey-guice/1.19/jersey-guice-1.19.jar:/home/user/.m2/repository/com/fasterxml/jackson/jaxrs/jackson-jaxrs-json-provider/2.10.3/jackson-jaxrs-json-provider-2.10.3.jar:/home/user/.m2/repository/com/fasterxml/jackson/jaxrs/jackson-jaxrs-base/2.10.3/jackson-jaxrs-base-2.10.3.jar:/home/user/.m2/repository/org/apache/hadoop/hadoop-yarn-client/3.2.0/hadoop-yarn-client-3.2.0.jar:/home/user/.m2/repository/org/apache/hadoop/hadoop-mapreduce-client-core/3.2.0/hadoop-mapreduce-client-core-3.2.0.jar:/home/user/.m2/repository/org/apache/hadoop/hadoop-distcp/3.2.0/hadoop-distcp-3.2.0-tests.jar:"/>
    <property name="sun.cpu.endian" value="little"/>
    <property name="user.home" value="/home/user"/>
    <property name="user.language" value="en"/>
    <property name="java.specification.vendor" value="Oracle Corporation"/>
    <property name="java.home" value="/usr/lib/jvm/java-1.8.0-openjdk-1.8.0.232.b09-0.el7_7.x86_64/jre"/>
    <property name="java.security.krb5.conf" value="/github/workspace/hadoop-ozone/integration-test/target/test-classes/krb5.conf"/>
    <property name="basedir" value="/github/workspace/hadoop-ozone/integration-test"/>
    <property name="file.separator" value="/"/>
    <property name="line.separator" value="&#10;"/>
    <property name="java.vm.specification.vendor" value="Oracle Corporation"/>
    <property name="java.specification.name" value="Java Platform API Specification"/>
    <property name="java.awt.graphicsenv" value="sun.awt.X11GraphicsEnvironment"/>
    <property name="surefire.real.class.path" value="/github/workspace/hadoop-ozone/integration-test/target/surefire/surefirebooter3215209064315423890.jar:/home/user/.m2/repository/org/jacoco/org.jacoco.agent/0.8.3/org.jacoco.agent-0.8.3-runtime.jar"/>
    <property name="hadoop.log.dir" value="/github/workspace/hadoop-ozone/integration-test/target/log"/>
    <property name="sun.boot.class.path" value="/usr/lib/jvm/java-1.8.0-openjdk-1.8.0.232.b09-0.el7_7.x86_64/jre/lib/resources.jar:/usr/lib/jvm/java-1.8.0-openjdk-1.8.0.232.b09-0.el7_7.x86_64/jre/lib/rt.jar:/usr/lib/jvm/java-1.8.0-openjdk-1.8.0.232.b09-0.el7_7.x86_64/jre/lib/sunrsasign.jar:/usr/lib/jvm/java-1.8.0-openjdk-1.8.0.232.b09-0.el7_7.x86_64/jre/lib/jsse.jar:/usr/lib/jvm/java-1.8.0-openjdk-1.8.0.232.b09-0.el7_7.x86_64/jre/lib/jce.jar:/usr/lib/jvm/java-1.8.0-openjdk-1.8.0.232.b09-0.el7_7.x86_64/jre/lib/charsets.jar:/usr/lib/jvm/java-1.8.0-openjdk-1.8.0.232.b09-0.el7_7.x86_64/jre/lib/jfr.jar:/usr/lib/jvm/java-1.8.0-openjdk-1.8.0.232.b09-0.el7_7.x86_64/jre/classes"/>
    <property name="sun.management.compiler" value="HotSpot 64-Bit Tiered Compilers"/>
    <property name="java.runtime.version" value="1.8.0_232-b09"/>
    <property name="java.net.preferIPv4Stack" value="true"/>
    <property name="user.name" value="jenkins1001"/>
    <property name="path.separator" value=":"/>
    <property name="java.security.egd" value="file:///dev/urandom"/>
    <property name="os.version" value="5.0.0-1032-azure"/>
    <property name="java.endorsed.dirs" value="/usr/lib/jvm/java-1.8.0-openjdk-1.8.0.232.b09-0.el7_7.x86_64/jre/lib/endorsed"/>
    <property name="java.runtime.name" value="OpenJDK Runtime Environment"/>
    <property name="file.encoding" value="ANSI_X3.4-1968"/>
    <property name="java.vm.name" value="OpenJDK 64-Bit Server VM"/>
    <property name="test.build.webapps" value=""/>
    <property name="localRepository" value="/home/user/.m2/repository"/>
    <property name="java.vendor.url.bug" value="http://bugreport.sun.com/bugreport/"/>
    <property name="java.io.tmpdir" value="/tmp"/>
    <property name="require.test.libhadoop" value=""/>
    <property name="java.version" value="1.8.0_232"/>
    <property name="user.dir" value="/github/workspace/hadoop-ozone/integration-test"/>
    <property name="os.arch" value="amd64"/>
    <property name="java.vm.specification.name" value="Java Virtual Machine Specification"/>
    <property name="test.build.classes" value="/github/workspace/hadoop-ozone/integration-test/target/test-classes"/>
    <property name="java.awt.printerjob" value="sun.print.PSPrinterJob"/>
    <property name="sun.os.patch.level" value="unknown"/>
    <property name="hadoop.tmp.dir" value="/github/workspace/hadoop-ozone/integration-test/target/tmp"/>
    <property name="java.library.path" value="/usr/lib:/usr/java/packages/lib/amd64:/usr/lib64:/lib64:/lib:/usr/lib"/>
    <property name="java.vm.info" value="mixed mode"/>
    <property name="java.vendor" value="Oracle Corporation"/>
    <property name="java.vm.version" value="25.232-b09"/>
    <property name="java.ext.dirs" value="/usr/lib/jvm/java-1.8.0-openjdk-1.8.0.232.b09-0.el7_7.x86_64/jre/lib/ext:/usr/java/packages/lib/ext"/>
    <property name="sun.io.unicode.encoding" value="UnicodeLittle"/>
    <property name="java.class.version" value="52.0"/>
  </properties>
  <testcase name="ratisTest3" classname="org.apache.hadoop.ozone.freon.TestRandomKeyGenerator" time="5.572"/>
  <testcase name="testThreadPoolSize" classname="org.apache.hadoop.ozone.freon.TestRandomKeyGenerator" time="5.038"/>
  <testcase name="defaultTest" classname="org.apache.hadoop.ozone.freon.TestRandomKeyGenerator" time="5.036"/>
  <testcase name="bigFileThan2GB" classname="org.apache.hadoop.ozone.freon.TestRandomKeyGenerator" time="325.228">
    <failure message="expected:&lt;1&gt; but was:&lt;0&gt;" type="java.lang.AssertionError"><![CDATA[java.lang.AssertionError: expected:<1> but was:<0>
	at org.junit.Assert.fail(Assert.java:88)
	at org.junit.Assert.failNotEquals(Assert.java:743)
	at org.junit.Assert.assertEquals(Assert.java:118)
	at org.junit.Assert.assertEquals(Assert.java:555)
	at org.junit.Assert.assertEquals(Assert.java:542)
	at org.apache.hadoop.ozone.freon.TestRandomKeyGenerator.bigFileThan2GB(TestRandomKeyGenerator.java:147)
	at sun.reflect.NativeMethodAccessorImpl.invoke0(Native Method)
	at sun.reflect.NativeMethodAccessorImpl.invoke(NativeMethodAccessorImpl.java:62)
	at sun.reflect.DelegatingMethodAccessorImpl.invoke(DelegatingMethodAccessorImpl.java:43)
	at java.lang.reflect.Method.invoke(Method.java:498)
	at org.junit.runners.model.FrameworkMethod$1.runReflectiveCall(FrameworkMethod.java:47)
	at org.junit.internal.runners.model.ReflectiveCallable.run(ReflectiveCallable.java:12)
	at org.junit.runners.model.FrameworkMethod.invokeExplosively(FrameworkMethod.java:44)
	at org.junit.internal.runners.statements.InvokeMethod.evaluate(InvokeMethod.java:17)
	at org.junit.runners.ParentRunner.runLeaf(ParentRunner.java:271)
	at org.junit.runners.BlockJUnit4ClassRunner.runChild(BlockJUnit4ClassRunner.java:70)
	at org.junit.runners.BlockJUnit4ClassRunner.runChild(BlockJUnit4ClassRunner.java:50)
	at org.junit.runners.ParentRunner$3.run(ParentRunner.java:238)
	at org.junit.runners.ParentRunner$1.schedule(ParentRunner.java:63)
	at org.junit.runners.ParentRunner.runChildren(ParentRunner.java:236)
	at org.junit.runners.ParentRunner.access$000(ParentRunner.java:53)
	at org.junit.runners.ParentRunner$2.evaluate(ParentRunner.java:229)
	at org.junit.internal.runners.statements.RunBefores.evaluate(RunBefores.java:26)
	at org.junit.internal.runners.statements.RunAfters.evaluate(RunAfters.java:27)
	at org.junit.runners.ParentRunner.run(ParentRunner.java:309)
	at org.apache.maven.surefire.junit4.JUnit4Provider.execute(JUnit4Provider.java:365)
	at org.apache.maven.surefire.junit4.JUnit4Provider.executeWithRerun(JUnit4Provider.java:273)
	at org.apache.maven.surefire.junit4.JUnit4Provider.executeTestSet(JUnit4Provider.java:238)
	at org.apache.maven.surefire.junit4.JUnit4Provider.invoke(JUnit4Provider.java:159)
	at org.apache.maven.surefire.booter.ForkedBooter.invokeProviderInSameClassLoader(ForkedBooter.java:384)
	at org.apache.maven.surefire.booter.ForkedBooter.runSuitesInProcess(ForkedBooter.java:345)
	at org.apache.maven.surefire.booter.ForkedBooter.execute(ForkedBooter.java:126)
	at org.apache.maven.surefire.booter.ForkedBooter.main(ForkedBooter.java:418)
]]></failure>
    <system-out><![CDATA[2020-03-25 22:12:01,129 [main] INFO  freon.RandomKeyGenerator (RandomKeyGenerator.java:call(293)) - Number of Threads: 1
2020-03-25 22:12:01,129 [main] INFO  freon.RandomKeyGenerator (RandomKeyGenerator.java:call(298)) - Number of Volumes: 1.
2020-03-25 22:12:01,129 [main] INFO  freon.RandomKeyGenerator (RandomKeyGenerator.java:call(299)) - Number of Buckets per Volume: 1.
2020-03-25 22:12:01,129 [main] INFO  freon.RandomKeyGenerator (RandomKeyGenerator.java:call(300)) - Number of Keys per Bucket: 1.
2020-03-25 22:12:01,129 [main] INFO  freon.RandomKeyGenerator (RandomKeyGenerator.java:call(301)) - Key size: 2147483657 bytes
2020-03-25 22:12:01,129 [main] INFO  freon.RandomKeyGenerator (RandomKeyGenerator.java:call(302)) - Buffer size: 4096 bytes
2020-03-25 22:12:01,129 [main] INFO  freon.RandomKeyGenerator (RandomKeyGenerator.java:call(303)) - validateWrites : true
2020-03-25 22:12:01,130 [pool-302-thread-1] INFO  rpc.RpcClient (RpcClient.java:createVolume(293)) - Creating Volume: vol-0-57447, with jenkins1001 as owner.
2020-03-25 22:12:01,132 [main] INFO  freon.RandomKeyGenerator (RandomKeyGenerator.java:call(317)) - Data validation is enabled.
2020-03-25 22:12:01,132 [main] INFO  freon.RandomKeyGenerator (RandomKeyGenerator.java:call(323)) - Starting progress bar Thread.
2020-03-25 22:12:01,133 [IPC Server handler 12 on 39421] INFO  volume.OMVolumeCreateRequest (OMVolumeCreateRequest.java:validateAndUpdateCache(207)) - created volume:vol-0-57447 for user:jenkins1001
2020-03-25 22:12:01,134 [Thread-2058] INFO  freon.ProgressBar (ProgressBar.java:logProgressBar(163)) - Progress: 0.00 % (0 out of 1)
2020-03-25 22:12:01,143 [pool-302-thread-1] INFO  rpc.RpcClient (RpcClient.java:createBucket(432)) - Creating Bucket: vol-0-57447/bucket-0-48070, with Versioning false and Storage Type set to DISK and Encryption set to false 
2020-03-25 22:12:02,135 [Thread-2058] INFO  freon.ProgressBar (ProgressBar.java:logProgressBar(163)) - Progress: 0.00 % (0 out of 1)
2020-03-25 22:12:03,135 [Thread-2058] INFO  freon.ProgressBar (ProgressBar.java:logProgressBar(163)) - Progress: 0.00 % (0 out of 1)
2020-03-25 22:12:04,140 [Thread-2058] INFO  freon.ProgressBar (ProgressBar.java:logProgressBar(163)) - Progress: 0.00 % (0 out of 1)
2020-03-25 22:12:05,140 [Thread-2058] INFO  freon.ProgressBar (ProgressBar.java:logProgressBar(163)) - Progress: 0.00 % (0 out of 1)
2020-03-25 22:12:06,141 [Thread-2058] INFO  freon.ProgressBar (ProgressBar.java:logProgressBar(163)) - Progress: 0.00 % (0 out of 1)
2020-03-25 22:12:07,141 [Thread-2058] INFO  freon.ProgressBar (ProgressBar.java:logProgressBar(163)) - Progress: 0.00 % (0 out of 1)
2020-03-25 22:12:08,141 [Thread-2058] INFO  freon.ProgressBar (ProgressBar.java:logProgressBar(163)) - Progress: 0.00 % (0 out of 1)
2020-03-25 22:12:08,538 [java.util.concurrent.ThreadPoolExecutor$Worker@6403ec0f[State = -1, empty queue]] WARN  server.GrpcLogAppender (GrpcLogAppender.java:timeoutAppendRequest(212)) - abf0465c-208d-43f7-8b8d-a2bd63e73c9b@group-054D1CE49550->76de6585-3b6f-4c85-8f21-1ab14a12cff9-GrpcLogAppender:  appendEntries Timeout, request=AppendEntriesRequest:cid=1016,entriesCount=1,lastEntry=(t:1, i:1010)
2020-03-25 22:12:08,544 [java.util.concurrent.ThreadPoolExecutor$Worker@6403ec0f[State = -1, empty queue]] WARN  server.GrpcLogAppender (GrpcLogAppender.java:timeoutAppendRequest(212)) - abf0465c-208d-43f7-8b8d-a2bd63e73c9b@group-054D1CE49550->7b26176b-ecdc-4d5a-bc94-edea281e8dd3-GrpcLogAppender:  appendEntries Timeout, request=AppendEntriesRequest:cid=1017,entriesCount=1,lastEntry=(t:1, i:1011)
2020-03-25 22:12:08,544 [java.util.concurrent.ThreadPoolExecutor$Worker@6403ec0f[State = -1, empty queue]] WARN  server.GrpcLogAppender (GrpcLogAppender.java:timeoutAppendRequest(212)) - abf0465c-208d-43f7-8b8d-a2bd63e73c9b@group-054D1CE49550->76de6585-3b6f-4c85-8f21-1ab14a12cff9-GrpcLogAppender:  appendEntries Timeout, request=AppendEntriesRequest:cid=1017,entriesCount=1,lastEntry=(t:1, i:1011)
2020-03-25 22:12:09,142 [Thread-2058] INFO  freon.ProgressBar (ProgressBar.java:logProgressBar(163)) - Progress: 0.00 % (0 out of 1)
2020-03-25 22:12:10,142 [Thread-2058] INFO  freon.ProgressBar (ProgressBar.java:logProgressBar(163)) - Progress: 0.00 % (0 out of 1)
2020-03-25 22:12:11,143 [Thread-2058] INFO  freon.ProgressBar (ProgressBar.java:logProgressBar(163)) - Progress: 0.00 % (0 out of 1)
2020-03-25 22:12:12,143 [Thread-2058] INFO  freon.ProgressBar (ProgressBar.java:logProgressBar(163)) - Progress: 0.00 % (0 out of 1)
2020-03-25 22:12:13,144 [Thread-2058] INFO  freon.ProgressBar (ProgressBar.java:logProgressBar(163)) - Progress: 0.00 % (0 out of 1)
2020-03-25 22:12:14,144 [Thread-2058] INFO  freon.ProgressBar (ProgressBar.java:logProgressBar(163)) - Progress: 0.00 % (0 out of 1)
2020-03-25 22:12:15,144 [Thread-2058] INFO  freon.ProgressBar (ProgressBar.java:logProgressBar(163)) - Progress: 0.00 % (0 out of 1)
2020-03-25 22:12:16,145 [Thread-2058] INFO  freon.ProgressBar (ProgressBar.java:logProgressBar(163)) - Progress: 0.00 % (0 out of 1)
2020-03-25 22:12:17,145 [Thread-2058] INFO  freon.ProgressBar (ProgressBar.java:logProgressBar(163)) - Progress: 0.00 % (0 out of 1)
2020-03-25 22:12:18,146 [Thread-2058] INFO  freon.ProgressBar (ProgressBar.java:logProgressBar(163)) - Progress: 0.00 % (0 out of 1)
2020-03-25 22:12:19,146 [Thread-2058] INFO  freon.ProgressBar (ProgressBar.java:logProgressBar(163)) - Progress: 0.00 % (0 out of 1)
2020-03-25 22:12:20,147 [Thread-2058] INFO  freon.ProgressBar (ProgressBar.java:logProgressBar(163)) - Progress: 0.00 % (0 out of 1)
2020-03-25 22:12:21,147 [Thread-2058] INFO  freon.ProgressBar (ProgressBar.java:logProgressBar(163)) - Progress: 0.00 % (0 out of 1)
2020-03-25 22:12:22,147 [Thread-2058] INFO  freon.ProgressBar (ProgressBar.java:logProgressBar(163)) - Progress: 0.00 % (0 out of 1)
2020-03-25 22:12:23,148 [Thread-2058] INFO  freon.ProgressBar (ProgressBar.java:logProgressBar(163)) - Progress: 0.00 % (0 out of 1)
2020-03-25 22:12:24,148 [Thread-2058] INFO  freon.ProgressBar (ProgressBar.java:logProgressBar(163)) - Progress: 0.00 % (0 out of 1)
2020-03-25 22:12:25,149 [Thread-2058] INFO  freon.ProgressBar (ProgressBar.java:logProgressBar(163)) - Progress: 0.00 % (0 out of 1)
2020-03-25 22:12:26,149 [Thread-2058] INFO  freon.ProgressBar (ProgressBar.java:logProgressBar(163)) - Progress: 0.00 % (0 out of 1)
2020-03-25 22:12:27,149 [Thread-2058] INFO  freon.ProgressBar (ProgressBar.java:logProgressBar(163)) - Progress: 0.00 % (0 out of 1)
2020-03-25 22:12:28,150 [Thread-2058] INFO  freon.ProgressBar (ProgressBar.java:logProgressBar(163)) - Progress: 0.00 % (0 out of 1)
2020-03-25 22:12:29,150 [Thread-2058] INFO  freon.ProgressBar (ProgressBar.java:logProgressBar(163)) - Progress: 0.00 % (0 out of 1)
2020-03-25 22:12:30,151 [Thread-2058] INFO  freon.ProgressBar (ProgressBar.java:logProgressBar(163)) - Progress: 0.00 % (0 out of 1)
2020-03-25 22:12:31,151 [Thread-2058] INFO  freon.ProgressBar (ProgressBar.java:logProgressBar(163)) - Progress: 0.00 % (0 out of 1)
2020-03-25 22:12:32,152 [Thread-2058] INFO  freon.ProgressBar (ProgressBar.java:logProgressBar(163)) - Progress: 0.00 % (0 out of 1)
2020-03-25 22:12:33,152 [Thread-2058] INFO  freon.ProgressBar (ProgressBar.java:logProgressBar(163)) - Progress: 0.00 % (0 out of 1)
2020-03-25 22:12:34,152 [Thread-2058] INFO  freon.ProgressBar (ProgressBar.java:logProgressBar(163)) - Progress: 0.00 % (0 out of 1)
2020-03-25 22:12:35,153 [Thread-2058] INFO  freon.ProgressBar (ProgressBar.java:logProgressBar(163)) - Progress: 0.00 % (0 out of 1)
2020-03-25 22:12:36,153 [Thread-2058] INFO  freon.ProgressBar (ProgressBar.java:logProgressBar(163)) - Progress: 0.00 % (0 out of 1)
2020-03-25 22:12:37,153 [Thread-2058] INFO  freon.ProgressBar (ProgressBar.java:logProgressBar(163)) - Progress: 0.00 % (0 out of 1)
2020-03-25 22:12:38,154 [Thread-2058] INFO  freon.ProgressBar (ProgressBar.java:logProgressBar(163)) - Progress: 0.00 % (0 out of 1)
2020-03-25 22:12:39,154 [Thread-2058] INFO  freon.ProgressBar (ProgressBar.java:logProgressBar(163)) - Progress: 0.00 % (0 out of 1)
2020-03-25 22:12:40,154 [Thread-2058] INFO  freon.ProgressBar (ProgressBar.java:logProgressBar(163)) - Progress: 0.00 % (0 out of 1)
2020-03-25 22:12:41,155 [Thread-2058] INFO  freon.ProgressBar (ProgressBar.java:logProgressBar(163)) - Progress: 0.00 % (0 out of 1)
2020-03-25 22:12:42,155 [Thread-2058] INFO  freon.ProgressBar (ProgressBar.java:logProgressBar(163)) - Progress: 0.00 % (0 out of 1)
2020-03-25 22:12:42,270 [java.util.concurrent.ThreadPoolExecutor$Worker@7a610038[State = -1, empty queue]] WARN  server.GrpcLogAppender (GrpcLogAppender.java:timeoutAppendRequest(212)) - abf0465c-208d-43f7-8b8d-a2bd63e73c9b@group-054D1CE49550->7b26176b-ecdc-4d5a-bc94-edea281e8dd3-GrpcLogAppender:  appendEntries Timeout, request=AppendEntriesRequest:cid=2204,entriesCount=1,lastEntry=(t:1, i:2192)
2020-03-25 22:12:42,416 [java.util.concurrent.ThreadPoolExecutor$Worker@7a610038[State = -1, empty queue]] WARN  server.GrpcLogAppender (GrpcLogAppender.java:timeoutAppendRequest(212)) - abf0465c-208d-43f7-8b8d-a2bd63e73c9b@group-054D1CE49550->7b26176b-ecdc-4d5a-bc94-edea281e8dd3-GrpcLogAppender:  appendEntries Timeout, request=AppendEntriesRequest:cid=2205,entriesCount=1,lastEntry=(t:1, i:2193)
2020-03-25 22:12:42,416 [java.util.concurrent.ThreadPoolExecutor$Worker@7a610038[State = -1, empty queue]] WARN  server.GrpcLogAppender (GrpcLogAppender.java:timeoutAppendRequest(212)) - abf0465c-208d-43f7-8b8d-a2bd63e73c9b@group-054D1CE49550->76de6585-3b6f-4c85-8f21-1ab14a12cff9-GrpcLogAppender:  appendEntries Timeout, request=AppendEntriesRequest:cid=2205,entriesCount=1,lastEntry=(t:1, i:2193)
2020-03-25 22:12:43,025 [java.util.concurrent.ThreadPoolExecutor$Worker@7a610038[State = -1, empty queue]] WARN  server.GrpcLogAppender (GrpcLogAppender.java:timeoutAppendRequest(212)) - abf0465c-208d-43f7-8b8d-a2bd63e73c9b@group-054D1CE49550->76de6585-3b6f-4c85-8f21-1ab14a12cff9-GrpcLogAppender:  appendEntries Timeout, request=AppendEntriesRequest:cid=2206,entriesCount=1,lastEntry=(t:1, i:2194)
2020-03-25 22:12:43,025 [java.util.concurrent.ThreadPoolExecutor$Worker@7a610038[State = -1, empty queue]] WARN  server.GrpcLogAppender (GrpcLogAppender.java:timeoutAppendRequest(212)) - abf0465c-208d-43f7-8b8d-a2bd63e73c9b@group-054D1CE49550->7b26176b-ecdc-4d5a-bc94-edea281e8dd3-GrpcLogAppender:  appendEntries Timeout, request=AppendEntriesRequest:cid=2206,entriesCount=1,lastEntry=(t:1, i:2194)
2020-03-25 22:12:43,155 [Thread-2058] INFO  freon.ProgressBar (ProgressBar.java:logProgressBar(163)) - Progress: 0.00 % (0 out of 1)
2020-03-25 22:12:44,156 [Thread-2058] INFO  freon.ProgressBar (ProgressBar.java:logProgressBar(163)) - Progress: 0.00 % (0 out of 1)
2020-03-25 22:12:45,156 [Thread-2058] INFO  freon.ProgressBar (ProgressBar.java:logProgressBar(163)) - Progress: 0.00 % (0 out of 1)
2020-03-25 22:12:46,156 [Thread-2058] INFO  freon.ProgressBar (ProgressBar.java:logProgressBar(163)) - Progress: 0.00 % (0 out of 1)
2020-03-25 22:12:47,157 [Thread-2058] INFO  freon.ProgressBar (ProgressBar.java:logProgressBar(163)) - Progress: 0.00 % (0 out of 1)
2020-03-25 22:12:48,157 [Thread-2058] INFO  freon.ProgressBar (ProgressBar.java:logProgressBar(163)) - Progress: 0.00 % (0 out of 1)
2020-03-25 22:12:49,158 [Thread-2058] INFO  freon.ProgressBar (ProgressBar.java:logProgressBar(163)) - Progress: 0.00 % (0 out of 1)
2020-03-25 22:12:50,158 [Thread-2058] INFO  freon.ProgressBar (ProgressBar.java:logProgressBar(163)) - Progress: 0.00 % (0 out of 1)
2020-03-25 22:12:51,158 [Thread-2058] INFO  freon.ProgressBar (ProgressBar.java:logProgressBar(163)) - Progress: 0.00 % (0 out of 1)
2020-03-25 22:12:52,159 [Thread-2058] INFO  freon.ProgressBar (ProgressBar.java:logProgressBar(163)) - Progress: 0.00 % (0 out of 1)
2020-03-25 22:12:53,159 [Thread-2058] INFO  freon.ProgressBar (ProgressBar.java:logProgressBar(163)) - Progress: 0.00 % (0 out of 1)
2020-03-25 22:12:54,160 [Thread-2058] INFO  freon.ProgressBar (ProgressBar.java:logProgressBar(163)) - Progress: 0.00 % (0 out of 1)
2020-03-25 22:12:55,160 [Thread-2058] INFO  freon.ProgressBar (ProgressBar.java:logProgressBar(163)) - Progress: 0.00 % (0 out of 1)
2020-03-25 22:12:56,160 [Thread-2058] INFO  freon.ProgressBar (ProgressBar.java:logProgressBar(163)) - Progress: 0.00 % (0 out of 1)
2020-03-25 22:12:57,160 [Thread-2058] INFO  freon.ProgressBar (ProgressBar.java:logProgressBar(163)) - Progress: 0.00 % (0 out of 1)
2020-03-25 22:12:58,161 [Thread-2058] INFO  freon.ProgressBar (ProgressBar.java:logProgressBar(163)) - Progress: 0.00 % (0 out of 1)
2020-03-25 22:12:59,161 [Thread-2058] INFO  freon.ProgressBar (ProgressBar.java:logProgressBar(163)) - Progress: 0.00 % (0 out of 1)
2020-03-25 22:13:00,162 [Thread-2058] INFO  freon.ProgressBar (ProgressBar.java:logProgressBar(163)) - Progress: 0.00 % (0 out of 1)
2020-03-25 22:13:01,162 [Thread-2058] INFO  freon.ProgressBar (ProgressBar.java:logProgressBar(163)) - Progress: 0.00 % (0 out of 1)
2020-03-25 22:13:02,163 [Thread-2058] INFO  freon.ProgressBar (ProgressBar.java:logProgressBar(163)) - Progress: 0.00 % (0 out of 1)
2020-03-25 22:13:03,163 [Thread-2058] INFO  freon.ProgressBar (ProgressBar.java:logProgressBar(163)) - Progress: 0.00 % (0 out of 1)
2020-03-25 22:13:04,164 [Thread-2058] INFO  freon.ProgressBar (ProgressBar.java:logProgressBar(163)) - Progress: 0.00 % (0 out of 1)
2020-03-25 22:13:05,164 [Thread-2058] INFO  freon.ProgressBar (ProgressBar.java:logProgressBar(163)) - Progress: 0.00 % (0 out of 1)
2020-03-25 22:13:06,165 [Thread-2058] INFO  freon.ProgressBar (ProgressBar.java:logProgressBar(163)) - Progress: 0.00 % (0 out of 1)
2020-03-25 22:13:07,165 [Thread-2058] INFO  freon.ProgressBar (ProgressBar.java:logProgressBar(163)) - Progress: 0.00 % (0 out of 1)
2020-03-25 22:13:08,166 [Thread-2058] INFO  freon.ProgressBar (ProgressBar.java:logProgressBar(163)) - Progress: 0.00 % (0 out of 1)
2020-03-25 22:13:09,166 [Thread-2058] INFO  freon.ProgressBar (ProgressBar.java:logProgressBar(163)) - Progress: 0.00 % (0 out of 1)
2020-03-25 22:13:10,167 [Thread-2058] INFO  freon.ProgressBar (ProgressBar.java:logProgressBar(163)) - Progress: 0.00 % (0 out of 1)
2020-03-25 22:13:11,167 [Thread-2058] INFO  freon.ProgressBar (ProgressBar.java:logProgressBar(163)) - Progress: 0.00 % (0 out of 1)
2020-03-25 22:13:12,168 [Thread-2058] INFO  freon.ProgressBar (ProgressBar.java:logProgressBar(163)) - Progress: 0.00 % (0 out of 1)
2020-03-25 22:13:13,168 [Thread-2058] INFO  freon.ProgressBar (ProgressBar.java:logProgressBar(163)) - Progress: 0.00 % (0 out of 1)
2020-03-25 22:13:14,168 [Thread-2058] INFO  freon.ProgressBar (ProgressBar.java:logProgressBar(163)) - Progress: 0.00 % (0 out of 1)
2020-03-25 22:13:15,169 [Thread-2058] INFO  freon.ProgressBar (ProgressBar.java:logProgressBar(163)) - Progress: 0.00 % (0 out of 1)
2020-03-25 22:13:16,169 [Thread-2058] INFO  freon.ProgressBar (ProgressBar.java:logProgressBar(163)) - Progress: 0.00 % (0 out of 1)
2020-03-25 22:13:17,170 [Thread-2058] INFO  freon.ProgressBar (ProgressBar.java:logProgressBar(163)) - Progress: 0.00 % (0 out of 1)
2020-03-25 22:13:18,170 [Thread-2058] INFO  freon.ProgressBar (ProgressBar.java:logProgressBar(163)) - Progress: 0.00 % (0 out of 1)
2020-03-25 22:13:19,171 [Thread-2058] INFO  freon.ProgressBar (ProgressBar.java:logProgressBar(163)) - Progress: 0.00 % (0 out of 1)
2020-03-25 22:13:20,171 [Thread-2058] INFO  freon.ProgressBar (ProgressBar.java:logProgressBar(163)) - Progress: 0.00 % (0 out of 1)
2020-03-25 22:13:21,171 [Thread-2058] INFO  freon.ProgressBar (ProgressBar.java:logProgressBar(163)) - Progress: 0.00 % (0 out of 1)
2020-03-25 22:13:22,172 [Thread-2058] INFO  freon.ProgressBar (ProgressBar.java:logProgressBar(163)) - Progress: 0.00 % (0 out of 1)
2020-03-25 22:13:23,125 [java.util.concurrent.ThreadPoolExecutor$Worker@50a76255[State = -1, empty queue]] WARN  server.GrpcLogAppender (GrpcLogAppender.java:timeoutAppendRequest(212)) - abf0465c-208d-43f7-8b8d-a2bd63e73c9b@group-054D1CE49550->76de6585-3b6f-4c85-8f21-1ab14a12cff9-GrpcLogAppender:  appendEntries Timeout, request=AppendEntriesRequest:cid=3274,entriesCount=1,lastEntry=(t:1, i:3252)
2020-03-25 22:13:23,172 [Thread-2058] INFO  freon.ProgressBar (ProgressBar.java:logProgressBar(163)) - Progress: 0.00 % (0 out of 1)
2020-03-25 22:13:23,683 [java.util.concurrent.ThreadPoolExecutor$Worker@50a76255[State = -1, empty queue]] WARN  server.GrpcLogAppender (GrpcLogAppender.java:timeoutAppendRequest(212)) - abf0465c-208d-43f7-8b8d-a2bd63e73c9b@group-054D1CE49550->76de6585-3b6f-4c85-8f21-1ab14a12cff9-GrpcLogAppender:  appendEntries Timeout, request=AppendEntriesRequest:cid=3277,entriesCount=1,lastEntry=(t:1, i:3255)
2020-03-25 22:13:23,684 [java.util.concurrent.ThreadPoolExecutor$Worker@50a76255[State = -1, empty queue]] WARN  server.GrpcLogAppender (GrpcLogAppender.java:timeoutAppendRequest(212)) - abf0465c-208d-43f7-8b8d-a2bd63e73c9b@group-054D1CE49550->7b26176b-ecdc-4d5a-bc94-edea281e8dd3-GrpcLogAppender:  appendEntries Timeout, request=AppendEntriesRequest:cid=3277,entriesCount=1,lastEntry=(t:1, i:3255)
2020-03-25 22:13:23,684 [java.util.concurrent.ThreadPoolExecutor$Worker@50a76255[State = -1, empty queue]] WARN  server.GrpcLogAppender (GrpcLogAppender.java:timeoutAppendRequest(212)) - abf0465c-208d-43f7-8b8d-a2bd63e73c9b@group-054D1CE49550->76de6585-3b6f-4c85-8f21-1ab14a12cff9-GrpcLogAppender:  appendEntries Timeout, request=AppendEntriesRequest:cid=3278,entriesCount=1,lastEntry=(t:1, i:3256)
2020-03-25 22:13:23,684 [java.util.concurrent.ThreadPoolExecutor$Worker@50a76255[State = -1, empty queue]] WARN  server.GrpcLogAppender (GrpcLogAppender.java:timeoutAppendRequest(212)) - abf0465c-208d-43f7-8b8d-a2bd63e73c9b@group-054D1CE49550->7b26176b-ecdc-4d5a-bc94-edea281e8dd3-GrpcLogAppender:  appendEntries Timeout, request=AppendEntriesRequest:cid=3278,entriesCount=1,lastEntry=(t:1, i:3256)
2020-03-25 22:13:24,173 [Thread-2058] INFO  freon.ProgressBar (ProgressBar.java:logProgressBar(163)) - Progress: 0.00 % (0 out of 1)
2020-03-25 22:13:25,173 [Thread-2058] INFO  freon.ProgressBar (ProgressBar.java:logProgressBar(163)) - Progress: 0.00 % (0 out of 1)
2020-03-25 22:13:26,173 [Thread-2058] INFO  freon.ProgressBar (ProgressBar.java:logProgressBar(163)) - Progress: 0.00 % (0 out of 1)
2020-03-25 22:13:27,174 [Thread-2058] INFO  freon.ProgressBar (ProgressBar.java:logProgressBar(163)) - Progress: 0.00 % (0 out of 1)
2020-03-25 22:13:28,174 [Thread-2058] INFO  freon.ProgressBar (ProgressBar.java:logProgressBar(163)) - Progress: 0.00 % (0 out of 1)
2020-03-25 22:13:29,174 [Thread-2058] INFO  freon.ProgressBar (ProgressBar.java:logProgressBar(163)) - Progress: 0.00 % (0 out of 1)
2020-03-25 22:13:30,175 [Thread-2058] INFO  freon.ProgressBar (ProgressBar.java:logProgressBar(163)) - Progress: 0.00 % (0 out of 1)
2020-03-25 22:13:31,175 [Thread-2058] INFO  freon.ProgressBar (ProgressBar.java:logProgressBar(163)) - Progress: 0.00 % (0 out of 1)
2020-03-25 22:13:32,175 [Thread-2058] INFO  freon.ProgressBar (ProgressBar.java:logProgressBar(163)) - Progress: 0.00 % (0 out of 1)
2020-03-25 22:13:33,176 [Thread-2058] INFO  freon.ProgressBar (ProgressBar.java:logProgressBar(163)) - Progress: 0.00 % (0 out of 1)
2020-03-25 22:13:34,176 [Thread-2058] INFO  freon.ProgressBar (ProgressBar.java:logProgressBar(163)) - Progress: 0.00 % (0 out of 1)
2020-03-25 22:13:35,176 [Thread-2058] INFO  freon.ProgressBar (ProgressBar.java:logProgressBar(163)) - Progress: 0.00 % (0 out of 1)
2020-03-25 22:13:36,177 [Thread-2058] INFO  freon.ProgressBar (ProgressBar.java:logProgressBar(163)) - Progress: 0.00 % (0 out of 1)
2020-03-25 22:13:37,177 [Thread-2058] INFO  freon.ProgressBar (ProgressBar.java:logProgressBar(163)) - Progress: 0.00 % (0 out of 1)
2020-03-25 22:13:38,178 [Thread-2058] INFO  freon.ProgressBar (ProgressBar.java:logProgressBar(163)) - Progress: 0.00 % (0 out of 1)
2020-03-25 22:13:39,178 [Thread-2058] INFO  freon.ProgressBar (ProgressBar.java:logProgressBar(163)) - Progress: 0.00 % (0 out of 1)
2020-03-25 22:13:40,178 [Thread-2058] INFO  freon.ProgressBar (ProgressBar.java:logProgressBar(163)) - Progress: 0.00 % (0 out of 1)
2020-03-25 22:13:41,179 [Thread-2058] INFO  freon.ProgressBar (ProgressBar.java:logProgressBar(163)) - Progress: 0.00 % (0 out of 1)
2020-03-25 22:13:42,179 [Thread-2058] INFO  freon.ProgressBar (ProgressBar.java:logProgressBar(163)) - Progress: 0.00 % (0 out of 1)
2020-03-25 22:13:43,180 [Thread-2058] INFO  freon.ProgressBar (ProgressBar.java:logProgressBar(163)) - Progress: 0.00 % (0 out of 1)
2020-03-25 22:13:44,180 [Thread-2058] INFO  freon.ProgressBar (ProgressBar.java:logProgressBar(163)) - Progress: 0.00 % (0 out of 1)
2020-03-25 22:13:45,181 [Thread-2058] INFO  freon.ProgressBar (ProgressBar.java:logProgressBar(163)) - Progress: 0.00 % (0 out of 1)
2020-03-25 22:13:46,181 [Thread-2058] INFO  freon.ProgressBar (ProgressBar.java:logProgressBar(163)) - Progress: 0.00 % (0 out of 1)
2020-03-25 22:13:47,181 [Thread-2058] INFO  freon.ProgressBar (ProgressBar.java:logProgressBar(163)) - Progress: 0.00 % (0 out of 1)
2020-03-25 22:13:48,184 [Thread-2058] INFO  freon.ProgressBar (ProgressBar.java:logProgressBar(163)) - Progress: 0.00 % (0 out of 1)
2020-03-25 22:13:49,184 [Thread-2058] INFO  freon.ProgressBar (ProgressBar.java:logProgressBar(163)) - Progress: 0.00 % (0 out of 1)
2020-03-25 22:13:50,185 [Thread-2058] INFO  freon.ProgressBar (ProgressBar.java:logProgressBar(163)) - Progress: 0.00 % (0 out of 1)
2020-03-25 22:13:51,185 [Thread-2058] INFO  freon.ProgressBar (ProgressBar.java:logProgressBar(163)) - Progress: 0.00 % (0 out of 1)
2020-03-25 22:13:52,185 [Thread-2058] INFO  freon.ProgressBar (ProgressBar.java:logProgressBar(163)) - Progress: 0.00 % (0 out of 1)
2020-03-25 22:13:53,186 [Thread-2058] INFO  freon.ProgressBar (ProgressBar.java:logProgressBar(163)) - Progress: 0.00 % (0 out of 1)
2020-03-25 22:13:54,186 [Thread-2058] INFO  freon.ProgressBar (ProgressBar.java:logProgressBar(163)) - Progress: 0.00 % (0 out of 1)
2020-03-25 22:13:55,187 [Thread-2058] INFO  freon.ProgressBar (ProgressBar.java:logProgressBar(163)) - Progress: 0.00 % (0 out of 1)
2020-03-25 22:13:56,187 [Thread-2058] INFO  freon.ProgressBar (ProgressBar.java:logProgressBar(163)) - Progress: 0.00 % (0 out of 1)
2020-03-25 22:13:57,187 [Thread-2058] INFO  freon.ProgressBar (ProgressBar.java:logProgressBar(163)) - Progress: 0.00 % (0 out of 1)
2020-03-25 22:13:58,188 [Thread-2058] INFO  freon.ProgressBar (ProgressBar.java:logProgressBar(163)) - Progress: 0.00 % (0 out of 1)
2020-03-25 22:13:59,188 [Thread-2058] INFO  freon.ProgressBar (ProgressBar.java:logProgressBar(163)) - Progress: 0.00 % (0 out of 1)
2020-03-25 22:14:00,196 [Thread-2058] INFO  freon.ProgressBar (ProgressBar.java:logProgressBar(163)) - Progress: 0.00 % (0 out of 1)
2020-03-25 22:14:01,197 [Thread-2058] INFO  freon.ProgressBar (ProgressBar.java:logProgressBar(163)) - Progress: 0.00 % (0 out of 1)
2020-03-25 22:14:02,198 [Thread-2058] INFO  freon.ProgressBar (ProgressBar.java:logProgressBar(163)) - Progress: 0.00 % (0 out of 1)
2020-03-25 22:14:03,198 [Thread-2058] INFO  freon.ProgressBar (ProgressBar.java:logProgressBar(163)) - Progress: 0.00 % (0 out of 1)
2020-03-25 22:14:04,199 [Thread-2058] INFO  freon.ProgressBar (ProgressBar.java:logProgressBar(163)) - Progress: 0.00 % (0 out of 1)
2020-03-25 22:14:05,199 [Thread-2058] INFO  freon.ProgressBar (ProgressBar.java:logProgressBar(163)) - Progress: 0.00 % (0 out of 1)
2020-03-25 22:14:06,199 [Thread-2058] INFO  freon.ProgressBar (ProgressBar.java:logProgressBar(163)) - Progress: 0.00 % (0 out of 1)
2020-03-25 22:14:07,200 [Thread-2058] INFO  freon.ProgressBar (ProgressBar.java:logProgressBar(163)) - Progress: 0.00 % (0 out of 1)
2020-03-25 22:14:08,200 [Thread-2058] INFO  freon.ProgressBar (ProgressBar.java:logProgressBar(163)) - Progress: 0.00 % (0 out of 1)
2020-03-25 22:14:09,200 [Thread-2058] INFO  freon.ProgressBar (ProgressBar.java:logProgressBar(163)) - Progress: 0.00 % (0 out of 1)
2020-03-25 22:14:10,201 [Thread-2058] INFO  freon.ProgressBar (ProgressBar.java:logProgressBar(163)) - Progress: 0.00 % (0 out of 1)
2020-03-25 22:14:11,206 [Thread-2058] INFO  freon.ProgressBar (ProgressBar.java:logProgressBar(163)) - Progress: 0.00 % (0 out of 1)
2020-03-25 22:14:12,206 [Thread-2058] INFO  freon.ProgressBar (ProgressBar.java:logProgressBar(163)) - Progress: 0.00 % (0 out of 1)
2020-03-25 22:14:13,206 [Thread-2058] INFO  freon.ProgressBar (ProgressBar.java:logProgressBar(163)) - Progress: 0.00 % (0 out of 1)
2020-03-25 22:14:14,207 [Thread-2058] INFO  freon.ProgressBar (ProgressBar.java:logProgressBar(163)) - Progress: 0.00 % (0 out of 1)
2020-03-25 22:14:15,207 [Thread-2058] INFO  freon.ProgressBar (ProgressBar.java:logProgressBar(163)) - Progress: 0.00 % (0 out of 1)
2020-03-25 22:14:16,249 [Thread-2058] INFO  freon.ProgressBar (ProgressBar.java:logProgressBar(163)) - Progress: 0.00 % (0 out of 1)
2020-03-25 22:14:17,249 [Thread-2058] INFO  freon.ProgressBar (ProgressBar.java:logProgressBar(163)) - Progress: 0.00 % (0 out of 1)
2020-03-25 22:14:18,250 [Thread-2058] INFO  freon.ProgressBar (ProgressBar.java:logProgressBar(163)) - Progress: 0.00 % (0 out of 1)
2020-03-25 22:14:19,250 [Thread-2058] INFO  freon.ProgressBar (ProgressBar.java:logProgressBar(163)) - Progress: 0.00 % (0 out of 1)
2020-03-25 22:14:20,250 [Thread-2058] INFO  freon.ProgressBar (ProgressBar.java:logProgressBar(163)) - Progress: 0.00 % (0 out of 1)
2020-03-25 22:14:21,251 [Thread-2058] INFO  freon.ProgressBar (ProgressBar.java:logProgressBar(163)) - Progress: 0.00 % (0 out of 1)
2020-03-25 22:14:22,251 [Thread-2058] INFO  freon.ProgressBar (ProgressBar.java:logProgressBar(163)) - Progress: 0.00 % (0 out of 1)
2020-03-25 22:14:23,252 [Thread-2058] INFO  freon.ProgressBar (ProgressBar.java:logProgressBar(163)) - Progress: 0.00 % (0 out of 1)
2020-03-25 22:14:24,080 [java.util.concurrent.ThreadPoolExecutor$Worker@6697e9a0[State = -1, empty queue]] WARN  server.GrpcLogAppender (GrpcLogAppender.java:timeoutAppendRequest(212)) - abf0465c-208d-43f7-8b8d-a2bd63e73c9b@group-054D1CE49550->7b26176b-ecdc-4d5a-bc94-edea281e8dd3-GrpcLogAppender:  appendEntries Timeout, request=AppendEntriesRequest:cid=5442,entriesCount=1,lastEntry=(t:1, i:5407)
2020-03-25 22:14:24,080 [java.util.concurrent.ThreadPoolExecutor$Worker@6697e9a0[State = -1, empty queue]] WARN  server.GrpcLogAppender (GrpcLogAppender.java:timeoutAppendRequest(212)) - abf0465c-208d-43f7-8b8d-a2bd63e73c9b@group-054D1CE49550->76de6585-3b6f-4c85-8f21-1ab14a12cff9-GrpcLogAppender:  appendEntries Timeout, request=AppendEntriesRequest:cid=5443,entriesCount=1,lastEntry=(t:1, i:5408)
2020-03-25 22:14:24,080 [java.util.concurrent.ThreadPoolExecutor$Worker@6697e9a0[State = -1, empty queue]] WARN  server.GrpcLogAppender (GrpcLogAppender.java:timeoutAppendRequest(212)) - abf0465c-208d-43f7-8b8d-a2bd63e73c9b@group-054D1CE49550->7b26176b-ecdc-4d5a-bc94-edea281e8dd3-GrpcLogAppender:  appendEntries Timeout, request=AppendEntriesRequest:cid=5443,entriesCount=1,lastEntry=(t:1, i:5408)
2020-03-25 22:14:24,253 [Thread-2058] INFO  freon.ProgressBar (ProgressBar.java:logProgressBar(163)) - Progress: 0.00 % (0 out of 1)
2020-03-25 22:14:25,253 [Thread-2058] INFO  freon.ProgressBar (ProgressBar.java:logProgressBar(163)) - Progress: 0.00 % (0 out of 1)
2020-03-25 22:14:26,254 [Thread-2058] INFO  freon.ProgressBar (ProgressBar.java:logProgressBar(163)) - Progress: 0.00 % (0 out of 1)
2020-03-25 22:14:27,254 [Thread-2058] INFO  freon.ProgressBar (ProgressBar.java:logProgressBar(163)) - Progress: 0.00 % (0 out of 1)
2020-03-25 22:14:28,255 [Thread-2058] INFO  freon.ProgressBar (ProgressBar.java:logProgressBar(163)) - Progress: 0.00 % (0 out of 1)
2020-03-25 22:14:29,255 [Thread-2058] INFO  freon.ProgressBar (ProgressBar.java:logProgressBar(163)) - Progress: 0.00 % (0 out of 1)
2020-03-25 22:14:30,256 [Thread-2058] INFO  freon.ProgressBar (ProgressBar.java:logProgressBar(163)) - Progress: 0.00 % (0 out of 1)
2020-03-25 22:14:31,256 [Thread-2058] INFO  freon.ProgressBar (ProgressBar.java:logProgressBar(163)) - Progress: 0.00 % (0 out of 1)
2020-03-25 22:14:32,256 [Thread-2058] INFO  freon.ProgressBar (ProgressBar.java:logProgressBar(163)) - Progress: 0.00 % (0 out of 1)
2020-03-25 22:14:33,257 [Thread-2058] INFO  freon.ProgressBar (ProgressBar.java:logProgressBar(163)) - Progress: 0.00 % (0 out of 1)
2020-03-25 22:14:34,257 [Thread-2058] INFO  freon.ProgressBar (ProgressBar.java:logProgressBar(163)) - Progress: 0.00 % (0 out of 1)
2020-03-25 22:14:35,258 [Thread-2058] INFO  freon.ProgressBar (ProgressBar.java:logProgressBar(163)) - Progress: 0.00 % (0 out of 1)
2020-03-25 22:14:36,258 [Thread-2058] INFO  freon.ProgressBar (ProgressBar.java:logProgressBar(163)) - Progress: 0.00 % (0 out of 1)
2020-03-25 22:14:37,259 [Thread-2058] INFO  freon.ProgressBar (ProgressBar.java:logProgressBar(163)) - Progress: 0.00 % (0 out of 1)
2020-03-25 22:14:38,259 [Thread-2058] INFO  freon.ProgressBar (ProgressBar.java:logProgressBar(163)) - Progress: 0.00 % (0 out of 1)
2020-03-25 22:14:39,259 [Thread-2058] INFO  freon.ProgressBar (ProgressBar.java:logProgressBar(163)) - Progress: 0.00 % (0 out of 1)
2020-03-25 22:14:40,260 [Thread-2058] INFO  freon.ProgressBar (ProgressBar.java:logProgressBar(163)) - Progress: 0.00 % (0 out of 1)
2020-03-25 22:14:41,260 [Thread-2058] INFO  freon.ProgressBar (ProgressBar.java:logProgressBar(163)) - Progress: 0.00 % (0 out of 1)
2020-03-25 22:14:42,261 [Thread-2058] INFO  freon.ProgressBar (ProgressBar.java:logProgressBar(163)) - Progress: 0.00 % (0 out of 1)
2020-03-25 22:14:43,261 [Thread-2058] INFO  freon.ProgressBar (ProgressBar.java:logProgressBar(163)) - Progress: 0.00 % (0 out of 1)
2020-03-25 22:14:44,262 [Thread-2058] INFO  freon.ProgressBar (ProgressBar.java:logProgressBar(163)) - Progress: 0.00 % (0 out of 1)
2020-03-25 22:14:45,262 [Thread-2058] INFO  freon.ProgressBar (ProgressBar.java:logProgressBar(163)) - Progress: 0.00 % (0 out of 1)
2020-03-25 22:14:46,262 [Thread-2058] INFO  freon.ProgressBar (ProgressBar.java:logProgressBar(163)) - Progress: 0.00 % (0 out of 1)
2020-03-25 22:14:47,263 [Thread-2058] INFO  freon.ProgressBar (ProgressBar.java:logProgressBar(163)) - Progress: 0.00 % (0 out of 1)
2020-03-25 22:14:48,025 [java.util.concurrent.ThreadPoolExecutor$Worker@7a22b524[State = -1, empty queue]] WARN  server.GrpcLogAppender (GrpcLogAppender.java:timeoutAppendRequest(212)) - abf0465c-208d-43f7-8b8d-a2bd63e73c9b@group-054D1CE49550->76de6585-3b6f-4c85-8f21-1ab14a12cff9-GrpcLogAppender:  appendEntries Timeout, request=AppendEntriesRequest:cid=5925,entriesCount=1,lastEntry=(t:1, i:5883)
2020-03-25 22:14:48,025 [java.util.concurrent.ThreadPoolExecutor$Worker@7a22b524[State = -1, empty queue]] WARN  server.GrpcLogAppender (GrpcLogAppender.java:timeoutAppendRequest(212)) - abf0465c-208d-43f7-8b8d-a2bd63e73c9b@group-054D1CE49550->7b26176b-ecdc-4d5a-bc94-edea281e8dd3-GrpcLogAppender:  appendEntries Timeout, request=AppendEntriesRequest:cid=5925,entriesCount=1,lastEntry=(t:1, i:5883)
2020-03-25 22:14:48,025 [java.util.concurrent.ThreadPoolExecutor$Worker@7a22b524[State = -1, empty queue]] WARN  server.GrpcLogAppender (GrpcLogAppender.java:timeoutAppendRequest(212)) - abf0465c-208d-43f7-8b8d-a2bd63e73c9b@group-054D1CE49550->76de6585-3b6f-4c85-8f21-1ab14a12cff9-GrpcLogAppender:  appendEntries Timeout, request=AppendEntriesRequest:cid=5926,entriesCount=1,lastEntry=(t:1, i:5884)
2020-03-25 22:14:48,025 [java.util.concurrent.ThreadPoolExecutor$Worker@7a22b524[State = -1, empty queue]] WARN  server.GrpcLogAppender (GrpcLogAppender.java:timeoutAppendRequest(212)) - abf0465c-208d-43f7-8b8d-a2bd63e73c9b@group-054D1CE49550->7b26176b-ecdc-4d5a-bc94-edea281e8dd3-GrpcLogAppender:  appendEntries Timeout, request=AppendEntriesRequest:cid=5926,entriesCount=1,lastEntry=(t:1, i:5884)
2020-03-25 22:14:48,263 [Thread-2058] INFO  freon.ProgressBar (ProgressBar.java:logProgressBar(163)) - Progress: 0.00 % (0 out of 1)
2020-03-25 22:14:49,264 [Thread-2058] INFO  freon.ProgressBar (ProgressBar.java:logProgressBar(163)) - Progress: 0.00 % (0 out of 1)
2020-03-25 22:14:50,264 [Thread-2058] INFO  freon.ProgressBar (ProgressBar.java:logProgressBar(163)) - Progress: 0.00 % (0 out of 1)
2020-03-25 22:14:51,265 [Thread-2058] INFO  freon.ProgressBar (ProgressBar.java:logProgressBar(163)) - Progress: 0.00 % (0 out of 1)
2020-03-25 22:14:52,265 [Thread-2058] INFO  freon.ProgressBar (ProgressBar.java:logProgressBar(163)) - Progress: 0.00 % (0 out of 1)
2020-03-25 22:14:53,265 [Thread-2058] INFO  freon.ProgressBar (ProgressBar.java:logProgressBar(163)) - Progress: 0.00 % (0 out of 1)
2020-03-25 22:14:54,266 [Thread-2058] INFO  freon.ProgressBar (ProgressBar.java:logProgressBar(163)) - Progress: 0.00 % (0 out of 1)
2020-03-25 22:14:55,266 [Thread-2058] INFO  freon.ProgressBar (ProgressBar.java:logProgressBar(163)) - Progress: 0.00 % (0 out of 1)
2020-03-25 22:14:56,266 [Thread-2058] INFO  freon.ProgressBar (ProgressBar.java:logProgressBar(163)) - Progress: 0.00 % (0 out of 1)
2020-03-25 22:14:57,267 [Thread-2058] INFO  freon.ProgressBar (ProgressBar.java:logProgressBar(163)) - Progress: 0.00 % (0 out of 1)
2020-03-25 22:14:58,267 [Thread-2058] INFO  freon.ProgressBar (ProgressBar.java:logProgressBar(163)) - Progress: 0.00 % (0 out of 1)
2020-03-25 22:14:59,268 [Thread-2058] INFO  freon.ProgressBar (ProgressBar.java:logProgressBar(163)) - Progress: 0.00 % (0 out of 1)
2020-03-25 22:15:00,268 [Thread-2058] INFO  freon.ProgressBar (ProgressBar.java:logProgressBar(163)) - Progress: 0.00 % (0 out of 1)
2020-03-25 22:15:01,268 [Thread-2058] INFO  freon.ProgressBar (ProgressBar.java:logProgressBar(163)) - Progress: 0.00 % (0 out of 1)
2020-03-25 22:15:02,269 [Thread-2058] INFO  freon.ProgressBar (ProgressBar.java:logProgressBar(163)) - Progress: 0.00 % (0 out of 1)
2020-03-25 22:15:03,269 [Thread-2058] INFO  freon.ProgressBar (ProgressBar.java:logProgressBar(163)) - Progress: 0.00 % (0 out of 1)
2020-03-25 22:15:04,270 [Thread-2058] INFO  freon.ProgressBar (ProgressBar.java:logProgressBar(163)) - Progress: 0.00 % (0 out of 1)
2020-03-25 22:15:04,369 [grpc-default-executor-2] INFO  segmented.SegmentedRaftLogWorker (SegmentedRaftLogWorker.java:rollLogSegment(396)) - abf0465c-208d-43f7-8b8d-a2bd63e73c9b@group-054D1CE49550-SegmentedRaftLogWorker: Rolling segment log-0_5971 to index:5971
2020-03-25 22:15:04,372 [grpc-default-executor-7] INFO  segmented.SegmentedRaftLogWorker (SegmentedRaftLogWorker.java:rollLogSegment(396)) - 76de6585-3b6f-4c85-8f21-1ab14a12cff9@group-054D1CE49550-SegmentedRaftLogWorker: Rolling segment log-0_5971 to index:5971
2020-03-25 22:15:04,372 [abf0465c-208d-43f7-8b8d-a2bd63e73c9b@group-054D1CE49550-SegmentedRaftLogWorker] INFO  segmented.SegmentedRaftLogWorker (SegmentedRaftLogWorker.java:execute(541)) - abf0465c-208d-43f7-8b8d-a2bd63e73c9b@group-054D1CE49550-SegmentedRaftLogWorker: Rolled log segment from /github/workspace/hadoop-ozone/integration-test/target/test-dir/MiniOzoneClusterImpl-515f29f3-ff8b-4afa-bbea-7c2f2a4b5839/datanode-0/data/ratis/aa74ab82-613c-4fa4-836b-054d1ce49550/current/log_inprogress_0 to /github/workspace/hadoop-ozone/integration-test/target/test-dir/MiniOzoneClusterImpl-515f29f3-ff8b-4afa-bbea-7c2f2a4b5839/datanode-0/data/ratis/aa74ab82-613c-4fa4-836b-054d1ce49550/current/log_0-5971
2020-03-25 22:15:04,372 [76de6585-3b6f-4c85-8f21-1ab14a12cff9@group-054D1CE49550-SegmentedRaftLogWorker] INFO  segmented.SegmentedRaftLogWorker (SegmentedRaftLogWorker.java:execute(541)) - 76de6585-3b6f-4c85-8f21-1ab14a12cff9@group-054D1CE49550-SegmentedRaftLogWorker: Rolled log segment from /github/workspace/hadoop-ozone/integration-test/target/test-dir/MiniOzoneClusterImpl-515f29f3-ff8b-4afa-bbea-7c2f2a4b5839/datanode-2/data/ratis/aa74ab82-613c-4fa4-836b-054d1ce49550/current/log_inprogress_0 to /github/workspace/hadoop-ozone/integration-test/target/test-dir/MiniOzoneClusterImpl-515f29f3-ff8b-4afa-bbea-7c2f2a4b5839/datanode-2/data/ratis/aa74ab82-613c-4fa4-836b-054d1ce49550/current/log_0-5971
2020-03-25 22:15:04,373 [grpc-default-executor-2] INFO  segmented.SegmentedRaftLogWorker (SegmentedRaftLogWorker.java:rollLogSegment(396)) - 7b26176b-ecdc-4d5a-bc94-edea281e8dd3@group-054D1CE49550-SegmentedRaftLogWorker: Rolling segment log-0_5971 to index:5971
2020-03-25 22:15:04,374 [abf0465c-208d-43f7-8b8d-a2bd63e73c9b@group-054D1CE49550-SegmentedRaftLogWorker] INFO  segmented.SegmentedRaftLogWorker (SegmentedRaftLogWorker.java:execute(583)) - abf0465c-208d-43f7-8b8d-a2bd63e73c9b@group-054D1CE49550-SegmentedRaftLogWorker: created new log segment /github/workspace/hadoop-ozone/integration-test/target/test-dir/MiniOzoneClusterImpl-515f29f3-ff8b-4afa-bbea-7c2f2a4b5839/datanode-0/data/ratis/aa74ab82-613c-4fa4-836b-054d1ce49550/current/log_inprogress_5972
2020-03-25 22:15:04,375 [7b26176b-ecdc-4d5a-bc94-edea281e8dd3@group-054D1CE49550-SegmentedRaftLogWorker] INFO  segmented.SegmentedRaftLogWorker (SegmentedRaftLogWorker.java:execute(541)) - 7b26176b-ecdc-4d5a-bc94-edea281e8dd3@group-054D1CE49550-SegmentedRaftLogWorker: Rolled log segment from /github/workspace/hadoop-ozone/integration-test/target/test-dir/MiniOzoneClusterImpl-515f29f3-ff8b-4afa-bbea-7c2f2a4b5839/datanode-1/data/ratis/aa74ab82-613c-4fa4-836b-054d1ce49550/current/log_inprogress_0 to /github/workspace/hadoop-ozone/integration-test/target/test-dir/MiniOzoneClusterImpl-515f29f3-ff8b-4afa-bbea-7c2f2a4b5839/datanode-1/data/ratis/aa74ab82-613c-4fa4-836b-054d1ce49550/current/log_0-5971
2020-03-25 22:15:04,374 [76de6585-3b6f-4c85-8f21-1ab14a12cff9@group-054D1CE49550-SegmentedRaftLogWorker] INFO  segmented.SegmentedRaftLogWorker (SegmentedRaftLogWorker.java:execute(583)) - 76de6585-3b6f-4c85-8f21-1ab14a12cff9@group-054D1CE49550-SegmentedRaftLogWorker: created new log segment /github/workspace/hadoop-ozone/integration-test/target/test-dir/MiniOzoneClusterImpl-515f29f3-ff8b-4afa-bbea-7c2f2a4b5839/datanode-2/data/ratis/aa74ab82-613c-4fa4-836b-054d1ce49550/current/log_inprogress_5972
2020-03-25 22:15:04,378 [7b26176b-ecdc-4d5a-bc94-edea281e8dd3@group-054D1CE49550-SegmentedRaftLogWorker] INFO  segmented.SegmentedRaftLogWorker (SegmentedRaftLogWorker.java:execute(583)) - 7b26176b-ecdc-4d5a-bc94-edea281e8dd3@group-054D1CE49550-SegmentedRaftLogWorker: created new log segment /github/workspace/hadoop-ozone/integration-test/target/test-dir/MiniOzoneClusterImpl-515f29f3-ff8b-4afa-bbea-7c2f2a4b5839/datanode-1/data/ratis/aa74ab82-613c-4fa4-836b-054d1ce49550/current/log_inprogress_5972
2020-03-25 22:15:05,271 [Thread-2058] INFO  freon.ProgressBar (ProgressBar.java:logProgressBar(163)) - Progress: 0.00 % (0 out of 1)
2020-03-25 22:15:06,271 [Thread-2058] INFO  freon.ProgressBar (ProgressBar.java:logProgressBar(163)) - Progress: 0.00 % (0 out of 1)
2020-03-25 22:15:07,272 [Thread-2058] INFO  freon.ProgressBar (ProgressBar.java:logProgressBar(163)) - Progress: 0.00 % (0 out of 1)
2020-03-25 22:15:08,272 [Thread-2058] INFO  freon.ProgressBar (ProgressBar.java:logProgressBar(163)) - Progress: 0.00 % (0 out of 1)
2020-03-25 22:15:09,021 [java.util.concurrent.ThreadPoolExecutor$Worker@1d9e39de[State = -1, empty queue]] WARN  server.GrpcLogAppender (GrpcLogAppender.java:timeoutAppendRequest(212)) - abf0465c-208d-43f7-8b8d-a2bd63e73c9b@group-054D1CE49550->76de6585-3b6f-4c85-8f21-1ab14a12cff9-GrpcLogAppender:  appendEntries Timeout, request=AppendEntriesRequest:cid=6338,entriesCount=1,lastEntry=(t:1, i:6290)
2020-03-25 22:15:09,272 [Thread-2058] INFO  freon.ProgressBar (ProgressBar.java:logProgressBar(163)) - Progress: 0.00 % (0 out of 1)
2020-03-25 22:15:10,273 [Thread-2058] INFO  freon.ProgressBar (ProgressBar.java:logProgressBar(163)) - Progress: 0.00 % (0 out of 1)
2020-03-25 22:15:11,273 [Thread-2058] INFO  freon.ProgressBar (ProgressBar.java:logProgressBar(163)) - Progress: 0.00 % (0 out of 1)
2020-03-25 22:15:12,274 [Thread-2058] INFO  freon.ProgressBar (ProgressBar.java:logProgressBar(163)) - Progress: 0.00 % (0 out of 1)
2020-03-25 22:15:13,274 [Thread-2058] INFO  freon.ProgressBar (ProgressBar.java:logProgressBar(163)) - Progress: 0.00 % (0 out of 1)
2020-03-25 22:15:14,274 [Thread-2058] INFO  freon.ProgressBar (ProgressBar.java:logProgressBar(163)) - Progress: 0.00 % (0 out of 1)
2020-03-25 22:15:15,275 [Thread-2058] INFO  freon.ProgressBar (ProgressBar.java:logProgressBar(163)) - Progress: 0.00 % (0 out of 1)
2020-03-25 22:15:16,275 [Thread-2058] INFO  freon.ProgressBar (ProgressBar.java:logProgressBar(163)) - Progress: 0.00 % (0 out of 1)
2020-03-25 22:15:17,275 [Thread-2058] INFO  freon.ProgressBar (ProgressBar.java:logProgressBar(163)) - Progress: 0.00 % (0 out of 1)
2020-03-25 22:15:18,276 [Thread-2058] INFO  freon.ProgressBar (ProgressBar.java:logProgressBar(163)) - Progress: 0.00 % (0 out of 1)
2020-03-25 22:15:19,276 [Thread-2058] INFO  freon.ProgressBar (ProgressBar.java:logProgressBar(163)) - Progress: 0.00 % (0 out of 1)
2020-03-25 22:15:20,277 [Thread-2058] INFO  freon.ProgressBar (ProgressBar.java:logProgressBar(163)) - Progress: 0.00 % (0 out of 1)
2020-03-25 22:15:21,277 [Thread-2058] INFO  freon.ProgressBar (ProgressBar.java:logProgressBar(163)) - Progress: 0.00 % (0 out of 1)
2020-03-25 22:15:22,277 [Thread-2058] INFO  freon.ProgressBar (ProgressBar.java:logProgressBar(163)) - Progress: 0.00 % (0 out of 1)
2020-03-25 22:15:23,278 [Thread-2058] INFO  freon.ProgressBar (ProgressBar.java:logProgressBar(163)) - Progress: 0.00 % (0 out of 1)
2020-03-25 22:15:24,278 [Thread-2058] INFO  freon.ProgressBar (ProgressBar.java:logProgressBar(163)) - Progress: 0.00 % (0 out of 1)
2020-03-25 22:15:25,278 [Thread-2058] INFO  freon.ProgressBar (ProgressBar.java:logProgressBar(163)) - Progress: 0.00 % (0 out of 1)
2020-03-25 22:15:26,279 [Thread-2058] INFO  freon.ProgressBar (ProgressBar.java:logProgressBar(163)) - Progress: 0.00 % (0 out of 1)
2020-03-25 22:15:27,279 [Thread-2058] INFO  freon.ProgressBar (ProgressBar.java:logProgressBar(163)) - Progress: 0.00 % (0 out of 1)
2020-03-25 22:15:28,280 [Thread-2058] INFO  freon.ProgressBar (ProgressBar.java:logProgressBar(163)) - Progress: 0.00 % (0 out of 1)
2020-03-25 22:15:29,280 [Thread-2058] INFO  freon.ProgressBar (ProgressBar.java:logProgressBar(163)) - Progress: 0.00 % (0 out of 1)
2020-03-25 22:15:30,280 [Thread-2058] INFO  freon.ProgressBar (ProgressBar.java:logProgressBar(163)) - Progress: 0.00 % (0 out of 1)
2020-03-25 22:15:31,281 [Thread-2058] INFO  freon.ProgressBar (ProgressBar.java:logProgressBar(163)) - Progress: 0.00 % (0 out of 1)
2020-03-25 22:15:32,281 [Thread-2058] INFO  freon.ProgressBar (ProgressBar.java:logProgressBar(163)) - Progress: 0.00 % (0 out of 1)
2020-03-25 22:15:33,281 [Thread-2058] INFO  freon.ProgressBar (ProgressBar.java:logProgressBar(163)) - Progress: 0.00 % (0 out of 1)
2020-03-25 22:15:34,072 [java.util.concurrent.ThreadPoolExecutor$Worker@71dfdcf[State = -1, empty queue]] WARN  server.GrpcLogAppender (GrpcLogAppender.java:timeoutAppendRequest(212)) - abf0465c-208d-43f7-8b8d-a2bd63e73c9b@group-054D1CE49550->7b26176b-ecdc-4d5a-bc94-edea281e8dd3-GrpcLogAppender:  appendEntries Timeout, request=AppendEntriesRequest:cid=6939,entriesCount=1,lastEntry=(t:1, i:6885)
2020-03-25 22:15:34,282 [Thread-2058] INFO  freon.ProgressBar (ProgressBar.java:logProgressBar(163)) - Progress: 0.00 % (0 out of 1)
2020-03-25 22:15:35,282 [Thread-2058] INFO  freon.ProgressBar (ProgressBar.java:logProgressBar(163)) - Progress: 0.00 % (0 out of 1)
2020-03-25 22:15:36,282 [Thread-2058] INFO  freon.ProgressBar (ProgressBar.java:logProgressBar(163)) - Progress: 0.00 % (0 out of 1)
2020-03-25 22:15:37,283 [Thread-2058] INFO  freon.ProgressBar (ProgressBar.java:logProgressBar(163)) - Progress: 0.00 % (0 out of 1)
2020-03-25 22:15:38,283 [Thread-2058] INFO  freon.ProgressBar (ProgressBar.java:logProgressBar(163)) - Progress: 0.00 % (0 out of 1)
2020-03-25 22:15:39,283 [Thread-2058] INFO  freon.ProgressBar (ProgressBar.java:logProgressBar(163)) - Progress: 0.00 % (0 out of 1)
2020-03-25 22:15:40,284 [Thread-2058] INFO  freon.ProgressBar (ProgressBar.java:logProgressBar(163)) - Progress: 0.00 % (0 out of 1)
2020-03-25 22:15:41,284 [Thread-2058] INFO  freon.ProgressBar (ProgressBar.java:logProgressBar(163)) - Progress: 0.00 % (0 out of 1)
2020-03-25 22:15:42,285 [Thread-2058] INFO  freon.ProgressBar (ProgressBar.java:logProgressBar(163)) - Progress: 0.00 % (0 out of 1)
2020-03-25 22:15:43,285 [Thread-2058] INFO  freon.ProgressBar (ProgressBar.java:logProgressBar(163)) - Progress: 0.00 % (0 out of 1)
2020-03-25 22:15:44,286 [Thread-2058] INFO  freon.ProgressBar (ProgressBar.java:logProgressBar(163)) - Progress: 0.00 % (0 out of 1)
2020-03-25 22:15:45,286 [Thread-2058] INFO  freon.ProgressBar (ProgressBar.java:logProgressBar(163)) - Progress: 0.00 % (0 out of 1)
2020-03-25 22:15:46,286 [Thread-2058] INFO  freon.ProgressBar (ProgressBar.java:logProgressBar(163)) - Progress: 0.00 % (0 out of 1)
2020-03-25 22:15:47,287 [Thread-2058] INFO  freon.ProgressBar (ProgressBar.java:logProgressBar(163)) - Progress: 0.00 % (0 out of 1)
2020-03-25 22:15:48,287 [Thread-2058] INFO  freon.ProgressBar (ProgressBar.java:logProgressBar(163)) - Progress: 0.00 % (0 out of 1)
2020-03-25 22:15:49,287 [Thread-2058] INFO  freon.ProgressBar (ProgressBar.java:logProgressBar(163)) - Progress: 0.00 % (0 out of 1)
2020-03-25 22:15:50,288 [Thread-2058] INFO  freon.ProgressBar (ProgressBar.java:logProgressBar(163)) - Progress: 0.00 % (0 out of 1)
2020-03-25 22:15:51,288 [Thread-2058] INFO  freon.ProgressBar (ProgressBar.java:logProgressBar(163)) - Progress: 0.00 % (0 out of 1)
2020-03-25 22:15:52,289 [Thread-2058] INFO  freon.ProgressBar (ProgressBar.java:logProgressBar(163)) - Progress: 0.00 % (0 out of 1)
2020-03-25 22:15:53,289 [Thread-2058] INFO  freon.ProgressBar (ProgressBar.java:logProgressBar(163)) - Progress: 0.00 % (0 out of 1)
2020-03-25 22:15:54,289 [Thread-2058] INFO  freon.ProgressBar (ProgressBar.java:logProgressBar(163)) - Progress: 0.00 % (0 out of 1)
2020-03-25 22:15:55,290 [Thread-2058] INFO  freon.ProgressBar (ProgressBar.java:logProgressBar(163)) - Progress: 0.00 % (0 out of 1)
2020-03-25 22:15:56,290 [Thread-2058] INFO  freon.ProgressBar (ProgressBar.java:logProgressBar(163)) - Progress: 0.00 % (0 out of 1)
2020-03-25 22:15:57,291 [Thread-2058] INFO  freon.ProgressBar (ProgressBar.java:logProgressBar(163)) - Progress: 0.00 % (0 out of 1)
2020-03-25 22:15:58,291 [Thread-2058] INFO  freon.ProgressBar (ProgressBar.java:logProgressBar(163)) - Progress: 0.00 % (0 out of 1)
2020-03-25 22:15:59,292 [Thread-2058] INFO  freon.ProgressBar (ProgressBar.java:logProgressBar(163)) - Progress: 0.00 % (0 out of 1)
2020-03-25 22:16:00,292 [Thread-2058] INFO  freon.ProgressBar (ProgressBar.java:logProgressBar(163)) - Progress: 0.00 % (0 out of 1)
2020-03-25 22:16:01,295 [Thread-2058] INFO  freon.ProgressBar (ProgressBar.java:logProgressBar(163)) - Progress: 0.00 % (0 out of 1)
2020-03-25 22:16:02,295 [Thread-2058] INFO  freon.ProgressBar (ProgressBar.java:logProgressBar(163)) - Progress: 0.00 % (0 out of 1)
2020-03-25 22:16:03,296 [Thread-2058] INFO  freon.ProgressBar (ProgressBar.java:logProgressBar(163)) - Progress: 0.00 % (0 out of 1)
2020-03-25 22:16:04,296 [Thread-2058] INFO  freon.ProgressBar (ProgressBar.java:logProgressBar(163)) - Progress: 0.00 % (0 out of 1)
2020-03-25 22:16:05,154 [java.util.concurrent.ThreadPoolExecutor$Worker@5355693d[State = -1, empty queue]] WARN  server.GrpcLogAppender (GrpcLogAppender.java:timeoutAppendRequest(212)) - abf0465c-208d-43f7-8b8d-a2bd63e73c9b@group-054D1CE49550->76de6585-3b6f-4c85-8f21-1ab14a12cff9-GrpcLogAppender:  appendEntries Timeout, request=AppendEntriesRequest:cid=7966,entriesCount=1,lastEntry=(t:1, i:7905)
2020-03-25 22:16:05,296 [Thread-2058] INFO  freon.ProgressBar (ProgressBar.java:logProgressBar(163)) - Progress: 0.00 % (0 out of 1)
2020-03-25 22:16:06,297 [Thread-2058] INFO  freon.ProgressBar (ProgressBar.java:logProgressBar(163)) - Progress: 0.00 % (0 out of 1)
2020-03-25 22:16:07,297 [Thread-2058] INFO  freon.ProgressBar (ProgressBar.java:logProgressBar(163)) - Progress: 0.00 % (0 out of 1)
2020-03-25 22:16:08,298 [Thread-2058] INFO  freon.ProgressBar (ProgressBar.java:logProgressBar(163)) - Progress: 0.00 % (0 out of 1)
2020-03-25 22:16:09,298 [Thread-2058] INFO  freon.ProgressBar (ProgressBar.java:logProgressBar(163)) - Progress: 0.00 % (0 out of 1)
2020-03-25 22:16:10,298 [Thread-2058] INFO  freon.ProgressBar (ProgressBar.java:logProgressBar(163)) - Progress: 0.00 % (0 out of 1)
2020-03-25 22:16:11,299 [Thread-2058] INFO  freon.ProgressBar (ProgressBar.java:logProgressBar(163)) - Progress: 0.00 % (0 out of 1)
2020-03-25 22:16:12,299 [Thread-2058] INFO  freon.ProgressBar (ProgressBar.java:logProgressBar(163)) - Progress: 0.00 % (0 out of 1)
2020-03-25 22:16:13,300 [Thread-2058] INFO  freon.ProgressBar (ProgressBar.java:logProgressBar(163)) - Progress: 0.00 % (0 out of 1)
2020-03-25 22:16:14,300 [Thread-2058] INFO  freon.ProgressBar (ProgressBar.java:logProgressBar(163)) - Progress: 0.00 % (0 out of 1)
2020-03-25 22:16:15,300 [Thread-2058] INFO  freon.ProgressBar (ProgressBar.java:logProgressBar(163)) - Progress: 0.00 % (0 out of 1)
2020-03-25 22:16:16,301 [Thread-2058] INFO  freon.ProgressBar (ProgressBar.java:logProgressBar(163)) - Progress: 0.00 % (0 out of 1)
2020-03-25 22:16:17,301 [Thread-2058] INFO  freon.ProgressBar (ProgressBar.java:logProgressBar(163)) - Progress: 0.00 % (0 out of 1)
2020-03-25 22:16:18,301 [Thread-2058] INFO  freon.ProgressBar (ProgressBar.java:logProgressBar(163)) - Progress: 0.00 % (0 out of 1)
2020-03-25 22:16:19,302 [Thread-2058] INFO  freon.ProgressBar (ProgressBar.java:logProgressBar(163)) - Progress: 0.00 % (0 out of 1)
2020-03-25 22:16:20,302 [Thread-2058] INFO  freon.ProgressBar (ProgressBar.java:logProgressBar(163)) - Progress: 0.00 % (0 out of 1)
2020-03-25 22:16:21,303 [Thread-2058] INFO  freon.ProgressBar (ProgressBar.java:logProgressBar(163)) - Progress: 0.00 % (0 out of 1)
2020-03-25 22:16:22,303 [Thread-2058] INFO  freon.ProgressBar (ProgressBar.java:logProgressBar(163)) - Progress: 0.00 % (0 out of 1)
2020-03-25 22:16:23,309 [Thread-2058] INFO  freon.ProgressBar (ProgressBar.java:logProgressBar(163)) - Progress: 0.00 % (0 out of 1)
2020-03-25 22:16:24,309 [Thread-2058] INFO  freon.ProgressBar (ProgressBar.java:logProgressBar(163)) - Progress: 0.00 % (0 out of 1)
2020-03-25 22:16:25,309 [Thread-2058] INFO  freon.ProgressBar (ProgressBar.java:logProgressBar(163)) - Progress: 0.00 % (0 out of 1)
2020-03-25 22:16:26,309 [Thread-2058] INFO  freon.ProgressBar (ProgressBar.java:logProgressBar(163)) - Progress: 0.00 % (0 out of 1)
2020-03-25 22:16:27,310 [Thread-2058] INFO  freon.ProgressBar (ProgressBar.java:logProgressBar(163)) - Progress: 0.00 % (0 out of 1)
2020-03-25 22:16:28,055 [java.util.concurrent.ThreadPoolExecutor$Worker@55ff60f5[State = -1, empty queue]] WARN  server.GrpcLogAppender (GrpcLogAppender.java:timeoutAppendRequest(212)) - abf0465c-208d-43f7-8b8d-a2bd63e73c9b@group-054D1CE49550->7b26176b-ecdc-4d5a-bc94-edea281e8dd3-GrpcLogAppender:  appendEntries Timeout, request=AppendEntriesRequest:cid=8516,entriesCount=1,lastEntry=(t:1, i:8449)
2020-03-25 22:16:28,055 [java.util.concurrent.ThreadPoolExecutor$Worker@55ff60f5[State = -1, empty queue]] WARN  server.GrpcLogAppender (GrpcLogAppender.java:timeoutAppendRequest(212)) - abf0465c-208d-43f7-8b8d-a2bd63e73c9b@group-054D1CE49550->76de6585-3b6f-4c85-8f21-1ab14a12cff9-GrpcLogAppender:  appendEntries Timeout, request=AppendEntriesRequest:cid=8516,entriesCount=1,lastEntry=(t:1, i:8449)
2020-03-25 22:16:28,310 [Thread-2058] INFO  freon.ProgressBar (ProgressBar.java:logProgressBar(163)) - Progress: 0.00 % (0 out of 1)
2020-03-25 22:16:29,310 [Thread-2058] INFO  freon.ProgressBar (ProgressBar.java:logProgressBar(163)) - Progress: 0.00 % (0 out of 1)
2020-03-25 22:16:30,311 [Thread-2058] INFO  freon.ProgressBar (ProgressBar.java:logProgressBar(163)) - Progress: 0.00 % (0 out of 1)
2020-03-25 22:16:31,311 [Thread-2058] INFO  freon.ProgressBar (ProgressBar.java:logProgressBar(163)) - Progress: 0.00 % (0 out of 1)
2020-03-25 22:16:32,312 [Thread-2058] INFO  freon.ProgressBar (ProgressBar.java:logProgressBar(163)) - Progress: 0.00 % (0 out of 1)
2020-03-25 22:16:33,312 [Thread-2058] INFO  freon.ProgressBar (ProgressBar.java:logProgressBar(163)) - Progress: 0.00 % (0 out of 1)
2020-03-25 22:16:34,312 [Thread-2058] INFO  freon.ProgressBar (ProgressBar.java:logProgressBar(163)) - Progress: 0.00 % (0 out of 1)
2020-03-25 22:16:35,313 [Thread-2058] INFO  freon.ProgressBar (ProgressBar.java:logProgressBar(163)) - Progress: 0.00 % (0 out of 1)
2020-03-25 22:16:36,313 [Thread-2058] INFO  freon.ProgressBar (ProgressBar.java:logProgressBar(163)) - Progress: 0.00 % (0 out of 1)
2020-03-25 22:16:37,314 [Thread-2058] INFO  freon.ProgressBar (ProgressBar.java:logProgressBar(163)) - Progress: 0.00 % (0 out of 1)
2020-03-25 22:16:38,314 [Thread-2058] INFO  freon.ProgressBar (ProgressBar.java:logProgressBar(163)) - Progress: 0.00 % (0 out of 1)
2020-03-25 22:16:39,314 [Thread-2058] INFO  freon.ProgressBar (ProgressBar.java:logProgressBar(163)) - Progress: 0.00 % (0 out of 1)
2020-03-25 22:16:40,315 [Thread-2058] INFO  freon.ProgressBar (ProgressBar.java:logProgressBar(163)) - Progress: 0.00 % (0 out of 1)
2020-03-25 22:16:40,522 [ReplicationMonitor] INFO  container.ReplicationManager (ReplicationManager.java:run(228)) - Replication Monitor Thread took 0 milliseconds for processing 3 containers.
2020-03-25 22:16:41,315 [Thread-2058] INFO  freon.ProgressBar (ProgressBar.java:logProgressBar(163)) - Progress: 0.00 % (0 out of 1)
2020-03-25 22:16:42,315 [Thread-2058] INFO  freon.ProgressBar (ProgressBar.java:logProgressBar(163)) - Progress: 0.00 % (0 out of 1)
2020-03-25 22:16:43,316 [Thread-2058] INFO  freon.ProgressBar (ProgressBar.java:logProgressBar(163)) - Progress: 0.00 % (0 out of 1)
2020-03-25 22:16:44,316 [Thread-2058] INFO  freon.ProgressBar (ProgressBar.java:logProgressBar(163)) - Progress: 0.00 % (0 out of 1)
2020-03-25 22:16:45,316 [Thread-2058] INFO  freon.ProgressBar (ProgressBar.java:logProgressBar(163)) - Progress: 0.00 % (0 out of 1)
2020-03-25 22:16:46,318 [Thread-2058] INFO  freon.ProgressBar (ProgressBar.java:logProgressBar(163)) - Progress: 0.00 % (0 out of 1)
2020-03-25 22:16:47,318 [Thread-2058] INFO  freon.ProgressBar (ProgressBar.java:logProgressBar(163)) - Progress: 0.00 % (0 out of 1)
2020-03-25 22:16:48,318 [Thread-2058] INFO  freon.ProgressBar (ProgressBar.java:logProgressBar(163)) - Progress: 0.00 % (0 out of 1)
2020-03-25 22:16:49,319 [Thread-2058] INFO  freon.ProgressBar (ProgressBar.java:logProgressBar(163)) - Progress: 100.00 % (1 out of 1)
2020-03-25 22:17:19,210 [Thread-2057] ERROR scm.XceiverClientGrpc (XceiverClientGrpc.java:sendCommandWithRetry(373)) - Failed to execute command cmdType: GetBlock
traceID: "a6b8a12a94080724:a6b8a12a94080724:0:0"
containerID: 2
datanodeUuid: "abf0465c-208d-43f7-8b8d-a2bd63e73c9b"
getBlock {
  blockID {
    containerID: 2
    localID: 103886001572152168
    blockCommitSequenceId: 8351
  }
}
 on the pipeline Pipeline[ Id: aa74ab82-613c-4fa4-836b-054d1ce49550, Nodes: abf0465c-208d-43f7-8b8d-a2bd63e73c9b{ip: 172.17.0.2, host: b1b9ce9cd829, networkLocation: /default-rack, certSerialId: null}76de6585-3b6f-4c85-8f21-1ab14a12cff9{ip: 172.17.0.2, host: b1b9ce9cd829, networkLocation: /default-rack, certSerialId: null}7b26176b-ecdc-4d5a-bc94-edea281e8dd3{ip: 172.17.0.2, host: b1b9ce9cd829, networkLocation: /default-rack, certSerialId: null}, Type:STAND_ALONE, Factor:THREE, State:OPEN, leaderId:abf0465c-208d-43f7-8b8d-a2bd63e73c9b, CreationTimestamp2020-03-25T22:11:29.159Z].
2020-03-25 22:17:19,211 [Thread-2057] ERROR freon.RandomKeyGenerator (RandomKeyGenerator.java:run(1064)) - Exception while validating write.
java.io.IOException: java.util.concurrent.ExecutionException: org.apache.ratis.thirdparty.io.grpc.StatusRuntimeException: DEADLINE_EXCEEDED: ClientCall started after deadline exceeded: -0.001653766s from now
	at org.apache.hadoop.hdds.scm.XceiverClientGrpc.sendCommandWithRetry(XceiverClientGrpc.java:359)
	at org.apache.hadoop.hdds.scm.XceiverClientGrpc.sendCommandWithTraceIDAndRetry(XceiverClientGrpc.java:281)
	at org.apache.hadoop.hdds.scm.XceiverClientGrpc.sendCommand(XceiverClientGrpc.java:259)
	at org.apache.hadoop.hdds.scm.storage.ContainerProtocolCalls.getBlock(ContainerProtocolCalls.java:119)
	at org.apache.hadoop.hdds.scm.storage.BlockInputStream.getChunkInfos(BlockInputStream.java:199)
	at org.apache.hadoop.hdds.scm.storage.BlockInputStream.initialize(BlockInputStream.java:133)
	at org.apache.hadoop.hdds.scm.storage.BlockInputStream.read(BlockInputStream.java:254)
	at org.apache.hadoop.ozone.client.io.KeyInputStream.read(KeyInputStream.java:197)
	at org.apache.hadoop.ozone.client.io.OzoneInputStream.read(OzoneInputStream.java:47)
	at org.apache.commons.codec.digest.DigestUtils.updateDigest(DigestUtils.java:925)
	at org.apache.commons.codec.digest.DigestUtils.digest(DigestUtils.java:1074)
	at org.apache.hadoop.ozone.freon.RandomKeyGenerator$Validator.run(RandomKeyGenerator.java:1050)
	at java.lang.Thread.run(Thread.java:748)
Caused by: java.util.concurrent.ExecutionException: org.apache.ratis.thirdparty.io.grpc.StatusRuntimeException: DEADLINE_EXCEEDED: ClientCall started after deadline exceeded: -0.001653766s from now
	at java.util.concurrent.CompletableFuture.reportGet(CompletableFuture.java:357)
	at java.util.concurrent.CompletableFuture.get(CompletableFuture.java:1908)
	at org.apache.hadoop.hdds.scm.XceiverClientGrpc.sendCommandWithRetry(XceiverClientGrpc.java:336)
	... 12 more
Caused by: org.apache.ratis.thirdparty.io.grpc.StatusRuntimeException: DEADLINE_EXCEEDED: ClientCall started after deadline exceeded: -0.001653766s from now
	at org.apache.ratis.thirdparty.io.grpc.Status.asRuntimeException(Status.java:533)
	at org.apache.ratis.thirdparty.io.grpc.stub.ClientCalls$StreamObserverToCallListenerAdapter.onClose(ClientCalls.java:442)
	at org.apache.ratis.thirdparty.io.grpc.PartialForwardingClientCallListener.onClose(PartialForwardingClientCallListener.java:39)
	at org.apache.ratis.thirdparty.io.grpc.ForwardingClientCallListener.onClose(ForwardingClientCallListener.java:23)
	at org.apache.ratis.thirdparty.io.grpc.ForwardingClientCallListener$SimpleForwardingClientCallListener.onClose(ForwardingClientCallListener.java:40)
	at org.apache.ratis.thirdparty.io.grpc.internal.CensusStatsModule$StatsClientInterceptor$1$1.onClose(CensusStatsModule.java:700)
	at org.apache.ratis.thirdparty.io.grpc.PartialForwardingClientCallListener.onClose(PartialForwardingClientCallListener.java:39)
	at org.apache.ratis.thirdparty.io.grpc.ForwardingClientCallListener.onClose(ForwardingClientCallListener.java:23)
	at org.apache.ratis.thirdparty.io.grpc.ForwardingClientCallListener$SimpleForwardingClientCallListener.onClose(ForwardingClientCallListener.java:40)
	at org.apache.ratis.thirdparty.io.grpc.internal.CensusTracingModule$TracingClientInterceptor$1$1.onClose(CensusTracingModule.java:399)
	at org.apache.ratis.thirdparty.io.grpc.internal.ClientCallImpl.closeObserver(ClientCallImpl.java:510)
	at org.apache.ratis.thirdparty.io.grpc.internal.ClientCallImpl.access$300(ClientCallImpl.java:66)
	at org.apache.ratis.thirdparty.io.grpc.internal.ClientCallImpl$ClientStreamListenerImpl.close(ClientCallImpl.java:630)
	at org.apache.ratis.thirdparty.io.grpc.internal.ClientCallImpl$ClientStreamListenerImpl.access$700(ClientCallImpl.java:518)
	at org.apache.ratis.thirdparty.io.grpc.internal.ClientCallImpl$ClientStreamListenerImpl$1StreamClosed.runInternal(ClientCallImpl.java:692)
	at org.apache.ratis.thirdparty.io.grpc.internal.ClientCallImpl$ClientStreamListenerImpl$1StreamClosed.runInContext(ClientCallImpl.java:681)
	at org.apache.ratis.thirdparty.io.grpc.internal.ContextRunnable.run(ContextRunnable.java:37)
	at org.apache.ratis.thirdparty.io.grpc.internal.SerializingExecutor.run(SerializingExecutor.java:123)
	at java.util.concurrent.ThreadPoolExecutor.runWorker(ThreadPoolExecutor.java:1149)
	at java.util.concurrent.ThreadPoolExecutor$Worker.run(ThreadPoolExecutor.java:624)
	... 1 more
]]></system-out>
  </testcase>
  <testcase name="fileWithSizeZero" classname="org.apache.hadoop.ozone.freon.TestRandomKeyGenerator" time="5.5"/>
  <testcase name="multiThread" classname="org.apache.hadoop.ozone.freon.TestRandomKeyGenerator" time="5.032"/>
</testsuite>