<?xml version="1.0" encoding="UTF-8"?>
<testsuite xmlns:xsi="http://www.w3.org/2001/XMLSchema-instance" xsi:noNamespaceSchemaLocation="https://maven.apache.org/surefire/maven-surefire-plugin/xsd/surefire-test-report.xsd" name="org.apache.hadoop.hdds.scm.pipeline.TestPipelineClose" time="141.791" tests="4" errors="0" skipped="0" failures="1">
  <properties>
    <property name="awt.toolkit" value="sun.awt.X11.XToolkit"/>
    <property name="file.encoding.pkg" value="sun.io"/>
    <property name="java.specification.version" value="1.8"/>
    <property name="sun.cpu.isalist" value=""/>
    <property name="sun.jnu.encoding" value="UTF-8"/>
    <property name="java.class.path" value="/home/runner/work/ozone/ozone/hadoop-ozone/integration-test/target/test-classes:/home/runner/work/ozone/ozone/hadoop-ozone/integration-test/target/classes:/home/runner/.m2/repository/org/apache/ozone/ozone-common/1.2.0-SNAPSHOT/ozone-common-1.2.0-SNAPSHOT.jar:/home/runner/.m2/repository/org/apache/commons/commons-compress/1.20/commons-compress-1.20.jar:/home/runner/.m2/repository/org/apache/ozone/hdds-common/1.2.0-SNAPSHOT/hdds-common-1.2.0-SNAPSHOT.jar:/home/runner/.m2/repository/org/apache/ozone/hdds-client/1.2.0-SNAPSHOT/hdds-client-1.2.0-SNAPSHOT.jar:/home/runner/.m2/repository/org/apache/ozone/ozone-interface-client/1.2.0-SNAPSHOT/ozone-interface-client-1.2.0-SNAPSHOT.jar:/home/runner/.m2/repository/org/apache/ozone/hdds-server-framework/1.2.0-SNAPSHOT/hdds-server-framework-1.2.0-SNAPSHOT.jar:/home/runner/.m2/repository/org/apache/ozone/hdds-interface-server/1.2.0-SNAPSHOT/hdds-interface-server-1.2.0-SNAPSHOT.jar:/home/runner/.m2/repository/org/eclipse/jetty/jetty-servlet/9.4.43.v20210629/jetty-servlet-9.4.43.v20210629.jar:/home/runner/.m2/repository/org/eclipse/jetty/jetty-security/9.4.43.v20210629/jetty-security-9.4.43.v20210629.jar:/home/runner/.m2/repository/org/rocksdb/rocksdbjni/6.20.3/rocksdbjni-6.20.3.jar:/home/runner/.m2/repository/io/prometheus/simpleclient_dropwizard/0.7.0/simpleclient_dropwizard-0.7.0.jar:/home/runner/.m2/repository/io/prometheus/simpleclient/0.7.0/simpleclient-0.7.0.jar:/home/runner/.m2/repository/io/prometheus/simpleclient_common/0.7.0/simpleclient_common-0.7.0.jar:/home/runner/.m2/repository/com/fasterxml/jackson/datatype/jackson-datatype-jsr310/2.12.1/jackson-datatype-jsr310-2.12.1.jar:/home/runner/.m2/repository/org/apache/ozone/hdds-test-utils/1.2.0-SNAPSHOT/hdds-test-utils-1.2.0-SNAPSHOT.jar:/home/runner/.m2/repository/com/google/guava/guava/30.1.1-jre/guava-30.1.1-jre.jar:/home/runner/.m2/repository/com/google/guava/failureaccess/1.0.1/failureaccess-1.0.1.jar:/home/runner/.m2/repository/com/google/guava/listenablefuture/9999.0-empty-to-avoid-conflict-with-guava/listenablefuture-9999.0-empty-to-avoid-conflict-with-guava.jar:/home/runner/.m2/repository/com/google/code/findbugs/jsr305/3.0.0/jsr305-3.0.0.jar:/home/runner/.m2/repository/org/checkerframework/checker-qual/3.8.0/checker-qual-3.8.0.jar:/home/runner/.m2/repository/com/google/errorprone/error_prone_annotations/2.2.0/error_prone_annotations-2.2.0.jar:/home/runner/.m2/repository/com/google/j2objc/j2objc-annotations/1.3/j2objc-annotations-1.3.jar:/home/runner/.m2/repository/commons-io/commons-io/2.8.0/commons-io-2.8.0.jar:/home/runner/.m2/repository/commons-logging/commons-logging/1.2/commons-logging-1.2.jar:/home/runner/.m2/repository/log4j/log4j/1.2.17/log4j-1.2.17.jar:/home/runner/.m2/repository/org/slf4j/slf4j-api/1.7.30/slf4j-api-1.7.30.jar:/home/runner/.m2/repository/org/apache/ozone/hdds-server-scm/1.2.0-SNAPSHOT/hdds-server-scm-1.2.0-SNAPSHOT.jar:/home/runner/.m2/repository/org/apache/ozone/hdds-container-service/1.2.0-SNAPSHOT/hdds-container-service-1.2.0-SNAPSHOT.jar:/home/runner/.m2/repository/org/apache/ozone/hdds-hadoop-dependency-server/1.2.0-SNAPSHOT/hdds-hadoop-dependency-server-1.2.0-SNAPSHOT.jar:/home/runner/.m2/repository/org/apache/hadoop/hadoop-hdfs/3.3.1/hadoop-hdfs-3.3.1.jar:/home/runner/.m2/repository/io/dropwizard/metrics/metrics-core/3.2.4/metrics-core-3.2.4.jar:/home/runner/.m2/repository/org/apache/hadoop/hadoop-hdfs-client/3.3.1/hadoop-hdfs-client-3.3.1.jar:/home/runner/.m2/repository/org/bouncycastle/bcprov-jdk15on/1.67/bcprov-jdk15on-1.67.jar:/home/runner/.m2/repository/com/google/protobuf/protobuf-java/2.5.0/protobuf-java-2.5.0.jar:/home/runner/.m2/repository/org/apache/ozone/ozone-manager/1.2.0-SNAPSHOT/ozone-manager-1.2.0-SNAPSHOT.jar:/home/runner/.m2/repository/org/aspectj/aspectjrt/1.8.9/aspectjrt-1.8.9.jar:/home/runner/.m2/repository/org/aspectj/aspectjweaver/1.8.9/aspectjweaver-1.8.9.jar:/home/runner/.m2/repository/org/apache/ozone/hdds-interface-client/1.2.0-SNAPSHOT/hdds-interface-client-1.2.0-SNAPSHOT.jar:/home/runner/.m2/repository/org/apache/hadoop/thirdparty/hadoop-shaded-protobuf_3_7/1.1.1/hadoop-shaded-protobuf_3_7-1.1.1.jar:/home/runner/.m2/repository/org/apache/ratis/ratis-thirdparty-misc/0.7.0/ratis-thirdparty-misc-0.7.0.jar:/home/runner/.m2/repository/org/apache/ozone/ozone-interface-storage/1.2.0-SNAPSHOT/ozone-interface-storage-1.2.0-SNAPSHOT.jar:/home/runner/.m2/repository/org/reflections/reflections/0.9.11/reflections-0.9.11.jar:/home/runner/.m2/repository/org/apache/hadoop/hadoop-minikdc/3.3.1/hadoop-minikdc-3.3.1.jar:/home/runner/.m2/repository/org/apache/kerby/kerb-simplekdc/1.0.1/kerb-simplekdc-1.0.1.jar:/home/runner/.m2/repository/org/apache/kerby/kerb-client/1.0.1/kerb-client-1.0.1.jar:/home/runner/.m2/repository/org/apache/kerby/kerby-config/1.0.1/kerby-config-1.0.1.jar:/home/runner/.m2/repository/org/apache/kerby/kerb-common/1.0.1/kerb-common-1.0.1.jar:/home/runner/.m2/repository/org/apache/kerby/kerb-crypto/1.0.1/kerb-crypto-1.0.1.jar:/home/runner/.m2/repository/org/apache/kerby/kerb-util/1.0.1/kerb-util-1.0.1.jar:/home/runner/.m2/repository/org/apache/kerby/token-provider/1.0.1/token-provider-1.0.1.jar:/home/runner/.m2/repository/org/apache/kerby/kerb-admin/1.0.1/kerb-admin-1.0.1.jar:/home/runner/.m2/repository/org/apache/kerby/kerb-server/1.0.1/kerb-server-1.0.1.jar:/home/runner/.m2/repository/org/apache/kerby/kerb-identity/1.0.1/kerb-identity-1.0.1.jar:/home/runner/.m2/repository/org/apache/kerby/kerby-xdr/1.0.1/kerby-xdr-1.0.1.jar:/home/runner/.m2/repository/org/slf4j/slf4j-log4j12/1.7.30/slf4j-log4j12-1.7.30.jar:/home/runner/.m2/repository/org/apache/ozone/ozone-s3gateway/1.2.0-SNAPSHOT/ozone-s3gateway-1.2.0-SNAPSHOT.jar:/home/runner/.m2/repository/org/javassist/javassist/3.21.0-GA/javassist-3.21.0-GA.jar:/home/runner/.m2/repository/org/jboss/weld/servlet/weld-servlet/2.4.7.Final/weld-servlet-2.4.7.Final.jar:/home/runner/.m2/repository/org/glassfish/jersey/containers/jersey-container-servlet-core/2.33/jersey-container-servlet-core-2.33.jar:/home/runner/.m2/repository/org/glassfish/hk2/external/jakarta.inject/2.6.1/jakarta.inject-2.6.1.jar:/home/runner/.m2/repository/org/glassfish/jersey/core/jersey-common/2.33/jersey-common-2.33.jar:/home/runner/.m2/repository/jakarta/ws/rs/jakarta.ws.rs-api/2.1.6/jakarta.ws.rs-api-2.1.6.jar:/home/runner/.m2/repository/org/glassfish/jersey/ext/cdi/jersey-cdi1x/2.33/jersey-cdi1x-2.33.jar:/home/runner/.m2/repository/org/glassfish/jersey/inject/jersey-hk2/2.33/jersey-hk2-2.33.jar:/home/runner/.m2/repository/org/glassfish/hk2/hk2-locator/2.6.1/hk2-locator-2.6.1.jar:/home/runner/.m2/repository/org/glassfish/jersey/media/jersey-media-jaxb/2.33/jersey-media-jaxb-2.33.jar:/home/runner/.m2/repository/org/glassfish/hk2/osgi-resource-locator/1.0.3/osgi-resource-locator-1.0.3.jar:/home/runner/.m2/repository/org/glassfish/hk2/hk2-api/2.5.0/hk2-api-2.5.0.jar:/home/runner/.m2/repository/org/glassfish/hk2/hk2-utils/2.5.0/hk2-utils-2.5.0.jar:/home/runner/.m2/repository/org/glassfish/hk2/external/aopalliance-repackaged/2.5.0/aopalliance-repackaged-2.5.0.jar:/home/runner/.m2/repository/com/fasterxml/jackson/dataformat/jackson-dataformat-xml/2.12.1/jackson-dataformat-xml-2.12.1.jar:/home/runner/.m2/repository/com/fasterxml/jackson/core/jackson-core/2.12.1/jackson-core-2.12.1.jar:/home/runner/.m2/repository/com/fasterxml/jackson/module/jackson-module-jaxb-annotations/2.12.1/jackson-module-jaxb-annotations-2.12.1.jar:/home/runner/.m2/repository/jakarta/xml/bind/jakarta.xml.bind-api/2.3.2/jakarta.xml.bind-api-2.3.2.jar:/home/runner/.m2/repository/org/codehaus/woodstox/stax2-api/3.1.4/stax2-api-3.1.4.jar:/home/runner/.m2/repository/com/fasterxml/woodstox/woodstox-core/5.0.3/woodstox-core-5.0.3.jar:/home/runner/.m2/repository/javax/enterprise/cdi-api/1.2/cdi-api-1.2.jar:/home/runner/.m2/repository/javax/el/javax.el-api/3.0.0/javax.el-api-3.0.0.jar:/home/runner/.m2/repository/javax/interceptor/javax.interceptor-api/1.2/javax.interceptor-api-1.2.jar:/home/runner/.m2/repository/javax/inject/javax.inject/1/javax.inject-1.jar:/home/runner/.m2/repository/javax/xml/bind/jaxb-api/2.3.0/jaxb-api-2.3.0.jar:/home/runner/.m2/repository/org/glassfish/jaxb/jaxb-runtime/2.3.0.1/jaxb-runtime-2.3.0.1.jar:/home/runner/.m2/repository/org/glassfish/jaxb/jaxb-core/2.3.0.1/jaxb-core-2.3.0.1.jar:/home/runner/.m2/repository/org/glassfish/jaxb/txw2/2.3.0.1/txw2-2.3.0.1.jar:/home/runner/.m2/repository/com/sun/istack/istack-commons-runtime/3.0.5/istack-commons-runtime-3.0.5.jar:/home/runner/.m2/repository/org/jvnet/staxex/stax-ex/1.7.8/stax-ex-1.7.8.jar:/home/runner/.m2/repository/com/sun/xml/fastinfoset/FastInfoset/1.2.13/FastInfoset-1.2.13.jar:/home/runner/.m2/repository/javax/activation/activation/1.1.1/activation-1.1.1.jar:/home/runner/.m2/repository/org/apache/ozone/ozone-csi/1.2.0-SNAPSHOT/ozone-csi-1.2.0-SNAPSHOT.jar:/home/runner/.m2/repository/com/google/protobuf/protobuf-java-util/3.12.0/protobuf-java-util-3.12.0.jar:/home/runner/.m2/repository/com/google/code/gson/gson/2.2.4/gson-2.2.4.jar:/home/runner/.m2/repository/org/apache/ozone/hdds-config/1.2.0-SNAPSHOT/hdds-config-1.2.0-SNAPSHOT.jar:/home/runner/.m2/repository/io/grpc/grpc-netty/1.33.0/grpc-netty-1.33.0.jar:/home/runner/.m2/repository/io/grpc/grpc-core/1.33.0/grpc-core-1.33.0.jar:/home/runner/.m2/repository/com/google/android/annotations/4.1.1.4/annotations-4.1.1.4.jar:/home/runner/.m2/repository/io/netty/netty-codec-http2/4.1.63.Final/netty-codec-http2-4.1.63.Final.jar:/home/runner/.m2/repository/io/netty/netty-codec-http/4.1.63.Final/netty-codec-http-4.1.63.Final.jar:/home/runner/.m2/repository/io/netty/netty-handler-proxy/4.1.63.Final/netty-handler-proxy-4.1.63.Final.jar:/home/runner/.m2/repository/io/netty/netty-codec-socks/4.1.63.Final/netty-codec-socks-4.1.63.Final.jar:/home/runner/.m2/repository/io/perfmark/perfmark-api/0.19.0/perfmark-api-0.19.0.jar:/home/runner/.m2/repository/org/codehaus/mojo/animal-sniffer-annotations/1.18/animal-sniffer-annotations-1.18.jar:/home/runner/.m2/repository/io/netty/netty-transport-native-epoll/4.1.63.Final/netty-transport-native-epoll-4.1.63.Final.jar:/home/runner/.m2/repository/io/netty/netty-common/4.1.63.Final/netty-common-4.1.63.Final.jar:/home/runner/.m2/repository/io/netty/netty-buffer/4.1.63.Final/netty-buffer-4.1.63.Final.jar:/home/runner/.m2/repository/io/netty/netty-transport-native-unix-common/4.1.63.Final/netty-transport-native-unix-common-4.1.63.Final.jar:/home/runner/.m2/repository/io/grpc/grpc-protobuf/1.33.0/grpc-protobuf-1.33.0.jar:/home/runner/.m2/repository/io/grpc/grpc-api/1.33.0/grpc-api-1.33.0.jar:/home/runner/.m2/repository/io/grpc/grpc-context/1.33.0/grpc-context-1.33.0.jar:/home/runner/.m2/repository/com/google/api/grpc/proto-google-common-protos/1.17.0/proto-google-common-protos-1.17.0.jar:/home/runner/.m2/repository/io/grpc/grpc-protobuf-lite/1.33.0/grpc-protobuf-lite-1.33.0.jar:/home/runner/.m2/repository/io/grpc/grpc-stub/1.33.0/grpc-stub-1.33.0.jar:/home/runner/.m2/repository/org/apache/ozone/ozone-recon/1.2.0-SNAPSHOT/ozone-recon-1.2.0-SNAPSHOT.jar:/home/runner/.m2/repository/org/apache/ozone/ozone-reconcodegen/1.2.0-SNAPSHOT/ozone-reconcodegen-1.2.0-SNAPSHOT.jar:/home/runner/.m2/repository/com/google/inject/extensions/guice-multibindings/4.0/guice-multibindings-4.0.jar:/home/runner/.m2/repository/com/google/inject/guice/4.0/guice-4.0.jar:/home/runner/.m2/repository/aopalliance/aopalliance/1.0/aopalliance-1.0.jar:/home/runner/.m2/repository/com/google/inject/extensions/guice-assistedinject/4.0/guice-assistedinject-4.0.jar:/home/runner/.m2/repository/com/google/inject/extensions/guice-servlet/4.0/guice-servlet-4.0.jar:/home/runner/.m2/repository/org/glassfish/jersey/containers/jersey-container-servlet/2.33/jersey-container-servlet-2.33.jar:/home/runner/.m2/repository/org/glassfish/hk2/guice-bridge/2.5.0/guice-bridge-2.5.0.jar:/home/runner/.m2/repository/org/glassfish/jersey/core/jersey-server/2.33/jersey-server-2.33.jar:/home/runner/.m2/repository/org/glassfish/jersey/core/jersey-client/2.33/jersey-client-2.33.jar:/home/runner/.m2/repository/jakarta/annotation/jakarta.annotation-api/1.3.5/jakarta.annotation-api-1.3.5.jar:/home/runner/.m2/repository/jakarta/validation/jakarta.validation-api/2.0.2/jakarta.validation-api-2.0.2.jar:/home/runner/.m2/repository/org/glassfish/jersey/media/jersey-media-json-jackson/2.33/jersey-media-json-jackson-2.33.jar:/home/runner/.m2/repository/org/glassfish/jersey/ext/jersey-entity-filtering/2.33/jersey-entity-filtering-2.33.jar:/home/runner/.m2/repository/org/jooq/jooq/3.11.10/jooq-3.11.10.jar:/home/runner/.m2/repository/org/jooq/jooq-meta/3.11.10/jooq-meta-3.11.10.jar:/home/runner/.m2/repository/org/jooq/jooq-codegen/3.11.10/jooq-codegen-3.11.10.jar:/home/runner/.m2/repository/com/jolbox/bonecp/0.8.0.RELEASE/bonecp-0.8.0.RELEASE.jar:/home/runner/.m2/repository/org/apache/derby/derby/10.14.2.0/derby-10.14.2.0.jar:/home/runner/.m2/repository/org/xerial/sqlite-jdbc/3.25.2/sqlite-jdbc-3.25.2.jar:/home/runner/.m2/repository/org/springframework/spring-jdbc/5.2.11.RELEASE/spring-jdbc-5.2.11.RELEASE.jar:/home/runner/.m2/repository/org/springframework/spring-beans/5.2.11.RELEASE/spring-beans-5.2.11.RELEASE.jar:/home/runner/.m2/repository/org/springframework/spring-core/5.2.11.RELEASE/spring-core-5.2.11.RELEASE.jar:/home/runner/.m2/repository/org/springframework/spring-jcl/5.2.11.RELEASE/spring-jcl-5.2.11.RELEASE.jar:/home/runner/.m2/repository/org/springframework/spring-tx/5.2.11.RELEASE/spring-tx-5.2.11.RELEASE.jar:/home/runner/.m2/repository/org/apache/ozone/ozone-client/1.2.0-SNAPSHOT/ozone-client-1.2.0-SNAPSHOT.jar:/home/runner/.m2/repository/org/apache/ozone/ozone-filesystem/1.2.0-SNAPSHOT/ozone-filesystem-1.2.0-SNAPSHOT.jar:/home/runner/.m2/repository/org/apache/ozone/ozone-filesystem-common/1.2.0-SNAPSHOT/ozone-filesystem-common-1.2.0-SNAPSHOT.jar:/home/runner/.m2/repository/org/apache/ozone/ozone-tools/1.2.0-SNAPSHOT/ozone-tools-1.2.0-SNAPSHOT.jar:/home/runner/.m2/repository/org/apache/ratis/ratis-tools/2.1.0-03f3b68-SNAPSHOT/ratis-tools-2.1.0-03f3b68-SNAPSHOT.jar:/home/runner/.m2/repository/org/apache/ratis/ratis-proto/2.1.0-03f3b68-SNAPSHOT/ratis-proto-2.1.0-03f3b68-SNAPSHOT.jar:/home/runner/.m2/repository/org/apache/ratis/ratis-common/2.1.0-03f3b68-SNAPSHOT/ratis-common-2.1.0-03f3b68-SNAPSHOT.jar:/home/runner/.m2/repository/com/amazonaws/aws-java-sdk-core/1.11.901/aws-java-sdk-core-1.11.901.jar:/home/runner/.m2/repository/org/apache/httpcomponents/httpclient/4.5.13/httpclient-4.5.13.jar:/home/runner/.m2/repository/org/apache/httpcomponents/httpcore/4.4.13/httpcore-4.4.13.jar:/home/runner/.m2/repository/software/amazon/ion/ion-java/1.0.2/ion-java-1.0.2.jar:/home/runner/.m2/repository/com/fasterxml/jackson/dataformat/jackson-dataformat-cbor/2.12.1/jackson-dataformat-cbor-2.12.1.jar:/home/runner/.m2/repository/joda-time/joda-time/2.8.1/joda-time-2.8.1.jar:/home/runner/.m2/repository/com/amazonaws/aws-java-sdk-s3/1.11.901/aws-java-sdk-s3-1.11.901.jar:/home/runner/.m2/repository/com/amazonaws/aws-java-sdk-kms/1.11.901/aws-java-sdk-kms-1.11.901.jar:/home/runner/.m2/repository/com/amazonaws/jmespath-java/1.11.901/jmespath-java-1.11.901.jar:/home/runner/.m2/repository/org/kohsuke/metainf-services/metainf-services/1.8/metainf-services-1.8.jar:/home/runner/.m2/repository/org/apache/ozone/hdds-tools/1.2.0-SNAPSHOT/hdds-tools-1.2.0-SNAPSHOT.jar:/home/runner/.m2/repository/commons-cli/commons-cli/1.2/commons-cli-1.2.jar:/home/runner/.m2/repository/org/apache/commons/commons-lang3/3.7/commons-lang3-3.7.jar:/home/runner/.m2/repository/org/apache/ozone/ozone-manager/1.2.0-SNAPSHOT/ozone-manager-1.2.0-SNAPSHOT-tests.jar:/home/runner/.m2/repository/org/apache/ozone/hdds-common/1.2.0-SNAPSHOT/hdds-common-1.2.0-SNAPSHOT-tests.jar:/home/runner/.m2/repository/org/apache/ozone/hdds-hadoop-dependency-client/1.2.0-SNAPSHOT/hdds-hadoop-dependency-client-1.2.0-SNAPSHOT.jar:/home/runner/.m2/repository/info/picocli/picocli/4.4.0/picocli-4.4.0.jar:/home/runner/.m2/repository/com/fasterxml/jackson/core/jackson-annotations/2.12.1/jackson-annotations-2.12.1.jar:/home/runner/.m2/repository/javax/annotation/javax.annotation-api/1.2/javax.annotation-api-1.2.jar:/home/runner/.m2/repository/org/apache/ratis/ratis-server/2.1.0-03f3b68-SNAPSHOT/ratis-server-2.1.0-03f3b68-SNAPSHOT.jar:/home/runner/.m2/repository/org/apache/ratis/ratis-client/2.1.0-03f3b68-SNAPSHOT/ratis-client-2.1.0-03f3b68-SNAPSHOT.jar:/home/runner/.m2/repository/org/apache/ratis/ratis-server-api/2.1.0-03f3b68-SNAPSHOT/ratis-server-api-2.1.0-03f3b68-SNAPSHOT.jar:/home/runner/.m2/repository/org/apache/ratis/ratis-metrics/2.1.0-03f3b68-SNAPSHOT/ratis-metrics-2.1.0-03f3b68-SNAPSHOT.jar:/home/runner/.m2/repository/org/apache/ratis/ratis-netty/2.1.0-03f3b68-SNAPSHOT/ratis-netty-2.1.0-03f3b68-SNAPSHOT.jar:/home/runner/.m2/repository/org/apache/ratis/ratis-grpc/2.1.0-03f3b68-SNAPSHOT/ratis-grpc-2.1.0-03f3b68-SNAPSHOT.jar:/home/runner/.m2/repository/org/apache/logging/log4j/log4j-api/2.13.3/log4j-api-2.13.3.jar:/home/runner/.m2/repository/org/apache/logging/log4j/log4j-core/2.13.3/log4j-core-2.13.3.jar:/home/runner/.m2/repository/com/lmax/disruptor/3.4.2/disruptor-3.4.2.jar:/home/runner/.m2/repository/org/apache/commons/commons-pool2/2.6.0/commons-pool2-2.6.0.jar:/home/runner/.m2/repository/org/bouncycastle/bcpkix-jdk15on/1.67/bcpkix-jdk15on-1.67.jar:/home/runner/.m2/repository/commons-validator/commons-validator/1.6/commons-validator-1.6.jar:/home/runner/.m2/repository/commons-beanutils/commons-beanutils/1.9.4/commons-beanutils-1.9.4.jar:/home/runner/.m2/repository/commons-digester/commons-digester/1.8.1/commons-digester-1.8.1.jar:/home/runner/.m2/repository/commons-collections/commons-collections/3.2.2/commons-collections-3.2.2.jar:/home/runner/.m2/repository/io/jaegertracing/jaeger-client/1.6.0/jaeger-client-1.6.0.jar:/home/runner/.m2/repository/io/jaegertracing/jaeger-thrift/1.6.0/jaeger-thrift-1.6.0.jar:/home/runner/.m2/repository/org/apache/thrift/libthrift/0.14.1/libthrift-0.14.1.jar:/home/runner/.m2/repository/com/squareup/okhttp3/okhttp/4.9.0/okhttp-4.9.0.jar:/home/runner/.m2/repository/com/squareup/okio/okio/2.8.0/okio-2.8.0.jar:/home/runner/.m2/repository/io/jaegertracing/jaeger-core/1.6.0/jaeger-core-1.6.0.jar:/home/runner/.m2/repository/io/jaegertracing/jaeger-tracerresolver/1.6.0/jaeger-tracerresolver-1.6.0.jar:/home/runner/.m2/repository/io/opentracing/contrib/opentracing-tracerresolver/0.1.8/opentracing-tracerresolver-0.1.8.jar:/home/runner/.m2/repository/org/jetbrains/kotlin/kotlin-stdlib/1.4.31/kotlin-stdlib-1.4.31.jar:/home/runner/.m2/repository/org/jetbrains/kotlin/kotlin-stdlib-common/1.4.31/kotlin-stdlib-common-1.4.31.jar:/home/runner/.m2/repository/org/jetbrains/annotations/13.0/annotations-13.0.jar:/home/runner/.m2/repository/io/opentracing/opentracing-util/0.33.0/opentracing-util-0.33.0.jar:/home/runner/.m2/repository/io/opentracing/opentracing-api/0.33.0/opentracing-api-0.33.0.jar:/home/runner/.m2/repository/io/opentracing/opentracing-noop/0.33.0/opentracing-noop-0.33.0.jar:/home/runner/.m2/repository/org/yaml/snakeyaml/1.26/snakeyaml-1.26.jar:/home/runner/.m2/repository/org/apache/ozone/hdds-interface-admin/1.2.0-SNAPSHOT/hdds-interface-admin-1.2.0-SNAPSHOT.jar:/home/runner/.m2/repository/junit/junit/4.13.1/junit-4.13.1.jar:/home/runner/.m2/repository/org/hamcrest/hamcrest-core/1.3/hamcrest-core-1.3.jar:/home/runner/.m2/repository/org/junit/jupiter/junit-jupiter-api/5.7.0/junit-jupiter-api-5.7.0.jar:/home/runner/.m2/repository/org/apiguardian/apiguardian-api/1.1.0/apiguardian-api-1.1.0.jar:/home/runner/.m2/repository/org/opentest4j/opentest4j/1.2.0/opentest4j-1.2.0.jar:/home/runner/.m2/repository/org/junit/platform/junit-platform-commons/1.7.0/junit-platform-commons-1.7.0.jar:/home/runner/.m2/repository/org/junit/jupiter/junit-jupiter-engine/5.7.0/junit-jupiter-engine-5.7.0.jar:/home/runner/.m2/repository/org/junit/platform/junit-platform-engine/1.7.0/junit-platform-engine-1.7.0.jar:/home/runner/.m2/repository/org/junit/vintage/junit-vintage-engine/5.7.0/junit-vintage-engine-5.7.0.jar:/home/runner/.m2/repository/org/junit/platform/junit-platform-launcher/1.7.0/junit-platform-launcher-1.7.0.jar:/home/runner/.m2/repository/org/openjdk/jmh/jmh-core/1.19/jmh-core-1.19.jar:/home/runner/.m2/repository/net/sf/jopt-simple/jopt-simple/4.6/jopt-simple-4.6.jar:/home/runner/.m2/repository/org/apache/commons/commons-math3/3.1.1/commons-math3-3.1.1.jar:/home/runner/.m2/repository/org/openjdk/jmh/jmh-generator-annprocess/1.19/jmh-generator-annprocess-1.19.jar:/home/runner/.m2/repository/org/mockito/mockito-core/2.28.2/mockito-core-2.28.2.jar:/home/runner/.m2/repository/net/bytebuddy/byte-buddy/1.9.10/byte-buddy-1.9.10.jar:/home/runner/.m2/repository/net/bytebuddy/byte-buddy-agent/1.9.10/byte-buddy-agent-1.9.10.jar:/home/runner/.m2/repository/org/objenesis/objenesis/1.0/objenesis-1.0.jar:/home/runner/.m2/repository/org/apache/hadoop/hadoop-kms/3.3.1/hadoop-kms-3.3.1.jar:/home/runner/.m2/repository/org/apache/hadoop/hadoop-auth/3.3.1/hadoop-auth-3.3.1.jar:/home/runner/.m2/repository/com/nimbusds/nimbus-jose-jwt/7.9/nimbus-jose-jwt-7.9.jar:/home/runner/.m2/repository/com/github/stephenc/jcip/jcip-annotations/1.0-1/jcip-annotations-1.0-1.jar:/home/runner/.m2/repository/net/minidev/json-smart/2.3/json-smart-2.3.jar:/home/runner/.m2/repository/net/minidev/accessors-smart/1.2/accessors-smart-1.2.jar:/home/runner/.m2/repository/org/ow2/asm/asm/5.0.4/asm-5.0.4.jar:/home/runner/.m2/repository/org/apache/zookeeper/zookeeper/3.5.6/zookeeper-3.5.6.jar:/home/runner/.m2/repository/org/apache/zookeeper/zookeeper-jute/3.5.6/zookeeper-jute-3.5.6.jar:/home/runner/.m2/repository/org/apache/yetus/audience-annotations/0.5.0/audience-annotations-0.5.0.jar:/home/runner/.m2/repository/org/apache/curator/curator-framework/4.2.0/curator-framework-4.2.0.jar:/home/runner/.m2/repository/org/apache/hadoop/thirdparty/hadoop-shaded-guava/1.1.1/hadoop-shaded-guava-1.1.1.jar:/home/runner/.m2/repository/com/sun/jersey/jersey-core/1.19/jersey-core-1.19.jar:/home/runner/.m2/repository/javax/ws/rs/jsr311-api/1.1.1/jsr311-api-1.1.1.jar:/home/runner/.m2/repository/com/sun/jersey/jersey-server/1.19/jersey-server-1.19.jar:/home/runner/.m2/repository/javax/servlet/javax.servlet-api/3.1.0/javax.servlet-api-3.1.0.jar:/home/runner/.m2/repository/org/eclipse/jetty/jetty-server/9.4.43.v20210629/jetty-server-9.4.43.v20210629.jar:/home/runner/.m2/repository/org/eclipse/jetty/jetty-http/9.4.43.v20210629/jetty-http-9.4.43.v20210629.jar:/home/runner/.m2/repository/org/eclipse/jetty/jetty-io/9.4.43.v20210629/jetty-io-9.4.43.v20210629.jar:/home/runner/.m2/repository/org/eclipse/jetty/jetty-webapp/9.4.43.v20210629/jetty-webapp-9.4.43.v20210629.jar:/home/runner/.m2/repository/org/eclipse/jetty/jetty-xml/9.4.43.v20210629/jetty-xml-9.4.43.v20210629.jar:/home/runner/.m2/repository/org/apache/hadoop/hadoop-common/3.3.1/hadoop-common-3.3.1.jar:/home/runner/.m2/repository/commons-net/commons-net/3.6/commons-net-3.6.jar:/home/runner/.m2/repository/jakarta/activation/jakarta.activation-api/1.2.1/jakarta.activation-api-1.2.1.jar:/home/runner/.m2/repository/com/sun/jersey/jersey-servlet/1.19/jersey-servlet-1.19.jar:/home/runner/.m2/repository/com/sun/jersey/jersey-json/1.19/jersey-json-1.19.jar:/home/runner/.m2/repository/org/codehaus/jettison/jettison/1.1/jettison-1.1.jar:/home/runner/.m2/repository/com/sun/xml/bind/jaxb-impl/2.2.3-1/jaxb-impl-2.2.3-1.jar:/home/runner/.m2/repository/org/codehaus/jackson/jackson-jaxrs/1.9.2/jackson-jaxrs-1.9.2.jar:/home/runner/.m2/repository/org/codehaus/jackson/jackson-xc/1.9.2/jackson-xc-1.9.2.jar:/home/runner/.m2/repository/org/apache/commons/commons-configuration2/2.1.1/commons-configuration2-2.1.1.jar:/home/runner/.m2/repository/org/apache/commons/commons-text/1.4/commons-text-1.4.jar:/home/runner/.m2/repository/com/google/re2j/re2j/1.1/re2j-1.1.jar:/home/runner/.m2/repository/com/jcraft/jsch/0.1.54/jsch-0.1.54.jar:/home/runner/.m2/repository/org/apache/curator/curator-client/4.2.0/curator-client-4.2.0.jar:/home/runner/.m2/repository/org/apache/curator/curator-recipes/4.2.0/curator-recipes-4.2.0.jar:/home/runner/.m2/repository/org/apache/kerby/kerb-core/1.0.1/kerb-core-1.0.1.jar:/home/runner/.m2/repository/org/apache/kerby/kerby-pkix/1.0.1/kerby-pkix-1.0.1.jar:/home/runner/.m2/repository/org/apache/kerby/kerby-asn1/1.0.1/kerby-asn1-1.0.1.jar:/home/runner/.m2/repository/org/apache/kerby/kerby-util/1.0.1/kerby-util-1.0.1.jar:/home/runner/.m2/repository/dnsjava/dnsjava/2.1.7/dnsjava-2.1.7.jar:/home/runner/.m2/repository/org/xerial/snappy/snappy-java/1.1.8.2/snappy-java-1.1.8.2.jar:/home/runner/.m2/repository/org/slf4j/jul-to-slf4j/1.7.30/jul-to-slf4j-1.7.30.jar:/home/runner/.m2/repository/org/eclipse/jetty/jetty-util/9.4.43.v20210629/jetty-util-9.4.43.v20210629.jar:/home/runner/.m2/repository/com/fasterxml/jackson/core/jackson-databind/2.12.1/jackson-databind-2.12.1.jar:/home/runner/.m2/repository/org/apache/hadoop/hadoop-kms/3.3.1/hadoop-kms-3.3.1-tests.jar:/home/runner/.m2/repository/org/apache/ozone/hdds-server-scm/1.2.0-SNAPSHOT/hdds-server-scm-1.2.0-SNAPSHOT-tests.jar:/home/runner/.m2/repository/org/apache/ozone/hdds-container-service/1.2.0-SNAPSHOT/hdds-container-service-1.2.0-SNAPSHOT-tests.jar:/home/runner/.m2/repository/commons-codec/commons-codec/1.11/commons-codec-1.11.jar:/home/runner/.m2/repository/io/netty/netty-transport/4.1.63.Final/netty-transport-4.1.63.Final.jar:/home/runner/.m2/repository/io/netty/netty-resolver/4.1.63.Final/netty-resolver-4.1.63.Final.jar:/home/runner/.m2/repository/io/netty/netty-codec/4.1.63.Final/netty-codec-4.1.63.Final.jar:/home/runner/.m2/repository/io/netty/netty-handler/4.1.63.Final/netty-handler-4.1.63.Final.jar:/home/runner/.m2/repository/org/apache/ozone/hdds-hadoop-dependency-test/1.2.0-SNAPSHOT/hdds-hadoop-dependency-test-1.2.0-SNAPSHOT.jar:/home/runner/.m2/repository/org/apache/hadoop/hadoop-common/3.3.1/hadoop-common-3.3.1-tests.jar:/home/runner/.m2/repository/org/assertj/assertj-core/3.12.2/assertj-core-3.12.2.jar:/home/runner/.m2/repository/org/apache/hadoop/hadoop-hdfs/3.3.1/hadoop-hdfs-3.3.1-tests.jar:/home/runner/.m2/repository/org/eclipse/jetty/jetty-util-ajax/9.4.43.v20210629/jetty-util-ajax-9.4.43.v20210629.jar:/home/runner/.m2/repository/commons-daemon/commons-daemon/1.0.13/commons-daemon-1.0.13.jar:/home/runner/.m2/repository/io/netty/netty/3.10.6.Final/netty-3.10.6.Final.jar:/home/runner/.m2/repository/io/netty/netty-all/4.1.63.Final/netty-all-4.1.63.Final.jar:/home/runner/.m2/repository/org/apache/htrace/htrace-core4/4.1.0-incubating/htrace-core4-4.1.0-incubating.jar:/home/runner/.m2/repository/org/fusesource/leveldbjni/leveldbjni-all/1.8/leveldbjni-all-1.8.jar:/home/runner/.m2/repository/org/apache/hadoop/hadoop-distcp/3.3.1/hadoop-distcp-3.3.1.jar:/home/runner/.m2/repository/org/apache/hadoop/hadoop-mapreduce-client-jobclient/3.3.1/hadoop-mapreduce-client-jobclient-3.3.1.jar:/home/runner/.m2/repository/org/apache/hadoop/hadoop-mapreduce-client-common/3.3.1/hadoop-mapreduce-client-common-3.3.1.jar:/home/runner/.m2/repository/org/apache/hadoop/hadoop-yarn-common/3.3.1/hadoop-yarn-common-3.3.1.jar:/home/runner/.m2/repository/org/apache/hadoop/hadoop-yarn-api/3.3.1/hadoop-yarn-api-3.3.1.jar:/home/runner/.m2/repository/com/sun/jersey/jersey-client/1.19/jersey-client-1.19.jar:/home/runner/.m2/repository/com/sun/jersey/contribs/jersey-guice/1.19/jersey-guice-1.19.jar:/home/runner/.m2/repository/com/fasterxml/jackson/jaxrs/jackson-jaxrs-json-provider/2.12.1/jackson-jaxrs-json-provider-2.12.1.jar:/home/runner/.m2/repository/com/fasterxml/jackson/jaxrs/jackson-jaxrs-base/2.12.1/jackson-jaxrs-base-2.12.1.jar:/home/runner/.m2/repository/org/apache/hadoop/hadoop-yarn-client/3.3.1/hadoop-yarn-client-3.3.1.jar:/home/runner/.m2/repository/org/eclipse/jetty/websocket/websocket-client/9.4.40.v20210413/websocket-client-9.4.40.v20210413.jar:/home/runner/.m2/repository/org/eclipse/jetty/jetty-client/9.4.40.v20210413/jetty-client-9.4.40.v20210413.jar:/home/runner/.m2/repository/org/eclipse/jetty/websocket/websocket-common/9.4.40.v20210413/websocket-common-9.4.40.v20210413.jar:/home/runner/.m2/repository/org/eclipse/jetty/websocket/websocket-api/9.4.40.v20210413/websocket-api-9.4.40.v20210413.jar:/home/runner/.m2/repository/org/jline/jline/3.9.0/jline-3.9.0.jar:/home/runner/.m2/repository/org/apache/hadoop/hadoop-mapreduce-client-core/3.3.1/hadoop-mapreduce-client-core-3.3.1.jar:/home/runner/.m2/repository/org/apache/avro/avro/1.7.7/avro-1.7.7.jar:/home/runner/.m2/repository/org/codehaus/jackson/jackson-core-asl/1.9.13/jackson-core-asl-1.9.13.jar:/home/runner/.m2/repository/org/codehaus/jackson/jackson-mapper-asl/1.9.13/jackson-mapper-asl-1.9.13.jar:/home/runner/.m2/repository/com/thoughtworks/paranamer/paranamer/2.3/paranamer-2.3.jar:/home/runner/.m2/repository/org/apache/hadoop/hadoop-annotations/3.3.1/hadoop-annotations-3.3.1.jar:/usr/lib/jvm/adoptopenjdk-8-hotspot-amd64/jre/../lib/tools.jar:/home/runner/.m2/repository/org/apache/hadoop/hadoop-distcp/3.3.1/hadoop-distcp-3.3.1-tests.jar:"/>
    <property name="java.vm.vendor" value="AdoptOpenJDK"/>
    <property name="sun.arch.data.model" value="64"/>
    <property name="test.build.dir" value="/home/runner/work/ozone/ozone/hadoop-ozone/integration-test/target/test-dir"/>
    <property name="test.cache.data" value=""/>
    <property name="java.vendor.url" value="https://adoptopenjdk.net/"/>
    <property name="user.timezone" value=""/>
    <property name="java.vm.specification.version" value="1.8"/>
    <property name="os.name" value="Linux"/>
    <property name="test.build.data" value="/home/runner/work/ozone/ozone/hadoop-ozone/integration-test/target/test-dir"/>
    <property name="sun.java.launcher" value="SUN_STANDARD"/>
    <property name="sun.boot.library.path" value="/usr/lib/jvm/adoptopenjdk-8-hotspot-amd64/jre/lib/amd64"/>
    <property name="sun.java.command" value="/home/runner/work/ozone/ozone/hadoop-ozone/integration-test/target/surefire/surefirebooter3240806516961090562.jar /home/runner/work/ozone/ozone/hadoop-ozone/integration-test/target/surefire 2021-08-12T04-34-11_773-jvmRun1 surefire6725487259140494299tmp surefire_14144058676283597298tmp"/>
    <property name="surefire.test.class.path" value="/home/runner/work/ozone/ozone/hadoop-ozone/integration-test/target/test-classes:/home/runner/work/ozone/ozone/hadoop-ozone/integration-test/target/classes:/home/runner/.m2/repository/org/apache/ozone/ozone-common/1.2.0-SNAPSHOT/ozone-common-1.2.0-SNAPSHOT.jar:/home/runner/.m2/repository/org/apache/commons/commons-compress/1.20/commons-compress-1.20.jar:/home/runner/.m2/repository/org/apache/ozone/hdds-common/1.2.0-SNAPSHOT/hdds-common-1.2.0-SNAPSHOT.jar:/home/runner/.m2/repository/org/apache/ozone/hdds-client/1.2.0-SNAPSHOT/hdds-client-1.2.0-SNAPSHOT.jar:/home/runner/.m2/repository/org/apache/ozone/ozone-interface-client/1.2.0-SNAPSHOT/ozone-interface-client-1.2.0-SNAPSHOT.jar:/home/runner/.m2/repository/org/apache/ozone/hdds-server-framework/1.2.0-SNAPSHOT/hdds-server-framework-1.2.0-SNAPSHOT.jar:/home/runner/.m2/repository/org/apache/ozone/hdds-interface-server/1.2.0-SNAPSHOT/hdds-interface-server-1.2.0-SNAPSHOT.jar:/home/runner/.m2/repository/org/eclipse/jetty/jetty-servlet/9.4.43.v20210629/jetty-servlet-9.4.43.v20210629.jar:/home/runner/.m2/repository/org/eclipse/jetty/jetty-security/9.4.43.v20210629/jetty-security-9.4.43.v20210629.jar:/home/runner/.m2/repository/org/rocksdb/rocksdbjni/6.20.3/rocksdbjni-6.20.3.jar:/home/runner/.m2/repository/io/prometheus/simpleclient_dropwizard/0.7.0/simpleclient_dropwizard-0.7.0.jar:/home/runner/.m2/repository/io/prometheus/simpleclient/0.7.0/simpleclient-0.7.0.jar:/home/runner/.m2/repository/io/prometheus/simpleclient_common/0.7.0/simpleclient_common-0.7.0.jar:/home/runner/.m2/repository/com/fasterxml/jackson/datatype/jackson-datatype-jsr310/2.12.1/jackson-datatype-jsr310-2.12.1.jar:/home/runner/.m2/repository/org/apache/ozone/hdds-test-utils/1.2.0-SNAPSHOT/hdds-test-utils-1.2.0-SNAPSHOT.jar:/home/runner/.m2/repository/com/google/guava/guava/30.1.1-jre/guava-30.1.1-jre.jar:/home/runner/.m2/repository/com/google/guava/failureaccess/1.0.1/failureaccess-1.0.1.jar:/home/runner/.m2/repository/com/google/guava/listenablefuture/9999.0-empty-to-avoid-conflict-with-guava/listenablefuture-9999.0-empty-to-avoid-conflict-with-guava.jar:/home/runner/.m2/repository/com/google/code/findbugs/jsr305/3.0.0/jsr305-3.0.0.jar:/home/runner/.m2/repository/org/checkerframework/checker-qual/3.8.0/checker-qual-3.8.0.jar:/home/runner/.m2/repository/com/google/errorprone/error_prone_annotations/2.2.0/error_prone_annotations-2.2.0.jar:/home/runner/.m2/repository/com/google/j2objc/j2objc-annotations/1.3/j2objc-annotations-1.3.jar:/home/runner/.m2/repository/commons-io/commons-io/2.8.0/commons-io-2.8.0.jar:/home/runner/.m2/repository/commons-logging/commons-logging/1.2/commons-logging-1.2.jar:/home/runner/.m2/repository/log4j/log4j/1.2.17/log4j-1.2.17.jar:/home/runner/.m2/repository/org/slf4j/slf4j-api/1.7.30/slf4j-api-1.7.30.jar:/home/runner/.m2/repository/org/apache/ozone/hdds-server-scm/1.2.0-SNAPSHOT/hdds-server-scm-1.2.0-SNAPSHOT.jar:/home/runner/.m2/repository/org/apache/ozone/hdds-container-service/1.2.0-SNAPSHOT/hdds-container-service-1.2.0-SNAPSHOT.jar:/home/runner/.m2/repository/org/apache/ozone/hdds-hadoop-dependency-server/1.2.0-SNAPSHOT/hdds-hadoop-dependency-server-1.2.0-SNAPSHOT.jar:/home/runner/.m2/repository/org/apache/hadoop/hadoop-hdfs/3.3.1/hadoop-hdfs-3.3.1.jar:/home/runner/.m2/repository/io/dropwizard/metrics/metrics-core/3.2.4/metrics-core-3.2.4.jar:/home/runner/.m2/repository/org/apache/hadoop/hadoop-hdfs-client/3.3.1/hadoop-hdfs-client-3.3.1.jar:/home/runner/.m2/repository/org/bouncycastle/bcprov-jdk15on/1.67/bcprov-jdk15on-1.67.jar:/home/runner/.m2/repository/com/google/protobuf/protobuf-java/2.5.0/protobuf-java-2.5.0.jar:/home/runner/.m2/repository/org/apache/ozone/ozone-manager/1.2.0-SNAPSHOT/ozone-manager-1.2.0-SNAPSHOT.jar:/home/runner/.m2/repository/org/aspectj/aspectjrt/1.8.9/aspectjrt-1.8.9.jar:/home/runner/.m2/repository/org/aspectj/aspectjweaver/1.8.9/aspectjweaver-1.8.9.jar:/home/runner/.m2/repository/org/apache/ozone/hdds-interface-client/1.2.0-SNAPSHOT/hdds-interface-client-1.2.0-SNAPSHOT.jar:/home/runner/.m2/repository/org/apache/hadoop/thirdparty/hadoop-shaded-protobuf_3_7/1.1.1/hadoop-shaded-protobuf_3_7-1.1.1.jar:/home/runner/.m2/repository/org/apache/ratis/ratis-thirdparty-misc/0.7.0/ratis-thirdparty-misc-0.7.0.jar:/home/runner/.m2/repository/org/apache/ozone/ozone-interface-storage/1.2.0-SNAPSHOT/ozone-interface-storage-1.2.0-SNAPSHOT.jar:/home/runner/.m2/repository/org/reflections/reflections/0.9.11/reflections-0.9.11.jar:/home/runner/.m2/repository/org/apache/hadoop/hadoop-minikdc/3.3.1/hadoop-minikdc-3.3.1.jar:/home/runner/.m2/repository/org/apache/kerby/kerb-simplekdc/1.0.1/kerb-simplekdc-1.0.1.jar:/home/runner/.m2/repository/org/apache/kerby/kerb-client/1.0.1/kerb-client-1.0.1.jar:/home/runner/.m2/repository/org/apache/kerby/kerby-config/1.0.1/kerby-config-1.0.1.jar:/home/runner/.m2/repository/org/apache/kerby/kerb-common/1.0.1/kerb-common-1.0.1.jar:/home/runner/.m2/repository/org/apache/kerby/kerb-crypto/1.0.1/kerb-crypto-1.0.1.jar:/home/runner/.m2/repository/org/apache/kerby/kerb-util/1.0.1/kerb-util-1.0.1.jar:/home/runner/.m2/repository/org/apache/kerby/token-provider/1.0.1/token-provider-1.0.1.jar:/home/runner/.m2/repository/org/apache/kerby/kerb-admin/1.0.1/kerb-admin-1.0.1.jar:/home/runner/.m2/repository/org/apache/kerby/kerb-server/1.0.1/kerb-server-1.0.1.jar:/home/runner/.m2/repository/org/apache/kerby/kerb-identity/1.0.1/kerb-identity-1.0.1.jar:/home/runner/.m2/repository/org/apache/kerby/kerby-xdr/1.0.1/kerby-xdr-1.0.1.jar:/home/runner/.m2/repository/org/slf4j/slf4j-log4j12/1.7.30/slf4j-log4j12-1.7.30.jar:/home/runner/.m2/repository/org/apache/ozone/ozone-s3gateway/1.2.0-SNAPSHOT/ozone-s3gateway-1.2.0-SNAPSHOT.jar:/home/runner/.m2/repository/org/javassist/javassist/3.21.0-GA/javassist-3.21.0-GA.jar:/home/runner/.m2/repository/org/jboss/weld/servlet/weld-servlet/2.4.7.Final/weld-servlet-2.4.7.Final.jar:/home/runner/.m2/repository/org/glassfish/jersey/containers/jersey-container-servlet-core/2.33/jersey-container-servlet-core-2.33.jar:/home/runner/.m2/repository/org/glassfish/hk2/external/jakarta.inject/2.6.1/jakarta.inject-2.6.1.jar:/home/runner/.m2/repository/org/glassfish/jersey/core/jersey-common/2.33/jersey-common-2.33.jar:/home/runner/.m2/repository/jakarta/ws/rs/jakarta.ws.rs-api/2.1.6/jakarta.ws.rs-api-2.1.6.jar:/home/runner/.m2/repository/org/glassfish/jersey/ext/cdi/jersey-cdi1x/2.33/jersey-cdi1x-2.33.jar:/home/runner/.m2/repository/org/glassfish/jersey/inject/jersey-hk2/2.33/jersey-hk2-2.33.jar:/home/runner/.m2/repository/org/glassfish/hk2/hk2-locator/2.6.1/hk2-locator-2.6.1.jar:/home/runner/.m2/repository/org/glassfish/jersey/media/jersey-media-jaxb/2.33/jersey-media-jaxb-2.33.jar:/home/runner/.m2/repository/org/glassfish/hk2/osgi-resource-locator/1.0.3/osgi-resource-locator-1.0.3.jar:/home/runner/.m2/repository/org/glassfish/hk2/hk2-api/2.5.0/hk2-api-2.5.0.jar:/home/runner/.m2/repository/org/glassfish/hk2/hk2-utils/2.5.0/hk2-utils-2.5.0.jar:/home/runner/.m2/repository/org/glassfish/hk2/external/aopalliance-repackaged/2.5.0/aopalliance-repackaged-2.5.0.jar:/home/runner/.m2/repository/com/fasterxml/jackson/dataformat/jackson-dataformat-xml/2.12.1/jackson-dataformat-xml-2.12.1.jar:/home/runner/.m2/repository/com/fasterxml/jackson/core/jackson-core/2.12.1/jackson-core-2.12.1.jar:/home/runner/.m2/repository/com/fasterxml/jackson/module/jackson-module-jaxb-annotations/2.12.1/jackson-module-jaxb-annotations-2.12.1.jar:/home/runner/.m2/repository/jakarta/xml/bind/jakarta.xml.bind-api/2.3.2/jakarta.xml.bind-api-2.3.2.jar:/home/runner/.m2/repository/org/codehaus/woodstox/stax2-api/3.1.4/stax2-api-3.1.4.jar:/home/runner/.m2/repository/com/fasterxml/woodstox/woodstox-core/5.0.3/woodstox-core-5.0.3.jar:/home/runner/.m2/repository/javax/enterprise/cdi-api/1.2/cdi-api-1.2.jar:/home/runner/.m2/repository/javax/el/javax.el-api/3.0.0/javax.el-api-3.0.0.jar:/home/runner/.m2/repository/javax/interceptor/javax.interceptor-api/1.2/javax.interceptor-api-1.2.jar:/home/runner/.m2/repository/javax/inject/javax.inject/1/javax.inject-1.jar:/home/runner/.m2/repository/javax/xml/bind/jaxb-api/2.3.0/jaxb-api-2.3.0.jar:/home/runner/.m2/repository/org/glassfish/jaxb/jaxb-runtime/2.3.0.1/jaxb-runtime-2.3.0.1.jar:/home/runner/.m2/repository/org/glassfish/jaxb/jaxb-core/2.3.0.1/jaxb-core-2.3.0.1.jar:/home/runner/.m2/repository/org/glassfish/jaxb/txw2/2.3.0.1/txw2-2.3.0.1.jar:/home/runner/.m2/repository/com/sun/istack/istack-commons-runtime/3.0.5/istack-commons-runtime-3.0.5.jar:/home/runner/.m2/repository/org/jvnet/staxex/stax-ex/1.7.8/stax-ex-1.7.8.jar:/home/runner/.m2/repository/com/sun/xml/fastinfoset/FastInfoset/1.2.13/FastInfoset-1.2.13.jar:/home/runner/.m2/repository/javax/activation/activation/1.1.1/activation-1.1.1.jar:/home/runner/.m2/repository/org/apache/ozone/ozone-csi/1.2.0-SNAPSHOT/ozone-csi-1.2.0-SNAPSHOT.jar:/home/runner/.m2/repository/com/google/protobuf/protobuf-java-util/3.12.0/protobuf-java-util-3.12.0.jar:/home/runner/.m2/repository/com/google/code/gson/gson/2.2.4/gson-2.2.4.jar:/home/runner/.m2/repository/org/apache/ozone/hdds-config/1.2.0-SNAPSHOT/hdds-config-1.2.0-SNAPSHOT.jar:/home/runner/.m2/repository/io/grpc/grpc-netty/1.33.0/grpc-netty-1.33.0.jar:/home/runner/.m2/repository/io/grpc/grpc-core/1.33.0/grpc-core-1.33.0.jar:/home/runner/.m2/repository/com/google/android/annotations/4.1.1.4/annotations-4.1.1.4.jar:/home/runner/.m2/repository/io/netty/netty-codec-http2/4.1.63.Final/netty-codec-http2-4.1.63.Final.jar:/home/runner/.m2/repository/io/netty/netty-codec-http/4.1.63.Final/netty-codec-http-4.1.63.Final.jar:/home/runner/.m2/repository/io/netty/netty-handler-proxy/4.1.63.Final/netty-handler-proxy-4.1.63.Final.jar:/home/runner/.m2/repository/io/netty/netty-codec-socks/4.1.63.Final/netty-codec-socks-4.1.63.Final.jar:/home/runner/.m2/repository/io/perfmark/perfmark-api/0.19.0/perfmark-api-0.19.0.jar:/home/runner/.m2/repository/org/codehaus/mojo/animal-sniffer-annotations/1.18/animal-sniffer-annotations-1.18.jar:/home/runner/.m2/repository/io/netty/netty-transport-native-epoll/4.1.63.Final/netty-transport-native-epoll-4.1.63.Final.jar:/home/runner/.m2/repository/io/netty/netty-common/4.1.63.Final/netty-common-4.1.63.Final.jar:/home/runner/.m2/repository/io/netty/netty-buffer/4.1.63.Final/netty-buffer-4.1.63.Final.jar:/home/runner/.m2/repository/io/netty/netty-transport-native-unix-common/4.1.63.Final/netty-transport-native-unix-common-4.1.63.Final.jar:/home/runner/.m2/repository/io/grpc/grpc-protobuf/1.33.0/grpc-protobuf-1.33.0.jar:/home/runner/.m2/repository/io/grpc/grpc-api/1.33.0/grpc-api-1.33.0.jar:/home/runner/.m2/repository/io/grpc/grpc-context/1.33.0/grpc-context-1.33.0.jar:/home/runner/.m2/repository/com/google/api/grpc/proto-google-common-protos/1.17.0/proto-google-common-protos-1.17.0.jar:/home/runner/.m2/repository/io/grpc/grpc-protobuf-lite/1.33.0/grpc-protobuf-lite-1.33.0.jar:/home/runner/.m2/repository/io/grpc/grpc-stub/1.33.0/grpc-stub-1.33.0.jar:/home/runner/.m2/repository/org/apache/ozone/ozone-recon/1.2.0-SNAPSHOT/ozone-recon-1.2.0-SNAPSHOT.jar:/home/runner/.m2/repository/org/apache/ozone/ozone-reconcodegen/1.2.0-SNAPSHOT/ozone-reconcodegen-1.2.0-SNAPSHOT.jar:/home/runner/.m2/repository/com/google/inject/extensions/guice-multibindings/4.0/guice-multibindings-4.0.jar:/home/runner/.m2/repository/com/google/inject/guice/4.0/guice-4.0.jar:/home/runner/.m2/repository/aopalliance/aopalliance/1.0/aopalliance-1.0.jar:/home/runner/.m2/repository/com/google/inject/extensions/guice-assistedinject/4.0/guice-assistedinject-4.0.jar:/home/runner/.m2/repository/com/google/inject/extensions/guice-servlet/4.0/guice-servlet-4.0.jar:/home/runner/.m2/repository/org/glassfish/jersey/containers/jersey-container-servlet/2.33/jersey-container-servlet-2.33.jar:/home/runner/.m2/repository/org/glassfish/hk2/guice-bridge/2.5.0/guice-bridge-2.5.0.jar:/home/runner/.m2/repository/org/glassfish/jersey/core/jersey-server/2.33/jersey-server-2.33.jar:/home/runner/.m2/repository/org/glassfish/jersey/core/jersey-client/2.33/jersey-client-2.33.jar:/home/runner/.m2/repository/jakarta/annotation/jakarta.annotation-api/1.3.5/jakarta.annotation-api-1.3.5.jar:/home/runner/.m2/repository/jakarta/validation/jakarta.validation-api/2.0.2/jakarta.validation-api-2.0.2.jar:/home/runner/.m2/repository/org/glassfish/jersey/media/jersey-media-json-jackson/2.33/jersey-media-json-jackson-2.33.jar:/home/runner/.m2/repository/org/glassfish/jersey/ext/jersey-entity-filtering/2.33/jersey-entity-filtering-2.33.jar:/home/runner/.m2/repository/org/jooq/jooq/3.11.10/jooq-3.11.10.jar:/home/runner/.m2/repository/org/jooq/jooq-meta/3.11.10/jooq-meta-3.11.10.jar:/home/runner/.m2/repository/org/jooq/jooq-codegen/3.11.10/jooq-codegen-3.11.10.jar:/home/runner/.m2/repository/com/jolbox/bonecp/0.8.0.RELEASE/bonecp-0.8.0.RELEASE.jar:/home/runner/.m2/repository/org/apache/derby/derby/10.14.2.0/derby-10.14.2.0.jar:/home/runner/.m2/repository/org/xerial/sqlite-jdbc/3.25.2/sqlite-jdbc-3.25.2.jar:/home/runner/.m2/repository/org/springframework/spring-jdbc/5.2.11.RELEASE/spring-jdbc-5.2.11.RELEASE.jar:/home/runner/.m2/repository/org/springframework/spring-beans/5.2.11.RELEASE/spring-beans-5.2.11.RELEASE.jar:/home/runner/.m2/repository/org/springframework/spring-core/5.2.11.RELEASE/spring-core-5.2.11.RELEASE.jar:/home/runner/.m2/repository/org/springframework/spring-jcl/5.2.11.RELEASE/spring-jcl-5.2.11.RELEASE.jar:/home/runner/.m2/repository/org/springframework/spring-tx/5.2.11.RELEASE/spring-tx-5.2.11.RELEASE.jar:/home/runner/.m2/repository/org/apache/ozone/ozone-client/1.2.0-SNAPSHOT/ozone-client-1.2.0-SNAPSHOT.jar:/home/runner/.m2/repository/org/apache/ozone/ozone-filesystem/1.2.0-SNAPSHOT/ozone-filesystem-1.2.0-SNAPSHOT.jar:/home/runner/.m2/repository/org/apache/ozone/ozone-filesystem-common/1.2.0-SNAPSHOT/ozone-filesystem-common-1.2.0-SNAPSHOT.jar:/home/runner/.m2/repository/org/apache/ozone/ozone-tools/1.2.0-SNAPSHOT/ozone-tools-1.2.0-SNAPSHOT.jar:/home/runner/.m2/repository/org/apache/ratis/ratis-tools/2.1.0-03f3b68-SNAPSHOT/ratis-tools-2.1.0-03f3b68-SNAPSHOT.jar:/home/runner/.m2/repository/org/apache/ratis/ratis-proto/2.1.0-03f3b68-SNAPSHOT/ratis-proto-2.1.0-03f3b68-SNAPSHOT.jar:/home/runner/.m2/repository/org/apache/ratis/ratis-common/2.1.0-03f3b68-SNAPSHOT/ratis-common-2.1.0-03f3b68-SNAPSHOT.jar:/home/runner/.m2/repository/com/amazonaws/aws-java-sdk-core/1.11.901/aws-java-sdk-core-1.11.901.jar:/home/runner/.m2/repository/org/apache/httpcomponents/httpclient/4.5.13/httpclient-4.5.13.jar:/home/runner/.m2/repository/org/apache/httpcomponents/httpcore/4.4.13/httpcore-4.4.13.jar:/home/runner/.m2/repository/software/amazon/ion/ion-java/1.0.2/ion-java-1.0.2.jar:/home/runner/.m2/repository/com/fasterxml/jackson/dataformat/jackson-dataformat-cbor/2.12.1/jackson-dataformat-cbor-2.12.1.jar:/home/runner/.m2/repository/joda-time/joda-time/2.8.1/joda-time-2.8.1.jar:/home/runner/.m2/repository/com/amazonaws/aws-java-sdk-s3/1.11.901/aws-java-sdk-s3-1.11.901.jar:/home/runner/.m2/repository/com/amazonaws/aws-java-sdk-kms/1.11.901/aws-java-sdk-kms-1.11.901.jar:/home/runner/.m2/repository/com/amazonaws/jmespath-java/1.11.901/jmespath-java-1.11.901.jar:/home/runner/.m2/repository/org/kohsuke/metainf-services/metainf-services/1.8/metainf-services-1.8.jar:/home/runner/.m2/repository/org/apache/ozone/hdds-tools/1.2.0-SNAPSHOT/hdds-tools-1.2.0-SNAPSHOT.jar:/home/runner/.m2/repository/commons-cli/commons-cli/1.2/commons-cli-1.2.jar:/home/runner/.m2/repository/org/apache/commons/commons-lang3/3.7/commons-lang3-3.7.jar:/home/runner/.m2/repository/org/apache/ozone/ozone-manager/1.2.0-SNAPSHOT/ozone-manager-1.2.0-SNAPSHOT-tests.jar:/home/runner/.m2/repository/org/apache/ozone/hdds-common/1.2.0-SNAPSHOT/hdds-common-1.2.0-SNAPSHOT-tests.jar:/home/runner/.m2/repository/org/apache/ozone/hdds-hadoop-dependency-client/1.2.0-SNAPSHOT/hdds-hadoop-dependency-client-1.2.0-SNAPSHOT.jar:/home/runner/.m2/repository/info/picocli/picocli/4.4.0/picocli-4.4.0.jar:/home/runner/.m2/repository/com/fasterxml/jackson/core/jackson-annotations/2.12.1/jackson-annotations-2.12.1.jar:/home/runner/.m2/repository/javax/annotation/javax.annotation-api/1.2/javax.annotation-api-1.2.jar:/home/runner/.m2/repository/org/apache/ratis/ratis-server/2.1.0-03f3b68-SNAPSHOT/ratis-server-2.1.0-03f3b68-SNAPSHOT.jar:/home/runner/.m2/repository/org/apache/ratis/ratis-client/2.1.0-03f3b68-SNAPSHOT/ratis-client-2.1.0-03f3b68-SNAPSHOT.jar:/home/runner/.m2/repository/org/apache/ratis/ratis-server-api/2.1.0-03f3b68-SNAPSHOT/ratis-server-api-2.1.0-03f3b68-SNAPSHOT.jar:/home/runner/.m2/repository/org/apache/ratis/ratis-metrics/2.1.0-03f3b68-SNAPSHOT/ratis-metrics-2.1.0-03f3b68-SNAPSHOT.jar:/home/runner/.m2/repository/org/apache/ratis/ratis-netty/2.1.0-03f3b68-SNAPSHOT/ratis-netty-2.1.0-03f3b68-SNAPSHOT.jar:/home/runner/.m2/repository/org/apache/ratis/ratis-grpc/2.1.0-03f3b68-SNAPSHOT/ratis-grpc-2.1.0-03f3b68-SNAPSHOT.jar:/home/runner/.m2/repository/org/apache/logging/log4j/log4j-api/2.13.3/log4j-api-2.13.3.jar:/home/runner/.m2/repository/org/apache/logging/log4j/log4j-core/2.13.3/log4j-core-2.13.3.jar:/home/runner/.m2/repository/com/lmax/disruptor/3.4.2/disruptor-3.4.2.jar:/home/runner/.m2/repository/org/apache/commons/commons-pool2/2.6.0/commons-pool2-2.6.0.jar:/home/runner/.m2/repository/org/bouncycastle/bcpkix-jdk15on/1.67/bcpkix-jdk15on-1.67.jar:/home/runner/.m2/repository/commons-validator/commons-validator/1.6/commons-validator-1.6.jar:/home/runner/.m2/repository/commons-beanutils/commons-beanutils/1.9.4/commons-beanutils-1.9.4.jar:/home/runner/.m2/repository/commons-digester/commons-digester/1.8.1/commons-digester-1.8.1.jar:/home/runner/.m2/repository/commons-collections/commons-collections/3.2.2/commons-collections-3.2.2.jar:/home/runner/.m2/repository/io/jaegertracing/jaeger-client/1.6.0/jaeger-client-1.6.0.jar:/home/runner/.m2/repository/io/jaegertracing/jaeger-thrift/1.6.0/jaeger-thrift-1.6.0.jar:/home/runner/.m2/repository/org/apache/thrift/libthrift/0.14.1/libthrift-0.14.1.jar:/home/runner/.m2/repository/com/squareup/okhttp3/okhttp/4.9.0/okhttp-4.9.0.jar:/home/runner/.m2/repository/com/squareup/okio/okio/2.8.0/okio-2.8.0.jar:/home/runner/.m2/repository/io/jaegertracing/jaeger-core/1.6.0/jaeger-core-1.6.0.jar:/home/runner/.m2/repository/io/jaegertracing/jaeger-tracerresolver/1.6.0/jaeger-tracerresolver-1.6.0.jar:/home/runner/.m2/repository/io/opentracing/contrib/opentracing-tracerresolver/0.1.8/opentracing-tracerresolver-0.1.8.jar:/home/runner/.m2/repository/org/jetbrains/kotlin/kotlin-stdlib/1.4.31/kotlin-stdlib-1.4.31.jar:/home/runner/.m2/repository/org/jetbrains/kotlin/kotlin-stdlib-common/1.4.31/kotlin-stdlib-common-1.4.31.jar:/home/runner/.m2/repository/org/jetbrains/annotations/13.0/annotations-13.0.jar:/home/runner/.m2/repository/io/opentracing/opentracing-util/0.33.0/opentracing-util-0.33.0.jar:/home/runner/.m2/repository/io/opentracing/opentracing-api/0.33.0/opentracing-api-0.33.0.jar:/home/runner/.m2/repository/io/opentracing/opentracing-noop/0.33.0/opentracing-noop-0.33.0.jar:/home/runner/.m2/repository/org/yaml/snakeyaml/1.26/snakeyaml-1.26.jar:/home/runner/.m2/repository/org/apache/ozone/hdds-interface-admin/1.2.0-SNAPSHOT/hdds-interface-admin-1.2.0-SNAPSHOT.jar:/home/runner/.m2/repository/junit/junit/4.13.1/junit-4.13.1.jar:/home/runner/.m2/repository/org/hamcrest/hamcrest-core/1.3/hamcrest-core-1.3.jar:/home/runner/.m2/repository/org/junit/jupiter/junit-jupiter-api/5.7.0/junit-jupiter-api-5.7.0.jar:/home/runner/.m2/repository/org/apiguardian/apiguardian-api/1.1.0/apiguardian-api-1.1.0.jar:/home/runner/.m2/repository/org/opentest4j/opentest4j/1.2.0/opentest4j-1.2.0.jar:/home/runner/.m2/repository/org/junit/platform/junit-platform-commons/1.7.0/junit-platform-commons-1.7.0.jar:/home/runner/.m2/repository/org/junit/jupiter/junit-jupiter-engine/5.7.0/junit-jupiter-engine-5.7.0.jar:/home/runner/.m2/repository/org/junit/platform/junit-platform-engine/1.7.0/junit-platform-engine-1.7.0.jar:/home/runner/.m2/repository/org/junit/vintage/junit-vintage-engine/5.7.0/junit-vintage-engine-5.7.0.jar:/home/runner/.m2/repository/org/junit/platform/junit-platform-launcher/1.7.0/junit-platform-launcher-1.7.0.jar:/home/runner/.m2/repository/org/openjdk/jmh/jmh-core/1.19/jmh-core-1.19.jar:/home/runner/.m2/repository/net/sf/jopt-simple/jopt-simple/4.6/jopt-simple-4.6.jar:/home/runner/.m2/repository/org/apache/commons/commons-math3/3.1.1/commons-math3-3.1.1.jar:/home/runner/.m2/repository/org/openjdk/jmh/jmh-generator-annprocess/1.19/jmh-generator-annprocess-1.19.jar:/home/runner/.m2/repository/org/mockito/mockito-core/2.28.2/mockito-core-2.28.2.jar:/home/runner/.m2/repository/net/bytebuddy/byte-buddy/1.9.10/byte-buddy-1.9.10.jar:/home/runner/.m2/repository/net/bytebuddy/byte-buddy-agent/1.9.10/byte-buddy-agent-1.9.10.jar:/home/runner/.m2/repository/org/objenesis/objenesis/1.0/objenesis-1.0.jar:/home/runner/.m2/repository/org/apache/hadoop/hadoop-kms/3.3.1/hadoop-kms-3.3.1.jar:/home/runner/.m2/repository/org/apache/hadoop/hadoop-auth/3.3.1/hadoop-auth-3.3.1.jar:/home/runner/.m2/repository/com/nimbusds/nimbus-jose-jwt/7.9/nimbus-jose-jwt-7.9.jar:/home/runner/.m2/repository/com/github/stephenc/jcip/jcip-annotations/1.0-1/jcip-annotations-1.0-1.jar:/home/runner/.m2/repository/net/minidev/json-smart/2.3/json-smart-2.3.jar:/home/runner/.m2/repository/net/minidev/accessors-smart/1.2/accessors-smart-1.2.jar:/home/runner/.m2/repository/org/ow2/asm/asm/5.0.4/asm-5.0.4.jar:/home/runner/.m2/repository/org/apache/zookeeper/zookeeper/3.5.6/zookeeper-3.5.6.jar:/home/runner/.m2/repository/org/apache/zookeeper/zookeeper-jute/3.5.6/zookeeper-jute-3.5.6.jar:/home/runner/.m2/repository/org/apache/yetus/audience-annotations/0.5.0/audience-annotations-0.5.0.jar:/home/runner/.m2/repository/org/apache/curator/curator-framework/4.2.0/curator-framework-4.2.0.jar:/home/runner/.m2/repository/org/apache/hadoop/thirdparty/hadoop-shaded-guava/1.1.1/hadoop-shaded-guava-1.1.1.jar:/home/runner/.m2/repository/com/sun/jersey/jersey-core/1.19/jersey-core-1.19.jar:/home/runner/.m2/repository/javax/ws/rs/jsr311-api/1.1.1/jsr311-api-1.1.1.jar:/home/runner/.m2/repository/com/sun/jersey/jersey-server/1.19/jersey-server-1.19.jar:/home/runner/.m2/repository/javax/servlet/javax.servlet-api/3.1.0/javax.servlet-api-3.1.0.jar:/home/runner/.m2/repository/org/eclipse/jetty/jetty-server/9.4.43.v20210629/jetty-server-9.4.43.v20210629.jar:/home/runner/.m2/repository/org/eclipse/jetty/jetty-http/9.4.43.v20210629/jetty-http-9.4.43.v20210629.jar:/home/runner/.m2/repository/org/eclipse/jetty/jetty-io/9.4.43.v20210629/jetty-io-9.4.43.v20210629.jar:/home/runner/.m2/repository/org/eclipse/jetty/jetty-webapp/9.4.43.v20210629/jetty-webapp-9.4.43.v20210629.jar:/home/runner/.m2/repository/org/eclipse/jetty/jetty-xml/9.4.43.v20210629/jetty-xml-9.4.43.v20210629.jar:/home/runner/.m2/repository/org/apache/hadoop/hadoop-common/3.3.1/hadoop-common-3.3.1.jar:/home/runner/.m2/repository/commons-net/commons-net/3.6/commons-net-3.6.jar:/home/runner/.m2/repository/jakarta/activation/jakarta.activation-api/1.2.1/jakarta.activation-api-1.2.1.jar:/home/runner/.m2/repository/com/sun/jersey/jersey-servlet/1.19/jersey-servlet-1.19.jar:/home/runner/.m2/repository/com/sun/jersey/jersey-json/1.19/jersey-json-1.19.jar:/home/runner/.m2/repository/org/codehaus/jettison/jettison/1.1/jettison-1.1.jar:/home/runner/.m2/repository/com/sun/xml/bind/jaxb-impl/2.2.3-1/jaxb-impl-2.2.3-1.jar:/home/runner/.m2/repository/org/codehaus/jackson/jackson-jaxrs/1.9.2/jackson-jaxrs-1.9.2.jar:/home/runner/.m2/repository/org/codehaus/jackson/jackson-xc/1.9.2/jackson-xc-1.9.2.jar:/home/runner/.m2/repository/org/apache/commons/commons-configuration2/2.1.1/commons-configuration2-2.1.1.jar:/home/runner/.m2/repository/org/apache/commons/commons-text/1.4/commons-text-1.4.jar:/home/runner/.m2/repository/com/google/re2j/re2j/1.1/re2j-1.1.jar:/home/runner/.m2/repository/com/jcraft/jsch/0.1.54/jsch-0.1.54.jar:/home/runner/.m2/repository/org/apache/curator/curator-client/4.2.0/curator-client-4.2.0.jar:/home/runner/.m2/repository/org/apache/curator/curator-recipes/4.2.0/curator-recipes-4.2.0.jar:/home/runner/.m2/repository/org/apache/kerby/kerb-core/1.0.1/kerb-core-1.0.1.jar:/home/runner/.m2/repository/org/apache/kerby/kerby-pkix/1.0.1/kerby-pkix-1.0.1.jar:/home/runner/.m2/repository/org/apache/kerby/kerby-asn1/1.0.1/kerby-asn1-1.0.1.jar:/home/runner/.m2/repository/org/apache/kerby/kerby-util/1.0.1/kerby-util-1.0.1.jar:/home/runner/.m2/repository/dnsjava/dnsjava/2.1.7/dnsjava-2.1.7.jar:/home/runner/.m2/repository/org/xerial/snappy/snappy-java/1.1.8.2/snappy-java-1.1.8.2.jar:/home/runner/.m2/repository/org/slf4j/jul-to-slf4j/1.7.30/jul-to-slf4j-1.7.30.jar:/home/runner/.m2/repository/org/eclipse/jetty/jetty-util/9.4.43.v20210629/jetty-util-9.4.43.v20210629.jar:/home/runner/.m2/repository/com/fasterxml/jackson/core/jackson-databind/2.12.1/jackson-databind-2.12.1.jar:/home/runner/.m2/repository/org/apache/hadoop/hadoop-kms/3.3.1/hadoop-kms-3.3.1-tests.jar:/home/runner/.m2/repository/org/apache/ozone/hdds-server-scm/1.2.0-SNAPSHOT/hdds-server-scm-1.2.0-SNAPSHOT-tests.jar:/home/runner/.m2/repository/org/apache/ozone/hdds-container-service/1.2.0-SNAPSHOT/hdds-container-service-1.2.0-SNAPSHOT-tests.jar:/home/runner/.m2/repository/commons-codec/commons-codec/1.11/commons-codec-1.11.jar:/home/runner/.m2/repository/io/netty/netty-transport/4.1.63.Final/netty-transport-4.1.63.Final.jar:/home/runner/.m2/repository/io/netty/netty-resolver/4.1.63.Final/netty-resolver-4.1.63.Final.jar:/home/runner/.m2/repository/io/netty/netty-codec/4.1.63.Final/netty-codec-4.1.63.Final.jar:/home/runner/.m2/repository/io/netty/netty-handler/4.1.63.Final/netty-handler-4.1.63.Final.jar:/home/runner/.m2/repository/org/apache/ozone/hdds-hadoop-dependency-test/1.2.0-SNAPSHOT/hdds-hadoop-dependency-test-1.2.0-SNAPSHOT.jar:/home/runner/.m2/repository/org/apache/hadoop/hadoop-common/3.3.1/hadoop-common-3.3.1-tests.jar:/home/runner/.m2/repository/org/assertj/assertj-core/3.12.2/assertj-core-3.12.2.jar:/home/runner/.m2/repository/org/apache/hadoop/hadoop-hdfs/3.3.1/hadoop-hdfs-3.3.1-tests.jar:/home/runner/.m2/repository/org/eclipse/jetty/jetty-util-ajax/9.4.43.v20210629/jetty-util-ajax-9.4.43.v20210629.jar:/home/runner/.m2/repository/commons-daemon/commons-daemon/1.0.13/commons-daemon-1.0.13.jar:/home/runner/.m2/repository/io/netty/netty/3.10.6.Final/netty-3.10.6.Final.jar:/home/runner/.m2/repository/io/netty/netty-all/4.1.63.Final/netty-all-4.1.63.Final.jar:/home/runner/.m2/repository/org/apache/htrace/htrace-core4/4.1.0-incubating/htrace-core4-4.1.0-incubating.jar:/home/runner/.m2/repository/org/fusesource/leveldbjni/leveldbjni-all/1.8/leveldbjni-all-1.8.jar:/home/runner/.m2/repository/org/apache/hadoop/hadoop-distcp/3.3.1/hadoop-distcp-3.3.1.jar:/home/runner/.m2/repository/org/apache/hadoop/hadoop-mapreduce-client-jobclient/3.3.1/hadoop-mapreduce-client-jobclient-3.3.1.jar:/home/runner/.m2/repository/org/apache/hadoop/hadoop-mapreduce-client-common/3.3.1/hadoop-mapreduce-client-common-3.3.1.jar:/home/runner/.m2/repository/org/apache/hadoop/hadoop-yarn-common/3.3.1/hadoop-yarn-common-3.3.1.jar:/home/runner/.m2/repository/org/apache/hadoop/hadoop-yarn-api/3.3.1/hadoop-yarn-api-3.3.1.jar:/home/runner/.m2/repository/com/sun/jersey/jersey-client/1.19/jersey-client-1.19.jar:/home/runner/.m2/repository/com/sun/jersey/contribs/jersey-guice/1.19/jersey-guice-1.19.jar:/home/runner/.m2/repository/com/fasterxml/jackson/jaxrs/jackson-jaxrs-json-provider/2.12.1/jackson-jaxrs-json-provider-2.12.1.jar:/home/runner/.m2/repository/com/fasterxml/jackson/jaxrs/jackson-jaxrs-base/2.12.1/jackson-jaxrs-base-2.12.1.jar:/home/runner/.m2/repository/org/apache/hadoop/hadoop-yarn-client/3.3.1/hadoop-yarn-client-3.3.1.jar:/home/runner/.m2/repository/org/eclipse/jetty/websocket/websocket-client/9.4.40.v20210413/websocket-client-9.4.40.v20210413.jar:/home/runner/.m2/repository/org/eclipse/jetty/jetty-client/9.4.40.v20210413/jetty-client-9.4.40.v20210413.jar:/home/runner/.m2/repository/org/eclipse/jetty/websocket/websocket-common/9.4.40.v20210413/websocket-common-9.4.40.v20210413.jar:/home/runner/.m2/repository/org/eclipse/jetty/websocket/websocket-api/9.4.40.v20210413/websocket-api-9.4.40.v20210413.jar:/home/runner/.m2/repository/org/jline/jline/3.9.0/jline-3.9.0.jar:/home/runner/.m2/repository/org/apache/hadoop/hadoop-mapreduce-client-core/3.3.1/hadoop-mapreduce-client-core-3.3.1.jar:/home/runner/.m2/repository/org/apache/avro/avro/1.7.7/avro-1.7.7.jar:/home/runner/.m2/repository/org/codehaus/jackson/jackson-core-asl/1.9.13/jackson-core-asl-1.9.13.jar:/home/runner/.m2/repository/org/codehaus/jackson/jackson-mapper-asl/1.9.13/jackson-mapper-asl-1.9.13.jar:/home/runner/.m2/repository/com/thoughtworks/paranamer/paranamer/2.3/paranamer-2.3.jar:/home/runner/.m2/repository/org/apache/hadoop/hadoop-annotations/3.3.1/hadoop-annotations-3.3.1.jar:/usr/lib/jvm/adoptopenjdk-8-hotspot-amd64/jre/../lib/tools.jar:/home/runner/.m2/repository/org/apache/hadoop/hadoop-distcp/3.3.1/hadoop-distcp-3.3.1-tests.jar:"/>
    <property name="sun.cpu.endian" value="little"/>
    <property name="user.home" value="/home/runner"/>
    <property name="user.language" value="en"/>
    <property name="java.specification.vendor" value="Oracle Corporation"/>
    <property name="java.home" value="/usr/lib/jvm/adoptopenjdk-8-hotspot-amd64/jre"/>
    <property name="java.security.krb5.conf" value="/home/runner/work/ozone/ozone/hadoop-ozone/integration-test/target/test-classes/krb5.conf"/>
    <property name="basedir" value="/home/runner/work/ozone/ozone/hadoop-ozone/integration-test"/>
    <property name="file.separator" value="/"/>
    <property name="line.separator" value="&#10;"/>
    <property name="java.vm.specification.vendor" value="Oracle Corporation"/>
    <property name="java.specification.name" value="Java Platform API Specification"/>
    <property name="java.awt.graphicsenv" value="sun.awt.X11GraphicsEnvironment"/>
    <property name="skip.installnpx" value="true"/>
    <property name="surefire.real.class.path" value="/home/runner/work/ozone/ozone/hadoop-ozone/integration-test/target/surefire/surefirebooter3240806516961090562.jar:/home/runner/.m2/repository/org/jacoco/org.jacoco.agent/0.8.5/org.jacoco.agent-0.8.5-runtime.jar"/>
    <property name="hadoop.log.dir" value="/home/runner/work/ozone/ozone/hadoop-ozone/integration-test/target/log"/>
    <property name="sun.boot.class.path" value="/usr/lib/jvm/adoptopenjdk-8-hotspot-amd64/jre/lib/resources.jar:/usr/lib/jvm/adoptopenjdk-8-hotspot-amd64/jre/lib/rt.jar:/usr/lib/jvm/adoptopenjdk-8-hotspot-amd64/jre/lib/sunrsasign.jar:/usr/lib/jvm/adoptopenjdk-8-hotspot-amd64/jre/lib/jsse.jar:/usr/lib/jvm/adoptopenjdk-8-hotspot-amd64/jre/lib/jce.jar:/usr/lib/jvm/adoptopenjdk-8-hotspot-amd64/jre/lib/charsets.jar:/usr/lib/jvm/adoptopenjdk-8-hotspot-amd64/jre/lib/jfr.jar:/usr/lib/jvm/adoptopenjdk-8-hotspot-amd64/jre/classes"/>
    <property name="sun.management.compiler" value="HotSpot 64-Bit Tiered Compilers"/>
    <property name="skip.npx" value="true"/>
    <property name="java.runtime.version" value="1.8.0_292-b10"/>
    <property name="java.net.preferIPv4Stack" value="true"/>
    <property name="user.name" value="runner"/>
    <property name="path.separator" value=":"/>
    <property name="java.security.egd" value="file:///dev/urandom"/>
    <property name="os.version" value="5.4.0-1055-azure"/>
    <property name="java.endorsed.dirs" value="/usr/lib/jvm/adoptopenjdk-8-hotspot-amd64/jre/lib/endorsed"/>
    <property name="java.runtime.name" value="OpenJDK Runtime Environment"/>
    <property name="file.encoding" value="UTF-8"/>
    <property name="java.vm.name" value="OpenJDK 64-Bit Server VM"/>
    <property name="test.build.webapps" value=""/>
    <property name="localRepository" value="/home/runner/.m2/repository"/>
    <property name="java.vendor.url.bug" value="https://github.com/AdoptOpenJDK/openjdk-support/issues"/>
    <property name="java.io.tmpdir" value="/tmp"/>
    <property name="require.test.libhadoop" value=""/>
    <property name="java.version" value="1.8.0_292"/>
    <property name="user.dir" value="/home/runner/work/ozone/ozone/hadoop-ozone/integration-test"/>
    <property name="os.arch" value="amd64"/>
    <property name="java.vm.specification.name" value="Java Virtual Machine Specification"/>
    <property name="test.build.classes" value="/home/runner/work/ozone/ozone/hadoop-ozone/integration-test/target/test-classes"/>
    <property name="java.awt.printerjob" value="sun.print.PSPrinterJob"/>
    <property name="sun.os.patch.level" value="unknown"/>
    <property name="hadoop.tmp.dir" value="/home/runner/work/ozone/ozone/hadoop-ozone/integration-test/target/tmp"/>
    <property name="java.library.path" value="/usr/java/packages/lib/amd64:/usr/lib64:/lib64:/lib:/usr/lib"/>
    <property name="java.vm.info" value="mixed mode"/>
    <property name="java.vendor" value="AdoptOpenJDK"/>
    <property name="java.vm.version" value="25.292-b10"/>
    <property name="java.ext.dirs" value="/usr/lib/jvm/adoptopenjdk-8-hotspot-amd64/jre/lib/ext:/usr/java/packages/lib/ext"/>
    <property name="sun.io.unicode.encoding" value="UnicodeLittle"/>
    <property name="java.class.version" value="52.0"/>
  </properties>
  <testcase name="testPipelineCloseWithPipelineAction" classname="org.apache.hadoop.hdds.scm.pipeline.TestPipelineClose" time="40.834"/>
  <testcase name="testPipelineCloseWithOpenContainer" classname="org.apache.hadoop.hdds.scm.pipeline.TestPipelineClose" time="30.927"/>
  <testcase name="testPipelineCloseWithClosedContainer" classname="org.apache.hadoop.hdds.scm.pipeline.TestPipelineClose" time="31.26"/>
  <testcase name="testPipelineCloseWithLogFailure" classname="org.apache.hadoop.hdds.scm.pipeline.TestPipelineClose" time="38.733">
    <failure message="&#10;Wanted but not invoked:&#10;pipelineActionHandler.onMessage(&#10;    &lt;Capturing argument&gt;,&#10;    &lt;any org.apache.hadoop.hdds.server.events.EventPublisher&gt;&#10;);&#10;-&gt; at org.apache.hadoop.hdds.scm.pipeline.PipelineActionHandler.onMessage(PipelineActionHandler.java:64)&#10;Actually, there were zero interactions with this mock.&#10;" type="Wanted but not invoked"><![CDATA[Wanted but not invoked:
pipelineActionHandler.onMessage(
    <Capturing argument>,
    <any org.apache.hadoop.hdds.server.events.EventPublisher>
);
-> at org.apache.hadoop.hdds.scm.pipeline.PipelineActionHandler.onMessage(PipelineActionHandler.java:64)
Actually, there were zero interactions with this mock.

	at org.apache.hadoop.hdds.scm.pipeline.PipelineActionHandler.onMessage(PipelineActionHandler.java:64)
	at org.apache.hadoop.hdds.scm.pipeline.TestPipelineClose.testPipelineCloseWithLogFailure(TestPipelineClose.java:246)
	at sun.reflect.NativeMethodAccessorImpl.invoke0(Native Method)
	at sun.reflect.NativeMethodAccessorImpl.invoke(NativeMethodAccessorImpl.java:62)
	at sun.reflect.DelegatingMethodAccessorImpl.invoke(DelegatingMethodAccessorImpl.java:43)
	at java.lang.reflect.Method.invoke(Method.java:498)
	at org.junit.runners.model.FrameworkMethod$1.runReflectiveCall(FrameworkMethod.java:59)
	at org.junit.internal.runners.model.ReflectiveCallable.run(ReflectiveCallable.java:12)
	at org.junit.runners.model.FrameworkMethod.invokeExplosively(FrameworkMethod.java:56)
	at org.junit.internal.runners.statements.InvokeMethod.evaluate(InvokeMethod.java:17)
	at org.junit.internal.runners.statements.RunBefores.evaluate(RunBefores.java:26)
	at org.junit.internal.runners.statements.RunAfters.evaluate(RunAfters.java:27)
	at org.junit.internal.runners.statements.FailOnTimeout$CallableStatement.call(FailOnTimeout.java:288)
	at org.junit.internal.runners.statements.FailOnTimeout$CallableStatement.call(FailOnTimeout.java:282)
	at java.util.concurrent.FutureTask.run(FutureTask.java:266)
	at java.lang.Thread.run(Thread.java:748)
]]></failure>
    <system-out><![CDATA[2021-08-12 04:56:04,637 [Time-limited test] WARN  server.ServerUtils (ServerUtils.java:getScmDbDir(148)) - ozone.scm.db.dirs is not configured. We recommend adding this setting. Falling back to ozone.metadata.dirs instead.
2021-08-12 04:56:04,647 [Time-limited test] INFO  ha.SCMHANodeDetails (SCMHANodeDetails.java:loadSCMHAConfig(157)) - ServiceID for StorageContainerManager is null
2021-08-12 04:56:04,647 [Time-limited test] INFO  ha.SCMHANodeDetails (SCMHANodeDetails.java:loadSCMHAConfig(162)) - ozone.scm.default.service.id is not defined, falling back to ozone.scm.service.ids to find serviceID for StorageContainerManager if it is HA enabled cluster
2021-08-12 04:56:04,648 [Time-limited test] WARN  server.ServerUtils (ServerUtils.java:getScmDbDir(148)) - ozone.scm.db.dirs is not configured. We recommend adding this setting. Falling back to ozone.metadata.dirs instead.
2021-08-12 04:56:04,648 [Time-limited test] INFO  upgrade.AbstractLayoutVersionManager (AbstractLayoutVersionManager.java:init(70)) - Initializing Layout version manager with metadata layout = SCM_HA (version = 2), software layout = SCM_HA (version = 2)
2021-08-12 04:56:04,724 [Time-limited test] INFO  reflections.Reflections (Reflections.java:scan(232)) - Reflections took 74 ms to scan 7 urls, producing 120 keys and 275 values 
2021-08-12 04:56:04,728 [Time-limited test] WARN  utils.HAUtils (HAUtils.java:getMetaDir(342)) - ozone.scm.db.dirs is not configured. We recommend adding this setting. Falling back to ozone.metadata.dirs instead.
2021-08-12 04:56:04,729 [Time-limited test] WARN  db.DBStoreBuilder (DBStoreBuilder.java:applyDBDefinition(145)) - ozone.scm.db.dirs is not configured. We recommend adding this setting. Falling back to ozone.metadata.dirs instead.
2021-08-12 04:56:04,907 [Time-limited test] INFO  net.NodeSchemaLoader (NodeSchemaLoader.java:loadSchemaFromFile(129)) - Loading schema from [jar:file:/home/runner/.m2/repository/org/apache/ozone/hdds-common/1.2.0-SNAPSHOT/hdds-common-1.2.0-SNAPSHOT.jar!/network-topology-default.xml]
2021-08-12 04:56:04,907 [Time-limited test] INFO  net.NodeSchemaLoader (NodeSchemaLoader.java:loadSchema(176)) - Loading network topology layer schema file
2021-08-12 04:56:04,914 [Time-limited test] INFO  ha.SequenceIdGenerator (SequenceIdGenerator.java:upgradeToSequenceId(327)) - upgrade localId to 107544261427200000
2021-08-12 04:56:04,914 [Time-limited test] INFO  ha.SequenceIdGenerator (SequenceIdGenerator.java:upgradeToSequenceId(337)) - upgrade delTxnId to 0
2021-08-12 04:56:04,914 [Time-limited test] INFO  ha.SequenceIdGenerator (SequenceIdGenerator.java:upgradeToSequenceId(351)) - upgrade containerId to 0
2021-08-12 04:56:04,914 [Time-limited test] INFO  ha.SequenceIdGenerator (SequenceIdGenerator.java:<init>(217)) - Init the HA SequenceIdGenerator.
2021-08-12 04:56:04,914 [Time-limited test] WARN  server.ServerUtils (ServerUtils.java:sanitizeUserArgs(73)) - ozone.scm.stale.node.interval value = 300000 is larger than max = 100000 based on the key value of ozone.scm.heartbeat.thread.interval, reset to the max value 100000.
2021-08-12 04:56:04,916 [Time-limited test] WARN  server.ServerUtils (ServerUtils.java:sanitizeUserArgs(73)) - ozone.scm.stale.node.interval value = 300000 is larger than max = 100000 based on the key value of ozone.scm.heartbeat.thread.interval, reset to the max value 100000.
2021-08-12 04:56:04,920 [Time-limited test] INFO  node.SCMNodeManager (SCMNodeManager.java:<init>(145)) - Entering startup safe mode.
2021-08-12 04:56:04,921 [Time-limited test] INFO  algorithms.ContainerPlacementPolicyFactory (ContainerPlacementPolicyFactory.java:getPolicy(60)) - Create container placement policy of type org.apache.hadoop.hdds.scm.container.placement.algorithms.SCMContainerPlacementRandom
2021-08-12 04:56:04,921 [Time-limited test] INFO  pipeline.PipelineStateManager (PipelineStateManagerV2Impl.java:initialize(78)) - No pipeline exists in current db
2021-08-12 04:56:04,921 [Time-limited test] INFO  algorithms.LeaderChoosePolicyFactory (LeaderChoosePolicyFactory.java:getPolicy(57)) - Create leader choose policy of type org.apache.hadoop.hdds.scm.pipeline.leader.choose.algorithms.MinLeaderCountChoosePolicy
2021-08-12 04:56:04,921 [Time-limited test] INFO  ha.SCMServiceManager (SCMServiceManager.java:register(43)) - Registering service BackgroundPipelineCreator.
2021-08-12 04:56:04,921 [Time-limited test] INFO  pipeline.BackgroundPipelineCreator (BackgroundPipelineCreatorV2.java:start(130)) - Starting RatisPipelineUtilsThread.
2021-08-12 04:56:04,924 [Time-limited test] INFO  algorithms.PipelineChoosePolicyFactory (PipelineChoosePolicyFactory.java:createPipelineChoosePolicyFromClass(73)) - Create pipeline choose policy of type org.apache.hadoop.hdds.scm.pipeline.choose.algorithms.RandomPipelineChoosePolicy
2021-08-12 04:56:04,925 [Time-limited test] INFO  ha.SCMServiceManager (SCMServiceManager.java:register(43)) - Registering service SCMBlockDeletingService.
2021-08-12 04:56:04,925 [Time-limited test] INFO  ha.SCMServiceManager (SCMServiceManager.java:register(43)) - Registering service ReplicationManager.
2021-08-12 04:56:04,925 [Time-limited test] INFO  container.ReplicationManager (ReplicationManager.java:start(286)) - Starting Replication Monitor Thread.
2021-08-12 04:56:04,932 [Time-limited test] INFO  safemode.ContainerSafeModeRule (ContainerSafeModeRule.java:<init>(89)) - containers with one replica threshold count 0
2021-08-12 04:56:04,932 [Time-limited test] INFO  safemode.HealthyPipelineSafeModeRule (HealthyPipelineSafeModeRule.java:initializeRule(156)) - Total pipeline count is 0, healthy pipeline threshold count is 1
2021-08-12 04:56:04,932 [Time-limited test] INFO  safemode.OneReplicaPipelineSafeModeRule (OneReplicaPipelineSafeModeRule.java:initializeRule(180)) - Total pipeline count is 0, pipeline's with at least one datanode reported threshold count is 0
2021-08-12 04:56:04,940 [Time-limited test] INFO  ipc.CallQueueManager (CallQueueManager.java:<init>(90)) - Using callQueue: class java.util.concurrent.LinkedBlockingQueue, queueCapacity: 2000, scheduler: class org.apache.hadoop.ipc.DefaultRpcScheduler, ipcBackoff: false.
2021-08-12 04:56:04,945 [Socket Reader #1 for port 0] INFO  ipc.Server (Server.java:run(1265)) - Starting Socket Reader #1 for port 0
2021-08-12 04:56:04,946 [Listener at 0.0.0.0/39623] INFO  ipc.CallQueueManager (CallQueueManager.java:<init>(90)) - Using callQueue: class java.util.concurrent.LinkedBlockingQueue, queueCapacity: 2000, scheduler: class org.apache.hadoop.ipc.DefaultRpcScheduler, ipcBackoff: false.
2021-08-12 04:56:04,947 [Socket Reader #1 for port 0] INFO  ipc.Server (Server.java:run(1265)) - Starting Socket Reader #1 for port 0
2021-08-12 04:56:04,951 [Listener at 0.0.0.0/45785] INFO  ipc.CallQueueManager (CallQueueManager.java:<init>(90)) - Using callQueue: class java.util.concurrent.LinkedBlockingQueue, queueCapacity: 2000, scheduler: class org.apache.hadoop.ipc.DefaultRpcScheduler, ipcBackoff: false.
2021-08-12 04:56:04,951 [Socket Reader #1 for port 0] INFO  ipc.Server (Server.java:run(1265)) - Starting Socket Reader #1 for port 0
2021-08-12 04:56:04,974 [ReplicationMonitor] INFO  container.ReplicationManager (ReplicationManager.java:processAll(341)) - Replication Monitor Thread took 0 milliseconds for processing 0 containers.
2021-08-12 04:56:05,005 [Listener at 0.0.0.0/43373] INFO  algorithms.ContainerPlacementPolicyFactory (ContainerPlacementPolicyFactory.java:getPolicy(60)) - Create container placement policy of type org.apache.hadoop.hdds.scm.container.placement.algorithms.SCMContainerPlacementRandom
2021-08-12 04:56:05,006 [Listener at 0.0.0.0/43373] INFO  server.StorageContainerManager (StorageContainerManager.java:<init>(383)) - 
Container Balancer status:
Key                            Value
Running                        false
Container Balancer Configuration values:
Key                                                Value
Threshold                                          0.1
Max Datanodes to Involve per Iteration(ratio)      0.5
Max Size to Move per Iteration                     10737418240B

2021-08-12 04:56:05,006 [Listener at 0.0.0.0/43373] WARN  events.EventQueue (EventQueue.java:fireEvent(194)) - No event handler registered for event TypedEvent{payloadType=SafeModeStatus, name='Safe mode status'}
2021-08-12 04:56:05,006 [Listener at 0.0.0.0/43373] INFO  ha.SCMContext (SCMContext.java:updateSafeModeStatus(205)) - Update SafeModeStatus from SafeModeStatus{safeModeStatus=true, preCheckPassed=false} to SafeModeStatus{safeModeStatus=true, preCheckPassed=false}.
2021-08-12 04:56:05,007 [Listener at 0.0.0.0/43373] INFO  server.StorageContainerManager (StorageContainerManager.java:start(1249)) - StorageContainerLocationProtocol RPC server is listening at /0.0.0.0:43373
2021-08-12 04:56:05,016 [Listener at 0.0.0.0/43373] WARN  impl.MetricsConfig (MetricsConfig.java:loadFirst(136)) - Cannot locate configuration: tried hadoop-metrics2-storagecontainermanager.properties,hadoop-metrics2.properties
2021-08-12 04:56:05,027 [Listener at 0.0.0.0/43373] INFO  impl.MetricsSystemImpl (MetricsSystemImpl.java:startTimer(378)) - Scheduled Metric snapshot period at 10 second(s).
2021-08-12 04:56:05,027 [Listener at 0.0.0.0/43373] INFO  impl.MetricsSystemImpl (MetricsSystemImpl.java:start(191)) - StorageContainerManager metrics system started
2021-08-12 04:56:05,062 [Listener at 0.0.0.0/43373] INFO  impl.MetricsSinkAdapter (MetricsSinkAdapter.java:start(204)) - Sink prometheus started
2021-08-12 04:56:05,063 [Listener at 0.0.0.0/43373] INFO  impl.MetricsSystemImpl (MetricsSystemImpl.java:registerSink(305)) - Registered sink prometheus
2021-08-12 04:56:05,086 [Listener at 0.0.0.0/43373] INFO  server.SCMClientProtocolServer (SCMClientProtocolServer.java:start(164)) - RPC server for Client  is listening at /0.0.0.0:43373
2021-08-12 04:56:05,086 [IPC Server Responder] INFO  ipc.Server (Server.java:run(1507)) - IPC Server Responder: starting
2021-08-12 04:56:05,087 [IPC Server listener on 0] INFO  ipc.Server (Server.java:run(1344)) - IPC Server listener on 0: starting
2021-08-12 04:56:05,145 [Listener at 0.0.0.0/43373] INFO  server.StorageContainerManager (StorageContainerManager.java:start(1264)) - ScmBlockLocationProtocol RPC server is listening at /0.0.0.0:45785
2021-08-12 04:56:05,146 [Listener at 0.0.0.0/43373] INFO  server.SCMBlockProtocolServer (SCMBlockProtocolServer.java:start(151)) - RPC server for Block Protocol is listening at /0.0.0.0:45785
2021-08-12 04:56:05,146 [IPC Server Responder] INFO  ipc.Server (Server.java:run(1507)) - IPC Server Responder: starting
2021-08-12 04:56:05,146 [IPC Server listener on 0] INFO  ipc.Server (Server.java:run(1344)) - IPC Server listener on 0: starting
2021-08-12 04:56:05,158 [Listener at 0.0.0.0/43373] INFO  server.StorageContainerManager (StorageContainerManager.java:start(1270)) - ScmDatanodeProtocl RPC server is listening at /0.0.0.0:39623
2021-08-12 04:56:05,158 [Listener at 0.0.0.0/43373] INFO  server.SCMDatanodeProtocolServer (SCMDatanodeProtocolServer.java:start(181)) - RPC server for DataNodes is listening at /0.0.0.0:39623
2021-08-12 04:56:05,161 [IPC Server Responder] INFO  ipc.Server (Server.java:run(1507)) - IPC Server Responder: starting
2021-08-12 04:56:05,162 [IPC Server listener on 0] INFO  ipc.Server (Server.java:run(1344)) - IPC Server listener on 0: starting
2021-08-12 04:56:05,171 [Listener at 0.0.0.0/43373] INFO  http.BaseHttpServer (BaseHttpServer.java:newHttpServer2BuilderForOzone(209)) - Starting Web-server for scm at: http://0.0.0.0:0
2021-08-12 04:56:05,171 [Listener at 0.0.0.0/43373] INFO  http.BaseHttpServer (BaseHttpServer.java:<init>(107)) - Hadoop Security Enabled: false Ozone Security Enabled: false Ozone HTTP Security Enabled: false 
2021-08-12 04:56:05,195 [Listener at 0.0.0.0/43373] INFO  server.AuthenticationFilter (AuthenticationFilter.java:constructSecretProvider(240)) - Unable to initialize FileSignerSecretProvider, falling back to use random secrets.
2021-08-12 04:56:05,196 [Listener at 0.0.0.0/43373] WARN  http.HttpRequestLog (HttpRequestLog.java:getRequestLog(103)) - Jetty request log can only be enabled using Log4j
2021-08-12 04:56:05,196 [Listener at 0.0.0.0/43373] INFO  http.HttpServer2 (HttpServer2.java:addGlobalFilter(1020)) - Added global filter 'safety' (class=org.apache.hadoop.hdds.server.http.HttpServer2$QuotingInputFilter)
2021-08-12 04:56:05,197 [Listener at 0.0.0.0/43373] INFO  http.HttpServer2 (HttpServer2.java:addFilter(996)) - Added filter static_user_filter (class=org.apache.hadoop.http.lib.StaticUserWebFilter$StaticUserFilter) to context scm
2021-08-12 04:56:05,197 [Listener at 0.0.0.0/43373] INFO  http.HttpServer2 (HttpServer2.java:addFilter(1004)) - Added filter static_user_filter (class=org.apache.hadoop.http.lib.StaticUserWebFilter$StaticUserFilter) to context logs
2021-08-12 04:56:05,197 [Listener at 0.0.0.0/43373] INFO  http.HttpServer2 (HttpServer2.java:addFilter(1004)) - Added filter static_user_filter (class=org.apache.hadoop.http.lib.StaticUserWebFilter$StaticUserFilter) to context static
2021-08-12 04:56:05,198 [Listener at 0.0.0.0/43373] INFO  http.HttpServer2 (HttpServer2.java:bindListener(1239)) - Jetty bound to port 43569
2021-08-12 04:56:05,198 [Listener at 0.0.0.0/43373] INFO  server.Server (Server.java:doStart(375)) - jetty-9.4.43.v20210629; built: 2021-06-30T11:07:22.254Z; git: 526006ecfa3af7f1a27ef3a288e2bef7ea9dd7e8; jvm 1.8.0_292-b10
2021-08-12 04:56:05,251 [Listener at 0.0.0.0/43373] INFO  server.session (DefaultSessionIdManager.java:doStart(334)) - DefaultSessionIdManager workerName=node0
2021-08-12 04:56:05,251 [Listener at 0.0.0.0/43373] INFO  server.session (DefaultSessionIdManager.java:doStart(339)) - No SessionScavenger set, using defaults
2021-08-12 04:56:05,251 [Listener at 0.0.0.0/43373] INFO  server.session (HouseKeeper.java:startScavenging(132)) - node0 Scavenging every 600000ms
2021-08-12 04:56:05,253 [Listener at 0.0.0.0/43373] INFO  handler.ContextHandler (ContextHandler.java:doStart(915)) - Started o.e.j.s.ServletContextHandler@bd6c196{logs,/logs,file:///home/runner/work/ozone/ozone/hadoop-ozone/integration-test/target/log,AVAILABLE}
2021-08-12 04:56:05,253 [Listener at 0.0.0.0/43373] INFO  handler.ContextHandler (ContextHandler.java:doStart(915)) - Started o.e.j.s.ServletContextHandler@28b3578f{static,/static,file:///home/runner/work/ozone/ozone/hadoop-ozone/integration-test/target/test-classes/webapps/static,AVAILABLE}
2021-08-12 04:56:05,263 [org.apache.hadoop.util.JvmPauseMonitor$Monitor@1053e522] INFO  util.JvmPauseMonitor (JvmPauseMonitor.java:run(188)) - Starting JVM pause monitor
2021-08-12 04:56:05,289 [Listener at 0.0.0.0/43373] INFO  handler.ContextHandler (ContextHandler.java:doStart(915)) - Started o.e.j.w.WebAppContext@6f6fda5c{scm,/,file:///home/runner/work/ozone/ozone/hadoop-ozone/integration-test/target/test-classes/webapps/scm/,AVAILABLE}{file:/home/runner/work/ozone/ozone/hadoop-ozone/integration-test/target/test-classes/webapps/scm}
2021-08-12 04:56:05,298 [Listener at 0.0.0.0/43373] INFO  server.AbstractConnector (AbstractConnector.java:doStart(331)) - Started ServerConnector@5e012aff{HTTP/1.1, (http/1.1)}{0.0.0.0:43569}
2021-08-12 04:56:05,298 [Listener at 0.0.0.0/43373] INFO  server.Server (Server.java:doStart(415)) - Started @104846ms
2021-08-12 04:56:05,298 [Listener at 0.0.0.0/43373] WARN  impl.MetricsSystemImpl (MetricsSystemImpl.java:register(279)) - Sink prometheus already exists!
2021-08-12 04:56:05,303 [Listener at 0.0.0.0/43373] INFO  http.BaseHttpServer (BaseHttpServer.java:updateConnectorAddress(329)) - HTTP server of scm listening at http://0.0.0.0:43569
2021-08-12 04:56:05,304 [Listener at 0.0.0.0/43373] WARN  server.ServerUtils (ServerUtils.java:getDBPath(225)) - ozone.om.db.dirs is not configured. We recommend adding this setting. Falling back to ozone.metadata.dirs instead.
2021-08-12 04:56:05,313 [Listener at 0.0.0.0/43373] INFO  ha.OMHANodeDetails (OMHANodeDetails.java:loadOMHAConfig(112)) - ozone.om.internal.service.id is not defined, falling back to ozone.om.service.ids to find serviceID for OzoneManager if it is HA enabled cluster
2021-08-12 04:56:05,313 [Listener at 0.0.0.0/43373] INFO  ha.OMHANodeDetails (OMHANodeDetails.java:loadOMHAConfig(219)) - Configuration does not have ozone.om.address set. Falling back to the default OM address /127.0.0.1:0
2021-08-12 04:56:05,313 [Listener at 0.0.0.0/43373] INFO  ha.OMHANodeDetails (OMHANodeDetails.java:getOMNodeDetails(247)) - OM Service ID is not set. Setting it to the default ID: omServiceIdDefault
2021-08-12 04:56:05,313 [Listener at 0.0.0.0/43373] INFO  ha.OMHANodeDetails (OMHANodeDetails.java:getOMNodeDetails(254)) - OM Node ID is not set. Setting it to the default ID: om1
2021-08-12 04:56:05,314 [Listener at 0.0.0.0/43373] WARN  server.ServerUtils (ServerUtils.java:getDBPath(225)) - ozone.om.db.dirs is not configured. We recommend adding this setting. Falling back to ozone.metadata.dirs instead.
2021-08-12 04:56:05,314 [Listener at 0.0.0.0/43373] INFO  upgrade.AbstractLayoutVersionManager (AbstractLayoutVersionManager.java:init(70)) - Initializing Layout version manager with metadata layout = INITIAL_VERSION (version = 0), software layout = INITIAL_VERSION (version = 0)
2021-08-12 04:56:05,492 [Listener at 0.0.0.0/43373] INFO  reflections.Reflections (Reflections.java:scan(232)) - Reflections took 177 ms to scan 2 urls, producing 131 keys and 342 values [using 2 cores]
2021-08-12 04:56:05,492 [Listener at 0.0.0.0/43373] INFO  upgrade.OMLayoutVersionManager (OMLayoutVersionManager.java:lambda$0(116)) - Skipping Upgrade Action MockOmUpgradeAction since it has been finalized.
2021-08-12 04:56:05,492 [Listener at 0.0.0.0/43373] WARN  server.ServerUtils (ServerUtils.java:getDBPath(225)) - ozone.om.db.dirs is not configured. We recommend adding this setting. Falling back to ozone.metadata.dirs instead.
2021-08-12 04:56:05,530 [Listener at 0.0.0.0/43373] WARN  server.ServerUtils (ServerUtils.java:getDBPath(225)) - ozone.om.db.dirs is not configured. We recommend adding this setting. Falling back to ozone.metadata.dirs instead.
2021-08-12 04:56:05,530 [Listener at 0.0.0.0/43373] INFO  codec.OmKeyInfoCodec (OmKeyInfoCodec.java:<init>(51)) - OmKeyInfoCodec ignorePipeline = true
2021-08-12 04:56:05,530 [Listener at 0.0.0.0/43373] INFO  codec.RepeatedOmKeyInfoCodec (RepeatedOmKeyInfoCodec.java:<init>(42)) - RepeatedOmKeyInfoCodec ignorePipeline = true
2021-08-12 04:56:05,775 [Listener at 0.0.0.0/43373] INFO  om.OzoneManager (OzoneManager.java:addS3GVolumeToDB(4115)) - Created Volume s3v With Owner runner required for S3Gateway operations.
2021-08-12 04:56:05,775 [Listener at 0.0.0.0/43373] WARN  server.ServerUtils (ServerUtils.java:getDefaultRatisDirectory(237)) - Storage directory for Ratis is not configured. It is a good idea to map this to an SSD disk. Falling back to ozone.metadata.dirs
2021-08-12 04:56:05,775 [Listener at 0.0.0.0/43373] WARN  utils.OzoneManagerRatisUtils (OzoneManagerRatisUtils.java:getOMRatisSnapshotDirectory(391)) - ozone.om.ratis.snapshot.dir is not configured. Falling back to ozone.metadata.dirs config
2021-08-12 04:56:05,775 [Listener at 0.0.0.0/43373] WARN  server.ServerUtils (ServerUtils.java:getDefaultRatisDirectory(237)) - Storage directory for Ratis is not configured. It is a good idea to map this to an SSD disk. Falling back to ozone.metadata.dirs
2021-08-12 04:56:05,776 [Listener at 0.0.0.0/43373] INFO  ratis.OzoneManagerRatisServer (OzoneManagerRatisServer.java:<init>(158)) - Instantiating OM Ratis server with groupID: omServiceIdDefault and peers: localhost:9872
2021-08-12 04:56:05,777 [Listener at 0.0.0.0/43373] INFO  ratis.OzoneManagerStateMachine (OzoneManagerStateMachine.java:loadSnapshotInfoFromDB(605)) - LastAppliedIndex is set from TransactionInfo from OM DB as (t:0, i:~)
2021-08-12 04:56:05,778 [Listener at 0.0.0.0/43373] INFO  server.RaftServer (ConfUtils.java:logGet(44)) - raft.rpc.type = GRPC (default)
2021-08-12 04:56:05,778 [Listener at 0.0.0.0/43373] INFO  grpc.GrpcFactory (GrpcFactory.java:checkPooledByteBufAllocatorUseCacheForAllThreads(48)) - PERFORMANCE WARNING: useCacheForAllThreads is true that may cause Netty to create a lot garbage objects and, as a result, trigger GC.
	It is recommended to disable useCacheForAllThreads by setting -Dorg.apache.ratis.thirdparty.io.netty.allocator.useCacheForAllThreads=false in command line.
2021-08-12 04:56:05,778 [Listener at 0.0.0.0/43373] INFO  grpc.GrpcConfigKeys (ConfUtils.java:logGet(44)) - raft.grpc.admin.port = -1 (default)
2021-08-12 04:56:05,778 [Listener at 0.0.0.0/43373] INFO  grpc.GrpcConfigKeys (ConfUtils.java:logGet(44)) - raft.grpc.server.port = 9872 (custom)
2021-08-12 04:56:05,778 [Listener at 0.0.0.0/43373] INFO  grpc.GrpcConfigKeys (ConfUtils.java:logGet(44)) - raft.grpc.client.port = -1 (default)
2021-08-12 04:56:05,778 [Listener at 0.0.0.0/43373] INFO  grpc.GrpcConfigKeys (ConfUtils.java:logGet(44)) - raft.grpc.server.port = 9872 (custom)
2021-08-12 04:56:05,778 [Listener at 0.0.0.0/43373] INFO  grpc.GrpcConfigKeys (ConfUtils.java:logGet(44)) - raft.grpc.server.port = 9872 (custom)
2021-08-12 04:56:05,778 [Listener at 0.0.0.0/43373] INFO  server.GrpcService (ConfUtils.java:logGet(44)) - raft.grpc.message.size.max = 33554432 (custom)
2021-08-12 04:56:05,778 [Listener at 0.0.0.0/43373] INFO  server.RaftServerConfigKeys (ConfUtils.java:logGet(44)) - raft.server.log.appender.buffer.byte-limit = 33554432 (custom)
2021-08-12 04:56:05,778 [Listener at 0.0.0.0/43373] INFO  server.GrpcService (ConfUtils.java:logGet(44)) - raft.grpc.flow.control.window = 1MB (=1048576) (default)
2021-08-12 04:56:05,778 [Listener at 0.0.0.0/43373] INFO  server.RaftServerConfigKeys (ConfUtils.java:logGet(44)) - raft.server.rpc.request.timeout = 3000ms (default)
2021-08-12 04:56:05,780 [Listener at 0.0.0.0/43373] INFO  impl.DataStreamServerImpl (ConfUtils.java:logGet(44)) - raft.datastream.type = DISABLED (default)
2021-08-12 04:56:05,780 [Listener at 0.0.0.0/43373] INFO  server.RaftServerConfigKeys (ConfUtils.java:logGet(44)) - raft.server.rpc.slowness.timeout = 120s (custom)
2021-08-12 04:56:05,780 [Listener at 0.0.0.0/43373] INFO  server.RaftServerConfigKeys (ConfUtils.java:logGet(44)) - raft.server.leaderelection.leader.step-down.wait-time = 10s (default)
2021-08-12 04:56:05,780 [Listener at 0.0.0.0/43373] INFO  server.RaftServerConfigKeys (ConfUtils.java:logGet(44)) - raft.server.storage.dir = [/home/runner/work/ozone/ozone/hadoop-ozone/integration-test/target/test-dir/MiniOzoneClusterImpl-b581443b-e568-4d1b-b747-432576f6d125/ozone-meta/ratis] (custom)
2021-08-12 04:56:05,783 [Listener at 0.0.0.0/43373] INFO  server.RaftServer (RaftServerProxy.java:addNew(95)) - om1: addNew group-C5BA1605619E:[om1|rpc:localhost:9872|priority:0] returns group-C5BA1605619E:java.util.concurrent.CompletableFuture@52a8cb14[Not completed]
2021-08-12 04:56:05,783 [Listener at 0.0.0.0/43373] INFO  om.OzoneManager (OzoneManager.java:initializeRatisServer(1573)) - OzoneManager Ratis server initialized at port 9872
2021-08-12 04:56:05,785 [Listener at 0.0.0.0/43373] INFO  ipc.CallQueueManager (CallQueueManager.java:<init>(90)) - Using callQueue: class java.util.concurrent.LinkedBlockingQueue, queueCapacity: 2000, scheduler: class org.apache.hadoop.ipc.DefaultRpcScheduler, ipcBackoff: false.
2021-08-12 04:56:05,799 [pool-355-thread-1] INFO  server.RaftServer$Division (RaftServerImpl.java:<init>(181)) - om1: new RaftServerImpl for group-C5BA1605619E:[om1|rpc:localhost:9872|priority:0] with OzoneManagerStateMachine:uninitialized
2021-08-12 04:56:05,808 [Socket Reader #1 for port 0] INFO  ipc.Server (Server.java:run(1265)) - Starting Socket Reader #1 for port 0
2021-08-12 04:56:05,813 [pool-355-thread-1] INFO  server.RaftServerConfigKeys (ConfUtils.java:logGet(44)) - raft.server.rpc.timeout.min = 1s (custom)
2021-08-12 04:56:05,814 [pool-355-thread-1] INFO  server.RaftServerConfigKeys (ConfUtils.java:logGet(44)) - raft.server.rpc.timeout.max = 1200ms (custom)
2021-08-12 04:56:05,814 [pool-355-thread-1] INFO  server.RaftServerConfigKeys (ConfUtils.java:logGet(44)) - raft.server.rpc.sleep.time = 25ms (default)
2021-08-12 04:56:05,814 [pool-355-thread-1] INFO  server.RaftServerConfigKeys (ConfUtils.java:logGet(44)) - raft.server.rpc.slowness.timeout = 120s (custom)
2021-08-12 04:56:05,814 [pool-355-thread-1] INFO  server.RaftServerConfigKeys (ConfUtils.java:logGet(44)) - raft.server.leaderelection.leader.step-down.wait-time = 10s (default)
2021-08-12 04:56:05,814 [pool-355-thread-1] INFO  server.RaftServerConfigKeys (ConfUtils.java:logGet(44)) - raft.server.sleep.deviation.threshold = 300ms (default)
2021-08-12 04:56:05,814 [pool-355-thread-1] INFO  server.RaftServerConfigKeys (ConfUtils.java:logGet(44)) - raft.server.log.appender.install.snapshot.enabled = false (custom)
2021-08-12 04:56:05,814 [pool-355-thread-1] INFO  server.RaftServer$Division (ServerState.java:<init>(105)) - om1@group-C5BA1605619E: ConfigurationManager, init=-1: [om1|rpc:localhost:9872|priority:0], old=null, confs=<EMPTY_MAP>
2021-08-12 04:56:05,814 [pool-355-thread-1] INFO  server.RaftServerConfigKeys (ConfUtils.java:logGet(44)) - raft.server.storage.dir = [/home/runner/work/ozone/ozone/hadoop-ozone/integration-test/target/test-dir/MiniOzoneClusterImpl-b581443b-e568-4d1b-b747-432576f6d125/ozone-meta/ratis] (custom)
2021-08-12 04:56:05,814 [pool-355-thread-1] INFO  server.RaftServerConfigKeys (ConfUtils.java:logGet(44)) - raft.server.log.corruption.policy = EXCEPTION (default)
2021-08-12 04:56:05,814 [pool-355-thread-1] INFO  server.RaftServerConfigKeys (ConfUtils.java:logGet(44)) - raft.server.storage.free-space.min = 0MB (=0) (default)
2021-08-12 04:56:05,814 [pool-355-thread-1] INFO  storage.RaftStorageDirectory (RaftStorageDirectoryImpl.java:analyzeStorage(135)) - The storage directory /home/runner/work/ozone/ozone/hadoop-ozone/integration-test/target/test-dir/MiniOzoneClusterImpl-b581443b-e568-4d1b-b747-432576f6d125/ozone-meta/ratis/bf265839-605b-3f16-9796-c5ba1605619e does not exist. Creating ...
2021-08-12 04:56:05,820 [pool-355-thread-1] INFO  storage.RaftStorageDirectory (RaftStorageDirectoryImpl.java:tryLock(230)) - Lock on /home/runner/work/ozone/ozone/hadoop-ozone/integration-test/target/test-dir/MiniOzoneClusterImpl-b581443b-e568-4d1b-b747-432576f6d125/ozone-meta/ratis/bf265839-605b-3f16-9796-c5ba1605619e/in_use.lock acquired by nodename 20613@fv-az294-902
2021-08-12 04:56:05,823 [pool-355-thread-1] INFO  storage.RaftStorage (RaftStorageImpl.java:format(89)) - Storage directory /home/runner/work/ozone/ozone/hadoop-ozone/integration-test/target/test-dir/MiniOzoneClusterImpl-b581443b-e568-4d1b-b747-432576f6d125/ozone-meta/ratis/bf265839-605b-3f16-9796-c5ba1605619e has been successfully formatted.
2021-08-12 04:56:05,823 [pool-355-thread-1] INFO  server.RaftServerConfigKeys (ConfUtils.java:logGet(44)) - raft.server.notification.no-leader.timeout = 120s (custom)
2021-08-12 04:56:05,823 [pool-355-thread-1] INFO  server.RaftServerConfigKeys (ConfUtils.java:logGet(44)) - raft.server.log.use.memory = false (default)
2021-08-12 04:56:05,823 [pool-355-thread-1] INFO  server.RaftServerConfigKeys (ConfUtils.java:logGet(44)) - raft.server.log.purge.gap = 1000000 (custom)
2021-08-12 04:56:05,824 [pool-355-thread-1] INFO  server.RaftServerConfigKeys (ConfUtils.java:logGet(44)) - raft.server.log.appender.buffer.byte-limit = 33554432 (custom)
2021-08-12 04:56:05,834 [pool-355-thread-1] INFO  server.RaftServerConfigKeys (ConfUtils.java:logGet(44)) - raft.server.log.segment.size.max = 4194304 (custom)
2021-08-12 04:56:05,834 [pool-355-thread-1] INFO  server.RaftServerConfigKeys (ConfUtils.java:logGet(44)) - raft.server.log.segment.cache.num.max = 2 (custom)
2021-08-12 04:56:05,834 [pool-355-thread-1] INFO  server.RaftServerConfigKeys (ConfUtils.java:logGet(44)) - raft.server.log.segment.cache.size.max = 200MB (=209715200) (default)
2021-08-12 04:56:05,834 [pool-355-thread-1] INFO  segmented.SegmentedRaftLogWorker (SegmentedRaftLogWorker.java:<init>(182)) - new om1@group-C5BA1605619E-SegmentedRaftLogWorker for RaftStorageImpl:Storage Directory /home/runner/work/ozone/ozone/hadoop-ozone/integration-test/target/test-dir/MiniOzoneClusterImpl-b581443b-e568-4d1b-b747-432576f6d125/ozone-meta/ratis/bf265839-605b-3f16-9796-c5ba1605619e
2021-08-12 04:56:05,834 [pool-355-thread-1] INFO  server.RaftServerConfigKeys (ConfUtils.java:logGet(44)) - raft.server.log.queue.byte-limit = 64MB (=67108864) (default)
2021-08-12 04:56:05,835 [pool-355-thread-1] INFO  server.RaftServerConfigKeys (ConfUtils.java:logGet(44)) - raft.server.log.queue.element-limit = 4096 (default)
2021-08-12 04:56:05,835 [pool-355-thread-1] INFO  server.RaftServerConfigKeys (ConfUtils.java:logGet(44)) - raft.server.log.segment.size.max = 4194304 (custom)
2021-08-12 04:56:05,835 [pool-355-thread-1] INFO  server.RaftServerConfigKeys (ConfUtils.java:logGet(44)) - raft.server.log.preallocated.size = 4194304 (custom)
2021-08-12 04:56:05,835 [pool-355-thread-1] INFO  server.RaftServerConfigKeys (ConfUtils.java:logGet(44)) - raft.server.log.force.sync.num = 128 (default)
2021-08-12 04:56:05,835 [pool-355-thread-1] INFO  server.RaftServerConfigKeys (ConfUtils.java:logGet(44)) - raft.server.log.statemachine.data.sync = true (default)
2021-08-12 04:56:05,835 [pool-355-thread-1] INFO  server.RaftServerConfigKeys (ConfUtils.java:logGet(44)) - raft.server.log.statemachine.data.sync.timeout = 10s (default)
2021-08-12 04:56:05,835 [pool-355-thread-1] INFO  server.RaftServerConfigKeys (ConfUtils.java:logGet(44)) - raft.server.log.statemachine.data.sync.timeout.retry = -1 (default)
2021-08-12 04:56:05,836 [pool-355-thread-1] INFO  server.RaftServerConfigKeys (ConfUtils.java:logGet(44)) - raft.server.log.write.buffer.size = 64KB (=65536) (default)
2021-08-12 04:56:05,836 [pool-355-thread-1] INFO  server.RaftServerConfigKeys (ConfUtils.java:logGet(44)) - raft.server.log.statemachine.data.caching.enabled = false (default)
2021-08-12 04:56:05,836 [pool-355-thread-1] INFO  segmented.SegmentedRaftLogWorker (SegmentedRaftLogWorker.java:lambda$new$0(133)) - om1@group-C5BA1605619E-SegmentedRaftLogWorker: flushIndex: setUnconditionally 0 -> -1
2021-08-12 04:56:05,836 [pool-355-thread-1] INFO  segmented.SegmentedRaftLogWorker (SegmentedRaftLogWorker.java:lambda$new$0(133)) - om1@group-C5BA1605619E-SegmentedRaftLogWorker: safeCacheEvictIndex: setUnconditionally 0 -> -1
2021-08-12 04:56:05,844 [Listener at 127.0.0.1/33743] INFO  om.OzoneManager (OzoneManager.java:initFSOLayout(4321)) - Configured ozone.om.metadata.layout=SIMPLE and disabled optimized OM FS operations
2021-08-12 04:56:05,844 [Listener at 127.0.0.1/33743] INFO  impl.MetricsSystemImpl (MetricsSystemImpl.java:init(158)) - OzoneManager metrics system started (again)
2021-08-12 04:56:05,848 [pool-355-thread-1] INFO  server.RaftServerConfigKeys (ConfUtils.java:logGet(44)) - raft.server.snapshot.auto.trigger.enabled = true (custom)
2021-08-12 04:56:05,849 [pool-355-thread-1] INFO  server.RaftServerConfigKeys (ConfUtils.java:logGet(44)) - raft.server.snapshot.auto.trigger.threshold = 400000 (default)
2021-08-12 04:56:05,849 [pool-355-thread-1] INFO  server.RaftServerConfigKeys (ConfUtils.java:logGet(44)) - raft.server.snapshot.retention.file.num = -1 (default)
2021-08-12 04:56:05,849 [pool-355-thread-1] INFO  server.RaftServerConfigKeys (ConfUtils.java:logGet(44)) - raft.server.log.purge.upto.snapshot.index = true (custom)
2021-08-12 04:56:05,849 [pool-355-thread-1] INFO  server.RaftServerConfigKeys (ConfUtils.java:logGet(44)) - raft.server.retrycache.expirytime = 300s (custom)
2021-08-12 04:56:05,849 [pool-355-thread-1] INFO  server.RaftServerConfigKeys (ConfUtils.java:logGet(44)) - raft.server.retrycache.statistics.expirytime = 100μs (default)
2021-08-12 04:56:05,880 [Listener at 127.0.0.1/33743] INFO  om.OzoneManager (OzoneManager.java:start(1270)) - OzoneManager RPC server is listening at localhost/127.0.0.1:33743
2021-08-12 04:56:05,880 [Listener at 127.0.0.1/33743] INFO  ratis.OzoneManagerRatisServer (OzoneManagerRatisServer.java:start(516)) - Starting OzoneManagerRatisServer om1 at port 9872
2021-08-12 04:56:05,880 [Listener at 127.0.0.1/33743] INFO  server.RaftServer$Division (RaftServerImpl.java:start(296)) - om1@group-C5BA1605619E: start as a follower, conf=-1: [om1|rpc:localhost:9872|priority:0], old=null
2021-08-12 04:56:05,880 [Listener at 127.0.0.1/33743] INFO  server.RaftServer$Division (RaftServerImpl.java:setRole(285)) - om1@group-C5BA1605619E: changes role from      null to FOLLOWER at term 0 for startAsFollower
2021-08-12 04:56:05,881 [Listener at 127.0.0.1/33743] INFO  impl.RoleInfo (RoleInfo.java:updateAndGet(130)) - om1: start om1@group-C5BA1605619E-FollowerState
2021-08-12 04:56:05,881 [Listener at 127.0.0.1/33743] INFO  util.JmxRegister (JmxRegister.java:tryRegister(44)) - Successfully registered JMX Bean with object name Ratis:service=RaftServer,group=group-C5BA1605619E,id=om1
2021-08-12 04:56:05,883 [Listener at 127.0.0.1/33743] INFO  server.RaftServer (RaftServerProxy.java:lambda$start$5(374)) - om1: start RPC server
2021-08-12 04:56:05,895 [Listener at 127.0.0.1/33743] INFO  server.GrpcService (GrpcService.java:startImpl(253)) - om1: GrpcService started, listening on 9872
2021-08-12 04:56:05,896 [Listener at 127.0.0.1/33743] INFO  om.OzoneManager (OzoneManager.java:start(1288)) - Version File has different layout version (0) than OM DB (null). That is expected if this OM has never been finalized to a newer layout version.
2021-08-12 04:56:05,896 [org.apache.ratis.util.JvmPauseMonitor$$Lambda$531/403959257@7bca280f] INFO  util.JvmPauseMonitor (JvmPauseMonitor.java:run(103)) - JvmPauseMonitor-om1: Started
2021-08-12 04:56:05,903 [Listener at 127.0.0.1/33743] INFO  http.BaseHttpServer (BaseHttpServer.java:newHttpServer2BuilderForOzone(209)) - Starting Web-server for ozoneManager at: http://0.0.0.0:0
2021-08-12 04:56:05,903 [Listener at 127.0.0.1/33743] INFO  http.BaseHttpServer (BaseHttpServer.java:<init>(107)) - Hadoop Security Enabled: false Ozone Security Enabled: false Ozone HTTP Security Enabled: false 
2021-08-12 04:56:05,904 [Listener at 127.0.0.1/33743] INFO  server.AuthenticationFilter (AuthenticationFilter.java:constructSecretProvider(240)) - Unable to initialize FileSignerSecretProvider, falling back to use random secrets.
2021-08-12 04:56:05,910 [Listener at 127.0.0.1/33743] WARN  http.HttpRequestLog (HttpRequestLog.java:getRequestLog(103)) - Jetty request log can only be enabled using Log4j
2021-08-12 04:56:05,910 [Listener at 127.0.0.1/33743] INFO  http.HttpServer2 (HttpServer2.java:addGlobalFilter(1020)) - Added global filter 'safety' (class=org.apache.hadoop.hdds.server.http.HttpServer2$QuotingInputFilter)
2021-08-12 04:56:05,911 [Listener at 127.0.0.1/33743] INFO  http.HttpServer2 (HttpServer2.java:addFilter(996)) - Added filter static_user_filter (class=org.apache.hadoop.http.lib.StaticUserWebFilter$StaticUserFilter) to context ozoneManager
2021-08-12 04:56:05,911 [Listener at 127.0.0.1/33743] INFO  http.HttpServer2 (HttpServer2.java:addFilter(1004)) - Added filter static_user_filter (class=org.apache.hadoop.http.lib.StaticUserWebFilter$StaticUserFilter) to context static
2021-08-12 04:56:05,911 [Listener at 127.0.0.1/33743] INFO  http.HttpServer2 (HttpServer2.java:addFilter(1004)) - Added filter static_user_filter (class=org.apache.hadoop.http.lib.StaticUserWebFilter$StaticUserFilter) to context logs
2021-08-12 04:56:05,912 [Listener at 127.0.0.1/33743] INFO  http.HttpServer2 (HttpServer2.java:bindListener(1239)) - Jetty bound to port 34691
2021-08-12 04:56:05,912 [Listener at 127.0.0.1/33743] INFO  server.Server (Server.java:doStart(375)) - jetty-9.4.43.v20210629; built: 2021-06-30T11:07:22.254Z; git: 526006ecfa3af7f1a27ef3a288e2bef7ea9dd7e8; jvm 1.8.0_292-b10
2021-08-12 04:56:05,920 [Listener at 127.0.0.1/33743] INFO  server.session (DefaultSessionIdManager.java:doStart(334)) - DefaultSessionIdManager workerName=node0
2021-08-12 04:56:05,920 [Listener at 127.0.0.1/33743] INFO  server.session (DefaultSessionIdManager.java:doStart(339)) - No SessionScavenger set, using defaults
2021-08-12 04:56:05,920 [Listener at 127.0.0.1/33743] INFO  server.session (HouseKeeper.java:startScavenging(132)) - node0 Scavenging every 660000ms
2021-08-12 04:56:05,921 [Listener at 127.0.0.1/33743] INFO  handler.ContextHandler (ContextHandler.java:doStart(915)) - Started o.e.j.s.ServletContextHandler@56a1c327{logs,/logs,file:///home/runner/work/ozone/ozone/hadoop-ozone/integration-test/target/log,AVAILABLE}
2021-08-12 04:56:05,921 [Listener at 127.0.0.1/33743] INFO  handler.ContextHandler (ContextHandler.java:doStart(915)) - Started o.e.j.s.ServletContextHandler@7a519d81{static,/static,file:///home/runner/work/ozone/ozone/hadoop-ozone/integration-test/target/test-classes/webapps/static,AVAILABLE}
2021-08-12 04:56:05,927 [Listener at 127.0.0.1/33743] INFO  handler.ContextHandler (ContextHandler.java:doStart(915)) - Started o.e.j.w.WebAppContext@26571af1{ozoneManager,/,file:///home/runner/work/ozone/ozone/hadoop-ozone/integration-test/target/test-classes/webapps/ozoneManager/,AVAILABLE}{file:/home/runner/work/ozone/ozone/hadoop-ozone/integration-test/target/test-classes/webapps/ozoneManager}
2021-08-12 04:56:05,940 [Listener at 127.0.0.1/33743] INFO  server.AbstractConnector (AbstractConnector.java:doStart(331)) - Started ServerConnector@7546fc4{HTTP/1.1, (http/1.1)}{0.0.0.0:34691}
2021-08-12 04:56:05,940 [Listener at 127.0.0.1/33743] INFO  server.Server (Server.java:doStart(415)) - Started @105488ms
2021-08-12 04:56:05,940 [Listener at 127.0.0.1/33743] WARN  impl.MetricsSystemImpl (MetricsSystemImpl.java:register(279)) - Sink prometheus already exists!
2021-08-12 04:56:05,941 [Listener at 127.0.0.1/33743] INFO  http.BaseHttpServer (BaseHttpServer.java:updateConnectorAddress(329)) - HTTP server of ozoneManager listening at http://0.0.0.0:34691
2021-08-12 04:56:05,955 [IPC Server Responder] INFO  ipc.Server (Server.java:run(1507)) - IPC Server Responder: starting
2021-08-12 04:56:05,956 [IPC Server listener on 0] INFO  ipc.Server (Server.java:run(1344)) - IPC Server listener on 0: starting
2021-08-12 04:56:05,960 [Listener at 127.0.0.1/33743] INFO  om.OzoneManager (OzoneManager.java:startTrashEmptier(1531)) - Trash Interval set to 0. Files deleted will not move to trash
2021-08-12 04:56:05,985 [Listener at 127.0.0.1/33743] WARN  impl.MetricRegistriesImpl (MetricRegistriesImpl.java:addReporterRegistration(111)) - New reporters are added after registries were created. Some metrics will be missing from the reporter. Please add reporter before adding any new registry.
2021-08-12 04:56:05,986 [Listener at 127.0.0.1/33743] WARN  impl.MetricRegistriesImpl (MetricRegistriesImpl.java:addReporterRegistration(111)) - New reporters are added after registries were created. Some metrics will be missing from the reporter. Please add reporter before adding any new registry.
2021-08-12 04:56:05,986 [Listener at 127.0.0.1/33743] INFO  impl.MetricsSystemImpl (MetricsSystemImpl.java:init(158)) - HddsDatanode metrics system started (again)
2021-08-12 04:56:05,995 [org.apache.hadoop.util.JvmPauseMonitor$Monitor@44f7b2ea] INFO  util.JvmPauseMonitor (JvmPauseMonitor.java:run(188)) - Starting JVM pause monitor
2021-08-12 04:56:06,031 [Listener at 127.0.0.1/33743] INFO  ozone.HddsDatanodeService (HddsDatanodeService.java:start(234)) - HddsDatanodeService host:fv-az294-902.eaanfquahm5ulb5tj050gcxych.jx.internal.cloudapp.net ip:10.1.0.13
2021-08-12 04:56:06,093 [Listener at 127.0.0.1/33743] INFO  upgrade.AbstractLayoutVersionManager (AbstractLayoutVersionManager.java:init(70)) - Initializing Layout version manager with metadata layout = SCM_HA (version = 2), software layout = SCM_HA (version = 2)
2021-08-12 04:56:06,186 [Listener at 127.0.0.1/33743] INFO  reflections.Reflections (Reflections.java:scan(232)) - Reflections took 84 ms to scan 7 urls, producing 120 keys and 275 values 
2021-08-12 04:56:06,210 [Listener at 127.0.0.1/33743] INFO  volume.HddsVolume (HddsVolume.java:<init>(120)) - Creating HddsVolume: /home/runner/work/ozone/ozone/hadoop-ozone/integration-test/target/test-dir/MiniOzoneClusterImpl-b581443b-e568-4d1b-b747-432576f6d125/datanode-0/data-0/containers/hdds of storage type : DISK capacity : 9223372036854775807
2021-08-12 04:56:06,211 [Listener at 127.0.0.1/33743] INFO  volume.MutableVolumeSet (MutableVolumeSet.java:initializeVolumeSet(181)) - Added Volume : /home/runner/work/ozone/ozone/hadoop-ozone/integration-test/target/test-dir/MiniOzoneClusterImpl-b581443b-e568-4d1b-b747-432576f6d125/datanode-0/data-0/containers/hdds to VolumeSet
2021-08-12 04:56:06,211 [Listener at 127.0.0.1/33743] INFO  volume.ThrottledAsyncChecker (ThrottledAsyncChecker.java:schedule(141)) - Scheduling a check for /home/runner/work/ozone/ozone/hadoop-ozone/integration-test/target/test-dir/MiniOzoneClusterImpl-b581443b-e568-4d1b-b747-432576f6d125/datanode-0/data-0/containers/hdds
2021-08-12 04:56:06,211 [Listener at 127.0.0.1/33743] INFO  volume.StorageVolumeChecker (StorageVolumeChecker.java:checkAllVolumes(202)) - Scheduled health check for volume /home/runner/work/ozone/ozone/hadoop-ozone/integration-test/target/test-dir/MiniOzoneClusterImpl-b581443b-e568-4d1b-b747-432576f6d125/datanode-0/data-0/containers/hdds
2021-08-12 04:56:06,254 [Listener at 127.0.0.1/33743] INFO  volume.MutableVolumeSet (MutableVolumeSet.java:initializeVolumeSet(181)) - Added Volume : /home/runner/work/ozone/ozone/hadoop-ozone/integration-test/target/test-dir/MiniOzoneClusterImpl-b581443b-e568-4d1b-b747-432576f6d125/datanode-0/data/ratis to VolumeSet
2021-08-12 04:56:06,254 [Listener at 127.0.0.1/33743] INFO  volume.ThrottledAsyncChecker (ThrottledAsyncChecker.java:schedule(141)) - Scheduling a check for /home/runner/work/ozone/ozone/hadoop-ozone/integration-test/target/test-dir/MiniOzoneClusterImpl-b581443b-e568-4d1b-b747-432576f6d125/datanode-0/data/ratis
2021-08-12 04:56:06,254 [Listener at 127.0.0.1/33743] INFO  volume.StorageVolumeChecker (StorageVolumeChecker.java:checkAllVolumes(202)) - Scheduled health check for volume /home/runner/work/ozone/ozone/hadoop-ozone/integration-test/target/test-dir/MiniOzoneClusterImpl-b581443b-e568-4d1b-b747-432576f6d125/datanode-0/data/ratis
2021-08-12 04:56:06,299 [Listener at 127.0.0.1/33743] INFO  ozoneimpl.ContainerReader (ContainerReader.java:<init>(98)) - Running in upgrade mode:true
2021-08-12 04:56:06,299 [Thread-884] INFO  ozoneimpl.ContainerReader (ContainerReader.java:readVolume(142)) - Start to verify containers on volume /home/runner/work/ozone/ozone/hadoop-ozone/integration-test/target/test-dir/MiniOzoneClusterImpl-b581443b-e568-4d1b-b747-432576f6d125/datanode-0/data-0/containers/hdds
2021-08-12 04:56:06,299 [Thread-884] INFO  ozoneimpl.ContainerReader (ContainerReader.java:readVolume(174)) - Finish verifying containers on volume /home/runner/work/ozone/ozone/hadoop-ozone/integration-test/target/test-dir/MiniOzoneClusterImpl-b581443b-e568-4d1b-b747-432576f6d125/datanode-0/data-0/containers/hdds
2021-08-12 04:56:06,299 [Listener at 127.0.0.1/33743] INFO  ozoneimpl.OzoneContainer (OzoneContainer.java:buildContainerSet(237)) - Build ContainerSet costs 0s
2021-08-12 04:56:06,301 [Listener at 127.0.0.1/33743] INFO  server.RaftServer (ConfUtils.java:logGet(44)) - raft.rpc.type = GRPC (default)
2021-08-12 04:56:06,301 [Listener at 127.0.0.1/33743] INFO  grpc.GrpcFactory (GrpcFactory.java:checkPooledByteBufAllocatorUseCacheForAllThreads(48)) - PERFORMANCE WARNING: useCacheForAllThreads is true that may cause Netty to create a lot garbage objects and, as a result, trigger GC.
	It is recommended to disable useCacheForAllThreads by setting -Dorg.apache.ratis.thirdparty.io.netty.allocator.useCacheForAllThreads=false in command line.
2021-08-12 04:56:06,301 [Listener at 127.0.0.1/33743] INFO  grpc.GrpcConfigKeys (ConfUtils.java:logGet(44)) - raft.grpc.admin.port = 0 (custom)
2021-08-12 04:56:06,301 [Listener at 127.0.0.1/33743] INFO  grpc.GrpcConfigKeys (ConfUtils.java:logGet(44)) - raft.grpc.client.port = 0 (custom)
2021-08-12 04:56:06,301 [Listener at 127.0.0.1/33743] INFO  grpc.GrpcConfigKeys (ConfUtils.java:logGet(44)) - raft.grpc.server.port = 0 (default)
2021-08-12 04:56:06,301 [Listener at 127.0.0.1/33743] INFO  server.GrpcService (ConfUtils.java:logGet(44)) - raft.grpc.message.size.max = 32MB (=33554432) (custom)
2021-08-12 04:56:06,301 [Listener at 127.0.0.1/33743] INFO  server.RaftServerConfigKeys (ConfUtils.java:logGet(44)) - raft.server.log.appender.buffer.byte-limit = 33554432 (custom)
2021-08-12 04:56:06,302 [Listener at 127.0.0.1/33743] INFO  server.GrpcService (ConfUtils.java:logGet(44)) - raft.grpc.flow.control.window = 5MB (=5242880) (custom)
2021-08-12 04:56:06,302 [Listener at 127.0.0.1/33743] INFO  server.RaftServerConfigKeys (ConfUtils.java:logGet(44)) - raft.server.rpc.request.timeout = 60s (custom)
2021-08-12 04:56:06,303 [Listener at 127.0.0.1/33743] INFO  impl.DataStreamServerImpl (ConfUtils.java:logGet(44)) - raft.datastream.type = DISABLED (default)
2021-08-12 04:56:06,303 [Listener at 127.0.0.1/33743] INFO  server.RaftServerConfigKeys (ConfUtils.java:logGet(44)) - raft.server.rpc.slowness.timeout = 300s (custom)
2021-08-12 04:56:06,303 [Listener at 127.0.0.1/33743] INFO  server.RaftServerConfigKeys (ConfUtils.java:logGet(44)) - raft.server.leaderelection.leader.step-down.wait-time = 10s (default)
2021-08-12 04:56:06,303 [Listener at 127.0.0.1/33743] INFO  server.RaftServerConfigKeys (ConfUtils.java:logGet(44)) - raft.server.storage.dir = [/home/runner/work/ozone/ozone/hadoop-ozone/integration-test/target/test-dir/MiniOzoneClusterImpl-b581443b-e568-4d1b-b747-432576f6d125/datanode-0/data/ratis] (custom)
2021-08-12 04:56:06,325 [Listener at 127.0.0.1/33743] INFO  http.BaseHttpServer (BaseHttpServer.java:newHttpServer2BuilderForOzone(209)) - Starting Web-server for hddsDatanode at: http://0.0.0.0:0
2021-08-12 04:56:06,325 [Listener at 127.0.0.1/33743] INFO  http.BaseHttpServer (BaseHttpServer.java:<init>(107)) - Hadoop Security Enabled: false Ozone Security Enabled: false Ozone HTTP Security Enabled: false 
2021-08-12 04:56:06,326 [Listener at 127.0.0.1/33743] INFO  server.AuthenticationFilter (AuthenticationFilter.java:constructSecretProvider(240)) - Unable to initialize FileSignerSecretProvider, falling back to use random secrets.
2021-08-12 04:56:06,326 [Listener at 127.0.0.1/33743] WARN  http.HttpRequestLog (HttpRequestLog.java:getRequestLog(103)) - Jetty request log can only be enabled using Log4j
2021-08-12 04:56:06,327 [Listener at 127.0.0.1/33743] INFO  http.HttpServer2 (HttpServer2.java:addGlobalFilter(1020)) - Added global filter 'safety' (class=org.apache.hadoop.hdds.server.http.HttpServer2$QuotingInputFilter)
2021-08-12 04:56:06,328 [Listener at 127.0.0.1/33743] INFO  http.HttpServer2 (HttpServer2.java:addFilter(996)) - Added filter static_user_filter (class=org.apache.hadoop.http.lib.StaticUserWebFilter$StaticUserFilter) to context hddsDatanode
2021-08-12 04:56:06,328 [Listener at 127.0.0.1/33743] INFO  http.HttpServer2 (HttpServer2.java:addFilter(1004)) - Added filter static_user_filter (class=org.apache.hadoop.http.lib.StaticUserWebFilter$StaticUserFilter) to context logs
2021-08-12 04:56:06,328 [Listener at 127.0.0.1/33743] INFO  http.HttpServer2 (HttpServer2.java:addFilter(1004)) - Added filter static_user_filter (class=org.apache.hadoop.http.lib.StaticUserWebFilter$StaticUserFilter) to context static
2021-08-12 04:56:06,328 [Listener at 127.0.0.1/33743] INFO  http.HttpServer2 (HttpServer2.java:bindListener(1239)) - Jetty bound to port 34037
2021-08-12 04:56:06,328 [Listener at 127.0.0.1/33743] INFO  server.Server (Server.java:doStart(375)) - jetty-9.4.43.v20210629; built: 2021-06-30T11:07:22.254Z; git: 526006ecfa3af7f1a27ef3a288e2bef7ea9dd7e8; jvm 1.8.0_292-b10
2021-08-12 04:56:06,344 [Listener at 127.0.0.1/33743] INFO  server.session (DefaultSessionIdManager.java:doStart(334)) - DefaultSessionIdManager workerName=node0
2021-08-12 04:56:06,344 [Listener at 127.0.0.1/33743] INFO  server.session (DefaultSessionIdManager.java:doStart(339)) - No SessionScavenger set, using defaults
2021-08-12 04:56:06,344 [Listener at 127.0.0.1/33743] INFO  server.session (HouseKeeper.java:startScavenging(132)) - node0 Scavenging every 660000ms
2021-08-12 04:56:06,345 [Listener at 127.0.0.1/33743] INFO  handler.ContextHandler (ContextHandler.java:doStart(915)) - Started o.e.j.s.ServletContextHandler@53b9c27d{logs,/logs,file:///home/runner/work/ozone/ozone/hadoop-ozone/integration-test/target/log,AVAILABLE}
2021-08-12 04:56:06,345 [Listener at 127.0.0.1/33743] INFO  handler.ContextHandler (ContextHandler.java:doStart(915)) - Started o.e.j.s.ServletContextHandler@3094eb00{static,/static,jar:file:/home/runner/.m2/repository/org/apache/ozone/hdds-container-service/1.2.0-SNAPSHOT/hdds-container-service-1.2.0-SNAPSHOT.jar!/webapps/static,AVAILABLE}
2021-08-12 04:56:06,549 [Listener at 127.0.0.1/33743] INFO  handler.ContextHandler (ContextHandler.java:doStart(915)) - Started o.e.j.w.WebAppContext@678a2118{hddsDatanode,/,file:///tmp/jetty-0_0_0_0-34037-hdds-container-service-1_2_0-SNAPSHOT_jar-_-any-607125098302335861/webapp/,AVAILABLE}{jar:file:/home/runner/.m2/repository/org/apache/ozone/hdds-container-service/1.2.0-SNAPSHOT/hdds-container-service-1.2.0-SNAPSHOT.jar!/webapps/hddsDatanode}
2021-08-12 04:56:06,552 [Listener at 127.0.0.1/33743] INFO  server.AbstractConnector (AbstractConnector.java:doStart(331)) - Started ServerConnector@67e984f4{HTTP/1.1, (http/1.1)}{0.0.0.0:34037}
2021-08-12 04:56:06,552 [Listener at 127.0.0.1/33743] INFO  server.Server (Server.java:doStart(415)) - Started @106100ms
2021-08-12 04:56:06,553 [Listener at 127.0.0.1/33743] WARN  impl.MetricsSystemImpl (MetricsSystemImpl.java:register(279)) - Sink prometheus already exists!
2021-08-12 04:56:06,554 [Listener at 127.0.0.1/33743] INFO  http.BaseHttpServer (BaseHttpServer.java:updateConnectorAddress(329)) - HTTP server of hddsDatanode listening at http://0.0.0.0:34037
2021-08-12 04:56:06,554 [Listener at 127.0.0.1/33743] WARN  impl.MetricRegistriesImpl (MetricRegistriesImpl.java:addReporterRegistration(111)) - New reporters are added after registries were created. Some metrics will be missing from the reporter. Please add reporter before adding any new registry.
2021-08-12 04:56:06,554 [Listener at 127.0.0.1/33743] WARN  impl.MetricRegistriesImpl (MetricRegistriesImpl.java:addReporterRegistration(111)) - New reporters are added after registries were created. Some metrics will be missing from the reporter. Please add reporter before adding any new registry.
2021-08-12 04:56:06,554 [Listener at 127.0.0.1/33743] INFO  impl.MetricsSystemImpl (MetricsSystemImpl.java:init(158)) - HddsDatanode metrics system started (again)
2021-08-12 04:56:06,570 [Listener at 127.0.0.1/33743] INFO  ozone.HddsDatanodeService (HddsDatanodeService.java:start(234)) - HddsDatanodeService host:fv-az294-902.eaanfquahm5ulb5tj050gcxych.jx.internal.cloudapp.net ip:10.1.0.13
2021-08-12 04:56:06,631 [org.apache.hadoop.util.JvmPauseMonitor$Monitor@26ed21d5] INFO  util.JvmPauseMonitor (JvmPauseMonitor.java:run(188)) - Starting JVM pause monitor
2021-08-12 04:56:06,636 [Listener at 127.0.0.1/33743] INFO  upgrade.AbstractLayoutVersionManager (AbstractLayoutVersionManager.java:init(70)) - Initializing Layout version manager with metadata layout = SCM_HA (version = 2), software layout = SCM_HA (version = 2)
2021-08-12 04:56:06,647 [Datanode State Machine Task Thread - 0] INFO  datanode.InitDatanodeState (InitDatanodeState.java:persistContainerDatanodeDetails(145)) - DatanodeDetails is persisted to /home/runner/work/ozone/ozone/hadoop-ozone/integration-test/target/test-dir/MiniOzoneClusterImpl-b581443b-e568-4d1b-b747-432576f6d125/datanode-0/meta/datanode.id
2021-08-12 04:56:06,744 [Listener at 127.0.0.1/33743] INFO  reflections.Reflections (Reflections.java:scan(232)) - Reflections took 107 ms to scan 7 urls, producing 120 keys and 275 values 
2021-08-12 04:56:06,758 [Listener at 127.0.0.1/33743] INFO  volume.HddsVolume (HddsVolume.java:<init>(120)) - Creating HddsVolume: /home/runner/work/ozone/ozone/hadoop-ozone/integration-test/target/test-dir/MiniOzoneClusterImpl-b581443b-e568-4d1b-b747-432576f6d125/datanode-1/data-0/containers/hdds of storage type : DISK capacity : 9223372036854775807
2021-08-12 04:56:06,767 [Listener at 127.0.0.1/33743] INFO  volume.MutableVolumeSet (MutableVolumeSet.java:initializeVolumeSet(181)) - Added Volume : /home/runner/work/ozone/ozone/hadoop-ozone/integration-test/target/test-dir/MiniOzoneClusterImpl-b581443b-e568-4d1b-b747-432576f6d125/datanode-1/data-0/containers/hdds to VolumeSet
2021-08-12 04:56:06,767 [Listener at 127.0.0.1/33743] INFO  volume.ThrottledAsyncChecker (ThrottledAsyncChecker.java:schedule(141)) - Scheduling a check for /home/runner/work/ozone/ozone/hadoop-ozone/integration-test/target/test-dir/MiniOzoneClusterImpl-b581443b-e568-4d1b-b747-432576f6d125/datanode-1/data-0/containers/hdds
2021-08-12 04:56:06,794 [Listener at 127.0.0.1/33743] INFO  volume.StorageVolumeChecker (StorageVolumeChecker.java:checkAllVolumes(202)) - Scheduled health check for volume /home/runner/work/ozone/ozone/hadoop-ozone/integration-test/target/test-dir/MiniOzoneClusterImpl-b581443b-e568-4d1b-b747-432576f6d125/datanode-1/data-0/containers/hdds
2021-08-12 04:56:06,821 [Listener at 127.0.0.1/33743] INFO  volume.MutableVolumeSet (MutableVolumeSet.java:initializeVolumeSet(181)) - Added Volume : /home/runner/work/ozone/ozone/hadoop-ozone/integration-test/target/test-dir/MiniOzoneClusterImpl-b581443b-e568-4d1b-b747-432576f6d125/datanode-1/data/ratis to VolumeSet
2021-08-12 04:56:06,825 [Listener at 127.0.0.1/33743] INFO  volume.ThrottledAsyncChecker (ThrottledAsyncChecker.java:schedule(141)) - Scheduling a check for /home/runner/work/ozone/ozone/hadoop-ozone/integration-test/target/test-dir/MiniOzoneClusterImpl-b581443b-e568-4d1b-b747-432576f6d125/datanode-1/data/ratis
2021-08-12 04:56:06,826 [Listener at 127.0.0.1/33743] INFO  volume.StorageVolumeChecker (StorageVolumeChecker.java:checkAllVolumes(202)) - Scheduled health check for volume /home/runner/work/ozone/ozone/hadoop-ozone/integration-test/target/test-dir/MiniOzoneClusterImpl-b581443b-e568-4d1b-b747-432576f6d125/datanode-1/data/ratis
2021-08-12 04:56:06,851 [Listener at 127.0.0.1/33743] INFO  ozoneimpl.ContainerReader (ContainerReader.java:<init>(98)) - Running in upgrade mode:true
2021-08-12 04:56:06,879 [Thread-896] INFO  ozoneimpl.ContainerReader (ContainerReader.java:readVolume(142)) - Start to verify containers on volume /home/runner/work/ozone/ozone/hadoop-ozone/integration-test/target/test-dir/MiniOzoneClusterImpl-b581443b-e568-4d1b-b747-432576f6d125/datanode-1/data-0/containers/hdds
2021-08-12 04:56:06,879 [Thread-896] INFO  ozoneimpl.ContainerReader (ContainerReader.java:readVolume(174)) - Finish verifying containers on volume /home/runner/work/ozone/ozone/hadoop-ozone/integration-test/target/test-dir/MiniOzoneClusterImpl-b581443b-e568-4d1b-b747-432576f6d125/datanode-1/data-0/containers/hdds
2021-08-12 04:56:06,879 [Listener at 127.0.0.1/33743] INFO  ozoneimpl.OzoneContainer (OzoneContainer.java:buildContainerSet(237)) - Build ContainerSet costs 0s
2021-08-12 04:56:06,883 [Listener at 127.0.0.1/33743] INFO  server.RaftServer (ConfUtils.java:logGet(44)) - raft.rpc.type = GRPC (default)
2021-08-12 04:56:06,884 [Listener at 127.0.0.1/33743] INFO  grpc.GrpcFactory (GrpcFactory.java:checkPooledByteBufAllocatorUseCacheForAllThreads(48)) - PERFORMANCE WARNING: useCacheForAllThreads is true that may cause Netty to create a lot garbage objects and, as a result, trigger GC.
	It is recommended to disable useCacheForAllThreads by setting -Dorg.apache.ratis.thirdparty.io.netty.allocator.useCacheForAllThreads=false in command line.
2021-08-12 04:56:06,884 [Listener at 127.0.0.1/33743] INFO  grpc.GrpcConfigKeys (ConfUtils.java:logGet(44)) - raft.grpc.admin.port = 0 (custom)
2021-08-12 04:56:06,884 [Listener at 127.0.0.1/33743] INFO  grpc.GrpcConfigKeys (ConfUtils.java:logGet(44)) - raft.grpc.client.port = 0 (custom)
2021-08-12 04:56:06,884 [Listener at 127.0.0.1/33743] INFO  grpc.GrpcConfigKeys (ConfUtils.java:logGet(44)) - raft.grpc.server.port = 0 (default)
2021-08-12 04:56:06,884 [Listener at 127.0.0.1/33743] INFO  server.GrpcService (ConfUtils.java:logGet(44)) - raft.grpc.message.size.max = 32MB (=33554432) (custom)
2021-08-12 04:56:06,885 [Listener at 127.0.0.1/33743] INFO  server.RaftServerConfigKeys (ConfUtils.java:logGet(44)) - raft.server.log.appender.buffer.byte-limit = 33554432 (custom)
2021-08-12 04:56:06,885 [Listener at 127.0.0.1/33743] INFO  server.GrpcService (ConfUtils.java:logGet(44)) - raft.grpc.flow.control.window = 5MB (=5242880) (custom)
2021-08-12 04:56:06,885 [Listener at 127.0.0.1/33743] INFO  server.RaftServerConfigKeys (ConfUtils.java:logGet(44)) - raft.server.rpc.request.timeout = 60s (custom)
2021-08-12 04:56:06,886 [Listener at 127.0.0.1/33743] INFO  impl.DataStreamServerImpl (ConfUtils.java:logGet(44)) - raft.datastream.type = DISABLED (default)
2021-08-12 04:56:06,887 [Listener at 127.0.0.1/33743] INFO  server.RaftServerConfigKeys (ConfUtils.java:logGet(44)) - raft.server.rpc.slowness.timeout = 300s (custom)
2021-08-12 04:56:06,887 [Listener at 127.0.0.1/33743] INFO  server.RaftServerConfigKeys (ConfUtils.java:logGet(44)) - raft.server.leaderelection.leader.step-down.wait-time = 10s (default)
2021-08-12 04:56:06,887 [Listener at 127.0.0.1/33743] INFO  server.RaftServerConfigKeys (ConfUtils.java:logGet(44)) - raft.server.storage.dir = [/home/runner/work/ozone/ozone/hadoop-ozone/integration-test/target/test-dir/MiniOzoneClusterImpl-b581443b-e568-4d1b-b747-432576f6d125/datanode-1/data/ratis] (custom)
2021-08-12 04:56:06,894 [Listener at 127.0.0.1/33743] INFO  http.BaseHttpServer (BaseHttpServer.java:newHttpServer2BuilderForOzone(209)) - Starting Web-server for hddsDatanode at: http://0.0.0.0:0
2021-08-12 04:56:06,894 [Listener at 127.0.0.1/33743] INFO  http.BaseHttpServer (BaseHttpServer.java:<init>(107)) - Hadoop Security Enabled: false Ozone Security Enabled: false Ozone HTTP Security Enabled: false 
2021-08-12 04:56:06,895 [Listener at 127.0.0.1/33743] INFO  server.AuthenticationFilter (AuthenticationFilter.java:constructSecretProvider(240)) - Unable to initialize FileSignerSecretProvider, falling back to use random secrets.
2021-08-12 04:56:06,905 [Listener at 127.0.0.1/33743] WARN  http.HttpRequestLog (HttpRequestLog.java:getRequestLog(103)) - Jetty request log can only be enabled using Log4j
2021-08-12 04:56:06,906 [Listener at 127.0.0.1/33743] INFO  http.HttpServer2 (HttpServer2.java:addGlobalFilter(1020)) - Added global filter 'safety' (class=org.apache.hadoop.hdds.server.http.HttpServer2$QuotingInputFilter)
2021-08-12 04:56:06,907 [Listener at 127.0.0.1/33743] INFO  http.HttpServer2 (HttpServer2.java:addFilter(996)) - Added filter static_user_filter (class=org.apache.hadoop.http.lib.StaticUserWebFilter$StaticUserFilter) to context hddsDatanode
2021-08-12 04:56:06,907 [Listener at 127.0.0.1/33743] INFO  http.HttpServer2 (HttpServer2.java:addFilter(1004)) - Added filter static_user_filter (class=org.apache.hadoop.http.lib.StaticUserWebFilter$StaticUserFilter) to context static
2021-08-12 04:56:06,907 [Listener at 127.0.0.1/33743] INFO  http.HttpServer2 (HttpServer2.java:addFilter(1004)) - Added filter static_user_filter (class=org.apache.hadoop.http.lib.StaticUserWebFilter$StaticUserFilter) to context logs
2021-08-12 04:56:06,907 [Listener at 127.0.0.1/33743] INFO  http.HttpServer2 (HttpServer2.java:bindListener(1239)) - Jetty bound to port 42567
2021-08-12 04:56:06,907 [Listener at 127.0.0.1/33743] INFO  server.Server (Server.java:doStart(375)) - jetty-9.4.43.v20210629; built: 2021-06-30T11:07:22.254Z; git: 526006ecfa3af7f1a27ef3a288e2bef7ea9dd7e8; jvm 1.8.0_292-b10
2021-08-12 04:56:06,909 [Listener at 127.0.0.1/33743] INFO  server.session (DefaultSessionIdManager.java:doStart(334)) - DefaultSessionIdManager workerName=node0
2021-08-12 04:56:06,909 [Listener at 127.0.0.1/33743] INFO  server.session (DefaultSessionIdManager.java:doStart(339)) - No SessionScavenger set, using defaults
2021-08-12 04:56:06,910 [Listener at 127.0.0.1/33743] INFO  server.session (HouseKeeper.java:startScavenging(132)) - node0 Scavenging every 600000ms
2021-08-12 04:56:06,910 [Listener at 127.0.0.1/33743] INFO  handler.ContextHandler (ContextHandler.java:doStart(915)) - Started o.e.j.s.ServletContextHandler@49df6076{logs,/logs,file:///home/runner/work/ozone/ozone/hadoop-ozone/integration-test/target/log,AVAILABLE}
2021-08-12 04:56:06,911 [Listener at 127.0.0.1/33743] INFO  handler.ContextHandler (ContextHandler.java:doStart(915)) - Started o.e.j.s.ServletContextHandler@722c40bf{static,/static,jar:file:/home/runner/.m2/repository/org/apache/ozone/hdds-container-service/1.2.0-SNAPSHOT/hdds-container-service-1.2.0-SNAPSHOT.jar!/webapps/static,AVAILABLE}
2021-08-12 04:56:06,984 [om1@group-C5BA1605619E-FollowerState] INFO  impl.FollowerState (FollowerState.java:run(134)) - om1@group-C5BA1605619E-FollowerState: change to CANDIDATE, lastRpcElapsedTime:1103720642ns, electionTimeout:1091ms
2021-08-12 04:56:06,984 [om1@group-C5BA1605619E-FollowerState] INFO  impl.RoleInfo (RoleInfo.java:shutdownFollowerState(108)) - om1: shutdown om1@group-C5BA1605619E-FollowerState
2021-08-12 04:56:06,985 [om1@group-C5BA1605619E-FollowerState] INFO  server.RaftServer$Division (RaftServerImpl.java:setRole(285)) - om1@group-C5BA1605619E: changes role from  FOLLOWER to CANDIDATE at term 0 for changeToCandidate
2021-08-12 04:56:06,985 [om1@group-C5BA1605619E-FollowerState] INFO  server.RaftServerConfigKeys (ConfUtils.java:logGet(44)) - raft.server.leaderelection.pre-vote = false (custom)
2021-08-12 04:56:06,985 [om1@group-C5BA1605619E-FollowerState] INFO  impl.RoleInfo (RoleInfo.java:updateAndGet(130)) - om1: start om1@group-C5BA1605619E-LeaderElection27
2021-08-12 04:56:07,016 [om1@group-C5BA1605619E-LeaderElection27] INFO  impl.LeaderElection (LeaderElection.java:askForVotes(306)) - om1@group-C5BA1605619E-LeaderElection27 ELECTION round 0: submit vote requests at term 1 for -1: [om1|rpc:localhost:9872|priority:0], old=null
2021-08-12 04:56:07,016 [om1@group-C5BA1605619E-LeaderElection27] INFO  impl.LeaderElection (LeaderElection.java:askForVotes(308)) - om1@group-C5BA1605619E-LeaderElection27 ELECTION round 0: result PASSED (term=1)
2021-08-12 04:56:07,016 [om1@group-C5BA1605619E-LeaderElection27] INFO  impl.RoleInfo (RoleInfo.java:shutdownLeaderElection(121)) - om1: shutdown om1@group-C5BA1605619E-LeaderElection27
2021-08-12 04:56:07,017 [om1@group-C5BA1605619E-LeaderElection27] INFO  server.RaftServer$Division (RaftServerImpl.java:setRole(285)) - om1@group-C5BA1605619E: changes role from CANDIDATE to LEADER at term 1 for changeToLeader
2021-08-12 04:56:07,017 [om1@group-C5BA1605619E-LeaderElection27] INFO  server.RaftServer$Division (ServerState.java:setLeader(285)) - om1@group-C5BA1605619E: change Leader from null to om1 at term 1 for becomeLeader, leader elected after 1193ms
2021-08-12 04:56:07,017 [om1@group-C5BA1605619E-LeaderElection27] INFO  server.RaftServerConfigKeys (ConfUtils.java:logGet(44)) - raft.server.staging.catchup.gap = 1000 (default)
2021-08-12 04:56:07,017 [om1@group-C5BA1605619E-LeaderElection27] INFO  server.RaftServerConfigKeys (ConfUtils.java:logGet(44)) - raft.server.write.element-limit = 4096 (default)
2021-08-12 04:56:07,017 [om1@group-C5BA1605619E-LeaderElection27] INFO  server.RaftServerConfigKeys (ConfUtils.java:logGet(44)) - raft.server.write.byte-limit = 64MB (=67108864) (default)
2021-08-12 04:56:07,017 [om1@group-C5BA1605619E-LeaderElection27] INFO  server.RaftServerConfigKeys (ConfUtils.java:logGet(44)) - raft.server.watch.timeout = 10s (default)
2021-08-12 04:56:07,017 [om1@group-C5BA1605619E-LeaderElection27] INFO  server.RaftServerConfigKeys (ConfUtils.java:logGet(44)) - raft.server.watch.timeout.denomination = 1s (default)
2021-08-12 04:56:07,017 [om1@group-C5BA1605619E-LeaderElection27] INFO  server.RaftServerConfigKeys (ConfUtils.java:logGet(44)) - raft.server.watch.element-limit = 65536 (default)
2021-08-12 04:56:07,018 [om1@group-C5BA1605619E-LeaderElection27] INFO  impl.RoleInfo (RoleInfo.java:updateAndGet(130)) - om1: start om1@group-C5BA1605619E-LeaderStateImpl
2021-08-12 04:56:07,018 [om1@group-C5BA1605619E-LeaderElection27] INFO  segmented.SegmentedRaftLogWorker (SegmentedRaftLogWorker.java:startLogSegment(394)) - om1@group-C5BA1605619E-SegmentedRaftLogWorker: Starting segment from index:0
2021-08-12 04:56:07,031 [om1@group-C5BA1605619E-SegmentedRaftLogWorker] INFO  segmented.SegmentedRaftLogWorker (SegmentedRaftLogWorker.java:execute(601)) - om1@group-C5BA1605619E-SegmentedRaftLogWorker: created new log segment /home/runner/work/ozone/ozone/hadoop-ozone/integration-test/target/test-dir/MiniOzoneClusterImpl-b581443b-e568-4d1b-b747-432576f6d125/ozone-meta/ratis/bf265839-605b-3f16-9796-c5ba1605619e/current/log_inprogress_0
2021-08-12 04:56:07,041 [Listener at 127.0.0.1/33743] INFO  handler.ContextHandler (ContextHandler.java:doStart(915)) - Started o.e.j.w.WebAppContext@52243de4{hddsDatanode,/,file:///tmp/jetty-0_0_0_0-42567-hdds-container-service-1_2_0-SNAPSHOT_jar-_-any-6316944741014018874/webapp/,AVAILABLE}{jar:file:/home/runner/.m2/repository/org/apache/ozone/hdds-container-service/1.2.0-SNAPSHOT/hdds-container-service-1.2.0-SNAPSHOT.jar!/webapps/hddsDatanode}
2021-08-12 04:56:07,049 [om1@group-C5BA1605619E-LeaderElection27] INFO  server.RaftServer$Division (ServerState.java:setRaftConf(387)) - om1@group-C5BA1605619E: set configuration 0: [om1|rpc:localhost:9872|admin:|client:|dataStream:|priority:0], old=null
2021-08-12 04:56:07,068 [om1@group-C5BA1605619E-StateMachineUpdater] INFO  ratis.OzoneManagerStateMachine (OzoneManagerStateMachine.java:notifyConfigurationChanged(188)) - Received Configuration change notification from Ratis. New Peer list:
[id: "om1"
address: "localhost:9872"
]
2021-08-12 04:56:07,078 [Listener at 127.0.0.1/33743] INFO  server.AbstractConnector (AbstractConnector.java:doStart(331)) - Started ServerConnector@2df24519{HTTP/1.1, (http/1.1)}{0.0.0.0:42567}
2021-08-12 04:56:07,078 [Listener at 127.0.0.1/33743] INFO  server.Server (Server.java:doStart(415)) - Started @106626ms
2021-08-12 04:56:07,078 [Listener at 127.0.0.1/33743] WARN  impl.MetricsSystemImpl (MetricsSystemImpl.java:register(279)) - Sink prometheus already exists!
2021-08-12 04:56:07,080 [Listener at 127.0.0.1/33743] INFO  http.BaseHttpServer (BaseHttpServer.java:updateConnectorAddress(329)) - HTTP server of hddsDatanode listening at http://0.0.0.0:42567
2021-08-12 04:56:07,081 [Listener at 127.0.0.1/33743] WARN  impl.MetricRegistriesImpl (MetricRegistriesImpl.java:addReporterRegistration(111)) - New reporters are added after registries were created. Some metrics will be missing from the reporter. Please add reporter before adding any new registry.
2021-08-12 04:56:07,081 [Listener at 127.0.0.1/33743] WARN  impl.MetricRegistriesImpl (MetricRegistriesImpl.java:addReporterRegistration(111)) - New reporters are added after registries were created. Some metrics will be missing from the reporter. Please add reporter before adding any new registry.
2021-08-12 04:56:07,081 [Listener at 127.0.0.1/33743] INFO  impl.MetricsSystemImpl (MetricsSystemImpl.java:init(158)) - HddsDatanode metrics system started (again)
2021-08-12 04:56:07,098 [Listener at 127.0.0.1/33743] INFO  ozone.HddsDatanodeService (HddsDatanodeService.java:start(234)) - HddsDatanodeService host:fv-az294-902.eaanfquahm5ulb5tj050gcxych.jx.internal.cloudapp.net ip:10.1.0.13
2021-08-12 04:56:07,111 [org.apache.hadoop.util.JvmPauseMonitor$Monitor@186655d8] INFO  util.JvmPauseMonitor (JvmPauseMonitor.java:run(188)) - Starting JVM pause monitor
2021-08-12 04:56:07,153 [Listener at 127.0.0.1/33743] INFO  upgrade.AbstractLayoutVersionManager (AbstractLayoutVersionManager.java:init(70)) - Initializing Layout version manager with metadata layout = SCM_HA (version = 2), software layout = SCM_HA (version = 2)
2021-08-12 04:56:07,166 [Datanode State Machine Task Thread - 0] INFO  datanode.InitDatanodeState (InitDatanodeState.java:persistContainerDatanodeDetails(145)) - DatanodeDetails is persisted to /home/runner/work/ozone/ozone/hadoop-ozone/integration-test/target/test-dir/MiniOzoneClusterImpl-b581443b-e568-4d1b-b747-432576f6d125/datanode-1/meta/datanode.id
2021-08-12 04:56:07,215 [Listener at 127.0.0.1/33743] INFO  reflections.Reflections (Reflections.java:scan(232)) - Reflections took 58 ms to scan 7 urls, producing 120 keys and 275 values 
2021-08-12 04:56:07,221 [Listener at 127.0.0.1/33743] INFO  volume.HddsVolume (HddsVolume.java:<init>(120)) - Creating HddsVolume: /home/runner/work/ozone/ozone/hadoop-ozone/integration-test/target/test-dir/MiniOzoneClusterImpl-b581443b-e568-4d1b-b747-432576f6d125/datanode-2/data-0/containers/hdds of storage type : DISK capacity : 9223372036854775807
2021-08-12 04:56:07,222 [Listener at 127.0.0.1/33743] INFO  volume.MutableVolumeSet (MutableVolumeSet.java:initializeVolumeSet(181)) - Added Volume : /home/runner/work/ozone/ozone/hadoop-ozone/integration-test/target/test-dir/MiniOzoneClusterImpl-b581443b-e568-4d1b-b747-432576f6d125/datanode-2/data-0/containers/hdds to VolumeSet
2021-08-12 04:56:07,222 [Listener at 127.0.0.1/33743] INFO  volume.ThrottledAsyncChecker (ThrottledAsyncChecker.java:schedule(141)) - Scheduling a check for /home/runner/work/ozone/ozone/hadoop-ozone/integration-test/target/test-dir/MiniOzoneClusterImpl-b581443b-e568-4d1b-b747-432576f6d125/datanode-2/data-0/containers/hdds
2021-08-12 04:56:07,225 [Listener at 127.0.0.1/33743] INFO  volume.StorageVolumeChecker (StorageVolumeChecker.java:checkAllVolumes(202)) - Scheduled health check for volume /home/runner/work/ozone/ozone/hadoop-ozone/integration-test/target/test-dir/MiniOzoneClusterImpl-b581443b-e568-4d1b-b747-432576f6d125/datanode-2/data-0/containers/hdds
2021-08-12 04:56:07,252 [Listener at 127.0.0.1/33743] INFO  volume.MutableVolumeSet (MutableVolumeSet.java:initializeVolumeSet(181)) - Added Volume : /home/runner/work/ozone/ozone/hadoop-ozone/integration-test/target/test-dir/MiniOzoneClusterImpl-b581443b-e568-4d1b-b747-432576f6d125/datanode-2/data/ratis to VolumeSet
2021-08-12 04:56:07,252 [Listener at 127.0.0.1/33743] INFO  volume.ThrottledAsyncChecker (ThrottledAsyncChecker.java:schedule(141)) - Scheduling a check for /home/runner/work/ozone/ozone/hadoop-ozone/integration-test/target/test-dir/MiniOzoneClusterImpl-b581443b-e568-4d1b-b747-432576f6d125/datanode-2/data/ratis
2021-08-12 04:56:07,253 [Listener at 127.0.0.1/33743] INFO  volume.StorageVolumeChecker (StorageVolumeChecker.java:checkAllVolumes(202)) - Scheduled health check for volume /home/runner/work/ozone/ozone/hadoop-ozone/integration-test/target/test-dir/MiniOzoneClusterImpl-b581443b-e568-4d1b-b747-432576f6d125/datanode-2/data/ratis
2021-08-12 04:56:07,270 [Listener at 127.0.0.1/33743] INFO  ozoneimpl.ContainerReader (ContainerReader.java:<init>(98)) - Running in upgrade mode:true
2021-08-12 04:56:07,271 [Thread-910] INFO  ozoneimpl.ContainerReader (ContainerReader.java:readVolume(142)) - Start to verify containers on volume /home/runner/work/ozone/ozone/hadoop-ozone/integration-test/target/test-dir/MiniOzoneClusterImpl-b581443b-e568-4d1b-b747-432576f6d125/datanode-2/data-0/containers/hdds
2021-08-12 04:56:07,271 [Thread-910] INFO  ozoneimpl.ContainerReader (ContainerReader.java:readVolume(174)) - Finish verifying containers on volume /home/runner/work/ozone/ozone/hadoop-ozone/integration-test/target/test-dir/MiniOzoneClusterImpl-b581443b-e568-4d1b-b747-432576f6d125/datanode-2/data-0/containers/hdds
2021-08-12 04:56:07,271 [Listener at 127.0.0.1/33743] INFO  ozoneimpl.OzoneContainer (OzoneContainer.java:buildContainerSet(237)) - Build ContainerSet costs 0s
2021-08-12 04:56:07,273 [Listener at 127.0.0.1/33743] INFO  server.RaftServer (ConfUtils.java:logGet(44)) - raft.rpc.type = GRPC (default)
2021-08-12 04:56:07,273 [Listener at 127.0.0.1/33743] INFO  grpc.GrpcFactory (GrpcFactory.java:checkPooledByteBufAllocatorUseCacheForAllThreads(48)) - PERFORMANCE WARNING: useCacheForAllThreads is true that may cause Netty to create a lot garbage objects and, as a result, trigger GC.
	It is recommended to disable useCacheForAllThreads by setting -Dorg.apache.ratis.thirdparty.io.netty.allocator.useCacheForAllThreads=false in command line.
2021-08-12 04:56:07,273 [Listener at 127.0.0.1/33743] INFO  grpc.GrpcConfigKeys (ConfUtils.java:logGet(44)) - raft.grpc.admin.port = 0 (custom)
2021-08-12 04:56:07,273 [Listener at 127.0.0.1/33743] INFO  grpc.GrpcConfigKeys (ConfUtils.java:logGet(44)) - raft.grpc.client.port = 0 (custom)
2021-08-12 04:56:07,273 [Listener at 127.0.0.1/33743] INFO  grpc.GrpcConfigKeys (ConfUtils.java:logGet(44)) - raft.grpc.server.port = 0 (default)
2021-08-12 04:56:07,274 [Listener at 127.0.0.1/33743] INFO  server.GrpcService (ConfUtils.java:logGet(44)) - raft.grpc.message.size.max = 32MB (=33554432) (custom)
2021-08-12 04:56:07,274 [Listener at 127.0.0.1/33743] INFO  server.RaftServerConfigKeys (ConfUtils.java:logGet(44)) - raft.server.log.appender.buffer.byte-limit = 33554432 (custom)
2021-08-12 04:56:07,274 [Listener at 127.0.0.1/33743] INFO  server.GrpcService (ConfUtils.java:logGet(44)) - raft.grpc.flow.control.window = 5MB (=5242880) (custom)
2021-08-12 04:56:07,274 [Listener at 127.0.0.1/33743] INFO  server.RaftServerConfigKeys (ConfUtils.java:logGet(44)) - raft.server.rpc.request.timeout = 60s (custom)
2021-08-12 04:56:07,278 [Listener at 127.0.0.1/33743] INFO  impl.DataStreamServerImpl (ConfUtils.java:logGet(44)) - raft.datastream.type = DISABLED (default)
2021-08-12 04:56:07,279 [Listener at 127.0.0.1/33743] INFO  server.RaftServerConfigKeys (ConfUtils.java:logGet(44)) - raft.server.rpc.slowness.timeout = 300s (custom)
2021-08-12 04:56:07,279 [Listener at 127.0.0.1/33743] INFO  server.RaftServerConfigKeys (ConfUtils.java:logGet(44)) - raft.server.leaderelection.leader.step-down.wait-time = 10s (default)
2021-08-12 04:56:07,283 [Listener at 127.0.0.1/33743] INFO  server.RaftServerConfigKeys (ConfUtils.java:logGet(44)) - raft.server.storage.dir = [/home/runner/work/ozone/ozone/hadoop-ozone/integration-test/target/test-dir/MiniOzoneClusterImpl-b581443b-e568-4d1b-b747-432576f6d125/datanode-2/data/ratis] (custom)
2021-08-12 04:56:07,301 [Listener at 127.0.0.1/33743] INFO  http.BaseHttpServer (BaseHttpServer.java:newHttpServer2BuilderForOzone(209)) - Starting Web-server for hddsDatanode at: http://0.0.0.0:0
2021-08-12 04:56:07,301 [Listener at 127.0.0.1/33743] INFO  http.BaseHttpServer (BaseHttpServer.java:<init>(107)) - Hadoop Security Enabled: false Ozone Security Enabled: false Ozone HTTP Security Enabled: false 
2021-08-12 04:56:07,302 [Listener at 127.0.0.1/33743] INFO  server.AuthenticationFilter (AuthenticationFilter.java:constructSecretProvider(240)) - Unable to initialize FileSignerSecretProvider, falling back to use random secrets.
2021-08-12 04:56:07,307 [Listener at 127.0.0.1/33743] WARN  http.HttpRequestLog (HttpRequestLog.java:getRequestLog(103)) - Jetty request log can only be enabled using Log4j
2021-08-12 04:56:07,308 [Listener at 127.0.0.1/33743] INFO  http.HttpServer2 (HttpServer2.java:addGlobalFilter(1020)) - Added global filter 'safety' (class=org.apache.hadoop.hdds.server.http.HttpServer2$QuotingInputFilter)
2021-08-12 04:56:07,308 [Listener at 127.0.0.1/33743] INFO  http.HttpServer2 (HttpServer2.java:addFilter(996)) - Added filter static_user_filter (class=org.apache.hadoop.http.lib.StaticUserWebFilter$StaticUserFilter) to context hddsDatanode
2021-08-12 04:56:07,309 [Listener at 127.0.0.1/33743] INFO  http.HttpServer2 (HttpServer2.java:addFilter(1004)) - Added filter static_user_filter (class=org.apache.hadoop.http.lib.StaticUserWebFilter$StaticUserFilter) to context logs
2021-08-12 04:56:07,309 [Listener at 127.0.0.1/33743] INFO  http.HttpServer2 (HttpServer2.java:addFilter(1004)) - Added filter static_user_filter (class=org.apache.hadoop.http.lib.StaticUserWebFilter$StaticUserFilter) to context static
2021-08-12 04:56:07,309 [Listener at 127.0.0.1/33743] INFO  http.HttpServer2 (HttpServer2.java:bindListener(1239)) - Jetty bound to port 46815
2021-08-12 04:56:07,309 [Listener at 127.0.0.1/33743] INFO  server.Server (Server.java:doStart(375)) - jetty-9.4.43.v20210629; built: 2021-06-30T11:07:22.254Z; git: 526006ecfa3af7f1a27ef3a288e2bef7ea9dd7e8; jvm 1.8.0_292-b10
2021-08-12 04:56:07,369 [Listener at 127.0.0.1/33743] INFO  server.session (DefaultSessionIdManager.java:doStart(334)) - DefaultSessionIdManager workerName=node0
2021-08-12 04:56:07,370 [Listener at 127.0.0.1/33743] INFO  server.session (DefaultSessionIdManager.java:doStart(339)) - No SessionScavenger set, using defaults
2021-08-12 04:56:07,370 [Listener at 127.0.0.1/33743] INFO  server.session (HouseKeeper.java:startScavenging(132)) - node0 Scavenging every 660000ms
2021-08-12 04:56:07,370 [Listener at 127.0.0.1/33743] INFO  handler.ContextHandler (ContextHandler.java:doStart(915)) - Started o.e.j.s.ServletContextHandler@ac3a9f1{logs,/logs,file:///home/runner/work/ozone/ozone/hadoop-ozone/integration-test/target/log,AVAILABLE}
2021-08-12 04:56:07,371 [Listener at 127.0.0.1/33743] INFO  handler.ContextHandler (ContextHandler.java:doStart(915)) - Started o.e.j.s.ServletContextHandler@568a7b8c{static,/static,jar:file:/home/runner/.m2/repository/org/apache/ozone/hdds-container-service/1.2.0-SNAPSHOT/hdds-container-service-1.2.0-SNAPSHOT.jar!/webapps/static,AVAILABLE}
2021-08-12 04:56:07,500 [Listener at 127.0.0.1/33743] INFO  handler.ContextHandler (ContextHandler.java:doStart(915)) - Started o.e.j.w.WebAppContext@82e7f7c{hddsDatanode,/,file:///tmp/jetty-0_0_0_0-46815-hdds-container-service-1_2_0-SNAPSHOT_jar-_-any-3650983633059131597/webapp/,AVAILABLE}{jar:file:/home/runner/.m2/repository/org/apache/ozone/hdds-container-service/1.2.0-SNAPSHOT/hdds-container-service-1.2.0-SNAPSHOT.jar!/webapps/hddsDatanode}
2021-08-12 04:56:07,523 [Listener at 127.0.0.1/33743] INFO  server.AbstractConnector (AbstractConnector.java:doStart(331)) - Started ServerConnector@5066765a{HTTP/1.1, (http/1.1)}{0.0.0.0:46815}
2021-08-12 04:56:07,523 [Listener at 127.0.0.1/33743] INFO  server.Server (Server.java:doStart(415)) - Started @107070ms
2021-08-12 04:56:07,523 [Listener at 127.0.0.1/33743] WARN  impl.MetricsSystemImpl (MetricsSystemImpl.java:register(279)) - Sink prometheus already exists!
2021-08-12 04:56:07,524 [Listener at 127.0.0.1/33743] INFO  http.BaseHttpServer (BaseHttpServer.java:updateConnectorAddress(329)) - HTTP server of hddsDatanode listening at http://0.0.0.0:46815
2021-08-12 04:56:07,530 [Listener at 127.0.0.1/33743] INFO  ozone.MiniOzoneClusterImpl (MiniOzoneClusterImpl.java:lambda$waitForClusterToBeReady$0(235)) - Waiting for nodes to be ready. Got 0 of 3 DN Heartbeats.
2021-08-12 04:56:07,530 [Listener at 127.0.0.1/33743] INFO  ozone.MiniOzoneClusterImpl (MiniOzoneClusterImpl.java:lambda$waitForClusterToBeReady$0(238)) - Waiting for cluster to exit safe mode
2021-08-12 04:56:07,530 [Listener at 127.0.0.1/33743] INFO  ozone.MiniOzoneClusterImpl (MiniOzoneClusterImpl.java:lambda$waitForClusterToBeReady$0(240)) - SCM became leader
2021-08-12 04:56:07,575 [org.apache.hadoop.util.JvmPauseMonitor$Monitor@53d19bba] INFO  util.JvmPauseMonitor (JvmPauseMonitor.java:run(188)) - Starting JVM pause monitor
2021-08-12 04:56:07,600 [Datanode State Machine Task Thread - 0] INFO  datanode.InitDatanodeState (InitDatanodeState.java:persistContainerDatanodeDetails(145)) - DatanodeDetails is persisted to /home/runner/work/ozone/ozone/hadoop-ozone/integration-test/target/test-dir/MiniOzoneClusterImpl-b581443b-e568-4d1b-b747-432576f6d125/datanode-2/meta/datanode.id
2021-08-12 04:56:08,530 [Listener at 127.0.0.1/33743] INFO  ozone.MiniOzoneClusterImpl (MiniOzoneClusterImpl.java:lambda$waitForClusterToBeReady$0(235)) - Waiting for nodes to be ready. Got 0 of 3 DN Heartbeats.
2021-08-12 04:56:08,530 [Listener at 127.0.0.1/33743] INFO  ozone.MiniOzoneClusterImpl (MiniOzoneClusterImpl.java:lambda$waitForClusterToBeReady$0(238)) - Waiting for cluster to exit safe mode
2021-08-12 04:56:08,530 [Listener at 127.0.0.1/33743] INFO  ozone.MiniOzoneClusterImpl (MiniOzoneClusterImpl.java:lambda$waitForClusterToBeReady$0(240)) - SCM became leader
2021-08-12 04:56:08,670 [EndpointStateMachine task thread for /0.0.0.0:39623 - 0 ] INFO  ozoneimpl.OzoneContainer (OzoneContainer.java:start(305)) - Attempting to start container services.
2021-08-12 04:56:08,670 [EndpointStateMachine task thread for /0.0.0.0:39623 - 0 ] INFO  ozoneimpl.OzoneContainer (OzoneContainer.java:startContainerScrub(250)) - Background container scanner has been disabled.
2021-08-12 04:56:08,670 [EndpointStateMachine task thread for /0.0.0.0:39623 - 0 ] INFO  replication.ReplicationServer (ReplicationServer.java:start(106)) - ReplicationServer is started using port 46189
2021-08-12 04:56:08,673 [EndpointStateMachine task thread for /0.0.0.0:39623 - 0 ] INFO  ratis.XceiverServerRatis (XceiverServerRatis.java:start(482)) - Starting XceiverServerRatis 9a0e8214-5584-40e1-a769-3f536150c8aa
2021-08-12 04:56:08,675 [EndpointStateMachine task thread for /0.0.0.0:39623 - 0 ] INFO  server.RaftServer (RaftServerProxy.java:lambda$start$5(374)) - 9a0e8214-5584-40e1-a769-3f536150c8aa: start RPC server
2021-08-12 04:56:08,678 [EndpointStateMachine task thread for /0.0.0.0:39623 - 0 ] INFO  server.GrpcService (GrpcService.java:startImpl(253)) - 9a0e8214-5584-40e1-a769-3f536150c8aa: GrpcService started, listening on 46203
2021-08-12 04:56:08,679 [EndpointStateMachine task thread for /0.0.0.0:39623 - 0 ] INFO  ratis.XceiverServerRatis (XceiverServerRatis.java:getRealPort(503)) - XceiverServerRatis 9a0e8214-5584-40e1-a769-3f536150c8aa is started using port 46203 for RATIS
2021-08-12 04:56:08,679 [EndpointStateMachine task thread for /0.0.0.0:39623 - 0 ] INFO  ratis.XceiverServerRatis (XceiverServerRatis.java:getRealPort(503)) - XceiverServerRatis 9a0e8214-5584-40e1-a769-3f536150c8aa is started using port 46203 for RATIS_ADMIN
2021-08-12 04:56:08,679 [EndpointStateMachine task thread for /0.0.0.0:39623 - 0 ] INFO  ratis.XceiverServerRatis (XceiverServerRatis.java:getRealPort(503)) - XceiverServerRatis 9a0e8214-5584-40e1-a769-3f536150c8aa is started using port 46203 for RATIS_SERVER
2021-08-12 04:56:08,680 [EndpointStateMachine task thread for /0.0.0.0:39623 - 0 ] INFO  server.XceiverServerGrpc (XceiverServerGrpc.java:start(135)) - XceiverServerGrpc 9a0e8214-5584-40e1-a769-3f536150c8aa is started using port 44017
2021-08-12 04:56:08,708 [org.apache.ratis.util.JvmPauseMonitor$$Lambda$531/403959257@377cdf70] INFO  util.JvmPauseMonitor (JvmPauseMonitor.java:run(103)) - JvmPauseMonitor-9a0e8214-5584-40e1-a769-3f536150c8aa: Started
2021-08-12 04:56:09,118 [EndpointStateMachine task thread for /0.0.0.0:39623 - 0 ] INFO  ozoneimpl.OzoneContainer (OzoneContainer.java:start(305)) - Attempting to start container services.
2021-08-12 04:56:09,119 [EndpointStateMachine task thread for /0.0.0.0:39623 - 0 ] INFO  ozoneimpl.OzoneContainer (OzoneContainer.java:startContainerScrub(250)) - Background container scanner has been disabled.
2021-08-12 04:56:09,119 [EndpointStateMachine task thread for /0.0.0.0:39623 - 0 ] INFO  replication.ReplicationServer (ReplicationServer.java:start(106)) - ReplicationServer is started using port 45293
2021-08-12 04:56:09,131 [EndpointStateMachine task thread for /0.0.0.0:39623 - 0 ] INFO  ratis.XceiverServerRatis (XceiverServerRatis.java:start(482)) - Starting XceiverServerRatis 8e39d2b9-5f55-4968-84c5-bb891011fe79
2021-08-12 04:56:09,144 [EndpointStateMachine task thread for /0.0.0.0:39623 - 0 ] INFO  server.RaftServer (RaftServerProxy.java:lambda$start$5(374)) - 8e39d2b9-5f55-4968-84c5-bb891011fe79: start RPC server
2021-08-12 04:56:09,144 [EndpointStateMachine task thread for /0.0.0.0:39623 - 0 ] INFO  server.GrpcService (GrpcService.java:startImpl(253)) - 8e39d2b9-5f55-4968-84c5-bb891011fe79: GrpcService started, listening on 38289
2021-08-12 04:56:09,144 [EndpointStateMachine task thread for /0.0.0.0:39623 - 0 ] INFO  ratis.XceiverServerRatis (XceiverServerRatis.java:getRealPort(503)) - XceiverServerRatis 8e39d2b9-5f55-4968-84c5-bb891011fe79 is started using port 38289 for RATIS
2021-08-12 04:56:09,144 [EndpointStateMachine task thread for /0.0.0.0:39623 - 0 ] INFO  ratis.XceiverServerRatis (XceiverServerRatis.java:getRealPort(503)) - XceiverServerRatis 8e39d2b9-5f55-4968-84c5-bb891011fe79 is started using port 38289 for RATIS_ADMIN
2021-08-12 04:56:09,144 [EndpointStateMachine task thread for /0.0.0.0:39623 - 0 ] INFO  ratis.XceiverServerRatis (XceiverServerRatis.java:getRealPort(503)) - XceiverServerRatis 8e39d2b9-5f55-4968-84c5-bb891011fe79 is started using port 38289 for RATIS_SERVER
2021-08-12 04:56:09,145 [EndpointStateMachine task thread for /0.0.0.0:39623 - 0 ] INFO  server.XceiverServerGrpc (XceiverServerGrpc.java:start(135)) - XceiverServerGrpc 8e39d2b9-5f55-4968-84c5-bb891011fe79 is started using port 39123
2021-08-12 04:56:09,154 [org.apache.ratis.util.JvmPauseMonitor$$Lambda$531/403959257@6ba107d7] INFO  util.JvmPauseMonitor (JvmPauseMonitor.java:run(103)) - JvmPauseMonitor-8e39d2b9-5f55-4968-84c5-bb891011fe79: Started
2021-08-12 04:56:09,531 [Listener at 127.0.0.1/33743] INFO  ozone.MiniOzoneClusterImpl (MiniOzoneClusterImpl.java:lambda$waitForClusterToBeReady$0(235)) - Waiting for nodes to be ready. Got 0 of 3 DN Heartbeats.
2021-08-12 04:56:09,531 [Listener at 127.0.0.1/33743] INFO  ozone.MiniOzoneClusterImpl (MiniOzoneClusterImpl.java:lambda$waitForClusterToBeReady$0(238)) - Waiting for cluster to exit safe mode
2021-08-12 04:56:09,531 [Listener at 127.0.0.1/33743] INFO  ozone.MiniOzoneClusterImpl (MiniOzoneClusterImpl.java:lambda$waitForClusterToBeReady$0(240)) - SCM became leader
2021-08-12 04:56:09,588 [EndpointStateMachine task thread for /0.0.0.0:39623 - 0 ] INFO  ozoneimpl.OzoneContainer (OzoneContainer.java:start(305)) - Attempting to start container services.
2021-08-12 04:56:09,588 [EndpointStateMachine task thread for /0.0.0.0:39623 - 0 ] INFO  ozoneimpl.OzoneContainer (OzoneContainer.java:startContainerScrub(250)) - Background container scanner has been disabled.
2021-08-12 04:56:09,590 [EndpointStateMachine task thread for /0.0.0.0:39623 - 0 ] INFO  replication.ReplicationServer (ReplicationServer.java:start(106)) - ReplicationServer is started using port 38933
2021-08-12 04:56:09,601 [EndpointStateMachine task thread for /0.0.0.0:39623 - 0 ] INFO  ratis.XceiverServerRatis (XceiverServerRatis.java:start(482)) - Starting XceiverServerRatis 1c547540-2a18-4c6b-b829-eadf34e8c743
2021-08-12 04:56:09,612 [EndpointStateMachine task thread for /0.0.0.0:39623 - 0 ] INFO  server.RaftServer (RaftServerProxy.java:lambda$start$5(374)) - 1c547540-2a18-4c6b-b829-eadf34e8c743: start RPC server
2021-08-12 04:56:09,612 [EndpointStateMachine task thread for /0.0.0.0:39623 - 0 ] INFO  server.GrpcService (GrpcService.java:startImpl(253)) - 1c547540-2a18-4c6b-b829-eadf34e8c743: GrpcService started, listening on 37015
2021-08-12 04:56:09,613 [EndpointStateMachine task thread for /0.0.0.0:39623 - 0 ] INFO  ratis.XceiverServerRatis (XceiverServerRatis.java:getRealPort(503)) - XceiverServerRatis 1c547540-2a18-4c6b-b829-eadf34e8c743 is started using port 37015 for RATIS
2021-08-12 04:56:09,613 [EndpointStateMachine task thread for /0.0.0.0:39623 - 0 ] INFO  ratis.XceiverServerRatis (XceiverServerRatis.java:getRealPort(503)) - XceiverServerRatis 1c547540-2a18-4c6b-b829-eadf34e8c743 is started using port 37015 for RATIS_ADMIN
2021-08-12 04:56:09,613 [EndpointStateMachine task thread for /0.0.0.0:39623 - 0 ] INFO  ratis.XceiverServerRatis (XceiverServerRatis.java:getRealPort(503)) - XceiverServerRatis 1c547540-2a18-4c6b-b829-eadf34e8c743 is started using port 37015 for RATIS_SERVER
2021-08-12 04:56:09,613 [EndpointStateMachine task thread for /0.0.0.0:39623 - 0 ] INFO  server.XceiverServerGrpc (XceiverServerGrpc.java:start(135)) - XceiverServerGrpc 1c547540-2a18-4c6b-b829-eadf34e8c743 is started using port 38401
2021-08-12 04:56:09,614 [org.apache.ratis.util.JvmPauseMonitor$$Lambda$531/403959257@24bf0df0] INFO  util.JvmPauseMonitor (JvmPauseMonitor.java:run(103)) - JvmPauseMonitor-1c547540-2a18-4c6b-b829-eadf34e8c743: Started
2021-08-12 04:56:10,531 [Listener at 127.0.0.1/33743] INFO  ozone.MiniOzoneClusterImpl (MiniOzoneClusterImpl.java:lambda$waitForClusterToBeReady$0(235)) - Waiting for nodes to be ready. Got 0 of 3 DN Heartbeats.
2021-08-12 04:56:10,531 [Listener at 127.0.0.1/33743] INFO  ozone.MiniOzoneClusterImpl (MiniOzoneClusterImpl.java:lambda$waitForClusterToBeReady$0(238)) - Waiting for cluster to exit safe mode
2021-08-12 04:56:10,531 [Listener at 127.0.0.1/33743] INFO  ozone.MiniOzoneClusterImpl (MiniOzoneClusterImpl.java:lambda$waitForClusterToBeReady$0(240)) - SCM became leader
2021-08-12 04:56:10,631 [IPC Server handler 1 on default port 39623] INFO  net.NetworkTopologyImpl (NetworkTopologyImpl.java:add(112)) - Added a new node: /default-rack/9a0e8214-5584-40e1-a769-3f536150c8aa
2021-08-12 04:56:10,632 [IPC Server handler 1 on default port 39623] INFO  node.SCMNodeManager (SCMNodeManager.java:register(390)) - Registered Data node : 9a0e8214-5584-40e1-a769-3f536150c8aa{ip: 10.1.0.13, host: fv-az294-902.eaanfquahm5ulb5tj050gcxych.jx.internal.cloudapp.net, ports: [REPLICATION=46189, RATIS=46203, RATIS_ADMIN=46203, RATIS_SERVER=46203, STANDALONE=44017], networkLocation: /default-rack, certSerialId: null, persistedOpState: null, persistedOpStateExpiryEpochSec: 0}
2021-08-12 04:56:10,637 [EventQueue-NodeRegistrationContainerReportForContainerSafeModeRule] INFO  safemode.SCMSafeModeManager (SCMSafeModeManager.java:validateSafeModeExitRules(204)) - ContainerSafeModeRule rule is successfully validated
2021-08-12 04:56:10,637 [EventQueue-NodeRegistrationContainerReportForDataNodeSafeModeRule] INFO  safemode.SCMSafeModeManager (DataNodeSafeModeRule.java:process(71)) - SCM in safe mode. 1 DataNodes registered, 3 required.
2021-08-12 04:56:10,648 [EventQueue-NewNodeForNewNodeHandler] INFO  pipeline.BackgroundPipelineCreator (BackgroundPipelineCreatorV2.java:notifyEventTriggered(285)) - trigger a one-shot run on RatisPipelineUtilsThread.
2021-08-12 04:56:10,648 [EventQueue-PipelineReportForOneReplicaPipelineSafeModeRule] INFO  safemode.SCMSafeModeManager (SCMSafeModeManager.java:validateSafeModeExitRules(204)) - AtleastOneDatanodeReportedRule rule is successfully validated
2021-08-12 04:56:10,648 [RatisPipelineUtilsThread - 0] INFO  pipeline.RatisPipelineProvider (RatisPipelineProvider.java:lambda$create$0(183)) - Sending CreatePipelineCommand for pipeline:PipelineID=09faa670-87df-428e-97e1-3dd49d2a6ae8 to datanode:9a0e8214-5584-40e1-a769-3f536150c8aa
2021-08-12 04:56:10,649 [RatisPipelineUtilsThread - 0] INFO  pipeline.PipelineStateManager (PipelineStateManagerV2Impl.java:addPipeline(101)) - Created pipeline Pipeline[ Id: 09faa670-87df-428e-97e1-3dd49d2a6ae8, Nodes: 9a0e8214-5584-40e1-a769-3f536150c8aa{ip: 10.1.0.13, host: fv-az294-902.eaanfquahm5ulb5tj050gcxych.jx.internal.cloudapp.net, ports: [REPLICATION=46189, RATIS=46203, RATIS_ADMIN=46203, RATIS_SERVER=46203, STANDALONE=44017], networkLocation: /default-rack, certSerialId: null, persistedOpState: IN_SERVICE, persistedOpStateExpiryEpochSec: 0}, ReplicationConfig: RATIS/ONE, State:ALLOCATED, leaderId:, CreationTimestamp2021-08-12T04:56:10.648Z[Etc/UTC]].
2021-08-12 04:56:11,114 [IPC Server handler 16 on default port 39623] INFO  net.NetworkTopologyImpl (NetworkTopologyImpl.java:add(112)) - Added a new node: /default-rack/8e39d2b9-5f55-4968-84c5-bb891011fe79
2021-08-12 04:56:11,114 [IPC Server handler 16 on default port 39623] INFO  node.SCMNodeManager (SCMNodeManager.java:register(390)) - Registered Data node : 8e39d2b9-5f55-4968-84c5-bb891011fe79{ip: 10.1.0.13, host: fv-az294-902.eaanfquahm5ulb5tj050gcxych.jx.internal.cloudapp.net, ports: [REPLICATION=45293, RATIS=38289, RATIS_ADMIN=38289, RATIS_SERVER=38289, STANDALONE=39123], networkLocation: /default-rack, certSerialId: null, persistedOpState: null, persistedOpStateExpiryEpochSec: 0}
2021-08-12 04:56:11,114 [EventQueue-NewNodeForNewNodeHandler] INFO  pipeline.BackgroundPipelineCreator (BackgroundPipelineCreatorV2.java:notifyEventTriggered(285)) - trigger a one-shot run on RatisPipelineUtilsThread.
2021-08-12 04:56:11,121 [RatisPipelineUtilsThread - 0] INFO  pipeline.RatisPipelineProvider (RatisPipelineProvider.java:lambda$create$0(183)) - Sending CreatePipelineCommand for pipeline:PipelineID=9b4c2edf-5d4c-4784-b099-8f42a571f5b2 to datanode:8e39d2b9-5f55-4968-84c5-bb891011fe79
2021-08-12 04:56:11,121 [RatisPipelineUtilsThread - 0] INFO  pipeline.PipelineStateManager (PipelineStateManagerV2Impl.java:addPipeline(101)) - Created pipeline Pipeline[ Id: 9b4c2edf-5d4c-4784-b099-8f42a571f5b2, Nodes: 8e39d2b9-5f55-4968-84c5-bb891011fe79{ip: 10.1.0.13, host: fv-az294-902.eaanfquahm5ulb5tj050gcxych.jx.internal.cloudapp.net, ports: [REPLICATION=45293, RATIS=38289, RATIS_ADMIN=38289, RATIS_SERVER=38289, STANDALONE=39123], networkLocation: /default-rack, certSerialId: null, persistedOpState: IN_SERVICE, persistedOpStateExpiryEpochSec: 0}, ReplicationConfig: RATIS/ONE, State:ALLOCATED, leaderId:, CreationTimestamp2021-08-12T04:56:11.121Z[Etc/UTC]].
2021-08-12 04:56:11,130 [EventQueue-NodeRegistrationContainerReportForDataNodeSafeModeRule] INFO  safemode.SCMSafeModeManager (DataNodeSafeModeRule.java:process(71)) - SCM in safe mode. 2 DataNodes registered, 3 required.
2021-08-12 04:56:11,531 [Listener at 127.0.0.1/33743] INFO  ozone.MiniOzoneClusterImpl (MiniOzoneClusterImpl.java:lambda$waitForClusterToBeReady$0(235)) - Waiting for nodes to be ready. Got 2 of 3 DN Heartbeats.
2021-08-12 04:56:11,532 [Listener at 127.0.0.1/33743] INFO  ozone.MiniOzoneClusterImpl (MiniOzoneClusterImpl.java:lambda$waitForClusterToBeReady$0(238)) - Waiting for cluster to exit safe mode
2021-08-12 04:56:11,532 [Listener at 127.0.0.1/33743] INFO  ozone.MiniOzoneClusterImpl (MiniOzoneClusterImpl.java:lambda$waitForClusterToBeReady$0(240)) - SCM became leader
2021-08-12 04:56:11,576 [IPC Server handler 0 on default port 39623] INFO  net.NetworkTopologyImpl (NetworkTopologyImpl.java:add(112)) - Added a new node: /default-rack/1c547540-2a18-4c6b-b829-eadf34e8c743
2021-08-12 04:56:11,576 [IPC Server handler 0 on default port 39623] INFO  node.SCMNodeManager (SCMNodeManager.java:register(390)) - Registered Data node : 1c547540-2a18-4c6b-b829-eadf34e8c743{ip: 10.1.0.13, host: fv-az294-902.eaanfquahm5ulb5tj050gcxych.jx.internal.cloudapp.net, ports: [REPLICATION=38933, RATIS=37015, RATIS_ADMIN=37015, RATIS_SERVER=37015, STANDALONE=38401], networkLocation: /default-rack, certSerialId: null, persistedOpState: null, persistedOpStateExpiryEpochSec: 0}
2021-08-12 04:56:11,577 [EventQueue-NewNodeForNewNodeHandler] INFO  pipeline.BackgroundPipelineCreator (BackgroundPipelineCreatorV2.java:notifyEventTriggered(285)) - trigger a one-shot run on RatisPipelineUtilsThread.
2021-08-12 04:56:11,580 [RatisPipelineUtilsThread - 0] INFO  pipeline.RatisPipelineProvider (RatisPipelineProvider.java:lambda$create$0(183)) - Sending CreatePipelineCommand for pipeline:PipelineID=de2e2b03-e8a7-41e6-ba22-797f510732de to datanode:1c547540-2a18-4c6b-b829-eadf34e8c743
2021-08-12 04:56:11,580 [RatisPipelineUtilsThread - 0] INFO  pipeline.PipelineStateManager (PipelineStateManagerV2Impl.java:addPipeline(101)) - Created pipeline Pipeline[ Id: de2e2b03-e8a7-41e6-ba22-797f510732de, Nodes: 1c547540-2a18-4c6b-b829-eadf34e8c743{ip: 10.1.0.13, host: fv-az294-902.eaanfquahm5ulb5tj050gcxych.jx.internal.cloudapp.net, ports: [REPLICATION=38933, RATIS=37015, RATIS_ADMIN=37015, RATIS_SERVER=37015, STANDALONE=38401], networkLocation: /default-rack, certSerialId: null, persistedOpState: IN_SERVICE, persistedOpStateExpiryEpochSec: 0}, ReplicationConfig: RATIS/ONE, State:ALLOCATED, leaderId:, CreationTimestamp2021-08-12T04:56:11.580Z[Etc/UTC]].
2021-08-12 04:56:11,580 [EventQueue-NodeRegistrationContainerReportForDataNodeSafeModeRule] INFO  safemode.SCMSafeModeManager (DataNodeSafeModeRule.java:process(71)) - SCM in safe mode. 3 DataNodes registered, 3 required.
2021-08-12 04:56:11,580 [EventQueue-NodeRegistrationContainerReportForDataNodeSafeModeRule] INFO  safemode.SCMSafeModeManager (SCMSafeModeManager.java:validateSafeModeExitRules(204)) - DataNodeSafeModeRule rule is successfully validated
2021-08-12 04:56:11,581 [EventQueue-NodeRegistrationContainerReportForDataNodeSafeModeRule] INFO  safemode.SCMSafeModeManager (SCMSafeModeManager.java:completePreCheck(233)) - All SCM safe mode pre check rules have passed
2021-08-12 04:56:11,581 [EventQueue-NodeRegistrationContainerReportForDataNodeSafeModeRule] WARN  events.EventQueue (EventQueue.java:fireEvent(194)) - No event handler registered for event TypedEvent{payloadType=SafeModeStatus, name='Safe mode status'}
2021-08-12 04:56:11,581 [EventQueue-NodeRegistrationContainerReportForDataNodeSafeModeRule] INFO  ha.SCMContext (SCMContext.java:updateSafeModeStatus(205)) - Update SafeModeStatus from SafeModeStatus{safeModeStatus=true, preCheckPassed=false} to SafeModeStatus{safeModeStatus=true, preCheckPassed=true}.
2021-08-12 04:56:11,581 [EventQueue-NodeRegistrationContainerReportForDataNodeSafeModeRule] INFO  pipeline.BackgroundPipelineCreator (BackgroundPipelineCreatorV2.java:notifyEventTriggered(285)) - trigger a one-shot run on RatisPipelineUtilsThread.
2021-08-12 04:56:11,584 [RatisPipelineUtilsThread - 0] INFO  pipeline.RatisPipelineProvider (RatisPipelineProvider.java:lambda$create$0(183)) - Sending CreatePipelineCommand for pipeline:PipelineID=92088d2a-0e12-4732-b689-fe0e7720ef0e to datanode:8e39d2b9-5f55-4968-84c5-bb891011fe79
2021-08-12 04:56:11,585 [RatisPipelineUtilsThread - 0] INFO  pipeline.RatisPipelineProvider (RatisPipelineProvider.java:lambda$create$0(183)) - Sending CreatePipelineCommand for pipeline:PipelineID=92088d2a-0e12-4732-b689-fe0e7720ef0e to datanode:9a0e8214-5584-40e1-a769-3f536150c8aa
2021-08-12 04:56:11,585 [RatisPipelineUtilsThread - 0] INFO  pipeline.RatisPipelineProvider (RatisPipelineProvider.java:lambda$create$0(183)) - Sending CreatePipelineCommand for pipeline:PipelineID=92088d2a-0e12-4732-b689-fe0e7720ef0e to datanode:1c547540-2a18-4c6b-b829-eadf34e8c743
2021-08-12 04:56:11,597 [RatisPipelineUtilsThread - 0] INFO  pipeline.PipelineStateManager (PipelineStateManagerV2Impl.java:addPipeline(101)) - Created pipeline Pipeline[ Id: 92088d2a-0e12-4732-b689-fe0e7720ef0e, Nodes: 8e39d2b9-5f55-4968-84c5-bb891011fe79{ip: 10.1.0.13, host: fv-az294-902.eaanfquahm5ulb5tj050gcxych.jx.internal.cloudapp.net, ports: [REPLICATION=45293, RATIS=38289, RATIS_ADMIN=38289, RATIS_SERVER=38289, STANDALONE=39123], networkLocation: /default-rack, certSerialId: null, persistedOpState: IN_SERVICE, persistedOpStateExpiryEpochSec: 0}9a0e8214-5584-40e1-a769-3f536150c8aa{ip: 10.1.0.13, host: fv-az294-902.eaanfquahm5ulb5tj050gcxych.jx.internal.cloudapp.net, ports: [REPLICATION=46189, RATIS=46203, RATIS_ADMIN=46203, RATIS_SERVER=46203, STANDALONE=44017], networkLocation: /default-rack, certSerialId: null, persistedOpState: IN_SERVICE, persistedOpStateExpiryEpochSec: 0}1c547540-2a18-4c6b-b829-eadf34e8c743{ip: 10.1.0.13, host: fv-az294-902.eaanfquahm5ulb5tj050gcxych.jx.internal.cloudapp.net, ports: [REPLICATION=38933, RATIS=37015, RATIS_ADMIN=37015, RATIS_SERVER=37015, STANDALONE=38401], networkLocation: /default-rack, certSerialId: null, persistedOpState: IN_SERVICE, persistedOpStateExpiryEpochSec: 0}, ReplicationConfig: RATIS/THREE, State:ALLOCATED, leaderId:, CreationTimestamp2021-08-12T04:56:11.584Z[Etc/UTC]].
2021-08-12 04:56:11,597 [RatisPipelineUtilsThread - 0] INFO  pipeline.RatisPipelineProvider (RatisPipelineProvider.java:lambda$create$0(183)) - Sending CreatePipelineCommand for pipeline:PipelineID=26801f47-f8ca-46ae-ab78-14b6e25724d0 to datanode:1c547540-2a18-4c6b-b829-eadf34e8c743
2021-08-12 04:56:11,597 [RatisPipelineUtilsThread - 0] INFO  pipeline.RatisPipelineProvider (RatisPipelineProvider.java:lambda$create$0(183)) - Sending CreatePipelineCommand for pipeline:PipelineID=26801f47-f8ca-46ae-ab78-14b6e25724d0 to datanode:8e39d2b9-5f55-4968-84c5-bb891011fe79
2021-08-12 04:56:11,597 [RatisPipelineUtilsThread - 0] INFO  pipeline.RatisPipelineProvider (RatisPipelineProvider.java:lambda$create$0(183)) - Sending CreatePipelineCommand for pipeline:PipelineID=26801f47-f8ca-46ae-ab78-14b6e25724d0 to datanode:9a0e8214-5584-40e1-a769-3f536150c8aa
2021-08-12 04:56:11,598 [RatisPipelineUtilsThread - 0] INFO  pipeline.PipelineStateManager (PipelineStateManagerV2Impl.java:addPipeline(101)) - Created pipeline Pipeline[ Id: 26801f47-f8ca-46ae-ab78-14b6e25724d0, Nodes: 1c547540-2a18-4c6b-b829-eadf34e8c743{ip: 10.1.0.13, host: fv-az294-902.eaanfquahm5ulb5tj050gcxych.jx.internal.cloudapp.net, ports: [REPLICATION=38933, RATIS=37015, RATIS_ADMIN=37015, RATIS_SERVER=37015, STANDALONE=38401], networkLocation: /default-rack, certSerialId: null, persistedOpState: IN_SERVICE, persistedOpStateExpiryEpochSec: 0}8e39d2b9-5f55-4968-84c5-bb891011fe79{ip: 10.1.0.13, host: fv-az294-902.eaanfquahm5ulb5tj050gcxych.jx.internal.cloudapp.net, ports: [REPLICATION=45293, RATIS=38289, RATIS_ADMIN=38289, RATIS_SERVER=38289, STANDALONE=39123], networkLocation: /default-rack, certSerialId: null, persistedOpState: IN_SERVICE, persistedOpStateExpiryEpochSec: 0}9a0e8214-5584-40e1-a769-3f536150c8aa{ip: 10.1.0.13, host: fv-az294-902.eaanfquahm5ulb5tj050gcxych.jx.internal.cloudapp.net, ports: [REPLICATION=46189, RATIS=46203, RATIS_ADMIN=46203, RATIS_SERVER=46203, STANDALONE=44017], networkLocation: /default-rack, certSerialId: null, persistedOpState: IN_SERVICE, persistedOpStateExpiryEpochSec: 0}, ReplicationConfig: RATIS/THREE, State:ALLOCATED, leaderId:, CreationTimestamp2021-08-12T04:56:11.597Z[Etc/UTC]].
2021-08-12 04:56:11,598 [RatisPipelineUtilsThread - 0] INFO  pipeline.PipelineManagerImpl (PipelineManagerImpl.java:recordMetricsForPipeline(614)) - Pipeline: PipelineID=26801f47-f8ca-46ae-ab78-14b6e25724d0 contains same datanodes as previous pipelines: PipelineID=92088d2a-0e12-4732-b689-fe0e7720ef0e nodeIds: 1c547540-2a18-4c6b-b829-eadf34e8c743, 8e39d2b9-5f55-4968-84c5-bb891011fe79, 9a0e8214-5584-40e1-a769-3f536150c8aa
2021-08-12 04:56:12,532 [Listener at 127.0.0.1/33743] INFO  ozone.MiniOzoneClusterImpl (MiniOzoneClusterImpl.java:lambda$waitForClusterToBeReady$0(235)) - Nodes are ready. Got 3 of 3 DN Heartbeats.
2021-08-12 04:56:12,533 [Listener at 127.0.0.1/33743] INFO  ozone.MiniOzoneClusterImpl (MiniOzoneClusterImpl.java:lambda$waitForClusterToBeReady$0(238)) - Waiting for cluster to exit safe mode
2021-08-12 04:56:12,533 [Listener at 127.0.0.1/33743] INFO  ozone.MiniOzoneClusterImpl (MiniOzoneClusterImpl.java:lambda$waitForClusterToBeReady$0(240)) - SCM became leader
2021-08-12 04:56:13,534 [Listener at 127.0.0.1/33743] INFO  ozone.MiniOzoneClusterImpl (MiniOzoneClusterImpl.java:lambda$waitForClusterToBeReady$0(235)) - Nodes are ready. Got 3 of 3 DN Heartbeats.
2021-08-12 04:56:13,534 [Listener at 127.0.0.1/33743] INFO  ozone.MiniOzoneClusterImpl (MiniOzoneClusterImpl.java:lambda$waitForClusterToBeReady$0(238)) - Waiting for cluster to exit safe mode
2021-08-12 04:56:13,534 [Listener at 127.0.0.1/33743] INFO  ozone.MiniOzoneClusterImpl (MiniOzoneClusterImpl.java:lambda$waitForClusterToBeReady$0(240)) - SCM became leader
2021-08-12 04:56:13,631 [Command processor thread] INFO  server.RaftServer (RaftServerProxy.java:addNew(95)) - 9a0e8214-5584-40e1-a769-3f536150c8aa: addNew group-3DD49D2A6AE8:[9a0e8214-5584-40e1-a769-3f536150c8aa|rpc:10.1.0.13:46203|priority:1] returns group-3DD49D2A6AE8:java.util.concurrent.CompletableFuture@60e3d871[Not completed]
2021-08-12 04:56:13,633 [pool-369-thread-1] INFO  server.RaftServer$Division (RaftServerImpl.java:<init>(181)) - 9a0e8214-5584-40e1-a769-3f536150c8aa: new RaftServerImpl for group-3DD49D2A6AE8:[9a0e8214-5584-40e1-a769-3f536150c8aa|rpc:10.1.0.13:46203|priority:1] with ContainerStateMachine:uninitialized
2021-08-12 04:56:13,638 [pool-369-thread-1] INFO  server.RaftServerConfigKeys (ConfUtils.java:logGet(44)) - raft.server.rpc.timeout.min = 5s (custom)
2021-08-12 04:56:13,638 [pool-369-thread-1] INFO  server.RaftServerConfigKeys (ConfUtils.java:logGet(44)) - raft.server.rpc.timeout.max = 5200ms (custom)
2021-08-12 04:56:13,640 [pool-369-thread-1] INFO  server.RaftServerConfigKeys (ConfUtils.java:logGet(44)) - raft.server.rpc.sleep.time = 25ms (default)
2021-08-12 04:56:13,640 [pool-369-thread-1] INFO  server.RaftServerConfigKeys (ConfUtils.java:logGet(44)) - raft.server.rpc.slowness.timeout = 300s (custom)
2021-08-12 04:56:13,640 [pool-369-thread-1] INFO  server.RaftServerConfigKeys (ConfUtils.java:logGet(44)) - raft.server.leaderelection.leader.step-down.wait-time = 10s (default)
2021-08-12 04:56:13,640 [pool-369-thread-1] INFO  server.RaftServerConfigKeys (ConfUtils.java:logGet(44)) - raft.server.sleep.deviation.threshold = 300ms (default)
2021-08-12 04:56:13,641 [pool-369-thread-1] INFO  server.RaftServerConfigKeys (ConfUtils.java:logGet(44)) - raft.server.log.appender.install.snapshot.enabled = false (custom)
2021-08-12 04:56:13,641 [pool-369-thread-1] INFO  server.RaftServer$Division (ServerState.java:<init>(105)) - 9a0e8214-5584-40e1-a769-3f536150c8aa@group-3DD49D2A6AE8: ConfigurationManager, init=-1: [9a0e8214-5584-40e1-a769-3f536150c8aa|rpc:10.1.0.13:46203|priority:1], old=null, confs=<EMPTY_MAP>
2021-08-12 04:56:13,641 [pool-369-thread-1] INFO  server.RaftServerConfigKeys (ConfUtils.java:logGet(44)) - raft.server.storage.dir = [/home/runner/work/ozone/ozone/hadoop-ozone/integration-test/target/test-dir/MiniOzoneClusterImpl-b581443b-e568-4d1b-b747-432576f6d125/datanode-0/data/ratis] (custom)
2021-08-12 04:56:13,641 [pool-369-thread-1] INFO  server.RaftServerConfigKeys (ConfUtils.java:logGet(44)) - raft.server.log.corruption.policy = EXCEPTION (default)
2021-08-12 04:56:13,641 [pool-369-thread-1] INFO  server.RaftServerConfigKeys (ConfUtils.java:logGet(44)) - raft.server.storage.free-space.min = 0MB (=0) (default)
2021-08-12 04:56:13,641 [pool-369-thread-1] INFO  storage.RaftStorageDirectory (RaftStorageDirectoryImpl.java:analyzeStorage(135)) - The storage directory /home/runner/work/ozone/ozone/hadoop-ozone/integration-test/target/test-dir/MiniOzoneClusterImpl-b581443b-e568-4d1b-b747-432576f6d125/datanode-0/data/ratis/09faa670-87df-428e-97e1-3dd49d2a6ae8 does not exist. Creating ...
2021-08-12 04:56:13,651 [pool-369-thread-1] INFO  storage.RaftStorageDirectory (RaftStorageDirectoryImpl.java:tryLock(230)) - Lock on /home/runner/work/ozone/ozone/hadoop-ozone/integration-test/target/test-dir/MiniOzoneClusterImpl-b581443b-e568-4d1b-b747-432576f6d125/datanode-0/data/ratis/09faa670-87df-428e-97e1-3dd49d2a6ae8/in_use.lock acquired by nodename 20613@fv-az294-902
2021-08-12 04:56:13,652 [pool-369-thread-1] INFO  storage.RaftStorage (RaftStorageImpl.java:format(89)) - Storage directory /home/runner/work/ozone/ozone/hadoop-ozone/integration-test/target/test-dir/MiniOzoneClusterImpl-b581443b-e568-4d1b-b747-432576f6d125/datanode-0/data/ratis/09faa670-87df-428e-97e1-3dd49d2a6ae8 has been successfully formatted.
2021-08-12 04:56:13,663 [pool-369-thread-1] INFO  ratis.ContainerStateMachine (ContainerStateMachine.java:loadSnapshot(225)) - group-3DD49D2A6AE8: The snapshot info is null. Setting the last applied indexto:(t:0, i:~)
2021-08-12 04:56:13,663 [pool-369-thread-1] INFO  server.RaftServerConfigKeys (ConfUtils.java:logGet(44)) - raft.server.notification.no-leader.timeout = 300s (custom)
2021-08-12 04:56:13,663 [pool-369-thread-1] INFO  server.RaftServerConfigKeys (ConfUtils.java:logGet(44)) - raft.server.log.use.memory = false (default)
2021-08-12 04:56:13,663 [pool-369-thread-1] INFO  server.RaftServerConfigKeys (ConfUtils.java:logGet(44)) - raft.server.log.purge.gap = 1000000 (custom)
2021-08-12 04:56:13,663 [pool-369-thread-1] INFO  server.RaftServerConfigKeys (ConfUtils.java:logGet(44)) - raft.server.log.appender.buffer.byte-limit = 33554432 (custom)
2021-08-12 04:56:13,663 [pool-369-thread-1] INFO  server.RaftServerConfigKeys (ConfUtils.java:logGet(44)) - raft.server.log.segment.size.max = 1048576 (custom)
2021-08-12 04:56:13,663 [pool-369-thread-1] INFO  server.RaftServerConfigKeys (ConfUtils.java:logGet(44)) - raft.server.log.segment.cache.num.max = 2 (custom)
2021-08-12 04:56:13,664 [pool-369-thread-1] INFO  server.RaftServerConfigKeys (ConfUtils.java:logGet(44)) - raft.server.log.segment.cache.size.max = 200MB (=209715200) (default)
2021-08-12 04:56:13,664 [pool-369-thread-1] INFO  segmented.SegmentedRaftLogWorker (SegmentedRaftLogWorker.java:<init>(182)) - new 9a0e8214-5584-40e1-a769-3f536150c8aa@group-3DD49D2A6AE8-SegmentedRaftLogWorker for RaftStorageImpl:Storage Directory /home/runner/work/ozone/ozone/hadoop-ozone/integration-test/target/test-dir/MiniOzoneClusterImpl-b581443b-e568-4d1b-b747-432576f6d125/datanode-0/data/ratis/09faa670-87df-428e-97e1-3dd49d2a6ae8
2021-08-12 04:56:13,664 [pool-369-thread-1] INFO  server.RaftServerConfigKeys (ConfUtils.java:logGet(44)) - raft.server.log.queue.byte-limit = 2147483647 (custom)
2021-08-12 04:56:13,664 [pool-369-thread-1] INFO  server.RaftServerConfigKeys (ConfUtils.java:logGet(44)) - raft.server.log.queue.element-limit = 1024 (custom)
2021-08-12 04:56:13,664 [pool-369-thread-1] INFO  server.RaftServerConfigKeys (ConfUtils.java:logGet(44)) - raft.server.log.segment.size.max = 1048576 (custom)
2021-08-12 04:56:13,664 [pool-369-thread-1] INFO  server.RaftServerConfigKeys (ConfUtils.java:logGet(44)) - raft.server.log.preallocated.size = 16384 (custom)
2021-08-12 04:56:13,664 [pool-369-thread-1] INFO  server.RaftServerConfigKeys (ConfUtils.java:logGet(44)) - raft.server.log.force.sync.num = 128 (default)
2021-08-12 04:56:13,664 [pool-369-thread-1] INFO  server.RaftServerConfigKeys (ConfUtils.java:logGet(44)) - raft.server.log.statemachine.data.sync = true (default)
2021-08-12 04:56:13,664 [pool-369-thread-1] INFO  server.RaftServerConfigKeys (ConfUtils.java:logGet(44)) - raft.server.log.statemachine.data.sync.timeout = 10s (default)
2021-08-12 04:56:13,664 [pool-369-thread-1] INFO  server.RaftServerConfigKeys (ConfUtils.java:logGet(44)) - raft.server.log.statemachine.data.sync.timeout.retry = -1 (default)
2021-08-12 04:56:13,665 [pool-369-thread-1] INFO  server.RaftServerConfigKeys (ConfUtils.java:logGet(44)) - raft.server.log.write.buffer.size = 1048576 (custom)
2021-08-12 04:56:13,665 [pool-369-thread-1] INFO  server.RaftServerConfigKeys (ConfUtils.java:logGet(44)) - raft.server.log.statemachine.data.caching.enabled = true (custom)
2021-08-12 04:56:13,666 [pool-369-thread-1] INFO  segmented.SegmentedRaftLogWorker (SegmentedRaftLogWorker.java:lambda$new$0(133)) - 9a0e8214-5584-40e1-a769-3f536150c8aa@group-3DD49D2A6AE8-SegmentedRaftLogWorker: flushIndex: setUnconditionally 0 -> -1
2021-08-12 04:56:13,666 [pool-369-thread-1] INFO  segmented.SegmentedRaftLogWorker (SegmentedRaftLogWorker.java:lambda$new$0(133)) - 9a0e8214-5584-40e1-a769-3f536150c8aa@group-3DD49D2A6AE8-SegmentedRaftLogWorker: safeCacheEvictIndex: setUnconditionally 0 -> -1
2021-08-12 04:56:13,666 [Datanode State Machine Thread - 0] WARN  statemachine.StateContext (StateContext.java:execute(621)) - No available thread in pool for past 1 seconds.
2021-08-12 04:56:13,671 [pool-369-thread-1] INFO  server.RaftServerConfigKeys (ConfUtils.java:logGet(44)) - raft.server.snapshot.auto.trigger.enabled = true (custom)
2021-08-12 04:56:13,672 [pool-369-thread-1] INFO  server.RaftServerConfigKeys (ConfUtils.java:logGet(44)) - raft.server.snapshot.auto.trigger.threshold = 10000 (custom)
2021-08-12 04:56:13,672 [pool-369-thread-1] INFO  server.RaftServerConfigKeys (ConfUtils.java:logGet(44)) - raft.server.snapshot.retention.file.num = 5 (custom)
2021-08-12 04:56:13,672 [EventQueue-PipelineReportForPipelineReportHandler] INFO  pipeline.PipelineManagerImpl (PipelineManagerImpl.java:openPipeline(283)) - Pipeline Pipeline[ Id: 09faa670-87df-428e-97e1-3dd49d2a6ae8, Nodes: 9a0e8214-5584-40e1-a769-3f536150c8aa{ip: 10.1.0.13, host: fv-az294-902.eaanfquahm5ulb5tj050gcxych.jx.internal.cloudapp.net, ports: [REPLICATION=46189, RATIS=46203, RATIS_ADMIN=46203, RATIS_SERVER=46203, STANDALONE=44017], networkLocation: /default-rack, certSerialId: null, persistedOpState: IN_SERVICE, persistedOpStateExpiryEpochSec: 0}, ReplicationConfig: RATIS/ONE, State:ALLOCATED, leaderId:9a0e8214-5584-40e1-a769-3f536150c8aa, CreationTimestamp2021-08-12T04:56:10.648Z[Etc/UTC]] moved to OPEN state
2021-08-12 04:56:13,681 [pool-369-thread-1] INFO  server.RaftServerConfigKeys (ConfUtils.java:logGet(44)) - raft.server.log.purge.upto.snapshot.index = false (default)
2021-08-12 04:56:13,681 [pool-369-thread-1] INFO  server.RaftServerConfigKeys (ConfUtils.java:logGet(44)) - raft.server.retrycache.expirytime = 600000ms (custom)
2021-08-12 04:56:13,681 [pool-369-thread-1] INFO  server.RaftServerConfigKeys (ConfUtils.java:logGet(44)) - raft.server.retrycache.statistics.expirytime = 100μs (default)
2021-08-12 04:56:13,682 [pool-369-thread-1] INFO  server.RaftServer$Division (RaftServerImpl.java:start(296)) - 9a0e8214-5584-40e1-a769-3f536150c8aa@group-3DD49D2A6AE8: start as a follower, conf=-1: [9a0e8214-5584-40e1-a769-3f536150c8aa|rpc:10.1.0.13:46203|priority:1], old=null
2021-08-12 04:56:13,682 [pool-369-thread-1] INFO  server.RaftServer$Division (RaftServerImpl.java:setRole(285)) - 9a0e8214-5584-40e1-a769-3f536150c8aa@group-3DD49D2A6AE8: changes role from      null to FOLLOWER at term 0 for startAsFollower
2021-08-12 04:56:13,682 [pool-369-thread-1] INFO  impl.RoleInfo (RoleInfo.java:updateAndGet(130)) - 9a0e8214-5584-40e1-a769-3f536150c8aa: start 9a0e8214-5584-40e1-a769-3f536150c8aa@group-3DD49D2A6AE8-FollowerState
2021-08-12 04:56:13,683 [pool-369-thread-1] INFO  util.JmxRegister (JmxRegister.java:tryRegister(44)) - Successfully registered JMX Bean with object name Ratis:service=RaftServer,group=group-3DD49D2A6AE8,id=9a0e8214-5584-40e1-a769-3f536150c8aa
2021-08-12 04:56:13,687 [Command processor thread] INFO  ratis.XceiverServerRatis (XceiverServerRatis.java:addGroup(763)) - Created group PipelineID=09faa670-87df-428e-97e1-3dd49d2a6ae8
2021-08-12 04:56:13,691 [Command processor thread] INFO  commandhandler.CreatePipelineCommandHandler (CreatePipelineCommandHandler.java:handle(106)) - Created Pipeline RATIS ONE PipelineID=09faa670-87df-428e-97e1-3dd49d2a6ae8.
2021-08-12 04:56:13,691 [Command processor thread] INFO  server.RaftServer (RaftServerProxy.java:addNew(95)) - 9a0e8214-5584-40e1-a769-3f536150c8aa: addNew group-FE0E7720EF0E:[9a0e8214-5584-40e1-a769-3f536150c8aa|rpc:10.1.0.13:46203|priority:0, 1c547540-2a18-4c6b-b829-eadf34e8c743|rpc:10.1.0.13:37015|priority:0, 8e39d2b9-5f55-4968-84c5-bb891011fe79|rpc:10.1.0.13:38289|priority:1] returns group-FE0E7720EF0E:java.util.concurrent.CompletableFuture@64dc50b5[Not completed]
2021-08-12 04:56:13,693 [pool-369-thread-1] INFO  server.RaftServer$Division (RaftServerImpl.java:<init>(181)) - 9a0e8214-5584-40e1-a769-3f536150c8aa: new RaftServerImpl for group-FE0E7720EF0E:[9a0e8214-5584-40e1-a769-3f536150c8aa|rpc:10.1.0.13:46203|priority:0, 1c547540-2a18-4c6b-b829-eadf34e8c743|rpc:10.1.0.13:37015|priority:0, 8e39d2b9-5f55-4968-84c5-bb891011fe79|rpc:10.1.0.13:38289|priority:1] with ContainerStateMachine:uninitialized
2021-08-12 04:56:13,693 [pool-369-thread-1] INFO  server.RaftServerConfigKeys (ConfUtils.java:logGet(44)) - raft.server.rpc.timeout.min = 5s (custom)
2021-08-12 04:56:13,693 [pool-369-thread-1] INFO  server.RaftServerConfigKeys (ConfUtils.java:logGet(44)) - raft.server.rpc.timeout.max = 5200ms (custom)
2021-08-12 04:56:13,693 [pool-369-thread-1] INFO  server.RaftServerConfigKeys (ConfUtils.java:logGet(44)) - raft.server.rpc.sleep.time = 25ms (default)
2021-08-12 04:56:13,693 [pool-369-thread-1] INFO  server.RaftServerConfigKeys (ConfUtils.java:logGet(44)) - raft.server.rpc.slowness.timeout = 300s (custom)
2021-08-12 04:56:13,693 [pool-369-thread-1] INFO  server.RaftServerConfigKeys (ConfUtils.java:logGet(44)) - raft.server.leaderelection.leader.step-down.wait-time = 10s (default)
2021-08-12 04:56:13,693 [pool-369-thread-1] INFO  server.RaftServerConfigKeys (ConfUtils.java:logGet(44)) - raft.server.sleep.deviation.threshold = 300ms (default)
2021-08-12 04:56:13,693 [pool-369-thread-1] INFO  server.RaftServerConfigKeys (ConfUtils.java:logGet(44)) - raft.server.log.appender.install.snapshot.enabled = false (custom)
2021-08-12 04:56:13,693 [pool-369-thread-1] INFO  server.RaftServer$Division (ServerState.java:<init>(105)) - 9a0e8214-5584-40e1-a769-3f536150c8aa@group-FE0E7720EF0E: ConfigurationManager, init=-1: [9a0e8214-5584-40e1-a769-3f536150c8aa|rpc:10.1.0.13:46203|priority:0, 1c547540-2a18-4c6b-b829-eadf34e8c743|rpc:10.1.0.13:37015|priority:0, 8e39d2b9-5f55-4968-84c5-bb891011fe79|rpc:10.1.0.13:38289|priority:1], old=null, confs=<EMPTY_MAP>
2021-08-12 04:56:13,693 [pool-369-thread-1] INFO  server.RaftServerConfigKeys (ConfUtils.java:logGet(44)) - raft.server.storage.dir = [/home/runner/work/ozone/ozone/hadoop-ozone/integration-test/target/test-dir/MiniOzoneClusterImpl-b581443b-e568-4d1b-b747-432576f6d125/datanode-0/data/ratis] (custom)
2021-08-12 04:56:13,693 [pool-369-thread-1] INFO  server.RaftServerConfigKeys (ConfUtils.java:logGet(44)) - raft.server.log.corruption.policy = EXCEPTION (default)
2021-08-12 04:56:13,693 [pool-369-thread-1] INFO  server.RaftServerConfigKeys (ConfUtils.java:logGet(44)) - raft.server.storage.free-space.min = 0MB (=0) (default)
2021-08-12 04:56:13,694 [pool-369-thread-1] INFO  storage.RaftStorageDirectory (RaftStorageDirectoryImpl.java:analyzeStorage(135)) - The storage directory /home/runner/work/ozone/ozone/hadoop-ozone/integration-test/target/test-dir/MiniOzoneClusterImpl-b581443b-e568-4d1b-b747-432576f6d125/datanode-0/data/ratis/92088d2a-0e12-4732-b689-fe0e7720ef0e does not exist. Creating ...
2021-08-12 04:56:13,703 [pool-369-thread-1] INFO  storage.RaftStorageDirectory (RaftStorageDirectoryImpl.java:tryLock(230)) - Lock on /home/runner/work/ozone/ozone/hadoop-ozone/integration-test/target/test-dir/MiniOzoneClusterImpl-b581443b-e568-4d1b-b747-432576f6d125/datanode-0/data/ratis/92088d2a-0e12-4732-b689-fe0e7720ef0e/in_use.lock acquired by nodename 20613@fv-az294-902
2021-08-12 04:56:13,704 [pool-369-thread-1] INFO  storage.RaftStorage (RaftStorageImpl.java:format(89)) - Storage directory /home/runner/work/ozone/ozone/hadoop-ozone/integration-test/target/test-dir/MiniOzoneClusterImpl-b581443b-e568-4d1b-b747-432576f6d125/datanode-0/data/ratis/92088d2a-0e12-4732-b689-fe0e7720ef0e has been successfully formatted.
2021-08-12 04:56:13,708 [Datanode State Machine Thread - 0] WARN  statemachine.StateContext (StateContext.java:execute(621)) - No available thread in pool for past 1 seconds.
2021-08-12 04:56:13,708 [pool-369-thread-1] INFO  ratis.ContainerStateMachine (ContainerStateMachine.java:loadSnapshot(225)) - group-FE0E7720EF0E: The snapshot info is null. Setting the last applied indexto:(t:0, i:~)
2021-08-12 04:56:13,725 [pool-369-thread-1] INFO  server.RaftServerConfigKeys (ConfUtils.java:logGet(44)) - raft.server.notification.no-leader.timeout = 300s (custom)
2021-08-12 04:56:13,725 [pool-369-thread-1] INFO  server.RaftServerConfigKeys (ConfUtils.java:logGet(44)) - raft.server.log.use.memory = false (default)
2021-08-12 04:56:13,725 [pool-369-thread-1] INFO  server.RaftServerConfigKeys (ConfUtils.java:logGet(44)) - raft.server.log.purge.gap = 1000000 (custom)
2021-08-12 04:56:13,725 [pool-369-thread-1] INFO  server.RaftServerConfigKeys (ConfUtils.java:logGet(44)) - raft.server.log.appender.buffer.byte-limit = 33554432 (custom)
2021-08-12 04:56:13,726 [pool-369-thread-1] INFO  server.RaftServerConfigKeys (ConfUtils.java:logGet(44)) - raft.server.log.segment.size.max = 1048576 (custom)
2021-08-12 04:56:13,726 [pool-369-thread-1] INFO  server.RaftServerConfigKeys (ConfUtils.java:logGet(44)) - raft.server.log.segment.cache.num.max = 2 (custom)
2021-08-12 04:56:13,726 [pool-369-thread-1] INFO  server.RaftServerConfigKeys (ConfUtils.java:logGet(44)) - raft.server.log.segment.cache.size.max = 200MB (=209715200) (default)
2021-08-12 04:56:13,726 [pool-369-thread-1] INFO  segmented.SegmentedRaftLogWorker (SegmentedRaftLogWorker.java:<init>(182)) - new 9a0e8214-5584-40e1-a769-3f536150c8aa@group-FE0E7720EF0E-SegmentedRaftLogWorker for RaftStorageImpl:Storage Directory /home/runner/work/ozone/ozone/hadoop-ozone/integration-test/target/test-dir/MiniOzoneClusterImpl-b581443b-e568-4d1b-b747-432576f6d125/datanode-0/data/ratis/92088d2a-0e12-4732-b689-fe0e7720ef0e
2021-08-12 04:56:13,726 [pool-369-thread-1] INFO  server.RaftServerConfigKeys (ConfUtils.java:logGet(44)) - raft.server.log.queue.byte-limit = 2147483647 (custom)
2021-08-12 04:56:13,726 [pool-369-thread-1] INFO  server.RaftServerConfigKeys (ConfUtils.java:logGet(44)) - raft.server.log.queue.element-limit = 1024 (custom)
2021-08-12 04:56:13,726 [pool-369-thread-1] INFO  server.RaftServerConfigKeys (ConfUtils.java:logGet(44)) - raft.server.log.segment.size.max = 1048576 (custom)
2021-08-12 04:56:13,726 [pool-369-thread-1] INFO  server.RaftServerConfigKeys (ConfUtils.java:logGet(44)) - raft.server.log.preallocated.size = 16384 (custom)
2021-08-12 04:56:13,726 [pool-369-thread-1] INFO  server.RaftServerConfigKeys (ConfUtils.java:logGet(44)) - raft.server.log.force.sync.num = 128 (default)
2021-08-12 04:56:13,726 [pool-369-thread-1] INFO  server.RaftServerConfigKeys (ConfUtils.java:logGet(44)) - raft.server.log.statemachine.data.sync = true (default)
2021-08-12 04:56:13,727 [pool-369-thread-1] INFO  server.RaftServerConfigKeys (ConfUtils.java:logGet(44)) - raft.server.log.statemachine.data.sync.timeout = 10s (default)
2021-08-12 04:56:13,729 [pool-369-thread-1] INFO  server.RaftServerConfigKeys (ConfUtils.java:logGet(44)) - raft.server.log.statemachine.data.sync.timeout.retry = -1 (default)
2021-08-12 04:56:13,731 [pool-369-thread-1] INFO  server.RaftServerConfigKeys (ConfUtils.java:logGet(44)) - raft.server.log.write.buffer.size = 1048576 (custom)
2021-08-12 04:56:13,732 [pool-369-thread-1] INFO  server.RaftServerConfigKeys (ConfUtils.java:logGet(44)) - raft.server.log.statemachine.data.caching.enabled = true (custom)
2021-08-12 04:56:13,732 [pool-369-thread-1] INFO  segmented.SegmentedRaftLogWorker (SegmentedRaftLogWorker.java:lambda$new$0(133)) - 9a0e8214-5584-40e1-a769-3f536150c8aa@group-FE0E7720EF0E-SegmentedRaftLogWorker: flushIndex: setUnconditionally 0 -> -1
2021-08-12 04:56:13,732 [pool-369-thread-1] INFO  segmented.SegmentedRaftLogWorker (SegmentedRaftLogWorker.java:lambda$new$0(133)) - 9a0e8214-5584-40e1-a769-3f536150c8aa@group-FE0E7720EF0E-SegmentedRaftLogWorker: safeCacheEvictIndex: setUnconditionally 0 -> -1
2021-08-12 04:56:13,719 [EventQueue-OpenPipelineForHealthyPipelineSafeModeRule] INFO  safemode.SCMSafeModeManager (HealthyPipelineSafeModeRule.java:process(124)) - SCM in safe mode. Healthy pipelines reported count is 0, required healthy pipeline reported count is 1
2021-08-12 04:56:13,732 [EventQueue-OpenPipelineForHealthyPipelineSafeModeRule] INFO  safemode.SCMSafeModeManager (HealthyPipelineSafeModeRule.java:process(124)) - SCM in safe mode. Healthy pipelines reported count is 0, required healthy pipeline reported count is 1
2021-08-12 04:56:13,739 [pool-369-thread-1] INFO  server.RaftServerConfigKeys (ConfUtils.java:logGet(44)) - raft.server.snapshot.auto.trigger.enabled = true (custom)
2021-08-12 04:56:13,739 [pool-369-thread-1] INFO  server.RaftServerConfigKeys (ConfUtils.java:logGet(44)) - raft.server.snapshot.auto.trigger.threshold = 10000 (custom)
2021-08-12 04:56:13,739 [pool-369-thread-1] INFO  server.RaftServerConfigKeys (ConfUtils.java:logGet(44)) - raft.server.snapshot.retention.file.num = 5 (custom)
2021-08-12 04:56:13,739 [pool-369-thread-1] INFO  server.RaftServerConfigKeys (ConfUtils.java:logGet(44)) - raft.server.log.purge.upto.snapshot.index = false (default)
2021-08-12 04:56:13,739 [pool-369-thread-1] INFO  server.RaftServerConfigKeys (ConfUtils.java:logGet(44)) - raft.server.retrycache.expirytime = 600000ms (custom)
2021-08-12 04:56:13,739 [pool-369-thread-1] INFO  server.RaftServerConfigKeys (ConfUtils.java:logGet(44)) - raft.server.retrycache.statistics.expirytime = 100μs (default)
2021-08-12 04:56:13,740 [pool-369-thread-1] INFO  server.RaftServer$Division (RaftServerImpl.java:start(296)) - 9a0e8214-5584-40e1-a769-3f536150c8aa@group-FE0E7720EF0E: start as a follower, conf=-1: [9a0e8214-5584-40e1-a769-3f536150c8aa|rpc:10.1.0.13:46203|priority:0, 1c547540-2a18-4c6b-b829-eadf34e8c743|rpc:10.1.0.13:37015|priority:0, 8e39d2b9-5f55-4968-84c5-bb891011fe79|rpc:10.1.0.13:38289|priority:1], old=null
2021-08-12 04:56:13,740 [pool-369-thread-1] INFO  server.RaftServer$Division (RaftServerImpl.java:setRole(285)) - 9a0e8214-5584-40e1-a769-3f536150c8aa@group-FE0E7720EF0E: changes role from      null to FOLLOWER at term 0 for startAsFollower
2021-08-12 04:56:13,740 [pool-369-thread-1] INFO  impl.RoleInfo (RoleInfo.java:updateAndGet(130)) - 9a0e8214-5584-40e1-a769-3f536150c8aa: start 9a0e8214-5584-40e1-a769-3f536150c8aa@group-FE0E7720EF0E-FollowerState
2021-08-12 04:56:13,755 [pool-369-thread-1] INFO  util.JmxRegister (JmxRegister.java:tryRegister(44)) - Successfully registered JMX Bean with object name Ratis:service=RaftServer,group=group-FE0E7720EF0E,id=9a0e8214-5584-40e1-a769-3f536150c8aa
2021-08-12 04:56:13,788 [Command processor thread] INFO  ratis.XceiverServerRatis (XceiverServerRatis.java:addGroup(763)) - Created group PipelineID=92088d2a-0e12-4732-b689-fe0e7720ef0e
2021-08-12 04:56:13,834 [grpc-default-executor-0] INFO  server.RaftServer (RaftServerProxy.java:addNew(95)) - 8e39d2b9-5f55-4968-84c5-bb891011fe79: addNew group-FE0E7720EF0E:[9a0e8214-5584-40e1-a769-3f536150c8aa|rpc:10.1.0.13:46203|dataStream:|priority:0, 1c547540-2a18-4c6b-b829-eadf34e8c743|rpc:10.1.0.13:37015|dataStream:|priority:0, 8e39d2b9-5f55-4968-84c5-bb891011fe79|rpc:10.1.0.13:38289|dataStream:|priority:1] returns group-FE0E7720EF0E:java.util.concurrent.CompletableFuture@1701ab14[Not completed]
2021-08-12 04:56:13,835 [pool-388-thread-1] INFO  server.RaftServer$Division (RaftServerImpl.java:<init>(181)) - 8e39d2b9-5f55-4968-84c5-bb891011fe79: new RaftServerImpl for group-FE0E7720EF0E:[9a0e8214-5584-40e1-a769-3f536150c8aa|rpc:10.1.0.13:46203|dataStream:|priority:0, 1c547540-2a18-4c6b-b829-eadf34e8c743|rpc:10.1.0.13:37015|dataStream:|priority:0, 8e39d2b9-5f55-4968-84c5-bb891011fe79|rpc:10.1.0.13:38289|dataStream:|priority:1] with ContainerStateMachine:uninitialized
2021-08-12 04:56:13,839 [pool-388-thread-1] INFO  server.RaftServerConfigKeys (ConfUtils.java:logGet(44)) - raft.server.rpc.timeout.min = 5s (custom)
2021-08-12 04:56:13,839 [pool-388-thread-1] INFO  server.RaftServerConfigKeys (ConfUtils.java:logGet(44)) - raft.server.rpc.timeout.max = 5200ms (custom)
2021-08-12 04:56:13,839 [pool-388-thread-1] INFO  server.RaftServerConfigKeys (ConfUtils.java:logGet(44)) - raft.server.rpc.sleep.time = 25ms (default)
2021-08-12 04:56:13,839 [pool-388-thread-1] INFO  server.RaftServerConfigKeys (ConfUtils.java:logGet(44)) - raft.server.rpc.slowness.timeout = 300s (custom)
2021-08-12 04:56:13,839 [pool-388-thread-1] INFO  server.RaftServerConfigKeys (ConfUtils.java:logGet(44)) - raft.server.leaderelection.leader.step-down.wait-time = 10s (default)
2021-08-12 04:56:13,839 [pool-388-thread-1] INFO  server.RaftServerConfigKeys (ConfUtils.java:logGet(44)) - raft.server.sleep.deviation.threshold = 300ms (default)
2021-08-12 04:56:13,839 [pool-388-thread-1] INFO  server.RaftServerConfigKeys (ConfUtils.java:logGet(44)) - raft.server.log.appender.install.snapshot.enabled = false (custom)
2021-08-12 04:56:13,840 [pool-388-thread-1] INFO  server.RaftServer$Division (ServerState.java:<init>(105)) - 8e39d2b9-5f55-4968-84c5-bb891011fe79@group-FE0E7720EF0E: ConfigurationManager, init=-1: [9a0e8214-5584-40e1-a769-3f536150c8aa|rpc:10.1.0.13:46203|dataStream:|priority:0, 1c547540-2a18-4c6b-b829-eadf34e8c743|rpc:10.1.0.13:37015|dataStream:|priority:0, 8e39d2b9-5f55-4968-84c5-bb891011fe79|rpc:10.1.0.13:38289|dataStream:|priority:1], old=null, confs=<EMPTY_MAP>
2021-08-12 04:56:13,840 [pool-388-thread-1] INFO  server.RaftServerConfigKeys (ConfUtils.java:logGet(44)) - raft.server.storage.dir = [/home/runner/work/ozone/ozone/hadoop-ozone/integration-test/target/test-dir/MiniOzoneClusterImpl-b581443b-e568-4d1b-b747-432576f6d125/datanode-1/data/ratis] (custom)
2021-08-12 04:56:13,840 [pool-388-thread-1] INFO  server.RaftServerConfigKeys (ConfUtils.java:logGet(44)) - raft.server.log.corruption.policy = EXCEPTION (default)
2021-08-12 04:56:13,840 [pool-388-thread-1] INFO  server.RaftServerConfigKeys (ConfUtils.java:logGet(44)) - raft.server.storage.free-space.min = 0MB (=0) (default)
2021-08-12 04:56:13,840 [pool-388-thread-1] INFO  storage.RaftStorageDirectory (RaftStorageDirectoryImpl.java:analyzeStorage(135)) - The storage directory /home/runner/work/ozone/ozone/hadoop-ozone/integration-test/target/test-dir/MiniOzoneClusterImpl-b581443b-e568-4d1b-b747-432576f6d125/datanode-1/data/ratis/92088d2a-0e12-4732-b689-fe0e7720ef0e does not exist. Creating ...
2021-08-12 04:56:13,843 [pool-388-thread-1] INFO  storage.RaftStorageDirectory (RaftStorageDirectoryImpl.java:tryLock(230)) - Lock on /home/runner/work/ozone/ozone/hadoop-ozone/integration-test/target/test-dir/MiniOzoneClusterImpl-b581443b-e568-4d1b-b747-432576f6d125/datanode-1/data/ratis/92088d2a-0e12-4732-b689-fe0e7720ef0e/in_use.lock acquired by nodename 20613@fv-az294-902
2021-08-12 04:56:13,859 [pool-388-thread-1] INFO  storage.RaftStorage (RaftStorageImpl.java:format(89)) - Storage directory /home/runner/work/ozone/ozone/hadoop-ozone/integration-test/target/test-dir/MiniOzoneClusterImpl-b581443b-e568-4d1b-b747-432576f6d125/datanode-1/data/ratis/92088d2a-0e12-4732-b689-fe0e7720ef0e has been successfully formatted.
2021-08-12 04:56:13,865 [pool-388-thread-1] INFO  ratis.ContainerStateMachine (ContainerStateMachine.java:loadSnapshot(225)) - group-FE0E7720EF0E: The snapshot info is null. Setting the last applied indexto:(t:0, i:~)
2021-08-12 04:56:13,866 [pool-388-thread-1] INFO  server.RaftServerConfigKeys (ConfUtils.java:logGet(44)) - raft.server.notification.no-leader.timeout = 300s (custom)
2021-08-12 04:56:13,866 [pool-388-thread-1] INFO  server.RaftServerConfigKeys (ConfUtils.java:logGet(44)) - raft.server.log.use.memory = false (default)
2021-08-12 04:56:13,866 [pool-388-thread-1] INFO  server.RaftServerConfigKeys (ConfUtils.java:logGet(44)) - raft.server.log.purge.gap = 1000000 (custom)
2021-08-12 04:56:13,866 [pool-388-thread-1] INFO  server.RaftServerConfigKeys (ConfUtils.java:logGet(44)) - raft.server.log.appender.buffer.byte-limit = 33554432 (custom)
2021-08-12 04:56:13,866 [pool-388-thread-1] INFO  server.RaftServerConfigKeys (ConfUtils.java:logGet(44)) - raft.server.log.segment.size.max = 1048576 (custom)
2021-08-12 04:56:13,866 [Datanode State Machine Thread - 0] WARN  statemachine.StateContext (StateContext.java:execute(621)) - No available thread in pool for past 1 seconds.
2021-08-12 04:56:13,868 [pool-388-thread-1] INFO  server.RaftServerConfigKeys (ConfUtils.java:logGet(44)) - raft.server.log.segment.cache.num.max = 2 (custom)
2021-08-12 04:56:13,868 [pool-388-thread-1] INFO  server.RaftServerConfigKeys (ConfUtils.java:logGet(44)) - raft.server.log.segment.cache.size.max = 200MB (=209715200) (default)
2021-08-12 04:56:13,868 [pool-388-thread-1] INFO  segmented.SegmentedRaftLogWorker (SegmentedRaftLogWorker.java:<init>(182)) - new 8e39d2b9-5f55-4968-84c5-bb891011fe79@group-FE0E7720EF0E-SegmentedRaftLogWorker for RaftStorageImpl:Storage Directory /home/runner/work/ozone/ozone/hadoop-ozone/integration-test/target/test-dir/MiniOzoneClusterImpl-b581443b-e568-4d1b-b747-432576f6d125/datanode-1/data/ratis/92088d2a-0e12-4732-b689-fe0e7720ef0e
2021-08-12 04:56:13,868 [pool-388-thread-1] INFO  server.RaftServerConfigKeys (ConfUtils.java:logGet(44)) - raft.server.log.queue.byte-limit = 2147483647 (custom)
2021-08-12 04:56:13,868 [pool-388-thread-1] INFO  server.RaftServerConfigKeys (ConfUtils.java:logGet(44)) - raft.server.log.queue.element-limit = 1024 (custom)
2021-08-12 04:56:13,869 [pool-388-thread-1] INFO  server.RaftServerConfigKeys (ConfUtils.java:logGet(44)) - raft.server.log.segment.size.max = 1048576 (custom)
2021-08-12 04:56:13,869 [pool-388-thread-1] INFO  server.RaftServerConfigKeys (ConfUtils.java:logGet(44)) - raft.server.log.preallocated.size = 16384 (custom)
2021-08-12 04:56:13,869 [pool-388-thread-1] INFO  server.RaftServerConfigKeys (ConfUtils.java:logGet(44)) - raft.server.log.force.sync.num = 128 (default)
2021-08-12 04:56:13,869 [pool-388-thread-1] INFO  server.RaftServerConfigKeys (ConfUtils.java:logGet(44)) - raft.server.log.statemachine.data.sync = true (default)
2021-08-12 04:56:13,869 [pool-388-thread-1] INFO  server.RaftServerConfigKeys (ConfUtils.java:logGet(44)) - raft.server.log.statemachine.data.sync.timeout = 10s (default)
2021-08-12 04:56:13,869 [pool-388-thread-1] INFO  server.RaftServerConfigKeys (ConfUtils.java:logGet(44)) - raft.server.log.statemachine.data.sync.timeout.retry = -1 (default)
2021-08-12 04:56:13,870 [pool-388-thread-1] INFO  server.RaftServerConfigKeys (ConfUtils.java:logGet(44)) - raft.server.log.write.buffer.size = 1048576 (custom)
2021-08-12 04:56:13,872 [pool-388-thread-1] INFO  server.RaftServerConfigKeys (ConfUtils.java:logGet(44)) - raft.server.log.statemachine.data.caching.enabled = true (custom)
2021-08-12 04:56:13,872 [pool-388-thread-1] INFO  segmented.SegmentedRaftLogWorker (SegmentedRaftLogWorker.java:lambda$new$0(133)) - 8e39d2b9-5f55-4968-84c5-bb891011fe79@group-FE0E7720EF0E-SegmentedRaftLogWorker: flushIndex: setUnconditionally 0 -> -1
2021-08-12 04:56:13,873 [pool-388-thread-1] INFO  segmented.SegmentedRaftLogWorker (SegmentedRaftLogWorker.java:lambda$new$0(133)) - 8e39d2b9-5f55-4968-84c5-bb891011fe79@group-FE0E7720EF0E-SegmentedRaftLogWorker: safeCacheEvictIndex: setUnconditionally 0 -> -1
2021-08-12 04:56:13,883 [pool-388-thread-1] INFO  server.RaftServerConfigKeys (ConfUtils.java:logGet(44)) - raft.server.snapshot.auto.trigger.enabled = true (custom)
2021-08-12 04:56:13,884 [pool-388-thread-1] INFO  server.RaftServerConfigKeys (ConfUtils.java:logGet(44)) - raft.server.snapshot.auto.trigger.threshold = 10000 (custom)
2021-08-12 04:56:13,885 [pool-388-thread-1] INFO  server.RaftServerConfigKeys (ConfUtils.java:logGet(44)) - raft.server.snapshot.retention.file.num = 5 (custom)
2021-08-12 04:56:13,885 [pool-388-thread-1] INFO  server.RaftServerConfigKeys (ConfUtils.java:logGet(44)) - raft.server.log.purge.upto.snapshot.index = false (default)
2021-08-12 04:56:13,885 [pool-388-thread-1] INFO  server.RaftServerConfigKeys (ConfUtils.java:logGet(44)) - raft.server.retrycache.expirytime = 600000ms (custom)
2021-08-12 04:56:13,892 [pool-388-thread-1] INFO  server.RaftServerConfigKeys (ConfUtils.java:logGet(44)) - raft.server.retrycache.statistics.expirytime = 100μs (default)
2021-08-12 04:56:13,894 [pool-388-thread-1] INFO  server.RaftServer$Division (RaftServerImpl.java:start(296)) - 8e39d2b9-5f55-4968-84c5-bb891011fe79@group-FE0E7720EF0E: start as a follower, conf=-1: [9a0e8214-5584-40e1-a769-3f536150c8aa|rpc:10.1.0.13:46203|dataStream:|priority:0, 1c547540-2a18-4c6b-b829-eadf34e8c743|rpc:10.1.0.13:37015|dataStream:|priority:0, 8e39d2b9-5f55-4968-84c5-bb891011fe79|rpc:10.1.0.13:38289|dataStream:|priority:1], old=null
2021-08-12 04:56:13,894 [pool-388-thread-1] INFO  server.RaftServer$Division (RaftServerImpl.java:setRole(285)) - 8e39d2b9-5f55-4968-84c5-bb891011fe79@group-FE0E7720EF0E: changes role from      null to FOLLOWER at term 0 for startAsFollower
2021-08-12 04:56:13,895 [pool-388-thread-1] INFO  impl.RoleInfo (RoleInfo.java:updateAndGet(130)) - 8e39d2b9-5f55-4968-84c5-bb891011fe79: start 8e39d2b9-5f55-4968-84c5-bb891011fe79@group-FE0E7720EF0E-FollowerState
2021-08-12 04:56:13,897 [pool-388-thread-1] INFO  util.JmxRegister (JmxRegister.java:tryRegister(44)) - Successfully registered JMX Bean with object name Ratis:service=RaftServer,group=group-FE0E7720EF0E,id=8e39d2b9-5f55-4968-84c5-bb891011fe79
2021-08-12 04:56:13,945 [grpc-default-executor-0] INFO  server.RaftServer (RaftServerProxy.java:addNew(95)) - 1c547540-2a18-4c6b-b829-eadf34e8c743: addNew group-FE0E7720EF0E:[9a0e8214-5584-40e1-a769-3f536150c8aa|rpc:10.1.0.13:46203|dataStream:|priority:0, 1c547540-2a18-4c6b-b829-eadf34e8c743|rpc:10.1.0.13:37015|dataStream:|priority:0, 8e39d2b9-5f55-4968-84c5-bb891011fe79|rpc:10.1.0.13:38289|dataStream:|priority:1] returns group-FE0E7720EF0E:java.util.concurrent.CompletableFuture@7836cfa4[Not completed]
2021-08-12 04:56:13,949 [pool-407-thread-1] INFO  server.RaftServer$Division (RaftServerImpl.java:<init>(181)) - 1c547540-2a18-4c6b-b829-eadf34e8c743: new RaftServerImpl for group-FE0E7720EF0E:[9a0e8214-5584-40e1-a769-3f536150c8aa|rpc:10.1.0.13:46203|dataStream:|priority:0, 1c547540-2a18-4c6b-b829-eadf34e8c743|rpc:10.1.0.13:37015|dataStream:|priority:0, 8e39d2b9-5f55-4968-84c5-bb891011fe79|rpc:10.1.0.13:38289|dataStream:|priority:1] with ContainerStateMachine:uninitialized
2021-08-12 04:56:13,961 [pool-407-thread-1] INFO  server.RaftServerConfigKeys (ConfUtils.java:logGet(44)) - raft.server.rpc.timeout.min = 5s (custom)
2021-08-12 04:56:13,962 [pool-407-thread-1] INFO  server.RaftServerConfigKeys (ConfUtils.java:logGet(44)) - raft.server.rpc.timeout.max = 5200ms (custom)
2021-08-12 04:56:13,962 [pool-407-thread-1] INFO  server.RaftServerConfigKeys (ConfUtils.java:logGet(44)) - raft.server.rpc.sleep.time = 25ms (default)
2021-08-12 04:56:13,962 [pool-407-thread-1] INFO  server.RaftServerConfigKeys (ConfUtils.java:logGet(44)) - raft.server.rpc.slowness.timeout = 300s (custom)
2021-08-12 04:56:13,962 [pool-407-thread-1] INFO  server.RaftServerConfigKeys (ConfUtils.java:logGet(44)) - raft.server.leaderelection.leader.step-down.wait-time = 10s (default)
2021-08-12 04:56:13,962 [pool-407-thread-1] INFO  server.RaftServerConfigKeys (ConfUtils.java:logGet(44)) - raft.server.sleep.deviation.threshold = 300ms (default)
2021-08-12 04:56:13,962 [pool-407-thread-1] INFO  server.RaftServerConfigKeys (ConfUtils.java:logGet(44)) - raft.server.log.appender.install.snapshot.enabled = false (custom)
2021-08-12 04:56:13,962 [pool-407-thread-1] INFO  server.RaftServer$Division (ServerState.java:<init>(105)) - 1c547540-2a18-4c6b-b829-eadf34e8c743@group-FE0E7720EF0E: ConfigurationManager, init=-1: [9a0e8214-5584-40e1-a769-3f536150c8aa|rpc:10.1.0.13:46203|dataStream:|priority:0, 1c547540-2a18-4c6b-b829-eadf34e8c743|rpc:10.1.0.13:37015|dataStream:|priority:0, 8e39d2b9-5f55-4968-84c5-bb891011fe79|rpc:10.1.0.13:38289|dataStream:|priority:1], old=null, confs=<EMPTY_MAP>
2021-08-12 04:56:13,962 [pool-407-thread-1] INFO  server.RaftServerConfigKeys (ConfUtils.java:logGet(44)) - raft.server.storage.dir = [/home/runner/work/ozone/ozone/hadoop-ozone/integration-test/target/test-dir/MiniOzoneClusterImpl-b581443b-e568-4d1b-b747-432576f6d125/datanode-2/data/ratis] (custom)
2021-08-12 04:56:13,962 [pool-407-thread-1] INFO  server.RaftServerConfigKeys (ConfUtils.java:logGet(44)) - raft.server.log.corruption.policy = EXCEPTION (default)
2021-08-12 04:56:13,962 [pool-407-thread-1] INFO  server.RaftServerConfigKeys (ConfUtils.java:logGet(44)) - raft.server.storage.free-space.min = 0MB (=0) (default)
2021-08-12 04:56:13,975 [pool-407-thread-1] INFO  storage.RaftStorageDirectory (RaftStorageDirectoryImpl.java:analyzeStorage(135)) - The storage directory /home/runner/work/ozone/ozone/hadoop-ozone/integration-test/target/test-dir/MiniOzoneClusterImpl-b581443b-e568-4d1b-b747-432576f6d125/datanode-2/data/ratis/92088d2a-0e12-4732-b689-fe0e7720ef0e does not exist. Creating ...
2021-08-12 04:56:13,977 [pool-407-thread-1] INFO  storage.RaftStorageDirectory (RaftStorageDirectoryImpl.java:tryLock(230)) - Lock on /home/runner/work/ozone/ozone/hadoop-ozone/integration-test/target/test-dir/MiniOzoneClusterImpl-b581443b-e568-4d1b-b747-432576f6d125/datanode-2/data/ratis/92088d2a-0e12-4732-b689-fe0e7720ef0e/in_use.lock acquired by nodename 20613@fv-az294-902
2021-08-12 04:56:13,983 [pool-407-thread-1] INFO  storage.RaftStorage (RaftStorageImpl.java:format(89)) - Storage directory /home/runner/work/ozone/ozone/hadoop-ozone/integration-test/target/test-dir/MiniOzoneClusterImpl-b581443b-e568-4d1b-b747-432576f6d125/datanode-2/data/ratis/92088d2a-0e12-4732-b689-fe0e7720ef0e has been successfully formatted.
2021-08-12 04:56:13,986 [Datanode State Machine Thread - 0] WARN  statemachine.StateContext (StateContext.java:execute(621)) - No available thread in pool for past 1 seconds.
2021-08-12 04:56:13,986 [pool-407-thread-1] INFO  ratis.ContainerStateMachine (ContainerStateMachine.java:loadSnapshot(225)) - group-FE0E7720EF0E: The snapshot info is null. Setting the last applied indexto:(t:0, i:~)
2021-08-12 04:56:13,986 [pool-407-thread-1] INFO  server.RaftServerConfigKeys (ConfUtils.java:logGet(44)) - raft.server.notification.no-leader.timeout = 300s (custom)
2021-08-12 04:56:13,987 [pool-407-thread-1] INFO  server.RaftServerConfigKeys (ConfUtils.java:logGet(44)) - raft.server.log.use.memory = false (default)
2021-08-12 04:56:13,988 [pool-407-thread-1] INFO  server.RaftServerConfigKeys (ConfUtils.java:logGet(44)) - raft.server.log.purge.gap = 1000000 (custom)
2021-08-12 04:56:13,988 [pool-407-thread-1] INFO  server.RaftServerConfigKeys (ConfUtils.java:logGet(44)) - raft.server.log.appender.buffer.byte-limit = 33554432 (custom)
2021-08-12 04:56:13,988 [pool-407-thread-1] INFO  server.RaftServerConfigKeys (ConfUtils.java:logGet(44)) - raft.server.log.segment.size.max = 1048576 (custom)
2021-08-12 04:56:13,988 [pool-407-thread-1] INFO  server.RaftServerConfigKeys (ConfUtils.java:logGet(44)) - raft.server.log.segment.cache.num.max = 2 (custom)
2021-08-12 04:56:13,989 [pool-407-thread-1] INFO  server.RaftServerConfigKeys (ConfUtils.java:logGet(44)) - raft.server.log.segment.cache.size.max = 200MB (=209715200) (default)
2021-08-12 04:56:13,989 [pool-407-thread-1] INFO  segmented.SegmentedRaftLogWorker (SegmentedRaftLogWorker.java:<init>(182)) - new 1c547540-2a18-4c6b-b829-eadf34e8c743@group-FE0E7720EF0E-SegmentedRaftLogWorker for RaftStorageImpl:Storage Directory /home/runner/work/ozone/ozone/hadoop-ozone/integration-test/target/test-dir/MiniOzoneClusterImpl-b581443b-e568-4d1b-b747-432576f6d125/datanode-2/data/ratis/92088d2a-0e12-4732-b689-fe0e7720ef0e
2021-08-12 04:56:13,989 [pool-407-thread-1] INFO  server.RaftServerConfigKeys (ConfUtils.java:logGet(44)) - raft.server.log.queue.byte-limit = 2147483647 (custom)
2021-08-12 04:56:13,989 [pool-407-thread-1] INFO  server.RaftServerConfigKeys (ConfUtils.java:logGet(44)) - raft.server.log.queue.element-limit = 1024 (custom)
2021-08-12 04:56:13,989 [pool-407-thread-1] INFO  server.RaftServerConfigKeys (ConfUtils.java:logGet(44)) - raft.server.log.segment.size.max = 1048576 (custom)
2021-08-12 04:56:13,989 [pool-407-thread-1] INFO  server.RaftServerConfigKeys (ConfUtils.java:logGet(44)) - raft.server.log.preallocated.size = 16384 (custom)
2021-08-12 04:56:13,989 [pool-407-thread-1] INFO  server.RaftServerConfigKeys (ConfUtils.java:logGet(44)) - raft.server.log.force.sync.num = 128 (default)
2021-08-12 04:56:13,989 [pool-407-thread-1] INFO  server.RaftServerConfigKeys (ConfUtils.java:logGet(44)) - raft.server.log.statemachine.data.sync = true (default)
2021-08-12 04:56:13,989 [pool-407-thread-1] INFO  server.RaftServerConfigKeys (ConfUtils.java:logGet(44)) - raft.server.log.statemachine.data.sync.timeout = 10s (default)
2021-08-12 04:56:13,989 [pool-407-thread-1] INFO  server.RaftServerConfigKeys (ConfUtils.java:logGet(44)) - raft.server.log.statemachine.data.sync.timeout.retry = -1 (default)
2021-08-12 04:56:13,990 [pool-407-thread-1] INFO  server.RaftServerConfigKeys (ConfUtils.java:logGet(44)) - raft.server.log.write.buffer.size = 1048576 (custom)
2021-08-12 04:56:13,990 [pool-407-thread-1] INFO  server.RaftServerConfigKeys (ConfUtils.java:logGet(44)) - raft.server.log.statemachine.data.caching.enabled = true (custom)
2021-08-12 04:56:13,991 [pool-407-thread-1] INFO  segmented.SegmentedRaftLogWorker (SegmentedRaftLogWorker.java:lambda$new$0(133)) - 1c547540-2a18-4c6b-b829-eadf34e8c743@group-FE0E7720EF0E-SegmentedRaftLogWorker: flushIndex: setUnconditionally 0 -> -1
2021-08-12 04:56:13,991 [pool-407-thread-1] INFO  segmented.SegmentedRaftLogWorker (SegmentedRaftLogWorker.java:lambda$new$0(133)) - 1c547540-2a18-4c6b-b829-eadf34e8c743@group-FE0E7720EF0E-SegmentedRaftLogWorker: safeCacheEvictIndex: setUnconditionally 0 -> -1
2021-08-12 04:56:13,991 [pool-407-thread-1] INFO  server.RaftServerConfigKeys (ConfUtils.java:logGet(44)) - raft.server.snapshot.auto.trigger.enabled = true (custom)
2021-08-12 04:56:13,991 [pool-407-thread-1] INFO  server.RaftServerConfigKeys (ConfUtils.java:logGet(44)) - raft.server.snapshot.auto.trigger.threshold = 10000 (custom)
2021-08-12 04:56:13,991 [pool-407-thread-1] INFO  server.RaftServerConfigKeys (ConfUtils.java:logGet(44)) - raft.server.snapshot.retention.file.num = 5 (custom)
2021-08-12 04:56:13,991 [pool-407-thread-1] INFO  server.RaftServerConfigKeys (ConfUtils.java:logGet(44)) - raft.server.log.purge.upto.snapshot.index = false (default)
2021-08-12 04:56:13,991 [pool-407-thread-1] INFO  server.RaftServerConfigKeys (ConfUtils.java:logGet(44)) - raft.server.retrycache.expirytime = 600000ms (custom)
2021-08-12 04:56:13,991 [pool-407-thread-1] INFO  server.RaftServerConfigKeys (ConfUtils.java:logGet(44)) - raft.server.retrycache.statistics.expirytime = 100μs (default)
2021-08-12 04:56:13,993 [pool-407-thread-1] INFO  server.RaftServer$Division (RaftServerImpl.java:start(296)) - 1c547540-2a18-4c6b-b829-eadf34e8c743@group-FE0E7720EF0E: start as a follower, conf=-1: [9a0e8214-5584-40e1-a769-3f536150c8aa|rpc:10.1.0.13:46203|dataStream:|priority:0, 1c547540-2a18-4c6b-b829-eadf34e8c743|rpc:10.1.0.13:37015|dataStream:|priority:0, 8e39d2b9-5f55-4968-84c5-bb891011fe79|rpc:10.1.0.13:38289|dataStream:|priority:1], old=null
2021-08-12 04:56:13,993 [pool-407-thread-1] INFO  server.RaftServer$Division (RaftServerImpl.java:setRole(285)) - 1c547540-2a18-4c6b-b829-eadf34e8c743@group-FE0E7720EF0E: changes role from      null to FOLLOWER at term 0 for startAsFollower
2021-08-12 04:56:13,993 [pool-407-thread-1] INFO  impl.RoleInfo (RoleInfo.java:updateAndGet(130)) - 1c547540-2a18-4c6b-b829-eadf34e8c743: start 1c547540-2a18-4c6b-b829-eadf34e8c743@group-FE0E7720EF0E-FollowerState
2021-08-12 04:56:13,999 [pool-407-thread-1] INFO  util.JmxRegister (JmxRegister.java:tryRegister(44)) - Successfully registered JMX Bean with object name Ratis:service=RaftServer,group=group-FE0E7720EF0E,id=1c547540-2a18-4c6b-b829-eadf34e8c743
2021-08-12 04:56:14,026 [Command processor thread] INFO  commandhandler.CreatePipelineCommandHandler (CreatePipelineCommandHandler.java:handle(106)) - Created Pipeline RATIS THREE PipelineID=92088d2a-0e12-4732-b689-fe0e7720ef0e.
2021-08-12 04:56:14,028 [Command processor thread] INFO  server.RaftServer (RaftServerProxy.java:addNew(95)) - 9a0e8214-5584-40e1-a769-3f536150c8aa: addNew group-14B6E25724D0:[9a0e8214-5584-40e1-a769-3f536150c8aa|rpc:10.1.0.13:46203|priority:0, 1c547540-2a18-4c6b-b829-eadf34e8c743|rpc:10.1.0.13:37015|priority:1, 8e39d2b9-5f55-4968-84c5-bb891011fe79|rpc:10.1.0.13:38289|priority:0] returns group-14B6E25724D0:java.util.concurrent.CompletableFuture@2baa795f[Not completed]
2021-08-12 04:56:14,029 [pool-369-thread-1] INFO  server.RaftServer$Division (RaftServerImpl.java:<init>(181)) - 9a0e8214-5584-40e1-a769-3f536150c8aa: new RaftServerImpl for group-14B6E25724D0:[9a0e8214-5584-40e1-a769-3f536150c8aa|rpc:10.1.0.13:46203|priority:0, 1c547540-2a18-4c6b-b829-eadf34e8c743|rpc:10.1.0.13:37015|priority:1, 8e39d2b9-5f55-4968-84c5-bb891011fe79|rpc:10.1.0.13:38289|priority:0] with ContainerStateMachine:uninitialized
2021-08-12 04:56:14,029 [pool-369-thread-1] INFO  server.RaftServerConfigKeys (ConfUtils.java:logGet(44)) - raft.server.rpc.timeout.min = 5s (custom)
2021-08-12 04:56:14,029 [pool-369-thread-1] INFO  server.RaftServerConfigKeys (ConfUtils.java:logGet(44)) - raft.server.rpc.timeout.max = 5200ms (custom)
2021-08-12 04:56:14,029 [pool-369-thread-1] INFO  server.RaftServerConfigKeys (ConfUtils.java:logGet(44)) - raft.server.rpc.sleep.time = 25ms (default)
2021-08-12 04:56:14,029 [pool-369-thread-1] INFO  server.RaftServerConfigKeys (ConfUtils.java:logGet(44)) - raft.server.rpc.slowness.timeout = 300s (custom)
2021-08-12 04:56:14,029 [pool-369-thread-1] INFO  server.RaftServerConfigKeys (ConfUtils.java:logGet(44)) - raft.server.leaderelection.leader.step-down.wait-time = 10s (default)
2021-08-12 04:56:14,029 [pool-369-thread-1] INFO  server.RaftServerConfigKeys (ConfUtils.java:logGet(44)) - raft.server.sleep.deviation.threshold = 300ms (default)
2021-08-12 04:56:14,030 [pool-369-thread-1] INFO  server.RaftServerConfigKeys (ConfUtils.java:logGet(44)) - raft.server.log.appender.install.snapshot.enabled = false (custom)
2021-08-12 04:56:14,030 [pool-369-thread-1] INFO  server.RaftServer$Division (ServerState.java:<init>(105)) - 9a0e8214-5584-40e1-a769-3f536150c8aa@group-14B6E25724D0: ConfigurationManager, init=-1: [9a0e8214-5584-40e1-a769-3f536150c8aa|rpc:10.1.0.13:46203|priority:0, 1c547540-2a18-4c6b-b829-eadf34e8c743|rpc:10.1.0.13:37015|priority:1, 8e39d2b9-5f55-4968-84c5-bb891011fe79|rpc:10.1.0.13:38289|priority:0], old=null, confs=<EMPTY_MAP>
2021-08-12 04:56:14,030 [pool-369-thread-1] INFO  server.RaftServerConfigKeys (ConfUtils.java:logGet(44)) - raft.server.storage.dir = [/home/runner/work/ozone/ozone/hadoop-ozone/integration-test/target/test-dir/MiniOzoneClusterImpl-b581443b-e568-4d1b-b747-432576f6d125/datanode-0/data/ratis] (custom)
2021-08-12 04:56:14,030 [pool-369-thread-1] INFO  server.RaftServerConfigKeys (ConfUtils.java:logGet(44)) - raft.server.log.corruption.policy = EXCEPTION (default)
2021-08-12 04:56:14,030 [pool-369-thread-1] INFO  server.RaftServerConfigKeys (ConfUtils.java:logGet(44)) - raft.server.storage.free-space.min = 0MB (=0) (default)
2021-08-12 04:56:14,030 [pool-369-thread-1] INFO  storage.RaftStorageDirectory (RaftStorageDirectoryImpl.java:analyzeStorage(135)) - The storage directory /home/runner/work/ozone/ozone/hadoop-ozone/integration-test/target/test-dir/MiniOzoneClusterImpl-b581443b-e568-4d1b-b747-432576f6d125/datanode-0/data/ratis/26801f47-f8ca-46ae-ab78-14b6e25724d0 does not exist. Creating ...
2021-08-12 04:56:14,035 [pool-369-thread-1] INFO  storage.RaftStorageDirectory (RaftStorageDirectoryImpl.java:tryLock(230)) - Lock on /home/runner/work/ozone/ozone/hadoop-ozone/integration-test/target/test-dir/MiniOzoneClusterImpl-b581443b-e568-4d1b-b747-432576f6d125/datanode-0/data/ratis/26801f47-f8ca-46ae-ab78-14b6e25724d0/in_use.lock acquired by nodename 20613@fv-az294-902
2021-08-12 04:56:14,036 [pool-369-thread-1] INFO  storage.RaftStorage (RaftStorageImpl.java:format(89)) - Storage directory /home/runner/work/ozone/ozone/hadoop-ozone/integration-test/target/test-dir/MiniOzoneClusterImpl-b581443b-e568-4d1b-b747-432576f6d125/datanode-0/data/ratis/26801f47-f8ca-46ae-ab78-14b6e25724d0 has been successfully formatted.
2021-08-12 04:56:14,036 [pool-369-thread-1] INFO  ratis.ContainerStateMachine (ContainerStateMachine.java:loadSnapshot(225)) - group-14B6E25724D0: The snapshot info is null. Setting the last applied indexto:(t:0, i:~)
2021-08-12 04:56:14,047 [pool-369-thread-1] INFO  server.RaftServerConfigKeys (ConfUtils.java:logGet(44)) - raft.server.notification.no-leader.timeout = 300s (custom)
2021-08-12 04:56:14,047 [pool-369-thread-1] INFO  server.RaftServerConfigKeys (ConfUtils.java:logGet(44)) - raft.server.log.use.memory = false (default)
2021-08-12 04:56:14,047 [Datanode State Machine Thread - 0] WARN  statemachine.StateContext (StateContext.java:execute(621)) - No available thread in pool for past 1 seconds.
2021-08-12 04:56:14,047 [pool-369-thread-1] INFO  server.RaftServerConfigKeys (ConfUtils.java:logGet(44)) - raft.server.log.purge.gap = 1000000 (custom)
2021-08-12 04:56:14,047 [pool-369-thread-1] INFO  server.RaftServerConfigKeys (ConfUtils.java:logGet(44)) - raft.server.log.appender.buffer.byte-limit = 33554432 (custom)
2021-08-12 04:56:14,047 [pool-369-thread-1] INFO  server.RaftServerConfigKeys (ConfUtils.java:logGet(44)) - raft.server.log.segment.size.max = 1048576 (custom)
2021-08-12 04:56:14,048 [pool-369-thread-1] INFO  server.RaftServerConfigKeys (ConfUtils.java:logGet(44)) - raft.server.log.segment.cache.num.max = 2 (custom)
2021-08-12 04:56:14,048 [pool-369-thread-1] INFO  server.RaftServerConfigKeys (ConfUtils.java:logGet(44)) - raft.server.log.segment.cache.size.max = 200MB (=209715200) (default)
2021-08-12 04:56:14,048 [pool-369-thread-1] INFO  segmented.SegmentedRaftLogWorker (SegmentedRaftLogWorker.java:<init>(182)) - new 9a0e8214-5584-40e1-a769-3f536150c8aa@group-14B6E25724D0-SegmentedRaftLogWorker for RaftStorageImpl:Storage Directory /home/runner/work/ozone/ozone/hadoop-ozone/integration-test/target/test-dir/MiniOzoneClusterImpl-b581443b-e568-4d1b-b747-432576f6d125/datanode-0/data/ratis/26801f47-f8ca-46ae-ab78-14b6e25724d0
2021-08-12 04:56:14,048 [pool-369-thread-1] INFO  server.RaftServerConfigKeys (ConfUtils.java:logGet(44)) - raft.server.log.queue.byte-limit = 2147483647 (custom)
2021-08-12 04:56:14,048 [pool-369-thread-1] INFO  server.RaftServerConfigKeys (ConfUtils.java:logGet(44)) - raft.server.log.queue.element-limit = 1024 (custom)
2021-08-12 04:56:14,048 [pool-369-thread-1] INFO  server.RaftServerConfigKeys (ConfUtils.java:logGet(44)) - raft.server.log.segment.size.max = 1048576 (custom)
2021-08-12 04:56:14,048 [pool-369-thread-1] INFO  server.RaftServerConfigKeys (ConfUtils.java:logGet(44)) - raft.server.log.preallocated.size = 16384 (custom)
2021-08-12 04:56:14,048 [pool-369-thread-1] INFO  server.RaftServerConfigKeys (ConfUtils.java:logGet(44)) - raft.server.log.force.sync.num = 128 (default)
2021-08-12 04:56:14,048 [pool-369-thread-1] INFO  server.RaftServerConfigKeys (ConfUtils.java:logGet(44)) - raft.server.log.statemachine.data.sync = true (default)
2021-08-12 04:56:14,048 [pool-369-thread-1] INFO  server.RaftServerConfigKeys (ConfUtils.java:logGet(44)) - raft.server.log.statemachine.data.sync.timeout = 10s (default)
2021-08-12 04:56:14,048 [pool-369-thread-1] INFO  server.RaftServerConfigKeys (ConfUtils.java:logGet(44)) - raft.server.log.statemachine.data.sync.timeout.retry = -1 (default)
2021-08-12 04:56:14,048 [EventQueue-OpenPipelineForHealthyPipelineSafeModeRule] INFO  safemode.SCMSafeModeManager (HealthyPipelineSafeModeRule.java:process(124)) - SCM in safe mode. Healthy pipelines reported count is 0, required healthy pipeline reported count is 1
2021-08-12 04:56:14,049 [pool-369-thread-1] INFO  server.RaftServerConfigKeys (ConfUtils.java:logGet(44)) - raft.server.log.write.buffer.size = 1048576 (custom)
2021-08-12 04:56:14,062 [pool-369-thread-1] INFO  server.RaftServerConfigKeys (ConfUtils.java:logGet(44)) - raft.server.log.statemachine.data.caching.enabled = true (custom)
2021-08-12 04:56:14,062 [pool-369-thread-1] INFO  segmented.SegmentedRaftLogWorker (SegmentedRaftLogWorker.java:lambda$new$0(133)) - 9a0e8214-5584-40e1-a769-3f536150c8aa@group-14B6E25724D0-SegmentedRaftLogWorker: flushIndex: setUnconditionally 0 -> -1
2021-08-12 04:56:14,062 [pool-369-thread-1] INFO  segmented.SegmentedRaftLogWorker (SegmentedRaftLogWorker.java:lambda$new$0(133)) - 9a0e8214-5584-40e1-a769-3f536150c8aa@group-14B6E25724D0-SegmentedRaftLogWorker: safeCacheEvictIndex: setUnconditionally 0 -> -1
2021-08-12 04:56:14,065 [pool-369-thread-1] INFO  server.RaftServerConfigKeys (ConfUtils.java:logGet(44)) - raft.server.snapshot.auto.trigger.enabled = true (custom)
2021-08-12 04:56:14,065 [pool-369-thread-1] INFO  server.RaftServerConfigKeys (ConfUtils.java:logGet(44)) - raft.server.snapshot.auto.trigger.threshold = 10000 (custom)
2021-08-12 04:56:14,065 [pool-369-thread-1] INFO  server.RaftServerConfigKeys (ConfUtils.java:logGet(44)) - raft.server.snapshot.retention.file.num = 5 (custom)
2021-08-12 04:56:14,065 [pool-369-thread-1] INFO  server.RaftServerConfigKeys (ConfUtils.java:logGet(44)) - raft.server.log.purge.upto.snapshot.index = false (default)
2021-08-12 04:56:14,065 [pool-369-thread-1] INFO  server.RaftServerConfigKeys (ConfUtils.java:logGet(44)) - raft.server.retrycache.expirytime = 600000ms (custom)
2021-08-12 04:56:14,065 [pool-369-thread-1] INFO  server.RaftServerConfigKeys (ConfUtils.java:logGet(44)) - raft.server.retrycache.statistics.expirytime = 100μs (default)
2021-08-12 04:56:14,067 [pool-369-thread-1] INFO  server.RaftServer$Division (RaftServerImpl.java:start(296)) - 9a0e8214-5584-40e1-a769-3f536150c8aa@group-14B6E25724D0: start as a follower, conf=-1: [9a0e8214-5584-40e1-a769-3f536150c8aa|rpc:10.1.0.13:46203|priority:0, 1c547540-2a18-4c6b-b829-eadf34e8c743|rpc:10.1.0.13:37015|priority:1, 8e39d2b9-5f55-4968-84c5-bb891011fe79|rpc:10.1.0.13:38289|priority:0], old=null
2021-08-12 04:56:14,067 [pool-369-thread-1] INFO  server.RaftServer$Division (RaftServerImpl.java:setRole(285)) - 9a0e8214-5584-40e1-a769-3f536150c8aa@group-14B6E25724D0: changes role from      null to FOLLOWER at term 0 for startAsFollower
2021-08-12 04:56:14,067 [pool-369-thread-1] INFO  impl.RoleInfo (RoleInfo.java:updateAndGet(130)) - 9a0e8214-5584-40e1-a769-3f536150c8aa: start 9a0e8214-5584-40e1-a769-3f536150c8aa@group-14B6E25724D0-FollowerState
2021-08-12 04:56:14,070 [pool-369-thread-1] INFO  util.JmxRegister (JmxRegister.java:tryRegister(44)) - Successfully registered JMX Bean with object name Ratis:service=RaftServer,group=group-14B6E25724D0,id=9a0e8214-5584-40e1-a769-3f536150c8aa
2021-08-12 04:56:14,072 [Command processor thread] INFO  ratis.XceiverServerRatis (XceiverServerRatis.java:addGroup(763)) - Created group PipelineID=26801f47-f8ca-46ae-ab78-14b6e25724d0
2021-08-12 04:56:14,110 [Command processor thread] INFO  server.RaftServer (RaftServerProxy.java:addNew(95)) - 8e39d2b9-5f55-4968-84c5-bb891011fe79: addNew group-8F42A571F5B2:[8e39d2b9-5f55-4968-84c5-bb891011fe79|rpc:10.1.0.13:38289|priority:1] returns group-8F42A571F5B2:java.util.concurrent.CompletableFuture@45830608[Not completed]
2021-08-12 04:56:14,111 [grpc-default-executor-0] INFO  server.RaftServer (RaftServerProxy.java:addNew(95)) - 1c547540-2a18-4c6b-b829-eadf34e8c743: addNew group-14B6E25724D0:[9a0e8214-5584-40e1-a769-3f536150c8aa|rpc:10.1.0.13:46203|dataStream:|priority:0, 1c547540-2a18-4c6b-b829-eadf34e8c743|rpc:10.1.0.13:37015|dataStream:|priority:1, 8e39d2b9-5f55-4968-84c5-bb891011fe79|rpc:10.1.0.13:38289|dataStream:|priority:0] returns group-14B6E25724D0:java.util.concurrent.CompletableFuture@1b9d8a5[Not completed]
2021-08-12 04:56:14,111 [pool-388-thread-1] INFO  server.RaftServer$Division (RaftServerImpl.java:<init>(181)) - 8e39d2b9-5f55-4968-84c5-bb891011fe79: new RaftServerImpl for group-8F42A571F5B2:[8e39d2b9-5f55-4968-84c5-bb891011fe79|rpc:10.1.0.13:38289|priority:1] with ContainerStateMachine:uninitialized
2021-08-12 04:56:14,111 [pool-388-thread-1] INFO  server.RaftServerConfigKeys (ConfUtils.java:logGet(44)) - raft.server.rpc.timeout.min = 5s (custom)
2021-08-12 04:56:14,111 [pool-388-thread-1] INFO  server.RaftServerConfigKeys (ConfUtils.java:logGet(44)) - raft.server.rpc.timeout.max = 5200ms (custom)
2021-08-12 04:56:14,111 [pool-388-thread-1] INFO  server.RaftServerConfigKeys (ConfUtils.java:logGet(44)) - raft.server.rpc.sleep.time = 25ms (default)
2021-08-12 04:56:14,111 [pool-388-thread-1] INFO  server.RaftServerConfigKeys (ConfUtils.java:logGet(44)) - raft.server.rpc.slowness.timeout = 300s (custom)
2021-08-12 04:56:14,112 [pool-388-thread-1] INFO  server.RaftServerConfigKeys (ConfUtils.java:logGet(44)) - raft.server.leaderelection.leader.step-down.wait-time = 10s (default)
2021-08-12 04:56:14,112 [pool-388-thread-1] INFO  server.RaftServerConfigKeys (ConfUtils.java:logGet(44)) - raft.server.sleep.deviation.threshold = 300ms (default)
2021-08-12 04:56:14,112 [pool-388-thread-1] INFO  server.RaftServerConfigKeys (ConfUtils.java:logGet(44)) - raft.server.log.appender.install.snapshot.enabled = false (custom)
2021-08-12 04:56:14,112 [pool-388-thread-1] INFO  server.RaftServer$Division (ServerState.java:<init>(105)) - 8e39d2b9-5f55-4968-84c5-bb891011fe79@group-8F42A571F5B2: ConfigurationManager, init=-1: [8e39d2b9-5f55-4968-84c5-bb891011fe79|rpc:10.1.0.13:38289|priority:1], old=null, confs=<EMPTY_MAP>
2021-08-12 04:56:14,112 [pool-388-thread-1] INFO  server.RaftServerConfigKeys (ConfUtils.java:logGet(44)) - raft.server.storage.dir = [/home/runner/work/ozone/ozone/hadoop-ozone/integration-test/target/test-dir/MiniOzoneClusterImpl-b581443b-e568-4d1b-b747-432576f6d125/datanode-1/data/ratis] (custom)
2021-08-12 04:56:14,112 [pool-388-thread-1] INFO  server.RaftServerConfigKeys (ConfUtils.java:logGet(44)) - raft.server.log.corruption.policy = EXCEPTION (default)
2021-08-12 04:56:14,112 [pool-388-thread-1] INFO  server.RaftServerConfigKeys (ConfUtils.java:logGet(44)) - raft.server.storage.free-space.min = 0MB (=0) (default)
2021-08-12 04:56:14,112 [pool-388-thread-1] INFO  storage.RaftStorageDirectory (RaftStorageDirectoryImpl.java:analyzeStorage(135)) - The storage directory /home/runner/work/ozone/ozone/hadoop-ozone/integration-test/target/test-dir/MiniOzoneClusterImpl-b581443b-e568-4d1b-b747-432576f6d125/datanode-1/data/ratis/9b4c2edf-5d4c-4784-b099-8f42a571f5b2 does not exist. Creating ...
2021-08-12 04:56:14,113 [pool-407-thread-1] INFO  server.RaftServer$Division (RaftServerImpl.java:<init>(181)) - 1c547540-2a18-4c6b-b829-eadf34e8c743: new RaftServerImpl for group-14B6E25724D0:[9a0e8214-5584-40e1-a769-3f536150c8aa|rpc:10.1.0.13:46203|dataStream:|priority:0, 1c547540-2a18-4c6b-b829-eadf34e8c743|rpc:10.1.0.13:37015|dataStream:|priority:1, 8e39d2b9-5f55-4968-84c5-bb891011fe79|rpc:10.1.0.13:38289|dataStream:|priority:0] with ContainerStateMachine:uninitialized
2021-08-12 04:56:14,113 [pool-407-thread-1] INFO  server.RaftServerConfigKeys (ConfUtils.java:logGet(44)) - raft.server.rpc.timeout.min = 5s (custom)
2021-08-12 04:56:14,113 [pool-407-thread-1] INFO  server.RaftServerConfigKeys (ConfUtils.java:logGet(44)) - raft.server.rpc.timeout.max = 5200ms (custom)
2021-08-12 04:56:14,113 [pool-407-thread-1] INFO  server.RaftServerConfigKeys (ConfUtils.java:logGet(44)) - raft.server.rpc.sleep.time = 25ms (default)
2021-08-12 04:56:14,113 [pool-407-thread-1] INFO  server.RaftServerConfigKeys (ConfUtils.java:logGet(44)) - raft.server.rpc.slowness.timeout = 300s (custom)
2021-08-12 04:56:14,113 [pool-407-thread-1] INFO  server.RaftServerConfigKeys (ConfUtils.java:logGet(44)) - raft.server.leaderelection.leader.step-down.wait-time = 10s (default)
2021-08-12 04:56:14,113 [pool-407-thread-1] INFO  server.RaftServerConfigKeys (ConfUtils.java:logGet(44)) - raft.server.sleep.deviation.threshold = 300ms (default)
2021-08-12 04:56:14,113 [pool-407-thread-1] INFO  server.RaftServerConfigKeys (ConfUtils.java:logGet(44)) - raft.server.log.appender.install.snapshot.enabled = false (custom)
2021-08-12 04:56:14,113 [pool-407-thread-1] INFO  server.RaftServer$Division (ServerState.java:<init>(105)) - 1c547540-2a18-4c6b-b829-eadf34e8c743@group-14B6E25724D0: ConfigurationManager, init=-1: [9a0e8214-5584-40e1-a769-3f536150c8aa|rpc:10.1.0.13:46203|dataStream:|priority:0, 1c547540-2a18-4c6b-b829-eadf34e8c743|rpc:10.1.0.13:37015|dataStream:|priority:1, 8e39d2b9-5f55-4968-84c5-bb891011fe79|rpc:10.1.0.13:38289|dataStream:|priority:0], old=null, confs=<EMPTY_MAP>
2021-08-12 04:56:14,114 [pool-407-thread-1] INFO  server.RaftServerConfigKeys (ConfUtils.java:logGet(44)) - raft.server.storage.dir = [/home/runner/work/ozone/ozone/hadoop-ozone/integration-test/target/test-dir/MiniOzoneClusterImpl-b581443b-e568-4d1b-b747-432576f6d125/datanode-2/data/ratis] (custom)
2021-08-12 04:56:14,114 [pool-407-thread-1] INFO  server.RaftServerConfigKeys (ConfUtils.java:logGet(44)) - raft.server.log.corruption.policy = EXCEPTION (default)
2021-08-12 04:56:14,114 [pool-407-thread-1] INFO  server.RaftServerConfigKeys (ConfUtils.java:logGet(44)) - raft.server.storage.free-space.min = 0MB (=0) (default)
2021-08-12 04:56:14,114 [pool-407-thread-1] INFO  storage.RaftStorageDirectory (RaftStorageDirectoryImpl.java:analyzeStorage(135)) - The storage directory /home/runner/work/ozone/ozone/hadoop-ozone/integration-test/target/test-dir/MiniOzoneClusterImpl-b581443b-e568-4d1b-b747-432576f6d125/datanode-2/data/ratis/26801f47-f8ca-46ae-ab78-14b6e25724d0 does not exist. Creating ...
2021-08-12 04:56:14,115 [pool-407-thread-1] INFO  storage.RaftStorageDirectory (RaftStorageDirectoryImpl.java:tryLock(230)) - Lock on /home/runner/work/ozone/ozone/hadoop-ozone/integration-test/target/test-dir/MiniOzoneClusterImpl-b581443b-e568-4d1b-b747-432576f6d125/datanode-2/data/ratis/26801f47-f8ca-46ae-ab78-14b6e25724d0/in_use.lock acquired by nodename 20613@fv-az294-902
2021-08-12 04:56:14,115 [pool-388-thread-1] INFO  storage.RaftStorageDirectory (RaftStorageDirectoryImpl.java:tryLock(230)) - Lock on /home/runner/work/ozone/ozone/hadoop-ozone/integration-test/target/test-dir/MiniOzoneClusterImpl-b581443b-e568-4d1b-b747-432576f6d125/datanode-1/data/ratis/9b4c2edf-5d4c-4784-b099-8f42a571f5b2/in_use.lock acquired by nodename 20613@fv-az294-902
2021-08-12 04:56:14,116 [pool-407-thread-1] INFO  storage.RaftStorage (RaftStorageImpl.java:format(89)) - Storage directory /home/runner/work/ozone/ozone/hadoop-ozone/integration-test/target/test-dir/MiniOzoneClusterImpl-b581443b-e568-4d1b-b747-432576f6d125/datanode-2/data/ratis/26801f47-f8ca-46ae-ab78-14b6e25724d0 has been successfully formatted.
2021-08-12 04:56:14,116 [pool-407-thread-1] INFO  ratis.ContainerStateMachine (ContainerStateMachine.java:loadSnapshot(225)) - group-14B6E25724D0: The snapshot info is null. Setting the last applied indexto:(t:0, i:~)
2021-08-12 04:56:14,117 [pool-407-thread-1] INFO  server.RaftServerConfigKeys (ConfUtils.java:logGet(44)) - raft.server.notification.no-leader.timeout = 300s (custom)
2021-08-12 04:56:14,117 [pool-407-thread-1] INFO  server.RaftServerConfigKeys (ConfUtils.java:logGet(44)) - raft.server.log.use.memory = false (default)
2021-08-12 04:56:14,117 [pool-407-thread-1] INFO  server.RaftServerConfigKeys (ConfUtils.java:logGet(44)) - raft.server.log.purge.gap = 1000000 (custom)
2021-08-12 04:56:14,117 [pool-407-thread-1] INFO  server.RaftServerConfigKeys (ConfUtils.java:logGet(44)) - raft.server.log.appender.buffer.byte-limit = 33554432 (custom)
2021-08-12 04:56:14,117 [pool-407-thread-1] INFO  server.RaftServerConfigKeys (ConfUtils.java:logGet(44)) - raft.server.log.segment.size.max = 1048576 (custom)
2021-08-12 04:56:14,117 [pool-407-thread-1] INFO  server.RaftServerConfigKeys (ConfUtils.java:logGet(44)) - raft.server.log.segment.cache.num.max = 2 (custom)
2021-08-12 04:56:14,117 [pool-407-thread-1] INFO  server.RaftServerConfigKeys (ConfUtils.java:logGet(44)) - raft.server.log.segment.cache.size.max = 200MB (=209715200) (default)
2021-08-12 04:56:14,117 [pool-407-thread-1] INFO  segmented.SegmentedRaftLogWorker (SegmentedRaftLogWorker.java:<init>(182)) - new 1c547540-2a18-4c6b-b829-eadf34e8c743@group-14B6E25724D0-SegmentedRaftLogWorker for RaftStorageImpl:Storage Directory /home/runner/work/ozone/ozone/hadoop-ozone/integration-test/target/test-dir/MiniOzoneClusterImpl-b581443b-e568-4d1b-b747-432576f6d125/datanode-2/data/ratis/26801f47-f8ca-46ae-ab78-14b6e25724d0
2021-08-12 04:56:14,117 [pool-407-thread-1] INFO  server.RaftServerConfigKeys (ConfUtils.java:logGet(44)) - raft.server.log.queue.byte-limit = 2147483647 (custom)
2021-08-12 04:56:14,118 [pool-407-thread-1] INFO  server.RaftServerConfigKeys (ConfUtils.java:logGet(44)) - raft.server.log.queue.element-limit = 1024 (custom)
2021-08-12 04:56:14,118 [pool-407-thread-1] INFO  server.RaftServerConfigKeys (ConfUtils.java:logGet(44)) - raft.server.log.segment.size.max = 1048576 (custom)
2021-08-12 04:56:14,118 [pool-407-thread-1] INFO  server.RaftServerConfigKeys (ConfUtils.java:logGet(44)) - raft.server.log.preallocated.size = 16384 (custom)
2021-08-12 04:56:14,118 [pool-407-thread-1] INFO  server.RaftServerConfigKeys (ConfUtils.java:logGet(44)) - raft.server.log.force.sync.num = 128 (default)
2021-08-12 04:56:14,118 [pool-407-thread-1] INFO  server.RaftServerConfigKeys (ConfUtils.java:logGet(44)) - raft.server.log.statemachine.data.sync = true (default)
2021-08-12 04:56:14,118 [pool-407-thread-1] INFO  server.RaftServerConfigKeys (ConfUtils.java:logGet(44)) - raft.server.log.statemachine.data.sync.timeout = 10s (default)
2021-08-12 04:56:14,118 [pool-407-thread-1] INFO  server.RaftServerConfigKeys (ConfUtils.java:logGet(44)) - raft.server.log.statemachine.data.sync.timeout.retry = -1 (default)
2021-08-12 04:56:14,119 [pool-407-thread-1] INFO  server.RaftServerConfigKeys (ConfUtils.java:logGet(44)) - raft.server.log.write.buffer.size = 1048576 (custom)
2021-08-12 04:56:14,121 [pool-407-thread-1] INFO  server.RaftServerConfigKeys (ConfUtils.java:logGet(44)) - raft.server.log.statemachine.data.caching.enabled = true (custom)
2021-08-12 04:56:14,121 [pool-407-thread-1] INFO  segmented.SegmentedRaftLogWorker (SegmentedRaftLogWorker.java:lambda$new$0(133)) - 1c547540-2a18-4c6b-b829-eadf34e8c743@group-14B6E25724D0-SegmentedRaftLogWorker: flushIndex: setUnconditionally 0 -> -1
2021-08-12 04:56:14,121 [pool-407-thread-1] INFO  segmented.SegmentedRaftLogWorker (SegmentedRaftLogWorker.java:lambda$new$0(133)) - 1c547540-2a18-4c6b-b829-eadf34e8c743@group-14B6E25724D0-SegmentedRaftLogWorker: safeCacheEvictIndex: setUnconditionally 0 -> -1
2021-08-12 04:56:14,119 [pool-388-thread-1] INFO  storage.RaftStorage (RaftStorageImpl.java:format(89)) - Storage directory /home/runner/work/ozone/ozone/hadoop-ozone/integration-test/target/test-dir/MiniOzoneClusterImpl-b581443b-e568-4d1b-b747-432576f6d125/datanode-1/data/ratis/9b4c2edf-5d4c-4784-b099-8f42a571f5b2 has been successfully formatted.
2021-08-12 04:56:14,131 [pool-388-thread-1] INFO  ratis.ContainerStateMachine (ContainerStateMachine.java:loadSnapshot(225)) - group-8F42A571F5B2: The snapshot info is null. Setting the last applied indexto:(t:0, i:~)
2021-08-12 04:56:14,131 [pool-388-thread-1] INFO  server.RaftServerConfigKeys (ConfUtils.java:logGet(44)) - raft.server.notification.no-leader.timeout = 300s (custom)
2021-08-12 04:56:14,132 [pool-388-thread-1] INFO  server.RaftServerConfigKeys (ConfUtils.java:logGet(44)) - raft.server.log.use.memory = false (default)
2021-08-12 04:56:14,132 [pool-388-thread-1] INFO  server.RaftServerConfigKeys (ConfUtils.java:logGet(44)) - raft.server.log.purge.gap = 1000000 (custom)
2021-08-12 04:56:14,132 [pool-388-thread-1] INFO  server.RaftServerConfigKeys (ConfUtils.java:logGet(44)) - raft.server.log.appender.buffer.byte-limit = 33554432 (custom)
2021-08-12 04:56:14,132 [pool-388-thread-1] INFO  server.RaftServerConfigKeys (ConfUtils.java:logGet(44)) - raft.server.log.segment.size.max = 1048576 (custom)
2021-08-12 04:56:14,133 [pool-388-thread-1] INFO  server.RaftServerConfigKeys (ConfUtils.java:logGet(44)) - raft.server.log.segment.cache.num.max = 2 (custom)
2021-08-12 04:56:14,133 [pool-388-thread-1] INFO  server.RaftServerConfigKeys (ConfUtils.java:logGet(44)) - raft.server.log.segment.cache.size.max = 200MB (=209715200) (default)
2021-08-12 04:56:14,133 [pool-388-thread-1] INFO  segmented.SegmentedRaftLogWorker (SegmentedRaftLogWorker.java:<init>(182)) - new 8e39d2b9-5f55-4968-84c5-bb891011fe79@group-8F42A571F5B2-SegmentedRaftLogWorker for RaftStorageImpl:Storage Directory /home/runner/work/ozone/ozone/hadoop-ozone/integration-test/target/test-dir/MiniOzoneClusterImpl-b581443b-e568-4d1b-b747-432576f6d125/datanode-1/data/ratis/9b4c2edf-5d4c-4784-b099-8f42a571f5b2
2021-08-12 04:56:14,133 [pool-388-thread-1] INFO  server.RaftServerConfigKeys (ConfUtils.java:logGet(44)) - raft.server.log.queue.byte-limit = 2147483647 (custom)
2021-08-12 04:56:14,133 [pool-388-thread-1] INFO  server.RaftServerConfigKeys (ConfUtils.java:logGet(44)) - raft.server.log.queue.element-limit = 1024 (custom)
2021-08-12 04:56:14,133 [pool-388-thread-1] INFO  server.RaftServerConfigKeys (ConfUtils.java:logGet(44)) - raft.server.log.segment.size.max = 1048576 (custom)
2021-08-12 04:56:14,133 [pool-388-thread-1] INFO  server.RaftServerConfigKeys (ConfUtils.java:logGet(44)) - raft.server.log.preallocated.size = 16384 (custom)
2021-08-12 04:56:14,133 [pool-388-thread-1] INFO  server.RaftServerConfigKeys (ConfUtils.java:logGet(44)) - raft.server.log.force.sync.num = 128 (default)
2021-08-12 04:56:14,133 [pool-388-thread-1] INFO  server.RaftServerConfigKeys (ConfUtils.java:logGet(44)) - raft.server.log.statemachine.data.sync = true (default)
2021-08-12 04:56:14,133 [pool-388-thread-1] INFO  server.RaftServerConfigKeys (ConfUtils.java:logGet(44)) - raft.server.log.statemachine.data.sync.timeout = 10s (default)
2021-08-12 04:56:14,133 [pool-388-thread-1] INFO  server.RaftServerConfigKeys (ConfUtils.java:logGet(44)) - raft.server.log.statemachine.data.sync.timeout.retry = -1 (default)
2021-08-12 04:56:14,134 [pool-388-thread-1] INFO  server.RaftServerConfigKeys (ConfUtils.java:logGet(44)) - raft.server.log.write.buffer.size = 1048576 (custom)
2021-08-12 04:56:14,135 [Datanode State Machine Thread - 0] WARN  statemachine.StateContext (StateContext.java:execute(621)) - No available thread in pool for past 1 seconds.
2021-08-12 04:56:14,136 [pool-407-thread-1] INFO  server.RaftServerConfigKeys (ConfUtils.java:logGet(44)) - raft.server.snapshot.auto.trigger.enabled = true (custom)
2021-08-12 04:56:14,136 [pool-407-thread-1] INFO  server.RaftServerConfigKeys (ConfUtils.java:logGet(44)) - raft.server.snapshot.auto.trigger.threshold = 10000 (custom)
2021-08-12 04:56:14,136 [pool-407-thread-1] INFO  server.RaftServerConfigKeys (ConfUtils.java:logGet(44)) - raft.server.snapshot.retention.file.num = 5 (custom)
2021-08-12 04:56:14,136 [pool-407-thread-1] INFO  server.RaftServerConfigKeys (ConfUtils.java:logGet(44)) - raft.server.log.purge.upto.snapshot.index = false (default)
2021-08-12 04:56:14,136 [pool-407-thread-1] INFO  server.RaftServerConfigKeys (ConfUtils.java:logGet(44)) - raft.server.retrycache.expirytime = 600000ms (custom)
2021-08-12 04:56:14,136 [pool-407-thread-1] INFO  server.RaftServerConfigKeys (ConfUtils.java:logGet(44)) - raft.server.retrycache.statistics.expirytime = 100μs (default)
2021-08-12 04:56:14,137 [pool-407-thread-1] INFO  server.RaftServer$Division (RaftServerImpl.java:start(296)) - 1c547540-2a18-4c6b-b829-eadf34e8c743@group-14B6E25724D0: start as a follower, conf=-1: [9a0e8214-5584-40e1-a769-3f536150c8aa|rpc:10.1.0.13:46203|dataStream:|priority:0, 1c547540-2a18-4c6b-b829-eadf34e8c743|rpc:10.1.0.13:37015|dataStream:|priority:1, 8e39d2b9-5f55-4968-84c5-bb891011fe79|rpc:10.1.0.13:38289|dataStream:|priority:0], old=null
2021-08-12 04:56:14,137 [pool-407-thread-1] INFO  server.RaftServer$Division (RaftServerImpl.java:setRole(285)) - 1c547540-2a18-4c6b-b829-eadf34e8c743@group-14B6E25724D0: changes role from      null to FOLLOWER at term 0 for startAsFollower
2021-08-12 04:56:14,137 [pool-407-thread-1] INFO  impl.RoleInfo (RoleInfo.java:updateAndGet(130)) - 1c547540-2a18-4c6b-b829-eadf34e8c743: start 1c547540-2a18-4c6b-b829-eadf34e8c743@group-14B6E25724D0-FollowerState
2021-08-12 04:56:14,137 [pool-388-thread-1] INFO  server.RaftServerConfigKeys (ConfUtils.java:logGet(44)) - raft.server.log.statemachine.data.caching.enabled = true (custom)
2021-08-12 04:56:14,138 [pool-388-thread-1] INFO  segmented.SegmentedRaftLogWorker (SegmentedRaftLogWorker.java:lambda$new$0(133)) - 8e39d2b9-5f55-4968-84c5-bb891011fe79@group-8F42A571F5B2-SegmentedRaftLogWorker: flushIndex: setUnconditionally 0 -> -1
2021-08-12 04:56:14,138 [pool-388-thread-1] INFO  segmented.SegmentedRaftLogWorker (SegmentedRaftLogWorker.java:lambda$new$0(133)) - 8e39d2b9-5f55-4968-84c5-bb891011fe79@group-8F42A571F5B2-SegmentedRaftLogWorker: safeCacheEvictIndex: setUnconditionally 0 -> -1
2021-08-12 04:56:14,139 [EventQueue-PipelineReportForPipelineReportHandler] INFO  pipeline.PipelineManagerImpl (PipelineManagerImpl.java:openPipeline(283)) - Pipeline Pipeline[ Id: 9b4c2edf-5d4c-4784-b099-8f42a571f5b2, Nodes: 8e39d2b9-5f55-4968-84c5-bb891011fe79{ip: 10.1.0.13, host: fv-az294-902.eaanfquahm5ulb5tj050gcxych.jx.internal.cloudapp.net, ports: [REPLICATION=45293, RATIS=38289, RATIS_ADMIN=38289, RATIS_SERVER=38289, STANDALONE=39123], networkLocation: /default-rack, certSerialId: null, persistedOpState: IN_SERVICE, persistedOpStateExpiryEpochSec: 0}, ReplicationConfig: RATIS/ONE, State:ALLOCATED, leaderId:8e39d2b9-5f55-4968-84c5-bb891011fe79, CreationTimestamp2021-08-12T04:56:11.121Z[Etc/UTC]] moved to OPEN state
2021-08-12 04:56:14,140 [EventQueue-OpenPipelineForHealthyPipelineSafeModeRule] INFO  safemode.SCMSafeModeManager (HealthyPipelineSafeModeRule.java:process(124)) - SCM in safe mode. Healthy pipelines reported count is 0, required healthy pipeline reported count is 1
2021-08-12 04:56:14,142 [pool-407-thread-1] INFO  util.JmxRegister (JmxRegister.java:tryRegister(44)) - Successfully registered JMX Bean with object name Ratis:service=RaftServer,group=group-14B6E25724D0,id=1c547540-2a18-4c6b-b829-eadf34e8c743
2021-08-12 04:56:14,145 [pool-388-thread-1] INFO  server.RaftServerConfigKeys (ConfUtils.java:logGet(44)) - raft.server.snapshot.auto.trigger.enabled = true (custom)
2021-08-12 04:56:14,158 [pool-388-thread-1] INFO  server.RaftServerConfigKeys (ConfUtils.java:logGet(44)) - raft.server.snapshot.auto.trigger.threshold = 10000 (custom)
2021-08-12 04:56:14,158 [pool-388-thread-1] INFO  server.RaftServerConfigKeys (ConfUtils.java:logGet(44)) - raft.server.snapshot.retention.file.num = 5 (custom)
2021-08-12 04:56:14,158 [pool-388-thread-1] INFO  server.RaftServerConfigKeys (ConfUtils.java:logGet(44)) - raft.server.log.purge.upto.snapshot.index = false (default)
2021-08-12 04:56:14,158 [pool-388-thread-1] INFO  server.RaftServerConfigKeys (ConfUtils.java:logGet(44)) - raft.server.retrycache.expirytime = 600000ms (custom)
2021-08-12 04:56:14,158 [pool-388-thread-1] INFO  server.RaftServerConfigKeys (ConfUtils.java:logGet(44)) - raft.server.retrycache.statistics.expirytime = 100μs (default)
2021-08-12 04:56:14,159 [pool-388-thread-1] INFO  server.RaftServer$Division (RaftServerImpl.java:start(296)) - 8e39d2b9-5f55-4968-84c5-bb891011fe79@group-8F42A571F5B2: start as a follower, conf=-1: [8e39d2b9-5f55-4968-84c5-bb891011fe79|rpc:10.1.0.13:38289|priority:1], old=null
2021-08-12 04:56:14,159 [pool-388-thread-1] INFO  server.RaftServer$Division (RaftServerImpl.java:setRole(285)) - 8e39d2b9-5f55-4968-84c5-bb891011fe79@group-8F42A571F5B2: changes role from      null to FOLLOWER at term 0 for startAsFollower
2021-08-12 04:56:14,159 [pool-388-thread-1] INFO  impl.RoleInfo (RoleInfo.java:updateAndGet(130)) - 8e39d2b9-5f55-4968-84c5-bb891011fe79: start 8e39d2b9-5f55-4968-84c5-bb891011fe79@group-8F42A571F5B2-FollowerState
2021-08-12 04:56:14,162 [pool-388-thread-1] INFO  util.JmxRegister (JmxRegister.java:tryRegister(44)) - Successfully registered JMX Bean with object name Ratis:service=RaftServer,group=group-8F42A571F5B2,id=8e39d2b9-5f55-4968-84c5-bb891011fe79
2021-08-12 04:56:14,163 [Command processor thread] INFO  ratis.XceiverServerRatis (XceiverServerRatis.java:addGroup(763)) - Created group PipelineID=9b4c2edf-5d4c-4784-b099-8f42a571f5b2
2021-08-12 04:56:14,163 [Command processor thread] INFO  commandhandler.CreatePipelineCommandHandler (CreatePipelineCommandHandler.java:handle(106)) - Created Pipeline RATIS ONE PipelineID=9b4c2edf-5d4c-4784-b099-8f42a571f5b2.
2021-08-12 04:56:14,163 [Command processor thread] INFO  server.RaftServer (RaftServerProxy.java:addNew(95)) - 8e39d2b9-5f55-4968-84c5-bb891011fe79: addNew group-14B6E25724D0:[9a0e8214-5584-40e1-a769-3f536150c8aa|rpc:10.1.0.13:46203|priority:0, 1c547540-2a18-4c6b-b829-eadf34e8c743|rpc:10.1.0.13:37015|priority:1, 8e39d2b9-5f55-4968-84c5-bb891011fe79|rpc:10.1.0.13:38289|priority:0] returns group-14B6E25724D0:java.util.concurrent.CompletableFuture@4b44e0c8[Not completed]
2021-08-12 04:56:14,164 [pool-388-thread-1] INFO  server.RaftServer$Division (RaftServerImpl.java:<init>(181)) - 8e39d2b9-5f55-4968-84c5-bb891011fe79: new RaftServerImpl for group-14B6E25724D0:[9a0e8214-5584-40e1-a769-3f536150c8aa|rpc:10.1.0.13:46203|priority:0, 1c547540-2a18-4c6b-b829-eadf34e8c743|rpc:10.1.0.13:37015|priority:1, 8e39d2b9-5f55-4968-84c5-bb891011fe79|rpc:10.1.0.13:38289|priority:0] with ContainerStateMachine:uninitialized
2021-08-12 04:56:14,164 [pool-388-thread-1] INFO  server.RaftServerConfigKeys (ConfUtils.java:logGet(44)) - raft.server.rpc.timeout.min = 5s (custom)
2021-08-12 04:56:14,164 [pool-388-thread-1] INFO  server.RaftServerConfigKeys (ConfUtils.java:logGet(44)) - raft.server.rpc.timeout.max = 5200ms (custom)
2021-08-12 04:56:14,164 [pool-388-thread-1] INFO  server.RaftServerConfigKeys (ConfUtils.java:logGet(44)) - raft.server.rpc.sleep.time = 25ms (default)
2021-08-12 04:56:14,164 [pool-388-thread-1] INFO  server.RaftServerConfigKeys (ConfUtils.java:logGet(44)) - raft.server.rpc.slowness.timeout = 300s (custom)
2021-08-12 04:56:14,164 [pool-388-thread-1] INFO  server.RaftServerConfigKeys (ConfUtils.java:logGet(44)) - raft.server.leaderelection.leader.step-down.wait-time = 10s (default)
2021-08-12 04:56:14,164 [pool-388-thread-1] INFO  server.RaftServerConfigKeys (ConfUtils.java:logGet(44)) - raft.server.sleep.deviation.threshold = 300ms (default)
2021-08-12 04:56:14,164 [pool-388-thread-1] INFO  server.RaftServerConfigKeys (ConfUtils.java:logGet(44)) - raft.server.log.appender.install.snapshot.enabled = false (custom)
2021-08-12 04:56:14,164 [pool-388-thread-1] INFO  server.RaftServer$Division (ServerState.java:<init>(105)) - 8e39d2b9-5f55-4968-84c5-bb891011fe79@group-14B6E25724D0: ConfigurationManager, init=-1: [9a0e8214-5584-40e1-a769-3f536150c8aa|rpc:10.1.0.13:46203|priority:0, 1c547540-2a18-4c6b-b829-eadf34e8c743|rpc:10.1.0.13:37015|priority:1, 8e39d2b9-5f55-4968-84c5-bb891011fe79|rpc:10.1.0.13:38289|priority:0], old=null, confs=<EMPTY_MAP>
2021-08-12 04:56:14,164 [pool-388-thread-1] INFO  server.RaftServerConfigKeys (ConfUtils.java:logGet(44)) - raft.server.storage.dir = [/home/runner/work/ozone/ozone/hadoop-ozone/integration-test/target/test-dir/MiniOzoneClusterImpl-b581443b-e568-4d1b-b747-432576f6d125/datanode-1/data/ratis] (custom)
2021-08-12 04:56:14,164 [pool-388-thread-1] INFO  server.RaftServerConfigKeys (ConfUtils.java:logGet(44)) - raft.server.log.corruption.policy = EXCEPTION (default)
2021-08-12 04:56:14,164 [pool-388-thread-1] INFO  server.RaftServerConfigKeys (ConfUtils.java:logGet(44)) - raft.server.storage.free-space.min = 0MB (=0) (default)
2021-08-12 04:56:14,165 [pool-388-thread-1] INFO  storage.RaftStorageDirectory (RaftStorageDirectoryImpl.java:analyzeStorage(135)) - The storage directory /home/runner/work/ozone/ozone/hadoop-ozone/integration-test/target/test-dir/MiniOzoneClusterImpl-b581443b-e568-4d1b-b747-432576f6d125/datanode-1/data/ratis/26801f47-f8ca-46ae-ab78-14b6e25724d0 does not exist. Creating ...
2021-08-12 04:56:14,167 [pool-388-thread-1] INFO  storage.RaftStorageDirectory (RaftStorageDirectoryImpl.java:tryLock(230)) - Lock on /home/runner/work/ozone/ozone/hadoop-ozone/integration-test/target/test-dir/MiniOzoneClusterImpl-b581443b-e568-4d1b-b747-432576f6d125/datanode-1/data/ratis/26801f47-f8ca-46ae-ab78-14b6e25724d0/in_use.lock acquired by nodename 20613@fv-az294-902
2021-08-12 04:56:14,168 [pool-388-thread-1] INFO  storage.RaftStorage (RaftStorageImpl.java:format(89)) - Storage directory /home/runner/work/ozone/ozone/hadoop-ozone/integration-test/target/test-dir/MiniOzoneClusterImpl-b581443b-e568-4d1b-b747-432576f6d125/datanode-1/data/ratis/26801f47-f8ca-46ae-ab78-14b6e25724d0 has been successfully formatted.
2021-08-12 04:56:14,169 [Datanode State Machine Thread - 0] WARN  statemachine.StateContext (StateContext.java:execute(621)) - No available thread in pool for past 1 seconds.
2021-08-12 04:56:14,169 [pool-388-thread-1] INFO  ratis.ContainerStateMachine (ContainerStateMachine.java:loadSnapshot(225)) - group-14B6E25724D0: The snapshot info is null. Setting the last applied indexto:(t:0, i:~)
2021-08-12 04:56:14,169 [pool-388-thread-1] INFO  server.RaftServerConfigKeys (ConfUtils.java:logGet(44)) - raft.server.notification.no-leader.timeout = 300s (custom)
2021-08-12 04:56:14,170 [pool-388-thread-1] INFO  server.RaftServerConfigKeys (ConfUtils.java:logGet(44)) - raft.server.log.use.memory = false (default)
2021-08-12 04:56:14,170 [pool-388-thread-1] INFO  server.RaftServerConfigKeys (ConfUtils.java:logGet(44)) - raft.server.log.purge.gap = 1000000 (custom)
2021-08-12 04:56:14,170 [pool-388-thread-1] INFO  server.RaftServerConfigKeys (ConfUtils.java:logGet(44)) - raft.server.log.appender.buffer.byte-limit = 33554432 (custom)
2021-08-12 04:56:14,170 [pool-388-thread-1] INFO  server.RaftServerConfigKeys (ConfUtils.java:logGet(44)) - raft.server.log.segment.size.max = 1048576 (custom)
2021-08-12 04:56:14,170 [pool-388-thread-1] INFO  server.RaftServerConfigKeys (ConfUtils.java:logGet(44)) - raft.server.log.segment.cache.num.max = 2 (custom)
2021-08-12 04:56:14,170 [pool-388-thread-1] INFO  server.RaftServerConfigKeys (ConfUtils.java:logGet(44)) - raft.server.log.segment.cache.size.max = 200MB (=209715200) (default)
2021-08-12 04:56:14,170 [pool-388-thread-1] INFO  segmented.SegmentedRaftLogWorker (SegmentedRaftLogWorker.java:<init>(182)) - new 8e39d2b9-5f55-4968-84c5-bb891011fe79@group-14B6E25724D0-SegmentedRaftLogWorker for RaftStorageImpl:Storage Directory /home/runner/work/ozone/ozone/hadoop-ozone/integration-test/target/test-dir/MiniOzoneClusterImpl-b581443b-e568-4d1b-b747-432576f6d125/datanode-1/data/ratis/26801f47-f8ca-46ae-ab78-14b6e25724d0
2021-08-12 04:56:14,170 [pool-388-thread-1] INFO  server.RaftServerConfigKeys (ConfUtils.java:logGet(44)) - raft.server.log.queue.byte-limit = 2147483647 (custom)
2021-08-12 04:56:14,170 [pool-388-thread-1] INFO  server.RaftServerConfigKeys (ConfUtils.java:logGet(44)) - raft.server.log.queue.element-limit = 1024 (custom)
2021-08-12 04:56:14,170 [pool-388-thread-1] INFO  server.RaftServerConfigKeys (ConfUtils.java:logGet(44)) - raft.server.log.segment.size.max = 1048576 (custom)
2021-08-12 04:56:14,170 [pool-388-thread-1] INFO  server.RaftServerConfigKeys (ConfUtils.java:logGet(44)) - raft.server.log.preallocated.size = 16384 (custom)
2021-08-12 04:56:14,170 [pool-388-thread-1] INFO  server.RaftServerConfigKeys (ConfUtils.java:logGet(44)) - raft.server.log.force.sync.num = 128 (default)
2021-08-12 04:56:14,170 [pool-388-thread-1] INFO  server.RaftServerConfigKeys (ConfUtils.java:logGet(44)) - raft.server.log.statemachine.data.sync = true (default)
2021-08-12 04:56:14,171 [pool-388-thread-1] INFO  server.RaftServerConfigKeys (ConfUtils.java:logGet(44)) - raft.server.log.statemachine.data.sync.timeout = 10s (default)
2021-08-12 04:56:14,171 [pool-388-thread-1] INFO  server.RaftServerConfigKeys (ConfUtils.java:logGet(44)) - raft.server.log.statemachine.data.sync.timeout.retry = -1 (default)
2021-08-12 04:56:14,172 [EventQueue-OpenPipelineForHealthyPipelineSafeModeRule] INFO  safemode.SCMSafeModeManager (HealthyPipelineSafeModeRule.java:process(124)) - SCM in safe mode. Healthy pipelines reported count is 0, required healthy pipeline reported count is 1
2021-08-12 04:56:14,183 [pool-388-thread-1] INFO  server.RaftServerConfigKeys (ConfUtils.java:logGet(44)) - raft.server.log.write.buffer.size = 1048576 (custom)
2021-08-12 04:56:14,183 [pool-388-thread-1] INFO  server.RaftServerConfigKeys (ConfUtils.java:logGet(44)) - raft.server.log.statemachine.data.caching.enabled = true (custom)
2021-08-12 04:56:14,183 [pool-388-thread-1] INFO  segmented.SegmentedRaftLogWorker (SegmentedRaftLogWorker.java:lambda$new$0(133)) - 8e39d2b9-5f55-4968-84c5-bb891011fe79@group-14B6E25724D0-SegmentedRaftLogWorker: flushIndex: setUnconditionally 0 -> -1
2021-08-12 04:56:14,183 [pool-388-thread-1] INFO  segmented.SegmentedRaftLogWorker (SegmentedRaftLogWorker.java:lambda$new$0(133)) - 8e39d2b9-5f55-4968-84c5-bb891011fe79@group-14B6E25724D0-SegmentedRaftLogWorker: safeCacheEvictIndex: setUnconditionally 0 -> -1
2021-08-12 04:56:14,187 [pool-388-thread-1] INFO  server.RaftServerConfigKeys (ConfUtils.java:logGet(44)) - raft.server.snapshot.auto.trigger.enabled = true (custom)
2021-08-12 04:56:14,187 [pool-388-thread-1] INFO  server.RaftServerConfigKeys (ConfUtils.java:logGet(44)) - raft.server.snapshot.auto.trigger.threshold = 10000 (custom)
2021-08-12 04:56:14,187 [pool-388-thread-1] INFO  server.RaftServerConfigKeys (ConfUtils.java:logGet(44)) - raft.server.snapshot.retention.file.num = 5 (custom)
2021-08-12 04:56:14,187 [pool-388-thread-1] INFO  server.RaftServerConfigKeys (ConfUtils.java:logGet(44)) - raft.server.log.purge.upto.snapshot.index = false (default)
2021-08-12 04:56:14,188 [pool-388-thread-1] INFO  server.RaftServerConfigKeys (ConfUtils.java:logGet(44)) - raft.server.retrycache.expirytime = 600000ms (custom)
2021-08-12 04:56:14,188 [pool-388-thread-1] INFO  server.RaftServerConfigKeys (ConfUtils.java:logGet(44)) - raft.server.retrycache.statistics.expirytime = 100μs (default)
2021-08-12 04:56:14,203 [pool-388-thread-1] INFO  server.RaftServer$Division (RaftServerImpl.java:start(296)) - 8e39d2b9-5f55-4968-84c5-bb891011fe79@group-14B6E25724D0: start as a follower, conf=-1: [9a0e8214-5584-40e1-a769-3f536150c8aa|rpc:10.1.0.13:46203|priority:0, 1c547540-2a18-4c6b-b829-eadf34e8c743|rpc:10.1.0.13:37015|priority:1, 8e39d2b9-5f55-4968-84c5-bb891011fe79|rpc:10.1.0.13:38289|priority:0], old=null
2021-08-12 04:56:14,203 [pool-388-thread-1] INFO  server.RaftServer$Division (RaftServerImpl.java:setRole(285)) - 8e39d2b9-5f55-4968-84c5-bb891011fe79@group-14B6E25724D0: changes role from      null to FOLLOWER at term 0 for startAsFollower
2021-08-12 04:56:14,204 [pool-388-thread-1] INFO  impl.RoleInfo (RoleInfo.java:updateAndGet(130)) - 8e39d2b9-5f55-4968-84c5-bb891011fe79: start 8e39d2b9-5f55-4968-84c5-bb891011fe79@group-14B6E25724D0-FollowerState
2021-08-12 04:56:14,213 [pool-388-thread-1] INFO  util.JmxRegister (JmxRegister.java:tryRegister(44)) - Successfully registered JMX Bean with object name Ratis:service=RaftServer,group=group-14B6E25724D0,id=8e39d2b9-5f55-4968-84c5-bb891011fe79
2021-08-12 04:56:14,219 [Command processor thread] INFO  ratis.XceiverServerRatis (XceiverServerRatis.java:addGroup(763)) - Created group PipelineID=26801f47-f8ca-46ae-ab78-14b6e25724d0
2021-08-12 04:56:14,274 [Command processor thread] INFO  commandhandler.CreatePipelineCommandHandler (CreatePipelineCommandHandler.java:handle(106)) - Created Pipeline RATIS THREE PipelineID=26801f47-f8ca-46ae-ab78-14b6e25724d0.
2021-08-12 04:56:14,377 [Command processor thread] INFO  commandhandler.CreatePipelineCommandHandler (CreatePipelineCommandHandler.java:handle(106)) - Created Pipeline RATIS THREE PipelineID=26801f47-f8ca-46ae-ab78-14b6e25724d0.
2021-08-12 04:56:14,534 [Listener at 127.0.0.1/33743] INFO  ozone.MiniOzoneClusterImpl (MiniOzoneClusterImpl.java:lambda$waitForClusterToBeReady$0(235)) - Nodes are ready. Got 3 of 3 DN Heartbeats.
2021-08-12 04:56:14,534 [Listener at 127.0.0.1/33743] INFO  ozone.MiniOzoneClusterImpl (MiniOzoneClusterImpl.java:lambda$waitForClusterToBeReady$0(238)) - Waiting for cluster to exit safe mode
2021-08-12 04:56:14,534 [Listener at 127.0.0.1/33743] INFO  ozone.MiniOzoneClusterImpl (MiniOzoneClusterImpl.java:lambda$waitForClusterToBeReady$0(240)) - SCM became leader
2021-08-12 04:56:14,575 [Command processor thread] INFO  server.RaftServer (RaftServerProxy.java:addNew(95)) - 1c547540-2a18-4c6b-b829-eadf34e8c743: addNew group-797F510732DE:[1c547540-2a18-4c6b-b829-eadf34e8c743|rpc:10.1.0.13:37015|priority:1] returns group-797F510732DE:java.util.concurrent.CompletableFuture@6c11e447[Not completed]
2021-08-12 04:56:14,577 [pool-407-thread-1] INFO  server.RaftServer$Division (RaftServerImpl.java:<init>(181)) - 1c547540-2a18-4c6b-b829-eadf34e8c743: new RaftServerImpl for group-797F510732DE:[1c547540-2a18-4c6b-b829-eadf34e8c743|rpc:10.1.0.13:37015|priority:1] with ContainerStateMachine:uninitialized
2021-08-12 04:56:14,577 [pool-407-thread-1] INFO  server.RaftServerConfigKeys (ConfUtils.java:logGet(44)) - raft.server.rpc.timeout.min = 5s (custom)
2021-08-12 04:56:14,577 [pool-407-thread-1] INFO  server.RaftServerConfigKeys (ConfUtils.java:logGet(44)) - raft.server.rpc.timeout.max = 5200ms (custom)
2021-08-12 04:56:14,577 [pool-407-thread-1] INFO  server.RaftServerConfigKeys (ConfUtils.java:logGet(44)) - raft.server.rpc.sleep.time = 25ms (default)
2021-08-12 04:56:14,577 [pool-407-thread-1] INFO  server.RaftServerConfigKeys (ConfUtils.java:logGet(44)) - raft.server.rpc.slowness.timeout = 300s (custom)
2021-08-12 04:56:14,577 [pool-407-thread-1] INFO  server.RaftServerConfigKeys (ConfUtils.java:logGet(44)) - raft.server.leaderelection.leader.step-down.wait-time = 10s (default)
2021-08-12 04:56:14,577 [pool-407-thread-1] INFO  server.RaftServerConfigKeys (ConfUtils.java:logGet(44)) - raft.server.sleep.deviation.threshold = 300ms (default)
2021-08-12 04:56:14,577 [pool-407-thread-1] INFO  server.RaftServerConfigKeys (ConfUtils.java:logGet(44)) - raft.server.log.appender.install.snapshot.enabled = false (custom)
2021-08-12 04:56:14,577 [pool-407-thread-1] INFO  server.RaftServer$Division (ServerState.java:<init>(105)) - 1c547540-2a18-4c6b-b829-eadf34e8c743@group-797F510732DE: ConfigurationManager, init=-1: [1c547540-2a18-4c6b-b829-eadf34e8c743|rpc:10.1.0.13:37015|priority:1], old=null, confs=<EMPTY_MAP>
2021-08-12 04:56:14,577 [pool-407-thread-1] INFO  server.RaftServerConfigKeys (ConfUtils.java:logGet(44)) - raft.server.storage.dir = [/home/runner/work/ozone/ozone/hadoop-ozone/integration-test/target/test-dir/MiniOzoneClusterImpl-b581443b-e568-4d1b-b747-432576f6d125/datanode-2/data/ratis] (custom)
2021-08-12 04:56:14,577 [pool-407-thread-1] INFO  server.RaftServerConfigKeys (ConfUtils.java:logGet(44)) - raft.server.log.corruption.policy = EXCEPTION (default)
2021-08-12 04:56:14,577 [pool-407-thread-1] INFO  server.RaftServerConfigKeys (ConfUtils.java:logGet(44)) - raft.server.storage.free-space.min = 0MB (=0) (default)
2021-08-12 04:56:14,578 [pool-407-thread-1] INFO  storage.RaftStorageDirectory (RaftStorageDirectoryImpl.java:analyzeStorage(135)) - The storage directory /home/runner/work/ozone/ozone/hadoop-ozone/integration-test/target/test-dir/MiniOzoneClusterImpl-b581443b-e568-4d1b-b747-432576f6d125/datanode-2/data/ratis/de2e2b03-e8a7-41e6-ba22-797f510732de does not exist. Creating ...
2021-08-12 04:56:14,579 [pool-407-thread-1] INFO  storage.RaftStorageDirectory (RaftStorageDirectoryImpl.java:tryLock(230)) - Lock on /home/runner/work/ozone/ozone/hadoop-ozone/integration-test/target/test-dir/MiniOzoneClusterImpl-b581443b-e568-4d1b-b747-432576f6d125/datanode-2/data/ratis/de2e2b03-e8a7-41e6-ba22-797f510732de/in_use.lock acquired by nodename 20613@fv-az294-902
2021-08-12 04:56:14,582 [pool-407-thread-1] INFO  storage.RaftStorage (RaftStorageImpl.java:format(89)) - Storage directory /home/runner/work/ozone/ozone/hadoop-ozone/integration-test/target/test-dir/MiniOzoneClusterImpl-b581443b-e568-4d1b-b747-432576f6d125/datanode-2/data/ratis/de2e2b03-e8a7-41e6-ba22-797f510732de has been successfully formatted.
2021-08-12 04:56:14,583 [pool-407-thread-1] INFO  ratis.ContainerStateMachine (ContainerStateMachine.java:loadSnapshot(225)) - group-797F510732DE: The snapshot info is null. Setting the last applied indexto:(t:0, i:~)
2021-08-12 04:56:14,583 [Datanode State Machine Thread - 0] WARN  statemachine.StateContext (StateContext.java:execute(621)) - No available thread in pool for past 1 seconds.
2021-08-12 04:56:14,587 [pool-407-thread-1] INFO  server.RaftServerConfigKeys (ConfUtils.java:logGet(44)) - raft.server.notification.no-leader.timeout = 300s (custom)
2021-08-12 04:56:14,588 [EventQueue-PipelineReportForPipelineReportHandler] INFO  pipeline.PipelineManagerImpl (PipelineManagerImpl.java:openPipeline(283)) - Pipeline Pipeline[ Id: de2e2b03-e8a7-41e6-ba22-797f510732de, Nodes: 1c547540-2a18-4c6b-b829-eadf34e8c743{ip: 10.1.0.13, host: fv-az294-902.eaanfquahm5ulb5tj050gcxych.jx.internal.cloudapp.net, ports: [REPLICATION=38933, RATIS=37015, RATIS_ADMIN=37015, RATIS_SERVER=37015, STANDALONE=38401], networkLocation: /default-rack, certSerialId: null, persistedOpState: IN_SERVICE, persistedOpStateExpiryEpochSec: 0}, ReplicationConfig: RATIS/ONE, State:ALLOCATED, leaderId:1c547540-2a18-4c6b-b829-eadf34e8c743, CreationTimestamp2021-08-12T04:56:11.580Z[Etc/UTC]] moved to OPEN state
2021-08-12 04:56:14,589 [pool-407-thread-1] INFO  server.RaftServerConfigKeys (ConfUtils.java:logGet(44)) - raft.server.log.use.memory = false (default)
2021-08-12 04:56:14,589 [EventQueue-OpenPipelineForHealthyPipelineSafeModeRule] INFO  safemode.SCMSafeModeManager (HealthyPipelineSafeModeRule.java:process(124)) - SCM in safe mode. Healthy pipelines reported count is 0, required healthy pipeline reported count is 1
2021-08-12 04:56:14,594 [pool-407-thread-1] INFO  server.RaftServerConfigKeys (ConfUtils.java:logGet(44)) - raft.server.log.purge.gap = 1000000 (custom)
2021-08-12 04:56:14,594 [pool-407-thread-1] INFO  server.RaftServerConfigKeys (ConfUtils.java:logGet(44)) - raft.server.log.appender.buffer.byte-limit = 33554432 (custom)
2021-08-12 04:56:14,594 [pool-407-thread-1] INFO  server.RaftServerConfigKeys (ConfUtils.java:logGet(44)) - raft.server.log.segment.size.max = 1048576 (custom)
2021-08-12 04:56:14,594 [pool-407-thread-1] INFO  server.RaftServerConfigKeys (ConfUtils.java:logGet(44)) - raft.server.log.segment.cache.num.max = 2 (custom)
2021-08-12 04:56:14,595 [pool-407-thread-1] INFO  server.RaftServerConfigKeys (ConfUtils.java:logGet(44)) - raft.server.log.segment.cache.size.max = 200MB (=209715200) (default)
2021-08-12 04:56:14,595 [pool-407-thread-1] INFO  segmented.SegmentedRaftLogWorker (SegmentedRaftLogWorker.java:<init>(182)) - new 1c547540-2a18-4c6b-b829-eadf34e8c743@group-797F510732DE-SegmentedRaftLogWorker for RaftStorageImpl:Storage Directory /home/runner/work/ozone/ozone/hadoop-ozone/integration-test/target/test-dir/MiniOzoneClusterImpl-b581443b-e568-4d1b-b747-432576f6d125/datanode-2/data/ratis/de2e2b03-e8a7-41e6-ba22-797f510732de
2021-08-12 04:56:14,595 [pool-407-thread-1] INFO  server.RaftServerConfigKeys (ConfUtils.java:logGet(44)) - raft.server.log.queue.byte-limit = 2147483647 (custom)
2021-08-12 04:56:14,595 [pool-407-thread-1] INFO  server.RaftServerConfigKeys (ConfUtils.java:logGet(44)) - raft.server.log.queue.element-limit = 1024 (custom)
2021-08-12 04:56:14,595 [pool-407-thread-1] INFO  server.RaftServerConfigKeys (ConfUtils.java:logGet(44)) - raft.server.log.segment.size.max = 1048576 (custom)
2021-08-12 04:56:14,595 [pool-407-thread-1] INFO  server.RaftServerConfigKeys (ConfUtils.java:logGet(44)) - raft.server.log.preallocated.size = 16384 (custom)
2021-08-12 04:56:14,595 [pool-407-thread-1] INFO  server.RaftServerConfigKeys (ConfUtils.java:logGet(44)) - raft.server.log.force.sync.num = 128 (default)
2021-08-12 04:56:14,595 [pool-407-thread-1] INFO  server.RaftServerConfigKeys (ConfUtils.java:logGet(44)) - raft.server.log.statemachine.data.sync = true (default)
2021-08-12 04:56:14,595 [pool-407-thread-1] INFO  server.RaftServerConfigKeys (ConfUtils.java:logGet(44)) - raft.server.log.statemachine.data.sync.timeout = 10s (default)
2021-08-12 04:56:14,595 [pool-407-thread-1] INFO  server.RaftServerConfigKeys (ConfUtils.java:logGet(44)) - raft.server.log.statemachine.data.sync.timeout.retry = -1 (default)
2021-08-12 04:56:14,596 [pool-407-thread-1] INFO  server.RaftServerConfigKeys (ConfUtils.java:logGet(44)) - raft.server.log.write.buffer.size = 1048576 (custom)
2021-08-12 04:56:14,599 [pool-407-thread-1] INFO  server.RaftServerConfigKeys (ConfUtils.java:logGet(44)) - raft.server.log.statemachine.data.caching.enabled = true (custom)
2021-08-12 04:56:14,599 [pool-407-thread-1] INFO  segmented.SegmentedRaftLogWorker (SegmentedRaftLogWorker.java:lambda$new$0(133)) - 1c547540-2a18-4c6b-b829-eadf34e8c743@group-797F510732DE-SegmentedRaftLogWorker: flushIndex: setUnconditionally 0 -> -1
2021-08-12 04:56:14,599 [pool-407-thread-1] INFO  segmented.SegmentedRaftLogWorker (SegmentedRaftLogWorker.java:lambda$new$0(133)) - 1c547540-2a18-4c6b-b829-eadf34e8c743@group-797F510732DE-SegmentedRaftLogWorker: safeCacheEvictIndex: setUnconditionally 0 -> -1
2021-08-12 04:56:14,601 [pool-407-thread-1] INFO  server.RaftServerConfigKeys (ConfUtils.java:logGet(44)) - raft.server.snapshot.auto.trigger.enabled = true (custom)
2021-08-12 04:56:14,601 [pool-407-thread-1] INFO  server.RaftServerConfigKeys (ConfUtils.java:logGet(44)) - raft.server.snapshot.auto.trigger.threshold = 10000 (custom)
2021-08-12 04:56:14,601 [pool-407-thread-1] INFO  server.RaftServerConfigKeys (ConfUtils.java:logGet(44)) - raft.server.snapshot.retention.file.num = 5 (custom)
2021-08-12 04:56:14,601 [pool-407-thread-1] INFO  server.RaftServerConfigKeys (ConfUtils.java:logGet(44)) - raft.server.log.purge.upto.snapshot.index = false (default)
2021-08-12 04:56:14,601 [pool-407-thread-1] INFO  server.RaftServerConfigKeys (ConfUtils.java:logGet(44)) - raft.server.retrycache.expirytime = 600000ms (custom)
2021-08-12 04:56:14,601 [pool-407-thread-1] INFO  server.RaftServerConfigKeys (ConfUtils.java:logGet(44)) - raft.server.retrycache.statistics.expirytime = 100μs (default)
2021-08-12 04:56:14,603 [pool-407-thread-1] INFO  server.RaftServer$Division (RaftServerImpl.java:start(296)) - 1c547540-2a18-4c6b-b829-eadf34e8c743@group-797F510732DE: start as a follower, conf=-1: [1c547540-2a18-4c6b-b829-eadf34e8c743|rpc:10.1.0.13:37015|priority:1], old=null
2021-08-12 04:56:14,603 [pool-407-thread-1] INFO  server.RaftServer$Division (RaftServerImpl.java:setRole(285)) - 1c547540-2a18-4c6b-b829-eadf34e8c743@group-797F510732DE: changes role from      null to FOLLOWER at term 0 for startAsFollower
2021-08-12 04:56:14,603 [pool-407-thread-1] INFO  impl.RoleInfo (RoleInfo.java:updateAndGet(130)) - 1c547540-2a18-4c6b-b829-eadf34e8c743: start 1c547540-2a18-4c6b-b829-eadf34e8c743@group-797F510732DE-FollowerState
2021-08-12 04:56:14,603 [pool-407-thread-1] INFO  util.JmxRegister (JmxRegister.java:tryRegister(44)) - Successfully registered JMX Bean with object name Ratis:service=RaftServer,group=group-797F510732DE,id=1c547540-2a18-4c6b-b829-eadf34e8c743
2021-08-12 04:56:14,605 [Command processor thread] INFO  ratis.XceiverServerRatis (XceiverServerRatis.java:addGroup(763)) - Created group PipelineID=de2e2b03-e8a7-41e6-ba22-797f510732de
2021-08-12 04:56:14,605 [Command processor thread] INFO  commandhandler.CreatePipelineCommandHandler (CreatePipelineCommandHandler.java:handle(106)) - Created Pipeline RATIS ONE PipelineID=de2e2b03-e8a7-41e6-ba22-797f510732de.
2021-08-12 04:56:15,535 [Listener at 127.0.0.1/33743] INFO  ozone.MiniOzoneClusterImpl (MiniOzoneClusterImpl.java:lambda$waitForClusterToBeReady$0(235)) - Nodes are ready. Got 3 of 3 DN Heartbeats.
2021-08-12 04:56:15,535 [Listener at 127.0.0.1/33743] INFO  ozone.MiniOzoneClusterImpl (MiniOzoneClusterImpl.java:lambda$waitForClusterToBeReady$0(238)) - Waiting for cluster to exit safe mode
2021-08-12 04:56:15,535 [Listener at 127.0.0.1/33743] INFO  ozone.MiniOzoneClusterImpl (MiniOzoneClusterImpl.java:lambda$waitForClusterToBeReady$0(240)) - SCM became leader
2021-08-12 04:56:16,535 [Listener at 127.0.0.1/33743] INFO  ozone.MiniOzoneClusterImpl (MiniOzoneClusterImpl.java:lambda$waitForClusterToBeReady$0(235)) - Nodes are ready. Got 3 of 3 DN Heartbeats.
2021-08-12 04:56:16,535 [Listener at 127.0.0.1/33743] INFO  ozone.MiniOzoneClusterImpl (MiniOzoneClusterImpl.java:lambda$waitForClusterToBeReady$0(238)) - Waiting for cluster to exit safe mode
2021-08-12 04:56:16,535 [Listener at 127.0.0.1/33743] INFO  ozone.MiniOzoneClusterImpl (MiniOzoneClusterImpl.java:lambda$waitForClusterToBeReady$0(240)) - SCM became leader
2021-08-12 04:56:17,535 [Listener at 127.0.0.1/33743] INFO  ozone.MiniOzoneClusterImpl (MiniOzoneClusterImpl.java:lambda$waitForClusterToBeReady$0(235)) - Nodes are ready. Got 3 of 3 DN Heartbeats.
2021-08-12 04:56:17,536 [Listener at 127.0.0.1/33743] INFO  ozone.MiniOzoneClusterImpl (MiniOzoneClusterImpl.java:lambda$waitForClusterToBeReady$0(238)) - Waiting for cluster to exit safe mode
2021-08-12 04:56:17,536 [Listener at 127.0.0.1/33743] INFO  ozone.MiniOzoneClusterImpl (MiniOzoneClusterImpl.java:lambda$waitForClusterToBeReady$0(240)) - SCM became leader
2021-08-12 04:56:18,536 [Listener at 127.0.0.1/33743] INFO  ozone.MiniOzoneClusterImpl (MiniOzoneClusterImpl.java:lambda$waitForClusterToBeReady$0(235)) - Nodes are ready. Got 3 of 3 DN Heartbeats.
2021-08-12 04:56:18,536 [Listener at 127.0.0.1/33743] INFO  ozone.MiniOzoneClusterImpl (MiniOzoneClusterImpl.java:lambda$waitForClusterToBeReady$0(238)) - Waiting for cluster to exit safe mode
2021-08-12 04:56:18,536 [Listener at 127.0.0.1/33743] INFO  ozone.MiniOzoneClusterImpl (MiniOzoneClusterImpl.java:lambda$waitForClusterToBeReady$0(240)) - SCM became leader
2021-08-12 04:56:18,722 [9a0e8214-5584-40e1-a769-3f536150c8aa@group-3DD49D2A6AE8-FollowerState] INFO  impl.FollowerState (FollowerState.java:run(134)) - 9a0e8214-5584-40e1-a769-3f536150c8aa@group-3DD49D2A6AE8-FollowerState: change to CANDIDATE, lastRpcElapsedTime:5040188845ns, electionTimeout:5039ms
2021-08-12 04:56:18,723 [9a0e8214-5584-40e1-a769-3f536150c8aa@group-3DD49D2A6AE8-FollowerState] INFO  impl.RoleInfo (RoleInfo.java:shutdownFollowerState(108)) - 9a0e8214-5584-40e1-a769-3f536150c8aa: shutdown 9a0e8214-5584-40e1-a769-3f536150c8aa@group-3DD49D2A6AE8-FollowerState
2021-08-12 04:56:18,723 [9a0e8214-5584-40e1-a769-3f536150c8aa@group-3DD49D2A6AE8-FollowerState] INFO  server.RaftServer$Division (RaftServerImpl.java:setRole(285)) - 9a0e8214-5584-40e1-a769-3f536150c8aa@group-3DD49D2A6AE8: changes role from  FOLLOWER to CANDIDATE at term 0 for changeToCandidate
2021-08-12 04:56:18,724 [9a0e8214-5584-40e1-a769-3f536150c8aa@group-3DD49D2A6AE8-FollowerState] INFO  server.RaftServerConfigKeys (ConfUtils.java:logGet(44)) - raft.server.leaderelection.pre-vote = false (custom)
2021-08-12 04:56:18,724 [9a0e8214-5584-40e1-a769-3f536150c8aa@group-3DD49D2A6AE8-FollowerState] INFO  impl.RoleInfo (RoleInfo.java:updateAndGet(130)) - 9a0e8214-5584-40e1-a769-3f536150c8aa: start 9a0e8214-5584-40e1-a769-3f536150c8aa@group-3DD49D2A6AE8-LeaderElection28
2021-08-12 04:56:18,738 [9a0e8214-5584-40e1-a769-3f536150c8aa@group-3DD49D2A6AE8-LeaderElection28] INFO  impl.LeaderElection (LeaderElection.java:askForVotes(306)) - 9a0e8214-5584-40e1-a769-3f536150c8aa@group-3DD49D2A6AE8-LeaderElection28 ELECTION round 0: submit vote requests at term 1 for -1: [9a0e8214-5584-40e1-a769-3f536150c8aa|rpc:10.1.0.13:46203|priority:1], old=null
2021-08-12 04:56:18,738 [9a0e8214-5584-40e1-a769-3f536150c8aa@group-3DD49D2A6AE8-LeaderElection28] INFO  impl.LeaderElection (LeaderElection.java:askForVotes(308)) - 9a0e8214-5584-40e1-a769-3f536150c8aa@group-3DD49D2A6AE8-LeaderElection28 ELECTION round 0: result PASSED (term=1)
2021-08-12 04:56:18,738 [9a0e8214-5584-40e1-a769-3f536150c8aa@group-3DD49D2A6AE8-LeaderElection28] INFO  impl.RoleInfo (RoleInfo.java:shutdownLeaderElection(121)) - 9a0e8214-5584-40e1-a769-3f536150c8aa: shutdown 9a0e8214-5584-40e1-a769-3f536150c8aa@group-3DD49D2A6AE8-LeaderElection28
2021-08-12 04:56:18,739 [9a0e8214-5584-40e1-a769-3f536150c8aa@group-3DD49D2A6AE8-LeaderElection28] INFO  server.RaftServer$Division (RaftServerImpl.java:setRole(285)) - 9a0e8214-5584-40e1-a769-3f536150c8aa@group-3DD49D2A6AE8: changes role from CANDIDATE to LEADER at term 1 for changeToLeader
2021-08-12 04:56:18,739 [9a0e8214-5584-40e1-a769-3f536150c8aa@group-3DD49D2A6AE8-LeaderElection28] INFO  ratis.XceiverServerRatis (XceiverServerRatis.java:handleLeaderChangedNotification(861)) - Leader change notification received for group: group-3DD49D2A6AE8 with new leaderId: 9a0e8214-5584-40e1-a769-3f536150c8aa
2021-08-12 04:56:18,739 [9a0e8214-5584-40e1-a769-3f536150c8aa@group-3DD49D2A6AE8-LeaderElection28] INFO  server.RaftServer$Division (ServerState.java:setLeader(285)) - 9a0e8214-5584-40e1-a769-3f536150c8aa@group-3DD49D2A6AE8: change Leader from null to 9a0e8214-5584-40e1-a769-3f536150c8aa at term 1 for becomeLeader, leader elected after 5075ms
2021-08-12 04:56:18,740 [9a0e8214-5584-40e1-a769-3f536150c8aa@group-3DD49D2A6AE8-LeaderElection28] INFO  server.RaftServerConfigKeys (ConfUtils.java:logGet(44)) - raft.server.staging.catchup.gap = 1000 (default)
2021-08-12 04:56:18,740 [Datanode State Machine Thread - 0] WARN  statemachine.StateContext (StateContext.java:execute(621)) - No available thread in pool for past 1 seconds.
2021-08-12 04:56:18,740 [9a0e8214-5584-40e1-a769-3f536150c8aa@group-3DD49D2A6AE8-LeaderElection28] INFO  server.RaftServerConfigKeys (ConfUtils.java:logGet(44)) - raft.server.write.element-limit = 1024 (custom)
2021-08-12 04:56:18,740 [9a0e8214-5584-40e1-a769-3f536150c8aa@group-3DD49D2A6AE8-LeaderElection28] INFO  server.RaftServerConfigKeys (ConfUtils.java:logGet(44)) - raft.server.write.byte-limit = 1024 M (=1073741824) (custom)
2021-08-12 04:56:18,740 [9a0e8214-5584-40e1-a769-3f536150c8aa@group-3DD49D2A6AE8-LeaderElection28] INFO  server.RaftServerConfigKeys (ConfUtils.java:logGet(44)) - raft.server.watch.timeout = 180s (custom)
2021-08-12 04:56:18,740 [9a0e8214-5584-40e1-a769-3f536150c8aa@group-3DD49D2A6AE8-LeaderElection28] INFO  server.RaftServerConfigKeys (ConfUtils.java:logGet(44)) - raft.server.watch.timeout.denomination = 1s (default)
2021-08-12 04:56:18,740 [9a0e8214-5584-40e1-a769-3f536150c8aa@group-3DD49D2A6AE8-LeaderElection28] INFO  server.RaftServerConfigKeys (ConfUtils.java:logGet(44)) - raft.server.watch.element-limit = 65536 (default)
2021-08-12 04:56:18,741 [9a0e8214-5584-40e1-a769-3f536150c8aa@group-3DD49D2A6AE8-LeaderElection28] INFO  impl.RoleInfo (RoleInfo.java:updateAndGet(130)) - 9a0e8214-5584-40e1-a769-3f536150c8aa: start 9a0e8214-5584-40e1-a769-3f536150c8aa@group-3DD49D2A6AE8-LeaderStateImpl
2021-08-12 04:56:18,741 [9a0e8214-5584-40e1-a769-3f536150c8aa@group-3DD49D2A6AE8-LeaderElection28] INFO  segmented.SegmentedRaftLogWorker (SegmentedRaftLogWorker.java:startLogSegment(394)) - 9a0e8214-5584-40e1-a769-3f536150c8aa@group-3DD49D2A6AE8-SegmentedRaftLogWorker: Starting segment from index:0
2021-08-12 04:56:18,744 [9a0e8214-5584-40e1-a769-3f536150c8aa@group-3DD49D2A6AE8-SegmentedRaftLogWorker] INFO  segmented.SegmentedRaftLogWorker (SegmentedRaftLogWorker.java:execute(601)) - 9a0e8214-5584-40e1-a769-3f536150c8aa@group-3DD49D2A6AE8-SegmentedRaftLogWorker: created new log segment /home/runner/work/ozone/ozone/hadoop-ozone/integration-test/target/test-dir/MiniOzoneClusterImpl-b581443b-e568-4d1b-b747-432576f6d125/datanode-0/data/ratis/09faa670-87df-428e-97e1-3dd49d2a6ae8/current/log_inprogress_0
2021-08-12 04:56:18,746 [EventQueue-OpenPipelineForHealthyPipelineSafeModeRule] INFO  safemode.SCMSafeModeManager (HealthyPipelineSafeModeRule.java:process(124)) - SCM in safe mode. Healthy pipelines reported count is 0, required healthy pipeline reported count is 1
2021-08-12 04:56:18,760 [9a0e8214-5584-40e1-a769-3f536150c8aa@group-3DD49D2A6AE8-LeaderElection28] INFO  server.RaftServer$Division (ServerState.java:setRaftConf(387)) - 9a0e8214-5584-40e1-a769-3f536150c8aa@group-3DD49D2A6AE8: set configuration 0: [9a0e8214-5584-40e1-a769-3f536150c8aa|rpc:10.1.0.13:46203|dataStream:|priority:1], old=null
2021-08-12 04:56:18,761 [9a0e8214-5584-40e1-a769-3f536150c8aa@group-FE0E7720EF0E-FollowerState] INFO  impl.FollowerState (FollowerState.java:run(134)) - 9a0e8214-5584-40e1-a769-3f536150c8aa@group-FE0E7720EF0E-FollowerState: change to CANDIDATE, lastRpcElapsedTime:5020832286ns, electionTimeout:5003ms
2021-08-12 04:56:18,761 [9a0e8214-5584-40e1-a769-3f536150c8aa@group-FE0E7720EF0E-FollowerState] INFO  impl.RoleInfo (RoleInfo.java:shutdownFollowerState(108)) - 9a0e8214-5584-40e1-a769-3f536150c8aa: shutdown 9a0e8214-5584-40e1-a769-3f536150c8aa@group-FE0E7720EF0E-FollowerState
2021-08-12 04:56:18,761 [9a0e8214-5584-40e1-a769-3f536150c8aa@group-FE0E7720EF0E-FollowerState] INFO  server.RaftServer$Division (RaftServerImpl.java:setRole(285)) - 9a0e8214-5584-40e1-a769-3f536150c8aa@group-FE0E7720EF0E: changes role from  FOLLOWER to CANDIDATE at term 0 for changeToCandidate
2021-08-12 04:56:18,761 [9a0e8214-5584-40e1-a769-3f536150c8aa@group-FE0E7720EF0E-FollowerState] INFO  server.RaftServerConfigKeys (ConfUtils.java:logGet(44)) - raft.server.leaderelection.pre-vote = false (custom)
2021-08-12 04:56:18,761 [9a0e8214-5584-40e1-a769-3f536150c8aa@group-FE0E7720EF0E-FollowerState] INFO  impl.RoleInfo (RoleInfo.java:updateAndGet(130)) - 9a0e8214-5584-40e1-a769-3f536150c8aa: start 9a0e8214-5584-40e1-a769-3f536150c8aa@group-FE0E7720EF0E-LeaderElection29
2021-08-12 04:56:18,794 [9a0e8214-5584-40e1-a769-3f536150c8aa@group-FE0E7720EF0E-LeaderElection29] INFO  impl.LeaderElection (LeaderElection.java:askForVotes(306)) - 9a0e8214-5584-40e1-a769-3f536150c8aa@group-FE0E7720EF0E-LeaderElection29 ELECTION round 0: submit vote requests at term 1 for -1: [9a0e8214-5584-40e1-a769-3f536150c8aa|rpc:10.1.0.13:46203|priority:0, 1c547540-2a18-4c6b-b829-eadf34e8c743|rpc:10.1.0.13:37015|priority:0, 8e39d2b9-5f55-4968-84c5-bb891011fe79|rpc:10.1.0.13:38289|priority:1], old=null
2021-08-12 04:56:18,824 [grpc-default-executor-1] INFO  server.RaftServer$Division (RaftServerImpl.java:requestVote(1043)) - 1c547540-2a18-4c6b-b829-eadf34e8c743@group-FE0E7720EF0E: receive requestVote(ELECTION, 9a0e8214-5584-40e1-a769-3f536150c8aa, group-FE0E7720EF0E, 1, (t:0, i:0))
2021-08-12 04:56:18,824 [grpc-default-executor-1] INFO  impl.VoteContext (VoteContext.java:log(48)) - 1c547540-2a18-4c6b-b829-eadf34e8c743@group-FE0E7720EF0E-FOLLOWER: accept ELECTION from 9a0e8214-5584-40e1-a769-3f536150c8aa: our priority 0 <= candidate's priority 0
2021-08-12 04:56:18,824 [grpc-default-executor-1] INFO  server.RaftServer$Division (RaftServerImpl.java:setRole(285)) - 1c547540-2a18-4c6b-b829-eadf34e8c743@group-FE0E7720EF0E: changes role from  FOLLOWER to FOLLOWER at term 1 for candidate:9a0e8214-5584-40e1-a769-3f536150c8aa
2021-08-12 04:56:18,824 [grpc-default-executor-1] INFO  impl.RoleInfo (RoleInfo.java:shutdownFollowerState(108)) - 1c547540-2a18-4c6b-b829-eadf34e8c743: shutdown 1c547540-2a18-4c6b-b829-eadf34e8c743@group-FE0E7720EF0E-FollowerState
2021-08-12 04:56:18,824 [grpc-default-executor-1] INFO  impl.RoleInfo (RoleInfo.java:updateAndGet(130)) - 1c547540-2a18-4c6b-b829-eadf34e8c743: start 1c547540-2a18-4c6b-b829-eadf34e8c743@group-FE0E7720EF0E-FollowerState
2021-08-12 04:56:18,824 [1c547540-2a18-4c6b-b829-eadf34e8c743@group-FE0E7720EF0E-FollowerState] INFO  impl.FollowerState (FollowerState.java:run(143)) - 1c547540-2a18-4c6b-b829-eadf34e8c743@group-FE0E7720EF0E-FollowerState was interrupted: {}
java.lang.InterruptedException: sleep interrupted
	at java.lang.Thread.sleep(Native Method)
	at java.lang.Thread.sleep(Thread.java:340)
	at java.util.concurrent.TimeUnit.sleep(TimeUnit.java:386)
	at org.apache.ratis.util.TimeDuration.sleep(TimeDuration.java:324)
	at org.apache.ratis.util.TimeDuration.sleep(TimeDuration.java:309)
	at org.apache.ratis.server.impl.FollowerState.run(FollowerState.java:118)
2021-08-12 04:56:18,851 [grpc-default-executor-1] INFO  server.RaftServer$Division (RaftServerImpl.java:requestVote(1075)) - 1c547540-2a18-4c6b-b829-eadf34e8c743@group-FE0E7720EF0E replies to ELECTION vote request: 9a0e8214-5584-40e1-a769-3f536150c8aa<-1c547540-2a18-4c6b-b829-eadf34e8c743#0:OK-t1. Peer's state: 1c547540-2a18-4c6b-b829-eadf34e8c743@group-FE0E7720EF0E:t1, leader=null, voted=9a0e8214-5584-40e1-a769-3f536150c8aa, raftlog=1c547540-2a18-4c6b-b829-eadf34e8c743@group-FE0E7720EF0E-SegmentedRaftLog:OPENED:c-1,f-1,i0, conf=-1: [9a0e8214-5584-40e1-a769-3f536150c8aa|rpc:10.1.0.13:46203|dataStream:|priority:0, 1c547540-2a18-4c6b-b829-eadf34e8c743|rpc:10.1.0.13:37015|dataStream:|priority:0, 8e39d2b9-5f55-4968-84c5-bb891011fe79|rpc:10.1.0.13:38289|dataStream:|priority:1], old=null
2021-08-12 04:56:18,852 [grpc-default-executor-0] INFO  server.RaftServer$Division (RaftServerImpl.java:requestVote(1043)) - 8e39d2b9-5f55-4968-84c5-bb891011fe79@group-FE0E7720EF0E: receive requestVote(ELECTION, 9a0e8214-5584-40e1-a769-3f536150c8aa, group-FE0E7720EF0E, 1, (t:0, i:0))
2021-08-12 04:56:18,852 [grpc-default-executor-0] INFO  impl.VoteContext (VoteContext.java:log(48)) - 8e39d2b9-5f55-4968-84c5-bb891011fe79@group-FE0E7720EF0E-FOLLOWER: reject ELECTION from 9a0e8214-5584-40e1-a769-3f536150c8aa: our priority 1 > candidate's priority 0
2021-08-12 04:56:18,852 [grpc-default-executor-0] INFO  server.RaftServer$Division (RaftServerImpl.java:setRole(285)) - 8e39d2b9-5f55-4968-84c5-bb891011fe79@group-FE0E7720EF0E: changes role from  FOLLOWER to FOLLOWER at term 1 for candidate:9a0e8214-5584-40e1-a769-3f536150c8aa
2021-08-12 04:56:18,852 [grpc-default-executor-0] INFO  impl.RoleInfo (RoleInfo.java:shutdownFollowerState(108)) - 8e39d2b9-5f55-4968-84c5-bb891011fe79: shutdown 8e39d2b9-5f55-4968-84c5-bb891011fe79@group-FE0E7720EF0E-FollowerState
2021-08-12 04:56:18,852 [grpc-default-executor-0] INFO  impl.RoleInfo (RoleInfo.java:updateAndGet(130)) - 8e39d2b9-5f55-4968-84c5-bb891011fe79: start 8e39d2b9-5f55-4968-84c5-bb891011fe79@group-FE0E7720EF0E-FollowerState
2021-08-12 04:56:18,852 [8e39d2b9-5f55-4968-84c5-bb891011fe79@group-FE0E7720EF0E-FollowerState] INFO  impl.FollowerState (FollowerState.java:run(143)) - 8e39d2b9-5f55-4968-84c5-bb891011fe79@group-FE0E7720EF0E-FollowerState was interrupted: {}
java.lang.InterruptedException: sleep interrupted
	at java.lang.Thread.sleep(Native Method)
	at java.lang.Thread.sleep(Thread.java:340)
	at java.util.concurrent.TimeUnit.sleep(TimeUnit.java:386)
	at org.apache.ratis.util.TimeDuration.sleep(TimeDuration.java:324)
	at org.apache.ratis.util.TimeDuration.sleep(TimeDuration.java:309)
	at org.apache.ratis.server.impl.FollowerState.run(FollowerState.java:118)
2021-08-12 04:56:18,857 [grpc-default-executor-0] INFO  server.RaftServer$Division (RaftServerImpl.java:requestVote(1075)) - 8e39d2b9-5f55-4968-84c5-bb891011fe79@group-FE0E7720EF0E replies to ELECTION vote request: 9a0e8214-5584-40e1-a769-3f536150c8aa<-8e39d2b9-5f55-4968-84c5-bb891011fe79#0:FAIL-t1. Peer's state: 8e39d2b9-5f55-4968-84c5-bb891011fe79@group-FE0E7720EF0E:t1, leader=null, voted=null, raftlog=8e39d2b9-5f55-4968-84c5-bb891011fe79@group-FE0E7720EF0E-SegmentedRaftLog:OPENED:c-1,f-1,i0, conf=-1: [9a0e8214-5584-40e1-a769-3f536150c8aa|rpc:10.1.0.13:46203|dataStream:|priority:0, 1c547540-2a18-4c6b-b829-eadf34e8c743|rpc:10.1.0.13:37015|dataStream:|priority:0, 8e39d2b9-5f55-4968-84c5-bb891011fe79|rpc:10.1.0.13:38289|dataStream:|priority:1], old=null
2021-08-12 04:56:18,873 [9a0e8214-5584-40e1-a769-3f536150c8aa@group-FE0E7720EF0E-LeaderElection29] INFO  impl.LeaderElection (LeaderElection.java:logAndReturn(89)) - 9a0e8214-5584-40e1-a769-3f536150c8aa@group-FE0E7720EF0E-LeaderElection29: ELECTION REJECTED received 2 response(s) and 0 exception(s):
2021-08-12 04:56:18,873 [9a0e8214-5584-40e1-a769-3f536150c8aa@group-FE0E7720EF0E-LeaderElection29] INFO  impl.LeaderElection (LeaderElection.java:logAndReturn(93)) -   Response 0: 9a0e8214-5584-40e1-a769-3f536150c8aa<-1c547540-2a18-4c6b-b829-eadf34e8c743#0:OK-t1
2021-08-12 04:56:18,873 [9a0e8214-5584-40e1-a769-3f536150c8aa@group-FE0E7720EF0E-LeaderElection29] INFO  impl.LeaderElection (LeaderElection.java:logAndReturn(93)) -   Response 1: 9a0e8214-5584-40e1-a769-3f536150c8aa<-8e39d2b9-5f55-4968-84c5-bb891011fe79#0:FAIL-t1
2021-08-12 04:56:18,873 [9a0e8214-5584-40e1-a769-3f536150c8aa@group-FE0E7720EF0E-LeaderElection29] INFO  impl.LeaderElection (LeaderElection.java:askForVotes(308)) - 9a0e8214-5584-40e1-a769-3f536150c8aa@group-FE0E7720EF0E-LeaderElection29 ELECTION round 0: result REJECTED
2021-08-12 04:56:18,873 [9a0e8214-5584-40e1-a769-3f536150c8aa@group-FE0E7720EF0E-LeaderElection29] INFO  server.RaftServer$Division (RaftServerImpl.java:setRole(285)) - 9a0e8214-5584-40e1-a769-3f536150c8aa@group-FE0E7720EF0E: changes role from CANDIDATE to FOLLOWER at term 1 for REJECTED
2021-08-12 04:56:18,875 [9a0e8214-5584-40e1-a769-3f536150c8aa@group-FE0E7720EF0E-LeaderElection29] INFO  impl.RoleInfo (RoleInfo.java:shutdownLeaderElection(121)) - 9a0e8214-5584-40e1-a769-3f536150c8aa: shutdown 9a0e8214-5584-40e1-a769-3f536150c8aa@group-FE0E7720EF0E-LeaderElection29
2021-08-12 04:56:18,875 [9a0e8214-5584-40e1-a769-3f536150c8aa@group-FE0E7720EF0E-LeaderElection29] INFO  impl.RoleInfo (RoleInfo.java:updateAndGet(130)) - 9a0e8214-5584-40e1-a769-3f536150c8aa: start 9a0e8214-5584-40e1-a769-3f536150c8aa@group-FE0E7720EF0E-FollowerState
2021-08-12 04:56:19,227 [9a0e8214-5584-40e1-a769-3f536150c8aa@group-14B6E25724D0-FollowerState] INFO  impl.FollowerState (FollowerState.java:run(134)) - 9a0e8214-5584-40e1-a769-3f536150c8aa@group-14B6E25724D0-FollowerState: change to CANDIDATE, lastRpcElapsedTime:5160055490ns, electionTimeout:5155ms
2021-08-12 04:56:19,228 [9a0e8214-5584-40e1-a769-3f536150c8aa@group-14B6E25724D0-FollowerState] INFO  impl.RoleInfo (RoleInfo.java:shutdownFollowerState(108)) - 9a0e8214-5584-40e1-a769-3f536150c8aa: shutdown 9a0e8214-5584-40e1-a769-3f536150c8aa@group-14B6E25724D0-FollowerState
2021-08-12 04:56:19,228 [9a0e8214-5584-40e1-a769-3f536150c8aa@group-14B6E25724D0-FollowerState] INFO  server.RaftServer$Division (RaftServerImpl.java:setRole(285)) - 9a0e8214-5584-40e1-a769-3f536150c8aa@group-14B6E25724D0: changes role from  FOLLOWER to CANDIDATE at term 0 for changeToCandidate
2021-08-12 04:56:19,228 [9a0e8214-5584-40e1-a769-3f536150c8aa@group-14B6E25724D0-FollowerState] INFO  server.RaftServerConfigKeys (ConfUtils.java:logGet(44)) - raft.server.leaderelection.pre-vote = false (custom)
2021-08-12 04:56:19,228 [9a0e8214-5584-40e1-a769-3f536150c8aa@group-14B6E25724D0-FollowerState] INFO  impl.RoleInfo (RoleInfo.java:updateAndGet(130)) - 9a0e8214-5584-40e1-a769-3f536150c8aa: start 9a0e8214-5584-40e1-a769-3f536150c8aa@group-14B6E25724D0-LeaderElection30
2021-08-12 04:56:19,238 [8e39d2b9-5f55-4968-84c5-bb891011fe79@group-8F42A571F5B2-FollowerState] INFO  impl.FollowerState (FollowerState.java:run(134)) - 8e39d2b9-5f55-4968-84c5-bb891011fe79@group-8F42A571F5B2-FollowerState: change to CANDIDATE, lastRpcElapsedTime:5078738664ns, electionTimeout:5075ms
2021-08-12 04:56:19,238 [8e39d2b9-5f55-4968-84c5-bb891011fe79@group-8F42A571F5B2-FollowerState] INFO  impl.RoleInfo (RoleInfo.java:shutdownFollowerState(108)) - 8e39d2b9-5f55-4968-84c5-bb891011fe79: shutdown 8e39d2b9-5f55-4968-84c5-bb891011fe79@group-8F42A571F5B2-FollowerState
2021-08-12 04:56:19,238 [8e39d2b9-5f55-4968-84c5-bb891011fe79@group-8F42A571F5B2-FollowerState] INFO  server.RaftServer$Division (RaftServerImpl.java:setRole(285)) - 8e39d2b9-5f55-4968-84c5-bb891011fe79@group-8F42A571F5B2: changes role from  FOLLOWER to CANDIDATE at term 0 for changeToCandidate
2021-08-12 04:56:19,239 [8e39d2b9-5f55-4968-84c5-bb891011fe79@group-8F42A571F5B2-FollowerState] INFO  server.RaftServerConfigKeys (ConfUtils.java:logGet(44)) - raft.server.leaderelection.pre-vote = false (custom)
2021-08-12 04:56:19,239 [8e39d2b9-5f55-4968-84c5-bb891011fe79@group-8F42A571F5B2-FollowerState] INFO  impl.RoleInfo (RoleInfo.java:updateAndGet(130)) - 8e39d2b9-5f55-4968-84c5-bb891011fe79: start 8e39d2b9-5f55-4968-84c5-bb891011fe79@group-8F42A571F5B2-LeaderElection31
2021-08-12 04:56:19,248 [8e39d2b9-5f55-4968-84c5-bb891011fe79@group-14B6E25724D0-FollowerState] INFO  impl.FollowerState (FollowerState.java:run(134)) - 8e39d2b9-5f55-4968-84c5-bb891011fe79@group-14B6E25724D0-FollowerState: change to CANDIDATE, lastRpcElapsedTime:5044069138ns, electionTimeout:5020ms
2021-08-12 04:56:19,251 [8e39d2b9-5f55-4968-84c5-bb891011fe79@group-14B6E25724D0-FollowerState] INFO  impl.RoleInfo (RoleInfo.java:shutdownFollowerState(108)) - 8e39d2b9-5f55-4968-84c5-bb891011fe79: shutdown 8e39d2b9-5f55-4968-84c5-bb891011fe79@group-14B6E25724D0-FollowerState
2021-08-12 04:56:19,251 [8e39d2b9-5f55-4968-84c5-bb891011fe79@group-14B6E25724D0-FollowerState] INFO  server.RaftServer$Division (RaftServerImpl.java:setRole(285)) - 8e39d2b9-5f55-4968-84c5-bb891011fe79@group-14B6E25724D0: changes role from  FOLLOWER to CANDIDATE at term 0 for changeToCandidate
2021-08-12 04:56:19,251 [8e39d2b9-5f55-4968-84c5-bb891011fe79@group-14B6E25724D0-FollowerState] INFO  server.RaftServerConfigKeys (ConfUtils.java:logGet(44)) - raft.server.leaderelection.pre-vote = false (custom)
2021-08-12 04:56:19,251 [8e39d2b9-5f55-4968-84c5-bb891011fe79@group-14B6E25724D0-FollowerState] INFO  impl.RoleInfo (RoleInfo.java:updateAndGet(130)) - 8e39d2b9-5f55-4968-84c5-bb891011fe79: start 8e39d2b9-5f55-4968-84c5-bb891011fe79@group-14B6E25724D0-LeaderElection32
2021-08-12 04:56:19,255 [9a0e8214-5584-40e1-a769-3f536150c8aa@group-14B6E25724D0-LeaderElection30] INFO  impl.LeaderElection (LeaderElection.java:askForVotes(306)) - 9a0e8214-5584-40e1-a769-3f536150c8aa@group-14B6E25724D0-LeaderElection30 ELECTION round 0: submit vote requests at term 1 for -1: [9a0e8214-5584-40e1-a769-3f536150c8aa|rpc:10.1.0.13:46203|priority:0, 1c547540-2a18-4c6b-b829-eadf34e8c743|rpc:10.1.0.13:37015|priority:1, 8e39d2b9-5f55-4968-84c5-bb891011fe79|rpc:10.1.0.13:38289|priority:0], old=null
2021-08-12 04:56:19,268 [8e39d2b9-5f55-4968-84c5-bb891011fe79@group-8F42A571F5B2-LeaderElection31] INFO  impl.LeaderElection (LeaderElection.java:askForVotes(306)) - 8e39d2b9-5f55-4968-84c5-bb891011fe79@group-8F42A571F5B2-LeaderElection31 ELECTION round 0: submit vote requests at term 1 for -1: [8e39d2b9-5f55-4968-84c5-bb891011fe79|rpc:10.1.0.13:38289|priority:1], old=null
2021-08-12 04:56:19,282 [8e39d2b9-5f55-4968-84c5-bb891011fe79@group-8F42A571F5B2-LeaderElection31] INFO  impl.LeaderElection (LeaderElection.java:askForVotes(308)) - 8e39d2b9-5f55-4968-84c5-bb891011fe79@group-8F42A571F5B2-LeaderElection31 ELECTION round 0: result PASSED (term=1)
2021-08-12 04:56:19,282 [8e39d2b9-5f55-4968-84c5-bb891011fe79@group-8F42A571F5B2-LeaderElection31] INFO  impl.RoleInfo (RoleInfo.java:shutdownLeaderElection(121)) - 8e39d2b9-5f55-4968-84c5-bb891011fe79: shutdown 8e39d2b9-5f55-4968-84c5-bb891011fe79@group-8F42A571F5B2-LeaderElection31
2021-08-12 04:56:19,282 [8e39d2b9-5f55-4968-84c5-bb891011fe79@group-8F42A571F5B2-LeaderElection31] INFO  server.RaftServer$Division (RaftServerImpl.java:setRole(285)) - 8e39d2b9-5f55-4968-84c5-bb891011fe79@group-8F42A571F5B2: changes role from CANDIDATE to LEADER at term 1 for changeToLeader
2021-08-12 04:56:19,282 [8e39d2b9-5f55-4968-84c5-bb891011fe79@group-8F42A571F5B2-LeaderElection31] INFO  ratis.XceiverServerRatis (XceiverServerRatis.java:handleLeaderChangedNotification(861)) - Leader change notification received for group: group-8F42A571F5B2 with new leaderId: 8e39d2b9-5f55-4968-84c5-bb891011fe79
2021-08-12 04:56:19,282 [8e39d2b9-5f55-4968-84c5-bb891011fe79@group-8F42A571F5B2-LeaderElection31] INFO  server.RaftServer$Division (ServerState.java:setLeader(285)) - 8e39d2b9-5f55-4968-84c5-bb891011fe79@group-8F42A571F5B2: change Leader from null to 8e39d2b9-5f55-4968-84c5-bb891011fe79 at term 1 for becomeLeader, leader elected after 5150ms
2021-08-12 04:56:19,282 [8e39d2b9-5f55-4968-84c5-bb891011fe79@group-8F42A571F5B2-LeaderElection31] INFO  server.RaftServerConfigKeys (ConfUtils.java:logGet(44)) - raft.server.staging.catchup.gap = 1000 (default)
2021-08-12 04:56:19,275 [grpc-default-executor-0] INFO  server.RaftServer$Division (RaftServerImpl.java:requestVote(1043)) - 1c547540-2a18-4c6b-b829-eadf34e8c743@group-14B6E25724D0: receive requestVote(ELECTION, 9a0e8214-5584-40e1-a769-3f536150c8aa, group-14B6E25724D0, 1, (t:0, i:0))
2021-08-12 04:56:19,283 [grpc-default-executor-0] INFO  impl.VoteContext (VoteContext.java:log(48)) - 1c547540-2a18-4c6b-b829-eadf34e8c743@group-14B6E25724D0-FOLLOWER: reject ELECTION from 9a0e8214-5584-40e1-a769-3f536150c8aa: our priority 1 > candidate's priority 0
2021-08-12 04:56:19,283 [grpc-default-executor-0] INFO  server.RaftServer$Division (RaftServerImpl.java:setRole(285)) - 1c547540-2a18-4c6b-b829-eadf34e8c743@group-14B6E25724D0: changes role from  FOLLOWER to FOLLOWER at term 1 for candidate:9a0e8214-5584-40e1-a769-3f536150c8aa
2021-08-12 04:56:19,283 [grpc-default-executor-0] INFO  impl.RoleInfo (RoleInfo.java:shutdownFollowerState(108)) - 1c547540-2a18-4c6b-b829-eadf34e8c743: shutdown 1c547540-2a18-4c6b-b829-eadf34e8c743@group-14B6E25724D0-FollowerState
2021-08-12 04:56:19,283 [grpc-default-executor-0] INFO  impl.RoleInfo (RoleInfo.java:updateAndGet(130)) - 1c547540-2a18-4c6b-b829-eadf34e8c743: start 1c547540-2a18-4c6b-b829-eadf34e8c743@group-14B6E25724D0-FollowerState
2021-08-12 04:56:19,283 [8e39d2b9-5f55-4968-84c5-bb891011fe79@group-8F42A571F5B2-LeaderElection31] INFO  server.RaftServerConfigKeys (ConfUtils.java:logGet(44)) - raft.server.write.element-limit = 1024 (custom)
2021-08-12 04:56:19,283 [8e39d2b9-5f55-4968-84c5-bb891011fe79@group-8F42A571F5B2-LeaderElection31] INFO  server.RaftServerConfigKeys (ConfUtils.java:logGet(44)) - raft.server.write.byte-limit = 1024 M (=1073741824) (custom)
2021-08-12 04:56:19,283 [8e39d2b9-5f55-4968-84c5-bb891011fe79@group-8F42A571F5B2-LeaderElection31] INFO  server.RaftServerConfigKeys (ConfUtils.java:logGet(44)) - raft.server.watch.timeout = 180s (custom)
2021-08-12 04:56:19,284 [8e39d2b9-5f55-4968-84c5-bb891011fe79@group-8F42A571F5B2-LeaderElection31] INFO  server.RaftServerConfigKeys (ConfUtils.java:logGet(44)) - raft.server.watch.timeout.denomination = 1s (default)
2021-08-12 04:56:19,284 [8e39d2b9-5f55-4968-84c5-bb891011fe79@group-8F42A571F5B2-LeaderElection31] INFO  server.RaftServerConfigKeys (ConfUtils.java:logGet(44)) - raft.server.watch.element-limit = 65536 (default)
2021-08-12 04:56:19,284 [8e39d2b9-5f55-4968-84c5-bb891011fe79@group-8F42A571F5B2-LeaderElection31] INFO  impl.RoleInfo (RoleInfo.java:updateAndGet(130)) - 8e39d2b9-5f55-4968-84c5-bb891011fe79: start 8e39d2b9-5f55-4968-84c5-bb891011fe79@group-8F42A571F5B2-LeaderStateImpl
2021-08-12 04:56:19,284 [8e39d2b9-5f55-4968-84c5-bb891011fe79@group-8F42A571F5B2-LeaderElection31] INFO  segmented.SegmentedRaftLogWorker (SegmentedRaftLogWorker.java:startLogSegment(394)) - 8e39d2b9-5f55-4968-84c5-bb891011fe79@group-8F42A571F5B2-SegmentedRaftLogWorker: Starting segment from index:0
2021-08-12 04:56:19,288 [1c547540-2a18-4c6b-b829-eadf34e8c743@group-14B6E25724D0-FollowerState] INFO  impl.FollowerState (FollowerState.java:run(143)) - 1c547540-2a18-4c6b-b829-eadf34e8c743@group-14B6E25724D0-FollowerState was interrupted: {}
java.lang.InterruptedException: sleep interrupted
	at java.lang.Thread.sleep(Native Method)
	at java.lang.Thread.sleep(Thread.java:340)
	at java.util.concurrent.TimeUnit.sleep(TimeUnit.java:386)
	at org.apache.ratis.util.TimeDuration.sleep(TimeDuration.java:324)
	at org.apache.ratis.util.TimeDuration.sleep(TimeDuration.java:309)
	at org.apache.ratis.server.impl.FollowerState.run(FollowerState.java:118)
2021-08-12 04:56:19,288 [8e39d2b9-5f55-4968-84c5-bb891011fe79@group-8F42A571F5B2-SegmentedRaftLogWorker] INFO  segmented.SegmentedRaftLogWorker (SegmentedRaftLogWorker.java:execute(601)) - 8e39d2b9-5f55-4968-84c5-bb891011fe79@group-8F42A571F5B2-SegmentedRaftLogWorker: created new log segment /home/runner/work/ozone/ozone/hadoop-ozone/integration-test/target/test-dir/MiniOzoneClusterImpl-b581443b-e568-4d1b-b747-432576f6d125/datanode-1/data/ratis/9b4c2edf-5d4c-4784-b099-8f42a571f5b2/current/log_inprogress_0
2021-08-12 04:56:19,291 [grpc-default-executor-1] INFO  server.RaftServer$Division (RaftServerImpl.java:requestVote(1043)) - 8e39d2b9-5f55-4968-84c5-bb891011fe79@group-14B6E25724D0: receive requestVote(ELECTION, 9a0e8214-5584-40e1-a769-3f536150c8aa, group-14B6E25724D0, 1, (t:0, i:0))
2021-08-12 04:56:19,298 [8e39d2b9-5f55-4968-84c5-bb891011fe79@group-14B6E25724D0-LeaderElection32] INFO  impl.LeaderElection (LeaderElection.java:askForVotes(306)) - 8e39d2b9-5f55-4968-84c5-bb891011fe79@group-14B6E25724D0-LeaderElection32 ELECTION round 0: submit vote requests at term 1 for -1: [9a0e8214-5584-40e1-a769-3f536150c8aa|rpc:10.1.0.13:46203|priority:0, 1c547540-2a18-4c6b-b829-eadf34e8c743|rpc:10.1.0.13:37015|priority:1, 8e39d2b9-5f55-4968-84c5-bb891011fe79|rpc:10.1.0.13:38289|priority:0], old=null
2021-08-12 04:56:19,298 [grpc-default-executor-1] INFO  impl.VoteContext (VoteContext.java:log(48)) - 8e39d2b9-5f55-4968-84c5-bb891011fe79@group-14B6E25724D0-CANDIDATE: reject ELECTION from 9a0e8214-5584-40e1-a769-3f536150c8aa: already has voted for 8e39d2b9-5f55-4968-84c5-bb891011fe79 at current term 1
2021-08-12 04:56:19,324 [grpc-default-executor-1] INFO  server.RaftServer$Division (RaftServerImpl.java:requestVote(1075)) - 8e39d2b9-5f55-4968-84c5-bb891011fe79@group-14B6E25724D0 replies to ELECTION vote request: 9a0e8214-5584-40e1-a769-3f536150c8aa<-8e39d2b9-5f55-4968-84c5-bb891011fe79#0:FAIL-t1. Peer's state: 8e39d2b9-5f55-4968-84c5-bb891011fe79@group-14B6E25724D0:t1, leader=null, voted=8e39d2b9-5f55-4968-84c5-bb891011fe79, raftlog=8e39d2b9-5f55-4968-84c5-bb891011fe79@group-14B6E25724D0-SegmentedRaftLog:OPENED:c-1,f-1,i0, conf=-1: [9a0e8214-5584-40e1-a769-3f536150c8aa|rpc:10.1.0.13:46203|priority:0, 1c547540-2a18-4c6b-b829-eadf34e8c743|rpc:10.1.0.13:37015|priority:1, 8e39d2b9-5f55-4968-84c5-bb891011fe79|rpc:10.1.0.13:38289|priority:0], old=null
2021-08-12 04:56:19,304 [grpc-default-executor-0] INFO  server.RaftServer$Division (RaftServerImpl.java:requestVote(1075)) - 1c547540-2a18-4c6b-b829-eadf34e8c743@group-14B6E25724D0 replies to ELECTION vote request: 9a0e8214-5584-40e1-a769-3f536150c8aa<-1c547540-2a18-4c6b-b829-eadf34e8c743#0:FAIL-t1. Peer's state: 1c547540-2a18-4c6b-b829-eadf34e8c743@group-14B6E25724D0:t1, leader=null, voted=null, raftlog=1c547540-2a18-4c6b-b829-eadf34e8c743@group-14B6E25724D0-SegmentedRaftLog:OPENED:c-1,f-1,i0, conf=-1: [9a0e8214-5584-40e1-a769-3f536150c8aa|rpc:10.1.0.13:46203|dataStream:|priority:0, 1c547540-2a18-4c6b-b829-eadf34e8c743|rpc:10.1.0.13:37015|dataStream:|priority:1, 8e39d2b9-5f55-4968-84c5-bb891011fe79|rpc:10.1.0.13:38289|dataStream:|priority:0], old=null
2021-08-12 04:56:19,303 [8e39d2b9-5f55-4968-84c5-bb891011fe79@group-8F42A571F5B2-LeaderElection31] INFO  server.RaftServer$Division (ServerState.java:setRaftConf(387)) - 8e39d2b9-5f55-4968-84c5-bb891011fe79@group-8F42A571F5B2: set configuration 0: [8e39d2b9-5f55-4968-84c5-bb891011fe79|rpc:10.1.0.13:38289|dataStream:|priority:1], old=null
2021-08-12 04:56:19,340 [9a0e8214-5584-40e1-a769-3f536150c8aa@group-14B6E25724D0-LeaderElection30] INFO  impl.LeaderElection (LeaderElection.java:logAndReturn(89)) - 9a0e8214-5584-40e1-a769-3f536150c8aa@group-14B6E25724D0-LeaderElection30: ELECTION REJECTED received 1 response(s) and 0 exception(s):
2021-08-12 04:56:19,354 [9a0e8214-5584-40e1-a769-3f536150c8aa@group-14B6E25724D0-LeaderElection30] INFO  impl.LeaderElection (LeaderElection.java:logAndReturn(93)) -   Response 0: 9a0e8214-5584-40e1-a769-3f536150c8aa<-1c547540-2a18-4c6b-b829-eadf34e8c743#0:FAIL-t1
2021-08-12 04:56:19,354 [9a0e8214-5584-40e1-a769-3f536150c8aa@group-14B6E25724D0-LeaderElection30] INFO  impl.LeaderElection (LeaderElection.java:askForVotes(308)) - 9a0e8214-5584-40e1-a769-3f536150c8aa@group-14B6E25724D0-LeaderElection30 ELECTION round 0: result REJECTED
2021-08-12 04:56:19,354 [9a0e8214-5584-40e1-a769-3f536150c8aa@group-14B6E25724D0-LeaderElection30] INFO  server.RaftServer$Division (RaftServerImpl.java:setRole(285)) - 9a0e8214-5584-40e1-a769-3f536150c8aa@group-14B6E25724D0: changes role from CANDIDATE to FOLLOWER at term 1 for REJECTED
2021-08-12 04:56:19,354 [9a0e8214-5584-40e1-a769-3f536150c8aa@group-14B6E25724D0-LeaderElection30] INFO  impl.RoleInfo (RoleInfo.java:shutdownLeaderElection(121)) - 9a0e8214-5584-40e1-a769-3f536150c8aa: shutdown 9a0e8214-5584-40e1-a769-3f536150c8aa@group-14B6E25724D0-LeaderElection30
2021-08-12 04:56:19,354 [9a0e8214-5584-40e1-a769-3f536150c8aa@group-14B6E25724D0-LeaderElection30] INFO  impl.RoleInfo (RoleInfo.java:updateAndGet(130)) - 9a0e8214-5584-40e1-a769-3f536150c8aa: start 9a0e8214-5584-40e1-a769-3f536150c8aa@group-14B6E25724D0-FollowerState
2021-08-12 04:56:19,347 [EventQueue-OpenPipelineForHealthyPipelineSafeModeRule] INFO  safemode.SCMSafeModeManager (HealthyPipelineSafeModeRule.java:process(124)) - SCM in safe mode. Healthy pipelines reported count is 0, required healthy pipeline reported count is 1
2021-08-12 04:56:19,371 [grpc-default-executor-0] INFO  server.RaftServer$Division (RaftServerImpl.java:requestVote(1043)) - 9a0e8214-5584-40e1-a769-3f536150c8aa@group-14B6E25724D0: receive requestVote(ELECTION, 8e39d2b9-5f55-4968-84c5-bb891011fe79, group-14B6E25724D0, 1, (t:0, i:0))
2021-08-12 04:56:19,383 [grpc-default-executor-0] INFO  impl.VoteContext (VoteContext.java:log(48)) - 9a0e8214-5584-40e1-a769-3f536150c8aa@group-14B6E25724D0-FOLLOWER: reject ELECTION from 8e39d2b9-5f55-4968-84c5-bb891011fe79: already has voted for 9a0e8214-5584-40e1-a769-3f536150c8aa at current term 1
2021-08-12 04:56:19,384 [grpc-default-executor-0] INFO  server.RaftServer$Division (RaftServerImpl.java:requestVote(1075)) - 9a0e8214-5584-40e1-a769-3f536150c8aa@group-14B6E25724D0 replies to ELECTION vote request: 8e39d2b9-5f55-4968-84c5-bb891011fe79<-9a0e8214-5584-40e1-a769-3f536150c8aa#0:FAIL-t1. Peer's state: 9a0e8214-5584-40e1-a769-3f536150c8aa@group-14B6E25724D0:t1, leader=null, voted=9a0e8214-5584-40e1-a769-3f536150c8aa, raftlog=9a0e8214-5584-40e1-a769-3f536150c8aa@group-14B6E25724D0-SegmentedRaftLog:OPENED:c-1,f-1,i0, conf=-1: [9a0e8214-5584-40e1-a769-3f536150c8aa|rpc:10.1.0.13:46203|priority:0, 1c547540-2a18-4c6b-b829-eadf34e8c743|rpc:10.1.0.13:37015|priority:1, 8e39d2b9-5f55-4968-84c5-bb891011fe79|rpc:10.1.0.13:38289|priority:0], old=null
2021-08-12 04:56:19,409 [grpc-default-executor-2] INFO  server.RaftServer$Division (RaftServerImpl.java:requestVote(1043)) - 1c547540-2a18-4c6b-b829-eadf34e8c743@group-14B6E25724D0: receive requestVote(ELECTION, 8e39d2b9-5f55-4968-84c5-bb891011fe79, group-14B6E25724D0, 1, (t:0, i:0))
2021-08-12 04:56:19,409 [grpc-default-executor-2] INFO  impl.VoteContext (VoteContext.java:log(48)) - 1c547540-2a18-4c6b-b829-eadf34e8c743@group-14B6E25724D0-FOLLOWER: reject ELECTION from 8e39d2b9-5f55-4968-84c5-bb891011fe79: our priority 1 > candidate's priority 0
2021-08-12 04:56:19,410 [grpc-default-executor-2] INFO  server.RaftServer$Division (RaftServerImpl.java:setRole(285)) - 1c547540-2a18-4c6b-b829-eadf34e8c743@group-14B6E25724D0: changes role from  FOLLOWER to FOLLOWER at term 1 for candidate:8e39d2b9-5f55-4968-84c5-bb891011fe79
2021-08-12 04:56:19,410 [grpc-default-executor-2] INFO  impl.RoleInfo (RoleInfo.java:shutdownFollowerState(108)) - 1c547540-2a18-4c6b-b829-eadf34e8c743: shutdown 1c547540-2a18-4c6b-b829-eadf34e8c743@group-14B6E25724D0-FollowerState
2021-08-12 04:56:19,410 [grpc-default-executor-2] INFO  impl.RoleInfo (RoleInfo.java:updateAndGet(130)) - 1c547540-2a18-4c6b-b829-eadf34e8c743: start 1c547540-2a18-4c6b-b829-eadf34e8c743@group-14B6E25724D0-FollowerState
2021-08-12 04:56:19,410 [grpc-default-executor-2] INFO  server.RaftServer$Division (RaftServerImpl.java:requestVote(1075)) - 1c547540-2a18-4c6b-b829-eadf34e8c743@group-14B6E25724D0 replies to ELECTION vote request: 8e39d2b9-5f55-4968-84c5-bb891011fe79<-1c547540-2a18-4c6b-b829-eadf34e8c743#0:FAIL-t1. Peer's state: 1c547540-2a18-4c6b-b829-eadf34e8c743@group-14B6E25724D0:t1, leader=null, voted=null, raftlog=1c547540-2a18-4c6b-b829-eadf34e8c743@group-14B6E25724D0-SegmentedRaftLog:OPENED:c-1,f-1,i0, conf=-1: [9a0e8214-5584-40e1-a769-3f536150c8aa|rpc:10.1.0.13:46203|dataStream:|priority:0, 1c547540-2a18-4c6b-b829-eadf34e8c743|rpc:10.1.0.13:37015|dataStream:|priority:1, 8e39d2b9-5f55-4968-84c5-bb891011fe79|rpc:10.1.0.13:38289|dataStream:|priority:0], old=null
2021-08-12 04:56:19,413 [1c547540-2a18-4c6b-b829-eadf34e8c743@group-14B6E25724D0-FollowerState] INFO  impl.FollowerState (FollowerState.java:run(143)) - 1c547540-2a18-4c6b-b829-eadf34e8c743@group-14B6E25724D0-FollowerState was interrupted: {}
java.lang.InterruptedException: sleep interrupted
	at java.lang.Thread.sleep(Native Method)
	at java.lang.Thread.sleep(Thread.java:340)
	at java.util.concurrent.TimeUnit.sleep(TimeUnit.java:386)
	at org.apache.ratis.util.TimeDuration.sleep(TimeDuration.java:324)
	at org.apache.ratis.util.TimeDuration.sleep(TimeDuration.java:309)
	at org.apache.ratis.server.impl.FollowerState.run(FollowerState.java:118)
2021-08-12 04:56:19,435 [8e39d2b9-5f55-4968-84c5-bb891011fe79@group-14B6E25724D0-LeaderElection32] INFO  impl.LeaderElection (LeaderElection.java:logAndReturn(89)) - 8e39d2b9-5f55-4968-84c5-bb891011fe79@group-14B6E25724D0-LeaderElection32: ELECTION REJECTED received 2 response(s) and 0 exception(s):
2021-08-12 04:56:19,442 [8e39d2b9-5f55-4968-84c5-bb891011fe79@group-14B6E25724D0-LeaderElection32] INFO  impl.LeaderElection (LeaderElection.java:logAndReturn(93)) -   Response 0: 8e39d2b9-5f55-4968-84c5-bb891011fe79<-9a0e8214-5584-40e1-a769-3f536150c8aa#0:FAIL-t1
2021-08-12 04:56:19,442 [8e39d2b9-5f55-4968-84c5-bb891011fe79@group-14B6E25724D0-LeaderElection32] INFO  impl.LeaderElection (LeaderElection.java:logAndReturn(93)) -   Response 1: 8e39d2b9-5f55-4968-84c5-bb891011fe79<-1c547540-2a18-4c6b-b829-eadf34e8c743#0:FAIL-t1
2021-08-12 04:56:19,442 [8e39d2b9-5f55-4968-84c5-bb891011fe79@group-14B6E25724D0-LeaderElection32] INFO  impl.LeaderElection (LeaderElection.java:askForVotes(308)) - 8e39d2b9-5f55-4968-84c5-bb891011fe79@group-14B6E25724D0-LeaderElection32 ELECTION round 0: result REJECTED
2021-08-12 04:56:19,442 [8e39d2b9-5f55-4968-84c5-bb891011fe79@group-14B6E25724D0-LeaderElection32] INFO  server.RaftServer$Division (RaftServerImpl.java:setRole(285)) - 8e39d2b9-5f55-4968-84c5-bb891011fe79@group-14B6E25724D0: changes role from CANDIDATE to FOLLOWER at term 1 for REJECTED
2021-08-12 04:56:19,442 [8e39d2b9-5f55-4968-84c5-bb891011fe79@group-14B6E25724D0-LeaderElection32] INFO  impl.RoleInfo (RoleInfo.java:shutdownLeaderElection(121)) - 8e39d2b9-5f55-4968-84c5-bb891011fe79: shutdown 8e39d2b9-5f55-4968-84c5-bb891011fe79@group-14B6E25724D0-LeaderElection32
2021-08-12 04:56:19,442 [8e39d2b9-5f55-4968-84c5-bb891011fe79@group-14B6E25724D0-LeaderElection32] INFO  impl.RoleInfo (RoleInfo.java:updateAndGet(130)) - 8e39d2b9-5f55-4968-84c5-bb891011fe79: start 8e39d2b9-5f55-4968-84c5-bb891011fe79@group-14B6E25724D0-FollowerState
2021-08-12 04:56:19,536 [Listener at 127.0.0.1/33743] INFO  ozone.MiniOzoneClusterImpl (MiniOzoneClusterImpl.java:lambda$waitForClusterToBeReady$0(235)) - Nodes are ready. Got 3 of 3 DN Heartbeats.
2021-08-12 04:56:19,536 [Listener at 127.0.0.1/33743] INFO  ozone.MiniOzoneClusterImpl (MiniOzoneClusterImpl.java:lambda$waitForClusterToBeReady$0(238)) - Waiting for cluster to exit safe mode
2021-08-12 04:56:19,536 [Listener at 127.0.0.1/33743] INFO  ozone.MiniOzoneClusterImpl (MiniOzoneClusterImpl.java:lambda$waitForClusterToBeReady$0(240)) - SCM became leader
2021-08-12 04:56:19,793 [1c547540-2a18-4c6b-b829-eadf34e8c743@group-797F510732DE-FollowerState] INFO  impl.FollowerState (FollowerState.java:run(134)) - 1c547540-2a18-4c6b-b829-eadf34e8c743@group-797F510732DE-FollowerState: change to CANDIDATE, lastRpcElapsedTime:5189879227ns, electionTimeout:5189ms
2021-08-12 04:56:19,793 [1c547540-2a18-4c6b-b829-eadf34e8c743@group-797F510732DE-FollowerState] INFO  impl.RoleInfo (RoleInfo.java:shutdownFollowerState(108)) - 1c547540-2a18-4c6b-b829-eadf34e8c743: shutdown 1c547540-2a18-4c6b-b829-eadf34e8c743@group-797F510732DE-FollowerState
2021-08-12 04:56:19,793 [1c547540-2a18-4c6b-b829-eadf34e8c743@group-797F510732DE-FollowerState] INFO  server.RaftServer$Division (RaftServerImpl.java:setRole(285)) - 1c547540-2a18-4c6b-b829-eadf34e8c743@group-797F510732DE: changes role from  FOLLOWER to CANDIDATE at term 0 for changeToCandidate
2021-08-12 04:56:19,793 [1c547540-2a18-4c6b-b829-eadf34e8c743@group-797F510732DE-FollowerState] INFO  server.RaftServerConfigKeys (ConfUtils.java:logGet(44)) - raft.server.leaderelection.pre-vote = false (custom)
2021-08-12 04:56:19,793 [1c547540-2a18-4c6b-b829-eadf34e8c743@group-797F510732DE-FollowerState] INFO  impl.RoleInfo (RoleInfo.java:updateAndGet(130)) - 1c547540-2a18-4c6b-b829-eadf34e8c743: start 1c547540-2a18-4c6b-b829-eadf34e8c743@group-797F510732DE-LeaderElection33
2021-08-12 04:56:19,816 [1c547540-2a18-4c6b-b829-eadf34e8c743@group-797F510732DE-LeaderElection33] INFO  impl.LeaderElection (LeaderElection.java:askForVotes(306)) - 1c547540-2a18-4c6b-b829-eadf34e8c743@group-797F510732DE-LeaderElection33 ELECTION round 0: submit vote requests at term 1 for -1: [1c547540-2a18-4c6b-b829-eadf34e8c743|rpc:10.1.0.13:37015|priority:1], old=null
2021-08-12 04:56:19,816 [1c547540-2a18-4c6b-b829-eadf34e8c743@group-797F510732DE-LeaderElection33] INFO  impl.LeaderElection (LeaderElection.java:askForVotes(308)) - 1c547540-2a18-4c6b-b829-eadf34e8c743@group-797F510732DE-LeaderElection33 ELECTION round 0: result PASSED (term=1)
2021-08-12 04:56:19,816 [1c547540-2a18-4c6b-b829-eadf34e8c743@group-797F510732DE-LeaderElection33] INFO  impl.RoleInfo (RoleInfo.java:shutdownLeaderElection(121)) - 1c547540-2a18-4c6b-b829-eadf34e8c743: shutdown 1c547540-2a18-4c6b-b829-eadf34e8c743@group-797F510732DE-LeaderElection33
2021-08-12 04:56:19,817 [1c547540-2a18-4c6b-b829-eadf34e8c743@group-797F510732DE-LeaderElection33] INFO  server.RaftServer$Division (RaftServerImpl.java:setRole(285)) - 1c547540-2a18-4c6b-b829-eadf34e8c743@group-797F510732DE: changes role from CANDIDATE to LEADER at term 1 for changeToLeader
2021-08-12 04:56:19,817 [1c547540-2a18-4c6b-b829-eadf34e8c743@group-797F510732DE-LeaderElection33] INFO  ratis.XceiverServerRatis (XceiverServerRatis.java:handleLeaderChangedNotification(861)) - Leader change notification received for group: group-797F510732DE with new leaderId: 1c547540-2a18-4c6b-b829-eadf34e8c743
2021-08-12 04:56:19,817 [1c547540-2a18-4c6b-b829-eadf34e8c743@group-797F510732DE-LeaderElection33] INFO  server.RaftServer$Division (ServerState.java:setLeader(285)) - 1c547540-2a18-4c6b-b829-eadf34e8c743@group-797F510732DE: change Leader from null to 1c547540-2a18-4c6b-b829-eadf34e8c743 at term 1 for becomeLeader, leader elected after 5233ms
2021-08-12 04:56:19,817 [1c547540-2a18-4c6b-b829-eadf34e8c743@group-797F510732DE-LeaderElection33] INFO  server.RaftServerConfigKeys (ConfUtils.java:logGet(44)) - raft.server.staging.catchup.gap = 1000 (default)
2021-08-12 04:56:19,817 [Datanode State Machine Thread - 0] WARN  statemachine.StateContext (StateContext.java:execute(621)) - No available thread in pool for past 1 seconds.
2021-08-12 04:56:19,820 [1c547540-2a18-4c6b-b829-eadf34e8c743@group-797F510732DE-LeaderElection33] INFO  server.RaftServerConfigKeys (ConfUtils.java:logGet(44)) - raft.server.write.element-limit = 1024 (custom)
2021-08-12 04:56:19,820 [1c547540-2a18-4c6b-b829-eadf34e8c743@group-797F510732DE-LeaderElection33] INFO  server.RaftServerConfigKeys (ConfUtils.java:logGet(44)) - raft.server.write.byte-limit = 1024 M (=1073741824) (custom)
2021-08-12 04:56:19,820 [1c547540-2a18-4c6b-b829-eadf34e8c743@group-797F510732DE-LeaderElection33] INFO  server.RaftServerConfigKeys (ConfUtils.java:logGet(44)) - raft.server.watch.timeout = 180s (custom)
2021-08-12 04:56:19,820 [1c547540-2a18-4c6b-b829-eadf34e8c743@group-797F510732DE-LeaderElection33] INFO  server.RaftServerConfigKeys (ConfUtils.java:logGet(44)) - raft.server.watch.timeout.denomination = 1s (default)
2021-08-12 04:56:19,820 [1c547540-2a18-4c6b-b829-eadf34e8c743@group-797F510732DE-LeaderElection33] INFO  server.RaftServerConfigKeys (ConfUtils.java:logGet(44)) - raft.server.watch.element-limit = 65536 (default)
2021-08-12 04:56:19,821 [EventQueue-OpenPipelineForHealthyPipelineSafeModeRule] INFO  safemode.SCMSafeModeManager (HealthyPipelineSafeModeRule.java:process(124)) - SCM in safe mode. Healthy pipelines reported count is 0, required healthy pipeline reported count is 1
2021-08-12 04:56:19,832 [1c547540-2a18-4c6b-b829-eadf34e8c743@group-797F510732DE-LeaderElection33] INFO  impl.RoleInfo (RoleInfo.java:updateAndGet(130)) - 1c547540-2a18-4c6b-b829-eadf34e8c743: start 1c547540-2a18-4c6b-b829-eadf34e8c743@group-797F510732DE-LeaderStateImpl
2021-08-12 04:56:19,833 [1c547540-2a18-4c6b-b829-eadf34e8c743@group-797F510732DE-LeaderElection33] INFO  segmented.SegmentedRaftLogWorker (SegmentedRaftLogWorker.java:startLogSegment(394)) - 1c547540-2a18-4c6b-b829-eadf34e8c743@group-797F510732DE-SegmentedRaftLogWorker: Starting segment from index:0
2021-08-12 04:56:19,834 [1c547540-2a18-4c6b-b829-eadf34e8c743@group-797F510732DE-SegmentedRaftLogWorker] INFO  segmented.SegmentedRaftLogWorker (SegmentedRaftLogWorker.java:execute(601)) - 1c547540-2a18-4c6b-b829-eadf34e8c743@group-797F510732DE-SegmentedRaftLogWorker: created new log segment /home/runner/work/ozone/ozone/hadoop-ozone/integration-test/target/test-dir/MiniOzoneClusterImpl-b581443b-e568-4d1b-b747-432576f6d125/datanode-2/data/ratis/de2e2b03-e8a7-41e6-ba22-797f510732de/current/log_inprogress_0
2021-08-12 04:56:19,861 [1c547540-2a18-4c6b-b829-eadf34e8c743@group-797F510732DE-LeaderElection33] INFO  server.RaftServer$Division (ServerState.java:setRaftConf(387)) - 1c547540-2a18-4c6b-b829-eadf34e8c743@group-797F510732DE: set configuration 0: [1c547540-2a18-4c6b-b829-eadf34e8c743|rpc:10.1.0.13:37015|dataStream:|priority:1], old=null
2021-08-12 04:56:20,537 [Listener at 127.0.0.1/33743] INFO  ozone.MiniOzoneClusterImpl (MiniOzoneClusterImpl.java:lambda$waitForClusterToBeReady$0(235)) - Nodes are ready. Got 3 of 3 DN Heartbeats.
2021-08-12 04:56:20,537 [Listener at 127.0.0.1/33743] INFO  ozone.MiniOzoneClusterImpl (MiniOzoneClusterImpl.java:lambda$waitForClusterToBeReady$0(238)) - Waiting for cluster to exit safe mode
2021-08-12 04:56:20,537 [Listener at 127.0.0.1/33743] INFO  ozone.MiniOzoneClusterImpl (MiniOzoneClusterImpl.java:lambda$waitForClusterToBeReady$0(240)) - SCM became leader
2021-08-12 04:56:21,537 [Listener at 127.0.0.1/33743] INFO  ozone.MiniOzoneClusterImpl (MiniOzoneClusterImpl.java:lambda$waitForClusterToBeReady$0(235)) - Nodes are ready. Got 3 of 3 DN Heartbeats.
2021-08-12 04:56:21,537 [Listener at 127.0.0.1/33743] INFO  ozone.MiniOzoneClusterImpl (MiniOzoneClusterImpl.java:lambda$waitForClusterToBeReady$0(238)) - Waiting for cluster to exit safe mode
2021-08-12 04:56:21,537 [Listener at 127.0.0.1/33743] INFO  ozone.MiniOzoneClusterImpl (MiniOzoneClusterImpl.java:lambda$waitForClusterToBeReady$0(240)) - SCM became leader
2021-08-12 04:56:22,538 [Listener at 127.0.0.1/33743] INFO  ozone.MiniOzoneClusterImpl (MiniOzoneClusterImpl.java:lambda$waitForClusterToBeReady$0(235)) - Nodes are ready. Got 3 of 3 DN Heartbeats.
2021-08-12 04:56:22,538 [Listener at 127.0.0.1/33743] INFO  ozone.MiniOzoneClusterImpl (MiniOzoneClusterImpl.java:lambda$waitForClusterToBeReady$0(238)) - Waiting for cluster to exit safe mode
2021-08-12 04:56:22,538 [Listener at 127.0.0.1/33743] INFO  ozone.MiniOzoneClusterImpl (MiniOzoneClusterImpl.java:lambda$waitForClusterToBeReady$0(240)) - SCM became leader
2021-08-12 04:56:23,538 [Listener at 127.0.0.1/33743] INFO  ozone.MiniOzoneClusterImpl (MiniOzoneClusterImpl.java:lambda$waitForClusterToBeReady$0(235)) - Nodes are ready. Got 3 of 3 DN Heartbeats.
2021-08-12 04:56:23,538 [Listener at 127.0.0.1/33743] INFO  ozone.MiniOzoneClusterImpl (MiniOzoneClusterImpl.java:lambda$waitForClusterToBeReady$0(238)) - Waiting for cluster to exit safe mode
2021-08-12 04:56:23,538 [Listener at 127.0.0.1/33743] INFO  ozone.MiniOzoneClusterImpl (MiniOzoneClusterImpl.java:lambda$waitForClusterToBeReady$0(240)) - SCM became leader
2021-08-12 04:56:23,895 [9a0e8214-5584-40e1-a769-3f536150c8aa@group-FE0E7720EF0E-FollowerState] INFO  impl.FollowerState (FollowerState.java:run(134)) - 9a0e8214-5584-40e1-a769-3f536150c8aa@group-FE0E7720EF0E-FollowerState: change to CANDIDATE, lastRpcElapsedTime:5019485395ns, electionTimeout:5006ms
2021-08-12 04:56:23,895 [9a0e8214-5584-40e1-a769-3f536150c8aa@group-FE0E7720EF0E-FollowerState] INFO  impl.RoleInfo (RoleInfo.java:shutdownFollowerState(108)) - 9a0e8214-5584-40e1-a769-3f536150c8aa: shutdown 9a0e8214-5584-40e1-a769-3f536150c8aa@group-FE0E7720EF0E-FollowerState
2021-08-12 04:56:23,895 [9a0e8214-5584-40e1-a769-3f536150c8aa@group-FE0E7720EF0E-FollowerState] INFO  server.RaftServer$Division (RaftServerImpl.java:setRole(285)) - 9a0e8214-5584-40e1-a769-3f536150c8aa@group-FE0E7720EF0E: changes role from  FOLLOWER to CANDIDATE at term 1 for changeToCandidate
2021-08-12 04:56:23,895 [9a0e8214-5584-40e1-a769-3f536150c8aa@group-FE0E7720EF0E-FollowerState] INFO  server.RaftServerConfigKeys (ConfUtils.java:logGet(44)) - raft.server.leaderelection.pre-vote = false (custom)
2021-08-12 04:56:23,895 [9a0e8214-5584-40e1-a769-3f536150c8aa@group-FE0E7720EF0E-FollowerState] INFO  impl.RoleInfo (RoleInfo.java:updateAndGet(130)) - 9a0e8214-5584-40e1-a769-3f536150c8aa: start 9a0e8214-5584-40e1-a769-3f536150c8aa@group-FE0E7720EF0E-LeaderElection34
2021-08-12 04:56:23,907 [9a0e8214-5584-40e1-a769-3f536150c8aa@group-FE0E7720EF0E-LeaderElection34] INFO  impl.LeaderElection (LeaderElection.java:askForVotes(306)) - 9a0e8214-5584-40e1-a769-3f536150c8aa@group-FE0E7720EF0E-LeaderElection34 ELECTION round 0: submit vote requests at term 2 for -1: [9a0e8214-5584-40e1-a769-3f536150c8aa|rpc:10.1.0.13:46203|priority:0, 1c547540-2a18-4c6b-b829-eadf34e8c743|rpc:10.1.0.13:37015|priority:0, 8e39d2b9-5f55-4968-84c5-bb891011fe79|rpc:10.1.0.13:38289|priority:1], old=null
2021-08-12 04:56:23,911 [grpc-default-executor-2] INFO  server.RaftServer$Division (RaftServerImpl.java:requestVote(1043)) - 1c547540-2a18-4c6b-b829-eadf34e8c743@group-FE0E7720EF0E: receive requestVote(ELECTION, 9a0e8214-5584-40e1-a769-3f536150c8aa, group-FE0E7720EF0E, 2, (t:0, i:0))
2021-08-12 04:56:23,912 [grpc-default-executor-2] INFO  impl.VoteContext (VoteContext.java:log(48)) - 1c547540-2a18-4c6b-b829-eadf34e8c743@group-FE0E7720EF0E-FOLLOWER: accept ELECTION from 9a0e8214-5584-40e1-a769-3f536150c8aa: our priority 0 <= candidate's priority 0
2021-08-12 04:56:23,912 [grpc-default-executor-2] INFO  server.RaftServer$Division (RaftServerImpl.java:setRole(285)) - 1c547540-2a18-4c6b-b829-eadf34e8c743@group-FE0E7720EF0E: changes role from  FOLLOWER to FOLLOWER at term 2 for candidate:9a0e8214-5584-40e1-a769-3f536150c8aa
2021-08-12 04:56:23,912 [grpc-default-executor-2] INFO  impl.RoleInfo (RoleInfo.java:shutdownFollowerState(108)) - 1c547540-2a18-4c6b-b829-eadf34e8c743: shutdown 1c547540-2a18-4c6b-b829-eadf34e8c743@group-FE0E7720EF0E-FollowerState
2021-08-12 04:56:23,912 [grpc-default-executor-2] INFO  impl.RoleInfo (RoleInfo.java:updateAndGet(130)) - 1c547540-2a18-4c6b-b829-eadf34e8c743: start 1c547540-2a18-4c6b-b829-eadf34e8c743@group-FE0E7720EF0E-FollowerState
2021-08-12 04:56:23,912 [1c547540-2a18-4c6b-b829-eadf34e8c743@group-FE0E7720EF0E-FollowerState] INFO  impl.FollowerState (FollowerState.java:run(143)) - 1c547540-2a18-4c6b-b829-eadf34e8c743@group-FE0E7720EF0E-FollowerState was interrupted: {}
java.lang.InterruptedException: sleep interrupted
	at java.lang.Thread.sleep(Native Method)
	at java.lang.Thread.sleep(Thread.java:340)
	at java.util.concurrent.TimeUnit.sleep(TimeUnit.java:386)
	at org.apache.ratis.util.TimeDuration.sleep(TimeDuration.java:324)
	at org.apache.ratis.util.TimeDuration.sleep(TimeDuration.java:309)
	at org.apache.ratis.server.impl.FollowerState.run(FollowerState.java:118)
2021-08-12 04:56:23,924 [grpc-default-executor-2] INFO  server.RaftServer$Division (RaftServerImpl.java:requestVote(1075)) - 1c547540-2a18-4c6b-b829-eadf34e8c743@group-FE0E7720EF0E replies to ELECTION vote request: 9a0e8214-5584-40e1-a769-3f536150c8aa<-1c547540-2a18-4c6b-b829-eadf34e8c743#0:OK-t2. Peer's state: 1c547540-2a18-4c6b-b829-eadf34e8c743@group-FE0E7720EF0E:t2, leader=null, voted=9a0e8214-5584-40e1-a769-3f536150c8aa, raftlog=1c547540-2a18-4c6b-b829-eadf34e8c743@group-FE0E7720EF0E-SegmentedRaftLog:OPENED:c-1,f-1,i0, conf=-1: [9a0e8214-5584-40e1-a769-3f536150c8aa|rpc:10.1.0.13:46203|dataStream:|priority:0, 1c547540-2a18-4c6b-b829-eadf34e8c743|rpc:10.1.0.13:37015|dataStream:|priority:0, 8e39d2b9-5f55-4968-84c5-bb891011fe79|rpc:10.1.0.13:38289|dataStream:|priority:1], old=null
2021-08-12 04:56:23,939 [grpc-default-executor-2] INFO  server.RaftServer$Division (RaftServerImpl.java:requestVote(1043)) - 8e39d2b9-5f55-4968-84c5-bb891011fe79@group-FE0E7720EF0E: receive requestVote(ELECTION, 9a0e8214-5584-40e1-a769-3f536150c8aa, group-FE0E7720EF0E, 2, (t:0, i:0))
2021-08-12 04:56:23,940 [grpc-default-executor-2] INFO  impl.VoteContext (VoteContext.java:log(48)) - 8e39d2b9-5f55-4968-84c5-bb891011fe79@group-FE0E7720EF0E-FOLLOWER: reject ELECTION from 9a0e8214-5584-40e1-a769-3f536150c8aa: our priority 1 > candidate's priority 0
2021-08-12 04:56:23,941 [grpc-default-executor-2] INFO  server.RaftServer$Division (RaftServerImpl.java:setRole(285)) - 8e39d2b9-5f55-4968-84c5-bb891011fe79@group-FE0E7720EF0E: changes role from  FOLLOWER to FOLLOWER at term 2 for candidate:9a0e8214-5584-40e1-a769-3f536150c8aa
2021-08-12 04:56:23,941 [grpc-default-executor-2] INFO  impl.RoleInfo (RoleInfo.java:shutdownFollowerState(108)) - 8e39d2b9-5f55-4968-84c5-bb891011fe79: shutdown 8e39d2b9-5f55-4968-84c5-bb891011fe79@group-FE0E7720EF0E-FollowerState
2021-08-12 04:56:23,941 [grpc-default-executor-2] INFO  impl.RoleInfo (RoleInfo.java:updateAndGet(130)) - 8e39d2b9-5f55-4968-84c5-bb891011fe79: start 8e39d2b9-5f55-4968-84c5-bb891011fe79@group-FE0E7720EF0E-FollowerState
2021-08-12 04:56:23,941 [8e39d2b9-5f55-4968-84c5-bb891011fe79@group-FE0E7720EF0E-FollowerState] INFO  impl.FollowerState (FollowerState.java:run(143)) - 8e39d2b9-5f55-4968-84c5-bb891011fe79@group-FE0E7720EF0E-FollowerState was interrupted: {}
java.lang.InterruptedException: sleep interrupted
	at java.lang.Thread.sleep(Native Method)
	at java.lang.Thread.sleep(Thread.java:340)
	at java.util.concurrent.TimeUnit.sleep(TimeUnit.java:386)
	at org.apache.ratis.util.TimeDuration.sleep(TimeDuration.java:324)
	at org.apache.ratis.util.TimeDuration.sleep(TimeDuration.java:309)
	at org.apache.ratis.server.impl.FollowerState.run(FollowerState.java:118)
2021-08-12 04:56:23,950 [grpc-default-executor-2] INFO  server.RaftServer$Division (RaftServerImpl.java:requestVote(1075)) - 8e39d2b9-5f55-4968-84c5-bb891011fe79@group-FE0E7720EF0E replies to ELECTION vote request: 9a0e8214-5584-40e1-a769-3f536150c8aa<-8e39d2b9-5f55-4968-84c5-bb891011fe79#0:FAIL-t2. Peer's state: 8e39d2b9-5f55-4968-84c5-bb891011fe79@group-FE0E7720EF0E:t2, leader=null, voted=null, raftlog=8e39d2b9-5f55-4968-84c5-bb891011fe79@group-FE0E7720EF0E-SegmentedRaftLog:OPENED:c-1,f-1,i0, conf=-1: [9a0e8214-5584-40e1-a769-3f536150c8aa|rpc:10.1.0.13:46203|dataStream:|priority:0, 1c547540-2a18-4c6b-b829-eadf34e8c743|rpc:10.1.0.13:37015|dataStream:|priority:0, 8e39d2b9-5f55-4968-84c5-bb891011fe79|rpc:10.1.0.13:38289|dataStream:|priority:1], old=null
2021-08-12 04:56:23,951 [9a0e8214-5584-40e1-a769-3f536150c8aa@group-FE0E7720EF0E-LeaderElection34] INFO  impl.LeaderElection (LeaderElection.java:logAndReturn(89)) - 9a0e8214-5584-40e1-a769-3f536150c8aa@group-FE0E7720EF0E-LeaderElection34: ELECTION REJECTED received 2 response(s) and 0 exception(s):
2021-08-12 04:56:23,952 [9a0e8214-5584-40e1-a769-3f536150c8aa@group-FE0E7720EF0E-LeaderElection34] INFO  impl.LeaderElection (LeaderElection.java:logAndReturn(93)) -   Response 0: 9a0e8214-5584-40e1-a769-3f536150c8aa<-1c547540-2a18-4c6b-b829-eadf34e8c743#0:OK-t2
2021-08-12 04:56:23,952 [9a0e8214-5584-40e1-a769-3f536150c8aa@group-FE0E7720EF0E-LeaderElection34] INFO  impl.LeaderElection (LeaderElection.java:logAndReturn(93)) -   Response 1: 9a0e8214-5584-40e1-a769-3f536150c8aa<-8e39d2b9-5f55-4968-84c5-bb891011fe79#0:FAIL-t2
2021-08-12 04:56:23,952 [9a0e8214-5584-40e1-a769-3f536150c8aa@group-FE0E7720EF0E-LeaderElection34] INFO  impl.LeaderElection (LeaderElection.java:askForVotes(308)) - 9a0e8214-5584-40e1-a769-3f536150c8aa@group-FE0E7720EF0E-LeaderElection34 ELECTION round 0: result REJECTED
2021-08-12 04:56:23,952 [9a0e8214-5584-40e1-a769-3f536150c8aa@group-FE0E7720EF0E-LeaderElection34] INFO  server.RaftServer$Division (RaftServerImpl.java:setRole(285)) - 9a0e8214-5584-40e1-a769-3f536150c8aa@group-FE0E7720EF0E: changes role from CANDIDATE to FOLLOWER at term 2 for REJECTED
2021-08-12 04:56:23,952 [9a0e8214-5584-40e1-a769-3f536150c8aa@group-FE0E7720EF0E-LeaderElection34] INFO  impl.RoleInfo (RoleInfo.java:shutdownLeaderElection(121)) - 9a0e8214-5584-40e1-a769-3f536150c8aa: shutdown 9a0e8214-5584-40e1-a769-3f536150c8aa@group-FE0E7720EF0E-LeaderElection34
2021-08-12 04:56:23,952 [9a0e8214-5584-40e1-a769-3f536150c8aa@group-FE0E7720EF0E-LeaderElection34] INFO  impl.RoleInfo (RoleInfo.java:updateAndGet(130)) - 9a0e8214-5584-40e1-a769-3f536150c8aa: start 9a0e8214-5584-40e1-a769-3f536150c8aa@group-FE0E7720EF0E-FollowerState
2021-08-12 04:56:24,452 [1c547540-2a18-4c6b-b829-eadf34e8c743@group-14B6E25724D0-FollowerState] INFO  impl.FollowerState (FollowerState.java:run(134)) - 1c547540-2a18-4c6b-b829-eadf34e8c743@group-14B6E25724D0-FollowerState: change to CANDIDATE, lastRpcElapsedTime:5042282248ns, electionTimeout:5023ms
2021-08-12 04:56:24,453 [1c547540-2a18-4c6b-b829-eadf34e8c743@group-14B6E25724D0-FollowerState] INFO  impl.RoleInfo (RoleInfo.java:shutdownFollowerState(108)) - 1c547540-2a18-4c6b-b829-eadf34e8c743: shutdown 1c547540-2a18-4c6b-b829-eadf34e8c743@group-14B6E25724D0-FollowerState
2021-08-12 04:56:24,453 [1c547540-2a18-4c6b-b829-eadf34e8c743@group-14B6E25724D0-FollowerState] INFO  server.RaftServer$Division (RaftServerImpl.java:setRole(285)) - 1c547540-2a18-4c6b-b829-eadf34e8c743@group-14B6E25724D0: changes role from  FOLLOWER to CANDIDATE at term 1 for changeToCandidate
2021-08-12 04:56:24,453 [1c547540-2a18-4c6b-b829-eadf34e8c743@group-14B6E25724D0-FollowerState] INFO  server.RaftServerConfigKeys (ConfUtils.java:logGet(44)) - raft.server.leaderelection.pre-vote = false (custom)
2021-08-12 04:56:24,453 [1c547540-2a18-4c6b-b829-eadf34e8c743@group-14B6E25724D0-FollowerState] INFO  impl.RoleInfo (RoleInfo.java:updateAndGet(130)) - 1c547540-2a18-4c6b-b829-eadf34e8c743: start 1c547540-2a18-4c6b-b829-eadf34e8c743@group-14B6E25724D0-LeaderElection35
2021-08-12 04:56:24,474 [1c547540-2a18-4c6b-b829-eadf34e8c743@group-14B6E25724D0-LeaderElection35] INFO  impl.LeaderElection (LeaderElection.java:askForVotes(306)) - 1c547540-2a18-4c6b-b829-eadf34e8c743@group-14B6E25724D0-LeaderElection35 ELECTION round 0: submit vote requests at term 2 for -1: [9a0e8214-5584-40e1-a769-3f536150c8aa|rpc:10.1.0.13:46203|dataStream:|priority:0, 1c547540-2a18-4c6b-b829-eadf34e8c743|rpc:10.1.0.13:37015|dataStream:|priority:1, 8e39d2b9-5f55-4968-84c5-bb891011fe79|rpc:10.1.0.13:38289|dataStream:|priority:0], old=null
2021-08-12 04:56:24,495 [grpc-default-executor-2] INFO  server.RaftServer$Division (RaftServerImpl.java:requestVote(1043)) - 9a0e8214-5584-40e1-a769-3f536150c8aa@group-14B6E25724D0: receive requestVote(ELECTION, 1c547540-2a18-4c6b-b829-eadf34e8c743, group-14B6E25724D0, 2, (t:0, i:0))
2021-08-12 04:56:24,496 [grpc-default-executor-2] INFO  impl.VoteContext (VoteContext.java:log(48)) - 9a0e8214-5584-40e1-a769-3f536150c8aa@group-14B6E25724D0-FOLLOWER: accept ELECTION from 1c547540-2a18-4c6b-b829-eadf34e8c743: our priority 0 <= candidate's priority 1
2021-08-12 04:56:24,496 [grpc-default-executor-2] INFO  server.RaftServer$Division (RaftServerImpl.java:setRole(285)) - 9a0e8214-5584-40e1-a769-3f536150c8aa@group-14B6E25724D0: changes role from  FOLLOWER to FOLLOWER at term 2 for candidate:1c547540-2a18-4c6b-b829-eadf34e8c743
2021-08-12 04:56:24,496 [grpc-default-executor-2] INFO  impl.RoleInfo (RoleInfo.java:shutdownFollowerState(108)) - 9a0e8214-5584-40e1-a769-3f536150c8aa: shutdown 9a0e8214-5584-40e1-a769-3f536150c8aa@group-14B6E25724D0-FollowerState
2021-08-12 04:56:24,496 [grpc-default-executor-2] INFO  impl.RoleInfo (RoleInfo.java:updateAndGet(130)) - 9a0e8214-5584-40e1-a769-3f536150c8aa: start 9a0e8214-5584-40e1-a769-3f536150c8aa@group-14B6E25724D0-FollowerState
2021-08-12 04:56:24,496 [9a0e8214-5584-40e1-a769-3f536150c8aa@group-14B6E25724D0-FollowerState] INFO  impl.FollowerState (FollowerState.java:run(143)) - 9a0e8214-5584-40e1-a769-3f536150c8aa@group-14B6E25724D0-FollowerState was interrupted: {}
java.lang.InterruptedException: sleep interrupted
	at java.lang.Thread.sleep(Native Method)
	at java.lang.Thread.sleep(Thread.java:340)
	at java.util.concurrent.TimeUnit.sleep(TimeUnit.java:386)
	at org.apache.ratis.util.TimeDuration.sleep(TimeDuration.java:324)
	at org.apache.ratis.util.TimeDuration.sleep(TimeDuration.java:309)
	at org.apache.ratis.server.impl.FollowerState.run(FollowerState.java:118)
2021-08-12 04:56:24,498 [grpc-default-executor-2] INFO  server.RaftServer$Division (RaftServerImpl.java:requestVote(1075)) - 9a0e8214-5584-40e1-a769-3f536150c8aa@group-14B6E25724D0 replies to ELECTION vote request: 1c547540-2a18-4c6b-b829-eadf34e8c743<-9a0e8214-5584-40e1-a769-3f536150c8aa#0:OK-t2. Peer's state: 9a0e8214-5584-40e1-a769-3f536150c8aa@group-14B6E25724D0:t2, leader=null, voted=1c547540-2a18-4c6b-b829-eadf34e8c743, raftlog=9a0e8214-5584-40e1-a769-3f536150c8aa@group-14B6E25724D0-SegmentedRaftLog:OPENED:c-1,f-1,i0, conf=-1: [9a0e8214-5584-40e1-a769-3f536150c8aa|rpc:10.1.0.13:46203|priority:0, 1c547540-2a18-4c6b-b829-eadf34e8c743|rpc:10.1.0.13:37015|priority:1, 8e39d2b9-5f55-4968-84c5-bb891011fe79|rpc:10.1.0.13:38289|priority:0], old=null
2021-08-12 04:56:24,499 [1c547540-2a18-4c6b-b829-eadf34e8c743@group-14B6E25724D0-LeaderElection35] INFO  impl.LeaderElection (LeaderElection.java:logAndReturn(89)) - 1c547540-2a18-4c6b-b829-eadf34e8c743@group-14B6E25724D0-LeaderElection35: ELECTION PASSED received 1 response(s) and 0 exception(s):
2021-08-12 04:56:24,499 [1c547540-2a18-4c6b-b829-eadf34e8c743@group-14B6E25724D0-LeaderElection35] INFO  impl.LeaderElection (LeaderElection.java:logAndReturn(93)) -   Response 0: 1c547540-2a18-4c6b-b829-eadf34e8c743<-9a0e8214-5584-40e1-a769-3f536150c8aa#0:OK-t2
2021-08-12 04:56:24,499 [1c547540-2a18-4c6b-b829-eadf34e8c743@group-14B6E25724D0-LeaderElection35] INFO  impl.LeaderElection (LeaderElection.java:askForVotes(308)) - 1c547540-2a18-4c6b-b829-eadf34e8c743@group-14B6E25724D0-LeaderElection35 ELECTION round 0: result PASSED
2021-08-12 04:56:24,504 [1c547540-2a18-4c6b-b829-eadf34e8c743@group-14B6E25724D0-LeaderElection35] INFO  impl.RoleInfo (RoleInfo.java:shutdownLeaderElection(121)) - 1c547540-2a18-4c6b-b829-eadf34e8c743: shutdown 1c547540-2a18-4c6b-b829-eadf34e8c743@group-14B6E25724D0-LeaderElection35
2021-08-12 04:56:24,504 [1c547540-2a18-4c6b-b829-eadf34e8c743@group-14B6E25724D0-LeaderElection35] INFO  server.RaftServer$Division (RaftServerImpl.java:setRole(285)) - 1c547540-2a18-4c6b-b829-eadf34e8c743@group-14B6E25724D0: changes role from CANDIDATE to LEADER at term 2 for changeToLeader
2021-08-12 04:56:24,504 [1c547540-2a18-4c6b-b829-eadf34e8c743@group-14B6E25724D0-LeaderElection35] INFO  ratis.XceiverServerRatis (XceiverServerRatis.java:handleLeaderChangedNotification(861)) - Leader change notification received for group: group-14B6E25724D0 with new leaderId: 1c547540-2a18-4c6b-b829-eadf34e8c743
2021-08-12 04:56:24,505 [1c547540-2a18-4c6b-b829-eadf34e8c743@group-14B6E25724D0-LeaderElection35] INFO  server.RaftServer$Division (ServerState.java:setLeader(285)) - 1c547540-2a18-4c6b-b829-eadf34e8c743@group-14B6E25724D0: change Leader from null to 1c547540-2a18-4c6b-b829-eadf34e8c743 at term 2 for becomeLeader, leader elected after 10387ms
2021-08-12 04:56:24,505 [1c547540-2a18-4c6b-b829-eadf34e8c743@group-14B6E25724D0-LeaderElection35] INFO  server.RaftServerConfigKeys (ConfUtils.java:logGet(44)) - raft.server.staging.catchup.gap = 1000 (default)
2021-08-12 04:56:24,505 [1c547540-2a18-4c6b-b829-eadf34e8c743@group-14B6E25724D0-LeaderElection35] INFO  server.RaftServerConfigKeys (ConfUtils.java:logGet(44)) - raft.server.write.element-limit = 1024 (custom)
2021-08-12 04:56:24,505 [1c547540-2a18-4c6b-b829-eadf34e8c743@group-14B6E25724D0-LeaderElection35] INFO  server.RaftServerConfigKeys (ConfUtils.java:logGet(44)) - raft.server.write.byte-limit = 1024 M (=1073741824) (custom)
2021-08-12 04:56:24,505 [1c547540-2a18-4c6b-b829-eadf34e8c743@group-14B6E25724D0-LeaderElection35] INFO  server.RaftServerConfigKeys (ConfUtils.java:logGet(44)) - raft.server.watch.timeout = 180s (custom)
2021-08-12 04:56:24,505 [1c547540-2a18-4c6b-b829-eadf34e8c743@group-14B6E25724D0-LeaderElection35] INFO  server.RaftServerConfigKeys (ConfUtils.java:logGet(44)) - raft.server.watch.timeout.denomination = 1s (default)
2021-08-12 04:56:24,505 [1c547540-2a18-4c6b-b829-eadf34e8c743@group-14B6E25724D0-LeaderElection35] INFO  server.RaftServerConfigKeys (ConfUtils.java:logGet(44)) - raft.server.watch.element-limit = 65536 (default)
2021-08-12 04:56:24,506 [1c547540-2a18-4c6b-b829-eadf34e8c743@group-14B6E25724D0-LeaderElection35] INFO  server.RaftServerConfigKeys (ConfUtils.java:logGet(44)) - raft.server.log.appender.snapshot.chunk.size.max = 16MB (=16777216) (default)
2021-08-12 04:56:24,506 [1c547540-2a18-4c6b-b829-eadf34e8c743@group-14B6E25724D0-LeaderElection35] INFO  server.RaftServerConfigKeys (ConfUtils.java:logGet(44)) - raft.server.log.appender.buffer.byte-limit = 33554432 (custom)
2021-08-12 04:56:24,506 [1c547540-2a18-4c6b-b829-eadf34e8c743@group-14B6E25724D0-LeaderElection35] INFO  server.RaftServerConfigKeys (ConfUtils.java:logGet(44)) - raft.server.log.appender.buffer.element-limit = 1 (custom)
2021-08-12 04:56:24,506 [1c547540-2a18-4c6b-b829-eadf34e8c743@group-14B6E25724D0-LeaderElection35] INFO  grpc.GrpcConfigKeys (ConfUtils.java:logGet(44)) - raft.grpc.server.leader.outstanding.appends.max = 128 (default)
2021-08-12 04:56:24,506 [1c547540-2a18-4c6b-b829-eadf34e8c743@group-14B6E25724D0-LeaderElection35] INFO  server.RaftServerConfigKeys (ConfUtils.java:logGet(44)) - raft.server.rpc.request.timeout = 60s (custom)
2021-08-12 04:56:24,506 [1c547540-2a18-4c6b-b829-eadf34e8c743@group-14B6E25724D0-LeaderElection35] INFO  server.RaftServerConfigKeys (ConfUtils.java:logGet(44)) - raft.server.log.appender.install.snapshot.enabled = false (custom)
2021-08-12 04:56:24,507 [Datanode State Machine Thread - 0] WARN  statemachine.StateContext (StateContext.java:execute(621)) - No available thread in pool for past 1 seconds.
2021-08-12 04:56:24,511 [EventQueue-PipelineReportForPipelineReportHandler] INFO  pipeline.PipelineManagerImpl (PipelineManagerImpl.java:openPipeline(283)) - Pipeline Pipeline[ Id: 26801f47-f8ca-46ae-ab78-14b6e25724d0, Nodes: 1c547540-2a18-4c6b-b829-eadf34e8c743{ip: 10.1.0.13, host: fv-az294-902.eaanfquahm5ulb5tj050gcxych.jx.internal.cloudapp.net, ports: [REPLICATION=38933, RATIS=37015, RATIS_ADMIN=37015, RATIS_SERVER=37015, STANDALONE=38401], networkLocation: /default-rack, certSerialId: null, persistedOpState: IN_SERVICE, persistedOpStateExpiryEpochSec: 0}8e39d2b9-5f55-4968-84c5-bb891011fe79{ip: 10.1.0.13, host: fv-az294-902.eaanfquahm5ulb5tj050gcxych.jx.internal.cloudapp.net, ports: [REPLICATION=45293, RATIS=38289, RATIS_ADMIN=38289, RATIS_SERVER=38289, STANDALONE=39123], networkLocation: /default-rack, certSerialId: null, persistedOpState: IN_SERVICE, persistedOpStateExpiryEpochSec: 0}9a0e8214-5584-40e1-a769-3f536150c8aa{ip: 10.1.0.13, host: fv-az294-902.eaanfquahm5ulb5tj050gcxych.jx.internal.cloudapp.net, ports: [REPLICATION=46189, RATIS=46203, RATIS_ADMIN=46203, RATIS_SERVER=46203, STANDALONE=44017], networkLocation: /default-rack, certSerialId: null, persistedOpState: IN_SERVICE, persistedOpStateExpiryEpochSec: 0}, ReplicationConfig: RATIS/THREE, State:ALLOCATED, leaderId:1c547540-2a18-4c6b-b829-eadf34e8c743, CreationTimestamp2021-08-12T04:56:11.597Z[Etc/UTC]] moved to OPEN state
2021-08-12 04:56:24,511 [EventQueue-OpenPipelineForHealthyPipelineSafeModeRule] INFO  safemode.SCMSafeModeManager (HealthyPipelineSafeModeRule.java:process(124)) - SCM in safe mode. Healthy pipelines reported count is 0, required healthy pipeline reported count is 1
2021-08-12 04:56:24,516 [8e39d2b9-5f55-4968-84c5-bb891011fe79@group-14B6E25724D0-FollowerState] INFO  impl.FollowerState (FollowerState.java:run(134)) - 8e39d2b9-5f55-4968-84c5-bb891011fe79@group-14B6E25724D0-FollowerState: change to CANDIDATE, lastRpcElapsedTime:5073537381ns, electionTimeout:5056ms
2021-08-12 04:56:24,516 [8e39d2b9-5f55-4968-84c5-bb891011fe79@group-14B6E25724D0-FollowerState] INFO  impl.RoleInfo (RoleInfo.java:shutdownFollowerState(108)) - 8e39d2b9-5f55-4968-84c5-bb891011fe79: shutdown 8e39d2b9-5f55-4968-84c5-bb891011fe79@group-14B6E25724D0-FollowerState
2021-08-12 04:56:24,516 [8e39d2b9-5f55-4968-84c5-bb891011fe79@group-14B6E25724D0-FollowerState] INFO  server.RaftServer$Division (RaftServerImpl.java:setRole(285)) - 8e39d2b9-5f55-4968-84c5-bb891011fe79@group-14B6E25724D0: changes role from  FOLLOWER to CANDIDATE at term 1 for changeToCandidate
2021-08-12 04:56:24,516 [8e39d2b9-5f55-4968-84c5-bb891011fe79@group-14B6E25724D0-FollowerState] INFO  server.RaftServerConfigKeys (ConfUtils.java:logGet(44)) - raft.server.leaderelection.pre-vote = false (custom)
2021-08-12 04:56:24,516 [8e39d2b9-5f55-4968-84c5-bb891011fe79@group-14B6E25724D0-FollowerState] INFO  impl.RoleInfo (RoleInfo.java:updateAndGet(130)) - 8e39d2b9-5f55-4968-84c5-bb891011fe79: start 8e39d2b9-5f55-4968-84c5-bb891011fe79@group-14B6E25724D0-LeaderElection36
2021-08-12 04:56:24,528 [1c547540-2a18-4c6b-b829-eadf34e8c743@group-14B6E25724D0-LeaderElection35] INFO  server.RaftServerConfigKeys (ConfUtils.java:logGet(44)) - raft.server.log.appender.snapshot.chunk.size.max = 16MB (=16777216) (default)
2021-08-12 04:56:24,528 [1c547540-2a18-4c6b-b829-eadf34e8c743@group-14B6E25724D0-LeaderElection35] INFO  server.RaftServerConfigKeys (ConfUtils.java:logGet(44)) - raft.server.log.appender.buffer.byte-limit = 33554432 (custom)
2021-08-12 04:56:24,528 [1c547540-2a18-4c6b-b829-eadf34e8c743@group-14B6E25724D0-LeaderElection35] INFO  server.RaftServerConfigKeys (ConfUtils.java:logGet(44)) - raft.server.log.appender.buffer.element-limit = 1 (custom)
2021-08-12 04:56:24,528 [1c547540-2a18-4c6b-b829-eadf34e8c743@group-14B6E25724D0-LeaderElection35] INFO  grpc.GrpcConfigKeys (ConfUtils.java:logGet(44)) - raft.grpc.server.leader.outstanding.appends.max = 128 (default)
2021-08-12 04:56:24,528 [1c547540-2a18-4c6b-b829-eadf34e8c743@group-14B6E25724D0-LeaderElection35] INFO  server.RaftServerConfigKeys (ConfUtils.java:logGet(44)) - raft.server.rpc.request.timeout = 60s (custom)
2021-08-12 04:56:24,529 [1c547540-2a18-4c6b-b829-eadf34e8c743@group-14B6E25724D0-LeaderElection35] INFO  server.RaftServerConfigKeys (ConfUtils.java:logGet(44)) - raft.server.log.appender.install.snapshot.enabled = false (custom)
2021-08-12 04:56:24,530 [1c547540-2a18-4c6b-b829-eadf34e8c743@group-14B6E25724D0-LeaderElection35] INFO  impl.RoleInfo (RoleInfo.java:updateAndGet(130)) - 1c547540-2a18-4c6b-b829-eadf34e8c743: start 1c547540-2a18-4c6b-b829-eadf34e8c743@group-14B6E25724D0-LeaderStateImpl
2021-08-12 04:56:24,530 [1c547540-2a18-4c6b-b829-eadf34e8c743@group-14B6E25724D0-LeaderElection35] INFO  segmented.SegmentedRaftLogWorker (SegmentedRaftLogWorker.java:startLogSegment(394)) - 1c547540-2a18-4c6b-b829-eadf34e8c743@group-14B6E25724D0-SegmentedRaftLogWorker: Starting segment from index:0
2021-08-12 04:56:24,533 [EventQueue-OpenPipelineForHealthyPipelineSafeModeRule] INFO  safemode.SCMSafeModeManager (HealthyPipelineSafeModeRule.java:process(124)) - SCM in safe mode. Healthy pipelines reported count is 1, required healthy pipeline reported count is 1
2021-08-12 04:56:24,533 [EventQueue-OpenPipelineForHealthyPipelineSafeModeRule] INFO  safemode.SCMSafeModeManager (SCMSafeModeManager.java:validateSafeModeExitRules(204)) - HealthyPipelineSafeModeRule rule is successfully validated
2021-08-12 04:56:24,533 [EventQueue-OpenPipelineForHealthyPipelineSafeModeRule] INFO  safemode.SCMSafeModeManager (SCMSafeModeManager.java:validateSafeModeExitRules(219)) - ScmSafeModeManager, all rules are successfully validated
2021-08-12 04:56:24,533 [EventQueue-OpenPipelineForHealthyPipelineSafeModeRule] INFO  safemode.SCMSafeModeManager (SCMSafeModeManager.java:exitSafeMode(248)) - SCM exiting safe mode.
2021-08-12 04:56:24,533 [EventQueue-OpenPipelineForHealthyPipelineSafeModeRule] WARN  events.EventQueue (EventQueue.java:fireEvent(194)) - No event handler registered for event TypedEvent{payloadType=SafeModeStatus, name='Safe mode status'}
2021-08-12 04:56:24,533 [EventQueue-OpenPipelineForHealthyPipelineSafeModeRule] INFO  ha.SCMContext (SCMContext.java:updateSafeModeStatus(205)) - Update SafeModeStatus from SafeModeStatus{safeModeStatus=true, preCheckPassed=true} to SafeModeStatus{safeModeStatus=false, preCheckPassed=true}.
2021-08-12 04:56:24,533 [EventQueue-OpenPipelineForHealthyPipelineSafeModeRule] INFO  pipeline.BackgroundPipelineCreator (BackgroundPipelineCreatorV2.java:notifyStatusChanged(264)) - Service BackgroundPipelineCreator transitions to RUNNING.
2021-08-12 04:56:24,533 [EventQueue-OpenPipelineForHealthyPipelineSafeModeRule] INFO  container.ReplicationManager (ReplicationManager.java:notifyStatusChanged(1679)) - Service ReplicationManager transitions to RUNNING.
2021-08-12 04:56:24,535 [8e39d2b9-5f55-4968-84c5-bb891011fe79@group-14B6E25724D0-LeaderElection36] INFO  impl.LeaderElection (LeaderElection.java:askForVotes(306)) - 8e39d2b9-5f55-4968-84c5-bb891011fe79@group-14B6E25724D0-LeaderElection36 ELECTION round 0: submit vote requests at term 2 for -1: [9a0e8214-5584-40e1-a769-3f536150c8aa|rpc:10.1.0.13:46203|priority:0, 1c547540-2a18-4c6b-b829-eadf34e8c743|rpc:10.1.0.13:37015|priority:1, 8e39d2b9-5f55-4968-84c5-bb891011fe79|rpc:10.1.0.13:38289|priority:0], old=null
2021-08-12 04:56:24,536 [1c547540-2a18-4c6b-b829-eadf34e8c743@group-14B6E25724D0-SegmentedRaftLogWorker] INFO  segmented.SegmentedRaftLogWorker (SegmentedRaftLogWorker.java:execute(601)) - 1c547540-2a18-4c6b-b829-eadf34e8c743@group-14B6E25724D0-SegmentedRaftLogWorker: created new log segment /home/runner/work/ozone/ozone/hadoop-ozone/integration-test/target/test-dir/MiniOzoneClusterImpl-b581443b-e568-4d1b-b747-432576f6d125/datanode-2/data/ratis/26801f47-f8ca-46ae-ab78-14b6e25724d0/current/log_inprogress_0
2021-08-12 04:56:24,538 [Listener at 127.0.0.1/33743] INFO  ozone.MiniOzoneClusterImpl (MiniOzoneClusterImpl.java:lambda$waitForClusterToBeReady$0(235)) - Nodes are ready. Got 3 of 3 DN Heartbeats.
2021-08-12 04:56:24,538 [Listener at 127.0.0.1/33743] INFO  ozone.MiniOzoneClusterImpl (MiniOzoneClusterImpl.java:lambda$waitForClusterToBeReady$0(238)) - Cluster exits safe mode
2021-08-12 04:56:24,538 [Listener at 127.0.0.1/33743] INFO  ozone.MiniOzoneClusterImpl (MiniOzoneClusterImpl.java:lambda$waitForClusterToBeReady$0(240)) - SCM became leader
2021-08-12 04:56:24,539 [Listener at 127.0.0.1/33743] INFO  ha.SequenceIdGenerator (SequenceIdGenerator.java:getNextId(127)) - Allocate a batch for containerId, change lastId from 0 to 1000.
2021-08-12 04:56:24,564 [grpc-default-executor-2] INFO  server.RaftServer$Division (RaftServerImpl.java:requestVote(1043)) - 8e39d2b9-5f55-4968-84c5-bb891011fe79@group-14B6E25724D0: receive requestVote(ELECTION, 1c547540-2a18-4c6b-b829-eadf34e8c743, group-14B6E25724D0, 2, (t:0, i:0))
2021-08-12 04:56:24,564 [grpc-default-executor-2] INFO  impl.VoteContext (VoteContext.java:log(48)) - 8e39d2b9-5f55-4968-84c5-bb891011fe79@group-14B6E25724D0-CANDIDATE: reject ELECTION from 1c547540-2a18-4c6b-b829-eadf34e8c743: already has voted for 8e39d2b9-5f55-4968-84c5-bb891011fe79 at current term 2
2021-08-12 04:56:24,564 [grpc-default-executor-2] INFO  server.RaftServer$Division (RaftServerImpl.java:requestVote(1075)) - 8e39d2b9-5f55-4968-84c5-bb891011fe79@group-14B6E25724D0 replies to ELECTION vote request: 1c547540-2a18-4c6b-b829-eadf34e8c743<-8e39d2b9-5f55-4968-84c5-bb891011fe79#0:FAIL-t2. Peer's state: 8e39d2b9-5f55-4968-84c5-bb891011fe79@group-14B6E25724D0:t2, leader=null, voted=8e39d2b9-5f55-4968-84c5-bb891011fe79, raftlog=8e39d2b9-5f55-4968-84c5-bb891011fe79@group-14B6E25724D0-SegmentedRaftLog:OPENED:c-1,f-1,i0, conf=-1: [9a0e8214-5584-40e1-a769-3f536150c8aa|rpc:10.1.0.13:46203|priority:0, 1c547540-2a18-4c6b-b829-eadf34e8c743|rpc:10.1.0.13:37015|priority:1, 8e39d2b9-5f55-4968-84c5-bb891011fe79|rpc:10.1.0.13:38289|priority:0], old=null
2021-08-12 04:56:24,564 [1c547540-2a18-4c6b-b829-eadf34e8c743@group-14B6E25724D0-LeaderElection35] INFO  server.RaftServer$Division (ServerState.java:setRaftConf(387)) - 1c547540-2a18-4c6b-b829-eadf34e8c743@group-14B6E25724D0: set configuration 0: [9a0e8214-5584-40e1-a769-3f536150c8aa|rpc:10.1.0.13:46203|dataStream:|priority:0, 1c547540-2a18-4c6b-b829-eadf34e8c743|rpc:10.1.0.13:37015|dataStream:|priority:1, 8e39d2b9-5f55-4968-84c5-bb891011fe79|rpc:10.1.0.13:38289|dataStream:|priority:0], old=null
2021-08-12 04:56:24,579 [grpc-default-executor-2] INFO  server.RaftServer$Division (RaftServerImpl.java:setRole(285)) - 8e39d2b9-5f55-4968-84c5-bb891011fe79@group-14B6E25724D0: changes role from CANDIDATE to FOLLOWER at term 2 for appendEntries
2021-08-12 04:56:24,599 [grpc-default-executor-2] INFO  impl.RoleInfo (RoleInfo.java:shutdownLeaderElection(121)) - 8e39d2b9-5f55-4968-84c5-bb891011fe79: shutdown 8e39d2b9-5f55-4968-84c5-bb891011fe79@group-14B6E25724D0-LeaderElection36
2021-08-12 04:56:24,599 [grpc-default-executor-2] INFO  impl.RoleInfo (RoleInfo.java:updateAndGet(130)) - 8e39d2b9-5f55-4968-84c5-bb891011fe79: start 8e39d2b9-5f55-4968-84c5-bb891011fe79@group-14B6E25724D0-FollowerState
2021-08-12 04:56:24,580 [grpc-default-executor-3] INFO  ratis.XceiverServerRatis (XceiverServerRatis.java:handleLeaderChangedNotification(861)) - Leader change notification received for group: group-14B6E25724D0 with new leaderId: 1c547540-2a18-4c6b-b829-eadf34e8c743
2021-08-12 04:56:24,599 [grpc-default-executor-3] INFO  server.RaftServer$Division (ServerState.java:setLeader(285)) - 9a0e8214-5584-40e1-a769-3f536150c8aa@group-14B6E25724D0: change Leader from null to 1c547540-2a18-4c6b-b829-eadf34e8c743 at term 2 for appendEntries, leader elected after 10533ms
2021-08-12 04:56:24,611 [grpc-default-executor-2] INFO  ratis.XceiverServerRatis (XceiverServerRatis.java:handleLeaderChangedNotification(861)) - Leader change notification received for group: group-14B6E25724D0 with new leaderId: 1c547540-2a18-4c6b-b829-eadf34e8c743
2021-08-12 04:56:24,611 [grpc-default-executor-2] INFO  server.RaftServer$Division (ServerState.java:setLeader(285)) - 8e39d2b9-5f55-4968-84c5-bb891011fe79@group-14B6E25724D0: change Leader from null to 1c547540-2a18-4c6b-b829-eadf34e8c743 at term 2 for appendEntries, leader elected after 10441ms
2021-08-12 04:56:24,646 [grpc-default-executor-0] INFO  server.RaftServer$Division (RaftServerImpl.java:requestVote(1043)) - 9a0e8214-5584-40e1-a769-3f536150c8aa@group-14B6E25724D0: receive requestVote(ELECTION, 8e39d2b9-5f55-4968-84c5-bb891011fe79, group-14B6E25724D0, 2, (t:0, i:0))
2021-08-12 04:56:24,646 [grpc-default-executor-0] INFO  impl.VoteContext (VoteContext.java:log(48)) - 9a0e8214-5584-40e1-a769-3f536150c8aa@group-14B6E25724D0-FOLLOWER: reject ELECTION from 8e39d2b9-5f55-4968-84c5-bb891011fe79: already has voted for 1c547540-2a18-4c6b-b829-eadf34e8c743 at current term 2
2021-08-12 04:56:24,646 [grpc-default-executor-0] INFO  server.RaftServer$Division (RaftServerImpl.java:requestVote(1075)) - 9a0e8214-5584-40e1-a769-3f536150c8aa@group-14B6E25724D0 replies to ELECTION vote request: 8e39d2b9-5f55-4968-84c5-bb891011fe79<-9a0e8214-5584-40e1-a769-3f536150c8aa#0:FAIL-t2. Peer's state: 9a0e8214-5584-40e1-a769-3f536150c8aa@group-14B6E25724D0:t2, leader=1c547540-2a18-4c6b-b829-eadf34e8c743, voted=1c547540-2a18-4c6b-b829-eadf34e8c743, raftlog=9a0e8214-5584-40e1-a769-3f536150c8aa@group-14B6E25724D0-SegmentedRaftLog:OPENED:c-1,f-1,i0, conf=-1: [9a0e8214-5584-40e1-a769-3f536150c8aa|rpc:10.1.0.13:46203|priority:0, 1c547540-2a18-4c6b-b829-eadf34e8c743|rpc:10.1.0.13:37015|priority:1, 8e39d2b9-5f55-4968-84c5-bb891011fe79|rpc:10.1.0.13:38289|priority:0], old=null
2021-08-12 04:56:24,653 [grpc-default-executor-1] INFO  server.RaftServer$Division (RaftServerImpl.java:requestVote(1043)) - 1c547540-2a18-4c6b-b829-eadf34e8c743@group-14B6E25724D0: receive requestVote(ELECTION, 8e39d2b9-5f55-4968-84c5-bb891011fe79, group-14B6E25724D0, 2, (t:0, i:0))
2021-08-12 04:56:24,654 [grpc-default-executor-1] INFO  impl.VoteContext (VoteContext.java:log(48)) - 1c547540-2a18-4c6b-b829-eadf34e8c743@group-14B6E25724D0-LEADER: reject ELECTION from 8e39d2b9-5f55-4968-84c5-bb891011fe79: already has voted for 1c547540-2a18-4c6b-b829-eadf34e8c743 at current term 2
2021-08-12 04:56:24,654 [grpc-default-executor-1] INFO  server.RaftServer$Division (RaftServerImpl.java:requestVote(1075)) - 1c547540-2a18-4c6b-b829-eadf34e8c743@group-14B6E25724D0 replies to ELECTION vote request: 8e39d2b9-5f55-4968-84c5-bb891011fe79<-1c547540-2a18-4c6b-b829-eadf34e8c743#0:FAIL-t2. Peer's state: 1c547540-2a18-4c6b-b829-eadf34e8c743@group-14B6E25724D0:t2, leader=1c547540-2a18-4c6b-b829-eadf34e8c743, voted=1c547540-2a18-4c6b-b829-eadf34e8c743, raftlog=1c547540-2a18-4c6b-b829-eadf34e8c743@group-14B6E25724D0-SegmentedRaftLog:OPENED:c0,f0,i0, conf=0: [9a0e8214-5584-40e1-a769-3f536150c8aa|rpc:10.1.0.13:46203|dataStream:|priority:0, 1c547540-2a18-4c6b-b829-eadf34e8c743|rpc:10.1.0.13:37015|dataStream:|priority:1, 8e39d2b9-5f55-4968-84c5-bb891011fe79|rpc:10.1.0.13:38289|dataStream:|priority:0], old=null
2021-08-12 04:56:24,691 [8e39d2b9-5f55-4968-84c5-bb891011fe79@group-14B6E25724D0-LeaderElection36] INFO  impl.LeaderElection (LeaderElection.java:logAndReturn(89)) - 8e39d2b9-5f55-4968-84c5-bb891011fe79@group-14B6E25724D0-LeaderElection36: ELECTION REJECTED received 1 response(s) and 0 exception(s):
2021-08-12 04:56:24,697 [8e39d2b9-5f55-4968-84c5-bb891011fe79@group-14B6E25724D0-LeaderElection36] INFO  impl.LeaderElection (LeaderElection.java:logAndReturn(93)) -   Response 0: 8e39d2b9-5f55-4968-84c5-bb891011fe79<-9a0e8214-5584-40e1-a769-3f536150c8aa#0:FAIL-t2
2021-08-12 04:56:24,697 [8e39d2b9-5f55-4968-84c5-bb891011fe79@group-14B6E25724D0-LeaderElection36] INFO  impl.LeaderElection (LeaderElection.java:askForVotes(308)) - 8e39d2b9-5f55-4968-84c5-bb891011fe79@group-14B6E25724D0-LeaderElection36 ELECTION round 0: result REJECTED
2021-08-12 04:56:24,703 [grpc-default-executor-3] INFO  server.RaftServer$Division (ServerState.java:setRaftConf(387)) - 8e39d2b9-5f55-4968-84c5-bb891011fe79@group-14B6E25724D0: set configuration 0: [9a0e8214-5584-40e1-a769-3f536150c8aa|rpc:10.1.0.13:46203|dataStream:|priority:0, 1c547540-2a18-4c6b-b829-eadf34e8c743|rpc:10.1.0.13:37015|dataStream:|priority:1, 8e39d2b9-5f55-4968-84c5-bb891011fe79|rpc:10.1.0.13:38289|dataStream:|priority:0], old=null
2021-08-12 04:56:24,703 [grpc-default-executor-3] INFO  segmented.SegmentedRaftLogWorker (SegmentedRaftLogWorker.java:startLogSegment(394)) - 8e39d2b9-5f55-4968-84c5-bb891011fe79@group-14B6E25724D0-SegmentedRaftLogWorker: Starting segment from index:0
2021-08-12 04:56:24,708 [8e39d2b9-5f55-4968-84c5-bb891011fe79@group-14B6E25724D0-SegmentedRaftLogWorker] INFO  segmented.SegmentedRaftLogWorker (SegmentedRaftLogWorker.java:execute(601)) - 8e39d2b9-5f55-4968-84c5-bb891011fe79@group-14B6E25724D0-SegmentedRaftLogWorker: created new log segment /home/runner/work/ozone/ozone/hadoop-ozone/integration-test/target/test-dir/MiniOzoneClusterImpl-b581443b-e568-4d1b-b747-432576f6d125/datanode-1/data/ratis/26801f47-f8ca-46ae-ab78-14b6e25724d0/current/log_inprogress_0
2021-08-12 04:56:24,715 [grpc-default-executor-2] INFO  server.RaftServer$Division (ServerState.java:setRaftConf(387)) - 9a0e8214-5584-40e1-a769-3f536150c8aa@group-14B6E25724D0: set configuration 0: [9a0e8214-5584-40e1-a769-3f536150c8aa|rpc:10.1.0.13:46203|dataStream:|priority:0, 1c547540-2a18-4c6b-b829-eadf34e8c743|rpc:10.1.0.13:37015|dataStream:|priority:1, 8e39d2b9-5f55-4968-84c5-bb891011fe79|rpc:10.1.0.13:38289|dataStream:|priority:0], old=null
2021-08-12 04:56:24,716 [grpc-default-executor-2] INFO  segmented.SegmentedRaftLogWorker (SegmentedRaftLogWorker.java:startLogSegment(394)) - 9a0e8214-5584-40e1-a769-3f536150c8aa@group-14B6E25724D0-SegmentedRaftLogWorker: Starting segment from index:0
2021-08-12 04:56:24,719 [9a0e8214-5584-40e1-a769-3f536150c8aa@group-14B6E25724D0-SegmentedRaftLogWorker] INFO  segmented.SegmentedRaftLogWorker (SegmentedRaftLogWorker.java:execute(601)) - 9a0e8214-5584-40e1-a769-3f536150c8aa@group-14B6E25724D0-SegmentedRaftLogWorker: created new log segment /home/runner/work/ozone/ozone/hadoop-ozone/integration-test/target/test-dir/MiniOzoneClusterImpl-b581443b-e568-4d1b-b747-432576f6d125/datanode-0/data/ratis/26801f47-f8ca-46ae-ab78-14b6e25724d0/current/log_inprogress_0
2021-08-12 04:56:26,282 [Listener at 127.0.0.1/33743] ERROR ratis.XceiverServerRatis (XceiverServerRatis.java:triggerPipelineClose(676)) - pipeline Action CLOSE on pipeline PipelineID=26801f47-f8ca-46ae-ab78-14b6e25724d0.Reason : Unspecified failure reported in Ratis log
2021-08-12 04:56:26,283 [Datanode State Machine Thread - 0] WARN  statemachine.StateContext (StateContext.java:execute(621)) - No available thread in pool for past 1 seconds.
2021-08-12 04:56:26,316 [EventQueue-PipelineActionsForPipelineActionHandler] INFO  pipeline.PipelineActionHandler (PipelineActionHandler.java:processPipelineAction(82)) - Received pipeline action CLOSE for PipelineID=26801f47-f8ca-46ae-ab78-14b6e25724d0 from datanode 1c547540-2a18-4c6b-b829-eadf34e8c743. Reason : Unspecified failure reported in Ratis log
2021-08-12 04:56:26,318 [EventQueue-PipelineActionsForPipelineActionHandler] INFO  pipeline.PipelineManagerImpl (PipelineManagerImpl.java:closePipeline(343)) - Pipeline Pipeline[ Id: 26801f47-f8ca-46ae-ab78-14b6e25724d0, Nodes: 1c547540-2a18-4c6b-b829-eadf34e8c743{ip: 10.1.0.13, host: fv-az294-902.eaanfquahm5ulb5tj050gcxych.jx.internal.cloudapp.net, ports: [REPLICATION=38933, RATIS=37015, RATIS_ADMIN=37015, RATIS_SERVER=37015, STANDALONE=38401], networkLocation: /default-rack, certSerialId: null, persistedOpState: IN_SERVICE, persistedOpStateExpiryEpochSec: 0}8e39d2b9-5f55-4968-84c5-bb891011fe79{ip: 10.1.0.13, host: fv-az294-902.eaanfquahm5ulb5tj050gcxych.jx.internal.cloudapp.net, ports: [REPLICATION=45293, RATIS=38289, RATIS_ADMIN=38289, RATIS_SERVER=38289, STANDALONE=39123], networkLocation: /default-rack, certSerialId: null, persistedOpState: IN_SERVICE, persistedOpStateExpiryEpochSec: 0}9a0e8214-5584-40e1-a769-3f536150c8aa{ip: 10.1.0.13, host: fv-az294-902.eaanfquahm5ulb5tj050gcxych.jx.internal.cloudapp.net, ports: [REPLICATION=46189, RATIS=46203, RATIS_ADMIN=46203, RATIS_SERVER=46203, STANDALONE=44017], networkLocation: /default-rack, certSerialId: null, persistedOpState: IN_SERVICE, persistedOpStateExpiryEpochSec: 0}, ReplicationConfig: RATIS/THREE, State:OPEN, leaderId:1c547540-2a18-4c6b-b829-eadf34e8c743, CreationTimestamp2021-08-12T04:56:11.597Z[Etc/UTC]] moved to CLOSED state
2021-08-12 04:56:26,341 [EventQueue-PipelineActionsForPipelineActionHandler] INFO  pipeline.RatisPipelineProvider (RatisPipelineProvider.java:lambda$close$1(222)) - Send pipeline:PipelineID=26801f47-f8ca-46ae-ab78-14b6e25724d0 close command to datanode 1c547540-2a18-4c6b-b829-eadf34e8c743
2021-08-12 04:56:26,341 [EventQueue-CloseContainerForCloseContainerEventHandler] INFO  container.CloseContainerEventHandler (CloseContainerEventHandler.java:onMessage(69)) - Close container Event triggered for container : #1
2021-08-12 04:56:26,387 [EventQueue-PipelineActionsForPipelineActionHandler] INFO  pipeline.RatisPipelineProvider (RatisPipelineProvider.java:lambda$close$1(222)) - Send pipeline:PipelineID=26801f47-f8ca-46ae-ab78-14b6e25724d0 close command to datanode 8e39d2b9-5f55-4968-84c5-bb891011fe79
2021-08-12 04:56:26,387 [EventQueue-PipelineActionsForPipelineActionHandler] INFO  pipeline.RatisPipelineProvider (RatisPipelineProvider.java:lambda$close$1(222)) - Send pipeline:PipelineID=26801f47-f8ca-46ae-ab78-14b6e25724d0 close command to datanode 9a0e8214-5584-40e1-a769-3f536150c8aa
2021-08-12 04:56:26,388 [EventQueue-CloseContainerForCloseContainerEventHandler] INFO  container.CloseContainerEventHandler (CloseContainerEventHandler.java:onMessage(69)) - Close container Event triggered for container : #2
2021-08-12 04:56:26,396 [EventQueue-PipelineActionsForPipelineActionHandler] INFO  pipeline.PipelineStateManager (PipelineStateManagerV2Impl.java:removePipeline(211)) - Pipeline Pipeline[ Id: 26801f47-f8ca-46ae-ab78-14b6e25724d0, Nodes: 1c547540-2a18-4c6b-b829-eadf34e8c743{ip: 10.1.0.13, host: fv-az294-902.eaanfquahm5ulb5tj050gcxych.jx.internal.cloudapp.net, ports: [REPLICATION=38933, RATIS=37015, RATIS_ADMIN=37015, RATIS_SERVER=37015, STANDALONE=38401], networkLocation: /default-rack, certSerialId: null, persistedOpState: IN_SERVICE, persistedOpStateExpiryEpochSec: 0}8e39d2b9-5f55-4968-84c5-bb891011fe79{ip: 10.1.0.13, host: fv-az294-902.eaanfquahm5ulb5tj050gcxych.jx.internal.cloudapp.net, ports: [REPLICATION=45293, RATIS=38289, RATIS_ADMIN=38289, RATIS_SERVER=38289, STANDALONE=39123], networkLocation: /default-rack, certSerialId: null, persistedOpState: IN_SERVICE, persistedOpStateExpiryEpochSec: 0}9a0e8214-5584-40e1-a769-3f536150c8aa{ip: 10.1.0.13, host: fv-az294-902.eaanfquahm5ulb5tj050gcxych.jx.internal.cloudapp.net, ports: [REPLICATION=46189, RATIS=46203, RATIS_ADMIN=46203, RATIS_SERVER=46203, STANDALONE=44017], networkLocation: /default-rack, certSerialId: null, persistedOpState: IN_SERVICE, persistedOpStateExpiryEpochSec: 0}, ReplicationConfig: RATIS/THREE, State:CLOSED, leaderId:1c547540-2a18-4c6b-b829-eadf34e8c743, CreationTimestamp2021-08-12T04:56:11.597Z[Etc/UTC]] removed.
2021-08-12 04:56:26,418 [EventQueue-CloseContainerForCloseContainerEventHandler] INFO  pipeline.PipelineStateManager (PipelineStateManagerV2Impl.java:removeContainerFromPipeline(237)) - Pipeline PipelineID=26801f47-f8ca-46ae-ab78-14b6e25724d0 is not found in the pipeline2ContainerMap. Pipeline may have been closed already.
2021-08-12 04:56:26,609 [Listener at 127.0.0.1/33743] INFO  ozone.MiniOzoneClusterImpl (MiniOzoneClusterImpl.java:shutdown(453)) - Shutting down the Mini Ozone Cluster
2021-08-12 04:56:26,616 [Listener at 127.0.0.1/33743] INFO  ozone.MiniOzoneClusterImpl (MiniOzoneClusterImpl.java:stop(468)) - Stopping the Mini Ozone Cluster
2021-08-12 04:56:26,616 [Listener at 127.0.0.1/33743] INFO  ozone.MiniOzoneClusterImpl (MiniOzoneClusterImpl.java:stopOM(550)) - Stopping the OzoneManager
2021-08-12 04:56:26,616 [Listener at 127.0.0.1/33743] INFO  om.OzoneManager (OzoneManager.java:stop(1632)) - Stopping Ozone Manager
2021-08-12 04:56:26,616 [Listener at 127.0.0.1/33743] INFO  ipc.Server (Server.java:stop(3414)) - Stopping server on 33743
2021-08-12 04:56:26,639 [IPC Server listener on 0] INFO  ipc.Server (Server.java:run(1376)) - Stopping IPC Server listener on 0
2021-08-12 04:56:26,640 [IPC Server Responder] INFO  ipc.Server (Server.java:run(1512)) - Stopping IPC Server Responder
2021-08-12 04:56:26,640 [Listener at 127.0.0.1/33743] INFO  server.RaftServer (RaftServerProxy.java:lambda$close$6(391)) - om1: close
2021-08-12 04:56:26,641 [Listener at 127.0.0.1/33743] INFO  server.RaftServer$Division (RaftServerImpl.java:lambda$close$4(407)) - om1@group-C5BA1605619E: shutdown
2021-08-12 04:56:26,641 [Listener at 127.0.0.1/33743] INFO  util.JmxRegister (JmxRegister.java:unregister(73)) - Successfully un-registered JMX Bean with object name Ratis:service=RaftServer,group=group-C5BA1605619E,id=om1
2021-08-12 04:56:26,641 [Listener at 127.0.0.1/33743] INFO  impl.RoleInfo (RoleInfo.java:shutdownLeaderState(91)) - om1: shutdown om1@group-C5BA1605619E-LeaderStateImpl
2021-08-12 04:56:26,641 [Listener at 127.0.0.1/33743] INFO  impl.PendingRequests (PendingRequests.java:sendNotLeaderResponses(282)) - om1@group-C5BA1605619E-PendingRequests: sendNotLeaderResponses
2021-08-12 04:56:26,659 [Listener at 127.0.0.1/33743] INFO  impl.StateMachineUpdater (StateMachineUpdater.java:stopAndJoin(149)) - om1@group-C5BA1605619E-StateMachineUpdater: set stopIndex = 0
2021-08-12 04:56:26,661 [om1@group-C5BA1605619E-StateMachineUpdater] INFO  ratis.OzoneManagerStateMachine (OzoneManagerStateMachine.java:takeSnapshot(417)) - Current Snapshot Index (t:1, i:0)
2021-08-12 04:56:26,661 [om1@group-C5BA1605619E-StateMachineUpdater] INFO  impl.StateMachineUpdater (StateMachineUpdater.java:takeSnapshot(281)) - om1@group-C5BA1605619E-StateMachineUpdater: Took a snapshot at index 0
2021-08-12 04:56:26,661 [om1@group-C5BA1605619E-StateMachineUpdater] INFO  impl.StateMachineUpdater (StateMachineUpdater.java:lambda$new$0(89)) - om1@group-C5BA1605619E-StateMachineUpdater: snapshotIndex: updateIncreasingly -1 -> 0
2021-08-12 04:56:26,661 [om1@group-C5BA1605619E-StateMachineUpdater] INFO  ratis.OzoneManagerStateMachine (OzoneManagerStateMachine.java:close(471)) - StateMachine has shutdown. Shutdown OzoneManager if not already shutdown.
2021-08-12 04:56:26,662 [Listener at 127.0.0.1/33743] INFO  server.RaftServer$Division (ServerState.java:close(419)) - om1@group-C5BA1605619E: closes. applyIndex: 0
2021-08-12 04:56:26,662 [om1@group-C5BA1605619E-SegmentedRaftLogWorker] INFO  segmented.SegmentedRaftLogWorker (SegmentedRaftLogWorker.java:run(327)) - om1@group-C5BA1605619E-SegmentedRaftLogWorker was interrupted, exiting. There are 0 tasks remaining in the queue.
2021-08-12 04:56:26,664 [Listener at 127.0.0.1/33743] INFO  segmented.SegmentedRaftLogWorker (SegmentedRaftLogWorker.java:close(237)) - om1@group-C5BA1605619E-SegmentedRaftLogWorker close()
2021-08-12 04:56:26,667 [Listener at 127.0.0.1/33743] INFO  server.GrpcService (GrpcService.java:closeImpl(262)) - om1: shutdown server with port 9872 now
2021-08-12 04:56:26,667 [Listener at 127.0.0.1/33743] INFO  server.GrpcService (GrpcService.java:closeImpl(271)) - om1: shutdown server with port 9872 successfully
2021-08-12 04:56:26,667 [org.apache.ratis.util.JvmPauseMonitor$$Lambda$531/403959257@7bca280f] INFO  util.JvmPauseMonitor (JvmPauseMonitor.java:run(109)) - JvmPauseMonitor-om1: Stopped
2021-08-12 04:56:26,668 [Listener at 127.0.0.1/33743] INFO  ratis.OzoneManagerDoubleBuffer (OzoneManagerDoubleBuffer.java:stop(437)) - Stopping OMDoubleBuffer flush thread
2021-08-12 04:56:26,668 [OMDoubleBufferFlushThread] INFO  ratis.OzoneManagerDoubleBuffer (OzoneManagerDoubleBuffer.java:flushTransactions(356)) - OMDoubleBuffer flush thread OMDoubleBufferFlushThread is interrupted and will exit. OMDoubleBufferFlushThread
2021-08-12 04:56:26,684 [Listener at 127.0.0.1/33743] INFO  utils.BackgroundService (BackgroundService.java:shutdown(132)) - Shutting down service KeyDeletingService
2021-08-12 04:56:26,687 [Listener at 127.0.0.1/33743] INFO  handler.ContextHandler (ContextHandler.java:doStop(1153)) - Stopped o.e.j.w.WebAppContext@26571af1{ozoneManager,/,null,STOPPED}{file:/home/runner/work/ozone/ozone/hadoop-ozone/integration-test/target/test-classes/webapps/ozoneManager}
2021-08-12 04:56:26,694 [Listener at 127.0.0.1/33743] INFO  server.AbstractConnector (AbstractConnector.java:doStop(381)) - Stopped ServerConnector@7546fc4{HTTP/1.1, (http/1.1)}{0.0.0.0:0}
2021-08-12 04:56:26,695 [Listener at 127.0.0.1/33743] INFO  server.session (HouseKeeper.java:stopScavenging(149)) - node0 Stopped scavenging
2021-08-12 04:56:26,695 [Listener at 127.0.0.1/33743] INFO  handler.ContextHandler (ContextHandler.java:doStop(1153)) - Stopped o.e.j.s.ServletContextHandler@7a519d81{static,/static,file:///home/runner/work/ozone/ozone/hadoop-ozone/integration-test/target/test-classes/webapps/static,STOPPED}
2021-08-12 04:56:26,698 [Listener at 127.0.0.1/33743] INFO  handler.ContextHandler (ContextHandler.java:doStop(1153)) - Stopped o.e.j.s.ServletContextHandler@56a1c327{logs,/logs,file:///home/runner/work/ozone/ozone/hadoop-ozone/integration-test/target/log,STOPPED}
2021-08-12 04:56:26,720 [Listener at 127.0.0.1/33743] INFO  ozone.MiniOzoneClusterImpl (MiniOzoneClusterImpl.java:stopDatanodes(527)) - Stopping the HddsDatanodes
2021-08-12 04:56:26,744 [Datanode State Machine Thread - 0] INFO  statemachine.DatanodeStateMachine (DatanodeStateMachine.java:lambda$startDaemon$0(457)) - Ozone container server started.
2021-08-12 04:56:27,290 [Datanode State Machine Thread - 0] INFO  statemachine.DatanodeStateMachine (DatanodeStateMachine.java:lambda$startDaemon$0(457)) - Ozone container server started.
2021-08-12 04:56:27,508 [Command processor thread] INFO  server.RaftServer (RaftServerProxy.java:remove(106)) - 1c547540-2a18-4c6b-b829-eadf34e8c743: remove    LEADER 1c547540-2a18-4c6b-b829-eadf34e8c743@group-14B6E25724D0:t2, leader=1c547540-2a18-4c6b-b829-eadf34e8c743, voted=1c547540-2a18-4c6b-b829-eadf34e8c743, raftlog=1c547540-2a18-4c6b-b829-eadf34e8c743@group-14B6E25724D0-SegmentedRaftLog:OPENED:c0,f0,i0, conf=0: [9a0e8214-5584-40e1-a769-3f536150c8aa|rpc:10.1.0.13:46203|dataStream:|priority:0, 1c547540-2a18-4c6b-b829-eadf34e8c743|rpc:10.1.0.13:37015|dataStream:|priority:1, 8e39d2b9-5f55-4968-84c5-bb891011fe79|rpc:10.1.0.13:38289|dataStream:|priority:0], old=null RUNNING
2021-08-12 04:56:27,510 [Command processor thread] INFO  server.RaftServer$Division (RaftServerImpl.java:lambda$close$4(407)) - 1c547540-2a18-4c6b-b829-eadf34e8c743@group-14B6E25724D0: shutdown
2021-08-12 04:56:27,510 [Command processor thread] INFO  util.JmxRegister (JmxRegister.java:unregister(73)) - Successfully un-registered JMX Bean with object name Ratis:service=RaftServer,group=group-14B6E25724D0,id=1c547540-2a18-4c6b-b829-eadf34e8c743
2021-08-12 04:56:27,510 [Command processor thread] INFO  impl.RoleInfo (RoleInfo.java:shutdownLeaderState(91)) - 1c547540-2a18-4c6b-b829-eadf34e8c743: shutdown 1c547540-2a18-4c6b-b829-eadf34e8c743@group-14B6E25724D0-LeaderStateImpl
2021-08-12 04:56:27,511 [1c547540-2a18-4c6b-b829-eadf34e8c743@group-14B6E25724D0->8e39d2b9-5f55-4968-84c5-bb891011fe79-GrpcLogAppender-LogAppenderDaemon] WARN  server.GrpcLogAppender (GrpcLogAppender.java:mayWait(175)) - 1c547540-2a18-4c6b-b829-eadf34e8c743@group-14B6E25724D0->8e39d2b9-5f55-4968-84c5-bb891011fe79-GrpcLogAppender: Wait interrupted by java.lang.InterruptedException
2021-08-12 04:56:27,539 [1c547540-2a18-4c6b-b829-eadf34e8c743@group-14B6E25724D0->9a0e8214-5584-40e1-a769-3f536150c8aa-GrpcLogAppender-LogAppenderDaemon] WARN  server.GrpcLogAppender (GrpcLogAppender.java:mayWait(175)) - 1c547540-2a18-4c6b-b829-eadf34e8c743@group-14B6E25724D0->9a0e8214-5584-40e1-a769-3f536150c8aa-GrpcLogAppender: Wait interrupted by java.lang.InterruptedException
2021-08-12 04:56:27,540 [grpc-default-executor-2] INFO  server.GrpcServerProtocolService (GrpcServerProtocolService.java:onCompleted(140)) - 9a0e8214-5584-40e1-a769-3f536150c8aa: Completed APPEND_ENTRIES, lastRequest: 1c547540-2a18-4c6b-b829-eadf34e8c743->9a0e8214-5584-40e1-a769-3f536150c8aa#1-t2,previous=(t:0, i:0),leaderCommit=0,initializing? true,entries: size=1, first=(t:2, i:0), CONFIGURATIONENTRY
2021-08-12 04:56:27,549 [grpc-default-executor-1] INFO  server.GrpcLogAppender (GrpcLogAppender.java:onCompleted(344)) - 1c547540-2a18-4c6b-b829-eadf34e8c743@group-14B6E25724D0->9a0e8214-5584-40e1-a769-3f536150c8aa-AppendLogResponseHandler: follower responses appendEntries COMPLETED
2021-08-12 04:56:27,549 [grpc-default-executor-1] INFO  leader.FollowerInfo (FollowerInfoImpl.java:lambda$new$0(46)) - 1c547540-2a18-4c6b-b829-eadf34e8c743@group-14B6E25724D0->9a0e8214-5584-40e1-a769-3f536150c8aa: nextIndex: updateUnconditionally 1 -> 0
2021-08-12 04:56:27,541 [Command processor thread] INFO  impl.PendingRequests (PendingRequests.java:sendNotLeaderResponses(282)) - 1c547540-2a18-4c6b-b829-eadf34e8c743@group-14B6E25724D0-PendingRequests: sendNotLeaderResponses
2021-08-12 04:56:27,561 [Command processor thread] INFO  impl.StateMachineUpdater (StateMachineUpdater.java:stopAndJoin(149)) - 1c547540-2a18-4c6b-b829-eadf34e8c743@group-14B6E25724D0-StateMachineUpdater: set stopIndex = 0
2021-08-12 04:56:27,562 [1c547540-2a18-4c6b-b829-eadf34e8c743@group-14B6E25724D0-StateMachineUpdater] INFO  ratis.ContainerStateMachine (ContainerStateMachine.java:takeSnapshot(293)) - group-14B6E25724D0: Taking a snapshot at:(t:2, i:0) file /home/runner/work/ozone/ozone/hadoop-ozone/integration-test/target/test-dir/MiniOzoneClusterImpl-b581443b-e568-4d1b-b747-432576f6d125/datanode-2/data/ratis/26801f47-f8ca-46ae-ab78-14b6e25724d0/sm/snapshot.2_0
2021-08-12 04:56:27,541 [grpc-default-executor-3] INFO  server.GrpcServerProtocolService (GrpcServerProtocolService.java:onCompleted(140)) - 8e39d2b9-5f55-4968-84c5-bb891011fe79: Completed APPEND_ENTRIES, lastRequest: 1c547540-2a18-4c6b-b829-eadf34e8c743->8e39d2b9-5f55-4968-84c5-bb891011fe79#1-t2,previous=(t:0, i:0),leaderCommit=0,initializing? true,entries: size=1, first=(t:2, i:0), CONFIGURATIONENTRY
2021-08-12 04:56:27,565 [grpc-default-executor-2] INFO  server.GrpcLogAppender (GrpcLogAppender.java:onCompleted(344)) - 1c547540-2a18-4c6b-b829-eadf34e8c743@group-14B6E25724D0->8e39d2b9-5f55-4968-84c5-bb891011fe79-AppendLogResponseHandler: follower responses appendEntries COMPLETED
2021-08-12 04:56:27,565 [grpc-default-executor-2] INFO  leader.FollowerInfo (FollowerInfoImpl.java:lambda$new$0(46)) - 1c547540-2a18-4c6b-b829-eadf34e8c743@group-14B6E25724D0->8e39d2b9-5f55-4968-84c5-bb891011fe79: nextIndex: updateUnconditionally 1 -> 0
2021-08-12 04:56:27,595 [1c547540-2a18-4c6b-b829-eadf34e8c743@group-14B6E25724D0-StateMachineUpdater] INFO  ratis.ContainerStateMachine (ContainerStateMachine.java:takeSnapshot(304)) - group-14B6E25724D0: Finished taking a snapshot at:(t:2, i:0) file:/home/runner/work/ozone/ozone/hadoop-ozone/integration-test/target/test-dir/MiniOzoneClusterImpl-b581443b-e568-4d1b-b747-432576f6d125/datanode-2/data/ratis/26801f47-f8ca-46ae-ab78-14b6e25724d0/sm/snapshot.2_0 took: 32 ms
2021-08-12 04:56:27,595 [1c547540-2a18-4c6b-b829-eadf34e8c743@group-14B6E25724D0-StateMachineUpdater] INFO  impl.StateMachineUpdater (StateMachineUpdater.java:takeSnapshot(281)) - 1c547540-2a18-4c6b-b829-eadf34e8c743@group-14B6E25724D0-StateMachineUpdater: Took a snapshot at index 0
2021-08-12 04:56:27,595 [1c547540-2a18-4c6b-b829-eadf34e8c743@group-14B6E25724D0-StateMachineUpdater] INFO  impl.StateMachineUpdater (StateMachineUpdater.java:lambda$new$0(89)) - 1c547540-2a18-4c6b-b829-eadf34e8c743@group-14B6E25724D0-StateMachineUpdater: snapshotIndex: updateIncreasingly -1 -> 0
2021-08-12 04:56:27,596 [Command processor thread] INFO  server.RaftServer$Division (ServerState.java:close(419)) - 1c547540-2a18-4c6b-b829-eadf34e8c743@group-14B6E25724D0: closes. applyIndex: 0
2021-08-12 04:56:27,597 [1c547540-2a18-4c6b-b829-eadf34e8c743@group-14B6E25724D0-SegmentedRaftLogWorker] INFO  segmented.SegmentedRaftLogWorker (SegmentedRaftLogWorker.java:run(327)) - 1c547540-2a18-4c6b-b829-eadf34e8c743@group-14B6E25724D0-SegmentedRaftLogWorker was interrupted, exiting. There are 0 tasks remaining in the queue.
2021-08-12 04:56:27,599 [Command processor thread] INFO  segmented.SegmentedRaftLogWorker (SegmentedRaftLogWorker.java:close(237)) - 1c547540-2a18-4c6b-b829-eadf34e8c743@group-14B6E25724D0-SegmentedRaftLogWorker close()
2021-08-12 04:56:27,610 [Command processor thread] INFO  server.RaftServer$Division (RaftServerImpl.java:groupRemove(377)) - 1c547540-2a18-4c6b-b829-eadf34e8c743@group-14B6E25724D0: Succeed to remove RaftStorageDirectory Storage Directory /home/runner/work/ozone/ozone/hadoop-ozone/integration-test/target/test-dir/MiniOzoneClusterImpl-b581443b-e568-4d1b-b747-432576f6d125/datanode-2/data/ratis/26801f47-f8ca-46ae-ab78-14b6e25724d0
2021-08-12 04:56:27,615 [Command processor thread] INFO  commandhandler.ClosePipelineCommandHandler (ClosePipelineCommandHandler.java:handle(75)) - Close Pipeline PipelineID=26801f47-f8ca-46ae-ab78-14b6e25724d0 command on datanode 1c547540-2a18-4c6b-b829-eadf34e8c743.
2021-08-12 04:56:27,615 [Command processor thread] ERROR commandhandler.CloseContainerCommandHandler (CloseContainerCommandHandler.java:handle(85)) - Container #1 does not exist in datanode. Container close failed.
2021-08-12 04:56:29,004 [8e39d2b9-5f55-4968-84c5-bb891011fe79@group-FE0E7720EF0E-FollowerState] INFO  impl.FollowerState (FollowerState.java:run(134)) - 8e39d2b9-5f55-4968-84c5-bb891011fe79@group-FE0E7720EF0E-FollowerState: change to CANDIDATE, lastRpcElapsedTime:5063667108ns, electionTimeout:5063ms
2021-08-12 04:56:29,005 [8e39d2b9-5f55-4968-84c5-bb891011fe79@group-FE0E7720EF0E-FollowerState] INFO  impl.RoleInfo (RoleInfo.java:shutdownFollowerState(108)) - 8e39d2b9-5f55-4968-84c5-bb891011fe79: shutdown 8e39d2b9-5f55-4968-84c5-bb891011fe79@group-FE0E7720EF0E-FollowerState
2021-08-12 04:56:29,006 [8e39d2b9-5f55-4968-84c5-bb891011fe79@group-FE0E7720EF0E-FollowerState] INFO  server.RaftServer$Division (RaftServerImpl.java:setRole(285)) - 8e39d2b9-5f55-4968-84c5-bb891011fe79@group-FE0E7720EF0E: changes role from  FOLLOWER to CANDIDATE at term 2 for changeToCandidate
2021-08-12 04:56:29,006 [8e39d2b9-5f55-4968-84c5-bb891011fe79@group-FE0E7720EF0E-FollowerState] INFO  server.RaftServerConfigKeys (ConfUtils.java:logGet(44)) - raft.server.leaderelection.pre-vote = false (custom)
2021-08-12 04:56:29,006 [8e39d2b9-5f55-4968-84c5-bb891011fe79@group-FE0E7720EF0E-FollowerState] INFO  impl.RoleInfo (RoleInfo.java:updateAndGet(130)) - 8e39d2b9-5f55-4968-84c5-bb891011fe79: start 8e39d2b9-5f55-4968-84c5-bb891011fe79@group-FE0E7720EF0E-LeaderElection37
2021-08-12 04:56:29,036 [8e39d2b9-5f55-4968-84c5-bb891011fe79@group-FE0E7720EF0E-LeaderElection37] INFO  impl.LeaderElection (LeaderElection.java:askForVotes(306)) - 8e39d2b9-5f55-4968-84c5-bb891011fe79@group-FE0E7720EF0E-LeaderElection37 ELECTION round 0: submit vote requests at term 3 for -1: [9a0e8214-5584-40e1-a769-3f536150c8aa|rpc:10.1.0.13:46203|dataStream:|priority:0, 1c547540-2a18-4c6b-b829-eadf34e8c743|rpc:10.1.0.13:37015|dataStream:|priority:0, 8e39d2b9-5f55-4968-84c5-bb891011fe79|rpc:10.1.0.13:38289|dataStream:|priority:1], old=null
2021-08-12 04:56:29,082 [grpc-default-executor-3] INFO  server.RaftServer$Division (RaftServerImpl.java:requestVote(1043)) - 9a0e8214-5584-40e1-a769-3f536150c8aa@group-FE0E7720EF0E: receive requestVote(ELECTION, 8e39d2b9-5f55-4968-84c5-bb891011fe79, group-FE0E7720EF0E, 3, (t:0, i:0))
2021-08-12 04:56:29,082 [grpc-default-executor-3] INFO  impl.VoteContext (VoteContext.java:log(48)) - 9a0e8214-5584-40e1-a769-3f536150c8aa@group-FE0E7720EF0E-FOLLOWER: accept ELECTION from 8e39d2b9-5f55-4968-84c5-bb891011fe79: our priority 0 <= candidate's priority 1
2021-08-12 04:56:29,082 [grpc-default-executor-3] INFO  server.RaftServer$Division (RaftServerImpl.java:setRole(285)) - 9a0e8214-5584-40e1-a769-3f536150c8aa@group-FE0E7720EF0E: changes role from  FOLLOWER to FOLLOWER at term 3 for candidate:8e39d2b9-5f55-4968-84c5-bb891011fe79
2021-08-12 04:56:29,083 [grpc-default-executor-3] INFO  impl.RoleInfo (RoleInfo.java:shutdownFollowerState(108)) - 9a0e8214-5584-40e1-a769-3f536150c8aa: shutdown 9a0e8214-5584-40e1-a769-3f536150c8aa@group-FE0E7720EF0E-FollowerState
2021-08-12 04:56:29,083 [grpc-default-executor-3] INFO  impl.RoleInfo (RoleInfo.java:updateAndGet(130)) - 9a0e8214-5584-40e1-a769-3f536150c8aa: start 9a0e8214-5584-40e1-a769-3f536150c8aa@group-FE0E7720EF0E-FollowerState
2021-08-12 04:56:29,087 [9a0e8214-5584-40e1-a769-3f536150c8aa@group-FE0E7720EF0E-FollowerState] INFO  impl.FollowerState (FollowerState.java:run(143)) - 9a0e8214-5584-40e1-a769-3f536150c8aa@group-FE0E7720EF0E-FollowerState was interrupted: {}
java.lang.InterruptedException: sleep interrupted
	at java.lang.Thread.sleep(Native Method)
	at java.lang.Thread.sleep(Thread.java:340)
	at java.util.concurrent.TimeUnit.sleep(TimeUnit.java:386)
	at org.apache.ratis.util.TimeDuration.sleep(TimeDuration.java:324)
	at org.apache.ratis.util.TimeDuration.sleep(TimeDuration.java:309)
	at org.apache.ratis.server.impl.FollowerState.run(FollowerState.java:118)
2021-08-12 04:56:29,113 [grpc-default-executor-3] INFO  server.RaftServer$Division (RaftServerImpl.java:requestVote(1075)) - 9a0e8214-5584-40e1-a769-3f536150c8aa@group-FE0E7720EF0E replies to ELECTION vote request: 8e39d2b9-5f55-4968-84c5-bb891011fe79<-9a0e8214-5584-40e1-a769-3f536150c8aa#0:OK-t3. Peer's state: 9a0e8214-5584-40e1-a769-3f536150c8aa@group-FE0E7720EF0E:t3, leader=null, voted=8e39d2b9-5f55-4968-84c5-bb891011fe79, raftlog=9a0e8214-5584-40e1-a769-3f536150c8aa@group-FE0E7720EF0E-SegmentedRaftLog:OPENED:c-1,f-1,i0, conf=-1: [9a0e8214-5584-40e1-a769-3f536150c8aa|rpc:10.1.0.13:46203|priority:0, 1c547540-2a18-4c6b-b829-eadf34e8c743|rpc:10.1.0.13:37015|priority:0, 8e39d2b9-5f55-4968-84c5-bb891011fe79|rpc:10.1.0.13:38289|priority:1], old=null
2021-08-12 04:56:29,118 [grpc-default-executor-2] INFO  server.RaftServer$Division (RaftServerImpl.java:requestVote(1043)) - 1c547540-2a18-4c6b-b829-eadf34e8c743@group-FE0E7720EF0E: receive requestVote(ELECTION, 8e39d2b9-5f55-4968-84c5-bb891011fe79, group-FE0E7720EF0E, 3, (t:0, i:0))
2021-08-12 04:56:29,118 [grpc-default-executor-2] INFO  impl.VoteContext (VoteContext.java:log(48)) - 1c547540-2a18-4c6b-b829-eadf34e8c743@group-FE0E7720EF0E-FOLLOWER: accept ELECTION from 8e39d2b9-5f55-4968-84c5-bb891011fe79: our priority 0 <= candidate's priority 1
2021-08-12 04:56:29,118 [grpc-default-executor-2] INFO  server.RaftServer$Division (RaftServerImpl.java:setRole(285)) - 1c547540-2a18-4c6b-b829-eadf34e8c743@group-FE0E7720EF0E: changes role from  FOLLOWER to FOLLOWER at term 3 for candidate:8e39d2b9-5f55-4968-84c5-bb891011fe79
2021-08-12 04:56:29,118 [grpc-default-executor-2] INFO  impl.RoleInfo (RoleInfo.java:shutdownFollowerState(108)) - 1c547540-2a18-4c6b-b829-eadf34e8c743: shutdown 1c547540-2a18-4c6b-b829-eadf34e8c743@group-FE0E7720EF0E-FollowerState
2021-08-12 04:56:29,118 [grpc-default-executor-2] INFO  impl.RoleInfo (RoleInfo.java:updateAndGet(130)) - 1c547540-2a18-4c6b-b829-eadf34e8c743: start 1c547540-2a18-4c6b-b829-eadf34e8c743@group-FE0E7720EF0E-FollowerState
2021-08-12 04:56:29,118 [1c547540-2a18-4c6b-b829-eadf34e8c743@group-FE0E7720EF0E-FollowerState] INFO  impl.FollowerState (FollowerState.java:run(143)) - 1c547540-2a18-4c6b-b829-eadf34e8c743@group-FE0E7720EF0E-FollowerState was interrupted: {}
java.lang.InterruptedException: sleep interrupted
	at java.lang.Thread.sleep(Native Method)
	at java.lang.Thread.sleep(Thread.java:340)
	at java.util.concurrent.TimeUnit.sleep(TimeUnit.java:386)
	at org.apache.ratis.util.TimeDuration.sleep(TimeDuration.java:324)
	at org.apache.ratis.util.TimeDuration.sleep(TimeDuration.java:309)
	at org.apache.ratis.server.impl.FollowerState.run(FollowerState.java:118)
2021-08-12 04:56:29,125 [grpc-default-executor-2] INFO  server.RaftServer$Division (RaftServerImpl.java:requestVote(1075)) - 1c547540-2a18-4c6b-b829-eadf34e8c743@group-FE0E7720EF0E replies to ELECTION vote request: 8e39d2b9-5f55-4968-84c5-bb891011fe79<-1c547540-2a18-4c6b-b829-eadf34e8c743#0:OK-t3. Peer's state: 1c547540-2a18-4c6b-b829-eadf34e8c743@group-FE0E7720EF0E:t3, leader=null, voted=8e39d2b9-5f55-4968-84c5-bb891011fe79, raftlog=1c547540-2a18-4c6b-b829-eadf34e8c743@group-FE0E7720EF0E-SegmentedRaftLog:OPENED:c-1,f-1,i0, conf=-1: [9a0e8214-5584-40e1-a769-3f536150c8aa|rpc:10.1.0.13:46203|dataStream:|priority:0, 1c547540-2a18-4c6b-b829-eadf34e8c743|rpc:10.1.0.13:37015|dataStream:|priority:0, 8e39d2b9-5f55-4968-84c5-bb891011fe79|rpc:10.1.0.13:38289|dataStream:|priority:1], old=null
2021-08-12 04:56:29,139 [8e39d2b9-5f55-4968-84c5-bb891011fe79@group-FE0E7720EF0E-LeaderElection37] INFO  impl.LeaderElection (LeaderElection.java:logAndReturn(89)) - 8e39d2b9-5f55-4968-84c5-bb891011fe79@group-FE0E7720EF0E-LeaderElection37: ELECTION PASSED received 1 response(s) and 0 exception(s):
2021-08-12 04:56:29,139 [8e39d2b9-5f55-4968-84c5-bb891011fe79@group-FE0E7720EF0E-LeaderElection37] INFO  impl.LeaderElection (LeaderElection.java:logAndReturn(93)) -   Response 0: 8e39d2b9-5f55-4968-84c5-bb891011fe79<-1c547540-2a18-4c6b-b829-eadf34e8c743#0:OK-t3
2021-08-12 04:56:29,139 [8e39d2b9-5f55-4968-84c5-bb891011fe79@group-FE0E7720EF0E-LeaderElection37] INFO  impl.LeaderElection (LeaderElection.java:askForVotes(308)) - 8e39d2b9-5f55-4968-84c5-bb891011fe79@group-FE0E7720EF0E-LeaderElection37 ELECTION round 0: result PASSED
2021-08-12 04:56:29,139 [8e39d2b9-5f55-4968-84c5-bb891011fe79@group-FE0E7720EF0E-LeaderElection37] INFO  impl.RoleInfo (RoleInfo.java:shutdownLeaderElection(121)) - 8e39d2b9-5f55-4968-84c5-bb891011fe79: shutdown 8e39d2b9-5f55-4968-84c5-bb891011fe79@group-FE0E7720EF0E-LeaderElection37
2021-08-12 04:56:29,139 [8e39d2b9-5f55-4968-84c5-bb891011fe79@group-FE0E7720EF0E-LeaderElection37] INFO  server.RaftServer$Division (RaftServerImpl.java:setRole(285)) - 8e39d2b9-5f55-4968-84c5-bb891011fe79@group-FE0E7720EF0E: changes role from CANDIDATE to LEADER at term 3 for changeToLeader
2021-08-12 04:56:29,139 [8e39d2b9-5f55-4968-84c5-bb891011fe79@group-FE0E7720EF0E-LeaderElection37] INFO  ratis.XceiverServerRatis (XceiverServerRatis.java:handleLeaderChangedNotification(861)) - Leader change notification received for group: group-FE0E7720EF0E with new leaderId: 8e39d2b9-5f55-4968-84c5-bb891011fe79
2021-08-12 04:56:29,140 [8e39d2b9-5f55-4968-84c5-bb891011fe79@group-FE0E7720EF0E-LeaderElection37] INFO  server.RaftServer$Division (ServerState.java:setLeader(285)) - 8e39d2b9-5f55-4968-84c5-bb891011fe79@group-FE0E7720EF0E: change Leader from null to 8e39d2b9-5f55-4968-84c5-bb891011fe79 at term 3 for becomeLeader, leader elected after 15273ms
2021-08-12 04:56:29,140 [8e39d2b9-5f55-4968-84c5-bb891011fe79@group-FE0E7720EF0E-LeaderElection37] INFO  server.RaftServerConfigKeys (ConfUtils.java:logGet(44)) - raft.server.staging.catchup.gap = 1000 (default)
2021-08-12 04:56:29,147 [8e39d2b9-5f55-4968-84c5-bb891011fe79@group-FE0E7720EF0E-LeaderElection37] INFO  server.RaftServerConfigKeys (ConfUtils.java:logGet(44)) - raft.server.write.element-limit = 1024 (custom)
2021-08-12 04:56:29,147 [8e39d2b9-5f55-4968-84c5-bb891011fe79@group-FE0E7720EF0E-LeaderElection37] INFO  server.RaftServerConfigKeys (ConfUtils.java:logGet(44)) - raft.server.write.byte-limit = 1024 M (=1073741824) (custom)
2021-08-12 04:56:29,148 [8e39d2b9-5f55-4968-84c5-bb891011fe79@group-FE0E7720EF0E-LeaderElection37] INFO  server.RaftServerConfigKeys (ConfUtils.java:logGet(44)) - raft.server.watch.timeout = 180s (custom)
2021-08-12 04:56:29,148 [8e39d2b9-5f55-4968-84c5-bb891011fe79@group-FE0E7720EF0E-LeaderElection37] INFO  server.RaftServerConfigKeys (ConfUtils.java:logGet(44)) - raft.server.watch.timeout.denomination = 1s (default)
2021-08-12 04:56:29,148 [8e39d2b9-5f55-4968-84c5-bb891011fe79@group-FE0E7720EF0E-LeaderElection37] INFO  server.RaftServerConfigKeys (ConfUtils.java:logGet(44)) - raft.server.watch.element-limit = 65536 (default)
2021-08-12 04:56:29,149 [8e39d2b9-5f55-4968-84c5-bb891011fe79@group-FE0E7720EF0E-LeaderElection37] INFO  server.RaftServerConfigKeys (ConfUtils.java:logGet(44)) - raft.server.log.appender.snapshot.chunk.size.max = 16MB (=16777216) (default)
2021-08-12 04:56:29,149 [8e39d2b9-5f55-4968-84c5-bb891011fe79@group-FE0E7720EF0E-LeaderElection37] INFO  server.RaftServerConfigKeys (ConfUtils.java:logGet(44)) - raft.server.log.appender.buffer.byte-limit = 33554432 (custom)
2021-08-12 04:56:29,149 [8e39d2b9-5f55-4968-84c5-bb891011fe79@group-FE0E7720EF0E-LeaderElection37] INFO  server.RaftServerConfigKeys (ConfUtils.java:logGet(44)) - raft.server.log.appender.buffer.element-limit = 1 (custom)
2021-08-12 04:56:29,149 [8e39d2b9-5f55-4968-84c5-bb891011fe79@group-FE0E7720EF0E-LeaderElection37] INFO  grpc.GrpcConfigKeys (ConfUtils.java:logGet(44)) - raft.grpc.server.leader.outstanding.appends.max = 128 (default)
2021-08-12 04:56:29,149 [8e39d2b9-5f55-4968-84c5-bb891011fe79@group-FE0E7720EF0E-LeaderElection37] INFO  server.RaftServerConfigKeys (ConfUtils.java:logGet(44)) - raft.server.rpc.request.timeout = 60s (custom)
2021-08-12 04:56:29,159 [8e39d2b9-5f55-4968-84c5-bb891011fe79@group-FE0E7720EF0E-LeaderElection37] INFO  server.RaftServerConfigKeys (ConfUtils.java:logGet(44)) - raft.server.log.appender.install.snapshot.enabled = false (custom)
2021-08-12 04:56:29,171 [8e39d2b9-5f55-4968-84c5-bb891011fe79@group-FE0E7720EF0E-LeaderElection37] INFO  server.RaftServerConfigKeys (ConfUtils.java:logGet(44)) - raft.server.log.appender.snapshot.chunk.size.max = 16MB (=16777216) (default)
2021-08-12 04:56:29,172 [8e39d2b9-5f55-4968-84c5-bb891011fe79@group-FE0E7720EF0E-LeaderElection37] INFO  server.RaftServerConfigKeys (ConfUtils.java:logGet(44)) - raft.server.log.appender.buffer.byte-limit = 33554432 (custom)
2021-08-12 04:56:29,172 [8e39d2b9-5f55-4968-84c5-bb891011fe79@group-FE0E7720EF0E-LeaderElection37] INFO  server.RaftServerConfigKeys (ConfUtils.java:logGet(44)) - raft.server.log.appender.buffer.element-limit = 1 (custom)
2021-08-12 04:56:29,172 [8e39d2b9-5f55-4968-84c5-bb891011fe79@group-FE0E7720EF0E-LeaderElection37] INFO  grpc.GrpcConfigKeys (ConfUtils.java:logGet(44)) - raft.grpc.server.leader.outstanding.appends.max = 128 (default)
2021-08-12 04:56:29,172 [8e39d2b9-5f55-4968-84c5-bb891011fe79@group-FE0E7720EF0E-LeaderElection37] INFO  server.RaftServerConfigKeys (ConfUtils.java:logGet(44)) - raft.server.rpc.request.timeout = 60s (custom)
2021-08-12 04:56:29,172 [8e39d2b9-5f55-4968-84c5-bb891011fe79@group-FE0E7720EF0E-LeaderElection37] INFO  server.RaftServerConfigKeys (ConfUtils.java:logGet(44)) - raft.server.log.appender.install.snapshot.enabled = false (custom)
2021-08-12 04:56:29,179 [8e39d2b9-5f55-4968-84c5-bb891011fe79@group-FE0E7720EF0E-LeaderElection37] INFO  impl.RoleInfo (RoleInfo.java:updateAndGet(130)) - 8e39d2b9-5f55-4968-84c5-bb891011fe79: start 8e39d2b9-5f55-4968-84c5-bb891011fe79@group-FE0E7720EF0E-LeaderStateImpl
2021-08-12 04:56:29,184 [8e39d2b9-5f55-4968-84c5-bb891011fe79@group-FE0E7720EF0E-LeaderElection37] INFO  segmented.SegmentedRaftLogWorker (SegmentedRaftLogWorker.java:startLogSegment(394)) - 8e39d2b9-5f55-4968-84c5-bb891011fe79@group-FE0E7720EF0E-SegmentedRaftLogWorker: Starting segment from index:0
2021-08-12 04:56:29,189 [8e39d2b9-5f55-4968-84c5-bb891011fe79@group-FE0E7720EF0E-SegmentedRaftLogWorker] INFO  segmented.SegmentedRaftLogWorker (SegmentedRaftLogWorker.java:execute(601)) - 8e39d2b9-5f55-4968-84c5-bb891011fe79@group-FE0E7720EF0E-SegmentedRaftLogWorker: created new log segment /home/runner/work/ozone/ozone/hadoop-ozone/integration-test/target/test-dir/MiniOzoneClusterImpl-b581443b-e568-4d1b-b747-432576f6d125/datanode-1/data/ratis/92088d2a-0e12-4732-b689-fe0e7720ef0e/current/log_inprogress_0
2021-08-12 04:56:29,230 [grpc-default-executor-2] INFO  ratis.XceiverServerRatis (XceiverServerRatis.java:handleLeaderChangedNotification(861)) - Leader change notification received for group: group-FE0E7720EF0E with new leaderId: 8e39d2b9-5f55-4968-84c5-bb891011fe79
2021-08-12 04:56:29,231 [grpc-default-executor-2] INFO  server.RaftServer$Division (ServerState.java:setLeader(285)) - 9a0e8214-5584-40e1-a769-3f536150c8aa@group-FE0E7720EF0E: change Leader from null to 8e39d2b9-5f55-4968-84c5-bb891011fe79 at term 3 for appendEntries, leader elected after 15505ms
2021-08-12 04:56:29,241 [8e39d2b9-5f55-4968-84c5-bb891011fe79@group-FE0E7720EF0E-LeaderElection37] INFO  server.RaftServer$Division (ServerState.java:setRaftConf(387)) - 8e39d2b9-5f55-4968-84c5-bb891011fe79@group-FE0E7720EF0E: set configuration 0: [9a0e8214-5584-40e1-a769-3f536150c8aa|rpc:10.1.0.13:46203|dataStream:|priority:0, 1c547540-2a18-4c6b-b829-eadf34e8c743|rpc:10.1.0.13:37015|dataStream:|priority:0, 8e39d2b9-5f55-4968-84c5-bb891011fe79|rpc:10.1.0.13:38289|dataStream:|priority:1], old=null
2021-08-12 04:56:29,289 [grpc-default-executor-2] INFO  server.RaftServer$Division (ServerState.java:setRaftConf(387)) - 9a0e8214-5584-40e1-a769-3f536150c8aa@group-FE0E7720EF0E: set configuration 0: [9a0e8214-5584-40e1-a769-3f536150c8aa|rpc:10.1.0.13:46203|dataStream:|priority:0, 1c547540-2a18-4c6b-b829-eadf34e8c743|rpc:10.1.0.13:37015|dataStream:|priority:0, 8e39d2b9-5f55-4968-84c5-bb891011fe79|rpc:10.1.0.13:38289|dataStream:|priority:1], old=null
2021-08-12 04:56:29,290 [grpc-default-executor-2] INFO  segmented.SegmentedRaftLogWorker (SegmentedRaftLogWorker.java:startLogSegment(394)) - 9a0e8214-5584-40e1-a769-3f536150c8aa@group-FE0E7720EF0E-SegmentedRaftLogWorker: Starting segment from index:0
2021-08-12 04:56:29,293 [grpc-default-executor-2] INFO  ratis.XceiverServerRatis (XceiverServerRatis.java:handleLeaderChangedNotification(861)) - Leader change notification received for group: group-FE0E7720EF0E with new leaderId: 8e39d2b9-5f55-4968-84c5-bb891011fe79
2021-08-12 04:56:29,293 [grpc-default-executor-2] INFO  server.RaftServer$Division (ServerState.java:setLeader(285)) - 1c547540-2a18-4c6b-b829-eadf34e8c743@group-FE0E7720EF0E: change Leader from null to 8e39d2b9-5f55-4968-84c5-bb891011fe79 at term 3 for appendEntries, leader elected after 15306ms
2021-08-12 04:56:29,319 [9a0e8214-5584-40e1-a769-3f536150c8aa@group-FE0E7720EF0E-SegmentedRaftLogWorker] INFO  segmented.SegmentedRaftLogWorker (SegmentedRaftLogWorker.java:execute(601)) - 9a0e8214-5584-40e1-a769-3f536150c8aa@group-FE0E7720EF0E-SegmentedRaftLogWorker: created new log segment /home/runner/work/ozone/ozone/hadoop-ozone/integration-test/target/test-dir/MiniOzoneClusterImpl-b581443b-e568-4d1b-b747-432576f6d125/datanode-0/data/ratis/92088d2a-0e12-4732-b689-fe0e7720ef0e/current/log_inprogress_0
2021-08-12 04:56:29,344 [grpc-default-executor-2] INFO  server.RaftServer$Division (ServerState.java:setRaftConf(387)) - 1c547540-2a18-4c6b-b829-eadf34e8c743@group-FE0E7720EF0E: set configuration 0: [9a0e8214-5584-40e1-a769-3f536150c8aa|rpc:10.1.0.13:46203|dataStream:|priority:0, 1c547540-2a18-4c6b-b829-eadf34e8c743|rpc:10.1.0.13:37015|dataStream:|priority:0, 8e39d2b9-5f55-4968-84c5-bb891011fe79|rpc:10.1.0.13:38289|dataStream:|priority:1], old=null
2021-08-12 04:56:29,344 [grpc-default-executor-2] INFO  segmented.SegmentedRaftLogWorker (SegmentedRaftLogWorker.java:startLogSegment(394)) - 1c547540-2a18-4c6b-b829-eadf34e8c743@group-FE0E7720EF0E-SegmentedRaftLogWorker: Starting segment from index:0
2021-08-12 04:56:29,347 [1c547540-2a18-4c6b-b829-eadf34e8c743@group-FE0E7720EF0E-SegmentedRaftLogWorker] INFO  segmented.SegmentedRaftLogWorker (SegmentedRaftLogWorker.java:execute(601)) - 1c547540-2a18-4c6b-b829-eadf34e8c743@group-FE0E7720EF0E-SegmentedRaftLogWorker: created new log segment /home/runner/work/ozone/ozone/hadoop-ozone/integration-test/target/test-dir/MiniOzoneClusterImpl-b581443b-e568-4d1b-b747-432576f6d125/datanode-2/data/ratis/92088d2a-0e12-4732-b689-fe0e7720ef0e/current/log_inprogress_0
2021-08-12 04:56:31,725 [Listener at 127.0.0.1/33743] INFO  ozoneimpl.OzoneContainer (OzoneContainer.java:stop(326)) - Attempting to stop container services.
2021-08-12 04:56:31,727 [Listener at 127.0.0.1/33743] INFO  server.RaftServer (RaftServerProxy.java:lambda$close$6(391)) - 8e39d2b9-5f55-4968-84c5-bb891011fe79: close
2021-08-12 04:56:31,727 [Listener at 127.0.0.1/33743] INFO  server.RaftServer$Division (RaftServerImpl.java:lambda$close$4(407)) - 8e39d2b9-5f55-4968-84c5-bb891011fe79@group-8F42A571F5B2: shutdown
2021-08-12 04:56:31,727 [Listener at 127.0.0.1/33743] INFO  util.JmxRegister (JmxRegister.java:unregister(73)) - Successfully un-registered JMX Bean with object name Ratis:service=RaftServer,group=group-8F42A571F5B2,id=8e39d2b9-5f55-4968-84c5-bb891011fe79
2021-08-12 04:56:31,727 [Listener at 127.0.0.1/33743] INFO  impl.RoleInfo (RoleInfo.java:shutdownLeaderState(91)) - 8e39d2b9-5f55-4968-84c5-bb891011fe79: shutdown 8e39d2b9-5f55-4968-84c5-bb891011fe79@group-8F42A571F5B2-LeaderStateImpl
2021-08-12 04:56:31,728 [Listener at 127.0.0.1/33743] INFO  impl.PendingRequests (PendingRequests.java:sendNotLeaderResponses(282)) - 8e39d2b9-5f55-4968-84c5-bb891011fe79@group-8F42A571F5B2-PendingRequests: sendNotLeaderResponses
2021-08-12 04:56:31,728 [Listener at 127.0.0.1/33743] INFO  impl.StateMachineUpdater (StateMachineUpdater.java:stopAndJoin(149)) - 8e39d2b9-5f55-4968-84c5-bb891011fe79@group-8F42A571F5B2-StateMachineUpdater: set stopIndex = 0
2021-08-12 04:56:31,729 [8e39d2b9-5f55-4968-84c5-bb891011fe79@group-8F42A571F5B2-StateMachineUpdater] INFO  ratis.ContainerStateMachine (ContainerStateMachine.java:takeSnapshot(293)) - group-8F42A571F5B2: Taking a snapshot at:(t:1, i:0) file /home/runner/work/ozone/ozone/hadoop-ozone/integration-test/target/test-dir/MiniOzoneClusterImpl-b581443b-e568-4d1b-b747-432576f6d125/datanode-1/data/ratis/9b4c2edf-5d4c-4784-b099-8f42a571f5b2/sm/snapshot.1_0
2021-08-12 04:56:31,730 [8e39d2b9-5f55-4968-84c5-bb891011fe79@group-8F42A571F5B2-StateMachineUpdater] INFO  ratis.ContainerStateMachine (ContainerStateMachine.java:takeSnapshot(304)) - group-8F42A571F5B2: Finished taking a snapshot at:(t:1, i:0) file:/home/runner/work/ozone/ozone/hadoop-ozone/integration-test/target/test-dir/MiniOzoneClusterImpl-b581443b-e568-4d1b-b747-432576f6d125/datanode-1/data/ratis/9b4c2edf-5d4c-4784-b099-8f42a571f5b2/sm/snapshot.1_0 took: 0 ms
2021-08-12 04:56:31,730 [8e39d2b9-5f55-4968-84c5-bb891011fe79@group-8F42A571F5B2-StateMachineUpdater] INFO  impl.StateMachineUpdater (StateMachineUpdater.java:takeSnapshot(281)) - 8e39d2b9-5f55-4968-84c5-bb891011fe79@group-8F42A571F5B2-StateMachineUpdater: Took a snapshot at index 0
2021-08-12 04:56:31,730 [8e39d2b9-5f55-4968-84c5-bb891011fe79@group-8F42A571F5B2-StateMachineUpdater] INFO  impl.StateMachineUpdater (StateMachineUpdater.java:lambda$new$0(89)) - 8e39d2b9-5f55-4968-84c5-bb891011fe79@group-8F42A571F5B2-StateMachineUpdater: snapshotIndex: updateIncreasingly -1 -> 0
2021-08-12 04:56:31,731 [Listener at 127.0.0.1/33743] INFO  server.RaftServer$Division (ServerState.java:close(419)) - 8e39d2b9-5f55-4968-84c5-bb891011fe79@group-8F42A571F5B2: closes. applyIndex: 0
2021-08-12 04:56:31,731 [ForkJoinPool.commonPool-worker-0] INFO  ozoneimpl.OzoneContainer (OzoneContainer.java:stop(326)) - Attempting to stop container services.
2021-08-12 04:56:31,732 [8e39d2b9-5f55-4968-84c5-bb891011fe79@group-8F42A571F5B2-SegmentedRaftLogWorker] INFO  segmented.SegmentedRaftLogWorker (SegmentedRaftLogWorker.java:run(327)) - 8e39d2b9-5f55-4968-84c5-bb891011fe79@group-8F42A571F5B2-SegmentedRaftLogWorker was interrupted, exiting. There are 0 tasks remaining in the queue.
2021-08-12 04:56:31,739 [ForkJoinPool.commonPool-worker-0] INFO  server.RaftServer (RaftServerProxy.java:lambda$close$6(391)) - 9a0e8214-5584-40e1-a769-3f536150c8aa: close
2021-08-12 04:56:31,739 [ForkJoinPool.commonPool-worker-0] INFO  server.RaftServer$Division (RaftServerImpl.java:lambda$close$4(407)) - 9a0e8214-5584-40e1-a769-3f536150c8aa@group-14B6E25724D0: shutdown
2021-08-12 04:56:31,740 [ForkJoinPool.commonPool-worker-0] INFO  util.JmxRegister (JmxRegister.java:unregister(73)) - Successfully un-registered JMX Bean with object name Ratis:service=RaftServer,group=group-14B6E25724D0,id=9a0e8214-5584-40e1-a769-3f536150c8aa
2021-08-12 04:56:31,740 [ForkJoinPool.commonPool-worker-0] INFO  impl.RoleInfo (RoleInfo.java:shutdownFollowerState(108)) - 9a0e8214-5584-40e1-a769-3f536150c8aa: shutdown 9a0e8214-5584-40e1-a769-3f536150c8aa@group-14B6E25724D0-FollowerState
2021-08-12 04:56:31,741 [ForkJoinPool.commonPool-worker-0] INFO  impl.StateMachineUpdater (StateMachineUpdater.java:stopAndJoin(149)) - 9a0e8214-5584-40e1-a769-3f536150c8aa@group-14B6E25724D0-StateMachineUpdater: set stopIndex = 0
2021-08-12 04:56:31,741 [9a0e8214-5584-40e1-a769-3f536150c8aa@group-14B6E25724D0-FollowerState] INFO  impl.FollowerState (FollowerState.java:run(143)) - 9a0e8214-5584-40e1-a769-3f536150c8aa@group-14B6E25724D0-FollowerState was interrupted: {}
java.lang.InterruptedException: sleep interrupted
	at java.lang.Thread.sleep(Native Method)
	at java.lang.Thread.sleep(Thread.java:340)
	at java.util.concurrent.TimeUnit.sleep(TimeUnit.java:386)
	at org.apache.ratis.util.TimeDuration.sleep(TimeDuration.java:324)
	at org.apache.ratis.util.TimeDuration.sleep(TimeDuration.java:309)
	at org.apache.ratis.server.impl.FollowerState.run(FollowerState.java:118)
2021-08-12 04:56:31,742 [9a0e8214-5584-40e1-a769-3f536150c8aa@group-14B6E25724D0-StateMachineUpdater] INFO  ratis.ContainerStateMachine (ContainerStateMachine.java:takeSnapshot(293)) - group-14B6E25724D0: Taking a snapshot at:(t:2, i:0) file /home/runner/work/ozone/ozone/hadoop-ozone/integration-test/target/test-dir/MiniOzoneClusterImpl-b581443b-e568-4d1b-b747-432576f6d125/datanode-0/data/ratis/26801f47-f8ca-46ae-ab78-14b6e25724d0/sm/snapshot.2_0
2021-08-12 04:56:31,753 [Listener at 127.0.0.1/33743] INFO  segmented.SegmentedRaftLogWorker (SegmentedRaftLogWorker.java:close(237)) - 8e39d2b9-5f55-4968-84c5-bb891011fe79@group-8F42A571F5B2-SegmentedRaftLogWorker close()
2021-08-12 04:56:31,754 [9a0e8214-5584-40e1-a769-3f536150c8aa@group-14B6E25724D0-StateMachineUpdater] INFO  ratis.ContainerStateMachine (ContainerStateMachine.java:takeSnapshot(304)) - group-14B6E25724D0: Finished taking a snapshot at:(t:2, i:0) file:/home/runner/work/ozone/ozone/hadoop-ozone/integration-test/target/test-dir/MiniOzoneClusterImpl-b581443b-e568-4d1b-b747-432576f6d125/datanode-0/data/ratis/26801f47-f8ca-46ae-ab78-14b6e25724d0/sm/snapshot.2_0 took: 12 ms
2021-08-12 04:56:31,754 [9a0e8214-5584-40e1-a769-3f536150c8aa@group-14B6E25724D0-StateMachineUpdater] INFO  impl.StateMachineUpdater (StateMachineUpdater.java:takeSnapshot(281)) - 9a0e8214-5584-40e1-a769-3f536150c8aa@group-14B6E25724D0-StateMachineUpdater: Took a snapshot at index 0
2021-08-12 04:56:31,754 [9a0e8214-5584-40e1-a769-3f536150c8aa@group-14B6E25724D0-StateMachineUpdater] INFO  impl.StateMachineUpdater (StateMachineUpdater.java:lambda$new$0(89)) - 9a0e8214-5584-40e1-a769-3f536150c8aa@group-14B6E25724D0-StateMachineUpdater: snapshotIndex: updateIncreasingly -1 -> 0
2021-08-12 04:56:31,760 [ForkJoinPool.commonPool-worker-0] INFO  server.RaftServer$Division (ServerState.java:close(419)) - 9a0e8214-5584-40e1-a769-3f536150c8aa@group-14B6E25724D0: closes. applyIndex: 0
2021-08-12 04:56:31,760 [9a0e8214-5584-40e1-a769-3f536150c8aa@group-14B6E25724D0-SegmentedRaftLogWorker] INFO  segmented.SegmentedRaftLogWorker (SegmentedRaftLogWorker.java:run(327)) - 9a0e8214-5584-40e1-a769-3f536150c8aa@group-14B6E25724D0-SegmentedRaftLogWorker was interrupted, exiting. There are 0 tasks remaining in the queue.
2021-08-12 04:56:31,781 [Listener at 127.0.0.1/33743] INFO  server.RaftServer$Division (RaftServerImpl.java:lambda$close$4(407)) - 8e39d2b9-5f55-4968-84c5-bb891011fe79@group-14B6E25724D0: shutdown
2021-08-12 04:56:31,781 [Listener at 127.0.0.1/33743] INFO  util.JmxRegister (JmxRegister.java:unregister(73)) - Successfully un-registered JMX Bean with object name Ratis:service=RaftServer,group=group-14B6E25724D0,id=8e39d2b9-5f55-4968-84c5-bb891011fe79
2021-08-12 04:56:31,781 [Listener at 127.0.0.1/33743] INFO  impl.RoleInfo (RoleInfo.java:shutdownFollowerState(108)) - 8e39d2b9-5f55-4968-84c5-bb891011fe79: shutdown 8e39d2b9-5f55-4968-84c5-bb891011fe79@group-14B6E25724D0-FollowerState
2021-08-12 04:56:31,781 [Listener at 127.0.0.1/33743] INFO  impl.StateMachineUpdater (StateMachineUpdater.java:stopAndJoin(149)) - 8e39d2b9-5f55-4968-84c5-bb891011fe79@group-14B6E25724D0-StateMachineUpdater: set stopIndex = 0
2021-08-12 04:56:31,781 [8e39d2b9-5f55-4968-84c5-bb891011fe79@group-14B6E25724D0-FollowerState] INFO  impl.FollowerState (FollowerState.java:run(143)) - 8e39d2b9-5f55-4968-84c5-bb891011fe79@group-14B6E25724D0-FollowerState was interrupted: {}
java.lang.InterruptedException: sleep interrupted
	at java.lang.Thread.sleep(Native Method)
	at java.lang.Thread.sleep(Thread.java:340)
	at java.util.concurrent.TimeUnit.sleep(TimeUnit.java:386)
	at org.apache.ratis.util.TimeDuration.sleep(TimeDuration.java:324)
	at org.apache.ratis.util.TimeDuration.sleep(TimeDuration.java:309)
	at org.apache.ratis.server.impl.FollowerState.run(FollowerState.java:118)
2021-08-12 04:56:31,782 [8e39d2b9-5f55-4968-84c5-bb891011fe79@group-14B6E25724D0-StateMachineUpdater] INFO  ratis.ContainerStateMachine (ContainerStateMachine.java:takeSnapshot(293)) - group-14B6E25724D0: Taking a snapshot at:(t:2, i:0) file /home/runner/work/ozone/ozone/hadoop-ozone/integration-test/target/test-dir/MiniOzoneClusterImpl-b581443b-e568-4d1b-b747-432576f6d125/datanode-1/data/ratis/26801f47-f8ca-46ae-ab78-14b6e25724d0/sm/snapshot.2_0
2021-08-12 04:56:31,783 [ForkJoinPool.commonPool-worker-0] INFO  segmented.SegmentedRaftLogWorker (SegmentedRaftLogWorker.java:close(237)) - 9a0e8214-5584-40e1-a769-3f536150c8aa@group-14B6E25724D0-SegmentedRaftLogWorker close()
2021-08-12 04:56:31,783 [8e39d2b9-5f55-4968-84c5-bb891011fe79@group-14B6E25724D0-StateMachineUpdater] INFO  ratis.ContainerStateMachine (ContainerStateMachine.java:takeSnapshot(304)) - group-14B6E25724D0: Finished taking a snapshot at:(t:2, i:0) file:/home/runner/work/ozone/ozone/hadoop-ozone/integration-test/target/test-dir/MiniOzoneClusterImpl-b581443b-e568-4d1b-b747-432576f6d125/datanode-1/data/ratis/26801f47-f8ca-46ae-ab78-14b6e25724d0/sm/snapshot.2_0 took: 1 ms
2021-08-12 04:56:31,783 [8e39d2b9-5f55-4968-84c5-bb891011fe79@group-14B6E25724D0-StateMachineUpdater] INFO  impl.StateMachineUpdater (StateMachineUpdater.java:takeSnapshot(281)) - 8e39d2b9-5f55-4968-84c5-bb891011fe79@group-14B6E25724D0-StateMachineUpdater: Took a snapshot at index 0
2021-08-12 04:56:31,783 [8e39d2b9-5f55-4968-84c5-bb891011fe79@group-14B6E25724D0-StateMachineUpdater] INFO  impl.StateMachineUpdater (StateMachineUpdater.java:lambda$new$0(89)) - 8e39d2b9-5f55-4968-84c5-bb891011fe79@group-14B6E25724D0-StateMachineUpdater: snapshotIndex: updateIncreasingly -1 -> 0
2021-08-12 04:56:31,787 [ForkJoinPool.commonPool-worker-0] INFO  server.RaftServer$Division (RaftServerImpl.java:lambda$close$4(407)) - 9a0e8214-5584-40e1-a769-3f536150c8aa@group-FE0E7720EF0E: shutdown
2021-08-12 04:56:31,787 [ForkJoinPool.commonPool-worker-0] INFO  util.JmxRegister (JmxRegister.java:unregister(73)) - Successfully un-registered JMX Bean with object name Ratis:service=RaftServer,group=group-FE0E7720EF0E,id=9a0e8214-5584-40e1-a769-3f536150c8aa
2021-08-12 04:56:31,787 [ForkJoinPool.commonPool-worker-0] INFO  impl.RoleInfo (RoleInfo.java:shutdownFollowerState(108)) - 9a0e8214-5584-40e1-a769-3f536150c8aa: shutdown 9a0e8214-5584-40e1-a769-3f536150c8aa@group-FE0E7720EF0E-FollowerState
2021-08-12 04:56:31,788 [ForkJoinPool.commonPool-worker-0] INFO  impl.StateMachineUpdater (StateMachineUpdater.java:stopAndJoin(149)) - 9a0e8214-5584-40e1-a769-3f536150c8aa@group-FE0E7720EF0E-StateMachineUpdater: set stopIndex = -1
2021-08-12 04:56:31,788 [9a0e8214-5584-40e1-a769-3f536150c8aa@group-FE0E7720EF0E-FollowerState] INFO  impl.FollowerState (FollowerState.java:run(143)) - 9a0e8214-5584-40e1-a769-3f536150c8aa@group-FE0E7720EF0E-FollowerState was interrupted: {}
java.lang.InterruptedException: sleep interrupted
	at java.lang.Thread.sleep(Native Method)
	at java.lang.Thread.sleep(Thread.java:340)
	at java.util.concurrent.TimeUnit.sleep(TimeUnit.java:386)
	at org.apache.ratis.util.TimeDuration.sleep(TimeDuration.java:324)
	at org.apache.ratis.util.TimeDuration.sleep(TimeDuration.java:309)
	at org.apache.ratis.server.impl.FollowerState.run(FollowerState.java:118)
2021-08-12 04:56:31,788 [ForkJoinPool.commonPool-worker-0] INFO  server.RaftServer$Division (ServerState.java:close(419)) - 9a0e8214-5584-40e1-a769-3f536150c8aa@group-FE0E7720EF0E: closes. applyIndex: -1
2021-08-12 04:56:31,788 [9a0e8214-5584-40e1-a769-3f536150c8aa@group-FE0E7720EF0E-SegmentedRaftLogWorker] INFO  segmented.SegmentedRaftLogWorker (SegmentedRaftLogWorker.java:run(327)) - 9a0e8214-5584-40e1-a769-3f536150c8aa@group-FE0E7720EF0E-SegmentedRaftLogWorker was interrupted, exiting. There are 0 tasks remaining in the queue.
2021-08-12 04:56:31,789 [ForkJoinPool.commonPool-worker-0] INFO  segmented.SegmentedRaftLogWorker (SegmentedRaftLogWorker.java:close(237)) - 9a0e8214-5584-40e1-a769-3f536150c8aa@group-FE0E7720EF0E-SegmentedRaftLogWorker close()
2021-08-12 04:56:31,790 [ForkJoinPool.commonPool-worker-0] INFO  server.RaftServer$Division (RaftServerImpl.java:lambda$close$4(407)) - 9a0e8214-5584-40e1-a769-3f536150c8aa@group-3DD49D2A6AE8: shutdown
2021-08-12 04:56:31,790 [ForkJoinPool.commonPool-worker-0] INFO  util.JmxRegister (JmxRegister.java:unregister(73)) - Successfully un-registered JMX Bean with object name Ratis:service=RaftServer,group=group-3DD49D2A6AE8,id=9a0e8214-5584-40e1-a769-3f536150c8aa
2021-08-12 04:56:31,790 [ForkJoinPool.commonPool-worker-0] INFO  impl.RoleInfo (RoleInfo.java:shutdownLeaderState(91)) - 9a0e8214-5584-40e1-a769-3f536150c8aa: shutdown 9a0e8214-5584-40e1-a769-3f536150c8aa@group-3DD49D2A6AE8-LeaderStateImpl
2021-08-12 04:56:31,791 [ForkJoinPool.commonPool-worker-0] INFO  impl.PendingRequests (PendingRequests.java:sendNotLeaderResponses(282)) - 9a0e8214-5584-40e1-a769-3f536150c8aa@group-3DD49D2A6AE8-PendingRequests: sendNotLeaderResponses
2021-08-12 04:56:31,802 [Listener at 127.0.0.1/33743] INFO  server.RaftServer$Division (ServerState.java:close(419)) - 8e39d2b9-5f55-4968-84c5-bb891011fe79@group-14B6E25724D0: closes. applyIndex: 0
2021-08-12 04:56:31,802 [8e39d2b9-5f55-4968-84c5-bb891011fe79@group-14B6E25724D0-SegmentedRaftLogWorker] INFO  segmented.SegmentedRaftLogWorker (SegmentedRaftLogWorker.java:run(327)) - 8e39d2b9-5f55-4968-84c5-bb891011fe79@group-14B6E25724D0-SegmentedRaftLogWorker was interrupted, exiting. There are 0 tasks remaining in the queue.
2021-08-12 04:56:31,802 [9a0e8214-5584-40e1-a769-3f536150c8aa@group-3DD49D2A6AE8-StateMachineUpdater] INFO  ratis.ContainerStateMachine (ContainerStateMachine.java:takeSnapshot(293)) - group-3DD49D2A6AE8: Taking a snapshot at:(t:1, i:0) file /home/runner/work/ozone/ozone/hadoop-ozone/integration-test/target/test-dir/MiniOzoneClusterImpl-b581443b-e568-4d1b-b747-432576f6d125/datanode-0/data/ratis/09faa670-87df-428e-97e1-3dd49d2a6ae8/sm/snapshot.1_0
2021-08-12 04:56:31,802 [Listener at 127.0.0.1/33743] INFO  segmented.SegmentedRaftLogWorker (SegmentedRaftLogWorker.java:close(237)) - 8e39d2b9-5f55-4968-84c5-bb891011fe79@group-14B6E25724D0-SegmentedRaftLogWorker close()
2021-08-12 04:56:31,804 [Listener at 127.0.0.1/33743] INFO  server.RaftServer$Division (RaftServerImpl.java:lambda$close$4(407)) - 8e39d2b9-5f55-4968-84c5-bb891011fe79@group-FE0E7720EF0E: shutdown
2021-08-12 04:56:31,804 [Listener at 127.0.0.1/33743] INFO  util.JmxRegister (JmxRegister.java:unregister(73)) - Successfully un-registered JMX Bean with object name Ratis:service=RaftServer,group=group-FE0E7720EF0E,id=8e39d2b9-5f55-4968-84c5-bb891011fe79
2021-08-12 04:56:31,804 [Listener at 127.0.0.1/33743] INFO  impl.RoleInfo (RoleInfo.java:shutdownLeaderState(91)) - 8e39d2b9-5f55-4968-84c5-bb891011fe79: shutdown 8e39d2b9-5f55-4968-84c5-bb891011fe79@group-FE0E7720EF0E-LeaderStateImpl
2021-08-12 04:56:31,804 [Listener at 127.0.0.1/33743] INFO  impl.PendingRequests (PendingRequests.java:sendNotLeaderResponses(282)) - 8e39d2b9-5f55-4968-84c5-bb891011fe79@group-FE0E7720EF0E-PendingRequests: sendNotLeaderResponses
2021-08-12 04:56:31,805 [Listener at 127.0.0.1/33743] INFO  impl.StateMachineUpdater (StateMachineUpdater.java:stopAndJoin(149)) - 8e39d2b9-5f55-4968-84c5-bb891011fe79@group-FE0E7720EF0E-StateMachineUpdater: set stopIndex = 0
2021-08-12 04:56:31,805 [8e39d2b9-5f55-4968-84c5-bb891011fe79@group-FE0E7720EF0E->9a0e8214-5584-40e1-a769-3f536150c8aa-GrpcLogAppender-LogAppenderDaemon] WARN  server.GrpcLogAppender (GrpcLogAppender.java:mayWait(175)) - 8e39d2b9-5f55-4968-84c5-bb891011fe79@group-FE0E7720EF0E->9a0e8214-5584-40e1-a769-3f536150c8aa-GrpcLogAppender: Wait interrupted by java.lang.InterruptedException
2021-08-12 04:56:31,805 [8e39d2b9-5f55-4968-84c5-bb891011fe79@group-FE0E7720EF0E-StateMachineUpdater] INFO  ratis.ContainerStateMachine (ContainerStateMachine.java:takeSnapshot(293)) - group-FE0E7720EF0E: Taking a snapshot at:(t:3, i:0) file /home/runner/work/ozone/ozone/hadoop-ozone/integration-test/target/test-dir/MiniOzoneClusterImpl-b581443b-e568-4d1b-b747-432576f6d125/datanode-1/data/ratis/92088d2a-0e12-4732-b689-fe0e7720ef0e/sm/snapshot.3_0
2021-08-12 04:56:31,806 [grpc-default-executor-2] INFO  server.GrpcServerProtocolService (GrpcServerProtocolService.java:onCompleted(140)) - 9a0e8214-5584-40e1-a769-3f536150c8aa: Completed APPEND_ENTRIES, lastRequest: 8e39d2b9-5f55-4968-84c5-bb891011fe79->9a0e8214-5584-40e1-a769-3f536150c8aa#1-t3,previous=(t:0, i:0),leaderCommit=-1,initializing? true,entries: size=1, first=(t:3, i:0), CONFIGURATIONENTRY
2021-08-12 04:56:31,807 [8e39d2b9-5f55-4968-84c5-bb891011fe79@group-FE0E7720EF0E-StateMachineUpdater] INFO  ratis.ContainerStateMachine (ContainerStateMachine.java:takeSnapshot(304)) - group-FE0E7720EF0E: Finished taking a snapshot at:(t:3, i:0) file:/home/runner/work/ozone/ozone/hadoop-ozone/integration-test/target/test-dir/MiniOzoneClusterImpl-b581443b-e568-4d1b-b747-432576f6d125/datanode-1/data/ratis/92088d2a-0e12-4732-b689-fe0e7720ef0e/sm/snapshot.3_0 took: 1 ms
2021-08-12 04:56:31,807 [grpc-default-executor-2] INFO  server.GrpcLogAppender (GrpcLogAppender.java:onCompleted(344)) - 8e39d2b9-5f55-4968-84c5-bb891011fe79@group-FE0E7720EF0E->9a0e8214-5584-40e1-a769-3f536150c8aa-AppendLogResponseHandler: follower responses appendEntries COMPLETED
2021-08-12 04:56:31,807 [8e39d2b9-5f55-4968-84c5-bb891011fe79@group-FE0E7720EF0E-StateMachineUpdater] INFO  impl.StateMachineUpdater (StateMachineUpdater.java:takeSnapshot(281)) - 8e39d2b9-5f55-4968-84c5-bb891011fe79@group-FE0E7720EF0E-StateMachineUpdater: Took a snapshot at index 0
2021-08-12 04:56:31,807 [grpc-default-executor-2] INFO  leader.FollowerInfo (FollowerInfoImpl.java:lambda$new$0(46)) - 8e39d2b9-5f55-4968-84c5-bb891011fe79@group-FE0E7720EF0E->9a0e8214-5584-40e1-a769-3f536150c8aa: nextIndex: updateUnconditionally 1 -> 0
2021-08-12 04:56:31,807 [8e39d2b9-5f55-4968-84c5-bb891011fe79@group-FE0E7720EF0E-StateMachineUpdater] INFO  impl.StateMachineUpdater (StateMachineUpdater.java:lambda$new$0(89)) - 8e39d2b9-5f55-4968-84c5-bb891011fe79@group-FE0E7720EF0E-StateMachineUpdater: snapshotIndex: updateIncreasingly -1 -> 0
2021-08-12 04:56:31,819 [Listener at 127.0.0.1/33743] INFO  server.RaftServer$Division (ServerState.java:close(419)) - 8e39d2b9-5f55-4968-84c5-bb891011fe79@group-FE0E7720EF0E: closes. applyIndex: 0
2021-08-12 04:56:31,819 [8e39d2b9-5f55-4968-84c5-bb891011fe79@group-FE0E7720EF0E-SegmentedRaftLogWorker] INFO  segmented.SegmentedRaftLogWorker (SegmentedRaftLogWorker.java:run(327)) - 8e39d2b9-5f55-4968-84c5-bb891011fe79@group-FE0E7720EF0E-SegmentedRaftLogWorker was interrupted, exiting. There are 0 tasks remaining in the queue.
2021-08-12 04:56:31,819 [Listener at 127.0.0.1/33743] INFO  segmented.SegmentedRaftLogWorker (SegmentedRaftLogWorker.java:close(237)) - 8e39d2b9-5f55-4968-84c5-bb891011fe79@group-FE0E7720EF0E-SegmentedRaftLogWorker close()
2021-08-12 04:56:31,823 [ForkJoinPool.commonPool-worker-0] INFO  impl.StateMachineUpdater (StateMachineUpdater.java:stopAndJoin(149)) - 9a0e8214-5584-40e1-a769-3f536150c8aa@group-3DD49D2A6AE8-StateMachineUpdater: set stopIndex = 0
2021-08-12 04:56:31,824 [Listener at 127.0.0.1/33743] INFO  server.GrpcService (GrpcService.java:closeImpl(262)) - 8e39d2b9-5f55-4968-84c5-bb891011fe79: shutdown server with port 38289 now
2021-08-12 04:56:31,831 [8e39d2b9-5f55-4968-84c5-bb891011fe79@group-FE0E7720EF0E->1c547540-2a18-4c6b-b829-eadf34e8c743-GrpcLogAppender-LogAppenderDaemon] WARN  server.GrpcLogAppender (GrpcLogAppender.java:mayWait(175)) - 8e39d2b9-5f55-4968-84c5-bb891011fe79@group-FE0E7720EF0E->1c547540-2a18-4c6b-b829-eadf34e8c743-GrpcLogAppender: Wait interrupted by java.lang.InterruptedException
2021-08-12 04:56:31,832 [grpc-default-executor-2] INFO  server.GrpcServerProtocolService (GrpcServerProtocolService.java:onCompleted(140)) - 1c547540-2a18-4c6b-b829-eadf34e8c743: Completed APPEND_ENTRIES, lastRequest: 8e39d2b9-5f55-4968-84c5-bb891011fe79->1c547540-2a18-4c6b-b829-eadf34e8c743#1-t3,previous=(t:0, i:0),leaderCommit=0,initializing? true,entries: size=1, first=(t:3, i:0), CONFIGURATIONENTRY
2021-08-12 04:56:31,833 [grpc-default-executor-1] INFO  server.GrpcLogAppender (GrpcLogAppender.java:onCompleted(344)) - 8e39d2b9-5f55-4968-84c5-bb891011fe79@group-FE0E7720EF0E->1c547540-2a18-4c6b-b829-eadf34e8c743-AppendLogResponseHandler: follower responses appendEntries COMPLETED
2021-08-12 04:56:31,833 [grpc-default-executor-1] INFO  leader.FollowerInfo (FollowerInfoImpl.java:lambda$new$0(46)) - 8e39d2b9-5f55-4968-84c5-bb891011fe79@group-FE0E7720EF0E->1c547540-2a18-4c6b-b829-eadf34e8c743: nextIndex: updateUnconditionally 1 -> 0
2021-08-12 04:56:31,834 [9a0e8214-5584-40e1-a769-3f536150c8aa@group-3DD49D2A6AE8-StateMachineUpdater] INFO  ratis.ContainerStateMachine (ContainerStateMachine.java:takeSnapshot(304)) - group-3DD49D2A6AE8: Finished taking a snapshot at:(t:1, i:0) file:/home/runner/work/ozone/ozone/hadoop-ozone/integration-test/target/test-dir/MiniOzoneClusterImpl-b581443b-e568-4d1b-b747-432576f6d125/datanode-0/data/ratis/09faa670-87df-428e-97e1-3dd49d2a6ae8/sm/snapshot.1_0 took: 31 ms
2021-08-12 04:56:31,834 [9a0e8214-5584-40e1-a769-3f536150c8aa@group-3DD49D2A6AE8-StateMachineUpdater] INFO  impl.StateMachineUpdater (StateMachineUpdater.java:takeSnapshot(281)) - 9a0e8214-5584-40e1-a769-3f536150c8aa@group-3DD49D2A6AE8-StateMachineUpdater: Took a snapshot at index 0
2021-08-12 04:56:31,834 [9a0e8214-5584-40e1-a769-3f536150c8aa@group-3DD49D2A6AE8-StateMachineUpdater] INFO  impl.StateMachineUpdater (StateMachineUpdater.java:lambda$new$0(89)) - 9a0e8214-5584-40e1-a769-3f536150c8aa@group-3DD49D2A6AE8-StateMachineUpdater: snapshotIndex: updateIncreasingly -1 -> 0
2021-08-12 04:56:31,835 [ForkJoinPool.commonPool-worker-0] INFO  server.RaftServer$Division (ServerState.java:close(419)) - 9a0e8214-5584-40e1-a769-3f536150c8aa@group-3DD49D2A6AE8: closes. applyIndex: 0
2021-08-12 04:56:31,835 [9a0e8214-5584-40e1-a769-3f536150c8aa@group-3DD49D2A6AE8-SegmentedRaftLogWorker] INFO  segmented.SegmentedRaftLogWorker (SegmentedRaftLogWorker.java:run(327)) - 9a0e8214-5584-40e1-a769-3f536150c8aa@group-3DD49D2A6AE8-SegmentedRaftLogWorker was interrupted, exiting. There are 0 tasks remaining in the queue.
2021-08-12 04:56:31,836 [ForkJoinPool.commonPool-worker-0] INFO  segmented.SegmentedRaftLogWorker (SegmentedRaftLogWorker.java:close(237)) - 9a0e8214-5584-40e1-a769-3f536150c8aa@group-3DD49D2A6AE8-SegmentedRaftLogWorker close()
2021-08-12 04:56:31,837 [ForkJoinPool.commonPool-worker-0] INFO  server.GrpcService (GrpcService.java:closeImpl(262)) - 9a0e8214-5584-40e1-a769-3f536150c8aa: shutdown server with port 46203 now
2021-08-12 04:56:31,851 [ForkJoinPool.commonPool-worker-0] INFO  server.GrpcService (GrpcService.java:closeImpl(271)) - 9a0e8214-5584-40e1-a769-3f536150c8aa: shutdown server with port 46203 successfully
2021-08-12 04:56:31,855 [org.apache.ratis.util.JvmPauseMonitor$$Lambda$531/403959257@377cdf70] INFO  util.JvmPauseMonitor (JvmPauseMonitor.java:run(109)) - JvmPauseMonitor-9a0e8214-5584-40e1-a769-3f536150c8aa: Stopped
2021-08-12 04:56:31,878 [ForkJoinPool.commonPool-worker-0] INFO  utils.BackgroundService (BackgroundService.java:shutdown(132)) - Shutting down service BlockDeletingService
2021-08-12 04:56:31,889 [Listener at 127.0.0.1/33743] INFO  server.GrpcService (GrpcService.java:closeImpl(271)) - 8e39d2b9-5f55-4968-84c5-bb891011fe79: shutdown server with port 38289 successfully
2021-08-12 04:56:31,889 [org.apache.ratis.util.JvmPauseMonitor$$Lambda$531/403959257@6ba107d7] INFO  util.JvmPauseMonitor (JvmPauseMonitor.java:run(109)) - JvmPauseMonitor-8e39d2b9-5f55-4968-84c5-bb891011fe79: Stopped
2021-08-12 04:56:31,891 [Listener at 127.0.0.1/33743] INFO  utils.BackgroundService (BackgroundService.java:shutdown(132)) - Shutting down service BlockDeletingService
2021-08-12 04:56:34,887 [ForkJoinPool.commonPool-worker-0] INFO  statemachine.DatanodeStateMachine (DatanodeStateMachine.java:stopDaemon(515)) - Ozone container server stopped.
2021-08-12 04:56:34,907 [Listener at 127.0.0.1/33743] INFO  statemachine.DatanodeStateMachine (DatanodeStateMachine.java:stopDaemon(515)) - Ozone container server stopped.
2021-08-12 04:56:34,911 [Listener at 127.0.0.1/33743] INFO  handler.ContextHandler (ContextHandler.java:doStop(1153)) - Stopped o.e.j.w.WebAppContext@52243de4{hddsDatanode,/,null,STOPPED}{jar:file:/home/runner/.m2/repository/org/apache/ozone/hdds-container-service/1.2.0-SNAPSHOT/hdds-container-service-1.2.0-SNAPSHOT.jar!/webapps/hddsDatanode}
2021-08-12 04:56:34,913 [ForkJoinPool.commonPool-worker-0] INFO  handler.ContextHandler (ContextHandler.java:doStop(1153)) - Stopped o.e.j.w.WebAppContext@678a2118{hddsDatanode,/,null,STOPPED}{jar:file:/home/runner/.m2/repository/org/apache/ozone/hdds-container-service/1.2.0-SNAPSHOT/hdds-container-service-1.2.0-SNAPSHOT.jar!/webapps/hddsDatanode}
2021-08-12 04:56:34,914 [ForkJoinPool.commonPool-worker-0] INFO  server.AbstractConnector (AbstractConnector.java:doStop(381)) - Stopped ServerConnector@67e984f4{HTTP/1.1, (http/1.1)}{0.0.0.0:0}
2021-08-12 04:56:34,914 [ForkJoinPool.commonPool-worker-0] INFO  server.session (HouseKeeper.java:stopScavenging(149)) - node0 Stopped scavenging
2021-08-12 04:56:34,918 [ForkJoinPool.commonPool-worker-0] INFO  handler.ContextHandler (ContextHandler.java:doStop(1153)) - Stopped o.e.j.s.ServletContextHandler@3094eb00{static,/static,jar:file:/home/runner/.m2/repository/org/apache/ozone/hdds-container-service/1.2.0-SNAPSHOT/hdds-container-service-1.2.0-SNAPSHOT.jar!/webapps/static,STOPPED}
2021-08-12 04:56:34,931 [ForkJoinPool.commonPool-worker-0] INFO  handler.ContextHandler (ContextHandler.java:doStop(1153)) - Stopped o.e.j.s.ServletContextHandler@53b9c27d{logs,/logs,file:///home/runner/work/ozone/ozone/hadoop-ozone/integration-test/target/log,STOPPED}
2021-08-12 04:56:34,941 [Listener at 127.0.0.1/33743] INFO  server.AbstractConnector (AbstractConnector.java:doStop(381)) - Stopped ServerConnector@2df24519{HTTP/1.1, (http/1.1)}{0.0.0.0:0}
2021-08-12 04:56:34,941 [Listener at 127.0.0.1/33743] INFO  server.session (HouseKeeper.java:stopScavenging(149)) - node0 Stopped scavenging
2021-08-12 04:56:34,941 [Listener at 127.0.0.1/33743] INFO  handler.ContextHandler (ContextHandler.java:doStop(1153)) - Stopped o.e.j.s.ServletContextHandler@722c40bf{static,/static,jar:file:/home/runner/.m2/repository/org/apache/ozone/hdds-container-service/1.2.0-SNAPSHOT/hdds-container-service-1.2.0-SNAPSHOT.jar!/webapps/static,STOPPED}
2021-08-12 04:56:34,942 [Listener at 127.0.0.1/33743] INFO  handler.ContextHandler (ContextHandler.java:doStop(1153)) - Stopped o.e.j.s.ServletContextHandler@49df6076{logs,/logs,file:///home/runner/work/ozone/ozone/hadoop-ozone/integration-test/target/log,STOPPED}
2021-08-12 04:56:35,291 [Datanode State Machine Thread - 0] INFO  statemachine.DatanodeStateMachine (DatanodeStateMachine.java:lambda$startDaemon$0(457)) - Ozone container server started.
2021-08-12 04:56:39,196 [1c547540-2a18-4c6b-b829-eadf34e8c743@group-FE0E7720EF0E-FollowerState] INFO  impl.FollowerState (FollowerState.java:run(134)) - 1c547540-2a18-4c6b-b829-eadf34e8c743@group-FE0E7720EF0E-FollowerState: change to CANDIDATE, lastRpcElapsedTime:9841711143ns, electionTimeout:5022ms
2021-08-12 04:56:39,196 [1c547540-2a18-4c6b-b829-eadf34e8c743@group-FE0E7720EF0E-FollowerState] INFO  impl.RoleInfo (RoleInfo.java:shutdownFollowerState(108)) - 1c547540-2a18-4c6b-b829-eadf34e8c743: shutdown 1c547540-2a18-4c6b-b829-eadf34e8c743@group-FE0E7720EF0E-FollowerState
2021-08-12 04:56:39,196 [1c547540-2a18-4c6b-b829-eadf34e8c743@group-FE0E7720EF0E-FollowerState] INFO  server.RaftServer$Division (RaftServerImpl.java:setRole(285)) - 1c547540-2a18-4c6b-b829-eadf34e8c743@group-FE0E7720EF0E: changes role from  FOLLOWER to CANDIDATE at term 3 for changeToCandidate
2021-08-12 04:56:39,196 [1c547540-2a18-4c6b-b829-eadf34e8c743@group-FE0E7720EF0E-FollowerState] INFO  server.RaftServerConfigKeys (ConfUtils.java:logGet(44)) - raft.server.leaderelection.pre-vote = false (custom)
2021-08-12 04:56:39,197 [1c547540-2a18-4c6b-b829-eadf34e8c743@group-FE0E7720EF0E-FollowerState] INFO  impl.RoleInfo (RoleInfo.java:updateAndGet(130)) - 1c547540-2a18-4c6b-b829-eadf34e8c743: start 1c547540-2a18-4c6b-b829-eadf34e8c743@group-FE0E7720EF0E-LeaderElection38
2021-08-12 04:56:39,210 [1c547540-2a18-4c6b-b829-eadf34e8c743@group-FE0E7720EF0E-LeaderElection38] INFO  server.RaftServer$Division (ServerState.java:setLeader(285)) - 1c547540-2a18-4c6b-b829-eadf34e8c743@group-FE0E7720EF0E: change Leader from 8e39d2b9-5f55-4968-84c5-bb891011fe79 to null at term 3 for ELECTION
2021-08-12 04:56:39,218 [1c547540-2a18-4c6b-b829-eadf34e8c743@group-FE0E7720EF0E-LeaderElection38] INFO  impl.LeaderElection (LeaderElection.java:askForVotes(306)) - 1c547540-2a18-4c6b-b829-eadf34e8c743@group-FE0E7720EF0E-LeaderElection38 ELECTION round 0: submit vote requests at term 4 for 0: [9a0e8214-5584-40e1-a769-3f536150c8aa|rpc:10.1.0.13:46203|dataStream:|priority:0, 1c547540-2a18-4c6b-b829-eadf34e8c743|rpc:10.1.0.13:37015|dataStream:|priority:0, 8e39d2b9-5f55-4968-84c5-bb891011fe79|rpc:10.1.0.13:38289|dataStream:|priority:1], old=null
2021-08-12 04:56:39,275 [1c547540-2a18-4c6b-b829-eadf34e8c743@group-FE0E7720EF0E-LeaderElection38] INFO  impl.LeaderElection (LogUtils.java:infoOrTrace(137)) - 1c547540-2a18-4c6b-b829-eadf34e8c743@group-FE0E7720EF0E-LeaderElection38 got exception when requesting votes: java.util.concurrent.ExecutionException: org.apache.ratis.thirdparty.io.grpc.StatusRuntimeException: UNAVAILABLE: io exception
2021-08-12 04:56:39,287 [1c547540-2a18-4c6b-b829-eadf34e8c743@group-FE0E7720EF0E-LeaderElection38] INFO  impl.LeaderElection (LogUtils.java:infoOrTrace(137)) - 1c547540-2a18-4c6b-b829-eadf34e8c743@group-FE0E7720EF0E-LeaderElection38 got exception when requesting votes: java.util.concurrent.ExecutionException: org.apache.ratis.thirdparty.io.grpc.StatusRuntimeException: UNAVAILABLE: io exception
2021-08-12 04:56:39,287 [1c547540-2a18-4c6b-b829-eadf34e8c743@group-FE0E7720EF0E-LeaderElection38] INFO  impl.LeaderElection (LeaderElection.java:logAndReturn(89)) - 1c547540-2a18-4c6b-b829-eadf34e8c743@group-FE0E7720EF0E-LeaderElection38: ELECTION REJECTED received 0 response(s) and 2 exception(s):
2021-08-12 04:56:39,287 [1c547540-2a18-4c6b-b829-eadf34e8c743@group-FE0E7720EF0E-LeaderElection38] INFO  impl.LeaderElection (LogUtils.java:infoOrTrace(137)) -   Exception 0: java.util.concurrent.ExecutionException: org.apache.ratis.thirdparty.io.grpc.StatusRuntimeException: UNAVAILABLE: io exception
2021-08-12 04:56:39,287 [1c547540-2a18-4c6b-b829-eadf34e8c743@group-FE0E7720EF0E-LeaderElection38] INFO  impl.LeaderElection (LogUtils.java:infoOrTrace(137)) -   Exception 1: java.util.concurrent.ExecutionException: org.apache.ratis.thirdparty.io.grpc.StatusRuntimeException: UNAVAILABLE: io exception
2021-08-12 04:56:39,288 [1c547540-2a18-4c6b-b829-eadf34e8c743@group-FE0E7720EF0E-LeaderElection38] INFO  impl.LeaderElection (LeaderElection.java:askForVotes(308)) - 1c547540-2a18-4c6b-b829-eadf34e8c743@group-FE0E7720EF0E-LeaderElection38 ELECTION round 0: result REJECTED
2021-08-12 04:56:39,288 [1c547540-2a18-4c6b-b829-eadf34e8c743@group-FE0E7720EF0E-LeaderElection38] INFO  server.RaftServer$Division (RaftServerImpl.java:setRole(285)) - 1c547540-2a18-4c6b-b829-eadf34e8c743@group-FE0E7720EF0E: changes role from CANDIDATE to FOLLOWER at term 4 for REJECTED
2021-08-12 04:56:39,288 [1c547540-2a18-4c6b-b829-eadf34e8c743@group-FE0E7720EF0E-LeaderElection38] INFO  impl.RoleInfo (RoleInfo.java:shutdownLeaderElection(121)) - 1c547540-2a18-4c6b-b829-eadf34e8c743: shutdown 1c547540-2a18-4c6b-b829-eadf34e8c743@group-FE0E7720EF0E-LeaderElection38
2021-08-12 04:56:39,288 [1c547540-2a18-4c6b-b829-eadf34e8c743@group-FE0E7720EF0E-LeaderElection38] INFO  impl.RoleInfo (RoleInfo.java:updateAndGet(130)) - 1c547540-2a18-4c6b-b829-eadf34e8c743: start 1c547540-2a18-4c6b-b829-eadf34e8c743@group-FE0E7720EF0E-FollowerState
2021-08-12 04:56:39,933 [ForkJoinPool.commonPool-worker-0] INFO  ozoneimpl.OzoneContainer (OzoneContainer.java:stop(326)) - Attempting to stop container services.
2021-08-12 04:56:39,934 [ForkJoinPool.commonPool-worker-0] INFO  server.RaftServer (RaftServerProxy.java:lambda$close$6(391)) - 1c547540-2a18-4c6b-b829-eadf34e8c743: close
2021-08-12 04:56:39,935 [ForkJoinPool.commonPool-worker-0] INFO  server.RaftServer$Division (RaftServerImpl.java:lambda$close$4(407)) - 1c547540-2a18-4c6b-b829-eadf34e8c743@group-797F510732DE: shutdown
2021-08-12 04:56:39,935 [ForkJoinPool.commonPool-worker-0] INFO  util.JmxRegister (JmxRegister.java:unregister(73)) - Successfully un-registered JMX Bean with object name Ratis:service=RaftServer,group=group-797F510732DE,id=1c547540-2a18-4c6b-b829-eadf34e8c743
2021-08-12 04:56:39,935 [ForkJoinPool.commonPool-worker-0] INFO  impl.RoleInfo (RoleInfo.java:shutdownLeaderState(91)) - 1c547540-2a18-4c6b-b829-eadf34e8c743: shutdown 1c547540-2a18-4c6b-b829-eadf34e8c743@group-797F510732DE-LeaderStateImpl
2021-08-12 04:56:39,935 [ForkJoinPool.commonPool-worker-0] INFO  impl.PendingRequests (PendingRequests.java:sendNotLeaderResponses(282)) - 1c547540-2a18-4c6b-b829-eadf34e8c743@group-797F510732DE-PendingRequests: sendNotLeaderResponses
2021-08-12 04:56:39,936 [ForkJoinPool.commonPool-worker-0] INFO  impl.StateMachineUpdater (StateMachineUpdater.java:stopAndJoin(149)) - 1c547540-2a18-4c6b-b829-eadf34e8c743@group-797F510732DE-StateMachineUpdater: set stopIndex = 0
2021-08-12 04:56:39,939 [1c547540-2a18-4c6b-b829-eadf34e8c743@group-797F510732DE-StateMachineUpdater] INFO  ratis.ContainerStateMachine (ContainerStateMachine.java:takeSnapshot(293)) - group-797F510732DE: Taking a snapshot at:(t:1, i:0) file /home/runner/work/ozone/ozone/hadoop-ozone/integration-test/target/test-dir/MiniOzoneClusterImpl-b581443b-e568-4d1b-b747-432576f6d125/datanode-2/data/ratis/de2e2b03-e8a7-41e6-ba22-797f510732de/sm/snapshot.1_0
2021-08-12 04:56:39,943 [1c547540-2a18-4c6b-b829-eadf34e8c743@group-797F510732DE-StateMachineUpdater] INFO  ratis.ContainerStateMachine (ContainerStateMachine.java:takeSnapshot(304)) - group-797F510732DE: Finished taking a snapshot at:(t:1, i:0) file:/home/runner/work/ozone/ozone/hadoop-ozone/integration-test/target/test-dir/MiniOzoneClusterImpl-b581443b-e568-4d1b-b747-432576f6d125/datanode-2/data/ratis/de2e2b03-e8a7-41e6-ba22-797f510732de/sm/snapshot.1_0 took: 3 ms
2021-08-12 04:56:39,943 [1c547540-2a18-4c6b-b829-eadf34e8c743@group-797F510732DE-StateMachineUpdater] INFO  impl.StateMachineUpdater (StateMachineUpdater.java:takeSnapshot(281)) - 1c547540-2a18-4c6b-b829-eadf34e8c743@group-797F510732DE-StateMachineUpdater: Took a snapshot at index 0
2021-08-12 04:56:39,943 [1c547540-2a18-4c6b-b829-eadf34e8c743@group-797F510732DE-StateMachineUpdater] INFO  impl.StateMachineUpdater (StateMachineUpdater.java:lambda$new$0(89)) - 1c547540-2a18-4c6b-b829-eadf34e8c743@group-797F510732DE-StateMachineUpdater: snapshotIndex: updateIncreasingly -1 -> 0
2021-08-12 04:56:39,944 [ForkJoinPool.commonPool-worker-0] INFO  server.RaftServer$Division (ServerState.java:close(419)) - 1c547540-2a18-4c6b-b829-eadf34e8c743@group-797F510732DE: closes. applyIndex: 0
2021-08-12 04:56:39,944 [1c547540-2a18-4c6b-b829-eadf34e8c743@group-797F510732DE-SegmentedRaftLogWorker] INFO  segmented.SegmentedRaftLogWorker (SegmentedRaftLogWorker.java:run(327)) - 1c547540-2a18-4c6b-b829-eadf34e8c743@group-797F510732DE-SegmentedRaftLogWorker was interrupted, exiting. There are 0 tasks remaining in the queue.
2021-08-12 04:56:39,945 [ForkJoinPool.commonPool-worker-0] INFO  segmented.SegmentedRaftLogWorker (SegmentedRaftLogWorker.java:close(237)) - 1c547540-2a18-4c6b-b829-eadf34e8c743@group-797F510732DE-SegmentedRaftLogWorker close()
2021-08-12 04:56:39,946 [ForkJoinPool.commonPool-worker-0] INFO  server.RaftServer$Division (RaftServerImpl.java:lambda$close$4(407)) - 1c547540-2a18-4c6b-b829-eadf34e8c743@group-FE0E7720EF0E: shutdown
2021-08-12 04:56:39,946 [ForkJoinPool.commonPool-worker-0] INFO  util.JmxRegister (JmxRegister.java:unregister(73)) - Successfully un-registered JMX Bean with object name Ratis:service=RaftServer,group=group-FE0E7720EF0E,id=1c547540-2a18-4c6b-b829-eadf34e8c743
2021-08-12 04:56:39,946 [ForkJoinPool.commonPool-worker-0] INFO  impl.RoleInfo (RoleInfo.java:shutdownFollowerState(108)) - 1c547540-2a18-4c6b-b829-eadf34e8c743: shutdown 1c547540-2a18-4c6b-b829-eadf34e8c743@group-FE0E7720EF0E-FollowerState
2021-08-12 04:56:39,947 [ForkJoinPool.commonPool-worker-0] INFO  impl.StateMachineUpdater (StateMachineUpdater.java:stopAndJoin(149)) - 1c547540-2a18-4c6b-b829-eadf34e8c743@group-FE0E7720EF0E-StateMachineUpdater: set stopIndex = 0
2021-08-12 04:56:39,947 [1c547540-2a18-4c6b-b829-eadf34e8c743@group-FE0E7720EF0E-FollowerState] INFO  impl.FollowerState (FollowerState.java:run(143)) - 1c547540-2a18-4c6b-b829-eadf34e8c743@group-FE0E7720EF0E-FollowerState was interrupted: {}
java.lang.InterruptedException: sleep interrupted
	at java.lang.Thread.sleep(Native Method)
	at java.lang.Thread.sleep(Thread.java:340)
	at java.util.concurrent.TimeUnit.sleep(TimeUnit.java:386)
	at org.apache.ratis.util.TimeDuration.sleep(TimeDuration.java:324)
	at org.apache.ratis.util.TimeDuration.sleep(TimeDuration.java:309)
	at org.apache.ratis.server.impl.FollowerState.run(FollowerState.java:118)
2021-08-12 04:56:39,947 [1c547540-2a18-4c6b-b829-eadf34e8c743@group-FE0E7720EF0E-StateMachineUpdater] INFO  ratis.ContainerStateMachine (ContainerStateMachine.java:takeSnapshot(293)) - group-FE0E7720EF0E: Taking a snapshot at:(t:3, i:0) file /home/runner/work/ozone/ozone/hadoop-ozone/integration-test/target/test-dir/MiniOzoneClusterImpl-b581443b-e568-4d1b-b747-432576f6d125/datanode-2/data/ratis/92088d2a-0e12-4732-b689-fe0e7720ef0e/sm/snapshot.3_0
2021-08-12 04:56:39,948 [1c547540-2a18-4c6b-b829-eadf34e8c743@group-FE0E7720EF0E-StateMachineUpdater] INFO  ratis.ContainerStateMachine (ContainerStateMachine.java:takeSnapshot(304)) - group-FE0E7720EF0E: Finished taking a snapshot at:(t:3, i:0) file:/home/runner/work/ozone/ozone/hadoop-ozone/integration-test/target/test-dir/MiniOzoneClusterImpl-b581443b-e568-4d1b-b747-432576f6d125/datanode-2/data/ratis/92088d2a-0e12-4732-b689-fe0e7720ef0e/sm/snapshot.3_0 took: 1 ms
2021-08-12 04:56:39,949 [1c547540-2a18-4c6b-b829-eadf34e8c743@group-FE0E7720EF0E-StateMachineUpdater] INFO  impl.StateMachineUpdater (StateMachineUpdater.java:takeSnapshot(281)) - 1c547540-2a18-4c6b-b829-eadf34e8c743@group-FE0E7720EF0E-StateMachineUpdater: Took a snapshot at index 0
2021-08-12 04:56:39,949 [1c547540-2a18-4c6b-b829-eadf34e8c743@group-FE0E7720EF0E-StateMachineUpdater] INFO  impl.StateMachineUpdater (StateMachineUpdater.java:lambda$new$0(89)) - 1c547540-2a18-4c6b-b829-eadf34e8c743@group-FE0E7720EF0E-StateMachineUpdater: snapshotIndex: updateIncreasingly -1 -> 0
2021-08-12 04:56:39,950 [ForkJoinPool.commonPool-worker-0] INFO  server.RaftServer$Division (ServerState.java:close(419)) - 1c547540-2a18-4c6b-b829-eadf34e8c743@group-FE0E7720EF0E: closes. applyIndex: 0
2021-08-12 04:56:39,950 [1c547540-2a18-4c6b-b829-eadf34e8c743@group-FE0E7720EF0E-SegmentedRaftLogWorker] INFO  segmented.SegmentedRaftLogWorker (SegmentedRaftLogWorker.java:run(327)) - 1c547540-2a18-4c6b-b829-eadf34e8c743@group-FE0E7720EF0E-SegmentedRaftLogWorker was interrupted, exiting. There are 0 tasks remaining in the queue.
2021-08-12 04:56:39,951 [ForkJoinPool.commonPool-worker-0] INFO  segmented.SegmentedRaftLogWorker (SegmentedRaftLogWorker.java:close(237)) - 1c547540-2a18-4c6b-b829-eadf34e8c743@group-FE0E7720EF0E-SegmentedRaftLogWorker close()
2021-08-12 04:56:39,968 [ForkJoinPool.commonPool-worker-0] INFO  server.GrpcService (GrpcService.java:closeImpl(262)) - 1c547540-2a18-4c6b-b829-eadf34e8c743: shutdown server with port 37015 now
2021-08-12 04:56:39,973 [ForkJoinPool.commonPool-worker-0] INFO  server.GrpcService (GrpcService.java:closeImpl(271)) - 1c547540-2a18-4c6b-b829-eadf34e8c743: shutdown server with port 37015 successfully
2021-08-12 04:56:39,973 [org.apache.ratis.util.JvmPauseMonitor$$Lambda$531/403959257@24bf0df0] INFO  util.JvmPauseMonitor (JvmPauseMonitor.java:run(109)) - JvmPauseMonitor-1c547540-2a18-4c6b-b829-eadf34e8c743: Stopped
2021-08-12 04:56:40,005 [ForkJoinPool.commonPool-worker-0] INFO  utils.BackgroundService (BackgroundService.java:shutdown(132)) - Shutting down service BlockDeletingService
2021-08-12 04:56:43,031 [ForkJoinPool.commonPool-worker-0] INFO  statemachine.DatanodeStateMachine (DatanodeStateMachine.java:stopDaemon(515)) - Ozone container server stopped.
2021-08-12 04:56:43,069 [ForkJoinPool.commonPool-worker-0] INFO  handler.ContextHandler (ContextHandler.java:doStop(1153)) - Stopped o.e.j.w.WebAppContext@82e7f7c{hddsDatanode,/,null,STOPPED}{jar:file:/home/runner/.m2/repository/org/apache/ozone/hdds-container-service/1.2.0-SNAPSHOT/hdds-container-service-1.2.0-SNAPSHOT.jar!/webapps/hddsDatanode}
2021-08-12 04:56:43,071 [ForkJoinPool.commonPool-worker-0] INFO  server.AbstractConnector (AbstractConnector.java:doStop(381)) - Stopped ServerConnector@5066765a{HTTP/1.1, (http/1.1)}{0.0.0.0:0}
2021-08-12 04:56:43,071 [ForkJoinPool.commonPool-worker-0] INFO  server.session (HouseKeeper.java:stopScavenging(149)) - node0 Stopped scavenging
2021-08-12 04:56:43,075 [ForkJoinPool.commonPool-worker-0] INFO  handler.ContextHandler (ContextHandler.java:doStop(1153)) - Stopped o.e.j.s.ServletContextHandler@568a7b8c{static,/static,jar:file:/home/runner/.m2/repository/org/apache/ozone/hdds-container-service/1.2.0-SNAPSHOT/hdds-container-service-1.2.0-SNAPSHOT.jar!/webapps/static,STOPPED}
2021-08-12 04:56:43,076 [ForkJoinPool.commonPool-worker-0] INFO  handler.ContextHandler (ContextHandler.java:doStop(1153)) - Stopped o.e.j.s.ServletContextHandler@ac3a9f1{logs,/logs,file:///home/runner/work/ozone/ozone/hadoop-ozone/integration-test/target/log,STOPPED}
2021-08-12 04:56:43,082 [Listener at 127.0.0.1/33743] INFO  ozone.MiniOzoneClusterImpl (MiniOzoneClusterImpl.java:stopSCM(542)) - Stopping the StorageContainerManager
2021-08-12 04:56:43,083 [Listener at 127.0.0.1/33743] INFO  server.StorageContainerManager (StorageContainerManager.java:stop(1341)) - Stopping Replication Manager Service.
2021-08-12 04:56:43,083 [Listener at 127.0.0.1/33743] INFO  container.ReplicationManager (ReplicationManager.java:stop(317)) - Stopping Replication Monitor Thread.
2021-08-12 04:56:43,083 [Listener at 127.0.0.1/33743] INFO  server.StorageContainerManager (StorageContainerManager.java:stop(1348)) - Stopping the Datanode Admin Monitor.
2021-08-12 04:56:43,083 [Listener at 127.0.0.1/33743] INFO  server.StorageContainerManager (StorageContainerManager.java:stop(1355)) - Stopping Lease Manager of the command watchers
2021-08-12 04:56:43,083 [Listener at 127.0.0.1/33743] INFO  server.StorageContainerManager (StorageContainerManager.java:stop(1362)) - Stopping datanode service RPC server
2021-08-12 04:56:43,083 [Listener at 127.0.0.1/33743] INFO  server.SCMDatanodeProtocolServer (SCMDatanodeProtocolServer.java:stop(389)) - Stopping the RPC server for DataNodes
2021-08-12 04:56:43,083 [Listener at 127.0.0.1/33743] INFO  ipc.Server (Server.java:stop(3414)) - Stopping server on 39623
2021-08-12 04:56:43,090 [IPC Server listener on 0] INFO  ipc.Server (Server.java:run(1376)) - Stopping IPC Server listener on 0
2021-08-12 04:56:43,091 [IPC Server Responder] INFO  ipc.Server (Server.java:run(1512)) - Stopping IPC Server Responder
2021-08-12 04:56:43,111 [SCM Heartbeat Processing Thread - 0] WARN  node.NodeStateManager (NodeStateManager.java:scheduleNextHealthCheck(799)) - Current Thread is interrupted, shutting down HB processing thread for Node Manager.
2021-08-12 04:56:43,111 [Listener at 127.0.0.1/33743] INFO  server.StorageContainerManager (StorageContainerManager.java:stop(1370)) - Stopping block service RPC server
2021-08-12 04:56:43,111 [Listener at 127.0.0.1/33743] INFO  server.SCMBlockProtocolServer (SCMBlockProtocolServer.java:stop(160)) - Stopping the RPC server for Block Protocol
2021-08-12 04:56:43,111 [Listener at 127.0.0.1/33743] INFO  ipc.Server (Server.java:stop(3414)) - Stopping server on 45785
2021-08-12 04:56:43,125 [Listener at 127.0.0.1/33743] INFO  server.StorageContainerManager (StorageContainerManager.java:stop(1377)) - Stopping the StorageContainerLocationProtocol RPC server
2021-08-12 04:56:43,125 [IPC Server Responder] INFO  ipc.Server (Server.java:run(1512)) - Stopping IPC Server Responder
2021-08-12 04:56:43,126 [IPC Server listener on 0] INFO  ipc.Server (Server.java:run(1376)) - Stopping IPC Server listener on 0
2021-08-12 04:56:43,125 [Listener at 127.0.0.1/33743] INFO  server.SCMClientProtocolServer (SCMClientProtocolServer.java:stop(173)) - Stopping the RPC server for Client Protocol
2021-08-12 04:56:43,126 [Listener at 127.0.0.1/33743] INFO  ipc.Server (Server.java:stop(3414)) - Stopping server on 43373
2021-08-12 04:56:43,142 [Listener at 127.0.0.1/33743] INFO  server.StorageContainerManager (StorageContainerManager.java:stop(1384)) - Stopping Storage Container Manager HTTP server.
2021-08-12 04:56:43,143 [IPC Server Responder] INFO  ipc.Server (Server.java:run(1512)) - Stopping IPC Server Responder
2021-08-12 04:56:43,143 [IPC Server listener on 0] INFO  ipc.Server (Server.java:run(1376)) - Stopping IPC Server listener on 0
2021-08-12 04:56:43,153 [Listener at 127.0.0.1/33743] INFO  handler.ContextHandler (ContextHandler.java:doStop(1153)) - Stopped o.e.j.w.WebAppContext@6f6fda5c{scm,/,null,STOPPED}{file:/home/runner/work/ozone/ozone/hadoop-ozone/integration-test/target/test-classes/webapps/scm}
2021-08-12 04:56:43,154 [Listener at 127.0.0.1/33743] INFO  server.AbstractConnector (AbstractConnector.java:doStop(381)) - Stopped ServerConnector@5e012aff{HTTP/1.1, (http/1.1)}{0.0.0.0:0}
2021-08-12 04:56:43,154 [Listener at 127.0.0.1/33743] INFO  server.session (HouseKeeper.java:stopScavenging(149)) - node0 Stopped scavenging
2021-08-12 04:56:43,154 [Listener at 127.0.0.1/33743] INFO  handler.ContextHandler (ContextHandler.java:doStop(1153)) - Stopped o.e.j.s.ServletContextHandler@28b3578f{static,/static,file:///home/runner/work/ozone/ozone/hadoop-ozone/integration-test/target/test-classes/webapps/static,STOPPED}
2021-08-12 04:56:43,154 [Listener at 127.0.0.1/33743] INFO  handler.ContextHandler (ContextHandler.java:doStop(1153)) - Stopped o.e.j.s.ServletContextHandler@bd6c196{logs,/logs,file:///home/runner/work/ozone/ozone/hadoop-ozone/integration-test/target/log,STOPPED}
2021-08-12 04:56:43,156 [Listener at 127.0.0.1/33743] INFO  server.StorageContainerManager (StorageContainerManager.java:stop(1395)) - Stopping Block Manager Service.
2021-08-12 04:56:43,156 [Listener at 127.0.0.1/33743] INFO  utils.BackgroundService (BackgroundService.java:shutdown(132)) - Shutting down service SCMBlockDeletingService
2021-08-12 04:56:43,163 [Listener at 127.0.0.1/33743] INFO  utils.BackgroundService (BackgroundService.java:shutdown(132)) - Shutting down service SCMBlockDeletingService
2021-08-12 04:56:43,164 [Listener at 127.0.0.1/33743] INFO  server.StorageContainerManager (StorageContainerManager.java:stop(1422)) - Stopping SCM Event Queue.
2021-08-12 04:56:43,166 [Listener at 127.0.0.1/33743] INFO  server.StorageContainerManager (StorageContainerManager.java:stop(1433)) - Stopping SCM HA services.
2021-08-12 04:56:43,166 [Listener at 127.0.0.1/33743] INFO  pipeline.BackgroundPipelineCreator (BackgroundPipelineCreatorV2.java:stop(158)) - Stopping RatisPipelineUtilsThread.
2021-08-12 04:56:43,167 [Listener at 127.0.0.1/33743] INFO  server.StorageContainerManager (StorageContainerManager.java:stop(1443)) - Stopping SCM MetadataStore.
2021-08-12 04:56:43,168 [Listener at 127.0.0.1/33743] INFO  impl.MetricsSystemImpl (MetricsSystemImpl.java:stop(210)) - Stopping HddsDatanode metrics system...
2021-08-12 04:56:43,230 [prometheus] INFO  impl.MetricsSinkAdapter (MetricsSinkAdapter.java:publishMetricsFromQueue(141)) - prometheus thread interrupted.
2021-08-12 04:56:43,230 [Listener at 127.0.0.1/33743] INFO  impl.MetricsSystemImpl (MetricsSystemImpl.java:stop(216)) - HddsDatanode metrics system stopped.
]]></system-out>
  </testcase>
</testsuite>