<?xml version="1.0" encoding="UTF-8"?>
<testsuite xmlns:xsi="http://www.w3.org/2001/XMLSchema-instance" xsi:noNamespaceSchemaLocation="https://maven.apache.org/surefire/maven-surefire-plugin/xsd/surefire-test-report-3.0.xsd" version="3.0" name="org.apache.hadoop.ozone.TestSecureOzoneCluster" time="143.112" tests="16" errors="0" skipped="2" failures="1">
  <properties>
    <property name="awt.toolkit" value="sun.awt.X11.XToolkit"/>
    <property name="file.encoding.pkg" value="sun.io"/>
    <property name="java.specification.version" value="1.8"/>
    <property name="sun.cpu.isalist" value=""/>
    <property name="sun.jnu.encoding" value="UTF-8"/>
    <property name="java.class.path" value="/home/runner/work/ozone/ozone/hadoop-ozone/integration-test/target/test-classes:/home/runner/work/ozone/ozone/hadoop-ozone/integration-test/target/classes:/home/runner/.m2/repository/org/apache/ozone/ozone-common/1.4.0-SNAPSHOT/ozone-common-1.4.0-SNAPSHOT.jar:/home/runner/.m2/repository/io/grpc/grpc-netty/1.51.1/grpc-netty-1.51.1.jar:/home/runner/.m2/repository/io/grpc/grpc-core/1.51.1/grpc-core-1.51.1.jar:/home/runner/.m2/repository/com/google/android/annotations/4.1.1.4/annotations-4.1.1.4.jar:/home/runner/.m2/repository/org/codehaus/mojo/animal-sniffer-annotations/1.21/animal-sniffer-annotations-1.21.jar:/home/runner/.m2/repository/com/google/errorprone/error_prone_annotations/2.2.0/error_prone_annotations-2.2.0.jar:/home/runner/.m2/repository/io/perfmark/perfmark-api/0.25.0/perfmark-api-0.25.0.jar:/home/runner/.m2/repository/io/netty/netty-codec-http2/4.1.94.Final/netty-codec-http2-4.1.94.Final.jar:/home/runner/.m2/repository/io/netty/netty-common/4.1.94.Final/netty-common-4.1.94.Final.jar:/home/runner/.m2/repository/io/netty/netty-buffer/4.1.94.Final/netty-buffer-4.1.94.Final.jar:/home/runner/.m2/repository/io/netty/netty-codec-http/4.1.94.Final/netty-codec-http-4.1.94.Final.jar:/home/runner/.m2/repository/io/netty/netty-handler-proxy/4.1.94.Final/netty-handler-proxy-4.1.94.Final.jar:/home/runner/.m2/repository/io/netty/netty-codec-socks/4.1.94.Final/netty-codec-socks-4.1.94.Final.jar:/home/runner/.m2/repository/io/netty/netty-tcnative-boringssl-static/2.0.61.Final/netty-tcnative-boringssl-static-2.0.61.Final.jar:/home/runner/.m2/repository/io/netty/netty-tcnative-classes/2.0.61.Final/netty-tcnative-classes-2.0.61.Final.jar:/home/runner/.m2/repository/io/netty/netty-tcnative-boringssl-static/2.0.61.Final/netty-tcnative-boringssl-static-2.0.61.Final-linux-x86_64.jar:/home/runner/.m2/repository/io/netty/netty-tcnative-boringssl-static/2.0.61.Final/netty-tcnative-boringssl-static-2.0.61.Final-linux-aarch_64.jar:/home/runner/.m2/repository/io/netty/netty-tcnative-boringssl-static/2.0.61.Final/netty-tcnative-boringssl-static-2.0.61.Final-osx-x86_64.jar:/home/runner/.m2/repository/io/netty/netty-tcnative-boringssl-static/2.0.61.Final/netty-tcnative-boringssl-static-2.0.61.Final-osx-aarch_64.jar:/home/runner/.m2/repository/io/netty/netty-tcnative-boringssl-static/2.0.61.Final/netty-tcnative-boringssl-static-2.0.61.Final-windows-x86_64.jar:/home/runner/.m2/repository/org/apache/commons/commons-compress/1.21/commons-compress-1.21.jar:/home/runner/.m2/repository/org/apache/ozone/hdds-common/1.4.0-SNAPSHOT/hdds-common-1.4.0-SNAPSHOT.jar:/home/runner/.m2/repository/org/apache/ozone/hdds-client/1.4.0-SNAPSHOT/hdds-client-1.4.0-SNAPSHOT.jar:/home/runner/.m2/repository/org/apache/ozone/ozone-interface-client/1.4.0-SNAPSHOT/ozone-interface-client-1.4.0-SNAPSHOT.jar:/home/runner/.m2/repository/org/apache/hadoop/hadoop-hdfs-client/3.3.6/hadoop-hdfs-client-3.3.6.jar:/home/runner/.m2/repository/com/squareup/okhttp3/okhttp/4.9.3/okhttp-4.9.3.jar:/home/runner/.m2/repository/com/squareup/okio/okio/3.4.0/okio-3.4.0.jar:/home/runner/.m2/repository/com/squareup/okio/okio-jvm/3.4.0/okio-jvm-3.4.0.jar:/home/runner/.m2/repository/org/jetbrains/kotlin/kotlin-stdlib-jdk8/1.8.0/kotlin-stdlib-jdk8-1.8.0.jar:/home/runner/.m2/repository/org/jetbrains/kotlin/kotlin-stdlib-jdk7/1.8.0/kotlin-stdlib-jdk7-1.8.0.jar:/home/runner/.m2/repository/org/jetbrains/kotlin/kotlin-stdlib-common/1.6.21/kotlin-stdlib-common-1.6.21.jar:/home/runner/.m2/repository/org/apache/ozone/hdds-test-utils/1.4.0-SNAPSHOT/hdds-test-utils-1.4.0-SNAPSHOT.jar:/home/runner/.m2/repository/com/google/guava/guava/32.0.0-jre/guava-32.0.0-jre.jar:/home/runner/.m2/repository/com/google/guava/failureaccess/1.0.1/failureaccess-1.0.1.jar:/home/runner/.m2/repository/com/google/guava/listenablefuture/9999.0-empty-to-avoid-conflict-with-guava/listenablefuture-9999.0-empty-to-avoid-conflict-with-guava.jar:/home/runner/.m2/repository/com/google/code/findbugs/jsr305/3.0.0/jsr305-3.0.0.jar:/home/runner/.m2/repository/org/checkerframework/checker-qual/3.33.0/checker-qual-3.33.0.jar:/home/runner/.m2/repository/com/google/j2objc/j2objc-annotations/2.8/j2objc-annotations-2.8.jar:/home/runner/.m2/repository/commons-io/commons-io/2.11.0/commons-io-2.11.0.jar:/home/runner/.m2/repository/commons-logging/commons-logging/1.2/commons-logging-1.2.jar:/home/runner/.m2/repository/ch/qos/reload4j/reload4j/1.2.22/reload4j-1.2.22.jar:/home/runner/.m2/repository/org/slf4j/slf4j-api/1.7.36/slf4j-api-1.7.36.jar:/home/runner/.m2/repository/org/apache/logging/log4j/log4j-api/2.17.1/log4j-api-2.17.1.jar:/home/runner/.m2/repository/org/apache/ozone/hdds-server-scm/1.4.0-SNAPSHOT/hdds-server-scm-1.4.0-SNAPSHOT.jar:/home/runner/.m2/repository/org/apache/ozone/hdds-container-service/1.4.0-SNAPSHOT/hdds-container-service-1.4.0-SNAPSHOT.jar:/home/runner/.m2/repository/org/apache/ozone/hdds-hadoop-dependency-server/1.4.0-SNAPSHOT/hdds-hadoop-dependency-server-1.4.0-SNAPSHOT.jar:/home/runner/.m2/repository/org/apache/hadoop/hadoop-hdfs/3.3.6/hadoop-hdfs-3.3.6.jar:/home/runner/.m2/repository/commons-daemon/commons-daemon/1.0.13/commons-daemon-1.0.13.jar:/home/runner/.m2/repository/org/apache/ozone/hdds-server-framework/1.4.0-SNAPSHOT/hdds-server-framework-1.4.0-SNAPSHOT.jar:/home/runner/.m2/repository/io/dropwizard/metrics/metrics-core/3.2.4/metrics-core-3.2.4.jar:/home/runner/.m2/repository/org/apache/commons/commons-text/1.10.0/commons-text-1.10.0.jar:/home/runner/.m2/repository/org/bouncycastle/bcprov-jdk15on/1.67/bcprov-jdk15on-1.67.jar:/home/runner/.m2/repository/com/google/protobuf/protobuf-java/2.5.0/protobuf-java-2.5.0.jar:/home/runner/.m2/repository/org/apache/ozone/hdds-server-framework/1.4.0-SNAPSHOT/hdds-server-framework-1.4.0-SNAPSHOT-tests.jar:/home/runner/.m2/repository/org/apache/ozone/hdds-interface-server/1.4.0-SNAPSHOT/hdds-interface-server-1.4.0-SNAPSHOT.jar:/home/runner/.m2/repository/org/apache/ozone/hdds-interface-admin/1.4.0-SNAPSHOT/hdds-interface-admin-1.4.0-SNAPSHOT.jar:/home/runner/.m2/repository/org/apache/ozone/hdds-managed-rocksdb/1.4.0-SNAPSHOT/hdds-managed-rocksdb-1.4.0-SNAPSHOT.jar:/home/runner/.m2/repository/org/rocksdb/rocksdbjni/7.7.3/rocksdbjni-7.7.3.jar:/home/runner/.m2/repository/org/slf4j/slf4j-reload4j/1.7.36/slf4j-reload4j-1.7.36.jar:/home/runner/.m2/repository/org/apache/commons/commons-configuration2/2.1.1/commons-configuration2-2.1.1.jar:/home/runner/.m2/repository/commons-fileupload/commons-fileupload/1.5/commons-fileupload-1.5.jar:/home/runner/.m2/repository/org/apache/logging/log4j/log4j-core/2.17.1/log4j-core-2.17.1.jar:/home/runner/.m2/repository/com/lmax/disruptor/3.4.2/disruptor-3.4.2.jar:/home/runner/.m2/repository/org/eclipse/jetty/jetty-util/9.4.51.v20230217/jetty-util-9.4.51.v20230217.jar:/home/runner/.m2/repository/org/eclipse/jetty/jetty-server/9.4.51.v20230217/jetty-server-9.4.51.v20230217.jar:/home/runner/.m2/repository/org/eclipse/jetty/jetty-http/9.4.51.v20230217/jetty-http-9.4.51.v20230217.jar:/home/runner/.m2/repository/org/eclipse/jetty/jetty-io/9.4.51.v20230217/jetty-io-9.4.51.v20230217.jar:/home/runner/.m2/repository/org/eclipse/jetty/jetty-servlet/9.4.51.v20230217/jetty-servlet-9.4.51.v20230217.jar:/home/runner/.m2/repository/org/eclipse/jetty/jetty-security/9.4.51.v20230217/jetty-security-9.4.51.v20230217.jar:/home/runner/.m2/repository/org/eclipse/jetty/jetty-util-ajax/9.4.51.v20230217/jetty-util-ajax-9.4.51.v20230217.jar:/home/runner/.m2/repository/org/eclipse/jetty/jetty-webapp/9.4.51.v20230217/jetty-webapp-9.4.51.v20230217.jar:/home/runner/.m2/repository/org/eclipse/jetty/jetty-xml/9.4.51.v20230217/jetty-xml-9.4.51.v20230217.jar:/home/runner/.m2/repository/org/apache/ratis/ratis-server/2.5.1/ratis-server-2.5.1.jar:/home/runner/.m2/repository/org/apache/ratis/ratis-thirdparty-misc/1.0.4/ratis-thirdparty-misc-1.0.4.jar:/home/runner/.m2/repository/org/apache/ratis/ratis-proto/2.5.1/ratis-proto-2.5.1.jar:/home/runner/.m2/repository/org/apache/ratis/ratis-common/2.5.1/ratis-common-2.5.1.jar:/home/runner/.m2/repository/org/apache/ratis/ratis-client/2.5.1/ratis-client-2.5.1.jar:/home/runner/.m2/repository/org/apache/ratis/ratis-server-api/2.5.1/ratis-server-api-2.5.1.jar:/home/runner/.m2/repository/org/apache/ratis/ratis-metrics/2.5.1/ratis-metrics-2.5.1.jar:/home/runner/.m2/repository/io/prometheus/simpleclient_dropwizard/0.7.0/simpleclient_dropwizard-0.7.0.jar:/home/runner/.m2/repository/io/prometheus/simpleclient/0.7.0/simpleclient-0.7.0.jar:/home/runner/.m2/repository/io/prometheus/simpleclient_common/0.7.0/simpleclient_common-0.7.0.jar:/home/runner/.m2/repository/com/fasterxml/jackson/datatype/jackson-datatype-jsr310/2.13.4/jackson-datatype-jsr310-2.13.4.jar:/home/runner/.m2/repository/com/fasterxml/jackson/core/jackson-core/2.13.4/jackson-core-2.13.4.jar:/home/runner/.m2/repository/com/github/spotbugs/spotbugs-annotations/3.1.12/spotbugs-annotations-3.1.12.jar:/home/runner/.m2/repository/org/apache/ozone/rocksdb-checkpoint-differ/1.4.0-SNAPSHOT/rocksdb-checkpoint-differ-1.4.0-SNAPSHOT.jar:/home/runner/.m2/repository/org/jgrapht/jgrapht-core/1.0.1/jgrapht-core-1.0.1.jar:/home/runner/.m2/repository/org/jgrapht/jgrapht-ext/1.0.1/jgrapht-ext-1.0.1.jar:/home/runner/.m2/repository/org/tinyjee/jgraphx/jgraphx/2.0.0.1/jgraphx-2.0.0.1.jar:/home/runner/.m2/repository/jgraph/jgraph/5.13.0.0/jgraph-5.13.0.0.jar:/home/runner/.m2/repository/org/antlr/antlr4-runtime/4.5.3/antlr4-runtime-4.5.3.jar:/home/runner/.m2/repository/org/awaitility/awaitility/4.2.0/awaitility-4.2.0.jar:/home/runner/.m2/repository/org/hamcrest/hamcrest/2.1/hamcrest-2.1.jar:/home/runner/.m2/repository/org/apache/ozone/ozone-manager/1.4.0-SNAPSHOT/ozone-manager-1.4.0-SNAPSHOT.jar:/home/runner/.m2/repository/org/aspectj/aspectjrt/1.9.7/aspectjrt-1.9.7.jar:/home/runner/.m2/repository/org/aspectj/aspectjweaver/1.9.7/aspectjweaver-1.9.7.jar:/home/runner/.m2/repository/org/apache/ozone/hdds-interface-client/1.4.0-SNAPSHOT/hdds-interface-client-1.4.0-SNAPSHOT.jar:/home/runner/.m2/repository/org/apache/hadoop/thirdparty/hadoop-shaded-protobuf_3_7/1.1.1/hadoop-shaded-protobuf_3_7-1.1.1.jar:/home/runner/.m2/repository/org/apache/ozone/ozone-interface-storage/1.4.0-SNAPSHOT/ozone-interface-storage-1.4.0-SNAPSHOT.jar:/home/runner/.m2/repository/org/reflections/reflections/0.9.11/reflections-0.9.11.jar:/home/runner/.m2/repository/com/sun/jersey/jersey-client/1.19/jersey-client-1.19.jar:/home/runner/.m2/repository/org/codehaus/jackson/jackson-core-asl/1.9.13/jackson-core-asl-1.9.13.jar:/home/runner/.m2/repository/org/codehaus/jackson/jackson-mapper-asl/1.9.13/jackson-mapper-asl-1.9.13.jar:/home/runner/.m2/repository/org/codehaus/jackson/jackson-jaxrs/1.9.13/jackson-jaxrs-1.9.13.jar:/home/runner/.m2/repository/org/apache/ranger/ranger-intg/2.3.0/ranger-intg-2.3.0.jar:/home/runner/.m2/repository/org/apache/ranger/ranger-plugins-common/2.3.0/ranger-plugins-common-2.3.0.jar:/home/runner/.m2/repository/commons-lang/commons-lang/2.6/commons-lang-2.6.jar:/home/runner/.m2/repository/org/apache/ranger/ranger-plugins-cred/2.3.0/ranger-plugins-cred-2.3.0.jar:/home/runner/.m2/repository/org/apache/ranger/ranger-plugins-audit/2.3.0/ranger-plugins-audit-2.3.0.jar:/home/runner/.m2/repository/org/eclipse/jetty/jetty-client/9.4.51.v20230217/jetty-client-9.4.51.v20230217.jar:/home/runner/.m2/repository/org/apache/httpcomponents/httpmime/4.5.6/httpmime-4.5.6.jar:/home/runner/.m2/repository/org/apache/httpcomponents/httpcore-nio/4.4.13/httpcore-nio-4.4.13.jar:/home/runner/.m2/repository/org/apache/httpcomponents/httpasyncclient/4.1.3/httpasyncclient-4.1.3.jar:/home/runner/.m2/repository/com/carrotsearch/hppc/0.8.0/hppc-0.8.0.jar:/home/runner/.m2/repository/org/apache/orc/orc-core/1.5.8/orc-core-1.5.8.jar:/home/runner/.m2/repository/net/java/dev/jna/jna/5.2.0/jna-5.2.0.jar:/home/runner/.m2/repository/net/java/dev/jna/jna-platform/5.2.0/jna-platform-5.2.0.jar:/home/runner/.m2/repository/com/kstruct/gethostname4j/0.0.2/gethostname4j-0.0.2.jar:/home/runner/.m2/repository/org/apache/ranger/ranger-plugin-classloader/2.3.0/ranger-plugin-classloader-2.3.0.jar:/home/runner/.m2/repository/org/apache/ozone/hdds-rocks-native/1.4.0-SNAPSHOT/hdds-rocks-native-1.4.0-SNAPSHOT.jar:/home/runner/.m2/repository/org/apache/hadoop/hadoop-minikdc/3.3.6/hadoop-minikdc-3.3.6.jar:/home/runner/.m2/repository/org/apache/kerby/kerb-simplekdc/1.0.1/kerb-simplekdc-1.0.1.jar:/home/runner/.m2/repository/org/apache/kerby/kerb-client/1.0.1/kerb-client-1.0.1.jar:/home/runner/.m2/repository/org/apache/kerby/kerby-config/1.0.1/kerby-config-1.0.1.jar:/home/runner/.m2/repository/org/apache/kerby/kerb-common/1.0.1/kerb-common-1.0.1.jar:/home/runner/.m2/repository/org/apache/kerby/kerb-crypto/1.0.1/kerb-crypto-1.0.1.jar:/home/runner/.m2/repository/org/apache/kerby/kerb-util/1.0.1/kerb-util-1.0.1.jar:/home/runner/.m2/repository/org/apache/kerby/token-provider/1.0.1/token-provider-1.0.1.jar:/home/runner/.m2/repository/org/apache/kerby/kerb-admin/1.0.1/kerb-admin-1.0.1.jar:/home/runner/.m2/repository/org/apache/kerby/kerb-server/1.0.1/kerb-server-1.0.1.jar:/home/runner/.m2/repository/org/apache/kerby/kerb-identity/1.0.1/kerb-identity-1.0.1.jar:/home/runner/.m2/repository/org/apache/kerby/kerby-xdr/1.0.1/kerby-xdr-1.0.1.jar:/home/runner/.m2/repository/org/apache/ozone/ozone-s3gateway/1.4.0-SNAPSHOT/ozone-s3gateway-1.4.0-SNAPSHOT.jar:/home/runner/.m2/repository/org/javassist/javassist/3.21.0-GA/javassist-3.21.0-GA.jar:/home/runner/.m2/repository/org/jboss/weld/servlet/weld-servlet-shaded/3.1.9.Final/weld-servlet-shaded-3.1.9.Final.jar:/home/runner/.m2/repository/org/glassfish/jersey/containers/jersey-container-servlet-core/2.34/jersey-container-servlet-core-2.34.jar:/home/runner/.m2/repository/org/glassfish/hk2/external/jakarta.inject/2.6.1/jakarta.inject-2.6.1.jar:/home/runner/.m2/repository/org/glassfish/jersey/core/jersey-common/2.34/jersey-common-2.34.jar:/home/runner/.m2/repository/jakarta/ws/rs/jakarta.ws.rs-api/2.1.6/jakarta.ws.rs-api-2.1.6.jar:/home/runner/.m2/repository/org/glassfish/jersey/ext/cdi/jersey-cdi1x/2.34/jersey-cdi1x-2.34.jar:/home/runner/.m2/repository/org/glassfish/jersey/inject/jersey-hk2/2.34/jersey-hk2-2.34.jar:/home/runner/.m2/repository/org/glassfish/hk2/hk2-locator/2.6.1/hk2-locator-2.6.1.jar:/home/runner/.m2/repository/org/glassfish/jersey/media/jersey-media-jaxb/2.34/jersey-media-jaxb-2.34.jar:/home/runner/.m2/repository/org/glassfish/hk2/osgi-resource-locator/1.0.3/osgi-resource-locator-1.0.3.jar:/home/runner/.m2/repository/org/glassfish/hk2/hk2-api/2.5.0/hk2-api-2.5.0.jar:/home/runner/.m2/repository/org/glassfish/hk2/hk2-utils/2.5.0/hk2-utils-2.5.0.jar:/home/runner/.m2/repository/org/glassfish/hk2/external/aopalliance-repackaged/2.5.0/aopalliance-repackaged-2.5.0.jar:/home/runner/.m2/repository/com/fasterxml/jackson/dataformat/jackson-dataformat-xml/2.13.4/jackson-dataformat-xml-2.13.4.jar:/home/runner/.m2/repository/org/codehaus/woodstox/stax2-api/4.2.1/stax2-api-4.2.1.jar:/home/runner/.m2/repository/com/fasterxml/woodstox/woodstox-core/5.4.0/woodstox-core-5.4.0.jar:/home/runner/.m2/repository/com/fasterxml/jackson/module/jackson-module-jaxb-annotations/2.13.4/jackson-module-jaxb-annotations-2.13.4.jar:/home/runner/.m2/repository/jakarta/xml/bind/jakarta.xml.bind-api/2.3.3/jakarta.xml.bind-api-2.3.3.jar:/home/runner/.m2/repository/jakarta/activation/jakarta.activation-api/1.2.2/jakarta.activation-api-1.2.2.jar:/home/runner/.m2/repository/javax/enterprise/cdi-api/2.0/cdi-api-2.0.jar:/home/runner/.m2/repository/javax/el/javax.el-api/3.0.0/javax.el-api-3.0.0.jar:/home/runner/.m2/repository/javax/interceptor/javax.interceptor-api/1.2/javax.interceptor-api-1.2.jar:/home/runner/.m2/repository/javax/inject/javax.inject/1/javax.inject-1.jar:/home/runner/.m2/repository/javax/xml/bind/jaxb-api/2.3.0/jaxb-api-2.3.0.jar:/home/runner/.m2/repository/org/glassfish/jaxb/jaxb-runtime/2.3.0.1/jaxb-runtime-2.3.0.1.jar:/home/runner/.m2/repository/org/glassfish/jaxb/jaxb-core/2.3.0.1/jaxb-core-2.3.0.1.jar:/home/runner/.m2/repository/org/glassfish/jaxb/txw2/2.3.0.1/txw2-2.3.0.1.jar:/home/runner/.m2/repository/com/sun/istack/istack-commons-runtime/3.0.5/istack-commons-runtime-3.0.5.jar:/home/runner/.m2/repository/org/jvnet/staxex/stax-ex/1.7.8/stax-ex-1.7.8.jar:/home/runner/.m2/repository/com/sun/xml/fastinfoset/FastInfoset/1.2.13/FastInfoset-1.2.13.jar:/home/runner/.m2/repository/javax/activation/activation/1.1.1/activation-1.1.1.jar:/home/runner/.m2/repository/io/grpc/grpc-protobuf/1.51.1/grpc-protobuf-1.51.1.jar:/home/runner/.m2/repository/com/google/api/grpc/proto-google-common-protos/2.9.0/proto-google-common-protos-2.9.0.jar:/home/runner/.m2/repository/io/grpc/grpc-protobuf-lite/1.51.1/grpc-protobuf-lite-1.51.1.jar:/home/runner/.m2/repository/io/grpc/grpc-stub/1.51.1/grpc-stub-1.51.1.jar:/home/runner/.m2/repository/io/netty/netty-transport/4.1.94.Final/netty-transport-4.1.94.Final.jar:/home/runner/.m2/repository/io/netty/netty-resolver/4.1.94.Final/netty-resolver-4.1.94.Final.jar:/home/runner/.m2/repository/org/apache/ozone/ozone-csi/1.4.0-SNAPSHOT/ozone-csi-1.4.0-SNAPSHOT.jar:/home/runner/.m2/repository/com/google/protobuf/protobuf-java-util/3.19.6/protobuf-java-util-3.19.6.jar:/home/runner/.m2/repository/com/google/code/gson/gson/2.9.0/gson-2.9.0.jar:/home/runner/.m2/repository/org/apache/ozone/hdds-config/1.4.0-SNAPSHOT/hdds-config-1.4.0-SNAPSHOT.jar:/home/runner/.m2/repository/io/netty/netty-transport-native-epoll/4.1.94.Final/netty-transport-native-epoll-4.1.94.Final-linux-x86_64.jar:/home/runner/.m2/repository/io/netty/netty-transport-classes-epoll/4.1.94.Final/netty-transport-classes-epoll-4.1.94.Final.jar:/home/runner/.m2/repository/io/netty/netty-transport-native-unix-common/4.1.94.Final/netty-transport-native-unix-common-4.1.94.Final.jar:/home/runner/.m2/repository/org/apache/ozone/ozone-recon/1.4.0-SNAPSHOT/ozone-recon-1.4.0-SNAPSHOT.jar:/home/runner/.m2/repository/org/apache/ozone/ozone-reconcodegen/1.4.0-SNAPSHOT/ozone-reconcodegen-1.4.0-SNAPSHOT.jar:/home/runner/.m2/repository/com/google/inject/guice/5.1.0/guice-5.1.0.jar:/home/runner/.m2/repository/aopalliance/aopalliance/1.0/aopalliance-1.0.jar:/home/runner/.m2/repository/com/google/inject/extensions/guice-assistedinject/5.1.0/guice-assistedinject-5.1.0.jar:/home/runner/.m2/repository/com/google/inject/extensions/guice-servlet/5.1.0/guice-servlet-5.1.0.jar:/home/runner/.m2/repository/org/glassfish/jersey/containers/jersey-container-servlet/2.34/jersey-container-servlet-2.34.jar:/home/runner/.m2/repository/org/glassfish/hk2/guice-bridge/2.5.0/guice-bridge-2.5.0.jar:/home/runner/.m2/repository/org/glassfish/jersey/core/jersey-server/2.34/jersey-server-2.34.jar:/home/runner/.m2/repository/org/glassfish/jersey/core/jersey-client/2.34/jersey-client-2.34.jar:/home/runner/.m2/repository/jakarta/annotation/jakarta.annotation-api/1.3.5/jakarta.annotation-api-1.3.5.jar:/home/runner/.m2/repository/jakarta/validation/jakarta.validation-api/2.0.2/jakarta.validation-api-2.0.2.jar:/home/runner/.m2/repository/org/glassfish/jersey/media/jersey-media-json-jackson/2.34/jersey-media-json-jackson-2.34.jar:/home/runner/.m2/repository/org/glassfish/jersey/ext/jersey-entity-filtering/2.34/jersey-entity-filtering-2.34.jar:/home/runner/.m2/repository/org/jooq/jooq/3.11.10/jooq-3.11.10.jar:/home/runner/.m2/repository/org/jooq/jooq-meta/3.11.10/jooq-meta-3.11.10.jar:/home/runner/.m2/repository/org/jooq/jooq-codegen/3.11.10/jooq-codegen-3.11.10.jar:/home/runner/.m2/repository/com/jolbox/bonecp/0.8.0.RELEASE/bonecp-0.8.0.RELEASE.jar:/home/runner/.m2/repository/org/apache/derby/derby/10.14.2.0/derby-10.14.2.0.jar:/home/runner/.m2/repository/org/xerial/sqlite-jdbc/3.41.2.2/sqlite-jdbc-3.41.2.2.jar:/home/runner/.m2/repository/org/springframework/spring-jdbc/5.3.27/spring-jdbc-5.3.27.jar:/home/runner/.m2/repository/org/springframework/spring-beans/5.3.27/spring-beans-5.3.27.jar:/home/runner/.m2/repository/org/springframework/spring-core/5.3.27/spring-core-5.3.27.jar:/home/runner/.m2/repository/org/springframework/spring-tx/5.3.27/spring-tx-5.3.27.jar:/home/runner/.m2/repository/org/apache/ozone/ozone-client/1.4.0-SNAPSHOT/ozone-client-1.4.0-SNAPSHOT.jar:/home/runner/.m2/repository/org/apache/ozone/hdds-erasurecode/1.4.0-SNAPSHOT/hdds-erasurecode-1.4.0-SNAPSHOT.jar:/home/runner/.m2/repository/org/apache/ozone/ozone-filesystem/1.4.0-SNAPSHOT/ozone-filesystem-1.4.0-SNAPSHOT.jar:/home/runner/.m2/repository/org/apache/ozone/ozone-filesystem-common/1.4.0-SNAPSHOT/ozone-filesystem-common-1.4.0-SNAPSHOT.jar:/home/runner/.m2/repository/org/apache/ozone/ozone-tools/1.4.0-SNAPSHOT/ozone-tools-1.4.0-SNAPSHOT.jar:/home/runner/.m2/repository/com/amazonaws/aws-java-sdk-core/1.12.261/aws-java-sdk-core-1.12.261.jar:/home/runner/.m2/repository/org/apache/httpcomponents/httpclient/4.5.13/httpclient-4.5.13.jar:/home/runner/.m2/repository/org/apache/httpcomponents/httpcore/4.4.13/httpcore-4.4.13.jar:/home/runner/.m2/repository/software/amazon/ion/ion-java/1.0.2/ion-java-1.0.2.jar:/home/runner/.m2/repository/com/fasterxml/jackson/dataformat/jackson-dataformat-cbor/2.13.4/jackson-dataformat-cbor-2.13.4.jar:/home/runner/.m2/repository/joda-time/joda-time/2.10.6/joda-time-2.10.6.jar:/home/runner/.m2/repository/com/amazonaws/aws-java-sdk-s3/1.12.261/aws-java-sdk-s3-1.12.261.jar:/home/runner/.m2/repository/com/amazonaws/aws-java-sdk-kms/1.12.261/aws-java-sdk-kms-1.12.261.jar:/home/runner/.m2/repository/com/amazonaws/jmespath-java/1.12.261/jmespath-java-1.12.261.jar:/home/runner/.m2/repository/org/kohsuke/metainf-services/metainf-services/1.8/metainf-services-1.8.jar:/home/runner/.m2/repository/org/apache/ozone/hdds-tools/1.4.0-SNAPSHOT/hdds-tools-1.4.0-SNAPSHOT.jar:/home/runner/.m2/repository/org/apache/ratis/ratis-tools/2.5.1/ratis-tools-2.5.1.jar:/home/runner/.m2/repository/commons-cli/commons-cli/1.2/commons-cli-1.2.jar:/home/runner/.m2/repository/org/apache/commons/commons-lang3/3.7/commons-lang3-3.7.jar:/home/runner/.m2/repository/org/apache/ozone/ozone-manager/1.4.0-SNAPSHOT/ozone-manager-1.4.0-SNAPSHOT-tests.jar:/home/runner/.m2/repository/org/apache/ozone/hdds-common/1.4.0-SNAPSHOT/hdds-common-1.4.0-SNAPSHOT-tests.jar:/home/runner/.m2/repository/org/apache/ozone/hdds-hadoop-dependency-client/1.4.0-SNAPSHOT/hdds-hadoop-dependency-client-1.4.0-SNAPSHOT.jar:/home/runner/.m2/repository/info/picocli/picocli/4.6.1/picocli-4.6.1.jar:/home/runner/.m2/repository/com/fasterxml/jackson/core/jackson-annotations/2.13.4/jackson-annotations-2.13.4.jar:/home/runner/.m2/repository/org/apache/ozone/hdds-annotation-processing/1.4.0-SNAPSHOT/hdds-annotation-processing-1.4.0-SNAPSHOT.jar:/home/runner/.m2/repository/javax/annotation/javax.annotation-api/1.2/javax.annotation-api-1.2.jar:/home/runner/.m2/repository/org/apache/ratis/ratis-netty/2.5.1/ratis-netty-2.5.1.jar:/home/runner/.m2/repository/org/apache/ratis/ratis-grpc/2.5.1/ratis-grpc-2.5.1.jar:/home/runner/.m2/repository/org/apache/commons/commons-pool2/2.6.0/commons-pool2-2.6.0.jar:/home/runner/.m2/repository/org/bouncycastle/bcpkix-jdk15on/1.67/bcpkix-jdk15on-1.67.jar:/home/runner/.m2/repository/commons-validator/commons-validator/1.6/commons-validator-1.6.jar:/home/runner/.m2/repository/commons-beanutils/commons-beanutils/1.9.4/commons-beanutils-1.9.4.jar:/home/runner/.m2/repository/commons-digester/commons-digester/1.8.1/commons-digester-1.8.1.jar:/home/runner/.m2/repository/commons-collections/commons-collections/3.2.2/commons-collections-3.2.2.jar:/home/runner/.m2/repository/io/jaegertracing/jaeger-client/1.6.0/jaeger-client-1.6.0.jar:/home/runner/.m2/repository/io/jaegertracing/jaeger-thrift/1.6.0/jaeger-thrift-1.6.0.jar:/home/runner/.m2/repository/org/apache/thrift/libthrift/0.14.1/libthrift-0.14.1.jar:/home/runner/.m2/repository/io/jaegertracing/jaeger-core/1.6.0/jaeger-core-1.6.0.jar:/home/runner/.m2/repository/io/jaegertracing/jaeger-tracerresolver/1.6.0/jaeger-tracerresolver-1.6.0.jar:/home/runner/.m2/repository/io/opentracing/contrib/opentracing-tracerresolver/0.1.8/opentracing-tracerresolver-0.1.8.jar:/home/runner/.m2/repository/org/jetbrains/kotlin/kotlin-stdlib/1.6.21/kotlin-stdlib-1.6.21.jar:/home/runner/.m2/repository/org/jetbrains/annotations/13.0/annotations-13.0.jar:/home/runner/.m2/repository/io/opentracing/opentracing-util/0.33.0/opentracing-util-0.33.0.jar:/home/runner/.m2/repository/io/opentracing/opentracing-api/0.33.0/opentracing-api-0.33.0.jar:/home/runner/.m2/repository/io/opentracing/opentracing-noop/0.33.0/opentracing-noop-0.33.0.jar:/home/runner/.m2/repository/org/yaml/snakeyaml/2.0/snakeyaml-2.0.jar:/home/runner/.m2/repository/io/grpc/grpc-api/1.51.1/grpc-api-1.51.1.jar:/home/runner/.m2/repository/io/grpc/grpc-context/1.51.1/grpc-context-1.51.1.jar:/home/runner/.m2/repository/junit/junit/4.13.1/junit-4.13.1.jar:/home/runner/.m2/repository/org/hamcrest/hamcrest-core/1.3/hamcrest-core-1.3.jar:/home/runner/.m2/repository/org/junit/jupiter/junit-jupiter-api/5.8.2/junit-jupiter-api-5.8.2.jar:/home/runner/.m2/repository/org/opentest4j/opentest4j/1.2.0/opentest4j-1.2.0.jar:/home/runner/.m2/repository/org/junit/platform/junit-platform-commons/1.8.2/junit-platform-commons-1.8.2.jar:/home/runner/.m2/repository/org/apiguardian/apiguardian-api/1.1.2/apiguardian-api-1.1.2.jar:/home/runner/.m2/repository/org/junit/jupiter/junit-jupiter-params/5.8.2/junit-jupiter-params-5.8.2.jar:/home/runner/.m2/repository/org/junit/jupiter/junit-jupiter-migrationsupport/5.8.2/junit-jupiter-migrationsupport-5.8.2.jar:/home/runner/.m2/repository/org/junit/jupiter/junit-jupiter-engine/5.8.2/junit-jupiter-engine-5.8.2.jar:/home/runner/.m2/repository/org/junit/platform/junit-platform-engine/1.8.2/junit-platform-engine-1.8.2.jar:/home/runner/.m2/repository/org/junit/vintage/junit-vintage-engine/5.8.2/junit-vintage-engine-5.8.2.jar:/home/runner/.m2/repository/org/junit/platform/junit-platform-launcher/1.8.2/junit-platform-launcher-1.8.2.jar:/home/runner/.m2/repository/org/mockito/mockito-core/3.5.9/mockito-core-3.5.9.jar:/home/runner/.m2/repository/net/bytebuddy/byte-buddy/1.10.13/byte-buddy-1.10.13.jar:/home/runner/.m2/repository/net/bytebuddy/byte-buddy-agent/1.10.13/byte-buddy-agent-1.10.13.jar:/home/runner/.m2/repository/org/objenesis/objenesis/1.0/objenesis-1.0.jar:/home/runner/.m2/repository/org/apache/hadoop/hadoop-kms/3.3.6/hadoop-kms-3.3.6.jar:/home/runner/.m2/repository/org/apache/hadoop/hadoop-auth/3.3.6/hadoop-auth-3.3.6.jar:/home/runner/.m2/repository/com/nimbusds/nimbus-jose-jwt/9.8.1/nimbus-jose-jwt-9.8.1.jar:/home/runner/.m2/repository/com/github/stephenc/jcip/jcip-annotations/1.0-1/jcip-annotations-1.0-1.jar:/home/runner/.m2/repository/org/apache/zookeeper/zookeeper/3.5.6/zookeeper-3.5.6.jar:/home/runner/.m2/repository/org/apache/zookeeper/zookeeper-jute/3.5.6/zookeeper-jute-3.5.6.jar:/home/runner/.m2/repository/org/apache/yetus/audience-annotations/0.5.0/audience-annotations-0.5.0.jar:/home/runner/.m2/repository/org/apache/curator/curator-framework/4.2.0/curator-framework-4.2.0.jar:/home/runner/.m2/repository/org/apache/hadoop/thirdparty/hadoop-shaded-guava/1.1.1/hadoop-shaded-guava-1.1.1.jar:/home/runner/.m2/repository/com/sun/jersey/jersey-core/1.19/jersey-core-1.19.jar:/home/runner/.m2/repository/javax/ws/rs/jsr311-api/1.1.1/jsr311-api-1.1.1.jar:/home/runner/.m2/repository/com/sun/jersey/jersey-server/1.19/jersey-server-1.19.jar:/home/runner/.m2/repository/javax/servlet/javax.servlet-api/3.1.0/javax.servlet-api-3.1.0.jar:/home/runner/.m2/repository/org/apache/hadoop/hadoop-common/3.3.6/hadoop-common-3.3.6.jar:/home/runner/.m2/repository/org/apache/commons/commons-math3/3.1.1/commons-math3-3.1.1.jar:/home/runner/.m2/repository/commons-net/commons-net/3.9.0/commons-net-3.9.0.jar:/home/runner/.m2/repository/com/sun/jersey/jersey-servlet/1.19/jersey-servlet-1.19.jar:/home/runner/.m2/repository/com/github/pjfanning/jersey-json/1.20/jersey-json-1.20.jar:/home/runner/.m2/repository/org/codehaus/jettison/jettison/1.1/jettison-1.1.jar:/home/runner/.m2/repository/com/sun/xml/bind/jaxb-impl/2.2.3-1/jaxb-impl-2.2.3-1.jar:/home/runner/.m2/repository/com/google/re2j/re2j/1.1/re2j-1.1.jar:/home/runner/.m2/repository/com/jcraft/jsch/0.1.54/jsch-0.1.54.jar:/home/runner/.m2/repository/org/apache/curator/curator-client/4.2.0/curator-client-4.2.0.jar:/home/runner/.m2/repository/org/apache/curator/curator-recipes/5.2.0/curator-recipes-5.2.0.jar:/home/runner/.m2/repository/org/apache/kerby/kerb-core/1.0.1/kerb-core-1.0.1.jar:/home/runner/.m2/repository/org/apache/kerby/kerby-pkix/1.0.1/kerby-pkix-1.0.1.jar:/home/runner/.m2/repository/org/apache/kerby/kerby-asn1/1.0.1/kerby-asn1-1.0.1.jar:/home/runner/.m2/repository/org/apache/kerby/kerby-util/1.0.1/kerby-util-1.0.1.jar:/home/runner/.m2/repository/dnsjava/dnsjava/2.1.7/dnsjava-2.1.7.jar:/home/runner/.m2/repository/org/xerial/snappy/snappy-java/1.1.8.2/snappy-java-1.1.8.2.jar:/home/runner/.m2/repository/com/fasterxml/jackson/core/jackson-databind/2.13.4.2/jackson-databind-2.13.4.2.jar:/home/runner/.m2/repository/org/apache/hadoop/hadoop-kms/3.3.6/hadoop-kms-3.3.6-tests.jar:/home/runner/.m2/repository/org/apache/ozone/hdds-server-scm/1.4.0-SNAPSHOT/hdds-server-scm-1.4.0-SNAPSHOT-tests.jar:/home/runner/.m2/repository/org/apache/ozone/hdds-container-service/1.4.0-SNAPSHOT/hdds-container-service-1.4.0-SNAPSHOT-tests.jar:/home/runner/.m2/repository/com/github/luben/zstd-jni/1.5.2-5/zstd-jni-1.5.2-5.jar:/home/runner/.m2/repository/commons-codec/commons-codec/1.15/commons-codec-1.15.jar:/home/runner/.m2/repository/io/netty/netty-codec/4.1.94.Final/netty-codec-4.1.94.Final.jar:/home/runner/.m2/repository/io/netty/netty-handler/4.1.94.Final/netty-handler-4.1.94.Final.jar:/home/runner/.m2/repository/org/apache/ozone/hdds-hadoop-dependency-test/1.4.0-SNAPSHOT/hdds-hadoop-dependency-test-1.4.0-SNAPSHOT.jar:/home/runner/.m2/repository/org/apache/hadoop/hadoop-common/3.3.6/hadoop-common-3.3.6-tests.jar:/home/runner/.m2/repository/org/apache/hadoop/hadoop-hdfs/3.3.6/hadoop-hdfs-3.3.6-tests.jar:/home/runner/.m2/repository/org/assertj/assertj-core/3.12.2/assertj-core-3.12.2.jar:/home/runner/.m2/repository/org/apache/hadoop/hadoop-distcp/3.3.6/hadoop-distcp-3.3.6.jar:/home/runner/.m2/repository/org/apache/hadoop/hadoop-mapreduce-client-jobclient/3.3.6/hadoop-mapreduce-client-jobclient-3.3.6.jar:/home/runner/.m2/repository/org/apache/hadoop/hadoop-mapreduce-client-common/3.3.6/hadoop-mapreduce-client-common-3.3.6.jar:/home/runner/.m2/repository/org/apache/hadoop/hadoop-yarn-common/3.3.6/hadoop-yarn-common-3.3.6.jar:/home/runner/.m2/repository/org/apache/hadoop/hadoop-yarn-api/3.3.6/hadoop-yarn-api-3.3.6.jar:/home/runner/.m2/repository/com/sun/jersey/contribs/jersey-guice/1.19/jersey-guice-1.19.jar:/home/runner/.m2/repository/com/fasterxml/jackson/jaxrs/jackson-jaxrs-json-provider/2.13.4/jackson-jaxrs-json-provider-2.13.4.jar:/home/runner/.m2/repository/com/fasterxml/jackson/jaxrs/jackson-jaxrs-base/2.13.4/jackson-jaxrs-base-2.13.4.jar:/home/runner/.m2/repository/org/apache/hadoop/hadoop-yarn-client/3.3.6/hadoop-yarn-client-3.3.6.jar:/home/runner/.m2/repository/org/eclipse/jetty/websocket/websocket-client/9.4.51.v20230217/websocket-client-9.4.51.v20230217.jar:/home/runner/.m2/repository/org/eclipse/jetty/websocket/websocket-common/9.4.51.v20230217/websocket-common-9.4.51.v20230217.jar:/home/runner/.m2/repository/org/eclipse/jetty/websocket/websocket-api/9.4.51.v20230217/websocket-api-9.4.51.v20230217.jar:/home/runner/.m2/repository/org/jline/jline/3.9.0/jline-3.9.0.jar:/home/runner/.m2/repository/org/apache/hadoop/hadoop-mapreduce-client-core/3.3.6/hadoop-mapreduce-client-core-3.3.6.jar:/home/runner/.m2/repository/org/apache/avro/avro/1.7.7/avro-1.7.7.jar:/home/runner/.m2/repository/com/thoughtworks/paranamer/paranamer/2.3/paranamer-2.3.jar:/home/runner/.m2/repository/org/apache/hadoop/hadoop-annotations/3.3.6/hadoop-annotations-3.3.6.jar:/usr/lib/jvm/temurin-8-jdk-amd64/jre/../lib/tools.jar:/home/runner/.m2/repository/io/netty/netty/3.10.6.Final/netty-3.10.6.Final.jar:/home/runner/.m2/repository/org/apache/hadoop/hadoop-distcp/3.3.6/hadoop-distcp-3.3.6-tests.jar:/home/runner/.m2/repository/org/slf4j/jul-to-slf4j/1.7.36/jul-to-slf4j-1.7.36.jar:"/>
    <property name="java.vm.vendor" value="Temurin"/>
    <property name="sun.arch.data.model" value="64"/>
    <property name="test.build.dir" value="/home/runner/work/ozone/ozone/hadoop-ozone/integration-test/target/test-dir"/>
    <property name="sun.security.krb5.debug" value="false"/>
    <property name="test.cache.data" value=""/>
    <property name="java.vendor.url" value="https://adoptium.net/"/>
    <property name="user.timezone" value="Etc/UTC"/>
    <property name="os.name" value="Linux"/>
    <property name="java.vm.specification.version" value="1.8"/>
    <property name="test.build.data" value="/home/runner/work/ozone/ozone/hadoop-ozone/integration-test/target/test-dir"/>
    <property name="sun.java.launcher" value="SUN_STANDARD"/>
    <property name="sun.boot.library.path" value="/usr/lib/jvm/temurin-8-jdk-amd64/jre/lib/amd64"/>
    <property name="sun.java.command" value="/home/runner/work/ozone/ozone/hadoop-ozone/integration-test/target/surefire/surefirebooter7977704042525808438.jar /home/runner/work/ozone/ozone/hadoop-ozone/integration-test/target/surefire 2023-08-23T10-43-20_615-jvmRun1 surefire2288112548658157362tmp surefire_96471985307241798084tmp"/>
    <property name="native.lib.tmp.dir" value="/tmp"/>
    <property name="surefire.test.class.path" value="/home/runner/work/ozone/ozone/hadoop-ozone/integration-test/target/test-classes:/home/runner/work/ozone/ozone/hadoop-ozone/integration-test/target/classes:/home/runner/.m2/repository/org/apache/ozone/ozone-common/1.4.0-SNAPSHOT/ozone-common-1.4.0-SNAPSHOT.jar:/home/runner/.m2/repository/io/grpc/grpc-netty/1.51.1/grpc-netty-1.51.1.jar:/home/runner/.m2/repository/io/grpc/grpc-core/1.51.1/grpc-core-1.51.1.jar:/home/runner/.m2/repository/com/google/android/annotations/4.1.1.4/annotations-4.1.1.4.jar:/home/runner/.m2/repository/org/codehaus/mojo/animal-sniffer-annotations/1.21/animal-sniffer-annotations-1.21.jar:/home/runner/.m2/repository/com/google/errorprone/error_prone_annotations/2.2.0/error_prone_annotations-2.2.0.jar:/home/runner/.m2/repository/io/perfmark/perfmark-api/0.25.0/perfmark-api-0.25.0.jar:/home/runner/.m2/repository/io/netty/netty-codec-http2/4.1.94.Final/netty-codec-http2-4.1.94.Final.jar:/home/runner/.m2/repository/io/netty/netty-common/4.1.94.Final/netty-common-4.1.94.Final.jar:/home/runner/.m2/repository/io/netty/netty-buffer/4.1.94.Final/netty-buffer-4.1.94.Final.jar:/home/runner/.m2/repository/io/netty/netty-codec-http/4.1.94.Final/netty-codec-http-4.1.94.Final.jar:/home/runner/.m2/repository/io/netty/netty-handler-proxy/4.1.94.Final/netty-handler-proxy-4.1.94.Final.jar:/home/runner/.m2/repository/io/netty/netty-codec-socks/4.1.94.Final/netty-codec-socks-4.1.94.Final.jar:/home/runner/.m2/repository/io/netty/netty-tcnative-boringssl-static/2.0.61.Final/netty-tcnative-boringssl-static-2.0.61.Final.jar:/home/runner/.m2/repository/io/netty/netty-tcnative-classes/2.0.61.Final/netty-tcnative-classes-2.0.61.Final.jar:/home/runner/.m2/repository/io/netty/netty-tcnative-boringssl-static/2.0.61.Final/netty-tcnative-boringssl-static-2.0.61.Final-linux-x86_64.jar:/home/runner/.m2/repository/io/netty/netty-tcnative-boringssl-static/2.0.61.Final/netty-tcnative-boringssl-static-2.0.61.Final-linux-aarch_64.jar:/home/runner/.m2/repository/io/netty/netty-tcnative-boringssl-static/2.0.61.Final/netty-tcnative-boringssl-static-2.0.61.Final-osx-x86_64.jar:/home/runner/.m2/repository/io/netty/netty-tcnative-boringssl-static/2.0.61.Final/netty-tcnative-boringssl-static-2.0.61.Final-osx-aarch_64.jar:/home/runner/.m2/repository/io/netty/netty-tcnative-boringssl-static/2.0.61.Final/netty-tcnative-boringssl-static-2.0.61.Final-windows-x86_64.jar:/home/runner/.m2/repository/org/apache/commons/commons-compress/1.21/commons-compress-1.21.jar:/home/runner/.m2/repository/org/apache/ozone/hdds-common/1.4.0-SNAPSHOT/hdds-common-1.4.0-SNAPSHOT.jar:/home/runner/.m2/repository/org/apache/ozone/hdds-client/1.4.0-SNAPSHOT/hdds-client-1.4.0-SNAPSHOT.jar:/home/runner/.m2/repository/org/apache/ozone/ozone-interface-client/1.4.0-SNAPSHOT/ozone-interface-client-1.4.0-SNAPSHOT.jar:/home/runner/.m2/repository/org/apache/hadoop/hadoop-hdfs-client/3.3.6/hadoop-hdfs-client-3.3.6.jar:/home/runner/.m2/repository/com/squareup/okhttp3/okhttp/4.9.3/okhttp-4.9.3.jar:/home/runner/.m2/repository/com/squareup/okio/okio/3.4.0/okio-3.4.0.jar:/home/runner/.m2/repository/com/squareup/okio/okio-jvm/3.4.0/okio-jvm-3.4.0.jar:/home/runner/.m2/repository/org/jetbrains/kotlin/kotlin-stdlib-jdk8/1.8.0/kotlin-stdlib-jdk8-1.8.0.jar:/home/runner/.m2/repository/org/jetbrains/kotlin/kotlin-stdlib-jdk7/1.8.0/kotlin-stdlib-jdk7-1.8.0.jar:/home/runner/.m2/repository/org/jetbrains/kotlin/kotlin-stdlib-common/1.6.21/kotlin-stdlib-common-1.6.21.jar:/home/runner/.m2/repository/org/apache/ozone/hdds-test-utils/1.4.0-SNAPSHOT/hdds-test-utils-1.4.0-SNAPSHOT.jar:/home/runner/.m2/repository/com/google/guava/guava/32.0.0-jre/guava-32.0.0-jre.jar:/home/runner/.m2/repository/com/google/guava/failureaccess/1.0.1/failureaccess-1.0.1.jar:/home/runner/.m2/repository/com/google/guava/listenablefuture/9999.0-empty-to-avoid-conflict-with-guava/listenablefuture-9999.0-empty-to-avoid-conflict-with-guava.jar:/home/runner/.m2/repository/com/google/code/findbugs/jsr305/3.0.0/jsr305-3.0.0.jar:/home/runner/.m2/repository/org/checkerframework/checker-qual/3.33.0/checker-qual-3.33.0.jar:/home/runner/.m2/repository/com/google/j2objc/j2objc-annotations/2.8/j2objc-annotations-2.8.jar:/home/runner/.m2/repository/commons-io/commons-io/2.11.0/commons-io-2.11.0.jar:/home/runner/.m2/repository/commons-logging/commons-logging/1.2/commons-logging-1.2.jar:/home/runner/.m2/repository/ch/qos/reload4j/reload4j/1.2.22/reload4j-1.2.22.jar:/home/runner/.m2/repository/org/slf4j/slf4j-api/1.7.36/slf4j-api-1.7.36.jar:/home/runner/.m2/repository/org/apache/logging/log4j/log4j-api/2.17.1/log4j-api-2.17.1.jar:/home/runner/.m2/repository/org/apache/ozone/hdds-server-scm/1.4.0-SNAPSHOT/hdds-server-scm-1.4.0-SNAPSHOT.jar:/home/runner/.m2/repository/org/apache/ozone/hdds-container-service/1.4.0-SNAPSHOT/hdds-container-service-1.4.0-SNAPSHOT.jar:/home/runner/.m2/repository/org/apache/ozone/hdds-hadoop-dependency-server/1.4.0-SNAPSHOT/hdds-hadoop-dependency-server-1.4.0-SNAPSHOT.jar:/home/runner/.m2/repository/org/apache/hadoop/hadoop-hdfs/3.3.6/hadoop-hdfs-3.3.6.jar:/home/runner/.m2/repository/commons-daemon/commons-daemon/1.0.13/commons-daemon-1.0.13.jar:/home/runner/.m2/repository/org/apache/ozone/hdds-server-framework/1.4.0-SNAPSHOT/hdds-server-framework-1.4.0-SNAPSHOT.jar:/home/runner/.m2/repository/io/dropwizard/metrics/metrics-core/3.2.4/metrics-core-3.2.4.jar:/home/runner/.m2/repository/org/apache/commons/commons-text/1.10.0/commons-text-1.10.0.jar:/home/runner/.m2/repository/org/bouncycastle/bcprov-jdk15on/1.67/bcprov-jdk15on-1.67.jar:/home/runner/.m2/repository/com/google/protobuf/protobuf-java/2.5.0/protobuf-java-2.5.0.jar:/home/runner/.m2/repository/org/apache/ozone/hdds-server-framework/1.4.0-SNAPSHOT/hdds-server-framework-1.4.0-SNAPSHOT-tests.jar:/home/runner/.m2/repository/org/apache/ozone/hdds-interface-server/1.4.0-SNAPSHOT/hdds-interface-server-1.4.0-SNAPSHOT.jar:/home/runner/.m2/repository/org/apache/ozone/hdds-interface-admin/1.4.0-SNAPSHOT/hdds-interface-admin-1.4.0-SNAPSHOT.jar:/home/runner/.m2/repository/org/apache/ozone/hdds-managed-rocksdb/1.4.0-SNAPSHOT/hdds-managed-rocksdb-1.4.0-SNAPSHOT.jar:/home/runner/.m2/repository/org/rocksdb/rocksdbjni/7.7.3/rocksdbjni-7.7.3.jar:/home/runner/.m2/repository/org/slf4j/slf4j-reload4j/1.7.36/slf4j-reload4j-1.7.36.jar:/home/runner/.m2/repository/org/apache/commons/commons-configuration2/2.1.1/commons-configuration2-2.1.1.jar:/home/runner/.m2/repository/commons-fileupload/commons-fileupload/1.5/commons-fileupload-1.5.jar:/home/runner/.m2/repository/org/apache/logging/log4j/log4j-core/2.17.1/log4j-core-2.17.1.jar:/home/runner/.m2/repository/com/lmax/disruptor/3.4.2/disruptor-3.4.2.jar:/home/runner/.m2/repository/org/eclipse/jetty/jetty-util/9.4.51.v20230217/jetty-util-9.4.51.v20230217.jar:/home/runner/.m2/repository/org/eclipse/jetty/jetty-server/9.4.51.v20230217/jetty-server-9.4.51.v20230217.jar:/home/runner/.m2/repository/org/eclipse/jetty/jetty-http/9.4.51.v20230217/jetty-http-9.4.51.v20230217.jar:/home/runner/.m2/repository/org/eclipse/jetty/jetty-io/9.4.51.v20230217/jetty-io-9.4.51.v20230217.jar:/home/runner/.m2/repository/org/eclipse/jetty/jetty-servlet/9.4.51.v20230217/jetty-servlet-9.4.51.v20230217.jar:/home/runner/.m2/repository/org/eclipse/jetty/jetty-security/9.4.51.v20230217/jetty-security-9.4.51.v20230217.jar:/home/runner/.m2/repository/org/eclipse/jetty/jetty-util-ajax/9.4.51.v20230217/jetty-util-ajax-9.4.51.v20230217.jar:/home/runner/.m2/repository/org/eclipse/jetty/jetty-webapp/9.4.51.v20230217/jetty-webapp-9.4.51.v20230217.jar:/home/runner/.m2/repository/org/eclipse/jetty/jetty-xml/9.4.51.v20230217/jetty-xml-9.4.51.v20230217.jar:/home/runner/.m2/repository/org/apache/ratis/ratis-server/2.5.1/ratis-server-2.5.1.jar:/home/runner/.m2/repository/org/apache/ratis/ratis-thirdparty-misc/1.0.4/ratis-thirdparty-misc-1.0.4.jar:/home/runner/.m2/repository/org/apache/ratis/ratis-proto/2.5.1/ratis-proto-2.5.1.jar:/home/runner/.m2/repository/org/apache/ratis/ratis-common/2.5.1/ratis-common-2.5.1.jar:/home/runner/.m2/repository/org/apache/ratis/ratis-client/2.5.1/ratis-client-2.5.1.jar:/home/runner/.m2/repository/org/apache/ratis/ratis-server-api/2.5.1/ratis-server-api-2.5.1.jar:/home/runner/.m2/repository/org/apache/ratis/ratis-metrics/2.5.1/ratis-metrics-2.5.1.jar:/home/runner/.m2/repository/io/prometheus/simpleclient_dropwizard/0.7.0/simpleclient_dropwizard-0.7.0.jar:/home/runner/.m2/repository/io/prometheus/simpleclient/0.7.0/simpleclient-0.7.0.jar:/home/runner/.m2/repository/io/prometheus/simpleclient_common/0.7.0/simpleclient_common-0.7.0.jar:/home/runner/.m2/repository/com/fasterxml/jackson/datatype/jackson-datatype-jsr310/2.13.4/jackson-datatype-jsr310-2.13.4.jar:/home/runner/.m2/repository/com/fasterxml/jackson/core/jackson-core/2.13.4/jackson-core-2.13.4.jar:/home/runner/.m2/repository/com/github/spotbugs/spotbugs-annotations/3.1.12/spotbugs-annotations-3.1.12.jar:/home/runner/.m2/repository/org/apache/ozone/rocksdb-checkpoint-differ/1.4.0-SNAPSHOT/rocksdb-checkpoint-differ-1.4.0-SNAPSHOT.jar:/home/runner/.m2/repository/org/jgrapht/jgrapht-core/1.0.1/jgrapht-core-1.0.1.jar:/home/runner/.m2/repository/org/jgrapht/jgrapht-ext/1.0.1/jgrapht-ext-1.0.1.jar:/home/runner/.m2/repository/org/tinyjee/jgraphx/jgraphx/2.0.0.1/jgraphx-2.0.0.1.jar:/home/runner/.m2/repository/jgraph/jgraph/5.13.0.0/jgraph-5.13.0.0.jar:/home/runner/.m2/repository/org/antlr/antlr4-runtime/4.5.3/antlr4-runtime-4.5.3.jar:/home/runner/.m2/repository/org/awaitility/awaitility/4.2.0/awaitility-4.2.0.jar:/home/runner/.m2/repository/org/hamcrest/hamcrest/2.1/hamcrest-2.1.jar:/home/runner/.m2/repository/org/apache/ozone/ozone-manager/1.4.0-SNAPSHOT/ozone-manager-1.4.0-SNAPSHOT.jar:/home/runner/.m2/repository/org/aspectj/aspectjrt/1.9.7/aspectjrt-1.9.7.jar:/home/runner/.m2/repository/org/aspectj/aspectjweaver/1.9.7/aspectjweaver-1.9.7.jar:/home/runner/.m2/repository/org/apache/ozone/hdds-interface-client/1.4.0-SNAPSHOT/hdds-interface-client-1.4.0-SNAPSHOT.jar:/home/runner/.m2/repository/org/apache/hadoop/thirdparty/hadoop-shaded-protobuf_3_7/1.1.1/hadoop-shaded-protobuf_3_7-1.1.1.jar:/home/runner/.m2/repository/org/apache/ozone/ozone-interface-storage/1.4.0-SNAPSHOT/ozone-interface-storage-1.4.0-SNAPSHOT.jar:/home/runner/.m2/repository/org/reflections/reflections/0.9.11/reflections-0.9.11.jar:/home/runner/.m2/repository/com/sun/jersey/jersey-client/1.19/jersey-client-1.19.jar:/home/runner/.m2/repository/org/codehaus/jackson/jackson-core-asl/1.9.13/jackson-core-asl-1.9.13.jar:/home/runner/.m2/repository/org/codehaus/jackson/jackson-mapper-asl/1.9.13/jackson-mapper-asl-1.9.13.jar:/home/runner/.m2/repository/org/codehaus/jackson/jackson-jaxrs/1.9.13/jackson-jaxrs-1.9.13.jar:/home/runner/.m2/repository/org/apache/ranger/ranger-intg/2.3.0/ranger-intg-2.3.0.jar:/home/runner/.m2/repository/org/apache/ranger/ranger-plugins-common/2.3.0/ranger-plugins-common-2.3.0.jar:/home/runner/.m2/repository/commons-lang/commons-lang/2.6/commons-lang-2.6.jar:/home/runner/.m2/repository/org/apache/ranger/ranger-plugins-cred/2.3.0/ranger-plugins-cred-2.3.0.jar:/home/runner/.m2/repository/org/apache/ranger/ranger-plugins-audit/2.3.0/ranger-plugins-audit-2.3.0.jar:/home/runner/.m2/repository/org/eclipse/jetty/jetty-client/9.4.51.v20230217/jetty-client-9.4.51.v20230217.jar:/home/runner/.m2/repository/org/apache/httpcomponents/httpmime/4.5.6/httpmime-4.5.6.jar:/home/runner/.m2/repository/org/apache/httpcomponents/httpcore-nio/4.4.13/httpcore-nio-4.4.13.jar:/home/runner/.m2/repository/org/apache/httpcomponents/httpasyncclient/4.1.3/httpasyncclient-4.1.3.jar:/home/runner/.m2/repository/com/carrotsearch/hppc/0.8.0/hppc-0.8.0.jar:/home/runner/.m2/repository/org/apache/orc/orc-core/1.5.8/orc-core-1.5.8.jar:/home/runner/.m2/repository/net/java/dev/jna/jna/5.2.0/jna-5.2.0.jar:/home/runner/.m2/repository/net/java/dev/jna/jna-platform/5.2.0/jna-platform-5.2.0.jar:/home/runner/.m2/repository/com/kstruct/gethostname4j/0.0.2/gethostname4j-0.0.2.jar:/home/runner/.m2/repository/org/apache/ranger/ranger-plugin-classloader/2.3.0/ranger-plugin-classloader-2.3.0.jar:/home/runner/.m2/repository/org/apache/ozone/hdds-rocks-native/1.4.0-SNAPSHOT/hdds-rocks-native-1.4.0-SNAPSHOT.jar:/home/runner/.m2/repository/org/apache/hadoop/hadoop-minikdc/3.3.6/hadoop-minikdc-3.3.6.jar:/home/runner/.m2/repository/org/apache/kerby/kerb-simplekdc/1.0.1/kerb-simplekdc-1.0.1.jar:/home/runner/.m2/repository/org/apache/kerby/kerb-client/1.0.1/kerb-client-1.0.1.jar:/home/runner/.m2/repository/org/apache/kerby/kerby-config/1.0.1/kerby-config-1.0.1.jar:/home/runner/.m2/repository/org/apache/kerby/kerb-common/1.0.1/kerb-common-1.0.1.jar:/home/runner/.m2/repository/org/apache/kerby/kerb-crypto/1.0.1/kerb-crypto-1.0.1.jar:/home/runner/.m2/repository/org/apache/kerby/kerb-util/1.0.1/kerb-util-1.0.1.jar:/home/runner/.m2/repository/org/apache/kerby/token-provider/1.0.1/token-provider-1.0.1.jar:/home/runner/.m2/repository/org/apache/kerby/kerb-admin/1.0.1/kerb-admin-1.0.1.jar:/home/runner/.m2/repository/org/apache/kerby/kerb-server/1.0.1/kerb-server-1.0.1.jar:/home/runner/.m2/repository/org/apache/kerby/kerb-identity/1.0.1/kerb-identity-1.0.1.jar:/home/runner/.m2/repository/org/apache/kerby/kerby-xdr/1.0.1/kerby-xdr-1.0.1.jar:/home/runner/.m2/repository/org/apache/ozone/ozone-s3gateway/1.4.0-SNAPSHOT/ozone-s3gateway-1.4.0-SNAPSHOT.jar:/home/runner/.m2/repository/org/javassist/javassist/3.21.0-GA/javassist-3.21.0-GA.jar:/home/runner/.m2/repository/org/jboss/weld/servlet/weld-servlet-shaded/3.1.9.Final/weld-servlet-shaded-3.1.9.Final.jar:/home/runner/.m2/repository/org/glassfish/jersey/containers/jersey-container-servlet-core/2.34/jersey-container-servlet-core-2.34.jar:/home/runner/.m2/repository/org/glassfish/hk2/external/jakarta.inject/2.6.1/jakarta.inject-2.6.1.jar:/home/runner/.m2/repository/org/glassfish/jersey/core/jersey-common/2.34/jersey-common-2.34.jar:/home/runner/.m2/repository/jakarta/ws/rs/jakarta.ws.rs-api/2.1.6/jakarta.ws.rs-api-2.1.6.jar:/home/runner/.m2/repository/org/glassfish/jersey/ext/cdi/jersey-cdi1x/2.34/jersey-cdi1x-2.34.jar:/home/runner/.m2/repository/org/glassfish/jersey/inject/jersey-hk2/2.34/jersey-hk2-2.34.jar:/home/runner/.m2/repository/org/glassfish/hk2/hk2-locator/2.6.1/hk2-locator-2.6.1.jar:/home/runner/.m2/repository/org/glassfish/jersey/media/jersey-media-jaxb/2.34/jersey-media-jaxb-2.34.jar:/home/runner/.m2/repository/org/glassfish/hk2/osgi-resource-locator/1.0.3/osgi-resource-locator-1.0.3.jar:/home/runner/.m2/repository/org/glassfish/hk2/hk2-api/2.5.0/hk2-api-2.5.0.jar:/home/runner/.m2/repository/org/glassfish/hk2/hk2-utils/2.5.0/hk2-utils-2.5.0.jar:/home/runner/.m2/repository/org/glassfish/hk2/external/aopalliance-repackaged/2.5.0/aopalliance-repackaged-2.5.0.jar:/home/runner/.m2/repository/com/fasterxml/jackson/dataformat/jackson-dataformat-xml/2.13.4/jackson-dataformat-xml-2.13.4.jar:/home/runner/.m2/repository/org/codehaus/woodstox/stax2-api/4.2.1/stax2-api-4.2.1.jar:/home/runner/.m2/repository/com/fasterxml/woodstox/woodstox-core/5.4.0/woodstox-core-5.4.0.jar:/home/runner/.m2/repository/com/fasterxml/jackson/module/jackson-module-jaxb-annotations/2.13.4/jackson-module-jaxb-annotations-2.13.4.jar:/home/runner/.m2/repository/jakarta/xml/bind/jakarta.xml.bind-api/2.3.3/jakarta.xml.bind-api-2.3.3.jar:/home/runner/.m2/repository/jakarta/activation/jakarta.activation-api/1.2.2/jakarta.activation-api-1.2.2.jar:/home/runner/.m2/repository/javax/enterprise/cdi-api/2.0/cdi-api-2.0.jar:/home/runner/.m2/repository/javax/el/javax.el-api/3.0.0/javax.el-api-3.0.0.jar:/home/runner/.m2/repository/javax/interceptor/javax.interceptor-api/1.2/javax.interceptor-api-1.2.jar:/home/runner/.m2/repository/javax/inject/javax.inject/1/javax.inject-1.jar:/home/runner/.m2/repository/javax/xml/bind/jaxb-api/2.3.0/jaxb-api-2.3.0.jar:/home/runner/.m2/repository/org/glassfish/jaxb/jaxb-runtime/2.3.0.1/jaxb-runtime-2.3.0.1.jar:/home/runner/.m2/repository/org/glassfish/jaxb/jaxb-core/2.3.0.1/jaxb-core-2.3.0.1.jar:/home/runner/.m2/repository/org/glassfish/jaxb/txw2/2.3.0.1/txw2-2.3.0.1.jar:/home/runner/.m2/repository/com/sun/istack/istack-commons-runtime/3.0.5/istack-commons-runtime-3.0.5.jar:/home/runner/.m2/repository/org/jvnet/staxex/stax-ex/1.7.8/stax-ex-1.7.8.jar:/home/runner/.m2/repository/com/sun/xml/fastinfoset/FastInfoset/1.2.13/FastInfoset-1.2.13.jar:/home/runner/.m2/repository/javax/activation/activation/1.1.1/activation-1.1.1.jar:/home/runner/.m2/repository/io/grpc/grpc-protobuf/1.51.1/grpc-protobuf-1.51.1.jar:/home/runner/.m2/repository/com/google/api/grpc/proto-google-common-protos/2.9.0/proto-google-common-protos-2.9.0.jar:/home/runner/.m2/repository/io/grpc/grpc-protobuf-lite/1.51.1/grpc-protobuf-lite-1.51.1.jar:/home/runner/.m2/repository/io/grpc/grpc-stub/1.51.1/grpc-stub-1.51.1.jar:/home/runner/.m2/repository/io/netty/netty-transport/4.1.94.Final/netty-transport-4.1.94.Final.jar:/home/runner/.m2/repository/io/netty/netty-resolver/4.1.94.Final/netty-resolver-4.1.94.Final.jar:/home/runner/.m2/repository/org/apache/ozone/ozone-csi/1.4.0-SNAPSHOT/ozone-csi-1.4.0-SNAPSHOT.jar:/home/runner/.m2/repository/com/google/protobuf/protobuf-java-util/3.19.6/protobuf-java-util-3.19.6.jar:/home/runner/.m2/repository/com/google/code/gson/gson/2.9.0/gson-2.9.0.jar:/home/runner/.m2/repository/org/apache/ozone/hdds-config/1.4.0-SNAPSHOT/hdds-config-1.4.0-SNAPSHOT.jar:/home/runner/.m2/repository/io/netty/netty-transport-native-epoll/4.1.94.Final/netty-transport-native-epoll-4.1.94.Final-linux-x86_64.jar:/home/runner/.m2/repository/io/netty/netty-transport-classes-epoll/4.1.94.Final/netty-transport-classes-epoll-4.1.94.Final.jar:/home/runner/.m2/repository/io/netty/netty-transport-native-unix-common/4.1.94.Final/netty-transport-native-unix-common-4.1.94.Final.jar:/home/runner/.m2/repository/org/apache/ozone/ozone-recon/1.4.0-SNAPSHOT/ozone-recon-1.4.0-SNAPSHOT.jar:/home/runner/.m2/repository/org/apache/ozone/ozone-reconcodegen/1.4.0-SNAPSHOT/ozone-reconcodegen-1.4.0-SNAPSHOT.jar:/home/runner/.m2/repository/com/google/inject/guice/5.1.0/guice-5.1.0.jar:/home/runner/.m2/repository/aopalliance/aopalliance/1.0/aopalliance-1.0.jar:/home/runner/.m2/repository/com/google/inject/extensions/guice-assistedinject/5.1.0/guice-assistedinject-5.1.0.jar:/home/runner/.m2/repository/com/google/inject/extensions/guice-servlet/5.1.0/guice-servlet-5.1.0.jar:/home/runner/.m2/repository/org/glassfish/jersey/containers/jersey-container-servlet/2.34/jersey-container-servlet-2.34.jar:/home/runner/.m2/repository/org/glassfish/hk2/guice-bridge/2.5.0/guice-bridge-2.5.0.jar:/home/runner/.m2/repository/org/glassfish/jersey/core/jersey-server/2.34/jersey-server-2.34.jar:/home/runner/.m2/repository/org/glassfish/jersey/core/jersey-client/2.34/jersey-client-2.34.jar:/home/runner/.m2/repository/jakarta/annotation/jakarta.annotation-api/1.3.5/jakarta.annotation-api-1.3.5.jar:/home/runner/.m2/repository/jakarta/validation/jakarta.validation-api/2.0.2/jakarta.validation-api-2.0.2.jar:/home/runner/.m2/repository/org/glassfish/jersey/media/jersey-media-json-jackson/2.34/jersey-media-json-jackson-2.34.jar:/home/runner/.m2/repository/org/glassfish/jersey/ext/jersey-entity-filtering/2.34/jersey-entity-filtering-2.34.jar:/home/runner/.m2/repository/org/jooq/jooq/3.11.10/jooq-3.11.10.jar:/home/runner/.m2/repository/org/jooq/jooq-meta/3.11.10/jooq-meta-3.11.10.jar:/home/runner/.m2/repository/org/jooq/jooq-codegen/3.11.10/jooq-codegen-3.11.10.jar:/home/runner/.m2/repository/com/jolbox/bonecp/0.8.0.RELEASE/bonecp-0.8.0.RELEASE.jar:/home/runner/.m2/repository/org/apache/derby/derby/10.14.2.0/derby-10.14.2.0.jar:/home/runner/.m2/repository/org/xerial/sqlite-jdbc/3.41.2.2/sqlite-jdbc-3.41.2.2.jar:/home/runner/.m2/repository/org/springframework/spring-jdbc/5.3.27/spring-jdbc-5.3.27.jar:/home/runner/.m2/repository/org/springframework/spring-beans/5.3.27/spring-beans-5.3.27.jar:/home/runner/.m2/repository/org/springframework/spring-core/5.3.27/spring-core-5.3.27.jar:/home/runner/.m2/repository/org/springframework/spring-tx/5.3.27/spring-tx-5.3.27.jar:/home/runner/.m2/repository/org/apache/ozone/ozone-client/1.4.0-SNAPSHOT/ozone-client-1.4.0-SNAPSHOT.jar:/home/runner/.m2/repository/org/apache/ozone/hdds-erasurecode/1.4.0-SNAPSHOT/hdds-erasurecode-1.4.0-SNAPSHOT.jar:/home/runner/.m2/repository/org/apache/ozone/ozone-filesystem/1.4.0-SNAPSHOT/ozone-filesystem-1.4.0-SNAPSHOT.jar:/home/runner/.m2/repository/org/apache/ozone/ozone-filesystem-common/1.4.0-SNAPSHOT/ozone-filesystem-common-1.4.0-SNAPSHOT.jar:/home/runner/.m2/repository/org/apache/ozone/ozone-tools/1.4.0-SNAPSHOT/ozone-tools-1.4.0-SNAPSHOT.jar:/home/runner/.m2/repository/com/amazonaws/aws-java-sdk-core/1.12.261/aws-java-sdk-core-1.12.261.jar:/home/runner/.m2/repository/org/apache/httpcomponents/httpclient/4.5.13/httpclient-4.5.13.jar:/home/runner/.m2/repository/org/apache/httpcomponents/httpcore/4.4.13/httpcore-4.4.13.jar:/home/runner/.m2/repository/software/amazon/ion/ion-java/1.0.2/ion-java-1.0.2.jar:/home/runner/.m2/repository/com/fasterxml/jackson/dataformat/jackson-dataformat-cbor/2.13.4/jackson-dataformat-cbor-2.13.4.jar:/home/runner/.m2/repository/joda-time/joda-time/2.10.6/joda-time-2.10.6.jar:/home/runner/.m2/repository/com/amazonaws/aws-java-sdk-s3/1.12.261/aws-java-sdk-s3-1.12.261.jar:/home/runner/.m2/repository/com/amazonaws/aws-java-sdk-kms/1.12.261/aws-java-sdk-kms-1.12.261.jar:/home/runner/.m2/repository/com/amazonaws/jmespath-java/1.12.261/jmespath-java-1.12.261.jar:/home/runner/.m2/repository/org/kohsuke/metainf-services/metainf-services/1.8/metainf-services-1.8.jar:/home/runner/.m2/repository/org/apache/ozone/hdds-tools/1.4.0-SNAPSHOT/hdds-tools-1.4.0-SNAPSHOT.jar:/home/runner/.m2/repository/org/apache/ratis/ratis-tools/2.5.1/ratis-tools-2.5.1.jar:/home/runner/.m2/repository/commons-cli/commons-cli/1.2/commons-cli-1.2.jar:/home/runner/.m2/repository/org/apache/commons/commons-lang3/3.7/commons-lang3-3.7.jar:/home/runner/.m2/repository/org/apache/ozone/ozone-manager/1.4.0-SNAPSHOT/ozone-manager-1.4.0-SNAPSHOT-tests.jar:/home/runner/.m2/repository/org/apache/ozone/hdds-common/1.4.0-SNAPSHOT/hdds-common-1.4.0-SNAPSHOT-tests.jar:/home/runner/.m2/repository/org/apache/ozone/hdds-hadoop-dependency-client/1.4.0-SNAPSHOT/hdds-hadoop-dependency-client-1.4.0-SNAPSHOT.jar:/home/runner/.m2/repository/info/picocli/picocli/4.6.1/picocli-4.6.1.jar:/home/runner/.m2/repository/com/fasterxml/jackson/core/jackson-annotations/2.13.4/jackson-annotations-2.13.4.jar:/home/runner/.m2/repository/org/apache/ozone/hdds-annotation-processing/1.4.0-SNAPSHOT/hdds-annotation-processing-1.4.0-SNAPSHOT.jar:/home/runner/.m2/repository/javax/annotation/javax.annotation-api/1.2/javax.annotation-api-1.2.jar:/home/runner/.m2/repository/org/apache/ratis/ratis-netty/2.5.1/ratis-netty-2.5.1.jar:/home/runner/.m2/repository/org/apache/ratis/ratis-grpc/2.5.1/ratis-grpc-2.5.1.jar:/home/runner/.m2/repository/org/apache/commons/commons-pool2/2.6.0/commons-pool2-2.6.0.jar:/home/runner/.m2/repository/org/bouncycastle/bcpkix-jdk15on/1.67/bcpkix-jdk15on-1.67.jar:/home/runner/.m2/repository/commons-validator/commons-validator/1.6/commons-validator-1.6.jar:/home/runner/.m2/repository/commons-beanutils/commons-beanutils/1.9.4/commons-beanutils-1.9.4.jar:/home/runner/.m2/repository/commons-digester/commons-digester/1.8.1/commons-digester-1.8.1.jar:/home/runner/.m2/repository/commons-collections/commons-collections/3.2.2/commons-collections-3.2.2.jar:/home/runner/.m2/repository/io/jaegertracing/jaeger-client/1.6.0/jaeger-client-1.6.0.jar:/home/runner/.m2/repository/io/jaegertracing/jaeger-thrift/1.6.0/jaeger-thrift-1.6.0.jar:/home/runner/.m2/repository/org/apache/thrift/libthrift/0.14.1/libthrift-0.14.1.jar:/home/runner/.m2/repository/io/jaegertracing/jaeger-core/1.6.0/jaeger-core-1.6.0.jar:/home/runner/.m2/repository/io/jaegertracing/jaeger-tracerresolver/1.6.0/jaeger-tracerresolver-1.6.0.jar:/home/runner/.m2/repository/io/opentracing/contrib/opentracing-tracerresolver/0.1.8/opentracing-tracerresolver-0.1.8.jar:/home/runner/.m2/repository/org/jetbrains/kotlin/kotlin-stdlib/1.6.21/kotlin-stdlib-1.6.21.jar:/home/runner/.m2/repository/org/jetbrains/annotations/13.0/annotations-13.0.jar:/home/runner/.m2/repository/io/opentracing/opentracing-util/0.33.0/opentracing-util-0.33.0.jar:/home/runner/.m2/repository/io/opentracing/opentracing-api/0.33.0/opentracing-api-0.33.0.jar:/home/runner/.m2/repository/io/opentracing/opentracing-noop/0.33.0/opentracing-noop-0.33.0.jar:/home/runner/.m2/repository/org/yaml/snakeyaml/2.0/snakeyaml-2.0.jar:/home/runner/.m2/repository/io/grpc/grpc-api/1.51.1/grpc-api-1.51.1.jar:/home/runner/.m2/repository/io/grpc/grpc-context/1.51.1/grpc-context-1.51.1.jar:/home/runner/.m2/repository/junit/junit/4.13.1/junit-4.13.1.jar:/home/runner/.m2/repository/org/hamcrest/hamcrest-core/1.3/hamcrest-core-1.3.jar:/home/runner/.m2/repository/org/junit/jupiter/junit-jupiter-api/5.8.2/junit-jupiter-api-5.8.2.jar:/home/runner/.m2/repository/org/opentest4j/opentest4j/1.2.0/opentest4j-1.2.0.jar:/home/runner/.m2/repository/org/junit/platform/junit-platform-commons/1.8.2/junit-platform-commons-1.8.2.jar:/home/runner/.m2/repository/org/apiguardian/apiguardian-api/1.1.2/apiguardian-api-1.1.2.jar:/home/runner/.m2/repository/org/junit/jupiter/junit-jupiter-params/5.8.2/junit-jupiter-params-5.8.2.jar:/home/runner/.m2/repository/org/junit/jupiter/junit-jupiter-migrationsupport/5.8.2/junit-jupiter-migrationsupport-5.8.2.jar:/home/runner/.m2/repository/org/junit/jupiter/junit-jupiter-engine/5.8.2/junit-jupiter-engine-5.8.2.jar:/home/runner/.m2/repository/org/junit/platform/junit-platform-engine/1.8.2/junit-platform-engine-1.8.2.jar:/home/runner/.m2/repository/org/junit/vintage/junit-vintage-engine/5.8.2/junit-vintage-engine-5.8.2.jar:/home/runner/.m2/repository/org/junit/platform/junit-platform-launcher/1.8.2/junit-platform-launcher-1.8.2.jar:/home/runner/.m2/repository/org/mockito/mockito-core/3.5.9/mockito-core-3.5.9.jar:/home/runner/.m2/repository/net/bytebuddy/byte-buddy/1.10.13/byte-buddy-1.10.13.jar:/home/runner/.m2/repository/net/bytebuddy/byte-buddy-agent/1.10.13/byte-buddy-agent-1.10.13.jar:/home/runner/.m2/repository/org/objenesis/objenesis/1.0/objenesis-1.0.jar:/home/runner/.m2/repository/org/apache/hadoop/hadoop-kms/3.3.6/hadoop-kms-3.3.6.jar:/home/runner/.m2/repository/org/apache/hadoop/hadoop-auth/3.3.6/hadoop-auth-3.3.6.jar:/home/runner/.m2/repository/com/nimbusds/nimbus-jose-jwt/9.8.1/nimbus-jose-jwt-9.8.1.jar:/home/runner/.m2/repository/com/github/stephenc/jcip/jcip-annotations/1.0-1/jcip-annotations-1.0-1.jar:/home/runner/.m2/repository/org/apache/zookeeper/zookeeper/3.5.6/zookeeper-3.5.6.jar:/home/runner/.m2/repository/org/apache/zookeeper/zookeeper-jute/3.5.6/zookeeper-jute-3.5.6.jar:/home/runner/.m2/repository/org/apache/yetus/audience-annotations/0.5.0/audience-annotations-0.5.0.jar:/home/runner/.m2/repository/org/apache/curator/curator-framework/4.2.0/curator-framework-4.2.0.jar:/home/runner/.m2/repository/org/apache/hadoop/thirdparty/hadoop-shaded-guava/1.1.1/hadoop-shaded-guava-1.1.1.jar:/home/runner/.m2/repository/com/sun/jersey/jersey-core/1.19/jersey-core-1.19.jar:/home/runner/.m2/repository/javax/ws/rs/jsr311-api/1.1.1/jsr311-api-1.1.1.jar:/home/runner/.m2/repository/com/sun/jersey/jersey-server/1.19/jersey-server-1.19.jar:/home/runner/.m2/repository/javax/servlet/javax.servlet-api/3.1.0/javax.servlet-api-3.1.0.jar:/home/runner/.m2/repository/org/apache/hadoop/hadoop-common/3.3.6/hadoop-common-3.3.6.jar:/home/runner/.m2/repository/org/apache/commons/commons-math3/3.1.1/commons-math3-3.1.1.jar:/home/runner/.m2/repository/commons-net/commons-net/3.9.0/commons-net-3.9.0.jar:/home/runner/.m2/repository/com/sun/jersey/jersey-servlet/1.19/jersey-servlet-1.19.jar:/home/runner/.m2/repository/com/github/pjfanning/jersey-json/1.20/jersey-json-1.20.jar:/home/runner/.m2/repository/org/codehaus/jettison/jettison/1.1/jettison-1.1.jar:/home/runner/.m2/repository/com/sun/xml/bind/jaxb-impl/2.2.3-1/jaxb-impl-2.2.3-1.jar:/home/runner/.m2/repository/com/google/re2j/re2j/1.1/re2j-1.1.jar:/home/runner/.m2/repository/com/jcraft/jsch/0.1.54/jsch-0.1.54.jar:/home/runner/.m2/repository/org/apache/curator/curator-client/4.2.0/curator-client-4.2.0.jar:/home/runner/.m2/repository/org/apache/curator/curator-recipes/5.2.0/curator-recipes-5.2.0.jar:/home/runner/.m2/repository/org/apache/kerby/kerb-core/1.0.1/kerb-core-1.0.1.jar:/home/runner/.m2/repository/org/apache/kerby/kerby-pkix/1.0.1/kerby-pkix-1.0.1.jar:/home/runner/.m2/repository/org/apache/kerby/kerby-asn1/1.0.1/kerby-asn1-1.0.1.jar:/home/runner/.m2/repository/org/apache/kerby/kerby-util/1.0.1/kerby-util-1.0.1.jar:/home/runner/.m2/repository/dnsjava/dnsjava/2.1.7/dnsjava-2.1.7.jar:/home/runner/.m2/repository/org/xerial/snappy/snappy-java/1.1.8.2/snappy-java-1.1.8.2.jar:/home/runner/.m2/repository/com/fasterxml/jackson/core/jackson-databind/2.13.4.2/jackson-databind-2.13.4.2.jar:/home/runner/.m2/repository/org/apache/hadoop/hadoop-kms/3.3.6/hadoop-kms-3.3.6-tests.jar:/home/runner/.m2/repository/org/apache/ozone/hdds-server-scm/1.4.0-SNAPSHOT/hdds-server-scm-1.4.0-SNAPSHOT-tests.jar:/home/runner/.m2/repository/org/apache/ozone/hdds-container-service/1.4.0-SNAPSHOT/hdds-container-service-1.4.0-SNAPSHOT-tests.jar:/home/runner/.m2/repository/com/github/luben/zstd-jni/1.5.2-5/zstd-jni-1.5.2-5.jar:/home/runner/.m2/repository/commons-codec/commons-codec/1.15/commons-codec-1.15.jar:/home/runner/.m2/repository/io/netty/netty-codec/4.1.94.Final/netty-codec-4.1.94.Final.jar:/home/runner/.m2/repository/io/netty/netty-handler/4.1.94.Final/netty-handler-4.1.94.Final.jar:/home/runner/.m2/repository/org/apache/ozone/hdds-hadoop-dependency-test/1.4.0-SNAPSHOT/hdds-hadoop-dependency-test-1.4.0-SNAPSHOT.jar:/home/runner/.m2/repository/org/apache/hadoop/hadoop-common/3.3.6/hadoop-common-3.3.6-tests.jar:/home/runner/.m2/repository/org/apache/hadoop/hadoop-hdfs/3.3.6/hadoop-hdfs-3.3.6-tests.jar:/home/runner/.m2/repository/org/assertj/assertj-core/3.12.2/assertj-core-3.12.2.jar:/home/runner/.m2/repository/org/apache/hadoop/hadoop-distcp/3.3.6/hadoop-distcp-3.3.6.jar:/home/runner/.m2/repository/org/apache/hadoop/hadoop-mapreduce-client-jobclient/3.3.6/hadoop-mapreduce-client-jobclient-3.3.6.jar:/home/runner/.m2/repository/org/apache/hadoop/hadoop-mapreduce-client-common/3.3.6/hadoop-mapreduce-client-common-3.3.6.jar:/home/runner/.m2/repository/org/apache/hadoop/hadoop-yarn-common/3.3.6/hadoop-yarn-common-3.3.6.jar:/home/runner/.m2/repository/org/apache/hadoop/hadoop-yarn-api/3.3.6/hadoop-yarn-api-3.3.6.jar:/home/runner/.m2/repository/com/sun/jersey/contribs/jersey-guice/1.19/jersey-guice-1.19.jar:/home/runner/.m2/repository/com/fasterxml/jackson/jaxrs/jackson-jaxrs-json-provider/2.13.4/jackson-jaxrs-json-provider-2.13.4.jar:/home/runner/.m2/repository/com/fasterxml/jackson/jaxrs/jackson-jaxrs-base/2.13.4/jackson-jaxrs-base-2.13.4.jar:/home/runner/.m2/repository/org/apache/hadoop/hadoop-yarn-client/3.3.6/hadoop-yarn-client-3.3.6.jar:/home/runner/.m2/repository/org/eclipse/jetty/websocket/websocket-client/9.4.51.v20230217/websocket-client-9.4.51.v20230217.jar:/home/runner/.m2/repository/org/eclipse/jetty/websocket/websocket-common/9.4.51.v20230217/websocket-common-9.4.51.v20230217.jar:/home/runner/.m2/repository/org/eclipse/jetty/websocket/websocket-api/9.4.51.v20230217/websocket-api-9.4.51.v20230217.jar:/home/runner/.m2/repository/org/jline/jline/3.9.0/jline-3.9.0.jar:/home/runner/.m2/repository/org/apache/hadoop/hadoop-mapreduce-client-core/3.3.6/hadoop-mapreduce-client-core-3.3.6.jar:/home/runner/.m2/repository/org/apache/avro/avro/1.7.7/avro-1.7.7.jar:/home/runner/.m2/repository/com/thoughtworks/paranamer/paranamer/2.3/paranamer-2.3.jar:/home/runner/.m2/repository/org/apache/hadoop/hadoop-annotations/3.3.6/hadoop-annotations-3.3.6.jar:/usr/lib/jvm/temurin-8-jdk-amd64/jre/../lib/tools.jar:/home/runner/.m2/repository/io/netty/netty/3.10.6.Final/netty-3.10.6.Final.jar:/home/runner/.m2/repository/org/apache/hadoop/hadoop-distcp/3.3.6/hadoop-distcp-3.3.6-tests.jar:/home/runner/.m2/repository/org/slf4j/jul-to-slf4j/1.7.36/jul-to-slf4j-1.7.36.jar:"/>
    <property name="sun.cpu.endian" value="little"/>
    <property name="user.home" value="/home/runner"/>
    <property name="user.language" value="en"/>
    <property name="java.specification.vendor" value="Oracle Corporation"/>
    <property name="java.home" value="/usr/lib/jvm/temurin-8-jdk-amd64/jre"/>
    <property name="java.security.krb5.conf" value="/home/runner/work/ozone/ozone/hadoop-ozone/integration-test/target/test-dir/TestSecureOzoneCluster/1692787981050/krb5.conf"/>
    <property name="file.separator" value="/"/>
    <property name="basedir" value="/home/runner/work/ozone/ozone/hadoop-ozone/integration-test"/>
    <property name="line.separator" value="&#10;"/>
    <property name="java.vm.specification.vendor" value="Oracle Corporation"/>
    <property name="java.specification.name" value="Java Platform API Specification"/>
    <property name="skip.installnpx" value="true"/>
    <property name="java.awt.graphicsenv" value="sun.awt.X11GraphicsEnvironment"/>
    <property name="surefire.real.class.path" value="/home/runner/work/ozone/ozone/hadoop-ozone/integration-test/target/surefire/surefirebooter7977704042525808438.jar:/home/runner/.m2/repository/org/jacoco/org.jacoco.agent/0.8.5/org.jacoco.agent-0.8.5-runtime.jar"/>
    <property name="sun.boot.class.path" value="/usr/lib/jvm/temurin-8-jdk-amd64/jre/lib/resources.jar:/usr/lib/jvm/temurin-8-jdk-amd64/jre/lib/rt.jar:/usr/lib/jvm/temurin-8-jdk-amd64/jre/lib/sunrsasign.jar:/usr/lib/jvm/temurin-8-jdk-amd64/jre/lib/jsse.jar:/usr/lib/jvm/temurin-8-jdk-amd64/jre/lib/jce.jar:/usr/lib/jvm/temurin-8-jdk-amd64/jre/lib/charsets.jar:/usr/lib/jvm/temurin-8-jdk-amd64/jre/lib/jfr.jar:/usr/lib/jvm/temurin-8-jdk-amd64/jre/classes"/>
    <property name="hadoop.log.dir" value="/home/runner/work/ozone/ozone/hadoop-ozone/integration-test/target/log"/>
    <property name="sun.management.compiler" value="HotSpot 64-Bit Tiered Compilers"/>
    <property name="java.runtime.version" value="1.8.0_382-b05"/>
    <property name="skip.npx" value="true"/>
    <property name="user.name" value="runner"/>
    <property name="java.net.preferIPv4Stack" value="true"/>
    <property name="path.separator" value=":"/>
    <property name="java.security.egd" value="file:///dev/urandom"/>
    <property name="os.version" value="5.15.0-1042-azure"/>
    <property name="java.endorsed.dirs" value="/usr/lib/jvm/temurin-8-jdk-amd64/jre/lib/endorsed"/>
    <property name="java.runtime.name" value="OpenJDK Runtime Environment"/>
    <property name="file.encoding" value="UTF-8"/>
    <property name="java.vm.name" value="OpenJDK 64-Bit Server VM"/>
    <property name="test.build.webapps" value=""/>
    <property name="localRepository" value="/home/runner/.m2/repository"/>
    <property name="jetty.git.hash" value="b45c405e4544384de066f814ed42ae3dceacdd49"/>
    <property name="java.vendor.url.bug" value="https://github.com/adoptium/adoptium-support/issues"/>
    <property name="require.test.libhadoop" value=""/>
    <property name="java.io.tmpdir" value="/tmp"/>
    <property name="java.version" value="1.8.0_382"/>
    <property name="user.dir" value="/home/runner/work/ozone/ozone/hadoop-ozone/integration-test"/>
    <property name="os.arch" value="amd64"/>
    <property name="test.build.classes" value="/home/runner/work/ozone/ozone/hadoop-ozone/integration-test/target/test-classes"/>
    <property name="java.vm.specification.name" value="Java Virtual Machine Specification"/>
    <property name="java.awt.printerjob" value="sun.print.PSPrinterJob"/>
    <property name="sun.os.patch.level" value="unknown"/>
    <property name="org.apache.ratis.thirdparty.io.netty.allocator.useCacheForAllThreads" value="false"/>
    <property name="hadoop.tmp.dir" value="/home/runner/work/ozone/ozone/hadoop-ozone/integration-test/target/tmp"/>
    <property name="java.library.path" value="/usr/java/packages/lib/amd64:/usr/lib64:/lib64:/lib:/usr/lib"/>
    <property name="java.vendor" value="Temurin"/>
    <property name="java.vm.info" value="mixed mode"/>
    <property name="java.vm.version" value="25.382-b05"/>
    <property name="java.specification.maintenance.version" value="5"/>
    <property name="sun.io.unicode.encoding" value="UnicodeLittle"/>
    <property name="java.ext.dirs" value="/usr/lib/jvm/temurin-8-jdk-amd64/jre/lib/ext:/usr/java/packages/lib/ext"/>
    <property name="java.class.version" value="52.0"/>
  </properties>
  <testcase name="testSCMSecurityProtocol" classname="org.apache.hadoop.ozone.TestSecureOzoneCluster" time="8.323">
    <system-out><![CDATA[2023-08-23 10:50:43,193 [Time-limited test] INFO  net.ServerSocketUtil (ServerSocketUtil.java:getPort(55)) - Using port 9860
2023-08-23 10:50:43,195 [Time-limited test] INFO  net.ServerSocketUtil (ServerSocketUtil.java:getPort(55)) - Using port 9861
2023-08-23 10:50:43,195 [Time-limited test] INFO  net.ServerSocketUtil (ServerSocketUtil.java:getPort(55)) - Using port 9863
2023-08-23 10:50:43,195 [Time-limited test] INFO  net.ServerSocketUtil (ServerSocketUtil.java:getPort(55)) - Using port 9961
2023-08-23 10:50:43,195 [Time-limited test] INFO  net.ServerSocketUtil (ServerSocketUtil.java:getPort(55)) - Using port 1200
2023-08-23 10:50:43,195 [Time-limited test] INFO  net.ServerSocketUtil (ServerSocketUtil.java:getPort(55)) - Using port 1201
2023-08-23 10:50:43,202 [Time-limited test] INFO  minikdc.MiniKdc (MiniKdc.java:<init>(225)) - Configuration:
2023-08-23 10:50:43,202 [Time-limited test] INFO  minikdc.MiniKdc (MiniKdc.java:<init>(226)) - ---------------------------------------------------------------
2023-08-23 10:50:43,204 [Time-limited test] INFO  minikdc.MiniKdc (MiniKdc.java:<init>(228)) -   debug: false
2023-08-23 10:50:43,204 [Time-limited test] INFO  minikdc.MiniKdc (MiniKdc.java:<init>(228)) -   transport: TCP
2023-08-23 10:50:43,204 [Time-limited test] INFO  minikdc.MiniKdc (MiniKdc.java:<init>(228)) -   max.ticket.lifetime: 86400000
2023-08-23 10:50:43,204 [Time-limited test] INFO  minikdc.MiniKdc (MiniKdc.java:<init>(228)) -   org.name: EXAMPLE
2023-08-23 10:50:43,204 [Time-limited test] INFO  minikdc.MiniKdc (MiniKdc.java:<init>(228)) -   kdc.port: 0
2023-08-23 10:50:43,205 [Time-limited test] INFO  minikdc.MiniKdc (MiniKdc.java:<init>(228)) -   org.domain: COM
2023-08-23 10:50:43,205 [Time-limited test] INFO  minikdc.MiniKdc (MiniKdc.java:<init>(228)) -   max.renewable.lifetime: 604800000
2023-08-23 10:50:43,205 [Time-limited test] INFO  minikdc.MiniKdc (MiniKdc.java:<init>(228)) -   instance: DefaultKrbServer
2023-08-23 10:50:43,205 [Time-limited test] INFO  minikdc.MiniKdc (MiniKdc.java:<init>(228)) -   kdc.bind.address: localhost
2023-08-23 10:50:43,205 [Time-limited test] INFO  minikdc.MiniKdc (MiniKdc.java:<init>(230)) - ---------------------------------------------------------------
2023-08-23 10:50:43,301 [Time-limited test] INFO  minikdc.MiniKdc (MiniKdc.java:start(285)) - MiniKdc started.
2023-08-23 10:50:44,763 [Time-limited test] INFO  audit.AuditLogger (AuditLogger.java:refreshDebugCmdSet(126)) - Refresh DebugCmdSet for OMAudit to [].
2023-08-23 10:50:45,104 [Time-limited test] INFO  om.OzoneManager (OzoneManager.java:getOmDetailsProto(4552)) - OzoneManager ports added:[name: "RPC"
value: 1202
]
2023-08-23 10:50:45,115 [Time-limited test] WARN  server.ServerUtils (ServerUtils.java:getScmDbDir(155)) - ozone.scm.db.dirs is not configured. We recommend adding this setting. Falling back to ozone.metadata.dirs instead.
2023-08-23 10:50:45,263 [Time-limited test] INFO  reflections.Reflections (Reflections.java:scan(232)) - Reflections took 118 ms to scan 7 urls, producing 161 keys and 379 values 
2023-08-23 10:50:45,338 [Time-limited test] INFO  ha.HASecurityUtils (HASecurityUtils.java:initializeSecurity(98)) - Initializing secure StorageContainerManager.
2023-08-23 10:50:45,482 [Time-limited test] INFO  client.SCMCertificateClient (DefaultCertificateClient.java:updateCertSerialId(1244)) - Certificate serial ID set to null
2023-08-23 10:50:45,483 [Time-limited test] ERROR client.SCMCertificateClient (DefaultCertificateClient.java:getCertPath(362)) - Default certificate serial id is not set. Can't locate the default certificate for this client.
2023-08-23 10:50:45,483 [Time-limited test] INFO  client.SCMCertificateClient (DefaultCertificateClient.java:init(715)) - Certificate client init case: 0
2023-08-23 10:50:45,485 [Time-limited test] INFO  client.SCMCertificateClient (SCMCertificateClient.java:handleCase(103)) - Creating keypair for client as keypair and certificate not found.
2023-08-23 10:50:45,634 [Time-limited test] INFO  ha.HASecurityUtils (HASecurityUtils.java:initializeSecurity(108)) - Init response: GETCERT
2023-08-23 10:50:45,926 [Time-limited test] INFO  ozone.OzoneSecurityUtil (OzoneSecurityUtil.java:getValidInetsForCurrentHost(119)) - ip:fe80:0:0:0:20d:3aff:fe5a:f85d%eth0 not returned.
2023-08-23 10:50:45,926 [Time-limited test] INFO  ozone.OzoneSecurityUtil (OzoneSecurityUtil.java:getValidInetsForCurrentHost(116)) - Adding ip:10.1.0.17,host:fv-az573-639
2023-08-23 10:50:45,927 [Time-limited test] INFO  ozone.OzoneSecurityUtil (OzoneSecurityUtil.java:getValidInetsForCurrentHost(119)) - ip:0:0:0:0:0:0:0:1%lo not returned.
2023-08-23 10:50:45,927 [Time-limited test] INFO  ozone.OzoneSecurityUtil (OzoneSecurityUtil.java:getValidInetsForCurrentHost(119)) - ip:127.0.0.1 not returned.
2023-08-23 10:50:45,930 [Time-limited test] ERROR utils.SelfSignedCertificate (SelfSignedCertificate.java:lambda$addInetAddresses$0(244)) - Invalid domain fv-az573-639
2023-08-23 10:50:45,982 [Time-limited test] INFO  utils.SelfSignedCertificate (SelfSignedCertificate.java:generateCertificate(157)) - Certificate 1 is issued by CN=scm-1@fv-az573-639,OU=e8bb87f8-ddfb-4063-8fe7-af91bb78d0d2,O=6e0010d2-8582-4dab-b252-f90ebf3d169f to CN=scm-1@fv-az573-639,OU=e8bb87f8-ddfb-4063-8fe7-af91bb78d0d2,O=6e0010d2-8582-4dab-b252-f90ebf3d169f, valid from Wed Aug 23 10:50:45 UTC 2023 to Sat Sep 30 10:50:45 UTC 2028
2023-08-23 10:50:45,992 [Time-limited test] INFO  utils.CertificateCodec (CertificateCodec.java:writeCertificate(299)) - Save certificate to /tmp/junit1168920191503607046/junit5770361218957434995/scm-meta/scm/ca/certs/certificate.crt
2023-08-23 10:50:45,992 [Time-limited test] INFO  utils.CertificateCodec (CertificateCodec.java:writeCertificate(300)) - Certificate -----BEGIN CERTIFICATE-----
MIIDpTCCAo2gAwIBAgIBATANBgkqhkiG9w0BAQsFADB7MRswGQYDVQQDDBJzY20t
MUBmdi1hejU3My02MzkxLTArBgNVBAsMJGU4YmI4N2Y4LWRkZmItNDA2My04ZmU3
LWFmOTFiYjc4ZDBkMjEtMCsGA1UECgwkNmUwMDEwZDItODU4Mi00ZGFiLWIyNTIt
ZjkwZWJmM2QxNjlmMB4XDTIzMDgyMzEwNTA0NVoXDTI4MDkzMDEwNTA0NVowezEb
MBkGA1UEAwwSc2NtLTFAZnYtYXo1NzMtNjM5MS0wKwYDVQQLDCRlOGJiODdmOC1k
ZGZiLTQwNjMtOGZlNy1hZjkxYmI3OGQwZDIxLTArBgNVBAoMJDZlMDAxMGQyLTg1
ODItNGRhYi1iMjUyLWY5MGViZjNkMTY5ZjCCASIwDQYJKoZIhvcNAQEBBQADggEP
ADCCAQoCggEBALNJXpGtIL2oCRqiNh2r8WTn9kDOMVtGwkxZmc78EZayuogAmUHM
oO23uN6jqJNj5UlF2lR79JlX6SWiw6smmTm+O2viXc6EScvW004bdZVan3oKH8mv
7RlVRSxD/4O681r8kG9pvNlc1Ok/YfyJVI9Pggfp8m5VcdWSwnVJUel71RqIOIja
WlAMtbL4FAYj8KhPsWWppuCWgWLwLLpAzomWCmA6KKaHkTnOACYLK0DUlFcQiVGO
luF93cJ7b/PpOiYKo7X1WOep3QqSqCn5IOUQ9QyK1HxWAPVP/dqYkoKl4YG9F+PC
i+O4DkQnxHBlq9XKmo7Nb3chGzq8Y18kgTUCAwEAAaM0MDIwDwYDVR0TAQH/BAUw
AwEB/zAOBgNVHQ8BAf8EBAMCAQYwDwYDVR0RBAgwBocECgEAETANBgkqhkiG9w0B
AQsFAAOCAQEAilOnzm5z9TmEKvZ0Izgst7WUoG/YAzeA24JoVhTlq2yoqhOFU34y
IfBBsmSb+zd69ZJoxiXWUmTJByK9RkYnPKlLk0ir91+urfkthmMcqytgWcfcI8+y
Lwhix8XjZCCBWx9jZd/PSk/kdM0S11L7XyeQYGE4ge/z9WaZovHCeUEvhKXXtUxN
OdSg32bZ0ZsfwBZKhn8aazerIOm+sH2HjaalcnTF7wn7bfeyHEeofZ3VVBZYqSVn
jg0rX/n6+lV6oNk2Zy2OU6dmmbkKXoSgTqrAGx4aIPwcXwVopi9gNVF0rcV8nruk
+o3hybN2svbdvLj49tYSsAN50xg1vLWxqw==
-----END CERTIFICATE-----

2023-08-23 10:50:46,065 [Time-limited test] INFO  client.SCMCertificateClient (SCMCertificateClient.java:getCSRBuilder(165)) - Creating csr for SCM->hostName:fv-az573-639,scmId:e8bb87f8-ddfb-4063-8fe7-af91bb78d0d2,clusterId:6e0010d2-8582-4dab-b252-f90ebf3d169f,subject:scm-sub-1531438480894@fv-az573-639
2023-08-23 10:50:46,066 [Time-limited test] INFO  ozone.OzoneSecurityUtil (OzoneSecurityUtil.java:getValidInetsForCurrentHost(119)) - ip:fe80:0:0:0:20d:3aff:fe5a:f85d%eth0 not returned.
2023-08-23 10:50:46,066 [Time-limited test] INFO  ozone.OzoneSecurityUtil (OzoneSecurityUtil.java:getValidInetsForCurrentHost(116)) - Adding ip:10.1.0.17,host:fv-az573-639
2023-08-23 10:50:46,066 [Time-limited test] INFO  ozone.OzoneSecurityUtil (OzoneSecurityUtil.java:getValidInetsForCurrentHost(119)) - ip:0:0:0:0:0:0:0:1%lo not returned.
2023-08-23 10:50:46,066 [Time-limited test] INFO  ozone.OzoneSecurityUtil (OzoneSecurityUtil.java:getValidInetsForCurrentHost(119)) - ip:127.0.0.1 not returned.
2023-08-23 10:50:46,069 [Time-limited test] ERROR utils.CertificateSignRequest (CertificateSignRequest.java:lambda$addInetAddresses$0(295)) - Invalid domain fv-az573-639
2023-08-23 10:50:46,070 [Time-limited test] INFO  ha.HASecurityUtils (HASecurityUtils.java:generateCSR(308)) - Creating csr for SCM->hostName:fv-az573-639,scmId:e8bb87f8-ddfb-4063-8fe7-af91bb78d0d2,clusterId:6e0010d2-8582-4dab-b252-f90ebf3d169f,subject:scm-sub-1531443216859@fv-az573-639
2023-08-23 10:50:46,108 [Time-limited test] INFO  authority.DefaultApprover (DefaultApprover.java:sign(154)) - Extensions in CSR: 2.5.29.19, 2.5.29.15, 2.5.29.17
2023-08-23 10:50:46,108 [Time-limited test] INFO  authority.DefaultApprover (DefaultApprover.java:sign(158)) - Extensions to add to the certificate if they present in CSR: 2.5.29.17, 2.5.29.19, 1.3.6.1.5.5.7.1.12, 2.5.29.35, 2.5.29.37, 2.5.29.15
2023-08-23 10:50:46,124 [Time-limited test] INFO  utils.CertificateCodec (CertificateCodec.java:writeCertificate(299)) - Save certificate to /tmp/junit1168920191503607046/junit5770361218957434995/scm-meta/scm/sub-ca/certs/CA-1.crt
2023-08-23 10:50:46,124 [Time-limited test] INFO  utils.CertificateCodec (CertificateCodec.java:writeCertificate(300)) - Certificate -----BEGIN CERTIFICATE-----
MIIDpTCCAo2gAwIBAgIBATANBgkqhkiG9w0BAQsFADB7MRswGQYDVQQDDBJzY20t
MUBmdi1hejU3My02MzkxLTArBgNVBAsMJGU4YmI4N2Y4LWRkZmItNDA2My04ZmU3
LWFmOTFiYjc4ZDBkMjEtMCsGA1UECgwkNmUwMDEwZDItODU4Mi00ZGFiLWIyNTIt
ZjkwZWJmM2QxNjlmMB4XDTIzMDgyMzEwNTA0NVoXDTI4MDkzMDEwNTA0NVowezEb
MBkGA1UEAwwSc2NtLTFAZnYtYXo1NzMtNjM5MS0wKwYDVQQLDCRlOGJiODdmOC1k
ZGZiLTQwNjMtOGZlNy1hZjkxYmI3OGQwZDIxLTArBgNVBAoMJDZlMDAxMGQyLTg1
ODItNGRhYi1iMjUyLWY5MGViZjNkMTY5ZjCCASIwDQYJKoZIhvcNAQEBBQADggEP
ADCCAQoCggEBALNJXpGtIL2oCRqiNh2r8WTn9kDOMVtGwkxZmc78EZayuogAmUHM
oO23uN6jqJNj5UlF2lR79JlX6SWiw6smmTm+O2viXc6EScvW004bdZVan3oKH8mv
7RlVRSxD/4O681r8kG9pvNlc1Ok/YfyJVI9Pggfp8m5VcdWSwnVJUel71RqIOIja
WlAMtbL4FAYj8KhPsWWppuCWgWLwLLpAzomWCmA6KKaHkTnOACYLK0DUlFcQiVGO
luF93cJ7b/PpOiYKo7X1WOep3QqSqCn5IOUQ9QyK1HxWAPVP/dqYkoKl4YG9F+PC
i+O4DkQnxHBlq9XKmo7Nb3chGzq8Y18kgTUCAwEAAaM0MDIwDwYDVR0TAQH/BAUw
AwEB/zAOBgNVHQ8BAf8EBAMCAQYwDwYDVR0RBAgwBocECgEAETANBgkqhkiG9w0B
AQsFAAOCAQEAilOnzm5z9TmEKvZ0Izgst7WUoG/YAzeA24JoVhTlq2yoqhOFU34y
IfBBsmSb+zd69ZJoxiXWUmTJByK9RkYnPKlLk0ir91+urfkthmMcqytgWcfcI8+y
Lwhix8XjZCCBWx9jZd/PSk/kdM0S11L7XyeQYGE4ge/z9WaZovHCeUEvhKXXtUxN
OdSg32bZ0ZsfwBZKhn8aazerIOm+sH2HjaalcnTF7wn7bfeyHEeofZ3VVBZYqSVn
jg0rX/n6+lV6oNk2Zy2OU6dmmbkKXoSgTqrAGx4aIPwcXwVopi9gNVF0rcV8nruk
+o3hybN2svbdvLj49tYSsAN50xg1vLWxqw==
-----END CERTIFICATE-----

2023-08-23 10:50:46,126 [Time-limited test] INFO  utils.CertificateCodec (CertificateCodec.java:writeCertificate(299)) - Save certificate to /tmp/junit1168920191503607046/junit5770361218957434995/scm-meta/scm/sub-ca/certs/1531480595675.crt
2023-08-23 10:50:46,126 [Time-limited test] INFO  utils.CertificateCodec (CertificateCodec.java:writeCertificate(300)) - Certificate -----BEGIN CERTIFICATE-----
MIIDuzCCAqOgAwIBAgIGAWSTW1zbMA0GCSqGSIb3DQEBCwUAMHsxGzAZBgNVBAMM
EnNjbS0xQGZ2LWF6NTczLTYzOTEtMCsGA1UECwwkZThiYjg3ZjgtZGRmYi00MDYz
LThmZTctYWY5MWJiNzhkMGQyMS0wKwYDVQQKDCQ2ZTAwMTBkMi04NTgyLTRkYWIt
YjI1Mi1mOTBlYmYzZDE2OWYwHhcNMjMwODIzMTA1MDQ2WhcNMjgwOTMwMTA1MDQ2
WjCBizErMCkGA1UEAwwic2NtLXN1Yi0xNTMxNDQzMjE2ODU5QGZ2LWF6NTczLTYz
OTEtMCsGA1UECwwkZThiYjg3ZjgtZGRmYi00MDYzLThmZTctYWY5MWJiNzhkMGQy
MS0wKwYDVQQKDCQ2ZTAwMTBkMi04NTgyLTRkYWItYjI1Mi1mOTBlYmYzZDE2OWYw
ggEiMA0GCSqGSIb3DQEBAQUAA4IBDwAwggEKAoIBAQCU9f18KeKjsrZFEBmBXt3b
NqUD7jEV6TbrlxCJbXKEs4mB/HDTuOV6iGFD7iBZqMmj6kw/oTVr2rjIyeMv2Loy
H/+d9zpcyrdhtlLznblA2VFDxcRIVRxg8vs8YV4YsbuWWUr73DFCZNFOkF6EElCU
N12iCsIjeLGZ88aboy6MihTsDlGh8xyMQYSHKvUpQyoG6APwslTD/ZlG4uq3gjty
paqkJ2FLV/+XArIiFwxNCD+Zrbr5beQXNNdtQrIo6pYdNN7XFcj9F9u/8Ug9vHzJ
rCvELhhDG/qaH0b1QTQCJKpbITxsD3JQpLfpsKE1Xj5tnZue8hxJBKRSO3q6g8nl
AgMBAAGjNDAyMA8GA1UdEQQIMAaHBAoBABEwDwYDVR0TAQH/BAUwAwEB/zAOBgNV
HQ8BAf8EBAMCAb4wDQYJKoZIhvcNAQELBQADggEBAJFlr/lw60knxlNE0ObJMGD+
I8sH0PneKx0SWL8r6WFAgqUwoWX0PORcBPDQKev2yIO4Znv9NdzlxzDaODhvq3BJ
qBQV+fhWmxsiwksrm1UC6Gc8iE93M00jR3IOIjEx1SQyxhhuJ6Ts8vXs8BW3Q1BC
FeVoegvChbTzeNTmNTGHcNtAtyt3pB/Bg58XCF/dtmY4Kp6XoQHpXZKMkXTi2lux
9i7/2q8hvJsWZq1RSoux/9UUWYvQ7MmuLfImrYLejM9GabLbwL8SKLI6gA9ZqDeq
yXHmHsJu3KqkP36GScpAdfHTJiu+qB+mCYYEkSqMsZWK7l644bUGiouyGECXe+M=
-----END CERTIFICATE-----

-----BEGIN CERTIFICATE-----
MIIDpTCCAo2gAwIBAgIBATANBgkqhkiG9w0BAQsFADB7MRswGQYDVQQDDBJzY20t
MUBmdi1hejU3My02MzkxLTArBgNVBAsMJGU4YmI4N2Y4LWRkZmItNDA2My04ZmU3
LWFmOTFiYjc4ZDBkMjEtMCsGA1UECgwkNmUwMDEwZDItODU4Mi00ZGFiLWIyNTIt
ZjkwZWJmM2QxNjlmMB4XDTIzMDgyMzEwNTA0NVoXDTI4MDkzMDEwNTA0NVowezEb
MBkGA1UEAwwSc2NtLTFAZnYtYXo1NzMtNjM5MS0wKwYDVQQLDCRlOGJiODdmOC1k
ZGZiLTQwNjMtOGZlNy1hZjkxYmI3OGQwZDIxLTArBgNVBAoMJDZlMDAxMGQyLTg1
ODItNGRhYi1iMjUyLWY5MGViZjNkMTY5ZjCCASIwDQYJKoZIhvcNAQEBBQADggEP
ADCCAQoCggEBALNJXpGtIL2oCRqiNh2r8WTn9kDOMVtGwkxZmc78EZayuogAmUHM
oO23uN6jqJNj5UlF2lR79JlX6SWiw6smmTm+O2viXc6EScvW004bdZVan3oKH8mv
7RlVRSxD/4O681r8kG9pvNlc1Ok/YfyJVI9Pggfp8m5VcdWSwnVJUel71RqIOIja
WlAMtbL4FAYj8KhPsWWppuCWgWLwLLpAzomWCmA6KKaHkTnOACYLK0DUlFcQiVGO
luF93cJ7b/PpOiYKo7X1WOep3QqSqCn5IOUQ9QyK1HxWAPVP/dqYkoKl4YG9F+PC
i+O4DkQnxHBlq9XKmo7Nb3chGzq8Y18kgTUCAwEAAaM0MDIwDwYDVR0TAQH/BAUw
AwEB/zAOBgNVHQ8BAf8EBAMCAQYwDwYDVR0RBAgwBocECgEAETANBgkqhkiG9w0B
AQsFAAOCAQEAilOnzm5z9TmEKvZ0Izgst7WUoG/YAzeA24JoVhTlq2yoqhOFU34y
IfBBsmSb+zd69ZJoxiXWUmTJByK9RkYnPKlLk0ir91+urfkthmMcqytgWcfcI8+y
Lwhix8XjZCCBWx9jZd/PSk/kdM0S11L7XyeQYGE4ge/z9WaZovHCeUEvhKXXtUxN
OdSg32bZ0ZsfwBZKhn8aazerIOm+sH2HjaalcnTF7wn7bfeyHEeofZ3VVBZYqSVn
jg0rX/n6+lV6oNk2Zy2OU6dmmbkKXoSgTqrAGx4aIPwcXwVopi9gNVF0rcV8nruk
+o3hybN2svbdvLj49tYSsAN50xg1vLWxqw==
-----END CERTIFICATE-----

2023-08-23 10:50:46,127 [Time-limited test] INFO  utils.CertificateCodec (CertificateCodec.java:writeCertificate(299)) - Save certificate to /tmp/junit1168920191503607046/junit5770361218957434995/scm-meta/scm/sub-ca/certs/certificate.crt
2023-08-23 10:50:46,127 [Time-limited test] INFO  utils.CertificateCodec (CertificateCodec.java:writeCertificate(300)) - Certificate -----BEGIN CERTIFICATE-----
MIIDuzCCAqOgAwIBAgIGAWSTW1zbMA0GCSqGSIb3DQEBCwUAMHsxGzAZBgNVBAMM
EnNjbS0xQGZ2LWF6NTczLTYzOTEtMCsGA1UECwwkZThiYjg3ZjgtZGRmYi00MDYz
LThmZTctYWY5MWJiNzhkMGQyMS0wKwYDVQQKDCQ2ZTAwMTBkMi04NTgyLTRkYWIt
YjI1Mi1mOTBlYmYzZDE2OWYwHhcNMjMwODIzMTA1MDQ2WhcNMjgwOTMwMTA1MDQ2
WjCBizErMCkGA1UEAwwic2NtLXN1Yi0xNTMxNDQzMjE2ODU5QGZ2LWF6NTczLTYz
OTEtMCsGA1UECwwkZThiYjg3ZjgtZGRmYi00MDYzLThmZTctYWY5MWJiNzhkMGQy
MS0wKwYDVQQKDCQ2ZTAwMTBkMi04NTgyLTRkYWItYjI1Mi1mOTBlYmYzZDE2OWYw
ggEiMA0GCSqGSIb3DQEBAQUAA4IBDwAwggEKAoIBAQCU9f18KeKjsrZFEBmBXt3b
NqUD7jEV6TbrlxCJbXKEs4mB/HDTuOV6iGFD7iBZqMmj6kw/oTVr2rjIyeMv2Loy
H/+d9zpcyrdhtlLznblA2VFDxcRIVRxg8vs8YV4YsbuWWUr73DFCZNFOkF6EElCU
N12iCsIjeLGZ88aboy6MihTsDlGh8xyMQYSHKvUpQyoG6APwslTD/ZlG4uq3gjty
paqkJ2FLV/+XArIiFwxNCD+Zrbr5beQXNNdtQrIo6pYdNN7XFcj9F9u/8Ug9vHzJ
rCvELhhDG/qaH0b1QTQCJKpbITxsD3JQpLfpsKE1Xj5tnZue8hxJBKRSO3q6g8nl
AgMBAAGjNDAyMA8GA1UdEQQIMAaHBAoBABEwDwYDVR0TAQH/BAUwAwEB/zAOBgNV
HQ8BAf8EBAMCAb4wDQYJKoZIhvcNAQELBQADggEBAJFlr/lw60knxlNE0ObJMGD+
I8sH0PneKx0SWL8r6WFAgqUwoWX0PORcBPDQKev2yIO4Znv9NdzlxzDaODhvq3BJ
qBQV+fhWmxsiwksrm1UC6Gc8iE93M00jR3IOIjEx1SQyxhhuJ6Ts8vXs8BW3Q1BC
FeVoegvChbTzeNTmNTGHcNtAtyt3pB/Bg58XCF/dtmY4Kp6XoQHpXZKMkXTi2lux
9i7/2q8hvJsWZq1RSoux/9UUWYvQ7MmuLfImrYLejM9GabLbwL8SKLI6gA9ZqDeq
yXHmHsJu3KqkP36GScpAdfHTJiu+qB+mCYYEkSqMsZWK7l644bUGiouyGECXe+M=
-----END CERTIFICATE-----

-----BEGIN CERTIFICATE-----
MIIDpTCCAo2gAwIBAgIBATANBgkqhkiG9w0BAQsFADB7MRswGQYDVQQDDBJzY20t
MUBmdi1hejU3My02MzkxLTArBgNVBAsMJGU4YmI4N2Y4LWRkZmItNDA2My04ZmU3
LWFmOTFiYjc4ZDBkMjEtMCsGA1UECgwkNmUwMDEwZDItODU4Mi00ZGFiLWIyNTIt
ZjkwZWJmM2QxNjlmMB4XDTIzMDgyMzEwNTA0NVoXDTI4MDkzMDEwNTA0NVowezEb
MBkGA1UEAwwSc2NtLTFAZnYtYXo1NzMtNjM5MS0wKwYDVQQLDCRlOGJiODdmOC1k
ZGZiLTQwNjMtOGZlNy1hZjkxYmI3OGQwZDIxLTArBgNVBAoMJDZlMDAxMGQyLTg1
ODItNGRhYi1iMjUyLWY5MGViZjNkMTY5ZjCCASIwDQYJKoZIhvcNAQEBBQADggEP
ADCCAQoCggEBALNJXpGtIL2oCRqiNh2r8WTn9kDOMVtGwkxZmc78EZayuogAmUHM
oO23uN6jqJNj5UlF2lR79JlX6SWiw6smmTm+O2viXc6EScvW004bdZVan3oKH8mv
7RlVRSxD/4O681r8kG9pvNlc1Ok/YfyJVI9Pggfp8m5VcdWSwnVJUel71RqIOIja
WlAMtbL4FAYj8KhPsWWppuCWgWLwLLpAzomWCmA6KKaHkTnOACYLK0DUlFcQiVGO
luF93cJ7b/PpOiYKo7X1WOep3QqSqCn5IOUQ9QyK1HxWAPVP/dqYkoKl4YG9F+PC
i+O4DkQnxHBlq9XKmo7Nb3chGzq8Y18kgTUCAwEAAaM0MDIwDwYDVR0TAQH/BAUw
AwEB/zAOBgNVHQ8BAf8EBAMCAQYwDwYDVR0RBAgwBocECgEAETANBgkqhkiG9w0B
AQsFAAOCAQEAilOnzm5z9TmEKvZ0Izgst7WUoG/YAzeA24JoVhTlq2yoqhOFU34y
IfBBsmSb+zd69ZJoxiXWUmTJByK9RkYnPKlLk0ir91+urfkthmMcqytgWcfcI8+y
Lwhix8XjZCCBWx9jZd/PSk/kdM0S11L7XyeQYGE4ge/z9WaZovHCeUEvhKXXtUxN
OdSg32bZ0ZsfwBZKhn8aazerIOm+sH2HjaalcnTF7wn7bfeyHEeofZ3VVBZYqSVn
jg0rX/n6+lV6oNk2Zy2OU6dmmbkKXoSgTqrAGx4aIPwcXwVopi9gNVF0rcV8nruk
+o3hybN2svbdvLj49tYSsAN50xg1vLWxqw==
-----END CERTIFICATE-----

2023-08-23 10:50:46,128 [Time-limited test] INFO  ha.HASecurityUtils (HASecurityUtils.java:initializeSecurity(121)) - Successfully stored SCM signed certificate.
2023-08-23 10:50:46,150 [Time-limited test] WARN  server.ServerUtils (ServerUtils.java:getScmDbDir(155)) - ozone.scm.db.dirs is not configured. We recommend adding this setting. Falling back to ozone.metadata.dirs instead.
2023-08-23 10:50:46,152 [Time-limited test] INFO  ha.SCMHANodeDetails (SCMHANodeDetails.java:loadSCMHAConfig(210)) - ServiceID for StorageContainerManager is null
2023-08-23 10:50:46,153 [Time-limited test] INFO  ha.SCMHANodeDetails (SCMHANodeDetails.java:loadSCMHAConfig(215)) - ozone.scm.default.service.id is not defined, falling back to ozone.scm.service.ids to find serviceID for StorageContainerManager if it is HA enabled cluster
2023-08-23 10:50:46,377 [pool-2-thread-1] INFO  request.KdcRequest (KdcRequest.java:preauth(651)) - The preauth data is empty.
2023-08-23 10:50:46,382 [pool-2-thread-1] INFO  server.KdcHandler (KdcHandler.java:handleRecoverableException(177)) - KRB error occurred while processing request:Additional pre-authentication required
2023-08-23 10:50:46,483 [pool-2-thread-1] INFO  request.AsRequest (AsRequest.java:issueTicket(112)) - AS_REQ ISSUE: authtime 1692787846481,scm/fv-az573-639@EXAMPLE.COM for krbtgt/EXAMPLE.COM@EXAMPLE.COM
2023-08-23 10:50:46,490 [Time-limited test] INFO  security.UserGroupInformation (UserGroupInformation.java:loginUserFromKeytab(1132)) - Login successful for user scm/fv-az573-639@EXAMPLE.COM using keytab file scm.keytab. Keytab auto renewal enabled : false
2023-08-23 10:50:46,490 [Time-limited test] INFO  server.StorageContainerManager (StorageContainerManager.java:loginAsSCMUserIfSecurityEnabled(1042)) - SCM login successful.
2023-08-23 10:50:46,504 [Time-limited test] INFO  client.SCMCertificateClient (DefaultCertificateClient.java:updateCertSerialId(1244)) - Certificate serial ID set to 1531480595675
2023-08-23 10:50:46,520 [Time-limited test] INFO  client.SCMCertificateClient (DefaultCertificateClient.java:readCertificateFile(237)) - Added certificate   [0]         Version: 3
         SerialNumber: 1531480595675
             IssuerDN: CN=scm-1@fv-az573-639,OU=e8bb87f8-ddfb-4063-8fe7-af91bb78d0d2,O=6e0010d2-8582-4dab-b252-f90ebf3d169f
           Start Date: Wed Aug 23 10:50:46 UTC 2023
           Final Date: Sat Sep 30 10:50:46 UTC 2028
            SubjectDN: CN=scm-sub-1531443216859@fv-az573-639,OU=e8bb87f8-ddfb-4063-8fe7-af91bb78d0d2,O=6e0010d2-8582-4dab-b252-f90ebf3d169f
           Public Key: RSA Public Key [5d:93:e2:f8:7a:e0:a5:48:ef:d1:98:b1:f9:8f:27:a3:18:0b:08:4b],[56:66:d1:a4]
        modulus: 94f5fd7c29e2a3b2b6451019815edddb36a503ee3115e936eb9710896d7284b38981fc70d3b8e57a886143ee2059a8c9a3ea4c3fa1356bdab8c8c9e32fd8ba321fff9df73a5ccab761b652f39db940d95143c5c448551c60f2fb3c615e18b1bb96594afbdc314264d14e905e84125094375da20ac22378b199f3c69ba32e8c8a14ec0e51a1f31c8c4184872af529432a06e803f0b254c3fd9946e2eab7823b72a5aaa427614b57ff9702b222170c4d083f99adbaf96de41734d76d42b228ea961d34ded715c8fd17dbbff1483dbc7cc9ac2bc42e18431bfa9a1f46f541340224aa5b213c6c0f7250a4b7e9b0a1355e3e6d9d9b9ef21c4904a4523b7aba83c9e5
public exponent: 10001

  Signature Algorithm: SHA256WITHRSA
            Signature: 9165aff970eb4927c65344d0e6c93060fe23cb07
                       d0f9de2b1d1258bf2be9614082a530a165f43ce4
                       5c04f0d029ebf6c883b8667bfd35dce5c730da38
                       386fab7049a81415f9f8569b1b22c24b2b9b5502
                       e8673c884f77334d2347720e223131d52432c618
                       6e27a4ecf2f5ecf015b743504215e5687a0bc285
                       b4f378d4e635318770db40b72b77a41fc1839f17
                       085fddb666382a9e97a101e95d928c9174e2da5b
                       b1f62effdaaf21bc9b1666ad514a8bb1ffd51459
                       8bd0ecc9ae2df226ad82de8ccf4669b2dbc0bf12
                       28b23a800f59a837aac971e61ec26edcaaa43f7e
                       8649ca4075f1d3262bbea81fa6098604912a8cb1
                       958aee5eb8e1b5068a8bb21840977be3
       Extensions: 
                       critical(false) 2.5.29.17 value = Sequence
    Tagged [7] IMPLICIT 
        DER Octet String[4] 

                       critical(true) BasicConstraints: isCa(true)
                       critical(true) KeyUsage: 0xbe
 from file: /tmp/junit1168920191503607046/junit5770361218957434995/scm-meta/scm/sub-ca/certs/1531480595675.crt.
2023-08-23 10:50:46,526 [Time-limited test] INFO  client.SCMCertificateClient (DefaultCertificateClient.java:readCertificateFile(237)) - Added certificate   [0]         Version: 3
         SerialNumber: 1
             IssuerDN: CN=scm-1@fv-az573-639,OU=e8bb87f8-ddfb-4063-8fe7-af91bb78d0d2,O=6e0010d2-8582-4dab-b252-f90ebf3d169f
           Start Date: Wed Aug 23 10:50:45 UTC 2023
           Final Date: Sat Sep 30 10:50:45 UTC 2028
            SubjectDN: CN=scm-1@fv-az573-639,OU=e8bb87f8-ddfb-4063-8fe7-af91bb78d0d2,O=6e0010d2-8582-4dab-b252-f90ebf3d169f
           Public Key: RSA Public Key [16:b2:b9:cc:f9:52:5b:9c:ff:80:b9:67:ee:c9:0e:b9:1f:5c:b3:ea],[56:66:d1:a4]
        modulus: b3495e91ad20bda8091aa2361dabf164e7f640ce315b46c24c5999cefc1196b2ba88009941cca0edb7b8dea3a89363e54945da547bf49957e925a2c3ab269939be3b6be25dce8449cbd6d34e1b75955a9f7a0a1fc9afed1955452c43ff83baf35afc906f69bcd95cd4e93f61fc89548f4f8207e9f26e5571d592c2754951e97bd51a883888da5a500cb5b2f8140623f0a84fb165a9a6e0968162f02cba40ce89960a603a28a6879139ce00260b2b40d494571089518e96e17dddc27b6ff3e93a260aa3b5f558e7a9dd0a92a829f920e510f50c8ad47c5600f54ffdda989282a5e181bd17e3c28be3b80e4427c47065abd5ca9a8ecd6f77211b3abc635f248135
public exponent: 10001

  Signature Algorithm: SHA256WITHRSA
            Signature: 8a53a7ce6e73f539842af67423382cb7b594a06f
                       d8033780db82685614e5ab6ca8aa1385537e3221
                       f041b2649bfb377af59268c625d65264c90722bd
                       4646273ca94b9348abf75faeadf92d86631cab2b
                       6059c7dc23cfb22f0862c7c5e36420815b1f6365
                       dfcf4a4fe474cd12d752fb5f279060613881eff3
                       f56699a2f1c279412f84a5d7b54c4d39d4a0df66
                       d9d19b1fc0164a867f1a6b37ab20e9beb07d878d
                       a6a57274c5ef09fb6df7b21c47a87d9dd5541658
                       a925678e0d2b5ff9fafa557aa0d936672d8e53a7
                       6699b90a5e84a04eaac01b1e1a20fc1c5f0568a6
                       2f60355174adc57c9ebba4fa8de1c9b376b2f6dd
                       bcb8f8f6d612b00379d31835bcb5b1ab
       Extensions: 
                       critical(true) BasicConstraints: isCa(true)
                       critical(true) KeyUsage: 0x6
                       critical(false) 2.5.29.17 value = Sequence
    Tagged [7] IMPLICIT 
        DER Octet String[4] 

 from file: /tmp/junit1168920191503607046/junit5770361218957434995/scm-meta/scm/sub-ca/certs/CA-1.crt.
2023-08-23 10:50:46,534 [Time-limited test] INFO  client.SCMCertificateClient (DefaultCertificateClient.java:readCertificateFile(237)) - Added certificate   [0]         Version: 3
         SerialNumber: 1531480595675
             IssuerDN: CN=scm-1@fv-az573-639,OU=e8bb87f8-ddfb-4063-8fe7-af91bb78d0d2,O=6e0010d2-8582-4dab-b252-f90ebf3d169f
           Start Date: Wed Aug 23 10:50:46 UTC 2023
           Final Date: Sat Sep 30 10:50:46 UTC 2028
            SubjectDN: CN=scm-sub-1531443216859@fv-az573-639,OU=e8bb87f8-ddfb-4063-8fe7-af91bb78d0d2,O=6e0010d2-8582-4dab-b252-f90ebf3d169f
           Public Key: RSA Public Key [5d:93:e2:f8:7a:e0:a5:48:ef:d1:98:b1:f9:8f:27:a3:18:0b:08:4b],[56:66:d1:a4]
        modulus: 94f5fd7c29e2a3b2b6451019815edddb36a503ee3115e936eb9710896d7284b38981fc70d3b8e57a886143ee2059a8c9a3ea4c3fa1356bdab8c8c9e32fd8ba321fff9df73a5ccab761b652f39db940d95143c5c448551c60f2fb3c615e18b1bb96594afbdc314264d14e905e84125094375da20ac22378b199f3c69ba32e8c8a14ec0e51a1f31c8c4184872af529432a06e803f0b254c3fd9946e2eab7823b72a5aaa427614b57ff9702b222170c4d083f99adbaf96de41734d76d42b228ea961d34ded715c8fd17dbbff1483dbc7cc9ac2bc42e18431bfa9a1f46f541340224aa5b213c6c0f7250a4b7e9b0a1355e3e6d9d9b9ef21c4904a4523b7aba83c9e5
public exponent: 10001

  Signature Algorithm: SHA256WITHRSA
            Signature: 9165aff970eb4927c65344d0e6c93060fe23cb07
                       d0f9de2b1d1258bf2be9614082a530a165f43ce4
                       5c04f0d029ebf6c883b8667bfd35dce5c730da38
                       386fab7049a81415f9f8569b1b22c24b2b9b5502
                       e8673c884f77334d2347720e223131d52432c618
                       6e27a4ecf2f5ecf015b743504215e5687a0bc285
                       b4f378d4e635318770db40b72b77a41fc1839f17
                       085fddb666382a9e97a101e95d928c9174e2da5b
                       b1f62effdaaf21bc9b1666ad514a8bb1ffd51459
                       8bd0ecc9ae2df226ad82de8ccf4669b2dbc0bf12
                       28b23a800f59a837aac971e61ec26edcaaa43f7e
                       8649ca4075f1d3262bbea81fa6098604912a8cb1
                       958aee5eb8e1b5068a8bb21840977be3
       Extensions: 
                       critical(false) 2.5.29.17 value = Sequence
    Tagged [7] IMPLICIT 
        DER Octet String[4] 

                       critical(true) BasicConstraints: isCa(true)
                       critical(true) KeyUsage: 0xbe
 from file: /tmp/junit1168920191503607046/junit5770361218957434995/scm-meta/scm/sub-ca/certs/certificate.crt.
2023-08-23 10:50:46,534 [Time-limited test] INFO  client.SCMCertificateClient (DefaultCertificateClient.java:loadAllCertificates(191)) - CertificateRenewerService and root ca rotation polling is disabled for scm/sub-ca
2023-08-23 10:50:46,608 [Time-limited test] WARN  utils.HAUtils (HAUtils.java:getMetaDir(339)) - ozone.scm.db.dirs is not configured. We recommend adding this setting. Falling back to ozone.metadata.dirs instead.
2023-08-23 10:50:46,739 [Time-limited test] WARN  db.DBStoreBuilder (DBStoreBuilder.java:applyDBDefinition(166)) - ozone.scm.db.dirs is not configured. We recommend adding this setting. Falling back to ozone.metadata.dirs instead.
2023-08-23 10:50:46,943 [Time-limited test] INFO  net.NodeSchemaLoader (NodeSchemaLoader.java:loadSchemaFromFile(129)) - Loading schema from [jar:file:/home/runner/.m2/repository/org/apache/ozone/hdds-common/1.4.0-SNAPSHOT/hdds-common-1.4.0-SNAPSHOT.jar!/network-topology-default.xml]
2023-08-23 10:50:46,945 [Time-limited test] INFO  net.NodeSchemaLoader (NodeSchemaLoader.java:loadSchema(176)) - Loading network topology layer schema file
2023-08-23 10:50:46,983 [Time-limited test] INFO  metrics.MetricRegistries (MetricRegistriesLoader.java:load(64)) - Loaded MetricRegistries class org.apache.ratis.metrics.impl.MetricRegistriesImpl
2023-08-23 10:50:46,995 [Time-limited test] INFO  upgrade.AbstractLayoutVersionManager (AbstractLayoutVersionManager.java:init(83)) - Initializing Layout version manager with metadata layout = HADOOP_PRC_PORTS_IN_DATANODEDETAILS (version = 7), software layout = HADOOP_PRC_PORTS_IN_DATANODEDETAILS (version = 7)
2023-08-23 10:50:47,111 [Time-limited test] INFO  ha.SequenceIdGenerator (SequenceIdGenerator.java:upgradeToSequenceId(365)) - upgrade localId to 111677748019200000
2023-08-23 10:50:47,112 [Time-limited test] INFO  ha.SequenceIdGenerator (SequenceIdGenerator.java:upgradeToSequenceId(375)) - upgrade delTxnId to 0
2023-08-23 10:50:47,119 [Time-limited test] INFO  ha.SequenceIdGenerator (SequenceIdGenerator.java:upgradeToSequenceId(392)) - upgrade containerId to 0
2023-08-23 10:50:47,121 [Time-limited test] INFO  ha.SequenceIdGenerator (SequenceIdGenerator.java:upgradeToSequenceId(428)) - upgrade rootCertificateId to 1
2023-08-23 10:50:47,123 [Time-limited test] INFO  ha.SequenceIdGenerator (SequenceIdGenerator.java:<init>(236)) - Init the HA SequenceIdGenerator.
2023-08-23 10:50:47,181 [Time-limited test] INFO  node.SCMNodeManager (SCMNodeManager.java:<init>(157)) - Entering startup safe mode.
2023-08-23 10:50:47,197 [Time-limited test] INFO  algorithms.ContainerPlacementPolicyFactory (ContainerPlacementPolicyFactory.java:getPolicyInternal(86)) - Create container placement policy of type org.apache.hadoop.hdds.scm.container.placement.algorithms.SCMContainerPlacementRackAware
2023-08-23 10:50:47,201 [Time-limited test] INFO  algorithms.ContainerPlacementPolicyFactory (ContainerPlacementPolicyFactory.java:getPolicyInternal(86)) - Create container placement policy of type org.apache.hadoop.hdds.scm.container.placement.algorithms.SCMContainerPlacementRackScatter
2023-08-23 10:50:47,209 [Time-limited test] INFO  pipeline.PipelineStateManagerImpl (PipelineStateManagerImpl.java:initialize(78)) - No pipeline exists in current db
2023-08-23 10:50:47,225 [Time-limited test] INFO  algorithms.LeaderChoosePolicyFactory (LeaderChoosePolicyFactory.java:getPolicy(57)) - Create leader choose policy of type org.apache.hadoop.hdds.scm.pipeline.leader.choose.algorithms.MinLeaderCountChoosePolicy
2023-08-23 10:50:47,225 [Time-limited test] INFO  algorithms.ContainerPlacementPolicyFactory (ContainerPlacementPolicyFactory.java:getPolicyInternal(86)) - Create container placement policy of type org.apache.hadoop.hdds.scm.container.placement.algorithms.SCMContainerPlacementRackScatter
2023-08-23 10:50:47,232 [Time-limited test] INFO  ha.SCMServiceManager (SCMServiceManager.java:register(42)) - Registering service BackgroundPipelineCreator.
2023-08-23 10:50:47,232 [Time-limited test] INFO  pipeline.BackgroundPipelineCreator (BackgroundPipelineCreator.java:start(124)) - Starting RatisPipelineUtilsThread.
2023-08-23 10:50:47,234 [Time-limited test] INFO  BackgroundPipelineScrubber (BackgroundSCMService.java:start(68)) - Starting BackgroundPipelineScrubber Service.
2023-08-23 10:50:47,236 [Time-limited test] INFO  ha.SCMServiceManager (SCMServiceManager.java:register(42)) - Registering service BackgroundPipelineScrubber.
2023-08-23 10:50:47,242 [Time-limited test] INFO  ExpiredContainerReplicaOpScrubber (BackgroundSCMService.java:start(68)) - Starting ExpiredContainerReplicaOpScrubber Service.
2023-08-23 10:50:47,242 [Time-limited test] INFO  ha.SCMServiceManager (SCMServiceManager.java:register(42)) - Registering service ExpiredContainerReplicaOpScrubber.
2023-08-23 10:50:47,263 [Time-limited test] INFO  algorithms.PipelineChoosePolicyFactory (PipelineChoosePolicyFactory.java:createPipelineChoosePolicyFromClass(78)) - Create pipeline choose policy of type org.apache.hadoop.hdds.scm.pipeline.choose.algorithms.RandomPipelineChoosePolicy
2023-08-23 10:50:47,263 [Time-limited test] INFO  algorithms.PipelineChoosePolicyFactory (PipelineChoosePolicyFactory.java:createPipelineChoosePolicyFromClass(78)) - Create pipeline choose policy of type org.apache.hadoop.hdds.scm.pipeline.choose.algorithms.RandomPipelineChoosePolicy
2023-08-23 10:50:47,286 [Time-limited test] INFO  ha.SCMServiceManager (SCMServiceManager.java:register(42)) - Registering service SCMBlockDeletingService.
2023-08-23 10:50:47,348 [Time-limited test] INFO  replication.ReplicationManager (ReplicationManager.java:start(287)) - Starting Replication Monitor Thread.
2023-08-23 10:50:47,352 [Time-limited test] INFO  ha.SCMServiceManager (SCMServiceManager.java:register(42)) - Registering service ReplicationManager.
2023-08-23 10:50:47,356 [ReplicationMonitor] INFO  replication.ReplicationManager (ReplicationManager.java:processAll(361)) - Replication Manager is not ready to run until 300000ms after safemode exit
2023-08-23 10:50:47,367 [Time-limited test] INFO  safemode.ContainerSafeModeRule (ContainerSafeModeRule.java:<init>(90)) - containers with one replica threshold count 0
2023-08-23 10:50:47,371 [Time-limited test] INFO  safemode.HealthyPipelineSafeModeRule (HealthyPipelineSafeModeRule.java:initializeRule(169)) - Total pipeline count is 0, healthy pipeline threshold count is 0
2023-08-23 10:50:47,374 [Time-limited test] INFO  safemode.OneReplicaPipelineSafeModeRule (OneReplicaPipelineSafeModeRule.java:initializeRule(180)) - Total pipeline count is 0, pipeline's with at least one datanode reported threshold count is 0
2023-08-23 10:50:47,404 [Time-limited test] INFO  authority.DefaultCAServer (DefaultCAServer.java:lambda$processVerificationStatus$0(472)) - CertificateServer validation is successful
2023-08-23 10:50:47,405 [Time-limited test] INFO  authority.DefaultCAServer (DefaultCAServer.java:lambda$processVerificationStatus$0(472)) - CertificateServer validation is successful
2023-08-23 10:50:47,406 [Time-limited test] INFO  server.StorageContainerManager (StorageContainerManager.java:persistPrimarySCMCerts(932)) - Storing sub-ca certificate serialId 1531480595675 on primary SCM
2023-08-23 10:50:47,423 [Time-limited test] INFO  server.SCMCertStore (SCMCertStore.java:storeValidScmCertificate(122)) - Scm certificate 1531480595675 for CN=scm-sub-1531443216859@fv-az573-639,OU=e8bb87f8-ddfb-4063-8fe7-af91bb78d0d2,O=6e0010d2-8582-4dab-b252-f90ebf3d169f is stored
2023-08-23 10:50:47,423 [Time-limited test] INFO  server.StorageContainerManager (StorageContainerManager.java:persistPrimarySCMCerts(940)) - Storing root certificate serialId 1
2023-08-23 10:50:47,428 [Time-limited test] INFO  server.SCMCertStore (SCMCertStore.java:storeValidScmCertificate(122)) - Scm certificate 1 for CN=scm-1@fv-az573-639,OU=e8bb87f8-ddfb-4063-8fe7-af91bb78d0d2,O=6e0010d2-8582-4dab-b252-f90ebf3d169f is stored
2023-08-23 10:50:47,453 [Time-limited test] INFO  ipc.CallQueueManager (CallQueueManager.java:<init>(90)) - Using callQueue: class java.util.concurrent.LinkedBlockingQueue, queueCapacity: 200, scheduler: class org.apache.hadoop.ipc.DefaultRpcScheduler, ipcBackoff: false.
2023-08-23 10:50:47,492 [Time-limited test] INFO  ipc.Server (Server.java:<init>(1287)) - Listener at 0.0.0.0:9961
2023-08-23 10:50:47,498 [Socket Reader #1 for port 9961] INFO  ipc.Server (Server.java:run(1323)) - Starting Socket Reader #1 for port 9961
2023-08-23 10:50:47,540 [Time-limited test] INFO  server.StorageContainerManager (StorageContainerManager.java:<init>(425)) - SCM start with adminUsers: [runner, scm]
2023-08-23 10:50:47,565 [Time-limited test] INFO  audit.AuditLogger (AuditLogger.java:refreshDebugCmdSet(126)) - Refresh DebugCmdSet for SCMAudit to [].
2023-08-23 10:50:47,571 [Time-limited test] INFO  ipc.CallQueueManager (CallQueueManager.java:<init>(90)) - Using callQueue: class java.util.concurrent.LinkedBlockingQueue, queueCapacity: 10000, scheduler: class org.apache.hadoop.ipc.DefaultRpcScheduler, ipcBackoff: false.
2023-08-23 10:50:47,571 [Time-limited test] INFO  ipc.Server (Server.java:<init>(1287)) - Listener at 0.0.0.0:9861
2023-08-23 10:50:47,572 [Socket Reader #1 for port 9861] INFO  ipc.Server (Server.java:run(1323)) - Starting Socket Reader #1 for port 9861
2023-08-23 10:50:47,615 [Time-limited test] INFO  audit.AuditLogger (AuditLogger.java:refreshDebugCmdSet(126)) - Refresh DebugCmdSet for SCMAudit to [].
2023-08-23 10:50:47,620 [Time-limited test] INFO  ipc.CallQueueManager (CallQueueManager.java:<init>(90)) - Using callQueue: class java.util.concurrent.LinkedBlockingQueue, queueCapacity: 10000, scheduler: class org.apache.hadoop.ipc.DefaultRpcScheduler, ipcBackoff: false.
2023-08-23 10:50:47,620 [Time-limited test] INFO  ipc.Server (Server.java:<init>(1287)) - Listener at 0.0.0.0:9863
2023-08-23 10:50:47,623 [Socket Reader #1 for port 9863] INFO  ipc.Server (Server.java:run(1323)) - Starting Socket Reader #1 for port 9863
2023-08-23 10:50:47,658 [Time-limited test] INFO  audit.AuditLogger (AuditLogger.java:refreshDebugCmdSet(126)) - Refresh DebugCmdSet for SCMAudit to [].
2023-08-23 10:50:47,668 [Time-limited test] INFO  ipc.CallQueueManager (CallQueueManager.java:<init>(90)) - Using callQueue: class java.util.concurrent.LinkedBlockingQueue, queueCapacity: 10000, scheduler: class org.apache.hadoop.ipc.DefaultRpcScheduler, ipcBackoff: false.
2023-08-23 10:50:47,668 [Time-limited test] INFO  ipc.Server (Server.java:<init>(1287)) - Listener at 0.0.0.0:9860
2023-08-23 10:50:47,669 [Socket Reader #1 for port 9860] INFO  ipc.Server (Server.java:run(1323)) - Starting Socket Reader #1 for port 9860
2023-08-23 10:50:47,712 [Time-limited test] INFO  ha.SCMServiceManager (SCMServiceManager.java:register(42)) - Registering service ContainerBalancer.
2023-08-23 10:50:47,712 [Time-limited test] INFO  server.StorageContainerManager (StorageContainerManager.java:<init>(438)) - 
Container Balancer status:
Key                            Value
Running                        false
Container Balancer Configuration values:
Key                                                Value
Threshold                                          10
Max Datanodes to Involve per Iteration(percent)    20
Max Size to Move per Iteration                     500GB
Max Size Entering Target per Iteration             26GB
Max Size Leaving Source per Iteration              26GB

2023-08-23 10:50:47,712 [Time-limited test] INFO  ha.SCMContext (SCMContext.java:updateSafeModeStatus(228)) - Update SafeModeStatus from SafeModeStatus{safeModeStatus=true, preCheckPassed=false} to SafeModeStatus{safeModeStatus=true, preCheckPassed=false}.
2023-08-23 10:50:47,716 [Time-limited test] INFO  server.StorageContainerManager (StorageContainerManager.java:start(1483)) - StorageContainerLocationProtocol RPC server is listening at /0.0.0.0:9860
2023-08-23 10:50:47,786 [Time-limited test] WARN  impl.MetricsConfig (MetricsConfig.java:loadFirst(136)) - Cannot locate configuration: tried hadoop-metrics2-storagecontainermanager.properties,hadoop-metrics2.properties
2023-08-23 10:50:47,798 [Time-limited test] INFO  impl.MetricsSystemImpl (MetricsSystemImpl.java:startTimer(378)) - Scheduled Metric snapshot period at 10 second(s).
2023-08-23 10:50:47,799 [Time-limited test] INFO  impl.MetricsSystemImpl (MetricsSystemImpl.java:start(191)) - StorageContainerManager metrics system started
2023-08-23 10:50:47,855 [Time-limited test] INFO  server.SCMClientProtocolServer (SCMClientProtocolServer.java:start(201)) - RPC server for Client  is listening at /0.0.0.0:9860
2023-08-23 10:50:47,856 [IPC Server Responder] INFO  ipc.Server (Server.java:run(1562)) - IPC Server Responder: starting
2023-08-23 10:50:47,857 [IPC Server listener on 9860] INFO  ipc.Server (Server.java:run(1402)) - IPC Server listener on 9860: starting
2023-08-23 10:50:47,880 [Time-limited test] INFO  server.StorageContainerManager (StorageContainerManager.java:start(1496)) - ScmBlockLocationProtocol RPC server is listening at /0.0.0.0:9863
2023-08-23 10:50:47,881 [Time-limited test] INFO  server.SCMBlockProtocolServer (SCMBlockProtocolServer.java:start(152)) - RPC server for Block Protocol is listening at /0.0.0.0:9863
2023-08-23 10:50:47,882 [IPC Server Responder] INFO  ipc.Server (Server.java:run(1562)) - IPC Server Responder: starting
2023-08-23 10:50:47,882 [IPC Server listener on 9863] INFO  ipc.Server (Server.java:run(1402)) - IPC Server listener on 9863: starting
2023-08-23 10:50:47,906 [Time-limited test] INFO  server.SCMDatanodeProtocolServer (SCMDatanodeProtocolServer.java:start(193)) - ScmDatanodeProtocol RPC server for DataNodes is listening at /0.0.0.0:9861
2023-08-23 10:50:47,926 [IPC Server Responder] INFO  ipc.Server (Server.java:run(1562)) - IPC Server Responder: starting
2023-08-23 10:50:47,926 [IPC Server listener on 9861] INFO  ipc.Server (Server.java:run(1402)) - IPC Server listener on 9861: starting
2023-08-23 10:50:47,965 [Time-limited test] INFO  server.SCMSecurityProtocolServer (SCMSecurityProtocolServer.java:start(542)) - Starting RPC server for SCMSecurityProtocolServer. is listening at /0.0.0.0:9961
2023-08-23 10:50:47,966 [IPC Server Responder] INFO  ipc.Server (Server.java:run(1562)) - IPC Server Responder: starting
2023-08-23 10:50:47,966 [IPC Server listener on 9961] INFO  ipc.Server (Server.java:run(1402)) - IPC Server listener on 9961: starting
2023-08-23 10:50:47,966 [Time-limited test] INFO  server.SCMUpdateServiceGrpcServer (SCMUpdateServiceGrpcServer.java:start(58)) - SCMUpdateService starting
2023-08-23 10:50:48,220 [JvmPauseMonitor0] INFO  util.JvmPauseMonitor (JvmPauseMonitor.java:run(103)) - JvmPauseMonitor-e8bb87f8-ddfb-4063-8fe7-af91bb78d0d2: Started
2023-08-23 10:50:48,226 [Time-limited test] INFO  http.BaseHttpServer (BaseHttpServer.java:newHttpServer2BuilderForOzone(224)) - Starting Web-server for scm at: http://0.0.0.0:9876
2023-08-23 10:50:48,227 [Time-limited test] INFO  http.BaseHttpServer (BaseHttpServer.java:<init>(111)) - Hadoop Security Enabled: true Ozone Security Enabled: true Ozone HTTP Security Enabled: false 
2023-08-23 10:50:48,252 [Time-limited test] INFO  util.log (Log.java:initialized(170)) - Logging initialized @6677ms to org.eclipse.jetty.util.log.Slf4jLog
2023-08-23 10:50:48,352 [Time-limited test] WARN  server.AuthenticationFilter (AuthenticationFilter.java:constructSecretProvider(240)) - Unable to initialize FileSignerSecretProvider, falling back to use random secrets. Reason: Could not read signature secret file: /home/runner/hadoop-http-auth-signature-secret
2023-08-23 10:50:48,360 [Time-limited test] INFO  http.HttpRequestLog (HttpRequestLog.java:getRequestLog(86)) - Http request log for http.requests.scm is not defined
2023-08-23 10:50:48,369 [Time-limited test] INFO  http.HttpServer2 (HttpServer2.java:addGlobalFilter(1031)) - Added global filter 'safety' (class=org.apache.hadoop.hdds.server.http.HttpServer2$QuotingInputFilter)
2023-08-23 10:50:48,372 [Time-limited test] INFO  http.HttpServer2 (HttpServer2.java:addFilter(1007)) - Added filter static_user_filter (class=org.apache.hadoop.http.lib.StaticUserWebFilter$StaticUserFilter) to context scm
2023-08-23 10:50:48,372 [Time-limited test] INFO  http.HttpServer2 (HttpServer2.java:addFilter(1015)) - Added filter static_user_filter (class=org.apache.hadoop.http.lib.StaticUserWebFilter$StaticUserFilter) to context logs
2023-08-23 10:50:48,372 [Time-limited test] INFO  http.HttpServer2 (HttpServer2.java:addFilter(1015)) - Added filter static_user_filter (class=org.apache.hadoop.http.lib.StaticUserWebFilter$StaticUserFilter) to context static
2023-08-23 10:50:48,409 [Time-limited test] INFO  http.BaseHttpServer (BaseHttpServer.java:<init>(190)) - HTTP server of scm uses base directory /tmp/junit1168920191503607046/junit5770361218957434995/scm-meta/webserver
2023-08-23 10:50:48,410 [Time-limited test] INFO  http.HttpServer2 (HttpServer2.java:bindListener(1250)) - Jetty bound to port 9876
2023-08-23 10:50:48,411 [Time-limited test] INFO  server.Server (Server.java:doStart(375)) - jetty-9.4.51.v20230217; built: 2023-02-17T08:19:37.309Z; git: b45c405e4544384de066f814ed42ae3dceacdd49; jvm 1.8.0_382-b05
2023-08-23 10:50:48,444 [Time-limited test] INFO  server.session (DefaultSessionIdManager.java:doStart(334)) - DefaultSessionIdManager workerName=node0
2023-08-23 10:50:48,444 [Time-limited test] INFO  server.session (DefaultSessionIdManager.java:doStart(339)) - No SessionScavenger set, using defaults
2023-08-23 10:50:48,446 [Time-limited test] INFO  server.session (HouseKeeper.java:startScavenging(132)) - node0 Scavenging every 600000ms
2023-08-23 10:50:48,462 [Time-limited test] INFO  handler.ContextHandler (ContextHandler.java:doStart(921)) - Started o.e.j.s.ServletContextHandler@42179b83{logs,/logs,file:///home/runner/work/ozone/ozone/hadoop-ozone/integration-test/target/log,AVAILABLE}
2023-08-23 10:50:48,463 [Time-limited test] INFO  handler.ContextHandler (ContextHandler.java:doStart(921)) - Started o.e.j.s.ServletContextHandler@1901785f{static,/static,file:///home/runner/work/ozone/ozone/hadoop-ozone/integration-test/target/test-classes/webapps/static,AVAILABLE}
2023-08-23 10:50:48,508 [Time-limited test] INFO  handler.ContextHandler (ContextHandler.java:doStart(921)) - Started o.e.j.w.WebAppContext@740fd4ee{scm,/,file:///home/runner/work/ozone/ozone/hadoop-ozone/integration-test/target/test-classes/webapps/scm/,AVAILABLE}{file:/home/runner/work/ozone/ozone/hadoop-ozone/integration-test/target/test-classes/webapps/scm}
2023-08-23 10:50:48,518 [Time-limited test] INFO  server.AbstractConnector (AbstractConnector.java:doStart(333)) - Started ServerConnector@4f48c7cb{HTTP/1.1, (http/1.1)}{0.0.0.0:9876}
2023-08-23 10:50:48,518 [Time-limited test] INFO  server.Server (Server.java:doStart(415)) - Started @6944ms
2023-08-23 10:50:48,522 [Time-limited test] INFO  impl.MetricsSinkAdapter (MetricsSinkAdapter.java:start(204)) - Sink prometheus started
2023-08-23 10:50:48,522 [Time-limited test] INFO  impl.MetricsSystemImpl (MetricsSystemImpl.java:registerSink(305)) - Registered sink prometheus
2023-08-23 10:50:48,524 [Time-limited test] INFO  http.BaseHttpServer (BaseHttpServer.java:updateConnectorAddress(344)) - HTTP server of scm listening at http://0.0.0.0:9876
2023-08-23 10:50:48,535 [pool-2-thread-1] INFO  request.KdcRequest (KdcRequest.java:preauth(651)) - The preauth data is empty.
2023-08-23 10:50:48,535 [pool-2-thread-1] INFO  server.KdcHandler (KdcHandler.java:handleRecoverableException(177)) - KRB error occurred while processing request:Additional pre-authentication required
2023-08-23 10:50:48,549 [pool-2-thread-1] INFO  request.AsRequest (AsRequest.java:issueTicket(112)) - AS_REQ ISSUE: authtime 1692787848548,test@EXAMPLE.COM for krbtgt/EXAMPLE.COM@EXAMPLE.COM
2023-08-23 10:50:48,668 [pool-2-thread-2] INFO  request.TgsRequest (TgsRequest.java:issueTicket(115)) - TGS_REQ ISSUE: authtime 1692787848667,test for scm/fv-az573-639@EXAMPLE.COM
2023-08-23 10:50:48,669 [pool-2-thread-1] INFO  request.TgsRequest (TgsRequest.java:issueTicket(115)) - TGS_REQ ISSUE: authtime 1692787848668,scm/fv-az573-639 for scm/fv-az573-639@EXAMPLE.COM
2023-08-23 10:50:48,698 [Socket Reader #1 for port 9961] INFO  ipc.Server (Server.java:saslProcess(2139)) - Auth successful for test@EXAMPLE.COM (auth:KERBEROS) from fv-az573-639:35538 / 10.1.0.17:35538
2023-08-23 10:50:48,700 [Socket Reader #1 for port 9961] INFO  ipc.Server (Server.java:saslProcess(2139)) - Auth successful for scm/fv-az573-639@EXAMPLE.COM (auth:KERBEROS) from fv-az573-639:45519 / 10.1.0.17:45519
2023-08-23 10:50:48,771 [IPC Server handler 0 on default port 9961] INFO  client.SCMCertificateClient (DefaultCertificateClient.java:getAllRootCaCerts(901)) - scm/sub-ca has 0 Root CA certificates
2023-08-23 10:50:48,771 [IPC Server handler 0 on default port 9961] INFO  client.SCMCertificateClient (DefaultCertificateClient.java:getAllCaCerts(909)) - scm/sub-ca has 1 CA certificates
2023-08-23 10:50:48,780 [scm/sub-ca-refreshCACertificates] INFO  client.SCMCertificateClient (DefaultCertificateClient.java:getAllRootCaCerts(901)) - scm/sub-ca has 0 Root CA certificates
2023-08-23 10:50:48,780 [scm/sub-ca-refreshCACertificates] INFO  client.SCMCertificateClient (DefaultCertificateClient.java:getAllCaCerts(909)) - scm/sub-ca has 1 CA certificates
2023-08-23 10:50:48,782 [scm/sub-ca-refreshCACertificates] INFO  client.SCMCertificateClient (SCMCertificateClient.java:run(277)) - CA certificates are not changed.
2023-08-23 10:50:48,790 [IPC Server handler 0 on default port 9961] INFO  server.SCMSecurityProtocolServer (SCMSecurityProtocolServer.java:getCertificate(407)) - Certificate with serial id 100 not found.
2023-08-23 10:50:48,798 [Time-limited test] WARN  ipc.Client (Client.java:run(733)) - Exception encountered while connecting to the server 0.0.0.0/0.0.0.0:9961
org.apache.hadoop.security.AccessControlException: Client cannot authenticate via:[KERBEROS]
	at org.apache.hadoop.security.SaslRpcClient.selectSaslClient(SaslRpcClient.java:179)
	at org.apache.hadoop.security.SaslRpcClient.saslConnect(SaslRpcClient.java:392)
	at org.apache.hadoop.ipc.Client$Connection.setupSaslConnection(Client.java:561)
	at org.apache.hadoop.ipc.Client$Connection.access$2100(Client.java:347)
	at org.apache.hadoop.ipc.Client$Connection$2.run(Client.java:783)
	at org.apache.hadoop.ipc.Client$Connection$2.run(Client.java:779)
	at java.security.AccessController.doPrivileged(Native Method)
	at javax.security.auth.Subject.doAs(Subject.java:422)
	at org.apache.hadoop.security.UserGroupInformation.doAs(UserGroupInformation.java:1899)
	at org.apache.hadoop.ipc.Client$Connection.setupIOstreams(Client.java:779)
	at org.apache.hadoop.ipc.Client$Connection.access$3800(Client.java:347)
	at org.apache.hadoop.ipc.Client.getConnection(Client.java:1632)
	at org.apache.hadoop.ipc.Client.call(Client.java:1457)
	at org.apache.hadoop.ipc.Client.call(Client.java:1410)
	at org.apache.hadoop.ipc.ProtobufRpcEngine$Invoker.invoke(ProtobufRpcEngine.java:250)
	at org.apache.hadoop.ipc.ProtobufRpcEngine$Invoker.invoke(ProtobufRpcEngine.java:132)
	at com.sun.proxy.$Proxy26.submitRequest(Unknown Source)
	at sun.reflect.NativeMethodAccessorImpl.invoke0(Native Method)
	at sun.reflect.NativeMethodAccessorImpl.invoke(NativeMethodAccessorImpl.java:62)
	at sun.reflect.DelegatingMethodAccessorImpl.invoke(DelegatingMethodAccessorImpl.java:43)
	at java.lang.reflect.Method.invoke(Method.java:498)
	at org.apache.hadoop.io.retry.RetryInvocationHandler.invokeMethod(RetryInvocationHandler.java:433)
	at org.apache.hadoop.io.retry.RetryInvocationHandler$Call.invokeMethod(RetryInvocationHandler.java:166)
	at org.apache.hadoop.io.retry.RetryInvocationHandler$Call.invoke(RetryInvocationHandler.java:158)
	at org.apache.hadoop.io.retry.RetryInvocationHandler$Call.invokeOnce(RetryInvocationHandler.java:96)
	at org.apache.hadoop.io.retry.RetryInvocationHandler.invoke(RetryInvocationHandler.java:362)
	at com.sun.proxy.$Proxy26.submitRequest(Unknown Source)
	at org.apache.hadoop.hdds.protocolPB.SCMSecurityProtocolClientSideTranslatorPB.submitRequest(SCMSecurityProtocolClientSideTranslatorPB.java:102)
	at org.apache.hadoop.hdds.protocolPB.SCMSecurityProtocolClientSideTranslatorPB.getCACert(SCMSecurityProtocolClientSideTranslatorPB.java:332)
	at org.apache.hadoop.hdds.protocolPB.SCMSecurityProtocolClientSideTranslatorPB.getCACertificate(SCMSecurityProtocolClientSideTranslatorPB.java:326)
	at org.junit.Assert.assertThrows(Assert.java:1001)
	at org.junit.Assert.assertThrows(Assert.java:981)
	at org.apache.hadoop.ozone.TestSecureOzoneCluster.testSCMSecurityProtocol(TestSecureOzoneCluster.java:405)
	at sun.reflect.NativeMethodAccessorImpl.invoke0(Native Method)
	at sun.reflect.NativeMethodAccessorImpl.invoke(NativeMethodAccessorImpl.java:62)
	at sun.reflect.DelegatingMethodAccessorImpl.invoke(DelegatingMethodAccessorImpl.java:43)
	at java.lang.reflect.Method.invoke(Method.java:498)
	at org.junit.runners.model.FrameworkMethod$1.runReflectiveCall(FrameworkMethod.java:59)
	at org.junit.internal.runners.model.ReflectiveCallable.run(ReflectiveCallable.java:12)
	at org.junit.runners.model.FrameworkMethod.invokeExplosively(FrameworkMethod.java:56)
	at org.junit.internal.runners.statements.InvokeMethod.evaluate(InvokeMethod.java:17)
	at org.junit.internal.runners.statements.RunBefores.evaluate(RunBefores.java:26)
	at org.junit.internal.runners.statements.RunAfters.evaluate(RunAfters.java:27)
	at org.junit.rules.ExternalResource$1.evaluate(ExternalResource.java:54)
	at org.junit.internal.runners.statements.FailOnTimeout$CallableStatement.call(FailOnTimeout.java:288)
	at org.junit.internal.runners.statements.FailOnTimeout$CallableStatement.call(FailOnTimeout.java:282)
	at java.util.concurrent.FutureTask.run(FutureTask.java:266)
	at java.lang.Thread.run(Thread.java:750)
2023-08-23 10:50:48,805 [Time-limited test] WARN  ipc.Client (Client.java:run(733)) - Exception encountered while connecting to the server 0.0.0.0/0.0.0.0:9961
org.apache.hadoop.security.AccessControlException: Client cannot authenticate via:[KERBEROS]
	at org.apache.hadoop.security.SaslRpcClient.selectSaslClient(SaslRpcClient.java:179)
	at org.apache.hadoop.security.SaslRpcClient.saslConnect(SaslRpcClient.java:392)
	at org.apache.hadoop.ipc.Client$Connection.setupSaslConnection(Client.java:561)
	at org.apache.hadoop.ipc.Client$Connection.access$2100(Client.java:347)
	at org.apache.hadoop.ipc.Client$Connection$2.run(Client.java:783)
	at org.apache.hadoop.ipc.Client$Connection$2.run(Client.java:779)
	at java.security.AccessController.doPrivileged(Native Method)
	at javax.security.auth.Subject.doAs(Subject.java:422)
	at org.apache.hadoop.security.UserGroupInformation.doAs(UserGroupInformation.java:1899)
	at org.apache.hadoop.ipc.Client$Connection.setupIOstreams(Client.java:779)
	at org.apache.hadoop.ipc.Client$Connection.access$3800(Client.java:347)
	at org.apache.hadoop.ipc.Client.getConnection(Client.java:1632)
	at org.apache.hadoop.ipc.Client.call(Client.java:1457)
	at org.apache.hadoop.ipc.Client.call(Client.java:1410)
	at org.apache.hadoop.ipc.ProtobufRpcEngine$Invoker.invoke(ProtobufRpcEngine.java:250)
	at org.apache.hadoop.ipc.ProtobufRpcEngine$Invoker.invoke(ProtobufRpcEngine.java:132)
	at com.sun.proxy.$Proxy26.submitRequest(Unknown Source)
	at sun.reflect.NativeMethodAccessorImpl.invoke0(Native Method)
	at sun.reflect.NativeMethodAccessorImpl.invoke(NativeMethodAccessorImpl.java:62)
	at sun.reflect.DelegatingMethodAccessorImpl.invoke(DelegatingMethodAccessorImpl.java:43)
	at java.lang.reflect.Method.invoke(Method.java:498)
	at org.apache.hadoop.io.retry.RetryInvocationHandler.invokeMethod(RetryInvocationHandler.java:433)
	at org.apache.hadoop.io.retry.RetryInvocationHandler$Call.invokeMethod(RetryInvocationHandler.java:166)
	at org.apache.hadoop.io.retry.RetryInvocationHandler$Call.invoke(RetryInvocationHandler.java:158)
	at org.apache.hadoop.io.retry.RetryInvocationHandler$Call.invokeOnce(RetryInvocationHandler.java:96)
	at org.apache.hadoop.io.retry.RetryInvocationHandler.invoke(RetryInvocationHandler.java:362)
	at com.sun.proxy.$Proxy26.submitRequest(Unknown Source)
	at org.apache.hadoop.hdds.protocolPB.SCMSecurityProtocolClientSideTranslatorPB.submitRequest(SCMSecurityProtocolClientSideTranslatorPB.java:102)
	at org.apache.hadoop.hdds.protocolPB.SCMSecurityProtocolClientSideTranslatorPB.getCertificate(SCMSecurityProtocolClientSideTranslatorPB.java:271)
	at org.apache.hadoop.ozone.TestSecureOzoneCluster.lambda$testSCMSecurityProtocol$1(TestSecureOzoneCluster.java:409)
	at org.junit.Assert.assertThrows(Assert.java:1001)
	at org.junit.Assert.assertThrows(Assert.java:981)
	at org.apache.hadoop.ozone.TestSecureOzoneCluster.testSCMSecurityProtocol(TestSecureOzoneCluster.java:408)
	at sun.reflect.NativeMethodAccessorImpl.invoke0(Native Method)
	at sun.reflect.NativeMethodAccessorImpl.invoke(NativeMethodAccessorImpl.java:62)
	at sun.reflect.DelegatingMethodAccessorImpl.invoke(DelegatingMethodAccessorImpl.java:43)
	at java.lang.reflect.Method.invoke(Method.java:498)
	at org.junit.runners.model.FrameworkMethod$1.runReflectiveCall(FrameworkMethod.java:59)
	at org.junit.internal.runners.model.ReflectiveCallable.run(ReflectiveCallable.java:12)
	at org.junit.runners.model.FrameworkMethod.invokeExplosively(FrameworkMethod.java:56)
	at org.junit.internal.runners.statements.InvokeMethod.evaluate(InvokeMethod.java:17)
	at org.junit.internal.runners.statements.RunBefores.evaluate(RunBefores.java:26)
	at org.junit.internal.runners.statements.RunAfters.evaluate(RunAfters.java:27)
	at org.junit.rules.ExternalResource$1.evaluate(ExternalResource.java:54)
	at org.junit.internal.runners.statements.FailOnTimeout$CallableStatement.call(FailOnTimeout.java:288)
	at org.junit.internal.runners.statements.FailOnTimeout$CallableStatement.call(FailOnTimeout.java:282)
	at java.util.concurrent.FutureTask.run(FutureTask.java:266)
	at java.lang.Thread.run(Thread.java:750)
2023-08-23 10:50:48,806 [Time-limited test] INFO  server.StorageContainerManager (StorageContainerManager.java:stop(1591)) - Container Balancer is not running.
2023-08-23 10:50:48,806 [Time-limited test] INFO  server.StorageContainerManager (StorageContainerManager.java:stopReplicationManager(1724)) - Stopping Replication Manager Service.
2023-08-23 10:50:48,806 [Time-limited test] INFO  replication.ReplicationManager (ReplicationManager.java:stop(319)) - Stopping Replication Monitor Thread.
2023-08-23 10:50:48,807 [Under Replicated Processor] WARN  replication.UnhealthyReplicationProcessor (UnhealthyReplicationProcessor.java:run(180)) - Under Replicated Processor interrupted. Exiting...
2023-08-23 10:50:48,807 [Time-limited test] INFO  server.StorageContainerManager (StorageContainerManager.java:stop(1600)) - Stopping the Datanode Admin Monitor.
2023-08-23 10:50:48,807 [ReplicationMonitor] INFO  replication.ReplicationManager (ReplicationManager.java:run(917)) - Replication Monitor Thread is stopped
2023-08-23 10:50:48,807 [Time-limited test] INFO  server.StorageContainerManager (StorageContainerManager.java:stop(1607)) - Stopping datanode service RPC server
2023-08-23 10:50:48,807 [Time-limited test] INFO  server.SCMDatanodeProtocolServer (SCMDatanodeProtocolServer.java:stop(424)) - Stopping the RPC server for DataNodes
2023-08-23 10:50:48,808 [Time-limited test] INFO  ipc.Server (Server.java:stop(3523)) - Stopping server on 9861
2023-08-23 10:50:48,807 [Over Replicated Processor] WARN  replication.UnhealthyReplicationProcessor (UnhealthyReplicationProcessor.java:run(180)) - Over Replicated Processor interrupted. Exiting...
2023-08-23 10:50:48,815 [IPC Server Responder] INFO  ipc.Server (Server.java:run(1567)) - Stopping IPC Server Responder
2023-08-23 10:50:48,815 [IPC Server listener on 9861] INFO  ipc.Server (Server.java:run(1434)) - Stopping IPC Server listener on 9861
2023-08-23 10:50:50,180 [SCM Heartbeat Processing Thread - 0] WARN  node.NodeStateManager (NodeStateManager.java:scheduleNextHealthCheck(874)) - Current Thread is interrupted, shutting down HB processing thread for Node Manager.
2023-08-23 10:50:50,182 [Time-limited test] INFO  server.StorageContainerManager (StorageContainerManager.java:stop(1615)) - Stopping block service RPC server
2023-08-23 10:50:50,182 [Time-limited test] INFO  server.SCMBlockProtocolServer (SCMBlockProtocolServer.java:stop(161)) - Stopping the RPC server for Block Protocol
2023-08-23 10:50:50,182 [Time-limited test] INFO  ipc.Server (Server.java:stop(3523)) - Stopping server on 9863
2023-08-23 10:50:50,191 [IPC Server listener on 9863] INFO  ipc.Server (Server.java:run(1434)) - Stopping IPC Server listener on 9863
2023-08-23 10:50:50,191 [IPC Server Responder] INFO  ipc.Server (Server.java:run(1567)) - Stopping IPC Server Responder
2023-08-23 10:50:50,191 [Time-limited test] INFO  server.StorageContainerManager (StorageContainerManager.java:stop(1622)) - Stopping the StorageContainerLocationProtocol RPC server
2023-08-23 10:50:50,192 [Time-limited test] INFO  server.SCMClientProtocolServer (SCMClientProtocolServer.java:stop(210)) - Stopping the RPC server for Client Protocol
2023-08-23 10:50:50,192 [Time-limited test] INFO  ipc.Server (Server.java:stop(3523)) - Stopping server on 9860
2023-08-23 10:50:50,200 [IPC Server listener on 9860] INFO  ipc.Server (Server.java:run(1434)) - Stopping IPC Server listener on 9860
2023-08-23 10:50:50,201 [IPC Server Responder] INFO  ipc.Server (Server.java:run(1567)) - Stopping IPC Server Responder
2023-08-23 10:50:50,201 [Time-limited test] INFO  server.StorageContainerManager (StorageContainerManager.java:stop(1629)) - Stopping Storage Container Manager HTTP server.
2023-08-23 10:50:50,205 [Time-limited test] INFO  handler.ContextHandler (ContextHandler.java:doStop(1159)) - Stopped o.e.j.w.WebAppContext@740fd4ee{scm,/,null,STOPPED}{file:/home/runner/work/ozone/ozone/hadoop-ozone/integration-test/target/test-classes/webapps/scm}
2023-08-23 10:50:50,208 [Time-limited test] INFO  server.AbstractConnector (AbstractConnector.java:doStop(383)) - Stopped ServerConnector@4f48c7cb{HTTP/1.1, (http/1.1)}{0.0.0.0:9876}
2023-08-23 10:50:50,208 [Time-limited test] INFO  server.session (HouseKeeper.java:stopScavenging(149)) - node0 Stopped scavenging
2023-08-23 10:50:50,209 [Time-limited test] INFO  handler.ContextHandler (ContextHandler.java:doStop(1159)) - Stopped o.e.j.s.ServletContextHandler@1901785f{static,/static,file:///home/runner/work/ozone/ozone/hadoop-ozone/integration-test/target/test-classes/webapps/static,STOPPED}
2023-08-23 10:50:50,209 [Time-limited test] INFO  handler.ContextHandler (ContextHandler.java:doStop(1159)) - Stopped o.e.j.s.ServletContextHandler@42179b83{logs,/logs,file:///home/runner/work/ozone/ozone/hadoop-ozone/integration-test/target/log,STOPPED}
2023-08-23 10:50:50,211 [Time-limited test] INFO  server.StorageContainerManager (StorageContainerManager.java:stop(1637)) - Stopping SCM LayoutVersionManager Service.
2023-08-23 10:50:50,212 [Time-limited test] INFO  server.SCMSecurityProtocolServer (SCMSecurityProtocolServer.java:stop(550)) - Stopping the SCMSecurityProtocolServer.
2023-08-23 10:50:50,212 [Time-limited test] INFO  ipc.Server (Server.java:stop(3523)) - Stopping server on 9961
2023-08-23 10:50:50,213 [IPC Server Responder] INFO  ipc.Server (Server.java:run(1567)) - Stopping IPC Server Responder
2023-08-23 10:50:50,213 [Time-limited test] INFO  server.SCMUpdateServiceGrpcServer (SCMUpdateServiceGrpcServer.java:stop(73)) - SCMUpdateService stopping
2023-08-23 10:50:50,213 [IPC Server listener on 9961] INFO  ipc.Server (Server.java:run(1434)) - Stopping IPC Server listener on 9961
2023-08-23 10:50:50,221 [Time-limited test] INFO  server.SCMUpdateServiceGrpcServer (SCMUpdateServiceGrpcServer.java:stop(85)) - SCMUpdateService stopped!
2023-08-23 10:50:50,221 [Time-limited test] INFO  server.StorageContainerManager (StorageContainerManager.java:stop(1649)) - Stopping Block Manager Service.
2023-08-23 10:50:50,222 [Time-limited test] INFO  utils.BackgroundService (BackgroundService.java:shutdown(141)) - Shutting down service SCMBlockDeletingService
2023-08-23 10:50:50,222 [Time-limited test] INFO  utils.BackgroundService (BackgroundService.java:shutdown(141)) - Shutting down service SCMBlockDeletingService
2023-08-23 10:50:50,222 [Time-limited test] INFO  server.StorageContainerManager (StorageContainerManager.java:stop(1669)) - Stopping SCM Event Queue.
2023-08-23 10:50:50,224 [JvmPauseMonitor0] INFO  util.JvmPauseMonitor (JvmPauseMonitor.java:run(109)) - JvmPauseMonitor-e8bb87f8-ddfb-4063-8fe7-af91bb78d0d2: Stopped
2023-08-23 10:50:50,224 [Time-limited test] INFO  server.StorageContainerManager (StorageContainerManager.java:stop(1680)) - Stopping SCM HA services.
2023-08-23 10:50:50,226 [Time-limited test] INFO  pipeline.BackgroundPipelineCreator (BackgroundPipelineCreator.java:stop(149)) - Stopping RatisPipelineUtilsThread.
2023-08-23 10:50:50,226 [RatisPipelineUtilsThread - 0] WARN  pipeline.BackgroundPipelineCreator (BackgroundPipelineCreator.java:run(180)) - RatisPipelineUtilsThread is interrupted.
2023-08-23 10:50:50,226 [Time-limited test] INFO  BackgroundPipelineScrubber (BackgroundSCMService.java:stop(131)) - Stopping BackgroundPipelineScrubber Service.
2023-08-23 10:50:50,227 [BackgroundPipelineScrubberThread] WARN  BackgroundPipelineScrubber (BackgroundSCMService.java:run(115)) - BackgroundPipelineScrubber is interrupted, exit
2023-08-23 10:50:50,227 [Time-limited test] INFO  impl.MetricsSystemImpl (MetricsSystemImpl.java:stop(210)) - Stopping StorageContainerManager metrics system...
2023-08-23 10:50:50,228 [prometheus] INFO  impl.MetricsSinkAdapter (MetricsSinkAdapter.java:publishMetricsFromQueue(141)) - prometheus thread interrupted.
2023-08-23 10:50:50,229 [Time-limited test] INFO  impl.MetricsSystemImpl (MetricsSystemImpl.java:stop(216)) - StorageContainerManager metrics system stopped.
2023-08-23 10:50:50,229 [Time-limited test] WARN  pipeline.BackgroundPipelineCreator (BackgroundPipelineCreator.java:stop(145)) - RatisPipelineUtilsThread is not running, just ignore.
2023-08-23 10:50:50,229 [Time-limited test] INFO  BackgroundPipelineScrubber (BackgroundSCMService.java:stop(126)) - BackgroundPipelineScrubber Service is not running, skip stop.
2023-08-23 10:50:50,229 [Time-limited test] INFO  ExpiredContainerReplicaOpScrubber (BackgroundSCMService.java:stop(131)) - Stopping ExpiredContainerReplicaOpScrubber Service.
2023-08-23 10:50:50,229 [ExpiredContainerReplicaOpScrubberThread] WARN  ExpiredContainerReplicaOpScrubber (BackgroundSCMService.java:run(115)) - ExpiredContainerReplicaOpScrubber is interrupted, exit
2023-08-23 10:50:50,230 [Time-limited test] INFO  utils.BackgroundService (BackgroundService.java:shutdown(141)) - Shutting down service SCMBlockDeletingService
2023-08-23 10:50:50,230 [Time-limited test] INFO  replication.ReplicationManager (ReplicationManager.java:stop(329)) - Replication Monitor Thread is not running.
2023-08-23 10:50:50,230 [Time-limited test] WARN  balancer.ContainerBalancer (ContainerBalancer.java:stop(326)) - Cannot stop Container Balancer because it's not running or stopping
2023-08-23 10:50:50,231 [Time-limited test] INFO  server.StorageContainerManager (StorageContainerManager.java:stop(1715)) - Stopping SCM MetadataStore.
2023-08-23 10:50:50,239 [Time-limited test] INFO  impl.DefaultInternalKdcServerImpl (DefaultInternalKdcServerImpl.java:doStop(102)) - Default Internal kdc server stopped.
2023-08-23 10:50:51,240 [Time-limited test] INFO  minikdc.MiniKdc (MiniKdc.java:stop(359)) - MiniKdc stopped.
2023-08-23 10:50:51,240 [Time-limited test] INFO  server.StorageContainerManager (StorageContainerManager.java:stop(1580)) - Storage Container Manager is not running.
2023-08-23 10:50:51,240 [Time-limited test] INFO  server.StorageContainerManager (StorageContainerManager.java:stopReplicationManager(1724)) - Stopping Replication Manager Service.
2023-08-23 10:50:51,240 [Time-limited test] INFO  replication.ReplicationManager (ReplicationManager.java:stop(329)) - Replication Monitor Thread is not running.
2023-08-23 10:50:51,240 [Time-limited test] INFO  server.SCMSecurityProtocolServer (SCMSecurityProtocolServer.java:join(560)) - Join RPC server for SCMSecurityProtocolServer.
2023-08-23 10:50:51,240 [Time-limited test] INFO  server.SCMSecurityProtocolServer (SCMSecurityProtocolServer.java:join(562)) - Join gRPC server for SCMSecurityProtocolServer.
]]></system-out>
  </testcase>
  <testcase name="testSecureOmReInit" classname="org.apache.hadoop.ozone.TestSecureOzoneCluster" time="11.573">
    <system-out><![CDATA[2023-08-23 10:50:51,264 [Time-limited test] INFO  net.ServerSocketUtil (ServerSocketUtil.java:getPort(55)) - Using port 9860
2023-08-23 10:50:51,264 [Time-limited test] INFO  net.ServerSocketUtil (ServerSocketUtil.java:getPort(55)) - Using port 9861
2023-08-23 10:50:51,264 [Time-limited test] INFO  net.ServerSocketUtil (ServerSocketUtil.java:getPort(55)) - Using port 9863
2023-08-23 10:50:51,264 [Time-limited test] INFO  net.ServerSocketUtil (ServerSocketUtil.java:getPort(55)) - Using port 9961
2023-08-23 10:50:51,264 [Time-limited test] INFO  net.ServerSocketUtil (ServerSocketUtil.java:getPort(55)) - Using port 1200
2023-08-23 10:50:51,264 [Time-limited test] INFO  net.ServerSocketUtil (ServerSocketUtil.java:getPort(55)) - Using port 1201
2023-08-23 10:50:51,265 [Time-limited test] INFO  minikdc.MiniKdc (MiniKdc.java:<init>(225)) - Configuration:
2023-08-23 10:50:51,265 [Time-limited test] INFO  minikdc.MiniKdc (MiniKdc.java:<init>(226)) - ---------------------------------------------------------------
2023-08-23 10:50:51,265 [Time-limited test] INFO  minikdc.MiniKdc (MiniKdc.java:<init>(228)) -   debug: false
2023-08-23 10:50:51,265 [Time-limited test] INFO  minikdc.MiniKdc (MiniKdc.java:<init>(228)) -   transport: TCP
2023-08-23 10:50:51,265 [Time-limited test] INFO  minikdc.MiniKdc (MiniKdc.java:<init>(228)) -   max.ticket.lifetime: 86400000
2023-08-23 10:50:51,265 [Time-limited test] INFO  minikdc.MiniKdc (MiniKdc.java:<init>(228)) -   org.name: EXAMPLE
2023-08-23 10:50:51,265 [Time-limited test] INFO  minikdc.MiniKdc (MiniKdc.java:<init>(228)) -   kdc.port: 0
2023-08-23 10:50:51,265 [Time-limited test] INFO  minikdc.MiniKdc (MiniKdc.java:<init>(228)) -   org.domain: COM
2023-08-23 10:50:51,265 [Time-limited test] INFO  minikdc.MiniKdc (MiniKdc.java:<init>(228)) -   max.renewable.lifetime: 604800000
2023-08-23 10:50:51,265 [Time-limited test] INFO  minikdc.MiniKdc (MiniKdc.java:<init>(228)) -   instance: DefaultKrbServer
2023-08-23 10:50:51,265 [Time-limited test] INFO  minikdc.MiniKdc (MiniKdc.java:<init>(228)) -   kdc.bind.address: localhost
2023-08-23 10:50:51,266 [Time-limited test] INFO  minikdc.MiniKdc (MiniKdc.java:<init>(230)) - ---------------------------------------------------------------
2023-08-23 10:50:51,268 [Time-limited test] INFO  minikdc.MiniKdc (MiniKdc.java:start(285)) - MiniKdc started.
2023-08-23 10:50:51,446 [Time-limited test] INFO  om.OzoneManager (OzoneManager.java:getOmDetailsProto(4552)) - OzoneManager ports added:[name: "RPC"
value: 1202
]
2023-08-23 10:50:51,448 [Time-limited test] WARN  server.ServerUtils (ServerUtils.java:getScmDbDir(155)) - ozone.scm.db.dirs is not configured. We recommend adding this setting. Falling back to ozone.metadata.dirs instead.
2023-08-23 10:50:51,451 [Time-limited test] INFO  ha.HASecurityUtils (HASecurityUtils.java:initializeSecurity(98)) - Initializing secure StorageContainerManager.
2023-08-23 10:50:51,454 [Time-limited test] INFO  client.SCMCertificateClient (DefaultCertificateClient.java:updateCertSerialId(1244)) - Certificate serial ID set to null
2023-08-23 10:50:51,454 [Time-limited test] ERROR client.SCMCertificateClient (DefaultCertificateClient.java:getCertPath(362)) - Default certificate serial id is not set. Can't locate the default certificate for this client.
2023-08-23 10:50:51,455 [Time-limited test] INFO  client.SCMCertificateClient (DefaultCertificateClient.java:init(715)) - Certificate client init case: 0
2023-08-23 10:50:51,455 [Time-limited test] INFO  client.SCMCertificateClient (SCMCertificateClient.java:handleCase(103)) - Creating keypair for client as keypair and certificate not found.
2023-08-23 10:50:51,541 [Time-limited test] INFO  ha.HASecurityUtils (HASecurityUtils.java:initializeSecurity(108)) - Init response: GETCERT
2023-08-23 10:50:51,591 [Time-limited test] INFO  ozone.OzoneSecurityUtil (OzoneSecurityUtil.java:getValidInetsForCurrentHost(119)) - ip:fe80:0:0:0:20d:3aff:fe5a:f85d%eth0 not returned.
2023-08-23 10:50:51,591 [Time-limited test] INFO  ozone.OzoneSecurityUtil (OzoneSecurityUtil.java:getValidInetsForCurrentHost(116)) - Adding ip:10.1.0.17,host:fv-az573-639
2023-08-23 10:50:51,591 [Time-limited test] INFO  ozone.OzoneSecurityUtil (OzoneSecurityUtil.java:getValidInetsForCurrentHost(119)) - ip:0:0:0:0:0:0:0:1%lo not returned.
2023-08-23 10:50:51,591 [Time-limited test] INFO  ozone.OzoneSecurityUtil (OzoneSecurityUtil.java:getValidInetsForCurrentHost(119)) - ip:127.0.0.1 not returned.
2023-08-23 10:50:51,591 [Time-limited test] ERROR utils.SelfSignedCertificate (SelfSignedCertificate.java:lambda$addInetAddresses$0(244)) - Invalid domain fv-az573-639
2023-08-23 10:50:51,595 [Time-limited test] INFO  utils.SelfSignedCertificate (SelfSignedCertificate.java:generateCertificate(157)) - Certificate 1 is issued by CN=scm-1@fv-az573-639,OU=cfe7def6-8c13-4f41-b41a-0fabba79f0c2,O=66cd2516-9607-4b16-8c5f-51b4da98e786 to CN=scm-1@fv-az573-639,OU=cfe7def6-8c13-4f41-b41a-0fabba79f0c2,O=66cd2516-9607-4b16-8c5f-51b4da98e786, valid from Wed Aug 23 10:50:51 UTC 2023 to Sat Sep 30 10:50:51 UTC 2028
2023-08-23 10:50:51,597 [Time-limited test] INFO  utils.CertificateCodec (CertificateCodec.java:writeCertificate(299)) - Save certificate to /tmp/junit874119840371964493/junit1390659318724261066/scm-meta/scm/ca/certs/certificate.crt
2023-08-23 10:50:51,597 [Time-limited test] INFO  utils.CertificateCodec (CertificateCodec.java:writeCertificate(300)) - Certificate -----BEGIN CERTIFICATE-----
MIIDpTCCAo2gAwIBAgIBATANBgkqhkiG9w0BAQsFADB7MRswGQYDVQQDDBJzY20t
MUBmdi1hejU3My02MzkxLTArBgNVBAsMJGNmZTdkZWY2LThjMTMtNGY0MS1iNDFh
LTBmYWJiYTc5ZjBjMjEtMCsGA1UECgwkNjZjZDI1MTYtOTYwNy00YjE2LThjNWYt
NTFiNGRhOThlNzg2MB4XDTIzMDgyMzEwNTA1MVoXDTI4MDkzMDEwNTA1MVowezEb
MBkGA1UEAwwSc2NtLTFAZnYtYXo1NzMtNjM5MS0wKwYDVQQLDCRjZmU3ZGVmNi04
YzEzLTRmNDEtYjQxYS0wZmFiYmE3OWYwYzIxLTArBgNVBAoMJDY2Y2QyNTE2LTk2
MDctNGIxNi04YzVmLTUxYjRkYTk4ZTc4NjCCASIwDQYJKoZIhvcNAQEBBQADggEP
ADCCAQoCggEBAJgyQqCkC5eXRf2I5vEZCJNfEZO8NnFj6Yzy8rrjWQW5zw5l9hrk
OihMe4tMoPsFgdpUC/Ck0AyxM8TI/teh2bpXzgJ4u+STops13O4erz+mQDaMgtcf
1zH8aVvTF3ST7N5KmtHcjfnmuJNOHuPttudsk2POnNgI/sha+Ld0ji90DvjH3hn4
Y+hKh41YwBOVADrpo28/Vl+zT+jR+spjJ6oHR5IQFzuAOnTp81/r9lQWVj4VIU+H
AhPJiFSODLFbUfZAfJ5NnP8083BUiLEslEQn05Vfb0Tzv8/fdWz67nEQaCGoLCQK
DZAW4zdIsVtwkZFMInWXgvbGOINy5x4yDvsCAwEAAaM0MDIwDwYDVR0TAQH/BAUw
AwEB/zAOBgNVHQ8BAf8EBAMCAQYwDwYDVR0RBAgwBocECgEAETANBgkqhkiG9w0B
AQsFAAOCAQEAbf3DCENPMfd97waWUIMRiiudhYWFLXlqS1fIc23n0U4VuiHcHupF
0gtvgm+GD+Ql6xe+W3rr0IqKaRAAuV11nQXuNa3skisCH+f83bMKImahBTj1LOMO
Igc7g7DX5YyVzdsN7YJVXmnsfowmxeo04+OPuuW8iXyzenAIoHNCBODMLMTCVRUh
sKkxrhCCsJZYSaG91v2kMlKPCrZIDld7R4jCTpKrl4yyGzsNcPxMZ7G63gi6rfz/
ckfBc0qizKBDwi8ejaTJXS7I+WpCwkx2BhndgNlIM7RHyZmHkcT3X9JcXOi4U/Bc
vXOfvdA+uKX1/88BjiXUZQe+eaFdFZ0iyg==
-----END CERTIFICATE-----

2023-08-23 10:50:51,598 [Time-limited test] INFO  client.SCMCertificateClient (SCMCertificateClient.java:getCSRBuilder(165)) - Creating csr for SCM->hostName:fv-az573-639,scmId:cfe7def6-8c13-4f41-b41a-0fabba79f0c2,clusterId:66cd2516-9607-4b16-8c5f-51b4da98e786,subject:scm-sub-1536971208492@fv-az573-639
2023-08-23 10:50:51,598 [Time-limited test] INFO  ozone.OzoneSecurityUtil (OzoneSecurityUtil.java:getValidInetsForCurrentHost(119)) - ip:fe80:0:0:0:20d:3aff:fe5a:f85d%eth0 not returned.
2023-08-23 10:50:51,598 [Time-limited test] INFO  ozone.OzoneSecurityUtil (OzoneSecurityUtil.java:getValidInetsForCurrentHost(116)) - Adding ip:10.1.0.17,host:fv-az573-639
2023-08-23 10:50:51,598 [Time-limited test] INFO  ozone.OzoneSecurityUtil (OzoneSecurityUtil.java:getValidInetsForCurrentHost(119)) - ip:0:0:0:0:0:0:0:1%lo not returned.
2023-08-23 10:50:51,598 [Time-limited test] INFO  ozone.OzoneSecurityUtil (OzoneSecurityUtil.java:getValidInetsForCurrentHost(119)) - ip:127.0.0.1 not returned.
2023-08-23 10:50:51,598 [Time-limited test] ERROR utils.CertificateSignRequest (CertificateSignRequest.java:lambda$addInetAddresses$0(295)) - Invalid domain fv-az573-639
2023-08-23 10:50:51,598 [Time-limited test] INFO  ha.HASecurityUtils (HASecurityUtils.java:generateCSR(308)) - Creating csr for SCM->hostName:fv-az573-639,scmId:cfe7def6-8c13-4f41-b41a-0fabba79f0c2,clusterId:66cd2516-9607-4b16-8c5f-51b4da98e786,subject:scm-sub-1536972085403@fv-az573-639
2023-08-23 10:50:51,603 [Time-limited test] INFO  authority.DefaultApprover (DefaultApprover.java:sign(154)) - Extensions in CSR: 2.5.29.19, 2.5.29.15, 2.5.29.17
2023-08-23 10:50:51,603 [Time-limited test] INFO  authority.DefaultApprover (DefaultApprover.java:sign(158)) - Extensions to add to the certificate if they present in CSR: 2.5.29.17, 2.5.29.19, 1.3.6.1.5.5.7.1.12, 2.5.29.35, 2.5.29.37, 2.5.29.15
2023-08-23 10:50:51,608 [Time-limited test] INFO  utils.CertificateCodec (CertificateCodec.java:writeCertificate(299)) - Save certificate to /tmp/junit874119840371964493/junit1390659318724261066/scm-meta/scm/sub-ca/certs/CA-1.crt
2023-08-23 10:50:51,608 [Time-limited test] INFO  utils.CertificateCodec (CertificateCodec.java:writeCertificate(300)) - Certificate -----BEGIN CERTIFICATE-----
MIIDpTCCAo2gAwIBAgIBATANBgkqhkiG9w0BAQsFADB7MRswGQYDVQQDDBJzY20t
MUBmdi1hejU3My02MzkxLTArBgNVBAsMJGNmZTdkZWY2LThjMTMtNGY0MS1iNDFh
LTBmYWJiYTc5ZjBjMjEtMCsGA1UECgwkNjZjZDI1MTYtOTYwNy00YjE2LThjNWYt
NTFiNGRhOThlNzg2MB4XDTIzMDgyMzEwNTA1MVoXDTI4MDkzMDEwNTA1MVowezEb
MBkGA1UEAwwSc2NtLTFAZnYtYXo1NzMtNjM5MS0wKwYDVQQLDCRjZmU3ZGVmNi04
YzEzLTRmNDEtYjQxYS0wZmFiYmE3OWYwYzIxLTArBgNVBAoMJDY2Y2QyNTE2LTk2
MDctNGIxNi04YzVmLTUxYjRkYTk4ZTc4NjCCASIwDQYJKoZIhvcNAQEBBQADggEP
ADCCAQoCggEBAJgyQqCkC5eXRf2I5vEZCJNfEZO8NnFj6Yzy8rrjWQW5zw5l9hrk
OihMe4tMoPsFgdpUC/Ck0AyxM8TI/teh2bpXzgJ4u+STops13O4erz+mQDaMgtcf
1zH8aVvTF3ST7N5KmtHcjfnmuJNOHuPttudsk2POnNgI/sha+Ld0ji90DvjH3hn4
Y+hKh41YwBOVADrpo28/Vl+zT+jR+spjJ6oHR5IQFzuAOnTp81/r9lQWVj4VIU+H
AhPJiFSODLFbUfZAfJ5NnP8083BUiLEslEQn05Vfb0Tzv8/fdWz67nEQaCGoLCQK
DZAW4zdIsVtwkZFMInWXgvbGOINy5x4yDvsCAwEAAaM0MDIwDwYDVR0TAQH/BAUw
AwEB/zAOBgNVHQ8BAf8EBAMCAQYwDwYDVR0RBAgwBocECgEAETANBgkqhkiG9w0B
AQsFAAOCAQEAbf3DCENPMfd97waWUIMRiiudhYWFLXlqS1fIc23n0U4VuiHcHupF
0gtvgm+GD+Ql6xe+W3rr0IqKaRAAuV11nQXuNa3skisCH+f83bMKImahBTj1LOMO
Igc7g7DX5YyVzdsN7YJVXmnsfowmxeo04+OPuuW8iXyzenAIoHNCBODMLMTCVRUh
sKkxrhCCsJZYSaG91v2kMlKPCrZIDld7R4jCTpKrl4yyGzsNcPxMZ7G63gi6rfz/
ckfBc0qizKBDwi8ejaTJXS7I+WpCwkx2BhndgNlIM7RHyZmHkcT3X9JcXOi4U/Bc
vXOfvdA+uKX1/88BjiXUZQe+eaFdFZ0iyg==
-----END CERTIFICATE-----

2023-08-23 10:50:51,609 [Time-limited test] INFO  utils.CertificateCodec (CertificateCodec.java:writeCertificate(299)) - Save certificate to /tmp/junit874119840371964493/junit1390659318724261066/scm-meta/scm/sub-ca/certs/1536976341555.crt
2023-08-23 10:50:51,609 [Time-limited test] INFO  utils.CertificateCodec (CertificateCodec.java:writeCertificate(300)) - Certificate -----BEGIN CERTIFICATE-----
MIIDuzCCAqOgAwIBAgIGAWXa7cozMA0GCSqGSIb3DQEBCwUAMHsxGzAZBgNVBAMM
EnNjbS0xQGZ2LWF6NTczLTYzOTEtMCsGA1UECwwkY2ZlN2RlZjYtOGMxMy00ZjQx
LWI0MWEtMGZhYmJhNzlmMGMyMS0wKwYDVQQKDCQ2NmNkMjUxNi05NjA3LTRiMTYt
OGM1Zi01MWI0ZGE5OGU3ODYwHhcNMjMwODIzMTA1MDUxWhcNMjgwOTMwMTA1MDUx
WjCBizErMCkGA1UEAwwic2NtLXN1Yi0xNTM2OTcyMDg1NDAzQGZ2LWF6NTczLTYz
OTEtMCsGA1UECwwkY2ZlN2RlZjYtOGMxMy00ZjQxLWI0MWEtMGZhYmJhNzlmMGMy
MS0wKwYDVQQKDCQ2NmNkMjUxNi05NjA3LTRiMTYtOGM1Zi01MWI0ZGE5OGU3ODYw
ggEiMA0GCSqGSIb3DQEBAQUAA4IBDwAwggEKAoIBAQCc4qy/a3pNtrKssrIWe4Sb
nbESLiiVyK3Actd2e5qrGEbS4RvZbJ+xDbtNEOAr+wyXM6FV1Eaj35tTunusnNpX
ik7jUdVYRx8OXocIeZFFWHwjRRzosYaQ8h0OQZP/HCWwY6l/TFyEh/Kv+opN1OoF
1LDrAEbiGW02l4PVcAwyZCBA3gPyuQbPyp6+gWy8tMLoTeEFsNITdzYODik+n0lX
T3nVftCa8BKrjnqKRb92LUu64egxLBD9ZHpBQ0q300MbMc6POy7prhhcTJddEvbg
EC599oqUVJrtzYZmBoS3qwvmOiBkHRI33DAMML1uusPOu37JrjMGL7KOi6tJmzJT
AgMBAAGjNDAyMA8GA1UdEQQIMAaHBAoBABEwDwYDVR0TAQH/BAUwAwEB/zAOBgNV
HQ8BAf8EBAMCAb4wDQYJKoZIhvcNAQELBQADggEBAAdalvLeC5yhIokhyJcHuKnu
oxdHmCVlALQS3hvdOIdQbD2MN9RIpLXTMwyM1OyJ23XRQh/hjNUjUTIYJPHgocG0
2/hSaVWv2l0RKGQmO2VRLJjzA2b1pB0tFN1tR9o4uYsGu10VPZFExNpqHjBu7cDw
CEhkOMQafM2rDePJnuGIPEX/7ZQtLO9tVkIPx8TBPHL87E/vOnYsAw70P+K6jHJn
e1bhOXvwa5LJB0n5VB3WpmtWQ+2WN6SIzWMaTNAb5RtzKHWZhxlZunW9jVVWh+76
pVKXtyq//nSk+fo/j4ExwaPfnIjLHE5M+DAGKKlly083R6sjAM8Le4LR60GRfxI=
-----END CERTIFICATE-----

-----BEGIN CERTIFICATE-----
MIIDpTCCAo2gAwIBAgIBATANBgkqhkiG9w0BAQsFADB7MRswGQYDVQQDDBJzY20t
MUBmdi1hejU3My02MzkxLTArBgNVBAsMJGNmZTdkZWY2LThjMTMtNGY0MS1iNDFh
LTBmYWJiYTc5ZjBjMjEtMCsGA1UECgwkNjZjZDI1MTYtOTYwNy00YjE2LThjNWYt
NTFiNGRhOThlNzg2MB4XDTIzMDgyMzEwNTA1MVoXDTI4MDkzMDEwNTA1MVowezEb
MBkGA1UEAwwSc2NtLTFAZnYtYXo1NzMtNjM5MS0wKwYDVQQLDCRjZmU3ZGVmNi04
YzEzLTRmNDEtYjQxYS0wZmFiYmE3OWYwYzIxLTArBgNVBAoMJDY2Y2QyNTE2LTk2
MDctNGIxNi04YzVmLTUxYjRkYTk4ZTc4NjCCASIwDQYJKoZIhvcNAQEBBQADggEP
ADCCAQoCggEBAJgyQqCkC5eXRf2I5vEZCJNfEZO8NnFj6Yzy8rrjWQW5zw5l9hrk
OihMe4tMoPsFgdpUC/Ck0AyxM8TI/teh2bpXzgJ4u+STops13O4erz+mQDaMgtcf
1zH8aVvTF3ST7N5KmtHcjfnmuJNOHuPttudsk2POnNgI/sha+Ld0ji90DvjH3hn4
Y+hKh41YwBOVADrpo28/Vl+zT+jR+spjJ6oHR5IQFzuAOnTp81/r9lQWVj4VIU+H
AhPJiFSODLFbUfZAfJ5NnP8083BUiLEslEQn05Vfb0Tzv8/fdWz67nEQaCGoLCQK
DZAW4zdIsVtwkZFMInWXgvbGOINy5x4yDvsCAwEAAaM0MDIwDwYDVR0TAQH/BAUw
AwEB/zAOBgNVHQ8BAf8EBAMCAQYwDwYDVR0RBAgwBocECgEAETANBgkqhkiG9w0B
AQsFAAOCAQEAbf3DCENPMfd97waWUIMRiiudhYWFLXlqS1fIc23n0U4VuiHcHupF
0gtvgm+GD+Ql6xe+W3rr0IqKaRAAuV11nQXuNa3skisCH+f83bMKImahBTj1LOMO
Igc7g7DX5YyVzdsN7YJVXmnsfowmxeo04+OPuuW8iXyzenAIoHNCBODMLMTCVRUh
sKkxrhCCsJZYSaG91v2kMlKPCrZIDld7R4jCTpKrl4yyGzsNcPxMZ7G63gi6rfz/
ckfBc0qizKBDwi8ejaTJXS7I+WpCwkx2BhndgNlIM7RHyZmHkcT3X9JcXOi4U/Bc
vXOfvdA+uKX1/88BjiXUZQe+eaFdFZ0iyg==
-----END CERTIFICATE-----

2023-08-23 10:50:51,609 [Time-limited test] INFO  utils.CertificateCodec (CertificateCodec.java:writeCertificate(299)) - Save certificate to /tmp/junit874119840371964493/junit1390659318724261066/scm-meta/scm/sub-ca/certs/certificate.crt
2023-08-23 10:50:51,609 [Time-limited test] INFO  utils.CertificateCodec (CertificateCodec.java:writeCertificate(300)) - Certificate -----BEGIN CERTIFICATE-----
MIIDuzCCAqOgAwIBAgIGAWXa7cozMA0GCSqGSIb3DQEBCwUAMHsxGzAZBgNVBAMM
EnNjbS0xQGZ2LWF6NTczLTYzOTEtMCsGA1UECwwkY2ZlN2RlZjYtOGMxMy00ZjQx
LWI0MWEtMGZhYmJhNzlmMGMyMS0wKwYDVQQKDCQ2NmNkMjUxNi05NjA3LTRiMTYt
OGM1Zi01MWI0ZGE5OGU3ODYwHhcNMjMwODIzMTA1MDUxWhcNMjgwOTMwMTA1MDUx
WjCBizErMCkGA1UEAwwic2NtLXN1Yi0xNTM2OTcyMDg1NDAzQGZ2LWF6NTczLTYz
OTEtMCsGA1UECwwkY2ZlN2RlZjYtOGMxMy00ZjQxLWI0MWEtMGZhYmJhNzlmMGMy
MS0wKwYDVQQKDCQ2NmNkMjUxNi05NjA3LTRiMTYtOGM1Zi01MWI0ZGE5OGU3ODYw
ggEiMA0GCSqGSIb3DQEBAQUAA4IBDwAwggEKAoIBAQCc4qy/a3pNtrKssrIWe4Sb
nbESLiiVyK3Actd2e5qrGEbS4RvZbJ+xDbtNEOAr+wyXM6FV1Eaj35tTunusnNpX
ik7jUdVYRx8OXocIeZFFWHwjRRzosYaQ8h0OQZP/HCWwY6l/TFyEh/Kv+opN1OoF
1LDrAEbiGW02l4PVcAwyZCBA3gPyuQbPyp6+gWy8tMLoTeEFsNITdzYODik+n0lX
T3nVftCa8BKrjnqKRb92LUu64egxLBD9ZHpBQ0q300MbMc6POy7prhhcTJddEvbg
EC599oqUVJrtzYZmBoS3qwvmOiBkHRI33DAMML1uusPOu37JrjMGL7KOi6tJmzJT
AgMBAAGjNDAyMA8GA1UdEQQIMAaHBAoBABEwDwYDVR0TAQH/BAUwAwEB/zAOBgNV
HQ8BAf8EBAMCAb4wDQYJKoZIhvcNAQELBQADggEBAAdalvLeC5yhIokhyJcHuKnu
oxdHmCVlALQS3hvdOIdQbD2MN9RIpLXTMwyM1OyJ23XRQh/hjNUjUTIYJPHgocG0
2/hSaVWv2l0RKGQmO2VRLJjzA2b1pB0tFN1tR9o4uYsGu10VPZFExNpqHjBu7cDw
CEhkOMQafM2rDePJnuGIPEX/7ZQtLO9tVkIPx8TBPHL87E/vOnYsAw70P+K6jHJn
e1bhOXvwa5LJB0n5VB3WpmtWQ+2WN6SIzWMaTNAb5RtzKHWZhxlZunW9jVVWh+76
pVKXtyq//nSk+fo/j4ExwaPfnIjLHE5M+DAGKKlly083R6sjAM8Le4LR60GRfxI=
-----END CERTIFICATE-----

-----BEGIN CERTIFICATE-----
MIIDpTCCAo2gAwIBAgIBATANBgkqhkiG9w0BAQsFADB7MRswGQYDVQQDDBJzY20t
MUBmdi1hejU3My02MzkxLTArBgNVBAsMJGNmZTdkZWY2LThjMTMtNGY0MS1iNDFh
LTBmYWJiYTc5ZjBjMjEtMCsGA1UECgwkNjZjZDI1MTYtOTYwNy00YjE2LThjNWYt
NTFiNGRhOThlNzg2MB4XDTIzMDgyMzEwNTA1MVoXDTI4MDkzMDEwNTA1MVowezEb
MBkGA1UEAwwSc2NtLTFAZnYtYXo1NzMtNjM5MS0wKwYDVQQLDCRjZmU3ZGVmNi04
YzEzLTRmNDEtYjQxYS0wZmFiYmE3OWYwYzIxLTArBgNVBAoMJDY2Y2QyNTE2LTk2
MDctNGIxNi04YzVmLTUxYjRkYTk4ZTc4NjCCASIwDQYJKoZIhvcNAQEBBQADggEP
ADCCAQoCggEBAJgyQqCkC5eXRf2I5vEZCJNfEZO8NnFj6Yzy8rrjWQW5zw5l9hrk
OihMe4tMoPsFgdpUC/Ck0AyxM8TI/teh2bpXzgJ4u+STops13O4erz+mQDaMgtcf
1zH8aVvTF3ST7N5KmtHcjfnmuJNOHuPttudsk2POnNgI/sha+Ld0ji90DvjH3hn4
Y+hKh41YwBOVADrpo28/Vl+zT+jR+spjJ6oHR5IQFzuAOnTp81/r9lQWVj4VIU+H
AhPJiFSODLFbUfZAfJ5NnP8083BUiLEslEQn05Vfb0Tzv8/fdWz67nEQaCGoLCQK
DZAW4zdIsVtwkZFMInWXgvbGOINy5x4yDvsCAwEAAaM0MDIwDwYDVR0TAQH/BAUw
AwEB/zAOBgNVHQ8BAf8EBAMCAQYwDwYDVR0RBAgwBocECgEAETANBgkqhkiG9w0B
AQsFAAOCAQEAbf3DCENPMfd97waWUIMRiiudhYWFLXlqS1fIc23n0U4VuiHcHupF
0gtvgm+GD+Ql6xe+W3rr0IqKaRAAuV11nQXuNa3skisCH+f83bMKImahBTj1LOMO
Igc7g7DX5YyVzdsN7YJVXmnsfowmxeo04+OPuuW8iXyzenAIoHNCBODMLMTCVRUh
sKkxrhCCsJZYSaG91v2kMlKPCrZIDld7R4jCTpKrl4yyGzsNcPxMZ7G63gi6rfz/
ckfBc0qizKBDwi8ejaTJXS7I+WpCwkx2BhndgNlIM7RHyZmHkcT3X9JcXOi4U/Bc
vXOfvdA+uKX1/88BjiXUZQe+eaFdFZ0iyg==
-----END CERTIFICATE-----

2023-08-23 10:50:51,609 [Time-limited test] INFO  ha.HASecurityUtils (HASecurityUtils.java:initializeSecurity(121)) - Successfully stored SCM signed certificate.
2023-08-23 10:50:51,612 [Time-limited test] WARN  server.ServerUtils (ServerUtils.java:getScmDbDir(155)) - ozone.scm.db.dirs is not configured. We recommend adding this setting. Falling back to ozone.metadata.dirs instead.
2023-08-23 10:50:51,613 [Time-limited test] INFO  ha.SCMHANodeDetails (SCMHANodeDetails.java:loadSCMHAConfig(210)) - ServiceID for StorageContainerManager is null
2023-08-23 10:50:51,613 [Time-limited test] INFO  ha.SCMHANodeDetails (SCMHANodeDetails.java:loadSCMHAConfig(215)) - ozone.scm.default.service.id is not defined, falling back to ozone.scm.service.ids to find serviceID for StorageContainerManager if it is HA enabled cluster
2023-08-23 10:50:51,620 [pool-40-thread-1] INFO  request.KdcRequest (KdcRequest.java:preauth(651)) - The preauth data is empty.
2023-08-23 10:50:51,621 [pool-40-thread-1] INFO  server.KdcHandler (KdcHandler.java:handleRecoverableException(177)) - KRB error occurred while processing request:Additional pre-authentication required
2023-08-23 10:50:51,627 [pool-40-thread-1] INFO  request.AsRequest (AsRequest.java:issueTicket(112)) - AS_REQ ISSUE: authtime 1692787851627,scm/fv-az573-639@EXAMPLE.COM for krbtgt/EXAMPLE.COM@EXAMPLE.COM
2023-08-23 10:50:51,629 [Time-limited test] INFO  security.UserGroupInformation (UserGroupInformation.java:loginUserFromKeytab(1132)) - Login successful for user scm/fv-az573-639@EXAMPLE.COM using keytab file scm.keytab. Keytab auto renewal enabled : false
2023-08-23 10:50:51,629 [Time-limited test] INFO  server.StorageContainerManager (StorageContainerManager.java:loginAsSCMUserIfSecurityEnabled(1042)) - SCM login successful.
2023-08-23 10:50:51,633 [Time-limited test] INFO  client.SCMCertificateClient (DefaultCertificateClient.java:updateCertSerialId(1244)) - Certificate serial ID set to 1536976341555
2023-08-23 10:50:51,635 [Time-limited test] INFO  client.SCMCertificateClient (DefaultCertificateClient.java:readCertificateFile(237)) - Added certificate   [0]         Version: 3
         SerialNumber: 1536976341555
             IssuerDN: CN=scm-1@fv-az573-639,OU=cfe7def6-8c13-4f41-b41a-0fabba79f0c2,O=66cd2516-9607-4b16-8c5f-51b4da98e786
           Start Date: Wed Aug 23 10:50:51 UTC 2023
           Final Date: Sat Sep 30 10:50:51 UTC 2028
            SubjectDN: CN=scm-sub-1536972085403@fv-az573-639,OU=cfe7def6-8c13-4f41-b41a-0fabba79f0c2,O=66cd2516-9607-4b16-8c5f-51b4da98e786
           Public Key: RSA Public Key [9a:15:e7:5c:73:fe:79:cd:7f:42:d0:23:a9:62:ad:49:15:41:59:50],[56:66:d1:a4]
        modulus: 9ce2acbf6b7a4db6b2acb2b2167b849b9db1122e2895c8adc072d7767b9aab1846d2e11bd96c9fb10dbb4d10e02bfb0c9733a155d446a3df9b53ba7bac9cda578a4ee351d558471f0e5e8708799145587c23451ce8b18690f21d0e4193ff1c25b063a97f4c5c8487f2affa8a4dd4ea05d4b0eb0046e2196d369783d5700c32642040de03f2b906cfca9ebe816cbcb4c2e84de105b0d21377360e0e293e9f49574f79d57ed09af012ab8e7a8a45bf762d4bbae1e8312c10fd647a41434ab7d3431b31ce8f3b2ee9ae185c4c975d12f6e0102e7df68a94549aedcd86660684b7ab0be63a20641d1237dc300c30bd6ebac3cebb7ec9ae33062fb28e8bab499b3253
public exponent: 10001

  Signature Algorithm: SHA256WITHRSA
            Signature: 075a96f2de0b9ca1228921c89707b8a9eea31747
                       98256500b412de1bdd3887506c3d8c37d448a4b5
                       d3330c8cd4ec89db75d1421fe18cd52351321824
                       f1e0a1c1b4dbf8526955afda5d112864263b6551
                       2c98f30366f5a41d2d14dd6d47da38b98b06bb5d
                       153d9144c4da6a1e306eedc0f008486438c41a7c
                       cdab0de3c99ee1883c45ffed942d2cef6d56420f
                       c7c4c13c72fcec4fef3a762c030ef43fe2ba8c72
                       677b56e1397bf06b92c90749f9541dd6a66b5643
                       ed9637a488cd631a4cd01be51b73287599871959
                       ba75bd8d555687eefaa55297b72abffe74a4f9fa
                       3f8f8131c1a3df9c88cb1c4e4cf8300628a965cb
                       4f3747ab2300cf0b7b82d1eb41917f12
       Extensions: 
                       critical(false) 2.5.29.17 value = Sequence
    Tagged [7] IMPLICIT 
        DER Octet String[4] 

                       critical(true) BasicConstraints: isCa(true)
                       critical(true) KeyUsage: 0xbe
 from file: /tmp/junit874119840371964493/junit1390659318724261066/scm-meta/scm/sub-ca/certs/1536976341555.crt.
2023-08-23 10:50:51,637 [Time-limited test] INFO  client.SCMCertificateClient (DefaultCertificateClient.java:readCertificateFile(237)) - Added certificate   [0]         Version: 3
         SerialNumber: 1
             IssuerDN: CN=scm-1@fv-az573-639,OU=cfe7def6-8c13-4f41-b41a-0fabba79f0c2,O=66cd2516-9607-4b16-8c5f-51b4da98e786
           Start Date: Wed Aug 23 10:50:51 UTC 2023
           Final Date: Sat Sep 30 10:50:51 UTC 2028
            SubjectDN: CN=scm-1@fv-az573-639,OU=cfe7def6-8c13-4f41-b41a-0fabba79f0c2,O=66cd2516-9607-4b16-8c5f-51b4da98e786
           Public Key: RSA Public Key [e4:75:5a:fc:2d:75:50:76:55:47:a0:7b:ea:25:cd:2e:bf:78:9f:26],[56:66:d1:a4]
        modulus: 983242a0a40b979745fd88e6f11908935f1193bc367163e98cf2f2bae35905b9cf0e65f61ae43a284c7b8b4ca0fb0581da540bf0a4d00cb133c4c8fed7a1d9ba57ce0278bbe493a29b35dcee1eaf3fa640368c82d71fd731fc695bd3177493ecde4a9ad1dc8df9e6b8934e1ee3edb6e76c9363ce9cd808fec85af8b7748e2f740ef8c7de19f863e84a878d58c01395003ae9a36f3f565fb34fe8d1faca6327aa07479210173b803a74e9f35febf65416563e15214f870213c988548e0cb15b51f6407c9e4d9cff34f3705488b12c944427d3955f6f44f3bfcfdf756cfaee71106821a82c240a0d9016e33748b15b7091914c22759782f6c6388372e71e320efb
public exponent: 10001

  Signature Algorithm: SHA256WITHRSA
            Signature: 6dfdc308434f31f77def06965083118a2b9d8585
                       852d796a4b57c8736de7d14e15ba21dc1eea45d2
                       0b6f826f860fe425eb17be5b7aebd08a8a691000
                       b95d759d05ee35adec922b021fe7fcddb30a2266
                       a10538f52ce30e22073b83b0d7e58c95cddb0ded
                       82555e69ec7e8c26c5ea34e3e38fbae5bc897cb3
                       7a7008a0734204e0cc2cc4c2551521b0a931ae10
                       82b0965849a1bdd6fda432528f0ab6480e577b47
                       88c24e92ab978cb21b3b0d70fc4c67b1bade08ba
                       adfcff7247c1734aa2cca043c22f1e8da4c95d2e
                       c8f96a42c24c760619dd80d94833b447c9998791
                       c4f75fd25c5ce8b853f05cbd739fbdd03eb8a5f5
                       ffcf018e25d46507be79a15d159d22ca
       Extensions: 
                       critical(true) BasicConstraints: isCa(true)
                       critical(true) KeyUsage: 0x6
                       critical(false) 2.5.29.17 value = Sequence
    Tagged [7] IMPLICIT 
        DER Octet String[4] 

 from file: /tmp/junit874119840371964493/junit1390659318724261066/scm-meta/scm/sub-ca/certs/CA-1.crt.
2023-08-23 10:50:51,642 [Time-limited test] INFO  client.SCMCertificateClient (DefaultCertificateClient.java:readCertificateFile(237)) - Added certificate   [0]         Version: 3
         SerialNumber: 1536976341555
             IssuerDN: CN=scm-1@fv-az573-639,OU=cfe7def6-8c13-4f41-b41a-0fabba79f0c2,O=66cd2516-9607-4b16-8c5f-51b4da98e786
           Start Date: Wed Aug 23 10:50:51 UTC 2023
           Final Date: Sat Sep 30 10:50:51 UTC 2028
            SubjectDN: CN=scm-sub-1536972085403@fv-az573-639,OU=cfe7def6-8c13-4f41-b41a-0fabba79f0c2,O=66cd2516-9607-4b16-8c5f-51b4da98e786
           Public Key: RSA Public Key [9a:15:e7:5c:73:fe:79:cd:7f:42:d0:23:a9:62:ad:49:15:41:59:50],[56:66:d1:a4]
        modulus: 9ce2acbf6b7a4db6b2acb2b2167b849b9db1122e2895c8adc072d7767b9aab1846d2e11bd96c9fb10dbb4d10e02bfb0c9733a155d446a3df9b53ba7bac9cda578a4ee351d558471f0e5e8708799145587c23451ce8b18690f21d0e4193ff1c25b063a97f4c5c8487f2affa8a4dd4ea05d4b0eb0046e2196d369783d5700c32642040de03f2b906cfca9ebe816cbcb4c2e84de105b0d21377360e0e293e9f49574f79d57ed09af012ab8e7a8a45bf762d4bbae1e8312c10fd647a41434ab7d3431b31ce8f3b2ee9ae185c4c975d12f6e0102e7df68a94549aedcd86660684b7ab0be63a20641d1237dc300c30bd6ebac3cebb7ec9ae33062fb28e8bab499b3253
public exponent: 10001

  Signature Algorithm: SHA256WITHRSA
            Signature: 075a96f2de0b9ca1228921c89707b8a9eea31747
                       98256500b412de1bdd3887506c3d8c37d448a4b5
                       d3330c8cd4ec89db75d1421fe18cd52351321824
                       f1e0a1c1b4dbf8526955afda5d112864263b6551
                       2c98f30366f5a41d2d14dd6d47da38b98b06bb5d
                       153d9144c4da6a1e306eedc0f008486438c41a7c
                       cdab0de3c99ee1883c45ffed942d2cef6d56420f
                       c7c4c13c72fcec4fef3a762c030ef43fe2ba8c72
                       677b56e1397bf06b92c90749f9541dd6a66b5643
                       ed9637a488cd631a4cd01be51b73287599871959
                       ba75bd8d555687eefaa55297b72abffe74a4f9fa
                       3f8f8131c1a3df9c88cb1c4e4cf8300628a965cb
                       4f3747ab2300cf0b7b82d1eb41917f12
       Extensions: 
                       critical(false) 2.5.29.17 value = Sequence
    Tagged [7] IMPLICIT 
        DER Octet String[4] 

                       critical(true) BasicConstraints: isCa(true)
                       critical(true) KeyUsage: 0xbe
 from file: /tmp/junit874119840371964493/junit1390659318724261066/scm-meta/scm/sub-ca/certs/certificate.crt.
2023-08-23 10:50:51,642 [Time-limited test] INFO  client.SCMCertificateClient (DefaultCertificateClient.java:loadAllCertificates(191)) - CertificateRenewerService and root ca rotation polling is disabled for scm/sub-ca
2023-08-23 10:50:51,642 [Time-limited test] WARN  utils.HAUtils (HAUtils.java:getMetaDir(339)) - ozone.scm.db.dirs is not configured. We recommend adding this setting. Falling back to ozone.metadata.dirs instead.
2023-08-23 10:50:51,643 [Time-limited test] WARN  db.DBStoreBuilder (DBStoreBuilder.java:applyDBDefinition(166)) - ozone.scm.db.dirs is not configured. We recommend adding this setting. Falling back to ozone.metadata.dirs instead.
2023-08-23 10:50:51,740 [Time-limited test] INFO  net.NodeSchemaLoader (NodeSchemaLoader.java:loadSchemaFromFile(129)) - Loading schema from [jar:file:/home/runner/.m2/repository/org/apache/ozone/hdds-common/1.4.0-SNAPSHOT/hdds-common-1.4.0-SNAPSHOT.jar!/network-topology-default.xml]
2023-08-23 10:50:51,740 [Time-limited test] INFO  net.NodeSchemaLoader (NodeSchemaLoader.java:loadSchema(176)) - Loading network topology layer schema file
2023-08-23 10:50:51,743 [Time-limited test] INFO  upgrade.AbstractLayoutVersionManager (AbstractLayoutVersionManager.java:init(83)) - Initializing Layout version manager with metadata layout = HADOOP_PRC_PORTS_IN_DATANODEDETAILS (version = 7), software layout = HADOOP_PRC_PORTS_IN_DATANODEDETAILS (version = 7)
2023-08-23 10:50:51,746 [Time-limited test] INFO  ha.SequenceIdGenerator (SequenceIdGenerator.java:upgradeToSequenceId(365)) - upgrade localId to 111677748019200000
2023-08-23 10:50:51,746 [Time-limited test] INFO  ha.SequenceIdGenerator (SequenceIdGenerator.java:upgradeToSequenceId(375)) - upgrade delTxnId to 0
2023-08-23 10:50:51,747 [Time-limited test] INFO  ha.SequenceIdGenerator (SequenceIdGenerator.java:upgradeToSequenceId(392)) - upgrade containerId to 0
2023-08-23 10:50:51,748 [Time-limited test] INFO  ha.SequenceIdGenerator (SequenceIdGenerator.java:upgradeToSequenceId(428)) - upgrade rootCertificateId to 1
2023-08-23 10:50:51,748 [Time-limited test] INFO  ha.SequenceIdGenerator (SequenceIdGenerator.java:<init>(236)) - Init the HA SequenceIdGenerator.
2023-08-23 10:50:51,749 [Time-limited test] INFO  node.SCMNodeManager (SCMNodeManager.java:<init>(157)) - Entering startup safe mode.
2023-08-23 10:50:51,749 [Time-limited test] INFO  algorithms.ContainerPlacementPolicyFactory (ContainerPlacementPolicyFactory.java:getPolicyInternal(86)) - Create container placement policy of type org.apache.hadoop.hdds.scm.container.placement.algorithms.SCMContainerPlacementRackAware
2023-08-23 10:50:51,749 [Time-limited test] INFO  algorithms.ContainerPlacementPolicyFactory (ContainerPlacementPolicyFactory.java:getPolicyInternal(86)) - Create container placement policy of type org.apache.hadoop.hdds.scm.container.placement.algorithms.SCMContainerPlacementRackScatter
2023-08-23 10:50:51,749 [Time-limited test] INFO  pipeline.PipelineStateManagerImpl (PipelineStateManagerImpl.java:initialize(78)) - No pipeline exists in current db
2023-08-23 10:50:51,750 [Time-limited test] INFO  algorithms.LeaderChoosePolicyFactory (LeaderChoosePolicyFactory.java:getPolicy(57)) - Create leader choose policy of type org.apache.hadoop.hdds.scm.pipeline.leader.choose.algorithms.MinLeaderCountChoosePolicy
2023-08-23 10:50:51,750 [Time-limited test] INFO  algorithms.ContainerPlacementPolicyFactory (ContainerPlacementPolicyFactory.java:getPolicyInternal(86)) - Create container placement policy of type org.apache.hadoop.hdds.scm.container.placement.algorithms.SCMContainerPlacementRackScatter
2023-08-23 10:50:51,751 [Time-limited test] INFO  ha.SCMServiceManager (SCMServiceManager.java:register(42)) - Registering service BackgroundPipelineCreator.
2023-08-23 10:50:51,751 [Time-limited test] INFO  pipeline.BackgroundPipelineCreator (BackgroundPipelineCreator.java:start(124)) - Starting RatisPipelineUtilsThread.
2023-08-23 10:50:51,751 [Time-limited test] INFO  BackgroundPipelineScrubber (BackgroundSCMService.java:start(68)) - Starting BackgroundPipelineScrubber Service.
2023-08-23 10:50:51,751 [Time-limited test] INFO  ha.SCMServiceManager (SCMServiceManager.java:register(42)) - Registering service BackgroundPipelineScrubber.
2023-08-23 10:50:51,752 [Time-limited test] INFO  ExpiredContainerReplicaOpScrubber (BackgroundSCMService.java:start(68)) - Starting ExpiredContainerReplicaOpScrubber Service.
2023-08-23 10:50:51,759 [Time-limited test] INFO  ha.SCMServiceManager (SCMServiceManager.java:register(42)) - Registering service ExpiredContainerReplicaOpScrubber.
2023-08-23 10:50:51,760 [Time-limited test] INFO  algorithms.PipelineChoosePolicyFactory (PipelineChoosePolicyFactory.java:createPipelineChoosePolicyFromClass(78)) - Create pipeline choose policy of type org.apache.hadoop.hdds.scm.pipeline.choose.algorithms.RandomPipelineChoosePolicy
2023-08-23 10:50:51,760 [Time-limited test] INFO  algorithms.PipelineChoosePolicyFactory (PipelineChoosePolicyFactory.java:createPipelineChoosePolicyFromClass(78)) - Create pipeline choose policy of type org.apache.hadoop.hdds.scm.pipeline.choose.algorithms.RandomPipelineChoosePolicy
2023-08-23 10:50:51,761 [Time-limited test] INFO  ha.SCMServiceManager (SCMServiceManager.java:register(42)) - Registering service SCMBlockDeletingService.
2023-08-23 10:50:51,765 [Time-limited test] INFO  replication.ReplicationManager (ReplicationManager.java:start(287)) - Starting Replication Monitor Thread.
2023-08-23 10:50:51,765 [Time-limited test] INFO  ha.SCMServiceManager (SCMServiceManager.java:register(42)) - Registering service ReplicationManager.
2023-08-23 10:50:51,766 [Time-limited test] INFO  safemode.ContainerSafeModeRule (ContainerSafeModeRule.java:<init>(90)) - containers with one replica threshold count 0
2023-08-23 10:50:51,766 [Time-limited test] INFO  safemode.HealthyPipelineSafeModeRule (HealthyPipelineSafeModeRule.java:initializeRule(169)) - Total pipeline count is 0, healthy pipeline threshold count is 0
2023-08-23 10:50:51,766 [Time-limited test] INFO  safemode.OneReplicaPipelineSafeModeRule (OneReplicaPipelineSafeModeRule.java:initializeRule(180)) - Total pipeline count is 0, pipeline's with at least one datanode reported threshold count is 0
2023-08-23 10:50:51,777 [ReplicationMonitor] INFO  replication.ReplicationManager (ReplicationManager.java:processAll(361)) - Replication Manager is not ready to run until 300000ms after safemode exit
2023-08-23 10:50:51,778 [Time-limited test] INFO  authority.DefaultCAServer (DefaultCAServer.java:lambda$processVerificationStatus$0(472)) - CertificateServer validation is successful
2023-08-23 10:50:51,778 [Time-limited test] INFO  authority.DefaultCAServer (DefaultCAServer.java:lambda$processVerificationStatus$0(472)) - CertificateServer validation is successful
2023-08-23 10:50:51,779 [Time-limited test] INFO  server.StorageContainerManager (StorageContainerManager.java:persistPrimarySCMCerts(932)) - Storing sub-ca certificate serialId 1536976341555 on primary SCM
2023-08-23 10:50:51,781 [Time-limited test] INFO  server.SCMCertStore (SCMCertStore.java:storeValidScmCertificate(122)) - Scm certificate 1536976341555 for CN=scm-sub-1536972085403@fv-az573-639,OU=cfe7def6-8c13-4f41-b41a-0fabba79f0c2,O=66cd2516-9607-4b16-8c5f-51b4da98e786 is stored
2023-08-23 10:50:51,781 [Time-limited test] INFO  server.StorageContainerManager (StorageContainerManager.java:persistPrimarySCMCerts(940)) - Storing root certificate serialId 1
2023-08-23 10:50:51,782 [Time-limited test] INFO  server.SCMCertStore (SCMCertStore.java:storeValidScmCertificate(122)) - Scm certificate 1 for CN=scm-1@fv-az573-639,OU=cfe7def6-8c13-4f41-b41a-0fabba79f0c2,O=66cd2516-9607-4b16-8c5f-51b4da98e786 is stored
2023-08-23 10:50:51,783 [Time-limited test] INFO  ipc.CallQueueManager (CallQueueManager.java:<init>(90)) - Using callQueue: class java.util.concurrent.LinkedBlockingQueue, queueCapacity: 200, scheduler: class org.apache.hadoop.ipc.DefaultRpcScheduler, ipcBackoff: false.
2023-08-23 10:50:51,783 [Time-limited test] INFO  ipc.Server (Server.java:<init>(1287)) - Listener at 0.0.0.0:9961
2023-08-23 10:50:51,784 [Socket Reader #1 for port 9961] INFO  ipc.Server (Server.java:run(1323)) - Starting Socket Reader #1 for port 9961
2023-08-23 10:50:51,787 [Time-limited test] INFO  server.StorageContainerManager (StorageContainerManager.java:<init>(425)) - SCM start with adminUsers: [scm/fv-az573-639@EXAMPLE.COM, scm]
2023-08-23 10:50:51,788 [Time-limited test] INFO  ipc.CallQueueManager (CallQueueManager.java:<init>(90)) - Using callQueue: class java.util.concurrent.LinkedBlockingQueue, queueCapacity: 10000, scheduler: class org.apache.hadoop.ipc.DefaultRpcScheduler, ipcBackoff: false.
2023-08-23 10:50:51,788 [Time-limited test] INFO  ipc.Server (Server.java:<init>(1287)) - Listener at 0.0.0.0:9861
2023-08-23 10:50:51,789 [Socket Reader #1 for port 9861] INFO  ipc.Server (Server.java:run(1323)) - Starting Socket Reader #1 for port 9861
2023-08-23 10:50:51,791 [Time-limited test] INFO  ipc.CallQueueManager (CallQueueManager.java:<init>(90)) - Using callQueue: class java.util.concurrent.LinkedBlockingQueue, queueCapacity: 10000, scheduler: class org.apache.hadoop.ipc.DefaultRpcScheduler, ipcBackoff: false.
2023-08-23 10:50:51,791 [Time-limited test] INFO  ipc.Server (Server.java:<init>(1287)) - Listener at 0.0.0.0:9863
2023-08-23 10:50:51,792 [Socket Reader #1 for port 9863] INFO  ipc.Server (Server.java:run(1323)) - Starting Socket Reader #1 for port 9863
2023-08-23 10:50:51,797 [Time-limited test] INFO  ipc.CallQueueManager (CallQueueManager.java:<init>(90)) - Using callQueue: class java.util.concurrent.LinkedBlockingQueue, queueCapacity: 10000, scheduler: class org.apache.hadoop.ipc.DefaultRpcScheduler, ipcBackoff: false.
2023-08-23 10:50:51,797 [Time-limited test] INFO  ipc.Server (Server.java:<init>(1287)) - Listener at 0.0.0.0:9860
2023-08-23 10:50:51,797 [Socket Reader #1 for port 9860] INFO  ipc.Server (Server.java:run(1323)) - Starting Socket Reader #1 for port 9860
2023-08-23 10:50:51,804 [Time-limited test] INFO  ha.SCMServiceManager (SCMServiceManager.java:register(42)) - Registering service ContainerBalancer.
2023-08-23 10:50:51,804 [Time-limited test] INFO  server.StorageContainerManager (StorageContainerManager.java:<init>(438)) - 
Container Balancer status:
Key                            Value
Running                        false
Container Balancer Configuration values:
Key                                                Value
Threshold                                          10
Max Datanodes to Involve per Iteration(percent)    20
Max Size to Move per Iteration                     500GB
Max Size Entering Target per Iteration             26GB
Max Size Leaving Source per Iteration              26GB

2023-08-23 10:50:51,804 [Time-limited test] INFO  ha.SCMContext (SCMContext.java:updateSafeModeStatus(228)) - Update SafeModeStatus from SafeModeStatus{safeModeStatus=true, preCheckPassed=false} to SafeModeStatus{safeModeStatus=true, preCheckPassed=false}.
2023-08-23 10:50:51,805 [Time-limited test] INFO  server.StorageContainerManager (StorageContainerManager.java:start(1483)) - StorageContainerLocationProtocol RPC server is listening at /0.0.0.0:9860
2023-08-23 10:50:51,806 [Time-limited test] WARN  impl.MetricsConfig (MetricsConfig.java:loadFirst(136)) - Cannot locate configuration: tried hadoop-metrics2-storagecontainermanager.properties,hadoop-metrics2.properties
2023-08-23 10:50:51,809 [Time-limited test] INFO  impl.MetricsSystemImpl (MetricsSystemImpl.java:startTimer(378)) - Scheduled Metric snapshot period at 10 second(s).
2023-08-23 10:50:51,809 [Time-limited test] INFO  impl.MetricsSystemImpl (MetricsSystemImpl.java:start(191)) - StorageContainerManager metrics system started
2023-08-23 10:50:51,826 [Time-limited test] INFO  impl.MetricsSinkAdapter (MetricsSinkAdapter.java:start(204)) - Sink prometheus started
2023-08-23 10:50:51,826 [Time-limited test] INFO  impl.MetricsSystemImpl (MetricsSystemImpl.java:registerSink(305)) - Registered sink prometheus
2023-08-23 10:50:51,842 [Time-limited test] INFO  server.SCMClientProtocolServer (SCMClientProtocolServer.java:start(201)) - RPC server for Client  is listening at /0.0.0.0:9860
2023-08-23 10:50:51,843 [IPC Server Responder] INFO  ipc.Server (Server.java:run(1562)) - IPC Server Responder: starting
2023-08-23 10:50:51,847 [IPC Server listener on 9860] INFO  ipc.Server (Server.java:run(1402)) - IPC Server listener on 9860: starting
2023-08-23 10:50:51,868 [Time-limited test] INFO  server.StorageContainerManager (StorageContainerManager.java:start(1496)) - ScmBlockLocationProtocol RPC server is listening at /0.0.0.0:9863
2023-08-23 10:50:51,869 [Time-limited test] INFO  server.SCMBlockProtocolServer (SCMBlockProtocolServer.java:start(152)) - RPC server for Block Protocol is listening at /0.0.0.0:9863
2023-08-23 10:50:51,874 [IPC Server Responder] INFO  ipc.Server (Server.java:run(1562)) - IPC Server Responder: starting
2023-08-23 10:50:51,875 [IPC Server listener on 9863] INFO  ipc.Server (Server.java:run(1402)) - IPC Server listener on 9863: starting
2023-08-23 10:50:51,894 [Time-limited test] INFO  server.SCMDatanodeProtocolServer (SCMDatanodeProtocolServer.java:start(193)) - ScmDatanodeProtocol RPC server for DataNodes is listening at /0.0.0.0:9861
2023-08-23 10:50:51,895 [IPC Server Responder] INFO  ipc.Server (Server.java:run(1562)) - IPC Server Responder: starting
2023-08-23 10:50:51,895 [IPC Server listener on 9861] INFO  ipc.Server (Server.java:run(1402)) - IPC Server listener on 9861: starting
2023-08-23 10:50:51,907 [Time-limited test] INFO  server.SCMSecurityProtocolServer (SCMSecurityProtocolServer.java:start(542)) - Starting RPC server for SCMSecurityProtocolServer. is listening at /0.0.0.0:9961
2023-08-23 10:50:51,908 [IPC Server Responder] INFO  ipc.Server (Server.java:run(1562)) - IPC Server Responder: starting
2023-08-23 10:50:51,908 [IPC Server listener on 9961] INFO  ipc.Server (Server.java:run(1402)) - IPC Server listener on 9961: starting
2023-08-23 10:50:51,908 [Time-limited test] INFO  server.SCMUpdateServiceGrpcServer (SCMUpdateServiceGrpcServer.java:start(58)) - SCMUpdateService starting
2023-08-23 10:50:51,915 [JvmPauseMonitor1] INFO  util.JvmPauseMonitor (JvmPauseMonitor.java:run(103)) - JvmPauseMonitor-cfe7def6-8c13-4f41-b41a-0fabba79f0c2: Started
2023-08-23 10:50:51,916 [Time-limited test] INFO  http.BaseHttpServer (BaseHttpServer.java:newHttpServer2BuilderForOzone(224)) - Starting Web-server for scm at: http://0.0.0.0:9876
2023-08-23 10:50:51,917 [Time-limited test] INFO  http.BaseHttpServer (BaseHttpServer.java:<init>(111)) - Hadoop Security Enabled: true Ozone Security Enabled: true Ozone HTTP Security Enabled: false 
2023-08-23 10:50:51,919 [Time-limited test] WARN  server.AuthenticationFilter (AuthenticationFilter.java:constructSecretProvider(240)) - Unable to initialize FileSignerSecretProvider, falling back to use random secrets. Reason: Could not read signature secret file: /home/runner/hadoop-http-auth-signature-secret
2023-08-23 10:50:51,919 [Time-limited test] INFO  http.HttpRequestLog (HttpRequestLog.java:getRequestLog(86)) - Http request log for http.requests.scm is not defined
2023-08-23 10:50:51,921 [Time-limited test] INFO  http.HttpServer2 (HttpServer2.java:addGlobalFilter(1031)) - Added global filter 'safety' (class=org.apache.hadoop.hdds.server.http.HttpServer2$QuotingInputFilter)
2023-08-23 10:50:51,922 [Time-limited test] INFO  http.HttpServer2 (HttpServer2.java:addFilter(1007)) - Added filter static_user_filter (class=org.apache.hadoop.http.lib.StaticUserWebFilter$StaticUserFilter) to context scm
2023-08-23 10:50:51,922 [Time-limited test] INFO  http.HttpServer2 (HttpServer2.java:addFilter(1015)) - Added filter static_user_filter (class=org.apache.hadoop.http.lib.StaticUserWebFilter$StaticUserFilter) to context logs
2023-08-23 10:50:51,922 [Time-limited test] INFO  http.HttpServer2 (HttpServer2.java:addFilter(1015)) - Added filter static_user_filter (class=org.apache.hadoop.http.lib.StaticUserWebFilter$StaticUserFilter) to context static
2023-08-23 10:50:51,923 [Time-limited test] INFO  http.BaseHttpServer (BaseHttpServer.java:<init>(190)) - HTTP server of scm uses base directory /tmp/junit874119840371964493/junit1390659318724261066/scm-meta/webserver
2023-08-23 10:50:51,923 [Time-limited test] INFO  http.HttpServer2 (HttpServer2.java:bindListener(1250)) - Jetty bound to port 9876
2023-08-23 10:50:51,924 [Time-limited test] INFO  server.Server (Server.java:doStart(375)) - jetty-9.4.51.v20230217; built: 2023-02-17T08:19:37.309Z; git: b45c405e4544384de066f814ed42ae3dceacdd49; jvm 1.8.0_382-b05
2023-08-23 10:50:51,925 [Time-limited test] INFO  server.session (DefaultSessionIdManager.java:doStart(334)) - DefaultSessionIdManager workerName=node0
2023-08-23 10:50:51,925 [Time-limited test] INFO  server.session (DefaultSessionIdManager.java:doStart(339)) - No SessionScavenger set, using defaults
2023-08-23 10:50:51,925 [Time-limited test] INFO  server.session (HouseKeeper.java:startScavenging(132)) - node0 Scavenging every 600000ms
2023-08-23 10:50:51,926 [Time-limited test] INFO  handler.ContextHandler (ContextHandler.java:doStart(921)) - Started o.e.j.s.ServletContextHandler@7aec45e{logs,/logs,file:///home/runner/work/ozone/ozone/hadoop-ozone/integration-test/target/log,AVAILABLE}
2023-08-23 10:50:51,926 [Time-limited test] INFO  handler.ContextHandler (ContextHandler.java:doStart(921)) - Started o.e.j.s.ServletContextHandler@57605cd1{static,/static,file:///home/runner/work/ozone/ozone/hadoop-ozone/integration-test/target/test-classes/webapps/static,AVAILABLE}
2023-08-23 10:50:51,929 [Time-limited test] INFO  handler.ContextHandler (ContextHandler.java:doStart(921)) - Started o.e.j.w.WebAppContext@10b9f372{scm,/,file:///home/runner/work/ozone/ozone/hadoop-ozone/integration-test/target/test-classes/webapps/scm/,AVAILABLE}{file:/home/runner/work/ozone/ozone/hadoop-ozone/integration-test/target/test-classes/webapps/scm}
2023-08-23 10:50:51,932 [Time-limited test] INFO  server.AbstractConnector (AbstractConnector.java:doStart(333)) - Started ServerConnector@359cbc86{HTTP/1.1, (http/1.1)}{0.0.0.0:9876}
2023-08-23 10:50:51,932 [Time-limited test] INFO  server.Server (Server.java:doStart(415)) - Started @10358ms
2023-08-23 10:50:51,932 [Time-limited test] WARN  impl.MetricsSystemImpl (MetricsSystemImpl.java:register(279)) - Sink prometheus already exists!
2023-08-23 10:50:51,933 [Time-limited test] INFO  http.BaseHttpServer (BaseHttpServer.java:updateConnectorAddress(344)) - HTTP server of scm listening at http://0.0.0.0:9876
2023-08-23 10:50:51,933 [Time-limited test] WARN  server.ServerUtils (ServerUtils.java:getDBPath(311)) - ozone.om.db.dirs is not configured. We recommend adding this setting. Falling back to ozone.metadata.dirs instead.
2023-08-23 10:50:51,942 [Time-limited test] INFO  ha.OMHANodeDetails (OMHANodeDetails.java:loadOMHAConfig(115)) - ozone.om.internal.service.id is not defined, falling back to ozone.om.service.ids to find serviceID for OzoneManager if it is HA enabled cluster
2023-08-23 10:50:51,943 [Time-limited test] INFO  ha.OMHANodeDetails (OMHANodeDetails.java:loadOMHAConfig(226)) - Configuration does not have ozone.om.address set. Falling back to the default OM address fv-az573-639/10.1.0.17:1202
2023-08-23 10:50:51,943 [Time-limited test] INFO  ha.OMHANodeDetails (OMHANodeDetails.java:getOMNodeDetailsForNonHA(254)) - OM Service ID is not set. Setting it to the default ID: omServiceIdDefault
2023-08-23 10:50:51,943 [Time-limited test] INFO  ha.OMHANodeDetails (OMHANodeDetails.java:getOMNodeDetailsForNonHA(261)) - OM Node ID is not set. Setting it to the default ID: om1
2023-08-23 10:50:51,947 [Time-limited test] WARN  server.ServerUtils (ServerUtils.java:getDBPath(311)) - ozone.om.db.dirs is not configured. We recommend adding this setting. Falling back to ozone.metadata.dirs instead.
2023-08-23 10:50:51,958 [pool-40-thread-1] INFO  request.TgsRequest (TgsRequest.java:issueTicket(115)) - TGS_REQ ISSUE: authtime 1692787851958,scm/fv-az573-639 for scm/fv-az573-639@EXAMPLE.COM
2023-08-23 10:50:51,965 [Time-limited test] INFO  upgrade.AbstractLayoutVersionManager (AbstractLayoutVersionManager.java:init(83)) - Initializing Layout version manager with metadata layout = QUOTA (version = 6), software layout = QUOTA (version = 6)
2023-08-23 10:50:51,967 [Socket Reader #1 for port 9961] INFO  ipc.Server (Server.java:saslProcess(2139)) - Auth successful for scm/fv-az573-639@EXAMPLE.COM (auth:KERBEROS) from fv-az573-639:38613 / 10.1.0.17:38613
2023-08-23 10:50:51,991 [IPC Server handler 0 on default port 9961] INFO  client.SCMCertificateClient (DefaultCertificateClient.java:getAllRootCaCerts(901)) - scm/sub-ca has 0 Root CA certificates
2023-08-23 10:50:51,991 [IPC Server handler 0 on default port 9961] INFO  client.SCMCertificateClient (DefaultCertificateClient.java:getAllCaCerts(909)) - scm/sub-ca has 1 CA certificates
2023-08-23 10:50:51,997 [scm/sub-ca-refreshCACertificates] INFO  client.SCMCertificateClient (DefaultCertificateClient.java:getAllRootCaCerts(901)) - scm/sub-ca has 0 Root CA certificates
2023-08-23 10:50:51,997 [scm/sub-ca-refreshCACertificates] INFO  client.SCMCertificateClient (DefaultCertificateClient.java:getAllCaCerts(909)) - scm/sub-ca has 1 CA certificates
2023-08-23 10:50:51,998 [scm/sub-ca-refreshCACertificates] INFO  client.SCMCertificateClient (SCMCertificateClient.java:run(277)) - CA certificates are not changed.
2023-08-23 10:50:52,088 [Time-limited test] INFO  reflections.Reflections (Reflections.java:scan(232)) - Reflections took 120 ms to scan 2 urls, producing 188 keys and 512 values [using 2 cores]
2023-08-23 10:50:52,093 [Time-limited test] INFO  upgrade.OMLayoutVersionManager (OMLayoutVersionManager.java:lambda$0(115)) - Skipping Upgrade Action MockOmUpgradeAction since it has been finalized.
2023-08-23 10:50:52,093 [Time-limited test] INFO  upgrade.OMLayoutVersionManager (OMLayoutVersionManager.java:lambda$0(115)) - Skipping Upgrade Action QuotaRepairUpgradeAction since it has been finalized.
2023-08-23 10:50:52,095 [Time-limited test] WARN  server.ServerUtils (ServerUtils.java:getDBPath(311)) - ozone.om.db.dirs is not configured. We recommend adding this setting. Falling back to ozone.metadata.dirs instead.
2023-08-23 10:50:52,413 [Time-limited test] INFO  proxy.SCMBlockLocationFailoverProxyProvider (SCMBlockLocationFailoverProxyProvider.java:<init>(114)) - Created block location fail-over proxy with 1 nodes: [nodeId=scmNodeId,nodeAddress=/0.0.0.0:9863]
2023-08-23 10:50:52,463 [Time-limited test] INFO  om.OzoneManager (OzoneManager.java:<init>(662)) - OM start with adminUsers: [scm/fv-az573-639@EXAMPLE.COM, scm]
2023-08-23 10:50:52,489 [Time-limited test] WARN  server.ServerUtils (ServerUtils.java:getDBPath(311)) - ozone.om.db.dirs is not configured. We recommend adding this setting. Falling back to ozone.metadata.dirs instead.
2023-08-23 10:50:52,517 [Time-limited test] INFO  helpers.OmKeyInfo (OmKeyInfo.java:getCodec(71)) - OmKeyInfo.getCodec ignorePipeline = true
2023-08-23 10:50:52,767 [Time-limited test] INFO  om.OzoneManager (OzoneManager.java:instantiateServices(791)) - S3 Multi-Tenancy is disabled
2023-08-23 10:50:52,786 [Time-limited test] INFO  security.OzoneSecretStore (OzoneSecretStore.java:loadState(69)) - Loaded 0 tokens
2023-08-23 10:50:52,786 [Time-limited test] INFO  security.OzoneDelegationTokenSecretManager (OzoneDelegationTokenSecretManager.java:loadTokenSecretState(530)) - Loading token state into token manager.
2023-08-23 10:50:52,809 [Time-limited test] INFO  om.OmSnapshotManager (OmSnapshotManager.java:<init>(175)) - Ozone filesystem snapshot feature is enabled.
2023-08-23 10:50:52,817 [Time-limited test] WARN  server.ServerUtils (ServerUtils.java:getDBPath(311)) - ozone.om.snapshot.diff.db.dir is not configured. We recommend adding this setting. Falling back to ozone.metadata.dirs instead.
2023-08-23 10:50:52,855 [Time-limited test] INFO  utils.NativeLibraryLoader (NativeLibraryLoader.java:loadLibrary(105)) - Loading Library: ozone_rocksdb_tools
2023-08-23 10:50:52,857 [Time-limited test] INFO  snapshot.SnapshotDiffManager (SnapshotDiffManager.java:closeExecutorService(1720)) - Shutting down executorService: 'SstDumpToolExecutor'
2023-08-23 10:50:52,915 [Time-limited test] INFO  om.OzoneManager (OzoneManager.java:addS3GVolumeToDB(4284)) - Created Volume s3v With Owner scm required for S3Gateway operations.
2023-08-23 10:50:52,974 [Time-limited test] WARN  server.ServerUtils (ServerUtils.java:getDefaultRatisDirectory(323)) - Storage directory for Ratis is not configured. It is a good idea to map this to an SSD disk. Falling back to ozone.metadata.dirs
2023-08-23 10:50:52,975 [Time-limited test] WARN  utils.OzoneManagerRatisUtils (OzoneManagerRatisUtils.java:getOMRatisSnapshotDirectory(461)) - ozone.om.ratis.snapshot.dir is not configured. Falling back to ozone.metadata.dirs config
2023-08-23 10:50:52,985 [Time-limited test] WARN  server.ServerUtils (ServerUtils.java:getDefaultRatisDirectory(323)) - Storage directory for Ratis is not configured. It is a good idea to map this to an SSD disk. Falling back to ozone.metadata.dirs
2023-08-23 10:50:53,007 [Time-limited test] INFO  ratis.OzoneManagerRatisServer (OzoneManagerRatisServer.java:<init>(163)) - Instantiating OM Ratis server with groupID: omServiceIdDefault and peers: fv-az573-639:9872
2023-08-23 10:50:53,016 [Time-limited test] INFO  ratis.OzoneManagerStateMachine (OzoneManagerStateMachine.java:loadSnapshotInfoFromDB(687)) - LastAppliedIndex is set from TransactionInfo from OM DB as (t:0, i:~)
2023-08-23 10:50:53,070 [Time-limited test] INFO  server.RaftServer (ConfUtils.java:logGet(46)) - raft.rpc.type = GRPC (default)
2023-08-23 10:50:53,079 [Time-limited test] INFO  grpc.GrpcConfigKeys (ConfUtils.java:logFallback(53)) - raft.grpc.admin.host = null (fallback to raft.grpc.server.host)
2023-08-23 10:50:53,080 [Time-limited test] INFO  grpc.GrpcConfigKeys (ConfUtils.java:logFallback(53)) - raft.grpc.admin.port = 9872 (fallback to raft.grpc.server.port)
2023-08-23 10:50:53,080 [Time-limited test] INFO  grpc.GrpcConfigKeys (ConfUtils.java:logFallback(53)) - raft.grpc.client.host = null (fallback to raft.grpc.server.host)
2023-08-23 10:50:53,080 [Time-limited test] INFO  grpc.GrpcConfigKeys (ConfUtils.java:logFallback(53)) - raft.grpc.client.port = 9872 (fallback to raft.grpc.server.port)
2023-08-23 10:50:53,080 [Time-limited test] INFO  grpc.GrpcConfigKeys (ConfUtils.java:logGet(46)) - raft.grpc.server.host = null (default)
2023-08-23 10:50:53,081 [Time-limited test] INFO  grpc.GrpcConfigKeys (ConfUtils.java:logGet(46)) - raft.grpc.server.port = 9872 (custom)
2023-08-23 10:50:53,081 [Time-limited test] INFO  server.GrpcService (ConfUtils.java:logGet(46)) - raft.grpc.message.size.max = 33554432 (custom)
2023-08-23 10:50:53,082 [Time-limited test] INFO  server.RaftServerConfigKeys (ConfUtils.java:logGet(46)) - raft.server.log.appender.buffer.byte-limit = 33554432 (custom)
2023-08-23 10:50:53,082 [Time-limited test] INFO  server.GrpcService (ConfUtils.java:logGet(46)) - raft.grpc.flow.control.window = 1MB (=1048576) (default)
2023-08-23 10:50:53,083 [Time-limited test] INFO  server.RaftServerConfigKeys (ConfUtils.java:logGet(46)) - raft.server.rpc.request.timeout = 3000ms (default)
2023-08-23 10:50:53,092 [Time-limited test] INFO  grpc.GrpcConfigKeys (ConfUtils.java:logGet(46)) - raft.grpc.server.heartbeat.channel = true (default)
2023-08-23 10:50:53,095 [Time-limited test] INFO  grpc.GrpcConfigKeys (ConfUtils.java:logGet(46)) - raft.grpc.server.async.request.thread.pool.cached = true (default)
2023-08-23 10:50:53,096 [Time-limited test] INFO  grpc.GrpcConfigKeys (ConfUtils.java:logGet(46)) - raft.grpc.server.async.request.thread.pool.size = 32 (default)
2023-08-23 10:50:53,144 [Time-limited test] INFO  impl.DataStreamServerImpl (ConfUtils.java:logGet(46)) - raft.datastream.type = DISABLED (default)
2023-08-23 10:50:53,146 [Time-limited test] INFO  server.RaftServerConfigKeys (ConfUtils.java:logGet(46)) - raft.server.threadpool.proxy.cached = true (default)
2023-08-23 10:50:53,147 [Time-limited test] INFO  server.RaftServerConfigKeys (ConfUtils.java:logGet(46)) - raft.server.threadpool.proxy.size = 0 (default)
2023-08-23 10:50:53,147 [Time-limited test] INFO  server.RaftServerConfigKeys (ConfUtils.java:logGet(46)) - raft.server.rpc.slowness.timeout = 120s (custom)
2023-08-23 10:50:53,147 [Time-limited test] INFO  server.RaftServerConfigKeys (ConfUtils.java:logGet(46)) - raft.server.leaderelection.leader.step-down.wait-time = 10s (default)
2023-08-23 10:50:53,148 [Time-limited test] INFO  server.RaftServerConfigKeys (ConfUtils.java:logGet(46)) - raft.server.storage.dir = [/tmp/junit874119840371964493/junit1390659318724261066/scm-meta/ratis] (custom)
2023-08-23 10:50:53,156 [Time-limited test] INFO  server.RaftServer (RaftServerProxy.java:addNew(98)) - om1: addNew group-C5BA1605619E:[om1|rpc:fv-az573-639:9872|priority:0|startupRole:FOLLOWER] returns group-C5BA1605619E:java.util.concurrent.CompletableFuture@1d5ad399[Not completed]
2023-08-23 10:50:53,156 [Time-limited test] INFO  om.OzoneManager (OzoneManager.java:initializeRatisServer(2128)) - OzoneManager Ratis server initialized at port 9872
2023-08-23 10:50:53,159 [Time-limited test] INFO  om.OzoneManager (OzoneManager.java:getRpcServer(1193)) - Creating RPC Server
2023-08-23 10:50:53,178 [om1-groupManagement] INFO  server.RaftServer$Division (RaftServerImpl.java:<init>(198)) - om1: new RaftServerImpl for group-C5BA1605619E:[om1|rpc:fv-az573-639:9872|priority:0|startupRole:FOLLOWER] with OzoneManagerStateMachine:uninitialized
2023-08-23 10:50:53,181 [om1-groupManagement] INFO  server.RaftServerConfigKeys (ConfUtils.java:logGet(46)) - raft.server.rpc.timeout.min = 5s (custom)
2023-08-23 10:50:53,188 [om1-groupManagement] INFO  server.RaftServerConfigKeys (ConfUtils.java:logGet(46)) - raft.server.rpc.timeout.max = 5200ms (custom)
2023-08-23 10:50:53,188 [om1-groupManagement] INFO  server.RaftServerConfigKeys (ConfUtils.java:logGet(46)) - raft.server.rpc.sleep.time = 25ms (default)
2023-08-23 10:50:53,188 [om1-groupManagement] INFO  server.RaftServerConfigKeys (ConfUtils.java:logGet(46)) - raft.server.rpc.slowness.timeout = 120s (custom)
2023-08-23 10:50:53,188 [om1-groupManagement] INFO  server.RaftServerConfigKeys (ConfUtils.java:logGet(46)) - raft.server.leaderelection.leader.step-down.wait-time = 10s (default)
2023-08-23 10:50:53,188 [om1-groupManagement] INFO  server.RaftServerConfigKeys (ConfUtils.java:logGet(46)) - raft.server.sleep.deviation.threshold = 300ms (default)
2023-08-23 10:50:53,200 [om1-groupManagement] INFO  server.RaftServer$Division (ServerState.java:<init>(120)) - om1@group-C5BA1605619E: ConfigurationManager, init=-1: peers:[om1|rpc:fv-az573-639:9872|priority:0|startupRole:FOLLOWER]|listeners:[], old=null, confs=<EMPTY_MAP>
2023-08-23 10:50:53,200 [om1-groupManagement] INFO  server.RaftServerConfigKeys (ConfUtils.java:logGet(46)) - raft.server.storage.dir = [/tmp/junit874119840371964493/junit1390659318724261066/scm-meta/ratis] (custom)
2023-08-23 10:50:53,214 [om1-groupManagement] INFO  server.RaftServerConfigKeys (ConfUtils.java:logGet(46)) - raft.server.log.corruption.policy = EXCEPTION (default)
2023-08-23 10:50:53,214 [om1-groupManagement] INFO  server.RaftServerConfigKeys (ConfUtils.java:logGet(46)) - raft.server.storage.free-space.min = 0MB (=0) (default)
2023-08-23 10:50:53,230 [om1-groupManagement] INFO  server.RaftServerConfigKeys (ConfUtils.java:logGet(46)) - raft.server.notification.no-leader.timeout = 120s (custom)
2023-08-23 10:50:53,244 [om1-groupManagement] INFO  server.RaftServerConfigKeys (ConfUtils.java:logGet(46)) - raft.server.read.timeout = 10s (default)
2023-08-23 10:50:53,253 [om1-groupManagement] INFO  server.RaftServerConfigKeys (ConfUtils.java:logGet(46)) - raft.server.retrycache.expirytime = 300s (custom)
2023-08-23 10:50:53,253 [om1-groupManagement] INFO  server.RaftServerConfigKeys (ConfUtils.java:logGet(46)) - raft.server.retrycache.statistics.expirytime = 100μs (default)
2023-08-23 10:50:53,326 [om1-groupManagement] INFO  server.RaftServerConfigKeys (ConfUtils.java:logGet(46)) - raft.server.read.option = DEFAULT (default)
2023-08-23 10:50:53,376 [om1-groupManagement] INFO  server.RaftServerConfigKeys (ConfUtils.java:logGet(46)) - raft.server.rpc.request.timeout = 3000ms (default)
2023-08-23 10:50:53,382 [om1-groupManagement] INFO  server.RaftServerConfigKeys (ConfUtils.java:logGet(46)) - raft.server.log.appender.install.snapshot.enabled = false (custom)
2023-08-23 10:50:53,385 [om1-groupManagement] INFO  server.RaftServerConfigKeys (ConfUtils.java:logGet(46)) - raft.server.threadpool.server.cached = true (default)
2023-08-23 10:50:53,388 [om1-groupManagement] INFO  server.RaftServerConfigKeys (ConfUtils.java:logGet(46)) - raft.server.threadpool.server.size = 0 (default)
2023-08-23 10:50:53,388 [om1-groupManagement] INFO  server.RaftServerConfigKeys (ConfUtils.java:logGet(46)) - raft.server.threadpool.client.cached = true (default)
2023-08-23 10:50:53,390 [om1-groupManagement] INFO  server.RaftServerConfigKeys (ConfUtils.java:logGet(46)) - raft.server.threadpool.client.size = 0 (default)
2023-08-23 10:50:53,903 [Time-limited test] INFO  reflections.Reflections (Reflections.java:scan(232)) - Reflections took 667 ms to scan 19 urls, producing 70 keys and 5642 values [using 2 cores]
2023-08-23 10:50:54,079 [Time-limited test] INFO  ipc.CallQueueManager (CallQueueManager.java:<init>(90)) - Using callQueue: class java.util.concurrent.LinkedBlockingQueue, queueCapacity: 10000, scheduler: class org.apache.hadoop.ipc.DefaultRpcScheduler, ipcBackoff: false.
2023-08-23 10:50:54,080 [Time-limited test] INFO  ipc.Server (Server.java:<init>(1287)) - Listener at fv-az573-639:1202
2023-08-23 10:50:54,080 [Socket Reader #1 for port 1202] INFO  ipc.Server (Server.java:run(1323)) - Starting Socket Reader #1 for port 1202
2023-08-23 10:50:54,114 [Time-limited test] INFO  ha.OMHANodeDetails (OMHANodeDetails.java:loadOMHAConfig(115)) - ozone.om.internal.service.id is not defined, falling back to ozone.om.service.ids to find serviceID for OzoneManager if it is HA enabled cluster
2023-08-23 10:50:54,114 [Time-limited test] INFO  ha.OMHANodeDetails (OMHANodeDetails.java:loadOMHAConfig(226)) - Configuration does not have ozone.om.address set. Falling back to the default OM address fv-az573-639/10.1.0.17:1202
2023-08-23 10:50:54,114 [Time-limited test] INFO  ha.OMHANodeDetails (OMHANodeDetails.java:getOMNodeDetailsForNonHA(254)) - OM Service ID is not set. Setting it to the default ID: omServiceIdDefault
2023-08-23 10:50:54,114 [Time-limited test] INFO  ha.OMHANodeDetails (OMHANodeDetails.java:getOMNodeDetailsForNonHA(261)) - OM Node ID is not set. Setting it to the default ID: om1
2023-08-23 10:50:54,117 [pool-40-thread-1] INFO  request.KdcRequest (KdcRequest.java:preauth(651)) - The preauth data is empty.
2023-08-23 10:50:54,117 [pool-40-thread-1] INFO  server.KdcHandler (KdcHandler.java:handleRecoverableException(177)) - KRB error occurred while processing request:Additional pre-authentication required
2023-08-23 10:50:54,122 [pool-40-thread-1] INFO  request.AsRequest (AsRequest.java:issueTicket(112)) - AS_REQ ISSUE: authtime 1692787854121,scm/fv-az573-639@EXAMPLE.COM for krbtgt/EXAMPLE.COM@EXAMPLE.COM
2023-08-23 10:50:54,123 [Time-limited test] INFO  security.UserGroupInformation (UserGroupInformation.java:loginUserFromKeytab(1132)) - Login successful for user scm/fv-az573-639@EXAMPLE.COM using keytab file scm.keytab. Keytab auto renewal enabled : false
2023-08-23 10:50:54,123 [Time-limited test] INFO  om.OzoneManager (OzoneManager.java:loginOMUser(1161)) - Ozone Manager login successful.
2023-08-23 10:50:54,123 [Time-limited test] WARN  server.ServerUtils (ServerUtils.java:getDBPath(311)) - ozone.om.db.dirs is not configured. We recommend adding this setting. Falling back to ozone.metadata.dirs instead.
2023-08-23 10:50:54,125 [Time-limited test] INFO  proxy.SCMBlockLocationFailoverProxyProvider (SCMBlockLocationFailoverProxyProvider.java:<init>(114)) - Created block location fail-over proxy with 1 nodes: [nodeId=scmNodeId,nodeAddress=/0.0.0.0:9863]
2023-08-23 10:50:54,141 [pool-40-thread-1] INFO  request.TgsRequest (TgsRequest.java:issueTicket(115)) - TGS_REQ ISSUE: authtime 1692787854141,scm/fv-az573-639 for scm/fv-az573-639@EXAMPLE.COM
2023-08-23 10:50:54,150 [Socket Reader #1 for port 9863] INFO  ipc.Server (Server.java:saslProcess(2139)) - Auth successful for scm/fv-az573-639@EXAMPLE.COM (auth:KERBEROS) from fv-az573-639:35169 / 10.1.0.17:35169
OM already initialized.Reusing existing cluster id for sd=/tmp/junit874119840371964493/junit1390659318724261066/scm-meta/om;cid=66cd2516-9607-4b16-8c5f-51b4da98e786;layoutVersion=6
2023-08-23 10:50:54,198 [Time-limited test] INFO  om.OzoneManager (OzoneManager.java:omInit(1369)) - OM storage initialized. Initializing security
2023-08-23 10:50:54,199 [Time-limited test] INFO  om.OzoneManager (OzoneManager.java:initializeSecurity(1382)) - Initializing secure OzoneManager.
2023-08-23 10:50:54,199 [Time-limited test] INFO  om.OzoneManager (OzoneManager.java:getOmDetailsProto(4552)) - OzoneManager ports added:[name: "RPC"
value: 1202
]
2023-08-23 10:50:54,201 [Time-limited test] INFO  security.OMCertificateClient (DefaultCertificateClient.java:updateCertSerialId(1244)) - Certificate serial ID set to null
2023-08-23 10:50:54,201 [Time-limited test] ERROR security.OMCertificateClient (DefaultCertificateClient.java:getCertPath(362)) - Default certificate serial id is not set. Can't locate the default certificate for this client.
2023-08-23 10:50:54,201 [Time-limited test] INFO  security.OMCertificateClient (DefaultCertificateClient.java:init(715)) - Certificate client init case: 0
2023-08-23 10:50:54,202 [Time-limited test] INFO  security.OMCertificateClient (CommonCertificateClient.java:handleCase(73)) - Creating keypair for client as keypair and certificate not found.
2023-08-23 10:50:54,272 [Time-limited test] INFO  om.OzoneManager (OzoneManager.java:initializeSecurity(1395)) - Init response: GETCERT
2023-08-23 10:50:54,272 [Time-limited test] INFO  ozone.OzoneSecurityUtil (OzoneSecurityUtil.java:getValidInetsForCurrentHost(119)) - ip:fe80:0:0:0:20d:3aff:fe5a:f85d%eth0 not returned.
2023-08-23 10:50:54,272 [Time-limited test] INFO  ozone.OzoneSecurityUtil (OzoneSecurityUtil.java:getValidInetsForCurrentHost(116)) - Adding ip:10.1.0.17,host:fv-az573-639
2023-08-23 10:50:54,272 [Time-limited test] INFO  ozone.OzoneSecurityUtil (OzoneSecurityUtil.java:getValidInetsForCurrentHost(119)) - ip:0:0:0:0:0:0:0:1%lo not returned.
2023-08-23 10:50:54,273 [Time-limited test] INFO  ozone.OzoneSecurityUtil (OzoneSecurityUtil.java:getValidInetsForCurrentHost(119)) - ip:127.0.0.1 not returned.
2023-08-23 10:50:54,274 [Time-limited test] ERROR utils.CertificateSignRequest (CertificateSignRequest.java:lambda$addInetAddresses$0(295)) - Invalid domain fv-az573-639
2023-08-23 10:50:54,274 [Time-limited test] INFO  security.OMCertificateClient (OMCertificateClient.java:getCSRBuilder(114)) - Creating csr for OM->dns:fv-az573-639,ip:10.1.0.17,scmId:cfe7def6-8c13-4f41-b41a-0fabba79f0c2,clusterId:66cd2516-9607-4b16-8c5f-51b4da98e786,subject:fv-az573-639
2023-08-23 10:50:54,295 [Socket Reader #1 for port 9961] INFO  ipc.Server (Server.java:saslProcess(2139)) - Auth successful for scm/fv-az573-639@EXAMPLE.COM (auth:KERBEROS) from fv-az573-639:33847 / 10.1.0.17:33847
2023-08-23 10:50:54,309 [IPC Server handler 1 on default port 9961] INFO  server.SCMSecurityProtocolServer (SCMSecurityProtocolServer.java:getOMCertificate(284)) - Processing CSR for om fv-az573-639, UUID: 60b47d17-713a-4e2a-9c85-a0373ef13f2a
2023-08-23 10:50:54,317 [IPC Server handler 1 on default port 9961] INFO  authority.DefaultApprover (DefaultApprover.java:sign(154)) - Extensions in CSR: 2.5.29.15, 2.5.29.17
2023-08-23 10:50:54,317 [IPC Server handler 1 on default port 9961] INFO  authority.DefaultApprover (DefaultApprover.java:sign(158)) - Extensions to add to the certificate if they present in CSR: 2.5.29.17, 2.5.29.19, 1.3.6.1.5.5.7.1.12, 2.5.29.35, 2.5.29.37, 2.5.29.15
2023-08-23 10:50:54,327 [Time-limited test] INFO  utils.CertificateCodec (CertificateCodec.java:writeCertificate(299)) - Save certificate to /tmp/junit874119840371964493/junit1390659318724261066/scm-meta/om/certs/1539686823644.crt
2023-08-23 10:50:54,327 [Time-limited test] INFO  utils.CertificateCodec (CertificateCodec.java:writeCertificate(300)) - Certificate -----BEGIN CERTIFICATE-----
MIIDpDCCAoygAwIBAgIGAWZ8fHbcMA0GCSqGSIb3DQEBCwUAMIGLMSswKQYDVQQD
DCJzY20tc3ViLTE1MzY5NzIwODU0MDNAZnYtYXo1NzMtNjM5MS0wKwYDVQQLDCRj
ZmU3ZGVmNi04YzEzLTRmNDEtYjQxYS0wZmFiYmE3OWYwYzIxLTArBgNVBAoMJDY2
Y2QyNTE2LTk2MDctNGIxNi04YzVmLTUxYjRkYTk4ZTc4NjAeFw0yMzA4MjMxMDUw
NTRaFw0yNDA4MjIxMDUwNTRaMHUxFTATBgNVBAMMDGZ2LWF6NTczLTYzOTEtMCsG
A1UECwwkY2ZlN2RlZjYtOGMxMy00ZjQxLWI0MWEtMGZhYmJhNzlmMGMyMS0wKwYD
VQQKDCQ2NmNkMjUxNi05NjA3LTRiMTYtOGM1Zi01MWI0ZGE5OGU3ODYwggEiMA0G
CSqGSIb3DQEBAQUAA4IBDwAwggEKAoIBAQC5xvJF10+svUuu3NabQ/I3VVQ0plSj
W0H/hdr/HxgrvlbURQeN4ZqH/5eunq58KRX9Px54F2OBUnuoqHPoNfik06weh+tf
qHS6LXeAZFDnuSoVUd1sYXRqaDoTtCrZxIGOd1uv2DQbSJnyj45DwLq9Esdt+CAp
fjVSVtKQBYdiDAMJj7xVrx48n9GCyMT8ifklyVrt5xzmVfiGQcT90uZc6ivPWrAF
1qB93CVKj87PL8V6w0s0yf+LHqNo+bLvJFp1te30hewOLL/AJk3ZHpReqhGAxr+M
T0D1ZXS6vsD/zZGELSsnVEsXoAlsNDoSrPkRtPqqBygLYI2jfWvZqiJ1AgMBAAGj
IzAhMA8GA1UdEQQIMAaHBAoBABEwDgYDVR0PAQH/BAQDAgO4MA0GCSqGSIb3DQEB
CwUAA4IBAQBpYxTBn7XrTXd0TPSPmrpeQrHLuYtR3qpfG2+aGbmlfZ9FNO291eik
8HFazKnMC1ND2Oz9EtLOFmtJaxgG5blbMydVCDGHWR6RENMfkW9wvCYCg7Kh0xki
cSusLOTpUuFwJdD5ZxM1pm/I1T5VltafuUzTPiybNbcbvz5m6ClnKhzqlBEs2xCC
dnzXZ2tEEijQp+6GR4btJRhArYIoIeXIQrm6WQbM68vCz/YeYCGC1RvKfKTuBfTY
nbBvYq3s7bWTL6kUhamtOgHo5nIuicTVmcvjzGzb5/Dqazxu1gY0BgFUrn6LL02e
xsyqTW9ZaNy7Gn8PM5Mhc6Wkbm00JpeI
-----END CERTIFICATE-----

-----BEGIN CERTIFICATE-----
MIIDuzCCAqOgAwIBAgIGAWXa7cozMA0GCSqGSIb3DQEBCwUAMHsxGzAZBgNVBAMM
EnNjbS0xQGZ2LWF6NTczLTYzOTEtMCsGA1UECwwkY2ZlN2RlZjYtOGMxMy00ZjQx
LWI0MWEtMGZhYmJhNzlmMGMyMS0wKwYDVQQKDCQ2NmNkMjUxNi05NjA3LTRiMTYt
OGM1Zi01MWI0ZGE5OGU3ODYwHhcNMjMwODIzMTA1MDUxWhcNMjgwOTMwMTA1MDUx
WjCBizErMCkGA1UEAwwic2NtLXN1Yi0xNTM2OTcyMDg1NDAzQGZ2LWF6NTczLTYz
OTEtMCsGA1UECwwkY2ZlN2RlZjYtOGMxMy00ZjQxLWI0MWEtMGZhYmJhNzlmMGMy
MS0wKwYDVQQKDCQ2NmNkMjUxNi05NjA3LTRiMTYtOGM1Zi01MWI0ZGE5OGU3ODYw
ggEiMA0GCSqGSIb3DQEBAQUAA4IBDwAwggEKAoIBAQCc4qy/a3pNtrKssrIWe4Sb
nbESLiiVyK3Actd2e5qrGEbS4RvZbJ+xDbtNEOAr+wyXM6FV1Eaj35tTunusnNpX
ik7jUdVYRx8OXocIeZFFWHwjRRzosYaQ8h0OQZP/HCWwY6l/TFyEh/Kv+opN1OoF
1LDrAEbiGW02l4PVcAwyZCBA3gPyuQbPyp6+gWy8tMLoTeEFsNITdzYODik+n0lX
T3nVftCa8BKrjnqKRb92LUu64egxLBD9ZHpBQ0q300MbMc6POy7prhhcTJddEvbg
EC599oqUVJrtzYZmBoS3qwvmOiBkHRI33DAMML1uusPOu37JrjMGL7KOi6tJmzJT
AgMBAAGjNDAyMA8GA1UdEQQIMAaHBAoBABEwDwYDVR0TAQH/BAUwAwEB/zAOBgNV
HQ8BAf8EBAMCAb4wDQYJKoZIhvcNAQELBQADggEBAAdalvLeC5yhIokhyJcHuKnu
oxdHmCVlALQS3hvdOIdQbD2MN9RIpLXTMwyM1OyJ23XRQh/hjNUjUTIYJPHgocG0
2/hSaVWv2l0RKGQmO2VRLJjzA2b1pB0tFN1tR9o4uYsGu10VPZFExNpqHjBu7cDw
CEhkOMQafM2rDePJnuGIPEX/7ZQtLO9tVkIPx8TBPHL87E/vOnYsAw70P+K6jHJn
e1bhOXvwa5LJB0n5VB3WpmtWQ+2WN6SIzWMaTNAb5RtzKHWZhxlZunW9jVVWh+76
pVKXtyq//nSk+fo/j4ExwaPfnIjLHE5M+DAGKKlly083R6sjAM8Le4LR60GRfxI=
-----END CERTIFICATE-----

-----BEGIN CERTIFICATE-----
MIIDpTCCAo2gAwIBAgIBATANBgkqhkiG9w0BAQsFADB7MRswGQYDVQQDDBJzY20t
MUBmdi1hejU3My02MzkxLTArBgNVBAsMJGNmZTdkZWY2LThjMTMtNGY0MS1iNDFh
LTBmYWJiYTc5ZjBjMjEtMCsGA1UECgwkNjZjZDI1MTYtOTYwNy00YjE2LThjNWYt
NTFiNGRhOThlNzg2MB4XDTIzMDgyMzEwNTA1MVoXDTI4MDkzMDEwNTA1MVowezEb
MBkGA1UEAwwSc2NtLTFAZnYtYXo1NzMtNjM5MS0wKwYDVQQLDCRjZmU3ZGVmNi04
YzEzLTRmNDEtYjQxYS0wZmFiYmE3OWYwYzIxLTArBgNVBAoMJDY2Y2QyNTE2LTk2
MDctNGIxNi04YzVmLTUxYjRkYTk4ZTc4NjCCASIwDQYJKoZIhvcNAQEBBQADggEP
ADCCAQoCggEBAJgyQqCkC5eXRf2I5vEZCJNfEZO8NnFj6Yzy8rrjWQW5zw5l9hrk
OihMe4tMoPsFgdpUC/Ck0AyxM8TI/teh2bpXzgJ4u+STops13O4erz+mQDaMgtcf
1zH8aVvTF3ST7N5KmtHcjfnmuJNOHuPttudsk2POnNgI/sha+Ld0ji90DvjH3hn4
Y+hKh41YwBOVADrpo28/Vl+zT+jR+spjJ6oHR5IQFzuAOnTp81/r9lQWVj4VIU+H
AhPJiFSODLFbUfZAfJ5NnP8083BUiLEslEQn05Vfb0Tzv8/fdWz67nEQaCGoLCQK
DZAW4zdIsVtwkZFMInWXgvbGOINy5x4yDvsCAwEAAaM0MDIwDwYDVR0TAQH/BAUw
AwEB/zAOBgNVHQ8BAf8EBAMCAQYwDwYDVR0RBAgwBocECgEAETANBgkqhkiG9w0B
AQsFAAOCAQEAbf3DCENPMfd97waWUIMRiiudhYWFLXlqS1fIc23n0U4VuiHcHupF
0gtvgm+GD+Ql6xe+W3rr0IqKaRAAuV11nQXuNa3skisCH+f83bMKImahBTj1LOMO
Igc7g7DX5YyVzdsN7YJVXmnsfowmxeo04+OPuuW8iXyzenAIoHNCBODMLMTCVRUh
sKkxrhCCsJZYSaG91v2kMlKPCrZIDld7R4jCTpKrl4yyGzsNcPxMZ7G63gi6rfz/
ckfBc0qizKBDwi8ejaTJXS7I+WpCwkx2BhndgNlIM7RHyZmHkcT3X9JcXOi4U/Bc
vXOfvdA+uKX1/88BjiXUZQe+eaFdFZ0iyg==
-----END CERTIFICATE-----

2023-08-23 10:50:54,328 [Time-limited test] INFO  utils.CertificateCodec (CertificateCodec.java:writeCertificate(299)) - Save certificate to /tmp/junit874119840371964493/junit1390659318724261066/scm-meta/om/certs/CA-1536976341555.crt
2023-08-23 10:50:54,328 [Time-limited test] INFO  utils.CertificateCodec (CertificateCodec.java:writeCertificate(300)) - Certificate -----BEGIN CERTIFICATE-----
MIIDuzCCAqOgAwIBAgIGAWXa7cozMA0GCSqGSIb3DQEBCwUAMHsxGzAZBgNVBAMM
EnNjbS0xQGZ2LWF6NTczLTYzOTEtMCsGA1UECwwkY2ZlN2RlZjYtOGMxMy00ZjQx
LWI0MWEtMGZhYmJhNzlmMGMyMS0wKwYDVQQKDCQ2NmNkMjUxNi05NjA3LTRiMTYt
OGM1Zi01MWI0ZGE5OGU3ODYwHhcNMjMwODIzMTA1MDUxWhcNMjgwOTMwMTA1MDUx
WjCBizErMCkGA1UEAwwic2NtLXN1Yi0xNTM2OTcyMDg1NDAzQGZ2LWF6NTczLTYz
OTEtMCsGA1UECwwkY2ZlN2RlZjYtOGMxMy00ZjQxLWI0MWEtMGZhYmJhNzlmMGMy
MS0wKwYDVQQKDCQ2NmNkMjUxNi05NjA3LTRiMTYtOGM1Zi01MWI0ZGE5OGU3ODYw
ggEiMA0GCSqGSIb3DQEBAQUAA4IBDwAwggEKAoIBAQCc4qy/a3pNtrKssrIWe4Sb
nbESLiiVyK3Actd2e5qrGEbS4RvZbJ+xDbtNEOAr+wyXM6FV1Eaj35tTunusnNpX
ik7jUdVYRx8OXocIeZFFWHwjRRzosYaQ8h0OQZP/HCWwY6l/TFyEh/Kv+opN1OoF
1LDrAEbiGW02l4PVcAwyZCBA3gPyuQbPyp6+gWy8tMLoTeEFsNITdzYODik+n0lX
T3nVftCa8BKrjnqKRb92LUu64egxLBD9ZHpBQ0q300MbMc6POy7prhhcTJddEvbg
EC599oqUVJrtzYZmBoS3qwvmOiBkHRI33DAMML1uusPOu37JrjMGL7KOi6tJmzJT
AgMBAAGjNDAyMA8GA1UdEQQIMAaHBAoBABEwDwYDVR0TAQH/BAUwAwEB/zAOBgNV
HQ8BAf8EBAMCAb4wDQYJKoZIhvcNAQELBQADggEBAAdalvLeC5yhIokhyJcHuKnu
oxdHmCVlALQS3hvdOIdQbD2MN9RIpLXTMwyM1OyJ23XRQh/hjNUjUTIYJPHgocG0
2/hSaVWv2l0RKGQmO2VRLJjzA2b1pB0tFN1tR9o4uYsGu10VPZFExNpqHjBu7cDw
CEhkOMQafM2rDePJnuGIPEX/7ZQtLO9tVkIPx8TBPHL87E/vOnYsAw70P+K6jHJn
e1bhOXvwa5LJB0n5VB3WpmtWQ+2WN6SIzWMaTNAb5RtzKHWZhxlZunW9jVVWh+76
pVKXtyq//nSk+fo/j4ExwaPfnIjLHE5M+DAGKKlly083R6sjAM8Le4LR60GRfxI=
-----END CERTIFICATE-----

-----BEGIN CERTIFICATE-----
MIIDpTCCAo2gAwIBAgIBATANBgkqhkiG9w0BAQsFADB7MRswGQYDVQQDDBJzY20t
MUBmdi1hejU3My02MzkxLTArBgNVBAsMJGNmZTdkZWY2LThjMTMtNGY0MS1iNDFh
LTBmYWJiYTc5ZjBjMjEtMCsGA1UECgwkNjZjZDI1MTYtOTYwNy00YjE2LThjNWYt
NTFiNGRhOThlNzg2MB4XDTIzMDgyMzEwNTA1MVoXDTI4MDkzMDEwNTA1MVowezEb
MBkGA1UEAwwSc2NtLTFAZnYtYXo1NzMtNjM5MS0wKwYDVQQLDCRjZmU3ZGVmNi04
YzEzLTRmNDEtYjQxYS0wZmFiYmE3OWYwYzIxLTArBgNVBAoMJDY2Y2QyNTE2LTk2
MDctNGIxNi04YzVmLTUxYjRkYTk4ZTc4NjCCASIwDQYJKoZIhvcNAQEBBQADggEP
ADCCAQoCggEBAJgyQqCkC5eXRf2I5vEZCJNfEZO8NnFj6Yzy8rrjWQW5zw5l9hrk
OihMe4tMoPsFgdpUC/Ck0AyxM8TI/teh2bpXzgJ4u+STops13O4erz+mQDaMgtcf
1zH8aVvTF3ST7N5KmtHcjfnmuJNOHuPttudsk2POnNgI/sha+Ld0ji90DvjH3hn4
Y+hKh41YwBOVADrpo28/Vl+zT+jR+spjJ6oHR5IQFzuAOnTp81/r9lQWVj4VIU+H
AhPJiFSODLFbUfZAfJ5NnP8083BUiLEslEQn05Vfb0Tzv8/fdWz67nEQaCGoLCQK
DZAW4zdIsVtwkZFMInWXgvbGOINy5x4yDvsCAwEAAaM0MDIwDwYDVR0TAQH/BAUw
AwEB/zAOBgNVHQ8BAf8EBAMCAQYwDwYDVR0RBAgwBocECgEAETANBgkqhkiG9w0B
AQsFAAOCAQEAbf3DCENPMfd97waWUIMRiiudhYWFLXlqS1fIc23n0U4VuiHcHupF
0gtvgm+GD+Ql6xe+W3rr0IqKaRAAuV11nQXuNa3skisCH+f83bMKImahBTj1LOMO
Igc7g7DX5YyVzdsN7YJVXmnsfowmxeo04+OPuuW8iXyzenAIoHNCBODMLMTCVRUh
sKkxrhCCsJZYSaG91v2kMlKPCrZIDld7R4jCTpKrl4yyGzsNcPxMZ7G63gi6rfz/
ckfBc0qizKBDwi8ejaTJXS7I+WpCwkx2BhndgNlIM7RHyZmHkcT3X9JcXOi4U/Bc
vXOfvdA+uKX1/88BjiXUZQe+eaFdFZ0iyg==
-----END CERTIFICATE-----

2023-08-23 10:50:54,330 [IPC Server handler 0 on default port 9961] INFO  client.SCMCertificateClient (DefaultCertificateClient.java:getAllRootCaCerts(901)) - scm/sub-ca has 0 Root CA certificates
2023-08-23 10:50:54,330 [IPC Server handler 0 on default port 9961] INFO  client.SCMCertificateClient (DefaultCertificateClient.java:getAllCaCerts(909)) - scm/sub-ca has 1 CA certificates
2023-08-23 10:50:54,331 [Time-limited test] INFO  utils.CertificateCodec (CertificateCodec.java:writeCertificate(299)) - Save certificate to /tmp/junit874119840371964493/junit1390659318724261066/scm-meta/om/certs/ROOTCA-1.crt
2023-08-23 10:50:54,332 [Time-limited test] INFO  utils.CertificateCodec (CertificateCodec.java:writeCertificate(300)) - Certificate -----BEGIN CERTIFICATE-----
MIIDpTCCAo2gAwIBAgIBATANBgkqhkiG9w0BAQsFADB7MRswGQYDVQQDDBJzY20t
MUBmdi1hejU3My02MzkxLTArBgNVBAsMJGNmZTdkZWY2LThjMTMtNGY0MS1iNDFh
LTBmYWJiYTc5ZjBjMjEtMCsGA1UECgwkNjZjZDI1MTYtOTYwNy00YjE2LThjNWYt
NTFiNGRhOThlNzg2MB4XDTIzMDgyMzEwNTA1MVoXDTI4MDkzMDEwNTA1MVowezEb
MBkGA1UEAwwSc2NtLTFAZnYtYXo1NzMtNjM5MS0wKwYDVQQLDCRjZmU3ZGVmNi04
YzEzLTRmNDEtYjQxYS0wZmFiYmE3OWYwYzIxLTArBgNVBAoMJDY2Y2QyNTE2LTk2
MDctNGIxNi04YzVmLTUxYjRkYTk4ZTc4NjCCASIwDQYJKoZIhvcNAQEBBQADggEP
ADCCAQoCggEBAJgyQqCkC5eXRf2I5vEZCJNfEZO8NnFj6Yzy8rrjWQW5zw5l9hrk
OihMe4tMoPsFgdpUC/Ck0AyxM8TI/teh2bpXzgJ4u+STops13O4erz+mQDaMgtcf
1zH8aVvTF3ST7N5KmtHcjfnmuJNOHuPttudsk2POnNgI/sha+Ld0ji90DvjH3hn4
Y+hKh41YwBOVADrpo28/Vl+zT+jR+spjJ6oHR5IQFzuAOnTp81/r9lQWVj4VIU+H
AhPJiFSODLFbUfZAfJ5NnP8083BUiLEslEQn05Vfb0Tzv8/fdWz67nEQaCGoLCQK
DZAW4zdIsVtwkZFMInWXgvbGOINy5x4yDvsCAwEAAaM0MDIwDwYDVR0TAQH/BAUw
AwEB/zAOBgNVHQ8BAf8EBAMCAQYwDwYDVR0RBAgwBocECgEAETANBgkqhkiG9w0B
AQsFAAOCAQEAbf3DCENPMfd97waWUIMRiiudhYWFLXlqS1fIc23n0U4VuiHcHupF
0gtvgm+GD+Ql6xe+W3rr0IqKaRAAuV11nQXuNa3skisCH+f83bMKImahBTj1LOMO
Igc7g7DX5YyVzdsN7YJVXmnsfowmxeo04+OPuuW8iXyzenAIoHNCBODMLMTCVRUh
sKkxrhCCsJZYSaG91v2kMlKPCrZIDld7R4jCTpKrl4yyGzsNcPxMZ7G63gi6rfz/
ckfBc0qizKBDwi8ejaTJXS7I+WpCwkx2BhndgNlIM7RHyZmHkcT3X9JcXOi4U/Bc
vXOfvdA+uKX1/88BjiXUZQe+eaFdFZ0iyg==
-----END CERTIFICATE-----

2023-08-23 10:50:54,333 [Time-limited test] INFO  security.OMCertificateClient (DefaultCertificateClient.java:updateCertSerialId(1244)) - Certificate serial ID set to 1539686823644
2023-08-23 10:50:54,335 [Time-limited test] INFO  security.OMCertificateClient (DefaultCertificateClient.java:readCertificateFile(237)) - Added certificate   [0]         Version: 3
         SerialNumber: 1536976341555
             IssuerDN: CN=scm-1@fv-az573-639,OU=cfe7def6-8c13-4f41-b41a-0fabba79f0c2,O=66cd2516-9607-4b16-8c5f-51b4da98e786
           Start Date: Wed Aug 23 10:50:51 UTC 2023
           Final Date: Sat Sep 30 10:50:51 UTC 2028
            SubjectDN: CN=scm-sub-1536972085403@fv-az573-639,OU=cfe7def6-8c13-4f41-b41a-0fabba79f0c2,O=66cd2516-9607-4b16-8c5f-51b4da98e786
           Public Key: RSA Public Key [9a:15:e7:5c:73:fe:79:cd:7f:42:d0:23:a9:62:ad:49:15:41:59:50],[56:66:d1:a4]
        modulus: 9ce2acbf6b7a4db6b2acb2b2167b849b9db1122e2895c8adc072d7767b9aab1846d2e11bd96c9fb10dbb4d10e02bfb0c9733a155d446a3df9b53ba7bac9cda578a4ee351d558471f0e5e8708799145587c23451ce8b18690f21d0e4193ff1c25b063a97f4c5c8487f2affa8a4dd4ea05d4b0eb0046e2196d369783d5700c32642040de03f2b906cfca9ebe816cbcb4c2e84de105b0d21377360e0e293e9f49574f79d57ed09af012ab8e7a8a45bf762d4bbae1e8312c10fd647a41434ab7d3431b31ce8f3b2ee9ae185c4c975d12f6e0102e7df68a94549aedcd86660684b7ab0be63a20641d1237dc300c30bd6ebac3cebb7ec9ae33062fb28e8bab499b3253
public exponent: 10001

  Signature Algorithm: SHA256WITHRSA
            Signature: 075a96f2de0b9ca1228921c89707b8a9eea31747
                       98256500b412de1bdd3887506c3d8c37d448a4b5
                       d3330c8cd4ec89db75d1421fe18cd52351321824
                       f1e0a1c1b4dbf8526955afda5d112864263b6551
                       2c98f30366f5a41d2d14dd6d47da38b98b06bb5d
                       153d9144c4da6a1e306eedc0f008486438c41a7c
                       cdab0de3c99ee1883c45ffed942d2cef6d56420f
                       c7c4c13c72fcec4fef3a762c030ef43fe2ba8c72
                       677b56e1397bf06b92c90749f9541dd6a66b5643
                       ed9637a488cd631a4cd01be51b73287599871959
                       ba75bd8d555687eefaa55297b72abffe74a4f9fa
                       3f8f8131c1a3df9c88cb1c4e4cf8300628a965cb
                       4f3747ab2300cf0b7b82d1eb41917f12
       Extensions: 
                       critical(false) 2.5.29.17 value = Sequence
    Tagged [7] IMPLICIT 
        DER Octet String[4] 

                       critical(true) BasicConstraints: isCa(true)
                       critical(true) KeyUsage: 0xbe
 from file: /tmp/junit874119840371964493/junit1390659318724261066/scm-meta/om/certs/CA-1536976341555.crt.
2023-08-23 10:50:54,336 [Time-limited test] INFO  security.OMCertificateClient (DefaultCertificateClient.java:readCertificateFile(237)) - Added certificate   [0]         Version: 3
         SerialNumber: 1539686823644
             IssuerDN: CN=scm-sub-1536972085403@fv-az573-639,OU=cfe7def6-8c13-4f41-b41a-0fabba79f0c2,O=66cd2516-9607-4b16-8c5f-51b4da98e786
           Start Date: Wed Aug 23 10:50:54 UTC 2023
           Final Date: Thu Aug 22 10:50:54 UTC 2024
            SubjectDN: CN=fv-az573-639,OU=cfe7def6-8c13-4f41-b41a-0fabba79f0c2,O=66cd2516-9607-4b16-8c5f-51b4da98e786
           Public Key: RSA Public Key [ed:67:3c:55:fe:c4:4a:84:36:75:e6:52:78:3f:72:40:bb:23:37:62],[56:66:d1:a4]
        modulus: b9c6f245d74facbd4baedcd69b43f237555434a654a35b41ff85daff1f182bbe56d445078de19a87ff97ae9eae7c2915fd3f1e78176381527ba8a873e835f8a4d3ac1e87eb5fa874ba2d77806450e7b92a1551dd6c61746a683a13b42ad9c4818e775bafd8341b4899f28f8e43c0babd12c76df820297e355256d2900587620c03098fbc55af1e3c9fd182c8c4fc89f925c95aede71ce655f88641c4fdd2e65cea2bcf5ab005d6a07ddc254a8fcecf2fc57ac34b34c9ff8b1ea368f9b2ef245a75b5edf485ec0e2cbfc0264dd91e945eaa1180c6bf8c4f40f56574babec0ffcd91842d2b27544b17a0096c343a12acf911b4faaa07280b608da37d6bd9aa2275
public exponent: 10001

  Signature Algorithm: SHA256WITHRSA
            Signature: 696314c19fb5eb4d77744cf48f9aba5e42b1cbb9
                       8b51deaa5f1b6f9a19b9a57d9f4534edbdd5e8a4
                       f0715acca9cc0b5343d8ecfd12d2ce166b496b18
                       06e5b95b332755083187591e9110d31f916f70bc
                       260283b2a1d31922712bac2ce4e952e17025d0f9
                       671335a66fc8d53e5596d69fb94cd33e2c9b35b7
                       1bbf3e66e829672a1cea94112cdb1082767cd767
                       6b441228d0a7ee864786ed251840ad822821e5c8
                       42b9ba5906ccebcbc2cff61e602182d51bca7ca4
                       ee05f4d89db06f62adecedb5932fa91485a9ad3a
                       01e8e6722e89c4d599cbe3cc6cdbe7f0ea6b3c6e
                       d60634060154ae7e8b2f4d9ec6ccaa4d6f5968dc
                       bb1a7f0f33932173a5a46e6d34269788
       Extensions: 
                       critical(false) 2.5.29.17 value = Sequence
    Tagged [7] IMPLICIT 
        DER Octet String[4] 

                       critical(true) KeyUsage: 0xb8
 from file: /tmp/junit874119840371964493/junit1390659318724261066/scm-meta/om/certs/1539686823644.crt.
2023-08-23 10:50:54,338 [Time-limited test] INFO  security.OMCertificateClient (DefaultCertificateClient.java:readCertificateFile(237)) - Added certificate   [0]         Version: 3
         SerialNumber: 1
             IssuerDN: CN=scm-1@fv-az573-639,OU=cfe7def6-8c13-4f41-b41a-0fabba79f0c2,O=66cd2516-9607-4b16-8c5f-51b4da98e786
           Start Date: Wed Aug 23 10:50:51 UTC 2023
           Final Date: Sat Sep 30 10:50:51 UTC 2028
            SubjectDN: CN=scm-1@fv-az573-639,OU=cfe7def6-8c13-4f41-b41a-0fabba79f0c2,O=66cd2516-9607-4b16-8c5f-51b4da98e786
           Public Key: RSA Public Key [e4:75:5a:fc:2d:75:50:76:55:47:a0:7b:ea:25:cd:2e:bf:78:9f:26],[56:66:d1:a4]
        modulus: 983242a0a40b979745fd88e6f11908935f1193bc367163e98cf2f2bae35905b9cf0e65f61ae43a284c7b8b4ca0fb0581da540bf0a4d00cb133c4c8fed7a1d9ba57ce0278bbe493a29b35dcee1eaf3fa640368c82d71fd731fc695bd3177493ecde4a9ad1dc8df9e6b8934e1ee3edb6e76c9363ce9cd808fec85af8b7748e2f740ef8c7de19f863e84a878d58c01395003ae9a36f3f565fb34fe8d1faca6327aa07479210173b803a74e9f35febf65416563e15214f870213c988548e0cb15b51f6407c9e4d9cff34f3705488b12c944427d3955f6f44f3bfcfdf756cfaee71106821a82c240a0d9016e33748b15b7091914c22759782f6c6388372e71e320efb
public exponent: 10001

  Signature Algorithm: SHA256WITHRSA
            Signature: 6dfdc308434f31f77def06965083118a2b9d8585
                       852d796a4b57c8736de7d14e15ba21dc1eea45d2
                       0b6f826f860fe425eb17be5b7aebd08a8a691000
                       b95d759d05ee35adec922b021fe7fcddb30a2266
                       a10538f52ce30e22073b83b0d7e58c95cddb0ded
                       82555e69ec7e8c26c5ea34e3e38fbae5bc897cb3
                       7a7008a0734204e0cc2cc4c2551521b0a931ae10
                       82b0965849a1bdd6fda432528f0ab6480e577b47
                       88c24e92ab978cb21b3b0d70fc4c67b1bade08ba
                       adfcff7247c1734aa2cca043c22f1e8da4c95d2e
                       c8f96a42c24c760619dd80d94833b447c9998791
                       c4f75fd25c5ce8b853f05cbd739fbdd03eb8a5f5
                       ffcf018e25d46507be79a15d159d22ca
       Extensions: 
                       critical(true) BasicConstraints: isCa(true)
                       critical(true) KeyUsage: 0x6
                       critical(false) 2.5.29.17 value = Sequence
    Tagged [7] IMPLICIT 
        DER Octet String[4] 

 from file: /tmp/junit874119840371964493/junit1390659318724261066/scm-meta/om/certs/ROOTCA-1.crt.
2023-08-23 10:50:54,340 [Time-limited test] INFO  security.OMCertificateClient (DefaultCertificateClient.java:startCertificateRenewerService(1347)) - CertificateRenewerService for om is started with first delay 31535989662 ms and interval 3333 ms.
2023-08-23 10:50:54,340 [Time-limited test] INFO  security.OMCertificateClient (DefaultCertificateClient.java:updateCertSerialId(1244)) - Certificate serial ID set to 1539686823644
2023-08-23 10:50:54,342 [Time-limited test] INFO  security.OMCertificateClient (DefaultCertificateClient.java:readCertificateFile(237)) - Added certificate   [0]         Version: 3
         SerialNumber: 1536976341555
             IssuerDN: CN=scm-1@fv-az573-639,OU=cfe7def6-8c13-4f41-b41a-0fabba79f0c2,O=66cd2516-9607-4b16-8c5f-51b4da98e786
           Start Date: Wed Aug 23 10:50:51 UTC 2023
           Final Date: Sat Sep 30 10:50:51 UTC 2028
            SubjectDN: CN=scm-sub-1536972085403@fv-az573-639,OU=cfe7def6-8c13-4f41-b41a-0fabba79f0c2,O=66cd2516-9607-4b16-8c5f-51b4da98e786
           Public Key: RSA Public Key [9a:15:e7:5c:73:fe:79:cd:7f:42:d0:23:a9:62:ad:49:15:41:59:50],[56:66:d1:a4]
        modulus: 9ce2acbf6b7a4db6b2acb2b2167b849b9db1122e2895c8adc072d7767b9aab1846d2e11bd96c9fb10dbb4d10e02bfb0c9733a155d446a3df9b53ba7bac9cda578a4ee351d558471f0e5e8708799145587c23451ce8b18690f21d0e4193ff1c25b063a97f4c5c8487f2affa8a4dd4ea05d4b0eb0046e2196d369783d5700c32642040de03f2b906cfca9ebe816cbcb4c2e84de105b0d21377360e0e293e9f49574f79d57ed09af012ab8e7a8a45bf762d4bbae1e8312c10fd647a41434ab7d3431b31ce8f3b2ee9ae185c4c975d12f6e0102e7df68a94549aedcd86660684b7ab0be63a20641d1237dc300c30bd6ebac3cebb7ec9ae33062fb28e8bab499b3253
public exponent: 10001

  Signature Algorithm: SHA256WITHRSA
            Signature: 075a96f2de0b9ca1228921c89707b8a9eea31747
                       98256500b412de1bdd3887506c3d8c37d448a4b5
                       d3330c8cd4ec89db75d1421fe18cd52351321824
                       f1e0a1c1b4dbf8526955afda5d112864263b6551
                       2c98f30366f5a41d2d14dd6d47da38b98b06bb5d
                       153d9144c4da6a1e306eedc0f008486438c41a7c
                       cdab0de3c99ee1883c45ffed942d2cef6d56420f
                       c7c4c13c72fcec4fef3a762c030ef43fe2ba8c72
                       677b56e1397bf06b92c90749f9541dd6a66b5643
                       ed9637a488cd631a4cd01be51b73287599871959
                       ba75bd8d555687eefaa55297b72abffe74a4f9fa
                       3f8f8131c1a3df9c88cb1c4e4cf8300628a965cb
                       4f3747ab2300cf0b7b82d1eb41917f12
       Extensions: 
                       critical(false) 2.5.29.17 value = Sequence
    Tagged [7] IMPLICIT 
        DER Octet String[4] 

                       critical(true) BasicConstraints: isCa(true)
                       critical(true) KeyUsage: 0xbe
 from file: /tmp/junit874119840371964493/junit1390659318724261066/scm-meta/om/certs/CA-1536976341555.crt.
2023-08-23 10:50:54,343 [Time-limited test] INFO  security.OMCertificateClient (DefaultCertificateClient.java:readCertificateFile(237)) - Added certificate   [0]         Version: 3
         SerialNumber: 1539686823644
             IssuerDN: CN=scm-sub-1536972085403@fv-az573-639,OU=cfe7def6-8c13-4f41-b41a-0fabba79f0c2,O=66cd2516-9607-4b16-8c5f-51b4da98e786
           Start Date: Wed Aug 23 10:50:54 UTC 2023
           Final Date: Thu Aug 22 10:50:54 UTC 2024
            SubjectDN: CN=fv-az573-639,OU=cfe7def6-8c13-4f41-b41a-0fabba79f0c2,O=66cd2516-9607-4b16-8c5f-51b4da98e786
           Public Key: RSA Public Key [ed:67:3c:55:fe:c4:4a:84:36:75:e6:52:78:3f:72:40:bb:23:37:62],[56:66:d1:a4]
        modulus: b9c6f245d74facbd4baedcd69b43f237555434a654a35b41ff85daff1f182bbe56d445078de19a87ff97ae9eae7c2915fd3f1e78176381527ba8a873e835f8a4d3ac1e87eb5fa874ba2d77806450e7b92a1551dd6c61746a683a13b42ad9c4818e775bafd8341b4899f28f8e43c0babd12c76df820297e355256d2900587620c03098fbc55af1e3c9fd182c8c4fc89f925c95aede71ce655f88641c4fdd2e65cea2bcf5ab005d6a07ddc254a8fcecf2fc57ac34b34c9ff8b1ea368f9b2ef245a75b5edf485ec0e2cbfc0264dd91e945eaa1180c6bf8c4f40f56574babec0ffcd91842d2b27544b17a0096c343a12acf911b4faaa07280b608da37d6bd9aa2275
public exponent: 10001

  Signature Algorithm: SHA256WITHRSA
            Signature: 696314c19fb5eb4d77744cf48f9aba5e42b1cbb9
                       8b51deaa5f1b6f9a19b9a57d9f4534edbdd5e8a4
                       f0715acca9cc0b5343d8ecfd12d2ce166b496b18
                       06e5b95b332755083187591e9110d31f916f70bc
                       260283b2a1d31922712bac2ce4e952e17025d0f9
                       671335a66fc8d53e5596d69fb94cd33e2c9b35b7
                       1bbf3e66e829672a1cea94112cdb1082767cd767
                       6b441228d0a7ee864786ed251840ad822821e5c8
                       42b9ba5906ccebcbc2cff61e602182d51bca7ca4
                       ee05f4d89db06f62adecedb5932fa91485a9ad3a
                       01e8e6722e89c4d599cbe3cc6cdbe7f0ea6b3c6e
                       d60634060154ae7e8b2f4d9ec6ccaa4d6f5968dc
                       bb1a7f0f33932173a5a46e6d34269788
       Extensions: 
                       critical(false) 2.5.29.17 value = Sequence
    Tagged [7] IMPLICIT 
        DER Octet String[4] 

                       critical(true) KeyUsage: 0xb8
 from file: /tmp/junit874119840371964493/junit1390659318724261066/scm-meta/om/certs/1539686823644.crt.
2023-08-23 10:50:54,345 [Time-limited test] INFO  security.OMCertificateClient (DefaultCertificateClient.java:readCertificateFile(237)) - Added certificate   [0]         Version: 3
         SerialNumber: 1
             IssuerDN: CN=scm-1@fv-az573-639,OU=cfe7def6-8c13-4f41-b41a-0fabba79f0c2,O=66cd2516-9607-4b16-8c5f-51b4da98e786
           Start Date: Wed Aug 23 10:50:51 UTC 2023
           Final Date: Sat Sep 30 10:50:51 UTC 2028
            SubjectDN: CN=scm-1@fv-az573-639,OU=cfe7def6-8c13-4f41-b41a-0fabba79f0c2,O=66cd2516-9607-4b16-8c5f-51b4da98e786
           Public Key: RSA Public Key [e4:75:5a:fc:2d:75:50:76:55:47:a0:7b:ea:25:cd:2e:bf:78:9f:26],[56:66:d1:a4]
        modulus: 983242a0a40b979745fd88e6f11908935f1193bc367163e98cf2f2bae35905b9cf0e65f61ae43a284c7b8b4ca0fb0581da540bf0a4d00cb133c4c8fed7a1d9ba57ce0278bbe493a29b35dcee1eaf3fa640368c82d71fd731fc695bd3177493ecde4a9ad1dc8df9e6b8934e1ee3edb6e76c9363ce9cd808fec85af8b7748e2f740ef8c7de19f863e84a878d58c01395003ae9a36f3f565fb34fe8d1faca6327aa07479210173b803a74e9f35febf65416563e15214f870213c988548e0cb15b51f6407c9e4d9cff34f3705488b12c944427d3955f6f44f3bfcfdf756cfaee71106821a82c240a0d9016e33748b15b7091914c22759782f6c6388372e71e320efb
public exponent: 10001

  Signature Algorithm: SHA256WITHRSA
            Signature: 6dfdc308434f31f77def06965083118a2b9d8585
                       852d796a4b57c8736de7d14e15ba21dc1eea45d2
                       0b6f826f860fe425eb17be5b7aebd08a8a691000
                       b95d759d05ee35adec922b021fe7fcddb30a2266
                       a10538f52ce30e22073b83b0d7e58c95cddb0ded
                       82555e69ec7e8c26c5ea34e3e38fbae5bc897cb3
                       7a7008a0734204e0cc2cc4c2551521b0a931ae10
                       82b0965849a1bdd6fda432528f0ab6480e577b47
                       88c24e92ab978cb21b3b0d70fc4c67b1bade08ba
                       adfcff7247c1734aa2cca043c22f1e8da4c95d2e
                       c8f96a42c24c760619dd80d94833b447c9998791
                       c4f75fd25c5ce8b853f05cbd739fbdd03eb8a5f5
                       ffcf018e25d46507be79a15d159d22ca
       Extensions: 
                       critical(true) BasicConstraints: isCa(true)
                       critical(true) KeyUsage: 0x6
                       critical(false) 2.5.29.17 value = Sequence
    Tagged [7] IMPLICIT 
        DER Octet String[4] 

 from file: /tmp/junit874119840371964493/junit1390659318724261066/scm-meta/om/certs/ROOTCA-1.crt.
2023-08-23 10:50:54,345 [Time-limited test] INFO  om.OzoneManager (OzoneManager.java:initializeSecurity(1405)) - Successfully stored SCM signed certificate.
2023-08-23 10:50:54,346 [Time-limited test] INFO  om.OzoneManager (OzoneManager.java:stop(2187)) - om1[fv-az573-639:1202]: Stopping Ozone Manager
2023-08-23 10:50:54,346 [Time-limited test] INFO  ipc.Server (Server.java:stop(3523)) - Stopping server on 1202
2023-08-23 10:50:54,350 [Time-limited test] INFO  ratis.OzoneManagerStateMachine (OzoneManagerStateMachine.java:close(534)) - StateMachine has shutdown. Shutdown OzoneManager if not already shutdown.
2023-08-23 10:50:54,350 [Time-limited test] INFO  ratis.OzoneManagerDoubleBuffer (OzoneManagerDoubleBuffer.java:stopDaemon(551)) - Stopping OMDoubleBuffer flush thread
2023-08-23 10:50:54,352 [OMDoubleBufferFlushThread] INFO  ratis.OzoneManagerDoubleBuffer (OzoneManagerDoubleBuffer.java:canFlush(638)) - OMDoubleBuffer flush thread OMDoubleBufferFlushThread is interrupted and will exit.
2023-08-23 10:50:54,354 [Time-limited test] INFO  om.OzoneManager (OzoneManager.java:stopSecretManager(1068)) - Stopping OM delegation token secret manager.
2023-08-23 10:50:54,354 [Time-limited test] INFO  rocksdiff.RocksDBCheckpointDiffer (RocksDBCheckpointDiffer.java:close(340)) - Shutting down CompactionDagPruningService.
2023-08-23 10:50:54,358 [Time-limited test] INFO  snapshot.SnapshotDiffManager (SnapshotDiffManager.java:closeExecutorService(1720)) - Shutting down executorService: 'SnapDiffExecutor'
2023-08-23 10:50:54,358 [Time-limited test] INFO  snapshot.SnapshotDiffManager (SnapshotDiffManager.java:closeExecutorService(1720)) - Shutting down executorService: 'SstDumpToolExecutor'
2023-08-23 10:50:54,359 [Time-limited test] INFO  utils.BackgroundService (BackgroundService.java:shutdown(141)) - Shutting down service SnapshotDiffCleanupService
2023-08-23 10:50:54,363 [Time-limited test] INFO  ha.OMHANodeDetails (OMHANodeDetails.java:loadOMHAConfig(115)) - ozone.om.internal.service.id is not defined, falling back to ozone.om.service.ids to find serviceID for OzoneManager if it is HA enabled cluster
2023-08-23 10:50:54,363 [Time-limited test] INFO  ha.OMHANodeDetails (OMHANodeDetails.java:loadOMHAConfig(226)) - Configuration does not have ozone.om.address set. Falling back to the default OM address fv-az573-639/10.1.0.17:1202
2023-08-23 10:50:54,363 [Time-limited test] INFO  ha.OMHANodeDetails (OMHANodeDetails.java:getOMNodeDetailsForNonHA(254)) - OM Service ID is not set. Setting it to the default ID: omServiceIdDefault
2023-08-23 10:50:54,364 [Time-limited test] INFO  ha.OMHANodeDetails (OMHANodeDetails.java:getOMNodeDetailsForNonHA(261)) - OM Node ID is not set. Setting it to the default ID: om1
2023-08-23 10:50:54,364 [Time-limited test] WARN  server.ServerUtils (ServerUtils.java:getDBPath(311)) - ozone.om.db.dirs is not configured. We recommend adding this setting. Falling back to ozone.metadata.dirs instead.
2023-08-23 10:50:54,365 [Time-limited test] INFO  upgrade.AbstractLayoutVersionManager (AbstractLayoutVersionManager.java:init(83)) - Initializing Layout version manager with metadata layout = QUOTA (version = 6), software layout = QUOTA (version = 6)
2023-08-23 10:50:54,488 [Time-limited test] INFO  reflections.Reflections (Reflections.java:scan(232)) - Reflections took 122 ms to scan 2 urls, producing 188 keys and 512 values [using 2 cores]
2023-08-23 10:50:54,489 [Time-limited test] INFO  upgrade.OMLayoutVersionManager (OMLayoutVersionManager.java:lambda$0(115)) - Skipping Upgrade Action MockOmUpgradeAction since it has been finalized.
2023-08-23 10:50:54,489 [Time-limited test] INFO  upgrade.OMLayoutVersionManager (OMLayoutVersionManager.java:lambda$0(115)) - Skipping Upgrade Action QuotaRepairUpgradeAction since it has been finalized.
2023-08-23 10:50:54,496 [pool-40-thread-1] INFO  request.KdcRequest (KdcRequest.java:preauth(651)) - The preauth data is empty.
2023-08-23 10:50:54,496 [pool-40-thread-1] INFO  server.KdcHandler (KdcHandler.java:handleRecoverableException(177)) - KRB error occurred while processing request:Additional pre-authentication required
2023-08-23 10:50:54,512 [pool-40-thread-2] INFO  request.AsRequest (AsRequest.java:issueTicket(112)) - AS_REQ ISSUE: authtime 1692787854511,scm/fv-az573-639@EXAMPLE.COM for krbtgt/EXAMPLE.COM@EXAMPLE.COM
2023-08-23 10:50:54,514 [Time-limited test] INFO  security.UserGroupInformation (UserGroupInformation.java:loginUserFromKeytab(1132)) - Login successful for user scm/fv-az573-639@EXAMPLE.COM using keytab file scm.keytab. Keytab auto renewal enabled : false
2023-08-23 10:50:54,514 [Time-limited test] INFO  om.OzoneManager (OzoneManager.java:loginOMUser(1161)) - Ozone Manager login successful.
2023-08-23 10:50:54,514 [Time-limited test] WARN  server.ServerUtils (ServerUtils.java:getDBPath(311)) - ozone.om.db.dirs is not configured. We recommend adding this setting. Falling back to ozone.metadata.dirs instead.
2023-08-23 10:50:54,515 [Time-limited test] INFO  proxy.SCMBlockLocationFailoverProxyProvider (SCMBlockLocationFailoverProxyProvider.java:<init>(114)) - Created block location fail-over proxy with 1 nodes: [nodeId=scmNodeId,nodeAddress=/0.0.0.0:9863]
2023-08-23 10:50:54,516 [Time-limited test] INFO  om.OzoneManager (OzoneManager.java:getOmDetailsProto(4552)) - OzoneManager ports added:[name: "RPC"
value: 1202
]
2023-08-23 10:50:54,518 [Time-limited test] INFO  security.OMCertificateClient (DefaultCertificateClient.java:updateCertSerialId(1244)) - Certificate serial ID set to 1539686823644
2023-08-23 10:50:54,527 [Time-limited test] INFO  security.OMCertificateClient (DefaultCertificateClient.java:readCertificateFile(237)) - Added certificate   [0]         Version: 3
         SerialNumber: 1536976341555
             IssuerDN: CN=scm-1@fv-az573-639,OU=cfe7def6-8c13-4f41-b41a-0fabba79f0c2,O=66cd2516-9607-4b16-8c5f-51b4da98e786
           Start Date: Wed Aug 23 10:50:51 UTC 2023
           Final Date: Sat Sep 30 10:50:51 UTC 2028
            SubjectDN: CN=scm-sub-1536972085403@fv-az573-639,OU=cfe7def6-8c13-4f41-b41a-0fabba79f0c2,O=66cd2516-9607-4b16-8c5f-51b4da98e786
           Public Key: RSA Public Key [9a:15:e7:5c:73:fe:79:cd:7f:42:d0:23:a9:62:ad:49:15:41:59:50],[56:66:d1:a4]
        modulus: 9ce2acbf6b7a4db6b2acb2b2167b849b9db1122e2895c8adc072d7767b9aab1846d2e11bd96c9fb10dbb4d10e02bfb0c9733a155d446a3df9b53ba7bac9cda578a4ee351d558471f0e5e8708799145587c23451ce8b18690f21d0e4193ff1c25b063a97f4c5c8487f2affa8a4dd4ea05d4b0eb0046e2196d369783d5700c32642040de03f2b906cfca9ebe816cbcb4c2e84de105b0d21377360e0e293e9f49574f79d57ed09af012ab8e7a8a45bf762d4bbae1e8312c10fd647a41434ab7d3431b31ce8f3b2ee9ae185c4c975d12f6e0102e7df68a94549aedcd86660684b7ab0be63a20641d1237dc300c30bd6ebac3cebb7ec9ae33062fb28e8bab499b3253
public exponent: 10001

  Signature Algorithm: SHA256WITHRSA
            Signature: 075a96f2de0b9ca1228921c89707b8a9eea31747
                       98256500b412de1bdd3887506c3d8c37d448a4b5
                       d3330c8cd4ec89db75d1421fe18cd52351321824
                       f1e0a1c1b4dbf8526955afda5d112864263b6551
                       2c98f30366f5a41d2d14dd6d47da38b98b06bb5d
                       153d9144c4da6a1e306eedc0f008486438c41a7c
                       cdab0de3c99ee1883c45ffed942d2cef6d56420f
                       c7c4c13c72fcec4fef3a762c030ef43fe2ba8c72
                       677b56e1397bf06b92c90749f9541dd6a66b5643
                       ed9637a488cd631a4cd01be51b73287599871959
                       ba75bd8d555687eefaa55297b72abffe74a4f9fa
                       3f8f8131c1a3df9c88cb1c4e4cf8300628a965cb
                       4f3747ab2300cf0b7b82d1eb41917f12
       Extensions: 
                       critical(false) 2.5.29.17 value = Sequence
    Tagged [7] IMPLICIT 
        DER Octet String[4] 

                       critical(true) BasicConstraints: isCa(true)
                       critical(true) KeyUsage: 0xbe
 from file: /tmp/junit874119840371964493/junit1390659318724261066/scm-meta/om/certs/CA-1536976341555.crt.
2023-08-23 10:50:54,533 [Time-limited test] INFO  security.OMCertificateClient (DefaultCertificateClient.java:readCertificateFile(237)) - Added certificate   [0]         Version: 3
         SerialNumber: 1539686823644
             IssuerDN: CN=scm-sub-1536972085403@fv-az573-639,OU=cfe7def6-8c13-4f41-b41a-0fabba79f0c2,O=66cd2516-9607-4b16-8c5f-51b4da98e786
           Start Date: Wed Aug 23 10:50:54 UTC 2023
           Final Date: Thu Aug 22 10:50:54 UTC 2024
            SubjectDN: CN=fv-az573-639,OU=cfe7def6-8c13-4f41-b41a-0fabba79f0c2,O=66cd2516-9607-4b16-8c5f-51b4da98e786
           Public Key: RSA Public Key [ed:67:3c:55:fe:c4:4a:84:36:75:e6:52:78:3f:72:40:bb:23:37:62],[56:66:d1:a4]
        modulus: b9c6f245d74facbd4baedcd69b43f237555434a654a35b41ff85daff1f182bbe56d445078de19a87ff97ae9eae7c2915fd3f1e78176381527ba8a873e835f8a4d3ac1e87eb5fa874ba2d77806450e7b92a1551dd6c61746a683a13b42ad9c4818e775bafd8341b4899f28f8e43c0babd12c76df820297e355256d2900587620c03098fbc55af1e3c9fd182c8c4fc89f925c95aede71ce655f88641c4fdd2e65cea2bcf5ab005d6a07ddc254a8fcecf2fc57ac34b34c9ff8b1ea368f9b2ef245a75b5edf485ec0e2cbfc0264dd91e945eaa1180c6bf8c4f40f56574babec0ffcd91842d2b27544b17a0096c343a12acf911b4faaa07280b608da37d6bd9aa2275
public exponent: 10001

  Signature Algorithm: SHA256WITHRSA
            Signature: 696314c19fb5eb4d77744cf48f9aba5e42b1cbb9
                       8b51deaa5f1b6f9a19b9a57d9f4534edbdd5e8a4
                       f0715acca9cc0b5343d8ecfd12d2ce166b496b18
                       06e5b95b332755083187591e9110d31f916f70bc
                       260283b2a1d31922712bac2ce4e952e17025d0f9
                       671335a66fc8d53e5596d69fb94cd33e2c9b35b7
                       1bbf3e66e829672a1cea94112cdb1082767cd767
                       6b441228d0a7ee864786ed251840ad822821e5c8
                       42b9ba5906ccebcbc2cff61e602182d51bca7ca4
                       ee05f4d89db06f62adecedb5932fa91485a9ad3a
                       01e8e6722e89c4d599cbe3cc6cdbe7f0ea6b3c6e
                       d60634060154ae7e8b2f4d9ec6ccaa4d6f5968dc
                       bb1a7f0f33932173a5a46e6d34269788
       Extensions: 
                       critical(false) 2.5.29.17 value = Sequence
    Tagged [7] IMPLICIT 
        DER Octet String[4] 

                       critical(true) KeyUsage: 0xb8
 from file: /tmp/junit874119840371964493/junit1390659318724261066/scm-meta/om/certs/1539686823644.crt.
2023-08-23 10:50:54,534 [Time-limited test] INFO  security.OMCertificateClient (DefaultCertificateClient.java:readCertificateFile(237)) - Added certificate   [0]         Version: 3
         SerialNumber: 1
             IssuerDN: CN=scm-1@fv-az573-639,OU=cfe7def6-8c13-4f41-b41a-0fabba79f0c2,O=66cd2516-9607-4b16-8c5f-51b4da98e786
           Start Date: Wed Aug 23 10:50:51 UTC 2023
           Final Date: Sat Sep 30 10:50:51 UTC 2028
            SubjectDN: CN=scm-1@fv-az573-639,OU=cfe7def6-8c13-4f41-b41a-0fabba79f0c2,O=66cd2516-9607-4b16-8c5f-51b4da98e786
           Public Key: RSA Public Key [e4:75:5a:fc:2d:75:50:76:55:47:a0:7b:ea:25:cd:2e:bf:78:9f:26],[56:66:d1:a4]
        modulus: 983242a0a40b979745fd88e6f11908935f1193bc367163e98cf2f2bae35905b9cf0e65f61ae43a284c7b8b4ca0fb0581da540bf0a4d00cb133c4c8fed7a1d9ba57ce0278bbe493a29b35dcee1eaf3fa640368c82d71fd731fc695bd3177493ecde4a9ad1dc8df9e6b8934e1ee3edb6e76c9363ce9cd808fec85af8b7748e2f740ef8c7de19f863e84a878d58c01395003ae9a36f3f565fb34fe8d1faca6327aa07479210173b803a74e9f35febf65416563e15214f870213c988548e0cb15b51f6407c9e4d9cff34f3705488b12c944427d3955f6f44f3bfcfdf756cfaee71106821a82c240a0d9016e33748b15b7091914c22759782f6c6388372e71e320efb
public exponent: 10001

  Signature Algorithm: SHA256WITHRSA
            Signature: 6dfdc308434f31f77def06965083118a2b9d8585
                       852d796a4b57c8736de7d14e15ba21dc1eea45d2
                       0b6f826f860fe425eb17be5b7aebd08a8a691000
                       b95d759d05ee35adec922b021fe7fcddb30a2266
                       a10538f52ce30e22073b83b0d7e58c95cddb0ded
                       82555e69ec7e8c26c5ea34e3e38fbae5bc897cb3
                       7a7008a0734204e0cc2cc4c2551521b0a931ae10
                       82b0965849a1bdd6fda432528f0ab6480e577b47
                       88c24e92ab978cb21b3b0d70fc4c67b1bade08ba
                       adfcff7247c1734aa2cca043c22f1e8da4c95d2e
                       c8f96a42c24c760619dd80d94833b447c9998791
                       c4f75fd25c5ce8b853f05cbd739fbdd03eb8a5f5
                       ffcf018e25d46507be79a15d159d22ca
       Extensions: 
                       critical(true) BasicConstraints: isCa(true)
                       critical(true) KeyUsage: 0x6
                       critical(false) 2.5.29.17 value = Sequence
    Tagged [7] IMPLICIT 
        DER Octet String[4] 

 from file: /tmp/junit874119840371964493/junit1390659318724261066/scm-meta/om/certs/ROOTCA-1.crt.
2023-08-23 10:50:54,535 [Time-limited test] INFO  security.OMCertificateClient (DefaultCertificateClient.java:startCertificateRenewerService(1347)) - CertificateRenewerService for om is started with first delay 31535989466 ms and interval 3333 ms.
2023-08-23 10:50:54,551 [Time-limited test] INFO  om.OzoneManager (OzoneManager.java:<init>(662)) - OM start with adminUsers: [scm/fv-az573-639@EXAMPLE.COM, scm]
2023-08-23 10:50:54,552 [Time-limited test] WARN  server.ServerUtils (ServerUtils.java:getDBPath(311)) - ozone.om.db.dirs is not configured. We recommend adding this setting. Falling back to ozone.metadata.dirs instead.
2023-08-23 10:50:54,553 [Time-limited test] INFO  helpers.OmKeyInfo (OmKeyInfo.java:getCodec(71)) - OmKeyInfo.getCodec ignorePipeline = true
2023-08-23 10:50:54,629 [Time-limited test] INFO  om.OzoneManager (OzoneManager.java:instantiateServices(791)) - S3 Multi-Tenancy is disabled
2023-08-23 10:50:54,629 [Time-limited test] INFO  security.OzoneSecretStore (OzoneSecretStore.java:loadState(69)) - Loaded 0 tokens
2023-08-23 10:50:54,629 [Time-limited test] INFO  security.OzoneDelegationTokenSecretManager (OzoneDelegationTokenSecretManager.java:loadTokenSecretState(530)) - Loading token state into token manager.
2023-08-23 10:50:54,629 [Time-limited test] INFO  om.OmSnapshotManager (OmSnapshotManager.java:<init>(175)) - Ozone filesystem snapshot feature is enabled.
2023-08-23 10:50:54,630 [Time-limited test] WARN  server.ServerUtils (ServerUtils.java:getDBPath(311)) - ozone.om.snapshot.diff.db.dir is not configured. We recommend adding this setting. Falling back to ozone.metadata.dirs instead.
2023-08-23 10:50:54,656 [Time-limited test] INFO  snapshot.SnapshotDiffManager (SnapshotDiffManager.java:closeExecutorService(1720)) - Shutting down executorService: 'SstDumpToolExecutor'
2023-08-23 10:50:54,660 [Time-limited test] WARN  server.ServerUtils (ServerUtils.java:getDefaultRatisDirectory(323)) - Storage directory for Ratis is not configured. It is a good idea to map this to an SSD disk. Falling back to ozone.metadata.dirs
2023-08-23 10:50:54,660 [Time-limited test] WARN  utils.OzoneManagerRatisUtils (OzoneManagerRatisUtils.java:getOMRatisSnapshotDirectory(461)) - ozone.om.ratis.snapshot.dir is not configured. Falling back to ozone.metadata.dirs config
2023-08-23 10:50:54,661 [Time-limited test] WARN  server.ServerUtils (ServerUtils.java:getDefaultRatisDirectory(323)) - Storage directory for Ratis is not configured. It is a good idea to map this to an SSD disk. Falling back to ozone.metadata.dirs
2023-08-23 10:50:54,662 [Time-limited test] INFO  ratis.OzoneManagerRatisServer (OzoneManagerRatisServer.java:<init>(163)) - Instantiating OM Ratis server with groupID: omServiceIdDefault and peers: fv-az573-639:9872
2023-08-23 10:50:54,663 [Time-limited test] INFO  ratis.OzoneManagerStateMachine (OzoneManagerStateMachine.java:loadSnapshotInfoFromDB(687)) - LastAppliedIndex is set from TransactionInfo from OM DB as (t:0, i:~)
2023-08-23 10:50:54,664 [Time-limited test] INFO  server.RaftServer (ConfUtils.java:logGet(46)) - raft.rpc.type = GRPC (default)
2023-08-23 10:50:54,664 [Time-limited test] INFO  grpc.GrpcConfigKeys (ConfUtils.java:logFallback(53)) - raft.grpc.admin.host = null (fallback to raft.grpc.server.host)
2023-08-23 10:50:54,664 [Time-limited test] INFO  grpc.GrpcConfigKeys (ConfUtils.java:logFallback(53)) - raft.grpc.admin.port = 9872 (fallback to raft.grpc.server.port)
2023-08-23 10:50:54,665 [Time-limited test] INFO  grpc.GrpcConfigKeys (ConfUtils.java:logFallback(53)) - raft.grpc.client.host = null (fallback to raft.grpc.server.host)
2023-08-23 10:50:54,665 [Time-limited test] INFO  grpc.GrpcConfigKeys (ConfUtils.java:logFallback(53)) - raft.grpc.client.port = 9872 (fallback to raft.grpc.server.port)
2023-08-23 10:50:54,665 [Time-limited test] INFO  grpc.GrpcConfigKeys (ConfUtils.java:logGet(46)) - raft.grpc.server.host = null (default)
2023-08-23 10:50:54,665 [Time-limited test] INFO  grpc.GrpcConfigKeys (ConfUtils.java:logGet(46)) - raft.grpc.server.port = 9872 (custom)
2023-08-23 10:50:54,667 [Time-limited test] INFO  server.GrpcService (ConfUtils.java:logGet(46)) - raft.grpc.message.size.max = 33554432 (custom)
2023-08-23 10:50:54,668 [Time-limited test] INFO  server.RaftServerConfigKeys (ConfUtils.java:logGet(46)) - raft.server.log.appender.buffer.byte-limit = 33554432 (custom)
2023-08-23 10:50:54,668 [Time-limited test] INFO  server.GrpcService (ConfUtils.java:logGet(46)) - raft.grpc.flow.control.window = 1MB (=1048576) (default)
2023-08-23 10:50:54,668 [Time-limited test] INFO  server.RaftServerConfigKeys (ConfUtils.java:logGet(46)) - raft.server.rpc.request.timeout = 3000ms (default)
2023-08-23 10:50:54,668 [Time-limited test] INFO  grpc.GrpcConfigKeys (ConfUtils.java:logGet(46)) - raft.grpc.server.heartbeat.channel = true (default)
2023-08-23 10:50:54,668 [Time-limited test] INFO  grpc.GrpcConfigKeys (ConfUtils.java:logGet(46)) - raft.grpc.server.async.request.thread.pool.cached = true (default)
2023-08-23 10:50:54,668 [Time-limited test] INFO  grpc.GrpcConfigKeys (ConfUtils.java:logGet(46)) - raft.grpc.server.async.request.thread.pool.size = 32 (default)
2023-08-23 10:50:54,670 [Time-limited test] INFO  impl.DataStreamServerImpl (ConfUtils.java:logGet(46)) - raft.datastream.type = DISABLED (default)
2023-08-23 10:50:54,670 [Time-limited test] INFO  server.RaftServerConfigKeys (ConfUtils.java:logGet(46)) - raft.server.threadpool.proxy.cached = true (default)
2023-08-23 10:50:54,671 [Time-limited test] INFO  server.RaftServerConfigKeys (ConfUtils.java:logGet(46)) - raft.server.threadpool.proxy.size = 0 (default)
2023-08-23 10:50:54,671 [Time-limited test] INFO  server.RaftServerConfigKeys (ConfUtils.java:logGet(46)) - raft.server.rpc.slowness.timeout = 120s (custom)
2023-08-23 10:50:54,671 [Time-limited test] INFO  server.RaftServerConfigKeys (ConfUtils.java:logGet(46)) - raft.server.leaderelection.leader.step-down.wait-time = 10s (default)
2023-08-23 10:50:54,671 [Time-limited test] INFO  server.RaftServerConfigKeys (ConfUtils.java:logGet(46)) - raft.server.storage.dir = [/tmp/junit874119840371964493/junit1390659318724261066/scm-meta/ratis] (custom)
2023-08-23 10:50:54,674 [Time-limited test] INFO  server.RaftServer (RaftServerProxy.java:addNew(98)) - om1: addNew group-C5BA1605619E:[om1|rpc:fv-az573-639:9872|priority:0|startupRole:FOLLOWER] returns group-C5BA1605619E:java.util.concurrent.CompletableFuture@6b085ae[Not completed]
2023-08-23 10:50:54,674 [Time-limited test] INFO  om.OzoneManager (OzoneManager.java:initializeRatisServer(2128)) - OzoneManager Ratis server initialized at port 9872
2023-08-23 10:50:54,674 [Time-limited test] INFO  om.OzoneManager (OzoneManager.java:getRpcServer(1193)) - Creating RPC Server
2023-08-23 10:50:54,675 [om1-groupManagement] INFO  server.RaftServer$Division (RaftServerImpl.java:<init>(198)) - om1: new RaftServerImpl for group-C5BA1605619E:[om1|rpc:fv-az573-639:9872|priority:0|startupRole:FOLLOWER] with OzoneManagerStateMachine:uninitialized
2023-08-23 10:50:54,691 [om1-groupManagement] INFO  server.RaftServerConfigKeys (ConfUtils.java:logGet(46)) - raft.server.rpc.timeout.min = 5s (custom)
2023-08-23 10:50:54,691 [om1-groupManagement] INFO  server.RaftServerConfigKeys (ConfUtils.java:logGet(46)) - raft.server.rpc.timeout.max = 5200ms (custom)
2023-08-23 10:50:54,691 [om1-groupManagement] INFO  server.RaftServerConfigKeys (ConfUtils.java:logGet(46)) - raft.server.rpc.sleep.time = 25ms (default)
2023-08-23 10:50:54,691 [om1-groupManagement] INFO  server.RaftServerConfigKeys (ConfUtils.java:logGet(46)) - raft.server.rpc.slowness.timeout = 120s (custom)
2023-08-23 10:50:54,691 [om1-groupManagement] INFO  server.RaftServerConfigKeys (ConfUtils.java:logGet(46)) - raft.server.leaderelection.leader.step-down.wait-time = 10s (default)
2023-08-23 10:50:54,691 [om1-groupManagement] INFO  server.RaftServerConfigKeys (ConfUtils.java:logGet(46)) - raft.server.sleep.deviation.threshold = 300ms (default)
2023-08-23 10:50:54,691 [om1-groupManagement] INFO  server.RaftServer$Division (ServerState.java:<init>(120)) - om1@group-C5BA1605619E: ConfigurationManager, init=-1: peers:[om1|rpc:fv-az573-639:9872|priority:0|startupRole:FOLLOWER]|listeners:[], old=null, confs=<EMPTY_MAP>
2023-08-23 10:50:54,691 [om1-groupManagement] INFO  server.RaftServerConfigKeys (ConfUtils.java:logGet(46)) - raft.server.storage.dir = [/tmp/junit874119840371964493/junit1390659318724261066/scm-meta/ratis] (custom)
2023-08-23 10:50:54,691 [om1-groupManagement] INFO  server.RaftServerConfigKeys (ConfUtils.java:logGet(46)) - raft.server.log.corruption.policy = EXCEPTION (default)
2023-08-23 10:50:54,691 [om1-groupManagement] INFO  server.RaftServerConfigKeys (ConfUtils.java:logGet(46)) - raft.server.storage.free-space.min = 0MB (=0) (default)
2023-08-23 10:50:54,691 [om1-groupManagement] INFO  server.RaftServerConfigKeys (ConfUtils.java:logGet(46)) - raft.server.notification.no-leader.timeout = 120s (custom)
2023-08-23 10:50:54,692 [om1-groupManagement] INFO  server.RaftServerConfigKeys (ConfUtils.java:logGet(46)) - raft.server.read.timeout = 10s (default)
2023-08-23 10:50:54,692 [om1-groupManagement] INFO  server.RaftServerConfigKeys (ConfUtils.java:logGet(46)) - raft.server.retrycache.expirytime = 300s (custom)
2023-08-23 10:50:54,692 [om1-groupManagement] INFO  server.RaftServerConfigKeys (ConfUtils.java:logGet(46)) - raft.server.retrycache.statistics.expirytime = 100μs (default)
2023-08-23 10:50:54,692 [om1-groupManagement] INFO  server.RaftServerConfigKeys (ConfUtils.java:logGet(46)) - raft.server.read.option = DEFAULT (default)
2023-08-23 10:50:54,692 [om1-groupManagement] INFO  server.RaftServerConfigKeys (ConfUtils.java:logGet(46)) - raft.server.rpc.request.timeout = 3000ms (default)
2023-08-23 10:50:54,692 [om1-groupManagement] INFO  server.RaftServerConfigKeys (ConfUtils.java:logGet(46)) - raft.server.log.appender.install.snapshot.enabled = false (custom)
2023-08-23 10:50:54,692 [om1-groupManagement] INFO  server.RaftServerConfigKeys (ConfUtils.java:logGet(46)) - raft.server.threadpool.server.cached = true (default)
2023-08-23 10:50:54,692 [om1-groupManagement] INFO  server.RaftServerConfigKeys (ConfUtils.java:logGet(46)) - raft.server.threadpool.server.size = 0 (default)
2023-08-23 10:50:54,692 [om1-groupManagement] INFO  server.RaftServerConfigKeys (ConfUtils.java:logGet(46)) - raft.server.threadpool.client.cached = true (default)
2023-08-23 10:50:54,693 [om1-groupManagement] INFO  server.RaftServerConfigKeys (ConfUtils.java:logGet(46)) - raft.server.threadpool.client.size = 0 (default)
2023-08-23 10:50:55,140 [Time-limited test] INFO  reflections.Reflections (Reflections.java:scan(232)) - Reflections took 458 ms to scan 19 urls, producing 70 keys and 5642 values [using 2 cores]
2023-08-23 10:50:55,142 [Time-limited test] INFO  ipc.CallQueueManager (CallQueueManager.java:<init>(90)) - Using callQueue: class java.util.concurrent.LinkedBlockingQueue, queueCapacity: 10000, scheduler: class org.apache.hadoop.ipc.DefaultRpcScheduler, ipcBackoff: false.
2023-08-23 10:50:55,143 [Time-limited test] INFO  ipc.Server (Server.java:<init>(1287)) - Listener at fv-az573-639:1202
2023-08-23 10:50:55,149 [Socket Reader #1 for port 1202] INFO  ipc.Server (Server.java:run(1323)) - Starting Socket Reader #1 for port 1202
2023-08-23 10:50:55,866 [Time-limited test] INFO  server.StorageContainerManager (StorageContainerManager.java:stop(1591)) - Container Balancer is not running.
2023-08-23 10:50:55,866 [Time-limited test] INFO  server.StorageContainerManager (StorageContainerManager.java:stopReplicationManager(1724)) - Stopping Replication Manager Service.
2023-08-23 10:50:55,866 [Time-limited test] INFO  replication.ReplicationManager (ReplicationManager.java:stop(319)) - Stopping Replication Monitor Thread.
2023-08-23 10:50:55,866 [Under Replicated Processor] WARN  replication.UnhealthyReplicationProcessor (UnhealthyReplicationProcessor.java:run(180)) - Under Replicated Processor interrupted. Exiting...
2023-08-23 10:50:55,867 [Over Replicated Processor] WARN  replication.UnhealthyReplicationProcessor (UnhealthyReplicationProcessor.java:run(180)) - Over Replicated Processor interrupted. Exiting...
2023-08-23 10:50:55,867 [ReplicationMonitor] INFO  replication.ReplicationManager (ReplicationManager.java:run(917)) - Replication Monitor Thread is stopped
2023-08-23 10:50:55,867 [Time-limited test] INFO  server.StorageContainerManager (StorageContainerManager.java:stop(1600)) - Stopping the Datanode Admin Monitor.
2023-08-23 10:50:55,868 [Time-limited test] INFO  server.StorageContainerManager (StorageContainerManager.java:stop(1607)) - Stopping datanode service RPC server
2023-08-23 10:50:55,868 [Time-limited test] INFO  server.SCMDatanodeProtocolServer (SCMDatanodeProtocolServer.java:stop(424)) - Stopping the RPC server for DataNodes
2023-08-23 10:50:55,868 [Time-limited test] INFO  ipc.Server (Server.java:stop(3523)) - Stopping server on 9861
2023-08-23 10:50:55,875 [IPC Server Responder] INFO  ipc.Server (Server.java:run(1567)) - Stopping IPC Server Responder
2023-08-23 10:50:55,875 [IPC Server listener on 9861] INFO  ipc.Server (Server.java:run(1434)) - Stopping IPC Server listener on 9861
2023-08-23 10:50:57,749 [SCM Heartbeat Processing Thread - 0] WARN  node.NodeStateManager (NodeStateManager.java:scheduleNextHealthCheck(874)) - Current Thread is interrupted, shutting down HB processing thread for Node Manager.
2023-08-23 10:50:57,750 [Time-limited test] INFO  server.StorageContainerManager (StorageContainerManager.java:stop(1615)) - Stopping block service RPC server
2023-08-23 10:50:57,750 [Time-limited test] INFO  server.SCMBlockProtocolServer (SCMBlockProtocolServer.java:stop(161)) - Stopping the RPC server for Block Protocol
2023-08-23 10:50:57,750 [Time-limited test] INFO  ipc.Server (Server.java:stop(3523)) - Stopping server on 9863
2023-08-23 10:50:57,757 [IPC Server Responder] INFO  ipc.Server (Server.java:run(1567)) - Stopping IPC Server Responder
2023-08-23 10:50:57,758 [Time-limited test] INFO  server.StorageContainerManager (StorageContainerManager.java:stop(1622)) - Stopping the StorageContainerLocationProtocol RPC server
2023-08-23 10:50:57,758 [Time-limited test] INFO  server.SCMClientProtocolServer (SCMClientProtocolServer.java:stop(210)) - Stopping the RPC server for Client Protocol
2023-08-23 10:50:57,758 [Time-limited test] INFO  ipc.Server (Server.java:stop(3523)) - Stopping server on 9860
2023-08-23 10:50:57,760 [IPC Server listener on 9863] INFO  ipc.Server (Server.java:run(1434)) - Stopping IPC Server listener on 9863
2023-08-23 10:50:57,763 [IPC Server listener on 9860] INFO  ipc.Server (Server.java:run(1434)) - Stopping IPC Server listener on 9860
2023-08-23 10:50:57,765 [IPC Server Responder] INFO  ipc.Server (Server.java:run(1567)) - Stopping IPC Server Responder
2023-08-23 10:50:57,765 [Time-limited test] INFO  server.StorageContainerManager (StorageContainerManager.java:stop(1629)) - Stopping Storage Container Manager HTTP server.
2023-08-23 10:50:57,766 [Time-limited test] INFO  handler.ContextHandler (ContextHandler.java:doStop(1159)) - Stopped o.e.j.w.WebAppContext@10b9f372{scm,/,null,STOPPED}{file:/home/runner/work/ozone/ozone/hadoop-ozone/integration-test/target/test-classes/webapps/scm}
2023-08-23 10:50:57,771 [Time-limited test] INFO  server.AbstractConnector (AbstractConnector.java:doStop(383)) - Stopped ServerConnector@359cbc86{HTTP/1.1, (http/1.1)}{0.0.0.0:9876}
2023-08-23 10:50:57,771 [Time-limited test] INFO  server.session (HouseKeeper.java:stopScavenging(149)) - node0 Stopped scavenging
2023-08-23 10:50:57,773 [Time-limited test] INFO  handler.ContextHandler (ContextHandler.java:doStop(1159)) - Stopped o.e.j.s.ServletContextHandler@57605cd1{static,/static,file:///home/runner/work/ozone/ozone/hadoop-ozone/integration-test/target/test-classes/webapps/static,STOPPED}
2023-08-23 10:50:57,774 [Time-limited test] INFO  handler.ContextHandler (ContextHandler.java:doStop(1159)) - Stopped o.e.j.s.ServletContextHandler@7aec45e{logs,/logs,file:///home/runner/work/ozone/ozone/hadoop-ozone/integration-test/target/log,STOPPED}
2023-08-23 10:50:57,776 [Time-limited test] INFO  server.StorageContainerManager (StorageContainerManager.java:stop(1637)) - Stopping SCM LayoutVersionManager Service.
2023-08-23 10:50:57,776 [Time-limited test] INFO  server.SCMSecurityProtocolServer (SCMSecurityProtocolServer.java:stop(550)) - Stopping the SCMSecurityProtocolServer.
2023-08-23 10:50:57,777 [Time-limited test] INFO  ipc.Server (Server.java:stop(3523)) - Stopping server on 9961
2023-08-23 10:50:57,777 [IPC Server listener on 9961] INFO  ipc.Server (Server.java:run(1434)) - Stopping IPC Server listener on 9961
2023-08-23 10:50:57,779 [IPC Server Responder] INFO  ipc.Server (Server.java:run(1567)) - Stopping IPC Server Responder
2023-08-23 10:50:57,779 [Time-limited test] INFO  server.SCMUpdateServiceGrpcServer (SCMUpdateServiceGrpcServer.java:stop(73)) - SCMUpdateService stopping
2023-08-23 10:50:57,781 [Time-limited test] INFO  server.SCMUpdateServiceGrpcServer (SCMUpdateServiceGrpcServer.java:stop(85)) - SCMUpdateService stopped!
2023-08-23 10:50:57,781 [Time-limited test] INFO  server.StorageContainerManager (StorageContainerManager.java:stop(1649)) - Stopping Block Manager Service.
2023-08-23 10:50:57,781 [Time-limited test] INFO  utils.BackgroundService (BackgroundService.java:shutdown(141)) - Shutting down service SCMBlockDeletingService
2023-08-23 10:50:57,781 [Time-limited test] INFO  utils.BackgroundService (BackgroundService.java:shutdown(141)) - Shutting down service SCMBlockDeletingService
2023-08-23 10:50:57,782 [Time-limited test] INFO  server.StorageContainerManager (StorageContainerManager.java:stop(1669)) - Stopping SCM Event Queue.
2023-08-23 10:50:57,782 [JvmPauseMonitor1] INFO  util.JvmPauseMonitor (JvmPauseMonitor.java:run(109)) - JvmPauseMonitor-cfe7def6-8c13-4f41-b41a-0fabba79f0c2: Stopped
2023-08-23 10:50:57,783 [Time-limited test] INFO  server.StorageContainerManager (StorageContainerManager.java:stop(1680)) - Stopping SCM HA services.
2023-08-23 10:50:57,783 [Time-limited test] INFO  pipeline.BackgroundPipelineCreator (BackgroundPipelineCreator.java:stop(149)) - Stopping RatisPipelineUtilsThread.
2023-08-23 10:50:57,783 [RatisPipelineUtilsThread - 0] WARN  pipeline.BackgroundPipelineCreator (BackgroundPipelineCreator.java:run(180)) - RatisPipelineUtilsThread is interrupted.
2023-08-23 10:50:57,784 [BackgroundPipelineScrubberThread] WARN  BackgroundPipelineScrubber (BackgroundSCMService.java:run(115)) - BackgroundPipelineScrubber is interrupted, exit
2023-08-23 10:50:57,784 [Time-limited test] INFO  BackgroundPipelineScrubber (BackgroundSCMService.java:stop(131)) - Stopping BackgroundPipelineScrubber Service.
2023-08-23 10:50:57,784 [Time-limited test] INFO  impl.MetricsSystemImpl (MetricsSystemImpl.java:stop(210)) - Stopping StorageContainerManager metrics system...
2023-08-23 10:50:57,785 [prometheus] INFO  impl.MetricsSinkAdapter (MetricsSinkAdapter.java:publishMetricsFromQueue(141)) - prometheus thread interrupted.
2023-08-23 10:50:57,785 [Time-limited test] INFO  impl.MetricsSystemImpl (MetricsSystemImpl.java:stop(216)) - StorageContainerManager metrics system stopped.
2023-08-23 10:50:57,785 [Time-limited test] WARN  pipeline.BackgroundPipelineCreator (BackgroundPipelineCreator.java:stop(145)) - RatisPipelineUtilsThread is not running, just ignore.
2023-08-23 10:50:57,785 [Time-limited test] INFO  BackgroundPipelineScrubber (BackgroundSCMService.java:stop(126)) - BackgroundPipelineScrubber Service is not running, skip stop.
2023-08-23 10:50:57,785 [ExpiredContainerReplicaOpScrubberThread] WARN  ExpiredContainerReplicaOpScrubber (BackgroundSCMService.java:run(115)) - ExpiredContainerReplicaOpScrubber is interrupted, exit
2023-08-23 10:50:57,785 [Time-limited test] INFO  ExpiredContainerReplicaOpScrubber (BackgroundSCMService.java:stop(131)) - Stopping ExpiredContainerReplicaOpScrubber Service.
2023-08-23 10:50:57,786 [Time-limited test] INFO  utils.BackgroundService (BackgroundService.java:shutdown(141)) - Shutting down service SCMBlockDeletingService
2023-08-23 10:50:57,786 [Time-limited test] INFO  replication.ReplicationManager (ReplicationManager.java:stop(329)) - Replication Monitor Thread is not running.
2023-08-23 10:50:57,786 [Time-limited test] WARN  balancer.ContainerBalancer (ContainerBalancer.java:stop(326)) - Cannot stop Container Balancer because it's not running or stopping
2023-08-23 10:50:57,786 [Time-limited test] INFO  server.StorageContainerManager (StorageContainerManager.java:stop(1715)) - Stopping SCM MetadataStore.
2023-08-23 10:50:57,788 [Time-limited test] INFO  impl.DefaultInternalKdcServerImpl (DefaultInternalKdcServerImpl.java:doStop(102)) - Default Internal kdc server stopped.
2023-08-23 10:50:58,788 [Time-limited test] INFO  minikdc.MiniKdc (MiniKdc.java:stop(359)) - MiniKdc stopped.
2023-08-23 10:50:58,789 [Time-limited test] INFO  server.StorageContainerManager (StorageContainerManager.java:stop(1580)) - Storage Container Manager is not running.
2023-08-23 10:50:58,789 [Time-limited test] INFO  server.StorageContainerManager (StorageContainerManager.java:stopReplicationManager(1724)) - Stopping Replication Manager Service.
2023-08-23 10:50:58,789 [Time-limited test] INFO  replication.ReplicationManager (ReplicationManager.java:stop(329)) - Replication Monitor Thread is not running.
2023-08-23 10:50:58,789 [Time-limited test] INFO  server.SCMSecurityProtocolServer (SCMSecurityProtocolServer.java:join(560)) - Join RPC server for SCMSecurityProtocolServer.
2023-08-23 10:50:58,789 [Time-limited test] INFO  server.SCMSecurityProtocolServer (SCMSecurityProtocolServer.java:join(562)) - Join gRPC server for SCMSecurityProtocolServer.
2023-08-23 10:50:58,789 [Time-limited test] INFO  om.OzoneManager (OzoneManager.java:stop(2187)) - om1[fv-az573-639:1202]: Stopping Ozone Manager
2023-08-23 10:50:58,789 [Time-limited test] INFO  ipc.Server (Server.java:stop(3523)) - Stopping server on 1202
2023-08-23 10:51:02,813 [Time-limited test] INFO  om.GrpcOzoneManagerServer (GrpcOzoneManagerServer.java:stop(192)) - Server GrpcOzoneManagerServer is shutdown
2023-08-23 10:51:02,813 [Time-limited test] INFO  ratis.OzoneManagerStateMachine (OzoneManagerStateMachine.java:close(534)) - StateMachine has shutdown. Shutdown OzoneManager if not already shutdown.
2023-08-23 10:51:02,813 [Time-limited test] INFO  ratis.OzoneManagerDoubleBuffer (OzoneManagerDoubleBuffer.java:stopDaemon(551)) - Stopping OMDoubleBuffer flush thread
2023-08-23 10:51:02,813 [OMDoubleBufferFlushThread] INFO  ratis.OzoneManagerDoubleBuffer (OzoneManagerDoubleBuffer.java:canFlush(638)) - OMDoubleBuffer flush thread OMDoubleBufferFlushThread is interrupted and will exit.
2023-08-23 10:51:02,814 [Time-limited test] INFO  om.OzoneManager (OzoneManager.java:stopSecretManager(1063)) - Stopping secret key client.
2023-08-23 10:51:02,814 [Time-limited test] INFO  om.OzoneManager (OzoneManager.java:stopSecretManager(1068)) - Stopping OM delegation token secret manager.
2023-08-23 10:51:02,814 [Time-limited test] INFO  rocksdiff.RocksDBCheckpointDiffer (RocksDBCheckpointDiffer.java:close(340)) - Shutting down CompactionDagPruningService.
2023-08-23 10:51:02,815 [Time-limited test] INFO  snapshot.SnapshotDiffManager (SnapshotDiffManager.java:closeExecutorService(1720)) - Shutting down executorService: 'SnapDiffExecutor'
2023-08-23 10:51:02,815 [Time-limited test] INFO  snapshot.SnapshotDiffManager (SnapshotDiffManager.java:closeExecutorService(1720)) - Shutting down executorService: 'SstDumpToolExecutor'
2023-08-23 10:51:02,815 [Time-limited test] INFO  utils.BackgroundService (BackgroundService.java:shutdown(141)) - Shutting down service SnapshotDiffCleanupService
]]></system-out>
  </testcase>
  <testcase name="testGetSetRevokeS3Secret" classname="org.apache.hadoop.ozone.TestSecureOzoneCluster" time="9.793">
    <system-out><![CDATA[2023-08-23 10:51:02,838 [Time-limited test] INFO  net.ServerSocketUtil (ServerSocketUtil.java:getPort(55)) - Using port 9860
2023-08-23 10:51:02,838 [Time-limited test] INFO  net.ServerSocketUtil (ServerSocketUtil.java:getPort(55)) - Using port 9861
2023-08-23 10:51:02,838 [Time-limited test] INFO  net.ServerSocketUtil (ServerSocketUtil.java:getPort(55)) - Using port 9863
2023-08-23 10:51:02,838 [Time-limited test] INFO  net.ServerSocketUtil (ServerSocketUtil.java:getPort(55)) - Using port 9961
2023-08-23 10:51:02,838 [Time-limited test] INFO  net.ServerSocketUtil (ServerSocketUtil.java:getPort(55)) - Using port 1200
2023-08-23 10:51:02,838 [Time-limited test] INFO  net.ServerSocketUtil (ServerSocketUtil.java:getPort(55)) - Using port 1201
2023-08-23 10:51:02,839 [Time-limited test] INFO  minikdc.MiniKdc (MiniKdc.java:<init>(225)) - Configuration:
2023-08-23 10:51:02,839 [Time-limited test] INFO  minikdc.MiniKdc (MiniKdc.java:<init>(226)) - ---------------------------------------------------------------
2023-08-23 10:51:02,839 [Time-limited test] INFO  minikdc.MiniKdc (MiniKdc.java:<init>(228)) -   debug: false
2023-08-23 10:51:02,839 [Time-limited test] INFO  minikdc.MiniKdc (MiniKdc.java:<init>(228)) -   transport: TCP
2023-08-23 10:51:02,839 [Time-limited test] INFO  minikdc.MiniKdc (MiniKdc.java:<init>(228)) -   max.ticket.lifetime: 86400000
2023-08-23 10:51:02,839 [Time-limited test] INFO  minikdc.MiniKdc (MiniKdc.java:<init>(228)) -   org.name: EXAMPLE
2023-08-23 10:51:02,839 [Time-limited test] INFO  minikdc.MiniKdc (MiniKdc.java:<init>(228)) -   kdc.port: 0
2023-08-23 10:51:02,839 [Time-limited test] INFO  minikdc.MiniKdc (MiniKdc.java:<init>(228)) -   org.domain: COM
2023-08-23 10:51:02,839 [Time-limited test] INFO  minikdc.MiniKdc (MiniKdc.java:<init>(228)) -   max.renewable.lifetime: 604800000
2023-08-23 10:51:02,839 [Time-limited test] INFO  minikdc.MiniKdc (MiniKdc.java:<init>(228)) -   instance: DefaultKrbServer
2023-08-23 10:51:02,839 [Time-limited test] INFO  minikdc.MiniKdc (MiniKdc.java:<init>(228)) -   kdc.bind.address: localhost
2023-08-23 10:51:02,839 [Time-limited test] INFO  minikdc.MiniKdc (MiniKdc.java:<init>(230)) - ---------------------------------------------------------------
2023-08-23 10:51:02,841 [Time-limited test] INFO  minikdc.MiniKdc (MiniKdc.java:start(285)) - MiniKdc started.
2023-08-23 10:51:02,939 [Time-limited test] INFO  om.OzoneManager (OzoneManager.java:getOmDetailsProto(4552)) - OzoneManager ports added:[name: "RPC"
value: 1202
]
2023-08-23 10:51:02,940 [Time-limited test] WARN  server.ServerUtils (ServerUtils.java:getDBPath(311)) - ozone.om.db.dirs is not configured. We recommend adding this setting. Falling back to ozone.metadata.dirs instead.
2023-08-23 10:51:02,941 [Time-limited test] INFO  ha.OMHANodeDetails (OMHANodeDetails.java:loadOMHAConfig(115)) - ozone.om.internal.service.id is not defined, falling back to ozone.om.service.ids to find serviceID for OzoneManager if it is HA enabled cluster
2023-08-23 10:51:02,942 [Time-limited test] INFO  ha.OMHANodeDetails (OMHANodeDetails.java:loadOMHAConfig(226)) - Configuration does not have ozone.om.address set. Falling back to the default OM address fv-az573-639/10.1.0.17:1202
2023-08-23 10:51:02,942 [Time-limited test] INFO  ha.OMHANodeDetails (OMHANodeDetails.java:getOMNodeDetailsForNonHA(254)) - OM Service ID is not set. Setting it to the default ID: omServiceIdDefault
2023-08-23 10:51:02,942 [Time-limited test] INFO  ha.OMHANodeDetails (OMHANodeDetails.java:getOMNodeDetailsForNonHA(261)) - OM Node ID is not set. Setting it to the default ID: om1
2023-08-23 10:51:02,942 [Time-limited test] WARN  server.ServerUtils (ServerUtils.java:getDBPath(311)) - ozone.om.db.dirs is not configured. We recommend adding this setting. Falling back to ozone.metadata.dirs instead.
2023-08-23 10:51:02,943 [Time-limited test] INFO  upgrade.AbstractLayoutVersionManager (AbstractLayoutVersionManager.java:init(83)) - Initializing Layout version manager with metadata layout = QUOTA (version = 6), software layout = QUOTA (version = 6)
2023-08-23 10:51:03,019 [Time-limited test] INFO  reflections.Reflections (Reflections.java:scan(232)) - Reflections took 75 ms to scan 2 urls, producing 188 keys and 512 values [using 2 cores]
2023-08-23 10:51:03,020 [Time-limited test] INFO  upgrade.OMLayoutVersionManager (OMLayoutVersionManager.java:lambda$0(115)) - Skipping Upgrade Action MockOmUpgradeAction since it has been finalized.
2023-08-23 10:51:03,020 [Time-limited test] INFO  upgrade.OMLayoutVersionManager (OMLayoutVersionManager.java:lambda$0(115)) - Skipping Upgrade Action QuotaRepairUpgradeAction since it has been finalized.
2023-08-23 10:51:03,023 [pool-139-thread-1] INFO  request.KdcRequest (KdcRequest.java:preauth(651)) - The preauth data is empty.
2023-08-23 10:51:03,023 [pool-139-thread-1] INFO  server.KdcHandler (KdcHandler.java:handleRecoverableException(177)) - KRB error occurred while processing request:Additional pre-authentication required
2023-08-23 10:51:03,028 [pool-139-thread-1] INFO  request.AsRequest (AsRequest.java:issueTicket(112)) - AS_REQ ISSUE: authtime 1692787863027,om/fv-az573-639@EXAMPLE.COM for krbtgt/EXAMPLE.COM@EXAMPLE.COM
2023-08-23 10:51:03,029 [Time-limited test] INFO  security.UserGroupInformation (UserGroupInformation.java:loginUserFromKeytab(1132)) - Login successful for user om/fv-az573-639@EXAMPLE.COM using keytab file om.keytab. Keytab auto renewal enabled : false
2023-08-23 10:51:03,029 [Time-limited test] INFO  om.OzoneManager (OzoneManager.java:loginOMUser(1161)) - Ozone Manager login successful.
2023-08-23 10:51:03,029 [Time-limited test] WARN  server.ServerUtils (ServerUtils.java:getDBPath(311)) - ozone.om.db.dirs is not configured. We recommend adding this setting. Falling back to ozone.metadata.dirs instead.
2023-08-23 10:51:03,030 [Time-limited test] INFO  proxy.SCMBlockLocationFailoverProxyProvider (SCMBlockLocationFailoverProxyProvider.java:<init>(114)) - Created block location fail-over proxy with 1 nodes: [nodeId=scmNodeId,nodeAddress=localhost/127.0.0.1:9863]
2023-08-23 10:51:03,031 [Time-limited test] INFO  om.OzoneManager (OzoneManager.java:getOmDetailsProto(4552)) - OzoneManager ports added:[name: "RPC"
value: 1202
]
2023-08-23 10:51:03,032 [Time-limited test] INFO  security.OMCertificateClient (DefaultCertificateClient.java:updateCertSerialId(1244)) - Certificate serial ID set to 9879877970576
2023-08-23 10:51:03,032 [Time-limited test] WARN  security.OMCertificateClient (DefaultCertificateClient.java:loadAllCertificates(173)) - Certificates could not be loaded.
java.nio.file.NoSuchFileException: /tmp/junit1294500943877125301/junit5814135160791828601/om-meta/om/certs
	at sun.nio.fs.UnixException.translateToIOException(UnixException.java:86)
	at sun.nio.fs.UnixException.rethrowAsIOException(UnixException.java:102)
	at sun.nio.fs.UnixException.rethrowAsIOException(UnixException.java:107)
	at sun.nio.fs.UnixFileSystemProvider.newDirectoryStream(UnixFileSystemProvider.java:427)
	at java.nio.file.Files.newDirectoryStream(Files.java:457)
	at java.nio.file.Files.list(Files.java:3451)
	at org.apache.hadoop.hdds.security.x509.certificate.client.DefaultCertificateClient.loadAllCertificates(DefaultCertificateClient.java:168)
	at org.apache.hadoop.hdds.security.x509.certificate.client.DefaultCertificateClient.updateCertSerialId(DefaultCertificateClient.java:1245)
	at org.apache.hadoop.hdds.security.x509.certificate.client.DefaultCertificateClient.<init>(DefaultCertificateClient.java:157)
	at org.apache.hadoop.hdds.security.x509.certificate.client.CommonCertificateClient.<init>(CommonCertificateClient.java:49)
	at org.apache.hadoop.ozone.security.OMCertificateClient.<init>(OMCertificateClient.java:68)
	at org.apache.hadoop.ozone.om.OzoneManager.<init>(OzoneManager.java:640)
	at org.apache.hadoop.ozone.om.OzoneManager.createOm(OzoneManager.java:754)
	at org.apache.hadoop.ozone.TestSecureOzoneCluster.setupOm(TestSecureOzoneCluster.java:701)
	at org.apache.hadoop.ozone.TestSecureOzoneCluster.testGetSetRevokeS3Secret(TestSecureOzoneCluster.java:708)
	at sun.reflect.NativeMethodAccessorImpl.invoke0(Native Method)
	at sun.reflect.NativeMethodAccessorImpl.invoke(NativeMethodAccessorImpl.java:62)
	at sun.reflect.DelegatingMethodAccessorImpl.invoke(DelegatingMethodAccessorImpl.java:43)
	at java.lang.reflect.Method.invoke(Method.java:498)
	at org.junit.runners.model.FrameworkMethod$1.runReflectiveCall(FrameworkMethod.java:59)
	at org.junit.internal.runners.model.ReflectiveCallable.run(ReflectiveCallable.java:12)
	at org.junit.runners.model.FrameworkMethod.invokeExplosively(FrameworkMethod.java:56)
	at org.junit.internal.runners.statements.InvokeMethod.evaluate(InvokeMethod.java:17)
	at org.junit.internal.runners.statements.RunBefores.evaluate(RunBefores.java:26)
	at org.junit.internal.runners.statements.RunAfters.evaluate(RunAfters.java:27)
	at org.junit.rules.ExternalResource$1.evaluate(ExternalResource.java:54)
	at org.junit.internal.runners.statements.FailOnTimeout$CallableStatement.call(FailOnTimeout.java:288)
	at org.junit.internal.runners.statements.FailOnTimeout$CallableStatement.call(FailOnTimeout.java:282)
	at java.util.concurrent.FutureTask.run(FutureTask.java:266)
	at java.lang.Thread.run(Thread.java:750)
2023-08-23 10:51:03,034 [Time-limited test] INFO  om.OzoneManager (OzoneManager.java:<init>(662)) - OM start with adminUsers: [scm/fv-az573-639@EXAMPLE.COM, om]
2023-08-23 10:51:03,035 [Time-limited test] WARN  server.ServerUtils (ServerUtils.java:getDBPath(311)) - ozone.om.db.dirs is not configured. We recommend adding this setting. Falling back to ozone.metadata.dirs instead.
2023-08-23 10:51:03,035 [Time-limited test] INFO  helpers.OmKeyInfo (OmKeyInfo.java:getCodec(71)) - OmKeyInfo.getCodec ignorePipeline = true
2023-08-23 10:51:03,209 [Time-limited test] INFO  om.OzoneManager (OzoneManager.java:instantiateServices(791)) - S3 Multi-Tenancy is disabled
2023-08-23 10:51:03,213 [Time-limited test] INFO  security.OzoneSecretStore (OzoneSecretStore.java:loadState(69)) - Loaded 0 tokens
2023-08-23 10:51:03,213 [Time-limited test] INFO  security.OzoneDelegationTokenSecretManager (OzoneDelegationTokenSecretManager.java:loadTokenSecretState(530)) - Loading token state into token manager.
2023-08-23 10:51:03,213 [Time-limited test] INFO  om.OmSnapshotManager (OmSnapshotManager.java:<init>(175)) - Ozone filesystem snapshot feature is enabled.
2023-08-23 10:51:03,213 [Time-limited test] WARN  server.ServerUtils (ServerUtils.java:getDBPath(311)) - ozone.om.snapshot.diff.db.dir is not configured. We recommend adding this setting. Falling back to ozone.metadata.dirs instead.
2023-08-23 10:51:03,233 [Time-limited test] INFO  snapshot.SnapshotDiffManager (SnapshotDiffManager.java:closeExecutorService(1720)) - Shutting down executorService: 'SstDumpToolExecutor'
2023-08-23 10:51:03,244 [Time-limited test] INFO  om.OzoneManager (OzoneManager.java:addS3GVolumeToDB(4284)) - Created Volume s3v With Owner om required for S3Gateway operations.
2023-08-23 10:51:03,244 [Time-limited test] WARN  server.ServerUtils (ServerUtils.java:getDefaultRatisDirectory(323)) - Storage directory for Ratis is not configured. It is a good idea to map this to an SSD disk. Falling back to ozone.metadata.dirs
2023-08-23 10:51:03,244 [Time-limited test] WARN  utils.OzoneManagerRatisUtils (OzoneManagerRatisUtils.java:getOMRatisSnapshotDirectory(461)) - ozone.om.ratis.snapshot.dir is not configured. Falling back to ozone.metadata.dirs config
2023-08-23 10:51:03,245 [Time-limited test] WARN  server.ServerUtils (ServerUtils.java:getDefaultRatisDirectory(323)) - Storage directory for Ratis is not configured. It is a good idea to map this to an SSD disk. Falling back to ozone.metadata.dirs
2023-08-23 10:51:03,246 [Time-limited test] INFO  ratis.OzoneManagerRatisServer (OzoneManagerRatisServer.java:<init>(163)) - Instantiating OM Ratis server with groupID: omServiceIdDefault and peers: fv-az573-639:9872
2023-08-23 10:51:03,247 [Time-limited test] INFO  ratis.OzoneManagerStateMachine (OzoneManagerStateMachine.java:loadSnapshotInfoFromDB(687)) - LastAppliedIndex is set from TransactionInfo from OM DB as (t:0, i:~)
2023-08-23 10:51:03,250 [Time-limited test] INFO  server.RaftServer (ConfUtils.java:logGet(46)) - raft.rpc.type = GRPC (default)
2023-08-23 10:51:03,250 [Time-limited test] INFO  grpc.GrpcConfigKeys (ConfUtils.java:logFallback(53)) - raft.grpc.admin.host = null (fallback to raft.grpc.server.host)
2023-08-23 10:51:03,250 [Time-limited test] INFO  grpc.GrpcConfigKeys (ConfUtils.java:logFallback(53)) - raft.grpc.admin.port = 9872 (fallback to raft.grpc.server.port)
2023-08-23 10:51:03,250 [Time-limited test] INFO  grpc.GrpcConfigKeys (ConfUtils.java:logFallback(53)) - raft.grpc.client.host = null (fallback to raft.grpc.server.host)
2023-08-23 10:51:03,250 [Time-limited test] INFO  grpc.GrpcConfigKeys (ConfUtils.java:logFallback(53)) - raft.grpc.client.port = 9872 (fallback to raft.grpc.server.port)
2023-08-23 10:51:03,250 [Time-limited test] INFO  grpc.GrpcConfigKeys (ConfUtils.java:logGet(46)) - raft.grpc.server.host = null (default)
2023-08-23 10:51:03,250 [Time-limited test] INFO  grpc.GrpcConfigKeys (ConfUtils.java:logGet(46)) - raft.grpc.server.port = 9872 (custom)
2023-08-23 10:51:03,251 [Time-limited test] INFO  server.GrpcService (ConfUtils.java:logGet(46)) - raft.grpc.message.size.max = 33554432 (custom)
2023-08-23 10:51:03,251 [Time-limited test] INFO  server.RaftServerConfigKeys (ConfUtils.java:logGet(46)) - raft.server.log.appender.buffer.byte-limit = 33554432 (custom)
2023-08-23 10:51:03,251 [Time-limited test] INFO  server.GrpcService (ConfUtils.java:logGet(46)) - raft.grpc.flow.control.window = 1MB (=1048576) (default)
2023-08-23 10:51:03,251 [Time-limited test] INFO  server.RaftServerConfigKeys (ConfUtils.java:logGet(46)) - raft.server.rpc.request.timeout = 3000ms (default)
2023-08-23 10:51:03,251 [Time-limited test] INFO  grpc.GrpcConfigKeys (ConfUtils.java:logGet(46)) - raft.grpc.server.heartbeat.channel = true (default)
2023-08-23 10:51:03,251 [Time-limited test] INFO  grpc.GrpcConfigKeys (ConfUtils.java:logGet(46)) - raft.grpc.server.async.request.thread.pool.cached = true (default)
2023-08-23 10:51:03,251 [Time-limited test] INFO  grpc.GrpcConfigKeys (ConfUtils.java:logGet(46)) - raft.grpc.server.async.request.thread.pool.size = 32 (default)
2023-08-23 10:51:03,253 [Time-limited test] INFO  impl.DataStreamServerImpl (ConfUtils.java:logGet(46)) - raft.datastream.type = DISABLED (default)
2023-08-23 10:51:03,253 [Time-limited test] INFO  server.RaftServerConfigKeys (ConfUtils.java:logGet(46)) - raft.server.threadpool.proxy.cached = true (default)
2023-08-23 10:51:03,253 [Time-limited test] INFO  server.RaftServerConfigKeys (ConfUtils.java:logGet(46)) - raft.server.threadpool.proxy.size = 0 (default)
2023-08-23 10:51:03,253 [Time-limited test] INFO  server.RaftServerConfigKeys (ConfUtils.java:logGet(46)) - raft.server.rpc.slowness.timeout = 120s (custom)
2023-08-23 10:51:03,253 [Time-limited test] INFO  server.RaftServerConfigKeys (ConfUtils.java:logGet(46)) - raft.server.leaderelection.leader.step-down.wait-time = 10s (default)
2023-08-23 10:51:03,255 [Time-limited test] INFO  server.RaftServerConfigKeys (ConfUtils.java:logGet(46)) - raft.server.storage.dir = [/tmp/junit1294500943877125301/junit5814135160791828601/om-meta/ratis] (custom)
2023-08-23 10:51:03,256 [Time-limited test] INFO  server.RaftServer (RaftServerProxy.java:addNew(98)) - om1: addNew group-C5BA1605619E:[om1|rpc:fv-az573-639:9872|priority:0|startupRole:FOLLOWER] returns group-C5BA1605619E:java.util.concurrent.CompletableFuture@540bbe9e[Not completed]
2023-08-23 10:51:03,256 [Time-limited test] INFO  om.OzoneManager (OzoneManager.java:initializeRatisServer(2128)) - OzoneManager Ratis server initialized at port 9872
2023-08-23 10:51:03,256 [Time-limited test] INFO  om.OzoneManager (OzoneManager.java:getRpcServer(1193)) - Creating RPC Server
2023-08-23 10:51:03,258 [om1-groupManagement] INFO  server.RaftServer$Division (RaftServerImpl.java:<init>(198)) - om1: new RaftServerImpl for group-C5BA1605619E:[om1|rpc:fv-az573-639:9872|priority:0|startupRole:FOLLOWER] with OzoneManagerStateMachine:uninitialized
2023-08-23 10:51:03,258 [om1-groupManagement] INFO  server.RaftServerConfigKeys (ConfUtils.java:logGet(46)) - raft.server.rpc.timeout.min = 5s (custom)
2023-08-23 10:51:03,258 [om1-groupManagement] INFO  server.RaftServerConfigKeys (ConfUtils.java:logGet(46)) - raft.server.rpc.timeout.max = 5200ms (custom)
2023-08-23 10:51:03,258 [om1-groupManagement] INFO  server.RaftServerConfigKeys (ConfUtils.java:logGet(46)) - raft.server.rpc.sleep.time = 25ms (default)
2023-08-23 10:51:03,258 [om1-groupManagement] INFO  server.RaftServerConfigKeys (ConfUtils.java:logGet(46)) - raft.server.rpc.slowness.timeout = 120s (custom)
2023-08-23 10:51:03,258 [om1-groupManagement] INFO  server.RaftServerConfigKeys (ConfUtils.java:logGet(46)) - raft.server.leaderelection.leader.step-down.wait-time = 10s (default)
2023-08-23 10:51:03,258 [om1-groupManagement] INFO  server.RaftServerConfigKeys (ConfUtils.java:logGet(46)) - raft.server.sleep.deviation.threshold = 300ms (default)
2023-08-23 10:51:03,259 [om1-groupManagement] INFO  server.RaftServer$Division (ServerState.java:<init>(120)) - om1@group-C5BA1605619E: ConfigurationManager, init=-1: peers:[om1|rpc:fv-az573-639:9872|priority:0|startupRole:FOLLOWER]|listeners:[], old=null, confs=<EMPTY_MAP>
2023-08-23 10:51:03,259 [om1-groupManagement] INFO  server.RaftServerConfigKeys (ConfUtils.java:logGet(46)) - raft.server.storage.dir = [/tmp/junit1294500943877125301/junit5814135160791828601/om-meta/ratis] (custom)
2023-08-23 10:51:03,259 [om1-groupManagement] INFO  server.RaftServerConfigKeys (ConfUtils.java:logGet(46)) - raft.server.log.corruption.policy = EXCEPTION (default)
2023-08-23 10:51:03,259 [om1-groupManagement] INFO  server.RaftServerConfigKeys (ConfUtils.java:logGet(46)) - raft.server.storage.free-space.min = 0MB (=0) (default)
2023-08-23 10:51:03,259 [om1-groupManagement] INFO  server.RaftServerConfigKeys (ConfUtils.java:logGet(46)) - raft.server.notification.no-leader.timeout = 120s (custom)
2023-08-23 10:51:03,259 [om1-groupManagement] INFO  server.RaftServerConfigKeys (ConfUtils.java:logGet(46)) - raft.server.read.timeout = 10s (default)
2023-08-23 10:51:03,259 [om1-groupManagement] INFO  server.RaftServerConfigKeys (ConfUtils.java:logGet(46)) - raft.server.retrycache.expirytime = 300s (custom)
2023-08-23 10:51:03,259 [om1-groupManagement] INFO  server.RaftServerConfigKeys (ConfUtils.java:logGet(46)) - raft.server.retrycache.statistics.expirytime = 100μs (default)
2023-08-23 10:51:03,260 [om1-groupManagement] INFO  server.RaftServerConfigKeys (ConfUtils.java:logGet(46)) - raft.server.read.option = DEFAULT (default)
2023-08-23 10:51:03,260 [om1-groupManagement] INFO  server.RaftServerConfigKeys (ConfUtils.java:logGet(46)) - raft.server.rpc.request.timeout = 3000ms (default)
2023-08-23 10:51:03,260 [om1-groupManagement] INFO  server.RaftServerConfigKeys (ConfUtils.java:logGet(46)) - raft.server.log.appender.install.snapshot.enabled = false (custom)
2023-08-23 10:51:03,260 [om1-groupManagement] INFO  server.RaftServerConfigKeys (ConfUtils.java:logGet(46)) - raft.server.threadpool.server.cached = true (default)
2023-08-23 10:51:03,260 [om1-groupManagement] INFO  server.RaftServerConfigKeys (ConfUtils.java:logGet(46)) - raft.server.threadpool.server.size = 0 (default)
2023-08-23 10:51:03,260 [om1-groupManagement] INFO  server.RaftServerConfigKeys (ConfUtils.java:logGet(46)) - raft.server.threadpool.client.cached = true (default)
2023-08-23 10:51:03,260 [om1-groupManagement] INFO  server.RaftServerConfigKeys (ConfUtils.java:logGet(46)) - raft.server.threadpool.client.size = 0 (default)
2023-08-23 10:51:03,640 [Time-limited test] INFO  reflections.Reflections (Reflections.java:scan(232)) - Reflections took 383 ms to scan 19 urls, producing 70 keys and 5642 values [using 2 cores]
2023-08-23 10:51:03,642 [Time-limited test] INFO  ipc.CallQueueManager (CallQueueManager.java:<init>(90)) - Using callQueue: class java.util.concurrent.LinkedBlockingQueue, queueCapacity: 10000, scheduler: class org.apache.hadoop.ipc.DefaultRpcScheduler, ipcBackoff: false.
2023-08-23 10:51:03,642 [Time-limited test] INFO  ipc.Server (Server.java:<init>(1287)) - Listener at fv-az573-639:1202
2023-08-23 10:51:03,643 [Socket Reader #1 for port 1202] INFO  ipc.Server (Server.java:run(1323)) - Starting Socket Reader #1 for port 1202
2023-08-23 10:51:04,073 [Time-limited test] INFO  utils.SelfSignedCertificate (SelfSignedCertificate.java:generateCertificate(157)) - Certificate 1 is issued by CN=rootCA@localhost,OU=scm1,O=cluster1 to CN=rootCA@localhost,OU=scm1,O=cluster1, valid from Wed Aug 23 10:51:04 UTC 2023 to Sat Sep 30 10:51:04 UTC 2028
2023-08-23 10:51:04,076 [Time-limited test] INFO  authority.DefaultApprover (DefaultApprover.java:sign(154)) - Extensions in CSR: 2.5.29.15
2023-08-23 10:51:04,076 [Time-limited test] INFO  authority.DefaultApprover (DefaultApprover.java:sign(158)) - Extensions to add to the certificate if they present in CSR: 2.5.29.17, 2.5.29.19, 1.3.6.1.5.5.7.1.12, 2.5.29.35, 2.5.29.37, 2.5.29.15
2023-08-23 10:51:04,087 [Time-limited test] INFO  ssl.ReloadingX509KeyManager (ReloadingX509KeyManager.java:loadKeyManager(222)) - Key manager is loaded with certificate chain
2023-08-23 10:51:04,089 [Time-limited test] INFO  ssl.ReloadingX509KeyManager (ReloadingX509KeyManager.java:loadKeyManager(224)) - [
[
  Version: V3
  Subject: O=cluster1, OU=scm1, CN=localhost
  Signature Algorithm: SHA256withRSA, OID = 1.2.840.113549.1.1.11

  Key:  Sun RSA public key, 2048 bits
  params: null
  modulus: 18432805881189014649875252888291155629309232376135327475736566288176240252497723365900421941572446359592122944771448140152226316756023662482769294054160189297231312146181602138276068679920215590250737522681245608126359541509608231129117095419736287646978666327571822190251373398723804024528023212493379245349817006371728159482548664030094161858947911146326937090423464190964037948236538751711277200445108064899610243709060646316645396637329801818943147922705315456835108505019915600463224406710607445612375498687542381609842085623906403109627330541185164844041258104880349660124062373487449226727883987645315601310787
  public exponent: 65537
  Validity: [From: Wed Aug 23 10:51:04 UTC 2023,
               To: Thu Aug 22 10:51:04 UTC 2024]
  Issuer: O=cluster1, OU=scm1, CN=rootCA@localhost
  SerialNumber: [    0168c267 a324]

Certificate Extensions: 1
[1]: ObjectId: 2.5.29.15 Criticality=true
KeyUsage [
  DigitalSignature
  Key_Encipherment
  Data_Encipherment
  Key_Agreement
]

]
  Algorithm: [SHA256withRSA]
  Signature:
0000: 88 18 DD 52 A6 81 28 E0   2B FD 7A 60 30 49 FF 8C  ...R..(.+.z`0I..
0010: 37 F0 D1 0F 34 A8 E5 4E   1D 8C 10 06 DC 1C 12 79  7...4..N.......y
0020: 44 BD BB FC 40 29 34 A6   29 CB 94 A0 A1 7E BD CC  D...@)4.).......
0030: 65 FE B1 D8 4A 2B EA 42   B2 46 9B 29 71 CC 58 01  e...J+.B.F.)q.X.
0040: 32 FC 63 B7 79 B7 BD D1   28 EC FA 21 C9 7E A7 2E  2.c.y...(..!....
0050: 54 0E 58 1C E3 D1 0D B3   13 5B A8 76 B6 11 61 87  T.X......[.v..a.
0060: 0B 7E 26 59 61 E8 E6 E3   86 2C C7 31 89 76 D4 E3  ..&Ya....,.1.v..
0070: AC 81 D4 C9 17 9D F0 20   E4 E4 FD 85 3F 30 37 CA  ....... ....?07.
0080: BD C5 5F AA 38 19 26 48   0F 40 A9 0A 8B 2F AC 9A  .._.8.&H.@.../..
0090: 25 CC 50 63 99 EC BA E2   25 2B 7D E8 51 CE 7C 9B  %.Pc....%+..Q...
00A0: 5D 43 4E 05 6F E0 3D F6   37 83 BA 4A B9 A2 CF EA  ]CN.o.=.7..J....
00B0: AA 83 9D 73 C2 39 48 AE   C4 B7 3F C7 F7 C8 81 C2  ...s.9H...?.....
00C0: B8 C9 0A B4 98 31 00 0A   B7 3C CC 0D 68 F0 75 68  .....1...<..h.uh
00D0: 22 F8 F2 D3 21 31 44 81   D4 3A 90 5A A4 4E CF 33  "...!1D..:.Z.N.3
00E0: C4 12 9F 3F EF C8 82 72   C5 30 E5 4C B7 AF 6C F8  ...?...r.0.L..l.
00F0: 4F 5B 1C D9 28 25 22 41   96 20 3A 43 DC B0 D8 02  O[..(%"A. :C....

]
2023-08-23 10:51:04,090 [Time-limited test] INFO  ssl.ReloadingX509KeyManager (ReloadingX509KeyManager.java:loadKeyManager(224)) - [
[
  Version: V3
  Subject: O=cluster1, OU=scm1, CN=rootCA@localhost
  Signature Algorithm: SHA256withRSA, OID = 1.2.840.113549.1.1.11

  Key:  Sun RSA public key, 2048 bits
  params: null
  modulus: 21166785243349708864870580623233235556482072356845560841226900970622925389199755268204034979181701119431014874511650537357235662289471419449394710669676007534437231631325129712232527090973765390917425023071671829421300866300247161101267169612132148953228047768965355698011238008681417052249414202620144388874213633465063101487894124649991286675200352708746034135967754125919995189522289453294116546597291670455142679701314119060620118721976366471707968611939258535130896468141667062687026552940790784815433587974448968893140555307842151576441692831080536431517582640616329424144343754016885524392818012465305265501869
  public exponent: 65537
  Validity: [From: Wed Aug 23 10:51:04 UTC 2023,
               To: Sat Sep 30 10:51:04 UTC 2028]
  Issuer: O=cluster1, OU=scm1, CN=rootCA@localhost
  SerialNumber: [    01]

Certificate Extensions: 2
[1]: ObjectId: 2.5.29.19 Criticality=true
BasicConstraints:[
  CA:true
  PathLen:2147483647
]

[2]: ObjectId: 2.5.29.15 Criticality=true
KeyUsage [
  Key_CertSign
  Crl_Sign
]

]
  Algorithm: [SHA256withRSA]
  Signature:
0000: 30 9B 9F 09 CF F1 B5 0F   2D 8E 10 47 F6 89 FF 0A  0.......-..G....
0010: 0B 70 C9 0B 9A F9 AF E9   82 8F 07 61 2E 84 02 19  .p.........a....
0020: 07 05 C4 ED 7D E2 6F 7A   44 FE BD 96 09 DA 8A A9  ......ozD.......
0030: 60 99 F1 65 D5 5C 77 98   39 7C A0 49 3F 21 0C BB  `..e.\w.9..I?!..
0040: B0 E7 A6 37 72 B4 EC 5D   AA 57 14 EA BA 38 1D 84  ...7r..].W...8..
0050: 8B 60 F1 31 D6 9F 3A C4   97 8D 93 B7 96 EE 12 ED  .`.1..:.........
0060: 58 FC 89 3A BB A8 B2 D5   58 3C 85 E6 23 8C F1 86  X..:....X<..#...
0070: CC C4 61 04 F5 D7 DD DF   D4 F0 F4 20 01 D9 9D 91  ..a........ ....
0080: DA 86 7B 32 93 81 FD 35   C9 C0 53 20 B3 18 BB 1A  ...2...5..S ....
0090: AB 4A 05 33 89 8A 24 98   58 9C 2A 60 89 70 DF 44  .J.3..$.X.*`.p.D
00A0: 69 DF FA EE 3B 23 02 6A   1D 23 42 36 44 08 99 39  i...;#.j.#B6D..9
00B0: 99 F0 09 91 D2 13 7C 09   8E 66 2B CD 37 A2 78 28  .........f+.7.x(
00C0: 62 F8 96 AC DF 26 B0 48   81 81 EA 10 03 C2 DC E4  b....&.H........
00D0: EE 02 E4 5F CE D4 04 EE   21 3C EF 6B 0A A9 56 F5  ..._....!<.k..V.
00E0: FB DD 07 E7 10 1E 98 A9   8D 2C B1 B5 28 02 F7 00  .........,..(...
00F0: D7 04 59 6A 88 A9 7F 64   22 58 77 92 87 0D 4A 3D  ..Yj...d"Xw...J=

]
2023-08-23 10:51:04,137 [Time-limited test] INFO  ssl.ReloadingX509TrustManager (ReloadingX509TrustManager.java:insertCertsToKeystore(188)) - Trust manager is loaded with certificates
2023-08-23 10:51:04,138 [Time-limited test] INFO  ssl.ReloadingX509TrustManager (ReloadingX509TrustManager.java:insertCertsToKeystore(192)) - [
[
  Version: V3
  Subject: O=cluster1, OU=scm1, CN=rootCA@localhost
  Signature Algorithm: SHA256withRSA, OID = 1.2.840.113549.1.1.11

  Key:  Sun RSA public key, 2048 bits
  params: null
  modulus: 21166785243349708864870580623233235556482072356845560841226900970622925389199755268204034979181701119431014874511650537357235662289471419449394710669676007534437231631325129712232527090973765390917425023071671829421300866300247161101267169612132148953228047768965355698011238008681417052249414202620144388874213633465063101487894124649991286675200352708746034135967754125919995189522289453294116546597291670455142679701314119060620118721976366471707968611939258535130896468141667062687026552940790784815433587974448968893140555307842151576441692831080536431517582640616329424144343754016885524392818012465305265501869
  public exponent: 65537
  Validity: [From: Wed Aug 23 10:51:04 UTC 2023,
               To: Sat Sep 30 10:51:04 UTC 2028]
  Issuer: O=cluster1, OU=scm1, CN=rootCA@localhost
  SerialNumber: [    01]

Certificate Extensions: 2
[1]: ObjectId: 2.5.29.19 Criticality=true
BasicConstraints:[
  CA:true
  PathLen:2147483647
]

[2]: ObjectId: 2.5.29.15 Criticality=true
KeyUsage [
  Key_CertSign
  Crl_Sign
]

]
  Algorithm: [SHA256withRSA]
  Signature:
0000: 30 9B 9F 09 CF F1 B5 0F   2D 8E 10 47 F6 89 FF 0A  0.......-..G....
0010: 0B 70 C9 0B 9A F9 AF E9   82 8F 07 61 2E 84 02 19  .p.........a....
0020: 07 05 C4 ED 7D E2 6F 7A   44 FE BD 96 09 DA 8A A9  ......ozD.......
0030: 60 99 F1 65 D5 5C 77 98   39 7C A0 49 3F 21 0C BB  `..e.\w.9..I?!..
0040: B0 E7 A6 37 72 B4 EC 5D   AA 57 14 EA BA 38 1D 84  ...7r..].W...8..
0050: 8B 60 F1 31 D6 9F 3A C4   97 8D 93 B7 96 EE 12 ED  .`.1..:.........
0060: 58 FC 89 3A BB A8 B2 D5   58 3C 85 E6 23 8C F1 86  X..:....X<..#...
0070: CC C4 61 04 F5 D7 DD DF   D4 F0 F4 20 01 D9 9D 91  ..a........ ....
0080: DA 86 7B 32 93 81 FD 35   C9 C0 53 20 B3 18 BB 1A  ...2...5..S ....
0090: AB 4A 05 33 89 8A 24 98   58 9C 2A 60 89 70 DF 44  .J.3..$.X.*`.p.D
00A0: 69 DF FA EE 3B 23 02 6A   1D 23 42 36 44 08 99 39  i...;#.j.#B6D..9
00B0: 99 F0 09 91 D2 13 7C 09   8E 66 2B CD 37 A2 78 28  .........f+.7.x(
00C0: 62 F8 96 AC DF 26 B0 48   81 81 EA 10 03 C2 DC E4  b....&.H........
00D0: EE 02 E4 5F CE D4 04 EE   21 3C EF 6B 0A A9 56 F5  ..._....!<.k..V.
00E0: FB DD 07 E7 10 1E 98 A9   8D 2C B1 B5 28 02 F7 00  .........,..(...
00F0: D7 04 59 6A 88 A9 7F 64   22 58 77 92 87 0D 4A 3D  ..Yj...d"Xw...J=

]
2023-08-23 10:51:04,147 [Time-limited test] INFO  ssl.ReloadingX509KeyManager (ReloadingX509KeyManager.java:loadKeyManager(222)) - Key manager is loaded with certificate chain
2023-08-23 10:51:04,147 [Time-limited test] INFO  ssl.ReloadingX509KeyManager (ReloadingX509KeyManager.java:loadKeyManager(224)) - [
[
  Version: V3
  Subject: O=cluster1, OU=scm1, CN=localhost
  Signature Algorithm: SHA256withRSA, OID = 1.2.840.113549.1.1.11

  Key:  Sun RSA public key, 2048 bits
  params: null
  modulus: 18432805881189014649875252888291155629309232376135327475736566288176240252497723365900421941572446359592122944771448140152226316756023662482769294054160189297231312146181602138276068679920215590250737522681245608126359541509608231129117095419736287646978666327571822190251373398723804024528023212493379245349817006371728159482548664030094161858947911146326937090423464190964037948236538751711277200445108064899610243709060646316645396637329801818943147922705315456835108505019915600463224406710607445612375498687542381609842085623906403109627330541185164844041258104880349660124062373487449226727883987645315601310787
  public exponent: 65537
  Validity: [From: Wed Aug 23 10:51:04 UTC 2023,
               To: Thu Aug 22 10:51:04 UTC 2024]
  Issuer: O=cluster1, OU=scm1, CN=rootCA@localhost
  SerialNumber: [    0168c267 a324]

Certificate Extensions: 1
[1]: ObjectId: 2.5.29.15 Criticality=true
KeyUsage [
  DigitalSignature
  Key_Encipherment
  Data_Encipherment
  Key_Agreement
]

]
  Algorithm: [SHA256withRSA]
  Signature:
0000: 88 18 DD 52 A6 81 28 E0   2B FD 7A 60 30 49 FF 8C  ...R..(.+.z`0I..
0010: 37 F0 D1 0F 34 A8 E5 4E   1D 8C 10 06 DC 1C 12 79  7...4..N.......y
0020: 44 BD BB FC 40 29 34 A6   29 CB 94 A0 A1 7E BD CC  D...@)4.).......
0030: 65 FE B1 D8 4A 2B EA 42   B2 46 9B 29 71 CC 58 01  e...J+.B.F.)q.X.
0040: 32 FC 63 B7 79 B7 BD D1   28 EC FA 21 C9 7E A7 2E  2.c.y...(..!....
0050: 54 0E 58 1C E3 D1 0D B3   13 5B A8 76 B6 11 61 87  T.X......[.v..a.
0060: 0B 7E 26 59 61 E8 E6 E3   86 2C C7 31 89 76 D4 E3  ..&Ya....,.1.v..
0070: AC 81 D4 C9 17 9D F0 20   E4 E4 FD 85 3F 30 37 CA  ....... ....?07.
0080: BD C5 5F AA 38 19 26 48   0F 40 A9 0A 8B 2F AC 9A  .._.8.&H.@.../..
0090: 25 CC 50 63 99 EC BA E2   25 2B 7D E8 51 CE 7C 9B  %.Pc....%+..Q...
00A0: 5D 43 4E 05 6F E0 3D F6   37 83 BA 4A B9 A2 CF EA  ]CN.o.=.7..J....
00B0: AA 83 9D 73 C2 39 48 AE   C4 B7 3F C7 F7 C8 81 C2  ...s.9H...?.....
00C0: B8 C9 0A B4 98 31 00 0A   B7 3C CC 0D 68 F0 75 68  .....1...<..h.uh
00D0: 22 F8 F2 D3 21 31 44 81   D4 3A 90 5A A4 4E CF 33  "...!1D..:.Z.N.3
00E0: C4 12 9F 3F EF C8 82 72   C5 30 E5 4C B7 AF 6C F8  ...?...r.0.L..l.
00F0: 4F 5B 1C D9 28 25 22 41   96 20 3A 43 DC B0 D8 02  O[..(%"A. :C....

]
2023-08-23 10:51:04,148 [Time-limited test] INFO  ssl.ReloadingX509KeyManager (ReloadingX509KeyManager.java:loadKeyManager(224)) - [
[
  Version: V3
  Subject: O=cluster1, OU=scm1, CN=rootCA@localhost
  Signature Algorithm: SHA256withRSA, OID = 1.2.840.113549.1.1.11

  Key:  Sun RSA public key, 2048 bits
  params: null
  modulus: 21166785243349708864870580623233235556482072356845560841226900970622925389199755268204034979181701119431014874511650537357235662289471419449394710669676007534437231631325129712232527090973765390917425023071671829421300866300247161101267169612132148953228047768965355698011238008681417052249414202620144388874213633465063101487894124649991286675200352708746034135967754125919995189522289453294116546597291670455142679701314119060620118721976366471707968611939258535130896468141667062687026552940790784815433587974448968893140555307842151576441692831080536431517582640616329424144343754016885524392818012465305265501869
  public exponent: 65537
  Validity: [From: Wed Aug 23 10:51:04 UTC 2023,
               To: Sat Sep 30 10:51:04 UTC 2028]
  Issuer: O=cluster1, OU=scm1, CN=rootCA@localhost
  SerialNumber: [    01]

Certificate Extensions: 2
[1]: ObjectId: 2.5.29.19 Criticality=true
BasicConstraints:[
  CA:true
  PathLen:2147483647
]

[2]: ObjectId: 2.5.29.15 Criticality=true
KeyUsage [
  Key_CertSign
  Crl_Sign
]

]
  Algorithm: [SHA256withRSA]
  Signature:
0000: 30 9B 9F 09 CF F1 B5 0F   2D 8E 10 47 F6 89 FF 0A  0.......-..G....
0010: 0B 70 C9 0B 9A F9 AF E9   82 8F 07 61 2E 84 02 19  .p.........a....
0020: 07 05 C4 ED 7D E2 6F 7A   44 FE BD 96 09 DA 8A A9  ......ozD.......
0030: 60 99 F1 65 D5 5C 77 98   39 7C A0 49 3F 21 0C BB  `..e.\w.9..I?!..
0040: B0 E7 A6 37 72 B4 EC 5D   AA 57 14 EA BA 38 1D 84  ...7r..].W...8..
0050: 8B 60 F1 31 D6 9F 3A C4   97 8D 93 B7 96 EE 12 ED  .`.1..:.........
0060: 58 FC 89 3A BB A8 B2 D5   58 3C 85 E6 23 8C F1 86  X..:....X<..#...
0070: CC C4 61 04 F5 D7 DD DF   D4 F0 F4 20 01 D9 9D 91  ..a........ ....
0080: DA 86 7B 32 93 81 FD 35   C9 C0 53 20 B3 18 BB 1A  ...2...5..S ....
0090: AB 4A 05 33 89 8A 24 98   58 9C 2A 60 89 70 DF 44  .J.3..$.X.*`.p.D
00A0: 69 DF FA EE 3B 23 02 6A   1D 23 42 36 44 08 99 39  i...;#.j.#B6D..9
00B0: 99 F0 09 91 D2 13 7C 09   8E 66 2B CD 37 A2 78 28  .........f+.7.x(
00C0: 62 F8 96 AC DF 26 B0 48   81 81 EA 10 03 C2 DC E4  b....&.H........
00D0: EE 02 E4 5F CE D4 04 EE   21 3C EF 6B 0A A9 56 F5  ..._....!<.k..V.
00E0: FB DD 07 E7 10 1E 98 A9   8D 2C B1 B5 28 02 F7 00  .........,..(...
00F0: D7 04 59 6A 88 A9 7F 64   22 58 77 92 87 0D 4A 3D  ..Yj...d"Xw...J=

]
2023-08-23 10:51:04,148 [Time-limited test] INFO  ssl.ReloadingX509TrustManager (ReloadingX509TrustManager.java:insertCertsToKeystore(188)) - Trust manager is loaded with certificates
2023-08-23 10:51:04,149 [Time-limited test] INFO  ssl.ReloadingX509TrustManager (ReloadingX509TrustManager.java:insertCertsToKeystore(192)) - [
[
  Version: V3
  Subject: O=cluster1, OU=scm1, CN=rootCA@localhost
  Signature Algorithm: SHA256withRSA, OID = 1.2.840.113549.1.1.11

  Key:  Sun RSA public key, 2048 bits
  params: null
  modulus: 21166785243349708864870580623233235556482072356845560841226900970622925389199755268204034979181701119431014874511650537357235662289471419449394710669676007534437231631325129712232527090973765390917425023071671829421300866300247161101267169612132148953228047768965355698011238008681417052249414202620144388874213633465063101487894124649991286675200352708746034135967754125919995189522289453294116546597291670455142679701314119060620118721976366471707968611939258535130896468141667062687026552940790784815433587974448968893140555307842151576441692831080536431517582640616329424144343754016885524392818012465305265501869
  public exponent: 65537
  Validity: [From: Wed Aug 23 10:51:04 UTC 2023,
               To: Sat Sep 30 10:51:04 UTC 2028]
  Issuer: O=cluster1, OU=scm1, CN=rootCA@localhost
  SerialNumber: [    01]

Certificate Extensions: 2
[1]: ObjectId: 2.5.29.19 Criticality=true
BasicConstraints:[
  CA:true
  PathLen:2147483647
]

[2]: ObjectId: 2.5.29.15 Criticality=true
KeyUsage [
  Key_CertSign
  Crl_Sign
]

]
  Algorithm: [SHA256withRSA]
  Signature:
0000: 30 9B 9F 09 CF F1 B5 0F   2D 8E 10 47 F6 89 FF 0A  0.......-..G....
0010: 0B 70 C9 0B 9A F9 AF E9   82 8F 07 61 2E 84 02 19  .p.........a....
0020: 07 05 C4 ED 7D E2 6F 7A   44 FE BD 96 09 DA 8A A9  ......ozD.......
0030: 60 99 F1 65 D5 5C 77 98   39 7C A0 49 3F 21 0C BB  `..e.\w.9..I?!..
0040: B0 E7 A6 37 72 B4 EC 5D   AA 57 14 EA BA 38 1D 84  ...7r..].W...8..
0050: 8B 60 F1 31 D6 9F 3A C4   97 8D 93 B7 96 EE 12 ED  .`.1..:.........
0060: 58 FC 89 3A BB A8 B2 D5   58 3C 85 E6 23 8C F1 86  X..:....X<..#...
0070: CC C4 61 04 F5 D7 DD DF   D4 F0 F4 20 01 D9 9D 91  ..a........ ....
0080: DA 86 7B 32 93 81 FD 35   C9 C0 53 20 B3 18 BB 1A  ...2...5..S ....
0090: AB 4A 05 33 89 8A 24 98   58 9C 2A 60 89 70 DF 44  .J.3..$.X.*`.p.D
00A0: 69 DF FA EE 3B 23 02 6A   1D 23 42 36 44 08 99 39  i...;#.j.#B6D..9
00B0: 99 F0 09 91 D2 13 7C 09   8E 66 2B CD 37 A2 78 28  .........f+.7.x(
00C0: 62 F8 96 AC DF 26 B0 48   81 81 EA 10 03 C2 DC E4  b....&.H........
00D0: EE 02 E4 5F CE D4 04 EE   21 3C EF 6B 0A A9 56 F5  ..._....!<.k..V.
00E0: FB DD 07 E7 10 1E 98 A9   8D 2C B1 B5 28 02 F7 00  .........,..(...
00F0: D7 04 59 6A 88 A9 7F 64   22 58 77 92 87 0D 4A 3D  ..Yj...d"Xw...J=

]
2023-08-23 10:51:04,152 [Time-limited test] WARN  impl.MetricsConfig (MetricsConfig.java:loadFirst(136)) - Cannot locate configuration: tried hadoop-metrics2-ozonemanager.properties,hadoop-metrics2.properties
2023-08-23 10:51:04,152 [Time-limited test] INFO  impl.MetricsSystemImpl (MetricsSystemImpl.java:startTimer(378)) - Scheduled Metric snapshot period at 10 second(s).
2023-08-23 10:51:04,153 [Time-limited test] INFO  impl.MetricsSystemImpl (MetricsSystemImpl.java:start(191)) - OzoneManager metrics system started
2023-08-23 10:51:04,161 [Time-limited test] INFO  impl.MetricsSinkAdapter (MetricsSinkAdapter.java:start(204)) - Sink prometheus started
2023-08-23 10:51:04,161 [Time-limited test] INFO  impl.MetricsSystemImpl (MetricsSystemImpl.java:registerSink(305)) - Registered sink prometheus
2023-08-23 10:51:04,175 [Time-limited test] INFO  om.OzoneManager (OzoneManager.java:start(1613)) - OzoneManager RPC server is listening at fv-az573-639/10.1.0.17:1202
2023-08-23 10:51:04,176 [Time-limited test] INFO  ratis.OzoneManagerRatisServer (OzoneManagerRatisServer.java:start(558)) - Starting OzoneManagerRatisServer om1 at port 9872
2023-08-23 10:51:04,178 [om1-impl-thread1] INFO  storage.RaftStorageDirectory (RaftStorageDirectoryImpl.java:analyzeStorage(137)) - The storage directory /tmp/junit1294500943877125301/junit5814135160791828601/om-meta/ratis/bf265839-605b-3f16-9796-c5ba1605619e does not exist. Creating ...
2023-08-23 10:51:04,184 [om1-impl-thread1] INFO  storage.RaftStorageDirectory (RaftStorageDirectoryImpl.java:tryLock(231)) - Lock on /tmp/junit1294500943877125301/junit5814135160791828601/om-meta/ratis/bf265839-605b-3f16-9796-c5ba1605619e/in_use.lock acquired by nodename 9587@fv-az573-639
2023-08-23 10:51:04,189 [om1-impl-thread1] INFO  storage.RaftStorage (RaftStorageImpl.java:format(96)) - Storage directory /tmp/junit1294500943877125301/junit5814135160791828601/om-meta/ratis/bf265839-605b-3f16-9796-c5ba1605619e has been successfully formatted.
2023-08-23 10:51:04,191 [om1-impl-thread1] INFO  server.RaftServerConfigKeys (ConfUtils.java:logGet(46)) - raft.server.log.use.memory = false (default)
2023-08-23 10:51:04,198 [om1-impl-thread1] INFO  server.RaftServerConfigKeys (ConfUtils.java:logGet(46)) - raft.server.log.purge.gap = 1000000 (custom)
2023-08-23 10:51:04,198 [om1-impl-thread1] INFO  server.RaftServerConfigKeys (ConfUtils.java:logGet(46)) - raft.server.log.appender.buffer.byte-limit = 33554432 (custom)
2023-08-23 10:51:04,199 [om1-impl-thread1] INFO  server.RaftServerConfigKeys (ConfUtils.java:logGet(46)) - raft.server.log.statemachine.data.read.timeout = 1000ms (default)
2023-08-23 10:51:04,200 [om1-impl-thread1] INFO  server.RaftServerConfigKeys (ConfUtils.java:logGet(46)) - raft.server.log.purge.preservation.log.num = 0 (default)
2023-08-23 10:51:04,202 [om1-impl-thread1] INFO  server.RaftServerConfigKeys (ConfUtils.java:logGet(46)) - raft.server.log.segment.size.max = 4194304 (custom)
2023-08-23 10:51:04,207 [om1-impl-thread1] INFO  server.RaftServerConfigKeys (ConfUtils.java:logGet(46)) - raft.server.log.segment.cache.num.max = 2 (custom)
2023-08-23 10:51:04,207 [om1-impl-thread1] INFO  server.RaftServerConfigKeys (ConfUtils.java:logGet(46)) - raft.server.log.segment.cache.size.max = 200MB (=209715200) (default)
2023-08-23 10:51:04,207 [om1-impl-thread1] INFO  server.RaftServerConfigKeys (ConfUtils.java:logGet(46)) - raft.server.log.appender.buffer.byte-limit = 33554432 (custom)
2023-08-23 10:51:04,212 [om1-impl-thread1] INFO  segmented.SegmentedRaftLogWorker (SegmentedRaftLogWorker.java:<init>(188)) - new om1@group-C5BA1605619E-SegmentedRaftLogWorker for RaftStorageImpl:Storage Directory /tmp/junit1294500943877125301/junit5814135160791828601/om-meta/ratis/bf265839-605b-3f16-9796-c5ba1605619e
2023-08-23 10:51:04,212 [om1-impl-thread1] INFO  server.RaftServerConfigKeys (ConfUtils.java:logGet(46)) - raft.server.log.queue.byte-limit = 64MB (=67108864) (default)
2023-08-23 10:51:04,212 [om1-impl-thread1] INFO  server.RaftServerConfigKeys (ConfUtils.java:logGet(46)) - raft.server.log.queue.element-limit = 4096 (default)
2023-08-23 10:51:04,213 [om1-impl-thread1] INFO  server.RaftServerConfigKeys (ConfUtils.java:logGet(46)) - raft.server.log.segment.size.max = 4194304 (custom)
2023-08-23 10:51:04,213 [om1-impl-thread1] INFO  server.RaftServerConfigKeys (ConfUtils.java:logGet(46)) - raft.server.log.preallocated.size = 4194304 (custom)
2023-08-23 10:51:04,214 [om1-impl-thread1] INFO  server.RaftServerConfigKeys (ConfUtils.java:logGet(46)) - raft.server.log.force.sync.num = 128 (default)
2023-08-23 10:51:04,215 [om1-impl-thread1] INFO  server.RaftServerConfigKeys (ConfUtils.java:logGet(46)) - raft.server.log.statemachine.data.sync = true (default)
2023-08-23 10:51:04,216 [om1-impl-thread1] INFO  server.RaftServerConfigKeys (ConfUtils.java:logGet(46)) - raft.server.log.statemachine.data.sync.timeout = 10s (default)
2023-08-23 10:51:04,216 [om1-impl-thread1] INFO  server.RaftServerConfigKeys (ConfUtils.java:logGet(46)) - raft.server.log.statemachine.data.sync.timeout.retry = -1 (default)
2023-08-23 10:51:04,224 [om1-impl-thread1] INFO  server.RaftServerConfigKeys (ConfUtils.java:logGet(46)) - raft.server.log.write.buffer.size = 64KB (=65536) (default)
2023-08-23 10:51:04,224 [om1-impl-thread1] INFO  server.RaftServerConfigKeys (ConfUtils.java:logGet(46)) - raft.server.log.appender.buffer.byte-limit = 33554432 (custom)
2023-08-23 10:51:04,231 [om1-impl-thread1] INFO  server.RaftServerConfigKeys (ConfUtils.java:logGet(46)) - raft.server.log.unsafe-flush.enabled = false (default)
2023-08-23 10:51:04,231 [om1-impl-thread1] INFO  server.RaftServerConfigKeys (ConfUtils.java:logGet(46)) - raft.server.log.async-flush.enabled = false (default)
2023-08-23 10:51:04,231 [om1-impl-thread1] INFO  server.RaftServerConfigKeys (ConfUtils.java:logGet(46)) - raft.server.log.statemachine.data.caching.enabled = false (default)
2023-08-23 10:51:04,238 [om1-impl-thread1] INFO  segmented.SegmentedRaftLogWorker (SegmentedRaftLogWorker.java:lambda$new$0(135)) - om1@group-C5BA1605619E-SegmentedRaftLogWorker: flushIndex: setUnconditionally 0 -> -1
2023-08-23 10:51:04,238 [om1-impl-thread1] INFO  segmented.SegmentedRaftLogWorker (SegmentedRaftLogWorker.java:lambda$new$0(135)) - om1@group-C5BA1605619E-SegmentedRaftLogWorker: safeCacheEvictIndex: setUnconditionally 0 -> -1
2023-08-23 10:51:04,239 [om1-impl-thread1] INFO  server.RaftServer$Division (RaftServerImpl.java:start(342)) - om1@group-C5BA1605619E: start as a follower, conf=-1: peers:[om1|rpc:fv-az573-639:9872|priority:0|startupRole:FOLLOWER]|listeners:[], old=null
2023-08-23 10:51:04,239 [om1-impl-thread1] INFO  server.RaftServer$Division (RaftServerImpl.java:setRole(329)) - om1@group-C5BA1605619E: changes role from      null to FOLLOWER at term 0 for startAsFollower
2023-08-23 10:51:04,240 [om1-impl-thread1] INFO  impl.RoleInfo (RoleInfo.java:updateAndGet(139)) - om1: start om1@group-C5BA1605619E-FollowerState
2023-08-23 10:51:04,241 [om1@group-C5BA1605619E-FollowerState] INFO  server.RaftServerConfigKeys (ConfUtils.java:logFallback(53)) - raft.server.rpc.first-election.timeout.min = 5s (fallback to raft.server.rpc.timeout.min)
2023-08-23 10:51:04,241 [om1@group-C5BA1605619E-FollowerState] INFO  server.RaftServerConfigKeys (ConfUtils.java:logFallback(53)) - raft.server.rpc.first-election.timeout.max = 5200ms (fallback to raft.server.rpc.timeout.max)
2023-08-23 10:51:04,242 [om1-impl-thread1] INFO  util.JmxRegister (JmxRegister.java:tryRegister(44)) - Successfully registered JMX Bean with object name Ratis:service=RaftServer,group=group-C5BA1605619E,id=om1
2023-08-23 10:51:04,244 [om1-impl-thread1] INFO  server.RaftServerConfigKeys (ConfUtils.java:logGet(46)) - raft.server.snapshot.auto.trigger.enabled = true (custom)
2023-08-23 10:51:04,244 [om1-impl-thread1] INFO  server.RaftServerConfigKeys (ConfUtils.java:logGet(46)) - raft.server.snapshot.auto.trigger.threshold = 400000 (default)
2023-08-23 10:51:04,244 [om1-impl-thread1] INFO  server.RaftServerConfigKeys (ConfUtils.java:logGet(46)) - raft.server.snapshot.retention.file.num = -1 (default)
2023-08-23 10:51:04,245 [om1-impl-thread1] INFO  server.RaftServerConfigKeys (ConfUtils.java:logGet(46)) - raft.server.log.purge.upto.snapshot.index = true (custom)
2023-08-23 10:51:04,247 [Time-limited test] INFO  server.RaftServer (RaftServerProxy.java:startImpl(400)) - om1: start RPC server
2023-08-23 10:51:04,249 [Time-limited test] INFO  server.GrpcService (GrpcService.java:startImpl(302)) - om1: GrpcService started, listening on 9872
2023-08-23 10:51:04,250 [JvmPauseMonitor2] INFO  util.JvmPauseMonitor (OzoneManager.java:startSecretManager(1103)) - Starting OM delegation token secret manager
JvmPauseMonitor.java:run(103)) - JvmPauseMonitor-om1: Started
2023-08-23 10:51:04,250 [Time-limited test] INFO  om.OzoneManager (OzoneManager.java:startSecretManager(1103)) - Starting OM delegation token secret manager
2023-08-23 10:51:04,250 [Time-limited test] INFO  security.OzoneDelegationTokenSecretManager (OzoneSecretManager.java:updateCurrentKey(175)) - Updating current master key for generating tokens. Cert id 1549449798436
2023-08-23 10:51:04,252 [Time-limited test] INFO  om.OzoneManager (OzoneManager.java:start(1629)) - Version File has different layout version (6) than OM DB (null). That is expected if this OM has never been finalized to a newer layout version.
2023-08-23 10:51:04,253 [Thread[Thread-711,5,FailOnTimeoutGroup]] INFO  security.OzoneDelegationTokenSecretManager (OzoneDelegationTokenSecretManager.java:run(636)) - Starting expired delegation token remover thread, tokenRemoverScanInterval=60 min(s)
2023-08-23 10:51:04,276 [Time-limited test] INFO  http.BaseHttpServer (BaseHttpServer.java:newHttpServer2BuilderForOzone(224)) - Starting Web-server for ozoneManager at: http://0.0.0.0:9874
2023-08-23 10:51:04,276 [Time-limited test] INFO  http.BaseHttpServer (BaseHttpServer.java:<init>(111)) - Hadoop Security Enabled: true Ozone Security Enabled: true Ozone HTTP Security Enabled: false 
2023-08-23 10:51:04,277 [Time-limited test] WARN  server.AuthenticationFilter (AuthenticationFilter.java:constructSecretProvider(240)) - Unable to initialize FileSignerSecretProvider, falling back to use random secrets. Reason: Could not read signature secret file: /home/runner/hadoop-http-auth-signature-secret
2023-08-23 10:51:04,280 [Time-limited test] INFO  http.HttpRequestLog (HttpRequestLog.java:getRequestLog(86)) - Http request log for http.requests.ozoneManager is not defined
2023-08-23 10:51:04,282 [Time-limited test] INFO  http.HttpServer2 (HttpServer2.java:addGlobalFilter(1031)) - Added global filter 'safety' (class=org.apache.hadoop.hdds.server.http.HttpServer2$QuotingInputFilter)
2023-08-23 10:51:04,282 [Time-limited test] INFO  http.HttpServer2 (HttpServer2.java:addFilter(1007)) - Added filter static_user_filter (class=org.apache.hadoop.http.lib.StaticUserWebFilter$StaticUserFilter) to context ozoneManager
2023-08-23 10:51:04,282 [Time-limited test] INFO  http.HttpServer2 (HttpServer2.java:addFilter(1015)) - Added filter static_user_filter (class=org.apache.hadoop.http.lib.StaticUserWebFilter$StaticUserFilter) to context logs
2023-08-23 10:51:04,282 [Time-limited test] INFO  http.HttpServer2 (HttpServer2.java:addFilter(1015)) - Added filter static_user_filter (class=org.apache.hadoop.http.lib.StaticUserWebFilter$StaticUserFilter) to context static
2023-08-23 10:51:04,283 [Time-limited test] INFO  http.BaseHttpServer (BaseHttpServer.java:<init>(190)) - HTTP server of ozoneManager uses base directory /tmp/junit1294500943877125301/junit5814135160791828601/om-meta/webserver
2023-08-23 10:51:04,286 [Time-limited test] INFO  http.HttpServer2 (HttpServer2.java:bindListener(1250)) - Jetty bound to port 9874
2023-08-23 10:51:04,286 [Time-limited test] INFO  server.Server (Server.java:doStart(375)) - jetty-9.4.51.v20230217; built: 2023-02-17T08:19:37.309Z; git: b45c405e4544384de066f814ed42ae3dceacdd49; jvm 1.8.0_382-b05
2023-08-23 10:51:04,287 [Time-limited test] INFO  server.session (DefaultSessionIdManager.java:doStart(334)) - DefaultSessionIdManager workerName=node0
2023-08-23 10:51:04,287 [Time-limited test] INFO  server.session (DefaultSessionIdManager.java:doStart(339)) - No SessionScavenger set, using defaults
2023-08-23 10:51:04,287 [Time-limited test] INFO  server.session (HouseKeeper.java:startScavenging(132)) - node0 Scavenging every 600000ms
2023-08-23 10:51:04,288 [Time-limited test] INFO  handler.ContextHandler (ContextHandler.java:doStart(921)) - Started o.e.j.s.ServletContextHandler@4d4453c6{logs,/logs,file:///home/runner/work/ozone/ozone/hadoop-ozone/integration-test/target/log,AVAILABLE}
2023-08-23 10:51:04,288 [Time-limited test] INFO  handler.ContextHandler (ContextHandler.java:doStart(921)) - Started o.e.j.s.ServletContextHandler@4773315c{static,/static,file:///home/runner/work/ozone/ozone/hadoop-ozone/integration-test/target/test-classes/webapps/static,AVAILABLE}
2023-08-23 10:51:04,291 [Time-limited test] INFO  handler.ContextHandler (ContextHandler.java:doStart(921)) - Started o.e.j.w.WebAppContext@511734be{ozoneManager,/,file:///home/runner/work/ozone/ozone/hadoop-ozone/integration-test/target/test-classes/webapps/ozoneManager/,AVAILABLE}{file:/home/runner/work/ozone/ozone/hadoop-ozone/integration-test/target/test-classes/webapps/ozoneManager}
2023-08-23 10:51:04,292 [Time-limited test] INFO  server.AbstractConnector (AbstractConnector.java:doStart(333)) - Started ServerConnector@36ef2dc0{HTTP/1.1, (http/1.1)}{0.0.0.0:9874}
2023-08-23 10:51:04,292 [Time-limited test] INFO  server.Server (Server.java:doStart(415)) - Started @22718ms
2023-08-23 10:51:04,292 [Time-limited test] WARN  impl.MetricsSystemImpl (MetricsSystemImpl.java:register(279)) - Sink prometheus already exists!
2023-08-23 10:51:04,293 [Time-limited test] INFO  http.BaseHttpServer (BaseHttpServer.java:updateConnectorAddress(344)) - HTTP server of ozoneManager listening at http://0.0.0.0:9874
2023-08-23 10:51:04,293 [IPC Server Responder] INFO  ipc.Server (Server.java:run(1562)) - IPC Server Responder: starting
2023-08-23 10:51:04,293 [IPC Server listener on 1202] INFO  ipc.Server (Server.java:run(1402)) - IPC Server listener on 1202: starting
2023-08-23 10:51:04,304 [Time-limited test] INFO  om.OzoneManager (OzoneManager.java:startTrashEmptier(2081)) - Trash Interval set to 0. Files deleted won't move to trash
2023-08-23 10:51:04,382 [pool-139-thread-1] INFO  request.TgsRequest (TgsRequest.java:issueTicket(115)) - TGS_REQ ISSUE: authtime 1692787864382,om/fv-az573-639 for om/fv-az573-639@EXAMPLE.COM
2023-08-23 10:51:04,393 [Socket Reader #1 for port 1202] INFO  ipc.Server (Server.java:saslProcess(2139)) - Auth successful for om/fv-az573-639@EXAMPLE.COM (auth:KERBEROS) from fv-az573-639:42521 / 10.1.0.17:42521
2023-08-23 10:51:06,460 [Time-limited test] INFO  retry.RetryInvocationHandler (RetryInvocationHandler.java:log(422)) - com.google.protobuf.ServiceException: org.apache.hadoop.ipc.RemoteException(org.apache.hadoop.ozone.om.exceptions.OMNotLeaderException): OM:om1 is not the leader. Could not determine the leader node.
	at org.apache.hadoop.ozone.om.OzoneManager.checkLeaderStatus(OzoneManager.java:3996)
	at org.apache.hadoop.ozone.om.ratis.utils.OzoneManagerRatisUtils.checkLeaderStatus(OzoneManagerRatisUtils.java:473)
	at org.apache.hadoop.ozone.protocolPB.OzoneManagerProtocolServerSideTranslatorPB.processRequest(OzoneManagerProtocolServerSideTranslatorPB.java:185)
	at org.apache.hadoop.hdds.server.OzoneProtocolMessageDispatcher.processRequest(OzoneProtocolMessageDispatcher.java:87)
	at org.apache.hadoop.ozone.protocolPB.OzoneManagerProtocolServerSideTranslatorPB.submitRequest(OzoneManagerProtocolServerSideTranslatorPB.java:148)
	at org.apache.hadoop.ozone.protocol.proto.OzoneManagerProtocolProtos$OzoneManagerService$2.callBlockingMethod(OzoneManagerProtocolProtos.java)
	at org.apache.hadoop.ipc.ProtobufRpcEngine$Server.processCall(ProtobufRpcEngine.java:484)
	at org.apache.hadoop.ipc.ProtobufRpcEngine2$Server$ProtoBufRpcInvoker.call(ProtobufRpcEngine2.java:595)
	at org.apache.hadoop.ipc.ProtobufRpcEngine2$Server$ProtoBufRpcInvoker.call(ProtobufRpcEngine2.java:573)
	at org.apache.hadoop.ipc.RPC$Server.call(RPC.java:1227)
	at org.apache.hadoop.ipc.Server$RpcCall.run(Server.java:1094)
	at org.apache.hadoop.ipc.Server$RpcCall.run(Server.java:1017)
	at java.security.AccessController.doPrivileged(Native Method)
	at javax.security.auth.Subject.doAs(Subject.java:422)
	at org.apache.hadoop.security.UserGroupInformation.doAs(UserGroupInformation.java:1899)
	at org.apache.hadoop.ipc.Server$Handler.run(Server.java:3048)
, while invoking $Proxy53.submitRequest over nodeId=null,nodeAddress=fv-az573-639:1202 after 1 failover attempts. Trying to failover after sleeping for 4000ms. Current retry count: 1.
2023-08-23 10:51:09,251 [om1@group-C5BA1605619E-FollowerState] INFO  impl.FollowerState (FollowerState.java:run(143)) - om1@group-C5BA1605619E-FollowerState: change to CANDIDATE, lastRpcElapsedTime:5011273590ns, electionTimeout:5009ms
2023-08-23 10:51:09,252 [om1@group-C5BA1605619E-FollowerState] INFO  impl.RoleInfo (RoleInfo.java:shutdownFollowerState(110)) - om1: shutdown om1@group-C5BA1605619E-FollowerState
2023-08-23 10:51:09,256 [om1@group-C5BA1605619E-FollowerState] INFO  server.RaftServer$Division (RaftServerImpl.java:setRole(329)) - om1@group-C5BA1605619E: changes role from  FOLLOWER to CANDIDATE at term 0 for changeToCandidate
2023-08-23 10:51:09,259 [om1@group-C5BA1605619E-FollowerState] INFO  server.RaftServerConfigKeys (ConfUtils.java:logGet(46)) - raft.server.leaderelection.pre-vote = true (default)
2023-08-23 10:51:09,259 [om1@group-C5BA1605619E-FollowerState] INFO  impl.RoleInfo (RoleInfo.java:updateAndGet(139)) - om1: start om1@group-C5BA1605619E-LeaderElection1
2023-08-23 10:51:09,266 [om1@group-C5BA1605619E-LeaderElection1] INFO  impl.LeaderElection (LeaderElection.java:askForVotes(321)) - om1@group-C5BA1605619E-LeaderElection1 PRE_VOTE round 0: submit vote requests at term 0 for -1: peers:[om1|rpc:fv-az573-639:9872|priority:0|startupRole:FOLLOWER]|listeners:[], old=null
2023-08-23 10:51:09,266 [om1@group-C5BA1605619E-LeaderElection1] INFO  impl.LeaderElection (LeaderElection.java:askForVotes(323)) - om1@group-C5BA1605619E-LeaderElection1 PRE_VOTE round 0: result PASSED (term=0)
2023-08-23 10:51:09,268 [om1@group-C5BA1605619E-LeaderElection1] INFO  impl.LeaderElection (LeaderElection.java:askForVotes(321)) - om1@group-C5BA1605619E-LeaderElection1 ELECTION round 0: submit vote requests at term 1 for -1: peers:[om1|rpc:fv-az573-639:9872|priority:0|startupRole:FOLLOWER]|listeners:[], old=null
2023-08-23 10:51:09,268 [om1@group-C5BA1605619E-LeaderElection1] INFO  impl.LeaderElection (LeaderElection.java:askForVotes(323)) - om1@group-C5BA1605619E-LeaderElection1 ELECTION round 0: result PASSED (term=1)
2023-08-23 10:51:09,268 [om1@group-C5BA1605619E-LeaderElection1] INFO  impl.RoleInfo (RoleInfo.java:shutdownLeaderElection(130)) - om1: shutdown om1@group-C5BA1605619E-LeaderElection1
2023-08-23 10:51:09,269 [om1@group-C5BA1605619E-LeaderElection1] INFO  server.RaftServer$Division (RaftServerImpl.java:setRole(329)) - om1@group-C5BA1605619E: changes role from CANDIDATE to LEADER at term 1 for changeToLeader
2023-08-23 10:51:09,270 [om1@group-C5BA1605619E-LeaderElection1] INFO  server.RaftServer$Division (ServerState.java:setLeader(317)) - om1@group-C5BA1605619E: change Leader from null to om1 at term 1 for becomeLeader, leader elected after 6009ms
2023-08-23 10:51:09,276 [om1@group-C5BA1605619E-LeaderElection1] INFO  server.RaftServerConfigKeys (ConfUtils.java:logGet(46)) - raft.server.staging.catchup.gap = 1000 (default)
2023-08-23 10:51:09,280 [om1@group-C5BA1605619E-LeaderElection1] INFO  server.RaftServerConfigKeys (ConfUtils.java:logGet(46)) - raft.server.write.element-limit = 4096 (default)
2023-08-23 10:51:09,280 [om1@group-C5BA1605619E-LeaderElection1] INFO  server.RaftServerConfigKeys (ConfUtils.java:logGet(46)) - raft.server.write.byte-limit = 64MB (=67108864) (default)
2023-08-23 10:51:09,285 [om1@group-C5BA1605619E-LeaderElection1] INFO  server.RaftServerConfigKeys (ConfUtils.java:logGet(46)) - raft.server.watch.timeout = 10s (default)
2023-08-23 10:51:09,285 [om1@group-C5BA1605619E-LeaderElection1] INFO  server.RaftServerConfigKeys (ConfUtils.java:logGet(46)) - raft.server.watch.timeout.denomination = 1s (default)
2023-08-23 10:51:09,285 [om1@group-C5BA1605619E-LeaderElection1] INFO  server.RaftServerConfigKeys (ConfUtils.java:logGet(46)) - raft.server.watch.element-limit = 65536 (default)
2023-08-23 10:51:09,289 [om1@group-C5BA1605619E-LeaderElection1] INFO  server.RaftServerConfigKeys (ConfUtils.java:logGet(46)) - raft.server.write.element-limit = 4096 (default)
2023-08-23 10:51:09,291 [om1@group-C5BA1605619E-LeaderElection1] INFO  server.RaftServerConfigKeys (ConfUtils.java:logGet(46)) - raft.server.write.follower.gap.ratio.max = -1.0 (default)
2023-08-23 10:51:09,292 [om1@group-C5BA1605619E-LeaderElection1] INFO  impl.RoleInfo (RoleInfo.java:updateAndGet(139)) - om1: start om1@group-C5BA1605619E-LeaderStateImpl
2023-08-23 10:51:09,309 [om1@group-C5BA1605619E-LeaderElection1] INFO  segmented.SegmentedRaftLogWorker (SegmentedRaftLogWorker.java:startLogSegment(447)) - om1@group-C5BA1605619E-SegmentedRaftLogWorker: Starting segment from index:0
2023-08-23 10:51:09,330 [om1@group-C5BA1605619E-LeaderElection1] INFO  server.RaftServer$Division (ServerState.java:setRaftConf(434)) - om1@group-C5BA1605619E: set configuration 0: peers:[om1|rpc:fv-az573-639:9872|admin:|client:|dataStream:|priority:0|startupRole:FOLLOWER]|listeners:[], old=null
2023-08-23 10:51:09,401 [om1@group-C5BA1605619E-SegmentedRaftLogWorker] INFO  segmented.SegmentedRaftLogWorker (SegmentedRaftLogWorker.java:execute(651)) - om1@group-C5BA1605619E-SegmentedRaftLogWorker: created new log segment /tmp/junit1294500943877125301/junit5814135160791828601/om-meta/ratis/bf265839-605b-3f16-9796-c5ba1605619e/current/log_inprogress_0
2023-08-23 10:51:09,485 [om1@group-C5BA1605619E-StateMachineUpdater] INFO  ratis.OzoneManagerStateMachine (OzoneManagerStateMachine.java:notifyConfigurationChanged(202)) - Received Configuration change notification from Ratis. New Peer list:
[id: "om1"
address: "fv-az573-639:9872"
startupRole: FOLLOWER
]
2023-08-23 10:51:10,564 [OM StateMachine ApplyTransaction Thread - 0] INFO  security.S3RevokeSecretRequest (S3RevokeSecretRequest.java:validateAndUpdateCache(127)) - Secret for om/fv-az573-639@EXAMPLE.COM is revoked.
2023-08-23 10:51:10,590 [OM StateMachine ApplyTransaction Thread - 0] INFO  security.S3RevokeSecretRequest (S3RevokeSecretRequest.java:validateAndUpdateCache(127)) - Secret for om/fv-az573-639@EXAMPLE.COM is revoked.
2023-08-23 10:51:10,598 [OM StateMachine ApplyTransaction Thread - 0] INFO  security.S3RevokeSecretRequest (S3RevokeSecretRequest.java:validateAndUpdateCache(127)) - Secret for HADOOP/ALICE is revoked.
2023-08-23 10:51:10,601 [pool-139-thread-1] INFO  request.KdcRequest (KdcRequest.java:preauth(651)) - The preauth data is empty.
2023-08-23 10:51:10,602 [pool-139-thread-1] INFO  server.KdcHandler (KdcHandler.java:handleRecoverableException(177)) - KRB error occurred while processing request:Additional pre-authentication required
2023-08-23 10:51:10,605 [pool-139-thread-1] INFO  request.AsRequest (AsRequest.java:issueTicket(112)) - AS_REQ ISSUE: authtime 1692787870604,test@EXAMPLE.COM for krbtgt/EXAMPLE.COM@EXAMPLE.COM
2023-08-23 10:51:10,611 [pool-139-thread-1] INFO  request.TgsRequest (TgsRequest.java:issueTicket(115)) - TGS_REQ ISSUE: authtime 1692787870611,test for om/fv-az573-639@EXAMPLE.COM
2023-08-23 10:51:10,617 [Socket Reader #1 for port 1202] INFO  ipc.Server (Server.java:saslProcess(2139)) - Auth successful for test@EXAMPLE.COM (auth:KERBEROS) from fv-az573-639:55410 / 10.1.0.17:55410
2023-08-23 10:51:10,647 [Time-limited test] INFO  om.OzoneManager (OzoneManager.java:stop(2187)) - om1[fv-az573-639:1202]: Stopping Ozone Manager
2023-08-23 10:51:10,647 [Time-limited test] INFO  ipc.Server (Server.java:stop(3523)) - Stopping server on 1202
2023-08-23 10:51:10,649 [IPC Server listener on 1202] INFO  ipc.Server (Server.java:run(1434)) - Stopping IPC Server listener on 1202
2023-08-23 10:51:10,649 [Time-limited test] INFO  server.RaftServer (RaftServerProxy.java:lambda$close$6(416)) - om1: close
2023-08-23 10:51:10,650 [IPC Server Responder] INFO  ipc.Server (Server.java:run(1567)) - Stopping IPC Server Responder
2023-08-23 10:51:10,651 [om1-impl-thread1] INFO  server.RaftServer$Division (RaftServerImpl.java:lambda$close$4(466)) - om1@group-C5BA1605619E: shutdown
2023-08-23 10:51:10,651 [om1-impl-thread1] INFO  util.JmxRegister (JmxRegister.java:unregister(73)) - Successfully un-registered JMX Bean with object name Ratis:service=RaftServer,group=group-C5BA1605619E,id=om1
2023-08-23 10:51:10,651 [om1-impl-thread1] INFO  impl.RoleInfo (RoleInfo.java:shutdownLeaderState(93)) - om1: shutdown om1@group-C5BA1605619E-LeaderStateImpl
2023-08-23 10:51:10,652 [om1-impl-thread1] INFO  impl.PendingRequests (PendingRequests.java:sendNotLeaderResponses(289)) - om1@group-C5BA1605619E-PendingRequests: sendNotLeaderResponses
2023-08-23 10:51:10,655 [Time-limited test] INFO  server.GrpcService (GrpcService.java:closeImpl(311)) - om1: shutdown server GrpcServerProtocolService now
2023-08-23 10:51:10,663 [om1@group-C5BA1605619E-StateMachineUpdater] INFO  ratis.OzoneManagerStateMachine (OzoneManagerStateMachine.java:takeSnapshot(480)) - Current Snapshot Index (t:1, i:18)
2023-08-23 10:51:10,664 [om1-impl-thread1] INFO  impl.StateMachineUpdater (StateMachineUpdater.java:stopAndJoin(155)) - om1@group-C5BA1605619E-StateMachineUpdater: set stopIndex = 18
2023-08-23 10:51:10,665 [Time-limited test] INFO  server.GrpcService (GrpcService.java:closeImpl(320)) - om1: shutdown server GrpcServerProtocolService successfully
2023-08-23 10:51:10,676 [om1@group-C5BA1605619E-StateMachineUpdater] INFO  impl.StateMachineUpdater (StateMachineUpdater.java:takeSnapshot(291)) - om1@group-C5BA1605619E-StateMachineUpdater: Took a snapshot at index 18
2023-08-23 10:51:10,676 [om1@group-C5BA1605619E-StateMachineUpdater] INFO  impl.StateMachineUpdater (StateMachineUpdater.java:lambda$new$0(97)) - om1@group-C5BA1605619E-StateMachineUpdater: snapshotIndex: updateIncreasingly -1 -> 18
2023-08-23 10:51:10,676 [om1@group-C5BA1605619E-StateMachineUpdater] INFO  ratis.OzoneManagerStateMachine (OzoneManagerStateMachine.java:close(534)) - StateMachine has shutdown. Shutdown OzoneManager if not already shutdown.
2023-08-23 10:51:10,676 [om1@group-C5BA1605619E-StateMachineUpdater] INFO  ratis.OzoneManagerDoubleBuffer (OzoneManagerDoubleBuffer.java:stopDaemon(551)) - Stopping OMDoubleBuffer flush thread
2023-08-23 10:51:10,676 [OMDoubleBufferFlushThread] INFO  ratis.OzoneManagerDoubleBuffer (OzoneManagerDoubleBuffer.java:canFlush(638)) - OMDoubleBuffer flush thread OMDoubleBufferFlushThread is interrupted and will exit.
2023-08-23 10:51:10,677 [om1-impl-thread1] INFO  server.RaftServer$Division (ServerState.java:close(472)) - om1@group-C5BA1605619E: closes. applyIndex: 18
2023-08-23 10:51:11,600 [om1-impl-thread1] INFO  segmented.SegmentedRaftLogWorker (SegmentedRaftLogWorker.java:close(252)) - om1@group-C5BA1605619E-SegmentedRaftLogWorker close()
2023-08-23 10:51:11,601 [JvmPauseMonitor2] INFO  util.JvmPauseMonitor (JvmPauseMonitor.java:run(109)) - JvmPauseMonitor-om1: Stopped
2023-08-23 10:51:11,601 [Time-limited test] INFO  ratis.OzoneManagerStateMachine (OzoneManagerStateMachine.java:close(534)) - StateMachine has shutdown. Shutdown OzoneManager if not already shutdown.
2023-08-23 10:51:11,602 [Time-limited test] INFO  ratis.OzoneManagerDoubleBuffer (OzoneManagerDoubleBuffer.java:stopDaemon(560)) - OMDoubleBuffer flush thread is not running.
2023-08-23 10:51:11,602 [Time-limited test] INFO  utils.BackgroundService (BackgroundService.java:shutdown(141)) - Shutting down service KeyDeletingService
2023-08-23 10:51:11,602 [Time-limited test] INFO  utils.BackgroundService (BackgroundService.java:shutdown(141)) - Shutting down service KeyDeletingService
2023-08-23 10:51:11,602 [Time-limited test] INFO  utils.BackgroundService (BackgroundService.java:shutdown(141)) - Shutting down service OpenKeyCleanupService
2023-08-23 10:51:11,603 [Time-limited test] INFO  utils.BackgroundService (BackgroundService.java:shutdown(141)) - Shutting down service SstFilteringService
2023-08-23 10:51:11,603 [Time-limited test] INFO  utils.BackgroundService (BackgroundService.java:shutdown(141)) - Shutting down service SnapshotDeletingService
2023-08-23 10:51:11,603 [Time-limited test] INFO  om.OzoneManager (OzoneManager.java:stopSecretManager(1063)) - Stopping secret key client.
2023-08-23 10:51:11,603 [Time-limited test] INFO  om.OzoneManager (OzoneManager.java:stopSecretManager(1068)) - Stopping OM delegation token secret manager.
2023-08-23 10:51:11,604 [Thread[Thread-711,5,FailOnTimeoutGroup]] INFO  security.OzoneDelegationTokenSecretManager (OzoneDelegationTokenSecretManager.java:run(653)) - ExpiredTokenRemover was interrupted.
java.lang.InterruptedException: sleep interrupted
	at java.lang.Thread.sleep(Native Method)
	at org.apache.hadoop.ozone.security.OzoneDelegationTokenSecretManager$ExpiredTokenRemover.run(OzoneDelegationTokenSecretManager.java:649)
	at java.lang.Thread.run(Thread.java:750)
2023-08-23 10:51:11,604 [Time-limited test] INFO  handler.ContextHandler (ContextHandler.java:doStop(1159)) - Stopped o.e.j.w.WebAppContext@511734be{ozoneManager,/,null,STOPPED}{file:/home/runner/work/ozone/ozone/hadoop-ozone/integration-test/target/test-classes/webapps/ozoneManager}
2023-08-23 10:51:11,605 [Time-limited test] INFO  server.AbstractConnector (AbstractConnector.java:doStop(383)) - Stopped ServerConnector@36ef2dc0{HTTP/1.1, (http/1.1)}{0.0.0.0:9874}
2023-08-23 10:51:11,605 [Time-limited test] INFO  server.session (HouseKeeper.java:stopScavenging(149)) - node0 Stopped scavenging
2023-08-23 10:51:11,605 [Time-limited test] INFO  handler.ContextHandler (ContextHandler.java:doStop(1159)) - Stopped o.e.j.s.ServletContextHandler@4773315c{static,/static,file:///home/runner/work/ozone/ozone/hadoop-ozone/integration-test/target/test-classes/webapps/static,STOPPED}
2023-08-23 10:51:11,606 [Time-limited test] INFO  handler.ContextHandler (ContextHandler.java:doStop(1159)) - Stopped o.e.j.s.ServletContextHandler@4d4453c6{logs,/logs,file:///home/runner/work/ozone/ozone/hadoop-ozone/integration-test/target/log,STOPPED}
2023-08-23 10:51:11,606 [Time-limited test] INFO  rocksdiff.RocksDBCheckpointDiffer (RocksDBCheckpointDiffer.java:close(340)) - Shutting down CompactionDagPruningService.
2023-08-23 10:51:11,608 [Time-limited test] INFO  snapshot.SnapshotDiffManager (SnapshotDiffManager.java:closeExecutorService(1720)) - Shutting down executorService: 'SnapDiffExecutor'
2023-08-23 10:51:11,608 [Time-limited test] INFO  snapshot.SnapshotDiffManager (SnapshotDiffManager.java:closeExecutorService(1720)) - Shutting down executorService: 'SstDumpToolExecutor'
2023-08-23 10:51:11,608 [Time-limited test] INFO  utils.BackgroundService (BackgroundService.java:shutdown(141)) - Shutting down service SnapshotDiffCleanupService
2023-08-23 10:51:11,610 [Time-limited test] INFO  impl.DefaultInternalKdcServerImpl (DefaultInternalKdcServerImpl.java:doStop(102)) - Default Internal kdc server stopped.
2023-08-23 10:51:12,610 [Time-limited test] INFO  minikdc.MiniKdc (MiniKdc.java:stop(359)) - MiniKdc stopped.
2023-08-23 10:51:12,610 [Time-limited test] INFO  om.OzoneManager (OzoneManager.java:stop(2187)) - om1[fv-az573-639:1202]: Stopping Ozone Manager
]]></system-out>
  </testcase>
  <testcase name="testCertificateRotationUnRecoverableFailure" classname="org.apache.hadoop.ozone.TestSecureOzoneCluster" time="0">
    <skipped message="Run it locally since it will terminate the process."/>
  </testcase>
  <testcase name="testOMGrpcServerCertificateRenew" classname="org.apache.hadoop.ozone.TestSecureOzoneCluster" time="0">
    <skipped message="HDDS-8764"/>
  </testcase>
  <testcase name="testCertificateRotation" classname="org.apache.hadoop.ozone.TestSecureOzoneCluster" time="24.97">
    <system-out><![CDATA[2023-08-23 10:51:12,633 [Time-limited test] INFO  net.ServerSocketUtil (ServerSocketUtil.java:getPort(55)) - Using port 9860
2023-08-23 10:51:12,633 [Time-limited test] INFO  net.ServerSocketUtil (ServerSocketUtil.java:getPort(55)) - Using port 9861
2023-08-23 10:51:12,633 [Time-limited test] INFO  net.ServerSocketUtil (ServerSocketUtil.java:getPort(55)) - Using port 9863
2023-08-23 10:51:12,633 [Time-limited test] INFO  net.ServerSocketUtil (ServerSocketUtil.java:getPort(55)) - Using port 9961
2023-08-23 10:51:12,633 [Time-limited test] INFO  net.ServerSocketUtil (ServerSocketUtil.java:getPort(55)) - Using port 1200
2023-08-23 10:51:12,633 [Time-limited test] INFO  net.ServerSocketUtil (ServerSocketUtil.java:getPort(55)) - Using port 1201
2023-08-23 10:51:12,634 [Time-limited test] INFO  minikdc.MiniKdc (MiniKdc.java:<init>(225)) - Configuration:
2023-08-23 10:51:12,634 [Time-limited test] INFO  minikdc.MiniKdc (MiniKdc.java:<init>(226)) - ---------------------------------------------------------------
2023-08-23 10:51:12,634 [Time-limited test] INFO  minikdc.MiniKdc (MiniKdc.java:<init>(228)) -   debug: false
2023-08-23 10:51:12,634 [Time-limited test] INFO  minikdc.MiniKdc (MiniKdc.java:<init>(228)) -   transport: TCP
2023-08-23 10:51:12,634 [Time-limited test] INFO  minikdc.MiniKdc (MiniKdc.java:<init>(228)) -   max.ticket.lifetime: 86400000
2023-08-23 10:51:12,634 [Time-limited test] INFO  minikdc.MiniKdc (MiniKdc.java:<init>(228)) -   org.name: EXAMPLE
2023-08-23 10:51:12,634 [Time-limited test] INFO  minikdc.MiniKdc (MiniKdc.java:<init>(228)) -   kdc.port: 0
2023-08-23 10:51:12,634 [Time-limited test] INFO  minikdc.MiniKdc (MiniKdc.java:<init>(228)) -   org.domain: COM
2023-08-23 10:51:12,634 [Time-limited test] INFO  minikdc.MiniKdc (MiniKdc.java:<init>(228)) -   max.renewable.lifetime: 604800000
2023-08-23 10:51:12,634 [Time-limited test] INFO  minikdc.MiniKdc (MiniKdc.java:<init>(228)) -   instance: DefaultKrbServer
2023-08-23 10:51:12,634 [Time-limited test] INFO  minikdc.MiniKdc (MiniKdc.java:<init>(228)) -   kdc.bind.address: localhost
2023-08-23 10:51:12,634 [Time-limited test] INFO  minikdc.MiniKdc (MiniKdc.java:<init>(230)) - ---------------------------------------------------------------
2023-08-23 10:51:12,636 [Time-limited test] INFO  minikdc.MiniKdc (MiniKdc.java:start(285)) - MiniKdc started.
2023-08-23 10:51:12,935 [Time-limited test] INFO  om.OzoneManager (OzoneManager.java:getOmDetailsProto(4552)) - OzoneManager ports added:[name: "RPC"
value: 1202
]
2023-08-23 10:51:12,935 [Time-limited test] WARN  server.ServerUtils (ServerUtils.java:getDBPath(311)) - ozone.om.db.dirs is not configured. We recommend adding this setting. Falling back to ozone.metadata.dirs instead.
2023-08-23 10:51:12,940 [Time-limited test] INFO  utils.SelfSignedCertificate (SelfSignedCertificate.java:generateCertificate(157)) - Certificate 1558311 is issued by CN=localhost,OU=test,O=cluster to CN=localhost,OU=test,O=cluster, valid from Wed Aug 23 10:51:12 UTC 2023 to Wed Aug 23 10:51:32 UTC 2023
2023-08-23 10:51:12,943 [Time-limited test] INFO  utils.CertificateCodec (CertificateCodec.java:writeCertificate(299)) - Save certificate to /tmp/junit8840463537883630659/junit5149816613352305549/om-meta/om/certs/certificate.crt
2023-08-23 10:51:12,943 [Time-limited test] INFO  utils.CertificateCodec (CertificateCodec.java:writeCertificate(300)) - Certificate -----BEGIN CERTIFICATE-----
MIIC5TCCAc2gAwIBAgIDF8cnMA0GCSqGSIb3DQEBCwUAMDUxEjAQBgNVBAMMCWxv
Y2FsaG9zdDENMAsGA1UECwwEdGVzdDEQMA4GA1UECgwHY2x1c3RlcjAeFw0yMzA4
MjMxMDUxMTJaFw0yMzA4MjMxMDUxMzJaMDUxEjAQBgNVBAMMCWxvY2FsaG9zdDEN
MAsGA1UECwwEdGVzdDEQMA4GA1UECgwHY2x1c3RlcjCCASIwDQYJKoZIhvcNAQEB
BQADggEPADCCAQoCggEBAI5rCAG5etdTOZiIXHa6p4eR5gZnF4OxddJB6TlTrgcK
W9qJdHkqnSCyjAPsM9G9vtcJI4Y66X5C0vpVWZdvjudYwTFh3Snt79xg3NOOEU1H
X8Ih0uCiMQ0G4GwhpTuKtSIFOrqwPpvGdtGdtRQYqwJJpCXoUNBZMgHuJ6495gbo
6Mzbl1N9jLMmgrEBwm4N45htNJ1fVeVOoZhXt6+FuwyJuhfHQndeqd8u1iDllcTl
nli5A/aavoaoEtKqRD3SslkMDURXY+J2oPYy4oEN88vKq1ViKvEotuQ1edZ/CeUJ
RZKgGmDovd4UJ4TH7+LjAOWSxJekkypMVGMt6z4AXxUCAwEAATANBgkqhkiG9w0B
AQsFAAOCAQEAbs1iAhUUWtCdiu8u978lv99q5G/K/QJmNOpdUJwof8ZfuCzWEKVp
2n/FKTII6k2Lsp78YKphtBR7a08c1g+aLW9uinj7iShxk6kPQUw8MgM3sCT1OOhz
NYMsEPJV/Joe1GxixSUovijwebonNyOH/w0ThrmC2F8NpwBnnlI8RkxhExRddgi8
1oN/2CLwLod7/x4DfgZVSQ79bd8XyPUDtxSB71E//xD7UfEV6yliSoGi7CmPFs58
lSYo97b60AinPtdfkUvEH4/JHki11TXP6JZHaXxUyGQWemBwMTysOWpsEvc3pQH3
EsX3gdP8PCJDuyPbNOLtCZWoBHzuwfi/fg==
-----END CERTIFICATE-----

2023-08-23 10:51:12,944 [Time-limited test] INFO  utils.CertificateCodec (CertificateCodec.java:writeCertificate(299)) - Save certificate to /tmp/junit8840463537883630659/junit5149816613352305549/om-meta/om/certs/ROOTCA-1558311.crt
2023-08-23 10:51:12,944 [Time-limited test] INFO  utils.CertificateCodec (CertificateCodec.java:writeCertificate(300)) - Certificate -----BEGIN CERTIFICATE-----
MIIC5TCCAc2gAwIBAgIDF8cnMA0GCSqGSIb3DQEBCwUAMDUxEjAQBgNVBAMMCWxv
Y2FsaG9zdDENMAsGA1UECwwEdGVzdDEQMA4GA1UECgwHY2x1c3RlcjAeFw0yMzA4
MjMxMDUxMTJaFw0yMzA4MjMxMDUxMzJaMDUxEjAQBgNVBAMMCWxvY2FsaG9zdDEN
MAsGA1UECwwEdGVzdDEQMA4GA1UECgwHY2x1c3RlcjCCASIwDQYJKoZIhvcNAQEB
BQADggEPADCCAQoCggEBAI5rCAG5etdTOZiIXHa6p4eR5gZnF4OxddJB6TlTrgcK
W9qJdHkqnSCyjAPsM9G9vtcJI4Y66X5C0vpVWZdvjudYwTFh3Snt79xg3NOOEU1H
X8Ih0uCiMQ0G4GwhpTuKtSIFOrqwPpvGdtGdtRQYqwJJpCXoUNBZMgHuJ6495gbo
6Mzbl1N9jLMmgrEBwm4N45htNJ1fVeVOoZhXt6+FuwyJuhfHQndeqd8u1iDllcTl
nli5A/aavoaoEtKqRD3SslkMDURXY+J2oPYy4oEN88vKq1ViKvEotuQ1edZ/CeUJ
RZKgGmDovd4UJ4TH7+LjAOWSxJekkypMVGMt6z4AXxUCAwEAATANBgkqhkiG9w0B
AQsFAAOCAQEAbs1iAhUUWtCdiu8u978lv99q5G/K/QJmNOpdUJwof8ZfuCzWEKVp
2n/FKTII6k2Lsp78YKphtBR7a08c1g+aLW9uinj7iShxk6kPQUw8MgM3sCT1OOhz
NYMsEPJV/Joe1GxixSUovijwebonNyOH/w0ThrmC2F8NpwBnnlI8RkxhExRddgi8
1oN/2CLwLod7/x4DfgZVSQ79bd8XyPUDtxSB71E//xD7UfEV6yliSoGi7CmPFs58
lSYo97b60AinPtdfkUvEH4/JHki11TXP6JZHaXxUyGQWemBwMTysOWpsEvc3pQH3
EsX3gdP8PCJDuyPbNOLtCZWoBHzuwfi/fg==
-----END CERTIFICATE-----

2023-08-23 10:51:12,998 [Time-limited test] INFO  utils.SelfSignedCertificate (SelfSignedCertificate.java:generateCertificate(157)) - Certificate 1558370 is issued by CN=localhost,OU=test,O=cluster to CN=localhost,OU=test,O=cluster, valid from Wed Aug 23 10:51:22 UTC 2023 to Wed Aug 23 10:51:42 UTC 2023
2023-08-23 10:51:14,228 [Time-limited test] INFO  security.OMCertificateClient (DefaultCertificateClient.java:updateCertSerialId(1244)) - Certificate serial ID set to 1558311
2023-08-23 10:51:14,241 [Time-limited test] INFO  security.OMCertificateClient (DefaultCertificateClient.java:readCertificateFile(237)) - Added certificate   [0]         Version: 3
         SerialNumber: 1558311
             IssuerDN: CN=localhost,OU=test,O=cluster
           Start Date: Wed Aug 23 10:51:12 UTC 2023
           Final Date: Wed Aug 23 10:51:32 UTC 2023
            SubjectDN: CN=localhost,OU=test,O=cluster
           Public Key: RSA Public Key [97:d3:b0:0a:1f:1d:f4:e6:69:0e:2b:49:7b:ce:45:e8:b7:ef:39:15],[56:66:d1:a4]
        modulus: 8e6b0801b97ad7533998885c76baa78791e606671783b175d241e93953ae070a5bda8974792a9d20b28c03ec33d1bdbed70923863ae97e42d2fa5559976f8ee758c13161dd29edefdc60dcd38e114d475fc221d2e0a2310d06e06c21a53b8ab522053abab03e9bc676d19db51418ab0249a425e850d0593201ee27ae3de606e8e8ccdb97537d8cb32682b101c26e0de3986d349d5f55e54ea19857b7af85bb0c89ba17c742775ea9df2ed620e595c4e59e58b903f69abe86a812d2aa443dd2b2590c0d445763e276a0f632e2810df3cbcaab55622af128b6e43579d67f09e5094592a01a60e8bdde142784c7efe2e300e592c497a4932a4c54632deb3e005f15
public exponent: 10001

  Signature Algorithm: SHA256WITHRSA
            Signature: 6ecd620215145ad09d8aef2ef7bf25bfdf6ae46f
                       cafd026634ea5d509c287fc65fb82cd610a569da
                       7fc5293208ea4d8bb29efc60aa61b4147b6b4f1c
                       d60f9a2d6f6e8a78fb89287193a90f414c3c3203
                       37b024f538e87335832c10f255fc9a1ed46c62c5
                       2528be28f079ba27372387ff0d1386b982d85f0d
                       a700679e523c464c6113145d7608bcd6837fd822
                       f02e877bff1e037e0655490efd6ddf17c8f503b7
                       1481ef513fff10fb51f115eb29624a81a2ec298f
                       16ce7c952628f7b6fad008a73ed75f914bc41f8f
                       c91e48b5d535cfe89647697c54c864167a607031
                       3cac396a6c12f737a501f712c5f781d3fc3c2243
                       bb23db34e2ed0995a8047ceec1f8bf7e
 from file: /tmp/junit8840463537883630659/junit5149816613352305549/om-meta/om/certs/ROOTCA-1558311.crt.
2023-08-23 10:51:14,245 [Time-limited test] INFO  security.OMCertificateClient (DefaultCertificateClient.java:readCertificateFile(237)) - Added certificate   [0]         Version: 3
         SerialNumber: 1558311
             IssuerDN: CN=localhost,OU=test,O=cluster
           Start Date: Wed Aug 23 10:51:12 UTC 2023
           Final Date: Wed Aug 23 10:51:32 UTC 2023
            SubjectDN: CN=localhost,OU=test,O=cluster
           Public Key: RSA Public Key [97:d3:b0:0a:1f:1d:f4:e6:69:0e:2b:49:7b:ce:45:e8:b7:ef:39:15],[56:66:d1:a4]
        modulus: 8e6b0801b97ad7533998885c76baa78791e606671783b175d241e93953ae070a5bda8974792a9d20b28c03ec33d1bdbed70923863ae97e42d2fa5559976f8ee758c13161dd29edefdc60dcd38e114d475fc221d2e0a2310d06e06c21a53b8ab522053abab03e9bc676d19db51418ab0249a425e850d0593201ee27ae3de606e8e8ccdb97537d8cb32682b101c26e0de3986d349d5f55e54ea19857b7af85bb0c89ba17c742775ea9df2ed620e595c4e59e58b903f69abe86a812d2aa443dd2b2590c0d445763e276a0f632e2810df3cbcaab55622af128b6e43579d67f09e5094592a01a60e8bdde142784c7efe2e300e592c497a4932a4c54632deb3e005f15
public exponent: 10001

  Signature Algorithm: SHA256WITHRSA
            Signature: 6ecd620215145ad09d8aef2ef7bf25bfdf6ae46f
                       cafd026634ea5d509c287fc65fb82cd610a569da
                       7fc5293208ea4d8bb29efc60aa61b4147b6b4f1c
                       d60f9a2d6f6e8a78fb89287193a90f414c3c3203
                       37b024f538e87335832c10f255fc9a1ed46c62c5
                       2528be28f079ba27372387ff0d1386b982d85f0d
                       a700679e523c464c6113145d7608bcd6837fd822
                       f02e877bff1e037e0655490efd6ddf17c8f503b7
                       1481ef513fff10fb51f115eb29624a81a2ec298f
                       16ce7c952628f7b6fad008a73ed75f914bc41f8f
                       c91e48b5d535cfe89647697c54c864167a607031
                       3cac396a6c12f737a501f712c5f781d3fc3c2243
                       bb23db34e2ed0995a8047ceec1f8bf7e
 from file: /tmp/junit8840463537883630659/junit5149816613352305549/om-meta/om/certs/certificate.crt.
2023-08-23 10:51:14,251 [Time-limited test] INFO  security.OMCertificateClient (DefaultCertificateClient.java:startCertificateRenewerService(1347)) - CertificateRenewerService for om is started with first delay 7754 ms and interval 3333 ms.
2023-08-23 10:51:14,253 [Time-limited test] INFO  security.OMCertificateClient (DefaultCertificateClient.java:init(715)) - Certificate client init case: 7
2023-08-23 10:51:14,253 [Time-limited test] INFO  security.OMCertificateClient (CommonCertificateClient.java:handleCase(110)) - Found certificate file along with KeyPair.
2023-08-23 10:51:14,369 [Time-limited test] INFO  security.OMCertificateClient (DefaultCertificateClient.java:validateKeyPairAndCertificate(794)) - Keypair validated.
2023-08-23 10:51:14,406 [Time-limited test] INFO  security.OMCertificateClient (DefaultCertificateClient.java:validateKeyPairAndCertificate(797)) - Keypair validated with certificate.
2023-08-23 10:51:14,408 [Time-limited test] INFO  ha.OMHANodeDetails (OMHANodeDetails.java:loadOMHAConfig(115)) - ozone.om.internal.service.id is not defined, falling back to ozone.om.service.ids to find serviceID for OzoneManager if it is HA enabled cluster
2023-08-23 10:51:14,415 [Time-limited test] INFO  ha.OMHANodeDetails (OMHANodeDetails.java:loadOMHAConfig(226)) - Configuration does not have ozone.om.address set. Falling back to the default OM address fv-az573-639/10.1.0.17:1202
2023-08-23 10:51:14,415 [Time-limited test] INFO  ha.OMHANodeDetails (OMHANodeDetails.java:getOMNodeDetailsForNonHA(254)) - OM Service ID is not set. Setting it to the default ID: omServiceIdDefault
2023-08-23 10:51:14,415 [Time-limited test] INFO  ha.OMHANodeDetails (OMHANodeDetails.java:getOMNodeDetailsForNonHA(261)) - OM Node ID is not set. Setting it to the default ID: om1
2023-08-23 10:51:14,416 [Time-limited test] WARN  server.ServerUtils (ServerUtils.java:getDBPath(311)) - ozone.om.db.dirs is not configured. We recommend adding this setting. Falling back to ozone.metadata.dirs instead.
2023-08-23 10:51:14,421 [Time-limited test] INFO  upgrade.AbstractLayoutVersionManager (AbstractLayoutVersionManager.java:init(83)) - Initializing Layout version manager with metadata layout = QUOTA (version = 6), software layout = QUOTA (version = 6)
2023-08-23 10:51:14,592 [Time-limited test] INFO  reflections.Reflections (Reflections.java:scan(232)) - Reflections took 168 ms to scan 2 urls, producing 188 keys and 512 values [using 2 cores]
2023-08-23 10:51:14,593 [Time-limited test] INFO  upgrade.OMLayoutVersionManager (OMLayoutVersionManager.java:lambda$0(115)) - Skipping Upgrade Action MockOmUpgradeAction since it has been finalized.
2023-08-23 10:51:14,593 [Time-limited test] INFO  upgrade.OMLayoutVersionManager (OMLayoutVersionManager.java:lambda$0(115)) - Skipping Upgrade Action QuotaRepairUpgradeAction since it has been finalized.
2023-08-23 10:51:14,604 [pool-170-thread-1] INFO  request.KdcRequest (KdcRequest.java:preauth(651)) - The preauth data is empty.
2023-08-23 10:51:14,605 [pool-170-thread-1] INFO  server.KdcHandler (KdcHandler.java:handleRecoverableException(177)) - KRB error occurred while processing request:Additional pre-authentication required
2023-08-23 10:51:14,614 [pool-170-thread-2] INFO  request.AsRequest (AsRequest.java:issueTicket(112)) - AS_REQ ISSUE: authtime 1692787874613,om/fv-az573-639@EXAMPLE.COM for krbtgt/EXAMPLE.COM@EXAMPLE.COM
2023-08-23 10:51:14,617 [Time-limited test] INFO  security.UserGroupInformation (UserGroupInformation.java:loginUserFromKeytab(1132)) - Login successful for user om/fv-az573-639@EXAMPLE.COM using keytab file om.keytab. Keytab auto renewal enabled : false
2023-08-23 10:51:14,617 [Time-limited test] INFO  om.OzoneManager (OzoneManager.java:loginOMUser(1161)) - Ozone Manager login successful.
2023-08-23 10:51:14,617 [Time-limited test] WARN  server.ServerUtils (ServerUtils.java:getDBPath(311)) - ozone.om.db.dirs is not configured. We recommend adding this setting. Falling back to ozone.metadata.dirs instead.
2023-08-23 10:51:14,620 [Time-limited test] INFO  proxy.SCMBlockLocationFailoverProxyProvider (SCMBlockLocationFailoverProxyProvider.java:<init>(114)) - Created block location fail-over proxy with 1 nodes: [nodeId=scmNodeId,nodeAddress=localhost/127.0.0.1:9863]
2023-08-23 10:51:14,621 [Time-limited test] INFO  om.OzoneManager (OzoneManager.java:getOmDetailsProto(4552)) - OzoneManager ports added:[name: "RPC"
value: 1202
]
2023-08-23 10:51:14,625 [Time-limited test] INFO  security.OMCertificateClient (DefaultCertificateClient.java:updateCertSerialId(1244)) - Certificate serial ID set to 1558311
2023-08-23 10:51:14,636 [Time-limited test] INFO  security.OMCertificateClient (DefaultCertificateClient.java:readCertificateFile(237)) - Added certificate   [0]         Version: 3
         SerialNumber: 1558311
             IssuerDN: CN=localhost,OU=test,O=cluster
           Start Date: Wed Aug 23 10:51:12 UTC 2023
           Final Date: Wed Aug 23 10:51:32 UTC 2023
            SubjectDN: CN=localhost,OU=test,O=cluster
           Public Key: RSA Public Key [97:d3:b0:0a:1f:1d:f4:e6:69:0e:2b:49:7b:ce:45:e8:b7:ef:39:15],[56:66:d1:a4]
        modulus: 8e6b0801b97ad7533998885c76baa78791e606671783b175d241e93953ae070a5bda8974792a9d20b28c03ec33d1bdbed70923863ae97e42d2fa5559976f8ee758c13161dd29edefdc60dcd38e114d475fc221d2e0a2310d06e06c21a53b8ab522053abab03e9bc676d19db51418ab0249a425e850d0593201ee27ae3de606e8e8ccdb97537d8cb32682b101c26e0de3986d349d5f55e54ea19857b7af85bb0c89ba17c742775ea9df2ed620e595c4e59e58b903f69abe86a812d2aa443dd2b2590c0d445763e276a0f632e2810df3cbcaab55622af128b6e43579d67f09e5094592a01a60e8bdde142784c7efe2e300e592c497a4932a4c54632deb3e005f15
public exponent: 10001

  Signature Algorithm: SHA256WITHRSA
            Signature: 6ecd620215145ad09d8aef2ef7bf25bfdf6ae46f
                       cafd026634ea5d509c287fc65fb82cd610a569da
                       7fc5293208ea4d8bb29efc60aa61b4147b6b4f1c
                       d60f9a2d6f6e8a78fb89287193a90f414c3c3203
                       37b024f538e87335832c10f255fc9a1ed46c62c5
                       2528be28f079ba27372387ff0d1386b982d85f0d
                       a700679e523c464c6113145d7608bcd6837fd822
                       f02e877bff1e037e0655490efd6ddf17c8f503b7
                       1481ef513fff10fb51f115eb29624a81a2ec298f
                       16ce7c952628f7b6fad008a73ed75f914bc41f8f
                       c91e48b5d535cfe89647697c54c864167a607031
                       3cac396a6c12f737a501f712c5f781d3fc3c2243
                       bb23db34e2ed0995a8047ceec1f8bf7e
 from file: /tmp/junit8840463537883630659/junit5149816613352305549/om-meta/om/certs/ROOTCA-1558311.crt.
2023-08-23 10:51:14,641 [Time-limited test] INFO  security.OMCertificateClient (DefaultCertificateClient.java:readCertificateFile(237)) - Added certificate   [0]         Version: 3
         SerialNumber: 1558311
             IssuerDN: CN=localhost,OU=test,O=cluster
           Start Date: Wed Aug 23 10:51:12 UTC 2023
           Final Date: Wed Aug 23 10:51:32 UTC 2023
            SubjectDN: CN=localhost,OU=test,O=cluster
           Public Key: RSA Public Key [97:d3:b0:0a:1f:1d:f4:e6:69:0e:2b:49:7b:ce:45:e8:b7:ef:39:15],[56:66:d1:a4]
        modulus: 8e6b0801b97ad7533998885c76baa78791e606671783b175d241e93953ae070a5bda8974792a9d20b28c03ec33d1bdbed70923863ae97e42d2fa5559976f8ee758c13161dd29edefdc60dcd38e114d475fc221d2e0a2310d06e06c21a53b8ab522053abab03e9bc676d19db51418ab0249a425e850d0593201ee27ae3de606e8e8ccdb97537d8cb32682b101c26e0de3986d349d5f55e54ea19857b7af85bb0c89ba17c742775ea9df2ed620e595c4e59e58b903f69abe86a812d2aa443dd2b2590c0d445763e276a0f632e2810df3cbcaab55622af128b6e43579d67f09e5094592a01a60e8bdde142784c7efe2e300e592c497a4932a4c54632deb3e005f15
public exponent: 10001

  Signature Algorithm: SHA256WITHRSA
            Signature: 6ecd620215145ad09d8aef2ef7bf25bfdf6ae46f
                       cafd026634ea5d509c287fc65fb82cd610a569da
                       7fc5293208ea4d8bb29efc60aa61b4147b6b4f1c
                       d60f9a2d6f6e8a78fb89287193a90f414c3c3203
                       37b024f538e87335832c10f255fc9a1ed46c62c5
                       2528be28f079ba27372387ff0d1386b982d85f0d
                       a700679e523c464c6113145d7608bcd6837fd822
                       f02e877bff1e037e0655490efd6ddf17c8f503b7
                       1481ef513fff10fb51f115eb29624a81a2ec298f
                       16ce7c952628f7b6fad008a73ed75f914bc41f8f
                       c91e48b5d535cfe89647697c54c864167a607031
                       3cac396a6c12f737a501f712c5f781d3fc3c2243
                       bb23db34e2ed0995a8047ceec1f8bf7e
 from file: /tmp/junit8840463537883630659/junit5149816613352305549/om-meta/om/certs/certificate.crt.
2023-08-23 10:51:14,647 [Time-limited test] INFO  security.OMCertificateClient (DefaultCertificateClient.java:startCertificateRenewerService(1347)) - CertificateRenewerService for om is started with first delay 7358 ms and interval 3333 ms.
2023-08-23 10:51:14,670 [Time-limited test] INFO  om.OzoneManager (OzoneManager.java:<init>(662)) - OM start with adminUsers: [om/fv-az573-639@EXAMPLE.COM, om]
2023-08-23 10:51:14,679 [Time-limited test] WARN  server.ServerUtils (ServerUtils.java:getDBPath(311)) - ozone.om.db.dirs is not configured. We recommend adding this setting. Falling back to ozone.metadata.dirs instead.
2023-08-23 10:51:14,681 [Time-limited test] INFO  helpers.OmKeyInfo (OmKeyInfo.java:getCodec(71)) - OmKeyInfo.getCodec ignorePipeline = true
2023-08-23 10:51:14,888 [Time-limited test] INFO  om.OzoneManager (OzoneManager.java:instantiateServices(791)) - S3 Multi-Tenancy is disabled
2023-08-23 10:51:14,889 [Time-limited test] INFO  security.OzoneSecretStore (OzoneSecretStore.java:loadState(69)) - Loaded 0 tokens
2023-08-23 10:51:14,889 [Time-limited test] INFO  security.OzoneDelegationTokenSecretManager (OzoneDelegationTokenSecretManager.java:loadTokenSecretState(530)) - Loading token state into token manager.
2023-08-23 10:51:14,889 [Time-limited test] INFO  om.OmSnapshotManager (OmSnapshotManager.java:<init>(175)) - Ozone filesystem snapshot feature is enabled.
2023-08-23 10:51:14,889 [Time-limited test] WARN  server.ServerUtils (ServerUtils.java:getDBPath(311)) - ozone.om.snapshot.diff.db.dir is not configured. We recommend adding this setting. Falling back to ozone.metadata.dirs instead.
2023-08-23 10:51:14,924 [Time-limited test] INFO  snapshot.SnapshotDiffManager (SnapshotDiffManager.java:closeExecutorService(1720)) - Shutting down executorService: 'SstDumpToolExecutor'
2023-08-23 10:51:14,929 [Time-limited test] INFO  om.OzoneManager (OzoneManager.java:addS3GVolumeToDB(4284)) - Created Volume s3v With Owner om required for S3Gateway operations.
2023-08-23 10:51:14,929 [Time-limited test] WARN  server.ServerUtils (ServerUtils.java:getDefaultRatisDirectory(323)) - Storage directory for Ratis is not configured. It is a good idea to map this to an SSD disk. Falling back to ozone.metadata.dirs
2023-08-23 10:51:14,930 [Time-limited test] WARN  utils.OzoneManagerRatisUtils (OzoneManagerRatisUtils.java:getOMRatisSnapshotDirectory(461)) - ozone.om.ratis.snapshot.dir is not configured. Falling back to ozone.metadata.dirs config
2023-08-23 10:51:14,930 [Time-limited test] WARN  server.ServerUtils (ServerUtils.java:getDefaultRatisDirectory(323)) - Storage directory for Ratis is not configured. It is a good idea to map this to an SSD disk. Falling back to ozone.metadata.dirs
2023-08-23 10:51:14,938 [Time-limited test] INFO  ratis.OzoneManagerRatisServer (OzoneManagerRatisServer.java:<init>(163)) - Instantiating OM Ratis server with groupID: omServiceIdDefault and peers: fv-az573-639:9872
2023-08-23 10:51:14,939 [Time-limited test] INFO  ratis.OzoneManagerStateMachine (OzoneManagerStateMachine.java:loadSnapshotInfoFromDB(687)) - LastAppliedIndex is set from TransactionInfo from OM DB as (t:0, i:~)
2023-08-23 10:51:14,943 [Time-limited test] INFO  server.RaftServer (ConfUtils.java:logGet(46)) - raft.rpc.type = GRPC (default)
2023-08-23 10:51:14,944 [Time-limited test] INFO  grpc.GrpcConfigKeys (ConfUtils.java:logFallback(53)) - raft.grpc.admin.host = null (fallback to raft.grpc.server.host)
2023-08-23 10:51:14,944 [Time-limited test] INFO  grpc.GrpcConfigKeys (ConfUtils.java:logFallback(53)) - raft.grpc.admin.port = 9872 (fallback to raft.grpc.server.port)
2023-08-23 10:51:14,944 [Time-limited test] INFO  grpc.GrpcConfigKeys (ConfUtils.java:logFallback(53)) - raft.grpc.client.host = null (fallback to raft.grpc.server.host)
2023-08-23 10:51:14,944 [Time-limited test] INFO  grpc.GrpcConfigKeys (ConfUtils.java:logFallback(53)) - raft.grpc.client.port = 9872 (fallback to raft.grpc.server.port)
2023-08-23 10:51:14,944 [Time-limited test] INFO  grpc.GrpcConfigKeys (ConfUtils.java:logGet(46)) - raft.grpc.server.host = null (default)
2023-08-23 10:51:14,944 [Time-limited test] INFO  grpc.GrpcConfigKeys (ConfUtils.java:logGet(46)) - raft.grpc.server.port = 9872 (custom)
2023-08-23 10:51:14,945 [Time-limited test] INFO  server.GrpcService (ConfUtils.java:logGet(46)) - raft.grpc.message.size.max = 33554432 (custom)
2023-08-23 10:51:14,945 [Time-limited test] INFO  server.RaftServerConfigKeys (ConfUtils.java:logGet(46)) - raft.server.log.appender.buffer.byte-limit = 33554432 (custom)
2023-08-23 10:51:14,945 [Time-limited test] INFO  server.GrpcService (ConfUtils.java:logGet(46)) - raft.grpc.flow.control.window = 1MB (=1048576) (default)
2023-08-23 10:51:14,945 [Time-limited test] INFO  server.RaftServerConfigKeys (ConfUtils.java:logGet(46)) - raft.server.rpc.request.timeout = 3000ms (default)
2023-08-23 10:51:14,945 [Time-limited test] INFO  grpc.GrpcConfigKeys (ConfUtils.java:logGet(46)) - raft.grpc.server.heartbeat.channel = true (default)
2023-08-23 10:51:14,945 [Time-limited test] INFO  grpc.GrpcConfigKeys (ConfUtils.java:logGet(46)) - raft.grpc.server.async.request.thread.pool.cached = true (default)
2023-08-23 10:51:14,945 [Time-limited test] INFO  grpc.GrpcConfigKeys (ConfUtils.java:logGet(46)) - raft.grpc.server.async.request.thread.pool.size = 32 (default)
2023-08-23 10:51:14,947 [Time-limited test] INFO  impl.DataStreamServerImpl (ConfUtils.java:logGet(46)) - raft.datastream.type = DISABLED (default)
2023-08-23 10:51:14,947 [Time-limited test] INFO  server.RaftServerConfigKeys (ConfUtils.java:logGet(46)) - raft.server.threadpool.proxy.cached = true (default)
2023-08-23 10:51:14,948 [Time-limited test] INFO  server.RaftServerConfigKeys (ConfUtils.java:logGet(46)) - raft.server.threadpool.proxy.size = 0 (default)
2023-08-23 10:51:14,948 [Time-limited test] INFO  server.RaftServerConfigKeys (ConfUtils.java:logGet(46)) - raft.server.rpc.slowness.timeout = 120s (custom)
2023-08-23 10:51:14,948 [Time-limited test] INFO  server.RaftServerConfigKeys (ConfUtils.java:logGet(46)) - raft.server.leaderelection.leader.step-down.wait-time = 10s (default)
2023-08-23 10:51:14,948 [Time-limited test] INFO  server.RaftServerConfigKeys (ConfUtils.java:logGet(46)) - raft.server.storage.dir = [/tmp/junit8840463537883630659/junit5149816613352305549/om-meta/ratis] (custom)
2023-08-23 10:51:14,956 [Time-limited test] INFO  server.RaftServer (RaftServerProxy.java:addNew(98)) - om1: addNew group-C5BA1605619E:[om1|rpc:fv-az573-639:9872|priority:0|startupRole:FOLLOWER] returns group-C5BA1605619E:java.util.concurrent.CompletableFuture@5fc2c108[Not completed]
2023-08-23 10:51:14,956 [Time-limited test] INFO  om.OzoneManager (OzoneManager.java:initializeRatisServer(2128)) - OzoneManager Ratis server initialized at port 9872
2023-08-23 10:51:14,957 [Time-limited test] INFO  om.OzoneManager (OzoneManager.java:getRpcServer(1193)) - Creating RPC Server
2023-08-23 10:51:14,968 [om1-groupManagement] INFO  server.RaftServer$Division (RaftServerImpl.java:<init>(198)) - om1: new RaftServerImpl for group-C5BA1605619E:[om1|rpc:fv-az573-639:9872|priority:0|startupRole:FOLLOWER] with OzoneManagerStateMachine:uninitialized
2023-08-23 10:51:14,972 [om1-groupManagement] INFO  server.RaftServerConfigKeys (ConfUtils.java:logGet(46)) - raft.server.rpc.timeout.min = 5s (custom)
2023-08-23 10:51:14,972 [om1-groupManagement] INFO  server.RaftServerConfigKeys (ConfUtils.java:logGet(46)) - raft.server.rpc.timeout.max = 5200ms (custom)
2023-08-23 10:51:14,972 [om1-groupManagement] INFO  server.RaftServerConfigKeys (ConfUtils.java:logGet(46)) - raft.server.rpc.sleep.time = 25ms (default)
2023-08-23 10:51:14,972 [om1-groupManagement] INFO  server.RaftServerConfigKeys (ConfUtils.java:logGet(46)) - raft.server.rpc.slowness.timeout = 120s (custom)
2023-08-23 10:51:14,972 [om1-groupManagement] INFO  server.RaftServerConfigKeys (ConfUtils.java:logGet(46)) - raft.server.leaderelection.leader.step-down.wait-time = 10s (default)
2023-08-23 10:51:14,972 [om1-groupManagement] INFO  server.RaftServerConfigKeys (ConfUtils.java:logGet(46)) - raft.server.sleep.deviation.threshold = 300ms (default)
2023-08-23 10:51:14,973 [om1-groupManagement] INFO  server.RaftServer$Division (ServerState.java:<init>(120)) - om1@group-C5BA1605619E: ConfigurationManager, init=-1: peers:[om1|rpc:fv-az573-639:9872|priority:0|startupRole:FOLLOWER]|listeners:[], old=null, confs=<EMPTY_MAP>
2023-08-23 10:51:14,973 [om1-groupManagement] INFO  server.RaftServerConfigKeys (ConfUtils.java:logGet(46)) - raft.server.storage.dir = [/tmp/junit8840463537883630659/junit5149816613352305549/om-meta/ratis] (custom)
2023-08-23 10:51:14,973 [om1-groupManagement] INFO  server.RaftServerConfigKeys (ConfUtils.java:logGet(46)) - raft.server.log.corruption.policy = EXCEPTION (default)
2023-08-23 10:51:14,973 [om1-groupManagement] INFO  server.RaftServerConfigKeys (ConfUtils.java:logGet(46)) - raft.server.storage.free-space.min = 0MB (=0) (default)
2023-08-23 10:51:14,975 [om1-groupManagement] INFO  server.RaftServerConfigKeys (ConfUtils.java:logGet(46)) - raft.server.notification.no-leader.timeout = 120s (custom)
2023-08-23 10:51:14,976 [om1-groupManagement] INFO  server.RaftServerConfigKeys (ConfUtils.java:logGet(46)) - raft.server.read.timeout = 10s (default)
2023-08-23 10:51:14,976 [om1-groupManagement] INFO  server.RaftServerConfigKeys (ConfUtils.java:logGet(46)) - raft.server.retrycache.expirytime = 300s (custom)
2023-08-23 10:51:14,976 [om1-groupManagement] INFO  server.RaftServerConfigKeys (ConfUtils.java:logGet(46)) - raft.server.retrycache.statistics.expirytime = 100μs (default)
2023-08-23 10:51:14,976 [om1-groupManagement] INFO  server.RaftServerConfigKeys (ConfUtils.java:logGet(46)) - raft.server.read.option = DEFAULT (default)
2023-08-23 10:51:14,978 [om1-groupManagement] INFO  server.RaftServerConfigKeys (ConfUtils.java:logGet(46)) - raft.server.rpc.request.timeout = 3000ms (default)
2023-08-23 10:51:14,978 [om1-groupManagement] INFO  server.RaftServerConfigKeys (ConfUtils.java:logGet(46)) - raft.server.log.appender.install.snapshot.enabled = false (custom)
2023-08-23 10:51:14,978 [om1-groupManagement] INFO  server.RaftServerConfigKeys (ConfUtils.java:logGet(46)) - raft.server.threadpool.server.cached = true (default)
2023-08-23 10:51:14,982 [om1-groupManagement] INFO  server.RaftServerConfigKeys (ConfUtils.java:logGet(46)) - raft.server.threadpool.server.size = 0 (default)
2023-08-23 10:51:14,982 [om1-groupManagement] INFO  server.RaftServerConfigKeys (ConfUtils.java:logGet(46)) - raft.server.threadpool.client.cached = true (default)
2023-08-23 10:51:14,982 [om1-groupManagement] INFO  server.RaftServerConfigKeys (ConfUtils.java:logGet(46)) - raft.server.threadpool.client.size = 0 (default)
2023-08-23 10:51:15,453 [Time-limited test] INFO  reflections.Reflections (Reflections.java:scan(232)) - Reflections took 494 ms to scan 19 urls, producing 70 keys and 5642 values [using 2 cores]
2023-08-23 10:51:15,466 [Time-limited test] INFO  ipc.CallQueueManager (CallQueueManager.java:<init>(90)) - Using callQueue: class java.util.concurrent.LinkedBlockingQueue, queueCapacity: 10000, scheduler: class org.apache.hadoop.ipc.DefaultRpcScheduler, ipcBackoff: false.
2023-08-23 10:51:15,466 [Time-limited test] INFO  ipc.Server (Server.java:<init>(1287)) - Listener at fv-az573-639:1202
2023-08-23 10:51:15,472 [Socket Reader #1 for port 1202] INFO  ipc.Server (Server.java:run(1323)) - Starting Socket Reader #1 for port 1202
2023-08-23 10:51:15,540 [Time-limited test] INFO  security.OMCertificateClient (DefaultCertificateClient.java:getAllRootCaCerts(901)) - om has 1 Root CA certificates
2023-08-23 10:51:22,001 [om-CertificateRenewerService] INFO  security.OMCertificateClient (DefaultCertificateClient.java:run(1383)) - Current certificate 1558311 needs to be renewed remaining grace period PT0S. Forced renewal due to root ca rotation: false.
2023-08-23 10:51:22,620 [om-CertificateRenewerService] INFO  ozone.OzoneSecurityUtil (OzoneSecurityUtil.java:getValidInetsForCurrentHost(119)) - ip:fe80:0:0:0:20d:3aff:fe5a:f85d%eth0 not returned.
2023-08-23 10:51:22,620 [om-CertificateRenewerService] INFO  ozone.OzoneSecurityUtil (OzoneSecurityUtil.java:getValidInetsForCurrentHost(116)) - Adding ip:10.1.0.17,host:fv-az573-639
2023-08-23 10:51:22,620 [om-CertificateRenewerService] INFO  ozone.OzoneSecurityUtil (OzoneSecurityUtil.java:getValidInetsForCurrentHost(119)) - ip:0:0:0:0:0:0:0:1%lo not returned.
2023-08-23 10:51:22,620 [om-CertificateRenewerService] INFO  ozone.OzoneSecurityUtil (OzoneSecurityUtil.java:getValidInetsForCurrentHost(119)) - ip:127.0.0.1 not returned.
2023-08-23 10:51:22,621 [om-CertificateRenewerService] ERROR utils.CertificateSignRequest (CertificateSignRequest.java:lambda$addInetAddresses$0(295)) - Invalid domain fv-az573-639
2023-08-23 10:51:22,622 [om-CertificateRenewerService] INFO  security.OMCertificateClient (OMCertificateClient.java:getCSRBuilder(114)) - Creating csr for OM->dns:fv-az573-639,ip:10.1.0.17,scmId:d1b69d54-85a0-44c7-a347-04d6dd3bacdd,clusterId:8aa2320f-05ad-4b1e-a231-bf6d44a0a653,subject:fv-az573-639
2023-08-23 10:51:22,633 [om-CertificateRenewerService] INFO  utils.CertificateCodec (CertificateCodec.java:writeCertificate(299)) - Save certificate to /tmp/junit8840463537883630659/junit5149816613352305549/om-meta/om/certs-next/1558370.crt
2023-08-23 10:51:22,638 [om-CertificateRenewerService] INFO  utils.CertificateCodec (CertificateCodec.java:writeCertificate(300)) - Certificate -----BEGIN CERTIFICATE-----
MIIB4DCCAUmgAwIBAgIDF8diMA0GCSqGSIb3DQEBCwUAMDUxEjAQBgNVBAMMCWxv
Y2FsaG9zdDENMAsGA1UECwwEdGVzdDEQMA4GA1UECgwHY2x1c3RlcjAeFw0yMzA4
MjMxMDUxMjJaFw0yMzA4MjMxMDUxNDJaMDUxEjAQBgNVBAMMCWxvY2FsaG9zdDEN
MAsGA1UECwwEdGVzdDEQMA4GA1UECgwHY2x1c3RlcjCBnzANBgkqhkiG9w0BAQEF
AAOBjQAwgYkCgYEAqV/7C9/YXOvXet5ESsKYA+gzDWgFQQHEQj1HZH7gUDOJVQL5
NGGKHyisCD0QJwvL7CoB5H/Bc7vmAMNDSQRITCaNUNfwY1SrCkckUx36BPWjogVj
TSrY/mRiqGFiQ4wwrOBSDnY1yXzmMBndRG7hCV6H/wW8yrGZRlhlztiHOIsCAwEA
ATANBgkqhkiG9w0BAQsFAAOBgQCFo2ki7ScXWIOvHJqI8ZpLAkdKTSLUsjJd1foU
zf6eEpOWYrev9PqzGl4GnutYuHbdYBO5V2NA7vekn18QSZcU8yfNVRA19vS8iM2g
/bUH3nzf0byvxsqWyW1nzZIApYtoMsz479o70Kt0mAMDZ03byT6nsUpvh6CM82Cg
UEOCbw==
-----END CERTIFICATE-----

2023-08-23 10:51:22,639 [om-CertificateRenewerService] INFO  utils.CertificateCodec (CertificateCodec.java:writeCertificate(299)) - Save certificate to /tmp/junit8840463537883630659/junit5149816613352305549/om-meta/om/certs-next/CA-1558370.crt
2023-08-23 10:51:22,639 [om-CertificateRenewerService] INFO  utils.CertificateCodec (CertificateCodec.java:writeCertificate(300)) - Certificate -----BEGIN CERTIFICATE-----
MIIB4DCCAUmgAwIBAgIDF8diMA0GCSqGSIb3DQEBCwUAMDUxEjAQBgNVBAMMCWxv
Y2FsaG9zdDENMAsGA1UECwwEdGVzdDEQMA4GA1UECgwHY2x1c3RlcjAeFw0yMzA4
MjMxMDUxMjJaFw0yMzA4MjMxMDUxNDJaMDUxEjAQBgNVBAMMCWxvY2FsaG9zdDEN
MAsGA1UECwwEdGVzdDEQMA4GA1UECgwHY2x1c3RlcjCBnzANBgkqhkiG9w0BAQEF
AAOBjQAwgYkCgYEAqV/7C9/YXOvXet5ESsKYA+gzDWgFQQHEQj1HZH7gUDOJVQL5
NGGKHyisCD0QJwvL7CoB5H/Bc7vmAMNDSQRITCaNUNfwY1SrCkckUx36BPWjogVj
TSrY/mRiqGFiQ4wwrOBSDnY1yXzmMBndRG7hCV6H/wW8yrGZRlhlztiHOIsCAwEA
ATANBgkqhkiG9w0BAQsFAAOBgQCFo2ki7ScXWIOvHJqI8ZpLAkdKTSLUsjJd1foU
zf6eEpOWYrev9PqzGl4GnutYuHbdYBO5V2NA7vekn18QSZcU8yfNVRA19vS8iM2g
/bUH3nzf0byvxsqWyW1nzZIApYtoMsz479o70Kt0mAMDZ03byT6nsUpvh6CM82Cg
UEOCbw==
-----END CERTIFICATE-----

2023-08-23 10:51:22,640 [om-CertificateRenewerService] INFO  security.OMCertificateClient (DefaultCertificateClient.java:updateCertSerialId(1244)) - Certificate serial ID set to 1558370
2023-08-23 10:51:22,642 [om-CertificateRenewerService] INFO  security.OMCertificateClient (DefaultCertificateClient.java:readCertificateFile(237)) - Added certificate   [0]         Version: 3
         SerialNumber: 1558311
             IssuerDN: CN=localhost,OU=test,O=cluster
           Start Date: Wed Aug 23 10:51:12 UTC 2023
           Final Date: Wed Aug 23 10:51:32 UTC 2023
            SubjectDN: CN=localhost,OU=test,O=cluster
           Public Key: RSA Public Key [97:d3:b0:0a:1f:1d:f4:e6:69:0e:2b:49:7b:ce:45:e8:b7:ef:39:15],[56:66:d1:a4]
        modulus: 8e6b0801b97ad7533998885c76baa78791e606671783b175d241e93953ae070a5bda8974792a9d20b28c03ec33d1bdbed70923863ae97e42d2fa5559976f8ee758c13161dd29edefdc60dcd38e114d475fc221d2e0a2310d06e06c21a53b8ab522053abab03e9bc676d19db51418ab0249a425e850d0593201ee27ae3de606e8e8ccdb97537d8cb32682b101c26e0de3986d349d5f55e54ea19857b7af85bb0c89ba17c742775ea9df2ed620e595c4e59e58b903f69abe86a812d2aa443dd2b2590c0d445763e276a0f632e2810df3cbcaab55622af128b6e43579d67f09e5094592a01a60e8bdde142784c7efe2e300e592c497a4932a4c54632deb3e005f15
public exponent: 10001

  Signature Algorithm: SHA256WITHRSA
            Signature: 6ecd620215145ad09d8aef2ef7bf25bfdf6ae46f
                       cafd026634ea5d509c287fc65fb82cd610a569da
                       7fc5293208ea4d8bb29efc60aa61b4147b6b4f1c
                       d60f9a2d6f6e8a78fb89287193a90f414c3c3203
                       37b024f538e87335832c10f255fc9a1ed46c62c5
                       2528be28f079ba27372387ff0d1386b982d85f0d
                       a700679e523c464c6113145d7608bcd6837fd822
                       f02e877bff1e037e0655490efd6ddf17c8f503b7
                       1481ef513fff10fb51f115eb29624a81a2ec298f
                       16ce7c952628f7b6fad008a73ed75f914bc41f8f
                       c91e48b5d535cfe89647697c54c864167a607031
                       3cac396a6c12f737a501f712c5f781d3fc3c2243
                       bb23db34e2ed0995a8047ceec1f8bf7e
 from file: /tmp/junit8840463537883630659/junit5149816613352305549/om-meta/om/certs/ROOTCA-1558311.crt.
2023-08-23 10:51:22,643 [om-CertificateRenewerService] INFO  security.OMCertificateClient (DefaultCertificateClient.java:readCertificateFile(237)) - Added certificate   [0]         Version: 3
         SerialNumber: 1558311
             IssuerDN: CN=localhost,OU=test,O=cluster
           Start Date: Wed Aug 23 10:51:12 UTC 2023
           Final Date: Wed Aug 23 10:51:32 UTC 2023
            SubjectDN: CN=localhost,OU=test,O=cluster
           Public Key: RSA Public Key [97:d3:b0:0a:1f:1d:f4:e6:69:0e:2b:49:7b:ce:45:e8:b7:ef:39:15],[56:66:d1:a4]
        modulus: 8e6b0801b97ad7533998885c76baa78791e606671783b175d241e93953ae070a5bda8974792a9d20b28c03ec33d1bdbed70923863ae97e42d2fa5559976f8ee758c13161dd29edefdc60dcd38e114d475fc221d2e0a2310d06e06c21a53b8ab522053abab03e9bc676d19db51418ab0249a425e850d0593201ee27ae3de606e8e8ccdb97537d8cb32682b101c26e0de3986d349d5f55e54ea19857b7af85bb0c89ba17c742775ea9df2ed620e595c4e59e58b903f69abe86a812d2aa443dd2b2590c0d445763e276a0f632e2810df3cbcaab55622af128b6e43579d67f09e5094592a01a60e8bdde142784c7efe2e300e592c497a4932a4c54632deb3e005f15
public exponent: 10001

  Signature Algorithm: SHA256WITHRSA
            Signature: 6ecd620215145ad09d8aef2ef7bf25bfdf6ae46f
                       cafd026634ea5d509c287fc65fb82cd610a569da
                       7fc5293208ea4d8bb29efc60aa61b4147b6b4f1c
                       d60f9a2d6f6e8a78fb89287193a90f414c3c3203
                       37b024f538e87335832c10f255fc9a1ed46c62c5
                       2528be28f079ba27372387ff0d1386b982d85f0d
                       a700679e523c464c6113145d7608bcd6837fd822
                       f02e877bff1e037e0655490efd6ddf17c8f503b7
                       1481ef513fff10fb51f115eb29624a81a2ec298f
                       16ce7c952628f7b6fad008a73ed75f914bc41f8f
                       c91e48b5d535cfe89647697c54c864167a607031
                       3cac396a6c12f737a501f712c5f781d3fc3c2243
                       bb23db34e2ed0995a8047ceec1f8bf7e
 from file: /tmp/junit8840463537883630659/junit5149816613352305549/om-meta/om/certs/certificate.crt.
2023-08-23 10:51:22,643 [om-CertificateRenewerService] INFO  security.OMCertificateClient (DefaultCertificateClient.java:renewAndStoreKeyAndCertificate(1162)) - Successful renew key and certificate. New certificate 1558370.
2023-08-23 10:51:22,644 [om-CertificateRenewerService] INFO  security.OMCertificateClient (DefaultCertificateClient.java:updateCertSerialId(1244)) - Certificate serial ID set to 1558370
2023-08-23 10:51:22,645 [om-CertificateRenewerService] INFO  security.OMCertificateClient (DefaultCertificateClient.java:readCertificateFile(237)) - Added certificate   [0]         Version: 3
         SerialNumber: 1558370
             IssuerDN: CN=localhost,OU=test,O=cluster
           Start Date: Wed Aug 23 10:51:22 UTC 2023
           Final Date: Wed Aug 23 10:51:42 UTC 2023
            SubjectDN: CN=localhost,OU=test,O=cluster
           Public Key: RSA Public Key [6b:48:1b:3d:59:52:b6:17:51:0a:43:45:4c:d2:ef:e8:01:90:fc:0f],[56:66:d1:a4]
        modulus: a95ffb0bdfd85cebd77ade444ac29803e8330d68054101c4423d47647ee05033895502f934618a1f28ac083d10270bcbec2a01e47fc173bbe600c3434904484c268d50d7f06354ab0a4724531dfa04f5a3a205634d2ad8fe6462a86162438c30ace0520e7635c97ce63019dd446ee1095e87ff05bccab199465865ced887388b
public exponent: 10001

  Signature Algorithm: SHA256WITHRSA
            Signature: 85a36922ed27175883af1c9a88f19a4b02474a4d
                       22d4b2325dd5fa14cdfe9e12939662b7aff4fab3
                       1a5e069eeb58b876dd6013b9576340eef7a49f5f
                       10499714f327cd551035f6f4bc88cda0fdb507de
                       7cdfd1bcafc6ca96c96d67cd9200a58b6832ccf8
                       efda3bd0ab74980303674ddbc93ea7b14a6f87a0
                       8cf360a05043826f
 from file: /tmp/junit8840463537883630659/junit5149816613352305549/om-meta/om/certs/CA-1558370.crt.
2023-08-23 10:51:22,646 [om-CertificateRenewerService] INFO  security.OMCertificateClient (DefaultCertificateClient.java:readCertificateFile(237)) - Added certificate   [0]         Version: 3
         SerialNumber: 1558370
             IssuerDN: CN=localhost,OU=test,O=cluster
           Start Date: Wed Aug 23 10:51:22 UTC 2023
           Final Date: Wed Aug 23 10:51:42 UTC 2023
            SubjectDN: CN=localhost,OU=test,O=cluster
           Public Key: RSA Public Key [6b:48:1b:3d:59:52:b6:17:51:0a:43:45:4c:d2:ef:e8:01:90:fc:0f],[56:66:d1:a4]
        modulus: a95ffb0bdfd85cebd77ade444ac29803e8330d68054101c4423d47647ee05033895502f934618a1f28ac083d10270bcbec2a01e47fc173bbe600c3434904484c268d50d7f06354ab0a4724531dfa04f5a3a205634d2ad8fe6462a86162438c30ace0520e7635c97ce63019dd446ee1095e87ff05bccab199465865ced887388b
public exponent: 10001

  Signature Algorithm: SHA256WITHRSA
            Signature: 85a36922ed27175883af1c9a88f19a4b02474a4d
                       22d4b2325dd5fa14cdfe9e12939662b7aff4fab3
                       1a5e069eeb58b876dd6013b9576340eef7a49f5f
                       10499714f327cd551035f6f4bc88cda0fdb507de
                       7cdfd1bcafc6ca96c96d67cd9200a58b6832ccf8
                       efda3bd0ab74980303674ddbc93ea7b14a6f87a0
                       8cf360a05043826f
 from file: /tmp/junit8840463537883630659/junit5149816613352305549/om-meta/om/certs/1558370.crt.
2023-08-23 10:51:22,646 [om-CertificateRenewerService] INFO  security.OMCertificateClient (DefaultCertificateClient.java:reloadKeyAndCertificate(1232)) - Reset and reloaded key and all certificates for new certificate 1558370.
2023-08-23 10:51:23,566 [Time-limited test] INFO  utils.SelfSignedCertificate (SelfSignedCertificate.java:generateCertificate(157)) - Certificate 1568935 is issued by CN=localhost,OU=test,O=cluster to CN=localhost,OU=test,O=cluster, valid from Wed Aug 23 10:51:23 UTC 2023 to Wed Aug 23 10:51:43 UTC 2023
2023-08-23 10:51:35,333 [om-CertificateRenewerService] INFO  security.OMCertificateClient (DefaultCertificateClient.java:run(1383)) - Current certificate 1558370 needs to be renewed remaining grace period PT0S. Forced renewal due to root ca rotation: false.
2023-08-23 10:51:35,763 [om-CertificateRenewerService] INFO  ozone.OzoneSecurityUtil (OzoneSecurityUtil.java:getValidInetsForCurrentHost(119)) - ip:fe80:0:0:0:20d:3aff:fe5a:f85d%eth0 not returned.
2023-08-23 10:51:35,766 [om-CertificateRenewerService] INFO  ozone.OzoneSecurityUtil (OzoneSecurityUtil.java:getValidInetsForCurrentHost(116)) - Adding ip:10.1.0.17,host:fv-az573-639
2023-08-23 10:51:35,766 [om-CertificateRenewerService] INFO  ozone.OzoneSecurityUtil (OzoneSecurityUtil.java:getValidInetsForCurrentHost(119)) - ip:0:0:0:0:0:0:0:1%lo not returned.
2023-08-23 10:51:35,766 [om-CertificateRenewerService] INFO  ozone.OzoneSecurityUtil (OzoneSecurityUtil.java:getValidInetsForCurrentHost(119)) - ip:127.0.0.1 not returned.
2023-08-23 10:51:35,767 [om-CertificateRenewerService] ERROR utils.CertificateSignRequest (CertificateSignRequest.java:lambda$addInetAddresses$0(295)) - Invalid domain fv-az573-639
2023-08-23 10:51:35,767 [om-CertificateRenewerService] INFO  security.OMCertificateClient (OMCertificateClient.java:getCSRBuilder(114)) - Creating csr for OM->dns:fv-az573-639,ip:10.1.0.17,scmId:d1b69d54-85a0-44c7-a347-04d6dd3bacdd,clusterId:8aa2320f-05ad-4b1e-a231-bf6d44a0a653,subject:fv-az573-639
2023-08-23 10:51:35,772 [om-CertificateRenewerService] INFO  utils.CertificateCodec (CertificateCodec.java:writeCertificate(299)) - Save certificate to /tmp/junit8840463537883630659/junit5149816613352305549/om-meta/om/certs-next/1568935.crt
2023-08-23 10:51:35,772 [om-CertificateRenewerService] INFO  utils.CertificateCodec (CertificateCodec.java:writeCertificate(300)) - Certificate -----BEGIN CERTIFICATE-----
MIIB4DCCAUmgAwIBAgIDF/CnMA0GCSqGSIb3DQEBCwUAMDUxEjAQBgNVBAMMCWxv
Y2FsaG9zdDENMAsGA1UECwwEdGVzdDEQMA4GA1UECgwHY2x1c3RlcjAeFw0yMzA4
MjMxMDUxMjNaFw0yMzA4MjMxMDUxNDNaMDUxEjAQBgNVBAMMCWxvY2FsaG9zdDEN
MAsGA1UECwwEdGVzdDEQMA4GA1UECgwHY2x1c3RlcjCBnzANBgkqhkiG9w0BAQEF
AAOBjQAwgYkCgYEAhMQ+cfWVtNhIrwZjT9cTl8Mb6DEoFlOlDalMV/ZbUqNK8aK0
Mp0NywFD8FKZo5H27ICCDLtpSNjW86SfabpdF4I3mgT1ulASpC1/SrhsvOoukqEB
6q8YQPyE8JV6gd5ZDHy3y6kZQ6y1fxUhkPQZPuqkWDOMfdVMAhxwgu7NH38CAwEA
ATANBgkqhkiG9w0BAQsFAAOBgQAsxNPh+SBqUQ86SHG5Gj3yVvAm28iakoQH84I7
+gRPupAEYDimjumA2V2oYYP6cjaAyOWmxmPei4IIDBPXnQZ/Fp3YmMpbiCdcZrkD
w1e1sQsabK3eNsv89Q17aLpPCRZ2ui/1HMQ0Ojdj4c0P7cl/+hXQnYRZiBsolCJw
eqBJaw==
-----END CERTIFICATE-----

2023-08-23 10:51:35,772 [om-CertificateRenewerService] INFO  utils.CertificateCodec (CertificateCodec.java:writeCertificate(299)) - Save certificate to /tmp/junit8840463537883630659/junit5149816613352305549/om-meta/om/certs-next/CA-1568935.crt
2023-08-23 10:51:35,772 [om-CertificateRenewerService] INFO  utils.CertificateCodec (CertificateCodec.java:writeCertificate(300)) - Certificate -----BEGIN CERTIFICATE-----
MIIB4DCCAUmgAwIBAgIDF/CnMA0GCSqGSIb3DQEBCwUAMDUxEjAQBgNVBAMMCWxv
Y2FsaG9zdDENMAsGA1UECwwEdGVzdDEQMA4GA1UECgwHY2x1c3RlcjAeFw0yMzA4
MjMxMDUxMjNaFw0yMzA4MjMxMDUxNDNaMDUxEjAQBgNVBAMMCWxvY2FsaG9zdDEN
MAsGA1UECwwEdGVzdDEQMA4GA1UECgwHY2x1c3RlcjCBnzANBgkqhkiG9w0BAQEF
AAOBjQAwgYkCgYEAhMQ+cfWVtNhIrwZjT9cTl8Mb6DEoFlOlDalMV/ZbUqNK8aK0
Mp0NywFD8FKZo5H27ICCDLtpSNjW86SfabpdF4I3mgT1ulASpC1/SrhsvOoukqEB
6q8YQPyE8JV6gd5ZDHy3y6kZQ6y1fxUhkPQZPuqkWDOMfdVMAhxwgu7NH38CAwEA
ATANBgkqhkiG9w0BAQsFAAOBgQAsxNPh+SBqUQ86SHG5Gj3yVvAm28iakoQH84I7
+gRPupAEYDimjumA2V2oYYP6cjaAyOWmxmPei4IIDBPXnQZ/Fp3YmMpbiCdcZrkD
w1e1sQsabK3eNsv89Q17aLpPCRZ2ui/1HMQ0Ojdj4c0P7cl/+hXQnYRZiBsolCJw
eqBJaw==
-----END CERTIFICATE-----

2023-08-23 10:51:35,779 [om-CertificateRenewerService] INFO  security.OMCertificateClient (DefaultCertificateClient.java:updateCertSerialId(1244)) - Certificate serial ID set to 1568935
2023-08-23 10:51:35,781 [om-CertificateRenewerService] INFO  security.OMCertificateClient (DefaultCertificateClient.java:readCertificateFile(237)) - Added certificate   [0]         Version: 3
         SerialNumber: 1558370
             IssuerDN: CN=localhost,OU=test,O=cluster
           Start Date: Wed Aug 23 10:51:22 UTC 2023
           Final Date: Wed Aug 23 10:51:42 UTC 2023
            SubjectDN: CN=localhost,OU=test,O=cluster
           Public Key: RSA Public Key [6b:48:1b:3d:59:52:b6:17:51:0a:43:45:4c:d2:ef:e8:01:90:fc:0f],[56:66:d1:a4]
        modulus: a95ffb0bdfd85cebd77ade444ac29803e8330d68054101c4423d47647ee05033895502f934618a1f28ac083d10270bcbec2a01e47fc173bbe600c3434904484c268d50d7f06354ab0a4724531dfa04f5a3a205634d2ad8fe6462a86162438c30ace0520e7635c97ce63019dd446ee1095e87ff05bccab199465865ced887388b
public exponent: 10001

  Signature Algorithm: SHA256WITHRSA
            Signature: 85a36922ed27175883af1c9a88f19a4b02474a4d
                       22d4b2325dd5fa14cdfe9e12939662b7aff4fab3
                       1a5e069eeb58b876dd6013b9576340eef7a49f5f
                       10499714f327cd551035f6f4bc88cda0fdb507de
                       7cdfd1bcafc6ca96c96d67cd9200a58b6832ccf8
                       efda3bd0ab74980303674ddbc93ea7b14a6f87a0
                       8cf360a05043826f
 from file: /tmp/junit8840463537883630659/junit5149816613352305549/om-meta/om/certs/CA-1558370.crt.
2023-08-23 10:51:35,782 [om-CertificateRenewerService] INFO  security.OMCertificateClient (DefaultCertificateClient.java:readCertificateFile(237)) - Added certificate   [0]         Version: 3
         SerialNumber: 1558370
             IssuerDN: CN=localhost,OU=test,O=cluster
           Start Date: Wed Aug 23 10:51:22 UTC 2023
           Final Date: Wed Aug 23 10:51:42 UTC 2023
            SubjectDN: CN=localhost,OU=test,O=cluster
           Public Key: RSA Public Key [6b:48:1b:3d:59:52:b6:17:51:0a:43:45:4c:d2:ef:e8:01:90:fc:0f],[56:66:d1:a4]
        modulus: a95ffb0bdfd85cebd77ade444ac29803e8330d68054101c4423d47647ee05033895502f934618a1f28ac083d10270bcbec2a01e47fc173bbe600c3434904484c268d50d7f06354ab0a4724531dfa04f5a3a205634d2ad8fe6462a86162438c30ace0520e7635c97ce63019dd446ee1095e87ff05bccab199465865ced887388b
public exponent: 10001

  Signature Algorithm: SHA256WITHRSA
            Signature: 85a36922ed27175883af1c9a88f19a4b02474a4d
                       22d4b2325dd5fa14cdfe9e12939662b7aff4fab3
                       1a5e069eeb58b876dd6013b9576340eef7a49f5f
                       10499714f327cd551035f6f4bc88cda0fdb507de
                       7cdfd1bcafc6ca96c96d67cd9200a58b6832ccf8
                       efda3bd0ab74980303674ddbc93ea7b14a6f87a0
                       8cf360a05043826f
 from file: /tmp/junit8840463537883630659/junit5149816613352305549/om-meta/om/certs/1558370.crt.
2023-08-23 10:51:35,782 [om-CertificateRenewerService] INFO  security.OMCertificateClient (DefaultCertificateClient.java:renewAndStoreKeyAndCertificate(1162)) - Successful renew key and certificate. New certificate 1568935.
2023-08-23 10:51:35,782 [om-CertificateRenewerService] INFO  security.OMCertificateClient (DefaultCertificateClient.java:updateCertSerialId(1244)) - Certificate serial ID set to 1568935
2023-08-23 10:51:35,783 [om-CertificateRenewerService] INFO  security.OMCertificateClient (DefaultCertificateClient.java:readCertificateFile(237)) - Added certificate   [0]         Version: 3
         SerialNumber: 1568935
             IssuerDN: CN=localhost,OU=test,O=cluster
           Start Date: Wed Aug 23 10:51:23 UTC 2023
           Final Date: Wed Aug 23 10:51:43 UTC 2023
            SubjectDN: CN=localhost,OU=test,O=cluster
           Public Key: RSA Public Key [d6:e7:4b:ed:f8:28:c3:69:9c:e9:0e:ec:93:cc:a2:ad:f0:a1:9d:bf],[56:66:d1:a4]
        modulus: 84c43e71f595b4d848af06634fd71397c31be831281653a50da94c57f65b52a34af1a2b4329d0dcb0143f05299a391f6ec80820cbb6948d8d6f3a49f69ba5d1782379a04f5ba5012a42d7f4ab86cbcea2e92a101eaaf1840fc84f0957a81de590c7cb7cba91943acb57f152190f4193eeaa458338c7dd54c021c7082eecd1f7f
public exponent: 10001

  Signature Algorithm: SHA256WITHRSA
            Signature: 2cc4d3e1f9206a510f3a4871b91a3df256f026db
                       c89a928407f3823bfa044fba90046038a68ee980
                       d95da86183fa723680c8e5a6c663de8b82080c13
                       d79d067f169dd898ca5b88275c66b903c357b5b1
                       0b1a6cadde36cbfcf50d7b68ba4f091676ba2ff5
                       1cc4343a3763e1cd0fedc97ffa15d09d8459881b
                       289422707aa0496b
 from file: /tmp/junit8840463537883630659/junit5149816613352305549/om-meta/om/certs/1568935.crt.
2023-08-23 10:51:35,785 [om-CertificateRenewerService] INFO  security.OMCertificateClient (DefaultCertificateClient.java:readCertificateFile(237)) - Added certificate   [0]         Version: 3
         SerialNumber: 1568935
             IssuerDN: CN=localhost,OU=test,O=cluster
           Start Date: Wed Aug 23 10:51:23 UTC 2023
           Final Date: Wed Aug 23 10:51:43 UTC 2023
            SubjectDN: CN=localhost,OU=test,O=cluster
           Public Key: RSA Public Key [d6:e7:4b:ed:f8:28:c3:69:9c:e9:0e:ec:93:cc:a2:ad:f0:a1:9d:bf],[56:66:d1:a4]
        modulus: 84c43e71f595b4d848af06634fd71397c31be831281653a50da94c57f65b52a34af1a2b4329d0dcb0143f05299a391f6ec80820cbb6948d8d6f3a49f69ba5d1782379a04f5ba5012a42d7f4ab86cbcea2e92a101eaaf1840fc84f0957a81de590c7cb7cba91943acb57f152190f4193eeaa458338c7dd54c021c7082eecd1f7f
public exponent: 10001

  Signature Algorithm: SHA256WITHRSA
            Signature: 2cc4d3e1f9206a510f3a4871b91a3df256f026db
                       c89a928407f3823bfa044fba90046038a68ee980
                       d95da86183fa723680c8e5a6c663de8b82080c13
                       d79d067f169dd898ca5b88275c66b903c357b5b1
                       0b1a6cadde36cbfcf50d7b68ba4f091676ba2ff5
                       1cc4343a3763e1cd0fedc97ffa15d09d8459881b
                       289422707aa0496b
 from file: /tmp/junit8840463537883630659/junit5149816613352305549/om-meta/om/certs/CA-1568935.crt.
2023-08-23 10:51:35,785 [om-CertificateRenewerService] INFO  security.OMCertificateClient (DefaultCertificateClient.java:reloadKeyAndCertificate(1232)) - Reset and reloaded key and all certificates for new certificate 1568935.
2023-08-23 10:51:36,574 [Time-limited test] INFO  impl.DefaultInternalKdcServerImpl (DefaultInternalKdcServerImpl.java:doStop(102)) - Default Internal kdc server stopped.
2023-08-23 10:51:37,575 [Time-limited test] INFO  minikdc.MiniKdc (MiniKdc.java:stop(359)) - MiniKdc stopped.
2023-08-23 10:51:37,575 [Time-limited test] INFO  om.OzoneManager (OzoneManager.java:stop(2187)) - om1[fv-az573-639:1202]: Stopping Ozone Manager
2023-08-23 10:51:37,576 [Time-limited test] INFO  ipc.Server (Server.java:stop(3523)) - Stopping server on 1202
2023-08-23 10:51:37,577 [Time-limited test] INFO  ratis.OzoneManagerStateMachine (OzoneManagerStateMachine.java:close(534)) - StateMachine has shutdown. Shutdown OzoneManager if not already shutdown.
2023-08-23 10:51:37,577 [Time-limited test] INFO  ratis.OzoneManagerDoubleBuffer (OzoneManagerDoubleBuffer.java:stopDaemon(551)) - Stopping OMDoubleBuffer flush thread
2023-08-23 10:51:37,577 [OMDoubleBufferFlushThread] INFO  ratis.OzoneManagerDoubleBuffer (OzoneManagerDoubleBuffer.java:canFlush(638)) - OMDoubleBuffer flush thread OMDoubleBufferFlushThread is interrupted and will exit.
2023-08-23 10:51:37,577 [Time-limited test] INFO  om.OzoneManager (OzoneManager.java:stopSecretManager(1063)) - Stopping secret key client.
2023-08-23 10:51:37,577 [Time-limited test] INFO  om.OzoneManager (OzoneManager.java:stopSecretManager(1068)) - Stopping OM delegation token secret manager.
2023-08-23 10:51:37,578 [Time-limited test] INFO  rocksdiff.RocksDBCheckpointDiffer (RocksDBCheckpointDiffer.java:close(340)) - Shutting down CompactionDagPruningService.
2023-08-23 10:51:37,582 [Time-limited test] INFO  snapshot.SnapshotDiffManager (SnapshotDiffManager.java:closeExecutorService(1720)) - Shutting down executorService: 'SnapDiffExecutor'
2023-08-23 10:51:37,582 [Time-limited test] INFO  snapshot.SnapshotDiffManager (SnapshotDiffManager.java:closeExecutorService(1720)) - Shutting down executorService: 'SstDumpToolExecutor'
2023-08-23 10:51:37,582 [Time-limited test] INFO  utils.BackgroundService (BackgroundService.java:shutdown(141)) - Shutting down service SnapshotDiffCleanupService
]]></system-out>
  </testcase>
  <testcase name="testSecureOmInitSuccess" classname="org.apache.hadoop.ozone.TestSecureOzoneCluster" time="5.024">
    <system-out><![CDATA[2023-08-23 10:51:37,613 [Time-limited test] INFO  net.ServerSocketUtil (ServerSocketUtil.java:getPort(55)) - Using port 9860
2023-08-23 10:51:37,613 [Time-limited test] INFO  net.ServerSocketUtil (ServerSocketUtil.java:getPort(55)) - Using port 9861
2023-08-23 10:51:37,614 [Time-limited test] INFO  net.ServerSocketUtil (ServerSocketUtil.java:getPort(55)) - Using port 9863
2023-08-23 10:51:37,614 [Time-limited test] INFO  net.ServerSocketUtil (ServerSocketUtil.java:getPort(55)) - Using port 9961
2023-08-23 10:51:37,614 [Time-limited test] INFO  net.ServerSocketUtil (ServerSocketUtil.java:getPort(55)) - Using port 1200
2023-08-23 10:51:37,614 [Time-limited test] INFO  net.ServerSocketUtil (ServerSocketUtil.java:getPort(55)) - Using port 1201
2023-08-23 10:51:37,614 [Time-limited test] INFO  minikdc.MiniKdc (MiniKdc.java:<init>(225)) - Configuration:
2023-08-23 10:51:37,614 [Time-limited test] INFO  minikdc.MiniKdc (MiniKdc.java:<init>(226)) - ---------------------------------------------------------------
2023-08-23 10:51:37,615 [Time-limited test] INFO  minikdc.MiniKdc (MiniKdc.java:<init>(228)) -   debug: false
2023-08-23 10:51:37,615 [Time-limited test] INFO  minikdc.MiniKdc (MiniKdc.java:<init>(228)) -   transport: TCP
2023-08-23 10:51:37,615 [Time-limited test] INFO  minikdc.MiniKdc (MiniKdc.java:<init>(228)) -   max.ticket.lifetime: 86400000
2023-08-23 10:51:37,615 [Time-limited test] INFO  minikdc.MiniKdc (MiniKdc.java:<init>(228)) -   org.name: EXAMPLE
2023-08-23 10:51:37,615 [Time-limited test] INFO  minikdc.MiniKdc (MiniKdc.java:<init>(228)) -   kdc.port: 0
2023-08-23 10:51:37,615 [Time-limited test] INFO  minikdc.MiniKdc (MiniKdc.java:<init>(228)) -   org.domain: COM
2023-08-23 10:51:37,615 [Time-limited test] INFO  minikdc.MiniKdc (MiniKdc.java:<init>(228)) -   max.renewable.lifetime: 604800000
2023-08-23 10:51:37,615 [Time-limited test] INFO  minikdc.MiniKdc (MiniKdc.java:<init>(228)) -   instance: DefaultKrbServer
2023-08-23 10:51:37,615 [Time-limited test] INFO  minikdc.MiniKdc (MiniKdc.java:<init>(228)) -   kdc.bind.address: localhost
2023-08-23 10:51:37,615 [Time-limited test] INFO  minikdc.MiniKdc (MiniKdc.java:<init>(230)) - ---------------------------------------------------------------
2023-08-23 10:51:37,617 [Time-limited test] INFO  minikdc.MiniKdc (MiniKdc.java:start(285)) - MiniKdc started.
2023-08-23 10:51:37,816 [Time-limited test] INFO  om.OzoneManager (OzoneManager.java:getOmDetailsProto(4552)) - OzoneManager ports added:[name: "RPC"
value: 1202
]
2023-08-23 10:51:37,817 [Time-limited test] WARN  server.ServerUtils (ServerUtils.java:getScmDbDir(155)) - ozone.scm.db.dirs is not configured. We recommend adding this setting. Falling back to ozone.metadata.dirs instead.
2023-08-23 10:51:37,818 [Time-limited test] INFO  ha.HASecurityUtils (HASecurityUtils.java:initializeSecurity(98)) - Initializing secure StorageContainerManager.
2023-08-23 10:51:37,819 [Time-limited test] INFO  client.SCMCertificateClient (DefaultCertificateClient.java:updateCertSerialId(1244)) - Certificate serial ID set to null
2023-08-23 10:51:37,819 [Time-limited test] ERROR client.SCMCertificateClient (DefaultCertificateClient.java:getCertPath(362)) - Default certificate serial id is not set. Can't locate the default certificate for this client.
2023-08-23 10:51:37,819 [Time-limited test] INFO  client.SCMCertificateClient (DefaultCertificateClient.java:init(715)) - Certificate client init case: 0
2023-08-23 10:51:37,820 [Time-limited test] INFO  client.SCMCertificateClient (SCMCertificateClient.java:handleCase(103)) - Creating keypair for client as keypair and certificate not found.
2023-08-23 10:51:38,253 [Time-limited test] INFO  ha.HASecurityUtils (HASecurityUtils.java:initializeSecurity(108)) - Init response: GETCERT
2023-08-23 10:51:38,373 [Time-limited test] INFO  ozone.OzoneSecurityUtil (OzoneSecurityUtil.java:getValidInetsForCurrentHost(119)) - ip:fe80:0:0:0:20d:3aff:fe5a:f85d%eth0 not returned.
2023-08-23 10:51:38,374 [Time-limited test] INFO  ozone.OzoneSecurityUtil (OzoneSecurityUtil.java:getValidInetsForCurrentHost(116)) - Adding ip:10.1.0.17,host:fv-az573-639
2023-08-23 10:51:38,374 [Time-limited test] INFO  ozone.OzoneSecurityUtil (OzoneSecurityUtil.java:getValidInetsForCurrentHost(119)) - ip:0:0:0:0:0:0:0:1%lo not returned.
2023-08-23 10:51:38,374 [Time-limited test] INFO  ozone.OzoneSecurityUtil (OzoneSecurityUtil.java:getValidInetsForCurrentHost(119)) - ip:127.0.0.1 not returned.
2023-08-23 10:51:38,374 [Time-limited test] ERROR utils.SelfSignedCertificate (SelfSignedCertificate.java:lambda$addInetAddresses$0(244)) - Invalid domain fv-az573-639
2023-08-23 10:51:38,377 [Time-limited test] INFO  utils.SelfSignedCertificate (SelfSignedCertificate.java:generateCertificate(157)) - Certificate 1 is issued by CN=scm-1@fv-az573-639,OU=c6472927-9580-4ef5-8f9a-fb093f6c8f27,O=06453fd4-fc59-4cc3-82c0-51ecf9ff995d to CN=scm-1@fv-az573-639,OU=c6472927-9580-4ef5-8f9a-fb093f6c8f27,O=06453fd4-fc59-4cc3-82c0-51ecf9ff995d, valid from Wed Aug 23 10:51:38 UTC 2023 to Sat Sep 30 10:51:38 UTC 2028
2023-08-23 10:51:38,378 [Time-limited test] INFO  utils.CertificateCodec (CertificateCodec.java:writeCertificate(299)) - Save certificate to /tmp/junit2762791774829194678/junit6232740206995566314/scm-meta/scm/ca/certs/certificate.crt
2023-08-23 10:51:38,378 [Time-limited test] INFO  utils.CertificateCodec (CertificateCodec.java:writeCertificate(300)) - Certificate -----BEGIN CERTIFICATE-----
MIIDpTCCAo2gAwIBAgIBATANBgkqhkiG9w0BAQsFADB7MRswGQYDVQQDDBJzY20t
MUBmdi1hejU3My02MzkxLTArBgNVBAsMJGM2NDcyOTI3LTk1ODAtNGVmNS04Zjlh
LWZiMDkzZjZjOGYyNzEtMCsGA1UECgwkMDY0NTNmZDQtZmM1OS00Y2MzLTgyYzAt
NTFlY2Y5ZmY5OTVkMB4XDTIzMDgyMzEwNTEzOFoXDTI4MDkzMDEwNTEzOFowezEb
MBkGA1UEAwwSc2NtLTFAZnYtYXo1NzMtNjM5MS0wKwYDVQQLDCRjNjQ3MjkyNy05
NTgwLTRlZjUtOGY5YS1mYjA5M2Y2YzhmMjcxLTArBgNVBAoMJDA2NDUzZmQ0LWZj
NTktNGNjMy04MmMwLTUxZWNmOWZmOTk1ZDCCASIwDQYJKoZIhvcNAQEBBQADggEP
ADCCAQoCggEBANj6ysMPkt9u1mzOl+FqG1LTjYDIkY8Yeo6Jx39xPGR4iVV1O/vS
p2ByqVDcHCJZHC2OYBhAkLvvf4HG5GxcbVqEo/i3qTuVeQOV24eeF+U/i0XacPLo
f3q21KCdl1krByldWbDI5o/T0rhSEjYTIxH0CmpyyIxUfFuXyYILpM+QB0xzLSht
cPTAf86UXf1eTdifRIhTxQ5ffJucD4ntrRn/9ClHzCY7qtsLM+3uMAsJfmm9nAwg
kHpE40IVGe6rttZ4cuJoNYOdx39H58/PCIbq5ovE8ZtSQLAc/s6pzcBjqMskR5Fz
qk3hhTBJXJSst6AW+5wNWZUn+T/94tXb+EsCAwEAAaM0MDIwDwYDVR0TAQH/BAUw
AwEB/zAOBgNVHQ8BAf8EBAMCAQYwDwYDVR0RBAgwBocECgEAETANBgkqhkiG9w0B
AQsFAAOCAQEAwg3tTjjuYyz6VI2FE26x8JSdeqOGCBBxMzV7MPn1QYdKHrUpQlET
gIQ2FMbd4iczuwHu9TtGNJgjqXvHMlLfeucJZ/QWGKzuhoVwh/jhN9nB3i0ts1mK
HGlPPzlo4ZTLcxXfYkX4bYbeRGFMX/HADPrGdJP0tMpHHgwAnxAkv6fkXlw3V5Io
il3QEXAlvAY5/Tj0IFJhF11Wda1XfAhaSG1pI075uFmwc2r301f0f+8Doto3tikQ
XIJQkZtf5gm9VAh80HfHVx0YY+SOEBu3BhXAMtTCWmH2uqVdVu2sYTK7Hz0E39mv
jMeNAcRoF6O1IDQ4ezQ0cSkHxHZUyttKkQ==
-----END CERTIFICATE-----

2023-08-23 10:51:38,379 [Time-limited test] INFO  client.SCMCertificateClient (SCMCertificateClient.java:getCSRBuilder(165)) - Creating csr for SCM->hostName:fv-az573-639,scmId:c6472927-9580-4ef5-8f9a-fb093f6c8f27,clusterId:06453fd4-fc59-4cc3-82c0-51ecf9ff995d,subject:scm-sub-1583752448695@fv-az573-639
2023-08-23 10:51:38,379 [Time-limited test] INFO  ozone.OzoneSecurityUtil (OzoneSecurityUtil.java:getValidInetsForCurrentHost(119)) - ip:fe80:0:0:0:20d:3aff:fe5a:f85d%eth0 not returned.
2023-08-23 10:51:38,379 [Time-limited test] INFO  ozone.OzoneSecurityUtil (OzoneSecurityUtil.java:getValidInetsForCurrentHost(116)) - Adding ip:10.1.0.17,host:fv-az573-639
2023-08-23 10:51:38,379 [Time-limited test] INFO  ozone.OzoneSecurityUtil (OzoneSecurityUtil.java:getValidInetsForCurrentHost(119)) - ip:0:0:0:0:0:0:0:1%lo not returned.
2023-08-23 10:51:38,379 [Time-limited test] INFO  ozone.OzoneSecurityUtil (OzoneSecurityUtil.java:getValidInetsForCurrentHost(119)) - ip:127.0.0.1 not returned.
2023-08-23 10:51:38,379 [Time-limited test] ERROR utils.CertificateSignRequest (CertificateSignRequest.java:lambda$addInetAddresses$0(295)) - Invalid domain fv-az573-639
2023-08-23 10:51:38,380 [Time-limited test] INFO  ha.HASecurityUtils (HASecurityUtils.java:generateCSR(308)) - Creating csr for SCM->hostName:fv-az573-639,scmId:c6472927-9580-4ef5-8f9a-fb093f6c8f27,clusterId:06453fd4-fc59-4cc3-82c0-51ecf9ff995d,subject:scm-sub-1583753438903@fv-az573-639
2023-08-23 10:51:38,384 [Time-limited test] INFO  authority.DefaultApprover (DefaultApprover.java:sign(154)) - Extensions in CSR: 2.5.29.19, 2.5.29.15, 2.5.29.17
2023-08-23 10:51:38,384 [Time-limited test] INFO  authority.DefaultApprover (DefaultApprover.java:sign(158)) - Extensions to add to the certificate if they present in CSR: 2.5.29.17, 2.5.29.19, 1.3.6.1.5.5.7.1.12, 2.5.29.35, 2.5.29.37, 2.5.29.15
2023-08-23 10:51:38,388 [Time-limited test] INFO  utils.CertificateCodec (CertificateCodec.java:writeCertificate(299)) - Save certificate to /tmp/junit2762791774829194678/junit6232740206995566314/scm-meta/scm/sub-ca/certs/CA-1.crt
2023-08-23 10:51:38,389 [Time-limited test] INFO  utils.CertificateCodec (CertificateCodec.java:writeCertificate(300)) - Certificate -----BEGIN CERTIFICATE-----
MIIDpTCCAo2gAwIBAgIBATANBgkqhkiG9w0BAQsFADB7MRswGQYDVQQDDBJzY20t
MUBmdi1hejU3My02MzkxLTArBgNVBAsMJGM2NDcyOTI3LTk1ODAtNGVmNS04Zjlh
LWZiMDkzZjZjOGYyNzEtMCsGA1UECgwkMDY0NTNmZDQtZmM1OS00Y2MzLTgyYzAt
NTFlY2Y5ZmY5OTVkMB4XDTIzMDgyMzEwNTEzOFoXDTI4MDkzMDEwNTEzOFowezEb
MBkGA1UEAwwSc2NtLTFAZnYtYXo1NzMtNjM5MS0wKwYDVQQLDCRjNjQ3MjkyNy05
NTgwLTRlZjUtOGY5YS1mYjA5M2Y2YzhmMjcxLTArBgNVBAoMJDA2NDUzZmQ0LWZj
NTktNGNjMy04MmMwLTUxZWNmOWZmOTk1ZDCCASIwDQYJKoZIhvcNAQEBBQADggEP
ADCCAQoCggEBANj6ysMPkt9u1mzOl+FqG1LTjYDIkY8Yeo6Jx39xPGR4iVV1O/vS
p2ByqVDcHCJZHC2OYBhAkLvvf4HG5GxcbVqEo/i3qTuVeQOV24eeF+U/i0XacPLo
f3q21KCdl1krByldWbDI5o/T0rhSEjYTIxH0CmpyyIxUfFuXyYILpM+QB0xzLSht
cPTAf86UXf1eTdifRIhTxQ5ffJucD4ntrRn/9ClHzCY7qtsLM+3uMAsJfmm9nAwg
kHpE40IVGe6rttZ4cuJoNYOdx39H58/PCIbq5ovE8ZtSQLAc/s6pzcBjqMskR5Fz
qk3hhTBJXJSst6AW+5wNWZUn+T/94tXb+EsCAwEAAaM0MDIwDwYDVR0TAQH/BAUw
AwEB/zAOBgNVHQ8BAf8EBAMCAQYwDwYDVR0RBAgwBocECgEAETANBgkqhkiG9w0B
AQsFAAOCAQEAwg3tTjjuYyz6VI2FE26x8JSdeqOGCBBxMzV7MPn1QYdKHrUpQlET
gIQ2FMbd4iczuwHu9TtGNJgjqXvHMlLfeucJZ/QWGKzuhoVwh/jhN9nB3i0ts1mK
HGlPPzlo4ZTLcxXfYkX4bYbeRGFMX/HADPrGdJP0tMpHHgwAnxAkv6fkXlw3V5Io
il3QEXAlvAY5/Tj0IFJhF11Wda1XfAhaSG1pI075uFmwc2r301f0f+8Doto3tikQ
XIJQkZtf5gm9VAh80HfHVx0YY+SOEBu3BhXAMtTCWmH2uqVdVu2sYTK7Hz0E39mv
jMeNAcRoF6O1IDQ4ezQ0cSkHxHZUyttKkQ==
-----END CERTIFICATE-----

2023-08-23 10:51:38,390 [Time-limited test] INFO  utils.CertificateCodec (CertificateCodec.java:writeCertificate(299)) - Save certificate to /tmp/junit2762791774829194678/junit6232740206995566314/scm-meta/scm/sub-ca/certs/1583757103234.crt
2023-08-23 10:51:38,390 [Time-limited test] INFO  utils.CertificateCodec (CertificateCodec.java:writeCertificate(300)) - Certificate -----BEGIN CERTIFICATE-----
MIIDuzCCAqOgAwIBAgIGAXC/R5CCMA0GCSqGSIb3DQEBCwUAMHsxGzAZBgNVBAMM
EnNjbS0xQGZ2LWF6NTczLTYzOTEtMCsGA1UECwwkYzY0NzI5MjctOTU4MC00ZWY1
LThmOWEtZmIwOTNmNmM4ZjI3MS0wKwYDVQQKDCQwNjQ1M2ZkNC1mYzU5LTRjYzMt
ODJjMC01MWVjZjlmZjk5NWQwHhcNMjMwODIzMTA1MTM4WhcNMjgwOTMwMTA1MTM4
WjCBizErMCkGA1UEAwwic2NtLXN1Yi0xNTgzNzUzNDM4OTAzQGZ2LWF6NTczLTYz
OTEtMCsGA1UECwwkYzY0NzI5MjctOTU4MC00ZWY1LThmOWEtZmIwOTNmNmM4ZjI3
MS0wKwYDVQQKDCQwNjQ1M2ZkNC1mYzU5LTRjYzMtODJjMC01MWVjZjlmZjk5NWQw
ggEiMA0GCSqGSIb3DQEBAQUAA4IBDwAwggEKAoIBAQCSqQ2uWWZ77oIChn2MXLeL
ZGdb/dcSn2K8gxlpO8I3iLpSY2MUfmgaJTkfkNyVFb77cif1ccoNghUvMqpKK2GA
2ESKi1bD4k1+BjIQyBTLIKvcmXt9pJu3Qjcd2ogK/5BAQ21HEeSD1p4w7eJcJAVc
d0yh9YFvjVVV7WdSvkUZK+eSgoOB5OzNfaBRpopFP/0yYhHymaRcjzyzfSUomkK2
lPrDwYk/BIvY6+guym97LJPH/hG3pk4e+QParui8lpX86wTuQjUV0lYVw54juRVl
Up069mkp7C5AXVMhoPP6yvzzvt6rHnD5+MYXWDRZ0SJMSMnR92yXu+2u1EyEwpAb
AgMBAAGjNDAyMA8GA1UdEQQIMAaHBAoBABEwDwYDVR0TAQH/BAUwAwEB/zAOBgNV
HQ8BAf8EBAMCAb4wDQYJKoZIhvcNAQELBQADggEBANIsZ/8tGZhFYpV27dCbh8o/
WutvfJdAkABD2lt8Ov4kAvNPHYXLGVHfLqlzf7rnJjXjn3/jjLNZN4mno8YLMJvj
KUe3oAM4dfZin8teyxsK6h0A6B6oqlTgN2WZt8sdqjRefQxFFWtjvx6+6HaiMXoO
z/Q+I0Qt1DcgwAGupmUHbkV4EyVPO4hMEItdfvU8wayVNqOJika4bj1j0LV4xIG/
VZQFpL5c5aN8Xre5RNeu9ovC9G/ongfLZ5Bs7gucef5PwtxMAuLNky0y4wFlw575
BEG6cSaHhpBgWnVhtAKuEld2jHaHdt79aangb9yb8WRB0sXXUz2vYBxaNx6LdQo=
-----END CERTIFICATE-----

-----BEGIN CERTIFICATE-----
MIIDpTCCAo2gAwIBAgIBATANBgkqhkiG9w0BAQsFADB7MRswGQYDVQQDDBJzY20t
MUBmdi1hejU3My02MzkxLTArBgNVBAsMJGM2NDcyOTI3LTk1ODAtNGVmNS04Zjlh
LWZiMDkzZjZjOGYyNzEtMCsGA1UECgwkMDY0NTNmZDQtZmM1OS00Y2MzLTgyYzAt
NTFlY2Y5ZmY5OTVkMB4XDTIzMDgyMzEwNTEzOFoXDTI4MDkzMDEwNTEzOFowezEb
MBkGA1UEAwwSc2NtLTFAZnYtYXo1NzMtNjM5MS0wKwYDVQQLDCRjNjQ3MjkyNy05
NTgwLTRlZjUtOGY5YS1mYjA5M2Y2YzhmMjcxLTArBgNVBAoMJDA2NDUzZmQ0LWZj
NTktNGNjMy04MmMwLTUxZWNmOWZmOTk1ZDCCASIwDQYJKoZIhvcNAQEBBQADggEP
ADCCAQoCggEBANj6ysMPkt9u1mzOl+FqG1LTjYDIkY8Yeo6Jx39xPGR4iVV1O/vS
p2ByqVDcHCJZHC2OYBhAkLvvf4HG5GxcbVqEo/i3qTuVeQOV24eeF+U/i0XacPLo
f3q21KCdl1krByldWbDI5o/T0rhSEjYTIxH0CmpyyIxUfFuXyYILpM+QB0xzLSht
cPTAf86UXf1eTdifRIhTxQ5ffJucD4ntrRn/9ClHzCY7qtsLM+3uMAsJfmm9nAwg
kHpE40IVGe6rttZ4cuJoNYOdx39H58/PCIbq5ovE8ZtSQLAc/s6pzcBjqMskR5Fz
qk3hhTBJXJSst6AW+5wNWZUn+T/94tXb+EsCAwEAAaM0MDIwDwYDVR0TAQH/BAUw
AwEB/zAOBgNVHQ8BAf8EBAMCAQYwDwYDVR0RBAgwBocECgEAETANBgkqhkiG9w0B
AQsFAAOCAQEAwg3tTjjuYyz6VI2FE26x8JSdeqOGCBBxMzV7MPn1QYdKHrUpQlET
gIQ2FMbd4iczuwHu9TtGNJgjqXvHMlLfeucJZ/QWGKzuhoVwh/jhN9nB3i0ts1mK
HGlPPzlo4ZTLcxXfYkX4bYbeRGFMX/HADPrGdJP0tMpHHgwAnxAkv6fkXlw3V5Io
il3QEXAlvAY5/Tj0IFJhF11Wda1XfAhaSG1pI075uFmwc2r301f0f+8Doto3tikQ
XIJQkZtf5gm9VAh80HfHVx0YY+SOEBu3BhXAMtTCWmH2uqVdVu2sYTK7Hz0E39mv
jMeNAcRoF6O1IDQ4ezQ0cSkHxHZUyttKkQ==
-----END CERTIFICATE-----

2023-08-23 10:51:38,390 [Time-limited test] INFO  utils.CertificateCodec (CertificateCodec.java:writeCertificate(299)) - Save certificate to /tmp/junit2762791774829194678/junit6232740206995566314/scm-meta/scm/sub-ca/certs/certificate.crt
2023-08-23 10:51:38,390 [Time-limited test] INFO  utils.CertificateCodec (CertificateCodec.java:writeCertificate(300)) - Certificate -----BEGIN CERTIFICATE-----
MIIDuzCCAqOgAwIBAgIGAXC/R5CCMA0GCSqGSIb3DQEBCwUAMHsxGzAZBgNVBAMM
EnNjbS0xQGZ2LWF6NTczLTYzOTEtMCsGA1UECwwkYzY0NzI5MjctOTU4MC00ZWY1
LThmOWEtZmIwOTNmNmM4ZjI3MS0wKwYDVQQKDCQwNjQ1M2ZkNC1mYzU5LTRjYzMt
ODJjMC01MWVjZjlmZjk5NWQwHhcNMjMwODIzMTA1MTM4WhcNMjgwOTMwMTA1MTM4
WjCBizErMCkGA1UEAwwic2NtLXN1Yi0xNTgzNzUzNDM4OTAzQGZ2LWF6NTczLTYz
OTEtMCsGA1UECwwkYzY0NzI5MjctOTU4MC00ZWY1LThmOWEtZmIwOTNmNmM4ZjI3
MS0wKwYDVQQKDCQwNjQ1M2ZkNC1mYzU5LTRjYzMtODJjMC01MWVjZjlmZjk5NWQw
ggEiMA0GCSqGSIb3DQEBAQUAA4IBDwAwggEKAoIBAQCSqQ2uWWZ77oIChn2MXLeL
ZGdb/dcSn2K8gxlpO8I3iLpSY2MUfmgaJTkfkNyVFb77cif1ccoNghUvMqpKK2GA
2ESKi1bD4k1+BjIQyBTLIKvcmXt9pJu3Qjcd2ogK/5BAQ21HEeSD1p4w7eJcJAVc
d0yh9YFvjVVV7WdSvkUZK+eSgoOB5OzNfaBRpopFP/0yYhHymaRcjzyzfSUomkK2
lPrDwYk/BIvY6+guym97LJPH/hG3pk4e+QParui8lpX86wTuQjUV0lYVw54juRVl
Up069mkp7C5AXVMhoPP6yvzzvt6rHnD5+MYXWDRZ0SJMSMnR92yXu+2u1EyEwpAb
AgMBAAGjNDAyMA8GA1UdEQQIMAaHBAoBABEwDwYDVR0TAQH/BAUwAwEB/zAOBgNV
HQ8BAf8EBAMCAb4wDQYJKoZIhvcNAQELBQADggEBANIsZ/8tGZhFYpV27dCbh8o/
WutvfJdAkABD2lt8Ov4kAvNPHYXLGVHfLqlzf7rnJjXjn3/jjLNZN4mno8YLMJvj
KUe3oAM4dfZin8teyxsK6h0A6B6oqlTgN2WZt8sdqjRefQxFFWtjvx6+6HaiMXoO
z/Q+I0Qt1DcgwAGupmUHbkV4EyVPO4hMEItdfvU8wayVNqOJika4bj1j0LV4xIG/
VZQFpL5c5aN8Xre5RNeu9ovC9G/ongfLZ5Bs7gucef5PwtxMAuLNky0y4wFlw575
BEG6cSaHhpBgWnVhtAKuEld2jHaHdt79aangb9yb8WRB0sXXUz2vYBxaNx6LdQo=
-----END CERTIFICATE-----

-----BEGIN CERTIFICATE-----
MIIDpTCCAo2gAwIBAgIBATANBgkqhkiG9w0BAQsFADB7MRswGQYDVQQDDBJzY20t
MUBmdi1hejU3My02MzkxLTArBgNVBAsMJGM2NDcyOTI3LTk1ODAtNGVmNS04Zjlh
LWZiMDkzZjZjOGYyNzEtMCsGA1UECgwkMDY0NTNmZDQtZmM1OS00Y2MzLTgyYzAt
NTFlY2Y5ZmY5OTVkMB4XDTIzMDgyMzEwNTEzOFoXDTI4MDkzMDEwNTEzOFowezEb
MBkGA1UEAwwSc2NtLTFAZnYtYXo1NzMtNjM5MS0wKwYDVQQLDCRjNjQ3MjkyNy05
NTgwLTRlZjUtOGY5YS1mYjA5M2Y2YzhmMjcxLTArBgNVBAoMJDA2NDUzZmQ0LWZj
NTktNGNjMy04MmMwLTUxZWNmOWZmOTk1ZDCCASIwDQYJKoZIhvcNAQEBBQADggEP
ADCCAQoCggEBANj6ysMPkt9u1mzOl+FqG1LTjYDIkY8Yeo6Jx39xPGR4iVV1O/vS
p2ByqVDcHCJZHC2OYBhAkLvvf4HG5GxcbVqEo/i3qTuVeQOV24eeF+U/i0XacPLo
f3q21KCdl1krByldWbDI5o/T0rhSEjYTIxH0CmpyyIxUfFuXyYILpM+QB0xzLSht
cPTAf86UXf1eTdifRIhTxQ5ffJucD4ntrRn/9ClHzCY7qtsLM+3uMAsJfmm9nAwg
kHpE40IVGe6rttZ4cuJoNYOdx39H58/PCIbq5ovE8ZtSQLAc/s6pzcBjqMskR5Fz
qk3hhTBJXJSst6AW+5wNWZUn+T/94tXb+EsCAwEAAaM0MDIwDwYDVR0TAQH/BAUw
AwEB/zAOBgNVHQ8BAf8EBAMCAQYwDwYDVR0RBAgwBocECgEAETANBgkqhkiG9w0B
AQsFAAOCAQEAwg3tTjjuYyz6VI2FE26x8JSdeqOGCBBxMzV7MPn1QYdKHrUpQlET
gIQ2FMbd4iczuwHu9TtGNJgjqXvHMlLfeucJZ/QWGKzuhoVwh/jhN9nB3i0ts1mK
HGlPPzlo4ZTLcxXfYkX4bYbeRGFMX/HADPrGdJP0tMpHHgwAnxAkv6fkXlw3V5Io
il3QEXAlvAY5/Tj0IFJhF11Wda1XfAhaSG1pI075uFmwc2r301f0f+8Doto3tikQ
XIJQkZtf5gm9VAh80HfHVx0YY+SOEBu3BhXAMtTCWmH2uqVdVu2sYTK7Hz0E39mv
jMeNAcRoF6O1IDQ4ezQ0cSkHxHZUyttKkQ==
-----END CERTIFICATE-----

2023-08-23 10:51:38,390 [Time-limited test] INFO  ha.HASecurityUtils (HASecurityUtils.java:initializeSecurity(121)) - Successfully stored SCM signed certificate.
2023-08-23 10:51:38,392 [Time-limited test] WARN  server.ServerUtils (ServerUtils.java:getScmDbDir(155)) - ozone.scm.db.dirs is not configured. We recommend adding this setting. Falling back to ozone.metadata.dirs instead.
2023-08-23 10:51:38,392 [Time-limited test] INFO  ha.SCMHANodeDetails (SCMHANodeDetails.java:loadSCMHAConfig(210)) - ServiceID for StorageContainerManager is null
2023-08-23 10:51:38,392 [Time-limited test] INFO  ha.SCMHANodeDetails (SCMHANodeDetails.java:loadSCMHAConfig(215)) - ozone.scm.default.service.id is not defined, falling back to ozone.scm.service.ids to find serviceID for StorageContainerManager if it is HA enabled cluster
2023-08-23 10:51:38,402 [pool-201-thread-1] INFO  request.KdcRequest (KdcRequest.java:preauth(651)) - The preauth data is empty.
2023-08-23 10:51:38,402 [pool-201-thread-1] INFO  server.KdcHandler (KdcHandler.java:handleRecoverableException(177)) - KRB error occurred while processing request:Additional pre-authentication required
2023-08-23 10:51:38,417 [pool-201-thread-2] INFO  request.AsRequest (AsRequest.java:issueTicket(112)) - AS_REQ ISSUE: authtime 1692787898417,scm/fv-az573-639@EXAMPLE.COM for krbtgt/EXAMPLE.COM@EXAMPLE.COM
2023-08-23 10:51:38,419 [Time-limited test] INFO  security.UserGroupInformation (UserGroupInformation.java:loginUserFromKeytab(1132)) - Login successful for user scm/fv-az573-639@EXAMPLE.COM using keytab file scm.keytab. Keytab auto renewal enabled : false
2023-08-23 10:51:38,419 [Time-limited test] INFO  server.StorageContainerManager (StorageContainerManager.java:loginAsSCMUserIfSecurityEnabled(1042)) - SCM login successful.
2023-08-23 10:51:38,421 [Time-limited test] INFO  client.SCMCertificateClient (DefaultCertificateClient.java:updateCertSerialId(1244)) - Certificate serial ID set to 1583757103234
2023-08-23 10:51:38,422 [Time-limited test] INFO  client.SCMCertificateClient (DefaultCertificateClient.java:readCertificateFile(237)) - Added certificate   [0]         Version: 3
         SerialNumber: 1
             IssuerDN: CN=scm-1@fv-az573-639,OU=c6472927-9580-4ef5-8f9a-fb093f6c8f27,O=06453fd4-fc59-4cc3-82c0-51ecf9ff995d
           Start Date: Wed Aug 23 10:51:38 UTC 2023
           Final Date: Sat Sep 30 10:51:38 UTC 2028
            SubjectDN: CN=scm-1@fv-az573-639,OU=c6472927-9580-4ef5-8f9a-fb093f6c8f27,O=06453fd4-fc59-4cc3-82c0-51ecf9ff995d
           Public Key: RSA Public Key [bb:00:66:7c:1b:38:0a:60:02:63:c3:0a:e1:a0:c7:6f:00:cd:a3:d9],[56:66:d1:a4]
        modulus: d8facac30f92df6ed66cce97e16a1b52d38d80c8918f187a8e89c77f713c64788955753bfbd2a76072a950dc1c22591c2d8e60184090bbef7f81c6e46c5c6d5a84a3f8b7a93b95790395db879e17e53f8b45da70f2e87f7ab6d4a09d97592b07295d59b0c8e68fd3d2b8521236132311f40a6a72c88c547c5b97c9820ba4cf90074c732d286d70f4c07fce945dfd5e4dd89f448853c50e5f7c9b9c0f89edad19fff42947cc263baadb0b33edee300b097e69bd9c0c20907a44e3421519eeabb6d67872e26835839dc77f47e7cfcf0886eae68bc4f19b5240b01cfecea9cdc063a8cb24479173aa4de18530495c94acb7a016fb9c0d599527f93ffde2d5dbf84b
public exponent: 10001

  Signature Algorithm: SHA256WITHRSA
            Signature: c20ded4e38ee632cfa548d85136eb1f0949d7aa3
                       8608107133357b30f9f541874a1eb52942511380
                       843614c6dde22733bb01eef53b46349823a97bc7
                       3252df7ae70967f41618acee86857087f8e137d9
                       c1de2d2db3598a1c694f3f3968e194cb7315df62
                       45f86d86de44614c5ff1c00cfac67493f4b4ca47
                       1e0c009f1024bfa7e45e5c375792288a5dd01170
                       25bc0639fd38f4205261175d5675ad577c085a48
                       6d69234ef9b859b0736af7d357f47fef03a2da37
                       b629105c8250919b5fe609bd54087cd077c7571d
                       1863e48e101bb70615c032d4c25a61f6baa55d56
                       edac6132bb1f3d04dfd9af8cc78d01c46817a3b5
                       2034387b3434712907c47654cadb4a91
       Extensions: 
                       critical(true) BasicConstraints: isCa(true)
                       critical(true) KeyUsage: 0x6
                       critical(false) 2.5.29.17 value = Sequence
    Tagged [7] IMPLICIT 
        DER Octet String[4] 

 from file: /tmp/junit2762791774829194678/junit6232740206995566314/scm-meta/scm/sub-ca/certs/CA-1.crt.
2023-08-23 10:51:38,424 [Time-limited test] INFO  client.SCMCertificateClient (DefaultCertificateClient.java:readCertificateFile(237)) - Added certificate   [0]         Version: 3
         SerialNumber: 1583757103234
             IssuerDN: CN=scm-1@fv-az573-639,OU=c6472927-9580-4ef5-8f9a-fb093f6c8f27,O=06453fd4-fc59-4cc3-82c0-51ecf9ff995d
           Start Date: Wed Aug 23 10:51:38 UTC 2023
           Final Date: Sat Sep 30 10:51:38 UTC 2028
            SubjectDN: CN=scm-sub-1583753438903@fv-az573-639,OU=c6472927-9580-4ef5-8f9a-fb093f6c8f27,O=06453fd4-fc59-4cc3-82c0-51ecf9ff995d
           Public Key: RSA Public Key [fe:ee:f8:b2:dd:de:6b:28:ac:13:61:6f:44:c7:14:59:74:89:e8:d4],[56:66:d1:a4]
        modulus: 92a90dae59667bee8202867d8c5cb78b64675bfdd7129f62bc8319693bc23788ba526363147e681a25391f90dc9515befb7227f571ca0d82152f32aa4a2b6180d8448a8b56c3e24d7e063210c814cb20abdc997b7da49bb742371dda880aff9040436d4711e483d69e30ede25c24055c774ca1f5816f8d5555ed6752be45192be792828381e4eccd7da051a68a453ffd326211f299a45c8f3cb37d25289a42b694fac3c1893f048bd8ebe82eca6f7b2c93c7fe11b7a64e1ef903daaee8bc9695fceb04ee423515d25615c39e23b91565529d3af66929ec2e405d5321a0f3facafcf3bedeab1e70f9f8c617583459d1224c48c9d1f76c97bbedaed44c84c2901b
public exponent: 10001

  Signature Algorithm: SHA256WITHRSA
            Signature: d22c67ff2d199845629576edd09b87ca3f5aeb6f
                       7c9740900043da5b7c3afe2402f34f1d85cb1951
                       df2ea9737fbae72635e39f7fe38cb3593789a7a3
                       c60b309be32947b7a0033875f6629fcb5ecb1b0a
                       ea1d00e81ea8aa54e0376599b7cb1daa345e7d0c
                       45156b63bf1ebee876a2317a0ecff43e23442dd4
                       3720c001aea665076e457813254f3b884c108b5d
                       7ef53cc1ac9536a3898a46b86e3d63d0b578c481
                       bf559405a4be5ce5a37c5eb7b944d7aef68bc2f4
                       6fe89e07cb67906cee0b9c79fe4fc2dc4c02e2cd
                       932d32e30165c39ef90441ba7126878690605a75
                       61b402ae1257768c768776defd69a9e06fdc9bf1
                       6441d2c5d7533daf601c5a371e8b750a
       Extensions: 
                       critical(false) 2.5.29.17 value = Sequence
    Tagged [7] IMPLICIT 
        DER Octet String[4] 

                       critical(true) BasicConstraints: isCa(true)
                       critical(true) KeyUsage: 0xbe
 from file: /tmp/junit2762791774829194678/junit6232740206995566314/scm-meta/scm/sub-ca/certs/1583757103234.crt.
2023-08-23 10:51:38,425 [Time-limited test] INFO  client.SCMCertificateClient (DefaultCertificateClient.java:readCertificateFile(237)) - Added certificate   [0]         Version: 3
         SerialNumber: 1583757103234
             IssuerDN: CN=scm-1@fv-az573-639,OU=c6472927-9580-4ef5-8f9a-fb093f6c8f27,O=06453fd4-fc59-4cc3-82c0-51ecf9ff995d
           Start Date: Wed Aug 23 10:51:38 UTC 2023
           Final Date: Sat Sep 30 10:51:38 UTC 2028
            SubjectDN: CN=scm-sub-1583753438903@fv-az573-639,OU=c6472927-9580-4ef5-8f9a-fb093f6c8f27,O=06453fd4-fc59-4cc3-82c0-51ecf9ff995d
           Public Key: RSA Public Key [fe:ee:f8:b2:dd:de:6b:28:ac:13:61:6f:44:c7:14:59:74:89:e8:d4],[56:66:d1:a4]
        modulus: 92a90dae59667bee8202867d8c5cb78b64675bfdd7129f62bc8319693bc23788ba526363147e681a25391f90dc9515befb7227f571ca0d82152f32aa4a2b6180d8448a8b56c3e24d7e063210c814cb20abdc997b7da49bb742371dda880aff9040436d4711e483d69e30ede25c24055c774ca1f5816f8d5555ed6752be45192be792828381e4eccd7da051a68a453ffd326211f299a45c8f3cb37d25289a42b694fac3c1893f048bd8ebe82eca6f7b2c93c7fe11b7a64e1ef903daaee8bc9695fceb04ee423515d25615c39e23b91565529d3af66929ec2e405d5321a0f3facafcf3bedeab1e70f9f8c617583459d1224c48c9d1f76c97bbedaed44c84c2901b
public exponent: 10001

  Signature Algorithm: SHA256WITHRSA
            Signature: d22c67ff2d199845629576edd09b87ca3f5aeb6f
                       7c9740900043da5b7c3afe2402f34f1d85cb1951
                       df2ea9737fbae72635e39f7fe38cb3593789a7a3
                       c60b309be32947b7a0033875f6629fcb5ecb1b0a
                       ea1d00e81ea8aa54e0376599b7cb1daa345e7d0c
                       45156b63bf1ebee876a2317a0ecff43e23442dd4
                       3720c001aea665076e457813254f3b884c108b5d
                       7ef53cc1ac9536a3898a46b86e3d63d0b578c481
                       bf559405a4be5ce5a37c5eb7b944d7aef68bc2f4
                       6fe89e07cb67906cee0b9c79fe4fc2dc4c02e2cd
                       932d32e30165c39ef90441ba7126878690605a75
                       61b402ae1257768c768776defd69a9e06fdc9bf1
                       6441d2c5d7533daf601c5a371e8b750a
       Extensions: 
                       critical(false) 2.5.29.17 value = Sequence
    Tagged [7] IMPLICIT 
        DER Octet String[4] 

                       critical(true) BasicConstraints: isCa(true)
                       critical(true) KeyUsage: 0xbe
 from file: /tmp/junit2762791774829194678/junit6232740206995566314/scm-meta/scm/sub-ca/certs/certificate.crt.
2023-08-23 10:51:38,425 [Time-limited test] INFO  client.SCMCertificateClient (DefaultCertificateClient.java:loadAllCertificates(191)) - CertificateRenewerService and root ca rotation polling is disabled for scm/sub-ca
2023-08-23 10:51:38,426 [Time-limited test] WARN  utils.HAUtils (HAUtils.java:getMetaDir(339)) - ozone.scm.db.dirs is not configured. We recommend adding this setting. Falling back to ozone.metadata.dirs instead.
2023-08-23 10:51:38,426 [Time-limited test] WARN  db.DBStoreBuilder (DBStoreBuilder.java:applyDBDefinition(166)) - ozone.scm.db.dirs is not configured. We recommend adding this setting. Falling back to ozone.metadata.dirs instead.
2023-08-23 10:51:38,542 [Time-limited test] INFO  net.NodeSchemaLoader (NodeSchemaLoader.java:loadSchemaFromFile(129)) - Loading schema from [jar:file:/home/runner/.m2/repository/org/apache/ozone/hdds-common/1.4.0-SNAPSHOT/hdds-common-1.4.0-SNAPSHOT.jar!/network-topology-default.xml]
2023-08-23 10:51:38,542 [Time-limited test] INFO  net.NodeSchemaLoader (NodeSchemaLoader.java:loadSchema(176)) - Loading network topology layer schema file
2023-08-23 10:51:38,549 [Time-limited test] INFO  upgrade.AbstractLayoutVersionManager (AbstractLayoutVersionManager.java:init(83)) - Initializing Layout version manager with metadata layout = HADOOP_PRC_PORTS_IN_DATANODEDETAILS (version = 7), software layout = HADOOP_PRC_PORTS_IN_DATANODEDETAILS (version = 7)
2023-08-23 10:51:38,554 [Time-limited test] INFO  ha.SequenceIdGenerator (SequenceIdGenerator.java:upgradeToSequenceId(365)) - upgrade localId to 111677748019200000
2023-08-23 10:51:38,557 [Time-limited test] INFO  ha.SequenceIdGenerator (SequenceIdGenerator.java:upgradeToSequenceId(375)) - upgrade delTxnId to 0
2023-08-23 10:51:38,558 [Time-limited test] INFO  ha.SequenceIdGenerator (SequenceIdGenerator.java:upgradeToSequenceId(392)) - upgrade containerId to 0
2023-08-23 10:51:38,558 [Time-limited test] INFO  ha.SequenceIdGenerator (SequenceIdGenerator.java:upgradeToSequenceId(428)) - upgrade rootCertificateId to 1
2023-08-23 10:51:38,558 [Time-limited test] INFO  ha.SequenceIdGenerator (SequenceIdGenerator.java:<init>(236)) - Init the HA SequenceIdGenerator.
2023-08-23 10:51:38,562 [Time-limited test] INFO  node.SCMNodeManager (SCMNodeManager.java:<init>(157)) - Entering startup safe mode.
2023-08-23 10:51:38,564 [Time-limited test] INFO  algorithms.ContainerPlacementPolicyFactory (ContainerPlacementPolicyFactory.java:getPolicyInternal(86)) - Create container placement policy of type org.apache.hadoop.hdds.scm.container.placement.algorithms.SCMContainerPlacementRackAware
2023-08-23 10:51:38,564 [Time-limited test] INFO  algorithms.ContainerPlacementPolicyFactory (ContainerPlacementPolicyFactory.java:getPolicyInternal(86)) - Create container placement policy of type org.apache.hadoop.hdds.scm.container.placement.algorithms.SCMContainerPlacementRackScatter
2023-08-23 10:51:38,564 [Time-limited test] INFO  pipeline.PipelineStateManagerImpl (PipelineStateManagerImpl.java:initialize(78)) - No pipeline exists in current db
2023-08-23 10:51:38,564 [Time-limited test] INFO  algorithms.LeaderChoosePolicyFactory (LeaderChoosePolicyFactory.java:getPolicy(57)) - Create leader choose policy of type org.apache.hadoop.hdds.scm.pipeline.leader.choose.algorithms.MinLeaderCountChoosePolicy
2023-08-23 10:51:38,564 [Time-limited test] INFO  algorithms.ContainerPlacementPolicyFactory (ContainerPlacementPolicyFactory.java:getPolicyInternal(86)) - Create container placement policy of type org.apache.hadoop.hdds.scm.container.placement.algorithms.SCMContainerPlacementRackScatter
2023-08-23 10:51:38,565 [Time-limited test] INFO  ha.SCMServiceManager (SCMServiceManager.java:register(42)) - Registering service BackgroundPipelineCreator.
2023-08-23 10:51:38,565 [Time-limited test] INFO  pipeline.BackgroundPipelineCreator (BackgroundPipelineCreator.java:start(124)) - Starting RatisPipelineUtilsThread.
2023-08-23 10:51:38,566 [Time-limited test] INFO  BackgroundPipelineScrubber (BackgroundSCMService.java:start(68)) - Starting BackgroundPipelineScrubber Service.
2023-08-23 10:51:38,571 [Time-limited test] INFO  ha.SCMServiceManager (SCMServiceManager.java:register(42)) - Registering service BackgroundPipelineScrubber.
2023-08-23 10:51:38,572 [Time-limited test] INFO  ExpiredContainerReplicaOpScrubber (BackgroundSCMService.java:start(68)) - Starting ExpiredContainerReplicaOpScrubber Service.
2023-08-23 10:51:38,572 [Time-limited test] INFO  ha.SCMServiceManager (SCMServiceManager.java:register(42)) - Registering service ExpiredContainerReplicaOpScrubber.
2023-08-23 10:51:38,574 [Time-limited test] INFO  algorithms.PipelineChoosePolicyFactory (PipelineChoosePolicyFactory.java:createPipelineChoosePolicyFromClass(78)) - Create pipeline choose policy of type org.apache.hadoop.hdds.scm.pipeline.choose.algorithms.RandomPipelineChoosePolicy
2023-08-23 10:51:38,574 [Time-limited test] INFO  algorithms.PipelineChoosePolicyFactory (PipelineChoosePolicyFactory.java:createPipelineChoosePolicyFromClass(78)) - Create pipeline choose policy of type org.apache.hadoop.hdds.scm.pipeline.choose.algorithms.RandomPipelineChoosePolicy
2023-08-23 10:51:38,576 [Time-limited test] INFO  ha.SCMServiceManager (SCMServiceManager.java:register(42)) - Registering service SCMBlockDeletingService.
2023-08-23 10:51:38,580 [Time-limited test] INFO  replication.ReplicationManager (ReplicationManager.java:start(287)) - Starting Replication Monitor Thread.
2023-08-23 10:51:38,582 [Time-limited test] INFO  ha.SCMServiceManager (SCMServiceManager.java:register(42)) - Registering service ReplicationManager.
2023-08-23 10:51:38,583 [Time-limited test] INFO  safemode.ContainerSafeModeRule (ContainerSafeModeRule.java:<init>(90)) - containers with one replica threshold count 0
2023-08-23 10:51:38,584 [Time-limited test] INFO  safemode.HealthyPipelineSafeModeRule (HealthyPipelineSafeModeRule.java:initializeRule(169)) - Total pipeline count is 0, healthy pipeline threshold count is 0
2023-08-23 10:51:38,584 [Time-limited test] INFO  safemode.OneReplicaPipelineSafeModeRule (OneReplicaPipelineSafeModeRule.java:initializeRule(180)) - Total pipeline count is 0, pipeline's with at least one datanode reported threshold count is 0
2023-08-23 10:51:38,585 [Time-limited test] INFO  authority.DefaultCAServer (DefaultCAServer.java:lambda$processVerificationStatus$0(472)) - CertificateServer validation is successful
2023-08-23 10:51:38,586 [Time-limited test] INFO  authority.DefaultCAServer (DefaultCAServer.java:lambda$processVerificationStatus$0(472)) - CertificateServer validation is successful
2023-08-23 10:51:38,587 [Time-limited test] INFO  server.StorageContainerManager (StorageContainerManager.java:persistPrimarySCMCerts(932)) - Storing sub-ca certificate serialId 1583757103234 on primary SCM
2023-08-23 10:51:38,588 [Time-limited test] INFO  server.SCMCertStore (SCMCertStore.java:storeValidScmCertificate(122)) - Scm certificate 1583757103234 for CN=scm-sub-1583753438903@fv-az573-639,OU=c6472927-9580-4ef5-8f9a-fb093f6c8f27,O=06453fd4-fc59-4cc3-82c0-51ecf9ff995d is stored
2023-08-23 10:51:38,588 [Time-limited test] INFO  server.StorageContainerManager (StorageContainerManager.java:persistPrimarySCMCerts(940)) - Storing root certificate serialId 1
2023-08-23 10:51:38,589 [Time-limited test] INFO  server.SCMCertStore (SCMCertStore.java:storeValidScmCertificate(122)) - Scm certificate 1 for CN=scm-1@fv-az573-639,OU=c6472927-9580-4ef5-8f9a-fb093f6c8f27,O=06453fd4-fc59-4cc3-82c0-51ecf9ff995d is stored
2023-08-23 10:51:38,590 [ReplicationMonitor] INFO  replication.ReplicationManager (ReplicationManager.java:processAll(361)) - Replication Manager is not ready to run until 300000ms after safemode exit
2023-08-23 10:51:38,590 [Time-limited test] INFO  ipc.CallQueueManager (CallQueueManager.java:<init>(90)) - Using callQueue: class java.util.concurrent.LinkedBlockingQueue, queueCapacity: 200, scheduler: class org.apache.hadoop.ipc.DefaultRpcScheduler, ipcBackoff: false.
2023-08-23 10:51:38,598 [Time-limited test] INFO  ipc.Server (Server.java:<init>(1287)) - Listener at 0.0.0.0:9961
2023-08-23 10:51:38,599 [Socket Reader #1 for port 9961] INFO  ipc.Server (Server.java:run(1323)) - Starting Socket Reader #1 for port 9961
2023-08-23 10:51:38,604 [Time-limited test] INFO  server.StorageContainerManager (StorageContainerManager.java:<init>(425)) - SCM start with adminUsers: [om/fv-az573-639@EXAMPLE.COM, scm]
2023-08-23 10:51:38,604 [Time-limited test] INFO  ipc.CallQueueManager (CallQueueManager.java:<init>(90)) - Using callQueue: class java.util.concurrent.LinkedBlockingQueue, queueCapacity: 10000, scheduler: class org.apache.hadoop.ipc.DefaultRpcScheduler, ipcBackoff: false.
2023-08-23 10:51:38,605 [Time-limited test] INFO  ipc.Server (Server.java:<init>(1287)) - Listener at 0.0.0.0:9861
2023-08-23 10:51:38,605 [Socket Reader #1 for port 9861] INFO  ipc.Server (Server.java:run(1323)) - Starting Socket Reader #1 for port 9861
2023-08-23 10:51:38,607 [Time-limited test] INFO  ipc.CallQueueManager (CallQueueManager.java:<init>(90)) - Using callQueue: class java.util.concurrent.LinkedBlockingQueue, queueCapacity: 10000, scheduler: class org.apache.hadoop.ipc.DefaultRpcScheduler, ipcBackoff: false.
2023-08-23 10:51:38,607 [Time-limited test] INFO  ipc.Server (Server.java:<init>(1287)) - Listener at 0.0.0.0:9863
2023-08-23 10:51:38,611 [Socket Reader #1 for port 9863] INFO  ipc.Server (Server.java:run(1323)) - Starting Socket Reader #1 for port 9863
2023-08-23 10:51:38,620 [Time-limited test] INFO  ipc.CallQueueManager (CallQueueManager.java:<init>(90)) - Using callQueue: class java.util.concurrent.LinkedBlockingQueue, queueCapacity: 10000, scheduler: class org.apache.hadoop.ipc.DefaultRpcScheduler, ipcBackoff: false.
2023-08-23 10:51:38,620 [Time-limited test] INFO  ipc.Server (Server.java:<init>(1287)) - Listener at 0.0.0.0:9860
2023-08-23 10:51:38,621 [Socket Reader #1 for port 9860] INFO  ipc.Server (Server.java:run(1323)) - Starting Socket Reader #1 for port 9860
2023-08-23 10:51:38,646 [Time-limited test] INFO  ha.SCMServiceManager (SCMServiceManager.java:register(42)) - Registering service ContainerBalancer.
2023-08-23 10:51:38,646 [Time-limited test] INFO  server.StorageContainerManager (StorageContainerManager.java:<init>(438)) - 
Container Balancer status:
Key                            Value
Running                        false
Container Balancer Configuration values:
Key                                                Value
Threshold                                          10
Max Datanodes to Involve per Iteration(percent)    20
Max Size to Move per Iteration                     500GB
Max Size Entering Target per Iteration             26GB
Max Size Leaving Source per Iteration              26GB

2023-08-23 10:51:38,646 [Time-limited test] INFO  ha.SCMContext (SCMContext.java:updateSafeModeStatus(228)) - Update SafeModeStatus from SafeModeStatus{safeModeStatus=true, preCheckPassed=false} to SafeModeStatus{safeModeStatus=true, preCheckPassed=false}.
2023-08-23 10:51:38,648 [Time-limited test] INFO  server.StorageContainerManager (StorageContainerManager.java:start(1483)) - StorageContainerLocationProtocol RPC server is listening at /0.0.0.0:9860
2023-08-23 10:51:38,648 [Time-limited test] INFO  impl.MetricsSystemImpl (MetricsSystemImpl.java:init(158)) - StorageContainerManager metrics system started (again)
2023-08-23 10:51:38,669 [Time-limited test] INFO  server.SCMClientProtocolServer (SCMClientProtocolServer.java:start(201)) - RPC server for Client  is listening at /0.0.0.0:9860
2023-08-23 10:51:38,669 [IPC Server Responder] INFO  ipc.Server (Server.java:run(1562)) - IPC Server Responder: starting
2023-08-23 10:51:38,671 [IPC Server listener on 9860] INFO  ipc.Server (Server.java:run(1402)) - IPC Server listener on 9860: starting
2023-08-23 10:51:38,709 [Time-limited test] INFO  server.StorageContainerManager (StorageContainerManager.java:start(1496)) - ScmBlockLocationProtocol RPC server is listening at /0.0.0.0:9863
2023-08-23 10:51:38,710 [Time-limited test] INFO  server.SCMBlockProtocolServer (SCMBlockProtocolServer.java:start(152)) - RPC server for Block Protocol is listening at /0.0.0.0:9863
2023-08-23 10:51:38,710 [IPC Server Responder] INFO  ipc.Server (Server.java:run(1562)) - IPC Server Responder: starting
2023-08-23 10:51:38,764 [IPC Server listener on 9863] INFO  ipc.Server (Server.java:run(1402)) - IPC Server listener on 9863: starting
2023-08-23 10:51:38,782 [Time-limited test] INFO  server.SCMDatanodeProtocolServer (SCMDatanodeProtocolServer.java:start(193)) - ScmDatanodeProtocol RPC server for DataNodes is listening at /0.0.0.0:9861
2023-08-23 10:51:38,783 [IPC Server Responder] INFO  ipc.Server (Server.java:run(1562)) - IPC Server Responder: starting
2023-08-23 10:51:38,807 [IPC Server listener on 9861] INFO  ipc.Server (Server.java:run(1402)) - IPC Server listener on 9861: starting
2023-08-23 10:51:38,810 [Time-limited test] INFO  server.SCMSecurityProtocolServer (SCMSecurityProtocolServer.java:start(542)) - Starting RPC server for SCMSecurityProtocolServer. is listening at /0.0.0.0:9961
2023-08-23 10:51:38,810 [IPC Server Responder] INFO  ipc.Server (Server.java:run(1562)) - IPC Server Responder: starting
2023-08-23 10:51:38,810 [IPC Server listener on 9961] INFO  ipc.Server (Server.java:run(1402)) - IPC Server listener on 9961: starting
2023-08-23 10:51:38,811 [Time-limited test] INFO  server.SCMUpdateServiceGrpcServer (SCMUpdateServiceGrpcServer.java:start(58)) - SCMUpdateService starting
2023-08-23 10:51:38,817 [JvmPauseMonitor3] INFO  util.JvmPauseMonitor (JvmPauseMonitor.java:run(103)) - JvmPauseMonitor-c6472927-9580-4ef5-8f9a-fb093f6c8f27: Started
2023-08-23 10:51:38,818 [Time-limited test] INFO  http.BaseHttpServer (BaseHttpServer.java:newHttpServer2BuilderForOzone(224)) - Starting Web-server for scm at: http://0.0.0.0:9876
2023-08-23 10:51:38,818 [Time-limited test] INFO  http.BaseHttpServer (BaseHttpServer.java:<init>(111)) - Hadoop Security Enabled: true Ozone Security Enabled: true Ozone HTTP Security Enabled: false 
2023-08-23 10:51:38,821 [Time-limited test] WARN  server.AuthenticationFilter (AuthenticationFilter.java:constructSecretProvider(240)) - Unable to initialize FileSignerSecretProvider, falling back to use random secrets. Reason: Could not read signature secret file: /home/runner/hadoop-http-auth-signature-secret
2023-08-23 10:51:38,827 [Time-limited test] INFO  http.HttpRequestLog (HttpRequestLog.java:getRequestLog(86)) - Http request log for http.requests.scm is not defined
2023-08-23 10:51:38,831 [Time-limited test] INFO  http.HttpServer2 (HttpServer2.java:addGlobalFilter(1031)) - Added global filter 'safety' (class=org.apache.hadoop.hdds.server.http.HttpServer2$QuotingInputFilter)
2023-08-23 10:51:38,832 [Time-limited test] INFO  http.HttpServer2 (HttpServer2.java:addFilter(1007)) - Added filter static_user_filter (class=org.apache.hadoop.http.lib.StaticUserWebFilter$StaticUserFilter) to context scm
2023-08-23 10:51:38,832 [Time-limited test] INFO  http.HttpServer2 (HttpServer2.java:addFilter(1015)) - Added filter static_user_filter (class=org.apache.hadoop.http.lib.StaticUserWebFilter$StaticUserFilter) to context logs
2023-08-23 10:51:38,832 [Time-limited test] INFO  http.HttpServer2 (HttpServer2.java:addFilter(1015)) - Added filter static_user_filter (class=org.apache.hadoop.http.lib.StaticUserWebFilter$StaticUserFilter) to context static
2023-08-23 10:51:38,835 [Time-limited test] INFO  http.BaseHttpServer (BaseHttpServer.java:<init>(190)) - HTTP server of scm uses base directory /tmp/junit2762791774829194678/junit6232740206995566314/scm-meta/webserver
2023-08-23 10:51:38,835 [Time-limited test] INFO  http.HttpServer2 (HttpServer2.java:bindListener(1250)) - Jetty bound to port 9876
2023-08-23 10:51:38,838 [Time-limited test] INFO  server.Server (Server.java:doStart(375)) - jetty-9.4.51.v20230217; built: 2023-02-17T08:19:37.309Z; git: b45c405e4544384de066f814ed42ae3dceacdd49; jvm 1.8.0_382-b05
2023-08-23 10:51:38,844 [Time-limited test] INFO  server.session (DefaultSessionIdManager.java:doStart(334)) - DefaultSessionIdManager workerName=node0
2023-08-23 10:51:38,845 [Time-limited test] INFO  server.session (DefaultSessionIdManager.java:doStart(339)) - No SessionScavenger set, using defaults
2023-08-23 10:51:38,845 [Time-limited test] INFO  server.session (HouseKeeper.java:startScavenging(132)) - node0 Scavenging every 600000ms
2023-08-23 10:51:38,845 [Time-limited test] INFO  handler.ContextHandler (ContextHandler.java:doStart(921)) - Started o.e.j.s.ServletContextHandler@660df07{logs,/logs,file:///home/runner/work/ozone/ozone/hadoop-ozone/integration-test/target/log,AVAILABLE}
2023-08-23 10:51:38,847 [Time-limited test] INFO  handler.ContextHandler (ContextHandler.java:doStart(921)) - Started o.e.j.s.ServletContextHandler@6201247{static,/static,file:///home/runner/work/ozone/ozone/hadoop-ozone/integration-test/target/test-classes/webapps/static,AVAILABLE}
2023-08-23 10:51:38,854 [Time-limited test] INFO  handler.ContextHandler (ContextHandler.java:doStart(921)) - Started o.e.j.w.WebAppContext@a4c44fd{scm,/,file:///home/runner/work/ozone/ozone/hadoop-ozone/integration-test/target/test-classes/webapps/scm/,AVAILABLE}{file:/home/runner/work/ozone/ozone/hadoop-ozone/integration-test/target/test-classes/webapps/scm}
2023-08-23 10:51:38,856 [Time-limited test] INFO  server.AbstractConnector (AbstractConnector.java:doStart(333)) - Started ServerConnector@b6f053a{HTTP/1.1, (http/1.1)}{0.0.0.0:9876}
2023-08-23 10:51:38,857 [Time-limited test] INFO  server.Server (Server.java:doStart(415)) - Started @57283ms
2023-08-23 10:51:38,857 [Time-limited test] WARN  impl.MetricsSystemImpl (MetricsSystemImpl.java:register(279)) - Sink prometheus already exists!
2023-08-23 10:51:38,858 [Time-limited test] INFO  http.BaseHttpServer (BaseHttpServer.java:updateConnectorAddress(344)) - HTTP server of scm listening at http://0.0.0.0:9876
2023-08-23 10:51:38,859 [Time-limited test] WARN  server.ServerUtils (ServerUtils.java:getDBPath(311)) - ozone.om.db.dirs is not configured. We recommend adding this setting. Falling back to ozone.metadata.dirs instead.
2023-08-23 10:51:38,860 [Time-limited test] INFO  om.OzoneManager (OzoneManager.java:initializeSecurity(1382)) - Initializing secure OzoneManager.
2023-08-23 10:51:38,869 [Time-limited test] INFO  om.OzoneManager (OzoneManager.java:getOmDetailsProto(4552)) - OzoneManager ports added:[name: "RPC"
value: 1202
]
2023-08-23 10:51:38,870 [Time-limited test] INFO  security.OMCertificateClient (DefaultCertificateClient.java:updateCertSerialId(1244)) - Certificate serial ID set to null
2023-08-23 10:51:38,871 [Time-limited test] ERROR security.OMCertificateClient (DefaultCertificateClient.java:getCertPath(362)) - Default certificate serial id is not set. Can't locate the default certificate for this client.
2023-08-23 10:51:38,876 [Time-limited test] INFO  security.OMCertificateClient (DefaultCertificateClient.java:init(715)) - Certificate client init case: 0
2023-08-23 10:51:38,876 [Time-limited test] INFO  security.OMCertificateClient (CommonCertificateClient.java:handleCase(73)) - Creating keypair for client as keypair and certificate not found.
2023-08-23 10:51:38,896 [pool-201-thread-2] INFO  request.TgsRequest (TgsRequest.java:issueTicket(115)) - TGS_REQ ISSUE: authtime 1692787898896,scm/fv-az573-639 for scm/fv-az573-639@EXAMPLE.COM
2023-08-23 10:51:38,911 [Socket Reader #1 for port 9961] INFO  ipc.Server (Server.java:saslProcess(2139)) - Auth successful for scm/fv-az573-639@EXAMPLE.COM (auth:KERBEROS) from fv-az573-639:38345 / 10.1.0.17:38345
2023-08-23 10:51:38,936 [IPC Server handler 0 on default port 9961] INFO  client.SCMCertificateClient (DefaultCertificateClient.java:getAllRootCaCerts(901)) - scm/sub-ca has 0 Root CA certificates
2023-08-23 10:51:38,936 [IPC Server handler 0 on default port 9961] INFO  client.SCMCertificateClient (DefaultCertificateClient.java:getAllCaCerts(909)) - scm/sub-ca has 1 CA certificates
2023-08-23 10:51:38,941 [scm/sub-ca-refreshCACertificates] INFO  client.SCMCertificateClient (DefaultCertificateClient.java:getAllRootCaCerts(901)) - scm/sub-ca has 0 Root CA certificates
2023-08-23 10:51:38,941 [scm/sub-ca-refreshCACertificates] INFO  client.SCMCertificateClient (DefaultCertificateClient.java:getAllCaCerts(909)) - scm/sub-ca has 1 CA certificates
2023-08-23 10:51:38,942 [scm/sub-ca-refreshCACertificates] INFO  client.SCMCertificateClient (SCMCertificateClient.java:run(277)) - CA certificates are not changed.
2023-08-23 10:51:39,095 [Time-limited test] INFO  om.OzoneManager (OzoneManager.java:initializeSecurity(1395)) - Init response: GETCERT
2023-08-23 10:51:39,095 [Time-limited test] INFO  ozone.OzoneSecurityUtil (OzoneSecurityUtil.java:getValidInetsForCurrentHost(119)) - ip:fe80:0:0:0:20d:3aff:fe5a:f85d%eth0 not returned.
2023-08-23 10:51:39,095 [Time-limited test] INFO  ozone.OzoneSecurityUtil (OzoneSecurityUtil.java:getValidInetsForCurrentHost(116)) - Adding ip:10.1.0.17,host:fv-az573-639
2023-08-23 10:51:39,095 [Time-limited test] INFO  ozone.OzoneSecurityUtil (OzoneSecurityUtil.java:getValidInetsForCurrentHost(119)) - ip:0:0:0:0:0:0:0:1%lo not returned.
2023-08-23 10:51:39,096 [Time-limited test] INFO  ozone.OzoneSecurityUtil (OzoneSecurityUtil.java:getValidInetsForCurrentHost(119)) - ip:127.0.0.1 not returned.
2023-08-23 10:51:39,096 [Time-limited test] ERROR utils.CertificateSignRequest (CertificateSignRequest.java:lambda$addInetAddresses$0(295)) - Invalid domain fv-az573-639
2023-08-23 10:51:39,096 [Time-limited test] INFO  security.OMCertificateClient (OMCertificateClient.java:getCSRBuilder(114)) - Creating csr for OM->dns:fv-az573-639,ip:10.1.0.17,scmId:c6472927-9580-4ef5-8f9a-fb093f6c8f27,clusterId:06453fd4-fc59-4cc3-82c0-51ecf9ff995d,subject:fv-az573-639
2023-08-23 10:51:39,121 [Socket Reader #1 for port 9961] INFO  ipc.Server (Server.java:saslProcess(2139)) - Auth successful for scm/fv-az573-639@EXAMPLE.COM (auth:KERBEROS) from fv-az573-639:33051 / 10.1.0.17:33051
2023-08-23 10:51:39,126 [IPC Server handler 1 on default port 9961] INFO  server.SCMSecurityProtocolServer (SCMSecurityProtocolServer.java:getOMCertificate(284)) - Processing CSR for om fv-az573-639, UUID: 4674a046-42d2-474b-9b96-8797c36809ae
2023-08-23 10:51:39,130 [IPC Server handler 1 on default port 9961] INFO  authority.DefaultApprover (DefaultApprover.java:sign(154)) - Extensions in CSR: 2.5.29.15, 2.5.29.17
2023-08-23 10:51:39,131 [IPC Server handler 1 on default port 9961] INFO  authority.DefaultApprover (DefaultApprover.java:sign(158)) - Extensions to add to the certificate if they present in CSR: 2.5.29.17, 2.5.29.19, 1.3.6.1.5.5.7.1.12, 2.5.29.35, 2.5.29.37, 2.5.29.15
2023-08-23 10:51:39,141 [Time-limited test] INFO  utils.CertificateCodec (CertificateCodec.java:writeCertificate(299)) - Save certificate to /tmp/junit2762791774829194678/junit6232740206995566314/scm-meta/om/certs/1584503800169.crt
2023-08-23 10:51:39,141 [Time-limited test] INFO  utils.CertificateCodec (CertificateCodec.java:writeCertificate(300)) - Certificate -----BEGIN CERTIFICATE-----
MIIDpDCCAoygAwIBAgIGAXDryUFpMA0GCSqGSIb3DQEBCwUAMIGLMSswKQYDVQQD
DCJzY20tc3ViLTE1ODM3NTM0Mzg5MDNAZnYtYXo1NzMtNjM5MS0wKwYDVQQLDCRj
NjQ3MjkyNy05NTgwLTRlZjUtOGY5YS1mYjA5M2Y2YzhmMjcxLTArBgNVBAoMJDA2
NDUzZmQ0LWZjNTktNGNjMy04MmMwLTUxZWNmOWZmOTk1ZDAeFw0yMzA4MjMxMDUx
MzlaFw0yNDA4MjIxMDUxMzlaMHUxFTATBgNVBAMMDGZ2LWF6NTczLTYzOTEtMCsG
A1UECwwkYzY0NzI5MjctOTU4MC00ZWY1LThmOWEtZmIwOTNmNmM4ZjI3MS0wKwYD
VQQKDCQwNjQ1M2ZkNC1mYzU5LTRjYzMtODJjMC01MWVjZjlmZjk5NWQwggEiMA0G
CSqGSIb3DQEBAQUAA4IBDwAwggEKAoIBAQDMFBU+0B9wfPlDmQMpWXqPpaHxlSax
YYm/F3Xe3iIIEn6u/0qXvi6QnrhJ0QK+kde6TVjdeck0GNsg9C0kmxGkp0pe+6Fh
1xYLkUAWCyRd3GJT6LUxufO+Q+OVc1QmRDPKGJjug7+nO5jQjDCPsZVL6Bgau/HQ
X8J+S+5ZnWPOp27DHJ/DdQGEhci9Cp+yDHtBdCmNhwTCQ+678AL2CgvOGDkEvIuY
Dvt3se1Zetg033bLn8ZgPB/+r8dAAv1l13ZqEACqYQd/VaGk1AMfwnD57MmJan4t
0uhEyG9Kv4pmYh8lY+xEZ8sTSTEn7D1fKmfzKNlg/2DjC4Irz3FyuOW1AgMBAAGj
IzAhMA8GA1UdEQQIMAaHBAoBABEwDgYDVR0PAQH/BAQDAgO4MA0GCSqGSIb3DQEB
CwUAA4IBAQAwh4btHEEWxBEFBDn1HdIBXI/1c7vg7Fryr9JLv2jWrGvSmdFAcft9
FmkDVHGrTxFX5zctbteMDwOKZdTdGQec5DjXs1ZVIVMFFQv/RsjX3Uy//6o/vwhH
DQc83tAiAOxZf7UOxxmekruzm14YIH5tQO+fP4+EwHD9mHFdkBwhnDevT6/mURXH
uFUPFqwpm6z1ylsB4c1ckCevfO+CJ9Yb6cZCnHKYaxNHbF5l/YPNUjoMor1PjQqD
jZOaR6PYyqf4mLs68pzbSJsliEvNe1svlRAXrFc/BjYpey3J7OeyUgXn+eBhlKHt
o60EkLfaRfuw9HUL1TZ5c0ViAXDvh62Y
-----END CERTIFICATE-----

-----BEGIN CERTIFICATE-----
MIIDuzCCAqOgAwIBAgIGAXC/R5CCMA0GCSqGSIb3DQEBCwUAMHsxGzAZBgNVBAMM
EnNjbS0xQGZ2LWF6NTczLTYzOTEtMCsGA1UECwwkYzY0NzI5MjctOTU4MC00ZWY1
LThmOWEtZmIwOTNmNmM4ZjI3MS0wKwYDVQQKDCQwNjQ1M2ZkNC1mYzU5LTRjYzMt
ODJjMC01MWVjZjlmZjk5NWQwHhcNMjMwODIzMTA1MTM4WhcNMjgwOTMwMTA1MTM4
WjCBizErMCkGA1UEAwwic2NtLXN1Yi0xNTgzNzUzNDM4OTAzQGZ2LWF6NTczLTYz
OTEtMCsGA1UECwwkYzY0NzI5MjctOTU4MC00ZWY1LThmOWEtZmIwOTNmNmM4ZjI3
MS0wKwYDVQQKDCQwNjQ1M2ZkNC1mYzU5LTRjYzMtODJjMC01MWVjZjlmZjk5NWQw
ggEiMA0GCSqGSIb3DQEBAQUAA4IBDwAwggEKAoIBAQCSqQ2uWWZ77oIChn2MXLeL
ZGdb/dcSn2K8gxlpO8I3iLpSY2MUfmgaJTkfkNyVFb77cif1ccoNghUvMqpKK2GA
2ESKi1bD4k1+BjIQyBTLIKvcmXt9pJu3Qjcd2ogK/5BAQ21HEeSD1p4w7eJcJAVc
d0yh9YFvjVVV7WdSvkUZK+eSgoOB5OzNfaBRpopFP/0yYhHymaRcjzyzfSUomkK2
lPrDwYk/BIvY6+guym97LJPH/hG3pk4e+QParui8lpX86wTuQjUV0lYVw54juRVl
Up069mkp7C5AXVMhoPP6yvzzvt6rHnD5+MYXWDRZ0SJMSMnR92yXu+2u1EyEwpAb
AgMBAAGjNDAyMA8GA1UdEQQIMAaHBAoBABEwDwYDVR0TAQH/BAUwAwEB/zAOBgNV
HQ8BAf8EBAMCAb4wDQYJKoZIhvcNAQELBQADggEBANIsZ/8tGZhFYpV27dCbh8o/
WutvfJdAkABD2lt8Ov4kAvNPHYXLGVHfLqlzf7rnJjXjn3/jjLNZN4mno8YLMJvj
KUe3oAM4dfZin8teyxsK6h0A6B6oqlTgN2WZt8sdqjRefQxFFWtjvx6+6HaiMXoO
z/Q+I0Qt1DcgwAGupmUHbkV4EyVPO4hMEItdfvU8wayVNqOJika4bj1j0LV4xIG/
VZQFpL5c5aN8Xre5RNeu9ovC9G/ongfLZ5Bs7gucef5PwtxMAuLNky0y4wFlw575
BEG6cSaHhpBgWnVhtAKuEld2jHaHdt79aangb9yb8WRB0sXXUz2vYBxaNx6LdQo=
-----END CERTIFICATE-----

-----BEGIN CERTIFICATE-----
MIIDpTCCAo2gAwIBAgIBATANBgkqhkiG9w0BAQsFADB7MRswGQYDVQQDDBJzY20t
MUBmdi1hejU3My02MzkxLTArBgNVBAsMJGM2NDcyOTI3LTk1ODAtNGVmNS04Zjlh
LWZiMDkzZjZjOGYyNzEtMCsGA1UECgwkMDY0NTNmZDQtZmM1OS00Y2MzLTgyYzAt
NTFlY2Y5ZmY5OTVkMB4XDTIzMDgyMzEwNTEzOFoXDTI4MDkzMDEwNTEzOFowezEb
MBkGA1UEAwwSc2NtLTFAZnYtYXo1NzMtNjM5MS0wKwYDVQQLDCRjNjQ3MjkyNy05
NTgwLTRlZjUtOGY5YS1mYjA5M2Y2YzhmMjcxLTArBgNVBAoMJDA2NDUzZmQ0LWZj
NTktNGNjMy04MmMwLTUxZWNmOWZmOTk1ZDCCASIwDQYJKoZIhvcNAQEBBQADggEP
ADCCAQoCggEBANj6ysMPkt9u1mzOl+FqG1LTjYDIkY8Yeo6Jx39xPGR4iVV1O/vS
p2ByqVDcHCJZHC2OYBhAkLvvf4HG5GxcbVqEo/i3qTuVeQOV24eeF+U/i0XacPLo
f3q21KCdl1krByldWbDI5o/T0rhSEjYTIxH0CmpyyIxUfFuXyYILpM+QB0xzLSht
cPTAf86UXf1eTdifRIhTxQ5ffJucD4ntrRn/9ClHzCY7qtsLM+3uMAsJfmm9nAwg
kHpE40IVGe6rttZ4cuJoNYOdx39H58/PCIbq5ovE8ZtSQLAc/s6pzcBjqMskR5Fz
qk3hhTBJXJSst6AW+5wNWZUn+T/94tXb+EsCAwEAAaM0MDIwDwYDVR0TAQH/BAUw
AwEB/zAOBgNVHQ8BAf8EBAMCAQYwDwYDVR0RBAgwBocECgEAETANBgkqhkiG9w0B
AQsFAAOCAQEAwg3tTjjuYyz6VI2FE26x8JSdeqOGCBBxMzV7MPn1QYdKHrUpQlET
gIQ2FMbd4iczuwHu9TtGNJgjqXvHMlLfeucJZ/QWGKzuhoVwh/jhN9nB3i0ts1mK
HGlPPzlo4ZTLcxXfYkX4bYbeRGFMX/HADPrGdJP0tMpHHgwAnxAkv6fkXlw3V5Io
il3QEXAlvAY5/Tj0IFJhF11Wda1XfAhaSG1pI075uFmwc2r301f0f+8Doto3tikQ
XIJQkZtf5gm9VAh80HfHVx0YY+SOEBu3BhXAMtTCWmH2uqVdVu2sYTK7Hz0E39mv
jMeNAcRoF6O1IDQ4ezQ0cSkHxHZUyttKkQ==
-----END CERTIFICATE-----

2023-08-23 10:51:39,142 [Time-limited test] INFO  utils.CertificateCodec (CertificateCodec.java:writeCertificate(299)) - Save certificate to /tmp/junit2762791774829194678/junit6232740206995566314/scm-meta/om/certs/CA-1583757103234.crt
2023-08-23 10:51:39,142 [Time-limited test] INFO  utils.CertificateCodec (CertificateCodec.java:writeCertificate(300)) - Certificate -----BEGIN CERTIFICATE-----
MIIDuzCCAqOgAwIBAgIGAXC/R5CCMA0GCSqGSIb3DQEBCwUAMHsxGzAZBgNVBAMM
EnNjbS0xQGZ2LWF6NTczLTYzOTEtMCsGA1UECwwkYzY0NzI5MjctOTU4MC00ZWY1
LThmOWEtZmIwOTNmNmM4ZjI3MS0wKwYDVQQKDCQwNjQ1M2ZkNC1mYzU5LTRjYzMt
ODJjMC01MWVjZjlmZjk5NWQwHhcNMjMwODIzMTA1MTM4WhcNMjgwOTMwMTA1MTM4
WjCBizErMCkGA1UEAwwic2NtLXN1Yi0xNTgzNzUzNDM4OTAzQGZ2LWF6NTczLTYz
OTEtMCsGA1UECwwkYzY0NzI5MjctOTU4MC00ZWY1LThmOWEtZmIwOTNmNmM4ZjI3
MS0wKwYDVQQKDCQwNjQ1M2ZkNC1mYzU5LTRjYzMtODJjMC01MWVjZjlmZjk5NWQw
ggEiMA0GCSqGSIb3DQEBAQUAA4IBDwAwggEKAoIBAQCSqQ2uWWZ77oIChn2MXLeL
ZGdb/dcSn2K8gxlpO8I3iLpSY2MUfmgaJTkfkNyVFb77cif1ccoNghUvMqpKK2GA
2ESKi1bD4k1+BjIQyBTLIKvcmXt9pJu3Qjcd2ogK/5BAQ21HEeSD1p4w7eJcJAVc
d0yh9YFvjVVV7WdSvkUZK+eSgoOB5OzNfaBRpopFP/0yYhHymaRcjzyzfSUomkK2
lPrDwYk/BIvY6+guym97LJPH/hG3pk4e+QParui8lpX86wTuQjUV0lYVw54juRVl
Up069mkp7C5AXVMhoPP6yvzzvt6rHnD5+MYXWDRZ0SJMSMnR92yXu+2u1EyEwpAb
AgMBAAGjNDAyMA8GA1UdEQQIMAaHBAoBABEwDwYDVR0TAQH/BAUwAwEB/zAOBgNV
HQ8BAf8EBAMCAb4wDQYJKoZIhvcNAQELBQADggEBANIsZ/8tGZhFYpV27dCbh8o/
WutvfJdAkABD2lt8Ov4kAvNPHYXLGVHfLqlzf7rnJjXjn3/jjLNZN4mno8YLMJvj
KUe3oAM4dfZin8teyxsK6h0A6B6oqlTgN2WZt8sdqjRefQxFFWtjvx6+6HaiMXoO
z/Q+I0Qt1DcgwAGupmUHbkV4EyVPO4hMEItdfvU8wayVNqOJika4bj1j0LV4xIG/
VZQFpL5c5aN8Xre5RNeu9ovC9G/ongfLZ5Bs7gucef5PwtxMAuLNky0y4wFlw575
BEG6cSaHhpBgWnVhtAKuEld2jHaHdt79aangb9yb8WRB0sXXUz2vYBxaNx6LdQo=
-----END CERTIFICATE-----

-----BEGIN CERTIFICATE-----
MIIDpTCCAo2gAwIBAgIBATANBgkqhkiG9w0BAQsFADB7MRswGQYDVQQDDBJzY20t
MUBmdi1hejU3My02MzkxLTArBgNVBAsMJGM2NDcyOTI3LTk1ODAtNGVmNS04Zjlh
LWZiMDkzZjZjOGYyNzEtMCsGA1UECgwkMDY0NTNmZDQtZmM1OS00Y2MzLTgyYzAt
NTFlY2Y5ZmY5OTVkMB4XDTIzMDgyMzEwNTEzOFoXDTI4MDkzMDEwNTEzOFowezEb
MBkGA1UEAwwSc2NtLTFAZnYtYXo1NzMtNjM5MS0wKwYDVQQLDCRjNjQ3MjkyNy05
NTgwLTRlZjUtOGY5YS1mYjA5M2Y2YzhmMjcxLTArBgNVBAoMJDA2NDUzZmQ0LWZj
NTktNGNjMy04MmMwLTUxZWNmOWZmOTk1ZDCCASIwDQYJKoZIhvcNAQEBBQADggEP
ADCCAQoCggEBANj6ysMPkt9u1mzOl+FqG1LTjYDIkY8Yeo6Jx39xPGR4iVV1O/vS
p2ByqVDcHCJZHC2OYBhAkLvvf4HG5GxcbVqEo/i3qTuVeQOV24eeF+U/i0XacPLo
f3q21KCdl1krByldWbDI5o/T0rhSEjYTIxH0CmpyyIxUfFuXyYILpM+QB0xzLSht
cPTAf86UXf1eTdifRIhTxQ5ffJucD4ntrRn/9ClHzCY7qtsLM+3uMAsJfmm9nAwg
kHpE40IVGe6rttZ4cuJoNYOdx39H58/PCIbq5ovE8ZtSQLAc/s6pzcBjqMskR5Fz
qk3hhTBJXJSst6AW+5wNWZUn+T/94tXb+EsCAwEAAaM0MDIwDwYDVR0TAQH/BAUw
AwEB/zAOBgNVHQ8BAf8EBAMCAQYwDwYDVR0RBAgwBocECgEAETANBgkqhkiG9w0B
AQsFAAOCAQEAwg3tTjjuYyz6VI2FE26x8JSdeqOGCBBxMzV7MPn1QYdKHrUpQlET
gIQ2FMbd4iczuwHu9TtGNJgjqXvHMlLfeucJZ/QWGKzuhoVwh/jhN9nB3i0ts1mK
HGlPPzlo4ZTLcxXfYkX4bYbeRGFMX/HADPrGdJP0tMpHHgwAnxAkv6fkXlw3V5Io
il3QEXAlvAY5/Tj0IFJhF11Wda1XfAhaSG1pI075uFmwc2r301f0f+8Doto3tikQ
XIJQkZtf5gm9VAh80HfHVx0YY+SOEBu3BhXAMtTCWmH2uqVdVu2sYTK7Hz0E39mv
jMeNAcRoF6O1IDQ4ezQ0cSkHxHZUyttKkQ==
-----END CERTIFICATE-----

2023-08-23 10:51:39,143 [IPC Server handler 0 on default port 9961] INFO  client.SCMCertificateClient (DefaultCertificateClient.java:getAllRootCaCerts(901)) - scm/sub-ca has 0 Root CA certificates
2023-08-23 10:51:39,144 [IPC Server handler 0 on default port 9961] INFO  client.SCMCertificateClient (DefaultCertificateClient.java:getAllCaCerts(909)) - scm/sub-ca has 1 CA certificates
2023-08-23 10:51:39,145 [Time-limited test] INFO  utils.CertificateCodec (CertificateCodec.java:writeCertificate(299)) - Save certificate to /tmp/junit2762791774829194678/junit6232740206995566314/scm-meta/om/certs/ROOTCA-1.crt
2023-08-23 10:51:39,145 [Time-limited test] INFO  utils.CertificateCodec (CertificateCodec.java:writeCertificate(300)) - Certificate -----BEGIN CERTIFICATE-----
MIIDpTCCAo2gAwIBAgIBATANBgkqhkiG9w0BAQsFADB7MRswGQYDVQQDDBJzY20t
MUBmdi1hejU3My02MzkxLTArBgNVBAsMJGM2NDcyOTI3LTk1ODAtNGVmNS04Zjlh
LWZiMDkzZjZjOGYyNzEtMCsGA1UECgwkMDY0NTNmZDQtZmM1OS00Y2MzLTgyYzAt
NTFlY2Y5ZmY5OTVkMB4XDTIzMDgyMzEwNTEzOFoXDTI4MDkzMDEwNTEzOFowezEb
MBkGA1UEAwwSc2NtLTFAZnYtYXo1NzMtNjM5MS0wKwYDVQQLDCRjNjQ3MjkyNy05
NTgwLTRlZjUtOGY5YS1mYjA5M2Y2YzhmMjcxLTArBgNVBAoMJDA2NDUzZmQ0LWZj
NTktNGNjMy04MmMwLTUxZWNmOWZmOTk1ZDCCASIwDQYJKoZIhvcNAQEBBQADggEP
ADCCAQoCggEBANj6ysMPkt9u1mzOl+FqG1LTjYDIkY8Yeo6Jx39xPGR4iVV1O/vS
p2ByqVDcHCJZHC2OYBhAkLvvf4HG5GxcbVqEo/i3qTuVeQOV24eeF+U/i0XacPLo
f3q21KCdl1krByldWbDI5o/T0rhSEjYTIxH0CmpyyIxUfFuXyYILpM+QB0xzLSht
cPTAf86UXf1eTdifRIhTxQ5ffJucD4ntrRn/9ClHzCY7qtsLM+3uMAsJfmm9nAwg
kHpE40IVGe6rttZ4cuJoNYOdx39H58/PCIbq5ovE8ZtSQLAc/s6pzcBjqMskR5Fz
qk3hhTBJXJSst6AW+5wNWZUn+T/94tXb+EsCAwEAAaM0MDIwDwYDVR0TAQH/BAUw
AwEB/zAOBgNVHQ8BAf8EBAMCAQYwDwYDVR0RBAgwBocECgEAETANBgkqhkiG9w0B
AQsFAAOCAQEAwg3tTjjuYyz6VI2FE26x8JSdeqOGCBBxMzV7MPn1QYdKHrUpQlET
gIQ2FMbd4iczuwHu9TtGNJgjqXvHMlLfeucJZ/QWGKzuhoVwh/jhN9nB3i0ts1mK
HGlPPzlo4ZTLcxXfYkX4bYbeRGFMX/HADPrGdJP0tMpHHgwAnxAkv6fkXlw3V5Io
il3QEXAlvAY5/Tj0IFJhF11Wda1XfAhaSG1pI075uFmwc2r301f0f+8Doto3tikQ
XIJQkZtf5gm9VAh80HfHVx0YY+SOEBu3BhXAMtTCWmH2uqVdVu2sYTK7Hz0E39mv
jMeNAcRoF6O1IDQ4ezQ0cSkHxHZUyttKkQ==
-----END CERTIFICATE-----

2023-08-23 10:51:39,146 [Time-limited test] INFO  security.OMCertificateClient (DefaultCertificateClient.java:updateCertSerialId(1244)) - Certificate serial ID set to 1584503800169
2023-08-23 10:51:39,147 [Time-limited test] INFO  security.OMCertificateClient (DefaultCertificateClient.java:readCertificateFile(237)) - Added certificate   [0]         Version: 3
         SerialNumber: 1
             IssuerDN: CN=scm-1@fv-az573-639,OU=c6472927-9580-4ef5-8f9a-fb093f6c8f27,O=06453fd4-fc59-4cc3-82c0-51ecf9ff995d
           Start Date: Wed Aug 23 10:51:38 UTC 2023
           Final Date: Sat Sep 30 10:51:38 UTC 2028
            SubjectDN: CN=scm-1@fv-az573-639,OU=c6472927-9580-4ef5-8f9a-fb093f6c8f27,O=06453fd4-fc59-4cc3-82c0-51ecf9ff995d
           Public Key: RSA Public Key [bb:00:66:7c:1b:38:0a:60:02:63:c3:0a:e1:a0:c7:6f:00:cd:a3:d9],[56:66:d1:a4]
        modulus: d8facac30f92df6ed66cce97e16a1b52d38d80c8918f187a8e89c77f713c64788955753bfbd2a76072a950dc1c22591c2d8e60184090bbef7f81c6e46c5c6d5a84a3f8b7a93b95790395db879e17e53f8b45da70f2e87f7ab6d4a09d97592b07295d59b0c8e68fd3d2b8521236132311f40a6a72c88c547c5b97c9820ba4cf90074c732d286d70f4c07fce945dfd5e4dd89f448853c50e5f7c9b9c0f89edad19fff42947cc263baadb0b33edee300b097e69bd9c0c20907a44e3421519eeabb6d67872e26835839dc77f47e7cfcf0886eae68bc4f19b5240b01cfecea9cdc063a8cb24479173aa4de18530495c94acb7a016fb9c0d599527f93ffde2d5dbf84b
public exponent: 10001

  Signature Algorithm: SHA256WITHRSA
            Signature: c20ded4e38ee632cfa548d85136eb1f0949d7aa3
                       8608107133357b30f9f541874a1eb52942511380
                       843614c6dde22733bb01eef53b46349823a97bc7
                       3252df7ae70967f41618acee86857087f8e137d9
                       c1de2d2db3598a1c694f3f3968e194cb7315df62
                       45f86d86de44614c5ff1c00cfac67493f4b4ca47
                       1e0c009f1024bfa7e45e5c375792288a5dd01170
                       25bc0639fd38f4205261175d5675ad577c085a48
                       6d69234ef9b859b0736af7d357f47fef03a2da37
                       b629105c8250919b5fe609bd54087cd077c7571d
                       1863e48e101bb70615c032d4c25a61f6baa55d56
                       edac6132bb1f3d04dfd9af8cc78d01c46817a3b5
                       2034387b3434712907c47654cadb4a91
       Extensions: 
                       critical(true) BasicConstraints: isCa(true)
                       critical(true) KeyUsage: 0x6
                       critical(false) 2.5.29.17 value = Sequence
    Tagged [7] IMPLICIT 
        DER Octet String[4] 

 from file: /tmp/junit2762791774829194678/junit6232740206995566314/scm-meta/om/certs/ROOTCA-1.crt.
2023-08-23 10:51:39,149 [Time-limited test] INFO  security.OMCertificateClient (DefaultCertificateClient.java:readCertificateFile(237)) - Added certificate   [0]         Version: 3
         SerialNumber: 1583757103234
             IssuerDN: CN=scm-1@fv-az573-639,OU=c6472927-9580-4ef5-8f9a-fb093f6c8f27,O=06453fd4-fc59-4cc3-82c0-51ecf9ff995d
           Start Date: Wed Aug 23 10:51:38 UTC 2023
           Final Date: Sat Sep 30 10:51:38 UTC 2028
            SubjectDN: CN=scm-sub-1583753438903@fv-az573-639,OU=c6472927-9580-4ef5-8f9a-fb093f6c8f27,O=06453fd4-fc59-4cc3-82c0-51ecf9ff995d
           Public Key: RSA Public Key [fe:ee:f8:b2:dd:de:6b:28:ac:13:61:6f:44:c7:14:59:74:89:e8:d4],[56:66:d1:a4]
        modulus: 92a90dae59667bee8202867d8c5cb78b64675bfdd7129f62bc8319693bc23788ba526363147e681a25391f90dc9515befb7227f571ca0d82152f32aa4a2b6180d8448a8b56c3e24d7e063210c814cb20abdc997b7da49bb742371dda880aff9040436d4711e483d69e30ede25c24055c774ca1f5816f8d5555ed6752be45192be792828381e4eccd7da051a68a453ffd326211f299a45c8f3cb37d25289a42b694fac3c1893f048bd8ebe82eca6f7b2c93c7fe11b7a64e1ef903daaee8bc9695fceb04ee423515d25615c39e23b91565529d3af66929ec2e405d5321a0f3facafcf3bedeab1e70f9f8c617583459d1224c48c9d1f76c97bbedaed44c84c2901b
public exponent: 10001

  Signature Algorithm: SHA256WITHRSA
            Signature: d22c67ff2d199845629576edd09b87ca3f5aeb6f
                       7c9740900043da5b7c3afe2402f34f1d85cb1951
                       df2ea9737fbae72635e39f7fe38cb3593789a7a3
                       c60b309be32947b7a0033875f6629fcb5ecb1b0a
                       ea1d00e81ea8aa54e0376599b7cb1daa345e7d0c
                       45156b63bf1ebee876a2317a0ecff43e23442dd4
                       3720c001aea665076e457813254f3b884c108b5d
                       7ef53cc1ac9536a3898a46b86e3d63d0b578c481
                       bf559405a4be5ce5a37c5eb7b944d7aef68bc2f4
                       6fe89e07cb67906cee0b9c79fe4fc2dc4c02e2cd
                       932d32e30165c39ef90441ba7126878690605a75
                       61b402ae1257768c768776defd69a9e06fdc9bf1
                       6441d2c5d7533daf601c5a371e8b750a
       Extensions: 
                       critical(false) 2.5.29.17 value = Sequence
    Tagged [7] IMPLICIT 
        DER Octet String[4] 

                       critical(true) BasicConstraints: isCa(true)
                       critical(true) KeyUsage: 0xbe
 from file: /tmp/junit2762791774829194678/junit6232740206995566314/scm-meta/om/certs/CA-1583757103234.crt.
2023-08-23 10:51:39,152 [Time-limited test] INFO  security.OMCertificateClient (DefaultCertificateClient.java:readCertificateFile(237)) - Added certificate   [0]         Version: 3
         SerialNumber: 1584503800169
             IssuerDN: CN=scm-sub-1583753438903@fv-az573-639,OU=c6472927-9580-4ef5-8f9a-fb093f6c8f27,O=06453fd4-fc59-4cc3-82c0-51ecf9ff995d
           Start Date: Wed Aug 23 10:51:39 UTC 2023
           Final Date: Thu Aug 22 10:51:39 UTC 2024
            SubjectDN: CN=fv-az573-639,OU=c6472927-9580-4ef5-8f9a-fb093f6c8f27,O=06453fd4-fc59-4cc3-82c0-51ecf9ff995d
           Public Key: RSA Public Key [88:69:6c:03:71:92:50:e6:d4:49:9d:92:31:bd:03:88:0d:74:24:74],[56:66:d1:a4]
        modulus: cc14153ed01f707cf943990329597a8fa5a1f19526b16189bf1775dede2208127eaeff4a97be2e909eb849d102be91d7ba4d58dd79c93418db20f42d249b11a4a74a5efba161d7160b9140160b245ddc6253e8b531b9f3be43e3957354264433ca1898ee83bfa73b98d08c308fb1954be8181abbf1d05fc27e4bee599d63cea76ec31c9fc375018485c8bd0a9fb20c7b4174298d8704c243eebbf002f60a0bce183904bc8b980efb77b1ed597ad834df76cb9fc6603c1ffeafc74002fd65d7766a1000aa61077f55a1a4d4031fc270f9ecc9896a7e2dd2e844c86f4abf8a66621f2563ec4467cb13493127ec3d5f2a67f328d960ff60e30b822bcf7172b8e5b5
public exponent: 10001

  Signature Algorithm: SHA256WITHRSA
            Signature: 308786ed1c4116c411050439f51dd2015c8ff573
                       bbe0ec5af2afd24bbf68d6ac6bd299d14071fb7d
                       1669035471ab4f1157e7372d6ed78c0f038a65d4
                       dd19079ce438d7b35655215305150bff46c8d7dd
                       4cbfffaa3fbf08470d073cded02200ec597fb50e
                       c7199e92bbb39b5e18207e6d40ef9f3f8f84c070
                       fd98715d901c219c37af4fafe65115c7b8550f16
                       ac299bacf5ca5b01e1cd5c9027af7cef8227d61b
                       e9c6429c72986b13476c5e65fd83cd523a0ca2bd
                       4f8d0a838d939a47a3d8caa7f898bb3af29cdb48
                       9b25884bcd7b5b2f951017ac573f0636297b2dc9
                       ece7b25205e7f9e06194a1eda3ad0490b7da45fb
                       b0f4750bd536797345620170ef87ad98
       Extensions: 
                       critical(false) 2.5.29.17 value = Sequence
    Tagged [7] IMPLICIT 
        DER Octet String[4] 

                       critical(true) KeyUsage: 0xb8
 from file: /tmp/junit2762791774829194678/junit6232740206995566314/scm-meta/om/certs/1584503800169.crt.
2023-08-23 10:51:39,159 [Time-limited test] INFO  security.OMCertificateClient (DefaultCertificateClient.java:startCertificateRenewerService(1347)) - CertificateRenewerService for om is started with first delay 31535989847 ms and interval 3333 ms.
2023-08-23 10:51:39,159 [Time-limited test] INFO  security.OMCertificateClient (DefaultCertificateClient.java:updateCertSerialId(1244)) - Certificate serial ID set to 1584503800169
2023-08-23 10:51:39,161 [Time-limited test] INFO  security.OMCertificateClient (DefaultCertificateClient.java:readCertificateFile(237)) - Added certificate   [0]         Version: 3
         SerialNumber: 1
             IssuerDN: CN=scm-1@fv-az573-639,OU=c6472927-9580-4ef5-8f9a-fb093f6c8f27,O=06453fd4-fc59-4cc3-82c0-51ecf9ff995d
           Start Date: Wed Aug 23 10:51:38 UTC 2023
           Final Date: Sat Sep 30 10:51:38 UTC 2028
            SubjectDN: CN=scm-1@fv-az573-639,OU=c6472927-9580-4ef5-8f9a-fb093f6c8f27,O=06453fd4-fc59-4cc3-82c0-51ecf9ff995d
           Public Key: RSA Public Key [bb:00:66:7c:1b:38:0a:60:02:63:c3:0a:e1:a0:c7:6f:00:cd:a3:d9],[56:66:d1:a4]
        modulus: d8facac30f92df6ed66cce97e16a1b52d38d80c8918f187a8e89c77f713c64788955753bfbd2a76072a950dc1c22591c2d8e60184090bbef7f81c6e46c5c6d5a84a3f8b7a93b95790395db879e17e53f8b45da70f2e87f7ab6d4a09d97592b07295d59b0c8e68fd3d2b8521236132311f40a6a72c88c547c5b97c9820ba4cf90074c732d286d70f4c07fce945dfd5e4dd89f448853c50e5f7c9b9c0f89edad19fff42947cc263baadb0b33edee300b097e69bd9c0c20907a44e3421519eeabb6d67872e26835839dc77f47e7cfcf0886eae68bc4f19b5240b01cfecea9cdc063a8cb24479173aa4de18530495c94acb7a016fb9c0d599527f93ffde2d5dbf84b
public exponent: 10001

  Signature Algorithm: SHA256WITHRSA
            Signature: c20ded4e38ee632cfa548d85136eb1f0949d7aa3
                       8608107133357b30f9f541874a1eb52942511380
                       843614c6dde22733bb01eef53b46349823a97bc7
                       3252df7ae70967f41618acee86857087f8e137d9
                       c1de2d2db3598a1c694f3f3968e194cb7315df62
                       45f86d86de44614c5ff1c00cfac67493f4b4ca47
                       1e0c009f1024bfa7e45e5c375792288a5dd01170
                       25bc0639fd38f4205261175d5675ad577c085a48
                       6d69234ef9b859b0736af7d357f47fef03a2da37
                       b629105c8250919b5fe609bd54087cd077c7571d
                       1863e48e101bb70615c032d4c25a61f6baa55d56
                       edac6132bb1f3d04dfd9af8cc78d01c46817a3b5
                       2034387b3434712907c47654cadb4a91
       Extensions: 
                       critical(true) BasicConstraints: isCa(true)
                       critical(true) KeyUsage: 0x6
                       critical(false) 2.5.29.17 value = Sequence
    Tagged [7] IMPLICIT 
        DER Octet String[4] 

 from file: /tmp/junit2762791774829194678/junit6232740206995566314/scm-meta/om/certs/ROOTCA-1.crt.
2023-08-23 10:51:39,162 [Time-limited test] INFO  security.OMCertificateClient (DefaultCertificateClient.java:readCertificateFile(237)) - Added certificate   [0]         Version: 3
         SerialNumber: 1583757103234
             IssuerDN: CN=scm-1@fv-az573-639,OU=c6472927-9580-4ef5-8f9a-fb093f6c8f27,O=06453fd4-fc59-4cc3-82c0-51ecf9ff995d
           Start Date: Wed Aug 23 10:51:38 UTC 2023
           Final Date: Sat Sep 30 10:51:38 UTC 2028
            SubjectDN: CN=scm-sub-1583753438903@fv-az573-639,OU=c6472927-9580-4ef5-8f9a-fb093f6c8f27,O=06453fd4-fc59-4cc3-82c0-51ecf9ff995d
           Public Key: RSA Public Key [fe:ee:f8:b2:dd:de:6b:28:ac:13:61:6f:44:c7:14:59:74:89:e8:d4],[56:66:d1:a4]
        modulus: 92a90dae59667bee8202867d8c5cb78b64675bfdd7129f62bc8319693bc23788ba526363147e681a25391f90dc9515befb7227f571ca0d82152f32aa4a2b6180d8448a8b56c3e24d7e063210c814cb20abdc997b7da49bb742371dda880aff9040436d4711e483d69e30ede25c24055c774ca1f5816f8d5555ed6752be45192be792828381e4eccd7da051a68a453ffd326211f299a45c8f3cb37d25289a42b694fac3c1893f048bd8ebe82eca6f7b2c93c7fe11b7a64e1ef903daaee8bc9695fceb04ee423515d25615c39e23b91565529d3af66929ec2e405d5321a0f3facafcf3bedeab1e70f9f8c617583459d1224c48c9d1f76c97bbedaed44c84c2901b
public exponent: 10001

  Signature Algorithm: SHA256WITHRSA
            Signature: d22c67ff2d199845629576edd09b87ca3f5aeb6f
                       7c9740900043da5b7c3afe2402f34f1d85cb1951
                       df2ea9737fbae72635e39f7fe38cb3593789a7a3
                       c60b309be32947b7a0033875f6629fcb5ecb1b0a
                       ea1d00e81ea8aa54e0376599b7cb1daa345e7d0c
                       45156b63bf1ebee876a2317a0ecff43e23442dd4
                       3720c001aea665076e457813254f3b884c108b5d
                       7ef53cc1ac9536a3898a46b86e3d63d0b578c481
                       bf559405a4be5ce5a37c5eb7b944d7aef68bc2f4
                       6fe89e07cb67906cee0b9c79fe4fc2dc4c02e2cd
                       932d32e30165c39ef90441ba7126878690605a75
                       61b402ae1257768c768776defd69a9e06fdc9bf1
                       6441d2c5d7533daf601c5a371e8b750a
       Extensions: 
                       critical(false) 2.5.29.17 value = Sequence
    Tagged [7] IMPLICIT 
        DER Octet String[4] 

                       critical(true) BasicConstraints: isCa(true)
                       critical(true) KeyUsage: 0xbe
 from file: /tmp/junit2762791774829194678/junit6232740206995566314/scm-meta/om/certs/CA-1583757103234.crt.
2023-08-23 10:51:39,166 [Time-limited test] INFO  security.OMCertificateClient (DefaultCertificateClient.java:readCertificateFile(237)) - Added certificate   [0]         Version: 3
         SerialNumber: 1584503800169
             IssuerDN: CN=scm-sub-1583753438903@fv-az573-639,OU=c6472927-9580-4ef5-8f9a-fb093f6c8f27,O=06453fd4-fc59-4cc3-82c0-51ecf9ff995d
           Start Date: Wed Aug 23 10:51:39 UTC 2023
           Final Date: Thu Aug 22 10:51:39 UTC 2024
            SubjectDN: CN=fv-az573-639,OU=c6472927-9580-4ef5-8f9a-fb093f6c8f27,O=06453fd4-fc59-4cc3-82c0-51ecf9ff995d
           Public Key: RSA Public Key [88:69:6c:03:71:92:50:e6:d4:49:9d:92:31:bd:03:88:0d:74:24:74],[56:66:d1:a4]
        modulus: cc14153ed01f707cf943990329597a8fa5a1f19526b16189bf1775dede2208127eaeff4a97be2e909eb849d102be91d7ba4d58dd79c93418db20f42d249b11a4a74a5efba161d7160b9140160b245ddc6253e8b531b9f3be43e3957354264433ca1898ee83bfa73b98d08c308fb1954be8181abbf1d05fc27e4bee599d63cea76ec31c9fc375018485c8bd0a9fb20c7b4174298d8704c243eebbf002f60a0bce183904bc8b980efb77b1ed597ad834df76cb9fc6603c1ffeafc74002fd65d7766a1000aa61077f55a1a4d4031fc270f9ecc9896a7e2dd2e844c86f4abf8a66621f2563ec4467cb13493127ec3d5f2a67f328d960ff60e30b822bcf7172b8e5b5
public exponent: 10001

  Signature Algorithm: SHA256WITHRSA
            Signature: 308786ed1c4116c411050439f51dd2015c8ff573
                       bbe0ec5af2afd24bbf68d6ac6bd299d14071fb7d
                       1669035471ab4f1157e7372d6ed78c0f038a65d4
                       dd19079ce438d7b35655215305150bff46c8d7dd
                       4cbfffaa3fbf08470d073cded02200ec597fb50e
                       c7199e92bbb39b5e18207e6d40ef9f3f8f84c070
                       fd98715d901c219c37af4fafe65115c7b8550f16
                       ac299bacf5ca5b01e1cd5c9027af7cef8227d61b
                       e9c6429c72986b13476c5e65fd83cd523a0ca2bd
                       4f8d0a838d939a47a3d8caa7f898bb3af29cdb48
                       9b25884bcd7b5b2f951017ac573f0636297b2dc9
                       ece7b25205e7f9e06194a1eda3ad0490b7da45fb
                       b0f4750bd536797345620170ef87ad98
       Extensions: 
                       critical(false) 2.5.29.17 value = Sequence
    Tagged [7] IMPLICIT 
        DER Octet String[4] 

                       critical(true) KeyUsage: 0xb8
 from file: /tmp/junit2762791774829194678/junit6232740206995566314/scm-meta/om/certs/1584503800169.crt.
2023-08-23 10:51:39,166 [Time-limited test] INFO  om.OzoneManager (OzoneManager.java:initializeSecurity(1405)) - Successfully stored SCM signed certificate.
2023-08-23 10:51:39,169 [Time-limited test] INFO  ha.OMHANodeDetails (OMHANodeDetails.java:loadOMHAConfig(115)) - ozone.om.internal.service.id is not defined, falling back to ozone.om.service.ids to find serviceID for OzoneManager if it is HA enabled cluster
2023-08-23 10:51:39,170 [Time-limited test] INFO  ha.OMHANodeDetails (OMHANodeDetails.java:loadOMHAConfig(226)) - Configuration does not have ozone.om.address set. Falling back to the default OM address fv-az573-639/10.1.0.17:1202
2023-08-23 10:51:39,170 [Time-limited test] INFO  ha.OMHANodeDetails (OMHANodeDetails.java:getOMNodeDetailsForNonHA(254)) - OM Service ID is not set. Setting it to the default ID: omServiceIdDefault
2023-08-23 10:51:39,170 [Time-limited test] INFO  ha.OMHANodeDetails (OMHANodeDetails.java:getOMNodeDetailsForNonHA(261)) - OM Node ID is not set. Setting it to the default ID: om1
2023-08-23 10:51:39,170 [Time-limited test] WARN  server.ServerUtils (ServerUtils.java:getDBPath(311)) - ozone.om.db.dirs is not configured. We recommend adding this setting. Falling back to ozone.metadata.dirs instead.
2023-08-23 10:51:39,172 [Time-limited test] INFO  upgrade.AbstractLayoutVersionManager (AbstractLayoutVersionManager.java:init(83)) - Initializing Layout version manager with metadata layout = QUOTA (version = 6), software layout = QUOTA (version = 6)
2023-08-23 10:51:39,243 [Time-limited test] INFO  reflections.Reflections (Reflections.java:scan(232)) - Reflections took 69 ms to scan 2 urls, producing 188 keys and 512 values [using 2 cores]
2023-08-23 10:51:39,243 [Time-limited test] INFO  upgrade.OMLayoutVersionManager (OMLayoutVersionManager.java:lambda$0(115)) - Skipping Upgrade Action MockOmUpgradeAction since it has been finalized.
2023-08-23 10:51:39,244 [Time-limited test] INFO  upgrade.OMLayoutVersionManager (OMLayoutVersionManager.java:lambda$0(115)) - Skipping Upgrade Action QuotaRepairUpgradeAction since it has been finalized.
2023-08-23 10:51:39,248 [pool-201-thread-2] INFO  request.KdcRequest (KdcRequest.java:preauth(651)) - The preauth data is empty.
2023-08-23 10:51:39,249 [pool-201-thread-2] INFO  server.KdcHandler (KdcHandler.java:handleRecoverableException(177)) - KRB error occurred while processing request:Additional pre-authentication required
2023-08-23 10:51:39,253 [pool-201-thread-2] INFO  request.AsRequest (AsRequest.java:issueTicket(112)) - AS_REQ ISSUE: authtime 1692787899252,om/fv-az573-639@EXAMPLE.COM for krbtgt/EXAMPLE.COM@EXAMPLE.COM
2023-08-23 10:51:39,254 [Time-limited test] INFO  security.UserGroupInformation (UserGroupInformation.java:loginUserFromKeytab(1132)) - Login successful for user om/fv-az573-639@EXAMPLE.COM using keytab file om.keytab. Keytab auto renewal enabled : false
2023-08-23 10:51:39,254 [Time-limited test] INFO  om.OzoneManager (OzoneManager.java:loginOMUser(1161)) - Ozone Manager login successful.
2023-08-23 10:51:39,254 [Time-limited test] WARN  server.ServerUtils (ServerUtils.java:getDBPath(311)) - ozone.om.db.dirs is not configured. We recommend adding this setting. Falling back to ozone.metadata.dirs instead.
2023-08-23 10:51:39,255 [Time-limited test] INFO  proxy.SCMBlockLocationFailoverProxyProvider (SCMBlockLocationFailoverProxyProvider.java:<init>(114)) - Created block location fail-over proxy with 1 nodes: [nodeId=scmNodeId,nodeAddress=/0.0.0.0:9863]
2023-08-23 10:51:39,260 [Time-limited test] INFO  om.OzoneManager (OzoneManager.java:getOmDetailsProto(4552)) - OzoneManager ports added:[name: "RPC"
value: 1202
]
2023-08-23 10:51:39,261 [Time-limited test] INFO  security.OMCertificateClient (DefaultCertificateClient.java:updateCertSerialId(1244)) - Certificate serial ID set to 1584503800169
2023-08-23 10:51:39,263 [Time-limited test] INFO  security.OMCertificateClient (DefaultCertificateClient.java:readCertificateFile(237)) - Added certificate   [0]         Version: 3
         SerialNumber: 1
             IssuerDN: CN=scm-1@fv-az573-639,OU=c6472927-9580-4ef5-8f9a-fb093f6c8f27,O=06453fd4-fc59-4cc3-82c0-51ecf9ff995d
           Start Date: Wed Aug 23 10:51:38 UTC 2023
           Final Date: Sat Sep 30 10:51:38 UTC 2028
            SubjectDN: CN=scm-1@fv-az573-639,OU=c6472927-9580-4ef5-8f9a-fb093f6c8f27,O=06453fd4-fc59-4cc3-82c0-51ecf9ff995d
           Public Key: RSA Public Key [bb:00:66:7c:1b:38:0a:60:02:63:c3:0a:e1:a0:c7:6f:00:cd:a3:d9],[56:66:d1:a4]
        modulus: d8facac30f92df6ed66cce97e16a1b52d38d80c8918f187a8e89c77f713c64788955753bfbd2a76072a950dc1c22591c2d8e60184090bbef7f81c6e46c5c6d5a84a3f8b7a93b95790395db879e17e53f8b45da70f2e87f7ab6d4a09d97592b07295d59b0c8e68fd3d2b8521236132311f40a6a72c88c547c5b97c9820ba4cf90074c732d286d70f4c07fce945dfd5e4dd89f448853c50e5f7c9b9c0f89edad19fff42947cc263baadb0b33edee300b097e69bd9c0c20907a44e3421519eeabb6d67872e26835839dc77f47e7cfcf0886eae68bc4f19b5240b01cfecea9cdc063a8cb24479173aa4de18530495c94acb7a016fb9c0d599527f93ffde2d5dbf84b
public exponent: 10001

  Signature Algorithm: SHA256WITHRSA
            Signature: c20ded4e38ee632cfa548d85136eb1f0949d7aa3
                       8608107133357b30f9f541874a1eb52942511380
                       843614c6dde22733bb01eef53b46349823a97bc7
                       3252df7ae70967f41618acee86857087f8e137d9
                       c1de2d2db3598a1c694f3f3968e194cb7315df62
                       45f86d86de44614c5ff1c00cfac67493f4b4ca47
                       1e0c009f1024bfa7e45e5c375792288a5dd01170
                       25bc0639fd38f4205261175d5675ad577c085a48
                       6d69234ef9b859b0736af7d357f47fef03a2da37
                       b629105c8250919b5fe609bd54087cd077c7571d
                       1863e48e101bb70615c032d4c25a61f6baa55d56
                       edac6132bb1f3d04dfd9af8cc78d01c46817a3b5
                       2034387b3434712907c47654cadb4a91
       Extensions: 
                       critical(true) BasicConstraints: isCa(true)
                       critical(true) KeyUsage: 0x6
                       critical(false) 2.5.29.17 value = Sequence
    Tagged [7] IMPLICIT 
        DER Octet String[4] 

 from file: /tmp/junit2762791774829194678/junit6232740206995566314/scm-meta/om/certs/ROOTCA-1.crt.
2023-08-23 10:51:39,264 [Time-limited test] INFO  security.OMCertificateClient (DefaultCertificateClient.java:readCertificateFile(237)) - Added certificate   [0]         Version: 3
         SerialNumber: 1583757103234
             IssuerDN: CN=scm-1@fv-az573-639,OU=c6472927-9580-4ef5-8f9a-fb093f6c8f27,O=06453fd4-fc59-4cc3-82c0-51ecf9ff995d
           Start Date: Wed Aug 23 10:51:38 UTC 2023
           Final Date: Sat Sep 30 10:51:38 UTC 2028
            SubjectDN: CN=scm-sub-1583753438903@fv-az573-639,OU=c6472927-9580-4ef5-8f9a-fb093f6c8f27,O=06453fd4-fc59-4cc3-82c0-51ecf9ff995d
           Public Key: RSA Public Key [fe:ee:f8:b2:dd:de:6b:28:ac:13:61:6f:44:c7:14:59:74:89:e8:d4],[56:66:d1:a4]
        modulus: 92a90dae59667bee8202867d8c5cb78b64675bfdd7129f62bc8319693bc23788ba526363147e681a25391f90dc9515befb7227f571ca0d82152f32aa4a2b6180d8448a8b56c3e24d7e063210c814cb20abdc997b7da49bb742371dda880aff9040436d4711e483d69e30ede25c24055c774ca1f5816f8d5555ed6752be45192be792828381e4eccd7da051a68a453ffd326211f299a45c8f3cb37d25289a42b694fac3c1893f048bd8ebe82eca6f7b2c93c7fe11b7a64e1ef903daaee8bc9695fceb04ee423515d25615c39e23b91565529d3af66929ec2e405d5321a0f3facafcf3bedeab1e70f9f8c617583459d1224c48c9d1f76c97bbedaed44c84c2901b
public exponent: 10001

  Signature Algorithm: SHA256WITHRSA
            Signature: d22c67ff2d199845629576edd09b87ca3f5aeb6f
                       7c9740900043da5b7c3afe2402f34f1d85cb1951
                       df2ea9737fbae72635e39f7fe38cb3593789a7a3
                       c60b309be32947b7a0033875f6629fcb5ecb1b0a
                       ea1d00e81ea8aa54e0376599b7cb1daa345e7d0c
                       45156b63bf1ebee876a2317a0ecff43e23442dd4
                       3720c001aea665076e457813254f3b884c108b5d
                       7ef53cc1ac9536a3898a46b86e3d63d0b578c481
                       bf559405a4be5ce5a37c5eb7b944d7aef68bc2f4
                       6fe89e07cb67906cee0b9c79fe4fc2dc4c02e2cd
                       932d32e30165c39ef90441ba7126878690605a75
                       61b402ae1257768c768776defd69a9e06fdc9bf1
                       6441d2c5d7533daf601c5a371e8b750a
       Extensions: 
                       critical(false) 2.5.29.17 value = Sequence
    Tagged [7] IMPLICIT 
        DER Octet String[4] 

                       critical(true) BasicConstraints: isCa(true)
                       critical(true) KeyUsage: 0xbe
 from file: /tmp/junit2762791774829194678/junit6232740206995566314/scm-meta/om/certs/CA-1583757103234.crt.
2023-08-23 10:51:39,266 [Time-limited test] INFO  security.OMCertificateClient (DefaultCertificateClient.java:readCertificateFile(237)) - Added certificate   [0]         Version: 3
         SerialNumber: 1584503800169
             IssuerDN: CN=scm-sub-1583753438903@fv-az573-639,OU=c6472927-9580-4ef5-8f9a-fb093f6c8f27,O=06453fd4-fc59-4cc3-82c0-51ecf9ff995d
           Start Date: Wed Aug 23 10:51:39 UTC 2023
           Final Date: Thu Aug 22 10:51:39 UTC 2024
            SubjectDN: CN=fv-az573-639,OU=c6472927-9580-4ef5-8f9a-fb093f6c8f27,O=06453fd4-fc59-4cc3-82c0-51ecf9ff995d
           Public Key: RSA Public Key [88:69:6c:03:71:92:50:e6:d4:49:9d:92:31:bd:03:88:0d:74:24:74],[56:66:d1:a4]
        modulus: cc14153ed01f707cf943990329597a8fa5a1f19526b16189bf1775dede2208127eaeff4a97be2e909eb849d102be91d7ba4d58dd79c93418db20f42d249b11a4a74a5efba161d7160b9140160b245ddc6253e8b531b9f3be43e3957354264433ca1898ee83bfa73b98d08c308fb1954be8181abbf1d05fc27e4bee599d63cea76ec31c9fc375018485c8bd0a9fb20c7b4174298d8704c243eebbf002f60a0bce183904bc8b980efb77b1ed597ad834df76cb9fc6603c1ffeafc74002fd65d7766a1000aa61077f55a1a4d4031fc270f9ecc9896a7e2dd2e844c86f4abf8a66621f2563ec4467cb13493127ec3d5f2a67f328d960ff60e30b822bcf7172b8e5b5
public exponent: 10001

  Signature Algorithm: SHA256WITHRSA
            Signature: 308786ed1c4116c411050439f51dd2015c8ff573
                       bbe0ec5af2afd24bbf68d6ac6bd299d14071fb7d
                       1669035471ab4f1157e7372d6ed78c0f038a65d4
                       dd19079ce438d7b35655215305150bff46c8d7dd
                       4cbfffaa3fbf08470d073cded02200ec597fb50e
                       c7199e92bbb39b5e18207e6d40ef9f3f8f84c070
                       fd98715d901c219c37af4fafe65115c7b8550f16
                       ac299bacf5ca5b01e1cd5c9027af7cef8227d61b
                       e9c6429c72986b13476c5e65fd83cd523a0ca2bd
                       4f8d0a838d939a47a3d8caa7f898bb3af29cdb48
                       9b25884bcd7b5b2f951017ac573f0636297b2dc9
                       ece7b25205e7f9e06194a1eda3ad0490b7da45fb
                       b0f4750bd536797345620170ef87ad98
       Extensions: 
                       critical(false) 2.5.29.17 value = Sequence
    Tagged [7] IMPLICIT 
        DER Octet String[4] 

                       critical(true) KeyUsage: 0xb8
 from file: /tmp/junit2762791774829194678/junit6232740206995566314/scm-meta/om/certs/1584503800169.crt.
2023-08-23 10:51:39,272 [Time-limited test] INFO  security.OMCertificateClient (DefaultCertificateClient.java:startCertificateRenewerService(1347)) - CertificateRenewerService for om is started with first delay 31535989734 ms and interval 3333 ms.
2023-08-23 10:51:39,274 [Time-limited test] INFO  om.OzoneManager (OzoneManager.java:<init>(662)) - OM start with adminUsers: [om/fv-az573-639@EXAMPLE.COM, om]
2023-08-23 10:51:39,275 [Time-limited test] WARN  server.ServerUtils (ServerUtils.java:getDBPath(311)) - ozone.om.db.dirs is not configured. We recommend adding this setting. Falling back to ozone.metadata.dirs instead.
2023-08-23 10:51:39,276 [Time-limited test] INFO  helpers.OmKeyInfo (OmKeyInfo.java:getCodec(71)) - OmKeyInfo.getCodec ignorePipeline = true
2023-08-23 10:51:39,454 [Time-limited test] INFO  om.OzoneManager (OzoneManager.java:instantiateServices(791)) - S3 Multi-Tenancy is disabled
2023-08-23 10:51:39,454 [Time-limited test] INFO  security.OzoneSecretStore (OzoneSecretStore.java:loadState(69)) - Loaded 0 tokens
2023-08-23 10:51:39,455 [Time-limited test] INFO  security.OzoneDelegationTokenSecretManager (OzoneDelegationTokenSecretManager.java:loadTokenSecretState(530)) - Loading token state into token manager.
2023-08-23 10:51:39,455 [Time-limited test] INFO  om.OmSnapshotManager (OmSnapshotManager.java:<init>(175)) - Ozone filesystem snapshot feature is enabled.
2023-08-23 10:51:39,456 [Time-limited test] WARN  server.ServerUtils (ServerUtils.java:getDBPath(311)) - ozone.om.snapshot.diff.db.dir is not configured. We recommend adding this setting. Falling back to ozone.metadata.dirs instead.
2023-08-23 10:51:39,482 [Time-limited test] INFO  snapshot.SnapshotDiffManager (SnapshotDiffManager.java:closeExecutorService(1720)) - Shutting down executorService: 'SstDumpToolExecutor'
2023-08-23 10:51:39,518 [Time-limited test] INFO  om.OzoneManager (OzoneManager.java:addS3GVolumeToDB(4284)) - Created Volume s3v With Owner om required for S3Gateway operations.
2023-08-23 10:51:39,518 [Time-limited test] WARN  server.ServerUtils (ServerUtils.java:getDefaultRatisDirectory(323)) - Storage directory for Ratis is not configured. It is a good idea to map this to an SSD disk. Falling back to ozone.metadata.dirs
2023-08-23 10:51:39,518 [Time-limited test] WARN  utils.OzoneManagerRatisUtils (OzoneManagerRatisUtils.java:getOMRatisSnapshotDirectory(461)) - ozone.om.ratis.snapshot.dir is not configured. Falling back to ozone.metadata.dirs config
2023-08-23 10:51:39,520 [Time-limited test] WARN  server.ServerUtils (ServerUtils.java:getDefaultRatisDirectory(323)) - Storage directory for Ratis is not configured. It is a good idea to map this to an SSD disk. Falling back to ozone.metadata.dirs
2023-08-23 10:51:39,522 [Time-limited test] INFO  ratis.OzoneManagerRatisServer (OzoneManagerRatisServer.java:<init>(163)) - Instantiating OM Ratis server with groupID: omServiceIdDefault and peers: fv-az573-639:9872
2023-08-23 10:51:39,523 [Time-limited test] INFO  ratis.OzoneManagerStateMachine (OzoneManagerStateMachine.java:loadSnapshotInfoFromDB(687)) - LastAppliedIndex is set from TransactionInfo from OM DB as (t:0, i:~)
2023-08-23 10:51:39,523 [Time-limited test] INFO  server.RaftServer (ConfUtils.java:logGet(46)) - raft.rpc.type = GRPC (default)
2023-08-23 10:51:39,525 [Time-limited test] INFO  grpc.GrpcConfigKeys (ConfUtils.java:logFallback(53)) - raft.grpc.admin.host = null (fallback to raft.grpc.server.host)
2023-08-23 10:51:39,525 [Time-limited test] INFO  grpc.GrpcConfigKeys (ConfUtils.java:logFallback(53)) - raft.grpc.admin.port = 9872 (fallback to raft.grpc.server.port)
2023-08-23 10:51:39,526 [Time-limited test] INFO  grpc.GrpcConfigKeys (ConfUtils.java:logFallback(53)) - raft.grpc.client.host = null (fallback to raft.grpc.server.host)
2023-08-23 10:51:39,526 [Time-limited test] INFO  grpc.GrpcConfigKeys (ConfUtils.java:logFallback(53)) - raft.grpc.client.port = 9872 (fallback to raft.grpc.server.port)
2023-08-23 10:51:39,526 [Time-limited test] INFO  grpc.GrpcConfigKeys (ConfUtils.java:logGet(46)) - raft.grpc.server.host = null (default)
2023-08-23 10:51:39,526 [Time-limited test] INFO  grpc.GrpcConfigKeys (ConfUtils.java:logGet(46)) - raft.grpc.server.port = 9872 (custom)
2023-08-23 10:51:39,526 [Time-limited test] INFO  server.GrpcService (ConfUtils.java:logGet(46)) - raft.grpc.message.size.max = 33554432 (custom)
2023-08-23 10:51:39,529 [Time-limited test] INFO  server.RaftServerConfigKeys (ConfUtils.java:logGet(46)) - raft.server.log.appender.buffer.byte-limit = 33554432 (custom)
2023-08-23 10:51:39,530 [Time-limited test] INFO  server.GrpcService (ConfUtils.java:logGet(46)) - raft.grpc.flow.control.window = 1MB (=1048576) (default)
2023-08-23 10:51:39,530 [Time-limited test] INFO  server.RaftServerConfigKeys (ConfUtils.java:logGet(46)) - raft.server.rpc.request.timeout = 3000ms (default)
2023-08-23 10:51:39,530 [Time-limited test] INFO  grpc.GrpcConfigKeys (ConfUtils.java:logGet(46)) - raft.grpc.server.heartbeat.channel = true (default)
2023-08-23 10:51:39,530 [Time-limited test] INFO  grpc.GrpcConfigKeys (ConfUtils.java:logGet(46)) - raft.grpc.server.async.request.thread.pool.cached = true (default)
2023-08-23 10:51:39,530 [Time-limited test] INFO  grpc.GrpcConfigKeys (ConfUtils.java:logGet(46)) - raft.grpc.server.async.request.thread.pool.size = 32 (default)
2023-08-23 10:51:39,531 [Time-limited test] INFO  impl.DataStreamServerImpl (ConfUtils.java:logGet(46)) - raft.datastream.type = DISABLED (default)
2023-08-23 10:51:39,532 [Time-limited test] INFO  server.RaftServerConfigKeys (ConfUtils.java:logGet(46)) - raft.server.threadpool.proxy.cached = true (default)
2023-08-23 10:51:39,532 [Time-limited test] INFO  server.RaftServerConfigKeys (ConfUtils.java:logGet(46)) - raft.server.threadpool.proxy.size = 0 (default)
2023-08-23 10:51:39,532 [Time-limited test] INFO  server.RaftServerConfigKeys (ConfUtils.java:logGet(46)) - raft.server.rpc.slowness.timeout = 120s (custom)
2023-08-23 10:51:39,532 [Time-limited test] INFO  server.RaftServerConfigKeys (ConfUtils.java:logGet(46)) - raft.server.leaderelection.leader.step-down.wait-time = 10s (default)
2023-08-23 10:51:39,532 [Time-limited test] INFO  server.RaftServerConfigKeys (ConfUtils.java:logGet(46)) - raft.server.storage.dir = [/tmp/junit2762791774829194678/junit6232740206995566314/scm-meta/ratis] (custom)
2023-08-23 10:51:39,533 [Time-limited test] INFO  server.RaftServer (RaftServerProxy.java:addNew(98)) - om1: addNew group-C5BA1605619E:[om1|rpc:fv-az573-639:9872|priority:0|startupRole:FOLLOWER] returns group-C5BA1605619E:java.util.concurrent.CompletableFuture@2850c118[Not completed]
server.RaftServer$Division (2023-08-23 10:51:39,533 [Time-limited test] INFO  om.OzoneManager (OzoneManager.java:initializeRatisServer(2128)) - OzoneManager Ratis server initialized at port 9872
RaftServerImpl.java:<init>(198)) - om1: new RaftServerImpl for group-C5BA1605619E:[om1|rpc:fv-az573-639:9872|priority:0|startupRole:FOLLOWER] with OzoneManagerStateMachine:uninitialized
2023-08-23 10:51:39,533 [Time-limited test] INFO  om.OzoneManager (OzoneManager.java:initializeRatisServer(2128)) - OzoneManager Ratis server initialized at port 9872
2023-08-23 10:51:39,534 [Time-limited test] INFO  om.OzoneManager (ConfUtils.java:logGet(46)) - raft.server.rpc.timeout.min = 5s (custom)
2023-08-23 10:51:39,534 [Time-limited test] INFO  om.OzoneManager (OzoneManager.java:getRpcServer(1193)) - Creating RPC Server
2023-08-23 10:51:39,534 [om1-groupManagement] INFO  server.RaftServerConfigKeys (ConfUtils.java:logGet(46)) - raft.server.rpc.timeout.max = 5200ms (custom)
2023-08-23 10:51:39,539 [om1-groupManagement] INFO  server.RaftServerConfigKeys (ConfUtils.java:logGet(46)) - raft.server.rpc.sleep.time = 25ms (default)
2023-08-23 10:51:39,539 [om1-groupManagement] INFO  server.RaftServerConfigKeys (ConfUtils.java:logGet(46)) - raft.server.rpc.slowness.timeout = 120s (custom)
2023-08-23 10:51:39,539 [om1-groupManagement] INFO  server.RaftServerConfigKeys (ConfUtils.java:logGet(46)) - raft.server.leaderelection.leader.step-down.wait-time = 10s (default)
2023-08-23 10:51:39,539 [om1-groupManagement] INFO  server.RaftServerConfigKeys (ConfUtils.java:logGet(46)) - raft.server.sleep.deviation.threshold = 300ms (default)
2023-08-23 10:51:39,539 [om1-groupManagement] INFO  server.RaftServer$Division (ServerState.java:<init>(120)) - om1@group-C5BA1605619E: ConfigurationManager, init=-1: peers:[om1|rpc:fv-az573-639:9872|priority:0|startupRole:FOLLOWER]|listeners:[], old=null, confs=<EMPTY_MAP>
2023-08-23 10:51:39,540 [om1-groupManagement] INFO  server.RaftServerConfigKeys (ConfUtils.java:logGet(46)) - raft.server.storage.dir = [/tmp/junit2762791774829194678/junit6232740206995566314/scm-meta/ratis] (custom)
2023-08-23 10:51:39,540 [om1-groupManagement] INFO  server.RaftServerConfigKeys (ConfUtils.java:logGet(46)) - raft.server.log.corruption.policy = EXCEPTION (default)
2023-08-23 10:51:39,540 [om1-groupManagement] INFO  server.RaftServerConfigKeys (ConfUtils.java:logGet(46)) - raft.server.storage.free-space.min = 0MB (=0) (default)
2023-08-23 10:51:39,540 [om1-groupManagement] INFO  server.RaftServerConfigKeys (ConfUtils.java:logGet(46)) - raft.server.notification.no-leader.timeout = 120s (custom)
2023-08-23 10:51:39,540 [om1-groupManagement] INFO  server.RaftServerConfigKeys (ConfUtils.java:logGet(46)) - raft.server.read.timeout = 10s (default)
2023-08-23 10:51:39,540 [om1-groupManagement] INFO  server.RaftServerConfigKeys (ConfUtils.java:logGet(46)) - raft.server.retrycache.expirytime = 300s (custom)
2023-08-23 10:51:39,540 [om1-groupManagement] INFO  server.RaftServerConfigKeys (ConfUtils.java:logGet(46)) - raft.server.retrycache.statistics.expirytime = 100μs (default)
2023-08-23 10:51:39,540 [om1-groupManagement] INFO  server.RaftServerConfigKeys (ConfUtils.java:logGet(46)) - raft.server.read.option = DEFAULT (default)
2023-08-23 10:51:39,544 [om1-groupManagement] INFO  server.RaftServerConfigKeys (ConfUtils.java:logGet(46)) - raft.server.rpc.request.timeout = 3000ms (default)
2023-08-23 10:51:39,544 [om1-groupManagement] INFO  server.RaftServerConfigKeys (ConfUtils.java:logGet(46)) - raft.server.log.appender.install.snapshot.enabled = false (custom)
2023-08-23 10:51:39,544 [om1-groupManagement] INFO  server.RaftServerConfigKeys (ConfUtils.java:logGet(46)) - raft.server.threadpool.server.cached = true (default)
2023-08-23 10:51:39,545 [om1-groupManagement] INFO  server.RaftServerConfigKeys (ConfUtils.java:logGet(46)) - raft.server.threadpool.server.size = 0 (default)
2023-08-23 10:51:39,545 [om1-groupManagement] INFO  server.RaftServerConfigKeys (ConfUtils.java:logGet(46)) - raft.server.threadpool.client.cached = true (default)
2023-08-23 10:51:39,545 [om1-groupManagement] INFO  server.RaftServerConfigKeys (ConfUtils.java:logGet(46)) - raft.server.threadpool.client.size = 0 (default)
2023-08-23 10:51:39,952 [Time-limited test] INFO  reflections.Reflections (Reflections.java:scan(232)) - Reflections took 416 ms to scan 19 urls, producing 70 keys and 5642 values [using 2 cores]
2023-08-23 10:51:39,953 [Time-limited test] INFO  ipc.CallQueueManager (CallQueueManager.java:<init>(90)) - Using callQueue: class java.util.concurrent.LinkedBlockingQueue, queueCapacity: 10000, scheduler: class org.apache.hadoop.ipc.DefaultRpcScheduler, ipcBackoff: false.
2023-08-23 10:51:39,954 [Time-limited test] INFO  ipc.Server (Server.java:<init>(1287)) - Listener at fv-az573-639:1202
2023-08-23 10:51:39,954 [Socket Reader #1 for port 1202] INFO  ipc.Server (Server.java:run(1323)) - Starting Socket Reader #1 for port 1202
2023-08-23 10:51:39,998 [Time-limited test] INFO  server.StorageContainerManager (StorageContainerManager.java:stop(1591)) - Container Balancer is not running.
2023-08-23 10:51:40,000 [Time-limited test] INFO  server.StorageContainerManager (StorageContainerManager.java:stopReplicationManager(1724)) - Stopping Replication Manager Service.
2023-08-23 10:51:40,000 [Time-limited test] INFO  replication.ReplicationManager (ReplicationManager.java:stop(319)) - Stopping Replication Monitor Thread.
2023-08-23 10:51:40,000 [Under Replicated Processor] WARN  replication.UnhealthyReplicationProcessor (UnhealthyReplicationProcessor.java:run(180)) - Under Replicated Processor interrupted. Exiting...
2023-08-23 10:51:40,001 [Over Replicated Processor] WARN  replication.UnhealthyReplicationProcessor (UnhealthyReplicationProcessor.java:run(180)) - Over Replicated Processor interrupted. Exiting...
2023-08-23 10:51:40,001 [ReplicationMonitor] INFO  replication.ReplicationManager (ReplicationManager.java:run(917)) - Replication Monitor Thread is stopped
2023-08-23 10:51:40,000 [Time-limited test] INFO  server.StorageContainerManager (StorageContainerManager.java:stop(1600)) - Stopping the Datanode Admin Monitor.
2023-08-23 10:51:40,002 [Time-limited test] INFO  server.StorageContainerManager (StorageContainerManager.java:stop(1607)) - Stopping datanode service RPC server
2023-08-23 10:51:40,002 [Time-limited test] INFO  server.SCMDatanodeProtocolServer (SCMDatanodeProtocolServer.java:stop(424)) - Stopping the RPC server for DataNodes
2023-08-23 10:51:40,002 [Time-limited test] INFO  ipc.Server (Server.java:stop(3523)) - Stopping server on 9861
2023-08-23 10:51:40,003 [IPC Server listener on 9861] INFO  ipc.Server (Server.java:run(1434)) - Stopping IPC Server listener on 9861
2023-08-23 10:51:40,013 [IPC Server Responder] INFO  ipc.Server (Server.java:run(1567)) - Stopping IPC Server Responder
2023-08-23 10:51:41,559 [SCM Heartbeat Processing Thread - 0] WARN  node.NodeStateManager (NodeStateManager.java:scheduleNextHealthCheck(874)) - Current Thread is interrupted, shutting down HB processing thread for Node Manager.
2023-08-23 10:51:41,559 [Time-limited test] INFO  server.StorageContainerManager (StorageContainerManager.java:stop(1615)) - Stopping block service RPC server
2023-08-23 10:51:41,560 [Time-limited test] INFO  server.SCMBlockProtocolServer (SCMBlockProtocolServer.java:stop(161)) - Stopping the RPC server for Block Protocol
2023-08-23 10:51:41,560 [Time-limited test] INFO  ipc.Server (Server.java:stop(3523)) - Stopping server on 9863
2023-08-23 10:51:41,563 [IPC Server Responder] INFO  ipc.Server (Server.java:run(1567)) - Stopping IPC Server Responder
2023-08-23 10:51:41,563 [Time-limited test] INFO  server.StorageContainerManager (StorageContainerManager.java:stop(1622)) - Stopping the StorageContainerLocationProtocol RPC server
2023-08-23 10:51:41,563 [Time-limited test] INFO  server.SCMClientProtocolServer (SCMClientProtocolServer.java:stop(210)) - Stopping the RPC server for Client Protocol
2023-08-23 10:51:41,564 [Time-limited test] INFO  ipc.Server (Server.java:stop(3523)) - Stopping server on 9860
2023-08-23 10:51:41,564 [IPC Server listener on 9863] INFO  ipc.Server (Server.java:run(1434)) - Stopping IPC Server listener on 9863
2023-08-23 10:51:41,567 [IPC Server listener on 9860] INFO  ipc.Server (Server.java:run(1434)) - Stopping IPC Server listener on 9860
2023-08-23 10:51:41,568 [IPC Server Responder] INFO  ipc.Server (Server.java:run(1567)) - Stopping IPC Server Responder
2023-08-23 10:51:41,568 [Time-limited test] INFO  server.StorageContainerManager (StorageContainerManager.java:stop(1629)) - Stopping Storage Container Manager HTTP server.
2023-08-23 10:51:41,575 [Time-limited test] INFO  handler.ContextHandler (ContextHandler.java:doStop(1159)) - Stopped o.e.j.w.WebAppContext@a4c44fd{scm,/,null,STOPPED}{file:/home/runner/work/ozone/ozone/hadoop-ozone/integration-test/target/test-classes/webapps/scm}
2023-08-23 10:51:41,579 [Time-limited test] INFO  server.AbstractConnector (AbstractConnector.java:doStop(383)) - Stopped ServerConnector@b6f053a{HTTP/1.1, (http/1.1)}{0.0.0.0:9876}
2023-08-23 10:51:41,579 [Time-limited test] INFO  server.session (HouseKeeper.java:stopScavenging(149)) - node0 Stopped scavenging
2023-08-23 10:51:41,579 [Time-limited test] INFO  handler.ContextHandler (ContextHandler.java:doStop(1159)) - Stopped o.e.j.s.ServletContextHandler@6201247{static,/static,file:///home/runner/work/ozone/ozone/hadoop-ozone/integration-test/target/test-classes/webapps/static,STOPPED}
2023-08-23 10:51:41,579 [Time-limited test] INFO  handler.ContextHandler (ContextHandler.java:doStop(1159)) - Stopped o.e.j.s.ServletContextHandler@660df07{logs,/logs,file:///home/runner/work/ozone/ozone/hadoop-ozone/integration-test/target/log,STOPPED}
2023-08-23 10:51:41,581 [Time-limited test] INFO  server.StorageContainerManager (StorageContainerManager.java:stop(1637)) - Stopping SCM LayoutVersionManager Service.
2023-08-23 10:51:41,581 [Time-limited test] INFO  server.SCMSecurityProtocolServer (SCMSecurityProtocolServer.java:stop(550)) - Stopping the SCMSecurityProtocolServer.
2023-08-23 10:51:41,581 [Time-limited test] INFO  ipc.Server (Server.java:stop(3523)) - Stopping server on 9961
2023-08-23 10:51:41,581 [IPC Server listener on 9961] INFO  ipc.Server (Server.java:run(1434)) - Stopping IPC Server listener on 9961
2023-08-23 10:51:41,583 [IPC Server Responder] INFO  ipc.Server (Server.java:run(1567)) - Stopping IPC Server Responder
2023-08-23 10:51:41,584 [Time-limited test] INFO  server.SCMUpdateServiceGrpcServer (SCMUpdateServiceGrpcServer.java:stop(73)) - SCMUpdateService stopping
2023-08-23 10:51:41,584 [Time-limited test] INFO  server.SCMUpdateServiceGrpcServer (SCMUpdateServiceGrpcServer.java:stop(85)) - SCMUpdateService stopped!
2023-08-23 10:51:41,585 [Time-limited test] INFO  server.StorageContainerManager (StorageContainerManager.java:stop(1649)) - Stopping Block Manager Service.
2023-08-23 10:51:41,585 [Time-limited test] INFO  utils.BackgroundService (BackgroundService.java:shutdown(141)) - Shutting down service SCMBlockDeletingService
2023-08-23 10:51:41,585 [Time-limited test] INFO  utils.BackgroundService (BackgroundService.java:shutdown(141)) - Shutting down service SCMBlockDeletingService
2023-08-23 10:51:41,585 [Time-limited test] INFO  server.StorageContainerManager (StorageContainerManager.java:stop(1669)) - Stopping SCM Event Queue.
2023-08-23 10:51:41,585 [JvmPauseMonitor3] INFO  util.JvmPauseMonitor (JvmPauseMonitor.java:run(109)) - JvmPauseMonitor-c6472927-9580-4ef5-8f9a-fb093f6c8f27: Stopped
2023-08-23 10:51:41,586 [Time-limited test] INFO  server.StorageContainerManager (StorageContainerManager.java:stop(1680)) - Stopping SCM HA services.
2023-08-23 10:51:41,586 [Time-limited test] INFO  pipeline.BackgroundPipelineCreator (BackgroundPipelineCreator.java:stop(149)) - Stopping RatisPipelineUtilsThread.
2023-08-23 10:51:41,586 [RatisPipelineUtilsThread - 0] WARN  pipeline.BackgroundPipelineCreator (BackgroundPipelineCreator.java:run(180)) - RatisPipelineUtilsThread is interrupted.
2023-08-23 10:51:41,587 [BackgroundPipelineScrubberThread] WARN  BackgroundPipelineScrubber (BackgroundSCMService.java:run(115)) - BackgroundPipelineScrubber is interrupted, exit
2023-08-23 10:51:41,587 [Time-limited test] INFO  BackgroundPipelineScrubber (BackgroundSCMService.java:stop(131)) - Stopping BackgroundPipelineScrubber Service.
2023-08-23 10:51:41,587 [Time-limited test] INFO  impl.MetricsSystemImpl (MetricsSystemImpl.java:stop(210)) - Stopping StorageContainerManager metrics system...
2023-08-23 10:51:41,596 [prometheus] INFO  impl.MetricsSinkAdapter (MetricsSinkAdapter.java:publishMetricsFromQueue(141)) - prometheus thread interrupted.
2023-08-23 10:51:41,597 [Time-limited test] INFO  impl.MetricsSystemImpl (MetricsSystemImpl.java:stop(216)) - StorageContainerManager metrics system stopped.
2023-08-23 10:51:41,597 [Time-limited test] WARN  pipeline.BackgroundPipelineCreator (BackgroundPipelineCreator.java:stop(145)) - RatisPipelineUtilsThread is not running, just ignore.
2023-08-23 10:51:41,597 [Time-limited test] INFO  BackgroundPipelineScrubber (BackgroundSCMService.java:stop(126)) - BackgroundPipelineScrubber Service is not running, skip stop.
2023-08-23 10:51:41,597 [Time-limited test] INFO  ExpiredContainerReplicaOpScrubber (BackgroundSCMService.java:stop(131)) - Stopping ExpiredContainerReplicaOpScrubber Service.
2023-08-23 10:51:41,597 [ExpiredContainerReplicaOpScrubberThread] WARN  ExpiredContainerReplicaOpScrubber (BackgroundSCMService.java:run(115)) - ExpiredContainerReplicaOpScrubber is interrupted, exit
2023-08-23 10:51:41,597 [Time-limited test] INFO  utils.BackgroundService (BackgroundService.java:shutdown(141)) - Shutting down service SCMBlockDeletingService
2023-08-23 10:51:41,597 [Time-limited test] INFO  replication.ReplicationManager (ReplicationManager.java:stop(329)) - Replication Monitor Thread is not running.
2023-08-23 10:51:41,597 [Time-limited test] WARN  balancer.ContainerBalancer (ContainerBalancer.java:stop(326)) - Cannot stop Container Balancer because it's not running or stopping
2023-08-23 10:51:41,598 [Time-limited test] INFO  server.StorageContainerManager (StorageContainerManager.java:stop(1715)) - Stopping SCM MetadataStore.
2023-08-23 10:51:41,599 [Time-limited test] INFO  om.OzoneManager (OzoneManager.java:stop(2187)) - om1[fv-az573-639:1202]: Stopping Ozone Manager
2023-08-23 10:51:41,599 [Time-limited test] INFO  ipc.Server (Server.java:stop(3523)) - Stopping server on 1202
2023-08-23 10:51:41,599 [Time-limited test] INFO  ratis.OzoneManagerStateMachine (OzoneManagerStateMachine.java:close(534)) - StateMachine has shutdown. Shutdown OzoneManager if not already shutdown.
2023-08-23 10:51:41,599 [Time-limited test] INFO  ratis.OzoneManagerDoubleBuffer (OzoneManagerDoubleBuffer.java:stopDaemon(551)) - Stopping OMDoubleBuffer flush thread
2023-08-23 10:51:41,600 [OMDoubleBufferFlushThread] INFO  ratis.OzoneManagerDoubleBuffer (OzoneManagerDoubleBuffer.java:canFlush(638)) - OMDoubleBuffer flush thread OMDoubleBufferFlushThread is interrupted and will exit.
2023-08-23 10:51:41,600 [Time-limited test] INFO  om.OzoneManager (OzoneManager.java:stopSecretManager(1063)) - Stopping secret key client.
2023-08-23 10:51:41,600 [Time-limited test] INFO  om.OzoneManager (OzoneManager.java:stopSecretManager(1068)) - Stopping OM delegation token secret manager.
2023-08-23 10:51:41,600 [Time-limited test] INFO  rocksdiff.RocksDBCheckpointDiffer (RocksDBCheckpointDiffer.java:close(340)) - Shutting down CompactionDagPruningService.
2023-08-23 10:51:41,602 [Time-limited test] INFO  snapshot.SnapshotDiffManager (SnapshotDiffManager.java:closeExecutorService(1720)) - Shutting down executorService: 'SnapDiffExecutor'
2023-08-23 10:51:41,602 [Time-limited test] INFO  snapshot.SnapshotDiffManager (SnapshotDiffManager.java:closeExecutorService(1720)) - Shutting down executorService: 'SstDumpToolExecutor'
2023-08-23 10:51:41,602 [Time-limited test] INFO  utils.BackgroundService (BackgroundService.java:shutdown(141)) - Shutting down service SnapshotDiffCleanupService
2023-08-23 10:51:41,604 [Time-limited test] INFO  om.OzoneManager (OzoneManager.java:stop(2187)) - om1[fv-az573-639:1202]: Stopping Ozone Manager
2023-08-23 10:51:41,605 [Time-limited test] INFO  impl.DefaultInternalKdcServerImpl (DefaultInternalKdcServerImpl.java:doStop(102)) - Default Internal kdc server stopped.
2023-08-23 10:51:42,605 [Time-limited test] INFO  minikdc.MiniKdc (MiniKdc.java:stop(359)) - MiniKdc stopped.
2023-08-23 10:51:42,606 [Time-limited test] INFO  server.StorageContainerManager (StorageContainerManager.java:stop(1580)) - Storage Container Manager is not running.
2023-08-23 10:51:42,606 [Time-limited test] INFO  server.StorageContainerManager (StorageContainerManager.java:stopReplicationManager(1724)) - Stopping Replication Manager Service.
2023-08-23 10:51:42,606 [Time-limited test] INFO  replication.ReplicationManager (ReplicationManager.java:stop(329)) - Replication Monitor Thread is not running.
2023-08-23 10:51:42,606 [Time-limited test] INFO  server.SCMSecurityProtocolServer (SCMSecurityProtocolServer.java:join(560)) - Join RPC server for SCMSecurityProtocolServer.
2023-08-23 10:51:42,606 [Time-limited test] INFO  server.SCMSecurityProtocolServer (SCMSecurityProtocolServer.java:join(562)) - Join gRPC server for SCMSecurityProtocolServer.
2023-08-23 10:51:42,606 [Time-limited test] INFO  om.OzoneManager (OzoneManager.java:stop(2187)) - om1[fv-az573-639:1202]: Stopping Ozone Manager
]]></system-out>
  </testcase>
  <testcase name="testSecureOmInitializationSuccess" classname="org.apache.hadoop.ozone.TestSecureOzoneCluster" time="5.418">
    <system-out><![CDATA[2023-08-23 10:51:42,629 [Time-limited test] INFO  net.ServerSocketUtil (ServerSocketUtil.java:getPort(55)) - Using port 9860
2023-08-23 10:51:42,629 [Time-limited test] INFO  net.ServerSocketUtil (ServerSocketUtil.java:getPort(55)) - Using port 9861
2023-08-23 10:51:42,629 [Time-limited test] INFO  net.ServerSocketUtil (ServerSocketUtil.java:getPort(55)) - Using port 9863
2023-08-23 10:51:42,629 [Time-limited test] INFO  net.ServerSocketUtil (ServerSocketUtil.java:getPort(55)) - Using port 9961
2023-08-23 10:51:42,629 [Time-limited test] INFO  net.ServerSocketUtil (ServerSocketUtil.java:getPort(55)) - Using port 1200
2023-08-23 10:51:42,629 [Time-limited test] INFO  net.ServerSocketUtil (ServerSocketUtil.java:getPort(55)) - Using port 1201
2023-08-23 10:51:42,629 [Time-limited test] INFO  minikdc.MiniKdc (MiniKdc.java:<init>(225)) - Configuration:
2023-08-23 10:51:42,630 [Time-limited test] INFO  minikdc.MiniKdc (MiniKdc.java:<init>(226)) - ---------------------------------------------------------------
2023-08-23 10:51:42,630 [Time-limited test] INFO  minikdc.MiniKdc (MiniKdc.java:<init>(228)) -   debug: false
2023-08-23 10:51:42,630 [Time-limited test] INFO  minikdc.MiniKdc (MiniKdc.java:<init>(228)) -   transport: TCP
2023-08-23 10:51:42,630 [Time-limited test] INFO  minikdc.MiniKdc (MiniKdc.java:<init>(228)) -   max.ticket.lifetime: 86400000
2023-08-23 10:51:42,630 [Time-limited test] INFO  minikdc.MiniKdc (MiniKdc.java:<init>(228)) -   org.name: EXAMPLE
2023-08-23 10:51:42,630 [Time-limited test] INFO  minikdc.MiniKdc (MiniKdc.java:<init>(228)) -   kdc.port: 0
2023-08-23 10:51:42,630 [Time-limited test] INFO  minikdc.MiniKdc (MiniKdc.java:<init>(228)) -   org.domain: COM
2023-08-23 10:51:42,630 [Time-limited test] INFO  minikdc.MiniKdc (MiniKdc.java:<init>(228)) -   max.renewable.lifetime: 604800000
2023-08-23 10:51:42,630 [Time-limited test] INFO  minikdc.MiniKdc (MiniKdc.java:<init>(228)) -   instance: DefaultKrbServer
2023-08-23 10:51:42,630 [Time-limited test] INFO  minikdc.MiniKdc (MiniKdc.java:<init>(228)) -   kdc.bind.address: localhost
2023-08-23 10:51:42,630 [Time-limited test] INFO  minikdc.MiniKdc (MiniKdc.java:<init>(230)) - ---------------------------------------------------------------
2023-08-23 10:51:42,632 [Time-limited test] INFO  minikdc.MiniKdc (MiniKdc.java:start(285)) - MiniKdc started.
2023-08-23 10:51:42,997 [Time-limited test] INFO  om.OzoneManager (OzoneManager.java:getOmDetailsProto(4552)) - OzoneManager ports added:[name: "RPC"
value: 1202
]
2023-08-23 10:51:42,998 [Time-limited test] WARN  server.ServerUtils (ServerUtils.java:getScmDbDir(155)) - ozone.scm.db.dirs is not configured. We recommend adding this setting. Falling back to ozone.metadata.dirs instead.
2023-08-23 10:51:42,999 [Time-limited test] INFO  ha.HASecurityUtils (HASecurityUtils.java:initializeSecurity(98)) - Initializing secure StorageContainerManager.
2023-08-23 10:51:43,000 [Time-limited test] INFO  client.SCMCertificateClient (DefaultCertificateClient.java:updateCertSerialId(1244)) - Certificate serial ID set to null
2023-08-23 10:51:43,000 [Time-limited test] ERROR client.SCMCertificateClient (DefaultCertificateClient.java:getCertPath(362)) - Default certificate serial id is not set. Can't locate the default certificate for this client.
2023-08-23 10:51:43,000 [Time-limited test] INFO  client.SCMCertificateClient (DefaultCertificateClient.java:init(715)) - Certificate client init case: 0
2023-08-23 10:51:43,000 [Time-limited test] INFO  client.SCMCertificateClient (SCMCertificateClient.java:handleCase(103)) - Creating keypair for client as keypair and certificate not found.
2023-08-23 10:51:43,319 [Time-limited test] INFO  ha.HASecurityUtils (HASecurityUtils.java:initializeSecurity(108)) - Init response: GETCERT
2023-08-23 10:51:43,946 [Time-limited test] INFO  ozone.OzoneSecurityUtil (OzoneSecurityUtil.java:getValidInetsForCurrentHost(119)) - ip:fe80:0:0:0:20d:3aff:fe5a:f85d%eth0 not returned.
2023-08-23 10:51:43,946 [Time-limited test] INFO  ozone.OzoneSecurityUtil (OzoneSecurityUtil.java:getValidInetsForCurrentHost(116)) - Adding ip:10.1.0.17,host:fv-az573-639
2023-08-23 10:51:43,946 [Time-limited test] INFO  ozone.OzoneSecurityUtil (OzoneSecurityUtil.java:getValidInetsForCurrentHost(119)) - ip:0:0:0:0:0:0:0:1%lo not returned.
2023-08-23 10:51:43,946 [Time-limited test] INFO  ozone.OzoneSecurityUtil (OzoneSecurityUtil.java:getValidInetsForCurrentHost(119)) - ip:127.0.0.1 not returned.
2023-08-23 10:51:43,947 [Time-limited test] ERROR utils.SelfSignedCertificate (SelfSignedCertificate.java:lambda$addInetAddresses$0(244)) - Invalid domain fv-az573-639
2023-08-23 10:51:43,949 [Time-limited test] INFO  utils.SelfSignedCertificate (SelfSignedCertificate.java:generateCertificate(157)) - Certificate 1 is issued by CN=scm-1@fv-az573-639,OU=c8a0499c-fbbd-46aa-aa1f-68d9ce21f094,O=7e039b2b-50f6-4eb6-920f-5302d7d44143 to CN=scm-1@fv-az573-639,OU=c8a0499c-fbbd-46aa-aa1f-68d9ce21f094,O=7e039b2b-50f6-4eb6-920f-5302d7d44143, valid from Wed Aug 23 10:51:43 UTC 2023 to Sat Sep 30 10:51:43 UTC 2028
2023-08-23 10:51:43,950 [Time-limited test] INFO  utils.CertificateCodec (CertificateCodec.java:writeCertificate(299)) - Save certificate to /tmp/junit7590213466967171064/junit3060788508433941218/scm-meta/scm/ca/certs/certificate.crt
2023-08-23 10:51:43,950 [Time-limited test] INFO  utils.CertificateCodec (CertificateCodec.java:writeCertificate(300)) - Certificate -----BEGIN CERTIFICATE-----
MIIDpTCCAo2gAwIBAgIBATANBgkqhkiG9w0BAQsFADB7MRswGQYDVQQDDBJzY20t
MUBmdi1hejU3My02MzkxLTArBgNVBAsMJGM4YTA0OTljLWZiYmQtNDZhYS1hYTFm
LTY4ZDljZTIxZjA5NDEtMCsGA1UECgwkN2UwMzliMmItNTBmNi00ZWI2LTkyMGYt
NTMwMmQ3ZDQ0MTQzMB4XDTIzMDgyMzEwNTE0M1oXDTI4MDkzMDEwNTE0M1owezEb
MBkGA1UEAwwSc2NtLTFAZnYtYXo1NzMtNjM5MS0wKwYDVQQLDCRjOGEwNDk5Yy1m
YmJkLTQ2YWEtYWExZi02OGQ5Y2UyMWYwOTQxLTArBgNVBAoMJDdlMDM5YjJiLTUw
ZjYtNGViNi05MjBmLTUzMDJkN2Q0NDE0MzCCASIwDQYJKoZIhvcNAQEBBQADggEP
ADCCAQoCggEBAKuvYZU6gC4BJecpGhWkUQzlM+QJy3el50f/x3NU90WNCFdLlX14
UKA1LmXTHCRVvw1JMr/jngLqcfPoSSiEfrlLW6l6PiQkV2tfGZH9aC2g+BuPnSTK
vOhH4JVifh4tbIzaTcptYcJADJ9EAm3eKP93hALy2jpM4AcRuVrdYYM74VEh7osG
UKEriIYxIOHUgVyL/v9Uz1ku9nq6x1OD71VH1ZbW1LSoU7brNqGA7g+WL/12ZJU9
c1W22wwKXhWMVPrXzBQzIoIw9YvaeClkpt69FOoxEHTX8Tz51rlcllAwGRhKMIJP
G3P/qjM8Rn/J7ZqjFvY7l97OBVKs5QZd0jUCAwEAAaM0MDIwDwYDVR0TAQH/BAUw
AwEB/zAOBgNVHQ8BAf8EBAMCAQYwDwYDVR0RBAgwBocECgEAETANBgkqhkiG9w0B
AQsFAAOCAQEAdM1WlzmI2/hkJ6HvPX+k6tjzQVPVoNPTS2dDKSpqbcSLwajKzH06
hQjLo/YHZmho8rhLtXoacvLHbMnnJInALHAjartHjX1eT4uwu0Ra6m8GryaSQULn
UkbEDZmXAyjGxlqabTnqmXM8P1oq3+z8m3aa6Gh45YvSUxPw2k2V7Vy1LuyNgSxW
AQN6xGx7hMExOUn8NpcnxGaW75CD6GfEsXaKWr4q4ow+iS4mBabqDZnMnVbCEaRE
gp2nJZjOGRmk7tZ7kDgEcduYGcBy7jAGF1+2TsDJDqBZFDduuvcY9jW5V1t0KUk2
9IO9dumErHuCcdBLBfPtTa0maFscrxLkNg==
-----END CERTIFICATE-----

2023-08-23 10:51:43,951 [Time-limited test] INFO  client.SCMCertificateClient (SCMCertificateClient.java:getCSRBuilder(165)) - Creating csr for SCM->hostName:fv-az573-639,scmId:c8a0499c-fbbd-46aa-aa1f-68d9ce21f094,clusterId:7e039b2b-50f6-4eb6-920f-5302d7d44143,subject:scm-sub-1589324508268@fv-az573-639
2023-08-23 10:51:43,951 [Time-limited test] INFO  ozone.OzoneSecurityUtil (OzoneSecurityUtil.java:getValidInetsForCurrentHost(119)) - ip:fe80:0:0:0:20d:3aff:fe5a:f85d%eth0 not returned.
2023-08-23 10:51:43,951 [Time-limited test] INFO  ozone.OzoneSecurityUtil (OzoneSecurityUtil.java:getValidInetsForCurrentHost(116)) - Adding ip:10.1.0.17,host:fv-az573-639
2023-08-23 10:51:43,951 [Time-limited test] INFO  ozone.OzoneSecurityUtil (OzoneSecurityUtil.java:getValidInetsForCurrentHost(119)) - ip:0:0:0:0:0:0:0:1%lo not returned.
2023-08-23 10:51:43,951 [Time-limited test] INFO  ozone.OzoneSecurityUtil (OzoneSecurityUtil.java:getValidInetsForCurrentHost(119)) - ip:127.0.0.1 not returned.
2023-08-23 10:51:43,951 [Time-limited test] ERROR utils.CertificateSignRequest (CertificateSignRequest.java:lambda$addInetAddresses$0(295)) - Invalid domain fv-az573-639
2023-08-23 10:51:43,951 [Time-limited test] INFO  ha.HASecurityUtils (HASecurityUtils.java:generateCSR(308)) - Creating csr for SCM->hostName:fv-az573-639,scmId:c8a0499c-fbbd-46aa-aa1f-68d9ce21f094,clusterId:7e039b2b-50f6-4eb6-920f-5302d7d44143,subject:scm-sub-1589325149375@fv-az573-639
2023-08-23 10:51:43,955 [Time-limited test] INFO  authority.DefaultApprover (DefaultApprover.java:sign(154)) - Extensions in CSR: 2.5.29.19, 2.5.29.15, 2.5.29.17
2023-08-23 10:51:43,955 [Time-limited test] INFO  authority.DefaultApprover (DefaultApprover.java:sign(158)) - Extensions to add to the certificate if they present in CSR: 2.5.29.17, 2.5.29.19, 1.3.6.1.5.5.7.1.12, 2.5.29.35, 2.5.29.37, 2.5.29.15
2023-08-23 10:51:43,958 [Time-limited test] INFO  utils.CertificateCodec (CertificateCodec.java:writeCertificate(299)) - Save certificate to /tmp/junit7590213466967171064/junit3060788508433941218/scm-meta/scm/sub-ca/certs/CA-1.crt
2023-08-23 10:51:43,958 [Time-limited test] INFO  utils.CertificateCodec (CertificateCodec.java:writeCertificate(300)) - Certificate -----BEGIN CERTIFICATE-----
MIIDpTCCAo2gAwIBAgIBATANBgkqhkiG9w0BAQsFADB7MRswGQYDVQQDDBJzY20t
MUBmdi1hejU3My02MzkxLTArBgNVBAsMJGM4YTA0OTljLWZiYmQtNDZhYS1hYTFm
LTY4ZDljZTIxZjA5NDEtMCsGA1UECgwkN2UwMzliMmItNTBmNi00ZWI2LTkyMGYt
NTMwMmQ3ZDQ0MTQzMB4XDTIzMDgyMzEwNTE0M1oXDTI4MDkzMDEwNTE0M1owezEb
MBkGA1UEAwwSc2NtLTFAZnYtYXo1NzMtNjM5MS0wKwYDVQQLDCRjOGEwNDk5Yy1m
YmJkLTQ2YWEtYWExZi02OGQ5Y2UyMWYwOTQxLTArBgNVBAoMJDdlMDM5YjJiLTUw
ZjYtNGViNi05MjBmLTUzMDJkN2Q0NDE0MzCCASIwDQYJKoZIhvcNAQEBBQADggEP
ADCCAQoCggEBAKuvYZU6gC4BJecpGhWkUQzlM+QJy3el50f/x3NU90WNCFdLlX14
UKA1LmXTHCRVvw1JMr/jngLqcfPoSSiEfrlLW6l6PiQkV2tfGZH9aC2g+BuPnSTK
vOhH4JVifh4tbIzaTcptYcJADJ9EAm3eKP93hALy2jpM4AcRuVrdYYM74VEh7osG
UKEriIYxIOHUgVyL/v9Uz1ku9nq6x1OD71VH1ZbW1LSoU7brNqGA7g+WL/12ZJU9
c1W22wwKXhWMVPrXzBQzIoIw9YvaeClkpt69FOoxEHTX8Tz51rlcllAwGRhKMIJP
G3P/qjM8Rn/J7ZqjFvY7l97OBVKs5QZd0jUCAwEAAaM0MDIwDwYDVR0TAQH/BAUw
AwEB/zAOBgNVHQ8BAf8EBAMCAQYwDwYDVR0RBAgwBocECgEAETANBgkqhkiG9w0B
AQsFAAOCAQEAdM1WlzmI2/hkJ6HvPX+k6tjzQVPVoNPTS2dDKSpqbcSLwajKzH06
hQjLo/YHZmho8rhLtXoacvLHbMnnJInALHAjartHjX1eT4uwu0Ra6m8GryaSQULn
UkbEDZmXAyjGxlqabTnqmXM8P1oq3+z8m3aa6Gh45YvSUxPw2k2V7Vy1LuyNgSxW
AQN6xGx7hMExOUn8NpcnxGaW75CD6GfEsXaKWr4q4ow+iS4mBabqDZnMnVbCEaRE
gp2nJZjOGRmk7tZ7kDgEcduYGcBy7jAGF1+2TsDJDqBZFDduuvcY9jW5V1t0KUk2
9IO9dumErHuCcdBLBfPtTa0maFscrxLkNg==
-----END CERTIFICATE-----

2023-08-23 10:51:43,959 [Time-limited test] INFO  utils.CertificateCodec (CertificateCodec.java:writeCertificate(299)) - Save certificate to /tmp/junit7590213466967171064/junit3060788508433941218/scm-meta/scm/sub-ca/certs/1589328410611.crt
2023-08-23 10:51:43,959 [Time-limited test] INFO  utils.CertificateCodec (CertificateCodec.java:writeCertificate(300)) - Certificate -----BEGIN CERTIFICATE-----
MIIDuzCCAqOgAwIBAgIGAXILWvfzMA0GCSqGSIb3DQEBCwUAMHsxGzAZBgNVBAMM
EnNjbS0xQGZ2LWF6NTczLTYzOTEtMCsGA1UECwwkYzhhMDQ5OWMtZmJiZC00NmFh
LWFhMWYtNjhkOWNlMjFmMDk0MS0wKwYDVQQKDCQ3ZTAzOWIyYi01MGY2LTRlYjYt
OTIwZi01MzAyZDdkNDQxNDMwHhcNMjMwODIzMTA1MTQzWhcNMjgwOTMwMTA1MTQz
WjCBizErMCkGA1UEAwwic2NtLXN1Yi0xNTg5MzI1MTQ5Mzc1QGZ2LWF6NTczLTYz
OTEtMCsGA1UECwwkYzhhMDQ5OWMtZmJiZC00NmFhLWFhMWYtNjhkOWNlMjFmMDk0
MS0wKwYDVQQKDCQ3ZTAzOWIyYi01MGY2LTRlYjYtOTIwZi01MzAyZDdkNDQxNDMw
ggEiMA0GCSqGSIb3DQEBAQUAA4IBDwAwggEKAoIBAQDL9GsKbzeCpXtUqXxSlg5q
wYxgdmDVkDrkSKOSWaPQBCmobut2Q4BlSsAHjg8vewD+suc46HuG7KmllR1KELMz
AlanfObK4PxlZnhYTcgNNBHgBhNCu+wovaBpETc2mWmYDlmQnm4t2yUFgHPzYGMC
S9WtZVzn/33srZ+z6uFCQ/O5/zS68+KTMvKki9pDswMBXTZQwqDVQ44dp7b1M/Qp
SYeeV8r/EqYrLK/BEP+bCVkaVb+j4l97Qct2aIoWzIoDTv+XSmYAybPrba3dsORs
rdfcHXQF7n2aGl7GMxIi3Sh4IFUk5E+d2emYvyA247TtkRigBZj4H9JAeIpUJSiJ
AgMBAAGjNDAyMA8GA1UdEQQIMAaHBAoBABEwDwYDVR0TAQH/BAUwAwEB/zAOBgNV
HQ8BAf8EBAMCAb4wDQYJKoZIhvcNAQELBQADggEBAJb4EzzTFQeHg/JDjo7NW1qM
SR4YX1c6Qx+v6NQo8Wh1PJYSJ8P0+dqDx9ukFxcM61ohVuMqxiKEE3+lemtEXezP
kJ6Itk6TFKUE062jZhU2yf+p4xz1ddhrCLrAi6Jck62fCBMOFyRZhPGUCQdpuwql
KaJFkOt1NaTau5ODY1K4QENCRsmNTNT9+AN/fxGz7HPc5237x9erAgiNbKLNMApc
fxdcsR5vQhLbnRENKvkXHmq6fAglYiYm5pKIOqdEJI4WO+HP8ZNcMBeRHsVjZZDG
9J96EONzkC08lau49b1EEkdniH09nfFxTfA5xagzg8nL08ZjMx+UStfiJv96kDo=
-----END CERTIFICATE-----

-----BEGIN CERTIFICATE-----
MIIDpTCCAo2gAwIBAgIBATANBgkqhkiG9w0BAQsFADB7MRswGQYDVQQDDBJzY20t
MUBmdi1hejU3My02MzkxLTArBgNVBAsMJGM4YTA0OTljLWZiYmQtNDZhYS1hYTFm
LTY4ZDljZTIxZjA5NDEtMCsGA1UECgwkN2UwMzliMmItNTBmNi00ZWI2LTkyMGYt
NTMwMmQ3ZDQ0MTQzMB4XDTIzMDgyMzEwNTE0M1oXDTI4MDkzMDEwNTE0M1owezEb
MBkGA1UEAwwSc2NtLTFAZnYtYXo1NzMtNjM5MS0wKwYDVQQLDCRjOGEwNDk5Yy1m
YmJkLTQ2YWEtYWExZi02OGQ5Y2UyMWYwOTQxLTArBgNVBAoMJDdlMDM5YjJiLTUw
ZjYtNGViNi05MjBmLTUzMDJkN2Q0NDE0MzCCASIwDQYJKoZIhvcNAQEBBQADggEP
ADCCAQoCggEBAKuvYZU6gC4BJecpGhWkUQzlM+QJy3el50f/x3NU90WNCFdLlX14
UKA1LmXTHCRVvw1JMr/jngLqcfPoSSiEfrlLW6l6PiQkV2tfGZH9aC2g+BuPnSTK
vOhH4JVifh4tbIzaTcptYcJADJ9EAm3eKP93hALy2jpM4AcRuVrdYYM74VEh7osG
UKEriIYxIOHUgVyL/v9Uz1ku9nq6x1OD71VH1ZbW1LSoU7brNqGA7g+WL/12ZJU9
c1W22wwKXhWMVPrXzBQzIoIw9YvaeClkpt69FOoxEHTX8Tz51rlcllAwGRhKMIJP
G3P/qjM8Rn/J7ZqjFvY7l97OBVKs5QZd0jUCAwEAAaM0MDIwDwYDVR0TAQH/BAUw
AwEB/zAOBgNVHQ8BAf8EBAMCAQYwDwYDVR0RBAgwBocECgEAETANBgkqhkiG9w0B
AQsFAAOCAQEAdM1WlzmI2/hkJ6HvPX+k6tjzQVPVoNPTS2dDKSpqbcSLwajKzH06
hQjLo/YHZmho8rhLtXoacvLHbMnnJInALHAjartHjX1eT4uwu0Ra6m8GryaSQULn
UkbEDZmXAyjGxlqabTnqmXM8P1oq3+z8m3aa6Gh45YvSUxPw2k2V7Vy1LuyNgSxW
AQN6xGx7hMExOUn8NpcnxGaW75CD6GfEsXaKWr4q4ow+iS4mBabqDZnMnVbCEaRE
gp2nJZjOGRmk7tZ7kDgEcduYGcBy7jAGF1+2TsDJDqBZFDduuvcY9jW5V1t0KUk2
9IO9dumErHuCcdBLBfPtTa0maFscrxLkNg==
-----END CERTIFICATE-----

2023-08-23 10:51:43,959 [Time-limited test] INFO  utils.CertificateCodec (CertificateCodec.java:writeCertificate(299)) - Save certificate to /tmp/junit7590213466967171064/junit3060788508433941218/scm-meta/scm/sub-ca/certs/certificate.crt
2023-08-23 10:51:43,959 [Time-limited test] INFO  utils.CertificateCodec (CertificateCodec.java:writeCertificate(300)) - Certificate -----BEGIN CERTIFICATE-----
MIIDuzCCAqOgAwIBAgIGAXILWvfzMA0GCSqGSIb3DQEBCwUAMHsxGzAZBgNVBAMM
EnNjbS0xQGZ2LWF6NTczLTYzOTEtMCsGA1UECwwkYzhhMDQ5OWMtZmJiZC00NmFh
LWFhMWYtNjhkOWNlMjFmMDk0MS0wKwYDVQQKDCQ3ZTAzOWIyYi01MGY2LTRlYjYt
OTIwZi01MzAyZDdkNDQxNDMwHhcNMjMwODIzMTA1MTQzWhcNMjgwOTMwMTA1MTQz
WjCBizErMCkGA1UEAwwic2NtLXN1Yi0xNTg5MzI1MTQ5Mzc1QGZ2LWF6NTczLTYz
OTEtMCsGA1UECwwkYzhhMDQ5OWMtZmJiZC00NmFhLWFhMWYtNjhkOWNlMjFmMDk0
MS0wKwYDVQQKDCQ3ZTAzOWIyYi01MGY2LTRlYjYtOTIwZi01MzAyZDdkNDQxNDMw
ggEiMA0GCSqGSIb3DQEBAQUAA4IBDwAwggEKAoIBAQDL9GsKbzeCpXtUqXxSlg5q
wYxgdmDVkDrkSKOSWaPQBCmobut2Q4BlSsAHjg8vewD+suc46HuG7KmllR1KELMz
AlanfObK4PxlZnhYTcgNNBHgBhNCu+wovaBpETc2mWmYDlmQnm4t2yUFgHPzYGMC
S9WtZVzn/33srZ+z6uFCQ/O5/zS68+KTMvKki9pDswMBXTZQwqDVQ44dp7b1M/Qp
SYeeV8r/EqYrLK/BEP+bCVkaVb+j4l97Qct2aIoWzIoDTv+XSmYAybPrba3dsORs
rdfcHXQF7n2aGl7GMxIi3Sh4IFUk5E+d2emYvyA247TtkRigBZj4H9JAeIpUJSiJ
AgMBAAGjNDAyMA8GA1UdEQQIMAaHBAoBABEwDwYDVR0TAQH/BAUwAwEB/zAOBgNV
HQ8BAf8EBAMCAb4wDQYJKoZIhvcNAQELBQADggEBAJb4EzzTFQeHg/JDjo7NW1qM
SR4YX1c6Qx+v6NQo8Wh1PJYSJ8P0+dqDx9ukFxcM61ohVuMqxiKEE3+lemtEXezP
kJ6Itk6TFKUE062jZhU2yf+p4xz1ddhrCLrAi6Jck62fCBMOFyRZhPGUCQdpuwql
KaJFkOt1NaTau5ODY1K4QENCRsmNTNT9+AN/fxGz7HPc5237x9erAgiNbKLNMApc
fxdcsR5vQhLbnRENKvkXHmq6fAglYiYm5pKIOqdEJI4WO+HP8ZNcMBeRHsVjZZDG
9J96EONzkC08lau49b1EEkdniH09nfFxTfA5xagzg8nL08ZjMx+UStfiJv96kDo=
-----END CERTIFICATE-----

-----BEGIN CERTIFICATE-----
MIIDpTCCAo2gAwIBAgIBATANBgkqhkiG9w0BAQsFADB7MRswGQYDVQQDDBJzY20t
MUBmdi1hejU3My02MzkxLTArBgNVBAsMJGM4YTA0OTljLWZiYmQtNDZhYS1hYTFm
LTY4ZDljZTIxZjA5NDEtMCsGA1UECgwkN2UwMzliMmItNTBmNi00ZWI2LTkyMGYt
NTMwMmQ3ZDQ0MTQzMB4XDTIzMDgyMzEwNTE0M1oXDTI4MDkzMDEwNTE0M1owezEb
MBkGA1UEAwwSc2NtLTFAZnYtYXo1NzMtNjM5MS0wKwYDVQQLDCRjOGEwNDk5Yy1m
YmJkLTQ2YWEtYWExZi02OGQ5Y2UyMWYwOTQxLTArBgNVBAoMJDdlMDM5YjJiLTUw
ZjYtNGViNi05MjBmLTUzMDJkN2Q0NDE0MzCCASIwDQYJKoZIhvcNAQEBBQADggEP
ADCCAQoCggEBAKuvYZU6gC4BJecpGhWkUQzlM+QJy3el50f/x3NU90WNCFdLlX14
UKA1LmXTHCRVvw1JMr/jngLqcfPoSSiEfrlLW6l6PiQkV2tfGZH9aC2g+BuPnSTK
vOhH4JVifh4tbIzaTcptYcJADJ9EAm3eKP93hALy2jpM4AcRuVrdYYM74VEh7osG
UKEriIYxIOHUgVyL/v9Uz1ku9nq6x1OD71VH1ZbW1LSoU7brNqGA7g+WL/12ZJU9
c1W22wwKXhWMVPrXzBQzIoIw9YvaeClkpt69FOoxEHTX8Tz51rlcllAwGRhKMIJP
G3P/qjM8Rn/J7ZqjFvY7l97OBVKs5QZd0jUCAwEAAaM0MDIwDwYDVR0TAQH/BAUw
AwEB/zAOBgNVHQ8BAf8EBAMCAQYwDwYDVR0RBAgwBocECgEAETANBgkqhkiG9w0B
AQsFAAOCAQEAdM1WlzmI2/hkJ6HvPX+k6tjzQVPVoNPTS2dDKSpqbcSLwajKzH06
hQjLo/YHZmho8rhLtXoacvLHbMnnJInALHAjartHjX1eT4uwu0Ra6m8GryaSQULn
UkbEDZmXAyjGxlqabTnqmXM8P1oq3+z8m3aa6Gh45YvSUxPw2k2V7Vy1LuyNgSxW
AQN6xGx7hMExOUn8NpcnxGaW75CD6GfEsXaKWr4q4ow+iS4mBabqDZnMnVbCEaRE
gp2nJZjOGRmk7tZ7kDgEcduYGcBy7jAGF1+2TsDJDqBZFDduuvcY9jW5V1t0KUk2
9IO9dumErHuCcdBLBfPtTa0maFscrxLkNg==
-----END CERTIFICATE-----

2023-08-23 10:51:43,960 [Time-limited test] INFO  ha.HASecurityUtils (HASecurityUtils.java:initializeSecurity(121)) - Successfully stored SCM signed certificate.
2023-08-23 10:51:43,961 [Time-limited test] WARN  server.ServerUtils (ServerUtils.java:getScmDbDir(155)) - ozone.scm.db.dirs is not configured. We recommend adding this setting. Falling back to ozone.metadata.dirs instead.
2023-08-23 10:51:43,962 [Time-limited test] INFO  ha.SCMHANodeDetails (SCMHANodeDetails.java:loadSCMHAConfig(210)) - ServiceID for StorageContainerManager is null
2023-08-23 10:51:43,962 [Time-limited test] INFO  ha.SCMHANodeDetails (SCMHANodeDetails.java:loadSCMHAConfig(215)) - ozone.scm.default.service.id is not defined, falling back to ozone.scm.service.ids to find serviceID for StorageContainerManager if it is HA enabled cluster
2023-08-23 10:51:43,972 [pool-267-thread-1] INFO  request.KdcRequest (KdcRequest.java:preauth(651)) - The preauth data is empty.
2023-08-23 10:51:43,977 [pool-267-thread-1] INFO  server.KdcHandler (KdcHandler.java:handleRecoverableException(177)) - KRB error occurred while processing request:Additional pre-authentication required
2023-08-23 10:51:43,981 [pool-267-thread-1] INFO  request.AsRequest (AsRequest.java:issueTicket(112)) - AS_REQ ISSUE: authtime 1692787903980,scm/fv-az573-639@EXAMPLE.COM for krbtgt/EXAMPLE.COM@EXAMPLE.COM
2023-08-23 10:51:43,982 [Time-limited test] INFO  security.UserGroupInformation (UserGroupInformation.java:loginUserFromKeytab(1132)) - Login successful for user scm/fv-az573-639@EXAMPLE.COM using keytab file scm.keytab. Keytab auto renewal enabled : false
2023-08-23 10:51:43,982 [Time-limited test] INFO  server.StorageContainerManager (StorageContainerManager.java:loginAsSCMUserIfSecurityEnabled(1042)) - SCM login successful.
2023-08-23 10:51:43,984 [Time-limited test] INFO  client.SCMCertificateClient (DefaultCertificateClient.java:updateCertSerialId(1244)) - Certificate serial ID set to 1589328410611
2023-08-23 10:51:43,985 [Time-limited test] INFO  client.SCMCertificateClient (DefaultCertificateClient.java:readCertificateFile(237)) - Added certificate   [0]         Version: 3
         SerialNumber: 1589328410611
             IssuerDN: CN=scm-1@fv-az573-639,OU=c8a0499c-fbbd-46aa-aa1f-68d9ce21f094,O=7e039b2b-50f6-4eb6-920f-5302d7d44143
           Start Date: Wed Aug 23 10:51:43 UTC 2023
           Final Date: Sat Sep 30 10:51:43 UTC 2028
            SubjectDN: CN=scm-sub-1589325149375@fv-az573-639,OU=c8a0499c-fbbd-46aa-aa1f-68d9ce21f094,O=7e039b2b-50f6-4eb6-920f-5302d7d44143
           Public Key: RSA Public Key [6d:05:d5:a5:fe:33:ca:a6:ae:33:f9:38:fe:10:ad:75:aa:19:25:98],[56:66:d1:a4]
        modulus: cbf46b0a6f3782a57b54a97c52960e6ac18c607660d5903ae448a39259a3d00429a86eeb764380654ac0078e0f2f7b00feb2e738e87b86eca9a5951d4a10b3330256a77ce6cae0fc656678584dc80d3411e0061342bbec28bda0691137369969980e59909e6e2ddb25058073f36063024bd5ad655ce7ff7decad9fb3eae14243f3b9ff34baf3e29332f2a48bda43b303015d3650c2a0d5438e1da7b6f533f42949879e57caff12a62b2cafc110ff9b09591a55bfa3e25f7b41cb76688a16cc8a034eff974a6600c9b3eb6dadddb0e46cadd7dc1d7405ee7d9a1a5ec6331222dd2878205524e44f9dd9e998bf2036e3b4ed9118a00598f81fd240788a54252889
public exponent: 10001

  Signature Algorithm: SHA256WITHRSA
            Signature: 96f8133cd315078783f2438e8ecd5b5a8c491e18
                       5f573a431fafe8d428f168753c961227c3f4f9da
                       83c7dba417170ceb5a2156e32ac62284137fa57a
                       6b445deccf909e88b64e9314a504d3ada3661536
                       c9ffa9e31cf575d86b08bac08ba25c93ad9f0813
                       0e17245984f194090769bb0aa529a24590eb7535
                       a4dabb93836352b840434246c98d4cd4fdf8037f
                       7f11b3ec73dce76dfbc7d7ab02088d6ca2cd300a
                       5c7f175cb11e6f4212db9d110d2af9171e6aba7c
                       0825622626e692883aa744248e163be1cff1935c
                       3017911ec5636590c6f49f7a10e373902d3c95ab
                       b8f5bd44124767887d3d9df1714df039c5a83383
                       c9cbd3c663331f944ad7e226ff7a903a
       Extensions: 
                       critical(false) 2.5.29.17 value = Sequence
    Tagged [7] IMPLICIT 
        DER Octet String[4] 

                       critical(true) BasicConstraints: isCa(true)
                       critical(true) KeyUsage: 0xbe
 from file: /tmp/junit7590213466967171064/junit3060788508433941218/scm-meta/scm/sub-ca/certs/1589328410611.crt.
2023-08-23 10:51:43,986 [Time-limited test] INFO  client.SCMCertificateClient (DefaultCertificateClient.java:readCertificateFile(237)) - Added certificate   [0]         Version: 3
         SerialNumber: 1
             IssuerDN: CN=scm-1@fv-az573-639,OU=c8a0499c-fbbd-46aa-aa1f-68d9ce21f094,O=7e039b2b-50f6-4eb6-920f-5302d7d44143
           Start Date: Wed Aug 23 10:51:43 UTC 2023
           Final Date: Sat Sep 30 10:51:43 UTC 2028
            SubjectDN: CN=scm-1@fv-az573-639,OU=c8a0499c-fbbd-46aa-aa1f-68d9ce21f094,O=7e039b2b-50f6-4eb6-920f-5302d7d44143
           Public Key: RSA Public Key [0d:84:75:fe:b7:21:84:38:25:d5:ce:89:e7:db:2d:93:dc:16:b6:f8],[56:66:d1:a4]
        modulus: abaf61953a802e0125e7291a15a4510ce533e409cb77a5e747ffc77354f7458d08574b957d7850a0352e65d31c2455bf0d4932bfe39e02ea71f3e84928847eb94b5ba97a3e2424576b5f1991fd682da0f81b8f9d24cabce847e095627e1e2d6c8cda4dca6d61c2400c9f44026dde28ff778402f2da3a4ce00711b95add61833be15121ee8b0650a12b88863120e1d4815c8bfeff54cf592ef67abac75383ef5547d596d6d4b4a853b6eb36a180ee0f962ffd7664953d7355b6db0c0a5e158c54fad7cc1433228230f58bda782964a6debd14ea311074d7f13cf9d6b95c96503019184a30824f1b73ffaa333c467fc9ed9aa316f63b97dece0552ace5065dd235
public exponent: 10001

  Signature Algorithm: SHA256WITHRSA
            Signature: 74cd56973988dbf86427a1ef3d7fa4ead8f34153
                       d5a0d3d34b6743292a6a6dc48bc1a8cacc7d3a85
                       08cba3f607666868f2b84bb57a1a72f2c76cc9e7
                       2489c02c70236abb478d7d5e4f8bb0bb445aea6f
                       06af26924142e75246c40d99970328c6c65a9a6d
                       39ea99733c3f5a2adfecfc9b769ae86878e58bd2
                       5313f0da4d95ed5cb52eec8d812c5601037ac46c
                       7b84c1313949fc369727c46696ef9083e867c4b1
                       768a5abe2ae28c3e892e2605a6ea0d99cc9d56c2
                       11a444829da72598ce1919a4eed67b90380471db
                       9819c072ee3006175fb64ec0c90ea05914376eba
                       f718f635b9575b74294936f483bd76e984ac7b82
                       71d04b05f3ed4dad26685b1caf12e436
       Extensions: 
                       critical(true) BasicConstraints: isCa(true)
                       critical(true) KeyUsage: 0x6
                       critical(false) 2.5.29.17 value = Sequence
    Tagged [7] IMPLICIT 
        DER Octet String[4] 

 from file: /tmp/junit7590213466967171064/junit3060788508433941218/scm-meta/scm/sub-ca/certs/CA-1.crt.
2023-08-23 10:51:43,987 [Time-limited test] INFO  client.SCMCertificateClient (DefaultCertificateClient.java:readCertificateFile(237)) - Added certificate   [0]         Version: 3
         SerialNumber: 1589328410611
             IssuerDN: CN=scm-1@fv-az573-639,OU=c8a0499c-fbbd-46aa-aa1f-68d9ce21f094,O=7e039b2b-50f6-4eb6-920f-5302d7d44143
           Start Date: Wed Aug 23 10:51:43 UTC 2023
           Final Date: Sat Sep 30 10:51:43 UTC 2028
            SubjectDN: CN=scm-sub-1589325149375@fv-az573-639,OU=c8a0499c-fbbd-46aa-aa1f-68d9ce21f094,O=7e039b2b-50f6-4eb6-920f-5302d7d44143
           Public Key: RSA Public Key [6d:05:d5:a5:fe:33:ca:a6:ae:33:f9:38:fe:10:ad:75:aa:19:25:98],[56:66:d1:a4]
        modulus: cbf46b0a6f3782a57b54a97c52960e6ac18c607660d5903ae448a39259a3d00429a86eeb764380654ac0078e0f2f7b00feb2e738e87b86eca9a5951d4a10b3330256a77ce6cae0fc656678584dc80d3411e0061342bbec28bda0691137369969980e59909e6e2ddb25058073f36063024bd5ad655ce7ff7decad9fb3eae14243f3b9ff34baf3e29332f2a48bda43b303015d3650c2a0d5438e1da7b6f533f42949879e57caff12a62b2cafc110ff9b09591a55bfa3e25f7b41cb76688a16cc8a034eff974a6600c9b3eb6dadddb0e46cadd7dc1d7405ee7d9a1a5ec6331222dd2878205524e44f9dd9e998bf2036e3b4ed9118a00598f81fd240788a54252889
public exponent: 10001

  Signature Algorithm: SHA256WITHRSA
            Signature: 96f8133cd315078783f2438e8ecd5b5a8c491e18
                       5f573a431fafe8d428f168753c961227c3f4f9da
                       83c7dba417170ceb5a2156e32ac62284137fa57a
                       6b445deccf909e88b64e9314a504d3ada3661536
                       c9ffa9e31cf575d86b08bac08ba25c93ad9f0813
                       0e17245984f194090769bb0aa529a24590eb7535
                       a4dabb93836352b840434246c98d4cd4fdf8037f
                       7f11b3ec73dce76dfbc7d7ab02088d6ca2cd300a
                       5c7f175cb11e6f4212db9d110d2af9171e6aba7c
                       0825622626e692883aa744248e163be1cff1935c
                       3017911ec5636590c6f49f7a10e373902d3c95ab
                       b8f5bd44124767887d3d9df1714df039c5a83383
                       c9cbd3c663331f944ad7e226ff7a903a
       Extensions: 
                       critical(false) 2.5.29.17 value = Sequence
    Tagged [7] IMPLICIT 
        DER Octet String[4] 

                       critical(true) BasicConstraints: isCa(true)
                       critical(true) KeyUsage: 0xbe
 from file: /tmp/junit7590213466967171064/junit3060788508433941218/scm-meta/scm/sub-ca/certs/certificate.crt.
2023-08-23 10:51:43,987 [Time-limited test] INFO  client.SCMCertificateClient (DefaultCertificateClient.java:loadAllCertificates(191)) - CertificateRenewerService and root ca rotation polling is disabled for scm/sub-ca
2023-08-23 10:51:43,987 [Time-limited test] WARN  utils.HAUtils (HAUtils.java:getMetaDir(339)) - ozone.scm.db.dirs is not configured. We recommend adding this setting. Falling back to ozone.metadata.dirs instead.
2023-08-23 10:51:43,988 [Time-limited test] WARN  db.DBStoreBuilder (DBStoreBuilder.java:applyDBDefinition(166)) - ozone.scm.db.dirs is not configured. We recommend adding this setting. Falling back to ozone.metadata.dirs instead.
2023-08-23 10:51:44,093 [Time-limited test] INFO  net.NodeSchemaLoader (NodeSchemaLoader.java:loadSchemaFromFile(129)) - Loading schema from [jar:file:/home/runner/.m2/repository/org/apache/ozone/hdds-common/1.4.0-SNAPSHOT/hdds-common-1.4.0-SNAPSHOT.jar!/network-topology-default.xml]
2023-08-23 10:51:44,093 [Time-limited test] INFO  net.NodeSchemaLoader (NodeSchemaLoader.java:loadSchema(176)) - Loading network topology layer schema file
2023-08-23 10:51:44,096 [Time-limited test] INFO  upgrade.AbstractLayoutVersionManager (AbstractLayoutVersionManager.java:init(83)) - Initializing Layout version manager with metadata layout = HADOOP_PRC_PORTS_IN_DATANODEDETAILS (version = 7), software layout = HADOOP_PRC_PORTS_IN_DATANODEDETAILS (version = 7)
2023-08-23 10:51:44,097 [Time-limited test] INFO  ha.SequenceIdGenerator (SequenceIdGenerator.java:upgradeToSequenceId(365)) - upgrade localId to 111677748019200000
2023-08-23 10:51:44,098 [Time-limited test] INFO  ha.SequenceIdGenerator (SequenceIdGenerator.java:upgradeToSequenceId(375)) - upgrade delTxnId to 0
2023-08-23 10:51:44,099 [Time-limited test] INFO  ha.SequenceIdGenerator (SequenceIdGenerator.java:upgradeToSequenceId(392)) - upgrade containerId to 0
2023-08-23 10:51:44,100 [Time-limited test] INFO  ha.SequenceIdGenerator (SequenceIdGenerator.java:upgradeToSequenceId(428)) - upgrade rootCertificateId to 1
2023-08-23 10:51:44,100 [Time-limited test] INFO  ha.SequenceIdGenerator (SequenceIdGenerator.java:<init>(236)) - Init the HA SequenceIdGenerator.
2023-08-23 10:51:44,100 [Time-limited test] INFO  node.SCMNodeManager (SCMNodeManager.java:<init>(157)) - Entering startup safe mode.
2023-08-23 10:51:44,101 [Time-limited test] INFO  algorithms.ContainerPlacementPolicyFactory (ContainerPlacementPolicyFactory.java:getPolicyInternal(86)) - Create container placement policy of type org.apache.hadoop.hdds.scm.container.placement.algorithms.SCMContainerPlacementRackAware
2023-08-23 10:51:44,101 [Time-limited test] INFO  algorithms.ContainerPlacementPolicyFactory (ContainerPlacementPolicyFactory.java:getPolicyInternal(86)) - Create container placement policy of type org.apache.hadoop.hdds.scm.container.placement.algorithms.SCMContainerPlacementRackScatter
2023-08-23 10:51:44,101 [Time-limited test] INFO  pipeline.PipelineStateManagerImpl (PipelineStateManagerImpl.java:initialize(78)) - No pipeline exists in current db
2023-08-23 10:51:44,101 [Time-limited test] INFO  algorithms.LeaderChoosePolicyFactory (LeaderChoosePolicyFactory.java:getPolicy(57)) - Create leader choose policy of type org.apache.hadoop.hdds.scm.pipeline.leader.choose.algorithms.MinLeaderCountChoosePolicy
2023-08-23 10:51:44,101 [Time-limited test] INFO  algorithms.ContainerPlacementPolicyFactory (ContainerPlacementPolicyFactory.java:getPolicyInternal(86)) - Create container placement policy of type org.apache.hadoop.hdds.scm.container.placement.algorithms.SCMContainerPlacementRackScatter
2023-08-23 10:51:44,102 [Time-limited test] INFO  ha.SCMServiceManager (SCMServiceManager.java:register(42)) - Registering service BackgroundPipelineCreator.
2023-08-23 10:51:44,102 [Time-limited test] INFO  pipeline.BackgroundPipelineCreator (BackgroundPipelineCreator.java:start(124)) - Starting RatisPipelineUtilsThread.
2023-08-23 10:51:44,102 [Time-limited test] INFO  BackgroundPipelineScrubber (BackgroundSCMService.java:start(68)) - Starting BackgroundPipelineScrubber Service.
2023-08-23 10:51:44,103 [Time-limited test] INFO  ha.SCMServiceManager (SCMServiceManager.java:register(42)) - Registering service BackgroundPipelineScrubber.
2023-08-23 10:51:44,103 [Time-limited test] INFO  ExpiredContainerReplicaOpScrubber (BackgroundSCMService.java:start(68)) - Starting ExpiredContainerReplicaOpScrubber Service.
2023-08-23 10:51:44,103 [Time-limited test] INFO  ha.SCMServiceManager (SCMServiceManager.java:register(42)) - Registering service ExpiredContainerReplicaOpScrubber.
2023-08-23 10:51:44,104 [Time-limited test] INFO  algorithms.PipelineChoosePolicyFactory (PipelineChoosePolicyFactory.java:createPipelineChoosePolicyFromClass(78)) - Create pipeline choose policy of type org.apache.hadoop.hdds.scm.pipeline.choose.algorithms.RandomPipelineChoosePolicy
2023-08-23 10:51:44,104 [Time-limited test] INFO  algorithms.PipelineChoosePolicyFactory (PipelineChoosePolicyFactory.java:createPipelineChoosePolicyFromClass(78)) - Create pipeline choose policy of type org.apache.hadoop.hdds.scm.pipeline.choose.algorithms.RandomPipelineChoosePolicy
2023-08-23 10:51:44,104 [Time-limited test] INFO  ha.SCMServiceManager (SCMServiceManager.java:register(42)) - Registering service SCMBlockDeletingService.
2023-08-23 10:51:44,106 [Time-limited test] INFO  replication.ReplicationManager (ReplicationManager.java:start(287)) - Starting Replication Monitor Thread.
2023-08-23 10:51:44,109 [Time-limited test] INFO  ha.SCMServiceManager (SCMServiceManager.java:register(42)) - Registering service ReplicationManager.
2023-08-23 10:51:44,110 [Time-limited test] INFO  safemode.ContainerSafeModeRule (ContainerSafeModeRule.java:<init>(90)) - containers with one replica threshold count 0
2023-08-23 10:51:44,110 [Time-limited test] INFO  safemode.HealthyPipelineSafeModeRule (HealthyPipelineSafeModeRule.java:initializeRule(169)) - Total pipeline count is 0, healthy pipeline threshold count is 0
2023-08-23 10:51:44,110 [Time-limited test] INFO  safemode.OneReplicaPipelineSafeModeRule (OneReplicaPipelineSafeModeRule.java:initializeRule(180)) - Total pipeline count is 0, pipeline's with at least one datanode reported threshold count is 0
2023-08-23 10:51:44,111 [Time-limited test] INFO  authority.DefaultCAServer (DefaultCAServer.java:lambda$processVerificationStatus$0(472)) - CertificateServer validation is successful
2023-08-23 10:51:44,112 [ReplicationMonitor] INFO  replication.ReplicationManager (ReplicationManager.java:processAll(361)) - Replication Manager is not ready to run until 300000ms after safemode exit
2023-08-23 10:51:44,113 [Time-limited test] INFO  authority.DefaultCAServer (DefaultCAServer.java:lambda$processVerificationStatus$0(472)) - CertificateServer validation is successful
2023-08-23 10:51:44,113 [Time-limited test] INFO  server.StorageContainerManager (StorageContainerManager.java:persistPrimarySCMCerts(932)) - Storing sub-ca certificate serialId 1589328410611 on primary SCM
2023-08-23 10:51:44,114 [Time-limited test] INFO  server.SCMCertStore (SCMCertStore.java:storeValidScmCertificate(122)) - Scm certificate 1589328410611 for CN=scm-sub-1589325149375@fv-az573-639,OU=c8a0499c-fbbd-46aa-aa1f-68d9ce21f094,O=7e039b2b-50f6-4eb6-920f-5302d7d44143 is stored
2023-08-23 10:51:44,114 [Time-limited test] INFO  server.StorageContainerManager (StorageContainerManager.java:persistPrimarySCMCerts(940)) - Storing root certificate serialId 1
2023-08-23 10:51:44,123 [Time-limited test] INFO  server.SCMCertStore (SCMCertStore.java:storeValidScmCertificate(122)) - Scm certificate 1 for CN=scm-1@fv-az573-639,OU=c8a0499c-fbbd-46aa-aa1f-68d9ce21f094,O=7e039b2b-50f6-4eb6-920f-5302d7d44143 is stored
2023-08-23 10:51:44,123 [Time-limited test] INFO  ipc.CallQueueManager (CallQueueManager.java:<init>(90)) - Using callQueue: class java.util.concurrent.LinkedBlockingQueue, queueCapacity: 200, scheduler: class org.apache.hadoop.ipc.DefaultRpcScheduler, ipcBackoff: false.
2023-08-23 10:51:44,124 [Time-limited test] INFO  ipc.Server (Server.java:<init>(1287)) - Listener at 0.0.0.0:9961
2023-08-23 10:51:44,126 [Socket Reader #1 for port 9961] INFO  ipc.Server (Server.java:run(1323)) - Starting Socket Reader #1 for port 9961
2023-08-23 10:51:44,128 [Time-limited test] INFO  server.StorageContainerManager (StorageContainerManager.java:<init>(425)) - SCM start with adminUsers: [om/fv-az573-639@EXAMPLE.COM, scm]
2023-08-23 10:51:44,128 [Time-limited test] INFO  ipc.CallQueueManager (CallQueueManager.java:<init>(90)) - Using callQueue: class java.util.concurrent.LinkedBlockingQueue, queueCapacity: 10000, scheduler: class org.apache.hadoop.ipc.DefaultRpcScheduler, ipcBackoff: false.
2023-08-23 10:51:44,128 [Time-limited test] INFO  ipc.Server (Server.java:<init>(1287)) - Listener at 0.0.0.0:9861
2023-08-23 10:51:44,128 [Socket Reader #1 for port 9861] INFO  ipc.Server (Server.java:run(1323)) - Starting Socket Reader #1 for port 9861
2023-08-23 10:51:44,129 [Time-limited test] INFO  ipc.CallQueueManager (CallQueueManager.java:<init>(90)) - Using callQueue: class java.util.concurrent.LinkedBlockingQueue, queueCapacity: 10000, scheduler: class org.apache.hadoop.ipc.DefaultRpcScheduler, ipcBackoff: false.
2023-08-23 10:51:44,129 [Time-limited test] INFO  ipc.Server (Server.java:<init>(1287)) - Listener at 0.0.0.0:9863
2023-08-23 10:51:44,130 [Socket Reader #1 for port 9863] INFO  ipc.Server (Server.java:run(1323)) - Starting Socket Reader #1 for port 9863
2023-08-23 10:51:44,131 [Time-limited test] INFO  ipc.CallQueueManager (CallQueueManager.java:<init>(90)) - Using callQueue: class java.util.concurrent.LinkedBlockingQueue, queueCapacity: 10000, scheduler: class org.apache.hadoop.ipc.DefaultRpcScheduler, ipcBackoff: false.
2023-08-23 10:51:44,131 [Time-limited test] INFO  ipc.Server (Server.java:<init>(1287)) - Listener at 0.0.0.0:9860
2023-08-23 10:51:44,131 [Socket Reader #1 for port 9860] INFO  ipc.Server (Server.java:run(1323)) - Starting Socket Reader #1 for port 9860
2023-08-23 10:51:44,135 [Time-limited test] INFO  ha.SCMServiceManager (SCMServiceManager.java:register(42)) - Registering service ContainerBalancer.
2023-08-23 10:51:44,135 [Time-limited test] INFO  server.StorageContainerManager (StorageContainerManager.java:<init>(438)) - 
Container Balancer status:
Key                            Value
Running                        false
Container Balancer Configuration values:
Key                                                Value
Threshold                                          10
Max Datanodes to Involve per Iteration(percent)    20
Max Size to Move per Iteration                     500GB
Max Size Entering Target per Iteration             26GB
Max Size Leaving Source per Iteration              26GB

2023-08-23 10:51:44,135 [Time-limited test] INFO  ha.SCMContext (SCMContext.java:updateSafeModeStatus(228)) - Update SafeModeStatus from SafeModeStatus{safeModeStatus=true, preCheckPassed=false} to SafeModeStatus{safeModeStatus=true, preCheckPassed=false}.
2023-08-23 10:51:44,136 [Time-limited test] WARN  server.ServerUtils (ServerUtils.java:getDBPath(311)) - ozone.om.db.dirs is not configured. We recommend adding this setting. Falling back to ozone.metadata.dirs instead.
2023-08-23 10:51:44,138 [Time-limited test] INFO  ha.OMHANodeDetails (OMHANodeDetails.java:loadOMHAConfig(115)) - ozone.om.internal.service.id is not defined, falling back to ozone.om.service.ids to find serviceID for OzoneManager if it is HA enabled cluster
2023-08-23 10:51:44,138 [Time-limited test] INFO  ha.OMHANodeDetails (OMHANodeDetails.java:loadOMHAConfig(226)) - Configuration does not have ozone.om.address set. Falling back to the default OM address fv-az573-639/10.1.0.17:1202
2023-08-23 10:51:44,138 [Time-limited test] INFO  ha.OMHANodeDetails (OMHANodeDetails.java:getOMNodeDetailsForNonHA(254)) - OM Service ID is not set. Setting it to the default ID: omServiceIdDefault
2023-08-23 10:51:44,139 [Time-limited test] INFO  ha.OMHANodeDetails (OMHANodeDetails.java:getOMNodeDetailsForNonHA(261)) - OM Node ID is not set. Setting it to the default ID: om1
2023-08-23 10:51:44,139 [Time-limited test] WARN  server.ServerUtils (ServerUtils.java:getDBPath(311)) - ozone.om.db.dirs is not configured. We recommend adding this setting. Falling back to ozone.metadata.dirs instead.
2023-08-23 10:51:44,144 [Time-limited test] INFO  upgrade.AbstractLayoutVersionManager (AbstractLayoutVersionManager.java:init(83)) - Initializing Layout version manager with metadata layout = QUOTA (version = 6), software layout = QUOTA (version = 6)
2023-08-23 10:51:44,302 [Time-limited test] INFO  reflections.Reflections (Reflections.java:scan(232)) - Reflections took 156 ms to scan 2 urls, producing 188 keys and 512 values [using 2 cores]
2023-08-23 10:51:44,302 [Time-limited test] INFO  upgrade.OMLayoutVersionManager (OMLayoutVersionManager.java:lambda$0(115)) - Skipping Upgrade Action MockOmUpgradeAction since it has been finalized.
2023-08-23 10:51:44,302 [Time-limited test] INFO  upgrade.OMLayoutVersionManager (OMLayoutVersionManager.java:lambda$0(115)) - Skipping Upgrade Action QuotaRepairUpgradeAction since it has been finalized.
2023-08-23 10:51:44,309 [pool-267-thread-1] INFO  request.KdcRequest (KdcRequest.java:preauth(651)) - The preauth data is empty.
2023-08-23 10:51:44,310 [pool-267-thread-1] INFO  server.KdcHandler (KdcHandler.java:handleRecoverableException(177)) - KRB error occurred while processing request:Additional pre-authentication required
2023-08-23 10:51:44,314 [pool-267-thread-1] INFO  request.AsRequest (AsRequest.java:issueTicket(112)) - AS_REQ ISSUE: authtime 1692787904313,om/fv-az573-639@EXAMPLE.COM for krbtgt/EXAMPLE.COM@EXAMPLE.COM
2023-08-23 10:51:44,315 [Time-limited test] INFO  security.UserGroupInformation (UserGroupInformation.java:loginUserFromKeytab(1132)) - Login successful for user om/fv-az573-639@EXAMPLE.COM using keytab file om.keytab. Keytab auto renewal enabled : false
2023-08-23 10:51:44,315 [Time-limited test] INFO  om.OzoneManager (OzoneManager.java:loginOMUser(1161)) - Ozone Manager login successful.
2023-08-23 10:51:44,315 [Time-limited test] WARN  server.ServerUtils (ServerUtils.java:getDBPath(311)) - ozone.om.db.dirs is not configured. We recommend adding this setting. Falling back to ozone.metadata.dirs instead.
2023-08-23 10:51:44,316 [Time-limited test] INFO  proxy.SCMBlockLocationFailoverProxyProvider (SCMBlockLocationFailoverProxyProvider.java:<init>(114)) - Created block location fail-over proxy with 1 nodes: [nodeId=scmNodeId,nodeAddress=/0.0.0.0:9863]
2023-08-23 10:51:44,316 [Time-limited test] INFO  om.OzoneManager (OzoneManager.java:getOmDetailsProto(4552)) - OzoneManager ports added:[name: "RPC"
value: 1202
]
2023-08-23 10:51:44,318 [Time-limited test] INFO  security.OMCertificateClient (DefaultCertificateClient.java:updateCertSerialId(1244)) - Certificate serial ID set to 9879877970576
2023-08-23 10:51:44,318 [Time-limited test] WARN  security.OMCertificateClient (DefaultCertificateClient.java:loadAllCertificates(173)) - Certificates could not be loaded.
java.nio.file.NoSuchFileException: /tmp/junit7590213466967171064/junit3060788508433941218/scm-meta/om/certs
	at sun.nio.fs.UnixException.translateToIOException(UnixException.java:86)
	at sun.nio.fs.UnixException.rethrowAsIOException(UnixException.java:102)
	at sun.nio.fs.UnixException.rethrowAsIOException(UnixException.java:107)
	at sun.nio.fs.UnixFileSystemProvider.newDirectoryStream(UnixFileSystemProvider.java:427)
	at java.nio.file.Files.newDirectoryStream(Files.java:457)
	at java.nio.file.Files.list(Files.java:3451)
	at org.apache.hadoop.hdds.security.x509.certificate.client.DefaultCertificateClient.loadAllCertificates(DefaultCertificateClient.java:168)
	at org.apache.hadoop.hdds.security.x509.certificate.client.DefaultCertificateClient.updateCertSerialId(DefaultCertificateClient.java:1245)
	at org.apache.hadoop.hdds.security.x509.certificate.client.DefaultCertificateClient.<init>(DefaultCertificateClient.java:157)
	at org.apache.hadoop.hdds.security.x509.certificate.client.CommonCertificateClient.<init>(CommonCertificateClient.java:49)
	at org.apache.hadoop.ozone.security.OMCertificateClient.<init>(OMCertificateClient.java:68)
	at org.apache.hadoop.ozone.om.OzoneManager.<init>(OzoneManager.java:640)
	at org.apache.hadoop.ozone.om.OzoneManager.createOm(OzoneManager.java:754)
	at org.apache.hadoop.ozone.TestSecureOzoneCluster.setupOm(TestSecureOzoneCluster.java:701)
	at org.apache.hadoop.ozone.TestSecureOzoneCluster.testSecureOmInitializationSuccess(TestSecureOzoneCluster.java:544)
	at sun.reflect.NativeMethodAccessorImpl.invoke0(Native Method)
	at sun.reflect.NativeMethodAccessorImpl.invoke(NativeMethodAccessorImpl.java:62)
	at sun.reflect.DelegatingMethodAccessorImpl.invoke(DelegatingMethodAccessorImpl.java:43)
	at java.lang.reflect.Method.invoke(Method.java:498)
	at org.junit.runners.model.FrameworkMethod$1.runReflectiveCall(FrameworkMethod.java:59)
	at org.junit.internal.runners.model.ReflectiveCallable.run(ReflectiveCallable.java:12)
	at org.junit.runners.model.FrameworkMethod.invokeExplosively(FrameworkMethod.java:56)
	at org.junit.internal.runners.statements.InvokeMethod.evaluate(InvokeMethod.java:17)
	at org.junit.internal.runners.statements.RunBefores.evaluate(RunBefores.java:26)
	at org.junit.internal.runners.statements.RunAfters.evaluate(RunAfters.java:27)
	at org.junit.rules.ExternalResource$1.evaluate(ExternalResource.java:54)
	at org.junit.internal.runners.statements.FailOnTimeout$CallableStatement.call(FailOnTimeout.java:288)
	at org.junit.internal.runners.statements.FailOnTimeout$CallableStatement.call(FailOnTimeout.java:282)
	at java.util.concurrent.FutureTask.run(FutureTask.java:266)
	at java.lang.Thread.run(Thread.java:750)
2023-08-23 10:51:44,325 [Time-limited test] INFO  om.OzoneManager (OzoneManager.java:<init>(662)) - OM start with adminUsers: [om/fv-az573-639@EXAMPLE.COM, om]
2023-08-23 10:51:44,326 [Time-limited test] WARN  server.ServerUtils (ServerUtils.java:getDBPath(311)) - ozone.om.db.dirs is not configured. We recommend adding this setting. Falling back to ozone.metadata.dirs instead.
2023-08-23 10:51:44,327 [Time-limited test] INFO  helpers.OmKeyInfo (OmKeyInfo.java:getCodec(71)) - OmKeyInfo.getCodec ignorePipeline = true
2023-08-23 10:51:44,500 [Time-limited test] INFO  om.OzoneManager (OzoneManager.java:instantiateServices(791)) - S3 Multi-Tenancy is disabled
2023-08-23 10:51:44,501 [Time-limited test] INFO  security.OzoneSecretStore (OzoneSecretStore.java:loadState(69)) - Loaded 0 tokens
2023-08-23 10:51:44,501 [Time-limited test] INFO  security.OzoneDelegationTokenSecretManager (OzoneDelegationTokenSecretManager.java:loadTokenSecretState(530)) - Loading token state into token manager.
2023-08-23 10:51:44,501 [Time-limited test] INFO  om.OmSnapshotManager (OmSnapshotManager.java:<init>(175)) - Ozone filesystem snapshot feature is enabled.
2023-08-23 10:51:44,501 [Time-limited test] WARN  server.ServerUtils (ServerUtils.java:getDBPath(311)) - ozone.om.snapshot.diff.db.dir is not configured. We recommend adding this setting. Falling back to ozone.metadata.dirs instead.
2023-08-23 10:51:44,520 [Time-limited test] INFO  snapshot.SnapshotDiffManager (SnapshotDiffManager.java:closeExecutorService(1720)) - Shutting down executorService: 'SstDumpToolExecutor'
2023-08-23 10:51:44,522 [Time-limited test] INFO  om.OzoneManager (OzoneManager.java:addS3GVolumeToDB(4284)) - Created Volume s3v With Owner om required for S3Gateway operations.
2023-08-23 10:51:44,522 [Time-limited test] WARN  server.ServerUtils (ServerUtils.java:getDefaultRatisDirectory(323)) - Storage directory for Ratis is not configured. It is a good idea to map this to an SSD disk. Falling back to ozone.metadata.dirs
2023-08-23 10:51:44,522 [Time-limited test] WARN  utils.OzoneManagerRatisUtils (OzoneManagerRatisUtils.java:getOMRatisSnapshotDirectory(461)) - ozone.om.ratis.snapshot.dir is not configured. Falling back to ozone.metadata.dirs config
2023-08-23 10:51:44,523 [Time-limited test] WARN  server.ServerUtils (ServerUtils.java:getDefaultRatisDirectory(323)) - Storage directory for Ratis is not configured. It is a good idea to map this to an SSD disk. Falling back to ozone.metadata.dirs
2023-08-23 10:51:44,524 [Time-limited test] INFO  ratis.OzoneManagerRatisServer (OzoneManagerRatisServer.java:<init>(163)) - Instantiating OM Ratis server with groupID: omServiceIdDefault and peers: fv-az573-639:9872
2023-08-23 10:51:44,525 [Time-limited test] INFO  ratis.OzoneManagerStateMachine (OzoneManagerStateMachine.java:loadSnapshotInfoFromDB(687)) - LastAppliedIndex is set from TransactionInfo from OM DB as (t:0, i:~)
2023-08-23 10:51:44,525 [Time-limited test] INFO  server.RaftServer (ConfUtils.java:logGet(46)) - raft.rpc.type = GRPC (default)
2023-08-23 10:51:44,525 [Time-limited test] INFO  grpc.GrpcConfigKeys (ConfUtils.java:logFallback(53)) - raft.grpc.admin.host = null (fallback to raft.grpc.server.host)
2023-08-23 10:51:44,525 [Time-limited test] INFO  grpc.GrpcConfigKeys (ConfUtils.java:logFallback(53)) - raft.grpc.admin.port = 9872 (fallback to raft.grpc.server.port)
2023-08-23 10:51:44,525 [Time-limited test] INFO  grpc.GrpcConfigKeys (ConfUtils.java:logFallback(53)) - raft.grpc.client.host = null (fallback to raft.grpc.server.host)
2023-08-23 10:51:44,525 [Time-limited test] INFO  grpc.GrpcConfigKeys (ConfUtils.java:logFallback(53)) - raft.grpc.client.port = 9872 (fallback to raft.grpc.server.port)
2023-08-23 10:51:44,525 [Time-limited test] INFO  grpc.GrpcConfigKeys (ConfUtils.java:logGet(46)) - raft.grpc.server.host = null (default)
2023-08-23 10:51:44,525 [Time-limited test] INFO  grpc.GrpcConfigKeys (ConfUtils.java:logGet(46)) - raft.grpc.server.port = 9872 (custom)
2023-08-23 10:51:44,525 [Time-limited test] INFO  server.GrpcService (ConfUtils.java:logGet(46)) - raft.grpc.message.size.max = 33554432 (custom)
2023-08-23 10:51:44,526 [Time-limited test] INFO  server.RaftServerConfigKeys (ConfUtils.java:logGet(46)) - raft.server.log.appender.buffer.byte-limit = 33554432 (custom)
2023-08-23 10:51:44,526 [Time-limited test] INFO  server.GrpcService (ConfUtils.java:logGet(46)) - raft.grpc.flow.control.window = 1MB (=1048576) (default)
2023-08-23 10:51:44,526 [Time-limited test] INFO  server.RaftServerConfigKeys (ConfUtils.java:logGet(46)) - raft.server.rpc.request.timeout = 3000ms (default)
2023-08-23 10:51:44,526 [Time-limited test] INFO  grpc.GrpcConfigKeys (ConfUtils.java:logGet(46)) - raft.grpc.server.heartbeat.channel = true (default)
2023-08-23 10:51:44,526 [Time-limited test] INFO  grpc.GrpcConfigKeys (ConfUtils.java:logGet(46)) - raft.grpc.server.async.request.thread.pool.cached = true (default)
2023-08-23 10:51:44,526 [Time-limited test] INFO  grpc.GrpcConfigKeys (ConfUtils.java:logGet(46)) - raft.grpc.server.async.request.thread.pool.size = 32 (default)
2023-08-23 10:51:44,527 [Time-limited test] INFO  impl.DataStreamServerImpl (ConfUtils.java:logGet(46)) - raft.datastream.type = DISABLED (default)
2023-08-23 10:51:44,527 [Time-limited test] INFO  server.RaftServerConfigKeys (ConfUtils.java:logGet(46)) - raft.server.threadpool.proxy.cached = true (default)
2023-08-23 10:51:44,527 [Time-limited test] INFO  server.RaftServerConfigKeys (ConfUtils.java:logGet(46)) - raft.server.threadpool.proxy.size = 0 (default)
2023-08-23 10:51:44,528 [Time-limited test] INFO  server.RaftServerConfigKeys (ConfUtils.java:logGet(46)) - raft.server.rpc.slowness.timeout = 120s (custom)
2023-08-23 10:51:44,528 [Time-limited test] INFO  server.RaftServerConfigKeys (ConfUtils.java:logGet(46)) - raft.server.leaderelection.leader.step-down.wait-time = 10s (default)
2023-08-23 10:51:44,528 [Time-limited test] INFO  server.RaftServerConfigKeys (ConfUtils.java:logGet(46)) - raft.server.storage.dir = [/tmp/junit7590213466967171064/junit3060788508433941218/scm-meta/ratis] (custom)
2023-08-23 10:51:44,528 [Time-limited test] INFO  server.RaftServer (RaftServerProxy.java:addNew(98)) - om1: addNew group-C5BA1605619E:[om1|rpc:fv-az573-639:9872|priority:0|startupRole:FOLLOWER] returns group-C5BA1605619E:java.util.concurrent.CompletableFuture@149a94bc[Not completed]
2023-08-23 10:51:44,528 [Time-limited test] INFO  om.OzoneManager (OzoneManager.java:initializeRatisServer(2128)) - OzoneManager Ratis server initialized at port 9872
2023-08-23 10:51:44,528 [Time-limited test] INFO  om.OzoneManager (OzoneManager.java:getRpcServer(1193)) - Creating RPC Server
2023-08-23 10:51:44,530 [om1-groupManagement] INFO  server.RaftServer$Division (RaftServerImpl.java:<init>(198)) - om1: new RaftServerImpl for group-C5BA1605619E:[om1|rpc:fv-az573-639:9872|priority:0|startupRole:FOLLOWER] with OzoneManagerStateMachine:uninitialized
2023-08-23 10:51:44,530 [om1-groupManagement] INFO  server.RaftServerConfigKeys (ConfUtils.java:logGet(46)) - raft.server.rpc.timeout.min = 5s (custom)
2023-08-23 10:51:44,531 [om1-groupManagement] INFO  server.RaftServerConfigKeys (ConfUtils.java:logGet(46)) - raft.server.rpc.timeout.max = 5200ms (custom)
2023-08-23 10:51:44,531 [om1-groupManagement] INFO  server.RaftServerConfigKeys (ConfUtils.java:logGet(46)) - raft.server.rpc.sleep.time = 25ms (default)
2023-08-23 10:51:44,531 [om1-groupManagement] INFO  server.RaftServerConfigKeys (ConfUtils.java:logGet(46)) - raft.server.rpc.slowness.timeout = 120s (custom)
2023-08-23 10:51:44,531 [om1-groupManagement] INFO  server.RaftServerConfigKeys (ConfUtils.java:logGet(46)) - raft.server.leaderelection.leader.step-down.wait-time = 10s (default)
2023-08-23 10:51:44,531 [om1-groupManagement] INFO  server.RaftServerConfigKeys (ConfUtils.java:logGet(46)) - raft.server.sleep.deviation.threshold = 300ms (default)
2023-08-23 10:51:44,531 [om1-groupManagement] INFO  server.RaftServer$Division (ServerState.java:<init>(120)) - om1@group-C5BA1605619E: ConfigurationManager, init=-1: peers:[om1|rpc:fv-az573-639:9872|priority:0|startupRole:FOLLOWER]|listeners:[], old=null, confs=<EMPTY_MAP>
2023-08-23 10:51:44,531 [om1-groupManagement] INFO  server.RaftServerConfigKeys (ConfUtils.java:logGet(46)) - raft.server.storage.dir = [/tmp/junit7590213466967171064/junit3060788508433941218/scm-meta/ratis] (custom)
2023-08-23 10:51:44,531 [om1-groupManagement] INFO  server.RaftServerConfigKeys (ConfUtils.java:logGet(46)) - raft.server.log.corruption.policy = EXCEPTION (default)
2023-08-23 10:51:44,531 [om1-groupManagement] INFO  server.RaftServerConfigKeys (ConfUtils.java:logGet(46)) - raft.server.storage.free-space.min = 0MB (=0) (default)
2023-08-23 10:51:44,532 [om1-groupManagement] INFO  server.RaftServerConfigKeys (ConfUtils.java:logGet(46)) - raft.server.notification.no-leader.timeout = 120s (custom)
2023-08-23 10:51:44,532 [om1-groupManagement] INFO  server.RaftServerConfigKeys (ConfUtils.java:logGet(46)) - raft.server.read.timeout = 10s (default)
2023-08-23 10:51:44,532 [om1-groupManagement] INFO  server.RaftServerConfigKeys (ConfUtils.java:logGet(46)) - raft.server.retrycache.expirytime = 300s (custom)
2023-08-23 10:51:44,532 [om1-groupManagement] INFO  server.RaftServerConfigKeys (ConfUtils.java:logGet(46)) - raft.server.retrycache.statistics.expirytime = 100μs (default)
2023-08-23 10:51:44,532 [om1-groupManagement] INFO  server.RaftServerConfigKeys (ConfUtils.java:logGet(46)) - raft.server.read.option = DEFAULT (default)
2023-08-23 10:51:44,532 [om1-groupManagement] INFO  server.RaftServerConfigKeys (ConfUtils.java:logGet(46)) - raft.server.rpc.request.timeout = 3000ms (default)
2023-08-23 10:51:44,532 [om1-groupManagement] INFO  server.RaftServerConfigKeys (ConfUtils.java:logGet(46)) - raft.server.log.appender.install.snapshot.enabled = false (custom)
2023-08-23 10:51:44,532 [om1-groupManagement] INFO  server.RaftServerConfigKeys (ConfUtils.java:logGet(46)) - raft.server.threadpool.server.cached = true (default)
2023-08-23 10:51:44,532 [om1-groupManagement] INFO  server.RaftServerConfigKeys (ConfUtils.java:logGet(46)) - raft.server.threadpool.server.size = 0 (default)
2023-08-23 10:51:44,532 [om1-groupManagement] INFO  server.RaftServerConfigKeys (ConfUtils.java:logGet(46)) - raft.server.threadpool.client.cached = true (default)
2023-08-23 10:51:44,533 [om1-groupManagement] INFO  server.RaftServerConfigKeys (ConfUtils.java:logGet(46)) - raft.server.threadpool.client.size = 0 (default)
2023-08-23 10:51:44,895 [Time-limited test] INFO  reflections.Reflections (Reflections.java:scan(232)) - Reflections took 363 ms to scan 19 urls, producing 70 keys and 5642 values [using 2 cores]
2023-08-23 10:51:44,896 [Time-limited test] INFO  ipc.CallQueueManager (CallQueueManager.java:<init>(90)) - Using callQueue: class java.util.concurrent.LinkedBlockingQueue, queueCapacity: 10000, scheduler: class org.apache.hadoop.ipc.DefaultRpcScheduler, ipcBackoff: false.
2023-08-23 10:51:44,896 [Time-limited test] INFO  ipc.Server (Server.java:<init>(1287)) - Listener at fv-az573-639:1202
2023-08-23 10:51:44,899 [Socket Reader #1 for port 1202] INFO  ipc.Server (Server.java:run(1323)) - Starting Socket Reader #1 for port 1202
2023-08-23 10:51:44,931 [Time-limited test] WARN  impl.MetricsConfig (MetricsConfig.java:loadFirst(136)) - Cannot locate configuration: tried hadoop-metrics2-ozonemanager.properties,hadoop-metrics2.properties
2023-08-23 10:51:44,935 [Time-limited test] INFO  impl.MetricsSystemImpl (MetricsSystemImpl.java:startTimer(378)) - Scheduled Metric snapshot period at 10 second(s).
2023-08-23 10:51:44,935 [Time-limited test] INFO  impl.MetricsSystemImpl (MetricsSystemImpl.java:start(191)) - OzoneManager metrics system started
2023-08-23 10:51:44,973 [Time-limited test] INFO  impl.MetricsSinkAdapter (MetricsSinkAdapter.java:start(204)) - Sink prometheus started
2023-08-23 10:51:44,973 [Time-limited test] INFO  impl.MetricsSystemImpl (MetricsSystemImpl.java:registerSink(305)) - Registered sink prometheus
2023-08-23 10:51:44,989 [Time-limited test] INFO  om.OzoneManager (OzoneManager.java:start(1613)) - OzoneManager RPC server is listening at fv-az573-639/10.1.0.17:1202
2023-08-23 10:51:44,989 [Time-limited test] INFO  ratis.OzoneManagerRatisServer (OzoneManagerRatisServer.java:start(558)) - Starting OzoneManagerRatisServer om1 at port 9872
2023-08-23 10:51:44,990 [om1-impl-thread1] INFO  storage.RaftStorageDirectory (RaftStorageDirectoryImpl.java:analyzeStorage(137)) - The storage directory /tmp/junit7590213466967171064/junit3060788508433941218/scm-meta/ratis/bf265839-605b-3f16-9796-c5ba1605619e does not exist. Creating ...
2023-08-23 10:51:44,991 [om1-impl-thread1] INFO  storage.RaftStorageDirectory (RaftStorageDirectoryImpl.java:tryLock(231)) - Lock on /tmp/junit7590213466967171064/junit3060788508433941218/scm-meta/ratis/bf265839-605b-3f16-9796-c5ba1605619e/in_use.lock acquired by nodename 9587@fv-az573-639
2023-08-23 10:51:44,993 [om1-impl-thread1] INFO  storage.RaftStorage (RaftStorageImpl.java:format(96)) - Storage directory /tmp/junit7590213466967171064/junit3060788508433941218/scm-meta/ratis/bf265839-605b-3f16-9796-c5ba1605619e has been successfully formatted.
2023-08-23 10:51:44,993 [om1-impl-thread1] INFO  server.RaftServerConfigKeys (ConfUtils.java:logGet(46)) - raft.server.log.use.memory = false (default)
2023-08-23 10:51:44,993 [om1-impl-thread1] INFO  server.RaftServerConfigKeys (ConfUtils.java:logGet(46)) - raft.server.log.purge.gap = 1000000 (custom)
2023-08-23 10:51:44,993 [om1-impl-thread1] INFO  server.RaftServerConfigKeys (ConfUtils.java:logGet(46)) - raft.server.log.appender.buffer.byte-limit = 33554432 (custom)
2023-08-23 10:51:44,993 [om1-impl-thread1] INFO  server.RaftServerConfigKeys (ConfUtils.java:logGet(46)) - raft.server.log.statemachine.data.read.timeout = 1000ms (default)
2023-08-23 10:51:44,994 [om1-impl-thread1] INFO  server.RaftServerConfigKeys (ConfUtils.java:logGet(46)) - raft.server.log.purge.preservation.log.num = 0 (default)
2023-08-23 10:51:44,994 [om1-impl-thread1] INFO  server.RaftServerConfigKeys (ConfUtils.java:logGet(46)) - raft.server.log.segment.size.max = 4194304 (custom)
2023-08-23 10:51:44,994 [om1-impl-thread1] INFO  server.RaftServerConfigKeys (ConfUtils.java:logGet(46)) - raft.server.log.segment.cache.num.max = 2 (custom)
2023-08-23 10:51:44,994 [om1-impl-thread1] INFO  server.RaftServerConfigKeys (ConfUtils.java:logGet(46)) - raft.server.log.segment.cache.size.max = 200MB (=209715200) (default)
2023-08-23 10:51:44,994 [om1-impl-thread1] INFO  server.RaftServerConfigKeys (ConfUtils.java:logGet(46)) - raft.server.log.appender.buffer.byte-limit = 33554432 (custom)
2023-08-23 10:51:44,994 [om1-impl-thread1] INFO  segmented.SegmentedRaftLogWorker (SegmentedRaftLogWorker.java:<init>(188)) - new om1@group-C5BA1605619E-SegmentedRaftLogWorker for RaftStorageImpl:Storage Directory /tmp/junit7590213466967171064/junit3060788508433941218/scm-meta/ratis/bf265839-605b-3f16-9796-c5ba1605619e
2023-08-23 10:51:44,994 [om1-impl-thread1] INFO  server.RaftServerConfigKeys (ConfUtils.java:logGet(46)) - raft.server.log.queue.byte-limit = 64MB (=67108864) (default)
2023-08-23 10:51:44,994 [om1-impl-thread1] INFO  server.RaftServerConfigKeys (ConfUtils.java:logGet(46)) - raft.server.log.queue.element-limit = 4096 (default)
2023-08-23 10:51:44,994 [om1-impl-thread1] INFO  server.RaftServerConfigKeys (ConfUtils.java:logGet(46)) - raft.server.log.segment.size.max = 4194304 (custom)
2023-08-23 10:51:44,994 [om1-impl-thread1] INFO  server.RaftServerConfigKeys (ConfUtils.java:logGet(46)) - raft.server.log.preallocated.size = 4194304 (custom)
2023-08-23 10:51:44,994 [om1-impl-thread1] INFO  server.RaftServerConfigKeys (ConfUtils.java:logGet(46)) - raft.server.log.force.sync.num = 128 (default)
2023-08-23 10:51:44,994 [om1-impl-thread1] INFO  server.RaftServerConfigKeys (ConfUtils.java:logGet(46)) - raft.server.log.statemachine.data.sync = true (default)
2023-08-23 10:51:44,995 [om1-impl-thread1] INFO  server.RaftServerConfigKeys (ConfUtils.java:logGet(46)) - raft.server.log.statemachine.data.sync.timeout = 10s (default)
2023-08-23 10:51:44,995 [om1-impl-thread1] INFO  server.RaftServerConfigKeys (ConfUtils.java:logGet(46)) - raft.server.log.statemachine.data.sync.timeout.retry = -1 (default)
2023-08-23 10:51:44,995 [om1-impl-thread1] INFO  server.RaftServerConfigKeys (ConfUtils.java:logGet(46)) - raft.server.log.write.buffer.size = 64KB (=65536) (default)
2023-08-23 10:51:44,995 [om1-impl-thread1] INFO  server.RaftServerConfigKeys (ConfUtils.java:logGet(46)) - raft.server.log.appender.buffer.byte-limit = 33554432 (custom)
2023-08-23 10:51:45,001 [om1-impl-thread1] INFO  server.RaftServerConfigKeys (ConfUtils.java:logGet(46)) - raft.server.log.unsafe-flush.enabled = false (default)
2023-08-23 10:51:45,001 [om1-impl-thread1] INFO  server.RaftServerConfigKeys (ConfUtils.java:logGet(46)) - raft.server.log.async-flush.enabled = false (default)
2023-08-23 10:51:45,001 [om1-impl-thread1] INFO  server.RaftServerConfigKeys (ConfUtils.java:logGet(46)) - raft.server.log.statemachine.data.caching.enabled = false (default)
2023-08-23 10:51:45,001 [om1-impl-thread1] INFO  segmented.SegmentedRaftLogWorker (SegmentedRaftLogWorker.java:lambda$new$0(135)) - om1@group-C5BA1605619E-SegmentedRaftLogWorker: flushIndex: setUnconditionally 0 -> -1
2023-08-23 10:51:45,002 [om1-impl-thread1] INFO  segmented.SegmentedRaftLogWorker (SegmentedRaftLogWorker.java:lambda$new$0(135)) - om1@group-C5BA1605619E-SegmentedRaftLogWorker: safeCacheEvictIndex: setUnconditionally 0 -> -1
2023-08-23 10:51:45,003 [om1-impl-thread1] INFO  server.RaftServer$Division (RaftServerImpl.java:start(342)) - om1@group-C5BA1605619E: start as a follower, conf=-1: peers:[om1|rpc:fv-az573-639:9872|priority:0|startupRole:FOLLOWER]|listeners:[], old=null
2023-08-23 10:51:45,003 [om1-impl-thread1] INFO  server.RaftServer$Division (RaftServerImpl.java:setRole(329)) - om1@group-C5BA1605619E: changes role from      null to FOLLOWER at term 0 for startAsFollower
2023-08-23 10:51:45,007 [om1-impl-thread1] INFO  impl.RoleInfo (RoleInfo.java:updateAndGet(139)) - om1: start om1@group-C5BA1605619E-FollowerState
2023-08-23 10:51:45,008 [om1-impl-thread1] INFO  util.JmxRegister (JmxRegister.java:tryRegister(44)) - Successfully registered JMX Bean with object name Ratis:service=RaftServer,group=group-C5BA1605619E,id=om1
2023-08-23 10:51:45,008 [om1-impl-thread1] INFO  server.RaftServerConfigKeys (ConfUtils.java:logGet(46)) - raft.server.snapshot.auto.trigger.enabled = true (custom)
2023-08-23 10:51:45,008 [om1-impl-thread1] INFO  server.RaftServerConfigKeys (ConfUtils.java:logGet(46)) - raft.server.snapshot.auto.trigger.threshold = 400000 (default)
2023-08-23 10:51:45,008 [om1-impl-thread1] INFO  server.RaftServerConfigKeys (ConfUtils.java:logGet(46)) - raft.server.snapshot.retention.file.num = -1 (default)
2023-08-23 10:51:45,008 [om1-impl-thread1] INFO  server.RaftServerConfigKeys (ConfUtils.java:logGet(46)) - raft.server.log.purge.upto.snapshot.index = true (custom)
2023-08-23 10:51:45,010 [om1@group-C5BA1605619E-FollowerState] INFO  server.RaftServerConfigKeys (ConfUtils.java:logFallback(53)) - raft.server.rpc.first-election.timeout.min = 5s (fallback to raft.server.rpc.timeout.min)
2023-08-23 10:51:45,010 [om1@group-C5BA1605619E-FollowerState] INFO  server.RaftServerConfigKeys (ConfUtils.java:logFallback(53)) - raft.server.rpc.first-election.timeout.max = 5200ms (fallback to raft.server.rpc.timeout.max)
2023-08-23 10:51:45,010 [Time-limited test] INFO  server.RaftServer (RaftServerProxy.java:startImpl(400)) - om1: start RPC server
2023-08-23 10:51:45,016 [Time-limited test] INFO  server.GrpcService (GrpcService.java:startImpl(302)) - om1: GrpcService started, listening on 9872
2023-08-23 10:51:45,018 [Time-limited test] ERROR om.OzoneManager (OzoneManager.java:startSecretManager(1087)) - Unable to read key pair for OM.
org.apache.hadoop.hdds.security.exception.OzoneSecurityException: Error reading keypair & certificate
	at org.apache.hadoop.hdds.security.x509.certificate.client.CertificateClient.assertValidKeysAndCertificate(CertificateClient.java:215)
	at org.apache.hadoop.ozone.om.OzoneManager.startSecretManager(OzoneManager.java:1085)
	at org.apache.hadoop.ozone.om.OzoneManager.startSecretManagerIfNecessary(OzoneManager.java:2279)
	at org.apache.hadoop.ozone.om.OzoneManager.start(OzoneManager.java:1623)
	at org.apache.hadoop.ozone.TestSecureOzoneCluster.testSecureOmInitializationSuccess(TestSecureOzoneCluster.java:546)
	at sun.reflect.NativeMethodAccessorImpl.invoke0(Native Method)
	at sun.reflect.NativeMethodAccessorImpl.invoke(NativeMethodAccessorImpl.java:62)
	at sun.reflect.DelegatingMethodAccessorImpl.invoke(DelegatingMethodAccessorImpl.java:43)
	at java.lang.reflect.Method.invoke(Method.java:498)
	at org.junit.runners.model.FrameworkMethod$1.runReflectiveCall(FrameworkMethod.java:59)
	at org.junit.internal.runners.model.ReflectiveCallable.run(ReflectiveCallable.java:12)
	at org.junit.runners.model.FrameworkMethod.invokeExplosively(FrameworkMethod.java:56)
	at org.junit.internal.runners.statements.InvokeMethod.evaluate(InvokeMethod.java:17)
	at org.junit.internal.runners.statements.RunBefores.evaluate(RunBefores.java:26)
	at org.junit.internal.runners.statements.RunAfters.evaluate(RunAfters.java:27)
	at org.junit.rules.ExternalResource$1.evaluate(ExternalResource.java:54)
	at org.junit.internal.runners.statements.FailOnTimeout$CallableStatement.call(FailOnTimeout.java:288)
	at org.junit.internal.runners.statements.FailOnTimeout$CallableStatement.call(FailOnTimeout.java:282)
	at java.util.concurrent.FutureTask.run(FutureTask.java:266)
	at java.lang.Thread.run(Thread.java:750)
Caused by: java.lang.NullPointerException
	at java.util.Objects.requireNonNull(Objects.java:203)
	at org.apache.hadoop.hdds.security.x509.certificate.client.CertificateClient.assertValidKeysAndCertificate(CertificateClient.java:211)
	... 19 more
2023-08-23 10:51:45,023 [Time-limited test] INFO  impl.DefaultInternalKdcServerImpl (DefaultInternalKdcServerImpl.java:doStop(102)) - Default Internal kdc server stopped.
2023-08-23 10:51:45,024 [JvmPauseMonitor4] INFO  util.JvmPauseMonitor (JvmPauseMonitor.java:run(103)) - JvmPauseMonitor-om1: Started
2023-08-23 10:51:46,023 [Time-limited test] INFO  minikdc.MiniKdc (MiniKdc.java:stop(359)) - MiniKdc stopped.
2023-08-23 10:51:46,024 [Time-limited test] INFO  server.StorageContainerManager (StorageContainerManager.java:stop(1591)) - Container Balancer is not running.
2023-08-23 10:51:46,024 [Time-limited test] INFO  server.StorageContainerManager (StorageContainerManager.java:stopReplicationManager(1724)) - Stopping Replication Manager Service.
2023-08-23 10:51:46,024 [Time-limited test] INFO  replication.ReplicationManager (ReplicationManager.java:stop(319)) - Stopping Replication Monitor Thread.
2023-08-23 10:51:46,024 [Over Replicated Processor] WARN  replication.UnhealthyReplicationProcessor (UnhealthyReplicationProcessor.java:run(180)) - Over Replicated Processor interrupted. Exiting...
2023-08-23 10:51:46,024 [Under Replicated Processor] WARN  replication.UnhealthyReplicationProcessor (UnhealthyReplicationProcessor.java:run(180)) - Under Replicated Processor interrupted. Exiting...
2023-08-23 10:51:46,024 [Time-limited test] INFO  server.StorageContainerManager (StorageContainerManager.java:stop(1600)) - Stopping the Datanode Admin Monitor.
2023-08-23 10:51:46,024 [ReplicationMonitor] INFO  replication.ReplicationManager (ReplicationManager.java:run(917)) - Replication Monitor Thread is stopped
2023-08-23 10:51:46,025 [Time-limited test] INFO  server.StorageContainerManager (StorageContainerManager.java:stop(1607)) - Stopping datanode service RPC server
2023-08-23 10:51:46,025 [Time-limited test] INFO  server.SCMDatanodeProtocolServer (SCMDatanodeProtocolServer.java:stop(424)) - Stopping the RPC server for DataNodes
2023-08-23 10:51:46,025 [Time-limited test] INFO  ipc.Server (Server.java:stop(3523)) - Stopping server on 9861
2023-08-23 10:51:47,100 [SCM Heartbeat Processing Thread - 0] WARN  node.NodeStateManager (NodeStateManager.java:scheduleNextHealthCheck(874)) - Current Thread is interrupted, shutting down HB processing thread for Node Manager.
2023-08-23 10:51:47,101 [Time-limited test] INFO  server.StorageContainerManager (StorageContainerManager.java:stop(1615)) - Stopping block service RPC server
2023-08-23 10:51:47,101 [Time-limited test] INFO  server.SCMBlockProtocolServer (SCMBlockProtocolServer.java:stop(161)) - Stopping the RPC server for Block Protocol
2023-08-23 10:51:47,101 [Time-limited test] INFO  ipc.Server (Server.java:stop(3523)) - Stopping server on 9863
2023-08-23 10:51:47,102 [Time-limited test] INFO  server.StorageContainerManager (StorageContainerManager.java:stop(1622)) - Stopping the StorageContainerLocationProtocol RPC server
2023-08-23 10:51:47,102 [Time-limited test] INFO  server.SCMClientProtocolServer (SCMClientProtocolServer.java:stop(210)) - Stopping the RPC server for Client Protocol
2023-08-23 10:51:47,102 [Time-limited test] INFO  ipc.Server (Server.java:stop(3523)) - Stopping server on 9860
2023-08-23 10:51:47,103 [Time-limited test] INFO  server.StorageContainerManager (StorageContainerManager.java:stop(1629)) - Stopping Storage Container Manager HTTP server.
2023-08-23 10:51:47,103 [Time-limited test] INFO  server.StorageContainerManager (StorageContainerManager.java:stop(1637)) - Stopping SCM LayoutVersionManager Service.
2023-08-23 10:51:47,103 [Time-limited test] INFO  server.SCMSecurityProtocolServer (SCMSecurityProtocolServer.java:stop(550)) - Stopping the SCMSecurityProtocolServer.
2023-08-23 10:51:47,103 [Time-limited test] INFO  ipc.Server (Server.java:stop(3523)) - Stopping server on 9961
2023-08-23 10:51:47,103 [Time-limited test] INFO  server.SCMUpdateServiceGrpcServer (SCMUpdateServiceGrpcServer.java:stop(73)) - SCMUpdateService stopping
2023-08-23 10:51:47,103 [Time-limited test] INFO  server.StorageContainerManager (StorageContainerManager.java:stop(1649)) - Stopping Block Manager Service.
2023-08-23 10:51:47,103 [Time-limited test] INFO  utils.BackgroundService (BackgroundService.java:shutdown(141)) - Shutting down service SCMBlockDeletingService
2023-08-23 10:51:47,103 [Time-limited test] INFO  utils.BackgroundService (BackgroundService.java:shutdown(141)) - Shutting down service SCMBlockDeletingService
2023-08-23 10:51:47,103 [Time-limited test] INFO  server.StorageContainerManager (StorageContainerManager.java:stop(1669)) - Stopping SCM Event Queue.
2023-08-23 10:51:47,104 [Time-limited test] INFO  server.StorageContainerManager (StorageContainerManager.java:stop(1680)) - Stopping SCM HA services.
2023-08-23 10:51:47,104 [Time-limited test] INFO  pipeline.BackgroundPipelineCreator (BackgroundPipelineCreator.java:stop(149)) - Stopping RatisPipelineUtilsThread.
2023-08-23 10:51:47,104 [RatisPipelineUtilsThread - 0] WARN  pipeline.BackgroundPipelineCreator (BackgroundPipelineCreator.java:run(180)) - RatisPipelineUtilsThread is interrupted.
2023-08-23 10:51:47,105 [Time-limited test] INFO  BackgroundPipelineScrubber (BackgroundSCMService.java:stop(131)) - Stopping BackgroundPipelineScrubber Service.
2023-08-23 10:51:47,105 [BackgroundPipelineScrubberThread] WARN  BackgroundPipelineScrubber (BackgroundSCMService.java:run(115)) - BackgroundPipelineScrubber is interrupted, exit
2023-08-23 10:51:47,105 [Time-limited test] WARN  pipeline.BackgroundPipelineCreator (BackgroundPipelineCreator.java:stop(145)) - RatisPipelineUtilsThread is not running, just ignore.
2023-08-23 10:51:47,105 [Time-limited test] INFO  BackgroundPipelineScrubber (BackgroundSCMService.java:stop(126)) - BackgroundPipelineScrubber Service is not running, skip stop.
2023-08-23 10:51:47,105 [Time-limited test] INFO  ExpiredContainerReplicaOpScrubber (BackgroundSCMService.java:stop(131)) - Stopping ExpiredContainerReplicaOpScrubber Service.
2023-08-23 10:51:47,105 [ExpiredContainerReplicaOpScrubberThread] WARN  ExpiredContainerReplicaOpScrubber (BackgroundSCMService.java:run(115)) - ExpiredContainerReplicaOpScrubber is interrupted, exit
2023-08-23 10:51:47,105 [Time-limited test] INFO  utils.BackgroundService (BackgroundService.java:shutdown(141)) - Shutting down service SCMBlockDeletingService
2023-08-23 10:51:47,105 [Time-limited test] INFO  replication.ReplicationManager (ReplicationManager.java:stop(329)) - Replication Monitor Thread is not running.
2023-08-23 10:51:47,105 [Time-limited test] WARN  balancer.ContainerBalancer (ContainerBalancer.java:stop(326)) - Cannot stop Container Balancer because it's not running or stopping
2023-08-23 10:51:47,106 [Time-limited test] INFO  server.StorageContainerManager (StorageContainerManager.java:stop(1715)) - Stopping SCM MetadataStore.
2023-08-23 10:51:47,107 [Time-limited test] INFO  server.SCMSecurityProtocolServer (SCMSecurityProtocolServer.java:join(560)) - Join RPC server for SCMSecurityProtocolServer.
2023-08-23 10:51:47,107 [Time-limited test] INFO  server.SCMSecurityProtocolServer (SCMSecurityProtocolServer.java:join(562)) - Join gRPC server for SCMSecurityProtocolServer.
2023-08-23 10:51:47,107 [Time-limited test] INFO  om.OzoneManager (OzoneManager.java:stop(2187)) - om1[fv-az573-639:1202]: Stopping Ozone Manager
2023-08-23 10:51:47,107 [Time-limited test] INFO  ipc.Server (Server.java:stop(3523)) - Stopping server on 1202
2023-08-23 10:51:47,112 [Time-limited test] INFO  server.RaftServer (RaftServerProxy.java:lambda$close$6(416)) - om1: close
2023-08-23 10:51:47,112 [Time-limited test] INFO  server.GrpcService (GrpcService.java:closeImpl(311)) - om1: shutdown server GrpcServerProtocolService now
2023-08-23 10:51:47,112 [om1-impl-thread1] INFO  server.RaftServer$Division (RaftServerImpl.java:lambda$close$4(466)) - om1@group-C5BA1605619E: shutdown
2023-08-23 10:51:47,112 [om1-impl-thread1] INFO  util.JmxRegister (JmxRegister.java:unregister(73)) - Successfully un-registered JMX Bean with object name Ratis:service=RaftServer,group=group-C5BA1605619E,id=om1
2023-08-23 10:51:47,112 [om1-impl-thread1] INFO  impl.RoleInfo (RoleInfo.java:shutdownFollowerState(110)) - om1: shutdown om1@group-C5BA1605619E-FollowerState
2023-08-23 10:51:47,112 [om1-impl-thread1] INFO  impl.StateMachineUpdater (StateMachineUpdater.java:stopAndJoin(155)) - om1@group-C5BA1605619E-StateMachineUpdater: set stopIndex = -1
2023-08-23 10:51:47,112 [om1@group-C5BA1605619E-FollowerState] INFO  impl.FollowerState (FollowerState.java:run(152)) - om1@group-C5BA1605619E-FollowerState was interrupted
2023-08-23 10:51:47,113 [om1@group-C5BA1605619E-StateMachineUpdater] INFO  ratis.OzoneManagerStateMachine (OzoneManagerStateMachine.java:close(534)) - StateMachine has shutdown. Shutdown OzoneManager if not already shutdown.
2023-08-23 10:51:47,113 [om1@group-C5BA1605619E-StateMachineUpdater] INFO  ratis.OzoneManagerDoubleBuffer (OzoneManagerDoubleBuffer.java:stopDaemon(551)) - Stopping OMDoubleBuffer flush thread
2023-08-23 10:51:47,113 [OMDoubleBufferFlushThread] INFO  ratis.OzoneManagerDoubleBuffer (OzoneManagerDoubleBuffer.java:canFlush(638)) - OMDoubleBuffer flush thread OMDoubleBufferFlushThread is interrupted and will exit.
2023-08-23 10:51:47,113 [om1-impl-thread1] INFO  server.RaftServer$Division (ServerState.java:close(472)) - om1@group-C5BA1605619E: closes. applyIndex: -1
2023-08-23 10:51:47,113 [Time-limited test] INFO  server.GrpcService (GrpcService.java:closeImpl(320)) - om1: shutdown server GrpcServerProtocolService successfully
2023-08-23 10:51:48,015 [om1-impl-thread1] INFO  segmented.SegmentedRaftLogWorker (SegmentedRaftLogWorker.java:close(252)) - om1@group-C5BA1605619E-SegmentedRaftLogWorker close()
2023-08-23 10:51:48,016 [JvmPauseMonitor4] INFO  util.JvmPauseMonitor (JvmPauseMonitor.java:run(109)) - JvmPauseMonitor-om1: Stopped
2023-08-23 10:51:48,016 [Time-limited test] INFO  ratis.OzoneManagerStateMachine (OzoneManagerStateMachine.java:close(534)) - StateMachine has shutdown. Shutdown OzoneManager if not already shutdown.
2023-08-23 10:51:48,016 [Time-limited test] INFO  ratis.OzoneManagerDoubleBuffer (OzoneManagerDoubleBuffer.java:stopDaemon(560)) - OMDoubleBuffer flush thread is not running.
2023-08-23 10:51:48,016 [Time-limited test] INFO  om.OzoneManager (OzoneManager.java:stopSecretManager(1063)) - Stopping secret key client.
2023-08-23 10:51:48,017 [Time-limited test] INFO  om.OzoneManager (OzoneManager.java:stopSecretManager(1068)) - Stopping OM delegation token secret manager.
2023-08-23 10:51:48,017 [Time-limited test] INFO  rocksdiff.RocksDBCheckpointDiffer (RocksDBCheckpointDiffer.java:close(340)) - Shutting down CompactionDagPruningService.
2023-08-23 10:51:48,019 [Time-limited test] INFO  snapshot.SnapshotDiffManager (SnapshotDiffManager.java:closeExecutorService(1720)) - Shutting down executorService: 'SnapDiffExecutor'
2023-08-23 10:51:48,019 [Time-limited test] INFO  snapshot.SnapshotDiffManager (SnapshotDiffManager.java:closeExecutorService(1720)) - Shutting down executorService: 'SstDumpToolExecutor'
2023-08-23 10:51:48,019 [Time-limited test] INFO  utils.BackgroundService (BackgroundService.java:shutdown(141)) - Shutting down service SnapshotDiffCleanupService
]]></system-out>
  </testcase>
  <testcase name="testAccessControlExceptionOnClient" classname="org.apache.hadoop.ozone.TestSecureOzoneCluster" time="10.783">
    <system-out><![CDATA[2023-08-23 10:51:48,054 [Time-limited test] INFO  net.ServerSocketUtil (ServerSocketUtil.java:getPort(55)) - Using port 9860
2023-08-23 10:51:48,055 [Time-limited test] INFO  net.ServerSocketUtil (ServerSocketUtil.java:getPort(55)) - Using port 9861
2023-08-23 10:51:48,055 [Time-limited test] INFO  net.ServerSocketUtil (ServerSocketUtil.java:getPort(55)) - Using port 9863
2023-08-23 10:51:48,055 [Time-limited test] INFO  net.ServerSocketUtil (ServerSocketUtil.java:getPort(55)) - Using port 9961
2023-08-23 10:51:48,055 [Time-limited test] INFO  net.ServerSocketUtil (ServerSocketUtil.java:getPort(55)) - Using port 1200
2023-08-23 10:51:48,055 [Time-limited test] INFO  net.ServerSocketUtil (ServerSocketUtil.java:getPort(55)) - Using port 1201
2023-08-23 10:51:48,055 [Time-limited test] INFO  minikdc.MiniKdc (MiniKdc.java:<init>(225)) - Configuration:
2023-08-23 10:51:48,055 [Time-limited test] INFO  minikdc.MiniKdc (MiniKdc.java:<init>(226)) - ---------------------------------------------------------------
2023-08-23 10:51:48,055 [Time-limited test] INFO  minikdc.MiniKdc (MiniKdc.java:<init>(228)) -   debug: false
2023-08-23 10:51:48,055 [Time-limited test] INFO  minikdc.MiniKdc (MiniKdc.java:<init>(228)) -   transport: TCP
2023-08-23 10:51:48,055 [Time-limited test] INFO  minikdc.MiniKdc (MiniKdc.java:<init>(228)) -   max.ticket.lifetime: 86400000
2023-08-23 10:51:48,056 [Time-limited test] INFO  minikdc.MiniKdc (MiniKdc.java:<init>(228)) -   org.name: EXAMPLE
2023-08-23 10:51:48,056 [Time-limited test] INFO  minikdc.MiniKdc (MiniKdc.java:<init>(228)) -   kdc.port: 0
2023-08-23 10:51:48,056 [Time-limited test] INFO  minikdc.MiniKdc (MiniKdc.java:<init>(228)) -   org.domain: COM
2023-08-23 10:51:48,056 [Time-limited test] INFO  minikdc.MiniKdc (MiniKdc.java:<init>(228)) -   max.renewable.lifetime: 604800000
2023-08-23 10:51:48,056 [Time-limited test] INFO  minikdc.MiniKdc (MiniKdc.java:<init>(228)) -   instance: DefaultKrbServer
2023-08-23 10:51:48,056 [Time-limited test] INFO  minikdc.MiniKdc (MiniKdc.java:<init>(228)) -   kdc.bind.address: localhost
2023-08-23 10:51:48,056 [Time-limited test] INFO  minikdc.MiniKdc (MiniKdc.java:<init>(230)) - ---------------------------------------------------------------
2023-08-23 10:51:48,058 [Time-limited test] INFO  minikdc.MiniKdc (MiniKdc.java:start(285)) - MiniKdc started.
2023-08-23 10:51:48,581 [Time-limited test] INFO  om.OzoneManager (OzoneManager.java:getOmDetailsProto(4552)) - OzoneManager ports added:[name: "RPC"
value: 1202
]
2023-08-23 10:51:48,582 [Time-limited test] WARN  server.ServerUtils (ServerUtils.java:getScmDbDir(155)) - ozone.scm.db.dirs is not configured. We recommend adding this setting. Falling back to ozone.metadata.dirs instead.
2023-08-23 10:51:48,582 [Time-limited test] INFO  ha.HASecurityUtils (HASecurityUtils.java:initializeSecurity(98)) - Initializing secure StorageContainerManager.
2023-08-23 10:51:48,584 [Time-limited test] INFO  client.SCMCertificateClient (DefaultCertificateClient.java:updateCertSerialId(1244)) - Certificate serial ID set to null
2023-08-23 10:51:48,584 [Time-limited test] ERROR client.SCMCertificateClient (DefaultCertificateClient.java:getCertPath(362)) - Default certificate serial id is not set. Can't locate the default certificate for this client.
2023-08-23 10:51:48,584 [Time-limited test] INFO  client.SCMCertificateClient (DefaultCertificateClient.java:init(715)) - Certificate client init case: 0
2023-08-23 10:51:48,584 [Time-limited test] INFO  client.SCMCertificateClient (SCMCertificateClient.java:handleCase(103)) - Creating keypair for client as keypair and certificate not found.
2023-08-23 10:51:48,785 [Time-limited test] INFO  ha.HASecurityUtils (HASecurityUtils.java:initializeSecurity(108)) - Init response: GETCERT
2023-08-23 10:51:49,077 [Time-limited test] INFO  ozone.OzoneSecurityUtil (OzoneSecurityUtil.java:getValidInetsForCurrentHost(119)) - ip:fe80:0:0:0:20d:3aff:fe5a:f85d%eth0 not returned.
2023-08-23 10:51:49,077 [Time-limited test] INFO  ozone.OzoneSecurityUtil (OzoneSecurityUtil.java:getValidInetsForCurrentHost(116)) - Adding ip:10.1.0.17,host:fv-az573-639
2023-08-23 10:51:49,077 [Time-limited test] INFO  ozone.OzoneSecurityUtil (OzoneSecurityUtil.java:getValidInetsForCurrentHost(119)) - ip:0:0:0:0:0:0:0:1%lo not returned.
2023-08-23 10:51:49,077 [Time-limited test] INFO  ozone.OzoneSecurityUtil (OzoneSecurityUtil.java:getValidInetsForCurrentHost(119)) - ip:127.0.0.1 not returned.
2023-08-23 10:51:49,077 [Time-limited test] ERROR utils.SelfSignedCertificate (SelfSignedCertificate.java:lambda$addInetAddresses$0(244)) - Invalid domain fv-az573-639
2023-08-23 10:51:49,080 [Time-limited test] INFO  utils.SelfSignedCertificate (SelfSignedCertificate.java:generateCertificate(157)) - Certificate 1 is issued by CN=scm-1@fv-az573-639,OU=20f4cf61-9751-4873-8ab8-da72621565e2,O=81a117f3-38b9-4b3b-8c5c-41802710411f to CN=scm-1@fv-az573-639,OU=20f4cf61-9751-4873-8ab8-da72621565e2,O=81a117f3-38b9-4b3b-8c5c-41802710411f, valid from Wed Aug 23 10:51:49 UTC 2023 to Sat Sep 30 10:51:49 UTC 2028
2023-08-23 10:51:49,081 [Time-limited test] INFO  utils.CertificateCodec (CertificateCodec.java:writeCertificate(299)) - Save certificate to /tmp/junit5016355102603991263/junit52897724901842799/scm-meta/scm/ca/certs/certificate.crt
2023-08-23 10:51:49,081 [Time-limited test] INFO  utils.CertificateCodec (CertificateCodec.java:writeCertificate(300)) - Certificate -----BEGIN CERTIFICATE-----
MIIDpTCCAo2gAwIBAgIBATANBgkqhkiG9w0BAQsFADB7MRswGQYDVQQDDBJzY20t
MUBmdi1hejU3My02MzkxLTArBgNVBAsMJDIwZjRjZjYxLTk3NTEtNDg3My04YWI4
LWRhNzI2MjE1NjVlMjEtMCsGA1UECgwkODFhMTE3ZjMtMzhiOS00YjNiLThjNWMt
NDE4MDI3MTA0MTFmMB4XDTIzMDgyMzEwNTE0OVoXDTI4MDkzMDEwNTE0OVowezEb
MBkGA1UEAwwSc2NtLTFAZnYtYXo1NzMtNjM5MS0wKwYDVQQLDCQyMGY0Y2Y2MS05
NzUxLTQ4NzMtOGFiOC1kYTcyNjIxNTY1ZTIxLTArBgNVBAoMJDgxYTExN2YzLTM4
YjktNGIzYi04YzVjLTQxODAyNzEwNDExZjCCASIwDQYJKoZIhvcNAQEBBQADggEP
ADCCAQoCggEBAL6WukwXfrpk3vLRdhhwlHa1zU7EMSXlFAQoyqLz+Uf3tgaCAnso
fY/PJTccpkGLnAMWwxnoPOKhiv4TH6SrCK+IHUM7RV7mRfbHImnn+dV8gKIHag+G
+0VJ96TRSHbL3HbNfOOopwWf2B53U3fHV6qQA7EGjfRHZ0pvlnn6JTcHXErn6QK2
/lMC4C9otqUomAcrt3GMG7z6ILUfRA9Py8afrad8m2copliz0lVqrVCR3AMiubv5
shknwxZvXRmC4F5fnaMA2qlKs9vbC8xQGazUap9k3hJegbc15v71C+3UN4dDu4f/
kibVvovIYzeGoeH1EUIaQQlc5l2O+pmBwKUCAwEAAaM0MDIwDwYDVR0TAQH/BAUw
AwEB/zAOBgNVHQ8BAf8EBAMCAQYwDwYDVR0RBAgwBocECgEAETANBgkqhkiG9w0B
AQsFAAOCAQEAXNbsYSeNbnCRT+Gep1m9Z3ZtmPY+cr7aXKmerpceZx++UH0L2CXU
NyBsppj9sd4O/EWTst6FcDIgmz2YeFRr3lqcqtCdFq5vsFD8VKTBOulzf1mKV9/Q
ke7JTBjWiseJ2zxOZLmeQLvDOktkHlzXJw0vb7Xl+SgMGtybJqbLBjX1Kh6Mmexj
i8GQLr4zzVLIiwi9XvbzYOAOBQ9BcsKsYTdXl6NTx3HKjAGsPTHabir0Kushh2EM
NSjqj2W7NpJMy1Jg2Ehu2GT28TCeqwCQAc2k+0SwSzB8Me4WfSTmFVKjKjDOiiUA
er9VLbzM0Q7KCVRVVRiNVVeaJmEU8YGjWA==
-----END CERTIFICATE-----

2023-08-23 10:51:49,082 [Time-limited test] INFO  client.SCMCertificateClient (SCMCertificateClient.java:getCSRBuilder(165)) - Creating csr for SCM->hostName:fv-az573-639,scmId:20f4cf61-9751-4873-8ab8-da72621565e2,clusterId:81a117f3-38b9-4b3b-8c5c-41802710411f,subject:scm-sub-1594455374498@fv-az573-639
2023-08-23 10:51:49,082 [Time-limited test] INFO  ozone.OzoneSecurityUtil (OzoneSecurityUtil.java:getValidInetsForCurrentHost(119)) - ip:fe80:0:0:0:20d:3aff:fe5a:f85d%eth0 not returned.
2023-08-23 10:51:49,082 [Time-limited test] INFO  ozone.OzoneSecurityUtil (OzoneSecurityUtil.java:getValidInetsForCurrentHost(116)) - Adding ip:10.1.0.17,host:fv-az573-639
2023-08-23 10:51:49,082 [Time-limited test] INFO  ozone.OzoneSecurityUtil (OzoneSecurityUtil.java:getValidInetsForCurrentHost(119)) - ip:0:0:0:0:0:0:0:1%lo not returned.
2023-08-23 10:51:49,082 [Time-limited test] INFO  ozone.OzoneSecurityUtil (OzoneSecurityUtil.java:getValidInetsForCurrentHost(119)) - ip:127.0.0.1 not returned.
2023-08-23 10:51:49,082 [Time-limited test] ERROR utils.CertificateSignRequest (CertificateSignRequest.java:lambda$addInetAddresses$0(295)) - Invalid domain fv-az573-639
2023-08-23 10:51:49,082 [Time-limited test] INFO  ha.HASecurityUtils (HASecurityUtils.java:generateCSR(308)) - Creating csr for SCM->hostName:fv-az573-639,scmId:20f4cf61-9751-4873-8ab8-da72621565e2,clusterId:81a117f3-38b9-4b3b-8c5c-41802710411f,subject:scm-sub-1594456030906@fv-az573-639
2023-08-23 10:51:49,086 [Time-limited test] INFO  authority.DefaultApprover (DefaultApprover.java:sign(154)) - Extensions in CSR: 2.5.29.19, 2.5.29.15, 2.5.29.17
2023-08-23 10:51:49,087 [Time-limited test] INFO  authority.DefaultApprover (DefaultApprover.java:sign(158)) - Extensions to add to the certificate if they present in CSR: 2.5.29.17, 2.5.29.19, 1.3.6.1.5.5.7.1.12, 2.5.29.35, 2.5.29.37, 2.5.29.15
2023-08-23 10:51:49,091 [Time-limited test] INFO  utils.CertificateCodec (CertificateCodec.java:writeCertificate(299)) - Save certificate to /tmp/junit5016355102603991263/junit52897724901842799/scm-meta/scm/sub-ca/certs/CA-1.crt
2023-08-23 10:51:49,091 [Time-limited test] INFO  utils.CertificateCodec (CertificateCodec.java:writeCertificate(300)) - Certificate -----BEGIN CERTIFICATE-----
MIIDpTCCAo2gAwIBAgIBATANBgkqhkiG9w0BAQsFADB7MRswGQYDVQQDDBJzY20t
MUBmdi1hejU3My02MzkxLTArBgNVBAsMJDIwZjRjZjYxLTk3NTEtNDg3My04YWI4
LWRhNzI2MjE1NjVlMjEtMCsGA1UECgwkODFhMTE3ZjMtMzhiOS00YjNiLThjNWMt
NDE4MDI3MTA0MTFmMB4XDTIzMDgyMzEwNTE0OVoXDTI4MDkzMDEwNTE0OVowezEb
MBkGA1UEAwwSc2NtLTFAZnYtYXo1NzMtNjM5MS0wKwYDVQQLDCQyMGY0Y2Y2MS05
NzUxLTQ4NzMtOGFiOC1kYTcyNjIxNTY1ZTIxLTArBgNVBAoMJDgxYTExN2YzLTM4
YjktNGIzYi04YzVjLTQxODAyNzEwNDExZjCCASIwDQYJKoZIhvcNAQEBBQADggEP
ADCCAQoCggEBAL6WukwXfrpk3vLRdhhwlHa1zU7EMSXlFAQoyqLz+Uf3tgaCAnso
fY/PJTccpkGLnAMWwxnoPOKhiv4TH6SrCK+IHUM7RV7mRfbHImnn+dV8gKIHag+G
+0VJ96TRSHbL3HbNfOOopwWf2B53U3fHV6qQA7EGjfRHZ0pvlnn6JTcHXErn6QK2
/lMC4C9otqUomAcrt3GMG7z6ILUfRA9Py8afrad8m2copliz0lVqrVCR3AMiubv5
shknwxZvXRmC4F5fnaMA2qlKs9vbC8xQGazUap9k3hJegbc15v71C+3UN4dDu4f/
kibVvovIYzeGoeH1EUIaQQlc5l2O+pmBwKUCAwEAAaM0MDIwDwYDVR0TAQH/BAUw
AwEB/zAOBgNVHQ8BAf8EBAMCAQYwDwYDVR0RBAgwBocECgEAETANBgkqhkiG9w0B
AQsFAAOCAQEAXNbsYSeNbnCRT+Gep1m9Z3ZtmPY+cr7aXKmerpceZx++UH0L2CXU
NyBsppj9sd4O/EWTst6FcDIgmz2YeFRr3lqcqtCdFq5vsFD8VKTBOulzf1mKV9/Q
ke7JTBjWiseJ2zxOZLmeQLvDOktkHlzXJw0vb7Xl+SgMGtybJqbLBjX1Kh6Mmexj
i8GQLr4zzVLIiwi9XvbzYOAOBQ9BcsKsYTdXl6NTx3HKjAGsPTHabir0Kushh2EM
NSjqj2W7NpJMy1Jg2Ehu2GT28TCeqwCQAc2k+0SwSzB8Me4WfSTmFVKjKjDOiiUA
er9VLbzM0Q7KCVRVVRiNVVeaJmEU8YGjWA==
-----END CERTIFICATE-----

2023-08-23 10:51:49,092 [Time-limited test] INFO  utils.CertificateCodec (CertificateCodec.java:writeCertificate(299)) - Save certificate to /tmp/junit5016355102603991263/junit52897724901842799/scm-meta/scm/sub-ca/certs/1594459294644.crt
2023-08-23 10:51:49,092 [Time-limited test] INFO  utils.CertificateCodec (CertificateCodec.java:writeCertificate(300)) - Certificate -----BEGIN CERTIFICATE-----
MIIDuzCCAqOgAwIBAgIGAXM9Lgu0MA0GCSqGSIb3DQEBCwUAMHsxGzAZBgNVBAMM
EnNjbS0xQGZ2LWF6NTczLTYzOTEtMCsGA1UECwwkMjBmNGNmNjEtOTc1MS00ODcz
LThhYjgtZGE3MjYyMTU2NWUyMS0wKwYDVQQKDCQ4MWExMTdmMy0zOGI5LTRiM2It
OGM1Yy00MTgwMjcxMDQxMWYwHhcNMjMwODIzMTA1MTQ5WhcNMjgwOTMwMTA1MTQ5
WjCBizErMCkGA1UEAwwic2NtLXN1Yi0xNTk0NDU2MDMwOTA2QGZ2LWF6NTczLTYz
OTEtMCsGA1UECwwkMjBmNGNmNjEtOTc1MS00ODczLThhYjgtZGE3MjYyMTU2NWUy
MS0wKwYDVQQKDCQ4MWExMTdmMy0zOGI5LTRiM2ItOGM1Yy00MTgwMjcxMDQxMWYw
ggEiMA0GCSqGSIb3DQEBAQUAA4IBDwAwggEKAoIBAQCpA1vaIcHk33BvRARZLjNQ
DkT0+hqD9DTbtU/pYtT3Fk1OM40cItXC8HLmWIpHInii/wB15YOfHNvvDtBxoR71
81iFXARYTVak7OeeNI1t4P8UTAdcKb8GST+s89cXqHfTpp8+sD1/YrCvg3Sq70lm
tf8K5bq911e4/VfufrZK/G4jRL3/km7589zu0+4mWI7QllhXYqZ5GT21IyenJWFw
9FsDXvH3SIwmTwKURoNZ+YatQ+ukxZYuP3DsYj9Ktu6w5r1LzMI3QffpJDDjP3Qh
TJvhCrlicAcujnE6UPRj1WahwUzexV3kZdihg039JIAFulq+r36RZBaLd43ASK+j
AgMBAAGjNDAyMA8GA1UdEQQIMAaHBAoBABEwDwYDVR0TAQH/BAUwAwEB/zAOBgNV
HQ8BAf8EBAMCAb4wDQYJKoZIhvcNAQELBQADggEBALVcfXluz2I/SNhoJOff/FGY
UZ332FVVBmdoQdt5PUV4wql5YyFSkXI9xuSNxMvaywGX6eAR0L/IA830iRkoZCei
suGiHjzEE/xJMETB9cSLIM8xrts4StFNn7VGHVUI8jz327ANcxk9RXY5pqx+md5c
AwVx6oa5ETP0invJmJ261HZeer2LdpHav2uJeZ+QiIC/s7XXDsQRKZ2bC96tGIr5
FRJ7sobQyIFP4JGv7Wyy6lyVevTEUCbRzsrReVqtBj2UT+h7aSXH3ovl3EXlKvEB
I4cijLIgyPdIk1x3pt4jMEG4V4HKUJ7JAUCjJJwCzbUiZjD9mfiJ4WN9RC7R9VY=
-----END CERTIFICATE-----

-----BEGIN CERTIFICATE-----
MIIDpTCCAo2gAwIBAgIBATANBgkqhkiG9w0BAQsFADB7MRswGQYDVQQDDBJzY20t
MUBmdi1hejU3My02MzkxLTArBgNVBAsMJDIwZjRjZjYxLTk3NTEtNDg3My04YWI4
LWRhNzI2MjE1NjVlMjEtMCsGA1UECgwkODFhMTE3ZjMtMzhiOS00YjNiLThjNWMt
NDE4MDI3MTA0MTFmMB4XDTIzMDgyMzEwNTE0OVoXDTI4MDkzMDEwNTE0OVowezEb
MBkGA1UEAwwSc2NtLTFAZnYtYXo1NzMtNjM5MS0wKwYDVQQLDCQyMGY0Y2Y2MS05
NzUxLTQ4NzMtOGFiOC1kYTcyNjIxNTY1ZTIxLTArBgNVBAoMJDgxYTExN2YzLTM4
YjktNGIzYi04YzVjLTQxODAyNzEwNDExZjCCASIwDQYJKoZIhvcNAQEBBQADggEP
ADCCAQoCggEBAL6WukwXfrpk3vLRdhhwlHa1zU7EMSXlFAQoyqLz+Uf3tgaCAnso
fY/PJTccpkGLnAMWwxnoPOKhiv4TH6SrCK+IHUM7RV7mRfbHImnn+dV8gKIHag+G
+0VJ96TRSHbL3HbNfOOopwWf2B53U3fHV6qQA7EGjfRHZ0pvlnn6JTcHXErn6QK2
/lMC4C9otqUomAcrt3GMG7z6ILUfRA9Py8afrad8m2copliz0lVqrVCR3AMiubv5
shknwxZvXRmC4F5fnaMA2qlKs9vbC8xQGazUap9k3hJegbc15v71C+3UN4dDu4f/
kibVvovIYzeGoeH1EUIaQQlc5l2O+pmBwKUCAwEAAaM0MDIwDwYDVR0TAQH/BAUw
AwEB/zAOBgNVHQ8BAf8EBAMCAQYwDwYDVR0RBAgwBocECgEAETANBgkqhkiG9w0B
AQsFAAOCAQEAXNbsYSeNbnCRT+Gep1m9Z3ZtmPY+cr7aXKmerpceZx++UH0L2CXU
NyBsppj9sd4O/EWTst6FcDIgmz2YeFRr3lqcqtCdFq5vsFD8VKTBOulzf1mKV9/Q
ke7JTBjWiseJ2zxOZLmeQLvDOktkHlzXJw0vb7Xl+SgMGtybJqbLBjX1Kh6Mmexj
i8GQLr4zzVLIiwi9XvbzYOAOBQ9BcsKsYTdXl6NTx3HKjAGsPTHabir0Kushh2EM
NSjqj2W7NpJMy1Jg2Ehu2GT28TCeqwCQAc2k+0SwSzB8Me4WfSTmFVKjKjDOiiUA
er9VLbzM0Q7KCVRVVRiNVVeaJmEU8YGjWA==
-----END CERTIFICATE-----

2023-08-23 10:51:49,092 [Time-limited test] INFO  utils.CertificateCodec (CertificateCodec.java:writeCertificate(299)) - Save certificate to /tmp/junit5016355102603991263/junit52897724901842799/scm-meta/scm/sub-ca/certs/certificate.crt
2023-08-23 10:51:49,092 [Time-limited test] INFO  utils.CertificateCodec (CertificateCodec.java:writeCertificate(300)) - Certificate -----BEGIN CERTIFICATE-----
MIIDuzCCAqOgAwIBAgIGAXM9Lgu0MA0GCSqGSIb3DQEBCwUAMHsxGzAZBgNVBAMM
EnNjbS0xQGZ2LWF6NTczLTYzOTEtMCsGA1UECwwkMjBmNGNmNjEtOTc1MS00ODcz
LThhYjgtZGE3MjYyMTU2NWUyMS0wKwYDVQQKDCQ4MWExMTdmMy0zOGI5LTRiM2It
OGM1Yy00MTgwMjcxMDQxMWYwHhcNMjMwODIzMTA1MTQ5WhcNMjgwOTMwMTA1MTQ5
WjCBizErMCkGA1UEAwwic2NtLXN1Yi0xNTk0NDU2MDMwOTA2QGZ2LWF6NTczLTYz
OTEtMCsGA1UECwwkMjBmNGNmNjEtOTc1MS00ODczLThhYjgtZGE3MjYyMTU2NWUy
MS0wKwYDVQQKDCQ4MWExMTdmMy0zOGI5LTRiM2ItOGM1Yy00MTgwMjcxMDQxMWYw
ggEiMA0GCSqGSIb3DQEBAQUAA4IBDwAwggEKAoIBAQCpA1vaIcHk33BvRARZLjNQ
DkT0+hqD9DTbtU/pYtT3Fk1OM40cItXC8HLmWIpHInii/wB15YOfHNvvDtBxoR71
81iFXARYTVak7OeeNI1t4P8UTAdcKb8GST+s89cXqHfTpp8+sD1/YrCvg3Sq70lm
tf8K5bq911e4/VfufrZK/G4jRL3/km7589zu0+4mWI7QllhXYqZ5GT21IyenJWFw
9FsDXvH3SIwmTwKURoNZ+YatQ+ukxZYuP3DsYj9Ktu6w5r1LzMI3QffpJDDjP3Qh
TJvhCrlicAcujnE6UPRj1WahwUzexV3kZdihg039JIAFulq+r36RZBaLd43ASK+j
AgMBAAGjNDAyMA8GA1UdEQQIMAaHBAoBABEwDwYDVR0TAQH/BAUwAwEB/zAOBgNV
HQ8BAf8EBAMCAb4wDQYJKoZIhvcNAQELBQADggEBALVcfXluz2I/SNhoJOff/FGY
UZ332FVVBmdoQdt5PUV4wql5YyFSkXI9xuSNxMvaywGX6eAR0L/IA830iRkoZCei
suGiHjzEE/xJMETB9cSLIM8xrts4StFNn7VGHVUI8jz327ANcxk9RXY5pqx+md5c
AwVx6oa5ETP0invJmJ261HZeer2LdpHav2uJeZ+QiIC/s7XXDsQRKZ2bC96tGIr5
FRJ7sobQyIFP4JGv7Wyy6lyVevTEUCbRzsrReVqtBj2UT+h7aSXH3ovl3EXlKvEB
I4cijLIgyPdIk1x3pt4jMEG4V4HKUJ7JAUCjJJwCzbUiZjD9mfiJ4WN9RC7R9VY=
-----END CERTIFICATE-----

-----BEGIN CERTIFICATE-----
MIIDpTCCAo2gAwIBAgIBATANBgkqhkiG9w0BAQsFADB7MRswGQYDVQQDDBJzY20t
MUBmdi1hejU3My02MzkxLTArBgNVBAsMJDIwZjRjZjYxLTk3NTEtNDg3My04YWI4
LWRhNzI2MjE1NjVlMjEtMCsGA1UECgwkODFhMTE3ZjMtMzhiOS00YjNiLThjNWMt
NDE4MDI3MTA0MTFmMB4XDTIzMDgyMzEwNTE0OVoXDTI4MDkzMDEwNTE0OVowezEb
MBkGA1UEAwwSc2NtLTFAZnYtYXo1NzMtNjM5MS0wKwYDVQQLDCQyMGY0Y2Y2MS05
NzUxLTQ4NzMtOGFiOC1kYTcyNjIxNTY1ZTIxLTArBgNVBAoMJDgxYTExN2YzLTM4
YjktNGIzYi04YzVjLTQxODAyNzEwNDExZjCCASIwDQYJKoZIhvcNAQEBBQADggEP
ADCCAQoCggEBAL6WukwXfrpk3vLRdhhwlHa1zU7EMSXlFAQoyqLz+Uf3tgaCAnso
fY/PJTccpkGLnAMWwxnoPOKhiv4TH6SrCK+IHUM7RV7mRfbHImnn+dV8gKIHag+G
+0VJ96TRSHbL3HbNfOOopwWf2B53U3fHV6qQA7EGjfRHZ0pvlnn6JTcHXErn6QK2
/lMC4C9otqUomAcrt3GMG7z6ILUfRA9Py8afrad8m2copliz0lVqrVCR3AMiubv5
shknwxZvXRmC4F5fnaMA2qlKs9vbC8xQGazUap9k3hJegbc15v71C+3UN4dDu4f/
kibVvovIYzeGoeH1EUIaQQlc5l2O+pmBwKUCAwEAAaM0MDIwDwYDVR0TAQH/BAUw
AwEB/zAOBgNVHQ8BAf8EBAMCAQYwDwYDVR0RBAgwBocECgEAETANBgkqhkiG9w0B
AQsFAAOCAQEAXNbsYSeNbnCRT+Gep1m9Z3ZtmPY+cr7aXKmerpceZx++UH0L2CXU
NyBsppj9sd4O/EWTst6FcDIgmz2YeFRr3lqcqtCdFq5vsFD8VKTBOulzf1mKV9/Q
ke7JTBjWiseJ2zxOZLmeQLvDOktkHlzXJw0vb7Xl+SgMGtybJqbLBjX1Kh6Mmexj
i8GQLr4zzVLIiwi9XvbzYOAOBQ9BcsKsYTdXl6NTx3HKjAGsPTHabir0Kushh2EM
NSjqj2W7NpJMy1Jg2Ehu2GT28TCeqwCQAc2k+0SwSzB8Me4WfSTmFVKjKjDOiiUA
er9VLbzM0Q7KCVRVVRiNVVeaJmEU8YGjWA==
-----END CERTIFICATE-----

2023-08-23 10:51:49,092 [Time-limited test] INFO  ha.HASecurityUtils (HASecurityUtils.java:initializeSecurity(121)) - Successfully stored SCM signed certificate.
2023-08-23 10:51:49,095 [Time-limited test] WARN  server.ServerUtils (ServerUtils.java:getScmDbDir(155)) - ozone.scm.db.dirs is not configured. We recommend adding this setting. Falling back to ozone.metadata.dirs instead.
2023-08-23 10:51:49,095 [Time-limited test] INFO  ha.SCMHANodeDetails (SCMHANodeDetails.java:loadSCMHAConfig(210)) - ServiceID for StorageContainerManager is null
2023-08-23 10:51:49,095 [Time-limited test] INFO  ha.SCMHANodeDetails (SCMHANodeDetails.java:loadSCMHAConfig(215)) - ozone.scm.default.service.id is not defined, falling back to ozone.scm.service.ids to find serviceID for StorageContainerManager if it is HA enabled cluster
2023-08-23 10:51:49,105 [pool-328-thread-1] INFO  request.KdcRequest (KdcRequest.java:preauth(651)) - The preauth data is empty.
2023-08-23 10:51:49,107 [pool-328-thread-1] INFO  server.KdcHandler (KdcHandler.java:handleRecoverableException(177)) - KRB error occurred while processing request:Additional pre-authentication required
2023-08-23 10:51:49,112 [pool-328-thread-2] INFO  request.AsRequest (AsRequest.java:issueTicket(112)) - AS_REQ ISSUE: authtime 1692787909111,scm/fv-az573-639@EXAMPLE.COM for krbtgt/EXAMPLE.COM@EXAMPLE.COM
2023-08-23 10:51:49,114 [Time-limited test] INFO  security.UserGroupInformation (UserGroupInformation.java:loginUserFromKeytab(1132)) - Login successful for user scm/fv-az573-639@EXAMPLE.COM using keytab file scm.keytab. Keytab auto renewal enabled : false
2023-08-23 10:51:49,114 [Time-limited test] INFO  server.StorageContainerManager (StorageContainerManager.java:loginAsSCMUserIfSecurityEnabled(1042)) - SCM login successful.
2023-08-23 10:51:49,115 [Time-limited test] INFO  client.SCMCertificateClient (DefaultCertificateClient.java:updateCertSerialId(1244)) - Certificate serial ID set to 1594459294644
2023-08-23 10:51:49,117 [Time-limited test] INFO  client.SCMCertificateClient (DefaultCertificateClient.java:readCertificateFile(237)) - Added certificate   [0]         Version: 3
         SerialNumber: 1594459294644
             IssuerDN: CN=scm-1@fv-az573-639,OU=20f4cf61-9751-4873-8ab8-da72621565e2,O=81a117f3-38b9-4b3b-8c5c-41802710411f
           Start Date: Wed Aug 23 10:51:49 UTC 2023
           Final Date: Sat Sep 30 10:51:49 UTC 2028
            SubjectDN: CN=scm-sub-1594456030906@fv-az573-639,OU=20f4cf61-9751-4873-8ab8-da72621565e2,O=81a117f3-38b9-4b3b-8c5c-41802710411f
           Public Key: RSA Public Key [3d:b8:7d:23:81:eb:c3:1f:f1:4f:bc:69:0b:55:24:e3:3c:54:70:44],[56:66:d1:a4]
        modulus: a9035bda21c1e4df706f4404592e33500e44f4fa1a83f434dbb54fe962d4f7164d4e338d1c22d5c2f072e6588a472278a2ff0075e5839f1cdbef0ed071a11ef5f358855c04584d56a4ece79e348d6de0ff144c075c29bf06493facf3d717a877d3a69f3eb03d7f62b0af8374aaef4966b5ff0ae5babdd757b8fd57ee7eb64afc6e2344bdff926ef9f3dceed3ee26588ed096585762a679193db52327a7256170f45b035ef1f7488c264f0294468359f986ad43eba4c5962e3f70ec623f4ab6eeb0e6bd4bccc23741f7e92430e33f74214c9be10ab96270072e8e713a50f463d566a1c14cdec55de465d8a1834dfd248005ba5abeaf7e9164168b778dc048afa3
public exponent: 10001

  Signature Algorithm: SHA256WITHRSA
            Signature: b55c7d796ecf623f48d86824e7dffc5198519df7
                       d8555506676841db793d4578c2a9796321529172
                       3dc6e48dc4cbdacb0197e9e011d0bfc803cdf489
                       19286427a2b2e1a21e3cc413fc493044c1f5c48b
                       20cf31aedb384ad14d9fb5461d5508f23cf7dbb0
                       0d73193d457639a6ac7e99de5c030571ea86b911
                       33f48a7bc9989dbad4765e7abd8b7691dabf6b89
                       799f908880bfb3b5d70ec411299d9b0bdead188a
                       f915127bb286d0c8814fe091afed6cb2ea5c957a
                       f4c45026d1cecad1795aad063d944fe87b6925c7
                       de8be5dc45e52af1012387228cb220c8f748935c
                       77a6de233041b85781ca509ec90140a3249c02cd
                       b5226630fd99f889e1637d442ed1f556
       Extensions: 
                       critical(false) 2.5.29.17 value = Sequence
    Tagged [7] IMPLICIT 
        DER Octet String[4] 

                       critical(true) BasicConstraints: isCa(true)
                       critical(true) KeyUsage: 0xbe
 from file: /tmp/junit5016355102603991263/junit52897724901842799/scm-meta/scm/sub-ca/certs/1594459294644.crt.
2023-08-23 10:51:49,118 [Time-limited test] INFO  client.SCMCertificateClient (DefaultCertificateClient.java:readCertificateFile(237)) - Added certificate   [0]         Version: 3
         SerialNumber: 1
             IssuerDN: CN=scm-1@fv-az573-639,OU=20f4cf61-9751-4873-8ab8-da72621565e2,O=81a117f3-38b9-4b3b-8c5c-41802710411f
           Start Date: Wed Aug 23 10:51:49 UTC 2023
           Final Date: Sat Sep 30 10:51:49 UTC 2028
            SubjectDN: CN=scm-1@fv-az573-639,OU=20f4cf61-9751-4873-8ab8-da72621565e2,O=81a117f3-38b9-4b3b-8c5c-41802710411f
           Public Key: RSA Public Key [f8:18:f8:e0:f6:2e:2f:16:37:53:15:5c:75:58:6b:5c:5c:70:cf:4a],[56:66:d1:a4]
        modulus: be96ba4c177eba64def2d17618709476b5cd4ec43125e5140428caa2f3f947f7b60682027b287d8fcf25371ca6418b9c0316c319e83ce2a18afe131fa4ab08af881d433b455ee645f6c72269e7f9d57c80a2076a0f86fb4549f7a4d14876cbdc76cd7ce3a8a7059fd81e775377c757aa9003b1068df447674a6f9679fa2537075c4ae7e902b6fe5302e02f68b6a52898072bb7718c1bbcfa20b51f440f4fcbc69fada77c9b6728a658b3d2556aad5091dc0322b9bbf9b21927c3166f5d1982e05e5f9da300daa94ab3dbdb0bcc5019acd46a9f64de125e81b735e6fef50bedd4378743bb87ff9226d5be8bc8633786a1e1f511421a41095ce65d8efa9981c0a5
public exponent: 10001

  Signature Algorithm: SHA256WITHRSA
            Signature: 5cd6ec61278d6e70914fe19ea759bd67766d98f6
                       3e72beda5ca99eae971e671fbe507d0bd825d437
                       206ca698fdb1de0efc4593b2de857032209b3d98
                       78546bde5a9caad09d16ae6fb050fc54a4c13ae9
                       737f598a57dfd091eec94c18d68ac789db3c4e64
                       b99e40bbc33a4b641e5cd7270d2f6fb5e5f9280c
                       1adc9b26a6cb0635f52a1e8c99ec638bc1902ebe
                       33cd52c88b08bd5ef6f360e00e050f4172c2ac61
                       375797a353c771ca8c01ac3d31da6e2af42aeb21
                       87610c3528ea8f65bb36924ccb5260d8486ed864
                       f6f1309eab009001cda4fb44b04b307c31ee167d
                       24e61552a32a30ce8a25007abf552dbcccd10eca
                       09545555188d55579a266114f181a358
       Extensions: 
                       critical(true) BasicConstraints: isCa(true)
                       critical(true) KeyUsage: 0x6
                       critical(false) 2.5.29.17 value = Sequence
    Tagged [7] IMPLICIT 
        DER Octet String[4] 

 from file: /tmp/junit5016355102603991263/junit52897724901842799/scm-meta/scm/sub-ca/certs/CA-1.crt.
2023-08-23 10:51:49,124 [Time-limited test] INFO  client.SCMCertificateClient (DefaultCertificateClient.java:readCertificateFile(237)) - Added certificate   [0]         Version: 3
         SerialNumber: 1594459294644
             IssuerDN: CN=scm-1@fv-az573-639,OU=20f4cf61-9751-4873-8ab8-da72621565e2,O=81a117f3-38b9-4b3b-8c5c-41802710411f
           Start Date: Wed Aug 23 10:51:49 UTC 2023
           Final Date: Sat Sep 30 10:51:49 UTC 2028
            SubjectDN: CN=scm-sub-1594456030906@fv-az573-639,OU=20f4cf61-9751-4873-8ab8-da72621565e2,O=81a117f3-38b9-4b3b-8c5c-41802710411f
           Public Key: RSA Public Key [3d:b8:7d:23:81:eb:c3:1f:f1:4f:bc:69:0b:55:24:e3:3c:54:70:44],[56:66:d1:a4]
        modulus: a9035bda21c1e4df706f4404592e33500e44f4fa1a83f434dbb54fe962d4f7164d4e338d1c22d5c2f072e6588a472278a2ff0075e5839f1cdbef0ed071a11ef5f358855c04584d56a4ece79e348d6de0ff144c075c29bf06493facf3d717a877d3a69f3eb03d7f62b0af8374aaef4966b5ff0ae5babdd757b8fd57ee7eb64afc6e2344bdff926ef9f3dceed3ee26588ed096585762a679193db52327a7256170f45b035ef1f7488c264f0294468359f986ad43eba4c5962e3f70ec623f4ab6eeb0e6bd4bccc23741f7e92430e33f74214c9be10ab96270072e8e713a50f463d566a1c14cdec55de465d8a1834dfd248005ba5abeaf7e9164168b778dc048afa3
public exponent: 10001

  Signature Algorithm: SHA256WITHRSA
            Signature: b55c7d796ecf623f48d86824e7dffc5198519df7
                       d8555506676841db793d4578c2a9796321529172
                       3dc6e48dc4cbdacb0197e9e011d0bfc803cdf489
                       19286427a2b2e1a21e3cc413fc493044c1f5c48b
                       20cf31aedb384ad14d9fb5461d5508f23cf7dbb0
                       0d73193d457639a6ac7e99de5c030571ea86b911
                       33f48a7bc9989dbad4765e7abd8b7691dabf6b89
                       799f908880bfb3b5d70ec411299d9b0bdead188a
                       f915127bb286d0c8814fe091afed6cb2ea5c957a
                       f4c45026d1cecad1795aad063d944fe87b6925c7
                       de8be5dc45e52af1012387228cb220c8f748935c
                       77a6de233041b85781ca509ec90140a3249c02cd
                       b5226630fd99f889e1637d442ed1f556
       Extensions: 
                       critical(false) 2.5.29.17 value = Sequence
    Tagged [7] IMPLICIT 
        DER Octet String[4] 

                       critical(true) BasicConstraints: isCa(true)
                       critical(true) KeyUsage: 0xbe
 from file: /tmp/junit5016355102603991263/junit52897724901842799/scm-meta/scm/sub-ca/certs/certificate.crt.
2023-08-23 10:51:49,125 [Time-limited test] INFO  client.SCMCertificateClient (DefaultCertificateClient.java:loadAllCertificates(191)) - CertificateRenewerService and root ca rotation polling is disabled for scm/sub-ca
2023-08-23 10:51:49,125 [Time-limited test] WARN  utils.HAUtils (HAUtils.java:getMetaDir(339)) - ozone.scm.db.dirs is not configured. We recommend adding this setting. Falling back to ozone.metadata.dirs instead.
2023-08-23 10:51:49,125 [Time-limited test] WARN  db.DBStoreBuilder (DBStoreBuilder.java:applyDBDefinition(166)) - ozone.scm.db.dirs is not configured. We recommend adding this setting. Falling back to ozone.metadata.dirs instead.
2023-08-23 10:51:49,231 [Time-limited test] INFO  net.NodeSchemaLoader (NodeSchemaLoader.java:loadSchemaFromFile(129)) - Loading schema from [jar:file:/home/runner/.m2/repository/org/apache/ozone/hdds-common/1.4.0-SNAPSHOT/hdds-common-1.4.0-SNAPSHOT.jar!/network-topology-default.xml]
2023-08-23 10:51:49,233 [Time-limited test] INFO  net.NodeSchemaLoader (NodeSchemaLoader.java:loadSchema(176)) - Loading network topology layer schema file
2023-08-23 10:51:49,236 [Time-limited test] INFO  upgrade.AbstractLayoutVersionManager (AbstractLayoutVersionManager.java:init(83)) - Initializing Layout version manager with metadata layout = HADOOP_PRC_PORTS_IN_DATANODEDETAILS (version = 7), software layout = HADOOP_PRC_PORTS_IN_DATANODEDETAILS (version = 7)
2023-08-23 10:51:49,238 [Time-limited test] INFO  ha.SequenceIdGenerator (SequenceIdGenerator.java:upgradeToSequenceId(365)) - upgrade localId to 111677748019200000
2023-08-23 10:51:49,238 [Time-limited test] INFO  ha.SequenceIdGenerator (SequenceIdGenerator.java:upgradeToSequenceId(375)) - upgrade delTxnId to 0
2023-08-23 10:51:49,239 [Time-limited test] INFO  ha.SequenceIdGenerator (SequenceIdGenerator.java:upgradeToSequenceId(392)) - upgrade containerId to 0
2023-08-23 10:51:49,241 [Time-limited test] INFO  ha.SequenceIdGenerator (SequenceIdGenerator.java:upgradeToSequenceId(428)) - upgrade rootCertificateId to 1
2023-08-23 10:51:49,242 [Time-limited test] INFO  ha.SequenceIdGenerator (SequenceIdGenerator.java:<init>(236)) - Init the HA SequenceIdGenerator.
2023-08-23 10:51:49,243 [Time-limited test] INFO  node.SCMNodeManager (SCMNodeManager.java:<init>(157)) - Entering startup safe mode.
2023-08-23 10:51:49,245 [Time-limited test] INFO  algorithms.ContainerPlacementPolicyFactory (ContainerPlacementPolicyFactory.java:getPolicyInternal(86)) - Create container placement policy of type org.apache.hadoop.hdds.scm.container.placement.algorithms.SCMContainerPlacementRackAware
2023-08-23 10:51:49,245 [Time-limited test] INFO  algorithms.ContainerPlacementPolicyFactory (ContainerPlacementPolicyFactory.java:getPolicyInternal(86)) - Create container placement policy of type org.apache.hadoop.hdds.scm.container.placement.algorithms.SCMContainerPlacementRackScatter
2023-08-23 10:51:49,245 [Time-limited test] INFO  pipeline.PipelineStateManagerImpl (PipelineStateManagerImpl.java:initialize(78)) - No pipeline exists in current db
2023-08-23 10:51:49,245 [Time-limited test] INFO  algorithms.LeaderChoosePolicyFactory (LeaderChoosePolicyFactory.java:getPolicy(57)) - Create leader choose policy of type org.apache.hadoop.hdds.scm.pipeline.leader.choose.algorithms.MinLeaderCountChoosePolicy
2023-08-23 10:51:49,245 [Time-limited test] INFO  algorithms.ContainerPlacementPolicyFactory (ContainerPlacementPolicyFactory.java:getPolicyInternal(86)) - Create container placement policy of type org.apache.hadoop.hdds.scm.container.placement.algorithms.SCMContainerPlacementRackScatter
2023-08-23 10:51:49,246 [Time-limited test] INFO  ha.SCMServiceManager (SCMServiceManager.java:register(42)) - Registering service BackgroundPipelineCreator.
2023-08-23 10:51:49,246 [Time-limited test] INFO  pipeline.BackgroundPipelineCreator (BackgroundPipelineCreator.java:start(124)) - Starting RatisPipelineUtilsThread.
2023-08-23 10:51:49,249 [Time-limited test] INFO  BackgroundPipelineScrubber (BackgroundSCMService.java:start(68)) - Starting BackgroundPipelineScrubber Service.
2023-08-23 10:51:49,249 [Time-limited test] INFO  ha.SCMServiceManager (SCMServiceManager.java:register(42)) - Registering service BackgroundPipelineScrubber.
2023-08-23 10:51:49,249 [Time-limited test] INFO  ExpiredContainerReplicaOpScrubber (BackgroundSCMService.java:start(68)) - Starting ExpiredContainerReplicaOpScrubber Service.
2023-08-23 10:51:49,249 [Time-limited test] INFO  ha.SCMServiceManager (SCMServiceManager.java:register(42)) - Registering service ExpiredContainerReplicaOpScrubber.
2023-08-23 10:51:49,250 [Time-limited test] INFO  algorithms.PipelineChoosePolicyFactory (PipelineChoosePolicyFactory.java:createPipelineChoosePolicyFromClass(78)) - Create pipeline choose policy of type org.apache.hadoop.hdds.scm.pipeline.choose.algorithms.RandomPipelineChoosePolicy
2023-08-23 10:51:49,250 [Time-limited test] INFO  algorithms.PipelineChoosePolicyFactory (PipelineChoosePolicyFactory.java:createPipelineChoosePolicyFromClass(78)) - Create pipeline choose policy of type org.apache.hadoop.hdds.scm.pipeline.choose.algorithms.RandomPipelineChoosePolicy
2023-08-23 10:51:49,251 [Time-limited test] INFO  ha.SCMServiceManager (SCMServiceManager.java:register(42)) - Registering service SCMBlockDeletingService.
2023-08-23 10:51:49,252 [Time-limited test] INFO  replication.ReplicationManager (ReplicationManager.java:start(287)) - Starting Replication Monitor Thread.
2023-08-23 10:51:49,254 [Time-limited test] INFO  ha.SCMServiceManager (SCMServiceManager.java:register(42)) - Registering service ReplicationManager.
2023-08-23 10:51:49,254 [ReplicationMonitor] INFO  replication.ReplicationManager (ReplicationManager.java:processAll(361)) - Replication Manager is not ready to run until 300000ms after safemode exit
2023-08-23 10:51:49,254 [Time-limited test] INFO  safemode.ContainerSafeModeRule (ContainerSafeModeRule.java:<init>(90)) - containers with one replica threshold count 0
2023-08-23 10:51:49,255 [Time-limited test] INFO  safemode.HealthyPipelineSafeModeRule (HealthyPipelineSafeModeRule.java:initializeRule(169)) - Total pipeline count is 0, healthy pipeline threshold count is 0
2023-08-23 10:51:49,255 [Time-limited test] INFO  safemode.OneReplicaPipelineSafeModeRule (OneReplicaPipelineSafeModeRule.java:initializeRule(180)) - Total pipeline count is 0, pipeline's with at least one datanode reported threshold count is 0
2023-08-23 10:51:49,256 [Time-limited test] INFO  authority.DefaultCAServer (DefaultCAServer.java:lambda$processVerificationStatus$0(472)) - CertificateServer validation is successful
2023-08-23 10:51:49,257 [Time-limited test] INFO  authority.DefaultCAServer (DefaultCAServer.java:lambda$processVerificationStatus$0(472)) - CertificateServer validation is successful
2023-08-23 10:51:49,257 [Time-limited test] INFO  server.StorageContainerManager (StorageContainerManager.java:persistPrimarySCMCerts(932)) - Storing sub-ca certificate serialId 1594459294644 on primary SCM
2023-08-23 10:51:49,258 [Time-limited test] INFO  server.SCMCertStore (SCMCertStore.java:storeValidScmCertificate(122)) - Scm certificate 1594459294644 for CN=scm-sub-1594456030906@fv-az573-639,OU=20f4cf61-9751-4873-8ab8-da72621565e2,O=81a117f3-38b9-4b3b-8c5c-41802710411f is stored
2023-08-23 10:51:49,258 [Time-limited test] INFO  server.StorageContainerManager (StorageContainerManager.java:persistPrimarySCMCerts(940)) - Storing root certificate serialId 1
2023-08-23 10:51:49,259 [Time-limited test] INFO  server.SCMCertStore (SCMCertStore.java:storeValidScmCertificate(122)) - Scm certificate 1 for CN=scm-1@fv-az573-639,OU=20f4cf61-9751-4873-8ab8-da72621565e2,O=81a117f3-38b9-4b3b-8c5c-41802710411f is stored
2023-08-23 10:51:49,259 [Time-limited test] INFO  ipc.CallQueueManager (CallQueueManager.java:<init>(90)) - Using callQueue: class java.util.concurrent.LinkedBlockingQueue, queueCapacity: 200, scheduler: class org.apache.hadoop.ipc.DefaultRpcScheduler, ipcBackoff: false.
2023-08-23 10:51:49,259 [Time-limited test] INFO  ipc.Server (Server.java:<init>(1287)) - Listener at 0.0.0.0:9961
2023-08-23 10:51:49,260 [Socket Reader #1 for port 9961] INFO  ipc.Server (Server.java:run(1323)) - Starting Socket Reader #1 for port 9961
2023-08-23 10:51:49,269 [Time-limited test] INFO  server.StorageContainerManager (StorageContainerManager.java:<init>(425)) - SCM start with adminUsers: [om/fv-az573-639@EXAMPLE.COM, scm]
2023-08-23 10:51:49,270 [Time-limited test] INFO  ipc.CallQueueManager (CallQueueManager.java:<init>(90)) - Using callQueue: class java.util.concurrent.LinkedBlockingQueue, queueCapacity: 10000, scheduler: class org.apache.hadoop.ipc.DefaultRpcScheduler, ipcBackoff: false.
2023-08-23 10:51:49,270 [Time-limited test] INFO  ipc.Server (Server.java:<init>(1287)) - Listener at 0.0.0.0:9861
2023-08-23 10:51:49,271 [Socket Reader #1 for port 9861] INFO  ipc.Server (Server.java:run(1323)) - Starting Socket Reader #1 for port 9861
2023-08-23 10:51:49,273 [Time-limited test] INFO  ipc.CallQueueManager (CallQueueManager.java:<init>(90)) - Using callQueue: class java.util.concurrent.LinkedBlockingQueue, queueCapacity: 10000, scheduler: class org.apache.hadoop.ipc.DefaultRpcScheduler, ipcBackoff: false.
2023-08-23 10:51:49,273 [Time-limited test] INFO  ipc.Server (Server.java:<init>(1287)) - Listener at 0.0.0.0:9863
2023-08-23 10:51:49,277 [Socket Reader #1 for port 9863] INFO  ipc.Server (Server.java:run(1323)) - Starting Socket Reader #1 for port 9863
2023-08-23 10:51:49,286 [Time-limited test] INFO  ipc.CallQueueManager (CallQueueManager.java:<init>(90)) - Using callQueue: class java.util.concurrent.LinkedBlockingQueue, queueCapacity: 10000, scheduler: class org.apache.hadoop.ipc.DefaultRpcScheduler, ipcBackoff: false.
2023-08-23 10:51:49,286 [Time-limited test] INFO  ipc.Server (Server.java:<init>(1287)) - Listener at 0.0.0.0:9860
2023-08-23 10:51:49,287 [Socket Reader #1 for port 9860] INFO  ipc.Server (Server.java:run(1323)) - Starting Socket Reader #1 for port 9860
2023-08-23 10:51:49,304 [Time-limited test] INFO  ha.SCMServiceManager (SCMServiceManager.java:register(42)) - Registering service ContainerBalancer.
2023-08-23 10:51:49,304 [Time-limited test] INFO  server.StorageContainerManager (StorageContainerManager.java:<init>(438)) - 
Container Balancer status:
Key                            Value
Running                        false
Container Balancer Configuration values:
Key                                                Value
Threshold                                          10
Max Datanodes to Involve per Iteration(percent)    20
Max Size to Move per Iteration                     500GB
Max Size Entering Target per Iteration             26GB
Max Size Leaving Source per Iteration              26GB

2023-08-23 10:51:49,304 [Time-limited test] INFO  ha.SCMContext (SCMContext.java:updateSafeModeStatus(228)) - Update SafeModeStatus from SafeModeStatus{safeModeStatus=true, preCheckPassed=false} to SafeModeStatus{safeModeStatus=true, preCheckPassed=false}.
2023-08-23 10:51:49,304 [Time-limited test] WARN  server.ServerUtils (ServerUtils.java:getDBPath(311)) - ozone.om.db.dirs is not configured. We recommend adding this setting. Falling back to ozone.metadata.dirs instead.
2023-08-23 10:51:49,308 [Time-limited test] INFO  ha.OMHANodeDetails (OMHANodeDetails.java:loadOMHAConfig(115)) - ozone.om.internal.service.id is not defined, falling back to ozone.om.service.ids to find serviceID for OzoneManager if it is HA enabled cluster
2023-08-23 10:51:49,308 [Time-limited test] INFO  ha.OMHANodeDetails (OMHANodeDetails.java:loadOMHAConfig(226)) - Configuration does not have ozone.om.address set. Falling back to the default OM address fv-az573-639/10.1.0.17:1202
2023-08-23 10:51:49,308 [Time-limited test] INFO  ha.OMHANodeDetails (OMHANodeDetails.java:getOMNodeDetailsForNonHA(254)) - OM Service ID is not set. Setting it to the default ID: omServiceIdDefault
2023-08-23 10:51:49,308 [Time-limited test] INFO  ha.OMHANodeDetails (OMHANodeDetails.java:getOMNodeDetailsForNonHA(261)) - OM Node ID is not set. Setting it to the default ID: om1
2023-08-23 10:51:49,308 [Time-limited test] WARN  server.ServerUtils (ServerUtils.java:getDBPath(311)) - ozone.om.db.dirs is not configured. We recommend adding this setting. Falling back to ozone.metadata.dirs instead.
2023-08-23 10:51:49,312 [Time-limited test] INFO  upgrade.AbstractLayoutVersionManager (AbstractLayoutVersionManager.java:init(83)) - Initializing Layout version manager with metadata layout = QUOTA (version = 6), software layout = QUOTA (version = 6)
2023-08-23 10:51:49,381 [Time-limited test] INFO  reflections.Reflections (Reflections.java:scan(232)) - Reflections took 68 ms to scan 2 urls, producing 188 keys and 512 values [using 2 cores]
2023-08-23 10:51:49,382 [Time-limited test] INFO  upgrade.OMLayoutVersionManager (OMLayoutVersionManager.java:lambda$0(115)) - Skipping Upgrade Action MockOmUpgradeAction since it has been finalized.
2023-08-23 10:51:49,382 [Time-limited test] INFO  upgrade.OMLayoutVersionManager (OMLayoutVersionManager.java:lambda$0(115)) - Skipping Upgrade Action QuotaRepairUpgradeAction since it has been finalized.
2023-08-23 10:51:49,387 [pool-328-thread-2] INFO  request.KdcRequest (KdcRequest.java:preauth(651)) - The preauth data is empty.
2023-08-23 10:51:49,388 [pool-328-thread-2] INFO  server.KdcHandler (KdcHandler.java:handleRecoverableException(177)) - KRB error occurred while processing request:Additional pre-authentication required
2023-08-23 10:51:49,392 [pool-328-thread-2] INFO  request.AsRequest (AsRequest.java:issueTicket(112)) - AS_REQ ISSUE: authtime 1692787909392,om/fv-az573-639@EXAMPLE.COM for krbtgt/EXAMPLE.COM@EXAMPLE.COM
2023-08-23 10:51:49,395 [Time-limited test] INFO  security.UserGroupInformation (UserGroupInformation.java:loginUserFromKeytab(1132)) - Login successful for user om/fv-az573-639@EXAMPLE.COM using keytab file om.keytab. Keytab auto renewal enabled : false
2023-08-23 10:51:49,395 [Time-limited test] INFO  om.OzoneManager (OzoneManager.java:loginOMUser(1161)) - Ozone Manager login successful.
2023-08-23 10:51:49,395 [Time-limited test] WARN  server.ServerUtils (ServerUtils.java:getDBPath(311)) - ozone.om.db.dirs is not configured. We recommend adding this setting. Falling back to ozone.metadata.dirs instead.
2023-08-23 10:51:49,396 [Time-limited test] INFO  proxy.SCMBlockLocationFailoverProxyProvider (SCMBlockLocationFailoverProxyProvider.java:<init>(114)) - Created block location fail-over proxy with 1 nodes: [nodeId=scmNodeId,nodeAddress=/0.0.0.0:9863]
2023-08-23 10:51:49,397 [Time-limited test] INFO  om.OzoneManager (OzoneManager.java:getOmDetailsProto(4552)) - OzoneManager ports added:[name: "RPC"
value: 1202
]
2023-08-23 10:51:49,398 [Time-limited test] INFO  security.OMCertificateClient (DefaultCertificateClient.java:updateCertSerialId(1244)) - Certificate serial ID set to 9879877970576
2023-08-23 10:51:49,398 [Time-limited test] WARN  security.OMCertificateClient (DefaultCertificateClient.java:loadAllCertificates(173)) - Certificates could not be loaded.
java.nio.file.NoSuchFileException: /tmp/junit5016355102603991263/junit52897724901842799/scm-meta/om/certs
	at sun.nio.fs.UnixException.translateToIOException(UnixException.java:86)
	at sun.nio.fs.UnixException.rethrowAsIOException(UnixException.java:102)
	at sun.nio.fs.UnixException.rethrowAsIOException(UnixException.java:107)
	at sun.nio.fs.UnixFileSystemProvider.newDirectoryStream(UnixFileSystemProvider.java:427)
	at java.nio.file.Files.newDirectoryStream(Files.java:457)
	at java.nio.file.Files.list(Files.java:3451)
	at org.apache.hadoop.hdds.security.x509.certificate.client.DefaultCertificateClient.loadAllCertificates(DefaultCertificateClient.java:168)
	at org.apache.hadoop.hdds.security.x509.certificate.client.DefaultCertificateClient.updateCertSerialId(DefaultCertificateClient.java:1245)
	at org.apache.hadoop.hdds.security.x509.certificate.client.DefaultCertificateClient.<init>(DefaultCertificateClient.java:157)
	at org.apache.hadoop.hdds.security.x509.certificate.client.CommonCertificateClient.<init>(CommonCertificateClient.java:49)
	at org.apache.hadoop.ozone.security.OMCertificateClient.<init>(OMCertificateClient.java:68)
	at org.apache.hadoop.ozone.om.OzoneManager.<init>(OzoneManager.java:640)
	at org.apache.hadoop.ozone.om.OzoneManager.createOm(OzoneManager.java:754)
	at org.apache.hadoop.ozone.TestSecureOzoneCluster.setupOm(TestSecureOzoneCluster.java:701)
	at org.apache.hadoop.ozone.TestSecureOzoneCluster.testAccessControlExceptionOnClient(TestSecureOzoneCluster.java:561)
	at sun.reflect.NativeMethodAccessorImpl.invoke0(Native Method)
	at sun.reflect.NativeMethodAccessorImpl.invoke(NativeMethodAccessorImpl.java:62)
	at sun.reflect.DelegatingMethodAccessorImpl.invoke(DelegatingMethodAccessorImpl.java:43)
	at java.lang.reflect.Method.invoke(Method.java:498)
	at org.junit.runners.model.FrameworkMethod$1.runReflectiveCall(FrameworkMethod.java:59)
	at org.junit.internal.runners.model.ReflectiveCallable.run(ReflectiveCallable.java:12)
	at org.junit.runners.model.FrameworkMethod.invokeExplosively(FrameworkMethod.java:56)
	at org.junit.internal.runners.statements.InvokeMethod.evaluate(InvokeMethod.java:17)
	at org.junit.internal.runners.statements.RunBefores.evaluate(RunBefores.java:26)
	at org.junit.internal.runners.statements.RunAfters.evaluate(RunAfters.java:27)
	at org.junit.rules.ExternalResource$1.evaluate(ExternalResource.java:54)
	at org.junit.internal.runners.statements.FailOnTimeout$CallableStatement.call(FailOnTimeout.java:288)
	at org.junit.internal.runners.statements.FailOnTimeout$CallableStatement.call(FailOnTimeout.java:282)
	at java.util.concurrent.FutureTask.run(FutureTask.java:266)
	at java.lang.Thread.run(Thread.java:750)
2023-08-23 10:51:49,402 [Time-limited test] INFO  om.OzoneManager (OzoneManager.java:<init>(662)) - OM start with adminUsers: [om/fv-az573-639@EXAMPLE.COM, om]
2023-08-23 10:51:49,403 [Time-limited test] WARN  server.ServerUtils (ServerUtils.java:getDBPath(311)) - ozone.om.db.dirs is not configured. We recommend adding this setting. Falling back to ozone.metadata.dirs instead.
2023-08-23 10:51:49,403 [Time-limited test] INFO  helpers.OmKeyInfo (OmKeyInfo.java:getCodec(71)) - OmKeyInfo.getCodec ignorePipeline = true
2023-08-23 10:51:49,588 [Time-limited test] INFO  om.OzoneManager (OzoneManager.java:instantiateServices(791)) - S3 Multi-Tenancy is disabled
2023-08-23 10:51:49,588 [Time-limited test] INFO  security.OzoneSecretStore (OzoneSecretStore.java:loadState(69)) - Loaded 0 tokens
2023-08-23 10:51:49,588 [Time-limited test] INFO  security.OzoneDelegationTokenSecretManager (OzoneDelegationTokenSecretManager.java:loadTokenSecretState(530)) - Loading token state into token manager.
2023-08-23 10:51:49,588 [Time-limited test] INFO  om.OmSnapshotManager (OmSnapshotManager.java:<init>(175)) - Ozone filesystem snapshot feature is enabled.
2023-08-23 10:51:49,589 [Time-limited test] WARN  server.ServerUtils (ServerUtils.java:getDBPath(311)) - ozone.om.snapshot.diff.db.dir is not configured. We recommend adding this setting. Falling back to ozone.metadata.dirs instead.
2023-08-23 10:51:49,606 [Time-limited test] INFO  snapshot.SnapshotDiffManager (SnapshotDiffManager.java:closeExecutorService(1720)) - Shutting down executorService: 'SstDumpToolExecutor'
2023-08-23 10:51:49,608 [Time-limited test] INFO  om.OzoneManager (OzoneManager.java:addS3GVolumeToDB(4284)) - Created Volume s3v With Owner om required for S3Gateway operations.
2023-08-23 10:51:49,608 [Time-limited test] WARN  server.ServerUtils (ServerUtils.java:getDefaultRatisDirectory(323)) - Storage directory for Ratis is not configured. It is a good idea to map this to an SSD disk. Falling back to ozone.metadata.dirs
2023-08-23 10:51:49,608 [Time-limited test] WARN  utils.OzoneManagerRatisUtils (OzoneManagerRatisUtils.java:getOMRatisSnapshotDirectory(461)) - ozone.om.ratis.snapshot.dir is not configured. Falling back to ozone.metadata.dirs config
2023-08-23 10:51:49,608 [Time-limited test] WARN  server.ServerUtils (ServerUtils.java:getDefaultRatisDirectory(323)) - Storage directory for Ratis is not configured. It is a good idea to map this to an SSD disk. Falling back to ozone.metadata.dirs
2023-08-23 10:51:49,610 [Time-limited test] INFO  ratis.OzoneManagerRatisServer (OzoneManagerRatisServer.java:<init>(163)) - Instantiating OM Ratis server with groupID: omServiceIdDefault and peers: fv-az573-639:9872
2023-08-23 10:51:49,610 [Time-limited test] INFO  ratis.OzoneManagerStateMachine (OzoneManagerStateMachine.java:loadSnapshotInfoFromDB(687)) - LastAppliedIndex is set from TransactionInfo from OM DB as (t:0, i:~)
2023-08-23 10:51:49,611 [Time-limited test] INFO  server.RaftServer (ConfUtils.java:logGet(46)) - raft.rpc.type = GRPC (default)
2023-08-23 10:51:49,611 [Time-limited test] INFO  grpc.GrpcConfigKeys (ConfUtils.java:logFallback(53)) - raft.grpc.admin.host = null (fallback to raft.grpc.server.host)
2023-08-23 10:51:49,611 [Time-limited test] INFO  grpc.GrpcConfigKeys (ConfUtils.java:logFallback(53)) - raft.grpc.admin.port = 9872 (fallback to raft.grpc.server.port)
2023-08-23 10:51:49,611 [Time-limited test] INFO  grpc.GrpcConfigKeys (ConfUtils.java:logFallback(53)) - raft.grpc.client.host = null (fallback to raft.grpc.server.host)
2023-08-23 10:51:49,611 [Time-limited test] INFO  grpc.GrpcConfigKeys (ConfUtils.java:logFallback(53)) - raft.grpc.client.port = 9872 (fallback to raft.grpc.server.port)
2023-08-23 10:51:49,611 [Time-limited test] INFO  grpc.GrpcConfigKeys (ConfUtils.java:logGet(46)) - raft.grpc.server.host = null (default)
2023-08-23 10:51:49,611 [Time-limited test] INFO  grpc.GrpcConfigKeys (ConfUtils.java:logGet(46)) - raft.grpc.server.port = 9872 (custom)
2023-08-23 10:51:49,611 [Time-limited test] INFO  server.GrpcService (ConfUtils.java:logGet(46)) - raft.grpc.message.size.max = 33554432 (custom)
2023-08-23 10:51:49,611 [Time-limited test] INFO  server.RaftServerConfigKeys (ConfUtils.java:logGet(46)) - raft.server.log.appender.buffer.byte-limit = 33554432 (custom)
2023-08-23 10:51:49,611 [Time-limited test] INFO  server.GrpcService (ConfUtils.java:logGet(46)) - raft.grpc.flow.control.window = 1MB (=1048576) (default)
2023-08-23 10:51:49,611 [Time-limited test] INFO  server.RaftServerConfigKeys (ConfUtils.java:logGet(46)) - raft.server.rpc.request.timeout = 3000ms (default)
2023-08-23 10:51:49,612 [Time-limited test] INFO  grpc.GrpcConfigKeys (ConfUtils.java:logGet(46)) - raft.grpc.server.heartbeat.channel = true (default)
2023-08-23 10:51:49,612 [Time-limited test] INFO  grpc.GrpcConfigKeys (ConfUtils.java:logGet(46)) - raft.grpc.server.async.request.thread.pool.cached = true (default)
2023-08-23 10:51:49,612 [Time-limited test] INFO  grpc.GrpcConfigKeys (ConfUtils.java:logGet(46)) - raft.grpc.server.async.request.thread.pool.size = 32 (default)
2023-08-23 10:51:49,613 [Time-limited test] INFO  impl.DataStreamServerImpl (ConfUtils.java:logGet(46)) - raft.datastream.type = DISABLED (default)
2023-08-23 10:51:49,613 [Time-limited test] INFO  server.RaftServerConfigKeys (ConfUtils.java:logGet(46)) - raft.server.threadpool.proxy.cached = true (default)
2023-08-23 10:51:49,613 [Time-limited test] INFO  server.RaftServerConfigKeys (ConfUtils.java:logGet(46)) - raft.server.threadpool.proxy.size = 0 (default)
2023-08-23 10:51:49,613 [Time-limited test] INFO  server.RaftServerConfigKeys (ConfUtils.java:logGet(46)) - raft.server.rpc.slowness.timeout = 120s (custom)
2023-08-23 10:51:49,613 [Time-limited test] INFO  server.RaftServerConfigKeys (ConfUtils.java:logGet(46)) - raft.server.leaderelection.leader.step-down.wait-time = 10s (default)
2023-08-23 10:51:49,613 [Time-limited test] INFO  server.RaftServerConfigKeys (ConfUtils.java:logGet(46)) - raft.server.storage.dir = [/tmp/junit5016355102603991263/junit52897724901842799/scm-meta/ratis] (custom)
2023-08-23 10:51:49,614 [Time-limited test] INFO  server.RaftServer (RaftServerProxy.java:addNew(98)) - om1: addNew group-C5BA1605619E:[om1|rpc:fv-az573-639:9872|priority:0|startupRole:FOLLOWER] returns group-C5BA1605619E:java.util.concurrent.CompletableFuture@679ffcee[Not completed]
2023-08-23 10:51:49,614 [Time-limited test] INFO  om.OzoneManager (OzoneManager.java:initializeRatisServer(2128)) - OzoneManager Ratis server initialized at port 9872
RaftServerImpl.java:<init>(198)) - om1: new RaftServerImpl for group-C5BA1605619E:[om1|rpc:fv-az573-639:9872|priority:0|startupRole:FOLLOWER] with OzoneManagerStateMachine:uninitialized
2023-08-23 10:51:49,614 [Time-limited test] INFO  om.OzoneManager (OzoneManager.java:initializeRatisServer(2128)) - OzoneManager Ratis server initialized at port 9872
2023-08-23 10:51:49,614 [Time-limited test] INFO  om.OzoneManager (ConfUtils.java:logGet(46)) - raft.server.rpc.timeout.min = 5s (custom)
2023-08-23 10:51:49,614 [Time-limited test] INFO  om.OzoneManager (OzoneManager.java:getRpcServer(1193)) - Creating RPC Server
ConfUtils.java:logGet(46)) - raft.server.rpc.timeout.max = 5200ms (custom)
2023-08-23 10:51:49,614 [Time-limited test] INFO  om.OzoneManager (OzoneManager.java:getRpcServer(1193)) - Creating RPC Server
2023-08-23 10:51:49,616 [om1-groupManagement] INFO  server.RaftServerConfigKeys (ConfUtils.java:logGet(46)) - raft.server.rpc.sleep.time = 25ms (default)
2023-08-23 10:51:49,616 [om1-groupManagement] INFO  server.RaftServerConfigKeys (ConfUtils.java:logGet(46)) - raft.server.rpc.slowness.timeout = 120s (custom)
2023-08-23 10:51:49,616 [om1-groupManagement] INFO  server.RaftServerConfigKeys (ConfUtils.java:logGet(46)) - raft.server.leaderelection.leader.step-down.wait-time = 10s (default)
2023-08-23 10:51:49,616 [om1-groupManagement] INFO  server.RaftServerConfigKeys (ConfUtils.java:logGet(46)) - raft.server.sleep.deviation.threshold = 300ms (default)
2023-08-23 10:51:49,616 [om1-groupManagement] INFO  server.RaftServer$Division (ServerState.java:<init>(120)) - om1@group-C5BA1605619E: ConfigurationManager, init=-1: peers:[om1|rpc:fv-az573-639:9872|priority:0|startupRole:FOLLOWER]|listeners:[], old=null, confs=<EMPTY_MAP>
2023-08-23 10:51:49,616 [om1-groupManagement] INFO  server.RaftServerConfigKeys (ConfUtils.java:logGet(46)) - raft.server.storage.dir = [/tmp/junit5016355102603991263/junit52897724901842799/scm-meta/ratis] (custom)
2023-08-23 10:51:49,616 [om1-groupManagement] INFO  server.RaftServerConfigKeys (ConfUtils.java:logGet(46)) - raft.server.log.corruption.policy = EXCEPTION (default)
2023-08-23 10:51:49,616 [om1-groupManagement] INFO  server.RaftServerConfigKeys (ConfUtils.java:logGet(46)) - raft.server.storage.free-space.min = 0MB (=0) (default)
2023-08-23 10:51:49,616 [om1-groupManagement] INFO  server.RaftServerConfigKeys (ConfUtils.java:logGet(46)) - raft.server.notification.no-leader.timeout = 120s (custom)
2023-08-23 10:51:49,616 [om1-groupManagement] INFO  server.RaftServerConfigKeys (ConfUtils.java:logGet(46)) - raft.server.read.timeout = 10s (default)
2023-08-23 10:51:49,616 [om1-groupManagement] INFO  server.RaftServerConfigKeys (ConfUtils.java:logGet(46)) - raft.server.retrycache.expirytime = 300s (custom)
2023-08-23 10:51:49,616 [om1-groupManagement] INFO  server.RaftServerConfigKeys (ConfUtils.java:logGet(46)) - raft.server.retrycache.statistics.expirytime = 100μs (default)
2023-08-23 10:51:49,616 [om1-groupManagement] INFO  server.RaftServerConfigKeys (ConfUtils.java:logGet(46)) - raft.server.read.option = DEFAULT (default)
2023-08-23 10:51:49,617 [om1-groupManagement] INFO  server.RaftServerConfigKeys (ConfUtils.java:logGet(46)) - raft.server.rpc.request.timeout = 3000ms (default)
2023-08-23 10:51:49,617 [om1-groupManagement] INFO  server.RaftServerConfigKeys (ConfUtils.java:logGet(46)) - raft.server.log.appender.install.snapshot.enabled = false (custom)
2023-08-23 10:51:49,617 [om1-groupManagement] INFO  server.RaftServerConfigKeys (ConfUtils.java:logGet(46)) - raft.server.threadpool.server.cached = true (default)
2023-08-23 10:51:49,617 [om1-groupManagement] INFO  server.RaftServerConfigKeys (ConfUtils.java:logGet(46)) - raft.server.threadpool.server.size = 0 (default)
2023-08-23 10:51:49,617 [om1-groupManagement] INFO  server.RaftServerConfigKeys (ConfUtils.java:logGet(46)) - raft.server.threadpool.client.cached = true (default)
2023-08-23 10:51:49,617 [om1-groupManagement] INFO  server.RaftServerConfigKeys (ConfUtils.java:logGet(46)) - raft.server.threadpool.client.size = 0 (default)
2023-08-23 10:51:50,041 [Time-limited test] INFO  reflections.Reflections (Reflections.java:scan(232)) - Reflections took 426 ms to scan 19 urls, producing 70 keys and 5642 values [using 2 cores]
2023-08-23 10:51:50,054 [Time-limited test] INFO  ipc.CallQueueManager (CallQueueManager.java:<init>(90)) - Using callQueue: class java.util.concurrent.LinkedBlockingQueue, queueCapacity: 10000, scheduler: class org.apache.hadoop.ipc.DefaultRpcScheduler, ipcBackoff: false.
2023-08-23 10:51:50,054 [Time-limited test] INFO  ipc.Server (Server.java:<init>(1287)) - Listener at fv-az573-639:1202
2023-08-23 10:51:50,056 [Socket Reader #1 for port 1202] INFO  ipc.Server (Server.java:run(1323)) - Starting Socket Reader #1 for port 1202
2023-08-23 10:51:50,640 [Time-limited test] INFO  utils.SelfSignedCertificate (SelfSignedCertificate.java:generateCertificate(157)) - Certificate 1 is issued by CN=rootCA@localhost,OU=scm1,O=cluster1 to CN=rootCA@localhost,OU=scm1,O=cluster1, valid from Wed Aug 23 10:51:50 UTC 2023 to Sat Sep 30 10:51:50 UTC 2028
2023-08-23 10:51:50,643 [Time-limited test] INFO  authority.DefaultApprover (DefaultApprover.java:sign(154)) - Extensions in CSR: 2.5.29.15
2023-08-23 10:51:50,643 [Time-limited test] INFO  authority.DefaultApprover (DefaultApprover.java:sign(158)) - Extensions to add to the certificate if they present in CSR: 2.5.29.17, 2.5.29.19, 1.3.6.1.5.5.7.1.12, 2.5.29.35, 2.5.29.37, 2.5.29.15
2023-08-23 10:51:50,646 [Time-limited test] INFO  ssl.ReloadingX509KeyManager (ReloadingX509KeyManager.java:loadKeyManager(222)) - Key manager is loaded with certificate chain
2023-08-23 10:51:50,647 [Time-limited test] INFO  ssl.ReloadingX509KeyManager (ReloadingX509KeyManager.java:loadKeyManager(224)) - [
[
  Version: V3
  Subject: O=cluster1, OU=scm1, CN=localhost
  Signature Algorithm: SHA256withRSA, OID = 1.2.840.113549.1.1.11

  Key:  Sun RSA public key, 2048 bits
  params: null
  modulus: 18159364666034274980520791009139682030265244846275606183239993588678559366229663876346749213791129876663829762931528761935799194347563963317852289533666273084350212240858052523532793594696052374861243400151831273856162978778913889384026170986038117086987819131053166455248685237260086642337993797793035699688432533487763205280616447252084984959250809432728425846995747662161469958159884882684370540363746086686400948387040981946334243204696698060662904407570501832756433936978191764683157585810099088437564476059174808461872801258717581539974340693649617986467410112791206959362725655008387293398914497475025652414863
  public exponent: 65537
  Validity: [From: Wed Aug 23 10:51:50 UTC 2023,
               To: Thu Aug 22 10:51:50 UTC 2024]
  Issuer: O=cluster1, OU=scm1, CN=rootCA@localhost
  SerialNumber: [    017399f7 ebe4]

Certificate Extensions: 1
[1]: ObjectId: 2.5.29.15 Criticality=true
KeyUsage [
  DigitalSignature
  Key_Encipherment
  Data_Encipherment
  Key_Agreement
]

]
  Algorithm: [SHA256withRSA]
  Signature:
0000: 3C BE BB 1A AF F7 2F 14   6B 3E 8D 63 28 1C F7 AA  <...../.k>.c(...
0010: 94 E8 BF AA 1C DE 17 C6   4F 95 CB CE A9 0A F0 19  ........O.......
0020: FF 34 19 A4 CB E9 D6 DA   5A 42 C6 DB EA AA CF 35  .4......ZB.....5
0030: B9 11 C1 29 CD 7A 17 94   0C 45 B9 95 FB 64 60 57  ...).z...E...d`W
0040: 69 D4 C4 F0 27 75 3B 6F   8E E4 27 CE 22 6E 06 8E  i...'u;o..'."n..
0050: 45 D2 32 31 49 8C 41 4A   4C 1D 17 82 D9 26 7A 1D  E.21I.AJL....&z.
0060: 04 0F E1 9E 12 8C 4A F5   BA EF 20 B2 9B 7A 25 8E  ......J... ..z%.
0070: ED 2D 90 6D 48 A7 DB F3   F3 76 BE DE 37 04 5B 06  .-.mH....v..7.[.
0080: 3C DA 55 93 B9 C4 AC 4F   26 A1 84 2F C3 80 F3 5B  <.U....O&../...[
0090: 11 D6 A0 00 47 10 5F 1D   8E E0 0E 06 72 0C 14 B7  ....G._.....r...
00A0: 69 65 E7 83 AC 8B EC FD   22 26 58 78 C0 57 6D F2  ie......"&Xx.Wm.
00B0: DB 1C 62 6C A6 1E 5C C9   83 59 B7 BE B4 6E 47 C9  ..bl..\..Y...nG.
00C0: 35 73 99 4A 50 DB 67 57   01 CC 3C 53 9F 2C 44 5D  5s.JP.gW..<S.,D]
00D0: 3C E8 D7 B6 A3 2D 13 FD   29 93 D1 7E C3 86 53 F5  <....-..).....S.
00E0: 42 3D EC 12 1B 20 51 C5   E0 1F 53 0F 11 93 76 24  B=... Q...S...v$
00F0: 22 8A C1 3E EE 86 57 E1   00 FD 6D D6 5E E1 19 BD  "..>..W...m.^...

]
2023-08-23 10:51:50,648 [Time-limited test] INFO  ssl.ReloadingX509KeyManager (ReloadingX509KeyManager.java:loadKeyManager(224)) - [
[
  Version: V3
  Subject: O=cluster1, OU=scm1, CN=rootCA@localhost
  Signature Algorithm: SHA256withRSA, OID = 1.2.840.113549.1.1.11

  Key:  Sun RSA public key, 2048 bits
  params: null
  modulus: 23568056358916573256872091378823699663090021677425534908451271773602715527974173463553905970550977677413327289585960221000853869586759954188593626221911082190486325041110593507704146451716657993710302435683294050307514206023144557977627827727749909378831829028496856020005621140675408810668377114727882864900707766918183043297051113625782365215357016527063537318338723788084475502251082506898660029590830720381299020635211555769904659814001688012010791795827287729994341941846630444718674622987481798653106608381217569100501084230100628572418701500548015320847983550729533547923476728786534654594662214130948532656843
  public exponent: 65537
  Validity: [From: Wed Aug 23 10:51:50 UTC 2023,
               To: Sat Sep 30 10:51:50 UTC 2028]
  Issuer: O=cluster1, OU=scm1, CN=rootCA@localhost
  SerialNumber: [    01]

Certificate Extensions: 2
[1]: ObjectId: 2.5.29.19 Criticality=true
BasicConstraints:[
  CA:true
  PathLen:2147483647
]

[2]: ObjectId: 2.5.29.15 Criticality=true
KeyUsage [
  Key_CertSign
  Crl_Sign
]

]
  Algorithm: [SHA256withRSA]
  Signature:
0000: 5F 79 24 E1 4A 86 53 AB   D4 3B 4A 64 0A 56 49 40  _y$.J.S..;Jd.VI@
0010: D6 04 8D BB E5 B1 68 94   E1 E6 A1 A5 A6 E2 EF DC  ......h.........
0020: 09 68 46 7E 3A B8 15 27   5A 84 95 71 E6 52 1D F7  .hF.:..'Z..q.R..
0030: B4 65 D5 44 E7 F8 79 56   F3 B0 5A 91 A0 93 C8 75  .e.D..yV..Z....u
0040: BB C9 AD 58 51 9A 39 94   C2 3D 56 AD A3 4A AE AD  ...XQ.9..=V..J..
0050: 79 70 AC 6A 63 28 35 45   8F C3 59 F7 57 DC 4A E8  yp.jc(5E..Y.W.J.
0060: C2 50 26 97 C9 E3 DE 21   F3 63 33 E3 1E D8 79 60  .P&....!.c3...y`
0070: B8 05 B2 02 CD 60 F4 4A   0A 88 38 EC 54 BC 63 10  .....`.J..8.T.c.
0080: EA FD 8C D7 83 AD AA 11   31 E3 FC 99 40 E9 17 81  ........1...@...
0090: 7F 5B 88 D6 F6 C3 9E DB   56 8B F9 A1 BB FB 58 51  .[......V.....XQ
00A0: 8C 30 D5 E8 05 A8 87 61   89 E6 A3 E4 B5 B8 A4 FC  .0.....a........
00B0: 90 10 E6 DC A2 CD 31 86   EA E1 D0 C4 98 6A A4 0D  ......1......j..
00C0: 70 22 61 FB 76 34 AC C1   92 F9 91 8A 4B A6 D8 97  p"a.v4......K...
00D0: 98 CB 8A 0D 10 58 B2 D1   13 0E 52 F4 46 37 85 17  .....X....R.F7..
00E0: D9 E9 FE A7 5E 05 EA 1A   67 AD B5 57 95 EC 94 59  ....^...g..W...Y
00F0: 4E AD 0D 54 75 87 D0 67   35 5C FC B8 39 CD FD 49  N..Tu..g5\..9..I

]
2023-08-23 10:51:50,649 [Time-limited test] INFO  ssl.ReloadingX509TrustManager (ReloadingX509TrustManager.java:insertCertsToKeystore(188)) - Trust manager is loaded with certificates
2023-08-23 10:51:50,649 [Time-limited test] INFO  ssl.ReloadingX509TrustManager (ReloadingX509TrustManager.java:insertCertsToKeystore(192)) - [
[
  Version: V3
  Subject: O=cluster1, OU=scm1, CN=rootCA@localhost
  Signature Algorithm: SHA256withRSA, OID = 1.2.840.113549.1.1.11

  Key:  Sun RSA public key, 2048 bits
  params: null
  modulus: 23568056358916573256872091378823699663090021677425534908451271773602715527974173463553905970550977677413327289585960221000853869586759954188593626221911082190486325041110593507704146451716657993710302435683294050307514206023144557977627827727749909378831829028496856020005621140675408810668377114727882864900707766918183043297051113625782365215357016527063537318338723788084475502251082506898660029590830720381299020635211555769904659814001688012010791795827287729994341941846630444718674622987481798653106608381217569100501084230100628572418701500548015320847983550729533547923476728786534654594662214130948532656843
  public exponent: 65537
  Validity: [From: Wed Aug 23 10:51:50 UTC 2023,
               To: Sat Sep 30 10:51:50 UTC 2028]
  Issuer: O=cluster1, OU=scm1, CN=rootCA@localhost
  SerialNumber: [    01]

Certificate Extensions: 2
[1]: ObjectId: 2.5.29.19 Criticality=true
BasicConstraints:[
  CA:true
  PathLen:2147483647
]

[2]: ObjectId: 2.5.29.15 Criticality=true
KeyUsage [
  Key_CertSign
  Crl_Sign
]

]
  Algorithm: [SHA256withRSA]
  Signature:
0000: 5F 79 24 E1 4A 86 53 AB   D4 3B 4A 64 0A 56 49 40  _y$.J.S..;Jd.VI@
0010: D6 04 8D BB E5 B1 68 94   E1 E6 A1 A5 A6 E2 EF DC  ......h.........
0020: 09 68 46 7E 3A B8 15 27   5A 84 95 71 E6 52 1D F7  .hF.:..'Z..q.R..
0030: B4 65 D5 44 E7 F8 79 56   F3 B0 5A 91 A0 93 C8 75  .e.D..yV..Z....u
0040: BB C9 AD 58 51 9A 39 94   C2 3D 56 AD A3 4A AE AD  ...XQ.9..=V..J..
0050: 79 70 AC 6A 63 28 35 45   8F C3 59 F7 57 DC 4A E8  yp.jc(5E..Y.W.J.
0060: C2 50 26 97 C9 E3 DE 21   F3 63 33 E3 1E D8 79 60  .P&....!.c3...y`
0070: B8 05 B2 02 CD 60 F4 4A   0A 88 38 EC 54 BC 63 10  .....`.J..8.T.c.
0080: EA FD 8C D7 83 AD AA 11   31 E3 FC 99 40 E9 17 81  ........1...@...
0090: 7F 5B 88 D6 F6 C3 9E DB   56 8B F9 A1 BB FB 58 51  .[......V.....XQ
00A0: 8C 30 D5 E8 05 A8 87 61   89 E6 A3 E4 B5 B8 A4 FC  .0.....a........
00B0: 90 10 E6 DC A2 CD 31 86   EA E1 D0 C4 98 6A A4 0D  ......1......j..
00C0: 70 22 61 FB 76 34 AC C1   92 F9 91 8A 4B A6 D8 97  p"a.v4......K...
00D0: 98 CB 8A 0D 10 58 B2 D1   13 0E 52 F4 46 37 85 17  .....X....R.F7..
00E0: D9 E9 FE A7 5E 05 EA 1A   67 AD B5 57 95 EC 94 59  ....^...g..W...Y
00F0: 4E AD 0D 54 75 87 D0 67   35 5C FC B8 39 CD FD 49  N..Tu..g5\..9..I

]
2023-08-23 10:51:50,650 [Time-limited test] INFO  ssl.ReloadingX509KeyManager (ReloadingX509KeyManager.java:loadKeyManager(222)) - Key manager is loaded with certificate chain
2023-08-23 10:51:50,650 [Time-limited test] INFO  ssl.ReloadingX509KeyManager (ReloadingX509KeyManager.java:loadKeyManager(224)) - [
[
  Version: V3
  Subject: O=cluster1, OU=scm1, CN=localhost
  Signature Algorithm: SHA256withRSA, OID = 1.2.840.113549.1.1.11

  Key:  Sun RSA public key, 2048 bits
  params: null
  modulus: 18159364666034274980520791009139682030265244846275606183239993588678559366229663876346749213791129876663829762931528761935799194347563963317852289533666273084350212240858052523532793594696052374861243400151831273856162978778913889384026170986038117086987819131053166455248685237260086642337993797793035699688432533487763205280616447252084984959250809432728425846995747662161469958159884882684370540363746086686400948387040981946334243204696698060662904407570501832756433936978191764683157585810099088437564476059174808461872801258717581539974340693649617986467410112791206959362725655008387293398914497475025652414863
  public exponent: 65537
  Validity: [From: Wed Aug 23 10:51:50 UTC 2023,
               To: Thu Aug 22 10:51:50 UTC 2024]
  Issuer: O=cluster1, OU=scm1, CN=rootCA@localhost
  SerialNumber: [    017399f7 ebe4]

Certificate Extensions: 1
[1]: ObjectId: 2.5.29.15 Criticality=true
KeyUsage [
  DigitalSignature
  Key_Encipherment
  Data_Encipherment
  Key_Agreement
]

]
  Algorithm: [SHA256withRSA]
  Signature:
0000: 3C BE BB 1A AF F7 2F 14   6B 3E 8D 63 28 1C F7 AA  <...../.k>.c(...
0010: 94 E8 BF AA 1C DE 17 C6   4F 95 CB CE A9 0A F0 19  ........O.......
0020: FF 34 19 A4 CB E9 D6 DA   5A 42 C6 DB EA AA CF 35  .4......ZB.....5
0030: B9 11 C1 29 CD 7A 17 94   0C 45 B9 95 FB 64 60 57  ...).z...E...d`W
0040: 69 D4 C4 F0 27 75 3B 6F   8E E4 27 CE 22 6E 06 8E  i...'u;o..'."n..
0050: 45 D2 32 31 49 8C 41 4A   4C 1D 17 82 D9 26 7A 1D  E.21I.AJL....&z.
0060: 04 0F E1 9E 12 8C 4A F5   BA EF 20 B2 9B 7A 25 8E  ......J... ..z%.
0070: ED 2D 90 6D 48 A7 DB F3   F3 76 BE DE 37 04 5B 06  .-.mH....v..7.[.
0080: 3C DA 55 93 B9 C4 AC 4F   26 A1 84 2F C3 80 F3 5B  <.U....O&../...[
0090: 11 D6 A0 00 47 10 5F 1D   8E E0 0E 06 72 0C 14 B7  ....G._.....r...
00A0: 69 65 E7 83 AC 8B EC FD   22 26 58 78 C0 57 6D F2  ie......"&Xx.Wm.
00B0: DB 1C 62 6C A6 1E 5C C9   83 59 B7 BE B4 6E 47 C9  ..bl..\..Y...nG.
00C0: 35 73 99 4A 50 DB 67 57   01 CC 3C 53 9F 2C 44 5D  5s.JP.gW..<S.,D]
00D0: 3C E8 D7 B6 A3 2D 13 FD   29 93 D1 7E C3 86 53 F5  <....-..).....S.
00E0: 42 3D EC 12 1B 20 51 C5   E0 1F 53 0F 11 93 76 24  B=... Q...S...v$
00F0: 22 8A C1 3E EE 86 57 E1   00 FD 6D D6 5E E1 19 BD  "..>..W...m.^...

]
2023-08-23 10:51:50,651 [Time-limited test] INFO  ssl.ReloadingX509KeyManager (ReloadingX509KeyManager.java:loadKeyManager(224)) - [
[
  Version: V3
  Subject: O=cluster1, OU=scm1, CN=rootCA@localhost
  Signature Algorithm: SHA256withRSA, OID = 1.2.840.113549.1.1.11

  Key:  Sun RSA public key, 2048 bits
  params: null
  modulus: 23568056358916573256872091378823699663090021677425534908451271773602715527974173463553905970550977677413327289585960221000853869586759954188593626221911082190486325041110593507704146451716657993710302435683294050307514206023144557977627827727749909378831829028496856020005621140675408810668377114727882864900707766918183043297051113625782365215357016527063537318338723788084475502251082506898660029590830720381299020635211555769904659814001688012010791795827287729994341941846630444718674622987481798653106608381217569100501084230100628572418701500548015320847983550729533547923476728786534654594662214130948532656843
  public exponent: 65537
  Validity: [From: Wed Aug 23 10:51:50 UTC 2023,
               To: Sat Sep 30 10:51:50 UTC 2028]
  Issuer: O=cluster1, OU=scm1, CN=rootCA@localhost
  SerialNumber: [    01]

Certificate Extensions: 2
[1]: ObjectId: 2.5.29.19 Criticality=true
BasicConstraints:[
  CA:true
  PathLen:2147483647
]

[2]: ObjectId: 2.5.29.15 Criticality=true
KeyUsage [
  Key_CertSign
  Crl_Sign
]

]
  Algorithm: [SHA256withRSA]
  Signature:
0000: 5F 79 24 E1 4A 86 53 AB   D4 3B 4A 64 0A 56 49 40  _y$.J.S..;Jd.VI@
0010: D6 04 8D BB E5 B1 68 94   E1 E6 A1 A5 A6 E2 EF DC  ......h.........
0020: 09 68 46 7E 3A B8 15 27   5A 84 95 71 E6 52 1D F7  .hF.:..'Z..q.R..
0030: B4 65 D5 44 E7 F8 79 56   F3 B0 5A 91 A0 93 C8 75  .e.D..yV..Z....u
0040: BB C9 AD 58 51 9A 39 94   C2 3D 56 AD A3 4A AE AD  ...XQ.9..=V..J..
0050: 79 70 AC 6A 63 28 35 45   8F C3 59 F7 57 DC 4A E8  yp.jc(5E..Y.W.J.
0060: C2 50 26 97 C9 E3 DE 21   F3 63 33 E3 1E D8 79 60  .P&....!.c3...y`
0070: B8 05 B2 02 CD 60 F4 4A   0A 88 38 EC 54 BC 63 10  .....`.J..8.T.c.
0080: EA FD 8C D7 83 AD AA 11   31 E3 FC 99 40 E9 17 81  ........1...@...
0090: 7F 5B 88 D6 F6 C3 9E DB   56 8B F9 A1 BB FB 58 51  .[......V.....XQ
00A0: 8C 30 D5 E8 05 A8 87 61   89 E6 A3 E4 B5 B8 A4 FC  .0.....a........
00B0: 90 10 E6 DC A2 CD 31 86   EA E1 D0 C4 98 6A A4 0D  ......1......j..
00C0: 70 22 61 FB 76 34 AC C1   92 F9 91 8A 4B A6 D8 97  p"a.v4......K...
00D0: 98 CB 8A 0D 10 58 B2 D1   13 0E 52 F4 46 37 85 17  .....X....R.F7..
00E0: D9 E9 FE A7 5E 05 EA 1A   67 AD B5 57 95 EC 94 59  ....^...g..W...Y
00F0: 4E AD 0D 54 75 87 D0 67   35 5C FC B8 39 CD FD 49  N..Tu..g5\..9..I

]
2023-08-23 10:51:50,651 [Time-limited test] INFO  ssl.ReloadingX509TrustManager (ReloadingX509TrustManager.java:insertCertsToKeystore(188)) - Trust manager is loaded with certificates
2023-08-23 10:51:50,652 [Time-limited test] INFO  ssl.ReloadingX509TrustManager (ReloadingX509TrustManager.java:insertCertsToKeystore(192)) - [
[
  Version: V3
  Subject: O=cluster1, OU=scm1, CN=rootCA@localhost
  Signature Algorithm: SHA256withRSA, OID = 1.2.840.113549.1.1.11

  Key:  Sun RSA public key, 2048 bits
  params: null
  modulus: 23568056358916573256872091378823699663090021677425534908451271773602715527974173463553905970550977677413327289585960221000853869586759954188593626221911082190486325041110593507704146451716657993710302435683294050307514206023144557977627827727749909378831829028496856020005621140675408810668377114727882864900707766918183043297051113625782365215357016527063537318338723788084475502251082506898660029590830720381299020635211555769904659814001688012010791795827287729994341941846630444718674622987481798653106608381217569100501084230100628572418701500548015320847983550729533547923476728786534654594662214130948532656843
  public exponent: 65537
  Validity: [From: Wed Aug 23 10:51:50 UTC 2023,
               To: Sat Sep 30 10:51:50 UTC 2028]
  Issuer: O=cluster1, OU=scm1, CN=rootCA@localhost
  SerialNumber: [    01]

Certificate Extensions: 2
[1]: ObjectId: 2.5.29.19 Criticality=true
BasicConstraints:[
  CA:true
  PathLen:2147483647
]

[2]: ObjectId: 2.5.29.15 Criticality=true
KeyUsage [
  Key_CertSign
  Crl_Sign
]

]
  Algorithm: [SHA256withRSA]
  Signature:
0000: 5F 79 24 E1 4A 86 53 AB   D4 3B 4A 64 0A 56 49 40  _y$.J.S..;Jd.VI@
0010: D6 04 8D BB E5 B1 68 94   E1 E6 A1 A5 A6 E2 EF DC  ......h.........
0020: 09 68 46 7E 3A B8 15 27   5A 84 95 71 E6 52 1D F7  .hF.:..'Z..q.R..
0030: B4 65 D5 44 E7 F8 79 56   F3 B0 5A 91 A0 93 C8 75  .e.D..yV..Z....u
0040: BB C9 AD 58 51 9A 39 94   C2 3D 56 AD A3 4A AE AD  ...XQ.9..=V..J..
0050: 79 70 AC 6A 63 28 35 45   8F C3 59 F7 57 DC 4A E8  yp.jc(5E..Y.W.J.
0060: C2 50 26 97 C9 E3 DE 21   F3 63 33 E3 1E D8 79 60  .P&....!.c3...y`
0070: B8 05 B2 02 CD 60 F4 4A   0A 88 38 EC 54 BC 63 10  .....`.J..8.T.c.
0080: EA FD 8C D7 83 AD AA 11   31 E3 FC 99 40 E9 17 81  ........1...@...
0090: 7F 5B 88 D6 F6 C3 9E DB   56 8B F9 A1 BB FB 58 51  .[......V.....XQ
00A0: 8C 30 D5 E8 05 A8 87 61   89 E6 A3 E4 B5 B8 A4 FC  .0.....a........
00B0: 90 10 E6 DC A2 CD 31 86   EA E1 D0 C4 98 6A A4 0D  ......1......j..
00C0: 70 22 61 FB 76 34 AC C1   92 F9 91 8A 4B A6 D8 97  p"a.v4......K...
00D0: 98 CB 8A 0D 10 58 B2 D1   13 0E 52 F4 46 37 85 17  .....X....R.F7..
00E0: D9 E9 FE A7 5E 05 EA 1A   67 AD B5 57 95 EC 94 59  ....^...g..W...Y
00F0: 4E AD 0D 54 75 87 D0 67   35 5C FC B8 39 CD FD 49  N..Tu..g5\..9..I

]
2023-08-23 10:51:50,653 [Time-limited test] INFO  impl.MetricsSystemImpl (MetricsSystemImpl.java:init(158)) - OzoneManager metrics system started (again)
2023-08-23 10:51:50,665 [Time-limited test] INFO  om.OzoneManager (OzoneManager.java:start(1613)) - OzoneManager RPC server is listening at fv-az573-639/10.1.0.17:1202
2023-08-23 10:51:50,665 [Time-limited test] INFO  ratis.OzoneManagerRatisServer (OzoneManagerRatisServer.java:start(558)) - Starting OzoneManagerRatisServer om1 at port 9872
2023-08-23 10:51:50,665 [om1-impl-thread1] INFO  storage.RaftStorageDirectory (RaftStorageDirectoryImpl.java:analyzeStorage(137)) - The storage directory /tmp/junit5016355102603991263/junit52897724901842799/scm-meta/ratis/bf265839-605b-3f16-9796-c5ba1605619e does not exist. Creating ...
2023-08-23 10:51:50,667 [om1-impl-thread1] INFO  storage.RaftStorageDirectory (RaftStorageDirectoryImpl.java:tryLock(231)) - Lock on /tmp/junit5016355102603991263/junit52897724901842799/scm-meta/ratis/bf265839-605b-3f16-9796-c5ba1605619e/in_use.lock acquired by nodename 9587@fv-az573-639
2023-08-23 10:51:50,668 [om1-impl-thread1] INFO  storage.RaftStorage (RaftStorageImpl.java:format(96)) - Storage directory /tmp/junit5016355102603991263/junit52897724901842799/scm-meta/ratis/bf265839-605b-3f16-9796-c5ba1605619e has been successfully formatted.
2023-08-23 10:51:50,668 [om1-impl-thread1] INFO  server.RaftServerConfigKeys (ConfUtils.java:logGet(46)) - raft.server.log.use.memory = false (default)
2023-08-23 10:51:50,669 [om1-impl-thread1] INFO  server.RaftServerConfigKeys (ConfUtils.java:logGet(46)) - raft.server.log.purge.gap = 1000000 (custom)
2023-08-23 10:51:50,669 [om1-impl-thread1] INFO  server.RaftServerConfigKeys (ConfUtils.java:logGet(46)) - raft.server.log.appender.buffer.byte-limit = 33554432 (custom)
2023-08-23 10:51:50,669 [om1-impl-thread1] INFO  server.RaftServerConfigKeys (ConfUtils.java:logGet(46)) - raft.server.log.statemachine.data.read.timeout = 1000ms (default)
2023-08-23 10:51:50,669 [om1-impl-thread1] INFO  server.RaftServerConfigKeys (ConfUtils.java:logGet(46)) - raft.server.log.purge.preservation.log.num = 0 (default)
2023-08-23 10:51:50,669 [om1-impl-thread1] INFO  server.RaftServerConfigKeys (ConfUtils.java:logGet(46)) - raft.server.log.segment.size.max = 4194304 (custom)
2023-08-23 10:51:50,669 [om1-impl-thread1] INFO  server.RaftServerConfigKeys (ConfUtils.java:logGet(46)) - raft.server.log.segment.cache.num.max = 2 (custom)
2023-08-23 10:51:50,669 [om1-impl-thread1] INFO  server.RaftServerConfigKeys (ConfUtils.java:logGet(46)) - raft.server.log.segment.cache.size.max = 200MB (=209715200) (default)
2023-08-23 10:51:50,669 [om1-impl-thread1] INFO  server.RaftServerConfigKeys (ConfUtils.java:logGet(46)) - raft.server.log.appender.buffer.byte-limit = 33554432 (custom)
2023-08-23 10:51:50,669 [om1-impl-thread1] INFO  segmented.SegmentedRaftLogWorker (SegmentedRaftLogWorker.java:<init>(188)) - new om1@group-C5BA1605619E-SegmentedRaftLogWorker for RaftStorageImpl:Storage Directory /tmp/junit5016355102603991263/junit52897724901842799/scm-meta/ratis/bf265839-605b-3f16-9796-c5ba1605619e
2023-08-23 10:51:50,669 [om1-impl-thread1] INFO  server.RaftServerConfigKeys (ConfUtils.java:logGet(46)) - raft.server.log.queue.byte-limit = 64MB (=67108864) (default)
2023-08-23 10:51:50,670 [om1-impl-thread1] INFO  server.RaftServerConfigKeys (ConfUtils.java:logGet(46)) - raft.server.log.queue.element-limit = 4096 (default)
2023-08-23 10:51:50,670 [om1-impl-thread1] INFO  server.RaftServerConfigKeys (ConfUtils.java:logGet(46)) - raft.server.log.segment.size.max = 4194304 (custom)
2023-08-23 10:51:50,670 [om1-impl-thread1] INFO  server.RaftServerConfigKeys (ConfUtils.java:logGet(46)) - raft.server.log.preallocated.size = 4194304 (custom)
2023-08-23 10:51:50,670 [om1-impl-thread1] INFO  server.RaftServerConfigKeys (ConfUtils.java:logGet(46)) - raft.server.log.force.sync.num = 128 (default)
2023-08-23 10:51:50,670 [om1-impl-thread1] INFO  server.RaftServerConfigKeys (ConfUtils.java:logGet(46)) - raft.server.log.statemachine.data.sync = true (default)
2023-08-23 10:51:50,670 [om1-impl-thread1] INFO  server.RaftServerConfigKeys (ConfUtils.java:logGet(46)) - raft.server.log.statemachine.data.sync.timeout = 10s (default)
2023-08-23 10:51:50,670 [om1-impl-thread1] INFO  server.RaftServerConfigKeys (ConfUtils.java:logGet(46)) - raft.server.log.statemachine.data.sync.timeout.retry = -1 (default)
2023-08-23 10:51:50,670 [om1-impl-thread1] INFO  server.RaftServerConfigKeys (ConfUtils.java:logGet(46)) - raft.server.log.write.buffer.size = 64KB (=65536) (default)
2023-08-23 10:51:50,670 [om1-impl-thread1] INFO  server.RaftServerConfigKeys (ConfUtils.java:logGet(46)) - raft.server.log.appender.buffer.byte-limit = 33554432 (custom)
2023-08-23 10:51:50,675 [om1-impl-thread1] INFO  server.RaftServerConfigKeys (ConfUtils.java:logGet(46)) - raft.server.log.unsafe-flush.enabled = false (default)
2023-08-23 10:51:50,675 [om1-impl-thread1] INFO  server.RaftServerConfigKeys (ConfUtils.java:logGet(46)) - raft.server.log.async-flush.enabled = false (default)
2023-08-23 10:51:50,675 [om1-impl-thread1] INFO  server.RaftServerConfigKeys (ConfUtils.java:logGet(46)) - raft.server.log.statemachine.data.caching.enabled = false (default)
2023-08-23 10:51:50,676 [om1-impl-thread1] INFO  segmented.SegmentedRaftLogWorker (SegmentedRaftLogWorker.java:lambda$new$0(135)) - om1@group-C5BA1605619E-SegmentedRaftLogWorker: flushIndex: setUnconditionally 0 -> -1
2023-08-23 10:51:50,676 [om1-impl-thread1] INFO  segmented.SegmentedRaftLogWorker (SegmentedRaftLogWorker.java:lambda$new$0(135)) - om1@group-C5BA1605619E-SegmentedRaftLogWorker: safeCacheEvictIndex: setUnconditionally 0 -> -1
2023-08-23 10:51:50,676 [om1-impl-thread1] INFO  server.RaftServer$Division (RaftServerImpl.java:start(342)) - om1@group-C5BA1605619E: start as a follower, conf=-1: peers:[om1|rpc:fv-az573-639:9872|priority:0|startupRole:FOLLOWER]|listeners:[], old=null
2023-08-23 10:51:50,676 [om1-impl-thread1] INFO  server.RaftServer$Division (RaftServerImpl.java:setRole(329)) - om1@group-C5BA1605619E: changes role from      null to FOLLOWER at term 0 for startAsFollower
2023-08-23 10:51:50,676 [om1-impl-thread1] INFO  impl.RoleInfo (RoleInfo.java:updateAndGet(139)) - om1: start om1@group-C5BA1605619E-FollowerState
2023-08-23 10:51:50,676 [om1@group-C5BA1605619E-FollowerState] INFO  server.RaftServerConfigKeys (ConfUtils.java:logFallback(53)) - raft.server.rpc.first-election.timeout.min = 5s (fallback to raft.server.rpc.timeout.min)
2023-08-23 10:51:50,677 [om1@group-C5BA1605619E-FollowerState] INFO  server.RaftServerConfigKeys (ConfUtils.java:logFallback(53)) - raft.server.rpc.first-election.timeout.max = 5200ms (fallback to raft.server.rpc.timeout.max)
2023-08-23 10:51:50,677 [om1-impl-thread1] INFO  util.JmxRegister (JmxRegister.java:tryRegister(44)) - Successfully registered JMX Bean with object name Ratis:service=RaftServer,group=group-C5BA1605619E,id=om1
2023-08-23 10:51:50,680 [om1-impl-thread1] INFO  server.RaftServerConfigKeys (ConfUtils.java:logGet(46)) - raft.server.snapshot.auto.trigger.enabled = true (custom)
2023-08-23 10:51:50,680 [om1-impl-thread1] INFO  server.RaftServerConfigKeys (ConfUtils.java:logGet(46)) - raft.server.snapshot.auto.trigger.threshold = 400000 (default)
2023-08-23 10:51:50,680 [om1-impl-thread1] INFO  server.RaftServerConfigKeys (ConfUtils.java:logGet(46)) - raft.server.snapshot.retention.file.num = -1 (default)
2023-08-23 10:51:50,680 [om1-impl-thread1] INFO  server.RaftServerConfigKeys (ConfUtils.java:logGet(46)) - raft.server.log.purge.upto.snapshot.index = true (custom)
2023-08-23 10:51:50,681 [Time-limited test] INFO  server.RaftServer (RaftServerProxy.java:startImpl(400)) - om1: start RPC server
2023-08-23 10:51:50,682 [Time-limited test] INFO  server.GrpcService (GrpcService.java:startImpl(302)) - om1: GrpcService started, listening on 9872
2023-08-23 10:51:50,682 [Time-limited test] INFO  om.OzoneManager (OzoneManager.java:startSecretManager(1103)) - Starting OM delegation token secret manager
2023-08-23 10:51:50,682 [JvmPauseMonitor5] INFO  util.JvmPauseMonitor (JvmPauseMonitor.java:run(103)) - JvmPauseMonitor-om1: Started
2023-08-23 10:51:50,682 [Time-limited test] INFO  security.OzoneDelegationTokenSecretManager (OzoneSecretManager.java:updateCurrentKey(175)) - Updating current master key for generating tokens. Cert id 1596016028644
2023-08-23 10:51:50,683 [Thread[Thread-1295,5,FailOnTimeoutGroup]] INFO  security.OzoneDelegationTokenSecretManager (OzoneDelegationTokenSecretManager.java:run(636)) - Starting expired delegation token remover thread, tokenRemoverScanInterval=60 min(s)
2023-08-23 10:51:50,684 [Time-limited test] INFO  om.OzoneManager (OzoneManager.java:start(1629)) - Version File has different layout version (6) than OM DB (null). That is expected if this OM has never been finalized to a newer layout version.
2023-08-23 10:51:50,688 [Time-limited test] INFO  http.BaseHttpServer (BaseHttpServer.java:newHttpServer2BuilderForOzone(224)) - Starting Web-server for ozoneManager at: http://0.0.0.0:9874
2023-08-23 10:51:50,688 [Time-limited test] INFO  http.BaseHttpServer (BaseHttpServer.java:<init>(111)) - Hadoop Security Enabled: true Ozone Security Enabled: true Ozone HTTP Security Enabled: false 
2023-08-23 10:51:50,689 [Time-limited test] WARN  server.AuthenticationFilter (AuthenticationFilter.java:constructSecretProvider(240)) - Unable to initialize FileSignerSecretProvider, falling back to use random secrets. Reason: Could not read signature secret file: /home/runner/hadoop-http-auth-signature-secret
2023-08-23 10:51:50,691 [Time-limited test] INFO  http.HttpRequestLog (HttpRequestLog.java:getRequestLog(86)) - Http request log for http.requests.ozoneManager is not defined
2023-08-23 10:51:50,693 [Time-limited test] INFO  http.HttpServer2 (HttpServer2.java:addGlobalFilter(1031)) - Added global filter 'safety' (class=org.apache.hadoop.hdds.server.http.HttpServer2$QuotingInputFilter)
2023-08-23 10:51:50,694 [Time-limited test] INFO  http.HttpServer2 (HttpServer2.java:addFilter(1007)) - Added filter static_user_filter (class=org.apache.hadoop.http.lib.StaticUserWebFilter$StaticUserFilter) to context ozoneManager
2023-08-23 10:51:50,694 [Time-limited test] INFO  http.HttpServer2 (HttpServer2.java:addFilter(1015)) - Added filter static_user_filter (class=org.apache.hadoop.http.lib.StaticUserWebFilter$StaticUserFilter) to context logs
2023-08-23 10:51:50,694 [Time-limited test] INFO  http.HttpServer2 (HttpServer2.java:addFilter(1015)) - Added filter static_user_filter (class=org.apache.hadoop.http.lib.StaticUserWebFilter$StaticUserFilter) to context static
2023-08-23 10:51:50,696 [Time-limited test] INFO  http.BaseHttpServer (BaseHttpServer.java:<init>(190)) - HTTP server of ozoneManager uses base directory /tmp/junit5016355102603991263/junit52897724901842799/scm-meta/webserver
2023-08-23 10:51:50,696 [Time-limited test] INFO  http.HttpServer2 (HttpServer2.java:bindListener(1250)) - Jetty bound to port 9874
2023-08-23 10:51:50,696 [Time-limited test] INFO  server.Server (Server.java:doStart(375)) - jetty-9.4.51.v20230217; built: 2023-02-17T08:19:37.309Z; git: b45c405e4544384de066f814ed42ae3dceacdd49; jvm 1.8.0_382-b05
2023-08-23 10:51:50,697 [Time-limited test] INFO  server.session (DefaultSessionIdManager.java:doStart(334)) - DefaultSessionIdManager workerName=node0
2023-08-23 10:51:50,697 [Time-limited test] INFO  server.session (DefaultSessionIdManager.java:doStart(339)) - No SessionScavenger set, using defaults
2023-08-23 10:51:50,698 [Time-limited test] INFO  server.session (HouseKeeper.java:startScavenging(132)) - node0 Scavenging every 660000ms
2023-08-23 10:51:50,698 [Time-limited test] INFO  handler.ContextHandler (ContextHandler.java:doStart(921)) - Started o.e.j.s.ServletContextHandler@17e7b2d6{logs,/logs,file:///home/runner/work/ozone/ozone/hadoop-ozone/integration-test/target/log,AVAILABLE}
2023-08-23 10:51:50,699 [Time-limited test] INFO  handler.ContextHandler (ContextHandler.java:doStart(921)) - Started o.e.j.s.ServletContextHandler@22ffa951{static,/static,file:///home/runner/work/ozone/ozone/hadoop-ozone/integration-test/target/test-classes/webapps/static,AVAILABLE}
2023-08-23 10:51:50,704 [Time-limited test] INFO  handler.ContextHandler (ContextHandler.java:doStart(921)) - Started o.e.j.w.WebAppContext@472103fd{ozoneManager,/,file:///home/runner/work/ozone/ozone/hadoop-ozone/integration-test/target/test-classes/webapps/ozoneManager/,AVAILABLE}{file:/home/runner/work/ozone/ozone/hadoop-ozone/integration-test/target/test-classes/webapps/ozoneManager}
2023-08-23 10:51:50,705 [Time-limited test] INFO  server.AbstractConnector (AbstractConnector.java:doStart(333)) - Started ServerConnector@1c358baa{HTTP/1.1, (http/1.1)}{0.0.0.0:9874}
2023-08-23 10:51:50,706 [Time-limited test] INFO  server.Server (Server.java:doStart(415)) - Started @69132ms
2023-08-23 10:51:50,706 [Time-limited test] WARN  impl.MetricsSystemImpl (MetricsSystemImpl.java:register(279)) - Sink prometheus already exists!
2023-08-23 10:51:50,706 [Time-limited test] INFO  http.BaseHttpServer (BaseHttpServer.java:updateConnectorAddress(344)) - HTTP server of ozoneManager listening at http://0.0.0.0:9874
2023-08-23 10:51:50,706 [IPC Server Responder] INFO  ipc.Server (Server.java:run(1562)) - IPC Server Responder: starting
2023-08-23 10:51:50,712 [IPC Server listener on 1202] INFO  ipc.Server (Server.java:run(1402)) - IPC Server listener on 1202: starting
2023-08-23 10:51:50,723 [Time-limited test] INFO  om.OzoneManager (OzoneManager.java:startTrashEmptier(2081)) - Trash Interval set to 0. Files deleted won't move to trash
2023-08-23 10:51:50,726 [pool-328-thread-2] INFO  request.KdcRequest (KdcRequest.java:preauth(651)) - The preauth data is empty.
2023-08-23 10:51:50,726 [pool-328-thread-2] INFO  server.KdcHandler (KdcHandler.java:handleRecoverableException(177)) - KRB error occurred while processing request:Additional pre-authentication required
2023-08-23 10:51:50,733 [pool-328-thread-2] INFO  request.AsRequest (AsRequest.java:issueTicket(112)) - AS_REQ ISSUE: authtime 1692787910733,test@EXAMPLE.COM for krbtgt/EXAMPLE.COM@EXAMPLE.COM
2023-08-23 10:51:50,747 [pool-328-thread-2] INFO  request.TgsRequest (TgsRequest.java:issueTicket(115)) - TGS_REQ ISSUE: authtime 1692787910746,test for om/fv-az573-639@EXAMPLE.COM
2023-08-23 10:51:50,754 [Socket Reader #1 for port 1202] INFO  ipc.Server (Server.java:saslProcess(2139)) - Auth successful for test@EXAMPLE.COM (auth:KERBEROS) from fv-az573-639:59952 / 10.1.0.17:59952
2023-08-23 10:51:52,779 [Time-limited test] INFO  retry.RetryInvocationHandler (RetryInvocationHandler.java:log(422)) - com.google.protobuf.ServiceException: org.apache.hadoop.ipc.RemoteException(org.apache.hadoop.ozone.om.exceptions.OMNotLeaderException): OM:om1 is not the leader. Could not determine the leader node.
	at org.apache.hadoop.ozone.om.OzoneManager.checkLeaderStatus(OzoneManager.java:3996)
	at org.apache.hadoop.ozone.om.ratis.utils.OzoneManagerRatisUtils.checkLeaderStatus(OzoneManagerRatisUtils.java:473)
	at org.apache.hadoop.ozone.protocolPB.OzoneManagerProtocolServerSideTranslatorPB.processRequest(OzoneManagerProtocolServerSideTranslatorPB.java:185)
	at org.apache.hadoop.hdds.server.OzoneProtocolMessageDispatcher.processRequest(OzoneProtocolMessageDispatcher.java:87)
	at org.apache.hadoop.ozone.protocolPB.OzoneManagerProtocolServerSideTranslatorPB.submitRequest(OzoneManagerProtocolServerSideTranslatorPB.java:148)
	at org.apache.hadoop.ozone.protocol.proto.OzoneManagerProtocolProtos$OzoneManagerService$2.callBlockingMethod(OzoneManagerProtocolProtos.java)
	at org.apache.hadoop.ipc.ProtobufRpcEngine$Server.processCall(ProtobufRpcEngine.java:484)
	at org.apache.hadoop.ipc.ProtobufRpcEngine2$Server$ProtoBufRpcInvoker.call(ProtobufRpcEngine2.java:595)
	at org.apache.hadoop.ipc.ProtobufRpcEngine2$Server$ProtoBufRpcInvoker.call(ProtobufRpcEngine2.java:573)
	at org.apache.hadoop.ipc.RPC$Server.call(RPC.java:1227)
	at org.apache.hadoop.ipc.Server$RpcCall.run(Server.java:1094)
	at org.apache.hadoop.ipc.Server$RpcCall.run(Server.java:1017)
	at java.security.AccessController.doPrivileged(Native Method)
	at javax.security.auth.Subject.doAs(Subject.java:422)
	at org.apache.hadoop.security.UserGroupInformation.doAs(UserGroupInformation.java:1899)
	at org.apache.hadoop.ipc.Server$Handler.run(Server.java:3048)
, while invoking $Proxy53.submitRequest over nodeId=null,nodeAddress=fv-az573-639:1202 after 1 failover attempts. Trying to failover after sleeping for 4000ms. Current retry count: 1.
2023-08-23 10:51:55,833 [om1@group-C5BA1605619E-FollowerState] INFO  impl.FollowerState (FollowerState.java:run(143)) - om1@group-C5BA1605619E-FollowerState: change to CANDIDATE, lastRpcElapsedTime:5157163471ns, electionTimeout:5153ms
2023-08-23 10:51:55,834 [om1@group-C5BA1605619E-FollowerState] INFO  impl.RoleInfo (RoleInfo.java:shutdownFollowerState(110)) - om1: shutdown om1@group-C5BA1605619E-FollowerState
2023-08-23 10:51:55,835 [om1@group-C5BA1605619E-FollowerState] INFO  server.RaftServer$Division (RaftServerImpl.java:setRole(329)) - om1@group-C5BA1605619E: changes role from  FOLLOWER to CANDIDATE at term 0 for changeToCandidate
2023-08-23 10:51:55,835 [om1@group-C5BA1605619E-FollowerState] INFO  server.RaftServerConfigKeys (ConfUtils.java:logGet(46)) - raft.server.leaderelection.pre-vote = true (default)
2023-08-23 10:51:55,835 [om1@group-C5BA1605619E-FollowerState] INFO  impl.RoleInfo (RoleInfo.java:updateAndGet(139)) - om1: start om1@group-C5BA1605619E-LeaderElection2
2023-08-23 10:51:55,840 [om1@group-C5BA1605619E-LeaderElection2] INFO  impl.LeaderElection (LeaderElection.java:askForVotes(321)) - om1@group-C5BA1605619E-LeaderElection2 PRE_VOTE round 0: submit vote requests at term 0 for -1: peers:[om1|rpc:fv-az573-639:9872|priority:0|startupRole:FOLLOWER]|listeners:[], old=null
2023-08-23 10:51:55,841 [om1@group-C5BA1605619E-LeaderElection2] INFO  impl.LeaderElection (LeaderElection.java:askForVotes(323)) - om1@group-C5BA1605619E-LeaderElection2 PRE_VOTE round 0: result PASSED (term=0)
2023-08-23 10:51:55,842 [om1@group-C5BA1605619E-LeaderElection2] INFO  impl.LeaderElection (LeaderElection.java:askForVotes(321)) - om1@group-C5BA1605619E-LeaderElection2 ELECTION round 0: submit vote requests at term 1 for -1: peers:[om1|rpc:fv-az573-639:9872|priority:0|startupRole:FOLLOWER]|listeners:[], old=null
2023-08-23 10:51:55,842 [om1@group-C5BA1605619E-LeaderElection2] INFO  impl.LeaderElection (LeaderElection.java:askForVotes(323)) - om1@group-C5BA1605619E-LeaderElection2 ELECTION round 0: result PASSED (term=1)
2023-08-23 10:51:55,842 [om1@group-C5BA1605619E-LeaderElection2] INFO  impl.RoleInfo (RoleInfo.java:shutdownLeaderElection(130)) - om1: shutdown om1@group-C5BA1605619E-LeaderElection2
2023-08-23 10:51:55,842 [om1@group-C5BA1605619E-LeaderElection2] INFO  server.RaftServer$Division (RaftServerImpl.java:setRole(329)) - om1@group-C5BA1605619E: changes role from CANDIDATE to LEADER at term 1 for changeToLeader
2023-08-23 10:51:55,843 [om1@group-C5BA1605619E-LeaderElection2] INFO  server.RaftServer$Division (ServerState.java:setLeader(317)) - om1@group-C5BA1605619E: change Leader from null to om1 at term 1 for becomeLeader, leader elected after 6226ms
2023-08-23 10:51:55,843 [om1@group-C5BA1605619E-LeaderElection2] INFO  server.RaftServerConfigKeys (ConfUtils.java:logGet(46)) - raft.server.staging.catchup.gap = 1000 (default)
2023-08-23 10:51:55,843 [om1@group-C5BA1605619E-LeaderElection2] INFO  server.RaftServerConfigKeys (ConfUtils.java:logGet(46)) - raft.server.write.element-limit = 4096 (default)
2023-08-23 10:51:55,843 [om1@group-C5BA1605619E-LeaderElection2] INFO  server.RaftServerConfigKeys (ConfUtils.java:logGet(46)) - raft.server.write.byte-limit = 64MB (=67108864) (default)
2023-08-23 10:51:55,844 [om1@group-C5BA1605619E-LeaderElection2] INFO  server.RaftServerConfigKeys (ConfUtils.java:logGet(46)) - raft.server.watch.timeout = 10s (default)
2023-08-23 10:51:55,844 [om1@group-C5BA1605619E-LeaderElection2] INFO  server.RaftServerConfigKeys (ConfUtils.java:logGet(46)) - raft.server.watch.timeout.denomination = 1s (default)
2023-08-23 10:51:55,844 [om1@group-C5BA1605619E-LeaderElection2] INFO  server.RaftServerConfigKeys (ConfUtils.java:logGet(46)) - raft.server.watch.element-limit = 65536 (default)
2023-08-23 10:51:55,844 [om1@group-C5BA1605619E-LeaderElection2] INFO  server.RaftServerConfigKeys (ConfUtils.java:logGet(46)) - raft.server.write.element-limit = 4096 (default)
2023-08-23 10:51:55,844 [om1@group-C5BA1605619E-LeaderElection2] INFO  server.RaftServerConfigKeys (ConfUtils.java:logGet(46)) - raft.server.write.follower.gap.ratio.max = -1.0 (default)
2023-08-23 10:51:55,844 [om1@group-C5BA1605619E-LeaderElection2] INFO  impl.RoleInfo (RoleInfo.java:updateAndGet(139)) - om1: start om1@group-C5BA1605619E-LeaderStateImpl
2023-08-23 10:51:55,844 [om1@group-C5BA1605619E-LeaderElection2] INFO  segmented.SegmentedRaftLogWorker (SegmentedRaftLogWorker.java:startLogSegment(447)) - om1@group-C5BA1605619E-SegmentedRaftLogWorker: Starting segment from index:0
2023-08-23 10:51:55,849 [om1@group-C5BA1605619E-LeaderElection2] INFO  server.RaftServer$Division (ServerState.java:setRaftConf(434)) - om1@group-C5BA1605619E: set configuration 0: peers:[om1|rpc:fv-az573-639:9872|admin:|client:|dataStream:|priority:0|startupRole:FOLLOWER]|listeners:[], old=null
2023-08-23 10:51:55,854 [om1@group-C5BA1605619E-SegmentedRaftLogWorker] INFO  segmented.SegmentedRaftLogWorker (SegmentedRaftLogWorker.java:execute(651)) - om1@group-C5BA1605619E-SegmentedRaftLogWorker: created new log segment /tmp/junit5016355102603991263/junit52897724901842799/scm-meta/ratis/bf265839-605b-3f16-9796-c5ba1605619e/current/log_inprogress_0
2023-08-23 10:51:55,856 [om1@group-C5BA1605619E-StateMachineUpdater] INFO  ratis.OzoneManagerStateMachine (OzoneManagerStateMachine.java:notifyConfigurationChanged(202)) - Received Configuration change notification from Ratis. New Peer list:
[id: "om1"
address: "fv-az573-639:9872"
startupRole: FOLLOWER
]
2023-08-23 10:51:56,802 [OM StateMachine ApplyTransaction Thread - 0] INFO  volume.OMVolumeCreateRequest (OMVolumeCreateRequest.java:validateAndUpdateCache(196)) - created volume:vol1 for user:owner1
2023-08-23 10:51:56,830 [Time-limited test] WARN  ipc.Client (Client.java:run(733)) - Exception encountered while connecting to the server fv-az573-639/10.1.0.17:1202
org.apache.hadoop.security.AccessControlException: Client cannot authenticate via:[TOKEN, KERBEROS]
	at org.apache.hadoop.security.SaslRpcClient.selectSaslClient(SaslRpcClient.java:179)
	at org.apache.hadoop.security.SaslRpcClient.saslConnect(SaslRpcClient.java:392)
	at org.apache.hadoop.ipc.Client$Connection.setupSaslConnection(Client.java:561)
	at org.apache.hadoop.ipc.Client$Connection.access$2100(Client.java:347)
	at org.apache.hadoop.ipc.Client$Connection$2.run(Client.java:783)
	at org.apache.hadoop.ipc.Client$Connection$2.run(Client.java:779)
	at java.security.AccessController.doPrivileged(Native Method)
	at javax.security.auth.Subject.doAs(Subject.java:422)
	at org.apache.hadoop.security.UserGroupInformation.doAs(UserGroupInformation.java:1899)
	at org.apache.hadoop.ipc.Client$Connection.setupIOstreams(Client.java:779)
	at org.apache.hadoop.ipc.Client$Connection.access$3800(Client.java:347)
	at org.apache.hadoop.ipc.Client.getConnection(Client.java:1632)
	at org.apache.hadoop.ipc.Client.call(Client.java:1457)
	at org.apache.hadoop.ipc.Client.call(Client.java:1410)
	at org.apache.hadoop.ipc.ProtobufRpcEngine$Invoker.invoke(ProtobufRpcEngine.java:250)
	at org.apache.hadoop.ipc.ProtobufRpcEngine$Invoker.invoke(ProtobufRpcEngine.java:132)
	at com.sun.proxy.$Proxy53.submitRequest(Unknown Source)
	at sun.reflect.GeneratedMethodAccessor22.invoke(Unknown Source)
	at sun.reflect.DelegatingMethodAccessorImpl.invoke(DelegatingMethodAccessorImpl.java:43)
	at java.lang.reflect.Method.invoke(Method.java:498)
	at org.apache.hadoop.io.retry.RetryInvocationHandler.invokeMethod(RetryInvocationHandler.java:433)
	at org.apache.hadoop.io.retry.RetryInvocationHandler$Call.invokeMethod(RetryInvocationHandler.java:166)
	at org.apache.hadoop.io.retry.RetryInvocationHandler$Call.invoke(RetryInvocationHandler.java:158)
	at org.apache.hadoop.io.retry.RetryInvocationHandler$Call.invokeOnce(RetryInvocationHandler.java:96)
	at org.apache.hadoop.io.retry.RetryInvocationHandler.invoke(RetryInvocationHandler.java:362)
	at com.sun.proxy.$Proxy53.submitRequest(Unknown Source)
	at org.apache.hadoop.ozone.om.protocolPB.Hadoop3OmTransport.submitRequest(Hadoop3OmTransport.java:80)
	at org.apache.hadoop.ozone.om.protocolPB.OzoneManagerProtocolClientSideTranslatorPB.submitRequest(OzoneManagerProtocolClientSideTranslatorPB.java:321)
	at org.apache.hadoop.ozone.om.protocolPB.OzoneManagerProtocolClientSideTranslatorPB.listVolume(OzoneManagerProtocolClientSideTranslatorPB.java:527)
	at org.apache.hadoop.ozone.om.protocolPB.OzoneManagerProtocolClientSideTranslatorPB.listAllVolumes(OzoneManagerProtocolClientSideTranslatorPB.java:516)
	at org.apache.hadoop.ozone.TestSecureOzoneCluster.lambda$testAccessControlExceptionOnClient$5(TestSecureOzoneCluster.java:599)
	at org.junit.Assert.assertThrows(Assert.java:1001)
	at org.junit.Assert.assertThrows(Assert.java:981)
	at org.apache.hadoop.ozone.TestSecureOzoneCluster.testAccessControlExceptionOnClient(TestSecureOzoneCluster.java:598)
	at sun.reflect.NativeMethodAccessorImpl.invoke0(Native Method)
	at sun.reflect.NativeMethodAccessorImpl.invoke(NativeMethodAccessorImpl.java:62)
	at sun.reflect.DelegatingMethodAccessorImpl.invoke(DelegatingMethodAccessorImpl.java:43)
	at java.lang.reflect.Method.invoke(Method.java:498)
	at org.junit.runners.model.FrameworkMethod$1.runReflectiveCall(FrameworkMethod.java:59)
	at org.junit.internal.runners.model.ReflectiveCallable.run(ReflectiveCallable.java:12)
	at org.junit.runners.model.FrameworkMethod.invokeExplosively(FrameworkMethod.java:56)
	at org.junit.internal.runners.statements.InvokeMethod.evaluate(InvokeMethod.java:17)
	at org.junit.internal.runners.statements.RunBefores.evaluate(RunBefores.java:26)
	at org.junit.internal.runners.statements.RunAfters.evaluate(RunAfters.java:27)
	at org.junit.rules.ExternalResource$1.evaluate(ExternalResource.java:54)
	at org.junit.internal.runners.statements.FailOnTimeout$CallableStatement.call(FailOnTimeout.java:288)
	at org.junit.internal.runners.statements.FailOnTimeout$CallableStatement.call(FailOnTimeout.java:282)
	at java.util.concurrent.FutureTask.run(FutureTask.java:266)
	at java.lang.Thread.run(Thread.java:750)
2023-08-23 10:51:56,832 [Time-limited test] INFO  impl.DefaultInternalKdcServerImpl (DefaultInternalKdcServerImpl.java:doStop(102)) - Default Internal kdc server stopped.
2023-08-23 10:51:57,833 [Time-limited test] INFO  minikdc.MiniKdc (MiniKdc.java:stop(359)) - MiniKdc stopped.
2023-08-23 10:51:57,833 [Time-limited test] INFO  server.StorageContainerManager (StorageContainerManager.java:stop(1591)) - Container Balancer is not running.
2023-08-23 10:51:57,833 [Time-limited test] INFO  server.StorageContainerManager (StorageContainerManager.java:stopReplicationManager(1724)) - Stopping Replication Manager Service.
2023-08-23 10:51:57,833 [Time-limited test] INFO  replication.ReplicationManager (ReplicationManager.java:stop(319)) - Stopping Replication Monitor Thread.
2023-08-23 10:51:57,833 [Time-limited test] INFO  server.StorageContainerManager (StorageContainerManager.java:stop(1600)) - Stopping the Datanode Admin Monitor.
2023-08-23 10:51:57,833 [Under Replicated Processor] WARN  replication.UnhealthyReplicationProcessor (UnhealthyReplicationProcessor.java:run(180)) - Under Replicated Processor interrupted. Exiting...
2023-08-23 10:51:57,833 [Over Replicated Processor] WARN  replication.UnhealthyReplicationProcessor (UnhealthyReplicationProcessor.java:run(180)) - Over Replicated Processor interrupted. Exiting...
2023-08-23 10:51:57,833 [ReplicationMonitor] INFO  replication.ReplicationManager (ReplicationManager.java:run(917)) - Replication Monitor Thread is stopped
2023-08-23 10:51:57,833 [Time-limited test] INFO  server.StorageContainerManager (StorageContainerManager.java:stop(1607)) - Stopping datanode service RPC server
2023-08-23 10:51:57,834 [Time-limited test] INFO  server.SCMDatanodeProtocolServer (SCMDatanodeProtocolServer.java:stop(424)) - Stopping the RPC server for DataNodes
2023-08-23 10:51:57,834 [Time-limited test] INFO  ipc.Server (Server.java:stop(3523)) - Stopping server on 9861
2023-08-23 10:51:58,243 [SCM Heartbeat Processing Thread - 0] WARN  node.NodeStateManager (NodeStateManager.java:scheduleNextHealthCheck(874)) - Current Thread is interrupted, shutting down HB processing thread for Node Manager.
2023-08-23 10:51:58,243 [Time-limited test] INFO  server.StorageContainerManager (StorageContainerManager.java:stop(1615)) - Stopping block service RPC server
2023-08-23 10:51:58,243 [Time-limited test] INFO  server.SCMBlockProtocolServer (SCMBlockProtocolServer.java:stop(161)) - Stopping the RPC server for Block Protocol
2023-08-23 10:51:58,243 [Time-limited test] INFO  ipc.Server (Server.java:stop(3523)) - Stopping server on 9863
2023-08-23 10:51:58,244 [Time-limited test] INFO  server.StorageContainerManager (StorageContainerManager.java:stop(1622)) - Stopping the StorageContainerLocationProtocol RPC server
2023-08-23 10:51:58,244 [Time-limited test] INFO  server.SCMClientProtocolServer (SCMClientProtocolServer.java:stop(210)) - Stopping the RPC server for Client Protocol
2023-08-23 10:51:58,244 [Time-limited test] INFO  ipc.Server (Server.java:stop(3523)) - Stopping server on 9860
2023-08-23 10:51:58,244 [Time-limited test] INFO  server.StorageContainerManager (StorageContainerManager.java:stop(1629)) - Stopping Storage Container Manager HTTP server.
2023-08-23 10:51:58,244 [Time-limited test] INFO  server.StorageContainerManager (StorageContainerManager.java:stop(1637)) - Stopping SCM LayoutVersionManager Service.
2023-08-23 10:51:58,245 [Time-limited test] INFO  server.SCMSecurityProtocolServer (SCMSecurityProtocolServer.java:stop(550)) - Stopping the SCMSecurityProtocolServer.
2023-08-23 10:51:58,245 [Time-limited test] INFO  ipc.Server (Server.java:stop(3523)) - Stopping server on 9961
2023-08-23 10:51:58,245 [Time-limited test] INFO  server.SCMUpdateServiceGrpcServer (SCMUpdateServiceGrpcServer.java:stop(73)) - SCMUpdateService stopping
2023-08-23 10:51:58,245 [Time-limited test] INFO  server.StorageContainerManager (StorageContainerManager.java:stop(1649)) - Stopping Block Manager Service.
2023-08-23 10:51:58,245 [Time-limited test] INFO  utils.BackgroundService (BackgroundService.java:shutdown(141)) - Shutting down service SCMBlockDeletingService
2023-08-23 10:51:58,245 [Time-limited test] INFO  utils.BackgroundService (BackgroundService.java:shutdown(141)) - Shutting down service SCMBlockDeletingService
2023-08-23 10:51:58,245 [Time-limited test] INFO  server.StorageContainerManager (StorageContainerManager.java:stop(1669)) - Stopping SCM Event Queue.
2023-08-23 10:51:58,245 [Time-limited test] INFO  server.StorageContainerManager (StorageContainerManager.java:stop(1680)) - Stopping SCM HA services.
2023-08-23 10:51:58,246 [Time-limited test] INFO  pipeline.BackgroundPipelineCreator (BackgroundPipelineCreator.java:stop(149)) - Stopping RatisPipelineUtilsThread.
2023-08-23 10:51:58,246 [RatisPipelineUtilsThread - 0] WARN  pipeline.BackgroundPipelineCreator (BackgroundPipelineCreator.java:run(180)) - RatisPipelineUtilsThread is interrupted.
2023-08-23 10:51:58,246 [BackgroundPipelineScrubberThread] WARN  BackgroundPipelineScrubber (BackgroundSCMService.java:run(115)) - BackgroundPipelineScrubber is interrupted, exit
2023-08-23 10:51:58,246 [Time-limited test] INFO  BackgroundPipelineScrubber (BackgroundSCMService.java:stop(131)) - Stopping BackgroundPipelineScrubber Service.
2023-08-23 10:51:58,246 [Time-limited test] WARN  pipeline.BackgroundPipelineCreator (BackgroundPipelineCreator.java:stop(145)) - RatisPipelineUtilsThread is not running, just ignore.
2023-08-23 10:51:58,246 [Time-limited test] INFO  BackgroundPipelineScrubber (BackgroundSCMService.java:stop(126)) - BackgroundPipelineScrubber Service is not running, skip stop.
2023-08-23 10:51:58,246 [ExpiredContainerReplicaOpScrubberThread] WARN  ExpiredContainerReplicaOpScrubber (BackgroundSCMService.java:run(115)) - ExpiredContainerReplicaOpScrubber is interrupted, exit
2023-08-23 10:51:58,246 [Time-limited test] INFO  ExpiredContainerReplicaOpScrubber (BackgroundSCMService.java:stop(131)) - Stopping ExpiredContainerReplicaOpScrubber Service.
2023-08-23 10:51:58,247 [Time-limited test] INFO  utils.BackgroundService (BackgroundService.java:shutdown(141)) - Shutting down service SCMBlockDeletingService
2023-08-23 10:51:58,247 [Time-limited test] INFO  replication.ReplicationManager (ReplicationManager.java:stop(329)) - Replication Monitor Thread is not running.
2023-08-23 10:51:58,247 [Time-limited test] WARN  balancer.ContainerBalancer (ContainerBalancer.java:stop(326)) - Cannot stop Container Balancer because it's not running or stopping
2023-08-23 10:51:58,247 [Time-limited test] INFO  server.StorageContainerManager (StorageContainerManager.java:stop(1715)) - Stopping SCM MetadataStore.
2023-08-23 10:51:58,248 [Time-limited test] INFO  server.SCMSecurityProtocolServer (SCMSecurityProtocolServer.java:join(560)) - Join RPC server for SCMSecurityProtocolServer.
2023-08-23 10:51:58,248 [Time-limited test] INFO  server.SCMSecurityProtocolServer (SCMSecurityProtocolServer.java:join(562)) - Join gRPC server for SCMSecurityProtocolServer.
2023-08-23 10:51:58,248 [Time-limited test] INFO  om.OzoneManager (OzoneManager.java:stop(2187)) - om1[fv-az573-639:1202]: Stopping Ozone Manager
2023-08-23 10:51:58,248 [Time-limited test] INFO  ipc.Server (Server.java:stop(3523)) - Stopping server on 1202
2023-08-23 10:51:58,253 [IPC Server Responder] INFO  ipc.Server (Server.java:run(1567)) - Stopping IPC Server Responder
2023-08-23 10:51:58,253 [IPC Server listener on 1202] INFO  ipc.Server (Server.java:run(1434)) - Stopping IPC Server listener on 1202
2023-08-23 10:51:58,254 [Time-limited test] INFO  server.RaftServer (RaftServerProxy.java:lambda$close$6(416)) - om1: close
2023-08-23 10:51:58,254 [Time-limited test] INFO  server.GrpcService (GrpcService.java:closeImpl(311)) - om1: shutdown server GrpcServerProtocolService now
2023-08-23 10:51:58,254 [om1-impl-thread1] INFO  server.RaftServer$Division (RaftServerImpl.java:lambda$close$4(466)) - om1@group-C5BA1605619E: shutdown
2023-08-23 10:51:58,257 [om1-impl-thread1] INFO  util.JmxRegister (JmxRegister.java:unregister(73)) - Successfully un-registered JMX Bean with object name Ratis:service=RaftServer,group=group-C5BA1605619E,id=om1
2023-08-23 10:51:58,257 [om1-impl-thread1] INFO  impl.RoleInfo (RoleInfo.java:shutdownLeaderState(93)) - om1: shutdown om1@group-C5BA1605619E-LeaderStateImpl
2023-08-23 10:51:58,257 [om1-impl-thread1] INFO  impl.PendingRequests (PendingRequests.java:sendNotLeaderResponses(289)) - om1@group-C5BA1605619E-PendingRequests: sendNotLeaderResponses
2023-08-23 10:51:58,260 [om1-impl-thread1] INFO  impl.StateMachineUpdater (StateMachineUpdater.java:stopAndJoin(155)) - om1@group-C5BA1605619E-StateMachineUpdater: set stopIndex = 2
2023-08-23 10:51:58,260 [om1@group-C5BA1605619E-StateMachineUpdater] INFO  ratis.OzoneManagerStateMachine (OzoneManagerStateMachine.java:takeSnapshot(480)) - Current Snapshot Index (t:1, i:2)
2023-08-23 10:51:58,263 [Time-limited test] INFO  server.GrpcService (GrpcService.java:closeImpl(320)) - om1: shutdown server GrpcServerProtocolService successfully
2023-08-23 10:51:58,271 [om1@group-C5BA1605619E-StateMachineUpdater] INFO  impl.StateMachineUpdater (StateMachineUpdater.java:takeSnapshot(291)) - om1@group-C5BA1605619E-StateMachineUpdater: Took a snapshot at index 2
2023-08-23 10:51:58,271 [om1@group-C5BA1605619E-StateMachineUpdater] INFO  impl.StateMachineUpdater (StateMachineUpdater.java:lambda$new$0(97)) - om1@group-C5BA1605619E-StateMachineUpdater: snapshotIndex: updateIncreasingly -1 -> 2
2023-08-23 10:51:58,271 [om1@group-C5BA1605619E-StateMachineUpdater] INFO  ratis.OzoneManagerStateMachine (OzoneManagerStateMachine.java:close(534)) - StateMachine has shutdown. Shutdown OzoneManager if not already shutdown.
2023-08-23 10:51:58,271 [om1@group-C5BA1605619E-StateMachineUpdater] INFO  ratis.OzoneManagerDoubleBuffer (OzoneManagerDoubleBuffer.java:stopDaemon(551)) - Stopping OMDoubleBuffer flush thread
2023-08-23 10:51:58,272 [OMDoubleBufferFlushThread] INFO  ratis.OzoneManagerDoubleBuffer (OzoneManagerDoubleBuffer.java:canFlush(638)) - OMDoubleBuffer flush thread OMDoubleBufferFlushThread is interrupted and will exit.
2023-08-23 10:51:58,272 [om1-impl-thread1] INFO  server.RaftServer$Division (ServerState.java:close(472)) - om1@group-C5BA1605619E: closes. applyIndex: 2
2023-08-23 10:51:58,796 [om1-impl-thread1] INFO  segmented.SegmentedRaftLogWorker (SegmentedRaftLogWorker.java:close(252)) - om1@group-C5BA1605619E-SegmentedRaftLogWorker close()
2023-08-23 10:51:58,797 [JvmPauseMonitor5] INFO  util.JvmPauseMonitor (JvmPauseMonitor.java:run(109)) - JvmPauseMonitor-om1: Stopped
2023-08-23 10:51:58,797 [Time-limited test] INFO  ratis.OzoneManagerStateMachine (OzoneManagerStateMachine.java:close(534)) - StateMachine has shutdown. Shutdown OzoneManager if not already shutdown.
2023-08-23 10:51:58,797 [Time-limited test] INFO  ratis.OzoneManagerDoubleBuffer (OzoneManagerDoubleBuffer.java:stopDaemon(560)) - OMDoubleBuffer flush thread is not running.
2023-08-23 10:51:58,797 [Time-limited test] INFO  utils.BackgroundService (BackgroundService.java:shutdown(141)) - Shutting down service KeyDeletingService
2023-08-23 10:51:58,798 [Time-limited test] INFO  utils.BackgroundService (BackgroundService.java:shutdown(141)) - Shutting down service KeyDeletingService
2023-08-23 10:51:58,798 [Time-limited test] INFO  utils.BackgroundService (BackgroundService.java:shutdown(141)) - Shutting down service OpenKeyCleanupService
2023-08-23 10:51:58,798 [Time-limited test] INFO  utils.BackgroundService (BackgroundService.java:shutdown(141)) - Shutting down service SstFilteringService
2023-08-23 10:51:58,798 [Time-limited test] INFO  utils.BackgroundService (BackgroundService.java:shutdown(141)) - Shutting down service SnapshotDeletingService
2023-08-23 10:51:58,799 [Time-limited test] INFO  om.OzoneManager (OzoneManager.java:stopSecretManager(1063)) - Stopping secret key client.
2023-08-23 10:51:58,799 [Time-limited test] INFO  om.OzoneManager (OzoneManager.java:stopSecretManager(1068)) - Stopping OM delegation token secret manager.
2023-08-23 10:51:58,799 [Thread[Thread-1295,5,FailOnTimeoutGroup]] INFO  security.OzoneDelegationTokenSecretManager (OzoneDelegationTokenSecretManager.java:run(653)) - ExpiredTokenRemover was interrupted.
java.lang.InterruptedException: sleep interrupted
	at java.lang.Thread.sleep(Native Method)
	at org.apache.hadoop.ozone.security.OzoneDelegationTokenSecretManager$ExpiredTokenRemover.run(OzoneDelegationTokenSecretManager.java:649)
	at java.lang.Thread.run(Thread.java:750)
2023-08-23 10:51:58,800 [Time-limited test] INFO  handler.ContextHandler (ContextHandler.java:doStop(1159)) - Stopped o.e.j.w.WebAppContext@472103fd{ozoneManager,/,null,STOPPED}{file:/home/runner/work/ozone/ozone/hadoop-ozone/integration-test/target/test-classes/webapps/ozoneManager}
2023-08-23 10:51:58,800 [Time-limited test] INFO  server.AbstractConnector (AbstractConnector.java:doStop(383)) - Stopped ServerConnector@1c358baa{HTTP/1.1, (http/1.1)}{0.0.0.0:9874}
2023-08-23 10:51:58,800 [Time-limited test] INFO  server.session (HouseKeeper.java:stopScavenging(149)) - node0 Stopped scavenging
2023-08-23 10:51:58,800 [Time-limited test] INFO  handler.ContextHandler (ContextHandler.java:doStop(1159)) - Stopped o.e.j.s.ServletContextHandler@22ffa951{static,/static,file:///home/runner/work/ozone/ozone/hadoop-ozone/integration-test/target/test-classes/webapps/static,STOPPED}
2023-08-23 10:51:58,801 [Time-limited test] INFO  handler.ContextHandler (ContextHandler.java:doStop(1159)) - Stopped o.e.j.s.ServletContextHandler@17e7b2d6{logs,/logs,file:///home/runner/work/ozone/ozone/hadoop-ozone/integration-test/target/log,STOPPED}
2023-08-23 10:51:58,801 [Time-limited test] INFO  rocksdiff.RocksDBCheckpointDiffer (RocksDBCheckpointDiffer.java:close(340)) - Shutting down CompactionDagPruningService.
2023-08-23 10:51:58,803 [Time-limited test] INFO  snapshot.SnapshotDiffManager (SnapshotDiffManager.java:closeExecutorService(1720)) - Shutting down executorService: 'SnapDiffExecutor'
2023-08-23 10:51:58,804 [Time-limited test] INFO  snapshot.SnapshotDiffManager (SnapshotDiffManager.java:closeExecutorService(1720)) - Shutting down executorService: 'SstDumpToolExecutor'
2023-08-23 10:51:58,804 [Time-limited test] INFO  utils.BackgroundService (BackgroundService.java:shutdown(141)) - Shutting down service SnapshotDiffCleanupService
]]></system-out>
  </testcase>
  <testcase name="testDelegationTokenRenewCrossCertificateRenew" classname="org.apache.hadoop.ozone.TestSecureOzoneCluster" time="17.721">
    <failure type="org.junit.ComparisonFailure"><![CDATA[org.junit.ComparisonFailure: expected:<16[19863584076]> but was:<16[05297255207]>
	at org.junit.Assert.assertEquals(Assert.java:117)
	at org.junit.Assert.assertEquals(Assert.java:146)
	at org.apache.hadoop.ozone.TestSecureOzoneCluster.testDelegationTokenRenewCrossCertificateRenew(TestSecureOzoneCluster.java:1210)
	at sun.reflect.NativeMethodAccessorImpl.invoke0(Native Method)
	at sun.reflect.NativeMethodAccessorImpl.invoke(NativeMethodAccessorImpl.java:62)
	at sun.reflect.DelegatingMethodAccessorImpl.invoke(DelegatingMethodAccessorImpl.java:43)
	at java.lang.reflect.Method.invoke(Method.java:498)
	at org.junit.runners.model.FrameworkMethod$1.runReflectiveCall(FrameworkMethod.java:59)
	at org.junit.internal.runners.model.ReflectiveCallable.run(ReflectiveCallable.java:12)
	at org.junit.runners.model.FrameworkMethod.invokeExplosively(FrameworkMethod.java:56)
	at org.junit.internal.runners.statements.InvokeMethod.evaluate(InvokeMethod.java:17)
	at org.junit.internal.runners.statements.RunBefores.evaluate(RunBefores.java:26)
	at org.junit.internal.runners.statements.RunAfters.evaluate(RunAfters.java:27)
	at org.junit.rules.ExternalResource$1.evaluate(ExternalResource.java:54)
	at org.junit.internal.runners.statements.FailOnTimeout$CallableStatement.call(FailOnTimeout.java:288)
	at org.junit.internal.runners.statements.FailOnTimeout$CallableStatement.call(FailOnTimeout.java:282)
	at java.util.concurrent.FutureTask.run(FutureTask.java:266)
	at java.lang.Thread.run(Thread.java:750)
]]></failure>
    <system-out><![CDATA[2023-08-23 10:51:58,827 [Time-limited test] INFO  net.ServerSocketUtil (ServerSocketUtil.java:getPort(55)) - Using port 9860
2023-08-23 10:51:58,827 [Time-limited test] INFO  net.ServerSocketUtil (ServerSocketUtil.java:getPort(55)) - Using port 9861
2023-08-23 10:51:58,827 [Time-limited test] INFO  net.ServerSocketUtil (ServerSocketUtil.java:getPort(55)) - Using port 9863
2023-08-23 10:51:58,828 [Time-limited test] INFO  net.ServerSocketUtil (ServerSocketUtil.java:getPort(55)) - Using port 9961
2023-08-23 10:51:58,828 [Time-limited test] INFO  net.ServerSocketUtil (ServerSocketUtil.java:getPort(55)) - Using port 1200
2023-08-23 10:51:58,828 [Time-limited test] INFO  net.ServerSocketUtil (ServerSocketUtil.java:getPort(55)) - Using port 1201
2023-08-23 10:51:58,828 [Time-limited test] INFO  minikdc.MiniKdc (MiniKdc.java:<init>(225)) - Configuration:
2023-08-23 10:51:58,828 [Time-limited test] INFO  minikdc.MiniKdc (MiniKdc.java:<init>(226)) - ---------------------------------------------------------------
2023-08-23 10:51:58,828 [Time-limited test] INFO  minikdc.MiniKdc (MiniKdc.java:<init>(228)) -   debug: false
2023-08-23 10:51:58,828 [Time-limited test] INFO  minikdc.MiniKdc (MiniKdc.java:<init>(228)) -   transport: TCP
2023-08-23 10:51:58,828 [Time-limited test] INFO  minikdc.MiniKdc (MiniKdc.java:<init>(228)) -   max.ticket.lifetime: 86400000
2023-08-23 10:51:58,828 [Time-limited test] INFO  minikdc.MiniKdc (MiniKdc.java:<init>(228)) -   org.name: EXAMPLE
2023-08-23 10:51:58,828 [Time-limited test] INFO  minikdc.MiniKdc (MiniKdc.java:<init>(228)) -   kdc.port: 0
2023-08-23 10:51:58,828 [Time-limited test] INFO  minikdc.MiniKdc (MiniKdc.java:<init>(228)) -   org.domain: COM
2023-08-23 10:51:58,828 [Time-limited test] INFO  minikdc.MiniKdc (MiniKdc.java:<init>(228)) -   max.renewable.lifetime: 604800000
2023-08-23 10:51:58,828 [Time-limited test] INFO  minikdc.MiniKdc (MiniKdc.java:<init>(228)) -   instance: DefaultKrbServer
2023-08-23 10:51:58,828 [Time-limited test] INFO  minikdc.MiniKdc (MiniKdc.java:<init>(228)) -   kdc.bind.address: localhost
2023-08-23 10:51:58,828 [Time-limited test] INFO  minikdc.MiniKdc (MiniKdc.java:<init>(230)) - ---------------------------------------------------------------
2023-08-23 10:51:58,830 [Time-limited test] INFO  minikdc.MiniKdc (MiniKdc.java:start(285)) - MiniKdc started.
2023-08-23 10:51:58,995 [Time-limited test] INFO  om.OzoneManager (OzoneManager.java:getOmDetailsProto(4552)) - OzoneManager ports added:[name: "RPC"
value: 1202
]
2023-08-23 10:51:59,000 [Time-limited test] WARN  server.ServerUtils (ServerUtils.java:getDBPath(311)) - ozone.om.db.dirs is not configured. We recommend adding this setting. Falling back to ozone.metadata.dirs instead.
2023-08-23 10:51:59,001 [Time-limited test] INFO  ha.OMHANodeDetails (OMHANodeDetails.java:loadOMHAConfig(115)) - ozone.om.internal.service.id is not defined, falling back to ozone.om.service.ids to find serviceID for OzoneManager if it is HA enabled cluster
2023-08-23 10:51:59,002 [Time-limited test] INFO  ha.OMHANodeDetails (OMHANodeDetails.java:loadOMHAConfig(226)) - Configuration does not have ozone.om.address set. Falling back to the default OM address fv-az573-639/10.1.0.17:1202
2023-08-23 10:51:59,002 [Time-limited test] INFO  ha.OMHANodeDetails (OMHANodeDetails.java:getOMNodeDetailsForNonHA(254)) - OM Service ID is not set. Setting it to the default ID: omServiceIdDefault
2023-08-23 10:51:59,002 [Time-limited test] INFO  ha.OMHANodeDetails (OMHANodeDetails.java:getOMNodeDetailsForNonHA(261)) - OM Node ID is not set. Setting it to the default ID: om1
2023-08-23 10:51:59,002 [Time-limited test] WARN  server.ServerUtils (ServerUtils.java:getDBPath(311)) - ozone.om.db.dirs is not configured. We recommend adding this setting. Falling back to ozone.metadata.dirs instead.
2023-08-23 10:51:59,003 [Time-limited test] INFO  upgrade.AbstractLayoutVersionManager (AbstractLayoutVersionManager.java:init(83)) - Initializing Layout version manager with metadata layout = QUOTA (version = 6), software layout = QUOTA (version = 6)
2023-08-23 10:51:59,067 [Time-limited test] INFO  reflections.Reflections (Reflections.java:scan(232)) - Reflections took 63 ms to scan 2 urls, producing 188 keys and 512 values [using 2 cores]
2023-08-23 10:51:59,067 [Time-limited test] INFO  upgrade.OMLayoutVersionManager (OMLayoutVersionManager.java:lambda$0(115)) - Skipping Upgrade Action MockOmUpgradeAction since it has been finalized.
2023-08-23 10:51:59,067 [Time-limited test] INFO  upgrade.OMLayoutVersionManager (OMLayoutVersionManager.java:lambda$0(115)) - Skipping Upgrade Action QuotaRepairUpgradeAction since it has been finalized.
2023-08-23 10:51:59,071 [pool-390-thread-1] INFO  request.KdcRequest (KdcRequest.java:preauth(651)) - The preauth data is empty.
2023-08-23 10:51:59,072 [pool-390-thread-1] INFO  server.KdcHandler (KdcHandler.java:handleRecoverableException(177)) - KRB error occurred while processing request:Additional pre-authentication required
2023-08-23 10:51:59,075 [pool-390-thread-2] INFO  request.AsRequest (AsRequest.java:issueTicket(112)) - AS_REQ ISSUE: authtime 1692787919075,om/fv-az573-639@EXAMPLE.COM for krbtgt/EXAMPLE.COM@EXAMPLE.COM
2023-08-23 10:51:59,076 [Time-limited test] INFO  security.UserGroupInformation (UserGroupInformation.java:loginUserFromKeytab(1132)) - Login successful for user om/fv-az573-639@EXAMPLE.COM using keytab file om.keytab. Keytab auto renewal enabled : false
2023-08-23 10:51:59,076 [Time-limited test] INFO  om.OzoneManager (OzoneManager.java:loginOMUser(1161)) - Ozone Manager login successful.
2023-08-23 10:51:59,077 [Time-limited test] WARN  server.ServerUtils (ServerUtils.java:getDBPath(311)) - ozone.om.db.dirs is not configured. We recommend adding this setting. Falling back to ozone.metadata.dirs instead.
2023-08-23 10:51:59,078 [Time-limited test] INFO  proxy.SCMBlockLocationFailoverProxyProvider (SCMBlockLocationFailoverProxyProvider.java:<init>(114)) - Created block location fail-over proxy with 1 nodes: [nodeId=scmNodeId,nodeAddress=localhost/127.0.0.1:9863]
2023-08-23 10:51:59,079 [Time-limited test] INFO  om.OzoneManager (OzoneManager.java:getOmDetailsProto(4552)) - OzoneManager ports added:[name: "RPC"
value: 1202
]
2023-08-23 10:51:59,080 [Time-limited test] INFO  security.OMCertificateClient (DefaultCertificateClient.java:updateCertSerialId(1244)) - Certificate serial ID set to 9879877970576
2023-08-23 10:51:59,080 [Time-limited test] WARN  security.OMCertificateClient (DefaultCertificateClient.java:loadAllCertificates(173)) - Certificates could not be loaded.
java.nio.file.NoSuchFileException: /tmp/junit1386534383642059718/junit9157617113645102580/om-meta/om/certs
	at sun.nio.fs.UnixException.translateToIOException(UnixException.java:86)
	at sun.nio.fs.UnixException.rethrowAsIOException(UnixException.java:102)
	at sun.nio.fs.UnixException.rethrowAsIOException(UnixException.java:107)
	at sun.nio.fs.UnixFileSystemProvider.newDirectoryStream(UnixFileSystemProvider.java:427)
	at java.nio.file.Files.newDirectoryStream(Files.java:457)
	at java.nio.file.Files.list(Files.java:3451)
	at org.apache.hadoop.hdds.security.x509.certificate.client.DefaultCertificateClient.loadAllCertificates(DefaultCertificateClient.java:168)
	at org.apache.hadoop.hdds.security.x509.certificate.client.DefaultCertificateClient.updateCertSerialId(DefaultCertificateClient.java:1245)
	at org.apache.hadoop.hdds.security.x509.certificate.client.DefaultCertificateClient.<init>(DefaultCertificateClient.java:157)
	at org.apache.hadoop.hdds.security.x509.certificate.client.CommonCertificateClient.<init>(CommonCertificateClient.java:49)
	at org.apache.hadoop.ozone.security.OMCertificateClient.<init>(OMCertificateClient.java:68)
	at org.apache.hadoop.ozone.om.OzoneManager.<init>(OzoneManager.java:640)
	at org.apache.hadoop.ozone.om.OzoneManager.createOm(OzoneManager.java:754)
	at org.apache.hadoop.ozone.TestSecureOzoneCluster.setupOm(TestSecureOzoneCluster.java:701)
	at org.apache.hadoop.ozone.TestSecureOzoneCluster.testDelegationTokenRenewCrossCertificateRenew(TestSecureOzoneCluster.java:1158)
	at sun.reflect.NativeMethodAccessorImpl.invoke0(Native Method)
	at sun.reflect.NativeMethodAccessorImpl.invoke(NativeMethodAccessorImpl.java:62)
	at sun.reflect.DelegatingMethodAccessorImpl.invoke(DelegatingMethodAccessorImpl.java:43)
	at java.lang.reflect.Method.invoke(Method.java:498)
	at org.junit.runners.model.FrameworkMethod$1.runReflectiveCall(FrameworkMethod.java:59)
	at org.junit.internal.runners.model.ReflectiveCallable.run(ReflectiveCallable.java:12)
	at org.junit.runners.model.FrameworkMethod.invokeExplosively(FrameworkMethod.java:56)
	at org.junit.internal.runners.statements.InvokeMethod.evaluate(InvokeMethod.java:17)
	at org.junit.internal.runners.statements.RunBefores.evaluate(RunBefores.java:26)
	at org.junit.internal.runners.statements.RunAfters.evaluate(RunAfters.java:27)
	at org.junit.rules.ExternalResource$1.evaluate(ExternalResource.java:54)
	at org.junit.internal.runners.statements.FailOnTimeout$CallableStatement.call(FailOnTimeout.java:288)
	at org.junit.internal.runners.statements.FailOnTimeout$CallableStatement.call(FailOnTimeout.java:282)
	at java.util.concurrent.FutureTask.run(FutureTask.java:266)
	at java.lang.Thread.run(Thread.java:750)
2023-08-23 10:51:59,082 [Time-limited test] INFO  om.OzoneManager (OzoneManager.java:<init>(662)) - OM start with adminUsers: [om/fv-az573-639@EXAMPLE.COM, om]
2023-08-23 10:51:59,083 [Time-limited test] WARN  server.ServerUtils (ServerUtils.java:getDBPath(311)) - ozone.om.db.dirs is not configured. We recommend adding this setting. Falling back to ozone.metadata.dirs instead.
2023-08-23 10:51:59,083 [Time-limited test] INFO  helpers.OmKeyInfo (OmKeyInfo.java:getCodec(71)) - OmKeyInfo.getCodec ignorePipeline = true
2023-08-23 10:51:59,249 [Time-limited test] INFO  om.OzoneManager (OzoneManager.java:instantiateServices(791)) - S3 Multi-Tenancy is disabled
2023-08-23 10:51:59,250 [Time-limited test] INFO  security.OzoneSecretStore (OzoneSecretStore.java:loadState(69)) - Loaded 0 tokens
2023-08-23 10:51:59,250 [Time-limited test] INFO  security.OzoneDelegationTokenSecretManager (OzoneDelegationTokenSecretManager.java:loadTokenSecretState(530)) - Loading token state into token manager.
2023-08-23 10:51:59,250 [Time-limited test] INFO  om.OmSnapshotManager (OmSnapshotManager.java:<init>(175)) - Ozone filesystem snapshot feature is enabled.
2023-08-23 10:51:59,250 [Time-limited test] WARN  server.ServerUtils (ServerUtils.java:getDBPath(311)) - ozone.om.snapshot.diff.db.dir is not configured. We recommend adding this setting. Falling back to ozone.metadata.dirs instead.
2023-08-23 10:51:59,273 [Time-limited test] INFO  snapshot.SnapshotDiffManager (SnapshotDiffManager.java:closeExecutorService(1720)) - Shutting down executorService: 'SstDumpToolExecutor'
2023-08-23 10:51:59,275 [Time-limited test] INFO  om.OzoneManager (OzoneManager.java:addS3GVolumeToDB(4284)) - Created Volume s3v With Owner om required for S3Gateway operations.
2023-08-23 10:51:59,275 [Time-limited test] WARN  server.ServerUtils (ServerUtils.java:getDefaultRatisDirectory(323)) - Storage directory for Ratis is not configured. It is a good idea to map this to an SSD disk. Falling back to ozone.metadata.dirs
2023-08-23 10:51:59,275 [Time-limited test] WARN  utils.OzoneManagerRatisUtils (OzoneManagerRatisUtils.java:getOMRatisSnapshotDirectory(461)) - ozone.om.ratis.snapshot.dir is not configured. Falling back to ozone.metadata.dirs config
2023-08-23 10:51:59,275 [Time-limited test] WARN  server.ServerUtils (ServerUtils.java:getDefaultRatisDirectory(323)) - Storage directory for Ratis is not configured. It is a good idea to map this to an SSD disk. Falling back to ozone.metadata.dirs
2023-08-23 10:51:59,277 [Time-limited test] INFO  ratis.OzoneManagerRatisServer (OzoneManagerRatisServer.java:<init>(163)) - Instantiating OM Ratis server with groupID: omServiceIdDefault and peers: fv-az573-639:9872
2023-08-23 10:51:59,277 [Time-limited test] INFO  ratis.OzoneManagerStateMachine (OzoneManagerStateMachine.java:loadSnapshotInfoFromDB(687)) - LastAppliedIndex is set from TransactionInfo from OM DB as (t:0, i:~)
2023-08-23 10:51:59,277 [Time-limited test] INFO  server.RaftServer (ConfUtils.java:logGet(46)) - raft.rpc.type = GRPC (default)
2023-08-23 10:51:59,277 [Time-limited test] INFO  grpc.GrpcConfigKeys (ConfUtils.java:logFallback(53)) - raft.grpc.admin.host = null (fallback to raft.grpc.server.host)
2023-08-23 10:51:59,277 [Time-limited test] INFO  grpc.GrpcConfigKeys (ConfUtils.java:logFallback(53)) - raft.grpc.admin.port = 9872 (fallback to raft.grpc.server.port)
2023-08-23 10:51:59,277 [Time-limited test] INFO  grpc.GrpcConfigKeys (ConfUtils.java:logFallback(53)) - raft.grpc.client.host = null (fallback to raft.grpc.server.host)
2023-08-23 10:51:59,278 [Time-limited test] INFO  grpc.GrpcConfigKeys (ConfUtils.java:logFallback(53)) - raft.grpc.client.port = 9872 (fallback to raft.grpc.server.port)
2023-08-23 10:51:59,278 [Time-limited test] INFO  grpc.GrpcConfigKeys (ConfUtils.java:logGet(46)) - raft.grpc.server.host = null (default)
2023-08-23 10:51:59,278 [Time-limited test] INFO  grpc.GrpcConfigKeys (ConfUtils.java:logGet(46)) - raft.grpc.server.port = 9872 (custom)
2023-08-23 10:51:59,278 [Time-limited test] INFO  server.GrpcService (ConfUtils.java:logGet(46)) - raft.grpc.message.size.max = 33554432 (custom)
2023-08-23 10:51:59,278 [Time-limited test] INFO  server.RaftServerConfigKeys (ConfUtils.java:logGet(46)) - raft.server.log.appender.buffer.byte-limit = 33554432 (custom)
2023-08-23 10:51:59,278 [Time-limited test] INFO  server.GrpcService (ConfUtils.java:logGet(46)) - raft.grpc.flow.control.window = 1MB (=1048576) (default)
2023-08-23 10:51:59,278 [Time-limited test] INFO  server.RaftServerConfigKeys (ConfUtils.java:logGet(46)) - raft.server.rpc.request.timeout = 3000ms (default)
2023-08-23 10:51:59,278 [Time-limited test] INFO  grpc.GrpcConfigKeys (ConfUtils.java:logGet(46)) - raft.grpc.server.heartbeat.channel = true (default)
2023-08-23 10:51:59,278 [Time-limited test] INFO  grpc.GrpcConfigKeys (ConfUtils.java:logGet(46)) - raft.grpc.server.async.request.thread.pool.cached = true (default)
2023-08-23 10:51:59,278 [Time-limited test] INFO  grpc.GrpcConfigKeys (ConfUtils.java:logGet(46)) - raft.grpc.server.async.request.thread.pool.size = 32 (default)
2023-08-23 10:51:59,279 [Time-limited test] INFO  impl.DataStreamServerImpl (ConfUtils.java:logGet(46)) - raft.datastream.type = DISABLED (default)
2023-08-23 10:51:59,280 [Time-limited test] INFO  server.RaftServerConfigKeys (ConfUtils.java:logGet(46)) - raft.server.threadpool.proxy.cached = true (default)
2023-08-23 10:51:59,280 [Time-limited test] INFO  server.RaftServerConfigKeys (ConfUtils.java:logGet(46)) - raft.server.threadpool.proxy.size = 0 (default)
2023-08-23 10:51:59,280 [Time-limited test] INFO  server.RaftServerConfigKeys (ConfUtils.java:logGet(46)) - raft.server.rpc.slowness.timeout = 120s (custom)
2023-08-23 10:51:59,280 [Time-limited test] INFO  server.RaftServerConfigKeys (ConfUtils.java:logGet(46)) - raft.server.leaderelection.leader.step-down.wait-time = 10s (default)
2023-08-23 10:51:59,280 [Time-limited test] INFO  server.RaftServerConfigKeys (ConfUtils.java:logGet(46)) - raft.server.storage.dir = [/tmp/junit1386534383642059718/junit9157617113645102580/om-meta/ratis] (custom)
2023-08-23 10:51:59,282 [Time-limited test] INFO  server.RaftServer (RaftServerProxy.java:addNew(98)) - om1: addNew group-C5BA1605619E:[om1|rpc:fv-az573-639:9872|priority:0|startupRole:FOLLOWER] returns group-C5BA1605619E:java.util.concurrent.CompletableFuture@7926b8a0[Not completed]
2023-08-23 10:51:59,282 [Time-limited test] INFO  om.OzoneManager (OzoneManager.java:initializeRatisServer(2128)) - OzoneManager Ratis server initialized at port 9872
RaftServerImpl.java:<init>(198)) - om1: new RaftServerImpl for group-C5BA1605619E:[om1|rpc:fv-az573-639:9872|priority:0|startupRole:FOLLOWER] with OzoneManagerStateMachine:uninitialized
2023-08-23 10:51:59,282 [Time-limited test] INFO  om.OzoneManager (OzoneManager.java:initializeRatisServer(2128)) - OzoneManager Ratis server initialized at port 9872
2023-08-23 10:51:59,282 [om1-groupManagement] INFO  server.RaftServerConfigKeys (ConfUtils.java:logGet(46)) - raft.server.rpc.timeout.min = 5s (custom)
2023-08-23 10:51:59,282 [om1-groupManagement] INFO  server.RaftServerConfigKeys (ConfUtils.java:logGet(46)) - raft.server.rpc.timeout.max = 5200ms (custom)
2023-08-23 10:51:59,282 [om1-groupManagement] INFO  server.RaftServerConfigKeys (ConfUtils.java:logGet(46)) - raft.server.rpc.sleep.time = 25ms (default)
2023-08-23 10:51:59,282 [om1-groupManagement] INFO  server.RaftServerConfigKeys (ConfUtils.java:logGet(46)) - raft.server.rpc.slowness.timeout = 120s (custom)
om.OzoneManager (2023-08-23 10:51:59,282 [om1-groupManagement] INFO  server.RaftServerConfigKeys (ConfUtils.java:logGet(46)) - raft.server.leaderelection.leader.step-down.wait-time = 10s (default)
2023-08-23 10:51:59,282 [Time-limited test] INFO  om.OzoneManager (OzoneManager.java:getRpcServer(1193)) - Creating RPC Server
ConfUtils.java:logGet(46)) - raft.server.sleep.deviation.threshold = 300ms (default)
2023-08-23 10:51:59,282 [Time-limited test] INFO  om.OzoneManager (OzoneManager.java:getRpcServer(1193)) - Creating RPC Server
2023-08-23 10:51:59,282 [om1-groupManagement] INFO  server.RaftServer$Division (ServerState.java:<init>(120)) - om1@group-C5BA1605619E: ConfigurationManager, init=-1: peers:[om1|rpc:fv-az573-639:9872|priority:0|startupRole:FOLLOWER]|listeners:[], old=null, confs=<EMPTY_MAP>
2023-08-23 10:51:59,283 [om1-groupManagement] INFO  server.RaftServerConfigKeys (ConfUtils.java:logGet(46)) - raft.server.storage.dir = [/tmp/junit1386534383642059718/junit9157617113645102580/om-meta/ratis] (custom)
2023-08-23 10:51:59,283 [om1-groupManagement] INFO  server.RaftServerConfigKeys (ConfUtils.java:logGet(46)) - raft.server.log.corruption.policy = EXCEPTION (default)
2023-08-23 10:51:59,283 [om1-groupManagement] INFO  server.RaftServerConfigKeys (ConfUtils.java:logGet(46)) - raft.server.storage.free-space.min = 0MB (=0) (default)
2023-08-23 10:51:59,283 [om1-groupManagement] INFO  server.RaftServerConfigKeys (ConfUtils.java:logGet(46)) - raft.server.notification.no-leader.timeout = 120s (custom)
2023-08-23 10:51:59,283 [om1-groupManagement] INFO  server.RaftServerConfigKeys (ConfUtils.java:logGet(46)) - raft.server.read.timeout = 10s (default)
2023-08-23 10:51:59,283 [om1-groupManagement] INFO  server.RaftServerConfigKeys (ConfUtils.java:logGet(46)) - raft.server.retrycache.expirytime = 300s (custom)
2023-08-23 10:51:59,283 [om1-groupManagement] INFO  server.RaftServerConfigKeys (ConfUtils.java:logGet(46)) - raft.server.retrycache.statistics.expirytime = 100μs (default)
2023-08-23 10:51:59,283 [om1-groupManagement] INFO  server.RaftServerConfigKeys (ConfUtils.java:logGet(46)) - raft.server.read.option = DEFAULT (default)
2023-08-23 10:51:59,284 [om1-groupManagement] INFO  server.RaftServerConfigKeys (ConfUtils.java:logGet(46)) - raft.server.rpc.request.timeout = 3000ms (default)
2023-08-23 10:51:59,284 [om1-groupManagement] INFO  server.RaftServerConfigKeys (ConfUtils.java:logGet(46)) - raft.server.log.appender.install.snapshot.enabled = false (custom)
2023-08-23 10:51:59,284 [om1-groupManagement] INFO  server.RaftServerConfigKeys (ConfUtils.java:logGet(46)) - raft.server.threadpool.server.cached = true (default)
2023-08-23 10:51:59,285 [om1-groupManagement] INFO  server.RaftServerConfigKeys (ConfUtils.java:logGet(46)) - raft.server.threadpool.server.size = 0 (default)
2023-08-23 10:51:59,285 [om1-groupManagement] INFO  server.RaftServerConfigKeys (ConfUtils.java:logGet(46)) - raft.server.threadpool.client.cached = true (default)
2023-08-23 10:51:59,285 [om1-groupManagement] INFO  server.RaftServerConfigKeys (ConfUtils.java:logGet(46)) - raft.server.threadpool.client.size = 0 (default)
2023-08-23 10:51:59,641 [Time-limited test] INFO  reflections.Reflections (Reflections.java:scan(232)) - Reflections took 356 ms to scan 19 urls, producing 70 keys and 5642 values [using 2 cores]
2023-08-23 10:51:59,642 [Time-limited test] INFO  ipc.CallQueueManager (CallQueueManager.java:<init>(90)) - Using callQueue: class java.util.concurrent.LinkedBlockingQueue, queueCapacity: 10000, scheduler: class org.apache.hadoop.ipc.DefaultRpcScheduler, ipcBackoff: false.
2023-08-23 10:51:59,643 [Time-limited test] INFO  ipc.Server (Server.java:<init>(1287)) - Listener at fv-az573-639:1202
2023-08-23 10:51:59,646 [Socket Reader #1 for port 1202] INFO  ipc.Server (Server.java:run(1323)) - Starting Socket Reader #1 for port 1202
2023-08-23 10:51:59,921 [Time-limited test] INFO  utils.SelfSignedCertificate (SelfSignedCertificate.java:generateCertificate(157)) - Certificate 1 is issued by CN=rootCA@localhost,OU=scm1,O=cluster1 to CN=rootCA@localhost,OU=scm1,O=cluster1, valid from Wed Aug 23 10:51:59 UTC 2023 to Sat Sep 30 10:51:59 UTC 2028
2023-08-23 10:51:59,924 [Time-limited test] INFO  authority.DefaultApprover (DefaultApprover.java:sign(154)) - Extensions in CSR: 2.5.29.15
2023-08-23 10:51:59,924 [Time-limited test] INFO  authority.DefaultApprover (DefaultApprover.java:sign(158)) - Extensions to add to the certificate if they present in CSR: 2.5.29.17, 2.5.29.19, 1.3.6.1.5.5.7.1.12, 2.5.29.35, 2.5.29.37, 2.5.29.15
2023-08-23 10:51:59,926 [Time-limited test] INFO  ssl.ReloadingX509KeyManager (ReloadingX509KeyManager.java:loadKeyManager(222)) - Key manager is loaded with certificate chain
2023-08-23 10:51:59,927 [Time-limited test] INFO  ssl.ReloadingX509KeyManager (ReloadingX509KeyManager.java:loadKeyManager(224)) - [
[
  Version: V3
  Subject: O=cluster1, OU=scm1, CN=localhost
  Signature Algorithm: SHA256withRSA, OID = 1.2.840.113549.1.1.11

  Key:  Sun RSA public key, 2048 bits
  params: null
  modulus: 24712011656233821636948422800835736735991313796940018166519293397981749150134200638316078221889533177124717263460032196179209592966208648401287914584687308954098621590582071475000951052006652923725765059725333388701870593051755865370586120949110800787386030792190910969720885432556446311043042733744708719956134955853207623194577366025947549458408477711911503628442455749397695328544096190889159436155944837262533526739215068092238535733111778947984095919063526511061246951319523335118616689397926555841608566514801259829927472665502781121578821783041348399075903801626771865589096244082140060590327382744537814737173
  public exponent: 65537
  Validity: [From: Wed Aug 23 10:51:59 UTC 2023,
               To: Wed Aug 23 10:52:39 UTC 2023]
  Issuer: O=cluster1, OU=scm1, CN=rootCA@localhost
  SerialNumber: [    0175c32c 3327]

Certificate Extensions: 1
[1]: ObjectId: 2.5.29.15 Criticality=true
KeyUsage [
  DigitalSignature
  Key_Encipherment
  Data_Encipherment
  Key_Agreement
]

]
  Algorithm: [SHA256withRSA]
  Signature:
0000: 9B C8 A8 A1 3E FE A4 33   86 7F E6 80 4C A6 88 58  ....>..3....L..X
0010: 1C BF 87 54 A8 39 1A 06   03 FE 6F 88 C2 72 B5 FC  ...T.9....o..r..
0020: 67 AE D1 7A F9 63 68 D1   A7 DC 0B C4 AA 29 47 EB  g..z.ch......)G.
0030: 48 BB 21 C3 E3 9B EF 17   E7 9B 6E 23 D8 DA A3 55  H.!.......n#...U
0040: 31 87 F7 E0 87 FC 18 5B   CE 40 B2 77 C0 13 A1 ED  1......[.@.w....
0050: 51 68 AC 0E 40 E4 3F 5C   D0 B1 8F D7 D2 A1 0D 9D  Qh..@.?\........
0060: 3A E7 17 AD 77 6B 68 C5   B9 66 16 55 6F A6 F1 D5  :...wkh..f.Uo...
0070: 80 11 AE EF 61 B6 34 AB   5F 57 90 B2 15 CE D8 3C  ....a.4._W.....<
0080: FA CD 5A 77 DF D2 2F AB   07 57 FF CB D2 BC 51 3F  ..Zw../..W....Q?
0090: 96 5E EA 70 14 C0 8D 9C   1D C8 C7 06 BF C4 66 81  .^.p..........f.
00A0: 15 B3 C9 1C 59 57 B4 CC   EF 08 2E 2A A2 7B 6E 70  ....YW.....*..np
00B0: 32 C2 4E 69 05 AE 17 05   F1 84 5F 75 52 2A 48 E6  2.Ni......_uR*H.
00C0: 40 DE EA C7 B4 C0 D2 DF   22 03 99 19 C8 F1 04 99  @.......".......
00D0: F8 11 2B 5E 95 47 46 1A   20 16 A4 D0 8B 0A 1F 71  ..+^.GF. ......q
00E0: EE EF D9 ED 8B C6 BE A6   3C 27 31 51 02 D9 39 11  ........<'1Q..9.
00F0: 62 A1 0E 31 43 19 56 B5   00 83 B5 32 F6 75 98 11  b..1C.V....2.u..

]
2023-08-23 10:51:59,927 [Time-limited test] INFO  ssl.ReloadingX509KeyManager (ReloadingX509KeyManager.java:loadKeyManager(224)) - [
[
  Version: V3
  Subject: O=cluster1, OU=scm1, CN=rootCA@localhost
  Signature Algorithm: SHA256withRSA, OID = 1.2.840.113549.1.1.11

  Key:  Sun RSA public key, 2048 bits
  params: null
  modulus: 21006270333260951834155772447972644449661603726055623187402752081073389664753823659067408604216921689465136630179103808680084353862580609058285594967790826500490944680532779055922511861248246013340065496481752638046254142979792765539141475856973899764727689072214922591306683932597218353385740038272968133593935675062967931629749718849807968648337436922404368770216519183303529677813460050666841276497626777606223935422945069895190143546790104049512034372264999703479747602565692018726455378372851613695200337064806353171531554091239801149805459290121075579031537252559084523981251981249701630121702936320972304438461
  public exponent: 65537
  Validity: [From: Wed Aug 23 10:51:59 UTC 2023,
               To: Sat Sep 30 10:51:59 UTC 2028]
  Issuer: O=cluster1, OU=scm1, CN=rootCA@localhost
  SerialNumber: [    01]

Certificate Extensions: 2
[1]: ObjectId: 2.5.29.19 Criticality=true
BasicConstraints:[
  CA:true
  PathLen:2147483647
]

[2]: ObjectId: 2.5.29.15 Criticality=true
KeyUsage [
  Key_CertSign
  Crl_Sign
]

]
  Algorithm: [SHA256withRSA]
  Signature:
0000: 8F 80 31 21 B8 AE B0 64   13 37 86 C7 99 0A 91 30  ..1!...d.7.....0
0010: B2 3E 88 86 47 4C 9A 6F   03 F5 6E 4A 13 CD EE 43  .>..GL.o..nJ...C
0020: E1 4A 7E BB 9C 04 B0 A3   4B 65 73 19 8E 60 A3 87  .J......Kes..`..
0030: FA 5C 31 62 D4 8C 4B 01   39 05 FA 19 60 08 6C 19  .\1b..K.9...`.l.
0040: 67 A4 F1 5A 86 4A D9 C6   4C 45 8A FB 5F 5C E7 14  g..Z.J..LE.._\..
0050: A6 83 74 01 90 05 01 6D   2F B6 46 BF EC 57 A0 48  ..t....m/.F..W.H
0060: 6C B9 9D A2 E1 A7 F7 62   60 B1 90 F6 AE 22 00 B1  l......b`...."..
0070: 16 BE 42 E7 32 6C 17 C7   4C DE 40 43 C1 F6 AE 39  ..B.2l..L.@C...9
0080: D3 7D AE 84 86 C5 41 FF   4E E4 53 E5 76 D3 32 C8  ......A.N.S.v.2.
0090: BE A1 9B CF 98 42 76 77   02 1A 72 03 AE 3F 8C 5B  .....Bvw..r..?.[
00A0: 9D BD 91 6E 10 F2 3B 3A   E4 9D 8E D3 81 C3 9B FE  ...n..;:........
00B0: 26 87 0B C4 75 75 4F E2   83 B6 82 79 C3 C2 F2 94  &...uuO....y....
00C0: 55 8C 08 DC AF 66 E0 26   A9 4A FA 90 18 DB 5D 66  U....f.&.J....]f
00D0: 5B 6F 82 6E 35 8A B3 98   DA 1D 0A 6E 44 1A FB FE  [o.n5......nD...
00E0: EE 6A AA 59 8B EA 08 9A   B7 62 CF 42 BF 75 BB 87  .j.Y.....b.B.u..
00F0: FF DD 4F E7 AF CA 22 1A   F9 2B 12 13 6E B7 60 EB  ..O..."..+..n.`.

]
2023-08-23 10:51:59,928 [Time-limited test] INFO  ssl.ReloadingX509TrustManager (ReloadingX509TrustManager.java:insertCertsToKeystore(188)) - Trust manager is loaded with certificates
2023-08-23 10:51:59,928 [Time-limited test] INFO  ssl.ReloadingX509TrustManager (ReloadingX509TrustManager.java:insertCertsToKeystore(192)) - [
[
  Version: V3
  Subject: O=cluster1, OU=scm1, CN=rootCA@localhost
  Signature Algorithm: SHA256withRSA, OID = 1.2.840.113549.1.1.11

  Key:  Sun RSA public key, 2048 bits
  params: null
  modulus: 21006270333260951834155772447972644449661603726055623187402752081073389664753823659067408604216921689465136630179103808680084353862580609058285594967790826500490944680532779055922511861248246013340065496481752638046254142979792765539141475856973899764727689072214922591306683932597218353385740038272968133593935675062967931629749718849807968648337436922404368770216519183303529677813460050666841276497626777606223935422945069895190143546790104049512034372264999703479747602565692018726455378372851613695200337064806353171531554091239801149805459290121075579031537252559084523981251981249701630121702936320972304438461
  public exponent: 65537
  Validity: [From: Wed Aug 23 10:51:59 UTC 2023,
               To: Sat Sep 30 10:51:59 UTC 2028]
  Issuer: O=cluster1, OU=scm1, CN=rootCA@localhost
  SerialNumber: [    01]

Certificate Extensions: 2
[1]: ObjectId: 2.5.29.19 Criticality=true
BasicConstraints:[
  CA:true
  PathLen:2147483647
]

[2]: ObjectId: 2.5.29.15 Criticality=true
KeyUsage [
  Key_CertSign
  Crl_Sign
]

]
  Algorithm: [SHA256withRSA]
  Signature:
0000: 8F 80 31 21 B8 AE B0 64   13 37 86 C7 99 0A 91 30  ..1!...d.7.....0
0010: B2 3E 88 86 47 4C 9A 6F   03 F5 6E 4A 13 CD EE 43  .>..GL.o..nJ...C
0020: E1 4A 7E BB 9C 04 B0 A3   4B 65 73 19 8E 60 A3 87  .J......Kes..`..
0030: FA 5C 31 62 D4 8C 4B 01   39 05 FA 19 60 08 6C 19  .\1b..K.9...`.l.
0040: 67 A4 F1 5A 86 4A D9 C6   4C 45 8A FB 5F 5C E7 14  g..Z.J..LE.._\..
0050: A6 83 74 01 90 05 01 6D   2F B6 46 BF EC 57 A0 48  ..t....m/.F..W.H
0060: 6C B9 9D A2 E1 A7 F7 62   60 B1 90 F6 AE 22 00 B1  l......b`...."..
0070: 16 BE 42 E7 32 6C 17 C7   4C DE 40 43 C1 F6 AE 39  ..B.2l..L.@C...9
0080: D3 7D AE 84 86 C5 41 FF   4E E4 53 E5 76 D3 32 C8  ......A.N.S.v.2.
0090: BE A1 9B CF 98 42 76 77   02 1A 72 03 AE 3F 8C 5B  .....Bvw..r..?.[
00A0: 9D BD 91 6E 10 F2 3B 3A   E4 9D 8E D3 81 C3 9B FE  ...n..;:........
00B0: 26 87 0B C4 75 75 4F E2   83 B6 82 79 C3 C2 F2 94  &...uuO....y....
00C0: 55 8C 08 DC AF 66 E0 26   A9 4A FA 90 18 DB 5D 66  U....f.&.J....]f
00D0: 5B 6F 82 6E 35 8A B3 98   DA 1D 0A 6E 44 1A FB FE  [o.n5......nD...
00E0: EE 6A AA 59 8B EA 08 9A   B7 62 CF 42 BF 75 BB 87  .j.Y.....b.B.u..
00F0: FF DD 4F E7 AF CA 22 1A   F9 2B 12 13 6E B7 60 EB  ..O..."..+..n.`.

]
2023-08-23 10:51:59,929 [Time-limited test] INFO  ssl.ReloadingX509KeyManager (ReloadingX509KeyManager.java:loadKeyManager(222)) - Key manager is loaded with certificate chain
2023-08-23 10:51:59,931 [Time-limited test] INFO  ssl.ReloadingX509KeyManager (ReloadingX509KeyManager.java:loadKeyManager(224)) - [
[
  Version: V3
  Subject: O=cluster1, OU=scm1, CN=localhost
  Signature Algorithm: SHA256withRSA, OID = 1.2.840.113549.1.1.11

  Key:  Sun RSA public key, 2048 bits
  params: null
  modulus: 24712011656233821636948422800835736735991313796940018166519293397981749150134200638316078221889533177124717263460032196179209592966208648401287914584687308954098621590582071475000951052006652923725765059725333388701870593051755865370586120949110800787386030792190910969720885432556446311043042733744708719956134955853207623194577366025947549458408477711911503628442455749397695328544096190889159436155944837262533526739215068092238535733111778947984095919063526511061246951319523335118616689397926555841608566514801259829927472665502781121578821783041348399075903801626771865589096244082140060590327382744537814737173
  public exponent: 65537
  Validity: [From: Wed Aug 23 10:51:59 UTC 2023,
               To: Wed Aug 23 10:52:39 UTC 2023]
  Issuer: O=cluster1, OU=scm1, CN=rootCA@localhost
  SerialNumber: [    0175c32c 3327]

Certificate Extensions: 1
[1]: ObjectId: 2.5.29.15 Criticality=true
KeyUsage [
  DigitalSignature
  Key_Encipherment
  Data_Encipherment
  Key_Agreement
]

]
  Algorithm: [SHA256withRSA]
  Signature:
0000: 9B C8 A8 A1 3E FE A4 33   86 7F E6 80 4C A6 88 58  ....>..3....L..X
0010: 1C BF 87 54 A8 39 1A 06   03 FE 6F 88 C2 72 B5 FC  ...T.9....o..r..
0020: 67 AE D1 7A F9 63 68 D1   A7 DC 0B C4 AA 29 47 EB  g..z.ch......)G.
0030: 48 BB 21 C3 E3 9B EF 17   E7 9B 6E 23 D8 DA A3 55  H.!.......n#...U
0040: 31 87 F7 E0 87 FC 18 5B   CE 40 B2 77 C0 13 A1 ED  1......[.@.w....
0050: 51 68 AC 0E 40 E4 3F 5C   D0 B1 8F D7 D2 A1 0D 9D  Qh..@.?\........
0060: 3A E7 17 AD 77 6B 68 C5   B9 66 16 55 6F A6 F1 D5  :...wkh..f.Uo...
0070: 80 11 AE EF 61 B6 34 AB   5F 57 90 B2 15 CE D8 3C  ....a.4._W.....<
0080: FA CD 5A 77 DF D2 2F AB   07 57 FF CB D2 BC 51 3F  ..Zw../..W....Q?
0090: 96 5E EA 70 14 C0 8D 9C   1D C8 C7 06 BF C4 66 81  .^.p..........f.
00A0: 15 B3 C9 1C 59 57 B4 CC   EF 08 2E 2A A2 7B 6E 70  ....YW.....*..np
00B0: 32 C2 4E 69 05 AE 17 05   F1 84 5F 75 52 2A 48 E6  2.Ni......_uR*H.
00C0: 40 DE EA C7 B4 C0 D2 DF   22 03 99 19 C8 F1 04 99  @.......".......
00D0: F8 11 2B 5E 95 47 46 1A   20 16 A4 D0 8B 0A 1F 71  ..+^.GF. ......q
00E0: EE EF D9 ED 8B C6 BE A6   3C 27 31 51 02 D9 39 11  ........<'1Q..9.
00F0: 62 A1 0E 31 43 19 56 B5   00 83 B5 32 F6 75 98 11  b..1C.V....2.u..

]
2023-08-23 10:51:59,932 [Time-limited test] INFO  ssl.ReloadingX509KeyManager (ReloadingX509KeyManager.java:loadKeyManager(224)) - [
[
  Version: V3
  Subject: O=cluster1, OU=scm1, CN=rootCA@localhost
  Signature Algorithm: SHA256withRSA, OID = 1.2.840.113549.1.1.11

  Key:  Sun RSA public key, 2048 bits
  params: null
  modulus: 21006270333260951834155772447972644449661603726055623187402752081073389664753823659067408604216921689465136630179103808680084353862580609058285594967790826500490944680532779055922511861248246013340065496481752638046254142979792765539141475856973899764727689072214922591306683932597218353385740038272968133593935675062967931629749718849807968648337436922404368770216519183303529677813460050666841276497626777606223935422945069895190143546790104049512034372264999703479747602565692018726455378372851613695200337064806353171531554091239801149805459290121075579031537252559084523981251981249701630121702936320972304438461
  public exponent: 65537
  Validity: [From: Wed Aug 23 10:51:59 UTC 2023,
               To: Sat Sep 30 10:51:59 UTC 2028]
  Issuer: O=cluster1, OU=scm1, CN=rootCA@localhost
  SerialNumber: [    01]

Certificate Extensions: 2
[1]: ObjectId: 2.5.29.19 Criticality=true
BasicConstraints:[
  CA:true
  PathLen:2147483647
]

[2]: ObjectId: 2.5.29.15 Criticality=true
KeyUsage [
  Key_CertSign
  Crl_Sign
]

]
  Algorithm: [SHA256withRSA]
  Signature:
0000: 8F 80 31 21 B8 AE B0 64   13 37 86 C7 99 0A 91 30  ..1!...d.7.....0
0010: B2 3E 88 86 47 4C 9A 6F   03 F5 6E 4A 13 CD EE 43  .>..GL.o..nJ...C
0020: E1 4A 7E BB 9C 04 B0 A3   4B 65 73 19 8E 60 A3 87  .J......Kes..`..
0030: FA 5C 31 62 D4 8C 4B 01   39 05 FA 19 60 08 6C 19  .\1b..K.9...`.l.
0040: 67 A4 F1 5A 86 4A D9 C6   4C 45 8A FB 5F 5C E7 14  g..Z.J..LE.._\..
0050: A6 83 74 01 90 05 01 6D   2F B6 46 BF EC 57 A0 48  ..t....m/.F..W.H
0060: 6C B9 9D A2 E1 A7 F7 62   60 B1 90 F6 AE 22 00 B1  l......b`...."..
0070: 16 BE 42 E7 32 6C 17 C7   4C DE 40 43 C1 F6 AE 39  ..B.2l..L.@C...9
0080: D3 7D AE 84 86 C5 41 FF   4E E4 53 E5 76 D3 32 C8  ......A.N.S.v.2.
0090: BE A1 9B CF 98 42 76 77   02 1A 72 03 AE 3F 8C 5B  .....Bvw..r..?.[
00A0: 9D BD 91 6E 10 F2 3B 3A   E4 9D 8E D3 81 C3 9B FE  ...n..;:........
00B0: 26 87 0B C4 75 75 4F E2   83 B6 82 79 C3 C2 F2 94  &...uuO....y....
00C0: 55 8C 08 DC AF 66 E0 26   A9 4A FA 90 18 DB 5D 66  U....f.&.J....]f
00D0: 5B 6F 82 6E 35 8A B3 98   DA 1D 0A 6E 44 1A FB FE  [o.n5......nD...
00E0: EE 6A AA 59 8B EA 08 9A   B7 62 CF 42 BF 75 BB 87  .j.Y.....b.B.u..
00F0: FF DD 4F E7 AF CA 22 1A   F9 2B 12 13 6E B7 60 EB  ..O..."..+..n.`.

]
2023-08-23 10:51:59,933 [Time-limited test] INFO  ssl.ReloadingX509TrustManager (ReloadingX509TrustManager.java:insertCertsToKeystore(188)) - Trust manager is loaded with certificates
2023-08-23 10:51:59,933 [Time-limited test] INFO  ssl.ReloadingX509TrustManager (ReloadingX509TrustManager.java:insertCertsToKeystore(192)) - [
[
  Version: V3
  Subject: O=cluster1, OU=scm1, CN=rootCA@localhost
  Signature Algorithm: SHA256withRSA, OID = 1.2.840.113549.1.1.11

  Key:  Sun RSA public key, 2048 bits
  params: null
  modulus: 21006270333260951834155772447972644449661603726055623187402752081073389664753823659067408604216921689465136630179103808680084353862580609058285594967790826500490944680532779055922511861248246013340065496481752638046254142979792765539141475856973899764727689072214922591306683932597218353385740038272968133593935675062967931629749718849807968648337436922404368770216519183303529677813460050666841276497626777606223935422945069895190143546790104049512034372264999703479747602565692018726455378372851613695200337064806353171531554091239801149805459290121075579031537252559084523981251981249701630121702936320972304438461
  public exponent: 65537
  Validity: [From: Wed Aug 23 10:51:59 UTC 2023,
               To: Sat Sep 30 10:51:59 UTC 2028]
  Issuer: O=cluster1, OU=scm1, CN=rootCA@localhost
  SerialNumber: [    01]

Certificate Extensions: 2
[1]: ObjectId: 2.5.29.19 Criticality=true
BasicConstraints:[
  CA:true
  PathLen:2147483647
]

[2]: ObjectId: 2.5.29.15 Criticality=true
KeyUsage [
  Key_CertSign
  Crl_Sign
]

]
  Algorithm: [SHA256withRSA]
  Signature:
0000: 8F 80 31 21 B8 AE B0 64   13 37 86 C7 99 0A 91 30  ..1!...d.7.....0
0010: B2 3E 88 86 47 4C 9A 6F   03 F5 6E 4A 13 CD EE 43  .>..GL.o..nJ...C
0020: E1 4A 7E BB 9C 04 B0 A3   4B 65 73 19 8E 60 A3 87  .J......Kes..`..
0030: FA 5C 31 62 D4 8C 4B 01   39 05 FA 19 60 08 6C 19  .\1b..K.9...`.l.
0040: 67 A4 F1 5A 86 4A D9 C6   4C 45 8A FB 5F 5C E7 14  g..Z.J..LE.._\..
0050: A6 83 74 01 90 05 01 6D   2F B6 46 BF EC 57 A0 48  ..t....m/.F..W.H
0060: 6C B9 9D A2 E1 A7 F7 62   60 B1 90 F6 AE 22 00 B1  l......b`...."..
0070: 16 BE 42 E7 32 6C 17 C7   4C DE 40 43 C1 F6 AE 39  ..B.2l..L.@C...9
0080: D3 7D AE 84 86 C5 41 FF   4E E4 53 E5 76 D3 32 C8  ......A.N.S.v.2.
0090: BE A1 9B CF 98 42 76 77   02 1A 72 03 AE 3F 8C 5B  .....Bvw..r..?.[
00A0: 9D BD 91 6E 10 F2 3B 3A   E4 9D 8E D3 81 C3 9B FE  ...n..;:........
00B0: 26 87 0B C4 75 75 4F E2   83 B6 82 79 C3 C2 F2 94  &...uuO....y....
00C0: 55 8C 08 DC AF 66 E0 26   A9 4A FA 90 18 DB 5D 66  U....f.&.J....]f
00D0: 5B 6F 82 6E 35 8A B3 98   DA 1D 0A 6E 44 1A FB FE  [o.n5......nD...
00E0: EE 6A AA 59 8B EA 08 9A   B7 62 CF 42 BF 75 BB 87  .j.Y.....b.B.u..
00F0: FF DD 4F E7 AF CA 22 1A   F9 2B 12 13 6E B7 60 EB  ..O..."..+..n.`.

]
2023-08-23 10:51:59,946 [Time-limited test] INFO  impl.MetricsSystemImpl (MetricsSystemImpl.java:init(158)) - OzoneManager metrics system started (again)
2023-08-23 10:51:59,960 [Time-limited test] INFO  om.OzoneManager (OzoneManager.java:start(1613)) - OzoneManager RPC server is listening at fv-az573-639/10.1.0.17:1202
2023-08-23 10:51:59,960 [Time-limited test] INFO  ratis.OzoneManagerRatisServer (OzoneManagerRatisServer.java:start(558)) - Starting OzoneManagerRatisServer om1 at port 9872
2023-08-23 10:51:59,960 [om1-impl-thread1] INFO  storage.RaftStorageDirectory (RaftStorageDirectoryImpl.java:analyzeStorage(137)) - The storage directory /tmp/junit1386534383642059718/junit9157617113645102580/om-meta/ratis/bf265839-605b-3f16-9796-c5ba1605619e does not exist. Creating ...
2023-08-23 10:51:59,962 [om1-impl-thread1] INFO  storage.RaftStorageDirectory (RaftStorageDirectoryImpl.java:tryLock(231)) - Lock on /tmp/junit1386534383642059718/junit9157617113645102580/om-meta/ratis/bf265839-605b-3f16-9796-c5ba1605619e/in_use.lock acquired by nodename 9587@fv-az573-639
2023-08-23 10:51:59,963 [om1-impl-thread1] INFO  storage.RaftStorage (RaftStorageImpl.java:format(96)) - Storage directory /tmp/junit1386534383642059718/junit9157617113645102580/om-meta/ratis/bf265839-605b-3f16-9796-c5ba1605619e has been successfully formatted.
2023-08-23 10:51:59,963 [om1-impl-thread1] INFO  server.RaftServerConfigKeys (ConfUtils.java:logGet(46)) - raft.server.log.use.memory = false (default)
2023-08-23 10:51:59,964 [om1-impl-thread1] INFO  server.RaftServerConfigKeys (ConfUtils.java:logGet(46)) - raft.server.log.purge.gap = 1000000 (custom)
2023-08-23 10:51:59,964 [om1-impl-thread1] INFO  server.RaftServerConfigKeys (ConfUtils.java:logGet(46)) - raft.server.log.appender.buffer.byte-limit = 33554432 (custom)
2023-08-23 10:51:59,964 [om1-impl-thread1] INFO  server.RaftServerConfigKeys (ConfUtils.java:logGet(46)) - raft.server.log.statemachine.data.read.timeout = 1000ms (default)
2023-08-23 10:51:59,964 [om1-impl-thread1] INFO  server.RaftServerConfigKeys (ConfUtils.java:logGet(46)) - raft.server.log.purge.preservation.log.num = 0 (default)
2023-08-23 10:51:59,964 [om1-impl-thread1] INFO  server.RaftServerConfigKeys (ConfUtils.java:logGet(46)) - raft.server.log.segment.size.max = 4194304 (custom)
2023-08-23 10:51:59,964 [om1-impl-thread1] INFO  server.RaftServerConfigKeys (ConfUtils.java:logGet(46)) - raft.server.log.segment.cache.num.max = 2 (custom)
2023-08-23 10:51:59,964 [om1-impl-thread1] INFO  server.RaftServerConfigKeys (ConfUtils.java:logGet(46)) - raft.server.log.segment.cache.size.max = 200MB (=209715200) (default)
2023-08-23 10:51:59,964 [om1-impl-thread1] INFO  server.RaftServerConfigKeys (ConfUtils.java:logGet(46)) - raft.server.log.appender.buffer.byte-limit = 33554432 (custom)
2023-08-23 10:51:59,964 [om1-impl-thread1] INFO  segmented.SegmentedRaftLogWorker (SegmentedRaftLogWorker.java:<init>(188)) - new om1@group-C5BA1605619E-SegmentedRaftLogWorker for RaftStorageImpl:Storage Directory /tmp/junit1386534383642059718/junit9157617113645102580/om-meta/ratis/bf265839-605b-3f16-9796-c5ba1605619e
2023-08-23 10:51:59,964 [om1-impl-thread1] INFO  server.RaftServerConfigKeys (ConfUtils.java:logGet(46)) - raft.server.log.queue.byte-limit = 64MB (=67108864) (default)
2023-08-23 10:51:59,964 [om1-impl-thread1] INFO  server.RaftServerConfigKeys (ConfUtils.java:logGet(46)) - raft.server.log.queue.element-limit = 4096 (default)
2023-08-23 10:51:59,964 [om1-impl-thread1] INFO  server.RaftServerConfigKeys (ConfUtils.java:logGet(46)) - raft.server.log.segment.size.max = 4194304 (custom)
2023-08-23 10:51:59,964 [om1-impl-thread1] INFO  server.RaftServerConfigKeys (ConfUtils.java:logGet(46)) - raft.server.log.preallocated.size = 4194304 (custom)
2023-08-23 10:51:59,964 [om1-impl-thread1] INFO  server.RaftServerConfigKeys (ConfUtils.java:logGet(46)) - raft.server.log.force.sync.num = 128 (default)
2023-08-23 10:51:59,965 [om1-impl-thread1] INFO  server.RaftServerConfigKeys (ConfUtils.java:logGet(46)) - raft.server.log.statemachine.data.sync = true (default)
2023-08-23 10:51:59,965 [om1-impl-thread1] INFO  server.RaftServerConfigKeys (ConfUtils.java:logGet(46)) - raft.server.log.statemachine.data.sync.timeout = 10s (default)
2023-08-23 10:51:59,965 [om1-impl-thread1] INFO  server.RaftServerConfigKeys (ConfUtils.java:logGet(46)) - raft.server.log.statemachine.data.sync.timeout.retry = -1 (default)
2023-08-23 10:51:59,965 [om1-impl-thread1] INFO  server.RaftServerConfigKeys (ConfUtils.java:logGet(46)) - raft.server.log.write.buffer.size = 64KB (=65536) (default)
2023-08-23 10:51:59,965 [om1-impl-thread1] INFO  server.RaftServerConfigKeys (ConfUtils.java:logGet(46)) - raft.server.log.appender.buffer.byte-limit = 33554432 (custom)
2023-08-23 10:51:59,971 [om1-impl-thread1] INFO  server.RaftServerConfigKeys (ConfUtils.java:logGet(46)) - raft.server.log.unsafe-flush.enabled = false (default)
2023-08-23 10:51:59,971 [om1-impl-thread1] INFO  server.RaftServerConfigKeys (ConfUtils.java:logGet(46)) - raft.server.log.async-flush.enabled = false (default)
2023-08-23 10:51:59,971 [om1-impl-thread1] INFO  server.RaftServerConfigKeys (ConfUtils.java:logGet(46)) - raft.server.log.statemachine.data.caching.enabled = false (default)
2023-08-23 10:51:59,973 [om1-impl-thread1] INFO  segmented.SegmentedRaftLogWorker (SegmentedRaftLogWorker.java:lambda$new$0(135)) - om1@group-C5BA1605619E-SegmentedRaftLogWorker: flushIndex: setUnconditionally 0 -> -1
2023-08-23 10:51:59,973 [om1-impl-thread1] INFO  segmented.SegmentedRaftLogWorker (SegmentedRaftLogWorker.java:lambda$new$0(135)) - om1@group-C5BA1605619E-SegmentedRaftLogWorker: safeCacheEvictIndex: setUnconditionally 0 -> -1
2023-08-23 10:51:59,975 [om1-impl-thread1] INFO  server.RaftServer$Division (RaftServerImpl.java:start(342)) - om1@group-C5BA1605619E: start as a follower, conf=-1: peers:[om1|rpc:fv-az573-639:9872|priority:0|startupRole:FOLLOWER]|listeners:[], old=null
2023-08-23 10:51:59,975 [om1-impl-thread1] INFO  server.RaftServer$Division (RaftServerImpl.java:setRole(329)) - om1@group-C5BA1605619E: changes role from      null to FOLLOWER at term 0 for startAsFollower
2023-08-23 10:51:59,980 [om1-impl-thread1] INFO  impl.RoleInfo (RoleInfo.java:updateAndGet(139)) - om1: start om1@group-C5BA1605619E-FollowerState
2023-08-23 10:51:59,981 [om1-impl-thread1] INFO  util.JmxRegister (JmxRegister.java:tryRegister(44)) - Successfully registered JMX Bean with object name Ratis:service=RaftServer,group=group-C5BA1605619E,id=om1
2023-08-23 10:51:59,981 [om1-impl-thread1] INFO  server.RaftServerConfigKeys (ConfUtils.java:logGet(46)) - raft.server.snapshot.auto.trigger.enabled = true (custom)
2023-08-23 10:51:59,981 [om1-impl-thread1] INFO  server.RaftServerConfigKeys (ConfUtils.java:logGet(46)) - raft.server.snapshot.auto.trigger.threshold = 400000 (default)
2023-08-23 10:51:59,981 [om1-impl-thread1] INFO  server.RaftServerConfigKeys (ConfUtils.java:logGet(46)) - raft.server.snapshot.retention.file.num = -1 (default)
2023-08-23 10:51:59,981 [om1-impl-thread1] INFO  server.RaftServerConfigKeys (ConfUtils.java:logGet(46)) - raft.server.log.purge.upto.snapshot.index = true (custom)
2023-08-23 10:51:59,984 [om1@group-C5BA1605619E-FollowerState] INFO  server.RaftServerConfigKeys (ConfUtils.java:logFallback(53)) - raft.server.rpc.first-election.timeout.min = 5s (fallback to raft.server.rpc.timeout.min)
2023-08-23 10:51:59,984 [om1@group-C5BA1605619E-FollowerState] INFO  server.RaftServerConfigKeys (ConfUtils.java:logFallback(53)) - raft.server.rpc.first-election.timeout.max = 5200ms (fallback to raft.server.rpc.timeout.max)
2023-08-23 10:51:59,984 [Time-limited test] INFO  server.RaftServer (RaftServerProxy.java:startImpl(400)) - om1: start RPC server
2023-08-23 10:51:59,989 [Time-limited test] INFO  server.GrpcService (GrpcService.java:startImpl(302)) - om1: GrpcService started, listening on 9872
2023-08-23 10:51:59,990 [Time-limited test] INFO  om.OzoneManager (OzoneManager.java:startSecretManager(1103)) - Starting OM delegation token secret manager
2023-08-23 10:51:59,990 [Time-limited test] INFO  security.OzoneDelegationTokenSecretManager (OzoneSecretManager.java:updateCurrentKey(175)) - Updating current master key for generating tokens. Cert id 1605297255207
2023-08-23 10:51:59,990 [JvmPauseMonitor6] INFO  util.JvmPauseMonitor (JvmPauseMonitor.java:run(103)) - JvmPauseMonitor-om1: Started
2023-08-23 10:51:59,991 [Time-limited test] INFO  om.OzoneManager (OzoneManager.java:start(1629)) - Version File has different layout version (6) than OM DB (null). That is expected if this OM has never been finalized to a newer layout version.
2023-08-23 10:51:59,994 [Thread[Thread-1466,5,FailOnTimeoutGroup]] INFO  security.OzoneDelegationTokenSecretManager (OzoneDelegationTokenSecretManager.java:run(636)) - Starting expired delegation token remover thread, tokenRemoverScanInterval=60 min(s)
2023-08-23 10:52:00,003 [Time-limited test] INFO  http.BaseHttpServer (BaseHttpServer.java:newHttpServer2BuilderForOzone(224)) - Starting Web-server for ozoneManager at: http://0.0.0.0:9874
2023-08-23 10:52:00,004 [Time-limited test] INFO  http.BaseHttpServer (BaseHttpServer.java:<init>(111)) - Hadoop Security Enabled: true Ozone Security Enabled: true Ozone HTTP Security Enabled: false 
2023-08-23 10:52:00,006 [Time-limited test] WARN  server.AuthenticationFilter (AuthenticationFilter.java:constructSecretProvider(240)) - Unable to initialize FileSignerSecretProvider, falling back to use random secrets. Reason: Could not read signature secret file: /home/runner/hadoop-http-auth-signature-secret
2023-08-23 10:52:00,008 [Time-limited test] INFO  http.HttpRequestLog (HttpRequestLog.java:getRequestLog(86)) - Http request log for http.requests.ozoneManager is not defined
2023-08-23 10:52:00,010 [Time-limited test] INFO  http.HttpServer2 (HttpServer2.java:addGlobalFilter(1031)) - Added global filter 'safety' (class=org.apache.hadoop.hdds.server.http.HttpServer2$QuotingInputFilter)
2023-08-23 10:52:00,011 [Time-limited test] INFO  http.HttpServer2 (HttpServer2.java:addFilter(1007)) - Added filter static_user_filter (class=org.apache.hadoop.http.lib.StaticUserWebFilter$StaticUserFilter) to context ozoneManager
2023-08-23 10:52:00,011 [Time-limited test] INFO  http.HttpServer2 (HttpServer2.java:addFilter(1015)) - Added filter static_user_filter (class=org.apache.hadoop.http.lib.StaticUserWebFilter$StaticUserFilter) to context static
2023-08-23 10:52:00,011 [Time-limited test] INFO  http.HttpServer2 (HttpServer2.java:addFilter(1015)) - Added filter static_user_filter (class=org.apache.hadoop.http.lib.StaticUserWebFilter$StaticUserFilter) to context logs
2023-08-23 10:52:00,012 [Time-limited test] INFO  http.BaseHttpServer (BaseHttpServer.java:<init>(190)) - HTTP server of ozoneManager uses base directory /tmp/junit1386534383642059718/junit9157617113645102580/om-meta/webserver
2023-08-23 10:52:00,012 [Time-limited test] INFO  http.HttpServer2 (HttpServer2.java:bindListener(1250)) - Jetty bound to port 9874
2023-08-23 10:52:00,012 [Time-limited test] INFO  server.Server (Server.java:doStart(375)) - jetty-9.4.51.v20230217; built: 2023-02-17T08:19:37.309Z; git: b45c405e4544384de066f814ed42ae3dceacdd49; jvm 1.8.0_382-b05
2023-08-23 10:52:00,014 [Time-limited test] INFO  server.session (DefaultSessionIdManager.java:doStart(334)) - DefaultSessionIdManager workerName=node0
2023-08-23 10:52:00,014 [Time-limited test] INFO  server.session (DefaultSessionIdManager.java:doStart(339)) - No SessionScavenger set, using defaults
2023-08-23 10:52:00,014 [Time-limited test] INFO  server.session (HouseKeeper.java:startScavenging(132)) - node0 Scavenging every 660000ms
2023-08-23 10:52:00,015 [Time-limited test] INFO  handler.ContextHandler (ContextHandler.java:doStart(921)) - Started o.e.j.s.ServletContextHandler@41a00cab{logs,/logs,file:///home/runner/work/ozone/ozone/hadoop-ozone/integration-test/target/log,AVAILABLE}
2023-08-23 10:52:00,015 [Time-limited test] INFO  handler.ContextHandler (ContextHandler.java:doStart(921)) - Started o.e.j.s.ServletContextHandler@5c71cba9{static,/static,file:///home/runner/work/ozone/ozone/hadoop-ozone/integration-test/target/test-classes/webapps/static,AVAILABLE}
2023-08-23 10:52:00,023 [Time-limited test] INFO  handler.ContextHandler (ContextHandler.java:doStart(921)) - Started o.e.j.w.WebAppContext@5d5c6221{ozoneManager,/,file:///home/runner/work/ozone/ozone/hadoop-ozone/integration-test/target/test-classes/webapps/ozoneManager/,AVAILABLE}{file:/home/runner/work/ozone/ozone/hadoop-ozone/integration-test/target/test-classes/webapps/ozoneManager}
2023-08-23 10:52:00,028 [Time-limited test] INFO  server.AbstractConnector (AbstractConnector.java:doStart(333)) - Started ServerConnector@40f278da{HTTP/1.1, (http/1.1)}{0.0.0.0:9874}
2023-08-23 10:52:00,028 [Time-limited test] INFO  server.Server (Server.java:doStart(415)) - Started @78454ms
2023-08-23 10:52:00,028 [Time-limited test] WARN  impl.MetricsSystemImpl (MetricsSystemImpl.java:register(279)) - Sink prometheus already exists!
2023-08-23 10:52:00,029 [Time-limited test] INFO  http.BaseHttpServer (BaseHttpServer.java:updateConnectorAddress(344)) - HTTP server of ozoneManager listening at http://0.0.0.0:9874
2023-08-23 10:52:00,029 [IPC Server Responder] INFO  ipc.Server (Server.java:run(1562)) - IPC Server Responder: starting
2023-08-23 10:52:00,029 [IPC Server listener on 1202] INFO  ipc.Server (Server.java:run(1402)) - IPC Server listener on 1202: starting
2023-08-23 10:52:00,036 [Time-limited test] INFO  om.OzoneManager (OzoneManager.java:startTrashEmptier(2081)) - Trash Interval set to 0. Files deleted won't move to trash
2023-08-23 10:52:05,130 [om1@group-C5BA1605619E-FollowerState] INFO  impl.FollowerState (FollowerState.java:run(143)) - om1@group-C5BA1605619E-FollowerState: change to CANDIDATE, lastRpcElapsedTime:5150362384ns, electionTimeout:5146ms
2023-08-23 10:52:05,130 [om1@group-C5BA1605619E-FollowerState] INFO  impl.RoleInfo (RoleInfo.java:shutdownFollowerState(110)) - om1: shutdown om1@group-C5BA1605619E-FollowerState
2023-08-23 10:52:05,131 [om1@group-C5BA1605619E-FollowerState] INFO  server.RaftServer$Division (RaftServerImpl.java:setRole(329)) - om1@group-C5BA1605619E: changes role from  FOLLOWER to CANDIDATE at term 0 for changeToCandidate
2023-08-23 10:52:05,131 [om1@group-C5BA1605619E-FollowerState] INFO  server.RaftServerConfigKeys (ConfUtils.java:logGet(46)) - raft.server.leaderelection.pre-vote = true (default)
2023-08-23 10:52:05,131 [om1@group-C5BA1605619E-FollowerState] INFO  impl.RoleInfo (RoleInfo.java:updateAndGet(139)) - om1: start om1@group-C5BA1605619E-LeaderElection3
2023-08-23 10:52:05,133 [om1@group-C5BA1605619E-LeaderElection3] INFO  impl.LeaderElection (LeaderElection.java:askForVotes(321)) - om1@group-C5BA1605619E-LeaderElection3 PRE_VOTE round 0: submit vote requests at term 0 for -1: peers:[om1|rpc:fv-az573-639:9872|priority:0|startupRole:FOLLOWER]|listeners:[], old=null
2023-08-23 10:52:05,133 [om1@group-C5BA1605619E-LeaderElection3] INFO  impl.LeaderElection (LeaderElection.java:askForVotes(323)) - om1@group-C5BA1605619E-LeaderElection3 PRE_VOTE round 0: result PASSED (term=0)
2023-08-23 10:52:05,135 [om1@group-C5BA1605619E-LeaderElection3] INFO  impl.LeaderElection (LeaderElection.java:askForVotes(321)) - om1@group-C5BA1605619E-LeaderElection3 ELECTION round 0: submit vote requests at term 1 for -1: peers:[om1|rpc:fv-az573-639:9872|priority:0|startupRole:FOLLOWER]|listeners:[], old=null
2023-08-23 10:52:05,135 [om1@group-C5BA1605619E-LeaderElection3] INFO  impl.LeaderElection (LeaderElection.java:askForVotes(323)) - om1@group-C5BA1605619E-LeaderElection3 ELECTION round 0: result PASSED (term=1)
2023-08-23 10:52:05,135 [om1@group-C5BA1605619E-LeaderElection3] INFO  impl.RoleInfo (RoleInfo.java:shutdownLeaderElection(130)) - om1: shutdown om1@group-C5BA1605619E-LeaderElection3
2023-08-23 10:52:05,135 [om1@group-C5BA1605619E-LeaderElection3] INFO  server.RaftServer$Division (RaftServerImpl.java:setRole(329)) - om1@group-C5BA1605619E: changes role from CANDIDATE to LEADER at term 1 for changeToLeader
2023-08-23 10:52:05,135 [om1@group-C5BA1605619E-LeaderElection3] INFO  server.RaftServer$Division (ServerState.java:setLeader(317)) - om1@group-C5BA1605619E: change Leader from null to om1 at term 1 for becomeLeader, leader elected after 5852ms
2023-08-23 10:52:05,135 [om1@group-C5BA1605619E-LeaderElection3] INFO  server.RaftServerConfigKeys (ConfUtils.java:logGet(46)) - raft.server.staging.catchup.gap = 1000 (default)
2023-08-23 10:52:05,136 [om1@group-C5BA1605619E-LeaderElection3] INFO  server.RaftServerConfigKeys (ConfUtils.java:logGet(46)) - raft.server.write.element-limit = 4096 (default)
2023-08-23 10:52:05,136 [om1@group-C5BA1605619E-LeaderElection3] INFO  server.RaftServerConfigKeys (ConfUtils.java:logGet(46)) - raft.server.write.byte-limit = 64MB (=67108864) (default)
2023-08-23 10:52:05,136 [om1@group-C5BA1605619E-LeaderElection3] INFO  server.RaftServerConfigKeys (ConfUtils.java:logGet(46)) - raft.server.watch.timeout = 10s (default)
2023-08-23 10:52:05,136 [om1@group-C5BA1605619E-LeaderElection3] INFO  server.RaftServerConfigKeys (ConfUtils.java:logGet(46)) - raft.server.watch.timeout.denomination = 1s (default)
2023-08-23 10:52:05,136 [om1@group-C5BA1605619E-LeaderElection3] INFO  server.RaftServerConfigKeys (ConfUtils.java:logGet(46)) - raft.server.watch.element-limit = 65536 (default)
2023-08-23 10:52:05,137 [om1@group-C5BA1605619E-LeaderElection3] INFO  server.RaftServerConfigKeys (ConfUtils.java:logGet(46)) - raft.server.write.element-limit = 4096 (default)
2023-08-23 10:52:05,137 [om1@group-C5BA1605619E-LeaderElection3] INFO  server.RaftServerConfigKeys (ConfUtils.java:logGet(46)) - raft.server.write.follower.gap.ratio.max = -1.0 (default)
2023-08-23 10:52:05,137 [om1@group-C5BA1605619E-LeaderElection3] INFO  impl.RoleInfo (RoleInfo.java:updateAndGet(139)) - om1: start om1@group-C5BA1605619E-LeaderStateImpl
2023-08-23 10:52:05,137 [om1@group-C5BA1605619E-LeaderElection3] INFO  segmented.SegmentedRaftLogWorker (SegmentedRaftLogWorker.java:startLogSegment(447)) - om1@group-C5BA1605619E-SegmentedRaftLogWorker: Starting segment from index:0
2023-08-23 10:52:05,139 [om1@group-C5BA1605619E-LeaderElection3] INFO  server.RaftServer$Division (ServerState.java:setRaftConf(434)) - om1@group-C5BA1605619E: set configuration 0: peers:[om1|rpc:fv-az573-639:9872|admin:|client:|dataStream:|priority:0|startupRole:FOLLOWER]|listeners:[], old=null
2023-08-23 10:52:05,148 [om1@group-C5BA1605619E-SegmentedRaftLogWorker] INFO  segmented.SegmentedRaftLogWorker (SegmentedRaftLogWorker.java:execute(651)) - om1@group-C5BA1605619E-SegmentedRaftLogWorker: created new log segment /tmp/junit1386534383642059718/junit9157617113645102580/om-meta/ratis/bf265839-605b-3f16-9796-c5ba1605619e/current/log_inprogress_0
2023-08-23 10:52:05,149 [om1@group-C5BA1605619E-StateMachineUpdater] INFO  ratis.OzoneManagerStateMachine (OzoneManagerStateMachine.java:notifyConfigurationChanged(202)) - Received Configuration change notification from Ratis. New Peer list:
[id: "om1"
address: "fv-az573-639:9872"
startupRole: FOLLOWER
]
2023-08-23 10:52:05,160 [pool-390-thread-2] INFO  request.TgsRequest (TgsRequest.java:issueTicket(115)) - TGS_REQ ISSUE: authtime 1692787925160,om/fv-az573-639 for om/fv-az573-639@EXAMPLE.COM
2023-08-23 10:52:05,176 [Socket Reader #1 for port 1202] INFO  ipc.Server (Server.java:saslProcess(2139)) - Auth successful for om/fv-az573-639@EXAMPLE.COM (auth:KERBEROS) from fv-az573-639:36937 / 10.1.0.17:36937
2023-08-23 10:52:14,332 [CertificateRenewerService] INFO  utils.SelfSignedCertificate (SelfSignedCertificate.java:generateCertificate(157)) - Certificate 2 is issued by CN=rootCA-new@localhost,OU=scm1,O=cluster1 to CN=rootCA-new@localhost,OU=scm1,O=cluster1, valid from Wed Aug 23 10:52:14 UTC 2023 to Sat Sep 30 10:52:14 UTC 2028
2023-08-23 10:52:14,490 [CertificateRenewerService] INFO  authority.DefaultApprover (DefaultApprover.java:sign(154)) - Extensions in CSR: 2.5.29.15
2023-08-23 10:52:14,490 [CertificateRenewerService] INFO  authority.DefaultApprover (DefaultApprover.java:sign(158)) - Extensions to add to the certificate if they present in CSR: 2.5.29.17, 2.5.29.19, 1.3.6.1.5.5.7.1.12, 2.5.29.35, 2.5.29.37, 2.5.29.15
Wed Aug 23 10:52:14 UTC 2023 certificated is renewed
2023-08-23 10:52:14,496 [CertificateRenewerService] INFO  ssl.PemFileBasedKeyStoresFactory (PemFileBasedKeyStoresFactory.java:notifyCertificateRenewed(157)) - CertificateClientTestImpl notify certificate renewed
2023-08-23 10:52:14,496 [CertificateRenewerService] INFO  ssl.ReloadingX509KeyManager (ReloadingX509KeyManager.java:loadKeyManager(222)) - Key manager is loaded with certificate chain
2023-08-23 10:52:14,498 [CertificateRenewerService] INFO  ssl.ReloadingX509KeyManager (ReloadingX509KeyManager.java:loadKeyManager(224)) - [
[
  Version: V3
  Subject: O=cluster1, OU=scm1, CN=localhost
  Signature Algorithm: SHA256withRSA, OID = 1.2.840.113549.1.1.11

  Key:  Sun RSA public key, 2048 bits
  params: null
  modulus: 18261376020492889272484001463973861975958750939575365333298581439793761550872655813989884359823937468908602404861747036274022843618680232734088446993551206678048253255747510445985054365200177857806705237095465549543663533032892220440517964115879403529329039498878156555052026385357496854080879673756335926138625053591413215816121850087508770924515449447033538570593280013457537490645571378619030676926728606812000737070247177727605404539862288060534732003946227912490756515666960405391386530955012796542122497259094536465619009318945793214307607166577401373021613355404147272898729007282747253169784608082732765565823
  public exponent: 65537
  Validity: [From: Wed Aug 23 10:52:14 UTC 2023,
               To: Wed Aug 23 10:52:54 UTC 2023]
  Issuer: O=cluster1, OU=scm1, CN=rootCA-new@localhost
  SerialNumber: [    01792764 bd4c]

Certificate Extensions: 1
[1]: ObjectId: 2.5.29.15 Criticality=true
KeyUsage [
  DigitalSignature
  Key_Agreement
]

]
  Algorithm: [SHA256withRSA]
  Signature:
0000: 28 E2 6F 66 1C 7B 2A AE   03 88 EF D6 CF E7 C4 CB  (.of..*.........
0010: 75 4A 8B A3 77 11 A4 0C   6D 97 94 3C 25 28 32 14  uJ..w...m..<%(2.
0020: E3 83 3F 15 CA 6F F0 3B   B7 01 4D A2 C8 72 6A 66  ..?..o.;..M..rjf
0030: A3 86 F7 1E 08 C0 E7 4B   F6 0F 54 A1 E5 B8 DD B1  .......K..T.....
0040: 21 5E 46 AF 71 E4 A5 0B   20 78 8A B7 A3 8E C8 70  !^F.q... x.....p
0050: D6 46 A1 7D 60 B8 C9 C7   75 23 A7 52 28 61 EE 12  .F..`...u#.R(a..
0060: E7 A4 99 23 F6 15 8C 91   9D 3B C4 F5 0D FD 44 1B  ...#.....;....D.
0070: 13 D0 CB C8 55 20 EE B5   56 A8 FE 94 35 90 14 F8  ....U ..V...5...
0080: 40 0A D4 1B A9 5F D2 B2   73 59 EE 71 7D C6 5B D5  @...._..sY.q..[.
0090: EA F4 31 0E FC 13 02 DC   27 2A 59 F2 12 1A 62 5C  ..1.....'*Y...b\
00A0: 76 D1 84 C0 E7 36 49 4C   67 DE FD 8F 95 37 94 83  v....6ILg....7..
00B0: B9 25 09 05 7C A9 82 9E   B0 69 84 13 AE 99 C0 F2  .%.......i......
00C0: D2 D2 67 2C BD DA F6 3C   57 CC 25 D4 8D CB 2B 6E  ..g,...<W.%...+n
00D0: CB E2 C7 F2 E0 65 4C F5   90 90 B1 D7 D2 D3 F7 D4  .....eL.........
00E0: 87 FD 5E 0B D9 58 95 17   66 6D AD 78 4E 35 D3 DF  ..^..X..fm.xN5..
00F0: A7 48 F1 59 8C C7 14 6D   82 87 D6 DC 13 C5 8F 6D  .H.Y...m.......m

]
2023-08-23 10:52:14,501 [CertificateRenewerService] INFO  ssl.ReloadingX509KeyManager (ReloadingX509KeyManager.java:loadKeyManager(224)) - [
[
  Version: V3
  Subject: O=cluster1, OU=scm1, CN=rootCA-new@localhost
  Signature Algorithm: SHA256withRSA, OID = 1.2.840.113549.1.1.11

  Key:  Sun RSA public key, 2048 bits
  params: null
  modulus: 19286930638012925536926645775788681348478417469864048518963640636862122819857492402783802989026066469227797454656904809171011063199620305266538755042621320560807838897509573494479579424849674985970340196510704756021440437328221803368684974518375759757885875345212049559876503286454852634922333699846175262333651374224424379125954958032755893270670451004263184706281679428699595318176814067623693632089377708932609977876665059968637444783520471287516418489561854802528815207952879118618981994136013953356423494621568725926890241490634162987806805378453777106149185693957993234572063899639567457609969085865894311979223
  public exponent: 65537
  Validity: [From: Wed Aug 23 10:52:14 UTC 2023,
               To: Sat Sep 30 10:52:14 UTC 2028]
  Issuer: O=cluster1, OU=scm1, CN=rootCA-new@localhost
  SerialNumber: [    02]

Certificate Extensions: 2
[1]: ObjectId: 2.5.29.19 Criticality=true
BasicConstraints:[
  CA:true
  PathLen:2147483647
]

[2]: ObjectId: 2.5.29.15 Criticality=true
KeyUsage [
  Key_CertSign
  Crl_Sign
]

]
  Algorithm: [SHA256withRSA]
  Signature:
0000: 1D AF 93 0F 04 5E C5 40   5E 15 1E 33 8C 3A D1 3B  .....^.@^..3.:.;
0010: D7 D2 DF 60 8E 2B 61 34   A1 3F EB 82 CE 3A 7C F3  ...`.+a4.?...:..
0020: 5A FF B0 12 46 82 EA F1   4C 64 B3 B3 43 19 14 CE  Z...F...Ld..C...
0030: 55 E8 7F 02 52 E6 C4 13   38 F3 11 A4 7C 93 4D 4F  U...R...8.....MO
0040: 27 2F 22 01 47 FD 14 DA   33 B9 65 21 D4 4C DC B3  '/".G...3.e!.L..
0050: AA 7D DE C6 CF 35 35 97   F9 F3 E1 FC 14 0D 30 79  .....55.......0y
0060: D7 AA 1F E8 35 AE E6 7C   DD D6 1B EA D1 72 49 88  ....5........rI.
0070: 9F 58 EF D8 A4 E2 B6 30   63 D5 28 E5 9B B1 52 BF  .X.....0c.(...R.
0080: 4A FF 3D FF 2A 00 3A 70   DF C1 5F FE 3B 02 9E DD  J.=.*.:p.._.;...
0090: 80 9E 6E E2 95 AE 27 C8   DE 2F ED 89 DF B7 81 66  ..n...'../.....f
00A0: 15 F3 22 EC 7D 24 0A 12   B2 C7 DB 4A CC FE 88 18  .."..$.....J....
00B0: 64 86 16 C8 33 79 DE 22   3C F9 14 31 DC 4D 44 DC  d...3y."<..1.MD.
00C0: 2B 6F 27 34 83 70 16 58   1A F4 48 B0 16 D0 DD A2  +o'4.p.X..H.....
00D0: 8D 2E F8 98 49 6F B2 C9   C7 9A 5A 5C 2C 98 9B 71  ....Io....Z\,..q
00E0: 51 CE 96 62 EB 27 13 B7   9B D2 8D 5D 88 34 68 3B  Q..b.'.....].4h;
00F0: 22 58 13 83 98 DC A5 D0   5E B1 03 5F D3 D8 39 0D  "X......^.._..9.

]
2023-08-23 10:52:14,503 [CertificateRenewerService] INFO  ssl.ReloadingX509KeyManager (ReloadingX509KeyManager.java:loadFrom(192)) - ReloadingX509KeyManager is reloaded
2023-08-23 10:52:14,503 [CertificateRenewerService] INFO  ssl.ReloadingX509TrustManager (ReloadingX509TrustManager.java:insertCertsToKeystore(188)) - Trust manager is loaded with certificates
2023-08-23 10:52:14,505 [CertificateRenewerService] INFO  ssl.ReloadingX509TrustManager (ReloadingX509TrustManager.java:insertCertsToKeystore(192)) - [
[
  Version: V3
  Subject: O=cluster1, OU=scm1, CN=rootCA-new@localhost
  Signature Algorithm: SHA256withRSA, OID = 1.2.840.113549.1.1.11

  Key:  Sun RSA public key, 2048 bits
  params: null
  modulus: 19286930638012925536926645775788681348478417469864048518963640636862122819857492402783802989026066469227797454656904809171011063199620305266538755042621320560807838897509573494479579424849674985970340196510704756021440437328221803368684974518375759757885875345212049559876503286454852634922333699846175262333651374224424379125954958032755893270670451004263184706281679428699595318176814067623693632089377708932609977876665059968637444783520471287516418489561854802528815207952879118618981994136013953356423494621568725926890241490634162987806805378453777106149185693957993234572063899639567457609969085865894311979223
  public exponent: 65537
  Validity: [From: Wed Aug 23 10:52:14 UTC 2023,
               To: Sat Sep 30 10:52:14 UTC 2028]
  Issuer: O=cluster1, OU=scm1, CN=rootCA-new@localhost
  SerialNumber: [    02]

Certificate Extensions: 2
[1]: ObjectId: 2.5.29.19 Criticality=true
BasicConstraints:[
  CA:true
  PathLen:2147483647
]

[2]: ObjectId: 2.5.29.15 Criticality=true
KeyUsage [
  Key_CertSign
  Crl_Sign
]

]
  Algorithm: [SHA256withRSA]
  Signature:
0000: 1D AF 93 0F 04 5E C5 40   5E 15 1E 33 8C 3A D1 3B  .....^.@^..3.:.;
0010: D7 D2 DF 60 8E 2B 61 34   A1 3F EB 82 CE 3A 7C F3  ...`.+a4.?...:..
0020: 5A FF B0 12 46 82 EA F1   4C 64 B3 B3 43 19 14 CE  Z...F...Ld..C...
0030: 55 E8 7F 02 52 E6 C4 13   38 F3 11 A4 7C 93 4D 4F  U...R...8.....MO
0040: 27 2F 22 01 47 FD 14 DA   33 B9 65 21 D4 4C DC B3  '/".G...3.e!.L..
0050: AA 7D DE C6 CF 35 35 97   F9 F3 E1 FC 14 0D 30 79  .....55.......0y
0060: D7 AA 1F E8 35 AE E6 7C   DD D6 1B EA D1 72 49 88  ....5........rI.
0070: 9F 58 EF D8 A4 E2 B6 30   63 D5 28 E5 9B B1 52 BF  .X.....0c.(...R.
0080: 4A FF 3D FF 2A 00 3A 70   DF C1 5F FE 3B 02 9E DD  J.=.*.:p.._.;...
0090: 80 9E 6E E2 95 AE 27 C8   DE 2F ED 89 DF B7 81 66  ..n...'../.....f
00A0: 15 F3 22 EC 7D 24 0A 12   B2 C7 DB 4A CC FE 88 18  .."..$.....J....
00B0: 64 86 16 C8 33 79 DE 22   3C F9 14 31 DC 4D 44 DC  d...3y."<..1.MD.
00C0: 2B 6F 27 34 83 70 16 58   1A F4 48 B0 16 D0 DD A2  +o'4.p.X..H.....
00D0: 8D 2E F8 98 49 6F B2 C9   C7 9A 5A 5C 2C 98 9B 71  ....Io....Z\,..q
00E0: 51 CE 96 62 EB 27 13 B7   9B D2 8D 5D 88 34 68 3B  Q..b.'.....].4h;
00F0: 22 58 13 83 98 DC A5 D0   5E B1 03 5F D3 D8 39 0D  "X......^.._..9.

]
2023-08-23 10:52:14,506 [Time-limited test] INFO  om.OzoneManager (OzoneManager.java:stop(2187)) - om1[fv-az573-639:1202]: Stopping Ozone Manager
2023-08-23 10:52:14,506 [Time-limited test] INFO  ipc.Server (Server.java:stop(3523)) - Stopping server on 1202
2023-08-23 10:52:14,510 [IPC Server Responder] INFO  ipc.Server (Server.java:run(1567)) - Stopping IPC Server Responder
2023-08-23 10:52:14,511 [IPC Server listener on 1202] INFO  ipc.Server (Server.java:run(1434)) - Stopping IPC Server listener on 1202
2023-08-23 10:52:14,511 [Time-limited test] INFO  server.RaftServer (RaftServerProxy.java:lambda$close$6(416)) - om1: close
2023-08-23 10:52:14,511 [Time-limited test] INFO  server.GrpcService (GrpcService.java:closeImpl(311)) - om1: shutdown server GrpcServerProtocolService now
2023-08-23 10:52:14,512 [om1-impl-thread1] INFO  server.RaftServer$Division (RaftServerImpl.java:lambda$close$4(466)) - om1@group-C5BA1605619E: shutdown
2023-08-23 10:52:14,512 [om1-impl-thread1] INFO  util.JmxRegister (JmxRegister.java:unregister(73)) - Successfully un-registered JMX Bean with object name Ratis:service=RaftServer,group=group-C5BA1605619E,id=om1
2023-08-23 10:52:14,512 [om1-impl-thread1] INFO  impl.RoleInfo (RoleInfo.java:shutdownLeaderState(93)) - om1: shutdown om1@group-C5BA1605619E-LeaderStateImpl
2023-08-23 10:52:14,512 [om1-impl-thread1] INFO  impl.PendingRequests (PendingRequests.java:sendNotLeaderResponses(289)) - om1@group-C5BA1605619E-PendingRequests: sendNotLeaderResponses
2023-08-23 10:52:14,515 [CertificateRenewerService] INFO  ssl.ReloadingX509TrustManager (ReloadingX509TrustManager.java:insertCertsToKeystore(192)) - [
[
  Version: V3
  Subject: O=cluster1, OU=scm1, CN=rootCA@localhost
  Signature Algorithm: SHA256withRSA, OID = 1.2.840.113549.1.1.11

  Key:  Sun RSA public key, 2048 bits
  params: null
  modulus: 21006270333260951834155772447972644449661603726055623187402752081073389664753823659067408604216921689465136630179103808680084353862580609058285594967790826500490944680532779055922511861248246013340065496481752638046254142979792765539141475856973899764727689072214922591306683932597218353385740038272968133593935675062967931629749718849807968648337436922404368770216519183303529677813460050666841276497626777606223935422945069895190143546790104049512034372264999703479747602565692018726455378372851613695200337064806353171531554091239801149805459290121075579031537252559084523981251981249701630121702936320972304438461
  public exponent: 65537
  Validity: [From: Wed Aug 23 10:51:59 UTC 2023,
               To: Sat Sep 30 10:51:59 UTC 2028]
  Issuer: O=cluster1, OU=scm1, CN=rootCA@localhost
  SerialNumber: [    01]

Certificate Extensions: 2
[1]: ObjectId: 2.5.29.19 Criticality=true
BasicConstraints:[
  CA:true
  PathLen:2147483647
]

[2]: ObjectId: 2.5.29.15 Criticality=true
KeyUsage [
  Key_CertSign
  Crl_Sign
]

]
  Algorithm: [SHA256withRSA]
  Signature:
0000: 8F 80 31 21 B8 AE B0 64   13 37 86 C7 99 0A 91 30  ..1!...d.7.....0
0010: B2 3E 88 86 47 4C 9A 6F   03 F5 6E 4A 13 CD EE 43  .>..GL.o..nJ...C
0020: E1 4A 7E BB 9C 04 B0 A3   4B 65 73 19 8E 60 A3 87  .J......Kes..`..
0030: FA 5C 31 62 D4 8C 4B 01   39 05 FA 19 60 08 6C 19  .\1b..K.9...`.l.
0040: 67 A4 F1 5A 86 4A D9 C6   4C 45 8A FB 5F 5C E7 14  g..Z.J..LE.._\..
0050: A6 83 74 01 90 05 01 6D   2F B6 46 BF EC 57 A0 48  ..t....m/.F..W.H
0060: 6C B9 9D A2 E1 A7 F7 62   60 B1 90 F6 AE 22 00 B1  l......b`...."..
0070: 16 BE 42 E7 32 6C 17 C7   4C DE 40 43 C1 F6 AE 39  ..B.2l..L.@C...9
0080: D3 7D AE 84 86 C5 41 FF   4E E4 53 E5 76 D3 32 C8  ......A.N.S.v.2.
0090: BE A1 9B CF 98 42 76 77   02 1A 72 03 AE 3F 8C 5B  .....Bvw..r..?.[
00A0: 9D BD 91 6E 10 F2 3B 3A   E4 9D 8E D3 81 C3 9B FE  ...n..;:........
00B0: 26 87 0B C4 75 75 4F E2   83 B6 82 79 C3 C2 F2 94  &...uuO....y....
00C0: 55 8C 08 DC AF 66 E0 26   A9 4A FA 90 18 DB 5D 66  U....f.&.J....]f
00D0: 5B 6F 82 6E 35 8A B3 98   DA 1D 0A 6E 44 1A FB FE  [o.n5......nD...
00E0: EE 6A AA 59 8B EA 08 9A   B7 62 CF 42 BF 75 BB 87  .j.Y.....b.B.u..
00F0: FF DD 4F E7 AF CA 22 1A   F9 2B 12 13 6E B7 60 EB  ..O..."..+..n.`.

]
2023-08-23 10:52:14,515 [CertificateRenewerService] INFO  ssl.ReloadingX509TrustManager (ReloadingX509TrustManager.java:loadFrom(141)) - ReloadingX509TrustManager is reloaded.
2023-08-23 10:52:14,515 [CertificateRenewerService] INFO  security.OzoneDelegationTokenSecretManager (OzoneSecretManager.java:notifyCertificateRenewed(198)) - Certificate is changed from 1605297255207 to 1619863584076
2023-08-23 10:52:14,515 [CertificateRenewerService] INFO  security.OzoneDelegationTokenSecretManager (OzoneSecretManager.java:updateCurrentKey(175)) - Updating current master key for generating tokens. Cert id 1619863584076
2023-08-23 10:52:14,515 [CertificateRenewerService] INFO  ssl.PemFileBasedKeyStoresFactory (PemFileBasedKeyStoresFactory.java:notifyCertificateRenewed(157)) - CertificateClientTestImpl notify certificate renewed
2023-08-23 10:52:14,516 [CertificateRenewerService] INFO  ssl.ReloadingX509KeyManager (ReloadingX509KeyManager.java:loadKeyManager(222)) - Key manager is loaded with certificate chain
2023-08-23 10:52:14,516 [CertificateRenewerService] INFO  ssl.ReloadingX509KeyManager (ReloadingX509KeyManager.java:loadKeyManager(224)) - [
[
  Version: V3
  Subject: O=cluster1, OU=scm1, CN=localhost
  Signature Algorithm: SHA256withRSA, OID = 1.2.840.113549.1.1.11

  Key:  Sun RSA public key, 2048 bits
  params: null
  modulus: 18261376020492889272484001463973861975958750939575365333298581439793761550872655813989884359823937468908602404861747036274022843618680232734088446993551206678048253255747510445985054365200177857806705237095465549543663533032892220440517964115879403529329039498878156555052026385357496854080879673756335926138625053591413215816121850087508770924515449447033538570593280013457537490645571378619030676926728606812000737070247177727605404539862288060534732003946227912490756515666960405391386530955012796542122497259094536465619009318945793214307607166577401373021613355404147272898729007282747253169784608082732765565823
  public exponent: 65537
  Validity: [From: Wed Aug 23 10:52:14 UTC 2023,
               To: Wed Aug 23 10:52:54 UTC 2023]
  Issuer: O=cluster1, OU=scm1, CN=rootCA-new@localhost
  SerialNumber: [    01792764 bd4c]

Certificate Extensions: 1
[1]: ObjectId: 2.5.29.15 Criticality=true
KeyUsage [
  DigitalSignature
  Key_Agreement
]

]
  Algorithm: [SHA256withRSA]
  Signature:
0000: 28 E2 6F 66 1C 7B 2A AE   03 88 EF D6 CF E7 C4 CB  (.of..*.........
0010: 75 4A 8B A3 77 11 A4 0C   6D 97 94 3C 25 28 32 14  uJ..w...m..<%(2.
0020: E3 83 3F 15 CA 6F F0 3B   B7 01 4D A2 C8 72 6A 66  ..?..o.;..M..rjf
0030: A3 86 F7 1E 08 C0 E7 4B   F6 0F 54 A1 E5 B8 DD B1  .......K..T.....
0040: 21 5E 46 AF 71 E4 A5 0B   20 78 8A B7 A3 8E C8 70  !^F.q... x.....p
0050: D6 46 A1 7D 60 B8 C9 C7   75 23 A7 52 28 61 EE 12  .F..`...u#.R(a..
0060: E7 A4 99 23 F6 15 8C 91   9D 3B C4 F5 0D FD 44 1B  ...#.....;....D.
0070: 13 D0 CB C8 55 20 EE B5   56 A8 FE 94 35 90 14 F8  ....U ..V...5...
0080: 40 0A D4 1B A9 5F D2 B2   73 59 EE 71 7D C6 5B D5  @...._..sY.q..[.
0090: EA F4 31 0E FC 13 02 DC   27 2A 59 F2 12 1A 62 5C  ..1.....'*Y...b\
00A0: 76 D1 84 C0 E7 36 49 4C   67 DE FD 8F 95 37 94 83  v....6ILg....7..
00B0: B9 25 09 05 7C A9 82 9E   B0 69 84 13 AE 99 C0 F2  .%.......i......
00C0: D2 D2 67 2C BD DA F6 3C   57 CC 25 D4 8D CB 2B 6E  ..g,...<W.%...+n
00D0: CB E2 C7 F2 E0 65 4C F5   90 90 B1 D7 D2 D3 F7 D4  .....eL.........
00E0: 87 FD 5E 0B D9 58 95 17   66 6D AD 78 4E 35 D3 DF  ..^..X..fm.xN5..
00F0: A7 48 F1 59 8C C7 14 6D   82 87 D6 DC 13 C5 8F 6D  .H.Y...m.......m

]
2023-08-23 10:52:14,516 [CertificateRenewerService] INFO  ssl.ReloadingX509KeyManager (ReloadingX509KeyManager.java:loadKeyManager(224)) - [
[
  Version: V3
  Subject: O=cluster1, OU=scm1, CN=rootCA-new@localhost
  Signature Algorithm: SHA256withRSA, OID = 1.2.840.113549.1.1.11

  Key:  Sun RSA public key, 2048 bits
  params: null
  modulus: 19286930638012925536926645775788681348478417469864048518963640636862122819857492402783802989026066469227797454656904809171011063199620305266538755042621320560807838897509573494479579424849674985970340196510704756021440437328221803368684974518375759757885875345212049559876503286454852634922333699846175262333651374224424379125954958032755893270670451004263184706281679428699595318176814067623693632089377708932609977876665059968637444783520471287516418489561854802528815207952879118618981994136013953356423494621568725926890241490634162987806805378453777106149185693957993234572063899639567457609969085865894311979223
  public exponent: 65537
  Validity: [From: Wed Aug 23 10:52:14 UTC 2023,
               To: Sat Sep 30 10:52:14 UTC 2028]
  Issuer: O=cluster1, OU=scm1, CN=rootCA-new@localhost
  SerialNumber: [    02]

Certificate Extensions: 2
[1]: ObjectId: 2.5.29.19 Criticality=true
BasicConstraints:[
  CA:true
  PathLen:2147483647
]

[2]: ObjectId: 2.5.29.15 Criticality=true
KeyUsage [
  Key_CertSign
  Crl_Sign
]

]
  Algorithm: [SHA256withRSA]
  Signature:
0000: 1D AF 93 0F 04 5E C5 40   5E 15 1E 33 8C 3A D1 3B  .....^.@^..3.:.;
0010: D7 D2 DF 60 8E 2B 61 34   A1 3F EB 82 CE 3A 7C F3  ...`.+a4.?...:..
0020: 5A FF B0 12 46 82 EA F1   4C 64 B3 B3 43 19 14 CE  Z...F...Ld..C...
0030: 55 E8 7F 02 52 E6 C4 13   38 F3 11 A4 7C 93 4D 4F  U...R...8.....MO
0040: 27 2F 22 01 47 FD 14 DA   33 B9 65 21 D4 4C DC B3  '/".G...3.e!.L..
0050: AA 7D DE C6 CF 35 35 97   F9 F3 E1 FC 14 0D 30 79  .....55.......0y
0060: D7 AA 1F E8 35 AE E6 7C   DD D6 1B EA D1 72 49 88  ....5........rI.
0070: 9F 58 EF D8 A4 E2 B6 30   63 D5 28 E5 9B B1 52 BF  .X.....0c.(...R.
0080: 4A FF 3D FF 2A 00 3A 70   DF C1 5F FE 3B 02 9E DD  J.=.*.:p.._.;...
0090: 80 9E 6E E2 95 AE 27 C8   DE 2F ED 89 DF B7 81 66  ..n...'../.....f
00A0: 15 F3 22 EC 7D 24 0A 12   B2 C7 DB 4A CC FE 88 18  .."..$.....J....
00B0: 64 86 16 C8 33 79 DE 22   3C F9 14 31 DC 4D 44 DC  d...3y."<..1.MD.
00C0: 2B 6F 27 34 83 70 16 58   1A F4 48 B0 16 D0 DD A2  +o'4.p.X..H.....
00D0: 8D 2E F8 98 49 6F B2 C9   C7 9A 5A 5C 2C 98 9B 71  ....Io....Z\,..q
00E0: 51 CE 96 62 EB 27 13 B7   9B D2 8D 5D 88 34 68 3B  Q..b.'.....].4h;
00F0: 22 58 13 83 98 DC A5 D0   5E B1 03 5F D3 D8 39 0D  "X......^.._..9.

]
2023-08-23 10:52:14,517 [CertificateRenewerService] INFO  ssl.ReloadingX509KeyManager (ReloadingX509KeyManager.java:loadFrom(192)) - ReloadingX509KeyManager is reloaded
2023-08-23 10:52:14,517 [CertificateRenewerService] INFO  ssl.ReloadingX509TrustManager (ReloadingX509TrustManager.java:insertCertsToKeystore(188)) - Trust manager is loaded with certificates
2023-08-23 10:52:14,517 [CertificateRenewerService] INFO  ssl.ReloadingX509TrustManager (ReloadingX509TrustManager.java:insertCertsToKeystore(192)) - [
[
  Version: V3
  Subject: O=cluster1, OU=scm1, CN=rootCA-new@localhost
  Signature Algorithm: SHA256withRSA, OID = 1.2.840.113549.1.1.11

  Key:  Sun RSA public key, 2048 bits
  params: null
  modulus: 19286930638012925536926645775788681348478417469864048518963640636862122819857492402783802989026066469227797454656904809171011063199620305266538755042621320560807838897509573494479579424849674985970340196510704756021440437328221803368684974518375759757885875345212049559876503286454852634922333699846175262333651374224424379125954958032755893270670451004263184706281679428699595318176814067623693632089377708932609977876665059968637444783520471287516418489561854802528815207952879118618981994136013953356423494621568725926890241490634162987806805378453777106149185693957993234572063899639567457609969085865894311979223
  public exponent: 65537
  Validity: [From: Wed Aug 23 10:52:14 UTC 2023,
               To: Sat Sep 30 10:52:14 UTC 2028]
  Issuer: O=cluster1, OU=scm1, CN=rootCA-new@localhost
  SerialNumber: [    02]

Certificate Extensions: 2
[1]: ObjectId: 2.5.29.19 Criticality=true
BasicConstraints:[
  CA:true
  PathLen:2147483647
]

[2]: ObjectId: 2.5.29.15 Criticality=true
KeyUsage [
  Key_CertSign
  Crl_Sign
]

]
  Algorithm: [SHA256withRSA]
  Signature:
0000: 1D AF 93 0F 04 5E C5 40   5E 15 1E 33 8C 3A D1 3B  .....^.@^..3.:.;
0010: D7 D2 DF 60 8E 2B 61 34   A1 3F EB 82 CE 3A 7C F3  ...`.+a4.?...:..
0020: 5A FF B0 12 46 82 EA F1   4C 64 B3 B3 43 19 14 CE  Z...F...Ld..C...
0030: 55 E8 7F 02 52 E6 C4 13   38 F3 11 A4 7C 93 4D 4F  U...R...8.....MO
0040: 27 2F 22 01 47 FD 14 DA   33 B9 65 21 D4 4C DC B3  '/".G...3.e!.L..
0050: AA 7D DE C6 CF 35 35 97   F9 F3 E1 FC 14 0D 30 79  .....55.......0y
0060: D7 AA 1F E8 35 AE E6 7C   DD D6 1B EA D1 72 49 88  ....5........rI.
0070: 9F 58 EF D8 A4 E2 B6 30   63 D5 28 E5 9B B1 52 BF  .X.....0c.(...R.
0080: 4A FF 3D FF 2A 00 3A 70   DF C1 5F FE 3B 02 9E DD  J.=.*.:p.._.;...
0090: 80 9E 6E E2 95 AE 27 C8   DE 2F ED 89 DF B7 81 66  ..n...'../.....f
00A0: 15 F3 22 EC 7D 24 0A 12   B2 C7 DB 4A CC FE 88 18  .."..$.....J....
00B0: 64 86 16 C8 33 79 DE 22   3C F9 14 31 DC 4D 44 DC  d...3y."<..1.MD.
00C0: 2B 6F 27 34 83 70 16 58   1A F4 48 B0 16 D0 DD A2  +o'4.p.X..H.....
00D0: 8D 2E F8 98 49 6F B2 C9   C7 9A 5A 5C 2C 98 9B 71  ....Io....Z\,..q
00E0: 51 CE 96 62 EB 27 13 B7   9B D2 8D 5D 88 34 68 3B  Q..b.'.....].4h;
00F0: 22 58 13 83 98 DC A5 D0   5E B1 03 5F D3 D8 39 0D  "X......^.._..9.

]
2023-08-23 10:52:14,518 [CertificateRenewerService] INFO  ssl.ReloadingX509TrustManager (ReloadingX509TrustManager.java:insertCertsToKeystore(192)) - [
[
  Version: V3
  Subject: O=cluster1, OU=scm1, CN=rootCA@localhost
  Signature Algorithm: SHA256withRSA, OID = 1.2.840.113549.1.1.11

  Key:  Sun RSA public key, 2048 bits
  params: null
  modulus: 21006270333260951834155772447972644449661603726055623187402752081073389664753823659067408604216921689465136630179103808680084353862580609058285594967790826500490944680532779055922511861248246013340065496481752638046254142979792765539141475856973899764727689072214922591306683932597218353385740038272968133593935675062967931629749718849807968648337436922404368770216519183303529677813460050666841276497626777606223935422945069895190143546790104049512034372264999703479747602565692018726455378372851613695200337064806353171531554091239801149805459290121075579031537252559084523981251981249701630121702936320972304438461
  public exponent: 65537
  Validity: [From: Wed Aug 23 10:51:59 UTC 2023,
               To: Sat Sep 30 10:51:59 UTC 2028]
  Issuer: O=cluster1, OU=scm1, CN=rootCA@localhost
  SerialNumber: [    01]

Certificate Extensions: 2
[1]: ObjectId: 2.5.29.19 Criticality=true
BasicConstraints:[
  CA:true
  PathLen:2147483647
]

[2]: ObjectId: 2.5.29.15 Criticality=true
KeyUsage [
  Key_CertSign
  Crl_Sign
]

]
  Algorithm: [SHA256withRSA]
  Signature:
0000: 8F 80 31 21 B8 AE B0 64   13 37 86 C7 99 0A 91 30  ..1!...d.7.....0
0010: B2 3E 88 86 47 4C 9A 6F   03 F5 6E 4A 13 CD EE 43  .>..GL.o..nJ...C
0020: E1 4A 7E BB 9C 04 B0 A3   4B 65 73 19 8E 60 A3 87  .J......Kes..`..
0030: FA 5C 31 62 D4 8C 4B 01   39 05 FA 19 60 08 6C 19  .\1b..K.9...`.l.
0040: 67 A4 F1 5A 86 4A D9 C6   4C 45 8A FB 5F 5C E7 14  g..Z.J..LE.._\..
0050: A6 83 74 01 90 05 01 6D   2F B6 46 BF EC 57 A0 48  ..t....m/.F..W.H
0060: 6C B9 9D A2 E1 A7 F7 62   60 B1 90 F6 AE 22 00 B1  l......b`...."..
0070: 16 BE 42 E7 32 6C 17 C7   4C DE 40 43 C1 F6 AE 39  ..B.2l..L.@C...9
0080: D3 7D AE 84 86 C5 41 FF   4E E4 53 E5 76 D3 32 C8  ......A.N.S.v.2.
0090: BE A1 9B CF 98 42 76 77   02 1A 72 03 AE 3F 8C 5B  .....Bvw..r..?.[
00A0: 9D BD 91 6E 10 F2 3B 3A   E4 9D 8E D3 81 C3 9B FE  ...n..;:........
00B0: 26 87 0B C4 75 75 4F E2   83 B6 82 79 C3 C2 F2 94  &...uuO....y....
00C0: 55 8C 08 DC AF 66 E0 26   A9 4A FA 90 18 DB 5D 66  U....f.&.J....]f
00D0: 5B 6F 82 6E 35 8A B3 98   DA 1D 0A 6E 44 1A FB FE  [o.n5......nD...
00E0: EE 6A AA 59 8B EA 08 9A   B7 62 CF 42 BF 75 BB 87  .j.Y.....b.B.u..
00F0: FF DD 4F E7 AF CA 22 1A   F9 2B 12 13 6E B7 60 EB  ..O..."..+..n.`.

]
2023-08-23 10:52:14,518 [CertificateRenewerService] INFO  ssl.ReloadingX509TrustManager (ReloadingX509TrustManager.java:loadFrom(141)) - ReloadingX509TrustManager is reloaded.
2023-08-23 10:52:14,524 [om1-impl-thread1] INFO  impl.StateMachineUpdater (StateMachineUpdater.java:stopAndJoin(155)) - om1@group-C5BA1605619E-StateMachineUpdater: set stopIndex = 6
2023-08-23 10:52:14,524 [om1@group-C5BA1605619E-StateMachineUpdater] INFO  ratis.OzoneManagerStateMachine (OzoneManagerStateMachine.java:takeSnapshot(480)) - Current Snapshot Index (t:1, i:6)
2023-08-23 10:52:14,525 [Time-limited test] INFO  server.GrpcService (GrpcService.java:closeImpl(320)) - om1: shutdown server GrpcServerProtocolService successfully
2023-08-23 10:52:14,537 [om1@group-C5BA1605619E-StateMachineUpdater] INFO  impl.StateMachineUpdater (StateMachineUpdater.java:takeSnapshot(291)) - om1@group-C5BA1605619E-StateMachineUpdater: Took a snapshot at index 6
2023-08-23 10:52:14,537 [om1@group-C5BA1605619E-StateMachineUpdater] INFO  impl.StateMachineUpdater (StateMachineUpdater.java:lambda$new$0(97)) - om1@group-C5BA1605619E-StateMachineUpdater: snapshotIndex: updateIncreasingly -1 -> 6
2023-08-23 10:52:14,537 [om1@group-C5BA1605619E-StateMachineUpdater] INFO  ratis.OzoneManagerStateMachine (OzoneManagerStateMachine.java:close(534)) - StateMachine has shutdown. Shutdown OzoneManager if not already shutdown.
2023-08-23 10:52:14,537 [om1@group-C5BA1605619E-StateMachineUpdater] INFO  ratis.OzoneManagerDoubleBuffer (OzoneManagerDoubleBuffer.java:stopDaemon(551)) - Stopping OMDoubleBuffer flush thread
2023-08-23 10:52:14,537 [OMDoubleBufferFlushThread] INFO  ratis.OzoneManagerDoubleBuffer (OzoneManagerDoubleBuffer.java:canFlush(638)) - OMDoubleBuffer flush thread OMDoubleBufferFlushThread is interrupted and will exit.
2023-08-23 10:52:14,538 [om1-impl-thread1] INFO  server.RaftServer$Division (ServerState.java:close(472)) - om1@group-C5BA1605619E: closes. applyIndex: 6
2023-08-23 10:52:15,505 [om1-impl-thread1] INFO  segmented.SegmentedRaftLogWorker (SegmentedRaftLogWorker.java:close(252)) - om1@group-C5BA1605619E-SegmentedRaftLogWorker close()
2023-08-23 10:52:15,506 [JvmPauseMonitor6] INFO  util.JvmPauseMonitor (JvmPauseMonitor.java:run(109)) - JvmPauseMonitor-om1: Stopped
2023-08-23 10:52:15,506 [Time-limited test] INFO  ratis.OzoneManagerStateMachine (OzoneManagerStateMachine.java:close(534)) - StateMachine has shutdown. Shutdown OzoneManager if not already shutdown.
2023-08-23 10:52:15,506 [Time-limited test] INFO  ratis.OzoneManagerDoubleBuffer (OzoneManagerDoubleBuffer.java:stopDaemon(560)) - OMDoubleBuffer flush thread is not running.
2023-08-23 10:52:15,506 [Time-limited test] INFO  utils.BackgroundService (BackgroundService.java:shutdown(141)) - Shutting down service KeyDeletingService
2023-08-23 10:52:15,507 [Time-limited test] INFO  utils.BackgroundService (BackgroundService.java:shutdown(141)) - Shutting down service KeyDeletingService
2023-08-23 10:52:15,507 [Time-limited test] INFO  utils.BackgroundService (BackgroundService.java:shutdown(141)) - Shutting down service OpenKeyCleanupService
2023-08-23 10:52:15,507 [Time-limited test] INFO  utils.BackgroundService (BackgroundService.java:shutdown(141)) - Shutting down service SstFilteringService
2023-08-23 10:52:15,508 [Time-limited test] INFO  utils.BackgroundService (BackgroundService.java:shutdown(141)) - Shutting down service SnapshotDeletingService
2023-08-23 10:52:15,508 [Time-limited test] INFO  om.OzoneManager (OzoneManager.java:stopSecretManager(1063)) - Stopping secret key client.
2023-08-23 10:52:15,508 [Time-limited test] INFO  om.OzoneManager (OzoneManager.java:stopSecretManager(1068)) - Stopping OM delegation token secret manager.
2023-08-23 10:52:15,508 [Thread[Thread-1466,5,FailOnTimeoutGroup]] INFO  security.OzoneDelegationTokenSecretManager (OzoneDelegationTokenSecretManager.java:run(653)) - ExpiredTokenRemover was interrupted.
java.lang.InterruptedException: sleep interrupted
	at java.lang.Thread.sleep(Native Method)
	at org.apache.hadoop.ozone.security.OzoneDelegationTokenSecretManager$ExpiredTokenRemover.run(OzoneDelegationTokenSecretManager.java:649)
	at java.lang.Thread.run(Thread.java:750)
2023-08-23 10:52:15,512 [Time-limited test] INFO  handler.ContextHandler (ContextHandler.java:doStop(1159)) - Stopped o.e.j.w.WebAppContext@5d5c6221{ozoneManager,/,null,STOPPED}{file:/home/runner/work/ozone/ozone/hadoop-ozone/integration-test/target/test-classes/webapps/ozoneManager}
2023-08-23 10:52:15,514 [Time-limited test] INFO  server.AbstractConnector (AbstractConnector.java:doStop(383)) - Stopped ServerConnector@40f278da{HTTP/1.1, (http/1.1)}{0.0.0.0:9874}
2023-08-23 10:52:15,514 [Time-limited test] INFO  server.session (HouseKeeper.java:stopScavenging(149)) - node0 Stopped scavenging
2023-08-23 10:52:15,514 [Time-limited test] INFO  handler.ContextHandler (ContextHandler.java:doStop(1159)) - Stopped o.e.j.s.ServletContextHandler@5c71cba9{static,/static,file:///home/runner/work/ozone/ozone/hadoop-ozone/integration-test/target/test-classes/webapps/static,STOPPED}
2023-08-23 10:52:15,514 [Time-limited test] INFO  handler.ContextHandler (ContextHandler.java:doStop(1159)) - Stopped o.e.j.s.ServletContextHandler@41a00cab{logs,/logs,file:///home/runner/work/ozone/ozone/hadoop-ozone/integration-test/target/log,STOPPED}
2023-08-23 10:52:15,515 [Time-limited test] INFO  rocksdiff.RocksDBCheckpointDiffer (RocksDBCheckpointDiffer.java:close(340)) - Shutting down CompactionDagPruningService.
2023-08-23 10:52:15,517 [Time-limited test] INFO  snapshot.SnapshotDiffManager (SnapshotDiffManager.java:closeExecutorService(1720)) - Shutting down executorService: 'SnapDiffExecutor'
2023-08-23 10:52:15,517 [Time-limited test] INFO  snapshot.SnapshotDiffManager (SnapshotDiffManager.java:closeExecutorService(1720)) - Shutting down executorService: 'SstDumpToolExecutor'
2023-08-23 10:52:15,517 [Time-limited test] INFO  utils.BackgroundService (BackgroundService.java:shutdown(141)) - Shutting down service SnapshotDiffCleanupService
2023-08-23 10:52:15,520 [Time-limited test] INFO  impl.DefaultInternalKdcServerImpl (DefaultInternalKdcServerImpl.java:doStop(102)) - Default Internal kdc server stopped.
2023-08-23 10:52:16,521 [Time-limited test] INFO  minikdc.MiniKdc (MiniKdc.java:stop(359)) - MiniKdc stopped.
2023-08-23 10:52:16,521 [Time-limited test] INFO  om.OzoneManager (OzoneManager.java:stop(2187)) - om1[fv-az573-639:1202]: Stopping Ozone Manager
]]></system-out>
  </testcase>
  <testcase name="testSecureScmStartupSuccess" classname="org.apache.hadoop.ozone.TestSecureOzoneCluster" time="3.552">
    <system-out><![CDATA[2023-08-23 10:52:16,555 [Time-limited test] INFO  net.ServerSocketUtil (ServerSocketUtil.java:getPort(55)) - Using port 9860
2023-08-23 10:52:16,556 [Time-limited test] INFO  net.ServerSocketUtil (ServerSocketUtil.java:getPort(55)) - Using port 9861
2023-08-23 10:52:16,556 [Time-limited test] INFO  net.ServerSocketUtil (ServerSocketUtil.java:getPort(55)) - Using port 9863
2023-08-23 10:52:16,556 [Time-limited test] INFO  net.ServerSocketUtil (ServerSocketUtil.java:getPort(55)) - Using port 9961
2023-08-23 10:52:16,556 [Time-limited test] INFO  net.ServerSocketUtil (ServerSocketUtil.java:getPort(55)) - Using port 1200
2023-08-23 10:52:16,556 [Time-limited test] INFO  net.ServerSocketUtil (ServerSocketUtil.java:getPort(55)) - Using port 1201
2023-08-23 10:52:16,557 [Time-limited test] INFO  minikdc.MiniKdc (MiniKdc.java:<init>(225)) - Configuration:
2023-08-23 10:52:16,557 [Time-limited test] INFO  minikdc.MiniKdc (MiniKdc.java:<init>(226)) - ---------------------------------------------------------------
2023-08-23 10:52:16,557 [Time-limited test] INFO  minikdc.MiniKdc (MiniKdc.java:<init>(228)) -   debug: false
2023-08-23 10:52:16,557 [Time-limited test] INFO  minikdc.MiniKdc (MiniKdc.java:<init>(228)) -   transport: TCP
2023-08-23 10:52:16,557 [Time-limited test] INFO  minikdc.MiniKdc (MiniKdc.java:<init>(228)) -   max.ticket.lifetime: 86400000
2023-08-23 10:52:16,557 [Time-limited test] INFO  minikdc.MiniKdc (MiniKdc.java:<init>(228)) -   org.name: EXAMPLE
2023-08-23 10:52:16,557 [Time-limited test] INFO  minikdc.MiniKdc (MiniKdc.java:<init>(228)) -   kdc.port: 0
2023-08-23 10:52:16,558 [Time-limited test] INFO  minikdc.MiniKdc (MiniKdc.java:<init>(228)) -   org.domain: COM
2023-08-23 10:52:16,558 [Time-limited test] INFO  minikdc.MiniKdc (MiniKdc.java:<init>(228)) -   max.renewable.lifetime: 604800000
2023-08-23 10:52:16,558 [Time-limited test] INFO  minikdc.MiniKdc (MiniKdc.java:<init>(228)) -   instance: DefaultKrbServer
2023-08-23 10:52:16,558 [Time-limited test] INFO  minikdc.MiniKdc (MiniKdc.java:<init>(228)) -   kdc.bind.address: localhost
2023-08-23 10:52:16,558 [Time-limited test] INFO  minikdc.MiniKdc (MiniKdc.java:<init>(230)) - ---------------------------------------------------------------
2023-08-23 10:52:16,567 [Time-limited test] INFO  minikdc.MiniKdc (MiniKdc.java:start(285)) - MiniKdc started.
2023-08-23 10:52:16,803 [Time-limited test] INFO  om.OzoneManager (OzoneManager.java:getOmDetailsProto(4552)) - OzoneManager ports added:[name: "RPC"
value: 1202
]
2023-08-23 10:52:16,804 [Time-limited test] WARN  server.ServerUtils (ServerUtils.java:getScmDbDir(155)) - ozone.scm.db.dirs is not configured. We recommend adding this setting. Falling back to ozone.metadata.dirs instead.
2023-08-23 10:52:16,804 [Time-limited test] INFO  ha.HASecurityUtils (HASecurityUtils.java:initializeSecurity(98)) - Initializing secure StorageContainerManager.
2023-08-23 10:52:16,805 [Time-limited test] INFO  client.SCMCertificateClient (DefaultCertificateClient.java:updateCertSerialId(1244)) - Certificate serial ID set to null
2023-08-23 10:52:16,805 [Time-limited test] ERROR client.SCMCertificateClient (DefaultCertificateClient.java:getCertPath(362)) - Default certificate serial id is not set. Can't locate the default certificate for this client.
2023-08-23 10:52:16,805 [Time-limited test] INFO  client.SCMCertificateClient (DefaultCertificateClient.java:init(715)) - Certificate client init case: 0
2023-08-23 10:52:16,806 [Time-limited test] INFO  client.SCMCertificateClient (SCMCertificateClient.java:handleCase(103)) - Creating keypair for client as keypair and certificate not found.
2023-08-23 10:52:16,880 [Time-limited test] INFO  ha.HASecurityUtils (HASecurityUtils.java:initializeSecurity(108)) - Init response: GETCERT
2023-08-23 10:52:16,918 [Time-limited test] INFO  ozone.OzoneSecurityUtil (OzoneSecurityUtil.java:getValidInetsForCurrentHost(119)) - ip:fe80:0:0:0:20d:3aff:fe5a:f85d%eth0 not returned.
2023-08-23 10:52:16,919 [Time-limited test] INFO  ozone.OzoneSecurityUtil (OzoneSecurityUtil.java:getValidInetsForCurrentHost(116)) - Adding ip:10.1.0.17,host:fv-az573-639
2023-08-23 10:52:16,919 [Time-limited test] INFO  ozone.OzoneSecurityUtil (OzoneSecurityUtil.java:getValidInetsForCurrentHost(119)) - ip:0:0:0:0:0:0:0:1%lo not returned.
2023-08-23 10:52:16,919 [Time-limited test] INFO  ozone.OzoneSecurityUtil (OzoneSecurityUtil.java:getValidInetsForCurrentHost(119)) - ip:127.0.0.1 not returned.
2023-08-23 10:52:16,919 [Time-limited test] ERROR utils.SelfSignedCertificate (SelfSignedCertificate.java:lambda$addInetAddresses$0(244)) - Invalid domain fv-az573-639
2023-08-23 10:52:16,929 [Time-limited test] INFO  utils.SelfSignedCertificate (SelfSignedCertificate.java:generateCertificate(157)) - Certificate 1 is issued by CN=scm-1@fv-az573-639,OU=d964ca4c-298e-4659-b7cf-bf5a0cf83a17,O=fb66bdb8-c162-47ab-961e-5433d8d37d14 to CN=scm-1@fv-az573-639,OU=d964ca4c-298e-4659-b7cf-bf5a0cf83a17,O=fb66bdb8-c162-47ab-961e-5433d8d37d14, valid from Wed Aug 23 10:52:16 UTC 2023 to Sat Sep 30 10:52:16 UTC 2028
2023-08-23 10:52:16,930 [Time-limited test] INFO  utils.CertificateCodec (CertificateCodec.java:writeCertificate(299)) - Save certificate to /tmp/junit1461539012878259226/junit1103822861274565062/scm-meta/scm/ca/certs/certificate.crt
2023-08-23 10:52:16,930 [Time-limited test] INFO  utils.CertificateCodec (CertificateCodec.java:writeCertificate(300)) - Certificate -----BEGIN CERTIFICATE-----
MIIDpTCCAo2gAwIBAgIBATANBgkqhkiG9w0BAQsFADB7MRswGQYDVQQDDBJzY20t
MUBmdi1hejU3My02MzkxLTArBgNVBAsMJGQ5NjRjYTRjLTI5OGUtNDY1OS1iN2Nm
LWJmNWEwY2Y4M2ExNzEtMCsGA1UECgwkZmI2NmJkYjgtYzE2Mi00N2FiLTk2MWUt
NTQzM2Q4ZDM3ZDE0MB4XDTIzMDgyMzEwNTIxNloXDTI4MDkzMDEwNTIxNlowezEb
MBkGA1UEAwwSc2NtLTFAZnYtYXo1NzMtNjM5MS0wKwYDVQQLDCRkOTY0Y2E0Yy0y
OThlLTQ2NTktYjdjZi1iZjVhMGNmODNhMTcxLTArBgNVBAoMJGZiNjZiZGI4LWMx
NjItNDdhYi05NjFlLTU0MzNkOGQzN2QxNDCCASIwDQYJKoZIhvcNAQEBBQADggEP
ADCCAQoCggEBAN4YwB+9j9PipVDPUh3FVLPQQPSIRYV9Vgcwz0ueEs6MiPxYm5GN
OM96u90koo0bOQDzhHc3Imf0FoJ2/XFNql6mCjGdbT0ykOmtERxZH25RnzLh7EzU
RD++SjoyEb9P+nH62l+P9xb7QxzTzWR9oSGdFH/XVHxorHDAOgNg3fhhJ6AAVOsA
bgFa6PQ/FR/3q0V8VAKNs0IVhx4BbpyL6aky79Mn61D58Bz58Drq0dnSVW+//KHe
mvZYSvtw3V1yy5rYKAbLJ8Nb1mNqUhBe53w1QDivTgQd1rWUnwR3mls24qnuwGyZ
p7bDuFYpdZkTf7dEQ4uTPGYMb4MK5g057sUCAwEAAaM0MDIwDwYDVR0TAQH/BAUw
AwEB/zAOBgNVHQ8BAf8EBAMCAQYwDwYDVR0RBAgwBocECgEAETANBgkqhkiG9w0B
AQsFAAOCAQEAEyFybi6fAibxO4rpGMOE00IEcqekbUx7+z684fR/TTP5obPBB29Y
U6haMSavUdj+RAvPY/tkP862aqmMnzlgPBySWClqyRStkmPOnomwV16ynXQev6pW
x0aBMhjqCCkapu6aE7dvx25ObCzMFveqd+5GKzIRm/2wxaXg4Fzcatr8UgALkfNO
m6p50puEZkLZ8A/5eeA9R0QSZ6eJ6550DklLIUrE0eel3tfYneMurD6l+F5Fzbv+
NXKkuL8sManNQ3moJnfTdv3nlpT/ecemOKc21AWLscsZbshJhoz1J/dg0tZNixN9
syaZjEjaspM9A/NJDDuhw4R47dHKp6/+UA==
-----END CERTIFICATE-----

2023-08-23 10:52:16,931 [Time-limited test] INFO  client.SCMCertificateClient (SCMCertificateClient.java:getCSRBuilder(165)) - Creating csr for SCM->hostName:fv-az573-639,scmId:d964ca4c-298e-4659-b7cf-bf5a0cf83a17,clusterId:fb66bdb8-c162-47ab-961e-5433d8d37d14,subject:scm-sub-1622304386273@fv-az573-639
2023-08-23 10:52:16,931 [Time-limited test] INFO  ozone.OzoneSecurityUtil (OzoneSecurityUtil.java:getValidInetsForCurrentHost(119)) - ip:fe80:0:0:0:20d:3aff:fe5a:f85d%eth0 not returned.
2023-08-23 10:52:16,931 [Time-limited test] INFO  ozone.OzoneSecurityUtil (OzoneSecurityUtil.java:getValidInetsForCurrentHost(116)) - Adding ip:10.1.0.17,host:fv-az573-639
2023-08-23 10:52:16,931 [Time-limited test] INFO  ozone.OzoneSecurityUtil (OzoneSecurityUtil.java:getValidInetsForCurrentHost(119)) - ip:0:0:0:0:0:0:0:1%lo not returned.
2023-08-23 10:52:16,931 [Time-limited test] INFO  ozone.OzoneSecurityUtil (OzoneSecurityUtil.java:getValidInetsForCurrentHost(119)) - ip:127.0.0.1 not returned.
2023-08-23 10:52:16,931 [Time-limited test] ERROR utils.CertificateSignRequest (CertificateSignRequest.java:lambda$addInetAddresses$0(295)) - Invalid domain fv-az573-639
2023-08-23 10:52:16,931 [Time-limited test] INFO  ha.HASecurityUtils (HASecurityUtils.java:generateCSR(308)) - Creating csr for SCM->hostName:fv-az573-639,scmId:d964ca4c-298e-4659-b7cf-bf5a0cf83a17,clusterId:fb66bdb8-c162-47ab-961e-5433d8d37d14,subject:scm-sub-1622305180981@fv-az573-639
2023-08-23 10:52:16,935 [Time-limited test] INFO  authority.DefaultApprover (DefaultApprover.java:sign(154)) - Extensions in CSR: 2.5.29.19, 2.5.29.15, 2.5.29.17
2023-08-23 10:52:16,935 [Time-limited test] INFO  authority.DefaultApprover (DefaultApprover.java:sign(158)) - Extensions to add to the certificate if they present in CSR: 2.5.29.17, 2.5.29.19, 1.3.6.1.5.5.7.1.12, 2.5.29.35, 2.5.29.37, 2.5.29.15
2023-08-23 10:52:16,938 [Time-limited test] INFO  utils.CertificateCodec (CertificateCodec.java:writeCertificate(299)) - Save certificate to /tmp/junit1461539012878259226/junit1103822861274565062/scm-meta/scm/sub-ca/certs/CA-1.crt
2023-08-23 10:52:16,938 [Time-limited test] INFO  utils.CertificateCodec (CertificateCodec.java:writeCertificate(300)) - Certificate -----BEGIN CERTIFICATE-----
MIIDpTCCAo2gAwIBAgIBATANBgkqhkiG9w0BAQsFADB7MRswGQYDVQQDDBJzY20t
MUBmdi1hejU3My02MzkxLTArBgNVBAsMJGQ5NjRjYTRjLTI5OGUtNDY1OS1iN2Nm
LWJmNWEwY2Y4M2ExNzEtMCsGA1UECgwkZmI2NmJkYjgtYzE2Mi00N2FiLTk2MWUt
NTQzM2Q4ZDM3ZDE0MB4XDTIzMDgyMzEwNTIxNloXDTI4MDkzMDEwNTIxNlowezEb
MBkGA1UEAwwSc2NtLTFAZnYtYXo1NzMtNjM5MS0wKwYDVQQLDCRkOTY0Y2E0Yy0y
OThlLTQ2NTktYjdjZi1iZjVhMGNmODNhMTcxLTArBgNVBAoMJGZiNjZiZGI4LWMx
NjItNDdhYi05NjFlLTU0MzNkOGQzN2QxNDCCASIwDQYJKoZIhvcNAQEBBQADggEP
ADCCAQoCggEBAN4YwB+9j9PipVDPUh3FVLPQQPSIRYV9Vgcwz0ueEs6MiPxYm5GN
OM96u90koo0bOQDzhHc3Imf0FoJ2/XFNql6mCjGdbT0ykOmtERxZH25RnzLh7EzU
RD++SjoyEb9P+nH62l+P9xb7QxzTzWR9oSGdFH/XVHxorHDAOgNg3fhhJ6AAVOsA
bgFa6PQ/FR/3q0V8VAKNs0IVhx4BbpyL6aky79Mn61D58Bz58Drq0dnSVW+//KHe
mvZYSvtw3V1yy5rYKAbLJ8Nb1mNqUhBe53w1QDivTgQd1rWUnwR3mls24qnuwGyZ
p7bDuFYpdZkTf7dEQ4uTPGYMb4MK5g057sUCAwEAAaM0MDIwDwYDVR0TAQH/BAUw
AwEB/zAOBgNVHQ8BAf8EBAMCAQYwDwYDVR0RBAgwBocECgEAETANBgkqhkiG9w0B
AQsFAAOCAQEAEyFybi6fAibxO4rpGMOE00IEcqekbUx7+z684fR/TTP5obPBB29Y
U6haMSavUdj+RAvPY/tkP862aqmMnzlgPBySWClqyRStkmPOnomwV16ynXQev6pW
x0aBMhjqCCkapu6aE7dvx25ObCzMFveqd+5GKzIRm/2wxaXg4Fzcatr8UgALkfNO
m6p50puEZkLZ8A/5eeA9R0QSZ6eJ6550DklLIUrE0eel3tfYneMurD6l+F5Fzbv+
NXKkuL8sManNQ3moJnfTdv3nlpT/ecemOKc21AWLscsZbshJhoz1J/dg0tZNixN9
syaZjEjaspM9A/NJDDuhw4R47dHKp6/+UA==
-----END CERTIFICATE-----

2023-08-23 10:52:16,939 [Time-limited test] INFO  utils.CertificateCodec (CertificateCodec.java:writeCertificate(299)) - Save certificate to /tmp/junit1461539012878259226/junit1103822861274565062/scm-meta/scm/sub-ca/certs/1622308282610.crt
2023-08-23 10:52:16,939 [Time-limited test] INFO  utils.CertificateCodec (CertificateCodec.java:writeCertificate(300)) - Certificate -----BEGIN CERTIFICATE-----
MIIDuzCCAqOgAwIBAgIGAXm5G+DyMA0GCSqGSIb3DQEBCwUAMHsxGzAZBgNVBAMM
EnNjbS0xQGZ2LWF6NTczLTYzOTEtMCsGA1UECwwkZDk2NGNhNGMtMjk4ZS00NjU5
LWI3Y2YtYmY1YTBjZjgzYTE3MS0wKwYDVQQKDCRmYjY2YmRiOC1jMTYyLTQ3YWIt
OTYxZS01NDMzZDhkMzdkMTQwHhcNMjMwODIzMTA1MjE2WhcNMjgwOTMwMTA1MjE2
WjCBizErMCkGA1UEAwwic2NtLXN1Yi0xNjIyMzA1MTgwOTgxQGZ2LWF6NTczLTYz
OTEtMCsGA1UECwwkZDk2NGNhNGMtMjk4ZS00NjU5LWI3Y2YtYmY1YTBjZjgzYTE3
MS0wKwYDVQQKDCRmYjY2YmRiOC1jMTYyLTQ3YWItOTYxZS01NDMzZDhkMzdkMTQw
ggEiMA0GCSqGSIb3DQEBAQUAA4IBDwAwggEKAoIBAQCP8i+qlQyhtPZHLUZAY7hq
qvy9DHs7SrjoD0w9C/h9G6KYLI1oqAtLEx9jNQ8iugM5cxB41kVbuYPo7PBqmlBe
AobIS3yXI18hPjxkZgjDAe5fMQK7ln8q3F9VHVI5WebDqch7ilKNrKqf1nbPxzjn
6vgizILder7zDqwqmsav3sdzQrWSBQ7//HgtWEvGeE9UJkL6QO+ztkJ1l+byNfAU
vVvTP2YHg5GXK/ydkQjTdmNIAnsT3hoq8c4tFTHl9sbD04Xc77KAM4M+D6J5JklL
5XDwx8C0NnCB8F2p/KLYX5n8v6nyUlDbzjyrGfV01D3TAwzNq1JAE9QOfxeVjbiZ
AgMBAAGjNDAyMA8GA1UdEQQIMAaHBAoBABEwDwYDVR0TAQH/BAUwAwEB/zAOBgNV
HQ8BAf8EBAMCAb4wDQYJKoZIhvcNAQELBQADggEBACJSsNrWyLFt0xoN9GbAKtZt
FpDbspyiUbL5dZrzq9TP6SejfTqIQZLtYTznwwCXjPAf9kXWXmUt+6F/wLCudXPC
TUsG2dW6UXsJciwY22j/H2gv0bz4O0Sj7SvsDhGPH/QdxhNzOfQRjktb2F+pVAQq
BcfwmpNnIb+gxq2ChaL1C96x8TAFlm+/jZquP1mKizuhymssCeb4ho2REzNylmxc
5HWHy47o9rGp0CQjLLM40VKGmCRicubVoWIFz2OQhGFqTlYNJ69Hgt+wtm9jUCC8
2vgZdlOMOFly/sL+wOoVGR2mHvMg2Lul5NftkSRSbbJwnUu1OeVym1g9q3iO48o=
-----END CERTIFICATE-----

-----BEGIN CERTIFICATE-----
MIIDpTCCAo2gAwIBAgIBATANBgkqhkiG9w0BAQsFADB7MRswGQYDVQQDDBJzY20t
MUBmdi1hejU3My02MzkxLTArBgNVBAsMJGQ5NjRjYTRjLTI5OGUtNDY1OS1iN2Nm
LWJmNWEwY2Y4M2ExNzEtMCsGA1UECgwkZmI2NmJkYjgtYzE2Mi00N2FiLTk2MWUt
NTQzM2Q4ZDM3ZDE0MB4XDTIzMDgyMzEwNTIxNloXDTI4MDkzMDEwNTIxNlowezEb
MBkGA1UEAwwSc2NtLTFAZnYtYXo1NzMtNjM5MS0wKwYDVQQLDCRkOTY0Y2E0Yy0y
OThlLTQ2NTktYjdjZi1iZjVhMGNmODNhMTcxLTArBgNVBAoMJGZiNjZiZGI4LWMx
NjItNDdhYi05NjFlLTU0MzNkOGQzN2QxNDCCASIwDQYJKoZIhvcNAQEBBQADggEP
ADCCAQoCggEBAN4YwB+9j9PipVDPUh3FVLPQQPSIRYV9Vgcwz0ueEs6MiPxYm5GN
OM96u90koo0bOQDzhHc3Imf0FoJ2/XFNql6mCjGdbT0ykOmtERxZH25RnzLh7EzU
RD++SjoyEb9P+nH62l+P9xb7QxzTzWR9oSGdFH/XVHxorHDAOgNg3fhhJ6AAVOsA
bgFa6PQ/FR/3q0V8VAKNs0IVhx4BbpyL6aky79Mn61D58Bz58Drq0dnSVW+//KHe
mvZYSvtw3V1yy5rYKAbLJ8Nb1mNqUhBe53w1QDivTgQd1rWUnwR3mls24qnuwGyZ
p7bDuFYpdZkTf7dEQ4uTPGYMb4MK5g057sUCAwEAAaM0MDIwDwYDVR0TAQH/BAUw
AwEB/zAOBgNVHQ8BAf8EBAMCAQYwDwYDVR0RBAgwBocECgEAETANBgkqhkiG9w0B
AQsFAAOCAQEAEyFybi6fAibxO4rpGMOE00IEcqekbUx7+z684fR/TTP5obPBB29Y
U6haMSavUdj+RAvPY/tkP862aqmMnzlgPBySWClqyRStkmPOnomwV16ynXQev6pW
x0aBMhjqCCkapu6aE7dvx25ObCzMFveqd+5GKzIRm/2wxaXg4Fzcatr8UgALkfNO
m6p50puEZkLZ8A/5eeA9R0QSZ6eJ6550DklLIUrE0eel3tfYneMurD6l+F5Fzbv+
NXKkuL8sManNQ3moJnfTdv3nlpT/ecemOKc21AWLscsZbshJhoz1J/dg0tZNixN9
syaZjEjaspM9A/NJDDuhw4R47dHKp6/+UA==
-----END CERTIFICATE-----

2023-08-23 10:52:16,939 [Time-limited test] INFO  utils.CertificateCodec (CertificateCodec.java:writeCertificate(299)) - Save certificate to /tmp/junit1461539012878259226/junit1103822861274565062/scm-meta/scm/sub-ca/certs/certificate.crt
2023-08-23 10:52:16,939 [Time-limited test] INFO  utils.CertificateCodec (CertificateCodec.java:writeCertificate(300)) - Certificate -----BEGIN CERTIFICATE-----
MIIDuzCCAqOgAwIBAgIGAXm5G+DyMA0GCSqGSIb3DQEBCwUAMHsxGzAZBgNVBAMM
EnNjbS0xQGZ2LWF6NTczLTYzOTEtMCsGA1UECwwkZDk2NGNhNGMtMjk4ZS00NjU5
LWI3Y2YtYmY1YTBjZjgzYTE3MS0wKwYDVQQKDCRmYjY2YmRiOC1jMTYyLTQ3YWIt
OTYxZS01NDMzZDhkMzdkMTQwHhcNMjMwODIzMTA1MjE2WhcNMjgwOTMwMTA1MjE2
WjCBizErMCkGA1UEAwwic2NtLXN1Yi0xNjIyMzA1MTgwOTgxQGZ2LWF6NTczLTYz
OTEtMCsGA1UECwwkZDk2NGNhNGMtMjk4ZS00NjU5LWI3Y2YtYmY1YTBjZjgzYTE3
MS0wKwYDVQQKDCRmYjY2YmRiOC1jMTYyLTQ3YWItOTYxZS01NDMzZDhkMzdkMTQw
ggEiMA0GCSqGSIb3DQEBAQUAA4IBDwAwggEKAoIBAQCP8i+qlQyhtPZHLUZAY7hq
qvy9DHs7SrjoD0w9C/h9G6KYLI1oqAtLEx9jNQ8iugM5cxB41kVbuYPo7PBqmlBe
AobIS3yXI18hPjxkZgjDAe5fMQK7ln8q3F9VHVI5WebDqch7ilKNrKqf1nbPxzjn
6vgizILder7zDqwqmsav3sdzQrWSBQ7//HgtWEvGeE9UJkL6QO+ztkJ1l+byNfAU
vVvTP2YHg5GXK/ydkQjTdmNIAnsT3hoq8c4tFTHl9sbD04Xc77KAM4M+D6J5JklL
5XDwx8C0NnCB8F2p/KLYX5n8v6nyUlDbzjyrGfV01D3TAwzNq1JAE9QOfxeVjbiZ
AgMBAAGjNDAyMA8GA1UdEQQIMAaHBAoBABEwDwYDVR0TAQH/BAUwAwEB/zAOBgNV
HQ8BAf8EBAMCAb4wDQYJKoZIhvcNAQELBQADggEBACJSsNrWyLFt0xoN9GbAKtZt
FpDbspyiUbL5dZrzq9TP6SejfTqIQZLtYTznwwCXjPAf9kXWXmUt+6F/wLCudXPC
TUsG2dW6UXsJciwY22j/H2gv0bz4O0Sj7SvsDhGPH/QdxhNzOfQRjktb2F+pVAQq
BcfwmpNnIb+gxq2ChaL1C96x8TAFlm+/jZquP1mKizuhymssCeb4ho2REzNylmxc
5HWHy47o9rGp0CQjLLM40VKGmCRicubVoWIFz2OQhGFqTlYNJ69Hgt+wtm9jUCC8
2vgZdlOMOFly/sL+wOoVGR2mHvMg2Lul5NftkSRSbbJwnUu1OeVym1g9q3iO48o=
-----END CERTIFICATE-----

-----BEGIN CERTIFICATE-----
MIIDpTCCAo2gAwIBAgIBATANBgkqhkiG9w0BAQsFADB7MRswGQYDVQQDDBJzY20t
MUBmdi1hejU3My02MzkxLTArBgNVBAsMJGQ5NjRjYTRjLTI5OGUtNDY1OS1iN2Nm
LWJmNWEwY2Y4M2ExNzEtMCsGA1UECgwkZmI2NmJkYjgtYzE2Mi00N2FiLTk2MWUt
NTQzM2Q4ZDM3ZDE0MB4XDTIzMDgyMzEwNTIxNloXDTI4MDkzMDEwNTIxNlowezEb
MBkGA1UEAwwSc2NtLTFAZnYtYXo1NzMtNjM5MS0wKwYDVQQLDCRkOTY0Y2E0Yy0y
OThlLTQ2NTktYjdjZi1iZjVhMGNmODNhMTcxLTArBgNVBAoMJGZiNjZiZGI4LWMx
NjItNDdhYi05NjFlLTU0MzNkOGQzN2QxNDCCASIwDQYJKoZIhvcNAQEBBQADggEP
ADCCAQoCggEBAN4YwB+9j9PipVDPUh3FVLPQQPSIRYV9Vgcwz0ueEs6MiPxYm5GN
OM96u90koo0bOQDzhHc3Imf0FoJ2/XFNql6mCjGdbT0ykOmtERxZH25RnzLh7EzU
RD++SjoyEb9P+nH62l+P9xb7QxzTzWR9oSGdFH/XVHxorHDAOgNg3fhhJ6AAVOsA
bgFa6PQ/FR/3q0V8VAKNs0IVhx4BbpyL6aky79Mn61D58Bz58Drq0dnSVW+//KHe
mvZYSvtw3V1yy5rYKAbLJ8Nb1mNqUhBe53w1QDivTgQd1rWUnwR3mls24qnuwGyZ
p7bDuFYpdZkTf7dEQ4uTPGYMb4MK5g057sUCAwEAAaM0MDIwDwYDVR0TAQH/BAUw
AwEB/zAOBgNVHQ8BAf8EBAMCAQYwDwYDVR0RBAgwBocECgEAETANBgkqhkiG9w0B
AQsFAAOCAQEAEyFybi6fAibxO4rpGMOE00IEcqekbUx7+z684fR/TTP5obPBB29Y
U6haMSavUdj+RAvPY/tkP862aqmMnzlgPBySWClqyRStkmPOnomwV16ynXQev6pW
x0aBMhjqCCkapu6aE7dvx25ObCzMFveqd+5GKzIRm/2wxaXg4Fzcatr8UgALkfNO
m6p50puEZkLZ8A/5eeA9R0QSZ6eJ6550DklLIUrE0eel3tfYneMurD6l+F5Fzbv+
NXKkuL8sManNQ3moJnfTdv3nlpT/ecemOKc21AWLscsZbshJhoz1J/dg0tZNixN9
syaZjEjaspM9A/NJDDuhw4R47dHKp6/+UA==
-----END CERTIFICATE-----

2023-08-23 10:52:16,939 [Time-limited test] INFO  ha.HASecurityUtils (HASecurityUtils.java:initializeSecurity(121)) - Successfully stored SCM signed certificate.
2023-08-23 10:52:16,941 [Time-limited test] WARN  server.ServerUtils (ServerUtils.java:getScmDbDir(155)) - ozone.scm.db.dirs is not configured. We recommend adding this setting. Falling back to ozone.metadata.dirs instead.
2023-08-23 10:52:16,941 [Time-limited test] INFO  ha.SCMHANodeDetails (SCMHANodeDetails.java:loadSCMHAConfig(210)) - ServiceID for StorageContainerManager is null
2023-08-23 10:52:16,942 [Time-limited test] INFO  ha.SCMHANodeDetails (SCMHANodeDetails.java:loadSCMHAConfig(215)) - ozone.scm.default.service.id is not defined, falling back to ozone.scm.service.ids to find serviceID for StorageContainerManager if it is HA enabled cluster
2023-08-23 10:52:16,948 [pool-422-thread-1] INFO  request.KdcRequest (KdcRequest.java:preauth(651)) - The preauth data is empty.
2023-08-23 10:52:16,948 [pool-422-thread-1] INFO  server.KdcHandler (KdcHandler.java:handleRecoverableException(177)) - KRB error occurred while processing request:Additional pre-authentication required
2023-08-23 10:52:16,954 [pool-422-thread-2] INFO  request.AsRequest (AsRequest.java:issueTicket(112)) - AS_REQ ISSUE: authtime 1692787936954,scm/fv-az573-639@EXAMPLE.COM for krbtgt/EXAMPLE.COM@EXAMPLE.COM
2023-08-23 10:52:16,955 [Time-limited test] INFO  security.UserGroupInformation (UserGroupInformation.java:loginUserFromKeytab(1132)) - Login successful for user scm/fv-az573-639@EXAMPLE.COM using keytab file scm.keytab. Keytab auto renewal enabled : false
2023-08-23 10:52:16,955 [Time-limited test] INFO  server.StorageContainerManager (StorageContainerManager.java:loginAsSCMUserIfSecurityEnabled(1042)) - SCM login successful.
2023-08-23 10:52:16,959 [Time-limited test] INFO  client.SCMCertificateClient (DefaultCertificateClient.java:updateCertSerialId(1244)) - Certificate serial ID set to 1622308282610
2023-08-23 10:52:16,961 [Time-limited test] INFO  client.SCMCertificateClient (DefaultCertificateClient.java:readCertificateFile(237)) - Added certificate   [0]         Version: 3
         SerialNumber: 1622308282610
             IssuerDN: CN=scm-1@fv-az573-639,OU=d964ca4c-298e-4659-b7cf-bf5a0cf83a17,O=fb66bdb8-c162-47ab-961e-5433d8d37d14
           Start Date: Wed Aug 23 10:52:16 UTC 2023
           Final Date: Sat Sep 30 10:52:16 UTC 2028
            SubjectDN: CN=scm-sub-1622305180981@fv-az573-639,OU=d964ca4c-298e-4659-b7cf-bf5a0cf83a17,O=fb66bdb8-c162-47ab-961e-5433d8d37d14
           Public Key: RSA Public Key [3b:c9:db:5b:6e:4a:97:fc:f7:cf:5f:a6:d7:58:63:38:e5:a7:6c:7a],[56:66:d1:a4]
        modulus: 8ff22faa950ca1b4f6472d464063b86aaafcbd0c7b3b4ab8e80f4c3d0bf87d1ba2982c8d68a80b4b131f63350f22ba0339731078d6455bb983e8ecf06a9a505e0286c84b7c97235f213e3c646608c301ee5f3102bb967f2adc5f551d523959e6c3a9c87b8a528dacaa9fd676cfc738e7eaf822cc82dd7abef30eac2a9ac6afdec77342b592050efffc782d584bc6784f542642fa40efb3b6427597e6f235f014bd5bd33f66078391972bfc9d9108d3766348027b13de1a2af1ce2d1531e5f6c6c3d385dcefb28033833e0fa27926494be570f0c7c0b4367081f05da9fca2d85f99fcbfa9f25250dbce3cab19f574d43dd3030ccdab524013d40e7f17958db899
public exponent: 10001

  Signature Algorithm: SHA256WITHRSA
            Signature: 2252b0dad6c8b16dd31a0df466c02ad66d1690db
                       b29ca251b2f9759af3abd4cfe927a37d3a884192
                       ed613ce7c300978cf01ff645d65e652dfba17fc0
                       b0ae7573c24d4b06d9d5ba517b09722c18db68ff
                       1f682fd1bcf83b44a3ed2bec0e118f1ff41dc613
                       7339f4118e4b5bd85fa954042a05c7f09a936721
                       bfa0c6ad8285a2f50bdeb1f13005966fbf8d9aae
                       3f598a8b3ba1ca6b2c09e6f8868d91133372966c
                       5ce47587cb8ee8f6b1a9d024232cb338d1528698
                       246272e6d5a16205cf639084616a4e560d27af47
                       82dfb0b66f635020bcdaf81976538c385972fec2
                       fec0ea15191da61ef320d8bba5e4d7ed9124526d
                       b2709d4bb539e5729b583dab788ee3ca
       Extensions: 
                       critical(false) 2.5.29.17 value = Sequence
    Tagged [7] IMPLICIT 
        DER Octet String[4] 

                       critical(true) BasicConstraints: isCa(true)
                       critical(true) KeyUsage: 0xbe
 from file: /tmp/junit1461539012878259226/junit1103822861274565062/scm-meta/scm/sub-ca/certs/1622308282610.crt.
2023-08-23 10:52:16,961 [Time-limited test] INFO  client.SCMCertificateClient (DefaultCertificateClient.java:readCertificateFile(237)) - Added certificate   [0]         Version: 3
         SerialNumber: 1
             IssuerDN: CN=scm-1@fv-az573-639,OU=d964ca4c-298e-4659-b7cf-bf5a0cf83a17,O=fb66bdb8-c162-47ab-961e-5433d8d37d14
           Start Date: Wed Aug 23 10:52:16 UTC 2023
           Final Date: Sat Sep 30 10:52:16 UTC 2028
            SubjectDN: CN=scm-1@fv-az573-639,OU=d964ca4c-298e-4659-b7cf-bf5a0cf83a17,O=fb66bdb8-c162-47ab-961e-5433d8d37d14
           Public Key: RSA Public Key [4d:07:de:ff:c5:0b:fa:61:2f:be:f0:36:a2:95:d8:59:d7:19:fd:c9],[56:66:d1:a4]
        modulus: de18c01fbd8fd3e2a550cf521dc554b3d040f48845857d560730cf4b9e12ce8c88fc589b918d38cf7abbdd24a28d1b3900f38477372267f4168276fd714daa5ea60a319d6d3d3290e9ad111c591f6e519f32e1ec4cd4443fbe4a3a3211bf4ffa71fada5f8ff716fb431cd3cd647da1219d147fd7547c68ac70c03a0360ddf86127a00054eb006e015ae8f43f151ff7ab457c54028db34215871e016e9c8be9a932efd327eb50f9f01cf9f03aead1d9d2556fbffca1de9af6584afb70dd5d72cb9ad82806cb27c35bd6636a52105ee77c354038af4e041dd6b5949f04779a5b36e2a9eec06c99a7b6c3b856297599137fb744438b933c660c6f830ae60d39eec5
public exponent: 10001

  Signature Algorithm: SHA256WITHRSA
            Signature: 1321726e2e9f0226f13b8ae918c384d3420472a7
                       a46d4c7bfb3ebce1f47f4d33f9a1b3c1076f5853
                       a85a3126af51d8fe440bcf63fb643fceb66aa98c
                       9f39603c1c9258296ac914ad9263ce9e89b0575e
                       b29d741ebfaa56c746813218ea08291aa6ee9a13
                       b76fc76e4e6c2ccc16f7aa77ee462b32119bfdb0
                       c5a5e0e05cdc6adafc52000b91f34e9baa79d29b
                       846642d9f00ff979e03d47441267a789eb9e740e
                       494b214ac4d1e7a5ded7d89de32eac3ea5f85e45
                       cdbbfe3572a4b8bf2c31a9cd4379a82677d376fd
                       e79694ff79c7a638a736d4058bb1cb196ec84986
                       8cf527f760d2d64d8b137db326998c48dab2933d
                       03f3490c3ba1c38478edd1caa7affe50
       Extensions: 
                       critical(true) BasicConstraints: isCa(true)
                       critical(true) KeyUsage: 0x6
                       critical(false) 2.5.29.17 value = Sequence
    Tagged [7] IMPLICIT 
        DER Octet String[4] 

 from file: /tmp/junit1461539012878259226/junit1103822861274565062/scm-meta/scm/sub-ca/certs/CA-1.crt.
2023-08-23 10:52:16,962 [Time-limited test] INFO  client.SCMCertificateClient (DefaultCertificateClient.java:readCertificateFile(237)) - Added certificate   [0]         Version: 3
         SerialNumber: 1622308282610
             IssuerDN: CN=scm-1@fv-az573-639,OU=d964ca4c-298e-4659-b7cf-bf5a0cf83a17,O=fb66bdb8-c162-47ab-961e-5433d8d37d14
           Start Date: Wed Aug 23 10:52:16 UTC 2023
           Final Date: Sat Sep 30 10:52:16 UTC 2028
            SubjectDN: CN=scm-sub-1622305180981@fv-az573-639,OU=d964ca4c-298e-4659-b7cf-bf5a0cf83a17,O=fb66bdb8-c162-47ab-961e-5433d8d37d14
           Public Key: RSA Public Key [3b:c9:db:5b:6e:4a:97:fc:f7:cf:5f:a6:d7:58:63:38:e5:a7:6c:7a],[56:66:d1:a4]
        modulus: 8ff22faa950ca1b4f6472d464063b86aaafcbd0c7b3b4ab8e80f4c3d0bf87d1ba2982c8d68a80b4b131f63350f22ba0339731078d6455bb983e8ecf06a9a505e0286c84b7c97235f213e3c646608c301ee5f3102bb967f2adc5f551d523959e6c3a9c87b8a528dacaa9fd676cfc738e7eaf822cc82dd7abef30eac2a9ac6afdec77342b592050efffc782d584bc6784f542642fa40efb3b6427597e6f235f014bd5bd33f66078391972bfc9d9108d3766348027b13de1a2af1ce2d1531e5f6c6c3d385dcefb28033833e0fa27926494be570f0c7c0b4367081f05da9fca2d85f99fcbfa9f25250dbce3cab19f574d43dd3030ccdab524013d40e7f17958db899
public exponent: 10001

  Signature Algorithm: SHA256WITHRSA
            Signature: 2252b0dad6c8b16dd31a0df466c02ad66d1690db
                       b29ca251b2f9759af3abd4cfe927a37d3a884192
                       ed613ce7c300978cf01ff645d65e652dfba17fc0
                       b0ae7573c24d4b06d9d5ba517b09722c18db68ff
                       1f682fd1bcf83b44a3ed2bec0e118f1ff41dc613
                       7339f4118e4b5bd85fa954042a05c7f09a936721
                       bfa0c6ad8285a2f50bdeb1f13005966fbf8d9aae
                       3f598a8b3ba1ca6b2c09e6f8868d91133372966c
                       5ce47587cb8ee8f6b1a9d024232cb338d1528698
                       246272e6d5a16205cf639084616a4e560d27af47
                       82dfb0b66f635020bcdaf81976538c385972fec2
                       fec0ea15191da61ef320d8bba5e4d7ed9124526d
                       b2709d4bb539e5729b583dab788ee3ca
       Extensions: 
                       critical(false) 2.5.29.17 value = Sequence
    Tagged [7] IMPLICIT 
        DER Octet String[4] 

                       critical(true) BasicConstraints: isCa(true)
                       critical(true) KeyUsage: 0xbe
 from file: /tmp/junit1461539012878259226/junit1103822861274565062/scm-meta/scm/sub-ca/certs/certificate.crt.
2023-08-23 10:52:16,962 [Time-limited test] INFO  client.SCMCertificateClient (DefaultCertificateClient.java:loadAllCertificates(191)) - CertificateRenewerService and root ca rotation polling is disabled for scm/sub-ca
2023-08-23 10:52:16,963 [Time-limited test] WARN  utils.HAUtils (HAUtils.java:getMetaDir(339)) - ozone.scm.db.dirs is not configured. We recommend adding this setting. Falling back to ozone.metadata.dirs instead.
2023-08-23 10:52:16,964 [Time-limited test] WARN  db.DBStoreBuilder (DBStoreBuilder.java:applyDBDefinition(166)) - ozone.scm.db.dirs is not configured. We recommend adding this setting. Falling back to ozone.metadata.dirs instead.
2023-08-23 10:52:17,067 [Time-limited test] INFO  net.NodeSchemaLoader (NodeSchemaLoader.java:loadSchemaFromFile(129)) - Loading schema from [jar:file:/home/runner/.m2/repository/org/apache/ozone/hdds-common/1.4.0-SNAPSHOT/hdds-common-1.4.0-SNAPSHOT.jar!/network-topology-default.xml]
2023-08-23 10:52:17,068 [Time-limited test] INFO  net.NodeSchemaLoader (NodeSchemaLoader.java:loadSchema(176)) - Loading network topology layer schema file
2023-08-23 10:52:17,070 [Time-limited test] INFO  upgrade.AbstractLayoutVersionManager (AbstractLayoutVersionManager.java:init(83)) - Initializing Layout version manager with metadata layout = HADOOP_PRC_PORTS_IN_DATANODEDETAILS (version = 7), software layout = HADOOP_PRC_PORTS_IN_DATANODEDETAILS (version = 7)
2023-08-23 10:52:17,072 [Time-limited test] INFO  ha.SequenceIdGenerator (SequenceIdGenerator.java:upgradeToSequenceId(365)) - upgrade localId to 111677748019200000
2023-08-23 10:52:17,072 [Time-limited test] INFO  ha.SequenceIdGenerator (SequenceIdGenerator.java:upgradeToSequenceId(375)) - upgrade delTxnId to 0
2023-08-23 10:52:17,073 [Time-limited test] INFO  ha.SequenceIdGenerator (SequenceIdGenerator.java:upgradeToSequenceId(392)) - upgrade containerId to 0
2023-08-23 10:52:17,073 [Time-limited test] INFO  ha.SequenceIdGenerator (SequenceIdGenerator.java:upgradeToSequenceId(428)) - upgrade rootCertificateId to 1
2023-08-23 10:52:17,074 [Time-limited test] INFO  ha.SequenceIdGenerator (SequenceIdGenerator.java:<init>(236)) - Init the HA SequenceIdGenerator.
2023-08-23 10:52:17,074 [Time-limited test] INFO  node.SCMNodeManager (SCMNodeManager.java:<init>(157)) - Entering startup safe mode.
2023-08-23 10:52:17,075 [Time-limited test] INFO  algorithms.ContainerPlacementPolicyFactory (ContainerPlacementPolicyFactory.java:getPolicyInternal(86)) - Create container placement policy of type org.apache.hadoop.hdds.scm.container.placement.algorithms.SCMContainerPlacementRackAware
2023-08-23 10:52:17,075 [Time-limited test] INFO  algorithms.ContainerPlacementPolicyFactory (ContainerPlacementPolicyFactory.java:getPolicyInternal(86)) - Create container placement policy of type org.apache.hadoop.hdds.scm.container.placement.algorithms.SCMContainerPlacementRackScatter
2023-08-23 10:52:17,075 [Time-limited test] INFO  pipeline.PipelineStateManagerImpl (PipelineStateManagerImpl.java:initialize(78)) - No pipeline exists in current db
2023-08-23 10:52:17,076 [Time-limited test] INFO  algorithms.LeaderChoosePolicyFactory (LeaderChoosePolicyFactory.java:getPolicy(57)) - Create leader choose policy of type org.apache.hadoop.hdds.scm.pipeline.leader.choose.algorithms.MinLeaderCountChoosePolicy
2023-08-23 10:52:17,076 [Time-limited test] INFO  algorithms.ContainerPlacementPolicyFactory (ContainerPlacementPolicyFactory.java:getPolicyInternal(86)) - Create container placement policy of type org.apache.hadoop.hdds.scm.container.placement.algorithms.SCMContainerPlacementRackScatter
2023-08-23 10:52:17,076 [Time-limited test] INFO  ha.SCMServiceManager (SCMServiceManager.java:register(42)) - Registering service BackgroundPipelineCreator.
2023-08-23 10:52:17,076 [Time-limited test] INFO  pipeline.BackgroundPipelineCreator (BackgroundPipelineCreator.java:start(124)) - Starting RatisPipelineUtilsThread.
2023-08-23 10:52:17,079 [Time-limited test] INFO  BackgroundPipelineScrubber (BackgroundSCMService.java:start(68)) - Starting BackgroundPipelineScrubber Service.
2023-08-23 10:52:17,079 [Time-limited test] INFO  ha.SCMServiceManager (SCMServiceManager.java:register(42)) - Registering service BackgroundPipelineScrubber.
2023-08-23 10:52:17,079 [Time-limited test] INFO  ExpiredContainerReplicaOpScrubber (BackgroundSCMService.java:start(68)) - Starting ExpiredContainerReplicaOpScrubber Service.
2023-08-23 10:52:17,080 [Time-limited test] INFO  ha.SCMServiceManager (SCMServiceManager.java:register(42)) - Registering service ExpiredContainerReplicaOpScrubber.
2023-08-23 10:52:17,081 [Time-limited test] INFO  algorithms.PipelineChoosePolicyFactory (PipelineChoosePolicyFactory.java:createPipelineChoosePolicyFromClass(78)) - Create pipeline choose policy of type org.apache.hadoop.hdds.scm.pipeline.choose.algorithms.RandomPipelineChoosePolicy
2023-08-23 10:52:17,084 [Time-limited test] INFO  algorithms.PipelineChoosePolicyFactory (PipelineChoosePolicyFactory.java:createPipelineChoosePolicyFromClass(78)) - Create pipeline choose policy of type org.apache.hadoop.hdds.scm.pipeline.choose.algorithms.RandomPipelineChoosePolicy
2023-08-23 10:52:17,084 [Time-limited test] INFO  ha.SCMServiceManager (SCMServiceManager.java:register(42)) - Registering service SCMBlockDeletingService.
2023-08-23 10:52:17,085 [Time-limited test] INFO  replication.ReplicationManager (ReplicationManager.java:start(287)) - Starting Replication Monitor Thread.
2023-08-23 10:52:17,092 [Time-limited test] INFO  ha.SCMServiceManager (SCMServiceManager.java:register(42)) - Registering service ReplicationManager.
2023-08-23 10:52:17,092 [Time-limited test] INFO  safemode.ContainerSafeModeRule (ContainerSafeModeRule.java:<init>(90)) - containers with one replica threshold count 0
2023-08-23 10:52:17,092 [ReplicationMonitor] INFO  replication.ReplicationManager (ReplicationManager.java:processAll(361)) - Replication Manager is not ready to run until 300000ms after safemode exit
2023-08-23 10:52:17,093 [Time-limited test] INFO  safemode.HealthyPipelineSafeModeRule (HealthyPipelineSafeModeRule.java:initializeRule(169)) - Total pipeline count is 0, healthy pipeline threshold count is 0
2023-08-23 10:52:17,094 [Time-limited test] INFO  safemode.OneReplicaPipelineSafeModeRule (OneReplicaPipelineSafeModeRule.java:initializeRule(180)) - Total pipeline count is 0, pipeline's with at least one datanode reported threshold count is 0
2023-08-23 10:52:17,096 [Time-limited test] INFO  authority.DefaultCAServer (DefaultCAServer.java:lambda$processVerificationStatus$0(472)) - CertificateServer validation is successful
2023-08-23 10:52:17,097 [Time-limited test] INFO  authority.DefaultCAServer (DefaultCAServer.java:lambda$processVerificationStatus$0(472)) - CertificateServer validation is successful
2023-08-23 10:52:17,097 [Time-limited test] INFO  server.StorageContainerManager (StorageContainerManager.java:persistPrimarySCMCerts(932)) - Storing sub-ca certificate serialId 1622308282610 on primary SCM
2023-08-23 10:52:17,099 [Time-limited test] INFO  server.SCMCertStore (SCMCertStore.java:storeValidScmCertificate(122)) - Scm certificate 1622308282610 for CN=scm-sub-1622305180981@fv-az573-639,OU=d964ca4c-298e-4659-b7cf-bf5a0cf83a17,O=fb66bdb8-c162-47ab-961e-5433d8d37d14 is stored
2023-08-23 10:52:17,103 [Time-limited test] INFO  server.StorageContainerManager (StorageContainerManager.java:persistPrimarySCMCerts(940)) - Storing root certificate serialId 1
2023-08-23 10:52:17,104 [Time-limited test] INFO  server.SCMCertStore (SCMCertStore.java:storeValidScmCertificate(122)) - Scm certificate 1 for CN=scm-1@fv-az573-639,OU=d964ca4c-298e-4659-b7cf-bf5a0cf83a17,O=fb66bdb8-c162-47ab-961e-5433d8d37d14 is stored
2023-08-23 10:52:17,104 [Time-limited test] INFO  ipc.CallQueueManager (CallQueueManager.java:<init>(90)) - Using callQueue: class java.util.concurrent.LinkedBlockingQueue, queueCapacity: 200, scheduler: class org.apache.hadoop.ipc.DefaultRpcScheduler, ipcBackoff: false.
2023-08-23 10:52:17,105 [Time-limited test] INFO  ipc.Server (Server.java:<init>(1287)) - Listener at 0.0.0.0:9961
2023-08-23 10:52:17,107 [Socket Reader #1 for port 9961] INFO  ipc.Server (Server.java:run(1323)) - Starting Socket Reader #1 for port 9961
2023-08-23 10:52:17,114 [Time-limited test] INFO  server.StorageContainerManager (StorageContainerManager.java:<init>(425)) - SCM start with adminUsers: [om/fv-az573-639@EXAMPLE.COM, scm]
2023-08-23 10:52:17,114 [Time-limited test] INFO  ipc.CallQueueManager (CallQueueManager.java:<init>(90)) - Using callQueue: class java.util.concurrent.LinkedBlockingQueue, queueCapacity: 10000, scheduler: class org.apache.hadoop.ipc.DefaultRpcScheduler, ipcBackoff: false.
2023-08-23 10:52:17,114 [Time-limited test] INFO  ipc.Server (Server.java:<init>(1287)) - Listener at 0.0.0.0:9861
2023-08-23 10:52:17,115 [Socket Reader #1 for port 9861] INFO  ipc.Server (Server.java:run(1323)) - Starting Socket Reader #1 for port 9861
2023-08-23 10:52:17,122 [Time-limited test] INFO  ipc.CallQueueManager (CallQueueManager.java:<init>(90)) - Using callQueue: class java.util.concurrent.LinkedBlockingQueue, queueCapacity: 10000, scheduler: class org.apache.hadoop.ipc.DefaultRpcScheduler, ipcBackoff: false.
2023-08-23 10:52:17,122 [Time-limited test] INFO  ipc.Server (Server.java:<init>(1287)) - Listener at 0.0.0.0:9863
2023-08-23 10:52:17,122 [Socket Reader #1 for port 9863] INFO  ipc.Server (Server.java:run(1323)) - Starting Socket Reader #1 for port 9863
2023-08-23 10:52:17,123 [Time-limited test] INFO  ipc.CallQueueManager (CallQueueManager.java:<init>(90)) - Using callQueue: class java.util.concurrent.LinkedBlockingQueue, queueCapacity: 10000, scheduler: class org.apache.hadoop.ipc.DefaultRpcScheduler, ipcBackoff: false.
2023-08-23 10:52:17,124 [Time-limited test] INFO  ipc.Server (Server.java:<init>(1287)) - Listener at 0.0.0.0:9860
2023-08-23 10:52:17,124 [Socket Reader #1 for port 9860] INFO  ipc.Server (Server.java:run(1323)) - Starting Socket Reader #1 for port 9860
2023-08-23 10:52:17,129 [Time-limited test] INFO  ha.SCMServiceManager (SCMServiceManager.java:register(42)) - Registering service ContainerBalancer.
2023-08-23 10:52:17,129 [Time-limited test] INFO  server.StorageContainerManager (StorageContainerManager.java:<init>(438)) - 
Container Balancer status:
Key                            Value
Running                        false
Container Balancer Configuration values:
Key                                                Value
Threshold                                          10
Max Datanodes to Involve per Iteration(percent)    20
Max Size to Move per Iteration                     500GB
Max Size Entering Target per Iteration             26GB
Max Size Leaving Source per Iteration              26GB

2023-08-23 10:52:17,129 [Time-limited test] INFO  ha.SCMContext (SCMContext.java:updateSafeModeStatus(228)) - Update SafeModeStatus from SafeModeStatus{safeModeStatus=true, preCheckPassed=false} to SafeModeStatus{safeModeStatus=true, preCheckPassed=false}.
2023-08-23 10:52:17,135 [Time-limited test] INFO  impl.DefaultInternalKdcServerImpl (DefaultInternalKdcServerImpl.java:doStop(102)) - Default Internal kdc server stopped.
2023-08-23 10:52:18,135 [Time-limited test] INFO  minikdc.MiniKdc (MiniKdc.java:stop(359)) - MiniKdc stopped.
2023-08-23 10:52:18,135 [Time-limited test] INFO  server.StorageContainerManager (StorageContainerManager.java:stop(1591)) - Container Balancer is not running.
2023-08-23 10:52:18,135 [Time-limited test] INFO  server.StorageContainerManager (StorageContainerManager.java:stopReplicationManager(1724)) - Stopping Replication Manager Service.
2023-08-23 10:52:18,135 [Time-limited test] INFO  replication.ReplicationManager (ReplicationManager.java:stop(319)) - Stopping Replication Monitor Thread.
2023-08-23 10:52:18,135 [Time-limited test] INFO  server.StorageContainerManager (StorageContainerManager.java:stop(1600)) - Stopping the Datanode Admin Monitor.
2023-08-23 10:52:18,135 [Under Replicated Processor] WARN  replication.UnhealthyReplicationProcessor (UnhealthyReplicationProcessor.java:run(180)) - Under Replicated Processor interrupted. Exiting...
2023-08-23 10:52:18,136 [ReplicationMonitor] INFO  replication.ReplicationManager (ReplicationManager.java:run(917)) - Replication Monitor Thread is stopped
2023-08-23 10:52:18,135 [Time-limited test] INFO  server.StorageContainerManager (StorageContainerManager.java:stop(1607)) - Stopping datanode service RPC server
2023-08-23 10:52:18,136 [Time-limited test] INFO  server.SCMDatanodeProtocolServer (SCMDatanodeProtocolServer.java:stop(424)) - Stopping the RPC server for DataNodes
2023-08-23 10:52:18,136 [Over Replicated Processor] WARN  replication.UnhealthyReplicationProcessor (UnhealthyReplicationProcessor.java:run(180)) - Over Replicated Processor interrupted. Exiting...
2023-08-23 10:52:18,136 [Time-limited test] INFO  ipc.Server (Server.java:stop(3523)) - Stopping server on 9861
2023-08-23 10:52:20,074 [SCM Heartbeat Processing Thread - 0] WARN  node.NodeStateManager (NodeStateManager.java:scheduleNextHealthCheck(874)) - Current Thread is interrupted, shutting down HB processing thread for Node Manager.
2023-08-23 10:52:20,074 [Time-limited test] INFO  server.StorageContainerManager (StorageContainerManager.java:stop(1615)) - Stopping block service RPC server
2023-08-23 10:52:20,075 [Time-limited test] INFO  server.SCMBlockProtocolServer (SCMBlockProtocolServer.java:stop(161)) - Stopping the RPC server for Block Protocol
2023-08-23 10:52:20,075 [Time-limited test] INFO  ipc.Server (Server.java:stop(3523)) - Stopping server on 9863
2023-08-23 10:52:20,075 [Time-limited test] INFO  server.StorageContainerManager (StorageContainerManager.java:stop(1622)) - Stopping the StorageContainerLocationProtocol RPC server
2023-08-23 10:52:20,075 [Time-limited test] INFO  server.SCMClientProtocolServer (SCMClientProtocolServer.java:stop(210)) - Stopping the RPC server for Client Protocol
2023-08-23 10:52:20,076 [Time-limited test] INFO  ipc.Server (Server.java:stop(3523)) - Stopping server on 9860
2023-08-23 10:52:20,076 [Time-limited test] INFO  server.StorageContainerManager (StorageContainerManager.java:stop(1629)) - Stopping Storage Container Manager HTTP server.
2023-08-23 10:52:20,076 [Time-limited test] INFO  server.StorageContainerManager (StorageContainerManager.java:stop(1637)) - Stopping SCM LayoutVersionManager Service.
2023-08-23 10:52:20,076 [Time-limited test] INFO  server.SCMSecurityProtocolServer (SCMSecurityProtocolServer.java:stop(550)) - Stopping the SCMSecurityProtocolServer.
2023-08-23 10:52:20,076 [Time-limited test] INFO  ipc.Server (Server.java:stop(3523)) - Stopping server on 9961
2023-08-23 10:52:20,077 [Time-limited test] INFO  server.SCMUpdateServiceGrpcServer (SCMUpdateServiceGrpcServer.java:stop(73)) - SCMUpdateService stopping
2023-08-23 10:52:20,077 [Time-limited test] INFO  server.StorageContainerManager (StorageContainerManager.java:stop(1649)) - Stopping Block Manager Service.
2023-08-23 10:52:20,077 [Time-limited test] INFO  utils.BackgroundService (BackgroundService.java:shutdown(141)) - Shutting down service SCMBlockDeletingService
2023-08-23 10:52:20,077 [Time-limited test] INFO  utils.BackgroundService (BackgroundService.java:shutdown(141)) - Shutting down service SCMBlockDeletingService
2023-08-23 10:52:20,077 [Time-limited test] INFO  server.StorageContainerManager (StorageContainerManager.java:stop(1669)) - Stopping SCM Event Queue.
2023-08-23 10:52:20,078 [Time-limited test] INFO  server.StorageContainerManager (StorageContainerManager.java:stop(1680)) - Stopping SCM HA services.
2023-08-23 10:52:20,078 [Time-limited test] INFO  pipeline.BackgroundPipelineCreator (BackgroundPipelineCreator.java:stop(149)) - Stopping RatisPipelineUtilsThread.
2023-08-23 10:52:20,078 [RatisPipelineUtilsThread - 0] WARN  pipeline.BackgroundPipelineCreator (BackgroundPipelineCreator.java:run(180)) - RatisPipelineUtilsThread is interrupted.
2023-08-23 10:52:20,078 [Time-limited test] INFO  BackgroundPipelineScrubber (BackgroundSCMService.java:stop(131)) - Stopping BackgroundPipelineScrubber Service.
2023-08-23 10:52:20,078 [Time-limited test] WARN  pipeline.BackgroundPipelineCreator (BackgroundPipelineCreator.java:stop(145)) - RatisPipelineUtilsThread is not running, just ignore.
2023-08-23 10:52:20,078 [Time-limited test] INFO  BackgroundPipelineScrubber (BackgroundSCMService.java:stop(126)) - BackgroundPipelineScrubber Service is not running, skip stop.
2023-08-23 10:52:20,078 [ExpiredContainerReplicaOpScrubberThread] WARN  ExpiredContainerReplicaOpScrubber (BackgroundSCMService.java:run(115)) - ExpiredContainerReplicaOpScrubber is interrupted, exit
2023-08-23 10:52:20,078 [BackgroundPipelineScrubberThread] WARN  BackgroundPipelineScrubber (BackgroundSCMService.java:run(115)) - BackgroundPipelineScrubber is interrupted, exit
2023-08-23 10:52:20,078 [Time-limited test] INFO  ExpiredContainerReplicaOpScrubber (BackgroundSCMService.java:stop(131)) - Stopping ExpiredContainerReplicaOpScrubber Service.
2023-08-23 10:52:20,085 [Time-limited test] INFO  utils.BackgroundService (BackgroundService.java:shutdown(141)) - Shutting down service SCMBlockDeletingService
2023-08-23 10:52:20,085 [Time-limited test] INFO  replication.ReplicationManager (ReplicationManager.java:stop(329)) - Replication Monitor Thread is not running.
2023-08-23 10:52:20,085 [Time-limited test] WARN  balancer.ContainerBalancer (ContainerBalancer.java:stop(326)) - Cannot stop Container Balancer because it's not running or stopping
2023-08-23 10:52:20,085 [Time-limited test] INFO  server.StorageContainerManager (StorageContainerManager.java:stop(1715)) - Stopping SCM MetadataStore.
2023-08-23 10:52:20,086 [Time-limited test] INFO  server.SCMSecurityProtocolServer (SCMSecurityProtocolServer.java:join(560)) - Join RPC server for SCMSecurityProtocolServer.
2023-08-23 10:52:20,087 [Time-limited test] INFO  server.SCMSecurityProtocolServer (SCMSecurityProtocolServer.java:join(562)) - Join gRPC server for SCMSecurityProtocolServer.
]]></system-out>
  </testcase>
  <testcase name="testCertificateRotationRecoverableFailure" classname="org.apache.hadoop.ozone.TestSecureOzoneCluster" time="25.304">
    <system-out><![CDATA[2023-08-23 10:52:20,108 [Time-limited test] INFO  net.ServerSocketUtil (ServerSocketUtil.java:getPort(55)) - Using port 9860
2023-08-23 10:52:20,108 [Time-limited test] INFO  net.ServerSocketUtil (ServerSocketUtil.java:getPort(55)) - Using port 9861
2023-08-23 10:52:20,123 [Time-limited test] INFO  net.ServerSocketUtil (ServerSocketUtil.java:getPort(55)) - Using port 9863
2023-08-23 10:52:20,124 [Time-limited test] INFO  net.ServerSocketUtil (ServerSocketUtil.java:getPort(55)) - Using port 9961
2023-08-23 10:52:20,124 [Time-limited test] INFO  net.ServerSocketUtil (ServerSocketUtil.java:getPort(55)) - Using port 1200
2023-08-23 10:52:20,124 [Time-limited test] INFO  net.ServerSocketUtil (ServerSocketUtil.java:getPort(55)) - Using port 1201
2023-08-23 10:52:20,126 [Time-limited test] INFO  minikdc.MiniKdc (MiniKdc.java:<init>(225)) - Configuration:
2023-08-23 10:52:20,126 [Time-limited test] INFO  minikdc.MiniKdc (MiniKdc.java:<init>(226)) - ---------------------------------------------------------------
2023-08-23 10:52:20,126 [Time-limited test] INFO  minikdc.MiniKdc (MiniKdc.java:<init>(228)) -   debug: false
2023-08-23 10:52:20,126 [Time-limited test] INFO  minikdc.MiniKdc (MiniKdc.java:<init>(228)) -   transport: TCP
2023-08-23 10:52:20,126 [Time-limited test] INFO  minikdc.MiniKdc (MiniKdc.java:<init>(228)) -   max.ticket.lifetime: 86400000
2023-08-23 10:52:20,126 [Time-limited test] INFO  minikdc.MiniKdc (MiniKdc.java:<init>(228)) -   org.name: EXAMPLE
2023-08-23 10:52:20,126 [Time-limited test] INFO  minikdc.MiniKdc (MiniKdc.java:<init>(228)) -   kdc.port: 0
2023-08-23 10:52:20,126 [Time-limited test] INFO  minikdc.MiniKdc (MiniKdc.java:<init>(228)) -   org.domain: COM
2023-08-23 10:52:20,126 [Time-limited test] INFO  minikdc.MiniKdc (MiniKdc.java:<init>(228)) -   max.renewable.lifetime: 604800000
2023-08-23 10:52:20,126 [Time-limited test] INFO  minikdc.MiniKdc (MiniKdc.java:<init>(228)) -   instance: DefaultKrbServer
2023-08-23 10:52:20,126 [Time-limited test] INFO  minikdc.MiniKdc (MiniKdc.java:<init>(228)) -   kdc.bind.address: localhost
2023-08-23 10:52:20,126 [Time-limited test] INFO  minikdc.MiniKdc (MiniKdc.java:<init>(230)) - ---------------------------------------------------------------
2023-08-23 10:52:20,129 [Time-limited test] INFO  minikdc.MiniKdc (MiniKdc.java:start(285)) - MiniKdc started.
2023-08-23 10:52:20,327 [Time-limited test] INFO  om.OzoneManager (OzoneManager.java:getOmDetailsProto(4552)) - OzoneManager ports added:[name: "RPC"
value: 1202
]
2023-08-23 10:52:20,328 [Time-limited test] WARN  server.ServerUtils (ServerUtils.java:getDBPath(311)) - ozone.om.db.dirs is not configured. We recommend adding this setting. Falling back to ozone.metadata.dirs instead.
2023-08-23 10:52:20,331 [Time-limited test] INFO  utils.SelfSignedCertificate (SelfSignedCertificate.java:generateCertificate(157)) - Certificate 1625702 is issued by CN=localhost,OU=test,O=cluster to CN=localhost,OU=test,O=cluster, valid from Wed Aug 23 10:52:20 UTC 2023 to Wed Aug 23 10:52:40 UTC 2023
2023-08-23 10:52:20,331 [Time-limited test] INFO  utils.CertificateCodec (CertificateCodec.java:writeCertificate(299)) - Save certificate to /tmp/junit8593240644928390722/junit7574164184435764958/om-meta/om/certs/certificate.crt
2023-08-23 10:52:20,332 [Time-limited test] INFO  utils.CertificateCodec (CertificateCodec.java:writeCertificate(300)) - Certificate -----BEGIN CERTIFICATE-----
MIIC5TCCAc2gAwIBAgIDGM5mMA0GCSqGSIb3DQEBCwUAMDUxEjAQBgNVBAMMCWxv
Y2FsaG9zdDENMAsGA1UECwwEdGVzdDEQMA4GA1UECgwHY2x1c3RlcjAeFw0yMzA4
MjMxMDUyMjBaFw0yMzA4MjMxMDUyNDBaMDUxEjAQBgNVBAMMCWxvY2FsaG9zdDEN
MAsGA1UECwwEdGVzdDEQMA4GA1UECgwHY2x1c3RlcjCCASIwDQYJKoZIhvcNAQEB
BQADggEPADCCAQoCggEBAIUlmkR8wgEK3U7SpERZG85TtT0ThIphNrFnLc27tcDF
+nX65ZE142eC9yTu2IZnC5MO81XVSRmP3yAaK5oN4WPkk6wzDIuT08OMr5nW8DzQ
1aoOqy5BkLrHEWmQtfj3vOiqbsCAtggPF40E8mLPb+wkq9HXvwZHG8qIaKjU8FU/
3GhKktwgZb8IlHQVa9Er6C1ww6cv7y0TA9lQNwZdP3CcaMRLhcWDGChKmJ4zDxdV
ag3GHqA3p+B7x8rZAEqJfWGZgTHBQjIS9aA0O9NJ1aorV3E/ROvE3QpCnXQhZvJy
TYnkJyvNeqKmUQ9DaE8Z28Y+/eCS3SZleay0jSrmIGkCAwEAATANBgkqhkiG9w0B
AQsFAAOCAQEAZIOWpGghjNbMD0CqlIlh0M6WynSeFfYJCwe767LOFhGn8oMvb2tr
GzPo6bTvPjJNIkA54cYBWiwXxYxpHIGdv/ATPUcK6DlxKX7r0SmVARbccFP+AcBc
2YGEBBzemj5WA5Kh4Uwk22/JuoFnRCDVjsNfKyN+XETscXjUtqGq+hu5w6wQ1/pS
91sNmJGuKDLtiu2+7VOfow7HwFiUK8M2LNbIJmXQR3tdfAZw1gngEJ6FW4niUD+7
7wMzWV/kAmfD3cbuy7op6mylNOWY3tu590gIZ0UxW6xODf5n0c+H9i/4qoBJK6XV
5SbRuQ7UZwzjxOdQ3rWQIv0aBt6BUbAFmA==
-----END CERTIFICATE-----

2023-08-23 10:52:20,346 [Time-limited test] INFO  utils.SelfSignedCertificate (SelfSignedCertificate.java:generateCertificate(157)) - Certificate 1625719 is issued by CN=localhost,OU=test,O=cluster to CN=localhost,OU=test,O=cluster, valid from Wed Aug 23 10:52:30 UTC 2023 to Wed Aug 23 10:52:50 UTC 2023
2023-08-23 10:52:20,347 [Time-limited test] INFO  security.OMCertificateClient (DefaultCertificateClient.java:updateCertSerialId(1244)) - Certificate serial ID set to 1625702
2023-08-23 10:52:20,348 [Time-limited test] INFO  security.OMCertificateClient (DefaultCertificateClient.java:readCertificateFile(237)) - Added certificate   [0]         Version: 3
         SerialNumber: 1625702
             IssuerDN: CN=localhost,OU=test,O=cluster
           Start Date: Wed Aug 23 10:52:20 UTC 2023
           Final Date: Wed Aug 23 10:52:40 UTC 2023
            SubjectDN: CN=localhost,OU=test,O=cluster
           Public Key: RSA Public Key [d1:ec:b6:36:f9:3e:61:c8:53:4e:1c:a7:8c:b6:25:e1:91:9e:94:35],[56:66:d1:a4]
        modulus: 85259a447cc2010add4ed2a444591bce53b53d13848a6136b1672dcdbbb5c0c5fa75fae59135e36782f724eed886670b930ef355d549198fdf201a2b9a0de163e493ac330c8b93d3c38caf99d6f03cd0d5aa0eab2e4190bac7116990b5f8f7bce8aa6ec080b6080f178d04f262cf6fec24abd1d7bf06471bca8868a8d4f0553fdc684a92dc2065bf089474156bd12be82d70c3a72fef2d1303d95037065d3f709c68c44b85c58318284a989e330f17556a0dc61ea037a7e07bc7cad9004a897d61998131c1423212f5a0343bd349d5aa2b57713f44ebc4dd0a429d742166f2724d89e4272bcd7aa2a6510f43684f19dbc63efde092dd266579acb48d2ae62069
public exponent: 10001

  Signature Algorithm: SHA256WITHRSA
            Signature: 648396a468218cd6cc0f40aa948961d0ce96ca74
                       9e15f6090b07bbebb2ce1611a7f2832f6f6b6b1b
                       33e8e9b4ef3e324d224039e1c6015a2c17c58c69
                       1c819dbff0133d470ae83971297eebd129950116
                       dc7053fe01c05cd98184041cde9a3e560392a1e1
                       4c24db6fc9ba81674420d58ec35f2b237e5c44ec
                       7178d4b6a1aafa1bb9c3ac10d7fa52f75b0d9891
                       ae2832ed8aedbeed539fa30ec7c058942bc3362c
                       d6c82665d0477b5d7c0670d609e0109e855b89e2
                       503fbbef0333595fe40267c3ddc6eecbba29ea6c
                       a534e598dedbb9f748086745315bac4e0dfe67d1
                       cf87f62ff8aa80492ba5d5e526d1b90ed4670ce3
                       c4e750deb59022fd1a06de8151b00598
 from file: /tmp/junit8593240644928390722/junit7574164184435764958/om-meta/om/certs/certificate.crt.
2023-08-23 10:52:20,349 [Time-limited test] INFO  security.OMCertificateClient (DefaultCertificateClient.java:startCertificateRenewerService(1347)) - CertificateRenewerService for om is started with first delay 9652 ms and interval 3333 ms.
2023-08-23 10:52:20,349 [Time-limited test] INFO  security.OMCertificateClient (DefaultCertificateClient.java:init(715)) - Certificate client init case: 7
2023-08-23 10:52:20,349 [Time-limited test] INFO  security.OMCertificateClient (CommonCertificateClient.java:handleCase(110)) - Found certificate file along with KeyPair.
2023-08-23 10:52:20,353 [Time-limited test] INFO  security.OMCertificateClient (DefaultCertificateClient.java:validateKeyPairAndCertificate(794)) - Keypair validated.
2023-08-23 10:52:20,360 [Time-limited test] INFO  security.OMCertificateClient (DefaultCertificateClient.java:validateKeyPairAndCertificate(797)) - Keypair validated with certificate.
2023-08-23 10:52:30,002 [om-CertificateRenewerService] INFO  security.OMCertificateClient (DefaultCertificateClient.java:run(1383)) - Current certificate 1625702 needs to be renewed remaining grace period PT0S. Forced renewal due to root ca rotation: false.
2023-08-23 10:52:30,270 [om-CertificateRenewerService] INFO  ozone.OzoneSecurityUtil (OzoneSecurityUtil.java:getValidInetsForCurrentHost(119)) - ip:fe80:0:0:0:20d:3aff:fe5a:f85d%eth0 not returned.
2023-08-23 10:52:30,270 [om-CertificateRenewerService] INFO  ozone.OzoneSecurityUtil (OzoneSecurityUtil.java:getValidInetsForCurrentHost(116)) - Adding ip:10.1.0.17,host:fv-az573-639
2023-08-23 10:52:30,271 [om-CertificateRenewerService] INFO  ozone.OzoneSecurityUtil (OzoneSecurityUtil.java:getValidInetsForCurrentHost(119)) - ip:0:0:0:0:0:0:0:1%lo not returned.
2023-08-23 10:52:30,271 [om-CertificateRenewerService] INFO  ozone.OzoneSecurityUtil (OzoneSecurityUtil.java:getValidInetsForCurrentHost(119)) - ip:127.0.0.1 not returned.
2023-08-23 10:52:30,271 [om-CertificateRenewerService] ERROR utils.CertificateSignRequest (CertificateSignRequest.java:lambda$addInetAddresses$0(295)) - Invalid domain fv-az573-639
2023-08-23 10:52:30,271 [om-CertificateRenewerService] INFO  security.OMCertificateClient (OMCertificateClient.java:getCSRBuilder(114)) - Creating csr for OM->dns:fv-az573-639,ip:10.1.0.17,scmId:18580b20-974b-43c7-ae22-2957ba0f4743,clusterId:3cd1e092-46e9-4395-b828-ae8f71ae5d23,subject:fv-az573-639
2023-08-23 10:52:30,274 [om-CertificateRenewerService] ERROR security.OMCertificateClient (DefaultCertificateClient.java:signAndStoreCertificate(1284)) - Error while signing and storing SCM signed certificate.
org.apache.hadoop.hdds.security.x509.exception.CertificateException: Unable to retrieve certificate chain.
	at org.apache.hadoop.hdds.security.x509.certificate.client.DefaultCertificateClient.signAndStoreCertificate(DefaultCertificateClient.java:1280)
	at org.apache.hadoop.hdds.security.x509.certificate.client.DefaultCertificateClient.renewAndStoreKeyAndCertificate(DefaultCertificateClient.java:1083)
	at org.apache.hadoop.hdds.security.x509.certificate.client.DefaultCertificateClient$CertificateRenewerService.run(DefaultCertificateClient.java:1388)
	at java.util.concurrent.Executors$RunnableAdapter.call(Executors.java:511)
	at java.util.concurrent.FutureTask.runAndReset(FutureTask.java:308)
	at java.util.concurrent.ScheduledThreadPoolExecutor$ScheduledFutureTask.access$301(ScheduledThreadPoolExecutor.java:180)
	at java.util.concurrent.ScheduledThreadPoolExecutor$ScheduledFutureTask.run(ScheduledThreadPoolExecutor.java:294)
	at java.util.concurrent.ThreadPoolExecutor.runWorker(ThreadPoolExecutor.java:1149)
	at java.util.concurrent.ThreadPoolExecutor$Worker.run(ThreadPoolExecutor.java:624)
	at java.lang.Thread.run(Thread.java:750)
2023-08-23 10:52:30,277 [om-CertificateRenewerService] ERROR security.OMCertificateClient (DefaultCertificateClient.java:run(1399)) - Failed to renew and store key and cert. Keep using existing certificates.
org.apache.hadoop.hdds.security.x509.exception.CertificateException: Error while signing and storing new certificates.
	at org.apache.hadoop.hdds.security.x509.certificate.client.DefaultCertificateClient.renewAndStoreKeyAndCertificate(DefaultCertificateClient.java:1086)
	at org.apache.hadoop.hdds.security.x509.certificate.client.DefaultCertificateClient$CertificateRenewerService.run(DefaultCertificateClient.java:1388)
	at java.util.concurrent.Executors$RunnableAdapter.call(Executors.java:511)
	at java.util.concurrent.FutureTask.runAndReset(FutureTask.java:308)
	at java.util.concurrent.ScheduledThreadPoolExecutor$ScheduledFutureTask.access$301(ScheduledThreadPoolExecutor.java:180)
	at java.util.concurrent.ScheduledThreadPoolExecutor$ScheduledFutureTask.run(ScheduledThreadPoolExecutor.java:294)
	at java.util.concurrent.ThreadPoolExecutor.runWorker(ThreadPoolExecutor.java:1149)
	at java.util.concurrent.ThreadPoolExecutor$Worker.run(ThreadPoolExecutor.java:624)
	at java.lang.Thread.run(Thread.java:750)
Caused by: org.apache.hadoop.hdds.security.x509.exception.CertificateException: Error while signing and storing SCM signed certificate.
	at org.apache.hadoop.hdds.security.x509.certificate.client.DefaultCertificateClient.signAndStoreCertificate(DefaultCertificateClient.java:1286)
	at org.apache.hadoop.hdds.security.x509.certificate.client.DefaultCertificateClient.renewAndStoreKeyAndCertificate(DefaultCertificateClient.java:1083)
	... 8 more
Caused by: org.apache.hadoop.hdds.security.x509.exception.CertificateException: Unable to retrieve certificate chain.
	at org.apache.hadoop.hdds.security.x509.certificate.client.DefaultCertificateClient.signAndStoreCertificate(DefaultCertificateClient.java:1280)
	... 9 more
2023-08-23 10:52:33,334 [om-CertificateRenewerService] INFO  security.OMCertificateClient (DefaultCertificateClient.java:run(1383)) - Current certificate 1625702 needs to be renewed remaining grace period PT0S. Forced renewal due to root ca rotation: false.
2023-08-23 10:52:33,765 [om-CertificateRenewerService] INFO  ozone.OzoneSecurityUtil (OzoneSecurityUtil.java:getValidInetsForCurrentHost(119)) - ip:fe80:0:0:0:20d:3aff:fe5a:f85d%eth0 not returned.
2023-08-23 10:52:33,765 [om-CertificateRenewerService] INFO  ozone.OzoneSecurityUtil (OzoneSecurityUtil.java:getValidInetsForCurrentHost(116)) - Adding ip:10.1.0.17,host:fv-az573-639
2023-08-23 10:52:33,766 [om-CertificateRenewerService] INFO  ozone.OzoneSecurityUtil (OzoneSecurityUtil.java:getValidInetsForCurrentHost(119)) - ip:0:0:0:0:0:0:0:1%lo not returned.
2023-08-23 10:52:33,766 [om-CertificateRenewerService] INFO  ozone.OzoneSecurityUtil (OzoneSecurityUtil.java:getValidInetsForCurrentHost(119)) - ip:127.0.0.1 not returned.
2023-08-23 10:52:33,766 [om-CertificateRenewerService] ERROR utils.CertificateSignRequest (CertificateSignRequest.java:lambda$addInetAddresses$0(295)) - Invalid domain fv-az573-639
2023-08-23 10:52:33,766 [om-CertificateRenewerService] INFO  security.OMCertificateClient (OMCertificateClient.java:getCSRBuilder(114)) - Creating csr for OM->dns:fv-az573-639,ip:10.1.0.17,scmId:18580b20-974b-43c7-ae22-2957ba0f4743,clusterId:3cd1e092-46e9-4395-b828-ae8f71ae5d23,subject:fv-az573-639
2023-08-23 10:52:33,768 [om-CertificateRenewerService] ERROR security.OMCertificateClient (DefaultCertificateClient.java:signAndStoreCertificate(1284)) - Error while signing and storing SCM signed certificate.
org.apache.hadoop.hdds.security.x509.exception.CertificateException: Unable to retrieve certificate chain.
	at org.apache.hadoop.hdds.security.x509.certificate.client.DefaultCertificateClient.signAndStoreCertificate(DefaultCertificateClient.java:1280)
	at org.apache.hadoop.hdds.security.x509.certificate.client.DefaultCertificateClient.renewAndStoreKeyAndCertificate(DefaultCertificateClient.java:1083)
	at org.apache.hadoop.hdds.security.x509.certificate.client.DefaultCertificateClient$CertificateRenewerService.run(DefaultCertificateClient.java:1388)
	at java.util.concurrent.Executors$RunnableAdapter.call(Executors.java:511)
	at java.util.concurrent.FutureTask.runAndReset(FutureTask.java:308)
	at java.util.concurrent.ScheduledThreadPoolExecutor$ScheduledFutureTask.access$301(ScheduledThreadPoolExecutor.java:180)
	at java.util.concurrent.ScheduledThreadPoolExecutor$ScheduledFutureTask.run(ScheduledThreadPoolExecutor.java:294)
	at java.util.concurrent.ThreadPoolExecutor.runWorker(ThreadPoolExecutor.java:1149)
	at java.util.concurrent.ThreadPoolExecutor$Worker.run(ThreadPoolExecutor.java:624)
	at java.lang.Thread.run(Thread.java:750)
2023-08-23 10:52:33,768 [om-CertificateRenewerService] ERROR security.OMCertificateClient (DefaultCertificateClient.java:run(1399)) - Failed to renew and store key and cert. Keep using existing certificates.
org.apache.hadoop.hdds.security.x509.exception.CertificateException: Error while signing and storing new certificates.
	at org.apache.hadoop.hdds.security.x509.certificate.client.DefaultCertificateClient.renewAndStoreKeyAndCertificate(DefaultCertificateClient.java:1086)
	at org.apache.hadoop.hdds.security.x509.certificate.client.DefaultCertificateClient$CertificateRenewerService.run(DefaultCertificateClient.java:1388)
	at java.util.concurrent.Executors$RunnableAdapter.call(Executors.java:511)
	at java.util.concurrent.FutureTask.runAndReset(FutureTask.java:308)
	at java.util.concurrent.ScheduledThreadPoolExecutor$ScheduledFutureTask.access$301(ScheduledThreadPoolExecutor.java:180)
	at java.util.concurrent.ScheduledThreadPoolExecutor$ScheduledFutureTask.run(ScheduledThreadPoolExecutor.java:294)
	at java.util.concurrent.ThreadPoolExecutor.runWorker(ThreadPoolExecutor.java:1149)
	at java.util.concurrent.ThreadPoolExecutor$Worker.run(ThreadPoolExecutor.java:624)
	at java.lang.Thread.run(Thread.java:750)
Caused by: org.apache.hadoop.hdds.security.x509.exception.CertificateException: Error while signing and storing SCM signed certificate.
	at org.apache.hadoop.hdds.security.x509.certificate.client.DefaultCertificateClient.signAndStoreCertificate(DefaultCertificateClient.java:1286)
	at org.apache.hadoop.hdds.security.x509.certificate.client.DefaultCertificateClient.renewAndStoreKeyAndCertificate(DefaultCertificateClient.java:1083)
	... 8 more
Caused by: org.apache.hadoop.hdds.security.x509.exception.CertificateException: Unable to retrieve certificate chain.
	at org.apache.hadoop.hdds.security.x509.certificate.client.DefaultCertificateClient.signAndStoreCertificate(DefaultCertificateClient.java:1280)
	... 9 more
2023-08-23 10:52:36,667 [om-CertificateRenewerService] INFO  security.OMCertificateClient (DefaultCertificateClient.java:run(1383)) - Current certificate 1625702 needs to be renewed remaining grace period PT0S. Forced renewal due to root ca rotation: false.
2023-08-23 10:52:36,720 [om-CertificateRenewerService] INFO  ozone.OzoneSecurityUtil (OzoneSecurityUtil.java:getValidInetsForCurrentHost(119)) - ip:fe80:0:0:0:20d:3aff:fe5a:f85d%eth0 not returned.
2023-08-23 10:52:36,721 [om-CertificateRenewerService] INFO  ozone.OzoneSecurityUtil (OzoneSecurityUtil.java:getValidInetsForCurrentHost(116)) - Adding ip:10.1.0.17,host:fv-az573-639
2023-08-23 10:52:36,721 [om-CertificateRenewerService] INFO  ozone.OzoneSecurityUtil (OzoneSecurityUtil.java:getValidInetsForCurrentHost(119)) - ip:0:0:0:0:0:0:0:1%lo not returned.
2023-08-23 10:52:36,721 [om-CertificateRenewerService] INFO  ozone.OzoneSecurityUtil (OzoneSecurityUtil.java:getValidInetsForCurrentHost(119)) - ip:127.0.0.1 not returned.
2023-08-23 10:52:36,721 [om-CertificateRenewerService] ERROR utils.CertificateSignRequest (CertificateSignRequest.java:lambda$addInetAddresses$0(295)) - Invalid domain fv-az573-639
2023-08-23 10:52:36,721 [om-CertificateRenewerService] INFO  security.OMCertificateClient (OMCertificateClient.java:getCSRBuilder(114)) - Creating csr for OM->dns:fv-az573-639,ip:10.1.0.17,scmId:18580b20-974b-43c7-ae22-2957ba0f4743,clusterId:3cd1e092-46e9-4395-b828-ae8f71ae5d23,subject:fv-az573-639
2023-08-23 10:52:36,723 [om-CertificateRenewerService] ERROR security.OMCertificateClient (DefaultCertificateClient.java:signAndStoreCertificate(1284)) - Error while signing and storing SCM signed certificate.
org.apache.hadoop.hdds.security.x509.exception.CertificateException: Unable to retrieve certificate chain.
	at org.apache.hadoop.hdds.security.x509.certificate.client.DefaultCertificateClient.signAndStoreCertificate(DefaultCertificateClient.java:1280)
	at org.apache.hadoop.hdds.security.x509.certificate.client.DefaultCertificateClient.renewAndStoreKeyAndCertificate(DefaultCertificateClient.java:1083)
	at org.apache.hadoop.hdds.security.x509.certificate.client.DefaultCertificateClient$CertificateRenewerService.run(DefaultCertificateClient.java:1388)
	at java.util.concurrent.Executors$RunnableAdapter.call(Executors.java:511)
	at java.util.concurrent.FutureTask.runAndReset(FutureTask.java:308)
	at java.util.concurrent.ScheduledThreadPoolExecutor$ScheduledFutureTask.access$301(ScheduledThreadPoolExecutor.java:180)
	at java.util.concurrent.ScheduledThreadPoolExecutor$ScheduledFutureTask.run(ScheduledThreadPoolExecutor.java:294)
	at java.util.concurrent.ThreadPoolExecutor.runWorker(ThreadPoolExecutor.java:1149)
	at java.util.concurrent.ThreadPoolExecutor$Worker.run(ThreadPoolExecutor.java:624)
	at java.lang.Thread.run(Thread.java:750)
2023-08-23 10:52:36,724 [om-CertificateRenewerService] ERROR security.OMCertificateClient (DefaultCertificateClient.java:run(1399)) - Failed to renew and store key and cert. Keep using existing certificates.
org.apache.hadoop.hdds.security.x509.exception.CertificateException: Error while signing and storing new certificates.
	at org.apache.hadoop.hdds.security.x509.certificate.client.DefaultCertificateClient.renewAndStoreKeyAndCertificate(DefaultCertificateClient.java:1086)
	at org.apache.hadoop.hdds.security.x509.certificate.client.DefaultCertificateClient$CertificateRenewerService.run(DefaultCertificateClient.java:1388)
	at java.util.concurrent.Executors$RunnableAdapter.call(Executors.java:511)
	at java.util.concurrent.FutureTask.runAndReset(FutureTask.java:308)
	at java.util.concurrent.ScheduledThreadPoolExecutor$ScheduledFutureTask.access$301(ScheduledThreadPoolExecutor.java:180)
	at java.util.concurrent.ScheduledThreadPoolExecutor$ScheduledFutureTask.run(ScheduledThreadPoolExecutor.java:294)
	at java.util.concurrent.ThreadPoolExecutor.runWorker(ThreadPoolExecutor.java:1149)
	at java.util.concurrent.ThreadPoolExecutor$Worker.run(ThreadPoolExecutor.java:624)
	at java.lang.Thread.run(Thread.java:750)
Caused by: org.apache.hadoop.hdds.security.x509.exception.CertificateException: Error while signing and storing SCM signed certificate.
	at org.apache.hadoop.hdds.security.x509.certificate.client.DefaultCertificateClient.signAndStoreCertificate(DefaultCertificateClient.java:1286)
	at org.apache.hadoop.hdds.security.x509.certificate.client.DefaultCertificateClient.renewAndStoreKeyAndCertificate(DefaultCertificateClient.java:1083)
	... 8 more
Caused by: org.apache.hadoop.hdds.security.x509.exception.CertificateException: Unable to retrieve certificate chain.
	at org.apache.hadoop.hdds.security.x509.certificate.client.DefaultCertificateClient.signAndStoreCertificate(DefaultCertificateClient.java:1280)
	... 9 more
2023-08-23 10:52:40,000 [om-CertificateRenewerService] INFO  security.OMCertificateClient (DefaultCertificateClient.java:run(1383)) - Current certificate 1625702 needs to be renewed remaining grace period PT0S. Forced renewal due to root ca rotation: false.
2023-08-23 10:52:40,122 [om-CertificateRenewerService] INFO  ozone.OzoneSecurityUtil (OzoneSecurityUtil.java:getValidInetsForCurrentHost(119)) - ip:fe80:0:0:0:20d:3aff:fe5a:f85d%eth0 not returned.
2023-08-23 10:52:40,123 [om-CertificateRenewerService] INFO  ozone.OzoneSecurityUtil (OzoneSecurityUtil.java:getValidInetsForCurrentHost(116)) - Adding ip:10.1.0.17,host:fv-az573-639
2023-08-23 10:52:40,123 [om-CertificateRenewerService] INFO  ozone.OzoneSecurityUtil (OzoneSecurityUtil.java:getValidInetsForCurrentHost(119)) - ip:0:0:0:0:0:0:0:1%lo not returned.
2023-08-23 10:52:40,123 [om-CertificateRenewerService] INFO  ozone.OzoneSecurityUtil (OzoneSecurityUtil.java:getValidInetsForCurrentHost(119)) - ip:127.0.0.1 not returned.
2023-08-23 10:52:40,123 [om-CertificateRenewerService] ERROR utils.CertificateSignRequest (CertificateSignRequest.java:lambda$addInetAddresses$0(295)) - Invalid domain fv-az573-639
2023-08-23 10:52:40,123 [om-CertificateRenewerService] INFO  security.OMCertificateClient (OMCertificateClient.java:getCSRBuilder(114)) - Creating csr for OM->dns:fv-az573-639,ip:10.1.0.17,scmId:18580b20-974b-43c7-ae22-2957ba0f4743,clusterId:3cd1e092-46e9-4395-b828-ae8f71ae5d23,subject:fv-az573-639
2023-08-23 10:52:40,125 [om-CertificateRenewerService] ERROR security.OMCertificateClient (DefaultCertificateClient.java:signAndStoreCertificate(1284)) - Error while signing and storing SCM signed certificate.
org.apache.hadoop.hdds.security.x509.exception.CertificateException: Unable to retrieve certificate chain.
	at org.apache.hadoop.hdds.security.x509.certificate.client.DefaultCertificateClient.signAndStoreCertificate(DefaultCertificateClient.java:1280)
	at org.apache.hadoop.hdds.security.x509.certificate.client.DefaultCertificateClient.renewAndStoreKeyAndCertificate(DefaultCertificateClient.java:1083)
	at org.apache.hadoop.hdds.security.x509.certificate.client.DefaultCertificateClient$CertificateRenewerService.run(DefaultCertificateClient.java:1388)
	at java.util.concurrent.Executors$RunnableAdapter.call(Executors.java:511)
	at java.util.concurrent.FutureTask.runAndReset(FutureTask.java:308)
	at java.util.concurrent.ScheduledThreadPoolExecutor$ScheduledFutureTask.access$301(ScheduledThreadPoolExecutor.java:180)
	at java.util.concurrent.ScheduledThreadPoolExecutor$ScheduledFutureTask.run(ScheduledThreadPoolExecutor.java:294)
	at java.util.concurrent.ThreadPoolExecutor.runWorker(ThreadPoolExecutor.java:1149)
	at java.util.concurrent.ThreadPoolExecutor$Worker.run(ThreadPoolExecutor.java:624)
	at java.lang.Thread.run(Thread.java:750)
2023-08-23 10:52:40,125 [om-CertificateRenewerService] ERROR security.OMCertificateClient (DefaultCertificateClient.java:run(1399)) - Failed to renew and store key and cert. Keep using existing certificates.
org.apache.hadoop.hdds.security.x509.exception.CertificateException: Error while signing and storing new certificates.
	at org.apache.hadoop.hdds.security.x509.certificate.client.DefaultCertificateClient.renewAndStoreKeyAndCertificate(DefaultCertificateClient.java:1086)
	at org.apache.hadoop.hdds.security.x509.certificate.client.DefaultCertificateClient$CertificateRenewerService.run(DefaultCertificateClient.java:1388)
	at java.util.concurrent.Executors$RunnableAdapter.call(Executors.java:511)
	at java.util.concurrent.FutureTask.runAndReset(FutureTask.java:308)
	at java.util.concurrent.ScheduledThreadPoolExecutor$ScheduledFutureTask.access$301(ScheduledThreadPoolExecutor.java:180)
	at java.util.concurrent.ScheduledThreadPoolExecutor$ScheduledFutureTask.run(ScheduledThreadPoolExecutor.java:294)
	at java.util.concurrent.ThreadPoolExecutor.runWorker(ThreadPoolExecutor.java:1149)
	at java.util.concurrent.ThreadPoolExecutor$Worker.run(ThreadPoolExecutor.java:624)
	at java.lang.Thread.run(Thread.java:750)
Caused by: org.apache.hadoop.hdds.security.x509.exception.CertificateException: Error while signing and storing SCM signed certificate.
	at org.apache.hadoop.hdds.security.x509.certificate.client.DefaultCertificateClient.signAndStoreCertificate(DefaultCertificateClient.java:1286)
	at org.apache.hadoop.hdds.security.x509.certificate.client.DefaultCertificateClient.renewAndStoreKeyAndCertificate(DefaultCertificateClient.java:1083)
	... 8 more
Caused by: org.apache.hadoop.hdds.security.x509.exception.CertificateException: Unable to retrieve certificate chain.
	at org.apache.hadoop.hdds.security.x509.certificate.client.DefaultCertificateClient.signAndStoreCertificate(DefaultCertificateClient.java:1280)
	... 9 more
2023-08-23 10:52:40,389 [Time-limited test] INFO  utils.SelfSignedCertificate (SelfSignedCertificate.java:generateCertificate(157)) - Certificate 1645761 is issued by CN=localhost,OU=test,O=cluster to CN=localhost,OU=test,O=cluster, valid from Wed Aug 23 10:52:40 UTC 2023 to Wed Aug 23 10:53:00 UTC 2023
2023-08-23 10:52:43,333 [om-CertificateRenewerService] INFO  security.OMCertificateClient (DefaultCertificateClient.java:run(1383)) - Current certificate 1625702 needs to be renewed remaining grace period PT0S. Forced renewal due to root ca rotation: false.
2023-08-23 10:52:43,784 [om-CertificateRenewerService] INFO  ozone.OzoneSecurityUtil (OzoneSecurityUtil.java:getValidInetsForCurrentHost(119)) - ip:fe80:0:0:0:20d:3aff:fe5a:f85d%eth0 not returned.
2023-08-23 10:52:43,784 [om-CertificateRenewerService] INFO  ozone.OzoneSecurityUtil (OzoneSecurityUtil.java:getValidInetsForCurrentHost(116)) - Adding ip:10.1.0.17,host:fv-az573-639
2023-08-23 10:52:43,784 [om-CertificateRenewerService] INFO  ozone.OzoneSecurityUtil (OzoneSecurityUtil.java:getValidInetsForCurrentHost(119)) - ip:0:0:0:0:0:0:0:1%lo not returned.
2023-08-23 10:52:43,784 [om-CertificateRenewerService] INFO  ozone.OzoneSecurityUtil (OzoneSecurityUtil.java:getValidInetsForCurrentHost(119)) - ip:127.0.0.1 not returned.
2023-08-23 10:52:43,784 [om-CertificateRenewerService] ERROR utils.CertificateSignRequest (CertificateSignRequest.java:lambda$addInetAddresses$0(295)) - Invalid domain fv-az573-639
2023-08-23 10:52:43,784 [om-CertificateRenewerService] INFO  security.OMCertificateClient (OMCertificateClient.java:getCSRBuilder(114)) - Creating csr for OM->dns:fv-az573-639,ip:10.1.0.17,scmId:18580b20-974b-43c7-ae22-2957ba0f4743,clusterId:3cd1e092-46e9-4395-b828-ae8f71ae5d23,subject:fv-az573-639
2023-08-23 10:52:43,787 [om-CertificateRenewerService] INFO  utils.CertificateCodec (CertificateCodec.java:writeCertificate(299)) - Save certificate to /tmp/junit8593240644928390722/junit7574164184435764958/om-meta/om/certs-next/1645761.crt
2023-08-23 10:52:43,787 [om-CertificateRenewerService] INFO  utils.CertificateCodec (CertificateCodec.java:writeCertificate(300)) - Certificate -----BEGIN CERTIFICATE-----
MIIB4DCCAUmgAwIBAgIDGRzBMA0GCSqGSIb3DQEBCwUAMDUxEjAQBgNVBAMMCWxv
Y2FsaG9zdDENMAsGA1UECwwEdGVzdDEQMA4GA1UECgwHY2x1c3RlcjAeFw0yMzA4
MjMxMDUyNDBaFw0yMzA4MjMxMDUzMDBaMDUxEjAQBgNVBAMMCWxvY2FsaG9zdDEN
MAsGA1UECwwEdGVzdDEQMA4GA1UECgwHY2x1c3RlcjCBnzANBgkqhkiG9w0BAQEF
AAOBjQAwgYkCgYEAr7eWAoi4iaDhfxAWwvMXB2O7NC7cJVW7bJb9P2MyvbBZBg9u
2u31JlEW/z2CPSCVK5f1OA1GywrtNTVfIfuz0vHtD5DZ7zQmKeTEWDV0n8+zIeMX
LfTYl9t/KhX2XQNmgJSPwU0KxJJrSD9YG3sTDLB3sgQUXCfFEVQ6C3tKgfECAwEA
ATANBgkqhkiG9w0BAQsFAAOBgQAXKxB+ZLaIDNv9jSZ0VkSJq7ryCg/U+eg3u87r
3+Yta5gJeO2usdruMdzqfRVGhmAYHRJAihAyoy76PYH8pi1XpB3n/BT2h5415NV5
U7V7i8T9u6YmYrYEhgOvygjF0H5Bwxqg2OUMN96RcUn162cPV5cIfhOEZwKaxUaV
q3jT0w==
-----END CERTIFICATE-----

2023-08-23 10:52:43,788 [om-CertificateRenewerService] INFO  utils.CertificateCodec (CertificateCodec.java:writeCertificate(299)) - Save certificate to /tmp/junit8593240644928390722/junit7574164184435764958/om-meta/om/certs-next/CA-1645761.crt
2023-08-23 10:52:43,788 [om-CertificateRenewerService] INFO  utils.CertificateCodec (CertificateCodec.java:writeCertificate(300)) - Certificate -----BEGIN CERTIFICATE-----
MIIB4DCCAUmgAwIBAgIDGRzBMA0GCSqGSIb3DQEBCwUAMDUxEjAQBgNVBAMMCWxv
Y2FsaG9zdDENMAsGA1UECwwEdGVzdDEQMA4GA1UECgwHY2x1c3RlcjAeFw0yMzA4
MjMxMDUyNDBaFw0yMzA4MjMxMDUzMDBaMDUxEjAQBgNVBAMMCWxvY2FsaG9zdDEN
MAsGA1UECwwEdGVzdDEQMA4GA1UECgwHY2x1c3RlcjCBnzANBgkqhkiG9w0BAQEF
AAOBjQAwgYkCgYEAr7eWAoi4iaDhfxAWwvMXB2O7NC7cJVW7bJb9P2MyvbBZBg9u
2u31JlEW/z2CPSCVK5f1OA1GywrtNTVfIfuz0vHtD5DZ7zQmKeTEWDV0n8+zIeMX
LfTYl9t/KhX2XQNmgJSPwU0KxJJrSD9YG3sTDLB3sgQUXCfFEVQ6C3tKgfECAwEA
ATANBgkqhkiG9w0BAQsFAAOBgQAXKxB+ZLaIDNv9jSZ0VkSJq7ryCg/U+eg3u87r
3+Yta5gJeO2usdruMdzqfRVGhmAYHRJAihAyoy76PYH8pi1XpB3n/BT2h5415NV5
U7V7i8T9u6YmYrYEhgOvygjF0H5Bwxqg2OUMN96RcUn162cPV5cIfhOEZwKaxUaV
q3jT0w==
-----END CERTIFICATE-----

2023-08-23 10:52:43,788 [om-CertificateRenewerService] INFO  security.OMCertificateClient (DefaultCertificateClient.java:updateCertSerialId(1244)) - Certificate serial ID set to 1645761
2023-08-23 10:52:43,789 [om-CertificateRenewerService] INFO  security.OMCertificateClient (DefaultCertificateClient.java:readCertificateFile(237)) - Added certificate   [0]         Version: 3
         SerialNumber: 1625702
             IssuerDN: CN=localhost,OU=test,O=cluster
           Start Date: Wed Aug 23 10:52:20 UTC 2023
           Final Date: Wed Aug 23 10:52:40 UTC 2023
            SubjectDN: CN=localhost,OU=test,O=cluster
           Public Key: RSA Public Key [d1:ec:b6:36:f9:3e:61:c8:53:4e:1c:a7:8c:b6:25:e1:91:9e:94:35],[56:66:d1:a4]
        modulus: 85259a447cc2010add4ed2a444591bce53b53d13848a6136b1672dcdbbb5c0c5fa75fae59135e36782f724eed886670b930ef355d549198fdf201a2b9a0de163e493ac330c8b93d3c38caf99d6f03cd0d5aa0eab2e4190bac7116990b5f8f7bce8aa6ec080b6080f178d04f262cf6fec24abd1d7bf06471bca8868a8d4f0553fdc684a92dc2065bf089474156bd12be82d70c3a72fef2d1303d95037065d3f709c68c44b85c58318284a989e330f17556a0dc61ea037a7e07bc7cad9004a897d61998131c1423212f5a0343bd349d5aa2b57713f44ebc4dd0a429d742166f2724d89e4272bcd7aa2a6510f43684f19dbc63efde092dd266579acb48d2ae62069
public exponent: 10001

  Signature Algorithm: SHA256WITHRSA
            Signature: 648396a468218cd6cc0f40aa948961d0ce96ca74
                       9e15f6090b07bbebb2ce1611a7f2832f6f6b6b1b
                       33e8e9b4ef3e324d224039e1c6015a2c17c58c69
                       1c819dbff0133d470ae83971297eebd129950116
                       dc7053fe01c05cd98184041cde9a3e560392a1e1
                       4c24db6fc9ba81674420d58ec35f2b237e5c44ec
                       7178d4b6a1aafa1bb9c3ac10d7fa52f75b0d9891
                       ae2832ed8aedbeed539fa30ec7c058942bc3362c
                       d6c82665d0477b5d7c0670d609e0109e855b89e2
                       503fbbef0333595fe40267c3ddc6eecbba29ea6c
                       a534e598dedbb9f748086745315bac4e0dfe67d1
                       cf87f62ff8aa80492ba5d5e526d1b90ed4670ce3
                       c4e750deb59022fd1a06de8151b00598
 from file: /tmp/junit8593240644928390722/junit7574164184435764958/om-meta/om/certs/certificate.crt.
2023-08-23 10:52:43,789 [om-CertificateRenewerService] INFO  security.OMCertificateClient (DefaultCertificateClient.java:renewAndStoreKeyAndCertificate(1162)) - Successful renew key and certificate. New certificate 1645761.
2023-08-23 10:52:43,789 [om-CertificateRenewerService] INFO  security.OMCertificateClient (DefaultCertificateClient.java:updateCertSerialId(1244)) - Certificate serial ID set to 1645761
2023-08-23 10:52:43,790 [om-CertificateRenewerService] INFO  security.OMCertificateClient (DefaultCertificateClient.java:readCertificateFile(237)) - Added certificate   [0]         Version: 3
         SerialNumber: 1645761
             IssuerDN: CN=localhost,OU=test,O=cluster
           Start Date: Wed Aug 23 10:52:40 UTC 2023
           Final Date: Wed Aug 23 10:53:00 UTC 2023
            SubjectDN: CN=localhost,OU=test,O=cluster
           Public Key: RSA Public Key [76:9e:cd:d0:05:bc:e8:94:d9:b8:6f:6c:54:7a:20:f4:04:69:16:4c],[56:66:d1:a4]
        modulus: afb7960288b889a0e17f1016c2f3170763bb342edc2555bb6c96fd3f6332bdb059060f6edaedf5265116ff3d823d20952b97f5380d46cb0aed35355f21fbb3d2f1ed0f90d9ef342629e4c45835749fcfb321e3172df4d897db7f2a15f65d036680948fc14d0ac4926b483f581b7b130cb077b204145c27c511543a0b7b4a81f1
public exponent: 10001

  Signature Algorithm: SHA256WITHRSA
            Signature: 172b107e64b6880cdbfd8d2674564489abbaf20a
                       0fd4f9e837bbceebdfe62d6b980978edaeb1daee
                       31dcea7d15468660181d12408a1032a32efa3d81
                       fca62d57a41de7fc14f6879e35e4d57953b57b8b
                       c4fdbba62662b6048603afca08c5d07e41c31aa0
                       d8e50c37de917149f5eb670f5797087e13846702
                       9ac54695ab78d3d3
 from file: /tmp/junit8593240644928390722/junit7574164184435764958/om-meta/om/certs/CA-1645761.crt.
2023-08-23 10:52:43,791 [om-CertificateRenewerService] INFO  security.OMCertificateClient (DefaultCertificateClient.java:readCertificateFile(237)) - Added certificate   [0]         Version: 3
         SerialNumber: 1645761
             IssuerDN: CN=localhost,OU=test,O=cluster
           Start Date: Wed Aug 23 10:52:40 UTC 2023
           Final Date: Wed Aug 23 10:53:00 UTC 2023
            SubjectDN: CN=localhost,OU=test,O=cluster
           Public Key: RSA Public Key [76:9e:cd:d0:05:bc:e8:94:d9:b8:6f:6c:54:7a:20:f4:04:69:16:4c],[56:66:d1:a4]
        modulus: afb7960288b889a0e17f1016c2f3170763bb342edc2555bb6c96fd3f6332bdb059060f6edaedf5265116ff3d823d20952b97f5380d46cb0aed35355f21fbb3d2f1ed0f90d9ef342629e4c45835749fcfb321e3172df4d897db7f2a15f65d036680948fc14d0ac4926b483f581b7b130cb077b204145c27c511543a0b7b4a81f1
public exponent: 10001

  Signature Algorithm: SHA256WITHRSA
            Signature: 172b107e64b6880cdbfd8d2674564489abbaf20a
                       0fd4f9e837bbceebdfe62d6b980978edaeb1daee
                       31dcea7d15468660181d12408a1032a32efa3d81
                       fca62d57a41de7fc14f6879e35e4d57953b57b8b
                       c4fdbba62662b6048603afca08c5d07e41c31aa0
                       d8e50c37de917149f5eb670f5797087e13846702
                       9ac54695ab78d3d3
 from file: /tmp/junit8593240644928390722/junit7574164184435764958/om-meta/om/certs/1645761.crt.
2023-08-23 10:52:43,791 [om-CertificateRenewerService] INFO  security.OMCertificateClient (DefaultCertificateClient.java:reloadKeyAndCertificate(1232)) - Reset and reloaded key and all certificates for new certificate 1645761.
2023-08-23 10:52:44,391 [Time-limited test] INFO  impl.DefaultInternalKdcServerImpl (DefaultInternalKdcServerImpl.java:doStop(102)) - Default Internal kdc server stopped.
2023-08-23 10:52:45,392 [Time-limited test] INFO  minikdc.MiniKdc (MiniKdc.java:stop(359)) - MiniKdc stopped.
]]></system-out>
  </testcase>
  <testcase name="testSecureOMInitializationFailure" classname="org.apache.hadoop.ozone.TestSecureOzoneCluster" time="3.512">
    <system-out><![CDATA[2023-08-23 10:52:45,410 [Time-limited test] INFO  net.ServerSocketUtil (ServerSocketUtil.java:getPort(55)) - Using port 9860
2023-08-23 10:52:45,410 [Time-limited test] INFO  net.ServerSocketUtil (ServerSocketUtil.java:getPort(55)) - Using port 9861
2023-08-23 10:52:45,410 [Time-limited test] INFO  net.ServerSocketUtil (ServerSocketUtil.java:getPort(55)) - Using port 9863
2023-08-23 10:52:45,410 [Time-limited test] INFO  net.ServerSocketUtil (ServerSocketUtil.java:getPort(55)) - Using port 9961
2023-08-23 10:52:45,410 [Time-limited test] INFO  net.ServerSocketUtil (ServerSocketUtil.java:getPort(55)) - Using port 1200
2023-08-23 10:52:45,410 [Time-limited test] INFO  net.ServerSocketUtil (ServerSocketUtil.java:getPort(55)) - Using port 1201
2023-08-23 10:52:45,411 [Time-limited test] INFO  minikdc.MiniKdc (MiniKdc.java:<init>(225)) - Configuration:
2023-08-23 10:52:45,411 [Time-limited test] INFO  minikdc.MiniKdc (MiniKdc.java:<init>(226)) - ---------------------------------------------------------------
2023-08-23 10:52:45,411 [Time-limited test] INFO  minikdc.MiniKdc (MiniKdc.java:<init>(228)) -   debug: false
2023-08-23 10:52:45,411 [Time-limited test] INFO  minikdc.MiniKdc (MiniKdc.java:<init>(228)) -   transport: TCP
2023-08-23 10:52:45,411 [Time-limited test] INFO  minikdc.MiniKdc (MiniKdc.java:<init>(228)) -   max.ticket.lifetime: 86400000
2023-08-23 10:52:45,411 [Time-limited test] INFO  minikdc.MiniKdc (MiniKdc.java:<init>(228)) -   org.name: EXAMPLE
2023-08-23 10:52:45,411 [Time-limited test] INFO  minikdc.MiniKdc (MiniKdc.java:<init>(228)) -   kdc.port: 0
2023-08-23 10:52:45,411 [Time-limited test] INFO  minikdc.MiniKdc (MiniKdc.java:<init>(228)) -   org.domain: COM
2023-08-23 10:52:45,411 [Time-limited test] INFO  minikdc.MiniKdc (MiniKdc.java:<init>(228)) -   max.renewable.lifetime: 604800000
2023-08-23 10:52:45,411 [Time-limited test] INFO  minikdc.MiniKdc (MiniKdc.java:<init>(228)) -   instance: DefaultKrbServer
2023-08-23 10:52:45,411 [Time-limited test] INFO  minikdc.MiniKdc (MiniKdc.java:<init>(228)) -   kdc.bind.address: localhost
2023-08-23 10:52:45,411 [Time-limited test] INFO  minikdc.MiniKdc (MiniKdc.java:<init>(230)) - ---------------------------------------------------------------
2023-08-23 10:52:45,413 [Time-limited test] INFO  minikdc.MiniKdc (MiniKdc.java:start(285)) - MiniKdc started.
2023-08-23 10:52:45,492 [Time-limited test] INFO  om.OzoneManager (OzoneManager.java:getOmDetailsProto(4552)) - OzoneManager ports added:[name: "RPC"
value: 1202
]
2023-08-23 10:52:45,492 [Time-limited test] WARN  server.ServerUtils (ServerUtils.java:getScmDbDir(155)) - ozone.scm.db.dirs is not configured. We recommend adding this setting. Falling back to ozone.metadata.dirs instead.
2023-08-23 10:52:45,493 [Time-limited test] INFO  ha.HASecurityUtils (HASecurityUtils.java:initializeSecurity(98)) - Initializing secure StorageContainerManager.
2023-08-23 10:52:45,494 [Time-limited test] INFO  client.SCMCertificateClient (DefaultCertificateClient.java:updateCertSerialId(1244)) - Certificate serial ID set to null
2023-08-23 10:52:45,494 [Time-limited test] ERROR client.SCMCertificateClient (DefaultCertificateClient.java:getCertPath(362)) - Default certificate serial id is not set. Can't locate the default certificate for this client.
2023-08-23 10:52:45,494 [Time-limited test] INFO  client.SCMCertificateClient (DefaultCertificateClient.java:init(715)) - Certificate client init case: 0
2023-08-23 10:52:45,494 [Time-limited test] INFO  client.SCMCertificateClient (SCMCertificateClient.java:handleCase(103)) - Creating keypair for client as keypair and certificate not found.
2023-08-23 10:52:45,582 [Time-limited test] INFO  ha.HASecurityUtils (HASecurityUtils.java:initializeSecurity(108)) - Init response: GETCERT
2023-08-23 10:52:45,756 [Time-limited test] INFO  ozone.OzoneSecurityUtil (OzoneSecurityUtil.java:getValidInetsForCurrentHost(119)) - ip:fe80:0:0:0:20d:3aff:fe5a:f85d%eth0 not returned.
2023-08-23 10:52:45,756 [Time-limited test] INFO  ozone.OzoneSecurityUtil (OzoneSecurityUtil.java:getValidInetsForCurrentHost(116)) - Adding ip:10.1.0.17,host:fv-az573-639
2023-08-23 10:52:45,756 [Time-limited test] INFO  ozone.OzoneSecurityUtil (OzoneSecurityUtil.java:getValidInetsForCurrentHost(119)) - ip:0:0:0:0:0:0:0:1%lo not returned.
2023-08-23 10:52:45,756 [Time-limited test] INFO  ozone.OzoneSecurityUtil (OzoneSecurityUtil.java:getValidInetsForCurrentHost(119)) - ip:127.0.0.1 not returned.
2023-08-23 10:52:45,756 [Time-limited test] ERROR utils.SelfSignedCertificate (SelfSignedCertificate.java:lambda$addInetAddresses$0(244)) - Invalid domain fv-az573-639
2023-08-23 10:52:45,759 [Time-limited test] INFO  utils.SelfSignedCertificate (SelfSignedCertificate.java:generateCertificate(157)) - Certificate 1 is issued by CN=scm-1@fv-az573-639,OU=5aa2b7cc-15ef-46a3-b038-d23891582be1,O=61eb49f2-32b7-429b-9e34-935a58986bae to CN=scm-1@fv-az573-639,OU=5aa2b7cc-15ef-46a3-b038-d23891582be1,O=61eb49f2-32b7-429b-9e34-935a58986bae, valid from Wed Aug 23 10:52:45 UTC 2023 to Sat Sep 30 10:52:45 UTC 2028
2023-08-23 10:52:45,760 [Time-limited test] INFO  utils.CertificateCodec (CertificateCodec.java:writeCertificate(299)) - Save certificate to /tmp/junit9010886865222830630/junit2209346780757571129/scm-meta/scm/ca/certs/certificate.crt
2023-08-23 10:52:45,760 [Time-limited test] INFO  utils.CertificateCodec (CertificateCodec.java:writeCertificate(300)) - Certificate -----BEGIN CERTIFICATE-----
MIIDpTCCAo2gAwIBAgIBATANBgkqhkiG9w0BAQsFADB7MRswGQYDVQQDDBJzY20t
MUBmdi1hejU3My02MzkxLTArBgNVBAsMJDVhYTJiN2NjLTE1ZWYtNDZhMy1iMDM4
LWQyMzg5MTU4MmJlMTEtMCsGA1UECgwkNjFlYjQ5ZjItMzJiNy00MjliLTllMzQt
OTM1YTU4OTg2YmFlMB4XDTIzMDgyMzEwNTI0NVoXDTI4MDkzMDEwNTI0NVowezEb
MBkGA1UEAwwSc2NtLTFAZnYtYXo1NzMtNjM5MS0wKwYDVQQLDCQ1YWEyYjdjYy0x
NWVmLTQ2YTMtYjAzOC1kMjM4OTE1ODJiZTExLTArBgNVBAoMJDYxZWI0OWYyLTMy
YjctNDI5Yi05ZTM0LTkzNWE1ODk4NmJhZTCCASIwDQYJKoZIhvcNAQEBBQADggEP
ADCCAQoCggEBAKvHuJXTY7TUTd1DkU84nT5C/gW9O+tcjnFgqYtvDKxdOaaV+wdN
5bL5+kqlOoevrqLTqfjoonjazv+Gphk5rN11/9exzQv4q8W5Ma+2Y3XWBq1eXZsE
dhCPEoid24a515J1DWNAJvASSWB5Jd1Erq7OvQHmLtpLYkjGWvdtgvR/ZE940OvH
zVpTW2a6WdtHLmnBCAmcX32V+jHp/zr5uP/tB7GV3GkiA0LViFzoLUQNxCUTrx4W
oxAxYmL/XixLOgx/qrYwkimyXw9GpdpX8p5B/UKbEkGSYTw9ppjmtkKO1PMLFx/D
eBJ3A1zgVEWGyXM+VJHlXncDhfZ/0w3PR3ECAwEAAaM0MDIwDwYDVR0TAQH/BAUw
AwEB/zAOBgNVHQ8BAf8EBAMCAQYwDwYDVR0RBAgwBocECgEAETANBgkqhkiG9w0B
AQsFAAOCAQEATv14TGkFZQJjfvntfWQOEzW/4PEgMzL99qf0rwq1ISE5uUxtl9r3
nI0xDJ0+ZzLft+Ge4vN2Ot6yHNyu8+JSIWhJgBzUfUza5PHKelCl+gUTwC+UogMl
PfPVRkYVd8ysuc4dqL4WL9T7mUByJeivlqjpt+lVB94CetfNB4etaIevrlP3WRbp
FZ27AU4PY8yPd/3uHci+jFByUhtoV4iaLQCJlT/DmxkPwp4kVSC+rfB2DmaYTO+4
TUKlOmBz3LPs0Nhi7mcDRSkBVfylT1c6/0R/4rGH5kQfyjS1d1wvNKWzvSKpUYxX
CLukpDwXPMw5ENgrzh7hs7QXpGWCrqyoIQ==
-----END CERTIFICATE-----

2023-08-23 10:52:45,761 [Time-limited test] INFO  client.SCMCertificateClient (SCMCertificateClient.java:getCSRBuilder(165)) - Creating csr for SCM->hostName:fv-az573-639,scmId:5aa2b7cc-15ef-46a3-b038-d23891582be1,clusterId:61eb49f2-32b7-429b-9e34-935a58986bae,subject:scm-sub-1651134282964@fv-az573-639
2023-08-23 10:52:45,761 [Time-limited test] INFO  ozone.OzoneSecurityUtil (OzoneSecurityUtil.java:getValidInetsForCurrentHost(119)) - ip:fe80:0:0:0:20d:3aff:fe5a:f85d%eth0 not returned.
2023-08-23 10:52:45,761 [Time-limited test] INFO  ozone.OzoneSecurityUtil (OzoneSecurityUtil.java:getValidInetsForCurrentHost(116)) - Adding ip:10.1.0.17,host:fv-az573-639
2023-08-23 10:52:45,761 [Time-limited test] INFO  ozone.OzoneSecurityUtil (OzoneSecurityUtil.java:getValidInetsForCurrentHost(119)) - ip:0:0:0:0:0:0:0:1%lo not returned.
2023-08-23 10:52:45,761 [Time-limited test] INFO  ozone.OzoneSecurityUtil (OzoneSecurityUtil.java:getValidInetsForCurrentHost(119)) - ip:127.0.0.1 not returned.
2023-08-23 10:52:45,761 [Time-limited test] ERROR utils.CertificateSignRequest (CertificateSignRequest.java:lambda$addInetAddresses$0(295)) - Invalid domain fv-az573-639
2023-08-23 10:52:45,761 [Time-limited test] INFO  ha.HASecurityUtils (HASecurityUtils.java:generateCSR(308)) - Creating csr for SCM->hostName:fv-az573-639,scmId:5aa2b7cc-15ef-46a3-b038-d23891582be1,clusterId:61eb49f2-32b7-429b-9e34-935a58986bae,subject:scm-sub-1651134962072@fv-az573-639
2023-08-23 10:52:45,765 [Time-limited test] INFO  authority.DefaultApprover (DefaultApprover.java:sign(154)) - Extensions in CSR: 2.5.29.19, 2.5.29.15, 2.5.29.17
2023-08-23 10:52:45,765 [Time-limited test] INFO  authority.DefaultApprover (DefaultApprover.java:sign(158)) - Extensions to add to the certificate if they present in CSR: 2.5.29.17, 2.5.29.19, 1.3.6.1.5.5.7.1.12, 2.5.29.35, 2.5.29.37, 2.5.29.15
2023-08-23 10:52:45,768 [Time-limited test] INFO  utils.CertificateCodec (CertificateCodec.java:writeCertificate(299)) - Save certificate to /tmp/junit9010886865222830630/junit2209346780757571129/scm-meta/scm/sub-ca/certs/CA-1.crt
2023-08-23 10:52:45,768 [Time-limited test] INFO  utils.CertificateCodec (CertificateCodec.java:writeCertificate(300)) - Certificate -----BEGIN CERTIFICATE-----
MIIDpTCCAo2gAwIBAgIBATANBgkqhkiG9w0BAQsFADB7MRswGQYDVQQDDBJzY20t
MUBmdi1hejU3My02MzkxLTArBgNVBAsMJDVhYTJiN2NjLTE1ZWYtNDZhMy1iMDM4
LWQyMzg5MTU4MmJlMTEtMCsGA1UECgwkNjFlYjQ5ZjItMzJiNy00MjliLTllMzQt
OTM1YTU4OTg2YmFlMB4XDTIzMDgyMzEwNTI0NVoXDTI4MDkzMDEwNTI0NVowezEb
MBkGA1UEAwwSc2NtLTFAZnYtYXo1NzMtNjM5MS0wKwYDVQQLDCQ1YWEyYjdjYy0x
NWVmLTQ2YTMtYjAzOC1kMjM4OTE1ODJiZTExLTArBgNVBAoMJDYxZWI0OWYyLTMy
YjctNDI5Yi05ZTM0LTkzNWE1ODk4NmJhZTCCASIwDQYJKoZIhvcNAQEBBQADggEP
ADCCAQoCggEBAKvHuJXTY7TUTd1DkU84nT5C/gW9O+tcjnFgqYtvDKxdOaaV+wdN
5bL5+kqlOoevrqLTqfjoonjazv+Gphk5rN11/9exzQv4q8W5Ma+2Y3XWBq1eXZsE
dhCPEoid24a515J1DWNAJvASSWB5Jd1Erq7OvQHmLtpLYkjGWvdtgvR/ZE940OvH
zVpTW2a6WdtHLmnBCAmcX32V+jHp/zr5uP/tB7GV3GkiA0LViFzoLUQNxCUTrx4W
oxAxYmL/XixLOgx/qrYwkimyXw9GpdpX8p5B/UKbEkGSYTw9ppjmtkKO1PMLFx/D
eBJ3A1zgVEWGyXM+VJHlXncDhfZ/0w3PR3ECAwEAAaM0MDIwDwYDVR0TAQH/BAUw
AwEB/zAOBgNVHQ8BAf8EBAMCAQYwDwYDVR0RBAgwBocECgEAETANBgkqhkiG9w0B
AQsFAAOCAQEATv14TGkFZQJjfvntfWQOEzW/4PEgMzL99qf0rwq1ISE5uUxtl9r3
nI0xDJ0+ZzLft+Ge4vN2Ot6yHNyu8+JSIWhJgBzUfUza5PHKelCl+gUTwC+UogMl
PfPVRkYVd8ysuc4dqL4WL9T7mUByJeivlqjpt+lVB94CetfNB4etaIevrlP3WRbp
FZ27AU4PY8yPd/3uHci+jFByUhtoV4iaLQCJlT/DmxkPwp4kVSC+rfB2DmaYTO+4
TUKlOmBz3LPs0Nhi7mcDRSkBVfylT1c6/0R/4rGH5kQfyjS1d1wvNKWzvSKpUYxX
CLukpDwXPMw5ENgrzh7hs7QXpGWCrqyoIQ==
-----END CERTIFICATE-----

2023-08-23 10:52:45,769 [Time-limited test] INFO  utils.CertificateCodec (CertificateCodec.java:writeCertificate(299)) - Save certificate to /tmp/junit9010886865222830630/junit2209346780757571129/scm-meta/scm/sub-ca/certs/1651138224409.crt
2023-08-23 10:52:45,769 [Time-limited test] INFO  utils.CertificateCodec (CertificateCodec.java:writeCertificate(300)) - Certificate -----BEGIN CERTIFICATE-----
MIIDuzCCAqOgAwIBAgIGAYBvgeEZMA0GCSqGSIb3DQEBCwUAMHsxGzAZBgNVBAMM
EnNjbS0xQGZ2LWF6NTczLTYzOTEtMCsGA1UECwwkNWFhMmI3Y2MtMTVlZi00NmEz
LWIwMzgtZDIzODkxNTgyYmUxMS0wKwYDVQQKDCQ2MWViNDlmMi0zMmI3LTQyOWIt
OWUzNC05MzVhNTg5ODZiYWUwHhcNMjMwODIzMTA1MjQ1WhcNMjgwOTMwMTA1MjQ1
WjCBizErMCkGA1UEAwwic2NtLXN1Yi0xNjUxMTM0OTYyMDcyQGZ2LWF6NTczLTYz
OTEtMCsGA1UECwwkNWFhMmI3Y2MtMTVlZi00NmEzLWIwMzgtZDIzODkxNTgyYmUx
MS0wKwYDVQQKDCQ2MWViNDlmMi0zMmI3LTQyOWItOWUzNC05MzVhNTg5ODZiYWUw
ggEiMA0GCSqGSIb3DQEBAQUAA4IBDwAwggEKAoIBAQDPhDUcUZjCnWlpeFDm+m/v
phMVsfwu8iKNyW6c+K3jlz0J/WB9yxEAV9T+m7ZBgBK2XTHBd47yxT12J20OLTaz
Umb5eq3X8avdrt/XiXScnHmtNvNa5/O+r5Xk8hDezHDwAmJCZkIamwP3HGPMUtZQ
DhQvR4H5CVTuzX88J+VihVJ50OvZdRDVk0Lbm1JlIE1nMQ4is4ve6NJ3oSGSDhfv
CpFuqlreMYhyfL4tFpSYneb64N8N3TD1RGX+A7RbEv8b9DhJAbeCO3tO2tLBPVKG
+Ldkw0U95iylfDoHMBhs1LnoiVv67SHDqteYojVb8LxR291bcVvEyineFo5eiEZ9
AgMBAAGjNDAyMA8GA1UdEQQIMAaHBAoBABEwDwYDVR0TAQH/BAUwAwEB/zAOBgNV
HQ8BAf8EBAMCAb4wDQYJKoZIhvcNAQELBQADggEBACh6QmdBv0RIkhw1elraPZfd
e1XYbxd6pv9LFcm128zBs9zD6kuogpc9wPuw3rg3ElGH9xWBC+Z3Q/41G2HaMHQX
ccNE6BDoVLmz0hZeJ0ZsnoXH+6g1JVeyMKq9lA8MaWJ3dfWX7nweoYCrKwwArgk5
aGXR8h3skx3VFoDJqxB+pnLhzCR4B0FERHAB/V2vxGF2sBYBeyeaHx7+RM2Pxh9d
TP++yYxB60lsWkdoynwont1d9JIIx+F6QfLLXe/rsl5BjLdGIGiniTLLBg1G2PTm
+aJ+xwl3jQCsch580WPrEZuQPobhjYU/hZRM4/8yg9MiKDd/mI5LJRMc58PzLwc=
-----END CERTIFICATE-----

-----BEGIN CERTIFICATE-----
MIIDpTCCAo2gAwIBAgIBATANBgkqhkiG9w0BAQsFADB7MRswGQYDVQQDDBJzY20t
MUBmdi1hejU3My02MzkxLTArBgNVBAsMJDVhYTJiN2NjLTE1ZWYtNDZhMy1iMDM4
LWQyMzg5MTU4MmJlMTEtMCsGA1UECgwkNjFlYjQ5ZjItMzJiNy00MjliLTllMzQt
OTM1YTU4OTg2YmFlMB4XDTIzMDgyMzEwNTI0NVoXDTI4MDkzMDEwNTI0NVowezEb
MBkGA1UEAwwSc2NtLTFAZnYtYXo1NzMtNjM5MS0wKwYDVQQLDCQ1YWEyYjdjYy0x
NWVmLTQ2YTMtYjAzOC1kMjM4OTE1ODJiZTExLTArBgNVBAoMJDYxZWI0OWYyLTMy
YjctNDI5Yi05ZTM0LTkzNWE1ODk4NmJhZTCCASIwDQYJKoZIhvcNAQEBBQADggEP
ADCCAQoCggEBAKvHuJXTY7TUTd1DkU84nT5C/gW9O+tcjnFgqYtvDKxdOaaV+wdN
5bL5+kqlOoevrqLTqfjoonjazv+Gphk5rN11/9exzQv4q8W5Ma+2Y3XWBq1eXZsE
dhCPEoid24a515J1DWNAJvASSWB5Jd1Erq7OvQHmLtpLYkjGWvdtgvR/ZE940OvH
zVpTW2a6WdtHLmnBCAmcX32V+jHp/zr5uP/tB7GV3GkiA0LViFzoLUQNxCUTrx4W
oxAxYmL/XixLOgx/qrYwkimyXw9GpdpX8p5B/UKbEkGSYTw9ppjmtkKO1PMLFx/D
eBJ3A1zgVEWGyXM+VJHlXncDhfZ/0w3PR3ECAwEAAaM0MDIwDwYDVR0TAQH/BAUw
AwEB/zAOBgNVHQ8BAf8EBAMCAQYwDwYDVR0RBAgwBocECgEAETANBgkqhkiG9w0B
AQsFAAOCAQEATv14TGkFZQJjfvntfWQOEzW/4PEgMzL99qf0rwq1ISE5uUxtl9r3
nI0xDJ0+ZzLft+Ge4vN2Ot6yHNyu8+JSIWhJgBzUfUza5PHKelCl+gUTwC+UogMl
PfPVRkYVd8ysuc4dqL4WL9T7mUByJeivlqjpt+lVB94CetfNB4etaIevrlP3WRbp
FZ27AU4PY8yPd/3uHci+jFByUhtoV4iaLQCJlT/DmxkPwp4kVSC+rfB2DmaYTO+4
TUKlOmBz3LPs0Nhi7mcDRSkBVfylT1c6/0R/4rGH5kQfyjS1d1wvNKWzvSKpUYxX
CLukpDwXPMw5ENgrzh7hs7QXpGWCrqyoIQ==
-----END CERTIFICATE-----

2023-08-23 10:52:45,769 [Time-limited test] INFO  utils.CertificateCodec (CertificateCodec.java:writeCertificate(299)) - Save certificate to /tmp/junit9010886865222830630/junit2209346780757571129/scm-meta/scm/sub-ca/certs/certificate.crt
2023-08-23 10:52:45,769 [Time-limited test] INFO  utils.CertificateCodec (CertificateCodec.java:writeCertificate(300)) - Certificate -----BEGIN CERTIFICATE-----
MIIDuzCCAqOgAwIBAgIGAYBvgeEZMA0GCSqGSIb3DQEBCwUAMHsxGzAZBgNVBAMM
EnNjbS0xQGZ2LWF6NTczLTYzOTEtMCsGA1UECwwkNWFhMmI3Y2MtMTVlZi00NmEz
LWIwMzgtZDIzODkxNTgyYmUxMS0wKwYDVQQKDCQ2MWViNDlmMi0zMmI3LTQyOWIt
OWUzNC05MzVhNTg5ODZiYWUwHhcNMjMwODIzMTA1MjQ1WhcNMjgwOTMwMTA1MjQ1
WjCBizErMCkGA1UEAwwic2NtLXN1Yi0xNjUxMTM0OTYyMDcyQGZ2LWF6NTczLTYz
OTEtMCsGA1UECwwkNWFhMmI3Y2MtMTVlZi00NmEzLWIwMzgtZDIzODkxNTgyYmUx
MS0wKwYDVQQKDCQ2MWViNDlmMi0zMmI3LTQyOWItOWUzNC05MzVhNTg5ODZiYWUw
ggEiMA0GCSqGSIb3DQEBAQUAA4IBDwAwggEKAoIBAQDPhDUcUZjCnWlpeFDm+m/v
phMVsfwu8iKNyW6c+K3jlz0J/WB9yxEAV9T+m7ZBgBK2XTHBd47yxT12J20OLTaz
Umb5eq3X8avdrt/XiXScnHmtNvNa5/O+r5Xk8hDezHDwAmJCZkIamwP3HGPMUtZQ
DhQvR4H5CVTuzX88J+VihVJ50OvZdRDVk0Lbm1JlIE1nMQ4is4ve6NJ3oSGSDhfv
CpFuqlreMYhyfL4tFpSYneb64N8N3TD1RGX+A7RbEv8b9DhJAbeCO3tO2tLBPVKG
+Ldkw0U95iylfDoHMBhs1LnoiVv67SHDqteYojVb8LxR291bcVvEyineFo5eiEZ9
AgMBAAGjNDAyMA8GA1UdEQQIMAaHBAoBABEwDwYDVR0TAQH/BAUwAwEB/zAOBgNV
HQ8BAf8EBAMCAb4wDQYJKoZIhvcNAQELBQADggEBACh6QmdBv0RIkhw1elraPZfd
e1XYbxd6pv9LFcm128zBs9zD6kuogpc9wPuw3rg3ElGH9xWBC+Z3Q/41G2HaMHQX
ccNE6BDoVLmz0hZeJ0ZsnoXH+6g1JVeyMKq9lA8MaWJ3dfWX7nweoYCrKwwArgk5
aGXR8h3skx3VFoDJqxB+pnLhzCR4B0FERHAB/V2vxGF2sBYBeyeaHx7+RM2Pxh9d
TP++yYxB60lsWkdoynwont1d9JIIx+F6QfLLXe/rsl5BjLdGIGiniTLLBg1G2PTm
+aJ+xwl3jQCsch580WPrEZuQPobhjYU/hZRM4/8yg9MiKDd/mI5LJRMc58PzLwc=
-----END CERTIFICATE-----

-----BEGIN CERTIFICATE-----
MIIDpTCCAo2gAwIBAgIBATANBgkqhkiG9w0BAQsFADB7MRswGQYDVQQDDBJzY20t
MUBmdi1hejU3My02MzkxLTArBgNVBAsMJDVhYTJiN2NjLTE1ZWYtNDZhMy1iMDM4
LWQyMzg5MTU4MmJlMTEtMCsGA1UECgwkNjFlYjQ5ZjItMzJiNy00MjliLTllMzQt
OTM1YTU4OTg2YmFlMB4XDTIzMDgyMzEwNTI0NVoXDTI4MDkzMDEwNTI0NVowezEb
MBkGA1UEAwwSc2NtLTFAZnYtYXo1NzMtNjM5MS0wKwYDVQQLDCQ1YWEyYjdjYy0x
NWVmLTQ2YTMtYjAzOC1kMjM4OTE1ODJiZTExLTArBgNVBAoMJDYxZWI0OWYyLTMy
YjctNDI5Yi05ZTM0LTkzNWE1ODk4NmJhZTCCASIwDQYJKoZIhvcNAQEBBQADggEP
ADCCAQoCggEBAKvHuJXTY7TUTd1DkU84nT5C/gW9O+tcjnFgqYtvDKxdOaaV+wdN
5bL5+kqlOoevrqLTqfjoonjazv+Gphk5rN11/9exzQv4q8W5Ma+2Y3XWBq1eXZsE
dhCPEoid24a515J1DWNAJvASSWB5Jd1Erq7OvQHmLtpLYkjGWvdtgvR/ZE940OvH
zVpTW2a6WdtHLmnBCAmcX32V+jHp/zr5uP/tB7GV3GkiA0LViFzoLUQNxCUTrx4W
oxAxYmL/XixLOgx/qrYwkimyXw9GpdpX8p5B/UKbEkGSYTw9ppjmtkKO1PMLFx/D
eBJ3A1zgVEWGyXM+VJHlXncDhfZ/0w3PR3ECAwEAAaM0MDIwDwYDVR0TAQH/BAUw
AwEB/zAOBgNVHQ8BAf8EBAMCAQYwDwYDVR0RBAgwBocECgEAETANBgkqhkiG9w0B
AQsFAAOCAQEATv14TGkFZQJjfvntfWQOEzW/4PEgMzL99qf0rwq1ISE5uUxtl9r3
nI0xDJ0+ZzLft+Ge4vN2Ot6yHNyu8+JSIWhJgBzUfUza5PHKelCl+gUTwC+UogMl
PfPVRkYVd8ysuc4dqL4WL9T7mUByJeivlqjpt+lVB94CetfNB4etaIevrlP3WRbp
FZ27AU4PY8yPd/3uHci+jFByUhtoV4iaLQCJlT/DmxkPwp4kVSC+rfB2DmaYTO+4
TUKlOmBz3LPs0Nhi7mcDRSkBVfylT1c6/0R/4rGH5kQfyjS1d1wvNKWzvSKpUYxX
CLukpDwXPMw5ENgrzh7hs7QXpGWCrqyoIQ==
-----END CERTIFICATE-----

2023-08-23 10:52:45,769 [Time-limited test] INFO  ha.HASecurityUtils (HASecurityUtils.java:initializeSecurity(121)) - Successfully stored SCM signed certificate.
2023-08-23 10:52:45,772 [Time-limited test] WARN  server.ServerUtils (ServerUtils.java:getScmDbDir(155)) - ozone.scm.db.dirs is not configured. We recommend adding this setting. Falling back to ozone.metadata.dirs instead.
2023-08-23 10:52:45,772 [Time-limited test] INFO  ha.SCMHANodeDetails (SCMHANodeDetails.java:loadSCMHAConfig(210)) - ServiceID for StorageContainerManager is null
2023-08-23 10:52:45,772 [Time-limited test] INFO  ha.SCMHANodeDetails (SCMHANodeDetails.java:loadSCMHAConfig(215)) - ozone.scm.default.service.id is not defined, falling back to ozone.scm.service.ids to find serviceID for StorageContainerManager if it is HA enabled cluster
2023-08-23 10:52:45,775 [pool-456-thread-1] INFO  request.KdcRequest (KdcRequest.java:preauth(651)) - The preauth data is empty.
2023-08-23 10:52:45,775 [pool-456-thread-1] INFO  server.KdcHandler (KdcHandler.java:handleRecoverableException(177)) - KRB error occurred while processing request:Additional pre-authentication required
2023-08-23 10:52:45,778 [pool-456-thread-2] INFO  request.AsRequest (AsRequest.java:issueTicket(112)) - AS_REQ ISSUE: authtime 1692787965778,scm/fv-az573-639@EXAMPLE.COM for krbtgt/EXAMPLE.COM@EXAMPLE.COM
2023-08-23 10:52:45,779 [Time-limited test] INFO  security.UserGroupInformation (UserGroupInformation.java:loginUserFromKeytab(1132)) - Login successful for user scm/fv-az573-639@EXAMPLE.COM using keytab file scm.keytab. Keytab auto renewal enabled : false
2023-08-23 10:52:45,779 [Time-limited test] INFO  server.StorageContainerManager (StorageContainerManager.java:loginAsSCMUserIfSecurityEnabled(1042)) - SCM login successful.
2023-08-23 10:52:45,780 [Time-limited test] INFO  client.SCMCertificateClient (DefaultCertificateClient.java:updateCertSerialId(1244)) - Certificate serial ID set to 1651138224409
2023-08-23 10:52:45,781 [Time-limited test] INFO  client.SCMCertificateClient (DefaultCertificateClient.java:readCertificateFile(237)) - Added certificate   [0]         Version: 3
         SerialNumber: 1
             IssuerDN: CN=scm-1@fv-az573-639,OU=5aa2b7cc-15ef-46a3-b038-d23891582be1,O=61eb49f2-32b7-429b-9e34-935a58986bae
           Start Date: Wed Aug 23 10:52:45 UTC 2023
           Final Date: Sat Sep 30 10:52:45 UTC 2028
            SubjectDN: CN=scm-1@fv-az573-639,OU=5aa2b7cc-15ef-46a3-b038-d23891582be1,O=61eb49f2-32b7-429b-9e34-935a58986bae
           Public Key: RSA Public Key [24:ea:bf:11:63:d8:ca:9d:3f:8e:c4:ed:0c:ca:23:08:e3:15:20:4b],[56:66:d1:a4]
        modulus: abc7b895d363b4d44ddd43914f389d3e42fe05bd3beb5c8e7160a98b6f0cac5d39a695fb074de5b2f9fa4aa53a87afaea2d3a9f8e8a278daceff86a61939acdd75ffd7b1cd0bf8abc5b931afb66375d606ad5e5d9b0476108f12889ddb86b9d792750d634026f01249607925dd44aeaecebd01e62eda4b6248c65af76d82f47f644f78d0ebc7cd5a535b66ba59db472e69c108099c5f7d95fa31e9ff3af9b8ffed07b195dc69220342d5885ce82d440dc42513af1e16a310316262ff5e2c4b3a0c7faab6309229b25f0f46a5da57f29e41fd429b124192613c3da698e6b6428ed4f30b171fc3781277035ce0544586c9733e5491e55e770385f67fd30dcf4771
public exponent: 10001

  Signature Algorithm: SHA256WITHRSA
            Signature: 4efd784c69056502637ef9ed7d640e1335bfe0f1
                       203332fdf6a7f4af0ab5212139b94c6d97daf79c
                       8d310c9d3e6732dfb7e19ee2f3763adeb21cdcae
                       f3e252216849801cd47d4cdae4f1ca7a50a5fa05
                       13c02f94a203253df3d546461577ccacb9ce1da8
                       be162fd4fb99407225e8af96a8e9b7e95507de02
                       7ad7cd0787ad6887afae53f75916e9159dbb014e
                       0f63cc8f77fdee1dc8be8c5072521b6857889a2d
                       0089953fc39b190fc29e245520beadf0760e6698
                       4cefb84d42a53a6073dcb3ecd0d862ee67034529
                       0155fca54f573aff447fe2b187e6441fca34b577
                       5c2f34a5b3bd22a9518c5708bba4a43c173ccc39
                       10d82bce1ee1b3b417a46582aeaca821
       Extensions: 
                       critical(true) BasicConstraints: isCa(true)
                       critical(true) KeyUsage: 0x6
                       critical(false) 2.5.29.17 value = Sequence
    Tagged [7] IMPLICIT 
        DER Octet String[4] 

 from file: /tmp/junit9010886865222830630/junit2209346780757571129/scm-meta/scm/sub-ca/certs/CA-1.crt.
2023-08-23 10:52:45,782 [Time-limited test] INFO  client.SCMCertificateClient (DefaultCertificateClient.java:readCertificateFile(237)) - Added certificate   [0]         Version: 3
         SerialNumber: 1651138224409
             IssuerDN: CN=scm-1@fv-az573-639,OU=5aa2b7cc-15ef-46a3-b038-d23891582be1,O=61eb49f2-32b7-429b-9e34-935a58986bae
           Start Date: Wed Aug 23 10:52:45 UTC 2023
           Final Date: Sat Sep 30 10:52:45 UTC 2028
            SubjectDN: CN=scm-sub-1651134962072@fv-az573-639,OU=5aa2b7cc-15ef-46a3-b038-d23891582be1,O=61eb49f2-32b7-429b-9e34-935a58986bae
           Public Key: RSA Public Key [36:bd:5e:f3:52:29:47:cf:c9:0a:48:67:e8:15:fe:f5:c0:b8:a6:f3],[56:66:d1:a4]
        modulus: cf84351c5198c29d69697850e6fa6fefa61315b1fc2ef2228dc96e9cf8ade3973d09fd607dcb110057d4fe9bb6418012b65d31c1778ef2c53d76276d0e2d36b35266f97aadd7f1abddaedfd789749c9c79ad36f35ae7f3beaf95e4f210decc70f002624266421a9b03f71c63cc52d6500e142f4781f90954eecd7f3c27e562855279d0ebd97510d59342db9b5265204d67310e22b38bdee8d277a121920e17ef0a916eaa5ade3188727cbe2d1694989de6fae0df0ddd30f54465fe03b45b12ff1bf4384901b7823b7b4edad2c13d5286f8b764c3453de62ca57c3a0730186cd4b9e8895bfaed21c3aad798a2355bf0bc51dbdd5b715bc4ca29de168e5e88467d
public exponent: 10001

  Signature Algorithm: SHA256WITHRSA
            Signature: 287a426741bf4448921c357a5ada3d97dd7b55d8
                       6f177aa6ff4b15c9b5dbccc1b3dcc3ea4ba88297
                       3dc0fbb0deb837125187f715810be67743fe351b
                       61da30741771c344e810e854b9b3d2165e27466c
                       9e85c7fba8352557b230aabd940f0c69627775f5
                       97ee7c1ea180ab2b0c00ae09396865d1f21dec93
                       1dd51680c9ab107ea672e1cc2478074144447001
                       fd5dafc46176b016017b279a1f1efe44cd8fc61f
                       5d4cffbec98c41eb496c5a4768ca7c289edd5df4
                       9208c7e17a41f2cb5defebb25e418cb7462068a7
                       8932cb060d46d8f4e6f9a27ec709778d00ac721e
                       7cd163eb119b903e86e18d853f85944ce3ff3283
                       d32228377f988e4b25131ce7c3f32f07
       Extensions: 
                       critical(false) 2.5.29.17 value = Sequence
    Tagged [7] IMPLICIT 
        DER Octet String[4] 

                       critical(true) BasicConstraints: isCa(true)
                       critical(true) KeyUsage: 0xbe
 from file: /tmp/junit9010886865222830630/junit2209346780757571129/scm-meta/scm/sub-ca/certs/1651138224409.crt.
2023-08-23 10:52:45,783 [Time-limited test] INFO  client.SCMCertificateClient (DefaultCertificateClient.java:readCertificateFile(237)) - Added certificate   [0]         Version: 3
         SerialNumber: 1651138224409
             IssuerDN: CN=scm-1@fv-az573-639,OU=5aa2b7cc-15ef-46a3-b038-d23891582be1,O=61eb49f2-32b7-429b-9e34-935a58986bae
           Start Date: Wed Aug 23 10:52:45 UTC 2023
           Final Date: Sat Sep 30 10:52:45 UTC 2028
            SubjectDN: CN=scm-sub-1651134962072@fv-az573-639,OU=5aa2b7cc-15ef-46a3-b038-d23891582be1,O=61eb49f2-32b7-429b-9e34-935a58986bae
           Public Key: RSA Public Key [36:bd:5e:f3:52:29:47:cf:c9:0a:48:67:e8:15:fe:f5:c0:b8:a6:f3],[56:66:d1:a4]
        modulus: cf84351c5198c29d69697850e6fa6fefa61315b1fc2ef2228dc96e9cf8ade3973d09fd607dcb110057d4fe9bb6418012b65d31c1778ef2c53d76276d0e2d36b35266f97aadd7f1abddaedfd789749c9c79ad36f35ae7f3beaf95e4f210decc70f002624266421a9b03f71c63cc52d6500e142f4781f90954eecd7f3c27e562855279d0ebd97510d59342db9b5265204d67310e22b38bdee8d277a121920e17ef0a916eaa5ade3188727cbe2d1694989de6fae0df0ddd30f54465fe03b45b12ff1bf4384901b7823b7b4edad2c13d5286f8b764c3453de62ca57c3a0730186cd4b9e8895bfaed21c3aad798a2355bf0bc51dbdd5b715bc4ca29de168e5e88467d
public exponent: 10001

  Signature Algorithm: SHA256WITHRSA
            Signature: 287a426741bf4448921c357a5ada3d97dd7b55d8
                       6f177aa6ff4b15c9b5dbccc1b3dcc3ea4ba88297
                       3dc0fbb0deb837125187f715810be67743fe351b
                       61da30741771c344e810e854b9b3d2165e27466c
                       9e85c7fba8352557b230aabd940f0c69627775f5
                       97ee7c1ea180ab2b0c00ae09396865d1f21dec93
                       1dd51680c9ab107ea672e1cc2478074144447001
                       fd5dafc46176b016017b279a1f1efe44cd8fc61f
                       5d4cffbec98c41eb496c5a4768ca7c289edd5df4
                       9208c7e17a41f2cb5defebb25e418cb7462068a7
                       8932cb060d46d8f4e6f9a27ec709778d00ac721e
                       7cd163eb119b903e86e18d853f85944ce3ff3283
                       d32228377f988e4b25131ce7c3f32f07
       Extensions: 
                       critical(false) 2.5.29.17 value = Sequence
    Tagged [7] IMPLICIT 
        DER Octet String[4] 

                       critical(true) BasicConstraints: isCa(true)
                       critical(true) KeyUsage: 0xbe
 from file: /tmp/junit9010886865222830630/junit2209346780757571129/scm-meta/scm/sub-ca/certs/certificate.crt.
2023-08-23 10:52:45,783 [Time-limited test] INFO  client.SCMCertificateClient (DefaultCertificateClient.java:loadAllCertificates(191)) - CertificateRenewerService and root ca rotation polling is disabled for scm/sub-ca
2023-08-23 10:52:45,783 [Time-limited test] WARN  utils.HAUtils (HAUtils.java:getMetaDir(339)) - ozone.scm.db.dirs is not configured. We recommend adding this setting. Falling back to ozone.metadata.dirs instead.
2023-08-23 10:52:45,783 [Time-limited test] WARN  db.DBStoreBuilder (DBStoreBuilder.java:applyDBDefinition(166)) - ozone.scm.db.dirs is not configured. We recommend adding this setting. Falling back to ozone.metadata.dirs instead.
2023-08-23 10:52:45,881 [Time-limited test] INFO  net.NodeSchemaLoader (NodeSchemaLoader.java:loadSchemaFromFile(129)) - Loading schema from [jar:file:/home/runner/.m2/repository/org/apache/ozone/hdds-common/1.4.0-SNAPSHOT/hdds-common-1.4.0-SNAPSHOT.jar!/network-topology-default.xml]
2023-08-23 10:52:45,881 [Time-limited test] INFO  net.NodeSchemaLoader (NodeSchemaLoader.java:loadSchema(176)) - Loading network topology layer schema file
2023-08-23 10:52:45,884 [Time-limited test] INFO  upgrade.AbstractLayoutVersionManager (AbstractLayoutVersionManager.java:init(83)) - Initializing Layout version manager with metadata layout = HADOOP_PRC_PORTS_IN_DATANODEDETAILS (version = 7), software layout = HADOOP_PRC_PORTS_IN_DATANODEDETAILS (version = 7)
2023-08-23 10:52:45,888 [Time-limited test] INFO  ha.SequenceIdGenerator (SequenceIdGenerator.java:upgradeToSequenceId(365)) - upgrade localId to 111677748019200000
2023-08-23 10:52:45,888 [Time-limited test] INFO  ha.SequenceIdGenerator (SequenceIdGenerator.java:upgradeToSequenceId(375)) - upgrade delTxnId to 0
2023-08-23 10:52:45,889 [Time-limited test] INFO  ha.SequenceIdGenerator (SequenceIdGenerator.java:upgradeToSequenceId(392)) - upgrade containerId to 0
2023-08-23 10:52:45,889 [Time-limited test] INFO  ha.SequenceIdGenerator (SequenceIdGenerator.java:upgradeToSequenceId(428)) - upgrade rootCertificateId to 1
2023-08-23 10:52:45,889 [Time-limited test] INFO  ha.SequenceIdGenerator (SequenceIdGenerator.java:<init>(236)) - Init the HA SequenceIdGenerator.
2023-08-23 10:52:45,891 [Time-limited test] INFO  node.SCMNodeManager (SCMNodeManager.java:<init>(157)) - Entering startup safe mode.
2023-08-23 10:52:45,892 [Time-limited test] INFO  algorithms.ContainerPlacementPolicyFactory (ContainerPlacementPolicyFactory.java:getPolicyInternal(86)) - Create container placement policy of type org.apache.hadoop.hdds.scm.container.placement.algorithms.SCMContainerPlacementRackAware
2023-08-23 10:52:45,892 [Time-limited test] INFO  algorithms.ContainerPlacementPolicyFactory (ContainerPlacementPolicyFactory.java:getPolicyInternal(86)) - Create container placement policy of type org.apache.hadoop.hdds.scm.container.placement.algorithms.SCMContainerPlacementRackScatter
2023-08-23 10:52:45,892 [Time-limited test] INFO  pipeline.PipelineStateManagerImpl (PipelineStateManagerImpl.java:initialize(78)) - No pipeline exists in current db
2023-08-23 10:52:45,892 [Time-limited test] INFO  algorithms.LeaderChoosePolicyFactory (LeaderChoosePolicyFactory.java:getPolicy(57)) - Create leader choose policy of type org.apache.hadoop.hdds.scm.pipeline.leader.choose.algorithms.MinLeaderCountChoosePolicy
2023-08-23 10:52:45,892 [Time-limited test] INFO  algorithms.ContainerPlacementPolicyFactory (ContainerPlacementPolicyFactory.java:getPolicyInternal(86)) - Create container placement policy of type org.apache.hadoop.hdds.scm.container.placement.algorithms.SCMContainerPlacementRackScatter
2023-08-23 10:52:45,893 [Time-limited test] INFO  ha.SCMServiceManager (SCMServiceManager.java:register(42)) - Registering service BackgroundPipelineCreator.
2023-08-23 10:52:45,893 [Time-limited test] INFO  pipeline.BackgroundPipelineCreator (BackgroundPipelineCreator.java:start(124)) - Starting RatisPipelineUtilsThread.
2023-08-23 10:52:45,893 [Time-limited test] INFO  BackgroundPipelineScrubber (BackgroundSCMService.java:start(68)) - Starting BackgroundPipelineScrubber Service.
2023-08-23 10:52:45,894 [Time-limited test] INFO  ha.SCMServiceManager (SCMServiceManager.java:register(42)) - Registering service BackgroundPipelineScrubber.
2023-08-23 10:52:45,895 [Time-limited test] INFO  ExpiredContainerReplicaOpScrubber (BackgroundSCMService.java:start(68)) - Starting ExpiredContainerReplicaOpScrubber Service.
2023-08-23 10:52:45,903 [Time-limited test] INFO  ha.SCMServiceManager (SCMServiceManager.java:register(42)) - Registering service ExpiredContainerReplicaOpScrubber.
2023-08-23 10:52:45,904 [Time-limited test] INFO  algorithms.PipelineChoosePolicyFactory (PipelineChoosePolicyFactory.java:createPipelineChoosePolicyFromClass(78)) - Create pipeline choose policy of type org.apache.hadoop.hdds.scm.pipeline.choose.algorithms.RandomPipelineChoosePolicy
2023-08-23 10:52:45,904 [Time-limited test] INFO  algorithms.PipelineChoosePolicyFactory (PipelineChoosePolicyFactory.java:createPipelineChoosePolicyFromClass(78)) - Create pipeline choose policy of type org.apache.hadoop.hdds.scm.pipeline.choose.algorithms.RandomPipelineChoosePolicy
2023-08-23 10:52:45,904 [Time-limited test] INFO  ha.SCMServiceManager (SCMServiceManager.java:register(42)) - Registering service SCMBlockDeletingService.
2023-08-23 10:52:45,905 [Time-limited test] INFO  replication.ReplicationManager (ReplicationManager.java:start(287)) - Starting Replication Monitor Thread.
2023-08-23 10:52:45,909 [Time-limited test] INFO  ha.SCMServiceManager (SCMServiceManager.java:register(42)) - Registering service ReplicationManager.
2023-08-23 10:52:45,910 [Time-limited test] INFO  safemode.ContainerSafeModeRule (ContainerSafeModeRule.java:<init>(90)) - containers with one replica threshold count 0
2023-08-23 10:52:45,910 [Time-limited test] INFO  safemode.HealthyPipelineSafeModeRule (HealthyPipelineSafeModeRule.java:initializeRule(169)) - Total pipeline count is 0, healthy pipeline threshold count is 0
2023-08-23 10:52:45,910 [Time-limited test] INFO  safemode.OneReplicaPipelineSafeModeRule (OneReplicaPipelineSafeModeRule.java:initializeRule(180)) - Total pipeline count is 0, pipeline's with at least one datanode reported threshold count is 0
2023-08-23 10:52:45,911 [ReplicationMonitor] INFO  replication.ReplicationManager (ReplicationManager.java:processAll(361)) - Replication Manager is not ready to run until 300000ms after safemode exit
2023-08-23 10:52:45,912 [Time-limited test] INFO  authority.DefaultCAServer (DefaultCAServer.java:lambda$processVerificationStatus$0(472)) - CertificateServer validation is successful
2023-08-23 10:52:45,912 [Time-limited test] INFO  authority.DefaultCAServer (DefaultCAServer.java:lambda$processVerificationStatus$0(472)) - CertificateServer validation is successful
2023-08-23 10:52:45,913 [Time-limited test] INFO  server.StorageContainerManager (StorageContainerManager.java:persistPrimarySCMCerts(932)) - Storing sub-ca certificate serialId 1651138224409 on primary SCM
2023-08-23 10:52:45,913 [Time-limited test] INFO  server.SCMCertStore (SCMCertStore.java:storeValidScmCertificate(122)) - Scm certificate 1651138224409 for CN=scm-sub-1651134962072@fv-az573-639,OU=5aa2b7cc-15ef-46a3-b038-d23891582be1,O=61eb49f2-32b7-429b-9e34-935a58986bae is stored
2023-08-23 10:52:45,913 [Time-limited test] INFO  server.StorageContainerManager (StorageContainerManager.java:persistPrimarySCMCerts(940)) - Storing root certificate serialId 1
2023-08-23 10:52:45,914 [Time-limited test] INFO  server.SCMCertStore (SCMCertStore.java:storeValidScmCertificate(122)) - Scm certificate 1 for CN=scm-1@fv-az573-639,OU=5aa2b7cc-15ef-46a3-b038-d23891582be1,O=61eb49f2-32b7-429b-9e34-935a58986bae is stored
2023-08-23 10:52:45,914 [Time-limited test] INFO  ipc.CallQueueManager (CallQueueManager.java:<init>(90)) - Using callQueue: class java.util.concurrent.LinkedBlockingQueue, queueCapacity: 200, scheduler: class org.apache.hadoop.ipc.DefaultRpcScheduler, ipcBackoff: false.
2023-08-23 10:52:45,915 [Time-limited test] INFO  ipc.Server (Server.java:<init>(1287)) - Listener at 0.0.0.0:9961
2023-08-23 10:52:45,917 [Socket Reader #1 for port 9961] INFO  ipc.Server (Server.java:run(1323)) - Starting Socket Reader #1 for port 9961
2023-08-23 10:52:45,920 [Time-limited test] INFO  server.StorageContainerManager (StorageContainerManager.java:<init>(425)) - SCM start with adminUsers: [scm/fv-az573-639@EXAMPLE.COM, scm]
2023-08-23 10:52:45,920 [Time-limited test] INFO  ipc.CallQueueManager (CallQueueManager.java:<init>(90)) - Using callQueue: class java.util.concurrent.LinkedBlockingQueue, queueCapacity: 10000, scheduler: class org.apache.hadoop.ipc.DefaultRpcScheduler, ipcBackoff: false.
2023-08-23 10:52:45,920 [Time-limited test] INFO  ipc.Server (Server.java:<init>(1287)) - Listener at 0.0.0.0:9861
2023-08-23 10:52:45,921 [Socket Reader #1 for port 9861] INFO  ipc.Server (Server.java:run(1323)) - Starting Socket Reader #1 for port 9861
2023-08-23 10:52:45,922 [Time-limited test] INFO  ipc.CallQueueManager (CallQueueManager.java:<init>(90)) - Using callQueue: class java.util.concurrent.LinkedBlockingQueue, queueCapacity: 10000, scheduler: class org.apache.hadoop.ipc.DefaultRpcScheduler, ipcBackoff: false.
2023-08-23 10:52:45,923 [Time-limited test] INFO  ipc.Server (Server.java:<init>(1287)) - Listener at 0.0.0.0:9863
2023-08-23 10:52:45,923 [Socket Reader #1 for port 9863] INFO  ipc.Server (Server.java:run(1323)) - Starting Socket Reader #1 for port 9863
2023-08-23 10:52:45,927 [Time-limited test] INFO  ipc.CallQueueManager (CallQueueManager.java:<init>(90)) - Using callQueue: class java.util.concurrent.LinkedBlockingQueue, queueCapacity: 10000, scheduler: class org.apache.hadoop.ipc.DefaultRpcScheduler, ipcBackoff: false.
2023-08-23 10:52:45,928 [Time-limited test] INFO  ipc.Server (Server.java:<init>(1287)) - Listener at 0.0.0.0:9860
2023-08-23 10:52:45,930 [Socket Reader #1 for port 9860] INFO  ipc.Server (Server.java:run(1323)) - Starting Socket Reader #1 for port 9860
2023-08-23 10:52:45,937 [Time-limited test] INFO  ha.SCMServiceManager (SCMServiceManager.java:register(42)) - Registering service ContainerBalancer.
2023-08-23 10:52:45,937 [Time-limited test] INFO  server.StorageContainerManager (StorageContainerManager.java:<init>(438)) - 
Container Balancer status:
Key                            Value
Running                        false
Container Balancer Configuration values:
Key                                                Value
Threshold                                          10
Max Datanodes to Involve per Iteration(percent)    20
Max Size to Move per Iteration                     500GB
Max Size Entering Target per Iteration             26GB
Max Size Leaving Source per Iteration              26GB

2023-08-23 10:52:45,938 [Time-limited test] INFO  ha.SCMContext (SCMContext.java:updateSafeModeStatus(228)) - Update SafeModeStatus from SafeModeStatus{safeModeStatus=true, preCheckPassed=false} to SafeModeStatus{safeModeStatus=true, preCheckPassed=false}.
2023-08-23 10:52:45,938 [Time-limited test] WARN  server.ServerUtils (ServerUtils.java:getDBPath(311)) - ozone.om.db.dirs is not configured. We recommend adding this setting. Falling back to ozone.metadata.dirs instead.
2023-08-23 10:52:45,939 [Time-limited test] INFO  ha.OMHANodeDetails (OMHANodeDetails.java:loadOMHAConfig(115)) - ozone.om.internal.service.id is not defined, falling back to ozone.om.service.ids to find serviceID for OzoneManager if it is HA enabled cluster
2023-08-23 10:52:45,939 [Time-limited test] INFO  ha.OMHANodeDetails (OMHANodeDetails.java:loadOMHAConfig(226)) - Configuration does not have ozone.om.address set. Falling back to the default OM address fv-az573-639/10.1.0.17:1202
2023-08-23 10:52:45,940 [Time-limited test] INFO  ha.OMHANodeDetails (OMHANodeDetails.java:getOMNodeDetailsForNonHA(254)) - OM Service ID is not set. Setting it to the default ID: omServiceIdDefault
2023-08-23 10:52:45,940 [Time-limited test] INFO  ha.OMHANodeDetails (OMHANodeDetails.java:getOMNodeDetailsForNonHA(261)) - OM Node ID is not set. Setting it to the default ID: om1
2023-08-23 10:52:45,940 [Time-limited test] WARN  server.ServerUtils (ServerUtils.java:getDBPath(311)) - ozone.om.db.dirs is not configured. We recommend adding this setting. Falling back to ozone.metadata.dirs instead.
2023-08-23 10:52:45,941 [Time-limited test] INFO  upgrade.AbstractLayoutVersionManager (AbstractLayoutVersionManager.java:init(83)) - Initializing Layout version manager with metadata layout = QUOTA (version = 6), software layout = QUOTA (version = 6)
2023-08-23 10:52:46,061 [Time-limited test] INFO  reflections.Reflections (Reflections.java:scan(232)) - Reflections took 119 ms to scan 2 urls, producing 188 keys and 512 values [using 2 cores]
2023-08-23 10:52:46,062 [Time-limited test] INFO  upgrade.OMLayoutVersionManager (OMLayoutVersionManager.java:lambda$0(115)) - Skipping Upgrade Action MockOmUpgradeAction since it has been finalized.
2023-08-23 10:52:46,062 [Time-limited test] INFO  upgrade.OMLayoutVersionManager (OMLayoutVersionManager.java:lambda$0(115)) - Skipping Upgrade Action QuotaRepairUpgradeAction since it has been finalized.
2023-08-23 10:52:46,064 [pool-456-thread-2] INFO  request.KdcRequest (KdcRequest.java:preauth(651)) - The preauth data is empty.
2023-08-23 10:52:46,064 [pool-456-thread-2] INFO  server.KdcHandler (KdcHandler.java:handleRecoverableException(177)) - KRB error occurred while processing request:Additional pre-authentication required
2023-08-23 10:52:46,068 [pool-456-thread-2] INFO  request.AsRequest (AsRequest.java:issueTicket(112)) - AS_REQ ISSUE: authtime 1692787966068,om/fv-az573-639@EXAMPLE.COM for krbtgt/EXAMPLE.COM@EXAMPLE.COM
2023-08-23 10:52:46,069 [Time-limited test] INFO  security.UserGroupInformation (UserGroupInformation.java:loginUserFromKeytab(1132)) - Login successful for user om/fv-az573-639@EXAMPLE.COM using keytab file om.keytab. Keytab auto renewal enabled : false
2023-08-23 10:52:46,069 [Time-limited test] INFO  om.OzoneManager (OzoneManager.java:loginOMUser(1161)) - Ozone Manager login successful.
2023-08-23 10:52:46,069 [Time-limited test] WARN  server.ServerUtils (ServerUtils.java:getDBPath(311)) - ozone.om.db.dirs is not configured. We recommend adding this setting. Falling back to ozone.metadata.dirs instead.
2023-08-23 10:52:46,071 [Time-limited test] INFO  proxy.SCMBlockLocationFailoverProxyProvider (SCMBlockLocationFailoverProxyProvider.java:<init>(114)) - Created block location fail-over proxy with 1 nodes: [nodeId=scmNodeId,nodeAddress=/0.0.0.0:9863]
2023-08-23 10:52:46,072 [Time-limited test] INFO  om.OzoneManager (OzoneManager.java:getOmDetailsProto(4552)) - OzoneManager ports added:[name: "RPC"
value: 1202
]
2023-08-23 10:52:46,075 [Time-limited test] INFO  security.OMCertificateClient (DefaultCertificateClient.java:updateCertSerialId(1244)) - Certificate serial ID set to 9879877970576
2023-08-23 10:52:46,075 [Time-limited test] WARN  security.OMCertificateClient (DefaultCertificateClient.java:loadAllCertificates(173)) - Certificates could not be loaded.
java.nio.file.NoSuchFileException: /tmp/junit9010886865222830630/junit2209346780757571129/scm-meta/om/certs
	at sun.nio.fs.UnixException.translateToIOException(UnixException.java:86)
	at sun.nio.fs.UnixException.rethrowAsIOException(UnixException.java:102)
	at sun.nio.fs.UnixException.rethrowAsIOException(UnixException.java:107)
	at sun.nio.fs.UnixFileSystemProvider.newDirectoryStream(UnixFileSystemProvider.java:427)
	at java.nio.file.Files.newDirectoryStream(Files.java:457)
	at java.nio.file.Files.list(Files.java:3451)
	at org.apache.hadoop.hdds.security.x509.certificate.client.DefaultCertificateClient.loadAllCertificates(DefaultCertificateClient.java:168)
	at org.apache.hadoop.hdds.security.x509.certificate.client.DefaultCertificateClient.updateCertSerialId(DefaultCertificateClient.java:1245)
	at org.apache.hadoop.hdds.security.x509.certificate.client.DefaultCertificateClient.<init>(DefaultCertificateClient.java:157)
	at org.apache.hadoop.hdds.security.x509.certificate.client.CommonCertificateClient.<init>(CommonCertificateClient.java:49)
	at org.apache.hadoop.ozone.security.OMCertificateClient.<init>(OMCertificateClient.java:68)
	at org.apache.hadoop.ozone.om.OzoneManager.<init>(OzoneManager.java:640)
	at org.apache.hadoop.ozone.om.OzoneManager.createOm(OzoneManager.java:754)
	at org.apache.hadoop.ozone.TestSecureOzoneCluster.setupOm(TestSecureOzoneCluster.java:701)
	at org.apache.hadoop.ozone.TestSecureOzoneCluster.testSecureOMInitializationFailure(TestSecureOzoneCluster.java:527)
	at sun.reflect.NativeMethodAccessorImpl.invoke0(Native Method)
	at sun.reflect.NativeMethodAccessorImpl.invoke(NativeMethodAccessorImpl.java:62)
	at sun.reflect.DelegatingMethodAccessorImpl.invoke(DelegatingMethodAccessorImpl.java:43)
	at java.lang.reflect.Method.invoke(Method.java:498)
	at org.junit.runners.model.FrameworkMethod$1.runReflectiveCall(FrameworkMethod.java:59)
	at org.junit.internal.runners.model.ReflectiveCallable.run(ReflectiveCallable.java:12)
	at org.junit.runners.model.FrameworkMethod.invokeExplosively(FrameworkMethod.java:56)
	at org.junit.internal.runners.statements.InvokeMethod.evaluate(InvokeMethod.java:17)
	at org.junit.internal.runners.statements.RunBefores.evaluate(RunBefores.java:26)
	at org.junit.internal.runners.statements.RunAfters.evaluate(RunAfters.java:27)
	at org.junit.rules.ExternalResource$1.evaluate(ExternalResource.java:54)
	at org.junit.internal.runners.statements.FailOnTimeout$CallableStatement.call(FailOnTimeout.java:288)
	at org.junit.internal.runners.statements.FailOnTimeout$CallableStatement.call(FailOnTimeout.java:282)
	at java.util.concurrent.FutureTask.run(FutureTask.java:266)
	at java.lang.Thread.run(Thread.java:750)
2023-08-23 10:52:46,077 [Time-limited test] INFO  om.OzoneManager (OzoneManager.java:<init>(662)) - OM start with adminUsers: [scm/fv-az573-639@EXAMPLE.COM, om]
2023-08-23 10:52:46,078 [Time-limited test] WARN  server.ServerUtils (ServerUtils.java:getDBPath(311)) - ozone.om.db.dirs is not configured. We recommend adding this setting. Falling back to ozone.metadata.dirs instead.
2023-08-23 10:52:46,078 [Time-limited test] INFO  helpers.OmKeyInfo (OmKeyInfo.java:getCodec(71)) - OmKeyInfo.getCodec ignorePipeline = true
2023-08-23 10:52:46,255 [Time-limited test] INFO  om.OzoneManager (OzoneManager.java:instantiateServices(791)) - S3 Multi-Tenancy is disabled
2023-08-23 10:52:46,255 [Time-limited test] INFO  security.OzoneSecretStore (OzoneSecretStore.java:loadState(69)) - Loaded 0 tokens
2023-08-23 10:52:46,256 [Time-limited test] INFO  security.OzoneDelegationTokenSecretManager (OzoneDelegationTokenSecretManager.java:loadTokenSecretState(530)) - Loading token state into token manager.
2023-08-23 10:52:46,256 [Time-limited test] INFO  om.OmSnapshotManager (OmSnapshotManager.java:<init>(175)) - Ozone filesystem snapshot feature is enabled.
2023-08-23 10:52:46,256 [Time-limited test] WARN  server.ServerUtils (ServerUtils.java:getDBPath(311)) - ozone.om.snapshot.diff.db.dir is not configured. We recommend adding this setting. Falling back to ozone.metadata.dirs instead.
2023-08-23 10:52:46,277 [Time-limited test] INFO  snapshot.SnapshotDiffManager (SnapshotDiffManager.java:closeExecutorService(1720)) - Shutting down executorService: 'SstDumpToolExecutor'
2023-08-23 10:52:46,289 [Time-limited test] INFO  om.OzoneManager (OzoneManager.java:addS3GVolumeToDB(4284)) - Created Volume s3v With Owner om required for S3Gateway operations.
2023-08-23 10:52:46,289 [Time-limited test] WARN  server.ServerUtils (ServerUtils.java:getDefaultRatisDirectory(323)) - Storage directory for Ratis is not configured. It is a good idea to map this to an SSD disk. Falling back to ozone.metadata.dirs
2023-08-23 10:52:46,289 [Time-limited test] WARN  utils.OzoneManagerRatisUtils (OzoneManagerRatisUtils.java:getOMRatisSnapshotDirectory(461)) - ozone.om.ratis.snapshot.dir is not configured. Falling back to ozone.metadata.dirs config
2023-08-23 10:52:46,289 [Time-limited test] WARN  server.ServerUtils (ServerUtils.java:getDefaultRatisDirectory(323)) - Storage directory for Ratis is not configured. It is a good idea to map this to an SSD disk. Falling back to ozone.metadata.dirs
2023-08-23 10:52:46,291 [Time-limited test] INFO  ratis.OzoneManagerRatisServer (OzoneManagerRatisServer.java:<init>(163)) - Instantiating OM Ratis server with groupID: omServiceIdDefault and peers: fv-az573-639:9872
2023-08-23 10:52:46,292 [Time-limited test] INFO  ratis.OzoneManagerStateMachine (OzoneManagerStateMachine.java:loadSnapshotInfoFromDB(687)) - LastAppliedIndex is set from TransactionInfo from OM DB as (t:0, i:~)
2023-08-23 10:52:46,292 [Time-limited test] INFO  server.RaftServer (ConfUtils.java:logGet(46)) - raft.rpc.type = GRPC (default)
2023-08-23 10:52:46,292 [Time-limited test] INFO  grpc.GrpcConfigKeys (ConfUtils.java:logFallback(53)) - raft.grpc.admin.host = null (fallback to raft.grpc.server.host)
2023-08-23 10:52:46,292 [Time-limited test] INFO  grpc.GrpcConfigKeys (ConfUtils.java:logFallback(53)) - raft.grpc.admin.port = 9872 (fallback to raft.grpc.server.port)
2023-08-23 10:52:46,292 [Time-limited test] INFO  grpc.GrpcConfigKeys (ConfUtils.java:logFallback(53)) - raft.grpc.client.host = null (fallback to raft.grpc.server.host)
2023-08-23 10:52:46,292 [Time-limited test] INFO  grpc.GrpcConfigKeys (ConfUtils.java:logFallback(53)) - raft.grpc.client.port = 9872 (fallback to raft.grpc.server.port)
2023-08-23 10:52:46,292 [Time-limited test] INFO  grpc.GrpcConfigKeys (ConfUtils.java:logGet(46)) - raft.grpc.server.host = null (default)
2023-08-23 10:52:46,292 [Time-limited test] INFO  grpc.GrpcConfigKeys (ConfUtils.java:logGet(46)) - raft.grpc.server.port = 9872 (custom)
2023-08-23 10:52:46,293 [Time-limited test] INFO  server.GrpcService (ConfUtils.java:logGet(46)) - raft.grpc.message.size.max = 33554432 (custom)
2023-08-23 10:52:46,293 [Time-limited test] INFO  server.RaftServerConfigKeys (ConfUtils.java:logGet(46)) - raft.server.log.appender.buffer.byte-limit = 33554432 (custom)
2023-08-23 10:52:46,293 [Time-limited test] INFO  server.GrpcService (ConfUtils.java:logGet(46)) - raft.grpc.flow.control.window = 1MB (=1048576) (default)
2023-08-23 10:52:46,293 [Time-limited test] INFO  server.RaftServerConfigKeys (ConfUtils.java:logGet(46)) - raft.server.rpc.request.timeout = 3000ms (default)
2023-08-23 10:52:46,293 [Time-limited test] INFO  grpc.GrpcConfigKeys (ConfUtils.java:logGet(46)) - raft.grpc.server.heartbeat.channel = true (default)
2023-08-23 10:52:46,293 [Time-limited test] INFO  grpc.GrpcConfigKeys (ConfUtils.java:logGet(46)) - raft.grpc.server.async.request.thread.pool.cached = true (default)
2023-08-23 10:52:46,293 [Time-limited test] INFO  grpc.GrpcConfigKeys (ConfUtils.java:logGet(46)) - raft.grpc.server.async.request.thread.pool.size = 32 (default)
2023-08-23 10:52:46,294 [Time-limited test] INFO  impl.DataStreamServerImpl (ConfUtils.java:logGet(46)) - raft.datastream.type = DISABLED (default)
2023-08-23 10:52:46,295 [Time-limited test] INFO  server.RaftServerConfigKeys (ConfUtils.java:logGet(46)) - raft.server.threadpool.proxy.cached = true (default)
2023-08-23 10:52:46,295 [Time-limited test] INFO  server.RaftServerConfigKeys (ConfUtils.java:logGet(46)) - raft.server.threadpool.proxy.size = 0 (default)
2023-08-23 10:52:46,295 [Time-limited test] INFO  server.RaftServerConfigKeys (ConfUtils.java:logGet(46)) - raft.server.rpc.slowness.timeout = 120s (custom)
2023-08-23 10:52:46,295 [Time-limited test] INFO  server.RaftServerConfigKeys (ConfUtils.java:logGet(46)) - raft.server.leaderelection.leader.step-down.wait-time = 10s (default)
2023-08-23 10:52:46,295 [Time-limited test] INFO  server.RaftServerConfigKeys (ConfUtils.java:logGet(46)) - raft.server.storage.dir = [/tmp/junit9010886865222830630/junit2209346780757571129/scm-meta/ratis] (custom)
2023-08-23 10:52:46,296 [Time-limited test] INFO  server.RaftServer (RaftServerProxy.java:addNew(98)) - om1: addNew group-C5BA1605619E:[om1|rpc:fv-az573-639:9872|priority:0|startupRole:FOLLOWER] returns group-C5BA1605619E:java.util.concurrent.CompletableFuture@7b2019da[Not completed]
2023-08-23 10:52:46,296 [Time-limited test] INFO  om.OzoneManager (OzoneManager.java:initializeRatisServer(2128)) - OzoneManager Ratis server initialized at port 9872
RaftServerImpl.java:<init>(198)) - om1: new RaftServerImpl for group-C5BA1605619E:[om1|rpc:fv-az573-639:9872|priority:0|startupRole:FOLLOWER] with OzoneManagerStateMachine:uninitialized
2023-08-23 10:52:46,296 [Time-limited test] INFO  om.OzoneManager (OzoneManager.java:initializeRatisServer(2128)) - OzoneManager Ratis server initialized at port 9872
2023-08-23 10:52:46,296 [Time-limited test] INFO  om.OzoneManager (OzoneManager.java:getRpcServer(1193)) - Creating RPC Server
2023-08-23 10:52:46,297 [om1-groupManagement] INFO  server.RaftServerConfigKeys (ConfUtils.java:logGet(46)) - raft.server.rpc.timeout.min = 5s (custom)
2023-08-23 10:52:46,297 [om1-groupManagement] INFO  server.RaftServerConfigKeys (ConfUtils.java:logGet(46)) - raft.server.rpc.timeout.max = 5200ms (custom)
2023-08-23 10:52:46,297 [om1-groupManagement] INFO  server.RaftServerConfigKeys (ConfUtils.java:logGet(46)) - raft.server.rpc.sleep.time = 25ms (default)
2023-08-23 10:52:46,298 [om1-groupManagement] INFO  server.RaftServerConfigKeys (ConfUtils.java:logGet(46)) - raft.server.rpc.slowness.timeout = 120s (custom)
2023-08-23 10:52:46,298 [om1-groupManagement] INFO  server.RaftServerConfigKeys (ConfUtils.java:logGet(46)) - raft.server.leaderelection.leader.step-down.wait-time = 10s (default)
2023-08-23 10:52:46,298 [om1-groupManagement] INFO  server.RaftServerConfigKeys (ConfUtils.java:logGet(46)) - raft.server.sleep.deviation.threshold = 300ms (default)
2023-08-23 10:52:46,298 [om1-groupManagement] INFO  server.RaftServer$Division (ServerState.java:<init>(120)) - om1@group-C5BA1605619E: ConfigurationManager, init=-1: peers:[om1|rpc:fv-az573-639:9872|priority:0|startupRole:FOLLOWER]|listeners:[], old=null, confs=<EMPTY_MAP>
2023-08-23 10:52:46,298 [om1-groupManagement] INFO  server.RaftServerConfigKeys (ConfUtils.java:logGet(46)) - raft.server.storage.dir = [/tmp/junit9010886865222830630/junit2209346780757571129/scm-meta/ratis] (custom)
2023-08-23 10:52:46,299 [om1-groupManagement] INFO  server.RaftServerConfigKeys (ConfUtils.java:logGet(46)) - raft.server.log.corruption.policy = EXCEPTION (default)
2023-08-23 10:52:46,299 [om1-groupManagement] INFO  server.RaftServerConfigKeys (ConfUtils.java:logGet(46)) - raft.server.storage.free-space.min = 0MB (=0) (default)
2023-08-23 10:52:46,299 [om1-groupManagement] INFO  server.RaftServerConfigKeys (ConfUtils.java:logGet(46)) - raft.server.notification.no-leader.timeout = 120s (custom)
2023-08-23 10:52:46,299 [om1-groupManagement] INFO  server.RaftServerConfigKeys (ConfUtils.java:logGet(46)) - raft.server.read.timeout = 10s (default)
2023-08-23 10:52:46,299 [om1-groupManagement] INFO  server.RaftServerConfigKeys (ConfUtils.java:logGet(46)) - raft.server.retrycache.expirytime = 300s (custom)
2023-08-23 10:52:46,299 [om1-groupManagement] INFO  server.RaftServerConfigKeys (ConfUtils.java:logGet(46)) - raft.server.retrycache.statistics.expirytime = 100μs (default)
2023-08-23 10:52:46,299 [om1-groupManagement] INFO  server.RaftServerConfigKeys (ConfUtils.java:logGet(46)) - raft.server.read.option = DEFAULT (default)
2023-08-23 10:52:46,301 [om1-groupManagement] INFO  server.RaftServerConfigKeys (ConfUtils.java:logGet(46)) - raft.server.rpc.request.timeout = 3000ms (default)
2023-08-23 10:52:46,301 [om1-groupManagement] INFO  server.RaftServerConfigKeys (ConfUtils.java:logGet(46)) - raft.server.log.appender.install.snapshot.enabled = false (custom)
2023-08-23 10:52:46,301 [om1-groupManagement] INFO  server.RaftServerConfigKeys (ConfUtils.java:logGet(46)) - raft.server.threadpool.server.cached = true (default)
2023-08-23 10:52:46,301 [om1-groupManagement] INFO  server.RaftServerConfigKeys (ConfUtils.java:logGet(46)) - raft.server.threadpool.server.size = 0 (default)
2023-08-23 10:52:46,301 [om1-groupManagement] INFO  server.RaftServerConfigKeys (ConfUtils.java:logGet(46)) - raft.server.threadpool.client.cached = true (default)
2023-08-23 10:52:46,301 [om1-groupManagement] INFO  server.RaftServerConfigKeys (ConfUtils.java:logGet(46)) - raft.server.threadpool.client.size = 0 (default)
2023-08-23 10:52:46,605 [Time-limited test] INFO  reflections.Reflections (Reflections.java:scan(232)) - Reflections took 308 ms to scan 19 urls, producing 70 keys and 5642 values [using 2 cores]
2023-08-23 10:52:46,607 [Time-limited test] INFO  ipc.CallQueueManager (CallQueueManager.java:<init>(90)) - Using callQueue: class java.util.concurrent.LinkedBlockingQueue, queueCapacity: 10000, scheduler: class org.apache.hadoop.ipc.DefaultRpcScheduler, ipcBackoff: false.
2023-08-23 10:52:46,607 [Time-limited test] INFO  ipc.Server (Server.java:<init>(1287)) - Listener at fv-az573-639:1202
2023-08-23 10:52:46,609 [Socket Reader #1 for port 1202] INFO  ipc.Server (Server.java:run(1323)) - Starting Socket Reader #1 for port 1202
2023-08-23 10:52:46,634 [Time-limited test] INFO  ha.OMHANodeDetails (OMHANodeDetails.java:loadOMHAConfig(115)) - ozone.om.internal.service.id is not defined, falling back to ozone.om.service.ids to find serviceID for OzoneManager if it is HA enabled cluster
2023-08-23 10:52:46,634 [Time-limited test] INFO  ha.OMHANodeDetails (OMHANodeDetails.java:loadOMHAConfig(226)) - Configuration does not have ozone.om.address set. Falling back to the default OM address fv-az573-639/10.1.0.17:1202
2023-08-23 10:52:46,635 [Time-limited test] INFO  ha.OMHANodeDetails (OMHANodeDetails.java:getOMNodeDetailsForNonHA(254)) - OM Service ID is not set. Setting it to the default ID: omServiceIdDefault
2023-08-23 10:52:46,635 [Time-limited test] INFO  ha.OMHANodeDetails (OMHANodeDetails.java:getOMNodeDetailsForNonHA(261)) - OM Node ID is not set. Setting it to the default ID: om1
2023-08-23 10:52:46,635 [Time-limited test] WARN  server.ServerUtils (ServerUtils.java:getDBPath(311)) - ozone.om.db.dirs is not configured. We recommend adding this setting. Falling back to ozone.metadata.dirs instead.
2023-08-23 10:52:46,638 [Time-limited test] INFO  upgrade.AbstractLayoutVersionManager (AbstractLayoutVersionManager.java:init(83)) - Initializing Layout version manager with metadata layout = QUOTA (version = 6), software layout = QUOTA (version = 6)
2023-08-23 10:52:46,704 [Time-limited test] INFO  reflections.Reflections (Reflections.java:scan(232)) - Reflections took 66 ms to scan 2 urls, producing 188 keys and 512 values [using 2 cores]
2023-08-23 10:52:46,705 [Time-limited test] INFO  upgrade.OMLayoutVersionManager (OMLayoutVersionManager.java:lambda$0(115)) - Skipping Upgrade Action MockOmUpgradeAction since it has been finalized.
2023-08-23 10:52:46,705 [Time-limited test] INFO  upgrade.OMLayoutVersionManager (OMLayoutVersionManager.java:lambda$0(115)) - Skipping Upgrade Action QuotaRepairUpgradeAction since it has been finalized.
2023-08-23 10:52:46,707 [Time-limited test] INFO  ha.OMHANodeDetails (OMHANodeDetails.java:loadOMHAConfig(115)) - ozone.om.internal.service.id is not defined, falling back to ozone.om.service.ids to find serviceID for OzoneManager if it is HA enabled cluster
2023-08-23 10:52:46,707 [Time-limited test] INFO  ha.OMHANodeDetails (OMHANodeDetails.java:loadOMHAConfig(226)) - Configuration does not have ozone.om.address set. Falling back to the default OM address fv-az573-639/10.1.0.17:1202
2023-08-23 10:52:46,707 [Time-limited test] INFO  ha.OMHANodeDetails (OMHANodeDetails.java:getOMNodeDetailsForNonHA(254)) - OM Service ID is not set. Setting it to the default ID: omServiceIdDefault
2023-08-23 10:52:46,707 [Time-limited test] INFO  ha.OMHANodeDetails (OMHANodeDetails.java:getOMNodeDetailsForNonHA(261)) - OM Node ID is not set. Setting it to the default ID: om1
2023-08-23 10:52:46,707 [Time-limited test] WARN  server.ServerUtils (ServerUtils.java:getDBPath(311)) - ozone.om.db.dirs is not configured. We recommend adding this setting. Falling back to ozone.metadata.dirs instead.
2023-08-23 10:52:46,709 [Time-limited test] INFO  upgrade.AbstractLayoutVersionManager (AbstractLayoutVersionManager.java:init(83)) - Initializing Layout version manager with metadata layout = QUOTA (version = 6), software layout = QUOTA (version = 6)
2023-08-23 10:52:46,776 [Time-limited test] INFO  reflections.Reflections (Reflections.java:scan(232)) - Reflections took 66 ms to scan 2 urls, producing 188 keys and 512 values [using 2 cores]
2023-08-23 10:52:46,776 [Time-limited test] INFO  upgrade.OMLayoutVersionManager (OMLayoutVersionManager.java:lambda$0(115)) - Skipping Upgrade Action MockOmUpgradeAction since it has been finalized.
2023-08-23 10:52:46,777 [Time-limited test] INFO  upgrade.OMLayoutVersionManager (OMLayoutVersionManager.java:lambda$0(115)) - Skipping Upgrade Action QuotaRepairUpgradeAction since it has been finalized.
2023-08-23 10:52:46,777 [Time-limited test] INFO  ha.OMHANodeDetails (OMHANodeDetails.java:loadOMHAConfig(115)) - ozone.om.internal.service.id is not defined, falling back to ozone.om.service.ids to find serviceID for OzoneManager if it is HA enabled cluster
2023-08-23 10:52:46,778 [Time-limited test] INFO  ha.OMHANodeDetails (OMHANodeDetails.java:loadOMHAConfig(226)) - Configuration does not have ozone.om.address set. Falling back to the default OM address fv-az573-639/10.1.0.17:1202
2023-08-23 10:52:46,778 [Time-limited test] INFO  ha.OMHANodeDetails (OMHANodeDetails.java:getOMNodeDetailsForNonHA(254)) - OM Service ID is not set. Setting it to the default ID: omServiceIdDefault
2023-08-23 10:52:46,778 [Time-limited test] INFO  ha.OMHANodeDetails (OMHANodeDetails.java:getOMNodeDetailsForNonHA(261)) - OM Node ID is not set. Setting it to the default ID: om1
2023-08-23 10:52:46,778 [Time-limited test] WARN  server.ServerUtils (ServerUtils.java:getDBPath(311)) - ozone.om.db.dirs is not configured. We recommend adding this setting. Falling back to ozone.metadata.dirs instead.
2023-08-23 10:52:46,779 [Time-limited test] INFO  upgrade.AbstractLayoutVersionManager (AbstractLayoutVersionManager.java:init(83)) - Initializing Layout version manager with metadata layout = QUOTA (version = 6), software layout = QUOTA (version = 6)
2023-08-23 10:52:46,844 [Time-limited test] INFO  reflections.Reflections (Reflections.java:scan(232)) - Reflections took 64 ms to scan 2 urls, producing 188 keys and 512 values [using 2 cores]
2023-08-23 10:52:46,844 [Time-limited test] INFO  upgrade.OMLayoutVersionManager (OMLayoutVersionManager.java:lambda$0(115)) - Skipping Upgrade Action MockOmUpgradeAction since it has been finalized.
2023-08-23 10:52:46,844 [Time-limited test] INFO  upgrade.OMLayoutVersionManager (OMLayoutVersionManager.java:lambda$0(115)) - Skipping Upgrade Action QuotaRepairUpgradeAction since it has been finalized.
2023-08-23 10:52:46,845 [Time-limited test] INFO  impl.DefaultInternalKdcServerImpl (DefaultInternalKdcServerImpl.java:doStop(102)) - Default Internal kdc server stopped.
2023-08-23 10:52:47,846 [Time-limited test] INFO  minikdc.MiniKdc (MiniKdc.java:stop(359)) - MiniKdc stopped.
2023-08-23 10:52:47,846 [Time-limited test] INFO  server.StorageContainerManager (StorageContainerManager.java:stop(1591)) - Container Balancer is not running.
2023-08-23 10:52:47,846 [Time-limited test] INFO  server.StorageContainerManager (StorageContainerManager.java:stopReplicationManager(1724)) - Stopping Replication Manager Service.
2023-08-23 10:52:47,846 [Time-limited test] INFO  replication.ReplicationManager (ReplicationManager.java:stop(319)) - Stopping Replication Monitor Thread.
2023-08-23 10:52:47,846 [Time-limited test] INFO  server.StorageContainerManager (StorageContainerManager.java:stop(1600)) - Stopping the Datanode Admin Monitor.
2023-08-23 10:52:47,846 [Under Replicated Processor] WARN  replication.UnhealthyReplicationProcessor (UnhealthyReplicationProcessor.java:run(180)) - Under Replicated Processor interrupted. Exiting...
2023-08-23 10:52:47,846 [Over Replicated Processor] WARN  replication.UnhealthyReplicationProcessor (UnhealthyReplicationProcessor.java:run(180)) - Over Replicated Processor interrupted. Exiting...
2023-08-23 10:52:47,846 [ReplicationMonitor] INFO  replication.ReplicationManager (ReplicationManager.java:run(917)) - Replication Monitor Thread is stopped
2023-08-23 10:52:47,846 [Time-limited test] INFO  server.StorageContainerManager (StorageContainerManager.java:stop(1607)) - Stopping datanode service RPC server
2023-08-23 10:52:47,847 [Time-limited test] INFO  server.SCMDatanodeProtocolServer (SCMDatanodeProtocolServer.java:stop(424)) - Stopping the RPC server for DataNodes
2023-08-23 10:52:47,847 [Time-limited test] INFO  ipc.Server (Server.java:stop(3523)) - Stopping server on 9861
2023-08-23 10:52:48,890 [SCM Heartbeat Processing Thread - 0] WARN  node.NodeStateManager (NodeStateManager.java:scheduleNextHealthCheck(874)) - Current Thread is interrupted, shutting down HB processing thread for Node Manager.
2023-08-23 10:52:48,890 [Time-limited test] INFO  server.StorageContainerManager (StorageContainerManager.java:stop(1615)) - Stopping block service RPC server
2023-08-23 10:52:48,890 [Time-limited test] INFO  server.SCMBlockProtocolServer (SCMBlockProtocolServer.java:stop(161)) - Stopping the RPC server for Block Protocol
2023-08-23 10:52:48,890 [Time-limited test] INFO  ipc.Server (Server.java:stop(3523)) - Stopping server on 9863
2023-08-23 10:52:48,891 [Time-limited test] INFO  server.StorageContainerManager (StorageContainerManager.java:stop(1622)) - Stopping the StorageContainerLocationProtocol RPC server
2023-08-23 10:52:48,891 [Time-limited test] INFO  server.SCMClientProtocolServer (SCMClientProtocolServer.java:stop(210)) - Stopping the RPC server for Client Protocol
2023-08-23 10:52:48,891 [Time-limited test] INFO  ipc.Server (Server.java:stop(3523)) - Stopping server on 9860
2023-08-23 10:52:48,891 [Time-limited test] INFO  server.StorageContainerManager (StorageContainerManager.java:stop(1629)) - Stopping Storage Container Manager HTTP server.
2023-08-23 10:52:48,891 [Time-limited test] INFO  server.StorageContainerManager (StorageContainerManager.java:stop(1637)) - Stopping SCM LayoutVersionManager Service.
2023-08-23 10:52:48,892 [Time-limited test] INFO  server.SCMSecurityProtocolServer (SCMSecurityProtocolServer.java:stop(550)) - Stopping the SCMSecurityProtocolServer.
2023-08-23 10:52:48,892 [Time-limited test] INFO  ipc.Server (Server.java:stop(3523)) - Stopping server on 9961
2023-08-23 10:52:48,892 [Time-limited test] INFO  server.SCMUpdateServiceGrpcServer (SCMUpdateServiceGrpcServer.java:stop(73)) - SCMUpdateService stopping
2023-08-23 10:52:48,892 [Time-limited test] INFO  server.StorageContainerManager (StorageContainerManager.java:stop(1649)) - Stopping Block Manager Service.
2023-08-23 10:52:48,892 [Time-limited test] INFO  utils.BackgroundService (BackgroundService.java:shutdown(141)) - Shutting down service SCMBlockDeletingService
2023-08-23 10:52:48,892 [Time-limited test] INFO  utils.BackgroundService (BackgroundService.java:shutdown(141)) - Shutting down service SCMBlockDeletingService
2023-08-23 10:52:48,892 [Time-limited test] INFO  server.StorageContainerManager (StorageContainerManager.java:stop(1669)) - Stopping SCM Event Queue.
2023-08-23 10:52:48,892 [Time-limited test] INFO  server.StorageContainerManager (StorageContainerManager.java:stop(1680)) - Stopping SCM HA services.
2023-08-23 10:52:48,892 [Time-limited test] INFO  pipeline.BackgroundPipelineCreator (BackgroundPipelineCreator.java:stop(149)) - Stopping RatisPipelineUtilsThread.
2023-08-23 10:52:48,892 [RatisPipelineUtilsThread - 0] WARN  pipeline.BackgroundPipelineCreator (BackgroundPipelineCreator.java:run(180)) - RatisPipelineUtilsThread is interrupted.
2023-08-23 10:52:48,893 [Time-limited test] INFO  BackgroundPipelineScrubber (BackgroundSCMService.java:stop(131)) - Stopping BackgroundPipelineScrubber Service.
2023-08-23 10:52:48,893 [BackgroundPipelineScrubberThread] WARN  BackgroundPipelineScrubber (BackgroundSCMService.java:run(115)) - BackgroundPipelineScrubber is interrupted, exit
2023-08-23 10:52:48,893 [Time-limited test] WARN  pipeline.BackgroundPipelineCreator (BackgroundPipelineCreator.java:stop(145)) - RatisPipelineUtilsThread is not running, just ignore.
2023-08-23 10:52:48,893 [Time-limited test] INFO  BackgroundPipelineScrubber (BackgroundSCMService.java:stop(126)) - BackgroundPipelineScrubber Service is not running, skip stop.
2023-08-23 10:52:48,893 [ExpiredContainerReplicaOpScrubberThread] WARN  ExpiredContainerReplicaOpScrubber (BackgroundSCMService.java:run(115)) - ExpiredContainerReplicaOpScrubber is interrupted, exit
2023-08-23 10:52:48,893 [Time-limited test] INFO  ExpiredContainerReplicaOpScrubber (BackgroundSCMService.java:stop(131)) - Stopping ExpiredContainerReplicaOpScrubber Service.
2023-08-23 10:52:48,893 [Time-limited test] INFO  utils.BackgroundService (BackgroundService.java:shutdown(141)) - Shutting down service SCMBlockDeletingService
2023-08-23 10:52:48,893 [Time-limited test] INFO  replication.ReplicationManager (ReplicationManager.java:stop(329)) - Replication Monitor Thread is not running.
2023-08-23 10:52:48,893 [Time-limited test] WARN  balancer.ContainerBalancer (ContainerBalancer.java:stop(326)) - Cannot stop Container Balancer because it's not running or stopping
2023-08-23 10:52:48,893 [Time-limited test] INFO  server.StorageContainerManager (StorageContainerManager.java:stop(1715)) - Stopping SCM MetadataStore.
2023-08-23 10:52:48,894 [Time-limited test] INFO  server.SCMSecurityProtocolServer (SCMSecurityProtocolServer.java:join(560)) - Join RPC server for SCMSecurityProtocolServer.
2023-08-23 10:52:48,894 [Time-limited test] INFO  server.SCMSecurityProtocolServer (SCMSecurityProtocolServer.java:join(562)) - Join gRPC server for SCMSecurityProtocolServer.
2023-08-23 10:52:48,895 [Time-limited test] INFO  om.OzoneManager (OzoneManager.java:stop(2187)) - om1[fv-az573-639:1202]: Stopping Ozone Manager
2023-08-23 10:52:48,895 [Time-limited test] INFO  ipc.Server (Server.java:stop(3523)) - Stopping server on 1202
2023-08-23 10:52:48,898 [Time-limited test] INFO  ratis.OzoneManagerStateMachine (OzoneManagerStateMachine.java:close(534)) - StateMachine has shutdown. Shutdown OzoneManager if not already shutdown.
2023-08-23 10:52:48,898 [Time-limited test] INFO  ratis.OzoneManagerDoubleBuffer (OzoneManagerDoubleBuffer.java:stopDaemon(551)) - Stopping OMDoubleBuffer flush thread
2023-08-23 10:52:48,898 [OMDoubleBufferFlushThread] INFO  ratis.OzoneManagerDoubleBuffer (OzoneManagerDoubleBuffer.java:canFlush(638)) - OMDoubleBuffer flush thread OMDoubleBufferFlushThread is interrupted and will exit.
2023-08-23 10:52:48,898 [Time-limited test] INFO  om.OzoneManager (OzoneManager.java:stopSecretManager(1063)) - Stopping secret key client.
2023-08-23 10:52:48,898 [Time-limited test] INFO  om.OzoneManager (OzoneManager.java:stopSecretManager(1068)) - Stopping OM delegation token secret manager.
2023-08-23 10:52:48,898 [Time-limited test] INFO  rocksdiff.RocksDBCheckpointDiffer (RocksDBCheckpointDiffer.java:close(340)) - Shutting down CompactionDagPruningService.
2023-08-23 10:52:48,900 [Time-limited test] INFO  snapshot.SnapshotDiffManager (SnapshotDiffManager.java:closeExecutorService(1720)) - Shutting down executorService: 'SnapDiffExecutor'
2023-08-23 10:52:48,900 [Time-limited test] INFO  snapshot.SnapshotDiffManager (SnapshotDiffManager.java:closeExecutorService(1720)) - Shutting down executorService: 'SstDumpToolExecutor'
2023-08-23 10:52:48,900 [Time-limited test] INFO  utils.BackgroundService (BackgroundService.java:shutdown(141)) - Shutting down service SnapshotDiffCleanupService
]]></system-out>
  </testcase>
  <testcase name="testDelegationTokenRenewal" classname="org.apache.hadoop.ozone.TestSecureOzoneCluster" time="10.66">
    <system-out><![CDATA[2023-08-23 10:52:48,923 [Time-limited test] INFO  net.ServerSocketUtil (ServerSocketUtil.java:getPort(55)) - Using port 9860
2023-08-23 10:52:48,923 [Time-limited test] INFO  net.ServerSocketUtil (ServerSocketUtil.java:getPort(55)) - Using port 9861
2023-08-23 10:52:48,923 [Time-limited test] INFO  net.ServerSocketUtil (ServerSocketUtil.java:getPort(55)) - Using port 9863
2023-08-23 10:52:48,923 [Time-limited test] INFO  net.ServerSocketUtil (ServerSocketUtil.java:getPort(55)) - Using port 9961
2023-08-23 10:52:48,923 [Time-limited test] INFO  net.ServerSocketUtil (ServerSocketUtil.java:getPort(55)) - Using port 1200
2023-08-23 10:52:48,923 [Time-limited test] INFO  net.ServerSocketUtil (ServerSocketUtil.java:getPort(55)) - Using port 1201
2023-08-23 10:52:48,924 [Time-limited test] INFO  minikdc.MiniKdc (MiniKdc.java:<init>(225)) - Configuration:
2023-08-23 10:52:48,924 [Time-limited test] INFO  minikdc.MiniKdc (MiniKdc.java:<init>(226)) - ---------------------------------------------------------------
2023-08-23 10:52:48,924 [Time-limited test] INFO  minikdc.MiniKdc (MiniKdc.java:<init>(228)) -   debug: false
2023-08-23 10:52:48,924 [Time-limited test] INFO  minikdc.MiniKdc (MiniKdc.java:<init>(228)) -   transport: TCP
2023-08-23 10:52:48,924 [Time-limited test] INFO  minikdc.MiniKdc (MiniKdc.java:<init>(228)) -   max.ticket.lifetime: 86400000
2023-08-23 10:52:48,924 [Time-limited test] INFO  minikdc.MiniKdc (MiniKdc.java:<init>(228)) -   org.name: EXAMPLE
2023-08-23 10:52:48,924 [Time-limited test] INFO  minikdc.MiniKdc (MiniKdc.java:<init>(228)) -   kdc.port: 0
2023-08-23 10:52:48,924 [Time-limited test] INFO  minikdc.MiniKdc (MiniKdc.java:<init>(228)) -   org.domain: COM
2023-08-23 10:52:48,924 [Time-limited test] INFO  minikdc.MiniKdc (MiniKdc.java:<init>(228)) -   max.renewable.lifetime: 604800000
2023-08-23 10:52:48,924 [Time-limited test] INFO  minikdc.MiniKdc (MiniKdc.java:<init>(228)) -   instance: DefaultKrbServer
2023-08-23 10:52:48,924 [Time-limited test] INFO  minikdc.MiniKdc (MiniKdc.java:<init>(228)) -   kdc.bind.address: localhost
2023-08-23 10:52:48,924 [Time-limited test] INFO  minikdc.MiniKdc (MiniKdc.java:<init>(230)) - ---------------------------------------------------------------
2023-08-23 10:52:48,926 [Time-limited test] INFO  minikdc.MiniKdc (MiniKdc.java:start(285)) - MiniKdc started.
2023-08-23 10:52:49,051 [Time-limited test] INFO  om.OzoneManager (OzoneManager.java:getOmDetailsProto(4552)) - OzoneManager ports added:[name: "RPC"
value: 1202
]
2023-08-23 10:52:49,052 [Time-limited test] WARN  server.ServerUtils (ServerUtils.java:getDBPath(311)) - ozone.om.db.dirs is not configured. We recommend adding this setting. Falling back to ozone.metadata.dirs instead.
2023-08-23 10:52:49,053 [Time-limited test] INFO  ha.OMHANodeDetails (OMHANodeDetails.java:loadOMHAConfig(115)) - ozone.om.internal.service.id is not defined, falling back to ozone.om.service.ids to find serviceID for OzoneManager if it is HA enabled cluster
2023-08-23 10:52:49,054 [Time-limited test] INFO  ha.OMHANodeDetails (OMHANodeDetails.java:loadOMHAConfig(226)) - Configuration does not have ozone.om.address set. Falling back to the default OM address fv-az573-639/10.1.0.17:1202
2023-08-23 10:52:49,054 [Time-limited test] INFO  ha.OMHANodeDetails (OMHANodeDetails.java:getOMNodeDetailsForNonHA(254)) - OM Service ID is not set. Setting it to the default ID: omServiceIdDefault
2023-08-23 10:52:49,054 [Time-limited test] INFO  ha.OMHANodeDetails (OMHANodeDetails.java:getOMNodeDetailsForNonHA(261)) - OM Node ID is not set. Setting it to the default ID: om1
2023-08-23 10:52:49,054 [Time-limited test] WARN  server.ServerUtils (ServerUtils.java:getDBPath(311)) - ozone.om.db.dirs is not configured. We recommend adding this setting. Falling back to ozone.metadata.dirs instead.
2023-08-23 10:52:49,055 [Time-limited test] INFO  upgrade.AbstractLayoutVersionManager (AbstractLayoutVersionManager.java:init(83)) - Initializing Layout version manager with metadata layout = QUOTA (version = 6), software layout = QUOTA (version = 6)
2023-08-23 10:52:49,120 [Time-limited test] INFO  reflections.Reflections (Reflections.java:scan(232)) - Reflections took 64 ms to scan 2 urls, producing 188 keys and 512 values [using 2 cores]
2023-08-23 10:52:49,120 [Time-limited test] INFO  upgrade.OMLayoutVersionManager (OMLayoutVersionManager.java:lambda$0(115)) - Skipping Upgrade Action MockOmUpgradeAction since it has been finalized.
2023-08-23 10:52:49,121 [Time-limited test] INFO  upgrade.OMLayoutVersionManager (OMLayoutVersionManager.java:lambda$0(115)) - Skipping Upgrade Action QuotaRepairUpgradeAction since it has been finalized.
2023-08-23 10:52:49,124 [pool-519-thread-1] INFO  request.KdcRequest (KdcRequest.java:preauth(651)) - The preauth data is empty.
2023-08-23 10:52:49,124 [pool-519-thread-1] INFO  server.KdcHandler (KdcHandler.java:handleRecoverableException(177)) - KRB error occurred while processing request:Additional pre-authentication required
2023-08-23 10:52:49,127 [pool-519-thread-2] INFO  request.AsRequest (AsRequest.java:issueTicket(112)) - AS_REQ ISSUE: authtime 1692787969127,om/fv-az573-639@EXAMPLE.COM for krbtgt/EXAMPLE.COM@EXAMPLE.COM
2023-08-23 10:52:49,128 [Time-limited test] INFO  security.UserGroupInformation (UserGroupInformation.java:loginUserFromKeytab(1132)) - Login successful for user om/fv-az573-639@EXAMPLE.COM using keytab file om.keytab. Keytab auto renewal enabled : false
2023-08-23 10:52:49,128 [Time-limited test] INFO  om.OzoneManager (OzoneManager.java:loginOMUser(1161)) - Ozone Manager login successful.
2023-08-23 10:52:49,128 [Time-limited test] WARN  server.ServerUtils (ServerUtils.java:getDBPath(311)) - ozone.om.db.dirs is not configured. We recommend adding this setting. Falling back to ozone.metadata.dirs instead.
2023-08-23 10:52:49,129 [Time-limited test] INFO  proxy.SCMBlockLocationFailoverProxyProvider (SCMBlockLocationFailoverProxyProvider.java:<init>(114)) - Created block location fail-over proxy with 1 nodes: [nodeId=scmNodeId,nodeAddress=localhost/127.0.0.1:9863]
2023-08-23 10:52:49,130 [Time-limited test] INFO  om.OzoneManager (OzoneManager.java:getOmDetailsProto(4552)) - OzoneManager ports added:[name: "RPC"
value: 1202
]
2023-08-23 10:52:49,131 [Time-limited test] INFO  security.OMCertificateClient (DefaultCertificateClient.java:updateCertSerialId(1244)) - Certificate serial ID set to 9879877970576
2023-08-23 10:52:49,131 [Time-limited test] WARN  security.OMCertificateClient (DefaultCertificateClient.java:loadAllCertificates(173)) - Certificates could not be loaded.
java.nio.file.NoSuchFileException: /tmp/junit1866855583952122079/junit6298727635675098747/om-meta/om/certs
	at sun.nio.fs.UnixException.translateToIOException(UnixException.java:86)
	at sun.nio.fs.UnixException.rethrowAsIOException(UnixException.java:102)
	at sun.nio.fs.UnixException.rethrowAsIOException(UnixException.java:107)
	at sun.nio.fs.UnixFileSystemProvider.newDirectoryStream(UnixFileSystemProvider.java:427)
	at java.nio.file.Files.newDirectoryStream(Files.java:457)
	at java.nio.file.Files.list(Files.java:3451)
	at org.apache.hadoop.hdds.security.x509.certificate.client.DefaultCertificateClient.loadAllCertificates(DefaultCertificateClient.java:168)
	at org.apache.hadoop.hdds.security.x509.certificate.client.DefaultCertificateClient.updateCertSerialId(DefaultCertificateClient.java:1245)
	at org.apache.hadoop.hdds.security.x509.certificate.client.DefaultCertificateClient.<init>(DefaultCertificateClient.java:157)
	at org.apache.hadoop.hdds.security.x509.certificate.client.CommonCertificateClient.<init>(CommonCertificateClient.java:49)
	at org.apache.hadoop.ozone.security.OMCertificateClient.<init>(OMCertificateClient.java:68)
	at org.apache.hadoop.ozone.om.OzoneManager.<init>(OzoneManager.java:640)
	at org.apache.hadoop.ozone.om.OzoneManager.createOm(OzoneManager.java:754)
	at org.apache.hadoop.ozone.TestSecureOzoneCluster.setupOm(TestSecureOzoneCluster.java:701)
	at org.apache.hadoop.ozone.TestSecureOzoneCluster.testDelegationTokenRenewal(TestSecureOzoneCluster.java:626)
	at sun.reflect.NativeMethodAccessorImpl.invoke0(Native Method)
	at sun.reflect.NativeMethodAccessorImpl.invoke(NativeMethodAccessorImpl.java:62)
	at sun.reflect.DelegatingMethodAccessorImpl.invoke(DelegatingMethodAccessorImpl.java:43)
	at java.lang.reflect.Method.invoke(Method.java:498)
	at org.junit.runners.model.FrameworkMethod$1.runReflectiveCall(FrameworkMethod.java:59)
	at org.junit.internal.runners.model.ReflectiveCallable.run(ReflectiveCallable.java:12)
	at org.junit.runners.model.FrameworkMethod.invokeExplosively(FrameworkMethod.java:56)
	at org.junit.internal.runners.statements.InvokeMethod.evaluate(InvokeMethod.java:17)
	at org.junit.internal.runners.statements.RunBefores.evaluate(RunBefores.java:26)
	at org.junit.internal.runners.statements.RunAfters.evaluate(RunAfters.java:27)
	at org.junit.rules.ExternalResource$1.evaluate(ExternalResource.java:54)
	at org.junit.internal.runners.statements.FailOnTimeout$CallableStatement.call(FailOnTimeout.java:288)
	at org.junit.internal.runners.statements.FailOnTimeout$CallableStatement.call(FailOnTimeout.java:282)
	at java.util.concurrent.FutureTask.run(FutureTask.java:266)
	at java.lang.Thread.run(Thread.java:750)
2023-08-23 10:52:49,132 [Time-limited test] INFO  om.OzoneManager (OzoneManager.java:<init>(662)) - OM start with adminUsers: [om/fv-az573-639@EXAMPLE.COM, om]
2023-08-23 10:52:49,133 [Time-limited test] WARN  server.ServerUtils (ServerUtils.java:getDBPath(311)) - ozone.om.db.dirs is not configured. We recommend adding this setting. Falling back to ozone.metadata.dirs instead.
2023-08-23 10:52:49,133 [Time-limited test] INFO  helpers.OmKeyInfo (OmKeyInfo.java:getCodec(71)) - OmKeyInfo.getCodec ignorePipeline = true
2023-08-23 10:52:49,308 [Time-limited test] INFO  om.OzoneManager (OzoneManager.java:instantiateServices(791)) - S3 Multi-Tenancy is disabled
2023-08-23 10:52:49,308 [Time-limited test] INFO  security.OzoneSecretStore (OzoneSecretStore.java:loadState(69)) - Loaded 0 tokens
2023-08-23 10:52:49,308 [Time-limited test] INFO  security.OzoneDelegationTokenSecretManager (OzoneDelegationTokenSecretManager.java:loadTokenSecretState(530)) - Loading token state into token manager.
2023-08-23 10:52:49,309 [Time-limited test] INFO  om.OmSnapshotManager (OmSnapshotManager.java:<init>(175)) - Ozone filesystem snapshot feature is enabled.
2023-08-23 10:52:49,309 [Time-limited test] WARN  server.ServerUtils (ServerUtils.java:getDBPath(311)) - ozone.om.snapshot.diff.db.dir is not configured. We recommend adding this setting. Falling back to ozone.metadata.dirs instead.
2023-08-23 10:52:49,333 [Time-limited test] INFO  snapshot.SnapshotDiffManager (SnapshotDiffManager.java:closeExecutorService(1720)) - Shutting down executorService: 'SstDumpToolExecutor'
2023-08-23 10:52:49,338 [Time-limited test] INFO  om.OzoneManager (OzoneManager.java:addS3GVolumeToDB(4284)) - Created Volume s3v With Owner om required for S3Gateway operations.
2023-08-23 10:52:49,338 [Time-limited test] WARN  server.ServerUtils (ServerUtils.java:getDefaultRatisDirectory(323)) - Storage directory for Ratis is not configured. It is a good idea to map this to an SSD disk. Falling back to ozone.metadata.dirs
2023-08-23 10:52:49,339 [Time-limited test] WARN  utils.OzoneManagerRatisUtils (OzoneManagerRatisUtils.java:getOMRatisSnapshotDirectory(461)) - ozone.om.ratis.snapshot.dir is not configured. Falling back to ozone.metadata.dirs config
2023-08-23 10:52:49,340 [Time-limited test] WARN  server.ServerUtils (ServerUtils.java:getDefaultRatisDirectory(323)) - Storage directory for Ratis is not configured. It is a good idea to map this to an SSD disk. Falling back to ozone.metadata.dirs
2023-08-23 10:52:49,341 [Time-limited test] INFO  ratis.OzoneManagerRatisServer (OzoneManagerRatisServer.java:<init>(163)) - Instantiating OM Ratis server with groupID: omServiceIdDefault and peers: fv-az573-639:9872
2023-08-23 10:52:49,341 [Time-limited test] INFO  ratis.OzoneManagerStateMachine (OzoneManagerStateMachine.java:loadSnapshotInfoFromDB(687)) - LastAppliedIndex is set from TransactionInfo from OM DB as (t:0, i:~)
2023-08-23 10:52:49,342 [Time-limited test] INFO  server.RaftServer (ConfUtils.java:logGet(46)) - raft.rpc.type = GRPC (default)
2023-08-23 10:52:49,342 [Time-limited test] INFO  grpc.GrpcConfigKeys (ConfUtils.java:logFallback(53)) - raft.grpc.admin.host = null (fallback to raft.grpc.server.host)
2023-08-23 10:52:49,342 [Time-limited test] INFO  grpc.GrpcConfigKeys (ConfUtils.java:logFallback(53)) - raft.grpc.admin.port = 9872 (fallback to raft.grpc.server.port)
2023-08-23 10:52:49,342 [Time-limited test] INFO  grpc.GrpcConfigKeys (ConfUtils.java:logFallback(53)) - raft.grpc.client.host = null (fallback to raft.grpc.server.host)
2023-08-23 10:52:49,342 [Time-limited test] INFO  grpc.GrpcConfigKeys (ConfUtils.java:logFallback(53)) - raft.grpc.client.port = 9872 (fallback to raft.grpc.server.port)
2023-08-23 10:52:49,342 [Time-limited test] INFO  grpc.GrpcConfigKeys (ConfUtils.java:logGet(46)) - raft.grpc.server.host = null (default)
2023-08-23 10:52:49,342 [Time-limited test] INFO  grpc.GrpcConfigKeys (ConfUtils.java:logGet(46)) - raft.grpc.server.port = 9872 (custom)
2023-08-23 10:52:49,343 [Time-limited test] INFO  server.GrpcService (ConfUtils.java:logGet(46)) - raft.grpc.message.size.max = 33554432 (custom)
2023-08-23 10:52:49,343 [Time-limited test] INFO  server.RaftServerConfigKeys (ConfUtils.java:logGet(46)) - raft.server.log.appender.buffer.byte-limit = 33554432 (custom)
2023-08-23 10:52:49,343 [Time-limited test] INFO  server.GrpcService (ConfUtils.java:logGet(46)) - raft.grpc.flow.control.window = 1MB (=1048576) (default)
2023-08-23 10:52:49,343 [Time-limited test] INFO  server.RaftServerConfigKeys (ConfUtils.java:logGet(46)) - raft.server.rpc.request.timeout = 3000ms (default)
2023-08-23 10:52:49,343 [Time-limited test] INFO  grpc.GrpcConfigKeys (ConfUtils.java:logGet(46)) - raft.grpc.server.heartbeat.channel = true (default)
2023-08-23 10:52:49,343 [Time-limited test] INFO  grpc.GrpcConfigKeys (ConfUtils.java:logGet(46)) - raft.grpc.server.async.request.thread.pool.cached = true (default)
2023-08-23 10:52:49,343 [Time-limited test] INFO  grpc.GrpcConfigKeys (ConfUtils.java:logGet(46)) - raft.grpc.server.async.request.thread.pool.size = 32 (default)
2023-08-23 10:52:49,345 [Time-limited test] INFO  impl.DataStreamServerImpl (ConfUtils.java:logGet(46)) - raft.datastream.type = DISABLED (default)
2023-08-23 10:52:49,345 [Time-limited test] INFO  server.RaftServerConfigKeys (ConfUtils.java:logGet(46)) - raft.server.threadpool.proxy.cached = true (default)
2023-08-23 10:52:49,345 [Time-limited test] INFO  server.RaftServerConfigKeys (ConfUtils.java:logGet(46)) - raft.server.threadpool.proxy.size = 0 (default)
2023-08-23 10:52:49,345 [Time-limited test] INFO  server.RaftServerConfigKeys (ConfUtils.java:logGet(46)) - raft.server.rpc.slowness.timeout = 120s (custom)
2023-08-23 10:52:49,345 [Time-limited test] INFO  server.RaftServerConfigKeys (ConfUtils.java:logGet(46)) - raft.server.leaderelection.leader.step-down.wait-time = 10s (default)
2023-08-23 10:52:49,345 [Time-limited test] INFO  server.RaftServerConfigKeys (ConfUtils.java:logGet(46)) - raft.server.storage.dir = [/tmp/junit1866855583952122079/junit6298727635675098747/om-meta/ratis] (custom)
2023-08-23 10:52:49,346 [Time-limited test] INFO  server.RaftServer (RaftServerProxy.java:addNew(98)) - om1: addNew group-C5BA1605619E:[om1|rpc:fv-az573-639:9872|priority:0|startupRole:FOLLOWER] returns group-C5BA1605619E:java.util.concurrent.CompletableFuture@392df476[Not completed]
2023-08-23 10:52:49,346 [Time-limited test] INFO  om.OzoneManager (OzoneManager.java:initializeRatisServer(2128)) - OzoneManager Ratis server initialized at port 9872
2023-08-23 10:52:49,346 [Time-limited test] INFO  om.OzoneManager (OzoneManager.java:getRpcServer(1193)) - Creating RPC Server
2023-08-23 10:52:49,347 [om1-groupManagement] INFO  server.RaftServer$Division (RaftServerImpl.java:<init>(198)) - om1: new RaftServerImpl for group-C5BA1605619E:[om1|rpc:fv-az573-639:9872|priority:0|startupRole:FOLLOWER] with OzoneManagerStateMachine:uninitialized
2023-08-23 10:52:49,347 [om1-groupManagement] INFO  server.RaftServerConfigKeys (ConfUtils.java:logGet(46)) - raft.server.rpc.timeout.min = 5s (custom)
2023-08-23 10:52:49,347 [om1-groupManagement] INFO  server.RaftServerConfigKeys (ConfUtils.java:logGet(46)) - raft.server.rpc.timeout.max = 5200ms (custom)
2023-08-23 10:52:49,347 [om1-groupManagement] INFO  server.RaftServerConfigKeys (ConfUtils.java:logGet(46)) - raft.server.rpc.sleep.time = 25ms (default)
2023-08-23 10:52:49,348 [om1-groupManagement] INFO  server.RaftServerConfigKeys (ConfUtils.java:logGet(46)) - raft.server.rpc.slowness.timeout = 120s (custom)
2023-08-23 10:52:49,348 [om1-groupManagement] INFO  server.RaftServerConfigKeys (ConfUtils.java:logGet(46)) - raft.server.leaderelection.leader.step-down.wait-time = 10s (default)
2023-08-23 10:52:49,348 [om1-groupManagement] INFO  server.RaftServerConfigKeys (ConfUtils.java:logGet(46)) - raft.server.sleep.deviation.threshold = 300ms (default)
2023-08-23 10:52:49,348 [om1-groupManagement] INFO  server.RaftServer$Division (ServerState.java:<init>(120)) - om1@group-C5BA1605619E: ConfigurationManager, init=-1: peers:[om1|rpc:fv-az573-639:9872|priority:0|startupRole:FOLLOWER]|listeners:[], old=null, confs=<EMPTY_MAP>
2023-08-23 10:52:49,348 [om1-groupManagement] INFO  server.RaftServerConfigKeys (ConfUtils.java:logGet(46)) - raft.server.storage.dir = [/tmp/junit1866855583952122079/junit6298727635675098747/om-meta/ratis] (custom)
2023-08-23 10:52:49,348 [om1-groupManagement] INFO  server.RaftServerConfigKeys (ConfUtils.java:logGet(46)) - raft.server.log.corruption.policy = EXCEPTION (default)
2023-08-23 10:52:49,348 [om1-groupManagement] INFO  server.RaftServerConfigKeys (ConfUtils.java:logGet(46)) - raft.server.storage.free-space.min = 0MB (=0) (default)
2023-08-23 10:52:49,348 [om1-groupManagement] INFO  server.RaftServerConfigKeys (ConfUtils.java:logGet(46)) - raft.server.notification.no-leader.timeout = 120s (custom)
2023-08-23 10:52:49,348 [om1-groupManagement] INFO  server.RaftServerConfigKeys (ConfUtils.java:logGet(46)) - raft.server.read.timeout = 10s (default)
2023-08-23 10:52:49,348 [om1-groupManagement] INFO  server.RaftServerConfigKeys (ConfUtils.java:logGet(46)) - raft.server.retrycache.expirytime = 300s (custom)
2023-08-23 10:52:49,348 [om1-groupManagement] INFO  server.RaftServerConfigKeys (ConfUtils.java:logGet(46)) - raft.server.retrycache.statistics.expirytime = 100μs (default)
2023-08-23 10:52:49,348 [om1-groupManagement] INFO  server.RaftServerConfigKeys (ConfUtils.java:logGet(46)) - raft.server.read.option = DEFAULT (default)
2023-08-23 10:52:49,349 [om1-groupManagement] INFO  server.RaftServerConfigKeys (ConfUtils.java:logGet(46)) - raft.server.rpc.request.timeout = 3000ms (default)
2023-08-23 10:52:49,349 [om1-groupManagement] INFO  server.RaftServerConfigKeys (ConfUtils.java:logGet(46)) - raft.server.log.appender.install.snapshot.enabled = false (custom)
2023-08-23 10:52:49,349 [om1-groupManagement] INFO  server.RaftServerConfigKeys (ConfUtils.java:logGet(46)) - raft.server.threadpool.server.cached = true (default)
2023-08-23 10:52:49,349 [om1-groupManagement] INFO  server.RaftServerConfigKeys (ConfUtils.java:logGet(46)) - raft.server.threadpool.server.size = 0 (default)
2023-08-23 10:52:49,349 [om1-groupManagement] INFO  server.RaftServerConfigKeys (ConfUtils.java:logGet(46)) - raft.server.threadpool.client.cached = true (default)
2023-08-23 10:52:49,349 [om1-groupManagement] INFO  server.RaftServerConfigKeys (ConfUtils.java:logGet(46)) - raft.server.threadpool.client.size = 0 (default)
2023-08-23 10:52:49,754 [Time-limited test] INFO  reflections.Reflections (Reflections.java:scan(232)) - Reflections took 407 ms to scan 19 urls, producing 70 keys and 5642 values [using 2 cores]
2023-08-23 10:52:49,755 [Time-limited test] INFO  ipc.CallQueueManager (CallQueueManager.java:<init>(90)) - Using callQueue: class java.util.concurrent.LinkedBlockingQueue, queueCapacity: 10000, scheduler: class org.apache.hadoop.ipc.DefaultRpcScheduler, ipcBackoff: false.
2023-08-23 10:52:49,756 [Time-limited test] INFO  ipc.Server (Server.java:<init>(1287)) - Listener at fv-az573-639:1202
2023-08-23 10:52:49,757 [Socket Reader #1 for port 1202] INFO  ipc.Server (Server.java:run(1323)) - Starting Socket Reader #1 for port 1202
2023-08-23 10:52:50,399 [Time-limited test] INFO  utils.SelfSignedCertificate (SelfSignedCertificate.java:generateCertificate(157)) - Certificate 1 is issued by CN=rootCA@localhost,OU=scm1,O=cluster1 to CN=rootCA@localhost,OU=scm1,O=cluster1, valid from Wed Aug 23 10:52:50 UTC 2023 to Sat Sep 30 10:52:50 UTC 2028
2023-08-23 10:52:50,402 [Time-limited test] INFO  authority.DefaultApprover (DefaultApprover.java:sign(154)) - Extensions in CSR: 2.5.29.15
2023-08-23 10:52:50,402 [Time-limited test] INFO  authority.DefaultApprover (DefaultApprover.java:sign(158)) - Extensions to add to the certificate if they present in CSR: 2.5.29.17, 2.5.29.19, 1.3.6.1.5.5.7.1.12, 2.5.29.35, 2.5.29.37, 2.5.29.15
2023-08-23 10:52:50,404 [Time-limited test] INFO  ssl.ReloadingX509KeyManager (ReloadingX509KeyManager.java:loadKeyManager(222)) - Key manager is loaded with certificate chain
2023-08-23 10:52:50,405 [Time-limited test] INFO  ssl.ReloadingX509KeyManager (ReloadingX509KeyManager.java:loadKeyManager(224)) - [
[
  Version: V3
  Subject: O=cluster1, OU=scm1, CN=localhost
  Signature Algorithm: SHA256withRSA, OID = 1.2.840.113549.1.1.11

  Key:  Sun RSA public key, 2048 bits
  params: null
  modulus: 22228208284846954113505111875236911146659362036571374383363807667104830568921929192688738308691014318890811494504443455114729344906387878075983115031369583961771780831230207145116707824800507238262918237394896128199716478707471143022192718329467630669283314242786315810960372983699699294440873248062947256682139100925058688433626769883885746728103774830062522512604900202580687516163539483883601797599888067320045714499841904069769460944919583051432462619624290932440079785125938756042287940060481260041519976553229193555553798025881808419882229963212062267428305862362553311793932873693120386836656073221606850157707
  public exponent: 65537
  Validity: [From: Wed Aug 23 10:52:50 UTC 2023,
               To: Thu Aug 22 10:52:50 UTC 2024]
  Issuer: O=cluster1, OU=scm1, CN=rootCA@localhost
  SerialNumber: [    018183ea 3fc2]

Certificate Extensions: 1
[1]: ObjectId: 2.5.29.15 Criticality=true
KeyUsage [
  DigitalSignature
  Key_Encipherment
  Data_Encipherment
  Key_Agreement
]

]
  Algorithm: [SHA256withRSA]
  Signature:
0000: 22 9D 2E 6E 37 77 C1 DE   A6 79 CA 24 6E E4 23 A2  "..n7w...y.$n.#.
0010: 97 3F 67 C5 63 0D 5F 8B   E9 F0 99 AD 20 81 F0 9E  .?g.c._..... ...
0020: A9 CA 3B AA 12 57 18 1D   1F CC 6D 61 FC F7 55 38  ..;..W....ma..U8
0030: 8E D2 46 2F F0 A5 B3 C6   F4 E0 F2 94 5C A2 97 7A  ..F/........\..z
0040: FB 99 6B 44 DE C3 9F 99   A9 CF 6D 68 3C 35 C8 D3  ..kD......mh<5..
0050: 5A B9 BB C9 23 B3 AB EB   F1 C9 87 26 B9 DC 46 28  Z...#......&..F(
0060: B7 C7 83 13 C2 85 53 D7   0F 27 4B 68 31 A0 9A 41  ......S..'Kh1..A
0070: 37 C3 93 73 F3 64 F3 EC   98 A2 EF 16 1B CA 5C CA  7..s.d........\.
0080: 5F CB B6 F1 F6 79 F3 D6   6D B9 2E 3E 71 77 AA CB  _....y..m..>qw..
0090: FF E7 08 D1 DA 79 07 60   4A FC 3D 57 CB D3 96 92  .....y.`J.=W....
00A0: 4F C5 63 10 F0 64 A1 79   CE 6D E7 54 C9 6E 02 E5  O.c..d.y.m.T.n..
00B0: CC 14 01 B9 BE 94 D4 A5   AD FB 72 9A 80 14 3B 94  ..........r...;.
00C0: 7C 64 7D E3 D9 E0 68 F4   1F A2 2D CF FA 40 C9 F6  .d....h...-..@..
00D0: 24 EC F8 F3 96 18 6B 83   3A A7 01 E1 E6 67 98 27  $.....k.:....g.'
00E0: D2 8A 89 D1 3B 2A D9 79   4A 73 C0 BB 77 E7 6E BC  ....;*.yJs..w.n.
00F0: 8F 57 82 7C FE 8C FB A9   7B AB E8 18 EF DA 03 DF  .W..............

]
2023-08-23 10:52:50,405 [Time-limited test] INFO  ssl.ReloadingX509KeyManager (ReloadingX509KeyManager.java:loadKeyManager(224)) - [
[
  Version: V3
  Subject: O=cluster1, OU=scm1, CN=rootCA@localhost
  Signature Algorithm: SHA256withRSA, OID = 1.2.840.113549.1.1.11

  Key:  Sun RSA public key, 2048 bits
  params: null
  modulus: 21079129450822436287568584530843980542910570437816944557309943359286164801480844894412782087648907595413561495953259388452434402339589597167061202813448108536285537346986767247495772613092911199685758128620999525083434925513849302018170884951182563678919137440216665916938325482643826363697842670875068638809599459654717673248349759531554608387764198101123029679644553318629038424976664030351185830399165014138657124430620285793590119482680362953943878805965182576563116653530134441240765138815896792315919828133143537611737661100486425066762927311070967241262929267872506621762849083585445854130673269661364513450137
  public exponent: 65537
  Validity: [From: Wed Aug 23 10:52:50 UTC 2023,
               To: Sat Sep 30 10:52:50 UTC 2028]
  Issuer: O=cluster1, OU=scm1, CN=rootCA@localhost
  SerialNumber: [    01]

Certificate Extensions: 2
[1]: ObjectId: 2.5.29.19 Criticality=true
BasicConstraints:[
  CA:true
  PathLen:2147483647
]

[2]: ObjectId: 2.5.29.15 Criticality=true
KeyUsage [
  Key_CertSign
  Crl_Sign
]

]
  Algorithm: [SHA256withRSA]
  Signature:
0000: 24 3A EB C9 F7 04 8D 84   35 8A B1 D3 C8 AC 29 3B  $:......5.....);
0010: 2C 9D 27 D9 D8 D4 9B 6F   78 59 26 14 B9 9C 55 37  ,.'....oxY&...U7
0020: 24 F3 B5 12 13 3F 7E 8D   E1 40 3E BA D5 E0 63 7D  $....?...@>...c.
0030: 0D CA 11 90 14 AC 00 7A   49 E1 86 D9 53 58 EA F1  .......zI...SX..
0040: BA 64 1A E8 BE BC 05 BE   FD DC BF 96 B1 DD 88 5E  .d.............^
0050: 18 7E 72 83 EB F8 64 BA   04 27 52 32 6E 93 E0 3F  ..r...d..'R2n..?
0060: 3C DC D6 FE 26 02 0B 88   BE B6 EC 81 72 04 08 57  <...&.......r..W
0070: 59 C9 A7 53 E5 A9 D2 DD   DA A4 F4 A7 C3 65 5E 14  Y..S.........e^.
0080: 26 08 77 F0 4E 9D CF DA   2D 12 E3 3C F8 9C 4A B5  &.w.N...-..<..J.
0090: F1 B3 90 5F A0 A4 E5 F2   80 41 AA AF 66 C4 D0 39  ..._.....A..f..9
00A0: E9 EE CA 2B 54 A1 FD 1B   EF E4 28 52 05 BB 8E 82  ...+T.....(R....
00B0: 4C 89 F9 F3 98 A5 BB EC   8C 3A 7C 2B 48 60 67 A0  L........:.+H`g.
00C0: BC 03 12 B1 27 15 5D 42   35 7B 00 3D 36 33 C5 15  ....'.]B5..=63..
00D0: C2 F1 CB F5 63 EC 29 1C   24 07 66 99 17 63 94 E6  ....c.).$.f..c..
00E0: D4 8F 6A 7E E6 E1 7D D2   59 D1 9C 61 99 95 B7 EC  ..j.....Y..a....
00F0: 1F 03 FB 8C 09 23 D5 DC   1A 99 FC 4C 51 80 39 6C  .....#.....LQ.9l

]
2023-08-23 10:52:50,405 [Time-limited test] INFO  ssl.ReloadingX509TrustManager (ReloadingX509TrustManager.java:insertCertsToKeystore(188)) - Trust manager is loaded with certificates
2023-08-23 10:52:50,406 [Time-limited test] INFO  ssl.ReloadingX509TrustManager (ReloadingX509TrustManager.java:insertCertsToKeystore(192)) - [
[
  Version: V3
  Subject: O=cluster1, OU=scm1, CN=rootCA@localhost
  Signature Algorithm: SHA256withRSA, OID = 1.2.840.113549.1.1.11

  Key:  Sun RSA public key, 2048 bits
  params: null
  modulus: 21079129450822436287568584530843980542910570437816944557309943359286164801480844894412782087648907595413561495953259388452434402339589597167061202813448108536285537346986767247495772613092911199685758128620999525083434925513849302018170884951182563678919137440216665916938325482643826363697842670875068638809599459654717673248349759531554608387764198101123029679644553318629038424976664030351185830399165014138657124430620285793590119482680362953943878805965182576563116653530134441240765138815896792315919828133143537611737661100486425066762927311070967241262929267872506621762849083585445854130673269661364513450137
  public exponent: 65537
  Validity: [From: Wed Aug 23 10:52:50 UTC 2023,
               To: Sat Sep 30 10:52:50 UTC 2028]
  Issuer: O=cluster1, OU=scm1, CN=rootCA@localhost
  SerialNumber: [    01]

Certificate Extensions: 2
[1]: ObjectId: 2.5.29.19 Criticality=true
BasicConstraints:[
  CA:true
  PathLen:2147483647
]

[2]: ObjectId: 2.5.29.15 Criticality=true
KeyUsage [
  Key_CertSign
  Crl_Sign
]

]
  Algorithm: [SHA256withRSA]
  Signature:
0000: 24 3A EB C9 F7 04 8D 84   35 8A B1 D3 C8 AC 29 3B  $:......5.....);
0010: 2C 9D 27 D9 D8 D4 9B 6F   78 59 26 14 B9 9C 55 37  ,.'....oxY&...U7
0020: 24 F3 B5 12 13 3F 7E 8D   E1 40 3E BA D5 E0 63 7D  $....?...@>...c.
0030: 0D CA 11 90 14 AC 00 7A   49 E1 86 D9 53 58 EA F1  .......zI...SX..
0040: BA 64 1A E8 BE BC 05 BE   FD DC BF 96 B1 DD 88 5E  .d.............^
0050: 18 7E 72 83 EB F8 64 BA   04 27 52 32 6E 93 E0 3F  ..r...d..'R2n..?
0060: 3C DC D6 FE 26 02 0B 88   BE B6 EC 81 72 04 08 57  <...&.......r..W
0070: 59 C9 A7 53 E5 A9 D2 DD   DA A4 F4 A7 C3 65 5E 14  Y..S.........e^.
0080: 26 08 77 F0 4E 9D CF DA   2D 12 E3 3C F8 9C 4A B5  &.w.N...-..<..J.
0090: F1 B3 90 5F A0 A4 E5 F2   80 41 AA AF 66 C4 D0 39  ..._.....A..f..9
00A0: E9 EE CA 2B 54 A1 FD 1B   EF E4 28 52 05 BB 8E 82  ...+T.....(R....
00B0: 4C 89 F9 F3 98 A5 BB EC   8C 3A 7C 2B 48 60 67 A0  L........:.+H`g.
00C0: BC 03 12 B1 27 15 5D 42   35 7B 00 3D 36 33 C5 15  ....'.]B5..=63..
00D0: C2 F1 CB F5 63 EC 29 1C   24 07 66 99 17 63 94 E6  ....c.).$.f..c..
00E0: D4 8F 6A 7E E6 E1 7D D2   59 D1 9C 61 99 95 B7 EC  ..j.....Y..a....
00F0: 1F 03 FB 8C 09 23 D5 DC   1A 99 FC 4C 51 80 39 6C  .....#.....LQ.9l

]
2023-08-23 10:52:50,406 [Time-limited test] INFO  ssl.ReloadingX509KeyManager (ReloadingX509KeyManager.java:loadKeyManager(222)) - Key manager is loaded with certificate chain
2023-08-23 10:52:50,406 [Time-limited test] INFO  ssl.ReloadingX509KeyManager (ReloadingX509KeyManager.java:loadKeyManager(224)) - [
[
  Version: V3
  Subject: O=cluster1, OU=scm1, CN=localhost
  Signature Algorithm: SHA256withRSA, OID = 1.2.840.113549.1.1.11

  Key:  Sun RSA public key, 2048 bits
  params: null
  modulus: 22228208284846954113505111875236911146659362036571374383363807667104830568921929192688738308691014318890811494504443455114729344906387878075983115031369583961771780831230207145116707824800507238262918237394896128199716478707471143022192718329467630669283314242786315810960372983699699294440873248062947256682139100925058688433626769883885746728103774830062522512604900202580687516163539483883601797599888067320045714499841904069769460944919583051432462619624290932440079785125938756042287940060481260041519976553229193555553798025881808419882229963212062267428305862362553311793932873693120386836656073221606850157707
  public exponent: 65537
  Validity: [From: Wed Aug 23 10:52:50 UTC 2023,
               To: Thu Aug 22 10:52:50 UTC 2024]
  Issuer: O=cluster1, OU=scm1, CN=rootCA@localhost
  SerialNumber: [    018183ea 3fc2]

Certificate Extensions: 1
[1]: ObjectId: 2.5.29.15 Criticality=true
KeyUsage [
  DigitalSignature
  Key_Encipherment
  Data_Encipherment
  Key_Agreement
]

]
  Algorithm: [SHA256withRSA]
  Signature:
0000: 22 9D 2E 6E 37 77 C1 DE   A6 79 CA 24 6E E4 23 A2  "..n7w...y.$n.#.
0010: 97 3F 67 C5 63 0D 5F 8B   E9 F0 99 AD 20 81 F0 9E  .?g.c._..... ...
0020: A9 CA 3B AA 12 57 18 1D   1F CC 6D 61 FC F7 55 38  ..;..W....ma..U8
0030: 8E D2 46 2F F0 A5 B3 C6   F4 E0 F2 94 5C A2 97 7A  ..F/........\..z
0040: FB 99 6B 44 DE C3 9F 99   A9 CF 6D 68 3C 35 C8 D3  ..kD......mh<5..
0050: 5A B9 BB C9 23 B3 AB EB   F1 C9 87 26 B9 DC 46 28  Z...#......&..F(
0060: B7 C7 83 13 C2 85 53 D7   0F 27 4B 68 31 A0 9A 41  ......S..'Kh1..A
0070: 37 C3 93 73 F3 64 F3 EC   98 A2 EF 16 1B CA 5C CA  7..s.d........\.
0080: 5F CB B6 F1 F6 79 F3 D6   6D B9 2E 3E 71 77 AA CB  _....y..m..>qw..
0090: FF E7 08 D1 DA 79 07 60   4A FC 3D 57 CB D3 96 92  .....y.`J.=W....
00A0: 4F C5 63 10 F0 64 A1 79   CE 6D E7 54 C9 6E 02 E5  O.c..d.y.m.T.n..
00B0: CC 14 01 B9 BE 94 D4 A5   AD FB 72 9A 80 14 3B 94  ..........r...;.
00C0: 7C 64 7D E3 D9 E0 68 F4   1F A2 2D CF FA 40 C9 F6  .d....h...-..@..
00D0: 24 EC F8 F3 96 18 6B 83   3A A7 01 E1 E6 67 98 27  $.....k.:....g.'
00E0: D2 8A 89 D1 3B 2A D9 79   4A 73 C0 BB 77 E7 6E BC  ....;*.yJs..w.n.
00F0: 8F 57 82 7C FE 8C FB A9   7B AB E8 18 EF DA 03 DF  .W..............

]
2023-08-23 10:52:50,406 [Time-limited test] INFO  ssl.ReloadingX509KeyManager (ReloadingX509KeyManager.java:loadKeyManager(224)) - [
[
  Version: V3
  Subject: O=cluster1, OU=scm1, CN=rootCA@localhost
  Signature Algorithm: SHA256withRSA, OID = 1.2.840.113549.1.1.11

  Key:  Sun RSA public key, 2048 bits
  params: null
  modulus: 21079129450822436287568584530843980542910570437816944557309943359286164801480844894412782087648907595413561495953259388452434402339589597167061202813448108536285537346986767247495772613092911199685758128620999525083434925513849302018170884951182563678919137440216665916938325482643826363697842670875068638809599459654717673248349759531554608387764198101123029679644553318629038424976664030351185830399165014138657124430620285793590119482680362953943878805965182576563116653530134441240765138815896792315919828133143537611737661100486425066762927311070967241262929267872506621762849083585445854130673269661364513450137
  public exponent: 65537
  Validity: [From: Wed Aug 23 10:52:50 UTC 2023,
               To: Sat Sep 30 10:52:50 UTC 2028]
  Issuer: O=cluster1, OU=scm1, CN=rootCA@localhost
  SerialNumber: [    01]

Certificate Extensions: 2
[1]: ObjectId: 2.5.29.19 Criticality=true
BasicConstraints:[
  CA:true
  PathLen:2147483647
]

[2]: ObjectId: 2.5.29.15 Criticality=true
KeyUsage [
  Key_CertSign
  Crl_Sign
]

]
  Algorithm: [SHA256withRSA]
  Signature:
0000: 24 3A EB C9 F7 04 8D 84   35 8A B1 D3 C8 AC 29 3B  $:......5.....);
0010: 2C 9D 27 D9 D8 D4 9B 6F   78 59 26 14 B9 9C 55 37  ,.'....oxY&...U7
0020: 24 F3 B5 12 13 3F 7E 8D   E1 40 3E BA D5 E0 63 7D  $....?...@>...c.
0030: 0D CA 11 90 14 AC 00 7A   49 E1 86 D9 53 58 EA F1  .......zI...SX..
0040: BA 64 1A E8 BE BC 05 BE   FD DC BF 96 B1 DD 88 5E  .d.............^
0050: 18 7E 72 83 EB F8 64 BA   04 27 52 32 6E 93 E0 3F  ..r...d..'R2n..?
0060: 3C DC D6 FE 26 02 0B 88   BE B6 EC 81 72 04 08 57  <...&.......r..W
0070: 59 C9 A7 53 E5 A9 D2 DD   DA A4 F4 A7 C3 65 5E 14  Y..S.........e^.
0080: 26 08 77 F0 4E 9D CF DA   2D 12 E3 3C F8 9C 4A B5  &.w.N...-..<..J.
0090: F1 B3 90 5F A0 A4 E5 F2   80 41 AA AF 66 C4 D0 39  ..._.....A..f..9
00A0: E9 EE CA 2B 54 A1 FD 1B   EF E4 28 52 05 BB 8E 82  ...+T.....(R....
00B0: 4C 89 F9 F3 98 A5 BB EC   8C 3A 7C 2B 48 60 67 A0  L........:.+H`g.
00C0: BC 03 12 B1 27 15 5D 42   35 7B 00 3D 36 33 C5 15  ....'.]B5..=63..
00D0: C2 F1 CB F5 63 EC 29 1C   24 07 66 99 17 63 94 E6  ....c.).$.f..c..
00E0: D4 8F 6A 7E E6 E1 7D D2   59 D1 9C 61 99 95 B7 EC  ..j.....Y..a....
00F0: 1F 03 FB 8C 09 23 D5 DC   1A 99 FC 4C 51 80 39 6C  .....#.....LQ.9l

]
2023-08-23 10:52:50,407 [Time-limited test] INFO  ssl.ReloadingX509TrustManager (ReloadingX509TrustManager.java:insertCertsToKeystore(188)) - Trust manager is loaded with certificates
2023-08-23 10:52:50,407 [Time-limited test] INFO  ssl.ReloadingX509TrustManager (ReloadingX509TrustManager.java:insertCertsToKeystore(192)) - [
[
  Version: V3
  Subject: O=cluster1, OU=scm1, CN=rootCA@localhost
  Signature Algorithm: SHA256withRSA, OID = 1.2.840.113549.1.1.11

  Key:  Sun RSA public key, 2048 bits
  params: null
  modulus: 21079129450822436287568584530843980542910570437816944557309943359286164801480844894412782087648907595413561495953259388452434402339589597167061202813448108536285537346986767247495772613092911199685758128620999525083434925513849302018170884951182563678919137440216665916938325482643826363697842670875068638809599459654717673248349759531554608387764198101123029679644553318629038424976664030351185830399165014138657124430620285793590119482680362953943878805965182576563116653530134441240765138815896792315919828133143537611737661100486425066762927311070967241262929267872506621762849083585445854130673269661364513450137
  public exponent: 65537
  Validity: [From: Wed Aug 23 10:52:50 UTC 2023,
               To: Sat Sep 30 10:52:50 UTC 2028]
  Issuer: O=cluster1, OU=scm1, CN=rootCA@localhost
  SerialNumber: [    01]

Certificate Extensions: 2
[1]: ObjectId: 2.5.29.19 Criticality=true
BasicConstraints:[
  CA:true
  PathLen:2147483647
]

[2]: ObjectId: 2.5.29.15 Criticality=true
KeyUsage [
  Key_CertSign
  Crl_Sign
]

]
  Algorithm: [SHA256withRSA]
  Signature:
0000: 24 3A EB C9 F7 04 8D 84   35 8A B1 D3 C8 AC 29 3B  $:......5.....);
0010: 2C 9D 27 D9 D8 D4 9B 6F   78 59 26 14 B9 9C 55 37  ,.'....oxY&...U7
0020: 24 F3 B5 12 13 3F 7E 8D   E1 40 3E BA D5 E0 63 7D  $....?...@>...c.
0030: 0D CA 11 90 14 AC 00 7A   49 E1 86 D9 53 58 EA F1  .......zI...SX..
0040: BA 64 1A E8 BE BC 05 BE   FD DC BF 96 B1 DD 88 5E  .d.............^
0050: 18 7E 72 83 EB F8 64 BA   04 27 52 32 6E 93 E0 3F  ..r...d..'R2n..?
0060: 3C DC D6 FE 26 02 0B 88   BE B6 EC 81 72 04 08 57  <...&.......r..W
0070: 59 C9 A7 53 E5 A9 D2 DD   DA A4 F4 A7 C3 65 5E 14  Y..S.........e^.
0080: 26 08 77 F0 4E 9D CF DA   2D 12 E3 3C F8 9C 4A B5  &.w.N...-..<..J.
0090: F1 B3 90 5F A0 A4 E5 F2   80 41 AA AF 66 C4 D0 39  ..._.....A..f..9
00A0: E9 EE CA 2B 54 A1 FD 1B   EF E4 28 52 05 BB 8E 82  ...+T.....(R....
00B0: 4C 89 F9 F3 98 A5 BB EC   8C 3A 7C 2B 48 60 67 A0  L........:.+H`g.
00C0: BC 03 12 B1 27 15 5D 42   35 7B 00 3D 36 33 C5 15  ....'.]B5..=63..
00D0: C2 F1 CB F5 63 EC 29 1C   24 07 66 99 17 63 94 E6  ....c.).$.f..c..
00E0: D4 8F 6A 7E E6 E1 7D D2   59 D1 9C 61 99 95 B7 EC  ..j.....Y..a....
00F0: 1F 03 FB 8C 09 23 D5 DC   1A 99 FC 4C 51 80 39 6C  .....#.....LQ.9l

]
2023-08-23 10:52:50,408 [Time-limited test] INFO  impl.MetricsSystemImpl (MetricsSystemImpl.java:init(158)) - OzoneManager metrics system started (again)
2023-08-23 10:52:50,419 [Time-limited test] INFO  om.OzoneManager (OzoneManager.java:start(1613)) - OzoneManager RPC server is listening at fv-az573-639/10.1.0.17:1202
2023-08-23 10:52:50,419 [Time-limited test] INFO  ratis.OzoneManagerRatisServer (OzoneManagerRatisServer.java:start(558)) - Starting OzoneManagerRatisServer om1 at port 9872
2023-08-23 10:52:50,420 [om1-impl-thread1] INFO  storage.RaftStorageDirectory (RaftStorageDirectoryImpl.java:analyzeStorage(137)) - The storage directory /tmp/junit1866855583952122079/junit6298727635675098747/om-meta/ratis/bf265839-605b-3f16-9796-c5ba1605619e does not exist. Creating ...
2023-08-23 10:52:50,421 [om1-impl-thread1] INFO  storage.RaftStorageDirectory (RaftStorageDirectoryImpl.java:tryLock(231)) - Lock on /tmp/junit1866855583952122079/junit6298727635675098747/om-meta/ratis/bf265839-605b-3f16-9796-c5ba1605619e/in_use.lock acquired by nodename 9587@fv-az573-639
2023-08-23 10:52:50,422 [om1-impl-thread1] INFO  storage.RaftStorage (RaftStorageImpl.java:format(96)) - Storage directory /tmp/junit1866855583952122079/junit6298727635675098747/om-meta/ratis/bf265839-605b-3f16-9796-c5ba1605619e has been successfully formatted.
2023-08-23 10:52:50,423 [om1-impl-thread1] INFO  server.RaftServerConfigKeys (ConfUtils.java:logGet(46)) - raft.server.log.use.memory = false (default)
2023-08-23 10:52:50,423 [om1-impl-thread1] INFO  server.RaftServerConfigKeys (ConfUtils.java:logGet(46)) - raft.server.log.purge.gap = 1000000 (custom)
2023-08-23 10:52:50,423 [om1-impl-thread1] INFO  server.RaftServerConfigKeys (ConfUtils.java:logGet(46)) - raft.server.log.appender.buffer.byte-limit = 33554432 (custom)
2023-08-23 10:52:50,423 [om1-impl-thread1] INFO  server.RaftServerConfigKeys (ConfUtils.java:logGet(46)) - raft.server.log.statemachine.data.read.timeout = 1000ms (default)
2023-08-23 10:52:50,423 [om1-impl-thread1] INFO  server.RaftServerConfigKeys (ConfUtils.java:logGet(46)) - raft.server.log.purge.preservation.log.num = 0 (default)
2023-08-23 10:52:50,423 [om1-impl-thread1] INFO  server.RaftServerConfigKeys (ConfUtils.java:logGet(46)) - raft.server.log.segment.size.max = 4194304 (custom)
2023-08-23 10:52:50,423 [om1-impl-thread1] INFO  server.RaftServerConfigKeys (ConfUtils.java:logGet(46)) - raft.server.log.segment.cache.num.max = 2 (custom)
2023-08-23 10:52:50,423 [om1-impl-thread1] INFO  server.RaftServerConfigKeys (ConfUtils.java:logGet(46)) - raft.server.log.segment.cache.size.max = 200MB (=209715200) (default)
2023-08-23 10:52:50,423 [om1-impl-thread1] INFO  server.RaftServerConfigKeys (ConfUtils.java:logGet(46)) - raft.server.log.appender.buffer.byte-limit = 33554432 (custom)
2023-08-23 10:52:50,423 [om1-impl-thread1] INFO  segmented.SegmentedRaftLogWorker (SegmentedRaftLogWorker.java:<init>(188)) - new om1@group-C5BA1605619E-SegmentedRaftLogWorker for RaftStorageImpl:Storage Directory /tmp/junit1866855583952122079/junit6298727635675098747/om-meta/ratis/bf265839-605b-3f16-9796-c5ba1605619e
2023-08-23 10:52:50,423 [om1-impl-thread1] INFO  server.RaftServerConfigKeys (ConfUtils.java:logGet(46)) - raft.server.log.queue.byte-limit = 64MB (=67108864) (default)
2023-08-23 10:52:50,423 [om1-impl-thread1] INFO  server.RaftServerConfigKeys (ConfUtils.java:logGet(46)) - raft.server.log.queue.element-limit = 4096 (default)
2023-08-23 10:52:50,424 [om1-impl-thread1] INFO  server.RaftServerConfigKeys (ConfUtils.java:logGet(46)) - raft.server.log.segment.size.max = 4194304 (custom)
2023-08-23 10:52:50,424 [om1-impl-thread1] INFO  server.RaftServerConfigKeys (ConfUtils.java:logGet(46)) - raft.server.log.preallocated.size = 4194304 (custom)
2023-08-23 10:52:50,424 [om1-impl-thread1] INFO  server.RaftServerConfigKeys (ConfUtils.java:logGet(46)) - raft.server.log.force.sync.num = 128 (default)
2023-08-23 10:52:50,424 [om1-impl-thread1] INFO  server.RaftServerConfigKeys (ConfUtils.java:logGet(46)) - raft.server.log.statemachine.data.sync = true (default)
2023-08-23 10:52:50,424 [om1-impl-thread1] INFO  server.RaftServerConfigKeys (ConfUtils.java:logGet(46)) - raft.server.log.statemachine.data.sync.timeout = 10s (default)
2023-08-23 10:52:50,424 [om1-impl-thread1] INFO  server.RaftServerConfigKeys (ConfUtils.java:logGet(46)) - raft.server.log.statemachine.data.sync.timeout.retry = -1 (default)
2023-08-23 10:52:50,424 [om1-impl-thread1] INFO  server.RaftServerConfigKeys (ConfUtils.java:logGet(46)) - raft.server.log.write.buffer.size = 64KB (=65536) (default)
2023-08-23 10:52:50,424 [om1-impl-thread1] INFO  server.RaftServerConfigKeys (ConfUtils.java:logGet(46)) - raft.server.log.appender.buffer.byte-limit = 33554432 (custom)
2023-08-23 10:52:50,429 [om1-impl-thread1] INFO  server.RaftServerConfigKeys (ConfUtils.java:logGet(46)) - raft.server.log.unsafe-flush.enabled = false (default)
2023-08-23 10:52:50,429 [om1-impl-thread1] INFO  server.RaftServerConfigKeys (ConfUtils.java:logGet(46)) - raft.server.log.async-flush.enabled = false (default)
2023-08-23 10:52:50,429 [om1-impl-thread1] INFO  server.RaftServerConfigKeys (ConfUtils.java:logGet(46)) - raft.server.log.statemachine.data.caching.enabled = false (default)
2023-08-23 10:52:50,429 [om1-impl-thread1] INFO  segmented.SegmentedRaftLogWorker (SegmentedRaftLogWorker.java:lambda$new$0(135)) - om1@group-C5BA1605619E-SegmentedRaftLogWorker: flushIndex: setUnconditionally 0 -> -1
2023-08-23 10:52:50,429 [om1-impl-thread1] INFO  segmented.SegmentedRaftLogWorker (SegmentedRaftLogWorker.java:lambda$new$0(135)) - om1@group-C5BA1605619E-SegmentedRaftLogWorker: safeCacheEvictIndex: setUnconditionally 0 -> -1
2023-08-23 10:52:50,429 [om1-impl-thread1] INFO  server.RaftServer$Division (RaftServerImpl.java:start(342)) - om1@group-C5BA1605619E: start as a follower, conf=-1: peers:[om1|rpc:fv-az573-639:9872|priority:0|startupRole:FOLLOWER]|listeners:[], old=null
2023-08-23 10:52:50,429 [om1-impl-thread1] INFO  server.RaftServer$Division (RaftServerImpl.java:setRole(329)) - om1@group-C5BA1605619E: changes role from      null to FOLLOWER at term 0 for startAsFollower
2023-08-23 10:52:50,432 [om1-impl-thread1] INFO  impl.RoleInfo (RoleInfo.java:updateAndGet(139)) - om1: start om1@group-C5BA1605619E-FollowerState
2023-08-23 10:52:50,432 [om1@group-C5BA1605619E-FollowerState] INFO  server.RaftServerConfigKeys (ConfUtils.java:logFallback(53)) - raft.server.rpc.first-election.timeout.min = 5s (fallback to raft.server.rpc.timeout.min)
2023-08-23 10:52:50,432 [om1@group-C5BA1605619E-FollowerState] INFO  server.RaftServerConfigKeys (ConfUtils.java:logFallback(53)) - raft.server.rpc.first-election.timeout.max = 5200ms (fallback to raft.server.rpc.timeout.max)
2023-08-23 10:52:50,433 [om1-impl-thread1] INFO  util.JmxRegister (JmxRegister.java:tryRegister(44)) - Successfully registered JMX Bean with object name Ratis:service=RaftServer,group=group-C5BA1605619E,id=om1
2023-08-23 10:52:50,433 [om1-impl-thread1] INFO  server.RaftServerConfigKeys (ConfUtils.java:logGet(46)) - raft.server.snapshot.auto.trigger.enabled = true (custom)
2023-08-23 10:52:50,433 [om1-impl-thread1] INFO  server.RaftServerConfigKeys (ConfUtils.java:logGet(46)) - raft.server.snapshot.auto.trigger.threshold = 400000 (default)
2023-08-23 10:52:50,433 [om1-impl-thread1] INFO  server.RaftServerConfigKeys (ConfUtils.java:logGet(46)) - raft.server.snapshot.retention.file.num = -1 (default)
2023-08-23 10:52:50,433 [om1-impl-thread1] INFO  server.RaftServerConfigKeys (ConfUtils.java:logGet(46)) - raft.server.log.purge.upto.snapshot.index = true (custom)
2023-08-23 10:52:50,433 [Time-limited test] INFO  server.RaftServer (RaftServerProxy.java:startImpl(400)) - om1: start RPC server
2023-08-23 10:52:50,435 [Time-limited test] INFO  server.GrpcService (GrpcService.java:startImpl(302)) - om1: GrpcService started, listening on 9872
2023-08-23 10:52:50,435 [Time-limited test] INFO  om.OzoneManager (OzoneManager.java:startSecretManager(1103)) - Starting OM delegation token secret manager
2023-08-23 10:52:50,435 [JvmPauseMonitor7] INFO  util.JvmPauseMonitor (JvmPauseMonitor.java:run(103)) - JvmPauseMonitor-om1: Started
2023-08-23 10:52:50,435 [Time-limited test] INFO  security.OzoneDelegationTokenSecretManager (OzoneSecretManager.java:updateCurrentKey(175)) - Updating current master key for generating tokens. Cert id 1655775576002
2023-08-23 10:52:50,435 [Thread[Thread-1694,5,FailOnTimeoutGroup]] INFO  security.OzoneDelegationTokenSecretManager (OzoneDelegationTokenSecretManager.java:run(636)) - Starting expired delegation token remover thread, tokenRemoverScanInterval=60 min(s)
2023-08-23 10:52:50,436 [Time-limited test] INFO  om.OzoneManager (OzoneManager.java:start(1629)) - Version File has different layout version (6) than OM DB (null). That is expected if this OM has never been finalized to a newer layout version.
2023-08-23 10:52:50,441 [Time-limited test] INFO  http.BaseHttpServer (BaseHttpServer.java:newHttpServer2BuilderForOzone(224)) - Starting Web-server for ozoneManager at: http://0.0.0.0:9874
2023-08-23 10:52:50,441 [Time-limited test] INFO  http.BaseHttpServer (BaseHttpServer.java:<init>(111)) - Hadoop Security Enabled: true Ozone Security Enabled: true Ozone HTTP Security Enabled: false 
2023-08-23 10:52:50,443 [Time-limited test] WARN  server.AuthenticationFilter (AuthenticationFilter.java:constructSecretProvider(240)) - Unable to initialize FileSignerSecretProvider, falling back to use random secrets. Reason: Could not read signature secret file: /home/runner/hadoop-http-auth-signature-secret
2023-08-23 10:52:50,443 [Time-limited test] INFO  http.HttpRequestLog (HttpRequestLog.java:getRequestLog(86)) - Http request log for http.requests.ozoneManager is not defined
2023-08-23 10:52:50,448 [Time-limited test] INFO  http.HttpServer2 (HttpServer2.java:addGlobalFilter(1031)) - Added global filter 'safety' (class=org.apache.hadoop.hdds.server.http.HttpServer2$QuotingInputFilter)
2023-08-23 10:52:50,448 [Time-limited test] INFO  http.HttpServer2 (HttpServer2.java:addFilter(1007)) - Added filter static_user_filter (class=org.apache.hadoop.http.lib.StaticUserWebFilter$StaticUserFilter) to context ozoneManager
2023-08-23 10:52:50,449 [Time-limited test] INFO  http.HttpServer2 (HttpServer2.java:addFilter(1015)) - Added filter static_user_filter (class=org.apache.hadoop.http.lib.StaticUserWebFilter$StaticUserFilter) to context static
2023-08-23 10:52:50,449 [Time-limited test] INFO  http.HttpServer2 (HttpServer2.java:addFilter(1015)) - Added filter static_user_filter (class=org.apache.hadoop.http.lib.StaticUserWebFilter$StaticUserFilter) to context logs
2023-08-23 10:52:50,449 [Time-limited test] INFO  http.BaseHttpServer (BaseHttpServer.java:<init>(190)) - HTTP server of ozoneManager uses base directory /tmp/junit1866855583952122079/junit6298727635675098747/om-meta/webserver
2023-08-23 10:52:50,450 [Time-limited test] INFO  http.HttpServer2 (HttpServer2.java:bindListener(1250)) - Jetty bound to port 9874
2023-08-23 10:52:50,450 [Time-limited test] INFO  server.Server (Server.java:doStart(375)) - jetty-9.4.51.v20230217; built: 2023-02-17T08:19:37.309Z; git: b45c405e4544384de066f814ed42ae3dceacdd49; jvm 1.8.0_382-b05
2023-08-23 10:52:50,451 [Time-limited test] INFO  server.session (DefaultSessionIdManager.java:doStart(334)) - DefaultSessionIdManager workerName=node0
2023-08-23 10:52:50,451 [Time-limited test] INFO  server.session (DefaultSessionIdManager.java:doStart(339)) - No SessionScavenger set, using defaults
2023-08-23 10:52:50,451 [Time-limited test] INFO  server.session (HouseKeeper.java:startScavenging(132)) - node0 Scavenging every 600000ms
2023-08-23 10:52:50,452 [Time-limited test] INFO  handler.ContextHandler (ContextHandler.java:doStart(921)) - Started o.e.j.s.ServletContextHandler@43877a4d{logs,/logs,file:///home/runner/work/ozone/ozone/hadoop-ozone/integration-test/target/log,AVAILABLE}
2023-08-23 10:52:50,452 [Time-limited test] INFO  handler.ContextHandler (ContextHandler.java:doStart(921)) - Started o.e.j.s.ServletContextHandler@1b3e2729{static,/static,file:///home/runner/work/ozone/ozone/hadoop-ozone/integration-test/target/test-classes/webapps/static,AVAILABLE}
2023-08-23 10:52:50,456 [Time-limited test] INFO  handler.ContextHandler (ContextHandler.java:doStart(921)) - Started o.e.j.w.WebAppContext@5107f372{ozoneManager,/,file:///home/runner/work/ozone/ozone/hadoop-ozone/integration-test/target/test-classes/webapps/ozoneManager/,AVAILABLE}{file:/home/runner/work/ozone/ozone/hadoop-ozone/integration-test/target/test-classes/webapps/ozoneManager}
2023-08-23 10:52:50,456 [Time-limited test] INFO  server.AbstractConnector (AbstractConnector.java:doStart(333)) - Started ServerConnector@4033c5eb{HTTP/1.1, (http/1.1)}{0.0.0.0:9874}
2023-08-23 10:52:50,457 [Time-limited test] INFO  server.Server (Server.java:doStart(415)) - Started @128883ms
2023-08-23 10:52:50,457 [Time-limited test] WARN  impl.MetricsSystemImpl (MetricsSystemImpl.java:register(279)) - Sink prometheus already exists!
2023-08-23 10:52:50,457 [Time-limited test] INFO  http.BaseHttpServer (BaseHttpServer.java:updateConnectorAddress(344)) - HTTP server of ozoneManager listening at http://0.0.0.0:9874
2023-08-23 10:52:50,458 [IPC Server Responder] INFO  ipc.Server (Server.java:run(1562)) - IPC Server Responder: starting
2023-08-23 10:52:50,465 [IPC Server listener on 1202] INFO  ipc.Server (Server.java:run(1402)) - IPC Server listener on 1202: starting
2023-08-23 10:52:50,473 [Time-limited test] INFO  om.OzoneManager (OzoneManager.java:startTrashEmptier(2081)) - Trash Interval set to 0. Files deleted won't move to trash
2023-08-23 10:52:50,480 [pool-519-thread-2] INFO  request.TgsRequest (TgsRequest.java:issueTicket(115)) - TGS_REQ ISSUE: authtime 1692787970480,om/fv-az573-639 for om/fv-az573-639@EXAMPLE.COM
2023-08-23 10:52:50,494 [Socket Reader #1 for port 1202] INFO  ipc.Server (Server.java:saslProcess(2139)) - Auth successful for om/fv-az573-639@EXAMPLE.COM (auth:KERBEROS) from fv-az573-639:35041 / 10.1.0.17:35041
2023-08-23 10:52:52,511 [Time-limited test] INFO  retry.RetryInvocationHandler (RetryInvocationHandler.java:log(422)) - com.google.protobuf.ServiceException: org.apache.hadoop.ipc.RemoteException(org.apache.hadoop.ozone.om.exceptions.OMNotLeaderException): OM:om1 is not the leader. Could not determine the leader node.
	at org.apache.hadoop.ozone.om.OzoneManager.checkLeaderStatus(OzoneManager.java:3996)
	at org.apache.hadoop.ozone.om.ratis.utils.OzoneManagerRatisUtils.checkLeaderStatus(OzoneManagerRatisUtils.java:473)
	at org.apache.hadoop.ozone.protocolPB.OzoneManagerProtocolServerSideTranslatorPB.processRequest(OzoneManagerProtocolServerSideTranslatorPB.java:185)
	at org.apache.hadoop.hdds.server.OzoneProtocolMessageDispatcher.processRequest(OzoneProtocolMessageDispatcher.java:87)
	at org.apache.hadoop.ozone.protocolPB.OzoneManagerProtocolServerSideTranslatorPB.submitRequest(OzoneManagerProtocolServerSideTranslatorPB.java:148)
	at org.apache.hadoop.ozone.protocol.proto.OzoneManagerProtocolProtos$OzoneManagerService$2.callBlockingMethod(OzoneManagerProtocolProtos.java)
	at org.apache.hadoop.ipc.ProtobufRpcEngine$Server.processCall(ProtobufRpcEngine.java:484)
	at org.apache.hadoop.ipc.ProtobufRpcEngine2$Server$ProtoBufRpcInvoker.call(ProtobufRpcEngine2.java:595)
	at org.apache.hadoop.ipc.ProtobufRpcEngine2$Server$ProtoBufRpcInvoker.call(ProtobufRpcEngine2.java:573)
	at org.apache.hadoop.ipc.RPC$Server.call(RPC.java:1227)
	at org.apache.hadoop.ipc.Server$RpcCall.run(Server.java:1094)
	at org.apache.hadoop.ipc.Server$RpcCall.run(Server.java:1017)
	at java.security.AccessController.doPrivileged(Native Method)
	at javax.security.auth.Subject.doAs(Subject.java:422)
	at org.apache.hadoop.security.UserGroupInformation.doAs(UserGroupInformation.java:1899)
	at org.apache.hadoop.ipc.Server$Handler.run(Server.java:3048)
, while invoking $Proxy53.submitRequest over nodeId=null,nodeAddress=fv-az573-639:1202 after 1 failover attempts. Trying to failover after sleeping for 4000ms. Current retry count: 1.
2023-08-23 10:52:55,438 [om1@group-C5BA1605619E-FollowerState] INFO  impl.FollowerState (FollowerState.java:run(143)) - om1@group-C5BA1605619E-FollowerState: change to CANDIDATE, lastRpcElapsedTime:5005768036ns, electionTimeout:5005ms
2023-08-23 10:52:55,438 [om1@group-C5BA1605619E-FollowerState] INFO  impl.RoleInfo (RoleInfo.java:shutdownFollowerState(110)) - om1: shutdown om1@group-C5BA1605619E-FollowerState
2023-08-23 10:52:55,438 [om1@group-C5BA1605619E-FollowerState] INFO  server.RaftServer$Division (RaftServerImpl.java:setRole(329)) - om1@group-C5BA1605619E: changes role from  FOLLOWER to CANDIDATE at term 0 for changeToCandidate
2023-08-23 10:52:55,438 [om1@group-C5BA1605619E-FollowerState] INFO  server.RaftServerConfigKeys (ConfUtils.java:logGet(46)) - raft.server.leaderelection.pre-vote = true (default)
2023-08-23 10:52:55,438 [om1@group-C5BA1605619E-FollowerState] INFO  impl.RoleInfo (RoleInfo.java:updateAndGet(139)) - om1: start om1@group-C5BA1605619E-LeaderElection4
2023-08-23 10:52:55,440 [om1@group-C5BA1605619E-LeaderElection4] INFO  impl.LeaderElection (LeaderElection.java:askForVotes(321)) - om1@group-C5BA1605619E-LeaderElection4 PRE_VOTE round 0: submit vote requests at term 0 for -1: peers:[om1|rpc:fv-az573-639:9872|priority:0|startupRole:FOLLOWER]|listeners:[], old=null
2023-08-23 10:52:55,440 [om1@group-C5BA1605619E-LeaderElection4] INFO  impl.LeaderElection (LeaderElection.java:askForVotes(323)) - om1@group-C5BA1605619E-LeaderElection4 PRE_VOTE round 0: result PASSED (term=0)
2023-08-23 10:52:55,441 [om1@group-C5BA1605619E-LeaderElection4] INFO  impl.LeaderElection (LeaderElection.java:askForVotes(321)) - om1@group-C5BA1605619E-LeaderElection4 ELECTION round 0: submit vote requests at term 1 for -1: peers:[om1|rpc:fv-az573-639:9872|priority:0|startupRole:FOLLOWER]|listeners:[], old=null
2023-08-23 10:52:55,441 [om1@group-C5BA1605619E-LeaderElection4] INFO  impl.LeaderElection (LeaderElection.java:askForVotes(323)) - om1@group-C5BA1605619E-LeaderElection4 ELECTION round 0: result PASSED (term=1)
2023-08-23 10:52:55,441 [om1@group-C5BA1605619E-LeaderElection4] INFO  impl.RoleInfo (RoleInfo.java:shutdownLeaderElection(130)) - om1: shutdown om1@group-C5BA1605619E-LeaderElection4
2023-08-23 10:52:55,441 [om1@group-C5BA1605619E-LeaderElection4] INFO  server.RaftServer$Division (RaftServerImpl.java:setRole(329)) - om1@group-C5BA1605619E: changes role from CANDIDATE to LEADER at term 1 for changeToLeader
2023-08-23 10:52:55,442 [om1@group-C5BA1605619E-LeaderElection4] INFO  server.RaftServer$Division (ServerState.java:setLeader(317)) - om1@group-C5BA1605619E: change Leader from null to om1 at term 1 for becomeLeader, leader elected after 6093ms
2023-08-23 10:52:55,442 [om1@group-C5BA1605619E-LeaderElection4] INFO  server.RaftServerConfigKeys (ConfUtils.java:logGet(46)) - raft.server.staging.catchup.gap = 1000 (default)
2023-08-23 10:52:55,442 [om1@group-C5BA1605619E-LeaderElection4] INFO  server.RaftServerConfigKeys (ConfUtils.java:logGet(46)) - raft.server.write.element-limit = 4096 (default)
2023-08-23 10:52:55,442 [om1@group-C5BA1605619E-LeaderElection4] INFO  server.RaftServerConfigKeys (ConfUtils.java:logGet(46)) - raft.server.write.byte-limit = 64MB (=67108864) (default)
2023-08-23 10:52:55,442 [om1@group-C5BA1605619E-LeaderElection4] INFO  server.RaftServerConfigKeys (ConfUtils.java:logGet(46)) - raft.server.watch.timeout = 10s (default)
2023-08-23 10:52:55,442 [om1@group-C5BA1605619E-LeaderElection4] INFO  server.RaftServerConfigKeys (ConfUtils.java:logGet(46)) - raft.server.watch.timeout.denomination = 1s (default)
2023-08-23 10:52:55,442 [om1@group-C5BA1605619E-LeaderElection4] INFO  server.RaftServerConfigKeys (ConfUtils.java:logGet(46)) - raft.server.watch.element-limit = 65536 (default)
2023-08-23 10:52:55,442 [om1@group-C5BA1605619E-LeaderElection4] INFO  server.RaftServerConfigKeys (ConfUtils.java:logGet(46)) - raft.server.write.element-limit = 4096 (default)
2023-08-23 10:52:55,442 [om1@group-C5BA1605619E-LeaderElection4] INFO  server.RaftServerConfigKeys (ConfUtils.java:logGet(46)) - raft.server.write.follower.gap.ratio.max = -1.0 (default)
2023-08-23 10:52:55,443 [om1@group-C5BA1605619E-LeaderElection4] INFO  impl.RoleInfo (RoleInfo.java:updateAndGet(139)) - om1: start om1@group-C5BA1605619E-LeaderStateImpl
2023-08-23 10:52:55,443 [om1@group-C5BA1605619E-LeaderElection4] INFO  segmented.SegmentedRaftLogWorker (SegmentedRaftLogWorker.java:startLogSegment(447)) - om1@group-C5BA1605619E-SegmentedRaftLogWorker: Starting segment from index:0
2023-08-23 10:52:55,447 [om1@group-C5BA1605619E-LeaderElection4] INFO  server.RaftServer$Division (ServerState.java:setRaftConf(434)) - om1@group-C5BA1605619E: set configuration 0: peers:[om1|rpc:fv-az573-639:9872|admin:|client:|dataStream:|priority:0|startupRole:FOLLOWER]|listeners:[], old=null
2023-08-23 10:52:55,454 [om1@group-C5BA1605619E-SegmentedRaftLogWorker] INFO  segmented.SegmentedRaftLogWorker (SegmentedRaftLogWorker.java:execute(651)) - om1@group-C5BA1605619E-SegmentedRaftLogWorker: created new log segment /tmp/junit1866855583952122079/junit6298727635675098747/om-meta/ratis/bf265839-605b-3f16-9796-c5ba1605619e/current/log_inprogress_0
2023-08-23 10:52:55,456 [om1@group-C5BA1605619E-StateMachineUpdater] INFO  ratis.OzoneManagerStateMachine (OzoneManagerStateMachine.java:notifyConfigurationChanged(202)) - Received Configuration change notification from Ratis. New Peer list:
[id: "om1"
address: "fv-az573-639:9872"
startupRole: FOLLOWER
]
10:52:57.536 [IPC Server handler 3 on default port 1202] ERROR OMAudit - user=om/fv-az573-639@EXAMPLE.COM | ip=10.1.0.17 | op=RENEW_DELEGATION_TOKEN {kind=OzoneToken, service=fv-az573-639:1202, renewer=om} | ret=FAILURE
org.apache.hadoop.ozone.om.exceptions.OMException: om tried to renew an expired token (OzoneToken owner=om/fv-az573-639@EXAMPLE.COM, renewer=om, realUser=, issueDate=2023-08-23T10:52:56.514Z, maxDate=2023-08-23T10:52:57.514Z, sequenceNumber=1, masterKeyId=1, strToSign=null, signature=null, awsAccessKeyId=null, omServiceId=omServiceIdDefault, omCertSerialId=1655775576002) max expiration date: 2023-08-23 10:52:57,514+0000 currentTime: 2023-08-23 10:52:57,532+0000
	at org.apache.hadoop.ozone.security.OzoneDelegationTokenSecretManager.renewToken(OzoneDelegationTokenSecretManager.java:296) ~[ozone-manager-1.4.0-SNAPSHOT.jar:?]
	at org.apache.hadoop.ozone.om.OzoneManager.renewDelegationToken(OzoneManager.java:2367) ~[ozone-manager-1.4.0-SNAPSHOT.jar:?]
	at org.apache.hadoop.ozone.om.request.security.OMRenewDelegationTokenRequest.preExecute(OMRenewDelegationTokenRequest.java:85) ~[ozone-manager-1.4.0-SNAPSHOT.jar:?]
	at org.apache.hadoop.ozone.protocolPB.OzoneManagerProtocolServerSideTranslatorPB.processRequest(OzoneManagerProtocolServerSideTranslatorPB.java:193) ~[ozone-manager-1.4.0-SNAPSHOT.jar:?]
	at org.apache.hadoop.hdds.server.OzoneProtocolMessageDispatcher.processRequest(OzoneProtocolMessageDispatcher.java:87) [hdds-server-framework-1.4.0-SNAPSHOT.jar:?]
	at org.apache.hadoop.ozone.protocolPB.OzoneManagerProtocolServerSideTranslatorPB.submitRequest(OzoneManagerProtocolServerSideTranslatorPB.java:148) [ozone-manager-1.4.0-SNAPSHOT.jar:?]
	at org.apache.hadoop.ozone.protocol.proto.OzoneManagerProtocolProtos$OzoneManagerService$2.callBlockingMethod(OzoneManagerProtocolProtos.java) [ozone-interface-client-1.4.0-SNAPSHOT.jar:?]
	at org.apache.hadoop.ipc.ProtobufRpcEngine$Server.processCall(ProtobufRpcEngine.java:484) [hadoop-common-3.3.6.jar:?]
	at org.apache.hadoop.ipc.ProtobufRpcEngine2$Server$ProtoBufRpcInvoker.call(ProtobufRpcEngine2.java:595) [hadoop-common-3.3.6.jar:?]
	at org.apache.hadoop.ipc.ProtobufRpcEngine2$Server$ProtoBufRpcInvoker.call(ProtobufRpcEngine2.java:573) [hadoop-common-3.3.6.jar:?]
	at org.apache.hadoop.ipc.RPC$Server.call(RPC.java:1227) [hadoop-common-3.3.6.jar:?]
	at org.apache.hadoop.ipc.Server$RpcCall.run(Server.java:1094) [hadoop-common-3.3.6.jar:?]
	at org.apache.hadoop.ipc.Server$RpcCall.run(Server.java:1017) [hadoop-common-3.3.6.jar:?]
	at java.security.AccessController.doPrivileged(Native Method) ~[?:1.8.0_382]
	at javax.security.auth.Subject.doAs(Subject.java:422) [?:1.8.0_382]
	at org.apache.hadoop.security.UserGroupInformation.doAs(UserGroupInformation.java:1899) [hadoop-common-3.3.6.jar:?]
	at org.apache.hadoop.ipc.Server$Handler.run(Server.java:3048) [hadoop-common-3.3.6.jar:?]
2023-08-23 10:52:57,558 [IPC Server handler 7 on default port 1202] ERROR om.OzoneManager (OzoneManager.java:renewDelegationToken(2377)) - Delegation token renewal failed for dt id: OzoneToken owner=om/fv-az573-639@EXAMPLE.COM, renewer=randomService, realUser=, issueDate=2023-08-23T10:52:57.549Z, maxDate=2023-08-23T10:52:58.549Z, sequenceNumber=2, masterKeyId=1, strToSign=null, signature=null, awsAccessKeyId=null, omServiceId=omServiceIdDefault, omCertSerialId=1655775576002, cause: om tries to renew a token (OzoneToken owner=om/fv-az573-639@EXAMPLE.COM, renewer=randomService, realUser=, issueDate=2023-08-23T10:52:57.549Z, maxDate=2023-08-23T10:52:58.549Z, sequenceNumber=2, masterKeyId=1, strToSign=null, signature=null, awsAccessKeyId=null, omServiceId=omServiceIdDefault, omCertSerialId=1655775576002) with non-matching renewer randomService
10:52:57.612 [IPC Server handler 7 on default port 1202] ERROR OMAudit - user=om/fv-az573-639@EXAMPLE.COM | ip=10.1.0.17 | op=RENEW_DELEGATION_TOKEN {kind=OzoneToken, service=fv-az573-639:1202, renewer=randomService} | ret=FAILURE
org.apache.hadoop.ozone.om.exceptions.OMException: Delegation token renewal failed for dt: Kind: OzoneToken, Service: fv-az573-639:1202, Ident: (OzoneToken owner=om/fv-az573-639@EXAMPLE.COM, renewer=randomService, realUser=, issueDate=2023-08-23T10:52:57.549Z, maxDate=2023-08-23T10:52:58.549Z, sequenceNumber=2, masterKeyId=1, strToSign=null, signature=null, awsAccessKeyId=null, omServiceId=omServiceIdDefault, omCertSerialId=1655775576002)
	at org.apache.hadoop.ozone.om.OzoneManager.renewDelegationToken(OzoneManager.java:2379) ~[ozone-manager-1.4.0-SNAPSHOT.jar:?]
	at org.apache.hadoop.ozone.om.request.security.OMRenewDelegationTokenRequest.preExecute(OMRenewDelegationTokenRequest.java:85) ~[ozone-manager-1.4.0-SNAPSHOT.jar:?]
	at org.apache.hadoop.ozone.protocolPB.OzoneManagerProtocolServerSideTranslatorPB.processRequest(OzoneManagerProtocolServerSideTranslatorPB.java:193) ~[ozone-manager-1.4.0-SNAPSHOT.jar:?]
	at org.apache.hadoop.hdds.server.OzoneProtocolMessageDispatcher.processRequest(OzoneProtocolMessageDispatcher.java:87) [hdds-server-framework-1.4.0-SNAPSHOT.jar:?]
	at org.apache.hadoop.ozone.protocolPB.OzoneManagerProtocolServerSideTranslatorPB.submitRequest(OzoneManagerProtocolServerSideTranslatorPB.java:148) [ozone-manager-1.4.0-SNAPSHOT.jar:?]
	at org.apache.hadoop.ozone.protocol.proto.OzoneManagerProtocolProtos$OzoneManagerService$2.callBlockingMethod(OzoneManagerProtocolProtos.java) [ozone-interface-client-1.4.0-SNAPSHOT.jar:?]
	at org.apache.hadoop.ipc.ProtobufRpcEngine$Server.processCall(ProtobufRpcEngine.java:484) [hadoop-common-3.3.6.jar:?]
	at org.apache.hadoop.ipc.ProtobufRpcEngine2$Server$ProtoBufRpcInvoker.call(ProtobufRpcEngine2.java:595) [hadoop-common-3.3.6.jar:?]
	at org.apache.hadoop.ipc.ProtobufRpcEngine2$Server$ProtoBufRpcInvoker.call(ProtobufRpcEngine2.java:573) [hadoop-common-3.3.6.jar:?]
	at org.apache.hadoop.ipc.RPC$Server.call(RPC.java:1227) [hadoop-common-3.3.6.jar:?]
	at org.apache.hadoop.ipc.Server$RpcCall.run(Server.java:1094) [hadoop-common-3.3.6.jar:?]
	at org.apache.hadoop.ipc.Server$RpcCall.run(Server.java:1017) [hadoop-common-3.3.6.jar:?]
	at java.security.AccessController.doPrivileged(Native Method) ~[?:1.8.0_382]
	at javax.security.auth.Subject.doAs(Subject.java:422) [?:1.8.0_382]
	at org.apache.hadoop.security.UserGroupInformation.doAs(UserGroupInformation.java:1899) [hadoop-common-3.3.6.jar:?]
	at org.apache.hadoop.ipc.Server$Handler.run(Server.java:3048) [hadoop-common-3.3.6.jar:?]
Caused by: org.apache.hadoop.security.AccessControlException: om tries to renew a token (OzoneToken owner=om/fv-az573-639@EXAMPLE.COM, renewer=randomService, realUser=, issueDate=2023-08-23T10:52:57.549Z, maxDate=2023-08-23T10:52:58.549Z, sequenceNumber=2, masterKeyId=1, strToSign=null, signature=null, awsAccessKeyId=null, omServiceId=omServiceIdDefault, omCertSerialId=1655775576002) with non-matching renewer randomService
	at org.apache.hadoop.ozone.security.OzoneDelegationTokenSecretManager.renewToken(OzoneDelegationTokenSecretManager.java:308) ~[ozone-manager-1.4.0-SNAPSHOT.jar:?]
	at org.apache.hadoop.ozone.om.OzoneManager.renewDelegationToken(OzoneManager.java:2367) ~[ozone-manager-1.4.0-SNAPSHOT.jar:?]
	... 15 more
2023-08-23 10:52:57,616 [IPC Server handler 4 on default port 1202] ERROR om.OzoneManager (OzoneManager.java:renewDelegationToken(2377)) - Delegation token renewal failed for dt id: OzoneToken owner=om/fv-az573-639@EXAMPLE.COM, renewer=om, realUser=, issueDate=2023-08-23T10:52:56.514Z, maxDate=2077-04-13T21:45:55.228Z, sequenceNumber=1, masterKeyId=1, strToSign=null, signature=null, awsAccessKeyId=null, omServiceId=omServiceIdDefault, omCertSerialId=1655775576002, cause: token (OzoneToken owner=om/fv-az573-639@EXAMPLE.COM, renewer=om, realUser=, issueDate=2023-08-23T10:52:56.514Z, maxDate=2077-04-13T21:45:55.228Z, sequenceNumber=1, masterKeyId=1, strToSign=null, signature=null, awsAccessKeyId=null, omServiceId=omServiceIdDefault, omCertSerialId=1655775576002) can't be found in cache
10:52:57.616 [IPC Server handler 4 on default port 1202] ERROR OMAudit - user=om/fv-az573-639@EXAMPLE.COM | ip=10.1.0.17 | op=RENEW_DELEGATION_TOKEN {kind=OzoneToken, service=fv-az573-639:1202, renewer=om} | ret=FAILURE
org.apache.hadoop.ozone.om.exceptions.OMException: Delegation token renewal failed for dt: Kind: OzoneToken, Service: fv-az573-639:1202, Ident: (OzoneToken owner=om/fv-az573-639@EXAMPLE.COM, renewer=om, realUser=, issueDate=2023-08-23T10:52:56.514Z, maxDate=2077-04-13T21:45:55.228Z, sequenceNumber=1, masterKeyId=1, strToSign=null, signature=null, awsAccessKeyId=null, omServiceId=omServiceIdDefault, omCertSerialId=1655775576002)
	at org.apache.hadoop.ozone.om.OzoneManager.renewDelegationToken(OzoneManager.java:2379) ~[ozone-manager-1.4.0-SNAPSHOT.jar:?]
	at org.apache.hadoop.ozone.om.request.security.OMRenewDelegationTokenRequest.preExecute(OMRenewDelegationTokenRequest.java:85) ~[ozone-manager-1.4.0-SNAPSHOT.jar:?]
	at org.apache.hadoop.ozone.protocolPB.OzoneManagerProtocolServerSideTranslatorPB.processRequest(OzoneManagerProtocolServerSideTranslatorPB.java:193) ~[ozone-manager-1.4.0-SNAPSHOT.jar:?]
	at org.apache.hadoop.hdds.server.OzoneProtocolMessageDispatcher.processRequest(OzoneProtocolMessageDispatcher.java:87) [hdds-server-framework-1.4.0-SNAPSHOT.jar:?]
	at org.apache.hadoop.ozone.protocolPB.OzoneManagerProtocolServerSideTranslatorPB.submitRequest(OzoneManagerProtocolServerSideTranslatorPB.java:148) [ozone-manager-1.4.0-SNAPSHOT.jar:?]
	at org.apache.hadoop.ozone.protocol.proto.OzoneManagerProtocolProtos$OzoneManagerService$2.callBlockingMethod(OzoneManagerProtocolProtos.java) [ozone-interface-client-1.4.0-SNAPSHOT.jar:?]
	at org.apache.hadoop.ipc.ProtobufRpcEngine$Server.processCall(ProtobufRpcEngine.java:484) [hadoop-common-3.3.6.jar:?]
	at org.apache.hadoop.ipc.ProtobufRpcEngine2$Server$ProtoBufRpcInvoker.call(ProtobufRpcEngine2.java:595) [hadoop-common-3.3.6.jar:?]
	at org.apache.hadoop.ipc.ProtobufRpcEngine2$Server$ProtoBufRpcInvoker.call(ProtobufRpcEngine2.java:573) [hadoop-common-3.3.6.jar:?]
	at org.apache.hadoop.ipc.RPC$Server.call(RPC.java:1227) [hadoop-common-3.3.6.jar:?]
	at org.apache.hadoop.ipc.Server$RpcCall.run(Server.java:1094) [hadoop-common-3.3.6.jar:?]
	at org.apache.hadoop.ipc.Server$RpcCall.run(Server.java:1017) [hadoop-common-3.3.6.jar:?]
	at java.security.AccessController.doPrivileged(Native Method) ~[?:1.8.0_382]
	at javax.security.auth.Subject.doAs(Subject.java:422) [?:1.8.0_382]
	at org.apache.hadoop.security.UserGroupInformation.doAs(UserGroupInformation.java:1899) [hadoop-common-3.3.6.jar:?]
	at org.apache.hadoop.ipc.Server$Handler.run(Server.java:3048) [hadoop-common-3.3.6.jar:?]
Caused by: org.apache.hadoop.security.token.SecretManager$InvalidToken: token (OzoneToken owner=om/fv-az573-639@EXAMPLE.COM, renewer=om, realUser=, issueDate=2023-08-23T10:52:56.514Z, maxDate=2077-04-13T21:45:55.228Z, sequenceNumber=1, masterKeyId=1, strToSign=null, signature=null, awsAccessKeyId=null, omServiceId=omServiceIdDefault, omCertSerialId=1655775576002) can't be found in cache
	at org.apache.hadoop.ozone.security.OzoneDelegationTokenSecretManager.validateToken(OzoneDelegationTokenSecretManager.java:432) ~[ozone-manager-1.4.0-SNAPSHOT.jar:?]
	at org.apache.hadoop.ozone.security.OzoneDelegationTokenSecretManager.renewToken(OzoneDelegationTokenSecretManager.java:301) ~[ozone-manager-1.4.0-SNAPSHOT.jar:?]
	at org.apache.hadoop.ozone.om.OzoneManager.renewDelegationToken(OzoneManager.java:2367) ~[ozone-manager-1.4.0-SNAPSHOT.jar:?]
	... 15 more
2023-08-23 10:52:57,617 [Time-limited test] INFO  om.OzoneManager (OzoneManager.java:stop(2187)) - om1[fv-az573-639:1202]: Stopping Ozone Manager
2023-08-23 10:52:57,617 [Time-limited test] INFO  ipc.Server (Server.java:stop(3523)) - Stopping server on 1202
2023-08-23 10:52:57,621 [IPC Server listener on 1202] INFO  ipc.Server (Server.java:run(1434)) - Stopping IPC Server listener on 1202
2023-08-23 10:52:57,621 [IPC Server Responder] INFO  ipc.Server (Server.java:run(1567)) - Stopping IPC Server Responder
2023-08-23 10:52:57,622 [Time-limited test] INFO  server.RaftServer (RaftServerProxy.java:lambda$close$6(416)) - om1: close
2023-08-23 10:52:57,623 [om1-impl-thread1] INFO  server.RaftServer$Division (RaftServerImpl.java:lambda$close$4(466)) - om1@group-C5BA1605619E: shutdown
2023-08-23 10:52:57,623 [om1-impl-thread1] INFO  util.JmxRegister (JmxRegister.java:unregister(73)) - Successfully un-registered JMX Bean with object name Ratis:service=RaftServer,group=group-C5BA1605619E,id=om1
2023-08-23 10:52:57,624 [om1-impl-thread1] INFO  impl.RoleInfo (RoleInfo.java:shutdownLeaderState(93)) - om1: shutdown om1@group-C5BA1605619E-LeaderStateImpl
2023-08-23 10:52:57,624 [om1-impl-thread1] INFO  impl.PendingRequests (PendingRequests.java:sendNotLeaderResponses(289)) - om1@group-C5BA1605619E-PendingRequests: sendNotLeaderResponses
2023-08-23 10:52:57,624 [Time-limited test] INFO  server.GrpcService (GrpcService.java:closeImpl(311)) - om1: shutdown server GrpcServerProtocolService now
2023-08-23 10:52:57,628 [Time-limited test] INFO  server.GrpcService (GrpcService.java:closeImpl(320)) - om1: shutdown server GrpcServerProtocolService successfully
2023-08-23 10:52:57,629 [om1-impl-thread1] INFO  impl.StateMachineUpdater (StateMachineUpdater.java:stopAndJoin(155)) - om1@group-C5BA1605619E-StateMachineUpdater: set stopIndex = 6
2023-08-23 10:52:57,629 [om1@group-C5BA1605619E-StateMachineUpdater] INFO  ratis.OzoneManagerStateMachine (OzoneManagerStateMachine.java:takeSnapshot(480)) - Current Snapshot Index (t:1, i:6)
2023-08-23 10:52:57,640 [om1@group-C5BA1605619E-StateMachineUpdater] INFO  impl.StateMachineUpdater (StateMachineUpdater.java:takeSnapshot(291)) - om1@group-C5BA1605619E-StateMachineUpdater: Took a snapshot at index 6
2023-08-23 10:52:57,640 [om1@group-C5BA1605619E-StateMachineUpdater] INFO  impl.StateMachineUpdater (StateMachineUpdater.java:lambda$new$0(97)) - om1@group-C5BA1605619E-StateMachineUpdater: snapshotIndex: updateIncreasingly -1 -> 6
2023-08-23 10:52:57,640 [om1@group-C5BA1605619E-StateMachineUpdater] INFO  ratis.OzoneManagerStateMachine (OzoneManagerStateMachine.java:close(534)) - StateMachine has shutdown. Shutdown OzoneManager if not already shutdown.
2023-08-23 10:52:57,640 [om1@group-C5BA1605619E-StateMachineUpdater] INFO  ratis.OzoneManagerDoubleBuffer (OzoneManagerDoubleBuffer.java:stopDaemon(551)) - Stopping OMDoubleBuffer flush thread
2023-08-23 10:52:57,640 [OMDoubleBufferFlushThread] INFO  ratis.OzoneManagerDoubleBuffer (OzoneManagerDoubleBuffer.java:canFlush(638)) - OMDoubleBuffer flush thread OMDoubleBufferFlushThread is interrupted and will exit.
2023-08-23 10:52:57,640 [om1-impl-thread1] INFO  server.RaftServer$Division (ServerState.java:close(472)) - om1@group-C5BA1605619E: closes. applyIndex: 6
2023-08-23 10:52:58,556 [om1-impl-thread1] INFO  segmented.SegmentedRaftLogWorker (SegmentedRaftLogWorker.java:close(252)) - om1@group-C5BA1605619E-SegmentedRaftLogWorker close()
2023-08-23 10:52:58,557 [JvmPauseMonitor7] INFO  util.JvmPauseMonitor (JvmPauseMonitor.java:run(109)) - JvmPauseMonitor-om1: Stopped
2023-08-23 10:52:58,557 [Time-limited test] INFO  ratis.OzoneManagerStateMachine (OzoneManagerStateMachine.java:close(534)) - StateMachine has shutdown. Shutdown OzoneManager if not already shutdown.
2023-08-23 10:52:58,557 [Time-limited test] INFO  ratis.OzoneManagerDoubleBuffer (OzoneManagerDoubleBuffer.java:stopDaemon(560)) - OMDoubleBuffer flush thread is not running.
2023-08-23 10:52:58,557 [Time-limited test] INFO  utils.BackgroundService (BackgroundService.java:shutdown(141)) - Shutting down service KeyDeletingService
2023-08-23 10:52:58,557 [Time-limited test] INFO  utils.BackgroundService (BackgroundService.java:shutdown(141)) - Shutting down service KeyDeletingService
2023-08-23 10:52:58,558 [Time-limited test] INFO  utils.BackgroundService (BackgroundService.java:shutdown(141)) - Shutting down service OpenKeyCleanupService
2023-08-23 10:52:58,558 [Time-limited test] INFO  utils.BackgroundService (BackgroundService.java:shutdown(141)) - Shutting down service SstFilteringService
2023-08-23 10:52:58,558 [Time-limited test] INFO  utils.BackgroundService (BackgroundService.java:shutdown(141)) - Shutting down service SnapshotDeletingService
2023-08-23 10:52:58,559 [Time-limited test] INFO  om.OzoneManager (OzoneManager.java:stopSecretManager(1063)) - Stopping secret key client.
2023-08-23 10:52:58,559 [Time-limited test] INFO  om.OzoneManager (OzoneManager.java:stopSecretManager(1068)) - Stopping OM delegation token secret manager.
2023-08-23 10:52:58,559 [Thread[Thread-1694,5,FailOnTimeoutGroup]] INFO  security.OzoneDelegationTokenSecretManager (OzoneDelegationTokenSecretManager.java:run(653)) - ExpiredTokenRemover was interrupted.
java.lang.InterruptedException: sleep interrupted
	at java.lang.Thread.sleep(Native Method)
	at org.apache.hadoop.ozone.security.OzoneDelegationTokenSecretManager$ExpiredTokenRemover.run(OzoneDelegationTokenSecretManager.java:649)
	at java.lang.Thread.run(Thread.java:750)
2023-08-23 10:52:58,560 [Time-limited test] INFO  handler.ContextHandler (ContextHandler.java:doStop(1159)) - Stopped o.e.j.w.WebAppContext@5107f372{ozoneManager,/,null,STOPPED}{file:/home/runner/work/ozone/ozone/hadoop-ozone/integration-test/target/test-classes/webapps/ozoneManager}
2023-08-23 10:52:58,560 [Time-limited test] INFO  server.AbstractConnector (AbstractConnector.java:doStop(383)) - Stopped ServerConnector@4033c5eb{HTTP/1.1, (http/1.1)}{0.0.0.0:9874}
2023-08-23 10:52:58,560 [Time-limited test] INFO  server.session (HouseKeeper.java:stopScavenging(149)) - node0 Stopped scavenging
2023-08-23 10:52:58,560 [Time-limited test] INFO  handler.ContextHandler (ContextHandler.java:doStop(1159)) - Stopped o.e.j.s.ServletContextHandler@1b3e2729{static,/static,file:///home/runner/work/ozone/ozone/hadoop-ozone/integration-test/target/test-classes/webapps/static,STOPPED}
2023-08-23 10:52:58,561 [Time-limited test] INFO  handler.ContextHandler (ContextHandler.java:doStop(1159)) - Stopped o.e.j.s.ServletContextHandler@43877a4d{logs,/logs,file:///home/runner/work/ozone/ozone/hadoop-ozone/integration-test/target/log,STOPPED}
2023-08-23 10:52:58,561 [Time-limited test] INFO  rocksdiff.RocksDBCheckpointDiffer (RocksDBCheckpointDiffer.java:close(340)) - Shutting down CompactionDagPruningService.
2023-08-23 10:52:58,563 [Time-limited test] INFO  snapshot.SnapshotDiffManager (SnapshotDiffManager.java:closeExecutorService(1720)) - Shutting down executorService: 'SnapDiffExecutor'
2023-08-23 10:52:58,563 [Time-limited test] INFO  snapshot.SnapshotDiffManager (SnapshotDiffManager.java:closeExecutorService(1720)) - Shutting down executorService: 'SstDumpToolExecutor'
2023-08-23 10:52:58,563 [Time-limited test] INFO  utils.BackgroundService (BackgroundService.java:shutdown(141)) - Shutting down service SnapshotDiffCleanupService
2023-08-23 10:52:58,564 [Time-limited test] INFO  impl.DefaultInternalKdcServerImpl (DefaultInternalKdcServerImpl.java:doStop(102)) - Default Internal kdc server stopped.
2023-08-23 10:52:59,565 [Time-limited test] INFO  minikdc.MiniKdc (MiniKdc.java:stop(359)) - MiniKdc stopped.
2023-08-23 10:52:59,565 [Time-limited test] INFO  om.OzoneManager (OzoneManager.java:stop(2187)) - om1[fv-az573-639:1202]: Stopping Ozone Manager
]]></system-out>
  </testcase>
  <testcase name="testSecureScmStartupFailure" classname="org.apache.hadoop.ozone.TestSecureOzoneCluster" time="1.464">
    <system-out><![CDATA[2023-08-23 10:52:59,586 [Time-limited test] INFO  net.ServerSocketUtil (ServerSocketUtil.java:getPort(55)) - Using port 9860
2023-08-23 10:52:59,586 [Time-limited test] INFO  net.ServerSocketUtil (ServerSocketUtil.java:getPort(55)) - Using port 9861
2023-08-23 10:52:59,586 [Time-limited test] INFO  net.ServerSocketUtil (ServerSocketUtil.java:getPort(55)) - Using port 9863
2023-08-23 10:52:59,586 [Time-limited test] INFO  net.ServerSocketUtil (ServerSocketUtil.java:getPort(55)) - Using port 9961
2023-08-23 10:52:59,586 [Time-limited test] INFO  net.ServerSocketUtil (ServerSocketUtil.java:getPort(55)) - Using port 1200
2023-08-23 10:52:59,586 [Time-limited test] INFO  net.ServerSocketUtil (ServerSocketUtil.java:getPort(55)) - Using port 1201
2023-08-23 10:52:59,587 [Time-limited test] INFO  minikdc.MiniKdc (MiniKdc.java:<init>(225)) - Configuration:
2023-08-23 10:52:59,587 [Time-limited test] INFO  minikdc.MiniKdc (MiniKdc.java:<init>(226)) - ---------------------------------------------------------------
2023-08-23 10:52:59,587 [Time-limited test] INFO  minikdc.MiniKdc (MiniKdc.java:<init>(228)) -   debug: false
2023-08-23 10:52:59,587 [Time-limited test] INFO  minikdc.MiniKdc (MiniKdc.java:<init>(228)) -   transport: TCP
2023-08-23 10:52:59,587 [Time-limited test] INFO  minikdc.MiniKdc (MiniKdc.java:<init>(228)) -   max.ticket.lifetime: 86400000
2023-08-23 10:52:59,587 [Time-limited test] INFO  minikdc.MiniKdc (MiniKdc.java:<init>(228)) -   org.name: EXAMPLE
2023-08-23 10:52:59,587 [Time-limited test] INFO  minikdc.MiniKdc (MiniKdc.java:<init>(228)) -   kdc.port: 0
2023-08-23 10:52:59,587 [Time-limited test] INFO  minikdc.MiniKdc (MiniKdc.java:<init>(228)) -   org.domain: COM
2023-08-23 10:52:59,587 [Time-limited test] INFO  minikdc.MiniKdc (MiniKdc.java:<init>(228)) -   max.renewable.lifetime: 604800000
2023-08-23 10:52:59,587 [Time-limited test] INFO  minikdc.MiniKdc (MiniKdc.java:<init>(228)) -   instance: DefaultKrbServer
2023-08-23 10:52:59,587 [Time-limited test] INFO  minikdc.MiniKdc (MiniKdc.java:<init>(228)) -   kdc.bind.address: localhost
2023-08-23 10:52:59,587 [Time-limited test] INFO  minikdc.MiniKdc (MiniKdc.java:<init>(230)) - ---------------------------------------------------------------
2023-08-23 10:52:59,589 [Time-limited test] INFO  minikdc.MiniKdc (MiniKdc.java:start(285)) - MiniKdc started.
2023-08-23 10:52:59,817 [Time-limited test] INFO  om.OzoneManager (OzoneManager.java:getOmDetailsProto(4552)) - OzoneManager ports added:[name: "RPC"
value: 1202
]
2023-08-23 10:52:59,817 [Time-limited test] WARN  server.ServerUtils (ServerUtils.java:getScmDbDir(155)) - ozone.scm.db.dirs is not configured. We recommend adding this setting. Falling back to ozone.metadata.dirs instead.
2023-08-23 10:52:59,818 [Time-limited test] INFO  ha.HASecurityUtils (HASecurityUtils.java:initializeSecurity(98)) - Initializing secure StorageContainerManager.
2023-08-23 10:52:59,819 [Time-limited test] INFO  client.SCMCertificateClient (DefaultCertificateClient.java:updateCertSerialId(1244)) - Certificate serial ID set to null
2023-08-23 10:52:59,819 [Time-limited test] ERROR client.SCMCertificateClient (DefaultCertificateClient.java:getCertPath(362)) - Default certificate serial id is not set. Can't locate the default certificate for this client.
2023-08-23 10:52:59,819 [Time-limited test] INFO  client.SCMCertificateClient (DefaultCertificateClient.java:init(715)) - Certificate client init case: 0
2023-08-23 10:52:59,819 [Time-limited test] INFO  client.SCMCertificateClient (SCMCertificateClient.java:handleCase(103)) - Creating keypair for client as keypair and certificate not found.
2023-08-23 10:52:59,897 [Time-limited test] INFO  ha.HASecurityUtils (HASecurityUtils.java:initializeSecurity(108)) - Init response: GETCERT
2023-08-23 10:53:00,009 [Time-limited test] INFO  ozone.OzoneSecurityUtil (OzoneSecurityUtil.java:getValidInetsForCurrentHost(119)) - ip:fe80:0:0:0:20d:3aff:fe5a:f85d%eth0 not returned.
2023-08-23 10:53:00,010 [Time-limited test] INFO  ozone.OzoneSecurityUtil (OzoneSecurityUtil.java:getValidInetsForCurrentHost(116)) - Adding ip:10.1.0.17,host:fv-az573-639
2023-08-23 10:53:00,010 [Time-limited test] INFO  ozone.OzoneSecurityUtil (OzoneSecurityUtil.java:getValidInetsForCurrentHost(119)) - ip:0:0:0:0:0:0:0:1%lo not returned.
2023-08-23 10:53:00,010 [Time-limited test] INFO  ozone.OzoneSecurityUtil (OzoneSecurityUtil.java:getValidInetsForCurrentHost(119)) - ip:127.0.0.1 not returned.
2023-08-23 10:53:00,010 [Time-limited test] ERROR utils.SelfSignedCertificate (SelfSignedCertificate.java:lambda$addInetAddresses$0(244)) - Invalid domain fv-az573-639
2023-08-23 10:53:00,012 [Time-limited test] INFO  utils.SelfSignedCertificate (SelfSignedCertificate.java:generateCertificate(157)) - Certificate 1 is issued by CN=scm-1@fv-az573-639,OU=f086bd41-dfb2-4fed-9d02-40a90a62aafd,O=d0773451-9bdd-4a57-b01a-ae2e2307ae92 to CN=scm-1@fv-az573-639,OU=f086bd41-dfb2-4fed-9d02-40a90a62aafd,O=d0773451-9bdd-4a57-b01a-ae2e2307ae92, valid from Wed Aug 23 10:53:00 UTC 2023 to Sat Sep 30 10:53:00 UTC 2028
2023-08-23 10:53:00,013 [Time-limited test] INFO  utils.CertificateCodec (CertificateCodec.java:writeCertificate(299)) - Save certificate to /tmp/junit2694999461985590081/junit844558880790105407/scm-meta/scm/ca/certs/certificate.crt
2023-08-23 10:53:00,013 [Time-limited test] INFO  utils.CertificateCodec (CertificateCodec.java:writeCertificate(300)) - Certificate -----BEGIN CERTIFICATE-----
MIIDpTCCAo2gAwIBAgIBATANBgkqhkiG9w0BAQsFADB7MRswGQYDVQQDDBJzY20t
MUBmdi1hejU3My02MzkxLTArBgNVBAsMJGYwODZiZDQxLWRmYjItNGZlZC05ZDAy
LTQwYTkwYTYyYWFmZDEtMCsGA1UECgwkZDA3NzM0NTEtOWJkZC00YTU3LWIwMWEt
YWUyZTIzMDdhZTkyMB4XDTIzMDgyMzEwNTMwMFoXDTI4MDkzMDEwNTMwMFowezEb
MBkGA1UEAwwSc2NtLTFAZnYtYXo1NzMtNjM5MS0wKwYDVQQLDCRmMDg2YmQ0MS1k
ZmIyLTRmZWQtOWQwMi00MGE5MGE2MmFhZmQxLTArBgNVBAoMJGQwNzczNDUxLTli
ZGQtNGE1Ny1iMDFhLWFlMmUyMzA3YWU5MjCCASIwDQYJKoZIhvcNAQEBBQADggEP
ADCCAQoCggEBAM/VzqJF2oLoE3OfSVvu46G7zEuxp9pBM45ZbZs85yWZxnC47ygB
URjGNfz0bqgRqU5mrAZs22rGP9xjH2Azr55rx+4zUYFqkwIY0g/AQbS2A4Gde7ew
E8WRPRzuFwhkRxoAZN6VrwHWbQ3xk56tgLg5aytPl7N0fSdRFZY+RctaLPPEy1bb
WzzCKGt/F+Ao/cSGJmuOTt/+KRQpRfZkp75up75LLAlEy3il36PxiJER3S6Z65EC
M9h4sJ6H5/BNF7+kbRCXg6CXnTvd0NvSxId/MJGYtFOt6VfKkjVTs9qIo/TiCXmv
orvCgHUcaKoG+JUhxkml/d5kCwL17fDe/3MCAwEAAaM0MDIwDwYDVR0TAQH/BAUw
AwEB/zAOBgNVHQ8BAf8EBAMCAQYwDwYDVR0RBAgwBocECgEAETANBgkqhkiG9w0B
AQsFAAOCAQEAMoWD1nFVdoDPzOZGSgsavAjCsV6iv0yn/kZihFN+75FYTauriexg
fBETx+hdg+T4xv513KjSDGXjEiIkVdcn9VOq8D2DmEkkDrRpJjvEf8IjKn9Sy/OF
2imXNOx6GDw5AdUuDzJ/1YYaCartlkJ2hkm/7NHyxdV8NMFZ9FBzhcErtEjGQuix
0rEtRmZ3MhtEQJPV+AjlvGIgNBiaJMd8wMQdu8H12htt2Z7ccwOWnLXAzD9kmhGa
W9KvvyWgxiHoZWUxzg6a9rKm+8F8tR/GafpRmIkaeTDoMRIe3AHQZfPwhsV0pZto
Sad7LQiC6+9CXzBnnglrU8CFR/vEU+tnvg==
-----END CERTIFICATE-----

2023-08-23 10:53:00,014 [Time-limited test] INFO  client.SCMCertificateClient (SCMCertificateClient.java:getCSRBuilder(165)) - Creating csr for SCM->hostName:fv-az573-639,scmId:f086bd41-dfb2-4fed-9d02-40a90a62aafd,clusterId:d0773451-9bdd-4a57-b01a-ae2e2307ae92,subject:scm-sub-1665387428619@fv-az573-639
2023-08-23 10:53:00,014 [Time-limited test] INFO  ozone.OzoneSecurityUtil (OzoneSecurityUtil.java:getValidInetsForCurrentHost(119)) - ip:fe80:0:0:0:20d:3aff:fe5a:f85d%eth0 not returned.
2023-08-23 10:53:00,014 [Time-limited test] INFO  ozone.OzoneSecurityUtil (OzoneSecurityUtil.java:getValidInetsForCurrentHost(116)) - Adding ip:10.1.0.17,host:fv-az573-639
2023-08-23 10:53:00,014 [Time-limited test] INFO  ozone.OzoneSecurityUtil (OzoneSecurityUtil.java:getValidInetsForCurrentHost(119)) - ip:0:0:0:0:0:0:0:1%lo not returned.
2023-08-23 10:53:00,014 [Time-limited test] INFO  ozone.OzoneSecurityUtil (OzoneSecurityUtil.java:getValidInetsForCurrentHost(119)) - ip:127.0.0.1 not returned.
2023-08-23 10:53:00,014 [Time-limited test] ERROR utils.CertificateSignRequest (CertificateSignRequest.java:lambda$addInetAddresses$0(295)) - Invalid domain fv-az573-639
2023-08-23 10:53:00,014 [Time-limited test] INFO  ha.HASecurityUtils (HASecurityUtils.java:generateCSR(308)) - Creating csr for SCM->hostName:fv-az573-639,scmId:f086bd41-dfb2-4fed-9d02-40a90a62aafd,clusterId:d0773451-9bdd-4a57-b01a-ae2e2307ae92,subject:scm-sub-1665388156131@fv-az573-639
2023-08-23 10:53:00,018 [Time-limited test] INFO  authority.DefaultApprover (DefaultApprover.java:sign(154)) - Extensions in CSR: 2.5.29.19, 2.5.29.15, 2.5.29.17
2023-08-23 10:53:00,018 [Time-limited test] INFO  authority.DefaultApprover (DefaultApprover.java:sign(158)) - Extensions to add to the certificate if they present in CSR: 2.5.29.17, 2.5.29.19, 1.3.6.1.5.5.7.1.12, 2.5.29.35, 2.5.29.37, 2.5.29.15
2023-08-23 10:53:00,021 [Time-limited test] INFO  utils.CertificateCodec (CertificateCodec.java:writeCertificate(299)) - Save certificate to /tmp/junit2694999461985590081/junit844558880790105407/scm-meta/scm/sub-ca/certs/CA-1.crt
2023-08-23 10:53:00,021 [Time-limited test] INFO  utils.CertificateCodec (CertificateCodec.java:writeCertificate(300)) - Certificate -----BEGIN CERTIFICATE-----
MIIDpTCCAo2gAwIBAgIBATANBgkqhkiG9w0BAQsFADB7MRswGQYDVQQDDBJzY20t
MUBmdi1hejU3My02MzkxLTArBgNVBAsMJGYwODZiZDQxLWRmYjItNGZlZC05ZDAy
LTQwYTkwYTYyYWFmZDEtMCsGA1UECgwkZDA3NzM0NTEtOWJkZC00YTU3LWIwMWEt
YWUyZTIzMDdhZTkyMB4XDTIzMDgyMzEwNTMwMFoXDTI4MDkzMDEwNTMwMFowezEb
MBkGA1UEAwwSc2NtLTFAZnYtYXo1NzMtNjM5MS0wKwYDVQQLDCRmMDg2YmQ0MS1k
ZmIyLTRmZWQtOWQwMi00MGE5MGE2MmFhZmQxLTArBgNVBAoMJGQwNzczNDUxLTli
ZGQtNGE1Ny1iMDFhLWFlMmUyMzA3YWU5MjCCASIwDQYJKoZIhvcNAQEBBQADggEP
ADCCAQoCggEBAM/VzqJF2oLoE3OfSVvu46G7zEuxp9pBM45ZbZs85yWZxnC47ygB
URjGNfz0bqgRqU5mrAZs22rGP9xjH2Azr55rx+4zUYFqkwIY0g/AQbS2A4Gde7ew
E8WRPRzuFwhkRxoAZN6VrwHWbQ3xk56tgLg5aytPl7N0fSdRFZY+RctaLPPEy1bb
WzzCKGt/F+Ao/cSGJmuOTt/+KRQpRfZkp75up75LLAlEy3il36PxiJER3S6Z65EC
M9h4sJ6H5/BNF7+kbRCXg6CXnTvd0NvSxId/MJGYtFOt6VfKkjVTs9qIo/TiCXmv
orvCgHUcaKoG+JUhxkml/d5kCwL17fDe/3MCAwEAAaM0MDIwDwYDVR0TAQH/BAUw
AwEB/zAOBgNVHQ8BAf8EBAMCAQYwDwYDVR0RBAgwBocECgEAETANBgkqhkiG9w0B
AQsFAAOCAQEAMoWD1nFVdoDPzOZGSgsavAjCsV6iv0yn/kZihFN+75FYTauriexg
fBETx+hdg+T4xv513KjSDGXjEiIkVdcn9VOq8D2DmEkkDrRpJjvEf8IjKn9Sy/OF
2imXNOx6GDw5AdUuDzJ/1YYaCartlkJ2hkm/7NHyxdV8NMFZ9FBzhcErtEjGQuix
0rEtRmZ3MhtEQJPV+AjlvGIgNBiaJMd8wMQdu8H12htt2Z7ccwOWnLXAzD9kmhGa
W9KvvyWgxiHoZWUxzg6a9rKm+8F8tR/GafpRmIkaeTDoMRIe3AHQZfPwhsV0pZto
Sad7LQiC6+9CXzBnnglrU8CFR/vEU+tnvg==
-----END CERTIFICATE-----

2023-08-23 10:53:00,022 [Time-limited test] INFO  utils.CertificateCodec (CertificateCodec.java:writeCertificate(299)) - Save certificate to /tmp/junit2694999461985590081/junit844558880790105407/scm-meta/scm/sub-ca/certs/1665391416483.crt
2023-08-23 10:53:00,022 [Time-limited test] INFO  utils.CertificateCodec (CertificateCodec.java:writeCertificate(300)) - Certificate -----BEGIN CERTIFICATE-----
MIIDuzCCAqOgAwIBAgIGAYPBEFSjMA0GCSqGSIb3DQEBCwUAMHsxGzAZBgNVBAMM
EnNjbS0xQGZ2LWF6NTczLTYzOTEtMCsGA1UECwwkZjA4NmJkNDEtZGZiMi00ZmVk
LTlkMDItNDBhOTBhNjJhYWZkMS0wKwYDVQQKDCRkMDc3MzQ1MS05YmRkLTRhNTct
YjAxYS1hZTJlMjMwN2FlOTIwHhcNMjMwODIzMTA1MzAwWhcNMjgwOTMwMTA1MzAw
WjCBizErMCkGA1UEAwwic2NtLXN1Yi0xNjY1Mzg4MTU2MTMxQGZ2LWF6NTczLTYz
OTEtMCsGA1UECwwkZjA4NmJkNDEtZGZiMi00ZmVkLTlkMDItNDBhOTBhNjJhYWZk
MS0wKwYDVQQKDCRkMDc3MzQ1MS05YmRkLTRhNTctYjAxYS1hZTJlMjMwN2FlOTIw
ggEiMA0GCSqGSIb3DQEBAQUAA4IBDwAwggEKAoIBAQCpsirMIX/X77N27xVPVjxO
AEdqMlZlQQq6EIix0nnlRWtX5ARBYNQMjgiJmNev9wBDhVm4YQZFiFiCgKlcMyfn
EEut4IDmT8/f7Fng3Gx8UrP/ZWGlF4+ei6oUxE3u1NxWLe1nT3AR65IfU3EfegGz
AhuwLuFP6abb+s902k1SYbVt85ip8iBzYWLK52ZOejtfe02rbGZmPZ6iFsXmk83f
tJUwe7mUTNDenP0CU9qQNf7nUy1KWOw/7ppIirQJ1jpVd2ZhC/087cBp9u9hjXEg
TOaHCLMagAjcZvkoxlqxGkvQ3Ll+xNcP96YLrLPlfOskWBq42J1mbuBSwiq9HqCP
AgMBAAGjNDAyMA8GA1UdEQQIMAaHBAoBABEwDwYDVR0TAQH/BAUwAwEB/zAOBgNV
HQ8BAf8EBAMCAb4wDQYJKoZIhvcNAQELBQADggEBAD2MUPdOXZzWa6aqOVcJBA4L
zWuWCphzNo5Q9bp08+1MaJRNhvEuS1XXdV709ub4ChG8O5v1VsOTM5FaIesl7auK
0bgyuw2SeuTdqHujF9MP2plUCFwnG8a8tNpDYNl09Qjq2jBvlD6cpvy6P0nPm+Wu
ZcGfxwlUIl2P9ZTEqSiGtTQCtL9Z6e2t879EwwotNHWPuW5FrFpteLE7NU32xGmX
NQbp90b70/AfAN4sF2GxJrcnzjrYnWpzPK9fnDzGz3taqVB0d/5T3CuyjZAuFuyR
yJCP3r8emkkglSjIOWzO94Tcr1ssmUd3PkNEpyZdCPuT7LCgkoojwK2Sd48aPgw=
-----END CERTIFICATE-----

-----BEGIN CERTIFICATE-----
MIIDpTCCAo2gAwIBAgIBATANBgkqhkiG9w0BAQsFADB7MRswGQYDVQQDDBJzY20t
MUBmdi1hejU3My02MzkxLTArBgNVBAsMJGYwODZiZDQxLWRmYjItNGZlZC05ZDAy
LTQwYTkwYTYyYWFmZDEtMCsGA1UECgwkZDA3NzM0NTEtOWJkZC00YTU3LWIwMWEt
YWUyZTIzMDdhZTkyMB4XDTIzMDgyMzEwNTMwMFoXDTI4MDkzMDEwNTMwMFowezEb
MBkGA1UEAwwSc2NtLTFAZnYtYXo1NzMtNjM5MS0wKwYDVQQLDCRmMDg2YmQ0MS1k
ZmIyLTRmZWQtOWQwMi00MGE5MGE2MmFhZmQxLTArBgNVBAoMJGQwNzczNDUxLTli
ZGQtNGE1Ny1iMDFhLWFlMmUyMzA3YWU5MjCCASIwDQYJKoZIhvcNAQEBBQADggEP
ADCCAQoCggEBAM/VzqJF2oLoE3OfSVvu46G7zEuxp9pBM45ZbZs85yWZxnC47ygB
URjGNfz0bqgRqU5mrAZs22rGP9xjH2Azr55rx+4zUYFqkwIY0g/AQbS2A4Gde7ew
E8WRPRzuFwhkRxoAZN6VrwHWbQ3xk56tgLg5aytPl7N0fSdRFZY+RctaLPPEy1bb
WzzCKGt/F+Ao/cSGJmuOTt/+KRQpRfZkp75up75LLAlEy3il36PxiJER3S6Z65EC
M9h4sJ6H5/BNF7+kbRCXg6CXnTvd0NvSxId/MJGYtFOt6VfKkjVTs9qIo/TiCXmv
orvCgHUcaKoG+JUhxkml/d5kCwL17fDe/3MCAwEAAaM0MDIwDwYDVR0TAQH/BAUw
AwEB/zAOBgNVHQ8BAf8EBAMCAQYwDwYDVR0RBAgwBocECgEAETANBgkqhkiG9w0B
AQsFAAOCAQEAMoWD1nFVdoDPzOZGSgsavAjCsV6iv0yn/kZihFN+75FYTauriexg
fBETx+hdg+T4xv513KjSDGXjEiIkVdcn9VOq8D2DmEkkDrRpJjvEf8IjKn9Sy/OF
2imXNOx6GDw5AdUuDzJ/1YYaCartlkJ2hkm/7NHyxdV8NMFZ9FBzhcErtEjGQuix
0rEtRmZ3MhtEQJPV+AjlvGIgNBiaJMd8wMQdu8H12htt2Z7ccwOWnLXAzD9kmhGa
W9KvvyWgxiHoZWUxzg6a9rKm+8F8tR/GafpRmIkaeTDoMRIe3AHQZfPwhsV0pZto
Sad7LQiC6+9CXzBnnglrU8CFR/vEU+tnvg==
-----END CERTIFICATE-----

2023-08-23 10:53:00,022 [Time-limited test] INFO  utils.CertificateCodec (CertificateCodec.java:writeCertificate(299)) - Save certificate to /tmp/junit2694999461985590081/junit844558880790105407/scm-meta/scm/sub-ca/certs/certificate.crt
2023-08-23 10:53:00,022 [Time-limited test] INFO  utils.CertificateCodec (CertificateCodec.java:writeCertificate(300)) - Certificate -----BEGIN CERTIFICATE-----
MIIDuzCCAqOgAwIBAgIGAYPBEFSjMA0GCSqGSIb3DQEBCwUAMHsxGzAZBgNVBAMM
EnNjbS0xQGZ2LWF6NTczLTYzOTEtMCsGA1UECwwkZjA4NmJkNDEtZGZiMi00ZmVk
LTlkMDItNDBhOTBhNjJhYWZkMS0wKwYDVQQKDCRkMDc3MzQ1MS05YmRkLTRhNTct
YjAxYS1hZTJlMjMwN2FlOTIwHhcNMjMwODIzMTA1MzAwWhcNMjgwOTMwMTA1MzAw
WjCBizErMCkGA1UEAwwic2NtLXN1Yi0xNjY1Mzg4MTU2MTMxQGZ2LWF6NTczLTYz
OTEtMCsGA1UECwwkZjA4NmJkNDEtZGZiMi00ZmVkLTlkMDItNDBhOTBhNjJhYWZk
MS0wKwYDVQQKDCRkMDc3MzQ1MS05YmRkLTRhNTctYjAxYS1hZTJlMjMwN2FlOTIw
ggEiMA0GCSqGSIb3DQEBAQUAA4IBDwAwggEKAoIBAQCpsirMIX/X77N27xVPVjxO
AEdqMlZlQQq6EIix0nnlRWtX5ARBYNQMjgiJmNev9wBDhVm4YQZFiFiCgKlcMyfn
EEut4IDmT8/f7Fng3Gx8UrP/ZWGlF4+ei6oUxE3u1NxWLe1nT3AR65IfU3EfegGz
AhuwLuFP6abb+s902k1SYbVt85ip8iBzYWLK52ZOejtfe02rbGZmPZ6iFsXmk83f
tJUwe7mUTNDenP0CU9qQNf7nUy1KWOw/7ppIirQJ1jpVd2ZhC/087cBp9u9hjXEg
TOaHCLMagAjcZvkoxlqxGkvQ3Ll+xNcP96YLrLPlfOskWBq42J1mbuBSwiq9HqCP
AgMBAAGjNDAyMA8GA1UdEQQIMAaHBAoBABEwDwYDVR0TAQH/BAUwAwEB/zAOBgNV
HQ8BAf8EBAMCAb4wDQYJKoZIhvcNAQELBQADggEBAD2MUPdOXZzWa6aqOVcJBA4L
zWuWCphzNo5Q9bp08+1MaJRNhvEuS1XXdV709ub4ChG8O5v1VsOTM5FaIesl7auK
0bgyuw2SeuTdqHujF9MP2plUCFwnG8a8tNpDYNl09Qjq2jBvlD6cpvy6P0nPm+Wu
ZcGfxwlUIl2P9ZTEqSiGtTQCtL9Z6e2t879EwwotNHWPuW5FrFpteLE7NU32xGmX
NQbp90b70/AfAN4sF2GxJrcnzjrYnWpzPK9fnDzGz3taqVB0d/5T3CuyjZAuFuyR
yJCP3r8emkkglSjIOWzO94Tcr1ssmUd3PkNEpyZdCPuT7LCgkoojwK2Sd48aPgw=
-----END CERTIFICATE-----

-----BEGIN CERTIFICATE-----
MIIDpTCCAo2gAwIBAgIBATANBgkqhkiG9w0BAQsFADB7MRswGQYDVQQDDBJzY20t
MUBmdi1hejU3My02MzkxLTArBgNVBAsMJGYwODZiZDQxLWRmYjItNGZlZC05ZDAy
LTQwYTkwYTYyYWFmZDEtMCsGA1UECgwkZDA3NzM0NTEtOWJkZC00YTU3LWIwMWEt
YWUyZTIzMDdhZTkyMB4XDTIzMDgyMzEwNTMwMFoXDTI4MDkzMDEwNTMwMFowezEb
MBkGA1UEAwwSc2NtLTFAZnYtYXo1NzMtNjM5MS0wKwYDVQQLDCRmMDg2YmQ0MS1k
ZmIyLTRmZWQtOWQwMi00MGE5MGE2MmFhZmQxLTArBgNVBAoMJGQwNzczNDUxLTli
ZGQtNGE1Ny1iMDFhLWFlMmUyMzA3YWU5MjCCASIwDQYJKoZIhvcNAQEBBQADggEP
ADCCAQoCggEBAM/VzqJF2oLoE3OfSVvu46G7zEuxp9pBM45ZbZs85yWZxnC47ygB
URjGNfz0bqgRqU5mrAZs22rGP9xjH2Azr55rx+4zUYFqkwIY0g/AQbS2A4Gde7ew
E8WRPRzuFwhkRxoAZN6VrwHWbQ3xk56tgLg5aytPl7N0fSdRFZY+RctaLPPEy1bb
WzzCKGt/F+Ao/cSGJmuOTt/+KRQpRfZkp75up75LLAlEy3il36PxiJER3S6Z65EC
M9h4sJ6H5/BNF7+kbRCXg6CXnTvd0NvSxId/MJGYtFOt6VfKkjVTs9qIo/TiCXmv
orvCgHUcaKoG+JUhxkml/d5kCwL17fDe/3MCAwEAAaM0MDIwDwYDVR0TAQH/BAUw
AwEB/zAOBgNVHQ8BAf8EBAMCAQYwDwYDVR0RBAgwBocECgEAETANBgkqhkiG9w0B
AQsFAAOCAQEAMoWD1nFVdoDPzOZGSgsavAjCsV6iv0yn/kZihFN+75FYTauriexg
fBETx+hdg+T4xv513KjSDGXjEiIkVdcn9VOq8D2DmEkkDrRpJjvEf8IjKn9Sy/OF
2imXNOx6GDw5AdUuDzJ/1YYaCartlkJ2hkm/7NHyxdV8NMFZ9FBzhcErtEjGQuix
0rEtRmZ3MhtEQJPV+AjlvGIgNBiaJMd8wMQdu8H12htt2Z7ccwOWnLXAzD9kmhGa
W9KvvyWgxiHoZWUxzg6a9rKm+8F8tR/GafpRmIkaeTDoMRIe3AHQZfPwhsV0pZto
Sad7LQiC6+9CXzBnnglrU8CFR/vEU+tnvg==
-----END CERTIFICATE-----

2023-08-23 10:53:00,022 [Time-limited test] INFO  ha.HASecurityUtils (HASecurityUtils.java:initializeSecurity(121)) - Successfully stored SCM signed certificate.
2023-08-23 10:53:00,025 [Time-limited test] WARN  server.ServerUtils (ServerUtils.java:getScmDbDir(155)) - ozone.scm.db.dirs is not configured. We recommend adding this setting. Falling back to ozone.metadata.dirs instead.
2023-08-23 10:53:00,026 [Time-limited test] INFO  ha.SCMHANodeDetails (SCMHANodeDetails.java:loadSCMHAConfig(210)) - ServiceID for StorageContainerManager is null
2023-08-23 10:53:00,026 [Time-limited test] INFO  ha.SCMHANodeDetails (SCMHANodeDetails.java:loadSCMHAConfig(215)) - ozone.scm.default.service.id is not defined, falling back to ozone.scm.service.ids to find serviceID for StorageContainerManager if it is HA enabled cluster
2023-08-23 10:53:00,027 [Time-limited test] WARN  server.ServerUtils (ServerUtils.java:getScmDbDir(155)) - ozone.scm.db.dirs is not configured. We recommend adding this setting. Falling back to ozone.metadata.dirs instead.
2023-08-23 10:53:00,027 [Time-limited test] INFO  ha.SCMHANodeDetails (SCMHANodeDetails.java:loadSCMHAConfig(210)) - ServiceID for StorageContainerManager is null
2023-08-23 10:53:00,027 [Time-limited test] INFO  ha.SCMHANodeDetails (SCMHANodeDetails.java:loadSCMHAConfig(215)) - ozone.scm.default.service.id is not defined, falling back to ozone.scm.service.ids to find serviceID for StorageContainerManager if it is HA enabled cluster
2023-08-23 10:53:00,028 [Time-limited test] WARN  server.ServerUtils (ServerUtils.java:getScmDbDir(155)) - ozone.scm.db.dirs is not configured. We recommend adding this setting. Falling back to ozone.metadata.dirs instead.
2023-08-23 10:53:00,029 [Time-limited test] INFO  ha.SCMHANodeDetails (SCMHANodeDetails.java:loadSCMHAConfig(210)) - ServiceID for StorageContainerManager is null
2023-08-23 10:53:00,029 [Time-limited test] INFO  ha.SCMHANodeDetails (SCMHANodeDetails.java:loadSCMHAConfig(215)) - ozone.scm.default.service.id is not defined, falling back to ozone.scm.service.ids to find serviceID for StorageContainerManager if it is HA enabled cluster
2023-08-23 10:53:00,029 [Time-limited test] WARN  server.ServerUtils (ServerUtils.java:getScmDbDir(155)) - ozone.scm.db.dirs is not configured. We recommend adding this setting. Falling back to ozone.metadata.dirs instead.
2023-08-23 10:53:00,029 [Time-limited test] INFO  ha.SCMHANodeDetails (SCMHANodeDetails.java:loadSCMHAConfig(210)) - ServiceID for StorageContainerManager is null
2023-08-23 10:53:00,029 [Time-limited test] INFO  ha.SCMHANodeDetails (SCMHANodeDetails.java:loadSCMHAConfig(215)) - ozone.scm.default.service.id is not defined, falling back to ozone.scm.service.ids to find serviceID for StorageContainerManager if it is HA enabled cluster
2023-08-23 10:53:00,030 [Time-limited test] INFO  impl.DefaultInternalKdcServerImpl (DefaultInternalKdcServerImpl.java:doStop(102)) - Default Internal kdc server stopped.
2023-08-23 10:53:01,030 [Time-limited test] INFO  minikdc.MiniKdc (MiniKdc.java:stop(359)) - MiniKdc stopped.
]]></system-out>
  </testcase>
  <testcase name="testAdminAccessControlException" classname="org.apache.hadoop.ozone.TestSecureOzoneCluster" time="4.991">
    <system-out><![CDATA[2023-08-23 10:53:01,049 [Time-limited test] INFO  net.ServerSocketUtil (ServerSocketUtil.java:getPort(55)) - Using port 9860
2023-08-23 10:53:01,049 [Time-limited test] INFO  net.ServerSocketUtil (ServerSocketUtil.java:getPort(55)) - Using port 9861
2023-08-23 10:53:01,049 [Time-limited test] INFO  net.ServerSocketUtil (ServerSocketUtil.java:getPort(55)) - Using port 9863
2023-08-23 10:53:01,049 [Time-limited test] INFO  net.ServerSocketUtil (ServerSocketUtil.java:getPort(55)) - Using port 9961
2023-08-23 10:53:01,049 [Time-limited test] INFO  net.ServerSocketUtil (ServerSocketUtil.java:getPort(55)) - Using port 1200
2023-08-23 10:53:01,049 [Time-limited test] INFO  net.ServerSocketUtil (ServerSocketUtil.java:getPort(55)) - Using port 1201
2023-08-23 10:53:01,050 [Time-limited test] INFO  minikdc.MiniKdc (MiniKdc.java:<init>(225)) - Configuration:
2023-08-23 10:53:01,050 [Time-limited test] INFO  minikdc.MiniKdc (MiniKdc.java:<init>(226)) - ---------------------------------------------------------------
2023-08-23 10:53:01,050 [Time-limited test] INFO  minikdc.MiniKdc (MiniKdc.java:<init>(228)) -   debug: false
2023-08-23 10:53:01,050 [Time-limited test] INFO  minikdc.MiniKdc (MiniKdc.java:<init>(228)) -   transport: TCP
2023-08-23 10:53:01,050 [Time-limited test] INFO  minikdc.MiniKdc (MiniKdc.java:<init>(228)) -   max.ticket.lifetime: 86400000
2023-08-23 10:53:01,050 [Time-limited test] INFO  minikdc.MiniKdc (MiniKdc.java:<init>(228)) -   org.name: EXAMPLE
2023-08-23 10:53:01,050 [Time-limited test] INFO  minikdc.MiniKdc (MiniKdc.java:<init>(228)) -   kdc.port: 0
2023-08-23 10:53:01,050 [Time-limited test] INFO  minikdc.MiniKdc (MiniKdc.java:<init>(228)) -   org.domain: COM
2023-08-23 10:53:01,050 [Time-limited test] INFO  minikdc.MiniKdc (MiniKdc.java:<init>(228)) -   max.renewable.lifetime: 604800000
2023-08-23 10:53:01,051 [Time-limited test] INFO  minikdc.MiniKdc (MiniKdc.java:<init>(228)) -   instance: DefaultKrbServer
2023-08-23 10:53:01,051 [Time-limited test] INFO  minikdc.MiniKdc (MiniKdc.java:<init>(228)) -   kdc.bind.address: localhost
2023-08-23 10:53:01,051 [Time-limited test] INFO  minikdc.MiniKdc (MiniKdc.java:<init>(230)) - ---------------------------------------------------------------
2023-08-23 10:53:01,052 [Time-limited test] INFO  minikdc.MiniKdc (MiniKdc.java:start(285)) - MiniKdc started.
2023-08-23 10:53:01,423 [Time-limited test] INFO  om.OzoneManager (OzoneManager.java:getOmDetailsProto(4552)) - OzoneManager ports added:[name: "RPC"
value: 1202
]
2023-08-23 10:53:01,424 [Time-limited test] WARN  server.ServerUtils (ServerUtils.java:getScmDbDir(155)) - ozone.scm.db.dirs is not configured. We recommend adding this setting. Falling back to ozone.metadata.dirs instead.
2023-08-23 10:53:01,424 [Time-limited test] INFO  ha.HASecurityUtils (HASecurityUtils.java:initializeSecurity(98)) - Initializing secure StorageContainerManager.
2023-08-23 10:53:01,425 [Time-limited test] INFO  client.SCMCertificateClient (DefaultCertificateClient.java:updateCertSerialId(1244)) - Certificate serial ID set to null
2023-08-23 10:53:01,425 [Time-limited test] ERROR client.SCMCertificateClient (DefaultCertificateClient.java:getCertPath(362)) - Default certificate serial id is not set. Can't locate the default certificate for this client.
2023-08-23 10:53:01,425 [Time-limited test] INFO  client.SCMCertificateClient (DefaultCertificateClient.java:init(715)) - Certificate client init case: 0
2023-08-23 10:53:01,425 [Time-limited test] INFO  client.SCMCertificateClient (SCMCertificateClient.java:handleCase(103)) - Creating keypair for client as keypair and certificate not found.
2023-08-23 10:53:01,678 [Time-limited test] INFO  ha.HASecurityUtils (HASecurityUtils.java:initializeSecurity(108)) - Init response: GETCERT
2023-08-23 10:53:01,853 [Time-limited test] INFO  ozone.OzoneSecurityUtil (OzoneSecurityUtil.java:getValidInetsForCurrentHost(119)) - ip:fe80:0:0:0:20d:3aff:fe5a:f85d%eth0 not returned.
2023-08-23 10:53:01,854 [Time-limited test] INFO  ozone.OzoneSecurityUtil (OzoneSecurityUtil.java:getValidInetsForCurrentHost(116)) - Adding ip:10.1.0.17,host:fv-az573-639
2023-08-23 10:53:01,854 [Time-limited test] INFO  ozone.OzoneSecurityUtil (OzoneSecurityUtil.java:getValidInetsForCurrentHost(119)) - ip:0:0:0:0:0:0:0:1%lo not returned.
2023-08-23 10:53:01,854 [Time-limited test] INFO  ozone.OzoneSecurityUtil (OzoneSecurityUtil.java:getValidInetsForCurrentHost(119)) - ip:127.0.0.1 not returned.
2023-08-23 10:53:01,854 [Time-limited test] ERROR utils.SelfSignedCertificate (SelfSignedCertificate.java:lambda$addInetAddresses$0(244)) - Invalid domain fv-az573-639
2023-08-23 10:53:01,856 [Time-limited test] INFO  utils.SelfSignedCertificate (SelfSignedCertificate.java:generateCertificate(157)) - Certificate 1 is issued by CN=scm-1@fv-az573-639,OU=b882d4c1-f60f-4c9f-b132-4c133520f50e,O=ccfa4084-6298-410c-b6ad-a6e826fc01fd to CN=scm-1@fv-az573-639,OU=b882d4c1-f60f-4c9f-b132-4c133520f50e,O=ccfa4084-6298-410c-b6ad-a6e826fc01fd, valid from Wed Aug 23 10:53:01 UTC 2023 to Sat Sep 30 10:53:01 UTC 2028
2023-08-23 10:53:01,857 [Time-limited test] INFO  utils.CertificateCodec (CertificateCodec.java:writeCertificate(299)) - Save certificate to /tmp/junit6177315060750093958/junit71937409925002917/scm-meta/scm/ca/certs/certificate.crt
2023-08-23 10:53:01,857 [Time-limited test] INFO  utils.CertificateCodec (CertificateCodec.java:writeCertificate(300)) - Certificate -----BEGIN CERTIFICATE-----
MIIDpTCCAo2gAwIBAgIBATANBgkqhkiG9w0BAQsFADB7MRswGQYDVQQDDBJzY20t
MUBmdi1hejU3My02MzkxLTArBgNVBAsMJGI4ODJkNGMxLWY2MGYtNGM5Zi1iMTMy
LTRjMTMzNTIwZjUwZTEtMCsGA1UECgwkY2NmYTQwODQtNjI5OC00MTBjLWI2YWQt
YTZlODI2ZmMwMWZkMB4XDTIzMDgyMzEwNTMwMVoXDTI4MDkzMDEwNTMwMVowezEb
MBkGA1UEAwwSc2NtLTFAZnYtYXo1NzMtNjM5MS0wKwYDVQQLDCRiODgyZDRjMS1m
NjBmLTRjOWYtYjEzMi00YzEzMzUyMGY1MGUxLTArBgNVBAoMJGNjZmE0MDg0LTYy
OTgtNDEwYy1iNmFkLWE2ZTgyNmZjMDFmZDCCASIwDQYJKoZIhvcNAQEBBQADggEP
ADCCAQoCggEBAK+n/Ghj/4DUKz8hjKj/oSI/bENJQTyz1Onb7mHWRhomJP11PNWR
BpZfvOeU48LehFBJyUcmcIn8oM5QPksr5gqLNwcMXOurm7w4FIn1WekrflgEMBm5
lQrPWX/x1mIdf0ypy8y+R/AjVpOof37TZGTPpagqODdq+WRr5eG+ty1pO1suYAGL
awmwlPrT0XcepzIVmjbQO+qKHBM0Ir0GKx+uJ0h35na0Dj0DleTDvycb5eXg5rvR
GlC6oMXTA5yEagkn8I7QBJwT8/4G9CPDFDkiZvfX2XENGylKH8bIR+Jni4/bze+r
V4ExBC9h6jKLCNGf/SpL07GtjIq0h5eXxT0CAwEAAaM0MDIwDwYDVR0TAQH/BAUw
AwEB/zAOBgNVHQ8BAf8EBAMCAQYwDwYDVR0RBAgwBocECgEAETANBgkqhkiG9w0B
AQsFAAOCAQEAcKa0FXsBZd5tyeK3lYn+rhWZ6tWuManV3ozQE62Ol50ZdrlNRSHI
wbDilDP2RU396ysAmkzO3cq3TqUbyaoVU1B2IfLlo4havTbhxjhs2XUAVwPy0oQH
NKQoBXaG85D5RyBuEaSS28ZDSdyVI51hLo9ze3OFq/M2ZUqc5CLzcqbVPXYV98xI
yADHAbv/8/izEWHSI6scVbMRHorHBVtWMOqKxBX7+JGmWz3LPshSFA3AbJaddMtZ
TOn5S/mQ3p9mKMHhoGAjg6HnuPyVpWW17L+beVxEwrRq5RhwJp11Xa37VSF3h4lB
YX/ZQGo34MajHdPmcWtkSvyvlQy0YTEAuQ==
-----END CERTIFICATE-----

2023-08-23 10:53:01,858 [Time-limited test] INFO  client.SCMCertificateClient (SCMCertificateClient.java:getCSRBuilder(165)) - Creating csr for SCM->hostName:fv-az573-639,scmId:b882d4c1-f60f-4c9f-b132-4c133520f50e,clusterId:ccfa4084-6298-410c-b6ad-a6e826fc01fd,subject:scm-sub-1667231372639@fv-az573-639
2023-08-23 10:53:01,858 [Time-limited test] INFO  ozone.OzoneSecurityUtil (OzoneSecurityUtil.java:getValidInetsForCurrentHost(119)) - ip:fe80:0:0:0:20d:3aff:fe5a:f85d%eth0 not returned.
2023-08-23 10:53:01,858 [Time-limited test] INFO  ozone.OzoneSecurityUtil (OzoneSecurityUtil.java:getValidInetsForCurrentHost(116)) - Adding ip:10.1.0.17,host:fv-az573-639
2023-08-23 10:53:01,858 [Time-limited test] INFO  ozone.OzoneSecurityUtil (OzoneSecurityUtil.java:getValidInetsForCurrentHost(119)) - ip:0:0:0:0:0:0:0:1%lo not returned.
2023-08-23 10:53:01,858 [Time-limited test] INFO  ozone.OzoneSecurityUtil (OzoneSecurityUtil.java:getValidInetsForCurrentHost(119)) - ip:127.0.0.1 not returned.
2023-08-23 10:53:01,858 [Time-limited test] ERROR utils.CertificateSignRequest (CertificateSignRequest.java:lambda$addInetAddresses$0(295)) - Invalid domain fv-az573-639
2023-08-23 10:53:01,858 [Time-limited test] INFO  ha.HASecurityUtils (HASecurityUtils.java:generateCSR(308)) - Creating csr for SCM->hostName:fv-az573-639,scmId:b882d4c1-f60f-4c9f-b132-4c133520f50e,clusterId:ccfa4084-6298-410c-b6ad-a6e826fc01fd,subject:scm-sub-1667231979649@fv-az573-639
2023-08-23 10:53:01,862 [Time-limited test] INFO  authority.DefaultApprover (DefaultApprover.java:sign(154)) - Extensions in CSR: 2.5.29.19, 2.5.29.15, 2.5.29.17
2023-08-23 10:53:01,862 [Time-limited test] INFO  authority.DefaultApprover (DefaultApprover.java:sign(158)) - Extensions to add to the certificate if they present in CSR: 2.5.29.17, 2.5.29.19, 1.3.6.1.5.5.7.1.12, 2.5.29.35, 2.5.29.37, 2.5.29.15
2023-08-23 10:53:01,865 [Time-limited test] INFO  utils.CertificateCodec (CertificateCodec.java:writeCertificate(299)) - Save certificate to /tmp/junit6177315060750093958/junit71937409925002917/scm-meta/scm/sub-ca/certs/CA-1.crt
2023-08-23 10:53:01,865 [Time-limited test] INFO  utils.CertificateCodec (CertificateCodec.java:writeCertificate(300)) - Certificate -----BEGIN CERTIFICATE-----
MIIDpTCCAo2gAwIBAgIBATANBgkqhkiG9w0BAQsFADB7MRswGQYDVQQDDBJzY20t
MUBmdi1hejU3My02MzkxLTArBgNVBAsMJGI4ODJkNGMxLWY2MGYtNGM5Zi1iMTMy
LTRjMTMzNTIwZjUwZTEtMCsGA1UECgwkY2NmYTQwODQtNjI5OC00MTBjLWI2YWQt
YTZlODI2ZmMwMWZkMB4XDTIzMDgyMzEwNTMwMVoXDTI4MDkzMDEwNTMwMVowezEb
MBkGA1UEAwwSc2NtLTFAZnYtYXo1NzMtNjM5MS0wKwYDVQQLDCRiODgyZDRjMS1m
NjBmLTRjOWYtYjEzMi00YzEzMzUyMGY1MGUxLTArBgNVBAoMJGNjZmE0MDg0LTYy
OTgtNDEwYy1iNmFkLWE2ZTgyNmZjMDFmZDCCASIwDQYJKoZIhvcNAQEBBQADggEP
ADCCAQoCggEBAK+n/Ghj/4DUKz8hjKj/oSI/bENJQTyz1Onb7mHWRhomJP11PNWR
BpZfvOeU48LehFBJyUcmcIn8oM5QPksr5gqLNwcMXOurm7w4FIn1WekrflgEMBm5
lQrPWX/x1mIdf0ypy8y+R/AjVpOof37TZGTPpagqODdq+WRr5eG+ty1pO1suYAGL
awmwlPrT0XcepzIVmjbQO+qKHBM0Ir0GKx+uJ0h35na0Dj0DleTDvycb5eXg5rvR
GlC6oMXTA5yEagkn8I7QBJwT8/4G9CPDFDkiZvfX2XENGylKH8bIR+Jni4/bze+r
V4ExBC9h6jKLCNGf/SpL07GtjIq0h5eXxT0CAwEAAaM0MDIwDwYDVR0TAQH/BAUw
AwEB/zAOBgNVHQ8BAf8EBAMCAQYwDwYDVR0RBAgwBocECgEAETANBgkqhkiG9w0B
AQsFAAOCAQEAcKa0FXsBZd5tyeK3lYn+rhWZ6tWuManV3ozQE62Ol50ZdrlNRSHI
wbDilDP2RU396ysAmkzO3cq3TqUbyaoVU1B2IfLlo4havTbhxjhs2XUAVwPy0oQH
NKQoBXaG85D5RyBuEaSS28ZDSdyVI51hLo9ze3OFq/M2ZUqc5CLzcqbVPXYV98xI
yADHAbv/8/izEWHSI6scVbMRHorHBVtWMOqKxBX7+JGmWz3LPshSFA3AbJaddMtZ
TOn5S/mQ3p9mKMHhoGAjg6HnuPyVpWW17L+beVxEwrRq5RhwJp11Xa37VSF3h4lB
YX/ZQGo34MajHdPmcWtkSvyvlQy0YTEAuQ==
-----END CERTIFICATE-----

2023-08-23 10:53:01,865 [Time-limited test] INFO  utils.CertificateCodec (CertificateCodec.java:writeCertificate(299)) - Save certificate to /tmp/junit6177315060750093958/junit71937409925002917/scm-meta/scm/sub-ca/certs/1667235150700.crt
2023-08-23 10:53:01,865 [Time-limited test] INFO  utils.CertificateCodec (CertificateCodec.java:writeCertificate(300)) - Certificate -----BEGIN CERTIFICATE-----
MIIDuzCCAqOgAwIBAgIGAYQu9XtsMA0GCSqGSIb3DQEBCwUAMHsxGzAZBgNVBAMM
EnNjbS0xQGZ2LWF6NTczLTYzOTEtMCsGA1UECwwkYjg4MmQ0YzEtZjYwZi00Yzlm
LWIxMzItNGMxMzM1MjBmNTBlMS0wKwYDVQQKDCRjY2ZhNDA4NC02Mjk4LTQxMGMt
YjZhZC1hNmU4MjZmYzAxZmQwHhcNMjMwODIzMTA1MzAxWhcNMjgwOTMwMTA1MzAx
WjCBizErMCkGA1UEAwwic2NtLXN1Yi0xNjY3MjMxOTc5NjQ5QGZ2LWF6NTczLTYz
OTEtMCsGA1UECwwkYjg4MmQ0YzEtZjYwZi00YzlmLWIxMzItNGMxMzM1MjBmNTBl
MS0wKwYDVQQKDCRjY2ZhNDA4NC02Mjk4LTQxMGMtYjZhZC1hNmU4MjZmYzAxZmQw
ggEiMA0GCSqGSIb3DQEBAQUAA4IBDwAwggEKAoIBAQDRjCMDIrOSGe4yLs7If1Au
gmKaMijpKyw0A/6+gSjAs/xYCQMn2/58Im4GaKhcA2Yd2DcQSQr/ai2hcILLUIIc
KNQcaLlJ67gB0fcMN0qYPuCXsKZUMCs4MKdYmgv5s2aFU5qJAwPaAZ6Iqjb3RtxY
thlxxjDCfrrdgQgfpgn/X2eEN10Kp3y4qLhtXhdK/pKSwhspkW+BHVBO3KMLmEyZ
0qhNkH8+1wDluTm7i9FBehusj3XKfraa5lQG0cfah4uErqBs86xcVsRbHchZTr+X
pHHTGWNXreoX6WTjT9NKZveEhWh4xtkpspcsafXChCr7DtJmmEpO9S+w44QJ4yUj
AgMBAAGjNDAyMA8GA1UdEQQIMAaHBAoBABEwDwYDVR0TAQH/BAUwAwEB/zAOBgNV
HQ8BAf8EBAMCAb4wDQYJKoZIhvcNAQELBQADggEBACdlVdpn8SpVRxsCBGENj0xd
r8976y43S8uvHT8TeANMldwvJJFulh0VQFGYJMDpzTZNMld9bwS6sLjDoui/Qce6
/YYeWRab39jrcznOBq/8Kxv88kiEWBuQejGd7/4mD0KVFMnjPB2ToQ2rxvk5MPNS
sNbsvZzviTvt1IeUi0m8zvRf6qGSCoGDGRpTRAFCl65hSr7f8jaXhi8FfJwsN3Rv
1751HnRSdIffyd/vjd1r6Y3//RRrQElbhq/AVA5b38hixOuKaUF47sHcTKDXunj6
xOxPeZzOgIggfEnZis5SW83I4ZExg8KDbw4uSb+LcgKw+te1hwoh3ydNTKS0fQQ=
-----END CERTIFICATE-----

-----BEGIN CERTIFICATE-----
MIIDpTCCAo2gAwIBAgIBATANBgkqhkiG9w0BAQsFADB7MRswGQYDVQQDDBJzY20t
MUBmdi1hejU3My02MzkxLTArBgNVBAsMJGI4ODJkNGMxLWY2MGYtNGM5Zi1iMTMy
LTRjMTMzNTIwZjUwZTEtMCsGA1UECgwkY2NmYTQwODQtNjI5OC00MTBjLWI2YWQt
YTZlODI2ZmMwMWZkMB4XDTIzMDgyMzEwNTMwMVoXDTI4MDkzMDEwNTMwMVowezEb
MBkGA1UEAwwSc2NtLTFAZnYtYXo1NzMtNjM5MS0wKwYDVQQLDCRiODgyZDRjMS1m
NjBmLTRjOWYtYjEzMi00YzEzMzUyMGY1MGUxLTArBgNVBAoMJGNjZmE0MDg0LTYy
OTgtNDEwYy1iNmFkLWE2ZTgyNmZjMDFmZDCCASIwDQYJKoZIhvcNAQEBBQADggEP
ADCCAQoCggEBAK+n/Ghj/4DUKz8hjKj/oSI/bENJQTyz1Onb7mHWRhomJP11PNWR
BpZfvOeU48LehFBJyUcmcIn8oM5QPksr5gqLNwcMXOurm7w4FIn1WekrflgEMBm5
lQrPWX/x1mIdf0ypy8y+R/AjVpOof37TZGTPpagqODdq+WRr5eG+ty1pO1suYAGL
awmwlPrT0XcepzIVmjbQO+qKHBM0Ir0GKx+uJ0h35na0Dj0DleTDvycb5eXg5rvR
GlC6oMXTA5yEagkn8I7QBJwT8/4G9CPDFDkiZvfX2XENGylKH8bIR+Jni4/bze+r
V4ExBC9h6jKLCNGf/SpL07GtjIq0h5eXxT0CAwEAAaM0MDIwDwYDVR0TAQH/BAUw
AwEB/zAOBgNVHQ8BAf8EBAMCAQYwDwYDVR0RBAgwBocECgEAETANBgkqhkiG9w0B
AQsFAAOCAQEAcKa0FXsBZd5tyeK3lYn+rhWZ6tWuManV3ozQE62Ol50ZdrlNRSHI
wbDilDP2RU396ysAmkzO3cq3TqUbyaoVU1B2IfLlo4havTbhxjhs2XUAVwPy0oQH
NKQoBXaG85D5RyBuEaSS28ZDSdyVI51hLo9ze3OFq/M2ZUqc5CLzcqbVPXYV98xI
yADHAbv/8/izEWHSI6scVbMRHorHBVtWMOqKxBX7+JGmWz3LPshSFA3AbJaddMtZ
TOn5S/mQ3p9mKMHhoGAjg6HnuPyVpWW17L+beVxEwrRq5RhwJp11Xa37VSF3h4lB
YX/ZQGo34MajHdPmcWtkSvyvlQy0YTEAuQ==
-----END CERTIFICATE-----

2023-08-23 10:53:01,865 [Time-limited test] INFO  utils.CertificateCodec (CertificateCodec.java:writeCertificate(299)) - Save certificate to /tmp/junit6177315060750093958/junit71937409925002917/scm-meta/scm/sub-ca/certs/certificate.crt
2023-08-23 10:53:01,865 [Time-limited test] INFO  utils.CertificateCodec (CertificateCodec.java:writeCertificate(300)) - Certificate -----BEGIN CERTIFICATE-----
MIIDuzCCAqOgAwIBAgIGAYQu9XtsMA0GCSqGSIb3DQEBCwUAMHsxGzAZBgNVBAMM
EnNjbS0xQGZ2LWF6NTczLTYzOTEtMCsGA1UECwwkYjg4MmQ0YzEtZjYwZi00Yzlm
LWIxMzItNGMxMzM1MjBmNTBlMS0wKwYDVQQKDCRjY2ZhNDA4NC02Mjk4LTQxMGMt
YjZhZC1hNmU4MjZmYzAxZmQwHhcNMjMwODIzMTA1MzAxWhcNMjgwOTMwMTA1MzAx
WjCBizErMCkGA1UEAwwic2NtLXN1Yi0xNjY3MjMxOTc5NjQ5QGZ2LWF6NTczLTYz
OTEtMCsGA1UECwwkYjg4MmQ0YzEtZjYwZi00YzlmLWIxMzItNGMxMzM1MjBmNTBl
MS0wKwYDVQQKDCRjY2ZhNDA4NC02Mjk4LTQxMGMtYjZhZC1hNmU4MjZmYzAxZmQw
ggEiMA0GCSqGSIb3DQEBAQUAA4IBDwAwggEKAoIBAQDRjCMDIrOSGe4yLs7If1Au
gmKaMijpKyw0A/6+gSjAs/xYCQMn2/58Im4GaKhcA2Yd2DcQSQr/ai2hcILLUIIc
KNQcaLlJ67gB0fcMN0qYPuCXsKZUMCs4MKdYmgv5s2aFU5qJAwPaAZ6Iqjb3RtxY
thlxxjDCfrrdgQgfpgn/X2eEN10Kp3y4qLhtXhdK/pKSwhspkW+BHVBO3KMLmEyZ
0qhNkH8+1wDluTm7i9FBehusj3XKfraa5lQG0cfah4uErqBs86xcVsRbHchZTr+X
pHHTGWNXreoX6WTjT9NKZveEhWh4xtkpspcsafXChCr7DtJmmEpO9S+w44QJ4yUj
AgMBAAGjNDAyMA8GA1UdEQQIMAaHBAoBABEwDwYDVR0TAQH/BAUwAwEB/zAOBgNV
HQ8BAf8EBAMCAb4wDQYJKoZIhvcNAQELBQADggEBACdlVdpn8SpVRxsCBGENj0xd
r8976y43S8uvHT8TeANMldwvJJFulh0VQFGYJMDpzTZNMld9bwS6sLjDoui/Qce6
/YYeWRab39jrcznOBq/8Kxv88kiEWBuQejGd7/4mD0KVFMnjPB2ToQ2rxvk5MPNS
sNbsvZzviTvt1IeUi0m8zvRf6qGSCoGDGRpTRAFCl65hSr7f8jaXhi8FfJwsN3Rv
1751HnRSdIffyd/vjd1r6Y3//RRrQElbhq/AVA5b38hixOuKaUF47sHcTKDXunj6
xOxPeZzOgIggfEnZis5SW83I4ZExg8KDbw4uSb+LcgKw+te1hwoh3ydNTKS0fQQ=
-----END CERTIFICATE-----

-----BEGIN CERTIFICATE-----
MIIDpTCCAo2gAwIBAgIBATANBgkqhkiG9w0BAQsFADB7MRswGQYDVQQDDBJzY20t
MUBmdi1hejU3My02MzkxLTArBgNVBAsMJGI4ODJkNGMxLWY2MGYtNGM5Zi1iMTMy
LTRjMTMzNTIwZjUwZTEtMCsGA1UECgwkY2NmYTQwODQtNjI5OC00MTBjLWI2YWQt
YTZlODI2ZmMwMWZkMB4XDTIzMDgyMzEwNTMwMVoXDTI4MDkzMDEwNTMwMVowezEb
MBkGA1UEAwwSc2NtLTFAZnYtYXo1NzMtNjM5MS0wKwYDVQQLDCRiODgyZDRjMS1m
NjBmLTRjOWYtYjEzMi00YzEzMzUyMGY1MGUxLTArBgNVBAoMJGNjZmE0MDg0LTYy
OTgtNDEwYy1iNmFkLWE2ZTgyNmZjMDFmZDCCASIwDQYJKoZIhvcNAQEBBQADggEP
ADCCAQoCggEBAK+n/Ghj/4DUKz8hjKj/oSI/bENJQTyz1Onb7mHWRhomJP11PNWR
BpZfvOeU48LehFBJyUcmcIn8oM5QPksr5gqLNwcMXOurm7w4FIn1WekrflgEMBm5
lQrPWX/x1mIdf0ypy8y+R/AjVpOof37TZGTPpagqODdq+WRr5eG+ty1pO1suYAGL
awmwlPrT0XcepzIVmjbQO+qKHBM0Ir0GKx+uJ0h35na0Dj0DleTDvycb5eXg5rvR
GlC6oMXTA5yEagkn8I7QBJwT8/4G9CPDFDkiZvfX2XENGylKH8bIR+Jni4/bze+r
V4ExBC9h6jKLCNGf/SpL07GtjIq0h5eXxT0CAwEAAaM0MDIwDwYDVR0TAQH/BAUw
AwEB/zAOBgNVHQ8BAf8EBAMCAQYwDwYDVR0RBAgwBocECgEAETANBgkqhkiG9w0B
AQsFAAOCAQEAcKa0FXsBZd5tyeK3lYn+rhWZ6tWuManV3ozQE62Ol50ZdrlNRSHI
wbDilDP2RU396ysAmkzO3cq3TqUbyaoVU1B2IfLlo4havTbhxjhs2XUAVwPy0oQH
NKQoBXaG85D5RyBuEaSS28ZDSdyVI51hLo9ze3OFq/M2ZUqc5CLzcqbVPXYV98xI
yADHAbv/8/izEWHSI6scVbMRHorHBVtWMOqKxBX7+JGmWz3LPshSFA3AbJaddMtZ
TOn5S/mQ3p9mKMHhoGAjg6HnuPyVpWW17L+beVxEwrRq5RhwJp11Xa37VSF3h4lB
YX/ZQGo34MajHdPmcWtkSvyvlQy0YTEAuQ==
-----END CERTIFICATE-----

2023-08-23 10:53:01,866 [Time-limited test] INFO  ha.HASecurityUtils (HASecurityUtils.java:initializeSecurity(121)) - Successfully stored SCM signed certificate.
2023-08-23 10:53:01,867 [Time-limited test] WARN  server.ServerUtils (ServerUtils.java:getScmDbDir(155)) - ozone.scm.db.dirs is not configured. We recommend adding this setting. Falling back to ozone.metadata.dirs instead.
2023-08-23 10:53:01,867 [Time-limited test] INFO  ha.SCMHANodeDetails (SCMHANodeDetails.java:loadSCMHAConfig(210)) - ServiceID for StorageContainerManager is null
2023-08-23 10:53:01,868 [Time-limited test] INFO  ha.SCMHANodeDetails (SCMHANodeDetails.java:loadSCMHAConfig(215)) - ozone.scm.default.service.id is not defined, falling back to ozone.scm.service.ids to find serviceID for StorageContainerManager if it is HA enabled cluster
2023-08-23 10:53:01,871 [pool-551-thread-1] INFO  request.KdcRequest (KdcRequest.java:preauth(651)) - The preauth data is empty.
2023-08-23 10:53:01,871 [pool-551-thread-1] INFO  server.KdcHandler (KdcHandler.java:handleRecoverableException(177)) - KRB error occurred while processing request:Additional pre-authentication required
2023-08-23 10:53:01,881 [pool-551-thread-2] INFO  request.AsRequest (AsRequest.java:issueTicket(112)) - AS_REQ ISSUE: authtime 1692787981880,scm/fv-az573-639@EXAMPLE.COM for krbtgt/EXAMPLE.COM@EXAMPLE.COM
2023-08-23 10:53:01,883 [Time-limited test] INFO  security.UserGroupInformation (UserGroupInformation.java:loginUserFromKeytab(1132)) - Login successful for user scm/fv-az573-639@EXAMPLE.COM using keytab file scm.keytab. Keytab auto renewal enabled : false
2023-08-23 10:53:01,883 [Time-limited test] INFO  server.StorageContainerManager (StorageContainerManager.java:loginAsSCMUserIfSecurityEnabled(1042)) - SCM login successful.
2023-08-23 10:53:01,884 [Time-limited test] INFO  client.SCMCertificateClient (DefaultCertificateClient.java:updateCertSerialId(1244)) - Certificate serial ID set to 1667235150700
2023-08-23 10:53:01,885 [Time-limited test] INFO  client.SCMCertificateClient (DefaultCertificateClient.java:readCertificateFile(237)) - Added certificate   [0]         Version: 3
         SerialNumber: 1667235150700
             IssuerDN: CN=scm-1@fv-az573-639,OU=b882d4c1-f60f-4c9f-b132-4c133520f50e,O=ccfa4084-6298-410c-b6ad-a6e826fc01fd
           Start Date: Wed Aug 23 10:53:01 UTC 2023
           Final Date: Sat Sep 30 10:53:01 UTC 2028
            SubjectDN: CN=scm-sub-1667231979649@fv-az573-639,OU=b882d4c1-f60f-4c9f-b132-4c133520f50e,O=ccfa4084-6298-410c-b6ad-a6e826fc01fd
           Public Key: RSA Public Key [f7:43:bb:b4:73:e5:7e:3e:22:64:d8:42:2c:9e:1e:cf:4b:1e:8f:76],[56:66:d1:a4]
        modulus: d18c230322b39219ee322ecec87f502e82629a3228e92b2c3403febe8128c0b3fc58090327dbfe7c226e0668a85c03661dd83710490aff6a2da17082cb50821c28d41c68b949ebb801d1f70c374a983ee097b0a654302b3830a7589a0bf9b36685539a890303da019e88aa36f746dc58b61971c630c27ebadd81081fa609ff5f6784375d0aa77cb8a8b86d5e174afe9292c21b29916f811d504edca30b984c99d2a84d907f3ed700e5b939bb8bd1417a1bac8f75ca7eb69ae65406d1c7da878b84aea06cf3ac5c56c45b1dc8594ebf97a471d3196357adea17e964e34fd34a66f784856878c6d929b2972c69f5c2842afb0ed266984a4ef52fb0e38409e32523
public exponent: 10001

  Signature Algorithm: SHA256WITHRSA
            Signature: 276555da67f12a55471b0204610d8f4c5dafcf7b
                       eb2e374bcbaf1d3f1378034c95dc2f24916e961d
                       1540519824c0e9cd364d32577d6f04bab0b8c3a2
                       e8bf41c7bafd861e59169bdfd8eb7339ce06affc
                       2b1bfcf24884581b907a319deffe260f429514c9
                       e33c1d93a10dabc6f93930f352b0d6ecbd9cef89
                       3bedd487948b49bccef45feaa1920a8183191a53
                       44014297ae614abedff23697862f057c9c2c3774
                       6fd7be751e74527487dfc9dfef8ddd6be98dfffd
                       146b40495b86afc0540e5bdfc862c4eb8a694178
                       eec1dc4ca0d7ba78fac4ec4f799cce8088207c49
                       d98ace525bcdc8e1913183c2836f0e2e49bf8b72
                       02b0fad7b5870a21df274d4ca4b47d04
       Extensions: 
                       critical(false) 2.5.29.17 value = Sequence
    Tagged [7] IMPLICIT 
        DER Octet String[4] 

                       critical(true) BasicConstraints: isCa(true)
                       critical(true) KeyUsage: 0xbe
 from file: /tmp/junit6177315060750093958/junit71937409925002917/scm-meta/scm/sub-ca/certs/1667235150700.crt.
2023-08-23 10:53:01,886 [Time-limited test] INFO  client.SCMCertificateClient (DefaultCertificateClient.java:readCertificateFile(237)) - Added certificate   [0]         Version: 3
         SerialNumber: 1
             IssuerDN: CN=scm-1@fv-az573-639,OU=b882d4c1-f60f-4c9f-b132-4c133520f50e,O=ccfa4084-6298-410c-b6ad-a6e826fc01fd
           Start Date: Wed Aug 23 10:53:01 UTC 2023
           Final Date: Sat Sep 30 10:53:01 UTC 2028
            SubjectDN: CN=scm-1@fv-az573-639,OU=b882d4c1-f60f-4c9f-b132-4c133520f50e,O=ccfa4084-6298-410c-b6ad-a6e826fc01fd
           Public Key: RSA Public Key [92:e8:62:c0:20:95:2c:c4:79:fa:89:1c:2a:c3:77:6e:45:c9:d8:89],[56:66:d1:a4]
        modulus: afa7fc6863ff80d42b3f218ca8ffa1223f6c4349413cb3d4e9dbee61d6461a2624fd753cd59106965fbce794e3c2de845049c947267089fca0ce503e4b2be60a8b37070c5cebab9bbc381489f559e92b7e58043019b9950acf597ff1d6621d7f4ca9cbccbe47f0235693a87f7ed36464cfa5a82a38376af9646be5e1beb72d693b5b2e60018b6b09b094fad3d1771ea732159a36d03bea8a1c133422bd062b1fae274877e676b40e3d0395e4c3bf271be5e5e0e6bbd11a50baa0c5d3039c846a0927f08ed0049c13f3fe06f423c314392266f7d7d9710d1b294a1fc6c847e2678b8fdbcdefab578131042f61ea328b08d19ffd2a4bd3b1ad8c8ab4879797c53d
public exponent: 10001

  Signature Algorithm: SHA256WITHRSA
            Signature: 70a6b4157b0165de6dc9e2b79589feae1599ead5
                       ae31a9d5de8cd013ad8e979d1976b94d4521c8c1
                       b0e29433f6454dfdeb2b009a4cceddcab74ea51b
                       c9aa1553507621f2e5a3885abd36e1c6386cd975
                       005703f2d2840734a428057686f390f947206e11
                       a492dbc64349dc95239d612e8f737b7385abf336
                       654a9ce422f372a6d53d7615f7cc48c800c701bb
                       fff3f8b31161d223ab1c55b3111e8ac7055b5630
                       ea8ac415fbf891a65b3dcb3ec852140dc06c969d
                       74cb594ce9f94bf990de9f6628c1e1a0602383a1
                       e7b8fc95a565b5ecbf9b795c44c2b46ae5187026
                       9d755dadfb552177878941617fd9406a37e0c6a3
                       1dd3e6716b644afcaf950cb4613100b9
       Extensions: 
                       critical(true) BasicConstraints: isCa(true)
                       critical(true) KeyUsage: 0x6
                       critical(false) 2.5.29.17 value = Sequence
    Tagged [7] IMPLICIT 
        DER Octet String[4] 

 from file: /tmp/junit6177315060750093958/junit71937409925002917/scm-meta/scm/sub-ca/certs/CA-1.crt.
2023-08-23 10:53:01,887 [Time-limited test] INFO  client.SCMCertificateClient (DefaultCertificateClient.java:readCertificateFile(237)) - Added certificate   [0]         Version: 3
         SerialNumber: 1667235150700
             IssuerDN: CN=scm-1@fv-az573-639,OU=b882d4c1-f60f-4c9f-b132-4c133520f50e,O=ccfa4084-6298-410c-b6ad-a6e826fc01fd
           Start Date: Wed Aug 23 10:53:01 UTC 2023
           Final Date: Sat Sep 30 10:53:01 UTC 2028
            SubjectDN: CN=scm-sub-1667231979649@fv-az573-639,OU=b882d4c1-f60f-4c9f-b132-4c133520f50e,O=ccfa4084-6298-410c-b6ad-a6e826fc01fd
           Public Key: RSA Public Key [f7:43:bb:b4:73:e5:7e:3e:22:64:d8:42:2c:9e:1e:cf:4b:1e:8f:76],[56:66:d1:a4]
        modulus: d18c230322b39219ee322ecec87f502e82629a3228e92b2c3403febe8128c0b3fc58090327dbfe7c226e0668a85c03661dd83710490aff6a2da17082cb50821c28d41c68b949ebb801d1f70c374a983ee097b0a654302b3830a7589a0bf9b36685539a890303da019e88aa36f746dc58b61971c630c27ebadd81081fa609ff5f6784375d0aa77cb8a8b86d5e174afe9292c21b29916f811d504edca30b984c99d2a84d907f3ed700e5b939bb8bd1417a1bac8f75ca7eb69ae65406d1c7da878b84aea06cf3ac5c56c45b1dc8594ebf97a471d3196357adea17e964e34fd34a66f784856878c6d929b2972c69f5c2842afb0ed266984a4ef52fb0e38409e32523
public exponent: 10001

  Signature Algorithm: SHA256WITHRSA
            Signature: 276555da67f12a55471b0204610d8f4c5dafcf7b
                       eb2e374bcbaf1d3f1378034c95dc2f24916e961d
                       1540519824c0e9cd364d32577d6f04bab0b8c3a2
                       e8bf41c7bafd861e59169bdfd8eb7339ce06affc
                       2b1bfcf24884581b907a319deffe260f429514c9
                       e33c1d93a10dabc6f93930f352b0d6ecbd9cef89
                       3bedd487948b49bccef45feaa1920a8183191a53
                       44014297ae614abedff23697862f057c9c2c3774
                       6fd7be751e74527487dfc9dfef8ddd6be98dfffd
                       146b40495b86afc0540e5bdfc862c4eb8a694178
                       eec1dc4ca0d7ba78fac4ec4f799cce8088207c49
                       d98ace525bcdc8e1913183c2836f0e2e49bf8b72
                       02b0fad7b5870a21df274d4ca4b47d04
       Extensions: 
                       critical(false) 2.5.29.17 value = Sequence
    Tagged [7] IMPLICIT 
        DER Octet String[4] 

                       critical(true) BasicConstraints: isCa(true)
                       critical(true) KeyUsage: 0xbe
 from file: /tmp/junit6177315060750093958/junit71937409925002917/scm-meta/scm/sub-ca/certs/certificate.crt.
2023-08-23 10:53:01,887 [Time-limited test] INFO  client.SCMCertificateClient (DefaultCertificateClient.java:loadAllCertificates(191)) - CertificateRenewerService and root ca rotation polling is disabled for scm/sub-ca
2023-08-23 10:53:01,887 [Time-limited test] WARN  utils.HAUtils (HAUtils.java:getMetaDir(339)) - ozone.scm.db.dirs is not configured. We recommend adding this setting. Falling back to ozone.metadata.dirs instead.
2023-08-23 10:53:01,887 [Time-limited test] WARN  db.DBStoreBuilder (DBStoreBuilder.java:applyDBDefinition(166)) - ozone.scm.db.dirs is not configured. We recommend adding this setting. Falling back to ozone.metadata.dirs instead.
2023-08-23 10:53:01,981 [Time-limited test] INFO  net.NodeSchemaLoader (NodeSchemaLoader.java:loadSchemaFromFile(129)) - Loading schema from [jar:file:/home/runner/.m2/repository/org/apache/ozone/hdds-common/1.4.0-SNAPSHOT/hdds-common-1.4.0-SNAPSHOT.jar!/network-topology-default.xml]
2023-08-23 10:53:01,981 [Time-limited test] INFO  net.NodeSchemaLoader (NodeSchemaLoader.java:loadSchema(176)) - Loading network topology layer schema file
2023-08-23 10:53:01,985 [Time-limited test] INFO  upgrade.AbstractLayoutVersionManager (AbstractLayoutVersionManager.java:init(83)) - Initializing Layout version manager with metadata layout = HADOOP_PRC_PORTS_IN_DATANODEDETAILS (version = 7), software layout = HADOOP_PRC_PORTS_IN_DATANODEDETAILS (version = 7)
2023-08-23 10:53:01,986 [Time-limited test] INFO  ha.SequenceIdGenerator (SequenceIdGenerator.java:upgradeToSequenceId(365)) - upgrade localId to 111677748019200000
2023-08-23 10:53:01,987 [Time-limited test] INFO  ha.SequenceIdGenerator (SequenceIdGenerator.java:upgradeToSequenceId(375)) - upgrade delTxnId to 0
2023-08-23 10:53:01,987 [Time-limited test] INFO  ha.SequenceIdGenerator (SequenceIdGenerator.java:upgradeToSequenceId(392)) - upgrade containerId to 0
2023-08-23 10:53:01,988 [Time-limited test] INFO  ha.SequenceIdGenerator (SequenceIdGenerator.java:upgradeToSequenceId(428)) - upgrade rootCertificateId to 1
2023-08-23 10:53:01,988 [Time-limited test] INFO  ha.SequenceIdGenerator (SequenceIdGenerator.java:<init>(236)) - Init the HA SequenceIdGenerator.
2023-08-23 10:53:01,988 [Time-limited test] INFO  node.SCMNodeManager (SCMNodeManager.java:<init>(157)) - Entering startup safe mode.
2023-08-23 10:53:01,989 [Time-limited test] INFO  algorithms.ContainerPlacementPolicyFactory (ContainerPlacementPolicyFactory.java:getPolicyInternal(86)) - Create container placement policy of type org.apache.hadoop.hdds.scm.container.placement.algorithms.SCMContainerPlacementRackAware
2023-08-23 10:53:01,989 [Time-limited test] INFO  algorithms.ContainerPlacementPolicyFactory (ContainerPlacementPolicyFactory.java:getPolicyInternal(86)) - Create container placement policy of type org.apache.hadoop.hdds.scm.container.placement.algorithms.SCMContainerPlacementRackScatter
2023-08-23 10:53:01,989 [Time-limited test] INFO  pipeline.PipelineStateManagerImpl (PipelineStateManagerImpl.java:initialize(78)) - No pipeline exists in current db
2023-08-23 10:53:01,990 [Time-limited test] INFO  algorithms.LeaderChoosePolicyFactory (LeaderChoosePolicyFactory.java:getPolicy(57)) - Create leader choose policy of type org.apache.hadoop.hdds.scm.pipeline.leader.choose.algorithms.MinLeaderCountChoosePolicy
2023-08-23 10:53:01,990 [Time-limited test] INFO  algorithms.ContainerPlacementPolicyFactory (ContainerPlacementPolicyFactory.java:getPolicyInternal(86)) - Create container placement policy of type org.apache.hadoop.hdds.scm.container.placement.algorithms.SCMContainerPlacementRackScatter
2023-08-23 10:53:01,990 [Time-limited test] INFO  ha.SCMServiceManager (SCMServiceManager.java:register(42)) - Registering service BackgroundPipelineCreator.
2023-08-23 10:53:01,990 [Time-limited test] INFO  pipeline.BackgroundPipelineCreator (BackgroundPipelineCreator.java:start(124)) - Starting RatisPipelineUtilsThread.
2023-08-23 10:53:01,990 [Time-limited test] INFO  BackgroundPipelineScrubber (BackgroundSCMService.java:start(68)) - Starting BackgroundPipelineScrubber Service.
2023-08-23 10:53:01,990 [Time-limited test] INFO  ha.SCMServiceManager (SCMServiceManager.java:register(42)) - Registering service BackgroundPipelineScrubber.
2023-08-23 10:53:01,991 [Time-limited test] INFO  ExpiredContainerReplicaOpScrubber (BackgroundSCMService.java:start(68)) - Starting ExpiredContainerReplicaOpScrubber Service.
2023-08-23 10:53:01,991 [Time-limited test] INFO  ha.SCMServiceManager (SCMServiceManager.java:register(42)) - Registering service ExpiredContainerReplicaOpScrubber.
2023-08-23 10:53:01,992 [Time-limited test] INFO  algorithms.PipelineChoosePolicyFactory (PipelineChoosePolicyFactory.java:createPipelineChoosePolicyFromClass(78)) - Create pipeline choose policy of type org.apache.hadoop.hdds.scm.pipeline.choose.algorithms.RandomPipelineChoosePolicy
2023-08-23 10:53:01,992 [Time-limited test] INFO  algorithms.PipelineChoosePolicyFactory (PipelineChoosePolicyFactory.java:createPipelineChoosePolicyFromClass(78)) - Create pipeline choose policy of type org.apache.hadoop.hdds.scm.pipeline.choose.algorithms.RandomPipelineChoosePolicy
2023-08-23 10:53:01,992 [Time-limited test] INFO  ha.SCMServiceManager (SCMServiceManager.java:register(42)) - Registering service SCMBlockDeletingService.
2023-08-23 10:53:01,993 [Time-limited test] INFO  replication.ReplicationManager (ReplicationManager.java:start(287)) - Starting Replication Monitor Thread.
2023-08-23 10:53:01,994 [Time-limited test] INFO  ha.SCMServiceManager (SCMServiceManager.java:register(42)) - Registering service ReplicationManager.
2023-08-23 10:53:01,996 [ReplicationMonitor] INFO  replication.ReplicationManager (ReplicationManager.java:processAll(361)) - Replication Manager is not ready to run until 300000ms after safemode exit
2023-08-23 10:53:01,996 [Time-limited test] INFO  safemode.ContainerSafeModeRule (ContainerSafeModeRule.java:<init>(90)) - containers with one replica threshold count 0
2023-08-23 10:53:01,996 [Time-limited test] INFO  safemode.HealthyPipelineSafeModeRule (HealthyPipelineSafeModeRule.java:initializeRule(169)) - Total pipeline count is 0, healthy pipeline threshold count is 0
2023-08-23 10:53:01,996 [Time-limited test] INFO  safemode.OneReplicaPipelineSafeModeRule (OneReplicaPipelineSafeModeRule.java:initializeRule(180)) - Total pipeline count is 0, pipeline's with at least one datanode reported threshold count is 0
2023-08-23 10:53:01,997 [Time-limited test] INFO  authority.DefaultCAServer (DefaultCAServer.java:lambda$processVerificationStatus$0(472)) - CertificateServer validation is successful
2023-08-23 10:53:01,998 [Time-limited test] INFO  authority.DefaultCAServer (DefaultCAServer.java:lambda$processVerificationStatus$0(472)) - CertificateServer validation is successful
2023-08-23 10:53:01,998 [Time-limited test] INFO  server.StorageContainerManager (StorageContainerManager.java:persistPrimarySCMCerts(932)) - Storing sub-ca certificate serialId 1667235150700 on primary SCM
2023-08-23 10:53:01,999 [Time-limited test] INFO  server.SCMCertStore (SCMCertStore.java:storeValidScmCertificate(122)) - Scm certificate 1667235150700 for CN=scm-sub-1667231979649@fv-az573-639,OU=b882d4c1-f60f-4c9f-b132-4c133520f50e,O=ccfa4084-6298-410c-b6ad-a6e826fc01fd is stored
2023-08-23 10:53:01,999 [Time-limited test] INFO  server.StorageContainerManager (StorageContainerManager.java:persistPrimarySCMCerts(940)) - Storing root certificate serialId 1
2023-08-23 10:53:02,000 [Time-limited test] INFO  server.SCMCertStore (SCMCertStore.java:storeValidScmCertificate(122)) - Scm certificate 1 for CN=scm-1@fv-az573-639,OU=b882d4c1-f60f-4c9f-b132-4c133520f50e,O=ccfa4084-6298-410c-b6ad-a6e826fc01fd is stored
2023-08-23 10:53:02,000 [Time-limited test] INFO  ipc.CallQueueManager (CallQueueManager.java:<init>(90)) - Using callQueue: class java.util.concurrent.LinkedBlockingQueue, queueCapacity: 200, scheduler: class org.apache.hadoop.ipc.DefaultRpcScheduler, ipcBackoff: false.
2023-08-23 10:53:02,001 [Time-limited test] INFO  ipc.Server (Server.java:<init>(1287)) - Listener at 0.0.0.0:9961
2023-08-23 10:53:02,001 [Socket Reader #1 for port 9961] INFO  ipc.Server (Server.java:run(1323)) - Starting Socket Reader #1 for port 9961
2023-08-23 10:53:02,002 [Time-limited test] INFO  server.StorageContainerManager (StorageContainerManager.java:<init>(425)) - SCM start with adminUsers: [om/fv-az573-639@EXAMPLE.COM, scm]
2023-08-23 10:53:02,003 [Time-limited test] INFO  ipc.CallQueueManager (CallQueueManager.java:<init>(90)) - Using callQueue: class java.util.concurrent.LinkedBlockingQueue, queueCapacity: 10000, scheduler: class org.apache.hadoop.ipc.DefaultRpcScheduler, ipcBackoff: false.
2023-08-23 10:53:02,003 [Time-limited test] INFO  ipc.Server (Server.java:<init>(1287)) - Listener at 0.0.0.0:9861
2023-08-23 10:53:02,008 [Socket Reader #1 for port 9861] INFO  ipc.Server (Server.java:run(1323)) - Starting Socket Reader #1 for port 9861
2023-08-23 10:53:02,017 [Time-limited test] INFO  ipc.CallQueueManager (CallQueueManager.java:<init>(90)) - Using callQueue: class java.util.concurrent.LinkedBlockingQueue, queueCapacity: 10000, scheduler: class org.apache.hadoop.ipc.DefaultRpcScheduler, ipcBackoff: false.
2023-08-23 10:53:02,017 [Time-limited test] INFO  ipc.Server (Server.java:<init>(1287)) - Listener at 0.0.0.0:9863
2023-08-23 10:53:02,017 [Socket Reader #1 for port 9863] INFO  ipc.Server (Server.java:run(1323)) - Starting Socket Reader #1 for port 9863
2023-08-23 10:53:02,018 [Time-limited test] INFO  ipc.CallQueueManager (CallQueueManager.java:<init>(90)) - Using callQueue: class java.util.concurrent.LinkedBlockingQueue, queueCapacity: 10000, scheduler: class org.apache.hadoop.ipc.DefaultRpcScheduler, ipcBackoff: false.
2023-08-23 10:53:02,019 [Time-limited test] INFO  ipc.Server (Server.java:<init>(1287)) - Listener at 0.0.0.0:9860
2023-08-23 10:53:02,019 [Socket Reader #1 for port 9860] INFO  ipc.Server (Server.java:run(1323)) - Starting Socket Reader #1 for port 9860
2023-08-23 10:53:02,025 [Time-limited test] INFO  ha.SCMServiceManager (SCMServiceManager.java:register(42)) - Registering service ContainerBalancer.
2023-08-23 10:53:02,026 [Time-limited test] INFO  server.StorageContainerManager (StorageContainerManager.java:<init>(438)) - 
Container Balancer status:
Key                            Value
Running                        false
Container Balancer Configuration values:
Key                                                Value
Threshold                                          10
Max Datanodes to Involve per Iteration(percent)    20
Max Size to Move per Iteration                     500GB
Max Size Entering Target per Iteration             26GB
Max Size Leaving Source per Iteration              26GB

2023-08-23 10:53:02,026 [Time-limited test] INFO  ha.SCMContext (SCMContext.java:updateSafeModeStatus(228)) - Update SafeModeStatus from SafeModeStatus{safeModeStatus=true, preCheckPassed=false} to SafeModeStatus{safeModeStatus=true, preCheckPassed=false}.
2023-08-23 10:53:02,026 [Time-limited test] INFO  server.StorageContainerManager (StorageContainerManager.java:start(1483)) - StorageContainerLocationProtocol RPC server is listening at /0.0.0.0:9860
2023-08-23 10:53:02,026 [Time-limited test] INFO  impl.MetricsSystemImpl (MetricsSystemImpl.java:init(158)) - StorageContainerManager metrics system started (again)
2023-08-23 10:53:02,037 [Time-limited test] INFO  server.SCMClientProtocolServer (SCMClientProtocolServer.java:start(201)) - RPC server for Client  is listening at /0.0.0.0:9860
2023-08-23 10:53:02,043 [IPC Server Responder] INFO  ipc.Server (Server.java:run(1562)) - IPC Server Responder: starting
2023-08-23 10:53:02,044 [IPC Server listener on 9860] INFO  ipc.Server (Server.java:run(1402)) - IPC Server listener on 9860: starting
2023-08-23 10:53:02,061 [Time-limited test] INFO  server.StorageContainerManager (StorageContainerManager.java:start(1496)) - ScmBlockLocationProtocol RPC server is listening at /0.0.0.0:9863
2023-08-23 10:53:02,061 [Time-limited test] INFO  server.SCMBlockProtocolServer (SCMBlockProtocolServer.java:start(152)) - RPC server for Block Protocol is listening at /0.0.0.0:9863
2023-08-23 10:53:02,062 [IPC Server Responder] INFO  ipc.Server (Server.java:run(1562)) - IPC Server Responder: starting
2023-08-23 10:53:02,062 [IPC Server listener on 9863] INFO  ipc.Server (Server.java:run(1402)) - IPC Server listener on 9863: starting
2023-08-23 10:53:02,069 [Time-limited test] INFO  server.SCMDatanodeProtocolServer (SCMDatanodeProtocolServer.java:start(193)) - ScmDatanodeProtocol RPC server for DataNodes is listening at /0.0.0.0:9861
2023-08-23 10:53:02,069 [IPC Server Responder] INFO  ipc.Server (Server.java:run(1562)) - IPC Server Responder: starting
2023-08-23 10:53:02,070 [IPC Server listener on 9861] INFO  ipc.Server (Server.java:run(1402)) - IPC Server listener on 9861: starting
2023-08-23 10:53:02,090 [Time-limited test] INFO  server.SCMSecurityProtocolServer (SCMSecurityProtocolServer.java:start(542)) - Starting RPC server for SCMSecurityProtocolServer. is listening at /0.0.0.0:9961
2023-08-23 10:53:02,090 [IPC Server Responder] INFO  ipc.Server (Server.java:run(1562)) - IPC Server Responder: starting
2023-08-23 10:53:02,090 [IPC Server listener on 9961] INFO  ipc.Server (Server.java:run(1402)) - IPC Server listener on 9961: starting
2023-08-23 10:53:02,090 [Time-limited test] INFO  server.SCMUpdateServiceGrpcServer (SCMUpdateServiceGrpcServer.java:start(58)) - SCMUpdateService starting
2023-08-23 10:53:02,101 [Time-limited test] INFO  http.BaseHttpServer (BaseHttpServer.java:newHttpServer2BuilderForOzone(224)) - Starting Web-server for scm at: http://0.0.0.0:9876
2023-08-23 10:53:02,101 [Time-limited test] INFO  http.BaseHttpServer (BaseHttpServer.java:<init>(111)) - Hadoop Security Enabled: true Ozone Security Enabled: true Ozone HTTP Security Enabled: false 
2023-08-23 10:53:02,103 [Time-limited test] WARN  server.AuthenticationFilter (AuthenticationFilter.java:constructSecretProvider(240)) - Unable to initialize FileSignerSecretProvider, falling back to use random secrets. Reason: Could not read signature secret file: /home/runner/hadoop-http-auth-signature-secret
2023-08-23 10:53:02,103 [JvmPauseMonitor8] INFO  util.JvmPauseMonitor (JvmPauseMonitor.java:run(103)) - JvmPauseMonitor-b882d4c1-f60f-4c9f-b132-4c133520f50e: Started
2023-08-23 10:53:02,109 [Time-limited test] INFO  http.HttpRequestLog (HttpRequestLog.java:getRequestLog(86)) - Http request log for http.requests.scm is not defined
2023-08-23 10:53:02,111 [Time-limited test] INFO  http.HttpServer2 (HttpServer2.java:addGlobalFilter(1031)) - Added global filter 'safety' (class=org.apache.hadoop.hdds.server.http.HttpServer2$QuotingInputFilter)
2023-08-23 10:53:02,112 [Time-limited test] INFO  http.HttpServer2 (HttpServer2.java:addFilter(1007)) - Added filter static_user_filter (class=org.apache.hadoop.http.lib.StaticUserWebFilter$StaticUserFilter) to context scm
2023-08-23 10:53:02,112 [Time-limited test] INFO  http.HttpServer2 (HttpServer2.java:addFilter(1015)) - Added filter static_user_filter (class=org.apache.hadoop.http.lib.StaticUserWebFilter$StaticUserFilter) to context static
2023-08-23 10:53:02,112 [Time-limited test] INFO  http.HttpServer2 (HttpServer2.java:addFilter(1015)) - Added filter static_user_filter (class=org.apache.hadoop.http.lib.StaticUserWebFilter$StaticUserFilter) to context logs
2023-08-23 10:53:02,113 [Time-limited test] INFO  http.BaseHttpServer (BaseHttpServer.java:<init>(190)) - HTTP server of scm uses base directory /tmp/junit6177315060750093958/junit71937409925002917/scm-meta/webserver
2023-08-23 10:53:02,113 [Time-limited test] INFO  http.HttpServer2 (HttpServer2.java:bindListener(1250)) - Jetty bound to port 9876
2023-08-23 10:53:02,113 [Time-limited test] INFO  server.Server (Server.java:doStart(375)) - jetty-9.4.51.v20230217; built: 2023-02-17T08:19:37.309Z; git: b45c405e4544384de066f814ed42ae3dceacdd49; jvm 1.8.0_382-b05
2023-08-23 10:53:02,114 [Time-limited test] INFO  server.session (DefaultSessionIdManager.java:doStart(334)) - DefaultSessionIdManager workerName=node0
2023-08-23 10:53:02,114 [Time-limited test] INFO  server.session (DefaultSessionIdManager.java:doStart(339)) - No SessionScavenger set, using defaults
2023-08-23 10:53:02,115 [Time-limited test] INFO  server.session (HouseKeeper.java:startScavenging(132)) - node0 Scavenging every 600000ms
2023-08-23 10:53:02,115 [Time-limited test] INFO  handler.ContextHandler (ContextHandler.java:doStart(921)) - Started o.e.j.s.ServletContextHandler@66f03589{logs,/logs,file:///home/runner/work/ozone/ozone/hadoop-ozone/integration-test/target/log,AVAILABLE}
2023-08-23 10:53:02,116 [Time-limited test] INFO  handler.ContextHandler (ContextHandler.java:doStart(921)) - Started o.e.j.s.ServletContextHandler@4c9a2ba{static,/static,file:///home/runner/work/ozone/ozone/hadoop-ozone/integration-test/target/test-classes/webapps/static,AVAILABLE}
2023-08-23 10:53:02,118 [Time-limited test] INFO  handler.ContextHandler (ContextHandler.java:doStart(921)) - Started o.e.j.w.WebAppContext@36f0edc7{scm,/,file:///home/runner/work/ozone/ozone/hadoop-ozone/integration-test/target/test-classes/webapps/scm/,AVAILABLE}{file:/home/runner/work/ozone/ozone/hadoop-ozone/integration-test/target/test-classes/webapps/scm}
2023-08-23 10:53:02,126 [Time-limited test] INFO  server.AbstractConnector (AbstractConnector.java:doStart(333)) - Started ServerConnector@74b49420{HTTP/1.1, (http/1.1)}{0.0.0.0:9876}
2023-08-23 10:53:02,126 [Time-limited test] INFO  server.Server (Server.java:doStart(415)) - Started @140552ms
2023-08-23 10:53:02,126 [Time-limited test] WARN  impl.MetricsSystemImpl (MetricsSystemImpl.java:register(279)) - Sink prometheus already exists!
2023-08-23 10:53:02,126 [Time-limited test] INFO  http.BaseHttpServer (BaseHttpServer.java:updateConnectorAddress(344)) - HTTP server of scm listening at http://0.0.0.0:9876
2023-08-23 10:53:02,129 [pool-551-thread-2] INFO  request.KdcRequest (KdcRequest.java:preauth(651)) - The preauth data is empty.
2023-08-23 10:53:02,129 [pool-551-thread-2] INFO  server.KdcHandler (KdcHandler.java:handleRecoverableException(177)) - KRB error occurred while processing request:Additional pre-authentication required
2023-08-23 10:53:02,133 [pool-551-thread-1] INFO  request.AsRequest (AsRequest.java:issueTicket(112)) - AS_REQ ISSUE: authtime 1692787982132,test@EXAMPLE.COM for krbtgt/EXAMPLE.COM@EXAMPLE.COM
2023-08-23 10:53:02,173 [pool-551-thread-1] INFO  request.TgsRequest (TgsRequest.java:issueTicket(115)) - TGS_REQ ISSUE: authtime 1692787982172,scm/fv-az573-639 for scm/fv-az573-639@EXAMPLE.COM
2023-08-23 10:53:02,177 [Socket Reader #1 for port 9961] INFO  ipc.Server (Server.java:saslProcess(2139)) - Auth successful for scm/fv-az573-639@EXAMPLE.COM (auth:KERBEROS) from fv-az573-639:44145 / 10.1.0.17:44145
2023-08-23 10:53:02,192 [IPC Server handler 0 on default port 9961] INFO  client.SCMCertificateClient (DefaultCertificateClient.java:getAllRootCaCerts(901)) - scm/sub-ca has 0 Root CA certificates
2023-08-23 10:53:02,192 [IPC Server handler 0 on default port 9961] INFO  client.SCMCertificateClient (DefaultCertificateClient.java:getAllCaCerts(909)) - scm/sub-ca has 1 CA certificates
2023-08-23 10:53:02,194 [scm/sub-ca-refreshCACertificates] INFO  client.SCMCertificateClient (DefaultCertificateClient.java:getAllRootCaCerts(901)) - scm/sub-ca has 0 Root CA certificates
2023-08-23 10:53:02,194 [scm/sub-ca-refreshCACertificates] INFO  client.SCMCertificateClient (DefaultCertificateClient.java:getAllCaCerts(909)) - scm/sub-ca has 1 CA certificates
2023-08-23 10:53:02,195 [scm/sub-ca-refreshCACertificates] INFO  client.SCMCertificateClient (SCMCertificateClient.java:run(277)) - CA certificates are not changed.
2023-08-23 10:53:02,203 [pool-551-thread-1] INFO  request.TgsRequest (TgsRequest.java:issueTicket(115)) - TGS_REQ ISSUE: authtime 1692787982202,test for scm/fv-az573-639@EXAMPLE.COM
2023-08-23 10:53:02,208 [Socket Reader #1 for port 9860] INFO  ipc.Server (Server.java:saslProcess(2139)) - Auth successful for test@EXAMPLE.COM (auth:KERBEROS) from fv-az573-639:33602 / 10.1.0.17:33602
2023-08-23 10:53:02,370 [IPC Server handler 1 on default port 9860] INFO  ipc.Server (Server.java:logException(3109)) - IPC Server handler 1 on default port 9860, call Call#36 Retry#0 org.apache.hadoop.hdds.scm.protocol.StorageContainerLocationProtocol.submitRequest from fv-az573-639:33602 / 10.1.0.17:33602
org.apache.hadoop.security.AccessControlException: Access denied for user test@EXAMPLE.COM. SCM superuser privilege is required.
	at org.apache.hadoop.hdds.scm.server.StorageContainerManager.checkAdminAccess(StorageContainerManager.java:1895)
	at org.apache.hadoop.hdds.scm.server.SCMClientProtocolServer.forceExitSafeMode(SCMClientProtocolServer.java:935)
	at org.apache.hadoop.hdds.scm.protocol.StorageContainerLocationProtocolServerSideTranslatorPB.forceExitSafeMode(StorageContainerLocationProtocolServerSideTranslatorPB.java:1013)
	at org.apache.hadoop.hdds.scm.protocol.StorageContainerLocationProtocolServerSideTranslatorPB.processRequest(StorageContainerLocationProtocolServerSideTranslatorPB.java:533)
	at org.apache.hadoop.hdds.server.OzoneProtocolMessageDispatcher.processRequest(OzoneProtocolMessageDispatcher.java:87)
	at org.apache.hadoop.hdds.scm.protocol.StorageContainerLocationProtocolServerSideTranslatorPB.submitRequest(StorageContainerLocationProtocolServerSideTranslatorPB.java:221)
	at org.apache.hadoop.hdds.protocol.proto.StorageContainerLocationProtocolProtos$StorageContainerLocationProtocolService$2.callBlockingMethod(StorageContainerLocationProtocolProtos.java)
	at org.apache.hadoop.ipc.ProtobufRpcEngine$Server.processCall(ProtobufRpcEngine.java:484)
	at org.apache.hadoop.ipc.ProtobufRpcEngine2$Server$ProtoBufRpcInvoker.call(ProtobufRpcEngine2.java:595)
	at org.apache.hadoop.ipc.ProtobufRpcEngine2$Server$ProtoBufRpcInvoker.call(ProtobufRpcEngine2.java:573)
	at org.apache.hadoop.ipc.RPC$Server.call(RPC.java:1227)
	at org.apache.hadoop.ipc.Server$RpcCall.run(Server.java:1094)
	at org.apache.hadoop.ipc.Server$RpcCall.run(Server.java:1017)
	at java.security.AccessController.doPrivileged(Native Method)
	at javax.security.auth.Subject.doAs(Subject.java:422)
	at org.apache.hadoop.security.UserGroupInformation.doAs(UserGroupInformation.java:1899)
	at org.apache.hadoop.ipc.Server$Handler.run(Server.java:3048)
2023-08-23 10:53:02,377 [Time-limited test] WARN  ipc.Client (Client.java:run(733)) - Exception encountered while connecting to the server 0.0.0.0/0.0.0.0:9860
org.apache.hadoop.security.AccessControlException: Client cannot authenticate via:[KERBEROS]
	at org.apache.hadoop.security.SaslRpcClient.selectSaslClient(SaslRpcClient.java:179)
	at org.apache.hadoop.security.SaslRpcClient.saslConnect(SaslRpcClient.java:392)
	at org.apache.hadoop.ipc.Client$Connection.setupSaslConnection(Client.java:561)
	at org.apache.hadoop.ipc.Client$Connection.access$2100(Client.java:347)
	at org.apache.hadoop.ipc.Client$Connection$2.run(Client.java:783)
	at org.apache.hadoop.ipc.Client$Connection$2.run(Client.java:779)
	at java.security.AccessController.doPrivileged(Native Method)
	at javax.security.auth.Subject.doAs(Subject.java:422)
	at org.apache.hadoop.security.UserGroupInformation.doAs(UserGroupInformation.java:1899)
	at org.apache.hadoop.ipc.Client$Connection.setupIOstreams(Client.java:779)
	at org.apache.hadoop.ipc.Client$Connection.access$3800(Client.java:347)
	at org.apache.hadoop.ipc.Client.getConnection(Client.java:1632)
	at org.apache.hadoop.ipc.Client.call(Client.java:1457)
	at org.apache.hadoop.ipc.Client.call(Client.java:1410)
	at org.apache.hadoop.ipc.ProtobufRpcEngine$Invoker.invoke(ProtobufRpcEngine.java:250)
	at org.apache.hadoop.ipc.ProtobufRpcEngine$Invoker.invoke(ProtobufRpcEngine.java:132)
	at com.sun.proxy.$Proxy48.submitRequest(Unknown Source)
	at org.apache.hadoop.hdds.scm.protocolPB.StorageContainerLocationProtocolClientSideTranslatorPB.submitRpcRequest(StorageContainerLocationProtocolClientSideTranslatorPB.java:191)
	at org.apache.hadoop.hdds.scm.protocolPB.StorageContainerLocationProtocolClientSideTranslatorPB.submitRequest(StorageContainerLocationProtocolClientSideTranslatorPB.java:175)
	at org.apache.hadoop.hdds.scm.protocolPB.StorageContainerLocationProtocolClientSideTranslatorPB.forceExitSafeMode(StorageContainerLocationProtocolClientSideTranslatorPB.java:792)
	at org.junit.Assert.assertThrows(Assert.java:1001)
	at org.junit.Assert.assertThrows(Assert.java:981)
	at org.apache.hadoop.ozone.TestSecureOzoneCluster.testAdminAccessControlException(TestSecureOzoneCluster.java:444)
	at sun.reflect.NativeMethodAccessorImpl.invoke0(Native Method)
	at sun.reflect.NativeMethodAccessorImpl.invoke(NativeMethodAccessorImpl.java:62)
	at sun.reflect.DelegatingMethodAccessorImpl.invoke(DelegatingMethodAccessorImpl.java:43)
	at java.lang.reflect.Method.invoke(Method.java:498)
	at org.junit.runners.model.FrameworkMethod$1.runReflectiveCall(FrameworkMethod.java:59)
	at org.junit.internal.runners.model.ReflectiveCallable.run(ReflectiveCallable.java:12)
	at org.junit.runners.model.FrameworkMethod.invokeExplosively(FrameworkMethod.java:56)
	at org.junit.internal.runners.statements.InvokeMethod.evaluate(InvokeMethod.java:17)
	at org.junit.internal.runners.statements.RunBefores.evaluate(RunBefores.java:26)
	at org.junit.internal.runners.statements.RunAfters.evaluate(RunAfters.java:27)
	at org.junit.rules.ExternalResource$1.evaluate(ExternalResource.java:54)
	at org.junit.internal.runners.statements.FailOnTimeout$CallableStatement.call(FailOnTimeout.java:288)
	at org.junit.internal.runners.statements.FailOnTimeout$CallableStatement.call(FailOnTimeout.java:282)
	at java.util.concurrent.FutureTask.run(FutureTask.java:266)
	at java.lang.Thread.run(Thread.java:750)
2023-08-23 10:53:02,378 [Time-limited test] INFO  server.StorageContainerManager (StorageContainerManager.java:stop(1591)) - Container Balancer is not running.
2023-08-23 10:53:02,378 [Time-limited test] INFO  server.StorageContainerManager (StorageContainerManager.java:stopReplicationManager(1724)) - Stopping Replication Manager Service.
2023-08-23 10:53:02,378 [Time-limited test] INFO  replication.ReplicationManager (ReplicationManager.java:stop(319)) - Stopping Replication Monitor Thread.
2023-08-23 10:53:02,378 [Under Replicated Processor] WARN  replication.UnhealthyReplicationProcessor (UnhealthyReplicationProcessor.java:run(180)) - Under Replicated Processor interrupted. Exiting...
2023-08-23 10:53:02,378 [Over Replicated Processor] WARN  replication.UnhealthyReplicationProcessor (UnhealthyReplicationProcessor.java:run(180)) - Over Replicated Processor interrupted. Exiting...
2023-08-23 10:53:02,378 [ReplicationMonitor] INFO  replication.ReplicationManager (ReplicationManager.java:run(917)) - Replication Monitor Thread is stopped
2023-08-23 10:53:02,378 [Time-limited test] INFO  server.StorageContainerManager (StorageContainerManager.java:stop(1600)) - Stopping the Datanode Admin Monitor.
2023-08-23 10:53:02,380 [Time-limited test] INFO  server.StorageContainerManager (StorageContainerManager.java:stop(1607)) - Stopping datanode service RPC server
2023-08-23 10:53:02,380 [Time-limited test] INFO  server.SCMDatanodeProtocolServer (SCMDatanodeProtocolServer.java:stop(424)) - Stopping the RPC server for DataNodes
2023-08-23 10:53:02,380 [Time-limited test] INFO  ipc.Server (Server.java:stop(3523)) - Stopping server on 9861
2023-08-23 10:53:02,382 [IPC Server listener on 9861] INFO  ipc.Server (Server.java:run(1434)) - Stopping IPC Server listener on 9861
2023-08-23 10:53:02,386 [IPC Server Responder] INFO  ipc.Server (Server.java:run(1567)) - Stopping IPC Server Responder
2023-08-23 10:53:04,988 [SCM Heartbeat Processing Thread - 0] WARN  node.NodeStateManager (NodeStateManager.java:scheduleNextHealthCheck(874)) - Current Thread is interrupted, shutting down HB processing thread for Node Manager.
2023-08-23 10:53:04,989 [Time-limited test] INFO  server.StorageContainerManager (StorageContainerManager.java:stop(1615)) - Stopping block service RPC server
2023-08-23 10:53:04,989 [Time-limited test] INFO  server.SCMBlockProtocolServer (SCMBlockProtocolServer.java:stop(161)) - Stopping the RPC server for Block Protocol
2023-08-23 10:53:04,989 [Time-limited test] INFO  ipc.Server (Server.java:stop(3523)) - Stopping server on 9863
2023-08-23 10:53:04,994 [Time-limited test] INFO  server.StorageContainerManager (StorageContainerManager.java:stop(1622)) - Stopping the StorageContainerLocationProtocol RPC server
2023-08-23 10:53:04,994 [Time-limited test] INFO  server.SCMClientProtocolServer (SCMClientProtocolServer.java:stop(210)) - Stopping the RPC server for Client Protocol
2023-08-23 10:53:04,994 [Time-limited test] INFO  ipc.Server (Server.java:stop(3523)) - Stopping server on 9860
2023-08-23 10:53:04,994 [IPC Server listener on 9863] INFO  ipc.Server (Server.java:run(1434)) - Stopping IPC Server listener on 9863
2023-08-23 10:53:04,994 [IPC Server Responder] INFO  ipc.Server (Server.java:run(1567)) - Stopping IPC Server Responder
2023-08-23 10:53:05,003 [IPC Server Responder] INFO  ipc.Server (Server.java:run(1567)) - Stopping IPC Server Responder
2023-08-23 10:53:05,003 [IPC Server listener on 9860] INFO  ipc.Server (Server.java:run(1434)) - Stopping IPC Server listener on 9860
2023-08-23 10:53:05,004 [Time-limited test] INFO  server.StorageContainerManager (StorageContainerManager.java:stop(1629)) - Stopping Storage Container Manager HTTP server.
2023-08-23 10:53:05,005 [Time-limited test] INFO  handler.ContextHandler (ContextHandler.java:doStop(1159)) - Stopped o.e.j.w.WebAppContext@36f0edc7{scm,/,null,STOPPED}{file:/home/runner/work/ozone/ozone/hadoop-ozone/integration-test/target/test-classes/webapps/scm}
2023-08-23 10:53:05,005 [Time-limited test] INFO  server.AbstractConnector (AbstractConnector.java:doStop(383)) - Stopped ServerConnector@74b49420{HTTP/1.1, (http/1.1)}{0.0.0.0:9876}
2023-08-23 10:53:05,006 [Time-limited test] INFO  server.session (HouseKeeper.java:stopScavenging(149)) - node0 Stopped scavenging
2023-08-23 10:53:05,006 [Time-limited test] INFO  handler.ContextHandler (ContextHandler.java:doStop(1159)) - Stopped o.e.j.s.ServletContextHandler@4c9a2ba{static,/static,file:///home/runner/work/ozone/ozone/hadoop-ozone/integration-test/target/test-classes/webapps/static,STOPPED}
2023-08-23 10:53:05,006 [Time-limited test] INFO  handler.ContextHandler (ContextHandler.java:doStop(1159)) - Stopped o.e.j.s.ServletContextHandler@66f03589{logs,/logs,file:///home/runner/work/ozone/ozone/hadoop-ozone/integration-test/target/log,STOPPED}
2023-08-23 10:53:05,007 [Time-limited test] INFO  server.StorageContainerManager (StorageContainerManager.java:stop(1637)) - Stopping SCM LayoutVersionManager Service.
2023-08-23 10:53:05,007 [Time-limited test] INFO  server.SCMSecurityProtocolServer (SCMSecurityProtocolServer.java:stop(550)) - Stopping the SCMSecurityProtocolServer.
2023-08-23 10:53:05,007 [Time-limited test] INFO  ipc.Server (Server.java:stop(3523)) - Stopping server on 9961
2023-08-23 10:53:05,007 [IPC Server listener on 9961] INFO  ipc.Server (Server.java:run(1434)) - Stopping IPC Server listener on 9961
2023-08-23 10:53:05,008 [Time-limited test] INFO  server.SCMUpdateServiceGrpcServer (SCMUpdateServiceGrpcServer.java:stop(73)) - SCMUpdateService stopping
2023-08-23 10:53:05,008 [IPC Server Responder] INFO  ipc.Server (Server.java:run(1567)) - Stopping IPC Server Responder
2023-08-23 10:53:05,008 [Time-limited test] INFO  server.SCMUpdateServiceGrpcServer (SCMUpdateServiceGrpcServer.java:stop(85)) - SCMUpdateService stopped!
2023-08-23 10:53:05,008 [Time-limited test] INFO  server.StorageContainerManager (StorageContainerManager.java:stop(1649)) - Stopping Block Manager Service.
2023-08-23 10:53:05,008 [Time-limited test] INFO  utils.BackgroundService (BackgroundService.java:shutdown(141)) - Shutting down service SCMBlockDeletingService
2023-08-23 10:53:05,009 [Time-limited test] INFO  utils.BackgroundService (BackgroundService.java:shutdown(141)) - Shutting down service SCMBlockDeletingService
2023-08-23 10:53:05,009 [Time-limited test] INFO  server.StorageContainerManager (StorageContainerManager.java:stop(1669)) - Stopping SCM Event Queue.
2023-08-23 10:53:05,010 [JvmPauseMonitor8] INFO  util.JvmPauseMonitor (JvmPauseMonitor.java:run(109)) - JvmPauseMonitor-b882d4c1-f60f-4c9f-b132-4c133520f50e: Stopped
2023-08-23 10:53:05,010 [Time-limited test] INFO  server.StorageContainerManager (StorageContainerManager.java:stop(1680)) - Stopping SCM HA services.
2023-08-23 10:53:05,010 [Time-limited test] INFO  pipeline.BackgroundPipelineCreator (BackgroundPipelineCreator.java:stop(149)) - Stopping RatisPipelineUtilsThread.
2023-08-23 10:53:05,010 [RatisPipelineUtilsThread - 0] WARN  pipeline.BackgroundPipelineCreator (BackgroundPipelineCreator.java:run(180)) - RatisPipelineUtilsThread is interrupted.
2023-08-23 10:53:05,010 [BackgroundPipelineScrubberThread] WARN  BackgroundPipelineScrubber (BackgroundSCMService.java:run(115)) - BackgroundPipelineScrubber is interrupted, exit
2023-08-23 10:53:05,010 [Time-limited test] INFO  BackgroundPipelineScrubber (BackgroundSCMService.java:stop(131)) - Stopping BackgroundPipelineScrubber Service.
2023-08-23 10:53:05,010 [Time-limited test] INFO  impl.MetricsSystemImpl (MetricsSystemImpl.java:stop(210)) - Stopping StorageContainerManager metrics system...
2023-08-23 10:53:05,015 [prometheus] INFO  impl.MetricsSinkAdapter (MetricsSinkAdapter.java:publishMetricsFromQueue(141)) - prometheus thread interrupted.
2023-08-23 10:53:05,015 [Time-limited test] INFO  impl.MetricsSystemImpl (MetricsSystemImpl.java:stop(216)) - StorageContainerManager metrics system stopped.
2023-08-23 10:53:05,015 [Time-limited test] WARN  pipeline.BackgroundPipelineCreator (BackgroundPipelineCreator.java:stop(145)) - RatisPipelineUtilsThread is not running, just ignore.
2023-08-23 10:53:05,015 [Time-limited test] INFO  BackgroundPipelineScrubber (BackgroundSCMService.java:stop(126)) - BackgroundPipelineScrubber Service is not running, skip stop.
2023-08-23 10:53:05,017 [ExpiredContainerReplicaOpScrubberThread] WARN  ExpiredContainerReplicaOpScrubber (BackgroundSCMService.java:run(115)) - ExpiredContainerReplicaOpScrubber is interrupted, exit
2023-08-23 10:53:05,017 [Time-limited test] INFO  ExpiredContainerReplicaOpScrubber (BackgroundSCMService.java:stop(131)) - Stopping ExpiredContainerReplicaOpScrubber Service.
2023-08-23 10:53:05,017 [Time-limited test] INFO  utils.BackgroundService (BackgroundService.java:shutdown(141)) - Shutting down service SCMBlockDeletingService
2023-08-23 10:53:05,017 [Time-limited test] INFO  replication.ReplicationManager (ReplicationManager.java:stop(329)) - Replication Monitor Thread is not running.
2023-08-23 10:53:05,017 [Time-limited test] WARN  balancer.ContainerBalancer (ContainerBalancer.java:stop(326)) - Cannot stop Container Balancer because it's not running or stopping
2023-08-23 10:53:05,017 [Lease Manager-LeaseManager#LeaseMonitor] WARN  lease.LeaseManager (LeaseManager.java:run(272)) - Lease manager is interrupted. Shutting down...
java.lang.InterruptedException
	at java.util.concurrent.locks.AbstractQueuedSynchronizer.doAcquireSharedNanos(AbstractQueuedSynchronizer.java:1039)
	at java.util.concurrent.locks.AbstractQueuedSynchronizer.tryAcquireSharedNanos(AbstractQueuedSynchronizer.java:1328)
	at java.util.concurrent.Semaphore.tryAcquire(Semaphore.java:409)
	at org.apache.hadoop.ozone.lease.LeaseManager$LeaseMonitor.run(LeaseManager.java:270)
	at java.lang.Thread.run(Thread.java:750)
2023-08-23 10:53:05,017 [Time-limited test] INFO  server.StorageContainerManager (StorageContainerManager.java:stop(1715)) - Stopping SCM MetadataStore.
2023-08-23 10:53:05,021 [Time-limited test] INFO  impl.DefaultInternalKdcServerImpl (DefaultInternalKdcServerImpl.java:doStop(102)) - Default Internal kdc server stopped.
2023-08-23 10:53:06,021 [Time-limited test] INFO  minikdc.MiniKdc (MiniKdc.java:stop(359)) - MiniKdc stopped.
2023-08-23 10:53:06,021 [Time-limited test] INFO  server.StorageContainerManager (StorageContainerManager.java:stop(1580)) - Storage Container Manager is not running.
2023-08-23 10:53:06,021 [Time-limited test] INFO  server.StorageContainerManager (StorageContainerManager.java:stopReplicationManager(1724)) - Stopping Replication Manager Service.
2023-08-23 10:53:06,021 [Time-limited test] INFO  replication.ReplicationManager (ReplicationManager.java:stop(329)) - Replication Monitor Thread is not running.
2023-08-23 10:53:06,021 [Time-limited test] INFO  server.SCMSecurityProtocolServer (SCMSecurityProtocolServer.java:join(560)) - Join RPC server for SCMSecurityProtocolServer.
2023-08-23 10:53:06,021 [Time-limited test] INFO  server.SCMSecurityProtocolServer (SCMSecurityProtocolServer.java:join(562)) - Join gRPC server for SCMSecurityProtocolServer.
]]></system-out>
  </testcase>
</testsuite>