<?xml version="1.0" encoding="UTF-8"?>
<testsuite xmlns:xsi="http://www.w3.org/2001/XMLSchema-instance" xsi:noNamespaceSchemaLocation="https://maven.apache.org/surefire/maven-surefire-plugin/xsd/surefire-test-report.xsd" name="org.apache.hadoop.ozone.client.rpc.TestWatchForCommit" time="204.264" tests="4" errors="0" skipped="0" failures="1">
  <properties>
    <property name="awt.toolkit" value="sun.awt.X11.XToolkit"/>
    <property name="file.encoding.pkg" value="sun.io"/>
    <property name="java.specification.version" value="1.8"/>
    <property name="sun.cpu.isalist" value=""/>
    <property name="sun.jnu.encoding" value="ANSI_X3.4-1968"/>
    <property name="java.class.path" value="/github/workspace/mnt/ozone/hadoop-ozone/integration-test/target/test-classes:/github/workspace/mnt/ozone/hadoop-ozone/integration-test/target/classes:/home/user/.m2/repository/org/apache/hadoop/hadoop-ozone-common/0.6.0-SNAPSHOT/hadoop-ozone-common-0.6.0-SNAPSHOT.jar:/home/user/.m2/repository/org/apache/commons/commons-compress/1.4.1/commons-compress-1.4.1.jar:/home/user/.m2/repository/org/tukaani/xz/1.0/xz-1.0.jar:/home/user/.m2/repository/org/apache/hadoop/hadoop-hdds-common/0.6.0-SNAPSHOT/hadoop-hdds-common-0.6.0-SNAPSHOT.jar:/home/user/.m2/repository/org/apache/hadoop/hadoop-hdds-hadoop-dependency-client/0.6.0-SNAPSHOT/hadoop-hdds-hadoop-dependency-client-0.6.0-SNAPSHOT.jar:/home/user/.m2/repository/info/picocli/picocli/3.9.6/picocli-3.9.6.jar:/home/user/.m2/repository/com/fasterxml/jackson/core/jackson-annotations/2.10.3/jackson-annotations-2.10.3.jar:/home/user/.m2/repository/javax/annotation/javax.annotation-api/1.2/javax.annotation-api-1.2.jar:/home/user/.m2/repository/org/apache/ratis/ratis-server/0.6.0-6ab75ae-SNAPSHOT/ratis-server-0.6.0-6ab75ae-SNAPSHOT.jar:/home/user/.m2/repository/org/apache/ratis/ratis-client/0.6.0-6ab75ae-SNAPSHOT/ratis-client-0.6.0-6ab75ae-SNAPSHOT.jar:/home/user/.m2/repository/org/apache/ratis/ratis-metrics/0.6.0-6ab75ae-SNAPSHOT/ratis-metrics-0.6.0-6ab75ae-SNAPSHOT.jar:/home/user/.m2/repository/org/apache/ratis/ratis-netty/0.6.0-6ab75ae-SNAPSHOT/ratis-netty-0.6.0-6ab75ae-SNAPSHOT.jar:/home/user/.m2/repository/org/apache/ratis/ratis-grpc/0.6.0-6ab75ae-SNAPSHOT/ratis-grpc-0.6.0-6ab75ae-SNAPSHOT.jar:/home/user/.m2/repository/org/apache/logging/log4j/log4j-api/2.11.0/log4j-api-2.11.0.jar:/home/user/.m2/repository/org/apache/logging/log4j/log4j-core/2.11.0/log4j-core-2.11.0.jar:/home/user/.m2/repository/com/lmax/disruptor/3.4.2/disruptor-3.4.2.jar:/home/user/.m2/repository/org/apache/commons/commons-pool2/2.6.0/commons-pool2-2.6.0.jar:/home/user/.m2/repository/org/bouncycastle/bcpkix-jdk15on/1.60/bcpkix-jdk15on-1.60.jar:/home/user/.m2/repository/commons-validator/commons-validator/1.6/commons-validator-1.6.jar:/home/user/.m2/repository/commons-digester/commons-digester/1.8.1/commons-digester-1.8.1.jar:/home/user/.m2/repository/io/jaegertracing/jaeger-client/1.2.0/jaeger-client-1.2.0.jar:/home/user/.m2/repository/io/jaegertracing/jaeger-thrift/1.2.0/jaeger-thrift-1.2.0.jar:/home/user/.m2/repository/org/apache/thrift/libthrift/0.13.0/libthrift-0.13.0.jar:/home/user/.m2/repository/com/squareup/okhttp3/okhttp/4.2.2/okhttp-4.2.2.jar:/home/user/.m2/repository/com/squareup/okio/okio/2.2.2/okio-2.2.2.jar:/home/user/.m2/repository/org/jetbrains/kotlin/kotlin-stdlib/1.3.50/kotlin-stdlib-1.3.50.jar:/home/user/.m2/repository/org/jetbrains/kotlin/kotlin-stdlib-common/1.3.50/kotlin-stdlib-common-1.3.50.jar:/home/user/.m2/repository/org/jetbrains/annotations/13.0/annotations-13.0.jar:/home/user/.m2/repository/io/jaegertracing/jaeger-core/1.2.0/jaeger-core-1.2.0.jar:/home/user/.m2/repository/io/jaegertracing/jaeger-tracerresolver/1.2.0/jaeger-tracerresolver-1.2.0.jar:/home/user/.m2/repository/io/opentracing/contrib/opentracing-tracerresolver/0.1.8/opentracing-tracerresolver-0.1.8.jar:/home/user/.m2/repository/io/opentracing/opentracing-util/0.33.0/opentracing-util-0.33.0.jar:/home/user/.m2/repository/io/opentracing/opentracing-api/0.33.0/opentracing-api-0.33.0.jar:/home/user/.m2/repository/io/opentracing/opentracing-noop/0.33.0/opentracing-noop-0.33.0.jar:/home/user/.m2/repository/org/apache/hadoop/hadoop-hdds-client/0.6.0-SNAPSHOT/hadoop-hdds-client-0.6.0-SNAPSHOT.jar:/home/user/.m2/repository/org/apache/hadoop/hadoop-ozone-interface-client/0.6.0-SNAPSHOT/hadoop-ozone-interface-client-0.6.0-SNAPSHOT.jar:/home/user/.m2/repository/org/apache/hadoop/hadoop-hdds-test-utils/0.6.0-SNAPSHOT/hadoop-hdds-test-utils-0.6.0-SNAPSHOT.jar:/home/user/.m2/repository/com/google/guava/guava/28.2-jre/guava-28.2-jre.jar:/home/user/.m2/repository/com/google/guava/failureaccess/1.0.1/failureaccess-1.0.1.jar:/home/user/.m2/repository/com/google/guava/listenablefuture/9999.0-empty-to-avoid-conflict-with-guava/listenablefuture-9999.0-empty-to-avoid-conflict-with-guava.jar:/home/user/.m2/repository/com/google/code/findbugs/jsr305/3.0.0/jsr305-3.0.0.jar:/home/user/.m2/repository/org/checkerframework/checker-qual/2.10.0/checker-qual-2.10.0.jar:/home/user/.m2/repository/com/google/errorprone/error_prone_annotations/2.2.0/error_prone_annotations-2.2.0.jar:/home/user/.m2/repository/com/google/j2objc/j2objc-annotations/1.3/j2objc-annotations-1.3.jar:/home/user/.m2/repository/commons-io/commons-io/2.5/commons-io-2.5.jar:/home/user/.m2/repository/commons-logging/commons-logging/1.2/commons-logging-1.2.jar:/home/user/.m2/repository/log4j/log4j/1.2.17/log4j-1.2.17.jar:/home/user/.m2/repository/org/slf4j/slf4j-api/1.7.25/slf4j-api-1.7.25.jar:/home/user/.m2/repository/org/apache/hadoop/hadoop-hdds-server-scm/0.6.0-SNAPSHOT/hadoop-hdds-server-scm-0.6.0-SNAPSHOT.jar:/home/user/.m2/repository/org/apache/hadoop/hadoop-hdds-container-service/0.6.0-SNAPSHOT/hadoop-hdds-container-service-0.6.0-SNAPSHOT.jar:/home/user/.m2/repository/org/apache/hadoop/hadoop-hdds-hadoop-dependency-server/0.6.0-SNAPSHOT/hadoop-hdds-hadoop-dependency-server-0.6.0-SNAPSHOT.jar:/home/user/.m2/repository/org/apache/hadoop/hadoop-hdds-server-framework/0.6.0-SNAPSHOT/hadoop-hdds-server-framework-0.6.0-SNAPSHOT.jar:/home/user/.m2/repository/org/apache/hadoop/hadoop-hdds-interface-server/0.6.0-SNAPSHOT/hadoop-hdds-interface-server-0.6.0-SNAPSHOT.jar:/home/user/.m2/repository/org/apache/hadoop/hadoop-hdds-interface-admin/0.6.0-SNAPSHOT/hadoop-hdds-interface-admin-0.6.0-SNAPSHOT.jar:/home/user/.m2/repository/org/rocksdb/rocksdbjni/6.8.1/rocksdbjni-6.8.1.jar:/home/user/.m2/repository/io/prometheus/simpleclient_dropwizard/0.7.0/simpleclient_dropwizard-0.7.0.jar:/home/user/.m2/repository/io/prometheus/simpleclient/0.7.0/simpleclient-0.7.0.jar:/home/user/.m2/repository/io/prometheus/simpleclient_common/0.7.0/simpleclient_common-0.7.0.jar:/home/user/.m2/repository/com/fasterxml/jackson/datatype/jackson-datatype-jsr310/2.10.3/jackson-datatype-jsr310-2.10.3.jar:/home/user/.m2/repository/org/apache/hadoop/hadoop-hdds-docs/0.6.0-SNAPSHOT/hadoop-hdds-docs-0.6.0-SNAPSHOT.jar:/home/user/.m2/repository/io/dropwizard/metrics/metrics-core/3.2.4/metrics-core-3.2.4.jar:/home/user/.m2/repository/org/apache/hadoop/hadoop-hdfs-client/3.2.1/hadoop-hdfs-client-3.2.1.jar:/home/user/.m2/repository/org/bouncycastle/bcprov-jdk15on/1.60/bcprov-jdk15on-1.60.jar:/home/user/.m2/repository/org/apache/hadoop/hadoop-ozone-ozone-manager/0.6.0-SNAPSHOT/hadoop-ozone-ozone-manager-0.6.0-SNAPSHOT.jar:/home/user/.m2/repository/org/apache/hadoop/hadoop-hdds-interface-client/0.6.0-SNAPSHOT/hadoop-hdds-interface-client-0.6.0-SNAPSHOT.jar:/home/user/.m2/repository/org/apache/ratis/ratis-thirdparty-misc/0.4.0/ratis-thirdparty-misc-0.4.0.jar:/home/user/.m2/repository/org/apache/hadoop/hadoop-minikdc/3.2.1/hadoop-minikdc-3.2.1.jar:/home/user/.m2/repository/org/apache/kerby/kerb-simplekdc/1.0.1/kerb-simplekdc-1.0.1.jar:/home/user/.m2/repository/org/apache/kerby/kerb-client/1.0.1/kerb-client-1.0.1.jar:/home/user/.m2/repository/org/apache/kerby/kerby-config/1.0.1/kerby-config-1.0.1.jar:/home/user/.m2/repository/org/apache/kerby/kerb-core/1.0.1/kerb-core-1.0.1.jar:/home/user/.m2/repository/org/apache/kerby/kerby-pkix/1.0.1/kerby-pkix-1.0.1.jar:/home/user/.m2/repository/org/apache/kerby/kerby-asn1/1.0.1/kerby-asn1-1.0.1.jar:/home/user/.m2/repository/org/apache/kerby/kerby-util/1.0.1/kerby-util-1.0.1.jar:/home/user/.m2/repository/org/apache/kerby/kerb-common/1.0.1/kerb-common-1.0.1.jar:/home/user/.m2/repository/org/apache/kerby/kerb-crypto/1.0.1/kerb-crypto-1.0.1.jar:/home/user/.m2/repository/org/apache/kerby/kerb-util/1.0.1/kerb-util-1.0.1.jar:/home/user/.m2/repository/org/apache/kerby/token-provider/1.0.1/token-provider-1.0.1.jar:/home/user/.m2/repository/org/apache/kerby/kerb-admin/1.0.1/kerb-admin-1.0.1.jar:/home/user/.m2/repository/org/apache/kerby/kerb-server/1.0.1/kerb-server-1.0.1.jar:/home/user/.m2/repository/org/apache/kerby/kerb-identity/1.0.1/kerb-identity-1.0.1.jar:/home/user/.m2/repository/org/apache/kerby/kerby-xdr/1.0.1/kerby-xdr-1.0.1.jar:/home/user/.m2/repository/org/slf4j/slf4j-log4j12/1.7.25/slf4j-log4j12-1.7.25.jar:/home/user/.m2/repository/org/apache/hadoop/hadoop-ozone-s3gateway/0.6.0-SNAPSHOT/hadoop-ozone-s3gateway-0.6.0-SNAPSHOT.jar:/home/user/.m2/repository/org/jboss/weld/servlet/weld-servlet/2.4.7.Final/weld-servlet-2.4.7.Final.jar:/home/user/.m2/repository/org/glassfish/jersey/containers/jersey-container-servlet-core/2.27/jersey-container-servlet-core-2.27.jar:/home/user/.m2/repository/org/glassfish/hk2/external/javax.inject/2.5.0-b42/javax.inject-2.5.0-b42.jar:/home/user/.m2/repository/org/glassfish/jersey/core/jersey-common/2.27/jersey-common-2.27.jar:/home/user/.m2/repository/org/glassfish/hk2/osgi-resource-locator/1.0.1/osgi-resource-locator-1.0.1.jar:/home/user/.m2/repository/javax/ws/rs/javax.ws.rs-api/2.1/javax.ws.rs-api-2.1.jar:/home/user/.m2/repository/org/glassfish/jersey/ext/cdi/jersey-cdi1x/2.27/jersey-cdi1x-2.27.jar:/home/user/.m2/repository/org/glassfish/jersey/inject/jersey-hk2/2.27/jersey-hk2-2.27.jar:/home/user/.m2/repository/org/glassfish/hk2/hk2-locator/2.5.0-b42/hk2-locator-2.5.0-b42.jar:/home/user/.m2/repository/org/javassist/javassist/3.22.0-CR2/javassist-3.22.0-CR2.jar:/home/user/.m2/repository/org/glassfish/hk2/hk2-api/2.5.0/hk2-api-2.5.0.jar:/home/user/.m2/repository/org/glassfish/hk2/external/jakarta.inject/2.5.0/jakarta.inject-2.5.0.jar:/home/user/.m2/repository/org/glassfish/hk2/hk2-utils/2.5.0/hk2-utils-2.5.0.jar:/home/user/.m2/repository/jakarta/annotation/jakarta.annotation-api/1.3.4/jakarta.annotation-api-1.3.4.jar:/home/user/.m2/repository/org/glassfish/hk2/external/aopalliance-repackaged/2.5.0/aopalliance-repackaged-2.5.0.jar:/home/user/.m2/repository/com/fasterxml/jackson/dataformat/jackson-dataformat-xml/2.10.3/jackson-dataformat-xml-2.10.3.jar:/home/user/.m2/repository/com/fasterxml/jackson/core/jackson-core/2.10.3/jackson-core-2.10.3.jar:/home/user/.m2/repository/com/fasterxml/jackson/module/jackson-module-jaxb-annotations/2.10.3/jackson-module-jaxb-annotations-2.10.3.jar:/home/user/.m2/repository/jakarta/xml/bind/jakarta.xml.bind-api/2.3.2/jakarta.xml.bind-api-2.3.2.jar:/home/user/.m2/repository/jakarta/activation/jakarta.activation-api/1.2.1/jakarta.activation-api-1.2.1.jar:/home/user/.m2/repository/org/codehaus/woodstox/stax2-api/3.1.4/stax2-api-3.1.4.jar:/home/user/.m2/repository/com/fasterxml/woodstox/woodstox-core/5.0.3/woodstox-core-5.0.3.jar:/home/user/.m2/repository/javax/enterprise/cdi-api/1.2/cdi-api-1.2.jar:/home/user/.m2/repository/javax/el/javax.el-api/3.0.0/javax.el-api-3.0.0.jar:/home/user/.m2/repository/javax/interceptor/javax.interceptor-api/1.2/javax.interceptor-api-1.2.jar:/home/user/.m2/repository/javax/inject/javax.inject/1/javax.inject-1.jar:/home/user/.m2/repository/com/sun/xml/bind/jaxb-impl/2.3.0.1/jaxb-impl-2.3.0.1.jar:/home/user/.m2/repository/com/sun/xml/bind/jaxb-core/2.3.0.1/jaxb-core-2.3.0.1.jar:/home/user/.m2/repository/javax/xml/bind/jaxb-api/2.3.0/jaxb-api-2.3.0.jar:/home/user/.m2/repository/javax/activation/activation/1.1.1/activation-1.1.1.jar:/home/user/.m2/repository/org/apache/hadoop/hadoop-ozone-csi/0.6.0-SNAPSHOT/hadoop-ozone-csi-0.6.0-SNAPSHOT.jar:/home/user/.m2/repository/com/google/protobuf/protobuf-java-util/3.11.0/protobuf-java-util-3.11.0.jar:/home/user/.m2/repository/com/google/code/gson/gson/2.2.4/gson-2.2.4.jar:/home/user/.m2/repository/org/apache/hadoop/hadoop-hdds-config/0.6.0-SNAPSHOT/hadoop-hdds-config-0.6.0-SNAPSHOT.jar:/home/user/.m2/repository/com/google/protobuf/protobuf-java/2.5.0/protobuf-java-2.5.0.jar:/home/user/.m2/repository/io/grpc/grpc-netty/1.29.0/grpc-netty-1.29.0.jar:/home/user/.m2/repository/io/grpc/grpc-core/1.29.0/grpc-core-1.29.0.jar:/home/user/.m2/repository/com/google/android/annotations/4.1.1.4/annotations-4.1.1.4.jar:/home/user/.m2/repository/io/perfmark/perfmark-api/0.19.0/perfmark-api-0.19.0.jar:/home/user/.m2/repository/io/netty/netty-codec-http2/4.1.48.Final/netty-codec-http2-4.1.48.Final.jar:/home/user/.m2/repository/io/netty/netty-codec/4.1.48.Final/netty-codec-4.1.48.Final.jar:/home/user/.m2/repository/io/netty/netty-handler/4.1.48.Final/netty-handler-4.1.48.Final.jar:/home/user/.m2/repository/io/netty/netty-codec-http/4.1.48.Final/netty-codec-http-4.1.48.Final.jar:/home/user/.m2/repository/io/netty/netty-handler-proxy/4.1.48.Final/netty-handler-proxy-4.1.48.Final.jar:/home/user/.m2/repository/io/netty/netty-codec-socks/4.1.48.Final/netty-codec-socks-4.1.48.Final.jar:/home/user/.m2/repository/io/netty/netty-transport-native-epoll/4.1.48.Final/netty-transport-native-epoll-4.1.48.Final.jar:/home/user/.m2/repository/io/netty/netty-common/4.1.48.Final/netty-common-4.1.48.Final.jar:/home/user/.m2/repository/io/netty/netty-buffer/4.1.48.Final/netty-buffer-4.1.48.Final.jar:/home/user/.m2/repository/io/netty/netty-transport/4.1.48.Final/netty-transport-4.1.48.Final.jar:/home/user/.m2/repository/io/netty/netty-resolver/4.1.48.Final/netty-resolver-4.1.48.Final.jar:/home/user/.m2/repository/io/netty/netty-transport-native-unix-common/4.1.48.Final/netty-transport-native-unix-common-4.1.48.Final.jar:/home/user/.m2/repository/io/grpc/grpc-protobuf/1.29.0/grpc-protobuf-1.29.0.jar:/home/user/.m2/repository/io/grpc/grpc-api/1.29.0/grpc-api-1.29.0.jar:/home/user/.m2/repository/io/grpc/grpc-context/1.29.0/grpc-context-1.29.0.jar:/home/user/.m2/repository/org/codehaus/mojo/animal-sniffer-annotations/1.18/animal-sniffer-annotations-1.18.jar:/home/user/.m2/repository/com/google/api/grpc/proto-google-common-protos/1.17.0/proto-google-common-protos-1.17.0.jar:/home/user/.m2/repository/io/grpc/grpc-protobuf-lite/1.29.0/grpc-protobuf-lite-1.29.0.jar:/home/user/.m2/repository/io/grpc/grpc-stub/1.29.0/grpc-stub-1.29.0.jar:/home/user/.m2/repository/org/apache/hadoop/hadoop-ozone-recon/0.6.0-SNAPSHOT/hadoop-ozone-recon-0.6.0-SNAPSHOT.jar:/home/user/.m2/repository/org/apache/hadoop/hadoop-ozone-reconcodegen/0.6.0-SNAPSHOT/hadoop-ozone-reconcodegen-0.6.0-SNAPSHOT.jar:/home/user/.m2/repository/com/google/inject/extensions/guice-multibindings/4.0/guice-multibindings-4.0.jar:/home/user/.m2/repository/com/google/inject/guice/4.0/guice-4.0.jar:/home/user/.m2/repository/aopalliance/aopalliance/1.0/aopalliance-1.0.jar:/home/user/.m2/repository/com/google/inject/extensions/guice-assistedinject/4.0/guice-assistedinject-4.0.jar:/home/user/.m2/repository/com/google/inject/extensions/guice-servlet/4.0/guice-servlet-4.0.jar:/home/user/.m2/repository/org/glassfish/jersey/containers/jersey-container-servlet/2.27/jersey-container-servlet-2.27.jar:/home/user/.m2/repository/org/glassfish/hk2/guice-bridge/2.5.0/guice-bridge-2.5.0.jar:/home/user/.m2/repository/org/glassfish/jersey/core/jersey-server/2.27/jersey-server-2.27.jar:/home/user/.m2/repository/org/glassfish/jersey/core/jersey-client/2.27/jersey-client-2.27.jar:/home/user/.m2/repository/org/glassfish/jersey/media/jersey-media-jaxb/2.27/jersey-media-jaxb-2.27.jar:/home/user/.m2/repository/javax/validation/validation-api/1.1.0.Final/validation-api-1.1.0.Final.jar:/home/user/.m2/repository/org/glassfish/jersey/media/jersey-media-json-jackson/2.27/jersey-media-json-jackson-2.27.jar:/home/user/.m2/repository/org/glassfish/jersey/ext/jersey-entity-filtering/2.27/jersey-entity-filtering-2.27.jar:/home/user/.m2/repository/org/jooq/jooq/3.11.10/jooq-3.11.10.jar:/home/user/.m2/repository/org/jooq/jooq-meta/3.11.10/jooq-meta-3.11.10.jar:/home/user/.m2/repository/org/jooq/jooq-codegen/3.11.10/jooq-codegen-3.11.10.jar:/home/user/.m2/repository/com/jolbox/bonecp/0.8.0.RELEASE/bonecp-0.8.0.RELEASE.jar:/home/user/.m2/repository/org/apache/derby/derby/10.14.2.0/derby-10.14.2.0.jar:/home/user/.m2/repository/org/xerial/sqlite-jdbc/3.25.2/sqlite-jdbc-3.25.2.jar:/home/user/.m2/repository/org/springframework/spring-jdbc/5.2.5.RELEASE/spring-jdbc-5.2.5.RELEASE.jar:/home/user/.m2/repository/org/springframework/spring-beans/5.2.5.RELEASE/spring-beans-5.2.5.RELEASE.jar:/home/user/.m2/repository/org/springframework/spring-core/5.2.5.RELEASE/spring-core-5.2.5.RELEASE.jar:/home/user/.m2/repository/org/springframework/spring-jcl/5.2.5.RELEASE/spring-jcl-5.2.5.RELEASE.jar:/home/user/.m2/repository/org/springframework/spring-tx/5.2.5.RELEASE/spring-tx-5.2.5.RELEASE.jar:/home/user/.m2/repository/org/apache/hadoop/hadoop-ozone-client/0.6.0-SNAPSHOT/hadoop-ozone-client-0.6.0-SNAPSHOT.jar:/home/user/.m2/repository/org/apache/hadoop/hadoop-ozone-filesystem/0.6.0-SNAPSHOT/hadoop-ozone-filesystem-0.6.0-SNAPSHOT.jar:/home/user/.m2/repository/org/apache/hadoop/hadoop-ozone-filesystem-common/0.6.0-SNAPSHOT/hadoop-ozone-filesystem-common-0.6.0-SNAPSHOT.jar:/home/user/.m2/repository/org/apache/hadoop/hadoop-ozone-tools/0.6.0-SNAPSHOT/hadoop-ozone-tools-0.6.0-SNAPSHOT.jar:/home/user/.m2/repository/org/apache/hadoop/hadoop-hdfs/3.2.1/hadoop-hdfs-3.2.1.jar:/home/user/.m2/repository/org/apache/ratis/ratis-tools/0.6.0-6ab75ae-SNAPSHOT/ratis-tools-0.6.0-6ab75ae-SNAPSHOT.jar:/home/user/.m2/repository/org/apache/ratis/ratis-proto/0.6.0-6ab75ae-SNAPSHOT/ratis-proto-0.6.0-6ab75ae-SNAPSHOT.jar:/home/user/.m2/repository/org/apache/ratis/ratis-common/0.6.0-6ab75ae-SNAPSHOT/ratis-common-0.6.0-6ab75ae-SNAPSHOT.jar:/home/user/.m2/repository/com/amazonaws/aws-java-sdk-core/1.11.615/aws-java-sdk-core-1.11.615.jar:/home/user/.m2/repository/org/apache/httpcomponents/httpclient/4.5.2/httpclient-4.5.2.jar:/home/user/.m2/repository/org/apache/httpcomponents/httpcore/4.4.4/httpcore-4.4.4.jar:/home/user/.m2/repository/software/amazon/ion/ion-java/1.0.2/ion-java-1.0.2.jar:/home/user/.m2/repository/com/fasterxml/jackson/dataformat/jackson-dataformat-cbor/2.10.3/jackson-dataformat-cbor-2.10.3.jar:/home/user/.m2/repository/joda-time/joda-time/2.8.1/joda-time-2.8.1.jar:/home/user/.m2/repository/com/amazonaws/aws-java-sdk-s3/1.11.615/aws-java-sdk-s3-1.11.615.jar:/home/user/.m2/repository/com/amazonaws/aws-java-sdk-kms/1.11.615/aws-java-sdk-kms-1.11.615.jar:/home/user/.m2/repository/com/amazonaws/jmespath-java/1.11.615/jmespath-java-1.11.615.jar:/home/user/.m2/repository/org/apache/hadoop/hadoop-hdds-tools/0.6.0-SNAPSHOT/hadoop-hdds-tools-0.6.0-SNAPSHOT.jar:/home/user/.m2/repository/commons-cli/commons-cli/1.2/commons-cli-1.2.jar:/home/user/.m2/repository/org/apache/commons/commons-lang3/3.7/commons-lang3-3.7.jar:/home/user/.m2/repository/org/apache/hadoop/hadoop-ozone-ozone-manager/0.6.0-SNAPSHOT/hadoop-ozone-ozone-manager-0.6.0-SNAPSHOT-tests.jar:/home/user/.m2/repository/junit/junit/4.11/junit-4.11.jar:/home/user/.m2/repository/org/hamcrest/hamcrest-core/1.3/hamcrest-core-1.3.jar:/home/user/.m2/repository/org/openjdk/jmh/jmh-core/1.19/jmh-core-1.19.jar:/home/user/.m2/repository/net/sf/jopt-simple/jopt-simple/4.6/jopt-simple-4.6.jar:/home/user/.m2/repository/org/apache/commons/commons-math3/3.1.1/commons-math3-3.1.1.jar:/home/user/.m2/repository/org/openjdk/jmh/jmh-generator-annprocess/1.19/jmh-generator-annprocess-1.19.jar:/home/user/.m2/repository/org/mockito/mockito-all/1.8.5/mockito-all-1.8.5.jar:/home/user/.m2/repository/org/apache/hadoop/hadoop-kms/3.2.1/hadoop-kms-3.2.1.jar:/home/user/.m2/repository/org/apache/hadoop/hadoop-auth/3.2.1/hadoop-auth-3.2.1.jar:/home/user/.m2/repository/com/nimbusds/nimbus-jose-jwt/7.9/nimbus-jose-jwt-7.9.jar:/home/user/.m2/repository/com/github/stephenc/jcip/jcip-annotations/1.0-1/jcip-annotations-1.0-1.jar:/home/user/.m2/repository/net/minidev/json-smart/2.3/json-smart-2.3.jar:/home/user/.m2/repository/net/minidev/accessors-smart/1.2/accessors-smart-1.2.jar:/home/user/.m2/repository/org/ow2/asm/asm/5.0.4/asm-5.0.4.jar:/home/user/.m2/repository/org/apache/zookeeper/zookeeper/3.4.13/zookeeper-3.4.13.jar:/home/user/.m2/repository/org/apache/yetus/audience-annotations/0.5.0/audience-annotations-0.5.0.jar:/home/user/.m2/repository/org/apache/curator/curator-framework/2.13.0/curator-framework-2.13.0.jar:/home/user/.m2/repository/com/sun/jersey/jersey-core/1.19/jersey-core-1.19.jar:/home/user/.m2/repository/javax/ws/rs/jsr311-api/1.1.1/jsr311-api-1.1.1.jar:/home/user/.m2/repository/com/sun/jersey/jersey-server/1.19/jersey-server-1.19.jar:/home/user/.m2/repository/javax/servlet/javax.servlet-api/3.1.0/javax.servlet-api-3.1.0.jar:/home/user/.m2/repository/org/eclipse/jetty/jetty-server/9.4.26.v20200117/jetty-server-9.4.26.v20200117.jar:/home/user/.m2/repository/org/eclipse/jetty/jetty-http/9.4.26.v20200117/jetty-http-9.4.26.v20200117.jar:/home/user/.m2/repository/org/eclipse/jetty/jetty-io/9.4.26.v20200117/jetty-io-9.4.26.v20200117.jar:/home/user/.m2/repository/org/eclipse/jetty/jetty-webapp/9.4.26.v20200117/jetty-webapp-9.4.26.v20200117.jar:/home/user/.m2/repository/org/eclipse/jetty/jetty-xml/9.4.26.v20200117/jetty-xml-9.4.26.v20200117.jar:/home/user/.m2/repository/org/eclipse/jetty/jetty-servlet/9.4.26.v20200117/jetty-servlet-9.4.26.v20200117.jar:/home/user/.m2/repository/org/eclipse/jetty/jetty-security/9.4.26.v20200117/jetty-security-9.4.26.v20200117.jar:/home/user/.m2/repository/org/apache/hadoop/hadoop-common/3.2.1/hadoop-common-3.2.1.jar:/home/user/.m2/repository/commons-net/commons-net/3.6/commons-net-3.6.jar:/home/user/.m2/repository/commons-collections/commons-collections/3.2.2/commons-collections-3.2.2.jar:/home/user/.m2/repository/com/sun/jersey/jersey-servlet/1.19/jersey-servlet-1.19.jar:/home/user/.m2/repository/com/sun/jersey/jersey-json/1.19/jersey-json-1.19.jar:/home/user/.m2/repository/org/codehaus/jettison/jettison/1.1/jettison-1.1.jar:/home/user/.m2/repository/org/codehaus/jackson/jackson-jaxrs/1.9.2/jackson-jaxrs-1.9.2.jar:/home/user/.m2/repository/org/codehaus/jackson/jackson-xc/1.9.2/jackson-xc-1.9.2.jar:/home/user/.m2/repository/commons-beanutils/commons-beanutils/1.9.4/commons-beanutils-1.9.4.jar:/home/user/.m2/repository/org/apache/commons/commons-configuration2/2.1.1/commons-configuration2-2.1.1.jar:/home/user/.m2/repository/org/apache/commons/commons-text/1.4/commons-text-1.4.jar:/home/user/.m2/repository/com/google/re2j/re2j/1.1/re2j-1.1.jar:/home/user/.m2/repository/com/jcraft/jsch/0.1.54/jsch-0.1.54.jar:/home/user/.m2/repository/org/apache/curator/curator-client/2.13.0/curator-client-2.13.0.jar:/home/user/.m2/repository/org/apache/curator/curator-recipes/2.13.0/curator-recipes-2.13.0.jar:/home/user/.m2/repository/dnsjava/dnsjava/2.1.7/dnsjava-2.1.7.jar:/home/user/.m2/repository/org/slf4j/jul-to-slf4j/1.7.25/jul-to-slf4j-1.7.25.jar:/home/user/.m2/repository/org/eclipse/jetty/jetty-util/9.4.26.v20200117/jetty-util-9.4.26.v20200117.jar:/home/user/.m2/repository/com/fasterxml/jackson/core/jackson-databind/2.10.3/jackson-databind-2.10.3.jar:/home/user/.m2/repository/org/apache/hadoop/hadoop-kms/3.2.1/hadoop-kms-3.2.1-tests.jar:/home/user/.m2/repository/org/apache/hadoop/hadoop-hdds-server-scm/0.6.0-SNAPSHOT/hadoop-hdds-server-scm-0.6.0-SNAPSHOT-tests.jar:/home/user/.m2/repository/org/apache/hadoop/hadoop-hdds-container-service/0.6.0-SNAPSHOT/hadoop-hdds-container-service-0.6.0-SNAPSHOT-tests.jar:/home/user/.m2/repository/org/apache/hadoop/hadoop-hdds-common/0.6.0-SNAPSHOT/hadoop-hdds-common-0.6.0-SNAPSHOT-tests.jar:/home/user/.m2/repository/org/yaml/snakeyaml/1.16/snakeyaml-1.16.jar:/home/user/.m2/repository/org/apache/hadoop/hadoop-hdds-hadoop-dependency-test/0.6.0-SNAPSHOT/hadoop-hdds-hadoop-dependency-test-0.6.0-SNAPSHOT.jar:/home/user/.m2/repository/org/apache/hadoop/hadoop-common/3.2.1/hadoop-common-3.2.1-tests.jar:/home/user/.m2/repository/javax/servlet/jsp/jsp-api/2.1/jsp-api-2.1.jar:/home/user/.m2/repository/org/apache/hadoop/hadoop-hdfs/3.2.1/hadoop-hdfs-3.2.1-tests.jar:/home/user/.m2/repository/org/eclipse/jetty/jetty-util-ajax/9.4.26.v20200117/jetty-util-ajax-9.4.26.v20200117.jar:/home/user/.m2/repository/commons-codec/commons-codec/1.11/commons-codec-1.11.jar:/home/user/.m2/repository/commons-daemon/commons-daemon/1.0.13/commons-daemon-1.0.13.jar:/home/user/.m2/repository/io/netty/netty/3.10.5.Final/netty-3.10.5.Final.jar:/home/user/.m2/repository/io/netty/netty-all/4.1.48.Final/netty-all-4.1.48.Final.jar:/home/user/.m2/repository/org/apache/htrace/htrace-core4/4.1.0-incubating/htrace-core4-4.1.0-incubating.jar:/home/user/.m2/repository/org/fusesource/leveldbjni/leveldbjni-all/1.8/leveldbjni-all-1.8.jar:/home/user/.m2/repository/org/apache/hadoop/hadoop-distcp/3.2.1/hadoop-distcp-3.2.1.jar:/home/user/.m2/repository/org/apache/hadoop/hadoop-mapreduce-client-jobclient/3.2.1/hadoop-mapreduce-client-jobclient-3.2.1.jar:/home/user/.m2/repository/org/apache/hadoop/hadoop-mapreduce-client-common/3.2.1/hadoop-mapreduce-client-common-3.2.1.jar:/home/user/.m2/repository/org/apache/hadoop/hadoop-yarn-common/3.2.1/hadoop-yarn-common-3.2.1.jar:/home/user/.m2/repository/org/apache/hadoop/hadoop-yarn-api/3.2.1/hadoop-yarn-api-3.2.1.jar:/home/user/.m2/repository/com/sun/jersey/jersey-client/1.19/jersey-client-1.19.jar:/home/user/.m2/repository/com/sun/jersey/contribs/jersey-guice/1.19/jersey-guice-1.19.jar:/home/user/.m2/repository/com/fasterxml/jackson/jaxrs/jackson-jaxrs-json-provider/2.10.3/jackson-jaxrs-json-provider-2.10.3.jar:/home/user/.m2/repository/com/fasterxml/jackson/jaxrs/jackson-jaxrs-base/2.10.3/jackson-jaxrs-base-2.10.3.jar:/home/user/.m2/repository/org/apache/hadoop/hadoop-yarn-client/3.2.1/hadoop-yarn-client-3.2.1.jar:/home/user/.m2/repository/org/apache/hadoop/hadoop-mapreduce-client-core/3.2.1/hadoop-mapreduce-client-core-3.2.1.jar:/home/user/.m2/repository/org/apache/avro/avro/1.7.7/avro-1.7.7.jar:/home/user/.m2/repository/org/codehaus/jackson/jackson-core-asl/1.9.13/jackson-core-asl-1.9.13.jar:/home/user/.m2/repository/org/codehaus/jackson/jackson-mapper-asl/1.9.13/jackson-mapper-asl-1.9.13.jar:/home/user/.m2/repository/com/thoughtworks/paranamer/paranamer/2.3/paranamer-2.3.jar:/home/user/.m2/repository/org/xerial/snappy/snappy-java/1.0.5/snappy-java-1.0.5.jar:/home/user/.m2/repository/org/apache/hadoop/hadoop-annotations/3.2.1/hadoop-annotations-3.2.1.jar:/usr/lib/jvm/java-1.8.0-openjdk-1.8.0.232.b09-0.el7_7.x86_64/jre/../lib/tools.jar:/home/user/.m2/repository/org/apache/hadoop/hadoop-distcp/3.2.1/hadoop-distcp-3.2.1-tests.jar:"/>
    <property name="java.vm.vendor" value="Oracle Corporation"/>
    <property name="sun.arch.data.model" value="64"/>
    <property name="test.build.dir" value="/github/workspace/mnt/ozone/hadoop-ozone/integration-test/target/test-dir"/>
    <property name="test.cache.data" value=""/>
    <property name="java.vendor.url" value="http://java.oracle.com/"/>
    <property name="user.timezone" value=""/>
    <property name="java.vm.specification.version" value="1.8"/>
    <property name="os.name" value="Linux"/>
    <property name="test.build.data" value="/github/workspace/mnt/ozone/hadoop-ozone/integration-test/target/test-dir"/>
    <property name="user.country" value="US"/>
    <property name="sun.java.launcher" value="SUN_STANDARD"/>
    <property name="sun.boot.library.path" value="/usr/lib/jvm/java-1.8.0-openjdk-1.8.0.232.b09-0.el7_7.x86_64/jre/lib/amd64"/>
    <property name="sun.java.command" value="/github/workspace/mnt/ozone/hadoop-ozone/integration-test/target/surefire/surefirebooter4365046798390044005.jar /github/workspace/mnt/ozone/hadoop-ozone/integration-test/target/surefire 2020-07-09T00-59-48_551-jvmRun1 surefire7711694228449535181tmp surefire_112180131367604426641tmp"/>
    <property name="surefire.test.class.path" value="/github/workspace/mnt/ozone/hadoop-ozone/integration-test/target/test-classes:/github/workspace/mnt/ozone/hadoop-ozone/integration-test/target/classes:/home/user/.m2/repository/org/apache/hadoop/hadoop-ozone-common/0.6.0-SNAPSHOT/hadoop-ozone-common-0.6.0-SNAPSHOT.jar:/home/user/.m2/repository/org/apache/commons/commons-compress/1.4.1/commons-compress-1.4.1.jar:/home/user/.m2/repository/org/tukaani/xz/1.0/xz-1.0.jar:/home/user/.m2/repository/org/apache/hadoop/hadoop-hdds-common/0.6.0-SNAPSHOT/hadoop-hdds-common-0.6.0-SNAPSHOT.jar:/home/user/.m2/repository/org/apache/hadoop/hadoop-hdds-hadoop-dependency-client/0.6.0-SNAPSHOT/hadoop-hdds-hadoop-dependency-client-0.6.0-SNAPSHOT.jar:/home/user/.m2/repository/info/picocli/picocli/3.9.6/picocli-3.9.6.jar:/home/user/.m2/repository/com/fasterxml/jackson/core/jackson-annotations/2.10.3/jackson-annotations-2.10.3.jar:/home/user/.m2/repository/javax/annotation/javax.annotation-api/1.2/javax.annotation-api-1.2.jar:/home/user/.m2/repository/org/apache/ratis/ratis-server/0.6.0-6ab75ae-SNAPSHOT/ratis-server-0.6.0-6ab75ae-SNAPSHOT.jar:/home/user/.m2/repository/org/apache/ratis/ratis-client/0.6.0-6ab75ae-SNAPSHOT/ratis-client-0.6.0-6ab75ae-SNAPSHOT.jar:/home/user/.m2/repository/org/apache/ratis/ratis-metrics/0.6.0-6ab75ae-SNAPSHOT/ratis-metrics-0.6.0-6ab75ae-SNAPSHOT.jar:/home/user/.m2/repository/org/apache/ratis/ratis-netty/0.6.0-6ab75ae-SNAPSHOT/ratis-netty-0.6.0-6ab75ae-SNAPSHOT.jar:/home/user/.m2/repository/org/apache/ratis/ratis-grpc/0.6.0-6ab75ae-SNAPSHOT/ratis-grpc-0.6.0-6ab75ae-SNAPSHOT.jar:/home/user/.m2/repository/org/apache/logging/log4j/log4j-api/2.11.0/log4j-api-2.11.0.jar:/home/user/.m2/repository/org/apache/logging/log4j/log4j-core/2.11.0/log4j-core-2.11.0.jar:/home/user/.m2/repository/com/lmax/disruptor/3.4.2/disruptor-3.4.2.jar:/home/user/.m2/repository/org/apache/commons/commons-pool2/2.6.0/commons-pool2-2.6.0.jar:/home/user/.m2/repository/org/bouncycastle/bcpkix-jdk15on/1.60/bcpkix-jdk15on-1.60.jar:/home/user/.m2/repository/commons-validator/commons-validator/1.6/commons-validator-1.6.jar:/home/user/.m2/repository/commons-digester/commons-digester/1.8.1/commons-digester-1.8.1.jar:/home/user/.m2/repository/io/jaegertracing/jaeger-client/1.2.0/jaeger-client-1.2.0.jar:/home/user/.m2/repository/io/jaegertracing/jaeger-thrift/1.2.0/jaeger-thrift-1.2.0.jar:/home/user/.m2/repository/org/apache/thrift/libthrift/0.13.0/libthrift-0.13.0.jar:/home/user/.m2/repository/com/squareup/okhttp3/okhttp/4.2.2/okhttp-4.2.2.jar:/home/user/.m2/repository/com/squareup/okio/okio/2.2.2/okio-2.2.2.jar:/home/user/.m2/repository/org/jetbrains/kotlin/kotlin-stdlib/1.3.50/kotlin-stdlib-1.3.50.jar:/home/user/.m2/repository/org/jetbrains/kotlin/kotlin-stdlib-common/1.3.50/kotlin-stdlib-common-1.3.50.jar:/home/user/.m2/repository/org/jetbrains/annotations/13.0/annotations-13.0.jar:/home/user/.m2/repository/io/jaegertracing/jaeger-core/1.2.0/jaeger-core-1.2.0.jar:/home/user/.m2/repository/io/jaegertracing/jaeger-tracerresolver/1.2.0/jaeger-tracerresolver-1.2.0.jar:/home/user/.m2/repository/io/opentracing/contrib/opentracing-tracerresolver/0.1.8/opentracing-tracerresolver-0.1.8.jar:/home/user/.m2/repository/io/opentracing/opentracing-util/0.33.0/opentracing-util-0.33.0.jar:/home/user/.m2/repository/io/opentracing/opentracing-api/0.33.0/opentracing-api-0.33.0.jar:/home/user/.m2/repository/io/opentracing/opentracing-noop/0.33.0/opentracing-noop-0.33.0.jar:/home/user/.m2/repository/org/apache/hadoop/hadoop-hdds-client/0.6.0-SNAPSHOT/hadoop-hdds-client-0.6.0-SNAPSHOT.jar:/home/user/.m2/repository/org/apache/hadoop/hadoop-ozone-interface-client/0.6.0-SNAPSHOT/hadoop-ozone-interface-client-0.6.0-SNAPSHOT.jar:/home/user/.m2/repository/org/apache/hadoop/hadoop-hdds-test-utils/0.6.0-SNAPSHOT/hadoop-hdds-test-utils-0.6.0-SNAPSHOT.jar:/home/user/.m2/repository/com/google/guava/guava/28.2-jre/guava-28.2-jre.jar:/home/user/.m2/repository/com/google/guava/failureaccess/1.0.1/failureaccess-1.0.1.jar:/home/user/.m2/repository/com/google/guava/listenablefuture/9999.0-empty-to-avoid-conflict-with-guava/listenablefuture-9999.0-empty-to-avoid-conflict-with-guava.jar:/home/user/.m2/repository/com/google/code/findbugs/jsr305/3.0.0/jsr305-3.0.0.jar:/home/user/.m2/repository/org/checkerframework/checker-qual/2.10.0/checker-qual-2.10.0.jar:/home/user/.m2/repository/com/google/errorprone/error_prone_annotations/2.2.0/error_prone_annotations-2.2.0.jar:/home/user/.m2/repository/com/google/j2objc/j2objc-annotations/1.3/j2objc-annotations-1.3.jar:/home/user/.m2/repository/commons-io/commons-io/2.5/commons-io-2.5.jar:/home/user/.m2/repository/commons-logging/commons-logging/1.2/commons-logging-1.2.jar:/home/user/.m2/repository/log4j/log4j/1.2.17/log4j-1.2.17.jar:/home/user/.m2/repository/org/slf4j/slf4j-api/1.7.25/slf4j-api-1.7.25.jar:/home/user/.m2/repository/org/apache/hadoop/hadoop-hdds-server-scm/0.6.0-SNAPSHOT/hadoop-hdds-server-scm-0.6.0-SNAPSHOT.jar:/home/user/.m2/repository/org/apache/hadoop/hadoop-hdds-container-service/0.6.0-SNAPSHOT/hadoop-hdds-container-service-0.6.0-SNAPSHOT.jar:/home/user/.m2/repository/org/apache/hadoop/hadoop-hdds-hadoop-dependency-server/0.6.0-SNAPSHOT/hadoop-hdds-hadoop-dependency-server-0.6.0-SNAPSHOT.jar:/home/user/.m2/repository/org/apache/hadoop/hadoop-hdds-server-framework/0.6.0-SNAPSHOT/hadoop-hdds-server-framework-0.6.0-SNAPSHOT.jar:/home/user/.m2/repository/org/apache/hadoop/hadoop-hdds-interface-server/0.6.0-SNAPSHOT/hadoop-hdds-interface-server-0.6.0-SNAPSHOT.jar:/home/user/.m2/repository/org/apache/hadoop/hadoop-hdds-interface-admin/0.6.0-SNAPSHOT/hadoop-hdds-interface-admin-0.6.0-SNAPSHOT.jar:/home/user/.m2/repository/org/rocksdb/rocksdbjni/6.8.1/rocksdbjni-6.8.1.jar:/home/user/.m2/repository/io/prometheus/simpleclient_dropwizard/0.7.0/simpleclient_dropwizard-0.7.0.jar:/home/user/.m2/repository/io/prometheus/simpleclient/0.7.0/simpleclient-0.7.0.jar:/home/user/.m2/repository/io/prometheus/simpleclient_common/0.7.0/simpleclient_common-0.7.0.jar:/home/user/.m2/repository/com/fasterxml/jackson/datatype/jackson-datatype-jsr310/2.10.3/jackson-datatype-jsr310-2.10.3.jar:/home/user/.m2/repository/org/apache/hadoop/hadoop-hdds-docs/0.6.0-SNAPSHOT/hadoop-hdds-docs-0.6.0-SNAPSHOT.jar:/home/user/.m2/repository/io/dropwizard/metrics/metrics-core/3.2.4/metrics-core-3.2.4.jar:/home/user/.m2/repository/org/apache/hadoop/hadoop-hdfs-client/3.2.1/hadoop-hdfs-client-3.2.1.jar:/home/user/.m2/repository/org/bouncycastle/bcprov-jdk15on/1.60/bcprov-jdk15on-1.60.jar:/home/user/.m2/repository/org/apache/hadoop/hadoop-ozone-ozone-manager/0.6.0-SNAPSHOT/hadoop-ozone-ozone-manager-0.6.0-SNAPSHOT.jar:/home/user/.m2/repository/org/apache/hadoop/hadoop-hdds-interface-client/0.6.0-SNAPSHOT/hadoop-hdds-interface-client-0.6.0-SNAPSHOT.jar:/home/user/.m2/repository/org/apache/ratis/ratis-thirdparty-misc/0.4.0/ratis-thirdparty-misc-0.4.0.jar:/home/user/.m2/repository/org/apache/hadoop/hadoop-minikdc/3.2.1/hadoop-minikdc-3.2.1.jar:/home/user/.m2/repository/org/apache/kerby/kerb-simplekdc/1.0.1/kerb-simplekdc-1.0.1.jar:/home/user/.m2/repository/org/apache/kerby/kerb-client/1.0.1/kerb-client-1.0.1.jar:/home/user/.m2/repository/org/apache/kerby/kerby-config/1.0.1/kerby-config-1.0.1.jar:/home/user/.m2/repository/org/apache/kerby/kerb-core/1.0.1/kerb-core-1.0.1.jar:/home/user/.m2/repository/org/apache/kerby/kerby-pkix/1.0.1/kerby-pkix-1.0.1.jar:/home/user/.m2/repository/org/apache/kerby/kerby-asn1/1.0.1/kerby-asn1-1.0.1.jar:/home/user/.m2/repository/org/apache/kerby/kerby-util/1.0.1/kerby-util-1.0.1.jar:/home/user/.m2/repository/org/apache/kerby/kerb-common/1.0.1/kerb-common-1.0.1.jar:/home/user/.m2/repository/org/apache/kerby/kerb-crypto/1.0.1/kerb-crypto-1.0.1.jar:/home/user/.m2/repository/org/apache/kerby/kerb-util/1.0.1/kerb-util-1.0.1.jar:/home/user/.m2/repository/org/apache/kerby/token-provider/1.0.1/token-provider-1.0.1.jar:/home/user/.m2/repository/org/apache/kerby/kerb-admin/1.0.1/kerb-admin-1.0.1.jar:/home/user/.m2/repository/org/apache/kerby/kerb-server/1.0.1/kerb-server-1.0.1.jar:/home/user/.m2/repository/org/apache/kerby/kerb-identity/1.0.1/kerb-identity-1.0.1.jar:/home/user/.m2/repository/org/apache/kerby/kerby-xdr/1.0.1/kerby-xdr-1.0.1.jar:/home/user/.m2/repository/org/slf4j/slf4j-log4j12/1.7.25/slf4j-log4j12-1.7.25.jar:/home/user/.m2/repository/org/apache/hadoop/hadoop-ozone-s3gateway/0.6.0-SNAPSHOT/hadoop-ozone-s3gateway-0.6.0-SNAPSHOT.jar:/home/user/.m2/repository/org/jboss/weld/servlet/weld-servlet/2.4.7.Final/weld-servlet-2.4.7.Final.jar:/home/user/.m2/repository/org/glassfish/jersey/containers/jersey-container-servlet-core/2.27/jersey-container-servlet-core-2.27.jar:/home/user/.m2/repository/org/glassfish/hk2/external/javax.inject/2.5.0-b42/javax.inject-2.5.0-b42.jar:/home/user/.m2/repository/org/glassfish/jersey/core/jersey-common/2.27/jersey-common-2.27.jar:/home/user/.m2/repository/org/glassfish/hk2/osgi-resource-locator/1.0.1/osgi-resource-locator-1.0.1.jar:/home/user/.m2/repository/javax/ws/rs/javax.ws.rs-api/2.1/javax.ws.rs-api-2.1.jar:/home/user/.m2/repository/org/glassfish/jersey/ext/cdi/jersey-cdi1x/2.27/jersey-cdi1x-2.27.jar:/home/user/.m2/repository/org/glassfish/jersey/inject/jersey-hk2/2.27/jersey-hk2-2.27.jar:/home/user/.m2/repository/org/glassfish/hk2/hk2-locator/2.5.0-b42/hk2-locator-2.5.0-b42.jar:/home/user/.m2/repository/org/javassist/javassist/3.22.0-CR2/javassist-3.22.0-CR2.jar:/home/user/.m2/repository/org/glassfish/hk2/hk2-api/2.5.0/hk2-api-2.5.0.jar:/home/user/.m2/repository/org/glassfish/hk2/external/jakarta.inject/2.5.0/jakarta.inject-2.5.0.jar:/home/user/.m2/repository/org/glassfish/hk2/hk2-utils/2.5.0/hk2-utils-2.5.0.jar:/home/user/.m2/repository/jakarta/annotation/jakarta.annotation-api/1.3.4/jakarta.annotation-api-1.3.4.jar:/home/user/.m2/repository/org/glassfish/hk2/external/aopalliance-repackaged/2.5.0/aopalliance-repackaged-2.5.0.jar:/home/user/.m2/repository/com/fasterxml/jackson/dataformat/jackson-dataformat-xml/2.10.3/jackson-dataformat-xml-2.10.3.jar:/home/user/.m2/repository/com/fasterxml/jackson/core/jackson-core/2.10.3/jackson-core-2.10.3.jar:/home/user/.m2/repository/com/fasterxml/jackson/module/jackson-module-jaxb-annotations/2.10.3/jackson-module-jaxb-annotations-2.10.3.jar:/home/user/.m2/repository/jakarta/xml/bind/jakarta.xml.bind-api/2.3.2/jakarta.xml.bind-api-2.3.2.jar:/home/user/.m2/repository/jakarta/activation/jakarta.activation-api/1.2.1/jakarta.activation-api-1.2.1.jar:/home/user/.m2/repository/org/codehaus/woodstox/stax2-api/3.1.4/stax2-api-3.1.4.jar:/home/user/.m2/repository/com/fasterxml/woodstox/woodstox-core/5.0.3/woodstox-core-5.0.3.jar:/home/user/.m2/repository/javax/enterprise/cdi-api/1.2/cdi-api-1.2.jar:/home/user/.m2/repository/javax/el/javax.el-api/3.0.0/javax.el-api-3.0.0.jar:/home/user/.m2/repository/javax/interceptor/javax.interceptor-api/1.2/javax.interceptor-api-1.2.jar:/home/user/.m2/repository/javax/inject/javax.inject/1/javax.inject-1.jar:/home/user/.m2/repository/com/sun/xml/bind/jaxb-impl/2.3.0.1/jaxb-impl-2.3.0.1.jar:/home/user/.m2/repository/com/sun/xml/bind/jaxb-core/2.3.0.1/jaxb-core-2.3.0.1.jar:/home/user/.m2/repository/javax/xml/bind/jaxb-api/2.3.0/jaxb-api-2.3.0.jar:/home/user/.m2/repository/javax/activation/activation/1.1.1/activation-1.1.1.jar:/home/user/.m2/repository/org/apache/hadoop/hadoop-ozone-csi/0.6.0-SNAPSHOT/hadoop-ozone-csi-0.6.0-SNAPSHOT.jar:/home/user/.m2/repository/com/google/protobuf/protobuf-java-util/3.11.0/protobuf-java-util-3.11.0.jar:/home/user/.m2/repository/com/google/code/gson/gson/2.2.4/gson-2.2.4.jar:/home/user/.m2/repository/org/apache/hadoop/hadoop-hdds-config/0.6.0-SNAPSHOT/hadoop-hdds-config-0.6.0-SNAPSHOT.jar:/home/user/.m2/repository/com/google/protobuf/protobuf-java/2.5.0/protobuf-java-2.5.0.jar:/home/user/.m2/repository/io/grpc/grpc-netty/1.29.0/grpc-netty-1.29.0.jar:/home/user/.m2/repository/io/grpc/grpc-core/1.29.0/grpc-core-1.29.0.jar:/home/user/.m2/repository/com/google/android/annotations/4.1.1.4/annotations-4.1.1.4.jar:/home/user/.m2/repository/io/perfmark/perfmark-api/0.19.0/perfmark-api-0.19.0.jar:/home/user/.m2/repository/io/netty/netty-codec-http2/4.1.48.Final/netty-codec-http2-4.1.48.Final.jar:/home/user/.m2/repository/io/netty/netty-codec/4.1.48.Final/netty-codec-4.1.48.Final.jar:/home/user/.m2/repository/io/netty/netty-handler/4.1.48.Final/netty-handler-4.1.48.Final.jar:/home/user/.m2/repository/io/netty/netty-codec-http/4.1.48.Final/netty-codec-http-4.1.48.Final.jar:/home/user/.m2/repository/io/netty/netty-handler-proxy/4.1.48.Final/netty-handler-proxy-4.1.48.Final.jar:/home/user/.m2/repository/io/netty/netty-codec-socks/4.1.48.Final/netty-codec-socks-4.1.48.Final.jar:/home/user/.m2/repository/io/netty/netty-transport-native-epoll/4.1.48.Final/netty-transport-native-epoll-4.1.48.Final.jar:/home/user/.m2/repository/io/netty/netty-common/4.1.48.Final/netty-common-4.1.48.Final.jar:/home/user/.m2/repository/io/netty/netty-buffer/4.1.48.Final/netty-buffer-4.1.48.Final.jar:/home/user/.m2/repository/io/netty/netty-transport/4.1.48.Final/netty-transport-4.1.48.Final.jar:/home/user/.m2/repository/io/netty/netty-resolver/4.1.48.Final/netty-resolver-4.1.48.Final.jar:/home/user/.m2/repository/io/netty/netty-transport-native-unix-common/4.1.48.Final/netty-transport-native-unix-common-4.1.48.Final.jar:/home/user/.m2/repository/io/grpc/grpc-protobuf/1.29.0/grpc-protobuf-1.29.0.jar:/home/user/.m2/repository/io/grpc/grpc-api/1.29.0/grpc-api-1.29.0.jar:/home/user/.m2/repository/io/grpc/grpc-context/1.29.0/grpc-context-1.29.0.jar:/home/user/.m2/repository/org/codehaus/mojo/animal-sniffer-annotations/1.18/animal-sniffer-annotations-1.18.jar:/home/user/.m2/repository/com/google/api/grpc/proto-google-common-protos/1.17.0/proto-google-common-protos-1.17.0.jar:/home/user/.m2/repository/io/grpc/grpc-protobuf-lite/1.29.0/grpc-protobuf-lite-1.29.0.jar:/home/user/.m2/repository/io/grpc/grpc-stub/1.29.0/grpc-stub-1.29.0.jar:/home/user/.m2/repository/org/apache/hadoop/hadoop-ozone-recon/0.6.0-SNAPSHOT/hadoop-ozone-recon-0.6.0-SNAPSHOT.jar:/home/user/.m2/repository/org/apache/hadoop/hadoop-ozone-reconcodegen/0.6.0-SNAPSHOT/hadoop-ozone-reconcodegen-0.6.0-SNAPSHOT.jar:/home/user/.m2/repository/com/google/inject/extensions/guice-multibindings/4.0/guice-multibindings-4.0.jar:/home/user/.m2/repository/com/google/inject/guice/4.0/guice-4.0.jar:/home/user/.m2/repository/aopalliance/aopalliance/1.0/aopalliance-1.0.jar:/home/user/.m2/repository/com/google/inject/extensions/guice-assistedinject/4.0/guice-assistedinject-4.0.jar:/home/user/.m2/repository/com/google/inject/extensions/guice-servlet/4.0/guice-servlet-4.0.jar:/home/user/.m2/repository/org/glassfish/jersey/containers/jersey-container-servlet/2.27/jersey-container-servlet-2.27.jar:/home/user/.m2/repository/org/glassfish/hk2/guice-bridge/2.5.0/guice-bridge-2.5.0.jar:/home/user/.m2/repository/org/glassfish/jersey/core/jersey-server/2.27/jersey-server-2.27.jar:/home/user/.m2/repository/org/glassfish/jersey/core/jersey-client/2.27/jersey-client-2.27.jar:/home/user/.m2/repository/org/glassfish/jersey/media/jersey-media-jaxb/2.27/jersey-media-jaxb-2.27.jar:/home/user/.m2/repository/javax/validation/validation-api/1.1.0.Final/validation-api-1.1.0.Final.jar:/home/user/.m2/repository/org/glassfish/jersey/media/jersey-media-json-jackson/2.27/jersey-media-json-jackson-2.27.jar:/home/user/.m2/repository/org/glassfish/jersey/ext/jersey-entity-filtering/2.27/jersey-entity-filtering-2.27.jar:/home/user/.m2/repository/org/jooq/jooq/3.11.10/jooq-3.11.10.jar:/home/user/.m2/repository/org/jooq/jooq-meta/3.11.10/jooq-meta-3.11.10.jar:/home/user/.m2/repository/org/jooq/jooq-codegen/3.11.10/jooq-codegen-3.11.10.jar:/home/user/.m2/repository/com/jolbox/bonecp/0.8.0.RELEASE/bonecp-0.8.0.RELEASE.jar:/home/user/.m2/repository/org/apache/derby/derby/10.14.2.0/derby-10.14.2.0.jar:/home/user/.m2/repository/org/xerial/sqlite-jdbc/3.25.2/sqlite-jdbc-3.25.2.jar:/home/user/.m2/repository/org/springframework/spring-jdbc/5.2.5.RELEASE/spring-jdbc-5.2.5.RELEASE.jar:/home/user/.m2/repository/org/springframework/spring-beans/5.2.5.RELEASE/spring-beans-5.2.5.RELEASE.jar:/home/user/.m2/repository/org/springframework/spring-core/5.2.5.RELEASE/spring-core-5.2.5.RELEASE.jar:/home/user/.m2/repository/org/springframework/spring-jcl/5.2.5.RELEASE/spring-jcl-5.2.5.RELEASE.jar:/home/user/.m2/repository/org/springframework/spring-tx/5.2.5.RELEASE/spring-tx-5.2.5.RELEASE.jar:/home/user/.m2/repository/org/apache/hadoop/hadoop-ozone-client/0.6.0-SNAPSHOT/hadoop-ozone-client-0.6.0-SNAPSHOT.jar:/home/user/.m2/repository/org/apache/hadoop/hadoop-ozone-filesystem/0.6.0-SNAPSHOT/hadoop-ozone-filesystem-0.6.0-SNAPSHOT.jar:/home/user/.m2/repository/org/apache/hadoop/hadoop-ozone-filesystem-common/0.6.0-SNAPSHOT/hadoop-ozone-filesystem-common-0.6.0-SNAPSHOT.jar:/home/user/.m2/repository/org/apache/hadoop/hadoop-ozone-tools/0.6.0-SNAPSHOT/hadoop-ozone-tools-0.6.0-SNAPSHOT.jar:/home/user/.m2/repository/org/apache/hadoop/hadoop-hdfs/3.2.1/hadoop-hdfs-3.2.1.jar:/home/user/.m2/repository/org/apache/ratis/ratis-tools/0.6.0-6ab75ae-SNAPSHOT/ratis-tools-0.6.0-6ab75ae-SNAPSHOT.jar:/home/user/.m2/repository/org/apache/ratis/ratis-proto/0.6.0-6ab75ae-SNAPSHOT/ratis-proto-0.6.0-6ab75ae-SNAPSHOT.jar:/home/user/.m2/repository/org/apache/ratis/ratis-common/0.6.0-6ab75ae-SNAPSHOT/ratis-common-0.6.0-6ab75ae-SNAPSHOT.jar:/home/user/.m2/repository/com/amazonaws/aws-java-sdk-core/1.11.615/aws-java-sdk-core-1.11.615.jar:/home/user/.m2/repository/org/apache/httpcomponents/httpclient/4.5.2/httpclient-4.5.2.jar:/home/user/.m2/repository/org/apache/httpcomponents/httpcore/4.4.4/httpcore-4.4.4.jar:/home/user/.m2/repository/software/amazon/ion/ion-java/1.0.2/ion-java-1.0.2.jar:/home/user/.m2/repository/com/fasterxml/jackson/dataformat/jackson-dataformat-cbor/2.10.3/jackson-dataformat-cbor-2.10.3.jar:/home/user/.m2/repository/joda-time/joda-time/2.8.1/joda-time-2.8.1.jar:/home/user/.m2/repository/com/amazonaws/aws-java-sdk-s3/1.11.615/aws-java-sdk-s3-1.11.615.jar:/home/user/.m2/repository/com/amazonaws/aws-java-sdk-kms/1.11.615/aws-java-sdk-kms-1.11.615.jar:/home/user/.m2/repository/com/amazonaws/jmespath-java/1.11.615/jmespath-java-1.11.615.jar:/home/user/.m2/repository/org/apache/hadoop/hadoop-hdds-tools/0.6.0-SNAPSHOT/hadoop-hdds-tools-0.6.0-SNAPSHOT.jar:/home/user/.m2/repository/commons-cli/commons-cli/1.2/commons-cli-1.2.jar:/home/user/.m2/repository/org/apache/commons/commons-lang3/3.7/commons-lang3-3.7.jar:/home/user/.m2/repository/org/apache/hadoop/hadoop-ozone-ozone-manager/0.6.0-SNAPSHOT/hadoop-ozone-ozone-manager-0.6.0-SNAPSHOT-tests.jar:/home/user/.m2/repository/junit/junit/4.11/junit-4.11.jar:/home/user/.m2/repository/org/hamcrest/hamcrest-core/1.3/hamcrest-core-1.3.jar:/home/user/.m2/repository/org/openjdk/jmh/jmh-core/1.19/jmh-core-1.19.jar:/home/user/.m2/repository/net/sf/jopt-simple/jopt-simple/4.6/jopt-simple-4.6.jar:/home/user/.m2/repository/org/apache/commons/commons-math3/3.1.1/commons-math3-3.1.1.jar:/home/user/.m2/repository/org/openjdk/jmh/jmh-generator-annprocess/1.19/jmh-generator-annprocess-1.19.jar:/home/user/.m2/repository/org/mockito/mockito-all/1.8.5/mockito-all-1.8.5.jar:/home/user/.m2/repository/org/apache/hadoop/hadoop-kms/3.2.1/hadoop-kms-3.2.1.jar:/home/user/.m2/repository/org/apache/hadoop/hadoop-auth/3.2.1/hadoop-auth-3.2.1.jar:/home/user/.m2/repository/com/nimbusds/nimbus-jose-jwt/7.9/nimbus-jose-jwt-7.9.jar:/home/user/.m2/repository/com/github/stephenc/jcip/jcip-annotations/1.0-1/jcip-annotations-1.0-1.jar:/home/user/.m2/repository/net/minidev/json-smart/2.3/json-smart-2.3.jar:/home/user/.m2/repository/net/minidev/accessors-smart/1.2/accessors-smart-1.2.jar:/home/user/.m2/repository/org/ow2/asm/asm/5.0.4/asm-5.0.4.jar:/home/user/.m2/repository/org/apache/zookeeper/zookeeper/3.4.13/zookeeper-3.4.13.jar:/home/user/.m2/repository/org/apache/yetus/audience-annotations/0.5.0/audience-annotations-0.5.0.jar:/home/user/.m2/repository/org/apache/curator/curator-framework/2.13.0/curator-framework-2.13.0.jar:/home/user/.m2/repository/com/sun/jersey/jersey-core/1.19/jersey-core-1.19.jar:/home/user/.m2/repository/javax/ws/rs/jsr311-api/1.1.1/jsr311-api-1.1.1.jar:/home/user/.m2/repository/com/sun/jersey/jersey-server/1.19/jersey-server-1.19.jar:/home/user/.m2/repository/javax/servlet/javax.servlet-api/3.1.0/javax.servlet-api-3.1.0.jar:/home/user/.m2/repository/org/eclipse/jetty/jetty-server/9.4.26.v20200117/jetty-server-9.4.26.v20200117.jar:/home/user/.m2/repository/org/eclipse/jetty/jetty-http/9.4.26.v20200117/jetty-http-9.4.26.v20200117.jar:/home/user/.m2/repository/org/eclipse/jetty/jetty-io/9.4.26.v20200117/jetty-io-9.4.26.v20200117.jar:/home/user/.m2/repository/org/eclipse/jetty/jetty-webapp/9.4.26.v20200117/jetty-webapp-9.4.26.v20200117.jar:/home/user/.m2/repository/org/eclipse/jetty/jetty-xml/9.4.26.v20200117/jetty-xml-9.4.26.v20200117.jar:/home/user/.m2/repository/org/eclipse/jetty/jetty-servlet/9.4.26.v20200117/jetty-servlet-9.4.26.v20200117.jar:/home/user/.m2/repository/org/eclipse/jetty/jetty-security/9.4.26.v20200117/jetty-security-9.4.26.v20200117.jar:/home/user/.m2/repository/org/apache/hadoop/hadoop-common/3.2.1/hadoop-common-3.2.1.jar:/home/user/.m2/repository/commons-net/commons-net/3.6/commons-net-3.6.jar:/home/user/.m2/repository/commons-collections/commons-collections/3.2.2/commons-collections-3.2.2.jar:/home/user/.m2/repository/com/sun/jersey/jersey-servlet/1.19/jersey-servlet-1.19.jar:/home/user/.m2/repository/com/sun/jersey/jersey-json/1.19/jersey-json-1.19.jar:/home/user/.m2/repository/org/codehaus/jettison/jettison/1.1/jettison-1.1.jar:/home/user/.m2/repository/org/codehaus/jackson/jackson-jaxrs/1.9.2/jackson-jaxrs-1.9.2.jar:/home/user/.m2/repository/org/codehaus/jackson/jackson-xc/1.9.2/jackson-xc-1.9.2.jar:/home/user/.m2/repository/commons-beanutils/commons-beanutils/1.9.4/commons-beanutils-1.9.4.jar:/home/user/.m2/repository/org/apache/commons/commons-configuration2/2.1.1/commons-configuration2-2.1.1.jar:/home/user/.m2/repository/org/apache/commons/commons-text/1.4/commons-text-1.4.jar:/home/user/.m2/repository/com/google/re2j/re2j/1.1/re2j-1.1.jar:/home/user/.m2/repository/com/jcraft/jsch/0.1.54/jsch-0.1.54.jar:/home/user/.m2/repository/org/apache/curator/curator-client/2.13.0/curator-client-2.13.0.jar:/home/user/.m2/repository/org/apache/curator/curator-recipes/2.13.0/curator-recipes-2.13.0.jar:/home/user/.m2/repository/dnsjava/dnsjava/2.1.7/dnsjava-2.1.7.jar:/home/user/.m2/repository/org/slf4j/jul-to-slf4j/1.7.25/jul-to-slf4j-1.7.25.jar:/home/user/.m2/repository/org/eclipse/jetty/jetty-util/9.4.26.v20200117/jetty-util-9.4.26.v20200117.jar:/home/user/.m2/repository/com/fasterxml/jackson/core/jackson-databind/2.10.3/jackson-databind-2.10.3.jar:/home/user/.m2/repository/org/apache/hadoop/hadoop-kms/3.2.1/hadoop-kms-3.2.1-tests.jar:/home/user/.m2/repository/org/apache/hadoop/hadoop-hdds-server-scm/0.6.0-SNAPSHOT/hadoop-hdds-server-scm-0.6.0-SNAPSHOT-tests.jar:/home/user/.m2/repository/org/apache/hadoop/hadoop-hdds-container-service/0.6.0-SNAPSHOT/hadoop-hdds-container-service-0.6.0-SNAPSHOT-tests.jar:/home/user/.m2/repository/org/apache/hadoop/hadoop-hdds-common/0.6.0-SNAPSHOT/hadoop-hdds-common-0.6.0-SNAPSHOT-tests.jar:/home/user/.m2/repository/org/yaml/snakeyaml/1.16/snakeyaml-1.16.jar:/home/user/.m2/repository/org/apache/hadoop/hadoop-hdds-hadoop-dependency-test/0.6.0-SNAPSHOT/hadoop-hdds-hadoop-dependency-test-0.6.0-SNAPSHOT.jar:/home/user/.m2/repository/org/apache/hadoop/hadoop-common/3.2.1/hadoop-common-3.2.1-tests.jar:/home/user/.m2/repository/javax/servlet/jsp/jsp-api/2.1/jsp-api-2.1.jar:/home/user/.m2/repository/org/apache/hadoop/hadoop-hdfs/3.2.1/hadoop-hdfs-3.2.1-tests.jar:/home/user/.m2/repository/org/eclipse/jetty/jetty-util-ajax/9.4.26.v20200117/jetty-util-ajax-9.4.26.v20200117.jar:/home/user/.m2/repository/commons-codec/commons-codec/1.11/commons-codec-1.11.jar:/home/user/.m2/repository/commons-daemon/commons-daemon/1.0.13/commons-daemon-1.0.13.jar:/home/user/.m2/repository/io/netty/netty/3.10.5.Final/netty-3.10.5.Final.jar:/home/user/.m2/repository/io/netty/netty-all/4.1.48.Final/netty-all-4.1.48.Final.jar:/home/user/.m2/repository/org/apache/htrace/htrace-core4/4.1.0-incubating/htrace-core4-4.1.0-incubating.jar:/home/user/.m2/repository/org/fusesource/leveldbjni/leveldbjni-all/1.8/leveldbjni-all-1.8.jar:/home/user/.m2/repository/org/apache/hadoop/hadoop-distcp/3.2.1/hadoop-distcp-3.2.1.jar:/home/user/.m2/repository/org/apache/hadoop/hadoop-mapreduce-client-jobclient/3.2.1/hadoop-mapreduce-client-jobclient-3.2.1.jar:/home/user/.m2/repository/org/apache/hadoop/hadoop-mapreduce-client-common/3.2.1/hadoop-mapreduce-client-common-3.2.1.jar:/home/user/.m2/repository/org/apache/hadoop/hadoop-yarn-common/3.2.1/hadoop-yarn-common-3.2.1.jar:/home/user/.m2/repository/org/apache/hadoop/hadoop-yarn-api/3.2.1/hadoop-yarn-api-3.2.1.jar:/home/user/.m2/repository/com/sun/jersey/jersey-client/1.19/jersey-client-1.19.jar:/home/user/.m2/repository/com/sun/jersey/contribs/jersey-guice/1.19/jersey-guice-1.19.jar:/home/user/.m2/repository/com/fasterxml/jackson/jaxrs/jackson-jaxrs-json-provider/2.10.3/jackson-jaxrs-json-provider-2.10.3.jar:/home/user/.m2/repository/com/fasterxml/jackson/jaxrs/jackson-jaxrs-base/2.10.3/jackson-jaxrs-base-2.10.3.jar:/home/user/.m2/repository/org/apache/hadoop/hadoop-yarn-client/3.2.1/hadoop-yarn-client-3.2.1.jar:/home/user/.m2/repository/org/apache/hadoop/hadoop-mapreduce-client-core/3.2.1/hadoop-mapreduce-client-core-3.2.1.jar:/home/user/.m2/repository/org/apache/avro/avro/1.7.7/avro-1.7.7.jar:/home/user/.m2/repository/org/codehaus/jackson/jackson-core-asl/1.9.13/jackson-core-asl-1.9.13.jar:/home/user/.m2/repository/org/codehaus/jackson/jackson-mapper-asl/1.9.13/jackson-mapper-asl-1.9.13.jar:/home/user/.m2/repository/com/thoughtworks/paranamer/paranamer/2.3/paranamer-2.3.jar:/home/user/.m2/repository/org/xerial/snappy/snappy-java/1.0.5/snappy-java-1.0.5.jar:/home/user/.m2/repository/org/apache/hadoop/hadoop-annotations/3.2.1/hadoop-annotations-3.2.1.jar:/usr/lib/jvm/java-1.8.0-openjdk-1.8.0.232.b09-0.el7_7.x86_64/jre/../lib/tools.jar:/home/user/.m2/repository/org/apache/hadoop/hadoop-distcp/3.2.1/hadoop-distcp-3.2.1-tests.jar:"/>
    <property name="sun.cpu.endian" value="little"/>
    <property name="user.home" value="/home/user"/>
    <property name="user.language" value="en"/>
    <property name="java.specification.vendor" value="Oracle Corporation"/>
    <property name="java.home" value="/usr/lib/jvm/java-1.8.0-openjdk-1.8.0.232.b09-0.el7_7.x86_64/jre"/>
    <property name="java.security.krb5.conf" value="/github/workspace/mnt/ozone/hadoop-ozone/integration-test/target/test-classes/krb5.conf"/>
    <property name="basedir" value="/github/workspace/mnt/ozone/hadoop-ozone/integration-test"/>
    <property name="file.separator" value="/"/>
    <property name="line.separator" value="&#10;"/>
    <property name="java.vm.specification.vendor" value="Oracle Corporation"/>
    <property name="java.specification.name" value="Java Platform API Specification"/>
    <property name="java.awt.graphicsenv" value="sun.awt.X11GraphicsEnvironment"/>
    <property name="skip.installnpx" value="true"/>
    <property name="surefire.real.class.path" value="/github/workspace/mnt/ozone/hadoop-ozone/integration-test/target/surefire/surefirebooter4365046798390044005.jar:/home/user/.m2/repository/org/jacoco/org.jacoco.agent/0.8.5/org.jacoco.agent-0.8.5-runtime.jar"/>
    <property name="hadoop.log.dir" value="/github/workspace/mnt/ozone/hadoop-ozone/integration-test/target/log"/>
    <property name="sun.boot.class.path" value="/usr/lib/jvm/java-1.8.0-openjdk-1.8.0.232.b09-0.el7_7.x86_64/jre/lib/resources.jar:/usr/lib/jvm/java-1.8.0-openjdk-1.8.0.232.b09-0.el7_7.x86_64/jre/lib/rt.jar:/usr/lib/jvm/java-1.8.0-openjdk-1.8.0.232.b09-0.el7_7.x86_64/jre/lib/sunrsasign.jar:/usr/lib/jvm/java-1.8.0-openjdk-1.8.0.232.b09-0.el7_7.x86_64/jre/lib/jsse.jar:/usr/lib/jvm/java-1.8.0-openjdk-1.8.0.232.b09-0.el7_7.x86_64/jre/lib/jce.jar:/usr/lib/jvm/java-1.8.0-openjdk-1.8.0.232.b09-0.el7_7.x86_64/jre/lib/charsets.jar:/usr/lib/jvm/java-1.8.0-openjdk-1.8.0.232.b09-0.el7_7.x86_64/jre/lib/jfr.jar:/usr/lib/jvm/java-1.8.0-openjdk-1.8.0.232.b09-0.el7_7.x86_64/jre/classes"/>
    <property name="sun.management.compiler" value="HotSpot 64-Bit Tiered Compilers"/>
    <property name="skip.npx" value="true"/>
    <property name="java.runtime.version" value="1.8.0_232-b09"/>
    <property name="java.net.preferIPv4Stack" value="true"/>
    <property name="user.name" value="jenkins1001"/>
    <property name="path.separator" value=":"/>
    <property name="java.security.egd" value="file:///dev/urandom"/>
    <property name="os.version" value="5.3.0-1031-azure"/>
    <property name="java.endorsed.dirs" value="/usr/lib/jvm/java-1.8.0-openjdk-1.8.0.232.b09-0.el7_7.x86_64/jre/lib/endorsed"/>
    <property name="java.runtime.name" value="OpenJDK Runtime Environment"/>
    <property name="file.encoding" value="ANSI_X3.4-1968"/>
    <property name="java.vm.name" value="OpenJDK 64-Bit Server VM"/>
    <property name="test.build.webapps" value=""/>
    <property name="localRepository" value="/home/user/.m2/repository"/>
    <property name="java.vendor.url.bug" value="http://bugreport.sun.com/bugreport/"/>
    <property name="java.io.tmpdir" value="/tmp"/>
    <property name="require.test.libhadoop" value=""/>
    <property name="java.version" value="1.8.0_232"/>
    <property name="user.dir" value="/github/workspace/mnt/ozone/hadoop-ozone/integration-test"/>
    <property name="os.arch" value="amd64"/>
    <property name="java.vm.specification.name" value="Java Virtual Machine Specification"/>
    <property name="test.build.classes" value="/github/workspace/mnt/ozone/hadoop-ozone/integration-test/target/test-classes"/>
    <property name="java.awt.printerjob" value="sun.print.PSPrinterJob"/>
    <property name="sun.os.patch.level" value="unknown"/>
    <property name="hadoop.tmp.dir" value="/github/workspace/mnt/ozone/hadoop-ozone/integration-test/target/tmp"/>
    <property name="java.library.path" value="/usr/lib:/usr/java/packages/lib/amd64:/usr/lib64:/lib64:/lib:/usr/lib"/>
    <property name="java.vm.info" value="mixed mode"/>
    <property name="java.vendor" value="Oracle Corporation"/>
    <property name="java.vm.version" value="25.232-b09"/>
    <property name="java.ext.dirs" value="/usr/lib/jvm/java-1.8.0-openjdk-1.8.0.232.b09-0.el7_7.x86_64/jre/lib/ext:/usr/java/packages/lib/ext"/>
    <property name="sun.io.unicode.encoding" value="UnicodeLittle"/>
    <property name="java.class.version" value="52.0"/>
  </properties>
  <testcase name="testWatchForCommitWithKeyWrite" classname="org.apache.hadoop.ozone.client.rpc.TestWatchForCommit" time="55.886">
    <failure message="expected:&lt;450&gt; but was:&lt;400&gt;" type="java.lang.AssertionError"><![CDATA[java.lang.AssertionError: expected:<450> but was:<400>
	at org.junit.Assert.fail(Assert.java:88)
	at org.junit.Assert.failNotEquals(Assert.java:743)
	at org.junit.Assert.assertEquals(Assert.java:118)
	at org.junit.Assert.assertEquals(Assert.java:555)
	at org.junit.Assert.assertEquals(Assert.java:542)
	at org.apache.hadoop.ozone.client.rpc.TestWatchForCommit.testWatchForCommitWithKeyWrite(TestWatchForCommit.java:178)
	at sun.reflect.NativeMethodAccessorImpl.invoke0(Native Method)
	at sun.reflect.NativeMethodAccessorImpl.invoke(NativeMethodAccessorImpl.java:62)
	at sun.reflect.DelegatingMethodAccessorImpl.invoke(DelegatingMethodAccessorImpl.java:43)
	at java.lang.reflect.Method.invoke(Method.java:498)
	at org.junit.runners.model.FrameworkMethod$1.runReflectiveCall(FrameworkMethod.java:47)
	at org.junit.internal.runners.model.ReflectiveCallable.run(ReflectiveCallable.java:12)
	at org.junit.runners.model.FrameworkMethod.invokeExplosively(FrameworkMethod.java:44)
	at org.junit.internal.runners.statements.InvokeMethod.evaluate(InvokeMethod.java:17)
	at org.junit.internal.runners.statements.RunBefores.evaluate(RunBefores.java:26)
	at org.junit.internal.runners.statements.RunAfters.evaluate(RunAfters.java:27)
	at org.junit.runners.ParentRunner.runLeaf(ParentRunner.java:271)
	at org.junit.runners.BlockJUnit4ClassRunner.runChild(BlockJUnit4ClassRunner.java:70)
	at org.junit.runners.BlockJUnit4ClassRunner.runChild(BlockJUnit4ClassRunner.java:50)
	at org.junit.runners.ParentRunner$3.run(ParentRunner.java:238)
	at org.junit.runners.ParentRunner$1.schedule(ParentRunner.java:63)
	at org.junit.runners.ParentRunner.runChildren(ParentRunner.java:236)
	at org.junit.runners.ParentRunner.access$000(ParentRunner.java:53)
	at org.junit.runners.ParentRunner$2.evaluate(ParentRunner.java:229)
	at org.junit.runners.ParentRunner.run(ParentRunner.java:309)
	at org.apache.maven.surefire.junit4.JUnit4Provider.execute(JUnit4Provider.java:365)
	at org.apache.maven.surefire.junit4.JUnit4Provider.executeWithRerun(JUnit4Provider.java:273)
	at org.apache.maven.surefire.junit4.JUnit4Provider.executeTestSet(JUnit4Provider.java:238)
	at org.apache.maven.surefire.junit4.JUnit4Provider.invoke(JUnit4Provider.java:159)
	at org.apache.maven.surefire.booter.ForkedBooter.invokeProviderInSameClassLoader(ForkedBooter.java:384)
	at org.apache.maven.surefire.booter.ForkedBooter.runSuitesInProcess(ForkedBooter.java:345)
	at org.apache.maven.surefire.booter.ForkedBooter.execute(ForkedBooter.java:126)
	at org.apache.maven.surefire.booter.ForkedBooter.main(ForkedBooter.java:418)
]]></failure>
    <system-out><![CDATA[2020-07-09 01:19:15,685 [main] WARN  server.ServerUtils (ServerUtils.java:getScmDbDir(148)) - ozone.scm.db.dirs is not configured. We recommend adding this setting. Falling back to ozone.metadata.dirs instead.
2020-07-09 01:19:15,752 [main] WARN  server.ServerUtils (ServerUtils.java:getScmDbDir(148)) - ozone.scm.db.dirs is not configured. We recommend adding this setting. Falling back to ozone.metadata.dirs instead.
2020-07-09 01:19:15,908 [main] WARN  db.DBStoreBuilder (DBStoreBuilder.java:createDBStoreBuilder(277)) - ozone.scm.db.dirs is not configured. We recommend adding this setting. Falling back to ozone.metadata.dirs instead.
2020-07-09 01:19:16,048 [main] INFO  net.NodeSchemaLoader (NodeSchemaLoader.java:loadSchemaFromFile(126)) - Loading file from sun.misc.CompoundEnumeration@e260766
2020-07-09 01:19:16,050 [main] INFO  net.NodeSchemaLoader (NodeSchemaLoader.java:loadSchema(172)) - Loading network topology layer schema file
2020-07-09 01:19:16,120 [main] INFO  node.SCMNodeManager (SCMNodeManager.java:<init>(116)) - Entering startup safe mode.
2020-07-09 01:19:16,280 [main] INFO  algorithms.ContainerPlacementPolicyFactory (ContainerPlacementPolicyFactory.java:getPolicy(60)) - Create container placement policy of type org.apache.hadoop.hdds.scm.container.placement.algorithms.SCMContainerPlacementRandom
2020-07-09 01:19:16,315 [main] INFO  pipeline.SCMPipelineManager (SCMPipelineManager.java:initializePipelineState(158)) - No pipeline exists in current db
2020-07-09 01:19:16,388 [main] INFO  safemode.HealthyPipelineSafeModeRule (HealthyPipelineSafeModeRule.java:<init>(89)) - Total pipeline count is 0, healthy pipeline threshold count is 0
2020-07-09 01:19:16,391 [main] INFO  safemode.OneReplicaPipelineSafeModeRule (OneReplicaPipelineSafeModeRule.java:<init>(79)) - Total pipeline count is 0, pipeline's with at least one datanode reported threshold count is 0
2020-07-09 01:19:16,431 [RatisPipelineUtilsThread] ERROR pipeline.SCMPipelineManager (SCMPipelineManager.java:createPipeline(222)) - Failed to create pipeline of type RATIS and factor ONE. Exception: Cannot create pipeline of factor 1 using 0 nodes. Used 0 nodes. Healthy nodes 0
2020-07-09 01:19:16,773 [main] INFO  ipc.CallQueueManager (CallQueueManager.java:<init>(84)) - Using callQueue: class java.util.concurrent.LinkedBlockingQueue, queueCapacity: 2000, scheduler: class org.apache.hadoop.ipc.DefaultRpcScheduler, ipcBackoff: false.
2020-07-09 01:19:16,798 [Socket Reader #1 for port 0] INFO  ipc.Server (Server.java:run(1219)) - Starting Socket Reader #1 for port 0
2020-07-09 01:19:16,826 [Listener at 0.0.0.0/45223] INFO  ipc.CallQueueManager (CallQueueManager.java:<init>(84)) - Using callQueue: class java.util.concurrent.LinkedBlockingQueue, queueCapacity: 2000, scheduler: class org.apache.hadoop.ipc.DefaultRpcScheduler, ipcBackoff: false.
2020-07-09 01:19:16,827 [Socket Reader #1 for port 0] INFO  ipc.Server (Server.java:run(1219)) - Starting Socket Reader #1 for port 0
2020-07-09 01:19:16,839 [Listener at 0.0.0.0/39513] INFO  ipc.CallQueueManager (CallQueueManager.java:<init>(84)) - Using callQueue: class java.util.concurrent.LinkedBlockingQueue, queueCapacity: 2000, scheduler: class org.apache.hadoop.ipc.DefaultRpcScheduler, ipcBackoff: false.
2020-07-09 01:19:16,843 [Socket Reader #1 for port 0] INFO  ipc.Server (Server.java:run(1219)) - Starting Socket Reader #1 for port 0
2020-07-09 01:19:16,863 [Listener at 0.0.0.0/38511] INFO  http.BaseHttpServer (BaseHttpServer.java:newHttpServer2BuilderForOzone(207)) - Starting Web-server for scm at: http://0.0.0.0:0
2020-07-09 01:19:16,864 [Listener at 0.0.0.0/38511] INFO  http.BaseHttpServer (BaseHttpServer.java:<init>(106)) - Hadoop Security Enabled: false Ozone Security Enabled: false Ozone HTTP Security Enabled: false 
2020-07-09 01:19:16,890 [Listener at 0.0.0.0/38511] INFO  util.log (Log.java:initialized(169)) - Logging initialized @2273ms to org.eclipse.jetty.util.log.Slf4jLog
2020-07-09 01:19:17,022 [Listener at 0.0.0.0/38511] INFO  server.AuthenticationFilter (AuthenticationFilter.java:constructSecretProvider(240)) - Unable to initialize FileSignerSecretProvider, falling back to use random secrets.
2020-07-09 01:19:17,038 [Listener at 0.0.0.0/38511] WARN  http.HttpRequestLog (HttpRequestLog.java:getRequestLog(103)) - Jetty request log can only be enabled using Log4j
2020-07-09 01:19:17,045 [Listener at 0.0.0.0/38511] INFO  http.HttpServer2 (HttpServer2.java:addGlobalFilter(998)) - Added global filter 'safety' (class=org.apache.hadoop.hdds.server.http.HttpServer2$QuotingInputFilter)
2020-07-09 01:19:17,048 [Listener at 0.0.0.0/38511] INFO  http.HttpServer2 (HttpServer2.java:addFilter(974)) - Added filter static_user_filter (class=org.apache.hadoop.http.lib.StaticUserWebFilter$StaticUserFilter) to context scm
2020-07-09 01:19:17,048 [Listener at 0.0.0.0/38511] INFO  http.HttpServer2 (HttpServer2.java:addFilter(982)) - Added filter static_user_filter (class=org.apache.hadoop.http.lib.StaticUserWebFilter$StaticUserFilter) to context static
2020-07-09 01:19:17,049 [Listener at 0.0.0.0/38511] INFO  http.HttpServer2 (HttpServer2.java:addFilter(982)) - Added filter static_user_filter (class=org.apache.hadoop.http.lib.StaticUserWebFilter$StaticUserFilter) to context logs
2020-07-09 01:19:17,103 [Listener at 0.0.0.0/38511] INFO  server.StorageContainerManager (StorageContainerManager.java:start(782)) - StorageContainerLocationProtocol RPC server is listening at /0.0.0.0:38511
2020-07-09 01:19:17,158 [Listener at 0.0.0.0/38511] WARN  impl.MetricsConfig (MetricsConfig.java:loadFirst(134)) - Cannot locate configuration: tried hadoop-metrics2-storagecontainermanager.properties,hadoop-metrics2.properties
2020-07-09 01:19:17,177 [Listener at 0.0.0.0/38511] INFO  impl.MetricsSystemImpl (MetricsSystemImpl.java:startTimer(374)) - Scheduled Metric snapshot period at 10 second(s).
2020-07-09 01:19:17,177 [Listener at 0.0.0.0/38511] INFO  impl.MetricsSystemImpl (MetricsSystemImpl.java:start(191)) - StorageContainerManager metrics system started
2020-07-09 01:19:17,407 [Listener at 0.0.0.0/38511] INFO  server.SCMClientProtocolServer (SCMClientProtocolServer.java:start(156)) - RPC server for Client  is listening at /0.0.0.0:38511
2020-07-09 01:19:17,409 [IPC Server Responder] INFO  ipc.Server (Server.java:run(1460)) - IPC Server Responder: starting
2020-07-09 01:19:17,412 [IPC Server listener on 0] INFO  ipc.Server (Server.java:run(1298)) - IPC Server listener on 0: starting
2020-07-09 01:19:17,420 [Listener at 0.0.0.0/38511] INFO  server.StorageContainerManager (StorageContainerManager.java:start(794)) - ScmBlockLocationProtocol RPC server is listening at /0.0.0.0:39513
2020-07-09 01:19:17,421 [Listener at 0.0.0.0/38511] INFO  server.SCMBlockProtocolServer (SCMBlockProtocolServer.java:start(149)) - RPC server for Block Protocol is listening at /0.0.0.0:39513
2020-07-09 01:19:17,423 [IPC Server Responder] INFO  ipc.Server (Server.java:run(1460)) - IPC Server Responder: starting
2020-07-09 01:19:17,423 [IPC Server listener on 0] INFO  ipc.Server (Server.java:run(1298)) - IPC Server listener on 0: starting
2020-07-09 01:19:17,430 [Listener at 0.0.0.0/38511] INFO  server.StorageContainerManager (StorageContainerManager.java:start(800)) - ScmDatanodeProtocl RPC server is listening at /0.0.0.0:45223
2020-07-09 01:19:17,430 [Listener at 0.0.0.0/38511] INFO  server.SCMDatanodeProtocolServer (SCMDatanodeProtocolServer.java:start(172)) - RPC server for DataNodes is listening at /0.0.0.0:45223
2020-07-09 01:19:17,431 [IPC Server Responder] INFO  ipc.Server (Server.java:run(1460)) - IPC Server Responder: starting
2020-07-09 01:19:17,431 [IPC Server listener on 0] INFO  ipc.Server (Server.java:run(1298)) - IPC Server listener on 0: starting
2020-07-09 01:19:17,436 [Listener at 0.0.0.0/38511] INFO  http.HttpServer2 (HttpServer2.java:bindListener(1216)) - Jetty bound to port 44759
2020-07-09 01:19:17,437 [Listener at 0.0.0.0/38511] INFO  server.Server (Server.java:doStart(359)) - jetty-9.4.26.v20200117; built: 2020-01-17T12:35:33.676Z; git: 7b38981d25d14afb4a12ff1f2596756144edf695; jvm 1.8.0_232-b09
2020-07-09 01:19:17,475 [Listener at 0.0.0.0/38511] INFO  server.session (DefaultSessionIdManager.java:doStart(333)) - DefaultSessionIdManager workerName=node0
2020-07-09 01:19:17,476 [Listener at 0.0.0.0/38511] INFO  server.session (DefaultSessionIdManager.java:doStart(338)) - No SessionScavenger set, using defaults
2020-07-09 01:19:17,477 [Listener at 0.0.0.0/38511] INFO  server.session (HouseKeeper.java:startScavenging(140)) - node0 Scavenging every 660000ms
2020-07-09 01:19:17,490 [Listener at 0.0.0.0/38511] INFO  handler.ContextHandler (ContextHandler.java:doStart(825)) - Started o.e.j.s.ServletContextHandler@ab24484{logs,/logs,file:///github/workspace/mnt/ozone/hadoop-ozone/integration-test/target/log,AVAILABLE}
2020-07-09 01:19:17,491 [Listener at 0.0.0.0/38511] INFO  handler.ContextHandler (ContextHandler.java:doStart(825)) - Started o.e.j.s.ServletContextHandler@41d16cc3{static,/static,file:///github/workspace/mnt/ozone/hadoop-ozone/integration-test/target/test-classes/webapps/static,AVAILABLE}
2020-07-09 01:19:17,538 [Listener at 0.0.0.0/38511] INFO  handler.ContextHandler (ContextHandler.java:doStart(825)) - Started o.e.j.w.WebAppContext@21a46ff1{scm,/,file:///github/workspace/mnt/ozone/hadoop-ozone/integration-test/target/test-classes/webapps/scm/,AVAILABLE}{file:/github/workspace/mnt/ozone/hadoop-ozone/integration-test/target/test-classes/webapps/scm}
2020-07-09 01:19:17,545 [Listener at 0.0.0.0/38511] INFO  server.AbstractConnector (AbstractConnector.java:doStart(330)) - Started ServerConnector@1dad01fe{HTTP/1.1,[http/1.1]}{0.0.0.0:44759}
2020-07-09 01:19:17,546 [Listener at 0.0.0.0/38511] INFO  server.Server (Server.java:doStart(399)) - Started @2929ms
2020-07-09 01:19:17,548 [Listener at 0.0.0.0/38511] INFO  impl.MetricsSinkAdapter (MetricsSinkAdapter.java:start(204)) - Sink prometheus started
2020-07-09 01:19:17,548 [Listener at 0.0.0.0/38511] INFO  impl.MetricsSystemImpl (MetricsSystemImpl.java:registerSink(301)) - Registered sink prometheus
2020-07-09 01:19:17,553 [Listener at 0.0.0.0/38511] INFO  http.BaseHttpServer (BaseHttpServer.java:updateConnectorAddress(327)) - HTTP server of scm listening at http://0.0.0.0:44759
2020-07-09 01:19:17,558 [Listener at 0.0.0.0/38511] WARN  server.ServerUtils (ServerUtils.java:getDBPath(225)) - ozone.om.db.dirs is not configured. We recommend adding this setting. Falling back to ozone.metadata.dirs instead.
2020-07-09 01:19:17,570 [org.apache.hadoop.util.JvmPauseMonitor$Monitor@31efacad] INFO  util.JvmPauseMonitor (JvmPauseMonitor.java:run(188)) - Starting JVM pause monitor
2020-07-09 01:19:17,658 [Listener at 0.0.0.0/38511] INFO  ha.OMHANodeDetails (OMHANodeDetails.java:loadOMHAConfig(104)) - ozone.om.internal.service.id is not defined, falling back to ozone.om.service.ids to find serviceID for OzoneManager if it is HA enabled cluster
2020-07-09 01:19:17,662 [Listener at 0.0.0.0/38511] INFO  ha.OMHANodeDetails (OMHANodeDetails.java:loadOMHAConfig(213)) - Configuration either no ozone.om.address set. Falling back to the default OM address /127.0.0.1:0
2020-07-09 01:19:17,662 [Listener at 0.0.0.0/38511] INFO  ha.OMHANodeDetails (OMHANodeDetails.java:getOMNodeDetails(241)) - OM Service ID is not set. Setting it to the default ID: omServiceIdDefault
2020-07-09 01:19:17,667 [Listener at 0.0.0.0/38511] WARN  server.ServerUtils (ServerUtils.java:getDBPath(225)) - ozone.om.db.dirs is not configured. We recommend adding this setting. Falling back to ozone.metadata.dirs instead.
2020-07-09 01:19:17,667 [Listener at 0.0.0.0/38511] WARN  server.ServerUtils (ServerUtils.java:getDBPath(225)) - ozone.om.db.dirs is not configured. We recommend adding this setting. Falling back to ozone.metadata.dirs instead.
2020-07-09 01:19:18,423 [Listener at 0.0.0.0/38511] WARN  server.ServerUtils (ServerUtils.java:getDBPath(225)) - ozone.om.db.dirs is not configured. We recommend adding this setting. Falling back to ozone.metadata.dirs instead.
2020-07-09 01:19:18,569 [Listener at 0.0.0.0/38511] INFO  ipc.CallQueueManager (CallQueueManager.java:<init>(84)) - Using callQueue: class java.util.concurrent.LinkedBlockingQueue, queueCapacity: 2000, scheduler: class org.apache.hadoop.ipc.DefaultRpcScheduler, ipcBackoff: false.
2020-07-09 01:19:18,570 [Socket Reader #1 for port 0] INFO  ipc.Server (Server.java:run(1219)) - Starting Socket Reader #1 for port 0
2020-07-09 01:19:18,599 [Listener at 127.0.0.1/39385] INFO  impl.MetricsSystemImpl (MetricsSystemImpl.java:init(158)) - OzoneManager metrics system started (again)
2020-07-09 01:19:18,601 [Listener at 127.0.0.1/39385] INFO  om.OzoneManager (OzoneManager.java:start(1083)) - OzoneManager RPC server is listening at localhost/127.0.0.1:39385
2020-07-09 01:19:18,622 [IPC Server Responder] INFO  ipc.Server (Server.java:run(1460)) - IPC Server Responder: starting
2020-07-09 01:19:18,623 [IPC Server listener on 0] INFO  ipc.Server (Server.java:run(1298)) - IPC Server listener on 0: starting
2020-07-09 01:19:18,637 [Listener at 127.0.0.1/39385] INFO  http.BaseHttpServer (BaseHttpServer.java:newHttpServer2BuilderForOzone(207)) - Starting Web-server for ozoneManager at: http://0.0.0.0:0
2020-07-09 01:19:18,637 [Listener at 127.0.0.1/39385] INFO  http.BaseHttpServer (BaseHttpServer.java:<init>(106)) - Hadoop Security Enabled: false Ozone Security Enabled: false Ozone HTTP Security Enabled: false 
2020-07-09 01:19:18,638 [Listener at 127.0.0.1/39385] INFO  server.AuthenticationFilter (AuthenticationFilter.java:constructSecretProvider(240)) - Unable to initialize FileSignerSecretProvider, falling back to use random secrets.
2020-07-09 01:19:18,639 [Listener at 127.0.0.1/39385] WARN  http.HttpRequestLog (HttpRequestLog.java:getRequestLog(103)) - Jetty request log can only be enabled using Log4j
2020-07-09 01:19:18,640 [Listener at 127.0.0.1/39385] INFO  http.HttpServer2 (HttpServer2.java:addGlobalFilter(998)) - Added global filter 'safety' (class=org.apache.hadoop.hdds.server.http.HttpServer2$QuotingInputFilter)
2020-07-09 01:19:18,641 [Listener at 127.0.0.1/39385] INFO  http.HttpServer2 (HttpServer2.java:addFilter(974)) - Added filter static_user_filter (class=org.apache.hadoop.http.lib.StaticUserWebFilter$StaticUserFilter) to context ozoneManager
2020-07-09 01:19:18,641 [Listener at 127.0.0.1/39385] INFO  http.HttpServer2 (HttpServer2.java:addFilter(982)) - Added filter static_user_filter (class=org.apache.hadoop.http.lib.StaticUserWebFilter$StaticUserFilter) to context logs
2020-07-09 01:19:18,642 [Listener at 127.0.0.1/39385] INFO  http.HttpServer2 (HttpServer2.java:addFilter(982)) - Added filter static_user_filter (class=org.apache.hadoop.http.lib.StaticUserWebFilter$StaticUserFilter) to context static
2020-07-09 01:19:18,645 [Listener at 127.0.0.1/39385] INFO  http.HttpServer2 (HttpServer2.java:bindListener(1216)) - Jetty bound to port 36829
2020-07-09 01:19:18,645 [Listener at 127.0.0.1/39385] INFO  server.Server (Server.java:doStart(359)) - jetty-9.4.26.v20200117; built: 2020-01-17T12:35:33.676Z; git: 7b38981d25d14afb4a12ff1f2596756144edf695; jvm 1.8.0_232-b09
2020-07-09 01:19:18,648 [Listener at 127.0.0.1/39385] INFO  server.session (DefaultSessionIdManager.java:doStart(333)) - DefaultSessionIdManager workerName=node0
2020-07-09 01:19:18,648 [Listener at 127.0.0.1/39385] INFO  server.session (DefaultSessionIdManager.java:doStart(338)) - No SessionScavenger set, using defaults
2020-07-09 01:19:18,648 [Listener at 127.0.0.1/39385] INFO  server.session (HouseKeeper.java:startScavenging(140)) - node0 Scavenging every 660000ms
2020-07-09 01:19:18,650 [Listener at 127.0.0.1/39385] INFO  handler.ContextHandler (ContextHandler.java:doStart(825)) - Started o.e.j.s.ServletContextHandler@7ea039b4{logs,/logs,file:///github/workspace/mnt/ozone/hadoop-ozone/integration-test/target/log,AVAILABLE}
2020-07-09 01:19:18,650 [Listener at 127.0.0.1/39385] INFO  handler.ContextHandler (ContextHandler.java:doStart(825)) - Started o.e.j.s.ServletContextHandler@1610c03c{static,/static,file:///github/workspace/mnt/ozone/hadoop-ozone/integration-test/target/test-classes/webapps/static,AVAILABLE}
2020-07-09 01:19:18,655 [Listener at 127.0.0.1/39385] INFO  handler.ContextHandler (ContextHandler.java:doStart(825)) - Started o.e.j.w.WebAppContext@2336d3f{ozoneManager,/,file:///github/workspace/mnt/ozone/hadoop-ozone/integration-test/target/test-classes/webapps/ozoneManager/,AVAILABLE}{file:/github/workspace/mnt/ozone/hadoop-ozone/integration-test/target/test-classes/webapps/ozoneManager}
2020-07-09 01:19:18,657 [Listener at 127.0.0.1/39385] INFO  server.AbstractConnector (AbstractConnector.java:doStart(330)) - Started ServerConnector@6556471b{HTTP/1.1,[http/1.1]}{0.0.0.0:36829}
2020-07-09 01:19:18,657 [Listener at 127.0.0.1/39385] INFO  server.Server (Server.java:doStart(399)) - Started @4040ms
2020-07-09 01:19:18,659 [Listener at 127.0.0.1/39385] WARN  impl.MetricsSystemImpl (MetricsSystemImpl.java:register(276)) - Sink prometheus already exists!
2020-07-09 01:19:18,662 [Listener at 127.0.0.1/39385] INFO  http.BaseHttpServer (BaseHttpServer.java:updateConnectorAddress(327)) - HTTP server of ozoneManager listening at http://0.0.0.0:36829
2020-07-09 01:19:18,670 [org.apache.hadoop.util.JvmPauseMonitor$Monitor@a6a2c20] INFO  util.JvmPauseMonitor (JvmPauseMonitor.java:run(188)) - Starting JVM pause monitor
2020-07-09 01:19:18,824 [Listener at 127.0.0.1/39385] INFO  metrics.MetricRegistries (MetricRegistriesLoader.java:load(64)) - Loaded MetricRegistries class org.apache.ratis.metrics.impl.MetricRegistriesImpl
2020-07-09 01:19:18,826 [Listener at 127.0.0.1/39385] INFO  impl.MetricsSystemImpl (MetricsSystemImpl.java:init(158)) - HddsDatanode metrics system started (again)
2020-07-09 01:19:18,833 [Listener at 127.0.0.1/39385] INFO  ozone.HddsDatanodeService (HddsDatanodeService.java:start(197)) - HddsDatanodeService host:848e8b8fb74f ip:172.17.0.2
2020-07-09 01:19:18,902 [Listener at 127.0.0.1/39385] INFO  volume.HddsVolume (HddsVolume.java:<init>(176)) - Creating Volume: /github/workspace/mnt/ozone/hadoop-ozone/integration-test/target/test-dir/MiniOzoneClusterImpl-513b5a01-9d99-4e7a-8fe1-3ea97a28e1a0/datanode-0/data-0/containers/hdds of storage type : DISK and capacity : 9223372036854775807
2020-07-09 01:19:18,905 [Listener at 127.0.0.1/39385] INFO  volume.MutableVolumeSet (MutableVolumeSet.java:initializeVolumeSet(181)) - Added Volume : /github/workspace/mnt/ozone/hadoop-ozone/integration-test/target/test-dir/MiniOzoneClusterImpl-513b5a01-9d99-4e7a-8fe1-3ea97a28e1a0/datanode-0/data-0/containers/hdds to VolumeSet
2020-07-09 01:19:18,906 [Listener at 127.0.0.1/39385] INFO  volume.ThrottledAsyncChecker (ThrottledAsyncChecker.java:schedule(141)) - Scheduling a check for /github/workspace/mnt/ozone/hadoop-ozone/integration-test/target/test-dir/MiniOzoneClusterImpl-513b5a01-9d99-4e7a-8fe1-3ea97a28e1a0/datanode-0/data-0/containers/hdds
2020-07-09 01:19:18,936 [Listener at 127.0.0.1/39385] INFO  volume.HddsVolumeChecker (HddsVolumeChecker.java:checkAllVolumes(200)) - Scheduled health check for volume /github/workspace/mnt/ozone/hadoop-ozone/integration-test/target/test-dir/MiniOzoneClusterImpl-513b5a01-9d99-4e7a-8fe1-3ea97a28e1a0/datanode-0/data-0/containers/hdds
2020-07-09 01:19:19,100 [Listener at 127.0.0.1/39385] INFO  impl.RaftServerProxy (ConfUtils.java:logGet(44)) - raft.rpc.type = GRPC (default)
2020-07-09 01:19:19,178 [Listener at 127.0.0.1/39385] INFO  grpc.GrpcFactory (GrpcFactory.java:checkPooledByteBufAllocatorUseCacheForAllThreads(45)) - PERFORMANCE WARNING: useCacheForAllThreads is true that may cause Netty to create a lot garbage objects and, as a result, trigger GC.
	It is recommended to disable useCacheForAllThreads by setting -Dorg.apache.ratis.thirdparty.io.netty.allocator.useCacheForAllThreads=false in command line.
2020-07-09 01:19:19,185 [Listener at 127.0.0.1/39385] INFO  grpc.GrpcConfigKeys (ConfUtils.java:logGet(44)) - raft.grpc.server.port = 0 (default)
2020-07-09 01:19:19,186 [Listener at 127.0.0.1/39385] INFO  server.GrpcService (ConfUtils.java:logGet(44)) - raft.grpc.message.size.max = 32MB (=33554432) (custom)
2020-07-09 01:19:19,187 [Listener at 127.0.0.1/39385] INFO  server.RaftServerConfigKeys (ConfUtils.java:logGet(44)) - raft.server.log.appender.buffer.byte-limit = 33554432 (custom)
2020-07-09 01:19:19,188 [Listener at 127.0.0.1/39385] INFO  server.GrpcService (ConfUtils.java:logGet(44)) - raft.grpc.flow.control.window = 5MB (=5242880) (custom)
2020-07-09 01:19:19,189 [Listener at 127.0.0.1/39385] INFO  server.RaftServerConfigKeys (ConfUtils.java:logGet(44)) - raft.server.rpc.request.timeout = 3000ms (default)
2020-07-09 01:19:19,445 [Listener at 127.0.0.1/39385] INFO  server.RaftServerConfigKeys (ConfUtils.java:logGet(44)) - raft.server.storage.dir = [/github/workspace/mnt/ozone/hadoop-ozone/integration-test/target/test-dir/MiniOzoneClusterImpl-513b5a01-9d99-4e7a-8fe1-3ea97a28e1a0/datanode-0/data/ratis] (custom)
2020-07-09 01:19:19,536 [Listener at 127.0.0.1/39385] INFO  http.BaseHttpServer (BaseHttpServer.java:newHttpServer2BuilderForOzone(207)) - Starting Web-server for hddsDatanode at: http://0.0.0.0:0
2020-07-09 01:19:19,536 [Listener at 127.0.0.1/39385] INFO  http.BaseHttpServer (BaseHttpServer.java:<init>(106)) - Hadoop Security Enabled: false Ozone Security Enabled: false Ozone HTTP Security Enabled: false 
2020-07-09 01:19:19,538 [Listener at 127.0.0.1/39385] INFO  server.AuthenticationFilter (AuthenticationFilter.java:constructSecretProvider(240)) - Unable to initialize FileSignerSecretProvider, falling back to use random secrets.
2020-07-09 01:19:19,538 [Listener at 127.0.0.1/39385] WARN  http.HttpRequestLog (HttpRequestLog.java:getRequestLog(103)) - Jetty request log can only be enabled using Log4j
2020-07-09 01:19:19,541 [Listener at 127.0.0.1/39385] INFO  http.HttpServer2 (HttpServer2.java:addGlobalFilter(998)) - Added global filter 'safety' (class=org.apache.hadoop.hdds.server.http.HttpServer2$QuotingInputFilter)
2020-07-09 01:19:19,543 [Listener at 127.0.0.1/39385] INFO  http.HttpServer2 (HttpServer2.java:addFilter(974)) - Added filter static_user_filter (class=org.apache.hadoop.http.lib.StaticUserWebFilter$StaticUserFilter) to context hddsDatanode
2020-07-09 01:19:19,543 [Listener at 127.0.0.1/39385] INFO  http.HttpServer2 (HttpServer2.java:addFilter(982)) - Added filter static_user_filter (class=org.apache.hadoop.http.lib.StaticUserWebFilter$StaticUserFilter) to context static
2020-07-09 01:19:19,543 [Listener at 127.0.0.1/39385] INFO  http.HttpServer2 (HttpServer2.java:addFilter(982)) - Added filter static_user_filter (class=org.apache.hadoop.http.lib.StaticUserWebFilter$StaticUserFilter) to context logs
2020-07-09 01:19:19,549 [Listener at 127.0.0.1/39385] INFO  http.HttpServer2 (HttpServer2.java:bindListener(1216)) - Jetty bound to port 34065
2020-07-09 01:19:19,550 [Listener at 127.0.0.1/39385] INFO  server.Server (Server.java:doStart(359)) - jetty-9.4.26.v20200117; built: 2020-01-17T12:35:33.676Z; git: 7b38981d25d14afb4a12ff1f2596756144edf695; jvm 1.8.0_232-b09
2020-07-09 01:19:19,562 [Listener at 127.0.0.1/39385] INFO  server.session (DefaultSessionIdManager.java:doStart(333)) - DefaultSessionIdManager workerName=node0
2020-07-09 01:19:19,562 [Listener at 127.0.0.1/39385] INFO  server.session (DefaultSessionIdManager.java:doStart(338)) - No SessionScavenger set, using defaults
2020-07-09 01:19:19,562 [Listener at 127.0.0.1/39385] INFO  server.session (HouseKeeper.java:startScavenging(140)) - node0 Scavenging every 660000ms
2020-07-09 01:19:19,563 [Listener at 127.0.0.1/39385] INFO  handler.ContextHandler (ContextHandler.java:doStart(825)) - Started o.e.j.s.ServletContextHandler@3f13720f{logs,/logs,file:///github/workspace/mnt/ozone/hadoop-ozone/integration-test/target/log,AVAILABLE}
2020-07-09 01:19:19,564 [Listener at 127.0.0.1/39385] INFO  handler.ContextHandler (ContextHandler.java:doStart(825)) - Started o.e.j.s.ServletContextHandler@62d4dac4{static,/static,jar:file:/home/user/.m2/repository/org/apache/hadoop/hadoop-hdds-container-service/0.6.0-SNAPSHOT/hadoop-hdds-container-service-0.6.0-SNAPSHOT.jar!/webapps/static,AVAILABLE}
2020-07-09 01:19:19,587 [Listener at 127.0.0.1/39385] INFO  handler.ContextHandler (ContextHandler.java:doStart(825)) - Started o.e.j.w.WebAppContext@4d6f951a{hddsDatanode,/,file:///tmp/jetty-0_0_0_0-34065-hadoop-hdds-container-service-0_6_0-SNAPSHOT_jar-_-any-9139555345828282817.dir/webapp/,AVAILABLE}{jar:file:/home/user/.m2/repository/org/apache/hadoop/hadoop-hdds-container-service/0.6.0-SNAPSHOT/hadoop-hdds-container-service-0.6.0-SNAPSHOT.jar!/webapps/hddsDatanode}
2020-07-09 01:19:19,588 [Listener at 127.0.0.1/39385] INFO  server.AbstractConnector (AbstractConnector.java:doStart(330)) - Started ServerConnector@44b99467{HTTP/1.1,[http/1.1]}{0.0.0.0:34065}
2020-07-09 01:19:19,589 [Listener at 127.0.0.1/39385] INFO  server.Server (Server.java:doStart(399)) - Started @4972ms
2020-07-09 01:19:19,589 [Listener at 127.0.0.1/39385] WARN  impl.MetricsSystemImpl (MetricsSystemImpl.java:register(276)) - Sink prometheus already exists!
2020-07-09 01:19:19,593 [Listener at 127.0.0.1/39385] INFO  http.BaseHttpServer (BaseHttpServer.java:updateConnectorAddress(327)) - HTTP server of hddsDatanode listening at http://0.0.0.0:34065
2020-07-09 01:19:19,594 [Listener at 127.0.0.1/39385] INFO  impl.MetricsSystemImpl (MetricsSystemImpl.java:init(158)) - HddsDatanode metrics system started (again)
2020-07-09 01:19:19,595 [Listener at 127.0.0.1/39385] INFO  ozone.HddsDatanodeService (HddsDatanodeService.java:start(197)) - HddsDatanodeService host:848e8b8fb74f ip:172.17.0.2
2020-07-09 01:19:19,597 [Listener at 127.0.0.1/39385] INFO  volume.HddsVolume (HddsVolume.java:<init>(176)) - Creating Volume: /github/workspace/mnt/ozone/hadoop-ozone/integration-test/target/test-dir/MiniOzoneClusterImpl-513b5a01-9d99-4e7a-8fe1-3ea97a28e1a0/datanode-1/data-0/containers/hdds of storage type : DISK and capacity : 9223372036854775807
2020-07-09 01:19:19,597 [Listener at 127.0.0.1/39385] INFO  volume.MutableVolumeSet (MutableVolumeSet.java:initializeVolumeSet(181)) - Added Volume : /github/workspace/mnt/ozone/hadoop-ozone/integration-test/target/test-dir/MiniOzoneClusterImpl-513b5a01-9d99-4e7a-8fe1-3ea97a28e1a0/datanode-1/data-0/containers/hdds to VolumeSet
2020-07-09 01:19:19,597 [Listener at 127.0.0.1/39385] INFO  volume.ThrottledAsyncChecker (ThrottledAsyncChecker.java:schedule(141)) - Scheduling a check for /github/workspace/mnt/ozone/hadoop-ozone/integration-test/target/test-dir/MiniOzoneClusterImpl-513b5a01-9d99-4e7a-8fe1-3ea97a28e1a0/datanode-1/data-0/containers/hdds
2020-07-09 01:19:19,603 [Listener at 127.0.0.1/39385] INFO  volume.HddsVolumeChecker (HddsVolumeChecker.java:checkAllVolumes(200)) - Scheduled health check for volume /github/workspace/mnt/ozone/hadoop-ozone/integration-test/target/test-dir/MiniOzoneClusterImpl-513b5a01-9d99-4e7a-8fe1-3ea97a28e1a0/datanode-1/data-0/containers/hdds
2020-07-09 01:19:19,625 [Listener at 127.0.0.1/39385] INFO  impl.RaftServerProxy (ConfUtils.java:logGet(44)) - raft.rpc.type = GRPC (default)
2020-07-09 01:19:19,626 [Listener at 127.0.0.1/39385] INFO  grpc.GrpcFactory (GrpcFactory.java:checkPooledByteBufAllocatorUseCacheForAllThreads(45)) - PERFORMANCE WARNING: useCacheForAllThreads is true that may cause Netty to create a lot garbage objects and, as a result, trigger GC.
	It is recommended to disable useCacheForAllThreads by setting -Dorg.apache.ratis.thirdparty.io.netty.allocator.useCacheForAllThreads=false in command line.
2020-07-09 01:19:19,626 [Listener at 127.0.0.1/39385] INFO  grpc.GrpcConfigKeys (ConfUtils.java:logGet(44)) - raft.grpc.server.port = 0 (default)
2020-07-09 01:19:19,626 [Listener at 127.0.0.1/39385] INFO  server.GrpcService (ConfUtils.java:logGet(44)) - raft.grpc.message.size.max = 32MB (=33554432) (custom)
2020-07-09 01:19:19,626 [Listener at 127.0.0.1/39385] INFO  server.RaftServerConfigKeys (ConfUtils.java:logGet(44)) - raft.server.log.appender.buffer.byte-limit = 33554432 (custom)
2020-07-09 01:19:19,627 [Listener at 127.0.0.1/39385] INFO  server.GrpcService (ConfUtils.java:logGet(44)) - raft.grpc.flow.control.window = 5MB (=5242880) (custom)
2020-07-09 01:19:19,627 [Listener at 127.0.0.1/39385] INFO  server.RaftServerConfigKeys (ConfUtils.java:logGet(44)) - raft.server.rpc.request.timeout = 3000ms (default)
2020-07-09 01:19:19,629 [Listener at 127.0.0.1/39385] INFO  server.RaftServerConfigKeys (ConfUtils.java:logGet(44)) - raft.server.storage.dir = [/github/workspace/mnt/ozone/hadoop-ozone/integration-test/target/test-dir/MiniOzoneClusterImpl-513b5a01-9d99-4e7a-8fe1-3ea97a28e1a0/datanode-1/data/ratis] (custom)
2020-07-09 01:19:19,634 [Listener at 127.0.0.1/39385] INFO  http.BaseHttpServer (BaseHttpServer.java:newHttpServer2BuilderForOzone(207)) - Starting Web-server for hddsDatanode at: http://0.0.0.0:0
2020-07-09 01:19:19,635 [Listener at 127.0.0.1/39385] INFO  http.BaseHttpServer (BaseHttpServer.java:<init>(106)) - Hadoop Security Enabled: false Ozone Security Enabled: false Ozone HTTP Security Enabled: false 
2020-07-09 01:19:19,636 [Listener at 127.0.0.1/39385] INFO  server.AuthenticationFilter (AuthenticationFilter.java:constructSecretProvider(240)) - Unable to initialize FileSignerSecretProvider, falling back to use random secrets.
2020-07-09 01:19:19,645 [org.apache.hadoop.util.JvmPauseMonitor$Monitor@3ea9edd3] INFO  util.JvmPauseMonitor (JvmPauseMonitor.java:run(188)) - Starting JVM pause monitor
2020-07-09 01:19:19,651 [Listener at 127.0.0.1/39385] WARN  http.HttpRequestLog (HttpRequestLog.java:getRequestLog(103)) - Jetty request log can only be enabled using Log4j
2020-07-09 01:19:19,652 [Listener at 127.0.0.1/39385] INFO  http.HttpServer2 (HttpServer2.java:addGlobalFilter(998)) - Added global filter 'safety' (class=org.apache.hadoop.hdds.server.http.HttpServer2$QuotingInputFilter)
2020-07-09 01:19:19,653 [Listener at 127.0.0.1/39385] INFO  http.HttpServer2 (HttpServer2.java:addFilter(974)) - Added filter static_user_filter (class=org.apache.hadoop.http.lib.StaticUserWebFilter$StaticUserFilter) to context hddsDatanode
2020-07-09 01:19:19,653 [Listener at 127.0.0.1/39385] INFO  http.HttpServer2 (HttpServer2.java:addFilter(982)) - Added filter static_user_filter (class=org.apache.hadoop.http.lib.StaticUserWebFilter$StaticUserFilter) to context static
2020-07-09 01:19:19,653 [Listener at 127.0.0.1/39385] INFO  http.HttpServer2 (HttpServer2.java:addFilter(982)) - Added filter static_user_filter (class=org.apache.hadoop.http.lib.StaticUserWebFilter$StaticUserFilter) to context logs
2020-07-09 01:19:19,653 [Listener at 127.0.0.1/39385] INFO  http.HttpServer2 (HttpServer2.java:bindListener(1216)) - Jetty bound to port 42525
2020-07-09 01:19:19,653 [Listener at 127.0.0.1/39385] INFO  server.Server (Server.java:doStart(359)) - jetty-9.4.26.v20200117; built: 2020-01-17T12:35:33.676Z; git: 7b38981d25d14afb4a12ff1f2596756144edf695; jvm 1.8.0_232-b09
2020-07-09 01:19:19,715 [Listener at 127.0.0.1/39385] INFO  server.session (DefaultSessionIdManager.java:doStart(333)) - DefaultSessionIdManager workerName=node0
2020-07-09 01:19:19,715 [Listener at 127.0.0.1/39385] INFO  server.session (DefaultSessionIdManager.java:doStart(338)) - No SessionScavenger set, using defaults
2020-07-09 01:19:19,715 [Listener at 127.0.0.1/39385] INFO  server.session (HouseKeeper.java:startScavenging(140)) - node0 Scavenging every 600000ms
2020-07-09 01:19:19,723 [Listener at 127.0.0.1/39385] INFO  handler.ContextHandler (ContextHandler.java:doStart(825)) - Started o.e.j.s.ServletContextHandler@5e2ab1c{logs,/logs,file:///github/workspace/mnt/ozone/hadoop-ozone/integration-test/target/log,AVAILABLE}
2020-07-09 01:19:19,723 [Listener at 127.0.0.1/39385] INFO  handler.ContextHandler (ContextHandler.java:doStart(825)) - Started o.e.j.s.ServletContextHandler@29ec5005{static,/static,jar:file:/home/user/.m2/repository/org/apache/hadoop/hadoop-hdds-container-service/0.6.0-SNAPSHOT/hadoop-hdds-container-service-0.6.0-SNAPSHOT.jar!/webapps/static,AVAILABLE}
2020-07-09 01:19:19,763 [Listener at 127.0.0.1/39385] INFO  handler.ContextHandler (ContextHandler.java:doStart(825)) - Started o.e.j.w.WebAppContext@37e15055{hddsDatanode,/,file:///tmp/jetty-0_0_0_0-42525-hadoop-hdds-container-service-0_6_0-SNAPSHOT_jar-_-any-5181197408547017982.dir/webapp/,AVAILABLE}{jar:file:/home/user/.m2/repository/org/apache/hadoop/hadoop-hdds-container-service/0.6.0-SNAPSHOT/hadoop-hdds-container-service-0.6.0-SNAPSHOT.jar!/webapps/hddsDatanode}
2020-07-09 01:19:19,768 [Datanode State Machine Thread - 0] INFO  datanode.InitDatanodeState (InitDatanodeState.java:persistContainerDatanodeDetails(145)) - DatanodeDetails is persisted to /github/workspace/mnt/ozone/hadoop-ozone/integration-test/target/test-dir/MiniOzoneClusterImpl-513b5a01-9d99-4e7a-8fe1-3ea97a28e1a0/datanode-0/meta/datanode.id
2020-07-09 01:19:19,771 [Listener at 127.0.0.1/39385] INFO  server.AbstractConnector (AbstractConnector.java:doStart(330)) - Started ServerConnector@221961f2{HTTP/1.1,[http/1.1]}{0.0.0.0:42525}
2020-07-09 01:19:19,772 [Listener at 127.0.0.1/39385] INFO  server.Server (Server.java:doStart(399)) - Started @5155ms
2020-07-09 01:19:19,773 [Listener at 127.0.0.1/39385] WARN  impl.MetricsSystemImpl (MetricsSystemImpl.java:register(276)) - Sink prometheus already exists!
2020-07-09 01:19:19,776 [Listener at 127.0.0.1/39385] INFO  http.BaseHttpServer (BaseHttpServer.java:updateConnectorAddress(327)) - HTTP server of hddsDatanode listening at http://0.0.0.0:42525
2020-07-09 01:19:19,777 [Listener at 127.0.0.1/39385] INFO  impl.MetricsSystemImpl (MetricsSystemImpl.java:init(158)) - HddsDatanode metrics system started (again)
2020-07-09 01:19:19,778 [Listener at 127.0.0.1/39385] INFO  ozone.HddsDatanodeService (HddsDatanodeService.java:start(197)) - HddsDatanodeService host:848e8b8fb74f ip:172.17.0.2
2020-07-09 01:19:19,780 [Listener at 127.0.0.1/39385] INFO  volume.HddsVolume (HddsVolume.java:<init>(176)) - Creating Volume: /github/workspace/mnt/ozone/hadoop-ozone/integration-test/target/test-dir/MiniOzoneClusterImpl-513b5a01-9d99-4e7a-8fe1-3ea97a28e1a0/datanode-2/data-0/containers/hdds of storage type : DISK and capacity : 9223372036854775807
2020-07-09 01:19:19,780 [Listener at 127.0.0.1/39385] INFO  volume.MutableVolumeSet (MutableVolumeSet.java:initializeVolumeSet(181)) - Added Volume : /github/workspace/mnt/ozone/hadoop-ozone/integration-test/target/test-dir/MiniOzoneClusterImpl-513b5a01-9d99-4e7a-8fe1-3ea97a28e1a0/datanode-2/data-0/containers/hdds to VolumeSet
2020-07-09 01:19:19,780 [Listener at 127.0.0.1/39385] INFO  volume.ThrottledAsyncChecker (ThrottledAsyncChecker.java:schedule(141)) - Scheduling a check for /github/workspace/mnt/ozone/hadoop-ozone/integration-test/target/test-dir/MiniOzoneClusterImpl-513b5a01-9d99-4e7a-8fe1-3ea97a28e1a0/datanode-2/data-0/containers/hdds
2020-07-09 01:19:19,782 [Listener at 127.0.0.1/39385] INFO  volume.HddsVolumeChecker (HddsVolumeChecker.java:checkAllVolumes(200)) - Scheduled health check for volume /github/workspace/mnt/ozone/hadoop-ozone/integration-test/target/test-dir/MiniOzoneClusterImpl-513b5a01-9d99-4e7a-8fe1-3ea97a28e1a0/datanode-2/data-0/containers/hdds
2020-07-09 01:19:19,803 [org.apache.hadoop.util.JvmPauseMonitor$Monitor@49c90904] INFO  util.JvmPauseMonitor (JvmPauseMonitor.java:run(188)) - Starting JVM pause monitor
2020-07-09 01:19:19,809 [Datanode State Machine Thread - 0] INFO  datanode.InitDatanodeState (InitDatanodeState.java:persistContainerDatanodeDetails(145)) - DatanodeDetails is persisted to /github/workspace/mnt/ozone/hadoop-ozone/integration-test/target/test-dir/MiniOzoneClusterImpl-513b5a01-9d99-4e7a-8fe1-3ea97a28e1a0/datanode-1/meta/datanode.id
2020-07-09 01:19:19,812 [Listener at 127.0.0.1/39385] INFO  impl.RaftServerProxy (ConfUtils.java:logGet(44)) - raft.rpc.type = GRPC (default)
2020-07-09 01:19:19,814 [Listener at 127.0.0.1/39385] INFO  grpc.GrpcFactory (GrpcFactory.java:checkPooledByteBufAllocatorUseCacheForAllThreads(45)) - PERFORMANCE WARNING: useCacheForAllThreads is true that may cause Netty to create a lot garbage objects and, as a result, trigger GC.
	It is recommended to disable useCacheForAllThreads by setting -Dorg.apache.ratis.thirdparty.io.netty.allocator.useCacheForAllThreads=false in command line.
2020-07-09 01:19:19,814 [Listener at 127.0.0.1/39385] INFO  grpc.GrpcConfigKeys (ConfUtils.java:logGet(44)) - raft.grpc.server.port = 0 (default)
2020-07-09 01:19:19,815 [Listener at 127.0.0.1/39385] INFO  server.GrpcService (ConfUtils.java:logGet(44)) - raft.grpc.message.size.max = 32MB (=33554432) (custom)
2020-07-09 01:19:19,815 [Listener at 127.0.0.1/39385] INFO  server.RaftServerConfigKeys (ConfUtils.java:logGet(44)) - raft.server.log.appender.buffer.byte-limit = 33554432 (custom)
2020-07-09 01:19:19,815 [Listener at 127.0.0.1/39385] INFO  server.GrpcService (ConfUtils.java:logGet(44)) - raft.grpc.flow.control.window = 5MB (=5242880) (custom)
2020-07-09 01:19:19,815 [Listener at 127.0.0.1/39385] INFO  server.RaftServerConfigKeys (ConfUtils.java:logGet(44)) - raft.server.rpc.request.timeout = 3000ms (default)
2020-07-09 01:19:19,817 [Listener at 127.0.0.1/39385] INFO  server.RaftServerConfigKeys (ConfUtils.java:logGet(44)) - raft.server.storage.dir = [/github/workspace/mnt/ozone/hadoop-ozone/integration-test/target/test-dir/MiniOzoneClusterImpl-513b5a01-9d99-4e7a-8fe1-3ea97a28e1a0/datanode-2/data/ratis] (custom)
2020-07-09 01:19:19,823 [Listener at 127.0.0.1/39385] INFO  http.BaseHttpServer (BaseHttpServer.java:newHttpServer2BuilderForOzone(207)) - Starting Web-server for hddsDatanode at: http://0.0.0.0:0
2020-07-09 01:19:19,823 [Listener at 127.0.0.1/39385] INFO  http.BaseHttpServer (BaseHttpServer.java:<init>(106)) - Hadoop Security Enabled: false Ozone Security Enabled: false Ozone HTTP Security Enabled: false 
2020-07-09 01:19:19,825 [Listener at 127.0.0.1/39385] INFO  server.AuthenticationFilter (AuthenticationFilter.java:constructSecretProvider(240)) - Unable to initialize FileSignerSecretProvider, falling back to use random secrets.
2020-07-09 01:19:19,831 [Listener at 127.0.0.1/39385] WARN  http.HttpRequestLog (HttpRequestLog.java:getRequestLog(103)) - Jetty request log can only be enabled using Log4j
2020-07-09 01:19:19,832 [Listener at 127.0.0.1/39385] INFO  http.HttpServer2 (HttpServer2.java:addGlobalFilter(998)) - Added global filter 'safety' (class=org.apache.hadoop.hdds.server.http.HttpServer2$QuotingInputFilter)
2020-07-09 01:19:19,833 [Listener at 127.0.0.1/39385] INFO  http.HttpServer2 (HttpServer2.java:addFilter(974)) - Added filter static_user_filter (class=org.apache.hadoop.http.lib.StaticUserWebFilter$StaticUserFilter) to context hddsDatanode
2020-07-09 01:19:19,834 [Listener at 127.0.0.1/39385] INFO  http.HttpServer2 (HttpServer2.java:addFilter(982)) - Added filter static_user_filter (class=org.apache.hadoop.http.lib.StaticUserWebFilter$StaticUserFilter) to context logs
2020-07-09 01:19:19,834 [Listener at 127.0.0.1/39385] INFO  http.HttpServer2 (HttpServer2.java:addFilter(982)) - Added filter static_user_filter (class=org.apache.hadoop.http.lib.StaticUserWebFilter$StaticUserFilter) to context static
2020-07-09 01:19:19,835 [Listener at 127.0.0.1/39385] INFO  http.HttpServer2 (HttpServer2.java:bindListener(1216)) - Jetty bound to port 42931
2020-07-09 01:19:19,835 [Listener at 127.0.0.1/39385] INFO  server.Server (Server.java:doStart(359)) - jetty-9.4.26.v20200117; built: 2020-01-17T12:35:33.676Z; git: 7b38981d25d14afb4a12ff1f2596756144edf695; jvm 1.8.0_232-b09
2020-07-09 01:19:19,838 [Listener at 127.0.0.1/39385] INFO  server.session (DefaultSessionIdManager.java:doStart(333)) - DefaultSessionIdManager workerName=node0
2020-07-09 01:19:19,838 [Listener at 127.0.0.1/39385] INFO  server.session (DefaultSessionIdManager.java:doStart(338)) - No SessionScavenger set, using defaults
2020-07-09 01:19:19,838 [Listener at 127.0.0.1/39385] INFO  server.session (HouseKeeper.java:startScavenging(140)) - node0 Scavenging every 660000ms
2020-07-09 01:19:19,839 [Listener at 127.0.0.1/39385] INFO  handler.ContextHandler (ContextHandler.java:doStart(825)) - Started o.e.j.s.ServletContextHandler@6f28a07e{logs,/logs,file:///github/workspace/mnt/ozone/hadoop-ozone/integration-test/target/log,AVAILABLE}
2020-07-09 01:19:19,840 [Listener at 127.0.0.1/39385] INFO  handler.ContextHandler (ContextHandler.java:doStart(825)) - Started o.e.j.s.ServletContextHandler@498bfeec{static,/static,jar:file:/home/user/.m2/repository/org/apache/hadoop/hadoop-hdds-container-service/0.6.0-SNAPSHOT/hadoop-hdds-container-service-0.6.0-SNAPSHOT.jar!/webapps/static,AVAILABLE}
2020-07-09 01:19:19,863 [Listener at 127.0.0.1/39385] INFO  handler.ContextHandler (ContextHandler.java:doStart(825)) - Started o.e.j.w.WebAppContext@76ac8c3d{hddsDatanode,/,file:///tmp/jetty-0_0_0_0-42931-hadoop-hdds-container-service-0_6_0-SNAPSHOT_jar-_-any-6555131961512775926.dir/webapp/,AVAILABLE}{jar:file:/home/user/.m2/repository/org/apache/hadoop/hadoop-hdds-container-service/0.6.0-SNAPSHOT/hadoop-hdds-container-service-0.6.0-SNAPSHOT.jar!/webapps/hddsDatanode}
2020-07-09 01:19:19,867 [Listener at 127.0.0.1/39385] INFO  server.AbstractConnector (AbstractConnector.java:doStart(330)) - Started ServerConnector@661d49d1{HTTP/1.1,[http/1.1]}{0.0.0.0:42931}
2020-07-09 01:19:19,868 [Listener at 127.0.0.1/39385] INFO  server.Server (Server.java:doStart(399)) - Started @5250ms
2020-07-09 01:19:19,868 [Listener at 127.0.0.1/39385] WARN  impl.MetricsSystemImpl (MetricsSystemImpl.java:register(276)) - Sink prometheus already exists!
2020-07-09 01:19:19,871 [Listener at 127.0.0.1/39385] INFO  http.BaseHttpServer (BaseHttpServer.java:updateConnectorAddress(327)) - HTTP server of hddsDatanode listening at http://0.0.0.0:42931
2020-07-09 01:19:19,872 [Listener at 127.0.0.1/39385] INFO  impl.MetricsSystemImpl (MetricsSystemImpl.java:init(158)) - HddsDatanode metrics system started (again)
2020-07-09 01:19:19,873 [Listener at 127.0.0.1/39385] INFO  ozone.HddsDatanodeService (HddsDatanodeService.java:start(197)) - HddsDatanodeService host:848e8b8fb74f ip:172.17.0.2
2020-07-09 01:19:19,875 [Listener at 127.0.0.1/39385] INFO  volume.HddsVolume (HddsVolume.java:<init>(176)) - Creating Volume: /github/workspace/mnt/ozone/hadoop-ozone/integration-test/target/test-dir/MiniOzoneClusterImpl-513b5a01-9d99-4e7a-8fe1-3ea97a28e1a0/datanode-3/data-0/containers/hdds of storage type : DISK and capacity : 9223372036854775807
2020-07-09 01:19:19,876 [Listener at 127.0.0.1/39385] INFO  volume.MutableVolumeSet (MutableVolumeSet.java:initializeVolumeSet(181)) - Added Volume : /github/workspace/mnt/ozone/hadoop-ozone/integration-test/target/test-dir/MiniOzoneClusterImpl-513b5a01-9d99-4e7a-8fe1-3ea97a28e1a0/datanode-3/data-0/containers/hdds to VolumeSet
2020-07-09 01:19:19,876 [Listener at 127.0.0.1/39385] INFO  volume.ThrottledAsyncChecker (ThrottledAsyncChecker.java:schedule(141)) - Scheduling a check for /github/workspace/mnt/ozone/hadoop-ozone/integration-test/target/test-dir/MiniOzoneClusterImpl-513b5a01-9d99-4e7a-8fe1-3ea97a28e1a0/datanode-3/data-0/containers/hdds
2020-07-09 01:19:19,877 [Listener at 127.0.0.1/39385] INFO  volume.HddsVolumeChecker (HddsVolumeChecker.java:checkAllVolumes(200)) - Scheduled health check for volume /github/workspace/mnt/ozone/hadoop-ozone/integration-test/target/test-dir/MiniOzoneClusterImpl-513b5a01-9d99-4e7a-8fe1-3ea97a28e1a0/datanode-3/data-0/containers/hdds
2020-07-09 01:19:19,900 [Listener at 127.0.0.1/39385] INFO  impl.RaftServerProxy (ConfUtils.java:logGet(44)) - raft.rpc.type = GRPC (default)
2020-07-09 01:19:19,901 [Listener at 127.0.0.1/39385] INFO  grpc.GrpcFactory (GrpcFactory.java:checkPooledByteBufAllocatorUseCacheForAllThreads(45)) - PERFORMANCE WARNING: useCacheForAllThreads is true that may cause Netty to create a lot garbage objects and, as a result, trigger GC.
	It is recommended to disable useCacheForAllThreads by setting -Dorg.apache.ratis.thirdparty.io.netty.allocator.useCacheForAllThreads=false in command line.
2020-07-09 01:19:19,901 [Listener at 127.0.0.1/39385] INFO  grpc.GrpcConfigKeys (ConfUtils.java:logGet(44)) - raft.grpc.server.port = 0 (default)
2020-07-09 01:19:19,901 [Listener at 127.0.0.1/39385] INFO  server.GrpcService (ConfUtils.java:logGet(44)) - raft.grpc.message.size.max = 32MB (=33554432) (custom)
2020-07-09 01:19:19,901 [Listener at 127.0.0.1/39385] INFO  server.RaftServerConfigKeys (ConfUtils.java:logGet(44)) - raft.server.log.appender.buffer.byte-limit = 33554432 (custom)
2020-07-09 01:19:19,902 [Listener at 127.0.0.1/39385] INFO  server.GrpcService (ConfUtils.java:logGet(44)) - raft.grpc.flow.control.window = 5MB (=5242880) (custom)
2020-07-09 01:19:19,902 [Listener at 127.0.0.1/39385] INFO  server.RaftServerConfigKeys (ConfUtils.java:logGet(44)) - raft.server.rpc.request.timeout = 3000ms (default)
2020-07-09 01:19:19,903 [Listener at 127.0.0.1/39385] INFO  server.RaftServerConfigKeys (ConfUtils.java:logGet(44)) - raft.server.storage.dir = [/github/workspace/mnt/ozone/hadoop-ozone/integration-test/target/test-dir/MiniOzoneClusterImpl-513b5a01-9d99-4e7a-8fe1-3ea97a28e1a0/datanode-3/data/ratis] (custom)
2020-07-09 01:19:19,905 [org.apache.hadoop.util.JvmPauseMonitor$Monitor@64779422] INFO  util.JvmPauseMonitor (JvmPauseMonitor.java:run(188)) - Starting JVM pause monitor
2020-07-09 01:19:19,907 [Datanode State Machine Thread - 0] INFO  datanode.InitDatanodeState (InitDatanodeState.java:persistContainerDatanodeDetails(145)) - DatanodeDetails is persisted to /github/workspace/mnt/ozone/hadoop-ozone/integration-test/target/test-dir/MiniOzoneClusterImpl-513b5a01-9d99-4e7a-8fe1-3ea97a28e1a0/datanode-2/meta/datanode.id
2020-07-09 01:19:19,908 [Listener at 127.0.0.1/39385] INFO  http.BaseHttpServer (BaseHttpServer.java:newHttpServer2BuilderForOzone(207)) - Starting Web-server for hddsDatanode at: http://0.0.0.0:0
2020-07-09 01:19:19,908 [Listener at 127.0.0.1/39385] INFO  http.BaseHttpServer (BaseHttpServer.java:<init>(106)) - Hadoop Security Enabled: false Ozone Security Enabled: false Ozone HTTP Security Enabled: false 
2020-07-09 01:19:19,910 [Listener at 127.0.0.1/39385] INFO  server.AuthenticationFilter (AuthenticationFilter.java:constructSecretProvider(240)) - Unable to initialize FileSignerSecretProvider, falling back to use random secrets.
2020-07-09 01:19:19,915 [Listener at 127.0.0.1/39385] WARN  http.HttpRequestLog (HttpRequestLog.java:getRequestLog(103)) - Jetty request log can only be enabled using Log4j
2020-07-09 01:19:19,916 [Listener at 127.0.0.1/39385] INFO  http.HttpServer2 (HttpServer2.java:addGlobalFilter(998)) - Added global filter 'safety' (class=org.apache.hadoop.hdds.server.http.HttpServer2$QuotingInputFilter)
2020-07-09 01:19:19,916 [Listener at 127.0.0.1/39385] INFO  http.HttpServer2 (HttpServer2.java:addFilter(974)) - Added filter static_user_filter (class=org.apache.hadoop.http.lib.StaticUserWebFilter$StaticUserFilter) to context hddsDatanode
2020-07-09 01:19:19,917 [Listener at 127.0.0.1/39385] INFO  http.HttpServer2 (HttpServer2.java:addFilter(982)) - Added filter static_user_filter (class=org.apache.hadoop.http.lib.StaticUserWebFilter$StaticUserFilter) to context static
2020-07-09 01:19:19,917 [Listener at 127.0.0.1/39385] INFO  http.HttpServer2 (HttpServer2.java:addFilter(982)) - Added filter static_user_filter (class=org.apache.hadoop.http.lib.StaticUserWebFilter$StaticUserFilter) to context logs
2020-07-09 01:19:19,917 [Listener at 127.0.0.1/39385] INFO  http.HttpServer2 (HttpServer2.java:bindListener(1216)) - Jetty bound to port 34885
2020-07-09 01:19:19,917 [Listener at 127.0.0.1/39385] INFO  server.Server (Server.java:doStart(359)) - jetty-9.4.26.v20200117; built: 2020-01-17T12:35:33.676Z; git: 7b38981d25d14afb4a12ff1f2596756144edf695; jvm 1.8.0_232-b09
2020-07-09 01:19:19,927 [Listener at 127.0.0.1/39385] INFO  server.session (DefaultSessionIdManager.java:doStart(333)) - DefaultSessionIdManager workerName=node0
2020-07-09 01:19:19,927 [Listener at 127.0.0.1/39385] INFO  server.session (DefaultSessionIdManager.java:doStart(338)) - No SessionScavenger set, using defaults
2020-07-09 01:19:19,927 [Listener at 127.0.0.1/39385] INFO  server.session (HouseKeeper.java:startScavenging(140)) - node0 Scavenging every 600000ms
2020-07-09 01:19:19,928 [Listener at 127.0.0.1/39385] INFO  handler.ContextHandler (ContextHandler.java:doStart(825)) - Started o.e.j.s.ServletContextHandler@72b60be8{logs,/logs,file:///github/workspace/mnt/ozone/hadoop-ozone/integration-test/target/log,AVAILABLE}
2020-07-09 01:19:19,928 [Listener at 127.0.0.1/39385] INFO  handler.ContextHandler (ContextHandler.java:doStart(825)) - Started o.e.j.s.ServletContextHandler@589cc8eb{static,/static,jar:file:/home/user/.m2/repository/org/apache/hadoop/hadoop-hdds-container-service/0.6.0-SNAPSHOT/hadoop-hdds-container-service-0.6.0-SNAPSHOT.jar!/webapps/static,AVAILABLE}
2020-07-09 01:19:19,946 [Listener at 127.0.0.1/39385] INFO  handler.ContextHandler (ContextHandler.java:doStart(825)) - Started o.e.j.w.WebAppContext@7786c2e0{hddsDatanode,/,file:///tmp/jetty-0_0_0_0-34885-hadoop-hdds-container-service-0_6_0-SNAPSHOT_jar-_-any-5382007536884392229.dir/webapp/,AVAILABLE}{jar:file:/home/user/.m2/repository/org/apache/hadoop/hadoop-hdds-container-service/0.6.0-SNAPSHOT/hadoop-hdds-container-service-0.6.0-SNAPSHOT.jar!/webapps/hddsDatanode}
2020-07-09 01:19:19,951 [Listener at 127.0.0.1/39385] INFO  server.AbstractConnector (AbstractConnector.java:doStart(330)) - Started ServerConnector@6203f10f{HTTP/1.1,[http/1.1]}{0.0.0.0:34885}
2020-07-09 01:19:19,951 [Listener at 127.0.0.1/39385] INFO  server.Server (Server.java:doStart(399)) - Started @5334ms
2020-07-09 01:19:19,951 [Listener at 127.0.0.1/39385] WARN  impl.MetricsSystemImpl (MetricsSystemImpl.java:register(276)) - Sink prometheus already exists!
2020-07-09 01:19:19,955 [Listener at 127.0.0.1/39385] INFO  http.BaseHttpServer (BaseHttpServer.java:updateConnectorAddress(327)) - HTTP server of hddsDatanode listening at http://0.0.0.0:34885
2020-07-09 01:19:19,957 [Listener at 127.0.0.1/39385] INFO  impl.MetricsSystemImpl (MetricsSystemImpl.java:init(158)) - HddsDatanode metrics system started (again)
2020-07-09 01:19:19,958 [Listener at 127.0.0.1/39385] INFO  ozone.HddsDatanodeService (HddsDatanodeService.java:start(197)) - HddsDatanodeService host:848e8b8fb74f ip:172.17.0.2
2020-07-09 01:19:19,962 [Listener at 127.0.0.1/39385] INFO  volume.HddsVolume (HddsVolume.java:<init>(176)) - Creating Volume: /github/workspace/mnt/ozone/hadoop-ozone/integration-test/target/test-dir/MiniOzoneClusterImpl-513b5a01-9d99-4e7a-8fe1-3ea97a28e1a0/datanode-4/data-0/containers/hdds of storage type : DISK and capacity : 9223372036854775807
2020-07-09 01:19:19,963 [Listener at 127.0.0.1/39385] INFO  volume.MutableVolumeSet (MutableVolumeSet.java:initializeVolumeSet(181)) - Added Volume : /github/workspace/mnt/ozone/hadoop-ozone/integration-test/target/test-dir/MiniOzoneClusterImpl-513b5a01-9d99-4e7a-8fe1-3ea97a28e1a0/datanode-4/data-0/containers/hdds to VolumeSet
2020-07-09 01:19:19,963 [Listener at 127.0.0.1/39385] INFO  volume.ThrottledAsyncChecker (ThrottledAsyncChecker.java:schedule(141)) - Scheduling a check for /github/workspace/mnt/ozone/hadoop-ozone/integration-test/target/test-dir/MiniOzoneClusterImpl-513b5a01-9d99-4e7a-8fe1-3ea97a28e1a0/datanode-4/data-0/containers/hdds
2020-07-09 01:19:19,965 [Listener at 127.0.0.1/39385] INFO  volume.HddsVolumeChecker (HddsVolumeChecker.java:checkAllVolumes(200)) - Scheduled health check for volume /github/workspace/mnt/ozone/hadoop-ozone/integration-test/target/test-dir/MiniOzoneClusterImpl-513b5a01-9d99-4e7a-8fe1-3ea97a28e1a0/datanode-4/data-0/containers/hdds
2020-07-09 01:19:19,988 [Listener at 127.0.0.1/39385] INFO  impl.RaftServerProxy (ConfUtils.java:logGet(44)) - raft.rpc.type = GRPC (default)
2020-07-09 01:19:19,989 [Listener at 127.0.0.1/39385] INFO  grpc.GrpcFactory (GrpcFactory.java:checkPooledByteBufAllocatorUseCacheForAllThreads(45)) - PERFORMANCE WARNING: useCacheForAllThreads is true that may cause Netty to create a lot garbage objects and, as a result, trigger GC.
	It is recommended to disable useCacheForAllThreads by setting -Dorg.apache.ratis.thirdparty.io.netty.allocator.useCacheForAllThreads=false in command line.
2020-07-09 01:19:19,990 [Listener at 127.0.0.1/39385] INFO  grpc.GrpcConfigKeys (ConfUtils.java:logGet(44)) - raft.grpc.server.port = 0 (default)
2020-07-09 01:19:19,990 [Listener at 127.0.0.1/39385] INFO  server.GrpcService (ConfUtils.java:logGet(44)) - raft.grpc.message.size.max = 32MB (=33554432) (custom)
2020-07-09 01:19:19,990 [Listener at 127.0.0.1/39385] INFO  server.RaftServerConfigKeys (ConfUtils.java:logGet(44)) - raft.server.log.appender.buffer.byte-limit = 33554432 (custom)
2020-07-09 01:19:19,990 [Listener at 127.0.0.1/39385] INFO  server.GrpcService (ConfUtils.java:logGet(44)) - raft.grpc.flow.control.window = 5MB (=5242880) (custom)
2020-07-09 01:19:19,990 [Listener at 127.0.0.1/39385] INFO  server.RaftServerConfigKeys (ConfUtils.java:logGet(44)) - raft.server.rpc.request.timeout = 3000ms (default)
2020-07-09 01:19:19,991 [Listener at 127.0.0.1/39385] INFO  server.RaftServerConfigKeys (ConfUtils.java:logGet(44)) - raft.server.storage.dir = [/github/workspace/mnt/ozone/hadoop-ozone/integration-test/target/test-dir/MiniOzoneClusterImpl-513b5a01-9d99-4e7a-8fe1-3ea97a28e1a0/datanode-4/data/ratis] (custom)
2020-07-09 01:19:20,000 [Listener at 127.0.0.1/39385] INFO  http.BaseHttpServer (BaseHttpServer.java:newHttpServer2BuilderForOzone(207)) - Starting Web-server for hddsDatanode at: http://0.0.0.0:0
2020-07-09 01:19:20,000 [Listener at 127.0.0.1/39385] INFO  http.BaseHttpServer (BaseHttpServer.java:<init>(106)) - Hadoop Security Enabled: false Ozone Security Enabled: false Ozone HTTP Security Enabled: false 
2020-07-09 01:19:20,001 [Listener at 127.0.0.1/39385] INFO  server.AuthenticationFilter (AuthenticationFilter.java:constructSecretProvider(240)) - Unable to initialize FileSignerSecretProvider, falling back to use random secrets.
2020-07-09 01:19:20,011 [Listener at 127.0.0.1/39385] WARN  http.HttpRequestLog (HttpRequestLog.java:getRequestLog(103)) - Jetty request log can only be enabled using Log4j
2020-07-09 01:19:20,011 [org.apache.hadoop.util.JvmPauseMonitor$Monitor@13f91777] INFO  util.JvmPauseMonitor (JvmPauseMonitor.java:run(188)) - Starting JVM pause monitor
2020-07-09 01:19:20,012 [Listener at 127.0.0.1/39385] INFO  http.HttpServer2 (HttpServer2.java:addGlobalFilter(998)) - Added global filter 'safety' (class=org.apache.hadoop.hdds.server.http.HttpServer2$QuotingInputFilter)
2020-07-09 01:19:20,012 [Datanode State Machine Thread - 0] INFO  datanode.InitDatanodeState (InitDatanodeState.java:persistContainerDatanodeDetails(145)) - DatanodeDetails is persisted to /github/workspace/mnt/ozone/hadoop-ozone/integration-test/target/test-dir/MiniOzoneClusterImpl-513b5a01-9d99-4e7a-8fe1-3ea97a28e1a0/datanode-3/meta/datanode.id
2020-07-09 01:19:20,013 [Listener at 127.0.0.1/39385] INFO  http.HttpServer2 (HttpServer2.java:addFilter(974)) - Added filter static_user_filter (class=org.apache.hadoop.http.lib.StaticUserWebFilter$StaticUserFilter) to context hddsDatanode
2020-07-09 01:19:20,013 [Listener at 127.0.0.1/39385] INFO  http.HttpServer2 (HttpServer2.java:addFilter(982)) - Added filter static_user_filter (class=org.apache.hadoop.http.lib.StaticUserWebFilter$StaticUserFilter) to context logs
2020-07-09 01:19:20,013 [Listener at 127.0.0.1/39385] INFO  http.HttpServer2 (HttpServer2.java:addFilter(982)) - Added filter static_user_filter (class=org.apache.hadoop.http.lib.StaticUserWebFilter$StaticUserFilter) to context static
2020-07-09 01:19:20,014 [Listener at 127.0.0.1/39385] INFO  http.HttpServer2 (HttpServer2.java:bindListener(1216)) - Jetty bound to port 39929
2020-07-09 01:19:20,014 [Listener at 127.0.0.1/39385] INFO  server.Server (Server.java:doStart(359)) - jetty-9.4.26.v20200117; built: 2020-01-17T12:35:33.676Z; git: 7b38981d25d14afb4a12ff1f2596756144edf695; jvm 1.8.0_232-b09
2020-07-09 01:19:20,017 [Listener at 127.0.0.1/39385] INFO  server.session (DefaultSessionIdManager.java:doStart(333)) - DefaultSessionIdManager workerName=node0
2020-07-09 01:19:20,017 [Listener at 127.0.0.1/39385] INFO  server.session (DefaultSessionIdManager.java:doStart(338)) - No SessionScavenger set, using defaults
2020-07-09 01:19:20,017 [Listener at 127.0.0.1/39385] INFO  server.session (HouseKeeper.java:startScavenging(140)) - node0 Scavenging every 600000ms
2020-07-09 01:19:20,020 [Listener at 127.0.0.1/39385] INFO  handler.ContextHandler (ContextHandler.java:doStart(825)) - Started o.e.j.s.ServletContextHandler@36e9fd4f{logs,/logs,file:///github/workspace/mnt/ozone/hadoop-ozone/integration-test/target/log,AVAILABLE}
2020-07-09 01:19:20,020 [Listener at 127.0.0.1/39385] INFO  handler.ContextHandler (ContextHandler.java:doStart(825)) - Started o.e.j.s.ServletContextHandler@8b727cb{static,/static,jar:file:/home/user/.m2/repository/org/apache/hadoop/hadoop-hdds-container-service/0.6.0-SNAPSHOT/hadoop-hdds-container-service-0.6.0-SNAPSHOT.jar!/webapps/static,AVAILABLE}
2020-07-09 01:19:20,042 [Listener at 127.0.0.1/39385] INFO  handler.ContextHandler (ContextHandler.java:doStart(825)) - Started o.e.j.w.WebAppContext@12dd3501{hddsDatanode,/,file:///tmp/jetty-0_0_0_0-39929-hadoop-hdds-container-service-0_6_0-SNAPSHOT_jar-_-any-8974856822564666887.dir/webapp/,AVAILABLE}{jar:file:/home/user/.m2/repository/org/apache/hadoop/hadoop-hdds-container-service/0.6.0-SNAPSHOT/hadoop-hdds-container-service-0.6.0-SNAPSHOT.jar!/webapps/hddsDatanode}
2020-07-09 01:19:20,045 [Listener at 127.0.0.1/39385] INFO  server.AbstractConnector (AbstractConnector.java:doStart(330)) - Started ServerConnector@46bbcb82{HTTP/1.1,[http/1.1]}{0.0.0.0:39929}
2020-07-09 01:19:20,045 [Listener at 127.0.0.1/39385] INFO  server.Server (Server.java:doStart(399)) - Started @5428ms
2020-07-09 01:19:20,046 [Listener at 127.0.0.1/39385] WARN  impl.MetricsSystemImpl (MetricsSystemImpl.java:register(276)) - Sink prometheus already exists!
2020-07-09 01:19:20,049 [Listener at 127.0.0.1/39385] INFO  http.BaseHttpServer (BaseHttpServer.java:updateConnectorAddress(327)) - HTTP server of hddsDatanode listening at http://0.0.0.0:39929
2020-07-09 01:19:20,050 [Listener at 127.0.0.1/39385] INFO  impl.MetricsSystemImpl (MetricsSystemImpl.java:init(158)) - HddsDatanode metrics system started (again)
2020-07-09 01:19:20,052 [Listener at 127.0.0.1/39385] INFO  ozone.HddsDatanodeService (HddsDatanodeService.java:start(197)) - HddsDatanodeService host:848e8b8fb74f ip:172.17.0.2
2020-07-09 01:19:20,054 [Listener at 127.0.0.1/39385] INFO  volume.HddsVolume (HddsVolume.java:<init>(176)) - Creating Volume: /github/workspace/mnt/ozone/hadoop-ozone/integration-test/target/test-dir/MiniOzoneClusterImpl-513b5a01-9d99-4e7a-8fe1-3ea97a28e1a0/datanode-5/data-0/containers/hdds of storage type : DISK and capacity : 9223372036854775807
2020-07-09 01:19:20,055 [Listener at 127.0.0.1/39385] INFO  volume.MutableVolumeSet (MutableVolumeSet.java:initializeVolumeSet(181)) - Added Volume : /github/workspace/mnt/ozone/hadoop-ozone/integration-test/target/test-dir/MiniOzoneClusterImpl-513b5a01-9d99-4e7a-8fe1-3ea97a28e1a0/datanode-5/data-0/containers/hdds to VolumeSet
2020-07-09 01:19:20,055 [Listener at 127.0.0.1/39385] INFO  volume.ThrottledAsyncChecker (ThrottledAsyncChecker.java:schedule(141)) - Scheduling a check for /github/workspace/mnt/ozone/hadoop-ozone/integration-test/target/test-dir/MiniOzoneClusterImpl-513b5a01-9d99-4e7a-8fe1-3ea97a28e1a0/datanode-5/data-0/containers/hdds
2020-07-09 01:19:20,056 [Listener at 127.0.0.1/39385] INFO  volume.HddsVolumeChecker (HddsVolumeChecker.java:checkAllVolumes(200)) - Scheduled health check for volume /github/workspace/mnt/ozone/hadoop-ozone/integration-test/target/test-dir/MiniOzoneClusterImpl-513b5a01-9d99-4e7a-8fe1-3ea97a28e1a0/datanode-5/data-0/containers/hdds
2020-07-09 01:19:20,077 [org.apache.hadoop.util.JvmPauseMonitor$Monitor@5603d6c4] INFO  util.JvmPauseMonitor (JvmPauseMonitor.java:run(188)) - Starting JVM pause monitor
2020-07-09 01:19:20,085 [Listener at 127.0.0.1/39385] INFO  impl.RaftServerProxy (ConfUtils.java:logGet(44)) - raft.rpc.type = GRPC (default)
2020-07-09 01:19:20,085 [Listener at 127.0.0.1/39385] INFO  grpc.GrpcFactory (GrpcFactory.java:checkPooledByteBufAllocatorUseCacheForAllThreads(45)) - PERFORMANCE WARNING: useCacheForAllThreads is true that may cause Netty to create a lot garbage objects and, as a result, trigger GC.
	It is recommended to disable useCacheForAllThreads by setting -Dorg.apache.ratis.thirdparty.io.netty.allocator.useCacheForAllThreads=false in command line.
2020-07-09 01:19:20,085 [Listener at 127.0.0.1/39385] INFO  grpc.GrpcConfigKeys (ConfUtils.java:logGet(44)) - raft.grpc.server.port = 0 (default)
2020-07-09 01:19:20,086 [Listener at 127.0.0.1/39385] INFO  server.GrpcService (ConfUtils.java:logGet(44)) - raft.grpc.message.size.max = 32MB (=33554432) (custom)
2020-07-09 01:19:20,086 [Listener at 127.0.0.1/39385] INFO  server.RaftServerConfigKeys (ConfUtils.java:logGet(44)) - raft.server.log.appender.buffer.byte-limit = 33554432 (custom)
2020-07-09 01:19:20,086 [Listener at 127.0.0.1/39385] INFO  server.GrpcService (ConfUtils.java:logGet(44)) - raft.grpc.flow.control.window = 5MB (=5242880) (custom)
2020-07-09 01:19:20,086 [Listener at 127.0.0.1/39385] INFO  server.RaftServerConfigKeys (ConfUtils.java:logGet(44)) - raft.server.rpc.request.timeout = 3000ms (default)
2020-07-09 01:19:20,087 [Listener at 127.0.0.1/39385] INFO  server.RaftServerConfigKeys (ConfUtils.java:logGet(44)) - raft.server.storage.dir = [/github/workspace/mnt/ozone/hadoop-ozone/integration-test/target/test-dir/MiniOzoneClusterImpl-513b5a01-9d99-4e7a-8fe1-3ea97a28e1a0/datanode-5/data/ratis] (custom)
2020-07-09 01:19:20,090 [Datanode State Machine Thread - 0] INFO  datanode.InitDatanodeState (InitDatanodeState.java:persistContainerDatanodeDetails(145)) - DatanodeDetails is persisted to /github/workspace/mnt/ozone/hadoop-ozone/integration-test/target/test-dir/MiniOzoneClusterImpl-513b5a01-9d99-4e7a-8fe1-3ea97a28e1a0/datanode-4/meta/datanode.id
2020-07-09 01:19:20,092 [Listener at 127.0.0.1/39385] INFO  http.BaseHttpServer (BaseHttpServer.java:newHttpServer2BuilderForOzone(207)) - Starting Web-server for hddsDatanode at: http://0.0.0.0:0
2020-07-09 01:19:20,092 [Listener at 127.0.0.1/39385] INFO  http.BaseHttpServer (BaseHttpServer.java:<init>(106)) - Hadoop Security Enabled: false Ozone Security Enabled: false Ozone HTTP Security Enabled: false 
2020-07-09 01:19:20,094 [Listener at 127.0.0.1/39385] INFO  server.AuthenticationFilter (AuthenticationFilter.java:constructSecretProvider(240)) - Unable to initialize FileSignerSecretProvider, falling back to use random secrets.
2020-07-09 01:19:20,095 [Listener at 127.0.0.1/39385] WARN  http.HttpRequestLog (HttpRequestLog.java:getRequestLog(103)) - Jetty request log can only be enabled using Log4j
2020-07-09 01:19:20,096 [Listener at 127.0.0.1/39385] INFO  http.HttpServer2 (HttpServer2.java:addGlobalFilter(998)) - Added global filter 'safety' (class=org.apache.hadoop.hdds.server.http.HttpServer2$QuotingInputFilter)
2020-07-09 01:19:20,097 [Listener at 127.0.0.1/39385] INFO  http.HttpServer2 (HttpServer2.java:addFilter(974)) - Added filter static_user_filter (class=org.apache.hadoop.http.lib.StaticUserWebFilter$StaticUserFilter) to context hddsDatanode
2020-07-09 01:19:20,097 [Listener at 127.0.0.1/39385] INFO  http.HttpServer2 (HttpServer2.java:addFilter(982)) - Added filter static_user_filter (class=org.apache.hadoop.http.lib.StaticUserWebFilter$StaticUserFilter) to context static
2020-07-09 01:19:20,098 [Listener at 127.0.0.1/39385] INFO  http.HttpServer2 (HttpServer2.java:addFilter(982)) - Added filter static_user_filter (class=org.apache.hadoop.http.lib.StaticUserWebFilter$StaticUserFilter) to context logs
2020-07-09 01:19:20,099 [Listener at 127.0.0.1/39385] INFO  http.HttpServer2 (HttpServer2.java:bindListener(1216)) - Jetty bound to port 33955
2020-07-09 01:19:20,100 [Listener at 127.0.0.1/39385] INFO  server.Server (Server.java:doStart(359)) - jetty-9.4.26.v20200117; built: 2020-01-17T12:35:33.676Z; git: 7b38981d25d14afb4a12ff1f2596756144edf695; jvm 1.8.0_232-b09
2020-07-09 01:19:20,104 [Listener at 127.0.0.1/39385] INFO  server.session (DefaultSessionIdManager.java:doStart(333)) - DefaultSessionIdManager workerName=node0
2020-07-09 01:19:20,104 [Listener at 127.0.0.1/39385] INFO  server.session (DefaultSessionIdManager.java:doStart(338)) - No SessionScavenger set, using defaults
2020-07-09 01:19:20,105 [Listener at 127.0.0.1/39385] INFO  server.session (HouseKeeper.java:startScavenging(140)) - node0 Scavenging every 600000ms
2020-07-09 01:19:20,105 [Listener at 127.0.0.1/39385] INFO  handler.ContextHandler (ContextHandler.java:doStart(825)) - Started o.e.j.s.ServletContextHandler@2bb03136{logs,/logs,file:///github/workspace/mnt/ozone/hadoop-ozone/integration-test/target/log,AVAILABLE}
2020-07-09 01:19:20,106 [Listener at 127.0.0.1/39385] INFO  handler.ContextHandler (ContextHandler.java:doStart(825)) - Started o.e.j.s.ServletContextHandler@2726b2f3{static,/static,jar:file:/home/user/.m2/repository/org/apache/hadoop/hadoop-hdds-container-service/0.6.0-SNAPSHOT/hadoop-hdds-container-service-0.6.0-SNAPSHOT.jar!/webapps/static,AVAILABLE}
2020-07-09 01:19:20,127 [Listener at 127.0.0.1/39385] INFO  handler.ContextHandler (ContextHandler.java:doStart(825)) - Started o.e.j.w.WebAppContext@df0b348{hddsDatanode,/,file:///tmp/jetty-0_0_0_0-33955-hadoop-hdds-container-service-0_6_0-SNAPSHOT_jar-_-any-197078378784739617.dir/webapp/,AVAILABLE}{jar:file:/home/user/.m2/repository/org/apache/hadoop/hadoop-hdds-container-service/0.6.0-SNAPSHOT/hadoop-hdds-container-service-0.6.0-SNAPSHOT.jar!/webapps/hddsDatanode}
2020-07-09 01:19:20,132 [Listener at 127.0.0.1/39385] INFO  server.AbstractConnector (AbstractConnector.java:doStart(330)) - Started ServerConnector@6179551b{HTTP/1.1,[http/1.1]}{0.0.0.0:33955}
2020-07-09 01:19:20,132 [Listener at 127.0.0.1/39385] INFO  server.Server (Server.java:doStart(399)) - Started @5515ms
2020-07-09 01:19:20,132 [Listener at 127.0.0.1/39385] WARN  impl.MetricsSystemImpl (MetricsSystemImpl.java:register(276)) - Sink prometheus already exists!
2020-07-09 01:19:20,137 [Listener at 127.0.0.1/39385] INFO  http.BaseHttpServer (BaseHttpServer.java:updateConnectorAddress(327)) - HTTP server of hddsDatanode listening at http://0.0.0.0:33955
2020-07-09 01:19:20,138 [Listener at 127.0.0.1/39385] INFO  impl.MetricsSystemImpl (MetricsSystemImpl.java:init(158)) - HddsDatanode metrics system started (again)
2020-07-09 01:19:20,139 [Listener at 127.0.0.1/39385] INFO  ozone.HddsDatanodeService (HddsDatanodeService.java:start(197)) - HddsDatanodeService host:848e8b8fb74f ip:172.17.0.2
2020-07-09 01:19:20,141 [Listener at 127.0.0.1/39385] INFO  volume.HddsVolume (HddsVolume.java:<init>(176)) - Creating Volume: /github/workspace/mnt/ozone/hadoop-ozone/integration-test/target/test-dir/MiniOzoneClusterImpl-513b5a01-9d99-4e7a-8fe1-3ea97a28e1a0/datanode-6/data-0/containers/hdds of storage type : DISK and capacity : 9223372036854775807
2020-07-09 01:19:20,141 [Listener at 127.0.0.1/39385] INFO  volume.MutableVolumeSet (MutableVolumeSet.java:initializeVolumeSet(181)) - Added Volume : /github/workspace/mnt/ozone/hadoop-ozone/integration-test/target/test-dir/MiniOzoneClusterImpl-513b5a01-9d99-4e7a-8fe1-3ea97a28e1a0/datanode-6/data-0/containers/hdds to VolumeSet
2020-07-09 01:19:20,141 [Listener at 127.0.0.1/39385] INFO  volume.ThrottledAsyncChecker (ThrottledAsyncChecker.java:schedule(141)) - Scheduling a check for /github/workspace/mnt/ozone/hadoop-ozone/integration-test/target/test-dir/MiniOzoneClusterImpl-513b5a01-9d99-4e7a-8fe1-3ea97a28e1a0/datanode-6/data-0/containers/hdds
2020-07-09 01:19:20,144 [org.apache.hadoop.util.JvmPauseMonitor$Monitor@155fc8c6] INFO  util.JvmPauseMonitor (JvmPauseMonitor.java:run(188)) - Starting JVM pause monitor
2020-07-09 01:19:20,147 [Datanode State Machine Thread - 0] INFO  datanode.InitDatanodeState (InitDatanodeState.java:persistContainerDatanodeDetails(145)) - DatanodeDetails is persisted to /github/workspace/mnt/ozone/hadoop-ozone/integration-test/target/test-dir/MiniOzoneClusterImpl-513b5a01-9d99-4e7a-8fe1-3ea97a28e1a0/datanode-5/meta/datanode.id
2020-07-09 01:19:20,147 [Listener at 127.0.0.1/39385] INFO  volume.HddsVolumeChecker (HddsVolumeChecker.java:checkAllVolumes(200)) - Scheduled health check for volume /github/workspace/mnt/ozone/hadoop-ozone/integration-test/target/test-dir/MiniOzoneClusterImpl-513b5a01-9d99-4e7a-8fe1-3ea97a28e1a0/datanode-6/data-0/containers/hdds
2020-07-09 01:19:20,167 [Listener at 127.0.0.1/39385] INFO  impl.RaftServerProxy (ConfUtils.java:logGet(44)) - raft.rpc.type = GRPC (default)
2020-07-09 01:19:20,168 [Listener at 127.0.0.1/39385] INFO  grpc.GrpcFactory (GrpcFactory.java:checkPooledByteBufAllocatorUseCacheForAllThreads(45)) - PERFORMANCE WARNING: useCacheForAllThreads is true that may cause Netty to create a lot garbage objects and, as a result, trigger GC.
	It is recommended to disable useCacheForAllThreads by setting -Dorg.apache.ratis.thirdparty.io.netty.allocator.useCacheForAllThreads=false in command line.
2020-07-09 01:19:20,168 [Listener at 127.0.0.1/39385] INFO  grpc.GrpcConfigKeys (ConfUtils.java:logGet(44)) - raft.grpc.server.port = 0 (default)
2020-07-09 01:19:20,169 [Listener at 127.0.0.1/39385] INFO  server.GrpcService (ConfUtils.java:logGet(44)) - raft.grpc.message.size.max = 32MB (=33554432) (custom)
2020-07-09 01:19:20,169 [Listener at 127.0.0.1/39385] INFO  server.RaftServerConfigKeys (ConfUtils.java:logGet(44)) - raft.server.log.appender.buffer.byte-limit = 33554432 (custom)
2020-07-09 01:19:20,169 [Listener at 127.0.0.1/39385] INFO  server.GrpcService (ConfUtils.java:logGet(44)) - raft.grpc.flow.control.window = 5MB (=5242880) (custom)
2020-07-09 01:19:20,169 [Listener at 127.0.0.1/39385] INFO  server.RaftServerConfigKeys (ConfUtils.java:logGet(44)) - raft.server.rpc.request.timeout = 3000ms (default)
2020-07-09 01:19:20,170 [Listener at 127.0.0.1/39385] INFO  server.RaftServerConfigKeys (ConfUtils.java:logGet(44)) - raft.server.storage.dir = [/github/workspace/mnt/ozone/hadoop-ozone/integration-test/target/test-dir/MiniOzoneClusterImpl-513b5a01-9d99-4e7a-8fe1-3ea97a28e1a0/datanode-6/data/ratis] (custom)
2020-07-09 01:19:20,175 [Listener at 127.0.0.1/39385] INFO  http.BaseHttpServer (BaseHttpServer.java:newHttpServer2BuilderForOzone(207)) - Starting Web-server for hddsDatanode at: http://0.0.0.0:0
2020-07-09 01:19:20,175 [Listener at 127.0.0.1/39385] INFO  http.BaseHttpServer (BaseHttpServer.java:<init>(106)) - Hadoop Security Enabled: false Ozone Security Enabled: false Ozone HTTP Security Enabled: false 
2020-07-09 01:19:20,177 [Listener at 127.0.0.1/39385] INFO  server.AuthenticationFilter (AuthenticationFilter.java:constructSecretProvider(240)) - Unable to initialize FileSignerSecretProvider, falling back to use random secrets.
2020-07-09 01:19:20,177 [Listener at 127.0.0.1/39385] WARN  http.HttpRequestLog (HttpRequestLog.java:getRequestLog(103)) - Jetty request log can only be enabled using Log4j
2020-07-09 01:19:20,178 [Listener at 127.0.0.1/39385] INFO  http.HttpServer2 (HttpServer2.java:addGlobalFilter(998)) - Added global filter 'safety' (class=org.apache.hadoop.hdds.server.http.HttpServer2$QuotingInputFilter)
2020-07-09 01:19:20,179 [Listener at 127.0.0.1/39385] INFO  http.HttpServer2 (HttpServer2.java:addFilter(974)) - Added filter static_user_filter (class=org.apache.hadoop.http.lib.StaticUserWebFilter$StaticUserFilter) to context hddsDatanode
2020-07-09 01:19:20,179 [Listener at 127.0.0.1/39385] INFO  http.HttpServer2 (HttpServer2.java:addFilter(982)) - Added filter static_user_filter (class=org.apache.hadoop.http.lib.StaticUserWebFilter$StaticUserFilter) to context static
2020-07-09 01:19:20,179 [Listener at 127.0.0.1/39385] INFO  http.HttpServer2 (HttpServer2.java:addFilter(982)) - Added filter static_user_filter (class=org.apache.hadoop.http.lib.StaticUserWebFilter$StaticUserFilter) to context logs
2020-07-09 01:19:20,180 [Listener at 127.0.0.1/39385] INFO  http.HttpServer2 (HttpServer2.java:bindListener(1216)) - Jetty bound to port 39425
2020-07-09 01:19:20,180 [Listener at 127.0.0.1/39385] INFO  server.Server (Server.java:doStart(359)) - jetty-9.4.26.v20200117; built: 2020-01-17T12:35:33.676Z; git: 7b38981d25d14afb4a12ff1f2596756144edf695; jvm 1.8.0_232-b09
2020-07-09 01:19:20,182 [Listener at 127.0.0.1/39385] INFO  server.session (DefaultSessionIdManager.java:doStart(333)) - DefaultSessionIdManager workerName=node0
2020-07-09 01:19:20,182 [Listener at 127.0.0.1/39385] INFO  server.session (DefaultSessionIdManager.java:doStart(338)) - No SessionScavenger set, using defaults
2020-07-09 01:19:20,182 [Listener at 127.0.0.1/39385] INFO  server.session (HouseKeeper.java:startScavenging(140)) - node0 Scavenging every 660000ms
2020-07-09 01:19:20,183 [Listener at 127.0.0.1/39385] INFO  handler.ContextHandler (ContextHandler.java:doStart(825)) - Started o.e.j.s.ServletContextHandler@721f3526{logs,/logs,file:///github/workspace/mnt/ozone/hadoop-ozone/integration-test/target/log,AVAILABLE}
2020-07-09 01:19:20,183 [Listener at 127.0.0.1/39385] INFO  handler.ContextHandler (ContextHandler.java:doStart(825)) - Started o.e.j.s.ServletContextHandler@28d74041{static,/static,jar:file:/home/user/.m2/repository/org/apache/hadoop/hadoop-hdds-container-service/0.6.0-SNAPSHOT/hadoop-hdds-container-service-0.6.0-SNAPSHOT.jar!/webapps/static,AVAILABLE}
2020-07-09 01:19:20,201 [Listener at 127.0.0.1/39385] INFO  handler.ContextHandler (ContextHandler.java:doStart(825)) - Started o.e.j.w.WebAppContext@39329d81{hddsDatanode,/,file:///tmp/jetty-0_0_0_0-39425-hadoop-hdds-container-service-0_6_0-SNAPSHOT_jar-_-any-8678205608812142900.dir/webapp/,AVAILABLE}{jar:file:/home/user/.m2/repository/org/apache/hadoop/hadoop-hdds-container-service/0.6.0-SNAPSHOT/hadoop-hdds-container-service-0.6.0-SNAPSHOT.jar!/webapps/hddsDatanode}
2020-07-09 01:19:20,204 [Listener at 127.0.0.1/39385] INFO  server.AbstractConnector (AbstractConnector.java:doStart(330)) - Started ServerConnector@41c05747{HTTP/1.1,[http/1.1]}{0.0.0.0:39425}
2020-07-09 01:19:20,205 [Listener at 127.0.0.1/39385] INFO  server.Server (Server.java:doStart(399)) - Started @5587ms
2020-07-09 01:19:20,205 [Listener at 127.0.0.1/39385] WARN  impl.MetricsSystemImpl (MetricsSystemImpl.java:register(276)) - Sink prometheus already exists!
2020-07-09 01:19:20,208 [Listener at 127.0.0.1/39385] INFO  http.BaseHttpServer (BaseHttpServer.java:updateConnectorAddress(327)) - HTTP server of hddsDatanode listening at http://0.0.0.0:39425
2020-07-09 01:19:20,208 [Listener at 127.0.0.1/39385] INFO  impl.MetricsSystemImpl (MetricsSystemImpl.java:init(158)) - HddsDatanode metrics system started (again)
2020-07-09 01:19:20,210 [Listener at 127.0.0.1/39385] INFO  ozone.HddsDatanodeService (HddsDatanodeService.java:start(197)) - HddsDatanodeService host:848e8b8fb74f ip:172.17.0.2
2020-07-09 01:19:20,212 [Listener at 127.0.0.1/39385] INFO  volume.HddsVolume (HddsVolume.java:<init>(176)) - Creating Volume: /github/workspace/mnt/ozone/hadoop-ozone/integration-test/target/test-dir/MiniOzoneClusterImpl-513b5a01-9d99-4e7a-8fe1-3ea97a28e1a0/datanode-7/data-0/containers/hdds of storage type : DISK and capacity : 9223372036854775807
2020-07-09 01:19:20,212 [Listener at 127.0.0.1/39385] INFO  volume.MutableVolumeSet (MutableVolumeSet.java:initializeVolumeSet(181)) - Added Volume : /github/workspace/mnt/ozone/hadoop-ozone/integration-test/target/test-dir/MiniOzoneClusterImpl-513b5a01-9d99-4e7a-8fe1-3ea97a28e1a0/datanode-7/data-0/containers/hdds to VolumeSet
2020-07-09 01:19:20,212 [Listener at 127.0.0.1/39385] INFO  volume.ThrottledAsyncChecker (ThrottledAsyncChecker.java:schedule(141)) - Scheduling a check for /github/workspace/mnt/ozone/hadoop-ozone/integration-test/target/test-dir/MiniOzoneClusterImpl-513b5a01-9d99-4e7a-8fe1-3ea97a28e1a0/datanode-7/data-0/containers/hdds
2020-07-09 01:19:20,216 [Listener at 127.0.0.1/39385] INFO  volume.HddsVolumeChecker (HddsVolumeChecker.java:checkAllVolumes(200)) - Scheduled health check for volume /github/workspace/mnt/ozone/hadoop-ozone/integration-test/target/test-dir/MiniOzoneClusterImpl-513b5a01-9d99-4e7a-8fe1-3ea97a28e1a0/datanode-7/data-0/containers/hdds
2020-07-09 01:19:20,231 [org.apache.hadoop.util.JvmPauseMonitor$Monitor@30a3d5e3] INFO  util.JvmPauseMonitor (JvmPauseMonitor.java:run(188)) - Starting JVM pause monitor
2020-07-09 01:19:20,235 [Datanode State Machine Thread - 0] INFO  datanode.InitDatanodeState (InitDatanodeState.java:persistContainerDatanodeDetails(145)) - DatanodeDetails is persisted to /github/workspace/mnt/ozone/hadoop-ozone/integration-test/target/test-dir/MiniOzoneClusterImpl-513b5a01-9d99-4e7a-8fe1-3ea97a28e1a0/datanode-6/meta/datanode.id
2020-07-09 01:19:20,245 [Listener at 127.0.0.1/39385] INFO  impl.RaftServerProxy (ConfUtils.java:logGet(44)) - raft.rpc.type = GRPC (default)
2020-07-09 01:19:20,246 [Listener at 127.0.0.1/39385] INFO  grpc.GrpcFactory (GrpcFactory.java:checkPooledByteBufAllocatorUseCacheForAllThreads(45)) - PERFORMANCE WARNING: useCacheForAllThreads is true that may cause Netty to create a lot garbage objects and, as a result, trigger GC.
	It is recommended to disable useCacheForAllThreads by setting -Dorg.apache.ratis.thirdparty.io.netty.allocator.useCacheForAllThreads=false in command line.
2020-07-09 01:19:20,246 [Listener at 127.0.0.1/39385] INFO  grpc.GrpcConfigKeys (ConfUtils.java:logGet(44)) - raft.grpc.server.port = 0 (default)
2020-07-09 01:19:20,246 [Listener at 127.0.0.1/39385] INFO  server.GrpcService (ConfUtils.java:logGet(44)) - raft.grpc.message.size.max = 32MB (=33554432) (custom)
2020-07-09 01:19:20,246 [Listener at 127.0.0.1/39385] INFO  server.RaftServerConfigKeys (ConfUtils.java:logGet(44)) - raft.server.log.appender.buffer.byte-limit = 33554432 (custom)
2020-07-09 01:19:20,246 [Listener at 127.0.0.1/39385] INFO  server.GrpcService (ConfUtils.java:logGet(44)) - raft.grpc.flow.control.window = 5MB (=5242880) (custom)
2020-07-09 01:19:20,247 [Listener at 127.0.0.1/39385] INFO  server.RaftServerConfigKeys (ConfUtils.java:logGet(44)) - raft.server.rpc.request.timeout = 3000ms (default)
2020-07-09 01:19:20,248 [Listener at 127.0.0.1/39385] INFO  server.RaftServerConfigKeys (ConfUtils.java:logGet(44)) - raft.server.storage.dir = [/github/workspace/mnt/ozone/hadoop-ozone/integration-test/target/test-dir/MiniOzoneClusterImpl-513b5a01-9d99-4e7a-8fe1-3ea97a28e1a0/datanode-7/data/ratis] (custom)
2020-07-09 01:19:20,253 [Listener at 127.0.0.1/39385] INFO  http.BaseHttpServer (BaseHttpServer.java:newHttpServer2BuilderForOzone(207)) - Starting Web-server for hddsDatanode at: http://0.0.0.0:0
2020-07-09 01:19:20,253 [Listener at 127.0.0.1/39385] INFO  http.BaseHttpServer (BaseHttpServer.java:<init>(106)) - Hadoop Security Enabled: false Ozone Security Enabled: false Ozone HTTP Security Enabled: false 
2020-07-09 01:19:20,254 [Listener at 127.0.0.1/39385] INFO  server.AuthenticationFilter (AuthenticationFilter.java:constructSecretProvider(240)) - Unable to initialize FileSignerSecretProvider, falling back to use random secrets.
2020-07-09 01:19:20,255 [Listener at 127.0.0.1/39385] WARN  http.HttpRequestLog (HttpRequestLog.java:getRequestLog(103)) - Jetty request log can only be enabled using Log4j
2020-07-09 01:19:20,256 [Listener at 127.0.0.1/39385] INFO  http.HttpServer2 (HttpServer2.java:addGlobalFilter(998)) - Added global filter 'safety' (class=org.apache.hadoop.hdds.server.http.HttpServer2$QuotingInputFilter)
2020-07-09 01:19:20,256 [Listener at 127.0.0.1/39385] INFO  http.HttpServer2 (HttpServer2.java:addFilter(974)) - Added filter static_user_filter (class=org.apache.hadoop.http.lib.StaticUserWebFilter$StaticUserFilter) to context hddsDatanode
2020-07-09 01:19:20,257 [Listener at 127.0.0.1/39385] INFO  http.HttpServer2 (HttpServer2.java:addFilter(982)) - Added filter static_user_filter (class=org.apache.hadoop.http.lib.StaticUserWebFilter$StaticUserFilter) to context static
2020-07-09 01:19:20,257 [Listener at 127.0.0.1/39385] INFO  http.HttpServer2 (HttpServer2.java:addFilter(982)) - Added filter static_user_filter (class=org.apache.hadoop.http.lib.StaticUserWebFilter$StaticUserFilter) to context logs
2020-07-09 01:19:20,257 [Listener at 127.0.0.1/39385] INFO  http.HttpServer2 (HttpServer2.java:bindListener(1216)) - Jetty bound to port 41349
2020-07-09 01:19:20,257 [Listener at 127.0.0.1/39385] INFO  server.Server (Server.java:doStart(359)) - jetty-9.4.26.v20200117; built: 2020-01-17T12:35:33.676Z; git: 7b38981d25d14afb4a12ff1f2596756144edf695; jvm 1.8.0_232-b09
2020-07-09 01:19:20,259 [Listener at 127.0.0.1/39385] INFO  server.session (DefaultSessionIdManager.java:doStart(333)) - DefaultSessionIdManager workerName=node0
2020-07-09 01:19:20,259 [Listener at 127.0.0.1/39385] INFO  server.session (DefaultSessionIdManager.java:doStart(338)) - No SessionScavenger set, using defaults
2020-07-09 01:19:20,259 [Listener at 127.0.0.1/39385] INFO  server.session (HouseKeeper.java:startScavenging(140)) - node0 Scavenging every 600000ms
2020-07-09 01:19:20,260 [Listener at 127.0.0.1/39385] INFO  handler.ContextHandler (ContextHandler.java:doStart(825)) - Started o.e.j.s.ServletContextHandler@5397d41e{logs,/logs,file:///github/workspace/mnt/ozone/hadoop-ozone/integration-test/target/log,AVAILABLE}
2020-07-09 01:19:20,260 [Listener at 127.0.0.1/39385] INFO  handler.ContextHandler (ContextHandler.java:doStart(825)) - Started o.e.j.s.ServletContextHandler@470fc16c{static,/static,jar:file:/home/user/.m2/repository/org/apache/hadoop/hadoop-hdds-container-service/0.6.0-SNAPSHOT/hadoop-hdds-container-service-0.6.0-SNAPSHOT.jar!/webapps/static,AVAILABLE}
2020-07-09 01:19:20,277 [Listener at 127.0.0.1/39385] INFO  handler.ContextHandler (ContextHandler.java:doStart(825)) - Started o.e.j.w.WebAppContext@331eb953{hddsDatanode,/,file:///tmp/jetty-0_0_0_0-41349-hadoop-hdds-container-service-0_6_0-SNAPSHOT_jar-_-any-9083847883840790806.dir/webapp/,AVAILABLE}{jar:file:/home/user/.m2/repository/org/apache/hadoop/hadoop-hdds-container-service/0.6.0-SNAPSHOT/hadoop-hdds-container-service-0.6.0-SNAPSHOT.jar!/webapps/hddsDatanode}
2020-07-09 01:19:20,279 [Listener at 127.0.0.1/39385] INFO  server.AbstractConnector (AbstractConnector.java:doStart(330)) - Started ServerConnector@5350a926{HTTP/1.1,[http/1.1]}{0.0.0.0:41349}
2020-07-09 01:19:20,281 [Listener at 127.0.0.1/39385] INFO  server.Server (Server.java:doStart(399)) - Started @5664ms
2020-07-09 01:19:20,281 [Listener at 127.0.0.1/39385] WARN  impl.MetricsSystemImpl (MetricsSystemImpl.java:register(276)) - Sink prometheus already exists!
2020-07-09 01:19:20,284 [Listener at 127.0.0.1/39385] INFO  http.BaseHttpServer (BaseHttpServer.java:updateConnectorAddress(327)) - HTTP server of hddsDatanode listening at http://0.0.0.0:41349
2020-07-09 01:19:20,285 [Listener at 127.0.0.1/39385] INFO  impl.MetricsSystemImpl (MetricsSystemImpl.java:init(158)) - HddsDatanode metrics system started (again)
2020-07-09 01:19:20,287 [Listener at 127.0.0.1/39385] INFO  ozone.HddsDatanodeService (HddsDatanodeService.java:start(197)) - HddsDatanodeService host:848e8b8fb74f ip:172.17.0.2
2020-07-09 01:19:20,290 [org.apache.hadoop.util.JvmPauseMonitor$Monitor@74e64992] INFO  util.JvmPauseMonitor (JvmPauseMonitor.java:run(188)) - Starting JVM pause monitor
2020-07-09 01:19:20,292 [Datanode State Machine Thread - 0] INFO  datanode.InitDatanodeState (InitDatanodeState.java:persistContainerDatanodeDetails(145)) - DatanodeDetails is persisted to /github/workspace/mnt/ozone/hadoop-ozone/integration-test/target/test-dir/MiniOzoneClusterImpl-513b5a01-9d99-4e7a-8fe1-3ea97a28e1a0/datanode-7/meta/datanode.id
2020-07-09 01:19:20,292 [Listener at 127.0.0.1/39385] INFO  volume.HddsVolume (HddsVolume.java:<init>(176)) - Creating Volume: /github/workspace/mnt/ozone/hadoop-ozone/integration-test/target/test-dir/MiniOzoneClusterImpl-513b5a01-9d99-4e7a-8fe1-3ea97a28e1a0/datanode-8/data-0/containers/hdds of storage type : DISK and capacity : 9223372036854775807
2020-07-09 01:19:20,292 [Listener at 127.0.0.1/39385] INFO  volume.MutableVolumeSet (MutableVolumeSet.java:initializeVolumeSet(181)) - Added Volume : /github/workspace/mnt/ozone/hadoop-ozone/integration-test/target/test-dir/MiniOzoneClusterImpl-513b5a01-9d99-4e7a-8fe1-3ea97a28e1a0/datanode-8/data-0/containers/hdds to VolumeSet
2020-07-09 01:19:20,292 [Listener at 127.0.0.1/39385] INFO  volume.ThrottledAsyncChecker (ThrottledAsyncChecker.java:schedule(141)) - Scheduling a check for /github/workspace/mnt/ozone/hadoop-ozone/integration-test/target/test-dir/MiniOzoneClusterImpl-513b5a01-9d99-4e7a-8fe1-3ea97a28e1a0/datanode-8/data-0/containers/hdds
2020-07-09 01:19:20,295 [Listener at 127.0.0.1/39385] INFO  volume.HddsVolumeChecker (HddsVolumeChecker.java:checkAllVolumes(200)) - Scheduled health check for volume /github/workspace/mnt/ozone/hadoop-ozone/integration-test/target/test-dir/MiniOzoneClusterImpl-513b5a01-9d99-4e7a-8fe1-3ea97a28e1a0/datanode-8/data-0/containers/hdds
2020-07-09 01:19:20,312 [Listener at 127.0.0.1/39385] INFO  impl.RaftServerProxy (ConfUtils.java:logGet(44)) - raft.rpc.type = GRPC (default)
2020-07-09 01:19:20,313 [Listener at 127.0.0.1/39385] INFO  grpc.GrpcFactory (GrpcFactory.java:checkPooledByteBufAllocatorUseCacheForAllThreads(45)) - PERFORMANCE WARNING: useCacheForAllThreads is true that may cause Netty to create a lot garbage objects and, as a result, trigger GC.
	It is recommended to disable useCacheForAllThreads by setting -Dorg.apache.ratis.thirdparty.io.netty.allocator.useCacheForAllThreads=false in command line.
2020-07-09 01:19:20,313 [Listener at 127.0.0.1/39385] INFO  grpc.GrpcConfigKeys (ConfUtils.java:logGet(44)) - raft.grpc.server.port = 0 (default)
2020-07-09 01:19:20,313 [Listener at 127.0.0.1/39385] INFO  server.GrpcService (ConfUtils.java:logGet(44)) - raft.grpc.message.size.max = 32MB (=33554432) (custom)
2020-07-09 01:19:20,313 [Listener at 127.0.0.1/39385] INFO  server.RaftServerConfigKeys (ConfUtils.java:logGet(44)) - raft.server.log.appender.buffer.byte-limit = 33554432 (custom)
2020-07-09 01:19:20,313 [Listener at 127.0.0.1/39385] INFO  server.GrpcService (ConfUtils.java:logGet(44)) - raft.grpc.flow.control.window = 5MB (=5242880) (custom)
2020-07-09 01:19:20,313 [Listener at 127.0.0.1/39385] INFO  server.RaftServerConfigKeys (ConfUtils.java:logGet(44)) - raft.server.rpc.request.timeout = 3000ms (default)
2020-07-09 01:19:20,314 [Listener at 127.0.0.1/39385] INFO  server.RaftServerConfigKeys (ConfUtils.java:logGet(44)) - raft.server.storage.dir = [/github/workspace/mnt/ozone/hadoop-ozone/integration-test/target/test-dir/MiniOzoneClusterImpl-513b5a01-9d99-4e7a-8fe1-3ea97a28e1a0/datanode-8/data/ratis] (custom)
2020-07-09 01:19:20,319 [Listener at 127.0.0.1/39385] INFO  http.BaseHttpServer (BaseHttpServer.java:newHttpServer2BuilderForOzone(207)) - Starting Web-server for hddsDatanode at: http://0.0.0.0:0
2020-07-09 01:19:20,319 [Listener at 127.0.0.1/39385] INFO  http.BaseHttpServer (BaseHttpServer.java:<init>(106)) - Hadoop Security Enabled: false Ozone Security Enabled: false Ozone HTTP Security Enabled: false 
2020-07-09 01:19:20,320 [Listener at 127.0.0.1/39385] INFO  server.AuthenticationFilter (AuthenticationFilter.java:constructSecretProvider(240)) - Unable to initialize FileSignerSecretProvider, falling back to use random secrets.
2020-07-09 01:19:20,322 [Listener at 127.0.0.1/39385] WARN  http.HttpRequestLog (HttpRequestLog.java:getRequestLog(103)) - Jetty request log can only be enabled using Log4j
2020-07-09 01:19:20,323 [Listener at 127.0.0.1/39385] INFO  http.HttpServer2 (HttpServer2.java:addGlobalFilter(998)) - Added global filter 'safety' (class=org.apache.hadoop.hdds.server.http.HttpServer2$QuotingInputFilter)
2020-07-09 01:19:20,324 [Listener at 127.0.0.1/39385] INFO  http.HttpServer2 (HttpServer2.java:addFilter(974)) - Added filter static_user_filter (class=org.apache.hadoop.http.lib.StaticUserWebFilter$StaticUserFilter) to context hddsDatanode
2020-07-09 01:19:20,324 [Listener at 127.0.0.1/39385] INFO  http.HttpServer2 (HttpServer2.java:addFilter(982)) - Added filter static_user_filter (class=org.apache.hadoop.http.lib.StaticUserWebFilter$StaticUserFilter) to context static
2020-07-09 01:19:20,324 [Listener at 127.0.0.1/39385] INFO  http.HttpServer2 (HttpServer2.java:addFilter(982)) - Added filter static_user_filter (class=org.apache.hadoop.http.lib.StaticUserWebFilter$StaticUserFilter) to context logs
2020-07-09 01:19:20,325 [Listener at 127.0.0.1/39385] INFO  http.HttpServer2 (HttpServer2.java:bindListener(1216)) - Jetty bound to port 43857
2020-07-09 01:19:20,325 [Listener at 127.0.0.1/39385] INFO  server.Server (Server.java:doStart(359)) - jetty-9.4.26.v20200117; built: 2020-01-17T12:35:33.676Z; git: 7b38981d25d14afb4a12ff1f2596756144edf695; jvm 1.8.0_232-b09
2020-07-09 01:19:20,333 [Listener at 127.0.0.1/39385] INFO  server.session (DefaultSessionIdManager.java:doStart(333)) - DefaultSessionIdManager workerName=node0
2020-07-09 01:19:20,334 [Listener at 127.0.0.1/39385] INFO  server.session (DefaultSessionIdManager.java:doStart(338)) - No SessionScavenger set, using defaults
2020-07-09 01:19:20,334 [Listener at 127.0.0.1/39385] INFO  server.session (HouseKeeper.java:startScavenging(140)) - node0 Scavenging every 660000ms
2020-07-09 01:19:20,335 [Listener at 127.0.0.1/39385] INFO  handler.ContextHandler (ContextHandler.java:doStart(825)) - Started o.e.j.s.ServletContextHandler@eb5471c{logs,/logs,file:///github/workspace/mnt/ozone/hadoop-ozone/integration-test/target/log,AVAILABLE}
2020-07-09 01:19:20,335 [Listener at 127.0.0.1/39385] INFO  handler.ContextHandler (ContextHandler.java:doStart(825)) - Started o.e.j.s.ServletContextHandler@6a90b5e8{static,/static,jar:file:/home/user/.m2/repository/org/apache/hadoop/hadoop-hdds-container-service/0.6.0-SNAPSHOT/hadoop-hdds-container-service-0.6.0-SNAPSHOT.jar!/webapps/static,AVAILABLE}
2020-07-09 01:19:20,356 [Listener at 127.0.0.1/39385] INFO  handler.ContextHandler (ContextHandler.java:doStart(825)) - Started o.e.j.w.WebAppContext@5a0b925a{hddsDatanode,/,file:///tmp/jetty-0_0_0_0-43857-hadoop-hdds-container-service-0_6_0-SNAPSHOT_jar-_-any-6788010619743204924.dir/webapp/,AVAILABLE}{jar:file:/home/user/.m2/repository/org/apache/hadoop/hadoop-hdds-container-service/0.6.0-SNAPSHOT/hadoop-hdds-container-service-0.6.0-SNAPSHOT.jar!/webapps/hddsDatanode}
2020-07-09 01:19:20,358 [Listener at 127.0.0.1/39385] INFO  server.AbstractConnector (AbstractConnector.java:doStart(330)) - Started ServerConnector@6f959640{HTTP/1.1,[http/1.1]}{0.0.0.0:43857}
2020-07-09 01:19:20,358 [Listener at 127.0.0.1/39385] INFO  server.Server (Server.java:doStart(399)) - Started @5741ms
2020-07-09 01:19:20,359 [Listener at 127.0.0.1/39385] WARN  impl.MetricsSystemImpl (MetricsSystemImpl.java:register(276)) - Sink prometheus already exists!
2020-07-09 01:19:20,363 [Listener at 127.0.0.1/39385] INFO  http.BaseHttpServer (BaseHttpServer.java:updateConnectorAddress(327)) - HTTP server of hddsDatanode listening at http://0.0.0.0:43857
2020-07-09 01:19:20,364 [Listener at 127.0.0.1/39385] INFO  ozone.MiniOzoneClusterImpl (MiniOzoneClusterImpl.java:lambda$waitForClusterToBeReady$0(177)) - Waiting for nodes to be ready. Got 0 of 9 DN Heartbeats.
2020-07-09 01:19:20,364 [Listener at 127.0.0.1/39385] INFO  ozone.MiniOzoneClusterImpl (MiniOzoneClusterImpl.java:lambda$waitForClusterToBeReady$0(180)) - Waiting for cluster to exit safe mode
2020-07-09 01:19:20,379 [org.apache.hadoop.util.JvmPauseMonitor$Monitor@58e167c0] INFO  util.JvmPauseMonitor (JvmPauseMonitor.java:run(188)) - Starting JVM pause monitor
2020-07-09 01:19:20,380 [Datanode State Machine Thread - 0] INFO  datanode.InitDatanodeState (InitDatanodeState.java:persistContainerDatanodeDetails(145)) - DatanodeDetails is persisted to /github/workspace/mnt/ozone/hadoop-ozone/integration-test/target/test-dir/MiniOzoneClusterImpl-513b5a01-9d99-4e7a-8fe1-3ea97a28e1a0/datanode-8/meta/datanode.id
2020-07-09 01:19:21,364 [Listener at 127.0.0.1/39385] INFO  ozone.MiniOzoneClusterImpl (MiniOzoneClusterImpl.java:lambda$waitForClusterToBeReady$0(177)) - Waiting for nodes to be ready. Got 0 of 9 DN Heartbeats.
2020-07-09 01:19:21,365 [Listener at 127.0.0.1/39385] INFO  ozone.MiniOzoneClusterImpl (MiniOzoneClusterImpl.java:lambda$waitForClusterToBeReady$0(180)) - Waiting for cluster to exit safe mode
2020-07-09 01:19:21,718 [Datanode State Machine Thread - 0] INFO  ozoneimpl.OzoneContainer (OzoneContainer.java:start(232)) - Attempting to start container services.
2020-07-09 01:19:21,719 [Datanode State Machine Thread - 0] INFO  ozoneimpl.OzoneContainer (OzoneContainer.java:startContainerScrub(196)) - Background container scanner has been disabled.
2020-07-09 01:19:21,720 [Datanode State Machine Thread - 0] INFO  ratis.XceiverServerRatis (XceiverServerRatis.java:start(425)) - Starting XceiverServerRatis c506d153-aba5-44d6-9bcb-0e1026c6c6c2 at port 0
2020-07-09 01:19:21,729 [Datanode State Machine Thread - 0] INFO  impl.RaftServerProxy (RaftServerProxy.java:lambda$start$3(304)) - c506d153-aba5-44d6-9bcb-0e1026c6c6c2: start RPC server
2020-07-09 01:19:21,791 [Datanode State Machine Thread - 0] INFO  server.GrpcService (GrpcService.java:startImpl(160)) - c506d153-aba5-44d6-9bcb-0e1026c6c6c2: GrpcService started, listening on 0.0.0.0/0.0.0.0:41753
2020-07-09 01:19:21,792 [Datanode State Machine Thread - 0] INFO  ratis.XceiverServerRatis (XceiverServerRatis.java:start(437)) - XceiverServerRatis c506d153-aba5-44d6-9bcb-0e1026c6c6c2 is started using port 41753
2020-07-09 01:19:21,796 [Datanode State Machine Thread - 0] INFO  server.XceiverServerGrpc (XceiverServerGrpc.java:start(145)) - XceiverServerGrpc c506d153-aba5-44d6-9bcb-0e1026c6c6c2 is started using port 40687
2020-07-09 01:19:21,807 [Datanode State Machine Thread - 0] INFO  ozoneimpl.OzoneContainer (OzoneContainer.java:start(232)) - Attempting to start container services.
2020-07-09 01:19:21,810 [Datanode State Machine Thread - 0] INFO  ozoneimpl.OzoneContainer (OzoneContainer.java:startContainerScrub(196)) - Background container scanner has been disabled.
2020-07-09 01:19:21,810 [Datanode State Machine Thread - 0] INFO  ratis.XceiverServerRatis (XceiverServerRatis.java:start(425)) - Starting XceiverServerRatis 3bb671d4-7f90-4750-a753-fc4fc647587c at port 0
2020-07-09 01:19:21,815 [Datanode State Machine Thread - 0] INFO  impl.RaftServerProxy (RaftServerProxy.java:lambda$start$3(304)) - 3bb671d4-7f90-4750-a753-fc4fc647587c: start RPC server
2020-07-09 01:19:21,821 [Datanode State Machine Thread - 0] INFO  server.GrpcService (GrpcService.java:startImpl(160)) - 3bb671d4-7f90-4750-a753-fc4fc647587c: GrpcService started, listening on 0.0.0.0/0.0.0.0:36973
2020-07-09 01:19:21,821 [Datanode State Machine Thread - 0] INFO  ratis.XceiverServerRatis (XceiverServerRatis.java:start(437)) - XceiverServerRatis 3bb671d4-7f90-4750-a753-fc4fc647587c is started using port 36973
2020-07-09 01:19:21,822 [Datanode State Machine Thread - 0] INFO  server.XceiverServerGrpc (XceiverServerGrpc.java:start(145)) - XceiverServerGrpc 3bb671d4-7f90-4750-a753-fc4fc647587c is started using port 40523
2020-07-09 01:19:21,909 [Datanode State Machine Thread - 0] INFO  ozoneimpl.OzoneContainer (OzoneContainer.java:start(232)) - Attempting to start container services.
2020-07-09 01:19:21,910 [Datanode State Machine Thread - 0] INFO  ozoneimpl.OzoneContainer (OzoneContainer.java:startContainerScrub(196)) - Background container scanner has been disabled.
2020-07-09 01:19:21,910 [Datanode State Machine Thread - 0] INFO  ratis.XceiverServerRatis (XceiverServerRatis.java:start(425)) - Starting XceiverServerRatis 6364e981-304f-41bf-bc01-7b1ff98cc952 at port 0
2020-07-09 01:19:21,911 [Datanode State Machine Thread - 0] INFO  impl.RaftServerProxy (RaftServerProxy.java:lambda$start$3(304)) - 6364e981-304f-41bf-bc01-7b1ff98cc952: start RPC server
2020-07-09 01:19:21,920 [Datanode State Machine Thread - 0] INFO  server.GrpcService (GrpcService.java:startImpl(160)) - 6364e981-304f-41bf-bc01-7b1ff98cc952: GrpcService started, listening on 0.0.0.0/0.0.0.0:34653
2020-07-09 01:19:21,920 [Datanode State Machine Thread - 0] INFO  ratis.XceiverServerRatis (XceiverServerRatis.java:start(437)) - XceiverServerRatis 6364e981-304f-41bf-bc01-7b1ff98cc952 is started using port 34653
2020-07-09 01:19:21,921 [Datanode State Machine Thread - 0] INFO  server.XceiverServerGrpc (XceiverServerGrpc.java:start(145)) - XceiverServerGrpc 6364e981-304f-41bf-bc01-7b1ff98cc952 is started using port 40157
2020-07-09 01:19:22,015 [Datanode State Machine Thread - 0] INFO  ozoneimpl.OzoneContainer (OzoneContainer.java:start(232)) - Attempting to start container services.
2020-07-09 01:19:22,015 [Datanode State Machine Thread - 0] INFO  ozoneimpl.OzoneContainer (OzoneContainer.java:startContainerScrub(196)) - Background container scanner has been disabled.
2020-07-09 01:19:22,015 [Datanode State Machine Thread - 0] INFO  ratis.XceiverServerRatis (XceiverServerRatis.java:start(425)) - Starting XceiverServerRatis 4f159216-eef4-4234-82ad-645dd276908c at port 0
2020-07-09 01:19:22,017 [Datanode State Machine Thread - 0] INFO  impl.RaftServerProxy (RaftServerProxy.java:lambda$start$3(304)) - 4f159216-eef4-4234-82ad-645dd276908c: start RPC server
2020-07-09 01:19:22,019 [Datanode State Machine Thread - 0] INFO  server.GrpcService (GrpcService.java:startImpl(160)) - 4f159216-eef4-4234-82ad-645dd276908c: GrpcService started, listening on 0.0.0.0/0.0.0.0:41133
2020-07-09 01:19:22,019 [Datanode State Machine Thread - 0] INFO  ratis.XceiverServerRatis (XceiverServerRatis.java:start(437)) - XceiverServerRatis 4f159216-eef4-4234-82ad-645dd276908c is started using port 41133
2020-07-09 01:19:22,023 [Datanode State Machine Thread - 0] INFO  server.XceiverServerGrpc (XceiverServerGrpc.java:start(145)) - XceiverServerGrpc 4f159216-eef4-4234-82ad-645dd276908c is started using port 44325
2020-07-09 01:19:22,081 [Datanode State Machine Thread - 0] INFO  ozoneimpl.OzoneContainer (OzoneContainer.java:start(232)) - Attempting to start container services.
2020-07-09 01:19:22,081 [Datanode State Machine Thread - 0] INFO  ozoneimpl.OzoneContainer (OzoneContainer.java:startContainerScrub(196)) - Background container scanner has been disabled.
2020-07-09 01:19:22,081 [Datanode State Machine Thread - 0] INFO  ratis.XceiverServerRatis (XceiverServerRatis.java:start(425)) - Starting XceiverServerRatis c95b19f7-50b5-4904-962f-b689396cb015 at port 0
2020-07-09 01:19:22,083 [Datanode State Machine Thread - 0] INFO  impl.RaftServerProxy (RaftServerProxy.java:lambda$start$3(304)) - c95b19f7-50b5-4904-962f-b689396cb015: start RPC server
2020-07-09 01:19:22,088 [Datanode State Machine Thread - 0] INFO  server.GrpcService (GrpcService.java:startImpl(160)) - c95b19f7-50b5-4904-962f-b689396cb015: GrpcService started, listening on 0.0.0.0/0.0.0.0:34853
2020-07-09 01:19:22,088 [Datanode State Machine Thread - 0] INFO  ratis.XceiverServerRatis (XceiverServerRatis.java:start(437)) - XceiverServerRatis c95b19f7-50b5-4904-962f-b689396cb015 is started using port 34853
2020-07-09 01:19:22,089 [Datanode State Machine Thread - 0] INFO  server.XceiverServerGrpc (XceiverServerGrpc.java:start(145)) - XceiverServerGrpc c95b19f7-50b5-4904-962f-b689396cb015 is started using port 43333
2020-07-09 01:19:22,148 [Datanode State Machine Thread - 0] INFO  ozoneimpl.OzoneContainer (OzoneContainer.java:start(232)) - Attempting to start container services.
2020-07-09 01:19:22,148 [Datanode State Machine Thread - 0] INFO  ozoneimpl.OzoneContainer (OzoneContainer.java:startContainerScrub(196)) - Background container scanner has been disabled.
2020-07-09 01:19:22,148 [Datanode State Machine Thread - 0] INFO  ratis.XceiverServerRatis (XceiverServerRatis.java:start(425)) - Starting XceiverServerRatis 4de64420-61f2-4826-b9c9-fe43ebf29f54 at port 0
2020-07-09 01:19:22,151 [Datanode State Machine Thread - 0] INFO  impl.RaftServerProxy (RaftServerProxy.java:lambda$start$3(304)) - 4de64420-61f2-4826-b9c9-fe43ebf29f54: start RPC server
2020-07-09 01:19:22,154 [Datanode State Machine Thread - 0] INFO  server.GrpcService (GrpcService.java:startImpl(160)) - 4de64420-61f2-4826-b9c9-fe43ebf29f54: GrpcService started, listening on 0.0.0.0/0.0.0.0:38165
2020-07-09 01:19:22,154 [Datanode State Machine Thread - 0] INFO  ratis.XceiverServerRatis (XceiverServerRatis.java:start(437)) - XceiverServerRatis 4de64420-61f2-4826-b9c9-fe43ebf29f54 is started using port 38165
2020-07-09 01:19:22,156 [Datanode State Machine Thread - 0] INFO  server.XceiverServerGrpc (XceiverServerGrpc.java:start(145)) - XceiverServerGrpc 4de64420-61f2-4826-b9c9-fe43ebf29f54 is started using port 42047
2020-07-09 01:19:22,234 [Datanode State Machine Thread - 0] INFO  ozoneimpl.OzoneContainer (OzoneContainer.java:start(232)) - Attempting to start container services.
2020-07-09 01:19:22,235 [Datanode State Machine Thread - 0] INFO  ozoneimpl.OzoneContainer (OzoneContainer.java:startContainerScrub(196)) - Background container scanner has been disabled.
2020-07-09 01:19:22,235 [Datanode State Machine Thread - 0] INFO  ratis.XceiverServerRatis (XceiverServerRatis.java:start(425)) - Starting XceiverServerRatis 83bd9611-6e96-48be-a1bb-e26ec6efad02 at port 0
2020-07-09 01:19:22,237 [Datanode State Machine Thread - 0] INFO  impl.RaftServerProxy (RaftServerProxy.java:lambda$start$3(304)) - 83bd9611-6e96-48be-a1bb-e26ec6efad02: start RPC server
2020-07-09 01:19:22,239 [Datanode State Machine Thread - 0] INFO  server.GrpcService (GrpcService.java:startImpl(160)) - 83bd9611-6e96-48be-a1bb-e26ec6efad02: GrpcService started, listening on 0.0.0.0/0.0.0.0:36813
2020-07-09 01:19:22,239 [Datanode State Machine Thread - 0] INFO  ratis.XceiverServerRatis (XceiverServerRatis.java:start(437)) - XceiverServerRatis 83bd9611-6e96-48be-a1bb-e26ec6efad02 is started using port 36813
2020-07-09 01:19:22,240 [Datanode State Machine Thread - 0] INFO  server.XceiverServerGrpc (XceiverServerGrpc.java:start(145)) - XceiverServerGrpc 83bd9611-6e96-48be-a1bb-e26ec6efad02 is started using port 38167
2020-07-09 01:19:22,294 [Datanode State Machine Thread - 0] INFO  ozoneimpl.OzoneContainer (OzoneContainer.java:start(232)) - Attempting to start container services.
2020-07-09 01:19:22,294 [Datanode State Machine Thread - 0] INFO  ozoneimpl.OzoneContainer (OzoneContainer.java:startContainerScrub(196)) - Background container scanner has been disabled.
2020-07-09 01:19:22,295 [Datanode State Machine Thread - 0] INFO  ratis.XceiverServerRatis (XceiverServerRatis.java:start(425)) - Starting XceiverServerRatis 954078f0-2330-48dc-ab29-af631119e127 at port 0
2020-07-09 01:19:22,296 [Datanode State Machine Thread - 0] INFO  impl.RaftServerProxy (RaftServerProxy.java:lambda$start$3(304)) - 954078f0-2330-48dc-ab29-af631119e127: start RPC server
2020-07-09 01:19:22,299 [Datanode State Machine Thread - 0] INFO  server.GrpcService (GrpcService.java:startImpl(160)) - 954078f0-2330-48dc-ab29-af631119e127: GrpcService started, listening on 0.0.0.0/0.0.0.0:33459
2020-07-09 01:19:22,299 [Datanode State Machine Thread - 0] INFO  ratis.XceiverServerRatis (XceiverServerRatis.java:start(437)) - XceiverServerRatis 954078f0-2330-48dc-ab29-af631119e127 is started using port 33459
2020-07-09 01:19:22,300 [Datanode State Machine Thread - 0] INFO  server.XceiverServerGrpc (XceiverServerGrpc.java:start(145)) - XceiverServerGrpc 954078f0-2330-48dc-ab29-af631119e127 is started using port 45891
2020-07-09 01:19:22,365 [Listener at 127.0.0.1/39385] INFO  ozone.MiniOzoneClusterImpl (MiniOzoneClusterImpl.java:lambda$waitForClusterToBeReady$0(177)) - Waiting for nodes to be ready. Got 0 of 9 DN Heartbeats.
2020-07-09 01:19:22,365 [Listener at 127.0.0.1/39385] INFO  ozone.MiniOzoneClusterImpl (MiniOzoneClusterImpl.java:lambda$waitForClusterToBeReady$0(180)) - Waiting for cluster to exit safe mode
2020-07-09 01:19:22,384 [Datanode State Machine Thread - 0] INFO  ozoneimpl.OzoneContainer (OzoneContainer.java:start(232)) - Attempting to start container services.
2020-07-09 01:19:22,384 [Datanode State Machine Thread - 0] INFO  ozoneimpl.OzoneContainer (OzoneContainer.java:startContainerScrub(196)) - Background container scanner has been disabled.
2020-07-09 01:19:22,384 [Datanode State Machine Thread - 0] INFO  ratis.XceiverServerRatis (XceiverServerRatis.java:start(425)) - Starting XceiverServerRatis 98f34e18-095d-41d7-a8c8-ef1510a34e6f at port 0
2020-07-09 01:19:22,385 [Datanode State Machine Thread - 0] INFO  impl.RaftServerProxy (RaftServerProxy.java:lambda$start$3(304)) - 98f34e18-095d-41d7-a8c8-ef1510a34e6f: start RPC server
2020-07-09 01:19:22,387 [Datanode State Machine Thread - 0] INFO  server.GrpcService (GrpcService.java:startImpl(160)) - 98f34e18-095d-41d7-a8c8-ef1510a34e6f: GrpcService started, listening on 0.0.0.0/0.0.0.0:37419
2020-07-09 01:19:22,387 [Datanode State Machine Thread - 0] INFO  ratis.XceiverServerRatis (XceiverServerRatis.java:start(437)) - XceiverServerRatis 98f34e18-095d-41d7-a8c8-ef1510a34e6f is started using port 37419
2020-07-09 01:19:22,389 [Datanode State Machine Thread - 0] INFO  server.XceiverServerGrpc (XceiverServerGrpc.java:start(145)) - XceiverServerGrpc 98f34e18-095d-41d7-a8c8-ef1510a34e6f is started using port 42285
2020-07-09 01:19:23,365 [Listener at 127.0.0.1/39385] INFO  ozone.MiniOzoneClusterImpl (MiniOzoneClusterImpl.java:lambda$waitForClusterToBeReady$0(177)) - Waiting for nodes to be ready. Got 0 of 9 DN Heartbeats.
2020-07-09 01:19:23,366 [Listener at 127.0.0.1/39385] INFO  ozone.MiniOzoneClusterImpl (MiniOzoneClusterImpl.java:lambda$waitForClusterToBeReady$0(180)) - Waiting for cluster to exit safe mode
2020-07-09 01:19:23,674 [IPC Server handler 0 on default port 45223] INFO  net.NetworkTopology (NetworkTopologyImpl.java:add(111)) - Added a new node: /default-rack/c506d153-aba5-44d6-9bcb-0e1026c6c6c2
2020-07-09 01:19:23,675 [IPC Server handler 0 on default port 45223] INFO  node.SCMNodeManager (SCMNodeManager.java:register(268)) - Registered Data node : c506d153-aba5-44d6-9bcb-0e1026c6c6c2{ip: 172.17.0.2, host: 848e8b8fb74f, networkLocation: /default-rack, certSerialId: null}
2020-07-09 01:19:23,680 [EventQueue-NodeRegistrationContainerReportForContainerSafeModeRule] INFO  safemode.SCMSafeModeManager (SCMSafeModeManager.java:validateSafeModeExitRules(214)) - ContainerSafeModeRule rule is successfully validated
2020-07-09 01:19:23,681 [EventQueue-NodeRegistrationContainerReportForDataNodeSafeModeRule] INFO  safemode.SCMSafeModeManager (DataNodeSafeModeRule.java:process(71)) - SCM in safe mode. 1 DataNodes registered, 1 required.
2020-07-09 01:19:23,681 [EventQueue-NodeRegistrationContainerReportForDataNodeSafeModeRule] INFO  safemode.SCMSafeModeManager (SCMSafeModeManager.java:validateSafeModeExitRules(214)) - DataNodeSafeModeRule rule is successfully validated
2020-07-09 01:19:23,681 [EventQueue-NodeRegistrationContainerReportForDataNodeSafeModeRule] INFO  safemode.SCMSafeModeManager (SCMSafeModeManager.java:completePreCheck(242)) - All SCM safe mode pre check rules have passed
2020-07-09 01:19:23,715 [RatisPipelineUtilsThread] INFO  pipeline.RatisPipelineProvider (RatisPipelineProvider.java:lambda$create$0(138)) - Sending CreatePipelineCommand for pipeline:PipelineID=4b8c1ffb-8e05-4429-b364-319bacb3a4e2 to datanode:c506d153-aba5-44d6-9bcb-0e1026c6c6c2
2020-07-09 01:19:23,745 [RatisPipelineUtilsThread] INFO  pipeline.PipelineStateManager (PipelineStateManager.java:addPipeline(54)) - Created pipeline Pipeline[ Id: 4b8c1ffb-8e05-4429-b364-319bacb3a4e2, Nodes: c506d153-aba5-44d6-9bcb-0e1026c6c6c2{ip: 172.17.0.2, host: 848e8b8fb74f, networkLocation: /default-rack, certSerialId: null}, Type:RATIS, Factor:ONE, State:ALLOCATED, leaderId:, CreationTimestamp2020-07-09T01:19:23.687Z]
2020-07-09 01:19:23,749 [RatisPipelineUtilsThread] ERROR pipeline.SCMPipelineManager (SCMPipelineManager.java:createPipeline(222)) - Failed to create pipeline of type RATIS and factor ONE. Exception: Cannot create pipeline of factor 1 using 0 nodes. Used 1 nodes. Healthy nodes 1
2020-07-09 01:19:23,749 [RatisPipelineUtilsThread] WARN  pipeline.PipelinePlacementPolicy (PipelinePlacementPolicy.java:filterViableNodes(133)) - Pipeline creation failed due to no sufficient healthy datanodes. Required 3. Found 1.
2020-07-09 01:19:23,755 [RatisPipelineUtilsThread] ERROR pipeline.SCMPipelineManager (SCMPipelineManager.java:createPipeline(222)) - Failed to create pipeline of type RATIS and factor THREE. Exception: Pipeline creation failed due to no sufficient healthy datanodes. Required 3. Found 1.
2020-07-09 01:19:23,805 [IPC Server handler 1 on default port 45223] INFO  net.NetworkTopology (NetworkTopologyImpl.java:add(111)) - Added a new node: /default-rack/3bb671d4-7f90-4750-a753-fc4fc647587c
2020-07-09 01:19:23,806 [IPC Server handler 1 on default port 45223] INFO  node.SCMNodeManager (SCMNodeManager.java:register(268)) - Registered Data node : 3bb671d4-7f90-4750-a753-fc4fc647587c{ip: 172.17.0.2, host: 848e8b8fb74f, networkLocation: /default-rack, certSerialId: null}
2020-07-09 01:19:23,806 [EventQueue-NodeRegistrationContainerReportForContainerSafeModeRule] INFO  safemode.SCMSafeModeManager (SCMSafeModeManager.java:validateSafeModeExitRules(214)) - ContainerSafeModeRule rule is successfully validated
2020-07-09 01:19:23,806 [EventQueue-NodeRegistrationContainerReportForDataNodeSafeModeRule] INFO  safemode.SCMSafeModeManager (SCMSafeModeManager.java:validateSafeModeExitRules(214)) - DataNodeSafeModeRule rule is successfully validated
2020-07-09 01:19:23,808 [RatisPipelineUtilsThread] INFO  pipeline.RatisPipelineProvider (RatisPipelineProvider.java:lambda$create$0(138)) - Sending CreatePipelineCommand for pipeline:PipelineID=45a81381-41b7-47e4-bde0-b41b5b96a483 to datanode:3bb671d4-7f90-4750-a753-fc4fc647587c
2020-07-09 01:19:23,808 [RatisPipelineUtilsThread] INFO  pipeline.PipelineStateManager (PipelineStateManager.java:addPipeline(54)) - Created pipeline Pipeline[ Id: 45a81381-41b7-47e4-bde0-b41b5b96a483, Nodes: 3bb671d4-7f90-4750-a753-fc4fc647587c{ip: 172.17.0.2, host: 848e8b8fb74f, networkLocation: /default-rack, certSerialId: null}, Type:RATIS, Factor:ONE, State:ALLOCATED, leaderId:, CreationTimestamp2020-07-09T01:19:23.808Z]
2020-07-09 01:19:23,809 [RatisPipelineUtilsThread] ERROR pipeline.SCMPipelineManager (SCMPipelineManager.java:createPipeline(222)) - Failed to create pipeline of type RATIS and factor ONE. Exception: Cannot create pipeline of factor 1 using 0 nodes. Used 2 nodes. Healthy nodes 2
2020-07-09 01:19:23,809 [RatisPipelineUtilsThread] WARN  pipeline.PipelinePlacementPolicy (PipelinePlacementPolicy.java:filterViableNodes(133)) - Pipeline creation failed due to no sufficient healthy datanodes. Required 3. Found 2.
2020-07-09 01:19:23,809 [RatisPipelineUtilsThread] ERROR pipeline.SCMPipelineManager (SCMPipelineManager.java:createPipeline(222)) - Failed to create pipeline of type RATIS and factor THREE. Exception: Pipeline creation failed due to no sufficient healthy datanodes. Required 3. Found 2.
2020-07-09 01:19:23,908 [IPC Server handler 2 on default port 45223] INFO  net.NetworkTopology (NetworkTopologyImpl.java:add(111)) - Added a new node: /default-rack/6364e981-304f-41bf-bc01-7b1ff98cc952
2020-07-09 01:19:23,908 [IPC Server handler 2 on default port 45223] INFO  node.SCMNodeManager (SCMNodeManager.java:register(268)) - Registered Data node : 6364e981-304f-41bf-bc01-7b1ff98cc952{ip: 172.17.0.2, host: 848e8b8fb74f, networkLocation: /default-rack, certSerialId: null}
2020-07-09 01:19:23,909 [RatisPipelineUtilsThread] INFO  pipeline.RatisPipelineProvider (RatisPipelineProvider.java:lambda$create$0(138)) - Sending CreatePipelineCommand for pipeline:PipelineID=1a31760a-dae7-421f-944c-6c9ab64ef0a5 to datanode:6364e981-304f-41bf-bc01-7b1ff98cc952
2020-07-09 01:19:23,909 [EventQueue-NodeRegistrationContainerReportForContainerSafeModeRule] INFO  safemode.SCMSafeModeManager (SCMSafeModeManager.java:validateSafeModeExitRules(214)) - ContainerSafeModeRule rule is successfully validated
2020-07-09 01:19:23,909 [EventQueue-NodeRegistrationContainerReportForDataNodeSafeModeRule] INFO  safemode.SCMSafeModeManager (SCMSafeModeManager.java:validateSafeModeExitRules(214)) - DataNodeSafeModeRule rule is successfully validated
2020-07-09 01:19:23,910 [RatisPipelineUtilsThread] INFO  pipeline.PipelineStateManager (PipelineStateManager.java:addPipeline(54)) - Created pipeline Pipeline[ Id: 1a31760a-dae7-421f-944c-6c9ab64ef0a5, Nodes: 6364e981-304f-41bf-bc01-7b1ff98cc952{ip: 172.17.0.2, host: 848e8b8fb74f, networkLocation: /default-rack, certSerialId: null}, Type:RATIS, Factor:ONE, State:ALLOCATED, leaderId:, CreationTimestamp2020-07-09T01:19:23.909Z]
2020-07-09 01:19:23,910 [RatisPipelineUtilsThread] ERROR pipeline.SCMPipelineManager (SCMPipelineManager.java:createPipeline(222)) - Failed to create pipeline of type RATIS and factor ONE. Exception: Cannot create pipeline of factor 1 using 0 nodes. Used 3 nodes. Healthy nodes 3
2020-07-09 01:19:23,916 [RatisPipelineUtilsThread] INFO  pipeline.RatisPipelineProvider (RatisPipelineProvider.java:lambda$create$0(138)) - Sending CreatePipelineCommand for pipeline:PipelineID=e2c8be27-5b87-40ea-b7f7-ede382ce3e00 to datanode:3bb671d4-7f90-4750-a753-fc4fc647587c
2020-07-09 01:19:23,916 [RatisPipelineUtilsThread] INFO  pipeline.RatisPipelineProvider (RatisPipelineProvider.java:lambda$create$0(138)) - Sending CreatePipelineCommand for pipeline:PipelineID=e2c8be27-5b87-40ea-b7f7-ede382ce3e00 to datanode:6364e981-304f-41bf-bc01-7b1ff98cc952
2020-07-09 01:19:23,916 [RatisPipelineUtilsThread] INFO  pipeline.RatisPipelineProvider (RatisPipelineProvider.java:lambda$create$0(138)) - Sending CreatePipelineCommand for pipeline:PipelineID=e2c8be27-5b87-40ea-b7f7-ede382ce3e00 to datanode:c506d153-aba5-44d6-9bcb-0e1026c6c6c2
2020-07-09 01:19:23,917 [RatisPipelineUtilsThread] INFO  pipeline.PipelineStateManager (PipelineStateManager.java:addPipeline(54)) - Created pipeline Pipeline[ Id: e2c8be27-5b87-40ea-b7f7-ede382ce3e00, Nodes: 3bb671d4-7f90-4750-a753-fc4fc647587c{ip: 172.17.0.2, host: 848e8b8fb74f, networkLocation: /default-rack, certSerialId: null}6364e981-304f-41bf-bc01-7b1ff98cc952{ip: 172.17.0.2, host: 848e8b8fb74f, networkLocation: /default-rack, certSerialId: null}c506d153-aba5-44d6-9bcb-0e1026c6c6c2{ip: 172.17.0.2, host: 848e8b8fb74f, networkLocation: /default-rack, certSerialId: null}, Type:RATIS, Factor:THREE, State:ALLOCATED, leaderId:, CreationTimestamp2020-07-09T01:19:23.916Z]
2020-07-09 01:19:23,917 [RatisPipelineUtilsThread] ERROR pipeline.SCMPipelineManager (SCMPipelineManager.java:createPipeline(222)) - Failed to create pipeline of type RATIS and factor THREE. Exception: Pipeline creation failed because nodes are engaged in other pipelines and every node can only be engaged in max 2 pipelines. Required 3. Found 0
2020-07-09 01:19:24,014 [IPC Server handler 3 on default port 45223] INFO  net.NetworkTopology (NetworkTopologyImpl.java:add(111)) - Added a new node: /default-rack/4f159216-eef4-4234-82ad-645dd276908c
2020-07-09 01:19:24,015 [IPC Server handler 3 on default port 45223] INFO  node.SCMNodeManager (SCMNodeManager.java:register(268)) - Registered Data node : 4f159216-eef4-4234-82ad-645dd276908c{ip: 172.17.0.2, host: 848e8b8fb74f, networkLocation: /default-rack, certSerialId: null}
2020-07-09 01:19:24,015 [EventQueue-NodeRegistrationContainerReportForDataNodeSafeModeRule] INFO  safemode.SCMSafeModeManager (SCMSafeModeManager.java:validateSafeModeExitRules(214)) - DataNodeSafeModeRule rule is successfully validated
2020-07-09 01:19:24,016 [EventQueue-NodeRegistrationContainerReportForContainerSafeModeRule] INFO  safemode.SCMSafeModeManager (SCMSafeModeManager.java:validateSafeModeExitRules(214)) - ContainerSafeModeRule rule is successfully validated
2020-07-09 01:19:24,016 [RatisPipelineUtilsThread] INFO  pipeline.RatisPipelineProvider (RatisPipelineProvider.java:lambda$create$0(138)) - Sending CreatePipelineCommand for pipeline:PipelineID=85a051cc-5164-47dd-877a-7f3d959df0fa to datanode:4f159216-eef4-4234-82ad-645dd276908c
2020-07-09 01:19:24,017 [RatisPipelineUtilsThread] INFO  pipeline.PipelineStateManager (PipelineStateManager.java:addPipeline(54)) - Created pipeline Pipeline[ Id: 85a051cc-5164-47dd-877a-7f3d959df0fa, Nodes: 4f159216-eef4-4234-82ad-645dd276908c{ip: 172.17.0.2, host: 848e8b8fb74f, networkLocation: /default-rack, certSerialId: null}, Type:RATIS, Factor:ONE, State:ALLOCATED, leaderId:, CreationTimestamp2020-07-09T01:19:24.016Z]
2020-07-09 01:19:24,017 [RatisPipelineUtilsThread] ERROR pipeline.SCMPipelineManager (SCMPipelineManager.java:createPipeline(222)) - Failed to create pipeline of type RATIS and factor ONE. Exception: Cannot create pipeline of factor 1 using 0 nodes. Used 4 nodes. Healthy nodes 4
2020-07-09 01:19:24,018 [RatisPipelineUtilsThread] ERROR pipeline.SCMPipelineManager (SCMPipelineManager.java:createPipeline(222)) - Failed to create pipeline of type RATIS and factor THREE. Exception: Pipeline creation failed because nodes are engaged in other pipelines and every node can only be engaged in max 2 pipelines. Required 3. Found 1
2020-07-09 01:19:24,080 [IPC Server handler 4 on default port 45223] INFO  net.NetworkTopology (NetworkTopologyImpl.java:add(111)) - Added a new node: /default-rack/c95b19f7-50b5-4904-962f-b689396cb015
2020-07-09 01:19:24,080 [IPC Server handler 4 on default port 45223] INFO  node.SCMNodeManager (SCMNodeManager.java:register(268)) - Registered Data node : c95b19f7-50b5-4904-962f-b689396cb015{ip: 172.17.0.2, host: 848e8b8fb74f, networkLocation: /default-rack, certSerialId: null}
2020-07-09 01:19:24,081 [EventQueue-NodeRegistrationContainerReportForContainerSafeModeRule] INFO  safemode.SCMSafeModeManager (SCMSafeModeManager.java:validateSafeModeExitRules(214)) - ContainerSafeModeRule rule is successfully validated
2020-07-09 01:19:24,081 [EventQueue-NodeRegistrationContainerReportForDataNodeSafeModeRule] INFO  safemode.SCMSafeModeManager (SCMSafeModeManager.java:validateSafeModeExitRules(214)) - DataNodeSafeModeRule rule is successfully validated
2020-07-09 01:19:24,082 [RatisPipelineUtilsThread] INFO  pipeline.RatisPipelineProvider (RatisPipelineProvider.java:lambda$create$0(138)) - Sending CreatePipelineCommand for pipeline:PipelineID=6cd2bc2d-ccaa-4b13-95eb-879e32c7d743 to datanode:c95b19f7-50b5-4904-962f-b689396cb015
2020-07-09 01:19:24,082 [RatisPipelineUtilsThread] INFO  pipeline.PipelineStateManager (PipelineStateManager.java:addPipeline(54)) - Created pipeline Pipeline[ Id: 6cd2bc2d-ccaa-4b13-95eb-879e32c7d743, Nodes: c95b19f7-50b5-4904-962f-b689396cb015{ip: 172.17.0.2, host: 848e8b8fb74f, networkLocation: /default-rack, certSerialId: null}, Type:RATIS, Factor:ONE, State:ALLOCATED, leaderId:, CreationTimestamp2020-07-09T01:19:24.082Z]
2020-07-09 01:19:24,083 [RatisPipelineUtilsThread] ERROR pipeline.SCMPipelineManager (SCMPipelineManager.java:createPipeline(222)) - Failed to create pipeline of type RATIS and factor ONE. Exception: Cannot create pipeline of factor 1 using 0 nodes. Used 5 nodes. Healthy nodes 5
2020-07-09 01:19:24,084 [RatisPipelineUtilsThread] ERROR pipeline.SCMPipelineManager (SCMPipelineManager.java:createPipeline(222)) - Failed to create pipeline of type RATIS and factor THREE. Exception: Pipeline creation failed because nodes are engaged in other pipelines and every node can only be engaged in max 2 pipelines. Required 3. Found 2
2020-07-09 01:19:24,148 [IPC Server handler 6 on default port 45223] INFO  net.NetworkTopology (NetworkTopologyImpl.java:add(111)) - Added a new node: /default-rack/4de64420-61f2-4826-b9c9-fe43ebf29f54
2020-07-09 01:19:24,148 [IPC Server handler 6 on default port 45223] INFO  node.SCMNodeManager (SCMNodeManager.java:register(268)) - Registered Data node : 4de64420-61f2-4826-b9c9-fe43ebf29f54{ip: 172.17.0.2, host: 848e8b8fb74f, networkLocation: /default-rack, certSerialId: null}
2020-07-09 01:19:24,149 [EventQueue-NodeRegistrationContainerReportForContainerSafeModeRule] INFO  safemode.SCMSafeModeManager (SCMSafeModeManager.java:validateSafeModeExitRules(214)) - ContainerSafeModeRule rule is successfully validated
2020-07-09 01:19:24,149 [EventQueue-NodeRegistrationContainerReportForDataNodeSafeModeRule] INFO  safemode.SCMSafeModeManager (SCMSafeModeManager.java:validateSafeModeExitRules(214)) - DataNodeSafeModeRule rule is successfully validated
2020-07-09 01:19:24,149 [RatisPipelineUtilsThread] INFO  pipeline.RatisPipelineProvider (RatisPipelineProvider.java:lambda$create$0(138)) - Sending CreatePipelineCommand for pipeline:PipelineID=41fa43d2-a1fe-41ad-8492-7617efe81e04 to datanode:4de64420-61f2-4826-b9c9-fe43ebf29f54
2020-07-09 01:19:24,150 [RatisPipelineUtilsThread] INFO  pipeline.PipelineStateManager (PipelineStateManager.java:addPipeline(54)) - Created pipeline Pipeline[ Id: 41fa43d2-a1fe-41ad-8492-7617efe81e04, Nodes: 4de64420-61f2-4826-b9c9-fe43ebf29f54{ip: 172.17.0.2, host: 848e8b8fb74f, networkLocation: /default-rack, certSerialId: null}, Type:RATIS, Factor:ONE, State:ALLOCATED, leaderId:, CreationTimestamp2020-07-09T01:19:24.149Z]
2020-07-09 01:19:24,150 [RatisPipelineUtilsThread] ERROR pipeline.SCMPipelineManager (SCMPipelineManager.java:createPipeline(222)) - Failed to create pipeline of type RATIS and factor ONE. Exception: Cannot create pipeline of factor 1 using 0 nodes. Used 6 nodes. Healthy nodes 6
2020-07-09 01:19:24,150 [RatisPipelineUtilsThread] INFO  pipeline.RatisPipelineProvider (RatisPipelineProvider.java:lambda$create$0(138)) - Sending CreatePipelineCommand for pipeline:PipelineID=9383e73a-41af-40e3-9896-b75f79988d48 to datanode:c95b19f7-50b5-4904-962f-b689396cb015
2020-07-09 01:19:24,151 [RatisPipelineUtilsThread] INFO  pipeline.RatisPipelineProvider (RatisPipelineProvider.java:lambda$create$0(138)) - Sending CreatePipelineCommand for pipeline:PipelineID=9383e73a-41af-40e3-9896-b75f79988d48 to datanode:4f159216-eef4-4234-82ad-645dd276908c
2020-07-09 01:19:24,151 [RatisPipelineUtilsThread] INFO  pipeline.RatisPipelineProvider (RatisPipelineProvider.java:lambda$create$0(138)) - Sending CreatePipelineCommand for pipeline:PipelineID=9383e73a-41af-40e3-9896-b75f79988d48 to datanode:4de64420-61f2-4826-b9c9-fe43ebf29f54
2020-07-09 01:19:24,151 [RatisPipelineUtilsThread] INFO  pipeline.PipelineStateManager (PipelineStateManager.java:addPipeline(54)) - Created pipeline Pipeline[ Id: 9383e73a-41af-40e3-9896-b75f79988d48, Nodes: c95b19f7-50b5-4904-962f-b689396cb015{ip: 172.17.0.2, host: 848e8b8fb74f, networkLocation: /default-rack, certSerialId: null}4f159216-eef4-4234-82ad-645dd276908c{ip: 172.17.0.2, host: 848e8b8fb74f, networkLocation: /default-rack, certSerialId: null}4de64420-61f2-4826-b9c9-fe43ebf29f54{ip: 172.17.0.2, host: 848e8b8fb74f, networkLocation: /default-rack, certSerialId: null}, Type:RATIS, Factor:THREE, State:ALLOCATED, leaderId:, CreationTimestamp2020-07-09T01:19:24.150Z]
2020-07-09 01:19:24,152 [RatisPipelineUtilsThread] ERROR pipeline.SCMPipelineManager (SCMPipelineManager.java:createPipeline(222)) - Failed to create pipeline of type RATIS and factor THREE. Exception: Pipeline creation failed because nodes are engaged in other pipelines and every node can only be engaged in max 2 pipelines. Required 3. Found 0
2020-07-09 01:19:24,232 [IPC Server handler 7 on default port 45223] INFO  net.NetworkTopology (NetworkTopologyImpl.java:add(111)) - Added a new node: /default-rack/83bd9611-6e96-48be-a1bb-e26ec6efad02
2020-07-09 01:19:24,233 [IPC Server handler 7 on default port 45223] INFO  node.SCMNodeManager (SCMNodeManager.java:register(268)) - Registered Data node : 83bd9611-6e96-48be-a1bb-e26ec6efad02{ip: 172.17.0.2, host: 848e8b8fb74f, networkLocation: /default-rack, certSerialId: null}
2020-07-09 01:19:24,234 [EventQueue-NodeRegistrationContainerReportForContainerSafeModeRule] INFO  safemode.SCMSafeModeManager (SCMSafeModeManager.java:validateSafeModeExitRules(214)) - ContainerSafeModeRule rule is successfully validated
2020-07-09 01:19:24,234 [RatisPipelineUtilsThread] INFO  pipeline.RatisPipelineProvider (RatisPipelineProvider.java:lambda$create$0(138)) - Sending CreatePipelineCommand for pipeline:PipelineID=63e63d2f-60c3-4651-a417-e3fa04fdd405 to datanode:83bd9611-6e96-48be-a1bb-e26ec6efad02
2020-07-09 01:19:24,234 [EventQueue-NodeRegistrationContainerReportForDataNodeSafeModeRule] INFO  safemode.SCMSafeModeManager (SCMSafeModeManager.java:validateSafeModeExitRules(214)) - DataNodeSafeModeRule rule is successfully validated
2020-07-09 01:19:24,235 [RatisPipelineUtilsThread] INFO  pipeline.PipelineStateManager (PipelineStateManager.java:addPipeline(54)) - Created pipeline Pipeline[ Id: 63e63d2f-60c3-4651-a417-e3fa04fdd405, Nodes: 83bd9611-6e96-48be-a1bb-e26ec6efad02{ip: 172.17.0.2, host: 848e8b8fb74f, networkLocation: /default-rack, certSerialId: null}, Type:RATIS, Factor:ONE, State:ALLOCATED, leaderId:, CreationTimestamp2020-07-09T01:19:24.234Z]
2020-07-09 01:19:24,236 [RatisPipelineUtilsThread] ERROR pipeline.SCMPipelineManager (SCMPipelineManager.java:createPipeline(222)) - Failed to create pipeline of type RATIS and factor ONE. Exception: Cannot create pipeline of factor 1 using 0 nodes. Used 7 nodes. Healthy nodes 7
2020-07-09 01:19:24,237 [RatisPipelineUtilsThread] ERROR pipeline.SCMPipelineManager (SCMPipelineManager.java:createPipeline(222)) - Failed to create pipeline of type RATIS and factor THREE. Exception: Pipeline creation failed because nodes are engaged in other pipelines and every node can only be engaged in max 2 pipelines. Required 3. Found 1
2020-07-09 01:19:24,293 [IPC Server handler 8 on default port 45223] INFO  net.NetworkTopology (NetworkTopologyImpl.java:add(111)) - Added a new node: /default-rack/954078f0-2330-48dc-ab29-af631119e127
2020-07-09 01:19:24,293 [IPC Server handler 8 on default port 45223] INFO  node.SCMNodeManager (SCMNodeManager.java:register(268)) - Registered Data node : 954078f0-2330-48dc-ab29-af631119e127{ip: 172.17.0.2, host: 848e8b8fb74f, networkLocation: /default-rack, certSerialId: null}
2020-07-09 01:19:24,293 [RatisPipelineUtilsThread] INFO  pipeline.RatisPipelineProvider (RatisPipelineProvider.java:lambda$create$0(138)) - Sending CreatePipelineCommand for pipeline:PipelineID=e077453d-14df-41e0-b93b-7e8e1064f426 to datanode:954078f0-2330-48dc-ab29-af631119e127
2020-07-09 01:19:24,294 [EventQueue-NodeRegistrationContainerReportForContainerSafeModeRule] INFO  safemode.SCMSafeModeManager (SCMSafeModeManager.java:validateSafeModeExitRules(214)) - ContainerSafeModeRule rule is successfully validated
2020-07-09 01:19:24,294 [RatisPipelineUtilsThread] INFO  pipeline.PipelineStateManager (PipelineStateManager.java:addPipeline(54)) - Created pipeline Pipeline[ Id: e077453d-14df-41e0-b93b-7e8e1064f426, Nodes: 954078f0-2330-48dc-ab29-af631119e127{ip: 172.17.0.2, host: 848e8b8fb74f, networkLocation: /default-rack, certSerialId: null}, Type:RATIS, Factor:ONE, State:ALLOCATED, leaderId:, CreationTimestamp2020-07-09T01:19:24.293Z]
2020-07-09 01:19:24,294 [EventQueue-NodeRegistrationContainerReportForDataNodeSafeModeRule] INFO  safemode.SCMSafeModeManager (SCMSafeModeManager.java:validateSafeModeExitRules(214)) - DataNodeSafeModeRule rule is successfully validated
2020-07-09 01:19:24,294 [RatisPipelineUtilsThread] ERROR pipeline.SCMPipelineManager (SCMPipelineManager.java:createPipeline(222)) - Failed to create pipeline of type RATIS and factor ONE. Exception: Cannot create pipeline of factor 1 using 0 nodes. Used 8 nodes. Healthy nodes 8
2020-07-09 01:19:24,295 [RatisPipelineUtilsThread] ERROR pipeline.SCMPipelineManager (SCMPipelineManager.java:createPipeline(222)) - Failed to create pipeline of type RATIS and factor THREE. Exception: Pipeline creation failed because nodes are engaged in other pipelines and every node can only be engaged in max 2 pipelines. Required 3. Found 2
2020-07-09 01:19:24,366 [Listener at 127.0.0.1/39385] INFO  ozone.MiniOzoneClusterImpl (MiniOzoneClusterImpl.java:lambda$waitForClusterToBeReady$0(177)) - Waiting for nodes to be ready. Got 8 of 9 DN Heartbeats.
2020-07-09 01:19:24,366 [Listener at 127.0.0.1/39385] INFO  ozone.MiniOzoneClusterImpl (MiniOzoneClusterImpl.java:lambda$waitForClusterToBeReady$0(180)) - Waiting for cluster to exit safe mode
2020-07-09 01:19:24,382 [IPC Server handler 9 on default port 45223] INFO  net.NetworkTopology (NetworkTopologyImpl.java:add(111)) - Added a new node: /default-rack/98f34e18-095d-41d7-a8c8-ef1510a34e6f
2020-07-09 01:19:24,382 [IPC Server handler 9 on default port 45223] INFO  node.SCMNodeManager (SCMNodeManager.java:register(268)) - Registered Data node : 98f34e18-095d-41d7-a8c8-ef1510a34e6f{ip: 172.17.0.2, host: 848e8b8fb74f, networkLocation: /default-rack, certSerialId: null}
2020-07-09 01:19:24,383 [EventQueue-NodeRegistrationContainerReportForContainerSafeModeRule] INFO  safemode.SCMSafeModeManager (SCMSafeModeManager.java:validateSafeModeExitRules(214)) - ContainerSafeModeRule rule is successfully validated
2020-07-09 01:19:24,383 [EventQueue-NodeRegistrationContainerReportForDataNodeSafeModeRule] INFO  safemode.SCMSafeModeManager (SCMSafeModeManager.java:validateSafeModeExitRules(214)) - DataNodeSafeModeRule rule is successfully validated
2020-07-09 01:19:24,384 [RatisPipelineUtilsThread] INFO  pipeline.RatisPipelineProvider (RatisPipelineProvider.java:lambda$create$0(138)) - Sending CreatePipelineCommand for pipeline:PipelineID=e56b5fc5-503f-4673-9ebb-8d5b18cbeefa to datanode:98f34e18-095d-41d7-a8c8-ef1510a34e6f
2020-07-09 01:19:24,384 [RatisPipelineUtilsThread] INFO  pipeline.PipelineStateManager (PipelineStateManager.java:addPipeline(54)) - Created pipeline Pipeline[ Id: e56b5fc5-503f-4673-9ebb-8d5b18cbeefa, Nodes: 98f34e18-095d-41d7-a8c8-ef1510a34e6f{ip: 172.17.0.2, host: 848e8b8fb74f, networkLocation: /default-rack, certSerialId: null}, Type:RATIS, Factor:ONE, State:ALLOCATED, leaderId:, CreationTimestamp2020-07-09T01:19:24.384Z]
2020-07-09 01:19:24,385 [RatisPipelineUtilsThread] ERROR pipeline.SCMPipelineManager (SCMPipelineManager.java:createPipeline(222)) - Failed to create pipeline of type RATIS and factor ONE. Exception: Cannot create pipeline of factor 1 using 0 nodes. Used 9 nodes. Healthy nodes 9
2020-07-09 01:19:24,385 [RatisPipelineUtilsThread] INFO  pipeline.RatisPipelineProvider (RatisPipelineProvider.java:lambda$create$0(138)) - Sending CreatePipelineCommand for pipeline:PipelineID=4130ba38-13b2-4571-bced-47f40364c92c to datanode:98f34e18-095d-41d7-a8c8-ef1510a34e6f
2020-07-09 01:19:24,386 [RatisPipelineUtilsThread] INFO  pipeline.RatisPipelineProvider (RatisPipelineProvider.java:lambda$create$0(138)) - Sending CreatePipelineCommand for pipeline:PipelineID=4130ba38-13b2-4571-bced-47f40364c92c to datanode:954078f0-2330-48dc-ab29-af631119e127
2020-07-09 01:19:24,386 [RatisPipelineUtilsThread] INFO  pipeline.RatisPipelineProvider (RatisPipelineProvider.java:lambda$create$0(138)) - Sending CreatePipelineCommand for pipeline:PipelineID=4130ba38-13b2-4571-bced-47f40364c92c to datanode:83bd9611-6e96-48be-a1bb-e26ec6efad02
2020-07-09 01:19:24,386 [RatisPipelineUtilsThread] INFO  pipeline.PipelineStateManager (PipelineStateManager.java:addPipeline(54)) - Created pipeline Pipeline[ Id: 4130ba38-13b2-4571-bced-47f40364c92c, Nodes: 98f34e18-095d-41d7-a8c8-ef1510a34e6f{ip: 172.17.0.2, host: 848e8b8fb74f, networkLocation: /default-rack, certSerialId: null}954078f0-2330-48dc-ab29-af631119e127{ip: 172.17.0.2, host: 848e8b8fb74f, networkLocation: /default-rack, certSerialId: null}83bd9611-6e96-48be-a1bb-e26ec6efad02{ip: 172.17.0.2, host: 848e8b8fb74f, networkLocation: /default-rack, certSerialId: null}, Type:RATIS, Factor:THREE, State:ALLOCATED, leaderId:, CreationTimestamp2020-07-09T01:19:24.385Z]
2020-07-09 01:19:24,387 [RatisPipelineUtilsThread] ERROR pipeline.SCMPipelineManager (SCMPipelineManager.java:createPipeline(222)) - Failed to create pipeline of type RATIS and factor THREE. Exception: Pipeline creation failed because nodes are engaged in other pipelines and every node can only be engaged in max 2 pipelines. Required 3. Found 0
2020-07-09 01:19:25,367 [Listener at 127.0.0.1/39385] INFO  ozone.MiniOzoneClusterImpl (MiniOzoneClusterImpl.java:lambda$waitForClusterToBeReady$0(177)) - Nodes are ready. Got 9 of 9 DN Heartbeats.
2020-07-09 01:19:25,368 [Listener at 127.0.0.1/39385] INFO  ozone.MiniOzoneClusterImpl (MiniOzoneClusterImpl.java:lambda$waitForClusterToBeReady$0(180)) - Waiting for cluster to exit safe mode
2020-07-09 01:19:26,368 [Listener at 127.0.0.1/39385] INFO  ozone.MiniOzoneClusterImpl (MiniOzoneClusterImpl.java:lambda$waitForClusterToBeReady$0(177)) - Nodes are ready. Got 9 of 9 DN Heartbeats.
2020-07-09 01:19:26,368 [Listener at 127.0.0.1/39385] INFO  ozone.MiniOzoneClusterImpl (MiniOzoneClusterImpl.java:lambda$waitForClusterToBeReady$0(180)) - Waiting for cluster to exit safe mode
2020-07-09 01:19:26,667 [Command processor thread] INFO  impl.RaftServerProxy (RaftServerProxy.java:addNew(89)) - c506d153-aba5-44d6-9bcb-0e1026c6c6c2: addNew group-319BACB3A4E2:[c506d153-aba5-44d6-9bcb-0e1026c6c6c2:172.17.0.2:41753] returns group-319BACB3A4E2:java.util.concurrent.CompletableFuture@5e84719f[Not completed]
2020-07-09 01:19:26,685 [pool-33-thread-1] INFO  impl.RaftServerImpl (RaftServerImpl.java:<init>(99)) - c506d153-aba5-44d6-9bcb-0e1026c6c6c2: new RaftServerImpl for group-319BACB3A4E2:[c506d153-aba5-44d6-9bcb-0e1026c6c6c2:172.17.0.2:41753] with ContainerStateMachine:uninitialized
2020-07-09 01:19:26,686 [pool-33-thread-1] INFO  server.RaftServerConfigKeys (ConfUtils.java:logGet(44)) - raft.server.rpc.timeout.min = 5s (custom)
2020-07-09 01:19:26,687 [pool-33-thread-1] INFO  server.RaftServerConfigKeys (ConfUtils.java:logGet(44)) - raft.server.rpc.timeout.max = 5200ms (custom)
2020-07-09 01:19:26,687 [pool-33-thread-1] INFO  server.RaftServerConfigKeys (ConfUtils.java:logGet(44)) - raft.server.rpcslowness.timeout = 300000ms (custom)
2020-07-09 01:19:26,688 [pool-33-thread-1] INFO  server.RaftServerConfigKeys (ConfUtils.java:logGet(44)) - raft.server.sleep.deviation.threshold = 300 (default)
2020-07-09 01:19:26,688 [pool-33-thread-1] INFO  server.RaftServerConfigKeys (ConfUtils.java:logGet(44)) - raft.server.log.appender.install.snapshot.enabled = false (custom)
2020-07-09 01:19:26,694 [pool-33-thread-1] INFO  impl.RaftServerImpl (ServerState.java:<init>(103)) - c506d153-aba5-44d6-9bcb-0e1026c6c6c2@group-319BACB3A4E2: ConfigurationManager, init=-1: [c506d153-aba5-44d6-9bcb-0e1026c6c6c2:172.17.0.2:41753], old=null, confs=<EMPTY_MAP>
2020-07-09 01:19:26,694 [pool-33-thread-1] INFO  server.RaftServerConfigKeys (ConfUtils.java:logGet(44)) - raft.server.storage.dir = [/github/workspace/mnt/ozone/hadoop-ozone/integration-test/target/test-dir/MiniOzoneClusterImpl-513b5a01-9d99-4e7a-8fe1-3ea97a28e1a0/datanode-0/data/ratis] (custom)
2020-07-09 01:19:26,698 [pool-33-thread-1] INFO  server.RaftServerConfigKeys (ConfUtils.java:logGet(44)) - raft.server.log.corruption.policy = EXCEPTION (default)
2020-07-09 01:19:26,699 [pool-33-thread-1] INFO  storage.RaftStorageDirectory (RaftStorageDirectory.java:analyzeStorage(261)) - The storage directory /github/workspace/mnt/ozone/hadoop-ozone/integration-test/target/test-dir/MiniOzoneClusterImpl-513b5a01-9d99-4e7a-8fe1-3ea97a28e1a0/datanode-0/data/ratis/4b8c1ffb-8e05-4429-b364-319bacb3a4e2 does not exist. Creating ...
2020-07-09 01:19:26,703 [pool-33-thread-1] INFO  storage.RaftStorageDirectory (RaftStorageDirectory.java:tryLock(343)) - Lock on /github/workspace/mnt/ozone/hadoop-ozone/integration-test/target/test-dir/MiniOzoneClusterImpl-513b5a01-9d99-4e7a-8fe1-3ea97a28e1a0/datanode-0/data/ratis/4b8c1ffb-8e05-4429-b364-319bacb3a4e2/in_use.lock acquired by nodename 20599@848e8b8fb74f
2020-07-09 01:19:26,706 [pool-33-thread-1] INFO  storage.RaftStorage (RaftStorage.java:format(84)) - Storage directory /github/workspace/mnt/ozone/hadoop-ozone/integration-test/target/test-dir/MiniOzoneClusterImpl-513b5a01-9d99-4e7a-8fe1-3ea97a28e1a0/datanode-0/data/ratis/4b8c1ffb-8e05-4429-b364-319bacb3a4e2 has been successfully formatted.
2020-07-09 01:19:26,717 [pool-33-thread-1] INFO  ratis.ContainerStateMachine (ContainerStateMachine.java:loadSnapshot(225)) - group-319BACB3A4E2: The snapshot info is null. Setting the last applied indexto:(t:0, i:~)
2020-07-09 01:19:26,718 [pool-33-thread-1] INFO  server.RaftServerConfigKeys (ConfUtils.java:logGet(44)) - raft.server.notification.no-leader.timeout = 60s (default)
2020-07-09 01:19:26,725 [pool-33-thread-1] INFO  server.RaftServerConfigKeys (ConfUtils.java:logGet(44)) - raft.server.log.use.memory = false (default)
2020-07-09 01:19:26,729 [pool-33-thread-1] INFO  server.RaftServerConfigKeys (ConfUtils.java:logGet(44)) - raft.server.log.purge.gap = 1000000 (custom)
2020-07-09 01:19:26,730 [pool-33-thread-1] INFO  server.RaftServerConfigKeys (ConfUtils.java:logGet(44)) - raft.server.log.appender.buffer.byte-limit = 33554432 (custom)
2020-07-09 01:19:26,731 [EventQueue-PipelineReportForPipelineReportHandler] INFO  pipeline.PipelineStateManager (PipelineStateManager.java:openPipeline(131)) - Pipeline Pipeline[ Id: 4b8c1ffb-8e05-4429-b364-319bacb3a4e2, Nodes: c506d153-aba5-44d6-9bcb-0e1026c6c6c2{ip: 172.17.0.2, host: 848e8b8fb74f, networkLocation: /default-rack, certSerialId: null}, Type:RATIS, Factor:ONE, State:ALLOCATED, leaderId:c506d153-aba5-44d6-9bcb-0e1026c6c6c2, CreationTimestamp2020-07-09T01:19:23.687Z] moved to OPEN state
2020-07-09 01:19:26,734 [pool-33-thread-1] INFO  server.RaftServerConfigKeys (ConfUtils.java:logGet(44)) - raft.server.log.segment.size.max = 1048576 (custom)
2020-07-09 01:19:26,736 [pool-33-thread-1] INFO  metrics.RatisMetrics (RatisMetrics.java:lambda$create$0(36)) - Creating Metrics Registry : ratis.log_worker.c506d153-aba5-44d6-9bcb-0e1026c6c6c2@group-319BACB3A4E2
2020-07-09 01:19:26,743 [EventQueue-OpenPipelineForHealthyPipelineSafeModeRule] INFO  safemode.SCMSafeModeManager (HealthyPipelineSafeModeRule.java:process(129)) - SCM in safe mode. Healthy pipelines reported count is 0, required healthy pipeline reported count is 1
2020-07-09 01:19:26,747 [pool-33-thread-1] INFO  server.RaftServerConfigKeys (ConfUtils.java:logGet(44)) - raft.server.log.segment.cache.num.max = 2 (custom)
2020-07-09 01:19:26,751 [pool-33-thread-1] INFO  segmented.SegmentedRaftLogWorker (SegmentedRaftLogWorker.java:<init>(180)) - new c506d153-aba5-44d6-9bcb-0e1026c6c6c2@group-319BACB3A4E2-SegmentedRaftLogWorker for RaftStorage:Storage Directory /github/workspace/mnt/ozone/hadoop-ozone/integration-test/target/test-dir/MiniOzoneClusterImpl-513b5a01-9d99-4e7a-8fe1-3ea97a28e1a0/datanode-0/data/ratis/4b8c1ffb-8e05-4429-b364-319bacb3a4e2
2020-07-09 01:19:26,751 [EventQueue-OpenPipelineForOneReplicaPipelineSafeModeRule] INFO  safemode.SCMSafeModeManager (SCMSafeModeManager.java:validateSafeModeExitRules(214)) - AtleastOneDatanodeReportedRule rule is successfully validated
2020-07-09 01:19:26,752 [pool-33-thread-1] INFO  server.RaftServerConfigKeys (ConfUtils.java:logGet(44)) - raft.server.log.queue.byte-limit = 2147483647 (custom)
2020-07-09 01:19:26,752 [pool-33-thread-1] INFO  server.RaftServerConfigKeys (ConfUtils.java:logGet(44)) - raft.server.log.queue.element-limit = 1024 (custom)
2020-07-09 01:19:26,753 [pool-33-thread-1] INFO  server.RaftServerConfigKeys (ConfUtils.java:logGet(44)) - raft.server.log.segment.size.max = 1048576 (custom)
2020-07-09 01:19:26,754 [pool-33-thread-1] INFO  server.RaftServerConfigKeys (ConfUtils.java:logGet(44)) - raft.server.log.preallocated.size = 16384 (custom)
2020-07-09 01:19:26,754 [pool-33-thread-1] INFO  server.RaftServerConfigKeys (ConfUtils.java:logGet(44)) - raft.server.log.write.buffer.size = 1048576 (custom)
2020-07-09 01:19:26,755 [pool-33-thread-1] INFO  server.RaftServerConfigKeys (ConfUtils.java:logGet(44)) - raft.server.log.force.sync.num = 128 (default)
2020-07-09 01:19:26,756 [pool-33-thread-1] INFO  server.RaftServerConfigKeys (ConfUtils.java:logGet(44)) - raft.server.log.statemachine.data.sync = true (default)
2020-07-09 01:19:26,756 [pool-33-thread-1] INFO  server.RaftServerConfigKeys (ConfUtils.java:logGet(44)) - raft.server.log.statemachine.data.sync.timeout = 10s (default)
2020-07-09 01:19:26,756 [pool-33-thread-1] INFO  server.RaftServerConfigKeys (ConfUtils.java:logGet(44)) - raft.server.log.statemachine.data.sync.timeout.retry = -1 (default)
2020-07-09 01:19:26,769 [pool-33-thread-1] INFO  server.RaftServerConfigKeys (ConfUtils.java:logGet(44)) - raft.server.log.statemachine.data.caching.enabled = true (custom)
2020-07-09 01:19:26,773 [pool-33-thread-1] INFO  segmented.SegmentedRaftLogWorker (SegmentedRaftLogWorker.java:lambda$new$0(129)) - c506d153-aba5-44d6-9bcb-0e1026c6c6c2@group-319BACB3A4E2-SegmentedRaftLogWorker: flushIndex: setUnconditionally 0 -> -1
2020-07-09 01:19:26,773 [pool-33-thread-1] INFO  segmented.SegmentedRaftLogWorker (SegmentedRaftLogWorker.java:lambda$new$0(129)) - c506d153-aba5-44d6-9bcb-0e1026c6c6c2@group-319BACB3A4E2-SegmentedRaftLogWorker: safeCacheEvictIndex: setUnconditionally 0 -> -1
2020-07-09 01:19:26,781 [pool-33-thread-1] INFO  server.RaftServerConfigKeys (ConfUtils.java:logGet(44)) - raft.server.snapshot.auto.trigger.enabled = true (custom)
2020-07-09 01:19:26,782 [pool-33-thread-1] INFO  server.RaftServerConfigKeys (ConfUtils.java:logGet(44)) - raft.server.snapshot.auto.trigger.threshold = 10000 (custom)
2020-07-09 01:19:26,782 [pool-33-thread-1] INFO  server.RaftServerConfigKeys (ConfUtils.java:logGet(44)) - raft.server.snapshot.retention.file.num = 5 (custom)
2020-07-09 01:19:26,783 [pool-33-thread-1] INFO  server.RaftServerConfigKeys (ConfUtils.java:logGet(44)) - raft.server.log.purge.upto.snapshot.index = false (default)
2020-07-09 01:19:26,783 [pool-33-thread-1] INFO  server.RaftServerConfigKeys (ConfUtils.java:logGet(44)) - raft.server.retrycache.expirytime = 600000ms (custom)
2020-07-09 01:19:26,802 [pool-33-thread-1] INFO  metrics.RatisMetrics (RatisMetrics.java:lambda$create$0(36)) - Creating Metrics Registry : ratis.leader_election.c506d153-aba5-44d6-9bcb-0e1026c6c6c2@group-319BACB3A4E2
2020-07-09 01:19:26,807 [pool-33-thread-1] INFO  metrics.RatisMetrics (RatisMetrics.java:lambda$create$0(36)) - Creating Metrics Registry : ratis.server.c506d153-aba5-44d6-9bcb-0e1026c6c6c2@group-319BACB3A4E2
2020-07-09 01:19:26,813 [pool-33-thread-1] INFO  impl.RaftServerImpl (RaftServerImpl.java:start(186)) - c506d153-aba5-44d6-9bcb-0e1026c6c6c2@group-319BACB3A4E2: start as a follower, conf=-1: [c506d153-aba5-44d6-9bcb-0e1026c6c6c2:172.17.0.2:41753], old=null
2020-07-09 01:19:26,814 [pool-33-thread-1] INFO  impl.RaftServerImpl (RaftServerImpl.java:setRole(175)) - c506d153-aba5-44d6-9bcb-0e1026c6c6c2@group-319BACB3A4E2: changes role from      null to FOLLOWER at term 0 for startAsFollower
2020-07-09 01:19:26,815 [Command processor thread] INFO  impl.RaftServerProxy (RaftServerProxy.java:addNew(89)) - 3bb671d4-7f90-4750-a753-fc4fc647587c: addNew group-B41B5B96A483:[3bb671d4-7f90-4750-a753-fc4fc647587c:172.17.0.2:36973] returns group-B41B5B96A483:java.util.concurrent.CompletableFuture@e61bb26[Not completed]
2020-07-09 01:19:26,817 [pool-33-thread-1] INFO  impl.RoleInfo (RoleInfo.java:updateAndGet(143)) - c506d153-aba5-44d6-9bcb-0e1026c6c6c2: start FollowerState
2020-07-09 01:19:26,818 [pool-33-thread-1] INFO  util.JmxRegister (JmxRegister.java:tryRegister(44)) - Successfully registered JMX Bean with object name Ratis:service=RaftServer,group=group-319BACB3A4E2,id=c506d153-aba5-44d6-9bcb-0e1026c6c6c2
2020-07-09 01:19:26,820 [pool-33-thread-1] INFO  metrics.RatisMetrics (RatisMetrics.java:lambda$create$0(36)) - Creating Metrics Registry : ratis.state_machine.c506d153-aba5-44d6-9bcb-0e1026c6c6c2@group-319BACB3A4E2
2020-07-09 01:19:26,836 [pool-48-thread-1] INFO  impl.RaftServerImpl (RaftServerImpl.java:<init>(99)) - 3bb671d4-7f90-4750-a753-fc4fc647587c: new RaftServerImpl for group-B41B5B96A483:[3bb671d4-7f90-4750-a753-fc4fc647587c:172.17.0.2:36973] with ContainerStateMachine:uninitialized
2020-07-09 01:19:26,836 [pool-48-thread-1] INFO  server.RaftServerConfigKeys (ConfUtils.java:logGet(44)) - raft.server.rpc.timeout.min = 5s (custom)
2020-07-09 01:19:26,836 [pool-48-thread-1] INFO  server.RaftServerConfigKeys (ConfUtils.java:logGet(44)) - raft.server.rpc.timeout.max = 5200ms (custom)
2020-07-09 01:19:26,837 [pool-48-thread-1] INFO  server.RaftServerConfigKeys (ConfUtils.java:logGet(44)) - raft.server.rpcslowness.timeout = 300000ms (custom)
2020-07-09 01:19:26,837 [pool-48-thread-1] INFO  server.RaftServerConfigKeys (ConfUtils.java:logGet(44)) - raft.server.sleep.deviation.threshold = 300 (default)
2020-07-09 01:19:26,837 [pool-48-thread-1] INFO  server.RaftServerConfigKeys (ConfUtils.java:logGet(44)) - raft.server.log.appender.install.snapshot.enabled = false (custom)
2020-07-09 01:19:26,837 [pool-48-thread-1] INFO  impl.RaftServerImpl (ServerState.java:<init>(103)) - 3bb671d4-7f90-4750-a753-fc4fc647587c@group-B41B5B96A483: ConfigurationManager, init=-1: [3bb671d4-7f90-4750-a753-fc4fc647587c:172.17.0.2:36973], old=null, confs=<EMPTY_MAP>
2020-07-09 01:19:26,837 [pool-48-thread-1] INFO  server.RaftServerConfigKeys (ConfUtils.java:logGet(44)) - raft.server.storage.dir = [/github/workspace/mnt/ozone/hadoop-ozone/integration-test/target/test-dir/MiniOzoneClusterImpl-513b5a01-9d99-4e7a-8fe1-3ea97a28e1a0/datanode-1/data/ratis] (custom)
2020-07-09 01:19:26,837 [pool-48-thread-1] INFO  server.RaftServerConfigKeys (ConfUtils.java:logGet(44)) - raft.server.log.corruption.policy = EXCEPTION (default)
2020-07-09 01:19:26,837 [pool-48-thread-1] INFO  storage.RaftStorageDirectory (RaftStorageDirectory.java:analyzeStorage(261)) - The storage directory /github/workspace/mnt/ozone/hadoop-ozone/integration-test/target/test-dir/MiniOzoneClusterImpl-513b5a01-9d99-4e7a-8fe1-3ea97a28e1a0/datanode-1/data/ratis/45a81381-41b7-47e4-bde0-b41b5b96a483 does not exist. Creating ...
2020-07-09 01:19:26,841 [pool-48-thread-1] INFO  storage.RaftStorageDirectory (RaftStorageDirectory.java:tryLock(343)) - Lock on /github/workspace/mnt/ozone/hadoop-ozone/integration-test/target/test-dir/MiniOzoneClusterImpl-513b5a01-9d99-4e7a-8fe1-3ea97a28e1a0/datanode-1/data/ratis/45a81381-41b7-47e4-bde0-b41b5b96a483/in_use.lock acquired by nodename 20599@848e8b8fb74f
2020-07-09 01:19:26,843 [pool-48-thread-1] INFO  storage.RaftStorage (RaftStorage.java:format(84)) - Storage directory /github/workspace/mnt/ozone/hadoop-ozone/integration-test/target/test-dir/MiniOzoneClusterImpl-513b5a01-9d99-4e7a-8fe1-3ea97a28e1a0/datanode-1/data/ratis/45a81381-41b7-47e4-bde0-b41b5b96a483 has been successfully formatted.
2020-07-09 01:19:26,844 [pool-48-thread-1] INFO  ratis.ContainerStateMachine (ContainerStateMachine.java:loadSnapshot(225)) - group-B41B5B96A483: The snapshot info is null. Setting the last applied indexto:(t:0, i:~)
2020-07-09 01:19:26,845 [pool-48-thread-1] INFO  server.RaftServerConfigKeys (ConfUtils.java:logGet(44)) - raft.server.notification.no-leader.timeout = 60s (default)
2020-07-09 01:19:26,845 [pool-48-thread-1] INFO  server.RaftServerConfigKeys (ConfUtils.java:logGet(44)) - raft.server.log.use.memory = false (default)
2020-07-09 01:19:26,845 [pool-48-thread-1] INFO  server.RaftServerConfigKeys (ConfUtils.java:logGet(44)) - raft.server.log.purge.gap = 1000000 (custom)
2020-07-09 01:19:26,845 [pool-48-thread-1] INFO  server.RaftServerConfigKeys (ConfUtils.java:logGet(44)) - raft.server.log.appender.buffer.byte-limit = 33554432 (custom)
2020-07-09 01:19:26,845 [pool-48-thread-1] INFO  server.RaftServerConfigKeys (ConfUtils.java:logGet(44)) - raft.server.log.segment.size.max = 1048576 (custom)
2020-07-09 01:19:26,845 [pool-48-thread-1] INFO  metrics.RatisMetrics (RatisMetrics.java:lambda$create$0(36)) - Creating Metrics Registry : ratis.log_worker.3bb671d4-7f90-4750-a753-fc4fc647587c@group-B41B5B96A483
2020-07-09 01:19:26,846 [pool-48-thread-1] INFO  server.RaftServerConfigKeys (ConfUtils.java:logGet(44)) - raft.server.log.segment.cache.num.max = 2 (custom)
2020-07-09 01:19:26,846 [pool-48-thread-1] INFO  segmented.SegmentedRaftLogWorker (SegmentedRaftLogWorker.java:<init>(180)) - new 3bb671d4-7f90-4750-a753-fc4fc647587c@group-B41B5B96A483-SegmentedRaftLogWorker for RaftStorage:Storage Directory /github/workspace/mnt/ozone/hadoop-ozone/integration-test/target/test-dir/MiniOzoneClusterImpl-513b5a01-9d99-4e7a-8fe1-3ea97a28e1a0/datanode-1/data/ratis/45a81381-41b7-47e4-bde0-b41b5b96a483
2020-07-09 01:19:26,847 [pool-48-thread-1] INFO  server.RaftServerConfigKeys (ConfUtils.java:logGet(44)) - raft.server.log.queue.byte-limit = 2147483647 (custom)
2020-07-09 01:19:26,847 [pool-48-thread-1] INFO  server.RaftServerConfigKeys (ConfUtils.java:logGet(44)) - raft.server.log.queue.element-limit = 1024 (custom)
2020-07-09 01:19:26,847 [pool-48-thread-1] INFO  server.RaftServerConfigKeys (ConfUtils.java:logGet(44)) - raft.server.log.segment.size.max = 1048576 (custom)
2020-07-09 01:19:26,847 [pool-48-thread-1] INFO  server.RaftServerConfigKeys (ConfUtils.java:logGet(44)) - raft.server.log.preallocated.size = 16384 (custom)
2020-07-09 01:19:26,847 [pool-48-thread-1] INFO  server.RaftServerConfigKeys (ConfUtils.java:logGet(44)) - raft.server.log.write.buffer.size = 1048576 (custom)
2020-07-09 01:19:26,847 [pool-48-thread-1] INFO  server.RaftServerConfigKeys (ConfUtils.java:logGet(44)) - raft.server.log.force.sync.num = 128 (default)
2020-07-09 01:19:26,847 [pool-48-thread-1] INFO  server.RaftServerConfigKeys (ConfUtils.java:logGet(44)) - raft.server.log.statemachine.data.sync = true (default)
2020-07-09 01:19:26,847 [pool-48-thread-1] INFO  server.RaftServerConfigKeys (ConfUtils.java:logGet(44)) - raft.server.log.statemachine.data.sync.timeout = 10s (default)
2020-07-09 01:19:26,847 [pool-48-thread-1] INFO  server.RaftServerConfigKeys (ConfUtils.java:logGet(44)) - raft.server.log.statemachine.data.sync.timeout.retry = -1 (default)
2020-07-09 01:19:26,850 [pool-48-thread-1] INFO  server.RaftServerConfigKeys (ConfUtils.java:logGet(44)) - raft.server.log.statemachine.data.caching.enabled = true (custom)
2020-07-09 01:19:26,850 [pool-48-thread-1] INFO  segmented.SegmentedRaftLogWorker (SegmentedRaftLogWorker.java:lambda$new$0(129)) - 3bb671d4-7f90-4750-a753-fc4fc647587c@group-B41B5B96A483-SegmentedRaftLogWorker: flushIndex: setUnconditionally 0 -> -1
2020-07-09 01:19:26,850 [pool-48-thread-1] INFO  segmented.SegmentedRaftLogWorker (SegmentedRaftLogWorker.java:lambda$new$0(129)) - 3bb671d4-7f90-4750-a753-fc4fc647587c@group-B41B5B96A483-SegmentedRaftLogWorker: safeCacheEvictIndex: setUnconditionally 0 -> -1
2020-07-09 01:19:26,850 [pool-48-thread-1] INFO  server.RaftServerConfigKeys (ConfUtils.java:logGet(44)) - raft.server.snapshot.auto.trigger.enabled = true (custom)
2020-07-09 01:19:26,850 [pool-48-thread-1] INFO  server.RaftServerConfigKeys (ConfUtils.java:logGet(44)) - raft.server.snapshot.auto.trigger.threshold = 10000 (custom)
2020-07-09 01:19:26,851 [pool-48-thread-1] INFO  server.RaftServerConfigKeys (ConfUtils.java:logGet(44)) - raft.server.snapshot.retention.file.num = 5 (custom)
2020-07-09 01:19:26,851 [pool-48-thread-1] INFO  server.RaftServerConfigKeys (ConfUtils.java:logGet(44)) - raft.server.log.purge.upto.snapshot.index = false (default)
2020-07-09 01:19:26,851 [pool-48-thread-1] INFO  server.RaftServerConfigKeys (ConfUtils.java:logGet(44)) - raft.server.retrycache.expirytime = 600000ms (custom)
2020-07-09 01:19:26,851 [pool-48-thread-1] INFO  metrics.RatisMetrics (RatisMetrics.java:lambda$create$0(36)) - Creating Metrics Registry : ratis.leader_election.3bb671d4-7f90-4750-a753-fc4fc647587c@group-B41B5B96A483
2020-07-09 01:19:26,852 [pool-48-thread-1] INFO  metrics.RatisMetrics (RatisMetrics.java:lambda$create$0(36)) - Creating Metrics Registry : ratis.server.3bb671d4-7f90-4750-a753-fc4fc647587c@group-B41B5B96A483
2020-07-09 01:19:26,853 [pool-48-thread-1] INFO  impl.RaftServerImpl (RaftServerImpl.java:start(186)) - 3bb671d4-7f90-4750-a753-fc4fc647587c@group-B41B5B96A483: start as a follower, conf=-1: [3bb671d4-7f90-4750-a753-fc4fc647587c:172.17.0.2:36973], old=null
2020-07-09 01:19:26,854 [pool-48-thread-1] INFO  impl.RaftServerImpl (RaftServerImpl.java:setRole(175)) - 3bb671d4-7f90-4750-a753-fc4fc647587c@group-B41B5B96A483: changes role from      null to FOLLOWER at term 0 for startAsFollower
2020-07-09 01:19:26,858 [EventQueue-PipelineReportForPipelineReportHandler] INFO  pipeline.PipelineStateManager (PipelineStateManager.java:openPipeline(131)) - Pipeline Pipeline[ Id: 45a81381-41b7-47e4-bde0-b41b5b96a483, Nodes: 3bb671d4-7f90-4750-a753-fc4fc647587c{ip: 172.17.0.2, host: 848e8b8fb74f, networkLocation: /default-rack, certSerialId: null}, Type:RATIS, Factor:ONE, State:ALLOCATED, leaderId:3bb671d4-7f90-4750-a753-fc4fc647587c, CreationTimestamp2020-07-09T01:19:23.808Z] moved to OPEN state
2020-07-09 01:19:26,858 [EventQueue-OpenPipelineForHealthyPipelineSafeModeRule] INFO  safemode.SCMSafeModeManager (HealthyPipelineSafeModeRule.java:process(129)) - SCM in safe mode. Healthy pipelines reported count is 0, required healthy pipeline reported count is 1
2020-07-09 01:19:26,859 [EventQueue-OpenPipelineForOneReplicaPipelineSafeModeRule] INFO  safemode.SCMSafeModeManager (SCMSafeModeManager.java:validateSafeModeExitRules(214)) - AtleastOneDatanodeReportedRule rule is successfully validated
2020-07-09 01:19:26,854 [pool-48-thread-1] INFO  impl.RoleInfo (RoleInfo.java:updateAndGet(143)) - 3bb671d4-7f90-4750-a753-fc4fc647587c: start FollowerState
2020-07-09 01:19:26,859 [pool-48-thread-1] INFO  util.JmxRegister (JmxRegister.java:tryRegister(44)) - Successfully registered JMX Bean with object name Ratis:service=RaftServer,group=group-B41B5B96A483,id=3bb671d4-7f90-4750-a753-fc4fc647587c
2020-07-09 01:19:26,863 [pool-48-thread-1] INFO  metrics.RatisMetrics (RatisMetrics.java:lambda$create$0(36)) - Creating Metrics Registry : ratis.state_machine.3bb671d4-7f90-4750-a753-fc4fc647587c@group-B41B5B96A483
2020-07-09 01:19:26,867 [Command processor thread] INFO  commandhandler.CreatePipelineCommandHandler (CreatePipelineCommandHandler.java:handle(109)) - Created Pipeline RATIS ONE #id: "45a81381-41b7-47e4-bde0-b41b5b96a483"
uuid128 {
  mostSigBits: 5019283230578657252
  leastSigBits: -4764610376164268925
}
.
2020-07-09 01:19:26,868 [Command processor thread] INFO  impl.RaftServerProxy (RaftServerProxy.java:addNew(89)) - 3bb671d4-7f90-4750-a753-fc4fc647587c: addNew group-EDE382CE3E00:[c506d153-aba5-44d6-9bcb-0e1026c6c6c2:172.17.0.2:41753, 6364e981-304f-41bf-bc01-7b1ff98cc952:172.17.0.2:34653, 3bb671d4-7f90-4750-a753-fc4fc647587c:172.17.0.2:36973] returns group-EDE382CE3E00:java.util.concurrent.CompletableFuture@7ed95df0[Not completed]
2020-07-09 01:19:26,869 [pool-48-thread-1] INFO  impl.RaftServerImpl (RaftServerImpl.java:<init>(99)) - 3bb671d4-7f90-4750-a753-fc4fc647587c: new RaftServerImpl for group-EDE382CE3E00:[c506d153-aba5-44d6-9bcb-0e1026c6c6c2:172.17.0.2:41753, 6364e981-304f-41bf-bc01-7b1ff98cc952:172.17.0.2:34653, 3bb671d4-7f90-4750-a753-fc4fc647587c:172.17.0.2:36973] with ContainerStateMachine:uninitialized
2020-07-09 01:19:26,870 [pool-48-thread-1] INFO  server.RaftServerConfigKeys (ConfUtils.java:logGet(44)) - raft.server.rpc.timeout.min = 5s (custom)
2020-07-09 01:19:26,870 [pool-48-thread-1] INFO  server.RaftServerConfigKeys (ConfUtils.java:logGet(44)) - raft.server.rpc.timeout.max = 5200ms (custom)
2020-07-09 01:19:26,870 [pool-48-thread-1] INFO  server.RaftServerConfigKeys (ConfUtils.java:logGet(44)) - raft.server.rpcslowness.timeout = 300000ms (custom)
2020-07-09 01:19:26,870 [pool-48-thread-1] INFO  server.RaftServerConfigKeys (ConfUtils.java:logGet(44)) - raft.server.sleep.deviation.threshold = 300 (default)
2020-07-09 01:19:26,870 [pool-48-thread-1] INFO  server.RaftServerConfigKeys (ConfUtils.java:logGet(44)) - raft.server.log.appender.install.snapshot.enabled = false (custom)
2020-07-09 01:19:26,870 [pool-48-thread-1] INFO  impl.RaftServerImpl (ServerState.java:<init>(103)) - 3bb671d4-7f90-4750-a753-fc4fc647587c@group-EDE382CE3E00: ConfigurationManager, init=-1: [c506d153-aba5-44d6-9bcb-0e1026c6c6c2:172.17.0.2:41753, 6364e981-304f-41bf-bc01-7b1ff98cc952:172.17.0.2:34653, 3bb671d4-7f90-4750-a753-fc4fc647587c:172.17.0.2:36973], old=null, confs=<EMPTY_MAP>
2020-07-09 01:19:26,870 [pool-48-thread-1] INFO  server.RaftServerConfigKeys (ConfUtils.java:logGet(44)) - raft.server.storage.dir = [/github/workspace/mnt/ozone/hadoop-ozone/integration-test/target/test-dir/MiniOzoneClusterImpl-513b5a01-9d99-4e7a-8fe1-3ea97a28e1a0/datanode-1/data/ratis] (custom)
2020-07-09 01:19:26,870 [pool-48-thread-1] INFO  server.RaftServerConfigKeys (ConfUtils.java:logGet(44)) - raft.server.log.corruption.policy = EXCEPTION (default)
2020-07-09 01:19:26,871 [pool-48-thread-1] INFO  storage.RaftStorageDirectory (RaftStorageDirectory.java:analyzeStorage(261)) - The storage directory /github/workspace/mnt/ozone/hadoop-ozone/integration-test/target/test-dir/MiniOzoneClusterImpl-513b5a01-9d99-4e7a-8fe1-3ea97a28e1a0/datanode-1/data/ratis/e2c8be27-5b87-40ea-b7f7-ede382ce3e00 does not exist. Creating ...
2020-07-09 01:19:26,871 [Command processor thread] INFO  commandhandler.CreatePipelineCommandHandler (CreatePipelineCommandHandler.java:handle(109)) - Created Pipeline RATIS ONE #id: "4b8c1ffb-8e05-4429-b364-319bacb3a4e2"
uuid128 {
  mostSigBits: 5443761214864049193
  leastSigBits: -5520232698562239262
}
.
2020-07-09 01:19:26,873 [Command processor thread] INFO  impl.RaftServerProxy (RaftServerProxy.java:addNew(89)) - c506d153-aba5-44d6-9bcb-0e1026c6c6c2: addNew group-EDE382CE3E00:[c506d153-aba5-44d6-9bcb-0e1026c6c6c2:172.17.0.2:41753, 6364e981-304f-41bf-bc01-7b1ff98cc952:172.17.0.2:34653, 3bb671d4-7f90-4750-a753-fc4fc647587c:172.17.0.2:36973] returns group-EDE382CE3E00:java.util.concurrent.CompletableFuture@49eb29d6[Not completed]
2020-07-09 01:19:26,877 [pool-48-thread-1] INFO  storage.RaftStorageDirectory (RaftStorageDirectory.java:tryLock(343)) - Lock on /github/workspace/mnt/ozone/hadoop-ozone/integration-test/target/test-dir/MiniOzoneClusterImpl-513b5a01-9d99-4e7a-8fe1-3ea97a28e1a0/datanode-1/data/ratis/e2c8be27-5b87-40ea-b7f7-ede382ce3e00/in_use.lock acquired by nodename 20599@848e8b8fb74f
2020-07-09 01:19:26,879 [pool-48-thread-1] INFO  storage.RaftStorage (RaftStorage.java:format(84)) - Storage directory /github/workspace/mnt/ozone/hadoop-ozone/integration-test/target/test-dir/MiniOzoneClusterImpl-513b5a01-9d99-4e7a-8fe1-3ea97a28e1a0/datanode-1/data/ratis/e2c8be27-5b87-40ea-b7f7-ede382ce3e00 has been successfully formatted.
2020-07-09 01:19:26,880 [pool-48-thread-1] INFO  ratis.ContainerStateMachine (ContainerStateMachine.java:loadSnapshot(225)) - group-EDE382CE3E00: The snapshot info is null. Setting the last applied indexto:(t:0, i:~)
2020-07-09 01:19:26,880 [pool-48-thread-1] INFO  server.RaftServerConfigKeys (ConfUtils.java:logGet(44)) - raft.server.notification.no-leader.timeout = 60s (default)
2020-07-09 01:19:26,880 [pool-48-thread-1] INFO  server.RaftServerConfigKeys (ConfUtils.java:logGet(44)) - raft.server.log.use.memory = false (default)
2020-07-09 01:19:26,881 [pool-48-thread-1] INFO  server.RaftServerConfigKeys (ConfUtils.java:logGet(44)) - raft.server.log.purge.gap = 1000000 (custom)
2020-07-09 01:19:26,881 [pool-48-thread-1] INFO  server.RaftServerConfigKeys (ConfUtils.java:logGet(44)) - raft.server.log.appender.buffer.byte-limit = 33554432 (custom)
2020-07-09 01:19:26,881 [pool-48-thread-1] INFO  server.RaftServerConfigKeys (ConfUtils.java:logGet(44)) - raft.server.log.segment.size.max = 1048576 (custom)
2020-07-09 01:19:26,881 [pool-48-thread-1] INFO  metrics.RatisMetrics (RatisMetrics.java:lambda$create$0(36)) - Creating Metrics Registry : ratis.log_worker.3bb671d4-7f90-4750-a753-fc4fc647587c@group-EDE382CE3E00
2020-07-09 01:19:26,881 [pool-48-thread-1] INFO  server.RaftServerConfigKeys (ConfUtils.java:logGet(44)) - raft.server.log.segment.cache.num.max = 2 (custom)
2020-07-09 01:19:26,881 [pool-48-thread-1] INFO  segmented.SegmentedRaftLogWorker (SegmentedRaftLogWorker.java:<init>(180)) - new 3bb671d4-7f90-4750-a753-fc4fc647587c@group-EDE382CE3E00-SegmentedRaftLogWorker for RaftStorage:Storage Directory /github/workspace/mnt/ozone/hadoop-ozone/integration-test/target/test-dir/MiniOzoneClusterImpl-513b5a01-9d99-4e7a-8fe1-3ea97a28e1a0/datanode-1/data/ratis/e2c8be27-5b87-40ea-b7f7-ede382ce3e00
2020-07-09 01:19:26,881 [pool-48-thread-1] INFO  server.RaftServerConfigKeys (ConfUtils.java:logGet(44)) - raft.server.log.queue.byte-limit = 2147483647 (custom)
2020-07-09 01:19:26,881 [pool-48-thread-1] INFO  server.RaftServerConfigKeys (ConfUtils.java:logGet(44)) - raft.server.log.queue.element-limit = 1024 (custom)
2020-07-09 01:19:26,882 [pool-48-thread-1] INFO  server.RaftServerConfigKeys (ConfUtils.java:logGet(44)) - raft.server.log.segment.size.max = 1048576 (custom)
2020-07-09 01:19:26,882 [pool-48-thread-1] INFO  server.RaftServerConfigKeys (ConfUtils.java:logGet(44)) - raft.server.log.preallocated.size = 16384 (custom)
2020-07-09 01:19:26,882 [pool-48-thread-1] INFO  server.RaftServerConfigKeys (ConfUtils.java:logGet(44)) - raft.server.log.write.buffer.size = 1048576 (custom)
2020-07-09 01:19:26,882 [pool-48-thread-1] INFO  server.RaftServerConfigKeys (ConfUtils.java:logGet(44)) - raft.server.log.force.sync.num = 128 (default)
2020-07-09 01:19:26,882 [pool-48-thread-1] INFO  server.RaftServerConfigKeys (ConfUtils.java:logGet(44)) - raft.server.log.statemachine.data.sync = true (default)
2020-07-09 01:19:26,882 [pool-48-thread-1] INFO  server.RaftServerConfigKeys (ConfUtils.java:logGet(44)) - raft.server.log.statemachine.data.sync.timeout = 10s (default)
2020-07-09 01:19:26,882 [pool-48-thread-1] INFO  server.RaftServerConfigKeys (ConfUtils.java:logGet(44)) - raft.server.log.statemachine.data.sync.timeout.retry = -1 (default)
2020-07-09 01:19:26,886 [pool-33-thread-1] INFO  impl.RaftServerImpl (RaftServerImpl.java:<init>(99)) - c506d153-aba5-44d6-9bcb-0e1026c6c6c2: new RaftServerImpl for group-EDE382CE3E00:[c506d153-aba5-44d6-9bcb-0e1026c6c6c2:172.17.0.2:41753, 6364e981-304f-41bf-bc01-7b1ff98cc952:172.17.0.2:34653, 3bb671d4-7f90-4750-a753-fc4fc647587c:172.17.0.2:36973] with ContainerStateMachine:uninitialized
2020-07-09 01:19:26,886 [pool-33-thread-1] INFO  server.RaftServerConfigKeys (ConfUtils.java:logGet(44)) - raft.server.rpc.timeout.min = 5s (custom)
2020-07-09 01:19:26,886 [pool-33-thread-1] INFO  server.RaftServerConfigKeys (ConfUtils.java:logGet(44)) - raft.server.rpc.timeout.max = 5200ms (custom)
2020-07-09 01:19:26,886 [pool-33-thread-1] INFO  server.RaftServerConfigKeys (ConfUtils.java:logGet(44)) - raft.server.rpcslowness.timeout = 300000ms (custom)
2020-07-09 01:19:26,886 [pool-33-thread-1] INFO  server.RaftServerConfigKeys (ConfUtils.java:logGet(44)) - raft.server.sleep.deviation.threshold = 300 (default)
2020-07-09 01:19:26,886 [pool-33-thread-1] INFO  server.RaftServerConfigKeys (ConfUtils.java:logGet(44)) - raft.server.log.appender.install.snapshot.enabled = false (custom)
2020-07-09 01:19:26,886 [pool-33-thread-1] INFO  impl.RaftServerImpl (ServerState.java:<init>(103)) - c506d153-aba5-44d6-9bcb-0e1026c6c6c2@group-EDE382CE3E00: ConfigurationManager, init=-1: [c506d153-aba5-44d6-9bcb-0e1026c6c6c2:172.17.0.2:41753, 6364e981-304f-41bf-bc01-7b1ff98cc952:172.17.0.2:34653, 3bb671d4-7f90-4750-a753-fc4fc647587c:172.17.0.2:36973], old=null, confs=<EMPTY_MAP>
2020-07-09 01:19:26,886 [pool-33-thread-1] INFO  server.RaftServerConfigKeys (ConfUtils.java:logGet(44)) - raft.server.storage.dir = [/github/workspace/mnt/ozone/hadoop-ozone/integration-test/target/test-dir/MiniOzoneClusterImpl-513b5a01-9d99-4e7a-8fe1-3ea97a28e1a0/datanode-0/data/ratis] (custom)
2020-07-09 01:19:26,886 [pool-33-thread-1] INFO  server.RaftServerConfigKeys (ConfUtils.java:logGet(44)) - raft.server.log.corruption.policy = EXCEPTION (default)
2020-07-09 01:19:26,886 [pool-33-thread-1] INFO  storage.RaftStorageDirectory (RaftStorageDirectory.java:analyzeStorage(261)) - The storage directory /github/workspace/mnt/ozone/hadoop-ozone/integration-test/target/test-dir/MiniOzoneClusterImpl-513b5a01-9d99-4e7a-8fe1-3ea97a28e1a0/datanode-0/data/ratis/e2c8be27-5b87-40ea-b7f7-ede382ce3e00 does not exist. Creating ...
2020-07-09 01:19:26,887 [pool-33-thread-1] INFO  storage.RaftStorageDirectory (RaftStorageDirectory.java:tryLock(343)) - Lock on /github/workspace/mnt/ozone/hadoop-ozone/integration-test/target/test-dir/MiniOzoneClusterImpl-513b5a01-9d99-4e7a-8fe1-3ea97a28e1a0/datanode-0/data/ratis/e2c8be27-5b87-40ea-b7f7-ede382ce3e00/in_use.lock acquired by nodename 20599@848e8b8fb74f
2020-07-09 01:19:26,889 [pool-33-thread-1] INFO  storage.RaftStorage (RaftStorage.java:format(84)) - Storage directory /github/workspace/mnt/ozone/hadoop-ozone/integration-test/target/test-dir/MiniOzoneClusterImpl-513b5a01-9d99-4e7a-8fe1-3ea97a28e1a0/datanode-0/data/ratis/e2c8be27-5b87-40ea-b7f7-ede382ce3e00 has been successfully formatted.
2020-07-09 01:19:26,890 [pool-33-thread-1] INFO  ratis.ContainerStateMachine (ContainerStateMachine.java:loadSnapshot(225)) - group-EDE382CE3E00: The snapshot info is null. Setting the last applied indexto:(t:0, i:~)
2020-07-09 01:19:26,891 [pool-33-thread-1] INFO  server.RaftServerConfigKeys (ConfUtils.java:logGet(44)) - raft.server.notification.no-leader.timeout = 60s (default)
2020-07-09 01:19:26,891 [pool-33-thread-1] INFO  server.RaftServerConfigKeys (ConfUtils.java:logGet(44)) - raft.server.log.use.memory = false (default)
2020-07-09 01:19:26,891 [pool-33-thread-1] INFO  server.RaftServerConfigKeys (ConfUtils.java:logGet(44)) - raft.server.log.purge.gap = 1000000 (custom)
2020-07-09 01:19:26,891 [pool-33-thread-1] INFO  server.RaftServerConfigKeys (ConfUtils.java:logGet(44)) - raft.server.log.appender.buffer.byte-limit = 33554432 (custom)
2020-07-09 01:19:26,891 [pool-33-thread-1] INFO  server.RaftServerConfigKeys (ConfUtils.java:logGet(44)) - raft.server.log.segment.size.max = 1048576 (custom)
2020-07-09 01:19:26,891 [pool-33-thread-1] INFO  metrics.RatisMetrics (RatisMetrics.java:lambda$create$0(36)) - Creating Metrics Registry : ratis.log_worker.c506d153-aba5-44d6-9bcb-0e1026c6c6c2@group-EDE382CE3E00
2020-07-09 01:19:26,891 [pool-33-thread-1] INFO  server.RaftServerConfigKeys (ConfUtils.java:logGet(44)) - raft.server.log.segment.cache.num.max = 2 (custom)
2020-07-09 01:19:26,892 [pool-33-thread-1] INFO  segmented.SegmentedRaftLogWorker (SegmentedRaftLogWorker.java:<init>(180)) - new c506d153-aba5-44d6-9bcb-0e1026c6c6c2@group-EDE382CE3E00-SegmentedRaftLogWorker for RaftStorage:Storage Directory /github/workspace/mnt/ozone/hadoop-ozone/integration-test/target/test-dir/MiniOzoneClusterImpl-513b5a01-9d99-4e7a-8fe1-3ea97a28e1a0/datanode-0/data/ratis/e2c8be27-5b87-40ea-b7f7-ede382ce3e00
2020-07-09 01:19:26,892 [pool-33-thread-1] INFO  server.RaftServerConfigKeys (ConfUtils.java:logGet(44)) - raft.server.log.queue.byte-limit = 2147483647 (custom)
2020-07-09 01:19:26,892 [pool-33-thread-1] INFO  server.RaftServerConfigKeys (ConfUtils.java:logGet(44)) - raft.server.log.queue.element-limit = 1024 (custom)
2020-07-09 01:19:26,892 [pool-33-thread-1] INFO  server.RaftServerConfigKeys (ConfUtils.java:logGet(44)) - raft.server.log.segment.size.max = 1048576 (custom)
2020-07-09 01:19:26,892 [pool-33-thread-1] INFO  server.RaftServerConfigKeys (ConfUtils.java:logGet(44)) - raft.server.log.preallocated.size = 16384 (custom)
2020-07-09 01:19:26,892 [pool-33-thread-1] INFO  server.RaftServerConfigKeys (ConfUtils.java:logGet(44)) - raft.server.log.write.buffer.size = 1048576 (custom)
2020-07-09 01:19:26,892 [pool-33-thread-1] INFO  server.RaftServerConfigKeys (ConfUtils.java:logGet(44)) - raft.server.log.force.sync.num = 128 (default)
2020-07-09 01:19:26,892 [pool-33-thread-1] INFO  server.RaftServerConfigKeys (ConfUtils.java:logGet(44)) - raft.server.log.statemachine.data.sync = true (default)
2020-07-09 01:19:26,892 [pool-33-thread-1] INFO  server.RaftServerConfigKeys (ConfUtils.java:logGet(44)) - raft.server.log.statemachine.data.sync.timeout = 10s (default)
2020-07-09 01:19:26,892 [pool-33-thread-1] INFO  server.RaftServerConfigKeys (ConfUtils.java:logGet(44)) - raft.server.log.statemachine.data.sync.timeout.retry = -1 (default)
2020-07-09 01:19:26,895 [pool-33-thread-1] INFO  server.RaftServerConfigKeys (ConfUtils.java:logGet(44)) - raft.server.log.statemachine.data.caching.enabled = true (custom)
2020-07-09 01:19:26,902 [pool-33-thread-1] INFO  segmented.SegmentedRaftLogWorker (SegmentedRaftLogWorker.java:lambda$new$0(129)) - c506d153-aba5-44d6-9bcb-0e1026c6c6c2@group-EDE382CE3E00-SegmentedRaftLogWorker: flushIndex: setUnconditionally 0 -> -1
2020-07-09 01:19:26,902 [pool-33-thread-1] INFO  segmented.SegmentedRaftLogWorker (SegmentedRaftLogWorker.java:lambda$new$0(129)) - c506d153-aba5-44d6-9bcb-0e1026c6c6c2@group-EDE382CE3E00-SegmentedRaftLogWorker: safeCacheEvictIndex: setUnconditionally 0 -> -1
2020-07-09 01:19:26,897 [pool-48-thread-1] INFO  server.RaftServerConfigKeys (ConfUtils.java:logGet(44)) - raft.server.log.statemachine.data.caching.enabled = true (custom)
2020-07-09 01:19:26,902 [pool-48-thread-1] INFO  segmented.SegmentedRaftLogWorker (SegmentedRaftLogWorker.java:lambda$new$0(129)) - 3bb671d4-7f90-4750-a753-fc4fc647587c@group-EDE382CE3E00-SegmentedRaftLogWorker: flushIndex: setUnconditionally 0 -> -1
2020-07-09 01:19:26,902 [pool-48-thread-1] INFO  segmented.SegmentedRaftLogWorker (SegmentedRaftLogWorker.java:lambda$new$0(129)) - 3bb671d4-7f90-4750-a753-fc4fc647587c@group-EDE382CE3E00-SegmentedRaftLogWorker: safeCacheEvictIndex: setUnconditionally 0 -> -1
2020-07-09 01:19:26,902 [pool-33-thread-1] INFO  server.RaftServerConfigKeys (ConfUtils.java:logGet(44)) - raft.server.snapshot.auto.trigger.enabled = true (custom)
2020-07-09 01:19:26,903 [pool-33-thread-1] INFO  server.RaftServerConfigKeys (ConfUtils.java:logGet(44)) - raft.server.snapshot.auto.trigger.threshold = 10000 (custom)
2020-07-09 01:19:26,903 [pool-33-thread-1] INFO  server.RaftServerConfigKeys (ConfUtils.java:logGet(44)) - raft.server.snapshot.retention.file.num = 5 (custom)
2020-07-09 01:19:26,903 [pool-33-thread-1] INFO  server.RaftServerConfigKeys (ConfUtils.java:logGet(44)) - raft.server.log.purge.upto.snapshot.index = false (default)
2020-07-09 01:19:26,903 [pool-33-thread-1] INFO  server.RaftServerConfigKeys (ConfUtils.java:logGet(44)) - raft.server.retrycache.expirytime = 600000ms (custom)
2020-07-09 01:19:26,903 [pool-33-thread-1] INFO  metrics.RatisMetrics (RatisMetrics.java:lambda$create$0(36)) - Creating Metrics Registry : ratis.leader_election.c506d153-aba5-44d6-9bcb-0e1026c6c6c2@group-EDE382CE3E00
2020-07-09 01:19:26,904 [pool-33-thread-1] INFO  metrics.RatisMetrics (RatisMetrics.java:lambda$create$0(36)) - Creating Metrics Registry : ratis.server.c506d153-aba5-44d6-9bcb-0e1026c6c6c2@group-EDE382CE3E00
2020-07-09 01:19:26,914 [Command processor thread] INFO  impl.RaftServerProxy (RaftServerProxy.java:addNew(89)) - 6364e981-304f-41bf-bc01-7b1ff98cc952: addNew group-6C9AB64EF0A5:[6364e981-304f-41bf-bc01-7b1ff98cc952:172.17.0.2:34653] returns group-6C9AB64EF0A5:java.util.concurrent.CompletableFuture@5de230fb[Not completed]
2020-07-09 01:19:26,918 [pool-48-thread-1] INFO  server.RaftServerConfigKeys (ConfUtils.java:logGet(44)) - raft.server.snapshot.auto.trigger.enabled = true (custom)
2020-07-09 01:19:26,919 [pool-48-thread-1] INFO  server.RaftServerConfigKeys (ConfUtils.java:logGet(44)) - raft.server.snapshot.auto.trigger.threshold = 10000 (custom)
2020-07-09 01:19:26,922 [pool-48-thread-1] INFO  server.RaftServerConfigKeys (ConfUtils.java:logGet(44)) - raft.server.snapshot.retention.file.num = 5 (custom)
2020-07-09 01:19:26,923 [pool-48-thread-1] INFO  server.RaftServerConfigKeys (ConfUtils.java:logGet(44)) - raft.server.log.purge.upto.snapshot.index = false (default)
2020-07-09 01:19:26,923 [pool-48-thread-1] INFO  server.RaftServerConfigKeys (ConfUtils.java:logGet(44)) - raft.server.retrycache.expirytime = 600000ms (custom)
2020-07-09 01:19:26,923 [pool-48-thread-1] INFO  metrics.RatisMetrics (RatisMetrics.java:lambda$create$0(36)) - Creating Metrics Registry : ratis.leader_election.3bb671d4-7f90-4750-a753-fc4fc647587c@group-EDE382CE3E00
2020-07-09 01:19:26,924 [pool-48-thread-1] INFO  metrics.RatisMetrics (RatisMetrics.java:lambda$create$0(36)) - Creating Metrics Registry : ratis.server.3bb671d4-7f90-4750-a753-fc4fc647587c@group-EDE382CE3E00
2020-07-09 01:19:26,927 [pool-33-thread-1] INFO  impl.RaftServerImpl (RaftServerImpl.java:start(186)) - c506d153-aba5-44d6-9bcb-0e1026c6c6c2@group-EDE382CE3E00: start as a follower, conf=-1: [c506d153-aba5-44d6-9bcb-0e1026c6c6c2:172.17.0.2:41753, 6364e981-304f-41bf-bc01-7b1ff98cc952:172.17.0.2:34653, 3bb671d4-7f90-4750-a753-fc4fc647587c:172.17.0.2:36973], old=null
2020-07-09 01:19:26,927 [pool-33-thread-1] INFO  impl.RaftServerImpl (RaftServerImpl.java:setRole(175)) - c506d153-aba5-44d6-9bcb-0e1026c6c6c2@group-EDE382CE3E00: changes role from      null to FOLLOWER at term 0 for startAsFollower
2020-07-09 01:19:26,927 [pool-33-thread-1] INFO  impl.RoleInfo (RoleInfo.java:updateAndGet(143)) - c506d153-aba5-44d6-9bcb-0e1026c6c6c2: start FollowerState
2020-07-09 01:19:26,928 [pool-48-thread-1] INFO  impl.RaftServerImpl (RaftServerImpl.java:start(186)) - 3bb671d4-7f90-4750-a753-fc4fc647587c@group-EDE382CE3E00: start as a follower, conf=-1: [c506d153-aba5-44d6-9bcb-0e1026c6c6c2:172.17.0.2:41753, 6364e981-304f-41bf-bc01-7b1ff98cc952:172.17.0.2:34653, 3bb671d4-7f90-4750-a753-fc4fc647587c:172.17.0.2:36973], old=null
2020-07-09 01:19:26,928 [pool-48-thread-1] INFO  impl.RaftServerImpl (RaftServerImpl.java:setRole(175)) - 3bb671d4-7f90-4750-a753-fc4fc647587c@group-EDE382CE3E00: changes role from      null to FOLLOWER at term 0 for startAsFollower
2020-07-09 01:19:26,930 [pool-63-thread-1] INFO  impl.RaftServerImpl (RaftServerImpl.java:<init>(99)) - 6364e981-304f-41bf-bc01-7b1ff98cc952: new RaftServerImpl for group-6C9AB64EF0A5:[6364e981-304f-41bf-bc01-7b1ff98cc952:172.17.0.2:34653] with ContainerStateMachine:uninitialized
2020-07-09 01:19:26,933 [pool-33-thread-1] INFO  util.JmxRegister (JmxRegister.java:tryRegister(44)) - Successfully registered JMX Bean with object name Ratis:service=RaftServer,group=group-EDE382CE3E00,id=c506d153-aba5-44d6-9bcb-0e1026c6c6c2
2020-07-09 01:19:26,933 [pool-33-thread-1] INFO  metrics.RatisMetrics (RatisMetrics.java:lambda$create$0(36)) - Creating Metrics Registry : ratis.state_machine.c506d153-aba5-44d6-9bcb-0e1026c6c6c2@group-EDE382CE3E00
2020-07-09 01:19:26,939 [pool-48-thread-1] INFO  impl.RoleInfo (RoleInfo.java:updateAndGet(143)) - 3bb671d4-7f90-4750-a753-fc4fc647587c: start FollowerState
2020-07-09 01:19:26,939 [pool-63-thread-1] INFO  server.RaftServerConfigKeys (ConfUtils.java:logGet(44)) - raft.server.rpc.timeout.min = 5s (custom)
2020-07-09 01:19:26,939 [pool-63-thread-1] INFO  server.RaftServerConfigKeys (ConfUtils.java:logGet(44)) - raft.server.rpc.timeout.max = 5200ms (custom)
2020-07-09 01:19:26,939 [pool-63-thread-1] INFO  server.RaftServerConfigKeys (ConfUtils.java:logGet(44)) - raft.server.rpcslowness.timeout = 300000ms (custom)
2020-07-09 01:19:26,939 [pool-63-thread-1] INFO  server.RaftServerConfigKeys (ConfUtils.java:logGet(44)) - raft.server.sleep.deviation.threshold = 300 (default)
2020-07-09 01:19:26,939 [pool-63-thread-1] INFO  server.RaftServerConfigKeys (ConfUtils.java:logGet(44)) - raft.server.log.appender.install.snapshot.enabled = false (custom)
2020-07-09 01:19:26,940 [pool-63-thread-1] INFO  impl.RaftServerImpl (ServerState.java:<init>(103)) - 6364e981-304f-41bf-bc01-7b1ff98cc952@group-6C9AB64EF0A5: ConfigurationManager, init=-1: [6364e981-304f-41bf-bc01-7b1ff98cc952:172.17.0.2:34653], old=null, confs=<EMPTY_MAP>
2020-07-09 01:19:26,940 [pool-63-thread-1] INFO  server.RaftServerConfigKeys (ConfUtils.java:logGet(44)) - raft.server.storage.dir = [/github/workspace/mnt/ozone/hadoop-ozone/integration-test/target/test-dir/MiniOzoneClusterImpl-513b5a01-9d99-4e7a-8fe1-3ea97a28e1a0/datanode-2/data/ratis] (custom)
2020-07-09 01:19:26,940 [pool-63-thread-1] INFO  server.RaftServerConfigKeys (ConfUtils.java:logGet(44)) - raft.server.log.corruption.policy = EXCEPTION (default)
2020-07-09 01:19:26,940 [pool-63-thread-1] INFO  storage.RaftStorageDirectory (RaftStorageDirectory.java:analyzeStorage(261)) - The storage directory /github/workspace/mnt/ozone/hadoop-ozone/integration-test/target/test-dir/MiniOzoneClusterImpl-513b5a01-9d99-4e7a-8fe1-3ea97a28e1a0/datanode-2/data/ratis/1a31760a-dae7-421f-944c-6c9ab64ef0a5 does not exist. Creating ...
2020-07-09 01:19:26,939 [pool-48-thread-1] INFO  util.JmxRegister (JmxRegister.java:tryRegister(44)) - Successfully registered JMX Bean with object name Ratis:service=RaftServer,group=group-EDE382CE3E00,id=3bb671d4-7f90-4750-a753-fc4fc647587c
2020-07-09 01:19:26,941 [pool-48-thread-1] INFO  metrics.RatisMetrics (RatisMetrics.java:lambda$create$0(36)) - Creating Metrics Registry : ratis.state_machine.3bb671d4-7f90-4750-a753-fc4fc647587c@group-EDE382CE3E00
2020-07-09 01:19:26,941 [pool-63-thread-1] INFO  storage.RaftStorageDirectory (RaftStorageDirectory.java:tryLock(343)) - Lock on /github/workspace/mnt/ozone/hadoop-ozone/integration-test/target/test-dir/MiniOzoneClusterImpl-513b5a01-9d99-4e7a-8fe1-3ea97a28e1a0/datanode-2/data/ratis/1a31760a-dae7-421f-944c-6c9ab64ef0a5/in_use.lock acquired by nodename 20599@848e8b8fb74f
2020-07-09 01:19:26,943 [pool-63-thread-1] INFO  storage.RaftStorage (RaftStorage.java:format(84)) - Storage directory /github/workspace/mnt/ozone/hadoop-ozone/integration-test/target/test-dir/MiniOzoneClusterImpl-513b5a01-9d99-4e7a-8fe1-3ea97a28e1a0/datanode-2/data/ratis/1a31760a-dae7-421f-944c-6c9ab64ef0a5 has been successfully formatted.
2020-07-09 01:19:26,955 [pool-63-thread-1] INFO  ratis.ContainerStateMachine (ContainerStateMachine.java:loadSnapshot(225)) - group-6C9AB64EF0A5: The snapshot info is null. Setting the last applied indexto:(t:0, i:~)
2020-07-09 01:19:26,955 [pool-63-thread-1] INFO  server.RaftServerConfigKeys (ConfUtils.java:logGet(44)) - raft.server.notification.no-leader.timeout = 60s (default)
2020-07-09 01:19:26,955 [pool-63-thread-1] INFO  server.RaftServerConfigKeys (ConfUtils.java:logGet(44)) - raft.server.log.use.memory = false (default)
2020-07-09 01:19:26,955 [pool-63-thread-1] INFO  server.RaftServerConfigKeys (ConfUtils.java:logGet(44)) - raft.server.log.purge.gap = 1000000 (custom)
2020-07-09 01:19:26,955 [pool-63-thread-1] INFO  server.RaftServerConfigKeys (ConfUtils.java:logGet(44)) - raft.server.log.appender.buffer.byte-limit = 33554432 (custom)
2020-07-09 01:19:26,956 [pool-63-thread-1] INFO  server.RaftServerConfigKeys (ConfUtils.java:logGet(44)) - raft.server.log.segment.size.max = 1048576 (custom)
2020-07-09 01:19:26,956 [pool-63-thread-1] INFO  metrics.RatisMetrics (RatisMetrics.java:lambda$create$0(36)) - Creating Metrics Registry : ratis.log_worker.6364e981-304f-41bf-bc01-7b1ff98cc952@group-6C9AB64EF0A5
2020-07-09 01:19:26,956 [pool-63-thread-1] INFO  server.RaftServerConfigKeys (ConfUtils.java:logGet(44)) - raft.server.log.segment.cache.num.max = 2 (custom)
2020-07-09 01:19:26,956 [pool-63-thread-1] INFO  segmented.SegmentedRaftLogWorker (SegmentedRaftLogWorker.java:<init>(180)) - new 6364e981-304f-41bf-bc01-7b1ff98cc952@group-6C9AB64EF0A5-SegmentedRaftLogWorker for RaftStorage:Storage Directory /github/workspace/mnt/ozone/hadoop-ozone/integration-test/target/test-dir/MiniOzoneClusterImpl-513b5a01-9d99-4e7a-8fe1-3ea97a28e1a0/datanode-2/data/ratis/1a31760a-dae7-421f-944c-6c9ab64ef0a5
2020-07-09 01:19:26,956 [pool-63-thread-1] INFO  server.RaftServerConfigKeys (ConfUtils.java:logGet(44)) - raft.server.log.queue.byte-limit = 2147483647 (custom)
2020-07-09 01:19:26,956 [pool-63-thread-1] INFO  server.RaftServerConfigKeys (ConfUtils.java:logGet(44)) - raft.server.log.queue.element-limit = 1024 (custom)
2020-07-09 01:19:26,956 [pool-63-thread-1] INFO  server.RaftServerConfigKeys (ConfUtils.java:logGet(44)) - raft.server.log.segment.size.max = 1048576 (custom)
2020-07-09 01:19:26,956 [pool-63-thread-1] INFO  server.RaftServerConfigKeys (ConfUtils.java:logGet(44)) - raft.server.log.preallocated.size = 16384 (custom)
2020-07-09 01:19:26,956 [pool-63-thread-1] INFO  server.RaftServerConfigKeys (ConfUtils.java:logGet(44)) - raft.server.log.write.buffer.size = 1048576 (custom)
2020-07-09 01:19:26,956 [pool-63-thread-1] INFO  server.RaftServerConfigKeys (ConfUtils.java:logGet(44)) - raft.server.log.force.sync.num = 128 (default)
2020-07-09 01:19:26,956 [pool-63-thread-1] INFO  server.RaftServerConfigKeys (ConfUtils.java:logGet(44)) - raft.server.log.statemachine.data.sync = true (default)
2020-07-09 01:19:26,957 [pool-63-thread-1] INFO  server.RaftServerConfigKeys (ConfUtils.java:logGet(44)) - raft.server.log.statemachine.data.sync.timeout = 10s (default)
2020-07-09 01:19:26,957 [pool-63-thread-1] INFO  server.RaftServerConfigKeys (ConfUtils.java:logGet(44)) - raft.server.log.statemachine.data.sync.timeout.retry = -1 (default)
2020-07-09 01:19:26,959 [pool-63-thread-1] INFO  server.RaftServerConfigKeys (ConfUtils.java:logGet(44)) - raft.server.log.statemachine.data.caching.enabled = true (custom)
2020-07-09 01:19:26,960 [pool-63-thread-1] INFO  segmented.SegmentedRaftLogWorker (SegmentedRaftLogWorker.java:lambda$new$0(129)) - 6364e981-304f-41bf-bc01-7b1ff98cc952@group-6C9AB64EF0A5-SegmentedRaftLogWorker: flushIndex: setUnconditionally 0 -> -1
2020-07-09 01:19:26,960 [pool-63-thread-1] INFO  segmented.SegmentedRaftLogWorker (SegmentedRaftLogWorker.java:lambda$new$0(129)) - 6364e981-304f-41bf-bc01-7b1ff98cc952@group-6C9AB64EF0A5-SegmentedRaftLogWorker: safeCacheEvictIndex: setUnconditionally 0 -> -1
2020-07-09 01:19:26,964 [pool-63-thread-1] INFO  server.RaftServerConfigKeys (ConfUtils.java:logGet(44)) - raft.server.snapshot.auto.trigger.enabled = true (custom)
2020-07-09 01:19:26,964 [pool-63-thread-1] INFO  server.RaftServerConfigKeys (ConfUtils.java:logGet(44)) - raft.server.snapshot.auto.trigger.threshold = 10000 (custom)
2020-07-09 01:19:26,965 [pool-63-thread-1] INFO  server.RaftServerConfigKeys (ConfUtils.java:logGet(44)) - raft.server.snapshot.retention.file.num = 5 (custom)
2020-07-09 01:19:26,965 [pool-63-thread-1] INFO  server.RaftServerConfigKeys (ConfUtils.java:logGet(44)) - raft.server.log.purge.upto.snapshot.index = false (default)
2020-07-09 01:19:26,965 [pool-63-thread-1] INFO  server.RaftServerConfigKeys (ConfUtils.java:logGet(44)) - raft.server.retrycache.expirytime = 600000ms (custom)
2020-07-09 01:19:26,965 [pool-63-thread-1] INFO  metrics.RatisMetrics (RatisMetrics.java:lambda$create$0(36)) - Creating Metrics Registry : ratis.leader_election.6364e981-304f-41bf-bc01-7b1ff98cc952@group-6C9AB64EF0A5
2020-07-09 01:19:26,970 [EventQueue-PipelineReportForPipelineReportHandler] INFO  pipeline.PipelineStateManager (PipelineStateManager.java:openPipeline(131)) - Pipeline Pipeline[ Id: 1a31760a-dae7-421f-944c-6c9ab64ef0a5, Nodes: 6364e981-304f-41bf-bc01-7b1ff98cc952{ip: 172.17.0.2, host: 848e8b8fb74f, networkLocation: /default-rack, certSerialId: null}, Type:RATIS, Factor:ONE, State:ALLOCATED, leaderId:6364e981-304f-41bf-bc01-7b1ff98cc952, CreationTimestamp2020-07-09T01:19:23.909Z] moved to OPEN state
2020-07-09 01:19:26,970 [EventQueue-OpenPipelineForOneReplicaPipelineSafeModeRule] INFO  safemode.SCMSafeModeManager (SCMSafeModeManager.java:validateSafeModeExitRules(214)) - AtleastOneDatanodeReportedRule rule is successfully validated
2020-07-09 01:19:26,970 [EventQueue-OpenPipelineForHealthyPipelineSafeModeRule] INFO  safemode.SCMSafeModeManager (HealthyPipelineSafeModeRule.java:process(129)) - SCM in safe mode. Healthy pipelines reported count is 0, required healthy pipeline reported count is 1
2020-07-09 01:19:26,971 [pool-63-thread-1] INFO  metrics.RatisMetrics (RatisMetrics.java:lambda$create$0(36)) - Creating Metrics Registry : ratis.server.6364e981-304f-41bf-bc01-7b1ff98cc952@group-6C9AB64EF0A5
2020-07-09 01:19:26,973 [pool-63-thread-1] INFO  impl.RaftServerImpl (RaftServerImpl.java:start(186)) - 6364e981-304f-41bf-bc01-7b1ff98cc952@group-6C9AB64EF0A5: start as a follower, conf=-1: [6364e981-304f-41bf-bc01-7b1ff98cc952:172.17.0.2:34653], old=null
2020-07-09 01:19:26,974 [pool-63-thread-1] INFO  impl.RaftServerImpl (RaftServerImpl.java:setRole(175)) - 6364e981-304f-41bf-bc01-7b1ff98cc952@group-6C9AB64EF0A5: changes role from      null to FOLLOWER at term 0 for startAsFollower
2020-07-09 01:19:26,974 [pool-63-thread-1] INFO  impl.RoleInfo (RoleInfo.java:updateAndGet(143)) - 6364e981-304f-41bf-bc01-7b1ff98cc952: start FollowerState
2020-07-09 01:19:26,977 [pool-63-thread-1] INFO  util.JmxRegister (JmxRegister.java:tryRegister(44)) - Successfully registered JMX Bean with object name Ratis:service=RaftServer,group=group-6C9AB64EF0A5,id=6364e981-304f-41bf-bc01-7b1ff98cc952
2020-07-09 01:19:26,977 [pool-63-thread-1] INFO  metrics.RatisMetrics (RatisMetrics.java:lambda$create$0(36)) - Creating Metrics Registry : ratis.state_machine.6364e981-304f-41bf-bc01-7b1ff98cc952@group-6C9AB64EF0A5
2020-07-09 01:19:26,987 [Command processor thread] INFO  commandhandler.CreatePipelineCommandHandler (CreatePipelineCommandHandler.java:handle(109)) - Created Pipeline RATIS ONE #id: "1a31760a-dae7-421f-944c-6c9ab64ef0a5"
uuid128 {
  mostSigBits: 1887419507839287839
  leastSigBits: -7760708646126817115
}
.
2020-07-09 01:19:26,988 [Command processor thread] INFO  impl.RaftServerProxy (RaftServerProxy.java:addNew(89)) - 6364e981-304f-41bf-bc01-7b1ff98cc952: addNew group-EDE382CE3E00:[c506d153-aba5-44d6-9bcb-0e1026c6c6c2:172.17.0.2:41753, 6364e981-304f-41bf-bc01-7b1ff98cc952:172.17.0.2:34653, 3bb671d4-7f90-4750-a753-fc4fc647587c:172.17.0.2:36973] returns group-EDE382CE3E00:java.util.concurrent.CompletableFuture@59ddbf9f[Not completed]
2020-07-09 01:19:26,989 [pool-63-thread-1] INFO  impl.RaftServerImpl (RaftServerImpl.java:<init>(99)) - 6364e981-304f-41bf-bc01-7b1ff98cc952: new RaftServerImpl for group-EDE382CE3E00:[c506d153-aba5-44d6-9bcb-0e1026c6c6c2:172.17.0.2:41753, 6364e981-304f-41bf-bc01-7b1ff98cc952:172.17.0.2:34653, 3bb671d4-7f90-4750-a753-fc4fc647587c:172.17.0.2:36973] with ContainerStateMachine:uninitialized
2020-07-09 01:19:26,989 [pool-63-thread-1] INFO  server.RaftServerConfigKeys (ConfUtils.java:logGet(44)) - raft.server.rpc.timeout.min = 5s (custom)
2020-07-09 01:19:26,989 [pool-63-thread-1] INFO  server.RaftServerConfigKeys (ConfUtils.java:logGet(44)) - raft.server.rpc.timeout.max = 5200ms (custom)
2020-07-09 01:19:26,989 [pool-63-thread-1] INFO  server.RaftServerConfigKeys (ConfUtils.java:logGet(44)) - raft.server.rpcslowness.timeout = 300000ms (custom)
2020-07-09 01:19:26,989 [pool-63-thread-1] INFO  server.RaftServerConfigKeys (ConfUtils.java:logGet(44)) - raft.server.sleep.deviation.threshold = 300 (default)
2020-07-09 01:19:26,989 [pool-63-thread-1] INFO  server.RaftServerConfigKeys (ConfUtils.java:logGet(44)) - raft.server.log.appender.install.snapshot.enabled = false (custom)
2020-07-09 01:19:26,990 [pool-63-thread-1] INFO  impl.RaftServerImpl (ServerState.java:<init>(103)) - 6364e981-304f-41bf-bc01-7b1ff98cc952@group-EDE382CE3E00: ConfigurationManager, init=-1: [c506d153-aba5-44d6-9bcb-0e1026c6c6c2:172.17.0.2:41753, 6364e981-304f-41bf-bc01-7b1ff98cc952:172.17.0.2:34653, 3bb671d4-7f90-4750-a753-fc4fc647587c:172.17.0.2:36973], old=null, confs=<EMPTY_MAP>
2020-07-09 01:19:26,990 [pool-63-thread-1] INFO  server.RaftServerConfigKeys (ConfUtils.java:logGet(44)) - raft.server.storage.dir = [/github/workspace/mnt/ozone/hadoop-ozone/integration-test/target/test-dir/MiniOzoneClusterImpl-513b5a01-9d99-4e7a-8fe1-3ea97a28e1a0/datanode-2/data/ratis] (custom)
2020-07-09 01:19:26,990 [pool-63-thread-1] INFO  server.RaftServerConfigKeys (ConfUtils.java:logGet(44)) - raft.server.log.corruption.policy = EXCEPTION (default)
2020-07-09 01:19:26,990 [pool-63-thread-1] INFO  storage.RaftStorageDirectory (RaftStorageDirectory.java:analyzeStorage(261)) - The storage directory /github/workspace/mnt/ozone/hadoop-ozone/integration-test/target/test-dir/MiniOzoneClusterImpl-513b5a01-9d99-4e7a-8fe1-3ea97a28e1a0/datanode-2/data/ratis/e2c8be27-5b87-40ea-b7f7-ede382ce3e00 does not exist. Creating ...
2020-07-09 01:19:26,991 [pool-63-thread-1] INFO  storage.RaftStorageDirectory (RaftStorageDirectory.java:tryLock(343)) - Lock on /github/workspace/mnt/ozone/hadoop-ozone/integration-test/target/test-dir/MiniOzoneClusterImpl-513b5a01-9d99-4e7a-8fe1-3ea97a28e1a0/datanode-2/data/ratis/e2c8be27-5b87-40ea-b7f7-ede382ce3e00/in_use.lock acquired by nodename 20599@848e8b8fb74f
2020-07-09 01:19:26,992 [pool-63-thread-1] INFO  storage.RaftStorage (RaftStorage.java:format(84)) - Storage directory /github/workspace/mnt/ozone/hadoop-ozone/integration-test/target/test-dir/MiniOzoneClusterImpl-513b5a01-9d99-4e7a-8fe1-3ea97a28e1a0/datanode-2/data/ratis/e2c8be27-5b87-40ea-b7f7-ede382ce3e00 has been successfully formatted.
2020-07-09 01:19:26,993 [pool-63-thread-1] INFO  ratis.ContainerStateMachine (ContainerStateMachine.java:loadSnapshot(225)) - group-EDE382CE3E00: The snapshot info is null. Setting the last applied indexto:(t:0, i:~)
2020-07-09 01:19:26,993 [pool-63-thread-1] INFO  server.RaftServerConfigKeys (ConfUtils.java:logGet(44)) - raft.server.notification.no-leader.timeout = 60s (default)
2020-07-09 01:19:26,993 [pool-63-thread-1] INFO  server.RaftServerConfigKeys (ConfUtils.java:logGet(44)) - raft.server.log.use.memory = false (default)
2020-07-09 01:19:26,993 [pool-63-thread-1] INFO  server.RaftServerConfigKeys (ConfUtils.java:logGet(44)) - raft.server.log.purge.gap = 1000000 (custom)
2020-07-09 01:19:26,993 [pool-63-thread-1] INFO  server.RaftServerConfigKeys (ConfUtils.java:logGet(44)) - raft.server.log.appender.buffer.byte-limit = 33554432 (custom)
2020-07-09 01:19:26,993 [pool-63-thread-1] INFO  server.RaftServerConfigKeys (ConfUtils.java:logGet(44)) - raft.server.log.segment.size.max = 1048576 (custom)
2020-07-09 01:19:26,993 [pool-63-thread-1] INFO  metrics.RatisMetrics (RatisMetrics.java:lambda$create$0(36)) - Creating Metrics Registry : ratis.log_worker.6364e981-304f-41bf-bc01-7b1ff98cc952@group-EDE382CE3E00
2020-07-09 01:19:26,994 [pool-63-thread-1] INFO  server.RaftServerConfigKeys (ConfUtils.java:logGet(44)) - raft.server.log.segment.cache.num.max = 2 (custom)
2020-07-09 01:19:26,994 [pool-63-thread-1] INFO  segmented.SegmentedRaftLogWorker (SegmentedRaftLogWorker.java:<init>(180)) - new 6364e981-304f-41bf-bc01-7b1ff98cc952@group-EDE382CE3E00-SegmentedRaftLogWorker for RaftStorage:Storage Directory /github/workspace/mnt/ozone/hadoop-ozone/integration-test/target/test-dir/MiniOzoneClusterImpl-513b5a01-9d99-4e7a-8fe1-3ea97a28e1a0/datanode-2/data/ratis/e2c8be27-5b87-40ea-b7f7-ede382ce3e00
2020-07-09 01:19:26,994 [pool-63-thread-1] INFO  server.RaftServerConfigKeys (ConfUtils.java:logGet(44)) - raft.server.log.queue.byte-limit = 2147483647 (custom)
2020-07-09 01:19:26,994 [pool-63-thread-1] INFO  server.RaftServerConfigKeys (ConfUtils.java:logGet(44)) - raft.server.log.queue.element-limit = 1024 (custom)
2020-07-09 01:19:26,994 [pool-63-thread-1] INFO  server.RaftServerConfigKeys (ConfUtils.java:logGet(44)) - raft.server.log.segment.size.max = 1048576 (custom)
2020-07-09 01:19:26,994 [pool-63-thread-1] INFO  server.RaftServerConfigKeys (ConfUtils.java:logGet(44)) - raft.server.log.preallocated.size = 16384 (custom)
2020-07-09 01:19:26,994 [pool-63-thread-1] INFO  server.RaftServerConfigKeys (ConfUtils.java:logGet(44)) - raft.server.log.write.buffer.size = 1048576 (custom)
2020-07-09 01:19:26,994 [pool-63-thread-1] INFO  server.RaftServerConfigKeys (ConfUtils.java:logGet(44)) - raft.server.log.force.sync.num = 128 (default)
2020-07-09 01:19:26,994 [pool-63-thread-1] INFO  server.RaftServerConfigKeys (ConfUtils.java:logGet(44)) - raft.server.log.statemachine.data.sync = true (default)
2020-07-09 01:19:26,994 [pool-63-thread-1] INFO  server.RaftServerConfigKeys (ConfUtils.java:logGet(44)) - raft.server.log.statemachine.data.sync.timeout = 10s (default)
2020-07-09 01:19:26,994 [pool-63-thread-1] INFO  server.RaftServerConfigKeys (ConfUtils.java:logGet(44)) - raft.server.log.statemachine.data.sync.timeout.retry = -1 (default)
2020-07-09 01:19:26,997 [pool-63-thread-1] INFO  server.RaftServerConfigKeys (ConfUtils.java:logGet(44)) - raft.server.log.statemachine.data.caching.enabled = true (custom)
2020-07-09 01:19:26,998 [pool-63-thread-1] INFO  segmented.SegmentedRaftLogWorker (SegmentedRaftLogWorker.java:lambda$new$0(129)) - 6364e981-304f-41bf-bc01-7b1ff98cc952@group-EDE382CE3E00-SegmentedRaftLogWorker: flushIndex: setUnconditionally 0 -> -1
2020-07-09 01:19:26,998 [pool-63-thread-1] INFO  segmented.SegmentedRaftLogWorker (SegmentedRaftLogWorker.java:lambda$new$0(129)) - 6364e981-304f-41bf-bc01-7b1ff98cc952@group-EDE382CE3E00-SegmentedRaftLogWorker: safeCacheEvictIndex: setUnconditionally 0 -> -1
2020-07-09 01:19:27,002 [pool-63-thread-1] INFO  server.RaftServerConfigKeys (ConfUtils.java:logGet(44)) - raft.server.snapshot.auto.trigger.enabled = true (custom)
2020-07-09 01:19:27,002 [pool-63-thread-1] INFO  server.RaftServerConfigKeys (ConfUtils.java:logGet(44)) - raft.server.snapshot.auto.trigger.threshold = 10000 (custom)
2020-07-09 01:19:27,002 [pool-63-thread-1] INFO  server.RaftServerConfigKeys (ConfUtils.java:logGet(44)) - raft.server.snapshot.retention.file.num = 5 (custom)
2020-07-09 01:19:27,002 [pool-63-thread-1] INFO  server.RaftServerConfigKeys (ConfUtils.java:logGet(44)) - raft.server.log.purge.upto.snapshot.index = false (default)
2020-07-09 01:19:27,002 [pool-63-thread-1] INFO  server.RaftServerConfigKeys (ConfUtils.java:logGet(44)) - raft.server.retrycache.expirytime = 600000ms (custom)
2020-07-09 01:19:27,002 [pool-63-thread-1] INFO  metrics.RatisMetrics (RatisMetrics.java:lambda$create$0(36)) - Creating Metrics Registry : ratis.leader_election.6364e981-304f-41bf-bc01-7b1ff98cc952@group-EDE382CE3E00
2020-07-09 01:19:27,003 [pool-63-thread-1] INFO  metrics.RatisMetrics (RatisMetrics.java:lambda$create$0(36)) - Creating Metrics Registry : ratis.server.6364e981-304f-41bf-bc01-7b1ff98cc952@group-EDE382CE3E00
2020-07-09 01:19:27,004 [pool-63-thread-1] INFO  impl.RaftServerImpl (RaftServerImpl.java:start(186)) - 6364e981-304f-41bf-bc01-7b1ff98cc952@group-EDE382CE3E00: start as a follower, conf=-1: [c506d153-aba5-44d6-9bcb-0e1026c6c6c2:172.17.0.2:41753, 6364e981-304f-41bf-bc01-7b1ff98cc952:172.17.0.2:34653, 3bb671d4-7f90-4750-a753-fc4fc647587c:172.17.0.2:36973], old=null
2020-07-09 01:19:27,004 [pool-63-thread-1] INFO  impl.RaftServerImpl (RaftServerImpl.java:setRole(175)) - 6364e981-304f-41bf-bc01-7b1ff98cc952@group-EDE382CE3E00: changes role from      null to FOLLOWER at term 0 for startAsFollower
2020-07-09 01:19:27,004 [pool-63-thread-1] INFO  impl.RoleInfo (RoleInfo.java:updateAndGet(143)) - 6364e981-304f-41bf-bc01-7b1ff98cc952: start FollowerState
2020-07-09 01:19:27,008 [pool-63-thread-1] INFO  util.JmxRegister (JmxRegister.java:tryRegister(44)) - Successfully registered JMX Bean with object name Ratis:service=RaftServer,group=group-EDE382CE3E00,id=6364e981-304f-41bf-bc01-7b1ff98cc952
2020-07-09 01:19:27,015 [pool-63-thread-1] INFO  metrics.RatisMetrics (RatisMetrics.java:lambda$create$0(36)) - Creating Metrics Registry : ratis.state_machine.6364e981-304f-41bf-bc01-7b1ff98cc952@group-EDE382CE3E00
2020-07-09 01:19:27,023 [Command processor thread] INFO  impl.RaftServerProxy (RaftServerProxy.java:addNew(89)) - 4f159216-eef4-4234-82ad-645dd276908c: addNew group-7F3D959DF0FA:[4f159216-eef4-4234-82ad-645dd276908c:172.17.0.2:41133] returns group-7F3D959DF0FA:java.util.concurrent.CompletableFuture@1647955d[Not completed]
2020-07-09 01:19:27,028 [pool-78-thread-1] INFO  impl.RaftServerImpl (RaftServerImpl.java:<init>(99)) - 4f159216-eef4-4234-82ad-645dd276908c: new RaftServerImpl for group-7F3D959DF0FA:[4f159216-eef4-4234-82ad-645dd276908c:172.17.0.2:41133] with ContainerStateMachine:uninitialized
2020-07-09 01:19:27,033 [pool-78-thread-1] INFO  server.RaftServerConfigKeys (ConfUtils.java:logGet(44)) - raft.server.rpc.timeout.min = 5s (custom)
2020-07-09 01:19:27,033 [pool-78-thread-1] INFO  server.RaftServerConfigKeys (ConfUtils.java:logGet(44)) - raft.server.rpc.timeout.max = 5200ms (custom)
2020-07-09 01:19:27,033 [pool-78-thread-1] INFO  server.RaftServerConfigKeys (ConfUtils.java:logGet(44)) - raft.server.rpcslowness.timeout = 300000ms (custom)
2020-07-09 01:19:27,033 [pool-78-thread-1] INFO  server.RaftServerConfigKeys (ConfUtils.java:logGet(44)) - raft.server.sleep.deviation.threshold = 300 (default)
2020-07-09 01:19:27,033 [pool-78-thread-1] INFO  server.RaftServerConfigKeys (ConfUtils.java:logGet(44)) - raft.server.log.appender.install.snapshot.enabled = false (custom)
2020-07-09 01:19:27,033 [pool-78-thread-1] INFO  impl.RaftServerImpl (ServerState.java:<init>(103)) - 4f159216-eef4-4234-82ad-645dd276908c@group-7F3D959DF0FA: ConfigurationManager, init=-1: [4f159216-eef4-4234-82ad-645dd276908c:172.17.0.2:41133], old=null, confs=<EMPTY_MAP>
2020-07-09 01:19:27,033 [pool-78-thread-1] INFO  server.RaftServerConfigKeys (ConfUtils.java:logGet(44)) - raft.server.storage.dir = [/github/workspace/mnt/ozone/hadoop-ozone/integration-test/target/test-dir/MiniOzoneClusterImpl-513b5a01-9d99-4e7a-8fe1-3ea97a28e1a0/datanode-3/data/ratis] (custom)
2020-07-09 01:19:27,033 [pool-78-thread-1] INFO  server.RaftServerConfigKeys (ConfUtils.java:logGet(44)) - raft.server.log.corruption.policy = EXCEPTION (default)
2020-07-09 01:19:27,034 [pool-78-thread-1] INFO  storage.RaftStorageDirectory (RaftStorageDirectory.java:analyzeStorage(261)) - The storage directory /github/workspace/mnt/ozone/hadoop-ozone/integration-test/target/test-dir/MiniOzoneClusterImpl-513b5a01-9d99-4e7a-8fe1-3ea97a28e1a0/datanode-3/data/ratis/85a051cc-5164-47dd-877a-7f3d959df0fa does not exist. Creating ...
2020-07-09 01:19:27,035 [pool-78-thread-1] INFO  storage.RaftStorageDirectory (RaftStorageDirectory.java:tryLock(343)) - Lock on /github/workspace/mnt/ozone/hadoop-ozone/integration-test/target/test-dir/MiniOzoneClusterImpl-513b5a01-9d99-4e7a-8fe1-3ea97a28e1a0/datanode-3/data/ratis/85a051cc-5164-47dd-877a-7f3d959df0fa/in_use.lock acquired by nodename 20599@848e8b8fb74f
2020-07-09 01:19:27,036 [pool-78-thread-1] INFO  storage.RaftStorage (RaftStorage.java:format(84)) - Storage directory /github/workspace/mnt/ozone/hadoop-ozone/integration-test/target/test-dir/MiniOzoneClusterImpl-513b5a01-9d99-4e7a-8fe1-3ea97a28e1a0/datanode-3/data/ratis/85a051cc-5164-47dd-877a-7f3d959df0fa has been successfully formatted.
2020-07-09 01:19:27,038 [pool-78-thread-1] INFO  ratis.ContainerStateMachine (ContainerStateMachine.java:loadSnapshot(225)) - group-7F3D959DF0FA: The snapshot info is null. Setting the last applied indexto:(t:0, i:~)
2020-07-09 01:19:27,038 [pool-78-thread-1] INFO  server.RaftServerConfigKeys (ConfUtils.java:logGet(44)) - raft.server.notification.no-leader.timeout = 60s (default)
2020-07-09 01:19:27,040 [EventQueue-PipelineReportForPipelineReportHandler] INFO  pipeline.PipelineStateManager (PipelineStateManager.java:openPipeline(131)) - Pipeline Pipeline[ Id: 85a051cc-5164-47dd-877a-7f3d959df0fa, Nodes: 4f159216-eef4-4234-82ad-645dd276908c{ip: 172.17.0.2, host: 848e8b8fb74f, networkLocation: /default-rack, certSerialId: null}, Type:RATIS, Factor:ONE, State:ALLOCATED, leaderId:4f159216-eef4-4234-82ad-645dd276908c, CreationTimestamp2020-07-09T01:19:24.016Z] moved to OPEN state
2020-07-09 01:19:27,040 [pool-78-thread-1] INFO  server.RaftServerConfigKeys (ConfUtils.java:logGet(44)) - raft.server.log.use.memory = false (default)
2020-07-09 01:19:27,040 [EventQueue-OpenPipelineForOneReplicaPipelineSafeModeRule] INFO  safemode.SCMSafeModeManager (SCMSafeModeManager.java:validateSafeModeExitRules(214)) - AtleastOneDatanodeReportedRule rule is successfully validated
2020-07-09 01:19:27,040 [EventQueue-OpenPipelineForHealthyPipelineSafeModeRule] INFO  safemode.SCMSafeModeManager (HealthyPipelineSafeModeRule.java:process(129)) - SCM in safe mode. Healthy pipelines reported count is 0, required healthy pipeline reported count is 1
2020-07-09 01:19:27,047 [pool-78-thread-1] INFO  server.RaftServerConfigKeys (ConfUtils.java:logGet(44)) - raft.server.log.purge.gap = 1000000 (custom)
2020-07-09 01:19:27,047 [pool-78-thread-1] INFO  server.RaftServerConfigKeys (ConfUtils.java:logGet(44)) - raft.server.log.appender.buffer.byte-limit = 33554432 (custom)
2020-07-09 01:19:27,047 [pool-78-thread-1] INFO  server.RaftServerConfigKeys (ConfUtils.java:logGet(44)) - raft.server.log.segment.size.max = 1048576 (custom)
2020-07-09 01:19:27,047 [pool-78-thread-1] INFO  metrics.RatisMetrics (RatisMetrics.java:lambda$create$0(36)) - Creating Metrics Registry : ratis.log_worker.4f159216-eef4-4234-82ad-645dd276908c@group-7F3D959DF0FA
2020-07-09 01:19:27,047 [pool-78-thread-1] INFO  server.RaftServerConfigKeys (ConfUtils.java:logGet(44)) - raft.server.log.segment.cache.num.max = 2 (custom)
2020-07-09 01:19:27,047 [pool-78-thread-1] INFO  segmented.SegmentedRaftLogWorker (SegmentedRaftLogWorker.java:<init>(180)) - new 4f159216-eef4-4234-82ad-645dd276908c@group-7F3D959DF0FA-SegmentedRaftLogWorker for RaftStorage:Storage Directory /github/workspace/mnt/ozone/hadoop-ozone/integration-test/target/test-dir/MiniOzoneClusterImpl-513b5a01-9d99-4e7a-8fe1-3ea97a28e1a0/datanode-3/data/ratis/85a051cc-5164-47dd-877a-7f3d959df0fa
2020-07-09 01:19:27,048 [pool-78-thread-1] INFO  server.RaftServerConfigKeys (ConfUtils.java:logGet(44)) - raft.server.log.queue.byte-limit = 2147483647 (custom)
2020-07-09 01:19:27,048 [pool-78-thread-1] INFO  server.RaftServerConfigKeys (ConfUtils.java:logGet(44)) - raft.server.log.queue.element-limit = 1024 (custom)
2020-07-09 01:19:27,048 [pool-78-thread-1] INFO  server.RaftServerConfigKeys (ConfUtils.java:logGet(44)) - raft.server.log.segment.size.max = 1048576 (custom)
2020-07-09 01:19:27,048 [pool-78-thread-1] INFO  server.RaftServerConfigKeys (ConfUtils.java:logGet(44)) - raft.server.log.preallocated.size = 16384 (custom)
2020-07-09 01:19:27,048 [pool-78-thread-1] INFO  server.RaftServerConfigKeys (ConfUtils.java:logGet(44)) - raft.server.log.write.buffer.size = 1048576 (custom)
2020-07-09 01:19:27,048 [pool-78-thread-1] INFO  server.RaftServerConfigKeys (ConfUtils.java:logGet(44)) - raft.server.log.force.sync.num = 128 (default)
2020-07-09 01:19:27,048 [pool-78-thread-1] INFO  server.RaftServerConfigKeys (ConfUtils.java:logGet(44)) - raft.server.log.statemachine.data.sync = true (default)
2020-07-09 01:19:27,048 [pool-78-thread-1] INFO  server.RaftServerConfigKeys (ConfUtils.java:logGet(44)) - raft.server.log.statemachine.data.sync.timeout = 10s (default)
2020-07-09 01:19:27,048 [pool-78-thread-1] INFO  server.RaftServerConfigKeys (ConfUtils.java:logGet(44)) - raft.server.log.statemachine.data.sync.timeout.retry = -1 (default)
2020-07-09 01:19:27,056 [pool-78-thread-1] INFO  server.RaftServerConfigKeys (ConfUtils.java:logGet(44)) - raft.server.log.statemachine.data.caching.enabled = true (custom)
2020-07-09 01:19:27,056 [pool-78-thread-1] INFO  segmented.SegmentedRaftLogWorker (SegmentedRaftLogWorker.java:lambda$new$0(129)) - 4f159216-eef4-4234-82ad-645dd276908c@group-7F3D959DF0FA-SegmentedRaftLogWorker: flushIndex: setUnconditionally 0 -> -1
2020-07-09 01:19:27,057 [pool-78-thread-1] INFO  segmented.SegmentedRaftLogWorker (SegmentedRaftLogWorker.java:lambda$new$0(129)) - 4f159216-eef4-4234-82ad-645dd276908c@group-7F3D959DF0FA-SegmentedRaftLogWorker: safeCacheEvictIndex: setUnconditionally 0 -> -1
2020-07-09 01:19:27,057 [pool-78-thread-1] INFO  server.RaftServerConfigKeys (ConfUtils.java:logGet(44)) - raft.server.snapshot.auto.trigger.enabled = true (custom)
2020-07-09 01:19:27,057 [pool-78-thread-1] INFO  server.RaftServerConfigKeys (ConfUtils.java:logGet(44)) - raft.server.snapshot.auto.trigger.threshold = 10000 (custom)
2020-07-09 01:19:27,057 [pool-78-thread-1] INFO  server.RaftServerConfigKeys (ConfUtils.java:logGet(44)) - raft.server.snapshot.retention.file.num = 5 (custom)
2020-07-09 01:19:27,057 [pool-78-thread-1] INFO  server.RaftServerConfigKeys (ConfUtils.java:logGet(44)) - raft.server.log.purge.upto.snapshot.index = false (default)
2020-07-09 01:19:27,057 [pool-78-thread-1] INFO  server.RaftServerConfigKeys (ConfUtils.java:logGet(44)) - raft.server.retrycache.expirytime = 600000ms (custom)
2020-07-09 01:19:27,057 [pool-78-thread-1] INFO  metrics.RatisMetrics (RatisMetrics.java:lambda$create$0(36)) - Creating Metrics Registry : ratis.leader_election.4f159216-eef4-4234-82ad-645dd276908c@group-7F3D959DF0FA
2020-07-09 01:19:27,058 [pool-78-thread-1] INFO  metrics.RatisMetrics (RatisMetrics.java:lambda$create$0(36)) - Creating Metrics Registry : ratis.server.4f159216-eef4-4234-82ad-645dd276908c@group-7F3D959DF0FA
2020-07-09 01:19:27,059 [pool-78-thread-1] INFO  impl.RaftServerImpl (RaftServerImpl.java:start(186)) - 4f159216-eef4-4234-82ad-645dd276908c@group-7F3D959DF0FA: start as a follower, conf=-1: [4f159216-eef4-4234-82ad-645dd276908c:172.17.0.2:41133], old=null
2020-07-09 01:19:27,059 [pool-78-thread-1] INFO  impl.RaftServerImpl (RaftServerImpl.java:setRole(175)) - 4f159216-eef4-4234-82ad-645dd276908c@group-7F3D959DF0FA: changes role from      null to FOLLOWER at term 0 for startAsFollower
2020-07-09 01:19:27,059 [pool-78-thread-1] INFO  impl.RoleInfo (RoleInfo.java:updateAndGet(143)) - 4f159216-eef4-4234-82ad-645dd276908c: start FollowerState
2020-07-09 01:19:27,060 [pool-78-thread-1] INFO  util.JmxRegister (JmxRegister.java:tryRegister(44)) - Successfully registered JMX Bean with object name Ratis:service=RaftServer,group=group-7F3D959DF0FA,id=4f159216-eef4-4234-82ad-645dd276908c
2020-07-09 01:19:27,060 [pool-78-thread-1] INFO  metrics.RatisMetrics (RatisMetrics.java:lambda$create$0(36)) - Creating Metrics Registry : ratis.state_machine.4f159216-eef4-4234-82ad-645dd276908c@group-7F3D959DF0FA
2020-07-09 01:19:27,061 [Command processor thread] INFO  commandhandler.CreatePipelineCommandHandler (CreatePipelineCommandHandler.java:handle(109)) - Created Pipeline RATIS ONE #id: "85a051cc-5164-47dd-877a-7f3d959df0fa"
uuid128 {
  mostSigBits: -8817958132410726435
  leastSigBits: -8684489028950691590
}
.
2020-07-09 01:19:27,062 [Command processor thread] INFO  impl.RaftServerProxy (RaftServerProxy.java:addNew(89)) - 4f159216-eef4-4234-82ad-645dd276908c: addNew group-B75F79988D48:[c95b19f7-50b5-4904-962f-b689396cb015:172.17.0.2:34853, 4de64420-61f2-4826-b9c9-fe43ebf29f54:172.17.0.2:38165, 4f159216-eef4-4234-82ad-645dd276908c:172.17.0.2:41133] returns group-B75F79988D48:java.util.concurrent.CompletableFuture@1278034d[Not completed]
2020-07-09 01:19:27,063 [pool-78-thread-1] INFO  impl.RaftServerImpl (RaftServerImpl.java:<init>(99)) - 4f159216-eef4-4234-82ad-645dd276908c: new RaftServerImpl for group-B75F79988D48:[c95b19f7-50b5-4904-962f-b689396cb015:172.17.0.2:34853, 4de64420-61f2-4826-b9c9-fe43ebf29f54:172.17.0.2:38165, 4f159216-eef4-4234-82ad-645dd276908c:172.17.0.2:41133] with ContainerStateMachine:uninitialized
2020-07-09 01:19:27,063 [pool-78-thread-1] INFO  server.RaftServerConfigKeys (ConfUtils.java:logGet(44)) - raft.server.rpc.timeout.min = 5s (custom)
2020-07-09 01:19:27,063 [pool-78-thread-1] INFO  server.RaftServerConfigKeys (ConfUtils.java:logGet(44)) - raft.server.rpc.timeout.max = 5200ms (custom)
2020-07-09 01:19:27,063 [pool-78-thread-1] INFO  server.RaftServerConfigKeys (ConfUtils.java:logGet(44)) - raft.server.rpcslowness.timeout = 300000ms (custom)
2020-07-09 01:19:27,063 [pool-78-thread-1] INFO  server.RaftServerConfigKeys (ConfUtils.java:logGet(44)) - raft.server.sleep.deviation.threshold = 300 (default)
2020-07-09 01:19:27,063 [pool-78-thread-1] INFO  server.RaftServerConfigKeys (ConfUtils.java:logGet(44)) - raft.server.log.appender.install.snapshot.enabled = false (custom)
2020-07-09 01:19:27,063 [pool-78-thread-1] INFO  impl.RaftServerImpl (ServerState.java:<init>(103)) - 4f159216-eef4-4234-82ad-645dd276908c@group-B75F79988D48: ConfigurationManager, init=-1: [c95b19f7-50b5-4904-962f-b689396cb015:172.17.0.2:34853, 4de64420-61f2-4826-b9c9-fe43ebf29f54:172.17.0.2:38165, 4f159216-eef4-4234-82ad-645dd276908c:172.17.0.2:41133], old=null, confs=<EMPTY_MAP>
2020-07-09 01:19:27,063 [pool-78-thread-1] INFO  server.RaftServerConfigKeys (ConfUtils.java:logGet(44)) - raft.server.storage.dir = [/github/workspace/mnt/ozone/hadoop-ozone/integration-test/target/test-dir/MiniOzoneClusterImpl-513b5a01-9d99-4e7a-8fe1-3ea97a28e1a0/datanode-3/data/ratis] (custom)
2020-07-09 01:19:27,064 [pool-78-thread-1] INFO  server.RaftServerConfigKeys (ConfUtils.java:logGet(44)) - raft.server.log.corruption.policy = EXCEPTION (default)
2020-07-09 01:19:27,064 [pool-78-thread-1] INFO  storage.RaftStorageDirectory (RaftStorageDirectory.java:analyzeStorage(261)) - The storage directory /github/workspace/mnt/ozone/hadoop-ozone/integration-test/target/test-dir/MiniOzoneClusterImpl-513b5a01-9d99-4e7a-8fe1-3ea97a28e1a0/datanode-3/data/ratis/9383e73a-41af-40e3-9896-b75f79988d48 does not exist. Creating ...
2020-07-09 01:19:27,065 [pool-78-thread-1] INFO  storage.RaftStorageDirectory (RaftStorageDirectory.java:tryLock(343)) - Lock on /github/workspace/mnt/ozone/hadoop-ozone/integration-test/target/test-dir/MiniOzoneClusterImpl-513b5a01-9d99-4e7a-8fe1-3ea97a28e1a0/datanode-3/data/ratis/9383e73a-41af-40e3-9896-b75f79988d48/in_use.lock acquired by nodename 20599@848e8b8fb74f
2020-07-09 01:19:27,066 [pool-78-thread-1] INFO  storage.RaftStorage (RaftStorage.java:format(84)) - Storage directory /github/workspace/mnt/ozone/hadoop-ozone/integration-test/target/test-dir/MiniOzoneClusterImpl-513b5a01-9d99-4e7a-8fe1-3ea97a28e1a0/datanode-3/data/ratis/9383e73a-41af-40e3-9896-b75f79988d48 has been successfully formatted.
2020-07-09 01:19:27,066 [pool-78-thread-1] INFO  ratis.ContainerStateMachine (ContainerStateMachine.java:loadSnapshot(225)) - group-B75F79988D48: The snapshot info is null. Setting the last applied indexto:(t:0, i:~)
2020-07-09 01:19:27,066 [pool-78-thread-1] INFO  server.RaftServerConfigKeys (ConfUtils.java:logGet(44)) - raft.server.notification.no-leader.timeout = 60s (default)
2020-07-09 01:19:27,067 [pool-78-thread-1] INFO  server.RaftServerConfigKeys (ConfUtils.java:logGet(44)) - raft.server.log.use.memory = false (default)
2020-07-09 01:19:27,067 [pool-78-thread-1] INFO  server.RaftServerConfigKeys (ConfUtils.java:logGet(44)) - raft.server.log.purge.gap = 1000000 (custom)
2020-07-09 01:19:27,067 [pool-78-thread-1] INFO  server.RaftServerConfigKeys (ConfUtils.java:logGet(44)) - raft.server.log.appender.buffer.byte-limit = 33554432 (custom)
2020-07-09 01:19:27,067 [pool-78-thread-1] INFO  server.RaftServerConfigKeys (ConfUtils.java:logGet(44)) - raft.server.log.segment.size.max = 1048576 (custom)
2020-07-09 01:19:27,072 [pool-78-thread-1] INFO  metrics.RatisMetrics (RatisMetrics.java:lambda$create$0(36)) - Creating Metrics Registry : ratis.log_worker.4f159216-eef4-4234-82ad-645dd276908c@group-B75F79988D48
2020-07-09 01:19:27,073 [pool-78-thread-1] INFO  server.RaftServerConfigKeys (ConfUtils.java:logGet(44)) - raft.server.log.segment.cache.num.max = 2 (custom)
2020-07-09 01:19:27,073 [pool-78-thread-1] INFO  segmented.SegmentedRaftLogWorker (SegmentedRaftLogWorker.java:<init>(180)) - new 4f159216-eef4-4234-82ad-645dd276908c@group-B75F79988D48-SegmentedRaftLogWorker for RaftStorage:Storage Directory /github/workspace/mnt/ozone/hadoop-ozone/integration-test/target/test-dir/MiniOzoneClusterImpl-513b5a01-9d99-4e7a-8fe1-3ea97a28e1a0/datanode-3/data/ratis/9383e73a-41af-40e3-9896-b75f79988d48
2020-07-09 01:19:27,073 [pool-78-thread-1] INFO  server.RaftServerConfigKeys (ConfUtils.java:logGet(44)) - raft.server.log.queue.byte-limit = 2147483647 (custom)
2020-07-09 01:19:27,073 [pool-78-thread-1] INFO  server.RaftServerConfigKeys (ConfUtils.java:logGet(44)) - raft.server.log.queue.element-limit = 1024 (custom)
2020-07-09 01:19:27,073 [pool-78-thread-1] INFO  server.RaftServerConfigKeys (ConfUtils.java:logGet(44)) - raft.server.log.segment.size.max = 1048576 (custom)
2020-07-09 01:19:27,073 [pool-78-thread-1] INFO  server.RaftServerConfigKeys (ConfUtils.java:logGet(44)) - raft.server.log.preallocated.size = 16384 (custom)
2020-07-09 01:19:27,073 [pool-78-thread-1] INFO  server.RaftServerConfigKeys (ConfUtils.java:logGet(44)) - raft.server.log.write.buffer.size = 1048576 (custom)
2020-07-09 01:19:27,073 [pool-78-thread-1] INFO  server.RaftServerConfigKeys (ConfUtils.java:logGet(44)) - raft.server.log.force.sync.num = 128 (default)
2020-07-09 01:19:27,073 [pool-78-thread-1] INFO  server.RaftServerConfigKeys (ConfUtils.java:logGet(44)) - raft.server.log.statemachine.data.sync = true (default)
2020-07-09 01:19:27,074 [pool-78-thread-1] INFO  server.RaftServerConfigKeys (ConfUtils.java:logGet(44)) - raft.server.log.statemachine.data.sync.timeout = 10s (default)
2020-07-09 01:19:27,074 [pool-78-thread-1] INFO  server.RaftServerConfigKeys (ConfUtils.java:logGet(44)) - raft.server.log.statemachine.data.sync.timeout.retry = -1 (default)
2020-07-09 01:19:27,077 [pool-78-thread-1] INFO  server.RaftServerConfigKeys (ConfUtils.java:logGet(44)) - raft.server.log.statemachine.data.caching.enabled = true (custom)
2020-07-09 01:19:27,078 [pool-78-thread-1] INFO  segmented.SegmentedRaftLogWorker (SegmentedRaftLogWorker.java:lambda$new$0(129)) - 4f159216-eef4-4234-82ad-645dd276908c@group-B75F79988D48-SegmentedRaftLogWorker: flushIndex: setUnconditionally 0 -> -1
2020-07-09 01:19:27,078 [pool-78-thread-1] INFO  segmented.SegmentedRaftLogWorker (SegmentedRaftLogWorker.java:lambda$new$0(129)) - 4f159216-eef4-4234-82ad-645dd276908c@group-B75F79988D48-SegmentedRaftLogWorker: safeCacheEvictIndex: setUnconditionally 0 -> -1
2020-07-09 01:19:27,078 [Command processor thread] INFO  impl.RaftServerProxy (RaftServerProxy.java:addNew(89)) - c95b19f7-50b5-4904-962f-b689396cb015: addNew group-879E32C7D743:[c95b19f7-50b5-4904-962f-b689396cb015:172.17.0.2:34853] returns group-879E32C7D743:java.util.concurrent.CompletableFuture@28907a47[Not completed]
2020-07-09 01:19:27,079 [pool-93-thread-1] INFO  impl.RaftServerImpl (RaftServerImpl.java:<init>(99)) - c95b19f7-50b5-4904-962f-b689396cb015: new RaftServerImpl for group-879E32C7D743:[c95b19f7-50b5-4904-962f-b689396cb015:172.17.0.2:34853] with ContainerStateMachine:uninitialized
2020-07-09 01:19:27,093 [pool-93-thread-1] INFO  server.RaftServerConfigKeys (ConfUtils.java:logGet(44)) - raft.server.rpc.timeout.min = 5s (custom)
2020-07-09 01:19:27,093 [pool-93-thread-1] INFO  server.RaftServerConfigKeys (ConfUtils.java:logGet(44)) - raft.server.rpc.timeout.max = 5200ms (custom)
2020-07-09 01:19:27,093 [pool-93-thread-1] INFO  server.RaftServerConfigKeys (ConfUtils.java:logGet(44)) - raft.server.rpcslowness.timeout = 300000ms (custom)
2020-07-09 01:19:27,093 [pool-93-thread-1] INFO  server.RaftServerConfigKeys (ConfUtils.java:logGet(44)) - raft.server.sleep.deviation.threshold = 300 (default)
2020-07-09 01:19:27,093 [pool-93-thread-1] INFO  server.RaftServerConfigKeys (ConfUtils.java:logGet(44)) - raft.server.log.appender.install.snapshot.enabled = false (custom)
2020-07-09 01:19:27,093 [pool-93-thread-1] INFO  impl.RaftServerImpl (ServerState.java:<init>(103)) - c95b19f7-50b5-4904-962f-b689396cb015@group-879E32C7D743: ConfigurationManager, init=-1: [c95b19f7-50b5-4904-962f-b689396cb015:172.17.0.2:34853], old=null, confs=<EMPTY_MAP>
2020-07-09 01:19:27,093 [pool-93-thread-1] INFO  server.RaftServerConfigKeys (ConfUtils.java:logGet(44)) - raft.server.storage.dir = [/github/workspace/mnt/ozone/hadoop-ozone/integration-test/target/test-dir/MiniOzoneClusterImpl-513b5a01-9d99-4e7a-8fe1-3ea97a28e1a0/datanode-4/data/ratis] (custom)
2020-07-09 01:19:27,093 [pool-93-thread-1] INFO  server.RaftServerConfigKeys (ConfUtils.java:logGet(44)) - raft.server.log.corruption.policy = EXCEPTION (default)
2020-07-09 01:19:27,093 [pool-93-thread-1] INFO  storage.RaftStorageDirectory (RaftStorageDirectory.java:analyzeStorage(261)) - The storage directory /github/workspace/mnt/ozone/hadoop-ozone/integration-test/target/test-dir/MiniOzoneClusterImpl-513b5a01-9d99-4e7a-8fe1-3ea97a28e1a0/datanode-4/data/ratis/6cd2bc2d-ccaa-4b13-95eb-879e32c7d743 does not exist. Creating ...
2020-07-09 01:19:27,095 [pool-78-thread-1] INFO  server.RaftServerConfigKeys (ConfUtils.java:logGet(44)) - raft.server.snapshot.auto.trigger.enabled = true (custom)
2020-07-09 01:19:27,095 [pool-78-thread-1] INFO  server.RaftServerConfigKeys (ConfUtils.java:logGet(44)) - raft.server.snapshot.auto.trigger.threshold = 10000 (custom)
2020-07-09 01:19:27,095 [pool-78-thread-1] INFO  server.RaftServerConfigKeys (ConfUtils.java:logGet(44)) - raft.server.snapshot.retention.file.num = 5 (custom)
2020-07-09 01:19:27,095 [pool-78-thread-1] INFO  server.RaftServerConfigKeys (ConfUtils.java:logGet(44)) - raft.server.log.purge.upto.snapshot.index = false (default)
2020-07-09 01:19:27,095 [pool-78-thread-1] INFO  server.RaftServerConfigKeys (ConfUtils.java:logGet(44)) - raft.server.retrycache.expirytime = 600000ms (custom)
2020-07-09 01:19:27,096 [pool-78-thread-1] INFO  metrics.RatisMetrics (RatisMetrics.java:lambda$create$0(36)) - Creating Metrics Registry : ratis.leader_election.4f159216-eef4-4234-82ad-645dd276908c@group-B75F79988D48
2020-07-09 01:19:27,096 [pool-78-thread-1] INFO  metrics.RatisMetrics (RatisMetrics.java:lambda$create$0(36)) - Creating Metrics Registry : ratis.server.4f159216-eef4-4234-82ad-645dd276908c@group-B75F79988D48
2020-07-09 01:19:27,097 [pool-78-thread-1] INFO  impl.RaftServerImpl (RaftServerImpl.java:start(186)) - 4f159216-eef4-4234-82ad-645dd276908c@group-B75F79988D48: start as a follower, conf=-1: [c95b19f7-50b5-4904-962f-b689396cb015:172.17.0.2:34853, 4de64420-61f2-4826-b9c9-fe43ebf29f54:172.17.0.2:38165, 4f159216-eef4-4234-82ad-645dd276908c:172.17.0.2:41133], old=null
2020-07-09 01:19:27,097 [pool-78-thread-1] INFO  impl.RaftServerImpl (RaftServerImpl.java:setRole(175)) - 4f159216-eef4-4234-82ad-645dd276908c@group-B75F79988D48: changes role from      null to FOLLOWER at term 0 for startAsFollower
2020-07-09 01:19:27,097 [pool-78-thread-1] INFO  impl.RoleInfo (RoleInfo.java:updateAndGet(143)) - 4f159216-eef4-4234-82ad-645dd276908c: start FollowerState
2020-07-09 01:19:27,097 [pool-93-thread-1] INFO  storage.RaftStorageDirectory (RaftStorageDirectory.java:tryLock(343)) - Lock on /github/workspace/mnt/ozone/hadoop-ozone/integration-test/target/test-dir/MiniOzoneClusterImpl-513b5a01-9d99-4e7a-8fe1-3ea97a28e1a0/datanode-4/data/ratis/6cd2bc2d-ccaa-4b13-95eb-879e32c7d743/in_use.lock acquired by nodename 20599@848e8b8fb74f
2020-07-09 01:19:27,103 [pool-93-thread-1] INFO  storage.RaftStorage (RaftStorage.java:format(84)) - Storage directory /github/workspace/mnt/ozone/hadoop-ozone/integration-test/target/test-dir/MiniOzoneClusterImpl-513b5a01-9d99-4e7a-8fe1-3ea97a28e1a0/datanode-4/data/ratis/6cd2bc2d-ccaa-4b13-95eb-879e32c7d743 has been successfully formatted.
2020-07-09 01:19:27,103 [pool-78-thread-1] INFO  util.JmxRegister (JmxRegister.java:tryRegister(44)) - Successfully registered JMX Bean with object name Ratis:service=RaftServer,group=group-B75F79988D48,id=4f159216-eef4-4234-82ad-645dd276908c
2020-07-09 01:19:27,103 [pool-78-thread-1] INFO  metrics.RatisMetrics (RatisMetrics.java:lambda$create$0(36)) - Creating Metrics Registry : ratis.state_machine.4f159216-eef4-4234-82ad-645dd276908c@group-B75F79988D48
2020-07-09 01:19:27,118 [pool-93-thread-1] INFO  ratis.ContainerStateMachine (ContainerStateMachine.java:loadSnapshot(225)) - group-879E32C7D743: The snapshot info is null. Setting the last applied indexto:(t:0, i:~)
2020-07-09 01:19:27,118 [pool-93-thread-1] INFO  server.RaftServerConfigKeys (ConfUtils.java:logGet(44)) - raft.server.notification.no-leader.timeout = 60s (default)
2020-07-09 01:19:27,123 [pool-93-thread-1] INFO  server.RaftServerConfigKeys (ConfUtils.java:logGet(44)) - raft.server.log.use.memory = false (default)
2020-07-09 01:19:27,123 [pool-93-thread-1] INFO  server.RaftServerConfigKeys (ConfUtils.java:logGet(44)) - raft.server.log.purge.gap = 1000000 (custom)
2020-07-09 01:19:27,123 [pool-93-thread-1] INFO  server.RaftServerConfigKeys (ConfUtils.java:logGet(44)) - raft.server.log.appender.buffer.byte-limit = 33554432 (custom)
2020-07-09 01:19:27,123 [pool-93-thread-1] INFO  server.RaftServerConfigKeys (ConfUtils.java:logGet(44)) - raft.server.log.segment.size.max = 1048576 (custom)
2020-07-09 01:19:27,123 [pool-93-thread-1] INFO  metrics.RatisMetrics (RatisMetrics.java:lambda$create$0(36)) - Creating Metrics Registry : ratis.log_worker.c95b19f7-50b5-4904-962f-b689396cb015@group-879E32C7D743
2020-07-09 01:19:27,124 [pool-93-thread-1] INFO  server.RaftServerConfigKeys (ConfUtils.java:logGet(44)) - raft.server.log.segment.cache.num.max = 2 (custom)
2020-07-09 01:19:27,124 [pool-93-thread-1] INFO  segmented.SegmentedRaftLogWorker (SegmentedRaftLogWorker.java:<init>(180)) - new c95b19f7-50b5-4904-962f-b689396cb015@group-879E32C7D743-SegmentedRaftLogWorker for RaftStorage:Storage Directory /github/workspace/mnt/ozone/hadoop-ozone/integration-test/target/test-dir/MiniOzoneClusterImpl-513b5a01-9d99-4e7a-8fe1-3ea97a28e1a0/datanode-4/data/ratis/6cd2bc2d-ccaa-4b13-95eb-879e32c7d743
2020-07-09 01:19:27,124 [pool-93-thread-1] INFO  server.RaftServerConfigKeys (ConfUtils.java:logGet(44)) - raft.server.log.queue.byte-limit = 2147483647 (custom)
2020-07-09 01:19:27,124 [pool-93-thread-1] INFO  server.RaftServerConfigKeys (ConfUtils.java:logGet(44)) - raft.server.log.queue.element-limit = 1024 (custom)
2020-07-09 01:19:27,124 [pool-93-thread-1] INFO  server.RaftServerConfigKeys (ConfUtils.java:logGet(44)) - raft.server.log.segment.size.max = 1048576 (custom)
2020-07-09 01:19:27,124 [pool-93-thread-1] INFO  server.RaftServerConfigKeys (ConfUtils.java:logGet(44)) - raft.server.log.preallocated.size = 16384 (custom)
2020-07-09 01:19:27,124 [pool-93-thread-1] INFO  server.RaftServerConfigKeys (ConfUtils.java:logGet(44)) - raft.server.log.write.buffer.size = 1048576 (custom)
2020-07-09 01:19:27,124 [pool-93-thread-1] INFO  server.RaftServerConfigKeys (ConfUtils.java:logGet(44)) - raft.server.log.force.sync.num = 128 (default)
2020-07-09 01:19:27,124 [pool-93-thread-1] INFO  server.RaftServerConfigKeys (ConfUtils.java:logGet(44)) - raft.server.log.statemachine.data.sync = true (default)
2020-07-09 01:19:27,124 [pool-93-thread-1] INFO  server.RaftServerConfigKeys (ConfUtils.java:logGet(44)) - raft.server.log.statemachine.data.sync.timeout = 10s (default)
2020-07-09 01:19:27,124 [pool-93-thread-1] INFO  server.RaftServerConfigKeys (ConfUtils.java:logGet(44)) - raft.server.log.statemachine.data.sync.timeout.retry = -1 (default)
2020-07-09 01:19:27,126 [pool-93-thread-1] INFO  server.RaftServerConfigKeys (ConfUtils.java:logGet(44)) - raft.server.log.statemachine.data.caching.enabled = true (custom)
2020-07-09 01:19:27,126 [pool-93-thread-1] INFO  segmented.SegmentedRaftLogWorker (SegmentedRaftLogWorker.java:lambda$new$0(129)) - c95b19f7-50b5-4904-962f-b689396cb015@group-879E32C7D743-SegmentedRaftLogWorker: flushIndex: setUnconditionally 0 -> -1
2020-07-09 01:19:27,126 [pool-93-thread-1] INFO  segmented.SegmentedRaftLogWorker (SegmentedRaftLogWorker.java:lambda$new$0(129)) - c95b19f7-50b5-4904-962f-b689396cb015@group-879E32C7D743-SegmentedRaftLogWorker: safeCacheEvictIndex: setUnconditionally 0 -> -1
2020-07-09 01:19:27,127 [EventQueue-PipelineReportForPipelineReportHandler] INFO  pipeline.PipelineStateManager (PipelineStateManager.java:openPipeline(131)) - Pipeline Pipeline[ Id: 6cd2bc2d-ccaa-4b13-95eb-879e32c7d743, Nodes: c95b19f7-50b5-4904-962f-b689396cb015{ip: 172.17.0.2, host: 848e8b8fb74f, networkLocation: /default-rack, certSerialId: null}, Type:RATIS, Factor:ONE, State:ALLOCATED, leaderId:c95b19f7-50b5-4904-962f-b689396cb015, CreationTimestamp2020-07-09T01:19:24.082Z] moved to OPEN state
2020-07-09 01:19:27,127 [EventQueue-OpenPipelineForHealthyPipelineSafeModeRule] INFO  safemode.SCMSafeModeManager (HealthyPipelineSafeModeRule.java:process(129)) - SCM in safe mode. Healthy pipelines reported count is 0, required healthy pipeline reported count is 1
2020-07-09 01:19:27,127 [EventQueue-OpenPipelineForOneReplicaPipelineSafeModeRule] INFO  safemode.SCMSafeModeManager (SCMSafeModeManager.java:validateSafeModeExitRules(214)) - AtleastOneDatanodeReportedRule rule is successfully validated
2020-07-09 01:19:27,131 [pool-93-thread-1] INFO  server.RaftServerConfigKeys (ConfUtils.java:logGet(44)) - raft.server.snapshot.auto.trigger.enabled = true (custom)
2020-07-09 01:19:27,131 [pool-93-thread-1] INFO  server.RaftServerConfigKeys (ConfUtils.java:logGet(44)) - raft.server.snapshot.auto.trigger.threshold = 10000 (custom)
2020-07-09 01:19:27,131 [pool-93-thread-1] INFO  server.RaftServerConfigKeys (ConfUtils.java:logGet(44)) - raft.server.snapshot.retention.file.num = 5 (custom)
2020-07-09 01:19:27,131 [pool-93-thread-1] INFO  server.RaftServerConfigKeys (ConfUtils.java:logGet(44)) - raft.server.log.purge.upto.snapshot.index = false (default)
2020-07-09 01:19:27,132 [pool-93-thread-1] INFO  server.RaftServerConfigKeys (ConfUtils.java:logGet(44)) - raft.server.retrycache.expirytime = 600000ms (custom)
2020-07-09 01:19:27,132 [pool-93-thread-1] INFO  metrics.RatisMetrics (RatisMetrics.java:lambda$create$0(36)) - Creating Metrics Registry : ratis.leader_election.c95b19f7-50b5-4904-962f-b689396cb015@group-879E32C7D743
2020-07-09 01:19:27,132 [pool-93-thread-1] INFO  metrics.RatisMetrics (RatisMetrics.java:lambda$create$0(36)) - Creating Metrics Registry : ratis.server.c95b19f7-50b5-4904-962f-b689396cb015@group-879E32C7D743
2020-07-09 01:19:27,134 [pool-93-thread-1] INFO  impl.RaftServerImpl (RaftServerImpl.java:start(186)) - c95b19f7-50b5-4904-962f-b689396cb015@group-879E32C7D743: start as a follower, conf=-1: [c95b19f7-50b5-4904-962f-b689396cb015:172.17.0.2:34853], old=null
2020-07-09 01:19:27,134 [pool-93-thread-1] INFO  impl.RaftServerImpl (RaftServerImpl.java:setRole(175)) - c95b19f7-50b5-4904-962f-b689396cb015@group-879E32C7D743: changes role from      null to FOLLOWER at term 0 for startAsFollower
2020-07-09 01:19:27,134 [pool-93-thread-1] INFO  impl.RoleInfo (RoleInfo.java:updateAndGet(143)) - c95b19f7-50b5-4904-962f-b689396cb015: start FollowerState
2020-07-09 01:19:27,142 [pool-93-thread-1] INFO  util.JmxRegister (JmxRegister.java:tryRegister(44)) - Successfully registered JMX Bean with object name Ratis:service=RaftServer,group=group-879E32C7D743,id=c95b19f7-50b5-4904-962f-b689396cb015
2020-07-09 01:19:27,142 [pool-93-thread-1] INFO  metrics.RatisMetrics (RatisMetrics.java:lambda$create$0(36)) - Creating Metrics Registry : ratis.state_machine.c95b19f7-50b5-4904-962f-b689396cb015@group-879E32C7D743
2020-07-09 01:19:27,143 [Command processor thread] INFO  commandhandler.CreatePipelineCommandHandler (CreatePipelineCommandHandler.java:handle(109)) - Created Pipeline RATIS ONE #id: "6cd2bc2d-ccaa-4b13-95eb-879e32c7d743"
uuid128 {
  mostSigBits: 7841536806098717459
  leastSigBits: -7643866829004744893
}
.
2020-07-09 01:19:27,143 [Command processor thread] INFO  impl.RaftServerProxy (RaftServerProxy.java:addNew(89)) - c95b19f7-50b5-4904-962f-b689396cb015: addNew group-B75F79988D48:[c95b19f7-50b5-4904-962f-b689396cb015:172.17.0.2:34853, 4de64420-61f2-4826-b9c9-fe43ebf29f54:172.17.0.2:38165, 4f159216-eef4-4234-82ad-645dd276908c:172.17.0.2:41133] returns group-B75F79988D48:java.util.concurrent.CompletableFuture@2cafeb8d[Not completed]
2020-07-09 01:19:27,145 [pool-93-thread-1] INFO  impl.RaftServerImpl (RaftServerImpl.java:<init>(99)) - c95b19f7-50b5-4904-962f-b689396cb015: new RaftServerImpl for group-B75F79988D48:[c95b19f7-50b5-4904-962f-b689396cb015:172.17.0.2:34853, 4de64420-61f2-4826-b9c9-fe43ebf29f54:172.17.0.2:38165, 4f159216-eef4-4234-82ad-645dd276908c:172.17.0.2:41133] with ContainerStateMachine:uninitialized
2020-07-09 01:19:27,145 [pool-93-thread-1] INFO  server.RaftServerConfigKeys (ConfUtils.java:logGet(44)) - raft.server.rpc.timeout.min = 5s (custom)
2020-07-09 01:19:27,145 [pool-93-thread-1] INFO  server.RaftServerConfigKeys (ConfUtils.java:logGet(44)) - raft.server.rpc.timeout.max = 5200ms (custom)
2020-07-09 01:19:27,145 [pool-93-thread-1] INFO  server.RaftServerConfigKeys (ConfUtils.java:logGet(44)) - raft.server.rpcslowness.timeout = 300000ms (custom)
2020-07-09 01:19:27,145 [pool-93-thread-1] INFO  server.RaftServerConfigKeys (ConfUtils.java:logGet(44)) - raft.server.sleep.deviation.threshold = 300 (default)
2020-07-09 01:19:27,145 [pool-93-thread-1] INFO  server.RaftServerConfigKeys (ConfUtils.java:logGet(44)) - raft.server.log.appender.install.snapshot.enabled = false (custom)
2020-07-09 01:19:27,145 [pool-93-thread-1] INFO  impl.RaftServerImpl (ServerState.java:<init>(103)) - c95b19f7-50b5-4904-962f-b689396cb015@group-B75F79988D48: ConfigurationManager, init=-1: [c95b19f7-50b5-4904-962f-b689396cb015:172.17.0.2:34853, 4de64420-61f2-4826-b9c9-fe43ebf29f54:172.17.0.2:38165, 4f159216-eef4-4234-82ad-645dd276908c:172.17.0.2:41133], old=null, confs=<EMPTY_MAP>
2020-07-09 01:19:27,145 [pool-93-thread-1] INFO  server.RaftServerConfigKeys (ConfUtils.java:logGet(44)) - raft.server.storage.dir = [/github/workspace/mnt/ozone/hadoop-ozone/integration-test/target/test-dir/MiniOzoneClusterImpl-513b5a01-9d99-4e7a-8fe1-3ea97a28e1a0/datanode-4/data/ratis] (custom)
2020-07-09 01:19:27,145 [pool-93-thread-1] INFO  server.RaftServerConfigKeys (ConfUtils.java:logGet(44)) - raft.server.log.corruption.policy = EXCEPTION (default)
2020-07-09 01:19:27,145 [pool-93-thread-1] INFO  storage.RaftStorageDirectory (RaftStorageDirectory.java:analyzeStorage(261)) - The storage directory /github/workspace/mnt/ozone/hadoop-ozone/integration-test/target/test-dir/MiniOzoneClusterImpl-513b5a01-9d99-4e7a-8fe1-3ea97a28e1a0/datanode-4/data/ratis/9383e73a-41af-40e3-9896-b75f79988d48 does not exist. Creating ...
2020-07-09 01:19:27,148 [Command processor thread] INFO  impl.RaftServerProxy (RaftServerProxy.java:addNew(89)) - 4de64420-61f2-4826-b9c9-fe43ebf29f54: addNew group-7617EFE81E04:[4de64420-61f2-4826-b9c9-fe43ebf29f54:172.17.0.2:38165] returns group-7617EFE81E04:java.util.concurrent.CompletableFuture@7e22ca59[Not completed]
2020-07-09 01:19:27,149 [pool-93-thread-1] INFO  storage.RaftStorageDirectory (RaftStorageDirectory.java:tryLock(343)) - Lock on /github/workspace/mnt/ozone/hadoop-ozone/integration-test/target/test-dir/MiniOzoneClusterImpl-513b5a01-9d99-4e7a-8fe1-3ea97a28e1a0/datanode-4/data/ratis/9383e73a-41af-40e3-9896-b75f79988d48/in_use.lock acquired by nodename 20599@848e8b8fb74f
2020-07-09 01:19:27,155 [pool-93-thread-1] INFO  storage.RaftStorage (RaftStorage.java:format(84)) - Storage directory /github/workspace/mnt/ozone/hadoop-ozone/integration-test/target/test-dir/MiniOzoneClusterImpl-513b5a01-9d99-4e7a-8fe1-3ea97a28e1a0/datanode-4/data/ratis/9383e73a-41af-40e3-9896-b75f79988d48 has been successfully formatted.
2020-07-09 01:19:27,156 [pool-93-thread-1] INFO  ratis.ContainerStateMachine (ContainerStateMachine.java:loadSnapshot(225)) - group-B75F79988D48: The snapshot info is null. Setting the last applied indexto:(t:0, i:~)
2020-07-09 01:19:27,157 [pool-93-thread-1] INFO  server.RaftServerConfigKeys (ConfUtils.java:logGet(44)) - raft.server.notification.no-leader.timeout = 60s (default)
2020-07-09 01:19:27,157 [pool-93-thread-1] INFO  server.RaftServerConfigKeys (ConfUtils.java:logGet(44)) - raft.server.log.use.memory = false (default)
2020-07-09 01:19:27,157 [pool-93-thread-1] INFO  server.RaftServerConfigKeys (ConfUtils.java:logGet(44)) - raft.server.log.purge.gap = 1000000 (custom)
2020-07-09 01:19:27,157 [pool-93-thread-1] INFO  server.RaftServerConfigKeys (ConfUtils.java:logGet(44)) - raft.server.log.appender.buffer.byte-limit = 33554432 (custom)
2020-07-09 01:19:27,157 [pool-93-thread-1] INFO  server.RaftServerConfigKeys (ConfUtils.java:logGet(44)) - raft.server.log.segment.size.max = 1048576 (custom)
2020-07-09 01:19:27,157 [pool-93-thread-1] INFO  metrics.RatisMetrics (RatisMetrics.java:lambda$create$0(36)) - Creating Metrics Registry : ratis.log_worker.c95b19f7-50b5-4904-962f-b689396cb015@group-B75F79988D48
2020-07-09 01:19:27,158 [pool-93-thread-1] INFO  server.RaftServerConfigKeys (ConfUtils.java:logGet(44)) - raft.server.log.segment.cache.num.max = 2 (custom)
2020-07-09 01:19:27,158 [pool-93-thread-1] INFO  segmented.SegmentedRaftLogWorker (SegmentedRaftLogWorker.java:<init>(180)) - new c95b19f7-50b5-4904-962f-b689396cb015@group-B75F79988D48-SegmentedRaftLogWorker for RaftStorage:Storage Directory /github/workspace/mnt/ozone/hadoop-ozone/integration-test/target/test-dir/MiniOzoneClusterImpl-513b5a01-9d99-4e7a-8fe1-3ea97a28e1a0/datanode-4/data/ratis/9383e73a-41af-40e3-9896-b75f79988d48
2020-07-09 01:19:27,158 [pool-93-thread-1] INFO  server.RaftServerConfigKeys (ConfUtils.java:logGet(44)) - raft.server.log.queue.byte-limit = 2147483647 (custom)
2020-07-09 01:19:27,158 [pool-93-thread-1] INFO  server.RaftServerConfigKeys (ConfUtils.java:logGet(44)) - raft.server.log.queue.element-limit = 1024 (custom)
2020-07-09 01:19:27,158 [pool-93-thread-1] INFO  server.RaftServerConfigKeys (ConfUtils.java:logGet(44)) - raft.server.log.segment.size.max = 1048576 (custom)
2020-07-09 01:19:27,158 [pool-93-thread-1] INFO  server.RaftServerConfigKeys (ConfUtils.java:logGet(44)) - raft.server.log.preallocated.size = 16384 (custom)
2020-07-09 01:19:27,158 [pool-93-thread-1] INFO  server.RaftServerConfigKeys (ConfUtils.java:logGet(44)) - raft.server.log.write.buffer.size = 1048576 (custom)
2020-07-09 01:19:27,158 [pool-93-thread-1] INFO  server.RaftServerConfigKeys (ConfUtils.java:logGet(44)) - raft.server.log.force.sync.num = 128 (default)
2020-07-09 01:19:27,158 [pool-93-thread-1] INFO  server.RaftServerConfigKeys (ConfUtils.java:logGet(44)) - raft.server.log.statemachine.data.sync = true (default)
2020-07-09 01:19:27,159 [pool-93-thread-1] INFO  server.RaftServerConfigKeys (ConfUtils.java:logGet(44)) - raft.server.log.statemachine.data.sync.timeout = 10s (default)
2020-07-09 01:19:27,159 [pool-93-thread-1] INFO  server.RaftServerConfigKeys (ConfUtils.java:logGet(44)) - raft.server.log.statemachine.data.sync.timeout.retry = -1 (default)
2020-07-09 01:19:27,162 [pool-93-thread-1] INFO  server.RaftServerConfigKeys (ConfUtils.java:logGet(44)) - raft.server.log.statemachine.data.caching.enabled = true (custom)
2020-07-09 01:19:27,173 [pool-93-thread-1] INFO  segmented.SegmentedRaftLogWorker (SegmentedRaftLogWorker.java:lambda$new$0(129)) - c95b19f7-50b5-4904-962f-b689396cb015@group-B75F79988D48-SegmentedRaftLogWorker: flushIndex: setUnconditionally 0 -> -1
2020-07-09 01:19:27,173 [pool-93-thread-1] INFO  segmented.SegmentedRaftLogWorker (SegmentedRaftLogWorker.java:lambda$new$0(129)) - c95b19f7-50b5-4904-962f-b689396cb015@group-B75F79988D48-SegmentedRaftLogWorker: safeCacheEvictIndex: setUnconditionally 0 -> -1
2020-07-09 01:19:27,167 [pool-108-thread-1] INFO  impl.RaftServerImpl (RaftServerImpl.java:<init>(99)) - 4de64420-61f2-4826-b9c9-fe43ebf29f54: new RaftServerImpl for group-7617EFE81E04:[4de64420-61f2-4826-b9c9-fe43ebf29f54:172.17.0.2:38165] with ContainerStateMachine:uninitialized
2020-07-09 01:19:27,184 [pool-93-thread-1] INFO  server.RaftServerConfigKeys (ConfUtils.java:logGet(44)) - raft.server.snapshot.auto.trigger.enabled = true (custom)
2020-07-09 01:19:27,184 [pool-93-thread-1] INFO  server.RaftServerConfigKeys (ConfUtils.java:logGet(44)) - raft.server.snapshot.auto.trigger.threshold = 10000 (custom)
2020-07-09 01:19:27,184 [pool-93-thread-1] INFO  server.RaftServerConfigKeys (ConfUtils.java:logGet(44)) - raft.server.snapshot.retention.file.num = 5 (custom)
2020-07-09 01:19:27,184 [pool-93-thread-1] INFO  server.RaftServerConfigKeys (ConfUtils.java:logGet(44)) - raft.server.log.purge.upto.snapshot.index = false (default)
2020-07-09 01:19:27,187 [pool-108-thread-1] INFO  server.RaftServerConfigKeys (ConfUtils.java:logGet(44)) - raft.server.rpc.timeout.min = 5s (custom)
2020-07-09 01:19:27,207 [pool-108-thread-1] INFO  server.RaftServerConfigKeys (ConfUtils.java:logGet(44)) - raft.server.rpc.timeout.max = 5200ms (custom)
2020-07-09 01:19:27,207 [pool-108-thread-1] INFO  server.RaftServerConfigKeys (ConfUtils.java:logGet(44)) - raft.server.rpcslowness.timeout = 300000ms (custom)
2020-07-09 01:19:27,207 [pool-108-thread-1] INFO  server.RaftServerConfigKeys (ConfUtils.java:logGet(44)) - raft.server.sleep.deviation.threshold = 300 (default)
2020-07-09 01:19:27,207 [pool-108-thread-1] INFO  server.RaftServerConfigKeys (ConfUtils.java:logGet(44)) - raft.server.log.appender.install.snapshot.enabled = false (custom)
2020-07-09 01:19:27,207 [pool-108-thread-1] INFO  impl.RaftServerImpl (ServerState.java:<init>(103)) - 4de64420-61f2-4826-b9c9-fe43ebf29f54@group-7617EFE81E04: ConfigurationManager, init=-1: [4de64420-61f2-4826-b9c9-fe43ebf29f54:172.17.0.2:38165], old=null, confs=<EMPTY_MAP>
2020-07-09 01:19:27,207 [pool-108-thread-1] INFO  server.RaftServerConfigKeys (ConfUtils.java:logGet(44)) - raft.server.storage.dir = [/github/workspace/mnt/ozone/hadoop-ozone/integration-test/target/test-dir/MiniOzoneClusterImpl-513b5a01-9d99-4e7a-8fe1-3ea97a28e1a0/datanode-5/data/ratis] (custom)
2020-07-09 01:19:27,207 [pool-108-thread-1] INFO  server.RaftServerConfigKeys (ConfUtils.java:logGet(44)) - raft.server.log.corruption.policy = EXCEPTION (default)
2020-07-09 01:19:27,208 [pool-108-thread-1] INFO  storage.RaftStorageDirectory (RaftStorageDirectory.java:analyzeStorage(261)) - The storage directory /github/workspace/mnt/ozone/hadoop-ozone/integration-test/target/test-dir/MiniOzoneClusterImpl-513b5a01-9d99-4e7a-8fe1-3ea97a28e1a0/datanode-5/data/ratis/41fa43d2-a1fe-41ad-8492-7617efe81e04 does not exist. Creating ...
2020-07-09 01:19:27,195 [pool-93-thread-1] INFO  server.RaftServerConfigKeys (ConfUtils.java:logGet(44)) - raft.server.retrycache.expirytime = 600000ms (custom)
2020-07-09 01:19:27,208 [pool-93-thread-1] INFO  metrics.RatisMetrics (RatisMetrics.java:lambda$create$0(36)) - Creating Metrics Registry : ratis.leader_election.c95b19f7-50b5-4904-962f-b689396cb015@group-B75F79988D48
2020-07-09 01:19:27,209 [pool-108-thread-1] INFO  storage.RaftStorageDirectory (RaftStorageDirectory.java:tryLock(343)) - Lock on /github/workspace/mnt/ozone/hadoop-ozone/integration-test/target/test-dir/MiniOzoneClusterImpl-513b5a01-9d99-4e7a-8fe1-3ea97a28e1a0/datanode-5/data/ratis/41fa43d2-a1fe-41ad-8492-7617efe81e04/in_use.lock acquired by nodename 20599@848e8b8fb74f
2020-07-09 01:19:27,210 [pool-93-thread-1] INFO  metrics.RatisMetrics (RatisMetrics.java:lambda$create$0(36)) - Creating Metrics Registry : ratis.server.c95b19f7-50b5-4904-962f-b689396cb015@group-B75F79988D48
2020-07-09 01:19:27,214 [pool-108-thread-1] INFO  storage.RaftStorage (RaftStorage.java:format(84)) - Storage directory /github/workspace/mnt/ozone/hadoop-ozone/integration-test/target/test-dir/MiniOzoneClusterImpl-513b5a01-9d99-4e7a-8fe1-3ea97a28e1a0/datanode-5/data/ratis/41fa43d2-a1fe-41ad-8492-7617efe81e04 has been successfully formatted.
2020-07-09 01:19:27,219 [pool-93-thread-1] INFO  impl.RaftServerImpl (RaftServerImpl.java:start(186)) - c95b19f7-50b5-4904-962f-b689396cb015@group-B75F79988D48: start as a follower, conf=-1: [c95b19f7-50b5-4904-962f-b689396cb015:172.17.0.2:34853, 4de64420-61f2-4826-b9c9-fe43ebf29f54:172.17.0.2:38165, 4f159216-eef4-4234-82ad-645dd276908c:172.17.0.2:41133], old=null
2020-07-09 01:19:27,219 [pool-93-thread-1] INFO  impl.RaftServerImpl (RaftServerImpl.java:setRole(175)) - c95b19f7-50b5-4904-962f-b689396cb015@group-B75F79988D48: changes role from      null to FOLLOWER at term 0 for startAsFollower
2020-07-09 01:19:27,220 [pool-93-thread-1] INFO  impl.RoleInfo (RoleInfo.java:updateAndGet(143)) - c95b19f7-50b5-4904-962f-b689396cb015: start FollowerState
2020-07-09 01:19:27,233 [pool-93-thread-1] INFO  util.JmxRegister (JmxRegister.java:tryRegister(44)) - Successfully registered JMX Bean with object name Ratis:service=RaftServer,group=group-B75F79988D48,id=c95b19f7-50b5-4904-962f-b689396cb015
2020-07-09 01:19:27,233 [pool-93-thread-1] INFO  metrics.RatisMetrics (RatisMetrics.java:lambda$create$0(36)) - Creating Metrics Registry : ratis.state_machine.c95b19f7-50b5-4904-962f-b689396cb015@group-B75F79988D48
2020-07-09 01:19:27,267 [Command processor thread] INFO  impl.RaftServerProxy (RaftServerProxy.java:addNew(89)) - 83bd9611-6e96-48be-a1bb-e26ec6efad02: addNew group-E3FA04FDD405:[83bd9611-6e96-48be-a1bb-e26ec6efad02:172.17.0.2:36813] returns group-E3FA04FDD405:java.util.concurrent.CompletableFuture@2e501d70[Not completed]
2020-07-09 01:19:27,271 [pool-108-thread-1] INFO  ratis.ContainerStateMachine (ContainerStateMachine.java:loadSnapshot(225)) - group-7617EFE81E04: The snapshot info is null. Setting the last applied indexto:(t:0, i:~)
2020-07-09 01:19:27,271 [pool-108-thread-1] INFO  server.RaftServerConfigKeys (ConfUtils.java:logGet(44)) - raft.server.notification.no-leader.timeout = 60s (default)
2020-07-09 01:19:27,271 [pool-108-thread-1] INFO  server.RaftServerConfigKeys (ConfUtils.java:logGet(44)) - raft.server.log.use.memory = false (default)
2020-07-09 01:19:27,271 [pool-108-thread-1] INFO  server.RaftServerConfigKeys (ConfUtils.java:logGet(44)) - raft.server.log.purge.gap = 1000000 (custom)
2020-07-09 01:19:27,271 [pool-108-thread-1] INFO  server.RaftServerConfigKeys (ConfUtils.java:logGet(44)) - raft.server.log.appender.buffer.byte-limit = 33554432 (custom)
2020-07-09 01:19:27,271 [pool-108-thread-1] INFO  server.RaftServerConfigKeys (ConfUtils.java:logGet(44)) - raft.server.log.segment.size.max = 1048576 (custom)
2020-07-09 01:19:27,271 [pool-108-thread-1] INFO  metrics.RatisMetrics (RatisMetrics.java:lambda$create$0(36)) - Creating Metrics Registry : ratis.log_worker.4de64420-61f2-4826-b9c9-fe43ebf29f54@group-7617EFE81E04
2020-07-09 01:19:27,271 [pool-108-thread-1] INFO  server.RaftServerConfigKeys (ConfUtils.java:logGet(44)) - raft.server.log.segment.cache.num.max = 2 (custom)
2020-07-09 01:19:27,272 [pool-108-thread-1] INFO  segmented.SegmentedRaftLogWorker (SegmentedRaftLogWorker.java:<init>(180)) - new 4de64420-61f2-4826-b9c9-fe43ebf29f54@group-7617EFE81E04-SegmentedRaftLogWorker for RaftStorage:Storage Directory /github/workspace/mnt/ozone/hadoop-ozone/integration-test/target/test-dir/MiniOzoneClusterImpl-513b5a01-9d99-4e7a-8fe1-3ea97a28e1a0/datanode-5/data/ratis/41fa43d2-a1fe-41ad-8492-7617efe81e04
2020-07-09 01:19:27,272 [pool-108-thread-1] INFO  server.RaftServerConfigKeys (ConfUtils.java:logGet(44)) - raft.server.log.queue.byte-limit = 2147483647 (custom)
2020-07-09 01:19:27,272 [pool-108-thread-1] INFO  server.RaftServerConfigKeys (ConfUtils.java:logGet(44)) - raft.server.log.queue.element-limit = 1024 (custom)
2020-07-09 01:19:27,272 [pool-108-thread-1] INFO  server.RaftServerConfigKeys (ConfUtils.java:logGet(44)) - raft.server.log.segment.size.max = 1048576 (custom)
2020-07-09 01:19:27,272 [pool-108-thread-1] INFO  server.RaftServerConfigKeys (ConfUtils.java:logGet(44)) - raft.server.log.preallocated.size = 16384 (custom)
2020-07-09 01:19:27,272 [pool-108-thread-1] INFO  server.RaftServerConfigKeys (ConfUtils.java:logGet(44)) - raft.server.log.write.buffer.size = 1048576 (custom)
2020-07-09 01:19:27,272 [pool-108-thread-1] INFO  server.RaftServerConfigKeys (ConfUtils.java:logGet(44)) - raft.server.log.force.sync.num = 128 (default)
2020-07-09 01:19:27,272 [pool-108-thread-1] INFO  server.RaftServerConfigKeys (ConfUtils.java:logGet(44)) - raft.server.log.statemachine.data.sync = true (default)
2020-07-09 01:19:27,272 [pool-108-thread-1] INFO  server.RaftServerConfigKeys (ConfUtils.java:logGet(44)) - raft.server.log.statemachine.data.sync.timeout = 10s (default)
2020-07-09 01:19:27,272 [pool-108-thread-1] INFO  server.RaftServerConfigKeys (ConfUtils.java:logGet(44)) - raft.server.log.statemachine.data.sync.timeout.retry = -1 (default)
2020-07-09 01:19:27,274 [pool-108-thread-1] INFO  server.RaftServerConfigKeys (ConfUtils.java:logGet(44)) - raft.server.log.statemachine.data.caching.enabled = true (custom)
2020-07-09 01:19:27,274 [pool-108-thread-1] INFO  segmented.SegmentedRaftLogWorker (SegmentedRaftLogWorker.java:lambda$new$0(129)) - 4de64420-61f2-4826-b9c9-fe43ebf29f54@group-7617EFE81E04-SegmentedRaftLogWorker: flushIndex: setUnconditionally 0 -> -1
2020-07-09 01:19:27,274 [pool-108-thread-1] INFO  segmented.SegmentedRaftLogWorker (SegmentedRaftLogWorker.java:lambda$new$0(129)) - 4de64420-61f2-4826-b9c9-fe43ebf29f54@group-7617EFE81E04-SegmentedRaftLogWorker: safeCacheEvictIndex: setUnconditionally 0 -> -1
2020-07-09 01:19:27,291 [pool-108-thread-1] INFO  server.RaftServerConfigKeys (ConfUtils.java:logGet(44)) - raft.server.snapshot.auto.trigger.enabled = true (custom)
2020-07-09 01:19:27,291 [pool-108-thread-1] INFO  server.RaftServerConfigKeys (ConfUtils.java:logGet(44)) - raft.server.snapshot.auto.trigger.threshold = 10000 (custom)
2020-07-09 01:19:27,291 [pool-108-thread-1] INFO  server.RaftServerConfigKeys (ConfUtils.java:logGet(44)) - raft.server.snapshot.retention.file.num = 5 (custom)
2020-07-09 01:19:27,292 [pool-108-thread-1] INFO  server.RaftServerConfigKeys (ConfUtils.java:logGet(44)) - raft.server.log.purge.upto.snapshot.index = false (default)
2020-07-09 01:19:27,292 [pool-108-thread-1] INFO  server.RaftServerConfigKeys (ConfUtils.java:logGet(44)) - raft.server.retrycache.expirytime = 600000ms (custom)
2020-07-09 01:19:27,292 [pool-108-thread-1] INFO  metrics.RatisMetrics (RatisMetrics.java:lambda$create$0(36)) - Creating Metrics Registry : ratis.leader_election.4de64420-61f2-4826-b9c9-fe43ebf29f54@group-7617EFE81E04
2020-07-09 01:19:27,292 [pool-108-thread-1] INFO  metrics.RatisMetrics (RatisMetrics.java:lambda$create$0(36)) - Creating Metrics Registry : ratis.server.4de64420-61f2-4826-b9c9-fe43ebf29f54@group-7617EFE81E04
2020-07-09 01:19:27,293 [pool-108-thread-1] INFO  impl.RaftServerImpl (RaftServerImpl.java:start(186)) - 4de64420-61f2-4826-b9c9-fe43ebf29f54@group-7617EFE81E04: start as a follower, conf=-1: [4de64420-61f2-4826-b9c9-fe43ebf29f54:172.17.0.2:38165], old=null
2020-07-09 01:19:27,293 [pool-108-thread-1] INFO  impl.RaftServerImpl (RaftServerImpl.java:setRole(175)) - 4de64420-61f2-4826-b9c9-fe43ebf29f54@group-7617EFE81E04: changes role from      null to FOLLOWER at term 0 for startAsFollower
2020-07-09 01:19:27,293 [pool-108-thread-1] INFO  impl.RoleInfo (RoleInfo.java:updateAndGet(143)) - 4de64420-61f2-4826-b9c9-fe43ebf29f54: start FollowerState
2020-07-09 01:19:27,303 [pool-108-thread-1] INFO  util.JmxRegister (JmxRegister.java:tryRegister(44)) - Successfully registered JMX Bean with object name Ratis:service=RaftServer,group=group-7617EFE81E04,id=4de64420-61f2-4826-b9c9-fe43ebf29f54
2020-07-09 01:19:27,303 [pool-108-thread-1] INFO  metrics.RatisMetrics (RatisMetrics.java:lambda$create$0(36)) - Creating Metrics Registry : ratis.state_machine.4de64420-61f2-4826-b9c9-fe43ebf29f54@group-7617EFE81E04
2020-07-09 01:19:27,312 [Command processor thread] INFO  commandhandler.CreatePipelineCommandHandler (CreatePipelineCommandHandler.java:handle(109)) - Created Pipeline RATIS ONE #id: "41fa43d2-a1fe-41ad-8492-7617efe81e04"
uuid128 {
  mostSigBits: 4754186928582967725
  leastSigBits: -8893916468922016252
}
.
2020-07-09 01:19:27,312 [Command processor thread] INFO  impl.RaftServerProxy (RaftServerProxy.java:addNew(89)) - 954078f0-2330-48dc-ab29-af631119e127: addNew group-7E8E1064F426:[954078f0-2330-48dc-ab29-af631119e127:172.17.0.2:33459] returns group-7E8E1064F426:java.util.concurrent.CompletableFuture@18f1f691[Not completed]
2020-07-09 01:19:27,317 [Command processor thread] INFO  impl.RaftServerProxy (RaftServerProxy.java:addNew(89)) - 4de64420-61f2-4826-b9c9-fe43ebf29f54: addNew group-B75F79988D48:[c95b19f7-50b5-4904-962f-b689396cb015:172.17.0.2:34853, 4de64420-61f2-4826-b9c9-fe43ebf29f54:172.17.0.2:38165, 4f159216-eef4-4234-82ad-645dd276908c:172.17.0.2:41133] returns group-B75F79988D48:java.util.concurrent.CompletableFuture@7a1d4145[Not completed]
2020-07-09 01:19:27,325 [EventQueue-PipelineReportForPipelineReportHandler] INFO  pipeline.PipelineStateManager (PipelineStateManager.java:openPipeline(131)) - Pipeline Pipeline[ Id: 41fa43d2-a1fe-41ad-8492-7617efe81e04, Nodes: 4de64420-61f2-4826-b9c9-fe43ebf29f54{ip: 172.17.0.2, host: 848e8b8fb74f, networkLocation: /default-rack, certSerialId: null}, Type:RATIS, Factor:ONE, State:ALLOCATED, leaderId:4de64420-61f2-4826-b9c9-fe43ebf29f54, CreationTimestamp2020-07-09T01:19:24.149Z] moved to OPEN state
2020-07-09 01:19:27,325 [EventQueue-OpenPipelineForHealthyPipelineSafeModeRule] INFO  safemode.SCMSafeModeManager (HealthyPipelineSafeModeRule.java:process(129)) - SCM in safe mode. Healthy pipelines reported count is 0, required healthy pipeline reported count is 1
2020-07-09 01:19:27,325 [EventQueue-OpenPipelineForOneReplicaPipelineSafeModeRule] INFO  safemode.SCMSafeModeManager (SCMSafeModeManager.java:validateSafeModeExitRules(214)) - AtleastOneDatanodeReportedRule rule is successfully validated
2020-07-09 01:19:27,372 [Listener at 127.0.0.1/39385] INFO  ozone.MiniOzoneClusterImpl (MiniOzoneClusterImpl.java:lambda$waitForClusterToBeReady$0(177)) - Nodes are ready. Got 9 of 9 DN Heartbeats.
2020-07-09 01:19:27,372 [Listener at 127.0.0.1/39385] INFO  ozone.MiniOzoneClusterImpl (MiniOzoneClusterImpl.java:lambda$waitForClusterToBeReady$0(180)) - Waiting for cluster to exit safe mode
2020-07-09 01:19:27,393 [Command processor thread] INFO  impl.RaftServerProxy (RaftServerProxy.java:addNew(89)) - 98f34e18-095d-41d7-a8c8-ef1510a34e6f: addNew group-8D5B18CBEEFA:[98f34e18-095d-41d7-a8c8-ef1510a34e6f:172.17.0.2:37419] returns group-8D5B18CBEEFA:java.util.concurrent.CompletableFuture@2e12649[Not completed]
2020-07-09 01:19:27,429 [pool-153-thread-1] INFO  impl.RaftServerImpl (RaftServerImpl.java:<init>(99)) - 98f34e18-095d-41d7-a8c8-ef1510a34e6f: new RaftServerImpl for group-8D5B18CBEEFA:[98f34e18-095d-41d7-a8c8-ef1510a34e6f:172.17.0.2:37419] with ContainerStateMachine:uninitialized
2020-07-09 01:19:27,430 [pool-138-thread-1] INFO  impl.RaftServerImpl (RaftServerImpl.java:<init>(99)) - 954078f0-2330-48dc-ab29-af631119e127: new RaftServerImpl for group-7E8E1064F426:[954078f0-2330-48dc-ab29-af631119e127:172.17.0.2:33459] with ContainerStateMachine:uninitialized
2020-07-09 01:19:27,431 [pool-108-thread-1] INFO  impl.RaftServerImpl (RaftServerImpl.java:<init>(99)) - 4de64420-61f2-4826-b9c9-fe43ebf29f54: new RaftServerImpl for group-B75F79988D48:[c95b19f7-50b5-4904-962f-b689396cb015:172.17.0.2:34853, 4de64420-61f2-4826-b9c9-fe43ebf29f54:172.17.0.2:38165, 4f159216-eef4-4234-82ad-645dd276908c:172.17.0.2:41133] with ContainerStateMachine:uninitialized
2020-07-09 01:19:27,431 [pool-108-thread-1] INFO  server.RaftServerConfigKeys (ConfUtils.java:logGet(44)) - raft.server.rpc.timeout.min = 5s (custom)
2020-07-09 01:19:27,431 [pool-108-thread-1] INFO  server.RaftServerConfigKeys (ConfUtils.java:logGet(44)) - raft.server.rpc.timeout.max = 5200ms (custom)
2020-07-09 01:19:27,431 [pool-108-thread-1] INFO  server.RaftServerConfigKeys (ConfUtils.java:logGet(44)) - raft.server.rpcslowness.timeout = 300000ms (custom)
2020-07-09 01:19:27,431 [pool-108-thread-1] INFO  server.RaftServerConfigKeys (ConfUtils.java:logGet(44)) - raft.server.sleep.deviation.threshold = 300 (default)
2020-07-09 01:19:27,431 [pool-108-thread-1] INFO  server.RaftServerConfigKeys (ConfUtils.java:logGet(44)) - raft.server.log.appender.install.snapshot.enabled = false (custom)
2020-07-09 01:19:27,432 [pool-108-thread-1] INFO  impl.RaftServerImpl (ServerState.java:<init>(103)) - 4de64420-61f2-4826-b9c9-fe43ebf29f54@group-B75F79988D48: ConfigurationManager, init=-1: [c95b19f7-50b5-4904-962f-b689396cb015:172.17.0.2:34853, 4de64420-61f2-4826-b9c9-fe43ebf29f54:172.17.0.2:38165, 4f159216-eef4-4234-82ad-645dd276908c:172.17.0.2:41133], old=null, confs=<EMPTY_MAP>
2020-07-09 01:19:27,432 [pool-123-thread-1] INFO  impl.RaftServerImpl (RaftServerImpl.java:<init>(99)) - 83bd9611-6e96-48be-a1bb-e26ec6efad02: new RaftServerImpl for group-E3FA04FDD405:[83bd9611-6e96-48be-a1bb-e26ec6efad02:172.17.0.2:36813] with ContainerStateMachine:uninitialized
2020-07-09 01:19:27,432 [pool-108-thread-1] INFO  server.RaftServerConfigKeys (ConfUtils.java:logGet(44)) - raft.server.storage.dir = [/github/workspace/mnt/ozone/hadoop-ozone/integration-test/target/test-dir/MiniOzoneClusterImpl-513b5a01-9d99-4e7a-8fe1-3ea97a28e1a0/datanode-5/data/ratis] (custom)
2020-07-09 01:19:27,432 [pool-108-thread-1] INFO  server.RaftServerConfigKeys (ConfUtils.java:logGet(44)) - raft.server.log.corruption.policy = EXCEPTION (default)
2020-07-09 01:19:27,432 [pool-108-thread-1] INFO  storage.RaftStorageDirectory (RaftStorageDirectory.java:analyzeStorage(261)) - The storage directory /github/workspace/mnt/ozone/hadoop-ozone/integration-test/target/test-dir/MiniOzoneClusterImpl-513b5a01-9d99-4e7a-8fe1-3ea97a28e1a0/datanode-5/data/ratis/9383e73a-41af-40e3-9896-b75f79988d48 does not exist. Creating ...
2020-07-09 01:19:27,434 [pool-108-thread-1] INFO  storage.RaftStorageDirectory (RaftStorageDirectory.java:tryLock(343)) - Lock on /github/workspace/mnt/ozone/hadoop-ozone/integration-test/target/test-dir/MiniOzoneClusterImpl-513b5a01-9d99-4e7a-8fe1-3ea97a28e1a0/datanode-5/data/ratis/9383e73a-41af-40e3-9896-b75f79988d48/in_use.lock acquired by nodename 20599@848e8b8fb74f
2020-07-09 01:19:27,435 [pool-108-thread-1] INFO  storage.RaftStorage (RaftStorage.java:format(84)) - Storage directory /github/workspace/mnt/ozone/hadoop-ozone/integration-test/target/test-dir/MiniOzoneClusterImpl-513b5a01-9d99-4e7a-8fe1-3ea97a28e1a0/datanode-5/data/ratis/9383e73a-41af-40e3-9896-b75f79988d48 has been successfully formatted.
2020-07-09 01:19:27,436 [pool-108-thread-1] INFO  ratis.ContainerStateMachine (ContainerStateMachine.java:loadSnapshot(225)) - group-B75F79988D48: The snapshot info is null. Setting the last applied indexto:(t:0, i:~)
2020-07-09 01:19:27,436 [pool-108-thread-1] INFO  server.RaftServerConfigKeys (ConfUtils.java:logGet(44)) - raft.server.notification.no-leader.timeout = 60s (default)
2020-07-09 01:19:27,436 [pool-108-thread-1] INFO  server.RaftServerConfigKeys (ConfUtils.java:logGet(44)) - raft.server.log.use.memory = false (default)
2020-07-09 01:19:27,436 [pool-108-thread-1] INFO  server.RaftServerConfigKeys (ConfUtils.java:logGet(44)) - raft.server.log.purge.gap = 1000000 (custom)
2020-07-09 01:19:27,436 [pool-108-thread-1] INFO  server.RaftServerConfigKeys (ConfUtils.java:logGet(44)) - raft.server.log.appender.buffer.byte-limit = 33554432 (custom)
2020-07-09 01:19:27,436 [pool-108-thread-1] INFO  server.RaftServerConfigKeys (ConfUtils.java:logGet(44)) - raft.server.log.segment.size.max = 1048576 (custom)
2020-07-09 01:19:27,436 [pool-108-thread-1] INFO  metrics.RatisMetrics (RatisMetrics.java:lambda$create$0(36)) - Creating Metrics Registry : ratis.log_worker.4de64420-61f2-4826-b9c9-fe43ebf29f54@group-B75F79988D48
2020-07-09 01:19:27,441 [pool-108-thread-1] INFO  server.RaftServerConfigKeys (ConfUtils.java:logGet(44)) - raft.server.log.segment.cache.num.max = 2 (custom)
2020-07-09 01:19:27,441 [pool-108-thread-1] INFO  segmented.SegmentedRaftLogWorker (SegmentedRaftLogWorker.java:<init>(180)) - new 4de64420-61f2-4826-b9c9-fe43ebf29f54@group-B75F79988D48-SegmentedRaftLogWorker for RaftStorage:Storage Directory /github/workspace/mnt/ozone/hadoop-ozone/integration-test/target/test-dir/MiniOzoneClusterImpl-513b5a01-9d99-4e7a-8fe1-3ea97a28e1a0/datanode-5/data/ratis/9383e73a-41af-40e3-9896-b75f79988d48
2020-07-09 01:19:27,441 [pool-108-thread-1] INFO  server.RaftServerConfigKeys (ConfUtils.java:logGet(44)) - raft.server.log.queue.byte-limit = 2147483647 (custom)
2020-07-09 01:19:27,441 [pool-108-thread-1] INFO  server.RaftServerConfigKeys (ConfUtils.java:logGet(44)) - raft.server.log.queue.element-limit = 1024 (custom)
2020-07-09 01:19:27,441 [pool-108-thread-1] INFO  server.RaftServerConfigKeys (ConfUtils.java:logGet(44)) - raft.server.log.segment.size.max = 1048576 (custom)
2020-07-09 01:19:27,441 [pool-108-thread-1] INFO  server.RaftServerConfigKeys (ConfUtils.java:logGet(44)) - raft.server.log.preallocated.size = 16384 (custom)
2020-07-09 01:19:27,441 [pool-108-thread-1] INFO  server.RaftServerConfigKeys (ConfUtils.java:logGet(44)) - raft.server.log.write.buffer.size = 1048576 (custom)
2020-07-09 01:19:27,441 [pool-108-thread-1] INFO  server.RaftServerConfigKeys (ConfUtils.java:logGet(44)) - raft.server.log.force.sync.num = 128 (default)
2020-07-09 01:19:27,441 [pool-108-thread-1] INFO  server.RaftServerConfigKeys (ConfUtils.java:logGet(44)) - raft.server.log.statemachine.data.sync = true (default)
2020-07-09 01:19:27,442 [pool-108-thread-1] INFO  server.RaftServerConfigKeys (ConfUtils.java:logGet(44)) - raft.server.log.statemachine.data.sync.timeout = 10s (default)
2020-07-09 01:19:27,442 [pool-108-thread-1] INFO  server.RaftServerConfigKeys (ConfUtils.java:logGet(44)) - raft.server.log.statemachine.data.sync.timeout.retry = -1 (default)
2020-07-09 01:19:27,443 [pool-108-thread-1] INFO  server.RaftServerConfigKeys (ConfUtils.java:logGet(44)) - raft.server.log.statemachine.data.caching.enabled = true (custom)
2020-07-09 01:19:27,444 [pool-108-thread-1] INFO  segmented.SegmentedRaftLogWorker (SegmentedRaftLogWorker.java:lambda$new$0(129)) - 4de64420-61f2-4826-b9c9-fe43ebf29f54@group-B75F79988D48-SegmentedRaftLogWorker: flushIndex: setUnconditionally 0 -> -1
2020-07-09 01:19:27,444 [pool-108-thread-1] INFO  segmented.SegmentedRaftLogWorker (SegmentedRaftLogWorker.java:lambda$new$0(129)) - 4de64420-61f2-4826-b9c9-fe43ebf29f54@group-B75F79988D48-SegmentedRaftLogWorker: safeCacheEvictIndex: setUnconditionally 0 -> -1
2020-07-09 01:19:27,444 [pool-153-thread-1] INFO  server.RaftServerConfigKeys (ConfUtils.java:logGet(44)) - raft.server.rpc.timeout.min = 5s (custom)
2020-07-09 01:19:27,444 [pool-153-thread-1] INFO  server.RaftServerConfigKeys (ConfUtils.java:logGet(44)) - raft.server.rpc.timeout.max = 5200ms (custom)
2020-07-09 01:19:27,444 [pool-153-thread-1] INFO  server.RaftServerConfigKeys (ConfUtils.java:logGet(44)) - raft.server.rpcslowness.timeout = 300000ms (custom)
2020-07-09 01:19:27,444 [pool-153-thread-1] INFO  server.RaftServerConfigKeys (ConfUtils.java:logGet(44)) - raft.server.sleep.deviation.threshold = 300 (default)
2020-07-09 01:19:27,444 [pool-153-thread-1] INFO  server.RaftServerConfigKeys (ConfUtils.java:logGet(44)) - raft.server.log.appender.install.snapshot.enabled = false (custom)
2020-07-09 01:19:27,444 [pool-153-thread-1] INFO  impl.RaftServerImpl (ServerState.java:<init>(103)) - 98f34e18-095d-41d7-a8c8-ef1510a34e6f@group-8D5B18CBEEFA: ConfigurationManager, init=-1: [98f34e18-095d-41d7-a8c8-ef1510a34e6f:172.17.0.2:37419], old=null, confs=<EMPTY_MAP>
2020-07-09 01:19:27,445 [pool-153-thread-1] INFO  server.RaftServerConfigKeys (ConfUtils.java:logGet(44)) - raft.server.storage.dir = [/github/workspace/mnt/ozone/hadoop-ozone/integration-test/target/test-dir/MiniOzoneClusterImpl-513b5a01-9d99-4e7a-8fe1-3ea97a28e1a0/datanode-8/data/ratis] (custom)
2020-07-09 01:19:27,445 [pool-153-thread-1] INFO  server.RaftServerConfigKeys (ConfUtils.java:logGet(44)) - raft.server.log.corruption.policy = EXCEPTION (default)
2020-07-09 01:19:27,445 [pool-153-thread-1] INFO  storage.RaftStorageDirectory (RaftStorageDirectory.java:analyzeStorage(261)) - The storage directory /github/workspace/mnt/ozone/hadoop-ozone/integration-test/target/test-dir/MiniOzoneClusterImpl-513b5a01-9d99-4e7a-8fe1-3ea97a28e1a0/datanode-8/data/ratis/e56b5fc5-503f-4673-9ebb-8d5b18cbeefa does not exist. Creating ...
2020-07-09 01:19:27,446 [pool-138-thread-1] INFO  server.RaftServerConfigKeys (ConfUtils.java:logGet(44)) - raft.server.rpc.timeout.min = 5s (custom)
2020-07-09 01:19:27,446 [pool-138-thread-1] INFO  server.RaftServerConfigKeys (ConfUtils.java:logGet(44)) - raft.server.rpc.timeout.max = 5200ms (custom)
2020-07-09 01:19:27,446 [pool-138-thread-1] INFO  server.RaftServerConfigKeys (ConfUtils.java:logGet(44)) - raft.server.rpcslowness.timeout = 300000ms (custom)
2020-07-09 01:19:27,446 [pool-138-thread-1] INFO  server.RaftServerConfigKeys (ConfUtils.java:logGet(44)) - raft.server.sleep.deviation.threshold = 300 (default)
2020-07-09 01:19:27,446 [pool-123-thread-1] INFO  server.RaftServerConfigKeys (ConfUtils.java:logGet(44)) - raft.server.rpc.timeout.min = 5s (custom)
2020-07-09 01:19:27,446 [pool-123-thread-1] INFO  server.RaftServerConfigKeys (ConfUtils.java:logGet(44)) - raft.server.rpc.timeout.max = 5200ms (custom)
2020-07-09 01:19:27,446 [pool-123-thread-1] INFO  server.RaftServerConfigKeys (ConfUtils.java:logGet(44)) - raft.server.rpcslowness.timeout = 300000ms (custom)
2020-07-09 01:19:27,446 [pool-123-thread-1] INFO  server.RaftServerConfigKeys (ConfUtils.java:logGet(44)) - raft.server.sleep.deviation.threshold = 300 (default)
2020-07-09 01:19:27,446 [pool-123-thread-1] INFO  server.RaftServerConfigKeys (ConfUtils.java:logGet(44)) - raft.server.log.appender.install.snapshot.enabled = false (custom)
2020-07-09 01:19:27,446 [pool-123-thread-1] INFO  impl.RaftServerImpl (ServerState.java:<init>(103)) - 83bd9611-6e96-48be-a1bb-e26ec6efad02@group-E3FA04FDD405: ConfigurationManager, init=-1: [83bd9611-6e96-48be-a1bb-e26ec6efad02:172.17.0.2:36813], old=null, confs=<EMPTY_MAP>
2020-07-09 01:19:27,446 [pool-123-thread-1] INFO  server.RaftServerConfigKeys (ConfUtils.java:logGet(44)) - raft.server.storage.dir = [/github/workspace/mnt/ozone/hadoop-ozone/integration-test/target/test-dir/MiniOzoneClusterImpl-513b5a01-9d99-4e7a-8fe1-3ea97a28e1a0/datanode-6/data/ratis] (custom)
2020-07-09 01:19:27,446 [pool-123-thread-1] INFO  server.RaftServerConfigKeys (ConfUtils.java:logGet(44)) - raft.server.log.corruption.policy = EXCEPTION (default)
2020-07-09 01:19:27,447 [pool-123-thread-1] INFO  storage.RaftStorageDirectory (RaftStorageDirectory.java:analyzeStorage(261)) - The storage directory /github/workspace/mnt/ozone/hadoop-ozone/integration-test/target/test-dir/MiniOzoneClusterImpl-513b5a01-9d99-4e7a-8fe1-3ea97a28e1a0/datanode-6/data/ratis/63e63d2f-60c3-4651-a417-e3fa04fdd405 does not exist. Creating ...
2020-07-09 01:19:27,446 [pool-138-thread-1] INFO  server.RaftServerConfigKeys (ConfUtils.java:logGet(44)) - raft.server.log.appender.install.snapshot.enabled = false (custom)
2020-07-09 01:19:27,448 [pool-138-thread-1] INFO  impl.RaftServerImpl (ServerState.java:<init>(103)) - 954078f0-2330-48dc-ab29-af631119e127@group-7E8E1064F426: ConfigurationManager, init=-1: [954078f0-2330-48dc-ab29-af631119e127:172.17.0.2:33459], old=null, confs=<EMPTY_MAP>
2020-07-09 01:19:27,448 [pool-138-thread-1] INFO  server.RaftServerConfigKeys (ConfUtils.java:logGet(44)) - raft.server.storage.dir = [/github/workspace/mnt/ozone/hadoop-ozone/integration-test/target/test-dir/MiniOzoneClusterImpl-513b5a01-9d99-4e7a-8fe1-3ea97a28e1a0/datanode-7/data/ratis] (custom)
2020-07-09 01:19:27,448 [pool-138-thread-1] INFO  server.RaftServerConfigKeys (ConfUtils.java:logGet(44)) - raft.server.log.corruption.policy = EXCEPTION (default)
2020-07-09 01:19:27,448 [pool-138-thread-1] INFO  storage.RaftStorageDirectory (RaftStorageDirectory.java:analyzeStorage(261)) - The storage directory /github/workspace/mnt/ozone/hadoop-ozone/integration-test/target/test-dir/MiniOzoneClusterImpl-513b5a01-9d99-4e7a-8fe1-3ea97a28e1a0/datanode-7/data/ratis/e077453d-14df-41e0-b93b-7e8e1064f426 does not exist. Creating ...
2020-07-09 01:19:27,449 [pool-138-thread-1] INFO  storage.RaftStorageDirectory (RaftStorageDirectory.java:tryLock(343)) - Lock on /github/workspace/mnt/ozone/hadoop-ozone/integration-test/target/test-dir/MiniOzoneClusterImpl-513b5a01-9d99-4e7a-8fe1-3ea97a28e1a0/datanode-7/data/ratis/e077453d-14df-41e0-b93b-7e8e1064f426/in_use.lock acquired by nodename 20599@848e8b8fb74f
2020-07-09 01:19:27,449 [pool-123-thread-1] INFO  storage.RaftStorageDirectory (RaftStorageDirectory.java:tryLock(343)) - Lock on /github/workspace/mnt/ozone/hadoop-ozone/integration-test/target/test-dir/MiniOzoneClusterImpl-513b5a01-9d99-4e7a-8fe1-3ea97a28e1a0/datanode-6/data/ratis/63e63d2f-60c3-4651-a417-e3fa04fdd405/in_use.lock acquired by nodename 20599@848e8b8fb74f
2020-07-09 01:19:27,450 [pool-123-thread-1] INFO  storage.RaftStorage (RaftStorage.java:format(84)) - Storage directory /github/workspace/mnt/ozone/hadoop-ozone/integration-test/target/test-dir/MiniOzoneClusterImpl-513b5a01-9d99-4e7a-8fe1-3ea97a28e1a0/datanode-6/data/ratis/63e63d2f-60c3-4651-a417-e3fa04fdd405 has been successfully formatted.
2020-07-09 01:19:27,450 [pool-138-thread-1] INFO  storage.RaftStorage (RaftStorage.java:format(84)) - Storage directory /github/workspace/mnt/ozone/hadoop-ozone/integration-test/target/test-dir/MiniOzoneClusterImpl-513b5a01-9d99-4e7a-8fe1-3ea97a28e1a0/datanode-7/data/ratis/e077453d-14df-41e0-b93b-7e8e1064f426 has been successfully formatted.
2020-07-09 01:19:27,452 [pool-153-thread-1] INFO  storage.RaftStorageDirectory (RaftStorageDirectory.java:tryLock(343)) - Lock on /github/workspace/mnt/ozone/hadoop-ozone/integration-test/target/test-dir/MiniOzoneClusterImpl-513b5a01-9d99-4e7a-8fe1-3ea97a28e1a0/datanode-8/data/ratis/e56b5fc5-503f-4673-9ebb-8d5b18cbeefa/in_use.lock acquired by nodename 20599@848e8b8fb74f
2020-07-09 01:19:27,455 [pool-153-thread-1] INFO  storage.RaftStorage (RaftStorage.java:format(84)) - Storage directory /github/workspace/mnt/ozone/hadoop-ozone/integration-test/target/test-dir/MiniOzoneClusterImpl-513b5a01-9d99-4e7a-8fe1-3ea97a28e1a0/datanode-8/data/ratis/e56b5fc5-503f-4673-9ebb-8d5b18cbeefa has been successfully formatted.
2020-07-09 01:19:27,455 [pool-108-thread-1] INFO  server.RaftServerConfigKeys (ConfUtils.java:logGet(44)) - raft.server.snapshot.auto.trigger.enabled = true (custom)
2020-07-09 01:19:27,455 [pool-108-thread-1] INFO  server.RaftServerConfigKeys (ConfUtils.java:logGet(44)) - raft.server.snapshot.auto.trigger.threshold = 10000 (custom)
2020-07-09 01:19:27,455 [pool-108-thread-1] INFO  server.RaftServerConfigKeys (ConfUtils.java:logGet(44)) - raft.server.snapshot.retention.file.num = 5 (custom)
2020-07-09 01:19:27,455 [pool-108-thread-1] INFO  server.RaftServerConfigKeys (ConfUtils.java:logGet(44)) - raft.server.log.purge.upto.snapshot.index = false (default)
2020-07-09 01:19:27,455 [pool-108-thread-1] INFO  server.RaftServerConfigKeys (ConfUtils.java:logGet(44)) - raft.server.retrycache.expirytime = 600000ms (custom)
2020-07-09 01:19:27,455 [pool-108-thread-1] INFO  metrics.RatisMetrics (RatisMetrics.java:lambda$create$0(36)) - Creating Metrics Registry : ratis.leader_election.4de64420-61f2-4826-b9c9-fe43ebf29f54@group-B75F79988D48
2020-07-09 01:19:27,457 [pool-108-thread-1] INFO  metrics.RatisMetrics (RatisMetrics.java:lambda$create$0(36)) - Creating Metrics Registry : ratis.server.4de64420-61f2-4826-b9c9-fe43ebf29f54@group-B75F79988D48
2020-07-09 01:19:27,458 [pool-108-thread-1] INFO  impl.RaftServerImpl (RaftServerImpl.java:start(186)) - 4de64420-61f2-4826-b9c9-fe43ebf29f54@group-B75F79988D48: start as a follower, conf=-1: [c95b19f7-50b5-4904-962f-b689396cb015:172.17.0.2:34853, 4de64420-61f2-4826-b9c9-fe43ebf29f54:172.17.0.2:38165, 4f159216-eef4-4234-82ad-645dd276908c:172.17.0.2:41133], old=null
2020-07-09 01:19:27,458 [pool-108-thread-1] INFO  impl.RaftServerImpl (RaftServerImpl.java:setRole(175)) - 4de64420-61f2-4826-b9c9-fe43ebf29f54@group-B75F79988D48: changes role from      null to FOLLOWER at term 0 for startAsFollower
2020-07-09 01:19:27,458 [pool-108-thread-1] INFO  impl.RoleInfo (RoleInfo.java:updateAndGet(143)) - 4de64420-61f2-4826-b9c9-fe43ebf29f54: start FollowerState
2020-07-09 01:19:27,471 [pool-108-thread-1] INFO  util.JmxRegister (JmxRegister.java:tryRegister(44)) - Successfully registered JMX Bean with object name Ratis:service=RaftServer,group=group-B75F79988D48,id=4de64420-61f2-4826-b9c9-fe43ebf29f54
2020-07-09 01:19:27,471 [pool-108-thread-1] INFO  metrics.RatisMetrics (RatisMetrics.java:lambda$create$0(36)) - Creating Metrics Registry : ratis.state_machine.4de64420-61f2-4826-b9c9-fe43ebf29f54@group-B75F79988D48
2020-07-09 01:19:27,495 [pool-153-thread-1] INFO  ratis.ContainerStateMachine (ContainerStateMachine.java:loadSnapshot(225)) - group-8D5B18CBEEFA: The snapshot info is null. Setting the last applied indexto:(t:0, i:~)
2020-07-09 01:19:27,495 [pool-153-thread-1] INFO  server.RaftServerConfigKeys (ConfUtils.java:logGet(44)) - raft.server.notification.no-leader.timeout = 60s (default)
2020-07-09 01:19:27,495 [pool-153-thread-1] INFO  server.RaftServerConfigKeys (ConfUtils.java:logGet(44)) - raft.server.log.use.memory = false (default)
2020-07-09 01:19:27,496 [pool-153-thread-1] INFO  server.RaftServerConfigKeys (ConfUtils.java:logGet(44)) - raft.server.log.purge.gap = 1000000 (custom)
2020-07-09 01:19:27,496 [pool-153-thread-1] INFO  server.RaftServerConfigKeys (ConfUtils.java:logGet(44)) - raft.server.log.appender.buffer.byte-limit = 33554432 (custom)
2020-07-09 01:19:27,496 [pool-153-thread-1] INFO  server.RaftServerConfigKeys (ConfUtils.java:logGet(44)) - raft.server.log.segment.size.max = 1048576 (custom)
2020-07-09 01:19:27,496 [pool-153-thread-1] INFO  metrics.RatisMetrics (RatisMetrics.java:lambda$create$0(36)) - Creating Metrics Registry : ratis.log_worker.98f34e18-095d-41d7-a8c8-ef1510a34e6f@group-8D5B18CBEEFA
2020-07-09 01:19:27,496 [pool-153-thread-1] INFO  server.RaftServerConfigKeys (ConfUtils.java:logGet(44)) - raft.server.log.segment.cache.num.max = 2 (custom)
2020-07-09 01:19:27,496 [pool-153-thread-1] INFO  segmented.SegmentedRaftLogWorker (SegmentedRaftLogWorker.java:<init>(180)) - new 98f34e18-095d-41d7-a8c8-ef1510a34e6f@group-8D5B18CBEEFA-SegmentedRaftLogWorker for RaftStorage:Storage Directory /github/workspace/mnt/ozone/hadoop-ozone/integration-test/target/test-dir/MiniOzoneClusterImpl-513b5a01-9d99-4e7a-8fe1-3ea97a28e1a0/datanode-8/data/ratis/e56b5fc5-503f-4673-9ebb-8d5b18cbeefa
2020-07-09 01:19:27,496 [pool-153-thread-1] INFO  server.RaftServerConfigKeys (ConfUtils.java:logGet(44)) - raft.server.log.queue.byte-limit = 2147483647 (custom)
2020-07-09 01:19:27,496 [pool-153-thread-1] INFO  server.RaftServerConfigKeys (ConfUtils.java:logGet(44)) - raft.server.log.queue.element-limit = 1024 (custom)
2020-07-09 01:19:27,496 [pool-153-thread-1] INFO  server.RaftServerConfigKeys (ConfUtils.java:logGet(44)) - raft.server.log.segment.size.max = 1048576 (custom)
2020-07-09 01:19:27,496 [pool-153-thread-1] INFO  server.RaftServerConfigKeys (ConfUtils.java:logGet(44)) - raft.server.log.preallocated.size = 16384 (custom)
2020-07-09 01:19:27,496 [pool-153-thread-1] INFO  server.RaftServerConfigKeys (ConfUtils.java:logGet(44)) - raft.server.log.write.buffer.size = 1048576 (custom)
2020-07-09 01:19:27,496 [pool-153-thread-1] INFO  server.RaftServerConfigKeys (ConfUtils.java:logGet(44)) - raft.server.log.force.sync.num = 128 (default)
2020-07-09 01:19:27,497 [pool-153-thread-1] INFO  server.RaftServerConfigKeys (ConfUtils.java:logGet(44)) - raft.server.log.statemachine.data.sync = true (default)
2020-07-09 01:19:27,497 [pool-153-thread-1] INFO  server.RaftServerConfigKeys (ConfUtils.java:logGet(44)) - raft.server.log.statemachine.data.sync.timeout = 10s (default)
2020-07-09 01:19:27,497 [pool-153-thread-1] INFO  server.RaftServerConfigKeys (ConfUtils.java:logGet(44)) - raft.server.log.statemachine.data.sync.timeout.retry = -1 (default)
2020-07-09 01:19:27,498 [pool-153-thread-1] INFO  server.RaftServerConfigKeys (ConfUtils.java:logGet(44)) - raft.server.log.statemachine.data.caching.enabled = true (custom)
2020-07-09 01:19:27,499 [pool-138-thread-1] INFO  ratis.ContainerStateMachine (ContainerStateMachine.java:loadSnapshot(225)) - group-7E8E1064F426: The snapshot info is null. Setting the last applied indexto:(t:0, i:~)
2020-07-09 01:19:27,499 [pool-138-thread-1] INFO  server.RaftServerConfigKeys (ConfUtils.java:logGet(44)) - raft.server.notification.no-leader.timeout = 60s (default)
2020-07-09 01:19:27,499 [pool-138-thread-1] INFO  server.RaftServerConfigKeys (ConfUtils.java:logGet(44)) - raft.server.log.use.memory = false (default)
2020-07-09 01:19:27,499 [pool-138-thread-1] INFO  server.RaftServerConfigKeys (ConfUtils.java:logGet(44)) - raft.server.log.purge.gap = 1000000 (custom)
2020-07-09 01:19:27,499 [pool-138-thread-1] INFO  server.RaftServerConfigKeys (ConfUtils.java:logGet(44)) - raft.server.log.appender.buffer.byte-limit = 33554432 (custom)
2020-07-09 01:19:27,499 [pool-138-thread-1] INFO  server.RaftServerConfigKeys (ConfUtils.java:logGet(44)) - raft.server.log.segment.size.max = 1048576 (custom)
2020-07-09 01:19:27,499 [pool-138-thread-1] INFO  metrics.RatisMetrics (RatisMetrics.java:lambda$create$0(36)) - Creating Metrics Registry : ratis.log_worker.954078f0-2330-48dc-ab29-af631119e127@group-7E8E1064F426
2020-07-09 01:19:27,499 [pool-138-thread-1] INFO  server.RaftServerConfigKeys (ConfUtils.java:logGet(44)) - raft.server.log.segment.cache.num.max = 2 (custom)
2020-07-09 01:19:27,499 [pool-138-thread-1] INFO  segmented.SegmentedRaftLogWorker (SegmentedRaftLogWorker.java:<init>(180)) - new 954078f0-2330-48dc-ab29-af631119e127@group-7E8E1064F426-SegmentedRaftLogWorker for RaftStorage:Storage Directory /github/workspace/mnt/ozone/hadoop-ozone/integration-test/target/test-dir/MiniOzoneClusterImpl-513b5a01-9d99-4e7a-8fe1-3ea97a28e1a0/datanode-7/data/ratis/e077453d-14df-41e0-b93b-7e8e1064f426
2020-07-09 01:19:27,499 [pool-138-thread-1] INFO  server.RaftServerConfigKeys (ConfUtils.java:logGet(44)) - raft.server.log.queue.byte-limit = 2147483647 (custom)
2020-07-09 01:19:27,499 [pool-138-thread-1] INFO  server.RaftServerConfigKeys (ConfUtils.java:logGet(44)) - raft.server.log.queue.element-limit = 1024 (custom)
2020-07-09 01:19:27,500 [pool-138-thread-1] INFO  server.RaftServerConfigKeys (ConfUtils.java:logGet(44)) - raft.server.log.segment.size.max = 1048576 (custom)
2020-07-09 01:19:27,500 [pool-138-thread-1] INFO  server.RaftServerConfigKeys (ConfUtils.java:logGet(44)) - raft.server.log.preallocated.size = 16384 (custom)
2020-07-09 01:19:27,500 [pool-138-thread-1] INFO  server.RaftServerConfigKeys (ConfUtils.java:logGet(44)) - raft.server.log.write.buffer.size = 1048576 (custom)
2020-07-09 01:19:27,500 [pool-138-thread-1] INFO  server.RaftServerConfigKeys (ConfUtils.java:logGet(44)) - raft.server.log.force.sync.num = 128 (default)
2020-07-09 01:19:27,500 [pool-138-thread-1] INFO  server.RaftServerConfigKeys (ConfUtils.java:logGet(44)) - raft.server.log.statemachine.data.sync = true (default)
2020-07-09 01:19:27,500 [pool-138-thread-1] INFO  server.RaftServerConfigKeys (ConfUtils.java:logGet(44)) - raft.server.log.statemachine.data.sync.timeout = 10s (default)
2020-07-09 01:19:27,500 [pool-138-thread-1] INFO  server.RaftServerConfigKeys (ConfUtils.java:logGet(44)) - raft.server.log.statemachine.data.sync.timeout.retry = -1 (default)
2020-07-09 01:19:27,501 [pool-138-thread-1] INFO  server.RaftServerConfigKeys (ConfUtils.java:logGet(44)) - raft.server.log.statemachine.data.caching.enabled = true (custom)
2020-07-09 01:19:27,501 [pool-138-thread-1] INFO  segmented.SegmentedRaftLogWorker (SegmentedRaftLogWorker.java:lambda$new$0(129)) - 954078f0-2330-48dc-ab29-af631119e127@group-7E8E1064F426-SegmentedRaftLogWorker: flushIndex: setUnconditionally 0 -> -1
2020-07-09 01:19:27,501 [pool-138-thread-1] INFO  segmented.SegmentedRaftLogWorker (SegmentedRaftLogWorker.java:lambda$new$0(129)) - 954078f0-2330-48dc-ab29-af631119e127@group-7E8E1064F426-SegmentedRaftLogWorker: safeCacheEvictIndex: setUnconditionally 0 -> -1
2020-07-09 01:19:27,503 [EventQueue-PipelineReportForPipelineReportHandler] INFO  pipeline.PipelineStateManager (PipelineStateManager.java:openPipeline(131)) - Pipeline Pipeline[ Id: e56b5fc5-503f-4673-9ebb-8d5b18cbeefa, Nodes: 98f34e18-095d-41d7-a8c8-ef1510a34e6f{ip: 172.17.0.2, host: 848e8b8fb74f, networkLocation: /default-rack, certSerialId: null}, Type:RATIS, Factor:ONE, State:ALLOCATED, leaderId:98f34e18-095d-41d7-a8c8-ef1510a34e6f, CreationTimestamp2020-07-09T01:19:24.384Z] moved to OPEN state
2020-07-09 01:19:27,503 [EventQueue-OpenPipelineForHealthyPipelineSafeModeRule] INFO  safemode.SCMSafeModeManager (HealthyPipelineSafeModeRule.java:process(129)) - SCM in safe mode. Healthy pipelines reported count is 0, required healthy pipeline reported count is 1
2020-07-09 01:19:27,503 [EventQueue-OpenPipelineForOneReplicaPipelineSafeModeRule] INFO  safemode.SCMSafeModeManager (SCMSafeModeManager.java:validateSafeModeExitRules(214)) - AtleastOneDatanodeReportedRule rule is successfully validated
2020-07-09 01:19:27,503 [pool-153-thread-1] INFO  segmented.SegmentedRaftLogWorker (SegmentedRaftLogWorker.java:lambda$new$0(129)) - 98f34e18-095d-41d7-a8c8-ef1510a34e6f@group-8D5B18CBEEFA-SegmentedRaftLogWorker: flushIndex: setUnconditionally 0 -> -1
2020-07-09 01:19:27,503 [EventQueue-PipelineReportForPipelineReportHandler] INFO  pipeline.PipelineStateManager (PipelineStateManager.java:openPipeline(131)) - Pipeline Pipeline[ Id: e077453d-14df-41e0-b93b-7e8e1064f426, Nodes: 954078f0-2330-48dc-ab29-af631119e127{ip: 172.17.0.2, host: 848e8b8fb74f, networkLocation: /default-rack, certSerialId: null}, Type:RATIS, Factor:ONE, State:ALLOCATED, leaderId:954078f0-2330-48dc-ab29-af631119e127, CreationTimestamp2020-07-09T01:19:24.293Z] moved to OPEN state
2020-07-09 01:19:27,504 [EventQueue-OpenPipelineForOneReplicaPipelineSafeModeRule] INFO  safemode.SCMSafeModeManager (SCMSafeModeManager.java:validateSafeModeExitRules(214)) - AtleastOneDatanodeReportedRule rule is successfully validated
2020-07-09 01:19:27,504 [EventQueue-OpenPipelineForHealthyPipelineSafeModeRule] INFO  safemode.SCMSafeModeManager (HealthyPipelineSafeModeRule.java:process(129)) - SCM in safe mode. Healthy pipelines reported count is 0, required healthy pipeline reported count is 1
2020-07-09 01:19:27,504 [pool-153-thread-1] INFO  segmented.SegmentedRaftLogWorker (SegmentedRaftLogWorker.java:lambda$new$0(129)) - 98f34e18-095d-41d7-a8c8-ef1510a34e6f@group-8D5B18CBEEFA-SegmentedRaftLogWorker: safeCacheEvictIndex: setUnconditionally 0 -> -1
2020-07-09 01:19:27,507 [pool-123-thread-1] INFO  ratis.ContainerStateMachine (ContainerStateMachine.java:loadSnapshot(225)) - group-E3FA04FDD405: The snapshot info is null. Setting the last applied indexto:(t:0, i:~)
2020-07-09 01:19:27,507 [pool-123-thread-1] INFO  server.RaftServerConfigKeys (ConfUtils.java:logGet(44)) - raft.server.notification.no-leader.timeout = 60s (default)
2020-07-09 01:19:27,508 [pool-123-thread-1] INFO  server.RaftServerConfigKeys (ConfUtils.java:logGet(44)) - raft.server.log.use.memory = false (default)
2020-07-09 01:19:27,508 [pool-123-thread-1] INFO  server.RaftServerConfigKeys (ConfUtils.java:logGet(44)) - raft.server.log.purge.gap = 1000000 (custom)
2020-07-09 01:19:27,508 [pool-123-thread-1] INFO  server.RaftServerConfigKeys (ConfUtils.java:logGet(44)) - raft.server.log.appender.buffer.byte-limit = 33554432 (custom)
2020-07-09 01:19:27,508 [pool-123-thread-1] INFO  server.RaftServerConfigKeys (ConfUtils.java:logGet(44)) - raft.server.log.segment.size.max = 1048576 (custom)
2020-07-09 01:19:27,508 [pool-123-thread-1] INFO  metrics.RatisMetrics (RatisMetrics.java:lambda$create$0(36)) - Creating Metrics Registry : ratis.log_worker.83bd9611-6e96-48be-a1bb-e26ec6efad02@group-E3FA04FDD405
2020-07-09 01:19:27,508 [pool-123-thread-1] INFO  server.RaftServerConfigKeys (ConfUtils.java:logGet(44)) - raft.server.log.segment.cache.num.max = 2 (custom)
2020-07-09 01:19:27,508 [pool-123-thread-1] INFO  segmented.SegmentedRaftLogWorker (SegmentedRaftLogWorker.java:<init>(180)) - new 83bd9611-6e96-48be-a1bb-e26ec6efad02@group-E3FA04FDD405-SegmentedRaftLogWorker for RaftStorage:Storage Directory /github/workspace/mnt/ozone/hadoop-ozone/integration-test/target/test-dir/MiniOzoneClusterImpl-513b5a01-9d99-4e7a-8fe1-3ea97a28e1a0/datanode-6/data/ratis/63e63d2f-60c3-4651-a417-e3fa04fdd405
2020-07-09 01:19:27,508 [pool-123-thread-1] INFO  server.RaftServerConfigKeys (ConfUtils.java:logGet(44)) - raft.server.log.queue.byte-limit = 2147483647 (custom)
2020-07-09 01:19:27,508 [pool-123-thread-1] INFO  server.RaftServerConfigKeys (ConfUtils.java:logGet(44)) - raft.server.log.queue.element-limit = 1024 (custom)
2020-07-09 01:19:27,508 [pool-123-thread-1] INFO  server.RaftServerConfigKeys (ConfUtils.java:logGet(44)) - raft.server.log.segment.size.max = 1048576 (custom)
2020-07-09 01:19:27,508 [pool-123-thread-1] INFO  server.RaftServerConfigKeys (ConfUtils.java:logGet(44)) - raft.server.log.preallocated.size = 16384 (custom)
2020-07-09 01:19:27,508 [pool-123-thread-1] INFO  server.RaftServerConfigKeys (ConfUtils.java:logGet(44)) - raft.server.log.write.buffer.size = 1048576 (custom)
2020-07-09 01:19:27,508 [pool-123-thread-1] INFO  server.RaftServerConfigKeys (ConfUtils.java:logGet(44)) - raft.server.log.force.sync.num = 128 (default)
2020-07-09 01:19:27,508 [pool-123-thread-1] INFO  server.RaftServerConfigKeys (ConfUtils.java:logGet(44)) - raft.server.log.statemachine.data.sync = true (default)
2020-07-09 01:19:27,509 [pool-123-thread-1] INFO  server.RaftServerConfigKeys (ConfUtils.java:logGet(44)) - raft.server.log.statemachine.data.sync.timeout = 10s (default)
2020-07-09 01:19:27,509 [pool-123-thread-1] INFO  server.RaftServerConfigKeys (ConfUtils.java:logGet(44)) - raft.server.log.statemachine.data.sync.timeout.retry = -1 (default)
2020-07-09 01:19:27,510 [pool-123-thread-1] INFO  server.RaftServerConfigKeys (ConfUtils.java:logGet(44)) - raft.server.log.statemachine.data.caching.enabled = true (custom)
2020-07-09 01:19:27,510 [pool-123-thread-1] INFO  segmented.SegmentedRaftLogWorker (SegmentedRaftLogWorker.java:lambda$new$0(129)) - 83bd9611-6e96-48be-a1bb-e26ec6efad02@group-E3FA04FDD405-SegmentedRaftLogWorker: flushIndex: setUnconditionally 0 -> -1
2020-07-09 01:19:27,510 [pool-123-thread-1] INFO  segmented.SegmentedRaftLogWorker (SegmentedRaftLogWorker.java:lambda$new$0(129)) - 83bd9611-6e96-48be-a1bb-e26ec6efad02@group-E3FA04FDD405-SegmentedRaftLogWorker: safeCacheEvictIndex: setUnconditionally 0 -> -1
2020-07-09 01:19:27,511 [EventQueue-PipelineReportForPipelineReportHandler] INFO  pipeline.PipelineStateManager (PipelineStateManager.java:openPipeline(131)) - Pipeline Pipeline[ Id: 63e63d2f-60c3-4651-a417-e3fa04fdd405, Nodes: 83bd9611-6e96-48be-a1bb-e26ec6efad02{ip: 172.17.0.2, host: 848e8b8fb74f, networkLocation: /default-rack, certSerialId: null}, Type:RATIS, Factor:ONE, State:ALLOCATED, leaderId:83bd9611-6e96-48be-a1bb-e26ec6efad02, CreationTimestamp2020-07-09T01:19:24.234Z] moved to OPEN state
2020-07-09 01:19:27,511 [pool-138-thread-1] INFO  server.RaftServerConfigKeys (ConfUtils.java:logGet(44)) - raft.server.snapshot.auto.trigger.enabled = true (custom)
2020-07-09 01:19:27,511 [pool-138-thread-1] INFO  server.RaftServerConfigKeys (ConfUtils.java:logGet(44)) - raft.server.snapshot.auto.trigger.threshold = 10000 (custom)
2020-07-09 01:19:27,511 [pool-138-thread-1] INFO  server.RaftServerConfigKeys (ConfUtils.java:logGet(44)) - raft.server.snapshot.retention.file.num = 5 (custom)
2020-07-09 01:19:27,511 [EventQueue-OpenPipelineForHealthyPipelineSafeModeRule] INFO  safemode.SCMSafeModeManager (HealthyPipelineSafeModeRule.java:process(129)) - SCM in safe mode. Healthy pipelines reported count is 0, required healthy pipeline reported count is 1
2020-07-09 01:19:27,511 [pool-138-thread-1] INFO  server.RaftServerConfigKeys (ConfUtils.java:logGet(44)) - raft.server.log.purge.upto.snapshot.index = false (default)
2020-07-09 01:19:27,511 [EventQueue-OpenPipelineForOneReplicaPipelineSafeModeRule] INFO  safemode.SCMSafeModeManager (SCMSafeModeManager.java:validateSafeModeExitRules(214)) - AtleastOneDatanodeReportedRule rule is successfully validated
2020-07-09 01:19:27,516 [pool-153-thread-1] INFO  server.RaftServerConfigKeys (ConfUtils.java:logGet(44)) - raft.server.snapshot.auto.trigger.enabled = true (custom)
2020-07-09 01:19:27,516 [pool-153-thread-1] INFO  server.RaftServerConfigKeys (ConfUtils.java:logGet(44)) - raft.server.snapshot.auto.trigger.threshold = 10000 (custom)
2020-07-09 01:19:27,516 [pool-153-thread-1] INFO  server.RaftServerConfigKeys (ConfUtils.java:logGet(44)) - raft.server.snapshot.retention.file.num = 5 (custom)
2020-07-09 01:19:27,516 [pool-153-thread-1] INFO  server.RaftServerConfigKeys (ConfUtils.java:logGet(44)) - raft.server.log.purge.upto.snapshot.index = false (default)
2020-07-09 01:19:27,517 [pool-153-thread-1] INFO  server.RaftServerConfigKeys (ConfUtils.java:logGet(44)) - raft.server.retrycache.expirytime = 600000ms (custom)
2020-07-09 01:19:27,517 [pool-153-thread-1] INFO  metrics.RatisMetrics (RatisMetrics.java:lambda$create$0(36)) - Creating Metrics Registry : ratis.leader_election.98f34e18-095d-41d7-a8c8-ef1510a34e6f@group-8D5B18CBEEFA
2020-07-09 01:19:27,517 [pool-153-thread-1] INFO  metrics.RatisMetrics (RatisMetrics.java:lambda$create$0(36)) - Creating Metrics Registry : ratis.server.98f34e18-095d-41d7-a8c8-ef1510a34e6f@group-8D5B18CBEEFA
2020-07-09 01:19:27,518 [pool-153-thread-1] INFO  impl.RaftServerImpl (RaftServerImpl.java:start(186)) - 98f34e18-095d-41d7-a8c8-ef1510a34e6f@group-8D5B18CBEEFA: start as a follower, conf=-1: [98f34e18-095d-41d7-a8c8-ef1510a34e6f:172.17.0.2:37419], old=null
2020-07-09 01:19:27,518 [pool-153-thread-1] INFO  impl.RaftServerImpl (RaftServerImpl.java:setRole(175)) - 98f34e18-095d-41d7-a8c8-ef1510a34e6f@group-8D5B18CBEEFA: changes role from      null to FOLLOWER at term 0 for startAsFollower
2020-07-09 01:19:27,518 [pool-153-thread-1] INFO  impl.RoleInfo (RoleInfo.java:updateAndGet(143)) - 98f34e18-095d-41d7-a8c8-ef1510a34e6f: start FollowerState
2020-07-09 01:19:27,521 [pool-153-thread-1] INFO  util.JmxRegister (JmxRegister.java:tryRegister(44)) - Successfully registered JMX Bean with object name Ratis:service=RaftServer,group=group-8D5B18CBEEFA,id=98f34e18-095d-41d7-a8c8-ef1510a34e6f
2020-07-09 01:19:27,522 [pool-153-thread-1] INFO  metrics.RatisMetrics (RatisMetrics.java:lambda$create$0(36)) - Creating Metrics Registry : ratis.state_machine.98f34e18-095d-41d7-a8c8-ef1510a34e6f@group-8D5B18CBEEFA
2020-07-09 01:19:27,527 [Command processor thread] INFO  commandhandler.CreatePipelineCommandHandler (CreatePipelineCommandHandler.java:handle(109)) - Created Pipeline RATIS ONE #id: "e56b5fc5-503f-4673-9ebb-8d5b18cbeefa"
uuid128 {
  mostSigBits: -1915331915456493965
  leastSigBits: -7008852972674486534
}
.
2020-07-09 01:19:27,527 [Command processor thread] INFO  impl.RaftServerProxy (RaftServerProxy.java:addNew(89)) - 98f34e18-095d-41d7-a8c8-ef1510a34e6f: addNew group-47F40364C92C:[954078f0-2330-48dc-ab29-af631119e127:172.17.0.2:33459, 83bd9611-6e96-48be-a1bb-e26ec6efad02:172.17.0.2:36813, 98f34e18-095d-41d7-a8c8-ef1510a34e6f:172.17.0.2:37419] returns group-47F40364C92C:java.util.concurrent.CompletableFuture@6deb2cd[Not completed]
2020-07-09 01:19:27,528 [pool-153-thread-1] INFO  impl.RaftServerImpl (RaftServerImpl.java:<init>(99)) - 98f34e18-095d-41d7-a8c8-ef1510a34e6f: new RaftServerImpl for group-47F40364C92C:[954078f0-2330-48dc-ab29-af631119e127:172.17.0.2:33459, 83bd9611-6e96-48be-a1bb-e26ec6efad02:172.17.0.2:36813, 98f34e18-095d-41d7-a8c8-ef1510a34e6f:172.17.0.2:37419] with ContainerStateMachine:uninitialized
2020-07-09 01:19:27,529 [pool-153-thread-1] INFO  server.RaftServerConfigKeys (ConfUtils.java:logGet(44)) - raft.server.rpc.timeout.min = 5s (custom)
2020-07-09 01:19:27,529 [pool-153-thread-1] INFO  server.RaftServerConfigKeys (ConfUtils.java:logGet(44)) - raft.server.rpc.timeout.max = 5200ms (custom)
2020-07-09 01:19:27,529 [pool-153-thread-1] INFO  server.RaftServerConfigKeys (ConfUtils.java:logGet(44)) - raft.server.rpcslowness.timeout = 300000ms (custom)
2020-07-09 01:19:27,529 [pool-153-thread-1] INFO  server.RaftServerConfigKeys (ConfUtils.java:logGet(44)) - raft.server.sleep.deviation.threshold = 300 (default)
2020-07-09 01:19:27,529 [pool-153-thread-1] INFO  server.RaftServerConfigKeys (ConfUtils.java:logGet(44)) - raft.server.log.appender.install.snapshot.enabled = false (custom)
2020-07-09 01:19:27,529 [pool-153-thread-1] INFO  impl.RaftServerImpl (ServerState.java:<init>(103)) - 98f34e18-095d-41d7-a8c8-ef1510a34e6f@group-47F40364C92C: ConfigurationManager, init=-1: [954078f0-2330-48dc-ab29-af631119e127:172.17.0.2:33459, 83bd9611-6e96-48be-a1bb-e26ec6efad02:172.17.0.2:36813, 98f34e18-095d-41d7-a8c8-ef1510a34e6f:172.17.0.2:37419], old=null, confs=<EMPTY_MAP>
2020-07-09 01:19:27,529 [pool-153-thread-1] INFO  server.RaftServerConfigKeys (ConfUtils.java:logGet(44)) - raft.server.storage.dir = [/github/workspace/mnt/ozone/hadoop-ozone/integration-test/target/test-dir/MiniOzoneClusterImpl-513b5a01-9d99-4e7a-8fe1-3ea97a28e1a0/datanode-8/data/ratis] (custom)
2020-07-09 01:19:27,529 [pool-153-thread-1] INFO  server.RaftServerConfigKeys (ConfUtils.java:logGet(44)) - raft.server.log.corruption.policy = EXCEPTION (default)
2020-07-09 01:19:27,529 [pool-153-thread-1] INFO  storage.RaftStorageDirectory (RaftStorageDirectory.java:analyzeStorage(261)) - The storage directory /github/workspace/mnt/ozone/hadoop-ozone/integration-test/target/test-dir/MiniOzoneClusterImpl-513b5a01-9d99-4e7a-8fe1-3ea97a28e1a0/datanode-8/data/ratis/4130ba38-13b2-4571-bced-47f40364c92c does not exist. Creating ...
2020-07-09 01:19:27,531 [pool-123-thread-1] INFO  server.RaftServerConfigKeys (ConfUtils.java:logGet(44)) - raft.server.snapshot.auto.trigger.enabled = true (custom)
2020-07-09 01:19:27,531 [pool-123-thread-1] INFO  server.RaftServerConfigKeys (ConfUtils.java:logGet(44)) - raft.server.snapshot.auto.trigger.threshold = 10000 (custom)
2020-07-09 01:19:27,531 [pool-123-thread-1] INFO  server.RaftServerConfigKeys (ConfUtils.java:logGet(44)) - raft.server.snapshot.retention.file.num = 5 (custom)
2020-07-09 01:19:27,531 [pool-123-thread-1] INFO  server.RaftServerConfigKeys (ConfUtils.java:logGet(44)) - raft.server.log.purge.upto.snapshot.index = false (default)
2020-07-09 01:19:27,531 [pool-123-thread-1] INFO  server.RaftServerConfigKeys (ConfUtils.java:logGet(44)) - raft.server.retrycache.expirytime = 600000ms (custom)
2020-07-09 01:19:27,531 [pool-123-thread-1] INFO  metrics.RatisMetrics (RatisMetrics.java:lambda$create$0(36)) - Creating Metrics Registry : ratis.leader_election.83bd9611-6e96-48be-a1bb-e26ec6efad02@group-E3FA04FDD405
2020-07-09 01:19:27,532 [pool-123-thread-1] INFO  metrics.RatisMetrics (RatisMetrics.java:lambda$create$0(36)) - Creating Metrics Registry : ratis.server.83bd9611-6e96-48be-a1bb-e26ec6efad02@group-E3FA04FDD405
2020-07-09 01:19:27,533 [pool-123-thread-1] INFO  impl.RaftServerImpl (RaftServerImpl.java:start(186)) - 83bd9611-6e96-48be-a1bb-e26ec6efad02@group-E3FA04FDD405: start as a follower, conf=-1: [83bd9611-6e96-48be-a1bb-e26ec6efad02:172.17.0.2:36813], old=null
2020-07-09 01:19:27,533 [pool-123-thread-1] INFO  impl.RaftServerImpl (RaftServerImpl.java:setRole(175)) - 83bd9611-6e96-48be-a1bb-e26ec6efad02@group-E3FA04FDD405: changes role from      null to FOLLOWER at term 0 for startAsFollower
2020-07-09 01:19:27,533 [pool-123-thread-1] INFO  impl.RoleInfo (RoleInfo.java:updateAndGet(143)) - 83bd9611-6e96-48be-a1bb-e26ec6efad02: start FollowerState
2020-07-09 01:19:27,533 [pool-123-thread-1] INFO  util.JmxRegister (JmxRegister.java:tryRegister(44)) - Successfully registered JMX Bean with object name Ratis:service=RaftServer,group=group-E3FA04FDD405,id=83bd9611-6e96-48be-a1bb-e26ec6efad02
2020-07-09 01:19:27,533 [pool-123-thread-1] INFO  metrics.RatisMetrics (RatisMetrics.java:lambda$create$0(36)) - Creating Metrics Registry : ratis.state_machine.83bd9611-6e96-48be-a1bb-e26ec6efad02@group-E3FA04FDD405
2020-07-09 01:19:27,534 [pool-153-thread-1] INFO  storage.RaftStorageDirectory (RaftStorageDirectory.java:tryLock(343)) - Lock on /github/workspace/mnt/ozone/hadoop-ozone/integration-test/target/test-dir/MiniOzoneClusterImpl-513b5a01-9d99-4e7a-8fe1-3ea97a28e1a0/datanode-8/data/ratis/4130ba38-13b2-4571-bced-47f40364c92c/in_use.lock acquired by nodename 20599@848e8b8fb74f
2020-07-09 01:19:27,535 [pool-138-thread-1] INFO  server.RaftServerConfigKeys (ConfUtils.java:logGet(44)) - raft.server.retrycache.expirytime = 600000ms (custom)
2020-07-09 01:19:27,535 [pool-138-thread-1] INFO  metrics.RatisMetrics (RatisMetrics.java:lambda$create$0(36)) - Creating Metrics Registry : ratis.leader_election.954078f0-2330-48dc-ab29-af631119e127@group-7E8E1064F426
2020-07-09 01:19:27,536 [pool-138-thread-1] INFO  metrics.RatisMetrics (RatisMetrics.java:lambda$create$0(36)) - Creating Metrics Registry : ratis.server.954078f0-2330-48dc-ab29-af631119e127@group-7E8E1064F426
2020-07-09 01:19:27,536 [pool-138-thread-1] INFO  impl.RaftServerImpl (RaftServerImpl.java:start(186)) - 954078f0-2330-48dc-ab29-af631119e127@group-7E8E1064F426: start as a follower, conf=-1: [954078f0-2330-48dc-ab29-af631119e127:172.17.0.2:33459], old=null
2020-07-09 01:19:27,537 [pool-138-thread-1] INFO  impl.RaftServerImpl (RaftServerImpl.java:setRole(175)) - 954078f0-2330-48dc-ab29-af631119e127@group-7E8E1064F426: changes role from      null to FOLLOWER at term 0 for startAsFollower
2020-07-09 01:19:27,537 [pool-138-thread-1] INFO  impl.RoleInfo (RoleInfo.java:updateAndGet(143)) - 954078f0-2330-48dc-ab29-af631119e127: start FollowerState
2020-07-09 01:19:27,537 [Command processor thread] INFO  commandhandler.CreatePipelineCommandHandler (CreatePipelineCommandHandler.java:handle(109)) - Created Pipeline RATIS ONE #id: "63e63d2f-60c3-4651-a417-e3fa04fdd405"
uuid128 {
  mostSigBits: 7198508328094484049
  leastSigBits: -6622574064059952123
}
.
2020-07-09 01:19:27,537 [pool-153-thread-1] INFO  storage.RaftStorage (RaftStorage.java:format(84)) - Storage directory /github/workspace/mnt/ozone/hadoop-ozone/integration-test/target/test-dir/MiniOzoneClusterImpl-513b5a01-9d99-4e7a-8fe1-3ea97a28e1a0/datanode-8/data/ratis/4130ba38-13b2-4571-bced-47f40364c92c has been successfully formatted.
2020-07-09 01:19:27,538 [pool-138-thread-1] INFO  util.JmxRegister (JmxRegister.java:tryRegister(44)) - Successfully registered JMX Bean with object name Ratis:service=RaftServer,group=group-7E8E1064F426,id=954078f0-2330-48dc-ab29-af631119e127
2020-07-09 01:19:27,538 [pool-138-thread-1] INFO  metrics.RatisMetrics (RatisMetrics.java:lambda$create$0(36)) - Creating Metrics Registry : ratis.state_machine.954078f0-2330-48dc-ab29-af631119e127@group-7E8E1064F426
2020-07-09 01:19:27,539 [pool-153-thread-1] INFO  ratis.ContainerStateMachine (ContainerStateMachine.java:loadSnapshot(225)) - group-47F40364C92C: The snapshot info is null. Setting the last applied indexto:(t:0, i:~)
2020-07-09 01:19:27,539 [pool-153-thread-1] INFO  server.RaftServerConfigKeys (ConfUtils.java:logGet(44)) - raft.server.notification.no-leader.timeout = 60s (default)
2020-07-09 01:19:27,539 [pool-153-thread-1] INFO  server.RaftServerConfigKeys (ConfUtils.java:logGet(44)) - raft.server.log.use.memory = false (default)
2020-07-09 01:19:27,539 [pool-153-thread-1] INFO  server.RaftServerConfigKeys (ConfUtils.java:logGet(44)) - raft.server.log.purge.gap = 1000000 (custom)
2020-07-09 01:19:27,539 [pool-153-thread-1] INFO  server.RaftServerConfigKeys (ConfUtils.java:logGet(44)) - raft.server.log.appender.buffer.byte-limit = 33554432 (custom)
2020-07-09 01:19:27,539 [pool-153-thread-1] INFO  server.RaftServerConfigKeys (ConfUtils.java:logGet(44)) - raft.server.log.segment.size.max = 1048576 (custom)
2020-07-09 01:19:27,539 [pool-153-thread-1] INFO  metrics.RatisMetrics (RatisMetrics.java:lambda$create$0(36)) - Creating Metrics Registry : ratis.log_worker.98f34e18-095d-41d7-a8c8-ef1510a34e6f@group-47F40364C92C
2020-07-09 01:19:27,539 [pool-153-thread-1] INFO  server.RaftServerConfigKeys (ConfUtils.java:logGet(44)) - raft.server.log.segment.cache.num.max = 2 (custom)
2020-07-09 01:19:27,540 [pool-153-thread-1] INFO  segmented.SegmentedRaftLogWorker (SegmentedRaftLogWorker.java:<init>(180)) - new 98f34e18-095d-41d7-a8c8-ef1510a34e6f@group-47F40364C92C-SegmentedRaftLogWorker for RaftStorage:Storage Directory /github/workspace/mnt/ozone/hadoop-ozone/integration-test/target/test-dir/MiniOzoneClusterImpl-513b5a01-9d99-4e7a-8fe1-3ea97a28e1a0/datanode-8/data/ratis/4130ba38-13b2-4571-bced-47f40364c92c
2020-07-09 01:19:27,540 [pool-153-thread-1] INFO  server.RaftServerConfigKeys (ConfUtils.java:logGet(44)) - raft.server.log.queue.byte-limit = 2147483647 (custom)
2020-07-09 01:19:27,540 [pool-153-thread-1] INFO  server.RaftServerConfigKeys (ConfUtils.java:logGet(44)) - raft.server.log.queue.element-limit = 1024 (custom)
2020-07-09 01:19:27,540 [pool-153-thread-1] INFO  server.RaftServerConfigKeys (ConfUtils.java:logGet(44)) - raft.server.log.segment.size.max = 1048576 (custom)
2020-07-09 01:19:27,540 [pool-153-thread-1] INFO  server.RaftServerConfigKeys (ConfUtils.java:logGet(44)) - raft.server.log.preallocated.size = 16384 (custom)
2020-07-09 01:19:27,540 [pool-153-thread-1] INFO  server.RaftServerConfigKeys (ConfUtils.java:logGet(44)) - raft.server.log.write.buffer.size = 1048576 (custom)
2020-07-09 01:19:27,540 [pool-153-thread-1] INFO  server.RaftServerConfigKeys (ConfUtils.java:logGet(44)) - raft.server.log.force.sync.num = 128 (default)
2020-07-09 01:19:27,540 [pool-153-thread-1] INFO  server.RaftServerConfigKeys (ConfUtils.java:logGet(44)) - raft.server.log.statemachine.data.sync = true (default)
2020-07-09 01:19:27,540 [pool-153-thread-1] INFO  server.RaftServerConfigKeys (ConfUtils.java:logGet(44)) - raft.server.log.statemachine.data.sync.timeout = 10s (default)
2020-07-09 01:19:27,540 [pool-153-thread-1] INFO  server.RaftServerConfigKeys (ConfUtils.java:logGet(44)) - raft.server.log.statemachine.data.sync.timeout.retry = -1 (default)
2020-07-09 01:19:27,542 [pool-153-thread-1] INFO  server.RaftServerConfigKeys (ConfUtils.java:logGet(44)) - raft.server.log.statemachine.data.caching.enabled = true (custom)
2020-07-09 01:19:27,542 [pool-153-thread-1] INFO  segmented.SegmentedRaftLogWorker (SegmentedRaftLogWorker.java:lambda$new$0(129)) - 98f34e18-095d-41d7-a8c8-ef1510a34e6f@group-47F40364C92C-SegmentedRaftLogWorker: flushIndex: setUnconditionally 0 -> -1
2020-07-09 01:19:27,542 [pool-153-thread-1] INFO  segmented.SegmentedRaftLogWorker (SegmentedRaftLogWorker.java:lambda$new$0(129)) - 98f34e18-095d-41d7-a8c8-ef1510a34e6f@group-47F40364C92C-SegmentedRaftLogWorker: safeCacheEvictIndex: setUnconditionally 0 -> -1
2020-07-09 01:19:27,542 [Command processor thread] INFO  commandhandler.CreatePipelineCommandHandler (CreatePipelineCommandHandler.java:handle(109)) - Created Pipeline RATIS ONE #id: "e077453d-14df-41e0-b93b-7e8e1064f426"
uuid128 {
  mostSigBits: -2272271358339628576
  leastSigBits: -5099343004441447386
}
.
2020-07-09 01:19:27,544 [pool-153-thread-1] INFO  server.RaftServerConfigKeys (ConfUtils.java:logGet(44)) - raft.server.snapshot.auto.trigger.enabled = true (custom)
2020-07-09 01:19:27,544 [pool-153-thread-1] INFO  server.RaftServerConfigKeys (ConfUtils.java:logGet(44)) - raft.server.snapshot.auto.trigger.threshold = 10000 (custom)
2020-07-09 01:19:27,544 [pool-153-thread-1] INFO  server.RaftServerConfigKeys (ConfUtils.java:logGet(44)) - raft.server.snapshot.retention.file.num = 5 (custom)
2020-07-09 01:19:27,544 [pool-153-thread-1] INFO  server.RaftServerConfigKeys (ConfUtils.java:logGet(44)) - raft.server.log.purge.upto.snapshot.index = false (default)
2020-07-09 01:19:27,544 [pool-153-thread-1] INFO  server.RaftServerConfigKeys (ConfUtils.java:logGet(44)) - raft.server.retrycache.expirytime = 600000ms (custom)
2020-07-09 01:19:27,544 [pool-153-thread-1] INFO  metrics.RatisMetrics (RatisMetrics.java:lambda$create$0(36)) - Creating Metrics Registry : ratis.leader_election.98f34e18-095d-41d7-a8c8-ef1510a34e6f@group-47F40364C92C
2020-07-09 01:19:27,548 [pool-153-thread-1] INFO  metrics.RatisMetrics (RatisMetrics.java:lambda$create$0(36)) - Creating Metrics Registry : ratis.server.98f34e18-095d-41d7-a8c8-ef1510a34e6f@group-47F40364C92C
2020-07-09 01:19:27,547 [Command processor thread] INFO  impl.RaftServerProxy (RaftServerProxy.java:addNew(89)) - 83bd9611-6e96-48be-a1bb-e26ec6efad02: addNew group-47F40364C92C:[954078f0-2330-48dc-ab29-af631119e127:172.17.0.2:33459, 83bd9611-6e96-48be-a1bb-e26ec6efad02:172.17.0.2:36813, 98f34e18-095d-41d7-a8c8-ef1510a34e6f:172.17.0.2:37419] returns group-47F40364C92C:java.util.concurrent.CompletableFuture@2a6f8c62[Not completed]
2020-07-09 01:19:27,558 [pool-153-thread-1] INFO  impl.RaftServerImpl (RaftServerImpl.java:start(186)) - 98f34e18-095d-41d7-a8c8-ef1510a34e6f@group-47F40364C92C: start as a follower, conf=-1: [954078f0-2330-48dc-ab29-af631119e127:172.17.0.2:33459, 83bd9611-6e96-48be-a1bb-e26ec6efad02:172.17.0.2:36813, 98f34e18-095d-41d7-a8c8-ef1510a34e6f:172.17.0.2:37419], old=null
2020-07-09 01:19:27,558 [pool-153-thread-1] INFO  impl.RaftServerImpl (RaftServerImpl.java:setRole(175)) - 98f34e18-095d-41d7-a8c8-ef1510a34e6f@group-47F40364C92C: changes role from      null to FOLLOWER at term 0 for startAsFollower
2020-07-09 01:19:27,558 [pool-153-thread-1] INFO  impl.RoleInfo (RoleInfo.java:updateAndGet(143)) - 98f34e18-095d-41d7-a8c8-ef1510a34e6f: start FollowerState
2020-07-09 01:19:27,557 [pool-138-thread-1] INFO  impl.RaftServerImpl (RaftServerImpl.java:<init>(99)) - 954078f0-2330-48dc-ab29-af631119e127: new RaftServerImpl for group-47F40364C92C:[954078f0-2330-48dc-ab29-af631119e127:172.17.0.2:33459, 83bd9611-6e96-48be-a1bb-e26ec6efad02:172.17.0.2:36813, 98f34e18-095d-41d7-a8c8-ef1510a34e6f:172.17.0.2:37419] with ContainerStateMachine:uninitialized
2020-07-09 01:19:27,558 [pool-138-thread-1] INFO  server.RaftServerConfigKeys (ConfUtils.java:logGet(44)) - raft.server.rpc.timeout.min = 5s (custom)
2020-07-09 01:19:27,558 [pool-138-thread-1] INFO  server.RaftServerConfigKeys (ConfUtils.java:logGet(44)) - raft.server.rpc.timeout.max = 5200ms (custom)
2020-07-09 01:19:27,558 [pool-138-thread-1] INFO  server.RaftServerConfigKeys (ConfUtils.java:logGet(44)) - raft.server.rpcslowness.timeout = 300000ms (custom)
2020-07-09 01:19:27,559 [pool-138-thread-1] INFO  server.RaftServerConfigKeys (ConfUtils.java:logGet(44)) - raft.server.sleep.deviation.threshold = 300 (default)
2020-07-09 01:19:27,559 [pool-138-thread-1] INFO  server.RaftServerConfigKeys (ConfUtils.java:logGet(44)) - raft.server.log.appender.install.snapshot.enabled = false (custom)
2020-07-09 01:19:27,559 [pool-138-thread-1] INFO  impl.RaftServerImpl (ServerState.java:<init>(103)) - 954078f0-2330-48dc-ab29-af631119e127@group-47F40364C92C: ConfigurationManager, init=-1: [954078f0-2330-48dc-ab29-af631119e127:172.17.0.2:33459, 83bd9611-6e96-48be-a1bb-e26ec6efad02:172.17.0.2:36813, 98f34e18-095d-41d7-a8c8-ef1510a34e6f:172.17.0.2:37419], old=null, confs=<EMPTY_MAP>
2020-07-09 01:19:27,559 [pool-138-thread-1] INFO  server.RaftServerConfigKeys (ConfUtils.java:logGet(44)) - raft.server.storage.dir = [/github/workspace/mnt/ozone/hadoop-ozone/integration-test/target/test-dir/MiniOzoneClusterImpl-513b5a01-9d99-4e7a-8fe1-3ea97a28e1a0/datanode-7/data/ratis] (custom)
2020-07-09 01:19:27,559 [pool-138-thread-1] INFO  server.RaftServerConfigKeys (ConfUtils.java:logGet(44)) - raft.server.log.corruption.policy = EXCEPTION (default)
2020-07-09 01:19:27,559 [pool-138-thread-1] INFO  storage.RaftStorageDirectory (RaftStorageDirectory.java:analyzeStorage(261)) - The storage directory /github/workspace/mnt/ozone/hadoop-ozone/integration-test/target/test-dir/MiniOzoneClusterImpl-513b5a01-9d99-4e7a-8fe1-3ea97a28e1a0/datanode-7/data/ratis/4130ba38-13b2-4571-bced-47f40364c92c does not exist. Creating ...
2020-07-09 01:19:27,556 [Command processor thread] INFO  impl.RaftServerProxy (RaftServerProxy.java:addNew(89)) - 954078f0-2330-48dc-ab29-af631119e127: addNew group-47F40364C92C:[954078f0-2330-48dc-ab29-af631119e127:172.17.0.2:33459, 83bd9611-6e96-48be-a1bb-e26ec6efad02:172.17.0.2:36813, 98f34e18-095d-41d7-a8c8-ef1510a34e6f:172.17.0.2:37419] returns group-47F40364C92C:java.util.concurrent.CompletableFuture@1cce6157[Not completed]
2020-07-09 01:19:27,556 [pool-123-thread-1] INFO  impl.RaftServerImpl (RaftServerImpl.java:<init>(99)) - 83bd9611-6e96-48be-a1bb-e26ec6efad02: new RaftServerImpl for group-47F40364C92C:[954078f0-2330-48dc-ab29-af631119e127:172.17.0.2:33459, 83bd9611-6e96-48be-a1bb-e26ec6efad02:172.17.0.2:36813, 98f34e18-095d-41d7-a8c8-ef1510a34e6f:172.17.0.2:37419] with ContainerStateMachine:uninitialized
2020-07-09 01:19:27,560 [pool-123-thread-1] INFO  server.RaftServerConfigKeys (ConfUtils.java:logGet(44)) - raft.server.rpc.timeout.min = 5s (custom)
2020-07-09 01:19:27,560 [pool-153-thread-1] INFO  util.JmxRegister (JmxRegister.java:tryRegister(44)) - Successfully registered JMX Bean with object name Ratis:service=RaftServer,group=group-47F40364C92C,id=98f34e18-095d-41d7-a8c8-ef1510a34e6f
2020-07-09 01:19:27,560 [pool-153-thread-1] INFO  metrics.RatisMetrics (RatisMetrics.java:lambda$create$0(36)) - Creating Metrics Registry : ratis.state_machine.98f34e18-095d-41d7-a8c8-ef1510a34e6f@group-47F40364C92C
2020-07-09 01:19:27,560 [pool-123-thread-1] INFO  server.RaftServerConfigKeys (ConfUtils.java:logGet(44)) - raft.server.rpc.timeout.max = 5200ms (custom)
2020-07-09 01:19:27,560 [pool-123-thread-1] INFO  server.RaftServerConfigKeys (ConfUtils.java:logGet(44)) - raft.server.rpcslowness.timeout = 300000ms (custom)
2020-07-09 01:19:27,560 [pool-123-thread-1] INFO  server.RaftServerConfigKeys (ConfUtils.java:logGet(44)) - raft.server.sleep.deviation.threshold = 300 (default)
2020-07-09 01:19:27,560 [pool-123-thread-1] INFO  server.RaftServerConfigKeys (ConfUtils.java:logGet(44)) - raft.server.log.appender.install.snapshot.enabled = false (custom)
2020-07-09 01:19:27,560 [pool-123-thread-1] INFO  impl.RaftServerImpl (ServerState.java:<init>(103)) - 83bd9611-6e96-48be-a1bb-e26ec6efad02@group-47F40364C92C: ConfigurationManager, init=-1: [954078f0-2330-48dc-ab29-af631119e127:172.17.0.2:33459, 83bd9611-6e96-48be-a1bb-e26ec6efad02:172.17.0.2:36813, 98f34e18-095d-41d7-a8c8-ef1510a34e6f:172.17.0.2:37419], old=null, confs=<EMPTY_MAP>
2020-07-09 01:19:27,561 [pool-123-thread-1] INFO  server.RaftServerConfigKeys (ConfUtils.java:logGet(44)) - raft.server.storage.dir = [/github/workspace/mnt/ozone/hadoop-ozone/integration-test/target/test-dir/MiniOzoneClusterImpl-513b5a01-9d99-4e7a-8fe1-3ea97a28e1a0/datanode-6/data/ratis] (custom)
2020-07-09 01:19:27,561 [pool-123-thread-1] INFO  server.RaftServerConfigKeys (ConfUtils.java:logGet(44)) - raft.server.log.corruption.policy = EXCEPTION (default)
2020-07-09 01:19:27,561 [pool-123-thread-1] INFO  storage.RaftStorageDirectory (RaftStorageDirectory.java:analyzeStorage(261)) - The storage directory /github/workspace/mnt/ozone/hadoop-ozone/integration-test/target/test-dir/MiniOzoneClusterImpl-513b5a01-9d99-4e7a-8fe1-3ea97a28e1a0/datanode-6/data/ratis/4130ba38-13b2-4571-bced-47f40364c92c does not exist. Creating ...
2020-07-09 01:19:27,562 [pool-138-thread-1] INFO  storage.RaftStorageDirectory (RaftStorageDirectory.java:tryLock(343)) - Lock on /github/workspace/mnt/ozone/hadoop-ozone/integration-test/target/test-dir/MiniOzoneClusterImpl-513b5a01-9d99-4e7a-8fe1-3ea97a28e1a0/datanode-7/data/ratis/4130ba38-13b2-4571-bced-47f40364c92c/in_use.lock acquired by nodename 20599@848e8b8fb74f
2020-07-09 01:19:27,565 [pool-123-thread-1] INFO  storage.RaftStorageDirectory (RaftStorageDirectory.java:tryLock(343)) - Lock on /github/workspace/mnt/ozone/hadoop-ozone/integration-test/target/test-dir/MiniOzoneClusterImpl-513b5a01-9d99-4e7a-8fe1-3ea97a28e1a0/datanode-6/data/ratis/4130ba38-13b2-4571-bced-47f40364c92c/in_use.lock acquired by nodename 20599@848e8b8fb74f
2020-07-09 01:19:27,566 [pool-138-thread-1] INFO  storage.RaftStorage (RaftStorage.java:format(84)) - Storage directory /github/workspace/mnt/ozone/hadoop-ozone/integration-test/target/test-dir/MiniOzoneClusterImpl-513b5a01-9d99-4e7a-8fe1-3ea97a28e1a0/datanode-7/data/ratis/4130ba38-13b2-4571-bced-47f40364c92c has been successfully formatted.
2020-07-09 01:19:27,566 [pool-138-thread-1] INFO  ratis.ContainerStateMachine (ContainerStateMachine.java:loadSnapshot(225)) - group-47F40364C92C: The snapshot info is null. Setting the last applied indexto:(t:0, i:~)
2020-07-09 01:19:27,566 [pool-138-thread-1] INFO  server.RaftServerConfigKeys (ConfUtils.java:logGet(44)) - raft.server.notification.no-leader.timeout = 60s (default)
2020-07-09 01:19:27,566 [pool-138-thread-1] INFO  server.RaftServerConfigKeys (ConfUtils.java:logGet(44)) - raft.server.log.use.memory = false (default)
2020-07-09 01:19:27,567 [pool-138-thread-1] INFO  server.RaftServerConfigKeys (ConfUtils.java:logGet(44)) - raft.server.log.purge.gap = 1000000 (custom)
2020-07-09 01:19:27,567 [pool-138-thread-1] INFO  server.RaftServerConfigKeys (ConfUtils.java:logGet(44)) - raft.server.log.appender.buffer.byte-limit = 33554432 (custom)
2020-07-09 01:19:27,567 [pool-138-thread-1] INFO  server.RaftServerConfigKeys (ConfUtils.java:logGet(44)) - raft.server.log.segment.size.max = 1048576 (custom)
2020-07-09 01:19:27,567 [pool-138-thread-1] INFO  metrics.RatisMetrics (RatisMetrics.java:lambda$create$0(36)) - Creating Metrics Registry : ratis.log_worker.954078f0-2330-48dc-ab29-af631119e127@group-47F40364C92C
2020-07-09 01:19:27,567 [pool-138-thread-1] INFO  server.RaftServerConfigKeys (ConfUtils.java:logGet(44)) - raft.server.log.segment.cache.num.max = 2 (custom)
2020-07-09 01:19:27,567 [pool-138-thread-1] INFO  segmented.SegmentedRaftLogWorker (SegmentedRaftLogWorker.java:<init>(180)) - new 954078f0-2330-48dc-ab29-af631119e127@group-47F40364C92C-SegmentedRaftLogWorker for RaftStorage:Storage Directory /github/workspace/mnt/ozone/hadoop-ozone/integration-test/target/test-dir/MiniOzoneClusterImpl-513b5a01-9d99-4e7a-8fe1-3ea97a28e1a0/datanode-7/data/ratis/4130ba38-13b2-4571-bced-47f40364c92c
2020-07-09 01:19:27,567 [pool-138-thread-1] INFO  server.RaftServerConfigKeys (ConfUtils.java:logGet(44)) - raft.server.log.queue.byte-limit = 2147483647 (custom)
2020-07-09 01:19:27,567 [pool-138-thread-1] INFO  server.RaftServerConfigKeys (ConfUtils.java:logGet(44)) - raft.server.log.queue.element-limit = 1024 (custom)
2020-07-09 01:19:27,567 [pool-138-thread-1] INFO  server.RaftServerConfigKeys (ConfUtils.java:logGet(44)) - raft.server.log.segment.size.max = 1048576 (custom)
2020-07-09 01:19:27,567 [pool-138-thread-1] INFO  server.RaftServerConfigKeys (ConfUtils.java:logGet(44)) - raft.server.log.preallocated.size = 16384 (custom)
2020-07-09 01:19:27,567 [pool-138-thread-1] INFO  server.RaftServerConfigKeys (ConfUtils.java:logGet(44)) - raft.server.log.write.buffer.size = 1048576 (custom)
2020-07-09 01:19:27,567 [pool-138-thread-1] INFO  server.RaftServerConfigKeys (ConfUtils.java:logGet(44)) - raft.server.log.force.sync.num = 128 (default)
2020-07-09 01:19:27,568 [pool-138-thread-1] INFO  server.RaftServerConfigKeys (ConfUtils.java:logGet(44)) - raft.server.log.statemachine.data.sync = true (default)
2020-07-09 01:19:27,568 [pool-138-thread-1] INFO  server.RaftServerConfigKeys (ConfUtils.java:logGet(44)) - raft.server.log.statemachine.data.sync.timeout = 10s (default)
2020-07-09 01:19:27,568 [pool-138-thread-1] INFO  server.RaftServerConfigKeys (ConfUtils.java:logGet(44)) - raft.server.log.statemachine.data.sync.timeout.retry = -1 (default)
2020-07-09 01:19:27,569 [pool-138-thread-1] INFO  server.RaftServerConfigKeys (ConfUtils.java:logGet(44)) - raft.server.log.statemachine.data.caching.enabled = true (custom)
2020-07-09 01:19:27,580 [pool-138-thread-1] INFO  segmented.SegmentedRaftLogWorker (SegmentedRaftLogWorker.java:lambda$new$0(129)) - 954078f0-2330-48dc-ab29-af631119e127@group-47F40364C92C-SegmentedRaftLogWorker: flushIndex: setUnconditionally 0 -> -1
2020-07-09 01:19:27,580 [pool-138-thread-1] INFO  segmented.SegmentedRaftLogWorker (SegmentedRaftLogWorker.java:lambda$new$0(129)) - 954078f0-2330-48dc-ab29-af631119e127@group-47F40364C92C-SegmentedRaftLogWorker: safeCacheEvictIndex: setUnconditionally 0 -> -1
2020-07-09 01:19:27,571 [pool-123-thread-1] INFO  storage.RaftStorage (RaftStorage.java:format(84)) - Storage directory /github/workspace/mnt/ozone/hadoop-ozone/integration-test/target/test-dir/MiniOzoneClusterImpl-513b5a01-9d99-4e7a-8fe1-3ea97a28e1a0/datanode-6/data/ratis/4130ba38-13b2-4571-bced-47f40364c92c has been successfully formatted.
2020-07-09 01:19:27,582 [pool-138-thread-1] INFO  server.RaftServerConfigKeys (ConfUtils.java:logGet(44)) - raft.server.snapshot.auto.trigger.enabled = true (custom)
2020-07-09 01:19:27,582 [pool-138-thread-1] INFO  server.RaftServerConfigKeys (ConfUtils.java:logGet(44)) - raft.server.snapshot.auto.trigger.threshold = 10000 (custom)
2020-07-09 01:19:27,582 [pool-138-thread-1] INFO  server.RaftServerConfigKeys (ConfUtils.java:logGet(44)) - raft.server.snapshot.retention.file.num = 5 (custom)
2020-07-09 01:19:27,582 [pool-138-thread-1] INFO  server.RaftServerConfigKeys (ConfUtils.java:logGet(44)) - raft.server.log.purge.upto.snapshot.index = false (default)
2020-07-09 01:19:27,582 [pool-138-thread-1] INFO  server.RaftServerConfigKeys (ConfUtils.java:logGet(44)) - raft.server.retrycache.expirytime = 600000ms (custom)
2020-07-09 01:19:27,582 [pool-138-thread-1] INFO  metrics.RatisMetrics (RatisMetrics.java:lambda$create$0(36)) - Creating Metrics Registry : ratis.leader_election.954078f0-2330-48dc-ab29-af631119e127@group-47F40364C92C
2020-07-09 01:19:27,583 [pool-138-thread-1] INFO  metrics.RatisMetrics (RatisMetrics.java:lambda$create$0(36)) - Creating Metrics Registry : ratis.server.954078f0-2330-48dc-ab29-af631119e127@group-47F40364C92C
2020-07-09 01:19:27,584 [pool-138-thread-1] INFO  impl.RaftServerImpl (RaftServerImpl.java:start(186)) - 954078f0-2330-48dc-ab29-af631119e127@group-47F40364C92C: start as a follower, conf=-1: [954078f0-2330-48dc-ab29-af631119e127:172.17.0.2:33459, 83bd9611-6e96-48be-a1bb-e26ec6efad02:172.17.0.2:36813, 98f34e18-095d-41d7-a8c8-ef1510a34e6f:172.17.0.2:37419], old=null
2020-07-09 01:19:27,584 [pool-138-thread-1] INFO  impl.RaftServerImpl (RaftServerImpl.java:setRole(175)) - 954078f0-2330-48dc-ab29-af631119e127@group-47F40364C92C: changes role from      null to FOLLOWER at term 0 for startAsFollower
2020-07-09 01:19:27,584 [pool-138-thread-1] INFO  impl.RoleInfo (RoleInfo.java:updateAndGet(143)) - 954078f0-2330-48dc-ab29-af631119e127: start FollowerState
2020-07-09 01:19:27,584 [pool-138-thread-1] INFO  util.JmxRegister (JmxRegister.java:tryRegister(44)) - Successfully registered JMX Bean with object name Ratis:service=RaftServer,group=group-47F40364C92C,id=954078f0-2330-48dc-ab29-af631119e127
2020-07-09 01:19:27,584 [pool-138-thread-1] INFO  metrics.RatisMetrics (RatisMetrics.java:lambda$create$0(36)) - Creating Metrics Registry : ratis.state_machine.954078f0-2330-48dc-ab29-af631119e127@group-47F40364C92C
2020-07-09 01:19:27,595 [pool-123-thread-1] INFO  ratis.ContainerStateMachine (ContainerStateMachine.java:loadSnapshot(225)) - group-47F40364C92C: The snapshot info is null. Setting the last applied indexto:(t:0, i:~)
2020-07-09 01:19:27,595 [pool-123-thread-1] INFO  server.RaftServerConfigKeys (ConfUtils.java:logGet(44)) - raft.server.notification.no-leader.timeout = 60s (default)
2020-07-09 01:19:27,595 [pool-123-thread-1] INFO  server.RaftServerConfigKeys (ConfUtils.java:logGet(44)) - raft.server.log.use.memory = false (default)
2020-07-09 01:19:27,595 [pool-123-thread-1] INFO  server.RaftServerConfigKeys (ConfUtils.java:logGet(44)) - raft.server.log.purge.gap = 1000000 (custom)
2020-07-09 01:19:27,595 [pool-123-thread-1] INFO  server.RaftServerConfigKeys (ConfUtils.java:logGet(44)) - raft.server.log.appender.buffer.byte-limit = 33554432 (custom)
2020-07-09 01:19:27,595 [pool-123-thread-1] INFO  server.RaftServerConfigKeys (ConfUtils.java:logGet(44)) - raft.server.log.segment.size.max = 1048576 (custom)
2020-07-09 01:19:27,595 [pool-123-thread-1] INFO  metrics.RatisMetrics (RatisMetrics.java:lambda$create$0(36)) - Creating Metrics Registry : ratis.log_worker.83bd9611-6e96-48be-a1bb-e26ec6efad02@group-47F40364C92C
2020-07-09 01:19:27,595 [pool-123-thread-1] INFO  server.RaftServerConfigKeys (ConfUtils.java:logGet(44)) - raft.server.log.segment.cache.num.max = 2 (custom)
2020-07-09 01:19:27,595 [pool-123-thread-1] INFO  segmented.SegmentedRaftLogWorker (SegmentedRaftLogWorker.java:<init>(180)) - new 83bd9611-6e96-48be-a1bb-e26ec6efad02@group-47F40364C92C-SegmentedRaftLogWorker for RaftStorage:Storage Directory /github/workspace/mnt/ozone/hadoop-ozone/integration-test/target/test-dir/MiniOzoneClusterImpl-513b5a01-9d99-4e7a-8fe1-3ea97a28e1a0/datanode-6/data/ratis/4130ba38-13b2-4571-bced-47f40364c92c
2020-07-09 01:19:27,596 [pool-123-thread-1] INFO  server.RaftServerConfigKeys (ConfUtils.java:logGet(44)) - raft.server.log.queue.byte-limit = 2147483647 (custom)
2020-07-09 01:19:27,596 [pool-123-thread-1] INFO  server.RaftServerConfigKeys (ConfUtils.java:logGet(44)) - raft.server.log.queue.element-limit = 1024 (custom)
2020-07-09 01:19:27,596 [pool-123-thread-1] INFO  server.RaftServerConfigKeys (ConfUtils.java:logGet(44)) - raft.server.log.segment.size.max = 1048576 (custom)
2020-07-09 01:19:27,596 [pool-123-thread-1] INFO  server.RaftServerConfigKeys (ConfUtils.java:logGet(44)) - raft.server.log.preallocated.size = 16384 (custom)
2020-07-09 01:19:27,596 [pool-123-thread-1] INFO  server.RaftServerConfigKeys (ConfUtils.java:logGet(44)) - raft.server.log.write.buffer.size = 1048576 (custom)
2020-07-09 01:19:27,596 [pool-123-thread-1] INFO  server.RaftServerConfigKeys (ConfUtils.java:logGet(44)) - raft.server.log.force.sync.num = 128 (default)
2020-07-09 01:19:27,596 [pool-123-thread-1] INFO  server.RaftServerConfigKeys (ConfUtils.java:logGet(44)) - raft.server.log.statemachine.data.sync = true (default)
2020-07-09 01:19:27,596 [pool-123-thread-1] INFO  server.RaftServerConfigKeys (ConfUtils.java:logGet(44)) - raft.server.log.statemachine.data.sync.timeout = 10s (default)
2020-07-09 01:19:27,596 [pool-123-thread-1] INFO  server.RaftServerConfigKeys (ConfUtils.java:logGet(44)) - raft.server.log.statemachine.data.sync.timeout.retry = -1 (default)
2020-07-09 01:19:27,598 [pool-123-thread-1] INFO  server.RaftServerConfigKeys (ConfUtils.java:logGet(44)) - raft.server.log.statemachine.data.caching.enabled = true (custom)
2020-07-09 01:19:27,598 [pool-123-thread-1] INFO  segmented.SegmentedRaftLogWorker (SegmentedRaftLogWorker.java:lambda$new$0(129)) - 83bd9611-6e96-48be-a1bb-e26ec6efad02@group-47F40364C92C-SegmentedRaftLogWorker: flushIndex: setUnconditionally 0 -> -1
2020-07-09 01:19:27,598 [pool-123-thread-1] INFO  segmented.SegmentedRaftLogWorker (SegmentedRaftLogWorker.java:lambda$new$0(129)) - 83bd9611-6e96-48be-a1bb-e26ec6efad02@group-47F40364C92C-SegmentedRaftLogWorker: safeCacheEvictIndex: setUnconditionally 0 -> -1
2020-07-09 01:19:27,599 [pool-123-thread-1] INFO  server.RaftServerConfigKeys (ConfUtils.java:logGet(44)) - raft.server.snapshot.auto.trigger.enabled = true (custom)
2020-07-09 01:19:27,599 [pool-123-thread-1] INFO  server.RaftServerConfigKeys (ConfUtils.java:logGet(44)) - raft.server.snapshot.auto.trigger.threshold = 10000 (custom)
2020-07-09 01:19:27,600 [pool-123-thread-1] INFO  server.RaftServerConfigKeys (ConfUtils.java:logGet(44)) - raft.server.snapshot.retention.file.num = 5 (custom)
2020-07-09 01:19:27,600 [pool-123-thread-1] INFO  server.RaftServerConfigKeys (ConfUtils.java:logGet(44)) - raft.server.log.purge.upto.snapshot.index = false (default)
2020-07-09 01:19:27,600 [pool-123-thread-1] INFO  server.RaftServerConfigKeys (ConfUtils.java:logGet(44)) - raft.server.retrycache.expirytime = 600000ms (custom)
2020-07-09 01:19:27,600 [pool-123-thread-1] INFO  metrics.RatisMetrics (RatisMetrics.java:lambda$create$0(36)) - Creating Metrics Registry : ratis.leader_election.83bd9611-6e96-48be-a1bb-e26ec6efad02@group-47F40364C92C
2020-07-09 01:19:27,600 [pool-123-thread-1] INFO  metrics.RatisMetrics (RatisMetrics.java:lambda$create$0(36)) - Creating Metrics Registry : ratis.server.83bd9611-6e96-48be-a1bb-e26ec6efad02@group-47F40364C92C
2020-07-09 01:19:27,601 [pool-123-thread-1] INFO  impl.RaftServerImpl (RaftServerImpl.java:start(186)) - 83bd9611-6e96-48be-a1bb-e26ec6efad02@group-47F40364C92C: start as a follower, conf=-1: [954078f0-2330-48dc-ab29-af631119e127:172.17.0.2:33459, 83bd9611-6e96-48be-a1bb-e26ec6efad02:172.17.0.2:36813, 98f34e18-095d-41d7-a8c8-ef1510a34e6f:172.17.0.2:37419], old=null
2020-07-09 01:19:27,601 [pool-123-thread-1] INFO  impl.RaftServerImpl (RaftServerImpl.java:setRole(175)) - 83bd9611-6e96-48be-a1bb-e26ec6efad02@group-47F40364C92C: changes role from      null to FOLLOWER at term 0 for startAsFollower
2020-07-09 01:19:27,601 [pool-123-thread-1] INFO  impl.RoleInfo (RoleInfo.java:updateAndGet(143)) - 83bd9611-6e96-48be-a1bb-e26ec6efad02: start FollowerState
2020-07-09 01:19:27,602 [pool-123-thread-1] INFO  util.JmxRegister (JmxRegister.java:tryRegister(44)) - Successfully registered JMX Bean with object name Ratis:service=RaftServer,group=group-47F40364C92C,id=83bd9611-6e96-48be-a1bb-e26ec6efad02
2020-07-09 01:19:27,602 [pool-123-thread-1] INFO  metrics.RatisMetrics (RatisMetrics.java:lambda$create$0(36)) - Creating Metrics Registry : ratis.state_machine.83bd9611-6e96-48be-a1bb-e26ec6efad02@group-47F40364C92C
2020-07-09 01:19:27,915 [Command processor thread] INFO  commandhandler.CreatePipelineCommandHandler (CreatePipelineCommandHandler.java:handle(109)) - Created Pipeline RATIS THREE #id: "9383e73a-41af-40e3-9896-b75f79988d48"
uuid128 {
  mostSigBits: -7817150290788925213
  leastSigBits: -7451566912748090040
}
.
2020-07-09 01:19:27,917 [Command processor thread] INFO  commandhandler.CreatePipelineCommandHandler (CreatePipelineCommandHandler.java:handle(109)) - Created Pipeline RATIS THREE #id: "e2c8be27-5b87-40ea-b7f7-ede382ce3e00"
uuid128 {
  mostSigBits: -2105223749547114262
  leastSigBits: -5190418484113293824
}
.
2020-07-09 01:19:27,946 [Command processor thread] INFO  commandhandler.CreatePipelineCommandHandler (CreatePipelineCommandHandler.java:handle(109)) - Created Pipeline RATIS THREE #id: "e2c8be27-5b87-40ea-b7f7-ede382ce3e00"
uuid128 {
  mostSigBits: -2105223749547114262
  leastSigBits: -5190418484113293824
}
.
2020-07-09 01:19:27,981 [Command processor thread] INFO  commandhandler.CreatePipelineCommandHandler (CreatePipelineCommandHandler.java:handle(109)) - Created Pipeline RATIS THREE #id: "4130ba38-13b2-4571-bced-47f40364c92c"
uuid128 {
  mostSigBits: 4697459161358812529
  leastSigBits: -4833127711744145108
}
.
2020-07-09 01:19:27,982 [Command processor thread] INFO  commandhandler.CreatePipelineCommandHandler (CreatePipelineCommandHandler.java:handle(109)) - Created Pipeline RATIS THREE #id: "e2c8be27-5b87-40ea-b7f7-ede382ce3e00"
uuid128 {
  mostSigBits: -2105223749547114262
  leastSigBits: -5190418484113293824
}
.
2020-07-09 01:19:27,985 [Command processor thread] INFO  commandhandler.CreatePipelineCommandHandler (CreatePipelineCommandHandler.java:handle(109)) - Created Pipeline RATIS THREE #id: "9383e73a-41af-40e3-9896-b75f79988d48"
uuid128 {
  mostSigBits: -7817150290788925213
  leastSigBits: -7451566912748090040
}
.
2020-07-09 01:19:27,985 [Command processor thread] INFO  commandhandler.CreatePipelineCommandHandler (CreatePipelineCommandHandler.java:handle(109)) - Created Pipeline RATIS THREE #id: "4130ba38-13b2-4571-bced-47f40364c92c"
uuid128 {
  mostSigBits: 4697459161358812529
  leastSigBits: -4833127711744145108
}
.
2020-07-09 01:19:27,985 [Command processor thread] INFO  commandhandler.CreatePipelineCommandHandler (CreatePipelineCommandHandler.java:handle(109)) - Created Pipeline RATIS THREE #id: "9383e73a-41af-40e3-9896-b75f79988d48"
uuid128 {
  mostSigBits: -7817150290788925213
  leastSigBits: -7451566912748090040
}
.
2020-07-09 01:19:27,990 [Command processor thread] INFO  commandhandler.CreatePipelineCommandHandler (CreatePipelineCommandHandler.java:handle(109)) - Created Pipeline RATIS THREE #id: "4130ba38-13b2-4571-bced-47f40364c92c"
uuid128 {
  mostSigBits: 4697459161358812529
  leastSigBits: -4833127711744145108
}
.
2020-07-09 01:19:28,372 [Listener at 127.0.0.1/39385] INFO  ozone.MiniOzoneClusterImpl (MiniOzoneClusterImpl.java:lambda$waitForClusterToBeReady$0(177)) - Nodes are ready. Got 9 of 9 DN Heartbeats.
2020-07-09 01:19:28,373 [Listener at 127.0.0.1/39385] INFO  ozone.MiniOzoneClusterImpl (MiniOzoneClusterImpl.java:lambda$waitForClusterToBeReady$0(180)) - Waiting for cluster to exit safe mode
2020-07-09 01:19:29,373 [Listener at 127.0.0.1/39385] INFO  ozone.MiniOzoneClusterImpl (MiniOzoneClusterImpl.java:lambda$waitForClusterToBeReady$0(177)) - Nodes are ready. Got 9 of 9 DN Heartbeats.
2020-07-09 01:19:29,373 [Listener at 127.0.0.1/39385] INFO  ozone.MiniOzoneClusterImpl (MiniOzoneClusterImpl.java:lambda$waitForClusterToBeReady$0(180)) - Waiting for cluster to exit safe mode
2020-07-09 01:19:30,373 [Listener at 127.0.0.1/39385] INFO  ozone.MiniOzoneClusterImpl (MiniOzoneClusterImpl.java:lambda$waitForClusterToBeReady$0(177)) - Nodes are ready. Got 9 of 9 DN Heartbeats.
2020-07-09 01:19:30,374 [Listener at 127.0.0.1/39385] INFO  ozone.MiniOzoneClusterImpl (MiniOzoneClusterImpl.java:lambda$waitForClusterToBeReady$0(180)) - Waiting for cluster to exit safe mode
2020-07-09 01:19:31,374 [Listener at 127.0.0.1/39385] INFO  ozone.MiniOzoneClusterImpl (MiniOzoneClusterImpl.java:lambda$waitForClusterToBeReady$0(177)) - Nodes are ready. Got 9 of 9 DN Heartbeats.
2020-07-09 01:19:31,374 [Listener at 127.0.0.1/39385] INFO  ozone.MiniOzoneClusterImpl (MiniOzoneClusterImpl.java:lambda$waitForClusterToBeReady$0(180)) - Waiting for cluster to exit safe mode
2020-07-09 01:19:31,857 [Thread-256] INFO  impl.FollowerState (FollowerState.java:run(108)) - c506d153-aba5-44d6-9bcb-0e1026c6c6c2@group-319BACB3A4E2-FollowerState: change to CANDIDATE, lastRpcTime:5040ms, electionTimeout:5037ms
2020-07-09 01:19:31,859 [Thread-256] INFO  impl.RoleInfo (RoleInfo.java:shutdownFollowerState(121)) - c506d153-aba5-44d6-9bcb-0e1026c6c6c2: shutdown FollowerState
2020-07-09 01:19:31,859 [Thread-256] INFO  impl.RaftServerImpl (RaftServerImpl.java:setRole(175)) - c506d153-aba5-44d6-9bcb-0e1026c6c6c2@group-319BACB3A4E2: changes role from  FOLLOWER to CANDIDATE at term 0 for changeToCandidate
2020-07-09 01:19:31,861 [Thread-256] INFO  impl.RoleInfo (RoleInfo.java:updateAndGet(143)) - c506d153-aba5-44d6-9bcb-0e1026c6c6c2: start LeaderElection
2020-07-09 01:19:31,865 [c506d153-aba5-44d6-9bcb-0e1026c6c6c2@group-319BACB3A4E2-LeaderElection1] INFO  impl.LeaderElection (LeaderElection.java:askForVotes(206)) - c506d153-aba5-44d6-9bcb-0e1026c6c6c2@group-319BACB3A4E2-LeaderElection1: begin an election at term 1 for -1: [c506d153-aba5-44d6-9bcb-0e1026c6c6c2:172.17.0.2:41753], old=null
2020-07-09 01:19:31,866 [c506d153-aba5-44d6-9bcb-0e1026c6c6c2@group-319BACB3A4E2-LeaderElection1] INFO  impl.RoleInfo (RoleInfo.java:shutdownLeaderElection(134)) - c506d153-aba5-44d6-9bcb-0e1026c6c6c2: shutdown LeaderElection
2020-07-09 01:19:31,867 [c506d153-aba5-44d6-9bcb-0e1026c6c6c2@group-319BACB3A4E2-LeaderElection1] INFO  impl.RaftServerImpl (RaftServerImpl.java:setRole(175)) - c506d153-aba5-44d6-9bcb-0e1026c6c6c2@group-319BACB3A4E2: changes role from CANDIDATE to LEADER at term 1 for changeToLeader
2020-07-09 01:19:31,867 [c506d153-aba5-44d6-9bcb-0e1026c6c6c2@group-319BACB3A4E2-LeaderElection1] INFO  ratis.XceiverServerRatis (XceiverServerRatis.java:handleLeaderChangedNotification(762)) - Leader change notification received for group: group-319BACB3A4E2 with new leaderId: c506d153-aba5-44d6-9bcb-0e1026c6c6c2
2020-07-09 01:19:31,869 [c506d153-aba5-44d6-9bcb-0e1026c6c6c2@group-319BACB3A4E2-LeaderElection1] INFO  impl.RaftServerImpl (ServerState.java:setLeader(255)) - c506d153-aba5-44d6-9bcb-0e1026c6c6c2@group-319BACB3A4E2: change Leader from null to c506d153-aba5-44d6-9bcb-0e1026c6c6c2 at term 1 for becomeLeader, leader elected after 5149ms
2020-07-09 01:19:31,877 [c506d153-aba5-44d6-9bcb-0e1026c6c6c2@group-319BACB3A4E2-LeaderElection1] INFO  server.RaftServerConfigKeys (ConfUtils.java:logGet(44)) - raft.server.staging.catchup.gap = 1000 (default)
2020-07-09 01:19:31,877 [c506d153-aba5-44d6-9bcb-0e1026c6c6c2@group-319BACB3A4E2-LeaderElection1] INFO  server.RaftServerConfigKeys (ConfUtils.java:logGet(44)) - raft.server.rpc.sleep.time = 25ms (default)
2020-07-09 01:19:31,879 [c506d153-aba5-44d6-9bcb-0e1026c6c6c2@group-319BACB3A4E2-LeaderElection1] INFO  metrics.RatisMetrics (RatisMetrics.java:lambda$create$0(36)) - Creating Metrics Registry : ratis.log_appender.c506d153-aba5-44d6-9bcb-0e1026c6c6c2@group-319BACB3A4E2
2020-07-09 01:19:31,881 [c506d153-aba5-44d6-9bcb-0e1026c6c6c2@group-319BACB3A4E2-LeaderElection1] INFO  server.RaftServerConfigKeys (ConfUtils.java:logGet(44)) - raft.server.write.element-limit = 1024 (custom)
2020-07-09 01:19:31,882 [c506d153-aba5-44d6-9bcb-0e1026c6c6c2@group-319BACB3A4E2-LeaderElection1] INFO  server.RaftServerConfigKeys (ConfUtils.java:logGet(44)) - raft.server.write.byte-limit = 1073741824 (custom)
2020-07-09 01:19:31,889 [c506d153-aba5-44d6-9bcb-0e1026c6c6c2@group-319BACB3A4E2-LeaderElection1] INFO  server.RaftServerConfigKeys (ConfUtils.java:logGet(44)) - raft.server.watch.timeout = 3000ms (custom)
2020-07-09 01:19:31,889 [c506d153-aba5-44d6-9bcb-0e1026c6c6c2@group-319BACB3A4E2-LeaderElection1] INFO  server.RaftServerConfigKeys (ConfUtils.java:logGet(44)) - raft.server.watch.timeout.denomination = 1s (default)
2020-07-09 01:19:31,890 [c506d153-aba5-44d6-9bcb-0e1026c6c6c2@group-319BACB3A4E2-LeaderElection1] INFO  server.RaftServerConfigKeys (ConfUtils.java:logGet(44)) - raft.server.watch.element-limit = 65536 (default)
2020-07-09 01:19:31,895 [c506d153-aba5-44d6-9bcb-0e1026c6c6c2@group-319BACB3A4E2-LeaderElection1] INFO  impl.RoleInfo (RoleInfo.java:updateAndGet(143)) - c506d153-aba5-44d6-9bcb-0e1026c6c6c2: start LeaderState
2020-07-09 01:19:31,912 [c506d153-aba5-44d6-9bcb-0e1026c6c6c2@group-319BACB3A4E2-LeaderElection1] INFO  segmented.SegmentedRaftLogWorker (SegmentedRaftLogWorker.java:startLogSegment(397)) - c506d153-aba5-44d6-9bcb-0e1026c6c6c2@group-319BACB3A4E2-SegmentedRaftLogWorker: Starting segment from index:0
2020-07-09 01:19:31,928 [c506d153-aba5-44d6-9bcb-0e1026c6c6c2@group-319BACB3A4E2-LeaderElection1] INFO  impl.RaftServerImpl (ServerState.java:setRaftConf(356)) - c506d153-aba5-44d6-9bcb-0e1026c6c6c2@group-319BACB3A4E2: set configuration 0: [c506d153-aba5-44d6-9bcb-0e1026c6c6c2:172.17.0.2:41753], old=null at 0
2020-07-09 01:19:31,950 [Thread-262] INFO  impl.FollowerState (FollowerState.java:run(108)) - 3bb671d4-7f90-4750-a753-fc4fc647587c@group-EDE382CE3E00-FollowerState: change to CANDIDATE, lastRpcTime:5011ms, electionTimeout:5002ms
2020-07-09 01:19:31,952 [Thread-262] INFO  impl.RoleInfo (RoleInfo.java:shutdownFollowerState(121)) - 3bb671d4-7f90-4750-a753-fc4fc647587c: shutdown FollowerState
2020-07-09 01:19:31,952 [Thread-262] INFO  impl.RaftServerImpl (RaftServerImpl.java:setRole(175)) - 3bb671d4-7f90-4750-a753-fc4fc647587c@group-EDE382CE3E00: changes role from  FOLLOWER to CANDIDATE at term 0 for changeToCandidate
2020-07-09 01:19:31,952 [Thread-262] INFO  impl.RoleInfo (RoleInfo.java:updateAndGet(143)) - 3bb671d4-7f90-4750-a753-fc4fc647587c: start LeaderElection
2020-07-09 01:19:31,954 [Thread-258] INFO  impl.FollowerState (FollowerState.java:run(108)) - 3bb671d4-7f90-4750-a753-fc4fc647587c@group-B41B5B96A483-FollowerState: change to CANDIDATE, lastRpcTime:5099ms, electionTimeout:5082ms
2020-07-09 01:19:31,954 [Thread-258] INFO  impl.RoleInfo (RoleInfo.java:shutdownFollowerState(121)) - 3bb671d4-7f90-4750-a753-fc4fc647587c: shutdown FollowerState
2020-07-09 01:19:31,954 [Thread-258] INFO  impl.RaftServerImpl (RaftServerImpl.java:setRole(175)) - 3bb671d4-7f90-4750-a753-fc4fc647587c@group-B41B5B96A483: changes role from  FOLLOWER to CANDIDATE at term 0 for changeToCandidate
2020-07-09 01:19:31,954 [Thread-258] INFO  impl.RoleInfo (RoleInfo.java:updateAndGet(143)) - 3bb671d4-7f90-4750-a753-fc4fc647587c: start LeaderElection
2020-07-09 01:19:31,964 [3bb671d4-7f90-4750-a753-fc4fc647587c@group-EDE382CE3E00-LeaderElection2] INFO  impl.LeaderElection (LeaderElection.java:askForVotes(206)) - 3bb671d4-7f90-4750-a753-fc4fc647587c@group-EDE382CE3E00-LeaderElection2: begin an election at term 1 for -1: [c506d153-aba5-44d6-9bcb-0e1026c6c6c2:172.17.0.2:41753, 6364e981-304f-41bf-bc01-7b1ff98cc952:172.17.0.2:34653, 3bb671d4-7f90-4750-a753-fc4fc647587c:172.17.0.2:36973], old=null
2020-07-09 01:19:31,967 [3bb671d4-7f90-4750-a753-fc4fc647587c@group-B41B5B96A483-LeaderElection3] INFO  impl.LeaderElection (LeaderElection.java:askForVotes(206)) - 3bb671d4-7f90-4750-a753-fc4fc647587c@group-B41B5B96A483-LeaderElection3: begin an election at term 1 for -1: [3bb671d4-7f90-4750-a753-fc4fc647587c:172.17.0.2:36973], old=null
2020-07-09 01:19:31,968 [3bb671d4-7f90-4750-a753-fc4fc647587c@group-B41B5B96A483-LeaderElection3] INFO  impl.RoleInfo (RoleInfo.java:shutdownLeaderElection(134)) - 3bb671d4-7f90-4750-a753-fc4fc647587c: shutdown LeaderElection
2020-07-09 01:19:31,968 [3bb671d4-7f90-4750-a753-fc4fc647587c@group-B41B5B96A483-LeaderElection3] INFO  impl.RaftServerImpl (RaftServerImpl.java:setRole(175)) - 3bb671d4-7f90-4750-a753-fc4fc647587c@group-B41B5B96A483: changes role from CANDIDATE to LEADER at term 1 for changeToLeader
2020-07-09 01:19:31,968 [3bb671d4-7f90-4750-a753-fc4fc647587c@group-B41B5B96A483-LeaderElection3] INFO  ratis.XceiverServerRatis (XceiverServerRatis.java:handleLeaderChangedNotification(762)) - Leader change notification received for group: group-B41B5B96A483 with new leaderId: 3bb671d4-7f90-4750-a753-fc4fc647587c
2020-07-09 01:19:31,968 [3bb671d4-7f90-4750-a753-fc4fc647587c@group-B41B5B96A483-LeaderElection3] INFO  impl.RaftServerImpl (ServerState.java:setLeader(255)) - 3bb671d4-7f90-4750-a753-fc4fc647587c@group-B41B5B96A483: change Leader from null to 3bb671d4-7f90-4750-a753-fc4fc647587c at term 1 for becomeLeader, leader elected after 5122ms
2020-07-09 01:19:31,968 [3bb671d4-7f90-4750-a753-fc4fc647587c@group-B41B5B96A483-LeaderElection3] INFO  server.RaftServerConfigKeys (ConfUtils.java:logGet(44)) - raft.server.staging.catchup.gap = 1000 (default)
2020-07-09 01:19:31,968 [3bb671d4-7f90-4750-a753-fc4fc647587c@group-B41B5B96A483-LeaderElection3] INFO  server.RaftServerConfigKeys (ConfUtils.java:logGet(44)) - raft.server.rpc.sleep.time = 25ms (default)
2020-07-09 01:19:31,969 [3bb671d4-7f90-4750-a753-fc4fc647587c@group-B41B5B96A483-LeaderElection3] INFO  metrics.RatisMetrics (RatisMetrics.java:lambda$create$0(36)) - Creating Metrics Registry : ratis.log_appender.3bb671d4-7f90-4750-a753-fc4fc647587c@group-B41B5B96A483
2020-07-09 01:19:31,969 [3bb671d4-7f90-4750-a753-fc4fc647587c@group-B41B5B96A483-LeaderElection3] INFO  server.RaftServerConfigKeys (ConfUtils.java:logGet(44)) - raft.server.write.element-limit = 1024 (custom)
2020-07-09 01:19:31,969 [3bb671d4-7f90-4750-a753-fc4fc647587c@group-B41B5B96A483-LeaderElection3] INFO  server.RaftServerConfigKeys (ConfUtils.java:logGet(44)) - raft.server.write.byte-limit = 1073741824 (custom)
2020-07-09 01:19:31,970 [3bb671d4-7f90-4750-a753-fc4fc647587c@group-B41B5B96A483-LeaderElection3] INFO  server.RaftServerConfigKeys (ConfUtils.java:logGet(44)) - raft.server.watch.timeout = 3000ms (custom)
2020-07-09 01:19:31,970 [3bb671d4-7f90-4750-a753-fc4fc647587c@group-B41B5B96A483-LeaderElection3] INFO  server.RaftServerConfigKeys (ConfUtils.java:logGet(44)) - raft.server.watch.timeout.denomination = 1s (default)
2020-07-09 01:19:31,970 [3bb671d4-7f90-4750-a753-fc4fc647587c@group-B41B5B96A483-LeaderElection3] INFO  server.RaftServerConfigKeys (ConfUtils.java:logGet(44)) - raft.server.watch.element-limit = 65536 (default)
2020-07-09 01:19:31,970 [3bb671d4-7f90-4750-a753-fc4fc647587c@group-B41B5B96A483-LeaderElection3] INFO  impl.RoleInfo (RoleInfo.java:updateAndGet(143)) - 3bb671d4-7f90-4750-a753-fc4fc647587c: start LeaderState
2020-07-09 01:19:31,970 [3bb671d4-7f90-4750-a753-fc4fc647587c@group-B41B5B96A483-LeaderElection3] INFO  segmented.SegmentedRaftLogWorker (SegmentedRaftLogWorker.java:startLogSegment(397)) - 3bb671d4-7f90-4750-a753-fc4fc647587c@group-B41B5B96A483-SegmentedRaftLogWorker: Starting segment from index:0
2020-07-09 01:19:31,992 [3bb671d4-7f90-4750-a753-fc4fc647587c@group-B41B5B96A483-LeaderElection3] INFO  impl.RaftServerImpl (ServerState.java:setRaftConf(356)) - 3bb671d4-7f90-4750-a753-fc4fc647587c@group-B41B5B96A483: set configuration 0: [3bb671d4-7f90-4750-a753-fc4fc647587c:172.17.0.2:36973], old=null at 0
2020-07-09 01:19:32,010 [grpc-default-executor-4] DEBUG impl.RaftServerImpl (RaftServerImpl.java:requestVote(821)) - 6364e981-304f-41bf-bc01-7b1ff98cc952@group-EDE382CE3E00: receive requestVote(3bb671d4-7f90-4750-a753-fc4fc647587c, group-EDE382CE3E00, 1, (t:0, i:0))
2020-07-09 01:19:32,012 [grpc-default-executor-4] INFO  impl.RaftServerImpl (RaftServerImpl.java:setRole(175)) - 6364e981-304f-41bf-bc01-7b1ff98cc952@group-EDE382CE3E00: changes role from  FOLLOWER to FOLLOWER at term 1 for recognizeCandidate:3bb671d4-7f90-4750-a753-fc4fc647587c
2020-07-09 01:19:32,013 [grpc-default-executor-4] INFO  impl.RoleInfo (RoleInfo.java:shutdownFollowerState(121)) - 6364e981-304f-41bf-bc01-7b1ff98cc952: shutdown FollowerState
2020-07-09 01:19:32,013 [Thread-266] INFO  impl.FollowerState (FollowerState.java:run(117)) - 6364e981-304f-41bf-bc01-7b1ff98cc952@group-EDE382CE3E00-FollowerState was interrupted: java.lang.InterruptedException: sleep interrupted
2020-07-09 01:19:32,013 [grpc-default-executor-4] INFO  impl.RoleInfo (RoleInfo.java:updateAndGet(143)) - 6364e981-304f-41bf-bc01-7b1ff98cc952: start FollowerState
2020-07-09 01:19:32,015 [grpc-default-executor-2] DEBUG impl.RaftServerImpl (RaftServerImpl.java:requestVote(821)) - c506d153-aba5-44d6-9bcb-0e1026c6c6c2@group-EDE382CE3E00: receive requestVote(3bb671d4-7f90-4750-a753-fc4fc647587c, group-EDE382CE3E00, 1, (t:0, i:0))
2020-07-09 01:19:32,017 [grpc-default-executor-2] INFO  impl.RaftServerImpl (RaftServerImpl.java:setRole(175)) - c506d153-aba5-44d6-9bcb-0e1026c6c6c2@group-EDE382CE3E00: changes role from  FOLLOWER to FOLLOWER at term 1 for recognizeCandidate:3bb671d4-7f90-4750-a753-fc4fc647587c
2020-07-09 01:19:32,017 [grpc-default-executor-2] INFO  impl.RoleInfo (RoleInfo.java:shutdownFollowerState(121)) - c506d153-aba5-44d6-9bcb-0e1026c6c6c2: shutdown FollowerState
2020-07-09 01:19:32,017 [grpc-default-executor-2] INFO  impl.RoleInfo (RoleInfo.java:updateAndGet(143)) - c506d153-aba5-44d6-9bcb-0e1026c6c6c2: start FollowerState
2020-07-09 01:19:32,018 [Thread-261] INFO  impl.FollowerState (FollowerState.java:run(117)) - c506d153-aba5-44d6-9bcb-0e1026c6c6c2@group-EDE382CE3E00-FollowerState was interrupted: java.lang.InterruptedException: sleep interrupted
2020-07-09 01:19:32,025 [grpc-default-executor-2] DEBUG impl.RaftServerImpl (RaftServerImpl.java:requestVote(853)) - c506d153-aba5-44d6-9bcb-0e1026c6c6c2@group-EDE382CE3E00 replies to vote request: 3bb671d4-7f90-4750-a753-fc4fc647587c<-c506d153-aba5-44d6-9bcb-0e1026c6c6c2#0:OK-t1. Peer's state: c506d153-aba5-44d6-9bcb-0e1026c6c6c2@group-EDE382CE3E00:t1, leader=null, voted=3bb671d4-7f90-4750-a753-fc4fc647587c, raftlog=c506d153-aba5-44d6-9bcb-0e1026c6c6c2@group-EDE382CE3E00-SegmentedRaftLog:OPENED:c-1,f-1,i0, conf=-1: [c506d153-aba5-44d6-9bcb-0e1026c6c6c2:172.17.0.2:41753, 6364e981-304f-41bf-bc01-7b1ff98cc952:172.17.0.2:34653, 3bb671d4-7f90-4750-a753-fc4fc647587c:172.17.0.2:36973], old=null
2020-07-09 01:19:32,026 [grpc-default-executor-4] DEBUG impl.RaftServerImpl (RaftServerImpl.java:requestVote(853)) - 6364e981-304f-41bf-bc01-7b1ff98cc952@group-EDE382CE3E00 replies to vote request: 3bb671d4-7f90-4750-a753-fc4fc647587c<-6364e981-304f-41bf-bc01-7b1ff98cc952#0:OK-t1. Peer's state: 6364e981-304f-41bf-bc01-7b1ff98cc952@group-EDE382CE3E00:t1, leader=null, voted=3bb671d4-7f90-4750-a753-fc4fc647587c, raftlog=6364e981-304f-41bf-bc01-7b1ff98cc952@group-EDE382CE3E00-SegmentedRaftLog:OPENED:c-1,f-1,i0, conf=-1: [c506d153-aba5-44d6-9bcb-0e1026c6c6c2:172.17.0.2:41753, 6364e981-304f-41bf-bc01-7b1ff98cc952:172.17.0.2:34653, 3bb671d4-7f90-4750-a753-fc4fc647587c:172.17.0.2:36973], old=null
2020-07-09 01:19:32,047 [3bb671d4-7f90-4750-a753-fc4fc647587c@group-EDE382CE3E00-LeaderElection2] INFO  impl.LeaderElection (LeaderElection.java:logAndReturn(61)) - 3bb671d4-7f90-4750-a753-fc4fc647587c@group-EDE382CE3E00-LeaderElection2: Election PASSED; received 1 response(s) [3bb671d4-7f90-4750-a753-fc4fc647587c<-c506d153-aba5-44d6-9bcb-0e1026c6c6c2#0:OK-t1] and 0 exception(s); 3bb671d4-7f90-4750-a753-fc4fc647587c@group-EDE382CE3E00:t1, leader=null, voted=3bb671d4-7f90-4750-a753-fc4fc647587c, raftlog=3bb671d4-7f90-4750-a753-fc4fc647587c@group-EDE382CE3E00-SegmentedRaftLog:OPENED:c-1,f-1,i0, conf=-1: [c506d153-aba5-44d6-9bcb-0e1026c6c6c2:172.17.0.2:41753, 6364e981-304f-41bf-bc01-7b1ff98cc952:172.17.0.2:34653, 3bb671d4-7f90-4750-a753-fc4fc647587c:172.17.0.2:36973], old=null
2020-07-09 01:19:32,048 [3bb671d4-7f90-4750-a753-fc4fc647587c@group-EDE382CE3E00-LeaderElection2] INFO  impl.RoleInfo (RoleInfo.java:shutdownLeaderElection(134)) - 3bb671d4-7f90-4750-a753-fc4fc647587c: shutdown LeaderElection
2020-07-09 01:19:32,048 [3bb671d4-7f90-4750-a753-fc4fc647587c@group-EDE382CE3E00-LeaderElection2] INFO  impl.RaftServerImpl (RaftServerImpl.java:setRole(175)) - 3bb671d4-7f90-4750-a753-fc4fc647587c@group-EDE382CE3E00: changes role from CANDIDATE to LEADER at term 1 for changeToLeader
2020-07-09 01:19:32,048 [3bb671d4-7f90-4750-a753-fc4fc647587c@group-EDE382CE3E00-LeaderElection2] INFO  ratis.XceiverServerRatis (XceiverServerRatis.java:handleLeaderChangedNotification(762)) - Leader change notification received for group: group-EDE382CE3E00 with new leaderId: 3bb671d4-7f90-4750-a753-fc4fc647587c
2020-07-09 01:19:32,048 [3bb671d4-7f90-4750-a753-fc4fc647587c@group-EDE382CE3E00-LeaderElection2] INFO  impl.RaftServerImpl (ServerState.java:setLeader(255)) - 3bb671d4-7f90-4750-a753-fc4fc647587c@group-EDE382CE3E00: change Leader from null to 3bb671d4-7f90-4750-a753-fc4fc647587c at term 1 for becomeLeader, leader elected after 5167ms
2020-07-09 01:19:32,048 [3bb671d4-7f90-4750-a753-fc4fc647587c@group-EDE382CE3E00-LeaderElection2] INFO  server.RaftServerConfigKeys (ConfUtils.java:logGet(44)) - raft.server.staging.catchup.gap = 1000 (default)
2020-07-09 01:19:32,048 [3bb671d4-7f90-4750-a753-fc4fc647587c@group-EDE382CE3E00-LeaderElection2] INFO  server.RaftServerConfigKeys (ConfUtils.java:logGet(44)) - raft.server.rpc.sleep.time = 25ms (default)
2020-07-09 01:19:32,049 [3bb671d4-7f90-4750-a753-fc4fc647587c@group-EDE382CE3E00-LeaderElection2] INFO  metrics.RatisMetrics (RatisMetrics.java:lambda$create$0(36)) - Creating Metrics Registry : ratis.log_appender.3bb671d4-7f90-4750-a753-fc4fc647587c@group-EDE382CE3E00
2020-07-09 01:19:32,049 [3bb671d4-7f90-4750-a753-fc4fc647587c@group-EDE382CE3E00-LeaderElection2] INFO  server.RaftServerConfigKeys (ConfUtils.java:logGet(44)) - raft.server.write.element-limit = 1024 (custom)
2020-07-09 01:19:32,049 [3bb671d4-7f90-4750-a753-fc4fc647587c@group-EDE382CE3E00-LeaderElection2] INFO  server.RaftServerConfigKeys (ConfUtils.java:logGet(44)) - raft.server.write.byte-limit = 1073741824 (custom)
2020-07-09 01:19:32,049 [3bb671d4-7f90-4750-a753-fc4fc647587c@group-EDE382CE3E00-LeaderElection2] INFO  server.RaftServerConfigKeys (ConfUtils.java:logGet(44)) - raft.server.watch.timeout = 3000ms (custom)
2020-07-09 01:19:32,049 [3bb671d4-7f90-4750-a753-fc4fc647587c@group-EDE382CE3E00-LeaderElection2] INFO  server.RaftServerConfigKeys (ConfUtils.java:logGet(44)) - raft.server.watch.timeout.denomination = 1s (default)
2020-07-09 01:19:32,049 [3bb671d4-7f90-4750-a753-fc4fc647587c@group-EDE382CE3E00-LeaderElection2] INFO  server.RaftServerConfigKeys (ConfUtils.java:logGet(44)) - raft.server.watch.element-limit = 65536 (default)
2020-07-09 01:19:32,052 [EventQueue-PipelineReportForPipelineReportHandler] INFO  pipeline.PipelineStateManager (PipelineStateManager.java:openPipeline(131)) - Pipeline Pipeline[ Id: e2c8be27-5b87-40ea-b7f7-ede382ce3e00, Nodes: 3bb671d4-7f90-4750-a753-fc4fc647587c{ip: 172.17.0.2, host: 848e8b8fb74f, networkLocation: /default-rack, certSerialId: null}6364e981-304f-41bf-bc01-7b1ff98cc952{ip: 172.17.0.2, host: 848e8b8fb74f, networkLocation: /default-rack, certSerialId: null}c506d153-aba5-44d6-9bcb-0e1026c6c6c2{ip: 172.17.0.2, host: 848e8b8fb74f, networkLocation: /default-rack, certSerialId: null}, Type:RATIS, Factor:THREE, State:ALLOCATED, leaderId:3bb671d4-7f90-4750-a753-fc4fc647587c, CreationTimestamp2020-07-09T01:19:23.916Z] moved to OPEN state
2020-07-09 01:19:32,053 [EventQueue-OpenPipelineForHealthyPipelineSafeModeRule] INFO  safemode.SCMSafeModeManager (HealthyPipelineSafeModeRule.java:process(129)) - SCM in safe mode. Healthy pipelines reported count is 1, required healthy pipeline reported count is 1
2020-07-09 01:19:32,053 [EventQueue-OpenPipelineForHealthyPipelineSafeModeRule] INFO  safemode.SCMSafeModeManager (SCMSafeModeManager.java:validateSafeModeExitRules(214)) - HealthyPipelineSafeModeRule rule is successfully validated
2020-07-09 01:19:32,053 [EventQueue-OpenPipelineForHealthyPipelineSafeModeRule] INFO  safemode.SCMSafeModeManager (SCMSafeModeManager.java:validateSafeModeExitRules(228)) - ScmSafeModeManager, all rules are successfully validated
2020-07-09 01:19:32,053 [EventQueue-OpenPipelineForHealthyPipelineSafeModeRule] INFO  safemode.SCMSafeModeManager (SCMSafeModeManager.java:exitSafeMode(257)) - SCM exiting safe mode.
2020-07-09 01:19:32,055 [3bb671d4-7f90-4750-a753-fc4fc647587c@group-EDE382CE3E00-LeaderElection2] INFO  server.RaftServerConfigKeys (ConfUtils.java:logGet(44)) - raft.server.log.appender.snapshot.chunk.size.max = 16MB (=16777216) (default)
2020-07-09 01:19:32,058 [3bb671d4-7f90-4750-a753-fc4fc647587c@group-EDE382CE3E00-LeaderElection2] INFO  server.RaftServerConfigKeys (ConfUtils.java:logGet(44)) - raft.server.log.appender.buffer.byte-limit = 33554432 (custom)
2020-07-09 01:19:32,058 [3bb671d4-7f90-4750-a753-fc4fc647587c@group-EDE382CE3E00-LeaderElection2] INFO  server.RaftServerConfigKeys (ConfUtils.java:logGet(44)) - raft.server.log.appender.buffer.element-limit = 1 (custom)
2020-07-09 01:19:32,060 [3bb671d4-7f90-4750-a753-fc4fc647587c@group-EDE382CE3E00-LeaderElection2] INFO  grpc.GrpcConfigKeys (ConfUtils.java:logGet(44)) - raft.grpc.server.leader.outstanding.appends.max = 128 (default)
2020-07-09 01:19:32,061 [3bb671d4-7f90-4750-a753-fc4fc647587c@group-EDE382CE3E00-LeaderElection2] INFO  server.RaftServerConfigKeys (ConfUtils.java:logGet(44)) - raft.server.rpc.request.timeout = 3000ms (default)
2020-07-09 01:19:32,061 [3bb671d4-7f90-4750-a753-fc4fc647587c@group-EDE382CE3E00-LeaderElection2] INFO  server.RaftServerConfigKeys (ConfUtils.java:logGet(44)) - raft.server.log.appender.install.snapshot.enabled = false (custom)
2020-07-09 01:19:32,062 [3bb671d4-7f90-4750-a753-fc4fc647587c@group-EDE382CE3E00-LeaderElection2] INFO  metrics.RatisMetrics (RatisMetrics.java:lambda$create$0(36)) - Creating Metrics Registry : ratis_grpc.log_appender.3bb671d4-7f90-4750-a753-fc4fc647587c@group-EDE382CE3E00
2020-07-09 01:19:32,064 [Thread-268] INFO  impl.FollowerState (FollowerState.java:run(108)) - 4f159216-eef4-4234-82ad-645dd276908c@group-7F3D959DF0FA-FollowerState: change to CANDIDATE, lastRpcTime:5005ms, electionTimeout:5003ms
2020-07-09 01:19:32,064 [Thread-268] INFO  impl.RoleInfo (RoleInfo.java:shutdownFollowerState(121)) - 4f159216-eef4-4234-82ad-645dd276908c: shutdown FollowerState
2020-07-09 01:19:32,064 [Thread-268] INFO  impl.RaftServerImpl (RaftServerImpl.java:setRole(175)) - 4f159216-eef4-4234-82ad-645dd276908c@group-7F3D959DF0FA: changes role from  FOLLOWER to CANDIDATE at term 0 for changeToCandidate
2020-07-09 01:19:32,065 [Thread-268] INFO  impl.RoleInfo (RoleInfo.java:updateAndGet(143)) - 4f159216-eef4-4234-82ad-645dd276908c: start LeaderElection
2020-07-09 01:19:32,065 [3bb671d4-7f90-4750-a753-fc4fc647587c@group-EDE382CE3E00-LeaderElection2] INFO  server.RaftServerConfigKeys (ConfUtils.java:logGet(44)) - raft.server.log.appender.snapshot.chunk.size.max = 16MB (=16777216) (default)
2020-07-09 01:19:32,065 [3bb671d4-7f90-4750-a753-fc4fc647587c@group-EDE382CE3E00-LeaderElection2] INFO  server.RaftServerConfigKeys (ConfUtils.java:logGet(44)) - raft.server.log.appender.buffer.byte-limit = 33554432 (custom)
2020-07-09 01:19:32,065 [3bb671d4-7f90-4750-a753-fc4fc647587c@group-EDE382CE3E00-LeaderElection2] INFO  server.RaftServerConfigKeys (ConfUtils.java:logGet(44)) - raft.server.log.appender.buffer.element-limit = 1 (custom)
2020-07-09 01:19:32,074 [3bb671d4-7f90-4750-a753-fc4fc647587c@group-EDE382CE3E00-LeaderElection2] INFO  grpc.GrpcConfigKeys (ConfUtils.java:logGet(44)) - raft.grpc.server.leader.outstanding.appends.max = 128 (default)
2020-07-09 01:19:32,074 [3bb671d4-7f90-4750-a753-fc4fc647587c@group-EDE382CE3E00-LeaderElection2] INFO  server.RaftServerConfigKeys (ConfUtils.java:logGet(44)) - raft.server.rpc.request.timeout = 3000ms (default)
2020-07-09 01:19:32,075 [3bb671d4-7f90-4750-a753-fc4fc647587c@group-EDE382CE3E00-LeaderElection2] INFO  server.RaftServerConfigKeys (ConfUtils.java:logGet(44)) - raft.server.log.appender.install.snapshot.enabled = false (custom)
2020-07-09 01:19:32,077 [3bb671d4-7f90-4750-a753-fc4fc647587c@group-EDE382CE3E00-LeaderElection2] INFO  impl.RoleInfo (RoleInfo.java:updateAndGet(143)) - 3bb671d4-7f90-4750-a753-fc4fc647587c: start LeaderState
2020-07-09 01:19:32,077 [3bb671d4-7f90-4750-a753-fc4fc647587c@group-EDE382CE3E00-LeaderElection2] INFO  segmented.SegmentedRaftLogWorker (SegmentedRaftLogWorker.java:startLogSegment(397)) - 3bb671d4-7f90-4750-a753-fc4fc647587c@group-EDE382CE3E00-SegmentedRaftLogWorker: Starting segment from index:0
2020-07-09 01:19:32,088 [3bb671d4-7f90-4750-a753-fc4fc647587c@group-EDE382CE3E00-LeaderElection2] INFO  impl.RaftServerImpl (ServerState.java:setRaftConf(356)) - 3bb671d4-7f90-4750-a753-fc4fc647587c@group-EDE382CE3E00: set configuration 0: [c506d153-aba5-44d6-9bcb-0e1026c6c6c2:172.17.0.2:41753, 6364e981-304f-41bf-bc01-7b1ff98cc952:172.17.0.2:34653, 3bb671d4-7f90-4750-a753-fc4fc647587c:172.17.0.2:36973], old=null at 0
2020-07-09 01:19:32,096 [4f159216-eef4-4234-82ad-645dd276908c@group-7F3D959DF0FA-LeaderElection4] INFO  impl.LeaderElection (LeaderElection.java:askForVotes(206)) - 4f159216-eef4-4234-82ad-645dd276908c@group-7F3D959DF0FA-LeaderElection4: begin an election at term 1 for -1: [4f159216-eef4-4234-82ad-645dd276908c:172.17.0.2:41133], old=null
2020-07-09 01:19:32,096 [4f159216-eef4-4234-82ad-645dd276908c@group-7F3D959DF0FA-LeaderElection4] INFO  impl.RoleInfo (RoleInfo.java:shutdownLeaderElection(134)) - 4f159216-eef4-4234-82ad-645dd276908c: shutdown LeaderElection
2020-07-09 01:19:32,097 [4f159216-eef4-4234-82ad-645dd276908c@group-7F3D959DF0FA-LeaderElection4] INFO  impl.RaftServerImpl (RaftServerImpl.java:setRole(175)) - 4f159216-eef4-4234-82ad-645dd276908c@group-7F3D959DF0FA: changes role from CANDIDATE to LEADER at term 1 for changeToLeader
2020-07-09 01:19:32,097 [4f159216-eef4-4234-82ad-645dd276908c@group-7F3D959DF0FA-LeaderElection4] INFO  ratis.XceiverServerRatis (XceiverServerRatis.java:handleLeaderChangedNotification(762)) - Leader change notification received for group: group-7F3D959DF0FA with new leaderId: 4f159216-eef4-4234-82ad-645dd276908c
2020-07-09 01:19:32,097 [4f159216-eef4-4234-82ad-645dd276908c@group-7F3D959DF0FA-LeaderElection4] INFO  impl.RaftServerImpl (ServerState.java:setLeader(255)) - 4f159216-eef4-4234-82ad-645dd276908c@group-7F3D959DF0FA: change Leader from null to 4f159216-eef4-4234-82ad-645dd276908c at term 1 for becomeLeader, leader elected after 5058ms
2020-07-09 01:19:32,097 [4f159216-eef4-4234-82ad-645dd276908c@group-7F3D959DF0FA-LeaderElection4] INFO  server.RaftServerConfigKeys (ConfUtils.java:logGet(44)) - raft.server.staging.catchup.gap = 1000 (default)
2020-07-09 01:19:32,097 [4f159216-eef4-4234-82ad-645dd276908c@group-7F3D959DF0FA-LeaderElection4] INFO  server.RaftServerConfigKeys (ConfUtils.java:logGet(44)) - raft.server.rpc.sleep.time = 25ms (default)
2020-07-09 01:19:32,097 [4f159216-eef4-4234-82ad-645dd276908c@group-7F3D959DF0FA-LeaderElection4] INFO  metrics.RatisMetrics (RatisMetrics.java:lambda$create$0(36)) - Creating Metrics Registry : ratis.log_appender.4f159216-eef4-4234-82ad-645dd276908c@group-7F3D959DF0FA
2020-07-09 01:19:32,097 [4f159216-eef4-4234-82ad-645dd276908c@group-7F3D959DF0FA-LeaderElection4] INFO  server.RaftServerConfigKeys (ConfUtils.java:logGet(44)) - raft.server.write.element-limit = 1024 (custom)
2020-07-09 01:19:32,097 [4f159216-eef4-4234-82ad-645dd276908c@group-7F3D959DF0FA-LeaderElection4] INFO  server.RaftServerConfigKeys (ConfUtils.java:logGet(44)) - raft.server.write.byte-limit = 1073741824 (custom)
2020-07-09 01:19:32,098 [4f159216-eef4-4234-82ad-645dd276908c@group-7F3D959DF0FA-LeaderElection4] INFO  server.RaftServerConfigKeys (ConfUtils.java:logGet(44)) - raft.server.watch.timeout = 3000ms (custom)
2020-07-09 01:19:32,098 [4f159216-eef4-4234-82ad-645dd276908c@group-7F3D959DF0FA-LeaderElection4] INFO  server.RaftServerConfigKeys (ConfUtils.java:logGet(44)) - raft.server.watch.timeout.denomination = 1s (default)
2020-07-09 01:19:32,098 [4f159216-eef4-4234-82ad-645dd276908c@group-7F3D959DF0FA-LeaderElection4] INFO  server.RaftServerConfigKeys (ConfUtils.java:logGet(44)) - raft.server.watch.element-limit = 65536 (default)
2020-07-09 01:19:32,098 [4f159216-eef4-4234-82ad-645dd276908c@group-7F3D959DF0FA-LeaderElection4] INFO  impl.RoleInfo (RoleInfo.java:updateAndGet(143)) - 4f159216-eef4-4234-82ad-645dd276908c: start LeaderState
2020-07-09 01:19:32,098 [4f159216-eef4-4234-82ad-645dd276908c@group-7F3D959DF0FA-LeaderElection4] INFO  segmented.SegmentedRaftLogWorker (SegmentedRaftLogWorker.java:startLogSegment(397)) - 4f159216-eef4-4234-82ad-645dd276908c@group-7F3D959DF0FA-SegmentedRaftLogWorker: Starting segment from index:0
2020-07-09 01:19:32,109 [4f159216-eef4-4234-82ad-645dd276908c@group-7F3D959DF0FA-LeaderElection4] INFO  impl.RaftServerImpl (ServerState.java:setRaftConf(356)) - 4f159216-eef4-4234-82ad-645dd276908c@group-7F3D959DF0FA: set configuration 0: [4f159216-eef4-4234-82ad-645dd276908c:172.17.0.2:41133], old=null at 0
2020-07-09 01:19:32,117 [Thread-270] INFO  impl.FollowerState (FollowerState.java:run(108)) - 4f159216-eef4-4234-82ad-645dd276908c@group-B75F79988D48-FollowerState: change to CANDIDATE, lastRpcTime:5019ms, electionTimeout:5011ms
2020-07-09 01:19:32,117 [Thread-270] INFO  impl.RoleInfo (RoleInfo.java:shutdownFollowerState(121)) - 4f159216-eef4-4234-82ad-645dd276908c: shutdown FollowerState
2020-07-09 01:19:32,117 [Thread-270] INFO  impl.RaftServerImpl (RaftServerImpl.java:setRole(175)) - 4f159216-eef4-4234-82ad-645dd276908c@group-B75F79988D48: changes role from  FOLLOWER to CANDIDATE at term 0 for changeToCandidate
2020-07-09 01:19:32,117 [Thread-270] INFO  impl.RoleInfo (RoleInfo.java:updateAndGet(143)) - 4f159216-eef4-4234-82ad-645dd276908c: start LeaderElection
2020-07-09 01:19:32,131 [grpc-default-executor-2] INFO  ratis.XceiverServerRatis (XceiverServerRatis.java:handleLeaderChangedNotification(762)) - Leader change notification received for group: group-EDE382CE3E00 with new leaderId: 3bb671d4-7f90-4750-a753-fc4fc647587c
2020-07-09 01:19:32,132 [grpc-default-executor-2] INFO  impl.RaftServerImpl (ServerState.java:setLeader(255)) - c506d153-aba5-44d6-9bcb-0e1026c6c6c2@group-EDE382CE3E00: change Leader from null to 3bb671d4-7f90-4750-a753-fc4fc647587c at term 1 for appendEntries, leader elected after 5241ms
2020-07-09 01:19:32,132 [grpc-default-executor-4] INFO  ratis.XceiverServerRatis (XceiverServerRatis.java:handleLeaderChangedNotification(762)) - Leader change notification received for group: group-EDE382CE3E00 with new leaderId: 3bb671d4-7f90-4750-a753-fc4fc647587c
2020-07-09 01:19:32,133 [grpc-default-executor-4] INFO  impl.RaftServerImpl (ServerState.java:setLeader(255)) - 6364e981-304f-41bf-bc01-7b1ff98cc952@group-EDE382CE3E00: change Leader from null to 3bb671d4-7f90-4750-a753-fc4fc647587c at term 1 for appendEntries, leader elected after 5138ms
2020-07-09 01:19:32,151 [3bb671d4-7f90-4750-a753-fc4fc647587c@group-B41B5B96A483-SegmentedRaftLogWorker] INFO  segmented.SegmentedRaftLogWorker (SegmentedRaftLogWorker.java:execute(596)) - 3bb671d4-7f90-4750-a753-fc4fc647587c@group-B41B5B96A483-SegmentedRaftLogWorker: created new log segment /github/workspace/mnt/ozone/hadoop-ozone/integration-test/target/test-dir/MiniOzoneClusterImpl-513b5a01-9d99-4e7a-8fe1-3ea97a28e1a0/datanode-1/data/ratis/45a81381-41b7-47e4-bde0-b41b5b96a483/current/log_inprogress_0
2020-07-09 01:19:32,152 [3bb671d4-7f90-4750-a753-fc4fc647587c@group-EDE382CE3E00-SegmentedRaftLogWorker] INFO  segmented.SegmentedRaftLogWorker (SegmentedRaftLogWorker.java:execute(596)) - 3bb671d4-7f90-4750-a753-fc4fc647587c@group-EDE382CE3E00-SegmentedRaftLogWorker: created new log segment /github/workspace/mnt/ozone/hadoop-ozone/integration-test/target/test-dir/MiniOzoneClusterImpl-513b5a01-9d99-4e7a-8fe1-3ea97a28e1a0/datanode-1/data/ratis/e2c8be27-5b87-40ea-b7f7-ede382ce3e00/current/log_inprogress_0
2020-07-09 01:19:32,152 [4f159216-eef4-4234-82ad-645dd276908c@group-7F3D959DF0FA-SegmentedRaftLogWorker] INFO  segmented.SegmentedRaftLogWorker (SegmentedRaftLogWorker.java:execute(596)) - 4f159216-eef4-4234-82ad-645dd276908c@group-7F3D959DF0FA-SegmentedRaftLogWorker: created new log segment /github/workspace/mnt/ozone/hadoop-ozone/integration-test/target/test-dir/MiniOzoneClusterImpl-513b5a01-9d99-4e7a-8fe1-3ea97a28e1a0/datanode-3/data/ratis/85a051cc-5164-47dd-877a-7f3d959df0fa/current/log_inprogress_0
2020-07-09 01:19:32,153 [4f159216-eef4-4234-82ad-645dd276908c@group-B75F79988D48-LeaderElection5] INFO  impl.LeaderElection (LeaderElection.java:askForVotes(206)) - 4f159216-eef4-4234-82ad-645dd276908c@group-B75F79988D48-LeaderElection5: begin an election at term 1 for -1: [c95b19f7-50b5-4904-962f-b689396cb015:172.17.0.2:34853, 4de64420-61f2-4826-b9c9-fe43ebf29f54:172.17.0.2:38165, 4f159216-eef4-4234-82ad-645dd276908c:172.17.0.2:41133], old=null
2020-07-09 01:19:32,156 [grpc-default-executor-4] DEBUG server.GrpcLogAppender (GrpcLogAppender.java:onNext(257)) - 3bb671d4-7f90-4750-a753-fc4fc647587c@group-EDE382CE3E00->c506d153-aba5-44d6-9bcb-0e1026c6c6c2-AppendLogResponseHandler: received the first reply 3bb671d4-7f90-4750-a753-fc4fc647587c<-c506d153-aba5-44d6-9bcb-0e1026c6c6c2#0:OK,SUCCESS,nextIndex:0,term:1,followerCommit:-1, request=AppendEntriesRequest:cid=0,entriesCount=0,lastEntry=null
2020-07-09 01:19:32,160 [Thread-272] INFO  impl.FollowerState (FollowerState.java:run(108)) - c95b19f7-50b5-4904-962f-b689396cb015@group-879E32C7D743-FollowerState: change to CANDIDATE, lastRpcTime:5026ms, electionTimeout:5016ms
2020-07-09 01:19:32,168 [Thread-264] INFO  impl.FollowerState (FollowerState.java:run(108)) - 6364e981-304f-41bf-bc01-7b1ff98cc952@group-6C9AB64EF0A5-FollowerState: change to CANDIDATE, lastRpcTime:5193ms, electionTimeout:5187ms
2020-07-09 01:19:32,204 [grpc-default-executor-2] DEBUG impl.RaftServerImpl (RaftServerImpl.java:requestVote(821)) - c95b19f7-50b5-4904-962f-b689396cb015@group-B75F79988D48: receive requestVote(4f159216-eef4-4234-82ad-645dd276908c, group-B75F79988D48, 1, (t:0, i:0))
2020-07-09 01:19:32,205 [grpc-default-executor-2] INFO  impl.RaftServerImpl (RaftServerImpl.java:setRole(175)) - c95b19f7-50b5-4904-962f-b689396cb015@group-B75F79988D48: changes role from  FOLLOWER to FOLLOWER at term 1 for recognizeCandidate:4f159216-eef4-4234-82ad-645dd276908c
2020-07-09 01:19:32,205 [grpc-default-executor-2] INFO  impl.RoleInfo (RoleInfo.java:shutdownFollowerState(121)) - c95b19f7-50b5-4904-962f-b689396cb015: shutdown FollowerState
2020-07-09 01:19:32,205 [grpc-default-executor-2] INFO  impl.RoleInfo (RoleInfo.java:updateAndGet(143)) - c95b19f7-50b5-4904-962f-b689396cb015: start FollowerState
2020-07-09 01:19:32,206 [Thread-274] INFO  impl.FollowerState (FollowerState.java:run(117)) - c95b19f7-50b5-4904-962f-b689396cb015@group-B75F79988D48-FollowerState was interrupted: java.lang.InterruptedException: sleep interrupted
2020-07-09 01:19:32,210 [c506d153-aba5-44d6-9bcb-0e1026c6c6c2@group-319BACB3A4E2-SegmentedRaftLogWorker] INFO  segmented.SegmentedRaftLogWorker (SegmentedRaftLogWorker.java:execute(596)) - c506d153-aba5-44d6-9bcb-0e1026c6c6c2@group-319BACB3A4E2-SegmentedRaftLogWorker: created new log segment /github/workspace/mnt/ozone/hadoop-ozone/integration-test/target/test-dir/MiniOzoneClusterImpl-513b5a01-9d99-4e7a-8fe1-3ea97a28e1a0/datanode-0/data/ratis/4b8c1ffb-8e05-4429-b364-319bacb3a4e2/current/log_inprogress_0
2020-07-09 01:19:32,209 [grpc-default-executor-2] DEBUG impl.RaftServerImpl (RaftServerImpl.java:requestVote(853)) - c95b19f7-50b5-4904-962f-b689396cb015@group-B75F79988D48 replies to vote request: 4f159216-eef4-4234-82ad-645dd276908c<-c95b19f7-50b5-4904-962f-b689396cb015#0:OK-t1. Peer's state: c95b19f7-50b5-4904-962f-b689396cb015@group-B75F79988D48:t1, leader=null, voted=4f159216-eef4-4234-82ad-645dd276908c, raftlog=c95b19f7-50b5-4904-962f-b689396cb015@group-B75F79988D48-SegmentedRaftLog:OPENED:c-1,f-1,i0, conf=-1: [c95b19f7-50b5-4904-962f-b689396cb015:172.17.0.2:34853, 4de64420-61f2-4826-b9c9-fe43ebf29f54:172.17.0.2:38165, 4f159216-eef4-4234-82ad-645dd276908c:172.17.0.2:41133], old=null
2020-07-09 01:19:32,209 [grpc-default-executor-0] DEBUG server.GrpcLogAppender (GrpcLogAppender.java:onNext(257)) - 3bb671d4-7f90-4750-a753-fc4fc647587c@group-EDE382CE3E00->6364e981-304f-41bf-bc01-7b1ff98cc952-AppendLogResponseHandler: received the first reply 3bb671d4-7f90-4750-a753-fc4fc647587c<-6364e981-304f-41bf-bc01-7b1ff98cc952#0:OK,SUCCESS,nextIndex:0,term:1,followerCommit:-1, request=AppendEntriesRequest:cid=0,entriesCount=0,lastEntry=null
2020-07-09 01:19:32,219 [Thread-272] INFO  impl.RoleInfo (RoleInfo.java:shutdownFollowerState(121)) - c95b19f7-50b5-4904-962f-b689396cb015: shutdown FollowerState
2020-07-09 01:19:32,219 [Thread-264] INFO  impl.RoleInfo (RoleInfo.java:shutdownFollowerState(121)) - 6364e981-304f-41bf-bc01-7b1ff98cc952: shutdown FollowerState
2020-07-09 01:19:32,225 [Thread-272] INFO  impl.RaftServerImpl (RaftServerImpl.java:setRole(175)) - c95b19f7-50b5-4904-962f-b689396cb015@group-879E32C7D743: changes role from  FOLLOWER to CANDIDATE at term 0 for changeToCandidate
2020-07-09 01:19:32,225 [Thread-264] INFO  impl.RaftServerImpl (RaftServerImpl.java:setRole(175)) - 6364e981-304f-41bf-bc01-7b1ff98cc952@group-6C9AB64EF0A5: changes role from  FOLLOWER to CANDIDATE at term 0 for changeToCandidate
2020-07-09 01:19:32,225 [Thread-272] INFO  impl.RoleInfo (RoleInfo.java:updateAndGet(143)) - c95b19f7-50b5-4904-962f-b689396cb015: start LeaderElection
2020-07-09 01:19:32,225 [Thread-264] INFO  impl.RoleInfo (RoleInfo.java:updateAndGet(143)) - 6364e981-304f-41bf-bc01-7b1ff98cc952: start LeaderElection
2020-07-09 01:19:32,238 [grpc-default-executor-0] DEBUG impl.RaftServerImpl (RaftServerImpl.java:logAppendEntries(928)) - c506d153-aba5-44d6-9bcb-0e1026c6c6c2@group-EDE382CE3E00: receive appendEntries(3bb671d4-7f90-4750-a753-fc4fc647587c, 1, null, -1, false, commits[3bb671d4-7f90-4750-a753-fc4fc647587c:c-1, c506d153-aba5-44d6-9bcb-0e1026c6c6c2:c-1, 6364e981-304f-41bf-bc01-7b1ff98cc952:c-1], entries: (t:1, i:0), CONFIGURATIONENTRY
2020-07-09 01:19:32,239 [grpc-default-executor-4] DEBUG impl.RaftServerImpl (RaftServerImpl.java:logAppendEntries(928)) - 6364e981-304f-41bf-bc01-7b1ff98cc952@group-EDE382CE3E00: receive appendEntries(3bb671d4-7f90-4750-a753-fc4fc647587c, 1, null, -1, false, commits[3bb671d4-7f90-4750-a753-fc4fc647587c:c-1, c506d153-aba5-44d6-9bcb-0e1026c6c6c2:c-1, 6364e981-304f-41bf-bc01-7b1ff98cc952:c-1], entries: (t:1, i:0), CONFIGURATIONENTRY
2020-07-09 01:19:32,240 [grpc-default-executor-0] INFO  impl.RaftServerImpl (ServerState.java:setRaftConf(356)) - c506d153-aba5-44d6-9bcb-0e1026c6c6c2@group-EDE382CE3E00: set configuration 0: [c506d153-aba5-44d6-9bcb-0e1026c6c6c2:172.17.0.2:41753, 6364e981-304f-41bf-bc01-7b1ff98cc952:172.17.0.2:34653, 3bb671d4-7f90-4750-a753-fc4fc647587c:172.17.0.2:36973], old=null at 0
2020-07-09 01:19:32,241 [grpc-default-executor-0] INFO  segmented.SegmentedRaftLogWorker (SegmentedRaftLogWorker.java:startLogSegment(397)) - c506d153-aba5-44d6-9bcb-0e1026c6c6c2@group-EDE382CE3E00-SegmentedRaftLogWorker: Starting segment from index:0
2020-07-09 01:19:32,241 [grpc-default-executor-4] INFO  impl.RaftServerImpl (ServerState.java:setRaftConf(356)) - 6364e981-304f-41bf-bc01-7b1ff98cc952@group-EDE382CE3E00: set configuration 0: [c506d153-aba5-44d6-9bcb-0e1026c6c6c2:172.17.0.2:41753, 6364e981-304f-41bf-bc01-7b1ff98cc952:172.17.0.2:34653, 3bb671d4-7f90-4750-a753-fc4fc647587c:172.17.0.2:36973], old=null at 0
2020-07-09 01:19:32,241 [grpc-default-executor-4] INFO  segmented.SegmentedRaftLogWorker (SegmentedRaftLogWorker.java:startLogSegment(397)) - 6364e981-304f-41bf-bc01-7b1ff98cc952@group-EDE382CE3E00-SegmentedRaftLogWorker: Starting segment from index:0
2020-07-09 01:19:32,248 [6364e981-304f-41bf-bc01-7b1ff98cc952@group-EDE382CE3E00-SegmentedRaftLogWorker] INFO  segmented.SegmentedRaftLogWorker (SegmentedRaftLogWorker.java:execute(596)) - 6364e981-304f-41bf-bc01-7b1ff98cc952@group-EDE382CE3E00-SegmentedRaftLogWorker: created new log segment /github/workspace/mnt/ozone/hadoop-ozone/integration-test/target/test-dir/MiniOzoneClusterImpl-513b5a01-9d99-4e7a-8fe1-3ea97a28e1a0/datanode-2/data/ratis/e2c8be27-5b87-40ea-b7f7-ede382ce3e00/current/log_inprogress_0
2020-07-09 01:19:32,249 [c506d153-aba5-44d6-9bcb-0e1026c6c6c2@group-EDE382CE3E00-SegmentedRaftLogWorker] INFO  segmented.SegmentedRaftLogWorker (SegmentedRaftLogWorker.java:execute(596)) - c506d153-aba5-44d6-9bcb-0e1026c6c6c2@group-EDE382CE3E00-SegmentedRaftLogWorker: created new log segment /github/workspace/mnt/ozone/hadoop-ozone/integration-test/target/test-dir/MiniOzoneClusterImpl-513b5a01-9d99-4e7a-8fe1-3ea97a28e1a0/datanode-0/data/ratis/e2c8be27-5b87-40ea-b7f7-ede382ce3e00/current/log_inprogress_0
2020-07-09 01:19:32,250 [Thread-333] DEBUG impl.RaftServerImpl (RaftServerImpl.java:logAppendEntries(928)) - 6364e981-304f-41bf-bc01-7b1ff98cc952@group-EDE382CE3E00: succeeded to handle AppendEntries. Reply: 3bb671d4-7f90-4750-a753-fc4fc647587c<-6364e981-304f-41bf-bc01-7b1ff98cc952#1:OK,SUCCESS,nextIndex:1,term:1,followerCommit:-1
2020-07-09 01:19:32,253 [4f159216-eef4-4234-82ad-645dd276908c@group-B75F79988D48-LeaderElection5] INFO  impl.LeaderElection (LeaderElection.java:logAndReturn(61)) - 4f159216-eef4-4234-82ad-645dd276908c@group-B75F79988D48-LeaderElection5: Election PASSED; received 1 response(s) [4f159216-eef4-4234-82ad-645dd276908c<-c95b19f7-50b5-4904-962f-b689396cb015#0:OK-t1] and 0 exception(s); 4f159216-eef4-4234-82ad-645dd276908c@group-B75F79988D48:t1, leader=null, voted=4f159216-eef4-4234-82ad-645dd276908c, raftlog=4f159216-eef4-4234-82ad-645dd276908c@group-B75F79988D48-SegmentedRaftLog:OPENED:c-1,f-1,i0, conf=-1: [c95b19f7-50b5-4904-962f-b689396cb015:172.17.0.2:34853, 4de64420-61f2-4826-b9c9-fe43ebf29f54:172.17.0.2:38165, 4f159216-eef4-4234-82ad-645dd276908c:172.17.0.2:41133], old=null
2020-07-09 01:19:32,253 [4f159216-eef4-4234-82ad-645dd276908c@group-B75F79988D48-LeaderElection5] INFO  impl.RoleInfo (RoleInfo.java:shutdownLeaderElection(134)) - 4f159216-eef4-4234-82ad-645dd276908c: shutdown LeaderElection
2020-07-09 01:19:32,253 [grpc-default-executor-0] DEBUG server.GrpcLogAppender (GrpcLogAppender.java:onNext(257)) - 3bb671d4-7f90-4750-a753-fc4fc647587c@group-EDE382CE3E00->6364e981-304f-41bf-bc01-7b1ff98cc952-AppendLogResponseHandler: received a reply 3bb671d4-7f90-4750-a753-fc4fc647587c<-6364e981-304f-41bf-bc01-7b1ff98cc952#1:OK,SUCCESS,nextIndex:1,term:1,followerCommit:-1, request=AppendEntriesRequest:cid=1,entriesCount=1,lastEntry=(t:1, i:0)
2020-07-09 01:19:32,422 [c95b19f7-50b5-4904-962f-b689396cb015@group-879E32C7D743-LeaderElection6] INFO  impl.LeaderElection (LeaderElection.java:askForVotes(206)) - c95b19f7-50b5-4904-962f-b689396cb015@group-879E32C7D743-LeaderElection6: begin an election at term 1 for -1: [c95b19f7-50b5-4904-962f-b689396cb015:172.17.0.2:34853], old=null
2020-07-09 01:19:32,423 [c95b19f7-50b5-4904-962f-b689396cb015@group-879E32C7D743-LeaderElection6] INFO  impl.RoleInfo (RoleInfo.java:shutdownLeaderElection(134)) - c95b19f7-50b5-4904-962f-b689396cb015: shutdown LeaderElection
2020-07-09 01:19:32,423 [c95b19f7-50b5-4904-962f-b689396cb015@group-879E32C7D743-LeaderElection6] INFO  impl.RaftServerImpl (RaftServerImpl.java:setRole(175)) - c95b19f7-50b5-4904-962f-b689396cb015@group-879E32C7D743: changes role from CANDIDATE to LEADER at term 1 for changeToLeader
2020-07-09 01:19:32,423 [c95b19f7-50b5-4904-962f-b689396cb015@group-879E32C7D743-LeaderElection6] INFO  ratis.XceiverServerRatis (XceiverServerRatis.java:handleLeaderChangedNotification(762)) - Leader change notification received for group: group-879E32C7D743 with new leaderId: c95b19f7-50b5-4904-962f-b689396cb015
2020-07-09 01:19:32,423 [c95b19f7-50b5-4904-962f-b689396cb015@group-879E32C7D743-LeaderElection6] INFO  impl.RaftServerImpl (ServerState.java:setLeader(255)) - c95b19f7-50b5-4904-962f-b689396cb015@group-879E32C7D743: change Leader from null to c95b19f7-50b5-4904-962f-b689396cb015 at term 1 for becomeLeader, leader elected after 5305ms
2020-07-09 01:19:32,424 [c95b19f7-50b5-4904-962f-b689396cb015@group-879E32C7D743-LeaderElection6] INFO  server.RaftServerConfigKeys (ConfUtils.java:logGet(44)) - raft.server.staging.catchup.gap = 1000 (default)
2020-07-09 01:19:32,424 [c95b19f7-50b5-4904-962f-b689396cb015@group-879E32C7D743-LeaderElection6] INFO  server.RaftServerConfigKeys (ConfUtils.java:logGet(44)) - raft.server.rpc.sleep.time = 25ms (default)
2020-07-09 01:19:32,424 [c95b19f7-50b5-4904-962f-b689396cb015@group-879E32C7D743-LeaderElection6] INFO  metrics.RatisMetrics (RatisMetrics.java:lambda$create$0(36)) - Creating Metrics Registry : ratis.log_appender.c95b19f7-50b5-4904-962f-b689396cb015@group-879E32C7D743
2020-07-09 01:19:32,424 [c95b19f7-50b5-4904-962f-b689396cb015@group-879E32C7D743-LeaderElection6] INFO  server.RaftServerConfigKeys (ConfUtils.java:logGet(44)) - raft.server.write.element-limit = 1024 (custom)
2020-07-09 01:19:32,424 [c95b19f7-50b5-4904-962f-b689396cb015@group-879E32C7D743-LeaderElection6] INFO  server.RaftServerConfigKeys (ConfUtils.java:logGet(44)) - raft.server.write.byte-limit = 1073741824 (custom)
2020-07-09 01:19:32,424 [c95b19f7-50b5-4904-962f-b689396cb015@group-879E32C7D743-LeaderElection6] INFO  server.RaftServerConfigKeys (ConfUtils.java:logGet(44)) - raft.server.watch.timeout = 3000ms (custom)
2020-07-09 01:19:32,425 [c95b19f7-50b5-4904-962f-b689396cb015@group-879E32C7D743-LeaderElection6] INFO  server.RaftServerConfigKeys (ConfUtils.java:logGet(44)) - raft.server.watch.timeout.denomination = 1s (default)
2020-07-09 01:19:32,419 [Thread-334] DEBUG impl.RaftServerImpl (RaftServerImpl.java:logAppendEntries(928)) - c506d153-aba5-44d6-9bcb-0e1026c6c6c2@group-EDE382CE3E00: succeeded to handle AppendEntries. Reply: 3bb671d4-7f90-4750-a753-fc4fc647587c<-c506d153-aba5-44d6-9bcb-0e1026c6c6c2#1:OK,SUCCESS,nextIndex:1,term:1,followerCommit:-1
2020-07-09 01:19:32,418 [grpc-default-executor-2] DEBUG impl.RaftServerImpl (RaftServerImpl.java:requestVote(821)) - 4de64420-61f2-4826-b9c9-fe43ebf29f54@group-B75F79988D48: receive requestVote(4f159216-eef4-4234-82ad-645dd276908c, group-B75F79988D48, 1, (t:0, i:0))
2020-07-09 01:19:32,418 [Listener at 127.0.0.1/39385] INFO  ozone.MiniOzoneClusterImpl (MiniOzoneClusterImpl.java:lambda$waitForClusterToBeReady$0(177)) - Nodes are ready. Got 9 of 9 DN Heartbeats.
2020-07-09 01:19:32,418 [Thread-276] INFO  impl.FollowerState (FollowerState.java:run(108)) - 4de64420-61f2-4826-b9c9-fe43ebf29f54@group-7617EFE81E04-FollowerState: change to CANDIDATE, lastRpcTime:5124ms, electionTimeout:5085ms
2020-07-09 01:19:32,427 [Thread-276] INFO  impl.RoleInfo (RoleInfo.java:shutdownFollowerState(121)) - 4de64420-61f2-4826-b9c9-fe43ebf29f54: shutdown FollowerState
2020-07-09 01:19:32,427 [Thread-276] INFO  impl.RaftServerImpl (RaftServerImpl.java:setRole(175)) - 4de64420-61f2-4826-b9c9-fe43ebf29f54@group-7617EFE81E04: changes role from  FOLLOWER to CANDIDATE at term 0 for changeToCandidate
2020-07-09 01:19:32,427 [Thread-276] INFO  impl.RoleInfo (RoleInfo.java:updateAndGet(143)) - 4de64420-61f2-4826-b9c9-fe43ebf29f54: start LeaderElection
2020-07-09 01:19:32,253 [4f159216-eef4-4234-82ad-645dd276908c@group-B75F79988D48-LeaderElection5] INFO  impl.RaftServerImpl (RaftServerImpl.java:setRole(175)) - 4f159216-eef4-4234-82ad-645dd276908c@group-B75F79988D48: changes role from CANDIDATE to LEADER at term 1 for changeToLeader
2020-07-09 01:19:32,427 [4f159216-eef4-4234-82ad-645dd276908c@group-B75F79988D48-LeaderElection5] INFO  ratis.XceiverServerRatis (XceiverServerRatis.java:handleLeaderChangedNotification(762)) - Leader change notification received for group: group-B75F79988D48 with new leaderId: 4f159216-eef4-4234-82ad-645dd276908c
2020-07-09 01:19:32,427 [Listener at 127.0.0.1/39385] INFO  ozone.MiniOzoneClusterImpl (MiniOzoneClusterImpl.java:lambda$waitForClusterToBeReady$0(180)) - Cluster exits safe mode
2020-07-09 01:19:32,429 [grpc-default-executor-0] DEBUG server.GrpcLogAppender (GrpcLogAppender.java:onNext(257)) - 3bb671d4-7f90-4750-a753-fc4fc647587c@group-EDE382CE3E00->c506d153-aba5-44d6-9bcb-0e1026c6c6c2-AppendLogResponseHandler: received a reply 3bb671d4-7f90-4750-a753-fc4fc647587c<-c506d153-aba5-44d6-9bcb-0e1026c6c6c2#1:OK,SUCCESS,nextIndex:1,term:1,followerCommit:-1, request=AppendEntriesRequest:cid=1,entriesCount=1,lastEntry=(t:1, i:0)
2020-07-09 01:19:32,430 [6364e981-304f-41bf-bc01-7b1ff98cc952@group-6C9AB64EF0A5-LeaderElection7] INFO  impl.LeaderElection (LeaderElection.java:askForVotes(206)) - 6364e981-304f-41bf-bc01-7b1ff98cc952@group-6C9AB64EF0A5-LeaderElection7: begin an election at term 1 for -1: [6364e981-304f-41bf-bc01-7b1ff98cc952:172.17.0.2:34653], old=null
2020-07-09 01:19:32,431 [6364e981-304f-41bf-bc01-7b1ff98cc952@group-6C9AB64EF0A5-LeaderElection7] INFO  impl.RoleInfo (RoleInfo.java:shutdownLeaderElection(134)) - 6364e981-304f-41bf-bc01-7b1ff98cc952: shutdown LeaderElection
2020-07-09 01:19:32,431 [6364e981-304f-41bf-bc01-7b1ff98cc952@group-6C9AB64EF0A5-LeaderElection7] INFO  impl.RaftServerImpl (RaftServerImpl.java:setRole(175)) - 6364e981-304f-41bf-bc01-7b1ff98cc952@group-6C9AB64EF0A5: changes role from CANDIDATE to LEADER at term 1 for changeToLeader
2020-07-09 01:19:32,431 [6364e981-304f-41bf-bc01-7b1ff98cc952@group-6C9AB64EF0A5-LeaderElection7] INFO  ratis.XceiverServerRatis (XceiverServerRatis.java:handleLeaderChangedNotification(762)) - Leader change notification received for group: group-6C9AB64EF0A5 with new leaderId: 6364e981-304f-41bf-bc01-7b1ff98cc952
2020-07-09 01:19:32,432 [c95b19f7-50b5-4904-962f-b689396cb015@group-879E32C7D743-LeaderElection6] INFO  server.RaftServerConfigKeys (ConfUtils.java:logGet(44)) - raft.server.watch.element-limit = 65536 (default)
2020-07-09 01:19:32,432 [c95b19f7-50b5-4904-962f-b689396cb015@group-879E32C7D743-LeaderElection6] INFO  impl.RoleInfo (RoleInfo.java:updateAndGet(143)) - c95b19f7-50b5-4904-962f-b689396cb015: start LeaderState
2020-07-09 01:19:32,432 [c95b19f7-50b5-4904-962f-b689396cb015@group-879E32C7D743-LeaderElection6] INFO  segmented.SegmentedRaftLogWorker (SegmentedRaftLogWorker.java:startLogSegment(397)) - c95b19f7-50b5-4904-962f-b689396cb015@group-879E32C7D743-SegmentedRaftLogWorker: Starting segment from index:0
2020-07-09 01:19:32,448 [c95b19f7-50b5-4904-962f-b689396cb015@group-879E32C7D743-SegmentedRaftLogWorker] INFO  segmented.SegmentedRaftLogWorker (SegmentedRaftLogWorker.java:execute(596)) - c95b19f7-50b5-4904-962f-b689396cb015@group-879E32C7D743-SegmentedRaftLogWorker: created new log segment /github/workspace/mnt/ozone/hadoop-ozone/integration-test/target/test-dir/MiniOzoneClusterImpl-513b5a01-9d99-4e7a-8fe1-3ea97a28e1a0/datanode-4/data/ratis/6cd2bc2d-ccaa-4b13-95eb-879e32c7d743/current/log_inprogress_0
2020-07-09 01:19:32,455 [6364e981-304f-41bf-bc01-7b1ff98cc952@group-6C9AB64EF0A5-LeaderElection7] INFO  impl.RaftServerImpl (ServerState.java:setLeader(255)) - 6364e981-304f-41bf-bc01-7b1ff98cc952@group-6C9AB64EF0A5: change Leader from null to 6364e981-304f-41bf-bc01-7b1ff98cc952 at term 1 for becomeLeader, leader elected after 5475ms
2020-07-09 01:19:32,464 [6364e981-304f-41bf-bc01-7b1ff98cc952@group-6C9AB64EF0A5-LeaderElection7] INFO  server.RaftServerConfigKeys (ConfUtils.java:logGet(44)) - raft.server.staging.catchup.gap = 1000 (default)
2020-07-09 01:19:32,464 [6364e981-304f-41bf-bc01-7b1ff98cc952@group-6C9AB64EF0A5-LeaderElection7] INFO  server.RaftServerConfigKeys (ConfUtils.java:logGet(44)) - raft.server.rpc.sleep.time = 25ms (default)
2020-07-09 01:19:32,465 [6364e981-304f-41bf-bc01-7b1ff98cc952@group-6C9AB64EF0A5-LeaderElection7] INFO  metrics.RatisMetrics (RatisMetrics.java:lambda$create$0(36)) - Creating Metrics Registry : ratis.log_appender.6364e981-304f-41bf-bc01-7b1ff98cc952@group-6C9AB64EF0A5
2020-07-09 01:19:32,465 [6364e981-304f-41bf-bc01-7b1ff98cc952@group-6C9AB64EF0A5-LeaderElection7] INFO  server.RaftServerConfigKeys (ConfUtils.java:logGet(44)) - raft.server.write.element-limit = 1024 (custom)
2020-07-09 01:19:32,465 [6364e981-304f-41bf-bc01-7b1ff98cc952@group-6C9AB64EF0A5-LeaderElection7] INFO  server.RaftServerConfigKeys (ConfUtils.java:logGet(44)) - raft.server.write.byte-limit = 1073741824 (custom)
2020-07-09 01:19:32,465 [6364e981-304f-41bf-bc01-7b1ff98cc952@group-6C9AB64EF0A5-LeaderElection7] INFO  server.RaftServerConfigKeys (ConfUtils.java:logGet(44)) - raft.server.watch.timeout = 3000ms (custom)
2020-07-09 01:19:32,465 [6364e981-304f-41bf-bc01-7b1ff98cc952@group-6C9AB64EF0A5-LeaderElection7] INFO  server.RaftServerConfigKeys (ConfUtils.java:logGet(44)) - raft.server.watch.timeout.denomination = 1s (default)
2020-07-09 01:19:32,465 [6364e981-304f-41bf-bc01-7b1ff98cc952@group-6C9AB64EF0A5-LeaderElection7] INFO  server.RaftServerConfigKeys (ConfUtils.java:logGet(44)) - raft.server.watch.element-limit = 65536 (default)
2020-07-09 01:19:32,465 [6364e981-304f-41bf-bc01-7b1ff98cc952@group-6C9AB64EF0A5-LeaderElection7] INFO  impl.RoleInfo (RoleInfo.java:updateAndGet(143)) - 6364e981-304f-41bf-bc01-7b1ff98cc952: start LeaderState
2020-07-09 01:19:32,466 [6364e981-304f-41bf-bc01-7b1ff98cc952@group-6C9AB64EF0A5-LeaderElection7] INFO  segmented.SegmentedRaftLogWorker (SegmentedRaftLogWorker.java:startLogSegment(397)) - 6364e981-304f-41bf-bc01-7b1ff98cc952@group-6C9AB64EF0A5-SegmentedRaftLogWorker: Starting segment from index:0
2020-07-09 01:19:32,466 [EventQueue-PipelineReportForPipelineReportHandler] INFO  pipeline.PipelineStateManager (PipelineStateManager.java:openPipeline(131)) - Pipeline Pipeline[ Id: 9383e73a-41af-40e3-9896-b75f79988d48, Nodes: c95b19f7-50b5-4904-962f-b689396cb015{ip: 172.17.0.2, host: 848e8b8fb74f, networkLocation: /default-rack, certSerialId: null}4f159216-eef4-4234-82ad-645dd276908c{ip: 172.17.0.2, host: 848e8b8fb74f, networkLocation: /default-rack, certSerialId: null}4de64420-61f2-4826-b9c9-fe43ebf29f54{ip: 172.17.0.2, host: 848e8b8fb74f, networkLocation: /default-rack, certSerialId: null}, Type:RATIS, Factor:THREE, State:ALLOCATED, leaderId:4f159216-eef4-4234-82ad-645dd276908c, CreationTimestamp2020-07-09T01:19:24.150Z] moved to OPEN state
2020-07-09 01:19:32,464 [grpc-default-executor-2] INFO  impl.RaftServerImpl (RaftServerImpl.java:setRole(175)) - 4de64420-61f2-4826-b9c9-fe43ebf29f54@group-B75F79988D48: changes role from  FOLLOWER to FOLLOWER at term 1 for recognizeCandidate:4f159216-eef4-4234-82ad-645dd276908c
2020-07-09 01:19:32,466 [grpc-default-executor-2] INFO  impl.RoleInfo (RoleInfo.java:shutdownFollowerState(121)) - 4de64420-61f2-4826-b9c9-fe43ebf29f54: shutdown FollowerState
2020-07-09 01:19:32,458 [c95b19f7-50b5-4904-962f-b689396cb015@group-879E32C7D743-LeaderElection6] INFO  impl.RaftServerImpl (ServerState.java:setRaftConf(356)) - c95b19f7-50b5-4904-962f-b689396cb015@group-879E32C7D743: set configuration 0: [c95b19f7-50b5-4904-962f-b689396cb015:172.17.0.2:34853], old=null at 0
2020-07-09 01:19:32,470 [Thread-278] INFO  impl.FollowerState (FollowerState.java:run(117)) - 4de64420-61f2-4826-b9c9-fe43ebf29f54@group-B75F79988D48-FollowerState was interrupted: java.lang.InterruptedException: sleep interrupted
2020-07-09 01:19:32,456 [4f159216-eef4-4234-82ad-645dd276908c@group-B75F79988D48-LeaderElection5] INFO  impl.RaftServerImpl (ServerState.java:setLeader(255)) - 4f159216-eef4-4234-82ad-645dd276908c@group-B75F79988D48: change Leader from null to 4f159216-eef4-4234-82ad-645dd276908c at term 1 for becomeLeader, leader elected after 5360ms
2020-07-09 01:19:32,470 [4f159216-eef4-4234-82ad-645dd276908c@group-B75F79988D48-LeaderElection5] INFO  server.RaftServerConfigKeys (ConfUtils.java:logGet(44)) - raft.server.staging.catchup.gap = 1000 (default)
2020-07-09 01:19:32,470 [4f159216-eef4-4234-82ad-645dd276908c@group-B75F79988D48-LeaderElection5] INFO  server.RaftServerConfigKeys (ConfUtils.java:logGet(44)) - raft.server.rpc.sleep.time = 25ms (default)
2020-07-09 01:19:32,470 [4f159216-eef4-4234-82ad-645dd276908c@group-B75F79988D48-LeaderElection5] INFO  metrics.RatisMetrics (RatisMetrics.java:lambda$create$0(36)) - Creating Metrics Registry : ratis.log_appender.4f159216-eef4-4234-82ad-645dd276908c@group-B75F79988D48
2020-07-09 01:19:32,471 [4f159216-eef4-4234-82ad-645dd276908c@group-B75F79988D48-LeaderElection5] INFO  server.RaftServerConfigKeys (ConfUtils.java:logGet(44)) - raft.server.write.element-limit = 1024 (custom)
2020-07-09 01:19:32,471 [4f159216-eef4-4234-82ad-645dd276908c@group-B75F79988D48-LeaderElection5] INFO  server.RaftServerConfigKeys (ConfUtils.java:logGet(44)) - raft.server.write.byte-limit = 1073741824 (custom)
2020-07-09 01:19:32,471 [4f159216-eef4-4234-82ad-645dd276908c@group-B75F79988D48-LeaderElection5] INFO  server.RaftServerConfigKeys (ConfUtils.java:logGet(44)) - raft.server.watch.timeout = 3000ms (custom)
2020-07-09 01:19:32,471 [4f159216-eef4-4234-82ad-645dd276908c@group-B75F79988D48-LeaderElection5] INFO  server.RaftServerConfigKeys (ConfUtils.java:logGet(44)) - raft.server.watch.timeout.denomination = 1s (default)
2020-07-09 01:19:32,471 [4f159216-eef4-4234-82ad-645dd276908c@group-B75F79988D48-LeaderElection5] INFO  server.RaftServerConfigKeys (ConfUtils.java:logGet(44)) - raft.server.watch.element-limit = 65536 (default)
2020-07-09 01:19:32,471 [4f159216-eef4-4234-82ad-645dd276908c@group-B75F79988D48-LeaderElection5] INFO  server.RaftServerConfigKeys (ConfUtils.java:logGet(44)) - raft.server.log.appender.snapshot.chunk.size.max = 16MB (=16777216) (default)
2020-07-09 01:19:32,471 [4f159216-eef4-4234-82ad-645dd276908c@group-B75F79988D48-LeaderElection5] INFO  server.RaftServerConfigKeys (ConfUtils.java:logGet(44)) - raft.server.log.appender.buffer.byte-limit = 33554432 (custom)
2020-07-09 01:19:32,471 [4f159216-eef4-4234-82ad-645dd276908c@group-B75F79988D48-LeaderElection5] INFO  server.RaftServerConfigKeys (ConfUtils.java:logGet(44)) - raft.server.log.appender.buffer.element-limit = 1 (custom)
2020-07-09 01:19:32,470 [grpc-default-executor-2] INFO  impl.RoleInfo (RoleInfo.java:updateAndGet(143)) - 4de64420-61f2-4826-b9c9-fe43ebf29f54: start FollowerState
2020-07-09 01:19:32,473 [4de64420-61f2-4826-b9c9-fe43ebf29f54@group-7617EFE81E04-LeaderElection8] INFO  impl.LeaderElection (LeaderElection.java:askForVotes(206)) - 4de64420-61f2-4826-b9c9-fe43ebf29f54@group-7617EFE81E04-LeaderElection8: begin an election at term 1 for -1: [4de64420-61f2-4826-b9c9-fe43ebf29f54:172.17.0.2:38165], old=null
2020-07-09 01:19:32,473 [4de64420-61f2-4826-b9c9-fe43ebf29f54@group-7617EFE81E04-LeaderElection8] INFO  impl.RoleInfo (RoleInfo.java:shutdownLeaderElection(134)) - 4de64420-61f2-4826-b9c9-fe43ebf29f54: shutdown LeaderElection
2020-07-09 01:19:32,473 [4de64420-61f2-4826-b9c9-fe43ebf29f54@group-7617EFE81E04-LeaderElection8] INFO  impl.RaftServerImpl (RaftServerImpl.java:setRole(175)) - 4de64420-61f2-4826-b9c9-fe43ebf29f54@group-7617EFE81E04: changes role from CANDIDATE to LEADER at term 1 for changeToLeader
2020-07-09 01:19:32,473 [4de64420-61f2-4826-b9c9-fe43ebf29f54@group-7617EFE81E04-LeaderElection8] INFO  ratis.XceiverServerRatis (XceiverServerRatis.java:handleLeaderChangedNotification(762)) - Leader change notification received for group: group-7617EFE81E04 with new leaderId: 4de64420-61f2-4826-b9c9-fe43ebf29f54
2020-07-09 01:19:32,473 [4de64420-61f2-4826-b9c9-fe43ebf29f54@group-7617EFE81E04-LeaderElection8] INFO  impl.RaftServerImpl (ServerState.java:setLeader(255)) - 4de64420-61f2-4826-b9c9-fe43ebf29f54@group-7617EFE81E04: change Leader from null to 4de64420-61f2-4826-b9c9-fe43ebf29f54 at term 1 for becomeLeader, leader elected after 5202ms
2020-07-09 01:19:32,473 [4de64420-61f2-4826-b9c9-fe43ebf29f54@group-7617EFE81E04-LeaderElection8] INFO  server.RaftServerConfigKeys (ConfUtils.java:logGet(44)) - raft.server.staging.catchup.gap = 1000 (default)
2020-07-09 01:19:32,473 [4de64420-61f2-4826-b9c9-fe43ebf29f54@group-7617EFE81E04-LeaderElection8] INFO  server.RaftServerConfigKeys (ConfUtils.java:logGet(44)) - raft.server.rpc.sleep.time = 25ms (default)
2020-07-09 01:19:32,473 [4de64420-61f2-4826-b9c9-fe43ebf29f54@group-7617EFE81E04-LeaderElection8] INFO  metrics.RatisMetrics (RatisMetrics.java:lambda$create$0(36)) - Creating Metrics Registry : ratis.log_appender.4de64420-61f2-4826-b9c9-fe43ebf29f54@group-7617EFE81E04
2020-07-09 01:19:32,473 [4de64420-61f2-4826-b9c9-fe43ebf29f54@group-7617EFE81E04-LeaderElection8] INFO  server.RaftServerConfigKeys (ConfUtils.java:logGet(44)) - raft.server.write.element-limit = 1024 (custom)
2020-07-09 01:19:32,474 [4de64420-61f2-4826-b9c9-fe43ebf29f54@group-7617EFE81E04-LeaderElection8] INFO  server.RaftServerConfigKeys (ConfUtils.java:logGet(44)) - raft.server.write.byte-limit = 1073741824 (custom)
2020-07-09 01:19:32,474 [4de64420-61f2-4826-b9c9-fe43ebf29f54@group-7617EFE81E04-LeaderElection8] INFO  server.RaftServerConfigKeys (ConfUtils.java:logGet(44)) - raft.server.watch.timeout = 3000ms (custom)
2020-07-09 01:19:32,474 [4de64420-61f2-4826-b9c9-fe43ebf29f54@group-7617EFE81E04-LeaderElection8] INFO  server.RaftServerConfigKeys (ConfUtils.java:logGet(44)) - raft.server.watch.timeout.denomination = 1s (default)
2020-07-09 01:19:32,475 [4de64420-61f2-4826-b9c9-fe43ebf29f54@group-7617EFE81E04-LeaderElection8] INFO  server.RaftServerConfigKeys (ConfUtils.java:logGet(44)) - raft.server.watch.element-limit = 65536 (default)
2020-07-09 01:19:32,475 [4de64420-61f2-4826-b9c9-fe43ebf29f54@group-7617EFE81E04-LeaderElection8] INFO  impl.RoleInfo (RoleInfo.java:updateAndGet(143)) - 4de64420-61f2-4826-b9c9-fe43ebf29f54: start LeaderState
2020-07-09 01:19:32,475 [4de64420-61f2-4826-b9c9-fe43ebf29f54@group-7617EFE81E04-LeaderElection8] INFO  segmented.SegmentedRaftLogWorker (SegmentedRaftLogWorker.java:startLogSegment(397)) - 4de64420-61f2-4826-b9c9-fe43ebf29f54@group-7617EFE81E04-SegmentedRaftLogWorker: Starting segment from index:0
2020-07-09 01:19:32,467 [6364e981-304f-41bf-bc01-7b1ff98cc952@group-6C9AB64EF0A5-LeaderElection7] INFO  impl.RaftServerImpl (ServerState.java:setRaftConf(356)) - 6364e981-304f-41bf-bc01-7b1ff98cc952@group-6C9AB64EF0A5: set configuration 0: [6364e981-304f-41bf-bc01-7b1ff98cc952:172.17.0.2:34653], old=null at 0
2020-07-09 01:19:32,474 [grpc-default-executor-2] DEBUG impl.RaftServerImpl (RaftServerImpl.java:requestVote(853)) - 4de64420-61f2-4826-b9c9-fe43ebf29f54@group-B75F79988D48 replies to vote request: 4f159216-eef4-4234-82ad-645dd276908c<-4de64420-61f2-4826-b9c9-fe43ebf29f54#0:OK-t1. Peer's state: 4de64420-61f2-4826-b9c9-fe43ebf29f54@group-B75F79988D48:t1, leader=null, voted=4f159216-eef4-4234-82ad-645dd276908c, raftlog=4de64420-61f2-4826-b9c9-fe43ebf29f54@group-B75F79988D48-SegmentedRaftLog:OPENED:c-1,f-1,i0, conf=-1: [c95b19f7-50b5-4904-962f-b689396cb015:172.17.0.2:34853, 4de64420-61f2-4826-b9c9-fe43ebf29f54:172.17.0.2:38165, 4f159216-eef4-4234-82ad-645dd276908c:172.17.0.2:41133], old=null
2020-07-09 01:19:32,474 [6364e981-304f-41bf-bc01-7b1ff98cc952@group-6C9AB64EF0A5-SegmentedRaftLogWorker] INFO  segmented.SegmentedRaftLogWorker (SegmentedRaftLogWorker.java:execute(596)) - 6364e981-304f-41bf-bc01-7b1ff98cc952@group-6C9AB64EF0A5-SegmentedRaftLogWorker: created new log segment /github/workspace/mnt/ozone/hadoop-ozone/integration-test/target/test-dir/MiniOzoneClusterImpl-513b5a01-9d99-4e7a-8fe1-3ea97a28e1a0/datanode-2/data/ratis/1a31760a-dae7-421f-944c-6c9ab64ef0a5/current/log_inprogress_0
2020-07-09 01:19:32,478 [4de64420-61f2-4826-b9c9-fe43ebf29f54@group-7617EFE81E04-LeaderElection8] INFO  impl.RaftServerImpl (ServerState.java:setRaftConf(356)) - 4de64420-61f2-4826-b9c9-fe43ebf29f54@group-7617EFE81E04: set configuration 0: [4de64420-61f2-4826-b9c9-fe43ebf29f54:172.17.0.2:38165], old=null at 0
2020-07-09 01:19:32,479 [4f159216-eef4-4234-82ad-645dd276908c@group-B75F79988D48-LeaderElection5] INFO  grpc.GrpcConfigKeys (ConfUtils.java:logGet(44)) - raft.grpc.server.leader.outstanding.appends.max = 128 (default)
2020-07-09 01:19:32,480 [4f159216-eef4-4234-82ad-645dd276908c@group-B75F79988D48-LeaderElection5] INFO  server.RaftServerConfigKeys (ConfUtils.java:logGet(44)) - raft.server.rpc.request.timeout = 3000ms (default)
2020-07-09 01:19:32,480 [4f159216-eef4-4234-82ad-645dd276908c@group-B75F79988D48-LeaderElection5] INFO  server.RaftServerConfigKeys (ConfUtils.java:logGet(44)) - raft.server.log.appender.install.snapshot.enabled = false (custom)
2020-07-09 01:19:32,480 [4f159216-eef4-4234-82ad-645dd276908c@group-B75F79988D48-LeaderElection5] INFO  metrics.RatisMetrics (RatisMetrics.java:lambda$create$0(36)) - Creating Metrics Registry : ratis_grpc.log_appender.4f159216-eef4-4234-82ad-645dd276908c@group-B75F79988D48
2020-07-09 01:19:32,482 [4de64420-61f2-4826-b9c9-fe43ebf29f54@group-7617EFE81E04-SegmentedRaftLogWorker] INFO  segmented.SegmentedRaftLogWorker (SegmentedRaftLogWorker.java:execute(596)) - 4de64420-61f2-4826-b9c9-fe43ebf29f54@group-7617EFE81E04-SegmentedRaftLogWorker: created new log segment /github/workspace/mnt/ozone/hadoop-ozone/integration-test/target/test-dir/MiniOzoneClusterImpl-513b5a01-9d99-4e7a-8fe1-3ea97a28e1a0/datanode-5/data/ratis/41fa43d2-a1fe-41ad-8492-7617efe81e04/current/log_inprogress_0
2020-07-09 01:19:32,485 [4f159216-eef4-4234-82ad-645dd276908c@group-B75F79988D48-LeaderElection5] INFO  server.RaftServerConfigKeys (ConfUtils.java:logGet(44)) - raft.server.log.appender.snapshot.chunk.size.max = 16MB (=16777216) (default)
2020-07-09 01:19:32,485 [4f159216-eef4-4234-82ad-645dd276908c@group-B75F79988D48-LeaderElection5] INFO  server.RaftServerConfigKeys (ConfUtils.java:logGet(44)) - raft.server.log.appender.buffer.byte-limit = 33554432 (custom)
2020-07-09 01:19:32,485 [4f159216-eef4-4234-82ad-645dd276908c@group-B75F79988D48-LeaderElection5] INFO  server.RaftServerConfigKeys (ConfUtils.java:logGet(44)) - raft.server.log.appender.buffer.element-limit = 1 (custom)
2020-07-09 01:19:32,486 [4f159216-eef4-4234-82ad-645dd276908c@group-B75F79988D48-LeaderElection5] INFO  grpc.GrpcConfigKeys (ConfUtils.java:logGet(44)) - raft.grpc.server.leader.outstanding.appends.max = 128 (default)
2020-07-09 01:19:32,486 [4f159216-eef4-4234-82ad-645dd276908c@group-B75F79988D48-LeaderElection5] INFO  server.RaftServerConfigKeys (ConfUtils.java:logGet(44)) - raft.server.rpc.request.timeout = 3000ms (default)
2020-07-09 01:19:32,486 [4f159216-eef4-4234-82ad-645dd276908c@group-B75F79988D48-LeaderElection5] INFO  server.RaftServerConfigKeys (ConfUtils.java:logGet(44)) - raft.server.log.appender.install.snapshot.enabled = false (custom)
2020-07-09 01:19:32,487 [4f159216-eef4-4234-82ad-645dd276908c@group-B75F79988D48-LeaderElection5] INFO  impl.RoleInfo (RoleInfo.java:updateAndGet(143)) - 4f159216-eef4-4234-82ad-645dd276908c: start LeaderState
2020-07-09 01:19:32,489 [4f159216-eef4-4234-82ad-645dd276908c@group-B75F79988D48-LeaderElection5] INFO  segmented.SegmentedRaftLogWorker (SegmentedRaftLogWorker.java:startLogSegment(397)) - 4f159216-eef4-4234-82ad-645dd276908c@group-B75F79988D48-SegmentedRaftLogWorker: Starting segment from index:0
2020-07-09 01:19:32,491 [4f159216-eef4-4234-82ad-645dd276908c@group-B75F79988D48-SegmentedRaftLogWorker] INFO  segmented.SegmentedRaftLogWorker (SegmentedRaftLogWorker.java:execute(596)) - 4f159216-eef4-4234-82ad-645dd276908c@group-B75F79988D48-SegmentedRaftLogWorker: created new log segment /github/workspace/mnt/ozone/hadoop-ozone/integration-test/target/test-dir/MiniOzoneClusterImpl-513b5a01-9d99-4e7a-8fe1-3ea97a28e1a0/datanode-3/data/ratis/9383e73a-41af-40e3-9896-b75f79988d48/current/log_inprogress_0
2020-07-09 01:19:32,497 [4f159216-eef4-4234-82ad-645dd276908c@group-B75F79988D48-LeaderElection5] INFO  impl.RaftServerImpl (ServerState.java:setRaftConf(356)) - 4f159216-eef4-4234-82ad-645dd276908c@group-B75F79988D48: set configuration 0: [c95b19f7-50b5-4904-962f-b689396cb015:172.17.0.2:34853, 4de64420-61f2-4826-b9c9-fe43ebf29f54:172.17.0.2:38165, 4f159216-eef4-4234-82ad-645dd276908c:172.17.0.2:41133], old=null at 0
2020-07-09 01:19:32,499 [grpc-default-executor-0] INFO  ratis.XceiverServerRatis (XceiverServerRatis.java:handleLeaderChangedNotification(762)) - Leader change notification received for group: group-B75F79988D48 with new leaderId: 4f159216-eef4-4234-82ad-645dd276908c
2020-07-09 01:19:32,499 [grpc-default-executor-0] INFO  impl.RaftServerImpl (ServerState.java:setLeader(255)) - c95b19f7-50b5-4904-962f-b689396cb015@group-B75F79988D48: change Leader from null to 4f159216-eef4-4234-82ad-645dd276908c at term 1 for appendEntries, leader elected after 5342ms
2020-07-09 01:19:32,500 [grpc-default-executor-0] DEBUG impl.RaftServerImpl (RaftServerImpl.java:logAppendEntries(928)) - c95b19f7-50b5-4904-962f-b689396cb015@group-B75F79988D48: receive appendEntries(4f159216-eef4-4234-82ad-645dd276908c, 1, null, -1, false, commits[4f159216-eef4-4234-82ad-645dd276908c:c-1, c95b19f7-50b5-4904-962f-b689396cb015:c-1, 4de64420-61f2-4826-b9c9-fe43ebf29f54:c-1], entries: (t:1, i:0), CONFIGURATIONENTRY
2020-07-09 01:19:32,500 [grpc-default-executor-0] INFO  impl.RaftServerImpl (ServerState.java:setRaftConf(356)) - c95b19f7-50b5-4904-962f-b689396cb015@group-B75F79988D48: set configuration 0: [c95b19f7-50b5-4904-962f-b689396cb015:172.17.0.2:34853, 4de64420-61f2-4826-b9c9-fe43ebf29f54:172.17.0.2:38165, 4f159216-eef4-4234-82ad-645dd276908c:172.17.0.2:41133], old=null at 0
2020-07-09 01:19:32,500 [grpc-default-executor-0] INFO  segmented.SegmentedRaftLogWorker (SegmentedRaftLogWorker.java:startLogSegment(397)) - c95b19f7-50b5-4904-962f-b689396cb015@group-B75F79988D48-SegmentedRaftLogWorker: Starting segment from index:0
2020-07-09 01:19:32,502 [c95b19f7-50b5-4904-962f-b689396cb015@group-B75F79988D48-SegmentedRaftLogWorker] INFO  segmented.SegmentedRaftLogWorker (SegmentedRaftLogWorker.java:execute(596)) - c95b19f7-50b5-4904-962f-b689396cb015@group-B75F79988D48-SegmentedRaftLogWorker: created new log segment /github/workspace/mnt/ozone/hadoop-ozone/integration-test/target/test-dir/MiniOzoneClusterImpl-513b5a01-9d99-4e7a-8fe1-3ea97a28e1a0/datanode-4/data/ratis/9383e73a-41af-40e3-9896-b75f79988d48/current/log_inprogress_0
2020-07-09 01:19:32,504 [grpc-default-executor-0] DEBUG server.GrpcLogAppender (GrpcLogAppender.java:onNext(257)) - 4f159216-eef4-4234-82ad-645dd276908c@group-B75F79988D48->c95b19f7-50b5-4904-962f-b689396cb015-AppendLogResponseHandler: received the first reply 4f159216-eef4-4234-82ad-645dd276908c<-c95b19f7-50b5-4904-962f-b689396cb015#0:OK,SUCCESS,nextIndex:1,term:1,followerCommit:-1, request=AppendEntriesRequest:cid=0,entriesCount=0,lastEntry=null
2020-07-09 01:19:32,505 [Thread-344] DEBUG impl.RaftServerImpl (RaftServerImpl.java:logAppendEntries(928)) - c95b19f7-50b5-4904-962f-b689396cb015@group-B75F79988D48: succeeded to handle AppendEntries. Reply: 4f159216-eef4-4234-82ad-645dd276908c<-c95b19f7-50b5-4904-962f-b689396cb015#1:OK,SUCCESS,nextIndex:1,term:1,followerCommit:-1
2020-07-09 01:19:32,506 [grpc-default-executor-0] DEBUG server.GrpcLogAppender (GrpcLogAppender.java:onNext(257)) - 4f159216-eef4-4234-82ad-645dd276908c@group-B75F79988D48->c95b19f7-50b5-4904-962f-b689396cb015-AppendLogResponseHandler: received a reply 4f159216-eef4-4234-82ad-645dd276908c<-c95b19f7-50b5-4904-962f-b689396cb015#1:OK,SUCCESS,nextIndex:1,term:1,followerCommit:-1, request=AppendEntriesRequest:cid=1,entriesCount=1,lastEntry=(t:1, i:0)
2020-07-09 01:19:32,519 [grpc-default-executor-2] INFO  ratis.XceiverServerRatis (XceiverServerRatis.java:handleLeaderChangedNotification(762)) - Leader change notification received for group: group-B75F79988D48 with new leaderId: 4f159216-eef4-4234-82ad-645dd276908c
2020-07-09 01:19:32,519 [grpc-default-executor-2] INFO  impl.RaftServerImpl (ServerState.java:setLeader(255)) - 4de64420-61f2-4826-b9c9-fe43ebf29f54@group-B75F79988D48: change Leader from null to 4f159216-eef4-4234-82ad-645dd276908c at term 1 for appendEntries, leader elected after 5082ms
2020-07-09 01:19:32,532 [grpc-default-executor-2] DEBUG impl.RaftServerImpl (RaftServerImpl.java:logAppendEntries(928)) - 4de64420-61f2-4826-b9c9-fe43ebf29f54@group-B75F79988D48: receive appendEntries(4f159216-eef4-4234-82ad-645dd276908c, 1, null, 0, false, commits[4f159216-eef4-4234-82ad-645dd276908c:c0, c95b19f7-50b5-4904-962f-b689396cb015:c-1, 4de64420-61f2-4826-b9c9-fe43ebf29f54:c-1], entries: (t:1, i:0), CONFIGURATIONENTRY
2020-07-09 01:19:32,533 [grpc-default-executor-2] INFO  impl.RaftServerImpl (ServerState.java:setRaftConf(356)) - 4de64420-61f2-4826-b9c9-fe43ebf29f54@group-B75F79988D48: set configuration 0: [c95b19f7-50b5-4904-962f-b689396cb015:172.17.0.2:34853, 4de64420-61f2-4826-b9c9-fe43ebf29f54:172.17.0.2:38165, 4f159216-eef4-4234-82ad-645dd276908c:172.17.0.2:41133], old=null at 0
2020-07-09 01:19:32,533 [grpc-default-executor-2] INFO  segmented.SegmentedRaftLogWorker (SegmentedRaftLogWorker.java:startLogSegment(397)) - 4de64420-61f2-4826-b9c9-fe43ebf29f54@group-B75F79988D48-SegmentedRaftLogWorker: Starting segment from index:0
2020-07-09 01:19:32,535 [4de64420-61f2-4826-b9c9-fe43ebf29f54@group-B75F79988D48-SegmentedRaftLogWorker] INFO  segmented.SegmentedRaftLogWorker (SegmentedRaftLogWorker.java:execute(596)) - 4de64420-61f2-4826-b9c9-fe43ebf29f54@group-B75F79988D48-SegmentedRaftLogWorker: created new log segment /github/workspace/mnt/ozone/hadoop-ozone/integration-test/target/test-dir/MiniOzoneClusterImpl-513b5a01-9d99-4e7a-8fe1-3ea97a28e1a0/datanode-5/data/ratis/9383e73a-41af-40e3-9896-b75f79988d48/current/log_inprogress_0
2020-07-09 01:19:32,536 [grpc-default-executor-0] DEBUG server.GrpcLogAppender (GrpcLogAppender.java:onNext(257)) - 4f159216-eef4-4234-82ad-645dd276908c@group-B75F79988D48->4de64420-61f2-4826-b9c9-fe43ebf29f54-AppendLogResponseHandler: received the first reply 4f159216-eef4-4234-82ad-645dd276908c<-4de64420-61f2-4826-b9c9-fe43ebf29f54#0:OK,SUCCESS,nextIndex:0,term:1,followerCommit:-1, request=AppendEntriesRequest:cid=0,entriesCount=0,lastEntry=null
2020-07-09 01:19:32,543 [Thread-346] DEBUG impl.RaftServerImpl (RaftServerImpl.java:logAppendEntries(928)) - 4de64420-61f2-4826-b9c9-fe43ebf29f54@group-B75F79988D48: succeeded to handle AppendEntries. Reply: 4f159216-eef4-4234-82ad-645dd276908c<-4de64420-61f2-4826-b9c9-fe43ebf29f54#1:OK,SUCCESS,nextIndex:1,term:1,followerCommit:0
2020-07-09 01:19:32,548 [grpc-default-executor-2] DEBUG server.GrpcLogAppender (GrpcLogAppender.java:onNext(257)) - 4f159216-eef4-4234-82ad-645dd276908c@group-B75F79988D48->4de64420-61f2-4826-b9c9-fe43ebf29f54-AppendLogResponseHandler: received a reply 4f159216-eef4-4234-82ad-645dd276908c<-4de64420-61f2-4826-b9c9-fe43ebf29f54#1:OK,SUCCESS,nextIndex:1,term:1,followerCommit:0, request=AppendEntriesRequest:cid=1,entriesCount=1,lastEntry=(t:1, i:0)
2020-07-09 01:19:32,567 [Thread-283] INFO  impl.FollowerState (FollowerState.java:run(108)) - 83bd9611-6e96-48be-a1bb-e26ec6efad02@group-E3FA04FDD405-FollowerState: change to CANDIDATE, lastRpcTime:5034ms, electionTimeout:5032ms
2020-07-09 01:19:32,567 [Thread-283] INFO  impl.RoleInfo (RoleInfo.java:shutdownFollowerState(121)) - 83bd9611-6e96-48be-a1bb-e26ec6efad02: shutdown FollowerState
2020-07-09 01:19:32,567 [Thread-283] INFO  impl.RaftServerImpl (RaftServerImpl.java:setRole(175)) - 83bd9611-6e96-48be-a1bb-e26ec6efad02@group-E3FA04FDD405: changes role from  FOLLOWER to CANDIDATE at term 0 for changeToCandidate
2020-07-09 01:19:32,567 [Thread-283] INFO  impl.RoleInfo (RoleInfo.java:updateAndGet(143)) - 83bd9611-6e96-48be-a1bb-e26ec6efad02: start LeaderElection
2020-07-09 01:19:32,578 [Thread-286] INFO  impl.FollowerState (FollowerState.java:run(108)) - 98f34e18-095d-41d7-a8c8-ef1510a34e6f@group-47F40364C92C-FollowerState: change to CANDIDATE, lastRpcTime:5020ms, electionTimeout:5015ms
2020-07-09 01:19:32,579 [Thread-286] INFO  impl.RoleInfo (RoleInfo.java:shutdownFollowerState(121)) - 98f34e18-095d-41d7-a8c8-ef1510a34e6f: shutdown FollowerState
2020-07-09 01:19:32,579 [Thread-286] INFO  impl.RaftServerImpl (RaftServerImpl.java:setRole(175)) - 98f34e18-095d-41d7-a8c8-ef1510a34e6f@group-47F40364C92C: changes role from  FOLLOWER to CANDIDATE at term 0 for changeToCandidate
2020-07-09 01:19:32,580 [Thread-286] INFO  impl.RoleInfo (RoleInfo.java:updateAndGet(143)) - 98f34e18-095d-41d7-a8c8-ef1510a34e6f: start LeaderElection
2020-07-09 01:19:32,598 [98f34e18-095d-41d7-a8c8-ef1510a34e6f@group-47F40364C92C-LeaderElection10] INFO  impl.LeaderElection (LeaderElection.java:askForVotes(206)) - 98f34e18-095d-41d7-a8c8-ef1510a34e6f@group-47F40364C92C-LeaderElection10: begin an election at term 1 for -1: [954078f0-2330-48dc-ab29-af631119e127:172.17.0.2:33459, 83bd9611-6e96-48be-a1bb-e26ec6efad02:172.17.0.2:36813, 98f34e18-095d-41d7-a8c8-ef1510a34e6f:172.17.0.2:37419], old=null
2020-07-09 01:19:32,610 [83bd9611-6e96-48be-a1bb-e26ec6efad02@group-E3FA04FDD405-LeaderElection9] INFO  impl.LeaderElection (LeaderElection.java:askForVotes(206)) - 83bd9611-6e96-48be-a1bb-e26ec6efad02@group-E3FA04FDD405-LeaderElection9: begin an election at term 1 for -1: [83bd9611-6e96-48be-a1bb-e26ec6efad02:172.17.0.2:36813], old=null
2020-07-09 01:19:32,610 [83bd9611-6e96-48be-a1bb-e26ec6efad02@group-E3FA04FDD405-LeaderElection9] INFO  impl.RoleInfo (RoleInfo.java:shutdownLeaderElection(134)) - 83bd9611-6e96-48be-a1bb-e26ec6efad02: shutdown LeaderElection
2020-07-09 01:19:32,610 [83bd9611-6e96-48be-a1bb-e26ec6efad02@group-E3FA04FDD405-LeaderElection9] INFO  impl.RaftServerImpl (RaftServerImpl.java:setRole(175)) - 83bd9611-6e96-48be-a1bb-e26ec6efad02@group-E3FA04FDD405: changes role from CANDIDATE to LEADER at term 1 for changeToLeader
2020-07-09 01:19:32,610 [83bd9611-6e96-48be-a1bb-e26ec6efad02@group-E3FA04FDD405-LeaderElection9] INFO  ratis.XceiverServerRatis (XceiverServerRatis.java:handleLeaderChangedNotification(762)) - Leader change notification received for group: group-E3FA04FDD405 with new leaderId: 83bd9611-6e96-48be-a1bb-e26ec6efad02
2020-07-09 01:19:32,610 [83bd9611-6e96-48be-a1bb-e26ec6efad02@group-E3FA04FDD405-LeaderElection9] INFO  impl.RaftServerImpl (ServerState.java:setLeader(255)) - 83bd9611-6e96-48be-a1bb-e26ec6efad02@group-E3FA04FDD405: change Leader from null to 83bd9611-6e96-48be-a1bb-e26ec6efad02 at term 1 for becomeLeader, leader elected after 5102ms
2020-07-09 01:19:32,610 [83bd9611-6e96-48be-a1bb-e26ec6efad02@group-E3FA04FDD405-LeaderElection9] INFO  server.RaftServerConfigKeys (ConfUtils.java:logGet(44)) - raft.server.staging.catchup.gap = 1000 (default)
2020-07-09 01:19:32,610 [83bd9611-6e96-48be-a1bb-e26ec6efad02@group-E3FA04FDD405-LeaderElection9] INFO  server.RaftServerConfigKeys (ConfUtils.java:logGet(44)) - raft.server.rpc.sleep.time = 25ms (default)
2020-07-09 01:19:32,611 [83bd9611-6e96-48be-a1bb-e26ec6efad02@group-E3FA04FDD405-LeaderElection9] INFO  metrics.RatisMetrics (RatisMetrics.java:lambda$create$0(36)) - Creating Metrics Registry : ratis.log_appender.83bd9611-6e96-48be-a1bb-e26ec6efad02@group-E3FA04FDD405
2020-07-09 01:19:32,611 [83bd9611-6e96-48be-a1bb-e26ec6efad02@group-E3FA04FDD405-LeaderElection9] INFO  server.RaftServerConfigKeys (ConfUtils.java:logGet(44)) - raft.server.write.element-limit = 1024 (custom)
2020-07-09 01:19:32,611 [83bd9611-6e96-48be-a1bb-e26ec6efad02@group-E3FA04FDD405-LeaderElection9] INFO  server.RaftServerConfigKeys (ConfUtils.java:logGet(44)) - raft.server.write.byte-limit = 1073741824 (custom)
2020-07-09 01:19:32,611 [83bd9611-6e96-48be-a1bb-e26ec6efad02@group-E3FA04FDD405-LeaderElection9] INFO  server.RaftServerConfigKeys (ConfUtils.java:logGet(44)) - raft.server.watch.timeout = 3000ms (custom)
2020-07-09 01:19:32,611 [83bd9611-6e96-48be-a1bb-e26ec6efad02@group-E3FA04FDD405-LeaderElection9] INFO  server.RaftServerConfigKeys (ConfUtils.java:logGet(44)) - raft.server.watch.timeout.denomination = 1s (default)
2020-07-09 01:19:32,611 [83bd9611-6e96-48be-a1bb-e26ec6efad02@group-E3FA04FDD405-LeaderElection9] INFO  server.RaftServerConfigKeys (ConfUtils.java:logGet(44)) - raft.server.watch.element-limit = 65536 (default)
2020-07-09 01:19:32,611 [83bd9611-6e96-48be-a1bb-e26ec6efad02@group-E3FA04FDD405-LeaderElection9] INFO  impl.RoleInfo (RoleInfo.java:updateAndGet(143)) - 83bd9611-6e96-48be-a1bb-e26ec6efad02: start LeaderState
2020-07-09 01:19:32,612 [83bd9611-6e96-48be-a1bb-e26ec6efad02@group-E3FA04FDD405-LeaderElection9] INFO  segmented.SegmentedRaftLogWorker (SegmentedRaftLogWorker.java:startLogSegment(397)) - 83bd9611-6e96-48be-a1bb-e26ec6efad02@group-E3FA04FDD405-SegmentedRaftLogWorker: Starting segment from index:0
2020-07-09 01:19:32,613 [83bd9611-6e96-48be-a1bb-e26ec6efad02@group-E3FA04FDD405-SegmentedRaftLogWorker] INFO  segmented.SegmentedRaftLogWorker (SegmentedRaftLogWorker.java:execute(596)) - 83bd9611-6e96-48be-a1bb-e26ec6efad02@group-E3FA04FDD405-SegmentedRaftLogWorker: created new log segment /github/workspace/mnt/ozone/hadoop-ozone/integration-test/target/test-dir/MiniOzoneClusterImpl-513b5a01-9d99-4e7a-8fe1-3ea97a28e1a0/datanode-6/data/ratis/63e63d2f-60c3-4651-a417-e3fa04fdd405/current/log_inprogress_0
2020-07-09 01:19:32,623 [83bd9611-6e96-48be-a1bb-e26ec6efad02@group-E3FA04FDD405-LeaderElection9] INFO  impl.RaftServerImpl (ServerState.java:setRaftConf(356)) - 83bd9611-6e96-48be-a1bb-e26ec6efad02@group-E3FA04FDD405: set configuration 0: [83bd9611-6e96-48be-a1bb-e26ec6efad02:172.17.0.2:36813], old=null at 0
2020-07-09 01:19:32,630 [grpc-default-executor-2] DEBUG impl.RaftServerImpl (RaftServerImpl.java:requestVote(821)) - 954078f0-2330-48dc-ab29-af631119e127@group-47F40364C92C: receive requestVote(98f34e18-095d-41d7-a8c8-ef1510a34e6f, group-47F40364C92C, 1, (t:0, i:0))
2020-07-09 01:19:32,634 [grpc-default-executor-2] INFO  impl.RaftServerImpl (RaftServerImpl.java:setRole(175)) - 954078f0-2330-48dc-ab29-af631119e127@group-47F40364C92C: changes role from  FOLLOWER to FOLLOWER at term 1 for recognizeCandidate:98f34e18-095d-41d7-a8c8-ef1510a34e6f
2020-07-09 01:19:32,634 [grpc-default-executor-2] INFO  impl.RoleInfo (RoleInfo.java:shutdownFollowerState(121)) - 954078f0-2330-48dc-ab29-af631119e127: shutdown FollowerState
2020-07-09 01:19:32,634 [grpc-default-executor-2] INFO  impl.RoleInfo (RoleInfo.java:updateAndGet(143)) - 954078f0-2330-48dc-ab29-af631119e127: start FollowerState
2020-07-09 01:19:32,634 [Thread-288] INFO  impl.FollowerState (FollowerState.java:run(117)) - 954078f0-2330-48dc-ab29-af631119e127@group-47F40364C92C-FollowerState was interrupted: java.lang.InterruptedException: sleep interrupted
2020-07-09 01:19:32,637 [grpc-default-executor-2] DEBUG impl.RaftServerImpl (RaftServerImpl.java:requestVote(853)) - 954078f0-2330-48dc-ab29-af631119e127@group-47F40364C92C replies to vote request: 98f34e18-095d-41d7-a8c8-ef1510a34e6f<-954078f0-2330-48dc-ab29-af631119e127#0:OK-t1. Peer's state: 954078f0-2330-48dc-ab29-af631119e127@group-47F40364C92C:t1, leader=null, voted=98f34e18-095d-41d7-a8c8-ef1510a34e6f, raftlog=954078f0-2330-48dc-ab29-af631119e127@group-47F40364C92C-SegmentedRaftLog:OPENED:c-1,f-1,i0, conf=-1: [954078f0-2330-48dc-ab29-af631119e127:172.17.0.2:33459, 83bd9611-6e96-48be-a1bb-e26ec6efad02:172.17.0.2:36813, 98f34e18-095d-41d7-a8c8-ef1510a34e6f:172.17.0.2:37419], old=null
2020-07-09 01:19:32,638 [98f34e18-095d-41d7-a8c8-ef1510a34e6f@group-47F40364C92C-LeaderElection10] INFO  impl.LeaderElection (LeaderElection.java:logAndReturn(61)) - 98f34e18-095d-41d7-a8c8-ef1510a34e6f@group-47F40364C92C-LeaderElection10: Election PASSED; received 1 response(s) [98f34e18-095d-41d7-a8c8-ef1510a34e6f<-954078f0-2330-48dc-ab29-af631119e127#0:OK-t1] and 0 exception(s); 98f34e18-095d-41d7-a8c8-ef1510a34e6f@group-47F40364C92C:t1, leader=null, voted=98f34e18-095d-41d7-a8c8-ef1510a34e6f, raftlog=98f34e18-095d-41d7-a8c8-ef1510a34e6f@group-47F40364C92C-SegmentedRaftLog:OPENED:c-1,f-1,i0, conf=-1: [954078f0-2330-48dc-ab29-af631119e127:172.17.0.2:33459, 83bd9611-6e96-48be-a1bb-e26ec6efad02:172.17.0.2:36813, 98f34e18-095d-41d7-a8c8-ef1510a34e6f:172.17.0.2:37419], old=null
2020-07-09 01:19:32,639 [98f34e18-095d-41d7-a8c8-ef1510a34e6f@group-47F40364C92C-LeaderElection10] INFO  impl.RoleInfo (RoleInfo.java:shutdownLeaderElection(134)) - 98f34e18-095d-41d7-a8c8-ef1510a34e6f: shutdown LeaderElection
2020-07-09 01:19:32,639 [98f34e18-095d-41d7-a8c8-ef1510a34e6f@group-47F40364C92C-LeaderElection10] INFO  impl.RaftServerImpl (RaftServerImpl.java:setRole(175)) - 98f34e18-095d-41d7-a8c8-ef1510a34e6f@group-47F40364C92C: changes role from CANDIDATE to LEADER at term 1 for changeToLeader
2020-07-09 01:19:32,639 [98f34e18-095d-41d7-a8c8-ef1510a34e6f@group-47F40364C92C-LeaderElection10] INFO  ratis.XceiverServerRatis (XceiverServerRatis.java:handleLeaderChangedNotification(762)) - Leader change notification received for group: group-47F40364C92C with new leaderId: 98f34e18-095d-41d7-a8c8-ef1510a34e6f
2020-07-09 01:19:32,639 [98f34e18-095d-41d7-a8c8-ef1510a34e6f@group-47F40364C92C-LeaderElection10] INFO  impl.RaftServerImpl (ServerState.java:setLeader(255)) - 98f34e18-095d-41d7-a8c8-ef1510a34e6f@group-47F40364C92C: change Leader from null to 98f34e18-095d-41d7-a8c8-ef1510a34e6f at term 1 for becomeLeader, leader elected after 5099ms
2020-07-09 01:19:32,639 [98f34e18-095d-41d7-a8c8-ef1510a34e6f@group-47F40364C92C-LeaderElection10] INFO  server.RaftServerConfigKeys (ConfUtils.java:logGet(44)) - raft.server.staging.catchup.gap = 1000 (default)
2020-07-09 01:19:32,639 [98f34e18-095d-41d7-a8c8-ef1510a34e6f@group-47F40364C92C-LeaderElection10] INFO  server.RaftServerConfigKeys (ConfUtils.java:logGet(44)) - raft.server.rpc.sleep.time = 25ms (default)
2020-07-09 01:19:32,639 [98f34e18-095d-41d7-a8c8-ef1510a34e6f@group-47F40364C92C-LeaderElection10] INFO  metrics.RatisMetrics (RatisMetrics.java:lambda$create$0(36)) - Creating Metrics Registry : ratis.log_appender.98f34e18-095d-41d7-a8c8-ef1510a34e6f@group-47F40364C92C
2020-07-09 01:19:32,639 [98f34e18-095d-41d7-a8c8-ef1510a34e6f@group-47F40364C92C-LeaderElection10] INFO  server.RaftServerConfigKeys (ConfUtils.java:logGet(44)) - raft.server.write.element-limit = 1024 (custom)
2020-07-09 01:19:32,639 [98f34e18-095d-41d7-a8c8-ef1510a34e6f@group-47F40364C92C-LeaderElection10] INFO  server.RaftServerConfigKeys (ConfUtils.java:logGet(44)) - raft.server.write.byte-limit = 1073741824 (custom)
2020-07-09 01:19:32,640 [98f34e18-095d-41d7-a8c8-ef1510a34e6f@group-47F40364C92C-LeaderElection10] INFO  server.RaftServerConfigKeys (ConfUtils.java:logGet(44)) - raft.server.watch.timeout = 3000ms (custom)
2020-07-09 01:19:32,640 [98f34e18-095d-41d7-a8c8-ef1510a34e6f@group-47F40364C92C-LeaderElection10] INFO  server.RaftServerConfigKeys (ConfUtils.java:logGet(44)) - raft.server.watch.timeout.denomination = 1s (default)
2020-07-09 01:19:32,640 [98f34e18-095d-41d7-a8c8-ef1510a34e6f@group-47F40364C92C-LeaderElection10] INFO  server.RaftServerConfigKeys (ConfUtils.java:logGet(44)) - raft.server.watch.element-limit = 65536 (default)
2020-07-09 01:19:32,640 [98f34e18-095d-41d7-a8c8-ef1510a34e6f@group-47F40364C92C-LeaderElection10] INFO  server.RaftServerConfigKeys (ConfUtils.java:logGet(44)) - raft.server.log.appender.snapshot.chunk.size.max = 16MB (=16777216) (default)
2020-07-09 01:19:32,640 [98f34e18-095d-41d7-a8c8-ef1510a34e6f@group-47F40364C92C-LeaderElection10] INFO  server.RaftServerConfigKeys (ConfUtils.java:logGet(44)) - raft.server.log.appender.buffer.byte-limit = 33554432 (custom)
2020-07-09 01:19:32,640 [98f34e18-095d-41d7-a8c8-ef1510a34e6f@group-47F40364C92C-LeaderElection10] INFO  server.RaftServerConfigKeys (ConfUtils.java:logGet(44)) - raft.server.log.appender.buffer.element-limit = 1 (custom)
2020-07-09 01:19:32,640 [98f34e18-095d-41d7-a8c8-ef1510a34e6f@group-47F40364C92C-LeaderElection10] INFO  grpc.GrpcConfigKeys (ConfUtils.java:logGet(44)) - raft.grpc.server.leader.outstanding.appends.max = 128 (default)
2020-07-09 01:19:32,640 [98f34e18-095d-41d7-a8c8-ef1510a34e6f@group-47F40364C92C-LeaderElection10] INFO  server.RaftServerConfigKeys (ConfUtils.java:logGet(44)) - raft.server.rpc.request.timeout = 3000ms (default)
2020-07-09 01:19:32,640 [98f34e18-095d-41d7-a8c8-ef1510a34e6f@group-47F40364C92C-LeaderElection10] INFO  server.RaftServerConfigKeys (ConfUtils.java:logGet(44)) - raft.server.log.appender.install.snapshot.enabled = false (custom)
2020-07-09 01:19:32,640 [98f34e18-095d-41d7-a8c8-ef1510a34e6f@group-47F40364C92C-LeaderElection10] INFO  metrics.RatisMetrics (RatisMetrics.java:lambda$create$0(36)) - Creating Metrics Registry : ratis_grpc.log_appender.98f34e18-095d-41d7-a8c8-ef1510a34e6f@group-47F40364C92C
2020-07-09 01:19:32,641 [98f34e18-095d-41d7-a8c8-ef1510a34e6f@group-47F40364C92C-LeaderElection10] INFO  server.RaftServerConfigKeys (ConfUtils.java:logGet(44)) - raft.server.log.appender.snapshot.chunk.size.max = 16MB (=16777216) (default)
2020-07-09 01:19:32,641 [98f34e18-095d-41d7-a8c8-ef1510a34e6f@group-47F40364C92C-LeaderElection10] INFO  server.RaftServerConfigKeys (ConfUtils.java:logGet(44)) - raft.server.log.appender.buffer.byte-limit = 33554432 (custom)
2020-07-09 01:19:32,641 [98f34e18-095d-41d7-a8c8-ef1510a34e6f@group-47F40364C92C-LeaderElection10] INFO  server.RaftServerConfigKeys (ConfUtils.java:logGet(44)) - raft.server.log.appender.buffer.element-limit = 1 (custom)
2020-07-09 01:19:32,642 [98f34e18-095d-41d7-a8c8-ef1510a34e6f@group-47F40364C92C-LeaderElection10] INFO  grpc.GrpcConfigKeys (ConfUtils.java:logGet(44)) - raft.grpc.server.leader.outstanding.appends.max = 128 (default)
2020-07-09 01:19:32,642 [98f34e18-095d-41d7-a8c8-ef1510a34e6f@group-47F40364C92C-LeaderElection10] INFO  server.RaftServerConfigKeys (ConfUtils.java:logGet(44)) - raft.server.rpc.request.timeout = 3000ms (default)
2020-07-09 01:19:32,642 [98f34e18-095d-41d7-a8c8-ef1510a34e6f@group-47F40364C92C-LeaderElection10] INFO  server.RaftServerConfigKeys (ConfUtils.java:logGet(44)) - raft.server.log.appender.install.snapshot.enabled = false (custom)
2020-07-09 01:19:32,643 [EventQueue-PipelineReportForPipelineReportHandler] INFO  pipeline.PipelineStateManager (PipelineStateManager.java:openPipeline(131)) - Pipeline Pipeline[ Id: 4130ba38-13b2-4571-bced-47f40364c92c, Nodes: 98f34e18-095d-41d7-a8c8-ef1510a34e6f{ip: 172.17.0.2, host: 848e8b8fb74f, networkLocation: /default-rack, certSerialId: null}954078f0-2330-48dc-ab29-af631119e127{ip: 172.17.0.2, host: 848e8b8fb74f, networkLocation: /default-rack, certSerialId: null}83bd9611-6e96-48be-a1bb-e26ec6efad02{ip: 172.17.0.2, host: 848e8b8fb74f, networkLocation: /default-rack, certSerialId: null}, Type:RATIS, Factor:THREE, State:ALLOCATED, leaderId:98f34e18-095d-41d7-a8c8-ef1510a34e6f, CreationTimestamp2020-07-09T01:19:24.385Z] moved to OPEN state
2020-07-09 01:19:32,663 [grpc-default-executor-0] DEBUG impl.RaftServerImpl (RaftServerImpl.java:requestVote(821)) - 83bd9611-6e96-48be-a1bb-e26ec6efad02@group-47F40364C92C: receive requestVote(98f34e18-095d-41d7-a8c8-ef1510a34e6f, group-47F40364C92C, 1, (t:0, i:0))
2020-07-09 01:19:32,644 [Thread-290] INFO  impl.FollowerState (FollowerState.java:run(108)) - 83bd9611-6e96-48be-a1bb-e26ec6efad02@group-47F40364C92C-FollowerState: change to CANDIDATE, lastRpcTime:5043ms, electionTimeout:5042ms
2020-07-09 01:19:32,664 [Thread-290] INFO  impl.RoleInfo (RoleInfo.java:shutdownFollowerState(121)) - 83bd9611-6e96-48be-a1bb-e26ec6efad02: shutdown FollowerState
2020-07-09 01:19:32,664 [Thread-290] INFO  impl.RaftServerImpl (RaftServerImpl.java:setRole(175)) - 83bd9611-6e96-48be-a1bb-e26ec6efad02@group-47F40364C92C: changes role from  FOLLOWER to CANDIDATE at term 0 for changeToCandidate
2020-07-09 01:19:32,664 [Thread-290] INFO  impl.RoleInfo (RoleInfo.java:updateAndGet(143)) - 83bd9611-6e96-48be-a1bb-e26ec6efad02: start LeaderElection
2020-07-09 01:19:32,644 [98f34e18-095d-41d7-a8c8-ef1510a34e6f@group-47F40364C92C-LeaderElection10] INFO  impl.RoleInfo (RoleInfo.java:updateAndGet(143)) - 98f34e18-095d-41d7-a8c8-ef1510a34e6f: start LeaderState
2020-07-09 01:19:32,665 [98f34e18-095d-41d7-a8c8-ef1510a34e6f@group-47F40364C92C-LeaderElection10] INFO  segmented.SegmentedRaftLogWorker (SegmentedRaftLogWorker.java:startLogSegment(397)) - 98f34e18-095d-41d7-a8c8-ef1510a34e6f@group-47F40364C92C-SegmentedRaftLogWorker: Starting segment from index:0
2020-07-09 01:19:32,666 [Thread-284] INFO  impl.FollowerState (FollowerState.java:run(108)) - 954078f0-2330-48dc-ab29-af631119e127@group-7E8E1064F426-FollowerState: change to CANDIDATE, lastRpcTime:5129ms, electionTimeout:5127ms
2020-07-09 01:19:32,666 [Thread-284] INFO  impl.RoleInfo (RoleInfo.java:shutdownFollowerState(121)) - 954078f0-2330-48dc-ab29-af631119e127: shutdown FollowerState
2020-07-09 01:19:32,666 [Thread-284] INFO  impl.RaftServerImpl (RaftServerImpl.java:setRole(175)) - 954078f0-2330-48dc-ab29-af631119e127@group-7E8E1064F426: changes role from  FOLLOWER to CANDIDATE at term 0 for changeToCandidate
2020-07-09 01:19:32,669 [Thread-284] INFO  impl.RoleInfo (RoleInfo.java:updateAndGet(143)) - 954078f0-2330-48dc-ab29-af631119e127: start LeaderElection
2020-07-09 01:19:32,673 [98f34e18-095d-41d7-a8c8-ef1510a34e6f@group-47F40364C92C-SegmentedRaftLogWorker] INFO  segmented.SegmentedRaftLogWorker (SegmentedRaftLogWorker.java:execute(596)) - 98f34e18-095d-41d7-a8c8-ef1510a34e6f@group-47F40364C92C-SegmentedRaftLogWorker: created new log segment /github/workspace/mnt/ozone/hadoop-ozone/integration-test/target/test-dir/MiniOzoneClusterImpl-513b5a01-9d99-4e7a-8fe1-3ea97a28e1a0/datanode-8/data/ratis/4130ba38-13b2-4571-bced-47f40364c92c/current/log_inprogress_0
2020-07-09 01:19:32,679 [grpc-default-executor-0] INFO  impl.RaftServerImpl (RaftServerImpl.java:setRole(175)) - 83bd9611-6e96-48be-a1bb-e26ec6efad02@group-47F40364C92C: changes role from CANDIDATE to FOLLOWER at term 1 for recognizeCandidate:98f34e18-095d-41d7-a8c8-ef1510a34e6f
2020-07-09 01:19:32,679 [grpc-default-executor-0] INFO  impl.RoleInfo (RoleInfo.java:shutdownLeaderElection(134)) - 83bd9611-6e96-48be-a1bb-e26ec6efad02: shutdown LeaderElection
2020-07-09 01:19:32,679 [98f34e18-095d-41d7-a8c8-ef1510a34e6f@group-47F40364C92C-LeaderElection10] INFO  impl.RaftServerImpl (ServerState.java:setRaftConf(356)) - 98f34e18-095d-41d7-a8c8-ef1510a34e6f@group-47F40364C92C: set configuration 0: [954078f0-2330-48dc-ab29-af631119e127:172.17.0.2:33459, 83bd9611-6e96-48be-a1bb-e26ec6efad02:172.17.0.2:36813, 98f34e18-095d-41d7-a8c8-ef1510a34e6f:172.17.0.2:37419], old=null at 0
2020-07-09 01:19:32,679 [grpc-default-executor-0] INFO  impl.RoleInfo (RoleInfo.java:updateAndGet(143)) - 83bd9611-6e96-48be-a1bb-e26ec6efad02: start FollowerState
2020-07-09 01:19:32,685 [grpc-default-executor-0] DEBUG impl.RaftServerImpl (RaftServerImpl.java:requestVote(853)) - 83bd9611-6e96-48be-a1bb-e26ec6efad02@group-47F40364C92C replies to vote request: 98f34e18-095d-41d7-a8c8-ef1510a34e6f<-83bd9611-6e96-48be-a1bb-e26ec6efad02#0:FAIL-t1. Peer's state: 83bd9611-6e96-48be-a1bb-e26ec6efad02@group-47F40364C92C:t1, leader=null, voted=null, raftlog=83bd9611-6e96-48be-a1bb-e26ec6efad02@group-47F40364C92C-SegmentedRaftLog:OPENED:c-1,f-1,i0, conf=-1: [954078f0-2330-48dc-ab29-af631119e127:172.17.0.2:33459, 83bd9611-6e96-48be-a1bb-e26ec6efad02:172.17.0.2:36813, 98f34e18-095d-41d7-a8c8-ef1510a34e6f:172.17.0.2:37419], old=null
2020-07-09 01:19:32,692 [83bd9611-6e96-48be-a1bb-e26ec6efad02@group-47F40364C92C-LeaderElection11] INFO  impl.LeaderElection (LeaderElection.java:askForVotes(206)) - 83bd9611-6e96-48be-a1bb-e26ec6efad02@group-47F40364C92C-LeaderElection11: begin an election at term 2 for -1: [954078f0-2330-48dc-ab29-af631119e127:172.17.0.2:33459, 83bd9611-6e96-48be-a1bb-e26ec6efad02:172.17.0.2:36813, 98f34e18-095d-41d7-a8c8-ef1510a34e6f:172.17.0.2:37419], old=null
2020-07-09 01:19:32,694 [954078f0-2330-48dc-ab29-af631119e127@group-7E8E1064F426-LeaderElection12] INFO  impl.LeaderElection (LeaderElection.java:askForVotes(206)) - 954078f0-2330-48dc-ab29-af631119e127@group-7E8E1064F426-LeaderElection12: begin an election at term 1 for -1: [954078f0-2330-48dc-ab29-af631119e127:172.17.0.2:33459], old=null
2020-07-09 01:19:32,699 [954078f0-2330-48dc-ab29-af631119e127@group-7E8E1064F426-LeaderElection12] INFO  impl.RoleInfo (RoleInfo.java:shutdownLeaderElection(134)) - 954078f0-2330-48dc-ab29-af631119e127: shutdown LeaderElection
2020-07-09 01:19:32,699 [954078f0-2330-48dc-ab29-af631119e127@group-7E8E1064F426-LeaderElection12] INFO  impl.RaftServerImpl (RaftServerImpl.java:setRole(175)) - 954078f0-2330-48dc-ab29-af631119e127@group-7E8E1064F426: changes role from CANDIDATE to LEADER at term 1 for changeToLeader
2020-07-09 01:19:32,699 [954078f0-2330-48dc-ab29-af631119e127@group-7E8E1064F426-LeaderElection12] INFO  ratis.XceiverServerRatis (XceiverServerRatis.java:handleLeaderChangedNotification(762)) - Leader change notification received for group: group-7E8E1064F426 with new leaderId: 954078f0-2330-48dc-ab29-af631119e127
2020-07-09 01:19:32,699 [954078f0-2330-48dc-ab29-af631119e127@group-7E8E1064F426-LeaderElection12] INFO  impl.RaftServerImpl (ServerState.java:setLeader(255)) - 954078f0-2330-48dc-ab29-af631119e127@group-7E8E1064F426: change Leader from null to 954078f0-2330-48dc-ab29-af631119e127 at term 1 for becomeLeader, leader elected after 5200ms
2020-07-09 01:19:32,699 [954078f0-2330-48dc-ab29-af631119e127@group-7E8E1064F426-LeaderElection12] INFO  server.RaftServerConfigKeys (ConfUtils.java:logGet(44)) - raft.server.staging.catchup.gap = 1000 (default)
2020-07-09 01:19:32,699 [954078f0-2330-48dc-ab29-af631119e127@group-7E8E1064F426-LeaderElection12] INFO  server.RaftServerConfigKeys (ConfUtils.java:logGet(44)) - raft.server.rpc.sleep.time = 25ms (default)
2020-07-09 01:19:32,699 [954078f0-2330-48dc-ab29-af631119e127@group-7E8E1064F426-LeaderElection12] INFO  metrics.RatisMetrics (RatisMetrics.java:lambda$create$0(36)) - Creating Metrics Registry : ratis.log_appender.954078f0-2330-48dc-ab29-af631119e127@group-7E8E1064F426
2020-07-09 01:19:32,700 [grpc-default-executor-4] INFO  ratis.XceiverServerRatis (XceiverServerRatis.java:handleLeaderChangedNotification(762)) - Leader change notification received for group: group-47F40364C92C with new leaderId: 98f34e18-095d-41d7-a8c8-ef1510a34e6f
2020-07-09 01:19:32,700 [grpc-default-executor-4] INFO  impl.RaftServerImpl (ServerState.java:setLeader(255)) - 954078f0-2330-48dc-ab29-af631119e127@group-47F40364C92C: change Leader from null to 98f34e18-095d-41d7-a8c8-ef1510a34e6f at term 1 for appendEntries, leader elected after 5133ms
2020-07-09 01:19:32,696 [grpc-default-executor-0] DEBUG impl.RaftServerImpl (RaftServerImpl.java:appendEntriesAsync(990)) - 83bd9611-6e96-48be-a1bb-e26ec6efad02@group-47F40364C92C: Not recognize 98f34e18-095d-41d7-a8c8-ef1510a34e6f (term=1) as leader, state: 83bd9611-6e96-48be-a1bb-e26ec6efad02@group-47F40364C92C:t2, leader=null, voted=83bd9611-6e96-48be-a1bb-e26ec6efad02, raftlog=83bd9611-6e96-48be-a1bb-e26ec6efad02@group-47F40364C92C-SegmentedRaftLog:OPENED:c-1,f-1,i0, conf=-1: [954078f0-2330-48dc-ab29-af631119e127:172.17.0.2:33459, 83bd9611-6e96-48be-a1bb-e26ec6efad02:172.17.0.2:36813, 98f34e18-095d-41d7-a8c8-ef1510a34e6f:172.17.0.2:37419], old=null reply: 98f34e18-095d-41d7-a8c8-ef1510a34e6f<-83bd9611-6e96-48be-a1bb-e26ec6efad02#0:FAIL,NOT_LEADER,nextIndex:1,term:2,followerCommit:-1
2020-07-09 01:19:32,694 [83bd9611-6e96-48be-a1bb-e26ec6efad02@group-47F40364C92C-LeaderElection11] INFO  impl.LeaderElection (LeaderElection.java:logAndReturn(61)) - 83bd9611-6e96-48be-a1bb-e26ec6efad02@group-47F40364C92C-LeaderElection11: Election REJECTED; received 0 response(s) [] and 0 exception(s); 83bd9611-6e96-48be-a1bb-e26ec6efad02@group-47F40364C92C:t2, leader=null, voted=83bd9611-6e96-48be-a1bb-e26ec6efad02, raftlog=83bd9611-6e96-48be-a1bb-e26ec6efad02@group-47F40364C92C-SegmentedRaftLog:OPENED:c-1,f-1,i0, conf=-1: [954078f0-2330-48dc-ab29-af631119e127:172.17.0.2:33459, 83bd9611-6e96-48be-a1bb-e26ec6efad02:172.17.0.2:36813, 98f34e18-095d-41d7-a8c8-ef1510a34e6f:172.17.0.2:37419], old=null
2020-07-09 01:19:32,702 [grpc-default-executor-0] DEBUG impl.RaftServerImpl (RaftServerImpl.java:logAppendEntries(928)) - 83bd9611-6e96-48be-a1bb-e26ec6efad02@group-47F40364C92C: receive appendEntries(98f34e18-095d-41d7-a8c8-ef1510a34e6f, 1, null, 0, false, commits[98f34e18-095d-41d7-a8c8-ef1510a34e6f:c0, 954078f0-2330-48dc-ab29-af631119e127:c-1, 83bd9611-6e96-48be-a1bb-e26ec6efad02:c-1], entries: (t:1, i:0), CONFIGURATIONENTRY
2020-07-09 01:19:32,707 [grpc-default-executor-0] DEBUG impl.RaftServerImpl (RaftServerImpl.java:appendEntriesAsync(990)) - 83bd9611-6e96-48be-a1bb-e26ec6efad02@group-47F40364C92C: Not recognize 98f34e18-095d-41d7-a8c8-ef1510a34e6f (term=1) as leader, state: 83bd9611-6e96-48be-a1bb-e26ec6efad02@group-47F40364C92C:t2, leader=null, voted=83bd9611-6e96-48be-a1bb-e26ec6efad02, raftlog=83bd9611-6e96-48be-a1bb-e26ec6efad02@group-47F40364C92C-SegmentedRaftLog:OPENED:c-1,f-1,i0, conf=-1: [954078f0-2330-48dc-ab29-af631119e127:172.17.0.2:33459, 83bd9611-6e96-48be-a1bb-e26ec6efad02:172.17.0.2:36813, 98f34e18-095d-41d7-a8c8-ef1510a34e6f:172.17.0.2:37419], old=null reply: 98f34e18-095d-41d7-a8c8-ef1510a34e6f<-83bd9611-6e96-48be-a1bb-e26ec6efad02#1:FAIL,NOT_LEADER,nextIndex:1,term:2,followerCommit:-1
2020-07-09 01:19:32,704 [grpc-default-executor-2] DEBUG server.GrpcLogAppender (GrpcLogAppender.java:onNext(257)) - 98f34e18-095d-41d7-a8c8-ef1510a34e6f@group-47F40364C92C->83bd9611-6e96-48be-a1bb-e26ec6efad02-AppendLogResponseHandler: received the first reply 98f34e18-095d-41d7-a8c8-ef1510a34e6f<-83bd9611-6e96-48be-a1bb-e26ec6efad02#0:FAIL,NOT_LEADER,nextIndex:1,term:2,followerCommit:-1, request=AppendEntriesRequest:cid=0,entriesCount=0,lastEntry=null
2020-07-09 01:19:32,704 [grpc-default-executor-3] DEBUG server.GrpcLogAppender (GrpcLogAppender.java:onNext(257)) - 98f34e18-095d-41d7-a8c8-ef1510a34e6f@group-47F40364C92C->954078f0-2330-48dc-ab29-af631119e127-AppendLogResponseHandler: received the first reply 98f34e18-095d-41d7-a8c8-ef1510a34e6f<-954078f0-2330-48dc-ab29-af631119e127#0:OK,SUCCESS,nextIndex:0,term:1,followerCommit:-1, request=AppendEntriesRequest:cid=0,entriesCount=0,lastEntry=null
2020-07-09 01:19:32,703 [grpc-default-executor-4] DEBUG impl.RaftServerImpl (RaftServerImpl.java:logAppendEntries(928)) - 954078f0-2330-48dc-ab29-af631119e127@group-47F40364C92C: receive appendEntries(98f34e18-095d-41d7-a8c8-ef1510a34e6f, 1, null, 0, false, commits[98f34e18-095d-41d7-a8c8-ef1510a34e6f:c0, 954078f0-2330-48dc-ab29-af631119e127:c-1, 83bd9611-6e96-48be-a1bb-e26ec6efad02:c-1], entries: (t:1, i:0), CONFIGURATIONENTRY
2020-07-09 01:19:32,708 [Thread-353] INFO  impl.RaftServerImpl (ServerState.java:setLeader(255)) - 98f34e18-095d-41d7-a8c8-ef1510a34e6f@group-47F40364C92C: change Leader from 98f34e18-095d-41d7-a8c8-ef1510a34e6f to null at term 2 for updateCurrentTerm
2020-07-09 01:19:32,709 [Thread-353] INFO  impl.RaftServerImpl (RaftServerImpl.java:setRole(175)) - 98f34e18-095d-41d7-a8c8-ef1510a34e6f@group-47F40364C92C: changes role from    LEADER to FOLLOWER at term 2 for stepDown
2020-07-09 01:19:32,709 [Thread-353] INFO  impl.RoleInfo (RoleInfo.java:shutdownLeaderState(104)) - 98f34e18-095d-41d7-a8c8-ef1510a34e6f: shutdown LeaderState
2020-07-09 01:19:32,710 [Thread-353] INFO  metrics.RatisMetrics (RatisMetrics.java:unregister(43)) - Unregistering Metrics Registry : ratis_grpc.log_appender.98f34e18-095d-41d7-a8c8-ef1510a34e6f@group-47F40364C92C
2020-07-09 01:19:32,710 [Thread-281] INFO  impl.FollowerState (FollowerState.java:run(108)) - 98f34e18-095d-41d7-a8c8-ef1510a34e6f@group-8D5B18CBEEFA-FollowerState: change to CANDIDATE, lastRpcTime:5191ms, electionTimeout:5151ms
2020-07-09 01:19:32,710 [Thread-281] INFO  impl.RoleInfo (RoleInfo.java:shutdownFollowerState(121)) - 98f34e18-095d-41d7-a8c8-ef1510a34e6f: shutdown FollowerState
2020-07-09 01:19:32,710 [Thread-281] INFO  impl.RaftServerImpl (RaftServerImpl.java:setRole(175)) - 98f34e18-095d-41d7-a8c8-ef1510a34e6f@group-8D5B18CBEEFA: changes role from  FOLLOWER to CANDIDATE at term 0 for changeToCandidate
2020-07-09 01:19:32,710 [Thread-281] INFO  impl.RoleInfo (RoleInfo.java:updateAndGet(143)) - 98f34e18-095d-41d7-a8c8-ef1510a34e6f: start LeaderElection
2020-07-09 01:19:32,715 [Thread-353] INFO  metrics.RatisMetrics (RatisMetrics.java:unregister(43)) - Unregistering Metrics Registry : ratis_grpc.log_appender.98f34e18-095d-41d7-a8c8-ef1510a34e6f@group-47F40364C92C
2020-07-09 01:19:32,715 [org.apache.ratis.server.impl.LogAppender$AppenderDaemon$$Lambda$435/835520085@15610bff] WARN  server.GrpcLogAppender (GrpcLogAppender.java:mayWait(153)) - 98f34e18-095d-41d7-a8c8-ef1510a34e6f@group-47F40364C92C->954078f0-2330-48dc-ab29-af631119e127-GrpcLogAppender: Wait interrupted by java.lang.InterruptedException
2020-07-09 01:19:32,716 [grpc-default-executor-4] INFO  impl.RaftServerImpl (ServerState.java:setRaftConf(356)) - 954078f0-2330-48dc-ab29-af631119e127@group-47F40364C92C: set configuration 0: [954078f0-2330-48dc-ab29-af631119e127:172.17.0.2:33459, 83bd9611-6e96-48be-a1bb-e26ec6efad02:172.17.0.2:36813, 98f34e18-095d-41d7-a8c8-ef1510a34e6f:172.17.0.2:37419], old=null at 0
2020-07-09 01:19:32,716 [grpc-default-executor-4] INFO  segmented.SegmentedRaftLogWorker (SegmentedRaftLogWorker.java:startLogSegment(397)) - 954078f0-2330-48dc-ab29-af631119e127@group-47F40364C92C-SegmentedRaftLogWorker: Starting segment from index:0
2020-07-09 01:19:32,721 [954078f0-2330-48dc-ab29-af631119e127@group-47F40364C92C-SegmentedRaftLogWorker] INFO  segmented.SegmentedRaftLogWorker (SegmentedRaftLogWorker.java:execute(596)) - 954078f0-2330-48dc-ab29-af631119e127@group-47F40364C92C-SegmentedRaftLogWorker: created new log segment /github/workspace/mnt/ozone/hadoop-ozone/integration-test/target/test-dir/MiniOzoneClusterImpl-513b5a01-9d99-4e7a-8fe1-3ea97a28e1a0/datanode-7/data/ratis/4130ba38-13b2-4571-bced-47f40364c92c/current/log_inprogress_0
2020-07-09 01:19:32,721 [org.apache.ratis.server.impl.LogAppender$AppenderDaemon$$Lambda$435/835520085@600ed1a4] WARN  server.GrpcLogAppender (GrpcLogAppender.java:mayWait(153)) - 98f34e18-095d-41d7-a8c8-ef1510a34e6f@group-47F40364C92C->83bd9611-6e96-48be-a1bb-e26ec6efad02-GrpcLogAppender: Wait interrupted by java.lang.InterruptedException
2020-07-09 01:19:32,723 [954078f0-2330-48dc-ab29-af631119e127@group-7E8E1064F426-LeaderElection12] INFO  server.RaftServerConfigKeys (ConfUtils.java:logGet(44)) - raft.server.write.element-limit = 1024 (custom)
2020-07-09 01:19:32,723 [954078f0-2330-48dc-ab29-af631119e127@group-7E8E1064F426-LeaderElection12] INFO  server.RaftServerConfigKeys (ConfUtils.java:logGet(44)) - raft.server.write.byte-limit = 1073741824 (custom)
2020-07-09 01:19:32,723 [954078f0-2330-48dc-ab29-af631119e127@group-7E8E1064F426-LeaderElection12] INFO  server.RaftServerConfigKeys (ConfUtils.java:logGet(44)) - raft.server.watch.timeout = 3000ms (custom)
2020-07-09 01:19:32,723 [954078f0-2330-48dc-ab29-af631119e127@group-7E8E1064F426-LeaderElection12] INFO  server.RaftServerConfigKeys (ConfUtils.java:logGet(44)) - raft.server.watch.timeout.denomination = 1s (default)
2020-07-09 01:19:32,723 [954078f0-2330-48dc-ab29-af631119e127@group-7E8E1064F426-LeaderElection12] INFO  server.RaftServerConfigKeys (ConfUtils.java:logGet(44)) - raft.server.watch.element-limit = 65536 (default)
2020-07-09 01:19:32,723 [954078f0-2330-48dc-ab29-af631119e127@group-7E8E1064F426-LeaderElection12] INFO  impl.RoleInfo (RoleInfo.java:updateAndGet(143)) - 954078f0-2330-48dc-ab29-af631119e127: start LeaderState
2020-07-09 01:19:32,724 [954078f0-2330-48dc-ab29-af631119e127@group-7E8E1064F426-LeaderElection12] INFO  segmented.SegmentedRaftLogWorker (SegmentedRaftLogWorker.java:startLogSegment(397)) - 954078f0-2330-48dc-ab29-af631119e127@group-7E8E1064F426-SegmentedRaftLogWorker: Starting segment from index:0
2020-07-09 01:19:32,724 [Thread-353] INFO  impl.PendingRequests (PendingRequests.java:sendNotLeaderResponses(249)) - 98f34e18-095d-41d7-a8c8-ef1510a34e6f@group-47F40364C92C-PendingRequests: sendNotLeaderResponses
2020-07-09 01:19:32,725 [Thread-353] INFO  metrics.RatisMetrics (RatisMetrics.java:unregister(43)) - Unregistering Metrics Registry : ratis.log_appender.98f34e18-095d-41d7-a8c8-ef1510a34e6f@group-47F40364C92C
2020-07-09 01:19:32,725 [Thread-353] INFO  metrics.RatisMetrics (RatisMetrics.java:unregister(43)) - Unregistering Metrics Registry : ratis.server.98f34e18-095d-41d7-a8c8-ef1510a34e6f@group-47F40364C92C
2020-07-09 01:19:32,727 [954078f0-2330-48dc-ab29-af631119e127@group-7E8E1064F426-SegmentedRaftLogWorker] INFO  segmented.SegmentedRaftLogWorker (SegmentedRaftLogWorker.java:execute(596)) - 954078f0-2330-48dc-ab29-af631119e127@group-7E8E1064F426-SegmentedRaftLogWorker: created new log segment /github/workspace/mnt/ozone/hadoop-ozone/integration-test/target/test-dir/MiniOzoneClusterImpl-513b5a01-9d99-4e7a-8fe1-3ea97a28e1a0/datanode-7/data/ratis/e077453d-14df-41e0-b93b-7e8e1064f426/current/log_inprogress_0
2020-07-09 01:19:32,739 [954078f0-2330-48dc-ab29-af631119e127@group-7E8E1064F426-LeaderElection12] INFO  impl.RaftServerImpl (ServerState.java:setRaftConf(356)) - 954078f0-2330-48dc-ab29-af631119e127@group-7E8E1064F426: set configuration 0: [954078f0-2330-48dc-ab29-af631119e127:172.17.0.2:33459], old=null at 0
2020-07-09 01:19:32,739 [grpc-default-executor-3] DEBUG server.GrpcLogAppender (GrpcLogAppender.java:onNext(257)) - 98f34e18-095d-41d7-a8c8-ef1510a34e6f@group-47F40364C92C->83bd9611-6e96-48be-a1bb-e26ec6efad02-AppendLogResponseHandler: received a reply 98f34e18-095d-41d7-a8c8-ef1510a34e6f<-83bd9611-6e96-48be-a1bb-e26ec6efad02#1:FAIL,NOT_LEADER,nextIndex:1,term:2,followerCommit:-1, request=AppendEntriesRequest:cid=1,entriesCount=1,lastEntry=(t:1, i:0)
2020-07-09 01:19:32,749 [grpc-default-executor-4] INFO  server.GrpcServerProtocolService (GrpcServerProtocolService.java:onCompleted(138)) - 954078f0-2330-48dc-ab29-af631119e127: Completed APPEND_ENTRIES, lastRequest: 98f34e18-095d-41d7-a8c8-ef1510a34e6f->954078f0-2330-48dc-ab29-af631119e127#1-t1, previous=(t:0, i:0), leaderCommit=0, initializing? false, entries: size=1, first=(t:1, i:0), CONFIGURATIONENTRY
2020-07-09 01:19:32,749 [Thread-353] INFO  impl.RoleInfo (RoleInfo.java:updateAndGet(143)) - 98f34e18-095d-41d7-a8c8-ef1510a34e6f: start FollowerState
2020-07-09 01:19:32,751 [98f34e18-095d-41d7-a8c8-ef1510a34e6f@group-8D5B18CBEEFA-LeaderElection13] INFO  impl.LeaderElection (LeaderElection.java:askForVotes(206)) - 98f34e18-095d-41d7-a8c8-ef1510a34e6f@group-8D5B18CBEEFA-LeaderElection13: begin an election at term 1 for -1: [98f34e18-095d-41d7-a8c8-ef1510a34e6f:172.17.0.2:37419], old=null
2020-07-09 01:19:32,751 [98f34e18-095d-41d7-a8c8-ef1510a34e6f@group-8D5B18CBEEFA-LeaderElection13] INFO  impl.RoleInfo (RoleInfo.java:shutdownLeaderElection(134)) - 98f34e18-095d-41d7-a8c8-ef1510a34e6f: shutdown LeaderElection
2020-07-09 01:19:32,751 [98f34e18-095d-41d7-a8c8-ef1510a34e6f@group-8D5B18CBEEFA-LeaderElection13] INFO  impl.RaftServerImpl (RaftServerImpl.java:setRole(175)) - 98f34e18-095d-41d7-a8c8-ef1510a34e6f@group-8D5B18CBEEFA: changes role from CANDIDATE to LEADER at term 1 for changeToLeader
2020-07-09 01:19:32,751 [98f34e18-095d-41d7-a8c8-ef1510a34e6f@group-8D5B18CBEEFA-LeaderElection13] INFO  ratis.XceiverServerRatis (XceiverServerRatis.java:handleLeaderChangedNotification(762)) - Leader change notification received for group: group-8D5B18CBEEFA with new leaderId: 98f34e18-095d-41d7-a8c8-ef1510a34e6f
2020-07-09 01:19:32,752 [grpc-default-executor-4] INFO  server.GrpcServerProtocolService (GrpcServerProtocolService.java:onCompleted(138)) - 83bd9611-6e96-48be-a1bb-e26ec6efad02: Completed APPEND_ENTRIES, lastRequest: 98f34e18-095d-41d7-a8c8-ef1510a34e6f->83bd9611-6e96-48be-a1bb-e26ec6efad02#1-t1, previous=(t:0, i:0), leaderCommit=0, initializing? false, entries: size=1, first=(t:1, i:0), CONFIGURATIONENTRY
2020-07-09 01:19:32,752 [grpc-default-executor-0] INFO  server.GrpcLogAppender (GrpcLogAppender.java:onCompleted(319)) - 98f34e18-095d-41d7-a8c8-ef1510a34e6f@group-47F40364C92C->954078f0-2330-48dc-ab29-af631119e127-AppendLogResponseHandler: follower responses appendEntries COMPLETED
2020-07-09 01:19:32,754 [grpc-default-executor-3] INFO  server.GrpcLogAppender (GrpcLogAppender.java:onCompleted(319)) - 98f34e18-095d-41d7-a8c8-ef1510a34e6f@group-47F40364C92C->83bd9611-6e96-48be-a1bb-e26ec6efad02-AppendLogResponseHandler: follower responses appendEntries COMPLETED
2020-07-09 01:19:32,755 [98f34e18-095d-41d7-a8c8-ef1510a34e6f@group-8D5B18CBEEFA-LeaderElection13] INFO  impl.RaftServerImpl (ServerState.java:setLeader(255)) - 98f34e18-095d-41d7-a8c8-ef1510a34e6f@group-8D5B18CBEEFA: change Leader from null to 98f34e18-095d-41d7-a8c8-ef1510a34e6f at term 1 for becomeLeader, leader elected after 5255ms
2020-07-09 01:19:32,755 [98f34e18-095d-41d7-a8c8-ef1510a34e6f@group-8D5B18CBEEFA-LeaderElection13] INFO  server.RaftServerConfigKeys (ConfUtils.java:logGet(44)) - raft.server.staging.catchup.gap = 1000 (default)
2020-07-09 01:19:32,756 [98f34e18-095d-41d7-a8c8-ef1510a34e6f@group-8D5B18CBEEFA-LeaderElection13] INFO  server.RaftServerConfigKeys (ConfUtils.java:logGet(44)) - raft.server.rpc.sleep.time = 25ms (default)
2020-07-09 01:19:32,756 [98f34e18-095d-41d7-a8c8-ef1510a34e6f@group-8D5B18CBEEFA-LeaderElection13] INFO  metrics.RatisMetrics (RatisMetrics.java:lambda$create$0(36)) - Creating Metrics Registry : ratis.log_appender.98f34e18-095d-41d7-a8c8-ef1510a34e6f@group-8D5B18CBEEFA
2020-07-09 01:19:32,756 [98f34e18-095d-41d7-a8c8-ef1510a34e6f@group-8D5B18CBEEFA-LeaderElection13] INFO  server.RaftServerConfigKeys (ConfUtils.java:logGet(44)) - raft.server.write.element-limit = 1024 (custom)
2020-07-09 01:19:32,756 [98f34e18-095d-41d7-a8c8-ef1510a34e6f@group-8D5B18CBEEFA-LeaderElection13] INFO  server.RaftServerConfigKeys (ConfUtils.java:logGet(44)) - raft.server.write.byte-limit = 1073741824 (custom)
2020-07-09 01:19:32,756 [98f34e18-095d-41d7-a8c8-ef1510a34e6f@group-8D5B18CBEEFA-LeaderElection13] INFO  server.RaftServerConfigKeys (ConfUtils.java:logGet(44)) - raft.server.watch.timeout = 3000ms (custom)
2020-07-09 01:19:32,756 [98f34e18-095d-41d7-a8c8-ef1510a34e6f@group-8D5B18CBEEFA-LeaderElection13] INFO  server.RaftServerConfigKeys (ConfUtils.java:logGet(44)) - raft.server.watch.timeout.denomination = 1s (default)
2020-07-09 01:19:32,756 [98f34e18-095d-41d7-a8c8-ef1510a34e6f@group-8D5B18CBEEFA-LeaderElection13] INFO  server.RaftServerConfigKeys (ConfUtils.java:logGet(44)) - raft.server.watch.element-limit = 65536 (default)
2020-07-09 01:19:32,756 [98f34e18-095d-41d7-a8c8-ef1510a34e6f@group-8D5B18CBEEFA-LeaderElection13] INFO  impl.RoleInfo (RoleInfo.java:updateAndGet(143)) - 98f34e18-095d-41d7-a8c8-ef1510a34e6f: start LeaderState
2020-07-09 01:19:32,757 [98f34e18-095d-41d7-a8c8-ef1510a34e6f@group-8D5B18CBEEFA-LeaderElection13] INFO  segmented.SegmentedRaftLogWorker (SegmentedRaftLogWorker.java:startLogSegment(397)) - 98f34e18-095d-41d7-a8c8-ef1510a34e6f@group-8D5B18CBEEFA-SegmentedRaftLogWorker: Starting segment from index:0
2020-07-09 01:19:32,758 [98f34e18-095d-41d7-a8c8-ef1510a34e6f@group-8D5B18CBEEFA-SegmentedRaftLogWorker] INFO  segmented.SegmentedRaftLogWorker (SegmentedRaftLogWorker.java:execute(596)) - 98f34e18-095d-41d7-a8c8-ef1510a34e6f@group-8D5B18CBEEFA-SegmentedRaftLogWorker: created new log segment /github/workspace/mnt/ozone/hadoop-ozone/integration-test/target/test-dir/MiniOzoneClusterImpl-513b5a01-9d99-4e7a-8fe1-3ea97a28e1a0/datanode-8/data/ratis/e56b5fc5-503f-4673-9ebb-8d5b18cbeefa/current/log_inprogress_0
2020-07-09 01:19:32,766 [98f34e18-095d-41d7-a8c8-ef1510a34e6f@group-8D5B18CBEEFA-LeaderElection13] INFO  impl.RaftServerImpl (ServerState.java:setRaftConf(356)) - 98f34e18-095d-41d7-a8c8-ef1510a34e6f@group-8D5B18CBEEFA: set configuration 0: [98f34e18-095d-41d7-a8c8-ef1510a34e6f:172.17.0.2:37419], old=null at 0
2020-07-09 01:19:32,783 [Thread-365] DEBUG impl.RaftServerImpl (RaftServerImpl.java:logAppendEntries(928)) - 954078f0-2330-48dc-ab29-af631119e127@group-47F40364C92C: succeeded to handle AppendEntries. Reply: 98f34e18-095d-41d7-a8c8-ef1510a34e6f<-954078f0-2330-48dc-ab29-af631119e127#1:OK,SUCCESS,nextIndex:1,term:1,followerCommit:0
2020-07-09 01:19:32,791 [grpc-default-executor-4] DEBUG impl.RaftServerImpl (RaftServerImpl.java:requestVote(821)) - 954078f0-2330-48dc-ab29-af631119e127@group-47F40364C92C: receive requestVote(83bd9611-6e96-48be-a1bb-e26ec6efad02, group-47F40364C92C, 2, (t:0, i:0))
2020-07-09 01:19:32,792 [grpc-default-executor-4] INFO  impl.RaftServerImpl (ServerState.java:setLeader(255)) - 954078f0-2330-48dc-ab29-af631119e127@group-47F40364C92C: change Leader from 98f34e18-095d-41d7-a8c8-ef1510a34e6f to null at term 2 for updateCurrentTerm
2020-07-09 01:19:32,792 [grpc-default-executor-4] INFO  impl.RaftServerImpl (RaftServerImpl.java:setRole(175)) - 954078f0-2330-48dc-ab29-af631119e127@group-47F40364C92C: changes role from  FOLLOWER to FOLLOWER at term 2 for recognizeCandidate:83bd9611-6e96-48be-a1bb-e26ec6efad02
2020-07-09 01:19:32,792 [grpc-default-executor-4] INFO  impl.RoleInfo (RoleInfo.java:shutdownFollowerState(121)) - 954078f0-2330-48dc-ab29-af631119e127: shutdown FollowerState
2020-07-09 01:19:32,792 [grpc-default-executor-4] INFO  impl.RoleInfo (RoleInfo.java:updateAndGet(143)) - 954078f0-2330-48dc-ab29-af631119e127: start FollowerState
2020-07-09 01:19:32,792 [Thread-352] INFO  impl.FollowerState (FollowerState.java:run(117)) - 954078f0-2330-48dc-ab29-af631119e127@group-47F40364C92C-FollowerState was interrupted: java.lang.InterruptedException: sleep interrupted
2020-07-09 01:19:32,805 [grpc-default-executor-4] DEBUG impl.RaftServerImpl (RaftServerImpl.java:requestVote(853)) - 954078f0-2330-48dc-ab29-af631119e127@group-47F40364C92C replies to vote request: 83bd9611-6e96-48be-a1bb-e26ec6efad02<-954078f0-2330-48dc-ab29-af631119e127#0:FAIL-t2. Peer's state: 954078f0-2330-48dc-ab29-af631119e127@group-47F40364C92C:t2, leader=null, voted=null, raftlog=954078f0-2330-48dc-ab29-af631119e127@group-47F40364C92C-SegmentedRaftLog:OPENED:c0,f0,i0, conf=0: [954078f0-2330-48dc-ab29-af631119e127:172.17.0.2:33459, 83bd9611-6e96-48be-a1bb-e26ec6efad02:172.17.0.2:36813, 98f34e18-095d-41d7-a8c8-ef1510a34e6f:172.17.0.2:37419], old=null
2020-07-09 01:19:32,822 [grpc-default-executor-0] INFO  impl.FollowerInfo (FollowerInfo.java:lambda$new$0(51)) - 98f34e18-095d-41d7-a8c8-ef1510a34e6f@group-47F40364C92C->954078f0-2330-48dc-ab29-af631119e127: nextIndex: updateUnconditionally 1 -> 0
2020-07-09 01:19:32,832 [grpc-default-executor-3] INFO  impl.FollowerInfo (FollowerInfo.java:lambda$new$0(51)) - 98f34e18-095d-41d7-a8c8-ef1510a34e6f@group-47F40364C92C->83bd9611-6e96-48be-a1bb-e26ec6efad02: nextIndex: updateUnconditionally 1 -> 0
2020-07-09 01:19:32,835 [grpc-default-executor-4] DEBUG impl.RaftServerImpl (RaftServerImpl.java:requestVote(821)) - 98f34e18-095d-41d7-a8c8-ef1510a34e6f@group-47F40364C92C: receive requestVote(83bd9611-6e96-48be-a1bb-e26ec6efad02, group-47F40364C92C, 2, (t:0, i:0))
2020-07-09 01:19:32,836 [grpc-default-executor-4] INFO  impl.RaftServerImpl (RaftServerImpl.java:setRole(175)) - 98f34e18-095d-41d7-a8c8-ef1510a34e6f@group-47F40364C92C: changes role from  FOLLOWER to FOLLOWER at term 2 for recognizeCandidate:83bd9611-6e96-48be-a1bb-e26ec6efad02
2020-07-09 01:19:32,836 [grpc-default-executor-4] INFO  impl.RoleInfo (RoleInfo.java:shutdownFollowerState(121)) - 98f34e18-095d-41d7-a8c8-ef1510a34e6f: shutdown FollowerState
2020-07-09 01:19:32,836 [grpc-default-executor-4] INFO  impl.RoleInfo (RoleInfo.java:updateAndGet(143)) - 98f34e18-095d-41d7-a8c8-ef1510a34e6f: start FollowerState
2020-07-09 01:19:32,836 [Thread-364] INFO  impl.FollowerState (FollowerState.java:run(117)) - 98f34e18-095d-41d7-a8c8-ef1510a34e6f@group-47F40364C92C-FollowerState was interrupted: java.lang.InterruptedException: sleep interrupted
2020-07-09 01:19:32,837 [grpc-default-executor-4] DEBUG impl.RaftServerImpl (RaftServerImpl.java:requestVote(853)) - 98f34e18-095d-41d7-a8c8-ef1510a34e6f@group-47F40364C92C replies to vote request: 83bd9611-6e96-48be-a1bb-e26ec6efad02<-98f34e18-095d-41d7-a8c8-ef1510a34e6f#0:FAIL-t2. Peer's state: 98f34e18-095d-41d7-a8c8-ef1510a34e6f@group-47F40364C92C:t2, leader=null, voted=null, raftlog=98f34e18-095d-41d7-a8c8-ef1510a34e6f@group-47F40364C92C-SegmentedRaftLog:OPENED:c0,f0,i0, conf=0: [954078f0-2330-48dc-ab29-af631119e127:172.17.0.2:33459, 83bd9611-6e96-48be-a1bb-e26ec6efad02:172.17.0.2:36813, 98f34e18-095d-41d7-a8c8-ef1510a34e6f:172.17.0.2:37419], old=null
2020-07-09 01:19:33,151 [Listener at 127.0.0.1/39385] INFO  rpc.RpcClient (RpcClient.java:createVolume(313)) - Creating Volume: watchforcommithandlingtest, with jenkins1001 as owner.
2020-07-09 01:19:33,223 [IPC Server handler 7 on default port 39385] INFO  volume.OMVolumeCreateRequest (OMVolumeCreateRequest.java:validateAndUpdateCache(208)) - created volume:watchforcommithandlingtest for user:jenkins1001
2020-07-09 01:19:33,239 [Listener at 127.0.0.1/39385] INFO  rpc.RpcClient (RpcClient.java:createBucket(456)) - Creating Bucket: watchforcommithandlingtest/watchforcommithandlingtest, with Versioning false and Storage Type set to DISK and Encryption set to false 
2020-07-09 01:19:33,254 [Listener at 127.0.0.1/39385] INFO  ozone.MiniOzoneClusterImpl (MiniOzoneClusterImpl.java:getStorageContainerLocationClient(289)) - Creating StorageContainerLocationProtocol RPC client with address /0.0.0.0:38511
2020-07-09 01:19:33,413 [Listener at 127.0.0.1/39385] INFO  impl.MetricsSystemImpl (MetricsSystemImpl.java:init(158)) - XceiverClientMetrics metrics system started (again)
2020-07-09 01:19:33,539 [grpc-default-executor-3] DEBUG impl.RaftServerImpl (RaftServerImpl.java:submitClientRequestAsync(575)) - 98f34e18-095d-41d7-a8c8-ef1510a34e6f@group-47F40364C92C: receive client request(RaftClientRequest:client-55313D08642C->98f34e18-095d-41d7-a8c8-ef1510a34e6f@group-47F40364C92C, cid=18, seq=1*, Watch(0), Message:<EMPTY>)
2020-07-09 01:19:34,929 [grpc-default-executor-4] DEBUG server.GrpcLogAppender (GrpcLogAppender.java:onNext(257)) - 3bb671d4-7f90-4750-a753-fc4fc647587c@group-EDE382CE3E00->6364e981-304f-41bf-bc01-7b1ff98cc952-AppendLogResponseHandler: received a reply 3bb671d4-7f90-4750-a753-fc4fc647587c<-6364e981-304f-41bf-bc01-7b1ff98cc952#2:OK,SUCCESS,nextIndex:1,term:1,followerCommit:0, request=AppendEntriesRequest:cid=2,entriesCount=0,lastEntry=null
2020-07-09 01:19:34,932 [grpc-default-executor-4] DEBUG server.GrpcLogAppender (GrpcLogAppender.java:onNext(257)) - 3bb671d4-7f90-4750-a753-fc4fc647587c@group-EDE382CE3E00->c506d153-aba5-44d6-9bcb-0e1026c6c6c2-AppendLogResponseHandler: received a reply 3bb671d4-7f90-4750-a753-fc4fc647587c<-c506d153-aba5-44d6-9bcb-0e1026c6c6c2#2:OK,SUCCESS,nextIndex:1,term:1,followerCommit:0, request=AppendEntriesRequest:cid=2,entriesCount=0,lastEntry=null
2020-07-09 01:19:35,009 [grpc-default-executor-4] DEBUG server.GrpcLogAppender (GrpcLogAppender.java:onNext(257)) - 4f159216-eef4-4234-82ad-645dd276908c@group-B75F79988D48->c95b19f7-50b5-4904-962f-b689396cb015-AppendLogResponseHandler: received a reply 4f159216-eef4-4234-82ad-645dd276908c<-c95b19f7-50b5-4904-962f-b689396cb015#2:OK,SUCCESS,nextIndex:1,term:1,followerCommit:0, request=AppendEntriesRequest:cid=2,entriesCount=0,lastEntry=null
2020-07-09 01:19:35,051 [grpc-default-executor-4] DEBUG server.GrpcLogAppender (GrpcLogAppender.java:onNext(257)) - 4f159216-eef4-4234-82ad-645dd276908c@group-B75F79988D48->4de64420-61f2-4826-b9c9-fe43ebf29f54-AppendLogResponseHandler: received a reply 4f159216-eef4-4234-82ad-645dd276908c<-4de64420-61f2-4826-b9c9-fe43ebf29f54#2:OK,SUCCESS,nextIndex:1,term:1,followerCommit:0, request=AppendEntriesRequest:cid=2,entriesCount=0,lastEntry=null
2020-07-09 01:19:35,070 [EventQueue-Delayed safe mode statusForReplicationManager] INFO  container.ReplicationManager (ReplicationManager.java:start(177)) - Starting Replication Monitor Thread.
2020-07-09 01:19:35,073 [ReplicationMonitor] INFO  container.ReplicationManager (ReplicationManager.java:run(241)) - Replication Monitor Thread took 2 milliseconds for processing 1 containers.
2020-07-09 01:19:35,074 [EventQueue-CloseContainerForCloseContainerEventHandler] INFO  container.CloseContainerEventHandler (CloseContainerEventHandler.java:onMessage(61)) - Close container Event triggered for container : #1
2020-07-09 01:19:36,613 [Command processor thread] ERROR commandhandler.CloseContainerCommandHandler (CloseContainerCommandHandler.java:handle(85)) - Container #1 does not exist in datanode. Container close failed.
2020-07-09 01:19:36,701 [Command processor thread] ERROR commandhandler.CloseContainerCommandHandler (CloseContainerCommandHandler.java:handle(85)) - Container #1 does not exist in datanode. Container close failed.
2020-07-09 01:19:36,759 [Command processor thread] ERROR commandhandler.CloseContainerCommandHandler (CloseContainerCommandHandler.java:handle(85)) - Container #1 does not exist in datanode. Container close failed.
2020-07-09 01:19:37,433 [grpc-default-executor-4] DEBUG server.GrpcLogAppender (GrpcLogAppender.java:onNext(257)) - 3bb671d4-7f90-4750-a753-fc4fc647587c@group-EDE382CE3E00->6364e981-304f-41bf-bc01-7b1ff98cc952-AppendLogResponseHandler: received a reply 3bb671d4-7f90-4750-a753-fc4fc647587c<-6364e981-304f-41bf-bc01-7b1ff98cc952#3:OK,SUCCESS,nextIndex:1,term:1,followerCommit:0, request=AppendEntriesRequest:cid=3,entriesCount=0,lastEntry=null
2020-07-09 01:19:37,441 [grpc-default-executor-4] DEBUG server.GrpcLogAppender (GrpcLogAppender.java:onNext(257)) - 3bb671d4-7f90-4750-a753-fc4fc647587c@group-EDE382CE3E00->c506d153-aba5-44d6-9bcb-0e1026c6c6c2-AppendLogResponseHandler: received a reply 3bb671d4-7f90-4750-a753-fc4fc647587c<-c506d153-aba5-44d6-9bcb-0e1026c6c6c2#3:OK,SUCCESS,nextIndex:1,term:1,followerCommit:0, request=AppendEntriesRequest:cid=3,entriesCount=0,lastEntry=null
2020-07-09 01:19:37,514 [grpc-default-executor-4] DEBUG server.GrpcLogAppender (GrpcLogAppender.java:onNext(257)) - 4f159216-eef4-4234-82ad-645dd276908c@group-B75F79988D48->c95b19f7-50b5-4904-962f-b689396cb015-AppendLogResponseHandler: received a reply 4f159216-eef4-4234-82ad-645dd276908c<-c95b19f7-50b5-4904-962f-b689396cb015#3:OK,SUCCESS,nextIndex:1,term:1,followerCommit:0, request=AppendEntriesRequest:cid=3,entriesCount=0,lastEntry=null
2020-07-09 01:19:37,554 [grpc-default-executor-4] DEBUG server.GrpcLogAppender (GrpcLogAppender.java:onNext(257)) - 4f159216-eef4-4234-82ad-645dd276908c@group-B75F79988D48->4de64420-61f2-4826-b9c9-fe43ebf29f54-AppendLogResponseHandler: received a reply 4f159216-eef4-4234-82ad-645dd276908c<-4de64420-61f2-4826-b9c9-fe43ebf29f54#3:OK,SUCCESS,nextIndex:1,term:1,followerCommit:0, request=AppendEntriesRequest:cid=3,entriesCount=0,lastEntry=null
2020-07-09 01:19:37,776 [Thread-358] INFO  impl.FollowerState (FollowerState.java:run(108)) - 83bd9611-6e96-48be-a1bb-e26ec6efad02@group-47F40364C92C-FollowerState: change to CANDIDATE, lastRpcTime:5097ms, electionTimeout:5083ms
2020-07-09 01:19:37,776 [Thread-358] INFO  impl.RoleInfo (RoleInfo.java:shutdownFollowerState(121)) - 83bd9611-6e96-48be-a1bb-e26ec6efad02: shutdown FollowerState
2020-07-09 01:19:37,777 [Thread-358] INFO  impl.RaftServerImpl (RaftServerImpl.java:setRole(175)) - 83bd9611-6e96-48be-a1bb-e26ec6efad02@group-47F40364C92C: changes role from  FOLLOWER to CANDIDATE at term 2 for changeToCandidate
2020-07-09 01:19:37,777 [Thread-358] INFO  impl.RoleInfo (RoleInfo.java:updateAndGet(143)) - 83bd9611-6e96-48be-a1bb-e26ec6efad02: start LeaderElection
2020-07-09 01:19:37,779 [83bd9611-6e96-48be-a1bb-e26ec6efad02@group-47F40364C92C-LeaderElection14] INFO  impl.LeaderElection (LeaderElection.java:askForVotes(206)) - 83bd9611-6e96-48be-a1bb-e26ec6efad02@group-47F40364C92C-LeaderElection14: begin an election at term 3 for -1: [954078f0-2330-48dc-ab29-af631119e127:172.17.0.2:33459, 83bd9611-6e96-48be-a1bb-e26ec6efad02:172.17.0.2:36813, 98f34e18-095d-41d7-a8c8-ef1510a34e6f:172.17.0.2:37419], old=null
2020-07-09 01:19:37,783 [grpc-default-executor-4] DEBUG impl.RaftServerImpl (RaftServerImpl.java:requestVote(821)) - 954078f0-2330-48dc-ab29-af631119e127@group-47F40364C92C: receive requestVote(83bd9611-6e96-48be-a1bb-e26ec6efad02, group-47F40364C92C, 3, (t:0, i:0))
2020-07-09 01:19:37,783 [grpc-default-executor-4] INFO  impl.RaftServerImpl (RaftServerImpl.java:setRole(175)) - 954078f0-2330-48dc-ab29-af631119e127@group-47F40364C92C: changes role from  FOLLOWER to FOLLOWER at term 3 for recognizeCandidate:83bd9611-6e96-48be-a1bb-e26ec6efad02
2020-07-09 01:19:37,784 [grpc-default-executor-4] INFO  impl.RoleInfo (RoleInfo.java:shutdownFollowerState(121)) - 954078f0-2330-48dc-ab29-af631119e127: shutdown FollowerState
2020-07-09 01:19:37,784 [grpc-default-executor-4] INFO  impl.RoleInfo (RoleInfo.java:updateAndGet(143)) - 954078f0-2330-48dc-ab29-af631119e127: start FollowerState
2020-07-09 01:19:37,784 [Thread-367] INFO  impl.FollowerState (FollowerState.java:run(117)) - 954078f0-2330-48dc-ab29-af631119e127@group-47F40364C92C-FollowerState was interrupted: java.lang.InterruptedException: sleep interrupted
2020-07-09 01:19:37,787 [grpc-default-executor-4] DEBUG impl.RaftServerImpl (RaftServerImpl.java:requestVote(853)) - 954078f0-2330-48dc-ab29-af631119e127@group-47F40364C92C replies to vote request: 83bd9611-6e96-48be-a1bb-e26ec6efad02<-954078f0-2330-48dc-ab29-af631119e127#0:FAIL-t3. Peer's state: 954078f0-2330-48dc-ab29-af631119e127@group-47F40364C92C:t3, leader=null, voted=null, raftlog=954078f0-2330-48dc-ab29-af631119e127@group-47F40364C92C-SegmentedRaftLog:OPENED:c0,f0,i0, conf=0: [954078f0-2330-48dc-ab29-af631119e127:172.17.0.2:33459, 83bd9611-6e96-48be-a1bb-e26ec6efad02:172.17.0.2:36813, 98f34e18-095d-41d7-a8c8-ef1510a34e6f:172.17.0.2:37419], old=null
2020-07-09 01:19:37,787 [grpc-default-executor-4] DEBUG impl.RaftServerImpl (RaftServerImpl.java:requestVote(821)) - 98f34e18-095d-41d7-a8c8-ef1510a34e6f@group-47F40364C92C: receive requestVote(83bd9611-6e96-48be-a1bb-e26ec6efad02, group-47F40364C92C, 3, (t:0, i:0))
2020-07-09 01:19:37,788 [grpc-default-executor-4] INFO  impl.RaftServerImpl (RaftServerImpl.java:setRole(175)) - 98f34e18-095d-41d7-a8c8-ef1510a34e6f@group-47F40364C92C: changes role from  FOLLOWER to FOLLOWER at term 3 for recognizeCandidate:83bd9611-6e96-48be-a1bb-e26ec6efad02
2020-07-09 01:19:37,788 [grpc-default-executor-4] INFO  impl.RoleInfo (RoleInfo.java:shutdownFollowerState(121)) - 98f34e18-095d-41d7-a8c8-ef1510a34e6f: shutdown FollowerState
2020-07-09 01:19:37,788 [grpc-default-executor-4] INFO  impl.RoleInfo (RoleInfo.java:updateAndGet(143)) - 98f34e18-095d-41d7-a8c8-ef1510a34e6f: start FollowerState
2020-07-09 01:19:37,788 [Thread-368] INFO  impl.FollowerState (FollowerState.java:run(117)) - 98f34e18-095d-41d7-a8c8-ef1510a34e6f@group-47F40364C92C-FollowerState was interrupted: java.lang.InterruptedException: sleep interrupted
2020-07-09 01:19:37,790 [grpc-default-executor-4] DEBUG impl.RaftServerImpl (RaftServerImpl.java:requestVote(853)) - 98f34e18-095d-41d7-a8c8-ef1510a34e6f@group-47F40364C92C replies to vote request: 83bd9611-6e96-48be-a1bb-e26ec6efad02<-98f34e18-095d-41d7-a8c8-ef1510a34e6f#0:FAIL-t3. Peer's state: 98f34e18-095d-41d7-a8c8-ef1510a34e6f@group-47F40364C92C:t3, leader=null, voted=null, raftlog=98f34e18-095d-41d7-a8c8-ef1510a34e6f@group-47F40364C92C-SegmentedRaftLog:OPENED:c0,f0,i0, conf=0: [954078f0-2330-48dc-ab29-af631119e127:172.17.0.2:33459, 83bd9611-6e96-48be-a1bb-e26ec6efad02:172.17.0.2:36813, 98f34e18-095d-41d7-a8c8-ef1510a34e6f:172.17.0.2:37419], old=null
2020-07-09 01:19:37,791 [83bd9611-6e96-48be-a1bb-e26ec6efad02@group-47F40364C92C-LeaderElection14] INFO  impl.LeaderElection (LeaderElection.java:logAndReturn(61)) - 83bd9611-6e96-48be-a1bb-e26ec6efad02@group-47F40364C92C-LeaderElection14: Election REJECTED; received 2 response(s) [83bd9611-6e96-48be-a1bb-e26ec6efad02<-954078f0-2330-48dc-ab29-af631119e127#0:FAIL-t3, 83bd9611-6e96-48be-a1bb-e26ec6efad02<-98f34e18-095d-41d7-a8c8-ef1510a34e6f#0:FAIL-t3] and 0 exception(s); 83bd9611-6e96-48be-a1bb-e26ec6efad02@group-47F40364C92C:t3, leader=null, voted=83bd9611-6e96-48be-a1bb-e26ec6efad02, raftlog=83bd9611-6e96-48be-a1bb-e26ec6efad02@group-47F40364C92C-SegmentedRaftLog:OPENED:c-1,f-1,i0, conf=-1: [954078f0-2330-48dc-ab29-af631119e127:172.17.0.2:33459, 83bd9611-6e96-48be-a1bb-e26ec6efad02:172.17.0.2:36813, 98f34e18-095d-41d7-a8c8-ef1510a34e6f:172.17.0.2:37419], old=null
2020-07-09 01:19:37,792 [83bd9611-6e96-48be-a1bb-e26ec6efad02@group-47F40364C92C-LeaderElection14] INFO  impl.RaftServerImpl (RaftServerImpl.java:setRole(175)) - 83bd9611-6e96-48be-a1bb-e26ec6efad02@group-47F40364C92C: changes role from CANDIDATE to FOLLOWER at term 3 for DISCOVERED_A_NEW_TERM
2020-07-09 01:19:37,792 [83bd9611-6e96-48be-a1bb-e26ec6efad02@group-47F40364C92C-LeaderElection14] INFO  impl.RoleInfo (RoleInfo.java:shutdownLeaderElection(134)) - 83bd9611-6e96-48be-a1bb-e26ec6efad02: shutdown LeaderElection
2020-07-09 01:19:37,792 [83bd9611-6e96-48be-a1bb-e26ec6efad02@group-47F40364C92C-LeaderElection14] INFO  impl.RoleInfo (RoleInfo.java:updateAndGet(143)) - 83bd9611-6e96-48be-a1bb-e26ec6efad02: start FollowerState
2020-07-09 01:19:39,217 [grpc-default-executor-4] DEBUG impl.RaftServerImpl (RaftServerImpl.java:submitClientRequestAsync(575)) - 954078f0-2330-48dc-ab29-af631119e127@group-47F40364C92C: receive client request(RaftClientRequest:client-55313D08642C->954078f0-2330-48dc-ab29-af631119e127@group-47F40364C92C, cid=18, seq=1*, Watch(0), Message:<EMPTY>)
2020-07-09 01:19:39,936 [grpc-default-executor-4] DEBUG server.GrpcLogAppender (GrpcLogAppender.java:onNext(257)) - 3bb671d4-7f90-4750-a753-fc4fc647587c@group-EDE382CE3E00->6364e981-304f-41bf-bc01-7b1ff98cc952-AppendLogResponseHandler: received a reply 3bb671d4-7f90-4750-a753-fc4fc647587c<-6364e981-304f-41bf-bc01-7b1ff98cc952#4:OK,SUCCESS,nextIndex:1,term:1,followerCommit:0, request=AppendEntriesRequest:cid=4,entriesCount=0,lastEntry=null
2020-07-09 01:19:39,945 [grpc-default-executor-4] DEBUG server.GrpcLogAppender (GrpcLogAppender.java:onNext(257)) - 3bb671d4-7f90-4750-a753-fc4fc647587c@group-EDE382CE3E00->c506d153-aba5-44d6-9bcb-0e1026c6c6c2-AppendLogResponseHandler: received a reply 3bb671d4-7f90-4750-a753-fc4fc647587c<-c506d153-aba5-44d6-9bcb-0e1026c6c6c2#4:OK,SUCCESS,nextIndex:1,term:1,followerCommit:0, request=AppendEntriesRequest:cid=4,entriesCount=0,lastEntry=null
2020-07-09 01:19:40,017 [grpc-default-executor-4] DEBUG server.GrpcLogAppender (GrpcLogAppender.java:onNext(257)) - 4f159216-eef4-4234-82ad-645dd276908c@group-B75F79988D48->c95b19f7-50b5-4904-962f-b689396cb015-AppendLogResponseHandler: received a reply 4f159216-eef4-4234-82ad-645dd276908c<-c95b19f7-50b5-4904-962f-b689396cb015#4:OK,SUCCESS,nextIndex:1,term:1,followerCommit:0, request=AppendEntriesRequest:cid=4,entriesCount=0,lastEntry=null
2020-07-09 01:19:40,057 [grpc-default-executor-4] DEBUG server.GrpcLogAppender (GrpcLogAppender.java:onNext(257)) - 4f159216-eef4-4234-82ad-645dd276908c@group-B75F79988D48->4de64420-61f2-4826-b9c9-fe43ebf29f54-AppendLogResponseHandler: received a reply 4f159216-eef4-4234-82ad-645dd276908c<-4de64420-61f2-4826-b9c9-fe43ebf29f54#4:OK,SUCCESS,nextIndex:1,term:1,followerCommit:0, request=AppendEntriesRequest:cid=4,entriesCount=0,lastEntry=null
2020-07-09 01:19:42,439 [grpc-default-executor-4] DEBUG server.GrpcLogAppender (GrpcLogAppender.java:onNext(257)) - 3bb671d4-7f90-4750-a753-fc4fc647587c@group-EDE382CE3E00->6364e981-304f-41bf-bc01-7b1ff98cc952-AppendLogResponseHandler: received a reply 3bb671d4-7f90-4750-a753-fc4fc647587c<-6364e981-304f-41bf-bc01-7b1ff98cc952#5:OK,SUCCESS,nextIndex:1,term:1,followerCommit:0, request=AppendEntriesRequest:cid=5,entriesCount=0,lastEntry=null
2020-07-09 01:19:42,447 [grpc-default-executor-4] DEBUG server.GrpcLogAppender (GrpcLogAppender.java:onNext(257)) - 3bb671d4-7f90-4750-a753-fc4fc647587c@group-EDE382CE3E00->c506d153-aba5-44d6-9bcb-0e1026c6c6c2-AppendLogResponseHandler: received a reply 3bb671d4-7f90-4750-a753-fc4fc647587c<-c506d153-aba5-44d6-9bcb-0e1026c6c6c2#5:OK,SUCCESS,nextIndex:1,term:1,followerCommit:0, request=AppendEntriesRequest:cid=5,entriesCount=0,lastEntry=null
2020-07-09 01:19:42,521 [grpc-default-executor-4] DEBUG server.GrpcLogAppender (GrpcLogAppender.java:onNext(257)) - 4f159216-eef4-4234-82ad-645dd276908c@group-B75F79988D48->c95b19f7-50b5-4904-962f-b689396cb015-AppendLogResponseHandler: received a reply 4f159216-eef4-4234-82ad-645dd276908c<-c95b19f7-50b5-4904-962f-b689396cb015#5:OK,SUCCESS,nextIndex:1,term:1,followerCommit:0, request=AppendEntriesRequest:cid=5,entriesCount=0,lastEntry=null
2020-07-09 01:19:42,566 [grpc-default-executor-4] DEBUG server.GrpcLogAppender (GrpcLogAppender.java:onNext(257)) - 4f159216-eef4-4234-82ad-645dd276908c@group-B75F79988D48->4de64420-61f2-4826-b9c9-fe43ebf29f54-AppendLogResponseHandler: received a reply 4f159216-eef4-4234-82ad-645dd276908c<-4de64420-61f2-4826-b9c9-fe43ebf29f54#5:OK,SUCCESS,nextIndex:1,term:1,followerCommit:0, request=AppendEntriesRequest:cid=5,entriesCount=0,lastEntry=null
2020-07-09 01:19:42,823 [Thread-387] INFO  impl.FollowerState (FollowerState.java:run(108)) - 954078f0-2330-48dc-ab29-af631119e127@group-47F40364C92C-FollowerState: change to CANDIDATE, lastRpcTime:5039ms, electionTimeout:5036ms
2020-07-09 01:19:42,824 [Thread-388] INFO  impl.FollowerState (FollowerState.java:run(108)) - 98f34e18-095d-41d7-a8c8-ef1510a34e6f@group-47F40364C92C-FollowerState: change to CANDIDATE, lastRpcTime:5036ms, electionTimeout:5035ms
2020-07-09 01:19:42,825 [Thread-387] INFO  impl.RoleInfo (RoleInfo.java:shutdownFollowerState(121)) - 954078f0-2330-48dc-ab29-af631119e127: shutdown FollowerState
2020-07-09 01:19:42,825 [Thread-387] INFO  impl.RaftServerImpl (RaftServerImpl.java:setRole(175)) - 954078f0-2330-48dc-ab29-af631119e127@group-47F40364C92C: changes role from  FOLLOWER to CANDIDATE at term 3 for changeToCandidate
2020-07-09 01:19:42,825 [Thread-388] INFO  impl.RoleInfo (RoleInfo.java:shutdownFollowerState(121)) - 98f34e18-095d-41d7-a8c8-ef1510a34e6f: shutdown FollowerState
2020-07-09 01:19:42,825 [Thread-388] INFO  impl.RaftServerImpl (RaftServerImpl.java:setRole(175)) - 98f34e18-095d-41d7-a8c8-ef1510a34e6f@group-47F40364C92C: changes role from  FOLLOWER to CANDIDATE at term 3 for changeToCandidate
2020-07-09 01:19:42,825 [Thread-387] INFO  impl.RoleInfo (RoleInfo.java:updateAndGet(143)) - 954078f0-2330-48dc-ab29-af631119e127: start LeaderElection
2020-07-09 01:19:42,825 [Thread-388] INFO  impl.RoleInfo (RoleInfo.java:updateAndGet(143)) - 98f34e18-095d-41d7-a8c8-ef1510a34e6f: start LeaderElection
2020-07-09 01:19:42,832 [954078f0-2330-48dc-ab29-af631119e127@group-47F40364C92C-LeaderElection15] INFO  impl.LeaderElection (LeaderElection.java:askForVotes(206)) - 954078f0-2330-48dc-ab29-af631119e127@group-47F40364C92C-LeaderElection15: begin an election at term 4 for 0: [954078f0-2330-48dc-ab29-af631119e127:172.17.0.2:33459, 83bd9611-6e96-48be-a1bb-e26ec6efad02:172.17.0.2:36813, 98f34e18-095d-41d7-a8c8-ef1510a34e6f:172.17.0.2:37419], old=null
2020-07-09 01:19:42,832 [98f34e18-095d-41d7-a8c8-ef1510a34e6f@group-47F40364C92C-LeaderElection16] INFO  impl.LeaderElection (LeaderElection.java:askForVotes(206)) - 98f34e18-095d-41d7-a8c8-ef1510a34e6f@group-47F40364C92C-LeaderElection16: begin an election at term 4 for 0: [954078f0-2330-48dc-ab29-af631119e127:172.17.0.2:33459, 83bd9611-6e96-48be-a1bb-e26ec6efad02:172.17.0.2:36813, 98f34e18-095d-41d7-a8c8-ef1510a34e6f:172.17.0.2:37419], old=null
2020-07-09 01:19:42,847 [grpc-default-executor-3] DEBUG impl.RaftServerImpl (RaftServerImpl.java:requestVote(821)) - 98f34e18-095d-41d7-a8c8-ef1510a34e6f@group-47F40364C92C: receive requestVote(954078f0-2330-48dc-ab29-af631119e127, group-47F40364C92C, 4, (t:1, i:0))
2020-07-09 01:19:42,847 [grpc-default-executor-0] DEBUG impl.RaftServerImpl (RaftServerImpl.java:requestVote(821)) - 83bd9611-6e96-48be-a1bb-e26ec6efad02@group-47F40364C92C: receive requestVote(98f34e18-095d-41d7-a8c8-ef1510a34e6f, group-47F40364C92C, 4, (t:1, i:0))
2020-07-09 01:19:42,847 [grpc-default-executor-0] INFO  impl.RaftServerImpl (RaftServerImpl.java:setRole(175)) - 83bd9611-6e96-48be-a1bb-e26ec6efad02@group-47F40364C92C: changes role from  FOLLOWER to FOLLOWER at term 4 for recognizeCandidate:98f34e18-095d-41d7-a8c8-ef1510a34e6f
2020-07-09 01:19:42,848 [grpc-default-executor-0] INFO  impl.RoleInfo (RoleInfo.java:shutdownFollowerState(121)) - 83bd9611-6e96-48be-a1bb-e26ec6efad02: shutdown FollowerState
2020-07-09 01:19:42,848 [grpc-default-executor-0] INFO  impl.RoleInfo (RoleInfo.java:updateAndGet(143)) - 83bd9611-6e96-48be-a1bb-e26ec6efad02: start FollowerState
2020-07-09 01:19:42,847 [grpc-default-executor-3] DEBUG impl.RaftServerImpl (RaftServerImpl.java:requestVote(853)) - 98f34e18-095d-41d7-a8c8-ef1510a34e6f@group-47F40364C92C replies to vote request: 954078f0-2330-48dc-ab29-af631119e127<-98f34e18-095d-41d7-a8c8-ef1510a34e6f#0:FAIL-t4. Peer's state: 98f34e18-095d-41d7-a8c8-ef1510a34e6f@group-47F40364C92C:t4, leader=null, voted=98f34e18-095d-41d7-a8c8-ef1510a34e6f, raftlog=98f34e18-095d-41d7-a8c8-ef1510a34e6f@group-47F40364C92C-SegmentedRaftLog:OPENED:c0,f0,i0, conf=0: [954078f0-2330-48dc-ab29-af631119e127:172.17.0.2:33459, 83bd9611-6e96-48be-a1bb-e26ec6efad02:172.17.0.2:36813, 98f34e18-095d-41d7-a8c8-ef1510a34e6f:172.17.0.2:37419], old=null
2020-07-09 01:19:42,848 [Thread-389] INFO  impl.FollowerState (FollowerState.java:run(117)) - 83bd9611-6e96-48be-a1bb-e26ec6efad02@group-47F40364C92C-FollowerState was interrupted: java.lang.InterruptedException: sleep interrupted
2020-07-09 01:19:42,851 [grpc-default-executor-4] DEBUG impl.RaftServerImpl (RaftServerImpl.java:requestVote(821)) - 954078f0-2330-48dc-ab29-af631119e127@group-47F40364C92C: receive requestVote(98f34e18-095d-41d7-a8c8-ef1510a34e6f, group-47F40364C92C, 4, (t:1, i:0))
2020-07-09 01:19:42,856 [grpc-default-executor-4] DEBUG impl.RaftServerImpl (RaftServerImpl.java:requestVote(853)) - 954078f0-2330-48dc-ab29-af631119e127@group-47F40364C92C replies to vote request: 98f34e18-095d-41d7-a8c8-ef1510a34e6f<-954078f0-2330-48dc-ab29-af631119e127#0:FAIL-t4. Peer's state: 954078f0-2330-48dc-ab29-af631119e127@group-47F40364C92C:t4, leader=null, voted=954078f0-2330-48dc-ab29-af631119e127, raftlog=954078f0-2330-48dc-ab29-af631119e127@group-47F40364C92C-SegmentedRaftLog:OPENED:c0,f0,i0, conf=0: [954078f0-2330-48dc-ab29-af631119e127:172.17.0.2:33459, 83bd9611-6e96-48be-a1bb-e26ec6efad02:172.17.0.2:36813, 98f34e18-095d-41d7-a8c8-ef1510a34e6f:172.17.0.2:37419], old=null
2020-07-09 01:19:42,856 [grpc-default-executor-0] DEBUG impl.RaftServerImpl (RaftServerImpl.java:requestVote(853)) - 83bd9611-6e96-48be-a1bb-e26ec6efad02@group-47F40364C92C replies to vote request: 98f34e18-095d-41d7-a8c8-ef1510a34e6f<-83bd9611-6e96-48be-a1bb-e26ec6efad02#0:OK-t4. Peer's state: 83bd9611-6e96-48be-a1bb-e26ec6efad02@group-47F40364C92C:t4, leader=null, voted=98f34e18-095d-41d7-a8c8-ef1510a34e6f, raftlog=83bd9611-6e96-48be-a1bb-e26ec6efad02@group-47F40364C92C-SegmentedRaftLog:OPENED:c-1,f-1,i0, conf=-1: [954078f0-2330-48dc-ab29-af631119e127:172.17.0.2:33459, 83bd9611-6e96-48be-a1bb-e26ec6efad02:172.17.0.2:36813, 98f34e18-095d-41d7-a8c8-ef1510a34e6f:172.17.0.2:37419], old=null
2020-07-09 01:19:42,860 [grpc-default-executor-0] DEBUG impl.RaftServerImpl (RaftServerImpl.java:requestVote(821)) - 83bd9611-6e96-48be-a1bb-e26ec6efad02@group-47F40364C92C: receive requestVote(954078f0-2330-48dc-ab29-af631119e127, group-47F40364C92C, 4, (t:1, i:0))
2020-07-09 01:19:42,860 [98f34e18-095d-41d7-a8c8-ef1510a34e6f@group-47F40364C92C-LeaderElection16] INFO  impl.LeaderElection (LeaderElection.java:logAndReturn(61)) - 98f34e18-095d-41d7-a8c8-ef1510a34e6f@group-47F40364C92C-LeaderElection16: Election PASSED; received 2 response(s) [98f34e18-095d-41d7-a8c8-ef1510a34e6f<-954078f0-2330-48dc-ab29-af631119e127#0:FAIL-t4, 98f34e18-095d-41d7-a8c8-ef1510a34e6f<-83bd9611-6e96-48be-a1bb-e26ec6efad02#0:OK-t4] and 0 exception(s); 98f34e18-095d-41d7-a8c8-ef1510a34e6f@group-47F40364C92C:t4, leader=null, voted=98f34e18-095d-41d7-a8c8-ef1510a34e6f, raftlog=98f34e18-095d-41d7-a8c8-ef1510a34e6f@group-47F40364C92C-SegmentedRaftLog:OPENED:c0,f0,i0, conf=0: [954078f0-2330-48dc-ab29-af631119e127:172.17.0.2:33459, 83bd9611-6e96-48be-a1bb-e26ec6efad02:172.17.0.2:36813, 98f34e18-095d-41d7-a8c8-ef1510a34e6f:172.17.0.2:37419], old=null
2020-07-09 01:19:42,861 [grpc-default-executor-0] DEBUG impl.RaftServerImpl (RaftServerImpl.java:requestVote(853)) - 83bd9611-6e96-48be-a1bb-e26ec6efad02@group-47F40364C92C replies to vote request: 954078f0-2330-48dc-ab29-af631119e127<-83bd9611-6e96-48be-a1bb-e26ec6efad02#0:FAIL-t4. Peer's state: 83bd9611-6e96-48be-a1bb-e26ec6efad02@group-47F40364C92C:t4, leader=null, voted=98f34e18-095d-41d7-a8c8-ef1510a34e6f, raftlog=83bd9611-6e96-48be-a1bb-e26ec6efad02@group-47F40364C92C-SegmentedRaftLog:OPENED:c-1,f-1,i0, conf=-1: [954078f0-2330-48dc-ab29-af631119e127:172.17.0.2:33459, 83bd9611-6e96-48be-a1bb-e26ec6efad02:172.17.0.2:36813, 98f34e18-095d-41d7-a8c8-ef1510a34e6f:172.17.0.2:37419], old=null
2020-07-09 01:19:42,861 [98f34e18-095d-41d7-a8c8-ef1510a34e6f@group-47F40364C92C-LeaderElection16] INFO  impl.RoleInfo (RoleInfo.java:shutdownLeaderElection(134)) - 98f34e18-095d-41d7-a8c8-ef1510a34e6f: shutdown LeaderElection
2020-07-09 01:19:42,862 [98f34e18-095d-41d7-a8c8-ef1510a34e6f@group-47F40364C92C-LeaderElection16] INFO  impl.RaftServerImpl (RaftServerImpl.java:setRole(175)) - 98f34e18-095d-41d7-a8c8-ef1510a34e6f@group-47F40364C92C: changes role from CANDIDATE to LEADER at term 4 for changeToLeader
2020-07-09 01:19:42,862 [98f34e18-095d-41d7-a8c8-ef1510a34e6f@group-47F40364C92C-LeaderElection16] INFO  ratis.XceiverServerRatis (XceiverServerRatis.java:handleLeaderChangedNotification(762)) - Leader change notification received for group: group-47F40364C92C with new leaderId: 98f34e18-095d-41d7-a8c8-ef1510a34e6f
2020-07-09 01:19:42,862 [98f34e18-095d-41d7-a8c8-ef1510a34e6f@group-47F40364C92C-LeaderElection16] INFO  impl.RaftServerImpl (ServerState.java:setLeader(255)) - 98f34e18-095d-41d7-a8c8-ef1510a34e6f@group-47F40364C92C: change Leader from null to 98f34e18-095d-41d7-a8c8-ef1510a34e6f at term 4 for becomeLeader, leader elected after 10153ms
2020-07-09 01:19:42,862 [98f34e18-095d-41d7-a8c8-ef1510a34e6f@group-47F40364C92C-LeaderElection16] INFO  server.RaftServerConfigKeys (ConfUtils.java:logGet(44)) - raft.server.staging.catchup.gap = 1000 (default)
2020-07-09 01:19:42,863 [98f34e18-095d-41d7-a8c8-ef1510a34e6f@group-47F40364C92C-LeaderElection16] INFO  server.RaftServerConfigKeys (ConfUtils.java:logGet(44)) - raft.server.rpc.sleep.time = 25ms (default)
2020-07-09 01:19:42,863 [98f34e18-095d-41d7-a8c8-ef1510a34e6f@group-47F40364C92C-LeaderElection16] INFO  metrics.RatisMetrics (RatisMetrics.java:lambda$create$0(36)) - Creating Metrics Registry : ratis.log_appender.98f34e18-095d-41d7-a8c8-ef1510a34e6f@group-47F40364C92C
2020-07-09 01:19:42,863 [98f34e18-095d-41d7-a8c8-ef1510a34e6f@group-47F40364C92C-LeaderElection16] INFO  server.RaftServerConfigKeys (ConfUtils.java:logGet(44)) - raft.server.write.element-limit = 1024 (custom)
2020-07-09 01:19:42,863 [98f34e18-095d-41d7-a8c8-ef1510a34e6f@group-47F40364C92C-LeaderElection16] INFO  server.RaftServerConfigKeys (ConfUtils.java:logGet(44)) - raft.server.write.byte-limit = 1073741824 (custom)
2020-07-09 01:19:42,863 [98f34e18-095d-41d7-a8c8-ef1510a34e6f@group-47F40364C92C-LeaderElection16] INFO  server.RaftServerConfigKeys (ConfUtils.java:logGet(44)) - raft.server.watch.timeout = 3000ms (custom)
2020-07-09 01:19:42,863 [98f34e18-095d-41d7-a8c8-ef1510a34e6f@group-47F40364C92C-LeaderElection16] INFO  server.RaftServerConfigKeys (ConfUtils.java:logGet(44)) - raft.server.watch.timeout.denomination = 1s (default)
2020-07-09 01:19:42,863 [98f34e18-095d-41d7-a8c8-ef1510a34e6f@group-47F40364C92C-LeaderElection16] INFO  server.RaftServerConfigKeys (ConfUtils.java:logGet(44)) - raft.server.watch.element-limit = 65536 (default)
2020-07-09 01:19:42,863 [98f34e18-095d-41d7-a8c8-ef1510a34e6f@group-47F40364C92C-LeaderElection16] INFO  server.RaftServerConfigKeys (ConfUtils.java:logGet(44)) - raft.server.log.appender.snapshot.chunk.size.max = 16MB (=16777216) (default)
2020-07-09 01:19:42,864 [98f34e18-095d-41d7-a8c8-ef1510a34e6f@group-47F40364C92C-LeaderElection16] INFO  server.RaftServerConfigKeys (ConfUtils.java:logGet(44)) - raft.server.log.appender.buffer.byte-limit = 33554432 (custom)
2020-07-09 01:19:42,864 [98f34e18-095d-41d7-a8c8-ef1510a34e6f@group-47F40364C92C-LeaderElection16] INFO  server.RaftServerConfigKeys (ConfUtils.java:logGet(44)) - raft.server.log.appender.buffer.element-limit = 1 (custom)
2020-07-09 01:19:42,864 [98f34e18-095d-41d7-a8c8-ef1510a34e6f@group-47F40364C92C-LeaderElection16] INFO  grpc.GrpcConfigKeys (ConfUtils.java:logGet(44)) - raft.grpc.server.leader.outstanding.appends.max = 128 (default)
2020-07-09 01:19:42,864 [98f34e18-095d-41d7-a8c8-ef1510a34e6f@group-47F40364C92C-LeaderElection16] INFO  server.RaftServerConfigKeys (ConfUtils.java:logGet(44)) - raft.server.rpc.request.timeout = 3000ms (default)
2020-07-09 01:19:42,864 [98f34e18-095d-41d7-a8c8-ef1510a34e6f@group-47F40364C92C-LeaderElection16] INFO  server.RaftServerConfigKeys (ConfUtils.java:logGet(44)) - raft.server.log.appender.install.snapshot.enabled = false (custom)
2020-07-09 01:19:42,864 [98f34e18-095d-41d7-a8c8-ef1510a34e6f@group-47F40364C92C-LeaderElection16] INFO  metrics.RatisMetrics (RatisMetrics.java:lambda$create$0(36)) - Creating Metrics Registry : ratis_grpc.log_appender.98f34e18-095d-41d7-a8c8-ef1510a34e6f@group-47F40364C92C
2020-07-09 01:19:42,865 [98f34e18-095d-41d7-a8c8-ef1510a34e6f@group-47F40364C92C-LeaderElection16] INFO  server.RaftServerConfigKeys (ConfUtils.java:logGet(44)) - raft.server.log.appender.snapshot.chunk.size.max = 16MB (=16777216) (default)
2020-07-09 01:19:42,865 [98f34e18-095d-41d7-a8c8-ef1510a34e6f@group-47F40364C92C-LeaderElection16] INFO  server.RaftServerConfigKeys (ConfUtils.java:logGet(44)) - raft.server.log.appender.buffer.byte-limit = 33554432 (custom)
2020-07-09 01:19:42,865 [98f34e18-095d-41d7-a8c8-ef1510a34e6f@group-47F40364C92C-LeaderElection16] INFO  server.RaftServerConfigKeys (ConfUtils.java:logGet(44)) - raft.server.log.appender.buffer.element-limit = 1 (custom)
2020-07-09 01:19:42,865 [98f34e18-095d-41d7-a8c8-ef1510a34e6f@group-47F40364C92C-LeaderElection16] INFO  grpc.GrpcConfigKeys (ConfUtils.java:logGet(44)) - raft.grpc.server.leader.outstanding.appends.max = 128 (default)
2020-07-09 01:19:42,865 [98f34e18-095d-41d7-a8c8-ef1510a34e6f@group-47F40364C92C-LeaderElection16] INFO  server.RaftServerConfigKeys (ConfUtils.java:logGet(44)) - raft.server.rpc.request.timeout = 3000ms (default)
2020-07-09 01:19:42,865 [98f34e18-095d-41d7-a8c8-ef1510a34e6f@group-47F40364C92C-LeaderElection16] INFO  server.RaftServerConfigKeys (ConfUtils.java:logGet(44)) - raft.server.log.appender.install.snapshot.enabled = false (custom)
2020-07-09 01:19:42,866 [98f34e18-095d-41d7-a8c8-ef1510a34e6f@group-47F40364C92C-LeaderElection16] INFO  impl.RoleInfo (RoleInfo.java:updateAndGet(143)) - 98f34e18-095d-41d7-a8c8-ef1510a34e6f: start LeaderState
2020-07-09 01:19:42,875 [954078f0-2330-48dc-ab29-af631119e127@group-47F40364C92C-LeaderElection15] INFO  impl.LeaderElection (LeaderElection.java:logAndReturn(61)) - 954078f0-2330-48dc-ab29-af631119e127@group-47F40364C92C-LeaderElection15: Election REJECTED; received 2 response(s) [954078f0-2330-48dc-ab29-af631119e127<-83bd9611-6e96-48be-a1bb-e26ec6efad02#0:FAIL-t4, 954078f0-2330-48dc-ab29-af631119e127<-98f34e18-095d-41d7-a8c8-ef1510a34e6f#0:FAIL-t4] and 0 exception(s); 954078f0-2330-48dc-ab29-af631119e127@group-47F40364C92C:t4, leader=null, voted=954078f0-2330-48dc-ab29-af631119e127, raftlog=954078f0-2330-48dc-ab29-af631119e127@group-47F40364C92C-SegmentedRaftLog:OPENED:c0,f0,i0, conf=0: [954078f0-2330-48dc-ab29-af631119e127:172.17.0.2:33459, 83bd9611-6e96-48be-a1bb-e26ec6efad02:172.17.0.2:36813, 98f34e18-095d-41d7-a8c8-ef1510a34e6f:172.17.0.2:37419], old=null
2020-07-09 01:19:42,875 [98f34e18-095d-41d7-a8c8-ef1510a34e6f@group-47F40364C92C-LeaderElection16] INFO  segmented.SegmentedRaftLogWorker (SegmentedRaftLogWorker.java:rollLogSegment(402)) - 98f34e18-095d-41d7-a8c8-ef1510a34e6f@group-47F40364C92C-SegmentedRaftLogWorker: Rolling segment log-0_0 to index:0
2020-07-09 01:19:42,878 [954078f0-2330-48dc-ab29-af631119e127@group-47F40364C92C-LeaderElection15] INFO  impl.RaftServerImpl (RaftServerImpl.java:setRole(175)) - 954078f0-2330-48dc-ab29-af631119e127@group-47F40364C92C: changes role from CANDIDATE to FOLLOWER at term 4 for DISCOVERED_A_NEW_TERM
2020-07-09 01:19:42,888 [954078f0-2330-48dc-ab29-af631119e127@group-47F40364C92C-LeaderElection15] INFO  impl.RoleInfo (RoleInfo.java:shutdownLeaderElection(134)) - 954078f0-2330-48dc-ab29-af631119e127: shutdown LeaderElection
2020-07-09 01:19:42,887 [98f34e18-095d-41d7-a8c8-ef1510a34e6f@group-47F40364C92C-LeaderElection16] INFO  impl.RaftServerImpl (ServerState.java:setRaftConf(356)) - 98f34e18-095d-41d7-a8c8-ef1510a34e6f@group-47F40364C92C: set configuration 1: [954078f0-2330-48dc-ab29-af631119e127:172.17.0.2:33459, 83bd9611-6e96-48be-a1bb-e26ec6efad02:172.17.0.2:36813, 98f34e18-095d-41d7-a8c8-ef1510a34e6f:172.17.0.2:37419], old=null at 1
2020-07-09 01:19:42,880 [98f34e18-095d-41d7-a8c8-ef1510a34e6f@group-47F40364C92C-SegmentedRaftLogWorker] INFO  segmented.SegmentedRaftLogWorker (SegmentedRaftLogWorker.java:execute(553)) - 98f34e18-095d-41d7-a8c8-ef1510a34e6f@group-47F40364C92C-SegmentedRaftLogWorker: Rolled log segment from /github/workspace/mnt/ozone/hadoop-ozone/integration-test/target/test-dir/MiniOzoneClusterImpl-513b5a01-9d99-4e7a-8fe1-3ea97a28e1a0/datanode-8/data/ratis/4130ba38-13b2-4571-bced-47f40364c92c/current/log_inprogress_0 to /github/workspace/mnt/ozone/hadoop-ozone/integration-test/target/test-dir/MiniOzoneClusterImpl-513b5a01-9d99-4e7a-8fe1-3ea97a28e1a0/datanode-8/data/ratis/4130ba38-13b2-4571-bced-47f40364c92c/current/log_0-0
2020-07-09 01:19:42,888 [954078f0-2330-48dc-ab29-af631119e127@group-47F40364C92C-LeaderElection15] INFO  impl.RoleInfo (RoleInfo.java:updateAndGet(143)) - 954078f0-2330-48dc-ab29-af631119e127: start FollowerState
2020-07-09 01:19:42,889 [98f34e18-095d-41d7-a8c8-ef1510a34e6f@group-47F40364C92C-SegmentedRaftLogWorker] INFO  segmented.SegmentedRaftLogWorker (SegmentedRaftLogWorker.java:execute(596)) - 98f34e18-095d-41d7-a8c8-ef1510a34e6f@group-47F40364C92C-SegmentedRaftLogWorker: created new log segment /github/workspace/mnt/ozone/hadoop-ozone/integration-test/target/test-dir/MiniOzoneClusterImpl-513b5a01-9d99-4e7a-8fe1-3ea97a28e1a0/datanode-8/data/ratis/4130ba38-13b2-4571-bced-47f40364c92c/current/log_inprogress_1
2020-07-09 01:19:42,893 [grpc-default-executor-0] INFO  ratis.XceiverServerRatis (XceiverServerRatis.java:handleLeaderChangedNotification(762)) - Leader change notification received for group: group-47F40364C92C with new leaderId: 98f34e18-095d-41d7-a8c8-ef1510a34e6f
2020-07-09 01:19:42,893 [grpc-default-executor-0] INFO  impl.RaftServerImpl (ServerState.java:setLeader(255)) - 954078f0-2330-48dc-ab29-af631119e127@group-47F40364C92C: change Leader from null to 98f34e18-095d-41d7-a8c8-ef1510a34e6f at term 4 for appendEntries, leader elected after 10101ms
2020-07-09 01:19:42,893 [grpc-default-executor-0] INFO  ratis.XceiverServerRatis (XceiverServerRatis.java:handleLeaderChangedNotification(762)) - Leader change notification received for group: group-47F40364C92C with new leaderId: 98f34e18-095d-41d7-a8c8-ef1510a34e6f
2020-07-09 01:19:42,894 [grpc-default-executor-0] INFO  impl.RaftServerImpl (ServerState.java:setLeader(255)) - 83bd9611-6e96-48be-a1bb-e26ec6efad02@group-47F40364C92C: change Leader from null to 98f34e18-095d-41d7-a8c8-ef1510a34e6f at term 4 for appendEntries, leader elected after 15298ms
2020-07-09 01:19:42,894 [grpc-default-executor-0] INFO  impl.RaftServerImpl (RaftServerImpl.java:checkInconsistentAppendEntries(1097)) - 83bd9611-6e96-48be-a1bb-e26ec6efad02@group-47F40364C92C: Failed appendEntries as previous log entry ((t:1, i:0)) is not found
2020-07-09 01:19:42,894 [grpc-default-executor-0] INFO  impl.RaftServerImpl (RaftServerImpl.java:checkInconsistentAppendEntries(1063)) - 83bd9611-6e96-48be-a1bb-e26ec6efad02@group-47F40364C92C: inconsistency entries. Reply:98f34e18-095d-41d7-a8c8-ef1510a34e6f<-83bd9611-6e96-48be-a1bb-e26ec6efad02#0:FAIL,INCONSISTENCY,nextIndex:0,term:4,followerCommit:-1
2020-07-09 01:19:42,895 [grpc-default-executor-4] DEBUG impl.RaftServerImpl (RaftServerImpl.java:logAppendEntries(928)) - 954078f0-2330-48dc-ab29-af631119e127@group-47F40364C92C: receive appendEntries(98f34e18-095d-41d7-a8c8-ef1510a34e6f, 4, (t:1, i:0), 0, false, commits[98f34e18-095d-41d7-a8c8-ef1510a34e6f:c0, 954078f0-2330-48dc-ab29-af631119e127:c-1, 83bd9611-6e96-48be-a1bb-e26ec6efad02:c-1], entries: (t:4, i:1), CONFIGURATIONENTRY
2020-07-09 01:19:42,895 [grpc-default-executor-4] INFO  impl.RaftServerImpl (ServerState.java:setRaftConf(356)) - 954078f0-2330-48dc-ab29-af631119e127@group-47F40364C92C: set configuration 1: [954078f0-2330-48dc-ab29-af631119e127:172.17.0.2:33459, 83bd9611-6e96-48be-a1bb-e26ec6efad02:172.17.0.2:36813, 98f34e18-095d-41d7-a8c8-ef1510a34e6f:172.17.0.2:37419], old=null at 1
2020-07-09 01:19:42,895 [grpc-default-executor-4] INFO  segmented.SegmentedRaftLogWorker (SegmentedRaftLogWorker.java:rollLogSegment(402)) - 954078f0-2330-48dc-ab29-af631119e127@group-47F40364C92C-SegmentedRaftLogWorker: Rolling segment log-0_0 to index:0
2020-07-09 01:19:42,896 [grpc-default-executor-3] DEBUG server.GrpcLogAppender (GrpcLogAppender.java:onNext(257)) - 98f34e18-095d-41d7-a8c8-ef1510a34e6f@group-47F40364C92C->83bd9611-6e96-48be-a1bb-e26ec6efad02-AppendLogResponseHandler: received the first reply 98f34e18-095d-41d7-a8c8-ef1510a34e6f<-83bd9611-6e96-48be-a1bb-e26ec6efad02#0:FAIL,INCONSISTENCY,nextIndex:0,term:4,followerCommit:-1, request=AppendEntriesRequest:cid=0,entriesCount=0,lastEntry=null
2020-07-09 01:19:42,896 [grpc-default-executor-3] INFO  impl.FollowerInfo (FollowerInfo.java:lambda$new$0(51)) - 98f34e18-095d-41d7-a8c8-ef1510a34e6f@group-47F40364C92C->83bd9611-6e96-48be-a1bb-e26ec6efad02: nextIndex: updateUnconditionally 2 -> 0
2020-07-09 01:19:42,897 [954078f0-2330-48dc-ab29-af631119e127@group-47F40364C92C-SegmentedRaftLogWorker] INFO  segmented.SegmentedRaftLogWorker (SegmentedRaftLogWorker.java:execute(553)) - 954078f0-2330-48dc-ab29-af631119e127@group-47F40364C92C-SegmentedRaftLogWorker: Rolled log segment from /github/workspace/mnt/ozone/hadoop-ozone/integration-test/target/test-dir/MiniOzoneClusterImpl-513b5a01-9d99-4e7a-8fe1-3ea97a28e1a0/datanode-7/data/ratis/4130ba38-13b2-4571-bced-47f40364c92c/current/log_inprogress_0 to /github/workspace/mnt/ozone/hadoop-ozone/integration-test/target/test-dir/MiniOzoneClusterImpl-513b5a01-9d99-4e7a-8fe1-3ea97a28e1a0/datanode-7/data/ratis/4130ba38-13b2-4571-bced-47f40364c92c/current/log_0-0
2020-07-09 01:19:42,897 [grpc-default-executor-0] DEBUG impl.RaftServerImpl (RaftServerImpl.java:logAppendEntries(928)) - 83bd9611-6e96-48be-a1bb-e26ec6efad02@group-47F40364C92C: receive appendEntries(98f34e18-095d-41d7-a8c8-ef1510a34e6f, 4, (t:1, i:0), 0, false, commits[98f34e18-095d-41d7-a8c8-ef1510a34e6f:c0, 954078f0-2330-48dc-ab29-af631119e127:c-1, 83bd9611-6e96-48be-a1bb-e26ec6efad02:c-1], entries: (t:4, i:1), CONFIGURATIONENTRY
2020-07-09 01:19:42,898 [grpc-default-executor-0] INFO  impl.RaftServerImpl (RaftServerImpl.java:checkInconsistentAppendEntries(1097)) - 83bd9611-6e96-48be-a1bb-e26ec6efad02@group-47F40364C92C: Failed appendEntries as previous log entry ((t:1, i:0)) is not found
2020-07-09 01:19:42,898 [grpc-default-executor-0] INFO  impl.RaftServerImpl (RaftServerImpl.java:checkInconsistentAppendEntries(1063)) - 83bd9611-6e96-48be-a1bb-e26ec6efad02@group-47F40364C92C: inconsistency entries. Reply:98f34e18-095d-41d7-a8c8-ef1510a34e6f<-83bd9611-6e96-48be-a1bb-e26ec6efad02#1:FAIL,INCONSISTENCY,nextIndex:0,term:4,followerCommit:-1
2020-07-09 01:19:42,898 [954078f0-2330-48dc-ab29-af631119e127@group-47F40364C92C-SegmentedRaftLogWorker] INFO  segmented.SegmentedRaftLogWorker (SegmentedRaftLogWorker.java:execute(596)) - 954078f0-2330-48dc-ab29-af631119e127@group-47F40364C92C-SegmentedRaftLogWorker: created new log segment /github/workspace/mnt/ozone/hadoop-ozone/integration-test/target/test-dir/MiniOzoneClusterImpl-513b5a01-9d99-4e7a-8fe1-3ea97a28e1a0/datanode-7/data/ratis/4130ba38-13b2-4571-bced-47f40364c92c/current/log_inprogress_1
2020-07-09 01:19:42,900 [grpc-default-executor-0] DEBUG server.GrpcLogAppender (GrpcLogAppender.java:onNext(257)) - 98f34e18-095d-41d7-a8c8-ef1510a34e6f@group-47F40364C92C->83bd9611-6e96-48be-a1bb-e26ec6efad02-AppendLogResponseHandler: received a reply 98f34e18-095d-41d7-a8c8-ef1510a34e6f<-83bd9611-6e96-48be-a1bb-e26ec6efad02#1:FAIL,INCONSISTENCY,nextIndex:0,term:4,followerCommit:-1, request=null
2020-07-09 01:19:42,900 [grpc-default-executor-0] INFO  impl.FollowerInfo (FollowerInfo.java:lambda$new$0(51)) - 98f34e18-095d-41d7-a8c8-ef1510a34e6f@group-47F40364C92C->83bd9611-6e96-48be-a1bb-e26ec6efad02: nextIndex: updateUnconditionally 1 -> 0
2020-07-09 01:19:42,901 [grpc-default-executor-0] DEBUG server.GrpcLogAppender (GrpcLogAppender.java:onNext(257)) - 98f34e18-095d-41d7-a8c8-ef1510a34e6f@group-47F40364C92C->954078f0-2330-48dc-ab29-af631119e127-AppendLogResponseHandler: received the first reply 98f34e18-095d-41d7-a8c8-ef1510a34e6f<-954078f0-2330-48dc-ab29-af631119e127#0:OK,SUCCESS,nextIndex:2,term:4,followerCommit:0, request=AppendEntriesRequest:cid=0,entriesCount=0,lastEntry=null
2020-07-09 01:19:42,911 [grpc-default-executor-0] DEBUG impl.RaftServerImpl (RaftServerImpl.java:logAppendEntries(928)) - 83bd9611-6e96-48be-a1bb-e26ec6efad02@group-47F40364C92C: receive appendEntries(98f34e18-095d-41d7-a8c8-ef1510a34e6f, 4, null, 0, false, commits[98f34e18-095d-41d7-a8c8-ef1510a34e6f:c0, 954078f0-2330-48dc-ab29-af631119e127:c-1, 83bd9611-6e96-48be-a1bb-e26ec6efad02:c-1], entries: (t:1, i:0), CONFIGURATIONENTRY
2020-07-09 01:19:42,911 [grpc-default-executor-0] INFO  impl.RaftServerImpl (ServerState.java:setRaftConf(356)) - 83bd9611-6e96-48be-a1bb-e26ec6efad02@group-47F40364C92C: set configuration 0: [954078f0-2330-48dc-ab29-af631119e127:172.17.0.2:33459, 83bd9611-6e96-48be-a1bb-e26ec6efad02:172.17.0.2:36813, 98f34e18-095d-41d7-a8c8-ef1510a34e6f:172.17.0.2:37419], old=null at 0
2020-07-09 01:19:42,911 [grpc-default-executor-0] INFO  segmented.SegmentedRaftLogWorker (SegmentedRaftLogWorker.java:startLogSegment(397)) - 83bd9611-6e96-48be-a1bb-e26ec6efad02@group-47F40364C92C-SegmentedRaftLogWorker: Starting segment from index:0
2020-07-09 01:19:42,913 [83bd9611-6e96-48be-a1bb-e26ec6efad02@group-47F40364C92C-SegmentedRaftLogWorker] INFO  segmented.SegmentedRaftLogWorker (SegmentedRaftLogWorker.java:execute(596)) - 83bd9611-6e96-48be-a1bb-e26ec6efad02@group-47F40364C92C-SegmentedRaftLogWorker: created new log segment /github/workspace/mnt/ozone/hadoop-ozone/integration-test/target/test-dir/MiniOzoneClusterImpl-513b5a01-9d99-4e7a-8fe1-3ea97a28e1a0/datanode-6/data/ratis/4130ba38-13b2-4571-bced-47f40364c92c/current/log_inprogress_0
2020-07-09 01:19:42,916 [grpc-default-executor-0] DEBUG impl.RaftServerImpl (RaftServerImpl.java:logAppendEntries(928)) - 83bd9611-6e96-48be-a1bb-e26ec6efad02@group-47F40364C92C: receive appendEntries(98f34e18-095d-41d7-a8c8-ef1510a34e6f, 4, null, 0, false, commits[98f34e18-095d-41d7-a8c8-ef1510a34e6f:c0, 954078f0-2330-48dc-ab29-af631119e127:c0, 83bd9611-6e96-48be-a1bb-e26ec6efad02:c-1], entries: (t:1, i:0), CONFIGURATIONENTRY
2020-07-09 01:19:42,916 [grpc-default-executor-0] INFO  impl.RaftServerImpl (ServerState.java:setRaftConf(356)) - 83bd9611-6e96-48be-a1bb-e26ec6efad02@group-47F40364C92C: set configuration 0: [954078f0-2330-48dc-ab29-af631119e127:172.17.0.2:33459, 83bd9611-6e96-48be-a1bb-e26ec6efad02:172.17.0.2:36813, 98f34e18-095d-41d7-a8c8-ef1510a34e6f:172.17.0.2:37419], old=null at 0
2020-07-09 01:19:42,920 [grpc-default-executor-0] DEBUG impl.RaftServerImpl (RaftServerImpl.java:logAppendEntries(928)) - 83bd9611-6e96-48be-a1bb-e26ec6efad02@group-47F40364C92C: receive appendEntries(98f34e18-095d-41d7-a8c8-ef1510a34e6f, 4, (t:1, i:0), 0, false, commits[98f34e18-095d-41d7-a8c8-ef1510a34e6f:c0, 954078f0-2330-48dc-ab29-af631119e127:c0, 83bd9611-6e96-48be-a1bb-e26ec6efad02:c-1], entries: (t:4, i:1), CONFIGURATIONENTRY
2020-07-09 01:19:42,920 [grpc-default-executor-0] INFO  impl.RaftServerImpl (ServerState.java:setRaftConf(356)) - 83bd9611-6e96-48be-a1bb-e26ec6efad02@group-47F40364C92C: set configuration 1: [954078f0-2330-48dc-ab29-af631119e127:172.17.0.2:33459, 83bd9611-6e96-48be-a1bb-e26ec6efad02:172.17.0.2:36813, 98f34e18-095d-41d7-a8c8-ef1510a34e6f:172.17.0.2:37419], old=null at 1
2020-07-09 01:19:42,920 [Thread-412] DEBUG impl.RaftServerImpl (RaftServerImpl.java:logAppendEntries(928)) - 954078f0-2330-48dc-ab29-af631119e127@group-47F40364C92C: succeeded to handle AppendEntries. Reply: 98f34e18-095d-41d7-a8c8-ef1510a34e6f<-954078f0-2330-48dc-ab29-af631119e127#1:OK,SUCCESS,nextIndex:2,term:4,followerCommit:0
2020-07-09 01:19:42,920 [grpc-default-executor-0] INFO  segmented.SegmentedRaftLogWorker (SegmentedRaftLogWorker.java:rollLogSegment(402)) - 83bd9611-6e96-48be-a1bb-e26ec6efad02@group-47F40364C92C-SegmentedRaftLogWorker: Rolling segment log-0_0 to index:0
2020-07-09 01:19:42,921 [grpc-default-executor-0] DEBUG server.GrpcLogAppender (GrpcLogAppender.java:onNext(257)) - 98f34e18-095d-41d7-a8c8-ef1510a34e6f@group-47F40364C92C->954078f0-2330-48dc-ab29-af631119e127-AppendLogResponseHandler: received a reply 98f34e18-095d-41d7-a8c8-ef1510a34e6f<-954078f0-2330-48dc-ab29-af631119e127#1:OK,SUCCESS,nextIndex:2,term:4,followerCommit:0, request=AppendEntriesRequest:cid=1,entriesCount=1,lastEntry=(t:4, i:1)
2020-07-09 01:19:42,921 [Thread-413] DEBUG impl.RaftServerImpl (RaftServerImpl.java:logAppendEntries(928)) - 83bd9611-6e96-48be-a1bb-e26ec6efad02@group-47F40364C92C: succeeded to handle AppendEntries. Reply: 98f34e18-095d-41d7-a8c8-ef1510a34e6f<-83bd9611-6e96-48be-a1bb-e26ec6efad02#3:OK,SUCCESS,nextIndex:1,term:4,followerCommit:-1
2020-07-09 01:19:42,926 [grpc-default-executor-3] DEBUG impl.RaftServerImpl (RaftServerImpl.java:logAppendEntries(928)) - 83bd9611-6e96-48be-a1bb-e26ec6efad02@group-47F40364C92C: receive appendEntries(98f34e18-095d-41d7-a8c8-ef1510a34e6f, 4, (t:4, i:1), 1, false, commits[98f34e18-095d-41d7-a8c8-ef1510a34e6f:c1, 954078f0-2330-48dc-ab29-af631119e127:c0, 83bd9611-6e96-48be-a1bb-e26ec6efad02:c-1], entries: (t:4, i:2), METADATAENTRY(c:1)
2020-07-09 01:19:42,926 [grpc-default-executor-0] DEBUG impl.RaftServerImpl (RaftServerImpl.java:logAppendEntries(928)) - 954078f0-2330-48dc-ab29-af631119e127@group-47F40364C92C: receive appendEntries(98f34e18-095d-41d7-a8c8-ef1510a34e6f, 4, (t:4, i:1), 1, false, commits[98f34e18-095d-41d7-a8c8-ef1510a34e6f:c1, 954078f0-2330-48dc-ab29-af631119e127:c0, 83bd9611-6e96-48be-a1bb-e26ec6efad02:c-1], entries: (t:4, i:2), METADATAENTRY(c:1)
2020-07-09 01:19:42,935 [Thread-414] DEBUG impl.RaftServerImpl (RaftServerImpl.java:logAppendEntries(928)) - 83bd9611-6e96-48be-a1bb-e26ec6efad02@group-47F40364C92C: succeeded to handle AppendEntries. Reply: 98f34e18-095d-41d7-a8c8-ef1510a34e6f<-83bd9611-6e96-48be-a1bb-e26ec6efad02#2:OK,SUCCESS,nextIndex:1,term:4,followerCommit:-1
2020-07-09 01:19:42,935 [83bd9611-6e96-48be-a1bb-e26ec6efad02@group-47F40364C92C-SegmentedRaftLogWorker] INFO  segmented.SegmentedRaftLogWorker (SegmentedRaftLogWorker.java:execute(553)) - 83bd9611-6e96-48be-a1bb-e26ec6efad02@group-47F40364C92C-SegmentedRaftLogWorker: Rolled log segment from /github/workspace/mnt/ozone/hadoop-ozone/integration-test/target/test-dir/MiniOzoneClusterImpl-513b5a01-9d99-4e7a-8fe1-3ea97a28e1a0/datanode-6/data/ratis/4130ba38-13b2-4571-bced-47f40364c92c/current/log_inprogress_0 to /github/workspace/mnt/ozone/hadoop-ozone/integration-test/target/test-dir/MiniOzoneClusterImpl-513b5a01-9d99-4e7a-8fe1-3ea97a28e1a0/datanode-6/data/ratis/4130ba38-13b2-4571-bced-47f40364c92c/current/log_0-0
2020-07-09 01:19:42,936 [grpc-default-executor-0] DEBUG server.GrpcLogAppender (GrpcLogAppender.java:onNext(257)) - 98f34e18-095d-41d7-a8c8-ef1510a34e6f@group-47F40364C92C->83bd9611-6e96-48be-a1bb-e26ec6efad02-AppendLogResponseHandler: received a reply 98f34e18-095d-41d7-a8c8-ef1510a34e6f<-83bd9611-6e96-48be-a1bb-e26ec6efad02#2:OK,SUCCESS,nextIndex:1,term:4,followerCommit:-1, request=null
2020-07-09 01:19:42,936 [83bd9611-6e96-48be-a1bb-e26ec6efad02@group-47F40364C92C-SegmentedRaftLogWorker] INFO  segmented.SegmentedRaftLogWorker (SegmentedRaftLogWorker.java:execute(596)) - 83bd9611-6e96-48be-a1bb-e26ec6efad02@group-47F40364C92C-SegmentedRaftLogWorker: created new log segment /github/workspace/mnt/ozone/hadoop-ozone/integration-test/target/test-dir/MiniOzoneClusterImpl-513b5a01-9d99-4e7a-8fe1-3ea97a28e1a0/datanode-6/data/ratis/4130ba38-13b2-4571-bced-47f40364c92c/current/log_inprogress_1
2020-07-09 01:19:42,937 [grpc-default-executor-0] DEBUG server.GrpcLogAppender (GrpcLogAppender.java:onNext(257)) - 98f34e18-095d-41d7-a8c8-ef1510a34e6f@group-47F40364C92C->83bd9611-6e96-48be-a1bb-e26ec6efad02-AppendLogResponseHandler: received a reply 98f34e18-095d-41d7-a8c8-ef1510a34e6f<-83bd9611-6e96-48be-a1bb-e26ec6efad02#3:OK,SUCCESS,nextIndex:1,term:4,followerCommit:-1, request=AppendEntriesRequest:cid=3,entriesCount=1,lastEntry=(t:1, i:0)
2020-07-09 01:19:42,943 [Thread-416] DEBUG impl.RaftServerImpl (RaftServerImpl.java:logAppendEntries(928)) - 83bd9611-6e96-48be-a1bb-e26ec6efad02@group-47F40364C92C: succeeded to handle AppendEntries. Reply: 98f34e18-095d-41d7-a8c8-ef1510a34e6f<-83bd9611-6e96-48be-a1bb-e26ec6efad02#4:OK,SUCCESS,nextIndex:2,term:4,followerCommit:-1
2020-07-09 01:19:42,943 [Thread-415] DEBUG impl.RaftServerImpl (RaftServerImpl.java:logAppendEntries(928)) - 954078f0-2330-48dc-ab29-af631119e127@group-47F40364C92C: succeeded to handle AppendEntries. Reply: 98f34e18-095d-41d7-a8c8-ef1510a34e6f<-954078f0-2330-48dc-ab29-af631119e127#2:OK,SUCCESS,nextIndex:3,term:4,followerCommit:1
2020-07-09 01:19:42,944 [grpc-default-executor-0] DEBUG server.GrpcLogAppender (GrpcLogAppender.java:onNext(257)) - 98f34e18-095d-41d7-a8c8-ef1510a34e6f@group-47F40364C92C->83bd9611-6e96-48be-a1bb-e26ec6efad02-AppendLogResponseHandler: received a reply 98f34e18-095d-41d7-a8c8-ef1510a34e6f<-83bd9611-6e96-48be-a1bb-e26ec6efad02#4:OK,SUCCESS,nextIndex:2,term:4,followerCommit:-1, request=AppendEntriesRequest:cid=4,entriesCount=1,lastEntry=(t:4, i:1)
2020-07-09 01:19:42,944 [grpc-default-executor-3] DEBUG server.GrpcLogAppender (GrpcLogAppender.java:onNext(257)) - 98f34e18-095d-41d7-a8c8-ef1510a34e6f@group-47F40364C92C->954078f0-2330-48dc-ab29-af631119e127-AppendLogResponseHandler: received a reply 98f34e18-095d-41d7-a8c8-ef1510a34e6f<-954078f0-2330-48dc-ab29-af631119e127#2:OK,SUCCESS,nextIndex:3,term:4,followerCommit:1, request=AppendEntriesRequest:cid=2,entriesCount=1,lastEntry=(t:4, i:2)
2020-07-09 01:19:42,945 [Thread-417] DEBUG impl.RaftServerImpl (RaftServerImpl.java:logAppendEntries(928)) - 83bd9611-6e96-48be-a1bb-e26ec6efad02@group-47F40364C92C: succeeded to handle AppendEntries. Reply: 98f34e18-095d-41d7-a8c8-ef1510a34e6f<-83bd9611-6e96-48be-a1bb-e26ec6efad02#5:OK,SUCCESS,nextIndex:3,term:4,followerCommit:1
2020-07-09 01:19:42,946 [grpc-default-executor-3] DEBUG server.GrpcLogAppender (GrpcLogAppender.java:onNext(257)) - 98f34e18-095d-41d7-a8c8-ef1510a34e6f@group-47F40364C92C->83bd9611-6e96-48be-a1bb-e26ec6efad02-AppendLogResponseHandler: received a reply 98f34e18-095d-41d7-a8c8-ef1510a34e6f<-83bd9611-6e96-48be-a1bb-e26ec6efad02#5:OK,SUCCESS,nextIndex:3,term:4,followerCommit:1, request=AppendEntriesRequest:cid=5,entriesCount=1,lastEntry=(t:4, i:2)
2020-07-09 01:19:44,943 [grpc-default-executor-3] DEBUG server.GrpcLogAppender (GrpcLogAppender.java:onNext(257)) - 3bb671d4-7f90-4750-a753-fc4fc647587c@group-EDE382CE3E00->6364e981-304f-41bf-bc01-7b1ff98cc952-AppendLogResponseHandler: received a reply 3bb671d4-7f90-4750-a753-fc4fc647587c<-6364e981-304f-41bf-bc01-7b1ff98cc952#6:OK,SUCCESS,nextIndex:1,term:1,followerCommit:0, request=AppendEntriesRequest:cid=6,entriesCount=0,lastEntry=null
2020-07-09 01:19:44,950 [grpc-default-executor-3] DEBUG server.GrpcLogAppender (GrpcLogAppender.java:onNext(257)) - 3bb671d4-7f90-4750-a753-fc4fc647587c@group-EDE382CE3E00->c506d153-aba5-44d6-9bcb-0e1026c6c6c2-AppendLogResponseHandler: received a reply 3bb671d4-7f90-4750-a753-fc4fc647587c<-c506d153-aba5-44d6-9bcb-0e1026c6c6c2#6:OK,SUCCESS,nextIndex:1,term:1,followerCommit:0, request=AppendEntriesRequest:cid=6,entriesCount=0,lastEntry=null
2020-07-09 01:19:45,025 [grpc-default-executor-3] DEBUG server.GrpcLogAppender (GrpcLogAppender.java:onNext(257)) - 4f159216-eef4-4234-82ad-645dd276908c@group-B75F79988D48->c95b19f7-50b5-4904-962f-b689396cb015-AppendLogResponseHandler: received a reply 4f159216-eef4-4234-82ad-645dd276908c<-c95b19f7-50b5-4904-962f-b689396cb015#6:OK,SUCCESS,nextIndex:1,term:1,followerCommit:0, request=AppendEntriesRequest:cid=6,entriesCount=0,lastEntry=null
2020-07-09 01:19:45,069 [grpc-default-executor-3] DEBUG server.GrpcLogAppender (GrpcLogAppender.java:onNext(257)) - 4f159216-eef4-4234-82ad-645dd276908c@group-B75F79988D48->4de64420-61f2-4826-b9c9-fe43ebf29f54-AppendLogResponseHandler: received a reply 4f159216-eef4-4234-82ad-645dd276908c<-4de64420-61f2-4826-b9c9-fe43ebf29f54#6:OK,SUCCESS,nextIndex:1,term:1,followerCommit:0, request=AppendEntriesRequest:cid=6,entriesCount=0,lastEntry=null
2020-07-09 01:19:45,443 [grpc-default-executor-3] DEBUG impl.RaftServerImpl (RaftServerImpl.java:submitClientRequestAsync(575)) - 83bd9611-6e96-48be-a1bb-e26ec6efad02@group-47F40364C92C: receive client request(RaftClientRequest:client-55313D08642C->83bd9611-6e96-48be-a1bb-e26ec6efad02@group-47F40364C92C, cid=18, seq=1*, Watch(0), Message:<EMPTY>)
2020-07-09 01:19:45,453 [grpc-default-executor-4] ERROR storage.BlockOutputStream (BlockOutputStream.java:lambda$writeChunkToContainer$3(643)) - writing chunk failed 104481264324771840_chunk_1 blockID conID: 1 locID: 104481264324771840 bcsId: 0 with exception org.apache.ratis.protocol.AlreadyClosedException: SlidingWindow$Client:client-55313D08642C->RAFT is closed.
2020-07-09 01:19:45,454 [grpc-default-executor-3] DEBUG server.GrpcLogAppender (GrpcLogAppender.java:onNext(257)) - 98f34e18-095d-41d7-a8c8-ef1510a34e6f@group-47F40364C92C->954078f0-2330-48dc-ab29-af631119e127-AppendLogResponseHandler: received a reply 98f34e18-095d-41d7-a8c8-ef1510a34e6f<-954078f0-2330-48dc-ab29-af631119e127#3:OK,SUCCESS,nextIndex:3,term:4,followerCommit:2, request=AppendEntriesRequest:cid=3,entriesCount=0,lastEntry=null
2020-07-09 01:19:45,454 [grpc-default-executor-4] ERROR storage.BlockOutputStream (BlockOutputStream.java:lambda$writeChunkToContainer$3(643)) - writing chunk failed 104481264324771840_chunk_2 blockID conID: 1 locID: 104481264324771840 bcsId: 0 with exception org.apache.ratis.protocol.AlreadyClosedException: SlidingWindow$Client:client-55313D08642C->RAFT is closed.
2020-07-09 01:19:45,454 [grpc-default-executor-4] ERROR storage.BlockOutputStream (BlockOutputStream.java:lambda$writeChunkToContainer$3(643)) - writing chunk failed 104481264324771840_chunk_3 blockID conID: 1 locID: 104481264324771840 bcsId: 0 with exception org.apache.ratis.protocol.AlreadyClosedException: SlidingWindow$Client:client-55313D08642C->RAFT is closed.
2020-07-09 01:19:45,454 [grpc-default-executor-4] ERROR storage.BlockOutputStream (BlockOutputStream.java:lambda$writeChunkToContainer$3(643)) - writing chunk failed 104481264324771840_chunk_4 blockID conID: 1 locID: 104481264324771840 bcsId: 0 with exception org.apache.ratis.protocol.AlreadyClosedException: SlidingWindow$Client:client-55313D08642C->RAFT is closed.
2020-07-09 01:19:45,460 [Listener at 127.0.0.1/39385] WARN  io.KeyOutputStream (KeyOutputStream.java:handleException(298)) - Encountered exception java.io.IOException: Unexpected Storage Container Exception: java.util.concurrent.CompletionException: java.util.concurrent.CompletionException: org.apache.ratis.protocol.AlreadyClosedException: SlidingWindow$Client:client-55313D08642C->RAFT is closed. on the pipeline Pipeline[ Id: 4130ba38-13b2-4571-bced-47f40364c92c, Nodes: 98f34e18-095d-41d7-a8c8-ef1510a34e6f{ip: 172.17.0.2, host: 848e8b8fb74f, networkLocation: /default-rack, certSerialId: null}954078f0-2330-48dc-ab29-af631119e127{ip: 172.17.0.2, host: 848e8b8fb74f, networkLocation: /default-rack, certSerialId: null}83bd9611-6e96-48be-a1bb-e26ec6efad02{ip: 172.17.0.2, host: 848e8b8fb74f, networkLocation: /default-rack, certSerialId: null}, Type:RATIS, Factor:THREE, State:OPEN, leaderId:98f34e18-095d-41d7-a8c8-ef1510a34e6f, CreationTimestamp2020-07-09T01:19:24.385Z]. The last committed block length is 0, uncommitted data length is 400 retry count 0
2020-07-09 01:19:45,468 [grpc-default-executor-4] DEBUG server.GrpcLogAppender (GrpcLogAppender.java:onNext(257)) - 98f34e18-095d-41d7-a8c8-ef1510a34e6f@group-47F40364C92C->83bd9611-6e96-48be-a1bb-e26ec6efad02-AppendLogResponseHandler: received a reply 98f34e18-095d-41d7-a8c8-ef1510a34e6f<-83bd9611-6e96-48be-a1bb-e26ec6efad02#6:OK,SUCCESS,nextIndex:3,term:4,followerCommit:2, request=AppendEntriesRequest:cid=6,entriesCount=0,lastEntry=null
2020-07-09 01:19:45,468 [Listener at 127.0.0.1/39385] INFO  io.BlockOutputStreamEntryPool (BlockOutputStreamEntryPool.java:allocateNewBlock(284)) - Allocating block with ExcludeList {datanodes = [], containerIds = [], pipelineIds = [PipelineID=4130ba38-13b2-4571-bced-47f40364c92c]}
2020-07-09 01:19:45,514 [grpc-default-executor-3] DEBUG impl.RaftServerImpl (RaftServerImpl.java:submitClientRequestAsync(575)) - 3bb671d4-7f90-4750-a753-fc4fc647587c@group-EDE382CE3E00: receive client request(RaftClientRequest:client-3B8ED4230929->3bb671d4-7f90-4750-a753-fc4fc647587c@group-EDE382CE3E00, cid=25, seq=1*, Watch(0), Message:<EMPTY>)
2020-07-09 01:19:45,515 [grpc-default-executor-3] DEBUG impl.RaftServerImpl (LeaderState.java:addWatchReqeust(353)) - 3bb671d4-7f90-4750-a753-fc4fc647587c@group-EDE382CE3E00-LeaderState: addWatchRequest RaftClientRequest:client-3B8ED4230929->3bb671d4-7f90-4750-a753-fc4fc647587c@group-EDE382CE3E00, cid=25, seq=1*, Watch(0), Message:<EMPTY>
2020-07-09 01:19:45,530 [grpc-default-executor-4] DEBUG impl.RaftServerImpl (RaftServerImpl.java:submitClientRequestAsync(575)) - 3bb671d4-7f90-4750-a753-fc4fc647587c@group-EDE382CE3E00: receive client request(RaftClientRequest:client-3B8ED4230929->3bb671d4-7f90-4750-a753-fc4fc647587c@group-EDE382CE3E00, cid=26, seq=2, RW, Message:0000006f080c12001802...(size=215))
2020-07-09 01:19:45,624 [grpc-default-executor-4] DEBUG impl.RaftServerImpl (LeaderState.java:addPendingRequest(335)) - 3bb671d4-7f90-4750-a753-fc4fc647587c@group-EDE382CE3E00-LeaderState: addPendingRequest at RaftClientRequest:client-3B8ED4230929->3bb671d4-7f90-4750-a753-fc4fc647587c@group-EDE382CE3E00, cid=26, seq=2, RW, Message:0000006f080c12001802...(size=215), entry=(t:1, i:1), STATEMACHINELOGENTRY, client-3B8ED4230929, cid=26
2020-07-09 01:19:45,627 [grpc-default-executor-3] DEBUG impl.RaftServerImpl (RaftServerImpl.java:logAppendEntries(928)) - c506d153-aba5-44d6-9bcb-0e1026c6c6c2@group-EDE382CE3E00: receive appendEntries(3bb671d4-7f90-4750-a753-fc4fc647587c, 1, (t:1, i:0), 0, false, commits[3bb671d4-7f90-4750-a753-fc4fc647587c:c0, c506d153-aba5-44d6-9bcb-0e1026c6c6c2:c0, 6364e981-304f-41bf-bc01-7b1ff98cc952:c0], entries: (t:1, i:1), STATEMACHINELOGENTRY, client-3B8ED4230929, cid=26
2020-07-09 01:19:45,631 [grpc-default-executor-3] DEBUG impl.RaftServerImpl (RaftServerImpl.java:logAppendEntries(928)) - 6364e981-304f-41bf-bc01-7b1ff98cc952@group-EDE382CE3E00: receive appendEntries(3bb671d4-7f90-4750-a753-fc4fc647587c, 1, (t:1, i:0), 0, false, commits[3bb671d4-7f90-4750-a753-fc4fc647587c:c0, c506d153-aba5-44d6-9bcb-0e1026c6c6c2:c0, 6364e981-304f-41bf-bc01-7b1ff98cc952:c0], entries: (t:1, i:1), STATEMACHINELOGENTRY, client-3B8ED4230929, cid=26
2020-07-09 01:19:45,633 [grpc-default-executor-4] DEBUG impl.RaftServerImpl (RaftServerImpl.java:submitClientRequestAsync(575)) - 3bb671d4-7f90-4750-a753-fc4fc647587c@group-EDE382CE3E00: receive client request(RaftClientRequest:client-3B8ED4230929->3bb671d4-7f90-4750-a753-fc4fc647587c@group-EDE382CE3E00, cid=27, seq=3, RW, Message:0000006f080c12001802...(size=215))
2020-07-09 01:19:45,636 [grpc-default-executor-4] DEBUG impl.RaftServerImpl (LeaderState.java:addPendingRequest(335)) - 3bb671d4-7f90-4750-a753-fc4fc647587c@group-EDE382CE3E00-LeaderState: addPendingRequest at RaftClientRequest:client-3B8ED4230929->3bb671d4-7f90-4750-a753-fc4fc647587c@group-EDE382CE3E00, cid=27, seq=3, RW, Message:0000006f080c12001802...(size=215), entry=(t:1, i:2), STATEMACHINELOGENTRY, client-3B8ED4230929, cid=27
2020-07-09 01:19:45,637 [grpc-default-executor-3] DEBUG impl.RaftServerImpl (RaftServerImpl.java:logAppendEntries(928)) - c506d153-aba5-44d6-9bcb-0e1026c6c6c2@group-EDE382CE3E00: receive appendEntries(3bb671d4-7f90-4750-a753-fc4fc647587c, 1, (t:1, i:1), 0, false, commits[3bb671d4-7f90-4750-a753-fc4fc647587c:c0, c506d153-aba5-44d6-9bcb-0e1026c6c6c2:c0, 6364e981-304f-41bf-bc01-7b1ff98cc952:c0], entries: (t:1, i:2), STATEMACHINELOGENTRY, client-3B8ED4230929, cid=27
2020-07-09 01:19:45,646 [grpc-default-executor-3] DEBUG impl.RaftServerImpl (RaftServerImpl.java:logAppendEntries(928)) - 6364e981-304f-41bf-bc01-7b1ff98cc952@group-EDE382CE3E00: receive appendEntries(3bb671d4-7f90-4750-a753-fc4fc647587c, 1, (t:1, i:1), 0, false, commits[3bb671d4-7f90-4750-a753-fc4fc647587c:c0, c506d153-aba5-44d6-9bcb-0e1026c6c6c2:c0, 6364e981-304f-41bf-bc01-7b1ff98cc952:c0], entries: (t:1, i:2), STATEMACHINELOGENTRY, client-3B8ED4230929, cid=27
2020-07-09 01:19:45,652 [grpc-default-executor-4] DEBUG impl.RaftServerImpl (RaftServerImpl.java:submitClientRequestAsync(575)) - 3bb671d4-7f90-4750-a753-fc4fc647587c@group-EDE382CE3E00: receive client request(RaftClientRequest:client-3B8ED4230929->3bb671d4-7f90-4750-a753-fc4fc647587c@group-EDE382CE3E00, cid=28, seq=4, RW, Message:000000b0080612001802...(size=180))
2020-07-09 01:19:45,653 [grpc-default-executor-4] DEBUG impl.RaftServerImpl (LeaderState.java:addPendingRequest(335)) - 3bb671d4-7f90-4750-a753-fc4fc647587c@group-EDE382CE3E00-LeaderState: addPendingRequest at RaftClientRequest:client-3B8ED4230929->3bb671d4-7f90-4750-a753-fc4fc647587c@group-EDE382CE3E00, cid=28, seq=4, RW, Message:000000b0080612001802...(size=180), entry=(t:1, i:3), STATEMACHINELOGENTRY, client-3B8ED4230929, cid=28
2020-07-09 01:19:45,654 [grpc-default-executor-3] DEBUG impl.RaftServerImpl (RaftServerImpl.java:logAppendEntries(928)) - c506d153-aba5-44d6-9bcb-0e1026c6c6c2@group-EDE382CE3E00: receive appendEntries(3bb671d4-7f90-4750-a753-fc4fc647587c, 1, (t:1, i:2), 0, false, commits[3bb671d4-7f90-4750-a753-fc4fc647587c:c0, c506d153-aba5-44d6-9bcb-0e1026c6c6c2:c0, 6364e981-304f-41bf-bc01-7b1ff98cc952:c0], entries: (t:1, i:3), STATEMACHINELOGENTRY, client-3B8ED4230929, cid=28
2020-07-09 01:19:45,655 [grpc-default-executor-3] DEBUG impl.RaftServerImpl (RaftServerImpl.java:logAppendEntries(928)) - 6364e981-304f-41bf-bc01-7b1ff98cc952@group-EDE382CE3E00: receive appendEntries(3bb671d4-7f90-4750-a753-fc4fc647587c, 1, (t:1, i:2), 0, false, commits[3bb671d4-7f90-4750-a753-fc4fc647587c:c0, c506d153-aba5-44d6-9bcb-0e1026c6c6c2:c0, 6364e981-304f-41bf-bc01-7b1ff98cc952:c0], entries: (t:1, i:3), STATEMACHINELOGENTRY, client-3B8ED4230929, cid=28
2020-07-09 01:19:45,657 [grpc-default-executor-4] DEBUG impl.RaftServerImpl (RaftServerImpl.java:submitClientRequestAsync(575)) - 3bb671d4-7f90-4750-a753-fc4fc647587c@group-EDE382CE3E00: receive client request(RaftClientRequest:client-3B8ED4230929->3bb671d4-7f90-4750-a753-fc4fc647587c@group-EDE382CE3E00, cid=29, seq=5, RW, Message:00000070080c12001802...(size=216))
2020-07-09 01:19:45,666 [grpc-default-executor-4] DEBUG impl.RaftServerImpl (LeaderState.java:addPendingRequest(335)) - 3bb671d4-7f90-4750-a753-fc4fc647587c@group-EDE382CE3E00-LeaderState: addPendingRequest at RaftClientRequest:client-3B8ED4230929->3bb671d4-7f90-4750-a753-fc4fc647587c@group-EDE382CE3E00, cid=29, seq=5, RW, Message:00000070080c12001802...(size=216), entry=(t:1, i:4), STATEMACHINELOGENTRY, client-3B8ED4230929, cid=29
2020-07-09 01:19:45,667 [grpc-default-executor-3] DEBUG impl.RaftServerImpl (RaftServerImpl.java:logAppendEntries(928)) - c506d153-aba5-44d6-9bcb-0e1026c6c6c2@group-EDE382CE3E00: receive appendEntries(3bb671d4-7f90-4750-a753-fc4fc647587c, 1, (t:1, i:3), 0, false, commits[3bb671d4-7f90-4750-a753-fc4fc647587c:c0, c506d153-aba5-44d6-9bcb-0e1026c6c6c2:c0, 6364e981-304f-41bf-bc01-7b1ff98cc952:c0], entries: (t:1, i:4), STATEMACHINELOGENTRY, client-3B8ED4230929, cid=29
2020-07-09 01:19:45,669 [grpc-default-executor-3] DEBUG impl.RaftServerImpl (RaftServerImpl.java:logAppendEntries(928)) - 6364e981-304f-41bf-bc01-7b1ff98cc952@group-EDE382CE3E00: receive appendEntries(3bb671d4-7f90-4750-a753-fc4fc647587c, 1, (t:1, i:3), 0, false, commits[3bb671d4-7f90-4750-a753-fc4fc647587c:c0, c506d153-aba5-44d6-9bcb-0e1026c6c6c2:c0, 6364e981-304f-41bf-bc01-7b1ff98cc952:c0], entries: (t:1, i:4), STATEMACHINELOGENTRY, client-3B8ED4230929, cid=29
2020-07-09 01:19:45,672 [grpc-default-executor-4] DEBUG impl.RaftServerImpl (RaftServerImpl.java:submitClientRequestAsync(575)) - 3bb671d4-7f90-4750-a753-fc4fc647587c@group-EDE382CE3E00: receive client request(RaftClientRequest:client-3B8ED4230929->3bb671d4-7f90-4750-a753-fc4fc647587c@group-EDE382CE3E00, cid=30, seq=6, RW, Message:00000070080c12001802...(size=216))
2020-07-09 01:19:45,673 [grpc-default-executor-4] DEBUG impl.RaftServerImpl (LeaderState.java:addPendingRequest(335)) - 3bb671d4-7f90-4750-a753-fc4fc647587c@group-EDE382CE3E00-LeaderState: addPendingRequest at RaftClientRequest:client-3B8ED4230929->3bb671d4-7f90-4750-a753-fc4fc647587c@group-EDE382CE3E00, cid=30, seq=6, RW, Message:00000070080c12001802...(size=216), entry=(t:1, i:5), STATEMACHINELOGENTRY, client-3B8ED4230929, cid=30
2020-07-09 01:19:45,673 [grpc-default-executor-4] DEBUG impl.RaftServerImpl (RaftServerImpl.java:submitClientRequestAsync(575)) - 3bb671d4-7f90-4750-a753-fc4fc647587c@group-EDE382CE3E00: receive client request(RaftClientRequest:client-3B8ED4230929->3bb671d4-7f90-4750-a753-fc4fc647587c@group-EDE382CE3E00, cid=31, seq=7, RW, Message:00000113080612001802...(size=279))
2020-07-09 01:19:45,674 [grpc-default-executor-4] DEBUG impl.RaftServerImpl (LeaderState.java:addPendingRequest(335)) - 3bb671d4-7f90-4750-a753-fc4fc647587c@group-EDE382CE3E00-LeaderState: addPendingRequest at RaftClientRequest:client-3B8ED4230929->3bb671d4-7f90-4750-a753-fc4fc647587c@group-EDE382CE3E00, cid=31, seq=7, RW, Message:00000113080612001802...(size=279), entry=(t:1, i:6), STATEMACHINELOGENTRY, client-3B8ED4230929, cid=31
2020-07-09 01:19:45,676 [grpc-default-executor-3] DEBUG impl.RaftServerImpl (RaftServerImpl.java:logAppendEntries(928)) - c506d153-aba5-44d6-9bcb-0e1026c6c6c2@group-EDE382CE3E00: receive appendEntries(3bb671d4-7f90-4750-a753-fc4fc647587c, 1, (t:1, i:4), 0, false, commits[3bb671d4-7f90-4750-a753-fc4fc647587c:c0, c506d153-aba5-44d6-9bcb-0e1026c6c6c2:c0, 6364e981-304f-41bf-bc01-7b1ff98cc952:c0], entries: (t:1, i:5), STATEMACHINELOGENTRY, client-3B8ED4230929, cid=30
2020-07-09 01:19:45,678 [grpc-default-executor-3] DEBUG impl.RaftServerImpl (RaftServerImpl.java:logAppendEntries(928)) - c506d153-aba5-44d6-9bcb-0e1026c6c6c2@group-EDE382CE3E00: receive appendEntries(3bb671d4-7f90-4750-a753-fc4fc647587c, 1, (t:1, i:5), 0, false, commits[3bb671d4-7f90-4750-a753-fc4fc647587c:c0, c506d153-aba5-44d6-9bcb-0e1026c6c6c2:c0, 6364e981-304f-41bf-bc01-7b1ff98cc952:c0], entries: (t:1, i:6), STATEMACHINELOGENTRY, client-3B8ED4230929, cid=31
2020-07-09 01:19:45,679 [grpc-default-executor-4] DEBUG impl.RaftServerImpl (RaftServerImpl.java:logAppendEntries(928)) - 6364e981-304f-41bf-bc01-7b1ff98cc952@group-EDE382CE3E00: receive appendEntries(3bb671d4-7f90-4750-a753-fc4fc647587c, 1, (t:1, i:4), 0, false, commits[3bb671d4-7f90-4750-a753-fc4fc647587c:c0, c506d153-aba5-44d6-9bcb-0e1026c6c6c2:c0, 6364e981-304f-41bf-bc01-7b1ff98cc952:c0], entries: (t:1, i:5), STATEMACHINELOGENTRY, client-3B8ED4230929, cid=30
2020-07-09 01:19:45,679 [grpc-default-executor-4] DEBUG impl.RaftServerImpl (RaftServerImpl.java:logAppendEntries(928)) - 6364e981-304f-41bf-bc01-7b1ff98cc952@group-EDE382CE3E00: receive appendEntries(3bb671d4-7f90-4750-a753-fc4fc647587c, 1, (t:1, i:5), 0, false, commits[3bb671d4-7f90-4750-a753-fc4fc647587c:c0, c506d153-aba5-44d6-9bcb-0e1026c6c6c2:c0, 6364e981-304f-41bf-bc01-7b1ff98cc952:c0], entries: (t:1, i:6), STATEMACHINELOGENTRY, client-3B8ED4230929, cid=31
2020-07-09 01:19:45,771 [Thread-430] DEBUG impl.RaftServerImpl (RaftServerImpl.java:logAppendEntries(928)) - c506d153-aba5-44d6-9bcb-0e1026c6c6c2@group-EDE382CE3E00: succeeded to handle AppendEntries. Reply: 3bb671d4-7f90-4750-a753-fc4fc647587c<-c506d153-aba5-44d6-9bcb-0e1026c6c6c2#7:OK,SUCCESS,nextIndex:2,term:1,followerCommit:0
2020-07-09 01:19:45,772 [grpc-default-executor-4] DEBUG server.GrpcLogAppender (GrpcLogAppender.java:onNext(257)) - 3bb671d4-7f90-4750-a753-fc4fc647587c@group-EDE382CE3E00->c506d153-aba5-44d6-9bcb-0e1026c6c6c2-AppendLogResponseHandler: received a reply 3bb671d4-7f90-4750-a753-fc4fc647587c<-c506d153-aba5-44d6-9bcb-0e1026c6c6c2#7:OK,SUCCESS,nextIndex:2,term:1,followerCommit:0, request=AppendEntriesRequest:cid=7,entriesCount=1,lastEntry=(t:1, i:1)
2020-07-09 01:19:45,776 [grpc-default-executor-3] DEBUG impl.RaftServerImpl (RaftServerImpl.java:logAppendEntries(928)) - c506d153-aba5-44d6-9bcb-0e1026c6c6c2@group-EDE382CE3E00: receive appendEntries(3bb671d4-7f90-4750-a753-fc4fc647587c, 1, (t:1, i:6), 1, false, commits[3bb671d4-7f90-4750-a753-fc4fc647587c:c1, c506d153-aba5-44d6-9bcb-0e1026c6c6c2:c0, 6364e981-304f-41bf-bc01-7b1ff98cc952:c0], entries: (t:1, i:7), METADATAENTRY(c:1)
2020-07-09 01:19:45,776 [grpc-default-executor-4] DEBUG impl.RaftServerImpl (RaftServerImpl.java:logAppendEntries(928)) - 6364e981-304f-41bf-bc01-7b1ff98cc952@group-EDE382CE3E00: receive appendEntries(3bb671d4-7f90-4750-a753-fc4fc647587c, 1, (t:1, i:6), 1, false, commits[3bb671d4-7f90-4750-a753-fc4fc647587c:c1, c506d153-aba5-44d6-9bcb-0e1026c6c6c2:c0, 6364e981-304f-41bf-bc01-7b1ff98cc952:c0], entries: (t:1, i:7), METADATAENTRY(c:1)
2020-07-09 01:19:45,783 [Thread-432] DEBUG impl.RaftServerImpl (RaftServerImpl.java:logAppendEntries(928)) - c506d153-aba5-44d6-9bcb-0e1026c6c6c2@group-EDE382CE3E00: succeeded to handle AppendEntries. Reply: 3bb671d4-7f90-4750-a753-fc4fc647587c<-c506d153-aba5-44d6-9bcb-0e1026c6c6c2#8:OK,SUCCESS,nextIndex:3,term:1,followerCommit:0
2020-07-09 01:19:45,784 [grpc-default-executor-3] DEBUG server.GrpcLogAppender (GrpcLogAppender.java:onNext(257)) - 3bb671d4-7f90-4750-a753-fc4fc647587c@group-EDE382CE3E00->c506d153-aba5-44d6-9bcb-0e1026c6c6c2-AppendLogResponseHandler: received a reply 3bb671d4-7f90-4750-a753-fc4fc647587c<-c506d153-aba5-44d6-9bcb-0e1026c6c6c2#8:OK,SUCCESS,nextIndex:3,term:1,followerCommit:0, request=AppendEntriesRequest:cid=8,entriesCount=1,lastEntry=(t:1, i:2)
2020-07-09 01:19:45,785 [Thread-434] DEBUG impl.RaftServerImpl (RaftServerImpl.java:logAppendEntries(928)) - c506d153-aba5-44d6-9bcb-0e1026c6c6c2@group-EDE382CE3E00: succeeded to handle AppendEntries. Reply: 3bb671d4-7f90-4750-a753-fc4fc647587c<-c506d153-aba5-44d6-9bcb-0e1026c6c6c2#9:OK,SUCCESS,nextIndex:4,term:1,followerCommit:0
2020-07-09 01:19:45,785 [grpc-default-executor-3] DEBUG impl.RaftServerImpl (RaftServerImpl.java:logAppendEntries(928)) - c506d153-aba5-44d6-9bcb-0e1026c6c6c2@group-EDE382CE3E00: receive appendEntries(3bb671d4-7f90-4750-a753-fc4fc647587c, 1, (t:1, i:7), 2, false, commits[3bb671d4-7f90-4750-a753-fc4fc647587c:c2, c506d153-aba5-44d6-9bcb-0e1026c6c6c2:c0, 6364e981-304f-41bf-bc01-7b1ff98cc952:c0], entries: (t:1, i:8), METADATAENTRY(c:2)
2020-07-09 01:19:45,786 [grpc-default-executor-4] DEBUG impl.RaftServerImpl (RaftServerImpl.java:logAppendEntries(928)) - 6364e981-304f-41bf-bc01-7b1ff98cc952@group-EDE382CE3E00: receive appendEntries(3bb671d4-7f90-4750-a753-fc4fc647587c, 1, (t:1, i:7), 2, false, commits[3bb671d4-7f90-4750-a753-fc4fc647587c:c2, c506d153-aba5-44d6-9bcb-0e1026c6c6c2:c0, 6364e981-304f-41bf-bc01-7b1ff98cc952:c0], entries: (t:1, i:8), METADATAENTRY(c:2)
2020-07-09 01:19:45,787 [grpc-default-executor-4] DEBUG server.GrpcLogAppender (GrpcLogAppender.java:onNext(257)) - 3bb671d4-7f90-4750-a753-fc4fc647587c@group-EDE382CE3E00->c506d153-aba5-44d6-9bcb-0e1026c6c6c2-AppendLogResponseHandler: received a reply 3bb671d4-7f90-4750-a753-fc4fc647587c<-c506d153-aba5-44d6-9bcb-0e1026c6c6c2#9:OK,SUCCESS,nextIndex:4,term:1,followerCommit:0, request=AppendEntriesRequest:cid=9,entriesCount=1,lastEntry=(t:1, i:3)
2020-07-09 01:19:45,789 [grpc-default-executor-4] DEBUG impl.RaftServerImpl (RaftServerImpl.java:logAppendEntries(928)) - c506d153-aba5-44d6-9bcb-0e1026c6c6c2@group-EDE382CE3E00: receive appendEntries(3bb671d4-7f90-4750-a753-fc4fc647587c, 1, (t:1, i:8), 3, false, commits[3bb671d4-7f90-4750-a753-fc4fc647587c:c3, c506d153-aba5-44d6-9bcb-0e1026c6c6c2:c0, 6364e981-304f-41bf-bc01-7b1ff98cc952:c0], entries: (t:1, i:9), METADATAENTRY(c:3)
2020-07-09 01:19:45,789 [grpc-default-executor-3] DEBUG impl.RaftServerImpl (RaftServerImpl.java:logAppendEntries(928)) - 6364e981-304f-41bf-bc01-7b1ff98cc952@group-EDE382CE3E00: receive appendEntries(3bb671d4-7f90-4750-a753-fc4fc647587c, 1, (t:1, i:8), 3, false, commits[3bb671d4-7f90-4750-a753-fc4fc647587c:c3, c506d153-aba5-44d6-9bcb-0e1026c6c6c2:c0, 6364e981-304f-41bf-bc01-7b1ff98cc952:c0], entries: (t:1, i:9), METADATAENTRY(c:3)
2020-07-09 01:19:45,793 [Thread-435] DEBUG impl.RaftServerImpl (RaftServerImpl.java:logAppendEntries(928)) - c506d153-aba5-44d6-9bcb-0e1026c6c6c2@group-EDE382CE3E00: succeeded to handle AppendEntries. Reply: 3bb671d4-7f90-4750-a753-fc4fc647587c<-c506d153-aba5-44d6-9bcb-0e1026c6c6c2#10:OK,SUCCESS,nextIndex:5,term:1,followerCommit:0
2020-07-09 01:19:45,794 [grpc-default-executor-3] DEBUG server.GrpcLogAppender (GrpcLogAppender.java:onNext(257)) - 3bb671d4-7f90-4750-a753-fc4fc647587c@group-EDE382CE3E00->c506d153-aba5-44d6-9bcb-0e1026c6c6c2-AppendLogResponseHandler: received a reply 3bb671d4-7f90-4750-a753-fc4fc647587c<-c506d153-aba5-44d6-9bcb-0e1026c6c6c2#10:OK,SUCCESS,nextIndex:5,term:1,followerCommit:0, request=AppendEntriesRequest:cid=10,entriesCount=1,lastEntry=(t:1, i:4)
2020-07-09 01:19:45,795 [grpc-default-executor-4] DEBUG impl.RaftServerImpl (RaftServerImpl.java:logAppendEntries(928)) - 6364e981-304f-41bf-bc01-7b1ff98cc952@group-EDE382CE3E00: receive appendEntries(3bb671d4-7f90-4750-a753-fc4fc647587c, 1, (t:1, i:9), 4, false, commits[3bb671d4-7f90-4750-a753-fc4fc647587c:c4, c506d153-aba5-44d6-9bcb-0e1026c6c6c2:c0, 6364e981-304f-41bf-bc01-7b1ff98cc952:c0], entries: (t:1, i:10), METADATAENTRY(c:4)
2020-07-09 01:19:45,795 [grpc-default-executor-3] DEBUG impl.RaftServerImpl (RaftServerImpl.java:logAppendEntries(928)) - c506d153-aba5-44d6-9bcb-0e1026c6c6c2@group-EDE382CE3E00: receive appendEntries(3bb671d4-7f90-4750-a753-fc4fc647587c, 1, (t:1, i:9), 4, false, commits[3bb671d4-7f90-4750-a753-fc4fc647587c:c4, c506d153-aba5-44d6-9bcb-0e1026c6c6c2:c0, 6364e981-304f-41bf-bc01-7b1ff98cc952:c0], entries: (t:1, i:10), METADATAENTRY(c:4)
2020-07-09 01:19:45,799 [Thread-431] DEBUG impl.RaftServerImpl (RaftServerImpl.java:logAppendEntries(928)) - 6364e981-304f-41bf-bc01-7b1ff98cc952@group-EDE382CE3E00: succeeded to handle AppendEntries. Reply: 3bb671d4-7f90-4750-a753-fc4fc647587c<-6364e981-304f-41bf-bc01-7b1ff98cc952#7:OK,SUCCESS,nextIndex:2,term:1,followerCommit:0
2020-07-09 01:19:45,799 [grpc-default-executor-3] DEBUG server.GrpcLogAppender (GrpcLogAppender.java:onNext(257)) - 3bb671d4-7f90-4750-a753-fc4fc647587c@group-EDE382CE3E00->6364e981-304f-41bf-bc01-7b1ff98cc952-AppendLogResponseHandler: received a reply 3bb671d4-7f90-4750-a753-fc4fc647587c<-6364e981-304f-41bf-bc01-7b1ff98cc952#7:OK,SUCCESS,nextIndex:2,term:1,followerCommit:0, request=AppendEntriesRequest:cid=7,entriesCount=1,lastEntry=(t:1, i:1)
2020-07-09 01:19:45,800 [Thread-437] DEBUG impl.RaftServerImpl (RaftServerImpl.java:logAppendEntries(928)) - 6364e981-304f-41bf-bc01-7b1ff98cc952@group-EDE382CE3E00: succeeded to handle AppendEntries. Reply: 3bb671d4-7f90-4750-a753-fc4fc647587c<-6364e981-304f-41bf-bc01-7b1ff98cc952#8:OK,SUCCESS,nextIndex:3,term:1,followerCommit:0
2020-07-09 01:19:45,801 [grpc-default-executor-3] DEBUG server.GrpcLogAppender (GrpcLogAppender.java:onNext(257)) - 3bb671d4-7f90-4750-a753-fc4fc647587c@group-EDE382CE3E00->6364e981-304f-41bf-bc01-7b1ff98cc952-AppendLogResponseHandler: received a reply 3bb671d4-7f90-4750-a753-fc4fc647587c<-6364e981-304f-41bf-bc01-7b1ff98cc952#8:OK,SUCCESS,nextIndex:3,term:1,followerCommit:0, request=AppendEntriesRequest:cid=8,entriesCount=1,lastEntry=(t:1, i:2)
2020-07-09 01:19:45,802 [Thread-438] DEBUG impl.RaftServerImpl (RaftServerImpl.java:logAppendEntries(928)) - 6364e981-304f-41bf-bc01-7b1ff98cc952@group-EDE382CE3E00: succeeded to handle AppendEntries. Reply: 3bb671d4-7f90-4750-a753-fc4fc647587c<-6364e981-304f-41bf-bc01-7b1ff98cc952#9:OK,SUCCESS,nextIndex:4,term:1,followerCommit:0
2020-07-09 01:19:45,804 [grpc-default-executor-3] DEBUG server.GrpcLogAppender (GrpcLogAppender.java:onNext(257)) - 3bb671d4-7f90-4750-a753-fc4fc647587c@group-EDE382CE3E00->6364e981-304f-41bf-bc01-7b1ff98cc952-AppendLogResponseHandler: received a reply 3bb671d4-7f90-4750-a753-fc4fc647587c<-6364e981-304f-41bf-bc01-7b1ff98cc952#9:OK,SUCCESS,nextIndex:4,term:1,followerCommit:0, request=AppendEntriesRequest:cid=9,entriesCount=1,lastEntry=(t:1, i:3)
2020-07-09 01:19:45,806 [Thread-439] DEBUG impl.RaftServerImpl (RaftServerImpl.java:logAppendEntries(928)) - 6364e981-304f-41bf-bc01-7b1ff98cc952@group-EDE382CE3E00: succeeded to handle AppendEntries. Reply: 3bb671d4-7f90-4750-a753-fc4fc647587c<-6364e981-304f-41bf-bc01-7b1ff98cc952#10:OK,SUCCESS,nextIndex:5,term:1,followerCommit:0
2020-07-09 01:19:45,807 [grpc-default-executor-3] DEBUG server.GrpcLogAppender (GrpcLogAppender.java:onNext(257)) - 3bb671d4-7f90-4750-a753-fc4fc647587c@group-EDE382CE3E00->6364e981-304f-41bf-bc01-7b1ff98cc952-AppendLogResponseHandler: received a reply 3bb671d4-7f90-4750-a753-fc4fc647587c<-6364e981-304f-41bf-bc01-7b1ff98cc952#10:OK,SUCCESS,nextIndex:5,term:1,followerCommit:0, request=AppendEntriesRequest:cid=10,entriesCount=1,lastEntry=(t:1, i:4)
2020-07-09 01:19:45,811 [Thread-440] DEBUG impl.RaftServerImpl (RaftServerImpl.java:logAppendEntries(928)) - 6364e981-304f-41bf-bc01-7b1ff98cc952@group-EDE382CE3E00: succeeded to handle AppendEntries. Reply: 3bb671d4-7f90-4750-a753-fc4fc647587c<-6364e981-304f-41bf-bc01-7b1ff98cc952#11:OK,SUCCESS,nextIndex:6,term:1,followerCommit:0
2020-07-09 01:19:45,812 [grpc-default-executor-3] DEBUG server.GrpcLogAppender (GrpcLogAppender.java:onNext(257)) - 3bb671d4-7f90-4750-a753-fc4fc647587c@group-EDE382CE3E00->6364e981-304f-41bf-bc01-7b1ff98cc952-AppendLogResponseHandler: received a reply 3bb671d4-7f90-4750-a753-fc4fc647587c<-6364e981-304f-41bf-bc01-7b1ff98cc952#11:OK,SUCCESS,nextIndex:6,term:1,followerCommit:0, request=AppendEntriesRequest:cid=11,entriesCount=1,lastEntry=(t:1, i:5)
2020-07-09 01:19:45,814 [grpc-default-executor-4] DEBUG impl.RaftServerImpl (RaftServerImpl.java:logAppendEntries(928)) - 6364e981-304f-41bf-bc01-7b1ff98cc952@group-EDE382CE3E00: receive appendEntries(3bb671d4-7f90-4750-a753-fc4fc647587c, 1, (t:1, i:10), 5, false, commits[3bb671d4-7f90-4750-a753-fc4fc647587c:c5, c506d153-aba5-44d6-9bcb-0e1026c6c6c2:c0, 6364e981-304f-41bf-bc01-7b1ff98cc952:c0], entries: (t:1, i:11), METADATAENTRY(c:5)
2020-07-09 01:19:45,814 [grpc-default-executor-3] DEBUG impl.RaftServerImpl (RaftServerImpl.java:logAppendEntries(928)) - c506d153-aba5-44d6-9bcb-0e1026c6c6c2@group-EDE382CE3E00: receive appendEntries(3bb671d4-7f90-4750-a753-fc4fc647587c, 1, (t:1, i:10), 5, false, commits[3bb671d4-7f90-4750-a753-fc4fc647587c:c5, c506d153-aba5-44d6-9bcb-0e1026c6c6c2:c0, 6364e981-304f-41bf-bc01-7b1ff98cc952:c0], entries: (t:1, i:11), METADATAENTRY(c:5)
2020-07-09 01:19:45,815 [Thread-441] DEBUG impl.RaftServerImpl (RaftServerImpl.java:logAppendEntries(928)) - 6364e981-304f-41bf-bc01-7b1ff98cc952@group-EDE382CE3E00: succeeded to handle AppendEntries. Reply: 3bb671d4-7f90-4750-a753-fc4fc647587c<-6364e981-304f-41bf-bc01-7b1ff98cc952#12:OK,SUCCESS,nextIndex:7,term:1,followerCommit:0
2020-07-09 01:19:45,816 [grpc-default-executor-3] DEBUG server.GrpcLogAppender (GrpcLogAppender.java:onNext(257)) - 3bb671d4-7f90-4750-a753-fc4fc647587c@group-EDE382CE3E00->6364e981-304f-41bf-bc01-7b1ff98cc952-AppendLogResponseHandler: received a reply 3bb671d4-7f90-4750-a753-fc4fc647587c<-6364e981-304f-41bf-bc01-7b1ff98cc952#12:OK,SUCCESS,nextIndex:7,term:1,followerCommit:0, request=AppendEntriesRequest:cid=12,entriesCount=1,lastEntry=(t:1, i:6)
2020-07-09 01:19:45,817 [grpc-default-executor-3] DEBUG impl.RaftServerImpl (RaftServerImpl.java:logAppendEntries(928)) - 6364e981-304f-41bf-bc01-7b1ff98cc952@group-EDE382CE3E00: receive appendEntries(3bb671d4-7f90-4750-a753-fc4fc647587c, 1, (t:1, i:11), 6, false, commits[3bb671d4-7f90-4750-a753-fc4fc647587c:c6, c506d153-aba5-44d6-9bcb-0e1026c6c6c2:c0, 6364e981-304f-41bf-bc01-7b1ff98cc952:c0], entries: (t:1, i:12), METADATAENTRY(c:6)
2020-07-09 01:19:45,818 [Thread-442] DEBUG impl.RaftServerImpl (RaftServerImpl.java:logAppendEntries(928)) - 6364e981-304f-41bf-bc01-7b1ff98cc952@group-EDE382CE3E00: succeeded to handle AppendEntries. Reply: 3bb671d4-7f90-4750-a753-fc4fc647587c<-6364e981-304f-41bf-bc01-7b1ff98cc952#13:OK,SUCCESS,nextIndex:8,term:1,followerCommit:1
2020-07-09 01:19:45,818 [grpc-default-executor-3] DEBUG impl.RaftServerImpl (RaftServerImpl.java:logAppendEntries(928)) - c506d153-aba5-44d6-9bcb-0e1026c6c6c2@group-EDE382CE3E00: receive appendEntries(3bb671d4-7f90-4750-a753-fc4fc647587c, 1, (t:1, i:11), 6, false, commits[3bb671d4-7f90-4750-a753-fc4fc647587c:c6, c506d153-aba5-44d6-9bcb-0e1026c6c6c2:c0, 6364e981-304f-41bf-bc01-7b1ff98cc952:c0], entries: (t:1, i:12), METADATAENTRY(c:6)
2020-07-09 01:19:45,819 [grpc-default-executor-3] DEBUG server.GrpcLogAppender (GrpcLogAppender.java:onNext(257)) - 3bb671d4-7f90-4750-a753-fc4fc647587c@group-EDE382CE3E00->6364e981-304f-41bf-bc01-7b1ff98cc952-AppendLogResponseHandler: received a reply 3bb671d4-7f90-4750-a753-fc4fc647587c<-6364e981-304f-41bf-bc01-7b1ff98cc952#13:OK,SUCCESS,nextIndex:8,term:1,followerCommit:1, request=AppendEntriesRequest:cid=13,entriesCount=1,lastEntry=(t:1, i:7)
2020-07-09 01:19:45,819 [Thread-443] DEBUG impl.RaftServerImpl (RaftServerImpl.java:logAppendEntries(928)) - 6364e981-304f-41bf-bc01-7b1ff98cc952@group-EDE382CE3E00: succeeded to handle AppendEntries. Reply: 3bb671d4-7f90-4750-a753-fc4fc647587c<-6364e981-304f-41bf-bc01-7b1ff98cc952#14:OK,SUCCESS,nextIndex:9,term:1,followerCommit:2
2020-07-09 01:19:45,820 [grpc-default-executor-3] DEBUG server.GrpcLogAppender (GrpcLogAppender.java:onNext(257)) - 3bb671d4-7f90-4750-a753-fc4fc647587c@group-EDE382CE3E00->6364e981-304f-41bf-bc01-7b1ff98cc952-AppendLogResponseHandler: received a reply 3bb671d4-7f90-4750-a753-fc4fc647587c<-6364e981-304f-41bf-bc01-7b1ff98cc952#14:OK,SUCCESS,nextIndex:9,term:1,followerCommit:2, request=AppendEntriesRequest:cid=14,entriesCount=1,lastEntry=(t:1, i:8)
2020-07-09 01:19:45,821 [Thread-445] DEBUG impl.RaftServerImpl (RaftServerImpl.java:logAppendEntries(928)) - 6364e981-304f-41bf-bc01-7b1ff98cc952@group-EDE382CE3E00: succeeded to handle AppendEntries. Reply: 3bb671d4-7f90-4750-a753-fc4fc647587c<-6364e981-304f-41bf-bc01-7b1ff98cc952#15:OK,SUCCESS,nextIndex:10,term:1,followerCommit:3
2020-07-09 01:19:45,821 [grpc-default-executor-3] DEBUG server.GrpcLogAppender (GrpcLogAppender.java:onNext(257)) - 3bb671d4-7f90-4750-a753-fc4fc647587c@group-EDE382CE3E00->6364e981-304f-41bf-bc01-7b1ff98cc952-AppendLogResponseHandler: received a reply 3bb671d4-7f90-4750-a753-fc4fc647587c<-6364e981-304f-41bf-bc01-7b1ff98cc952#15:OK,SUCCESS,nextIndex:10,term:1,followerCommit:3, request=AppendEntriesRequest:cid=15,entriesCount=1,lastEntry=(t:1, i:9)
2020-07-09 01:19:45,822 [Thread-446] DEBUG impl.RaftServerImpl (RaftServerImpl.java:logAppendEntries(928)) - 6364e981-304f-41bf-bc01-7b1ff98cc952@group-EDE382CE3E00: succeeded to handle AppendEntries. Reply: 3bb671d4-7f90-4750-a753-fc4fc647587c<-6364e981-304f-41bf-bc01-7b1ff98cc952#16:OK,SUCCESS,nextIndex:11,term:1,followerCommit:4
2020-07-09 01:19:45,823 [grpc-default-executor-3] DEBUG server.GrpcLogAppender (GrpcLogAppender.java:onNext(257)) - 3bb671d4-7f90-4750-a753-fc4fc647587c@group-EDE382CE3E00->6364e981-304f-41bf-bc01-7b1ff98cc952-AppendLogResponseHandler: received a reply 3bb671d4-7f90-4750-a753-fc4fc647587c<-6364e981-304f-41bf-bc01-7b1ff98cc952#16:OK,SUCCESS,nextIndex:11,term:1,followerCommit:4, request=AppendEntriesRequest:cid=16,entriesCount=1,lastEntry=(t:1, i:10)
2020-07-09 01:19:45,824 [Thread-447] DEBUG impl.RaftServerImpl (RaftServerImpl.java:logAppendEntries(928)) - 6364e981-304f-41bf-bc01-7b1ff98cc952@group-EDE382CE3E00: succeeded to handle AppendEntries. Reply: 3bb671d4-7f90-4750-a753-fc4fc647587c<-6364e981-304f-41bf-bc01-7b1ff98cc952#17:OK,SUCCESS,nextIndex:12,term:1,followerCommit:5
2020-07-09 01:19:45,825 [grpc-default-executor-3] DEBUG server.GrpcLogAppender (GrpcLogAppender.java:onNext(257)) - 3bb671d4-7f90-4750-a753-fc4fc647587c@group-EDE382CE3E00->6364e981-304f-41bf-bc01-7b1ff98cc952-AppendLogResponseHandler: received a reply 3bb671d4-7f90-4750-a753-fc4fc647587c<-6364e981-304f-41bf-bc01-7b1ff98cc952#17:OK,SUCCESS,nextIndex:12,term:1,followerCommit:5, request=AppendEntriesRequest:cid=17,entriesCount=1,lastEntry=(t:1, i:11)
2020-07-09 01:19:45,826 [Thread-436] DEBUG impl.RaftServerImpl (RaftServerImpl.java:logAppendEntries(928)) - c506d153-aba5-44d6-9bcb-0e1026c6c6c2@group-EDE382CE3E00: succeeded to handle AppendEntries. Reply: 3bb671d4-7f90-4750-a753-fc4fc647587c<-c506d153-aba5-44d6-9bcb-0e1026c6c6c2#11:OK,SUCCESS,nextIndex:6,term:1,followerCommit:0
2020-07-09 01:19:45,826 [Thread-449] DEBUG impl.RaftServerImpl (RaftServerImpl.java:logAppendEntries(928)) - c506d153-aba5-44d6-9bcb-0e1026c6c6c2@group-EDE382CE3E00: succeeded to handle AppendEntries. Reply: 3bb671d4-7f90-4750-a753-fc4fc647587c<-c506d153-aba5-44d6-9bcb-0e1026c6c6c2#12:OK,SUCCESS,nextIndex:7,term:1,followerCommit:0
2020-07-09 01:19:45,827 [Thread-448] DEBUG impl.RaftServerImpl (RaftServerImpl.java:logAppendEntries(928)) - 6364e981-304f-41bf-bc01-7b1ff98cc952@group-EDE382CE3E00: succeeded to handle AppendEntries. Reply: 3bb671d4-7f90-4750-a753-fc4fc647587c<-6364e981-304f-41bf-bc01-7b1ff98cc952#18:OK,SUCCESS,nextIndex:13,term:1,followerCommit:6
2020-07-09 01:19:45,827 [grpc-default-executor-3] DEBUG server.GrpcLogAppender (GrpcLogAppender.java:onNext(257)) - 3bb671d4-7f90-4750-a753-fc4fc647587c@group-EDE382CE3E00->c506d153-aba5-44d6-9bcb-0e1026c6c6c2-AppendLogResponseHandler: received a reply 3bb671d4-7f90-4750-a753-fc4fc647587c<-c506d153-aba5-44d6-9bcb-0e1026c6c6c2#11:OK,SUCCESS,nextIndex:6,term:1,followerCommit:0, request=AppendEntriesRequest:cid=11,entriesCount=1,lastEntry=(t:1, i:5)
2020-07-09 01:19:45,828 [grpc-default-executor-4] DEBUG server.GrpcLogAppender (GrpcLogAppender.java:onNext(257)) - 3bb671d4-7f90-4750-a753-fc4fc647587c@group-EDE382CE3E00->6364e981-304f-41bf-bc01-7b1ff98cc952-AppendLogResponseHandler: received a reply 3bb671d4-7f90-4750-a753-fc4fc647587c<-6364e981-304f-41bf-bc01-7b1ff98cc952#18:OK,SUCCESS,nextIndex:13,term:1,followerCommit:6, request=AppendEntriesRequest:cid=18,entriesCount=1,lastEntry=(t:1, i:12)
2020-07-09 01:19:45,828 [grpc-default-executor-3] DEBUG server.GrpcLogAppender (GrpcLogAppender.java:onNext(257)) - 3bb671d4-7f90-4750-a753-fc4fc647587c@group-EDE382CE3E00->c506d153-aba5-44d6-9bcb-0e1026c6c6c2-AppendLogResponseHandler: received a reply 3bb671d4-7f90-4750-a753-fc4fc647587c<-c506d153-aba5-44d6-9bcb-0e1026c6c6c2#12:OK,SUCCESS,nextIndex:7,term:1,followerCommit:0, request=AppendEntriesRequest:cid=12,entriesCount=1,lastEntry=(t:1, i:6)
2020-07-09 01:19:45,830 [Thread-450] DEBUG impl.RaftServerImpl (RaftServerImpl.java:logAppendEntries(928)) - c506d153-aba5-44d6-9bcb-0e1026c6c6c2@group-EDE382CE3E00: succeeded to handle AppendEntries. Reply: 3bb671d4-7f90-4750-a753-fc4fc647587c<-c506d153-aba5-44d6-9bcb-0e1026c6c6c2#13:OK,SUCCESS,nextIndex:8,term:1,followerCommit:1
2020-07-09 01:19:45,831 [Thread-451] DEBUG impl.RaftServerImpl (RaftServerImpl.java:logAppendEntries(928)) - c506d153-aba5-44d6-9bcb-0e1026c6c6c2@group-EDE382CE3E00: succeeded to handle AppendEntries. Reply: 3bb671d4-7f90-4750-a753-fc4fc647587c<-c506d153-aba5-44d6-9bcb-0e1026c6c6c2#14:OK,SUCCESS,nextIndex:9,term:1,followerCommit:2
2020-07-09 01:19:45,831 [grpc-default-executor-3] DEBUG server.GrpcLogAppender (GrpcLogAppender.java:onNext(257)) - 3bb671d4-7f90-4750-a753-fc4fc647587c@group-EDE382CE3E00->c506d153-aba5-44d6-9bcb-0e1026c6c6c2-AppendLogResponseHandler: received a reply 3bb671d4-7f90-4750-a753-fc4fc647587c<-c506d153-aba5-44d6-9bcb-0e1026c6c6c2#13:OK,SUCCESS,nextIndex:8,term:1,followerCommit:1, request=AppendEntriesRequest:cid=13,entriesCount=1,lastEntry=(t:1, i:7)
2020-07-09 01:19:45,833 [Thread-453] DEBUG impl.RaftServerImpl (RaftServerImpl.java:logAppendEntries(928)) - c506d153-aba5-44d6-9bcb-0e1026c6c6c2@group-EDE382CE3E00: succeeded to handle AppendEntries. Reply: 3bb671d4-7f90-4750-a753-fc4fc647587c<-c506d153-aba5-44d6-9bcb-0e1026c6c6c2#15:OK,SUCCESS,nextIndex:10,term:1,followerCommit:3
2020-07-09 01:19:45,834 [grpc-default-executor-3] DEBUG server.GrpcLogAppender (GrpcLogAppender.java:onNext(257)) - 3bb671d4-7f90-4750-a753-fc4fc647587c@group-EDE382CE3E00->c506d153-aba5-44d6-9bcb-0e1026c6c6c2-AppendLogResponseHandler: received a reply 3bb671d4-7f90-4750-a753-fc4fc647587c<-c506d153-aba5-44d6-9bcb-0e1026c6c6c2#14:OK,SUCCESS,nextIndex:9,term:1,followerCommit:2, request=AppendEntriesRequest:cid=14,entriesCount=1,lastEntry=(t:1, i:8)
2020-07-09 01:19:45,839 [grpc-default-executor-3] DEBUG server.GrpcLogAppender (GrpcLogAppender.java:onNext(257)) - 3bb671d4-7f90-4750-a753-fc4fc647587c@group-EDE382CE3E00->c506d153-aba5-44d6-9bcb-0e1026c6c6c2-AppendLogResponseHandler: received a reply 3bb671d4-7f90-4750-a753-fc4fc647587c<-c506d153-aba5-44d6-9bcb-0e1026c6c6c2#15:OK,SUCCESS,nextIndex:10,term:1,followerCommit:3, request=AppendEntriesRequest:cid=15,entriesCount=1,lastEntry=(t:1, i:9)
2020-07-09 01:19:45,839 [Thread-454] DEBUG impl.RaftServerImpl (RaftServerImpl.java:logAppendEntries(928)) - c506d153-aba5-44d6-9bcb-0e1026c6c6c2@group-EDE382CE3E00: succeeded to handle AppendEntries. Reply: 3bb671d4-7f90-4750-a753-fc4fc647587c<-c506d153-aba5-44d6-9bcb-0e1026c6c6c2#16:OK,SUCCESS,nextIndex:11,term:1,followerCommit:4
2020-07-09 01:19:45,840 [grpc-default-executor-3] DEBUG server.GrpcLogAppender (GrpcLogAppender.java:onNext(257)) - 3bb671d4-7f90-4750-a753-fc4fc647587c@group-EDE382CE3E00->c506d153-aba5-44d6-9bcb-0e1026c6c6c2-AppendLogResponseHandler: received a reply 3bb671d4-7f90-4750-a753-fc4fc647587c<-c506d153-aba5-44d6-9bcb-0e1026c6c6c2#16:OK,SUCCESS,nextIndex:11,term:1,followerCommit:4, request=AppendEntriesRequest:cid=16,entriesCount=1,lastEntry=(t:1, i:10)
2020-07-09 01:19:45,842 [Thread-456] DEBUG impl.RaftServerImpl (RaftServerImpl.java:logAppendEntries(928)) - c506d153-aba5-44d6-9bcb-0e1026c6c6c2@group-EDE382CE3E00: succeeded to handle AppendEntries. Reply: 3bb671d4-7f90-4750-a753-fc4fc647587c<-c506d153-aba5-44d6-9bcb-0e1026c6c6c2#18:OK,SUCCESS,nextIndex:13,term:1,followerCommit:6
2020-07-09 01:19:45,842 [Thread-455] DEBUG impl.RaftServerImpl (RaftServerImpl.java:logAppendEntries(928)) - c506d153-aba5-44d6-9bcb-0e1026c6c6c2@group-EDE382CE3E00: succeeded to handle AppendEntries. Reply: 3bb671d4-7f90-4750-a753-fc4fc647587c<-c506d153-aba5-44d6-9bcb-0e1026c6c6c2#17:OK,SUCCESS,nextIndex:12,term:1,followerCommit:6
2020-07-09 01:19:45,850 [grpc-default-executor-4] DEBUG server.GrpcLogAppender (GrpcLogAppender.java:onNext(257)) - 3bb671d4-7f90-4750-a753-fc4fc647587c@group-EDE382CE3E00->c506d153-aba5-44d6-9bcb-0e1026c6c6c2-AppendLogResponseHandler: received a reply 3bb671d4-7f90-4750-a753-fc4fc647587c<-c506d153-aba5-44d6-9bcb-0e1026c6c6c2#17:OK,SUCCESS,nextIndex:12,term:1,followerCommit:6, request=AppendEntriesRequest:cid=17,entriesCount=1,lastEntry=(t:1, i:11)
2020-07-09 01:19:45,864 [grpc-default-executor-4] DEBUG server.GrpcLogAppender (GrpcLogAppender.java:onNext(257)) - 3bb671d4-7f90-4750-a753-fc4fc647587c@group-EDE382CE3E00->c506d153-aba5-44d6-9bcb-0e1026c6c6c2-AppendLogResponseHandler: received a reply 3bb671d4-7f90-4750-a753-fc4fc647587c<-c506d153-aba5-44d6-9bcb-0e1026c6c6c2#18:OK,SUCCESS,nextIndex:13,term:1,followerCommit:6, request=AppendEntriesRequest:cid=18,entriesCount=1,lastEntry=(t:1, i:12)
2020-07-09 01:19:45,894 [Listener at 127.0.0.1/39385] INFO  ozone.MiniOzoneClusterImpl (MiniOzoneClusterImpl.java:shutdown(387)) - Shutting down the Mini Ozone Cluster
2020-07-09 01:19:45,895 [Listener at 127.0.0.1/39385] INFO  ozone.MiniOzoneClusterImpl (MiniOzoneClusterImpl.java:stop(402)) - Stopping the Mini Ozone Cluster
2020-07-09 01:19:45,895 [Listener at 127.0.0.1/39385] INFO  ozone.MiniOzoneClusterImpl (MiniOzoneClusterImpl.java:stopOM(484)) - Stopping the OzoneManager
2020-07-09 01:19:45,895 [Listener at 127.0.0.1/39385] INFO  ipc.Server (Server.java:stop(3359)) - Stopping server on 39385
2020-07-09 01:19:45,897 [IPC Server listener on 0] INFO  ipc.Server (Server.java:run(1330)) - Stopping IPC Server listener on 0
2020-07-09 01:19:45,897 [Listener at 127.0.0.1/39385] INFO  ratis.OzoneManagerDoubleBuffer (OzoneManagerDoubleBuffer.java:stop(458)) - Stopping OMDoubleBuffer flush thread
2020-07-09 01:19:45,897 [IPC Server Responder] INFO  ipc.Server (Server.java:run(1465)) - Stopping IPC Server Responder
2020-07-09 01:19:45,898 [OMDoubleBufferFlushThread] INFO  ratis.OzoneManagerDoubleBuffer (OzoneManagerDoubleBuffer.java:flushTransactions(357)) - OMDoubleBuffer flush thread OMDoubleBufferFlushThread is interrupted and will exit. OMDoubleBufferFlushThread
2020-07-09 01:19:45,898 [Listener at 127.0.0.1/39385] INFO  utils.BackgroundService (BackgroundService.java:shutdown(157)) - Shutting down service KeyDeletingService
2020-07-09 01:19:45,901 [Listener at 127.0.0.1/39385] INFO  handler.ContextHandler (ContextHandler.java:doStop(1016)) - Stopped o.e.j.w.WebAppContext@2336d3f{ozoneManager,/,null,UNAVAILABLE}{file:/github/workspace/mnt/ozone/hadoop-ozone/integration-test/target/test-classes/webapps/ozoneManager}
2020-07-09 01:19:45,905 [Listener at 127.0.0.1/39385] INFO  server.AbstractConnector (AbstractConnector.java:doStop(380)) - Stopped ServerConnector@6556471b{HTTP/1.1,[http/1.1]}{0.0.0.0:0}
2020-07-09 01:19:45,905 [Listener at 127.0.0.1/39385] INFO  server.session (HouseKeeper.java:stopScavenging(158)) - node0 Stopped scavenging
2020-07-09 01:19:45,905 [Listener at 127.0.0.1/39385] INFO  handler.ContextHandler (ContextHandler.java:doStop(1016)) - Stopped o.e.j.s.ServletContextHandler@1610c03c{static,/static,file:///github/workspace/mnt/ozone/hadoop-ozone/integration-test/target/test-classes/webapps/static,UNAVAILABLE}
2020-07-09 01:19:45,906 [Listener at 127.0.0.1/39385] INFO  handler.ContextHandler (ContextHandler.java:doStop(1016)) - Stopped o.e.j.s.ServletContextHandler@7ea039b4{logs,/logs,file:///github/workspace/mnt/ozone/hadoop-ozone/integration-test/target/log,UNAVAILABLE}
2020-07-09 01:19:45,908 [Listener at 127.0.0.1/39385] INFO  ozone.MiniOzoneClusterImpl (MiniOzoneClusterImpl.java:stopDatanodes(461)) - Stopping the HddsDatanodes
2020-07-09 01:19:46,425 [Datanode State Machine Thread - 0] INFO  statemachine.DatanodeStateMachine (DatanodeStateMachine.java:lambda$startDaemon$0(380)) - Ozone container server started.
2020-07-09 01:19:46,726 [Datanode State Machine Thread - 0] INFO  statemachine.DatanodeStateMachine (DatanodeStateMachine.java:lambda$startDaemon$0(380)) - Ozone container server started.
2020-07-09 01:19:47,528 [grpc-default-executor-4] DEBUG server.GrpcLogAppender (GrpcLogAppender.java:onNext(257)) - 4f159216-eef4-4234-82ad-645dd276908c@group-B75F79988D48->c95b19f7-50b5-4904-962f-b689396cb015-AppendLogResponseHandler: received a reply 4f159216-eef4-4234-82ad-645dd276908c<-c95b19f7-50b5-4904-962f-b689396cb015#7:OK,SUCCESS,nextIndex:1,term:1,followerCommit:0, request=AppendEntriesRequest:cid=7,entriesCount=0,lastEntry=null
2020-07-09 01:19:47,572 [grpc-default-executor-4] DEBUG server.GrpcLogAppender (GrpcLogAppender.java:onNext(257)) - 4f159216-eef4-4234-82ad-645dd276908c@group-B75F79988D48->4de64420-61f2-4826-b9c9-fe43ebf29f54-AppendLogResponseHandler: received a reply 4f159216-eef4-4234-82ad-645dd276908c<-4de64420-61f2-4826-b9c9-fe43ebf29f54#7:OK,SUCCESS,nextIndex:1,term:1,followerCommit:0, request=AppendEntriesRequest:cid=7,entriesCount=0,lastEntry=null
2020-07-09 01:19:47,959 [grpc-default-executor-4] DEBUG server.GrpcLogAppender (GrpcLogAppender.java:onNext(257)) - 98f34e18-095d-41d7-a8c8-ef1510a34e6f@group-47F40364C92C->954078f0-2330-48dc-ab29-af631119e127-AppendLogResponseHandler: received a reply 98f34e18-095d-41d7-a8c8-ef1510a34e6f<-954078f0-2330-48dc-ab29-af631119e127#4:OK,SUCCESS,nextIndex:3,term:4,followerCommit:2, request=AppendEntriesRequest:cid=4,entriesCount=0,lastEntry=null
2020-07-09 01:19:47,970 [grpc-default-executor-4] DEBUG server.GrpcLogAppender (GrpcLogAppender.java:onNext(257)) - 98f34e18-095d-41d7-a8c8-ef1510a34e6f@group-47F40364C92C->83bd9611-6e96-48be-a1bb-e26ec6efad02-AppendLogResponseHandler: received a reply 98f34e18-095d-41d7-a8c8-ef1510a34e6f<-83bd9611-6e96-48be-a1bb-e26ec6efad02#7:OK,SUCCESS,nextIndex:3,term:4,followerCommit:2, request=AppendEntriesRequest:cid=7,entriesCount=0,lastEntry=null
2020-07-09 01:19:48,332 [grpc-default-executor-4] DEBUG server.GrpcLogAppender (GrpcLogAppender.java:onNext(257)) - 3bb671d4-7f90-4750-a753-fc4fc647587c@group-EDE382CE3E00->6364e981-304f-41bf-bc01-7b1ff98cc952-AppendLogResponseHandler: received a reply 3bb671d4-7f90-4750-a753-fc4fc647587c<-6364e981-304f-41bf-bc01-7b1ff98cc952#19:OK,SUCCESS,nextIndex:13,term:1,followerCommit:12, request=AppendEntriesRequest:cid=19,entriesCount=0,lastEntry=null
2020-07-09 01:19:48,368 [grpc-default-executor-4] DEBUG server.GrpcLogAppender (GrpcLogAppender.java:onNext(257)) - 3bb671d4-7f90-4750-a753-fc4fc647587c@group-EDE382CE3E00->c506d153-aba5-44d6-9bcb-0e1026c6c6c2-AppendLogResponseHandler: received a reply 3bb671d4-7f90-4750-a753-fc4fc647587c<-c506d153-aba5-44d6-9bcb-0e1026c6c6c2#19:OK,SUCCESS,nextIndex:13,term:1,followerCommit:12, request=AppendEntriesRequest:cid=19,entriesCount=0,lastEntry=null
2020-07-09 01:19:50,031 [grpc-default-executor-4] DEBUG server.GrpcLogAppender (GrpcLogAppender.java:onNext(257)) - 4f159216-eef4-4234-82ad-645dd276908c@group-B75F79988D48->c95b19f7-50b5-4904-962f-b689396cb015-AppendLogResponseHandler: received a reply 4f159216-eef4-4234-82ad-645dd276908c<-c95b19f7-50b5-4904-962f-b689396cb015#8:OK,SUCCESS,nextIndex:1,term:1,followerCommit:0, request=AppendEntriesRequest:cid=8,entriesCount=0,lastEntry=null
2020-07-09 01:19:50,075 [grpc-default-executor-4] DEBUG server.GrpcLogAppender (GrpcLogAppender.java:onNext(257)) - 4f159216-eef4-4234-82ad-645dd276908c@group-B75F79988D48->4de64420-61f2-4826-b9c9-fe43ebf29f54-AppendLogResponseHandler: received a reply 4f159216-eef4-4234-82ad-645dd276908c<-4de64420-61f2-4826-b9c9-fe43ebf29f54#8:OK,SUCCESS,nextIndex:1,term:1,followerCommit:0, request=AppendEntriesRequest:cid=8,entriesCount=0,lastEntry=null
2020-07-09 01:19:50,461 [grpc-default-executor-4] DEBUG server.GrpcLogAppender (GrpcLogAppender.java:onNext(257)) - 98f34e18-095d-41d7-a8c8-ef1510a34e6f@group-47F40364C92C->954078f0-2330-48dc-ab29-af631119e127-AppendLogResponseHandler: received a reply 98f34e18-095d-41d7-a8c8-ef1510a34e6f<-954078f0-2330-48dc-ab29-af631119e127#5:OK,SUCCESS,nextIndex:3,term:4,followerCommit:2, request=AppendEntriesRequest:cid=5,entriesCount=0,lastEntry=null
2020-07-09 01:19:50,473 [grpc-default-executor-4] DEBUG server.GrpcLogAppender (GrpcLogAppender.java:onNext(257)) - 98f34e18-095d-41d7-a8c8-ef1510a34e6f@group-47F40364C92C->83bd9611-6e96-48be-a1bb-e26ec6efad02-AppendLogResponseHandler: received a reply 98f34e18-095d-41d7-a8c8-ef1510a34e6f<-83bd9611-6e96-48be-a1bb-e26ec6efad02#8:OK,SUCCESS,nextIndex:3,term:4,followerCommit:2, request=AppendEntriesRequest:cid=8,entriesCount=0,lastEntry=null
2020-07-09 01:19:50,835 [grpc-default-executor-4] DEBUG server.GrpcLogAppender (GrpcLogAppender.java:onNext(257)) - 3bb671d4-7f90-4750-a753-fc4fc647587c@group-EDE382CE3E00->6364e981-304f-41bf-bc01-7b1ff98cc952-AppendLogResponseHandler: received a reply 3bb671d4-7f90-4750-a753-fc4fc647587c<-6364e981-304f-41bf-bc01-7b1ff98cc952#20:OK,SUCCESS,nextIndex:13,term:1,followerCommit:12, request=AppendEntriesRequest:cid=20,entriesCount=0,lastEntry=null
2020-07-09 01:19:50,871 [grpc-default-executor-4] DEBUG server.GrpcLogAppender (GrpcLogAppender.java:onNext(257)) - 3bb671d4-7f90-4750-a753-fc4fc647587c@group-EDE382CE3E00->c506d153-aba5-44d6-9bcb-0e1026c6c6c2-AppendLogResponseHandler: received a reply 3bb671d4-7f90-4750-a753-fc4fc647587c<-c506d153-aba5-44d6-9bcb-0e1026c6c6c2#20:OK,SUCCESS,nextIndex:13,term:1,followerCommit:12, request=AppendEntriesRequest:cid=20,entriesCount=0,lastEntry=null
2020-07-09 01:19:50,911 [Listener at 127.0.0.1/39385] INFO  ozoneimpl.OzoneContainer (OzoneContainer.java:stop(246)) - Attempting to stop container services.
2020-07-09 01:19:50,911 [ForkJoinPool.commonPool-worker-1] INFO  ozoneimpl.OzoneContainer (OzoneContainer.java:stop(246)) - Attempting to stop container services.
2020-07-09 01:19:50,912 [ForkJoinPool.commonPool-worker-1] INFO  impl.RaftServerProxy (RaftServerProxy.java:lambda$close$4(319)) - 6364e981-304f-41bf-bc01-7b1ff98cc952: close
2020-07-09 01:19:50,912 [Listener at 127.0.0.1/39385] INFO  impl.RaftServerProxy (RaftServerProxy.java:lambda$close$4(319)) - c95b19f7-50b5-4904-962f-b689396cb015: close
2020-07-09 01:19:50,913 [Listener at 127.0.0.1/39385] INFO  impl.RaftServerImpl (RaftServerImpl.java:lambda$shutdown$3(252)) - c95b19f7-50b5-4904-962f-b689396cb015@group-879E32C7D743: shutdown
2020-07-09 01:19:50,913 [ForkJoinPool.commonPool-worker-1] INFO  impl.RaftServerImpl (RaftServerImpl.java:lambda$shutdown$3(252)) - 6364e981-304f-41bf-bc01-7b1ff98cc952@group-EDE382CE3E00: shutdown
2020-07-09 01:19:50,914 [ForkJoinPool.commonPool-worker-1] INFO  util.JmxRegister (JmxRegister.java:unregister(73)) - Successfully un-registered JMX Bean with object name Ratis:service=RaftServer,group=group-EDE382CE3E00,id=6364e981-304f-41bf-bc01-7b1ff98cc952
2020-07-09 01:19:50,914 [ForkJoinPool.commonPool-worker-1] INFO  impl.RoleInfo (RoleInfo.java:shutdownFollowerState(121)) - 6364e981-304f-41bf-bc01-7b1ff98cc952: shutdown FollowerState
2020-07-09 01:19:50,914 [Thread-316] INFO  impl.FollowerState (FollowerState.java:run(117)) - 6364e981-304f-41bf-bc01-7b1ff98cc952@group-EDE382CE3E00-FollowerState was interrupted: java.lang.InterruptedException: sleep interrupted
2020-07-09 01:19:50,914 [Listener at 127.0.0.1/39385] INFO  util.JmxRegister (JmxRegister.java:unregister(73)) - Successfully un-registered JMX Bean with object name Ratis:service=RaftServer,group=group-879E32C7D743,id=c95b19f7-50b5-4904-962f-b689396cb015
2020-07-09 01:19:50,915 [Listener at 127.0.0.1/39385] INFO  impl.RoleInfo (RoleInfo.java:shutdownLeaderState(104)) - c95b19f7-50b5-4904-962f-b689396cb015: shutdown LeaderState
2020-07-09 01:19:50,915 [ForkJoinPool.commonPool-worker-1] INFO  impl.StateMachineUpdater (StateMachineUpdater.java:stopAndJoin(142)) - 6364e981-304f-41bf-bc01-7b1ff98cc952@group-EDE382CE3E00-StateMachineUpdater: set stopIndex = 12
2020-07-09 01:19:50,915 [6364e981-304f-41bf-bc01-7b1ff98cc952@group-EDE382CE3E00-StateMachineUpdater] INFO  ratis.ContainerStateMachine (ContainerStateMachine.java:takeSnapshot(293)) - group-EDE382CE3E00: Taking a snapshot at:(t:1, i:12) file /github/workspace/mnt/ozone/hadoop-ozone/integration-test/target/test-dir/MiniOzoneClusterImpl-513b5a01-9d99-4e7a-8fe1-3ea97a28e1a0/datanode-2/data/ratis/e2c8be27-5b87-40ea-b7f7-ede382ce3e00/sm/snapshot.1_12
2020-07-09 01:19:50,915 [Listener at 127.0.0.1/39385] INFO  impl.PendingRequests (PendingRequests.java:sendNotLeaderResponses(249)) - c95b19f7-50b5-4904-962f-b689396cb015@group-879E32C7D743-PendingRequests: sendNotLeaderResponses
2020-07-09 01:19:50,916 [Listener at 127.0.0.1/39385] INFO  metrics.RatisMetrics (RatisMetrics.java:unregister(43)) - Unregistering Metrics Registry : ratis.log_appender.c95b19f7-50b5-4904-962f-b689396cb015@group-879E32C7D743
2020-07-09 01:19:50,917 [Listener at 127.0.0.1/39385] INFO  metrics.RatisMetrics (RatisMetrics.java:unregister(43)) - Unregistering Metrics Registry : ratis.server.c95b19f7-50b5-4904-962f-b689396cb015@group-879E32C7D743
2020-07-09 01:19:50,922 [c95b19f7-50b5-4904-962f-b689396cb015@group-879E32C7D743-StateMachineUpdater] INFO  ratis.ContainerStateMachine (ContainerStateMachine.java:takeSnapshot(293)) - group-879E32C7D743: Taking a snapshot at:(t:1, i:0) file /github/workspace/mnt/ozone/hadoop-ozone/integration-test/target/test-dir/MiniOzoneClusterImpl-513b5a01-9d99-4e7a-8fe1-3ea97a28e1a0/datanode-4/data/ratis/6cd2bc2d-ccaa-4b13-95eb-879e32c7d743/sm/snapshot.1_0
2020-07-09 01:19:50,917 [Listener at 127.0.0.1/39385] INFO  impl.StateMachineUpdater (StateMachineUpdater.java:stopAndJoin(142)) - c95b19f7-50b5-4904-962f-b689396cb015@group-879E32C7D743-StateMachineUpdater: set stopIndex = 0
2020-07-09 01:19:50,933 [c95b19f7-50b5-4904-962f-b689396cb015@group-879E32C7D743-StateMachineUpdater] INFO  ratis.ContainerStateMachine (ContainerStateMachine.java:takeSnapshot(304)) - group-879E32C7D743: Finished taking a snapshot at:(t:1, i:0) file:/github/workspace/mnt/ozone/hadoop-ozone/integration-test/target/test-dir/MiniOzoneClusterImpl-513b5a01-9d99-4e7a-8fe1-3ea97a28e1a0/datanode-4/data/ratis/6cd2bc2d-ccaa-4b13-95eb-879e32c7d743/sm/snapshot.1_0 time:10
2020-07-09 01:19:50,934 [c95b19f7-50b5-4904-962f-b689396cb015@group-879E32C7D743-StateMachineUpdater] INFO  impl.StateMachineUpdater (StateMachineUpdater.java:takeSnapshot(277)) - c95b19f7-50b5-4904-962f-b689396cb015@group-879E32C7D743-StateMachineUpdater: Took a snapshot at index 0
2020-07-09 01:19:50,939 [c95b19f7-50b5-4904-962f-b689396cb015@group-879E32C7D743-StateMachineUpdater] INFO  impl.StateMachineUpdater (StateMachineUpdater.java:lambda$new$0(87)) - c95b19f7-50b5-4904-962f-b689396cb015@group-879E32C7D743-StateMachineUpdater: snapshotIndex: updateIncreasingly -1 -> 0
2020-07-09 01:19:50,941 [c95b19f7-50b5-4904-962f-b689396cb015@group-879E32C7D743-StateMachineUpdater] INFO  metrics.RatisMetrics (RatisMetrics.java:unregister(43)) - Unregistering Metrics Registry : ratis.state_machine.c95b19f7-50b5-4904-962f-b689396cb015@group-879E32C7D743
2020-07-09 01:19:50,942 [Listener at 127.0.0.1/39385] INFO  impl.RaftServerImpl (ServerState.java:close(387)) - c95b19f7-50b5-4904-962f-b689396cb015@group-879E32C7D743: closes. applyIndex: 0
2020-07-09 01:19:50,942 [6364e981-304f-41bf-bc01-7b1ff98cc952@group-EDE382CE3E00-StateMachineUpdater] INFO  ratis.ContainerStateMachine (ContainerStateMachine.java:takeSnapshot(304)) - group-EDE382CE3E00: Finished taking a snapshot at:(t:1, i:12) file:/github/workspace/mnt/ozone/hadoop-ozone/integration-test/target/test-dir/MiniOzoneClusterImpl-513b5a01-9d99-4e7a-8fe1-3ea97a28e1a0/datanode-2/data/ratis/e2c8be27-5b87-40ea-b7f7-ede382ce3e00/sm/snapshot.1_12 time:27
2020-07-09 01:19:50,942 [6364e981-304f-41bf-bc01-7b1ff98cc952@group-EDE382CE3E00-StateMachineUpdater] INFO  impl.StateMachineUpdater (StateMachineUpdater.java:takeSnapshot(277)) - 6364e981-304f-41bf-bc01-7b1ff98cc952@group-EDE382CE3E00-StateMachineUpdater: Took a snapshot at index 12
2020-07-09 01:19:50,942 [6364e981-304f-41bf-bc01-7b1ff98cc952@group-EDE382CE3E00-StateMachineUpdater] INFO  impl.StateMachineUpdater (StateMachineUpdater.java:lambda$new$0(87)) - 6364e981-304f-41bf-bc01-7b1ff98cc952@group-EDE382CE3E00-StateMachineUpdater: snapshotIndex: updateIncreasingly -1 -> 12
2020-07-09 01:19:50,943 [c95b19f7-50b5-4904-962f-b689396cb015@group-879E32C7D743-SegmentedRaftLogWorker] INFO  segmented.SegmentedRaftLogWorker (SegmentedRaftLogWorker.java:run(327)) - c95b19f7-50b5-4904-962f-b689396cb015@group-879E32C7D743-SegmentedRaftLogWorker was interrupted, exiting. There are 0 tasks remaining in the queue.
2020-07-09 01:19:50,944 [Listener at 127.0.0.1/39385] INFO  segmented.SegmentedRaftLogWorker (SegmentedRaftLogWorker.java:close(234)) - c95b19f7-50b5-4904-962f-b689396cb015@group-879E32C7D743-SegmentedRaftLogWorker close()
2020-07-09 01:19:50,945 [Listener at 127.0.0.1/39385] INFO  metrics.RatisMetrics (RatisMetrics.java:unregister(43)) - Unregistering Metrics Registry : ratis.log_worker.c95b19f7-50b5-4904-962f-b689396cb015@group-879E32C7D743
2020-07-09 01:19:50,946 [Listener at 127.0.0.1/39385] INFO  metrics.RatisMetrics (RatisMetrics.java:unregister(43)) - Unregistering Metrics Registry : ratis.leader_election.c95b19f7-50b5-4904-962f-b689396cb015@group-879E32C7D743
2020-07-09 01:19:50,946 [Listener at 127.0.0.1/39385] INFO  metrics.RatisMetrics (RatisMetrics.java:unregister(43)) - Unregistering Metrics Registry : ratis.server.c95b19f7-50b5-4904-962f-b689396cb015@group-879E32C7D743
2020-07-09 01:19:50,946 [Listener at 127.0.0.1/39385] INFO  impl.RaftServerImpl (RaftServerImpl.java:lambda$shutdown$3(252)) - c95b19f7-50b5-4904-962f-b689396cb015@group-B75F79988D48: shutdown
2020-07-09 01:19:50,946 [Listener at 127.0.0.1/39385] INFO  util.JmxRegister (JmxRegister.java:unregister(73)) - Successfully un-registered JMX Bean with object name Ratis:service=RaftServer,group=group-B75F79988D48,id=c95b19f7-50b5-4904-962f-b689396cb015
2020-07-09 01:19:50,947 [Listener at 127.0.0.1/39385] INFO  impl.RoleInfo (RoleInfo.java:shutdownFollowerState(121)) - c95b19f7-50b5-4904-962f-b689396cb015: shutdown FollowerState
2020-07-09 01:19:50,947 [Thread-330] INFO  impl.FollowerState (FollowerState.java:run(117)) - c95b19f7-50b5-4904-962f-b689396cb015@group-B75F79988D48-FollowerState was interrupted: java.lang.InterruptedException: sleep interrupted
2020-07-09 01:19:50,948 [c95b19f7-50b5-4904-962f-b689396cb015@group-B75F79988D48-StateMachineUpdater] INFO  ratis.ContainerStateMachine (ContainerStateMachine.java:takeSnapshot(293)) - group-B75F79988D48: Taking a snapshot at:(t:1, i:0) file /github/workspace/mnt/ozone/hadoop-ozone/integration-test/target/test-dir/MiniOzoneClusterImpl-513b5a01-9d99-4e7a-8fe1-3ea97a28e1a0/datanode-4/data/ratis/9383e73a-41af-40e3-9896-b75f79988d48/sm/snapshot.1_0
2020-07-09 01:19:50,948 [Listener at 127.0.0.1/39385] INFO  impl.StateMachineUpdater (StateMachineUpdater.java:stopAndJoin(142)) - c95b19f7-50b5-4904-962f-b689396cb015@group-B75F79988D48-StateMachineUpdater: set stopIndex = 0
2020-07-09 01:19:50,943 [6364e981-304f-41bf-bc01-7b1ff98cc952@group-EDE382CE3E00-StateMachineUpdater] INFO  metrics.RatisMetrics (RatisMetrics.java:unregister(43)) - Unregistering Metrics Registry : ratis.state_machine.6364e981-304f-41bf-bc01-7b1ff98cc952@group-EDE382CE3E00
2020-07-09 01:19:50,948 [ForkJoinPool.commonPool-worker-1] INFO  impl.RaftServerImpl (ServerState.java:close(387)) - 6364e981-304f-41bf-bc01-7b1ff98cc952@group-EDE382CE3E00: closes. applyIndex: 12
2020-07-09 01:19:50,948 [6364e981-304f-41bf-bc01-7b1ff98cc952@group-EDE382CE3E00-SegmentedRaftLogWorker] INFO  segmented.SegmentedRaftLogWorker (SegmentedRaftLogWorker.java:run(327)) - 6364e981-304f-41bf-bc01-7b1ff98cc952@group-EDE382CE3E00-SegmentedRaftLogWorker was interrupted, exiting. There are 0 tasks remaining in the queue.
2020-07-09 01:19:50,949 [ForkJoinPool.commonPool-worker-1] INFO  segmented.SegmentedRaftLogWorker (SegmentedRaftLogWorker.java:close(234)) - 6364e981-304f-41bf-bc01-7b1ff98cc952@group-EDE382CE3E00-SegmentedRaftLogWorker close()
2020-07-09 01:19:50,950 [ForkJoinPool.commonPool-worker-1] INFO  metrics.RatisMetrics (RatisMetrics.java:unregister(43)) - Unregistering Metrics Registry : ratis.log_worker.6364e981-304f-41bf-bc01-7b1ff98cc952@group-EDE382CE3E00
2020-07-09 01:19:50,950 [ForkJoinPool.commonPool-worker-1] INFO  metrics.RatisMetrics (RatisMetrics.java:unregister(43)) - Unregistering Metrics Registry : ratis.leader_election.6364e981-304f-41bf-bc01-7b1ff98cc952@group-EDE382CE3E00
2020-07-09 01:19:50,951 [ForkJoinPool.commonPool-worker-1] INFO  metrics.RatisMetrics (RatisMetrics.java:unregister(43)) - Unregistering Metrics Registry : ratis.server.6364e981-304f-41bf-bc01-7b1ff98cc952@group-EDE382CE3E00
2020-07-09 01:19:50,951 [ForkJoinPool.commonPool-worker-1] INFO  impl.RaftServerImpl (RaftServerImpl.java:lambda$shutdown$3(252)) - 6364e981-304f-41bf-bc01-7b1ff98cc952@group-6C9AB64EF0A5: shutdown
2020-07-09 01:19:50,951 [ForkJoinPool.commonPool-worker-1] INFO  util.JmxRegister (JmxRegister.java:unregister(73)) - Successfully un-registered JMX Bean with object name Ratis:service=RaftServer,group=group-6C9AB64EF0A5,id=6364e981-304f-41bf-bc01-7b1ff98cc952
2020-07-09 01:19:50,951 [ForkJoinPool.commonPool-worker-1] INFO  impl.RoleInfo (RoleInfo.java:shutdownLeaderState(104)) - 6364e981-304f-41bf-bc01-7b1ff98cc952: shutdown LeaderState
2020-07-09 01:19:50,951 [ForkJoinPool.commonPool-worker-1] INFO  impl.PendingRequests (PendingRequests.java:sendNotLeaderResponses(249)) - 6364e981-304f-41bf-bc01-7b1ff98cc952@group-6C9AB64EF0A5-PendingRequests: sendNotLeaderResponses
2020-07-09 01:19:50,951 [ForkJoinPool.commonPool-worker-1] INFO  metrics.RatisMetrics (RatisMetrics.java:unregister(43)) - Unregistering Metrics Registry : ratis.log_appender.6364e981-304f-41bf-bc01-7b1ff98cc952@group-6C9AB64EF0A5
2020-07-09 01:19:50,951 [ForkJoinPool.commonPool-worker-1] INFO  metrics.RatisMetrics (RatisMetrics.java:unregister(43)) - Unregistering Metrics Registry : ratis.server.6364e981-304f-41bf-bc01-7b1ff98cc952@group-6C9AB64EF0A5
2020-07-09 01:19:50,953 [6364e981-304f-41bf-bc01-7b1ff98cc952@group-6C9AB64EF0A5-StateMachineUpdater] INFO  ratis.ContainerStateMachine (ContainerStateMachine.java:takeSnapshot(293)) - group-6C9AB64EF0A5: Taking a snapshot at:(t:1, i:0) file /github/workspace/mnt/ozone/hadoop-ozone/integration-test/target/test-dir/MiniOzoneClusterImpl-513b5a01-9d99-4e7a-8fe1-3ea97a28e1a0/datanode-2/data/ratis/1a31760a-dae7-421f-944c-6c9ab64ef0a5/sm/snapshot.1_0
2020-07-09 01:19:50,953 [ForkJoinPool.commonPool-worker-1] INFO  impl.StateMachineUpdater (StateMachineUpdater.java:stopAndJoin(142)) - 6364e981-304f-41bf-bc01-7b1ff98cc952@group-6C9AB64EF0A5-StateMachineUpdater: set stopIndex = 0
2020-07-09 01:19:50,954 [c95b19f7-50b5-4904-962f-b689396cb015@group-B75F79988D48-StateMachineUpdater] INFO  ratis.ContainerStateMachine (ContainerStateMachine.java:takeSnapshot(304)) - group-B75F79988D48: Finished taking a snapshot at:(t:1, i:0) file:/github/workspace/mnt/ozone/hadoop-ozone/integration-test/target/test-dir/MiniOzoneClusterImpl-513b5a01-9d99-4e7a-8fe1-3ea97a28e1a0/datanode-4/data/ratis/9383e73a-41af-40e3-9896-b75f79988d48/sm/snapshot.1_0 time:6
2020-07-09 01:19:50,954 [c95b19f7-50b5-4904-962f-b689396cb015@group-B75F79988D48-StateMachineUpdater] INFO  impl.StateMachineUpdater (StateMachineUpdater.java:takeSnapshot(277)) - c95b19f7-50b5-4904-962f-b689396cb015@group-B75F79988D48-StateMachineUpdater: Took a snapshot at index 0
2020-07-09 01:19:50,954 [6364e981-304f-41bf-bc01-7b1ff98cc952@group-6C9AB64EF0A5-StateMachineUpdater] INFO  ratis.ContainerStateMachine (ContainerStateMachine.java:takeSnapshot(304)) - group-6C9AB64EF0A5: Finished taking a snapshot at:(t:1, i:0) file:/github/workspace/mnt/ozone/hadoop-ozone/integration-test/target/test-dir/MiniOzoneClusterImpl-513b5a01-9d99-4e7a-8fe1-3ea97a28e1a0/datanode-2/data/ratis/1a31760a-dae7-421f-944c-6c9ab64ef0a5/sm/snapshot.1_0 time:1
2020-07-09 01:19:50,954 [c95b19f7-50b5-4904-962f-b689396cb015@group-B75F79988D48-StateMachineUpdater] INFO  impl.StateMachineUpdater (StateMachineUpdater.java:lambda$new$0(87)) - c95b19f7-50b5-4904-962f-b689396cb015@group-B75F79988D48-StateMachineUpdater: snapshotIndex: updateIncreasingly -1 -> 0
2020-07-09 01:19:50,954 [6364e981-304f-41bf-bc01-7b1ff98cc952@group-6C9AB64EF0A5-StateMachineUpdater] INFO  impl.StateMachineUpdater (StateMachineUpdater.java:takeSnapshot(277)) - 6364e981-304f-41bf-bc01-7b1ff98cc952@group-6C9AB64EF0A5-StateMachineUpdater: Took a snapshot at index 0
2020-07-09 01:19:50,954 [6364e981-304f-41bf-bc01-7b1ff98cc952@group-6C9AB64EF0A5-StateMachineUpdater] INFO  impl.StateMachineUpdater (StateMachineUpdater.java:lambda$new$0(87)) - 6364e981-304f-41bf-bc01-7b1ff98cc952@group-6C9AB64EF0A5-StateMachineUpdater: snapshotIndex: updateIncreasingly -1 -> 0
2020-07-09 01:19:50,954 [c95b19f7-50b5-4904-962f-b689396cb015@group-B75F79988D48-StateMachineUpdater] INFO  metrics.RatisMetrics (RatisMetrics.java:unregister(43)) - Unregistering Metrics Registry : ratis.state_machine.c95b19f7-50b5-4904-962f-b689396cb015@group-B75F79988D48
2020-07-09 01:19:50,955 [6364e981-304f-41bf-bc01-7b1ff98cc952@group-6C9AB64EF0A5-StateMachineUpdater] INFO  metrics.RatisMetrics (RatisMetrics.java:unregister(43)) - Unregistering Metrics Registry : ratis.state_machine.6364e981-304f-41bf-bc01-7b1ff98cc952@group-6C9AB64EF0A5
2020-07-09 01:19:50,955 [ForkJoinPool.commonPool-worker-1] INFO  impl.RaftServerImpl (ServerState.java:close(387)) - 6364e981-304f-41bf-bc01-7b1ff98cc952@group-6C9AB64EF0A5: closes. applyIndex: 0
2020-07-09 01:19:50,955 [Listener at 127.0.0.1/39385] INFO  impl.RaftServerImpl (ServerState.java:close(387)) - c95b19f7-50b5-4904-962f-b689396cb015@group-B75F79988D48: closes. applyIndex: 0
2020-07-09 01:19:50,955 [6364e981-304f-41bf-bc01-7b1ff98cc952@group-6C9AB64EF0A5-SegmentedRaftLogWorker] INFO  segmented.SegmentedRaftLogWorker (SegmentedRaftLogWorker.java:run(327)) - 6364e981-304f-41bf-bc01-7b1ff98cc952@group-6C9AB64EF0A5-SegmentedRaftLogWorker was interrupted, exiting. There are 0 tasks remaining in the queue.
2020-07-09 01:19:50,955 [c95b19f7-50b5-4904-962f-b689396cb015@group-B75F79988D48-SegmentedRaftLogWorker] INFO  segmented.SegmentedRaftLogWorker (SegmentedRaftLogWorker.java:run(327)) - c95b19f7-50b5-4904-962f-b689396cb015@group-B75F79988D48-SegmentedRaftLogWorker was interrupted, exiting. There are 0 tasks remaining in the queue.
2020-07-09 01:19:50,956 [ForkJoinPool.commonPool-worker-1] INFO  segmented.SegmentedRaftLogWorker (SegmentedRaftLogWorker.java:close(234)) - 6364e981-304f-41bf-bc01-7b1ff98cc952@group-6C9AB64EF0A5-SegmentedRaftLogWorker close()
2020-07-09 01:19:50,958 [Listener at 127.0.0.1/39385] INFO  segmented.SegmentedRaftLogWorker (SegmentedRaftLogWorker.java:close(234)) - c95b19f7-50b5-4904-962f-b689396cb015@group-B75F79988D48-SegmentedRaftLogWorker close()
2020-07-09 01:19:50,959 [ForkJoinPool.commonPool-worker-1] INFO  metrics.RatisMetrics (RatisMetrics.java:unregister(43)) - Unregistering Metrics Registry : ratis.log_worker.6364e981-304f-41bf-bc01-7b1ff98cc952@group-6C9AB64EF0A5
2020-07-09 01:19:50,959 [ForkJoinPool.commonPool-worker-1] INFO  metrics.RatisMetrics (RatisMetrics.java:unregister(43)) - Unregistering Metrics Registry : ratis.leader_election.6364e981-304f-41bf-bc01-7b1ff98cc952@group-6C9AB64EF0A5
2020-07-09 01:19:50,960 [ForkJoinPool.commonPool-worker-1] INFO  metrics.RatisMetrics (RatisMetrics.java:unregister(43)) - Unregistering Metrics Registry : ratis.server.6364e981-304f-41bf-bc01-7b1ff98cc952@group-6C9AB64EF0A5
2020-07-09 01:19:50,960 [Listener at 127.0.0.1/39385] INFO  metrics.RatisMetrics (RatisMetrics.java:unregister(43)) - Unregistering Metrics Registry : ratis.log_worker.c95b19f7-50b5-4904-962f-b689396cb015@group-B75F79988D48
2020-07-09 01:19:50,961 [Listener at 127.0.0.1/39385] INFO  metrics.RatisMetrics (RatisMetrics.java:unregister(43)) - Unregistering Metrics Registry : ratis.leader_election.c95b19f7-50b5-4904-962f-b689396cb015@group-B75F79988D48
2020-07-09 01:19:50,961 [Listener at 127.0.0.1/39385] INFO  metrics.RatisMetrics (RatisMetrics.java:unregister(43)) - Unregistering Metrics Registry : ratis.server.c95b19f7-50b5-4904-962f-b689396cb015@group-B75F79988D48
2020-07-09 01:19:50,961 [Listener at 127.0.0.1/39385] INFO  server.GrpcService (GrpcService.java:closeImpl(166)) - c95b19f7-50b5-4904-962f-b689396cb015: shutdown server with port 34853 now
2020-07-09 01:19:50,961 [ForkJoinPool.commonPool-worker-1] INFO  server.GrpcService (GrpcService.java:closeImpl(166)) - 6364e981-304f-41bf-bc01-7b1ff98cc952: shutdown server with port 34653 now
2020-07-09 01:19:50,967 [grpc-default-executor-3] WARN  server.GrpcServerProtocolService (LogUtils.java:warn(122)) - 6364e981-304f-41bf-bc01-7b1ff98cc952: installSnapshot onError, lastRequest: 3bb671d4-7f90-4750-a753-fc4fc647587c->6364e981-304f-41bf-bc01-7b1ff98cc952#18-t1, previous=(t:1, i:11), leaderCommit=6, initializing? false, entries: size=1, first=(t:1, i:12), METADATAENTRY(c:6): org.apache.ratis.thirdparty.io.grpc.StatusRuntimeException: CANCELLED: cancelled before receiving half close
2020-07-09 01:19:50,967 [grpc-default-executor-2] WARN  server.GrpcServerProtocolService (LogUtils.java:warn(122)) - c95b19f7-50b5-4904-962f-b689396cb015: installSnapshot onError, lastRequest: 4f159216-eef4-4234-82ad-645dd276908c->c95b19f7-50b5-4904-962f-b689396cb015#1-t1, previous=(t:0, i:0), leaderCommit=-1, initializing? false, entries: size=1, first=(t:1, i:0), CONFIGURATIONENTRY: org.apache.ratis.thirdparty.io.grpc.StatusRuntimeException: CANCELLED: cancelled before receiving half close
2020-07-09 01:19:50,972 [grpc-default-executor-0] WARN  server.GrpcLogAppender (LogUtils.java:warn(122)) - 4f159216-eef4-4234-82ad-645dd276908c@group-B75F79988D48->c95b19f7-50b5-4904-962f-b689396cb015-AppendLogResponseHandler: Failed appendEntries: org.apache.ratis.thirdparty.io.grpc.StatusRuntimeException: CANCELLED: HTTP/2 error code: CANCEL
Received Rst Stream
2020-07-09 01:19:50,971 [grpc-default-executor-3] WARN  server.GrpcLogAppender (LogUtils.java:warn(122)) - 3bb671d4-7f90-4750-a753-fc4fc647587c@group-EDE382CE3E00->6364e981-304f-41bf-bc01-7b1ff98cc952-AppendLogResponseHandler: Failed appendEntries: org.apache.ratis.thirdparty.io.grpc.StatusRuntimeException: CANCELLED: HTTP/2 error code: CANCEL
Received Rst Stream
2020-07-09 01:19:50,969 [ForkJoinPool.commonPool-worker-1] INFO  server.GrpcService (GrpcService.java:closeImpl(174)) - 6364e981-304f-41bf-bc01-7b1ff98cc952: shutdown server with port 34653 successfully
2020-07-09 01:19:50,969 [Listener at 127.0.0.1/39385] INFO  server.GrpcService (GrpcService.java:closeImpl(174)) - c95b19f7-50b5-4904-962f-b689396cb015: shutdown server with port 34853 successfully
2020-07-09 01:19:50,982 [grpc-default-executor-3] INFO  impl.FollowerInfo (FollowerInfo.java:lambda$new$0(51)) - 3bb671d4-7f90-4750-a753-fc4fc647587c@group-EDE382CE3E00->6364e981-304f-41bf-bc01-7b1ff98cc952: nextIndex: updateUnconditionally 13 -> 12
2020-07-09 01:19:50,982 [grpc-default-executor-0] INFO  impl.FollowerInfo (FollowerInfo.java:lambda$new$0(51)) - 4f159216-eef4-4234-82ad-645dd276908c@group-B75F79988D48->c95b19f7-50b5-4904-962f-b689396cb015: nextIndex: updateUnconditionally 1 -> 0
2020-07-09 01:19:50,983 [Listener at 127.0.0.1/39385] INFO  utils.BackgroundService (BackgroundService.java:shutdown(157)) - Shutting down service BlockDeletingService
2020-07-09 01:19:50,984 [ForkJoinPool.commonPool-worker-1] INFO  utils.BackgroundService (BackgroundService.java:shutdown(157)) - Shutting down service BlockDeletingService
2020-07-09 01:19:50,986 [Listener at 127.0.0.1/39385] INFO  statemachine.DatanodeStateMachine (DatanodeStateMachine.java:stopDaemon(428)) - Ozone container server stopped.
2020-07-09 01:19:50,986 [Listener at 127.0.0.1/39385] INFO  handler.ContextHandler (ContextHandler.java:doStop(1016)) - Stopped o.e.j.w.WebAppContext@12dd3501{hddsDatanode,/,null,UNAVAILABLE}{jar:file:/home/user/.m2/repository/org/apache/hadoop/hadoop-hdds-container-service/0.6.0-SNAPSHOT/hadoop-hdds-container-service-0.6.0-SNAPSHOT.jar!/webapps/hddsDatanode}
2020-07-09 01:19:50,990 [Listener at 127.0.0.1/39385] INFO  server.AbstractConnector (AbstractConnector.java:doStop(380)) - Stopped ServerConnector@46bbcb82{HTTP/1.1,[http/1.1]}{0.0.0.0:0}
2020-07-09 01:19:50,990 [Listener at 127.0.0.1/39385] INFO  server.session (HouseKeeper.java:stopScavenging(158)) - node0 Stopped scavenging
2020-07-09 01:19:50,990 [Listener at 127.0.0.1/39385] INFO  handler.ContextHandler (ContextHandler.java:doStop(1016)) - Stopped o.e.j.s.ServletContextHandler@8b727cb{static,/static,jar:file:/home/user/.m2/repository/org/apache/hadoop/hadoop-hdds-container-service/0.6.0-SNAPSHOT/hadoop-hdds-container-service-0.6.0-SNAPSHOT.jar!/webapps/static,UNAVAILABLE}
2020-07-09 01:19:50,991 [Listener at 127.0.0.1/39385] INFO  handler.ContextHandler (ContextHandler.java:doStop(1016)) - Stopped o.e.j.s.ServletContextHandler@36e9fd4f{logs,/logs,file:///github/workspace/mnt/ozone/hadoop-ozone/integration-test/target/log,UNAVAILABLE}
2020-07-09 01:19:50,991 [ForkJoinPool.commonPool-worker-1] INFO  statemachine.DatanodeStateMachine (DatanodeStateMachine.java:stopDaemon(428)) - Ozone container server stopped.
2020-07-09 01:19:50,996 [ForkJoinPool.commonPool-worker-1] INFO  handler.ContextHandler (ContextHandler.java:doStop(1016)) - Stopped o.e.j.w.WebAppContext@76ac8c3d{hddsDatanode,/,null,UNAVAILABLE}{jar:file:/home/user/.m2/repository/org/apache/hadoop/hadoop-hdds-container-service/0.6.0-SNAPSHOT/hadoop-hdds-container-service-0.6.0-SNAPSHOT.jar!/webapps/hddsDatanode}
2020-07-09 01:19:50,997 [ForkJoinPool.commonPool-worker-1] INFO  server.AbstractConnector (AbstractConnector.java:doStop(380)) - Stopped ServerConnector@661d49d1{HTTP/1.1,[http/1.1]}{0.0.0.0:0}
2020-07-09 01:19:50,997 [ForkJoinPool.commonPool-worker-1] INFO  server.session (HouseKeeper.java:stopScavenging(158)) - node0 Stopped scavenging
2020-07-09 01:19:50,998 [ForkJoinPool.commonPool-worker-1] INFO  handler.ContextHandler (ContextHandler.java:doStop(1016)) - Stopped o.e.j.s.ServletContextHandler@498bfeec{static,/static,jar:file:/home/user/.m2/repository/org/apache/hadoop/hadoop-hdds-container-service/0.6.0-SNAPSHOT/hadoop-hdds-container-service-0.6.0-SNAPSHOT.jar!/webapps/static,UNAVAILABLE}
2020-07-09 01:19:50,999 [ForkJoinPool.commonPool-worker-1] INFO  handler.ContextHandler (ContextHandler.java:doStop(1016)) - Stopped o.e.j.s.ServletContextHandler@6f28a07e{logs,/logs,file:///github/workspace/mnt/ozone/hadoop-ozone/integration-test/target/log,UNAVAILABLE}
2020-07-09 01:19:51,456 [Datanode State Machine Thread - 0] INFO  statemachine.DatanodeStateMachine (DatanodeStateMachine.java:lambda$startDaemon$0(380)) - Ozone container server started.
2020-07-09 01:19:51,473 [Datanode State Machine Thread - 0] INFO  statemachine.DatanodeStateMachine (DatanodeStateMachine.java:lambda$startDaemon$0(380)) - Ozone container server started.
2020-07-09 01:19:52,540 [grpc-default-executor-3] WARN  server.GrpcLogAppender (LogUtils.java:warn(122)) - 4f159216-eef4-4234-82ad-645dd276908c@group-B75F79988D48->c95b19f7-50b5-4904-962f-b689396cb015-AppendLogResponseHandler: Failed appendEntries: org.apache.ratis.thirdparty.io.grpc.StatusRuntimeException: UNAVAILABLE: io exception
2020-07-09 01:19:52,541 [grpc-default-executor-3] INFO  impl.FollowerInfo (FollowerInfo.java:lambda$new$0(51)) - 4f159216-eef4-4234-82ad-645dd276908c@group-B75F79988D48->c95b19f7-50b5-4904-962f-b689396cb015: nextIndex: updateUnconditionally 1 -> 0
2020-07-09 01:19:52,579 [grpc-default-executor-3] DEBUG server.GrpcLogAppender (GrpcLogAppender.java:onNext(257)) - 4f159216-eef4-4234-82ad-645dd276908c@group-B75F79988D48->4de64420-61f2-4826-b9c9-fe43ebf29f54-AppendLogResponseHandler: received a reply 4f159216-eef4-4234-82ad-645dd276908c<-4de64420-61f2-4826-b9c9-fe43ebf29f54#9:OK,SUCCESS,nextIndex:1,term:1,followerCommit:0, request=AppendEntriesRequest:cid=9,entriesCount=0,lastEntry=null
2020-07-09 01:19:52,964 [grpc-default-executor-3] DEBUG server.GrpcLogAppender (GrpcLogAppender.java:onNext(257)) - 98f34e18-095d-41d7-a8c8-ef1510a34e6f@group-47F40364C92C->954078f0-2330-48dc-ab29-af631119e127-AppendLogResponseHandler: received a reply 98f34e18-095d-41d7-a8c8-ef1510a34e6f<-954078f0-2330-48dc-ab29-af631119e127#6:OK,SUCCESS,nextIndex:3,term:4,followerCommit:2, request=AppendEntriesRequest:cid=6,entriesCount=0,lastEntry=null
2020-07-09 01:19:52,975 [grpc-default-executor-3] DEBUG server.GrpcLogAppender (GrpcLogAppender.java:onNext(257)) - 98f34e18-095d-41d7-a8c8-ef1510a34e6f@group-47F40364C92C->83bd9611-6e96-48be-a1bb-e26ec6efad02-AppendLogResponseHandler: received a reply 98f34e18-095d-41d7-a8c8-ef1510a34e6f<-83bd9611-6e96-48be-a1bb-e26ec6efad02#9:OK,SUCCESS,nextIndex:3,term:4,followerCommit:2, request=AppendEntriesRequest:cid=9,entriesCount=0,lastEntry=null
2020-07-09 01:19:53,340 [grpc-default-executor-0] WARN  server.GrpcLogAppender (LogUtils.java:warn(122)) - 3bb671d4-7f90-4750-a753-fc4fc647587c@group-EDE382CE3E00->6364e981-304f-41bf-bc01-7b1ff98cc952-AppendLogResponseHandler: Failed appendEntries: org.apache.ratis.thirdparty.io.grpc.StatusRuntimeException: UNAVAILABLE: io exception
2020-07-09 01:19:53,341 [grpc-default-executor-0] INFO  impl.FollowerInfo (FollowerInfo.java:lambda$new$0(51)) - 3bb671d4-7f90-4750-a753-fc4fc647587c@group-EDE382CE3E00->6364e981-304f-41bf-bc01-7b1ff98cc952: nextIndex: updateUnconditionally 13 -> 12
2020-07-09 01:19:53,374 [grpc-default-executor-0] DEBUG server.GrpcLogAppender (GrpcLogAppender.java:onNext(257)) - 3bb671d4-7f90-4750-a753-fc4fc647587c@group-EDE382CE3E00->c506d153-aba5-44d6-9bcb-0e1026c6c6c2-AppendLogResponseHandler: received a reply 3bb671d4-7f90-4750-a753-fc4fc647587c<-c506d153-aba5-44d6-9bcb-0e1026c6c6c2#21:OK,SUCCESS,nextIndex:13,term:1,followerCommit:12, request=AppendEntriesRequest:cid=21,entriesCount=0,lastEntry=null
2020-07-09 01:19:55,038 [grpc-default-executor-3] WARN  server.GrpcLogAppender (LogUtils.java:warn(122)) - 4f159216-eef4-4234-82ad-645dd276908c@group-B75F79988D48->c95b19f7-50b5-4904-962f-b689396cb015-AppendLogResponseHandler: Failed appendEntries: org.apache.ratis.thirdparty.io.grpc.StatusRuntimeException: UNAVAILABLE: io exception
2020-07-09 01:19:55,040 [grpc-default-executor-3] INFO  impl.FollowerInfo (FollowerInfo.java:lambda$new$0(51)) - 4f159216-eef4-4234-82ad-645dd276908c@group-B75F79988D48->c95b19f7-50b5-4904-962f-b689396cb015: nextIndex: updateUnconditionally 1 -> 0
2020-07-09 01:19:55,082 [grpc-default-executor-3] DEBUG server.GrpcLogAppender (GrpcLogAppender.java:onNext(257)) - 4f159216-eef4-4234-82ad-645dd276908c@group-B75F79988D48->4de64420-61f2-4826-b9c9-fe43ebf29f54-AppendLogResponseHandler: received a reply 4f159216-eef4-4234-82ad-645dd276908c<-4de64420-61f2-4826-b9c9-fe43ebf29f54#10:OK,SUCCESS,nextIndex:1,term:1,followerCommit:0, request=AppendEntriesRequest:cid=10,entriesCount=0,lastEntry=null
2020-07-09 01:19:55,467 [grpc-default-executor-3] DEBUG server.GrpcLogAppender (GrpcLogAppender.java:onNext(257)) - 98f34e18-095d-41d7-a8c8-ef1510a34e6f@group-47F40364C92C->954078f0-2330-48dc-ab29-af631119e127-AppendLogResponseHandler: received a reply 98f34e18-095d-41d7-a8c8-ef1510a34e6f<-954078f0-2330-48dc-ab29-af631119e127#7:OK,SUCCESS,nextIndex:3,term:4,followerCommit:2, request=AppendEntriesRequest:cid=7,entriesCount=0,lastEntry=null
2020-07-09 01:19:55,477 [grpc-default-executor-3] DEBUG server.GrpcLogAppender (GrpcLogAppender.java:onNext(257)) - 98f34e18-095d-41d7-a8c8-ef1510a34e6f@group-47F40364C92C->83bd9611-6e96-48be-a1bb-e26ec6efad02-AppendLogResponseHandler: received a reply 98f34e18-095d-41d7-a8c8-ef1510a34e6f<-83bd9611-6e96-48be-a1bb-e26ec6efad02#10:OK,SUCCESS,nextIndex:3,term:4,followerCommit:2, request=AppendEntriesRequest:cid=10,entriesCount=0,lastEntry=null
2020-07-09 01:19:55,841 [grpc-default-executor-0] WARN  server.GrpcLogAppender (LogUtils.java:warn(122)) - 3bb671d4-7f90-4750-a753-fc4fc647587c@group-EDE382CE3E00->6364e981-304f-41bf-bc01-7b1ff98cc952-AppendLogResponseHandler: Failed appendEntries: org.apache.ratis.thirdparty.io.grpc.StatusRuntimeException: UNAVAILABLE: io exception
2020-07-09 01:19:55,843 [grpc-default-executor-0] INFO  impl.FollowerInfo (FollowerInfo.java:lambda$new$0(51)) - 3bb671d4-7f90-4750-a753-fc4fc647587c@group-EDE382CE3E00->6364e981-304f-41bf-bc01-7b1ff98cc952: nextIndex: updateUnconditionally 13 -> 12
2020-07-09 01:19:55,878 [grpc-default-executor-0] DEBUG server.GrpcLogAppender (GrpcLogAppender.java:onNext(257)) - 3bb671d4-7f90-4750-a753-fc4fc647587c@group-EDE382CE3E00->c506d153-aba5-44d6-9bcb-0e1026c6c6c2-AppendLogResponseHandler: received a reply 3bb671d4-7f90-4750-a753-fc4fc647587c<-c506d153-aba5-44d6-9bcb-0e1026c6c6c2#22:OK,SUCCESS,nextIndex:13,term:1,followerCommit:12, request=AppendEntriesRequest:cid=22,entriesCount=0,lastEntry=null
2020-07-09 01:19:55,993 [Listener at 127.0.0.1/39385] INFO  ozoneimpl.OzoneContainer (OzoneContainer.java:stop(246)) - Attempting to stop container services.
2020-07-09 01:19:55,993 [Listener at 127.0.0.1/39385] INFO  impl.RaftServerProxy (RaftServerProxy.java:lambda$close$4(319)) - 4de64420-61f2-4826-b9c9-fe43ebf29f54: close
2020-07-09 01:19:55,994 [Listener at 127.0.0.1/39385] INFO  impl.RaftServerImpl (RaftServerImpl.java:lambda$shutdown$3(252)) - 4de64420-61f2-4826-b9c9-fe43ebf29f54@group-7617EFE81E04: shutdown
2020-07-09 01:19:55,994 [Listener at 127.0.0.1/39385] INFO  util.JmxRegister (JmxRegister.java:unregister(73)) - Successfully un-registered JMX Bean with object name Ratis:service=RaftServer,group=group-7617EFE81E04,id=4de64420-61f2-4826-b9c9-fe43ebf29f54
2020-07-09 01:19:55,994 [Listener at 127.0.0.1/39385] INFO  impl.RoleInfo (RoleInfo.java:shutdownLeaderState(104)) - 4de64420-61f2-4826-b9c9-fe43ebf29f54: shutdown LeaderState
2020-07-09 01:19:55,994 [Listener at 127.0.0.1/39385] INFO  impl.PendingRequests (PendingRequests.java:sendNotLeaderResponses(249)) - 4de64420-61f2-4826-b9c9-fe43ebf29f54@group-7617EFE81E04-PendingRequests: sendNotLeaderResponses
2020-07-09 01:19:55,994 [Listener at 127.0.0.1/39385] INFO  metrics.RatisMetrics (RatisMetrics.java:unregister(43)) - Unregistering Metrics Registry : ratis.log_appender.4de64420-61f2-4826-b9c9-fe43ebf29f54@group-7617EFE81E04
2020-07-09 01:19:55,995 [Listener at 127.0.0.1/39385] INFO  metrics.RatisMetrics (RatisMetrics.java:unregister(43)) - Unregistering Metrics Registry : ratis.server.4de64420-61f2-4826-b9c9-fe43ebf29f54@group-7617EFE81E04
2020-07-09 01:19:55,996 [4de64420-61f2-4826-b9c9-fe43ebf29f54@group-7617EFE81E04-StateMachineUpdater] INFO  ratis.ContainerStateMachine (ContainerStateMachine.java:takeSnapshot(293)) - group-7617EFE81E04: Taking a snapshot at:(t:1, i:0) file /github/workspace/mnt/ozone/hadoop-ozone/integration-test/target/test-dir/MiniOzoneClusterImpl-513b5a01-9d99-4e7a-8fe1-3ea97a28e1a0/datanode-5/data/ratis/41fa43d2-a1fe-41ad-8492-7617efe81e04/sm/snapshot.1_0
2020-07-09 01:19:55,996 [Listener at 127.0.0.1/39385] INFO  impl.StateMachineUpdater (StateMachineUpdater.java:stopAndJoin(142)) - 4de64420-61f2-4826-b9c9-fe43ebf29f54@group-7617EFE81E04-StateMachineUpdater: set stopIndex = 0
2020-07-09 01:19:55,997 [4de64420-61f2-4826-b9c9-fe43ebf29f54@group-7617EFE81E04-StateMachineUpdater] INFO  ratis.ContainerStateMachine (ContainerStateMachine.java:takeSnapshot(304)) - group-7617EFE81E04: Finished taking a snapshot at:(t:1, i:0) file:/github/workspace/mnt/ozone/hadoop-ozone/integration-test/target/test-dir/MiniOzoneClusterImpl-513b5a01-9d99-4e7a-8fe1-3ea97a28e1a0/datanode-5/data/ratis/41fa43d2-a1fe-41ad-8492-7617efe81e04/sm/snapshot.1_0 time:1
2020-07-09 01:19:55,997 [4de64420-61f2-4826-b9c9-fe43ebf29f54@group-7617EFE81E04-StateMachineUpdater] INFO  impl.StateMachineUpdater (StateMachineUpdater.java:takeSnapshot(277)) - 4de64420-61f2-4826-b9c9-fe43ebf29f54@group-7617EFE81E04-StateMachineUpdater: Took a snapshot at index 0
2020-07-09 01:19:55,997 [4de64420-61f2-4826-b9c9-fe43ebf29f54@group-7617EFE81E04-StateMachineUpdater] INFO  impl.StateMachineUpdater (StateMachineUpdater.java:lambda$new$0(87)) - 4de64420-61f2-4826-b9c9-fe43ebf29f54@group-7617EFE81E04-StateMachineUpdater: snapshotIndex: updateIncreasingly -1 -> 0
2020-07-09 01:19:55,997 [4de64420-61f2-4826-b9c9-fe43ebf29f54@group-7617EFE81E04-StateMachineUpdater] INFO  metrics.RatisMetrics (RatisMetrics.java:unregister(43)) - Unregistering Metrics Registry : ratis.state_machine.4de64420-61f2-4826-b9c9-fe43ebf29f54@group-7617EFE81E04
2020-07-09 01:19:55,997 [Listener at 127.0.0.1/39385] INFO  impl.RaftServerImpl (ServerState.java:close(387)) - 4de64420-61f2-4826-b9c9-fe43ebf29f54@group-7617EFE81E04: closes. applyIndex: 0
2020-07-09 01:19:55,998 [4de64420-61f2-4826-b9c9-fe43ebf29f54@group-7617EFE81E04-SegmentedRaftLogWorker] INFO  segmented.SegmentedRaftLogWorker (SegmentedRaftLogWorker.java:run(327)) - 4de64420-61f2-4826-b9c9-fe43ebf29f54@group-7617EFE81E04-SegmentedRaftLogWorker was interrupted, exiting. There are 0 tasks remaining in the queue.
2020-07-09 01:19:56,001 [ForkJoinPool.commonPool-worker-1] INFO  ozoneimpl.OzoneContainer (OzoneContainer.java:stop(246)) - Attempting to stop container services.
2020-07-09 01:19:56,001 [Listener at 127.0.0.1/39385] INFO  segmented.SegmentedRaftLogWorker (SegmentedRaftLogWorker.java:close(234)) - 4de64420-61f2-4826-b9c9-fe43ebf29f54@group-7617EFE81E04-SegmentedRaftLogWorker close()
2020-07-09 01:19:56,001 [ForkJoinPool.commonPool-worker-1] INFO  impl.RaftServerProxy (RaftServerProxy.java:lambda$close$4(319)) - 4f159216-eef4-4234-82ad-645dd276908c: close
2020-07-09 01:19:56,002 [ForkJoinPool.commonPool-worker-1] INFO  impl.RaftServerImpl (RaftServerImpl.java:lambda$shutdown$3(252)) - 4f159216-eef4-4234-82ad-645dd276908c@group-7F3D959DF0FA: shutdown
2020-07-09 01:19:56,002 [ForkJoinPool.commonPool-worker-1] INFO  util.JmxRegister (JmxRegister.java:unregister(73)) - Successfully un-registered JMX Bean with object name Ratis:service=RaftServer,group=group-7F3D959DF0FA,id=4f159216-eef4-4234-82ad-645dd276908c
2020-07-09 01:19:56,002 [ForkJoinPool.commonPool-worker-1] INFO  impl.RoleInfo (RoleInfo.java:shutdownLeaderState(104)) - 4f159216-eef4-4234-82ad-645dd276908c: shutdown LeaderState
2020-07-09 01:19:56,002 [ForkJoinPool.commonPool-worker-1] INFO  impl.PendingRequests (PendingRequests.java:sendNotLeaderResponses(249)) - 4f159216-eef4-4234-82ad-645dd276908c@group-7F3D959DF0FA-PendingRequests: sendNotLeaderResponses
2020-07-09 01:19:56,002 [ForkJoinPool.commonPool-worker-1] INFO  metrics.RatisMetrics (RatisMetrics.java:unregister(43)) - Unregistering Metrics Registry : ratis.log_appender.4f159216-eef4-4234-82ad-645dd276908c@group-7F3D959DF0FA
2020-07-09 01:19:56,002 [ForkJoinPool.commonPool-worker-1] INFO  metrics.RatisMetrics (RatisMetrics.java:unregister(43)) - Unregistering Metrics Registry : ratis.server.4f159216-eef4-4234-82ad-645dd276908c@group-7F3D959DF0FA
2020-07-09 01:19:56,003 [ForkJoinPool.commonPool-worker-1] INFO  impl.StateMachineUpdater (StateMachineUpdater.java:stopAndJoin(142)) - 4f159216-eef4-4234-82ad-645dd276908c@group-7F3D959DF0FA-StateMachineUpdater: set stopIndex = 0
2020-07-09 01:19:56,003 [4f159216-eef4-4234-82ad-645dd276908c@group-7F3D959DF0FA-StateMachineUpdater] INFO  ratis.ContainerStateMachine (ContainerStateMachine.java:takeSnapshot(293)) - group-7F3D959DF0FA: Taking a snapshot at:(t:1, i:0) file /github/workspace/mnt/ozone/hadoop-ozone/integration-test/target/test-dir/MiniOzoneClusterImpl-513b5a01-9d99-4e7a-8fe1-3ea97a28e1a0/datanode-3/data/ratis/85a051cc-5164-47dd-877a-7f3d959df0fa/sm/snapshot.1_0
2020-07-09 01:19:56,004 [Listener at 127.0.0.1/39385] INFO  metrics.RatisMetrics (RatisMetrics.java:unregister(43)) - Unregistering Metrics Registry : ratis.log_worker.4de64420-61f2-4826-b9c9-fe43ebf29f54@group-7617EFE81E04
2020-07-09 01:19:56,005 [Listener at 127.0.0.1/39385] INFO  metrics.RatisMetrics (RatisMetrics.java:unregister(43)) - Unregistering Metrics Registry : ratis.leader_election.4de64420-61f2-4826-b9c9-fe43ebf29f54@group-7617EFE81E04
2020-07-09 01:19:56,005 [Listener at 127.0.0.1/39385] INFO  metrics.RatisMetrics (RatisMetrics.java:unregister(43)) - Unregistering Metrics Registry : ratis.server.4de64420-61f2-4826-b9c9-fe43ebf29f54@group-7617EFE81E04
2020-07-09 01:19:56,005 [Listener at 127.0.0.1/39385] INFO  impl.RaftServerImpl (RaftServerImpl.java:lambda$shutdown$3(252)) - 4de64420-61f2-4826-b9c9-fe43ebf29f54@group-B75F79988D48: shutdown
2020-07-09 01:19:56,005 [Listener at 127.0.0.1/39385] INFO  util.JmxRegister (JmxRegister.java:unregister(73)) - Successfully un-registered JMX Bean with object name Ratis:service=RaftServer,group=group-B75F79988D48,id=4de64420-61f2-4826-b9c9-fe43ebf29f54
2020-07-09 01:19:56,005 [Listener at 127.0.0.1/39385] INFO  impl.RoleInfo (RoleInfo.java:shutdownFollowerState(121)) - 4de64420-61f2-4826-b9c9-fe43ebf29f54: shutdown FollowerState
2020-07-09 01:19:56,006 [Thread-338] INFO  impl.FollowerState (FollowerState.java:run(117)) - 4de64420-61f2-4826-b9c9-fe43ebf29f54@group-B75F79988D48-FollowerState was interrupted: java.lang.InterruptedException: sleep interrupted
2020-07-09 01:19:56,006 [4de64420-61f2-4826-b9c9-fe43ebf29f54@group-B75F79988D48-StateMachineUpdater] INFO  ratis.ContainerStateMachine (ContainerStateMachine.java:takeSnapshot(293)) - group-B75F79988D48: Taking a snapshot at:(t:1, i:0) file /github/workspace/mnt/ozone/hadoop-ozone/integration-test/target/test-dir/MiniOzoneClusterImpl-513b5a01-9d99-4e7a-8fe1-3ea97a28e1a0/datanode-5/data/ratis/9383e73a-41af-40e3-9896-b75f79988d48/sm/snapshot.1_0
2020-07-09 01:19:56,006 [Listener at 127.0.0.1/39385] INFO  impl.StateMachineUpdater (StateMachineUpdater.java:stopAndJoin(142)) - 4de64420-61f2-4826-b9c9-fe43ebf29f54@group-B75F79988D48-StateMachineUpdater: set stopIndex = 0
2020-07-09 01:19:56,009 [4f159216-eef4-4234-82ad-645dd276908c@group-7F3D959DF0FA-StateMachineUpdater] INFO  ratis.ContainerStateMachine (ContainerStateMachine.java:takeSnapshot(304)) - group-7F3D959DF0FA: Finished taking a snapshot at:(t:1, i:0) file:/github/workspace/mnt/ozone/hadoop-ozone/integration-test/target/test-dir/MiniOzoneClusterImpl-513b5a01-9d99-4e7a-8fe1-3ea97a28e1a0/datanode-3/data/ratis/85a051cc-5164-47dd-877a-7f3d959df0fa/sm/snapshot.1_0 time:6
2020-07-09 01:19:56,010 [4f159216-eef4-4234-82ad-645dd276908c@group-7F3D959DF0FA-StateMachineUpdater] INFO  impl.StateMachineUpdater (StateMachineUpdater.java:takeSnapshot(277)) - 4f159216-eef4-4234-82ad-645dd276908c@group-7F3D959DF0FA-StateMachineUpdater: Took a snapshot at index 0
2020-07-09 01:19:56,010 [4f159216-eef4-4234-82ad-645dd276908c@group-7F3D959DF0FA-StateMachineUpdater] INFO  impl.StateMachineUpdater (StateMachineUpdater.java:lambda$new$0(87)) - 4f159216-eef4-4234-82ad-645dd276908c@group-7F3D959DF0FA-StateMachineUpdater: snapshotIndex: updateIncreasingly -1 -> 0
2020-07-09 01:19:56,010 [4f159216-eef4-4234-82ad-645dd276908c@group-7F3D959DF0FA-StateMachineUpdater] INFO  metrics.RatisMetrics (RatisMetrics.java:unregister(43)) - Unregistering Metrics Registry : ratis.state_machine.4f159216-eef4-4234-82ad-645dd276908c@group-7F3D959DF0FA
2020-07-09 01:19:56,010 [ForkJoinPool.commonPool-worker-1] INFO  impl.RaftServerImpl (ServerState.java:close(387)) - 4f159216-eef4-4234-82ad-645dd276908c@group-7F3D959DF0FA: closes. applyIndex: 0
2020-07-09 01:19:56,010 [4f159216-eef4-4234-82ad-645dd276908c@group-7F3D959DF0FA-SegmentedRaftLogWorker] INFO  segmented.SegmentedRaftLogWorker (SegmentedRaftLogWorker.java:run(327)) - 4f159216-eef4-4234-82ad-645dd276908c@group-7F3D959DF0FA-SegmentedRaftLogWorker was interrupted, exiting. There are 0 tasks remaining in the queue.
2020-07-09 01:19:56,011 [ForkJoinPool.commonPool-worker-1] INFO  segmented.SegmentedRaftLogWorker (SegmentedRaftLogWorker.java:close(234)) - 4f159216-eef4-4234-82ad-645dd276908c@group-7F3D959DF0FA-SegmentedRaftLogWorker close()
2020-07-09 01:19:56,011 [4de64420-61f2-4826-b9c9-fe43ebf29f54@group-B75F79988D48-StateMachineUpdater] INFO  ratis.ContainerStateMachine (ContainerStateMachine.java:takeSnapshot(304)) - group-B75F79988D48: Finished taking a snapshot at:(t:1, i:0) file:/github/workspace/mnt/ozone/hadoop-ozone/integration-test/target/test-dir/MiniOzoneClusterImpl-513b5a01-9d99-4e7a-8fe1-3ea97a28e1a0/datanode-5/data/ratis/9383e73a-41af-40e3-9896-b75f79988d48/sm/snapshot.1_0 time:5
2020-07-09 01:19:56,011 [4de64420-61f2-4826-b9c9-fe43ebf29f54@group-B75F79988D48-StateMachineUpdater] INFO  impl.StateMachineUpdater (StateMachineUpdater.java:takeSnapshot(277)) - 4de64420-61f2-4826-b9c9-fe43ebf29f54@group-B75F79988D48-StateMachineUpdater: Took a snapshot at index 0
2020-07-09 01:19:56,012 [4de64420-61f2-4826-b9c9-fe43ebf29f54@group-B75F79988D48-StateMachineUpdater] INFO  impl.StateMachineUpdater (StateMachineUpdater.java:lambda$new$0(87)) - 4de64420-61f2-4826-b9c9-fe43ebf29f54@group-B75F79988D48-StateMachineUpdater: snapshotIndex: updateIncreasingly -1 -> 0
2020-07-09 01:19:56,012 [4de64420-61f2-4826-b9c9-fe43ebf29f54@group-B75F79988D48-StateMachineUpdater] INFO  metrics.RatisMetrics (RatisMetrics.java:unregister(43)) - Unregistering Metrics Registry : ratis.state_machine.4de64420-61f2-4826-b9c9-fe43ebf29f54@group-B75F79988D48
2020-07-09 01:19:56,013 [ForkJoinPool.commonPool-worker-1] INFO  metrics.RatisMetrics (RatisMetrics.java:unregister(43)) - Unregistering Metrics Registry : ratis.log_worker.4f159216-eef4-4234-82ad-645dd276908c@group-7F3D959DF0FA
2020-07-09 01:19:56,013 [ForkJoinPool.commonPool-worker-1] INFO  metrics.RatisMetrics (RatisMetrics.java:unregister(43)) - Unregistering Metrics Registry : ratis.leader_election.4f159216-eef4-4234-82ad-645dd276908c@group-7F3D959DF0FA
2020-07-09 01:19:56,013 [ForkJoinPool.commonPool-worker-1] INFO  metrics.RatisMetrics (RatisMetrics.java:unregister(43)) - Unregistering Metrics Registry : ratis.server.4f159216-eef4-4234-82ad-645dd276908c@group-7F3D959DF0FA
2020-07-09 01:19:56,013 [ForkJoinPool.commonPool-worker-1] INFO  impl.RaftServerImpl (RaftServerImpl.java:lambda$shutdown$3(252)) - 4f159216-eef4-4234-82ad-645dd276908c@group-B75F79988D48: shutdown
2020-07-09 01:19:56,013 [ForkJoinPool.commonPool-worker-1] INFO  util.JmxRegister (JmxRegister.java:unregister(73)) - Successfully un-registered JMX Bean with object name Ratis:service=RaftServer,group=group-B75F79988D48,id=4f159216-eef4-4234-82ad-645dd276908c
2020-07-09 01:19:56,013 [ForkJoinPool.commonPool-worker-1] INFO  impl.RoleInfo (RoleInfo.java:shutdownLeaderState(104)) - 4f159216-eef4-4234-82ad-645dd276908c: shutdown LeaderState
2020-07-09 01:19:56,013 [ForkJoinPool.commonPool-worker-1] INFO  metrics.RatisMetrics (RatisMetrics.java:unregister(43)) - Unregistering Metrics Registry : ratis_grpc.log_appender.4f159216-eef4-4234-82ad-645dd276908c@group-B75F79988D48
2020-07-09 01:19:56,014 [ForkJoinPool.commonPool-worker-1] INFO  metrics.RatisMetrics (RatisMetrics.java:unregister(43)) - Unregistering Metrics Registry : ratis_grpc.log_appender.4f159216-eef4-4234-82ad-645dd276908c@group-B75F79988D48
2020-07-09 01:19:56,014 [org.apache.ratis.server.impl.LogAppender$AppenderDaemon$$Lambda$435/835520085@42fa4da2] WARN  server.GrpcLogAppender (GrpcLogAppender.java:mayWait(153)) - 4f159216-eef4-4234-82ad-645dd276908c@group-B75F79988D48->c95b19f7-50b5-4904-962f-b689396cb015-GrpcLogAppender: Wait interrupted by java.lang.InterruptedException
2020-07-09 01:19:56,015 [Listener at 127.0.0.1/39385] INFO  impl.RaftServerImpl (ServerState.java:close(387)) - 4de64420-61f2-4826-b9c9-fe43ebf29f54@group-B75F79988D48: closes. applyIndex: 0
2020-07-09 01:19:56,015 [org.apache.ratis.server.impl.LogAppender$AppenderDaemon$$Lambda$435/835520085@2b5ac72] WARN  server.GrpcLogAppender (GrpcLogAppender.java:mayWait(153)) - 4f159216-eef4-4234-82ad-645dd276908c@group-B75F79988D48->4de64420-61f2-4826-b9c9-fe43ebf29f54-GrpcLogAppender: Wait interrupted by java.lang.InterruptedException
2020-07-09 01:19:56,015 [4de64420-61f2-4826-b9c9-fe43ebf29f54@group-B75F79988D48-SegmentedRaftLogWorker] INFO  segmented.SegmentedRaftLogWorker (SegmentedRaftLogWorker.java:run(327)) - 4de64420-61f2-4826-b9c9-fe43ebf29f54@group-B75F79988D48-SegmentedRaftLogWorker was interrupted, exiting. There are 0 tasks remaining in the queue.
2020-07-09 01:19:56,015 [ForkJoinPool.commonPool-worker-1] INFO  impl.PendingRequests (PendingRequests.java:sendNotLeaderResponses(249)) - 4f159216-eef4-4234-82ad-645dd276908c@group-B75F79988D48-PendingRequests: sendNotLeaderResponses
2020-07-09 01:19:56,015 [ForkJoinPool.commonPool-worker-1] INFO  metrics.RatisMetrics (RatisMetrics.java:unregister(43)) - Unregistering Metrics Registry : ratis.log_appender.4f159216-eef4-4234-82ad-645dd276908c@group-B75F79988D48
2020-07-09 01:19:56,015 [ForkJoinPool.commonPool-worker-1] INFO  metrics.RatisMetrics (RatisMetrics.java:unregister(43)) - Unregistering Metrics Registry : ratis.server.4f159216-eef4-4234-82ad-645dd276908c@group-B75F79988D48
2020-07-09 01:19:56,016 [grpc-default-executor-0] INFO  server.GrpcServerProtocolService (GrpcServerProtocolService.java:onCompleted(138)) - 4de64420-61f2-4826-b9c9-fe43ebf29f54: Completed APPEND_ENTRIES, lastRequest: 4f159216-eef4-4234-82ad-645dd276908c->4de64420-61f2-4826-b9c9-fe43ebf29f54#1-t1, previous=(t:0, i:0), leaderCommit=0, initializing? false, entries: size=1, first=(t:1, i:0), CONFIGURATIONENTRY
2020-07-09 01:19:56,016 [4f159216-eef4-4234-82ad-645dd276908c@group-B75F79988D48-StateMachineUpdater] INFO  ratis.ContainerStateMachine (ContainerStateMachine.java:takeSnapshot(293)) - group-B75F79988D48: Taking a snapshot at:(t:1, i:0) file /github/workspace/mnt/ozone/hadoop-ozone/integration-test/target/test-dir/MiniOzoneClusterImpl-513b5a01-9d99-4e7a-8fe1-3ea97a28e1a0/datanode-3/data/ratis/9383e73a-41af-40e3-9896-b75f79988d48/sm/snapshot.1_0
2020-07-09 01:19:56,016 [ForkJoinPool.commonPool-worker-1] INFO  impl.StateMachineUpdater (StateMachineUpdater.java:stopAndJoin(142)) - 4f159216-eef4-4234-82ad-645dd276908c@group-B75F79988D48-StateMachineUpdater: set stopIndex = 0
2020-07-09 01:19:56,016 [grpc-default-executor-3] INFO  server.GrpcLogAppender (GrpcLogAppender.java:onCompleted(319)) - 4f159216-eef4-4234-82ad-645dd276908c@group-B75F79988D48->4de64420-61f2-4826-b9c9-fe43ebf29f54-AppendLogResponseHandler: follower responses appendEntries COMPLETED
2020-07-09 01:19:56,017 [4f159216-eef4-4234-82ad-645dd276908c@group-B75F79988D48-StateMachineUpdater] INFO  ratis.ContainerStateMachine (ContainerStateMachine.java:takeSnapshot(304)) - group-B75F79988D48: Finished taking a snapshot at:(t:1, i:0) file:/github/workspace/mnt/ozone/hadoop-ozone/integration-test/target/test-dir/MiniOzoneClusterImpl-513b5a01-9d99-4e7a-8fe1-3ea97a28e1a0/datanode-3/data/ratis/9383e73a-41af-40e3-9896-b75f79988d48/sm/snapshot.1_0 time:1
2020-07-09 01:19:56,019 [4f159216-eef4-4234-82ad-645dd276908c@group-B75F79988D48-StateMachineUpdater] INFO  impl.StateMachineUpdater (StateMachineUpdater.java:takeSnapshot(277)) - 4f159216-eef4-4234-82ad-645dd276908c@group-B75F79988D48-StateMachineUpdater: Took a snapshot at index 0
2020-07-09 01:19:56,019 [4f159216-eef4-4234-82ad-645dd276908c@group-B75F79988D48-StateMachineUpdater] INFO  impl.StateMachineUpdater (StateMachineUpdater.java:lambda$new$0(87)) - 4f159216-eef4-4234-82ad-645dd276908c@group-B75F79988D48-StateMachineUpdater: snapshotIndex: updateIncreasingly -1 -> 0
2020-07-09 01:19:56,019 [4f159216-eef4-4234-82ad-645dd276908c@group-B75F79988D48-StateMachineUpdater] INFO  metrics.RatisMetrics (RatisMetrics.java:unregister(43)) - Unregistering Metrics Registry : ratis.state_machine.4f159216-eef4-4234-82ad-645dd276908c@group-B75F79988D48
2020-07-09 01:19:56,019 [grpc-default-executor-3] INFO  impl.FollowerInfo (FollowerInfo.java:lambda$new$0(51)) - 4f159216-eef4-4234-82ad-645dd276908c@group-B75F79988D48->4de64420-61f2-4826-b9c9-fe43ebf29f54: nextIndex: updateUnconditionally 1 -> 0
2020-07-09 01:19:56,019 [Listener at 127.0.0.1/39385] INFO  segmented.SegmentedRaftLogWorker (SegmentedRaftLogWorker.java:close(234)) - 4de64420-61f2-4826-b9c9-fe43ebf29f54@group-B75F79988D48-SegmentedRaftLogWorker close()
2020-07-09 01:19:56,019 [ForkJoinPool.commonPool-worker-1] INFO  impl.RaftServerImpl (ServerState.java:close(387)) - 4f159216-eef4-4234-82ad-645dd276908c@group-B75F79988D48: closes. applyIndex: 0
2020-07-09 01:19:56,020 [4f159216-eef4-4234-82ad-645dd276908c@group-B75F79988D48-SegmentedRaftLogWorker] INFO  segmented.SegmentedRaftLogWorker (SegmentedRaftLogWorker.java:run(327)) - 4f159216-eef4-4234-82ad-645dd276908c@group-B75F79988D48-SegmentedRaftLogWorker was interrupted, exiting. There are 0 tasks remaining in the queue.
2020-07-09 01:19:56,021 [ForkJoinPool.commonPool-worker-1] INFO  segmented.SegmentedRaftLogWorker (SegmentedRaftLogWorker.java:close(234)) - 4f159216-eef4-4234-82ad-645dd276908c@group-B75F79988D48-SegmentedRaftLogWorker close()
2020-07-09 01:19:56,021 [Listener at 127.0.0.1/39385] INFO  metrics.RatisMetrics (RatisMetrics.java:unregister(43)) - Unregistering Metrics Registry : ratis.log_worker.4de64420-61f2-4826-b9c9-fe43ebf29f54@group-B75F79988D48
2020-07-09 01:19:56,021 [Listener at 127.0.0.1/39385] INFO  metrics.RatisMetrics (RatisMetrics.java:unregister(43)) - Unregistering Metrics Registry : ratis.leader_election.4de64420-61f2-4826-b9c9-fe43ebf29f54@group-B75F79988D48
2020-07-09 01:19:56,021 [Listener at 127.0.0.1/39385] INFO  metrics.RatisMetrics (RatisMetrics.java:unregister(43)) - Unregistering Metrics Registry : ratis.server.4de64420-61f2-4826-b9c9-fe43ebf29f54@group-B75F79988D48
2020-07-09 01:19:56,021 [Listener at 127.0.0.1/39385] INFO  server.GrpcService (GrpcService.java:closeImpl(166)) - 4de64420-61f2-4826-b9c9-fe43ebf29f54: shutdown server with port 38165 now
2020-07-09 01:19:56,022 [Listener at 127.0.0.1/39385] INFO  server.GrpcService (GrpcService.java:closeImpl(174)) - 4de64420-61f2-4826-b9c9-fe43ebf29f54: shutdown server with port 38165 successfully
2020-07-09 01:19:56,023 [ForkJoinPool.commonPool-worker-1] INFO  metrics.RatisMetrics (RatisMetrics.java:unregister(43)) - Unregistering Metrics Registry : ratis.log_worker.4f159216-eef4-4234-82ad-645dd276908c@group-B75F79988D48
2020-07-09 01:19:56,023 [ForkJoinPool.commonPool-worker-1] INFO  metrics.RatisMetrics (RatisMetrics.java:unregister(43)) - Unregistering Metrics Registry : ratis.leader_election.4f159216-eef4-4234-82ad-645dd276908c@group-B75F79988D48
2020-07-09 01:19:56,024 [ForkJoinPool.commonPool-worker-1] INFO  metrics.RatisMetrics (RatisMetrics.java:unregister(43)) - Unregistering Metrics Registry : ratis.server.4f159216-eef4-4234-82ad-645dd276908c@group-B75F79988D48
2020-07-09 01:19:56,024 [Listener at 127.0.0.1/39385] INFO  utils.BackgroundService (BackgroundService.java:shutdown(157)) - Shutting down service BlockDeletingService
2020-07-09 01:19:56,024 [ForkJoinPool.commonPool-worker-1] INFO  server.GrpcService (GrpcService.java:closeImpl(166)) - 4f159216-eef4-4234-82ad-645dd276908c: shutdown server with port 41133 now
2020-07-09 01:19:56,026 [ForkJoinPool.commonPool-worker-1] INFO  server.GrpcService (GrpcService.java:closeImpl(174)) - 4f159216-eef4-4234-82ad-645dd276908c: shutdown server with port 41133 successfully
2020-07-09 01:19:56,027 [Listener at 127.0.0.1/39385] INFO  statemachine.DatanodeStateMachine (DatanodeStateMachine.java:stopDaemon(428)) - Ozone container server stopped.
2020-07-09 01:19:56,028 [ForkJoinPool.commonPool-worker-1] INFO  utils.BackgroundService (BackgroundService.java:shutdown(157)) - Shutting down service BlockDeletingService
2020-07-09 01:19:56,028 [Listener at 127.0.0.1/39385] INFO  handler.ContextHandler (ContextHandler.java:doStop(1016)) - Stopped o.e.j.w.WebAppContext@df0b348{hddsDatanode,/,null,UNAVAILABLE}{jar:file:/home/user/.m2/repository/org/apache/hadoop/hadoop-hdds-container-service/0.6.0-SNAPSHOT/hadoop-hdds-container-service-0.6.0-SNAPSHOT.jar!/webapps/hddsDatanode}
2020-07-09 01:19:56,030 [ForkJoinPool.commonPool-worker-1] INFO  statemachine.DatanodeStateMachine (DatanodeStateMachine.java:stopDaemon(428)) - Ozone container server stopped.
2020-07-09 01:19:56,030 [Listener at 127.0.0.1/39385] INFO  server.AbstractConnector (AbstractConnector.java:doStop(380)) - Stopped ServerConnector@6179551b{HTTP/1.1,[http/1.1]}{0.0.0.0:0}
2020-07-09 01:19:56,031 [Listener at 127.0.0.1/39385] INFO  server.session (HouseKeeper.java:stopScavenging(158)) - node0 Stopped scavenging
2020-07-09 01:19:56,032 [ForkJoinPool.commonPool-worker-1] INFO  handler.ContextHandler (ContextHandler.java:doStop(1016)) - Stopped o.e.j.w.WebAppContext@7786c2e0{hddsDatanode,/,null,UNAVAILABLE}{jar:file:/home/user/.m2/repository/org/apache/hadoop/hadoop-hdds-container-service/0.6.0-SNAPSHOT/hadoop-hdds-container-service-0.6.0-SNAPSHOT.jar!/webapps/hddsDatanode}
2020-07-09 01:19:56,035 [Listener at 127.0.0.1/39385] INFO  handler.ContextHandler (ContextHandler.java:doStop(1016)) - Stopped o.e.j.s.ServletContextHandler@2726b2f3{static,/static,jar:file:/home/user/.m2/repository/org/apache/hadoop/hadoop-hdds-container-service/0.6.0-SNAPSHOT/hadoop-hdds-container-service-0.6.0-SNAPSHOT.jar!/webapps/static,UNAVAILABLE}
2020-07-09 01:19:56,035 [ForkJoinPool.commonPool-worker-1] INFO  server.AbstractConnector (AbstractConnector.java:doStop(380)) - Stopped ServerConnector@6203f10f{HTTP/1.1,[http/1.1]}{0.0.0.0:0}
2020-07-09 01:19:56,035 [ForkJoinPool.commonPool-worker-1] INFO  server.session (HouseKeeper.java:stopScavenging(158)) - node0 Stopped scavenging
2020-07-09 01:19:56,035 [Listener at 127.0.0.1/39385] INFO  handler.ContextHandler (ContextHandler.java:doStop(1016)) - Stopped o.e.j.s.ServletContextHandler@2bb03136{logs,/logs,file:///github/workspace/mnt/ozone/hadoop-ozone/integration-test/target/log,UNAVAILABLE}
2020-07-09 01:19:56,036 [ForkJoinPool.commonPool-worker-1] INFO  handler.ContextHandler (ContextHandler.java:doStop(1016)) - Stopped o.e.j.s.ServletContextHandler@589cc8eb{static,/static,jar:file:/home/user/.m2/repository/org/apache/hadoop/hadoop-hdds-container-service/0.6.0-SNAPSHOT/hadoop-hdds-container-service-0.6.0-SNAPSHOT.jar!/webapps/static,UNAVAILABLE}
2020-07-09 01:19:56,040 [ForkJoinPool.commonPool-worker-1] INFO  handler.ContextHandler (ContextHandler.java:doStop(1016)) - Stopped o.e.j.s.ServletContextHandler@72b60be8{logs,/logs,file:///github/workspace/mnt/ozone/hadoop-ozone/integration-test/target/log,UNAVAILABLE}
2020-07-09 01:19:56,704 [Datanode State Machine Thread - 0] INFO  statemachine.DatanodeStateMachine (DatanodeStateMachine.java:lambda$startDaemon$0(380)) - Ozone container server started.
2020-07-09 01:19:56,717 [Datanode State Machine Thread - 0] INFO  statemachine.DatanodeStateMachine (DatanodeStateMachine.java:lambda$startDaemon$0(380)) - Ozone container server started.
2020-07-09 01:19:57,970 [grpc-default-executor-3] DEBUG server.GrpcLogAppender (GrpcLogAppender.java:onNext(257)) - 98f34e18-095d-41d7-a8c8-ef1510a34e6f@group-47F40364C92C->954078f0-2330-48dc-ab29-af631119e127-AppendLogResponseHandler: received a reply 98f34e18-095d-41d7-a8c8-ef1510a34e6f<-954078f0-2330-48dc-ab29-af631119e127#8:OK,SUCCESS,nextIndex:3,term:4,followerCommit:2, request=AppendEntriesRequest:cid=8,entriesCount=0,lastEntry=null
2020-07-09 01:19:57,979 [grpc-default-executor-3] DEBUG server.GrpcLogAppender (GrpcLogAppender.java:onNext(257)) - 98f34e18-095d-41d7-a8c8-ef1510a34e6f@group-47F40364C92C->83bd9611-6e96-48be-a1bb-e26ec6efad02-AppendLogResponseHandler: received a reply 98f34e18-095d-41d7-a8c8-ef1510a34e6f<-83bd9611-6e96-48be-a1bb-e26ec6efad02#11:OK,SUCCESS,nextIndex:3,term:4,followerCommit:2, request=AppendEntriesRequest:cid=11,entriesCount=0,lastEntry=null
2020-07-09 01:19:58,344 [grpc-default-executor-0] WARN  server.GrpcLogAppender (LogUtils.java:warn(122)) - 3bb671d4-7f90-4750-a753-fc4fc647587c@group-EDE382CE3E00->6364e981-304f-41bf-bc01-7b1ff98cc952-AppendLogResponseHandler: Failed appendEntries: org.apache.ratis.thirdparty.io.grpc.StatusRuntimeException: UNAVAILABLE: io exception
2020-07-09 01:19:58,346 [grpc-default-executor-0] INFO  impl.FollowerInfo (FollowerInfo.java:lambda$new$0(51)) - 3bb671d4-7f90-4750-a753-fc4fc647587c@group-EDE382CE3E00->6364e981-304f-41bf-bc01-7b1ff98cc952: nextIndex: updateUnconditionally 13 -> 12
2020-07-09 01:19:58,381 [grpc-default-executor-0] DEBUG server.GrpcLogAppender (GrpcLogAppender.java:onNext(257)) - 3bb671d4-7f90-4750-a753-fc4fc647587c@group-EDE382CE3E00->c506d153-aba5-44d6-9bcb-0e1026c6c6c2-AppendLogResponseHandler: received a reply 3bb671d4-7f90-4750-a753-fc4fc647587c<-c506d153-aba5-44d6-9bcb-0e1026c6c6c2#23:OK,SUCCESS,nextIndex:13,term:1,followerCommit:12, request=AppendEntriesRequest:cid=23,entriesCount=0,lastEntry=null
2020-07-09 01:20:00,473 [grpc-default-executor-0] DEBUG server.GrpcLogAppender (GrpcLogAppender.java:onNext(257)) - 98f34e18-095d-41d7-a8c8-ef1510a34e6f@group-47F40364C92C->954078f0-2330-48dc-ab29-af631119e127-AppendLogResponseHandler: received a reply 98f34e18-095d-41d7-a8c8-ef1510a34e6f<-954078f0-2330-48dc-ab29-af631119e127#9:OK,SUCCESS,nextIndex:3,term:4,followerCommit:2, request=AppendEntriesRequest:cid=9,entriesCount=0,lastEntry=null
2020-07-09 01:20:00,481 [grpc-default-executor-0] DEBUG server.GrpcLogAppender (GrpcLogAppender.java:onNext(257)) - 98f34e18-095d-41d7-a8c8-ef1510a34e6f@group-47F40364C92C->83bd9611-6e96-48be-a1bb-e26ec6efad02-AppendLogResponseHandler: received a reply 98f34e18-095d-41d7-a8c8-ef1510a34e6f<-83bd9611-6e96-48be-a1bb-e26ec6efad02#12:OK,SUCCESS,nextIndex:3,term:4,followerCommit:2, request=AppendEntriesRequest:cid=12,entriesCount=0,lastEntry=null
2020-07-09 01:20:00,846 [grpc-default-executor-3] WARN  server.GrpcLogAppender (LogUtils.java:warn(122)) - 3bb671d4-7f90-4750-a753-fc4fc647587c@group-EDE382CE3E00->6364e981-304f-41bf-bc01-7b1ff98cc952-AppendLogResponseHandler: Failed appendEntries: org.apache.ratis.thirdparty.io.grpc.StatusRuntimeException: UNAVAILABLE: io exception
2020-07-09 01:20:00,848 [grpc-default-executor-3] INFO  impl.FollowerInfo (FollowerInfo.java:lambda$new$0(51)) - 3bb671d4-7f90-4750-a753-fc4fc647587c@group-EDE382CE3E00->6364e981-304f-41bf-bc01-7b1ff98cc952: nextIndex: updateUnconditionally 13 -> 12
2020-07-09 01:20:00,883 [grpc-default-executor-3] DEBUG server.GrpcLogAppender (GrpcLogAppender.java:onNext(257)) - 3bb671d4-7f90-4750-a753-fc4fc647587c@group-EDE382CE3E00->c506d153-aba5-44d6-9bcb-0e1026c6c6c2-AppendLogResponseHandler: received a reply 3bb671d4-7f90-4750-a753-fc4fc647587c<-c506d153-aba5-44d6-9bcb-0e1026c6c6c2#24:OK,SUCCESS,nextIndex:13,term:1,followerCommit:12, request=AppendEntriesRequest:cid=24,entriesCount=0,lastEntry=null
2020-07-09 01:20:01,041 [Listener at 127.0.0.1/39385] INFO  ozoneimpl.OzoneContainer (OzoneContainer.java:stop(246)) - Attempting to stop container services.
2020-07-09 01:20:01,042 [Listener at 127.0.0.1/39385] INFO  impl.RaftServerProxy (RaftServerProxy.java:lambda$close$4(319)) - 954078f0-2330-48dc-ab29-af631119e127: close
2020-07-09 01:20:01,042 [Listener at 127.0.0.1/39385] INFO  impl.RaftServerImpl (RaftServerImpl.java:lambda$shutdown$3(252)) - 954078f0-2330-48dc-ab29-af631119e127@group-7E8E1064F426: shutdown
2020-07-09 01:20:01,042 [Listener at 127.0.0.1/39385] INFO  util.JmxRegister (JmxRegister.java:unregister(73)) - Successfully un-registered JMX Bean with object name Ratis:service=RaftServer,group=group-7E8E1064F426,id=954078f0-2330-48dc-ab29-af631119e127
2020-07-09 01:20:01,042 [ForkJoinPool.commonPool-worker-1] INFO  ozoneimpl.OzoneContainer (OzoneContainer.java:stop(246)) - Attempting to stop container services.
2020-07-09 01:20:01,042 [Listener at 127.0.0.1/39385] INFO  impl.RoleInfo (RoleInfo.java:shutdownLeaderState(104)) - 954078f0-2330-48dc-ab29-af631119e127: shutdown LeaderState
2020-07-09 01:20:01,043 [Listener at 127.0.0.1/39385] INFO  impl.PendingRequests (PendingRequests.java:sendNotLeaderResponses(249)) - 954078f0-2330-48dc-ab29-af631119e127@group-7E8E1064F426-PendingRequests: sendNotLeaderResponses
2020-07-09 01:20:01,043 [ForkJoinPool.commonPool-worker-1] INFO  impl.RaftServerProxy (RaftServerProxy.java:lambda$close$4(319)) - c506d153-aba5-44d6-9bcb-0e1026c6c6c2: close
2020-07-09 01:20:01,044 [ForkJoinPool.commonPool-worker-1] INFO  impl.RaftServerImpl (RaftServerImpl.java:lambda$shutdown$3(252)) - c506d153-aba5-44d6-9bcb-0e1026c6c6c2@group-319BACB3A4E2: shutdown
2020-07-09 01:20:01,044 [Listener at 127.0.0.1/39385] INFO  metrics.RatisMetrics (RatisMetrics.java:unregister(43)) - Unregistering Metrics Registry : ratis.log_appender.954078f0-2330-48dc-ab29-af631119e127@group-7E8E1064F426
2020-07-09 01:20:01,044 [ForkJoinPool.commonPool-worker-1] INFO  util.JmxRegister (JmxRegister.java:unregister(73)) - Successfully un-registered JMX Bean with object name Ratis:service=RaftServer,group=group-319BACB3A4E2,id=c506d153-aba5-44d6-9bcb-0e1026c6c6c2
2020-07-09 01:20:01,045 [ForkJoinPool.commonPool-worker-1] INFO  impl.RoleInfo (RoleInfo.java:shutdownLeaderState(104)) - c506d153-aba5-44d6-9bcb-0e1026c6c6c2: shutdown LeaderState
2020-07-09 01:20:01,044 [Listener at 127.0.0.1/39385] INFO  metrics.RatisMetrics (RatisMetrics.java:unregister(43)) - Unregistering Metrics Registry : ratis.server.954078f0-2330-48dc-ab29-af631119e127@group-7E8E1064F426
2020-07-09 01:20:01,045 [ForkJoinPool.commonPool-worker-1] INFO  impl.PendingRequests (PendingRequests.java:sendNotLeaderResponses(249)) - c506d153-aba5-44d6-9bcb-0e1026c6c6c2@group-319BACB3A4E2-PendingRequests: sendNotLeaderResponses
2020-07-09 01:20:01,045 [ForkJoinPool.commonPool-worker-1] INFO  metrics.RatisMetrics (RatisMetrics.java:unregister(43)) - Unregistering Metrics Registry : ratis.log_appender.c506d153-aba5-44d6-9bcb-0e1026c6c6c2@group-319BACB3A4E2
2020-07-09 01:20:01,045 [ForkJoinPool.commonPool-worker-1] INFO  metrics.RatisMetrics (RatisMetrics.java:unregister(43)) - Unregistering Metrics Registry : ratis.server.c506d153-aba5-44d6-9bcb-0e1026c6c6c2@group-319BACB3A4E2
2020-07-09 01:20:01,046 [954078f0-2330-48dc-ab29-af631119e127@group-7E8E1064F426-StateMachineUpdater] INFO  ratis.ContainerStateMachine (ContainerStateMachine.java:takeSnapshot(293)) - group-7E8E1064F426: Taking a snapshot at:(t:1, i:0) file /github/workspace/mnt/ozone/hadoop-ozone/integration-test/target/test-dir/MiniOzoneClusterImpl-513b5a01-9d99-4e7a-8fe1-3ea97a28e1a0/datanode-7/data/ratis/e077453d-14df-41e0-b93b-7e8e1064f426/sm/snapshot.1_0
2020-07-09 01:20:01,046 [c506d153-aba5-44d6-9bcb-0e1026c6c6c2@group-319BACB3A4E2-StateMachineUpdater] INFO  ratis.ContainerStateMachine (ContainerStateMachine.java:takeSnapshot(293)) - group-319BACB3A4E2: Taking a snapshot at:(t:1, i:0) file /github/workspace/mnt/ozone/hadoop-ozone/integration-test/target/test-dir/MiniOzoneClusterImpl-513b5a01-9d99-4e7a-8fe1-3ea97a28e1a0/datanode-0/data/ratis/4b8c1ffb-8e05-4429-b364-319bacb3a4e2/sm/snapshot.1_0
2020-07-09 01:20:01,046 [Listener at 127.0.0.1/39385] INFO  impl.StateMachineUpdater (StateMachineUpdater.java:stopAndJoin(142)) - 954078f0-2330-48dc-ab29-af631119e127@group-7E8E1064F426-StateMachineUpdater: set stopIndex = 0
2020-07-09 01:20:01,047 [954078f0-2330-48dc-ab29-af631119e127@group-7E8E1064F426-StateMachineUpdater] INFO  ratis.ContainerStateMachine (ContainerStateMachine.java:takeSnapshot(304)) - group-7E8E1064F426: Finished taking a snapshot at:(t:1, i:0) file:/github/workspace/mnt/ozone/hadoop-ozone/integration-test/target/test-dir/MiniOzoneClusterImpl-513b5a01-9d99-4e7a-8fe1-3ea97a28e1a0/datanode-7/data/ratis/e077453d-14df-41e0-b93b-7e8e1064f426/sm/snapshot.1_0 time:1
2020-07-09 01:20:01,047 [c506d153-aba5-44d6-9bcb-0e1026c6c6c2@group-319BACB3A4E2-StateMachineUpdater] INFO  ratis.ContainerStateMachine (ContainerStateMachine.java:takeSnapshot(304)) - group-319BACB3A4E2: Finished taking a snapshot at:(t:1, i:0) file:/github/workspace/mnt/ozone/hadoop-ozone/integration-test/target/test-dir/MiniOzoneClusterImpl-513b5a01-9d99-4e7a-8fe1-3ea97a28e1a0/datanode-0/data/ratis/4b8c1ffb-8e05-4429-b364-319bacb3a4e2/sm/snapshot.1_0 time:1
2020-07-09 01:20:01,047 [954078f0-2330-48dc-ab29-af631119e127@group-7E8E1064F426-StateMachineUpdater] INFO  impl.StateMachineUpdater (StateMachineUpdater.java:takeSnapshot(277)) - 954078f0-2330-48dc-ab29-af631119e127@group-7E8E1064F426-StateMachineUpdater: Took a snapshot at index 0
2020-07-09 01:20:01,047 [954078f0-2330-48dc-ab29-af631119e127@group-7E8E1064F426-StateMachineUpdater] INFO  impl.StateMachineUpdater (StateMachineUpdater.java:lambda$new$0(87)) - 954078f0-2330-48dc-ab29-af631119e127@group-7E8E1064F426-StateMachineUpdater: snapshotIndex: updateIncreasingly -1 -> 0
2020-07-09 01:20:01,047 [c506d153-aba5-44d6-9bcb-0e1026c6c6c2@group-319BACB3A4E2-StateMachineUpdater] INFO  impl.StateMachineUpdater (StateMachineUpdater.java:takeSnapshot(277)) - c506d153-aba5-44d6-9bcb-0e1026c6c6c2@group-319BACB3A4E2-StateMachineUpdater: Took a snapshot at index 0
2020-07-09 01:20:01,047 [c506d153-aba5-44d6-9bcb-0e1026c6c6c2@group-319BACB3A4E2-StateMachineUpdater] INFO  impl.StateMachineUpdater (StateMachineUpdater.java:lambda$new$0(87)) - c506d153-aba5-44d6-9bcb-0e1026c6c6c2@group-319BACB3A4E2-StateMachineUpdater: snapshotIndex: updateIncreasingly -1 -> 0
2020-07-09 01:20:01,047 [954078f0-2330-48dc-ab29-af631119e127@group-7E8E1064F426-StateMachineUpdater] INFO  metrics.RatisMetrics (RatisMetrics.java:unregister(43)) - Unregistering Metrics Registry : ratis.state_machine.954078f0-2330-48dc-ab29-af631119e127@group-7E8E1064F426
2020-07-09 01:20:01,047 [c506d153-aba5-44d6-9bcb-0e1026c6c6c2@group-319BACB3A4E2-StateMachineUpdater] INFO  metrics.RatisMetrics (RatisMetrics.java:unregister(43)) - Unregistering Metrics Registry : ratis.state_machine.c506d153-aba5-44d6-9bcb-0e1026c6c6c2@group-319BACB3A4E2
2020-07-09 01:20:01,046 [ForkJoinPool.commonPool-worker-1] INFO  impl.StateMachineUpdater (StateMachineUpdater.java:stopAndJoin(142)) - c506d153-aba5-44d6-9bcb-0e1026c6c6c2@group-319BACB3A4E2-StateMachineUpdater: set stopIndex = 0
2020-07-09 01:20:01,048 [ForkJoinPool.commonPool-worker-1] INFO  impl.RaftServerImpl (ServerState.java:close(387)) - c506d153-aba5-44d6-9bcb-0e1026c6c6c2@group-319BACB3A4E2: closes. applyIndex: 0
2020-07-09 01:20:01,048 [Listener at 127.0.0.1/39385] INFO  impl.RaftServerImpl (ServerState.java:close(387)) - 954078f0-2330-48dc-ab29-af631119e127@group-7E8E1064F426: closes. applyIndex: 0
2020-07-09 01:20:01,048 [c506d153-aba5-44d6-9bcb-0e1026c6c6c2@group-319BACB3A4E2-SegmentedRaftLogWorker] INFO  segmented.SegmentedRaftLogWorker (SegmentedRaftLogWorker.java:run(327)) - c506d153-aba5-44d6-9bcb-0e1026c6c6c2@group-319BACB3A4E2-SegmentedRaftLogWorker was interrupted, exiting. There are 0 tasks remaining in the queue.
2020-07-09 01:20:01,049 [954078f0-2330-48dc-ab29-af631119e127@group-7E8E1064F426-SegmentedRaftLogWorker] INFO  segmented.SegmentedRaftLogWorker (SegmentedRaftLogWorker.java:run(327)) - 954078f0-2330-48dc-ab29-af631119e127@group-7E8E1064F426-SegmentedRaftLogWorker was interrupted, exiting. There are 0 tasks remaining in the queue.
2020-07-09 01:20:01,050 [ForkJoinPool.commonPool-worker-1] INFO  segmented.SegmentedRaftLogWorker (SegmentedRaftLogWorker.java:close(234)) - c506d153-aba5-44d6-9bcb-0e1026c6c6c2@group-319BACB3A4E2-SegmentedRaftLogWorker close()
2020-07-09 01:20:01,050 [Listener at 127.0.0.1/39385] INFO  segmented.SegmentedRaftLogWorker (SegmentedRaftLogWorker.java:close(234)) - 954078f0-2330-48dc-ab29-af631119e127@group-7E8E1064F426-SegmentedRaftLogWorker close()
2020-07-09 01:20:01,051 [ForkJoinPool.commonPool-worker-1] INFO  metrics.RatisMetrics (RatisMetrics.java:unregister(43)) - Unregistering Metrics Registry : ratis.log_worker.c506d153-aba5-44d6-9bcb-0e1026c6c6c2@group-319BACB3A4E2
2020-07-09 01:20:01,054 [ForkJoinPool.commonPool-worker-1] INFO  metrics.RatisMetrics (RatisMetrics.java:unregister(43)) - Unregistering Metrics Registry : ratis.leader_election.c506d153-aba5-44d6-9bcb-0e1026c6c6c2@group-319BACB3A4E2
2020-07-09 01:20:01,054 [ForkJoinPool.commonPool-worker-1] INFO  metrics.RatisMetrics (RatisMetrics.java:unregister(43)) - Unregistering Metrics Registry : ratis.server.c506d153-aba5-44d6-9bcb-0e1026c6c6c2@group-319BACB3A4E2
2020-07-09 01:20:01,054 [ForkJoinPool.commonPool-worker-1] INFO  impl.RaftServerImpl (RaftServerImpl.java:lambda$shutdown$3(252)) - c506d153-aba5-44d6-9bcb-0e1026c6c6c2@group-EDE382CE3E00: shutdown
2020-07-09 01:20:01,054 [ForkJoinPool.commonPool-worker-1] INFO  util.JmxRegister (JmxRegister.java:unregister(73)) - Successfully un-registered JMX Bean with object name Ratis:service=RaftServer,group=group-EDE382CE3E00,id=c506d153-aba5-44d6-9bcb-0e1026c6c6c2
2020-07-09 01:20:01,054 [ForkJoinPool.commonPool-worker-1] INFO  impl.RoleInfo (RoleInfo.java:shutdownFollowerState(121)) - c506d153-aba5-44d6-9bcb-0e1026c6c6c2: shutdown FollowerState
2020-07-09 01:20:01,054 [Thread-317] INFO  impl.FollowerState (FollowerState.java:run(117)) - c506d153-aba5-44d6-9bcb-0e1026c6c6c2@group-EDE382CE3E00-FollowerState was interrupted: java.lang.InterruptedException: sleep interrupted
2020-07-09 01:20:01,055 [c506d153-aba5-44d6-9bcb-0e1026c6c6c2@group-EDE382CE3E00-StateMachineUpdater] INFO  ratis.ContainerStateMachine (ContainerStateMachine.java:takeSnapshot(293)) - group-EDE382CE3E00: Taking a snapshot at:(t:1, i:12) file /github/workspace/mnt/ozone/hadoop-ozone/integration-test/target/test-dir/MiniOzoneClusterImpl-513b5a01-9d99-4e7a-8fe1-3ea97a28e1a0/datanode-0/data/ratis/e2c8be27-5b87-40ea-b7f7-ede382ce3e00/sm/snapshot.1_12
2020-07-09 01:20:01,055 [ForkJoinPool.commonPool-worker-1] INFO  impl.StateMachineUpdater (StateMachineUpdater.java:stopAndJoin(142)) - c506d153-aba5-44d6-9bcb-0e1026c6c6c2@group-EDE382CE3E00-StateMachineUpdater: set stopIndex = 12
2020-07-09 01:20:01,059 [c506d153-aba5-44d6-9bcb-0e1026c6c6c2@group-EDE382CE3E00-StateMachineUpdater] INFO  ratis.ContainerStateMachine (ContainerStateMachine.java:takeSnapshot(304)) - group-EDE382CE3E00: Finished taking a snapshot at:(t:1, i:12) file:/github/workspace/mnt/ozone/hadoop-ozone/integration-test/target/test-dir/MiniOzoneClusterImpl-513b5a01-9d99-4e7a-8fe1-3ea97a28e1a0/datanode-0/data/ratis/e2c8be27-5b87-40ea-b7f7-ede382ce3e00/sm/snapshot.1_12 time:4
2020-07-09 01:20:01,059 [c506d153-aba5-44d6-9bcb-0e1026c6c6c2@group-EDE382CE3E00-StateMachineUpdater] INFO  impl.StateMachineUpdater (StateMachineUpdater.java:takeSnapshot(277)) - c506d153-aba5-44d6-9bcb-0e1026c6c6c2@group-EDE382CE3E00-StateMachineUpdater: Took a snapshot at index 12
2020-07-09 01:20:01,060 [c506d153-aba5-44d6-9bcb-0e1026c6c6c2@group-EDE382CE3E00-StateMachineUpdater] INFO  impl.StateMachineUpdater (StateMachineUpdater.java:lambda$new$0(87)) - c506d153-aba5-44d6-9bcb-0e1026c6c6c2@group-EDE382CE3E00-StateMachineUpdater: snapshotIndex: updateIncreasingly -1 -> 12
2020-07-09 01:20:01,060 [c506d153-aba5-44d6-9bcb-0e1026c6c6c2@group-EDE382CE3E00-StateMachineUpdater] INFO  metrics.RatisMetrics (RatisMetrics.java:unregister(43)) - Unregistering Metrics Registry : ratis.state_machine.c506d153-aba5-44d6-9bcb-0e1026c6c6c2@group-EDE382CE3E00
2020-07-09 01:20:01,060 [ForkJoinPool.commonPool-worker-1] INFO  impl.RaftServerImpl (ServerState.java:close(387)) - c506d153-aba5-44d6-9bcb-0e1026c6c6c2@group-EDE382CE3E00: closes. applyIndex: 12
2020-07-09 01:20:01,060 [c506d153-aba5-44d6-9bcb-0e1026c6c6c2@group-EDE382CE3E00-SegmentedRaftLogWorker] INFO  segmented.SegmentedRaftLogWorker (SegmentedRaftLogWorker.java:run(327)) - c506d153-aba5-44d6-9bcb-0e1026c6c6c2@group-EDE382CE3E00-SegmentedRaftLogWorker was interrupted, exiting. There are 0 tasks remaining in the queue.
2020-07-09 01:20:01,060 [ForkJoinPool.commonPool-worker-1] INFO  segmented.SegmentedRaftLogWorker (SegmentedRaftLogWorker.java:close(234)) - c506d153-aba5-44d6-9bcb-0e1026c6c6c2@group-EDE382CE3E00-SegmentedRaftLogWorker close()
2020-07-09 01:20:01,061 [Listener at 127.0.0.1/39385] INFO  metrics.RatisMetrics (RatisMetrics.java:unregister(43)) - Unregistering Metrics Registry : ratis.log_worker.954078f0-2330-48dc-ab29-af631119e127@group-7E8E1064F426
2020-07-09 01:20:01,061 [Listener at 127.0.0.1/39385] INFO  metrics.RatisMetrics (RatisMetrics.java:unregister(43)) - Unregistering Metrics Registry : ratis.leader_election.954078f0-2330-48dc-ab29-af631119e127@group-7E8E1064F426
2020-07-09 01:20:01,061 [Listener at 127.0.0.1/39385] INFO  metrics.RatisMetrics (RatisMetrics.java:unregister(43)) - Unregistering Metrics Registry : ratis.server.954078f0-2330-48dc-ab29-af631119e127@group-7E8E1064F426
2020-07-09 01:20:01,061 [Listener at 127.0.0.1/39385] INFO  impl.RaftServerImpl (RaftServerImpl.java:lambda$shutdown$3(252)) - 954078f0-2330-48dc-ab29-af631119e127@group-47F40364C92C: shutdown
2020-07-09 01:20:01,061 [Listener at 127.0.0.1/39385] INFO  util.JmxRegister (JmxRegister.java:unregister(73)) - Successfully un-registered JMX Bean with object name Ratis:service=RaftServer,group=group-47F40364C92C,id=954078f0-2330-48dc-ab29-af631119e127
2020-07-09 01:20:01,062 [Listener at 127.0.0.1/39385] INFO  impl.RoleInfo (RoleInfo.java:shutdownFollowerState(121)) - 954078f0-2330-48dc-ab29-af631119e127: shutdown FollowerState
2020-07-09 01:20:01,062 [Thread-410] INFO  impl.FollowerState (FollowerState.java:run(117)) - 954078f0-2330-48dc-ab29-af631119e127@group-47F40364C92C-FollowerState was interrupted: java.lang.InterruptedException: sleep interrupted
2020-07-09 01:20:01,062 [Listener at 127.0.0.1/39385] INFO  impl.StateMachineUpdater (StateMachineUpdater.java:stopAndJoin(142)) - 954078f0-2330-48dc-ab29-af631119e127@group-47F40364C92C-StateMachineUpdater: set stopIndex = 2
2020-07-09 01:20:01,062 [954078f0-2330-48dc-ab29-af631119e127@group-47F40364C92C-StateMachineUpdater] INFO  ratis.ContainerStateMachine (ContainerStateMachine.java:takeSnapshot(293)) - group-47F40364C92C: Taking a snapshot at:(t:4, i:2) file /github/workspace/mnt/ozone/hadoop-ozone/integration-test/target/test-dir/MiniOzoneClusterImpl-513b5a01-9d99-4e7a-8fe1-3ea97a28e1a0/datanode-7/data/ratis/4130ba38-13b2-4571-bced-47f40364c92c/sm/snapshot.4_2
2020-07-09 01:20:01,063 [954078f0-2330-48dc-ab29-af631119e127@group-47F40364C92C-StateMachineUpdater] INFO  ratis.ContainerStateMachine (ContainerStateMachine.java:takeSnapshot(304)) - group-47F40364C92C: Finished taking a snapshot at:(t:4, i:2) file:/github/workspace/mnt/ozone/hadoop-ozone/integration-test/target/test-dir/MiniOzoneClusterImpl-513b5a01-9d99-4e7a-8fe1-3ea97a28e1a0/datanode-7/data/ratis/4130ba38-13b2-4571-bced-47f40364c92c/sm/snapshot.4_2 time:1
2020-07-09 01:20:01,063 [ForkJoinPool.commonPool-worker-1] INFO  metrics.RatisMetrics (RatisMetrics.java:unregister(43)) - Unregistering Metrics Registry : ratis.log_worker.c506d153-aba5-44d6-9bcb-0e1026c6c6c2@group-EDE382CE3E00
2020-07-09 01:20:01,063 [954078f0-2330-48dc-ab29-af631119e127@group-47F40364C92C-StateMachineUpdater] INFO  impl.StateMachineUpdater (StateMachineUpdater.java:takeSnapshot(277)) - 954078f0-2330-48dc-ab29-af631119e127@group-47F40364C92C-StateMachineUpdater: Took a snapshot at index 2
2020-07-09 01:20:01,063 [ForkJoinPool.commonPool-worker-1] INFO  metrics.RatisMetrics (RatisMetrics.java:unregister(43)) - Unregistering Metrics Registry : ratis.leader_election.c506d153-aba5-44d6-9bcb-0e1026c6c6c2@group-EDE382CE3E00
2020-07-09 01:20:01,063 [954078f0-2330-48dc-ab29-af631119e127@group-47F40364C92C-StateMachineUpdater] INFO  impl.StateMachineUpdater (StateMachineUpdater.java:lambda$new$0(87)) - 954078f0-2330-48dc-ab29-af631119e127@group-47F40364C92C-StateMachineUpdater: snapshotIndex: updateIncreasingly -1 -> 2
2020-07-09 01:20:01,063 [ForkJoinPool.commonPool-worker-1] INFO  metrics.RatisMetrics (RatisMetrics.java:unregister(43)) - Unregistering Metrics Registry : ratis.server.c506d153-aba5-44d6-9bcb-0e1026c6c6c2@group-EDE382CE3E00
2020-07-09 01:20:01,063 [ForkJoinPool.commonPool-worker-1] INFO  server.GrpcService (GrpcService.java:closeImpl(166)) - c506d153-aba5-44d6-9bcb-0e1026c6c6c2: shutdown server with port 41753 now
2020-07-09 01:20:01,063 [954078f0-2330-48dc-ab29-af631119e127@group-47F40364C92C-StateMachineUpdater] INFO  metrics.RatisMetrics (RatisMetrics.java:unregister(43)) - Unregistering Metrics Registry : ratis.state_machine.954078f0-2330-48dc-ab29-af631119e127@group-47F40364C92C
2020-07-09 01:20:01,064 [Listener at 127.0.0.1/39385] INFO  impl.RaftServerImpl (ServerState.java:close(387)) - 954078f0-2330-48dc-ab29-af631119e127@group-47F40364C92C: closes. applyIndex: 2
2020-07-09 01:20:01,064 [954078f0-2330-48dc-ab29-af631119e127@group-47F40364C92C-SegmentedRaftLogWorker] INFO  segmented.SegmentedRaftLogWorker (SegmentedRaftLogWorker.java:run(327)) - 954078f0-2330-48dc-ab29-af631119e127@group-47F40364C92C-SegmentedRaftLogWorker was interrupted, exiting. There are 0 tasks remaining in the queue.
2020-07-09 01:20:01,064 [Listener at 127.0.0.1/39385] INFO  segmented.SegmentedRaftLogWorker (SegmentedRaftLogWorker.java:close(234)) - 954078f0-2330-48dc-ab29-af631119e127@group-47F40364C92C-SegmentedRaftLogWorker close()
2020-07-09 01:20:01,065 [Listener at 127.0.0.1/39385] INFO  metrics.RatisMetrics (RatisMetrics.java:unregister(43)) - Unregistering Metrics Registry : ratis.log_worker.954078f0-2330-48dc-ab29-af631119e127@group-47F40364C92C
2020-07-09 01:20:01,065 [Listener at 127.0.0.1/39385] INFO  metrics.RatisMetrics (RatisMetrics.java:unregister(43)) - Unregistering Metrics Registry : ratis.leader_election.954078f0-2330-48dc-ab29-af631119e127@group-47F40364C92C
2020-07-09 01:20:01,066 [Listener at 127.0.0.1/39385] INFO  metrics.RatisMetrics (RatisMetrics.java:unregister(43)) - Unregistering Metrics Registry : ratis.server.954078f0-2330-48dc-ab29-af631119e127@group-47F40364C92C
2020-07-09 01:20:01,066 [Listener at 127.0.0.1/39385] INFO  server.GrpcService (GrpcService.java:closeImpl(166)) - 954078f0-2330-48dc-ab29-af631119e127: shutdown server with port 33459 now
2020-07-09 01:20:01,066 [ForkJoinPool.commonPool-worker-1] INFO  server.GrpcService (GrpcService.java:closeImpl(174)) - c506d153-aba5-44d6-9bcb-0e1026c6c6c2: shutdown server with port 41753 successfully
2020-07-09 01:20:01,067 [ForkJoinPool.commonPool-worker-1] INFO  utils.BackgroundService (BackgroundService.java:shutdown(157)) - Shutting down service BlockDeletingService
2020-07-09 01:20:01,067 [grpc-default-executor-2] WARN  server.GrpcLogAppender (LogUtils.java:warn(122)) - 3bb671d4-7f90-4750-a753-fc4fc647587c@group-EDE382CE3E00->c506d153-aba5-44d6-9bcb-0e1026c6c6c2-AppendLogResponseHandler: Failed appendEntries: org.apache.ratis.thirdparty.io.grpc.StatusRuntimeException: CANCELLED: HTTP/2 error code: CANCEL
Received Rst Stream
2020-07-09 01:20:01,067 [grpc-default-executor-0] WARN  server.GrpcServerProtocolService (LogUtils.java:warn(122)) - c506d153-aba5-44d6-9bcb-0e1026c6c6c2: installSnapshot onError, lastRequest: 3bb671d4-7f90-4750-a753-fc4fc647587c->c506d153-aba5-44d6-9bcb-0e1026c6c6c2#18-t1, previous=(t:1, i:11), leaderCommit=6, initializing? false, entries: size=1, first=(t:1, i:12), METADATAENTRY(c:6): org.apache.ratis.thirdparty.io.grpc.StatusRuntimeException: CANCELLED: cancelled before receiving half close
2020-07-09 01:20:01,074 [grpc-default-executor-2] INFO  impl.FollowerInfo (FollowerInfo.java:lambda$new$0(51)) - 3bb671d4-7f90-4750-a753-fc4fc647587c@group-EDE382CE3E00->c506d153-aba5-44d6-9bcb-0e1026c6c6c2: nextIndex: updateUnconditionally 13 -> 12
2020-07-09 01:20:01,076 [ForkJoinPool.commonPool-worker-1] INFO  statemachine.DatanodeStateMachine (DatanodeStateMachine.java:stopDaemon(428)) - Ozone container server stopped.
2020-07-09 01:20:01,076 [grpc-default-executor-2] WARN  server.GrpcServerProtocolService (LogUtils.java:warn(122)) - 954078f0-2330-48dc-ab29-af631119e127: installSnapshot onError, lastRequest: 98f34e18-095d-41d7-a8c8-ef1510a34e6f->954078f0-2330-48dc-ab29-af631119e127#2-t4, previous=(t:4, i:1), leaderCommit=1, initializing? false, entries: size=1, first=(t:4, i:2), METADATAENTRY(c:1): org.apache.ratis.thirdparty.io.grpc.StatusRuntimeException: CANCELLED: cancelled before receiving half close
2020-07-09 01:20:01,078 [ForkJoinPool.commonPool-worker-1] INFO  handler.ContextHandler (ContextHandler.java:doStop(1016)) - Stopped o.e.j.w.WebAppContext@4d6f951a{hddsDatanode,/,null,UNAVAILABLE}{jar:file:/home/user/.m2/repository/org/apache/hadoop/hadoop-hdds-container-service/0.6.0-SNAPSHOT/hadoop-hdds-container-service-0.6.0-SNAPSHOT.jar!/webapps/hddsDatanode}
2020-07-09 01:20:01,079 [grpc-default-executor-0] WARN  server.GrpcLogAppender (LogUtils.java:warn(122)) - 98f34e18-095d-41d7-a8c8-ef1510a34e6f@group-47F40364C92C->954078f0-2330-48dc-ab29-af631119e127-AppendLogResponseHandler: Failed appendEntries: org.apache.ratis.thirdparty.io.grpc.StatusRuntimeException: CANCELLED: HTTP/2 error code: CANCEL
Received Rst Stream
2020-07-09 01:20:01,079 [Listener at 127.0.0.1/39385] INFO  server.GrpcService (GrpcService.java:closeImpl(174)) - 954078f0-2330-48dc-ab29-af631119e127: shutdown server with port 33459 successfully
2020-07-09 01:20:01,080 [grpc-default-executor-0] INFO  impl.FollowerInfo (FollowerInfo.java:lambda$new$0(51)) - 98f34e18-095d-41d7-a8c8-ef1510a34e6f@group-47F40364C92C->954078f0-2330-48dc-ab29-af631119e127: nextIndex: updateUnconditionally 3 -> 2
2020-07-09 01:20:01,081 [ForkJoinPool.commonPool-worker-1] INFO  server.AbstractConnector (AbstractConnector.java:doStop(380)) - Stopped ServerConnector@44b99467{HTTP/1.1,[http/1.1]}{0.0.0.0:0}
2020-07-09 01:20:01,081 [ForkJoinPool.commonPool-worker-1] INFO  server.session (HouseKeeper.java:stopScavenging(158)) - node0 Stopped scavenging
2020-07-09 01:20:01,082 [Listener at 127.0.0.1/39385] INFO  utils.BackgroundService (BackgroundService.java:shutdown(157)) - Shutting down service BlockDeletingService
2020-07-09 01:20:01,082 [ForkJoinPool.commonPool-worker-1] INFO  handler.ContextHandler (ContextHandler.java:doStop(1016)) - Stopped o.e.j.s.ServletContextHandler@62d4dac4{static,/static,jar:file:/home/user/.m2/repository/org/apache/hadoop/hadoop-hdds-container-service/0.6.0-SNAPSHOT/hadoop-hdds-container-service-0.6.0-SNAPSHOT.jar!/webapps/static,UNAVAILABLE}
2020-07-09 01:20:01,087 [ForkJoinPool.commonPool-worker-1] INFO  handler.ContextHandler (ContextHandler.java:doStop(1016)) - Stopped o.e.j.s.ServletContextHandler@3f13720f{logs,/logs,file:///github/workspace/mnt/ozone/hadoop-ozone/integration-test/target/log,UNAVAILABLE}
2020-07-09 01:20:01,088 [Listener at 127.0.0.1/39385] INFO  statemachine.DatanodeStateMachine (DatanodeStateMachine.java:stopDaemon(428)) - Ozone container server stopped.
2020-07-09 01:20:01,089 [Listener at 127.0.0.1/39385] INFO  handler.ContextHandler (ContextHandler.java:doStop(1016)) - Stopped o.e.j.w.WebAppContext@331eb953{hddsDatanode,/,null,UNAVAILABLE}{jar:file:/home/user/.m2/repository/org/apache/hadoop/hadoop-hdds-container-service/0.6.0-SNAPSHOT/hadoop-hdds-container-service-0.6.0-SNAPSHOT.jar!/webapps/hddsDatanode}
2020-07-09 01:20:01,090 [Listener at 127.0.0.1/39385] INFO  server.AbstractConnector (AbstractConnector.java:doStop(380)) - Stopped ServerConnector@5350a926{HTTP/1.1,[http/1.1]}{0.0.0.0:0}
2020-07-09 01:20:01,090 [Listener at 127.0.0.1/39385] INFO  server.session (HouseKeeper.java:stopScavenging(158)) - node0 Stopped scavenging
2020-07-09 01:20:01,091 [Listener at 127.0.0.1/39385] INFO  handler.ContextHandler (ContextHandler.java:doStop(1016)) - Stopped o.e.j.s.ServletContextHandler@470fc16c{static,/static,jar:file:/home/user/.m2/repository/org/apache/hadoop/hadoop-hdds-container-service/0.6.0-SNAPSHOT/hadoop-hdds-container-service-0.6.0-SNAPSHOT.jar!/webapps/static,UNAVAILABLE}
2020-07-09 01:20:01,091 [Listener at 127.0.0.1/39385] INFO  handler.ContextHandler (ContextHandler.java:doStop(1016)) - Stopped o.e.j.s.ServletContextHandler@5397d41e{logs,/logs,file:///github/workspace/mnt/ozone/hadoop-ozone/integration-test/target/log,UNAVAILABLE}
2020-07-09 01:20:01,719 [Datanode State Machine Thread - 0] INFO  statemachine.DatanodeStateMachine (DatanodeStateMachine.java:lambda$startDaemon$0(380)) - Ozone container server started.
2020-07-09 01:20:01,865 [Datanode State Machine Thread - 0] INFO  statemachine.DatanodeStateMachine (DatanodeStateMachine.java:lambda$startDaemon$0(380)) - Ozone container server started.
2020-07-09 01:20:02,977 [grpc-default-executor-2] WARN  server.GrpcLogAppender (LogUtils.java:warn(122)) - 98f34e18-095d-41d7-a8c8-ef1510a34e6f@group-47F40364C92C->954078f0-2330-48dc-ab29-af631119e127-AppendLogResponseHandler: Failed appendEntries: org.apache.ratis.thirdparty.io.grpc.StatusRuntimeException: UNAVAILABLE: io exception
2020-07-09 01:20:02,980 [grpc-default-executor-2] INFO  impl.FollowerInfo (FollowerInfo.java:lambda$new$0(51)) - 98f34e18-095d-41d7-a8c8-ef1510a34e6f@group-47F40364C92C->954078f0-2330-48dc-ab29-af631119e127: nextIndex: updateUnconditionally 3 -> 2
2020-07-09 01:20:02,984 [grpc-default-executor-2] DEBUG server.GrpcLogAppender (GrpcLogAppender.java:onNext(257)) - 98f34e18-095d-41d7-a8c8-ef1510a34e6f@group-47F40364C92C->83bd9611-6e96-48be-a1bb-e26ec6efad02-AppendLogResponseHandler: received a reply 98f34e18-095d-41d7-a8c8-ef1510a34e6f<-83bd9611-6e96-48be-a1bb-e26ec6efad02#13:OK,SUCCESS,nextIndex:3,term:4,followerCommit:2, request=AppendEntriesRequest:cid=13,entriesCount=0,lastEntry=null
2020-07-09 01:20:03,349 [grpc-default-executor-0] WARN  server.GrpcLogAppender (LogUtils.java:warn(122)) - 3bb671d4-7f90-4750-a753-fc4fc647587c@group-EDE382CE3E00->6364e981-304f-41bf-bc01-7b1ff98cc952-AppendLogResponseHandler: Failed appendEntries: org.apache.ratis.thirdparty.io.grpc.StatusRuntimeException: UNAVAILABLE: io exception
2020-07-09 01:20:03,350 [grpc-default-executor-0] INFO  impl.FollowerInfo (FollowerInfo.java:lambda$new$0(51)) - 3bb671d4-7f90-4750-a753-fc4fc647587c@group-EDE382CE3E00->6364e981-304f-41bf-bc01-7b1ff98cc952: nextIndex: updateUnconditionally 13 -> 12
2020-07-09 01:20:03,387 [grpc-default-executor-2] WARN  server.GrpcLogAppender (LogUtils.java:warn(122)) - 3bb671d4-7f90-4750-a753-fc4fc647587c@group-EDE382CE3E00->c506d153-aba5-44d6-9bcb-0e1026c6c6c2-AppendLogResponseHandler: Failed appendEntries: org.apache.ratis.thirdparty.io.grpc.StatusRuntimeException: UNAVAILABLE: io exception
2020-07-09 01:20:03,388 [grpc-default-executor-2] INFO  impl.FollowerInfo (FollowerInfo.java:lambda$new$0(51)) - 3bb671d4-7f90-4750-a753-fc4fc647587c@group-EDE382CE3E00->c506d153-aba5-44d6-9bcb-0e1026c6c6c2: nextIndex: updateUnconditionally 13 -> 12
2020-07-09 01:20:05,480 [grpc-default-executor-0] WARN  server.GrpcLogAppender (LogUtils.java:warn(122)) - 98f34e18-095d-41d7-a8c8-ef1510a34e6f@group-47F40364C92C->954078f0-2330-48dc-ab29-af631119e127-AppendLogResponseHandler: Failed appendEntries: org.apache.ratis.thirdparty.io.grpc.StatusRuntimeException: UNAVAILABLE: io exception
2020-07-09 01:20:05,482 [grpc-default-executor-0] INFO  impl.FollowerInfo (FollowerInfo.java:lambda$new$0(51)) - 98f34e18-095d-41d7-a8c8-ef1510a34e6f@group-47F40364C92C->954078f0-2330-48dc-ab29-af631119e127: nextIndex: updateUnconditionally 3 -> 2
2020-07-09 01:20:05,492 [grpc-default-executor-0] DEBUG server.GrpcLogAppender (GrpcLogAppender.java:onNext(257)) - 98f34e18-095d-41d7-a8c8-ef1510a34e6f@group-47F40364C92C->83bd9611-6e96-48be-a1bb-e26ec6efad02-AppendLogResponseHandler: received a reply 98f34e18-095d-41d7-a8c8-ef1510a34e6f<-83bd9611-6e96-48be-a1bb-e26ec6efad02#14:OK,SUCCESS,nextIndex:3,term:4,followerCommit:2, request=AppendEntriesRequest:cid=14,entriesCount=0,lastEntry=null
2020-07-09 01:20:05,852 [grpc-default-executor-2] WARN  server.GrpcLogAppender (LogUtils.java:warn(122)) - 3bb671d4-7f90-4750-a753-fc4fc647587c@group-EDE382CE3E00->6364e981-304f-41bf-bc01-7b1ff98cc952-AppendLogResponseHandler: Failed appendEntries: org.apache.ratis.thirdparty.io.grpc.StatusRuntimeException: UNAVAILABLE: io exception
2020-07-09 01:20:05,853 [grpc-default-executor-2] INFO  impl.FollowerInfo (FollowerInfo.java:lambda$new$0(51)) - 3bb671d4-7f90-4750-a753-fc4fc647587c@group-EDE382CE3E00->6364e981-304f-41bf-bc01-7b1ff98cc952: nextIndex: updateUnconditionally 13 -> 12
2020-07-09 01:20:05,889 [grpc-default-executor-0] WARN  server.GrpcLogAppender (LogUtils.java:warn(122)) - 3bb671d4-7f90-4750-a753-fc4fc647587c@group-EDE382CE3E00->c506d153-aba5-44d6-9bcb-0e1026c6c6c2-AppendLogResponseHandler: Failed appendEntries: org.apache.ratis.thirdparty.io.grpc.StatusRuntimeException: UNAVAILABLE: io exception
2020-07-09 01:20:05,891 [grpc-default-executor-0] INFO  impl.FollowerInfo (FollowerInfo.java:lambda$new$0(51)) - 3bb671d4-7f90-4750-a753-fc4fc647587c@group-EDE382CE3E00->c506d153-aba5-44d6-9bcb-0e1026c6c6c2: nextIndex: updateUnconditionally 13 -> 12
2020-07-09 01:20:06,089 [ForkJoinPool.commonPool-worker-1] INFO  ozoneimpl.OzoneContainer (OzoneContainer.java:stop(246)) - Attempting to stop container services.
2020-07-09 01:20:06,089 [ForkJoinPool.commonPool-worker-1] INFO  impl.RaftServerProxy (RaftServerProxy.java:lambda$close$4(319)) - 3bb671d4-7f90-4750-a753-fc4fc647587c: close
2020-07-09 01:20:06,090 [ForkJoinPool.commonPool-worker-1] INFO  impl.RaftServerImpl (RaftServerImpl.java:lambda$shutdown$3(252)) - 3bb671d4-7f90-4750-a753-fc4fc647587c@group-B41B5B96A483: shutdown
2020-07-09 01:20:06,090 [ForkJoinPool.commonPool-worker-1] INFO  util.JmxRegister (JmxRegister.java:unregister(73)) - Successfully un-registered JMX Bean with object name Ratis:service=RaftServer,group=group-B41B5B96A483,id=3bb671d4-7f90-4750-a753-fc4fc647587c
2020-07-09 01:20:06,090 [ForkJoinPool.commonPool-worker-1] INFO  impl.RoleInfo (RoleInfo.java:shutdownLeaderState(104)) - 3bb671d4-7f90-4750-a753-fc4fc647587c: shutdown LeaderState
2020-07-09 01:20:06,090 [ForkJoinPool.commonPool-worker-1] INFO  impl.PendingRequests (PendingRequests.java:sendNotLeaderResponses(249)) - 3bb671d4-7f90-4750-a753-fc4fc647587c@group-B41B5B96A483-PendingRequests: sendNotLeaderResponses
2020-07-09 01:20:06,090 [ForkJoinPool.commonPool-worker-1] INFO  metrics.RatisMetrics (RatisMetrics.java:unregister(43)) - Unregistering Metrics Registry : ratis.log_appender.3bb671d4-7f90-4750-a753-fc4fc647587c@group-B41B5B96A483
2020-07-09 01:20:06,090 [ForkJoinPool.commonPool-worker-1] INFO  metrics.RatisMetrics (RatisMetrics.java:unregister(43)) - Unregistering Metrics Registry : ratis.server.3bb671d4-7f90-4750-a753-fc4fc647587c@group-B41B5B96A483
2020-07-09 01:20:06,091 [ForkJoinPool.commonPool-worker-1] INFO  impl.StateMachineUpdater (StateMachineUpdater.java:stopAndJoin(142)) - 3bb671d4-7f90-4750-a753-fc4fc647587c@group-B41B5B96A483-StateMachineUpdater: set stopIndex = 0
2020-07-09 01:20:06,091 [3bb671d4-7f90-4750-a753-fc4fc647587c@group-B41B5B96A483-StateMachineUpdater] INFO  ratis.ContainerStateMachine (ContainerStateMachine.java:takeSnapshot(293)) - group-B41B5B96A483: Taking a snapshot at:(t:1, i:0) file /github/workspace/mnt/ozone/hadoop-ozone/integration-test/target/test-dir/MiniOzoneClusterImpl-513b5a01-9d99-4e7a-8fe1-3ea97a28e1a0/datanode-1/data/ratis/45a81381-41b7-47e4-bde0-b41b5b96a483/sm/snapshot.1_0
2020-07-09 01:20:06,092 [3bb671d4-7f90-4750-a753-fc4fc647587c@group-B41B5B96A483-StateMachineUpdater] INFO  ratis.ContainerStateMachine (ContainerStateMachine.java:takeSnapshot(304)) - group-B41B5B96A483: Finished taking a snapshot at:(t:1, i:0) file:/github/workspace/mnt/ozone/hadoop-ozone/integration-test/target/test-dir/MiniOzoneClusterImpl-513b5a01-9d99-4e7a-8fe1-3ea97a28e1a0/datanode-1/data/ratis/45a81381-41b7-47e4-bde0-b41b5b96a483/sm/snapshot.1_0 time:1
2020-07-09 01:20:06,092 [3bb671d4-7f90-4750-a753-fc4fc647587c@group-B41B5B96A483-StateMachineUpdater] INFO  impl.StateMachineUpdater (StateMachineUpdater.java:takeSnapshot(277)) - 3bb671d4-7f90-4750-a753-fc4fc647587c@group-B41B5B96A483-StateMachineUpdater: Took a snapshot at index 0
2020-07-09 01:20:06,092 [3bb671d4-7f90-4750-a753-fc4fc647587c@group-B41B5B96A483-StateMachineUpdater] INFO  impl.StateMachineUpdater (StateMachineUpdater.java:lambda$new$0(87)) - 3bb671d4-7f90-4750-a753-fc4fc647587c@group-B41B5B96A483-StateMachineUpdater: snapshotIndex: updateIncreasingly -1 -> 0
2020-07-09 01:20:06,092 [3bb671d4-7f90-4750-a753-fc4fc647587c@group-B41B5B96A483-StateMachineUpdater] INFO  metrics.RatisMetrics (RatisMetrics.java:unregister(43)) - Unregistering Metrics Registry : ratis.state_machine.3bb671d4-7f90-4750-a753-fc4fc647587c@group-B41B5B96A483
2020-07-09 01:20:06,093 [Listener at 127.0.0.1/39385] INFO  ozoneimpl.OzoneContainer (OzoneContainer.java:stop(246)) - Attempting to stop container services.
2020-07-09 01:20:06,093 [Listener at 127.0.0.1/39385] INFO  impl.RaftServerProxy (RaftServerProxy.java:lambda$close$4(319)) - 98f34e18-095d-41d7-a8c8-ef1510a34e6f: close
2020-07-09 01:20:06,093 [Listener at 127.0.0.1/39385] INFO  impl.RaftServerImpl (RaftServerImpl.java:lambda$shutdown$3(252)) - 98f34e18-095d-41d7-a8c8-ef1510a34e6f@group-8D5B18CBEEFA: shutdown
2020-07-09 01:20:06,093 [Listener at 127.0.0.1/39385] INFO  util.JmxRegister (JmxRegister.java:unregister(73)) - Successfully un-registered JMX Bean with object name Ratis:service=RaftServer,group=group-8D5B18CBEEFA,id=98f34e18-095d-41d7-a8c8-ef1510a34e6f
2020-07-09 01:20:06,094 [Listener at 127.0.0.1/39385] INFO  impl.RoleInfo (RoleInfo.java:shutdownLeaderState(104)) - 98f34e18-095d-41d7-a8c8-ef1510a34e6f: shutdown LeaderState
2020-07-09 01:20:06,094 [Listener at 127.0.0.1/39385] INFO  impl.PendingRequests (PendingRequests.java:sendNotLeaderResponses(249)) - 98f34e18-095d-41d7-a8c8-ef1510a34e6f@group-8D5B18CBEEFA-PendingRequests: sendNotLeaderResponses
2020-07-09 01:20:06,094 [Listener at 127.0.0.1/39385] INFO  metrics.RatisMetrics (RatisMetrics.java:unregister(43)) - Unregistering Metrics Registry : ratis.log_appender.98f34e18-095d-41d7-a8c8-ef1510a34e6f@group-8D5B18CBEEFA
2020-07-09 01:20:06,094 [Listener at 127.0.0.1/39385] INFO  metrics.RatisMetrics (RatisMetrics.java:unregister(43)) - Unregistering Metrics Registry : ratis.server.98f34e18-095d-41d7-a8c8-ef1510a34e6f@group-8D5B18CBEEFA
2020-07-09 01:20:06,095 [Listener at 127.0.0.1/39385] INFO  impl.StateMachineUpdater (StateMachineUpdater.java:stopAndJoin(142)) - 98f34e18-095d-41d7-a8c8-ef1510a34e6f@group-8D5B18CBEEFA-StateMachineUpdater: set stopIndex = 0
2020-07-09 01:20:06,093 [ForkJoinPool.commonPool-worker-1] INFO  impl.RaftServerImpl (ServerState.java:close(387)) - 3bb671d4-7f90-4750-a753-fc4fc647587c@group-B41B5B96A483: closes. applyIndex: 0
2020-07-09 01:20:06,095 [98f34e18-095d-41d7-a8c8-ef1510a34e6f@group-8D5B18CBEEFA-StateMachineUpdater] INFO  ratis.ContainerStateMachine (ContainerStateMachine.java:takeSnapshot(293)) - group-8D5B18CBEEFA: Taking a snapshot at:(t:1, i:0) file /github/workspace/mnt/ozone/hadoop-ozone/integration-test/target/test-dir/MiniOzoneClusterImpl-513b5a01-9d99-4e7a-8fe1-3ea97a28e1a0/datanode-8/data/ratis/e56b5fc5-503f-4673-9ebb-8d5b18cbeefa/sm/snapshot.1_0
2020-07-09 01:20:06,095 [3bb671d4-7f90-4750-a753-fc4fc647587c@group-B41B5B96A483-SegmentedRaftLogWorker] INFO  segmented.SegmentedRaftLogWorker (SegmentedRaftLogWorker.java:run(327)) - 3bb671d4-7f90-4750-a753-fc4fc647587c@group-B41B5B96A483-SegmentedRaftLogWorker was interrupted, exiting. There are 0 tasks remaining in the queue.
2020-07-09 01:20:06,095 [ForkJoinPool.commonPool-worker-1] INFO  segmented.SegmentedRaftLogWorker (SegmentedRaftLogWorker.java:close(234)) - 3bb671d4-7f90-4750-a753-fc4fc647587c@group-B41B5B96A483-SegmentedRaftLogWorker close()
2020-07-09 01:20:06,096 [98f34e18-095d-41d7-a8c8-ef1510a34e6f@group-8D5B18CBEEFA-StateMachineUpdater] INFO  ratis.ContainerStateMachine (ContainerStateMachine.java:takeSnapshot(304)) - group-8D5B18CBEEFA: Finished taking a snapshot at:(t:1, i:0) file:/github/workspace/mnt/ozone/hadoop-ozone/integration-test/target/test-dir/MiniOzoneClusterImpl-513b5a01-9d99-4e7a-8fe1-3ea97a28e1a0/datanode-8/data/ratis/e56b5fc5-503f-4673-9ebb-8d5b18cbeefa/sm/snapshot.1_0 time:1
2020-07-09 01:20:06,097 [ForkJoinPool.commonPool-worker-1] INFO  metrics.RatisMetrics (RatisMetrics.java:unregister(43)) - Unregistering Metrics Registry : ratis.log_worker.3bb671d4-7f90-4750-a753-fc4fc647587c@group-B41B5B96A483
2020-07-09 01:20:06,097 [98f34e18-095d-41d7-a8c8-ef1510a34e6f@group-8D5B18CBEEFA-StateMachineUpdater] INFO  impl.StateMachineUpdater (StateMachineUpdater.java:takeSnapshot(277)) - 98f34e18-095d-41d7-a8c8-ef1510a34e6f@group-8D5B18CBEEFA-StateMachineUpdater: Took a snapshot at index 0
2020-07-09 01:20:06,097 [ForkJoinPool.commonPool-worker-1] INFO  metrics.RatisMetrics (RatisMetrics.java:unregister(43)) - Unregistering Metrics Registry : ratis.leader_election.3bb671d4-7f90-4750-a753-fc4fc647587c@group-B41B5B96A483
2020-07-09 01:20:06,097 [98f34e18-095d-41d7-a8c8-ef1510a34e6f@group-8D5B18CBEEFA-StateMachineUpdater] INFO  impl.StateMachineUpdater (StateMachineUpdater.java:lambda$new$0(87)) - 98f34e18-095d-41d7-a8c8-ef1510a34e6f@group-8D5B18CBEEFA-StateMachineUpdater: snapshotIndex: updateIncreasingly -1 -> 0
2020-07-09 01:20:06,097 [ForkJoinPool.commonPool-worker-1] INFO  metrics.RatisMetrics (RatisMetrics.java:unregister(43)) - Unregistering Metrics Registry : ratis.server.3bb671d4-7f90-4750-a753-fc4fc647587c@group-B41B5B96A483
2020-07-09 01:20:06,097 [98f34e18-095d-41d7-a8c8-ef1510a34e6f@group-8D5B18CBEEFA-StateMachineUpdater] INFO  metrics.RatisMetrics (RatisMetrics.java:unregister(43)) - Unregistering Metrics Registry : ratis.state_machine.98f34e18-095d-41d7-a8c8-ef1510a34e6f@group-8D5B18CBEEFA
2020-07-09 01:20:06,097 [ForkJoinPool.commonPool-worker-1] INFO  impl.RaftServerImpl (RaftServerImpl.java:lambda$shutdown$3(252)) - 3bb671d4-7f90-4750-a753-fc4fc647587c@group-EDE382CE3E00: shutdown
2020-07-09 01:20:06,098 [ForkJoinPool.commonPool-worker-1] INFO  util.JmxRegister (JmxRegister.java:unregister(73)) - Successfully un-registered JMX Bean with object name Ratis:service=RaftServer,group=group-EDE382CE3E00,id=3bb671d4-7f90-4750-a753-fc4fc647587c
2020-07-09 01:20:06,098 [ForkJoinPool.commonPool-worker-1] INFO  impl.RoleInfo (RoleInfo.java:shutdownLeaderState(104)) - 3bb671d4-7f90-4750-a753-fc4fc647587c: shutdown LeaderState
2020-07-09 01:20:06,098 [ForkJoinPool.commonPool-worker-1] INFO  metrics.RatisMetrics (RatisMetrics.java:unregister(43)) - Unregistering Metrics Registry : ratis_grpc.log_appender.3bb671d4-7f90-4750-a753-fc4fc647587c@group-EDE382CE3E00
2020-07-09 01:20:06,098 [Listener at 127.0.0.1/39385] INFO  impl.RaftServerImpl (ServerState.java:close(387)) - 98f34e18-095d-41d7-a8c8-ef1510a34e6f@group-8D5B18CBEEFA: closes. applyIndex: 0
2020-07-09 01:20:06,098 [98f34e18-095d-41d7-a8c8-ef1510a34e6f@group-8D5B18CBEEFA-SegmentedRaftLogWorker] INFO  segmented.SegmentedRaftLogWorker (SegmentedRaftLogWorker.java:run(327)) - 98f34e18-095d-41d7-a8c8-ef1510a34e6f@group-8D5B18CBEEFA-SegmentedRaftLogWorker was interrupted, exiting. There are 0 tasks remaining in the queue.
2020-07-09 01:20:06,098 [Listener at 127.0.0.1/39385] INFO  segmented.SegmentedRaftLogWorker (SegmentedRaftLogWorker.java:close(234)) - 98f34e18-095d-41d7-a8c8-ef1510a34e6f@group-8D5B18CBEEFA-SegmentedRaftLogWorker close()
2020-07-09 01:20:06,099 [ForkJoinPool.commonPool-worker-1] INFO  metrics.RatisMetrics (RatisMetrics.java:unregister(43)) - Unregistering Metrics Registry : ratis_grpc.log_appender.3bb671d4-7f90-4750-a753-fc4fc647587c@group-EDE382CE3E00
2020-07-09 01:20:06,099 [Listener at 127.0.0.1/39385] INFO  metrics.RatisMetrics (RatisMetrics.java:unregister(43)) - Unregistering Metrics Registry : ratis.log_worker.98f34e18-095d-41d7-a8c8-ef1510a34e6f@group-8D5B18CBEEFA
2020-07-09 01:20:06,100 [Listener at 127.0.0.1/39385] INFO  metrics.RatisMetrics (RatisMetrics.java:unregister(43)) - Unregistering Metrics Registry : ratis.leader_election.98f34e18-095d-41d7-a8c8-ef1510a34e6f@group-8D5B18CBEEFA
2020-07-09 01:20:06,100 [Listener at 127.0.0.1/39385] INFO  metrics.RatisMetrics (RatisMetrics.java:unregister(43)) - Unregistering Metrics Registry : ratis.server.98f34e18-095d-41d7-a8c8-ef1510a34e6f@group-8D5B18CBEEFA
2020-07-09 01:20:06,100 [Listener at 127.0.0.1/39385] INFO  impl.RaftServerImpl (RaftServerImpl.java:lambda$shutdown$3(252)) - 98f34e18-095d-41d7-a8c8-ef1510a34e6f@group-47F40364C92C: shutdown
2020-07-09 01:20:06,100 [Listener at 127.0.0.1/39385] INFO  util.JmxRegister (JmxRegister.java:unregister(73)) - Successfully un-registered JMX Bean with object name Ratis:service=RaftServer,group=group-47F40364C92C,id=98f34e18-095d-41d7-a8c8-ef1510a34e6f
2020-07-09 01:20:06,100 [Listener at 127.0.0.1/39385] INFO  impl.RoleInfo (RoleInfo.java:shutdownLeaderState(104)) - 98f34e18-095d-41d7-a8c8-ef1510a34e6f: shutdown LeaderState
2020-07-09 01:20:06,100 [Listener at 127.0.0.1/39385] INFO  metrics.RatisMetrics (RatisMetrics.java:unregister(43)) - Unregistering Metrics Registry : ratis_grpc.log_appender.98f34e18-095d-41d7-a8c8-ef1510a34e6f@group-47F40364C92C
2020-07-09 01:20:06,099 [org.apache.ratis.server.impl.LogAppender$AppenderDaemon$$Lambda$435/835520085@351f5711] WARN  server.GrpcLogAppender (GrpcLogAppender.java:mayWait(153)) - 3bb671d4-7f90-4750-a753-fc4fc647587c@group-EDE382CE3E00->c506d153-aba5-44d6-9bcb-0e1026c6c6c2-GrpcLogAppender: Wait interrupted by java.lang.InterruptedException
2020-07-09 01:20:06,101 [ForkJoinPool.commonPool-worker-1] INFO  impl.PendingRequests (PendingRequests.java:sendNotLeaderResponses(249)) - 3bb671d4-7f90-4750-a753-fc4fc647587c@group-EDE382CE3E00-PendingRequests: sendNotLeaderResponses
2020-07-09 01:20:06,101 [org.apache.ratis.server.impl.LogAppender$AppenderDaemon$$Lambda$435/835520085@16031bc8] WARN  server.GrpcLogAppender (GrpcLogAppender.java:mayWait(153)) - 98f34e18-095d-41d7-a8c8-ef1510a34e6f@group-47F40364C92C->954078f0-2330-48dc-ab29-af631119e127-GrpcLogAppender: Wait interrupted by java.lang.InterruptedException
2020-07-09 01:20:06,101 [Listener at 127.0.0.1/39385] INFO  metrics.RatisMetrics (RatisMetrics.java:unregister(43)) - Unregistering Metrics Registry : ratis_grpc.log_appender.98f34e18-095d-41d7-a8c8-ef1510a34e6f@group-47F40364C92C
2020-07-09 01:20:06,101 [org.apache.ratis.server.impl.LogAppender$AppenderDaemon$$Lambda$435/835520085@291bf9f4] WARN  server.GrpcLogAppender (GrpcLogAppender.java:mayWait(153)) - 3bb671d4-7f90-4750-a753-fc4fc647587c@group-EDE382CE3E00->6364e981-304f-41bf-bc01-7b1ff98cc952-GrpcLogAppender: Wait interrupted by java.lang.InterruptedException
2020-07-09 01:20:06,104 [org.apache.ratis.server.impl.LogAppender$AppenderDaemon$$Lambda$435/835520085@ebc4864] WARN  server.GrpcLogAppender (GrpcLogAppender.java:mayWait(153)) - 98f34e18-095d-41d7-a8c8-ef1510a34e6f@group-47F40364C92C->83bd9611-6e96-48be-a1bb-e26ec6efad02-GrpcLogAppender: Wait interrupted by java.lang.InterruptedException
2020-07-09 01:20:06,104 [grpc-default-executor-2] INFO  server.GrpcServerProtocolService (GrpcServerProtocolService.java:onCompleted(138)) - 83bd9611-6e96-48be-a1bb-e26ec6efad02: Completed APPEND_ENTRIES, lastRequest: 98f34e18-095d-41d7-a8c8-ef1510a34e6f->83bd9611-6e96-48be-a1bb-e26ec6efad02#5-t4, previous=(t:4, i:1), leaderCommit=1, initializing? false, entries: size=1, first=(t:4, i:2), METADATAENTRY(c:1)
2020-07-09 01:20:06,105 [grpc-default-executor-2] INFO  server.GrpcLogAppender (GrpcLogAppender.java:onCompleted(319)) - 98f34e18-095d-41d7-a8c8-ef1510a34e6f@group-47F40364C92C->83bd9611-6e96-48be-a1bb-e26ec6efad02-AppendLogResponseHandler: follower responses appendEntries COMPLETED
2020-07-09 01:20:06,106 [Listener at 127.0.0.1/39385] INFO  impl.PendingRequests (PendingRequests.java:sendNotLeaderResponses(249)) - 98f34e18-095d-41d7-a8c8-ef1510a34e6f@group-47F40364C92C-PendingRequests: sendNotLeaderResponses
2020-07-09 01:20:06,111 [ForkJoinPool.commonPool-worker-1] INFO  metrics.RatisMetrics (RatisMetrics.java:unregister(43)) - Unregistering Metrics Registry : ratis.log_appender.3bb671d4-7f90-4750-a753-fc4fc647587c@group-EDE382CE3E00
2020-07-09 01:20:06,111 [grpc-default-executor-2] INFO  impl.FollowerInfo (FollowerInfo.java:lambda$new$0(51)) - 98f34e18-095d-41d7-a8c8-ef1510a34e6f@group-47F40364C92C->83bd9611-6e96-48be-a1bb-e26ec6efad02: nextIndex: updateUnconditionally 3 -> 2
2020-07-09 01:20:06,111 [ForkJoinPool.commonPool-worker-1] INFO  metrics.RatisMetrics (RatisMetrics.java:unregister(43)) - Unregistering Metrics Registry : ratis.server.3bb671d4-7f90-4750-a753-fc4fc647587c@group-EDE382CE3E00
2020-07-09 01:20:06,112 [Listener at 127.0.0.1/39385] INFO  metrics.RatisMetrics (RatisMetrics.java:unregister(43)) - Unregistering Metrics Registry : ratis.log_appender.98f34e18-095d-41d7-a8c8-ef1510a34e6f@group-47F40364C92C
2020-07-09 01:20:06,112 [Listener at 127.0.0.1/39385] INFO  metrics.RatisMetrics (RatisMetrics.java:unregister(43)) - Unregistering Metrics Registry : ratis.server.98f34e18-095d-41d7-a8c8-ef1510a34e6f@group-47F40364C92C
2020-07-09 01:20:06,113 [3bb671d4-7f90-4750-a753-fc4fc647587c@group-EDE382CE3E00-StateMachineUpdater] INFO  ratis.ContainerStateMachine (ContainerStateMachine.java:takeSnapshot(293)) - group-EDE382CE3E00: Taking a snapshot at:(t:1, i:12) file /github/workspace/mnt/ozone/hadoop-ozone/integration-test/target/test-dir/MiniOzoneClusterImpl-513b5a01-9d99-4e7a-8fe1-3ea97a28e1a0/datanode-1/data/ratis/e2c8be27-5b87-40ea-b7f7-ede382ce3e00/sm/snapshot.1_12
2020-07-09 01:20:06,113 [Listener at 127.0.0.1/39385] INFO  impl.StateMachineUpdater (StateMachineUpdater.java:stopAndJoin(142)) - 98f34e18-095d-41d7-a8c8-ef1510a34e6f@group-47F40364C92C-StateMachineUpdater: set stopIndex = 2
2020-07-09 01:20:06,113 [ForkJoinPool.commonPool-worker-1] INFO  impl.StateMachineUpdater (StateMachineUpdater.java:stopAndJoin(142)) - 3bb671d4-7f90-4750-a753-fc4fc647587c@group-EDE382CE3E00-StateMachineUpdater: set stopIndex = 12
2020-07-09 01:20:06,114 [98f34e18-095d-41d7-a8c8-ef1510a34e6f@group-47F40364C92C-StateMachineUpdater] INFO  ratis.ContainerStateMachine (ContainerStateMachine.java:takeSnapshot(293)) - group-47F40364C92C: Taking a snapshot at:(t:4, i:2) file /github/workspace/mnt/ozone/hadoop-ozone/integration-test/target/test-dir/MiniOzoneClusterImpl-513b5a01-9d99-4e7a-8fe1-3ea97a28e1a0/datanode-8/data/ratis/4130ba38-13b2-4571-bced-47f40364c92c/sm/snapshot.4_2
2020-07-09 01:20:06,114 [3bb671d4-7f90-4750-a753-fc4fc647587c@group-EDE382CE3E00-StateMachineUpdater] INFO  ratis.ContainerStateMachine (ContainerStateMachine.java:takeSnapshot(304)) - group-EDE382CE3E00: Finished taking a snapshot at:(t:1, i:12) file:/github/workspace/mnt/ozone/hadoop-ozone/integration-test/target/test-dir/MiniOzoneClusterImpl-513b5a01-9d99-4e7a-8fe1-3ea97a28e1a0/datanode-1/data/ratis/e2c8be27-5b87-40ea-b7f7-ede382ce3e00/sm/snapshot.1_12 time:1
2020-07-09 01:20:06,114 [3bb671d4-7f90-4750-a753-fc4fc647587c@group-EDE382CE3E00-StateMachineUpdater] INFO  impl.StateMachineUpdater (StateMachineUpdater.java:takeSnapshot(277)) - 3bb671d4-7f90-4750-a753-fc4fc647587c@group-EDE382CE3E00-StateMachineUpdater: Took a snapshot at index 12
2020-07-09 01:20:06,114 [3bb671d4-7f90-4750-a753-fc4fc647587c@group-EDE382CE3E00-StateMachineUpdater] INFO  impl.StateMachineUpdater (StateMachineUpdater.java:lambda$new$0(87)) - 3bb671d4-7f90-4750-a753-fc4fc647587c@group-EDE382CE3E00-StateMachineUpdater: snapshotIndex: updateIncreasingly -1 -> 12
2020-07-09 01:20:06,114 [98f34e18-095d-41d7-a8c8-ef1510a34e6f@group-47F40364C92C-StateMachineUpdater] INFO  ratis.ContainerStateMachine (ContainerStateMachine.java:takeSnapshot(304)) - group-47F40364C92C: Finished taking a snapshot at:(t:4, i:2) file:/github/workspace/mnt/ozone/hadoop-ozone/integration-test/target/test-dir/MiniOzoneClusterImpl-513b5a01-9d99-4e7a-8fe1-3ea97a28e1a0/datanode-8/data/ratis/4130ba38-13b2-4571-bced-47f40364c92c/sm/snapshot.4_2 time:0
2020-07-09 01:20:06,114 [3bb671d4-7f90-4750-a753-fc4fc647587c@group-EDE382CE3E00-StateMachineUpdater] INFO  metrics.RatisMetrics (RatisMetrics.java:unregister(43)) - Unregistering Metrics Registry : ratis.state_machine.3bb671d4-7f90-4750-a753-fc4fc647587c@group-EDE382CE3E00
2020-07-09 01:20:06,114 [98f34e18-095d-41d7-a8c8-ef1510a34e6f@group-47F40364C92C-StateMachineUpdater] INFO  impl.StateMachineUpdater (StateMachineUpdater.java:takeSnapshot(277)) - 98f34e18-095d-41d7-a8c8-ef1510a34e6f@group-47F40364C92C-StateMachineUpdater: Took a snapshot at index 2
2020-07-09 01:20:06,114 [98f34e18-095d-41d7-a8c8-ef1510a34e6f@group-47F40364C92C-StateMachineUpdater] INFO  impl.StateMachineUpdater (StateMachineUpdater.java:lambda$new$0(87)) - 98f34e18-095d-41d7-a8c8-ef1510a34e6f@group-47F40364C92C-StateMachineUpdater: snapshotIndex: updateIncreasingly -1 -> 2
2020-07-09 01:20:06,114 [98f34e18-095d-41d7-a8c8-ef1510a34e6f@group-47F40364C92C-StateMachineUpdater] INFO  metrics.RatisMetrics (RatisMetrics.java:unregister(43)) - Unregistering Metrics Registry : ratis.state_machine.98f34e18-095d-41d7-a8c8-ef1510a34e6f@group-47F40364C92C
2020-07-09 01:20:06,115 [Listener at 127.0.0.1/39385] INFO  impl.RaftServerImpl (ServerState.java:close(387)) - 98f34e18-095d-41d7-a8c8-ef1510a34e6f@group-47F40364C92C: closes. applyIndex: 2
2020-07-09 01:20:06,115 [ForkJoinPool.commonPool-worker-1] INFO  impl.RaftServerImpl (ServerState.java:close(387)) - 3bb671d4-7f90-4750-a753-fc4fc647587c@group-EDE382CE3E00: closes. applyIndex: 12
2020-07-09 01:20:06,115 [98f34e18-095d-41d7-a8c8-ef1510a34e6f@group-47F40364C92C-SegmentedRaftLogWorker] INFO  segmented.SegmentedRaftLogWorker (SegmentedRaftLogWorker.java:run(327)) - 98f34e18-095d-41d7-a8c8-ef1510a34e6f@group-47F40364C92C-SegmentedRaftLogWorker was interrupted, exiting. There are 0 tasks remaining in the queue.
2020-07-09 01:20:06,115 [Listener at 127.0.0.1/39385] INFO  segmented.SegmentedRaftLogWorker (SegmentedRaftLogWorker.java:close(234)) - 98f34e18-095d-41d7-a8c8-ef1510a34e6f@group-47F40364C92C-SegmentedRaftLogWorker close()
2020-07-09 01:20:06,115 [3bb671d4-7f90-4750-a753-fc4fc647587c@group-EDE382CE3E00-SegmentedRaftLogWorker] INFO  segmented.SegmentedRaftLogWorker (SegmentedRaftLogWorker.java:run(327)) - 3bb671d4-7f90-4750-a753-fc4fc647587c@group-EDE382CE3E00-SegmentedRaftLogWorker was interrupted, exiting. There are 0 tasks remaining in the queue.
2020-07-09 01:20:06,116 [Listener at 127.0.0.1/39385] INFO  metrics.RatisMetrics (RatisMetrics.java:unregister(43)) - Unregistering Metrics Registry : ratis.log_worker.98f34e18-095d-41d7-a8c8-ef1510a34e6f@group-47F40364C92C
2020-07-09 01:20:06,116 [Listener at 127.0.0.1/39385] INFO  metrics.RatisMetrics (RatisMetrics.java:unregister(43)) - Unregistering Metrics Registry : ratis.leader_election.98f34e18-095d-41d7-a8c8-ef1510a34e6f@group-47F40364C92C
2020-07-09 01:20:06,116 [ForkJoinPool.commonPool-worker-1] INFO  segmented.SegmentedRaftLogWorker (SegmentedRaftLogWorker.java:close(234)) - 3bb671d4-7f90-4750-a753-fc4fc647587c@group-EDE382CE3E00-SegmentedRaftLogWorker close()
2020-07-09 01:20:06,116 [Listener at 127.0.0.1/39385] INFO  metrics.RatisMetrics (RatisMetrics.java:unregister(43)) - Unregistering Metrics Registry : ratis.server.98f34e18-095d-41d7-a8c8-ef1510a34e6f@group-47F40364C92C
2020-07-09 01:20:06,117 [Listener at 127.0.0.1/39385] INFO  server.GrpcService (GrpcService.java:closeImpl(166)) - 98f34e18-095d-41d7-a8c8-ef1510a34e6f: shutdown server with port 37419 now
2020-07-09 01:20:06,119 [Listener at 127.0.0.1/39385] INFO  server.GrpcService (GrpcService.java:closeImpl(174)) - 98f34e18-095d-41d7-a8c8-ef1510a34e6f: shutdown server with port 37419 successfully
2020-07-09 01:20:06,120 [Listener at 127.0.0.1/39385] INFO  utils.BackgroundService (BackgroundService.java:shutdown(157)) - Shutting down service BlockDeletingService
2020-07-09 01:20:06,121 [ForkJoinPool.commonPool-worker-1] INFO  metrics.RatisMetrics (RatisMetrics.java:unregister(43)) - Unregistering Metrics Registry : ratis.log_worker.3bb671d4-7f90-4750-a753-fc4fc647587c@group-EDE382CE3E00
2020-07-09 01:20:06,121 [ForkJoinPool.commonPool-worker-1] INFO  metrics.RatisMetrics (RatisMetrics.java:unregister(43)) - Unregistering Metrics Registry : ratis.leader_election.3bb671d4-7f90-4750-a753-fc4fc647587c@group-EDE382CE3E00
2020-07-09 01:20:06,121 [ForkJoinPool.commonPool-worker-1] INFO  metrics.RatisMetrics (RatisMetrics.java:unregister(43)) - Unregistering Metrics Registry : ratis.server.3bb671d4-7f90-4750-a753-fc4fc647587c@group-EDE382CE3E00
2020-07-09 01:20:06,121 [ForkJoinPool.commonPool-worker-1] INFO  server.GrpcService (GrpcService.java:closeImpl(166)) - 3bb671d4-7f90-4750-a753-fc4fc647587c: shutdown server with port 36973 now
2020-07-09 01:20:06,122 [ForkJoinPool.commonPool-worker-1] INFO  server.GrpcService (GrpcService.java:closeImpl(174)) - 3bb671d4-7f90-4750-a753-fc4fc647587c: shutdown server with port 36973 successfully
2020-07-09 01:20:06,127 [ForkJoinPool.commonPool-worker-1] INFO  utils.BackgroundService (BackgroundService.java:shutdown(157)) - Shutting down service BlockDeletingService
2020-07-09 01:20:06,128 [Listener at 127.0.0.1/39385] INFO  statemachine.DatanodeStateMachine (DatanodeStateMachine.java:stopDaemon(428)) - Ozone container server stopped.
2020-07-09 01:20:06,129 [Listener at 127.0.0.1/39385] INFO  handler.ContextHandler (ContextHandler.java:doStop(1016)) - Stopped o.e.j.w.WebAppContext@5a0b925a{hddsDatanode,/,null,UNAVAILABLE}{jar:file:/home/user/.m2/repository/org/apache/hadoop/hadoop-hdds-container-service/0.6.0-SNAPSHOT/hadoop-hdds-container-service-0.6.0-SNAPSHOT.jar!/webapps/hddsDatanode}
2020-07-09 01:20:06,130 [Listener at 127.0.0.1/39385] INFO  server.AbstractConnector (AbstractConnector.java:doStop(380)) - Stopped ServerConnector@6f959640{HTTP/1.1,[http/1.1]}{0.0.0.0:0}
2020-07-09 01:20:06,130 [ForkJoinPool.commonPool-worker-1] INFO  statemachine.DatanodeStateMachine (DatanodeStateMachine.java:stopDaemon(428)) - Ozone container server stopped.
2020-07-09 01:20:06,131 [Listener at 127.0.0.1/39385] INFO  server.session (HouseKeeper.java:stopScavenging(158)) - node0 Stopped scavenging
2020-07-09 01:20:06,131 [Listener at 127.0.0.1/39385] INFO  handler.ContextHandler (ContextHandler.java:doStop(1016)) - Stopped o.e.j.s.ServletContextHandler@6a90b5e8{static,/static,jar:file:/home/user/.m2/repository/org/apache/hadoop/hadoop-hdds-container-service/0.6.0-SNAPSHOT/hadoop-hdds-container-service-0.6.0-SNAPSHOT.jar!/webapps/static,UNAVAILABLE}
2020-07-09 01:20:06,131 [Listener at 127.0.0.1/39385] INFO  handler.ContextHandler (ContextHandler.java:doStop(1016)) - Stopped o.e.j.s.ServletContextHandler@eb5471c{logs,/logs,file:///github/workspace/mnt/ozone/hadoop-ozone/integration-test/target/log,UNAVAILABLE}
2020-07-09 01:20:06,133 [ForkJoinPool.commonPool-worker-1] INFO  handler.ContextHandler (ContextHandler.java:doStop(1016)) - Stopped o.e.j.w.WebAppContext@37e15055{hddsDatanode,/,null,UNAVAILABLE}{jar:file:/home/user/.m2/repository/org/apache/hadoop/hadoop-hdds-container-service/0.6.0-SNAPSHOT/hadoop-hdds-container-service-0.6.0-SNAPSHOT.jar!/webapps/hddsDatanode}
2020-07-09 01:20:06,134 [ForkJoinPool.commonPool-worker-1] INFO  server.AbstractConnector (AbstractConnector.java:doStop(380)) - Stopped ServerConnector@221961f2{HTTP/1.1,[http/1.1]}{0.0.0.0:0}
2020-07-09 01:20:06,134 [ForkJoinPool.commonPool-worker-1] INFO  server.session (HouseKeeper.java:stopScavenging(158)) - node0 Stopped scavenging
2020-07-09 01:20:06,135 [ForkJoinPool.commonPool-worker-1] INFO  handler.ContextHandler (ContextHandler.java:doStop(1016)) - Stopped o.e.j.s.ServletContextHandler@29ec5005{static,/static,jar:file:/home/user/.m2/repository/org/apache/hadoop/hadoop-hdds-container-service/0.6.0-SNAPSHOT/hadoop-hdds-container-service-0.6.0-SNAPSHOT.jar!/webapps/static,UNAVAILABLE}
2020-07-09 01:20:06,135 [ForkJoinPool.commonPool-worker-1] INFO  handler.ContextHandler (ContextHandler.java:doStop(1016)) - Stopped o.e.j.s.ServletContextHandler@5e2ab1c{logs,/logs,file:///github/workspace/mnt/ozone/hadoop-ozone/integration-test/target/log,UNAVAILABLE}
2020-07-09 01:20:06,617 [Datanode State Machine Thread - 0] INFO  statemachine.DatanodeStateMachine (DatanodeStateMachine.java:lambda$startDaemon$0(380)) - Ozone container server started.
2020-07-09 01:20:11,133 [Listener at 127.0.0.1/39385] INFO  ozoneimpl.OzoneContainer (OzoneContainer.java:stop(246)) - Attempting to stop container services.
2020-07-09 01:20:11,134 [Listener at 127.0.0.1/39385] INFO  impl.RaftServerProxy (RaftServerProxy.java:lambda$close$4(319)) - 83bd9611-6e96-48be-a1bb-e26ec6efad02: close
2020-07-09 01:20:11,135 [Listener at 127.0.0.1/39385] INFO  impl.RaftServerImpl (RaftServerImpl.java:lambda$shutdown$3(252)) - 83bd9611-6e96-48be-a1bb-e26ec6efad02@group-47F40364C92C: shutdown
2020-07-09 01:20:11,135 [Listener at 127.0.0.1/39385] INFO  util.JmxRegister (JmxRegister.java:unregister(73)) - Successfully un-registered JMX Bean with object name Ratis:service=RaftServer,group=group-47F40364C92C,id=83bd9611-6e96-48be-a1bb-e26ec6efad02
2020-07-09 01:20:11,135 [Listener at 127.0.0.1/39385] INFO  impl.RoleInfo (RoleInfo.java:shutdownFollowerState(121)) - 83bd9611-6e96-48be-a1bb-e26ec6efad02: shutdown FollowerState
2020-07-09 01:20:11,136 [Listener at 127.0.0.1/39385] INFO  impl.StateMachineUpdater (StateMachineUpdater.java:stopAndJoin(142)) - 83bd9611-6e96-48be-a1bb-e26ec6efad02@group-47F40364C92C-StateMachineUpdater: set stopIndex = 2
2020-07-09 01:20:11,136 [Thread-406] INFO  impl.FollowerState (FollowerState.java:run(117)) - 83bd9611-6e96-48be-a1bb-e26ec6efad02@group-47F40364C92C-FollowerState was interrupted: java.lang.InterruptedException: sleep interrupted
2020-07-09 01:20:11,136 [83bd9611-6e96-48be-a1bb-e26ec6efad02@group-47F40364C92C-StateMachineUpdater] INFO  ratis.ContainerStateMachine (ContainerStateMachine.java:takeSnapshot(293)) - group-47F40364C92C: Taking a snapshot at:(t:4, i:2) file /github/workspace/mnt/ozone/hadoop-ozone/integration-test/target/test-dir/MiniOzoneClusterImpl-513b5a01-9d99-4e7a-8fe1-3ea97a28e1a0/datanode-6/data/ratis/4130ba38-13b2-4571-bced-47f40364c92c/sm/snapshot.4_2
2020-07-09 01:20:11,137 [83bd9611-6e96-48be-a1bb-e26ec6efad02@group-47F40364C92C-StateMachineUpdater] INFO  ratis.ContainerStateMachine (ContainerStateMachine.java:takeSnapshot(304)) - group-47F40364C92C: Finished taking a snapshot at:(t:4, i:2) file:/github/workspace/mnt/ozone/hadoop-ozone/integration-test/target/test-dir/MiniOzoneClusterImpl-513b5a01-9d99-4e7a-8fe1-3ea97a28e1a0/datanode-6/data/ratis/4130ba38-13b2-4571-bced-47f40364c92c/sm/snapshot.4_2 time:1
2020-07-09 01:20:11,137 [83bd9611-6e96-48be-a1bb-e26ec6efad02@group-47F40364C92C-StateMachineUpdater] INFO  impl.StateMachineUpdater (StateMachineUpdater.java:takeSnapshot(277)) - 83bd9611-6e96-48be-a1bb-e26ec6efad02@group-47F40364C92C-StateMachineUpdater: Took a snapshot at index 2
2020-07-09 01:20:11,138 [83bd9611-6e96-48be-a1bb-e26ec6efad02@group-47F40364C92C-StateMachineUpdater] INFO  impl.StateMachineUpdater (StateMachineUpdater.java:lambda$new$0(87)) - 83bd9611-6e96-48be-a1bb-e26ec6efad02@group-47F40364C92C-StateMachineUpdater: snapshotIndex: updateIncreasingly -1 -> 2
2020-07-09 01:20:11,138 [83bd9611-6e96-48be-a1bb-e26ec6efad02@group-47F40364C92C-StateMachineUpdater] INFO  metrics.RatisMetrics (RatisMetrics.java:unregister(43)) - Unregistering Metrics Registry : ratis.state_machine.83bd9611-6e96-48be-a1bb-e26ec6efad02@group-47F40364C92C
2020-07-09 01:20:11,143 [Listener at 127.0.0.1/39385] INFO  impl.RaftServerImpl (ServerState.java:close(387)) - 83bd9611-6e96-48be-a1bb-e26ec6efad02@group-47F40364C92C: closes. applyIndex: 2
2020-07-09 01:20:11,143 [83bd9611-6e96-48be-a1bb-e26ec6efad02@group-47F40364C92C-SegmentedRaftLogWorker] INFO  segmented.SegmentedRaftLogWorker (SegmentedRaftLogWorker.java:run(327)) - 83bd9611-6e96-48be-a1bb-e26ec6efad02@group-47F40364C92C-SegmentedRaftLogWorker was interrupted, exiting. There are 0 tasks remaining in the queue.
2020-07-09 01:20:11,143 [Listener at 127.0.0.1/39385] INFO  segmented.SegmentedRaftLogWorker (SegmentedRaftLogWorker.java:close(234)) - 83bd9611-6e96-48be-a1bb-e26ec6efad02@group-47F40364C92C-SegmentedRaftLogWorker close()
2020-07-09 01:20:11,144 [Listener at 127.0.0.1/39385] INFO  metrics.RatisMetrics (RatisMetrics.java:unregister(43)) - Unregistering Metrics Registry : ratis.log_worker.83bd9611-6e96-48be-a1bb-e26ec6efad02@group-47F40364C92C
2020-07-09 01:20:11,144 [Listener at 127.0.0.1/39385] INFO  metrics.RatisMetrics (RatisMetrics.java:unregister(43)) - Unregistering Metrics Registry : ratis.leader_election.83bd9611-6e96-48be-a1bb-e26ec6efad02@group-47F40364C92C
2020-07-09 01:20:11,144 [Listener at 127.0.0.1/39385] INFO  metrics.RatisMetrics (RatisMetrics.java:unregister(43)) - Unregistering Metrics Registry : ratis.server.83bd9611-6e96-48be-a1bb-e26ec6efad02@group-47F40364C92C
2020-07-09 01:20:11,145 [Listener at 127.0.0.1/39385] INFO  impl.RaftServerImpl (RaftServerImpl.java:lambda$shutdown$3(252)) - 83bd9611-6e96-48be-a1bb-e26ec6efad02@group-E3FA04FDD405: shutdown
2020-07-09 01:20:11,145 [Listener at 127.0.0.1/39385] INFO  util.JmxRegister (JmxRegister.java:unregister(73)) - Successfully un-registered JMX Bean with object name Ratis:service=RaftServer,group=group-E3FA04FDD405,id=83bd9611-6e96-48be-a1bb-e26ec6efad02
2020-07-09 01:20:11,145 [Listener at 127.0.0.1/39385] INFO  impl.RoleInfo (RoleInfo.java:shutdownLeaderState(104)) - 83bd9611-6e96-48be-a1bb-e26ec6efad02: shutdown LeaderState
2020-07-09 01:20:11,145 [Listener at 127.0.0.1/39385] INFO  impl.PendingRequests (PendingRequests.java:sendNotLeaderResponses(249)) - 83bd9611-6e96-48be-a1bb-e26ec6efad02@group-E3FA04FDD405-PendingRequests: sendNotLeaderResponses
2020-07-09 01:20:11,145 [Listener at 127.0.0.1/39385] INFO  metrics.RatisMetrics (RatisMetrics.java:unregister(43)) - Unregistering Metrics Registry : ratis.log_appender.83bd9611-6e96-48be-a1bb-e26ec6efad02@group-E3FA04FDD405
2020-07-09 01:20:11,146 [Listener at 127.0.0.1/39385] INFO  metrics.RatisMetrics (RatisMetrics.java:unregister(43)) - Unregistering Metrics Registry : ratis.server.83bd9611-6e96-48be-a1bb-e26ec6efad02@group-E3FA04FDD405
2020-07-09 01:20:11,147 [83bd9611-6e96-48be-a1bb-e26ec6efad02@group-E3FA04FDD405-StateMachineUpdater] INFO  ratis.ContainerStateMachine (ContainerStateMachine.java:takeSnapshot(293)) - group-E3FA04FDD405: Taking a snapshot at:(t:1, i:0) file /github/workspace/mnt/ozone/hadoop-ozone/integration-test/target/test-dir/MiniOzoneClusterImpl-513b5a01-9d99-4e7a-8fe1-3ea97a28e1a0/datanode-6/data/ratis/63e63d2f-60c3-4651-a417-e3fa04fdd405/sm/snapshot.1_0
2020-07-09 01:20:11,147 [Listener at 127.0.0.1/39385] INFO  impl.StateMachineUpdater (StateMachineUpdater.java:stopAndJoin(142)) - 83bd9611-6e96-48be-a1bb-e26ec6efad02@group-E3FA04FDD405-StateMachineUpdater: set stopIndex = 0
2020-07-09 01:20:11,147 [83bd9611-6e96-48be-a1bb-e26ec6efad02@group-E3FA04FDD405-StateMachineUpdater] INFO  ratis.ContainerStateMachine (ContainerStateMachine.java:takeSnapshot(304)) - group-E3FA04FDD405: Finished taking a snapshot at:(t:1, i:0) file:/github/workspace/mnt/ozone/hadoop-ozone/integration-test/target/test-dir/MiniOzoneClusterImpl-513b5a01-9d99-4e7a-8fe1-3ea97a28e1a0/datanode-6/data/ratis/63e63d2f-60c3-4651-a417-e3fa04fdd405/sm/snapshot.1_0 time:0
2020-07-09 01:20:11,147 [83bd9611-6e96-48be-a1bb-e26ec6efad02@group-E3FA04FDD405-StateMachineUpdater] INFO  impl.StateMachineUpdater (StateMachineUpdater.java:takeSnapshot(277)) - 83bd9611-6e96-48be-a1bb-e26ec6efad02@group-E3FA04FDD405-StateMachineUpdater: Took a snapshot at index 0
2020-07-09 01:20:11,147 [83bd9611-6e96-48be-a1bb-e26ec6efad02@group-E3FA04FDD405-StateMachineUpdater] INFO  impl.StateMachineUpdater (StateMachineUpdater.java:lambda$new$0(87)) - 83bd9611-6e96-48be-a1bb-e26ec6efad02@group-E3FA04FDD405-StateMachineUpdater: snapshotIndex: updateIncreasingly -1 -> 0
2020-07-09 01:20:11,147 [83bd9611-6e96-48be-a1bb-e26ec6efad02@group-E3FA04FDD405-StateMachineUpdater] INFO  metrics.RatisMetrics (RatisMetrics.java:unregister(43)) - Unregistering Metrics Registry : ratis.state_machine.83bd9611-6e96-48be-a1bb-e26ec6efad02@group-E3FA04FDD405
2020-07-09 01:20:11,148 [Listener at 127.0.0.1/39385] INFO  impl.RaftServerImpl (ServerState.java:close(387)) - 83bd9611-6e96-48be-a1bb-e26ec6efad02@group-E3FA04FDD405: closes. applyIndex: 0
2020-07-09 01:20:11,148 [83bd9611-6e96-48be-a1bb-e26ec6efad02@group-E3FA04FDD405-SegmentedRaftLogWorker] INFO  segmented.SegmentedRaftLogWorker (SegmentedRaftLogWorker.java:run(327)) - 83bd9611-6e96-48be-a1bb-e26ec6efad02@group-E3FA04FDD405-SegmentedRaftLogWorker was interrupted, exiting. There are 0 tasks remaining in the queue.
2020-07-09 01:20:11,148 [Listener at 127.0.0.1/39385] INFO  segmented.SegmentedRaftLogWorker (SegmentedRaftLogWorker.java:close(234)) - 83bd9611-6e96-48be-a1bb-e26ec6efad02@group-E3FA04FDD405-SegmentedRaftLogWorker close()
2020-07-09 01:20:11,149 [Listener at 127.0.0.1/39385] INFO  metrics.RatisMetrics (RatisMetrics.java:unregister(43)) - Unregistering Metrics Registry : ratis.log_worker.83bd9611-6e96-48be-a1bb-e26ec6efad02@group-E3FA04FDD405
2020-07-09 01:20:11,149 [Listener at 127.0.0.1/39385] INFO  metrics.RatisMetrics (RatisMetrics.java:unregister(43)) - Unregistering Metrics Registry : ratis.leader_election.83bd9611-6e96-48be-a1bb-e26ec6efad02@group-E3FA04FDD405
2020-07-09 01:20:11,149 [Listener at 127.0.0.1/39385] INFO  metrics.RatisMetrics (RatisMetrics.java:unregister(43)) - Unregistering Metrics Registry : ratis.server.83bd9611-6e96-48be-a1bb-e26ec6efad02@group-E3FA04FDD405
2020-07-09 01:20:11,149 [Listener at 127.0.0.1/39385] INFO  server.GrpcService (GrpcService.java:closeImpl(166)) - 83bd9611-6e96-48be-a1bb-e26ec6efad02: shutdown server with port 36813 now
2020-07-09 01:20:11,150 [Listener at 127.0.0.1/39385] INFO  server.GrpcService (GrpcService.java:closeImpl(174)) - 83bd9611-6e96-48be-a1bb-e26ec6efad02: shutdown server with port 36813 successfully
2020-07-09 01:20:11,157 [Listener at 127.0.0.1/39385] INFO  utils.BackgroundService (BackgroundService.java:shutdown(157)) - Shutting down service BlockDeletingService
2020-07-09 01:20:11,159 [Listener at 127.0.0.1/39385] INFO  statemachine.DatanodeStateMachine (DatanodeStateMachine.java:stopDaemon(428)) - Ozone container server stopped.
2020-07-09 01:20:11,160 [Listener at 127.0.0.1/39385] INFO  handler.ContextHandler (ContextHandler.java:doStop(1016)) - Stopped o.e.j.w.WebAppContext@39329d81{hddsDatanode,/,null,UNAVAILABLE}{jar:file:/home/user/.m2/repository/org/apache/hadoop/hadoop-hdds-container-service/0.6.0-SNAPSHOT/hadoop-hdds-container-service-0.6.0-SNAPSHOT.jar!/webapps/hddsDatanode}
2020-07-09 01:20:11,160 [Listener at 127.0.0.1/39385] INFO  server.AbstractConnector (AbstractConnector.java:doStop(380)) - Stopped ServerConnector@41c05747{HTTP/1.1,[http/1.1]}{0.0.0.0:0}
2020-07-09 01:20:11,161 [Listener at 127.0.0.1/39385] INFO  server.session (HouseKeeper.java:stopScavenging(158)) - node0 Stopped scavenging
2020-07-09 01:20:11,162 [Listener at 127.0.0.1/39385] INFO  handler.ContextHandler (ContextHandler.java:doStop(1016)) - Stopped o.e.j.s.ServletContextHandler@28d74041{static,/static,jar:file:/home/user/.m2/repository/org/apache/hadoop/hadoop-hdds-container-service/0.6.0-SNAPSHOT/hadoop-hdds-container-service-0.6.0-SNAPSHOT.jar!/webapps/static,UNAVAILABLE}
2020-07-09 01:20:11,162 [Listener at 127.0.0.1/39385] INFO  handler.ContextHandler (ContextHandler.java:doStop(1016)) - Stopped o.e.j.s.ServletContextHandler@721f3526{logs,/logs,file:///github/workspace/mnt/ozone/hadoop-ozone/integration-test/target/log,UNAVAILABLE}
2020-07-09 01:20:11,163 [Listener at 127.0.0.1/39385] INFO  ozone.MiniOzoneClusterImpl (MiniOzoneClusterImpl.java:stopSCM(476)) - Stopping the StorageContainerManager
2020-07-09 01:20:11,163 [Listener at 127.0.0.1/39385] INFO  server.StorageContainerManager (StorageContainerManager.java:stop(825)) - Stopping Replication Manager Service.
2020-07-09 01:20:11,163 [Listener at 127.0.0.1/39385] INFO  container.ReplicationManager (ReplicationManager.java:stop(218)) - Stopping Replication Monitor Thread.
2020-07-09 01:20:11,163 [Listener at 127.0.0.1/39385] INFO  server.StorageContainerManager (StorageContainerManager.java:stop(832)) - Stopping Lease Manager of the command watchers
2020-07-09 01:20:11,164 [Listener at 127.0.0.1/39385] INFO  server.StorageContainerManager (StorageContainerManager.java:stop(839)) - Stopping datanode service RPC server
2020-07-09 01:20:11,164 [Listener at 127.0.0.1/39385] INFO  server.SCMDatanodeProtocolServer (SCMDatanodeProtocolServer.java:stop(361)) - Stopping the RPC server for DataNodes
2020-07-09 01:20:11,164 [Listener at 127.0.0.1/39385] INFO  ipc.Server (Server.java:stop(3359)) - Stopping server on 45223
2020-07-09 01:20:11,164 [CommandWatcher-LeaseManager#LeaseMonitor] ERROR lease.LeaseManager (LeaseManager.java:run(238)) - Execution was interrupted 
java.lang.InterruptedException: sleep interrupted
	at java.lang.Thread.sleep(Native Method)
	at org.apache.hadoop.ozone.lease.LeaseManager$LeaseMonitor.run(LeaseManager.java:234)
	at java.lang.Thread.run(Thread.java:748)
2020-07-09 01:20:11,166 [IPC Server listener on 0] INFO  ipc.Server (Server.java:run(1330)) - Stopping IPC Server listener on 0
2020-07-09 01:20:11,167 [IPC Server Responder] INFO  ipc.Server (Server.java:run(1465)) - Stopping IPC Server Responder
2020-07-09 01:20:11,206 [SCM Heartbeat Processing Thread - 0] WARN  node.NodeStateManager (NodeStateManager.java:scheduleNextHealthCheck(661)) - Current Thread is interrupted, shutting down HB processing thread for Node Manager.
2020-07-09 01:20:11,207 [Listener at 127.0.0.1/39385] INFO  server.StorageContainerManager (StorageContainerManager.java:stop(847)) - Stopping block service RPC server
2020-07-09 01:20:11,207 [Listener at 127.0.0.1/39385] INFO  server.SCMBlockProtocolServer (SCMBlockProtocolServer.java:stop(158)) - Stopping the RPC server for Block Protocol
2020-07-09 01:20:11,207 [Listener at 127.0.0.1/39385] INFO  ipc.Server (Server.java:stop(3359)) - Stopping server on 39513
2020-07-09 01:20:11,210 [IPC Server listener on 0] INFO  ipc.Server (Server.java:run(1330)) - Stopping IPC Server listener on 0
2020-07-09 01:20:11,210 [Listener at 127.0.0.1/39385] INFO  server.StorageContainerManager (StorageContainerManager.java:stop(854)) - Stopping the StorageContainerLocationProtocol RPC server
2020-07-09 01:20:11,210 [Listener at 127.0.0.1/39385] INFO  server.SCMClientProtocolServer (SCMClientProtocolServer.java:stop(165)) - Stopping the RPC server for Client Protocol
2020-07-09 01:20:11,210 [Listener at 127.0.0.1/39385] INFO  ipc.Server (Server.java:stop(3359)) - Stopping server on 38511
2020-07-09 01:20:11,211 [IPC Server Responder] INFO  ipc.Server (Server.java:run(1465)) - Stopping IPC Server Responder
2020-07-09 01:20:11,212 [IPC Server listener on 0] INFO  ipc.Server (Server.java:run(1330)) - Stopping IPC Server listener on 0
2020-07-09 01:20:11,212 [Listener at 127.0.0.1/39385] INFO  server.StorageContainerManager (StorageContainerManager.java:stop(861)) - Stopping Storage Container Manager HTTP server.
2020-07-09 01:20:11,213 [IPC Server Responder] INFO  ipc.Server (Server.java:run(1465)) - Stopping IPC Server Responder
2020-07-09 01:20:11,213 [Listener at 127.0.0.1/39385] INFO  handler.ContextHandler (ContextHandler.java:doStop(1016)) - Stopped o.e.j.w.WebAppContext@21a46ff1{scm,/,null,UNAVAILABLE}{file:/github/workspace/mnt/ozone/hadoop-ozone/integration-test/target/test-classes/webapps/scm}
2020-07-09 01:20:11,215 [Listener at 127.0.0.1/39385] INFO  server.AbstractConnector (AbstractConnector.java:doStop(380)) - Stopped ServerConnector@1dad01fe{HTTP/1.1,[http/1.1]}{0.0.0.0:0}
2020-07-09 01:20:11,215 [Listener at 127.0.0.1/39385] INFO  server.session (HouseKeeper.java:stopScavenging(158)) - node0 Stopped scavenging
2020-07-09 01:20:11,215 [Listener at 127.0.0.1/39385] INFO  handler.ContextHandler (ContextHandler.java:doStop(1016)) - Stopped o.e.j.s.ServletContextHandler@41d16cc3{static,/static,file:///github/workspace/mnt/ozone/hadoop-ozone/integration-test/target/test-classes/webapps/static,UNAVAILABLE}
2020-07-09 01:20:11,215 [Listener at 127.0.0.1/39385] INFO  handler.ContextHandler (ContextHandler.java:doStop(1016)) - Stopped o.e.j.s.ServletContextHandler@ab24484{logs,/logs,file:///github/workspace/mnt/ozone/hadoop-ozone/integration-test/target/log,UNAVAILABLE}
2020-07-09 01:20:11,216 [Listener at 127.0.0.1/39385] INFO  server.StorageContainerManager (StorageContainerManager.java:stop(872)) - Stopping Block Manager Service.
2020-07-09 01:20:11,217 [Listener at 127.0.0.1/39385] INFO  utils.BackgroundService (BackgroundService.java:shutdown(157)) - Shutting down service SCMBlockDeletingService
2020-07-09 01:20:11,217 [Listener at 127.0.0.1/39385] INFO  utils.BackgroundService (BackgroundService.java:shutdown(157)) - Shutting down service SCMBlockDeletingService
2020-07-09 01:20:11,217 [Listener at 127.0.0.1/39385] INFO  server.StorageContainerManager (StorageContainerManager.java:stop(897)) - Stopping SCM Event Queue.
2020-07-09 01:20:11,222 [Listener at 127.0.0.1/39385] INFO  impl.MetricsSystemImpl (MetricsSystemImpl.java:stop(210)) - Stopping XceiverClientMetrics metrics system...
2020-07-09 01:20:11,227 [prometheus] INFO  impl.MetricsSinkAdapter (MetricsSinkAdapter.java:publishMetricsFromQueue(141)) - prometheus thread interrupted.
2020-07-09 01:20:11,227 [Listener at 127.0.0.1/39385] INFO  impl.MetricsSystemImpl (MetricsSystemImpl.java:stop(216)) - XceiverClientMetrics metrics system stopped.
]]></system-out>
    <system-err><![CDATA[ERROR StatusLogger No Log4j 2 configuration file found. Using default configuration (logging only errors to the console), or user programmatically provided configurations. Set system property 'log4j2.debug' to show Log4j 2 internal initialization logging. See https://logging.apache.org/log4j/2.x/manual/configuration.html for instructions on how to configure Log4j 2
]]></system-err>
  </testcase>
  <testcase name="testWatchForCommitForRetryfailure" classname="org.apache.hadoop.ozone.client.rpc.TestWatchForCommit" time="68.22"/>
  <testcase name="testWatchForCommitForGroupMismatchException" classname="org.apache.hadoop.ozone.client.rpc.TestWatchForCommit" time="38.384"/>
  <testcase name="test2WayCommitForTimeoutException" classname="org.apache.hadoop.ozone.client.rpc.TestWatchForCommit" time="41.66"/>
</testsuite>