<?xml version="1.0" encoding="UTF-8"?>
<testsuite xmlns:xsi="http://www.w3.org/2001/XMLSchema-instance" xsi:noNamespaceSchemaLocation="https://maven.apache.org/surefire/maven-surefire-plugin/xsd/surefire-test-report.xsd" version="3.0.2" name="org.apache.hadoop.ozone.om.TestOzoneManagerHAWithStoppedNodes" time="198.245" tests="12" errors="1" skipped="0" failures="0">
  <properties>
    <property name="java.specification.version" value="21"/>
    <property name="sun.jnu.encoding" value="UTF-8"/>
    <property name="java.class.path" value="/home/runner/work/ozone/ozone/hadoop-ozone/integration-test/target/test-classes:/home/runner/work/ozone/ozone/hadoop-ozone/integration-test/target/classes:/home/runner/work/ozone/ozone/hadoop-hdds/server-scm/target/hdds-server-scm-2.1.0-SNAPSHOT.jar:/home/runner/.m2/repository/com/fasterxml/jackson/core/jackson-annotations/2.16.2/jackson-annotations-2.16.2.jar:/home/runner/.m2/repository/com/fasterxml/jackson/core/jackson-core/2.16.2/jackson-core-2.16.2.jar:/home/runner/.m2/repository/com/fasterxml/jackson/core/jackson-databind/2.16.2/jackson-databind-2.16.2.jar:/home/runner/.m2/repository/com/google/guava/guava/32.1.3-jre/guava-32.1.3-jre.jar:/home/runner/.m2/repository/com/google/guava/failureaccess/1.0.1/failureaccess-1.0.1.jar:/home/runner/.m2/repository/com/google/guava/listenablefuture/9999.0-empty-to-avoid-conflict-with-guava/listenablefuture-9999.0-empty-to-avoid-conflict-with-guava.jar:/home/runner/.m2/repository/org/checkerframework/checker-qual/3.37.0/checker-qual-3.37.0.jar:/home/runner/.m2/repository/com/google/errorprone/error_prone_annotations/2.29.2/error_prone_annotations-2.29.2.jar:/home/runner/.m2/repository/com/google/j2objc/j2objc-annotations/2.8/j2objc-annotations-2.8.jar:/home/runner/.m2/repository/com/google/protobuf/protobuf-java/2.5.0/protobuf-java-2.5.0.jar:/home/runner/.m2/repository/commons-collections/commons-collections/3.2.2/commons-collections-3.2.2.jar:/home/runner/.m2/repository/commons-io/commons-io/2.18.0/commons-io-2.18.0.jar:/home/runner/.m2/repository/info/picocli/picocli/4.7.7/picocli-4.7.7.jar:/home/runner/.m2/repository/io/dropwizard/metrics/metrics-core/3.2.6/metrics-core-3.2.6.jar:/home/runner/.m2/repository/jakarta/annotation/jakarta.annotation-api/2.1.1/jakarta.annotation-api-2.1.1.jar:/home/runner/.m2/repository/javax/servlet/javax.servlet-api/3.1.0/javax.servlet-api-3.1.0.jar:/home/runner/.m2/repository/org/apache/commons/commons-compress/1.27.1/commons-compress-1.27.1.jar:/home/runner/.m2/repository/org/apache/commons/commons-text/1.12.0/commons-text-1.12.0.jar:/home/runner/work/ozone/ozone/hadoop-hdds/client/target/hdds-client-2.1.0-SNAPSHOT.jar:/home/runner/work/ozone/ozone/hadoop-hdds/common/target/hdds-common-2.1.0-SNAPSHOT.jar:/home/runner/work/ozone/ozone/hadoop-hdds/config/target/hdds-config-2.1.0-SNAPSHOT.jar:/home/runner/work/ozone/ozone/hadoop-hdds/container-service/target/hdds-container-service-2.1.0-SNAPSHOT.jar:/home/runner/work/ozone/ozone/hadoop-hdds/hadoop-dependency-client/target/hdds-hadoop-dependency-client-2.1.0-SNAPSHOT.jar:/home/runner/.m2/repository/com/nimbusds/nimbus-jose-jwt/9.40/nimbus-jose-jwt-9.40.jar:/home/runner/work/ozone/ozone/hadoop-hdds/hadoop-dependency-server/target/hdds-hadoop-dependency-server-2.1.0-SNAPSHOT.jar:/home/runner/.m2/repository/org/apache/hadoop/hadoop-hdfs/3.4.1/hadoop-hdfs-3.4.1.jar:/home/runner/.m2/repository/org/apache/kerby/kerb-util/1.0.1/kerb-util-1.0.1.jar:/home/runner/.m2/repository/org/apache/kerby/kerby-config/1.0.1/kerby-config-1.0.1.jar:/home/runner/.m2/repository/org/apache/kerby/kerb-crypto/1.0.1/kerb-crypto-1.0.1.jar:/home/runner/work/ozone/ozone/hadoop-hdds/interface-admin/target/hdds-interface-admin-2.1.0-SNAPSHOT.jar:/home/runner/work/ozone/ozone/hadoop-hdds/interface-client/target/hdds-interface-client-2.1.0-SNAPSHOT.jar:/home/runner/work/ozone/ozone/hadoop-hdds/interface-server/target/hdds-interface-server-2.1.0-SNAPSHOT.jar:/home/runner/work/ozone/ozone/hadoop-hdds/framework/target/hdds-server-framework-2.1.0-SNAPSHOT.jar:/home/runner/.m2/repository/org/apache/ratis/ratis-client/3.1.2/ratis-client-3.1.2.jar:/home/runner/.m2/repository/org/apache/ratis/ratis-common/3.1.2/ratis-common-3.1.2.jar:/home/runner/.m2/repository/org/apache/ratis/ratis-grpc/3.1.2/ratis-grpc-3.1.2.jar:/home/runner/.m2/repository/org/apache/ratis/ratis-netty/3.1.2/ratis-netty-3.1.2.jar:/home/runner/.m2/repository/org/apache/ratis/ratis-proto/3.1.2/ratis-proto-3.1.2.jar:/home/runner/.m2/repository/org/apache/ratis/ratis-server-api/3.1.2/ratis-server-api-3.1.2.jar:/home/runner/.m2/repository/org/apache/ratis/ratis-thirdparty-misc/1.0.6/ratis-thirdparty-misc-1.0.6.jar:/home/runner/.m2/repository/org/bouncycastle/bcpkix-jdk18on/1.80/bcpkix-jdk18on-1.80.jar:/home/runner/.m2/repository/org/bouncycastle/bcprov-jdk18on/1.80/bcprov-jdk18on-1.80.jar:/home/runner/.m2/repository/org/eclipse/jetty/jetty-webapp/9.4.57.v20241219/jetty-webapp-9.4.57.v20241219.jar:/home/runner/.m2/repository/org/eclipse/jetty/jetty-xml/9.4.57.v20241219/jetty-xml-9.4.57.v20241219.jar:/home/runner/.m2/repository/org/slf4j/slf4j-api/2.0.17/slf4j-api-2.0.17.jar:/home/runner/work/ozone/ozone/hadoop-hdds/tools/target/hdds-tools-2.1.0-SNAPSHOT.jar:/home/runner/.m2/repository/ch/qos/reload4j/reload4j/1.2.26/reload4j-1.2.26.jar:/home/runner/.m2/repository/com/fasterxml/jackson/datatype/jackson-datatype-jsr310/2.16.2/jackson-datatype-jsr310-2.16.2.jar:/home/runner/.m2/repository/commons-cli/commons-cli/1.8.0/commons-cli-1.8.0.jar:/home/runner/.m2/repository/org/apache/ratis/ratis-tools/3.1.2/ratis-tools-3.1.2.jar:/home/runner/.m2/repository/org/kohsuke/metainf-services/metainf-services/1.11/metainf-services-1.11.jar:/home/runner/.m2/repository/org/slf4j/slf4j-reload4j/2.0.17/slf4j-reload4j-2.0.17.jar:/home/runner/.m2/repository/org/xerial/sqlite-jdbc/3.49.1.0/sqlite-jdbc-3.49.1.0.jar:/home/runner/work/ozone/ozone/hadoop-ozone/cli-shell/target/ozone-cli-shell-2.1.0-SNAPSHOT.jar:/home/runner/.m2/repository/commons-codec/commons-codec/1.17.1/commons-codec-1.17.1.jar:/home/runner/.m2/repository/info/picocli/picocli-shell-jline3/4.7.7/picocli-shell-jline3-4.7.7.jar:/home/runner/.m2/repository/jakarta/xml/bind/jakarta.xml.bind-api/2.3.3/jakarta.xml.bind-api-2.3.3.jar:/home/runner/.m2/repository/org/apache/httpcomponents/httpclient/4.5.14/httpclient-4.5.14.jar:/home/runner/work/ozone/ozone/hadoop-ozone/ozonefs-common/target/ozone-filesystem-common-2.1.0-SNAPSHOT.jar:/home/runner/work/ozone/ozone/hadoop-ozone/interface-client/target/ozone-interface-client-2.1.0-SNAPSHOT.jar:/home/runner/.m2/repository/org/jline/jline/3.29.0/jline-3.29.0.jar:/home/runner/work/ozone/ozone/hadoop-ozone/client/target/ozone-client-2.1.0-SNAPSHOT.jar:/home/runner/.m2/repository/com/github/stephenc/jcip/jcip-annotations/1.0-1/jcip-annotations-1.0-1.jar:/home/runner/work/ozone/ozone/hadoop-hdds/erasurecode/target/hdds-erasurecode-2.1.0-SNAPSHOT.jar:/home/runner/work/ozone/ozone/hadoop-ozone/common/target/ozone-common-2.1.0-SNAPSHOT.jar:/home/runner/.m2/repository/io/grpc/grpc-api/1.58.0/grpc-api-1.58.0.jar:/home/runner/.m2/repository/io/grpc/grpc-netty/1.58.0/grpc-netty-1.58.0.jar:/home/runner/.m2/repository/io/grpc/grpc-core/1.58.0/grpc-core-1.58.0.jar:/home/runner/.m2/repository/com/google/android/annotations/4.1.1.4/annotations-4.1.1.4.jar:/home/runner/.m2/repository/org/codehaus/mojo/animal-sniffer-annotations/1.23/animal-sniffer-annotations-1.23.jar:/home/runner/.m2/repository/io/grpc/grpc-context/1.58.0/grpc-context-1.58.0.jar:/home/runner/.m2/repository/io/grpc/grpc-util/1.58.0/grpc-util-1.58.0.jar:/home/runner/.m2/repository/io/perfmark/perfmark-api/0.26.0/perfmark-api-0.26.0.jar:/home/runner/.m2/repository/io/grpc/grpc-stub/1.58.0/grpc-stub-1.58.0.jar:/home/runner/.m2/repository/io/netty/netty-codec-http2/4.1.109.Final/netty-codec-http2-4.1.109.Final.jar:/home/runner/.m2/repository/io/netty/netty-codec-http/4.1.109.Final/netty-codec-http-4.1.109.Final.jar:/home/runner/.m2/repository/io/netty/netty-common/4.1.109.Final/netty-common-4.1.109.Final.jar:/home/runner/.m2/repository/io/netty/netty-handler/4.1.109.Final/netty-handler-4.1.109.Final.jar:/home/runner/.m2/repository/io/netty/netty-resolver/4.1.109.Final/netty-resolver-4.1.109.Final.jar:/home/runner/.m2/repository/io/netty/netty-handler-proxy/4.1.109.Final/netty-handler-proxy-4.1.109.Final.jar:/home/runner/.m2/repository/io/netty/netty-codec-socks/4.1.109.Final/netty-codec-socks-4.1.109.Final.jar:/home/runner/.m2/repository/org/apache/httpcomponents/httpcore/4.4.16/httpcore-4.4.16.jar:/home/runner/.m2/repository/io/netty/netty-tcnative-boringssl-static/2.0.65.Final/netty-tcnative-boringssl-static-2.0.65.Final.jar:/home/runner/.m2/repository/io/netty/netty-tcnative-classes/2.0.65.Final/netty-tcnative-classes-2.0.65.Final.jar:/home/runner/.m2/repository/io/netty/netty-tcnative-boringssl-static/2.0.65.Final/netty-tcnative-boringssl-static-2.0.65.Final-linux-x86_64.jar:/home/runner/.m2/repository/io/netty/netty-tcnative-boringssl-static/2.0.65.Final/netty-tcnative-boringssl-static-2.0.65.Final-linux-aarch_64.jar:/home/runner/.m2/repository/io/netty/netty-tcnative-boringssl-static/2.0.65.Final/netty-tcnative-boringssl-static-2.0.65.Final-osx-x86_64.jar:/home/runner/.m2/repository/io/netty/netty-tcnative-boringssl-static/2.0.65.Final/netty-tcnative-boringssl-static-2.0.65.Final-osx-aarch_64.jar:/home/runner/.m2/repository/io/netty/netty-tcnative-boringssl-static/2.0.65.Final/netty-tcnative-boringssl-static-2.0.65.Final-windows-x86_64.jar:/home/runner/work/ozone/ozone/hadoop-ozone/csi/target/ozone-csi-2.1.0-SNAPSHOT.jar:/home/runner/.m2/repository/com/google/protobuf/protobuf-java-util/3.19.6/protobuf-java-util-3.19.6.jar:/home/runner/.m2/repository/io/grpc/grpc-protobuf/1.58.0/grpc-protobuf-1.58.0.jar:/home/runner/.m2/repository/com/google/api/grpc/proto-google-common-protos/2.22.0/proto-google-common-protos-2.22.0.jar:/home/runner/.m2/repository/io/grpc/grpc-protobuf-lite/1.58.0/grpc-protobuf-lite-1.58.0.jar:/home/runner/.m2/repository/io/netty/netty-transport/4.1.109.Final/netty-transport-4.1.109.Final.jar:/home/runner/.m2/repository/io/netty/netty-transport-classes-epoll/4.1.109.Final/netty-transport-classes-epoll-4.1.109.Final.jar:/home/runner/.m2/repository/io/netty/netty-transport-native-epoll/4.1.109.Final/netty-transport-native-epoll-4.1.109.Final-linux-x86_64.jar:/home/runner/.m2/repository/io/netty/netty-transport-native-unix-common/4.1.109.Final/netty-transport-native-unix-common-4.1.109.Final.jar:/home/runner/work/ozone/ozone/hadoop-ozone/ozonefs/target/ozone-filesystem-2.1.0-SNAPSHOT.jar:/home/runner/.m2/repository/io/opentracing/opentracing-api/0.33.0/opentracing-api-0.33.0.jar:/home/runner/.m2/repository/io/opentracing/opentracing-util/0.33.0/opentracing-util-0.33.0.jar:/home/runner/.m2/repository/io/opentracing/opentracing-noop/0.33.0/opentracing-noop-0.33.0.jar:/home/runner/work/ozone/ozone/hadoop-ozone/ozone-manager/target/ozone-manager-2.1.0-SNAPSHOT.jar:/home/runner/.m2/repository/com/sun/jersey/jersey-client/1.19.4/jersey-client-1.19.4.jar:/home/runner/.m2/repository/org/apache/kerby/kerby-util/1.0.1/kerby-util-1.0.1.jar:/home/runner/.m2/repository/org/apache/logging/log4j/log4j-api/2.24.2/log4j-api-2.24.2.jar:/home/runner/work/ozone/ozone/hadoop-hdds/managed-rocksdb/target/hdds-managed-rocksdb-2.1.0-SNAPSHOT.jar:/home/runner/work/ozone/ozone/hadoop-hdds/rocks-native/target/hdds-rocks-native-2.1.0-SNAPSHOT.jar:/home/runner/.m2/repository/org/eclipse/jetty/jetty-io/9.4.57.v20241219/jetty-io-9.4.57.v20241219.jar:/home/runner/work/ozone/ozone/hadoop-ozone/interface-storage/target/ozone-interface-storage-2.1.0-SNAPSHOT.jar:/home/runner/work/ozone/ozone/hadoop-hdds/rocksdb-checkpoint-differ/target/rocksdb-checkpoint-differ-2.1.0-SNAPSHOT.jar:/home/runner/.m2/repository/com/github/vlsi/mxgraph/jgraphx/3.9.12/jgraphx-3.9.12.jar:/home/runner/.m2/repository/org/jgrapht/jgrapht-core/1.4.0/jgrapht-core-1.4.0.jar:/home/runner/.m2/repository/org/jheaps/jheaps/0.11/jheaps-0.11.jar:/home/runner/.m2/repository/org/jgrapht/jgrapht-ext/1.4.0/jgrapht-ext-1.4.0.jar:/home/runner/.m2/repository/org/apache/ranger/ranger-intg/2.6.0/ranger-intg-2.6.0.jar:/home/runner/.m2/repository/org/apache/ranger/ranger-plugins-common/2.6.0/ranger-plugins-common-2.6.0.jar:/home/runner/.m2/repository/com/fasterxml/jackson/jaxrs/jackson-jaxrs-base/2.16.2/jackson-jaxrs-base-2.16.2.jar:/home/runner/.m2/repository/com/fasterxml/jackson/jaxrs/jackson-jaxrs-json-provider/2.16.2/jackson-jaxrs-json-provider-2.16.2.jar:/home/runner/.m2/repository/com/kstruct/gethostname4j/1.0.0/gethostname4j-1.0.0.jar:/home/runner/.m2/repository/commons-lang/commons-lang/2.6/commons-lang-2.6.jar:/home/runner/.m2/repository/net/java/dev/jna/jna/5.2.0/jna-5.2.0.jar:/home/runner/.m2/repository/net/java/dev/jna/jna-platform/5.2.0/jna-platform-5.2.0.jar:/home/runner/.m2/repository/org/apache/ranger/ranger-plugin-classloader/2.6.0/ranger-plugin-classloader-2.6.0.jar:/home/runner/.m2/repository/org/apache/ranger/ranger-plugins-audit/2.6.0/ranger-plugins-audit-2.6.0.jar:/home/runner/.m2/repository/com/amazonaws/aws-java-sdk-logs/1.12.765/aws-java-sdk-logs-1.12.765.jar:/home/runner/.m2/repository/com/carrotsearch/hppc/0.8.0/hppc-0.8.0.jar:/home/runner/.m2/repository/io/airlift/aircompressor/0.27/aircompressor-0.27.jar:/home/runner/.m2/repository/org/apache/httpcomponents/httpasyncclient/4.1.4/httpasyncclient-4.1.4.jar:/home/runner/.m2/repository/org/apache/httpcomponents/httpcore-nio/4.4.16/httpcore-nio-4.4.16.jar:/home/runner/.m2/repository/org/apache/httpcomponents/httpmime/4.5.13/httpmime-4.5.13.jar:/home/runner/.m2/repository/org/apache/orc/orc-core/1.5.8/orc-core-1.5.8.jar:/home/runner/.m2/repository/org/apache/orc/orc-shims/1.5.8/orc-shims-1.5.8.jar:/home/runner/.m2/repository/org/eclipse/jetty/jetty-client/9.4.57.v20241219/jetty-client-9.4.57.v20241219.jar:/home/runner/.m2/repository/org/apache/ranger/ranger-plugins-cred/2.6.0/ranger-plugins-cred-2.6.0.jar:/home/runner/.m2/repository/org/aspectj/aspectjrt/1.9.7/aspectjrt-1.9.7.jar:/home/runner/.m2/repository/org/aspectj/aspectjweaver/1.9.7/aspectjweaver-1.9.7.jar:/home/runner/.m2/repository/org/eclipse/jetty/jetty-util/9.4.57.v20241219/jetty-util-9.4.57.v20241219.jar:/home/runner/.m2/repository/org/reflections/reflections/0.10.2/reflections-0.10.2.jar:/home/runner/.m2/repository/org/rocksdb/rocksdbjni/7.7.3/rocksdbjni-7.7.3.jar:/home/runner/work/ozone/ozone/hadoop-ozone/recon/target/ozone-recon-2.1.0-SNAPSHOT.jar:/home/runner/.m2/repository/aopalliance/aopalliance/1.0/aopalliance-1.0.jar:/home/runner/.m2/repository/com/google/inject/guice/6.0.0/guice-6.0.0.jar:/home/runner/.m2/repository/jakarta/inject/jakarta.inject-api/2.0.1/jakarta.inject-api-2.0.1.jar:/home/runner/.m2/repository/com/google/inject/extensions/guice-assistedinject/6.0.0/guice-assistedinject-6.0.0.jar:/home/runner/.m2/repository/com/google/inject/extensions/guice-servlet/6.0.0/guice-servlet-6.0.0.jar:/home/runner/.m2/repository/com/jolbox/bonecp/0.8.0.RELEASE/bonecp-0.8.0.RELEASE.jar:/home/runner/.m2/repository/jakarta/activation/jakarta.activation-api/1.2.2/jakarta.activation-api-1.2.2.jar:/home/runner/.m2/repository/jakarta/validation/jakarta.validation-api/2.0.2/jakarta.validation-api-2.0.2.jar:/home/runner/.m2/repository/jakarta/ws/rs/jakarta.ws.rs-api/2.1.6/jakarta.ws.rs-api-2.1.6.jar:/home/runner/.m2/repository/javax/inject/javax.inject/1/javax.inject-1.jar:/home/runner/.m2/repository/org/apache/derby/derby/10.14.2.0/derby-10.14.2.0.jar:/home/runner/work/ozone/ozone/hadoop-ozone/recon-codegen/target/ozone-reconcodegen-2.1.0-SNAPSHOT.jar:/home/runner/.m2/repository/org/eclipse/jetty/jetty-servlet/9.4.57.v20241219/jetty-servlet-9.4.57.v20241219.jar:/home/runner/.m2/repository/org/eclipse/jetty/jetty-security/9.4.57.v20241219/jetty-security-9.4.57.v20241219.jar:/home/runner/.m2/repository/org/glassfish/hk2/guice-bridge/2.6.1/guice-bridge-2.6.1.jar:/home/runner/.m2/repository/org/glassfish/hk2/hk2-api/2.6.1/hk2-api-2.6.1.jar:/home/runner/.m2/repository/org/glassfish/hk2/hk2-utils/2.6.1/hk2-utils-2.6.1.jar:/home/runner/.m2/repository/org/glassfish/hk2/external/aopalliance-repackaged/2.6.1/aopalliance-repackaged-2.6.1.jar:/home/runner/.m2/repository/org/glassfish/hk2/external/jakarta.inject/2.6.1/jakarta.inject-2.6.1.jar:/home/runner/.m2/repository/org/glassfish/jersey/containers/jersey-container-servlet/2.46/jersey-container-servlet-2.46.jar:/home/runner/.m2/repository/org/glassfish/jersey/containers/jersey-container-servlet-core/2.46/jersey-container-servlet-core-2.46.jar:/home/runner/.m2/repository/org/glassfish/jersey/core/jersey-common/2.46/jersey-common-2.46.jar:/home/runner/.m2/repository/org/glassfish/hk2/osgi-resource-locator/1.0.3/osgi-resource-locator-1.0.3.jar:/home/runner/.m2/repository/org/glassfish/jersey/core/jersey-server/2.46/jersey-server-2.46.jar:/home/runner/.m2/repository/org/glassfish/jersey/core/jersey-client/2.46/jersey-client-2.46.jar:/home/runner/.m2/repository/org/glassfish/jersey/inject/jersey-hk2/2.46/jersey-hk2-2.46.jar:/home/runner/.m2/repository/org/glassfish/hk2/hk2-locator/2.6.1/hk2-locator-2.6.1.jar:/home/runner/.m2/repository/org/glassfish/jersey/media/jersey-media-jaxb/2.46/jersey-media-jaxb-2.46.jar:/home/runner/.m2/repository/org/glassfish/jersey/media/jersey-media-json-jackson/2.46/jersey-media-json-jackson-2.46.jar:/home/runner/.m2/repository/org/glassfish/jersey/ext/jersey-entity-filtering/2.46/jersey-entity-filtering-2.46.jar:/home/runner/.m2/repository/com/fasterxml/jackson/module/jackson-module-jaxb-annotations/2.16.2/jackson-module-jaxb-annotations-2.16.2.jar:/home/runner/.m2/repository/org/javassist/javassist/3.30.2-GA/javassist-3.30.2-GA.jar:/home/runner/.m2/repository/org/jooq/jooq/3.11.10/jooq-3.11.10.jar:/home/runner/.m2/repository/org/jooq/jooq-codegen/3.11.10/jooq-codegen-3.11.10.jar:/home/runner/.m2/repository/org/jooq/jooq-meta/3.11.10/jooq-meta-3.11.10.jar:/home/runner/.m2/repository/org/springframework/spring-core/5.3.39/spring-core-5.3.39.jar:/home/runner/.m2/repository/org/springframework/spring-jdbc/5.3.39/spring-jdbc-5.3.39.jar:/home/runner/.m2/repository/org/springframework/spring-beans/5.3.39/spring-beans-5.3.39.jar:/home/runner/.m2/repository/org/springframework/spring-tx/5.3.39/spring-tx-5.3.39.jar:/home/runner/work/ozone/ozone/hadoop-ozone/s3gateway/target/ozone-s3gateway-2.1.0-SNAPSHOT.jar:/home/runner/work/ozone/ozone/hadoop-ozone/tools/target/ozone-tools-2.1.0-SNAPSHOT.jar:/home/runner/.m2/repository/com/amazonaws/aws-java-sdk-core/1.12.661/aws-java-sdk-core-1.12.661.jar:/home/runner/.m2/repository/com/fasterxml/jackson/dataformat/jackson-dataformat-cbor/2.16.2/jackson-dataformat-cbor-2.16.2.jar:/home/runner/.m2/repository/joda-time/joda-time/2.12.7/joda-time-2.12.7.jar:/home/runner/.m2/repository/com/amazonaws/aws-java-sdk-s3/1.12.661/aws-java-sdk-s3-1.12.661.jar:/home/runner/.m2/repository/com/amazonaws/aws-java-sdk-kms/1.12.661/aws-java-sdk-kms-1.12.661.jar:/home/runner/.m2/repository/com/amazonaws/jmespath-java/1.12.661/jmespath-java-1.12.661.jar:/home/runner/.m2/repository/org/apache/ratis/ratis-shell/3.1.2/ratis-shell-3.1.2.jar:/home/runner/.m2/repository/org/glassfish/jaxb/jaxb-runtime/2.3.9/jaxb-runtime-2.3.9.jar:/home/runner/.m2/repository/org/glassfish/jaxb/txw2/2.3.9/txw2-2.3.9.jar:/home/runner/.m2/repository/com/sun/istack/istack-commons-runtime/3.0.12/istack-commons-runtime-3.0.12.jar:/home/runner/.m2/repository/com/sun/activation/jakarta.activation/1.2.2/jakarta.activation-1.2.2.jar:/home/runner/.m2/repository/org/apache/ratis/ratis-server/3.1.2/ratis-server-3.1.2.jar:/home/runner/.m2/repository/org/apache/ratis/ratis-metrics-api/3.1.2/ratis-metrics-api-3.1.2.jar:/home/runner/.m2/repository/org/hamcrest/hamcrest/2.2/hamcrest-2.2.jar:/home/runner/.m2/repository/org/slf4j/jul-to-slf4j/2.0.17/jul-to-slf4j-2.0.17.jar:/home/runner/.m2/repository/org/apache/commons/commons-lang3/3.17.0/commons-lang3-3.17.0.jar:/home/runner/.m2/repository/org/apache/hadoop/hadoop-common/3.4.1/hadoop-common-3.4.1-tests.jar:/home/runner/.m2/repository/org/apache/hadoop/thirdparty/hadoop-shaded-protobuf_3_25/1.4.0/hadoop-shaded-protobuf_3_25-1.4.0.jar:/home/runner/.m2/repository/org/apache/hadoop/hadoop-annotations/3.4.1/hadoop-annotations-3.4.1.jar:/home/runner/.m2/repository/org/apache/hadoop/thirdparty/hadoop-shaded-guava/1.3.0/hadoop-shaded-guava-1.3.0.jar:/home/runner/.m2/repository/org/apache/commons/commons-math3/3.6.1/commons-math3-3.6.1.jar:/home/runner/.m2/repository/commons-net/commons-net/3.11.1/commons-net-3.11.1.jar:/home/runner/.m2/repository/org/eclipse/jetty/jetty-server/9.4.57.v20241219/jetty-server-9.4.57.v20241219.jar:/home/runner/.m2/repository/javax/servlet/jsp/jsp-api/2.1/jsp-api-2.1.jar:/home/runner/.m2/repository/com/sun/jersey/jersey-core/1.19.4/jersey-core-1.19.4.jar:/home/runner/.m2/repository/javax/ws/rs/jsr311-api/1.1.1/jsr311-api-1.1.1.jar:/home/runner/.m2/repository/com/sun/jersey/jersey-servlet/1.19.4/jersey-servlet-1.19.4.jar:/home/runner/.m2/repository/com/github/pjfanning/jersey-json/1.22.0/jersey-json-1.22.0.jar:/home/runner/.m2/repository/com/sun/xml/bind/jaxb-impl/2.2.3-1/jaxb-impl-2.2.3-1.jar:/home/runner/.m2/repository/org/codehaus/jettison/jettison/1.5.4/jettison-1.5.4.jar:/home/runner/.m2/repository/com/sun/jersey/jersey-server/1.19.4/jersey-server-1.19.4.jar:/home/runner/.m2/repository/commons-beanutils/commons-beanutils/1.9.4/commons-beanutils-1.9.4.jar:/home/runner/.m2/repository/org/apache/commons/commons-configuration2/2.11.0/commons-configuration2-2.11.0.jar:/home/runner/.m2/repository/org/apache/avro/avro/1.9.2/avro-1.9.2.jar:/home/runner/.m2/repository/com/google/re2j/re2j/1.7/re2j-1.7.jar:/home/runner/.m2/repository/com/google/code/gson/gson/2.10.1/gson-2.10.1.jar:/home/runner/.m2/repository/org/apache/hadoop/hadoop-auth/3.4.1/hadoop-auth-3.4.1.jar:/home/runner/.m2/repository/org/apache/curator/curator-framework/4.2.0/curator-framework-4.2.0.jar:/home/runner/.m2/repository/com/jcraft/jsch/0.1.55/jsch-0.1.55.jar:/home/runner/.m2/repository/org/apache/curator/curator-client/4.2.0/curator-client-4.2.0.jar:/home/runner/.m2/repository/org/apache/curator/curator-recipes/5.2.0/curator-recipes-5.2.0.jar:/home/runner/.m2/repository/com/google/code/findbugs/jsr305/3.0.2/jsr305-3.0.2.jar:/home/runner/.m2/repository/org/apache/zookeeper/zookeeper/3.8.4/zookeeper-3.8.4.jar:/home/runner/.m2/repository/org/apache/zookeeper/zookeeper-jute/3.8.4/zookeeper-jute-3.8.4.jar:/home/runner/.m2/repository/org/apache/yetus/audience-annotations/0.12.0/audience-annotations-0.12.0.jar:/home/runner/.m2/repository/io/netty/netty-transport-native-epoll/4.1.109.Final/netty-transport-native-epoll-4.1.109.Final.jar:/home/runner/.m2/repository/org/apache/kerby/kerb-core/1.0.1/kerb-core-1.0.1.jar:/home/runner/.m2/repository/org/apache/kerby/kerby-pkix/1.0.1/kerby-pkix-1.0.1.jar:/home/runner/.m2/repository/org/apache/kerby/kerby-asn1/1.0.1/kerby-asn1-1.0.1.jar:/home/runner/.m2/repository/org/codehaus/woodstox/stax2-api/4.2.1/stax2-api-4.2.1.jar:/home/runner/.m2/repository/com/fasterxml/woodstox/woodstox-core/5.4.0/woodstox-core-5.4.0.jar:/home/runner/.m2/repository/dnsjava/dnsjava/3.6.1/dnsjava-3.6.1.jar:/home/runner/.m2/repository/org/xerial/snappy/snappy-java/1.1.10.7/snappy-java-1.1.10.7.jar:/home/runner/.m2/repository/org/apache/hadoop/hadoop-distcp/3.4.1/hadoop-distcp-3.4.1.jar:/home/runner/.m2/repository/org/apache/hadoop/hadoop-distcp/3.4.1/hadoop-distcp-3.4.1-tests.jar:/home/runner/.m2/repository/org/apache/hadoop/hadoop-hdfs/3.4.1/hadoop-hdfs-3.4.1-tests.jar:/home/runner/.m2/repository/org/eclipse/jetty/jetty-util-ajax/9.4.57.v20241219/jetty-util-ajax-9.4.57.v20241219.jar:/home/runner/.m2/repository/commons-daemon/commons-daemon/1.4.0/commons-daemon-1.4.0.jar:/home/runner/.m2/repository/io/netty/netty-all/4.1.109.Final/netty-all-4.1.109.Final.jar:/home/runner/.m2/repository/io/netty/netty-codec-dns/4.1.109.Final/netty-codec-dns-4.1.109.Final.jar:/home/runner/.m2/repository/io/netty/netty-codec-haproxy/4.1.109.Final/netty-codec-haproxy-4.1.109.Final.jar:/home/runner/.m2/repository/io/netty/netty-codec-memcache/4.1.109.Final/netty-codec-memcache-4.1.109.Final.jar:/home/runner/.m2/repository/io/netty/netty-codec-mqtt/4.1.109.Final/netty-codec-mqtt-4.1.109.Final.jar:/home/runner/.m2/repository/io/netty/netty-codec-redis/4.1.109.Final/netty-codec-redis-4.1.109.Final.jar:/home/runner/.m2/repository/io/netty/netty-codec-smtp/4.1.109.Final/netty-codec-smtp-4.1.109.Final.jar:/home/runner/.m2/repository/io/netty/netty-codec-stomp/4.1.109.Final/netty-codec-stomp-4.1.109.Final.jar:/home/runner/.m2/repository/io/netty/netty-codec-xml/4.1.109.Final/netty-codec-xml-4.1.109.Final.jar:/home/runner/.m2/repository/io/netty/netty-handler-ssl-ocsp/4.1.109.Final/netty-handler-ssl-ocsp-4.1.109.Final.jar:/home/runner/.m2/repository/io/netty/netty-resolver-dns/4.1.109.Final/netty-resolver-dns-4.1.109.Final.jar:/home/runner/.m2/repository/io/netty/netty-transport-rxtx/4.1.109.Final/netty-transport-rxtx-4.1.109.Final.jar:/home/runner/.m2/repository/io/netty/netty-transport-sctp/4.1.109.Final/netty-transport-sctp-4.1.109.Final.jar:/home/runner/.m2/repository/io/netty/netty-transport-udt/4.1.109.Final/netty-transport-udt-4.1.109.Final.jar:/home/runner/.m2/repository/io/netty/netty-transport-classes-kqueue/4.1.109.Final/netty-transport-classes-kqueue-4.1.109.Final.jar:/home/runner/.m2/repository/io/netty/netty-resolver-dns-classes-macos/4.1.109.Final/netty-resolver-dns-classes-macos-4.1.109.Final.jar:/home/runner/.m2/repository/io/netty/netty-transport-native-epoll/4.1.109.Final/netty-transport-native-epoll-4.1.109.Final-linux-aarch_64.jar:/home/runner/.m2/repository/io/netty/netty-transport-native-epoll/4.1.109.Final/netty-transport-native-epoll-4.1.109.Final-linux-riscv64.jar:/home/runner/.m2/repository/io/netty/netty-transport-native-kqueue/4.1.109.Final/netty-transport-native-kqueue-4.1.109.Final-osx-x86_64.jar:/home/runner/.m2/repository/io/netty/netty-transport-native-kqueue/4.1.109.Final/netty-transport-native-kqueue-4.1.109.Final-osx-aarch_64.jar:/home/runner/.m2/repository/io/netty/netty-resolver-dns-native-macos/4.1.109.Final/netty-resolver-dns-native-macos-4.1.109.Final-osx-x86_64.jar:/home/runner/.m2/repository/io/netty/netty-resolver-dns-native-macos/4.1.109.Final/netty-resolver-dns-native-macos-4.1.109.Final-osx-aarch_64.jar:/home/runner/.m2/repository/org/fusesource/leveldbjni/leveldbjni-all/1.8/leveldbjni-all-1.8.jar:/home/runner/.m2/repository/org/apache/hadoop/hadoop-kms/3.4.1/hadoop-kms-3.4.1.jar:/home/runner/.m2/repository/org/apache/hadoop/hadoop-common/3.4.1/hadoop-common-3.4.1.jar:/home/runner/.m2/repository/org/apache/hadoop/hadoop-kms/3.4.1/hadoop-kms-3.4.1-tests.jar:/home/runner/.m2/repository/org/apache/hadoop/hadoop-mapreduce-client-core/3.4.1/hadoop-mapreduce-client-core-3.4.1.jar:/home/runner/.m2/repository/org/apache/hadoop/hadoop-yarn-client/3.4.1/hadoop-yarn-client-3.4.1.jar:/home/runner/.m2/repository/org/eclipse/jetty/websocket/websocket-client/9.4.53.v20231009/websocket-client-9.4.53.v20231009.jar:/home/runner/.m2/repository/org/eclipse/jetty/websocket/websocket-common/9.4.53.v20231009/websocket-common-9.4.53.v20231009.jar:/home/runner/.m2/repository/org/eclipse/jetty/websocket/websocket-api/9.4.53.v20231009/websocket-api-9.4.53.v20231009.jar:/home/runner/.m2/repository/org/apache/hadoop/hadoop-yarn-api/3.4.1/hadoop-yarn-api-3.4.1.jar:/home/runner/.m2/repository/org/apache/hadoop/hadoop-yarn-common/3.4.1/hadoop-yarn-common-3.4.1.jar:/home/runner/.m2/repository/javax/xml/bind/jaxb-api/2.2.11/jaxb-api-2.2.11.jar:/home/runner/.m2/repository/com/sun/jersey/contribs/jersey-guice/1.19.4/jersey-guice-1.19.4.jar:/home/runner/.m2/repository/org/apache/hadoop/hadoop-hdfs-client/3.4.1/hadoop-hdfs-client-3.4.1.jar:/home/runner/.m2/repository/org/apache/hadoop/hadoop-mapreduce-client-jobclient/3.4.1/hadoop-mapreduce-client-jobclient-3.4.1.jar:/home/runner/.m2/repository/org/apache/hadoop/hadoop-mapreduce-client-common/3.4.1/hadoop-mapreduce-client-common-3.4.1.jar:/home/runner/.m2/repository/org/apache/hadoop/hadoop-minikdc/3.4.1/hadoop-minikdc-3.4.1.jar:/home/runner/.m2/repository/org/apache/kerby/kerb-simplekdc/2.0.3/kerb-simplekdc-2.0.3.jar:/home/runner/.m2/repository/org/apache/kerby/kerb-client/2.0.3/kerb-client-2.0.3.jar:/home/runner/.m2/repository/org/apache/kerby/kerb-common/2.0.3/kerb-common-2.0.3.jar:/home/runner/.m2/repository/org/apache/kerby/token-provider/2.0.3/token-provider-2.0.3.jar:/home/runner/.m2/repository/org/apache/kerby/kerb-admin/2.0.3/kerb-admin-2.0.3.jar:/home/runner/.m2/repository/org/apache/kerby/kerb-server/2.0.3/kerb-server-2.0.3.jar:/home/runner/.m2/repository/org/apache/kerby/kerb-identity/2.0.3/kerb-identity-2.0.3.jar:/home/runner/.m2/repository/org/apache/kerby/kerby-xdr/2.0.3/kerby-xdr-2.0.3.jar:/home/runner/.m2/repository/junit/junit/4.13.2/junit-4.13.2.jar:/home/runner/.m2/repository/org/hamcrest/hamcrest-core/1.3/hamcrest-core-1.3.jar:/home/runner/work/ozone/ozone/hadoop-hdds/common/target/hdds-common-2.1.0-SNAPSHOT-tests.jar:/home/runner/.m2/repository/commons-validator/commons-validator/1.6/commons-validator-1.6.jar:/home/runner/.m2/repository/commons-digester/commons-digester/1.8.1/commons-digester-1.8.1.jar:/home/runner/.m2/repository/io/jaegertracing/jaeger-client/1.8.1/jaeger-client-1.8.1.jar:/home/runner/.m2/repository/io/jaegertracing/jaeger-thrift/1.8.1/jaeger-thrift-1.8.1.jar:/home/runner/.m2/repository/org/apache/thrift/libthrift/0.15.0/libthrift-0.15.0.jar:/home/runner/.m2/repository/com/squareup/okhttp3/okhttp/4.12.0/okhttp-4.12.0.jar:/home/runner/.m2/repository/com/squareup/okio/okio/3.6.0/okio-3.6.0.jar:/home/runner/.m2/repository/com/squareup/okio/okio-jvm/3.6.0/okio-jvm-3.6.0.jar:/home/runner/.m2/repository/org/jetbrains/kotlin/kotlin-stdlib-common/1.9.25/kotlin-stdlib-common-1.9.25.jar:/home/runner/.m2/repository/org/jetbrains/kotlin/kotlin-stdlib-jdk8/1.9.25/kotlin-stdlib-jdk8-1.9.25.jar:/home/runner/.m2/repository/org/jetbrains/kotlin/kotlin-stdlib-jdk7/1.9.25/kotlin-stdlib-jdk7-1.9.25.jar:/home/runner/.m2/repository/io/jaegertracing/jaeger-tracerresolver/1.8.1/jaeger-tracerresolver-1.8.1.jar:/home/runner/.m2/repository/io/opentracing/contrib/opentracing-tracerresolver/0.1.8/opentracing-tracerresolver-0.1.8.jar:/home/runner/.m2/repository/io/jaegertracing/jaeger-core/1.8.1/jaeger-core-1.8.1.jar:/home/runner/.m2/repository/javax/annotation/javax.annotation-api/1.3.2/javax.annotation-api-1.3.2.jar:/home/runner/work/ozone/ozone/hadoop-hdds/annotations/target/hdds-annotation-processing-2.1.0-SNAPSHOT.jar:/home/runner/.m2/repository/org/apache/ratis/ratis-metrics-dropwizard3/3.1.2/ratis-metrics-dropwizard3-3.1.2.jar:/home/runner/.m2/repository/org/bouncycastle/bcutil-jdk18on/1.80/bcutil-jdk18on-1.80.jar:/home/runner/.m2/repository/org/jetbrains/kotlin/kotlin-stdlib/1.9.25/kotlin-stdlib-1.9.25.jar:/home/runner/.m2/repository/org/jetbrains/annotations/13.0/annotations-13.0.jar:/home/runner/.m2/repository/org/slf4j/jcl-over-slf4j/2.0.17/jcl-over-slf4j-2.0.17.jar:/home/runner/.m2/repository/org/yaml/snakeyaml/2.0/snakeyaml-2.0.jar:/home/runner/work/ozone/ozone/hadoop-hdds/container-service/target/hdds-container-service-2.1.0-SNAPSHOT-tests.jar:/home/runner/.m2/repository/com/github/luben/zstd-jni/1.5.7-2/zstd-jni-1.5.7-2.jar:/home/runner/.m2/repository/io/netty/netty-buffer/4.1.109.Final/netty-buffer-4.1.109.Final.jar:/home/runner/.m2/repository/io/netty/netty-codec/4.1.109.Final/netty-codec-4.1.109.Final.jar:/home/runner/work/ozone/ozone/hadoop-hdds/framework/target/hdds-server-framework-2.1.0-SNAPSHOT-tests.jar:/home/runner/.m2/repository/com/github/jnr/jnr-constants/0.10.4/jnr-constants-0.10.4.jar:/home/runner/.m2/repository/com/github/jnr/jnr-posix/3.1.20/jnr-posix-3.1.20.jar:/home/runner/.m2/repository/com/github/jnr/jnr-ffi/2.2.17/jnr-ffi-2.2.17.jar:/home/runner/.m2/repository/com/github/jnr/jffi/1.3.13/jffi-1.3.13.jar:/home/runner/.m2/repository/com/github/jnr/jffi/1.3.13/jffi-1.3.13-native.jar:/home/runner/.m2/repository/org/ow2/asm/asm/9.7.1/asm-9.7.1.jar:/home/runner/.m2/repository/org/ow2/asm/asm-commons/9.7.1/asm-commons-9.7.1.jar:/home/runner/.m2/repository/org/ow2/asm/asm-analysis/9.7.1/asm-analysis-9.7.1.jar:/home/runner/.m2/repository/org/ow2/asm/asm-tree/9.7.1/asm-tree-9.7.1.jar:/home/runner/.m2/repository/org/ow2/asm/asm-util/9.7.1/asm-util-9.7.1.jar:/home/runner/.m2/repository/com/github/jnr/jnr-a64asm/1.0.0/jnr-a64asm-1.0.0.jar:/home/runner/.m2/repository/com/github/jnr/jnr-x86asm/1.0.2/jnr-x86asm-1.0.2.jar:/home/runner/.m2/repository/commons-fileupload/commons-fileupload/1.5/commons-fileupload-1.5.jar:/home/runner/.m2/repository/io/prometheus/simpleclient/0.16.0/simpleclient-0.16.0.jar:/home/runner/.m2/repository/io/prometheus/simpleclient_common/0.16.0/simpleclient_common-0.16.0.jar:/home/runner/.m2/repository/io/prometheus/simpleclient_dropwizard/0.16.0/simpleclient_dropwizard-0.16.0.jar:/home/runner/.m2/repository/org/apache/logging/log4j/log4j-core/2.24.2/log4j-core-2.24.2.jar:/home/runner/.m2/repository/org/eclipse/jetty/jetty-http/9.4.57.v20241219/jetty-http-9.4.57.v20241219.jar:/home/runner/.m2/repository/com/lmax/disruptor/3.4.4/disruptor-3.4.4.jar:/home/runner/work/ozone/ozone/hadoop-hdds/server-scm/target/hdds-server-scm-2.1.0-SNAPSHOT-tests.jar:/home/runner/work/ozone/ozone/hadoop-hdds/test-utils/target/hdds-test-utils-2.1.0-SNAPSHOT-tests.jar:/home/runner/work/ozone/ozone/hadoop-ozone/ozone-manager/target/ozone-manager-2.1.0-SNAPSHOT-tests.jar:/home/runner/work/ozone/ozone/hadoop-ozone/mini-cluster/target/ozone-mini-cluster-2.1.0-SNAPSHOT.jar:/home/runner/.m2/repository/org/assertj/assertj-core/3.27.3/assertj-core-3.27.3.jar:/home/runner/.m2/repository/net/bytebuddy/byte-buddy/1.15.11/byte-buddy-1.15.11.jar:/home/runner/.m2/repository/org/junit/jupiter/junit-jupiter-api/5.12.2/junit-jupiter-api-5.12.2.jar:/home/runner/.m2/repository/org/opentest4j/opentest4j/1.3.0/opentest4j-1.3.0.jar:/home/runner/.m2/repository/org/junit/platform/junit-platform-commons/1.12.2/junit-platform-commons-1.12.2.jar:/home/runner/.m2/repository/org/apiguardian/apiguardian-api/1.1.2/apiguardian-api-1.1.2.jar:/home/runner/.m2/repository/org/junit/jupiter/junit-jupiter-params/5.12.2/junit-jupiter-params-5.12.2.jar:/home/runner/.m2/repository/org/mockito/mockito-core/4.11.0/mockito-core-4.11.0.jar:/home/runner/.m2/repository/net/bytebuddy/byte-buddy-agent/1.12.19/byte-buddy-agent-1.12.19.jar:/home/runner/.m2/repository/org/objenesis/objenesis/3.3/objenesis-3.3.jar:/home/runner/.m2/repository/org/mockito/mockito-inline/4.11.0/mockito-inline-4.11.0.jar:/home/runner/.m2/repository/org/mockito/mockito-junit-jupiter/4.11.0/mockito-junit-jupiter-4.11.0.jar:/home/runner/work/ozone/ozone/hadoop-ozone/integration-test/target/gradle-enterprise/test-listeners.jar:"/>
    <property name="java.vm.vendor" value="Eclipse Adoptium"/>
    <property name="sun.arch.data.model" value="64"/>
    <property name="test.build.dir" value="/home/runner/work/ozone/ozone/hadoop-ozone/integration-test/target/test-dir"/>
    <property name="test.cache.data" value=""/>
    <property name="java.vendor.url" value="https://adoptium.net/"/>
    <property name="user.timezone" value="Etc/UTC"/>
    <property name="maven-surefire-plugin.argLineAccessArgs" value=" --add-opens java.management/com.sun.jmx.mbeanserver=ALL-UNNAMED --add-exports java.management/com.sun.jmx.mbeanserver=ALL-UNNAMED --add-opens java.base/java.nio=ALL-UNNAMED --add-opens java.base/java.lang=ALL-UNNAMED --add-opens java.base/java.lang.reflect=ALL-UNNAMED"/>
    <property name="os.name" value="Linux"/>
    <property name="java.vm.specification.version" value="21"/>
    <property name="test.build.data" value="/home/runner/work/ozone/ozone/hadoop-ozone/integration-test/target/test-dir"/>
    <property name="sun.java.launcher" value="SUN_STANDARD"/>
    <property name="sun.boot.library.path" value="/usr/lib/jvm/temurin-21-jdk-amd64/lib"/>
    <property name="sun.java.command" value="/home/runner/work/ozone/ozone/hadoop-ozone/integration-test/target/surefire/surefirebooter-20250423040545081_1670.jar /home/runner/work/ozone/ozone/hadoop-ozone/integration-test/target/surefire 2025-04-23T03-44-22_723-jvmRun1 surefire-20250423040545081_1668tmp surefire_204-20250423040545081_1669tmp"/>
    <property name="jdk.debug" value="release"/>
    <property name="native.lib.tmp.dir" value="/tmp"/>
    <property name="surefire.test.class.path" value="/home/runner/work/ozone/ozone/hadoop-ozone/integration-test/target/test-classes:/home/runner/work/ozone/ozone/hadoop-ozone/integration-test/target/classes:/home/runner/work/ozone/ozone/hadoop-hdds/server-scm/target/hdds-server-scm-2.1.0-SNAPSHOT.jar:/home/runner/.m2/repository/com/fasterxml/jackson/core/jackson-annotations/2.16.2/jackson-annotations-2.16.2.jar:/home/runner/.m2/repository/com/fasterxml/jackson/core/jackson-core/2.16.2/jackson-core-2.16.2.jar:/home/runner/.m2/repository/com/fasterxml/jackson/core/jackson-databind/2.16.2/jackson-databind-2.16.2.jar:/home/runner/.m2/repository/com/google/guava/guava/32.1.3-jre/guava-32.1.3-jre.jar:/home/runner/.m2/repository/com/google/guava/failureaccess/1.0.1/failureaccess-1.0.1.jar:/home/runner/.m2/repository/com/google/guava/listenablefuture/9999.0-empty-to-avoid-conflict-with-guava/listenablefuture-9999.0-empty-to-avoid-conflict-with-guava.jar:/home/runner/.m2/repository/org/checkerframework/checker-qual/3.37.0/checker-qual-3.37.0.jar:/home/runner/.m2/repository/com/google/errorprone/error_prone_annotations/2.29.2/error_prone_annotations-2.29.2.jar:/home/runner/.m2/repository/com/google/j2objc/j2objc-annotations/2.8/j2objc-annotations-2.8.jar:/home/runner/.m2/repository/com/google/protobuf/protobuf-java/2.5.0/protobuf-java-2.5.0.jar:/home/runner/.m2/repository/commons-collections/commons-collections/3.2.2/commons-collections-3.2.2.jar:/home/runner/.m2/repository/commons-io/commons-io/2.18.0/commons-io-2.18.0.jar:/home/runner/.m2/repository/info/picocli/picocli/4.7.7/picocli-4.7.7.jar:/home/runner/.m2/repository/io/dropwizard/metrics/metrics-core/3.2.6/metrics-core-3.2.6.jar:/home/runner/.m2/repository/jakarta/annotation/jakarta.annotation-api/2.1.1/jakarta.annotation-api-2.1.1.jar:/home/runner/.m2/repository/javax/servlet/javax.servlet-api/3.1.0/javax.servlet-api-3.1.0.jar:/home/runner/.m2/repository/org/apache/commons/commons-compress/1.27.1/commons-compress-1.27.1.jar:/home/runner/.m2/repository/org/apache/commons/commons-text/1.12.0/commons-text-1.12.0.jar:/home/runner/work/ozone/ozone/hadoop-hdds/client/target/hdds-client-2.1.0-SNAPSHOT.jar:/home/runner/work/ozone/ozone/hadoop-hdds/common/target/hdds-common-2.1.0-SNAPSHOT.jar:/home/runner/work/ozone/ozone/hadoop-hdds/config/target/hdds-config-2.1.0-SNAPSHOT.jar:/home/runner/work/ozone/ozone/hadoop-hdds/container-service/target/hdds-container-service-2.1.0-SNAPSHOT.jar:/home/runner/work/ozone/ozone/hadoop-hdds/hadoop-dependency-client/target/hdds-hadoop-dependency-client-2.1.0-SNAPSHOT.jar:/home/runner/.m2/repository/com/nimbusds/nimbus-jose-jwt/9.40/nimbus-jose-jwt-9.40.jar:/home/runner/work/ozone/ozone/hadoop-hdds/hadoop-dependency-server/target/hdds-hadoop-dependency-server-2.1.0-SNAPSHOT.jar:/home/runner/.m2/repository/org/apache/hadoop/hadoop-hdfs/3.4.1/hadoop-hdfs-3.4.1.jar:/home/runner/.m2/repository/org/apache/kerby/kerb-util/1.0.1/kerb-util-1.0.1.jar:/home/runner/.m2/repository/org/apache/kerby/kerby-config/1.0.1/kerby-config-1.0.1.jar:/home/runner/.m2/repository/org/apache/kerby/kerb-crypto/1.0.1/kerb-crypto-1.0.1.jar:/home/runner/work/ozone/ozone/hadoop-hdds/interface-admin/target/hdds-interface-admin-2.1.0-SNAPSHOT.jar:/home/runner/work/ozone/ozone/hadoop-hdds/interface-client/target/hdds-interface-client-2.1.0-SNAPSHOT.jar:/home/runner/work/ozone/ozone/hadoop-hdds/interface-server/target/hdds-interface-server-2.1.0-SNAPSHOT.jar:/home/runner/work/ozone/ozone/hadoop-hdds/framework/target/hdds-server-framework-2.1.0-SNAPSHOT.jar:/home/runner/.m2/repository/org/apache/ratis/ratis-client/3.1.2/ratis-client-3.1.2.jar:/home/runner/.m2/repository/org/apache/ratis/ratis-common/3.1.2/ratis-common-3.1.2.jar:/home/runner/.m2/repository/org/apache/ratis/ratis-grpc/3.1.2/ratis-grpc-3.1.2.jar:/home/runner/.m2/repository/org/apache/ratis/ratis-netty/3.1.2/ratis-netty-3.1.2.jar:/home/runner/.m2/repository/org/apache/ratis/ratis-proto/3.1.2/ratis-proto-3.1.2.jar:/home/runner/.m2/repository/org/apache/ratis/ratis-server-api/3.1.2/ratis-server-api-3.1.2.jar:/home/runner/.m2/repository/org/apache/ratis/ratis-thirdparty-misc/1.0.6/ratis-thirdparty-misc-1.0.6.jar:/home/runner/.m2/repository/org/bouncycastle/bcpkix-jdk18on/1.80/bcpkix-jdk18on-1.80.jar:/home/runner/.m2/repository/org/bouncycastle/bcprov-jdk18on/1.80/bcprov-jdk18on-1.80.jar:/home/runner/.m2/repository/org/eclipse/jetty/jetty-webapp/9.4.57.v20241219/jetty-webapp-9.4.57.v20241219.jar:/home/runner/.m2/repository/org/eclipse/jetty/jetty-xml/9.4.57.v20241219/jetty-xml-9.4.57.v20241219.jar:/home/runner/.m2/repository/org/slf4j/slf4j-api/2.0.17/slf4j-api-2.0.17.jar:/home/runner/work/ozone/ozone/hadoop-hdds/tools/target/hdds-tools-2.1.0-SNAPSHOT.jar:/home/runner/.m2/repository/ch/qos/reload4j/reload4j/1.2.26/reload4j-1.2.26.jar:/home/runner/.m2/repository/com/fasterxml/jackson/datatype/jackson-datatype-jsr310/2.16.2/jackson-datatype-jsr310-2.16.2.jar:/home/runner/.m2/repository/commons-cli/commons-cli/1.8.0/commons-cli-1.8.0.jar:/home/runner/.m2/repository/org/apache/ratis/ratis-tools/3.1.2/ratis-tools-3.1.2.jar:/home/runner/.m2/repository/org/kohsuke/metainf-services/metainf-services/1.11/metainf-services-1.11.jar:/home/runner/.m2/repository/org/slf4j/slf4j-reload4j/2.0.17/slf4j-reload4j-2.0.17.jar:/home/runner/.m2/repository/org/xerial/sqlite-jdbc/3.49.1.0/sqlite-jdbc-3.49.1.0.jar:/home/runner/work/ozone/ozone/hadoop-ozone/cli-shell/target/ozone-cli-shell-2.1.0-SNAPSHOT.jar:/home/runner/.m2/repository/commons-codec/commons-codec/1.17.1/commons-codec-1.17.1.jar:/home/runner/.m2/repository/info/picocli/picocli-shell-jline3/4.7.7/picocli-shell-jline3-4.7.7.jar:/home/runner/.m2/repository/jakarta/xml/bind/jakarta.xml.bind-api/2.3.3/jakarta.xml.bind-api-2.3.3.jar:/home/runner/.m2/repository/org/apache/httpcomponents/httpclient/4.5.14/httpclient-4.5.14.jar:/home/runner/work/ozone/ozone/hadoop-ozone/ozonefs-common/target/ozone-filesystem-common-2.1.0-SNAPSHOT.jar:/home/runner/work/ozone/ozone/hadoop-ozone/interface-client/target/ozone-interface-client-2.1.0-SNAPSHOT.jar:/home/runner/.m2/repository/org/jline/jline/3.29.0/jline-3.29.0.jar:/home/runner/work/ozone/ozone/hadoop-ozone/client/target/ozone-client-2.1.0-SNAPSHOT.jar:/home/runner/.m2/repository/com/github/stephenc/jcip/jcip-annotations/1.0-1/jcip-annotations-1.0-1.jar:/home/runner/work/ozone/ozone/hadoop-hdds/erasurecode/target/hdds-erasurecode-2.1.0-SNAPSHOT.jar:/home/runner/work/ozone/ozone/hadoop-ozone/common/target/ozone-common-2.1.0-SNAPSHOT.jar:/home/runner/.m2/repository/io/grpc/grpc-api/1.58.0/grpc-api-1.58.0.jar:/home/runner/.m2/repository/io/grpc/grpc-netty/1.58.0/grpc-netty-1.58.0.jar:/home/runner/.m2/repository/io/grpc/grpc-core/1.58.0/grpc-core-1.58.0.jar:/home/runner/.m2/repository/com/google/android/annotations/4.1.1.4/annotations-4.1.1.4.jar:/home/runner/.m2/repository/org/codehaus/mojo/animal-sniffer-annotations/1.23/animal-sniffer-annotations-1.23.jar:/home/runner/.m2/repository/io/grpc/grpc-context/1.58.0/grpc-context-1.58.0.jar:/home/runner/.m2/repository/io/grpc/grpc-util/1.58.0/grpc-util-1.58.0.jar:/home/runner/.m2/repository/io/perfmark/perfmark-api/0.26.0/perfmark-api-0.26.0.jar:/home/runner/.m2/repository/io/grpc/grpc-stub/1.58.0/grpc-stub-1.58.0.jar:/home/runner/.m2/repository/io/netty/netty-codec-http2/4.1.109.Final/netty-codec-http2-4.1.109.Final.jar:/home/runner/.m2/repository/io/netty/netty-codec-http/4.1.109.Final/netty-codec-http-4.1.109.Final.jar:/home/runner/.m2/repository/io/netty/netty-common/4.1.109.Final/netty-common-4.1.109.Final.jar:/home/runner/.m2/repository/io/netty/netty-handler/4.1.109.Final/netty-handler-4.1.109.Final.jar:/home/runner/.m2/repository/io/netty/netty-resolver/4.1.109.Final/netty-resolver-4.1.109.Final.jar:/home/runner/.m2/repository/io/netty/netty-handler-proxy/4.1.109.Final/netty-handler-proxy-4.1.109.Final.jar:/home/runner/.m2/repository/io/netty/netty-codec-socks/4.1.109.Final/netty-codec-socks-4.1.109.Final.jar:/home/runner/.m2/repository/org/apache/httpcomponents/httpcore/4.4.16/httpcore-4.4.16.jar:/home/runner/.m2/repository/io/netty/netty-tcnative-boringssl-static/2.0.65.Final/netty-tcnative-boringssl-static-2.0.65.Final.jar:/home/runner/.m2/repository/io/netty/netty-tcnative-classes/2.0.65.Final/netty-tcnative-classes-2.0.65.Final.jar:/home/runner/.m2/repository/io/netty/netty-tcnative-boringssl-static/2.0.65.Final/netty-tcnative-boringssl-static-2.0.65.Final-linux-x86_64.jar:/home/runner/.m2/repository/io/netty/netty-tcnative-boringssl-static/2.0.65.Final/netty-tcnative-boringssl-static-2.0.65.Final-linux-aarch_64.jar:/home/runner/.m2/repository/io/netty/netty-tcnative-boringssl-static/2.0.65.Final/netty-tcnative-boringssl-static-2.0.65.Final-osx-x86_64.jar:/home/runner/.m2/repository/io/netty/netty-tcnative-boringssl-static/2.0.65.Final/netty-tcnative-boringssl-static-2.0.65.Final-osx-aarch_64.jar:/home/runner/.m2/repository/io/netty/netty-tcnative-boringssl-static/2.0.65.Final/netty-tcnative-boringssl-static-2.0.65.Final-windows-x86_64.jar:/home/runner/work/ozone/ozone/hadoop-ozone/csi/target/ozone-csi-2.1.0-SNAPSHOT.jar:/home/runner/.m2/repository/com/google/protobuf/protobuf-java-util/3.19.6/protobuf-java-util-3.19.6.jar:/home/runner/.m2/repository/io/grpc/grpc-protobuf/1.58.0/grpc-protobuf-1.58.0.jar:/home/runner/.m2/repository/com/google/api/grpc/proto-google-common-protos/2.22.0/proto-google-common-protos-2.22.0.jar:/home/runner/.m2/repository/io/grpc/grpc-protobuf-lite/1.58.0/grpc-protobuf-lite-1.58.0.jar:/home/runner/.m2/repository/io/netty/netty-transport/4.1.109.Final/netty-transport-4.1.109.Final.jar:/home/runner/.m2/repository/io/netty/netty-transport-classes-epoll/4.1.109.Final/netty-transport-classes-epoll-4.1.109.Final.jar:/home/runner/.m2/repository/io/netty/netty-transport-native-epoll/4.1.109.Final/netty-transport-native-epoll-4.1.109.Final-linux-x86_64.jar:/home/runner/.m2/repository/io/netty/netty-transport-native-unix-common/4.1.109.Final/netty-transport-native-unix-common-4.1.109.Final.jar:/home/runner/work/ozone/ozone/hadoop-ozone/ozonefs/target/ozone-filesystem-2.1.0-SNAPSHOT.jar:/home/runner/.m2/repository/io/opentracing/opentracing-api/0.33.0/opentracing-api-0.33.0.jar:/home/runner/.m2/repository/io/opentracing/opentracing-util/0.33.0/opentracing-util-0.33.0.jar:/home/runner/.m2/repository/io/opentracing/opentracing-noop/0.33.0/opentracing-noop-0.33.0.jar:/home/runner/work/ozone/ozone/hadoop-ozone/ozone-manager/target/ozone-manager-2.1.0-SNAPSHOT.jar:/home/runner/.m2/repository/com/sun/jersey/jersey-client/1.19.4/jersey-client-1.19.4.jar:/home/runner/.m2/repository/org/apache/kerby/kerby-util/1.0.1/kerby-util-1.0.1.jar:/home/runner/.m2/repository/org/apache/logging/log4j/log4j-api/2.24.2/log4j-api-2.24.2.jar:/home/runner/work/ozone/ozone/hadoop-hdds/managed-rocksdb/target/hdds-managed-rocksdb-2.1.0-SNAPSHOT.jar:/home/runner/work/ozone/ozone/hadoop-hdds/rocks-native/target/hdds-rocks-native-2.1.0-SNAPSHOT.jar:/home/runner/.m2/repository/org/eclipse/jetty/jetty-io/9.4.57.v20241219/jetty-io-9.4.57.v20241219.jar:/home/runner/work/ozone/ozone/hadoop-ozone/interface-storage/target/ozone-interface-storage-2.1.0-SNAPSHOT.jar:/home/runner/work/ozone/ozone/hadoop-hdds/rocksdb-checkpoint-differ/target/rocksdb-checkpoint-differ-2.1.0-SNAPSHOT.jar:/home/runner/.m2/repository/com/github/vlsi/mxgraph/jgraphx/3.9.12/jgraphx-3.9.12.jar:/home/runner/.m2/repository/org/jgrapht/jgrapht-core/1.4.0/jgrapht-core-1.4.0.jar:/home/runner/.m2/repository/org/jheaps/jheaps/0.11/jheaps-0.11.jar:/home/runner/.m2/repository/org/jgrapht/jgrapht-ext/1.4.0/jgrapht-ext-1.4.0.jar:/home/runner/.m2/repository/org/apache/ranger/ranger-intg/2.6.0/ranger-intg-2.6.0.jar:/home/runner/.m2/repository/org/apache/ranger/ranger-plugins-common/2.6.0/ranger-plugins-common-2.6.0.jar:/home/runner/.m2/repository/com/fasterxml/jackson/jaxrs/jackson-jaxrs-base/2.16.2/jackson-jaxrs-base-2.16.2.jar:/home/runner/.m2/repository/com/fasterxml/jackson/jaxrs/jackson-jaxrs-json-provider/2.16.2/jackson-jaxrs-json-provider-2.16.2.jar:/home/runner/.m2/repository/com/kstruct/gethostname4j/1.0.0/gethostname4j-1.0.0.jar:/home/runner/.m2/repository/commons-lang/commons-lang/2.6/commons-lang-2.6.jar:/home/runner/.m2/repository/net/java/dev/jna/jna/5.2.0/jna-5.2.0.jar:/home/runner/.m2/repository/net/java/dev/jna/jna-platform/5.2.0/jna-platform-5.2.0.jar:/home/runner/.m2/repository/org/apache/ranger/ranger-plugin-classloader/2.6.0/ranger-plugin-classloader-2.6.0.jar:/home/runner/.m2/repository/org/apache/ranger/ranger-plugins-audit/2.6.0/ranger-plugins-audit-2.6.0.jar:/home/runner/.m2/repository/com/amazonaws/aws-java-sdk-logs/1.12.765/aws-java-sdk-logs-1.12.765.jar:/home/runner/.m2/repository/com/carrotsearch/hppc/0.8.0/hppc-0.8.0.jar:/home/runner/.m2/repository/io/airlift/aircompressor/0.27/aircompressor-0.27.jar:/home/runner/.m2/repository/org/apache/httpcomponents/httpasyncclient/4.1.4/httpasyncclient-4.1.4.jar:/home/runner/.m2/repository/org/apache/httpcomponents/httpcore-nio/4.4.16/httpcore-nio-4.4.16.jar:/home/runner/.m2/repository/org/apache/httpcomponents/httpmime/4.5.13/httpmime-4.5.13.jar:/home/runner/.m2/repository/org/apache/orc/orc-core/1.5.8/orc-core-1.5.8.jar:/home/runner/.m2/repository/org/apache/orc/orc-shims/1.5.8/orc-shims-1.5.8.jar:/home/runner/.m2/repository/org/eclipse/jetty/jetty-client/9.4.57.v20241219/jetty-client-9.4.57.v20241219.jar:/home/runner/.m2/repository/org/apache/ranger/ranger-plugins-cred/2.6.0/ranger-plugins-cred-2.6.0.jar:/home/runner/.m2/repository/org/aspectj/aspectjrt/1.9.7/aspectjrt-1.9.7.jar:/home/runner/.m2/repository/org/aspectj/aspectjweaver/1.9.7/aspectjweaver-1.9.7.jar:/home/runner/.m2/repository/org/eclipse/jetty/jetty-util/9.4.57.v20241219/jetty-util-9.4.57.v20241219.jar:/home/runner/.m2/repository/org/reflections/reflections/0.10.2/reflections-0.10.2.jar:/home/runner/.m2/repository/org/rocksdb/rocksdbjni/7.7.3/rocksdbjni-7.7.3.jar:/home/runner/work/ozone/ozone/hadoop-ozone/recon/target/ozone-recon-2.1.0-SNAPSHOT.jar:/home/runner/.m2/repository/aopalliance/aopalliance/1.0/aopalliance-1.0.jar:/home/runner/.m2/repository/com/google/inject/guice/6.0.0/guice-6.0.0.jar:/home/runner/.m2/repository/jakarta/inject/jakarta.inject-api/2.0.1/jakarta.inject-api-2.0.1.jar:/home/runner/.m2/repository/com/google/inject/extensions/guice-assistedinject/6.0.0/guice-assistedinject-6.0.0.jar:/home/runner/.m2/repository/com/google/inject/extensions/guice-servlet/6.0.0/guice-servlet-6.0.0.jar:/home/runner/.m2/repository/com/jolbox/bonecp/0.8.0.RELEASE/bonecp-0.8.0.RELEASE.jar:/home/runner/.m2/repository/jakarta/activation/jakarta.activation-api/1.2.2/jakarta.activation-api-1.2.2.jar:/home/runner/.m2/repository/jakarta/validation/jakarta.validation-api/2.0.2/jakarta.validation-api-2.0.2.jar:/home/runner/.m2/repository/jakarta/ws/rs/jakarta.ws.rs-api/2.1.6/jakarta.ws.rs-api-2.1.6.jar:/home/runner/.m2/repository/javax/inject/javax.inject/1/javax.inject-1.jar:/home/runner/.m2/repository/org/apache/derby/derby/10.14.2.0/derby-10.14.2.0.jar:/home/runner/work/ozone/ozone/hadoop-ozone/recon-codegen/target/ozone-reconcodegen-2.1.0-SNAPSHOT.jar:/home/runner/.m2/repository/org/eclipse/jetty/jetty-servlet/9.4.57.v20241219/jetty-servlet-9.4.57.v20241219.jar:/home/runner/.m2/repository/org/eclipse/jetty/jetty-security/9.4.57.v20241219/jetty-security-9.4.57.v20241219.jar:/home/runner/.m2/repository/org/glassfish/hk2/guice-bridge/2.6.1/guice-bridge-2.6.1.jar:/home/runner/.m2/repository/org/glassfish/hk2/hk2-api/2.6.1/hk2-api-2.6.1.jar:/home/runner/.m2/repository/org/glassfish/hk2/hk2-utils/2.6.1/hk2-utils-2.6.1.jar:/home/runner/.m2/repository/org/glassfish/hk2/external/aopalliance-repackaged/2.6.1/aopalliance-repackaged-2.6.1.jar:/home/runner/.m2/repository/org/glassfish/hk2/external/jakarta.inject/2.6.1/jakarta.inject-2.6.1.jar:/home/runner/.m2/repository/org/glassfish/jersey/containers/jersey-container-servlet/2.46/jersey-container-servlet-2.46.jar:/home/runner/.m2/repository/org/glassfish/jersey/containers/jersey-container-servlet-core/2.46/jersey-container-servlet-core-2.46.jar:/home/runner/.m2/repository/org/glassfish/jersey/core/jersey-common/2.46/jersey-common-2.46.jar:/home/runner/.m2/repository/org/glassfish/hk2/osgi-resource-locator/1.0.3/osgi-resource-locator-1.0.3.jar:/home/runner/.m2/repository/org/glassfish/jersey/core/jersey-server/2.46/jersey-server-2.46.jar:/home/runner/.m2/repository/org/glassfish/jersey/core/jersey-client/2.46/jersey-client-2.46.jar:/home/runner/.m2/repository/org/glassfish/jersey/inject/jersey-hk2/2.46/jersey-hk2-2.46.jar:/home/runner/.m2/repository/org/glassfish/hk2/hk2-locator/2.6.1/hk2-locator-2.6.1.jar:/home/runner/.m2/repository/org/glassfish/jersey/media/jersey-media-jaxb/2.46/jersey-media-jaxb-2.46.jar:/home/runner/.m2/repository/org/glassfish/jersey/media/jersey-media-json-jackson/2.46/jersey-media-json-jackson-2.46.jar:/home/runner/.m2/repository/org/glassfish/jersey/ext/jersey-entity-filtering/2.46/jersey-entity-filtering-2.46.jar:/home/runner/.m2/repository/com/fasterxml/jackson/module/jackson-module-jaxb-annotations/2.16.2/jackson-module-jaxb-annotations-2.16.2.jar:/home/runner/.m2/repository/org/javassist/javassist/3.30.2-GA/javassist-3.30.2-GA.jar:/home/runner/.m2/repository/org/jooq/jooq/3.11.10/jooq-3.11.10.jar:/home/runner/.m2/repository/org/jooq/jooq-codegen/3.11.10/jooq-codegen-3.11.10.jar:/home/runner/.m2/repository/org/jooq/jooq-meta/3.11.10/jooq-meta-3.11.10.jar:/home/runner/.m2/repository/org/springframework/spring-core/5.3.39/spring-core-5.3.39.jar:/home/runner/.m2/repository/org/springframework/spring-jdbc/5.3.39/spring-jdbc-5.3.39.jar:/home/runner/.m2/repository/org/springframework/spring-beans/5.3.39/spring-beans-5.3.39.jar:/home/runner/.m2/repository/org/springframework/spring-tx/5.3.39/spring-tx-5.3.39.jar:/home/runner/work/ozone/ozone/hadoop-ozone/s3gateway/target/ozone-s3gateway-2.1.0-SNAPSHOT.jar:/home/runner/work/ozone/ozone/hadoop-ozone/tools/target/ozone-tools-2.1.0-SNAPSHOT.jar:/home/runner/.m2/repository/com/amazonaws/aws-java-sdk-core/1.12.661/aws-java-sdk-core-1.12.661.jar:/home/runner/.m2/repository/com/fasterxml/jackson/dataformat/jackson-dataformat-cbor/2.16.2/jackson-dataformat-cbor-2.16.2.jar:/home/runner/.m2/repository/joda-time/joda-time/2.12.7/joda-time-2.12.7.jar:/home/runner/.m2/repository/com/amazonaws/aws-java-sdk-s3/1.12.661/aws-java-sdk-s3-1.12.661.jar:/home/runner/.m2/repository/com/amazonaws/aws-java-sdk-kms/1.12.661/aws-java-sdk-kms-1.12.661.jar:/home/runner/.m2/repository/com/amazonaws/jmespath-java/1.12.661/jmespath-java-1.12.661.jar:/home/runner/.m2/repository/org/apache/ratis/ratis-shell/3.1.2/ratis-shell-3.1.2.jar:/home/runner/.m2/repository/org/glassfish/jaxb/jaxb-runtime/2.3.9/jaxb-runtime-2.3.9.jar:/home/runner/.m2/repository/org/glassfish/jaxb/txw2/2.3.9/txw2-2.3.9.jar:/home/runner/.m2/repository/com/sun/istack/istack-commons-runtime/3.0.12/istack-commons-runtime-3.0.12.jar:/home/runner/.m2/repository/com/sun/activation/jakarta.activation/1.2.2/jakarta.activation-1.2.2.jar:/home/runner/.m2/repository/org/apache/ratis/ratis-server/3.1.2/ratis-server-3.1.2.jar:/home/runner/.m2/repository/org/apache/ratis/ratis-metrics-api/3.1.2/ratis-metrics-api-3.1.2.jar:/home/runner/.m2/repository/org/hamcrest/hamcrest/2.2/hamcrest-2.2.jar:/home/runner/.m2/repository/org/slf4j/jul-to-slf4j/2.0.17/jul-to-slf4j-2.0.17.jar:/home/runner/.m2/repository/org/apache/commons/commons-lang3/3.17.0/commons-lang3-3.17.0.jar:/home/runner/.m2/repository/org/apache/hadoop/hadoop-common/3.4.1/hadoop-common-3.4.1-tests.jar:/home/runner/.m2/repository/org/apache/hadoop/thirdparty/hadoop-shaded-protobuf_3_25/1.4.0/hadoop-shaded-protobuf_3_25-1.4.0.jar:/home/runner/.m2/repository/org/apache/hadoop/hadoop-annotations/3.4.1/hadoop-annotations-3.4.1.jar:/home/runner/.m2/repository/org/apache/hadoop/thirdparty/hadoop-shaded-guava/1.3.0/hadoop-shaded-guava-1.3.0.jar:/home/runner/.m2/repository/org/apache/commons/commons-math3/3.6.1/commons-math3-3.6.1.jar:/home/runner/.m2/repository/commons-net/commons-net/3.11.1/commons-net-3.11.1.jar:/home/runner/.m2/repository/org/eclipse/jetty/jetty-server/9.4.57.v20241219/jetty-server-9.4.57.v20241219.jar:/home/runner/.m2/repository/javax/servlet/jsp/jsp-api/2.1/jsp-api-2.1.jar:/home/runner/.m2/repository/com/sun/jersey/jersey-core/1.19.4/jersey-core-1.19.4.jar:/home/runner/.m2/repository/javax/ws/rs/jsr311-api/1.1.1/jsr311-api-1.1.1.jar:/home/runner/.m2/repository/com/sun/jersey/jersey-servlet/1.19.4/jersey-servlet-1.19.4.jar:/home/runner/.m2/repository/com/github/pjfanning/jersey-json/1.22.0/jersey-json-1.22.0.jar:/home/runner/.m2/repository/com/sun/xml/bind/jaxb-impl/2.2.3-1/jaxb-impl-2.2.3-1.jar:/home/runner/.m2/repository/org/codehaus/jettison/jettison/1.5.4/jettison-1.5.4.jar:/home/runner/.m2/repository/com/sun/jersey/jersey-server/1.19.4/jersey-server-1.19.4.jar:/home/runner/.m2/repository/commons-beanutils/commons-beanutils/1.9.4/commons-beanutils-1.9.4.jar:/home/runner/.m2/repository/org/apache/commons/commons-configuration2/2.11.0/commons-configuration2-2.11.0.jar:/home/runner/.m2/repository/org/apache/avro/avro/1.9.2/avro-1.9.2.jar:/home/runner/.m2/repository/com/google/re2j/re2j/1.7/re2j-1.7.jar:/home/runner/.m2/repository/com/google/code/gson/gson/2.10.1/gson-2.10.1.jar:/home/runner/.m2/repository/org/apache/hadoop/hadoop-auth/3.4.1/hadoop-auth-3.4.1.jar:/home/runner/.m2/repository/org/apache/curator/curator-framework/4.2.0/curator-framework-4.2.0.jar:/home/runner/.m2/repository/com/jcraft/jsch/0.1.55/jsch-0.1.55.jar:/home/runner/.m2/repository/org/apache/curator/curator-client/4.2.0/curator-client-4.2.0.jar:/home/runner/.m2/repository/org/apache/curator/curator-recipes/5.2.0/curator-recipes-5.2.0.jar:/home/runner/.m2/repository/com/google/code/findbugs/jsr305/3.0.2/jsr305-3.0.2.jar:/home/runner/.m2/repository/org/apache/zookeeper/zookeeper/3.8.4/zookeeper-3.8.4.jar:/home/runner/.m2/repository/org/apache/zookeeper/zookeeper-jute/3.8.4/zookeeper-jute-3.8.4.jar:/home/runner/.m2/repository/org/apache/yetus/audience-annotations/0.12.0/audience-annotations-0.12.0.jar:/home/runner/.m2/repository/io/netty/netty-transport-native-epoll/4.1.109.Final/netty-transport-native-epoll-4.1.109.Final.jar:/home/runner/.m2/repository/org/apache/kerby/kerb-core/1.0.1/kerb-core-1.0.1.jar:/home/runner/.m2/repository/org/apache/kerby/kerby-pkix/1.0.1/kerby-pkix-1.0.1.jar:/home/runner/.m2/repository/org/apache/kerby/kerby-asn1/1.0.1/kerby-asn1-1.0.1.jar:/home/runner/.m2/repository/org/codehaus/woodstox/stax2-api/4.2.1/stax2-api-4.2.1.jar:/home/runner/.m2/repository/com/fasterxml/woodstox/woodstox-core/5.4.0/woodstox-core-5.4.0.jar:/home/runner/.m2/repository/dnsjava/dnsjava/3.6.1/dnsjava-3.6.1.jar:/home/runner/.m2/repository/org/xerial/snappy/snappy-java/1.1.10.7/snappy-java-1.1.10.7.jar:/home/runner/.m2/repository/org/apache/hadoop/hadoop-distcp/3.4.1/hadoop-distcp-3.4.1.jar:/home/runner/.m2/repository/org/apache/hadoop/hadoop-distcp/3.4.1/hadoop-distcp-3.4.1-tests.jar:/home/runner/.m2/repository/org/apache/hadoop/hadoop-hdfs/3.4.1/hadoop-hdfs-3.4.1-tests.jar:/home/runner/.m2/repository/org/eclipse/jetty/jetty-util-ajax/9.4.57.v20241219/jetty-util-ajax-9.4.57.v20241219.jar:/home/runner/.m2/repository/commons-daemon/commons-daemon/1.4.0/commons-daemon-1.4.0.jar:/home/runner/.m2/repository/io/netty/netty-all/4.1.109.Final/netty-all-4.1.109.Final.jar:/home/runner/.m2/repository/io/netty/netty-codec-dns/4.1.109.Final/netty-codec-dns-4.1.109.Final.jar:/home/runner/.m2/repository/io/netty/netty-codec-haproxy/4.1.109.Final/netty-codec-haproxy-4.1.109.Final.jar:/home/runner/.m2/repository/io/netty/netty-codec-memcache/4.1.109.Final/netty-codec-memcache-4.1.109.Final.jar:/home/runner/.m2/repository/io/netty/netty-codec-mqtt/4.1.109.Final/netty-codec-mqtt-4.1.109.Final.jar:/home/runner/.m2/repository/io/netty/netty-codec-redis/4.1.109.Final/netty-codec-redis-4.1.109.Final.jar:/home/runner/.m2/repository/io/netty/netty-codec-smtp/4.1.109.Final/netty-codec-smtp-4.1.109.Final.jar:/home/runner/.m2/repository/io/netty/netty-codec-stomp/4.1.109.Final/netty-codec-stomp-4.1.109.Final.jar:/home/runner/.m2/repository/io/netty/netty-codec-xml/4.1.109.Final/netty-codec-xml-4.1.109.Final.jar:/home/runner/.m2/repository/io/netty/netty-handler-ssl-ocsp/4.1.109.Final/netty-handler-ssl-ocsp-4.1.109.Final.jar:/home/runner/.m2/repository/io/netty/netty-resolver-dns/4.1.109.Final/netty-resolver-dns-4.1.109.Final.jar:/home/runner/.m2/repository/io/netty/netty-transport-rxtx/4.1.109.Final/netty-transport-rxtx-4.1.109.Final.jar:/home/runner/.m2/repository/io/netty/netty-transport-sctp/4.1.109.Final/netty-transport-sctp-4.1.109.Final.jar:/home/runner/.m2/repository/io/netty/netty-transport-udt/4.1.109.Final/netty-transport-udt-4.1.109.Final.jar:/home/runner/.m2/repository/io/netty/netty-transport-classes-kqueue/4.1.109.Final/netty-transport-classes-kqueue-4.1.109.Final.jar:/home/runner/.m2/repository/io/netty/netty-resolver-dns-classes-macos/4.1.109.Final/netty-resolver-dns-classes-macos-4.1.109.Final.jar:/home/runner/.m2/repository/io/netty/netty-transport-native-epoll/4.1.109.Final/netty-transport-native-epoll-4.1.109.Final-linux-aarch_64.jar:/home/runner/.m2/repository/io/netty/netty-transport-native-epoll/4.1.109.Final/netty-transport-native-epoll-4.1.109.Final-linux-riscv64.jar:/home/runner/.m2/repository/io/netty/netty-transport-native-kqueue/4.1.109.Final/netty-transport-native-kqueue-4.1.109.Final-osx-x86_64.jar:/home/runner/.m2/repository/io/netty/netty-transport-native-kqueue/4.1.109.Final/netty-transport-native-kqueue-4.1.109.Final-osx-aarch_64.jar:/home/runner/.m2/repository/io/netty/netty-resolver-dns-native-macos/4.1.109.Final/netty-resolver-dns-native-macos-4.1.109.Final-osx-x86_64.jar:/home/runner/.m2/repository/io/netty/netty-resolver-dns-native-macos/4.1.109.Final/netty-resolver-dns-native-macos-4.1.109.Final-osx-aarch_64.jar:/home/runner/.m2/repository/org/fusesource/leveldbjni/leveldbjni-all/1.8/leveldbjni-all-1.8.jar:/home/runner/.m2/repository/org/apache/hadoop/hadoop-kms/3.4.1/hadoop-kms-3.4.1.jar:/home/runner/.m2/repository/org/apache/hadoop/hadoop-common/3.4.1/hadoop-common-3.4.1.jar:/home/runner/.m2/repository/org/apache/hadoop/hadoop-kms/3.4.1/hadoop-kms-3.4.1-tests.jar:/home/runner/.m2/repository/org/apache/hadoop/hadoop-mapreduce-client-core/3.4.1/hadoop-mapreduce-client-core-3.4.1.jar:/home/runner/.m2/repository/org/apache/hadoop/hadoop-yarn-client/3.4.1/hadoop-yarn-client-3.4.1.jar:/home/runner/.m2/repository/org/eclipse/jetty/websocket/websocket-client/9.4.53.v20231009/websocket-client-9.4.53.v20231009.jar:/home/runner/.m2/repository/org/eclipse/jetty/websocket/websocket-common/9.4.53.v20231009/websocket-common-9.4.53.v20231009.jar:/home/runner/.m2/repository/org/eclipse/jetty/websocket/websocket-api/9.4.53.v20231009/websocket-api-9.4.53.v20231009.jar:/home/runner/.m2/repository/org/apache/hadoop/hadoop-yarn-api/3.4.1/hadoop-yarn-api-3.4.1.jar:/home/runner/.m2/repository/org/apache/hadoop/hadoop-yarn-common/3.4.1/hadoop-yarn-common-3.4.1.jar:/home/runner/.m2/repository/javax/xml/bind/jaxb-api/2.2.11/jaxb-api-2.2.11.jar:/home/runner/.m2/repository/com/sun/jersey/contribs/jersey-guice/1.19.4/jersey-guice-1.19.4.jar:/home/runner/.m2/repository/org/apache/hadoop/hadoop-hdfs-client/3.4.1/hadoop-hdfs-client-3.4.1.jar:/home/runner/.m2/repository/org/apache/hadoop/hadoop-mapreduce-client-jobclient/3.4.1/hadoop-mapreduce-client-jobclient-3.4.1.jar:/home/runner/.m2/repository/org/apache/hadoop/hadoop-mapreduce-client-common/3.4.1/hadoop-mapreduce-client-common-3.4.1.jar:/home/runner/.m2/repository/org/apache/hadoop/hadoop-minikdc/3.4.1/hadoop-minikdc-3.4.1.jar:/home/runner/.m2/repository/org/apache/kerby/kerb-simplekdc/2.0.3/kerb-simplekdc-2.0.3.jar:/home/runner/.m2/repository/org/apache/kerby/kerb-client/2.0.3/kerb-client-2.0.3.jar:/home/runner/.m2/repository/org/apache/kerby/kerb-common/2.0.3/kerb-common-2.0.3.jar:/home/runner/.m2/repository/org/apache/kerby/token-provider/2.0.3/token-provider-2.0.3.jar:/home/runner/.m2/repository/org/apache/kerby/kerb-admin/2.0.3/kerb-admin-2.0.3.jar:/home/runner/.m2/repository/org/apache/kerby/kerb-server/2.0.3/kerb-server-2.0.3.jar:/home/runner/.m2/repository/org/apache/kerby/kerb-identity/2.0.3/kerb-identity-2.0.3.jar:/home/runner/.m2/repository/org/apache/kerby/kerby-xdr/2.0.3/kerby-xdr-2.0.3.jar:/home/runner/.m2/repository/junit/junit/4.13.2/junit-4.13.2.jar:/home/runner/.m2/repository/org/hamcrest/hamcrest-core/1.3/hamcrest-core-1.3.jar:/home/runner/work/ozone/ozone/hadoop-hdds/common/target/hdds-common-2.1.0-SNAPSHOT-tests.jar:/home/runner/.m2/repository/commons-validator/commons-validator/1.6/commons-validator-1.6.jar:/home/runner/.m2/repository/commons-digester/commons-digester/1.8.1/commons-digester-1.8.1.jar:/home/runner/.m2/repository/io/jaegertracing/jaeger-client/1.8.1/jaeger-client-1.8.1.jar:/home/runner/.m2/repository/io/jaegertracing/jaeger-thrift/1.8.1/jaeger-thrift-1.8.1.jar:/home/runner/.m2/repository/org/apache/thrift/libthrift/0.15.0/libthrift-0.15.0.jar:/home/runner/.m2/repository/com/squareup/okhttp3/okhttp/4.12.0/okhttp-4.12.0.jar:/home/runner/.m2/repository/com/squareup/okio/okio/3.6.0/okio-3.6.0.jar:/home/runner/.m2/repository/com/squareup/okio/okio-jvm/3.6.0/okio-jvm-3.6.0.jar:/home/runner/.m2/repository/org/jetbrains/kotlin/kotlin-stdlib-common/1.9.25/kotlin-stdlib-common-1.9.25.jar:/home/runner/.m2/repository/org/jetbrains/kotlin/kotlin-stdlib-jdk8/1.9.25/kotlin-stdlib-jdk8-1.9.25.jar:/home/runner/.m2/repository/org/jetbrains/kotlin/kotlin-stdlib-jdk7/1.9.25/kotlin-stdlib-jdk7-1.9.25.jar:/home/runner/.m2/repository/io/jaegertracing/jaeger-tracerresolver/1.8.1/jaeger-tracerresolver-1.8.1.jar:/home/runner/.m2/repository/io/opentracing/contrib/opentracing-tracerresolver/0.1.8/opentracing-tracerresolver-0.1.8.jar:/home/runner/.m2/repository/io/jaegertracing/jaeger-core/1.8.1/jaeger-core-1.8.1.jar:/home/runner/.m2/repository/javax/annotation/javax.annotation-api/1.3.2/javax.annotation-api-1.3.2.jar:/home/runner/work/ozone/ozone/hadoop-hdds/annotations/target/hdds-annotation-processing-2.1.0-SNAPSHOT.jar:/home/runner/.m2/repository/org/apache/ratis/ratis-metrics-dropwizard3/3.1.2/ratis-metrics-dropwizard3-3.1.2.jar:/home/runner/.m2/repository/org/bouncycastle/bcutil-jdk18on/1.80/bcutil-jdk18on-1.80.jar:/home/runner/.m2/repository/org/jetbrains/kotlin/kotlin-stdlib/1.9.25/kotlin-stdlib-1.9.25.jar:/home/runner/.m2/repository/org/jetbrains/annotations/13.0/annotations-13.0.jar:/home/runner/.m2/repository/org/slf4j/jcl-over-slf4j/2.0.17/jcl-over-slf4j-2.0.17.jar:/home/runner/.m2/repository/org/yaml/snakeyaml/2.0/snakeyaml-2.0.jar:/home/runner/work/ozone/ozone/hadoop-hdds/container-service/target/hdds-container-service-2.1.0-SNAPSHOT-tests.jar:/home/runner/.m2/repository/com/github/luben/zstd-jni/1.5.7-2/zstd-jni-1.5.7-2.jar:/home/runner/.m2/repository/io/netty/netty-buffer/4.1.109.Final/netty-buffer-4.1.109.Final.jar:/home/runner/.m2/repository/io/netty/netty-codec/4.1.109.Final/netty-codec-4.1.109.Final.jar:/home/runner/work/ozone/ozone/hadoop-hdds/framework/target/hdds-server-framework-2.1.0-SNAPSHOT-tests.jar:/home/runner/.m2/repository/com/github/jnr/jnr-constants/0.10.4/jnr-constants-0.10.4.jar:/home/runner/.m2/repository/com/github/jnr/jnr-posix/3.1.20/jnr-posix-3.1.20.jar:/home/runner/.m2/repository/com/github/jnr/jnr-ffi/2.2.17/jnr-ffi-2.2.17.jar:/home/runner/.m2/repository/com/github/jnr/jffi/1.3.13/jffi-1.3.13.jar:/home/runner/.m2/repository/com/github/jnr/jffi/1.3.13/jffi-1.3.13-native.jar:/home/runner/.m2/repository/org/ow2/asm/asm/9.7.1/asm-9.7.1.jar:/home/runner/.m2/repository/org/ow2/asm/asm-commons/9.7.1/asm-commons-9.7.1.jar:/home/runner/.m2/repository/org/ow2/asm/asm-analysis/9.7.1/asm-analysis-9.7.1.jar:/home/runner/.m2/repository/org/ow2/asm/asm-tree/9.7.1/asm-tree-9.7.1.jar:/home/runner/.m2/repository/org/ow2/asm/asm-util/9.7.1/asm-util-9.7.1.jar:/home/runner/.m2/repository/com/github/jnr/jnr-a64asm/1.0.0/jnr-a64asm-1.0.0.jar:/home/runner/.m2/repository/com/github/jnr/jnr-x86asm/1.0.2/jnr-x86asm-1.0.2.jar:/home/runner/.m2/repository/commons-fileupload/commons-fileupload/1.5/commons-fileupload-1.5.jar:/home/runner/.m2/repository/io/prometheus/simpleclient/0.16.0/simpleclient-0.16.0.jar:/home/runner/.m2/repository/io/prometheus/simpleclient_common/0.16.0/simpleclient_common-0.16.0.jar:/home/runner/.m2/repository/io/prometheus/simpleclient_dropwizard/0.16.0/simpleclient_dropwizard-0.16.0.jar:/home/runner/.m2/repository/org/apache/logging/log4j/log4j-core/2.24.2/log4j-core-2.24.2.jar:/home/runner/.m2/repository/org/eclipse/jetty/jetty-http/9.4.57.v20241219/jetty-http-9.4.57.v20241219.jar:/home/runner/.m2/repository/com/lmax/disruptor/3.4.4/disruptor-3.4.4.jar:/home/runner/work/ozone/ozone/hadoop-hdds/server-scm/target/hdds-server-scm-2.1.0-SNAPSHOT-tests.jar:/home/runner/work/ozone/ozone/hadoop-hdds/test-utils/target/hdds-test-utils-2.1.0-SNAPSHOT-tests.jar:/home/runner/work/ozone/ozone/hadoop-ozone/ozone-manager/target/ozone-manager-2.1.0-SNAPSHOT-tests.jar:/home/runner/work/ozone/ozone/hadoop-ozone/mini-cluster/target/ozone-mini-cluster-2.1.0-SNAPSHOT.jar:/home/runner/.m2/repository/org/assertj/assertj-core/3.27.3/assertj-core-3.27.3.jar:/home/runner/.m2/repository/net/bytebuddy/byte-buddy/1.15.11/byte-buddy-1.15.11.jar:/home/runner/.m2/repository/org/junit/jupiter/junit-jupiter-api/5.12.2/junit-jupiter-api-5.12.2.jar:/home/runner/.m2/repository/org/opentest4j/opentest4j/1.3.0/opentest4j-1.3.0.jar:/home/runner/.m2/repository/org/junit/platform/junit-platform-commons/1.12.2/junit-platform-commons-1.12.2.jar:/home/runner/.m2/repository/org/apiguardian/apiguardian-api/1.1.2/apiguardian-api-1.1.2.jar:/home/runner/.m2/repository/org/junit/jupiter/junit-jupiter-params/5.12.2/junit-jupiter-params-5.12.2.jar:/home/runner/.m2/repository/org/mockito/mockito-core/4.11.0/mockito-core-4.11.0.jar:/home/runner/.m2/repository/net/bytebuddy/byte-buddy-agent/1.12.19/byte-buddy-agent-1.12.19.jar:/home/runner/.m2/repository/org/objenesis/objenesis/3.3/objenesis-3.3.jar:/home/runner/.m2/repository/org/mockito/mockito-inline/4.11.0/mockito-inline-4.11.0.jar:/home/runner/.m2/repository/org/mockito/mockito-junit-jupiter/4.11.0/mockito-junit-jupiter-4.11.0.jar:/home/runner/work/ozone/ozone/hadoop-ozone/integration-test/target/gradle-enterprise/test-listeners.jar:"/>
    <property name="sun.cpu.endian" value="little"/>
    <property name="user.home" value="/home/runner"/>
    <property name="user.language" value="en"/>
    <property name="java.specification.vendor" value="Oracle Corporation"/>
    <property name="skipRecon" value="true"/>
    <property name="java.version.date" value="2025-04-15"/>
    <property name="java.home" value="/usr/lib/jvm/temurin-21-jdk-amd64"/>
    <property name="java.security.krb5.conf" value="/home/runner/work/ozone/ozone/hadoop-ozone/integration-test/target/test-classes/krb5.conf"/>
    <property name="file.separator" value="/"/>
    <property name="basedir" value="/home/runner/work/ozone/ozone/hadoop-ozone/integration-test"/>
    <property name="java.vm.compressedOopsMode" value="Zero based"/>
    <property name="line.separator" value="&#10;"/>
    <property name="java.vm.specification.vendor" value="Oracle Corporation"/>
    <property name="java.specification.name" value="Java Platform API Specification"/>
    <property name="surefire.real.class.path" value="/home/runner/work/ozone/ozone/hadoop-ozone/integration-test/target/surefire/surefirebooter-20250423040545081_1670.jar"/>
    <property name="hadoop.log.dir" value="/home/runner/work/ozone/ozone/hadoop-ozone/integration-test/target/log"/>
    <property name="sun.management.compiler" value="HotSpot 64-Bit Tiered Compilers"/>
    <property name="skipShade" value="true"/>
    <property name="java.runtime.version" value="21.0.7+6-LTS"/>
    <property name="user.name" value="runner"/>
    <property name="java.net.preferIPv4Stack" value="true"/>
    <property name="stdout.encoding" value="UTF-8"/>
    <property name="path.separator" value=":"/>
    <property name="java.security.egd" value="file:///dev/urandom"/>
    <property name="os.version" value="6.11.0-1012-azure"/>
    <property name="java.runtime.name" value="OpenJDK Runtime Environment"/>
    <property name="com.gradle.maven.scan.extension.test.listener.junitplatform.NestedExecutionSafeDelegatingTestExecutionListener" value="54a67a45"/>
    <property name="file.encoding" value="UTF-8"/>
    <property name="java.vm.name" value="OpenJDK 64-Bit Server VM"/>
    <property name="rocks_tools_native" value="true"/>
    <property name="java.vendor.version" value="Temurin-21.0.7+6"/>
    <property name="test.build.webapps" value=""/>
    <property name="develocity.listener.surefire.forkId" value="1"/>
    <property name="localRepository" value="/home/runner/.m2/repository"/>
    <property name="java.vendor.url.bug" value="https://github.com/adoptium/adoptium-support/issues"/>
    <property name="jetty.git.hash" value="df524e6b29271c2e09ba9aea83c18dc9db464a31"/>
    <property name="java.io.tmpdir" value="/tmp"/>
    <property name="require.test.libhadoop" value=""/>
    <property name="java.version" value="21.0.7"/>
    <property name="user.dir" value="/home/runner/work/ozone/ozone/hadoop-ozone/integration-test"/>
    <property name="os.arch" value="amd64"/>
    <property name="java.vm.specification.name" value="Java Virtual Machine Specification"/>
    <property name="test.build.classes" value="/home/runner/work/ozone/ozone/hadoop-ozone/integration-test/target/test-classes"/>
    <property name="org.apache.ratis.thirdparty.io.netty.allocator.useCacheForAllThreads" value="false"/>
    <property name="native.encoding" value="UTF-8"/>
    <property name="hadoop.tmp.dir" value="/home/runner/work/ozone/ozone/hadoop-ozone/integration-test/target/tmp"/>
    <property name="java.library.path" value="/usr/java/packages/lib:/usr/lib64:/lib64:/lib:/usr/lib"/>
    <property name="java.vm.info" value="mixed mode, sharing"/>
    <property name="stderr.encoding" value="UTF-8"/>
    <property name="java.vendor" value="Eclipse Adoptium"/>
    <property name="java.vm.version" value="21.0.7+6-LTS"/>
    <property name="sun.io.unicode.encoding" value="UnicodeLittle"/>
    <property name="develocity.listener.port" value="33663"/>
    <property name="java.class.version" value="65.0"/>
  </properties>
  <testcase name="testMultipartUpload" classname="org.apache.hadoop.ozone.om.TestOzoneManagerHAWithStoppedNodes" time="13.533">
    <system-out><![CDATA[2025-04-23 04:26:37,825 [main] WARN  server.ServerUtils (ServerUtils.java:getScmDbDir(141)) - ozone.scm.db.dirs is not configured. We recommend adding this setting. Falling back to ozone.metadata.dirs instead.
2025-04-23 04:26:38,005 [main] INFO  reflections.Reflections (Reflections.java:scan(219)) - Reflections took 160 ms to scan 7 urls, producing 166 keys and 390 values
2025-04-23 04:26:38,124 [main] INFO  ha.SCMHANodeDetails (SCMHANodeDetails.java:loadSCMHAConfig(162)) - ServiceID for StorageContainerManager is null
2025-04-23 04:26:38,125 [main] INFO  ha.SCMHANodeDetails (SCMHANodeDetails.java:loadSCMHAConfig(166)) - ozone.scm.default.service.id is not defined, falling back to ozone.scm.service.ids to find serviceID for StorageContainerManager if it is HA enabled cluster
2025-04-23 04:26:38,304 [main] INFO  server.RaftServerConfigKeys (ConfUtils.java:logGet(46)) - raft.server.log.appender.buffer.byte-limit = 4194304 (custom)
2025-04-23 04:26:38,328 [main] INFO  server.RaftServer (ConfUtils.java:logGet(46)) - raft.rpc.type = GRPC (default)
2025-04-23 04:26:38,380 [main] INFO  grpc.GrpcConfigKeys (ConfUtils.java:logFallback(53)) - raft.grpc.admin.host = null (fallback to raft.grpc.server.host)
2025-04-23 04:26:38,382 [main] INFO  grpc.GrpcConfigKeys (ConfUtils.java:logFallback(53)) - raft.grpc.admin.port = 15004 (fallback to raft.grpc.server.port)
2025-04-23 04:26:38,383 [main] INFO  grpc.GrpcConfigKeys (ConfUtils.java:logFallback(53)) - raft.grpc.client.host = null (fallback to raft.grpc.server.host)
2025-04-23 04:26:38,383 [main] INFO  grpc.GrpcConfigKeys (ConfUtils.java:logFallback(53)) - raft.grpc.client.port = 15004 (fallback to raft.grpc.server.port)
2025-04-23 04:26:38,384 [main] INFO  grpc.GrpcConfigKeys (ConfUtils.java:logGet(46)) - raft.grpc.server.host = null (default)
2025-04-23 04:26:38,384 [main] INFO  grpc.GrpcConfigKeys (ConfUtils.java:logGet(46)) - raft.grpc.server.port = 15004 (custom)
2025-04-23 04:26:38,385 [main] INFO  server.GrpcService (ConfUtils.java:logGet(46)) - raft.grpc.message.size.max = 5242880 (custom)
2025-04-23 04:26:38,386 [main] INFO  server.GrpcService (ConfUtils.java:logGet(46)) - raft.grpc.flow.control.window = 1MB (=1048576) (default)
2025-04-23 04:26:38,386 [main] INFO  server.RaftServerConfigKeys (ConfUtils.java:logGet(46)) - raft.server.rpc.request.timeout = 30000ms (custom)
2025-04-23 04:26:38,392 [main] INFO  grpc.GrpcConfigKeys (ConfUtils.java:logGet(46)) - raft.grpc.server.heartbeat.channel = true (default)
2025-04-23 04:26:38,393 [main] INFO  server.RaftServerConfigKeys (ConfUtils.java:logGet(46)) - raft.server.log.appender.buffer.byte-limit = 4194304 (custom)
2025-04-23 04:26:38,395 [main] INFO  grpc.GrpcConfigKeys (ConfUtils.java:logGet(46)) - raft.grpc.server.async.request.thread.pool.cached = true (default)
2025-04-23 04:26:38,395 [main] INFO  grpc.GrpcConfigKeys (ConfUtils.java:logGet(46)) - raft.grpc.server.async.request.thread.pool.size = 32 (default)
2025-04-23 04:26:38,570 [main] INFO  impl.DataStreamServerImpl (ConfUtils.java:logGet(46)) - raft.datastream.type = DISABLED (default)
2025-04-23 04:26:38,572 [main] INFO  server.RaftServerConfigKeys (ConfUtils.java:logGet(46)) - raft.server.sleep.deviation.threshold = 300ms (default)
2025-04-23 04:26:38,572 [main] INFO  server.RaftServerConfigKeys (ConfUtils.java:logGet(46)) - raft.server.close.threshold = 60s (default)
2025-04-23 04:26:38,573 [main] INFO  server.RaftServerConfigKeys (ConfUtils.java:logGet(46)) - raft.server.leaderelection.leader.step-down.wait-time = 10s (default)
2025-04-23 04:26:38,577 [main] INFO  server.RaftServerConfigKeys (ConfUtils.java:logGet(46)) - raft.server.storage.dir = [/home/runner/work/ozone/ozone/hadoop-ozone/integration-test/target/test-dir/MiniOzoneClusterImpl-ff59c164-3798-4a7f-a16d-eeed9ffb3244/ozone-meta/scm-ha] (custom)
2025-04-23 04:26:38,578 [main] INFO  server.RaftServerConfigKeys (ConfUtils.java:logGet(46)) - raft.server.threadpool.proxy.cached = true (default)
2025-04-23 04:26:38,578 [main] INFO  server.RaftServerConfigKeys (ConfUtils.java:logGet(46)) - raft.server.threadpool.proxy.size = 0 (default)
2025-04-23 04:26:38,584 [main] INFO  server.RaftServer (RaftServerProxy.java:addNew(100)) - bf7db134-45a1-4f19-9c9a-e33221f9a916: addNew group-EEED9FFB3244:[bf7db134-45a1-4f19-9c9a-e33221f9a916|fv-az1441-587:15004] returns group-EEED9FFB3244:java.util.concurrent.CompletableFuture@2e13f304[Not completed]
2025-04-23 04:26:38,597 [bf7db134-45a1-4f19-9c9a-e33221f9a916-groupManagement] INFO  server.RaftServer$Division (RaftServerImpl.java:<init>(255)) - bf7db134-45a1-4f19-9c9a-e33221f9a916: new RaftServerImpl for group-EEED9FFB3244:[bf7db134-45a1-4f19-9c9a-e33221f9a916|fv-az1441-587:15004] with SCMStateMachine:uninitialized
2025-04-23 04:26:38,599 [bf7db134-45a1-4f19-9c9a-e33221f9a916-groupManagement] INFO  server.RaftServerConfigKeys (ConfUtils.java:logGet(46)) - raft.server.rpc.timeout.min = 5000ms (custom)
2025-04-23 04:26:38,599 [bf7db134-45a1-4f19-9c9a-e33221f9a916-groupManagement] INFO  server.RaftServerConfigKeys (ConfUtils.java:logGet(46)) - raft.server.rpc.timeout.max = 5200ms (custom)
2025-04-23 04:26:38,600 [bf7db134-45a1-4f19-9c9a-e33221f9a916-groupManagement] INFO  server.RaftServerConfigKeys (ConfUtils.java:logGet(46)) - raft.server.rpc.sleep.time = 25ms (default)
2025-04-23 04:26:38,600 [bf7db134-45a1-4f19-9c9a-e33221f9a916-groupManagement] INFO  server.RaftServerConfigKeys (ConfUtils.java:logGet(46)) - raft.server.rpc.slowness.timeout = 120000ms (custom)
2025-04-23 04:26:38,600 [bf7db134-45a1-4f19-9c9a-e33221f9a916-groupManagement] INFO  server.RaftServerConfigKeys (ConfUtils.java:logGet(46)) - raft.server.leaderelection.leader.step-down.wait-time = 10s (default)
2025-04-23 04:26:38,600 [bf7db134-45a1-4f19-9c9a-e33221f9a916-groupManagement] INFO  server.RaftServerConfigKeys (ConfUtils.java:logGet(46)) - raft.server.leaderelection.member.majority-add = false (default)
2025-04-23 04:26:38,601 [bf7db134-45a1-4f19-9c9a-e33221f9a916-groupManagement] INFO  server.RaftServerConfigKeys (ConfUtils.java:logGet(46)) - raft.server.sleep.deviation.threshold = 300ms (default)
2025-04-23 04:26:38,607 [bf7db134-45a1-4f19-9c9a-e33221f9a916-groupManagement] INFO  server.RaftServer$Division (ServerState.java:<init>(114)) - bf7db134-45a1-4f19-9c9a-e33221f9a916@group-EEED9FFB3244: ConfigurationManager, init=conf: {index: -1, cur=peers:[bf7db134-45a1-4f19-9c9a-e33221f9a916|fv-az1441-587:15004]|listeners:[], old=null}, confs=<EMPTY_MAP>
2025-04-23 04:26:38,612 [bf7db134-45a1-4f19-9c9a-e33221f9a916-groupManagement] INFO  server.RaftServerConfigKeys (ConfUtils.java:logGet(46)) - raft.server.notification.no-leader.timeout = 60s (default)
2025-04-23 04:26:38,614 [bf7db134-45a1-4f19-9c9a-e33221f9a916-groupManagement] INFO  server.RaftServerConfigKeys (ConfUtils.java:logGet(46)) - raft.server.read.timeout = 10s (default)
2025-04-23 04:26:38,617 [bf7db134-45a1-4f19-9c9a-e33221f9a916-groupManagement] INFO  server.RaftServerConfigKeys (ConfUtils.java:logGet(46)) - raft.server.retrycache.expirytime = 60000ms (default)
2025-04-23 04:26:38,617 [bf7db134-45a1-4f19-9c9a-e33221f9a916-groupManagement] INFO  server.RaftServerConfigKeys (ConfUtils.java:logGet(46)) - raft.server.retrycache.statistics.expirytime = 100ms (default)
2025-04-23 04:26:38,621 [bf7db134-45a1-4f19-9c9a-e33221f9a916-groupManagement] INFO  server.RaftServerConfigKeys (ConfUtils.java:logGet(46)) - raft.server.read.option = DEFAULT (default)
2025-04-23 04:26:38,621 [bf7db134-45a1-4f19-9c9a-e33221f9a916-groupManagement] INFO  server.RaftServerConfigKeys (ConfUtils.java:logGet(46)) - raft.server.read.read-after-write-consistent.write-index-cache.expiry-time = 60s (default)
2025-04-23 04:26:38,751 [bf7db134-45a1-4f19-9c9a-e33221f9a916-groupManagement] INFO  server.RaftServerConfigKeys (ConfUtils.java:logGet(46)) - raft.server.rpc.request.timeout = 30000ms (custom)
2025-04-23 04:26:38,753 [bf7db134-45a1-4f19-9c9a-e33221f9a916-groupManagement] INFO  server.RaftServerConfigKeys (ConfUtils.java:logGet(46)) - raft.server.log.appender.install.snapshot.enabled = false (custom)
2025-04-23 04:26:38,753 [bf7db134-45a1-4f19-9c9a-e33221f9a916-groupManagement] INFO  server.RaftServerConfigKeys (ConfUtils.java:logGet(46)) - raft.server.threadpool.server.cached = true (default)
2025-04-23 04:26:38,754 [bf7db134-45a1-4f19-9c9a-e33221f9a916-groupManagement] INFO  server.RaftServerConfigKeys (ConfUtils.java:logGet(46)) - raft.server.threadpool.server.size = 0 (default)
2025-04-23 04:26:38,754 [bf7db134-45a1-4f19-9c9a-e33221f9a916-groupManagement] INFO  server.RaftServerConfigKeys (ConfUtils.java:logGet(46)) - raft.server.threadpool.client.cached = true (default)
2025-04-23 04:26:38,755 [bf7db134-45a1-4f19-9c9a-e33221f9a916-groupManagement] INFO  server.RaftServerConfigKeys (ConfUtils.java:logGet(46)) - raft.server.threadpool.client.size = 0 (default)
2025-04-23 04:26:38,757 [bf7db134-45a1-4f19-9c9a-e33221f9a916-impl-thread1] INFO  server.RaftServerConfigKeys (ConfUtils.java:logGet(46)) - raft.server.storage.free-space.min = 0MB (=0) (default)
2025-04-23 04:26:38,758 [bf7db134-45a1-4f19-9c9a-e33221f9a916-impl-thread1] INFO  server.RaftServerConfigKeys (ConfUtils.java:logGet(46)) - raft.server.log.corruption.policy = EXCEPTION (default)
2025-04-23 04:26:38,758 [bf7db134-45a1-4f19-9c9a-e33221f9a916-impl-thread1] INFO  server.RaftServerConfigKeys (ConfUtils.java:logGet(46)) - raft.server.storage.dir = [/home/runner/work/ozone/ozone/hadoop-ozone/integration-test/target/test-dir/MiniOzoneClusterImpl-ff59c164-3798-4a7f-a16d-eeed9ffb3244/ozone-meta/scm-ha] (custom)
2025-04-23 04:26:38,762 [bf7db134-45a1-4f19-9c9a-e33221f9a916-impl-thread1] INFO  storage.RaftStorageDirectory (RaftStorageDirectoryImpl.java:analyzeStorage(138)) - The storage directory /home/runner/work/ozone/ozone/hadoop-ozone/integration-test/target/test-dir/MiniOzoneClusterImpl-ff59c164-3798-4a7f-a16d-eeed9ffb3244/ozone-meta/scm-ha/ff59c164-3798-4a7f-a16d-eeed9ffb3244 does not exist. Creating ...
2025-04-23 04:26:38,765 [bf7db134-45a1-4f19-9c9a-e33221f9a916-impl-thread1] INFO  storage.RaftStorageDirectory (RaftStorageDirectoryImpl.java:tryLock(229)) - Lock on /home/runner/work/ozone/ozone/hadoop-ozone/integration-test/target/test-dir/MiniOzoneClusterImpl-ff59c164-3798-4a7f-a16d-eeed9ffb3244/ozone-meta/scm-ha/ff59c164-3798-4a7f-a16d-eeed9ffb3244/in_use.lock acquired by nodename 129558@fv-az1441-587
2025-04-23 04:26:38,768 [bf7db134-45a1-4f19-9c9a-e33221f9a916-impl-thread1] INFO  storage.RaftStorage (RaftStorageImpl.java:format(98)) - Storage directory /home/runner/work/ozone/ozone/hadoop-ozone/integration-test/target/test-dir/MiniOzoneClusterImpl-ff59c164-3798-4a7f-a16d-eeed9ffb3244/ozone-meta/scm-ha/ff59c164-3798-4a7f-a16d-eeed9ffb3244 has been successfully formatted.
2025-04-23 04:26:38,769 [bf7db134-45a1-4f19-9c9a-e33221f9a916-impl-thread1] INFO  ha.SCMStateMachine (SCMStateMachine.java:lambda$initialize$0(135)) - bf7db134-45a1-4f19-9c9a-e33221f9a916: initialize group-EEED9FFB3244
2025-04-23 04:26:38,770 [bf7db134-45a1-4f19-9c9a-e33221f9a916-impl-thread1] INFO  server.RaftServerConfigKeys (ConfUtils.java:logGet(46)) - raft.server.log.use.memory = false (default)
2025-04-23 04:26:38,774 [bf7db134-45a1-4f19-9c9a-e33221f9a916-impl-thread1] INFO  server.RaftServerConfigKeys (ConfUtils.java:logGet(46)) - raft.server.log.purge.gap = 1000000 (custom)
2025-04-23 04:26:38,775 [bf7db134-45a1-4f19-9c9a-e33221f9a916-impl-thread1] INFO  server.RaftServerConfigKeys (ConfUtils.java:logGet(46)) - raft.server.log.appender.buffer.byte-limit = 4194304 (custom)
2025-04-23 04:26:38,776 [bf7db134-45a1-4f19-9c9a-e33221f9a916-impl-thread1] INFO  server.RaftServerConfigKeys (ConfUtils.java:logGet(46)) - raft.server.log.statemachine.data.read.timeout = 1000ms (default)
2025-04-23 04:26:38,776 [bf7db134-45a1-4f19-9c9a-e33221f9a916-impl-thread1] INFO  server.RaftServerConfigKeys (ConfUtils.java:logGet(46)) - raft.server.log.purge.preservation.log.num = 0 (default)
2025-04-23 04:26:38,778 [bf7db134-45a1-4f19-9c9a-e33221f9a916-impl-thread1] INFO  server.RaftServerConfigKeys (ConfUtils.java:logGet(46)) - raft.server.log.segment.size.max = 4194304 (custom)
2025-04-23 04:26:38,782 [bf7db134-45a1-4f19-9c9a-e33221f9a916-impl-thread1] INFO  server.RaftServerConfigKeys (ConfUtils.java:logGet(46)) - raft.server.log.segment.cache.num.max = 2 (custom)
2025-04-23 04:26:38,782 [bf7db134-45a1-4f19-9c9a-e33221f9a916-impl-thread1] INFO  server.RaftServerConfigKeys (ConfUtils.java:logGet(46)) - raft.server.log.segment.cache.size.max = 200MB (=209715200) (default)
2025-04-23 04:26:38,782 [bf7db134-45a1-4f19-9c9a-e33221f9a916-impl-thread1] INFO  server.RaftServerConfigKeys (ConfUtils.java:logGet(46)) - raft.server.log.appender.buffer.byte-limit = 4194304 (custom)
2025-04-23 04:26:38,784 [bf7db134-45a1-4f19-9c9a-e33221f9a916-impl-thread1] INFO  util.AwaitToRun (AwaitToRun.java:start(81)) - Thread[#38,bf7db134-45a1-4f19-9c9a-e33221f9a916@group-EEED9FFB3244-cacheEviction-AwaitToRun,5,main] started
2025-04-23 04:26:38,787 [bf7db134-45a1-4f19-9c9a-e33221f9a916-impl-thread1] INFO  segmented.SegmentedRaftLogWorker (SegmentedRaftLogWorker.java:<init>(188)) - new bf7db134-45a1-4f19-9c9a-e33221f9a916@group-EEED9FFB3244-SegmentedRaftLogWorker for RaftStorageImpl:Storage Directory /home/runner/work/ozone/ozone/hadoop-ozone/integration-test/target/test-dir/MiniOzoneClusterImpl-ff59c164-3798-4a7f-a16d-eeed9ffb3244/ozone-meta/scm-ha/ff59c164-3798-4a7f-a16d-eeed9ffb3244
2025-04-23 04:26:38,787 [bf7db134-45a1-4f19-9c9a-e33221f9a916-impl-thread1] INFO  server.RaftServerConfigKeys (ConfUtils.java:logGet(46)) - raft.server.log.queue.byte-limit = 64MB (=67108864) (default)
2025-04-23 04:26:38,787 [bf7db134-45a1-4f19-9c9a-e33221f9a916-impl-thread1] INFO  server.RaftServerConfigKeys (ConfUtils.java:logGet(46)) - raft.server.log.queue.element-limit = 4096 (default)
2025-04-23 04:26:38,789 [bf7db134-45a1-4f19-9c9a-e33221f9a916-impl-thread1] INFO  server.RaftServerConfigKeys (ConfUtils.java:logGet(46)) - raft.server.log.segment.size.max = 4194304 (custom)
2025-04-23 04:26:38,789 [bf7db134-45a1-4f19-9c9a-e33221f9a916-impl-thread1] INFO  server.RaftServerConfigKeys (ConfUtils.java:logGet(46)) - raft.server.log.preallocated.size = 4194304 (custom)
2025-04-23 04:26:38,789 [bf7db134-45a1-4f19-9c9a-e33221f9a916-impl-thread1] INFO  server.RaftServerConfigKeys (ConfUtils.java:logGet(46)) - raft.server.log.force.sync.num = 128 (default)
2025-04-23 04:26:38,790 [bf7db134-45a1-4f19-9c9a-e33221f9a916-impl-thread1] INFO  server.RaftServerConfigKeys (ConfUtils.java:logGet(46)) - raft.server.log.statemachine.data.sync = true (default)
2025-04-23 04:26:38,790 [bf7db134-45a1-4f19-9c9a-e33221f9a916-impl-thread1] INFO  server.RaftServerConfigKeys (ConfUtils.java:logGet(46)) - raft.server.log.statemachine.data.sync.timeout = 10s (default)
2025-04-23 04:26:38,790 [bf7db134-45a1-4f19-9c9a-e33221f9a916-impl-thread1] INFO  server.RaftServerConfigKeys (ConfUtils.java:logGet(46)) - raft.server.log.statemachine.data.sync.timeout.retry = -1 (default)
2025-04-23 04:26:38,792 [bf7db134-45a1-4f19-9c9a-e33221f9a916-impl-thread1] INFO  server.RaftServerConfigKeys (ConfUtils.java:logGet(46)) - raft.server.log.write.buffer.size = 4194312 (custom)
2025-04-23 04:26:38,794 [bf7db134-45a1-4f19-9c9a-e33221f9a916-impl-thread1] INFO  server.RaftServerConfigKeys (ConfUtils.java:logGet(46)) - raft.server.log.appender.buffer.byte-limit = 4194304 (custom)
2025-04-23 04:26:38,794 [bf7db134-45a1-4f19-9c9a-e33221f9a916-impl-thread1] INFO  server.RaftServerConfigKeys (ConfUtils.java:logGet(46)) - raft.server.log.unsafe-flush.enabled = false (default)
2025-04-23 04:26:38,795 [bf7db134-45a1-4f19-9c9a-e33221f9a916-impl-thread1] INFO  server.RaftServerConfigKeys (ConfUtils.java:logGet(46)) - raft.server.log.async-flush.enabled = false (default)
2025-04-23 04:26:38,795 [bf7db134-45a1-4f19-9c9a-e33221f9a916-impl-thread1] INFO  server.RaftServerConfigKeys (ConfUtils.java:logGet(46)) - raft.server.log.statemachine.data.caching.enabled = false (default)
2025-04-23 04:26:38,799 [bf7db134-45a1-4f19-9c9a-e33221f9a916-impl-thread1] INFO  segmented.SegmentedRaftLogWorker (SegmentedRaftLogWorker.java:lambda$new$0(139)) - bf7db134-45a1-4f19-9c9a-e33221f9a916@group-EEED9FFB3244-SegmentedRaftLogWorker: flushIndex: setUnconditionally 0 -> -1
2025-04-23 04:26:38,799 [bf7db134-45a1-4f19-9c9a-e33221f9a916-impl-thread1] INFO  segmented.SegmentedRaftLogWorker (SegmentedRaftLogWorker.java:lambda$new$0(139)) - bf7db134-45a1-4f19-9c9a-e33221f9a916@group-EEED9FFB3244-SegmentedRaftLogWorker: safeCacheEvictIndex: setUnconditionally 0 -> -1
2025-04-23 04:26:38,800 [bf7db134-45a1-4f19-9c9a-e33221f9a916-impl-thread1] INFO  server.RaftServer$Division (RaftServerImpl.java:start(391)) - bf7db134-45a1-4f19-9c9a-e33221f9a916@group-EEED9FFB3244: start as a follower, conf=conf: {index: -1, cur=peers:[bf7db134-45a1-4f19-9c9a-e33221f9a916|fv-az1441-587:15004]|listeners:[], old=null}
2025-04-23 04:26:38,800 [bf7db134-45a1-4f19-9c9a-e33221f9a916-impl-thread1] INFO  server.RaftServer$Division (RaftServerImpl.java:setRole(378)) - bf7db134-45a1-4f19-9c9a-e33221f9a916@group-EEED9FFB3244: changes role from      null to FOLLOWER at term 0 for startAsFollower
2025-04-23 04:26:38,801 [bf7db134-45a1-4f19-9c9a-e33221f9a916-impl-thread1] INFO  impl.RoleInfo (RoleInfo.java:updateAndGet(148)) - bf7db134-45a1-4f19-9c9a-e33221f9a916: start bf7db134-45a1-4f19-9c9a-e33221f9a916@group-EEED9FFB3244-FollowerState
2025-04-23 04:26:38,802 [bf7db134-45a1-4f19-9c9a-e33221f9a916@group-EEED9FFB3244-FollowerState] INFO  server.RaftServerConfigKeys (ConfUtils.java:logGet(46)) - raft.server.rpc.first-election.timeout.min = 1000ms (custom)
2025-04-23 04:26:38,803 [bf7db134-45a1-4f19-9c9a-e33221f9a916@group-EEED9FFB3244-FollowerState] INFO  server.RaftServerConfigKeys (ConfUtils.java:logGet(46)) - raft.server.rpc.first-election.timeout.max = 1200ms (custom)
2025-04-23 04:26:38,803 [bf7db134-45a1-4f19-9c9a-e33221f9a916-impl-thread1] INFO  util.JmxRegister (JmxRegister.java:tryRegister(44)) - Successfully registered JMX Bean with object name Ratis:service=RaftServer,group=group-EEED9FFB3244,id=bf7db134-45a1-4f19-9c9a-e33221f9a916
2025-04-23 04:26:38,803 [bf7db134-45a1-4f19-9c9a-e33221f9a916-impl-thread1] INFO  util.JmxRegister (JmxRegister.java:register(58)) - register mxBean class org.apache.ratis.server.impl.RaftServerJmxAdapter as Ratis:service=RaftServer,group=group-EEED9FFB3244,id=bf7db134-45a1-4f19-9c9a-e33221f9a916
2025-04-23 04:26:38,805 [bf7db134-45a1-4f19-9c9a-e33221f9a916-impl-thread1] INFO  server.RaftServerConfigKeys (ConfUtils.java:logGet(46)) - raft.server.snapshot.trigger-when-stop.enabled = true (default)
2025-04-23 04:26:38,805 [bf7db134-45a1-4f19-9c9a-e33221f9a916-impl-thread1] INFO  server.RaftServerConfigKeys (ConfUtils.java:logGet(46)) - raft.server.snapshot.trigger-when-remove.enabled = true (default)
2025-04-23 04:26:38,805 [bf7db134-45a1-4f19-9c9a-e33221f9a916-impl-thread1] INFO  server.RaftServerConfigKeys (ConfUtils.java:logGet(46)) - raft.server.snapshot.auto.trigger.enabled = true (custom)
2025-04-23 04:26:38,806 [bf7db134-45a1-4f19-9c9a-e33221f9a916-impl-thread1] INFO  server.RaftServerConfigKeys (ConfUtils.java:logGet(46)) - raft.server.snapshot.auto.trigger.threshold = 1000 (custom)
2025-04-23 04:26:38,806 [bf7db134-45a1-4f19-9c9a-e33221f9a916-impl-thread1] INFO  server.RaftServerConfigKeys (ConfUtils.java:logGet(46)) - raft.server.snapshot.retention.file.num = -1 (default)
2025-04-23 04:26:38,807 [bf7db134-45a1-4f19-9c9a-e33221f9a916-impl-thread1] INFO  server.RaftServerConfigKeys (ConfUtils.java:logGet(46)) - raft.server.log.purge.upto.snapshot.index = false (default)
2025-04-23 04:26:38,809 [bf7db134-45a1-4f19-9c9a-e33221f9a916-impl-thread1] INFO  server.RaftServer$Division (RaftServerImpl.java:start(405)) - bf7db134-45a1-4f19-9c9a-e33221f9a916@group-EEED9FFB3244: Successfully started.
2025-04-23 04:26:38,810 [main] INFO  server.RaftServer (RaftServerProxy.java:startImpl(407)) - bf7db134-45a1-4f19-9c9a-e33221f9a916: start RPC server
2025-04-23 04:26:38,835 [main] INFO  server.GrpcService (GrpcService.java:startImpl(334)) - bf7db134-45a1-4f19-9c9a-e33221f9a916: GrpcService started, listening on 15004
2025-04-23 04:26:38,837 [JvmPauseMonitor0] INFO  util.JvmPauseMonitor (JvmPauseMonitor.java:run(146)) - JvmPauseMonitor-bf7db134-45a1-4f19-9c9a-e33221f9a916: Started
2025-04-23 04:26:39,920 [bf7db134-45a1-4f19-9c9a-e33221f9a916@group-EEED9FFB3244-FollowerState] INFO  impl.FollowerState (FollowerState.java:runImpl(161)) - bf7db134-45a1-4f19-9c9a-e33221f9a916@group-EEED9FFB3244-FollowerState: change to CANDIDATE, lastRpcElapsedTime:1118387467ns, electionTimeout:1116ms
2025-04-23 04:26:39,920 [bf7db134-45a1-4f19-9c9a-e33221f9a916@group-EEED9FFB3244-FollowerState] INFO  impl.RoleInfo (RoleInfo.java:shutdownFollowerState(121)) - bf7db134-45a1-4f19-9c9a-e33221f9a916: shutdown bf7db134-45a1-4f19-9c9a-e33221f9a916@group-EEED9FFB3244-FollowerState
2025-04-23 04:26:39,920 [bf7db134-45a1-4f19-9c9a-e33221f9a916@group-EEED9FFB3244-FollowerState] INFO  server.RaftServer$Division (RaftServerImpl.java:setRole(378)) - bf7db134-45a1-4f19-9c9a-e33221f9a916@group-EEED9FFB3244: changes role from  FOLLOWER to CANDIDATE at term 0 for changeToCandidate
2025-04-23 04:26:39,922 [bf7db134-45a1-4f19-9c9a-e33221f9a916@group-EEED9FFB3244-FollowerState] INFO  server.RaftServerConfigKeys (ConfUtils.java:logGet(46)) - raft.server.leaderelection.pre-vote = true (default)
2025-04-23 04:26:39,922 [bf7db134-45a1-4f19-9c9a-e33221f9a916@group-EEED9FFB3244-FollowerState] INFO  impl.RoleInfo (RoleInfo.java:updateAndGet(148)) - bf7db134-45a1-4f19-9c9a-e33221f9a916: start bf7db134-45a1-4f19-9c9a-e33221f9a916@group-EEED9FFB3244-LeaderElection1
2025-04-23 04:26:39,925 [bf7db134-45a1-4f19-9c9a-e33221f9a916@group-EEED9FFB3244-LeaderElection1] INFO  impl.LeaderElection (LeaderElection.java:askForVotes(332)) - bf7db134-45a1-4f19-9c9a-e33221f9a916@group-EEED9FFB3244-LeaderElection1 PRE_VOTE round 0: submit vote requests at term 0 for conf: {index: -1, cur=peers:[bf7db134-45a1-4f19-9c9a-e33221f9a916|fv-az1441-587:15004]|listeners:[], old=null}
2025-04-23 04:26:39,925 [bf7db134-45a1-4f19-9c9a-e33221f9a916@group-EEED9FFB3244-LeaderElection1] INFO  impl.LeaderElection (LeaderElection.java:askForVotes(334)) - bf7db134-45a1-4f19-9c9a-e33221f9a916@group-EEED9FFB3244-LeaderElection1 PRE_VOTE round 0: result PASSED (term=0)
2025-04-23 04:26:39,928 [bf7db134-45a1-4f19-9c9a-e33221f9a916@group-EEED9FFB3244-LeaderElection1] INFO  impl.LeaderElection (LeaderElection.java:askForVotes(332)) - bf7db134-45a1-4f19-9c9a-e33221f9a916@group-EEED9FFB3244-LeaderElection1 ELECTION round 0: submit vote requests at term 1 for conf: {index: -1, cur=peers:[bf7db134-45a1-4f19-9c9a-e33221f9a916|fv-az1441-587:15004]|listeners:[], old=null}
2025-04-23 04:26:39,928 [bf7db134-45a1-4f19-9c9a-e33221f9a916@group-EEED9FFB3244-LeaderElection1] INFO  impl.LeaderElection (LeaderElection.java:askForVotes(334)) - bf7db134-45a1-4f19-9c9a-e33221f9a916@group-EEED9FFB3244-LeaderElection1 ELECTION round 0: result PASSED (term=1)
2025-04-23 04:26:39,928 [bf7db134-45a1-4f19-9c9a-e33221f9a916@group-EEED9FFB3244-LeaderElection1] INFO  impl.RoleInfo (RoleInfo.java:shutdownLeaderElection(141)) - bf7db134-45a1-4f19-9c9a-e33221f9a916: shutdown bf7db134-45a1-4f19-9c9a-e33221f9a916@group-EEED9FFB3244-LeaderElection1
2025-04-23 04:26:39,928 [bf7db134-45a1-4f19-9c9a-e33221f9a916@group-EEED9FFB3244-LeaderElection1] INFO  server.RaftServer$Division (RaftServerImpl.java:setRole(378)) - bf7db134-45a1-4f19-9c9a-e33221f9a916@group-EEED9FFB3244: changes role from CANDIDATE to LEADER at term 1 for changeToLeader
2025-04-23 04:26:39,932 [bf7db134-45a1-4f19-9c9a-e33221f9a916@group-EEED9FFB3244-LeaderElection1] INFO  server.RaftServerConfigKeys (ConfUtils.java:logGet(46)) - raft.server.staging.catchup.gap = 1000 (default)
2025-04-23 04:26:39,934 [bf7db134-45a1-4f19-9c9a-e33221f9a916@group-EEED9FFB3244-LeaderElection1] INFO  server.RaftServerConfigKeys (ConfUtils.java:logGet(46)) - raft.server.write.element-limit = 4096 (default)
2025-04-23 04:26:39,934 [bf7db134-45a1-4f19-9c9a-e33221f9a916@group-EEED9FFB3244-LeaderElection1] INFO  server.RaftServerConfigKeys (ConfUtils.java:logGet(46)) - raft.server.write.byte-limit = 64MB (=67108864) (default)
2025-04-23 04:26:39,936 [bf7db134-45a1-4f19-9c9a-e33221f9a916@group-EEED9FFB3244-LeaderElection1] INFO  server.RaftServerConfigKeys (ConfUtils.java:logGet(46)) - raft.server.watch.timeout = 10s (default)
2025-04-23 04:26:39,936 [bf7db134-45a1-4f19-9c9a-e33221f9a916@group-EEED9FFB3244-LeaderElection1] INFO  server.RaftServerConfigKeys (ConfUtils.java:logGet(46)) - raft.server.watch.timeout.denomination = 1s (default)
2025-04-23 04:26:39,937 [bf7db134-45a1-4f19-9c9a-e33221f9a916@group-EEED9FFB3244-LeaderElection1] INFO  server.RaftServerConfigKeys (ConfUtils.java:logGet(46)) - raft.server.watch.element-limit = 65536 (default)
2025-04-23 04:26:39,942 [bf7db134-45a1-4f19-9c9a-e33221f9a916@group-EEED9FFB3244-LeaderElection1] INFO  server.RaftServerConfigKeys (ConfUtils.java:logGet(46)) - raft.server.read.leader.lease.enabled = false (default)
2025-04-23 04:26:39,943 [bf7db134-45a1-4f19-9c9a-e33221f9a916@group-EEED9FFB3244-LeaderElection1] INFO  server.RaftServerConfigKeys (ConfUtils.java:logGet(46)) - raft.server.read.leader.lease.timeout.ratio = 0.9 (default)
2025-04-23 04:26:39,944 [bf7db134-45a1-4f19-9c9a-e33221f9a916@group-EEED9FFB3244-LeaderElection1] INFO  server.RaftServerConfigKeys (ConfUtils.java:logGet(46)) - raft.server.rpc.timeout.min = 5000ms (custom)
2025-04-23 04:26:39,944 [bf7db134-45a1-4f19-9c9a-e33221f9a916@group-EEED9FFB3244-LeaderElection1] INFO  server.RaftServerConfigKeys (ConfUtils.java:logGet(46)) - raft.server.log.log-metadata.enabled = true (default)
2025-04-23 04:26:39,944 [bf7db134-45a1-4f19-9c9a-e33221f9a916@group-EEED9FFB3244-LeaderElection1] INFO  server.RaftServerConfigKeys (ConfUtils.java:logGet(46)) - raft.server.write.element-limit = 4096 (default)
2025-04-23 04:26:39,944 [bf7db134-45a1-4f19-9c9a-e33221f9a916@group-EEED9FFB3244-LeaderElection1] INFO  server.RaftServerConfigKeys (ConfUtils.java:logGet(46)) - raft.server.write.follower.gap.ratio.max = -1.0 (default)
2025-04-23 04:26:39,946 [bf7db134-45a1-4f19-9c9a-e33221f9a916@group-EEED9FFB3244-LeaderElection1] INFO  impl.RoleInfo (RoleInfo.java:updateAndGet(148)) - bf7db134-45a1-4f19-9c9a-e33221f9a916: start bf7db134-45a1-4f19-9c9a-e33221f9a916@group-EEED9FFB3244-LeaderStateImpl
2025-04-23 04:26:39,946 [bf7db134-45a1-4f19-9c9a-e33221f9a916@group-EEED9FFB3244-LeaderElection1] INFO  server.RaftServer$Division (RaftServerImpl.java:setFirstElection(562)) - bf7db134-45a1-4f19-9c9a-e33221f9a916@group-EEED9FFB3244: set firstElectionSinceStartup to false for becomeLeader
2025-04-23 04:26:39,946 [bf7db134-45a1-4f19-9c9a-e33221f9a916@group-EEED9FFB3244-LeaderElection1] INFO  server.RaftServer$Division (ServerState.java:setLeader(272)) - bf7db134-45a1-4f19-9c9a-e33221f9a916@group-EEED9FFB3244: change Leader from null to bf7db134-45a1-4f19-9c9a-e33221f9a916 at term 1 for becomeLeader, leader elected after 1334ms
2025-04-23 04:26:39,958 [bf7db134-45a1-4f19-9c9a-e33221f9a916@group-EEED9FFB3244-LeaderElection1] INFO  segmented.SegmentedRaftLogWorker (SegmentedRaftLogWorker.java:startLogSegment(438)) - bf7db134-45a1-4f19-9c9a-e33221f9a916@group-EEED9FFB3244-SegmentedRaftLogWorker: Starting segment from index:0
2025-04-23 04:26:39,972 [bf7db134-45a1-4f19-9c9a-e33221f9a916@group-EEED9FFB3244-LeaderElection1] INFO  server.RaftServer$Division (ServerState.java:setRaftConf(386)) - bf7db134-45a1-4f19-9c9a-e33221f9a916@group-EEED9FFB3244: set configuration conf: {index: 0, cur=peers:[bf7db134-45a1-4f19-9c9a-e33221f9a916|fv-az1441-587:15004]|listeners:[], old=null}
2025-04-23 04:26:39,978 [bf7db134-45a1-4f19-9c9a-e33221f9a916@group-EEED9FFB3244-SegmentedRaftLogWorker] INFO  segmented.BufferedWriteChannel (BufferedWriteChannel.java:open(61)) - open log_inprogress_0 at position 0
2025-04-23 04:26:39,987 [bf7db134-45a1-4f19-9c9a-e33221f9a916@group-EEED9FFB3244-SegmentedRaftLogWorker] INFO  segmented.SegmentedRaftLogWorker (SegmentedRaftLogWorker.java:execute(644)) - bf7db134-45a1-4f19-9c9a-e33221f9a916@group-EEED9FFB3244-SegmentedRaftLogWorker: created new log segment /home/runner/work/ozone/ozone/hadoop-ozone/integration-test/target/test-dir/MiniOzoneClusterImpl-ff59c164-3798-4a7f-a16d-eeed9ffb3244/ozone-meta/scm-ha/ff59c164-3798-4a7f-a16d-eeed9ffb3244/current/log_inprogress_0
2025-04-23 04:26:39,994 [bf7db134-45a1-4f19-9c9a-e33221f9a916@group-EEED9FFB3244-StateMachineUpdater] INFO  server.RaftServer$Division (LeaderStateImpl.java:checkStartIndex(313)) - Leader bf7db134-45a1-4f19-9c9a-e33221f9a916@group-EEED9FFB3244-LeaderStateImpl is ready since appliedIndex == startIndex == 0
2025-04-23 04:26:40,838 [main] INFO  server.RaftServer (RaftServerProxy.java:lambda$close$9(417)) - bf7db134-45a1-4f19-9c9a-e33221f9a916: close
2025-04-23 04:26:40,839 [bf7db134-45a1-4f19-9c9a-e33221f9a916-impl-thread1] INFO  server.RaftServer$Division (RaftServerImpl.java:lambda$close$1(513)) - bf7db134-45a1-4f19-9c9a-e33221f9a916@group-EEED9FFB3244: shutdown
2025-04-23 04:26:40,839 [main] INFO  server.GrpcService (GrpcService.java:closeImpl(343)) - bf7db134-45a1-4f19-9c9a-e33221f9a916: shutdown server GrpcServerProtocolService now
2025-04-23 04:26:40,839 [bf7db134-45a1-4f19-9c9a-e33221f9a916-impl-thread1] INFO  util.JmxRegister (JmxRegister.java:unregister(74)) - Successfully un-registered JMX Bean with object name Ratis:service=RaftServer,group=group-EEED9FFB3244,id=bf7db134-45a1-4f19-9c9a-e33221f9a916
2025-04-23 04:26:40,840 [bf7db134-45a1-4f19-9c9a-e33221f9a916-impl-thread1] INFO  impl.RoleInfo (RoleInfo.java:shutdownLeaderState(103)) - bf7db134-45a1-4f19-9c9a-e33221f9a916: shutdown bf7db134-45a1-4f19-9c9a-e33221f9a916@group-EEED9FFB3244-LeaderStateImpl
2025-04-23 04:26:40,843 [bf7db134-45a1-4f19-9c9a-e33221f9a916-impl-thread1] INFO  impl.PendingRequests (PendingRequests.java:sendNotLeaderResponses(287)) - bf7db134-45a1-4f19-9c9a-e33221f9a916@group-EEED9FFB3244-PendingRequests: sendNotLeaderResponses
2025-04-23 04:26:40,844 [main] INFO  server.GrpcService (GrpcService.java:closeImpl(352)) - bf7db134-45a1-4f19-9c9a-e33221f9a916: shutdown server GrpcServerProtocolService successfully
2025-04-23 04:26:40,846 [bf7db134-45a1-4f19-9c9a-e33221f9a916-impl-thread1] INFO  impl.StateMachineUpdater (StateMachineUpdater.java:stopAndJoin(164)) - bf7db134-45a1-4f19-9c9a-e33221f9a916@group-EEED9FFB3244-StateMachineUpdater: set stopIndex = 0
2025-04-23 04:26:40,847 [bf7db134-45a1-4f19-9c9a-e33221f9a916@group-EEED9FFB3244-StateMachineUpdater] INFO  impl.StateMachineUpdater (StateMachineUpdater.java:takeSnapshot(303)) - bf7db134-45a1-4f19-9c9a-e33221f9a916@group-EEED9FFB3244-StateMachineUpdater: Took a snapshot at index 0
2025-04-23 04:26:40,847 [bf7db134-45a1-4f19-9c9a-e33221f9a916@group-EEED9FFB3244-StateMachineUpdater] INFO  impl.StateMachineUpdater (StateMachineUpdater.java:lambda$new$0(102)) - bf7db134-45a1-4f19-9c9a-e33221f9a916@group-EEED9FFB3244-StateMachineUpdater: snapshotIndex: updateIncreasingly -1 -> 0
2025-04-23 04:26:40,848 [bf7db134-45a1-4f19-9c9a-e33221f9a916@group-EEED9FFB3244-StateMachineUpdater] INFO  impl.StateMachineUpdater (StateMachineUpdater.java:stop(141)) - bf7db134-45a1-4f19-9c9a-e33221f9a916@group-EEED9FFB3244-StateMachineUpdater: closing SCMStateMachine, lastApplied=(t:1, i:0)
2025-04-23 04:26:40,849 [bf7db134-45a1-4f19-9c9a-e33221f9a916@group-EEED9FFB3244-cacheEviction-AwaitToRun] INFO  util.AwaitToRun (AwaitToRun.java:run(49)) - bf7db134-45a1-4f19-9c9a-e33221f9a916@group-EEED9FFB3244-cacheEviction-AwaitToRun-AwaitForSignal is interrupted
2025-04-23 04:26:40,992 [bf7db134-45a1-4f19-9c9a-e33221f9a916-impl-thread1] INFO  segmented.SegmentedRaftLogWorker (SegmentedRaftLogWorker.java:close(252)) - bf7db134-45a1-4f19-9c9a-e33221f9a916@group-EEED9FFB3244-SegmentedRaftLogWorker close()
2025-04-23 04:26:40,996 [JvmPauseMonitor0] INFO  util.JvmPauseMonitor (JvmPauseMonitor.java:run(152)) - JvmPauseMonitor-bf7db134-45a1-4f19-9c9a-e33221f9a916: Stopped
2025-04-23 04:26:41,024 [main] WARN  server.ServerUtils (ServerUtils.java:getScmDbDir(141)) - ozone.scm.db.dirs is not configured. We recommend adding this setting. Falling back to ozone.metadata.dirs instead.
2025-04-23 04:26:41,026 [main] INFO  ha.SCMHANodeDetails (SCMHANodeDetails.java:loadSCMHAConfig(162)) - ServiceID for StorageContainerManager is null
2025-04-23 04:26:41,026 [main] INFO  ha.SCMHANodeDetails (SCMHANodeDetails.java:loadSCMHAConfig(166)) - ozone.scm.default.service.id is not defined, falling back to ozone.scm.service.ids to find serviceID for StorageContainerManager if it is HA enabled cluster
2025-04-23 04:26:41,357 [main] WARN  utils.HAUtils (HAUtils.java:getMetaDir(337)) - ozone.scm.db.dirs is not configured. We recommend adding this setting. Falling back to ozone.metadata.dirs instead.
2025-04-23 04:26:41,454 [main] WARN  db.DBStoreBuilder (DBStoreBuilder.java:getDBDirPath(167)) - ozone.scm.db.dirs is not configured. We recommend adding this setting. Falling back to ozone.metadata.dirs instead.
2025-04-23 04:26:41,634 [main] INFO  net.NodeSchemaLoader (NodeSchemaLoader.java:loadSchemaFromFile(127)) - Loading schema from [jar:file:/home/runner/work/ozone/ozone/hadoop-hdds/common/target/hdds-common-2.1.0-SNAPSHOT.jar!/network-topology-default.xml]
2025-04-23 04:26:41,636 [main] INFO  net.NodeSchemaLoader (NodeSchemaLoader.java:loadSchema(174)) - Loading network topology layer schema file
2025-04-23 04:26:41,735 [main] INFO  ha.SCMRatisServerImpl (SCMRatisServerImpl.java:<init>(100)) - starting Raft server for scm:bf7db134-45a1-4f19-9c9a-e33221f9a916
2025-04-23 04:26:41,738 [main] INFO  server.RaftServerConfigKeys (ConfUtils.java:logGet(46)) - raft.server.log.appender.buffer.byte-limit = 4194304 (custom)
2025-04-23 04:26:41,741 [main] INFO  server.RaftServer (ConfUtils.java:logGet(46)) - raft.rpc.type = GRPC (default)
2025-04-23 04:26:41,742 [main] INFO  grpc.GrpcConfigKeys (ConfUtils.java:logFallback(53)) - raft.grpc.admin.host = null (fallback to raft.grpc.server.host)
2025-04-23 04:26:41,742 [main] INFO  grpc.GrpcConfigKeys (ConfUtils.java:logFallback(53)) - raft.grpc.admin.port = 15004 (fallback to raft.grpc.server.port)
2025-04-23 04:26:41,743 [main] INFO  grpc.GrpcConfigKeys (ConfUtils.java:logFallback(53)) - raft.grpc.client.host = null (fallback to raft.grpc.server.host)
2025-04-23 04:26:41,743 [main] INFO  grpc.GrpcConfigKeys (ConfUtils.java:logFallback(53)) - raft.grpc.client.port = 15004 (fallback to raft.grpc.server.port)
2025-04-23 04:26:41,743 [main] INFO  grpc.GrpcConfigKeys (ConfUtils.java:logGet(46)) - raft.grpc.server.host = null (default)
2025-04-23 04:26:41,743 [main] INFO  grpc.GrpcConfigKeys (ConfUtils.java:logGet(46)) - raft.grpc.server.port = 15004 (custom)
2025-04-23 04:26:41,743 [main] INFO  server.GrpcService (ConfUtils.java:logGet(46)) - raft.grpc.message.size.max = 5242880 (custom)
2025-04-23 04:26:41,744 [main] INFO  server.GrpcService (ConfUtils.java:logGet(46)) - raft.grpc.flow.control.window = 1MB (=1048576) (default)
2025-04-23 04:26:41,744 [main] INFO  server.RaftServerConfigKeys (ConfUtils.java:logGet(46)) - raft.server.rpc.request.timeout = 30000ms (custom)
2025-04-23 04:26:41,744 [main] INFO  grpc.GrpcConfigKeys (ConfUtils.java:logGet(46)) - raft.grpc.server.heartbeat.channel = true (default)
2025-04-23 04:26:41,744 [main] INFO  server.RaftServerConfigKeys (ConfUtils.java:logGet(46)) - raft.server.log.appender.buffer.byte-limit = 4194304 (custom)
2025-04-23 04:26:41,744 [main] INFO  grpc.GrpcConfigKeys (ConfUtils.java:logGet(46)) - raft.grpc.server.async.request.thread.pool.cached = true (default)
2025-04-23 04:26:41,746 [main] INFO  grpc.GrpcConfigKeys (ConfUtils.java:logGet(46)) - raft.grpc.server.async.request.thread.pool.size = 32 (default)
2025-04-23 04:26:41,747 [main] INFO  impl.DataStreamServerImpl (ConfUtils.java:logGet(46)) - raft.datastream.type = DISABLED (default)
2025-04-23 04:26:41,748 [main] INFO  server.RaftServerConfigKeys (ConfUtils.java:logGet(46)) - raft.server.sleep.deviation.threshold = 300ms (default)
2025-04-23 04:26:41,749 [main] INFO  server.RaftServerConfigKeys (ConfUtils.java:logGet(46)) - raft.server.close.threshold = 60s (default)
2025-04-23 04:26:41,749 [main] INFO  server.RaftServerConfigKeys (ConfUtils.java:logGet(46)) - raft.server.leaderelection.leader.step-down.wait-time = 10s (default)
2025-04-23 04:26:41,749 [main] INFO  server.RaftServerConfigKeys (ConfUtils.java:logGet(46)) - raft.server.storage.dir = [/home/runner/work/ozone/ozone/hadoop-ozone/integration-test/target/test-dir/MiniOzoneClusterImpl-ff59c164-3798-4a7f-a16d-eeed9ffb3244/ozone-meta/scm-ha] (custom)
2025-04-23 04:26:41,749 [main] INFO  server.RaftServerConfigKeys (ConfUtils.java:logGet(46)) - raft.server.threadpool.proxy.cached = true (default)
2025-04-23 04:26:41,751 [main] INFO  server.RaftServerConfigKeys (ConfUtils.java:logGet(46)) - raft.server.threadpool.proxy.size = 0 (default)
2025-04-23 04:26:41,752 [bf7db134-45a1-4f19-9c9a-e33221f9a916-impl-thread1] INFO  server.RaftServer (RaftServerProxy.java:initGroupDir(265)) - bf7db134-45a1-4f19-9c9a-e33221f9a916: found a subdirectory /home/runner/work/ozone/ozone/hadoop-ozone/integration-test/target/test-dir/MiniOzoneClusterImpl-ff59c164-3798-4a7f-a16d-eeed9ffb3244/ozone-meta/scm-ha/ff59c164-3798-4a7f-a16d-eeed9ffb3244
2025-04-23 04:26:41,752 [main] INFO  server.RaftServer (RaftServerProxy.java:addNew(100)) - bf7db134-45a1-4f19-9c9a-e33221f9a916: addNew group-EEED9FFB3244:[] returns group-EEED9FFB3244:java.util.concurrent.CompletableFuture@52b30054[Not completed]
2025-04-23 04:26:41,755 [bf7db134-45a1-4f19-9c9a-e33221f9a916-groupManagement] INFO  server.RaftServer$Division (RaftServerImpl.java:<init>(255)) - bf7db134-45a1-4f19-9c9a-e33221f9a916: new RaftServerImpl for group-EEED9FFB3244:[] with SCMStateMachine:uninitialized
2025-04-23 04:26:41,755 [bf7db134-45a1-4f19-9c9a-e33221f9a916-groupManagement] INFO  server.RaftServerConfigKeys (ConfUtils.java:logGet(46)) - raft.server.rpc.timeout.min = 5000ms (custom)
2025-04-23 04:26:41,755 [bf7db134-45a1-4f19-9c9a-e33221f9a916-groupManagement] INFO  server.RaftServerConfigKeys (ConfUtils.java:logGet(46)) - raft.server.rpc.timeout.max = 5200ms (custom)
2025-04-23 04:26:41,755 [bf7db134-45a1-4f19-9c9a-e33221f9a916-groupManagement] INFO  server.RaftServerConfigKeys (ConfUtils.java:logGet(46)) - raft.server.rpc.sleep.time = 25ms (default)
2025-04-23 04:26:41,755 [bf7db134-45a1-4f19-9c9a-e33221f9a916-groupManagement] INFO  server.RaftServerConfigKeys (ConfUtils.java:logGet(46)) - raft.server.rpc.slowness.timeout = 120000ms (custom)
2025-04-23 04:26:41,755 [bf7db134-45a1-4f19-9c9a-e33221f9a916-groupManagement] INFO  server.RaftServerConfigKeys (ConfUtils.java:logGet(46)) - raft.server.leaderelection.leader.step-down.wait-time = 10s (default)
2025-04-23 04:26:41,756 [bf7db134-45a1-4f19-9c9a-e33221f9a916-groupManagement] INFO  server.RaftServerConfigKeys (ConfUtils.java:logGet(46)) - raft.server.leaderelection.member.majority-add = false (default)
2025-04-23 04:26:41,756 [bf7db134-45a1-4f19-9c9a-e33221f9a916-groupManagement] INFO  server.RaftServerConfigKeys (ConfUtils.java:logGet(46)) - raft.server.sleep.deviation.threshold = 300ms (default)
2025-04-23 04:26:41,756 [bf7db134-45a1-4f19-9c9a-e33221f9a916-groupManagement] INFO  server.RaftServer$Division (ServerState.java:<init>(114)) - bf7db134-45a1-4f19-9c9a-e33221f9a916@group-EEED9FFB3244: ConfigurationManager, init=conf: {index: -1, cur=peers:[]|listeners:[], old=null}, confs=<EMPTY_MAP>
2025-04-23 04:26:41,756 [bf7db134-45a1-4f19-9c9a-e33221f9a916-groupManagement] INFO  server.RaftServerConfigKeys (ConfUtils.java:logGet(46)) - raft.server.notification.no-leader.timeout = 60s (default)
2025-04-23 04:26:41,756 [bf7db134-45a1-4f19-9c9a-e33221f9a916-groupManagement] INFO  server.RaftServerConfigKeys (ConfUtils.java:logGet(46)) - raft.server.read.timeout = 10s (default)
2025-04-23 04:26:41,756 [bf7db134-45a1-4f19-9c9a-e33221f9a916-groupManagement] INFO  server.RaftServerConfigKeys (ConfUtils.java:logGet(46)) - raft.server.retrycache.expirytime = 60000ms (default)
2025-04-23 04:26:41,756 [bf7db134-45a1-4f19-9c9a-e33221f9a916-groupManagement] INFO  server.RaftServerConfigKeys (ConfUtils.java:logGet(46)) - raft.server.retrycache.statistics.expirytime = 100ms (default)
2025-04-23 04:26:41,757 [bf7db134-45a1-4f19-9c9a-e33221f9a916-groupManagement] INFO  server.RaftServerConfigKeys (ConfUtils.java:logGet(46)) - raft.server.read.option = DEFAULT (default)
2025-04-23 04:26:41,757 [bf7db134-45a1-4f19-9c9a-e33221f9a916-groupManagement] INFO  server.RaftServerConfigKeys (ConfUtils.java:logGet(46)) - raft.server.read.read-after-write-consistent.write-index-cache.expiry-time = 60s (default)
2025-04-23 04:26:41,765 [bf7db134-45a1-4f19-9c9a-e33221f9a916-groupManagement] INFO  server.RaftServerConfigKeys (ConfUtils.java:logGet(46)) - raft.server.rpc.request.timeout = 30000ms (custom)
2025-04-23 04:26:41,765 [bf7db134-45a1-4f19-9c9a-e33221f9a916-groupManagement] INFO  server.RaftServerConfigKeys (ConfUtils.java:logGet(46)) - raft.server.log.appender.install.snapshot.enabled = false (custom)
2025-04-23 04:26:41,765 [bf7db134-45a1-4f19-9c9a-e33221f9a916-groupManagement] INFO  server.RaftServerConfigKeys (ConfUtils.java:logGet(46)) - raft.server.threadpool.server.cached = true (default)
2025-04-23 04:26:41,765 [bf7db134-45a1-4f19-9c9a-e33221f9a916-groupManagement] INFO  server.RaftServerConfigKeys (ConfUtils.java:logGet(46)) - raft.server.threadpool.server.size = 0 (default)
2025-04-23 04:26:41,765 [bf7db134-45a1-4f19-9c9a-e33221f9a916-groupManagement] INFO  server.RaftServerConfigKeys (ConfUtils.java:logGet(46)) - raft.server.threadpool.client.cached = true (default)
2025-04-23 04:26:41,765 [bf7db134-45a1-4f19-9c9a-e33221f9a916-groupManagement] INFO  server.RaftServerConfigKeys (ConfUtils.java:logGet(46)) - raft.server.threadpool.client.size = 0 (default)
2025-04-23 04:26:41,767 [main] INFO  ha.SCMSnapshotProvider (SCMSnapshotProvider.java:<init>(62)) - Initializing SCM Snapshot Provider
2025-04-23 04:26:41,767 [main] WARN  server.ServerUtils (ServerUtils.java:getDefaultRatisDirectory(309)) - Storage directory for Ratis is not configured. It is a good idea to map this to an SSD disk. Falling back to ozone.metadata.dirs
2025-04-23 04:26:41,768 [main] WARN  ha.SCMHAUtils (SCMHAUtils.java:getSCMRatisSnapshotDirectory(120)) - SCM snapshot dir is not configured. Falling back to ozone.metadata.dirs config
2025-04-23 04:26:41,790 [main] INFO  upgrade.AbstractLayoutVersionManager (AbstractLayoutVersionManager.java:init(80)) - Initializing Layout version manager with metadata layout = HBASE_SUPPORT (version = 8), software layout = HBASE_SUPPORT (version = 8)
2025-04-23 04:26:41,816 [main] INFO  ha.SequenceIdGenerator (SequenceIdGenerator.java:upgradeToSequenceId(362)) - upgrade localId to 115816896921600000
2025-04-23 04:26:41,817 [main] INFO  ha.SequenceIdGenerator (SequenceIdGenerator.java:upgradeToSequenceId(372)) - upgrade delTxnId to 0
2025-04-23 04:26:41,822 [main] INFO  ha.SequenceIdGenerator (SequenceIdGenerator.java:upgradeToSequenceId(389)) - upgrade containerId to 0
2025-04-23 04:26:41,826 [main] INFO  ha.SequenceIdGenerator (SequenceIdGenerator.java:upgradeToCertificateSequenceId(426)) - upgrade CertificateId to 2
2025-04-23 04:26:41,828 [main] INFO  ha.SequenceIdGenerator (SequenceIdGenerator.java:<init>(239)) - Init the HA SequenceIdGenerator.
2025-04-23 04:26:41,874 [main] WARN  server.ServerUtils (ServerUtils.java:sanitizeUserArgs(77)) - ozone.scm.stale.node.interval value = 300000 is larger than max = 100000 based on the key value of ozone.scm.heartbeat.thread.interval, reset to the max value 100000.
2025-04-23 04:26:41,874 [main] WARN  server.ServerUtils (ServerUtils.java:sanitizeUserArgs(77)) - ozone.scm.stale.node.interval value = 300000 is larger than max = 100000 based on the key value of ozone.scm.heartbeat.thread.interval, reset to the max value 100000.
2025-04-23 04:26:41,878 [main] INFO  node.SCMNodeManager (SCMNodeManager.java:<init>(181)) - Entering startup safe mode.
2025-04-23 04:26:41,891 [main] INFO  algorithms.ContainerPlacementPolicyFactory (ContainerPlacementPolicyFactory.java:getPolicyInternal(85)) - Create container placement policy of type org.apache.hadoop.hdds.scm.container.placement.algorithms.SCMContainerPlacementRackAware
2025-04-23 04:26:41,895 [main] INFO  algorithms.ContainerPlacementPolicyFactory (ContainerPlacementPolicyFactory.java:getPolicyInternal(85)) - Create container placement policy of type org.apache.hadoop.hdds.scm.container.placement.algorithms.SCMContainerPlacementRackScatter
2025-04-23 04:26:41,903 [main] INFO  pipeline.PipelineStateManagerImpl (PipelineStateManagerImpl.java:initialize(75)) - No pipeline exists in current db
2025-04-23 04:26:41,916 [main] INFO  algorithms.LeaderChoosePolicyFactory (LeaderChoosePolicyFactory.java:getPolicy(56)) - Create leader choose policy of type org.apache.hadoop.hdds.scm.pipeline.leader.choose.algorithms.MinLeaderCountChoosePolicy
2025-04-23 04:26:41,916 [main] INFO  algorithms.ContainerPlacementPolicyFactory (ContainerPlacementPolicyFactory.java:getPolicyInternal(85)) - Create container placement policy of type org.apache.hadoop.hdds.scm.container.placement.algorithms.SCMContainerPlacementRackScatter
2025-04-23 04:26:41,923 [main] INFO  ha.SCMServiceManager (SCMServiceManager.java:register(42)) - Registering service BackgroundPipelineCreator.
2025-04-23 04:26:41,923 [main] INFO  pipeline.BackgroundPipelineCreator (BackgroundPipelineCreator.java:start(127)) - Starting RatisPipelineUtilsThread.
2025-04-23 04:26:41,926 [main] INFO  BackgroundPipelineScrubber (BackgroundSCMService.java:start(64)) - Starting BackgroundPipelineScrubber Service.
2025-04-23 04:26:41,927 [main] INFO  ha.SCMServiceManager (SCMServiceManager.java:register(42)) - Registering service BackgroundPipelineScrubber.
2025-04-23 04:26:41,933 [main] INFO  ExpiredContainerReplicaOpScrubber (BackgroundSCMService.java:start(64)) - Starting ExpiredContainerReplicaOpScrubber Service.
2025-04-23 04:26:41,934 [main] INFO  ha.SCMServiceManager (SCMServiceManager.java:register(42)) - Registering service ExpiredContainerReplicaOpScrubber.
2025-04-23 04:26:41,961 [main] INFO  algorithms.PipelineChoosePolicyFactory (PipelineChoosePolicyFactory.java:createPipelineChoosePolicyFromClass(78)) - Create pipeline choose policy of type org.apache.hadoop.hdds.scm.pipeline.choose.algorithms.RandomPipelineChoosePolicy
2025-04-23 04:26:41,962 [main] INFO  algorithms.PipelineChoosePolicyFactory (PipelineChoosePolicyFactory.java:createPipelineChoosePolicyFromClass(78)) - Create pipeline choose policy of type org.apache.hadoop.hdds.scm.pipeline.choose.algorithms.RandomPipelineChoosePolicy
2025-04-23 04:26:41,991 [main] INFO  ha.SCMServiceManager (SCMServiceManager.java:register(42)) - Registering service SCMBlockDeletingService.
2025-04-23 04:26:42,043 [main] INFO  replication.ReplicationManager (ReplicationManager.java:start(287)) - Starting Replication Monitor Thread.
2025-04-23 04:26:42,044 [main] INFO  ha.SCMServiceManager (SCMServiceManager.java:register(42)) - Registering service ReplicationManager.
2025-04-23 04:26:42,055 [main] INFO  safemode.RatisContainerSafeModeRule (RatisContainerSafeModeRule.java:initializeRule(161)) - Refreshed Containers with one replica threshold count 0.
2025-04-23 04:26:42,056 [main] INFO  safemode.ECContainerSafeModeRule (ECContainerSafeModeRule.java:initializeRule(205)) - Refreshed Containers with ec n replica threshold count 0.
2025-04-23 04:26:42,060 [main] INFO  safemode.HealthyPipelineSafeModeRule (HealthyPipelineSafeModeRule.java:initializeRule(178)) - Total pipeline count is 0, healthy pipeline threshold count is 1
2025-04-23 04:26:42,061 [main] INFO  safemode.OneReplicaPipelineSafeModeRule (OneReplicaPipelineSafeModeRule.java:initializeRule(191)) - Total pipeline count is 0, pipeline's with at least one datanode reported threshold count is 0
2025-04-23 04:26:42,109 [main] INFO  server.StorageContainerManager (StorageContainerManager.java:<init>(430)) - SCM start with adminUsers: [*, runner]
2025-04-23 04:26:42,350 [main] INFO  audit.AuditLogger (AuditLogger.java:refreshDebugCmdSet(133)) - Refresh DebugCmdSet for SCMAudit to [].
2025-04-23 04:26:42,372 [main] INFO  ipc.CallQueueManager (CallQueueManager.java:<init>(93)) - Using callQueue: class java.util.concurrent.LinkedBlockingQueue, queueCapacity: 10000, scheduler: class org.apache.hadoop.ipc.DefaultRpcScheduler, ipcBackoff: false, ipcFailOver: false.
2025-04-23 04:26:42,394 [main] INFO  ipc.Server (Server.java:<init>(1438)) - Listener at 0.0.0.0:15002
2025-04-23 04:26:42,395 [Socket Reader #1 for port 15002] INFO  ipc.Server (Server.java:run(1474)) - Starting Socket Reader #1 for port 15002
2025-04-23 04:26:42,395 [Socket Reader #2 for port 15002] INFO  ipc.Server (Server.java:run(1474)) - Starting Socket Reader #2 for port 15002
2025-04-23 04:26:42,396 [Socket Reader #3 for port 15002] INFO  ipc.Server (Server.java:run(1474)) - Starting Socket Reader #3 for port 15002
2025-04-23 04:26:42,396 [Socket Reader #4 for port 15002] INFO  ipc.Server (Server.java:run(1474)) - Starting Socket Reader #4 for port 15002
2025-04-23 04:26:42,397 [Socket Reader #6 for port 15002] INFO  ipc.Server (Server.java:run(1474)) - Starting Socket Reader #6 for port 15002
2025-04-23 04:26:42,397 [Socket Reader #5 for port 15002] INFO  ipc.Server (Server.java:run(1474)) - Starting Socket Reader #5 for port 15002
2025-04-23 04:26:42,397 [Socket Reader #7 for port 15002] INFO  ipc.Server (Server.java:run(1474)) - Starting Socket Reader #7 for port 15002
2025-04-23 04:26:42,398 [Socket Reader #8 for port 15002] INFO  ipc.Server (Server.java:run(1474)) - Starting Socket Reader #8 for port 15002
2025-04-23 04:26:42,398 [Socket Reader #9 for port 15002] INFO  ipc.Server (Server.java:run(1474)) - Starting Socket Reader #9 for port 15002
2025-04-23 04:26:42,399 [Socket Reader #10 for port 15002] INFO  ipc.Server (Server.java:run(1474)) - Starting Socket Reader #10 for port 15002
2025-04-23 04:26:42,438 [main] INFO  audit.AuditLogger (AuditLogger.java:refreshDebugCmdSet(133)) - Refresh DebugCmdSet for SCMAudit to [].
2025-04-23 04:26:42,443 [main] INFO  ipc.CallQueueManager (CallQueueManager.java:<init>(93)) - Using callQueue: class java.util.concurrent.LinkedBlockingQueue, queueCapacity: 10000, scheduler: class org.apache.hadoop.ipc.DefaultRpcScheduler, ipcBackoff: false, ipcFailOver: false.
2025-04-23 04:26:42,444 [main] INFO  ipc.Server (Server.java:<init>(1438)) - Listener at 0.0.0.0:15001
2025-04-23 04:26:42,445 [Socket Reader #1 for port 15001] INFO  ipc.Server (Server.java:run(1474)) - Starting Socket Reader #1 for port 15001
2025-04-23 04:26:42,445 [Socket Reader #2 for port 15001] INFO  ipc.Server (Server.java:run(1474)) - Starting Socket Reader #2 for port 15001
2025-04-23 04:26:42,446 [Socket Reader #3 for port 15001] INFO  ipc.Server (Server.java:run(1474)) - Starting Socket Reader #3 for port 15001
2025-04-23 04:26:42,446 [Socket Reader #4 for port 15001] INFO  ipc.Server (Server.java:run(1474)) - Starting Socket Reader #4 for port 15001
2025-04-23 04:26:42,447 [Socket Reader #5 for port 15001] INFO  ipc.Server (Server.java:run(1474)) - Starting Socket Reader #5 for port 15001
2025-04-23 04:26:42,447 [Socket Reader #7 for port 15001] INFO  ipc.Server (Server.java:run(1474)) - Starting Socket Reader #7 for port 15001
2025-04-23 04:26:42,447 [Socket Reader #6 for port 15001] INFO  ipc.Server (Server.java:run(1474)) - Starting Socket Reader #6 for port 15001
2025-04-23 04:26:42,448 [Socket Reader #8 for port 15001] INFO  ipc.Server (Server.java:run(1474)) - Starting Socket Reader #8 for port 15001
2025-04-23 04:26:42,448 [Socket Reader #9 for port 15001] INFO  ipc.Server (Server.java:run(1474)) - Starting Socket Reader #9 for port 15001
2025-04-23 04:26:42,448 [Socket Reader #10 for port 15001] INFO  ipc.Server (Server.java:run(1474)) - Starting Socket Reader #10 for port 15001
2025-04-23 04:26:42,472 [main] INFO  audit.AuditLogger (AuditLogger.java:refreshDebugCmdSet(133)) - Refresh DebugCmdSet for SCMAudit to [].
2025-04-23 04:26:42,486 [main] INFO  ipc.CallQueueManager (CallQueueManager.java:<init>(93)) - Using callQueue: class java.util.concurrent.LinkedBlockingQueue, queueCapacity: 10000, scheduler: class org.apache.hadoop.ipc.DefaultRpcScheduler, ipcBackoff: false, ipcFailOver: false.
2025-04-23 04:26:42,486 [main] INFO  ipc.Server (Server.java:<init>(1438)) - Listener at 0.0.0.0:15000
2025-04-23 04:26:42,487 [Socket Reader #1 for port 15000] INFO  ipc.Server (Server.java:run(1474)) - Starting Socket Reader #1 for port 15000
2025-04-23 04:26:42,487 [Socket Reader #2 for port 15000] INFO  ipc.Server (Server.java:run(1474)) - Starting Socket Reader #2 for port 15000
2025-04-23 04:26:42,487 [Socket Reader #4 for port 15000] INFO  ipc.Server (Server.java:run(1474)) - Starting Socket Reader #4 for port 15000
2025-04-23 04:26:42,487 [Socket Reader #3 for port 15000] INFO  ipc.Server (Server.java:run(1474)) - Starting Socket Reader #3 for port 15000
2025-04-23 04:26:42,488 [Socket Reader #6 for port 15000] INFO  ipc.Server (Server.java:run(1474)) - Starting Socket Reader #6 for port 15000
2025-04-23 04:26:42,488 [Socket Reader #7 for port 15000] INFO  ipc.Server (Server.java:run(1474)) - Starting Socket Reader #7 for port 15000
2025-04-23 04:26:42,488 [Socket Reader #8 for port 15000] INFO  ipc.Server (Server.java:run(1474)) - Starting Socket Reader #8 for port 15000
2025-04-23 04:26:42,489 [Socket Reader #9 for port 15000] INFO  ipc.Server (Server.java:run(1474)) - Starting Socket Reader #9 for port 15000
2025-04-23 04:26:42,490 [Socket Reader #5 for port 15000] INFO  ipc.Server (Server.java:run(1474)) - Starting Socket Reader #5 for port 15000
2025-04-23 04:26:42,490 [Socket Reader #10 for port 15000] INFO  ipc.Server (Server.java:run(1474)) - Starting Socket Reader #10 for port 15000
2025-04-23 04:26:42,529 [main] INFO  ha.SCMServiceManager (SCMServiceManager.java:register(42)) - Registering service ContainerBalancer.
2025-04-23 04:26:42,529 [main] INFO  ha.SCMContext (SCMContext.java:updateSafeModeStatus(224)) - Update SafeModeStatus from SafeModeStatus{safeModeStatus=true, preCheckPassed=false} to SafeModeStatus{safeModeStatus=true, preCheckPassed=false}.
2025-04-23 04:26:42,534 [main] INFO  server.StorageContainerManager (StorageContainerManager.java:start(1506)) - StorageContainerLocationProtocol RPC server is listening at /0.0.0.0:15000
2025-04-23 04:26:42,535 [main] INFO  ha.SCMRatisServerImpl (SCMRatisServerImpl.java:start(203)) - starting ratis server 0.0.0.0:15004
2025-04-23 04:26:42,535 [bf7db134-45a1-4f19-9c9a-e33221f9a916-impl-thread1] INFO  server.RaftServerConfigKeys (ConfUtils.java:logGet(46)) - raft.server.storage.free-space.min = 0MB (=0) (default)
2025-04-23 04:26:42,536 [bf7db134-45a1-4f19-9c9a-e33221f9a916-impl-thread1] INFO  server.RaftServerConfigKeys (ConfUtils.java:logGet(46)) - raft.server.log.corruption.policy = EXCEPTION (default)
2025-04-23 04:26:42,536 [bf7db134-45a1-4f19-9c9a-e33221f9a916-impl-thread1] INFO  server.RaftServerConfigKeys (ConfUtils.java:logGet(46)) - raft.server.storage.dir = [/home/runner/work/ozone/ozone/hadoop-ozone/integration-test/target/test-dir/MiniOzoneClusterImpl-ff59c164-3798-4a7f-a16d-eeed9ffb3244/ozone-meta/scm-ha] (custom)
2025-04-23 04:26:42,537 [bf7db134-45a1-4f19-9c9a-e33221f9a916-impl-thread1] INFO  storage.RaftStorageDirectory (RaftStorageDirectoryImpl.java:tryLock(229)) - Lock on /home/runner/work/ozone/ozone/hadoop-ozone/integration-test/target/test-dir/MiniOzoneClusterImpl-ff59c164-3798-4a7f-a16d-eeed9ffb3244/ozone-meta/scm-ha/ff59c164-3798-4a7f-a16d-eeed9ffb3244/in_use.lock acquired by nodename 129558@fv-az1441-587
2025-04-23 04:26:42,539 [bf7db134-45a1-4f19-9c9a-e33221f9a916-impl-thread1] INFO  storage.RaftStorage (RaftStorageImpl.java:analyzeAndRecoverStorage(118)) - Read RaftStorageMetadata{term=1, votedFor=bf7db134-45a1-4f19-9c9a-e33221f9a916} from /home/runner/work/ozone/ozone/hadoop-ozone/integration-test/target/test-dir/MiniOzoneClusterImpl-ff59c164-3798-4a7f-a16d-eeed9ffb3244/ozone-meta/scm-ha/ff59c164-3798-4a7f-a16d-eeed9ffb3244/current/raft-meta
2025-04-23 04:26:42,541 [bf7db134-45a1-4f19-9c9a-e33221f9a916-impl-thread1] INFO  server.RaftServer$Division (ServerState.java:setRaftConf(386)) - bf7db134-45a1-4f19-9c9a-e33221f9a916@group-EEED9FFB3244: set configuration conf: {index: 0, cur=peers:[bf7db134-45a1-4f19-9c9a-e33221f9a916|fv-az1441-587:15004]|listeners:[], old=null}
2025-04-23 04:26:42,542 [bf7db134-45a1-4f19-9c9a-e33221f9a916-impl-thread1] INFO  ha.SCMStateMachine (SCMStateMachine.java:lambda$initialize$0(135)) - bf7db134-45a1-4f19-9c9a-e33221f9a916: initialize group-EEED9FFB3244
2025-04-23 04:26:42,542 [bf7db134-45a1-4f19-9c9a-e33221f9a916-impl-thread1] INFO  server.RaftServerConfigKeys (ConfUtils.java:logGet(46)) - raft.server.log.use.memory = false (default)
2025-04-23 04:26:42,542 [bf7db134-45a1-4f19-9c9a-e33221f9a916-impl-thread1] INFO  server.RaftServerConfigKeys (ConfUtils.java:logGet(46)) - raft.server.log.purge.gap = 1000000 (custom)
2025-04-23 04:26:42,542 [bf7db134-45a1-4f19-9c9a-e33221f9a916-impl-thread1] INFO  server.RaftServerConfigKeys (ConfUtils.java:logGet(46)) - raft.server.log.appender.buffer.byte-limit = 4194304 (custom)
2025-04-23 04:26:42,542 [bf7db134-45a1-4f19-9c9a-e33221f9a916-impl-thread1] INFO  server.RaftServerConfigKeys (ConfUtils.java:logGet(46)) - raft.server.log.statemachine.data.read.timeout = 1000ms (default)
2025-04-23 04:26:42,543 [bf7db134-45a1-4f19-9c9a-e33221f9a916-impl-thread1] INFO  server.RaftServerConfigKeys (ConfUtils.java:logGet(46)) - raft.server.log.purge.preservation.log.num = 0 (default)
2025-04-23 04:26:42,545 [bf7db134-45a1-4f19-9c9a-e33221f9a916-impl-thread1] INFO  server.RaftServerConfigKeys (ConfUtils.java:logGet(46)) - raft.server.log.segment.size.max = 4194304 (custom)
2025-04-23 04:26:42,546 [bf7db134-45a1-4f19-9c9a-e33221f9a916-impl-thread1] INFO  server.RaftServerConfigKeys (ConfUtils.java:logGet(46)) - raft.server.log.segment.cache.num.max = 2 (custom)
2025-04-23 04:26:42,546 [bf7db134-45a1-4f19-9c9a-e33221f9a916-impl-thread1] INFO  server.RaftServerConfigKeys (ConfUtils.java:logGet(46)) - raft.server.log.segment.cache.size.max = 200MB (=209715200) (default)
2025-04-23 04:26:42,546 [bf7db134-45a1-4f19-9c9a-e33221f9a916-impl-thread1] INFO  server.RaftServerConfigKeys (ConfUtils.java:logGet(46)) - raft.server.log.appender.buffer.byte-limit = 4194304 (custom)
2025-04-23 04:26:42,547 [bf7db134-45a1-4f19-9c9a-e33221f9a916-impl-thread1] INFO  util.AwaitToRun (AwaitToRun.java:start(81)) - Thread[#111,bf7db134-45a1-4f19-9c9a-e33221f9a916@group-EEED9FFB3244-cacheEviction-AwaitToRun,5,main] started
2025-04-23 04:26:42,547 [bf7db134-45a1-4f19-9c9a-e33221f9a916-impl-thread1] INFO  segmented.SegmentedRaftLogWorker (SegmentedRaftLogWorker.java:<init>(188)) - new bf7db134-45a1-4f19-9c9a-e33221f9a916@group-EEED9FFB3244-SegmentedRaftLogWorker for RaftStorageImpl:Storage Directory /home/runner/work/ozone/ozone/hadoop-ozone/integration-test/target/test-dir/MiniOzoneClusterImpl-ff59c164-3798-4a7f-a16d-eeed9ffb3244/ozone-meta/scm-ha/ff59c164-3798-4a7f-a16d-eeed9ffb3244
2025-04-23 04:26:42,548 [bf7db134-45a1-4f19-9c9a-e33221f9a916-impl-thread1] INFO  server.RaftServerConfigKeys (ConfUtils.java:logGet(46)) - raft.server.log.queue.byte-limit = 64MB (=67108864) (default)
2025-04-23 04:26:42,548 [bf7db134-45a1-4f19-9c9a-e33221f9a916-impl-thread1] INFO  server.RaftServerConfigKeys (ConfUtils.java:logGet(46)) - raft.server.log.queue.element-limit = 4096 (default)
2025-04-23 04:26:42,548 [bf7db134-45a1-4f19-9c9a-e33221f9a916-impl-thread1] INFO  server.RaftServerConfigKeys (ConfUtils.java:logGet(46)) - raft.server.log.segment.size.max = 4194304 (custom)
2025-04-23 04:26:42,548 [bf7db134-45a1-4f19-9c9a-e33221f9a916-impl-thread1] INFO  server.RaftServerConfigKeys (ConfUtils.java:logGet(46)) - raft.server.log.preallocated.size = 4194304 (custom)
2025-04-23 04:26:42,548 [bf7db134-45a1-4f19-9c9a-e33221f9a916-impl-thread1] INFO  server.RaftServerConfigKeys (ConfUtils.java:logGet(46)) - raft.server.log.force.sync.num = 128 (default)
2025-04-23 04:26:42,548 [bf7db134-45a1-4f19-9c9a-e33221f9a916-impl-thread1] INFO  server.RaftServerConfigKeys (ConfUtils.java:logGet(46)) - raft.server.log.statemachine.data.sync = true (default)
2025-04-23 04:26:42,548 [bf7db134-45a1-4f19-9c9a-e33221f9a916-impl-thread1] INFO  server.RaftServerConfigKeys (ConfUtils.java:logGet(46)) - raft.server.log.statemachine.data.sync.timeout = 10s (default)
2025-04-23 04:26:42,549 [bf7db134-45a1-4f19-9c9a-e33221f9a916-impl-thread1] INFO  server.RaftServerConfigKeys (ConfUtils.java:logGet(46)) - raft.server.log.statemachine.data.sync.timeout.retry = -1 (default)
2025-04-23 04:26:42,549 [bf7db134-45a1-4f19-9c9a-e33221f9a916-impl-thread1] INFO  server.RaftServerConfigKeys (ConfUtils.java:logGet(46)) - raft.server.log.write.buffer.size = 4194312 (custom)
2025-04-23 04:26:42,551 [bf7db134-45a1-4f19-9c9a-e33221f9a916-impl-thread1] INFO  server.RaftServerConfigKeys (ConfUtils.java:logGet(46)) - raft.server.log.appender.buffer.byte-limit = 4194304 (custom)
2025-04-23 04:26:42,551 [bf7db134-45a1-4f19-9c9a-e33221f9a916-impl-thread1] INFO  server.RaftServerConfigKeys (ConfUtils.java:logGet(46)) - raft.server.log.unsafe-flush.enabled = false (default)
2025-04-23 04:26:42,551 [bf7db134-45a1-4f19-9c9a-e33221f9a916-impl-thread1] INFO  server.RaftServerConfigKeys (ConfUtils.java:logGet(46)) - raft.server.log.async-flush.enabled = false (default)
2025-04-23 04:26:42,551 [bf7db134-45a1-4f19-9c9a-e33221f9a916-impl-thread1] INFO  server.RaftServerConfigKeys (ConfUtils.java:logGet(46)) - raft.server.log.statemachine.data.caching.enabled = false (default)
2025-04-23 04:26:42,556 [bf7db134-45a1-4f19-9c9a-e33221f9a916-impl-thread1] INFO  server.RaftServer$Division (ServerState.java:setRaftConf(386)) - bf7db134-45a1-4f19-9c9a-e33221f9a916@group-EEED9FFB3244: set configuration conf: {index: 0, cur=peers:[bf7db134-45a1-4f19-9c9a-e33221f9a916|fv-az1441-587:15004]|listeners:[], old=null}
2025-04-23 04:26:42,557 [bf7db134-45a1-4f19-9c9a-e33221f9a916-impl-thread1] INFO  segmented.LogSegment (LogSegment.java:loadSegment(171)) - Successfully read 1 entries from segment file /home/runner/work/ozone/ozone/hadoop-ozone/integration-test/target/test-dir/MiniOzoneClusterImpl-ff59c164-3798-4a7f-a16d-eeed9ffb3244/ozone-meta/scm-ha/ff59c164-3798-4a7f-a16d-eeed9ffb3244/current/log_inprogress_0
2025-04-23 04:26:42,558 [bf7db134-45a1-4f19-9c9a-e33221f9a916-impl-thread1] INFO  segmented.SegmentedRaftLogWorker (SegmentedRaftLogWorker.java:lambda$new$0(139)) - bf7db134-45a1-4f19-9c9a-e33221f9a916@group-EEED9FFB3244-SegmentedRaftLogWorker: safeCacheEvictIndex: setUnconditionally 0 -> -1
2025-04-23 04:26:42,558 [bf7db134-45a1-4f19-9c9a-e33221f9a916-impl-thread1] INFO  segmented.BufferedWriteChannel (BufferedWriteChannel.java:open(61)) - open log_inprogress_0 (append) at position 80
2025-04-23 04:26:42,559 [bf7db134-45a1-4f19-9c9a-e33221f9a916-impl-thread1] INFO  server.RaftServer$Division (RaftServerImpl.java:start(391)) - bf7db134-45a1-4f19-9c9a-e33221f9a916@group-EEED9FFB3244: start as a follower, conf=conf: {index: 0, cur=peers:[bf7db134-45a1-4f19-9c9a-e33221f9a916|fv-az1441-587:15004]|listeners:[], old=null}
2025-04-23 04:26:42,559 [bf7db134-45a1-4f19-9c9a-e33221f9a916-impl-thread1] INFO  server.RaftServer$Division (RaftServerImpl.java:setRole(378)) - bf7db134-45a1-4f19-9c9a-e33221f9a916@group-EEED9FFB3244: changes role from      null to FOLLOWER at term 1 for startAsFollower
2025-04-23 04:26:42,559 [bf7db134-45a1-4f19-9c9a-e33221f9a916-impl-thread1] INFO  impl.RoleInfo (RoleInfo.java:updateAndGet(148)) - bf7db134-45a1-4f19-9c9a-e33221f9a916: start bf7db134-45a1-4f19-9c9a-e33221f9a916@group-EEED9FFB3244-FollowerState
2025-04-23 04:26:42,560 [bf7db134-45a1-4f19-9c9a-e33221f9a916@group-EEED9FFB3244-FollowerState] INFO  server.RaftServerConfigKeys (ConfUtils.java:logGet(46)) - raft.server.rpc.first-election.timeout.min = 1000ms (custom)
2025-04-23 04:26:42,560 [bf7db134-45a1-4f19-9c9a-e33221f9a916@group-EEED9FFB3244-FollowerState] INFO  server.RaftServerConfigKeys (ConfUtils.java:logGet(46)) - raft.server.rpc.first-election.timeout.max = 1200ms (custom)
2025-04-23 04:26:42,561 [bf7db134-45a1-4f19-9c9a-e33221f9a916-impl-thread1] INFO  util.JmxRegister (JmxRegister.java:tryRegister(44)) - Successfully registered JMX Bean with object name Ratis:service=RaftServer,group=group-EEED9FFB3244,id=bf7db134-45a1-4f19-9c9a-e33221f9a916
2025-04-23 04:26:42,561 [bf7db134-45a1-4f19-9c9a-e33221f9a916-impl-thread1] INFO  util.JmxRegister (JmxRegister.java:register(58)) - register mxBean class org.apache.ratis.server.impl.RaftServerJmxAdapter as Ratis:service=RaftServer,group=group-EEED9FFB3244,id=bf7db134-45a1-4f19-9c9a-e33221f9a916
2025-04-23 04:26:42,561 [bf7db134-45a1-4f19-9c9a-e33221f9a916-impl-thread1] INFO  server.RaftServerConfigKeys (ConfUtils.java:logGet(46)) - raft.server.snapshot.trigger-when-stop.enabled = true (default)
2025-04-23 04:26:42,561 [bf7db134-45a1-4f19-9c9a-e33221f9a916-impl-thread1] INFO  server.RaftServerConfigKeys (ConfUtils.java:logGet(46)) - raft.server.snapshot.trigger-when-remove.enabled = true (default)
2025-04-23 04:26:42,561 [bf7db134-45a1-4f19-9c9a-e33221f9a916-impl-thread1] INFO  server.RaftServerConfigKeys (ConfUtils.java:logGet(46)) - raft.server.snapshot.auto.trigger.enabled = true (custom)
2025-04-23 04:26:42,562 [bf7db134-45a1-4f19-9c9a-e33221f9a916-impl-thread1] INFO  server.RaftServerConfigKeys (ConfUtils.java:logGet(46)) - raft.server.snapshot.auto.trigger.threshold = 1000 (custom)
2025-04-23 04:26:42,562 [bf7db134-45a1-4f19-9c9a-e33221f9a916-impl-thread1] INFO  server.RaftServerConfigKeys (ConfUtils.java:logGet(46)) - raft.server.snapshot.retention.file.num = -1 (default)
2025-04-23 04:26:42,562 [bf7db134-45a1-4f19-9c9a-e33221f9a916-impl-thread1] INFO  server.RaftServerConfigKeys (ConfUtils.java:logGet(46)) - raft.server.log.purge.upto.snapshot.index = false (default)
2025-04-23 04:26:42,562 [bf7db134-45a1-4f19-9c9a-e33221f9a916-impl-thread1] INFO  server.RaftServer$Division (RaftServerImpl.java:start(405)) - bf7db134-45a1-4f19-9c9a-e33221f9a916@group-EEED9FFB3244: Successfully started.
2025-04-23 04:26:42,563 [main] INFO  server.RaftServer (RaftServerProxy.java:startImpl(407)) - bf7db134-45a1-4f19-9c9a-e33221f9a916: start RPC server
2025-04-23 04:26:42,563 [main] INFO  server.GrpcService (GrpcService.java:startImpl(334)) - bf7db134-45a1-4f19-9c9a-e33221f9a916: GrpcService started, listening on 15004
2025-04-23 04:26:42,564 [JvmPauseMonitor1] INFO  util.JvmPauseMonitor (JvmPauseMonitor.java:run(146)) - JvmPauseMonitor-bf7db134-45a1-4f19-9c9a-e33221f9a916: Started
2025-04-23 04:26:42,569 [main] INFO  ha.SCMHAManagerImpl (SCMHAManagerImpl.java:start(131)) -  scm role is FOLLOWER peers [bf7db134-45a1-4f19-9c9a-e33221f9a916|fv-az1441-587:15004]
2025-04-23 04:26:42,569 [main] INFO  ha.InterSCMGrpcService (InterSCMGrpcProtocolService.java:start(98)) - Starting SCM Grpc Service at port 15005
2025-04-23 04:26:42,570 [main] INFO  SCMHATransactionMonitor (BackgroundSCMService.java:start(64)) - Starting SCMHATransactionMonitor Service.
2025-04-23 04:26:42,571 [main] INFO  ha.SCMServiceManager (SCMServiceManager.java:register(42)) - Registering service SCMHATransactionMonitor.
2025-04-23 04:26:42,571 [main] INFO  SCMHATransactionMonitor (BackgroundSCMService.java:start(61)) - SCMHATransactionMonitor Service is already running, skip start.
2025-04-23 04:26:42,612 [main] WARN  impl.MetricsConfig (MetricsConfig.java:loadFirst(138)) - Cannot locate configuration: tried hadoop-metrics2-storagecontainermanager.properties,hadoop-metrics2.properties
2025-04-23 04:26:42,619 [main] INFO  impl.MetricsSystemImpl (MetricsSystemImpl.java:startTimer(378)) - Scheduled Metric snapshot period at 10 second(s).
2025-04-23 04:26:42,620 [main] INFO  impl.MetricsSystemImpl (MetricsSystemImpl.java:start(191)) - StorageContainerManager metrics system started
2025-04-23 04:26:42,720 [main] INFO  server.SCMClientProtocolServer (SCMClientProtocolServer.java:start(207)) - RPC server for Client  is listening at /0.0.0.0:15000
2025-04-23 04:26:42,721 [IPC Server Responder] INFO  ipc.Server (Server.java:run(1713)) - IPC Server Responder: starting
2025-04-23 04:26:42,721 [IPC Server listener on 15000] INFO  ipc.Server (Server.java:run(1553)) - IPC Server listener on 15000: starting
2025-04-23 04:26:42,736 [main] INFO  server.StorageContainerManager (StorageContainerManager.java:start(1519)) - ScmBlockLocationProtocol RPC server is listening at /0.0.0.0:15001
2025-04-23 04:26:42,737 [main] INFO  server.SCMBlockProtocolServer (SCMBlockProtocolServer.java:start(166)) - RPC server for Block Protocol is listening at /0.0.0.0:15001
2025-04-23 04:26:42,737 [IPC Server Responder] INFO  ipc.Server (Server.java:run(1713)) - IPC Server Responder: starting
2025-04-23 04:26:42,737 [IPC Server listener on 15001] INFO  ipc.Server (Server.java:run(1553)) - IPC Server listener on 15001: starting
2025-04-23 04:26:42,761 [main] INFO  http.BaseHttpServer (BaseHttpServer.java:newHttpServer2BuilderForOzone(229)) - Starting Web-server for scm at: http://0.0.0.0:15003
2025-04-23 04:26:42,762 [main] INFO  http.BaseHttpServer (BaseHttpServer.java:<init>(107)) - Hadoop Security Enabled: false Ozone Security Enabled: false Ozone HTTP Security Enabled: false 
2025-04-23 04:26:42,781 [main] INFO  util.log (Log.java:initialized(170)) - Logging initialized @6199ms to org.eclipse.jetty.util.log.Slf4jLog
2025-04-23 04:26:42,857 [main] WARN  server.AuthenticationFilter (AuthenticationFilter.java:constructSecretProvider(240)) - Unable to initialize FileSignerSecretProvider, falling back to use random secrets. Reason: Could not read signature secret file: /home/runner/hadoop-http-auth-signature-secret
2025-04-23 04:26:42,878 [main] INFO  http.HttpServer2 (HttpServer2.java:addGlobalFilter(1041)) - Added global filter 'safety' (class=org.apache.hadoop.hdds.server.http.HttpServer2$QuotingInputFilter)
2025-04-23 04:26:42,880 [main] INFO  http.HttpServer2 (HttpServer2.java:addFilter(1017)) - Added filter static_user_filter (class=org.apache.hadoop.http.lib.StaticUserWebFilter$StaticUserFilter) to context scm
2025-04-23 04:26:42,880 [main] INFO  http.HttpServer2 (HttpServer2.java:addFilter(1025)) - Added filter static_user_filter (class=org.apache.hadoop.http.lib.StaticUserWebFilter$StaticUserFilter) to context logs
2025-04-23 04:26:42,881 [main] INFO  http.HttpServer2 (HttpServer2.java:addFilter(1025)) - Added filter static_user_filter (class=org.apache.hadoop.http.lib.StaticUserWebFilter$StaticUserFilter) to context static
2025-04-23 04:26:42,900 [main] INFO  http.BaseHttpServer (BaseHttpServer.java:<init>(195)) - HTTP server of scm uses base directory /home/runner/work/ozone/ozone/hadoop-ozone/integration-test/target/test-dir/MiniOzoneClusterImpl-ff59c164-3798-4a7f-a16d-eeed9ffb3244/ozone-meta/webserver
2025-04-23 04:26:42,901 [main] INFO  http.HttpServer2 (HttpServer2.java:bindListener(1241)) - Jetty bound to port 15003
2025-04-23 04:26:42,902 [main] INFO  server.Server (Server.java:doStart(375)) - jetty-9.4.57.v20241219; built: 2025-01-08T21:24:30.412Z; git: df524e6b29271c2e09ba9aea83c18dc9db464a31; jvm 21.0.7+6-LTS
2025-04-23 04:26:42,919 [main] INFO  server.session (DefaultSessionIdManager.java:doStart(334)) - DefaultSessionIdManager workerName=node0
2025-04-23 04:26:42,919 [main] INFO  server.session (DefaultSessionIdManager.java:doStart(339)) - No SessionScavenger set, using defaults
2025-04-23 04:26:42,920 [main] INFO  server.session (HouseKeeper.java:startScavenging(132)) - node0 Scavenging every 660000ms
2025-04-23 04:26:42,928 [main] INFO  handler.ContextHandler (ContextHandler.java:doStart(921)) - Started o.e.j.s.ServletContextHandler@b0e6d4e{logs,/logs,file:///home/runner/work/ozone/ozone/hadoop-ozone/integration-test/target/log,AVAILABLE}
2025-04-23 04:26:42,928 [main] INFO  handler.ContextHandler (ContextHandler.java:doStart(921)) - Started o.e.j.s.ServletContextHandler@495e1ad1{static,/static,file:///home/runner/work/ozone/ozone/hadoop-ozone/integration-test/target/test-classes/webapps/static,AVAILABLE}
2025-04-23 04:26:42,960 [main] INFO  handler.ContextHandler (ContextHandler.java:doStart(921)) - Started o.e.j.w.WebAppContext@785477e5{scm,/,file:///home/runner/work/ozone/ozone/hadoop-ozone/integration-test/target/test-classes/webapps/scm/,AVAILABLE}{file:/home/runner/work/ozone/ozone/hadoop-ozone/integration-test/target/test-classes/webapps/scm}
2025-04-23 04:26:42,966 [main] INFO  server.AbstractConnector (AbstractConnector.java:doStart(333)) - Started ServerConnector@258ac1e6{HTTP/1.1, (http/1.1)}{0.0.0.0:15003}
2025-04-23 04:26:42,966 [main] INFO  server.Server (Server.java:doStart(415)) - Started @6385ms
2025-04-23 04:26:42,968 [main] INFO  impl.MetricsSinkAdapter (MetricsSinkAdapter.java:start(204)) - Sink prometheus started
2025-04-23 04:26:42,968 [main] INFO  impl.MetricsSystemImpl (MetricsSystemImpl.java:registerSink(305)) - Registered sink prometheus
2025-04-23 04:26:42,970 [main] INFO  http.BaseHttpServer (BaseHttpServer.java:updateConnectorAddress(360)) - HTTP server of scm listening at http://0.0.0.0:15003
2025-04-23 04:26:42,977 [main] INFO  db.CodecBuffer (CodecBuffer.java:set(84)) - Successfully set constructor to LeakDetector::newCodecBuffer: org.apache.hadoop.hdds.utils.db.CodecBuffer$$Lambda/0x00007fcd3c699b00@5bb45afc
2025-04-23 04:26:43,009 [main] INFO  audit.AuditLogger (AuditLogger.java:refreshDebugCmdSet(133)) - Refresh DebugCmdSet for OMAudit to [].
2025-04-23 04:26:43,025 [main] INFO  audit.AuditLogger (AuditLogger.java:refreshDebugCmdSet(133)) - Refresh DebugCmdSet for OMSystemAudit to [].
2025-04-23 04:26:43,057 [main] INFO  ha.OMHANodeDetails (OMHANodeDetails.java:loadOMHAConfig(120)) - ServiceID for OzoneManager is om-service-test1
2025-04-23 04:26:43,063 [main] INFO  ha.OMHANodeDetails (OMHANodeDetails.java:loadOMHAConfig(200)) - Found matching OM address with OMServiceId: om-service-test1, OMNodeId: omNode-1, RPC Address: localhost:15006 and Ratis port: 15009
2025-04-23 04:26:43,063 [main] INFO  ha.OMHANodeDetails (ConfUtils.java:setNodeSpecificConfigs(98)) - Setting configuration key ozone.om.http-address with value of key ozone.om.http-address.om-service-test1.omNode-1: 127.0.0.1:15007
2025-04-23 04:26:43,063 [main] INFO  ha.OMHANodeDetails (ConfUtils.java:setNodeSpecificConfigs(98)) - Setting configuration key ozone.om.https-address with value of key ozone.om.https-address.om-service-test1.omNode-1: 127.0.0.1:15008
2025-04-23 04:26:43,063 [main] INFO  ha.OMHANodeDetails (ConfUtils.java:setNodeSpecificConfigs(98)) - Setting configuration key ozone.om.address with value of key ozone.om.address.om-service-test1.omNode-1: 127.0.0.1:15006
2025-04-23 04:26:43,064 [main] WARN  server.ServerUtils (ServerUtils.java:getDBPath(297)) - ozone.om.db.dirs is not configured. We recommend adding this setting. Falling back to ozone.metadata.dirs instead.
2025-04-23 04:26:43,071 [main] INFO  proxy.SCMBlockLocationFailoverProxyProvider (SCMFailoverProxyProviderBase.java:<init>(120)) - Created fail-over proxy for protocol ScmBlockLocationProtocolPB with 1 nodes: [nodeId=scmNodeId,nodeAddress=/0.0.0.0:15001]
2025-04-23 04:26:43,602 [bf7db134-45a1-4f19-9c9a-e33221f9a916@group-EEED9FFB3244-FollowerState] INFO  impl.FollowerState (FollowerState.java:runImpl(161)) - bf7db134-45a1-4f19-9c9a-e33221f9a916@group-EEED9FFB3244-FollowerState: change to CANDIDATE, lastRpcElapsedTime:1042501390ns, electionTimeout:1041ms
2025-04-23 04:26:43,602 [bf7db134-45a1-4f19-9c9a-e33221f9a916@group-EEED9FFB3244-FollowerState] INFO  impl.RoleInfo (RoleInfo.java:shutdownFollowerState(121)) - bf7db134-45a1-4f19-9c9a-e33221f9a916: shutdown bf7db134-45a1-4f19-9c9a-e33221f9a916@group-EEED9FFB3244-FollowerState
2025-04-23 04:26:43,602 [bf7db134-45a1-4f19-9c9a-e33221f9a916@group-EEED9FFB3244-FollowerState] INFO  server.RaftServer$Division (RaftServerImpl.java:setRole(378)) - bf7db134-45a1-4f19-9c9a-e33221f9a916@group-EEED9FFB3244: changes role from  FOLLOWER to CANDIDATE at term 1 for changeToCandidate
2025-04-23 04:26:43,602 [bf7db134-45a1-4f19-9c9a-e33221f9a916@group-EEED9FFB3244-FollowerState] INFO  server.RaftServerConfigKeys (ConfUtils.java:logGet(46)) - raft.server.leaderelection.pre-vote = true (default)
2025-04-23 04:26:43,602 [bf7db134-45a1-4f19-9c9a-e33221f9a916@group-EEED9FFB3244-FollowerState] INFO  impl.RoleInfo (RoleInfo.java:updateAndGet(148)) - bf7db134-45a1-4f19-9c9a-e33221f9a916: start bf7db134-45a1-4f19-9c9a-e33221f9a916@group-EEED9FFB3244-LeaderElection2
2025-04-23 04:26:43,604 [bf7db134-45a1-4f19-9c9a-e33221f9a916@group-EEED9FFB3244-LeaderElection2] INFO  impl.LeaderElection (LeaderElection.java:askForVotes(332)) - bf7db134-45a1-4f19-9c9a-e33221f9a916@group-EEED9FFB3244-LeaderElection2 PRE_VOTE round 0: submit vote requests at term 1 for conf: {index: 0, cur=peers:[bf7db134-45a1-4f19-9c9a-e33221f9a916|fv-az1441-587:15004]|listeners:[], old=null}
2025-04-23 04:26:43,604 [bf7db134-45a1-4f19-9c9a-e33221f9a916@group-EEED9FFB3244-LeaderElection2] INFO  impl.LeaderElection (LeaderElection.java:askForVotes(334)) - bf7db134-45a1-4f19-9c9a-e33221f9a916@group-EEED9FFB3244-LeaderElection2 PRE_VOTE round 0: result PASSED (term=1)
2025-04-23 04:26:43,605 [bf7db134-45a1-4f19-9c9a-e33221f9a916@group-EEED9FFB3244-LeaderElection2] INFO  impl.LeaderElection (LeaderElection.java:askForVotes(332)) - bf7db134-45a1-4f19-9c9a-e33221f9a916@group-EEED9FFB3244-LeaderElection2 ELECTION round 0: submit vote requests at term 2 for conf: {index: 0, cur=peers:[bf7db134-45a1-4f19-9c9a-e33221f9a916|fv-az1441-587:15004]|listeners:[], old=null}
2025-04-23 04:26:43,606 [bf7db134-45a1-4f19-9c9a-e33221f9a916@group-EEED9FFB3244-LeaderElection2] INFO  impl.LeaderElection (LeaderElection.java:askForVotes(334)) - bf7db134-45a1-4f19-9c9a-e33221f9a916@group-EEED9FFB3244-LeaderElection2 ELECTION round 0: result PASSED (term=2)
2025-04-23 04:26:43,606 [bf7db134-45a1-4f19-9c9a-e33221f9a916@group-EEED9FFB3244-LeaderElection2] INFO  impl.RoleInfo (RoleInfo.java:shutdownLeaderElection(141)) - bf7db134-45a1-4f19-9c9a-e33221f9a916: shutdown bf7db134-45a1-4f19-9c9a-e33221f9a916@group-EEED9FFB3244-LeaderElection2
2025-04-23 04:26:43,606 [bf7db134-45a1-4f19-9c9a-e33221f9a916@group-EEED9FFB3244-LeaderElection2] INFO  server.RaftServer$Division (RaftServerImpl.java:setRole(378)) - bf7db134-45a1-4f19-9c9a-e33221f9a916@group-EEED9FFB3244: changes role from CANDIDATE to LEADER at term 2 for changeToLeader
2025-04-23 04:26:43,606 [bf7db134-45a1-4f19-9c9a-e33221f9a916@group-EEED9FFB3244-LeaderElection2] INFO  server.RaftServerConfigKeys (ConfUtils.java:logGet(46)) - raft.server.staging.catchup.gap = 1000 (default)
2025-04-23 04:26:43,606 [bf7db134-45a1-4f19-9c9a-e33221f9a916@group-EEED9FFB3244-LeaderElection2] INFO  server.RaftServerConfigKeys (ConfUtils.java:logGet(46)) - raft.server.write.element-limit = 4096 (default)
2025-04-23 04:26:43,607 [bf7db134-45a1-4f19-9c9a-e33221f9a916@group-EEED9FFB3244-LeaderElection2] INFO  server.RaftServerConfigKeys (ConfUtils.java:logGet(46)) - raft.server.write.byte-limit = 64MB (=67108864) (default)
2025-04-23 04:26:43,607 [bf7db134-45a1-4f19-9c9a-e33221f9a916@group-EEED9FFB3244-LeaderElection2] INFO  server.RaftServerConfigKeys (ConfUtils.java:logGet(46)) - raft.server.watch.timeout = 10s (default)
2025-04-23 04:26:43,607 [bf7db134-45a1-4f19-9c9a-e33221f9a916@group-EEED9FFB3244-LeaderElection2] INFO  server.RaftServerConfigKeys (ConfUtils.java:logGet(46)) - raft.server.watch.timeout.denomination = 1s (default)
2025-04-23 04:26:43,607 [bf7db134-45a1-4f19-9c9a-e33221f9a916@group-EEED9FFB3244-LeaderElection2] INFO  server.RaftServerConfigKeys (ConfUtils.java:logGet(46)) - raft.server.watch.element-limit = 65536 (default)
2025-04-23 04:26:43,608 [bf7db134-45a1-4f19-9c9a-e33221f9a916@group-EEED9FFB3244-LeaderElection2] INFO  server.RaftServerConfigKeys (ConfUtils.java:logGet(46)) - raft.server.read.leader.lease.enabled = false (default)
2025-04-23 04:26:43,608 [bf7db134-45a1-4f19-9c9a-e33221f9a916@group-EEED9FFB3244-LeaderElection2] INFO  server.RaftServerConfigKeys (ConfUtils.java:logGet(46)) - raft.server.read.leader.lease.timeout.ratio = 0.9 (default)
2025-04-23 04:26:43,608 [bf7db134-45a1-4f19-9c9a-e33221f9a916@group-EEED9FFB3244-LeaderElection2] INFO  server.RaftServerConfigKeys (ConfUtils.java:logGet(46)) - raft.server.rpc.timeout.min = 5000ms (custom)
2025-04-23 04:26:43,609 [bf7db134-45a1-4f19-9c9a-e33221f9a916@group-EEED9FFB3244-LeaderElection2] INFO  server.RaftServerConfigKeys (ConfUtils.java:logGet(46)) - raft.server.log.log-metadata.enabled = true (default)
2025-04-23 04:26:43,609 [bf7db134-45a1-4f19-9c9a-e33221f9a916@group-EEED9FFB3244-LeaderElection2] INFO  server.RaftServerConfigKeys (ConfUtils.java:logGet(46)) - raft.server.write.element-limit = 4096 (default)
2025-04-23 04:26:43,609 [bf7db134-45a1-4f19-9c9a-e33221f9a916@group-EEED9FFB3244-LeaderElection2] INFO  server.RaftServerConfigKeys (ConfUtils.java:logGet(46)) - raft.server.write.follower.gap.ratio.max = -1.0 (default)
2025-04-23 04:26:43,609 [bf7db134-45a1-4f19-9c9a-e33221f9a916@group-EEED9FFB3244-LeaderElection2] INFO  impl.RoleInfo (RoleInfo.java:updateAndGet(148)) - bf7db134-45a1-4f19-9c9a-e33221f9a916: start bf7db134-45a1-4f19-9c9a-e33221f9a916@group-EEED9FFB3244-LeaderStateImpl
2025-04-23 04:26:43,609 [bf7db134-45a1-4f19-9c9a-e33221f9a916@group-EEED9FFB3244-LeaderElection2] INFO  server.RaftServer$Division (RaftServerImpl.java:setFirstElection(562)) - bf7db134-45a1-4f19-9c9a-e33221f9a916@group-EEED9FFB3244: set firstElectionSinceStartup to false for becomeLeader
2025-04-23 04:26:43,609 [bf7db134-45a1-4f19-9c9a-e33221f9a916@group-EEED9FFB3244-LeaderElection2] INFO  ha.SCMStateMachine (SCMStateMachine.java:notifyLeaderChanged(291)) - current SCM becomes leader of term 2.
2025-04-23 04:26:43,609 [bf7db134-45a1-4f19-9c9a-e33221f9a916@group-EEED9FFB3244-LeaderElection2] INFO  ha.SCMContext (SCMContext.java:updateLeaderAndTerm(95)) - update <isLeader,term> from <false,0> to <true,2>
2025-04-23 04:26:43,611 [bf7db134-45a1-4f19-9c9a-e33221f9a916@group-EEED9FFB3244-LeaderElection2] INFO  server.RaftServer$Division (ServerState.java:setLeader(272)) - bf7db134-45a1-4f19-9c9a-e33221f9a916@group-EEED9FFB3244: change Leader from null to bf7db134-45a1-4f19-9c9a-e33221f9a916 at term 2 for becomeLeader, leader elected after 1853ms
2025-04-23 04:26:43,612 [bf7db134-45a1-4f19-9c9a-e33221f9a916@group-EEED9FFB3244-LeaderElection2] INFO  segmented.SegmentedRaftLogWorker (SegmentedRaftLogWorker.java:rollLogSegment(443)) - bf7db134-45a1-4f19-9c9a-e33221f9a916@group-EEED9FFB3244-SegmentedRaftLogWorker: Rolling segment log-0_0 to index:0
2025-04-23 04:26:43,612 [bf7db134-45a1-4f19-9c9a-e33221f9a916@group-EEED9FFB3244-LeaderElection2] INFO  server.RaftServer$Division (ServerState.java:setRaftConf(386)) - bf7db134-45a1-4f19-9c9a-e33221f9a916@group-EEED9FFB3244: set configuration conf: {index: 1, cur=peers:[bf7db134-45a1-4f19-9c9a-e33221f9a916|fv-az1441-587:15004]|listeners:[], old=null}
2025-04-23 04:26:43,613 [bf7db134-45a1-4f19-9c9a-e33221f9a916@group-EEED9FFB3244-SegmentedRaftLogWorker] INFO  segmented.SegmentedRaftLogWorker (SegmentedRaftLogWorker.java:execute(601)) - bf7db134-45a1-4f19-9c9a-e33221f9a916@group-EEED9FFB3244-SegmentedRaftLogWorker: Rolled log segment from /home/runner/work/ozone/ozone/hadoop-ozone/integration-test/target/test-dir/MiniOzoneClusterImpl-ff59c164-3798-4a7f-a16d-eeed9ffb3244/ozone-meta/scm-ha/ff59c164-3798-4a7f-a16d-eeed9ffb3244/current/log_inprogress_0 to /home/runner/work/ozone/ozone/hadoop-ozone/integration-test/target/test-dir/MiniOzoneClusterImpl-ff59c164-3798-4a7f-a16d-eeed9ffb3244/ozone-meta/scm-ha/ff59c164-3798-4a7f-a16d-eeed9ffb3244/current/log_0-0
2025-04-23 04:26:43,615 [bf7db134-45a1-4f19-9c9a-e33221f9a916@group-EEED9FFB3244-SegmentedRaftLogWorker] INFO  segmented.BufferedWriteChannel (BufferedWriteChannel.java:open(61)) - open log_inprogress_1 at position 0
2025-04-23 04:26:43,622 [bf7db134-45a1-4f19-9c9a-e33221f9a916@group-EEED9FFB3244-SegmentedRaftLogWorker] INFO  segmented.SegmentedRaftLogWorker (SegmentedRaftLogWorker.java:execute(644)) - bf7db134-45a1-4f19-9c9a-e33221f9a916@group-EEED9FFB3244-SegmentedRaftLogWorker: created new log segment /home/runner/work/ozone/ozone/hadoop-ozone/integration-test/target/test-dir/MiniOzoneClusterImpl-ff59c164-3798-4a7f-a16d-eeed9ffb3244/ozone-meta/scm-ha/ff59c164-3798-4a7f-a16d-eeed9ffb3244/current/log_inprogress_1
2025-04-23 04:26:43,627 [bf7db134-45a1-4f19-9c9a-e33221f9a916@group-EEED9FFB3244-StateMachineUpdater] INFO  server.RaftServer$Division (LeaderStateImpl.java:checkStartIndex(313)) - Leader bf7db134-45a1-4f19-9c9a-e33221f9a916@group-EEED9FFB3244-LeaderStateImpl is ready since appliedIndex == startIndex == 1
2025-04-23 04:26:43,627 [bf7db134-45a1-4f19-9c9a-e33221f9a916@group-EEED9FFB3244-StateMachineUpdater] INFO  ha.SCMContext (SCMContext.java:setLeaderReady(122)) - update <isLeaderReady> from <false> to <true>
2025-04-23 04:26:43,627 [bf7db134-45a1-4f19-9c9a-e33221f9a916@group-EEED9FFB3244-StateMachineUpdater] INFO  pipeline.BackgroundPipelineCreator (BackgroundPipelineCreator.java:notifyStatusChanged(269)) - Service BackgroundPipelineCreator transitions to RUNNING.
2025-04-23 04:26:43,628 [bf7db134-45a1-4f19-9c9a-e33221f9a916@group-EEED9FFB3244-StateMachineUpdater] INFO  safemode.RatisContainerSafeModeRule (RatisContainerSafeModeRule.java:initializeRule(161)) - Refreshed Containers with one replica threshold count 0.
2025-04-23 04:26:43,628 [bf7db134-45a1-4f19-9c9a-e33221f9a916@group-EEED9FFB3244-StateMachineUpdater] INFO  safemode.HealthyPipelineSafeModeRule (HealthyPipelineSafeModeRule.java:initializeRule(174)) - Refreshed total pipeline count is 0, healthy pipeline threshold count is 1
2025-04-23 04:26:43,628 [bf7db134-45a1-4f19-9c9a-e33221f9a916@group-EEED9FFB3244-StateMachineUpdater] INFO  safemode.ECContainerSafeModeRule (ECContainerSafeModeRule.java:initializeRule(205)) - Refreshed Containers with ec n replica threshold count 0.
2025-04-23 04:26:43,628 [bf7db134-45a1-4f19-9c9a-e33221f9a916@group-EEED9FFB3244-StateMachineUpdater] INFO  safemode.OneReplicaPipelineSafeModeRule (OneReplicaPipelineSafeModeRule.java:initializeRule(187)) - Refreshed Total pipeline count is 0, pipeline's with at least one datanode reported threshold count is 0
2025-04-23 04:26:43,628 [bf7db134-45a1-4f19-9c9a-e33221f9a916@group-EEED9FFB3244-StateMachineUpdater] INFO  server.SCMDatanodeProtocolServer (SCMDatanodeProtocolServer.java:start(193)) - ScmDatanodeProtocol RPC server for DataNodes is listening at /0.0.0.0:15002
2025-04-23 04:26:43,629 [IPC Server Responder] INFO  ipc.Server (Server.java:run(1713)) - IPC Server Responder: starting
2025-04-23 04:26:43,629 [IPC Server listener on 15002] INFO  ipc.Server (Server.java:run(1553)) - IPC Server listener on 15002: starting
OM initialization succeeded.Current cluster id for sd=/home/runner/work/ozone/ozone/hadoop-ozone/integration-test/target/test-dir/MiniOzoneClusterImpl-ff59c164-3798-4a7f-a16d-eeed9ffb3244/omNode-1/om;cid=ff59c164-3798-4a7f-a16d-eeed9ffb3244;layoutVersion=8
2025-04-23 04:26:45,235 [main] INFO  ha.OMHANodeDetails (OMHANodeDetails.java:loadOMHAConfig(120)) - ServiceID for OzoneManager is om-service-test1
2025-04-23 04:26:45,236 [main] INFO  ha.OMHANodeDetails (OMHANodeDetails.java:loadOMHAConfig(200)) - Found matching OM address with OMServiceId: om-service-test1, OMNodeId: omNode-1, RPC Address: localhost:15006 and Ratis port: 15009
2025-04-23 04:26:45,236 [main] INFO  ha.OMHANodeDetails (ConfUtils.java:setNodeSpecificConfigs(98)) - Setting configuration key ozone.om.http-address with value of key ozone.om.http-address.om-service-test1.omNode-1: 127.0.0.1:15007
2025-04-23 04:26:45,236 [main] INFO  ha.OMHANodeDetails (ConfUtils.java:setNodeSpecificConfigs(98)) - Setting configuration key ozone.om.https-address with value of key ozone.om.https-address.om-service-test1.omNode-1: 127.0.0.1:15008
2025-04-23 04:26:45,236 [main] INFO  ha.OMHANodeDetails (ConfUtils.java:setNodeSpecificConfigs(98)) - Setting configuration key ozone.om.address with value of key ozone.om.address.om-service-test1.omNode-1: 127.0.0.1:15006
2025-04-23 04:26:45,237 [main] WARN  server.ServerUtils (ServerUtils.java:getDBPath(297)) - ozone.om.db.dirs is not configured. We recommend adding this setting. Falling back to ozone.metadata.dirs instead.
2025-04-23 04:26:45,241 [main] INFO  upgrade.AbstractLayoutVersionManager (AbstractLayoutVersionManager.java:init(80)) - Initializing Layout version manager with metadata layout = DELEGATION_TOKEN_SYMMETRIC_SIGN (version = 8), software layout = DELEGATION_TOKEN_SYMMETRIC_SIGN (version = 8)
2025-04-23 04:26:45,354 [main] INFO  reflections.Reflections (Reflections.java:scan(219)) - Reflections took 112 ms to scan 2 urls, producing 203 keys and 603 values
2025-04-23 04:26:45,357 [main] INFO  upgrade.OMLayoutVersionManager (OMLayoutVersionManager.java:lambda$0(110)) - Skipping Upgrade Action QuotaRepairUpgradeAction since it has been finalized.
2025-04-23 04:26:45,359 [main] INFO  upgrade.OMLayoutVersionManager (OMLayoutVersionManager.java:lambda$0(110)) - Skipping Upgrade Action MockOmUpgradeAction since it has been finalized.
2025-04-23 04:26:45,360 [main] WARN  server.ServerUtils (ServerUtils.java:getDBPath(297)) - ozone.om.db.dirs is not configured. We recommend adding this setting. Falling back to ozone.metadata.dirs instead.
2025-04-23 04:26:45,362 [main] INFO  om.OzoneManager (OzoneManager.java:setReplicationFromConfig(4612)) - Set default replication in OM: RATIS/3 -> RATIS/THREE
2025-04-23 04:26:45,366 [main] INFO  proxy.SCMContainerLocationFailoverProxyProvider (SCMFailoverProxyProviderBase.java:<init>(120)) - Created fail-over proxy for protocol StorageContainerLocationProtocolPB with 1 nodes: [nodeId=scmNodeId,nodeAddress=/0.0.0.0:15000]
2025-04-23 04:26:45,387 [main] INFO  proxy.SCMBlockLocationFailoverProxyProvider (SCMFailoverProxyProviderBase.java:<init>(120)) - Created fail-over proxy for protocol ScmBlockLocationProtocolPB with 1 nodes: [nodeId=scmNodeId,nodeAddress=/0.0.0.0:15001]
2025-04-23 04:26:45,396 [main] INFO  proxy.SCMBlockLocationFailoverProxyProvider (SCMFailoverProxyProviderBase.java:<init>(120)) - Created fail-over proxy for protocol ScmBlockLocationProtocolPB with 1 nodes: [nodeId=scmNodeId,nodeAddress=/0.0.0.0:15001]
2025-04-23 04:26:45,420 [main] INFO  om.OzoneManager (OzoneManager.java:<init>(689)) - OM start with adminUsers: [*, runner]
2025-04-23 04:26:45,435 [main] WARN  server.ServerUtils (ServerUtils.java:getDBPath(297)) - ozone.om.db.dirs is not configured. We recommend adding this setting. Falling back to ozone.metadata.dirs instead.
2025-04-23 04:26:45,715 [main] INFO  om.OzoneManager (OzoneManager.java:instantiateServices(933)) - S3 Multi-Tenancy is disabled
2025-04-23 04:26:45,740 [main] INFO  om.OmSnapshotManager (OmSnapshotManager.java:<init>(180)) - Ozone filesystem snapshot feature is enabled.
2025-04-23 04:26:45,747 [main] WARN  server.ServerUtils (ServerUtils.java:getDBPath(297)) - ozone.om.snapshot.diff.db.dir is not configured. We recommend adding this setting. Falling back to ozone.metadata.dirs instead.
2025-04-23 04:26:45,777 [main] INFO  utils.NativeLibraryLoader (NativeLibraryLoader.java:loadLibrary(120)) - Loading Library: ozone_rocksdb_tools
2025-04-23 04:26:45,914 [main] INFO  om.OzoneManager (OzoneManager.java:addS3GVolumeToDB(4670)) - Created Volume s3v With Owner runner required for S3Gateway operations.
2025-04-23 04:26:45,962 [main] WARN  server.ServerUtils (ServerUtils.java:getDefaultRatisDirectory(309)) - Storage directory for Ratis is not configured. It is a good idea to map this to an SSD disk. Falling back to ozone.metadata.dirs
2025-04-23 04:26:45,962 [main] WARN  utils.OzoneManagerRatisUtils (OzoneManagerRatisUtils.java:getOMRatisSnapshotDirectory(488)) - ozone.om.ratis.snapshot.dir is not configured. Falling back to ozone.metadata.dirs config
2025-04-23 04:26:45,967 [main] INFO  utils.RDBSnapshotProvider (RDBSnapshotProvider.java:init(85)) - Cleaning up the candidate dir: /home/runner/work/ozone/ozone/hadoop-ozone/integration-test/target/test-dir/MiniOzoneClusterImpl-ff59c164-3798-4a7f-a16d-eeed9ffb3244/omNode-1/snapshot/om.db.candidate
2025-04-23 04:26:45,967 [main] INFO  ratis_snapshot.OmRatisSnapshotProvider (OmRatisSnapshotProvider.java:<init>(98)) - Initializing OM Snapshot Provider
2025-04-23 04:26:46,072 [main] WARN  dropwizard3.Dm3MetricRegistriesImpl (Dm3MetricRegistriesImpl.java:addReporterRegistration(114)) - New reporters are added after registries were created. Some metrics will be missing from the reporter. Please add reporter before adding any new registry.
2025-04-23 04:26:46,072 [main] WARN  dropwizard3.Dm3MetricRegistriesImpl (Dm3MetricRegistriesImpl.java:addReporterRegistration(114)) - New reporters are added after registries were created. Some metrics will be missing from the reporter. Please add reporter before adding any new registry.
2025-04-23 04:26:46,072 [main] WARN  server.ServerUtils (ServerUtils.java:getDefaultRatisDirectory(309)) - Storage directory for Ratis is not configured. It is a good idea to map this to an SSD disk. Falling back to ozone.metadata.dirs
2025-04-23 04:26:46,073 [main] INFO  server.RaftServerConfigKeys (ConfUtils.java:logGet(46)) - raft.server.log.appender.buffer.byte-limit = 4194304 (custom)
2025-04-23 04:26:46,076 [main] INFO  ratis.OzoneManagerRatisServer (OzoneManagerRatisServer.java:<init>(167)) - Instantiating OM Ratis server with groupID: om-service-test1 and peers: localhost:15009, localhost:15017, localhost:15013
2025-04-23 04:26:46,081 [main] INFO  ratis.OzoneManagerStateMachine (OzoneManagerStateMachine.java:loadSnapshotInfoFromDB(613)) - TransactionInfo not found in OM DB.
2025-04-23 04:26:46,114 [main] INFO  server.RaftServer (ConfUtils.java:logGet(46)) - raft.rpc.type = GRPC (default)
2025-04-23 04:26:46,114 [main] INFO  grpc.GrpcConfigKeys (ConfUtils.java:logFallback(53)) - raft.grpc.admin.host = null (fallback to raft.grpc.server.host)
2025-04-23 04:26:46,114 [main] INFO  grpc.GrpcConfigKeys (ConfUtils.java:logFallback(53)) - raft.grpc.admin.port = 15009 (fallback to raft.grpc.server.port)
2025-04-23 04:26:46,114 [main] INFO  grpc.GrpcConfigKeys (ConfUtils.java:logFallback(53)) - raft.grpc.client.host = null (fallback to raft.grpc.server.host)
2025-04-23 04:26:46,114 [main] INFO  grpc.GrpcConfigKeys (ConfUtils.java:logFallback(53)) - raft.grpc.client.port = 15009 (fallback to raft.grpc.server.port)
2025-04-23 04:26:46,115 [main] INFO  grpc.GrpcConfigKeys (ConfUtils.java:logGet(46)) - raft.grpc.server.host = null (default)
2025-04-23 04:26:46,115 [main] INFO  grpc.GrpcConfigKeys (ConfUtils.java:logGet(46)) - raft.grpc.server.port = 15009 (custom)
2025-04-23 04:26:46,115 [main] INFO  server.GrpcService (ConfUtils.java:logGet(46)) - raft.grpc.message.size.max = 5242880 (custom)
2025-04-23 04:26:46,115 [main] INFO  server.GrpcService (ConfUtils.java:logGet(46)) - raft.grpc.flow.control.window = 1MB (=1048576) (default)
2025-04-23 04:26:46,115 [main] INFO  server.RaftServerConfigKeys (ConfUtils.java:logGet(46)) - raft.server.rpc.request.timeout = 3000ms (default)
2025-04-23 04:26:46,116 [main] INFO  grpc.GrpcConfigKeys (ConfUtils.java:logGet(46)) - raft.grpc.server.heartbeat.channel = true (default)
2025-04-23 04:26:46,116 [main] INFO  server.RaftServerConfigKeys (ConfUtils.java:logGet(46)) - raft.server.log.appender.buffer.byte-limit = 4194304 (custom)
2025-04-23 04:26:46,116 [main] INFO  grpc.GrpcConfigKeys (ConfUtils.java:logGet(46)) - raft.grpc.server.async.request.thread.pool.cached = true (default)
2025-04-23 04:26:46,116 [main] INFO  grpc.GrpcConfigKeys (ConfUtils.java:logGet(46)) - raft.grpc.server.async.request.thread.pool.size = 32 (default)
2025-04-23 04:26:46,117 [main] INFO  impl.DataStreamServerImpl (ConfUtils.java:logGet(46)) - raft.datastream.type = DISABLED (default)
2025-04-23 04:26:46,117 [main] INFO  server.RaftServerConfigKeys (ConfUtils.java:logGet(46)) - raft.server.sleep.deviation.threshold = 300ms (default)
2025-04-23 04:26:46,118 [main] INFO  server.RaftServerConfigKeys (ConfUtils.java:logGet(46)) - raft.server.close.threshold = 60s (default)
2025-04-23 04:26:46,118 [main] INFO  server.RaftServerConfigKeys (ConfUtils.java:logGet(46)) - raft.server.leaderelection.leader.step-down.wait-time = 10s (default)
2025-04-23 04:26:46,118 [main] INFO  server.RaftServerConfigKeys (ConfUtils.java:logGet(46)) - raft.server.storage.dir = [/home/runner/work/ozone/ozone/hadoop-ozone/integration-test/target/test-dir/MiniOzoneClusterImpl-ff59c164-3798-4a7f-a16d-eeed9ffb3244/omNode-1/ratis] (custom)
2025-04-23 04:26:46,118 [main] INFO  server.RaftServerConfigKeys (ConfUtils.java:logGet(46)) - raft.server.threadpool.proxy.cached = true (default)
2025-04-23 04:26:46,118 [main] INFO  server.RaftServerConfigKeys (ConfUtils.java:logGet(46)) - raft.server.threadpool.proxy.size = 0 (default)
2025-04-23 04:26:46,122 [main] INFO  server.RaftServer (RaftServerProxy.java:addNew(100)) - omNode-1: addNew group-523986131536:[omNode-3|localhost:15017, omNode-1|localhost:15009, omNode-2|localhost:15013] returns group-523986131536:java.util.concurrent.CompletableFuture@48d1f239[Not completed]
2025-04-23 04:26:46,122 [omNode-1-groupManagement] INFO  server.RaftServer$Division (RaftServerImpl.java:<init>(255)) - omNode-1: new RaftServerImpl for group-523986131536:[omNode-3|localhost:15017, omNode-1|localhost:15009, omNode-2|localhost:15013] with OzoneManagerStateMachine:uninitialized
2025-04-23 04:26:46,122 [main] INFO  om.OzoneManager (OzoneManager.java:initializeRatisServer(2303)) - OzoneManager Ratis server initialized at port 15009
2025-04-23 04:26:46,122 [omNode-1-groupManagement] INFO  server.RaftServerConfigKeys (ConfUtils.java:logGet(46)) - raft.server.rpc.timeout.min = 1s (custom)
2025-04-23 04:26:46,124 [omNode-1-groupManagement] INFO  server.RaftServerConfigKeys (ConfUtils.java:logGet(46)) - raft.server.rpc.timeout.max = 1200ms (custom)
2025-04-23 04:26:46,124 [omNode-1-groupManagement] INFO  server.RaftServerConfigKeys (ConfUtils.java:logGet(46)) - raft.server.rpc.sleep.time = 25ms (default)
2025-04-23 04:26:46,124 [omNode-1-groupManagement] INFO  server.RaftServerConfigKeys (ConfUtils.java:logGet(46)) - raft.server.rpc.slowness.timeout = 2s (custom)
2025-04-23 04:26:46,125 [omNode-1-groupManagement] INFO  server.RaftServerConfigKeys (ConfUtils.java:logGet(46)) - raft.server.leaderelection.leader.step-down.wait-time = 10s (default)
2025-04-23 04:26:46,125 [omNode-1-groupManagement] INFO  server.RaftServerConfigKeys (ConfUtils.java:logGet(46)) - raft.server.leaderelection.member.majority-add = false (default)
2025-04-23 04:26:46,126 [omNode-1-groupManagement] INFO  server.RaftServerConfigKeys (ConfUtils.java:logGet(46)) - raft.server.sleep.deviation.threshold = 300ms (default)
2025-04-23 04:26:46,126 [omNode-1-groupManagement] INFO  server.RaftServer$Division (ServerState.java:<init>(114)) - omNode-1@group-523986131536: ConfigurationManager, init=conf: {index: -1, cur=peers:[omNode-3|localhost:15017, omNode-1|localhost:15009, omNode-2|localhost:15013]|listeners:[], old=null}, confs=<EMPTY_MAP>
2025-04-23 04:26:46,126 [omNode-1-groupManagement] INFO  server.RaftServerConfigKeys (ConfUtils.java:logGet(46)) - raft.server.notification.no-leader.timeout = 2s (custom)
2025-04-23 04:26:46,126 [omNode-1-groupManagement] INFO  server.RaftServerConfigKeys (ConfUtils.java:logGet(46)) - raft.server.read.timeout = 10s (default)
2025-04-23 04:26:46,126 [omNode-1-groupManagement] INFO  server.RaftServerConfigKeys (ConfUtils.java:logGet(46)) - raft.server.retrycache.expirytime = 30000ms (custom)
2025-04-23 04:26:46,126 [omNode-1-groupManagement] INFO  server.RaftServerConfigKeys (ConfUtils.java:logGet(46)) - raft.server.retrycache.statistics.expirytime = 100ms (default)
2025-04-23 04:26:46,126 [omNode-1-groupManagement] INFO  server.RaftServerConfigKeys (ConfUtils.java:logGet(46)) - raft.server.read.option = DEFAULT (default)
2025-04-23 04:26:46,126 [omNode-1-groupManagement] INFO  server.RaftServerConfigKeys (ConfUtils.java:logGet(46)) - raft.server.read.read-after-write-consistent.write-index-cache.expiry-time = 60s (default)
2025-04-23 04:26:46,129 [main] INFO  om.OzoneManager (OzoneManager.java:getRpcServer(1360)) - Creating RPC Server
2025-04-23 04:26:46,137 [omNode-1-groupManagement] INFO  server.RaftServerConfigKeys (ConfUtils.java:logGet(46)) - raft.server.rpc.request.timeout = 3000ms (default)
2025-04-23 04:26:46,138 [omNode-1-groupManagement] INFO  server.RaftServerConfigKeys (ConfUtils.java:logGet(46)) - raft.server.log.appender.install.snapshot.enabled = false (custom)
2025-04-23 04:26:46,138 [omNode-1-groupManagement] INFO  server.RaftServerConfigKeys (ConfUtils.java:logGet(46)) - raft.server.threadpool.server.cached = true (default)
2025-04-23 04:26:46,141 [omNode-1-groupManagement] INFO  server.RaftServerConfigKeys (ConfUtils.java:logGet(46)) - raft.server.threadpool.server.size = 0 (default)
2025-04-23 04:26:46,141 [omNode-1-groupManagement] INFO  server.RaftServerConfigKeys (ConfUtils.java:logGet(46)) - raft.server.threadpool.client.cached = true (default)
2025-04-23 04:26:46,141 [omNode-1-groupManagement] INFO  server.RaftServerConfigKeys (ConfUtils.java:logGet(46)) - raft.server.threadpool.client.size = 0 (default)
2025-04-23 04:26:46,892 [main] INFO  reflections.Reflections (Reflections.java:scan(219)) - Reflections took 720 ms to scan 22 urls, producing 61 keys and 7422 values
2025-04-23 04:26:47,026 [main] INFO  ipc.CallQueueManager (CallQueueManager.java:<init>(93)) - Using callQueue: class java.util.concurrent.LinkedBlockingQueue, queueCapacity: 2000, scheduler: class org.apache.hadoop.ipc.DefaultRpcScheduler, ipcBackoff: false, ipcFailOver: false.
2025-04-23 04:26:47,027 [main] INFO  ipc.Server (Server.java:<init>(1438)) - Listener at 127.0.0.1:15006
2025-04-23 04:26:47,028 [Socket Reader #1 for port 15006] INFO  ipc.Server (Server.java:run(1474)) - Starting Socket Reader #1 for port 15006
2025-04-23 04:26:47,028 [Socket Reader #2 for port 15006] INFO  ipc.Server (Server.java:run(1474)) - Starting Socket Reader #2 for port 15006
2025-04-23 04:26:47,028 [Socket Reader #3 for port 15006] INFO  ipc.Server (Server.java:run(1474)) - Starting Socket Reader #3 for port 15006
2025-04-23 04:26:47,029 [Socket Reader #5 for port 15006] INFO  ipc.Server (Server.java:run(1474)) - Starting Socket Reader #5 for port 15006
2025-04-23 04:26:47,029 [Socket Reader #4 for port 15006] INFO  ipc.Server (Server.java:run(1474)) - Starting Socket Reader #4 for port 15006
2025-04-23 04:26:47,029 [Socket Reader #7 for port 15006] INFO  ipc.Server (Server.java:run(1474)) - Starting Socket Reader #7 for port 15006
2025-04-23 04:26:47,029 [Socket Reader #6 for port 15006] INFO  ipc.Server (Server.java:run(1474)) - Starting Socket Reader #6 for port 15006
2025-04-23 04:26:47,030 [Socket Reader #8 for port 15006] INFO  ipc.Server (Server.java:run(1474)) - Starting Socket Reader #8 for port 15006
2025-04-23 04:26:47,030 [Socket Reader #9 for port 15006] INFO  ipc.Server (Server.java:run(1474)) - Starting Socket Reader #9 for port 15006
2025-04-23 04:26:47,030 [Socket Reader #10 for port 15006] INFO  ipc.Server (Server.java:run(1474)) - Starting Socket Reader #10 for port 15006
2025-04-23 04:26:47,059 [main] INFO  impl.MetricsSystemImpl (MetricsSystemImpl.java:init(158)) - OzoneManager metrics system started (again)
2025-04-23 04:26:47,072 [main] INFO  om.OzoneManager (OzoneManager.java:start(1787)) - OzoneManager RPC server is listening at localhost/127.0.0.1:15006
2025-04-23 04:26:47,073 [main] INFO  ratis.OzoneManagerRatisServer (OzoneManagerRatisServer.java:start(628)) - Starting OzoneManagerRatisServer omNode-1 at port 15009
2025-04-23 04:26:47,073 [omNode-1-impl-thread1] INFO  server.RaftServerConfigKeys (ConfUtils.java:logGet(46)) - raft.server.storage.free-space.min = 0MB (=0) (default)
2025-04-23 04:26:47,074 [omNode-1-impl-thread1] INFO  server.RaftServerConfigKeys (ConfUtils.java:logGet(46)) - raft.server.log.corruption.policy = EXCEPTION (default)
2025-04-23 04:26:47,074 [omNode-1-impl-thread1] INFO  server.RaftServerConfigKeys (ConfUtils.java:logGet(46)) - raft.server.storage.dir = [/home/runner/work/ozone/ozone/hadoop-ozone/integration-test/target/test-dir/MiniOzoneClusterImpl-ff59c164-3798-4a7f-a16d-eeed9ffb3244/omNode-1/ratis] (custom)
2025-04-23 04:26:47,074 [omNode-1-impl-thread1] INFO  storage.RaftStorageDirectory (RaftStorageDirectoryImpl.java:analyzeStorage(138)) - The storage directory /home/runner/work/ozone/ozone/hadoop-ozone/integration-test/target/test-dir/MiniOzoneClusterImpl-ff59c164-3798-4a7f-a16d-eeed9ffb3244/omNode-1/ratis/c9bc4cf4-3bc3-3c60-a66b-523986131536 does not exist. Creating ...
2025-04-23 04:26:47,078 [omNode-1-impl-thread1] INFO  storage.RaftStorageDirectory (RaftStorageDirectoryImpl.java:tryLock(229)) - Lock on /home/runner/work/ozone/ozone/hadoop-ozone/integration-test/target/test-dir/MiniOzoneClusterImpl-ff59c164-3798-4a7f-a16d-eeed9ffb3244/omNode-1/ratis/c9bc4cf4-3bc3-3c60-a66b-523986131536/in_use.lock acquired by nodename 129558@fv-az1441-587
2025-04-23 04:26:47,079 [omNode-1-impl-thread1] INFO  storage.RaftStorage (RaftStorageImpl.java:format(98)) - Storage directory /home/runner/work/ozone/ozone/hadoop-ozone/integration-test/target/test-dir/MiniOzoneClusterImpl-ff59c164-3798-4a7f-a16d-eeed9ffb3244/omNode-1/ratis/c9bc4cf4-3bc3-3c60-a66b-523986131536 has been successfully formatted.
2025-04-23 04:26:47,080 [omNode-1-impl-thread1] INFO  ratis.OzoneManagerStateMachine (OzoneManagerStateMachine.java:lambda$0(138)) - omNode-1: initialize group-523986131536 with (t:0, i:~)
2025-04-23 04:26:47,080 [omNode-1-impl-thread1] INFO  server.RaftServerConfigKeys (ConfUtils.java:logGet(46)) - raft.server.log.use.memory = false (default)
2025-04-23 04:26:47,080 [omNode-1-impl-thread1] INFO  server.RaftServerConfigKeys (ConfUtils.java:logGet(46)) - raft.server.log.purge.gap = 50 (custom)
2025-04-23 04:26:47,080 [omNode-1-impl-thread1] INFO  server.RaftServerConfigKeys (ConfUtils.java:logGet(46)) - raft.server.log.appender.buffer.byte-limit = 4194304 (custom)
2025-04-23 04:26:47,080 [omNode-1-impl-thread1] INFO  server.RaftServerConfigKeys (ConfUtils.java:logGet(46)) - raft.server.log.statemachine.data.read.timeout = 1000ms (default)
2025-04-23 04:26:47,081 [omNode-1-impl-thread1] INFO  server.RaftServerConfigKeys (ConfUtils.java:logGet(46)) - raft.server.log.purge.preservation.log.num = 0 (default)
2025-04-23 04:26:47,083 [omNode-1-impl-thread1] INFO  server.RaftServerConfigKeys (ConfUtils.java:logGet(46)) - raft.server.log.segment.size.max = 4194304 (custom)
2025-04-23 04:26:47,083 [omNode-1-impl-thread1] INFO  server.RaftServerConfigKeys (ConfUtils.java:logGet(46)) - raft.server.log.segment.cache.num.max = 2 (custom)
2025-04-23 04:26:47,083 [omNode-1-impl-thread1] INFO  server.RaftServerConfigKeys (ConfUtils.java:logGet(46)) - raft.server.log.segment.cache.size.max = 200MB (=209715200) (default)
2025-04-23 04:26:47,084 [omNode-1-impl-thread1] INFO  server.RaftServerConfigKeys (ConfUtils.java:logGet(46)) - raft.server.log.appender.buffer.byte-limit = 4194304 (custom)
2025-04-23 04:26:47,084 [omNode-1-impl-thread1] INFO  util.AwaitToRun (AwaitToRun.java:start(81)) - Thread[#464,omNode-1@group-523986131536-cacheEviction-AwaitToRun,5,main] started
2025-04-23 04:26:47,084 [omNode-1-impl-thread1] INFO  segmented.SegmentedRaftLogWorker (SegmentedRaftLogWorker.java:<init>(188)) - new omNode-1@group-523986131536-SegmentedRaftLogWorker for RaftStorageImpl:Storage Directory /home/runner/work/ozone/ozone/hadoop-ozone/integration-test/target/test-dir/MiniOzoneClusterImpl-ff59c164-3798-4a7f-a16d-eeed9ffb3244/omNode-1/ratis/c9bc4cf4-3bc3-3c60-a66b-523986131536
2025-04-23 04:26:47,084 [omNode-1-impl-thread1] INFO  server.RaftServerConfigKeys (ConfUtils.java:logGet(46)) - raft.server.log.queue.byte-limit = 64MB (=67108864) (default)
2025-04-23 04:26:47,084 [omNode-1-impl-thread1] INFO  server.RaftServerConfigKeys (ConfUtils.java:logGet(46)) - raft.server.log.queue.element-limit = 4096 (default)
2025-04-23 04:26:47,084 [omNode-1-impl-thread1] INFO  server.RaftServerConfigKeys (ConfUtils.java:logGet(46)) - raft.server.log.segment.size.max = 4194304 (custom)
2025-04-23 04:26:47,084 [omNode-1-impl-thread1] INFO  server.RaftServerConfigKeys (ConfUtils.java:logGet(46)) - raft.server.log.preallocated.size = 4194304 (custom)
2025-04-23 04:26:47,084 [omNode-1-impl-thread1] INFO  server.RaftServerConfigKeys (ConfUtils.java:logGet(46)) - raft.server.log.force.sync.num = 128 (default)
2025-04-23 04:26:47,084 [omNode-1-impl-thread1] INFO  server.RaftServerConfigKeys (ConfUtils.java:logGet(46)) - raft.server.log.statemachine.data.sync = true (default)
2025-04-23 04:26:47,085 [omNode-1-impl-thread1] INFO  server.RaftServerConfigKeys (ConfUtils.java:logGet(46)) - raft.server.log.statemachine.data.sync.timeout = 10s (default)
2025-04-23 04:26:47,085 [omNode-1-impl-thread1] INFO  server.RaftServerConfigKeys (ConfUtils.java:logGet(46)) - raft.server.log.statemachine.data.sync.timeout.retry = -1 (default)
2025-04-23 04:26:47,086 [omNode-1-impl-thread1] INFO  server.RaftServerConfigKeys (ConfUtils.java:logGet(46)) - raft.server.log.write.buffer.size = 4194312 (custom)
2025-04-23 04:26:47,086 [omNode-1-impl-thread1] INFO  server.RaftServerConfigKeys (ConfUtils.java:logGet(46)) - raft.server.log.appender.buffer.byte-limit = 4194304 (custom)
2025-04-23 04:26:47,087 [omNode-1-impl-thread1] INFO  server.RaftServerConfigKeys (ConfUtils.java:logGet(46)) - raft.server.log.unsafe-flush.enabled = false (default)
2025-04-23 04:26:47,087 [omNode-1-impl-thread1] INFO  server.RaftServerConfigKeys (ConfUtils.java:logGet(46)) - raft.server.log.async-flush.enabled = false (default)
2025-04-23 04:26:47,088 [omNode-1-impl-thread1] INFO  server.RaftServerConfigKeys (ConfUtils.java:logGet(46)) - raft.server.log.statemachine.data.caching.enabled = false (default)
2025-04-23 04:26:47,088 [omNode-1-impl-thread1] INFO  segmented.SegmentedRaftLogWorker (SegmentedRaftLogWorker.java:lambda$new$0(139)) - omNode-1@group-523986131536-SegmentedRaftLogWorker: flushIndex: setUnconditionally 0 -> -1
2025-04-23 04:26:47,089 [omNode-1-impl-thread1] INFO  segmented.SegmentedRaftLogWorker (SegmentedRaftLogWorker.java:lambda$new$0(139)) - omNode-1@group-523986131536-SegmentedRaftLogWorker: safeCacheEvictIndex: setUnconditionally 0 -> -1
2025-04-23 04:26:47,089 [omNode-1-impl-thread1] INFO  server.RaftServer$Division (RaftServerImpl.java:start(391)) - omNode-1@group-523986131536: start as a follower, conf=conf: {index: -1, cur=peers:[omNode-3|localhost:15017, omNode-1|localhost:15009, omNode-2|localhost:15013]|listeners:[], old=null}
2025-04-23 04:26:47,090 [omNode-1-impl-thread1] INFO  server.RaftServer$Division (RaftServerImpl.java:setRole(378)) - omNode-1@group-523986131536: changes role from      null to FOLLOWER at term 0 for startAsFollower
2025-04-23 04:26:47,090 [omNode-1-impl-thread1] INFO  impl.RoleInfo (RoleInfo.java:updateAndGet(148)) - omNode-1: start omNode-1@group-523986131536-FollowerState
2025-04-23 04:26:47,090 [omNode-1@group-523986131536-FollowerState] INFO  server.RaftServerConfigKeys (ConfUtils.java:logFallback(53)) - raft.server.rpc.first-election.timeout.min = 1s (fallback to raft.server.rpc.timeout.min)
2025-04-23 04:26:47,090 [omNode-1-impl-thread1] INFO  util.JmxRegister (JmxRegister.java:tryRegister(44)) - Successfully registered JMX Bean with object name Ratis:service=RaftServer,group=group-523986131536,id=omNode-1
2025-04-23 04:26:47,090 [omNode-1@group-523986131536-FollowerState] INFO  server.RaftServerConfigKeys (ConfUtils.java:logFallback(53)) - raft.server.rpc.first-election.timeout.max = 1200ms (fallback to raft.server.rpc.timeout.max)
2025-04-23 04:26:47,090 [omNode-1-impl-thread1] INFO  util.JmxRegister (JmxRegister.java:register(58)) - register mxBean class org.apache.ratis.server.impl.RaftServerJmxAdapter as Ratis:service=RaftServer,group=group-523986131536,id=omNode-1
2025-04-23 04:26:47,090 [omNode-1-impl-thread1] INFO  server.RaftServerConfigKeys (ConfUtils.java:logGet(46)) - raft.server.snapshot.trigger-when-stop.enabled = true (default)
2025-04-23 04:26:47,091 [omNode-1-impl-thread1] INFO  server.RaftServerConfigKeys (ConfUtils.java:logGet(46)) - raft.server.snapshot.trigger-when-remove.enabled = true (default)
2025-04-23 04:26:47,091 [omNode-1-impl-thread1] INFO  server.RaftServerConfigKeys (ConfUtils.java:logGet(46)) - raft.server.snapshot.auto.trigger.enabled = true (custom)
2025-04-23 04:26:47,091 [omNode-1-impl-thread1] INFO  server.RaftServerConfigKeys (ConfUtils.java:logGet(46)) - raft.server.snapshot.auto.trigger.threshold = 50 (custom)
2025-04-23 04:26:47,091 [omNode-1-impl-thread1] INFO  server.RaftServerConfigKeys (ConfUtils.java:logGet(46)) - raft.server.snapshot.retention.file.num = -1 (default)
2025-04-23 04:26:47,091 [omNode-1-impl-thread1] INFO  server.RaftServerConfigKeys (ConfUtils.java:logGet(46)) - raft.server.log.purge.upto.snapshot.index = true (custom)
2025-04-23 04:26:47,092 [omNode-1-impl-thread1] INFO  server.RaftServer$Division (RaftServerImpl.java:start(405)) - omNode-1@group-523986131536: Successfully started.
2025-04-23 04:26:47,092 [main] INFO  server.RaftServer (RaftServerProxy.java:startImpl(407)) - omNode-1: start RPC server
2025-04-23 04:26:47,093 [main] INFO  server.GrpcService (GrpcService.java:startImpl(334)) - omNode-1: GrpcService started, listening on 15009
2025-04-23 04:26:47,093 [JvmPauseMonitor2] INFO  util.JvmPauseMonitor (JvmPauseMonitor.java:run(146)) - JvmPauseMonitor-omNode-1: Started
2025-04-23 04:26:47,093 [main] INFO  om.OzoneManager (OzoneManager.java:start(1802)) - Version File has different layout version (8) than OM DB (null). That is expected if this OM has never been finalized to a newer layout version.
2025-04-23 04:26:47,105 [main] INFO  client.ScmTopologyClient (ScmTopologyClient.java:start(70)) - Initial network topology fetched from SCM: /.
2025-04-23 04:26:47,105 [main] INFO  net.NodeSchemaLoader (NodeSchemaLoader.java:loadSchemaFromFile(127)) - Loading schema from [jar:file:/home/runner/work/ozone/ozone/hadoop-hdds/common/target/hdds-common-2.1.0-SNAPSHOT.jar!/network-topology-default.xml]
2025-04-23 04:26:47,105 [main] INFO  net.NodeSchemaLoader (NodeSchemaLoader.java:loadSchema(174)) - Loading network topology layer schema file
2025-04-23 04:26:47,119 [main] INFO  http.BaseHttpServer (BaseHttpServer.java:newHttpServer2BuilderForOzone(229)) - Starting Web-server for ozoneManager at: http://0.0.0.0:15007
2025-04-23 04:26:47,119 [main] INFO  http.BaseHttpServer (BaseHttpServer.java:<init>(107)) - Hadoop Security Enabled: false Ozone Security Enabled: false Ozone HTTP Security Enabled: false 
2025-04-23 04:26:47,122 [main] WARN  server.AuthenticationFilter (AuthenticationFilter.java:constructSecretProvider(240)) - Unable to initialize FileSignerSecretProvider, falling back to use random secrets. Reason: Could not read signature secret file: /home/runner/hadoop-http-auth-signature-secret
2025-04-23 04:26:47,125 [main] INFO  http.HttpServer2 (HttpServer2.java:addGlobalFilter(1041)) - Added global filter 'safety' (class=org.apache.hadoop.hdds.server.http.HttpServer2$QuotingInputFilter)
2025-04-23 04:26:47,127 [main] INFO  http.HttpServer2 (HttpServer2.java:addFilter(1017)) - Added filter static_user_filter (class=org.apache.hadoop.http.lib.StaticUserWebFilter$StaticUserFilter) to context ozoneManager
2025-04-23 04:26:47,127 [main] INFO  http.HttpServer2 (HttpServer2.java:addFilter(1025)) - Added filter static_user_filter (class=org.apache.hadoop.http.lib.StaticUserWebFilter$StaticUserFilter) to context logs
2025-04-23 04:26:47,127 [main] INFO  http.HttpServer2 (HttpServer2.java:addFilter(1025)) - Added filter static_user_filter (class=org.apache.hadoop.http.lib.StaticUserWebFilter$StaticUserFilter) to context static
2025-04-23 04:26:47,129 [main] INFO  http.BaseHttpServer (BaseHttpServer.java:<init>(195)) - HTTP server of ozoneManager uses base directory /home/runner/work/ozone/ozone/hadoop-ozone/integration-test/target/test-dir/MiniOzoneClusterImpl-ff59c164-3798-4a7f-a16d-eeed9ffb3244/omNode-1/webserver
2025-04-23 04:26:47,132 [main] INFO  http.HttpServer2 (HttpServer2.java:bindListener(1241)) - Jetty bound to port 15007
2025-04-23 04:26:47,132 [main] INFO  server.Server (Server.java:doStart(375)) - jetty-9.4.57.v20241219; built: 2025-01-08T21:24:30.412Z; git: df524e6b29271c2e09ba9aea83c18dc9db464a31; jvm 21.0.7+6-LTS
2025-04-23 04:26:47,134 [main] INFO  server.session (DefaultSessionIdManager.java:doStart(334)) - DefaultSessionIdManager workerName=node0
2025-04-23 04:26:47,134 [main] INFO  server.session (DefaultSessionIdManager.java:doStart(339)) - No SessionScavenger set, using defaults
2025-04-23 04:26:47,135 [main] INFO  server.session (HouseKeeper.java:startScavenging(132)) - node0 Scavenging every 660000ms
2025-04-23 04:26:47,135 [main] INFO  handler.ContextHandler (ContextHandler.java:doStart(921)) - Started o.e.j.s.ServletContextHandler@758a3ba0{logs,/logs,file:///home/runner/work/ozone/ozone/hadoop-ozone/integration-test/target/log,AVAILABLE}
2025-04-23 04:26:47,136 [main] INFO  handler.ContextHandler (ContextHandler.java:doStart(921)) - Started o.e.j.s.ServletContextHandler@736abb16{static,/static,file:///home/runner/work/ozone/ozone/hadoop-ozone/integration-test/target/test-classes/webapps/static,AVAILABLE}
2025-04-23 04:26:47,146 [main] INFO  handler.ContextHandler (ContextHandler.java:doStart(921)) - Started o.e.j.w.WebAppContext@4b082a6e{ozoneManager,/,file:///home/runner/work/ozone/ozone/hadoop-ozone/integration-test/target/test-classes/webapps/ozoneManager/,AVAILABLE}{file:/home/runner/work/ozone/ozone/hadoop-ozone/integration-test/target/test-classes/webapps/ozoneManager}
2025-04-23 04:26:47,146 [main] INFO  server.AbstractConnector (AbstractConnector.java:doStart(333)) - Started ServerConnector@2443b82a{HTTP/1.1, (http/1.1)}{0.0.0.0:15007}
2025-04-23 04:26:47,146 [main] INFO  server.Server (Server.java:doStart(415)) - Started @10565ms
2025-04-23 04:26:47,147 [main] WARN  impl.MetricsSystemImpl (MetricsSystemImpl.java:register(279)) - Sink prometheus already exists!
2025-04-23 04:26:47,147 [main] INFO  http.BaseHttpServer (BaseHttpServer.java:updateConnectorAddress(360)) - HTTP server of ozoneManager listening at http://0.0.0.0:15007
2025-04-23 04:26:47,147 [IPC Server Responder] INFO  ipc.Server (Server.java:run(1713)) - IPC Server Responder: starting
2025-04-23 04:26:47,148 [IPC Server listener on 15006] INFO  ipc.Server (Server.java:run(1553)) - IPC Server listener on 15006: starting
2025-04-23 04:26:47,151 [main] INFO  om.OzoneManager (OzoneManager.java:startTrashEmptier(2257)) - Trash Interval set to 0. Files deleted won't move to trash
2025-04-23 04:26:47,162 [main] INFO  ozone.MiniOzoneHAClusterImpl (MiniOzoneHAClusterImpl.java:createOMService(516)) - Started OzoneManager omNode-1 RPC server at localhost/127.0.0.1:15006
2025-04-23 04:26:47,162 [main] INFO  ha.OMHANodeDetails (OMHANodeDetails.java:loadOMHAConfig(120)) - ServiceID for OzoneManager is om-service-test1
2025-04-23 04:26:47,163 [main] INFO  ha.OMHANodeDetails (OMHANodeDetails.java:loadOMHAConfig(200)) - Found matching OM address with OMServiceId: om-service-test1, OMNodeId: omNode-2, RPC Address: localhost:15010 and Ratis port: 15013
2025-04-23 04:26:47,163 [main] INFO  ha.OMHANodeDetails (ConfUtils.java:setNodeSpecificConfigs(98)) - Setting configuration key ozone.om.http-address with value of key ozone.om.http-address.om-service-test1.omNode-2: 127.0.0.1:15011
2025-04-23 04:26:47,163 [main] INFO  ha.OMHANodeDetails (ConfUtils.java:setNodeSpecificConfigs(98)) - Setting configuration key ozone.om.https-address with value of key ozone.om.https-address.om-service-test1.omNode-2: 127.0.0.1:15012
2025-04-23 04:26:47,164 [main] INFO  ha.OMHANodeDetails (ConfUtils.java:setNodeSpecificConfigs(98)) - Setting configuration key ozone.om.address with value of key ozone.om.address.om-service-test1.omNode-2: 127.0.0.1:15010
2025-04-23 04:26:47,164 [main] WARN  server.ServerUtils (ServerUtils.java:getDBPath(297)) - ozone.om.db.dirs is not configured. We recommend adding this setting. Falling back to ozone.metadata.dirs instead.
2025-04-23 04:26:47,166 [main] INFO  proxy.SCMBlockLocationFailoverProxyProvider (SCMFailoverProxyProviderBase.java:<init>(120)) - Created fail-over proxy for protocol ScmBlockLocationProtocolPB with 1 nodes: [nodeId=scmNodeId,nodeAddress=/0.0.0.0:15001]
OM initialization succeeded.Current cluster id for sd=/home/runner/work/ozone/ozone/hadoop-ozone/integration-test/target/test-dir/MiniOzoneClusterImpl-ff59c164-3798-4a7f-a16d-eeed9ffb3244/omNode-2/om;cid=ff59c164-3798-4a7f-a16d-eeed9ffb3244;layoutVersion=8
2025-04-23 04:26:47,172 [main] INFO  ha.OMHANodeDetails (OMHANodeDetails.java:loadOMHAConfig(120)) - ServiceID for OzoneManager is om-service-test1
2025-04-23 04:26:47,172 [main] INFO  ha.OMHANodeDetails (OMHANodeDetails.java:loadOMHAConfig(200)) - Found matching OM address with OMServiceId: om-service-test1, OMNodeId: omNode-2, RPC Address: localhost:15010 and Ratis port: 15013
2025-04-23 04:26:47,173 [main] INFO  ha.OMHANodeDetails (ConfUtils.java:setNodeSpecificConfigs(98)) - Setting configuration key ozone.om.http-address with value of key ozone.om.http-address.om-service-test1.omNode-2: 127.0.0.1:15011
2025-04-23 04:26:47,173 [main] INFO  ha.OMHANodeDetails (ConfUtils.java:setNodeSpecificConfigs(98)) - Setting configuration key ozone.om.https-address with value of key ozone.om.https-address.om-service-test1.omNode-2: 127.0.0.1:15012
2025-04-23 04:26:47,173 [main] INFO  ha.OMHANodeDetails (ConfUtils.java:setNodeSpecificConfigs(98)) - Setting configuration key ozone.om.address with value of key ozone.om.address.om-service-test1.omNode-2: 127.0.0.1:15010
2025-04-23 04:26:47,173 [main] WARN  server.ServerUtils (ServerUtils.java:getDBPath(297)) - ozone.om.db.dirs is not configured. We recommend adding this setting. Falling back to ozone.metadata.dirs instead.
2025-04-23 04:26:47,175 [main] INFO  upgrade.AbstractLayoutVersionManager (AbstractLayoutVersionManager.java:init(80)) - Initializing Layout version manager with metadata layout = DELEGATION_TOKEN_SYMMETRIC_SIGN (version = 8), software layout = DELEGATION_TOKEN_SYMMETRIC_SIGN (version = 8)
2025-04-23 04:26:47,249 [main] INFO  reflections.Reflections (Reflections.java:scan(219)) - Reflections took 73 ms to scan 2 urls, producing 203 keys and 603 values
2025-04-23 04:26:47,250 [main] INFO  upgrade.OMLayoutVersionManager (OMLayoutVersionManager.java:lambda$0(110)) - Skipping Upgrade Action QuotaRepairUpgradeAction since it has been finalized.
2025-04-23 04:26:47,250 [main] INFO  upgrade.OMLayoutVersionManager (OMLayoutVersionManager.java:lambda$0(110)) - Skipping Upgrade Action MockOmUpgradeAction since it has been finalized.
2025-04-23 04:26:47,250 [main] WARN  server.ServerUtils (ServerUtils.java:getDBPath(297)) - ozone.om.db.dirs is not configured. We recommend adding this setting. Falling back to ozone.metadata.dirs instead.
2025-04-23 04:26:47,251 [main] INFO  om.OzoneManager (OzoneManager.java:setReplicationFromConfig(4612)) - Set default replication in OM: RATIS/3 -> RATIS/THREE
2025-04-23 04:26:47,251 [main] INFO  proxy.SCMContainerLocationFailoverProxyProvider (SCMFailoverProxyProviderBase.java:<init>(120)) - Created fail-over proxy for protocol StorageContainerLocationProtocolPB with 1 nodes: [nodeId=scmNodeId,nodeAddress=/0.0.0.0:15000]
2025-04-23 04:26:47,252 [main] INFO  proxy.SCMBlockLocationFailoverProxyProvider (SCMFailoverProxyProviderBase.java:<init>(120)) - Created fail-over proxy for protocol ScmBlockLocationProtocolPB with 1 nodes: [nodeId=scmNodeId,nodeAddress=/0.0.0.0:15001]
2025-04-23 04:26:47,254 [main] INFO  proxy.SCMBlockLocationFailoverProxyProvider (SCMFailoverProxyProviderBase.java:<init>(120)) - Created fail-over proxy for protocol ScmBlockLocationProtocolPB with 1 nodes: [nodeId=scmNodeId,nodeAddress=/0.0.0.0:15001]
2025-04-23 04:26:47,261 [main] INFO  om.OzoneManager (OzoneManager.java:<init>(689)) - OM start with adminUsers: [*, runner]
2025-04-23 04:26:47,262 [main] WARN  server.ServerUtils (ServerUtils.java:getDBPath(297)) - ozone.om.db.dirs is not configured. We recommend adding this setting. Falling back to ozone.metadata.dirs instead.
2025-04-23 04:26:47,408 [main] INFO  om.OzoneManager (OzoneManager.java:instantiateServices(933)) - S3 Multi-Tenancy is disabled
2025-04-23 04:26:47,409 [main] INFO  om.OmSnapshotManager (OmSnapshotManager.java:<init>(180)) - Ozone filesystem snapshot feature is enabled.
2025-04-23 04:26:47,409 [main] WARN  server.ServerUtils (ServerUtils.java:getDBPath(297)) - ozone.om.snapshot.diff.db.dir is not configured. We recommend adding this setting. Falling back to ozone.metadata.dirs instead.
2025-04-23 04:26:47,429 [main] INFO  om.OzoneManager (OzoneManager.java:addS3GVolumeToDB(4670)) - Created Volume s3v With Owner runner required for S3Gateway operations.
2025-04-23 04:26:47,429 [main] WARN  server.ServerUtils (ServerUtils.java:getDefaultRatisDirectory(309)) - Storage directory for Ratis is not configured. It is a good idea to map this to an SSD disk. Falling back to ozone.metadata.dirs
2025-04-23 04:26:47,429 [main] WARN  utils.OzoneManagerRatisUtils (OzoneManagerRatisUtils.java:getOMRatisSnapshotDirectory(488)) - ozone.om.ratis.snapshot.dir is not configured. Falling back to ozone.metadata.dirs config
2025-04-23 04:26:47,430 [main] INFO  utils.RDBSnapshotProvider (RDBSnapshotProvider.java:init(85)) - Cleaning up the candidate dir: /home/runner/work/ozone/ozone/hadoop-ozone/integration-test/target/test-dir/MiniOzoneClusterImpl-ff59c164-3798-4a7f-a16d-eeed9ffb3244/omNode-2/snapshot/om.db.candidate
2025-04-23 04:26:47,430 [main] INFO  ratis_snapshot.OmRatisSnapshotProvider (OmRatisSnapshotProvider.java:<init>(98)) - Initializing OM Snapshot Provider
2025-04-23 04:26:47,431 [main] WARN  dropwizard3.Dm3MetricRegistriesImpl (Dm3MetricRegistriesImpl.java:addReporterRegistration(114)) - New reporters are added after registries were created. Some metrics will be missing from the reporter. Please add reporter before adding any new registry.
2025-04-23 04:26:47,432 [main] WARN  dropwizard3.Dm3MetricRegistriesImpl (Dm3MetricRegistriesImpl.java:addReporterRegistration(114)) - New reporters are added after registries were created. Some metrics will be missing from the reporter. Please add reporter before adding any new registry.
2025-04-23 04:26:47,432 [main] WARN  server.ServerUtils (ServerUtils.java:getDefaultRatisDirectory(309)) - Storage directory for Ratis is not configured. It is a good idea to map this to an SSD disk. Falling back to ozone.metadata.dirs
2025-04-23 04:26:47,432 [main] INFO  server.RaftServerConfigKeys (ConfUtils.java:logGet(46)) - raft.server.log.appender.buffer.byte-limit = 4194304 (custom)
2025-04-23 04:26:47,434 [main] INFO  ratis.OzoneManagerRatisServer (OzoneManagerRatisServer.java:<init>(167)) - Instantiating OM Ratis server with groupID: om-service-test1 and peers: localhost:15013, localhost:15017, localhost:15009
2025-04-23 04:26:47,434 [main] INFO  ratis.OzoneManagerStateMachine (OzoneManagerStateMachine.java:loadSnapshotInfoFromDB(613)) - TransactionInfo not found in OM DB.
2025-04-23 04:26:47,435 [main] INFO  server.RaftServer (ConfUtils.java:logGet(46)) - raft.rpc.type = GRPC (default)
2025-04-23 04:26:47,435 [main] INFO  grpc.GrpcConfigKeys (ConfUtils.java:logFallback(53)) - raft.grpc.admin.host = null (fallback to raft.grpc.server.host)
2025-04-23 04:26:47,435 [main] INFO  grpc.GrpcConfigKeys (ConfUtils.java:logFallback(53)) - raft.grpc.admin.port = 15013 (fallback to raft.grpc.server.port)
2025-04-23 04:26:47,435 [main] INFO  grpc.GrpcConfigKeys (ConfUtils.java:logFallback(53)) - raft.grpc.client.host = null (fallback to raft.grpc.server.host)
2025-04-23 04:26:47,435 [main] INFO  grpc.GrpcConfigKeys (ConfUtils.java:logFallback(53)) - raft.grpc.client.port = 15013 (fallback to raft.grpc.server.port)
2025-04-23 04:26:47,436 [main] INFO  grpc.GrpcConfigKeys (ConfUtils.java:logGet(46)) - raft.grpc.server.host = null (default)
2025-04-23 04:26:47,436 [main] INFO  grpc.GrpcConfigKeys (ConfUtils.java:logGet(46)) - raft.grpc.server.port = 15013 (custom)
2025-04-23 04:26:47,436 [main] INFO  server.GrpcService (ConfUtils.java:logGet(46)) - raft.grpc.message.size.max = 5242880 (custom)
2025-04-23 04:26:47,436 [main] INFO  server.GrpcService (ConfUtils.java:logGet(46)) - raft.grpc.flow.control.window = 1MB (=1048576) (default)
2025-04-23 04:26:47,436 [main] INFO  server.RaftServerConfigKeys (ConfUtils.java:logGet(46)) - raft.server.rpc.request.timeout = 3000ms (default)
2025-04-23 04:26:47,436 [main] INFO  grpc.GrpcConfigKeys (ConfUtils.java:logGet(46)) - raft.grpc.server.heartbeat.channel = true (default)
2025-04-23 04:26:47,436 [main] INFO  server.RaftServerConfigKeys (ConfUtils.java:logGet(46)) - raft.server.log.appender.buffer.byte-limit = 4194304 (custom)
2025-04-23 04:26:47,436 [main] INFO  grpc.GrpcConfigKeys (ConfUtils.java:logGet(46)) - raft.grpc.server.async.request.thread.pool.cached = true (default)
2025-04-23 04:26:47,437 [main] INFO  grpc.GrpcConfigKeys (ConfUtils.java:logGet(46)) - raft.grpc.server.async.request.thread.pool.size = 32 (default)
2025-04-23 04:26:47,438 [main] INFO  impl.DataStreamServerImpl (ConfUtils.java:logGet(46)) - raft.datastream.type = DISABLED (default)
2025-04-23 04:26:47,438 [main] INFO  server.RaftServerConfigKeys (ConfUtils.java:logGet(46)) - raft.server.sleep.deviation.threshold = 300ms (default)
2025-04-23 04:26:47,438 [main] INFO  server.RaftServerConfigKeys (ConfUtils.java:logGet(46)) - raft.server.close.threshold = 60s (default)
2025-04-23 04:26:47,438 [main] INFO  server.RaftServerConfigKeys (ConfUtils.java:logGet(46)) - raft.server.leaderelection.leader.step-down.wait-time = 10s (default)
2025-04-23 04:26:47,438 [main] INFO  server.RaftServerConfigKeys (ConfUtils.java:logGet(46)) - raft.server.storage.dir = [/home/runner/work/ozone/ozone/hadoop-ozone/integration-test/target/test-dir/MiniOzoneClusterImpl-ff59c164-3798-4a7f-a16d-eeed9ffb3244/omNode-2/ratis] (custom)
2025-04-23 04:26:47,438 [main] INFO  server.RaftServerConfigKeys (ConfUtils.java:logGet(46)) - raft.server.threadpool.proxy.cached = true (default)
2025-04-23 04:26:47,439 [main] INFO  server.RaftServerConfigKeys (ConfUtils.java:logGet(46)) - raft.server.threadpool.proxy.size = 0 (default)
2025-04-23 04:26:47,439 [main] INFO  server.RaftServer (RaftServerProxy.java:addNew(100)) - omNode-2: addNew group-523986131536:[omNode-3|localhost:15017, omNode-1|localhost:15009, omNode-2|localhost:15013] returns group-523986131536:java.util.concurrent.CompletableFuture@308508ec[Not completed]
2025-04-23 04:26:47,439 [main] INFO  om.OzoneManager (OzoneManager.java:initializeRatisServer(2303)) - OzoneManager Ratis server initialized at port 15013
2025-04-23 04:26:47,440 [main] INFO  om.OzoneManager (OzoneManager.java:getRpcServer(1360)) - Creating RPC Server
2025-04-23 04:26:47,440 [omNode-2-groupManagement] INFO  server.RaftServer$Division (RaftServerImpl.java:<init>(255)) - omNode-2: new RaftServerImpl for group-523986131536:[omNode-3|localhost:15017, omNode-1|localhost:15009, omNode-2|localhost:15013] with OzoneManagerStateMachine:uninitialized
2025-04-23 04:26:47,441 [omNode-2-groupManagement] INFO  server.RaftServerConfigKeys (ConfUtils.java:logGet(46)) - raft.server.rpc.timeout.min = 1s (custom)
2025-04-23 04:26:47,441 [omNode-2-groupManagement] INFO  server.RaftServerConfigKeys (ConfUtils.java:logGet(46)) - raft.server.rpc.timeout.max = 1200ms (custom)
2025-04-23 04:26:47,441 [omNode-2-groupManagement] INFO  server.RaftServerConfigKeys (ConfUtils.java:logGet(46)) - raft.server.rpc.sleep.time = 25ms (default)
2025-04-23 04:26:47,441 [omNode-2-groupManagement] INFO  server.RaftServerConfigKeys (ConfUtils.java:logGet(46)) - raft.server.rpc.slowness.timeout = 2s (custom)
2025-04-23 04:26:47,441 [omNode-2-groupManagement] INFO  server.RaftServerConfigKeys (ConfUtils.java:logGet(46)) - raft.server.leaderelection.leader.step-down.wait-time = 10s (default)
2025-04-23 04:26:47,441 [omNode-2-groupManagement] INFO  server.RaftServerConfigKeys (ConfUtils.java:logGet(46)) - raft.server.leaderelection.member.majority-add = false (default)
2025-04-23 04:26:47,441 [omNode-2-groupManagement] INFO  server.RaftServerConfigKeys (ConfUtils.java:logGet(46)) - raft.server.sleep.deviation.threshold = 300ms (default)
2025-04-23 04:26:47,441 [omNode-2-groupManagement] INFO  server.RaftServer$Division (ServerState.java:<init>(114)) - omNode-2@group-523986131536: ConfigurationManager, init=conf: {index: -1, cur=peers:[omNode-3|localhost:15017, omNode-1|localhost:15009, omNode-2|localhost:15013]|listeners:[], old=null}, confs=<EMPTY_MAP>
2025-04-23 04:26:47,442 [omNode-2-groupManagement] INFO  server.RaftServerConfigKeys (ConfUtils.java:logGet(46)) - raft.server.notification.no-leader.timeout = 2s (custom)
2025-04-23 04:26:47,442 [omNode-2-groupManagement] INFO  server.RaftServerConfigKeys (ConfUtils.java:logGet(46)) - raft.server.read.timeout = 10s (default)
2025-04-23 04:26:47,442 [omNode-2-groupManagement] INFO  server.RaftServerConfigKeys (ConfUtils.java:logGet(46)) - raft.server.retrycache.expirytime = 30000ms (custom)
2025-04-23 04:26:47,442 [omNode-2-groupManagement] INFO  server.RaftServerConfigKeys (ConfUtils.java:logGet(46)) - raft.server.retrycache.statistics.expirytime = 100ms (default)
2025-04-23 04:26:47,442 [omNode-2-groupManagement] INFO  server.RaftServerConfigKeys (ConfUtils.java:logGet(46)) - raft.server.read.option = DEFAULT (default)
2025-04-23 04:26:47,442 [omNode-2-groupManagement] INFO  server.RaftServerConfigKeys (ConfUtils.java:logGet(46)) - raft.server.read.read-after-write-consistent.write-index-cache.expiry-time = 60s (default)
2025-04-23 04:26:47,447 [omNode-2-groupManagement] INFO  server.RaftServerConfigKeys (ConfUtils.java:logGet(46)) - raft.server.rpc.request.timeout = 3000ms (default)
2025-04-23 04:26:47,447 [omNode-2-groupManagement] INFO  server.RaftServerConfigKeys (ConfUtils.java:logGet(46)) - raft.server.log.appender.install.snapshot.enabled = false (custom)
2025-04-23 04:26:47,447 [omNode-2-groupManagement] INFO  server.RaftServerConfigKeys (ConfUtils.java:logGet(46)) - raft.server.threadpool.server.cached = true (default)
2025-04-23 04:26:47,447 [omNode-2-groupManagement] INFO  server.RaftServerConfigKeys (ConfUtils.java:logGet(46)) - raft.server.threadpool.server.size = 0 (default)
2025-04-23 04:26:47,447 [omNode-2-groupManagement] INFO  server.RaftServerConfigKeys (ConfUtils.java:logGet(46)) - raft.server.threadpool.client.cached = true (default)
2025-04-23 04:26:47,447 [omNode-2-groupManagement] INFO  server.RaftServerConfigKeys (ConfUtils.java:logGet(46)) - raft.server.threadpool.client.size = 0 (default)
2025-04-23 04:26:47,894 [main] INFO  reflections.Reflections (Reflections.java:scan(219)) - Reflections took 453 ms to scan 22 urls, producing 61 keys and 7422 values
2025-04-23 04:26:47,896 [main] INFO  ipc.CallQueueManager (CallQueueManager.java:<init>(93)) - Using callQueue: class java.util.concurrent.LinkedBlockingQueue, queueCapacity: 2000, scheduler: class org.apache.hadoop.ipc.DefaultRpcScheduler, ipcBackoff: false, ipcFailOver: false.
2025-04-23 04:26:47,897 [main] INFO  ipc.Server (Server.java:<init>(1438)) - Listener at 127.0.0.1:15010
2025-04-23 04:26:47,897 [Socket Reader #1 for port 15010] INFO  ipc.Server (Server.java:run(1474)) - Starting Socket Reader #1 for port 15010
2025-04-23 04:26:47,898 [Socket Reader #2 for port 15010] INFO  ipc.Server (Server.java:run(1474)) - Starting Socket Reader #2 for port 15010
2025-04-23 04:26:47,898 [Socket Reader #3 for port 15010] INFO  ipc.Server (Server.java:run(1474)) - Starting Socket Reader #3 for port 15010
2025-04-23 04:26:47,898 [Socket Reader #4 for port 15010] INFO  ipc.Server (Server.java:run(1474)) - Starting Socket Reader #4 for port 15010
2025-04-23 04:26:47,899 [Socket Reader #5 for port 15010] INFO  ipc.Server (Server.java:run(1474)) - Starting Socket Reader #5 for port 15010
2025-04-23 04:26:47,899 [Socket Reader #6 for port 15010] INFO  ipc.Server (Server.java:run(1474)) - Starting Socket Reader #6 for port 15010
2025-04-23 04:26:47,899 [Socket Reader #7 for port 15010] INFO  ipc.Server (Server.java:run(1474)) - Starting Socket Reader #7 for port 15010
2025-04-23 04:26:47,899 [Socket Reader #8 for port 15010] INFO  ipc.Server (Server.java:run(1474)) - Starting Socket Reader #8 for port 15010
2025-04-23 04:26:47,899 [Socket Reader #9 for port 15010] INFO  ipc.Server (Server.java:run(1474)) - Starting Socket Reader #9 for port 15010
2025-04-23 04:26:47,900 [Socket Reader #10 for port 15010] INFO  ipc.Server (Server.java:run(1474)) - Starting Socket Reader #10 for port 15010
2025-04-23 04:26:47,927 [main] INFO  impl.MetricsSystemImpl (MetricsSystemImpl.java:init(158)) - OzoneManager metrics system started (again)
2025-04-23 04:26:47,940 [main] INFO  om.OzoneManager (OzoneManager.java:start(1787)) - OzoneManager RPC server is listening at localhost/127.0.0.1:15010
2025-04-23 04:26:47,940 [main] INFO  ratis.OzoneManagerRatisServer (OzoneManagerRatisServer.java:start(628)) - Starting OzoneManagerRatisServer omNode-2 at port 15013
2025-04-23 04:26:47,941 [omNode-2-impl-thread1] INFO  server.RaftServerConfigKeys (ConfUtils.java:logGet(46)) - raft.server.storage.free-space.min = 0MB (=0) (default)
2025-04-23 04:26:47,941 [omNode-2-impl-thread1] INFO  server.RaftServerConfigKeys (ConfUtils.java:logGet(46)) - raft.server.log.corruption.policy = EXCEPTION (default)
2025-04-23 04:26:47,941 [omNode-2-impl-thread1] INFO  server.RaftServerConfigKeys (ConfUtils.java:logGet(46)) - raft.server.storage.dir = [/home/runner/work/ozone/ozone/hadoop-ozone/integration-test/target/test-dir/MiniOzoneClusterImpl-ff59c164-3798-4a7f-a16d-eeed9ffb3244/omNode-2/ratis] (custom)
2025-04-23 04:26:47,941 [omNode-2-impl-thread1] INFO  storage.RaftStorageDirectory (RaftStorageDirectoryImpl.java:analyzeStorage(138)) - The storage directory /home/runner/work/ozone/ozone/hadoop-ozone/integration-test/target/test-dir/MiniOzoneClusterImpl-ff59c164-3798-4a7f-a16d-eeed9ffb3244/omNode-2/ratis/c9bc4cf4-3bc3-3c60-a66b-523986131536 does not exist. Creating ...
2025-04-23 04:26:47,942 [omNode-2-impl-thread1] INFO  storage.RaftStorageDirectory (RaftStorageDirectoryImpl.java:tryLock(229)) - Lock on /home/runner/work/ozone/ozone/hadoop-ozone/integration-test/target/test-dir/MiniOzoneClusterImpl-ff59c164-3798-4a7f-a16d-eeed9ffb3244/omNode-2/ratis/c9bc4cf4-3bc3-3c60-a66b-523986131536/in_use.lock acquired by nodename 129558@fv-az1441-587
2025-04-23 04:26:47,944 [omNode-2-impl-thread1] INFO  storage.RaftStorage (RaftStorageImpl.java:format(98)) - Storage directory /home/runner/work/ozone/ozone/hadoop-ozone/integration-test/target/test-dir/MiniOzoneClusterImpl-ff59c164-3798-4a7f-a16d-eeed9ffb3244/omNode-2/ratis/c9bc4cf4-3bc3-3c60-a66b-523986131536 has been successfully formatted.
2025-04-23 04:26:47,944 [omNode-2-impl-thread1] INFO  ratis.OzoneManagerStateMachine (OzoneManagerStateMachine.java:lambda$0(138)) - omNode-2: initialize group-523986131536 with (t:0, i:~)
2025-04-23 04:26:47,944 [omNode-2-impl-thread1] INFO  server.RaftServerConfigKeys (ConfUtils.java:logGet(46)) - raft.server.log.use.memory = false (default)
2025-04-23 04:26:47,944 [omNode-2-impl-thread1] INFO  server.RaftServerConfigKeys (ConfUtils.java:logGet(46)) - raft.server.log.purge.gap = 50 (custom)
2025-04-23 04:26:47,944 [omNode-2-impl-thread1] INFO  server.RaftServerConfigKeys (ConfUtils.java:logGet(46)) - raft.server.log.appender.buffer.byte-limit = 4194304 (custom)
2025-04-23 04:26:47,944 [omNode-2-impl-thread1] INFO  server.RaftServerConfigKeys (ConfUtils.java:logGet(46)) - raft.server.log.statemachine.data.read.timeout = 1000ms (default)
2025-04-23 04:26:47,944 [omNode-2-impl-thread1] INFO  server.RaftServerConfigKeys (ConfUtils.java:logGet(46)) - raft.server.log.purge.preservation.log.num = 0 (default)
2025-04-23 04:26:47,947 [omNode-2-impl-thread1] INFO  server.RaftServerConfigKeys (ConfUtils.java:logGet(46)) - raft.server.log.segment.size.max = 4194304 (custom)
2025-04-23 04:26:47,947 [omNode-2-impl-thread1] INFO  server.RaftServerConfigKeys (ConfUtils.java:logGet(46)) - raft.server.log.segment.cache.num.max = 2 (custom)
2025-04-23 04:26:47,947 [omNode-2-impl-thread1] INFO  server.RaftServerConfigKeys (ConfUtils.java:logGet(46)) - raft.server.log.segment.cache.size.max = 200MB (=209715200) (default)
2025-04-23 04:26:47,947 [omNode-2-impl-thread1] INFO  server.RaftServerConfigKeys (ConfUtils.java:logGet(46)) - raft.server.log.appender.buffer.byte-limit = 4194304 (custom)
2025-04-23 04:26:47,948 [omNode-2-impl-thread1] INFO  util.AwaitToRun (AwaitToRun.java:start(81)) - Thread[#545,omNode-2@group-523986131536-cacheEviction-AwaitToRun,5,main] started
2025-04-23 04:26:47,948 [omNode-2-impl-thread1] INFO  segmented.SegmentedRaftLogWorker (SegmentedRaftLogWorker.java:<init>(188)) - new omNode-2@group-523986131536-SegmentedRaftLogWorker for RaftStorageImpl:Storage Directory /home/runner/work/ozone/ozone/hadoop-ozone/integration-test/target/test-dir/MiniOzoneClusterImpl-ff59c164-3798-4a7f-a16d-eeed9ffb3244/omNode-2/ratis/c9bc4cf4-3bc3-3c60-a66b-523986131536
2025-04-23 04:26:47,948 [omNode-2-impl-thread1] INFO  server.RaftServerConfigKeys (ConfUtils.java:logGet(46)) - raft.server.log.queue.byte-limit = 64MB (=67108864) (default)
2025-04-23 04:26:47,948 [omNode-2-impl-thread1] INFO  server.RaftServerConfigKeys (ConfUtils.java:logGet(46)) - raft.server.log.queue.element-limit = 4096 (default)
2025-04-23 04:26:47,948 [omNode-2-impl-thread1] INFO  server.RaftServerConfigKeys (ConfUtils.java:logGet(46)) - raft.server.log.segment.size.max = 4194304 (custom)
2025-04-23 04:26:47,948 [omNode-2-impl-thread1] INFO  server.RaftServerConfigKeys (ConfUtils.java:logGet(46)) - raft.server.log.preallocated.size = 4194304 (custom)
2025-04-23 04:26:47,948 [omNode-2-impl-thread1] INFO  server.RaftServerConfigKeys (ConfUtils.java:logGet(46)) - raft.server.log.force.sync.num = 128 (default)
2025-04-23 04:26:47,948 [omNode-2-impl-thread1] INFO  server.RaftServerConfigKeys (ConfUtils.java:logGet(46)) - raft.server.log.statemachine.data.sync = true (default)
2025-04-23 04:26:47,948 [omNode-2-impl-thread1] INFO  server.RaftServerConfigKeys (ConfUtils.java:logGet(46)) - raft.server.log.statemachine.data.sync.timeout = 10s (default)
2025-04-23 04:26:47,948 [omNode-2-impl-thread1] INFO  server.RaftServerConfigKeys (ConfUtils.java:logGet(46)) - raft.server.log.statemachine.data.sync.timeout.retry = -1 (default)
2025-04-23 04:26:47,949 [omNode-2-impl-thread1] INFO  server.RaftServerConfigKeys (ConfUtils.java:logGet(46)) - raft.server.log.write.buffer.size = 4194312 (custom)
2025-04-23 04:26:47,950 [omNode-2-impl-thread1] INFO  server.RaftServerConfigKeys (ConfUtils.java:logGet(46)) - raft.server.log.appender.buffer.byte-limit = 4194304 (custom)
2025-04-23 04:26:47,950 [omNode-2-impl-thread1] INFO  server.RaftServerConfigKeys (ConfUtils.java:logGet(46)) - raft.server.log.unsafe-flush.enabled = false (default)
2025-04-23 04:26:47,950 [omNode-2-impl-thread1] INFO  server.RaftServerConfigKeys (ConfUtils.java:logGet(46)) - raft.server.log.async-flush.enabled = false (default)
2025-04-23 04:26:47,950 [omNode-2-impl-thread1] INFO  server.RaftServerConfigKeys (ConfUtils.java:logGet(46)) - raft.server.log.statemachine.data.caching.enabled = false (default)
2025-04-23 04:26:47,950 [omNode-2-impl-thread1] INFO  segmented.SegmentedRaftLogWorker (SegmentedRaftLogWorker.java:lambda$new$0(139)) - omNode-2@group-523986131536-SegmentedRaftLogWorker: flushIndex: setUnconditionally 0 -> -1
2025-04-23 04:26:47,950 [omNode-2-impl-thread1] INFO  segmented.SegmentedRaftLogWorker (SegmentedRaftLogWorker.java:lambda$new$0(139)) - omNode-2@group-523986131536-SegmentedRaftLogWorker: safeCacheEvictIndex: setUnconditionally 0 -> -1
2025-04-23 04:26:47,951 [omNode-2-impl-thread1] INFO  server.RaftServer$Division (RaftServerImpl.java:start(391)) - omNode-2@group-523986131536: start as a follower, conf=conf: {index: -1, cur=peers:[omNode-3|localhost:15017, omNode-1|localhost:15009, omNode-2|localhost:15013]|listeners:[], old=null}
2025-04-23 04:26:47,951 [omNode-2-impl-thread1] INFO  server.RaftServer$Division (RaftServerImpl.java:setRole(378)) - omNode-2@group-523986131536: changes role from      null to FOLLOWER at term 0 for startAsFollower
2025-04-23 04:26:47,951 [omNode-2-impl-thread1] INFO  impl.RoleInfo (RoleInfo.java:updateAndGet(148)) - omNode-2: start omNode-2@group-523986131536-FollowerState
2025-04-23 04:26:47,952 [omNode-2@group-523986131536-FollowerState] INFO  server.RaftServerConfigKeys (ConfUtils.java:logFallback(53)) - raft.server.rpc.first-election.timeout.min = 1s (fallback to raft.server.rpc.timeout.min)
2025-04-23 04:26:47,952 [omNode-2@group-523986131536-FollowerState] INFO  server.RaftServerConfigKeys (ConfUtils.java:logFallback(53)) - raft.server.rpc.first-election.timeout.max = 1200ms (fallback to raft.server.rpc.timeout.max)
2025-04-23 04:26:47,953 [omNode-2-impl-thread1] INFO  util.JmxRegister (JmxRegister.java:tryRegister(44)) - Successfully registered JMX Bean with object name Ratis:service=RaftServer,group=group-523986131536,id=omNode-2
2025-04-23 04:26:47,953 [omNode-2-impl-thread1] INFO  util.JmxRegister (JmxRegister.java:register(58)) - register mxBean class org.apache.ratis.server.impl.RaftServerJmxAdapter as Ratis:service=RaftServer,group=group-523986131536,id=omNode-2
2025-04-23 04:26:47,953 [omNode-2-impl-thread1] INFO  server.RaftServerConfigKeys (ConfUtils.java:logGet(46)) - raft.server.snapshot.trigger-when-stop.enabled = true (default)
2025-04-23 04:26:47,954 [omNode-2-impl-thread1] INFO  server.RaftServerConfigKeys (ConfUtils.java:logGet(46)) - raft.server.snapshot.trigger-when-remove.enabled = true (default)
2025-04-23 04:26:47,954 [omNode-2-impl-thread1] INFO  server.RaftServerConfigKeys (ConfUtils.java:logGet(46)) - raft.server.snapshot.auto.trigger.enabled = true (custom)
2025-04-23 04:26:47,954 [omNode-2-impl-thread1] INFO  server.RaftServerConfigKeys (ConfUtils.java:logGet(46)) - raft.server.snapshot.auto.trigger.threshold = 50 (custom)
2025-04-23 04:26:47,954 [omNode-2-impl-thread1] INFO  server.RaftServerConfigKeys (ConfUtils.java:logGet(46)) - raft.server.snapshot.retention.file.num = -1 (default)
2025-04-23 04:26:47,954 [omNode-2-impl-thread1] INFO  server.RaftServerConfigKeys (ConfUtils.java:logGet(46)) - raft.server.log.purge.upto.snapshot.index = true (custom)
2025-04-23 04:26:47,956 [omNode-2-impl-thread1] INFO  server.RaftServer$Division (RaftServerImpl.java:start(405)) - omNode-2@group-523986131536: Successfully started.
2025-04-23 04:26:47,956 [main] INFO  server.RaftServer (RaftServerProxy.java:startImpl(407)) - omNode-2: start RPC server
2025-04-23 04:26:47,957 [main] INFO  server.GrpcService (GrpcService.java:startImpl(334)) - omNode-2: GrpcService started, listening on 15013
2025-04-23 04:26:47,958 [main] INFO  om.OzoneManager (OzoneManager.java:start(1802)) - Version File has different layout version (8) than OM DB (null). That is expected if this OM has never been finalized to a newer layout version.
2025-04-23 04:26:47,958 [JvmPauseMonitor3] INFO  util.JvmPauseMonitor (JvmPauseMonitor.java:run(146)) - JvmPauseMonitor-omNode-2: Started
2025-04-23 04:26:47,963 [main] INFO  client.ScmTopologyClient (ScmTopologyClient.java:start(70)) - Initial network topology fetched from SCM: /.
2025-04-23 04:26:47,963 [main] INFO  net.NodeSchemaLoader (NodeSchemaLoader.java:loadSchemaFromFile(127)) - Loading schema from [jar:file:/home/runner/work/ozone/ozone/hadoop-hdds/common/target/hdds-common-2.1.0-SNAPSHOT.jar!/network-topology-default.xml]
2025-04-23 04:26:47,963 [main] INFO  net.NodeSchemaLoader (NodeSchemaLoader.java:loadSchema(174)) - Loading network topology layer schema file
2025-04-23 04:26:47,971 [main] INFO  http.BaseHttpServer (BaseHttpServer.java:newHttpServer2BuilderForOzone(229)) - Starting Web-server for ozoneManager at: http://0.0.0.0:15011
2025-04-23 04:26:47,971 [main] INFO  http.BaseHttpServer (BaseHttpServer.java:<init>(107)) - Hadoop Security Enabled: false Ozone Security Enabled: false Ozone HTTP Security Enabled: false 
2025-04-23 04:26:47,973 [main] WARN  server.AuthenticationFilter (AuthenticationFilter.java:constructSecretProvider(240)) - Unable to initialize FileSignerSecretProvider, falling back to use random secrets. Reason: Could not read signature secret file: /home/runner/hadoop-http-auth-signature-secret
2025-04-23 04:26:47,977 [main] INFO  http.HttpServer2 (HttpServer2.java:addGlobalFilter(1041)) - Added global filter 'safety' (class=org.apache.hadoop.hdds.server.http.HttpServer2$QuotingInputFilter)
2025-04-23 04:26:47,978 [main] INFO  http.HttpServer2 (HttpServer2.java:addFilter(1017)) - Added filter static_user_filter (class=org.apache.hadoop.http.lib.StaticUserWebFilter$StaticUserFilter) to context ozoneManager
2025-04-23 04:26:47,978 [main] INFO  http.HttpServer2 (HttpServer2.java:addFilter(1025)) - Added filter static_user_filter (class=org.apache.hadoop.http.lib.StaticUserWebFilter$StaticUserFilter) to context static
2025-04-23 04:26:47,978 [main] INFO  http.HttpServer2 (HttpServer2.java:addFilter(1025)) - Added filter static_user_filter (class=org.apache.hadoop.http.lib.StaticUserWebFilter$StaticUserFilter) to context logs
2025-04-23 04:26:47,979 [main] INFO  http.BaseHttpServer (BaseHttpServer.java:<init>(195)) - HTTP server of ozoneManager uses base directory /home/runner/work/ozone/ozone/hadoop-ozone/integration-test/target/test-dir/MiniOzoneClusterImpl-ff59c164-3798-4a7f-a16d-eeed9ffb3244/omNode-2/webserver
2025-04-23 04:26:47,979 [main] INFO  http.HttpServer2 (HttpServer2.java:bindListener(1241)) - Jetty bound to port 15011
2025-04-23 04:26:47,980 [main] INFO  server.Server (Server.java:doStart(375)) - jetty-9.4.57.v20241219; built: 2025-01-08T21:24:30.412Z; git: df524e6b29271c2e09ba9aea83c18dc9db464a31; jvm 21.0.7+6-LTS
2025-04-23 04:26:47,982 [main] INFO  server.session (DefaultSessionIdManager.java:doStart(334)) - DefaultSessionIdManager workerName=node0
2025-04-23 04:26:47,982 [main] INFO  server.session (DefaultSessionIdManager.java:doStart(339)) - No SessionScavenger set, using defaults
2025-04-23 04:26:47,982 [main] INFO  server.session (HouseKeeper.java:startScavenging(132)) - node0 Scavenging every 660000ms
2025-04-23 04:26:47,983 [main] INFO  handler.ContextHandler (ContextHandler.java:doStart(921)) - Started o.e.j.s.ServletContextHandler@4f1bfab4{logs,/logs,file:///home/runner/work/ozone/ozone/hadoop-ozone/integration-test/target/log,AVAILABLE}
2025-04-23 04:26:47,983 [main] INFO  handler.ContextHandler (ContextHandler.java:doStart(921)) - Started o.e.j.s.ServletContextHandler@56d96ef4{static,/static,file:///home/runner/work/ozone/ozone/hadoop-ozone/integration-test/target/test-classes/webapps/static,AVAILABLE}
2025-04-23 04:26:47,989 [main] INFO  handler.ContextHandler (ContextHandler.java:doStart(921)) - Started o.e.j.w.WebAppContext@9a31da0{ozoneManager,/,file:///home/runner/work/ozone/ozone/hadoop-ozone/integration-test/target/test-classes/webapps/ozoneManager/,AVAILABLE}{file:/home/runner/work/ozone/ozone/hadoop-ozone/integration-test/target/test-classes/webapps/ozoneManager}
2025-04-23 04:26:47,990 [main] INFO  server.AbstractConnector (AbstractConnector.java:doStart(333)) - Started ServerConnector@2f9153a3{HTTP/1.1, (http/1.1)}{0.0.0.0:15011}
2025-04-23 04:26:47,990 [main] INFO  server.Server (Server.java:doStart(415)) - Started @11409ms
2025-04-23 04:26:47,990 [main] WARN  impl.MetricsSystemImpl (MetricsSystemImpl.java:register(279)) - Sink prometheus already exists!
2025-04-23 04:26:47,991 [main] INFO  http.BaseHttpServer (BaseHttpServer.java:updateConnectorAddress(360)) - HTTP server of ozoneManager listening at http://0.0.0.0:15011
2025-04-23 04:26:47,991 [IPC Server Responder] INFO  ipc.Server (Server.java:run(1713)) - IPC Server Responder: starting
2025-04-23 04:26:47,991 [IPC Server listener on 15010] INFO  ipc.Server (Server.java:run(1553)) - IPC Server listener on 15010: starting
2025-04-23 04:26:47,994 [main] INFO  om.OzoneManager (OzoneManager.java:startTrashEmptier(2257)) - Trash Interval set to 0. Files deleted won't move to trash
2025-04-23 04:26:47,994 [main] INFO  ozone.MiniOzoneHAClusterImpl (MiniOzoneHAClusterImpl.java:createOMService(516)) - Started OzoneManager omNode-2 RPC server at localhost/127.0.0.1:15010
2025-04-23 04:26:47,995 [main] INFO  ha.OMHANodeDetails (OMHANodeDetails.java:loadOMHAConfig(120)) - ServiceID for OzoneManager is om-service-test1
2025-04-23 04:26:47,996 [main] INFO  ha.OMHANodeDetails (OMHANodeDetails.java:loadOMHAConfig(200)) - Found matching OM address with OMServiceId: om-service-test1, OMNodeId: omNode-3, RPC Address: localhost:15014 and Ratis port: 15017
2025-04-23 04:26:47,996 [main] INFO  ha.OMHANodeDetails (ConfUtils.java:setNodeSpecificConfigs(98)) - Setting configuration key ozone.om.http-address with value of key ozone.om.http-address.om-service-test1.omNode-3: 127.0.0.1:15015
2025-04-23 04:26:47,996 [main] INFO  ha.OMHANodeDetails (ConfUtils.java:setNodeSpecificConfigs(98)) - Setting configuration key ozone.om.https-address with value of key ozone.om.https-address.om-service-test1.omNode-3: 127.0.0.1:15016
2025-04-23 04:26:47,997 [main] INFO  ha.OMHANodeDetails (ConfUtils.java:setNodeSpecificConfigs(98)) - Setting configuration key ozone.om.address with value of key ozone.om.address.om-service-test1.omNode-3: 127.0.0.1:15014
2025-04-23 04:26:47,997 [main] WARN  server.ServerUtils (ServerUtils.java:getDBPath(297)) - ozone.om.db.dirs is not configured. We recommend adding this setting. Falling back to ozone.metadata.dirs instead.
2025-04-23 04:26:47,999 [main] INFO  proxy.SCMBlockLocationFailoverProxyProvider (SCMFailoverProxyProviderBase.java:<init>(120)) - Created fail-over proxy for protocol ScmBlockLocationProtocolPB with 1 nodes: [nodeId=scmNodeId,nodeAddress=/0.0.0.0:15001]
OM initialization succeeded.Current cluster id for sd=/home/runner/work/ozone/ozone/hadoop-ozone/integration-test/target/test-dir/MiniOzoneClusterImpl-ff59c164-3798-4a7f-a16d-eeed9ffb3244/omNode-3/om;cid=ff59c164-3798-4a7f-a16d-eeed9ffb3244;layoutVersion=8
2025-04-23 04:26:48,005 [main] INFO  ha.OMHANodeDetails (OMHANodeDetails.java:loadOMHAConfig(120)) - ServiceID for OzoneManager is om-service-test1
2025-04-23 04:26:48,005 [main] INFO  ha.OMHANodeDetails (OMHANodeDetails.java:loadOMHAConfig(200)) - Found matching OM address with OMServiceId: om-service-test1, OMNodeId: omNode-3, RPC Address: localhost:15014 and Ratis port: 15017
2025-04-23 04:26:48,006 [main] INFO  ha.OMHANodeDetails (ConfUtils.java:setNodeSpecificConfigs(98)) - Setting configuration key ozone.om.http-address with value of key ozone.om.http-address.om-service-test1.omNode-3: 127.0.0.1:15015
2025-04-23 04:26:48,006 [main] INFO  ha.OMHANodeDetails (ConfUtils.java:setNodeSpecificConfigs(98)) - Setting configuration key ozone.om.https-address with value of key ozone.om.https-address.om-service-test1.omNode-3: 127.0.0.1:15016
2025-04-23 04:26:48,006 [main] INFO  ha.OMHANodeDetails (ConfUtils.java:setNodeSpecificConfigs(98)) - Setting configuration key ozone.om.address with value of key ozone.om.address.om-service-test1.omNode-3: 127.0.0.1:15014
2025-04-23 04:26:48,006 [main] WARN  server.ServerUtils (ServerUtils.java:getDBPath(297)) - ozone.om.db.dirs is not configured. We recommend adding this setting. Falling back to ozone.metadata.dirs instead.
2025-04-23 04:26:48,008 [main] INFO  upgrade.AbstractLayoutVersionManager (AbstractLayoutVersionManager.java:init(80)) - Initializing Layout version manager with metadata layout = DELEGATION_TOKEN_SYMMETRIC_SIGN (version = 8), software layout = DELEGATION_TOKEN_SYMMETRIC_SIGN (version = 8)
2025-04-23 04:26:48,068 [main] INFO  reflections.Reflections (Reflections.java:scan(219)) - Reflections took 59 ms to scan 2 urls, producing 203 keys and 603 values
2025-04-23 04:26:48,069 [main] INFO  upgrade.OMLayoutVersionManager (OMLayoutVersionManager.java:lambda$0(110)) - Skipping Upgrade Action QuotaRepairUpgradeAction since it has been finalized.
2025-04-23 04:26:48,069 [main] INFO  upgrade.OMLayoutVersionManager (OMLayoutVersionManager.java:lambda$0(110)) - Skipping Upgrade Action MockOmUpgradeAction since it has been finalized.
2025-04-23 04:26:48,069 [main] WARN  server.ServerUtils (ServerUtils.java:getDBPath(297)) - ozone.om.db.dirs is not configured. We recommend adding this setting. Falling back to ozone.metadata.dirs instead.
2025-04-23 04:26:48,069 [main] INFO  om.OzoneManager (OzoneManager.java:setReplicationFromConfig(4612)) - Set default replication in OM: RATIS/3 -> RATIS/THREE
2025-04-23 04:26:48,070 [main] INFO  proxy.SCMContainerLocationFailoverProxyProvider (SCMFailoverProxyProviderBase.java:<init>(120)) - Created fail-over proxy for protocol StorageContainerLocationProtocolPB with 1 nodes: [nodeId=scmNodeId,nodeAddress=/0.0.0.0:15000]
2025-04-23 04:26:48,070 [main] INFO  proxy.SCMBlockLocationFailoverProxyProvider (SCMFailoverProxyProviderBase.java:<init>(120)) - Created fail-over proxy for protocol ScmBlockLocationProtocolPB with 1 nodes: [nodeId=scmNodeId,nodeAddress=/0.0.0.0:15001]
2025-04-23 04:26:48,073 [main] INFO  proxy.SCMBlockLocationFailoverProxyProvider (SCMFailoverProxyProviderBase.java:<init>(120)) - Created fail-over proxy for protocol ScmBlockLocationProtocolPB with 1 nodes: [nodeId=scmNodeId,nodeAddress=/0.0.0.0:15001]
2025-04-23 04:26:48,079 [main] INFO  om.OzoneManager (OzoneManager.java:<init>(689)) - OM start with adminUsers: [*, runner]
2025-04-23 04:26:48,080 [main] WARN  server.ServerUtils (ServerUtils.java:getDBPath(297)) - ozone.om.db.dirs is not configured. We recommend adding this setting. Falling back to ozone.metadata.dirs instead.
2025-04-23 04:26:48,111 [omNode-1@group-523986131536-FollowerState] INFO  impl.FollowerState (FollowerState.java:runImpl(161)) - omNode-1@group-523986131536-FollowerState: change to CANDIDATE, lastRpcElapsedTime:1021201233ns, electionTimeout:1020ms
2025-04-23 04:26:48,111 [omNode-1@group-523986131536-FollowerState] INFO  impl.RoleInfo (RoleInfo.java:shutdownFollowerState(121)) - omNode-1: shutdown omNode-1@group-523986131536-FollowerState
2025-04-23 04:26:48,111 [omNode-1@group-523986131536-FollowerState] INFO  server.RaftServer$Division (RaftServerImpl.java:setRole(378)) - omNode-1@group-523986131536: changes role from  FOLLOWER to CANDIDATE at term 0 for changeToCandidate
2025-04-23 04:26:48,111 [omNode-1@group-523986131536-FollowerState] INFO  server.RaftServerConfigKeys (ConfUtils.java:logGet(46)) - raft.server.leaderelection.pre-vote = true (default)
2025-04-23 04:26:48,112 [omNode-1@group-523986131536-FollowerState] INFO  impl.RoleInfo (RoleInfo.java:updateAndGet(148)) - omNode-1: start omNode-1@group-523986131536-LeaderElection3
2025-04-23 04:26:48,112 [omNode-1@group-523986131536-LeaderElection3] INFO  impl.LeaderElection (LeaderElection.java:askForVotes(332)) - omNode-1@group-523986131536-LeaderElection3 PRE_VOTE round 0: submit vote requests at term 0 for conf: {index: -1, cur=peers:[omNode-3|localhost:15017, omNode-1|localhost:15009, omNode-2|localhost:15013]|listeners:[], old=null}
2025-04-23 04:26:48,127 [omNode-1@group-523986131536-LeaderElection3] INFO  server.RaftServerConfigKeys (ConfUtils.java:logFallback(53)) - raft.server.rpc.first-election.timeout.min = 1s (fallback to raft.server.rpc.timeout.min)
2025-04-23 04:26:48,127 [omNode-1@group-523986131536-LeaderElection3] INFO  server.RaftServerConfigKeys (ConfUtils.java:logFallback(53)) - raft.server.rpc.first-election.timeout.max = 1200ms (fallback to raft.server.rpc.timeout.max)
2025-04-23 04:26:48,128 [omNode-1@group-523986131536-LeaderElection3-1] INFO  server.GrpcServerProtocolClient (GrpcServerProtocolClient.java:<init>(65)) - Build channel for omNode-3|localhost:15017
2025-04-23 04:26:48,128 [omNode-1@group-523986131536-LeaderElection3-2] INFO  server.GrpcServerProtocolClient (GrpcServerProtocolClient.java:<init>(65)) - Build channel for omNode-2|localhost:15013
2025-04-23 04:26:48,278 [omNode-1@group-523986131536-LeaderElection3] INFO  impl.LeaderElection (LogUtils.java:infoOrTrace(136)) - omNode-1@group-523986131536-LeaderElection3 got exception when requesting votes: java.util.concurrent.ExecutionException: org.apache.ratis.thirdparty.io.grpc.StatusRuntimeException: UNAVAILABLE: io exception
2025-04-23 04:26:48,318 [main] INFO  om.OzoneManager (OzoneManager.java:instantiateServices(933)) - S3 Multi-Tenancy is disabled
2025-04-23 04:26:48,319 [main] INFO  om.OmSnapshotManager (OmSnapshotManager.java:<init>(180)) - Ozone filesystem snapshot feature is enabled.
2025-04-23 04:26:48,319 [main] WARN  server.ServerUtils (ServerUtils.java:getDBPath(297)) - ozone.om.snapshot.diff.db.dir is not configured. We recommend adding this setting. Falling back to ozone.metadata.dirs instead.
2025-04-23 04:26:48,332 [grpc-default-executor-1] INFO  server.RaftServer$Division (RaftServerImpl.java:requestVote(1407)) - omNode-2@group-523986131536: receive requestVote(PRE_VOTE, omNode-1, group-523986131536, 0, (t:0, i:~))
2025-04-23 04:26:48,333 [grpc-default-executor-1] INFO  impl.VoteContext (VoteContext.java:log(49)) - omNode-2@group-523986131536-FOLLOWER: accept PRE_VOTE from omNode-1: our priority 0 <= candidate's priority 0
2025-04-23 04:26:48,339 [grpc-default-executor-1] INFO  server.RaftServer$Division (RaftServerImpl.java:requestVote(1441)) - omNode-2@group-523986131536 replies to PRE_VOTE vote request: omNode-1<-omNode-2#0:OK-t0. Peer's state: omNode-2@group-523986131536:t0, leader=null, voted=, raftlog=Memoized:omNode-2@group-523986131536-SegmentedRaftLog:OPENED:c-1:lastnull, conf=conf: {index: -1, cur=peers:[omNode-3|localhost:15017, omNode-1|localhost:15009, omNode-2|localhost:15013]|listeners:[], old=null}
2025-04-23 04:26:48,344 [omNode-1@group-523986131536-LeaderElection3] INFO  impl.LeaderElection (LeaderElection.java:logAndReturn(90)) - omNode-1@group-523986131536-LeaderElection3: PRE_VOTE PASSED received 1 response(s) and 1 exception(s):
2025-04-23 04:26:48,344 [omNode-1@group-523986131536-LeaderElection3] INFO  impl.LeaderElection (LeaderElection.java:logAndReturn(94)) -   Response 0: omNode-1<-omNode-2#0:OK-t0
2025-04-23 04:26:48,344 [omNode-1@group-523986131536-LeaderElection3] INFO  impl.LeaderElection (LogUtils.java:infoOrTrace(136)) -   Exception 1: java.util.concurrent.ExecutionException: org.apache.ratis.thirdparty.io.grpc.StatusRuntimeException: UNAVAILABLE: io exception
2025-04-23 04:26:48,345 [omNode-1@group-523986131536-LeaderElection3] INFO  impl.LeaderElection (LeaderElection.java:askForVotes(334)) - omNode-1@group-523986131536-LeaderElection3 PRE_VOTE round 0: result PASSED
2025-04-23 04:26:48,346 [omNode-1@group-523986131536-LeaderElection3] INFO  impl.LeaderElection (LeaderElection.java:askForVotes(332)) - omNode-1@group-523986131536-LeaderElection3 ELECTION round 0: submit vote requests at term 1 for conf: {index: -1, cur=peers:[omNode-3|localhost:15017, omNode-1|localhost:15009, omNode-2|localhost:15013]|listeners:[], old=null}
2025-04-23 04:26:48,347 [omNode-1@group-523986131536-LeaderElection3] INFO  server.RaftServerConfigKeys (ConfUtils.java:logFallback(53)) - raft.server.rpc.first-election.timeout.min = 1s (fallback to raft.server.rpc.timeout.min)
2025-04-23 04:26:48,347 [omNode-1@group-523986131536-LeaderElection3] INFO  server.RaftServerConfigKeys (ConfUtils.java:logFallback(53)) - raft.server.rpc.first-election.timeout.max = 1200ms (fallback to raft.server.rpc.timeout.max)
2025-04-23 04:26:48,347 [omNode-1@group-523986131536-LeaderElection3] INFO  impl.LeaderElection (LogUtils.java:infoOrTrace(136)) - omNode-1@group-523986131536-LeaderElection3 got exception when requesting votes: java.util.concurrent.ExecutionException: org.apache.ratis.thirdparty.io.grpc.StatusRuntimeException: UNAVAILABLE: io exception
2025-04-23 04:26:48,348 [main] INFO  om.OzoneManager (OzoneManager.java:addS3GVolumeToDB(4670)) - Created Volume s3v With Owner runner required for S3Gateway operations.
2025-04-23 04:26:48,349 [main] WARN  server.ServerUtils (ServerUtils.java:getDefaultRatisDirectory(309)) - Storage directory for Ratis is not configured. It is a good idea to map this to an SSD disk. Falling back to ozone.metadata.dirs
2025-04-23 04:26:48,349 [main] WARN  utils.OzoneManagerRatisUtils (OzoneManagerRatisUtils.java:getOMRatisSnapshotDirectory(488)) - ozone.om.ratis.snapshot.dir is not configured. Falling back to ozone.metadata.dirs config
2025-04-23 04:26:48,349 [main] INFO  utils.RDBSnapshotProvider (RDBSnapshotProvider.java:init(85)) - Cleaning up the candidate dir: /home/runner/work/ozone/ozone/hadoop-ozone/integration-test/target/test-dir/MiniOzoneClusterImpl-ff59c164-3798-4a7f-a16d-eeed9ffb3244/omNode-3/snapshot/om.db.candidate
2025-04-23 04:26:48,350 [main] INFO  ratis_snapshot.OmRatisSnapshotProvider (OmRatisSnapshotProvider.java:<init>(98)) - Initializing OM Snapshot Provider
2025-04-23 04:26:48,351 [grpc-default-executor-1] INFO  server.RaftServer$Division (RaftServerImpl.java:requestVote(1407)) - omNode-2@group-523986131536: receive requestVote(ELECTION, omNode-1, group-523986131536, 1, (t:0, i:~))
2025-04-23 04:26:48,351 [grpc-default-executor-1] INFO  impl.VoteContext (VoteContext.java:log(49)) - omNode-2@group-523986131536-FOLLOWER: accept ELECTION from omNode-1: our priority 0 <= candidate's priority 0
2025-04-23 04:26:48,351 [grpc-default-executor-1] INFO  server.RaftServer$Division (RaftServerImpl.java:setRole(378)) - omNode-2@group-523986131536: changes role from  FOLLOWER to FOLLOWER at term 0 for candidate:omNode-1
2025-04-23 04:26:48,351 [grpc-default-executor-1] INFO  impl.RoleInfo (RoleInfo.java:shutdownFollowerState(121)) - omNode-2: shutdown omNode-2@group-523986131536-FollowerState
2025-04-23 04:26:48,351 [omNode-2@group-523986131536-FollowerState] INFO  impl.FollowerState (FollowerState.java:runImpl(170)) - omNode-2@group-523986131536-FollowerState was interrupted
2025-04-23 04:26:48,351 [main] WARN  dropwizard3.Dm3MetricRegistriesImpl (Dm3MetricRegistriesImpl.java:addReporterRegistration(114)) - New reporters are added after registries were created. Some metrics will be missing from the reporter. Please add reporter before adding any new registry.
2025-04-23 04:26:48,351 [main] WARN  dropwizard3.Dm3MetricRegistriesImpl (Dm3MetricRegistriesImpl.java:addReporterRegistration(114)) - New reporters are added after registries were created. Some metrics will be missing from the reporter. Please add reporter before adding any new registry.
2025-04-23 04:26:48,352 [main] WARN  server.ServerUtils (ServerUtils.java:getDefaultRatisDirectory(309)) - Storage directory for Ratis is not configured. It is a good idea to map this to an SSD disk. Falling back to ozone.metadata.dirs
2025-04-23 04:26:48,352 [main] INFO  server.RaftServerConfigKeys (ConfUtils.java:logGet(46)) - raft.server.log.appender.buffer.byte-limit = 4194304 (custom)
2025-04-23 04:26:48,351 [grpc-default-executor-1] INFO  impl.RoleInfo (RoleInfo.java:updateAndGet(148)) - omNode-2: start omNode-2@group-523986131536-FollowerState
2025-04-23 04:26:48,354 [main] INFO  ratis.OzoneManagerRatisServer (OzoneManagerRatisServer.java:<init>(167)) - Instantiating OM Ratis server with groupID: om-service-test1 and peers: localhost:15017, localhost:15009, localhost:15013
2025-04-23 04:26:48,354 [grpc-default-executor-1] INFO  server.RaftServer$Division (RaftServerImpl.java:setFirstElection(562)) - omNode-2@group-523986131536: set firstElectionSinceStartup to false for candidate:omNode-1
2025-04-23 04:26:48,355 [main] INFO  ratis.OzoneManagerStateMachine (OzoneManagerStateMachine.java:loadSnapshotInfoFromDB(613)) - TransactionInfo not found in OM DB.
2025-04-23 04:26:48,356 [main] INFO  server.RaftServer (ConfUtils.java:logGet(46)) - raft.rpc.type = GRPC (default)
2025-04-23 04:26:48,356 [main] INFO  grpc.GrpcConfigKeys (ConfUtils.java:logFallback(53)) - raft.grpc.admin.host = null (fallback to raft.grpc.server.host)
2025-04-23 04:26:48,357 [main] INFO  grpc.GrpcConfigKeys (ConfUtils.java:logFallback(53)) - raft.grpc.admin.port = 15017 (fallback to raft.grpc.server.port)
2025-04-23 04:26:48,357 [main] INFO  grpc.GrpcConfigKeys (ConfUtils.java:logFallback(53)) - raft.grpc.client.host = null (fallback to raft.grpc.server.host)
2025-04-23 04:26:48,357 [main] INFO  grpc.GrpcConfigKeys (ConfUtils.java:logFallback(53)) - raft.grpc.client.port = 15017 (fallback to raft.grpc.server.port)
2025-04-23 04:26:48,357 [main] INFO  grpc.GrpcConfigKeys (ConfUtils.java:logGet(46)) - raft.grpc.server.host = null (default)
2025-04-23 04:26:48,357 [main] INFO  grpc.GrpcConfigKeys (ConfUtils.java:logGet(46)) - raft.grpc.server.port = 15017 (custom)
2025-04-23 04:26:48,357 [main] INFO  server.GrpcService (ConfUtils.java:logGet(46)) - raft.grpc.message.size.max = 5242880 (custom)
2025-04-23 04:26:48,357 [main] INFO  server.GrpcService (ConfUtils.java:logGet(46)) - raft.grpc.flow.control.window = 1MB (=1048576) (default)
2025-04-23 04:26:48,357 [main] INFO  server.RaftServerConfigKeys (ConfUtils.java:logGet(46)) - raft.server.rpc.request.timeout = 3000ms (default)
2025-04-23 04:26:48,358 [main] INFO  grpc.GrpcConfigKeys (ConfUtils.java:logGet(46)) - raft.grpc.server.heartbeat.channel = true (default)
2025-04-23 04:26:48,358 [main] INFO  server.RaftServerConfigKeys (ConfUtils.java:logGet(46)) - raft.server.log.appender.buffer.byte-limit = 4194304 (custom)
2025-04-23 04:26:48,358 [main] INFO  grpc.GrpcConfigKeys (ConfUtils.java:logGet(46)) - raft.grpc.server.async.request.thread.pool.cached = true (default)
2025-04-23 04:26:48,358 [main] INFO  grpc.GrpcConfigKeys (ConfUtils.java:logGet(46)) - raft.grpc.server.async.request.thread.pool.size = 32 (default)
2025-04-23 04:26:48,359 [main] INFO  impl.DataStreamServerImpl (ConfUtils.java:logGet(46)) - raft.datastream.type = DISABLED (default)
2025-04-23 04:26:48,359 [main] INFO  server.RaftServerConfigKeys (ConfUtils.java:logGet(46)) - raft.server.sleep.deviation.threshold = 300ms (default)
2025-04-23 04:26:48,359 [main] INFO  server.RaftServerConfigKeys (ConfUtils.java:logGet(46)) - raft.server.close.threshold = 60s (default)
2025-04-23 04:26:48,359 [main] INFO  server.RaftServerConfigKeys (ConfUtils.java:logGet(46)) - raft.server.leaderelection.leader.step-down.wait-time = 10s (default)
2025-04-23 04:26:48,360 [main] INFO  server.RaftServerConfigKeys (ConfUtils.java:logGet(46)) - raft.server.storage.dir = [/home/runner/work/ozone/ozone/hadoop-ozone/integration-test/target/test-dir/MiniOzoneClusterImpl-ff59c164-3798-4a7f-a16d-eeed9ffb3244/omNode-3/ratis] (custom)
2025-04-23 04:26:48,360 [main] INFO  server.RaftServerConfigKeys (ConfUtils.java:logGet(46)) - raft.server.threadpool.proxy.cached = true (default)
2025-04-23 04:26:48,360 [main] INFO  server.RaftServerConfigKeys (ConfUtils.java:logGet(46)) - raft.server.threadpool.proxy.size = 0 (default)
2025-04-23 04:26:48,361 [grpc-default-executor-1] INFO  server.RaftServer$Division (RaftServerImpl.java:requestVote(1441)) - omNode-2@group-523986131536 replies to ELECTION vote request: omNode-1<-omNode-2#0:OK-t1. Peer's state: omNode-2@group-523986131536:t1, leader=null, voted=omNode-1, raftlog=Memoized:omNode-2@group-523986131536-SegmentedRaftLog:OPENED:c-1:lastnull, conf=conf: {index: -1, cur=peers:[omNode-3|localhost:15017, omNode-1|localhost:15009, omNode-2|localhost:15013]|listeners:[], old=null}
2025-04-23 04:26:48,363 [main] INFO  server.RaftServer (RaftServerProxy.java:addNew(100)) - omNode-3: addNew group-523986131536:[omNode-3|localhost:15017, omNode-1|localhost:15009, omNode-2|localhost:15013] returns group-523986131536:java.util.concurrent.CompletableFuture@4bc1a53c[Not completed]
2025-04-23 04:26:48,363 [main] INFO  om.OzoneManager (OzoneManager.java:initializeRatisServer(2303)) - OzoneManager Ratis server initialized at port 15017
2025-04-23 04:26:48,363 [main] INFO  om.OzoneManager (OzoneManager.java:getRpcServer(1360)) - Creating RPC Server
2025-04-23 04:26:48,363 [omNode-3-groupManagement] INFO  server.RaftServer$Division (RaftServerImpl.java:<init>(255)) - omNode-3: new RaftServerImpl for group-523986131536:[omNode-3|localhost:15017, omNode-1|localhost:15009, omNode-2|localhost:15013] with OzoneManagerStateMachine:uninitialized
2025-04-23 04:26:48,363 [omNode-3-groupManagement] INFO  server.RaftServerConfigKeys (ConfUtils.java:logGet(46)) - raft.server.rpc.timeout.min = 1s (custom)
2025-04-23 04:26:48,363 [omNode-3-groupManagement] INFO  server.RaftServerConfigKeys (ConfUtils.java:logGet(46)) - raft.server.rpc.timeout.max = 1200ms (custom)
2025-04-23 04:26:48,364 [omNode-3-groupManagement] INFO  server.RaftServerConfigKeys (ConfUtils.java:logGet(46)) - raft.server.rpc.sleep.time = 25ms (default)
2025-04-23 04:26:48,364 [omNode-3-groupManagement] INFO  server.RaftServerConfigKeys (ConfUtils.java:logGet(46)) - raft.server.rpc.slowness.timeout = 2s (custom)
2025-04-23 04:26:48,364 [omNode-3-groupManagement] INFO  server.RaftServerConfigKeys (ConfUtils.java:logGet(46)) - raft.server.leaderelection.leader.step-down.wait-time = 10s (default)
2025-04-23 04:26:48,364 [omNode-3-groupManagement] INFO  server.RaftServerConfigKeys (ConfUtils.java:logGet(46)) - raft.server.leaderelection.member.majority-add = false (default)
2025-04-23 04:26:48,364 [omNode-3-groupManagement] INFO  server.RaftServerConfigKeys (ConfUtils.java:logGet(46)) - raft.server.sleep.deviation.threshold = 300ms (default)
2025-04-23 04:26:48,364 [omNode-3-groupManagement] INFO  server.RaftServer$Division (ServerState.java:<init>(114)) - omNode-3@group-523986131536: ConfigurationManager, init=conf: {index: -1, cur=peers:[omNode-3|localhost:15017, omNode-1|localhost:15009, omNode-2|localhost:15013]|listeners:[], old=null}, confs=<EMPTY_MAP>
2025-04-23 04:26:48,364 [omNode-3-groupManagement] INFO  server.RaftServerConfigKeys (ConfUtils.java:logGet(46)) - raft.server.notification.no-leader.timeout = 2s (custom)
2025-04-23 04:26:48,364 [omNode-3-groupManagement] INFO  server.RaftServerConfigKeys (ConfUtils.java:logGet(46)) - raft.server.read.timeout = 10s (default)
2025-04-23 04:26:48,364 [omNode-3-groupManagement] INFO  server.RaftServerConfigKeys (ConfUtils.java:logGet(46)) - raft.server.retrycache.expirytime = 30000ms (custom)
2025-04-23 04:26:48,363 [omNode-1@group-523986131536-LeaderElection3] INFO  impl.LeaderElection (LeaderElection.java:logAndReturn(90)) - omNode-1@group-523986131536-LeaderElection3: ELECTION PASSED received 1 response(s) and 1 exception(s):
2025-04-23 04:26:48,366 [omNode-1@group-523986131536-LeaderElection3] INFO  impl.LeaderElection (LeaderElection.java:logAndReturn(94)) -   Response 0: omNode-1<-omNode-2#0:OK-t1
2025-04-23 04:26:48,366 [omNode-1@group-523986131536-LeaderElection3] INFO  impl.LeaderElection (LogUtils.java:infoOrTrace(136)) -   Exception 1: java.util.concurrent.ExecutionException: org.apache.ratis.thirdparty.io.grpc.StatusRuntimeException: UNAVAILABLE: io exception
2025-04-23 04:26:48,366 [omNode-1@group-523986131536-LeaderElection3] INFO  impl.LeaderElection (LeaderElection.java:askForVotes(334)) - omNode-1@group-523986131536-LeaderElection3 ELECTION round 0: result PASSED
2025-04-23 04:26:48,366 [omNode-1@group-523986131536-LeaderElection3] INFO  impl.RoleInfo (RoleInfo.java:shutdownLeaderElection(141)) - omNode-1: shutdown omNode-1@group-523986131536-LeaderElection3
2025-04-23 04:26:48,366 [omNode-1@group-523986131536-LeaderElection3] INFO  server.RaftServer$Division (RaftServerImpl.java:setRole(378)) - omNode-1@group-523986131536: changes role from CANDIDATE to LEADER at term 1 for changeToLeader
2025-04-23 04:26:48,366 [omNode-1@group-523986131536-LeaderElection3] INFO  server.RaftServerConfigKeys (ConfUtils.java:logGet(46)) - raft.server.staging.catchup.gap = 1000 (default)
2025-04-23 04:26:48,366 [omNode-3-groupManagement] INFO  server.RaftServerConfigKeys (ConfUtils.java:logGet(46)) - raft.server.retrycache.statistics.expirytime = 100ms (default)
2025-04-23 04:26:48,367 [omNode-3-groupManagement] INFO  server.RaftServerConfigKeys (ConfUtils.java:logGet(46)) - raft.server.read.option = DEFAULT (default)
2025-04-23 04:26:48,367 [omNode-3-groupManagement] INFO  server.RaftServerConfigKeys (ConfUtils.java:logGet(46)) - raft.server.read.read-after-write-consistent.write-index-cache.expiry-time = 60s (default)
2025-04-23 04:26:48,370 [omNode-1@group-523986131536-LeaderElection3] INFO  server.RaftServerConfigKeys (ConfUtils.java:logGet(46)) - raft.server.write.element-limit = 4096 (default)
2025-04-23 04:26:48,370 [omNode-1@group-523986131536-LeaderElection3] INFO  server.RaftServerConfigKeys (ConfUtils.java:logGet(46)) - raft.server.write.byte-limit = 64MB (=67108864) (default)
2025-04-23 04:26:48,370 [omNode-1@group-523986131536-LeaderElection3] INFO  server.RaftServerConfigKeys (ConfUtils.java:logGet(46)) - raft.server.watch.timeout = 10s (default)
2025-04-23 04:26:48,370 [omNode-1@group-523986131536-LeaderElection3] INFO  server.RaftServerConfigKeys (ConfUtils.java:logGet(46)) - raft.server.watch.timeout.denomination = 1s (default)
2025-04-23 04:26:48,370 [omNode-1@group-523986131536-LeaderElection3] INFO  server.RaftServerConfigKeys (ConfUtils.java:logGet(46)) - raft.server.watch.element-limit = 65536 (default)
2025-04-23 04:26:48,371 [omNode-1@group-523986131536-LeaderElection3] INFO  server.RaftServerConfigKeys (ConfUtils.java:logGet(46)) - raft.server.read.leader.lease.enabled = false (default)
2025-04-23 04:26:48,371 [omNode-1@group-523986131536-LeaderElection3] INFO  server.RaftServerConfigKeys (ConfUtils.java:logGet(46)) - raft.server.read.leader.lease.timeout.ratio = 0.9 (default)
2025-04-23 04:26:48,371 [omNode-1@group-523986131536-LeaderElection3] INFO  server.RaftServerConfigKeys (ConfUtils.java:logGet(46)) - raft.server.rpc.timeout.min = 1s (custom)
2025-04-23 04:26:48,371 [omNode-1@group-523986131536-LeaderElection3] INFO  server.RaftServerConfigKeys (ConfUtils.java:logGet(46)) - raft.server.log.log-metadata.enabled = true (default)
2025-04-23 04:26:48,371 [omNode-1@group-523986131536-LeaderElection3] INFO  server.RaftServerConfigKeys (ConfUtils.java:logGet(46)) - raft.server.write.element-limit = 4096 (default)
2025-04-23 04:26:48,371 [omNode-1@group-523986131536-LeaderElection3] INFO  server.RaftServerConfigKeys (ConfUtils.java:logGet(46)) - raft.server.write.follower.gap.ratio.max = -1.0 (default)
2025-04-23 04:26:48,390 [omNode-1@group-523986131536-LeaderElection3] INFO  server.RaftServerConfigKeys (ConfUtils.java:logGet(46)) - raft.server.log.appender.snapshot.chunk.size.max = 16MB (=16777216) (default)
2025-04-23 04:26:48,392 [omNode-1@group-523986131536-LeaderElection3] INFO  server.RaftServerConfigKeys (ConfUtils.java:logGet(46)) - raft.server.log.appender.buffer.byte-limit = 4194304 (custom)
2025-04-23 04:26:48,392 [omNode-3-groupManagement] INFO  server.RaftServerConfigKeys (ConfUtils.java:logGet(46)) - raft.server.rpc.request.timeout = 3000ms (default)
2025-04-23 04:26:48,392 [omNode-1@group-523986131536-LeaderElection3] INFO  server.RaftServerConfigKeys (ConfUtils.java:logGet(46)) - raft.server.log.appender.buffer.element-limit = 1024 (custom)
2025-04-23 04:26:48,398 [omNode-1@group-523986131536-LeaderElection3] INFO  server.RaftServerConfigKeys (ConfUtils.java:logGet(46)) - raft.server.log.appender.wait-time.min = 0ms (custom)
2025-04-23 04:26:48,392 [omNode-3-groupManagement] INFO  server.RaftServerConfigKeys (ConfUtils.java:logGet(46)) - raft.server.log.appender.install.snapshot.enabled = false (custom)
2025-04-23 04:26:48,401 [omNode-3-groupManagement] INFO  server.RaftServerConfigKeys (ConfUtils.java:logGet(46)) - raft.server.threadpool.server.cached = true (default)
2025-04-23 04:26:48,401 [omNode-3-groupManagement] INFO  server.RaftServerConfigKeys (ConfUtils.java:logGet(46)) - raft.server.threadpool.server.size = 0 (default)
2025-04-23 04:26:48,401 [omNode-3-groupManagement] INFO  server.RaftServerConfigKeys (ConfUtils.java:logGet(46)) - raft.server.threadpool.client.cached = true (default)
2025-04-23 04:26:48,401 [omNode-3-groupManagement] INFO  server.RaftServerConfigKeys (ConfUtils.java:logGet(46)) - raft.server.threadpool.client.size = 0 (default)
2025-04-23 04:26:48,403 [omNode-1@group-523986131536-LeaderElection3] INFO  grpc.GrpcConfigKeys (ConfUtils.java:logGet(46)) - raft.grpc.server.leader.outstanding.appends.max = 8 (default)
2025-04-23 04:26:48,403 [omNode-1@group-523986131536-LeaderElection3] INFO  server.RaftServerConfigKeys (ConfUtils.java:logGet(46)) - raft.server.rpc.request.timeout = 3000ms (default)
2025-04-23 04:26:48,403 [omNode-1@group-523986131536-LeaderElection3] INFO  grpc.GrpcConfigKeys (ConfUtils.java:logGet(46)) - raft.grpc.server.install_snapshot.request.element-limit = 8 (default)
2025-04-23 04:26:48,403 [omNode-1@group-523986131536-LeaderElection3] INFO  grpc.GrpcConfigKeys (ConfUtils.java:logGet(46)) - raft.grpc.server.install_snapshot.request.timeout = 3000ms (default)
2025-04-23 04:26:48,403 [omNode-1@group-523986131536-LeaderElection3] INFO  grpc.GrpcConfigKeys (ConfUtils.java:logGet(46)) - raft.grpc.server.log-message.batch.duration = 5s (default)
2025-04-23 04:26:48,403 [omNode-1@group-523986131536-LeaderElection3] INFO  server.RaftServerConfigKeys (ConfUtils.java:logGet(46)) - raft.server.log.appender.install.snapshot.enabled = false (custom)
2025-04-23 04:26:48,404 [omNode-1@group-523986131536-LeaderElection3] INFO  grpc.GrpcConfigKeys (ConfUtils.java:logGet(46)) - raft.grpc.server.heartbeat.channel = true (default)
2025-04-23 04:26:48,417 [omNode-1@group-523986131536-LeaderElection3] INFO  server.RaftServerConfigKeys (ConfUtils.java:logGet(46)) - raft.server.log.appender.snapshot.chunk.size.max = 16MB (=16777216) (default)
2025-04-23 04:26:48,419 [omNode-1@group-523986131536-LeaderElection3] INFO  server.RaftServerConfigKeys (ConfUtils.java:logGet(46)) - raft.server.log.appender.buffer.byte-limit = 4194304 (custom)
2025-04-23 04:26:48,419 [omNode-1@group-523986131536-LeaderElection3] INFO  server.RaftServerConfigKeys (ConfUtils.java:logGet(46)) - raft.server.log.appender.buffer.element-limit = 1024 (custom)
2025-04-23 04:26:48,421 [omNode-1@group-523986131536-LeaderElection3] INFO  server.RaftServerConfigKeys (ConfUtils.java:logGet(46)) - raft.server.log.appender.wait-time.min = 0ms (custom)
2025-04-23 04:26:48,421 [omNode-1@group-523986131536-LeaderElection3] INFO  grpc.GrpcConfigKeys (ConfUtils.java:logGet(46)) - raft.grpc.server.leader.outstanding.appends.max = 8 (default)
2025-04-23 04:26:48,421 [omNode-1@group-523986131536-LeaderElection3] INFO  server.RaftServerConfigKeys (ConfUtils.java:logGet(46)) - raft.server.rpc.request.timeout = 3000ms (default)
2025-04-23 04:26:48,421 [omNode-1@group-523986131536-LeaderElection3] INFO  grpc.GrpcConfigKeys (ConfUtils.java:logGet(46)) - raft.grpc.server.install_snapshot.request.element-limit = 8 (default)
2025-04-23 04:26:48,422 [omNode-1@group-523986131536-LeaderElection3] INFO  grpc.GrpcConfigKeys (ConfUtils.java:logGet(46)) - raft.grpc.server.install_snapshot.request.timeout = 3000ms (default)
2025-04-23 04:26:48,423 [omNode-1@group-523986131536-LeaderElection3] INFO  grpc.GrpcConfigKeys (ConfUtils.java:logGet(46)) - raft.grpc.server.log-message.batch.duration = 5s (default)
2025-04-23 04:26:48,423 [omNode-1@group-523986131536-LeaderElection3] INFO  server.RaftServerConfigKeys (ConfUtils.java:logGet(46)) - raft.server.log.appender.install.snapshot.enabled = false (custom)
2025-04-23 04:26:48,423 [omNode-1@group-523986131536-LeaderElection3] INFO  grpc.GrpcConfigKeys (ConfUtils.java:logGet(46)) - raft.grpc.server.heartbeat.channel = true (default)
2025-04-23 04:26:48,426 [omNode-1@group-523986131536-LeaderElection3] INFO  impl.RoleInfo (RoleInfo.java:updateAndGet(148)) - omNode-1: start omNode-1@group-523986131536-LeaderStateImpl
2025-04-23 04:26:48,428 [omNode-1@group-523986131536-LeaderElection3] INFO  server.RaftServer$Division (RaftServerImpl.java:setFirstElection(562)) - omNode-1@group-523986131536: set firstElectionSinceStartup to false for becomeLeader
2025-04-23 04:26:48,432 [omNode-1@group-523986131536-LeaderElection3] INFO  ratis.OzoneManagerStateMachine (OzoneManagerStateMachine.java:notifyLeaderChanged(169)) - omNode-1@group-523986131536: leader changed to omNode-1
2025-04-23 04:26:48,432 [omNode-1@group-523986131536-LeaderElection3] INFO  server.RaftServer$Division (ServerState.java:setLeader(272)) - omNode-1@group-523986131536: change Leader from null to omNode-1 at term 1 for becomeLeader, leader elected after 2302ms
2025-04-23 04:26:48,433 [omNode-1@group-523986131536-LeaderElection3] INFO  segmented.SegmentedRaftLogWorker (SegmentedRaftLogWorker.java:startLogSegment(438)) - omNode-1@group-523986131536-SegmentedRaftLogWorker: Starting segment from index:0
2025-04-23 04:26:48,434 [omNode-1@group-523986131536-LeaderElection3] INFO  server.RaftServer$Division (ServerState.java:setRaftConf(386)) - omNode-1@group-523986131536: set configuration conf: {index: 0, cur=peers:[omNode-3|localhost:15017, omNode-1|localhost:15009, omNode-2|localhost:15013]|listeners:[], old=null}
2025-04-23 04:26:48,435 [omNode-1@group-523986131536-SegmentedRaftLogWorker] INFO  segmented.BufferedWriteChannel (BufferedWriteChannel.java:open(61)) - open log_inprogress_0 at position 0
2025-04-23 04:26:48,451 [omNode-1@group-523986131536-SegmentedRaftLogWorker] INFO  segmented.SegmentedRaftLogWorker (SegmentedRaftLogWorker.java:execute(644)) - omNode-1@group-523986131536-SegmentedRaftLogWorker: created new log segment /home/runner/work/ozone/ozone/hadoop-ozone/integration-test/target/test-dir/MiniOzoneClusterImpl-ff59c164-3798-4a7f-a16d-eeed9ffb3244/omNode-1/ratis/c9bc4cf4-3bc3-3c60-a66b-523986131536/current/log_inprogress_0
2025-04-23 04:26:48,455 [grpc-default-executor-1] WARN  server.GrpcLogAppender (LogUtils.java:warn(121)) - omNode-1@group-523986131536->omNode-3-AppendLogResponseHandler: Failed appendEntries: org.apache.ratis.thirdparty.io.grpc.StatusRuntimeException: UNAVAILABLE: io exception
2025-04-23 04:26:48,470 [grpc-default-executor-1] WARN  server.GrpcLogAppender (GrpcLogAppender.java:lambda$resetClient$1(221)) - omNode-1@group-523986131536->omNode-3-GrpcLogAppender: Follower failed (request=null, errorCount=1); keep nextIndex (0) unchanged and retry.
2025-04-23 04:26:48,482 [grpc-default-executor-2] WARN  server.GrpcLogAppender (GrpcLogAppender.java:lambda$resetClient$1(221)) - omNode-1@group-523986131536->omNode-3-GrpcLogAppender: Follower failed (request=null, errorCount=3); keep nextIndex (1) unchanged and retry.
2025-04-23 04:26:48,487 [omNode-2-server-thread2] INFO  ratis.OzoneManagerStateMachine (OzoneManagerStateMachine.java:notifyLeaderChanged(169)) - omNode-2@group-523986131536: leader changed to omNode-1
2025-04-23 04:26:48,487 [omNode-2-server-thread2] INFO  server.RaftServer$Division (ServerState.java:setLeader(272)) - omNode-2@group-523986131536: change Leader from null to omNode-1 at term 1 for appendEntries, leader elected after 1043ms
2025-04-23 04:26:48,488 [omNode-2-server-thread2] INFO  server.RaftServer$Division (ServerState.java:setRaftConf(386)) - omNode-2@group-523986131536: set configuration conf: {index: 0, cur=peers:[omNode-3|localhost:15017, omNode-1|localhost:15009, omNode-2|localhost:15013]|listeners:[], old=null}
2025-04-23 04:26:48,491 [omNode-2-server-thread2] INFO  segmented.SegmentedRaftLogWorker (SegmentedRaftLogWorker.java:startLogSegment(438)) - omNode-2@group-523986131536-SegmentedRaftLogWorker: Starting segment from index:0
2025-04-23 04:26:48,493 [omNode-2@group-523986131536-SegmentedRaftLogWorker] INFO  segmented.BufferedWriteChannel (BufferedWriteChannel.java:open(61)) - open log_inprogress_0 at position 0
2025-04-23 04:26:48,514 [omNode-2@group-523986131536-SegmentedRaftLogWorker] INFO  segmented.SegmentedRaftLogWorker (SegmentedRaftLogWorker.java:execute(644)) - omNode-2@group-523986131536-SegmentedRaftLogWorker: created new log segment /home/runner/work/ozone/ozone/hadoop-ozone/integration-test/target/test-dir/MiniOzoneClusterImpl-ff59c164-3798-4a7f-a16d-eeed9ffb3244/omNode-2/ratis/c9bc4cf4-3bc3-3c60-a66b-523986131536/current/log_inprogress_0
2025-04-23 04:26:48,524 [omNode-1@group-523986131536-StateMachineUpdater] INFO  ratis.OzoneManagerStateMachine (OzoneManagerStateMachine.java:notifyConfigurationChanged(231)) - notifyConfigurationChanged from Ratis: term=1, index=0, New Peer list: omNode-3(localhost:15017), omNode-1(localhost:15009), omNode-2(localhost:15013)
2025-04-23 04:26:48,524 [omNode-1@group-523986131536-StateMachineUpdater] INFO  server.RaftServer$Division (LeaderStateImpl.java:checkStartIndex(313)) - Leader omNode-1@group-523986131536-LeaderStateImpl is ready since appliedIndex == startIndex == 0
2025-04-23 04:26:48,898 [main] INFO  reflections.Reflections (Reflections.java:scan(219)) - Reflections took 534 ms to scan 22 urls, producing 61 keys and 7422 values
2025-04-23 04:26:48,900 [main] INFO  ipc.CallQueueManager (CallQueueManager.java:<init>(93)) - Using callQueue: class java.util.concurrent.LinkedBlockingQueue, queueCapacity: 2000, scheduler: class org.apache.hadoop.ipc.DefaultRpcScheduler, ipcBackoff: false, ipcFailOver: false.
2025-04-23 04:26:48,900 [main] INFO  ipc.Server (Server.java:<init>(1438)) - Listener at 127.0.0.1:15014
2025-04-23 04:26:48,901 [Socket Reader #1 for port 15014] INFO  ipc.Server (Server.java:run(1474)) - Starting Socket Reader #1 for port 15014
2025-04-23 04:26:48,901 [Socket Reader #2 for port 15014] INFO  ipc.Server (Server.java:run(1474)) - Starting Socket Reader #2 for port 15014
2025-04-23 04:26:48,901 [Socket Reader #3 for port 15014] INFO  ipc.Server (Server.java:run(1474)) - Starting Socket Reader #3 for port 15014
2025-04-23 04:26:48,901 [Socket Reader #4 for port 15014] INFO  ipc.Server (Server.java:run(1474)) - Starting Socket Reader #4 for port 15014
2025-04-23 04:26:48,901 [Socket Reader #5 for port 15014] INFO  ipc.Server (Server.java:run(1474)) - Starting Socket Reader #5 for port 15014
2025-04-23 04:26:48,902 [Socket Reader #6 for port 15014] INFO  ipc.Server (Server.java:run(1474)) - Starting Socket Reader #6 for port 15014
2025-04-23 04:26:48,902 [Socket Reader #7 for port 15014] INFO  ipc.Server (Server.java:run(1474)) - Starting Socket Reader #7 for port 15014
2025-04-23 04:26:48,902 [Socket Reader #9 for port 15014] INFO  ipc.Server (Server.java:run(1474)) - Starting Socket Reader #9 for port 15014
2025-04-23 04:26:48,902 [Socket Reader #8 for port 15014] INFO  ipc.Server (Server.java:run(1474)) - Starting Socket Reader #8 for port 15014
2025-04-23 04:26:48,902 [Socket Reader #10 for port 15014] INFO  ipc.Server (Server.java:run(1474)) - Starting Socket Reader #10 for port 15014
2025-04-23 04:26:48,923 [main] INFO  impl.MetricsSystemImpl (MetricsSystemImpl.java:init(158)) - OzoneManager metrics system started (again)
2025-04-23 04:26:48,933 [main] INFO  om.OzoneManager (OzoneManager.java:start(1787)) - OzoneManager RPC server is listening at localhost/127.0.0.1:15014
2025-04-23 04:26:48,934 [main] INFO  ratis.OzoneManagerRatisServer (OzoneManagerRatisServer.java:start(628)) - Starting OzoneManagerRatisServer omNode-3 at port 15017
2025-04-23 04:26:48,934 [omNode-3-impl-thread1] INFO  server.RaftServerConfigKeys (ConfUtils.java:logGet(46)) - raft.server.storage.free-space.min = 0MB (=0) (default)
2025-04-23 04:26:48,934 [omNode-3-impl-thread1] INFO  server.RaftServerConfigKeys (ConfUtils.java:logGet(46)) - raft.server.log.corruption.policy = EXCEPTION (default)
2025-04-23 04:26:48,934 [omNode-3-impl-thread1] INFO  server.RaftServerConfigKeys (ConfUtils.java:logGet(46)) - raft.server.storage.dir = [/home/runner/work/ozone/ozone/hadoop-ozone/integration-test/target/test-dir/MiniOzoneClusterImpl-ff59c164-3798-4a7f-a16d-eeed9ffb3244/omNode-3/ratis] (custom)
2025-04-23 04:26:48,935 [omNode-3-impl-thread1] INFO  storage.RaftStorageDirectory (RaftStorageDirectoryImpl.java:analyzeStorage(138)) - The storage directory /home/runner/work/ozone/ozone/hadoop-ozone/integration-test/target/test-dir/MiniOzoneClusterImpl-ff59c164-3798-4a7f-a16d-eeed9ffb3244/omNode-3/ratis/c9bc4cf4-3bc3-3c60-a66b-523986131536 does not exist. Creating ...
2025-04-23 04:26:48,935 [omNode-3-impl-thread1] INFO  storage.RaftStorageDirectory (RaftStorageDirectoryImpl.java:tryLock(229)) - Lock on /home/runner/work/ozone/ozone/hadoop-ozone/integration-test/target/test-dir/MiniOzoneClusterImpl-ff59c164-3798-4a7f-a16d-eeed9ffb3244/omNode-3/ratis/c9bc4cf4-3bc3-3c60-a66b-523986131536/in_use.lock acquired by nodename 129558@fv-az1441-587
2025-04-23 04:26:48,937 [omNode-3-impl-thread1] INFO  storage.RaftStorage (RaftStorageImpl.java:format(98)) - Storage directory /home/runner/work/ozone/ozone/hadoop-ozone/integration-test/target/test-dir/MiniOzoneClusterImpl-ff59c164-3798-4a7f-a16d-eeed9ffb3244/omNode-3/ratis/c9bc4cf4-3bc3-3c60-a66b-523986131536 has been successfully formatted.
2025-04-23 04:26:48,937 [omNode-3-impl-thread1] INFO  ratis.OzoneManagerStateMachine (OzoneManagerStateMachine.java:lambda$0(138)) - omNode-3: initialize group-523986131536 with (t:0, i:~)
2025-04-23 04:26:48,938 [omNode-3-impl-thread1] INFO  server.RaftServerConfigKeys (ConfUtils.java:logGet(46)) - raft.server.log.use.memory = false (default)
2025-04-23 04:26:48,938 [omNode-3-impl-thread1] INFO  server.RaftServerConfigKeys (ConfUtils.java:logGet(46)) - raft.server.log.purge.gap = 50 (custom)
2025-04-23 04:26:48,938 [omNode-3-impl-thread1] INFO  server.RaftServerConfigKeys (ConfUtils.java:logGet(46)) - raft.server.log.appender.buffer.byte-limit = 4194304 (custom)
2025-04-23 04:26:48,938 [omNode-3-impl-thread1] INFO  server.RaftServerConfigKeys (ConfUtils.java:logGet(46)) - raft.server.log.statemachine.data.read.timeout = 1000ms (default)
2025-04-23 04:26:48,938 [omNode-3-impl-thread1] INFO  server.RaftServerConfigKeys (ConfUtils.java:logGet(46)) - raft.server.log.purge.preservation.log.num = 0 (default)
2025-04-23 04:26:48,940 [omNode-3-impl-thread1] INFO  server.RaftServerConfigKeys (ConfUtils.java:logGet(46)) - raft.server.log.segment.size.max = 4194304 (custom)
2025-04-23 04:26:48,940 [omNode-3-impl-thread1] INFO  server.RaftServerConfigKeys (ConfUtils.java:logGet(46)) - raft.server.log.segment.cache.num.max = 2 (custom)
2025-04-23 04:26:48,940 [omNode-3-impl-thread1] INFO  server.RaftServerConfigKeys (ConfUtils.java:logGet(46)) - raft.server.log.segment.cache.size.max = 200MB (=209715200) (default)
2025-04-23 04:26:48,941 [omNode-3-impl-thread1] INFO  server.RaftServerConfigKeys (ConfUtils.java:logGet(46)) - raft.server.log.appender.buffer.byte-limit = 4194304 (custom)
2025-04-23 04:26:48,941 [omNode-3-impl-thread1] INFO  util.AwaitToRun (AwaitToRun.java:start(81)) - Thread[#657,omNode-3@group-523986131536-cacheEviction-AwaitToRun,5,main] started
2025-04-23 04:26:48,941 [omNode-3-impl-thread1] INFO  segmented.SegmentedRaftLogWorker (SegmentedRaftLogWorker.java:<init>(188)) - new omNode-3@group-523986131536-SegmentedRaftLogWorker for RaftStorageImpl:Storage Directory /home/runner/work/ozone/ozone/hadoop-ozone/integration-test/target/test-dir/MiniOzoneClusterImpl-ff59c164-3798-4a7f-a16d-eeed9ffb3244/omNode-3/ratis/c9bc4cf4-3bc3-3c60-a66b-523986131536
2025-04-23 04:26:48,941 [omNode-3-impl-thread1] INFO  server.RaftServerConfigKeys (ConfUtils.java:logGet(46)) - raft.server.log.queue.byte-limit = 64MB (=67108864) (default)
2025-04-23 04:26:48,941 [omNode-3-impl-thread1] INFO  server.RaftServerConfigKeys (ConfUtils.java:logGet(46)) - raft.server.log.queue.element-limit = 4096 (default)
2025-04-23 04:26:48,941 [omNode-3-impl-thread1] INFO  server.RaftServerConfigKeys (ConfUtils.java:logGet(46)) - raft.server.log.segment.size.max = 4194304 (custom)
2025-04-23 04:26:48,941 [omNode-3-impl-thread1] INFO  server.RaftServerConfigKeys (ConfUtils.java:logGet(46)) - raft.server.log.preallocated.size = 4194304 (custom)
2025-04-23 04:26:48,941 [omNode-3-impl-thread1] INFO  server.RaftServerConfigKeys (ConfUtils.java:logGet(46)) - raft.server.log.force.sync.num = 128 (default)
2025-04-23 04:26:48,941 [omNode-3-impl-thread1] INFO  server.RaftServerConfigKeys (ConfUtils.java:logGet(46)) - raft.server.log.statemachine.data.sync = true (default)
2025-04-23 04:26:48,941 [omNode-3-impl-thread1] INFO  server.RaftServerConfigKeys (ConfUtils.java:logGet(46)) - raft.server.log.statemachine.data.sync.timeout = 10s (default)
2025-04-23 04:26:48,941 [omNode-3-impl-thread1] INFO  server.RaftServerConfigKeys (ConfUtils.java:logGet(46)) - raft.server.log.statemachine.data.sync.timeout.retry = -1 (default)
2025-04-23 04:26:48,942 [omNode-3-impl-thread1] INFO  server.RaftServerConfigKeys (ConfUtils.java:logGet(46)) - raft.server.log.write.buffer.size = 4194312 (custom)
2025-04-23 04:26:48,943 [omNode-3-impl-thread1] INFO  server.RaftServerConfigKeys (ConfUtils.java:logGet(46)) - raft.server.log.appender.buffer.byte-limit = 4194304 (custom)
2025-04-23 04:26:48,943 [omNode-3-impl-thread1] INFO  server.RaftServerConfigKeys (ConfUtils.java:logGet(46)) - raft.server.log.unsafe-flush.enabled = false (default)
2025-04-23 04:26:48,943 [omNode-3-impl-thread1] INFO  server.RaftServerConfigKeys (ConfUtils.java:logGet(46)) - raft.server.log.async-flush.enabled = false (default)
2025-04-23 04:26:48,943 [omNode-3-impl-thread1] INFO  server.RaftServerConfigKeys (ConfUtils.java:logGet(46)) - raft.server.log.statemachine.data.caching.enabled = false (default)
2025-04-23 04:26:48,943 [omNode-3-impl-thread1] INFO  segmented.SegmentedRaftLogWorker (SegmentedRaftLogWorker.java:lambda$new$0(139)) - omNode-3@group-523986131536-SegmentedRaftLogWorker: flushIndex: setUnconditionally 0 -> -1
2025-04-23 04:26:48,943 [omNode-3-impl-thread1] INFO  segmented.SegmentedRaftLogWorker (SegmentedRaftLogWorker.java:lambda$new$0(139)) - omNode-3@group-523986131536-SegmentedRaftLogWorker: safeCacheEvictIndex: setUnconditionally 0 -> -1
2025-04-23 04:26:48,944 [omNode-3-impl-thread1] INFO  server.RaftServer$Division (RaftServerImpl.java:start(391)) - omNode-3@group-523986131536: start as a follower, conf=conf: {index: -1, cur=peers:[omNode-3|localhost:15017, omNode-1|localhost:15009, omNode-2|localhost:15013]|listeners:[], old=null}
2025-04-23 04:26:48,944 [omNode-3-impl-thread1] INFO  server.RaftServer$Division (RaftServerImpl.java:setRole(378)) - omNode-3@group-523986131536: changes role from      null to FOLLOWER at term 0 for startAsFollower
2025-04-23 04:26:48,944 [omNode-3-impl-thread1] INFO  impl.RoleInfo (RoleInfo.java:updateAndGet(148)) - omNode-3: start omNode-3@group-523986131536-FollowerState
2025-04-23 04:26:48,944 [omNode-3-impl-thread1] INFO  util.JmxRegister (JmxRegister.java:tryRegister(44)) - Successfully registered JMX Bean with object name Ratis:service=RaftServer,group=group-523986131536,id=omNode-3
2025-04-23 04:26:48,944 [omNode-3-impl-thread1] INFO  util.JmxRegister (JmxRegister.java:register(58)) - register mxBean class org.apache.ratis.server.impl.RaftServerJmxAdapter as Ratis:service=RaftServer,group=group-523986131536,id=omNode-3
2025-04-23 04:26:48,944 [omNode-3-impl-thread1] INFO  server.RaftServerConfigKeys (ConfUtils.java:logGet(46)) - raft.server.snapshot.trigger-when-stop.enabled = true (default)
2025-04-23 04:26:48,944 [omNode-3-impl-thread1] INFO  server.RaftServerConfigKeys (ConfUtils.java:logGet(46)) - raft.server.snapshot.trigger-when-remove.enabled = true (default)
2025-04-23 04:26:48,945 [omNode-3-impl-thread1] INFO  server.RaftServerConfigKeys (ConfUtils.java:logGet(46)) - raft.server.snapshot.auto.trigger.enabled = true (custom)
2025-04-23 04:26:48,945 [omNode-3-impl-thread1] INFO  server.RaftServerConfigKeys (ConfUtils.java:logGet(46)) - raft.server.snapshot.auto.trigger.threshold = 50 (custom)
2025-04-23 04:26:48,945 [omNode-3-impl-thread1] INFO  server.RaftServerConfigKeys (ConfUtils.java:logGet(46)) - raft.server.snapshot.retention.file.num = -1 (default)
2025-04-23 04:26:48,945 [omNode-3-impl-thread1] INFO  server.RaftServerConfigKeys (ConfUtils.java:logGet(46)) - raft.server.log.purge.upto.snapshot.index = true (custom)
2025-04-23 04:26:48,945 [omNode-3@group-523986131536-FollowerState] INFO  server.RaftServerConfigKeys (ConfUtils.java:logFallback(53)) - raft.server.rpc.first-election.timeout.min = 1s (fallback to raft.server.rpc.timeout.min)
2025-04-23 04:26:48,945 [omNode-3@group-523986131536-FollowerState] INFO  server.RaftServerConfigKeys (ConfUtils.java:logFallback(53)) - raft.server.rpc.first-election.timeout.max = 1200ms (fallback to raft.server.rpc.timeout.max)
2025-04-23 04:26:48,946 [omNode-3-impl-thread1] INFO  server.RaftServer$Division (RaftServerImpl.java:start(405)) - omNode-3@group-523986131536: Successfully started.
2025-04-23 04:26:48,946 [main] INFO  server.RaftServer (RaftServerProxy.java:startImpl(407)) - omNode-3: start RPC server
2025-04-23 04:26:48,947 [main] INFO  server.GrpcService (GrpcService.java:startImpl(334)) - omNode-3: GrpcService started, listening on 15017
2025-04-23 04:26:48,947 [JvmPauseMonitor4] INFO  util.JvmPauseMonitor (JvmPauseMonitor.java:run(146)) - JvmPauseMonitor-omNode-3: Started
2025-04-23 04:26:48,948 [main] INFO  om.OzoneManager (OzoneManager.java:start(1802)) - Version File has different layout version (8) than OM DB (null). That is expected if this OM has never been finalized to a newer layout version.
2025-04-23 04:26:48,951 [main] INFO  client.ScmTopologyClient (ScmTopologyClient.java:start(70)) - Initial network topology fetched from SCM: /.
2025-04-23 04:26:48,951 [main] INFO  net.NodeSchemaLoader (NodeSchemaLoader.java:loadSchemaFromFile(127)) - Loading schema from [jar:file:/home/runner/work/ozone/ozone/hadoop-hdds/common/target/hdds-common-2.1.0-SNAPSHOT.jar!/network-topology-default.xml]
2025-04-23 04:26:48,951 [main] INFO  net.NodeSchemaLoader (NodeSchemaLoader.java:loadSchema(174)) - Loading network topology layer schema file
2025-04-23 04:26:48,957 [main] INFO  http.BaseHttpServer (BaseHttpServer.java:newHttpServer2BuilderForOzone(229)) - Starting Web-server for ozoneManager at: http://0.0.0.0:15015
2025-04-23 04:26:48,957 [main] INFO  http.BaseHttpServer (BaseHttpServer.java:<init>(107)) - Hadoop Security Enabled: false Ozone Security Enabled: false Ozone HTTP Security Enabled: false 
2025-04-23 04:26:48,959 [main] WARN  server.AuthenticationFilter (AuthenticationFilter.java:constructSecretProvider(240)) - Unable to initialize FileSignerSecretProvider, falling back to use random secrets. Reason: Could not read signature secret file: /home/runner/hadoop-http-auth-signature-secret
2025-04-23 04:26:48,961 [main] INFO  http.HttpServer2 (HttpServer2.java:addGlobalFilter(1041)) - Added global filter 'safety' (class=org.apache.hadoop.hdds.server.http.HttpServer2$QuotingInputFilter)
2025-04-23 04:26:48,962 [main] INFO  http.HttpServer2 (HttpServer2.java:addFilter(1017)) - Added filter static_user_filter (class=org.apache.hadoop.http.lib.StaticUserWebFilter$StaticUserFilter) to context ozoneManager
2025-04-23 04:26:48,963 [main] INFO  http.HttpServer2 (HttpServer2.java:addFilter(1025)) - Added filter static_user_filter (class=org.apache.hadoop.http.lib.StaticUserWebFilter$StaticUserFilter) to context static
2025-04-23 04:26:48,963 [main] INFO  http.HttpServer2 (HttpServer2.java:addFilter(1025)) - Added filter static_user_filter (class=org.apache.hadoop.http.lib.StaticUserWebFilter$StaticUserFilter) to context logs
2025-04-23 04:26:48,963 [main] INFO  http.BaseHttpServer (BaseHttpServer.java:<init>(195)) - HTTP server of ozoneManager uses base directory /home/runner/work/ozone/ozone/hadoop-ozone/integration-test/target/test-dir/MiniOzoneClusterImpl-ff59c164-3798-4a7f-a16d-eeed9ffb3244/omNode-3/webserver
2025-04-23 04:26:48,964 [main] INFO  http.HttpServer2 (HttpServer2.java:bindListener(1241)) - Jetty bound to port 15015
2025-04-23 04:26:48,964 [main] INFO  server.Server (Server.java:doStart(375)) - jetty-9.4.57.v20241219; built: 2025-01-08T21:24:30.412Z; git: df524e6b29271c2e09ba9aea83c18dc9db464a31; jvm 21.0.7+6-LTS
2025-04-23 04:26:48,965 [main] INFO  server.session (DefaultSessionIdManager.java:doStart(334)) - DefaultSessionIdManager workerName=node0
2025-04-23 04:26:48,965 [main] INFO  server.session (DefaultSessionIdManager.java:doStart(339)) - No SessionScavenger set, using defaults
2025-04-23 04:26:48,965 [main] INFO  server.session (HouseKeeper.java:startScavenging(132)) - node0 Scavenging every 600000ms
2025-04-23 04:26:48,966 [main] INFO  handler.ContextHandler (ContextHandler.java:doStart(921)) - Started o.e.j.s.ServletContextHandler@48b5669c{logs,/logs,file:///home/runner/work/ozone/ozone/hadoop-ozone/integration-test/target/log,AVAILABLE}
2025-04-23 04:26:48,966 [main] INFO  handler.ContextHandler (ContextHandler.java:doStart(921)) - Started o.e.j.s.ServletContextHandler@7a6dd9dd{static,/static,file:///home/runner/work/ozone/ozone/hadoop-ozone/integration-test/target/test-classes/webapps/static,AVAILABLE}
2025-04-23 04:26:48,974 [main] INFO  handler.ContextHandler (ContextHandler.java:doStart(921)) - Started o.e.j.w.WebAppContext@6bdb0635{ozoneManager,/,file:///home/runner/work/ozone/ozone/hadoop-ozone/integration-test/target/test-classes/webapps/ozoneManager/,AVAILABLE}{file:/home/runner/work/ozone/ozone/hadoop-ozone/integration-test/target/test-classes/webapps/ozoneManager}
2025-04-23 04:26:48,975 [main] INFO  server.AbstractConnector (AbstractConnector.java:doStart(333)) - Started ServerConnector@2ec173e5{HTTP/1.1, (http/1.1)}{0.0.0.0:15015}
2025-04-23 04:26:48,975 [main] INFO  server.Server (Server.java:doStart(415)) - Started @12394ms
2025-04-23 04:26:48,975 [main] WARN  impl.MetricsSystemImpl (MetricsSystemImpl.java:register(279)) - Sink prometheus already exists!
2025-04-23 04:26:48,976 [main] INFO  http.BaseHttpServer (BaseHttpServer.java:updateConnectorAddress(360)) - HTTP server of ozoneManager listening at http://0.0.0.0:15015
2025-04-23 04:26:48,976 [IPC Server Responder] INFO  ipc.Server (Server.java:run(1713)) - IPC Server Responder: starting
2025-04-23 04:26:48,976 [IPC Server listener on 15014] INFO  ipc.Server (Server.java:run(1553)) - IPC Server listener on 15014: starting
2025-04-23 04:26:48,979 [main] INFO  om.OzoneManager (OzoneManager.java:startTrashEmptier(2257)) - Trash Interval set to 0. Files deleted won't move to trash
2025-04-23 04:26:48,979 [main] INFO  ozone.MiniOzoneHAClusterImpl (MiniOzoneHAClusterImpl.java:createOMService(516)) - Started OzoneManager omNode-3 RPC server at localhost/127.0.0.1:15014
2025-04-23 04:26:49,030 [omNode-2@group-523986131536-StateMachineUpdater] INFO  ratis.OzoneManagerStateMachine (OzoneManagerStateMachine.java:notifyConfigurationChanged(231)) - notifyConfigurationChanged from Ratis: term=1, index=0, New Peer list: omNode-3(localhost:15017), omNode-1(localhost:15009), omNode-2(localhost:15013)
2025-04-23 04:26:49,055 [main] WARN  dropwizard3.Dm3MetricRegistriesImpl (Dm3MetricRegistriesImpl.java:addReporterRegistration(114)) - New reporters are added after registries were created. Some metrics will be missing from the reporter. Please add reporter before adding any new registry.
2025-04-23 04:26:49,055 [main] WARN  dropwizard3.Dm3MetricRegistriesImpl (Dm3MetricRegistriesImpl.java:addReporterRegistration(114)) - New reporters are added after registries were created. Some metrics will be missing from the reporter. Please add reporter before adding any new registry.
2025-04-23 04:26:49,055 [main] INFO  impl.MetricsSystemImpl (MetricsSystemImpl.java:init(158)) - HddsDatanode metrics system started (again)
2025-04-23 04:26:49,077 [main] INFO  protocol.DatanodeDetails (DatanodeDetails.java:validateDatanodeIpAddress(199)) - Updating IP address of datanode baf21fd8-fe83-4245-9dfa-94651746f6f6(fv-az1441-587.lnin1eoc0irezeqatpkuni3jdf.cx.internal.cloudapp.net/null) to 10.1.0.164
2025-04-23 04:26:49,078 [main] INFO  ozone.HddsDatanodeService (HddsDatanodeService.java:start(234)) - HddsDatanodeService baf21fd8-fe83-4245-9dfa-94651746f6f6(fv-az1441-587.lnin1eoc0irezeqatpkuni3jdf.cx.internal.cloudapp.net/10.1.0.164)
2025-04-23 04:26:49,083 [main] INFO  upgrade.AbstractLayoutVersionManager (AbstractLayoutVersionManager.java:init(80)) - Initializing Layout version manager with metadata layout = HBASE_SUPPORT (version = 8), software layout = HBASE_SUPPORT (version = 8)
2025-04-23 04:26:49,085 [main] INFO  statemachine.DatanodeStateMachine (DatanodeStateMachine.java:getEndPointTaskThreadPoolSize(297)) - Datanode State Machine Task Thread Pool size 2
2025-04-23 04:26:49,131 [main] INFO  volume.HddsVolume (HddsVolume.java:<init>(158)) - HddsVolume: { id=DS-7bf176fa-0384-4d98-9a50-28f8db067be9 dir=/home/runner/work/ozone/ozone/hadoop-ozone/integration-test/target/test-dir/MiniOzoneClusterImpl-ff59c164-3798-4a7f-a16d-eeed9ffb3244/ozone-meta/datanode-1/data-0/hdds type=DISK capacity=9222449699674390527 used=0 available=9222449699674390527 minFree=5368709120 committed=0 }
2025-04-23 04:26:49,131 [main] INFO  volume.MutableVolumeSet (MutableVolumeSet.java:initializeVolumeSet(166)) - Added Volume : /home/runner/work/ozone/ozone/hadoop-ozone/integration-test/target/test-dir/MiniOzoneClusterImpl-ff59c164-3798-4a7f-a16d-eeed9ffb3244/ozone-meta/datanode-1/data-0/hdds to VolumeSet
2025-04-23 04:26:49,134 [main] INFO  volume.MutableVolumeSet (MutableVolumeSet.java:initializeVolumeSet(166)) - Added Volume : /home/runner/work/ozone/ozone/hadoop-ozone/integration-test/target/test-dir/MiniOzoneClusterImpl-ff59c164-3798-4a7f-a16d-eeed9ffb3244/ozone-meta/datanode-1/ratis to VolumeSet
2025-04-23 04:26:49,138 [main] INFO  ozoneimpl.OzoneContainer (HddsVolumeUtil.java:loadAllHddsVolumeDbStore(102)) - Load 1 volumes DbStore cost: 1ms
2025-04-23 04:26:49,140 [main] WARN  db.DBStoreBuilder (DBStoreBuilder.java:getDBDirPath(167)) - ozone.scm.datanode.id.dir is not configured. We recommend adding this setting. Falling back to ozone.metadata.dirs instead.
2025-04-23 04:26:49,143 [main] WARN  db.DBStoreBuilder (DBStoreBuilder.java:getDBDirPath(167)) - ozone.scm.datanode.id.dir is not configured. We recommend adding this setting. Falling back to ozone.metadata.dirs instead.
2025-04-23 04:26:49,170 [main] INFO  impl.FilePerChunkStrategy (FilePerChunkStrategy.java:<init>(79)) - ozone.chunk.read.mapped.buffer.max.count is load with 0
2025-04-23 04:26:49,172 [main] INFO  impl.FilePerBlockStrategy (FilePerBlockStrategy.java:<init>(87)) - ozone.chunk.read.mapped.buffer.max.count is load with 0
2025-04-23 04:26:49,194 [main] INFO  audit.AuditLogger (AuditLogger.java:refreshDebugCmdSet(133)) - Refresh DebugCmdSet for DNAudit to [].
2025-04-23 04:26:49,208 [main] INFO  server.RaftServerConfigKeys (ConfUtils.java:logGet(46)) - raft.server.log.appender.buffer.byte-limit = 33554432 (custom)
2025-04-23 04:26:49,216 [main] INFO  server.RaftServer (ConfUtils.java:logGet(46)) - raft.rpc.type = GRPC (default)
2025-04-23 04:26:49,216 [main] INFO  grpc.GrpcConfigKeys (ConfUtils.java:logFallback(53)) - raft.grpc.admin.host = null (fallback to raft.grpc.server.host)
2025-04-23 04:26:49,216 [main] INFO  grpc.GrpcConfigKeys (ConfUtils.java:logGet(46)) - raft.grpc.admin.port = 15022 (custom)
2025-04-23 04:26:49,216 [main] INFO  grpc.GrpcConfigKeys (ConfUtils.java:logFallback(53)) - raft.grpc.client.host = null (fallback to raft.grpc.server.host)
2025-04-23 04:26:49,216 [main] INFO  grpc.GrpcConfigKeys (ConfUtils.java:logGet(46)) - raft.grpc.client.port = 15021 (custom)
2025-04-23 04:26:49,217 [main] INFO  grpc.GrpcConfigKeys (ConfUtils.java:logGet(46)) - raft.grpc.server.host = null (default)
2025-04-23 04:26:49,217 [main] INFO  grpc.GrpcConfigKeys (ConfUtils.java:logGet(46)) - raft.grpc.server.port = 15023 (custom)
2025-04-23 04:26:49,217 [main] INFO  server.GrpcService (ConfUtils.java:logGet(46)) - raft.grpc.message.size.max = 34603008 (custom)
2025-04-23 04:26:49,217 [main] INFO  server.GrpcService (ConfUtils.java:logGet(46)) - raft.grpc.flow.control.window = 5MB (=5242880) (custom)
2025-04-23 04:26:49,217 [main] INFO  server.RaftServerConfigKeys (ConfUtils.java:logGet(46)) - raft.server.rpc.request.timeout = 60s (custom)
2025-04-23 04:26:49,217 [main] INFO  grpc.GrpcConfigKeys (ConfUtils.java:logGet(46)) - raft.grpc.server.heartbeat.channel = true (default)
2025-04-23 04:26:49,217 [main] INFO  server.RaftServerConfigKeys (ConfUtils.java:logGet(46)) - raft.server.log.appender.buffer.byte-limit = 33554432 (custom)
2025-04-23 04:26:49,217 [main] INFO  grpc.GrpcConfigKeys (ConfUtils.java:logGet(46)) - raft.grpc.server.async.request.thread.pool.cached = true (default)
2025-04-23 04:26:49,217 [main] INFO  grpc.GrpcConfigKeys (ConfUtils.java:logGet(46)) - raft.grpc.server.async.request.thread.pool.size = 32 (default)
2025-04-23 04:26:49,218 [main] INFO  impl.DataStreamServerImpl (ConfUtils.java:logGet(46)) - raft.datastream.type = NETTY (custom)
2025-04-23 04:26:49,225 [omNode-3-server-thread1] INFO  server.RaftServer$Division (RaftServerImpl.java:setFirstElection(562)) - omNode-3@group-523986131536: set firstElectionSinceStartup to false for appendEntries
2025-04-23 04:26:49,226 [omNode-3-server-thread1] INFO  ratis.OzoneManagerStateMachine (OzoneManagerStateMachine.java:notifyLeaderChanged(169)) - omNode-3@group-523986131536: leader changed to omNode-1
2025-04-23 04:26:49,226 [omNode-3-server-thread1] INFO  server.RaftServer$Division (ServerState.java:setLeader(272)) - omNode-3@group-523986131536: change Leader from null to omNode-1 at term 1 for appendEntries, leader elected after 861ms
2025-04-23 04:26:49,226 [omNode-3-server-thread1] INFO  server.RaftServer$Division (RaftServerImpl.java:checkInconsistentAppendEntries(1648)) - omNode-3@group-523986131536: Failed appendEntries as previous log entry ((t:1, i:0)) is not found
2025-04-23 04:26:49,226 [omNode-3-server-thread1] INFO  server.RaftServer$Division (RaftServerImpl.java:appendEntriesAsync(1580)) - omNode-3@group-523986131536: appendEntries* reply omNode-1<-omNode-3#1068:FAIL-t0,INCONSISTENCY,nextIndex=0,followerCommit=-1,matchIndex=-1
2025-04-23 04:26:49,227 [main] INFO  server.RaftServerConfigKeys (ConfUtils.java:logGet(46)) - raft.server.data-stream.async.request.thread.pool.cached = false (default)
2025-04-23 04:26:49,227 [main] INFO  server.RaftServerConfigKeys (ConfUtils.java:logGet(46)) - raft.server.data-stream.async.request.thread.pool.size = 20 (custom)
2025-04-23 04:26:49,227 [main] INFO  server.RaftServerConfigKeys (ConfUtils.java:logGet(46)) - raft.server.data-stream.async.write.thread.pool.size = 16 (default)
2025-04-23 04:26:49,229 [main] INFO  netty.NettyConfigKeys$DataStream (ConfUtils.java:logGet(46)) - raft.netty.dataStream.server.channel.inactive.grace-period = 10min (default)
2025-04-23 04:26:49,230 [main] INFO  server.RaftServerConfigKeys (ConfUtils.java:logGet(46)) - raft.server.data-stream.client.pool.size = 10 (default)
2025-04-23 04:26:49,231 [grpc-default-executor-1] WARN  server.GrpcLogAppender (GrpcLogAppender.java:onNextImpl(519)) - omNode-1@group-523986131536->omNode-3-AppendLogResponseHandler: received INCONSISTENCY reply with nextIndex 0, errorCount=9, request=AppendEntriesRequest:cid=1068,entriesCount=0
2025-04-23 04:26:49,231 [main] INFO  netty.NettyConfigKeys$DataStream (ConfUtils.java:logGet(46)) - raft.netty.dataStream.server.use-epoll = true (default)
2025-04-23 04:26:49,232 [main] INFO  netty.NettyConfigKeys$DataStream (ConfUtils.java:logGet(46)) - raft.netty.dataStream.server.boss-group.size = 0 (default)
2025-04-23 04:26:49,232 [main] INFO  netty.NettyUtils (NettyUtils.java:newEventLoopGroup(74)) - Create EpollEventLoopGroup for baf21fd8-fe83-4245-9dfa-94651746f6f6-NettyServerStreamRpc-bossGroup; Thread size is 0.
2025-04-23 04:26:49,233 [main] INFO  netty.NettyConfigKeys$DataStream (ConfUtils.java:logGet(46)) - raft.netty.dataStream.server.worker-group.size = 0 (default)
2025-04-23 04:26:49,234 [main] INFO  netty.NettyUtils (NettyUtils.java:newEventLoopGroup(74)) - Create EpollEventLoopGroup for baf21fd8-fe83-4245-9dfa-94651746f6f6-NettyServerStreamRpc-workerGroup; Thread size is 0.
2025-04-23 04:26:49,233 [grpc-default-executor-1] INFO  leader.FollowerInfo (FollowerInfoImpl.java:info(70)) - omNode-1@group-523986131536->omNode-3: setNextIndex nextIndex: updateUnconditionally 1 -> 0
2025-04-23 04:26:49,235 [main] INFO  netty.NettyConfigKeys$DataStream (ConfUtils.java:logGet(46)) - raft.netty.dataStream.server.tls.conf = null (default)
2025-04-23 04:26:49,236 [main] INFO  netty.NettyConfigKeys$DataStream (ConfUtils.java:logGet(46)) - raft.netty.dataStream.host = null (default)
2025-04-23 04:26:49,237 [main] INFO  netty.NettyConfigKeys$DataStream (ConfUtils.java:logGet(46)) - raft.netty.dataStream.port = 15024 (custom)
2025-04-23 04:26:49,237 [omNode-3-server-thread1] INFO  server.RaftServer$Division (ServerState.java:setRaftConf(386)) - omNode-3@group-523986131536: set configuration conf: {index: 0, cur=peers:[omNode-3|localhost:15017, omNode-1|localhost:15009, omNode-2|localhost:15013]|listeners:[], old=null}
2025-04-23 04:26:49,238 [omNode-3-server-thread1] INFO  segmented.SegmentedRaftLogWorker (SegmentedRaftLogWorker.java:startLogSegment(438)) - omNode-3@group-523986131536-SegmentedRaftLogWorker: Starting segment from index:0
2025-04-23 04:26:49,239 [omNode-3@group-523986131536-SegmentedRaftLogWorker] INFO  segmented.BufferedWriteChannel (BufferedWriteChannel.java:open(61)) - open log_inprogress_0 at position 0
2025-04-23 04:26:49,240 [main] INFO  server.RaftServerConfigKeys (ConfUtils.java:logGet(46)) - raft.server.sleep.deviation.threshold = 300ms (default)
2025-04-23 04:26:49,241 [main] INFO  server.RaftServerConfigKeys (ConfUtils.java:logGet(46)) - raft.server.close.threshold = 60s (default)
2025-04-23 04:26:49,241 [main] INFO  server.RaftServerConfigKeys (ConfUtils.java:logGet(46)) - raft.server.leaderelection.leader.step-down.wait-time = 10s (default)
2025-04-23 04:26:49,242 [main] INFO  server.RaftServerConfigKeys (ConfUtils.java:logGet(46)) - raft.server.storage.dir = [/home/runner/work/ozone/ozone/hadoop-ozone/integration-test/target/test-dir/MiniOzoneClusterImpl-ff59c164-3798-4a7f-a16d-eeed9ffb3244/ozone-meta/datanode-1/ratis] (custom)
2025-04-23 04:26:49,243 [main] INFO  server.RaftServerConfigKeys (ConfUtils.java:logGet(46)) - raft.server.threadpool.proxy.cached = true (default)
2025-04-23 04:26:49,243 [main] INFO  server.RaftServerConfigKeys (ConfUtils.java:logGet(46)) - raft.server.threadpool.proxy.size = 0 (default)
2025-04-23 04:26:49,246 [baf21fd8-fe83-4245-9dfa-94651746f6f6-impl-thread1] INFO  server.RaftServer (RaftServerProxy.java:initGroupDir(265)) - baf21fd8-fe83-4245-9dfa-94651746f6f6: found a subdirectory /home/runner/work/ozone/ozone/hadoop-ozone/integration-test/target/test-dir/MiniOzoneClusterImpl-ff59c164-3798-4a7f-a16d-eeed9ffb3244/ozone-meta/datanode-1/ratis/tmp
2025-04-23 04:26:49,246 [baf21fd8-fe83-4245-9dfa-94651746f6f6-impl-thread1] INFO  server.RaftServer (RaftServerProxy.java:initGroupDir(270)) - baf21fd8-fe83-4245-9dfa-94651746f6f6: The directory /home/runner/work/ozone/ozone/hadoop-ozone/integration-test/target/test-dir/MiniOzoneClusterImpl-ff59c164-3798-4a7f-a16d-eeed9ffb3244/ozone-meta/datanode-1/ratis/tmp is not a group directory; ignoring it. 
2025-04-23 04:26:49,249 [main] INFO  replication.ReplicationServer (ReplicationServer.java:<init>(84)) - Initializing replication server with thread count = 10 queue length = 4096
2025-04-23 04:26:49,253 [baf21fd8-fe83-4245-9dfa-94651746f6f6-NettyServerStreamRpc-bossGroup--thread1] INFO  logging.LoggingHandler (AbstractInternalLogger.java:log(148)) - [id: 0xd49b1020] REGISTERED
2025-04-23 04:26:49,253 [baf21fd8-fe83-4245-9dfa-94651746f6f6-NettyServerStreamRpc-bossGroup--thread1] INFO  logging.LoggingHandler (AbstractInternalLogger.java:log(148)) - [id: 0xd49b1020] BIND: 0.0.0.0/0.0.0.0:15024
2025-04-23 04:26:49,254 [baf21fd8-fe83-4245-9dfa-94651746f6f6-NettyServerStreamRpc-bossGroup--thread1] INFO  logging.LoggingHandler (AbstractInternalLogger.java:log(148)) - [id: 0xd49b1020, L:/0.0.0.0:15024] ACTIVE
2025-04-23 04:26:49,255 [omNode-3@group-523986131536-SegmentedRaftLogWorker] INFO  segmented.SegmentedRaftLogWorker (SegmentedRaftLogWorker.java:execute(644)) - omNode-3@group-523986131536-SegmentedRaftLogWorker: created new log segment /home/runner/work/ozone/ozone/hadoop-ozone/integration-test/target/test-dir/MiniOzoneClusterImpl-ff59c164-3798-4a7f-a16d-eeed9ffb3244/omNode-3/ratis/c9bc4cf4-3bc3-3c60-a66b-523986131536/current/log_inprogress_0
2025-04-23 04:26:49,259 [omNode-3@group-523986131536-StateMachineUpdater] INFO  ratis.OzoneManagerStateMachine (OzoneManagerStateMachine.java:notifyConfigurationChanged(231)) - notifyConfigurationChanged from Ratis: term=1, index=0, New Peer list: omNode-3(localhost:15017), omNode-1(localhost:15009), omNode-2(localhost:15013)
2025-04-23 04:26:49,266 [main] INFO  server.XceiverServerGrpc (XceiverServerGrpc.java:<init>(131)) - GrpcServer channel type EpollServerSocketChannel
2025-04-23 04:26:49,291 [main] INFO  replication.ReplicationSupervisor (ReplicationSupervisor.java:build(169)) - Initializing replication supervisor with thread count = 10
2025-04-23 04:26:49,292 [main] INFO  replication.ReplicationSupervisor (ReplicationSupervisor.java:nodeStateUpdated(358)) - Node state updated to IN_SERVICE, scaling executor pool size to 10
2025-04-23 04:26:49,317 [main] INFO  lib.Interns (Interns.java:removeEldestEntry(50)) - Metrics intern cache overflow at 2011 for MetricsSystem={MetricsSystem=MetricsInfoImpl{name=MetricsSystem, description=MetricsSystem}, MetricsSystem record=MetricsInfoImpl{name=MetricsSystem, description=MetricsSystem record}}
2025-04-23 04:26:49,349 [main] INFO  http.BaseHttpServer (BaseHttpServer.java:newHttpServer2BuilderForOzone(229)) - Starting Web-server for hddsDatanode at: http://0.0.0.0:15018
2025-04-23 04:26:49,349 [main] INFO  http.BaseHttpServer (BaseHttpServer.java:<init>(107)) - Hadoop Security Enabled: false Ozone Security Enabled: false Ozone HTTP Security Enabled: false 
2025-04-23 04:26:49,351 [main] WARN  server.AuthenticationFilter (AuthenticationFilter.java:constructSecretProvider(240)) - Unable to initialize FileSignerSecretProvider, falling back to use random secrets. Reason: Could not read signature secret file: /home/runner/hadoop-http-auth-signature-secret
2025-04-23 04:26:49,354 [main] INFO  http.HttpServer2 (HttpServer2.java:addGlobalFilter(1041)) - Added global filter 'safety' (class=org.apache.hadoop.hdds.server.http.HttpServer2$QuotingInputFilter)
2025-04-23 04:26:49,355 [main] INFO  http.HttpServer2 (HttpServer2.java:addFilter(1017)) - Added filter static_user_filter (class=org.apache.hadoop.http.lib.StaticUserWebFilter$StaticUserFilter) to context hddsDatanode
2025-04-23 04:26:49,355 [main] INFO  http.HttpServer2 (HttpServer2.java:addFilter(1025)) - Added filter static_user_filter (class=org.apache.hadoop.http.lib.StaticUserWebFilter$StaticUserFilter) to context static
2025-04-23 04:26:49,355 [main] INFO  http.HttpServer2 (HttpServer2.java:addFilter(1025)) - Added filter static_user_filter (class=org.apache.hadoop.http.lib.StaticUserWebFilter$StaticUserFilter) to context logs
2025-04-23 04:26:49,356 [main] INFO  http.BaseHttpServer (BaseHttpServer.java:<init>(195)) - HTTP server of hddsDatanode uses base directory /home/runner/work/ozone/ozone/hadoop-ozone/integration-test/target/test-dir/MiniOzoneClusterImpl-ff59c164-3798-4a7f-a16d-eeed9ffb3244/ozone-meta/datanode-1/meta/webserver
2025-04-23 04:26:49,356 [main] INFO  http.HttpServer2 (HttpServer2.java:bindListener(1241)) - Jetty bound to port 15018
2025-04-23 04:26:49,357 [main] INFO  server.Server (Server.java:doStart(375)) - jetty-9.4.57.v20241219; built: 2025-01-08T21:24:30.412Z; git: df524e6b29271c2e09ba9aea83c18dc9db464a31; jvm 21.0.7+6-LTS
2025-04-23 04:26:49,358 [main] INFO  server.session (DefaultSessionIdManager.java:doStart(334)) - DefaultSessionIdManager workerName=node0
2025-04-23 04:26:49,359 [main] INFO  server.session (DefaultSessionIdManager.java:doStart(339)) - No SessionScavenger set, using defaults
2025-04-23 04:26:49,359 [main] INFO  server.session (HouseKeeper.java:startScavenging(132)) - node0 Scavenging every 600000ms
2025-04-23 04:26:49,360 [main] INFO  handler.ContextHandler (ContextHandler.java:doStart(921)) - Started o.e.j.s.ServletContextHandler@7cf7583d{logs,/logs,file:///home/runner/work/ozone/ozone/hadoop-ozone/integration-test/target/log,AVAILABLE}
2025-04-23 04:26:49,361 [main] INFO  handler.ContextHandler (ContextHandler.java:doStart(921)) - Started o.e.j.s.ServletContextHandler@5b0e558a{static,/static,jar:file:/home/runner/work/ozone/ozone/hadoop-hdds/container-service/target/hdds-container-service-2.1.0-SNAPSHOT.jar!/webapps/static,AVAILABLE}
2025-04-23 04:26:49,535 [main] INFO  handler.ContextHandler (ContextHandler.java:doStart(921)) - Started o.e.j.w.WebAppContext@3829fb0b{hddsDatanode,/,file:///home/runner/work/ozone/ozone/hadoop-ozone/integration-test/target/test-dir/MiniOzoneClusterImpl-ff59c164-3798-4a7f-a16d-eeed9ffb3244/ozone-meta/datanode-1/meta/webserver/jetty-0_0_0_0-15018-hdds-container-service-2_1_0-SNAPSHOT_jar-_-any-13035030547270880875/webapp/,AVAILABLE}{jar:file:/home/runner/work/ozone/ozone/hadoop-hdds/container-service/target/hdds-container-service-2.1.0-SNAPSHOT.jar!/webapps/hddsDatanode}
2025-04-23 04:26:49,536 [main] INFO  server.AbstractConnector (AbstractConnector.java:doStart(333)) - Started ServerConnector@4bb9b98d{HTTP/1.1, (http/1.1)}{0.0.0.0:15018}
2025-04-23 04:26:49,536 [main] INFO  server.Server (Server.java:doStart(415)) - Started @12955ms
2025-04-23 04:26:49,536 [main] WARN  impl.MetricsSystemImpl (MetricsSystemImpl.java:register(279)) - Sink prometheus already exists!
2025-04-23 04:26:49,537 [main] INFO  http.BaseHttpServer (BaseHttpServer.java:updateConnectorAddress(360)) - HTTP server of hddsDatanode listening at http://0.0.0.0:15018
2025-04-23 04:26:49,539 [main] INFO  ipc.CallQueueManager (CallQueueManager.java:<init>(93)) - Using callQueue: class java.util.concurrent.LinkedBlockingQueue, queueCapacity: 1000, scheduler: class org.apache.hadoop.ipc.DefaultRpcScheduler, ipcBackoff: false, ipcFailOver: false.
2025-04-23 04:26:49,540 [main] INFO  ipc.Server (Server.java:<init>(1438)) - Listener at 0.0.0.0:15019
2025-04-23 04:26:49,540 [Socket Reader #1 for port 15019] INFO  ipc.Server (Server.java:run(1474)) - Starting Socket Reader #1 for port 15019
2025-04-23 04:26:49,540 [Socket Reader #2 for port 15019] INFO  ipc.Server (Server.java:run(1474)) - Starting Socket Reader #2 for port 15019
2025-04-23 04:26:49,541 [Socket Reader #3 for port 15019] INFO  ipc.Server (Server.java:run(1474)) - Starting Socket Reader #3 for port 15019
2025-04-23 04:26:49,541 [Socket Reader #4 for port 15019] INFO  ipc.Server (Server.java:run(1474)) - Starting Socket Reader #4 for port 15019
2025-04-23 04:26:49,541 [Socket Reader #5 for port 15019] INFO  ipc.Server (Server.java:run(1474)) - Starting Socket Reader #5 for port 15019
2025-04-23 04:26:49,541 [Socket Reader #6 for port 15019] INFO  ipc.Server (Server.java:run(1474)) - Starting Socket Reader #6 for port 15019
2025-04-23 04:26:49,542 [Socket Reader #7 for port 15019] INFO  ipc.Server (Server.java:run(1474)) - Starting Socket Reader #7 for port 15019
2025-04-23 04:26:49,542 [Socket Reader #8 for port 15019] INFO  ipc.Server (Server.java:run(1474)) - Starting Socket Reader #8 for port 15019
2025-04-23 04:26:49,542 [Socket Reader #9 for port 15019] INFO  ipc.Server (Server.java:run(1474)) - Starting Socket Reader #9 for port 15019
2025-04-23 04:26:49,542 [Socket Reader #10 for port 15019] INFO  ipc.Server (Server.java:run(1474)) - Starting Socket Reader #10 for port 15019
2025-04-23 04:26:49,544 [main] INFO  ozone.HddsDatanodeService (HddsDatanodeService.java:start(325)) - Datanode start with admins: [*, runner]
2025-04-23 04:26:49,545 [main] INFO  ozone.HddsDatanodeClientProtocolServer (HddsDatanodeClientProtocolServer.java:start(76)) - RPC server for Client /0.0.0.0:15019
2025-04-23 04:26:49,545 [IPC Server Responder] INFO  ipc.Server (Server.java:run(1713)) - IPC Server Responder: starting
2025-04-23 04:26:49,545 [IPC Server listener on 15019] INFO  ipc.Server (Server.java:run(1553)) - IPC Server listener on 15019: starting
2025-04-23 04:26:49,547 [main] WARN  dropwizard3.Dm3MetricRegistriesImpl (Dm3MetricRegistriesImpl.java:addReporterRegistration(114)) - New reporters are added after registries were created. Some metrics will be missing from the reporter. Please add reporter before adding any new registry.
2025-04-23 04:26:49,548 [main] WARN  dropwizard3.Dm3MetricRegistriesImpl (Dm3MetricRegistriesImpl.java:addReporterRegistration(114)) - New reporters are added after registries were created. Some metrics will be missing from the reporter. Please add reporter before adding any new registry.
2025-04-23 04:26:49,548 [main] INFO  impl.MetricsSystemImpl (MetricsSystemImpl.java:init(158)) - HddsDatanode metrics system started (again)
2025-04-23 04:26:49,550 [baf21fd8-fe83-4245-9dfa-94651746f6f6-DatanodeStateMachineDaemonThread] INFO  statemachine.DatanodeStateMachine (DatanodeStateMachine.java:startStateMachineThread(340)) - Ozone container server started.
2025-04-23 04:26:49,565 [main] INFO  protocol.DatanodeDetails (DatanodeDetails.java:validateDatanodeIpAddress(199)) - Updating IP address of datanode 4c9bf6b8-dff1-4348-8d13-20f037915169(fv-az1441-587.lnin1eoc0irezeqatpkuni3jdf.cx.internal.cloudapp.net/null) to 10.1.0.164
2025-04-23 04:26:49,565 [main] INFO  ozone.HddsDatanodeService (HddsDatanodeService.java:start(234)) - HddsDatanodeService 4c9bf6b8-dff1-4348-8d13-20f037915169(fv-az1441-587.lnin1eoc0irezeqatpkuni3jdf.cx.internal.cloudapp.net/10.1.0.164)
2025-04-23 04:26:49,569 [main] INFO  upgrade.AbstractLayoutVersionManager (AbstractLayoutVersionManager.java:init(80)) - Initializing Layout version manager with metadata layout = HBASE_SUPPORT (version = 8), software layout = HBASE_SUPPORT (version = 8)
2025-04-23 04:26:49,569 [main] INFO  statemachine.DatanodeStateMachine (DatanodeStateMachine.java:getEndPointTaskThreadPoolSize(297)) - Datanode State Machine Task Thread Pool size 2
2025-04-23 04:26:49,574 [main] INFO  volume.HddsVolume (HddsVolume.java:<init>(158)) - HddsVolume: { id=DS-a15159b8-571e-4556-9824-f36de980d5cc dir=/home/runner/work/ozone/ozone/hadoop-ozone/integration-test/target/test-dir/MiniOzoneClusterImpl-ff59c164-3798-4a7f-a16d-eeed9ffb3244/ozone-meta/datanode-2/data-0/hdds type=DISK capacity=9222449699674390527 used=0 available=9222449699674390527 minFree=5368709120 committed=0 }
2025-04-23 04:26:49,574 [main] INFO  volume.MutableVolumeSet (MutableVolumeSet.java:initializeVolumeSet(166)) - Added Volume : /home/runner/work/ozone/ozone/hadoop-ozone/integration-test/target/test-dir/MiniOzoneClusterImpl-ff59c164-3798-4a7f-a16d-eeed9ffb3244/ozone-meta/datanode-2/data-0/hdds to VolumeSet
2025-04-23 04:26:49,576 [main] INFO  volume.MutableVolumeSet (MutableVolumeSet.java:initializeVolumeSet(166)) - Added Volume : /home/runner/work/ozone/ozone/hadoop-ozone/integration-test/target/test-dir/MiniOzoneClusterImpl-ff59c164-3798-4a7f-a16d-eeed9ffb3244/ozone-meta/datanode-2/ratis to VolumeSet
2025-04-23 04:26:49,581 [main] INFO  ozoneimpl.OzoneContainer (HddsVolumeUtil.java:loadAllHddsVolumeDbStore(102)) - Load 1 volumes DbStore cost: 5ms
2025-04-23 04:26:49,582 [main] WARN  db.DBStoreBuilder (DBStoreBuilder.java:getDBDirPath(167)) - ozone.scm.datanode.id.dir is not configured. We recommend adding this setting. Falling back to ozone.metadata.dirs instead.
2025-04-23 04:26:49,583 [main] WARN  db.DBStoreBuilder (DBStoreBuilder.java:getDBDirPath(167)) - ozone.scm.datanode.id.dir is not configured. We recommend adding this setting. Falling back to ozone.metadata.dirs instead.
2025-04-23 04:26:49,604 [main] INFO  impl.FilePerChunkStrategy (FilePerChunkStrategy.java:<init>(79)) - ozone.chunk.read.mapped.buffer.max.count is load with 0
2025-04-23 04:26:49,604 [main] INFO  impl.FilePerBlockStrategy (FilePerBlockStrategy.java:<init>(87)) - ozone.chunk.read.mapped.buffer.max.count is load with 0
2025-04-23 04:26:49,606 [main] INFO  server.RaftServerConfigKeys (ConfUtils.java:logGet(46)) - raft.server.log.appender.buffer.byte-limit = 33554432 (custom)
2025-04-23 04:26:49,611 [main] INFO  server.RaftServer (ConfUtils.java:logGet(46)) - raft.rpc.type = GRPC (default)
2025-04-23 04:26:49,612 [main] INFO  grpc.GrpcConfigKeys (ConfUtils.java:logFallback(53)) - raft.grpc.admin.host = null (fallback to raft.grpc.server.host)
2025-04-23 04:26:49,612 [main] INFO  grpc.GrpcConfigKeys (ConfUtils.java:logGet(46)) - raft.grpc.admin.port = 15030 (custom)
2025-04-23 04:26:49,612 [main] INFO  grpc.GrpcConfigKeys (ConfUtils.java:logFallback(53)) - raft.grpc.client.host = null (fallback to raft.grpc.server.host)
2025-04-23 04:26:49,612 [main] INFO  grpc.GrpcConfigKeys (ConfUtils.java:logGet(46)) - raft.grpc.client.port = 15029 (custom)
2025-04-23 04:26:49,612 [main] INFO  grpc.GrpcConfigKeys (ConfUtils.java:logGet(46)) - raft.grpc.server.host = null (default)
2025-04-23 04:26:49,613 [main] INFO  grpc.GrpcConfigKeys (ConfUtils.java:logGet(46)) - raft.grpc.server.port = 15031 (custom)
2025-04-23 04:26:49,613 [main] INFO  server.GrpcService (ConfUtils.java:logGet(46)) - raft.grpc.message.size.max = 34603008 (custom)
2025-04-23 04:26:49,613 [main] INFO  server.GrpcService (ConfUtils.java:logGet(46)) - raft.grpc.flow.control.window = 5MB (=5242880) (custom)
2025-04-23 04:26:49,614 [main] INFO  server.RaftServerConfigKeys (ConfUtils.java:logGet(46)) - raft.server.rpc.request.timeout = 60s (custom)
2025-04-23 04:26:49,615 [main] INFO  grpc.GrpcConfigKeys (ConfUtils.java:logGet(46)) - raft.grpc.server.heartbeat.channel = true (default)
2025-04-23 04:26:49,615 [main] INFO  server.RaftServerConfigKeys (ConfUtils.java:logGet(46)) - raft.server.log.appender.buffer.byte-limit = 33554432 (custom)
2025-04-23 04:26:49,616 [main] INFO  grpc.GrpcConfigKeys (ConfUtils.java:logGet(46)) - raft.grpc.server.async.request.thread.pool.cached = true (default)
2025-04-23 04:26:49,616 [main] INFO  grpc.GrpcConfigKeys (ConfUtils.java:logGet(46)) - raft.grpc.server.async.request.thread.pool.size = 32 (default)
2025-04-23 04:26:49,618 [main] INFO  impl.DataStreamServerImpl (ConfUtils.java:logGet(46)) - raft.datastream.type = NETTY (custom)
2025-04-23 04:26:49,618 [main] INFO  server.RaftServerConfigKeys (ConfUtils.java:logGet(46)) - raft.server.data-stream.async.request.thread.pool.cached = false (default)
2025-04-23 04:26:49,619 [main] INFO  server.RaftServerConfigKeys (ConfUtils.java:logGet(46)) - raft.server.data-stream.async.request.thread.pool.size = 20 (custom)
2025-04-23 04:26:49,619 [main] INFO  server.RaftServerConfigKeys (ConfUtils.java:logGet(46)) - raft.server.data-stream.async.write.thread.pool.size = 16 (default)
2025-04-23 04:26:49,620 [main] INFO  netty.NettyConfigKeys$DataStream (ConfUtils.java:logGet(46)) - raft.netty.dataStream.server.channel.inactive.grace-period = 10min (default)
2025-04-23 04:26:49,620 [baf21fd8-fe83-4245-9dfa-94651746f6f6-DatanodeStateMachineTaskThread-0] INFO  datanode.InitDatanodeState (InitDatanodeState.java:persistContainerDatanodeDetails(139)) - DatanodeDetails is persisted to /home/runner/work/ozone/ozone/hadoop-ozone/integration-test/target/test-dir/MiniOzoneClusterImpl-ff59c164-3798-4a7f-a16d-eeed9ffb3244/ozone-meta/datanode-1/meta/datanode.id
2025-04-23 04:26:49,620 [main] INFO  server.RaftServerConfigKeys (ConfUtils.java:logGet(46)) - raft.server.data-stream.client.pool.size = 10 (default)
2025-04-23 04:26:49,621 [main] INFO  netty.NettyConfigKeys$DataStream (ConfUtils.java:logGet(46)) - raft.netty.dataStream.server.use-epoll = true (default)
2025-04-23 04:26:49,621 [main] INFO  netty.NettyConfigKeys$DataStream (ConfUtils.java:logGet(46)) - raft.netty.dataStream.server.boss-group.size = 0 (default)
2025-04-23 04:26:49,621 [main] INFO  netty.NettyUtils (NettyUtils.java:newEventLoopGroup(74)) - Create EpollEventLoopGroup for 4c9bf6b8-dff1-4348-8d13-20f037915169-NettyServerStreamRpc-bossGroup; Thread size is 0.
2025-04-23 04:26:49,622 [main] INFO  netty.NettyConfigKeys$DataStream (ConfUtils.java:logGet(46)) - raft.netty.dataStream.server.worker-group.size = 0 (default)
2025-04-23 04:26:49,622 [main] INFO  netty.NettyUtils (NettyUtils.java:newEventLoopGroup(74)) - Create EpollEventLoopGroup for 4c9bf6b8-dff1-4348-8d13-20f037915169-NettyServerStreamRpc-workerGroup; Thread size is 0.
2025-04-23 04:26:49,623 [main] INFO  netty.NettyConfigKeys$DataStream (ConfUtils.java:logGet(46)) - raft.netty.dataStream.server.tls.conf = null (default)
2025-04-23 04:26:49,623 [main] INFO  netty.NettyConfigKeys$DataStream (ConfUtils.java:logGet(46)) - raft.netty.dataStream.host = null (default)
2025-04-23 04:26:49,623 [main] INFO  netty.NettyConfigKeys$DataStream (ConfUtils.java:logGet(46)) - raft.netty.dataStream.port = 15032 (custom)
2025-04-23 04:26:49,624 [main] INFO  server.RaftServerConfigKeys (ConfUtils.java:logGet(46)) - raft.server.sleep.deviation.threshold = 300ms (default)
2025-04-23 04:26:49,624 [main] INFO  server.RaftServerConfigKeys (ConfUtils.java:logGet(46)) - raft.server.close.threshold = 60s (default)
2025-04-23 04:26:49,624 [main] INFO  server.RaftServerConfigKeys (ConfUtils.java:logGet(46)) - raft.server.leaderelection.leader.step-down.wait-time = 10s (default)
2025-04-23 04:26:49,624 [4c9bf6b8-dff1-4348-8d13-20f037915169-NettyServerStreamRpc-bossGroup--thread1] INFO  logging.LoggingHandler (AbstractInternalLogger.java:log(148)) - [id: 0xef5a5efb] REGISTERED
2025-04-23 04:26:49,624 [main] INFO  server.RaftServerConfigKeys (ConfUtils.java:logGet(46)) - raft.server.storage.dir = [/home/runner/work/ozone/ozone/hadoop-ozone/integration-test/target/test-dir/MiniOzoneClusterImpl-ff59c164-3798-4a7f-a16d-eeed9ffb3244/ozone-meta/datanode-2/ratis] (custom)
2025-04-23 04:26:49,625 [main] INFO  server.RaftServerConfigKeys (ConfUtils.java:logGet(46)) - raft.server.threadpool.proxy.cached = true (default)
2025-04-23 04:26:49,625 [main] INFO  server.RaftServerConfigKeys (ConfUtils.java:logGet(46)) - raft.server.threadpool.proxy.size = 0 (default)
2025-04-23 04:26:49,625 [4c9bf6b8-dff1-4348-8d13-20f037915169-NettyServerStreamRpc-bossGroup--thread1] INFO  logging.LoggingHandler (AbstractInternalLogger.java:log(148)) - [id: 0xef5a5efb] BIND: 0.0.0.0/0.0.0.0:15032
2025-04-23 04:26:49,626 [4c9bf6b8-dff1-4348-8d13-20f037915169-NettyServerStreamRpc-bossGroup--thread1] INFO  logging.LoggingHandler (AbstractInternalLogger.java:log(148)) - [id: 0xef5a5efb, L:/0.0.0.0:15032] ACTIVE
2025-04-23 04:26:49,627 [4c9bf6b8-dff1-4348-8d13-20f037915169-impl-thread1] INFO  server.RaftServer (RaftServerProxy.java:initGroupDir(265)) - 4c9bf6b8-dff1-4348-8d13-20f037915169: found a subdirectory /home/runner/work/ozone/ozone/hadoop-ozone/integration-test/target/test-dir/MiniOzoneClusterImpl-ff59c164-3798-4a7f-a16d-eeed9ffb3244/ozone-meta/datanode-2/ratis/tmp
2025-04-23 04:26:49,627 [4c9bf6b8-dff1-4348-8d13-20f037915169-impl-thread1] INFO  server.RaftServer (RaftServerProxy.java:initGroupDir(270)) - 4c9bf6b8-dff1-4348-8d13-20f037915169: The directory /home/runner/work/ozone/ozone/hadoop-ozone/integration-test/target/test-dir/MiniOzoneClusterImpl-ff59c164-3798-4a7f-a16d-eeed9ffb3244/ozone-meta/datanode-2/ratis/tmp is not a group directory; ignoring it. 
2025-04-23 04:26:49,627 [main] INFO  replication.ReplicationServer (ReplicationServer.java:<init>(84)) - Initializing replication server with thread count = 10 queue length = 4096
2025-04-23 04:26:49,628 [main] INFO  server.XceiverServerGrpc (XceiverServerGrpc.java:<init>(131)) - GrpcServer channel type EpollServerSocketChannel
2025-04-23 04:26:49,630 [main] INFO  replication.ReplicationSupervisor (ReplicationSupervisor.java:build(169)) - Initializing replication supervisor with thread count = 10
2025-04-23 04:26:49,631 [main] INFO  replication.ReplicationSupervisor (ReplicationSupervisor.java:nodeStateUpdated(358)) - Node state updated to IN_SERVICE, scaling executor pool size to 10
2025-04-23 04:26:49,634 [main] INFO  http.BaseHttpServer (BaseHttpServer.java:newHttpServer2BuilderForOzone(229)) - Starting Web-server for hddsDatanode at: http://0.0.0.0:15026
2025-04-23 04:26:49,634 [main] INFO  http.BaseHttpServer (BaseHttpServer.java:<init>(107)) - Hadoop Security Enabled: false Ozone Security Enabled: false Ozone HTTP Security Enabled: false 
2025-04-23 04:26:49,636 [main] WARN  server.AuthenticationFilter (AuthenticationFilter.java:constructSecretProvider(240)) - Unable to initialize FileSignerSecretProvider, falling back to use random secrets. Reason: Could not read signature secret file: /home/runner/hadoop-http-auth-signature-secret
2025-04-23 04:26:49,639 [main] INFO  http.HttpServer2 (HttpServer2.java:addGlobalFilter(1041)) - Added global filter 'safety' (class=org.apache.hadoop.hdds.server.http.HttpServer2$QuotingInputFilter)
2025-04-23 04:26:49,640 [main] INFO  http.HttpServer2 (HttpServer2.java:addFilter(1017)) - Added filter static_user_filter (class=org.apache.hadoop.http.lib.StaticUserWebFilter$StaticUserFilter) to context hddsDatanode
2025-04-23 04:26:49,640 [main] INFO  http.HttpServer2 (HttpServer2.java:addFilter(1025)) - Added filter static_user_filter (class=org.apache.hadoop.http.lib.StaticUserWebFilter$StaticUserFilter) to context static
2025-04-23 04:26:49,640 [main] INFO  http.HttpServer2 (HttpServer2.java:addFilter(1025)) - Added filter static_user_filter (class=org.apache.hadoop.http.lib.StaticUserWebFilter$StaticUserFilter) to context logs
2025-04-23 04:26:49,641 [main] INFO  http.BaseHttpServer (BaseHttpServer.java:<init>(195)) - HTTP server of hddsDatanode uses base directory /home/runner/work/ozone/ozone/hadoop-ozone/integration-test/target/test-dir/MiniOzoneClusterImpl-ff59c164-3798-4a7f-a16d-eeed9ffb3244/ozone-meta/datanode-2/meta/webserver
2025-04-23 04:26:49,642 [main] INFO  http.HttpServer2 (HttpServer2.java:bindListener(1241)) - Jetty bound to port 15026
2025-04-23 04:26:49,642 [main] INFO  server.Server (Server.java:doStart(375)) - jetty-9.4.57.v20241219; built: 2025-01-08T21:24:30.412Z; git: df524e6b29271c2e09ba9aea83c18dc9db464a31; jvm 21.0.7+6-LTS
2025-04-23 04:26:49,643 [main] INFO  server.session (DefaultSessionIdManager.java:doStart(334)) - DefaultSessionIdManager workerName=node0
2025-04-23 04:26:49,644 [main] INFO  server.session (DefaultSessionIdManager.java:doStart(339)) - No SessionScavenger set, using defaults
2025-04-23 04:26:49,644 [main] INFO  server.session (HouseKeeper.java:startScavenging(132)) - node0 Scavenging every 660000ms
2025-04-23 04:26:49,645 [main] INFO  handler.ContextHandler (ContextHandler.java:doStart(921)) - Started o.e.j.s.ServletContextHandler@3cd2fd3d{logs,/logs,file:///home/runner/work/ozone/ozone/hadoop-ozone/integration-test/target/log,AVAILABLE}
2025-04-23 04:26:49,646 [main] INFO  handler.ContextHandler (ContextHandler.java:doStart(921)) - Started o.e.j.s.ServletContextHandler@7984c4dc{static,/static,jar:file:/home/runner/work/ozone/ozone/hadoop-hdds/container-service/target/hdds-container-service-2.1.0-SNAPSHOT.jar!/webapps/static,AVAILABLE}
2025-04-23 04:26:49,799 [main] INFO  handler.ContextHandler (ContextHandler.java:doStart(921)) - Started o.e.j.w.WebAppContext@49be663b{hddsDatanode,/,file:///home/runner/work/ozone/ozone/hadoop-ozone/integration-test/target/test-dir/MiniOzoneClusterImpl-ff59c164-3798-4a7f-a16d-eeed9ffb3244/ozone-meta/datanode-2/meta/webserver/jetty-0_0_0_0-15026-hdds-container-service-2_1_0-SNAPSHOT_jar-_-any-5957590142695590354/webapp/,AVAILABLE}{jar:file:/home/runner/work/ozone/ozone/hadoop-hdds/container-service/target/hdds-container-service-2.1.0-SNAPSHOT.jar!/webapps/hddsDatanode}
2025-04-23 04:26:49,799 [main] INFO  server.AbstractConnector (AbstractConnector.java:doStart(333)) - Started ServerConnector@14ab0760{HTTP/1.1, (http/1.1)}{0.0.0.0:15026}
2025-04-23 04:26:49,799 [main] INFO  server.Server (Server.java:doStart(415)) - Started @13218ms
2025-04-23 04:26:49,800 [main] WARN  impl.MetricsSystemImpl (MetricsSystemImpl.java:register(279)) - Sink prometheus already exists!
2025-04-23 04:26:49,800 [main] INFO  http.BaseHttpServer (BaseHttpServer.java:updateConnectorAddress(360)) - HTTP server of hddsDatanode listening at http://0.0.0.0:15026
2025-04-23 04:26:49,801 [main] INFO  ipc.CallQueueManager (CallQueueManager.java:<init>(93)) - Using callQueue: class java.util.concurrent.LinkedBlockingQueue, queueCapacity: 1000, scheduler: class org.apache.hadoop.ipc.DefaultRpcScheduler, ipcBackoff: false, ipcFailOver: false.
2025-04-23 04:26:49,801 [main] INFO  ipc.Server (Server.java:<init>(1438)) - Listener at 0.0.0.0:15027
2025-04-23 04:26:49,802 [Socket Reader #1 for port 15027] INFO  ipc.Server (Server.java:run(1474)) - Starting Socket Reader #1 for port 15027
2025-04-23 04:26:49,802 [Socket Reader #2 for port 15027] INFO  ipc.Server (Server.java:run(1474)) - Starting Socket Reader #2 for port 15027
2025-04-23 04:26:49,803 [Socket Reader #3 for port 15027] INFO  ipc.Server (Server.java:run(1474)) - Starting Socket Reader #3 for port 15027
2025-04-23 04:26:49,803 [Socket Reader #4 for port 15027] INFO  ipc.Server (Server.java:run(1474)) - Starting Socket Reader #4 for port 15027
2025-04-23 04:26:49,804 [Socket Reader #5 for port 15027] INFO  ipc.Server (Server.java:run(1474)) - Starting Socket Reader #5 for port 15027
2025-04-23 04:26:49,804 [Socket Reader #6 for port 15027] INFO  ipc.Server (Server.java:run(1474)) - Starting Socket Reader #6 for port 15027
2025-04-23 04:26:49,804 [Socket Reader #7 for port 15027] INFO  ipc.Server (Server.java:run(1474)) - Starting Socket Reader #7 for port 15027
2025-04-23 04:26:49,805 [Socket Reader #8 for port 15027] INFO  ipc.Server (Server.java:run(1474)) - Starting Socket Reader #8 for port 15027
2025-04-23 04:26:49,805 [Socket Reader #9 for port 15027] INFO  ipc.Server (Server.java:run(1474)) - Starting Socket Reader #9 for port 15027
2025-04-23 04:26:49,805 [Socket Reader #10 for port 15027] INFO  ipc.Server (Server.java:run(1474)) - Starting Socket Reader #10 for port 15027
2025-04-23 04:26:49,807 [main] INFO  ozone.HddsDatanodeService (HddsDatanodeService.java:start(325)) - Datanode start with admins: [*, runner]
2025-04-23 04:26:49,808 [main] INFO  ozone.HddsDatanodeClientProtocolServer (HddsDatanodeClientProtocolServer.java:start(76)) - RPC server for Client /0.0.0.0:15027
2025-04-23 04:26:49,808 [IPC Server Responder] INFO  ipc.Server (Server.java:run(1713)) - IPC Server Responder: starting
2025-04-23 04:26:49,809 [IPC Server listener on 15027] INFO  ipc.Server (Server.java:run(1553)) - IPC Server listener on 15027: starting
2025-04-23 04:26:49,810 [main] WARN  dropwizard3.Dm3MetricRegistriesImpl (Dm3MetricRegistriesImpl.java:addReporterRegistration(114)) - New reporters are added after registries were created. Some metrics will be missing from the reporter. Please add reporter before adding any new registry.
2025-04-23 04:26:49,810 [main] WARN  dropwizard3.Dm3MetricRegistriesImpl (Dm3MetricRegistriesImpl.java:addReporterRegistration(114)) - New reporters are added after registries were created. Some metrics will be missing from the reporter. Please add reporter before adding any new registry.
2025-04-23 04:26:49,810 [main] INFO  impl.MetricsSystemImpl (MetricsSystemImpl.java:init(158)) - HddsDatanode metrics system started (again)
2025-04-23 04:26:49,812 [4c9bf6b8-dff1-4348-8d13-20f037915169-DatanodeStateMachineDaemonThread] INFO  statemachine.DatanodeStateMachine (DatanodeStateMachine.java:startStateMachineThread(340)) - Ozone container server started.
2025-04-23 04:26:49,818 [4c9bf6b8-dff1-4348-8d13-20f037915169-DatanodeStateMachineTaskThread-0] INFO  datanode.InitDatanodeState (InitDatanodeState.java:persistContainerDatanodeDetails(139)) - DatanodeDetails is persisted to /home/runner/work/ozone/ozone/hadoop-ozone/integration-test/target/test-dir/MiniOzoneClusterImpl-ff59c164-3798-4a7f-a16d-eeed9ffb3244/ozone-meta/datanode-2/meta/datanode.id
2025-04-23 04:26:49,825 [main] INFO  protocol.DatanodeDetails (DatanodeDetails.java:validateDatanodeIpAddress(199)) - Updating IP address of datanode 10d18a7b-3cc1-41d1-8b83-572ee97c87aa(fv-az1441-587.lnin1eoc0irezeqatpkuni3jdf.cx.internal.cloudapp.net/null) to 10.1.0.164
2025-04-23 04:26:49,825 [main] INFO  ozone.HddsDatanodeService (HddsDatanodeService.java:start(234)) - HddsDatanodeService 10d18a7b-3cc1-41d1-8b83-572ee97c87aa(fv-az1441-587.lnin1eoc0irezeqatpkuni3jdf.cx.internal.cloudapp.net/10.1.0.164)
2025-04-23 04:26:49,828 [main] INFO  upgrade.AbstractLayoutVersionManager (AbstractLayoutVersionManager.java:init(80)) - Initializing Layout version manager with metadata layout = HBASE_SUPPORT (version = 8), software layout = HBASE_SUPPORT (version = 8)
2025-04-23 04:26:49,828 [main] INFO  statemachine.DatanodeStateMachine (DatanodeStateMachine.java:getEndPointTaskThreadPoolSize(297)) - Datanode State Machine Task Thread Pool size 2
2025-04-23 04:26:49,831 [main] INFO  volume.HddsVolume (HddsVolume.java:<init>(158)) - HddsVolume: { id=DS-0bcd1700-ee50-411c-97f3-c39ca4c10ce6 dir=/home/runner/work/ozone/ozone/hadoop-ozone/integration-test/target/test-dir/MiniOzoneClusterImpl-ff59c164-3798-4a7f-a16d-eeed9ffb3244/ozone-meta/datanode-3/data-0/hdds type=DISK capacity=9222449699674390527 used=0 available=9222449699674390527 minFree=5368709120 committed=0 }
2025-04-23 04:26:49,831 [main] INFO  volume.MutableVolumeSet (MutableVolumeSet.java:initializeVolumeSet(166)) - Added Volume : /home/runner/work/ozone/ozone/hadoop-ozone/integration-test/target/test-dir/MiniOzoneClusterImpl-ff59c164-3798-4a7f-a16d-eeed9ffb3244/ozone-meta/datanode-3/data-0/hdds to VolumeSet
2025-04-23 04:26:49,833 [main] INFO  volume.MutableVolumeSet (MutableVolumeSet.java:initializeVolumeSet(166)) - Added Volume : /home/runner/work/ozone/ozone/hadoop-ozone/integration-test/target/test-dir/MiniOzoneClusterImpl-ff59c164-3798-4a7f-a16d-eeed9ffb3244/ozone-meta/datanode-3/ratis to VolumeSet
2025-04-23 04:26:49,834 [main] INFO  ozoneimpl.OzoneContainer (HddsVolumeUtil.java:loadAllHddsVolumeDbStore(102)) - Load 1 volumes DbStore cost: 0ms
2025-04-23 04:26:49,834 [main] WARN  db.DBStoreBuilder (DBStoreBuilder.java:getDBDirPath(167)) - ozone.scm.datanode.id.dir is not configured. We recommend adding this setting. Falling back to ozone.metadata.dirs instead.
2025-04-23 04:26:49,835 [main] WARN  db.DBStoreBuilder (DBStoreBuilder.java:getDBDirPath(167)) - ozone.scm.datanode.id.dir is not configured. We recommend adding this setting. Falling back to ozone.metadata.dirs instead.
2025-04-23 04:26:49,849 [main] INFO  impl.FilePerChunkStrategy (FilePerChunkStrategy.java:<init>(79)) - ozone.chunk.read.mapped.buffer.max.count is load with 0
2025-04-23 04:26:49,849 [main] INFO  impl.FilePerBlockStrategy (FilePerBlockStrategy.java:<init>(87)) - ozone.chunk.read.mapped.buffer.max.count is load with 0
2025-04-23 04:26:49,850 [main] INFO  server.RaftServerConfigKeys (ConfUtils.java:logGet(46)) - raft.server.log.appender.buffer.byte-limit = 33554432 (custom)
2025-04-23 04:26:49,852 [main] INFO  server.RaftServer (ConfUtils.java:logGet(46)) - raft.rpc.type = GRPC (default)
2025-04-23 04:26:49,852 [main] INFO  grpc.GrpcConfigKeys (ConfUtils.java:logFallback(53)) - raft.grpc.admin.host = null (fallback to raft.grpc.server.host)
2025-04-23 04:26:49,852 [main] INFO  grpc.GrpcConfigKeys (ConfUtils.java:logGet(46)) - raft.grpc.admin.port = 15038 (custom)
2025-04-23 04:26:49,852 [main] INFO  grpc.GrpcConfigKeys (ConfUtils.java:logFallback(53)) - raft.grpc.client.host = null (fallback to raft.grpc.server.host)
2025-04-23 04:26:49,852 [main] INFO  grpc.GrpcConfigKeys (ConfUtils.java:logGet(46)) - raft.grpc.client.port = 15037 (custom)
2025-04-23 04:26:49,853 [main] INFO  grpc.GrpcConfigKeys (ConfUtils.java:logGet(46)) - raft.grpc.server.host = null (default)
2025-04-23 04:26:49,853 [main] INFO  grpc.GrpcConfigKeys (ConfUtils.java:logGet(46)) - raft.grpc.server.port = 15039 (custom)
2025-04-23 04:26:49,853 [main] INFO  server.GrpcService (ConfUtils.java:logGet(46)) - raft.grpc.message.size.max = 34603008 (custom)
2025-04-23 04:26:49,853 [main] INFO  server.GrpcService (ConfUtils.java:logGet(46)) - raft.grpc.flow.control.window = 5MB (=5242880) (custom)
2025-04-23 04:26:49,853 [main] INFO  server.RaftServerConfigKeys (ConfUtils.java:logGet(46)) - raft.server.rpc.request.timeout = 60s (custom)
2025-04-23 04:26:49,853 [main] INFO  grpc.GrpcConfigKeys (ConfUtils.java:logGet(46)) - raft.grpc.server.heartbeat.channel = true (default)
2025-04-23 04:26:49,853 [main] INFO  server.RaftServerConfigKeys (ConfUtils.java:logGet(46)) - raft.server.log.appender.buffer.byte-limit = 33554432 (custom)
2025-04-23 04:26:49,853 [main] INFO  grpc.GrpcConfigKeys (ConfUtils.java:logGet(46)) - raft.grpc.server.async.request.thread.pool.cached = true (default)
2025-04-23 04:26:49,853 [main] INFO  grpc.GrpcConfigKeys (ConfUtils.java:logGet(46)) - raft.grpc.server.async.request.thread.pool.size = 32 (default)
2025-04-23 04:26:49,855 [main] INFO  impl.DataStreamServerImpl (ConfUtils.java:logGet(46)) - raft.datastream.type = NETTY (custom)
2025-04-23 04:26:49,855 [main] INFO  server.RaftServerConfigKeys (ConfUtils.java:logGet(46)) - raft.server.data-stream.async.request.thread.pool.cached = false (default)
2025-04-23 04:26:49,855 [main] INFO  server.RaftServerConfigKeys (ConfUtils.java:logGet(46)) - raft.server.data-stream.async.request.thread.pool.size = 20 (custom)
2025-04-23 04:26:49,856 [main] INFO  server.RaftServerConfigKeys (ConfUtils.java:logGet(46)) - raft.server.data-stream.async.write.thread.pool.size = 16 (default)
2025-04-23 04:26:49,856 [main] INFO  netty.NettyConfigKeys$DataStream (ConfUtils.java:logGet(46)) - raft.netty.dataStream.server.channel.inactive.grace-period = 10min (default)
2025-04-23 04:26:49,856 [main] INFO  server.RaftServerConfigKeys (ConfUtils.java:logGet(46)) - raft.server.data-stream.client.pool.size = 10 (default)
2025-04-23 04:26:49,856 [main] INFO  netty.NettyConfigKeys$DataStream (ConfUtils.java:logGet(46)) - raft.netty.dataStream.server.use-epoll = true (default)
2025-04-23 04:26:49,856 [main] INFO  netty.NettyConfigKeys$DataStream (ConfUtils.java:logGet(46)) - raft.netty.dataStream.server.boss-group.size = 0 (default)
2025-04-23 04:26:49,856 [main] INFO  netty.NettyUtils (NettyUtils.java:newEventLoopGroup(74)) - Create EpollEventLoopGroup for 10d18a7b-3cc1-41d1-8b83-572ee97c87aa-NettyServerStreamRpc-bossGroup; Thread size is 0.
2025-04-23 04:26:49,857 [main] INFO  netty.NettyConfigKeys$DataStream (ConfUtils.java:logGet(46)) - raft.netty.dataStream.server.worker-group.size = 0 (default)
2025-04-23 04:26:49,857 [main] INFO  netty.NettyUtils (NettyUtils.java:newEventLoopGroup(74)) - Create EpollEventLoopGroup for 10d18a7b-3cc1-41d1-8b83-572ee97c87aa-NettyServerStreamRpc-workerGroup; Thread size is 0.
2025-04-23 04:26:49,858 [main] INFO  netty.NettyConfigKeys$DataStream (ConfUtils.java:logGet(46)) - raft.netty.dataStream.server.tls.conf = null (default)
2025-04-23 04:26:49,858 [main] INFO  netty.NettyConfigKeys$DataStream (ConfUtils.java:logGet(46)) - raft.netty.dataStream.host = null (default)
2025-04-23 04:26:49,858 [main] INFO  netty.NettyConfigKeys$DataStream (ConfUtils.java:logGet(46)) - raft.netty.dataStream.port = 15040 (custom)
2025-04-23 04:26:49,859 [main] INFO  server.RaftServerConfigKeys (ConfUtils.java:logGet(46)) - raft.server.sleep.deviation.threshold = 300ms (default)
2025-04-23 04:26:49,859 [main] INFO  server.RaftServerConfigKeys (ConfUtils.java:logGet(46)) - raft.server.close.threshold = 60s (default)
2025-04-23 04:26:49,859 [main] INFO  server.RaftServerConfigKeys (ConfUtils.java:logGet(46)) - raft.server.leaderelection.leader.step-down.wait-time = 10s (default)
2025-04-23 04:26:49,860 [main] INFO  server.RaftServerConfigKeys (ConfUtils.java:logGet(46)) - raft.server.storage.dir = [/home/runner/work/ozone/ozone/hadoop-ozone/integration-test/target/test-dir/MiniOzoneClusterImpl-ff59c164-3798-4a7f-a16d-eeed9ffb3244/ozone-meta/datanode-3/ratis] (custom)
2025-04-23 04:26:49,860 [main] INFO  server.RaftServerConfigKeys (ConfUtils.java:logGet(46)) - raft.server.threadpool.proxy.cached = true (default)
2025-04-23 04:26:49,860 [main] INFO  server.RaftServerConfigKeys (ConfUtils.java:logGet(46)) - raft.server.threadpool.proxy.size = 0 (default)
2025-04-23 04:26:49,859 [10d18a7b-3cc1-41d1-8b83-572ee97c87aa-NettyServerStreamRpc-bossGroup--thread1] INFO  logging.LoggingHandler (AbstractInternalLogger.java:log(148)) - [id: 0xc1d1005c] REGISTERED
2025-04-23 04:26:49,860 [10d18a7b-3cc1-41d1-8b83-572ee97c87aa-NettyServerStreamRpc-bossGroup--thread1] INFO  logging.LoggingHandler (AbstractInternalLogger.java:log(148)) - [id: 0xc1d1005c] BIND: 0.0.0.0/0.0.0.0:15040
2025-04-23 04:26:49,861 [10d18a7b-3cc1-41d1-8b83-572ee97c87aa-NettyServerStreamRpc-bossGroup--thread1] INFO  logging.LoggingHandler (AbstractInternalLogger.java:log(148)) - [id: 0xc1d1005c, L:/0.0.0.0:15040] ACTIVE
2025-04-23 04:26:49,861 [10d18a7b-3cc1-41d1-8b83-572ee97c87aa-impl-thread1] INFO  server.RaftServer (RaftServerProxy.java:initGroupDir(265)) - 10d18a7b-3cc1-41d1-8b83-572ee97c87aa: found a subdirectory /home/runner/work/ozone/ozone/hadoop-ozone/integration-test/target/test-dir/MiniOzoneClusterImpl-ff59c164-3798-4a7f-a16d-eeed9ffb3244/ozone-meta/datanode-3/ratis/tmp
2025-04-23 04:26:49,861 [10d18a7b-3cc1-41d1-8b83-572ee97c87aa-impl-thread1] INFO  server.RaftServer (RaftServerProxy.java:initGroupDir(270)) - 10d18a7b-3cc1-41d1-8b83-572ee97c87aa: The directory /home/runner/work/ozone/ozone/hadoop-ozone/integration-test/target/test-dir/MiniOzoneClusterImpl-ff59c164-3798-4a7f-a16d-eeed9ffb3244/ozone-meta/datanode-3/ratis/tmp is not a group directory; ignoring it. 
2025-04-23 04:26:49,862 [main] INFO  replication.ReplicationServer (ReplicationServer.java:<init>(84)) - Initializing replication server with thread count = 10 queue length = 4096
2025-04-23 04:26:49,863 [main] INFO  server.XceiverServerGrpc (XceiverServerGrpc.java:<init>(131)) - GrpcServer channel type EpollServerSocketChannel
2025-04-23 04:26:49,864 [main] INFO  replication.ReplicationSupervisor (ReplicationSupervisor.java:build(169)) - Initializing replication supervisor with thread count = 10
2025-04-23 04:26:49,864 [main] INFO  replication.ReplicationSupervisor (ReplicationSupervisor.java:nodeStateUpdated(358)) - Node state updated to IN_SERVICE, scaling executor pool size to 10
2025-04-23 04:26:49,867 [main] INFO  http.BaseHttpServer (BaseHttpServer.java:newHttpServer2BuilderForOzone(229)) - Starting Web-server for hddsDatanode at: http://0.0.0.0:15034
2025-04-23 04:26:49,867 [main] INFO  http.BaseHttpServer (BaseHttpServer.java:<init>(107)) - Hadoop Security Enabled: false Ozone Security Enabled: false Ozone HTTP Security Enabled: false 
2025-04-23 04:26:49,868 [main] WARN  server.AuthenticationFilter (AuthenticationFilter.java:constructSecretProvider(240)) - Unable to initialize FileSignerSecretProvider, falling back to use random secrets. Reason: Could not read signature secret file: /home/runner/hadoop-http-auth-signature-secret
2025-04-23 04:26:49,870 [main] INFO  http.HttpServer2 (HttpServer2.java:addGlobalFilter(1041)) - Added global filter 'safety' (class=org.apache.hadoop.hdds.server.http.HttpServer2$QuotingInputFilter)
2025-04-23 04:26:49,871 [main] INFO  http.HttpServer2 (HttpServer2.java:addFilter(1017)) - Added filter static_user_filter (class=org.apache.hadoop.http.lib.StaticUserWebFilter$StaticUserFilter) to context hddsDatanode
2025-04-23 04:26:49,871 [main] INFO  http.HttpServer2 (HttpServer2.java:addFilter(1025)) - Added filter static_user_filter (class=org.apache.hadoop.http.lib.StaticUserWebFilter$StaticUserFilter) to context static
2025-04-23 04:26:49,871 [main] INFO  http.HttpServer2 (HttpServer2.java:addFilter(1025)) - Added filter static_user_filter (class=org.apache.hadoop.http.lib.StaticUserWebFilter$StaticUserFilter) to context logs
2025-04-23 04:26:49,872 [main] INFO  http.BaseHttpServer (BaseHttpServer.java:<init>(195)) - HTTP server of hddsDatanode uses base directory /home/runner/work/ozone/ozone/hadoop-ozone/integration-test/target/test-dir/MiniOzoneClusterImpl-ff59c164-3798-4a7f-a16d-eeed9ffb3244/ozone-meta/datanode-3/meta/webserver
2025-04-23 04:26:49,872 [main] INFO  http.HttpServer2 (HttpServer2.java:bindListener(1241)) - Jetty bound to port 15034
2025-04-23 04:26:49,872 [main] INFO  server.Server (Server.java:doStart(375)) - jetty-9.4.57.v20241219; built: 2025-01-08T21:24:30.412Z; git: df524e6b29271c2e09ba9aea83c18dc9db464a31; jvm 21.0.7+6-LTS
2025-04-23 04:26:49,875 [main] INFO  server.session (DefaultSessionIdManager.java:doStart(334)) - DefaultSessionIdManager workerName=node0
2025-04-23 04:26:49,875 [main] INFO  server.session (DefaultSessionIdManager.java:doStart(339)) - No SessionScavenger set, using defaults
2025-04-23 04:26:49,875 [main] INFO  server.session (HouseKeeper.java:startScavenging(132)) - node0 Scavenging every 600000ms
2025-04-23 04:26:49,876 [main] INFO  handler.ContextHandler (ContextHandler.java:doStart(921)) - Started o.e.j.s.ServletContextHandler@13f4d61b{logs,/logs,file:///home/runner/work/ozone/ozone/hadoop-ozone/integration-test/target/log,AVAILABLE}
2025-04-23 04:26:49,876 [main] INFO  handler.ContextHandler (ContextHandler.java:doStart(921)) - Started o.e.j.s.ServletContextHandler@1d87e100{static,/static,jar:file:/home/runner/work/ozone/ozone/hadoop-hdds/container-service/target/hdds-container-service-2.1.0-SNAPSHOT.jar!/webapps/static,AVAILABLE}
2025-04-23 04:26:50,007 [main] INFO  handler.ContextHandler (ContextHandler.java:doStart(921)) - Started o.e.j.w.WebAppContext@19283990{hddsDatanode,/,file:///home/runner/work/ozone/ozone/hadoop-ozone/integration-test/target/test-dir/MiniOzoneClusterImpl-ff59c164-3798-4a7f-a16d-eeed9ffb3244/ozone-meta/datanode-3/meta/webserver/jetty-0_0_0_0-15034-hdds-container-service-2_1_0-SNAPSHOT_jar-_-any-4165587353427176884/webapp/,AVAILABLE}{jar:file:/home/runner/work/ozone/ozone/hadoop-hdds/container-service/target/hdds-container-service-2.1.0-SNAPSHOT.jar!/webapps/hddsDatanode}
2025-04-23 04:26:50,008 [main] INFO  server.AbstractConnector (AbstractConnector.java:doStart(333)) - Started ServerConnector@30166c45{HTTP/1.1, (http/1.1)}{0.0.0.0:15034}
2025-04-23 04:26:50,008 [main] INFO  server.Server (Server.java:doStart(415)) - Started @13427ms
2025-04-23 04:26:50,008 [main] WARN  impl.MetricsSystemImpl (MetricsSystemImpl.java:register(279)) - Sink prometheus already exists!
2025-04-23 04:26:50,009 [main] INFO  http.BaseHttpServer (BaseHttpServer.java:updateConnectorAddress(360)) - HTTP server of hddsDatanode listening at http://0.0.0.0:15034
2025-04-23 04:26:50,009 [main] INFO  ipc.CallQueueManager (CallQueueManager.java:<init>(93)) - Using callQueue: class java.util.concurrent.LinkedBlockingQueue, queueCapacity: 1000, scheduler: class org.apache.hadoop.ipc.DefaultRpcScheduler, ipcBackoff: false, ipcFailOver: false.
2025-04-23 04:26:50,009 [main] INFO  ipc.Server (Server.java:<init>(1438)) - Listener at 0.0.0.0:15035
2025-04-23 04:26:50,010 [Socket Reader #1 for port 15035] INFO  ipc.Server (Server.java:run(1474)) - Starting Socket Reader #1 for port 15035
2025-04-23 04:26:50,010 [Socket Reader #2 for port 15035] INFO  ipc.Server (Server.java:run(1474)) - Starting Socket Reader #2 for port 15035
2025-04-23 04:26:50,010 [Socket Reader #3 for port 15035] INFO  ipc.Server (Server.java:run(1474)) - Starting Socket Reader #3 for port 15035
2025-04-23 04:26:50,011 [Socket Reader #5 for port 15035] INFO  ipc.Server (Server.java:run(1474)) - Starting Socket Reader #5 for port 15035
2025-04-23 04:26:50,010 [Socket Reader #4 for port 15035] INFO  ipc.Server (Server.java:run(1474)) - Starting Socket Reader #4 for port 15035
2025-04-23 04:26:50,011 [Socket Reader #7 for port 15035] INFO  ipc.Server (Server.java:run(1474)) - Starting Socket Reader #7 for port 15035
2025-04-23 04:26:50,011 [Socket Reader #8 for port 15035] INFO  ipc.Server (Server.java:run(1474)) - Starting Socket Reader #8 for port 15035
2025-04-23 04:26:50,011 [Socket Reader #6 for port 15035] INFO  ipc.Server (Server.java:run(1474)) - Starting Socket Reader #6 for port 15035
2025-04-23 04:26:50,011 [Socket Reader #9 for port 15035] INFO  ipc.Server (Server.java:run(1474)) - Starting Socket Reader #9 for port 15035
2025-04-23 04:26:50,012 [Socket Reader #10 for port 15035] INFO  ipc.Server (Server.java:run(1474)) - Starting Socket Reader #10 for port 15035
2025-04-23 04:26:50,013 [main] INFO  ozone.HddsDatanodeService (HddsDatanodeService.java:start(325)) - Datanode start with admins: [*, runner]
2025-04-23 04:26:50,013 [main] INFO  ozone.HddsDatanodeClientProtocolServer (HddsDatanodeClientProtocolServer.java:start(76)) - RPC server for Client /0.0.0.0:15035
2025-04-23 04:26:50,014 [IPC Server Responder] INFO  ipc.Server (Server.java:run(1713)) - IPC Server Responder: starting
2025-04-23 04:26:50,014 [IPC Server listener on 15035] INFO  ipc.Server (Server.java:run(1553)) - IPC Server listener on 15035: starting
2025-04-23 04:26:50,018 [10d18a7b-3cc1-41d1-8b83-572ee97c87aa-DatanodeStateMachineDaemonThread] INFO  statemachine.DatanodeStateMachine (DatanodeStateMachine.java:startStateMachineThread(340)) - Ozone container server started.
2025-04-23 04:26:50,020 [main] INFO  ozone.MiniOzoneClusterImpl (MiniOzoneClusterImpl.java:lambda$waitForClusterToBeReady$0(190)) - Waiting for nodes to be ready. Got 0 of 3 DN Heartbeats.
2025-04-23 04:26:50,020 [main] INFO  ozone.MiniOzoneClusterImpl (MiniOzoneClusterImpl.java:lambda$waitForClusterToBeReady$0(193)) - Waiting for cluster to exit safe mode
2025-04-23 04:26:50,020 [main] INFO  ozone.MiniOzoneClusterImpl (MiniOzoneClusterImpl.java:lambda$waitForClusterToBeReady$0(195)) - SCM became leader
2025-04-23 04:26:50,022 [10d18a7b-3cc1-41d1-8b83-572ee97c87aa-DatanodeStateMachineTaskThread-0] INFO  datanode.InitDatanodeState (InitDatanodeState.java:persistContainerDatanodeDetails(139)) - DatanodeDetails is persisted to /home/runner/work/ozone/ozone/hadoop-ozone/integration-test/target/test-dir/MiniOzoneClusterImpl-ff59c164-3798-4a7f-a16d-eeed9ffb3244/ozone-meta/datanode-3/meta/datanode.id
2025-04-23 04:26:50,130 [baf21fd8-fe83-4245-9dfa-94651746f6f6-EndpointStateMachineTaskThread-/0.0.0.0:15002-0 ] INFO  utils.DatanodeStoreCache (DatanodeStoreCache.java:addDB(71)) - Added db /home/runner/work/ozone/ozone/hadoop-ozone/integration-test/target/test-dir/MiniOzoneClusterImpl-ff59c164-3798-4a7f-a16d-eeed9ffb3244/ozone-meta/datanode-1/data-0/hdds/ff59c164-3798-4a7f-a16d-eeed9ffb3244/DS-a244af38-4354-4f4c-8cf9-00da9955a6fb/container.db to cache
2025-04-23 04:26:50,130 [baf21fd8-fe83-4245-9dfa-94651746f6f6-EndpointStateMachineTaskThread-/0.0.0.0:15002-0 ] INFO  volume.HddsVolume (HddsVolume.java:createDbStore(510)) - SchemaV3 db is created and loaded at /home/runner/work/ozone/ozone/hadoop-ozone/integration-test/target/test-dir/MiniOzoneClusterImpl-ff59c164-3798-4a7f-a16d-eeed9ffb3244/ozone-meta/datanode-1/data-0/hdds/ff59c164-3798-4a7f-a16d-eeed9ffb3244/DS-a244af38-4354-4f4c-8cf9-00da9955a6fb/container.db for volume DS-a244af38-4354-4f4c-8cf9-00da9955a6fb
2025-04-23 04:26:50,137 [baf21fd8-fe83-4245-9dfa-94651746f6f6-ContainerReader-0] INFO  ozoneimpl.ContainerReader (ContainerReader.java:readVolume(144)) - Start to verify containers on volume /home/runner/work/ozone/ozone/hadoop-ozone/integration-test/target/test-dir/MiniOzoneClusterImpl-ff59c164-3798-4a7f-a16d-eeed9ffb3244/ozone-meta/datanode-1/data-0/hdds
2025-04-23 04:26:50,137 [baf21fd8-fe83-4245-9dfa-94651746f6f6-ContainerReader-0] INFO  ozoneimpl.ContainerReader (ContainerReader.java:readVolume(174)) - Finish verifying containers on volume /home/runner/work/ozone/ozone/hadoop-ozone/integration-test/target/test-dir/MiniOzoneClusterImpl-ff59c164-3798-4a7f-a16d-eeed9ffb3244/ozone-meta/datanode-1/data-0/hdds
2025-04-23 04:26:50,138 [baf21fd8-fe83-4245-9dfa-94651746f6f6-EndpointStateMachineTaskThread-/0.0.0.0:15002-0 ] INFO  ozoneimpl.OzoneContainer (OzoneContainer.java:buildContainerSet(364)) - Build ContainerSet costs 0s
2025-04-23 04:26:50,138 [baf21fd8-fe83-4245-9dfa-94651746f6f6-EndpointStateMachineTaskThread-/0.0.0.0:15002-0 ] INFO  volume.ThrottledAsyncChecker (ThrottledAsyncChecker.java:schedule(138)) - Scheduling a check for /home/runner/work/ozone/ozone/hadoop-ozone/integration-test/target/test-dir/MiniOzoneClusterImpl-ff59c164-3798-4a7f-a16d-eeed9ffb3244/ozone-meta/datanode-1/data-0/hdds
2025-04-23 04:26:50,143 [baf21fd8-fe83-4245-9dfa-94651746f6f6-EndpointStateMachineTaskThread-/0.0.0.0:15002-0 ] INFO  volume.StorageVolumeChecker (StorageVolumeChecker.java:checkAllVolumes(215)) - Scheduled health check for volume /home/runner/work/ozone/ozone/hadoop-ozone/integration-test/target/test-dir/MiniOzoneClusterImpl-ff59c164-3798-4a7f-a16d-eeed9ffb3244/ozone-meta/datanode-1/data-0/hdds
2025-04-23 04:26:50,149 [baf21fd8-fe83-4245-9dfa-94651746f6f6-EndpointStateMachineTaskThread-/0.0.0.0:15002-0 ] INFO  volume.ThrottledAsyncChecker (ThrottledAsyncChecker.java:schedule(138)) - Scheduling a check for /home/runner/work/ozone/ozone/hadoop-ozone/integration-test/target/test-dir/MiniOzoneClusterImpl-ff59c164-3798-4a7f-a16d-eeed9ffb3244/ozone-meta/datanode-1/ratis
2025-04-23 04:26:50,149 [baf21fd8-fe83-4245-9dfa-94651746f6f6-EndpointStateMachineTaskThread-/0.0.0.0:15002-0 ] INFO  volume.StorageVolumeChecker (StorageVolumeChecker.java:checkAllVolumes(215)) - Scheduled health check for volume /home/runner/work/ozone/ozone/hadoop-ozone/integration-test/target/test-dir/MiniOzoneClusterImpl-ff59c164-3798-4a7f-a16d-eeed9ffb3244/ozone-meta/datanode-1/ratis
2025-04-23 04:26:50,150 [baf21fd8-fe83-4245-9dfa-94651746f6f6-EndpointStateMachineTaskThread-/0.0.0.0:15002-0 ] INFO  ozoneimpl.OzoneContainer (OzoneContainer.java:start(512)) - Attempting to start container services.
2025-04-23 04:26:50,157 [ContainerMetadataScanner] INFO  ozoneimpl.AbstractBackgroundContainerScanner (AbstractBackgroundContainerScanner.java:runIteration(89)) - Completed an iteration in 0 minutes. Number of iterations (since the data-node restart) : 1, Number of containers scanned in this iteration : 0, Number of unhealthy containers found in this iteration : 0
2025-04-23 04:26:50,159 [baf21fd8-fe83-4245-9dfa-94651746f6f6-EndpointStateMachineTaskThread-/0.0.0.0:15002-0 ] INFO  replication.ReplicationServer (ReplicationServer.java:start(137)) - ReplicationServer is started using port 15025
2025-04-23 04:26:50,160 [baf21fd8-fe83-4245-9dfa-94651746f6f6-EndpointStateMachineTaskThread-/0.0.0.0:15002-0 ] INFO  ratis.XceiverServerRatis (XceiverServerRatis.java:start(559)) - Starting XceiverServerRatis(baf21fd8-fe83-4245-9dfa-94651746f6f6)
2025-04-23 04:26:50,160 [ContainerDataScanner(/home/runner/work/ozone/ozone/hadoop-ozone/integration-test/target/test-dir/MiniOzoneClusterImpl-ff59c164-3798-4a7f-a16d-eeed9ffb3244/ozone-meta/datanode-1/data-0/hdds)] INFO  ozoneimpl.AbstractBackgroundContainerScanner (AbstractBackgroundContainerScanner.java:runIteration(89)) - Completed an iteration in 0 minutes. Number of iterations (since the data-node restart) : 1, Number of containers scanned in this iteration : 0, Number of unhealthy containers found in this iteration : 0
2025-04-23 04:26:50,161 [baf21fd8-fe83-4245-9dfa-94651746f6f6-EndpointStateMachineTaskThread-/0.0.0.0:15002-0 ] INFO  server.RaftServer (RaftServerProxy.java:startImpl(407)) - baf21fd8-fe83-4245-9dfa-94651746f6f6: start RPC server
2025-04-23 04:26:50,162 [baf21fd8-fe83-4245-9dfa-94651746f6f6-EndpointStateMachineTaskThread-/0.0.0.0:15002-0 ] INFO  server.GrpcService (GrpcService.java:startImpl(334)) - baf21fd8-fe83-4245-9dfa-94651746f6f6: GrpcService started, listening on 15021
2025-04-23 04:26:50,162 [baf21fd8-fe83-4245-9dfa-94651746f6f6-EndpointStateMachineTaskThread-/0.0.0.0:15002-0 ] INFO  server.GrpcService (GrpcService.java:startImpl(334)) - baf21fd8-fe83-4245-9dfa-94651746f6f6: GrpcService started, listening on 15023
2025-04-23 04:26:50,162 [baf21fd8-fe83-4245-9dfa-94651746f6f6-EndpointStateMachineTaskThread-/0.0.0.0:15002-0 ] INFO  server.GrpcService (GrpcService.java:startImpl(334)) - baf21fd8-fe83-4245-9dfa-94651746f6f6: GrpcService started, listening on 15022
2025-04-23 04:26:50,163 [baf21fd8-fe83-4245-9dfa-94651746f6f6-EndpointStateMachineTaskThread-/0.0.0.0:15002-0 ] INFO  ratis.XceiverServerRatis (XceiverServerRatis.java:getRealPort(586)) - XceiverServerRatis(baf21fd8-fe83-4245-9dfa-94651746f6f6) is started using port RATIS=15021
2025-04-23 04:26:50,163 [baf21fd8-fe83-4245-9dfa-94651746f6f6-EndpointStateMachineTaskThread-/0.0.0.0:15002-0 ] INFO  ratis.XceiverServerRatis (XceiverServerRatis.java:getRealPort(586)) - XceiverServerRatis(baf21fd8-fe83-4245-9dfa-94651746f6f6) is started using port RATIS_ADMIN=15022
2025-04-23 04:26:50,163 [JvmPauseMonitor5] INFO  util.JvmPauseMonitor (JvmPauseMonitor.java:run(146)) - JvmPauseMonitor-baf21fd8-fe83-4245-9dfa-94651746f6f6: Started
2025-04-23 04:26:50,163 [baf21fd8-fe83-4245-9dfa-94651746f6f6-EndpointStateMachineTaskThread-/0.0.0.0:15002-0 ] INFO  ratis.XceiverServerRatis (XceiverServerRatis.java:getRealPort(586)) - XceiverServerRatis(baf21fd8-fe83-4245-9dfa-94651746f6f6) is started using port RATIS_SERVER=15023
2025-04-23 04:26:50,164 [baf21fd8-fe83-4245-9dfa-94651746f6f6-EndpointStateMachineTaskThread-/0.0.0.0:15002-0 ] INFO  ratis.XceiverServerRatis (XceiverServerRatis.java:getRealPort(586)) - XceiverServerRatis(baf21fd8-fe83-4245-9dfa-94651746f6f6) is started using port RATIS_DATASTREAM=15024
2025-04-23 04:26:50,166 [baf21fd8-fe83-4245-9dfa-94651746f6f6-BlockDeletingService#0] INFO  interfaces.ContainerDeletionChoosingPolicyTemplate (ContainerDeletionChoosingPolicyTemplate.java:chooseContainerForBlockDeletion(83)) - Chosen 0/5000 blocks from 0 candidate containers.
2025-04-23 04:26:50,343 [4c9bf6b8-dff1-4348-8d13-20f037915169-EndpointStateMachineTaskThread-/0.0.0.0:15002-0 ] INFO  utils.DatanodeStoreCache (DatanodeStoreCache.java:addDB(71)) - Added db /home/runner/work/ozone/ozone/hadoop-ozone/integration-test/target/test-dir/MiniOzoneClusterImpl-ff59c164-3798-4a7f-a16d-eeed9ffb3244/ozone-meta/datanode-2/data-0/hdds/ff59c164-3798-4a7f-a16d-eeed9ffb3244/DS-9fb60b76-f0f4-45a6-90e6-02bb17381bcb/container.db to cache
2025-04-23 04:26:50,343 [4c9bf6b8-dff1-4348-8d13-20f037915169-EndpointStateMachineTaskThread-/0.0.0.0:15002-0 ] INFO  volume.HddsVolume (HddsVolume.java:createDbStore(510)) - SchemaV3 db is created and loaded at /home/runner/work/ozone/ozone/hadoop-ozone/integration-test/target/test-dir/MiniOzoneClusterImpl-ff59c164-3798-4a7f-a16d-eeed9ffb3244/ozone-meta/datanode-2/data-0/hdds/ff59c164-3798-4a7f-a16d-eeed9ffb3244/DS-9fb60b76-f0f4-45a6-90e6-02bb17381bcb/container.db for volume DS-9fb60b76-f0f4-45a6-90e6-02bb17381bcb
2025-04-23 04:26:50,345 [4c9bf6b8-dff1-4348-8d13-20f037915169-ContainerReader-0] INFO  ozoneimpl.ContainerReader (ContainerReader.java:readVolume(144)) - Start to verify containers on volume /home/runner/work/ozone/ozone/hadoop-ozone/integration-test/target/test-dir/MiniOzoneClusterImpl-ff59c164-3798-4a7f-a16d-eeed9ffb3244/ozone-meta/datanode-2/data-0/hdds
2025-04-23 04:26:50,346 [4c9bf6b8-dff1-4348-8d13-20f037915169-ContainerReader-0] INFO  ozoneimpl.ContainerReader (ContainerReader.java:readVolume(174)) - Finish verifying containers on volume /home/runner/work/ozone/ozone/hadoop-ozone/integration-test/target/test-dir/MiniOzoneClusterImpl-ff59c164-3798-4a7f-a16d-eeed9ffb3244/ozone-meta/datanode-2/data-0/hdds
2025-04-23 04:26:50,346 [4c9bf6b8-dff1-4348-8d13-20f037915169-EndpointStateMachineTaskThread-/0.0.0.0:15002-0 ] INFO  ozoneimpl.OzoneContainer (OzoneContainer.java:buildContainerSet(364)) - Build ContainerSet costs 0s
2025-04-23 04:26:50,346 [4c9bf6b8-dff1-4348-8d13-20f037915169-EndpointStateMachineTaskThread-/0.0.0.0:15002-0 ] INFO  volume.ThrottledAsyncChecker (ThrottledAsyncChecker.java:schedule(138)) - Scheduling a check for /home/runner/work/ozone/ozone/hadoop-ozone/integration-test/target/test-dir/MiniOzoneClusterImpl-ff59c164-3798-4a7f-a16d-eeed9ffb3244/ozone-meta/datanode-2/data-0/hdds
2025-04-23 04:26:50,347 [4c9bf6b8-dff1-4348-8d13-20f037915169-EndpointStateMachineTaskThread-/0.0.0.0:15002-0 ] INFO  volume.StorageVolumeChecker (StorageVolumeChecker.java:checkAllVolumes(215)) - Scheduled health check for volume /home/runner/work/ozone/ozone/hadoop-ozone/integration-test/target/test-dir/MiniOzoneClusterImpl-ff59c164-3798-4a7f-a16d-eeed9ffb3244/ozone-meta/datanode-2/data-0/hdds
2025-04-23 04:26:50,350 [4c9bf6b8-dff1-4348-8d13-20f037915169-EndpointStateMachineTaskThread-/0.0.0.0:15002-0 ] INFO  volume.ThrottledAsyncChecker (ThrottledAsyncChecker.java:schedule(138)) - Scheduling a check for /home/runner/work/ozone/ozone/hadoop-ozone/integration-test/target/test-dir/MiniOzoneClusterImpl-ff59c164-3798-4a7f-a16d-eeed9ffb3244/ozone-meta/datanode-2/ratis
2025-04-23 04:26:50,350 [4c9bf6b8-dff1-4348-8d13-20f037915169-EndpointStateMachineTaskThread-/0.0.0.0:15002-0 ] INFO  volume.StorageVolumeChecker (StorageVolumeChecker.java:checkAllVolumes(215)) - Scheduled health check for volume /home/runner/work/ozone/ozone/hadoop-ozone/integration-test/target/test-dir/MiniOzoneClusterImpl-ff59c164-3798-4a7f-a16d-eeed9ffb3244/ozone-meta/datanode-2/ratis
2025-04-23 04:26:50,351 [4c9bf6b8-dff1-4348-8d13-20f037915169-EndpointStateMachineTaskThread-/0.0.0.0:15002-0 ] INFO  ozoneimpl.OzoneContainer (OzoneContainer.java:start(512)) - Attempting to start container services.
2025-04-23 04:26:50,352 [4c9bf6b8-dff1-4348-8d13-20f037915169-EndpointStateMachineTaskThread-/0.0.0.0:15002-0 ] WARN  ozoneimpl.OnDemandContainerDataScanner (OnDemandContainerDataScanner.java:init(74)) - Trying to initialize on demand scanner a second time on a datanode.
2025-04-23 04:26:50,352 [ContainerMetadataScanner] INFO  ozoneimpl.AbstractBackgroundContainerScanner (AbstractBackgroundContainerScanner.java:runIteration(89)) - Completed an iteration in 0 minutes. Number of iterations (since the data-node restart) : 1, Number of containers scanned in this iteration : 0, Number of unhealthy containers found in this iteration : 0
2025-04-23 04:26:50,353 [ContainerDataScanner(/home/runner/work/ozone/ozone/hadoop-ozone/integration-test/target/test-dir/MiniOzoneClusterImpl-ff59c164-3798-4a7f-a16d-eeed9ffb3244/ozone-meta/datanode-2/data-0/hdds)] INFO  ozoneimpl.AbstractBackgroundContainerScanner (AbstractBackgroundContainerScanner.java:runIteration(89)) - Completed an iteration in 0 minutes. Number of iterations (since the data-node restart) : 1, Number of containers scanned in this iteration : 0, Number of unhealthy containers found in this iteration : 0
2025-04-23 04:26:50,353 [4c9bf6b8-dff1-4348-8d13-20f037915169-EndpointStateMachineTaskThread-/0.0.0.0:15002-0 ] INFO  replication.ReplicationServer (ReplicationServer.java:start(137)) - ReplicationServer is started using port 15033
2025-04-23 04:26:50,353 [4c9bf6b8-dff1-4348-8d13-20f037915169-EndpointStateMachineTaskThread-/0.0.0.0:15002-0 ] INFO  ratis.XceiverServerRatis (XceiverServerRatis.java:start(559)) - Starting XceiverServerRatis(4c9bf6b8-dff1-4348-8d13-20f037915169)
2025-04-23 04:26:50,354 [4c9bf6b8-dff1-4348-8d13-20f037915169-EndpointStateMachineTaskThread-/0.0.0.0:15002-0 ] INFO  server.RaftServer (RaftServerProxy.java:startImpl(407)) - 4c9bf6b8-dff1-4348-8d13-20f037915169: start RPC server
2025-04-23 04:26:50,354 [4c9bf6b8-dff1-4348-8d13-20f037915169-EndpointStateMachineTaskThread-/0.0.0.0:15002-0 ] INFO  server.GrpcService (GrpcService.java:startImpl(334)) - 4c9bf6b8-dff1-4348-8d13-20f037915169: GrpcService started, listening on 15029
2025-04-23 04:26:50,355 [4c9bf6b8-dff1-4348-8d13-20f037915169-EndpointStateMachineTaskThread-/0.0.0.0:15002-0 ] INFO  server.GrpcService (GrpcService.java:startImpl(334)) - 4c9bf6b8-dff1-4348-8d13-20f037915169: GrpcService started, listening on 15031
2025-04-23 04:26:50,355 [4c9bf6b8-dff1-4348-8d13-20f037915169-EndpointStateMachineTaskThread-/0.0.0.0:15002-0 ] INFO  server.GrpcService (GrpcService.java:startImpl(334)) - 4c9bf6b8-dff1-4348-8d13-20f037915169: GrpcService started, listening on 15030
2025-04-23 04:26:50,356 [4c9bf6b8-dff1-4348-8d13-20f037915169-EndpointStateMachineTaskThread-/0.0.0.0:15002-0 ] INFO  ratis.XceiverServerRatis (XceiverServerRatis.java:getRealPort(586)) - XceiverServerRatis(4c9bf6b8-dff1-4348-8d13-20f037915169) is started using port RATIS=15029
2025-04-23 04:26:50,356 [JvmPauseMonitor6] INFO  util.JvmPauseMonitor (JvmPauseMonitor.java:run(146)) - JvmPauseMonitor-4c9bf6b8-dff1-4348-8d13-20f037915169: Started
2025-04-23 04:26:50,356 [4c9bf6b8-dff1-4348-8d13-20f037915169-EndpointStateMachineTaskThread-/0.0.0.0:15002-0 ] INFO  ratis.XceiverServerRatis (XceiverServerRatis.java:getRealPort(586)) - XceiverServerRatis(4c9bf6b8-dff1-4348-8d13-20f037915169) is started using port RATIS_ADMIN=15030
2025-04-23 04:26:50,356 [4c9bf6b8-dff1-4348-8d13-20f037915169-EndpointStateMachineTaskThread-/0.0.0.0:15002-0 ] INFO  ratis.XceiverServerRatis (XceiverServerRatis.java:getRealPort(586)) - XceiverServerRatis(4c9bf6b8-dff1-4348-8d13-20f037915169) is started using port RATIS_SERVER=15031
2025-04-23 04:26:50,356 [4c9bf6b8-dff1-4348-8d13-20f037915169-EndpointStateMachineTaskThread-/0.0.0.0:15002-0 ] INFO  ratis.XceiverServerRatis (XceiverServerRatis.java:getRealPort(586)) - XceiverServerRatis(4c9bf6b8-dff1-4348-8d13-20f037915169) is started using port RATIS_DATASTREAM=15032
2025-04-23 04:26:50,357 [4c9bf6b8-dff1-4348-8d13-20f037915169-BlockDeletingService#0] INFO  interfaces.ContainerDeletionChoosingPolicyTemplate (ContainerDeletionChoosingPolicyTemplate.java:chooseContainerForBlockDeletion(83)) - Chosen 0/5000 blocks from 0 candidate containers.
2025-04-23 04:26:50,551 [10d18a7b-3cc1-41d1-8b83-572ee97c87aa-EndpointStateMachineTaskThread-/0.0.0.0:15002-0 ] INFO  utils.DatanodeStoreCache (DatanodeStoreCache.java:addDB(71)) - Added db /home/runner/work/ozone/ozone/hadoop-ozone/integration-test/target/test-dir/MiniOzoneClusterImpl-ff59c164-3798-4a7f-a16d-eeed9ffb3244/ozone-meta/datanode-3/data-0/hdds/ff59c164-3798-4a7f-a16d-eeed9ffb3244/DS-11c36239-5384-4089-a6b3-baede316d133/container.db to cache
2025-04-23 04:26:50,551 [10d18a7b-3cc1-41d1-8b83-572ee97c87aa-EndpointStateMachineTaskThread-/0.0.0.0:15002-0 ] INFO  volume.HddsVolume (HddsVolume.java:createDbStore(510)) - SchemaV3 db is created and loaded at /home/runner/work/ozone/ozone/hadoop-ozone/integration-test/target/test-dir/MiniOzoneClusterImpl-ff59c164-3798-4a7f-a16d-eeed9ffb3244/ozone-meta/datanode-3/data-0/hdds/ff59c164-3798-4a7f-a16d-eeed9ffb3244/DS-11c36239-5384-4089-a6b3-baede316d133/container.db for volume DS-11c36239-5384-4089-a6b3-baede316d133
2025-04-23 04:26:50,553 [10d18a7b-3cc1-41d1-8b83-572ee97c87aa-ContainerReader-0] INFO  ozoneimpl.ContainerReader (ContainerReader.java:readVolume(144)) - Start to verify containers on volume /home/runner/work/ozone/ozone/hadoop-ozone/integration-test/target/test-dir/MiniOzoneClusterImpl-ff59c164-3798-4a7f-a16d-eeed9ffb3244/ozone-meta/datanode-3/data-0/hdds
2025-04-23 04:26:50,554 [10d18a7b-3cc1-41d1-8b83-572ee97c87aa-ContainerReader-0] INFO  ozoneimpl.ContainerReader (ContainerReader.java:readVolume(174)) - Finish verifying containers on volume /home/runner/work/ozone/ozone/hadoop-ozone/integration-test/target/test-dir/MiniOzoneClusterImpl-ff59c164-3798-4a7f-a16d-eeed9ffb3244/ozone-meta/datanode-3/data-0/hdds
2025-04-23 04:26:50,554 [10d18a7b-3cc1-41d1-8b83-572ee97c87aa-EndpointStateMachineTaskThread-/0.0.0.0:15002-0 ] INFO  ozoneimpl.OzoneContainer (OzoneContainer.java:buildContainerSet(364)) - Build ContainerSet costs 0s
2025-04-23 04:26:50,554 [10d18a7b-3cc1-41d1-8b83-572ee97c87aa-EndpointStateMachineTaskThread-/0.0.0.0:15002-0 ] INFO  volume.ThrottledAsyncChecker (ThrottledAsyncChecker.java:schedule(138)) - Scheduling a check for /home/runner/work/ozone/ozone/hadoop-ozone/integration-test/target/test-dir/MiniOzoneClusterImpl-ff59c164-3798-4a7f-a16d-eeed9ffb3244/ozone-meta/datanode-3/data-0/hdds
2025-04-23 04:26:50,555 [10d18a7b-3cc1-41d1-8b83-572ee97c87aa-EndpointStateMachineTaskThread-/0.0.0.0:15002-0 ] INFO  volume.StorageVolumeChecker (StorageVolumeChecker.java:checkAllVolumes(215)) - Scheduled health check for volume /home/runner/work/ozone/ozone/hadoop-ozone/integration-test/target/test-dir/MiniOzoneClusterImpl-ff59c164-3798-4a7f-a16d-eeed9ffb3244/ozone-meta/datanode-3/data-0/hdds
2025-04-23 04:26:50,558 [10d18a7b-3cc1-41d1-8b83-572ee97c87aa-EndpointStateMachineTaskThread-/0.0.0.0:15002-0 ] INFO  volume.ThrottledAsyncChecker (ThrottledAsyncChecker.java:schedule(138)) - Scheduling a check for /home/runner/work/ozone/ozone/hadoop-ozone/integration-test/target/test-dir/MiniOzoneClusterImpl-ff59c164-3798-4a7f-a16d-eeed9ffb3244/ozone-meta/datanode-3/ratis
2025-04-23 04:26:50,559 [10d18a7b-3cc1-41d1-8b83-572ee97c87aa-EndpointStateMachineTaskThread-/0.0.0.0:15002-0 ] INFO  volume.StorageVolumeChecker (StorageVolumeChecker.java:checkAllVolumes(215)) - Scheduled health check for volume /home/runner/work/ozone/ozone/hadoop-ozone/integration-test/target/test-dir/MiniOzoneClusterImpl-ff59c164-3798-4a7f-a16d-eeed9ffb3244/ozone-meta/datanode-3/ratis
2025-04-23 04:26:50,560 [10d18a7b-3cc1-41d1-8b83-572ee97c87aa-EndpointStateMachineTaskThread-/0.0.0.0:15002-0 ] INFO  ozoneimpl.OzoneContainer (OzoneContainer.java:start(512)) - Attempting to start container services.
2025-04-23 04:26:50,560 [10d18a7b-3cc1-41d1-8b83-572ee97c87aa-EndpointStateMachineTaskThread-/0.0.0.0:15002-0 ] WARN  ozoneimpl.OnDemandContainerDataScanner (OnDemandContainerDataScanner.java:init(74)) - Trying to initialize on demand scanner a second time on a datanode.
2025-04-23 04:26:50,560 [ContainerMetadataScanner] INFO  ozoneimpl.AbstractBackgroundContainerScanner (AbstractBackgroundContainerScanner.java:runIteration(89)) - Completed an iteration in 0 minutes. Number of iterations (since the data-node restart) : 1, Number of containers scanned in this iteration : 0, Number of unhealthy containers found in this iteration : 0
2025-04-23 04:26:50,561 [ContainerDataScanner(/home/runner/work/ozone/ozone/hadoop-ozone/integration-test/target/test-dir/MiniOzoneClusterImpl-ff59c164-3798-4a7f-a16d-eeed9ffb3244/ozone-meta/datanode-3/data-0/hdds)] INFO  ozoneimpl.AbstractBackgroundContainerScanner (AbstractBackgroundContainerScanner.java:runIteration(89)) - Completed an iteration in 0 minutes. Number of iterations (since the data-node restart) : 1, Number of containers scanned in this iteration : 0, Number of unhealthy containers found in this iteration : 0
2025-04-23 04:26:50,561 [10d18a7b-3cc1-41d1-8b83-572ee97c87aa-EndpointStateMachineTaskThread-/0.0.0.0:15002-0 ] INFO  replication.ReplicationServer (ReplicationServer.java:start(137)) - ReplicationServer is started using port 15041
2025-04-23 04:26:50,562 [10d18a7b-3cc1-41d1-8b83-572ee97c87aa-EndpointStateMachineTaskThread-/0.0.0.0:15002-0 ] INFO  ratis.XceiverServerRatis (XceiverServerRatis.java:start(559)) - Starting XceiverServerRatis(10d18a7b-3cc1-41d1-8b83-572ee97c87aa)
2025-04-23 04:26:50,562 [10d18a7b-3cc1-41d1-8b83-572ee97c87aa-EndpointStateMachineTaskThread-/0.0.0.0:15002-0 ] INFO  server.RaftServer (RaftServerProxy.java:startImpl(407)) - 10d18a7b-3cc1-41d1-8b83-572ee97c87aa: start RPC server
2025-04-23 04:26:50,563 [10d18a7b-3cc1-41d1-8b83-572ee97c87aa-EndpointStateMachineTaskThread-/0.0.0.0:15002-0 ] INFO  server.GrpcService (GrpcService.java:startImpl(334)) - 10d18a7b-3cc1-41d1-8b83-572ee97c87aa: GrpcService started, listening on 15037
2025-04-23 04:26:50,563 [10d18a7b-3cc1-41d1-8b83-572ee97c87aa-EndpointStateMachineTaskThread-/0.0.0.0:15002-0 ] INFO  server.GrpcService (GrpcService.java:startImpl(334)) - 10d18a7b-3cc1-41d1-8b83-572ee97c87aa: GrpcService started, listening on 15039
2025-04-23 04:26:50,563 [10d18a7b-3cc1-41d1-8b83-572ee97c87aa-EndpointStateMachineTaskThread-/0.0.0.0:15002-0 ] INFO  server.GrpcService (GrpcService.java:startImpl(334)) - 10d18a7b-3cc1-41d1-8b83-572ee97c87aa: GrpcService started, listening on 15038
2025-04-23 04:26:50,564 [10d18a7b-3cc1-41d1-8b83-572ee97c87aa-EndpointStateMachineTaskThread-/0.0.0.0:15002-0 ] INFO  ratis.XceiverServerRatis (XceiverServerRatis.java:getRealPort(586)) - XceiverServerRatis(10d18a7b-3cc1-41d1-8b83-572ee97c87aa) is started using port RATIS=15037
2025-04-23 04:26:50,564 [JvmPauseMonitor7] INFO  util.JvmPauseMonitor (JvmPauseMonitor.java:run(146)) - JvmPauseMonitor-10d18a7b-3cc1-41d1-8b83-572ee97c87aa: Started
2025-04-23 04:26:50,564 [10d18a7b-3cc1-41d1-8b83-572ee97c87aa-EndpointStateMachineTaskThread-/0.0.0.0:15002-0 ] INFO  ratis.XceiverServerRatis (XceiverServerRatis.java:getRealPort(586)) - XceiverServerRatis(10d18a7b-3cc1-41d1-8b83-572ee97c87aa) is started using port RATIS_ADMIN=15038
2025-04-23 04:26:50,564 [10d18a7b-3cc1-41d1-8b83-572ee97c87aa-EndpointStateMachineTaskThread-/0.0.0.0:15002-0 ] INFO  ratis.XceiverServerRatis (XceiverServerRatis.java:getRealPort(586)) - XceiverServerRatis(10d18a7b-3cc1-41d1-8b83-572ee97c87aa) is started using port RATIS_SERVER=15039
2025-04-23 04:26:50,564 [10d18a7b-3cc1-41d1-8b83-572ee97c87aa-EndpointStateMachineTaskThread-/0.0.0.0:15002-0 ] INFO  ratis.XceiverServerRatis (XceiverServerRatis.java:getRealPort(586)) - XceiverServerRatis(10d18a7b-3cc1-41d1-8b83-572ee97c87aa) is started using port RATIS_DATASTREAM=15040
2025-04-23 04:26:50,565 [10d18a7b-3cc1-41d1-8b83-572ee97c87aa-BlockDeletingService#0] INFO  interfaces.ContainerDeletionChoosingPolicyTemplate (ContainerDeletionChoosingPolicyTemplate.java:chooseContainerForBlockDeletion(83)) - Chosen 0/5000 blocks from 0 candidate containers.
2025-04-23 04:26:50,579 [IPC Server handler 11 on default port 15002] INFO  net.NetworkTopologyImpl (NetworkTopologyImpl.java:add(133)) - Added a new node: /default-rack/baf21fd8-fe83-4245-9dfa-94651746f6f6
2025-04-23 04:26:50,580 [IPC Server handler 11 on default port 15002] INFO  node.SCMNodeManager (SCMNodeManager.java:register(425)) - Registered datanode: baf21fd8-fe83-4245-9dfa-94651746f6f6{ip: 127.0.0.1, host: localhost, ports: [HTTP=15018, CLIENT_RPC=15019, REPLICATION=15025, RATIS=15021, RATIS_ADMIN=15022, RATIS_SERVER=15023, RATIS_DATASTREAM=15024, STANDALONE=15020], networkLocation: /default-rack, certSerialId: null, persistedOpState: null, persistedOpStateExpiryEpochSec: 0}
2025-04-23 04:26:50,582 [EventQueue-NewNodeForNewNodeHandler] INFO  pipeline.BackgroundPipelineCreator (BackgroundPipelineCreator.java:notifyEventTriggered(291)) - trigger a one-shot run on RatisPipelineUtilsThread.
2025-04-23 04:26:50,583 [EventQueue-NodeRegistrationContainerReportForDataNodeSafeModeRule] INFO  safemode.SCMSafeModeManager (DataNodeSafeModeRule.java:process(79)) - SCM in safe mode. 1 DataNodes registered, 3 required.
2025-04-23 04:26:50,583 [EventQueue-PipelineReportForOneReplicaPipelineSafeModeRule] INFO  safemode.SCMSafeModeManager (SCMSafeModeManager.java:validateSafeModeExitRules(186)) - AtleastOneDatanodeReportedRule rule is successfully validated
2025-04-23 04:26:50,583 [EventQueue-ContainerRegistrationReportForRatisContainerSafeModeRule] INFO  safemode.SCMSafeModeManager (SCMSafeModeManager.java:validateSafeModeExitRules(186)) - RatisContainerSafeModeRule rule is successfully validated
2025-04-23 04:26:50,583 [EventQueue-ContainerRegistrationReportForECContainerSafeModeRule] INFO  safemode.SCMSafeModeManager (SCMSafeModeManager.java:validateSafeModeExitRules(186)) - ECContainerSafeModeRule rule is successfully validated
2025-04-23 04:26:50,587 [RatisPipelineUtilsThread-0] INFO  pipeline.RatisPipelineProvider (RatisPipelineProvider.java:lambda$create$0(208)) - Sending CreatePipelineCommand for pipeline:PipelineID=e0e309c8-9a5a-4e4c-ab30-30ad776ce79a to datanode:baf21fd8-fe83-4245-9dfa-94651746f6f6(localhost/127.0.0.1)
2025-04-23 04:26:50,629 [bf7db134-45a1-4f19-9c9a-e33221f9a916@group-EEED9FFB3244-StateMachineUpdater] INFO  safemode.HealthyPipelineSafeModeRule (HealthyPipelineSafeModeRule.java:initializeRule(174)) - Refreshed total pipeline count is 0, healthy pipeline threshold count is 1
2025-04-23 04:26:50,631 [RatisPipelineUtilsThread-0] INFO  pipeline.BackgroundPipelineCreator (BackgroundPipelineCreator.java:createPipelines(247)) - Created new pipeline Pipeline{ Id: e0e309c8-9a5a-4e4c-ab30-30ad776ce79a, Nodes: [ {baf21fd8-fe83-4245-9dfa-94651746f6f6(localhost/127.0.0.1), ReplicaIndex: 0},], ReplicationConfig: RATIS/ONE, State:ALLOCATED, leaderId:, CreationTimestamp2025-04-23T04:26:50.586298994Z[Etc/UTC]}
2025-04-23 04:26:50,813 [IPC Server handler 1 on default port 15002] INFO  net.NetworkTopologyImpl (NetworkTopologyImpl.java:add(133)) - Added a new node: /default-rack/4c9bf6b8-dff1-4348-8d13-20f037915169
2025-04-23 04:26:50,814 [IPC Server handler 1 on default port 15002] INFO  node.SCMNodeManager (SCMNodeManager.java:register(425)) - Registered datanode: 4c9bf6b8-dff1-4348-8d13-20f037915169{ip: 127.0.0.1, host: localhost, ports: [HTTP=15026, CLIENT_RPC=15027, REPLICATION=15033, RATIS=15029, RATIS_ADMIN=15030, RATIS_SERVER=15031, RATIS_DATASTREAM=15032, STANDALONE=15028], networkLocation: /default-rack, certSerialId: null, persistedOpState: null, persistedOpStateExpiryEpochSec: 0}
2025-04-23 04:26:50,814 [EventQueue-NodeRegistrationContainerReportForDataNodeSafeModeRule] INFO  safemode.SCMSafeModeManager (DataNodeSafeModeRule.java:process(79)) - SCM in safe mode. 2 DataNodes registered, 3 required.
2025-04-23 04:26:50,814 [EventQueue-NewNodeForNewNodeHandler] INFO  pipeline.BackgroundPipelineCreator (BackgroundPipelineCreator.java:notifyEventTriggered(291)) - trigger a one-shot run on RatisPipelineUtilsThread.
2025-04-23 04:26:50,815 [RatisPipelineUtilsThread-0] INFO  pipeline.RatisPipelineProvider (RatisPipelineProvider.java:lambda$create$0(208)) - Sending CreatePipelineCommand for pipeline:PipelineID=367d929d-ae1d-43a8-b6d6-a1d636eadc31 to datanode:4c9bf6b8-dff1-4348-8d13-20f037915169(localhost/127.0.0.1)
2025-04-23 04:26:50,817 [bf7db134-45a1-4f19-9c9a-e33221f9a916@group-EEED9FFB3244-StateMachineUpdater] INFO  safemode.HealthyPipelineSafeModeRule (HealthyPipelineSafeModeRule.java:initializeRule(174)) - Refreshed total pipeline count is 0, healthy pipeline threshold count is 1
2025-04-23 04:26:50,818 [RatisPipelineUtilsThread-0] INFO  pipeline.BackgroundPipelineCreator (BackgroundPipelineCreator.java:createPipelines(247)) - Created new pipeline Pipeline{ Id: 367d929d-ae1d-43a8-b6d6-a1d636eadc31, Nodes: [ {4c9bf6b8-dff1-4348-8d13-20f037915169(localhost/127.0.0.1), ReplicaIndex: 0},], ReplicationConfig: RATIS/ONE, State:ALLOCATED, leaderId:, CreationTimestamp2025-04-23T04:26:50.815341420Z[Etc/UTC]}
2025-04-23 04:26:51,020 [main] INFO  ozone.MiniOzoneClusterImpl (MiniOzoneClusterImpl.java:lambda$waitForClusterToBeReady$0(190)) - Waiting for nodes to be ready. Got 2 of 3 DN Heartbeats.
2025-04-23 04:26:51,020 [main] INFO  ozone.MiniOzoneClusterImpl (MiniOzoneClusterImpl.java:lambda$waitForClusterToBeReady$0(193)) - Waiting for cluster to exit safe mode
2025-04-23 04:26:51,020 [main] INFO  ozone.MiniOzoneClusterImpl (MiniOzoneClusterImpl.java:lambda$waitForClusterToBeReady$0(195)) - SCM became leader
2025-04-23 04:26:51,020 [IPC Server handler 5 on default port 15002] INFO  net.NetworkTopologyImpl (NetworkTopologyImpl.java:add(133)) - Added a new node: /default-rack/10d18a7b-3cc1-41d1-8b83-572ee97c87aa
2025-04-23 04:26:51,021 [IPC Server handler 5 on default port 15002] INFO  node.SCMNodeManager (SCMNodeManager.java:register(425)) - Registered datanode: 10d18a7b-3cc1-41d1-8b83-572ee97c87aa{ip: 127.0.0.1, host: localhost, ports: [HTTP=15034, CLIENT_RPC=15035, REPLICATION=15041, RATIS=15037, RATIS_ADMIN=15038, RATIS_SERVER=15039, RATIS_DATASTREAM=15040, STANDALONE=15036], networkLocation: /default-rack, certSerialId: null, persistedOpState: null, persistedOpStateExpiryEpochSec: 0}
2025-04-23 04:26:51,021 [EventQueue-NewNodeForNewNodeHandler] INFO  pipeline.BackgroundPipelineCreator (BackgroundPipelineCreator.java:notifyEventTriggered(291)) - trigger a one-shot run on RatisPipelineUtilsThread.
2025-04-23 04:26:51,021 [EventQueue-NodeRegistrationContainerReportForDataNodeSafeModeRule] INFO  safemode.SCMSafeModeManager (DataNodeSafeModeRule.java:process(79)) - SCM in safe mode. 3 DataNodes registered, 3 required.
2025-04-23 04:26:51,021 [EventQueue-NodeRegistrationContainerReportForDataNodeSafeModeRule] INFO  safemode.SCMSafeModeManager (SCMSafeModeManager.java:validateSafeModeExitRules(186)) - DataNodeSafeModeRule rule is successfully validated
2025-04-23 04:26:51,021 [EventQueue-NodeRegistrationContainerReportForDataNodeSafeModeRule] INFO  safemode.SCMSafeModeManager (SCMSafeModeManager.java:completePreCheck(215)) - All SCM safe mode pre check rules have passed
2025-04-23 04:26:51,021 [EventQueue-NodeRegistrationContainerReportForDataNodeSafeModeRule] INFO  ha.SCMContext (SCMContext.java:updateSafeModeStatus(224)) - Update SafeModeStatus from SafeModeStatus{safeModeStatus=true, preCheckPassed=false} to SafeModeStatus{safeModeStatus=true, preCheckPassed=true}.
2025-04-23 04:26:51,021 [EventQueue-NodeRegistrationContainerReportForDataNodeSafeModeRule] INFO  pipeline.BackgroundPipelineCreator (BackgroundPipelineCreator.java:notifyEventTriggered(291)) - trigger a one-shot run on RatisPipelineUtilsThread.
2025-04-23 04:26:51,022 [RatisPipelineUtilsThread-0] INFO  pipeline.RatisPipelineProvider (RatisPipelineProvider.java:lambda$create$0(208)) - Sending CreatePipelineCommand for pipeline:PipelineID=f6e2510d-09a5-45d1-a1bd-18f743b1ab73 to datanode:10d18a7b-3cc1-41d1-8b83-572ee97c87aa(localhost/127.0.0.1)
2025-04-23 04:26:51,024 [bf7db134-45a1-4f19-9c9a-e33221f9a916@group-EEED9FFB3244-StateMachineUpdater] INFO  safemode.HealthyPipelineSafeModeRule (HealthyPipelineSafeModeRule.java:initializeRule(174)) - Refreshed total pipeline count is 0, healthy pipeline threshold count is 1
2025-04-23 04:26:51,024 [RatisPipelineUtilsThread-0] INFO  pipeline.BackgroundPipelineCreator (BackgroundPipelineCreator.java:createPipelines(247)) - Created new pipeline Pipeline{ Id: f6e2510d-09a5-45d1-a1bd-18f743b1ab73, Nodes: [ {10d18a7b-3cc1-41d1-8b83-572ee97c87aa(localhost/127.0.0.1), ReplicaIndex: 0},], ReplicationConfig: RATIS/ONE, State:ALLOCATED, leaderId:, CreationTimestamp2025-04-23T04:26:51.021842283Z[Etc/UTC]}
2025-04-23 04:26:51,027 [RatisPipelineUtilsThread-0] INFO  pipeline.RatisPipelineProvider (RatisPipelineProvider.java:lambda$create$0(208)) - Sending CreatePipelineCommand for pipeline:PipelineID=62edc9d3-8464-4391-ae20-f5b1e3443a36 to datanode:baf21fd8-fe83-4245-9dfa-94651746f6f6(localhost/127.0.0.1)
2025-04-23 04:26:51,027 [RatisPipelineUtilsThread-0] INFO  pipeline.RatisPipelineProvider (RatisPipelineProvider.java:lambda$create$0(208)) - Sending CreatePipelineCommand for pipeline:PipelineID=62edc9d3-8464-4391-ae20-f5b1e3443a36 to datanode:10d18a7b-3cc1-41d1-8b83-572ee97c87aa(localhost/127.0.0.1)
2025-04-23 04:26:51,027 [RatisPipelineUtilsThread-0] INFO  pipeline.RatisPipelineProvider (RatisPipelineProvider.java:lambda$create$0(208)) - Sending CreatePipelineCommand for pipeline:PipelineID=62edc9d3-8464-4391-ae20-f5b1e3443a36 to datanode:4c9bf6b8-dff1-4348-8d13-20f037915169(localhost/127.0.0.1)
2025-04-23 04:26:51,030 [bf7db134-45a1-4f19-9c9a-e33221f9a916@group-EEED9FFB3244-StateMachineUpdater] INFO  safemode.HealthyPipelineSafeModeRule (HealthyPipelineSafeModeRule.java:initializeRule(174)) - Refreshed total pipeline count is 0, healthy pipeline threshold count is 1
2025-04-23 04:26:51,031 [RatisPipelineUtilsThread-0] INFO  pipeline.BackgroundPipelineCreator (BackgroundPipelineCreator.java:createPipelines(247)) - Created new pipeline Pipeline{ Id: 62edc9d3-8464-4391-ae20-f5b1e3443a36, Nodes: [ {baf21fd8-fe83-4245-9dfa-94651746f6f6(localhost/127.0.0.1), ReplicaIndex: 0}, {10d18a7b-3cc1-41d1-8b83-572ee97c87aa(localhost/127.0.0.1), ReplicaIndex: 0}, {4c9bf6b8-dff1-4348-8d13-20f037915169(localhost/127.0.0.1), ReplicaIndex: 0},], ReplicationConfig: RATIS/THREE, State:ALLOCATED, leaderId:, CreationTimestamp2025-04-23T04:26:51.027754631Z[Etc/UTC]}
2025-04-23 04:26:51,032 [RatisPipelineUtilsThread-0] INFO  pipeline.RatisPipelineProvider (RatisPipelineProvider.java:lambda$create$0(208)) - Sending CreatePipelineCommand for pipeline:PipelineID=243dee80-d9db-4c08-9b44-e359f0ef759b to datanode:4c9bf6b8-dff1-4348-8d13-20f037915169(localhost/127.0.0.1)
2025-04-23 04:26:51,032 [RatisPipelineUtilsThread-0] INFO  pipeline.RatisPipelineProvider (RatisPipelineProvider.java:lambda$create$0(208)) - Sending CreatePipelineCommand for pipeline:PipelineID=243dee80-d9db-4c08-9b44-e359f0ef759b to datanode:10d18a7b-3cc1-41d1-8b83-572ee97c87aa(localhost/127.0.0.1)
2025-04-23 04:26:51,032 [RatisPipelineUtilsThread-0] INFO  pipeline.RatisPipelineProvider (RatisPipelineProvider.java:lambda$create$0(208)) - Sending CreatePipelineCommand for pipeline:PipelineID=243dee80-d9db-4c08-9b44-e359f0ef759b to datanode:baf21fd8-fe83-4245-9dfa-94651746f6f6(localhost/127.0.0.1)
2025-04-23 04:26:51,035 [bf7db134-45a1-4f19-9c9a-e33221f9a916@group-EEED9FFB3244-StateMachineUpdater] INFO  safemode.HealthyPipelineSafeModeRule (HealthyPipelineSafeModeRule.java:initializeRule(174)) - Refreshed total pipeline count is 0, healthy pipeline threshold count is 1
2025-04-23 04:26:51,035 [RatisPipelineUtilsThread-0] INFO  pipeline.PipelineManagerImpl (PipelineManagerImpl.java:recordMetricsForPipeline(921)) - Pipeline: PipelineID=243dee80-d9db-4c08-9b44-e359f0ef759b contains same datanodes as previous pipelines: PipelineID=62edc9d3-8464-4391-ae20-f5b1e3443a36 nodeIds: 4c9bf6b8-dff1-4348-8d13-20f037915169, 10d18a7b-3cc1-41d1-8b83-572ee97c87aa, baf21fd8-fe83-4245-9dfa-94651746f6f6
2025-04-23 04:26:51,036 [RatisPipelineUtilsThread-0] INFO  pipeline.BackgroundPipelineCreator (BackgroundPipelineCreator.java:createPipelines(247)) - Created new pipeline Pipeline{ Id: 243dee80-d9db-4c08-9b44-e359f0ef759b, Nodes: [ {4c9bf6b8-dff1-4348-8d13-20f037915169(localhost/127.0.0.1), ReplicaIndex: 0}, {10d18a7b-3cc1-41d1-8b83-572ee97c87aa(localhost/127.0.0.1), ReplicaIndex: 0}, {baf21fd8-fe83-4245-9dfa-94651746f6f6(localhost/127.0.0.1), ReplicaIndex: 0},], ReplicationConfig: RATIS/THREE, State:ALLOCATED, leaderId:, CreationTimestamp2025-04-23T04:26:51.032009056Z[Etc/UTC]}
2025-04-23 04:26:52,021 [main] INFO  ozone.MiniOzoneClusterImpl (MiniOzoneClusterImpl.java:lambda$waitForClusterToBeReady$0(190)) - Nodes are ready. Got 3 of 3 DN Heartbeats.
2025-04-23 04:26:52,021 [main] INFO  ozone.MiniOzoneClusterImpl (MiniOzoneClusterImpl.java:lambda$waitForClusterToBeReady$0(193)) - Waiting for cluster to exit safe mode
2025-04-23 04:26:52,021 [main] INFO  ozone.MiniOzoneClusterImpl (MiniOzoneClusterImpl.java:lambda$waitForClusterToBeReady$0(195)) - SCM became leader
2025-04-23 04:26:52,536 [10d18a7b-3cc1-41d1-8b83-572ee97c87aa-PipelineCommandHandlerThread-0] INFO  server.RaftServer (RaftServerProxy.java:addNew(100)) - 10d18a7b-3cc1-41d1-8b83-572ee97c87aa: addNew group-18F743B1AB73:[10d18a7b-3cc1-41d1-8b83-572ee97c87aa|127.0.0.1:15039] returns group-18F743B1AB73:java.util.concurrent.CompletableFuture@42827497[Not completed]
2025-04-23 04:26:52,542 [10d18a7b-3cc1-41d1-8b83-572ee97c87aa-groupManagement] INFO  server.RaftServer$Division (RaftServerImpl.java:<init>(255)) - 10d18a7b-3cc1-41d1-8b83-572ee97c87aa: new RaftServerImpl for group-18F743B1AB73:[10d18a7b-3cc1-41d1-8b83-572ee97c87aa|127.0.0.1:15039] with ContainerStateMachine:uninitialized
2025-04-23 04:26:52,542 [10d18a7b-3cc1-41d1-8b83-572ee97c87aa-groupManagement] INFO  server.RaftServerConfigKeys (ConfUtils.java:logGet(46)) - raft.server.rpc.timeout.min = 5s (custom)
2025-04-23 04:26:52,542 [10d18a7b-3cc1-41d1-8b83-572ee97c87aa-groupManagement] INFO  server.RaftServerConfigKeys (ConfUtils.java:logGet(46)) - raft.server.rpc.timeout.max = 5200ms (custom)
2025-04-23 04:26:52,542 [10d18a7b-3cc1-41d1-8b83-572ee97c87aa-groupManagement] INFO  server.RaftServerConfigKeys (ConfUtils.java:logGet(46)) - raft.server.rpc.sleep.time = 25ms (default)
2025-04-23 04:26:52,542 [10d18a7b-3cc1-41d1-8b83-572ee97c87aa-groupManagement] INFO  server.RaftServerConfigKeys (ConfUtils.java:logGet(46)) - raft.server.rpc.slowness.timeout = 300s (custom)
2025-04-23 04:26:52,542 [10d18a7b-3cc1-41d1-8b83-572ee97c87aa-groupManagement] INFO  server.RaftServerConfigKeys (ConfUtils.java:logGet(46)) - raft.server.leaderelection.leader.step-down.wait-time = 10s (default)
2025-04-23 04:26:52,542 [10d18a7b-3cc1-41d1-8b83-572ee97c87aa-groupManagement] INFO  server.RaftServerConfigKeys (ConfUtils.java:logGet(46)) - raft.server.leaderelection.member.majority-add = false (default)
2025-04-23 04:26:52,542 [10d18a7b-3cc1-41d1-8b83-572ee97c87aa-groupManagement] INFO  server.RaftServerConfigKeys (ConfUtils.java:logGet(46)) - raft.server.sleep.deviation.threshold = 300ms (default)
2025-04-23 04:26:52,542 [10d18a7b-3cc1-41d1-8b83-572ee97c87aa-groupManagement] INFO  server.RaftServer$Division (ServerState.java:<init>(114)) - 10d18a7b-3cc1-41d1-8b83-572ee97c87aa@group-18F743B1AB73: ConfigurationManager, init=conf: {index: -1, cur=peers:[10d18a7b-3cc1-41d1-8b83-572ee97c87aa|127.0.0.1:15039]|listeners:[], old=null}, confs=<EMPTY_MAP>
2025-04-23 04:26:52,542 [10d18a7b-3cc1-41d1-8b83-572ee97c87aa-groupManagement] INFO  server.RaftServerConfigKeys (ConfUtils.java:logGet(46)) - raft.server.notification.no-leader.timeout = 300s (custom)
2025-04-23 04:26:52,542 [10d18a7b-3cc1-41d1-8b83-572ee97c87aa-groupManagement] INFO  server.RaftServerConfigKeys (ConfUtils.java:logGet(46)) - raft.server.read.timeout = 10s (default)
2025-04-23 04:26:52,542 [10d18a7b-3cc1-41d1-8b83-572ee97c87aa-groupManagement] INFO  server.RaftServerConfigKeys (ConfUtils.java:logGet(46)) - raft.server.retrycache.expirytime = 600000ms (custom)
2025-04-23 04:26:52,543 [10d18a7b-3cc1-41d1-8b83-572ee97c87aa-groupManagement] INFO  server.RaftServerConfigKeys (ConfUtils.java:logGet(46)) - raft.server.retrycache.statistics.expirytime = 100ms (default)
2025-04-23 04:26:52,543 [10d18a7b-3cc1-41d1-8b83-572ee97c87aa-groupManagement] INFO  server.RaftServerConfigKeys (ConfUtils.java:logGet(46)) - raft.server.read.option = DEFAULT (default)
2025-04-23 04:26:52,543 [10d18a7b-3cc1-41d1-8b83-572ee97c87aa-groupManagement] INFO  server.RaftServerConfigKeys (ConfUtils.java:logGet(46)) - raft.server.read.read-after-write-consistent.write-index-cache.expiry-time = 60s (default)
2025-04-23 04:26:52,548 [10d18a7b-3cc1-41d1-8b83-572ee97c87aa-groupManagement] INFO  server.RaftServerConfigKeys (ConfUtils.java:logGet(46)) - raft.server.rpc.request.timeout = 60s (custom)
2025-04-23 04:26:52,548 [10d18a7b-3cc1-41d1-8b83-572ee97c87aa-groupManagement] INFO  server.RaftServerConfigKeys (ConfUtils.java:logGet(46)) - raft.server.log.appender.install.snapshot.enabled = false (custom)
2025-04-23 04:26:52,548 [10d18a7b-3cc1-41d1-8b83-572ee97c87aa-groupManagement] INFO  server.RaftServerConfigKeys (ConfUtils.java:logGet(46)) - raft.server.threadpool.server.cached = true (default)
2025-04-23 04:26:52,548 [10d18a7b-3cc1-41d1-8b83-572ee97c87aa-groupManagement] INFO  server.RaftServerConfigKeys (ConfUtils.java:logGet(46)) - raft.server.threadpool.server.size = 0 (default)
2025-04-23 04:26:52,548 [10d18a7b-3cc1-41d1-8b83-572ee97c87aa-groupManagement] INFO  server.RaftServerConfigKeys (ConfUtils.java:logGet(46)) - raft.server.threadpool.client.cached = true (default)
2025-04-23 04:26:52,548 [10d18a7b-3cc1-41d1-8b83-572ee97c87aa-groupManagement] INFO  server.RaftServerConfigKeys (ConfUtils.java:logGet(46)) - raft.server.threadpool.client.size = 0 (default)
2025-04-23 04:26:52,548 [10d18a7b-3cc1-41d1-8b83-572ee97c87aa-groupManagement] INFO  server.RaftServerConfigKeys (ConfUtils.java:logGet(46)) - raft.server.storage.free-space.min = 0MB (=0) (default)
2025-04-23 04:26:52,548 [10d18a7b-3cc1-41d1-8b83-572ee97c87aa-groupManagement] INFO  server.RaftServerConfigKeys (ConfUtils.java:logGet(46)) - raft.server.log.corruption.policy = EXCEPTION (default)
2025-04-23 04:26:52,548 [10d18a7b-3cc1-41d1-8b83-572ee97c87aa-groupManagement] INFO  server.RaftServerConfigKeys (ConfUtils.java:logGet(46)) - raft.server.storage.dir = [/home/runner/work/ozone/ozone/hadoop-ozone/integration-test/target/test-dir/MiniOzoneClusterImpl-ff59c164-3798-4a7f-a16d-eeed9ffb3244/ozone-meta/datanode-3/ratis] (custom)
2025-04-23 04:26:52,549 [10d18a7b-3cc1-41d1-8b83-572ee97c87aa-groupManagement] INFO  storage.RaftStorageDirectory (RaftStorageDirectoryImpl.java:analyzeStorage(138)) - The storage directory /home/runner/work/ozone/ozone/hadoop-ozone/integration-test/target/test-dir/MiniOzoneClusterImpl-ff59c164-3798-4a7f-a16d-eeed9ffb3244/ozone-meta/datanode-3/ratis/f6e2510d-09a5-45d1-a1bd-18f743b1ab73 does not exist. Creating ...
2025-04-23 04:26:52,551 [10d18a7b-3cc1-41d1-8b83-572ee97c87aa-groupManagement] INFO  storage.RaftStorageDirectory (RaftStorageDirectoryImpl.java:tryLock(229)) - Lock on /home/runner/work/ozone/ozone/hadoop-ozone/integration-test/target/test-dir/MiniOzoneClusterImpl-ff59c164-3798-4a7f-a16d-eeed9ffb3244/ozone-meta/datanode-3/ratis/f6e2510d-09a5-45d1-a1bd-18f743b1ab73/in_use.lock acquired by nodename 129558@fv-az1441-587
2025-04-23 04:26:52,552 [10d18a7b-3cc1-41d1-8b83-572ee97c87aa-groupManagement] INFO  storage.RaftStorage (RaftStorageImpl.java:format(98)) - Storage directory /home/runner/work/ozone/ozone/hadoop-ozone/integration-test/target/test-dir/MiniOzoneClusterImpl-ff59c164-3798-4a7f-a16d-eeed9ffb3244/ozone-meta/datanode-3/ratis/f6e2510d-09a5-45d1-a1bd-18f743b1ab73 has been successfully formatted.
2025-04-23 04:26:52,554 [10d18a7b-3cc1-41d1-8b83-572ee97c87aa-groupManagement] INFO  ratis.ContainerStateMachine (ContainerStateMachine.java:initialize(339)) - 10d18a7b-3cc1-41d1-8b83-572ee97c87aa: initialize group-18F743B1AB73
2025-04-23 04:26:52,554 [10d18a7b-3cc1-41d1-8b83-572ee97c87aa-groupManagement] INFO  ratis.ContainerStateMachine (ContainerStateMachine.java:loadSnapshot(347)) - group-18F743B1AB73: The snapshot info is null. Setting the last applied index to:(t:0, i:~)
2025-04-23 04:26:52,554 [10d18a7b-3cc1-41d1-8b83-572ee97c87aa-groupManagement] INFO  server.RaftServerConfigKeys (ConfUtils.java:logGet(46)) - raft.server.log.use.memory = false (default)
2025-04-23 04:26:52,554 [10d18a7b-3cc1-41d1-8b83-572ee97c87aa-groupManagement] INFO  server.RaftServerConfigKeys (ConfUtils.java:logGet(46)) - raft.server.log.purge.gap = 1000000 (custom)
2025-04-23 04:26:52,554 [10d18a7b-3cc1-41d1-8b83-572ee97c87aa-groupManagement] INFO  server.RaftServerConfigKeys (ConfUtils.java:logGet(46)) - raft.server.log.appender.buffer.byte-limit = 33554432 (custom)
2025-04-23 04:26:52,555 [10d18a7b-3cc1-41d1-8b83-572ee97c87aa-groupManagement] INFO  server.RaftServerConfigKeys (ConfUtils.java:logGet(46)) - raft.server.log.statemachine.data.read.timeout = 1000ms (default)
2025-04-23 04:26:52,555 [10d18a7b-3cc1-41d1-8b83-572ee97c87aa-groupManagement] INFO  server.RaftServerConfigKeys (ConfUtils.java:logGet(46)) - raft.server.log.purge.preservation.log.num = 0 (default)
2025-04-23 04:26:52,557 [10d18a7b-3cc1-41d1-8b83-572ee97c87aa-groupManagement] INFO  server.RaftServerConfigKeys (ConfUtils.java:logGet(46)) - raft.server.log.segment.size.max = 67108864 (custom)
2025-04-23 04:26:52,557 [10d18a7b-3cc1-41d1-8b83-572ee97c87aa-groupManagement] INFO  server.RaftServerConfigKeys (ConfUtils.java:logGet(46)) - raft.server.log.segment.cache.num.max = 2 (custom)
2025-04-23 04:26:52,557 [10d18a7b-3cc1-41d1-8b83-572ee97c87aa-groupManagement] INFO  server.RaftServerConfigKeys (ConfUtils.java:logGet(46)) - raft.server.log.segment.cache.size.max = 200MB (=209715200) (default)
2025-04-23 04:26:52,558 [10d18a7b-3cc1-41d1-8b83-572ee97c87aa-groupManagement] INFO  server.RaftServerConfigKeys (ConfUtils.java:logGet(46)) - raft.server.log.appender.buffer.byte-limit = 33554432 (custom)
2025-04-23 04:26:52,558 [10d18a7b-3cc1-41d1-8b83-572ee97c87aa-groupManagement] INFO  util.AwaitToRun (AwaitToRun.java:start(81)) - Thread[#919,10d18a7b-3cc1-41d1-8b83-572ee97c87aa@group-18F743B1AB73-cacheEviction-AwaitToRun,5,main] started
2025-04-23 04:26:52,558 [10d18a7b-3cc1-41d1-8b83-572ee97c87aa-groupManagement] INFO  segmented.SegmentedRaftLogWorker (SegmentedRaftLogWorker.java:<init>(188)) - new 10d18a7b-3cc1-41d1-8b83-572ee97c87aa@group-18F743B1AB73-SegmentedRaftLogWorker for RaftStorageImpl:Storage Directory /home/runner/work/ozone/ozone/hadoop-ozone/integration-test/target/test-dir/MiniOzoneClusterImpl-ff59c164-3798-4a7f-a16d-eeed9ffb3244/ozone-meta/datanode-3/ratis/f6e2510d-09a5-45d1-a1bd-18f743b1ab73
2025-04-23 04:26:52,558 [10d18a7b-3cc1-41d1-8b83-572ee97c87aa-groupManagement] INFO  server.RaftServerConfigKeys (ConfUtils.java:logGet(46)) - raft.server.log.queue.byte-limit = 4294967296 (custom)
2025-04-23 04:26:52,558 [10d18a7b-3cc1-41d1-8b83-572ee97c87aa-groupManagement] INFO  server.RaftServerConfigKeys (ConfUtils.java:logGet(46)) - raft.server.log.queue.element-limit = 1024 (custom)
2025-04-23 04:26:52,558 [10d18a7b-3cc1-41d1-8b83-572ee97c87aa-groupManagement] INFO  server.RaftServerConfigKeys (ConfUtils.java:logGet(46)) - raft.server.log.segment.size.max = 67108864 (custom)
2025-04-23 04:26:52,558 [10d18a7b-3cc1-41d1-8b83-572ee97c87aa-groupManagement] INFO  server.RaftServerConfigKeys (ConfUtils.java:logGet(46)) - raft.server.log.preallocated.size = 4194304 (custom)
2025-04-23 04:26:52,558 [10d18a7b-3cc1-41d1-8b83-572ee97c87aa-groupManagement] INFO  server.RaftServerConfigKeys (ConfUtils.java:logGet(46)) - raft.server.log.force.sync.num = 128 (default)
2025-04-23 04:26:52,558 [10d18a7b-3cc1-41d1-8b83-572ee97c87aa-groupManagement] INFO  server.RaftServerConfigKeys (ConfUtils.java:logGet(46)) - raft.server.log.statemachine.data.sync = true (default)
2025-04-23 04:26:52,558 [10d18a7b-3cc1-41d1-8b83-572ee97c87aa-groupManagement] INFO  server.RaftServerConfigKeys (ConfUtils.java:logGet(46)) - raft.server.log.statemachine.data.sync.timeout = 10s (default)
2025-04-23 04:26:52,558 [10d18a7b-3cc1-41d1-8b83-572ee97c87aa-groupManagement] INFO  server.RaftServerConfigKeys (ConfUtils.java:logGet(46)) - raft.server.log.statemachine.data.sync.timeout.retry = 30 (custom)
2025-04-23 04:26:52,559 [10d18a7b-3cc1-41d1-8b83-572ee97c87aa-groupManagement] INFO  server.RaftServerConfigKeys (ConfUtils.java:logGet(46)) - raft.server.log.write.buffer.size = 33554440 (custom)
2025-04-23 04:26:52,565 [10d18a7b-3cc1-41d1-8b83-572ee97c87aa-groupManagement] INFO  server.RaftServerConfigKeys (ConfUtils.java:logGet(46)) - raft.server.log.appender.buffer.byte-limit = 33554432 (custom)
2025-04-23 04:26:52,565 [10d18a7b-3cc1-41d1-8b83-572ee97c87aa-groupManagement] INFO  server.RaftServerConfigKeys (ConfUtils.java:logGet(46)) - raft.server.log.unsafe-flush.enabled = false (default)
2025-04-23 04:26:52,565 [10d18a7b-3cc1-41d1-8b83-572ee97c87aa-groupManagement] INFO  server.RaftServerConfigKeys (ConfUtils.java:logGet(46)) - raft.server.log.async-flush.enabled = false (default)
2025-04-23 04:26:52,565 [10d18a7b-3cc1-41d1-8b83-572ee97c87aa-groupManagement] INFO  server.RaftServerConfigKeys (ConfUtils.java:logGet(46)) - raft.server.log.statemachine.data.caching.enabled = true (custom)
2025-04-23 04:26:52,565 [10d18a7b-3cc1-41d1-8b83-572ee97c87aa-groupManagement] INFO  segmented.SegmentedRaftLogWorker (SegmentedRaftLogWorker.java:lambda$new$0(139)) - 10d18a7b-3cc1-41d1-8b83-572ee97c87aa@group-18F743B1AB73-SegmentedRaftLogWorker: flushIndex: setUnconditionally 0 -> -1
2025-04-23 04:26:52,565 [10d18a7b-3cc1-41d1-8b83-572ee97c87aa-groupManagement] INFO  segmented.SegmentedRaftLogWorker (SegmentedRaftLogWorker.java:lambda$new$0(139)) - 10d18a7b-3cc1-41d1-8b83-572ee97c87aa@group-18F743B1AB73-SegmentedRaftLogWorker: safeCacheEvictIndex: setUnconditionally 0 -> -1
2025-04-23 04:26:52,566 [10d18a7b-3cc1-41d1-8b83-572ee97c87aa-groupManagement] INFO  server.RaftServer$Division (RaftServerImpl.java:start(391)) - 10d18a7b-3cc1-41d1-8b83-572ee97c87aa@group-18F743B1AB73: start as a follower, conf=conf: {index: -1, cur=peers:[10d18a7b-3cc1-41d1-8b83-572ee97c87aa|127.0.0.1:15039]|listeners:[], old=null}
2025-04-23 04:26:52,566 [10d18a7b-3cc1-41d1-8b83-572ee97c87aa-groupManagement] INFO  server.RaftServer$Division (RaftServerImpl.java:setRole(378)) - 10d18a7b-3cc1-41d1-8b83-572ee97c87aa@group-18F743B1AB73: changes role from      null to FOLLOWER at term 0 for startAsFollower
2025-04-23 04:26:52,566 [10d18a7b-3cc1-41d1-8b83-572ee97c87aa-groupManagement] INFO  impl.RoleInfo (RoleInfo.java:updateAndGet(148)) - 10d18a7b-3cc1-41d1-8b83-572ee97c87aa: start 10d18a7b-3cc1-41d1-8b83-572ee97c87aa@group-18F743B1AB73-FollowerState
2025-04-23 04:26:52,566 [10d18a7b-3cc1-41d1-8b83-572ee97c87aa-groupManagement] INFO  util.JmxRegister (JmxRegister.java:tryRegister(44)) - Successfully registered JMX Bean with object name Ratis:service=RaftServer,group=group-18F743B1AB73,id=10d18a7b-3cc1-41d1-8b83-572ee97c87aa
2025-04-23 04:26:52,566 [10d18a7b-3cc1-41d1-8b83-572ee97c87aa-groupManagement] INFO  util.JmxRegister (JmxRegister.java:register(58)) - register mxBean class org.apache.ratis.server.impl.RaftServerJmxAdapter as Ratis:service=RaftServer,group=group-18F743B1AB73,id=10d18a7b-3cc1-41d1-8b83-572ee97c87aa
2025-04-23 04:26:52,566 [10d18a7b-3cc1-41d1-8b83-572ee97c87aa-groupManagement] INFO  server.RaftServerConfigKeys (ConfUtils.java:logGet(46)) - raft.server.snapshot.trigger-when-stop.enabled = true (default)
2025-04-23 04:26:52,566 [10d18a7b-3cc1-41d1-8b83-572ee97c87aa-groupManagement] INFO  server.RaftServerConfigKeys (ConfUtils.java:logGet(46)) - raft.server.snapshot.trigger-when-remove.enabled = true (default)
2025-04-23 04:26:52,566 [10d18a7b-3cc1-41d1-8b83-572ee97c87aa-groupManagement] INFO  server.RaftServerConfigKeys (ConfUtils.java:logGet(46)) - raft.server.snapshot.auto.trigger.enabled = true (custom)
2025-04-23 04:26:52,567 [10d18a7b-3cc1-41d1-8b83-572ee97c87aa-groupManagement] INFO  server.RaftServerConfigKeys (ConfUtils.java:logGet(46)) - raft.server.snapshot.auto.trigger.threshold = 100000 (custom)
2025-04-23 04:26:52,567 [10d18a7b-3cc1-41d1-8b83-572ee97c87aa-groupManagement] INFO  server.RaftServerConfigKeys (ConfUtils.java:logGet(46)) - raft.server.snapshot.retention.file.num = 5 (custom)
2025-04-23 04:26:52,567 [10d18a7b-3cc1-41d1-8b83-572ee97c87aa-groupManagement] INFO  server.RaftServerConfigKeys (ConfUtils.java:logGet(46)) - raft.server.log.purge.upto.snapshot.index = false (default)
2025-04-23 04:26:52,566 [10d18a7b-3cc1-41d1-8b83-572ee97c87aa@group-18F743B1AB73-FollowerState] INFO  server.RaftServerConfigKeys (ConfUtils.java:logGet(46)) - raft.server.rpc.first-election.timeout.min = 1000ms (custom)
2025-04-23 04:26:52,567 [10d18a7b-3cc1-41d1-8b83-572ee97c87aa@group-18F743B1AB73-FollowerState] INFO  server.RaftServerConfigKeys (ConfUtils.java:logGet(46)) - raft.server.rpc.first-election.timeout.max = 1200ms (custom)
2025-04-23 04:26:52,568 [10d18a7b-3cc1-41d1-8b83-572ee97c87aa-groupManagement] INFO  server.RaftServer$Division (RaftServerImpl.java:start(405)) - 10d18a7b-3cc1-41d1-8b83-572ee97c87aa@group-18F743B1AB73: Successfully started.
2025-04-23 04:26:52,569 [10d18a7b-3cc1-41d1-8b83-572ee97c87aa-PipelineCommandHandlerThread-0] INFO  ratis.XceiverServerRatis (XceiverServerRatis.java:addGroup(842)) - Created group PipelineID=f6e2510d-09a5-45d1-a1bd-18f743b1ab73
2025-04-23 04:26:52,569 [10d18a7b-3cc1-41d1-8b83-572ee97c87aa-PipelineCommandHandlerThread-0] INFO  commandhandler.CreatePipelineCommandHandler (CreatePipelineCommandHandler.java:lambda$handle$2(128)) - Created Pipeline RATIS ONE PipelineID=f6e2510d-09a5-45d1-a1bd-18f743b1ab73.
2025-04-23 04:26:52,570 [10d18a7b-3cc1-41d1-8b83-572ee97c87aa-PipelineCommandHandlerThread-0] INFO  server.RaftServer (RaftServerProxy.java:addNew(100)) - 10d18a7b-3cc1-41d1-8b83-572ee97c87aa: addNew group-F5B1E3443A36:[baf21fd8-fe83-4245-9dfa-94651746f6f6|127.0.0.1:15023, 4c9bf6b8-dff1-4348-8d13-20f037915169|127.0.0.1:15031, 10d18a7b-3cc1-41d1-8b83-572ee97c87aa|127.0.0.1:15039] returns group-F5B1E3443A36:java.util.concurrent.CompletableFuture@2e1be778[Not completed]
2025-04-23 04:26:52,571 [10d18a7b-3cc1-41d1-8b83-572ee97c87aa-groupManagement] INFO  server.RaftServer$Division (RaftServerImpl.java:<init>(255)) - 10d18a7b-3cc1-41d1-8b83-572ee97c87aa: new RaftServerImpl for group-F5B1E3443A36:[baf21fd8-fe83-4245-9dfa-94651746f6f6|127.0.0.1:15023, 4c9bf6b8-dff1-4348-8d13-20f037915169|127.0.0.1:15031, 10d18a7b-3cc1-41d1-8b83-572ee97c87aa|127.0.0.1:15039] with ContainerStateMachine:uninitialized
2025-04-23 04:26:52,572 [10d18a7b-3cc1-41d1-8b83-572ee97c87aa-groupManagement] INFO  server.RaftServerConfigKeys (ConfUtils.java:logGet(46)) - raft.server.rpc.timeout.min = 5s (custom)
2025-04-23 04:26:52,572 [10d18a7b-3cc1-41d1-8b83-572ee97c87aa-groupManagement] INFO  server.RaftServerConfigKeys (ConfUtils.java:logGet(46)) - raft.server.rpc.timeout.max = 5200ms (custom)
2025-04-23 04:26:52,572 [10d18a7b-3cc1-41d1-8b83-572ee97c87aa-groupManagement] INFO  server.RaftServerConfigKeys (ConfUtils.java:logGet(46)) - raft.server.rpc.sleep.time = 25ms (default)
2025-04-23 04:26:52,572 [10d18a7b-3cc1-41d1-8b83-572ee97c87aa-groupManagement] INFO  server.RaftServerConfigKeys (ConfUtils.java:logGet(46)) - raft.server.rpc.slowness.timeout = 300s (custom)
2025-04-23 04:26:52,572 [10d18a7b-3cc1-41d1-8b83-572ee97c87aa-groupManagement] INFO  server.RaftServerConfigKeys (ConfUtils.java:logGet(46)) - raft.server.leaderelection.leader.step-down.wait-time = 10s (default)
2025-04-23 04:26:52,572 [10d18a7b-3cc1-41d1-8b83-572ee97c87aa-groupManagement] INFO  server.RaftServerConfigKeys (ConfUtils.java:logGet(46)) - raft.server.leaderelection.member.majority-add = false (default)
2025-04-23 04:26:52,572 [10d18a7b-3cc1-41d1-8b83-572ee97c87aa-groupManagement] INFO  server.RaftServerConfigKeys (ConfUtils.java:logGet(46)) - raft.server.sleep.deviation.threshold = 300ms (default)
2025-04-23 04:26:52,572 [10d18a7b-3cc1-41d1-8b83-572ee97c87aa-groupManagement] INFO  server.RaftServer$Division (ServerState.java:<init>(114)) - 10d18a7b-3cc1-41d1-8b83-572ee97c87aa@group-F5B1E3443A36: ConfigurationManager, init=conf: {index: -1, cur=peers:[baf21fd8-fe83-4245-9dfa-94651746f6f6|127.0.0.1:15023, 4c9bf6b8-dff1-4348-8d13-20f037915169|127.0.0.1:15031, 10d18a7b-3cc1-41d1-8b83-572ee97c87aa|127.0.0.1:15039]|listeners:[], old=null}, confs=<EMPTY_MAP>
2025-04-23 04:26:52,572 [10d18a7b-3cc1-41d1-8b83-572ee97c87aa-groupManagement] INFO  server.RaftServerConfigKeys (ConfUtils.java:logGet(46)) - raft.server.notification.no-leader.timeout = 300s (custom)
2025-04-23 04:26:52,572 [10d18a7b-3cc1-41d1-8b83-572ee97c87aa-groupManagement] INFO  server.RaftServerConfigKeys (ConfUtils.java:logGet(46)) - raft.server.read.timeout = 10s (default)
2025-04-23 04:26:52,572 [10d18a7b-3cc1-41d1-8b83-572ee97c87aa-groupManagement] INFO  server.RaftServerConfigKeys (ConfUtils.java:logGet(46)) - raft.server.retrycache.expirytime = 600000ms (custom)
2025-04-23 04:26:52,572 [10d18a7b-3cc1-41d1-8b83-572ee97c87aa-groupManagement] INFO  server.RaftServerConfigKeys (ConfUtils.java:logGet(46)) - raft.server.retrycache.statistics.expirytime = 100ms (default)
2025-04-23 04:26:52,572 [10d18a7b-3cc1-41d1-8b83-572ee97c87aa-groupManagement] INFO  server.RaftServerConfigKeys (ConfUtils.java:logGet(46)) - raft.server.read.option = DEFAULT (default)
2025-04-23 04:26:52,572 [10d18a7b-3cc1-41d1-8b83-572ee97c87aa-groupManagement] INFO  server.RaftServerConfigKeys (ConfUtils.java:logGet(46)) - raft.server.read.read-after-write-consistent.write-index-cache.expiry-time = 60s (default)
2025-04-23 04:26:52,577 [10d18a7b-3cc1-41d1-8b83-572ee97c87aa-groupManagement] INFO  server.RaftServerConfigKeys (ConfUtils.java:logGet(46)) - raft.server.rpc.request.timeout = 60s (custom)
2025-04-23 04:26:52,577 [10d18a7b-3cc1-41d1-8b83-572ee97c87aa-groupManagement] INFO  server.RaftServerConfigKeys (ConfUtils.java:logGet(46)) - raft.server.log.appender.install.snapshot.enabled = false (custom)
2025-04-23 04:26:52,577 [10d18a7b-3cc1-41d1-8b83-572ee97c87aa-groupManagement] INFO  server.RaftServerConfigKeys (ConfUtils.java:logGet(46)) - raft.server.threadpool.server.cached = true (default)
2025-04-23 04:26:52,577 [10d18a7b-3cc1-41d1-8b83-572ee97c87aa-groupManagement] INFO  server.RaftServerConfigKeys (ConfUtils.java:logGet(46)) - raft.server.threadpool.server.size = 0 (default)
2025-04-23 04:26:52,577 [10d18a7b-3cc1-41d1-8b83-572ee97c87aa-groupManagement] INFO  server.RaftServerConfigKeys (ConfUtils.java:logGet(46)) - raft.server.threadpool.client.cached = true (default)
2025-04-23 04:26:52,577 [10d18a7b-3cc1-41d1-8b83-572ee97c87aa-groupManagement] INFO  server.RaftServerConfigKeys (ConfUtils.java:logGet(46)) - raft.server.threadpool.client.size = 0 (default)
2025-04-23 04:26:52,577 [10d18a7b-3cc1-41d1-8b83-572ee97c87aa-groupManagement] INFO  server.RaftServerConfigKeys (ConfUtils.java:logGet(46)) - raft.server.storage.free-space.min = 0MB (=0) (default)
2025-04-23 04:26:52,577 [10d18a7b-3cc1-41d1-8b83-572ee97c87aa-groupManagement] INFO  server.RaftServerConfigKeys (ConfUtils.java:logGet(46)) - raft.server.log.corruption.policy = EXCEPTION (default)
2025-04-23 04:26:52,577 [10d18a7b-3cc1-41d1-8b83-572ee97c87aa-groupManagement] INFO  server.RaftServerConfigKeys (ConfUtils.java:logGet(46)) - raft.server.storage.dir = [/home/runner/work/ozone/ozone/hadoop-ozone/integration-test/target/test-dir/MiniOzoneClusterImpl-ff59c164-3798-4a7f-a16d-eeed9ffb3244/ozone-meta/datanode-3/ratis] (custom)
2025-04-23 04:26:52,577 [10d18a7b-3cc1-41d1-8b83-572ee97c87aa-groupManagement] INFO  storage.RaftStorageDirectory (RaftStorageDirectoryImpl.java:analyzeStorage(138)) - The storage directory /home/runner/work/ozone/ozone/hadoop-ozone/integration-test/target/test-dir/MiniOzoneClusterImpl-ff59c164-3798-4a7f-a16d-eeed9ffb3244/ozone-meta/datanode-3/ratis/62edc9d3-8464-4391-ae20-f5b1e3443a36 does not exist. Creating ...
2025-04-23 04:26:52,578 [10d18a7b-3cc1-41d1-8b83-572ee97c87aa-groupManagement] INFO  storage.RaftStorageDirectory (RaftStorageDirectoryImpl.java:tryLock(229)) - Lock on /home/runner/work/ozone/ozone/hadoop-ozone/integration-test/target/test-dir/MiniOzoneClusterImpl-ff59c164-3798-4a7f-a16d-eeed9ffb3244/ozone-meta/datanode-3/ratis/62edc9d3-8464-4391-ae20-f5b1e3443a36/in_use.lock acquired by nodename 129558@fv-az1441-587
2025-04-23 04:26:52,579 [bf7db134-45a1-4f19-9c9a-e33221f9a916@group-EEED9FFB3244-StateMachineUpdater] INFO  safemode.HealthyPipelineSafeModeRule (HealthyPipelineSafeModeRule.java:initializeRule(174)) - Refreshed total pipeline count is 0, healthy pipeline threshold count is 1
2025-04-23 04:26:52,579 [EventQueue-PipelineReportForPipelineReportHandler] INFO  pipeline.PipelineReportHandler (PipelineReportHandler.java:processPipelineReport(134)) - Opened pipeline PipelineID=f6e2510d-09a5-45d1-a1bd-18f743b1ab73
2025-04-23 04:26:52,579 [10d18a7b-3cc1-41d1-8b83-572ee97c87aa-groupManagement] INFO  storage.RaftStorage (RaftStorageImpl.java:format(98)) - Storage directory /home/runner/work/ozone/ozone/hadoop-ozone/integration-test/target/test-dir/MiniOzoneClusterImpl-ff59c164-3798-4a7f-a16d-eeed9ffb3244/ozone-meta/datanode-3/ratis/62edc9d3-8464-4391-ae20-f5b1e3443a36 has been successfully formatted.
2025-04-23 04:26:52,579 [EventQueue-OpenPipelineForHealthyPipelineSafeModeRule] INFO  safemode.SCMSafeModeManager (HealthyPipelineSafeModeRule.java:process(141)) - SCM in safe mode. Healthy pipelines reported count is 0, required healthy pipeline reported count is 1
2025-04-23 04:26:52,580 [10d18a7b-3cc1-41d1-8b83-572ee97c87aa-groupManagement] INFO  ratis.ContainerStateMachine (ContainerStateMachine.java:initialize(339)) - 10d18a7b-3cc1-41d1-8b83-572ee97c87aa: initialize group-F5B1E3443A36
2025-04-23 04:26:52,580 [10d18a7b-3cc1-41d1-8b83-572ee97c87aa-groupManagement] INFO  ratis.ContainerStateMachine (ContainerStateMachine.java:loadSnapshot(347)) - group-F5B1E3443A36: The snapshot info is null. Setting the last applied index to:(t:0, i:~)
2025-04-23 04:26:52,580 [10d18a7b-3cc1-41d1-8b83-572ee97c87aa-groupManagement] INFO  server.RaftServerConfigKeys (ConfUtils.java:logGet(46)) - raft.server.log.use.memory = false (default)
2025-04-23 04:26:52,580 [10d18a7b-3cc1-41d1-8b83-572ee97c87aa-groupManagement] INFO  server.RaftServerConfigKeys (ConfUtils.java:logGet(46)) - raft.server.log.purge.gap = 1000000 (custom)
2025-04-23 04:26:52,580 [10d18a7b-3cc1-41d1-8b83-572ee97c87aa-groupManagement] INFO  server.RaftServerConfigKeys (ConfUtils.java:logGet(46)) - raft.server.log.appender.buffer.byte-limit = 33554432 (custom)
2025-04-23 04:26:52,580 [10d18a7b-3cc1-41d1-8b83-572ee97c87aa-groupManagement] INFO  server.RaftServerConfigKeys (ConfUtils.java:logGet(46)) - raft.server.log.statemachine.data.read.timeout = 1000ms (default)
2025-04-23 04:26:52,580 [10d18a7b-3cc1-41d1-8b83-572ee97c87aa-groupManagement] INFO  server.RaftServerConfigKeys (ConfUtils.java:logGet(46)) - raft.server.log.purge.preservation.log.num = 0 (default)
2025-04-23 04:26:52,582 [EventQueue-OpenPipelineForHealthyPipelineSafeModeRule] INFO  safemode.SCMSafeModeManager (HealthyPipelineSafeModeRule.java:process(141)) - SCM in safe mode. Healthy pipelines reported count is 0, required healthy pipeline reported count is 1
2025-04-23 04:26:52,583 [10d18a7b-3cc1-41d1-8b83-572ee97c87aa-groupManagement] INFO  server.RaftServerConfigKeys (ConfUtils.java:logGet(46)) - raft.server.log.segment.size.max = 67108864 (custom)
2025-04-23 04:26:52,583 [10d18a7b-3cc1-41d1-8b83-572ee97c87aa-groupManagement] INFO  server.RaftServerConfigKeys (ConfUtils.java:logGet(46)) - raft.server.log.segment.cache.num.max = 2 (custom)
2025-04-23 04:26:52,583 [10d18a7b-3cc1-41d1-8b83-572ee97c87aa-groupManagement] INFO  server.RaftServerConfigKeys (ConfUtils.java:logGet(46)) - raft.server.log.segment.cache.size.max = 200MB (=209715200) (default)
2025-04-23 04:26:52,583 [10d18a7b-3cc1-41d1-8b83-572ee97c87aa-groupManagement] INFO  server.RaftServerConfigKeys (ConfUtils.java:logGet(46)) - raft.server.log.appender.buffer.byte-limit = 33554432 (custom)
2025-04-23 04:26:52,583 [10d18a7b-3cc1-41d1-8b83-572ee97c87aa-groupManagement] INFO  util.AwaitToRun (AwaitToRun.java:start(81)) - Thread[#924,10d18a7b-3cc1-41d1-8b83-572ee97c87aa@group-F5B1E3443A36-cacheEviction-AwaitToRun,5,main] started
2025-04-23 04:26:52,583 [10d18a7b-3cc1-41d1-8b83-572ee97c87aa-groupManagement] INFO  segmented.SegmentedRaftLogWorker (SegmentedRaftLogWorker.java:<init>(188)) - new 10d18a7b-3cc1-41d1-8b83-572ee97c87aa@group-F5B1E3443A36-SegmentedRaftLogWorker for RaftStorageImpl:Storage Directory /home/runner/work/ozone/ozone/hadoop-ozone/integration-test/target/test-dir/MiniOzoneClusterImpl-ff59c164-3798-4a7f-a16d-eeed9ffb3244/ozone-meta/datanode-3/ratis/62edc9d3-8464-4391-ae20-f5b1e3443a36
2025-04-23 04:26:52,583 [10d18a7b-3cc1-41d1-8b83-572ee97c87aa-groupManagement] INFO  server.RaftServerConfigKeys (ConfUtils.java:logGet(46)) - raft.server.log.queue.byte-limit = 4294967296 (custom)
2025-04-23 04:26:52,583 [10d18a7b-3cc1-41d1-8b83-572ee97c87aa-groupManagement] INFO  server.RaftServerConfigKeys (ConfUtils.java:logGet(46)) - raft.server.log.queue.element-limit = 1024 (custom)
2025-04-23 04:26:52,584 [10d18a7b-3cc1-41d1-8b83-572ee97c87aa-groupManagement] INFO  server.RaftServerConfigKeys (ConfUtils.java:logGet(46)) - raft.server.log.segment.size.max = 67108864 (custom)
2025-04-23 04:26:52,584 [10d18a7b-3cc1-41d1-8b83-572ee97c87aa-groupManagement] INFO  server.RaftServerConfigKeys (ConfUtils.java:logGet(46)) - raft.server.log.preallocated.size = 4194304 (custom)
2025-04-23 04:26:52,584 [10d18a7b-3cc1-41d1-8b83-572ee97c87aa-groupManagement] INFO  server.RaftServerConfigKeys (ConfUtils.java:logGet(46)) - raft.server.log.force.sync.num = 128 (default)
2025-04-23 04:26:52,584 [10d18a7b-3cc1-41d1-8b83-572ee97c87aa-groupManagement] INFO  server.RaftServerConfigKeys (ConfUtils.java:logGet(46)) - raft.server.log.statemachine.data.sync = true (default)
2025-04-23 04:26:52,584 [10d18a7b-3cc1-41d1-8b83-572ee97c87aa-groupManagement] INFO  server.RaftServerConfigKeys (ConfUtils.java:logGet(46)) - raft.server.log.statemachine.data.sync.timeout = 10s (default)
2025-04-23 04:26:52,584 [10d18a7b-3cc1-41d1-8b83-572ee97c87aa-groupManagement] INFO  server.RaftServerConfigKeys (ConfUtils.java:logGet(46)) - raft.server.log.statemachine.data.sync.timeout.retry = 30 (custom)
2025-04-23 04:26:52,584 [10d18a7b-3cc1-41d1-8b83-572ee97c87aa-groupManagement] INFO  server.RaftServerConfigKeys (ConfUtils.java:logGet(46)) - raft.server.log.write.buffer.size = 33554440 (custom)
2025-04-23 04:26:52,588 [10d18a7b-3cc1-41d1-8b83-572ee97c87aa-groupManagement] INFO  server.RaftServerConfigKeys (ConfUtils.java:logGet(46)) - raft.server.log.appender.buffer.byte-limit = 33554432 (custom)
2025-04-23 04:26:52,589 [10d18a7b-3cc1-41d1-8b83-572ee97c87aa-groupManagement] INFO  server.RaftServerConfigKeys (ConfUtils.java:logGet(46)) - raft.server.log.unsafe-flush.enabled = false (default)
2025-04-23 04:26:52,589 [10d18a7b-3cc1-41d1-8b83-572ee97c87aa-groupManagement] INFO  server.RaftServerConfigKeys (ConfUtils.java:logGet(46)) - raft.server.log.async-flush.enabled = false (default)
2025-04-23 04:26:52,589 [10d18a7b-3cc1-41d1-8b83-572ee97c87aa-groupManagement] INFO  server.RaftServerConfigKeys (ConfUtils.java:logGet(46)) - raft.server.log.statemachine.data.caching.enabled = true (custom)
2025-04-23 04:26:52,589 [10d18a7b-3cc1-41d1-8b83-572ee97c87aa-groupManagement] INFO  segmented.SegmentedRaftLogWorker (SegmentedRaftLogWorker.java:lambda$new$0(139)) - 10d18a7b-3cc1-41d1-8b83-572ee97c87aa@group-F5B1E3443A36-SegmentedRaftLogWorker: flushIndex: setUnconditionally 0 -> -1
2025-04-23 04:26:52,589 [10d18a7b-3cc1-41d1-8b83-572ee97c87aa-groupManagement] INFO  segmented.SegmentedRaftLogWorker (SegmentedRaftLogWorker.java:lambda$new$0(139)) - 10d18a7b-3cc1-41d1-8b83-572ee97c87aa@group-F5B1E3443A36-SegmentedRaftLogWorker: safeCacheEvictIndex: setUnconditionally 0 -> -1
2025-04-23 04:26:52,590 [10d18a7b-3cc1-41d1-8b83-572ee97c87aa-groupManagement] INFO  server.RaftServer$Division (RaftServerImpl.java:start(391)) - 10d18a7b-3cc1-41d1-8b83-572ee97c87aa@group-F5B1E3443A36: start as a follower, conf=conf: {index: -1, cur=peers:[baf21fd8-fe83-4245-9dfa-94651746f6f6|127.0.0.1:15023, 4c9bf6b8-dff1-4348-8d13-20f037915169|127.0.0.1:15031, 10d18a7b-3cc1-41d1-8b83-572ee97c87aa|127.0.0.1:15039]|listeners:[], old=null}
2025-04-23 04:26:52,590 [10d18a7b-3cc1-41d1-8b83-572ee97c87aa-groupManagement] INFO  server.RaftServer$Division (RaftServerImpl.java:setRole(378)) - 10d18a7b-3cc1-41d1-8b83-572ee97c87aa@group-F5B1E3443A36: changes role from      null to FOLLOWER at term 0 for startAsFollower
2025-04-23 04:26:52,590 [10d18a7b-3cc1-41d1-8b83-572ee97c87aa-groupManagement] INFO  impl.RoleInfo (RoleInfo.java:updateAndGet(148)) - 10d18a7b-3cc1-41d1-8b83-572ee97c87aa: start 10d18a7b-3cc1-41d1-8b83-572ee97c87aa@group-F5B1E3443A36-FollowerState
2025-04-23 04:26:52,590 [10d18a7b-3cc1-41d1-8b83-572ee97c87aa-groupManagement] INFO  util.JmxRegister (JmxRegister.java:tryRegister(44)) - Successfully registered JMX Bean with object name Ratis:service=RaftServer,group=group-F5B1E3443A36,id=10d18a7b-3cc1-41d1-8b83-572ee97c87aa
2025-04-23 04:26:52,590 [10d18a7b-3cc1-41d1-8b83-572ee97c87aa@group-F5B1E3443A36-FollowerState] INFO  server.RaftServerConfigKeys (ConfUtils.java:logGet(46)) - raft.server.rpc.first-election.timeout.min = 1000ms (custom)
2025-04-23 04:26:52,590 [10d18a7b-3cc1-41d1-8b83-572ee97c87aa@group-F5B1E3443A36-FollowerState] INFO  server.RaftServerConfigKeys (ConfUtils.java:logGet(46)) - raft.server.rpc.first-election.timeout.max = 1200ms (custom)
2025-04-23 04:26:52,590 [10d18a7b-3cc1-41d1-8b83-572ee97c87aa-groupManagement] INFO  util.JmxRegister (JmxRegister.java:register(58)) - register mxBean class org.apache.ratis.server.impl.RaftServerJmxAdapter as Ratis:service=RaftServer,group=group-F5B1E3443A36,id=10d18a7b-3cc1-41d1-8b83-572ee97c87aa
2025-04-23 04:26:52,590 [10d18a7b-3cc1-41d1-8b83-572ee97c87aa-groupManagement] INFO  server.RaftServerConfigKeys (ConfUtils.java:logGet(46)) - raft.server.snapshot.trigger-when-stop.enabled = true (default)
2025-04-23 04:26:52,590 [10d18a7b-3cc1-41d1-8b83-572ee97c87aa-groupManagement] INFO  server.RaftServerConfigKeys (ConfUtils.java:logGet(46)) - raft.server.snapshot.trigger-when-remove.enabled = true (default)
2025-04-23 04:26:52,591 [10d18a7b-3cc1-41d1-8b83-572ee97c87aa-groupManagement] INFO  server.RaftServerConfigKeys (ConfUtils.java:logGet(46)) - raft.server.snapshot.auto.trigger.enabled = true (custom)
2025-04-23 04:26:52,591 [10d18a7b-3cc1-41d1-8b83-572ee97c87aa-groupManagement] INFO  server.RaftServerConfigKeys (ConfUtils.java:logGet(46)) - raft.server.snapshot.auto.trigger.threshold = 100000 (custom)
2025-04-23 04:26:52,591 [10d18a7b-3cc1-41d1-8b83-572ee97c87aa-groupManagement] INFO  server.RaftServerConfigKeys (ConfUtils.java:logGet(46)) - raft.server.snapshot.retention.file.num = 5 (custom)
2025-04-23 04:26:52,591 [10d18a7b-3cc1-41d1-8b83-572ee97c87aa-groupManagement] INFO  server.RaftServerConfigKeys (ConfUtils.java:logGet(46)) - raft.server.log.purge.upto.snapshot.index = false (default)
2025-04-23 04:26:52,592 [10d18a7b-3cc1-41d1-8b83-572ee97c87aa-groupManagement] INFO  server.RaftServer$Division (RaftServerImpl.java:start(405)) - 10d18a7b-3cc1-41d1-8b83-572ee97c87aa@group-F5B1E3443A36: Successfully started.
2025-04-23 04:26:52,592 [10d18a7b-3cc1-41d1-8b83-572ee97c87aa-PipelineCommandHandlerThread-0] INFO  ratis.XceiverServerRatis (XceiverServerRatis.java:addGroup(842)) - Created group PipelineID=62edc9d3-8464-4391-ae20-f5b1e3443a36
2025-04-23 04:26:52,642 [grpc-default-executor-1] INFO  server.RaftServer (RaftServerProxy.java:addNew(100)) - baf21fd8-fe83-4245-9dfa-94651746f6f6: addNew group-F5B1E3443A36:[baf21fd8-fe83-4245-9dfa-94651746f6f6|127.0.0.1:15023, 4c9bf6b8-dff1-4348-8d13-20f037915169|127.0.0.1:15031, 10d18a7b-3cc1-41d1-8b83-572ee97c87aa|127.0.0.1:15039] returns group-F5B1E3443A36:java.util.concurrent.CompletableFuture@13196606[Not completed]
2025-04-23 04:26:52,647 [baf21fd8-fe83-4245-9dfa-94651746f6f6-groupManagement] INFO  server.RaftServer$Division (RaftServerImpl.java:<init>(255)) - baf21fd8-fe83-4245-9dfa-94651746f6f6: new RaftServerImpl for group-F5B1E3443A36:[baf21fd8-fe83-4245-9dfa-94651746f6f6|127.0.0.1:15023, 4c9bf6b8-dff1-4348-8d13-20f037915169|127.0.0.1:15031, 10d18a7b-3cc1-41d1-8b83-572ee97c87aa|127.0.0.1:15039] with ContainerStateMachine:uninitialized
2025-04-23 04:26:52,647 [baf21fd8-fe83-4245-9dfa-94651746f6f6-groupManagement] INFO  server.RaftServerConfigKeys (ConfUtils.java:logGet(46)) - raft.server.rpc.timeout.min = 5s (custom)
2025-04-23 04:26:52,647 [baf21fd8-fe83-4245-9dfa-94651746f6f6-groupManagement] INFO  server.RaftServerConfigKeys (ConfUtils.java:logGet(46)) - raft.server.rpc.timeout.max = 5200ms (custom)
2025-04-23 04:26:52,647 [baf21fd8-fe83-4245-9dfa-94651746f6f6-groupManagement] INFO  server.RaftServerConfigKeys (ConfUtils.java:logGet(46)) - raft.server.rpc.sleep.time = 25ms (default)
2025-04-23 04:26:52,647 [baf21fd8-fe83-4245-9dfa-94651746f6f6-groupManagement] INFO  server.RaftServerConfigKeys (ConfUtils.java:logGet(46)) - raft.server.rpc.slowness.timeout = 300s (custom)
2025-04-23 04:26:52,647 [baf21fd8-fe83-4245-9dfa-94651746f6f6-groupManagement] INFO  server.RaftServerConfigKeys (ConfUtils.java:logGet(46)) - raft.server.leaderelection.leader.step-down.wait-time = 10s (default)
2025-04-23 04:26:52,647 [baf21fd8-fe83-4245-9dfa-94651746f6f6-groupManagement] INFO  server.RaftServerConfigKeys (ConfUtils.java:logGet(46)) - raft.server.leaderelection.member.majority-add = false (default)
2025-04-23 04:26:52,647 [baf21fd8-fe83-4245-9dfa-94651746f6f6-groupManagement] INFO  server.RaftServerConfigKeys (ConfUtils.java:logGet(46)) - raft.server.sleep.deviation.threshold = 300ms (default)
2025-04-23 04:26:52,647 [baf21fd8-fe83-4245-9dfa-94651746f6f6-groupManagement] INFO  server.RaftServer$Division (ServerState.java:<init>(114)) - baf21fd8-fe83-4245-9dfa-94651746f6f6@group-F5B1E3443A36: ConfigurationManager, init=conf: {index: -1, cur=peers:[baf21fd8-fe83-4245-9dfa-94651746f6f6|127.0.0.1:15023, 4c9bf6b8-dff1-4348-8d13-20f037915169|127.0.0.1:15031, 10d18a7b-3cc1-41d1-8b83-572ee97c87aa|127.0.0.1:15039]|listeners:[], old=null}, confs=<EMPTY_MAP>
2025-04-23 04:26:52,647 [baf21fd8-fe83-4245-9dfa-94651746f6f6-groupManagement] INFO  server.RaftServerConfigKeys (ConfUtils.java:logGet(46)) - raft.server.notification.no-leader.timeout = 300s (custom)
2025-04-23 04:26:52,647 [baf21fd8-fe83-4245-9dfa-94651746f6f6-groupManagement] INFO  server.RaftServerConfigKeys (ConfUtils.java:logGet(46)) - raft.server.read.timeout = 10s (default)
2025-04-23 04:26:52,648 [baf21fd8-fe83-4245-9dfa-94651746f6f6-groupManagement] INFO  server.RaftServerConfigKeys (ConfUtils.java:logGet(46)) - raft.server.retrycache.expirytime = 600000ms (custom)
2025-04-23 04:26:52,648 [baf21fd8-fe83-4245-9dfa-94651746f6f6-groupManagement] INFO  server.RaftServerConfigKeys (ConfUtils.java:logGet(46)) - raft.server.retrycache.statistics.expirytime = 100ms (default)
2025-04-23 04:26:52,648 [baf21fd8-fe83-4245-9dfa-94651746f6f6-groupManagement] INFO  server.RaftServerConfigKeys (ConfUtils.java:logGet(46)) - raft.server.read.option = DEFAULT (default)
2025-04-23 04:26:52,648 [baf21fd8-fe83-4245-9dfa-94651746f6f6-groupManagement] INFO  server.RaftServerConfigKeys (ConfUtils.java:logGet(46)) - raft.server.read.read-after-write-consistent.write-index-cache.expiry-time = 60s (default)
2025-04-23 04:26:52,658 [baf21fd8-fe83-4245-9dfa-94651746f6f6-groupManagement] INFO  server.RaftServerConfigKeys (ConfUtils.java:logGet(46)) - raft.server.rpc.request.timeout = 60s (custom)
2025-04-23 04:26:52,658 [baf21fd8-fe83-4245-9dfa-94651746f6f6-groupManagement] INFO  server.RaftServerConfigKeys (ConfUtils.java:logGet(46)) - raft.server.log.appender.install.snapshot.enabled = false (custom)
2025-04-23 04:26:52,659 [baf21fd8-fe83-4245-9dfa-94651746f6f6-groupManagement] INFO  server.RaftServerConfigKeys (ConfUtils.java:logGet(46)) - raft.server.threadpool.server.cached = true (default)
2025-04-23 04:26:52,659 [baf21fd8-fe83-4245-9dfa-94651746f6f6-groupManagement] INFO  server.RaftServerConfigKeys (ConfUtils.java:logGet(46)) - raft.server.threadpool.server.size = 0 (default)
2025-04-23 04:26:52,659 [baf21fd8-fe83-4245-9dfa-94651746f6f6-groupManagement] INFO  server.RaftServerConfigKeys (ConfUtils.java:logGet(46)) - raft.server.threadpool.client.cached = true (default)
2025-04-23 04:26:52,659 [baf21fd8-fe83-4245-9dfa-94651746f6f6-groupManagement] INFO  server.RaftServerConfigKeys (ConfUtils.java:logGet(46)) - raft.server.threadpool.client.size = 0 (default)
2025-04-23 04:26:52,660 [baf21fd8-fe83-4245-9dfa-94651746f6f6-groupManagement] INFO  server.RaftServerConfigKeys (ConfUtils.java:logGet(46)) - raft.server.storage.free-space.min = 0MB (=0) (default)
2025-04-23 04:26:52,660 [baf21fd8-fe83-4245-9dfa-94651746f6f6-groupManagement] INFO  server.RaftServerConfigKeys (ConfUtils.java:logGet(46)) - raft.server.log.corruption.policy = EXCEPTION (default)
2025-04-23 04:26:52,660 [baf21fd8-fe83-4245-9dfa-94651746f6f6-groupManagement] INFO  server.RaftServerConfigKeys (ConfUtils.java:logGet(46)) - raft.server.storage.dir = [/home/runner/work/ozone/ozone/hadoop-ozone/integration-test/target/test-dir/MiniOzoneClusterImpl-ff59c164-3798-4a7f-a16d-eeed9ffb3244/ozone-meta/datanode-1/ratis] (custom)
2025-04-23 04:26:52,660 [baf21fd8-fe83-4245-9dfa-94651746f6f6-groupManagement] INFO  storage.RaftStorageDirectory (RaftStorageDirectoryImpl.java:analyzeStorage(138)) - The storage directory /home/runner/work/ozone/ozone/hadoop-ozone/integration-test/target/test-dir/MiniOzoneClusterImpl-ff59c164-3798-4a7f-a16d-eeed9ffb3244/ozone-meta/datanode-1/ratis/62edc9d3-8464-4391-ae20-f5b1e3443a36 does not exist. Creating ...
2025-04-23 04:26:52,663 [baf21fd8-fe83-4245-9dfa-94651746f6f6-groupManagement] INFO  storage.RaftStorageDirectory (RaftStorageDirectoryImpl.java:tryLock(229)) - Lock on /home/runner/work/ozone/ozone/hadoop-ozone/integration-test/target/test-dir/MiniOzoneClusterImpl-ff59c164-3798-4a7f-a16d-eeed9ffb3244/ozone-meta/datanode-1/ratis/62edc9d3-8464-4391-ae20-f5b1e3443a36/in_use.lock acquired by nodename 129558@fv-az1441-587
2025-04-23 04:26:52,664 [baf21fd8-fe83-4245-9dfa-94651746f6f6-groupManagement] INFO  storage.RaftStorage (RaftStorageImpl.java:format(98)) - Storage directory /home/runner/work/ozone/ozone/hadoop-ozone/integration-test/target/test-dir/MiniOzoneClusterImpl-ff59c164-3798-4a7f-a16d-eeed9ffb3244/ozone-meta/datanode-1/ratis/62edc9d3-8464-4391-ae20-f5b1e3443a36 has been successfully formatted.
2025-04-23 04:26:52,664 [baf21fd8-fe83-4245-9dfa-94651746f6f6-groupManagement] INFO  ratis.ContainerStateMachine (ContainerStateMachine.java:initialize(339)) - baf21fd8-fe83-4245-9dfa-94651746f6f6: initialize group-F5B1E3443A36
2025-04-23 04:26:52,665 [baf21fd8-fe83-4245-9dfa-94651746f6f6-groupManagement] INFO  ratis.ContainerStateMachine (ContainerStateMachine.java:loadSnapshot(347)) - group-F5B1E3443A36: The snapshot info is null. Setting the last applied index to:(t:0, i:~)
2025-04-23 04:26:52,665 [baf21fd8-fe83-4245-9dfa-94651746f6f6-groupManagement] INFO  server.RaftServerConfigKeys (ConfUtils.java:logGet(46)) - raft.server.log.use.memory = false (default)
2025-04-23 04:26:52,665 [baf21fd8-fe83-4245-9dfa-94651746f6f6-groupManagement] INFO  server.RaftServerConfigKeys (ConfUtils.java:logGet(46)) - raft.server.log.purge.gap = 1000000 (custom)
2025-04-23 04:26:52,665 [baf21fd8-fe83-4245-9dfa-94651746f6f6-groupManagement] INFO  server.RaftServerConfigKeys (ConfUtils.java:logGet(46)) - raft.server.log.appender.buffer.byte-limit = 33554432 (custom)
2025-04-23 04:26:52,665 [baf21fd8-fe83-4245-9dfa-94651746f6f6-groupManagement] INFO  server.RaftServerConfigKeys (ConfUtils.java:logGet(46)) - raft.server.log.statemachine.data.read.timeout = 1000ms (default)
2025-04-23 04:26:52,665 [baf21fd8-fe83-4245-9dfa-94651746f6f6-groupManagement] INFO  server.RaftServerConfigKeys (ConfUtils.java:logGet(46)) - raft.server.log.purge.preservation.log.num = 0 (default)
2025-04-23 04:26:52,668 [baf21fd8-fe83-4245-9dfa-94651746f6f6-groupManagement] INFO  server.RaftServerConfigKeys (ConfUtils.java:logGet(46)) - raft.server.log.segment.size.max = 67108864 (custom)
2025-04-23 04:26:52,669 [baf21fd8-fe83-4245-9dfa-94651746f6f6-groupManagement] INFO  server.RaftServerConfigKeys (ConfUtils.java:logGet(46)) - raft.server.log.segment.cache.num.max = 2 (custom)
2025-04-23 04:26:52,669 [baf21fd8-fe83-4245-9dfa-94651746f6f6-groupManagement] INFO  server.RaftServerConfigKeys (ConfUtils.java:logGet(46)) - raft.server.log.segment.cache.size.max = 200MB (=209715200) (default)
2025-04-23 04:26:52,669 [baf21fd8-fe83-4245-9dfa-94651746f6f6-groupManagement] INFO  server.RaftServerConfigKeys (ConfUtils.java:logGet(46)) - raft.server.log.appender.buffer.byte-limit = 33554432 (custom)
2025-04-23 04:26:52,671 [baf21fd8-fe83-4245-9dfa-94651746f6f6-groupManagement] INFO  util.AwaitToRun (AwaitToRun.java:start(81)) - Thread[#929,baf21fd8-fe83-4245-9dfa-94651746f6f6@group-F5B1E3443A36-cacheEviction-AwaitToRun,5,main] started
2025-04-23 04:26:52,671 [baf21fd8-fe83-4245-9dfa-94651746f6f6-groupManagement] INFO  segmented.SegmentedRaftLogWorker (SegmentedRaftLogWorker.java:<init>(188)) - new baf21fd8-fe83-4245-9dfa-94651746f6f6@group-F5B1E3443A36-SegmentedRaftLogWorker for RaftStorageImpl:Storage Directory /home/runner/work/ozone/ozone/hadoop-ozone/integration-test/target/test-dir/MiniOzoneClusterImpl-ff59c164-3798-4a7f-a16d-eeed9ffb3244/ozone-meta/datanode-1/ratis/62edc9d3-8464-4391-ae20-f5b1e3443a36
2025-04-23 04:26:52,671 [baf21fd8-fe83-4245-9dfa-94651746f6f6-groupManagement] INFO  server.RaftServerConfigKeys (ConfUtils.java:logGet(46)) - raft.server.log.queue.byte-limit = 4294967296 (custom)
2025-04-23 04:26:52,671 [baf21fd8-fe83-4245-9dfa-94651746f6f6-groupManagement] INFO  server.RaftServerConfigKeys (ConfUtils.java:logGet(46)) - raft.server.log.queue.element-limit = 1024 (custom)
2025-04-23 04:26:52,671 [baf21fd8-fe83-4245-9dfa-94651746f6f6-groupManagement] INFO  server.RaftServerConfigKeys (ConfUtils.java:logGet(46)) - raft.server.log.segment.size.max = 67108864 (custom)
2025-04-23 04:26:52,672 [baf21fd8-fe83-4245-9dfa-94651746f6f6-groupManagement] INFO  server.RaftServerConfigKeys (ConfUtils.java:logGet(46)) - raft.server.log.preallocated.size = 4194304 (custom)
2025-04-23 04:26:52,672 [baf21fd8-fe83-4245-9dfa-94651746f6f6-groupManagement] INFO  server.RaftServerConfigKeys (ConfUtils.java:logGet(46)) - raft.server.log.force.sync.num = 128 (default)
2025-04-23 04:26:52,672 [baf21fd8-fe83-4245-9dfa-94651746f6f6-groupManagement] INFO  server.RaftServerConfigKeys (ConfUtils.java:logGet(46)) - raft.server.log.statemachine.data.sync = true (default)
2025-04-23 04:26:52,673 [baf21fd8-fe83-4245-9dfa-94651746f6f6-groupManagement] INFO  server.RaftServerConfigKeys (ConfUtils.java:logGet(46)) - raft.server.log.statemachine.data.sync.timeout = 10s (default)
2025-04-23 04:26:52,673 [baf21fd8-fe83-4245-9dfa-94651746f6f6-groupManagement] INFO  server.RaftServerConfigKeys (ConfUtils.java:logGet(46)) - raft.server.log.statemachine.data.sync.timeout.retry = 30 (custom)
2025-04-23 04:26:52,673 [baf21fd8-fe83-4245-9dfa-94651746f6f6-groupManagement] INFO  server.RaftServerConfigKeys (ConfUtils.java:logGet(46)) - raft.server.log.write.buffer.size = 33554440 (custom)
2025-04-23 04:26:52,679 [baf21fd8-fe83-4245-9dfa-94651746f6f6-groupManagement] INFO  server.RaftServerConfigKeys (ConfUtils.java:logGet(46)) - raft.server.log.appender.buffer.byte-limit = 33554432 (custom)
2025-04-23 04:26:52,679 [baf21fd8-fe83-4245-9dfa-94651746f6f6-groupManagement] INFO  server.RaftServerConfigKeys (ConfUtils.java:logGet(46)) - raft.server.log.unsafe-flush.enabled = false (default)
2025-04-23 04:26:52,679 [baf21fd8-fe83-4245-9dfa-94651746f6f6-groupManagement] INFO  server.RaftServerConfigKeys (ConfUtils.java:logGet(46)) - raft.server.log.async-flush.enabled = false (default)
2025-04-23 04:26:52,679 [baf21fd8-fe83-4245-9dfa-94651746f6f6-groupManagement] INFO  server.RaftServerConfigKeys (ConfUtils.java:logGet(46)) - raft.server.log.statemachine.data.caching.enabled = true (custom)
2025-04-23 04:26:52,680 [baf21fd8-fe83-4245-9dfa-94651746f6f6-groupManagement] INFO  segmented.SegmentedRaftLogWorker (SegmentedRaftLogWorker.java:lambda$new$0(139)) - baf21fd8-fe83-4245-9dfa-94651746f6f6@group-F5B1E3443A36-SegmentedRaftLogWorker: flushIndex: setUnconditionally 0 -> -1
2025-04-23 04:26:52,680 [baf21fd8-fe83-4245-9dfa-94651746f6f6-groupManagement] INFO  segmented.SegmentedRaftLogWorker (SegmentedRaftLogWorker.java:lambda$new$0(139)) - baf21fd8-fe83-4245-9dfa-94651746f6f6@group-F5B1E3443A36-SegmentedRaftLogWorker: safeCacheEvictIndex: setUnconditionally 0 -> -1
2025-04-23 04:26:52,681 [baf21fd8-fe83-4245-9dfa-94651746f6f6-groupManagement] INFO  server.RaftServer$Division (RaftServerImpl.java:start(391)) - baf21fd8-fe83-4245-9dfa-94651746f6f6@group-F5B1E3443A36: start as a follower, conf=conf: {index: -1, cur=peers:[baf21fd8-fe83-4245-9dfa-94651746f6f6|127.0.0.1:15023, 4c9bf6b8-dff1-4348-8d13-20f037915169|127.0.0.1:15031, 10d18a7b-3cc1-41d1-8b83-572ee97c87aa|127.0.0.1:15039]|listeners:[], old=null}
2025-04-23 04:26:52,681 [baf21fd8-fe83-4245-9dfa-94651746f6f6-groupManagement] INFO  server.RaftServer$Division (RaftServerImpl.java:setRole(378)) - baf21fd8-fe83-4245-9dfa-94651746f6f6@group-F5B1E3443A36: changes role from      null to FOLLOWER at term 0 for startAsFollower
2025-04-23 04:26:52,681 [baf21fd8-fe83-4245-9dfa-94651746f6f6-groupManagement] INFO  impl.RoleInfo (RoleInfo.java:updateAndGet(148)) - baf21fd8-fe83-4245-9dfa-94651746f6f6: start baf21fd8-fe83-4245-9dfa-94651746f6f6@group-F5B1E3443A36-FollowerState
2025-04-23 04:26:52,685 [baf21fd8-fe83-4245-9dfa-94651746f6f6@group-F5B1E3443A36-FollowerState] INFO  server.RaftServerConfigKeys (ConfUtils.java:logGet(46)) - raft.server.rpc.first-election.timeout.min = 1000ms (custom)
2025-04-23 04:26:52,685 [baf21fd8-fe83-4245-9dfa-94651746f6f6-groupManagement] INFO  util.JmxRegister (JmxRegister.java:tryRegister(44)) - Successfully registered JMX Bean with object name Ratis:service=RaftServer,group=group-F5B1E3443A36,id=baf21fd8-fe83-4245-9dfa-94651746f6f6
2025-04-23 04:26:52,685 [baf21fd8-fe83-4245-9dfa-94651746f6f6-groupManagement] INFO  util.JmxRegister (JmxRegister.java:register(58)) - register mxBean class org.apache.ratis.server.impl.RaftServerJmxAdapter as Ratis:service=RaftServer,group=group-F5B1E3443A36,id=baf21fd8-fe83-4245-9dfa-94651746f6f6
2025-04-23 04:26:52,685 [baf21fd8-fe83-4245-9dfa-94651746f6f6@group-F5B1E3443A36-FollowerState] INFO  server.RaftServerConfigKeys (ConfUtils.java:logGet(46)) - raft.server.rpc.first-election.timeout.max = 1200ms (custom)
2025-04-23 04:26:52,685 [baf21fd8-fe83-4245-9dfa-94651746f6f6-groupManagement] INFO  server.RaftServerConfigKeys (ConfUtils.java:logGet(46)) - raft.server.snapshot.trigger-when-stop.enabled = true (default)
2025-04-23 04:26:52,685 [baf21fd8-fe83-4245-9dfa-94651746f6f6-groupManagement] INFO  server.RaftServerConfigKeys (ConfUtils.java:logGet(46)) - raft.server.snapshot.trigger-when-remove.enabled = true (default)
2025-04-23 04:26:52,685 [baf21fd8-fe83-4245-9dfa-94651746f6f6-groupManagement] INFO  server.RaftServerConfigKeys (ConfUtils.java:logGet(46)) - raft.server.snapshot.auto.trigger.enabled = true (custom)
2025-04-23 04:26:52,686 [baf21fd8-fe83-4245-9dfa-94651746f6f6-groupManagement] INFO  server.RaftServerConfigKeys (ConfUtils.java:logGet(46)) - raft.server.snapshot.auto.trigger.threshold = 100000 (custom)
2025-04-23 04:26:52,686 [baf21fd8-fe83-4245-9dfa-94651746f6f6-groupManagement] INFO  server.RaftServerConfigKeys (ConfUtils.java:logGet(46)) - raft.server.snapshot.retention.file.num = 5 (custom)
2025-04-23 04:26:52,686 [baf21fd8-fe83-4245-9dfa-94651746f6f6-groupManagement] INFO  server.RaftServerConfigKeys (ConfUtils.java:logGet(46)) - raft.server.log.purge.upto.snapshot.index = false (default)
2025-04-23 04:26:52,688 [baf21fd8-fe83-4245-9dfa-94651746f6f6-groupManagement] INFO  server.RaftServer$Division (RaftServerImpl.java:start(405)) - baf21fd8-fe83-4245-9dfa-94651746f6f6@group-F5B1E3443A36: Successfully started.
2025-04-23 04:26:52,727 [grpc-default-executor-1] INFO  server.RaftServer (RaftServerProxy.java:addNew(100)) - 4c9bf6b8-dff1-4348-8d13-20f037915169: addNew group-F5B1E3443A36:[baf21fd8-fe83-4245-9dfa-94651746f6f6|127.0.0.1:15023, 4c9bf6b8-dff1-4348-8d13-20f037915169|127.0.0.1:15031, 10d18a7b-3cc1-41d1-8b83-572ee97c87aa|127.0.0.1:15039] returns group-F5B1E3443A36:java.util.concurrent.CompletableFuture@3edff38c[Not completed]
2025-04-23 04:26:52,731 [4c9bf6b8-dff1-4348-8d13-20f037915169-groupManagement] INFO  server.RaftServer$Division (RaftServerImpl.java:<init>(255)) - 4c9bf6b8-dff1-4348-8d13-20f037915169: new RaftServerImpl for group-F5B1E3443A36:[baf21fd8-fe83-4245-9dfa-94651746f6f6|127.0.0.1:15023, 4c9bf6b8-dff1-4348-8d13-20f037915169|127.0.0.1:15031, 10d18a7b-3cc1-41d1-8b83-572ee97c87aa|127.0.0.1:15039] with ContainerStateMachine:uninitialized
2025-04-23 04:26:52,732 [4c9bf6b8-dff1-4348-8d13-20f037915169-groupManagement] INFO  server.RaftServerConfigKeys (ConfUtils.java:logGet(46)) - raft.server.rpc.timeout.min = 5s (custom)
2025-04-23 04:26:52,733 [4c9bf6b8-dff1-4348-8d13-20f037915169-groupManagement] INFO  server.RaftServerConfigKeys (ConfUtils.java:logGet(46)) - raft.server.rpc.timeout.max = 5200ms (custom)
2025-04-23 04:26:52,733 [4c9bf6b8-dff1-4348-8d13-20f037915169-groupManagement] INFO  server.RaftServerConfigKeys (ConfUtils.java:logGet(46)) - raft.server.rpc.sleep.time = 25ms (default)
2025-04-23 04:26:52,733 [4c9bf6b8-dff1-4348-8d13-20f037915169-groupManagement] INFO  server.RaftServerConfigKeys (ConfUtils.java:logGet(46)) - raft.server.rpc.slowness.timeout = 300s (custom)
2025-04-23 04:26:52,734 [4c9bf6b8-dff1-4348-8d13-20f037915169-groupManagement] INFO  server.RaftServerConfigKeys (ConfUtils.java:logGet(46)) - raft.server.leaderelection.leader.step-down.wait-time = 10s (default)
2025-04-23 04:26:52,734 [4c9bf6b8-dff1-4348-8d13-20f037915169-groupManagement] INFO  server.RaftServerConfigKeys (ConfUtils.java:logGet(46)) - raft.server.leaderelection.member.majority-add = false (default)
2025-04-23 04:26:52,734 [4c9bf6b8-dff1-4348-8d13-20f037915169-groupManagement] INFO  server.RaftServerConfigKeys (ConfUtils.java:logGet(46)) - raft.server.sleep.deviation.threshold = 300ms (default)
2025-04-23 04:26:52,734 [4c9bf6b8-dff1-4348-8d13-20f037915169-groupManagement] INFO  server.RaftServer$Division (ServerState.java:<init>(114)) - 4c9bf6b8-dff1-4348-8d13-20f037915169@group-F5B1E3443A36: ConfigurationManager, init=conf: {index: -1, cur=peers:[baf21fd8-fe83-4245-9dfa-94651746f6f6|127.0.0.1:15023, 4c9bf6b8-dff1-4348-8d13-20f037915169|127.0.0.1:15031, 10d18a7b-3cc1-41d1-8b83-572ee97c87aa|127.0.0.1:15039]|listeners:[], old=null}, confs=<EMPTY_MAP>
2025-04-23 04:26:52,734 [4c9bf6b8-dff1-4348-8d13-20f037915169-groupManagement] INFO  server.RaftServerConfigKeys (ConfUtils.java:logGet(46)) - raft.server.notification.no-leader.timeout = 300s (custom)
2025-04-23 04:26:52,735 [4c9bf6b8-dff1-4348-8d13-20f037915169-groupManagement] INFO  server.RaftServerConfigKeys (ConfUtils.java:logGet(46)) - raft.server.read.timeout = 10s (default)
2025-04-23 04:26:52,735 [4c9bf6b8-dff1-4348-8d13-20f037915169-groupManagement] INFO  server.RaftServerConfigKeys (ConfUtils.java:logGet(46)) - raft.server.retrycache.expirytime = 600000ms (custom)
2025-04-23 04:26:52,735 [4c9bf6b8-dff1-4348-8d13-20f037915169-groupManagement] INFO  server.RaftServerConfigKeys (ConfUtils.java:logGet(46)) - raft.server.retrycache.statistics.expirytime = 100ms (default)
2025-04-23 04:26:52,735 [4c9bf6b8-dff1-4348-8d13-20f037915169-groupManagement] INFO  server.RaftServerConfigKeys (ConfUtils.java:logGet(46)) - raft.server.read.option = DEFAULT (default)
2025-04-23 04:26:52,735 [4c9bf6b8-dff1-4348-8d13-20f037915169-groupManagement] INFO  server.RaftServerConfigKeys (ConfUtils.java:logGet(46)) - raft.server.read.read-after-write-consistent.write-index-cache.expiry-time = 60s (default)
2025-04-23 04:26:52,742 [4c9bf6b8-dff1-4348-8d13-20f037915169-groupManagement] INFO  server.RaftServerConfigKeys (ConfUtils.java:logGet(46)) - raft.server.rpc.request.timeout = 60s (custom)
2025-04-23 04:26:52,742 [4c9bf6b8-dff1-4348-8d13-20f037915169-groupManagement] INFO  server.RaftServerConfigKeys (ConfUtils.java:logGet(46)) - raft.server.log.appender.install.snapshot.enabled = false (custom)
2025-04-23 04:26:52,742 [4c9bf6b8-dff1-4348-8d13-20f037915169-groupManagement] INFO  server.RaftServerConfigKeys (ConfUtils.java:logGet(46)) - raft.server.threadpool.server.cached = true (default)
2025-04-23 04:26:52,743 [4c9bf6b8-dff1-4348-8d13-20f037915169-groupManagement] INFO  server.RaftServerConfigKeys (ConfUtils.java:logGet(46)) - raft.server.threadpool.server.size = 0 (default)
2025-04-23 04:26:52,743 [4c9bf6b8-dff1-4348-8d13-20f037915169-groupManagement] INFO  server.RaftServerConfigKeys (ConfUtils.java:logGet(46)) - raft.server.threadpool.client.cached = true (default)
2025-04-23 04:26:52,743 [4c9bf6b8-dff1-4348-8d13-20f037915169-groupManagement] INFO  server.RaftServerConfigKeys (ConfUtils.java:logGet(46)) - raft.server.threadpool.client.size = 0 (default)
2025-04-23 04:26:52,743 [4c9bf6b8-dff1-4348-8d13-20f037915169-groupManagement] INFO  server.RaftServerConfigKeys (ConfUtils.java:logGet(46)) - raft.server.storage.free-space.min = 0MB (=0) (default)
2025-04-23 04:26:52,744 [4c9bf6b8-dff1-4348-8d13-20f037915169-groupManagement] INFO  server.RaftServerConfigKeys (ConfUtils.java:logGet(46)) - raft.server.log.corruption.policy = EXCEPTION (default)
2025-04-23 04:26:52,744 [4c9bf6b8-dff1-4348-8d13-20f037915169-groupManagement] INFO  server.RaftServerConfigKeys (ConfUtils.java:logGet(46)) - raft.server.storage.dir = [/home/runner/work/ozone/ozone/hadoop-ozone/integration-test/target/test-dir/MiniOzoneClusterImpl-ff59c164-3798-4a7f-a16d-eeed9ffb3244/ozone-meta/datanode-2/ratis] (custom)
2025-04-23 04:26:52,744 [4c9bf6b8-dff1-4348-8d13-20f037915169-groupManagement] INFO  storage.RaftStorageDirectory (RaftStorageDirectoryImpl.java:analyzeStorage(138)) - The storage directory /home/runner/work/ozone/ozone/hadoop-ozone/integration-test/target/test-dir/MiniOzoneClusterImpl-ff59c164-3798-4a7f-a16d-eeed9ffb3244/ozone-meta/datanode-2/ratis/62edc9d3-8464-4391-ae20-f5b1e3443a36 does not exist. Creating ...
2025-04-23 04:26:52,746 [4c9bf6b8-dff1-4348-8d13-20f037915169-groupManagement] INFO  storage.RaftStorageDirectory (RaftStorageDirectoryImpl.java:tryLock(229)) - Lock on /home/runner/work/ozone/ozone/hadoop-ozone/integration-test/target/test-dir/MiniOzoneClusterImpl-ff59c164-3798-4a7f-a16d-eeed9ffb3244/ozone-meta/datanode-2/ratis/62edc9d3-8464-4391-ae20-f5b1e3443a36/in_use.lock acquired by nodename 129558@fv-az1441-587
2025-04-23 04:26:52,748 [4c9bf6b8-dff1-4348-8d13-20f037915169-groupManagement] INFO  storage.RaftStorage (RaftStorageImpl.java:format(98)) - Storage directory /home/runner/work/ozone/ozone/hadoop-ozone/integration-test/target/test-dir/MiniOzoneClusterImpl-ff59c164-3798-4a7f-a16d-eeed9ffb3244/ozone-meta/datanode-2/ratis/62edc9d3-8464-4391-ae20-f5b1e3443a36 has been successfully formatted.
2025-04-23 04:26:52,749 [4c9bf6b8-dff1-4348-8d13-20f037915169-groupManagement] INFO  ratis.ContainerStateMachine (ContainerStateMachine.java:initialize(339)) - 4c9bf6b8-dff1-4348-8d13-20f037915169: initialize group-F5B1E3443A36
2025-04-23 04:26:52,749 [4c9bf6b8-dff1-4348-8d13-20f037915169-groupManagement] INFO  ratis.ContainerStateMachine (ContainerStateMachine.java:loadSnapshot(347)) - group-F5B1E3443A36: The snapshot info is null. Setting the last applied index to:(t:0, i:~)
2025-04-23 04:26:52,749 [4c9bf6b8-dff1-4348-8d13-20f037915169-groupManagement] INFO  server.RaftServerConfigKeys (ConfUtils.java:logGet(46)) - raft.server.log.use.memory = false (default)
2025-04-23 04:26:52,750 [4c9bf6b8-dff1-4348-8d13-20f037915169-groupManagement] INFO  server.RaftServerConfigKeys (ConfUtils.java:logGet(46)) - raft.server.log.purge.gap = 1000000 (custom)
2025-04-23 04:26:52,750 [4c9bf6b8-dff1-4348-8d13-20f037915169-groupManagement] INFO  server.RaftServerConfigKeys (ConfUtils.java:logGet(46)) - raft.server.log.appender.buffer.byte-limit = 33554432 (custom)
2025-04-23 04:26:52,750 [4c9bf6b8-dff1-4348-8d13-20f037915169-groupManagement] INFO  server.RaftServerConfigKeys (ConfUtils.java:logGet(46)) - raft.server.log.statemachine.data.read.timeout = 1000ms (default)
2025-04-23 04:26:52,750 [4c9bf6b8-dff1-4348-8d13-20f037915169-groupManagement] INFO  server.RaftServerConfigKeys (ConfUtils.java:logGet(46)) - raft.server.log.purge.preservation.log.num = 0 (default)
2025-04-23 04:26:52,755 [4c9bf6b8-dff1-4348-8d13-20f037915169-groupManagement] INFO  server.RaftServerConfigKeys (ConfUtils.java:logGet(46)) - raft.server.log.segment.size.max = 67108864 (custom)
2025-04-23 04:26:52,756 [4c9bf6b8-dff1-4348-8d13-20f037915169-groupManagement] INFO  server.RaftServerConfigKeys (ConfUtils.java:logGet(46)) - raft.server.log.segment.cache.num.max = 2 (custom)
2025-04-23 04:26:52,756 [4c9bf6b8-dff1-4348-8d13-20f037915169-groupManagement] INFO  server.RaftServerConfigKeys (ConfUtils.java:logGet(46)) - raft.server.log.segment.cache.size.max = 200MB (=209715200) (default)
2025-04-23 04:26:52,756 [4c9bf6b8-dff1-4348-8d13-20f037915169-groupManagement] INFO  server.RaftServerConfigKeys (ConfUtils.java:logGet(46)) - raft.server.log.appender.buffer.byte-limit = 33554432 (custom)
2025-04-23 04:26:52,757 [4c9bf6b8-dff1-4348-8d13-20f037915169-groupManagement] INFO  util.AwaitToRun (AwaitToRun.java:start(81)) - Thread[#937,4c9bf6b8-dff1-4348-8d13-20f037915169@group-F5B1E3443A36-cacheEviction-AwaitToRun,5,main] started
2025-04-23 04:26:52,757 [4c9bf6b8-dff1-4348-8d13-20f037915169-groupManagement] INFO  segmented.SegmentedRaftLogWorker (SegmentedRaftLogWorker.java:<init>(188)) - new 4c9bf6b8-dff1-4348-8d13-20f037915169@group-F5B1E3443A36-SegmentedRaftLogWorker for RaftStorageImpl:Storage Directory /home/runner/work/ozone/ozone/hadoop-ozone/integration-test/target/test-dir/MiniOzoneClusterImpl-ff59c164-3798-4a7f-a16d-eeed9ffb3244/ozone-meta/datanode-2/ratis/62edc9d3-8464-4391-ae20-f5b1e3443a36
2025-04-23 04:26:52,757 [4c9bf6b8-dff1-4348-8d13-20f037915169-groupManagement] INFO  server.RaftServerConfigKeys (ConfUtils.java:logGet(46)) - raft.server.log.queue.byte-limit = 4294967296 (custom)
2025-04-23 04:26:52,757 [4c9bf6b8-dff1-4348-8d13-20f037915169-groupManagement] INFO  server.RaftServerConfigKeys (ConfUtils.java:logGet(46)) - raft.server.log.queue.element-limit = 1024 (custom)
2025-04-23 04:26:52,757 [4c9bf6b8-dff1-4348-8d13-20f037915169-groupManagement] INFO  server.RaftServerConfigKeys (ConfUtils.java:logGet(46)) - raft.server.log.segment.size.max = 67108864 (custom)
2025-04-23 04:26:52,757 [4c9bf6b8-dff1-4348-8d13-20f037915169-groupManagement] INFO  server.RaftServerConfigKeys (ConfUtils.java:logGet(46)) - raft.server.log.preallocated.size = 4194304 (custom)
2025-04-23 04:26:52,757 [4c9bf6b8-dff1-4348-8d13-20f037915169-groupManagement] INFO  server.RaftServerConfigKeys (ConfUtils.java:logGet(46)) - raft.server.log.force.sync.num = 128 (default)
2025-04-23 04:26:52,757 [4c9bf6b8-dff1-4348-8d13-20f037915169-groupManagement] INFO  server.RaftServerConfigKeys (ConfUtils.java:logGet(46)) - raft.server.log.statemachine.data.sync = true (default)
2025-04-23 04:26:52,757 [4c9bf6b8-dff1-4348-8d13-20f037915169-groupManagement] INFO  server.RaftServerConfigKeys (ConfUtils.java:logGet(46)) - raft.server.log.statemachine.data.sync.timeout = 10s (default)
2025-04-23 04:26:52,757 [4c9bf6b8-dff1-4348-8d13-20f037915169-groupManagement] INFO  server.RaftServerConfigKeys (ConfUtils.java:logGet(46)) - raft.server.log.statemachine.data.sync.timeout.retry = 30 (custom)
2025-04-23 04:26:52,758 [4c9bf6b8-dff1-4348-8d13-20f037915169-groupManagement] INFO  server.RaftServerConfigKeys (ConfUtils.java:logGet(46)) - raft.server.log.write.buffer.size = 33554440 (custom)
2025-04-23 04:26:52,764 [4c9bf6b8-dff1-4348-8d13-20f037915169-groupManagement] INFO  server.RaftServerConfigKeys (ConfUtils.java:logGet(46)) - raft.server.log.appender.buffer.byte-limit = 33554432 (custom)
2025-04-23 04:26:52,764 [4c9bf6b8-dff1-4348-8d13-20f037915169-groupManagement] INFO  server.RaftServerConfigKeys (ConfUtils.java:logGet(46)) - raft.server.log.unsafe-flush.enabled = false (default)
2025-04-23 04:26:52,765 [4c9bf6b8-dff1-4348-8d13-20f037915169-groupManagement] INFO  server.RaftServerConfigKeys (ConfUtils.java:logGet(46)) - raft.server.log.async-flush.enabled = false (default)
2025-04-23 04:26:52,765 [4c9bf6b8-dff1-4348-8d13-20f037915169-groupManagement] INFO  server.RaftServerConfigKeys (ConfUtils.java:logGet(46)) - raft.server.log.statemachine.data.caching.enabled = true (custom)
2025-04-23 04:26:52,765 [4c9bf6b8-dff1-4348-8d13-20f037915169-groupManagement] INFO  segmented.SegmentedRaftLogWorker (SegmentedRaftLogWorker.java:lambda$new$0(139)) - 4c9bf6b8-dff1-4348-8d13-20f037915169@group-F5B1E3443A36-SegmentedRaftLogWorker: flushIndex: setUnconditionally 0 -> -1
2025-04-23 04:26:52,765 [4c9bf6b8-dff1-4348-8d13-20f037915169-groupManagement] INFO  segmented.SegmentedRaftLogWorker (SegmentedRaftLogWorker.java:lambda$new$0(139)) - 4c9bf6b8-dff1-4348-8d13-20f037915169@group-F5B1E3443A36-SegmentedRaftLogWorker: safeCacheEvictIndex: setUnconditionally 0 -> -1
2025-04-23 04:26:52,765 [4c9bf6b8-dff1-4348-8d13-20f037915169-groupManagement] INFO  server.RaftServer$Division (RaftServerImpl.java:start(391)) - 4c9bf6b8-dff1-4348-8d13-20f037915169@group-F5B1E3443A36: start as a follower, conf=conf: {index: -1, cur=peers:[baf21fd8-fe83-4245-9dfa-94651746f6f6|127.0.0.1:15023, 4c9bf6b8-dff1-4348-8d13-20f037915169|127.0.0.1:15031, 10d18a7b-3cc1-41d1-8b83-572ee97c87aa|127.0.0.1:15039]|listeners:[], old=null}
2025-04-23 04:26:52,765 [4c9bf6b8-dff1-4348-8d13-20f037915169-groupManagement] INFO  server.RaftServer$Division (RaftServerImpl.java:setRole(378)) - 4c9bf6b8-dff1-4348-8d13-20f037915169@group-F5B1E3443A36: changes role from      null to FOLLOWER at term 0 for startAsFollower
2025-04-23 04:26:52,766 [4c9bf6b8-dff1-4348-8d13-20f037915169-groupManagement] INFO  impl.RoleInfo (RoleInfo.java:updateAndGet(148)) - 4c9bf6b8-dff1-4348-8d13-20f037915169: start 4c9bf6b8-dff1-4348-8d13-20f037915169@group-F5B1E3443A36-FollowerState
2025-04-23 04:26:52,766 [4c9bf6b8-dff1-4348-8d13-20f037915169@group-F5B1E3443A36-FollowerState] INFO  server.RaftServerConfigKeys (ConfUtils.java:logGet(46)) - raft.server.rpc.first-election.timeout.min = 1000ms (custom)
2025-04-23 04:26:52,767 [4c9bf6b8-dff1-4348-8d13-20f037915169@group-F5B1E3443A36-FollowerState] INFO  server.RaftServerConfigKeys (ConfUtils.java:logGet(46)) - raft.server.rpc.first-election.timeout.max = 1200ms (custom)
2025-04-23 04:26:52,767 [4c9bf6b8-dff1-4348-8d13-20f037915169-groupManagement] INFO  util.JmxRegister (JmxRegister.java:tryRegister(44)) - Successfully registered JMX Bean with object name Ratis:service=RaftServer,group=group-F5B1E3443A36,id=4c9bf6b8-dff1-4348-8d13-20f037915169
2025-04-23 04:26:52,767 [4c9bf6b8-dff1-4348-8d13-20f037915169-groupManagement] INFO  util.JmxRegister (JmxRegister.java:register(58)) - register mxBean class org.apache.ratis.server.impl.RaftServerJmxAdapter as Ratis:service=RaftServer,group=group-F5B1E3443A36,id=4c9bf6b8-dff1-4348-8d13-20f037915169
2025-04-23 04:26:52,767 [4c9bf6b8-dff1-4348-8d13-20f037915169-groupManagement] INFO  server.RaftServerConfigKeys (ConfUtils.java:logGet(46)) - raft.server.snapshot.trigger-when-stop.enabled = true (default)
2025-04-23 04:26:52,767 [4c9bf6b8-dff1-4348-8d13-20f037915169-groupManagement] INFO  server.RaftServerConfigKeys (ConfUtils.java:logGet(46)) - raft.server.snapshot.trigger-when-remove.enabled = true (default)
2025-04-23 04:26:52,767 [4c9bf6b8-dff1-4348-8d13-20f037915169-groupManagement] INFO  server.RaftServerConfigKeys (ConfUtils.java:logGet(46)) - raft.server.snapshot.auto.trigger.enabled = true (custom)
2025-04-23 04:26:52,767 [4c9bf6b8-dff1-4348-8d13-20f037915169-groupManagement] INFO  server.RaftServerConfigKeys (ConfUtils.java:logGet(46)) - raft.server.snapshot.auto.trigger.threshold = 100000 (custom)
2025-04-23 04:26:52,767 [4c9bf6b8-dff1-4348-8d13-20f037915169-groupManagement] INFO  server.RaftServerConfigKeys (ConfUtils.java:logGet(46)) - raft.server.snapshot.retention.file.num = 5 (custom)
2025-04-23 04:26:52,767 [4c9bf6b8-dff1-4348-8d13-20f037915169-groupManagement] INFO  server.RaftServerConfigKeys (ConfUtils.java:logGet(46)) - raft.server.log.purge.upto.snapshot.index = false (default)
2025-04-23 04:26:52,768 [4c9bf6b8-dff1-4348-8d13-20f037915169-groupManagement] INFO  server.RaftServer$Division (RaftServerImpl.java:start(405)) - 4c9bf6b8-dff1-4348-8d13-20f037915169@group-F5B1E3443A36: Successfully started.
2025-04-23 04:26:52,777 [10d18a7b-3cc1-41d1-8b83-572ee97c87aa-PipelineCommandHandlerThread-0] INFO  commandhandler.CreatePipelineCommandHandler (CreatePipelineCommandHandler.java:lambda$handle$2(128)) - Created Pipeline RATIS THREE PipelineID=62edc9d3-8464-4391-ae20-f5b1e3443a36.
2025-04-23 04:26:52,777 [10d18a7b-3cc1-41d1-8b83-572ee97c87aa-PipelineCommandHandlerThread-0] INFO  server.RaftServer (RaftServerProxy.java:addNew(100)) - 10d18a7b-3cc1-41d1-8b83-572ee97c87aa: addNew group-E359F0EF759B:[baf21fd8-fe83-4245-9dfa-94651746f6f6|127.0.0.1:15023, 4c9bf6b8-dff1-4348-8d13-20f037915169|127.0.0.1:15031, 10d18a7b-3cc1-41d1-8b83-572ee97c87aa|127.0.0.1:15039] returns group-E359F0EF759B:java.util.concurrent.CompletableFuture@3bddc235[Not completed]
2025-04-23 04:26:52,780 [10d18a7b-3cc1-41d1-8b83-572ee97c87aa-groupManagement] INFO  server.RaftServer$Division (RaftServerImpl.java:<init>(255)) - 10d18a7b-3cc1-41d1-8b83-572ee97c87aa: new RaftServerImpl for group-E359F0EF759B:[baf21fd8-fe83-4245-9dfa-94651746f6f6|127.0.0.1:15023, 4c9bf6b8-dff1-4348-8d13-20f037915169|127.0.0.1:15031, 10d18a7b-3cc1-41d1-8b83-572ee97c87aa|127.0.0.1:15039] with ContainerStateMachine:uninitialized
2025-04-23 04:26:52,780 [10d18a7b-3cc1-41d1-8b83-572ee97c87aa-groupManagement] INFO  server.RaftServerConfigKeys (ConfUtils.java:logGet(46)) - raft.server.rpc.timeout.min = 5s (custom)
2025-04-23 04:26:52,780 [10d18a7b-3cc1-41d1-8b83-572ee97c87aa-groupManagement] INFO  server.RaftServerConfigKeys (ConfUtils.java:logGet(46)) - raft.server.rpc.timeout.max = 5200ms (custom)
2025-04-23 04:26:52,780 [10d18a7b-3cc1-41d1-8b83-572ee97c87aa-groupManagement] INFO  server.RaftServerConfigKeys (ConfUtils.java:logGet(46)) - raft.server.rpc.sleep.time = 25ms (default)
2025-04-23 04:26:52,780 [10d18a7b-3cc1-41d1-8b83-572ee97c87aa-groupManagement] INFO  server.RaftServerConfigKeys (ConfUtils.java:logGet(46)) - raft.server.rpc.slowness.timeout = 300s (custom)
2025-04-23 04:26:52,780 [10d18a7b-3cc1-41d1-8b83-572ee97c87aa-groupManagement] INFO  server.RaftServerConfigKeys (ConfUtils.java:logGet(46)) - raft.server.leaderelection.leader.step-down.wait-time = 10s (default)
2025-04-23 04:26:52,781 [10d18a7b-3cc1-41d1-8b83-572ee97c87aa-groupManagement] INFO  server.RaftServerConfigKeys (ConfUtils.java:logGet(46)) - raft.server.leaderelection.member.majority-add = false (default)
2025-04-23 04:26:52,781 [10d18a7b-3cc1-41d1-8b83-572ee97c87aa-groupManagement] INFO  server.RaftServerConfigKeys (ConfUtils.java:logGet(46)) - raft.server.sleep.deviation.threshold = 300ms (default)
2025-04-23 04:26:52,781 [10d18a7b-3cc1-41d1-8b83-572ee97c87aa-groupManagement] INFO  server.RaftServer$Division (ServerState.java:<init>(114)) - 10d18a7b-3cc1-41d1-8b83-572ee97c87aa@group-E359F0EF759B: ConfigurationManager, init=conf: {index: -1, cur=peers:[baf21fd8-fe83-4245-9dfa-94651746f6f6|127.0.0.1:15023, 4c9bf6b8-dff1-4348-8d13-20f037915169|127.0.0.1:15031, 10d18a7b-3cc1-41d1-8b83-572ee97c87aa|127.0.0.1:15039]|listeners:[], old=null}, confs=<EMPTY_MAP>
2025-04-23 04:26:52,781 [10d18a7b-3cc1-41d1-8b83-572ee97c87aa-groupManagement] INFO  server.RaftServerConfigKeys (ConfUtils.java:logGet(46)) - raft.server.notification.no-leader.timeout = 300s (custom)
2025-04-23 04:26:52,781 [10d18a7b-3cc1-41d1-8b83-572ee97c87aa-groupManagement] INFO  server.RaftServerConfigKeys (ConfUtils.java:logGet(46)) - raft.server.read.timeout = 10s (default)
2025-04-23 04:26:52,781 [10d18a7b-3cc1-41d1-8b83-572ee97c87aa-groupManagement] INFO  server.RaftServerConfigKeys (ConfUtils.java:logGet(46)) - raft.server.retrycache.expirytime = 600000ms (custom)
2025-04-23 04:26:52,781 [10d18a7b-3cc1-41d1-8b83-572ee97c87aa-groupManagement] INFO  server.RaftServerConfigKeys (ConfUtils.java:logGet(46)) - raft.server.retrycache.statistics.expirytime = 100ms (default)
2025-04-23 04:26:52,781 [10d18a7b-3cc1-41d1-8b83-572ee97c87aa-groupManagement] INFO  server.RaftServerConfigKeys (ConfUtils.java:logGet(46)) - raft.server.read.option = DEFAULT (default)
2025-04-23 04:26:52,781 [10d18a7b-3cc1-41d1-8b83-572ee97c87aa-groupManagement] INFO  server.RaftServerConfigKeys (ConfUtils.java:logGet(46)) - raft.server.read.read-after-write-consistent.write-index-cache.expiry-time = 60s (default)
2025-04-23 04:26:52,787 [10d18a7b-3cc1-41d1-8b83-572ee97c87aa-groupManagement] INFO  server.RaftServerConfigKeys (ConfUtils.java:logGet(46)) - raft.server.rpc.request.timeout = 60s (custom)
2025-04-23 04:26:52,787 [10d18a7b-3cc1-41d1-8b83-572ee97c87aa-groupManagement] INFO  server.RaftServerConfigKeys (ConfUtils.java:logGet(46)) - raft.server.log.appender.install.snapshot.enabled = false (custom)
2025-04-23 04:26:52,787 [10d18a7b-3cc1-41d1-8b83-572ee97c87aa-groupManagement] INFO  server.RaftServerConfigKeys (ConfUtils.java:logGet(46)) - raft.server.threadpool.server.cached = true (default)
2025-04-23 04:26:52,787 [10d18a7b-3cc1-41d1-8b83-572ee97c87aa-groupManagement] INFO  server.RaftServerConfigKeys (ConfUtils.java:logGet(46)) - raft.server.threadpool.server.size = 0 (default)
2025-04-23 04:26:52,787 [10d18a7b-3cc1-41d1-8b83-572ee97c87aa-groupManagement] INFO  server.RaftServerConfigKeys (ConfUtils.java:logGet(46)) - raft.server.threadpool.client.cached = true (default)
2025-04-23 04:26:52,787 [10d18a7b-3cc1-41d1-8b83-572ee97c87aa-groupManagement] INFO  server.RaftServerConfigKeys (ConfUtils.java:logGet(46)) - raft.server.threadpool.client.size = 0 (default)
2025-04-23 04:26:52,787 [10d18a7b-3cc1-41d1-8b83-572ee97c87aa-groupManagement] INFO  server.RaftServerConfigKeys (ConfUtils.java:logGet(46)) - raft.server.storage.free-space.min = 0MB (=0) (default)
2025-04-23 04:26:52,787 [10d18a7b-3cc1-41d1-8b83-572ee97c87aa-groupManagement] INFO  server.RaftServerConfigKeys (ConfUtils.java:logGet(46)) - raft.server.log.corruption.policy = EXCEPTION (default)
2025-04-23 04:26:52,787 [10d18a7b-3cc1-41d1-8b83-572ee97c87aa-groupManagement] INFO  server.RaftServerConfigKeys (ConfUtils.java:logGet(46)) - raft.server.storage.dir = [/home/runner/work/ozone/ozone/hadoop-ozone/integration-test/target/test-dir/MiniOzoneClusterImpl-ff59c164-3798-4a7f-a16d-eeed9ffb3244/ozone-meta/datanode-3/ratis] (custom)
2025-04-23 04:26:52,788 [10d18a7b-3cc1-41d1-8b83-572ee97c87aa-groupManagement] INFO  storage.RaftStorageDirectory (RaftStorageDirectoryImpl.java:analyzeStorage(138)) - The storage directory /home/runner/work/ozone/ozone/hadoop-ozone/integration-test/target/test-dir/MiniOzoneClusterImpl-ff59c164-3798-4a7f-a16d-eeed9ffb3244/ozone-meta/datanode-3/ratis/243dee80-d9db-4c08-9b44-e359f0ef759b does not exist. Creating ...
2025-04-23 04:26:52,789 [10d18a7b-3cc1-41d1-8b83-572ee97c87aa-groupManagement] INFO  storage.RaftStorageDirectory (RaftStorageDirectoryImpl.java:tryLock(229)) - Lock on /home/runner/work/ozone/ozone/hadoop-ozone/integration-test/target/test-dir/MiniOzoneClusterImpl-ff59c164-3798-4a7f-a16d-eeed9ffb3244/ozone-meta/datanode-3/ratis/243dee80-d9db-4c08-9b44-e359f0ef759b/in_use.lock acquired by nodename 129558@fv-az1441-587
2025-04-23 04:26:52,790 [10d18a7b-3cc1-41d1-8b83-572ee97c87aa-groupManagement] INFO  storage.RaftStorage (RaftStorageImpl.java:format(98)) - Storage directory /home/runner/work/ozone/ozone/hadoop-ozone/integration-test/target/test-dir/MiniOzoneClusterImpl-ff59c164-3798-4a7f-a16d-eeed9ffb3244/ozone-meta/datanode-3/ratis/243dee80-d9db-4c08-9b44-e359f0ef759b has been successfully formatted.
2025-04-23 04:26:52,790 [10d18a7b-3cc1-41d1-8b83-572ee97c87aa-groupManagement] INFO  ratis.ContainerStateMachine (ContainerStateMachine.java:initialize(339)) - 10d18a7b-3cc1-41d1-8b83-572ee97c87aa: initialize group-E359F0EF759B
2025-04-23 04:26:52,791 [10d18a7b-3cc1-41d1-8b83-572ee97c87aa-groupManagement] INFO  ratis.ContainerStateMachine (ContainerStateMachine.java:loadSnapshot(347)) - group-E359F0EF759B: The snapshot info is null. Setting the last applied index to:(t:0, i:~)
2025-04-23 04:26:52,791 [10d18a7b-3cc1-41d1-8b83-572ee97c87aa-groupManagement] INFO  server.RaftServerConfigKeys (ConfUtils.java:logGet(46)) - raft.server.log.use.memory = false (default)
2025-04-23 04:26:52,791 [10d18a7b-3cc1-41d1-8b83-572ee97c87aa-groupManagement] INFO  server.RaftServerConfigKeys (ConfUtils.java:logGet(46)) - raft.server.log.purge.gap = 1000000 (custom)
2025-04-23 04:26:52,791 [10d18a7b-3cc1-41d1-8b83-572ee97c87aa-groupManagement] INFO  server.RaftServerConfigKeys (ConfUtils.java:logGet(46)) - raft.server.log.appender.buffer.byte-limit = 33554432 (custom)
2025-04-23 04:26:52,791 [10d18a7b-3cc1-41d1-8b83-572ee97c87aa-groupManagement] INFO  server.RaftServerConfigKeys (ConfUtils.java:logGet(46)) - raft.server.log.statemachine.data.read.timeout = 1000ms (default)
2025-04-23 04:26:52,791 [10d18a7b-3cc1-41d1-8b83-572ee97c87aa-groupManagement] INFO  server.RaftServerConfigKeys (ConfUtils.java:logGet(46)) - raft.server.log.purge.preservation.log.num = 0 (default)
2025-04-23 04:26:52,793 [EventQueue-OpenPipelineForHealthyPipelineSafeModeRule] INFO  safemode.SCMSafeModeManager (HealthyPipelineSafeModeRule.java:process(141)) - SCM in safe mode. Healthy pipelines reported count is 0, required healthy pipeline reported count is 1
2025-04-23 04:26:52,794 [10d18a7b-3cc1-41d1-8b83-572ee97c87aa-groupManagement] INFO  server.RaftServerConfigKeys (ConfUtils.java:logGet(46)) - raft.server.log.segment.size.max = 67108864 (custom)
2025-04-23 04:26:52,794 [10d18a7b-3cc1-41d1-8b83-572ee97c87aa-groupManagement] INFO  server.RaftServerConfigKeys (ConfUtils.java:logGet(46)) - raft.server.log.segment.cache.num.max = 2 (custom)
2025-04-23 04:26:52,795 [10d18a7b-3cc1-41d1-8b83-572ee97c87aa-groupManagement] INFO  server.RaftServerConfigKeys (ConfUtils.java:logGet(46)) - raft.server.log.segment.cache.size.max = 200MB (=209715200) (default)
2025-04-23 04:26:52,795 [10d18a7b-3cc1-41d1-8b83-572ee97c87aa-groupManagement] INFO  server.RaftServerConfigKeys (ConfUtils.java:logGet(46)) - raft.server.log.appender.buffer.byte-limit = 33554432 (custom)
2025-04-23 04:26:52,795 [10d18a7b-3cc1-41d1-8b83-572ee97c87aa-groupManagement] INFO  util.AwaitToRun (AwaitToRun.java:start(81)) - Thread[#944,10d18a7b-3cc1-41d1-8b83-572ee97c87aa@group-E359F0EF759B-cacheEviction-AwaitToRun,5,main] started
2025-04-23 04:26:52,795 [10d18a7b-3cc1-41d1-8b83-572ee97c87aa-groupManagement] INFO  segmented.SegmentedRaftLogWorker (SegmentedRaftLogWorker.java:<init>(188)) - new 10d18a7b-3cc1-41d1-8b83-572ee97c87aa@group-E359F0EF759B-SegmentedRaftLogWorker for RaftStorageImpl:Storage Directory /home/runner/work/ozone/ozone/hadoop-ozone/integration-test/target/test-dir/MiniOzoneClusterImpl-ff59c164-3798-4a7f-a16d-eeed9ffb3244/ozone-meta/datanode-3/ratis/243dee80-d9db-4c08-9b44-e359f0ef759b
2025-04-23 04:26:52,795 [10d18a7b-3cc1-41d1-8b83-572ee97c87aa-groupManagement] INFO  server.RaftServerConfigKeys (ConfUtils.java:logGet(46)) - raft.server.log.queue.byte-limit = 4294967296 (custom)
2025-04-23 04:26:52,795 [10d18a7b-3cc1-41d1-8b83-572ee97c87aa-groupManagement] INFO  server.RaftServerConfigKeys (ConfUtils.java:logGet(46)) - raft.server.log.queue.element-limit = 1024 (custom)
2025-04-23 04:26:52,795 [10d18a7b-3cc1-41d1-8b83-572ee97c87aa-groupManagement] INFO  server.RaftServerConfigKeys (ConfUtils.java:logGet(46)) - raft.server.log.segment.size.max = 67108864 (custom)
2025-04-23 04:26:52,795 [10d18a7b-3cc1-41d1-8b83-572ee97c87aa-groupManagement] INFO  server.RaftServerConfigKeys (ConfUtils.java:logGet(46)) - raft.server.log.preallocated.size = 4194304 (custom)
2025-04-23 04:26:52,795 [10d18a7b-3cc1-41d1-8b83-572ee97c87aa-groupManagement] INFO  server.RaftServerConfigKeys (ConfUtils.java:logGet(46)) - raft.server.log.force.sync.num = 128 (default)
2025-04-23 04:26:52,795 [10d18a7b-3cc1-41d1-8b83-572ee97c87aa-groupManagement] INFO  server.RaftServerConfigKeys (ConfUtils.java:logGet(46)) - raft.server.log.statemachine.data.sync = true (default)
2025-04-23 04:26:52,795 [10d18a7b-3cc1-41d1-8b83-572ee97c87aa-groupManagement] INFO  server.RaftServerConfigKeys (ConfUtils.java:logGet(46)) - raft.server.log.statemachine.data.sync.timeout = 10s (default)
2025-04-23 04:26:52,795 [10d18a7b-3cc1-41d1-8b83-572ee97c87aa-groupManagement] INFO  server.RaftServerConfigKeys (ConfUtils.java:logGet(46)) - raft.server.log.statemachine.data.sync.timeout.retry = 30 (custom)
2025-04-23 04:26:52,796 [10d18a7b-3cc1-41d1-8b83-572ee97c87aa-groupManagement] INFO  server.RaftServerConfigKeys (ConfUtils.java:logGet(46)) - raft.server.log.write.buffer.size = 33554440 (custom)
2025-04-23 04:26:52,800 [10d18a7b-3cc1-41d1-8b83-572ee97c87aa-groupManagement] INFO  server.RaftServerConfigKeys (ConfUtils.java:logGet(46)) - raft.server.log.appender.buffer.byte-limit = 33554432 (custom)
2025-04-23 04:26:52,800 [10d18a7b-3cc1-41d1-8b83-572ee97c87aa-groupManagement] INFO  server.RaftServerConfigKeys (ConfUtils.java:logGet(46)) - raft.server.log.unsafe-flush.enabled = false (default)
2025-04-23 04:26:52,800 [10d18a7b-3cc1-41d1-8b83-572ee97c87aa-groupManagement] INFO  server.RaftServerConfigKeys (ConfUtils.java:logGet(46)) - raft.server.log.async-flush.enabled = false (default)
2025-04-23 04:26:52,800 [10d18a7b-3cc1-41d1-8b83-572ee97c87aa-groupManagement] INFO  server.RaftServerConfigKeys (ConfUtils.java:logGet(46)) - raft.server.log.statemachine.data.caching.enabled = true (custom)
2025-04-23 04:26:52,801 [10d18a7b-3cc1-41d1-8b83-572ee97c87aa-groupManagement] INFO  segmented.SegmentedRaftLogWorker (SegmentedRaftLogWorker.java:lambda$new$0(139)) - 10d18a7b-3cc1-41d1-8b83-572ee97c87aa@group-E359F0EF759B-SegmentedRaftLogWorker: flushIndex: setUnconditionally 0 -> -1
2025-04-23 04:26:52,801 [10d18a7b-3cc1-41d1-8b83-572ee97c87aa-groupManagement] INFO  segmented.SegmentedRaftLogWorker (SegmentedRaftLogWorker.java:lambda$new$0(139)) - 10d18a7b-3cc1-41d1-8b83-572ee97c87aa@group-E359F0EF759B-SegmentedRaftLogWorker: safeCacheEvictIndex: setUnconditionally 0 -> -1
2025-04-23 04:26:52,801 [10d18a7b-3cc1-41d1-8b83-572ee97c87aa-groupManagement] INFO  server.RaftServer$Division (RaftServerImpl.java:start(391)) - 10d18a7b-3cc1-41d1-8b83-572ee97c87aa@group-E359F0EF759B: start as a follower, conf=conf: {index: -1, cur=peers:[baf21fd8-fe83-4245-9dfa-94651746f6f6|127.0.0.1:15023, 4c9bf6b8-dff1-4348-8d13-20f037915169|127.0.0.1:15031, 10d18a7b-3cc1-41d1-8b83-572ee97c87aa|127.0.0.1:15039]|listeners:[], old=null}
2025-04-23 04:26:52,801 [10d18a7b-3cc1-41d1-8b83-572ee97c87aa-groupManagement] INFO  server.RaftServer$Division (RaftServerImpl.java:setRole(378)) - 10d18a7b-3cc1-41d1-8b83-572ee97c87aa@group-E359F0EF759B: changes role from      null to FOLLOWER at term 0 for startAsFollower
2025-04-23 04:26:52,801 [10d18a7b-3cc1-41d1-8b83-572ee97c87aa-groupManagement] INFO  impl.RoleInfo (RoleInfo.java:updateAndGet(148)) - 10d18a7b-3cc1-41d1-8b83-572ee97c87aa: start 10d18a7b-3cc1-41d1-8b83-572ee97c87aa@group-E359F0EF759B-FollowerState
2025-04-23 04:26:52,802 [10d18a7b-3cc1-41d1-8b83-572ee97c87aa@group-E359F0EF759B-FollowerState] INFO  server.RaftServerConfigKeys (ConfUtils.java:logGet(46)) - raft.server.rpc.first-election.timeout.min = 1000ms (custom)
2025-04-23 04:26:52,802 [10d18a7b-3cc1-41d1-8b83-572ee97c87aa-groupManagement] INFO  util.JmxRegister (JmxRegister.java:tryRegister(44)) - Successfully registered JMX Bean with object name Ratis:service=RaftServer,group=group-E359F0EF759B,id=10d18a7b-3cc1-41d1-8b83-572ee97c87aa
2025-04-23 04:26:52,802 [10d18a7b-3cc1-41d1-8b83-572ee97c87aa@group-E359F0EF759B-FollowerState] INFO  server.RaftServerConfigKeys (ConfUtils.java:logGet(46)) - raft.server.rpc.first-election.timeout.max = 1200ms (custom)
2025-04-23 04:26:52,802 [10d18a7b-3cc1-41d1-8b83-572ee97c87aa-groupManagement] INFO  util.JmxRegister (JmxRegister.java:register(58)) - register mxBean class org.apache.ratis.server.impl.RaftServerJmxAdapter as Ratis:service=RaftServer,group=group-E359F0EF759B,id=10d18a7b-3cc1-41d1-8b83-572ee97c87aa
2025-04-23 04:26:52,803 [10d18a7b-3cc1-41d1-8b83-572ee97c87aa-groupManagement] INFO  server.RaftServerConfigKeys (ConfUtils.java:logGet(46)) - raft.server.snapshot.trigger-when-stop.enabled = true (default)
2025-04-23 04:26:52,803 [10d18a7b-3cc1-41d1-8b83-572ee97c87aa-groupManagement] INFO  server.RaftServerConfigKeys (ConfUtils.java:logGet(46)) - raft.server.snapshot.trigger-when-remove.enabled = true (default)
2025-04-23 04:26:52,803 [10d18a7b-3cc1-41d1-8b83-572ee97c87aa-groupManagement] INFO  server.RaftServerConfigKeys (ConfUtils.java:logGet(46)) - raft.server.snapshot.auto.trigger.enabled = true (custom)
2025-04-23 04:26:52,803 [10d18a7b-3cc1-41d1-8b83-572ee97c87aa-groupManagement] INFO  server.RaftServerConfigKeys (ConfUtils.java:logGet(46)) - raft.server.snapshot.auto.trigger.threshold = 100000 (custom)
2025-04-23 04:26:52,803 [10d18a7b-3cc1-41d1-8b83-572ee97c87aa-groupManagement] INFO  server.RaftServerConfigKeys (ConfUtils.java:logGet(46)) - raft.server.snapshot.retention.file.num = 5 (custom)
2025-04-23 04:26:52,803 [10d18a7b-3cc1-41d1-8b83-572ee97c87aa-groupManagement] INFO  server.RaftServerConfigKeys (ConfUtils.java:logGet(46)) - raft.server.log.purge.upto.snapshot.index = false (default)
2025-04-23 04:26:52,804 [10d18a7b-3cc1-41d1-8b83-572ee97c87aa-groupManagement] INFO  server.RaftServer$Division (RaftServerImpl.java:start(405)) - 10d18a7b-3cc1-41d1-8b83-572ee97c87aa@group-E359F0EF759B: Successfully started.
2025-04-23 04:26:52,804 [10d18a7b-3cc1-41d1-8b83-572ee97c87aa-PipelineCommandHandlerThread-0] INFO  ratis.XceiverServerRatis (XceiverServerRatis.java:addGroup(842)) - Created group PipelineID=243dee80-d9db-4c08-9b44-e359f0ef759b
2025-04-23 04:26:52,812 [grpc-default-executor-1] INFO  server.RaftServer (RaftServerProxy.java:addNew(100)) - 4c9bf6b8-dff1-4348-8d13-20f037915169: addNew group-E359F0EF759B:[baf21fd8-fe83-4245-9dfa-94651746f6f6|127.0.0.1:15023, 4c9bf6b8-dff1-4348-8d13-20f037915169|127.0.0.1:15031, 10d18a7b-3cc1-41d1-8b83-572ee97c87aa|127.0.0.1:15039] returns group-E359F0EF759B:java.util.concurrent.CompletableFuture@482a2074[Not completed]
2025-04-23 04:26:52,814 [4c9bf6b8-dff1-4348-8d13-20f037915169-groupManagement] INFO  server.RaftServer$Division (RaftServerImpl.java:<init>(255)) - 4c9bf6b8-dff1-4348-8d13-20f037915169: new RaftServerImpl for group-E359F0EF759B:[baf21fd8-fe83-4245-9dfa-94651746f6f6|127.0.0.1:15023, 4c9bf6b8-dff1-4348-8d13-20f037915169|127.0.0.1:15031, 10d18a7b-3cc1-41d1-8b83-572ee97c87aa|127.0.0.1:15039] with ContainerStateMachine:uninitialized
2025-04-23 04:26:52,814 [4c9bf6b8-dff1-4348-8d13-20f037915169-groupManagement] INFO  server.RaftServerConfigKeys (ConfUtils.java:logGet(46)) - raft.server.rpc.timeout.min = 5s (custom)
2025-04-23 04:26:52,814 [4c9bf6b8-dff1-4348-8d13-20f037915169-groupManagement] INFO  server.RaftServerConfigKeys (ConfUtils.java:logGet(46)) - raft.server.rpc.timeout.max = 5200ms (custom)
2025-04-23 04:26:52,814 [4c9bf6b8-dff1-4348-8d13-20f037915169-groupManagement] INFO  server.RaftServerConfigKeys (ConfUtils.java:logGet(46)) - raft.server.rpc.sleep.time = 25ms (default)
2025-04-23 04:26:52,815 [4c9bf6b8-dff1-4348-8d13-20f037915169-groupManagement] INFO  server.RaftServerConfigKeys (ConfUtils.java:logGet(46)) - raft.server.rpc.slowness.timeout = 300s (custom)
2025-04-23 04:26:52,815 [4c9bf6b8-dff1-4348-8d13-20f037915169-groupManagement] INFO  server.RaftServerConfigKeys (ConfUtils.java:logGet(46)) - raft.server.leaderelection.leader.step-down.wait-time = 10s (default)
2025-04-23 04:26:52,815 [4c9bf6b8-dff1-4348-8d13-20f037915169-groupManagement] INFO  server.RaftServerConfigKeys (ConfUtils.java:logGet(46)) - raft.server.leaderelection.member.majority-add = false (default)
2025-04-23 04:26:52,815 [4c9bf6b8-dff1-4348-8d13-20f037915169-groupManagement] INFO  server.RaftServerConfigKeys (ConfUtils.java:logGet(46)) - raft.server.sleep.deviation.threshold = 300ms (default)
2025-04-23 04:26:52,815 [4c9bf6b8-dff1-4348-8d13-20f037915169-groupManagement] INFO  server.RaftServer$Division (ServerState.java:<init>(114)) - 4c9bf6b8-dff1-4348-8d13-20f037915169@group-E359F0EF759B: ConfigurationManager, init=conf: {index: -1, cur=peers:[baf21fd8-fe83-4245-9dfa-94651746f6f6|127.0.0.1:15023, 4c9bf6b8-dff1-4348-8d13-20f037915169|127.0.0.1:15031, 10d18a7b-3cc1-41d1-8b83-572ee97c87aa|127.0.0.1:15039]|listeners:[], old=null}, confs=<EMPTY_MAP>
2025-04-23 04:26:52,815 [4c9bf6b8-dff1-4348-8d13-20f037915169-groupManagement] INFO  server.RaftServerConfigKeys (ConfUtils.java:logGet(46)) - raft.server.notification.no-leader.timeout = 300s (custom)
2025-04-23 04:26:52,815 [4c9bf6b8-dff1-4348-8d13-20f037915169-groupManagement] INFO  server.RaftServerConfigKeys (ConfUtils.java:logGet(46)) - raft.server.read.timeout = 10s (default)
2025-04-23 04:26:52,815 [4c9bf6b8-dff1-4348-8d13-20f037915169-groupManagement] INFO  server.RaftServerConfigKeys (ConfUtils.java:logGet(46)) - raft.server.retrycache.expirytime = 600000ms (custom)
2025-04-23 04:26:52,815 [4c9bf6b8-dff1-4348-8d13-20f037915169-groupManagement] INFO  server.RaftServerConfigKeys (ConfUtils.java:logGet(46)) - raft.server.retrycache.statistics.expirytime = 100ms (default)
2025-04-23 04:26:52,815 [4c9bf6b8-dff1-4348-8d13-20f037915169-groupManagement] INFO  server.RaftServerConfigKeys (ConfUtils.java:logGet(46)) - raft.server.read.option = DEFAULT (default)
2025-04-23 04:26:52,815 [4c9bf6b8-dff1-4348-8d13-20f037915169-groupManagement] INFO  server.RaftServerConfigKeys (ConfUtils.java:logGet(46)) - raft.server.read.read-after-write-consistent.write-index-cache.expiry-time = 60s (default)
2025-04-23 04:26:52,819 [4c9bf6b8-dff1-4348-8d13-20f037915169-groupManagement] INFO  server.RaftServerConfigKeys (ConfUtils.java:logGet(46)) - raft.server.rpc.request.timeout = 60s (custom)
2025-04-23 04:26:52,819 [4c9bf6b8-dff1-4348-8d13-20f037915169-groupManagement] INFO  server.RaftServerConfigKeys (ConfUtils.java:logGet(46)) - raft.server.log.appender.install.snapshot.enabled = false (custom)
2025-04-23 04:26:52,819 [4c9bf6b8-dff1-4348-8d13-20f037915169-groupManagement] INFO  server.RaftServerConfigKeys (ConfUtils.java:logGet(46)) - raft.server.threadpool.server.cached = true (default)
2025-04-23 04:26:52,819 [4c9bf6b8-dff1-4348-8d13-20f037915169-groupManagement] INFO  server.RaftServerConfigKeys (ConfUtils.java:logGet(46)) - raft.server.threadpool.server.size = 0 (default)
2025-04-23 04:26:52,819 [4c9bf6b8-dff1-4348-8d13-20f037915169-groupManagement] INFO  server.RaftServerConfigKeys (ConfUtils.java:logGet(46)) - raft.server.threadpool.client.cached = true (default)
2025-04-23 04:26:52,819 [4c9bf6b8-dff1-4348-8d13-20f037915169-groupManagement] INFO  server.RaftServerConfigKeys (ConfUtils.java:logGet(46)) - raft.server.threadpool.client.size = 0 (default)
2025-04-23 04:26:52,819 [4c9bf6b8-dff1-4348-8d13-20f037915169-groupManagement] INFO  server.RaftServerConfigKeys (ConfUtils.java:logGet(46)) - raft.server.storage.free-space.min = 0MB (=0) (default)
2025-04-23 04:26:52,819 [4c9bf6b8-dff1-4348-8d13-20f037915169-groupManagement] INFO  server.RaftServerConfigKeys (ConfUtils.java:logGet(46)) - raft.server.log.corruption.policy = EXCEPTION (default)
2025-04-23 04:26:52,820 [4c9bf6b8-dff1-4348-8d13-20f037915169-groupManagement] INFO  server.RaftServerConfigKeys (ConfUtils.java:logGet(46)) - raft.server.storage.dir = [/home/runner/work/ozone/ozone/hadoop-ozone/integration-test/target/test-dir/MiniOzoneClusterImpl-ff59c164-3798-4a7f-a16d-eeed9ffb3244/ozone-meta/datanode-2/ratis] (custom)
2025-04-23 04:26:52,820 [4c9bf6b8-dff1-4348-8d13-20f037915169-groupManagement] INFO  storage.RaftStorageDirectory (RaftStorageDirectoryImpl.java:analyzeStorage(138)) - The storage directory /home/runner/work/ozone/ozone/hadoop-ozone/integration-test/target/test-dir/MiniOzoneClusterImpl-ff59c164-3798-4a7f-a16d-eeed9ffb3244/ozone-meta/datanode-2/ratis/243dee80-d9db-4c08-9b44-e359f0ef759b does not exist. Creating ...
2025-04-23 04:26:52,821 [4c9bf6b8-dff1-4348-8d13-20f037915169-groupManagement] INFO  storage.RaftStorageDirectory (RaftStorageDirectoryImpl.java:tryLock(229)) - Lock on /home/runner/work/ozone/ozone/hadoop-ozone/integration-test/target/test-dir/MiniOzoneClusterImpl-ff59c164-3798-4a7f-a16d-eeed9ffb3244/ozone-meta/datanode-2/ratis/243dee80-d9db-4c08-9b44-e359f0ef759b/in_use.lock acquired by nodename 129558@fv-az1441-587
2025-04-23 04:26:52,822 [4c9bf6b8-dff1-4348-8d13-20f037915169-groupManagement] INFO  storage.RaftStorage (RaftStorageImpl.java:format(98)) - Storage directory /home/runner/work/ozone/ozone/hadoop-ozone/integration-test/target/test-dir/MiniOzoneClusterImpl-ff59c164-3798-4a7f-a16d-eeed9ffb3244/ozone-meta/datanode-2/ratis/243dee80-d9db-4c08-9b44-e359f0ef759b has been successfully formatted.
2025-04-23 04:26:52,822 [4c9bf6b8-dff1-4348-8d13-20f037915169-groupManagement] INFO  ratis.ContainerStateMachine (ContainerStateMachine.java:initialize(339)) - 4c9bf6b8-dff1-4348-8d13-20f037915169: initialize group-E359F0EF759B
2025-04-23 04:26:52,822 [4c9bf6b8-dff1-4348-8d13-20f037915169-groupManagement] INFO  ratis.ContainerStateMachine (ContainerStateMachine.java:loadSnapshot(347)) - group-E359F0EF759B: The snapshot info is null. Setting the last applied index to:(t:0, i:~)
2025-04-23 04:26:52,822 [4c9bf6b8-dff1-4348-8d13-20f037915169-groupManagement] INFO  server.RaftServerConfigKeys (ConfUtils.java:logGet(46)) - raft.server.log.use.memory = false (default)
2025-04-23 04:26:52,822 [4c9bf6b8-dff1-4348-8d13-20f037915169-groupManagement] INFO  server.RaftServerConfigKeys (ConfUtils.java:logGet(46)) - raft.server.log.purge.gap = 1000000 (custom)
2025-04-23 04:26:52,822 [4c9bf6b8-dff1-4348-8d13-20f037915169-groupManagement] INFO  server.RaftServerConfigKeys (ConfUtils.java:logGet(46)) - raft.server.log.appender.buffer.byte-limit = 33554432 (custom)
2025-04-23 04:26:52,823 [4c9bf6b8-dff1-4348-8d13-20f037915169-groupManagement] INFO  server.RaftServerConfigKeys (ConfUtils.java:logGet(46)) - raft.server.log.statemachine.data.read.timeout = 1000ms (default)
2025-04-23 04:26:52,823 [4c9bf6b8-dff1-4348-8d13-20f037915169-groupManagement] INFO  server.RaftServerConfigKeys (ConfUtils.java:logGet(46)) - raft.server.log.purge.preservation.log.num = 0 (default)
2025-04-23 04:26:52,825 [4c9bf6b8-dff1-4348-8d13-20f037915169-groupManagement] INFO  server.RaftServerConfigKeys (ConfUtils.java:logGet(46)) - raft.server.log.segment.size.max = 67108864 (custom)
2025-04-23 04:26:52,826 [4c9bf6b8-dff1-4348-8d13-20f037915169-groupManagement] INFO  server.RaftServerConfigKeys (ConfUtils.java:logGet(46)) - raft.server.log.segment.cache.num.max = 2 (custom)
2025-04-23 04:26:52,826 [4c9bf6b8-dff1-4348-8d13-20f037915169-groupManagement] INFO  server.RaftServerConfigKeys (ConfUtils.java:logGet(46)) - raft.server.log.segment.cache.size.max = 200MB (=209715200) (default)
2025-04-23 04:26:52,826 [4c9bf6b8-dff1-4348-8d13-20f037915169-groupManagement] INFO  server.RaftServerConfigKeys (ConfUtils.java:logGet(46)) - raft.server.log.appender.buffer.byte-limit = 33554432 (custom)
2025-04-23 04:26:52,827 [4c9bf6b8-dff1-4348-8d13-20f037915169-groupManagement] INFO  util.AwaitToRun (AwaitToRun.java:start(81)) - Thread[#948,4c9bf6b8-dff1-4348-8d13-20f037915169@group-E359F0EF759B-cacheEviction-AwaitToRun,5,main] started
2025-04-23 04:26:52,827 [4c9bf6b8-dff1-4348-8d13-20f037915169-groupManagement] INFO  segmented.SegmentedRaftLogWorker (SegmentedRaftLogWorker.java:<init>(188)) - new 4c9bf6b8-dff1-4348-8d13-20f037915169@group-E359F0EF759B-SegmentedRaftLogWorker for RaftStorageImpl:Storage Directory /home/runner/work/ozone/ozone/hadoop-ozone/integration-test/target/test-dir/MiniOzoneClusterImpl-ff59c164-3798-4a7f-a16d-eeed9ffb3244/ozone-meta/datanode-2/ratis/243dee80-d9db-4c08-9b44-e359f0ef759b
2025-04-23 04:26:52,828 [4c9bf6b8-dff1-4348-8d13-20f037915169-groupManagement] INFO  server.RaftServerConfigKeys (ConfUtils.java:logGet(46)) - raft.server.log.queue.byte-limit = 4294967296 (custom)
2025-04-23 04:26:52,828 [4c9bf6b8-dff1-4348-8d13-20f037915169-groupManagement] INFO  server.RaftServerConfigKeys (ConfUtils.java:logGet(46)) - raft.server.log.queue.element-limit = 1024 (custom)
2025-04-23 04:26:52,828 [4c9bf6b8-dff1-4348-8d13-20f037915169-groupManagement] INFO  server.RaftServerConfigKeys (ConfUtils.java:logGet(46)) - raft.server.log.segment.size.max = 67108864 (custom)
2025-04-23 04:26:52,828 [4c9bf6b8-dff1-4348-8d13-20f037915169-groupManagement] INFO  server.RaftServerConfigKeys (ConfUtils.java:logGet(46)) - raft.server.log.preallocated.size = 4194304 (custom)
2025-04-23 04:26:52,828 [4c9bf6b8-dff1-4348-8d13-20f037915169-groupManagement] INFO  server.RaftServerConfigKeys (ConfUtils.java:logGet(46)) - raft.server.log.force.sync.num = 128 (default)
2025-04-23 04:26:52,829 [4c9bf6b8-dff1-4348-8d13-20f037915169-groupManagement] INFO  server.RaftServerConfigKeys (ConfUtils.java:logGet(46)) - raft.server.log.statemachine.data.sync = true (default)
2025-04-23 04:26:52,829 [4c9bf6b8-dff1-4348-8d13-20f037915169-groupManagement] INFO  server.RaftServerConfigKeys (ConfUtils.java:logGet(46)) - raft.server.log.statemachine.data.sync.timeout = 10s (default)
2025-04-23 04:26:52,829 [4c9bf6b8-dff1-4348-8d13-20f037915169-groupManagement] INFO  server.RaftServerConfigKeys (ConfUtils.java:logGet(46)) - raft.server.log.statemachine.data.sync.timeout.retry = 30 (custom)
2025-04-23 04:26:52,830 [4c9bf6b8-dff1-4348-8d13-20f037915169-groupManagement] INFO  server.RaftServerConfigKeys (ConfUtils.java:logGet(46)) - raft.server.log.write.buffer.size = 33554440 (custom)
2025-04-23 04:26:52,835 [4c9bf6b8-dff1-4348-8d13-20f037915169-groupManagement] INFO  server.RaftServerConfigKeys (ConfUtils.java:logGet(46)) - raft.server.log.appender.buffer.byte-limit = 33554432 (custom)
2025-04-23 04:26:52,835 [4c9bf6b8-dff1-4348-8d13-20f037915169-groupManagement] INFO  server.RaftServerConfigKeys (ConfUtils.java:logGet(46)) - raft.server.log.unsafe-flush.enabled = false (default)
2025-04-23 04:26:52,835 [4c9bf6b8-dff1-4348-8d13-20f037915169-groupManagement] INFO  server.RaftServerConfigKeys (ConfUtils.java:logGet(46)) - raft.server.log.async-flush.enabled = false (default)
2025-04-23 04:26:52,835 [4c9bf6b8-dff1-4348-8d13-20f037915169-groupManagement] INFO  server.RaftServerConfigKeys (ConfUtils.java:logGet(46)) - raft.server.log.statemachine.data.caching.enabled = true (custom)
2025-04-23 04:26:52,836 [4c9bf6b8-dff1-4348-8d13-20f037915169-groupManagement] INFO  segmented.SegmentedRaftLogWorker (SegmentedRaftLogWorker.java:lambda$new$0(139)) - 4c9bf6b8-dff1-4348-8d13-20f037915169@group-E359F0EF759B-SegmentedRaftLogWorker: flushIndex: setUnconditionally 0 -> -1
2025-04-23 04:26:52,836 [4c9bf6b8-dff1-4348-8d13-20f037915169-groupManagement] INFO  segmented.SegmentedRaftLogWorker (SegmentedRaftLogWorker.java:lambda$new$0(139)) - 4c9bf6b8-dff1-4348-8d13-20f037915169@group-E359F0EF759B-SegmentedRaftLogWorker: safeCacheEvictIndex: setUnconditionally 0 -> -1
2025-04-23 04:26:52,836 [4c9bf6b8-dff1-4348-8d13-20f037915169-groupManagement] INFO  server.RaftServer$Division (RaftServerImpl.java:start(391)) - 4c9bf6b8-dff1-4348-8d13-20f037915169@group-E359F0EF759B: start as a follower, conf=conf: {index: -1, cur=peers:[baf21fd8-fe83-4245-9dfa-94651746f6f6|127.0.0.1:15023, 4c9bf6b8-dff1-4348-8d13-20f037915169|127.0.0.1:15031, 10d18a7b-3cc1-41d1-8b83-572ee97c87aa|127.0.0.1:15039]|listeners:[], old=null}
2025-04-23 04:26:52,836 [4c9bf6b8-dff1-4348-8d13-20f037915169-groupManagement] INFO  server.RaftServer$Division (RaftServerImpl.java:setRole(378)) - 4c9bf6b8-dff1-4348-8d13-20f037915169@group-E359F0EF759B: changes role from      null to FOLLOWER at term 0 for startAsFollower
2025-04-23 04:26:52,836 [4c9bf6b8-dff1-4348-8d13-20f037915169-groupManagement] INFO  impl.RoleInfo (RoleInfo.java:updateAndGet(148)) - 4c9bf6b8-dff1-4348-8d13-20f037915169: start 4c9bf6b8-dff1-4348-8d13-20f037915169@group-E359F0EF759B-FollowerState
2025-04-23 04:26:52,836 [4c9bf6b8-dff1-4348-8d13-20f037915169@group-E359F0EF759B-FollowerState] INFO  server.RaftServerConfigKeys (ConfUtils.java:logGet(46)) - raft.server.rpc.first-election.timeout.min = 1000ms (custom)
2025-04-23 04:26:52,837 [4c9bf6b8-dff1-4348-8d13-20f037915169@group-E359F0EF759B-FollowerState] INFO  server.RaftServerConfigKeys (ConfUtils.java:logGet(46)) - raft.server.rpc.first-election.timeout.max = 1200ms (custom)
2025-04-23 04:26:52,837 [4c9bf6b8-dff1-4348-8d13-20f037915169-groupManagement] INFO  util.JmxRegister (JmxRegister.java:tryRegister(44)) - Successfully registered JMX Bean with object name Ratis:service=RaftServer,group=group-E359F0EF759B,id=4c9bf6b8-dff1-4348-8d13-20f037915169
2025-04-23 04:26:52,838 [4c9bf6b8-dff1-4348-8d13-20f037915169-groupManagement] INFO  util.JmxRegister (JmxRegister.java:register(58)) - register mxBean class org.apache.ratis.server.impl.RaftServerJmxAdapter as Ratis:service=RaftServer,group=group-E359F0EF759B,id=4c9bf6b8-dff1-4348-8d13-20f037915169
2025-04-23 04:26:52,838 [4c9bf6b8-dff1-4348-8d13-20f037915169-groupManagement] INFO  server.RaftServerConfigKeys (ConfUtils.java:logGet(46)) - raft.server.snapshot.trigger-when-stop.enabled = true (default)
2025-04-23 04:26:52,838 [4c9bf6b8-dff1-4348-8d13-20f037915169-groupManagement] INFO  server.RaftServerConfigKeys (ConfUtils.java:logGet(46)) - raft.server.snapshot.trigger-when-remove.enabled = true (default)
2025-04-23 04:26:52,838 [4c9bf6b8-dff1-4348-8d13-20f037915169-groupManagement] INFO  server.RaftServerConfigKeys (ConfUtils.java:logGet(46)) - raft.server.snapshot.auto.trigger.enabled = true (custom)
2025-04-23 04:26:52,838 [4c9bf6b8-dff1-4348-8d13-20f037915169-groupManagement] INFO  server.RaftServerConfigKeys (ConfUtils.java:logGet(46)) - raft.server.snapshot.auto.trigger.threshold = 100000 (custom)
2025-04-23 04:26:52,838 [4c9bf6b8-dff1-4348-8d13-20f037915169-groupManagement] INFO  server.RaftServerConfigKeys (ConfUtils.java:logGet(46)) - raft.server.snapshot.retention.file.num = 5 (custom)
2025-04-23 04:26:52,839 [4c9bf6b8-dff1-4348-8d13-20f037915169-groupManagement] INFO  server.RaftServerConfigKeys (ConfUtils.java:logGet(46)) - raft.server.log.purge.upto.snapshot.index = false (default)
2025-04-23 04:26:52,839 [4c9bf6b8-dff1-4348-8d13-20f037915169-groupManagement] INFO  server.RaftServer$Division (RaftServerImpl.java:start(405)) - 4c9bf6b8-dff1-4348-8d13-20f037915169@group-E359F0EF759B: Successfully started.
2025-04-23 04:26:52,852 [grpc-default-executor-1] INFO  server.RaftServer (RaftServerProxy.java:addNew(100)) - baf21fd8-fe83-4245-9dfa-94651746f6f6: addNew group-E359F0EF759B:[baf21fd8-fe83-4245-9dfa-94651746f6f6|127.0.0.1:15023, 4c9bf6b8-dff1-4348-8d13-20f037915169|127.0.0.1:15031, 10d18a7b-3cc1-41d1-8b83-572ee97c87aa|127.0.0.1:15039] returns group-E359F0EF759B:java.util.concurrent.CompletableFuture@71445a9c[Not completed]
2025-04-23 04:26:52,854 [baf21fd8-fe83-4245-9dfa-94651746f6f6-groupManagement] INFO  server.RaftServer$Division (RaftServerImpl.java:<init>(255)) - baf21fd8-fe83-4245-9dfa-94651746f6f6: new RaftServerImpl for group-E359F0EF759B:[baf21fd8-fe83-4245-9dfa-94651746f6f6|127.0.0.1:15023, 4c9bf6b8-dff1-4348-8d13-20f037915169|127.0.0.1:15031, 10d18a7b-3cc1-41d1-8b83-572ee97c87aa|127.0.0.1:15039] with ContainerStateMachine:uninitialized
2025-04-23 04:26:52,854 [baf21fd8-fe83-4245-9dfa-94651746f6f6-groupManagement] INFO  server.RaftServerConfigKeys (ConfUtils.java:logGet(46)) - raft.server.rpc.timeout.min = 5s (custom)
2025-04-23 04:26:52,854 [baf21fd8-fe83-4245-9dfa-94651746f6f6-groupManagement] INFO  server.RaftServerConfigKeys (ConfUtils.java:logGet(46)) - raft.server.rpc.timeout.max = 5200ms (custom)
2025-04-23 04:26:52,854 [baf21fd8-fe83-4245-9dfa-94651746f6f6-groupManagement] INFO  server.RaftServerConfigKeys (ConfUtils.java:logGet(46)) - raft.server.rpc.sleep.time = 25ms (default)
2025-04-23 04:26:52,854 [baf21fd8-fe83-4245-9dfa-94651746f6f6-groupManagement] INFO  server.RaftServerConfigKeys (ConfUtils.java:logGet(46)) - raft.server.rpc.slowness.timeout = 300s (custom)
2025-04-23 04:26:52,854 [baf21fd8-fe83-4245-9dfa-94651746f6f6-groupManagement] INFO  server.RaftServerConfigKeys (ConfUtils.java:logGet(46)) - raft.server.leaderelection.leader.step-down.wait-time = 10s (default)
2025-04-23 04:26:52,854 [baf21fd8-fe83-4245-9dfa-94651746f6f6-groupManagement] INFO  server.RaftServerConfigKeys (ConfUtils.java:logGet(46)) - raft.server.leaderelection.member.majority-add = false (default)
2025-04-23 04:26:52,854 [baf21fd8-fe83-4245-9dfa-94651746f6f6-groupManagement] INFO  server.RaftServerConfigKeys (ConfUtils.java:logGet(46)) - raft.server.sleep.deviation.threshold = 300ms (default)
2025-04-23 04:26:52,855 [baf21fd8-fe83-4245-9dfa-94651746f6f6-groupManagement] INFO  server.RaftServer$Division (ServerState.java:<init>(114)) - baf21fd8-fe83-4245-9dfa-94651746f6f6@group-E359F0EF759B: ConfigurationManager, init=conf: {index: -1, cur=peers:[baf21fd8-fe83-4245-9dfa-94651746f6f6|127.0.0.1:15023, 4c9bf6b8-dff1-4348-8d13-20f037915169|127.0.0.1:15031, 10d18a7b-3cc1-41d1-8b83-572ee97c87aa|127.0.0.1:15039]|listeners:[], old=null}, confs=<EMPTY_MAP>
2025-04-23 04:26:52,855 [baf21fd8-fe83-4245-9dfa-94651746f6f6-groupManagement] INFO  server.RaftServerConfigKeys (ConfUtils.java:logGet(46)) - raft.server.notification.no-leader.timeout = 300s (custom)
2025-04-23 04:26:52,855 [baf21fd8-fe83-4245-9dfa-94651746f6f6-groupManagement] INFO  server.RaftServerConfigKeys (ConfUtils.java:logGet(46)) - raft.server.read.timeout = 10s (default)
2025-04-23 04:26:52,855 [baf21fd8-fe83-4245-9dfa-94651746f6f6-groupManagement] INFO  server.RaftServerConfigKeys (ConfUtils.java:logGet(46)) - raft.server.retrycache.expirytime = 600000ms (custom)
2025-04-23 04:26:52,855 [baf21fd8-fe83-4245-9dfa-94651746f6f6-groupManagement] INFO  server.RaftServerConfigKeys (ConfUtils.java:logGet(46)) - raft.server.retrycache.statistics.expirytime = 100ms (default)
2025-04-23 04:26:52,855 [baf21fd8-fe83-4245-9dfa-94651746f6f6-groupManagement] INFO  server.RaftServerConfigKeys (ConfUtils.java:logGet(46)) - raft.server.read.option = DEFAULT (default)
2025-04-23 04:26:52,855 [baf21fd8-fe83-4245-9dfa-94651746f6f6-groupManagement] INFO  server.RaftServerConfigKeys (ConfUtils.java:logGet(46)) - raft.server.read.read-after-write-consistent.write-index-cache.expiry-time = 60s (default)
2025-04-23 04:26:52,860 [baf21fd8-fe83-4245-9dfa-94651746f6f6-groupManagement] INFO  server.RaftServerConfigKeys (ConfUtils.java:logGet(46)) - raft.server.rpc.request.timeout = 60s (custom)
2025-04-23 04:26:52,860 [baf21fd8-fe83-4245-9dfa-94651746f6f6-groupManagement] INFO  server.RaftServerConfigKeys (ConfUtils.java:logGet(46)) - raft.server.log.appender.install.snapshot.enabled = false (custom)
2025-04-23 04:26:52,860 [baf21fd8-fe83-4245-9dfa-94651746f6f6-groupManagement] INFO  server.RaftServerConfigKeys (ConfUtils.java:logGet(46)) - raft.server.threadpool.server.cached = true (default)
2025-04-23 04:26:52,860 [baf21fd8-fe83-4245-9dfa-94651746f6f6-groupManagement] INFO  server.RaftServerConfigKeys (ConfUtils.java:logGet(46)) - raft.server.threadpool.server.size = 0 (default)
2025-04-23 04:26:52,860 [baf21fd8-fe83-4245-9dfa-94651746f6f6-groupManagement] INFO  server.RaftServerConfigKeys (ConfUtils.java:logGet(46)) - raft.server.threadpool.client.cached = true (default)
2025-04-23 04:26:52,860 [baf21fd8-fe83-4245-9dfa-94651746f6f6-groupManagement] INFO  server.RaftServerConfigKeys (ConfUtils.java:logGet(46)) - raft.server.threadpool.client.size = 0 (default)
2025-04-23 04:26:52,860 [baf21fd8-fe83-4245-9dfa-94651746f6f6-groupManagement] INFO  server.RaftServerConfigKeys (ConfUtils.java:logGet(46)) - raft.server.storage.free-space.min = 0MB (=0) (default)
2025-04-23 04:26:52,860 [baf21fd8-fe83-4245-9dfa-94651746f6f6-groupManagement] INFO  server.RaftServerConfigKeys (ConfUtils.java:logGet(46)) - raft.server.log.corruption.policy = EXCEPTION (default)
2025-04-23 04:26:52,860 [baf21fd8-fe83-4245-9dfa-94651746f6f6-groupManagement] INFO  server.RaftServerConfigKeys (ConfUtils.java:logGet(46)) - raft.server.storage.dir = [/home/runner/work/ozone/ozone/hadoop-ozone/integration-test/target/test-dir/MiniOzoneClusterImpl-ff59c164-3798-4a7f-a16d-eeed9ffb3244/ozone-meta/datanode-1/ratis] (custom)
2025-04-23 04:26:52,860 [baf21fd8-fe83-4245-9dfa-94651746f6f6-groupManagement] INFO  storage.RaftStorageDirectory (RaftStorageDirectoryImpl.java:analyzeStorage(138)) - The storage directory /home/runner/work/ozone/ozone/hadoop-ozone/integration-test/target/test-dir/MiniOzoneClusterImpl-ff59c164-3798-4a7f-a16d-eeed9ffb3244/ozone-meta/datanode-1/ratis/243dee80-d9db-4c08-9b44-e359f0ef759b does not exist. Creating ...
2025-04-23 04:26:52,861 [baf21fd8-fe83-4245-9dfa-94651746f6f6-groupManagement] INFO  storage.RaftStorageDirectory (RaftStorageDirectoryImpl.java:tryLock(229)) - Lock on /home/runner/work/ozone/ozone/hadoop-ozone/integration-test/target/test-dir/MiniOzoneClusterImpl-ff59c164-3798-4a7f-a16d-eeed9ffb3244/ozone-meta/datanode-1/ratis/243dee80-d9db-4c08-9b44-e359f0ef759b/in_use.lock acquired by nodename 129558@fv-az1441-587
2025-04-23 04:26:52,863 [baf21fd8-fe83-4245-9dfa-94651746f6f6-groupManagement] INFO  storage.RaftStorage (RaftStorageImpl.java:format(98)) - Storage directory /home/runner/work/ozone/ozone/hadoop-ozone/integration-test/target/test-dir/MiniOzoneClusterImpl-ff59c164-3798-4a7f-a16d-eeed9ffb3244/ozone-meta/datanode-1/ratis/243dee80-d9db-4c08-9b44-e359f0ef759b has been successfully formatted.
2025-04-23 04:26:52,863 [baf21fd8-fe83-4245-9dfa-94651746f6f6-groupManagement] INFO  ratis.ContainerStateMachine (ContainerStateMachine.java:initialize(339)) - baf21fd8-fe83-4245-9dfa-94651746f6f6: initialize group-E359F0EF759B
2025-04-23 04:26:52,863 [baf21fd8-fe83-4245-9dfa-94651746f6f6-groupManagement] INFO  ratis.ContainerStateMachine (ContainerStateMachine.java:loadSnapshot(347)) - group-E359F0EF759B: The snapshot info is null. Setting the last applied index to:(t:0, i:~)
2025-04-23 04:26:52,863 [baf21fd8-fe83-4245-9dfa-94651746f6f6-groupManagement] INFO  server.RaftServerConfigKeys (ConfUtils.java:logGet(46)) - raft.server.log.use.memory = false (default)
2025-04-23 04:26:52,864 [baf21fd8-fe83-4245-9dfa-94651746f6f6-groupManagement] INFO  server.RaftServerConfigKeys (ConfUtils.java:logGet(46)) - raft.server.log.purge.gap = 1000000 (custom)
2025-04-23 04:26:52,864 [baf21fd8-fe83-4245-9dfa-94651746f6f6-groupManagement] INFO  server.RaftServerConfigKeys (ConfUtils.java:logGet(46)) - raft.server.log.appender.buffer.byte-limit = 33554432 (custom)
2025-04-23 04:26:52,864 [baf21fd8-fe83-4245-9dfa-94651746f6f6-groupManagement] INFO  server.RaftServerConfigKeys (ConfUtils.java:logGet(46)) - raft.server.log.statemachine.data.read.timeout = 1000ms (default)
2025-04-23 04:26:52,865 [baf21fd8-fe83-4245-9dfa-94651746f6f6-groupManagement] INFO  server.RaftServerConfigKeys (ConfUtils.java:logGet(46)) - raft.server.log.purge.preservation.log.num = 0 (default)
2025-04-23 04:26:52,867 [baf21fd8-fe83-4245-9dfa-94651746f6f6-groupManagement] INFO  server.RaftServerConfigKeys (ConfUtils.java:logGet(46)) - raft.server.log.segment.size.max = 67108864 (custom)
2025-04-23 04:26:52,867 [baf21fd8-fe83-4245-9dfa-94651746f6f6-groupManagement] INFO  server.RaftServerConfigKeys (ConfUtils.java:logGet(46)) - raft.server.log.segment.cache.num.max = 2 (custom)
2025-04-23 04:26:52,867 [baf21fd8-fe83-4245-9dfa-94651746f6f6-groupManagement] INFO  server.RaftServerConfigKeys (ConfUtils.java:logGet(46)) - raft.server.log.segment.cache.size.max = 200MB (=209715200) (default)
2025-04-23 04:26:52,867 [baf21fd8-fe83-4245-9dfa-94651746f6f6-groupManagement] INFO  server.RaftServerConfigKeys (ConfUtils.java:logGet(46)) - raft.server.log.appender.buffer.byte-limit = 33554432 (custom)
2025-04-23 04:26:52,868 [baf21fd8-fe83-4245-9dfa-94651746f6f6-groupManagement] INFO  util.AwaitToRun (AwaitToRun.java:start(81)) - Thread[#955,baf21fd8-fe83-4245-9dfa-94651746f6f6@group-E359F0EF759B-cacheEviction-AwaitToRun,5,main] started
2025-04-23 04:26:52,868 [baf21fd8-fe83-4245-9dfa-94651746f6f6-groupManagement] INFO  segmented.SegmentedRaftLogWorker (SegmentedRaftLogWorker.java:<init>(188)) - new baf21fd8-fe83-4245-9dfa-94651746f6f6@group-E359F0EF759B-SegmentedRaftLogWorker for RaftStorageImpl:Storage Directory /home/runner/work/ozone/ozone/hadoop-ozone/integration-test/target/test-dir/MiniOzoneClusterImpl-ff59c164-3798-4a7f-a16d-eeed9ffb3244/ozone-meta/datanode-1/ratis/243dee80-d9db-4c08-9b44-e359f0ef759b
2025-04-23 04:26:52,868 [baf21fd8-fe83-4245-9dfa-94651746f6f6-groupManagement] INFO  server.RaftServerConfigKeys (ConfUtils.java:logGet(46)) - raft.server.log.queue.byte-limit = 4294967296 (custom)
2025-04-23 04:26:52,868 [baf21fd8-fe83-4245-9dfa-94651746f6f6-groupManagement] INFO  server.RaftServerConfigKeys (ConfUtils.java:logGet(46)) - raft.server.log.queue.element-limit = 1024 (custom)
2025-04-23 04:26:52,868 [baf21fd8-fe83-4245-9dfa-94651746f6f6-groupManagement] INFO  server.RaftServerConfigKeys (ConfUtils.java:logGet(46)) - raft.server.log.segment.size.max = 67108864 (custom)
2025-04-23 04:26:52,868 [baf21fd8-fe83-4245-9dfa-94651746f6f6-groupManagement] INFO  server.RaftServerConfigKeys (ConfUtils.java:logGet(46)) - raft.server.log.preallocated.size = 4194304 (custom)
2025-04-23 04:26:52,868 [baf21fd8-fe83-4245-9dfa-94651746f6f6-groupManagement] INFO  server.RaftServerConfigKeys (ConfUtils.java:logGet(46)) - raft.server.log.force.sync.num = 128 (default)
2025-04-23 04:26:52,868 [baf21fd8-fe83-4245-9dfa-94651746f6f6-groupManagement] INFO  server.RaftServerConfigKeys (ConfUtils.java:logGet(46)) - raft.server.log.statemachine.data.sync = true (default)
2025-04-23 04:26:52,868 [baf21fd8-fe83-4245-9dfa-94651746f6f6-groupManagement] INFO  server.RaftServerConfigKeys (ConfUtils.java:logGet(46)) - raft.server.log.statemachine.data.sync.timeout = 10s (default)
2025-04-23 04:26:52,868 [baf21fd8-fe83-4245-9dfa-94651746f6f6-groupManagement] INFO  server.RaftServerConfigKeys (ConfUtils.java:logGet(46)) - raft.server.log.statemachine.data.sync.timeout.retry = 30 (custom)
2025-04-23 04:26:52,869 [baf21fd8-fe83-4245-9dfa-94651746f6f6-groupManagement] INFO  server.RaftServerConfigKeys (ConfUtils.java:logGet(46)) - raft.server.log.write.buffer.size = 33554440 (custom)
2025-04-23 04:26:52,873 [baf21fd8-fe83-4245-9dfa-94651746f6f6-groupManagement] INFO  server.RaftServerConfigKeys (ConfUtils.java:logGet(46)) - raft.server.log.appender.buffer.byte-limit = 33554432 (custom)
2025-04-23 04:26:52,874 [baf21fd8-fe83-4245-9dfa-94651746f6f6-groupManagement] INFO  server.RaftServerConfigKeys (ConfUtils.java:logGet(46)) - raft.server.log.unsafe-flush.enabled = false (default)
2025-04-23 04:26:52,874 [baf21fd8-fe83-4245-9dfa-94651746f6f6-groupManagement] INFO  server.RaftServerConfigKeys (ConfUtils.java:logGet(46)) - raft.server.log.async-flush.enabled = false (default)
2025-04-23 04:26:52,874 [baf21fd8-fe83-4245-9dfa-94651746f6f6-groupManagement] INFO  server.RaftServerConfigKeys (ConfUtils.java:logGet(46)) - raft.server.log.statemachine.data.caching.enabled = true (custom)
2025-04-23 04:26:52,874 [baf21fd8-fe83-4245-9dfa-94651746f6f6-groupManagement] INFO  segmented.SegmentedRaftLogWorker (SegmentedRaftLogWorker.java:lambda$new$0(139)) - baf21fd8-fe83-4245-9dfa-94651746f6f6@group-E359F0EF759B-SegmentedRaftLogWorker: flushIndex: setUnconditionally 0 -> -1
2025-04-23 04:26:52,874 [baf21fd8-fe83-4245-9dfa-94651746f6f6-groupManagement] INFO  segmented.SegmentedRaftLogWorker (SegmentedRaftLogWorker.java:lambda$new$0(139)) - baf21fd8-fe83-4245-9dfa-94651746f6f6@group-E359F0EF759B-SegmentedRaftLogWorker: safeCacheEvictIndex: setUnconditionally 0 -> -1
2025-04-23 04:26:52,874 [baf21fd8-fe83-4245-9dfa-94651746f6f6-groupManagement] INFO  server.RaftServer$Division (RaftServerImpl.java:start(391)) - baf21fd8-fe83-4245-9dfa-94651746f6f6@group-E359F0EF759B: start as a follower, conf=conf: {index: -1, cur=peers:[baf21fd8-fe83-4245-9dfa-94651746f6f6|127.0.0.1:15023, 4c9bf6b8-dff1-4348-8d13-20f037915169|127.0.0.1:15031, 10d18a7b-3cc1-41d1-8b83-572ee97c87aa|127.0.0.1:15039]|listeners:[], old=null}
2025-04-23 04:26:52,875 [baf21fd8-fe83-4245-9dfa-94651746f6f6-groupManagement] INFO  server.RaftServer$Division (RaftServerImpl.java:setRole(378)) - baf21fd8-fe83-4245-9dfa-94651746f6f6@group-E359F0EF759B: changes role from      null to FOLLOWER at term 0 for startAsFollower
2025-04-23 04:26:52,875 [baf21fd8-fe83-4245-9dfa-94651746f6f6-groupManagement] INFO  impl.RoleInfo (RoleInfo.java:updateAndGet(148)) - baf21fd8-fe83-4245-9dfa-94651746f6f6: start baf21fd8-fe83-4245-9dfa-94651746f6f6@group-E359F0EF759B-FollowerState
2025-04-23 04:26:52,875 [baf21fd8-fe83-4245-9dfa-94651746f6f6-groupManagement] INFO  util.JmxRegister (JmxRegister.java:tryRegister(44)) - Successfully registered JMX Bean with object name Ratis:service=RaftServer,group=group-E359F0EF759B,id=baf21fd8-fe83-4245-9dfa-94651746f6f6
2025-04-23 04:26:52,875 [baf21fd8-fe83-4245-9dfa-94651746f6f6-groupManagement] INFO  util.JmxRegister (JmxRegister.java:register(58)) - register mxBean class org.apache.ratis.server.impl.RaftServerJmxAdapter as Ratis:service=RaftServer,group=group-E359F0EF759B,id=baf21fd8-fe83-4245-9dfa-94651746f6f6
2025-04-23 04:26:52,875 [baf21fd8-fe83-4245-9dfa-94651746f6f6-groupManagement] INFO  server.RaftServerConfigKeys (ConfUtils.java:logGet(46)) - raft.server.snapshot.trigger-when-stop.enabled = true (default)
2025-04-23 04:26:52,875 [baf21fd8-fe83-4245-9dfa-94651746f6f6-groupManagement] INFO  server.RaftServerConfigKeys (ConfUtils.java:logGet(46)) - raft.server.snapshot.trigger-when-remove.enabled = true (default)
2025-04-23 04:26:52,875 [baf21fd8-fe83-4245-9dfa-94651746f6f6-groupManagement] INFO  server.RaftServerConfigKeys (ConfUtils.java:logGet(46)) - raft.server.snapshot.auto.trigger.enabled = true (custom)
2025-04-23 04:26:52,875 [baf21fd8-fe83-4245-9dfa-94651746f6f6-groupManagement] INFO  server.RaftServerConfigKeys (ConfUtils.java:logGet(46)) - raft.server.snapshot.auto.trigger.threshold = 100000 (custom)
2025-04-23 04:26:52,875 [baf21fd8-fe83-4245-9dfa-94651746f6f6-groupManagement] INFO  server.RaftServerConfigKeys (ConfUtils.java:logGet(46)) - raft.server.snapshot.retention.file.num = 5 (custom)
2025-04-23 04:26:52,875 [baf21fd8-fe83-4245-9dfa-94651746f6f6-groupManagement] INFO  server.RaftServerConfigKeys (ConfUtils.java:logGet(46)) - raft.server.log.purge.upto.snapshot.index = false (default)
2025-04-23 04:26:52,875 [baf21fd8-fe83-4245-9dfa-94651746f6f6@group-E359F0EF759B-FollowerState] INFO  server.RaftServerConfigKeys (ConfUtils.java:logGet(46)) - raft.server.rpc.first-election.timeout.min = 1000ms (custom)
2025-04-23 04:26:52,876 [baf21fd8-fe83-4245-9dfa-94651746f6f6@group-E359F0EF759B-FollowerState] INFO  server.RaftServerConfigKeys (ConfUtils.java:logGet(46)) - raft.server.rpc.first-election.timeout.max = 1200ms (custom)
2025-04-23 04:26:52,876 [baf21fd8-fe83-4245-9dfa-94651746f6f6-groupManagement] INFO  server.RaftServer$Division (RaftServerImpl.java:start(405)) - baf21fd8-fe83-4245-9dfa-94651746f6f6@group-E359F0EF759B: Successfully started.
2025-04-23 04:26:52,881 [10d18a7b-3cc1-41d1-8b83-572ee97c87aa-PipelineCommandHandlerThread-0] INFO  commandhandler.CreatePipelineCommandHandler (CreatePipelineCommandHandler.java:lambda$handle$2(128)) - Created Pipeline RATIS THREE PipelineID=243dee80-d9db-4c08-9b44-e359f0ef759b.
2025-04-23 04:26:53,021 [main] INFO  ozone.MiniOzoneClusterImpl (MiniOzoneClusterImpl.java:lambda$waitForClusterToBeReady$0(190)) - Nodes are ready. Got 3 of 3 DN Heartbeats.
2025-04-23 04:26:53,021 [main] INFO  ozone.MiniOzoneClusterImpl (MiniOzoneClusterImpl.java:lambda$waitForClusterToBeReady$0(193)) - Waiting for cluster to exit safe mode
2025-04-23 04:26:53,021 [main] INFO  ozone.MiniOzoneClusterImpl (MiniOzoneClusterImpl.java:lambda$waitForClusterToBeReady$0(195)) - SCM became leader
2025-04-23 04:26:53,051 [baf21fd8-fe83-4245-9dfa-94651746f6f6-PipelineCommandHandlerThread-0] INFO  server.RaftServer (RaftServerProxy.java:addNew(100)) - baf21fd8-fe83-4245-9dfa-94651746f6f6: addNew group-30AD776CE79A:[baf21fd8-fe83-4245-9dfa-94651746f6f6|127.0.0.1:15023] returns group-30AD776CE79A:java.util.concurrent.CompletableFuture@2e1d21b[Not completed]
2025-04-23 04:26:53,053 [baf21fd8-fe83-4245-9dfa-94651746f6f6-groupManagement] INFO  server.RaftServer$Division (RaftServerImpl.java:<init>(255)) - baf21fd8-fe83-4245-9dfa-94651746f6f6: new RaftServerImpl for group-30AD776CE79A:[baf21fd8-fe83-4245-9dfa-94651746f6f6|127.0.0.1:15023] with ContainerStateMachine:uninitialized
2025-04-23 04:26:53,053 [baf21fd8-fe83-4245-9dfa-94651746f6f6-groupManagement] INFO  server.RaftServerConfigKeys (ConfUtils.java:logGet(46)) - raft.server.rpc.timeout.min = 5s (custom)
2025-04-23 04:26:53,053 [baf21fd8-fe83-4245-9dfa-94651746f6f6-groupManagement] INFO  server.RaftServerConfigKeys (ConfUtils.java:logGet(46)) - raft.server.rpc.timeout.max = 5200ms (custom)
2025-04-23 04:26:53,053 [baf21fd8-fe83-4245-9dfa-94651746f6f6-groupManagement] INFO  server.RaftServerConfigKeys (ConfUtils.java:logGet(46)) - raft.server.rpc.sleep.time = 25ms (default)
2025-04-23 04:26:53,053 [baf21fd8-fe83-4245-9dfa-94651746f6f6-groupManagement] INFO  server.RaftServerConfigKeys (ConfUtils.java:logGet(46)) - raft.server.rpc.slowness.timeout = 300s (custom)
2025-04-23 04:26:53,053 [baf21fd8-fe83-4245-9dfa-94651746f6f6-groupManagement] INFO  server.RaftServerConfigKeys (ConfUtils.java:logGet(46)) - raft.server.leaderelection.leader.step-down.wait-time = 10s (default)
2025-04-23 04:26:53,053 [baf21fd8-fe83-4245-9dfa-94651746f6f6-groupManagement] INFO  server.RaftServerConfigKeys (ConfUtils.java:logGet(46)) - raft.server.leaderelection.member.majority-add = false (default)
2025-04-23 04:26:53,053 [baf21fd8-fe83-4245-9dfa-94651746f6f6-groupManagement] INFO  server.RaftServerConfigKeys (ConfUtils.java:logGet(46)) - raft.server.sleep.deviation.threshold = 300ms (default)
2025-04-23 04:26:53,053 [baf21fd8-fe83-4245-9dfa-94651746f6f6-groupManagement] INFO  server.RaftServer$Division (ServerState.java:<init>(114)) - baf21fd8-fe83-4245-9dfa-94651746f6f6@group-30AD776CE79A: ConfigurationManager, init=conf: {index: -1, cur=peers:[baf21fd8-fe83-4245-9dfa-94651746f6f6|127.0.0.1:15023]|listeners:[], old=null}, confs=<EMPTY_MAP>
2025-04-23 04:26:53,053 [baf21fd8-fe83-4245-9dfa-94651746f6f6-groupManagement] INFO  server.RaftServerConfigKeys (ConfUtils.java:logGet(46)) - raft.server.notification.no-leader.timeout = 300s (custom)
2025-04-23 04:26:53,053 [baf21fd8-fe83-4245-9dfa-94651746f6f6-groupManagement] INFO  server.RaftServerConfigKeys (ConfUtils.java:logGet(46)) - raft.server.read.timeout = 10s (default)
2025-04-23 04:26:53,053 [baf21fd8-fe83-4245-9dfa-94651746f6f6-groupManagement] INFO  server.RaftServerConfigKeys (ConfUtils.java:logGet(46)) - raft.server.retrycache.expirytime = 600000ms (custom)
2025-04-23 04:26:53,054 [baf21fd8-fe83-4245-9dfa-94651746f6f6-groupManagement] INFO  server.RaftServerConfigKeys (ConfUtils.java:logGet(46)) - raft.server.retrycache.statistics.expirytime = 100ms (default)
2025-04-23 04:26:53,054 [baf21fd8-fe83-4245-9dfa-94651746f6f6-groupManagement] INFO  server.RaftServerConfigKeys (ConfUtils.java:logGet(46)) - raft.server.read.option = DEFAULT (default)
2025-04-23 04:26:53,054 [baf21fd8-fe83-4245-9dfa-94651746f6f6-groupManagement] INFO  server.RaftServerConfigKeys (ConfUtils.java:logGet(46)) - raft.server.read.read-after-write-consistent.write-index-cache.expiry-time = 60s (default)
2025-04-23 04:26:53,058 [baf21fd8-fe83-4245-9dfa-94651746f6f6-groupManagement] INFO  server.RaftServerConfigKeys (ConfUtils.java:logGet(46)) - raft.server.rpc.request.timeout = 60s (custom)
2025-04-23 04:26:53,059 [baf21fd8-fe83-4245-9dfa-94651746f6f6-groupManagement] INFO  server.RaftServerConfigKeys (ConfUtils.java:logGet(46)) - raft.server.log.appender.install.snapshot.enabled = false (custom)
2025-04-23 04:26:53,059 [baf21fd8-fe83-4245-9dfa-94651746f6f6-groupManagement] INFO  server.RaftServerConfigKeys (ConfUtils.java:logGet(46)) - raft.server.threadpool.server.cached = true (default)
2025-04-23 04:26:53,059 [baf21fd8-fe83-4245-9dfa-94651746f6f6-groupManagement] INFO  server.RaftServerConfigKeys (ConfUtils.java:logGet(46)) - raft.server.threadpool.server.size = 0 (default)
2025-04-23 04:26:53,059 [baf21fd8-fe83-4245-9dfa-94651746f6f6-groupManagement] INFO  server.RaftServerConfigKeys (ConfUtils.java:logGet(46)) - raft.server.threadpool.client.cached = true (default)
2025-04-23 04:26:53,059 [baf21fd8-fe83-4245-9dfa-94651746f6f6-groupManagement] INFO  server.RaftServerConfigKeys (ConfUtils.java:logGet(46)) - raft.server.threadpool.client.size = 0 (default)
2025-04-23 04:26:53,059 [baf21fd8-fe83-4245-9dfa-94651746f6f6-groupManagement] INFO  server.RaftServerConfigKeys (ConfUtils.java:logGet(46)) - raft.server.storage.free-space.min = 0MB (=0) (default)
2025-04-23 04:26:53,059 [baf21fd8-fe83-4245-9dfa-94651746f6f6-groupManagement] INFO  server.RaftServerConfigKeys (ConfUtils.java:logGet(46)) - raft.server.log.corruption.policy = EXCEPTION (default)
2025-04-23 04:26:53,059 [baf21fd8-fe83-4245-9dfa-94651746f6f6-groupManagement] INFO  server.RaftServerConfigKeys (ConfUtils.java:logGet(46)) - raft.server.storage.dir = [/home/runner/work/ozone/ozone/hadoop-ozone/integration-test/target/test-dir/MiniOzoneClusterImpl-ff59c164-3798-4a7f-a16d-eeed9ffb3244/ozone-meta/datanode-1/ratis] (custom)
2025-04-23 04:26:53,059 [baf21fd8-fe83-4245-9dfa-94651746f6f6-groupManagement] INFO  storage.RaftStorageDirectory (RaftStorageDirectoryImpl.java:analyzeStorage(138)) - The storage directory /home/runner/work/ozone/ozone/hadoop-ozone/integration-test/target/test-dir/MiniOzoneClusterImpl-ff59c164-3798-4a7f-a16d-eeed9ffb3244/ozone-meta/datanode-1/ratis/e0e309c8-9a5a-4e4c-ab30-30ad776ce79a does not exist. Creating ...
2025-04-23 04:26:53,060 [baf21fd8-fe83-4245-9dfa-94651746f6f6-groupManagement] INFO  storage.RaftStorageDirectory (RaftStorageDirectoryImpl.java:tryLock(229)) - Lock on /home/runner/work/ozone/ozone/hadoop-ozone/integration-test/target/test-dir/MiniOzoneClusterImpl-ff59c164-3798-4a7f-a16d-eeed9ffb3244/ozone-meta/datanode-1/ratis/e0e309c8-9a5a-4e4c-ab30-30ad776ce79a/in_use.lock acquired by nodename 129558@fv-az1441-587
2025-04-23 04:26:53,062 [baf21fd8-fe83-4245-9dfa-94651746f6f6-groupManagement] INFO  storage.RaftStorage (RaftStorageImpl.java:format(98)) - Storage directory /home/runner/work/ozone/ozone/hadoop-ozone/integration-test/target/test-dir/MiniOzoneClusterImpl-ff59c164-3798-4a7f-a16d-eeed9ffb3244/ozone-meta/datanode-1/ratis/e0e309c8-9a5a-4e4c-ab30-30ad776ce79a has been successfully formatted.
2025-04-23 04:26:53,062 [baf21fd8-fe83-4245-9dfa-94651746f6f6-groupManagement] INFO  ratis.ContainerStateMachine (ContainerStateMachine.java:initialize(339)) - baf21fd8-fe83-4245-9dfa-94651746f6f6: initialize group-30AD776CE79A
2025-04-23 04:26:53,062 [baf21fd8-fe83-4245-9dfa-94651746f6f6-groupManagement] INFO  ratis.ContainerStateMachine (ContainerStateMachine.java:loadSnapshot(347)) - group-30AD776CE79A: The snapshot info is null. Setting the last applied index to:(t:0, i:~)
2025-04-23 04:26:53,062 [baf21fd8-fe83-4245-9dfa-94651746f6f6-groupManagement] INFO  server.RaftServerConfigKeys (ConfUtils.java:logGet(46)) - raft.server.log.use.memory = false (default)
2025-04-23 04:26:53,062 [baf21fd8-fe83-4245-9dfa-94651746f6f6-groupManagement] INFO  server.RaftServerConfigKeys (ConfUtils.java:logGet(46)) - raft.server.log.purge.gap = 1000000 (custom)
2025-04-23 04:26:53,063 [baf21fd8-fe83-4245-9dfa-94651746f6f6-groupManagement] INFO  server.RaftServerConfigKeys (ConfUtils.java:logGet(46)) - raft.server.log.appender.buffer.byte-limit = 33554432 (custom)
2025-04-23 04:26:53,063 [baf21fd8-fe83-4245-9dfa-94651746f6f6-groupManagement] INFO  server.RaftServerConfigKeys (ConfUtils.java:logGet(46)) - raft.server.log.statemachine.data.read.timeout = 1000ms (default)
2025-04-23 04:26:53,063 [baf21fd8-fe83-4245-9dfa-94651746f6f6-groupManagement] INFO  server.RaftServerConfigKeys (ConfUtils.java:logGet(46)) - raft.server.log.purge.preservation.log.num = 0 (default)
2025-04-23 04:26:53,065 [baf21fd8-fe83-4245-9dfa-94651746f6f6-groupManagement] INFO  server.RaftServerConfigKeys (ConfUtils.java:logGet(46)) - raft.server.log.segment.size.max = 67108864 (custom)
2025-04-23 04:26:53,066 [baf21fd8-fe83-4245-9dfa-94651746f6f6-groupManagement] INFO  server.RaftServerConfigKeys (ConfUtils.java:logGet(46)) - raft.server.log.segment.cache.num.max = 2 (custom)
2025-04-23 04:26:53,066 [baf21fd8-fe83-4245-9dfa-94651746f6f6-groupManagement] INFO  server.RaftServerConfigKeys (ConfUtils.java:logGet(46)) - raft.server.log.segment.cache.size.max = 200MB (=209715200) (default)
2025-04-23 04:26:53,066 [baf21fd8-fe83-4245-9dfa-94651746f6f6-groupManagement] INFO  server.RaftServerConfigKeys (ConfUtils.java:logGet(46)) - raft.server.log.appender.buffer.byte-limit = 33554432 (custom)
2025-04-23 04:26:53,066 [baf21fd8-fe83-4245-9dfa-94651746f6f6-groupManagement] INFO  util.AwaitToRun (AwaitToRun.java:start(81)) - Thread[#963,baf21fd8-fe83-4245-9dfa-94651746f6f6@group-30AD776CE79A-cacheEviction-AwaitToRun,5,main] started
2025-04-23 04:26:53,066 [baf21fd8-fe83-4245-9dfa-94651746f6f6-groupManagement] INFO  segmented.SegmentedRaftLogWorker (SegmentedRaftLogWorker.java:<init>(188)) - new baf21fd8-fe83-4245-9dfa-94651746f6f6@group-30AD776CE79A-SegmentedRaftLogWorker for RaftStorageImpl:Storage Directory /home/runner/work/ozone/ozone/hadoop-ozone/integration-test/target/test-dir/MiniOzoneClusterImpl-ff59c164-3798-4a7f-a16d-eeed9ffb3244/ozone-meta/datanode-1/ratis/e0e309c8-9a5a-4e4c-ab30-30ad776ce79a
2025-04-23 04:26:53,066 [baf21fd8-fe83-4245-9dfa-94651746f6f6-groupManagement] INFO  server.RaftServerConfigKeys (ConfUtils.java:logGet(46)) - raft.server.log.queue.byte-limit = 4294967296 (custom)
2025-04-23 04:26:53,066 [baf21fd8-fe83-4245-9dfa-94651746f6f6-groupManagement] INFO  server.RaftServerConfigKeys (ConfUtils.java:logGet(46)) - raft.server.log.queue.element-limit = 1024 (custom)
2025-04-23 04:26:53,066 [baf21fd8-fe83-4245-9dfa-94651746f6f6-groupManagement] INFO  server.RaftServerConfigKeys (ConfUtils.java:logGet(46)) - raft.server.log.segment.size.max = 67108864 (custom)
2025-04-23 04:26:53,067 [baf21fd8-fe83-4245-9dfa-94651746f6f6-groupManagement] INFO  server.RaftServerConfigKeys (ConfUtils.java:logGet(46)) - raft.server.log.preallocated.size = 4194304 (custom)
2025-04-23 04:26:53,067 [baf21fd8-fe83-4245-9dfa-94651746f6f6-groupManagement] INFO  server.RaftServerConfigKeys (ConfUtils.java:logGet(46)) - raft.server.log.force.sync.num = 128 (default)
2025-04-23 04:26:53,067 [baf21fd8-fe83-4245-9dfa-94651746f6f6-groupManagement] INFO  server.RaftServerConfigKeys (ConfUtils.java:logGet(46)) - raft.server.log.statemachine.data.sync = true (default)
2025-04-23 04:26:53,067 [baf21fd8-fe83-4245-9dfa-94651746f6f6-groupManagement] INFO  server.RaftServerConfigKeys (ConfUtils.java:logGet(46)) - raft.server.log.statemachine.data.sync.timeout = 10s (default)
2025-04-23 04:26:53,067 [baf21fd8-fe83-4245-9dfa-94651746f6f6-groupManagement] INFO  server.RaftServerConfigKeys (ConfUtils.java:logGet(46)) - raft.server.log.statemachine.data.sync.timeout.retry = 30 (custom)
2025-04-23 04:26:53,067 [baf21fd8-fe83-4245-9dfa-94651746f6f6-groupManagement] INFO  server.RaftServerConfigKeys (ConfUtils.java:logGet(46)) - raft.server.log.write.buffer.size = 33554440 (custom)
2025-04-23 04:26:53,068 [bf7db134-45a1-4f19-9c9a-e33221f9a916@group-EEED9FFB3244-StateMachineUpdater] INFO  safemode.HealthyPipelineSafeModeRule (HealthyPipelineSafeModeRule.java:initializeRule(174)) - Refreshed total pipeline count is 0, healthy pipeline threshold count is 1
2025-04-23 04:26:53,069 [EventQueue-PipelineReportForPipelineReportHandler] INFO  pipeline.PipelineReportHandler (PipelineReportHandler.java:processPipelineReport(134)) - Opened pipeline PipelineID=e0e309c8-9a5a-4e4c-ab30-30ad776ce79a
2025-04-23 04:26:53,070 [EventQueue-OpenPipelineForHealthyPipelineSafeModeRule] INFO  safemode.SCMSafeModeManager (HealthyPipelineSafeModeRule.java:process(141)) - SCM in safe mode. Healthy pipelines reported count is 0, required healthy pipeline reported count is 1
2025-04-23 04:26:53,073 [baf21fd8-fe83-4245-9dfa-94651746f6f6-groupManagement] INFO  server.RaftServerConfigKeys (ConfUtils.java:logGet(46)) - raft.server.log.appender.buffer.byte-limit = 33554432 (custom)
2025-04-23 04:26:53,073 [baf21fd8-fe83-4245-9dfa-94651746f6f6-groupManagement] INFO  server.RaftServerConfigKeys (ConfUtils.java:logGet(46)) - raft.server.log.unsafe-flush.enabled = false (default)
2025-04-23 04:26:53,073 [baf21fd8-fe83-4245-9dfa-94651746f6f6-groupManagement] INFO  server.RaftServerConfigKeys (ConfUtils.java:logGet(46)) - raft.server.log.async-flush.enabled = false (default)
2025-04-23 04:26:53,073 [baf21fd8-fe83-4245-9dfa-94651746f6f6-groupManagement] INFO  server.RaftServerConfigKeys (ConfUtils.java:logGet(46)) - raft.server.log.statemachine.data.caching.enabled = true (custom)
2025-04-23 04:26:53,073 [baf21fd8-fe83-4245-9dfa-94651746f6f6-groupManagement] INFO  segmented.SegmentedRaftLogWorker (SegmentedRaftLogWorker.java:lambda$new$0(139)) - baf21fd8-fe83-4245-9dfa-94651746f6f6@group-30AD776CE79A-SegmentedRaftLogWorker: flushIndex: setUnconditionally 0 -> -1
2025-04-23 04:26:53,073 [baf21fd8-fe83-4245-9dfa-94651746f6f6-groupManagement] INFO  segmented.SegmentedRaftLogWorker (SegmentedRaftLogWorker.java:lambda$new$0(139)) - baf21fd8-fe83-4245-9dfa-94651746f6f6@group-30AD776CE79A-SegmentedRaftLogWorker: safeCacheEvictIndex: setUnconditionally 0 -> -1
2025-04-23 04:26:53,074 [baf21fd8-fe83-4245-9dfa-94651746f6f6-groupManagement] INFO  server.RaftServer$Division (RaftServerImpl.java:start(391)) - baf21fd8-fe83-4245-9dfa-94651746f6f6@group-30AD776CE79A: start as a follower, conf=conf: {index: -1, cur=peers:[baf21fd8-fe83-4245-9dfa-94651746f6f6|127.0.0.1:15023]|listeners:[], old=null}
2025-04-23 04:26:53,074 [baf21fd8-fe83-4245-9dfa-94651746f6f6-groupManagement] INFO  server.RaftServer$Division (RaftServerImpl.java:setRole(378)) - baf21fd8-fe83-4245-9dfa-94651746f6f6@group-30AD776CE79A: changes role from      null to FOLLOWER at term 0 for startAsFollower
2025-04-23 04:26:53,074 [baf21fd8-fe83-4245-9dfa-94651746f6f6-groupManagement] INFO  impl.RoleInfo (RoleInfo.java:updateAndGet(148)) - baf21fd8-fe83-4245-9dfa-94651746f6f6: start baf21fd8-fe83-4245-9dfa-94651746f6f6@group-30AD776CE79A-FollowerState
2025-04-23 04:26:53,074 [baf21fd8-fe83-4245-9dfa-94651746f6f6-groupManagement] INFO  util.JmxRegister (JmxRegister.java:tryRegister(44)) - Successfully registered JMX Bean with object name Ratis:service=RaftServer,group=group-30AD776CE79A,id=baf21fd8-fe83-4245-9dfa-94651746f6f6
2025-04-23 04:26:53,074 [baf21fd8-fe83-4245-9dfa-94651746f6f6-groupManagement] INFO  util.JmxRegister (JmxRegister.java:register(58)) - register mxBean class org.apache.ratis.server.impl.RaftServerJmxAdapter as Ratis:service=RaftServer,group=group-30AD776CE79A,id=baf21fd8-fe83-4245-9dfa-94651746f6f6
2025-04-23 04:26:53,074 [baf21fd8-fe83-4245-9dfa-94651746f6f6-groupManagement] INFO  server.RaftServerConfigKeys (ConfUtils.java:logGet(46)) - raft.server.snapshot.trigger-when-stop.enabled = true (default)
2025-04-23 04:26:53,074 [baf21fd8-fe83-4245-9dfa-94651746f6f6-groupManagement] INFO  server.RaftServerConfigKeys (ConfUtils.java:logGet(46)) - raft.server.snapshot.trigger-when-remove.enabled = true (default)
2025-04-23 04:26:53,074 [baf21fd8-fe83-4245-9dfa-94651746f6f6-groupManagement] INFO  server.RaftServerConfigKeys (ConfUtils.java:logGet(46)) - raft.server.snapshot.auto.trigger.enabled = true (custom)
2025-04-23 04:26:53,074 [baf21fd8-fe83-4245-9dfa-94651746f6f6-groupManagement] INFO  server.RaftServerConfigKeys (ConfUtils.java:logGet(46)) - raft.server.snapshot.auto.trigger.threshold = 100000 (custom)
2025-04-23 04:26:53,074 [baf21fd8-fe83-4245-9dfa-94651746f6f6-groupManagement] INFO  server.RaftServerConfigKeys (ConfUtils.java:logGet(46)) - raft.server.snapshot.retention.file.num = 5 (custom)
2025-04-23 04:26:53,074 [baf21fd8-fe83-4245-9dfa-94651746f6f6-groupManagement] INFO  server.RaftServerConfigKeys (ConfUtils.java:logGet(46)) - raft.server.log.purge.upto.snapshot.index = false (default)
2025-04-23 04:26:53,075 [baf21fd8-fe83-4245-9dfa-94651746f6f6@group-30AD776CE79A-FollowerState] INFO  server.RaftServerConfigKeys (ConfUtils.java:logGet(46)) - raft.server.rpc.first-election.timeout.min = 1000ms (custom)
2025-04-23 04:26:53,075 [baf21fd8-fe83-4245-9dfa-94651746f6f6@group-30AD776CE79A-FollowerState] INFO  server.RaftServerConfigKeys (ConfUtils.java:logGet(46)) - raft.server.rpc.first-election.timeout.max = 1200ms (custom)
2025-04-23 04:26:53,076 [baf21fd8-fe83-4245-9dfa-94651746f6f6-groupManagement] INFO  server.RaftServer$Division (RaftServerImpl.java:start(405)) - baf21fd8-fe83-4245-9dfa-94651746f6f6@group-30AD776CE79A: Successfully started.
2025-04-23 04:26:53,077 [baf21fd8-fe83-4245-9dfa-94651746f6f6-PipelineCommandHandlerThread-0] INFO  ratis.XceiverServerRatis (XceiverServerRatis.java:addGroup(842)) - Created group PipelineID=e0e309c8-9a5a-4e4c-ab30-30ad776ce79a
2025-04-23 04:26:53,077 [baf21fd8-fe83-4245-9dfa-94651746f6f6-PipelineCommandHandlerThread-0] INFO  commandhandler.CreatePipelineCommandHandler (CreatePipelineCommandHandler.java:lambda$handle$2(128)) - Created Pipeline RATIS ONE PipelineID=e0e309c8-9a5a-4e4c-ab30-30ad776ce79a.
2025-04-23 04:26:53,313 [4c9bf6b8-dff1-4348-8d13-20f037915169-PipelineCommandHandlerThread-0] INFO  server.RaftServer (RaftServerProxy.java:addNew(100)) - 4c9bf6b8-dff1-4348-8d13-20f037915169: addNew group-A1D636EADC31:[4c9bf6b8-dff1-4348-8d13-20f037915169|127.0.0.1:15031] returns group-A1D636EADC31:java.util.concurrent.CompletableFuture@1d6ea96f[Not completed]
2025-04-23 04:26:53,314 [4c9bf6b8-dff1-4348-8d13-20f037915169-groupManagement] INFO  server.RaftServer$Division (RaftServerImpl.java:<init>(255)) - 4c9bf6b8-dff1-4348-8d13-20f037915169: new RaftServerImpl for group-A1D636EADC31:[4c9bf6b8-dff1-4348-8d13-20f037915169|127.0.0.1:15031] with ContainerStateMachine:uninitialized
2025-04-23 04:26:53,314 [4c9bf6b8-dff1-4348-8d13-20f037915169-groupManagement] INFO  server.RaftServerConfigKeys (ConfUtils.java:logGet(46)) - raft.server.rpc.timeout.min = 5s (custom)
2025-04-23 04:26:53,314 [4c9bf6b8-dff1-4348-8d13-20f037915169-groupManagement] INFO  server.RaftServerConfigKeys (ConfUtils.java:logGet(46)) - raft.server.rpc.timeout.max = 5200ms (custom)
2025-04-23 04:26:53,315 [4c9bf6b8-dff1-4348-8d13-20f037915169-groupManagement] INFO  server.RaftServerConfigKeys (ConfUtils.java:logGet(46)) - raft.server.rpc.sleep.time = 25ms (default)
2025-04-23 04:26:53,315 [4c9bf6b8-dff1-4348-8d13-20f037915169-groupManagement] INFO  server.RaftServerConfigKeys (ConfUtils.java:logGet(46)) - raft.server.rpc.slowness.timeout = 300s (custom)
2025-04-23 04:26:53,315 [4c9bf6b8-dff1-4348-8d13-20f037915169-groupManagement] INFO  server.RaftServerConfigKeys (ConfUtils.java:logGet(46)) - raft.server.leaderelection.leader.step-down.wait-time = 10s (default)
2025-04-23 04:26:53,315 [4c9bf6b8-dff1-4348-8d13-20f037915169-groupManagement] INFO  server.RaftServerConfigKeys (ConfUtils.java:logGet(46)) - raft.server.leaderelection.member.majority-add = false (default)
2025-04-23 04:26:53,315 [4c9bf6b8-dff1-4348-8d13-20f037915169-groupManagement] INFO  server.RaftServerConfigKeys (ConfUtils.java:logGet(46)) - raft.server.sleep.deviation.threshold = 300ms (default)
2025-04-23 04:26:53,315 [4c9bf6b8-dff1-4348-8d13-20f037915169-groupManagement] INFO  server.RaftServer$Division (ServerState.java:<init>(114)) - 4c9bf6b8-dff1-4348-8d13-20f037915169@group-A1D636EADC31: ConfigurationManager, init=conf: {index: -1, cur=peers:[4c9bf6b8-dff1-4348-8d13-20f037915169|127.0.0.1:15031]|listeners:[], old=null}, confs=<EMPTY_MAP>
2025-04-23 04:26:53,315 [4c9bf6b8-dff1-4348-8d13-20f037915169-groupManagement] INFO  server.RaftServerConfigKeys (ConfUtils.java:logGet(46)) - raft.server.notification.no-leader.timeout = 300s (custom)
2025-04-23 04:26:53,315 [4c9bf6b8-dff1-4348-8d13-20f037915169-groupManagement] INFO  server.RaftServerConfigKeys (ConfUtils.java:logGet(46)) - raft.server.read.timeout = 10s (default)
2025-04-23 04:26:53,315 [4c9bf6b8-dff1-4348-8d13-20f037915169-groupManagement] INFO  server.RaftServerConfigKeys (ConfUtils.java:logGet(46)) - raft.server.retrycache.expirytime = 600000ms (custom)
2025-04-23 04:26:53,315 [4c9bf6b8-dff1-4348-8d13-20f037915169-groupManagement] INFO  server.RaftServerConfigKeys (ConfUtils.java:logGet(46)) - raft.server.retrycache.statistics.expirytime = 100ms (default)
2025-04-23 04:26:53,315 [4c9bf6b8-dff1-4348-8d13-20f037915169-groupManagement] INFO  server.RaftServerConfigKeys (ConfUtils.java:logGet(46)) - raft.server.read.option = DEFAULT (default)
2025-04-23 04:26:53,315 [4c9bf6b8-dff1-4348-8d13-20f037915169-groupManagement] INFO  server.RaftServerConfigKeys (ConfUtils.java:logGet(46)) - raft.server.read.read-after-write-consistent.write-index-cache.expiry-time = 60s (default)
2025-04-23 04:26:53,318 [4c9bf6b8-dff1-4348-8d13-20f037915169-groupManagement] INFO  server.RaftServerConfigKeys (ConfUtils.java:logGet(46)) - raft.server.rpc.request.timeout = 60s (custom)
2025-04-23 04:26:53,318 [4c9bf6b8-dff1-4348-8d13-20f037915169-groupManagement] INFO  server.RaftServerConfigKeys (ConfUtils.java:logGet(46)) - raft.server.log.appender.install.snapshot.enabled = false (custom)
2025-04-23 04:26:53,318 [4c9bf6b8-dff1-4348-8d13-20f037915169-groupManagement] INFO  server.RaftServerConfigKeys (ConfUtils.java:logGet(46)) - raft.server.threadpool.server.cached = true (default)
2025-04-23 04:26:53,318 [4c9bf6b8-dff1-4348-8d13-20f037915169-groupManagement] INFO  server.RaftServerConfigKeys (ConfUtils.java:logGet(46)) - raft.server.threadpool.server.size = 0 (default)
2025-04-23 04:26:53,318 [4c9bf6b8-dff1-4348-8d13-20f037915169-groupManagement] INFO  server.RaftServerConfigKeys (ConfUtils.java:logGet(46)) - raft.server.threadpool.client.cached = true (default)
2025-04-23 04:26:53,318 [4c9bf6b8-dff1-4348-8d13-20f037915169-groupManagement] INFO  server.RaftServerConfigKeys (ConfUtils.java:logGet(46)) - raft.server.threadpool.client.size = 0 (default)
2025-04-23 04:26:53,318 [4c9bf6b8-dff1-4348-8d13-20f037915169-groupManagement] INFO  server.RaftServerConfigKeys (ConfUtils.java:logGet(46)) - raft.server.storage.free-space.min = 0MB (=0) (default)
2025-04-23 04:26:53,318 [4c9bf6b8-dff1-4348-8d13-20f037915169-groupManagement] INFO  server.RaftServerConfigKeys (ConfUtils.java:logGet(46)) - raft.server.log.corruption.policy = EXCEPTION (default)
2025-04-23 04:26:53,318 [4c9bf6b8-dff1-4348-8d13-20f037915169-groupManagement] INFO  server.RaftServerConfigKeys (ConfUtils.java:logGet(46)) - raft.server.storage.dir = [/home/runner/work/ozone/ozone/hadoop-ozone/integration-test/target/test-dir/MiniOzoneClusterImpl-ff59c164-3798-4a7f-a16d-eeed9ffb3244/ozone-meta/datanode-2/ratis] (custom)
2025-04-23 04:26:53,318 [4c9bf6b8-dff1-4348-8d13-20f037915169-groupManagement] INFO  storage.RaftStorageDirectory (RaftStorageDirectoryImpl.java:analyzeStorage(138)) - The storage directory /home/runner/work/ozone/ozone/hadoop-ozone/integration-test/target/test-dir/MiniOzoneClusterImpl-ff59c164-3798-4a7f-a16d-eeed9ffb3244/ozone-meta/datanode-2/ratis/367d929d-ae1d-43a8-b6d6-a1d636eadc31 does not exist. Creating ...
2025-04-23 04:26:53,320 [4c9bf6b8-dff1-4348-8d13-20f037915169-groupManagement] INFO  storage.RaftStorageDirectory (RaftStorageDirectoryImpl.java:tryLock(229)) - Lock on /home/runner/work/ozone/ozone/hadoop-ozone/integration-test/target/test-dir/MiniOzoneClusterImpl-ff59c164-3798-4a7f-a16d-eeed9ffb3244/ozone-meta/datanode-2/ratis/367d929d-ae1d-43a8-b6d6-a1d636eadc31/in_use.lock acquired by nodename 129558@fv-az1441-587
2025-04-23 04:26:53,321 [4c9bf6b8-dff1-4348-8d13-20f037915169-groupManagement] INFO  storage.RaftStorage (RaftStorageImpl.java:format(98)) - Storage directory /home/runner/work/ozone/ozone/hadoop-ozone/integration-test/target/test-dir/MiniOzoneClusterImpl-ff59c164-3798-4a7f-a16d-eeed9ffb3244/ozone-meta/datanode-2/ratis/367d929d-ae1d-43a8-b6d6-a1d636eadc31 has been successfully formatted.
2025-04-23 04:26:53,321 [4c9bf6b8-dff1-4348-8d13-20f037915169-groupManagement] INFO  ratis.ContainerStateMachine (ContainerStateMachine.java:initialize(339)) - 4c9bf6b8-dff1-4348-8d13-20f037915169: initialize group-A1D636EADC31
2025-04-23 04:26:53,322 [4c9bf6b8-dff1-4348-8d13-20f037915169-groupManagement] INFO  ratis.ContainerStateMachine (ContainerStateMachine.java:loadSnapshot(347)) - group-A1D636EADC31: The snapshot info is null. Setting the last applied index to:(t:0, i:~)
2025-04-23 04:26:53,322 [4c9bf6b8-dff1-4348-8d13-20f037915169-groupManagement] INFO  server.RaftServerConfigKeys (ConfUtils.java:logGet(46)) - raft.server.log.use.memory = false (default)
2025-04-23 04:26:53,322 [4c9bf6b8-dff1-4348-8d13-20f037915169-groupManagement] INFO  server.RaftServerConfigKeys (ConfUtils.java:logGet(46)) - raft.server.log.purge.gap = 1000000 (custom)
2025-04-23 04:26:53,322 [4c9bf6b8-dff1-4348-8d13-20f037915169-groupManagement] INFO  server.RaftServerConfigKeys (ConfUtils.java:logGet(46)) - raft.server.log.appender.buffer.byte-limit = 33554432 (custom)
2025-04-23 04:26:53,322 [4c9bf6b8-dff1-4348-8d13-20f037915169-groupManagement] INFO  server.RaftServerConfigKeys (ConfUtils.java:logGet(46)) - raft.server.log.statemachine.data.read.timeout = 1000ms (default)
2025-04-23 04:26:53,322 [4c9bf6b8-dff1-4348-8d13-20f037915169-groupManagement] INFO  server.RaftServerConfigKeys (ConfUtils.java:logGet(46)) - raft.server.log.purge.preservation.log.num = 0 (default)
2025-04-23 04:26:53,324 [4c9bf6b8-dff1-4348-8d13-20f037915169-groupManagement] INFO  server.RaftServerConfigKeys (ConfUtils.java:logGet(46)) - raft.server.log.segment.size.max = 67108864 (custom)
2025-04-23 04:26:53,324 [4c9bf6b8-dff1-4348-8d13-20f037915169-groupManagement] INFO  server.RaftServerConfigKeys (ConfUtils.java:logGet(46)) - raft.server.log.segment.cache.num.max = 2 (custom)
2025-04-23 04:26:53,324 [4c9bf6b8-dff1-4348-8d13-20f037915169-groupManagement] INFO  server.RaftServerConfigKeys (ConfUtils.java:logGet(46)) - raft.server.log.segment.cache.size.max = 200MB (=209715200) (default)
2025-04-23 04:26:53,324 [4c9bf6b8-dff1-4348-8d13-20f037915169-groupManagement] INFO  server.RaftServerConfigKeys (ConfUtils.java:logGet(46)) - raft.server.log.appender.buffer.byte-limit = 33554432 (custom)
2025-04-23 04:26:53,325 [4c9bf6b8-dff1-4348-8d13-20f037915169-groupManagement] INFO  util.AwaitToRun (AwaitToRun.java:start(81)) - Thread[#968,4c9bf6b8-dff1-4348-8d13-20f037915169@group-A1D636EADC31-cacheEviction-AwaitToRun,5,main] started
2025-04-23 04:26:53,325 [4c9bf6b8-dff1-4348-8d13-20f037915169-groupManagement] INFO  segmented.SegmentedRaftLogWorker (SegmentedRaftLogWorker.java:<init>(188)) - new 4c9bf6b8-dff1-4348-8d13-20f037915169@group-A1D636EADC31-SegmentedRaftLogWorker for RaftStorageImpl:Storage Directory /home/runner/work/ozone/ozone/hadoop-ozone/integration-test/target/test-dir/MiniOzoneClusterImpl-ff59c164-3798-4a7f-a16d-eeed9ffb3244/ozone-meta/datanode-2/ratis/367d929d-ae1d-43a8-b6d6-a1d636eadc31
2025-04-23 04:26:53,325 [4c9bf6b8-dff1-4348-8d13-20f037915169-groupManagement] INFO  server.RaftServerConfigKeys (ConfUtils.java:logGet(46)) - raft.server.log.queue.byte-limit = 4294967296 (custom)
2025-04-23 04:26:53,325 [4c9bf6b8-dff1-4348-8d13-20f037915169-groupManagement] INFO  server.RaftServerConfigKeys (ConfUtils.java:logGet(46)) - raft.server.log.queue.element-limit = 1024 (custom)
2025-04-23 04:26:53,325 [4c9bf6b8-dff1-4348-8d13-20f037915169-groupManagement] INFO  server.RaftServerConfigKeys (ConfUtils.java:logGet(46)) - raft.server.log.segment.size.max = 67108864 (custom)
2025-04-23 04:26:53,325 [4c9bf6b8-dff1-4348-8d13-20f037915169-groupManagement] INFO  server.RaftServerConfigKeys (ConfUtils.java:logGet(46)) - raft.server.log.preallocated.size = 4194304 (custom)
2025-04-23 04:26:53,325 [4c9bf6b8-dff1-4348-8d13-20f037915169-groupManagement] INFO  server.RaftServerConfigKeys (ConfUtils.java:logGet(46)) - raft.server.log.force.sync.num = 128 (default)
2025-04-23 04:26:53,325 [4c9bf6b8-dff1-4348-8d13-20f037915169-groupManagement] INFO  server.RaftServerConfigKeys (ConfUtils.java:logGet(46)) - raft.server.log.statemachine.data.sync = true (default)
2025-04-23 04:26:53,325 [4c9bf6b8-dff1-4348-8d13-20f037915169-groupManagement] INFO  server.RaftServerConfigKeys (ConfUtils.java:logGet(46)) - raft.server.log.statemachine.data.sync.timeout = 10s (default)
2025-04-23 04:26:53,325 [4c9bf6b8-dff1-4348-8d13-20f037915169-groupManagement] INFO  server.RaftServerConfigKeys (ConfUtils.java:logGet(46)) - raft.server.log.statemachine.data.sync.timeout.retry = 30 (custom)
2025-04-23 04:26:53,325 [4c9bf6b8-dff1-4348-8d13-20f037915169-groupManagement] INFO  server.RaftServerConfigKeys (ConfUtils.java:logGet(46)) - raft.server.log.write.buffer.size = 33554440 (custom)
2025-04-23 04:26:53,326 [bf7db134-45a1-4f19-9c9a-e33221f9a916@group-EEED9FFB3244-StateMachineUpdater] INFO  safemode.HealthyPipelineSafeModeRule (HealthyPipelineSafeModeRule.java:initializeRule(174)) - Refreshed total pipeline count is 0, healthy pipeline threshold count is 1
2025-04-23 04:26:53,327 [EventQueue-PipelineReportForPipelineReportHandler] INFO  pipeline.PipelineReportHandler (PipelineReportHandler.java:processPipelineReport(134)) - Opened pipeline PipelineID=367d929d-ae1d-43a8-b6d6-a1d636eadc31
2025-04-23 04:26:53,327 [EventQueue-OpenPipelineForHealthyPipelineSafeModeRule] INFO  safemode.SCMSafeModeManager (HealthyPipelineSafeModeRule.java:process(141)) - SCM in safe mode. Healthy pipelines reported count is 0, required healthy pipeline reported count is 1
2025-04-23 04:26:53,331 [4c9bf6b8-dff1-4348-8d13-20f037915169-groupManagement] INFO  server.RaftServerConfigKeys (ConfUtils.java:logGet(46)) - raft.server.log.appender.buffer.byte-limit = 33554432 (custom)
2025-04-23 04:26:53,331 [4c9bf6b8-dff1-4348-8d13-20f037915169-groupManagement] INFO  server.RaftServerConfigKeys (ConfUtils.java:logGet(46)) - raft.server.log.unsafe-flush.enabled = false (default)
2025-04-23 04:26:53,331 [4c9bf6b8-dff1-4348-8d13-20f037915169-groupManagement] INFO  server.RaftServerConfigKeys (ConfUtils.java:logGet(46)) - raft.server.log.async-flush.enabled = false (default)
2025-04-23 04:26:53,331 [4c9bf6b8-dff1-4348-8d13-20f037915169-groupManagement] INFO  server.RaftServerConfigKeys (ConfUtils.java:logGet(46)) - raft.server.log.statemachine.data.caching.enabled = true (custom)
2025-04-23 04:26:53,331 [4c9bf6b8-dff1-4348-8d13-20f037915169-groupManagement] INFO  segmented.SegmentedRaftLogWorker (SegmentedRaftLogWorker.java:lambda$new$0(139)) - 4c9bf6b8-dff1-4348-8d13-20f037915169@group-A1D636EADC31-SegmentedRaftLogWorker: flushIndex: setUnconditionally 0 -> -1
2025-04-23 04:26:53,331 [4c9bf6b8-dff1-4348-8d13-20f037915169-groupManagement] INFO  segmented.SegmentedRaftLogWorker (SegmentedRaftLogWorker.java:lambda$new$0(139)) - 4c9bf6b8-dff1-4348-8d13-20f037915169@group-A1D636EADC31-SegmentedRaftLogWorker: safeCacheEvictIndex: setUnconditionally 0 -> -1
2025-04-23 04:26:53,332 [4c9bf6b8-dff1-4348-8d13-20f037915169-groupManagement] INFO  server.RaftServer$Division (RaftServerImpl.java:start(391)) - 4c9bf6b8-dff1-4348-8d13-20f037915169@group-A1D636EADC31: start as a follower, conf=conf: {index: -1, cur=peers:[4c9bf6b8-dff1-4348-8d13-20f037915169|127.0.0.1:15031]|listeners:[], old=null}
2025-04-23 04:26:53,332 [4c9bf6b8-dff1-4348-8d13-20f037915169-groupManagement] INFO  server.RaftServer$Division (RaftServerImpl.java:setRole(378)) - 4c9bf6b8-dff1-4348-8d13-20f037915169@group-A1D636EADC31: changes role from      null to FOLLOWER at term 0 for startAsFollower
2025-04-23 04:26:53,332 [4c9bf6b8-dff1-4348-8d13-20f037915169-groupManagement] INFO  impl.RoleInfo (RoleInfo.java:updateAndGet(148)) - 4c9bf6b8-dff1-4348-8d13-20f037915169: start 4c9bf6b8-dff1-4348-8d13-20f037915169@group-A1D636EADC31-FollowerState
2025-04-23 04:26:53,332 [4c9bf6b8-dff1-4348-8d13-20f037915169@group-A1D636EADC31-FollowerState] INFO  server.RaftServerConfigKeys (ConfUtils.java:logGet(46)) - raft.server.rpc.first-election.timeout.min = 1000ms (custom)
2025-04-23 04:26:53,333 [4c9bf6b8-dff1-4348-8d13-20f037915169@group-A1D636EADC31-FollowerState] INFO  server.RaftServerConfigKeys (ConfUtils.java:logGet(46)) - raft.server.rpc.first-election.timeout.max = 1200ms (custom)
2025-04-23 04:26:53,333 [4c9bf6b8-dff1-4348-8d13-20f037915169-groupManagement] INFO  util.JmxRegister (JmxRegister.java:tryRegister(44)) - Successfully registered JMX Bean with object name Ratis:service=RaftServer,group=group-A1D636EADC31,id=4c9bf6b8-dff1-4348-8d13-20f037915169
2025-04-23 04:26:53,333 [4c9bf6b8-dff1-4348-8d13-20f037915169-groupManagement] INFO  util.JmxRegister (JmxRegister.java:register(58)) - register mxBean class org.apache.ratis.server.impl.RaftServerJmxAdapter as Ratis:service=RaftServer,group=group-A1D636EADC31,id=4c9bf6b8-dff1-4348-8d13-20f037915169
2025-04-23 04:26:53,333 [4c9bf6b8-dff1-4348-8d13-20f037915169-groupManagement] INFO  server.RaftServerConfigKeys (ConfUtils.java:logGet(46)) - raft.server.snapshot.trigger-when-stop.enabled = true (default)
2025-04-23 04:26:53,333 [4c9bf6b8-dff1-4348-8d13-20f037915169-groupManagement] INFO  server.RaftServerConfigKeys (ConfUtils.java:logGet(46)) - raft.server.snapshot.trigger-when-remove.enabled = true (default)
2025-04-23 04:26:53,333 [4c9bf6b8-dff1-4348-8d13-20f037915169-groupManagement] INFO  server.RaftServerConfigKeys (ConfUtils.java:logGet(46)) - raft.server.snapshot.auto.trigger.enabled = true (custom)
2025-04-23 04:26:53,333 [4c9bf6b8-dff1-4348-8d13-20f037915169-groupManagement] INFO  server.RaftServerConfigKeys (ConfUtils.java:logGet(46)) - raft.server.snapshot.auto.trigger.threshold = 100000 (custom)
2025-04-23 04:26:53,333 [4c9bf6b8-dff1-4348-8d13-20f037915169-groupManagement] INFO  server.RaftServerConfigKeys (ConfUtils.java:logGet(46)) - raft.server.snapshot.retention.file.num = 5 (custom)
2025-04-23 04:26:53,333 [4c9bf6b8-dff1-4348-8d13-20f037915169-groupManagement] INFO  server.RaftServerConfigKeys (ConfUtils.java:logGet(46)) - raft.server.log.purge.upto.snapshot.index = false (default)
2025-04-23 04:26:53,334 [4c9bf6b8-dff1-4348-8d13-20f037915169-groupManagement] INFO  server.RaftServer$Division (RaftServerImpl.java:start(405)) - 4c9bf6b8-dff1-4348-8d13-20f037915169@group-A1D636EADC31: Successfully started.
2025-04-23 04:26:53,335 [4c9bf6b8-dff1-4348-8d13-20f037915169-PipelineCommandHandlerThread-0] INFO  ratis.XceiverServerRatis (XceiverServerRatis.java:addGroup(842)) - Created group PipelineID=367d929d-ae1d-43a8-b6d6-a1d636eadc31
2025-04-23 04:26:53,335 [4c9bf6b8-dff1-4348-8d13-20f037915169-PipelineCommandHandlerThread-0] INFO  commandhandler.CreatePipelineCommandHandler (CreatePipelineCommandHandler.java:lambda$handle$2(128)) - Created Pipeline RATIS ONE PipelineID=367d929d-ae1d-43a8-b6d6-a1d636eadc31.
2025-04-23 04:26:53,462 [timer1] WARN  server.GrpcLogAppender (LogUtils.java:warn(121)) - omNode-1@group-523986131536->omNode-3-AppendLogResponseHandler: Failed appendEntries (Repeated 8 times in the last 5.009s): org.apache.ratis.thirdparty.io.grpc.StatusRuntimeException: UNAVAILABLE: io exception
2025-04-23 04:26:53,472 [timer3] WARN  server.GrpcLogAppender (GrpcLogAppender.java:lambda$resetClient$1(221)) - omNode-1@group-523986131536->omNode-3-GrpcLogAppender: Follower failed (request=null, errorCount=2); keep nextIndex (0) unchanged and retry. (Repeated 2 times in the last 5.001s)
2025-04-23 04:26:53,488 [timer6] WARN  server.GrpcLogAppender (GrpcLogAppender.java:lambda$resetClient$1(221)) - omNode-1@group-523986131536->omNode-3-GrpcLogAppender: Follower failed (request=null, errorCount=8); keep nextIndex (1) unchanged and retry. (Repeated 6 times in the last 5.006s)
2025-04-23 04:26:53,586 [10d18a7b-3cc1-41d1-8b83-572ee97c87aa@group-18F743B1AB73-FollowerState] INFO  impl.FollowerState (FollowerState.java:runImpl(161)) - 10d18a7b-3cc1-41d1-8b83-572ee97c87aa@group-18F743B1AB73-FollowerState: change to CANDIDATE, lastRpcElapsedTime:1020349425ns, electionTimeout:1019ms
2025-04-23 04:26:53,586 [10d18a7b-3cc1-41d1-8b83-572ee97c87aa@group-18F743B1AB73-FollowerState] INFO  impl.RoleInfo (RoleInfo.java:shutdownFollowerState(121)) - 10d18a7b-3cc1-41d1-8b83-572ee97c87aa: shutdown 10d18a7b-3cc1-41d1-8b83-572ee97c87aa@group-18F743B1AB73-FollowerState
2025-04-23 04:26:53,586 [10d18a7b-3cc1-41d1-8b83-572ee97c87aa@group-18F743B1AB73-FollowerState] INFO  server.RaftServer$Division (RaftServerImpl.java:setRole(378)) - 10d18a7b-3cc1-41d1-8b83-572ee97c87aa@group-18F743B1AB73: changes role from  FOLLOWER to CANDIDATE at term 0 for changeToCandidate
2025-04-23 04:26:53,587 [10d18a7b-3cc1-41d1-8b83-572ee97c87aa@group-18F743B1AB73-FollowerState] INFO  server.RaftServerConfigKeys (ConfUtils.java:logGet(46)) - raft.server.leaderelection.pre-vote = true (default)
2025-04-23 04:26:53,587 [10d18a7b-3cc1-41d1-8b83-572ee97c87aa@group-18F743B1AB73-FollowerState] INFO  impl.RoleInfo (RoleInfo.java:updateAndGet(148)) - 10d18a7b-3cc1-41d1-8b83-572ee97c87aa: start 10d18a7b-3cc1-41d1-8b83-572ee97c87aa@group-18F743B1AB73-LeaderElection4
2025-04-23 04:26:53,587 [10d18a7b-3cc1-41d1-8b83-572ee97c87aa@group-18F743B1AB73-LeaderElection4] INFO  impl.LeaderElection (LeaderElection.java:askForVotes(332)) - 10d18a7b-3cc1-41d1-8b83-572ee97c87aa@group-18F743B1AB73-LeaderElection4 PRE_VOTE round 0: submit vote requests at term 0 for conf: {index: -1, cur=peers:[10d18a7b-3cc1-41d1-8b83-572ee97c87aa|127.0.0.1:15039]|listeners:[], old=null}
2025-04-23 04:26:53,587 [10d18a7b-3cc1-41d1-8b83-572ee97c87aa@group-18F743B1AB73-LeaderElection4] INFO  impl.LeaderElection (LeaderElection.java:askForVotes(334)) - 10d18a7b-3cc1-41d1-8b83-572ee97c87aa@group-18F743B1AB73-LeaderElection4 PRE_VOTE round 0: result PASSED (term=0)
2025-04-23 04:26:53,588 [10d18a7b-3cc1-41d1-8b83-572ee97c87aa@group-18F743B1AB73-LeaderElection4] INFO  impl.LeaderElection (LeaderElection.java:askForVotes(332)) - 10d18a7b-3cc1-41d1-8b83-572ee97c87aa@group-18F743B1AB73-LeaderElection4 ELECTION round 0: submit vote requests at term 1 for conf: {index: -1, cur=peers:[10d18a7b-3cc1-41d1-8b83-572ee97c87aa|127.0.0.1:15039]|listeners:[], old=null}
2025-04-23 04:26:53,588 [10d18a7b-3cc1-41d1-8b83-572ee97c87aa@group-18F743B1AB73-LeaderElection4] INFO  impl.LeaderElection (LeaderElection.java:askForVotes(334)) - 10d18a7b-3cc1-41d1-8b83-572ee97c87aa@group-18F743B1AB73-LeaderElection4 ELECTION round 0: result PASSED (term=1)
2025-04-23 04:26:53,588 [10d18a7b-3cc1-41d1-8b83-572ee97c87aa@group-18F743B1AB73-LeaderElection4] INFO  impl.RoleInfo (RoleInfo.java:shutdownLeaderElection(141)) - 10d18a7b-3cc1-41d1-8b83-572ee97c87aa: shutdown 10d18a7b-3cc1-41d1-8b83-572ee97c87aa@group-18F743B1AB73-LeaderElection4
2025-04-23 04:26:53,588 [10d18a7b-3cc1-41d1-8b83-572ee97c87aa@group-18F743B1AB73-LeaderElection4] INFO  server.RaftServer$Division (RaftServerImpl.java:setRole(378)) - 10d18a7b-3cc1-41d1-8b83-572ee97c87aa@group-18F743B1AB73: changes role from CANDIDATE to LEADER at term 1 for changeToLeader
2025-04-23 04:26:53,588 [10d18a7b-3cc1-41d1-8b83-572ee97c87aa@group-18F743B1AB73-LeaderElection4] INFO  server.RaftServerConfigKeys (ConfUtils.java:logGet(46)) - raft.server.staging.catchup.gap = 1000 (default)
2025-04-23 04:26:53,589 [10d18a7b-3cc1-41d1-8b83-572ee97c87aa@group-18F743B1AB73-LeaderElection4] INFO  server.RaftServerConfigKeys (ConfUtils.java:logGet(46)) - raft.server.write.element-limit = 1024 (custom)
2025-04-23 04:26:53,589 [10d18a7b-3cc1-41d1-8b83-572ee97c87aa@group-18F743B1AB73-LeaderElection4] INFO  server.RaftServerConfigKeys (ConfUtils.java:logGet(46)) - raft.server.write.byte-limit = 1024 M (=1073741824) (custom)
2025-04-23 04:26:53,589 [10d18a7b-3cc1-41d1-8b83-572ee97c87aa@group-18F743B1AB73-LeaderElection4] INFO  server.RaftServerConfigKeys (ConfUtils.java:logGet(46)) - raft.server.watch.timeout = 30s (custom)
2025-04-23 04:26:53,589 [10d18a7b-3cc1-41d1-8b83-572ee97c87aa@group-18F743B1AB73-LeaderElection4] INFO  server.RaftServerConfigKeys (ConfUtils.java:logGet(46)) - raft.server.watch.timeout.denomination = 1s (default)
2025-04-23 04:26:53,589 [10d18a7b-3cc1-41d1-8b83-572ee97c87aa@group-18F743B1AB73-LeaderElection4] INFO  server.RaftServerConfigKeys (ConfUtils.java:logGet(46)) - raft.server.watch.element-limit = 65536 (default)
2025-04-23 04:26:53,590 [10d18a7b-3cc1-41d1-8b83-572ee97c87aa@group-18F743B1AB73-LeaderElection4] INFO  server.RaftServerConfigKeys (ConfUtils.java:logGet(46)) - raft.server.read.leader.lease.enabled = false (default)
2025-04-23 04:26:53,590 [10d18a7b-3cc1-41d1-8b83-572ee97c87aa@group-18F743B1AB73-LeaderElection4] INFO  server.RaftServerConfigKeys (ConfUtils.java:logGet(46)) - raft.server.read.leader.lease.timeout.ratio = 0.9 (default)
2025-04-23 04:26:53,590 [10d18a7b-3cc1-41d1-8b83-572ee97c87aa@group-18F743B1AB73-LeaderElection4] INFO  server.RaftServerConfigKeys (ConfUtils.java:logGet(46)) - raft.server.rpc.timeout.min = 5s (custom)
2025-04-23 04:26:53,590 [10d18a7b-3cc1-41d1-8b83-572ee97c87aa@group-18F743B1AB73-LeaderElection4] INFO  server.RaftServerConfigKeys (ConfUtils.java:logGet(46)) - raft.server.log.log-metadata.enabled = true (default)
2025-04-23 04:26:53,590 [10d18a7b-3cc1-41d1-8b83-572ee97c87aa@group-18F743B1AB73-LeaderElection4] INFO  server.RaftServerConfigKeys (ConfUtils.java:logGet(46)) - raft.server.write.element-limit = 1024 (custom)
2025-04-23 04:26:53,590 [10d18a7b-3cc1-41d1-8b83-572ee97c87aa@group-18F743B1AB73-LeaderElection4] INFO  server.RaftServerConfigKeys (ConfUtils.java:logGet(46)) - raft.server.write.follower.gap.ratio.max = -1.0 (default)
2025-04-23 04:26:53,591 [10d18a7b-3cc1-41d1-8b83-572ee97c87aa@group-18F743B1AB73-LeaderElection4] INFO  impl.RoleInfo (RoleInfo.java:updateAndGet(148)) - 10d18a7b-3cc1-41d1-8b83-572ee97c87aa: start 10d18a7b-3cc1-41d1-8b83-572ee97c87aa@group-18F743B1AB73-LeaderStateImpl
2025-04-23 04:26:53,591 [10d18a7b-3cc1-41d1-8b83-572ee97c87aa@group-18F743B1AB73-LeaderElection4] INFO  server.RaftServer$Division (RaftServerImpl.java:setFirstElection(562)) - 10d18a7b-3cc1-41d1-8b83-572ee97c87aa@group-18F743B1AB73: set firstElectionSinceStartup to false for becomeLeader
2025-04-23 04:26:53,591 [10d18a7b-3cc1-41d1-8b83-572ee97c87aa@group-18F743B1AB73-LeaderElection4] INFO  ratis.XceiverServerRatis (XceiverServerRatis.java:handleLeaderChangedNotification(942)) - Leader change notification received for group: group-18F743B1AB73 with new leaderId: 10d18a7b-3cc1-41d1-8b83-572ee97c87aa
2025-04-23 04:26:53,592 [10d18a7b-3cc1-41d1-8b83-572ee97c87aa@group-18F743B1AB73-LeaderElection4] INFO  server.RaftServer$Division (ServerState.java:setLeader(272)) - 10d18a7b-3cc1-41d1-8b83-572ee97c87aa@group-18F743B1AB73: change Leader from null to 10d18a7b-3cc1-41d1-8b83-572ee97c87aa at term 1 for becomeLeader, leader elected after 1048ms
2025-04-23 04:26:53,592 [10d18a7b-3cc1-41d1-8b83-572ee97c87aa@group-18F743B1AB73-LeaderElection4] INFO  segmented.SegmentedRaftLogWorker (SegmentedRaftLogWorker.java:startLogSegment(438)) - 10d18a7b-3cc1-41d1-8b83-572ee97c87aa@group-18F743B1AB73-SegmentedRaftLogWorker: Starting segment from index:0
2025-04-23 04:26:53,592 [10d18a7b-3cc1-41d1-8b83-572ee97c87aa@group-18F743B1AB73-LeaderElection4] INFO  server.RaftServer$Division (ServerState.java:setRaftConf(386)) - 10d18a7b-3cc1-41d1-8b83-572ee97c87aa@group-18F743B1AB73: set configuration conf: {index: 0, cur=peers:[10d18a7b-3cc1-41d1-8b83-572ee97c87aa|127.0.0.1:15039]|listeners:[], old=null}
2025-04-23 04:26:53,592 [10d18a7b-3cc1-41d1-8b83-572ee97c87aa@group-18F743B1AB73-SegmentedRaftLogWorker] INFO  segmented.BufferedWriteChannel (BufferedWriteChannel.java:open(61)) - open log_inprogress_0 at position 0
2025-04-23 04:26:53,594 [EventQueue-OpenPipelineForHealthyPipelineSafeModeRule] INFO  safemode.SCMSafeModeManager (HealthyPipelineSafeModeRule.java:process(141)) - SCM in safe mode. Healthy pipelines reported count is 0, required healthy pipeline reported count is 1
2025-04-23 04:26:53,602 [10d18a7b-3cc1-41d1-8b83-572ee97c87aa@group-18F743B1AB73-SegmentedRaftLogWorker] INFO  segmented.SegmentedRaftLogWorker (SegmentedRaftLogWorker.java:execute(644)) - 10d18a7b-3cc1-41d1-8b83-572ee97c87aa@group-18F743B1AB73-SegmentedRaftLogWorker: created new log segment /home/runner/work/ozone/ozone/hadoop-ozone/integration-test/target/test-dir/MiniOzoneClusterImpl-ff59c164-3798-4a7f-a16d-eeed9ffb3244/ozone-meta/datanode-3/ratis/f6e2510d-09a5-45d1-a1bd-18f743b1ab73/current/log_inprogress_0
2025-04-23 04:26:53,606 [10d18a7b-3cc1-41d1-8b83-572ee97c87aa@group-18F743B1AB73-StateMachineUpdater] INFO  server.RaftServer$Division (LeaderStateImpl.java:checkStartIndex(313)) - Leader 10d18a7b-3cc1-41d1-8b83-572ee97c87aa@group-18F743B1AB73-LeaderStateImpl is ready since appliedIndex == startIndex == 0
2025-04-23 04:26:53,653 [10d18a7b-3cc1-41d1-8b83-572ee97c87aa@group-F5B1E3443A36-FollowerState] INFO  impl.FollowerState (FollowerState.java:runImpl(161)) - 10d18a7b-3cc1-41d1-8b83-572ee97c87aa@group-F5B1E3443A36-FollowerState: change to CANDIDATE, lastRpcElapsedTime:1063644290ns, electionTimeout:1063ms
2025-04-23 04:26:53,653 [10d18a7b-3cc1-41d1-8b83-572ee97c87aa@group-F5B1E3443A36-FollowerState] INFO  impl.RoleInfo (RoleInfo.java:shutdownFollowerState(121)) - 10d18a7b-3cc1-41d1-8b83-572ee97c87aa: shutdown 10d18a7b-3cc1-41d1-8b83-572ee97c87aa@group-F5B1E3443A36-FollowerState
2025-04-23 04:26:53,654 [10d18a7b-3cc1-41d1-8b83-572ee97c87aa@group-F5B1E3443A36-FollowerState] INFO  server.RaftServer$Division (RaftServerImpl.java:setRole(378)) - 10d18a7b-3cc1-41d1-8b83-572ee97c87aa@group-F5B1E3443A36: changes role from  FOLLOWER to CANDIDATE at term 0 for changeToCandidate
2025-04-23 04:26:53,654 [10d18a7b-3cc1-41d1-8b83-572ee97c87aa@group-F5B1E3443A36-FollowerState] INFO  server.RaftServerConfigKeys (ConfUtils.java:logGet(46)) - raft.server.leaderelection.pre-vote = true (default)
2025-04-23 04:26:53,654 [10d18a7b-3cc1-41d1-8b83-572ee97c87aa@group-F5B1E3443A36-FollowerState] INFO  impl.RoleInfo (RoleInfo.java:updateAndGet(148)) - 10d18a7b-3cc1-41d1-8b83-572ee97c87aa: start 10d18a7b-3cc1-41d1-8b83-572ee97c87aa@group-F5B1E3443A36-LeaderElection5
2025-04-23 04:26:53,654 [10d18a7b-3cc1-41d1-8b83-572ee97c87aa@group-F5B1E3443A36-LeaderElection5] INFO  impl.LeaderElection (LeaderElection.java:askForVotes(332)) - 10d18a7b-3cc1-41d1-8b83-572ee97c87aa@group-F5B1E3443A36-LeaderElection5 PRE_VOTE round 0: submit vote requests at term 0 for conf: {index: -1, cur=peers:[baf21fd8-fe83-4245-9dfa-94651746f6f6|127.0.0.1:15023, 4c9bf6b8-dff1-4348-8d13-20f037915169|127.0.0.1:15031, 10d18a7b-3cc1-41d1-8b83-572ee97c87aa|127.0.0.1:15039]|listeners:[], old=null}
2025-04-23 04:26:53,655 [10d18a7b-3cc1-41d1-8b83-572ee97c87aa@group-F5B1E3443A36-LeaderElection5-1] INFO  server.GrpcServerProtocolClient (GrpcServerProtocolClient.java:<init>(65)) - Build channel for baf21fd8-fe83-4245-9dfa-94651746f6f6|127.0.0.1:15023
2025-04-23 04:26:53,655 [10d18a7b-3cc1-41d1-8b83-572ee97c87aa@group-F5B1E3443A36-LeaderElection5] INFO  server.RaftServerConfigKeys (ConfUtils.java:logGet(46)) - raft.server.rpc.first-election.timeout.min = 1000ms (custom)
2025-04-23 04:26:53,655 [10d18a7b-3cc1-41d1-8b83-572ee97c87aa@group-F5B1E3443A36-LeaderElection5] INFO  server.RaftServerConfigKeys (ConfUtils.java:logGet(46)) - raft.server.rpc.first-election.timeout.max = 1200ms (custom)
2025-04-23 04:26:53,655 [10d18a7b-3cc1-41d1-8b83-572ee97c87aa@group-F5B1E3443A36-LeaderElection5-2] INFO  server.GrpcServerProtocolClient (GrpcServerProtocolClient.java:<init>(65)) - Build channel for 4c9bf6b8-dff1-4348-8d13-20f037915169|127.0.0.1:15031
2025-04-23 04:26:53,660 [grpc-default-executor-1] INFO  server.RaftServer$Division (RaftServerImpl.java:requestVote(1407)) - baf21fd8-fe83-4245-9dfa-94651746f6f6@group-F5B1E3443A36: receive requestVote(PRE_VOTE, 10d18a7b-3cc1-41d1-8b83-572ee97c87aa, group-F5B1E3443A36, 0, (t:0, i:0))
2025-04-23 04:26:53,660 [grpc-default-executor-4] INFO  server.RaftServer$Division (RaftServerImpl.java:requestVote(1407)) - 4c9bf6b8-dff1-4348-8d13-20f037915169@group-F5B1E3443A36: receive requestVote(PRE_VOTE, 10d18a7b-3cc1-41d1-8b83-572ee97c87aa, group-F5B1E3443A36, 0, (t:0, i:0))
2025-04-23 04:26:53,660 [grpc-default-executor-1] INFO  impl.VoteContext (VoteContext.java:log(49)) - baf21fd8-fe83-4245-9dfa-94651746f6f6@group-F5B1E3443A36-FOLLOWER: accept PRE_VOTE from 10d18a7b-3cc1-41d1-8b83-572ee97c87aa: our priority 0 <= candidate's priority 1
2025-04-23 04:26:53,660 [grpc-default-executor-4] INFO  impl.VoteContext (VoteContext.java:log(49)) - 4c9bf6b8-dff1-4348-8d13-20f037915169@group-F5B1E3443A36-FOLLOWER: accept PRE_VOTE from 10d18a7b-3cc1-41d1-8b83-572ee97c87aa: our priority 0 <= candidate's priority 1
2025-04-23 04:26:53,660 [grpc-default-executor-1] INFO  server.RaftServer$Division (RaftServerImpl.java:requestVote(1441)) - baf21fd8-fe83-4245-9dfa-94651746f6f6@group-F5B1E3443A36 replies to PRE_VOTE vote request: 10d18a7b-3cc1-41d1-8b83-572ee97c87aa<-baf21fd8-fe83-4245-9dfa-94651746f6f6#0:OK-t0. Peer's state: baf21fd8-fe83-4245-9dfa-94651746f6f6@group-F5B1E3443A36:t0, leader=null, voted=, raftlog=Memoized:baf21fd8-fe83-4245-9dfa-94651746f6f6@group-F5B1E3443A36-SegmentedRaftLog:OPENED:c-1:lastnull, conf=conf: {index: -1, cur=peers:[baf21fd8-fe83-4245-9dfa-94651746f6f6|127.0.0.1:15023, 4c9bf6b8-dff1-4348-8d13-20f037915169|127.0.0.1:15031, 10d18a7b-3cc1-41d1-8b83-572ee97c87aa|127.0.0.1:15039]|listeners:[], old=null}
2025-04-23 04:26:53,660 [grpc-default-executor-4] INFO  server.RaftServer$Division (RaftServerImpl.java:requestVote(1441)) - 4c9bf6b8-dff1-4348-8d13-20f037915169@group-F5B1E3443A36 replies to PRE_VOTE vote request: 10d18a7b-3cc1-41d1-8b83-572ee97c87aa<-4c9bf6b8-dff1-4348-8d13-20f037915169#0:OK-t0. Peer's state: 4c9bf6b8-dff1-4348-8d13-20f037915169@group-F5B1E3443A36:t0, leader=null, voted=, raftlog=Memoized:4c9bf6b8-dff1-4348-8d13-20f037915169@group-F5B1E3443A36-SegmentedRaftLog:OPENED:c-1:lastnull, conf=conf: {index: -1, cur=peers:[baf21fd8-fe83-4245-9dfa-94651746f6f6|127.0.0.1:15023, 4c9bf6b8-dff1-4348-8d13-20f037915169|127.0.0.1:15031, 10d18a7b-3cc1-41d1-8b83-572ee97c87aa|127.0.0.1:15039]|listeners:[], old=null}
2025-04-23 04:26:53,662 [10d18a7b-3cc1-41d1-8b83-572ee97c87aa@group-F5B1E3443A36-LeaderElection5] INFO  impl.LeaderElection (LeaderElection.java:logAndReturn(90)) - 10d18a7b-3cc1-41d1-8b83-572ee97c87aa@group-F5B1E3443A36-LeaderElection5: PRE_VOTE PASSED received 1 response(s) and 0 exception(s):
2025-04-23 04:26:53,662 [10d18a7b-3cc1-41d1-8b83-572ee97c87aa@group-F5B1E3443A36-LeaderElection5] INFO  impl.LeaderElection (LeaderElection.java:logAndReturn(94)) -   Response 0: 10d18a7b-3cc1-41d1-8b83-572ee97c87aa<-4c9bf6b8-dff1-4348-8d13-20f037915169#0:OK-t0
2025-04-23 04:26:53,662 [10d18a7b-3cc1-41d1-8b83-572ee97c87aa@group-F5B1E3443A36-LeaderElection5] INFO  impl.LeaderElection (LeaderElection.java:askForVotes(334)) - 10d18a7b-3cc1-41d1-8b83-572ee97c87aa@group-F5B1E3443A36-LeaderElection5 PRE_VOTE round 0: result PASSED
2025-04-23 04:26:53,663 [10d18a7b-3cc1-41d1-8b83-572ee97c87aa@group-F5B1E3443A36-LeaderElection5] INFO  impl.LeaderElection (LeaderElection.java:askForVotes(332)) - 10d18a7b-3cc1-41d1-8b83-572ee97c87aa@group-F5B1E3443A36-LeaderElection5 ELECTION round 0: submit vote requests at term 1 for conf: {index: -1, cur=peers:[baf21fd8-fe83-4245-9dfa-94651746f6f6|127.0.0.1:15023, 4c9bf6b8-dff1-4348-8d13-20f037915169|127.0.0.1:15031, 10d18a7b-3cc1-41d1-8b83-572ee97c87aa|127.0.0.1:15039]|listeners:[], old=null}
2025-04-23 04:26:53,664 [10d18a7b-3cc1-41d1-8b83-572ee97c87aa@group-F5B1E3443A36-LeaderElection5] INFO  server.RaftServerConfigKeys (ConfUtils.java:logGet(46)) - raft.server.rpc.first-election.timeout.min = 1000ms (custom)
2025-04-23 04:26:53,664 [10d18a7b-3cc1-41d1-8b83-572ee97c87aa@group-F5B1E3443A36-LeaderElection5] INFO  server.RaftServerConfigKeys (ConfUtils.java:logGet(46)) - raft.server.rpc.first-election.timeout.max = 1200ms (custom)
2025-04-23 04:26:53,665 [grpc-default-executor-1] INFO  server.RaftServer$Division (RaftServerImpl.java:requestVote(1407)) - baf21fd8-fe83-4245-9dfa-94651746f6f6@group-F5B1E3443A36: receive requestVote(ELECTION, 10d18a7b-3cc1-41d1-8b83-572ee97c87aa, group-F5B1E3443A36, 1, (t:0, i:0))
2025-04-23 04:26:53,665 [grpc-default-executor-1] INFO  impl.VoteContext (VoteContext.java:log(49)) - baf21fd8-fe83-4245-9dfa-94651746f6f6@group-F5B1E3443A36-FOLLOWER: accept ELECTION from 10d18a7b-3cc1-41d1-8b83-572ee97c87aa: our priority 0 <= candidate's priority 1
2025-04-23 04:26:53,666 [grpc-default-executor-4] INFO  server.RaftServer$Division (RaftServerImpl.java:requestVote(1407)) - 4c9bf6b8-dff1-4348-8d13-20f037915169@group-F5B1E3443A36: receive requestVote(ELECTION, 10d18a7b-3cc1-41d1-8b83-572ee97c87aa, group-F5B1E3443A36, 1, (t:0, i:0))
2025-04-23 04:26:53,666 [grpc-default-executor-4] INFO  impl.VoteContext (VoteContext.java:log(49)) - 4c9bf6b8-dff1-4348-8d13-20f037915169@group-F5B1E3443A36-FOLLOWER: accept ELECTION from 10d18a7b-3cc1-41d1-8b83-572ee97c87aa: our priority 0 <= candidate's priority 1
2025-04-23 04:26:53,666 [grpc-default-executor-4] INFO  server.RaftServer$Division (RaftServerImpl.java:setRole(378)) - 4c9bf6b8-dff1-4348-8d13-20f037915169@group-F5B1E3443A36: changes role from  FOLLOWER to FOLLOWER at term 0 for candidate:10d18a7b-3cc1-41d1-8b83-572ee97c87aa
2025-04-23 04:26:53,666 [grpc-default-executor-4] INFO  impl.RoleInfo (RoleInfo.java:shutdownFollowerState(121)) - 4c9bf6b8-dff1-4348-8d13-20f037915169: shutdown 4c9bf6b8-dff1-4348-8d13-20f037915169@group-F5B1E3443A36-FollowerState
2025-04-23 04:26:53,666 [4c9bf6b8-dff1-4348-8d13-20f037915169@group-F5B1E3443A36-FollowerState] INFO  impl.FollowerState (FollowerState.java:runImpl(170)) - 4c9bf6b8-dff1-4348-8d13-20f037915169@group-F5B1E3443A36-FollowerState was interrupted
2025-04-23 04:26:53,666 [grpc-default-executor-1] INFO  server.RaftServer$Division (RaftServerImpl.java:setRole(378)) - baf21fd8-fe83-4245-9dfa-94651746f6f6@group-F5B1E3443A36: changes role from  FOLLOWER to FOLLOWER at term 0 for candidate:10d18a7b-3cc1-41d1-8b83-572ee97c87aa
2025-04-23 04:26:53,666 [grpc-default-executor-1] INFO  impl.RoleInfo (RoleInfo.java:shutdownFollowerState(121)) - baf21fd8-fe83-4245-9dfa-94651746f6f6: shutdown baf21fd8-fe83-4245-9dfa-94651746f6f6@group-F5B1E3443A36-FollowerState
2025-04-23 04:26:53,666 [grpc-default-executor-1] INFO  impl.RoleInfo (RoleInfo.java:updateAndGet(148)) - baf21fd8-fe83-4245-9dfa-94651746f6f6: start baf21fd8-fe83-4245-9dfa-94651746f6f6@group-F5B1E3443A36-FollowerState
2025-04-23 04:26:53,666 [baf21fd8-fe83-4245-9dfa-94651746f6f6@group-F5B1E3443A36-FollowerState] INFO  impl.FollowerState (FollowerState.java:runImpl(170)) - baf21fd8-fe83-4245-9dfa-94651746f6f6@group-F5B1E3443A36-FollowerState was interrupted
2025-04-23 04:26:53,666 [grpc-default-executor-4] INFO  impl.RoleInfo (RoleInfo.java:updateAndGet(148)) - 4c9bf6b8-dff1-4348-8d13-20f037915169: start 4c9bf6b8-dff1-4348-8d13-20f037915169@group-F5B1E3443A36-FollowerState
2025-04-23 04:26:53,666 [grpc-default-executor-1] INFO  server.RaftServer$Division (RaftServerImpl.java:setFirstElection(562)) - baf21fd8-fe83-4245-9dfa-94651746f6f6@group-F5B1E3443A36: set firstElectionSinceStartup to false for candidate:10d18a7b-3cc1-41d1-8b83-572ee97c87aa
2025-04-23 04:26:53,667 [4c9bf6b8-dff1-4348-8d13-20f037915169@group-F5B1E3443A36-FollowerState] INFO  server.RaftServerConfigKeys (ConfUtils.java:logGet(46)) - raft.server.rpc.first-election.timeout.min = 1000ms (custom)
2025-04-23 04:26:53,667 [4c9bf6b8-dff1-4348-8d13-20f037915169@group-F5B1E3443A36-FollowerState] INFO  server.RaftServerConfigKeys (ConfUtils.java:logGet(46)) - raft.server.rpc.first-election.timeout.max = 1200ms (custom)
2025-04-23 04:26:53,667 [grpc-default-executor-4] INFO  server.RaftServer$Division (RaftServerImpl.java:setFirstElection(562)) - 4c9bf6b8-dff1-4348-8d13-20f037915169@group-F5B1E3443A36: set firstElectionSinceStartup to false for candidate:10d18a7b-3cc1-41d1-8b83-572ee97c87aa
2025-04-23 04:26:53,668 [grpc-default-executor-1] INFO  server.RaftServer$Division (RaftServerImpl.java:requestVote(1441)) - baf21fd8-fe83-4245-9dfa-94651746f6f6@group-F5B1E3443A36 replies to ELECTION vote request: 10d18a7b-3cc1-41d1-8b83-572ee97c87aa<-baf21fd8-fe83-4245-9dfa-94651746f6f6#0:OK-t1. Peer's state: baf21fd8-fe83-4245-9dfa-94651746f6f6@group-F5B1E3443A36:t1, leader=null, voted=10d18a7b-3cc1-41d1-8b83-572ee97c87aa, raftlog=Memoized:baf21fd8-fe83-4245-9dfa-94651746f6f6@group-F5B1E3443A36-SegmentedRaftLog:OPENED:c-1:lastnull, conf=conf: {index: -1, cur=peers:[baf21fd8-fe83-4245-9dfa-94651746f6f6|127.0.0.1:15023, 4c9bf6b8-dff1-4348-8d13-20f037915169|127.0.0.1:15031, 10d18a7b-3cc1-41d1-8b83-572ee97c87aa|127.0.0.1:15039]|listeners:[], old=null}
2025-04-23 04:26:53,668 [grpc-default-executor-4] INFO  server.RaftServer$Division (RaftServerImpl.java:requestVote(1441)) - 4c9bf6b8-dff1-4348-8d13-20f037915169@group-F5B1E3443A36 replies to ELECTION vote request: 10d18a7b-3cc1-41d1-8b83-572ee97c87aa<-4c9bf6b8-dff1-4348-8d13-20f037915169#0:OK-t1. Peer's state: 4c9bf6b8-dff1-4348-8d13-20f037915169@group-F5B1E3443A36:t1, leader=null, voted=10d18a7b-3cc1-41d1-8b83-572ee97c87aa, raftlog=Memoized:4c9bf6b8-dff1-4348-8d13-20f037915169@group-F5B1E3443A36-SegmentedRaftLog:OPENED:c-1:lastnull, conf=conf: {index: -1, cur=peers:[baf21fd8-fe83-4245-9dfa-94651746f6f6|127.0.0.1:15023, 4c9bf6b8-dff1-4348-8d13-20f037915169|127.0.0.1:15031, 10d18a7b-3cc1-41d1-8b83-572ee97c87aa|127.0.0.1:15039]|listeners:[], old=null}
2025-04-23 04:26:53,669 [10d18a7b-3cc1-41d1-8b83-572ee97c87aa@group-F5B1E3443A36-LeaderElection5] INFO  impl.LeaderElection (LeaderElection.java:logAndReturn(90)) - 10d18a7b-3cc1-41d1-8b83-572ee97c87aa@group-F5B1E3443A36-LeaderElection5: ELECTION PASSED received 1 response(s) and 0 exception(s):
2025-04-23 04:26:53,669 [10d18a7b-3cc1-41d1-8b83-572ee97c87aa@group-F5B1E3443A36-LeaderElection5] INFO  impl.LeaderElection (LeaderElection.java:logAndReturn(94)) -   Response 0: 10d18a7b-3cc1-41d1-8b83-572ee97c87aa<-baf21fd8-fe83-4245-9dfa-94651746f6f6#0:OK-t1
2025-04-23 04:26:53,669 [10d18a7b-3cc1-41d1-8b83-572ee97c87aa@group-F5B1E3443A36-LeaderElection5] INFO  impl.LeaderElection (LeaderElection.java:askForVotes(334)) - 10d18a7b-3cc1-41d1-8b83-572ee97c87aa@group-F5B1E3443A36-LeaderElection5 ELECTION round 0: result PASSED
2025-04-23 04:26:53,669 [10d18a7b-3cc1-41d1-8b83-572ee97c87aa@group-F5B1E3443A36-LeaderElection5] INFO  impl.RoleInfo (RoleInfo.java:shutdownLeaderElection(141)) - 10d18a7b-3cc1-41d1-8b83-572ee97c87aa: shutdown 10d18a7b-3cc1-41d1-8b83-572ee97c87aa@group-F5B1E3443A36-LeaderElection5
2025-04-23 04:26:53,669 [10d18a7b-3cc1-41d1-8b83-572ee97c87aa@group-F5B1E3443A36-LeaderElection5] INFO  server.RaftServer$Division (RaftServerImpl.java:setRole(378)) - 10d18a7b-3cc1-41d1-8b83-572ee97c87aa@group-F5B1E3443A36: changes role from CANDIDATE to LEADER at term 1 for changeToLeader
2025-04-23 04:26:53,670 [10d18a7b-3cc1-41d1-8b83-572ee97c87aa@group-F5B1E3443A36-LeaderElection5] INFO  server.RaftServerConfigKeys (ConfUtils.java:logGet(46)) - raft.server.staging.catchup.gap = 1000 (default)
2025-04-23 04:26:53,670 [10d18a7b-3cc1-41d1-8b83-572ee97c87aa@group-F5B1E3443A36-LeaderElection5] INFO  server.RaftServerConfigKeys (ConfUtils.java:logGet(46)) - raft.server.write.element-limit = 1024 (custom)
2025-04-23 04:26:53,670 [10d18a7b-3cc1-41d1-8b83-572ee97c87aa@group-F5B1E3443A36-LeaderElection5] INFO  server.RaftServerConfigKeys (ConfUtils.java:logGet(46)) - raft.server.write.byte-limit = 1024 M (=1073741824) (custom)
2025-04-23 04:26:53,670 [10d18a7b-3cc1-41d1-8b83-572ee97c87aa@group-F5B1E3443A36-LeaderElection5] INFO  server.RaftServerConfigKeys (ConfUtils.java:logGet(46)) - raft.server.watch.timeout = 30s (custom)
2025-04-23 04:26:53,670 [10d18a7b-3cc1-41d1-8b83-572ee97c87aa@group-F5B1E3443A36-LeaderElection5] INFO  server.RaftServerConfigKeys (ConfUtils.java:logGet(46)) - raft.server.watch.timeout.denomination = 1s (default)
2025-04-23 04:26:53,670 [10d18a7b-3cc1-41d1-8b83-572ee97c87aa@group-F5B1E3443A36-LeaderElection5] INFO  server.RaftServerConfigKeys (ConfUtils.java:logGet(46)) - raft.server.watch.element-limit = 65536 (default)
2025-04-23 04:26:53,671 [10d18a7b-3cc1-41d1-8b83-572ee97c87aa@group-F5B1E3443A36-LeaderElection5] INFO  server.RaftServerConfigKeys (ConfUtils.java:logGet(46)) - raft.server.read.leader.lease.enabled = false (default)
2025-04-23 04:26:53,671 [10d18a7b-3cc1-41d1-8b83-572ee97c87aa@group-F5B1E3443A36-LeaderElection5] INFO  server.RaftServerConfigKeys (ConfUtils.java:logGet(46)) - raft.server.read.leader.lease.timeout.ratio = 0.9 (default)
2025-04-23 04:26:53,671 [10d18a7b-3cc1-41d1-8b83-572ee97c87aa@group-F5B1E3443A36-LeaderElection5] INFO  server.RaftServerConfigKeys (ConfUtils.java:logGet(46)) - raft.server.rpc.timeout.min = 5s (custom)
2025-04-23 04:26:53,671 [10d18a7b-3cc1-41d1-8b83-572ee97c87aa@group-F5B1E3443A36-LeaderElection5] INFO  server.RaftServerConfigKeys (ConfUtils.java:logGet(46)) - raft.server.log.log-metadata.enabled = true (default)
2025-04-23 04:26:53,671 [10d18a7b-3cc1-41d1-8b83-572ee97c87aa@group-F5B1E3443A36-LeaderElection5] INFO  server.RaftServerConfigKeys (ConfUtils.java:logGet(46)) - raft.server.write.element-limit = 1024 (custom)
2025-04-23 04:26:53,671 [10d18a7b-3cc1-41d1-8b83-572ee97c87aa@group-F5B1E3443A36-LeaderElection5] INFO  server.RaftServerConfigKeys (ConfUtils.java:logGet(46)) - raft.server.write.follower.gap.ratio.max = -1.0 (default)
2025-04-23 04:26:53,672 [10d18a7b-3cc1-41d1-8b83-572ee97c87aa@group-F5B1E3443A36-LeaderElection5] INFO  server.RaftServerConfigKeys (ConfUtils.java:logGet(46)) - raft.server.log.appender.snapshot.chunk.size.max = 16MB (=16777216) (default)
2025-04-23 04:26:53,672 [10d18a7b-3cc1-41d1-8b83-572ee97c87aa@group-F5B1E3443A36-LeaderElection5] INFO  server.RaftServerConfigKeys (ConfUtils.java:logGet(46)) - raft.server.log.appender.buffer.byte-limit = 33554432 (custom)
2025-04-23 04:26:53,672 [10d18a7b-3cc1-41d1-8b83-572ee97c87aa@group-F5B1E3443A36-LeaderElection5] INFO  server.RaftServerConfigKeys (ConfUtils.java:logGet(46)) - raft.server.log.appender.buffer.element-limit = 1024 (custom)
2025-04-23 04:26:53,672 [10d18a7b-3cc1-41d1-8b83-572ee97c87aa@group-F5B1E3443A36-LeaderElection5] INFO  server.RaftServerConfigKeys (ConfUtils.java:logGet(46)) - raft.server.log.appender.wait-time.min = 0μs (custom)
2025-04-23 04:26:53,672 [10d18a7b-3cc1-41d1-8b83-572ee97c87aa@group-F5B1E3443A36-LeaderElection5] INFO  grpc.GrpcConfigKeys (ConfUtils.java:logGet(46)) - raft.grpc.server.leader.outstanding.appends.max = 8 (default)
2025-04-23 04:26:53,673 [10d18a7b-3cc1-41d1-8b83-572ee97c87aa@group-F5B1E3443A36-LeaderElection5] INFO  server.RaftServerConfigKeys (ConfUtils.java:logGet(46)) - raft.server.rpc.request.timeout = 60s (custom)
2025-04-23 04:26:53,673 [10d18a7b-3cc1-41d1-8b83-572ee97c87aa@group-F5B1E3443A36-LeaderElection5] INFO  grpc.GrpcConfigKeys (ConfUtils.java:logGet(46)) - raft.grpc.server.install_snapshot.request.element-limit = 8 (default)
2025-04-23 04:26:53,673 [10d18a7b-3cc1-41d1-8b83-572ee97c87aa@group-F5B1E3443A36-LeaderElection5] INFO  grpc.GrpcConfigKeys (ConfUtils.java:logGet(46)) - raft.grpc.server.install_snapshot.request.timeout = 3000ms (default)
2025-04-23 04:26:53,673 [10d18a7b-3cc1-41d1-8b83-572ee97c87aa@group-F5B1E3443A36-LeaderElection5] INFO  grpc.GrpcConfigKeys (ConfUtils.java:logGet(46)) - raft.grpc.server.log-message.batch.duration = 5s (default)
2025-04-23 04:26:53,673 [10d18a7b-3cc1-41d1-8b83-572ee97c87aa@group-F5B1E3443A36-LeaderElection5] INFO  server.RaftServerConfigKeys (ConfUtils.java:logGet(46)) - raft.server.log.appender.install.snapshot.enabled = false (custom)
2025-04-23 04:26:53,673 [10d18a7b-3cc1-41d1-8b83-572ee97c87aa@group-F5B1E3443A36-LeaderElection5] INFO  grpc.GrpcConfigKeys (ConfUtils.java:logGet(46)) - raft.grpc.server.heartbeat.channel = true (default)
2025-04-23 04:26:53,675 [10d18a7b-3cc1-41d1-8b83-572ee97c87aa@group-F5B1E3443A36-LeaderElection5] INFO  server.RaftServerConfigKeys (ConfUtils.java:logGet(46)) - raft.server.log.appender.snapshot.chunk.size.max = 16MB (=16777216) (default)
2025-04-23 04:26:53,675 [10d18a7b-3cc1-41d1-8b83-572ee97c87aa@group-F5B1E3443A36-LeaderElection5] INFO  server.RaftServerConfigKeys (ConfUtils.java:logGet(46)) - raft.server.log.appender.buffer.byte-limit = 33554432 (custom)
2025-04-23 04:26:53,675 [10d18a7b-3cc1-41d1-8b83-572ee97c87aa@group-F5B1E3443A36-LeaderElection5] INFO  server.RaftServerConfigKeys (ConfUtils.java:logGet(46)) - raft.server.log.appender.buffer.element-limit = 1024 (custom)
2025-04-23 04:26:53,675 [10d18a7b-3cc1-41d1-8b83-572ee97c87aa@group-F5B1E3443A36-LeaderElection5] INFO  server.RaftServerConfigKeys (ConfUtils.java:logGet(46)) - raft.server.log.appender.wait-time.min = 0μs (custom)
2025-04-23 04:26:53,675 [10d18a7b-3cc1-41d1-8b83-572ee97c87aa@group-F5B1E3443A36-LeaderElection5] INFO  grpc.GrpcConfigKeys (ConfUtils.java:logGet(46)) - raft.grpc.server.leader.outstanding.appends.max = 8 (default)
2025-04-23 04:26:53,675 [10d18a7b-3cc1-41d1-8b83-572ee97c87aa@group-F5B1E3443A36-LeaderElection5] INFO  server.RaftServerConfigKeys (ConfUtils.java:logGet(46)) - raft.server.rpc.request.timeout = 60s (custom)
2025-04-23 04:26:53,675 [10d18a7b-3cc1-41d1-8b83-572ee97c87aa@group-F5B1E3443A36-LeaderElection5] INFO  grpc.GrpcConfigKeys (ConfUtils.java:logGet(46)) - raft.grpc.server.install_snapshot.request.element-limit = 8 (default)
2025-04-23 04:26:53,675 [10d18a7b-3cc1-41d1-8b83-572ee97c87aa@group-F5B1E3443A36-LeaderElection5] INFO  grpc.GrpcConfigKeys (ConfUtils.java:logGet(46)) - raft.grpc.server.install_snapshot.request.timeout = 3000ms (default)
2025-04-23 04:26:53,675 [10d18a7b-3cc1-41d1-8b83-572ee97c87aa@group-F5B1E3443A36-LeaderElection5] INFO  grpc.GrpcConfigKeys (ConfUtils.java:logGet(46)) - raft.grpc.server.log-message.batch.duration = 5s (default)
2025-04-23 04:26:53,676 [10d18a7b-3cc1-41d1-8b83-572ee97c87aa@group-F5B1E3443A36-LeaderElection5] INFO  server.RaftServerConfigKeys (ConfUtils.java:logGet(46)) - raft.server.log.appender.install.snapshot.enabled = false (custom)
2025-04-23 04:26:53,676 [10d18a7b-3cc1-41d1-8b83-572ee97c87aa@group-F5B1E3443A36-LeaderElection5] INFO  grpc.GrpcConfigKeys (ConfUtils.java:logGet(46)) - raft.grpc.server.heartbeat.channel = true (default)
2025-04-23 04:26:53,676 [10d18a7b-3cc1-41d1-8b83-572ee97c87aa@group-F5B1E3443A36-LeaderElection5] INFO  impl.RoleInfo (RoleInfo.java:updateAndGet(148)) - 10d18a7b-3cc1-41d1-8b83-572ee97c87aa: start 10d18a7b-3cc1-41d1-8b83-572ee97c87aa@group-F5B1E3443A36-LeaderStateImpl
2025-04-23 04:26:53,676 [10d18a7b-3cc1-41d1-8b83-572ee97c87aa@group-F5B1E3443A36-LeaderElection5] INFO  server.RaftServer$Division (RaftServerImpl.java:setFirstElection(562)) - 10d18a7b-3cc1-41d1-8b83-572ee97c87aa@group-F5B1E3443A36: set firstElectionSinceStartup to false for becomeLeader
2025-04-23 04:26:53,676 [10d18a7b-3cc1-41d1-8b83-572ee97c87aa@group-F5B1E3443A36-LeaderElection5] INFO  ratis.XceiverServerRatis (XceiverServerRatis.java:handleLeaderChangedNotification(942)) - Leader change notification received for group: group-F5B1E3443A36 with new leaderId: 10d18a7b-3cc1-41d1-8b83-572ee97c87aa
2025-04-23 04:26:53,676 [10d18a7b-3cc1-41d1-8b83-572ee97c87aa@group-F5B1E3443A36-LeaderElection5] INFO  server.RaftServer$Division (ServerState.java:setLeader(272)) - 10d18a7b-3cc1-41d1-8b83-572ee97c87aa@group-F5B1E3443A36: change Leader from null to 10d18a7b-3cc1-41d1-8b83-572ee97c87aa at term 1 for becomeLeader, leader elected after 1103ms
2025-04-23 04:26:53,676 [10d18a7b-3cc1-41d1-8b83-572ee97c87aa@group-F5B1E3443A36-LeaderElection5] INFO  segmented.SegmentedRaftLogWorker (SegmentedRaftLogWorker.java:startLogSegment(438)) - 10d18a7b-3cc1-41d1-8b83-572ee97c87aa@group-F5B1E3443A36-SegmentedRaftLogWorker: Starting segment from index:0
2025-04-23 04:26:53,677 [10d18a7b-3cc1-41d1-8b83-572ee97c87aa@group-F5B1E3443A36-LeaderElection5] INFO  server.RaftServer$Division (ServerState.java:setRaftConf(386)) - 10d18a7b-3cc1-41d1-8b83-572ee97c87aa@group-F5B1E3443A36: set configuration conf: {index: 0, cur=peers:[baf21fd8-fe83-4245-9dfa-94651746f6f6|127.0.0.1:15023, 4c9bf6b8-dff1-4348-8d13-20f037915169|127.0.0.1:15031, 10d18a7b-3cc1-41d1-8b83-572ee97c87aa|127.0.0.1:15039]|listeners:[], old=null}
2025-04-23 04:26:53,677 [10d18a7b-3cc1-41d1-8b83-572ee97c87aa@group-F5B1E3443A36-SegmentedRaftLogWorker] INFO  segmented.BufferedWriteChannel (BufferedWriteChannel.java:open(61)) - open log_inprogress_0 at position 0
2025-04-23 04:26:53,683 [EventQueue-OpenPipelineForHealthyPipelineSafeModeRule] INFO  safemode.SCMSafeModeManager (HealthyPipelineSafeModeRule.java:process(141)) - SCM in safe mode. Healthy pipelines reported count is 0, required healthy pipeline reported count is 1
2025-04-23 04:26:53,687 [4c9bf6b8-dff1-4348-8d13-20f037915169-server-thread1] INFO  ratis.XceiverServerRatis (XceiverServerRatis.java:handleLeaderChangedNotification(942)) - Leader change notification received for group: group-F5B1E3443A36 with new leaderId: 10d18a7b-3cc1-41d1-8b83-572ee97c87aa
2025-04-23 04:26:53,688 [4c9bf6b8-dff1-4348-8d13-20f037915169-server-thread1] INFO  server.RaftServer$Division (ServerState.java:setLeader(272)) - 4c9bf6b8-dff1-4348-8d13-20f037915169@group-F5B1E3443A36: change Leader from null to 10d18a7b-3cc1-41d1-8b83-572ee97c87aa at term 1 for appendEntries, leader elected after 953ms
2025-04-23 04:26:53,689 [10d18a7b-3cc1-41d1-8b83-572ee97c87aa@group-F5B1E3443A36-SegmentedRaftLogWorker] INFO  segmented.SegmentedRaftLogWorker (SegmentedRaftLogWorker.java:execute(644)) - 10d18a7b-3cc1-41d1-8b83-572ee97c87aa@group-F5B1E3443A36-SegmentedRaftLogWorker: created new log segment /home/runner/work/ozone/ozone/hadoop-ozone/integration-test/target/test-dir/MiniOzoneClusterImpl-ff59c164-3798-4a7f-a16d-eeed9ffb3244/ozone-meta/datanode-3/ratis/62edc9d3-8464-4391-ae20-f5b1e3443a36/current/log_inprogress_0
2025-04-23 04:26:53,689 [baf21fd8-fe83-4245-9dfa-94651746f6f6-server-thread1] INFO  ratis.XceiverServerRatis (XceiverServerRatis.java:handleLeaderChangedNotification(942)) - Leader change notification received for group: group-F5B1E3443A36 with new leaderId: 10d18a7b-3cc1-41d1-8b83-572ee97c87aa
2025-04-23 04:26:53,690 [baf21fd8-fe83-4245-9dfa-94651746f6f6-server-thread1] INFO  server.RaftServer$Division (ServerState.java:setLeader(272)) - baf21fd8-fe83-4245-9dfa-94651746f6f6@group-F5B1E3443A36: change Leader from null to 10d18a7b-3cc1-41d1-8b83-572ee97c87aa at term 1 for appendEntries, leader elected after 1042ms
2025-04-23 04:26:53,690 [baf21fd8-fe83-4245-9dfa-94651746f6f6-server-thread2] INFO  server.RaftServer$Division (ServerState.java:setRaftConf(386)) - baf21fd8-fe83-4245-9dfa-94651746f6f6@group-F5B1E3443A36: set configuration conf: {index: 0, cur=peers:[baf21fd8-fe83-4245-9dfa-94651746f6f6|127.0.0.1:15023, 4c9bf6b8-dff1-4348-8d13-20f037915169|127.0.0.1:15031, 10d18a7b-3cc1-41d1-8b83-572ee97c87aa|127.0.0.1:15039]|listeners:[], old=null}
2025-04-23 04:26:53,693 [baf21fd8-fe83-4245-9dfa-94651746f6f6-server-thread2] INFO  segmented.SegmentedRaftLogWorker (SegmentedRaftLogWorker.java:startLogSegment(438)) - baf21fd8-fe83-4245-9dfa-94651746f6f6@group-F5B1E3443A36-SegmentedRaftLogWorker: Starting segment from index:0
2025-04-23 04:26:53,693 [4c9bf6b8-dff1-4348-8d13-20f037915169-server-thread3] INFO  server.RaftServer$Division (ServerState.java:setRaftConf(386)) - 4c9bf6b8-dff1-4348-8d13-20f037915169@group-F5B1E3443A36: set configuration conf: {index: 0, cur=peers:[baf21fd8-fe83-4245-9dfa-94651746f6f6|127.0.0.1:15023, 4c9bf6b8-dff1-4348-8d13-20f037915169|127.0.0.1:15031, 10d18a7b-3cc1-41d1-8b83-572ee97c87aa|127.0.0.1:15039]|listeners:[], old=null}
2025-04-23 04:26:53,693 [4c9bf6b8-dff1-4348-8d13-20f037915169-server-thread3] INFO  segmented.SegmentedRaftLogWorker (SegmentedRaftLogWorker.java:startLogSegment(438)) - 4c9bf6b8-dff1-4348-8d13-20f037915169@group-F5B1E3443A36-SegmentedRaftLogWorker: Starting segment from index:0
2025-04-23 04:26:53,693 [baf21fd8-fe83-4245-9dfa-94651746f6f6@group-F5B1E3443A36-SegmentedRaftLogWorker] INFO  segmented.BufferedWriteChannel (BufferedWriteChannel.java:open(61)) - open log_inprogress_0 at position 0
2025-04-23 04:26:53,694 [4c9bf6b8-dff1-4348-8d13-20f037915169@group-F5B1E3443A36-SegmentedRaftLogWorker] INFO  segmented.BufferedWriteChannel (BufferedWriteChannel.java:open(61)) - open log_inprogress_0 at position 0
2025-04-23 04:26:53,691 [bf7db134-45a1-4f19-9c9a-e33221f9a916@group-EEED9FFB3244-StateMachineUpdater] INFO  safemode.HealthyPipelineSafeModeRule (HealthyPipelineSafeModeRule.java:initializeRule(174)) - Refreshed total pipeline count is 1, healthy pipeline threshold count is 1
2025-04-23 04:26:53,697 [EventQueue-PipelineReportForPipelineReportHandler] INFO  pipeline.PipelineReportHandler (PipelineReportHandler.java:processPipelineReport(134)) - Opened pipeline PipelineID=62edc9d3-8464-4391-ae20-f5b1e3443a36
2025-04-23 04:26:53,697 [EventQueue-OpenPipelineForHealthyPipelineSafeModeRule] INFO  safemode.SCMSafeModeManager (HealthyPipelineSafeModeRule.java:process(141)) - SCM in safe mode. Healthy pipelines reported count is 1, required healthy pipeline reported count is 1
2025-04-23 04:26:53,697 [EventQueue-OpenPipelineForHealthyPipelineSafeModeRule] INFO  safemode.SCMSafeModeManager (SCMSafeModeManager.java:validateSafeModeExitRules(186)) - HealthyPipelineSafeModeRule rule is successfully validated
2025-04-23 04:26:53,697 [EventQueue-OpenPipelineForHealthyPipelineSafeModeRule] INFO  safemode.SCMSafeModeManager (SCMSafeModeManager.java:validateSafeModeExitRules(201)) - ScmSafeModeManager, all rules are successfully validated
2025-04-23 04:26:53,697 [EventQueue-OpenPipelineForHealthyPipelineSafeModeRule] INFO  safemode.SCMSafeModeManager (SCMSafeModeManager.java:exitSafeMode(231)) - SCM exiting safe mode.
2025-04-23 04:26:53,697 [EventQueue-OpenPipelineForHealthyPipelineSafeModeRule] INFO  ha.SCMContext (SCMContext.java:updateSafeModeStatus(224)) - Update SafeModeStatus from SafeModeStatus{safeModeStatus=true, preCheckPassed=true} to SafeModeStatus{safeModeStatus=false, preCheckPassed=true}.
2025-04-23 04:26:53,697 [EventQueue-OpenPipelineForHealthyPipelineSafeModeRule] INFO  BackgroundPipelineScrubber (BackgroundSCMService.java:notifyStatusChanged(78)) - Service BackgroundPipelineScrubber transitions to RUNNING.
2025-04-23 04:26:53,697 [EventQueue-OpenPipelineForHealthyPipelineSafeModeRule] INFO  ExpiredContainerReplicaOpScrubber (BackgroundSCMService.java:notifyStatusChanged(78)) - Service ExpiredContainerReplicaOpScrubber transitions to RUNNING.
2025-04-23 04:26:53,697 [EventQueue-OpenPipelineForHealthyPipelineSafeModeRule] INFO  block.SCMBlockDeletingService (SCMBlockDeletingService.java:notifyStatusChanged(250)) - notifyStatusChanged:RUNNING
2025-04-23 04:26:53,697 [EventQueue-OpenPipelineForHealthyPipelineSafeModeRule] INFO  replication.ReplicationManager (ReplicationManager.java:notifyStatusChanged(1386)) - Service ReplicationManager transitions to RUNNING.
2025-04-23 04:26:53,702 [EventQueue-OpenPipelineForHealthyPipelineSafeModeRule] WARN  balancer.ContainerBalancer (ContainerBalancer.java:shouldRun(134)) - Could not find persisted configuration for ContainerBalancer when checking if ContainerBalancer should run. ContainerBalancer should not run now.
2025-04-23 04:26:53,702 [EventQueue-OpenPipelineForHealthyPipelineSafeModeRule] INFO  SCMHATransactionMonitor (BackgroundSCMService.java:notifyStatusChanged(78)) - Service SCMHATransactionMonitor transitions to RUNNING.
2025-04-23 04:26:53,705 [baf21fd8-fe83-4245-9dfa-94651746f6f6@group-F5B1E3443A36-SegmentedRaftLogWorker] INFO  segmented.SegmentedRaftLogWorker (SegmentedRaftLogWorker.java:execute(644)) - baf21fd8-fe83-4245-9dfa-94651746f6f6@group-F5B1E3443A36-SegmentedRaftLogWorker: created new log segment /home/runner/work/ozone/ozone/hadoop-ozone/integration-test/target/test-dir/MiniOzoneClusterImpl-ff59c164-3798-4a7f-a16d-eeed9ffb3244/ozone-meta/datanode-1/ratis/62edc9d3-8464-4391-ae20-f5b1e3443a36/current/log_inprogress_0
2025-04-23 04:26:53,707 [4c9bf6b8-dff1-4348-8d13-20f037915169@group-F5B1E3443A36-SegmentedRaftLogWorker] INFO  segmented.SegmentedRaftLogWorker (SegmentedRaftLogWorker.java:execute(644)) - 4c9bf6b8-dff1-4348-8d13-20f037915169@group-F5B1E3443A36-SegmentedRaftLogWorker: created new log segment /home/runner/work/ozone/ozone/hadoop-ozone/integration-test/target/test-dir/MiniOzoneClusterImpl-ff59c164-3798-4a7f-a16d-eeed9ffb3244/ozone-meta/datanode-2/ratis/62edc9d3-8464-4391-ae20-f5b1e3443a36/current/log_inprogress_0
2025-04-23 04:26:53,710 [10d18a7b-3cc1-41d1-8b83-572ee97c87aa@group-F5B1E3443A36-StateMachineUpdater] INFO  server.RaftServer$Division (LeaderStateImpl.java:checkStartIndex(313)) - Leader 10d18a7b-3cc1-41d1-8b83-572ee97c87aa@group-F5B1E3443A36-LeaderStateImpl is ready since appliedIndex == startIndex == 0
2025-04-23 04:26:53,857 [4c9bf6b8-dff1-4348-8d13-20f037915169@group-E359F0EF759B-FollowerState] INFO  impl.FollowerState (FollowerState.java:runImpl(161)) - 4c9bf6b8-dff1-4348-8d13-20f037915169@group-E359F0EF759B-FollowerState: change to CANDIDATE, lastRpcElapsedTime:1020697903ns, electionTimeout:1020ms
2025-04-23 04:26:53,857 [4c9bf6b8-dff1-4348-8d13-20f037915169@group-E359F0EF759B-FollowerState] INFO  impl.RoleInfo (RoleInfo.java:shutdownFollowerState(121)) - 4c9bf6b8-dff1-4348-8d13-20f037915169: shutdown 4c9bf6b8-dff1-4348-8d13-20f037915169@group-E359F0EF759B-FollowerState
2025-04-23 04:26:53,857 [4c9bf6b8-dff1-4348-8d13-20f037915169@group-E359F0EF759B-FollowerState] INFO  server.RaftServer$Division (RaftServerImpl.java:setRole(378)) - 4c9bf6b8-dff1-4348-8d13-20f037915169@group-E359F0EF759B: changes role from  FOLLOWER to CANDIDATE at term 0 for changeToCandidate
2025-04-23 04:26:53,857 [4c9bf6b8-dff1-4348-8d13-20f037915169@group-E359F0EF759B-FollowerState] INFO  server.RaftServerConfigKeys (ConfUtils.java:logGet(46)) - raft.server.leaderelection.pre-vote = true (default)
2025-04-23 04:26:53,857 [4c9bf6b8-dff1-4348-8d13-20f037915169@group-E359F0EF759B-FollowerState] INFO  impl.RoleInfo (RoleInfo.java:updateAndGet(148)) - 4c9bf6b8-dff1-4348-8d13-20f037915169: start 4c9bf6b8-dff1-4348-8d13-20f037915169@group-E359F0EF759B-LeaderElection6
2025-04-23 04:26:53,858 [4c9bf6b8-dff1-4348-8d13-20f037915169@group-E359F0EF759B-LeaderElection6] INFO  impl.LeaderElection (LeaderElection.java:askForVotes(332)) - 4c9bf6b8-dff1-4348-8d13-20f037915169@group-E359F0EF759B-LeaderElection6 PRE_VOTE round 0: submit vote requests at term 0 for conf: {index: -1, cur=peers:[baf21fd8-fe83-4245-9dfa-94651746f6f6|127.0.0.1:15023, 4c9bf6b8-dff1-4348-8d13-20f037915169|127.0.0.1:15031, 10d18a7b-3cc1-41d1-8b83-572ee97c87aa|127.0.0.1:15039]|listeners:[], old=null}
2025-04-23 04:26:53,858 [4c9bf6b8-dff1-4348-8d13-20f037915169@group-E359F0EF759B-LeaderElection6-1] INFO  server.GrpcServerProtocolClient (GrpcServerProtocolClient.java:<init>(65)) - Build channel for baf21fd8-fe83-4245-9dfa-94651746f6f6|127.0.0.1:15023
2025-04-23 04:26:53,858 [4c9bf6b8-dff1-4348-8d13-20f037915169@group-E359F0EF759B-LeaderElection6] INFO  server.RaftServerConfigKeys (ConfUtils.java:logGet(46)) - raft.server.rpc.first-election.timeout.min = 1000ms (custom)
2025-04-23 04:26:53,858 [4c9bf6b8-dff1-4348-8d13-20f037915169@group-E359F0EF759B-LeaderElection6] INFO  server.RaftServerConfigKeys (ConfUtils.java:logGet(46)) - raft.server.rpc.first-election.timeout.max = 1200ms (custom)
2025-04-23 04:26:53,858 [4c9bf6b8-dff1-4348-8d13-20f037915169@group-E359F0EF759B-LeaderElection6-2] INFO  server.GrpcServerProtocolClient (GrpcServerProtocolClient.java:<init>(65)) - Build channel for 10d18a7b-3cc1-41d1-8b83-572ee97c87aa|127.0.0.1:15039
2025-04-23 04:26:53,863 [grpc-default-executor-4] INFO  server.RaftServer$Division (RaftServerImpl.java:requestVote(1407)) - baf21fd8-fe83-4245-9dfa-94651746f6f6@group-E359F0EF759B: receive requestVote(PRE_VOTE, 4c9bf6b8-dff1-4348-8d13-20f037915169, group-E359F0EF759B, 0, (t:0, i:0))
2025-04-23 04:26:53,864 [grpc-default-executor-4] INFO  impl.VoteContext (VoteContext.java:log(49)) - baf21fd8-fe83-4245-9dfa-94651746f6f6@group-E359F0EF759B-FOLLOWER: accept PRE_VOTE from 4c9bf6b8-dff1-4348-8d13-20f037915169: our priority 0 <= candidate's priority 1
2025-04-23 04:26:53,864 [grpc-default-executor-1] INFO  server.RaftServer$Division (RaftServerImpl.java:requestVote(1407)) - 10d18a7b-3cc1-41d1-8b83-572ee97c87aa@group-E359F0EF759B: receive requestVote(PRE_VOTE, 4c9bf6b8-dff1-4348-8d13-20f037915169, group-E359F0EF759B, 0, (t:0, i:0))
2025-04-23 04:26:53,864 [grpc-default-executor-1] INFO  impl.VoteContext (VoteContext.java:log(49)) - 10d18a7b-3cc1-41d1-8b83-572ee97c87aa@group-E359F0EF759B-FOLLOWER: accept PRE_VOTE from 4c9bf6b8-dff1-4348-8d13-20f037915169: our priority 0 <= candidate's priority 1
2025-04-23 04:26:53,864 [grpc-default-executor-1] INFO  server.RaftServer$Division (RaftServerImpl.java:requestVote(1441)) - 10d18a7b-3cc1-41d1-8b83-572ee97c87aa@group-E359F0EF759B replies to PRE_VOTE vote request: 4c9bf6b8-dff1-4348-8d13-20f037915169<-10d18a7b-3cc1-41d1-8b83-572ee97c87aa#0:OK-t0. Peer's state: 10d18a7b-3cc1-41d1-8b83-572ee97c87aa@group-E359F0EF759B:t0, leader=null, voted=, raftlog=Memoized:10d18a7b-3cc1-41d1-8b83-572ee97c87aa@group-E359F0EF759B-SegmentedRaftLog:OPENED:c-1:lastnull, conf=conf: {index: -1, cur=peers:[baf21fd8-fe83-4245-9dfa-94651746f6f6|127.0.0.1:15023, 4c9bf6b8-dff1-4348-8d13-20f037915169|127.0.0.1:15031, 10d18a7b-3cc1-41d1-8b83-572ee97c87aa|127.0.0.1:15039]|listeners:[], old=null}
2025-04-23 04:26:53,864 [grpc-default-executor-4] INFO  server.RaftServer$Division (RaftServerImpl.java:requestVote(1441)) - baf21fd8-fe83-4245-9dfa-94651746f6f6@group-E359F0EF759B replies to PRE_VOTE vote request: 4c9bf6b8-dff1-4348-8d13-20f037915169<-baf21fd8-fe83-4245-9dfa-94651746f6f6#0:OK-t0. Peer's state: baf21fd8-fe83-4245-9dfa-94651746f6f6@group-E359F0EF759B:t0, leader=null, voted=, raftlog=Memoized:baf21fd8-fe83-4245-9dfa-94651746f6f6@group-E359F0EF759B-SegmentedRaftLog:OPENED:c-1:lastnull, conf=conf: {index: -1, cur=peers:[baf21fd8-fe83-4245-9dfa-94651746f6f6|127.0.0.1:15023, 4c9bf6b8-dff1-4348-8d13-20f037915169|127.0.0.1:15031, 10d18a7b-3cc1-41d1-8b83-572ee97c87aa|127.0.0.1:15039]|listeners:[], old=null}
2025-04-23 04:26:53,866 [4c9bf6b8-dff1-4348-8d13-20f037915169@group-E359F0EF759B-LeaderElection6] INFO  impl.LeaderElection (LeaderElection.java:logAndReturn(90)) - 4c9bf6b8-dff1-4348-8d13-20f037915169@group-E359F0EF759B-LeaderElection6: PRE_VOTE PASSED received 1 response(s) and 0 exception(s):
2025-04-23 04:26:53,866 [4c9bf6b8-dff1-4348-8d13-20f037915169@group-E359F0EF759B-LeaderElection6] INFO  impl.LeaderElection (LeaderElection.java:logAndReturn(94)) -   Response 0: 4c9bf6b8-dff1-4348-8d13-20f037915169<-10d18a7b-3cc1-41d1-8b83-572ee97c87aa#0:OK-t0
2025-04-23 04:26:53,866 [4c9bf6b8-dff1-4348-8d13-20f037915169@group-E359F0EF759B-LeaderElection6] INFO  impl.LeaderElection (LeaderElection.java:askForVotes(334)) - 4c9bf6b8-dff1-4348-8d13-20f037915169@group-E359F0EF759B-LeaderElection6 PRE_VOTE round 0: result PASSED
2025-04-23 04:26:53,867 [4c9bf6b8-dff1-4348-8d13-20f037915169@group-E359F0EF759B-LeaderElection6] INFO  impl.LeaderElection (LeaderElection.java:askForVotes(332)) - 4c9bf6b8-dff1-4348-8d13-20f037915169@group-E359F0EF759B-LeaderElection6 ELECTION round 0: submit vote requests at term 1 for conf: {index: -1, cur=peers:[baf21fd8-fe83-4245-9dfa-94651746f6f6|127.0.0.1:15023, 4c9bf6b8-dff1-4348-8d13-20f037915169|127.0.0.1:15031, 10d18a7b-3cc1-41d1-8b83-572ee97c87aa|127.0.0.1:15039]|listeners:[], old=null}
2025-04-23 04:26:53,868 [4c9bf6b8-dff1-4348-8d13-20f037915169@group-E359F0EF759B-LeaderElection6] INFO  server.RaftServerConfigKeys (ConfUtils.java:logGet(46)) - raft.server.rpc.first-election.timeout.min = 1000ms (custom)
2025-04-23 04:26:53,868 [4c9bf6b8-dff1-4348-8d13-20f037915169@group-E359F0EF759B-LeaderElection6] INFO  server.RaftServerConfigKeys (ConfUtils.java:logGet(46)) - raft.server.rpc.first-election.timeout.max = 1200ms (custom)
2025-04-23 04:26:53,869 [grpc-default-executor-4] INFO  server.RaftServer$Division (RaftServerImpl.java:requestVote(1407)) - 10d18a7b-3cc1-41d1-8b83-572ee97c87aa@group-E359F0EF759B: receive requestVote(ELECTION, 4c9bf6b8-dff1-4348-8d13-20f037915169, group-E359F0EF759B, 1, (t:0, i:0))
2025-04-23 04:26:53,869 [grpc-default-executor-4] INFO  impl.VoteContext (VoteContext.java:log(49)) - 10d18a7b-3cc1-41d1-8b83-572ee97c87aa@group-E359F0EF759B-FOLLOWER: accept ELECTION from 4c9bf6b8-dff1-4348-8d13-20f037915169: our priority 0 <= candidate's priority 1
2025-04-23 04:26:53,869 [grpc-default-executor-4] INFO  server.RaftServer$Division (RaftServerImpl.java:setRole(378)) - 10d18a7b-3cc1-41d1-8b83-572ee97c87aa@group-E359F0EF759B: changes role from  FOLLOWER to FOLLOWER at term 0 for candidate:4c9bf6b8-dff1-4348-8d13-20f037915169
2025-04-23 04:26:53,869 [grpc-default-executor-4] INFO  impl.RoleInfo (RoleInfo.java:shutdownFollowerState(121)) - 10d18a7b-3cc1-41d1-8b83-572ee97c87aa: shutdown 10d18a7b-3cc1-41d1-8b83-572ee97c87aa@group-E359F0EF759B-FollowerState
2025-04-23 04:26:53,869 [grpc-default-executor-4] INFO  impl.RoleInfo (RoleInfo.java:updateAndGet(148)) - 10d18a7b-3cc1-41d1-8b83-572ee97c87aa: start 10d18a7b-3cc1-41d1-8b83-572ee97c87aa@group-E359F0EF759B-FollowerState
2025-04-23 04:26:53,869 [10d18a7b-3cc1-41d1-8b83-572ee97c87aa@group-E359F0EF759B-FollowerState] INFO  impl.FollowerState (FollowerState.java:runImpl(170)) - 10d18a7b-3cc1-41d1-8b83-572ee97c87aa@group-E359F0EF759B-FollowerState was interrupted
2025-04-23 04:26:53,870 [10d18a7b-3cc1-41d1-8b83-572ee97c87aa@group-E359F0EF759B-FollowerState] INFO  server.RaftServerConfigKeys (ConfUtils.java:logGet(46)) - raft.server.rpc.first-election.timeout.min = 1000ms (custom)
2025-04-23 04:26:53,870 [10d18a7b-3cc1-41d1-8b83-572ee97c87aa@group-E359F0EF759B-FollowerState] INFO  server.RaftServerConfigKeys (ConfUtils.java:logGet(46)) - raft.server.rpc.first-election.timeout.max = 1200ms (custom)
2025-04-23 04:26:53,870 [grpc-default-executor-4] INFO  server.RaftServer$Division (RaftServerImpl.java:setFirstElection(562)) - 10d18a7b-3cc1-41d1-8b83-572ee97c87aa@group-E359F0EF759B: set firstElectionSinceStartup to false for candidate:4c9bf6b8-dff1-4348-8d13-20f037915169
2025-04-23 04:26:53,870 [grpc-default-executor-1] INFO  server.RaftServer$Division (RaftServerImpl.java:requestVote(1407)) - baf21fd8-fe83-4245-9dfa-94651746f6f6@group-E359F0EF759B: receive requestVote(ELECTION, 4c9bf6b8-dff1-4348-8d13-20f037915169, group-E359F0EF759B, 1, (t:0, i:0))
2025-04-23 04:26:53,871 [grpc-default-executor-1] INFO  impl.VoteContext (VoteContext.java:log(49)) - baf21fd8-fe83-4245-9dfa-94651746f6f6@group-E359F0EF759B-FOLLOWER: accept ELECTION from 4c9bf6b8-dff1-4348-8d13-20f037915169: our priority 0 <= candidate's priority 1
2025-04-23 04:26:53,871 [grpc-default-executor-1] INFO  server.RaftServer$Division (RaftServerImpl.java:setRole(378)) - baf21fd8-fe83-4245-9dfa-94651746f6f6@group-E359F0EF759B: changes role from  FOLLOWER to FOLLOWER at term 0 for candidate:4c9bf6b8-dff1-4348-8d13-20f037915169
2025-04-23 04:26:53,871 [grpc-default-executor-1] INFO  impl.RoleInfo (RoleInfo.java:shutdownFollowerState(121)) - baf21fd8-fe83-4245-9dfa-94651746f6f6: shutdown baf21fd8-fe83-4245-9dfa-94651746f6f6@group-E359F0EF759B-FollowerState
2025-04-23 04:26:53,871 [grpc-default-executor-1] INFO  impl.RoleInfo (RoleInfo.java:updateAndGet(148)) - baf21fd8-fe83-4245-9dfa-94651746f6f6: start baf21fd8-fe83-4245-9dfa-94651746f6f6@group-E359F0EF759B-FollowerState
2025-04-23 04:26:53,872 [baf21fd8-fe83-4245-9dfa-94651746f6f6@group-E359F0EF759B-FollowerState] INFO  impl.FollowerState (FollowerState.java:runImpl(170)) - baf21fd8-fe83-4245-9dfa-94651746f6f6@group-E359F0EF759B-FollowerState was interrupted
2025-04-23 04:26:53,872 [baf21fd8-fe83-4245-9dfa-94651746f6f6@group-E359F0EF759B-FollowerState] INFO  server.RaftServerConfigKeys (ConfUtils.java:logGet(46)) - raft.server.rpc.first-election.timeout.min = 1000ms (custom)
2025-04-23 04:26:53,872 [baf21fd8-fe83-4245-9dfa-94651746f6f6@group-E359F0EF759B-FollowerState] INFO  server.RaftServerConfigKeys (ConfUtils.java:logGet(46)) - raft.server.rpc.first-election.timeout.max = 1200ms (custom)
2025-04-23 04:26:53,872 [grpc-default-executor-1] INFO  server.RaftServer$Division (RaftServerImpl.java:setFirstElection(562)) - baf21fd8-fe83-4245-9dfa-94651746f6f6@group-E359F0EF759B: set firstElectionSinceStartup to false for candidate:4c9bf6b8-dff1-4348-8d13-20f037915169
2025-04-23 04:26:53,873 [grpc-default-executor-4] INFO  server.RaftServer$Division (RaftServerImpl.java:requestVote(1441)) - 10d18a7b-3cc1-41d1-8b83-572ee97c87aa@group-E359F0EF759B replies to ELECTION vote request: 4c9bf6b8-dff1-4348-8d13-20f037915169<-10d18a7b-3cc1-41d1-8b83-572ee97c87aa#0:OK-t1. Peer's state: 10d18a7b-3cc1-41d1-8b83-572ee97c87aa@group-E359F0EF759B:t1, leader=null, voted=4c9bf6b8-dff1-4348-8d13-20f037915169, raftlog=Memoized:10d18a7b-3cc1-41d1-8b83-572ee97c87aa@group-E359F0EF759B-SegmentedRaftLog:OPENED:c-1:lastnull, conf=conf: {index: -1, cur=peers:[baf21fd8-fe83-4245-9dfa-94651746f6f6|127.0.0.1:15023, 4c9bf6b8-dff1-4348-8d13-20f037915169|127.0.0.1:15031, 10d18a7b-3cc1-41d1-8b83-572ee97c87aa|127.0.0.1:15039]|listeners:[], old=null}
2025-04-23 04:26:53,873 [grpc-default-executor-1] INFO  server.RaftServer$Division (RaftServerImpl.java:requestVote(1441)) - baf21fd8-fe83-4245-9dfa-94651746f6f6@group-E359F0EF759B replies to ELECTION vote request: 4c9bf6b8-dff1-4348-8d13-20f037915169<-baf21fd8-fe83-4245-9dfa-94651746f6f6#0:OK-t1. Peer's state: baf21fd8-fe83-4245-9dfa-94651746f6f6@group-E359F0EF759B:t1, leader=null, voted=4c9bf6b8-dff1-4348-8d13-20f037915169, raftlog=Memoized:baf21fd8-fe83-4245-9dfa-94651746f6f6@group-E359F0EF759B-SegmentedRaftLog:OPENED:c-1:lastnull, conf=conf: {index: -1, cur=peers:[baf21fd8-fe83-4245-9dfa-94651746f6f6|127.0.0.1:15023, 4c9bf6b8-dff1-4348-8d13-20f037915169|127.0.0.1:15031, 10d18a7b-3cc1-41d1-8b83-572ee97c87aa|127.0.0.1:15039]|listeners:[], old=null}
2025-04-23 04:26:53,875 [4c9bf6b8-dff1-4348-8d13-20f037915169@group-E359F0EF759B-LeaderElection6] INFO  impl.LeaderElection (LeaderElection.java:logAndReturn(90)) - 4c9bf6b8-dff1-4348-8d13-20f037915169@group-E359F0EF759B-LeaderElection6: ELECTION PASSED received 1 response(s) and 0 exception(s):
2025-04-23 04:26:53,875 [4c9bf6b8-dff1-4348-8d13-20f037915169@group-E359F0EF759B-LeaderElection6] INFO  impl.LeaderElection (LeaderElection.java:logAndReturn(94)) -   Response 0: 4c9bf6b8-dff1-4348-8d13-20f037915169<-baf21fd8-fe83-4245-9dfa-94651746f6f6#0:OK-t1
2025-04-23 04:26:53,875 [4c9bf6b8-dff1-4348-8d13-20f037915169@group-E359F0EF759B-LeaderElection6] INFO  impl.LeaderElection (LeaderElection.java:askForVotes(334)) - 4c9bf6b8-dff1-4348-8d13-20f037915169@group-E359F0EF759B-LeaderElection6 ELECTION round 0: result PASSED
2025-04-23 04:26:53,875 [4c9bf6b8-dff1-4348-8d13-20f037915169@group-E359F0EF759B-LeaderElection6] INFO  impl.RoleInfo (RoleInfo.java:shutdownLeaderElection(141)) - 4c9bf6b8-dff1-4348-8d13-20f037915169: shutdown 4c9bf6b8-dff1-4348-8d13-20f037915169@group-E359F0EF759B-LeaderElection6
2025-04-23 04:26:53,875 [4c9bf6b8-dff1-4348-8d13-20f037915169@group-E359F0EF759B-LeaderElection6] INFO  server.RaftServer$Division (RaftServerImpl.java:setRole(378)) - 4c9bf6b8-dff1-4348-8d13-20f037915169@group-E359F0EF759B: changes role from CANDIDATE to LEADER at term 1 for changeToLeader
2025-04-23 04:26:53,875 [4c9bf6b8-dff1-4348-8d13-20f037915169@group-E359F0EF759B-LeaderElection6] INFO  server.RaftServerConfigKeys (ConfUtils.java:logGet(46)) - raft.server.staging.catchup.gap = 1000 (default)
2025-04-23 04:26:53,875 [4c9bf6b8-dff1-4348-8d13-20f037915169@group-E359F0EF759B-LeaderElection6] INFO  server.RaftServerConfigKeys (ConfUtils.java:logGet(46)) - raft.server.write.element-limit = 1024 (custom)
2025-04-23 04:26:53,875 [4c9bf6b8-dff1-4348-8d13-20f037915169@group-E359F0EF759B-LeaderElection6] INFO  server.RaftServerConfigKeys (ConfUtils.java:logGet(46)) - raft.server.write.byte-limit = 1024 M (=1073741824) (custom)
2025-04-23 04:26:53,876 [4c9bf6b8-dff1-4348-8d13-20f037915169@group-E359F0EF759B-LeaderElection6] INFO  server.RaftServerConfigKeys (ConfUtils.java:logGet(46)) - raft.server.watch.timeout = 30s (custom)
2025-04-23 04:26:53,876 [4c9bf6b8-dff1-4348-8d13-20f037915169@group-E359F0EF759B-LeaderElection6] INFO  server.RaftServerConfigKeys (ConfUtils.java:logGet(46)) - raft.server.watch.timeout.denomination = 1s (default)
2025-04-23 04:26:53,876 [4c9bf6b8-dff1-4348-8d13-20f037915169@group-E359F0EF759B-LeaderElection6] INFO  server.RaftServerConfigKeys (ConfUtils.java:logGet(46)) - raft.server.watch.element-limit = 65536 (default)
2025-04-23 04:26:53,876 [4c9bf6b8-dff1-4348-8d13-20f037915169@group-E359F0EF759B-LeaderElection6] INFO  server.RaftServerConfigKeys (ConfUtils.java:logGet(46)) - raft.server.read.leader.lease.enabled = false (default)
2025-04-23 04:26:53,876 [4c9bf6b8-dff1-4348-8d13-20f037915169@group-E359F0EF759B-LeaderElection6] INFO  server.RaftServerConfigKeys (ConfUtils.java:logGet(46)) - raft.server.read.leader.lease.timeout.ratio = 0.9 (default)
2025-04-23 04:26:53,876 [4c9bf6b8-dff1-4348-8d13-20f037915169@group-E359F0EF759B-LeaderElection6] INFO  server.RaftServerConfigKeys (ConfUtils.java:logGet(46)) - raft.server.rpc.timeout.min = 5s (custom)
2025-04-23 04:26:53,877 [4c9bf6b8-dff1-4348-8d13-20f037915169@group-E359F0EF759B-LeaderElection6] INFO  server.RaftServerConfigKeys (ConfUtils.java:logGet(46)) - raft.server.log.log-metadata.enabled = true (default)
2025-04-23 04:26:53,877 [4c9bf6b8-dff1-4348-8d13-20f037915169@group-E359F0EF759B-LeaderElection6] INFO  server.RaftServerConfigKeys (ConfUtils.java:logGet(46)) - raft.server.write.element-limit = 1024 (custom)
2025-04-23 04:26:53,877 [4c9bf6b8-dff1-4348-8d13-20f037915169@group-E359F0EF759B-LeaderElection6] INFO  server.RaftServerConfigKeys (ConfUtils.java:logGet(46)) - raft.server.write.follower.gap.ratio.max = -1.0 (default)
2025-04-23 04:26:53,877 [4c9bf6b8-dff1-4348-8d13-20f037915169@group-E359F0EF759B-LeaderElection6] INFO  server.RaftServerConfigKeys (ConfUtils.java:logGet(46)) - raft.server.log.appender.snapshot.chunk.size.max = 16MB (=16777216) (default)
2025-04-23 04:26:53,877 [4c9bf6b8-dff1-4348-8d13-20f037915169@group-E359F0EF759B-LeaderElection6] INFO  server.RaftServerConfigKeys (ConfUtils.java:logGet(46)) - raft.server.log.appender.buffer.byte-limit = 33554432 (custom)
2025-04-23 04:26:53,877 [4c9bf6b8-dff1-4348-8d13-20f037915169@group-E359F0EF759B-LeaderElection6] INFO  server.RaftServerConfigKeys (ConfUtils.java:logGet(46)) - raft.server.log.appender.buffer.element-limit = 1024 (custom)
2025-04-23 04:26:53,878 [4c9bf6b8-dff1-4348-8d13-20f037915169@group-E359F0EF759B-LeaderElection6] INFO  server.RaftServerConfigKeys (ConfUtils.java:logGet(46)) - raft.server.log.appender.wait-time.min = 0μs (custom)
2025-04-23 04:26:53,878 [4c9bf6b8-dff1-4348-8d13-20f037915169@group-E359F0EF759B-LeaderElection6] INFO  grpc.GrpcConfigKeys (ConfUtils.java:logGet(46)) - raft.grpc.server.leader.outstanding.appends.max = 8 (default)
2025-04-23 04:26:53,878 [4c9bf6b8-dff1-4348-8d13-20f037915169@group-E359F0EF759B-LeaderElection6] INFO  server.RaftServerConfigKeys (ConfUtils.java:logGet(46)) - raft.server.rpc.request.timeout = 60s (custom)
2025-04-23 04:26:53,878 [4c9bf6b8-dff1-4348-8d13-20f037915169@group-E359F0EF759B-LeaderElection6] INFO  grpc.GrpcConfigKeys (ConfUtils.java:logGet(46)) - raft.grpc.server.install_snapshot.request.element-limit = 8 (default)
2025-04-23 04:26:53,878 [4c9bf6b8-dff1-4348-8d13-20f037915169@group-E359F0EF759B-LeaderElection6] INFO  grpc.GrpcConfigKeys (ConfUtils.java:logGet(46)) - raft.grpc.server.install_snapshot.request.timeout = 3000ms (default)
2025-04-23 04:26:53,878 [4c9bf6b8-dff1-4348-8d13-20f037915169@group-E359F0EF759B-LeaderElection6] INFO  grpc.GrpcConfigKeys (ConfUtils.java:logGet(46)) - raft.grpc.server.log-message.batch.duration = 5s (default)
2025-04-23 04:26:53,878 [4c9bf6b8-dff1-4348-8d13-20f037915169@group-E359F0EF759B-LeaderElection6] INFO  server.RaftServerConfigKeys (ConfUtils.java:logGet(46)) - raft.server.log.appender.install.snapshot.enabled = false (custom)
2025-04-23 04:26:53,878 [4c9bf6b8-dff1-4348-8d13-20f037915169@group-E359F0EF759B-LeaderElection6] INFO  grpc.GrpcConfigKeys (ConfUtils.java:logGet(46)) - raft.grpc.server.heartbeat.channel = true (default)
2025-04-23 04:26:53,879 [4c9bf6b8-dff1-4348-8d13-20f037915169@group-E359F0EF759B-LeaderElection6] INFO  server.RaftServerConfigKeys (ConfUtils.java:logGet(46)) - raft.server.log.appender.snapshot.chunk.size.max = 16MB (=16777216) (default)
2025-04-23 04:26:53,879 [4c9bf6b8-dff1-4348-8d13-20f037915169@group-E359F0EF759B-LeaderElection6] INFO  server.RaftServerConfigKeys (ConfUtils.java:logGet(46)) - raft.server.log.appender.buffer.byte-limit = 33554432 (custom)
2025-04-23 04:26:53,879 [4c9bf6b8-dff1-4348-8d13-20f037915169@group-E359F0EF759B-LeaderElection6] INFO  server.RaftServerConfigKeys (ConfUtils.java:logGet(46)) - raft.server.log.appender.buffer.element-limit = 1024 (custom)
2025-04-23 04:26:53,880 [4c9bf6b8-dff1-4348-8d13-20f037915169@group-E359F0EF759B-LeaderElection6] INFO  server.RaftServerConfigKeys (ConfUtils.java:logGet(46)) - raft.server.log.appender.wait-time.min = 0μs (custom)
2025-04-23 04:26:53,880 [4c9bf6b8-dff1-4348-8d13-20f037915169@group-E359F0EF759B-LeaderElection6] INFO  grpc.GrpcConfigKeys (ConfUtils.java:logGet(46)) - raft.grpc.server.leader.outstanding.appends.max = 8 (default)
2025-04-23 04:26:53,880 [4c9bf6b8-dff1-4348-8d13-20f037915169@group-E359F0EF759B-LeaderElection6] INFO  server.RaftServerConfigKeys (ConfUtils.java:logGet(46)) - raft.server.rpc.request.timeout = 60s (custom)
2025-04-23 04:26:53,880 [4c9bf6b8-dff1-4348-8d13-20f037915169@group-E359F0EF759B-LeaderElection6] INFO  grpc.GrpcConfigKeys (ConfUtils.java:logGet(46)) - raft.grpc.server.install_snapshot.request.element-limit = 8 (default)
2025-04-23 04:26:53,880 [4c9bf6b8-dff1-4348-8d13-20f037915169@group-E359F0EF759B-LeaderElection6] INFO  grpc.GrpcConfigKeys (ConfUtils.java:logGet(46)) - raft.grpc.server.install_snapshot.request.timeout = 3000ms (default)
2025-04-23 04:26:53,880 [4c9bf6b8-dff1-4348-8d13-20f037915169@group-E359F0EF759B-LeaderElection6] INFO  grpc.GrpcConfigKeys (ConfUtils.java:logGet(46)) - raft.grpc.server.log-message.batch.duration = 5s (default)
2025-04-23 04:26:53,880 [4c9bf6b8-dff1-4348-8d13-20f037915169@group-E359F0EF759B-LeaderElection6] INFO  server.RaftServerConfigKeys (ConfUtils.java:logGet(46)) - raft.server.log.appender.install.snapshot.enabled = false (custom)
2025-04-23 04:26:53,880 [4c9bf6b8-dff1-4348-8d13-20f037915169@group-E359F0EF759B-LeaderElection6] INFO  grpc.GrpcConfigKeys (ConfUtils.java:logGet(46)) - raft.grpc.server.heartbeat.channel = true (default)
2025-04-23 04:26:53,880 [4c9bf6b8-dff1-4348-8d13-20f037915169@group-E359F0EF759B-LeaderElection6] INFO  impl.RoleInfo (RoleInfo.java:updateAndGet(148)) - 4c9bf6b8-dff1-4348-8d13-20f037915169: start 4c9bf6b8-dff1-4348-8d13-20f037915169@group-E359F0EF759B-LeaderStateImpl
2025-04-23 04:26:53,880 [4c9bf6b8-dff1-4348-8d13-20f037915169@group-E359F0EF759B-LeaderElection6] INFO  server.RaftServer$Division (RaftServerImpl.java:setFirstElection(562)) - 4c9bf6b8-dff1-4348-8d13-20f037915169@group-E359F0EF759B: set firstElectionSinceStartup to false for becomeLeader
2025-04-23 04:26:53,881 [4c9bf6b8-dff1-4348-8d13-20f037915169@group-E359F0EF759B-LeaderElection6] INFO  ratis.XceiverServerRatis (XceiverServerRatis.java:handleLeaderChangedNotification(942)) - Leader change notification received for group: group-E359F0EF759B with new leaderId: 4c9bf6b8-dff1-4348-8d13-20f037915169
2025-04-23 04:26:53,881 [4c9bf6b8-dff1-4348-8d13-20f037915169@group-E359F0EF759B-LeaderElection6] INFO  server.RaftServer$Division (ServerState.java:setLeader(272)) - 4c9bf6b8-dff1-4348-8d13-20f037915169@group-E359F0EF759B: change Leader from null to 4c9bf6b8-dff1-4348-8d13-20f037915169 at term 1 for becomeLeader, leader elected after 1065ms
2025-04-23 04:26:53,881 [4c9bf6b8-dff1-4348-8d13-20f037915169@group-E359F0EF759B-LeaderElection6] INFO  segmented.SegmentedRaftLogWorker (SegmentedRaftLogWorker.java:startLogSegment(438)) - 4c9bf6b8-dff1-4348-8d13-20f037915169@group-E359F0EF759B-SegmentedRaftLogWorker: Starting segment from index:0
2025-04-23 04:26:53,882 [4c9bf6b8-dff1-4348-8d13-20f037915169@group-E359F0EF759B-LeaderElection6] INFO  server.RaftServer$Division (ServerState.java:setRaftConf(386)) - 4c9bf6b8-dff1-4348-8d13-20f037915169@group-E359F0EF759B: set configuration conf: {index: 0, cur=peers:[baf21fd8-fe83-4245-9dfa-94651746f6f6|127.0.0.1:15023, 4c9bf6b8-dff1-4348-8d13-20f037915169|127.0.0.1:15031, 10d18a7b-3cc1-41d1-8b83-572ee97c87aa|127.0.0.1:15039]|listeners:[], old=null}
2025-04-23 04:26:53,882 [4c9bf6b8-dff1-4348-8d13-20f037915169@group-E359F0EF759B-SegmentedRaftLogWorker] INFO  segmented.BufferedWriteChannel (BufferedWriteChannel.java:open(61)) - open log_inprogress_0 at position 0
2025-04-23 04:26:53,890 [EventQueue-PipelineReportForPipelineReportHandler] INFO  pipeline.PipelineReportHandler (PipelineReportHandler.java:processPipelineReport(134)) - Opened pipeline PipelineID=243dee80-d9db-4c08-9b44-e359f0ef759b
2025-04-23 04:26:53,892 [baf21fd8-fe83-4245-9dfa-94651746f6f6-server-thread1] INFO  ratis.XceiverServerRatis (XceiverServerRatis.java:handleLeaderChangedNotification(942)) - Leader change notification received for group: group-E359F0EF759B with new leaderId: 4c9bf6b8-dff1-4348-8d13-20f037915169
2025-04-23 04:26:53,892 [baf21fd8-fe83-4245-9dfa-94651746f6f6-server-thread1] INFO  server.RaftServer$Division (ServerState.java:setLeader(272)) - baf21fd8-fe83-4245-9dfa-94651746f6f6@group-E359F0EF759B: change Leader from null to 4c9bf6b8-dff1-4348-8d13-20f037915169 at term 1 for appendEntries, leader elected after 1037ms
2025-04-23 04:26:53,893 [4c9bf6b8-dff1-4348-8d13-20f037915169@group-E359F0EF759B-SegmentedRaftLogWorker] INFO  segmented.SegmentedRaftLogWorker (SegmentedRaftLogWorker.java:execute(644)) - 4c9bf6b8-dff1-4348-8d13-20f037915169@group-E359F0EF759B-SegmentedRaftLogWorker: created new log segment /home/runner/work/ozone/ozone/hadoop-ozone/integration-test/target/test-dir/MiniOzoneClusterImpl-ff59c164-3798-4a7f-a16d-eeed9ffb3244/ozone-meta/datanode-2/ratis/243dee80-d9db-4c08-9b44-e359f0ef759b/current/log_inprogress_0
2025-04-23 04:26:53,894 [baf21fd8-fe83-4245-9dfa-94651746f6f6-server-thread1] INFO  server.RaftServer$Division (ServerState.java:setRaftConf(386)) - baf21fd8-fe83-4245-9dfa-94651746f6f6@group-E359F0EF759B: set configuration conf: {index: 0, cur=peers:[baf21fd8-fe83-4245-9dfa-94651746f6f6|127.0.0.1:15023, 4c9bf6b8-dff1-4348-8d13-20f037915169|127.0.0.1:15031, 10d18a7b-3cc1-41d1-8b83-572ee97c87aa|127.0.0.1:15039]|listeners:[], old=null}
2025-04-23 04:26:53,895 [baf21fd8-fe83-4245-9dfa-94651746f6f6-server-thread1] INFO  segmented.SegmentedRaftLogWorker (SegmentedRaftLogWorker.java:startLogSegment(438)) - baf21fd8-fe83-4245-9dfa-94651746f6f6@group-E359F0EF759B-SegmentedRaftLogWorker: Starting segment from index:0
2025-04-23 04:26:53,896 [10d18a7b-3cc1-41d1-8b83-572ee97c87aa-server-thread1] INFO  ratis.XceiverServerRatis (XceiverServerRatis.java:handleLeaderChangedNotification(942)) - Leader change notification received for group: group-E359F0EF759B with new leaderId: 4c9bf6b8-dff1-4348-8d13-20f037915169
2025-04-23 04:26:53,896 [baf21fd8-fe83-4245-9dfa-94651746f6f6@group-E359F0EF759B-SegmentedRaftLogWorker] INFO  segmented.BufferedWriteChannel (BufferedWriteChannel.java:open(61)) - open log_inprogress_0 at position 0
2025-04-23 04:26:53,896 [10d18a7b-3cc1-41d1-8b83-572ee97c87aa-server-thread1] INFO  server.RaftServer$Division (ServerState.java:setLeader(272)) - 10d18a7b-3cc1-41d1-8b83-572ee97c87aa@group-E359F0EF759B: change Leader from null to 4c9bf6b8-dff1-4348-8d13-20f037915169 at term 1 for appendEntries, leader elected after 1115ms
2025-04-23 04:26:53,897 [10d18a7b-3cc1-41d1-8b83-572ee97c87aa-server-thread2] INFO  server.RaftServer$Division (ServerState.java:setRaftConf(386)) - 10d18a7b-3cc1-41d1-8b83-572ee97c87aa@group-E359F0EF759B: set configuration conf: {index: 0, cur=peers:[baf21fd8-fe83-4245-9dfa-94651746f6f6|127.0.0.1:15023, 4c9bf6b8-dff1-4348-8d13-20f037915169|127.0.0.1:15031, 10d18a7b-3cc1-41d1-8b83-572ee97c87aa|127.0.0.1:15039]|listeners:[], old=null}
2025-04-23 04:26:53,897 [10d18a7b-3cc1-41d1-8b83-572ee97c87aa-server-thread2] INFO  segmented.SegmentedRaftLogWorker (SegmentedRaftLogWorker.java:startLogSegment(438)) - 10d18a7b-3cc1-41d1-8b83-572ee97c87aa@group-E359F0EF759B-SegmentedRaftLogWorker: Starting segment from index:0
2025-04-23 04:26:53,898 [10d18a7b-3cc1-41d1-8b83-572ee97c87aa@group-E359F0EF759B-SegmentedRaftLogWorker] INFO  segmented.BufferedWriteChannel (BufferedWriteChannel.java:open(61)) - open log_inprogress_0 at position 0
2025-04-23 04:26:53,911 [baf21fd8-fe83-4245-9dfa-94651746f6f6@group-E359F0EF759B-SegmentedRaftLogWorker] INFO  segmented.SegmentedRaftLogWorker (SegmentedRaftLogWorker.java:execute(644)) - baf21fd8-fe83-4245-9dfa-94651746f6f6@group-E359F0EF759B-SegmentedRaftLogWorker: created new log segment /home/runner/work/ozone/ozone/hadoop-ozone/integration-test/target/test-dir/MiniOzoneClusterImpl-ff59c164-3798-4a7f-a16d-eeed9ffb3244/ozone-meta/datanode-1/ratis/243dee80-d9db-4c08-9b44-e359f0ef759b/current/log_inprogress_0
2025-04-23 04:26:53,912 [10d18a7b-3cc1-41d1-8b83-572ee97c87aa@group-E359F0EF759B-SegmentedRaftLogWorker] INFO  segmented.SegmentedRaftLogWorker (SegmentedRaftLogWorker.java:execute(644)) - 10d18a7b-3cc1-41d1-8b83-572ee97c87aa@group-E359F0EF759B-SegmentedRaftLogWorker: created new log segment /home/runner/work/ozone/ozone/hadoop-ozone/integration-test/target/test-dir/MiniOzoneClusterImpl-ff59c164-3798-4a7f-a16d-eeed9ffb3244/ozone-meta/datanode-3/ratis/243dee80-d9db-4c08-9b44-e359f0ef759b/current/log_inprogress_0
2025-04-23 04:26:53,915 [4c9bf6b8-dff1-4348-8d13-20f037915169@group-E359F0EF759B-StateMachineUpdater] INFO  server.RaftServer$Division (LeaderStateImpl.java:checkStartIndex(313)) - Leader 4c9bf6b8-dff1-4348-8d13-20f037915169@group-E359F0EF759B-LeaderStateImpl is ready since appliedIndex == startIndex == 0
2025-04-23 04:26:54,022 [main] INFO  ozone.MiniOzoneClusterImpl (MiniOzoneClusterImpl.java:lambda$waitForClusterToBeReady$0(190)) - Nodes are ready. Got 3 of 3 DN Heartbeats.
2025-04-23 04:26:54,022 [main] INFO  ozone.MiniOzoneClusterImpl (MiniOzoneClusterImpl.java:lambda$waitForClusterToBeReady$0(193)) - Cluster exits safe mode
2025-04-23 04:26:54,022 [main] INFO  ozone.MiniOzoneClusterImpl (MiniOzoneClusterImpl.java:lambda$waitForClusterToBeReady$0(195)) - SCM became leader
2025-04-23 04:26:54,082 [baf21fd8-fe83-4245-9dfa-94651746f6f6@group-30AD776CE79A-FollowerState] INFO  impl.FollowerState (FollowerState.java:runImpl(161)) - baf21fd8-fe83-4245-9dfa-94651746f6f6@group-30AD776CE79A-FollowerState: change to CANDIDATE, lastRpcElapsedTime:1008141741ns, electionTimeout:1006ms
2025-04-23 04:26:54,082 [baf21fd8-fe83-4245-9dfa-94651746f6f6@group-30AD776CE79A-FollowerState] INFO  impl.RoleInfo (RoleInfo.java:shutdownFollowerState(121)) - baf21fd8-fe83-4245-9dfa-94651746f6f6: shutdown baf21fd8-fe83-4245-9dfa-94651746f6f6@group-30AD776CE79A-FollowerState
2025-04-23 04:26:54,082 [baf21fd8-fe83-4245-9dfa-94651746f6f6@group-30AD776CE79A-FollowerState] INFO  server.RaftServer$Division (RaftServerImpl.java:setRole(378)) - baf21fd8-fe83-4245-9dfa-94651746f6f6@group-30AD776CE79A: changes role from  FOLLOWER to CANDIDATE at term 0 for changeToCandidate
2025-04-23 04:26:54,083 [baf21fd8-fe83-4245-9dfa-94651746f6f6@group-30AD776CE79A-FollowerState] INFO  server.RaftServerConfigKeys (ConfUtils.java:logGet(46)) - raft.server.leaderelection.pre-vote = true (default)
2025-04-23 04:26:54,083 [baf21fd8-fe83-4245-9dfa-94651746f6f6@group-30AD776CE79A-FollowerState] INFO  impl.RoleInfo (RoleInfo.java:updateAndGet(148)) - baf21fd8-fe83-4245-9dfa-94651746f6f6: start baf21fd8-fe83-4245-9dfa-94651746f6f6@group-30AD776CE79A-LeaderElection7
2025-04-23 04:26:54,084 [baf21fd8-fe83-4245-9dfa-94651746f6f6@group-30AD776CE79A-LeaderElection7] INFO  impl.LeaderElection (LeaderElection.java:askForVotes(332)) - baf21fd8-fe83-4245-9dfa-94651746f6f6@group-30AD776CE79A-LeaderElection7 PRE_VOTE round 0: submit vote requests at term 0 for conf: {index: -1, cur=peers:[baf21fd8-fe83-4245-9dfa-94651746f6f6|127.0.0.1:15023]|listeners:[], old=null}
2025-04-23 04:26:54,084 [baf21fd8-fe83-4245-9dfa-94651746f6f6@group-30AD776CE79A-LeaderElection7] INFO  impl.LeaderElection (LeaderElection.java:askForVotes(334)) - baf21fd8-fe83-4245-9dfa-94651746f6f6@group-30AD776CE79A-LeaderElection7 PRE_VOTE round 0: result PASSED (term=0)
2025-04-23 04:26:54,087 [baf21fd8-fe83-4245-9dfa-94651746f6f6@group-30AD776CE79A-LeaderElection7] INFO  impl.LeaderElection (LeaderElection.java:askForVotes(332)) - baf21fd8-fe83-4245-9dfa-94651746f6f6@group-30AD776CE79A-LeaderElection7 ELECTION round 0: submit vote requests at term 1 for conf: {index: -1, cur=peers:[baf21fd8-fe83-4245-9dfa-94651746f6f6|127.0.0.1:15023]|listeners:[], old=null}
2025-04-23 04:26:54,087 [baf21fd8-fe83-4245-9dfa-94651746f6f6@group-30AD776CE79A-LeaderElection7] INFO  impl.LeaderElection (LeaderElection.java:askForVotes(334)) - baf21fd8-fe83-4245-9dfa-94651746f6f6@group-30AD776CE79A-LeaderElection7 ELECTION round 0: result PASSED (term=1)
2025-04-23 04:26:54,087 [baf21fd8-fe83-4245-9dfa-94651746f6f6@group-30AD776CE79A-LeaderElection7] INFO  impl.RoleInfo (RoleInfo.java:shutdownLeaderElection(141)) - baf21fd8-fe83-4245-9dfa-94651746f6f6: shutdown baf21fd8-fe83-4245-9dfa-94651746f6f6@group-30AD776CE79A-LeaderElection7
2025-04-23 04:26:54,087 [baf21fd8-fe83-4245-9dfa-94651746f6f6@group-30AD776CE79A-LeaderElection7] INFO  server.RaftServer$Division (RaftServerImpl.java:setRole(378)) - baf21fd8-fe83-4245-9dfa-94651746f6f6@group-30AD776CE79A: changes role from CANDIDATE to LEADER at term 1 for changeToLeader
2025-04-23 04:26:54,087 [baf21fd8-fe83-4245-9dfa-94651746f6f6@group-30AD776CE79A-LeaderElection7] INFO  server.RaftServerConfigKeys (ConfUtils.java:logGet(46)) - raft.server.staging.catchup.gap = 1000 (default)
2025-04-23 04:26:54,087 [baf21fd8-fe83-4245-9dfa-94651746f6f6@group-30AD776CE79A-LeaderElection7] INFO  server.RaftServerConfigKeys (ConfUtils.java:logGet(46)) - raft.server.write.element-limit = 1024 (custom)
2025-04-23 04:26:54,088 [baf21fd8-fe83-4245-9dfa-94651746f6f6@group-30AD776CE79A-LeaderElection7] INFO  server.RaftServerConfigKeys (ConfUtils.java:logGet(46)) - raft.server.write.byte-limit = 1024 M (=1073741824) (custom)
2025-04-23 04:26:54,088 [baf21fd8-fe83-4245-9dfa-94651746f6f6@group-30AD776CE79A-LeaderElection7] INFO  server.RaftServerConfigKeys (ConfUtils.java:logGet(46)) - raft.server.watch.timeout = 30s (custom)
2025-04-23 04:26:54,088 [baf21fd8-fe83-4245-9dfa-94651746f6f6@group-30AD776CE79A-LeaderElection7] INFO  server.RaftServerConfigKeys (ConfUtils.java:logGet(46)) - raft.server.watch.timeout.denomination = 1s (default)
2025-04-23 04:26:54,088 [baf21fd8-fe83-4245-9dfa-94651746f6f6@group-30AD776CE79A-LeaderElection7] INFO  server.RaftServerConfigKeys (ConfUtils.java:logGet(46)) - raft.server.watch.element-limit = 65536 (default)
2025-04-23 04:26:54,089 [baf21fd8-fe83-4245-9dfa-94651746f6f6@group-30AD776CE79A-LeaderElection7] INFO  server.RaftServerConfigKeys (ConfUtils.java:logGet(46)) - raft.server.read.leader.lease.enabled = false (default)
2025-04-23 04:26:54,089 [baf21fd8-fe83-4245-9dfa-94651746f6f6@group-30AD776CE79A-LeaderElection7] INFO  server.RaftServerConfigKeys (ConfUtils.java:logGet(46)) - raft.server.read.leader.lease.timeout.ratio = 0.9 (default)
2025-04-23 04:26:54,089 [baf21fd8-fe83-4245-9dfa-94651746f6f6@group-30AD776CE79A-LeaderElection7] INFO  server.RaftServerConfigKeys (ConfUtils.java:logGet(46)) - raft.server.rpc.timeout.min = 5s (custom)
2025-04-23 04:26:54,089 [baf21fd8-fe83-4245-9dfa-94651746f6f6@group-30AD776CE79A-LeaderElection7] INFO  server.RaftServerConfigKeys (ConfUtils.java:logGet(46)) - raft.server.log.log-metadata.enabled = true (default)
2025-04-23 04:26:54,089 [baf21fd8-fe83-4245-9dfa-94651746f6f6@group-30AD776CE79A-LeaderElection7] INFO  server.RaftServerConfigKeys (ConfUtils.java:logGet(46)) - raft.server.write.element-limit = 1024 (custom)
2025-04-23 04:26:54,089 [baf21fd8-fe83-4245-9dfa-94651746f6f6@group-30AD776CE79A-LeaderElection7] INFO  server.RaftServerConfigKeys (ConfUtils.java:logGet(46)) - raft.server.write.follower.gap.ratio.max = -1.0 (default)
2025-04-23 04:26:54,089 [baf21fd8-fe83-4245-9dfa-94651746f6f6@group-30AD776CE79A-LeaderElection7] INFO  impl.RoleInfo (RoleInfo.java:updateAndGet(148)) - baf21fd8-fe83-4245-9dfa-94651746f6f6: start baf21fd8-fe83-4245-9dfa-94651746f6f6@group-30AD776CE79A-LeaderStateImpl
2025-04-23 04:26:54,089 [baf21fd8-fe83-4245-9dfa-94651746f6f6@group-30AD776CE79A-LeaderElection7] INFO  server.RaftServer$Division (RaftServerImpl.java:setFirstElection(562)) - baf21fd8-fe83-4245-9dfa-94651746f6f6@group-30AD776CE79A: set firstElectionSinceStartup to false for becomeLeader
2025-04-23 04:26:54,089 [baf21fd8-fe83-4245-9dfa-94651746f6f6@group-30AD776CE79A-LeaderElection7] INFO  ratis.XceiverServerRatis (XceiverServerRatis.java:handleLeaderChangedNotification(942)) - Leader change notification received for group: group-30AD776CE79A with new leaderId: baf21fd8-fe83-4245-9dfa-94651746f6f6
2025-04-23 04:26:54,090 [baf21fd8-fe83-4245-9dfa-94651746f6f6@group-30AD776CE79A-LeaderElection7] INFO  server.RaftServer$Division (ServerState.java:setLeader(272)) - baf21fd8-fe83-4245-9dfa-94651746f6f6@group-30AD776CE79A: change Leader from null to baf21fd8-fe83-4245-9dfa-94651746f6f6 at term 1 for becomeLeader, leader elected after 1035ms
2025-04-23 04:26:54,091 [baf21fd8-fe83-4245-9dfa-94651746f6f6@group-30AD776CE79A-LeaderElection7] INFO  segmented.SegmentedRaftLogWorker (SegmentedRaftLogWorker.java:startLogSegment(438)) - baf21fd8-fe83-4245-9dfa-94651746f6f6@group-30AD776CE79A-SegmentedRaftLogWorker: Starting segment from index:0
2025-04-23 04:26:54,091 [baf21fd8-fe83-4245-9dfa-94651746f6f6@group-30AD776CE79A-LeaderElection7] INFO  server.RaftServer$Division (ServerState.java:setRaftConf(386)) - baf21fd8-fe83-4245-9dfa-94651746f6f6@group-30AD776CE79A: set configuration conf: {index: 0, cur=peers:[baf21fd8-fe83-4245-9dfa-94651746f6f6|127.0.0.1:15023]|listeners:[], old=null}
2025-04-23 04:26:54,092 [baf21fd8-fe83-4245-9dfa-94651746f6f6@group-30AD776CE79A-SegmentedRaftLogWorker] INFO  segmented.BufferedWriteChannel (BufferedWriteChannel.java:open(61)) - open log_inprogress_0 at position 0
2025-04-23 04:26:54,104 [baf21fd8-fe83-4245-9dfa-94651746f6f6@group-30AD776CE79A-SegmentedRaftLogWorker] INFO  segmented.SegmentedRaftLogWorker (SegmentedRaftLogWorker.java:execute(644)) - baf21fd8-fe83-4245-9dfa-94651746f6f6@group-30AD776CE79A-SegmentedRaftLogWorker: created new log segment /home/runner/work/ozone/ozone/hadoop-ozone/integration-test/target/test-dir/MiniOzoneClusterImpl-ff59c164-3798-4a7f-a16d-eeed9ffb3244/ozone-meta/datanode-1/ratis/e0e309c8-9a5a-4e4c-ab30-30ad776ce79a/current/log_inprogress_0
2025-04-23 04:26:54,106 [baf21fd8-fe83-4245-9dfa-94651746f6f6@group-30AD776CE79A-StateMachineUpdater] INFO  server.RaftServer$Division (LeaderStateImpl.java:checkStartIndex(313)) - Leader baf21fd8-fe83-4245-9dfa-94651746f6f6@group-30AD776CE79A-LeaderStateImpl is ready since appliedIndex == startIndex == 0
2025-04-23 04:26:54,390 [4c9bf6b8-dff1-4348-8d13-20f037915169@group-A1D636EADC31-FollowerState] INFO  impl.FollowerState (FollowerState.java:runImpl(161)) - 4c9bf6b8-dff1-4348-8d13-20f037915169@group-A1D636EADC31-FollowerState: change to CANDIDATE, lastRpcElapsedTime:1057678743ns, electionTimeout:1057ms
2025-04-23 04:26:54,390 [4c9bf6b8-dff1-4348-8d13-20f037915169@group-A1D636EADC31-FollowerState] INFO  impl.RoleInfo (RoleInfo.java:shutdownFollowerState(121)) - 4c9bf6b8-dff1-4348-8d13-20f037915169: shutdown 4c9bf6b8-dff1-4348-8d13-20f037915169@group-A1D636EADC31-FollowerState
2025-04-23 04:26:54,390 [4c9bf6b8-dff1-4348-8d13-20f037915169@group-A1D636EADC31-FollowerState] INFO  server.RaftServer$Division (RaftServerImpl.java:setRole(378)) - 4c9bf6b8-dff1-4348-8d13-20f037915169@group-A1D636EADC31: changes role from  FOLLOWER to CANDIDATE at term 0 for changeToCandidate
2025-04-23 04:26:54,390 [4c9bf6b8-dff1-4348-8d13-20f037915169@group-A1D636EADC31-FollowerState] INFO  server.RaftServerConfigKeys (ConfUtils.java:logGet(46)) - raft.server.leaderelection.pre-vote = true (default)
2025-04-23 04:26:54,390 [4c9bf6b8-dff1-4348-8d13-20f037915169@group-A1D636EADC31-FollowerState] INFO  impl.RoleInfo (RoleInfo.java:updateAndGet(148)) - 4c9bf6b8-dff1-4348-8d13-20f037915169: start 4c9bf6b8-dff1-4348-8d13-20f037915169@group-A1D636EADC31-LeaderElection8
2025-04-23 04:26:54,391 [4c9bf6b8-dff1-4348-8d13-20f037915169@group-A1D636EADC31-LeaderElection8] INFO  impl.LeaderElection (LeaderElection.java:askForVotes(332)) - 4c9bf6b8-dff1-4348-8d13-20f037915169@group-A1D636EADC31-LeaderElection8 PRE_VOTE round 0: submit vote requests at term 0 for conf: {index: -1, cur=peers:[4c9bf6b8-dff1-4348-8d13-20f037915169|127.0.0.1:15031]|listeners:[], old=null}
2025-04-23 04:26:54,391 [4c9bf6b8-dff1-4348-8d13-20f037915169@group-A1D636EADC31-LeaderElection8] INFO  impl.LeaderElection (LeaderElection.java:askForVotes(334)) - 4c9bf6b8-dff1-4348-8d13-20f037915169@group-A1D636EADC31-LeaderElection8 PRE_VOTE round 0: result PASSED (term=0)
2025-04-23 04:26:54,393 [4c9bf6b8-dff1-4348-8d13-20f037915169@group-A1D636EADC31-LeaderElection8] INFO  impl.LeaderElection (LeaderElection.java:askForVotes(332)) - 4c9bf6b8-dff1-4348-8d13-20f037915169@group-A1D636EADC31-LeaderElection8 ELECTION round 0: submit vote requests at term 1 for conf: {index: -1, cur=peers:[4c9bf6b8-dff1-4348-8d13-20f037915169|127.0.0.1:15031]|listeners:[], old=null}
2025-04-23 04:26:54,393 [4c9bf6b8-dff1-4348-8d13-20f037915169@group-A1D636EADC31-LeaderElection8] INFO  impl.LeaderElection (LeaderElection.java:askForVotes(334)) - 4c9bf6b8-dff1-4348-8d13-20f037915169@group-A1D636EADC31-LeaderElection8 ELECTION round 0: result PASSED (term=1)
2025-04-23 04:26:54,393 [4c9bf6b8-dff1-4348-8d13-20f037915169@group-A1D636EADC31-LeaderElection8] INFO  impl.RoleInfo (RoleInfo.java:shutdownLeaderElection(141)) - 4c9bf6b8-dff1-4348-8d13-20f037915169: shutdown 4c9bf6b8-dff1-4348-8d13-20f037915169@group-A1D636EADC31-LeaderElection8
2025-04-23 04:26:54,393 [4c9bf6b8-dff1-4348-8d13-20f037915169@group-A1D636EADC31-LeaderElection8] INFO  server.RaftServer$Division (RaftServerImpl.java:setRole(378)) - 4c9bf6b8-dff1-4348-8d13-20f037915169@group-A1D636EADC31: changes role from CANDIDATE to LEADER at term 1 for changeToLeader
2025-04-23 04:26:54,393 [4c9bf6b8-dff1-4348-8d13-20f037915169@group-A1D636EADC31-LeaderElection8] INFO  server.RaftServerConfigKeys (ConfUtils.java:logGet(46)) - raft.server.staging.catchup.gap = 1000 (default)
2025-04-23 04:26:54,393 [4c9bf6b8-dff1-4348-8d13-20f037915169@group-A1D636EADC31-LeaderElection8] INFO  server.RaftServerConfigKeys (ConfUtils.java:logGet(46)) - raft.server.write.element-limit = 1024 (custom)
2025-04-23 04:26:54,393 [4c9bf6b8-dff1-4348-8d13-20f037915169@group-A1D636EADC31-LeaderElection8] INFO  server.RaftServerConfigKeys (ConfUtils.java:logGet(46)) - raft.server.write.byte-limit = 1024 M (=1073741824) (custom)
2025-04-23 04:26:54,394 [4c9bf6b8-dff1-4348-8d13-20f037915169@group-A1D636EADC31-LeaderElection8] INFO  server.RaftServerConfigKeys (ConfUtils.java:logGet(46)) - raft.server.watch.timeout = 30s (custom)
2025-04-23 04:26:54,394 [4c9bf6b8-dff1-4348-8d13-20f037915169@group-A1D636EADC31-LeaderElection8] INFO  server.RaftServerConfigKeys (ConfUtils.java:logGet(46)) - raft.server.watch.timeout.denomination = 1s (default)
2025-04-23 04:26:54,394 [4c9bf6b8-dff1-4348-8d13-20f037915169@group-A1D636EADC31-LeaderElection8] INFO  server.RaftServerConfigKeys (ConfUtils.java:logGet(46)) - raft.server.watch.element-limit = 65536 (default)
2025-04-23 04:26:54,394 [4c9bf6b8-dff1-4348-8d13-20f037915169@group-A1D636EADC31-LeaderElection8] INFO  server.RaftServerConfigKeys (ConfUtils.java:logGet(46)) - raft.server.read.leader.lease.enabled = false (default)
2025-04-23 04:26:54,394 [4c9bf6b8-dff1-4348-8d13-20f037915169@group-A1D636EADC31-LeaderElection8] INFO  server.RaftServerConfigKeys (ConfUtils.java:logGet(46)) - raft.server.read.leader.lease.timeout.ratio = 0.9 (default)
2025-04-23 04:26:54,395 [4c9bf6b8-dff1-4348-8d13-20f037915169@group-A1D636EADC31-LeaderElection8] INFO  server.RaftServerConfigKeys (ConfUtils.java:logGet(46)) - raft.server.rpc.timeout.min = 5s (custom)
2025-04-23 04:26:54,395 [4c9bf6b8-dff1-4348-8d13-20f037915169@group-A1D636EADC31-LeaderElection8] INFO  server.RaftServerConfigKeys (ConfUtils.java:logGet(46)) - raft.server.log.log-metadata.enabled = true (default)
2025-04-23 04:26:54,395 [4c9bf6b8-dff1-4348-8d13-20f037915169@group-A1D636EADC31-LeaderElection8] INFO  server.RaftServerConfigKeys (ConfUtils.java:logGet(46)) - raft.server.write.element-limit = 1024 (custom)
2025-04-23 04:26:54,395 [4c9bf6b8-dff1-4348-8d13-20f037915169@group-A1D636EADC31-LeaderElection8] INFO  server.RaftServerConfigKeys (ConfUtils.java:logGet(46)) - raft.server.write.follower.gap.ratio.max = -1.0 (default)
2025-04-23 04:26:54,395 [4c9bf6b8-dff1-4348-8d13-20f037915169@group-A1D636EADC31-LeaderElection8] INFO  impl.RoleInfo (RoleInfo.java:updateAndGet(148)) - 4c9bf6b8-dff1-4348-8d13-20f037915169: start 4c9bf6b8-dff1-4348-8d13-20f037915169@group-A1D636EADC31-LeaderStateImpl
2025-04-23 04:26:54,395 [4c9bf6b8-dff1-4348-8d13-20f037915169@group-A1D636EADC31-LeaderElection8] INFO  server.RaftServer$Division (RaftServerImpl.java:setFirstElection(562)) - 4c9bf6b8-dff1-4348-8d13-20f037915169@group-A1D636EADC31: set firstElectionSinceStartup to false for becomeLeader
2025-04-23 04:26:54,395 [4c9bf6b8-dff1-4348-8d13-20f037915169@group-A1D636EADC31-LeaderElection8] INFO  ratis.XceiverServerRatis (XceiverServerRatis.java:handleLeaderChangedNotification(942)) - Leader change notification received for group: group-A1D636EADC31 with new leaderId: 4c9bf6b8-dff1-4348-8d13-20f037915169
2025-04-23 04:26:54,396 [4c9bf6b8-dff1-4348-8d13-20f037915169@group-A1D636EADC31-LeaderElection8] INFO  server.RaftServer$Division (ServerState.java:setLeader(272)) - 4c9bf6b8-dff1-4348-8d13-20f037915169@group-A1D636EADC31: change Leader from null to 4c9bf6b8-dff1-4348-8d13-20f037915169 at term 1 for becomeLeader, leader elected after 1080ms
2025-04-23 04:26:54,396 [4c9bf6b8-dff1-4348-8d13-20f037915169@group-A1D636EADC31-LeaderElection8] INFO  segmented.SegmentedRaftLogWorker (SegmentedRaftLogWorker.java:startLogSegment(438)) - 4c9bf6b8-dff1-4348-8d13-20f037915169@group-A1D636EADC31-SegmentedRaftLogWorker: Starting segment from index:0
2025-04-23 04:26:54,397 [4c9bf6b8-dff1-4348-8d13-20f037915169@group-A1D636EADC31-LeaderElection8] INFO  server.RaftServer$Division (ServerState.java:setRaftConf(386)) - 4c9bf6b8-dff1-4348-8d13-20f037915169@group-A1D636EADC31: set configuration conf: {index: 0, cur=peers:[4c9bf6b8-dff1-4348-8d13-20f037915169|127.0.0.1:15031]|listeners:[], old=null}
2025-04-23 04:26:54,397 [4c9bf6b8-dff1-4348-8d13-20f037915169@group-A1D636EADC31-SegmentedRaftLogWorker] INFO  segmented.BufferedWriteChannel (BufferedWriteChannel.java:open(61)) - open log_inprogress_0 at position 0
2025-04-23 04:26:54,406 [main] INFO  rpc.RpcClient (RpcClient.java:createVolume(462)) - Creating Volume: volume859b9066-a0f8-40f8-a0e6-8a6ec729bd1d, with user48713 as owner and space quota set to -1 bytes, counts quota set to -1
2025-04-23 04:26:54,407 [4c9bf6b8-dff1-4348-8d13-20f037915169@group-A1D636EADC31-SegmentedRaftLogWorker] INFO  segmented.SegmentedRaftLogWorker (SegmentedRaftLogWorker.java:execute(644)) - 4c9bf6b8-dff1-4348-8d13-20f037915169@group-A1D636EADC31-SegmentedRaftLogWorker: created new log segment /home/runner/work/ozone/ozone/hadoop-ozone/integration-test/target/test-dir/MiniOzoneClusterImpl-ff59c164-3798-4a7f-a16d-eeed9ffb3244/ozone-meta/datanode-2/ratis/367d929d-ae1d-43a8-b6d6-a1d636eadc31/current/log_inprogress_0
2025-04-23 04:26:54,409 [4c9bf6b8-dff1-4348-8d13-20f037915169@group-A1D636EADC31-StateMachineUpdater] INFO  server.RaftServer$Division (LeaderStateImpl.java:checkStartIndex(313)) - Leader 4c9bf6b8-dff1-4348-8d13-20f037915169@group-A1D636EADC31-LeaderStateImpl is ready since appliedIndex == startIndex == 0
2025-04-23 04:26:54,439 [omNode-2-OMStateMachineApplyTransactionThread - 0] WARN  helpers.OzoneAclUtil (OzoneAclUtil.java:getDefaultAclList(77)) - Failed to get primary group from user user48713 (auth:SIMPLE)
2025-04-23 04:26:54,439 [omNode-1-OMStateMachineApplyTransactionThread - 0] WARN  helpers.OzoneAclUtil (OzoneAclUtil.java:getDefaultAclList(77)) - Failed to get primary group from user user48713 (auth:SIMPLE)
2025-04-23 04:26:54,439 [omNode-3-OMStateMachineApplyTransactionThread - 0] WARN  helpers.OzoneAclUtil (OzoneAclUtil.java:getDefaultAclList(77)) - Failed to get primary group from user user48713 (auth:SIMPLE)
2025-04-23 04:26:54,441 [omNode-1-OMStateMachineApplyTransactionThread - 0] INFO  volume.OMVolumeCreateRequest (OMVolumeCreateRequest.java:validateAndUpdateCache(203)) - created volume:volume859b9066-a0f8-40f8-a0e6-8a6ec729bd1d for user:user48713
2025-04-23 04:26:54,441 [omNode-2-OMStateMachineApplyTransactionThread - 0] INFO  volume.OMVolumeCreateRequest (OMVolumeCreateRequest.java:validateAndUpdateCache(203)) - created volume:volume859b9066-a0f8-40f8-a0e6-8a6ec729bd1d for user:user48713
2025-04-23 04:26:54,441 [omNode-3-OMStateMachineApplyTransactionThread - 0] INFO  volume.OMVolumeCreateRequest (OMVolumeCreateRequest.java:validateAndUpdateCache(203)) - created volume:volume859b9066-a0f8-40f8-a0e6-8a6ec729bd1d for user:user48713
2025-04-23 04:26:54,456 [main] INFO  rpc.RpcClient (RpcClient.java:createBucket(687)) - Creating Bucket: volume859b9066-a0f8-40f8-a0e6-8a6ec729bd1d/d8a39e48-f568-4d07-9193-a5b701d39f67, with server-side default bucket layout, runner as owner, Versioning false, Storage Type set to DISK and Encryption set to false, Replication Type set to server-side default replication type, Namespace Quota set to -1, Space Quota set to -1 
2025-04-23 04:26:54,470 [omNode-3-OMStateMachineApplyTransactionThread - 0] INFO  bucket.OMBucketCreateRequest (OMBucketCreateRequest.java:validateAndUpdateCache(291)) - created bucket: d8a39e48-f568-4d07-9193-a5b701d39f67 of layout OBJECT_STORE in volume: volume859b9066-a0f8-40f8-a0e6-8a6ec729bd1d
2025-04-23 04:26:54,471 [omNode-2-OMStateMachineApplyTransactionThread - 0] INFO  bucket.OMBucketCreateRequest (OMBucketCreateRequest.java:validateAndUpdateCache(291)) - created bucket: d8a39e48-f568-4d07-9193-a5b701d39f67 of layout OBJECT_STORE in volume: volume859b9066-a0f8-40f8-a0e6-8a6ec729bd1d
2025-04-23 04:26:54,470 [omNode-1-OMStateMachineApplyTransactionThread - 0] INFO  bucket.OMBucketCreateRequest (OMBucketCreateRequest.java:validateAndUpdateCache(291)) - created bucket: d8a39e48-f568-4d07-9193-a5b701d39f67 of layout OBJECT_STORE in volume: volume859b9066-a0f8-40f8-a0e6-8a6ec729bd1d
2025-04-23 04:26:54,563 [IPC Server handler 3 on default port 15001] INFO  ha.SequenceIdGenerator (SequenceIdGenerator.java:getNextId(143)) - Allocate a batch for containerId, change lastId from 0 to 1000.
2025-04-23 04:26:54,573 [bf7db134-45a1-4f19-9c9a-e33221f9a916@group-EEED9FFB3244-StateMachineUpdater] WARN  ha.SequenceIdGenerator (SequenceIdGenerator.java:allocateBatch(256)) - Failed to allocate a batch for localId, expected lastId is 0, actual lastId is 115816896921600000.
2025-04-23 04:26:54,574 [IPC Server handler 3 on default port 15001] INFO  ha.SequenceIdGenerator (SequenceIdGenerator.java:getNextId(143)) - Allocate a batch for localId, change lastId from 115816896921600000 to 115816896921601000.
2025-04-23 04:26:54,612 [main] INFO  impl.MetricsSystemImpl (MetricsSystemImpl.java:init(158)) - XceiverClientMetrics metrics system started (again)
2025-04-23 04:26:55,102 [main] INFO  rpc.RpcClient (RpcClient.java:createVolume(462)) - Creating Volume: volumef9d48dd6-1f97-446f-bba8-a76630d0ee0b, with user74227 as owner and space quota set to -1 bytes, counts quota set to -1
2025-04-23 04:26:55,120 [omNode-2-OMStateMachineApplyTransactionThread - 0] WARN  helpers.OzoneAclUtil (OzoneAclUtil.java:getDefaultAclList(77)) - Failed to get primary group from user user74227 (auth:SIMPLE)
2025-04-23 04:26:55,120 [omNode-1-OMStateMachineApplyTransactionThread - 0] WARN  helpers.OzoneAclUtil (OzoneAclUtil.java:getDefaultAclList(77)) - Failed to get primary group from user user74227 (auth:SIMPLE)
2025-04-23 04:26:55,120 [omNode-3-OMStateMachineApplyTransactionThread - 0] WARN  helpers.OzoneAclUtil (OzoneAclUtil.java:getDefaultAclList(77)) - Failed to get primary group from user user74227 (auth:SIMPLE)
2025-04-23 04:26:55,120 [omNode-1-OMStateMachineApplyTransactionThread - 0] INFO  volume.OMVolumeCreateRequest (OMVolumeCreateRequest.java:validateAndUpdateCache(203)) - created volume:volumef9d48dd6-1f97-446f-bba8-a76630d0ee0b for user:user74227
2025-04-23 04:26:55,121 [omNode-3-OMStateMachineApplyTransactionThread - 0] INFO  volume.OMVolumeCreateRequest (OMVolumeCreateRequest.java:validateAndUpdateCache(203)) - created volume:volumef9d48dd6-1f97-446f-bba8-a76630d0ee0b for user:user74227
2025-04-23 04:26:55,121 [omNode-2-OMStateMachineApplyTransactionThread - 0] INFO  volume.OMVolumeCreateRequest (OMVolumeCreateRequest.java:validateAndUpdateCache(203)) - created volume:volumef9d48dd6-1f97-446f-bba8-a76630d0ee0b for user:user74227
2025-04-23 04:26:55,123 [main] INFO  rpc.RpcClient (RpcClient.java:createBucket(687)) - Creating Bucket: volumef9d48dd6-1f97-446f-bba8-a76630d0ee0b/ff082868-53f1-455f-901c-e5279c0aac3f, with server-side default bucket layout, runner as owner, Versioning false, Storage Type set to DISK and Encryption set to false, Replication Type set to server-side default replication type, Namespace Quota set to -1, Space Quota set to -1 
2025-04-23 04:26:55,130 [omNode-1-OMStateMachineApplyTransactionThread - 0] INFO  bucket.OMBucketCreateRequest (OMBucketCreateRequest.java:validateAndUpdateCache(291)) - created bucket: ff082868-53f1-455f-901c-e5279c0aac3f of layout OBJECT_STORE in volume: volumef9d48dd6-1f97-446f-bba8-a76630d0ee0b
2025-04-23 04:26:55,131 [omNode-2-OMStateMachineApplyTransactionThread - 0] INFO  bucket.OMBucketCreateRequest (OMBucketCreateRequest.java:validateAndUpdateCache(291)) - created bucket: ff082868-53f1-455f-901c-e5279c0aac3f of layout OBJECT_STORE in volume: volumef9d48dd6-1f97-446f-bba8-a76630d0ee0b
2025-04-23 04:26:55,132 [omNode-3-OMStateMachineApplyTransactionThread - 0] INFO  bucket.OMBucketCreateRequest (OMBucketCreateRequest.java:validateAndUpdateCache(291)) - created bucket: ff082868-53f1-455f-901c-e5279c0aac3f of layout OBJECT_STORE in volume: volumef9d48dd6-1f97-446f-bba8-a76630d0ee0b
2025-04-23 04:26:55,139 [main] INFO  om.OzoneManager (OzoneManager.java:stop(2347)) - omNode-1[localhost:15006]: Stopping Ozone Manager
2025-04-23 04:26:55,139 [main] INFO  ipc.Server (Server.java:stop(3697)) - Stopping server on 15006
2025-04-23 04:26:55,144 [IPC Server listener on 15006] INFO  ipc.Server (Server.java:run(1585)) - Stopping IPC Server listener on 15006
2025-04-23 04:26:55,144 [IPC Server Responder] INFO  ipc.Server (Server.java:run(1718)) - Stopping IPC Server Responder
2025-04-23 04:26:55,144 [main] INFO  ratis.OzoneManagerRatisServer (OzoneManagerRatisServer.java:stop(634)) - Stopping org.apache.hadoop.ozone.om.ratis.OzoneManagerRatisServer@4110dd10 at port 15009
2025-04-23 04:26:55,145 [main] INFO  server.RaftServer (RaftServerProxy.java:lambda$close$9(417)) - omNode-1: close
2025-04-23 04:26:55,145 [main] INFO  server.GrpcService (GrpcService.java:closeImpl(343)) - omNode-1: shutdown server GrpcServerProtocolService now
2025-04-23 04:26:55,145 [omNode-1-impl-thread1] INFO  server.RaftServer$Division (RaftServerImpl.java:lambda$close$1(513)) - omNode-1@group-523986131536: shutdown
2025-04-23 04:26:55,145 [omNode-1-impl-thread1] INFO  util.JmxRegister (JmxRegister.java:unregister(74)) - Successfully un-registered JMX Bean with object name Ratis:service=RaftServer,group=group-523986131536,id=omNode-1
2025-04-23 04:26:55,145 [omNode-1-impl-thread1] INFO  impl.RoleInfo (RoleInfo.java:shutdownLeaderState(103)) - omNode-1: shutdown omNode-1@group-523986131536-LeaderStateImpl
2025-04-23 04:26:55,145 [omNode-1-impl-thread1] INFO  impl.PendingRequests (PendingRequests.java:sendNotLeaderResponses(287)) - omNode-1@group-523986131536-PendingRequests: sendNotLeaderResponses
2025-04-23 04:26:55,146 [omNode-1@group-523986131536->omNode-3-GrpcLogAppender-LogAppenderDaemon] WARN  server.GrpcLogAppender (GrpcLogAppender.java:mayWait(293)) - omNode-1@group-523986131536->omNode-3-GrpcLogAppender: Wait interrupted by java.lang.InterruptedException
2025-04-23 04:26:55,146 [omNode-1@group-523986131536->omNode-2-GrpcLogAppender-LogAppenderDaemon] WARN  server.GrpcLogAppender (GrpcLogAppender.java:mayWait(293)) - omNode-1@group-523986131536->omNode-2-GrpcLogAppender: Wait interrupted by java.lang.InterruptedException
2025-04-23 04:26:55,147 [omNode-1-impl-thread1] INFO  impl.StateMachineUpdater (StateMachineUpdater.java:stopAndJoin(164)) - omNode-1@group-523986131536-StateMachineUpdater: set stopIndex = 20
2025-04-23 04:26:55,147 [grpc-default-executor-0] INFO  server.GrpcServerProtocolService (GrpcServerProtocolService.java:onCompleted(157)) - omNode-3: Completed APPEND_ENTRIES, lastRequest: null
2025-04-23 04:26:55,148 [grpc-default-executor-2] INFO  server.GrpcServerProtocolService (GrpcServerProtocolService.java:onCompleted(157)) - omNode-3: Completed APPEND_ENTRIES, lastRequest: omNode-1->omNode-3#1123-t1,previous=(t:1, i:19),leaderCommit=19,initializing? false,entries: size=1, first=(t:1, i:20), METADATAENTRY(c:19)
2025-04-23 04:26:55,148 [grpc-default-executor-2] INFO  server.GrpcServerProtocolService (GrpcServerProtocolService.java:lambda$onCompleted$5(159)) - omNode-3: Completed APPEND_ENTRIES, lastReply: null
2025-04-23 04:26:55,149 [grpc-default-executor-1] INFO  server.GrpcLogAppender (GrpcLogAppender.java:onCompleted(550)) - omNode-1@group-523986131536->omNode-3-AppendLogResponseHandler: follower responses appendEntries COMPLETED
2025-04-23 04:26:55,149 [grpc-default-executor-5] INFO  server.GrpcServerProtocolService (GrpcServerProtocolService.java:onCompleted(157)) - omNode-2: Completed APPEND_ENTRIES, lastRequest: null
2025-04-23 04:26:55,149 [grpc-default-executor-4] INFO  server.GrpcServerProtocolService (GrpcServerProtocolService.java:onCompleted(157)) - omNode-2: Completed APPEND_ENTRIES, lastRequest: omNode-1->omNode-2#58-t1,previous=(t:1, i:19),leaderCommit=19,initializing? false,entries: size=1, first=(t:1, i:20), METADATAENTRY(c:19)
2025-04-23 04:26:55,149 [grpc-default-executor-4] INFO  server.GrpcServerProtocolService (GrpcServerProtocolService.java:lambda$onCompleted$5(159)) - omNode-2: Completed APPEND_ENTRIES, lastReply: null
2025-04-23 04:26:55,150 [grpc-default-executor-4] INFO  server.GrpcLogAppender (GrpcLogAppender.java:onCompleted(550)) - omNode-1@group-523986131536->omNode-2-AppendLogResponseHandler: follower responses appendEntries COMPLETED
2025-04-23 04:26:55,151 [Thread-758] INFO  server.GrpcServerProtocolClient (GrpcServerProtocolClient.java:close(105)) - omNode-3 Close channels
2025-04-23 04:26:55,152 [Thread-761] INFO  server.GrpcServerProtocolClient (GrpcServerProtocolClient.java:close(105)) - omNode-2 Close channels
2025-04-23 04:26:55,159 [grpc-default-executor-0] INFO  server.GrpcServerProtocolService (GrpcServerProtocolService.java:lambda$onCompleted$5(159)) - omNode-3: Completed APPEND_ENTRIES, lastReply: serverReply {
  requestorId: "omNode-1"
  replyId: "omNode-3"
  raftGroupId {
    id: "\311\274L\364;\303<`\246kR9\206\023\0256"
  }
  callId: 1079
  success: true
}
term: 1
nextIndex: 1
matchIndex: 18446744073709551615
isHearbeat: true

2025-04-23 04:26:55,159 [grpc-default-executor-5] INFO  server.GrpcServerProtocolService (GrpcServerProtocolService.java:lambda$onCompleted$5(159)) - omNode-2: Completed APPEND_ENTRIES, lastReply: serverReply {
  requestorId: "omNode-1"
  replyId: "omNode-2"
  raftGroupId {
    id: "\311\274L\364;\303<`\246kR9\206\023\0256"
  }
  callId: 14
  success: true
}
term: 1
nextIndex: 1
matchIndex: 18446744073709551615
isHearbeat: true

2025-04-23 04:26:55,161 [grpc-default-executor-0] INFO  server.GrpcLogAppender (GrpcLogAppender.java:onCompleted(550)) - omNode-1@group-523986131536->omNode-2-AppendLogResponseHandler: follower responses appendEntries COMPLETED
2025-04-23 04:26:55,161 [grpc-default-executor-0] WARN  server.GrpcLogAppender (GrpcLogAppender.java:resetClient(230)) - omNode-1@group-523986131536->omNode-2-GrpcLogAppender: Failed to getClient for omNode-2
org.apache.ratis.protocol.exceptions.AlreadyClosedException: omNode-1 is already CLOSED
	at org.apache.ratis.util.PeerProxyMap$PeerAndProxy.getProxy(PeerProxyMap.java:67)
	at org.apache.ratis.util.PeerProxyMap.getProxy(PeerProxyMap.java:124)
	at org.apache.ratis.grpc.server.GrpcLogAppender.getClient(GrpcLogAppender.java:200)
	at org.apache.ratis.grpc.server.GrpcLogAppender.resetClient(GrpcLogAppender.java:205)
	at org.apache.ratis.grpc.server.GrpcLogAppender.access$800(GrpcLogAppender.java:64)
	at org.apache.ratis.grpc.server.GrpcLogAppender$AppendLogResponseHandler.onCompleted(GrpcLogAppender.java:551)
	at org.apache.ratis.thirdparty.io.grpc.stub.ClientCalls$StreamObserverToCallListenerAdapter.onClose(ClientCalls.java:479)
	at org.apache.ratis.thirdparty.io.grpc.internal.DelayedClientCall$DelayedListener$3.run(DelayedClientCall.java:489)
	at org.apache.ratis.thirdparty.io.grpc.internal.DelayedClientCall$DelayedListener.delayOrExecute(DelayedClientCall.java:453)
	at org.apache.ratis.thirdparty.io.grpc.internal.DelayedClientCall$DelayedListener.onClose(DelayedClientCall.java:486)
	at org.apache.ratis.thirdparty.io.grpc.internal.ClientCallImpl.closeObserver(ClientCallImpl.java:567)
	at org.apache.ratis.thirdparty.io.grpc.internal.ClientCallImpl.access$300(ClientCallImpl.java:71)
	at org.apache.ratis.thirdparty.io.grpc.internal.ClientCallImpl$ClientStreamListenerImpl$1StreamClosed.runInternal(ClientCallImpl.java:735)
	at org.apache.ratis.thirdparty.io.grpc.internal.ClientCallImpl$ClientStreamListenerImpl$1StreamClosed.runInContext(ClientCallImpl.java:716)
	at org.apache.ratis.thirdparty.io.grpc.internal.ContextRunnable.run(ContextRunnable.java:37)
	at org.apache.ratis.thirdparty.io.grpc.internal.SerializingExecutor.run(SerializingExecutor.java:133)
	at java.base/java.util.concurrent.ThreadPoolExecutor.runWorker(ThreadPoolExecutor.java:1144)
	at java.base/java.util.concurrent.ThreadPoolExecutor$Worker.run(ThreadPoolExecutor.java:642)
	at java.base/java.lang.Thread.run(Thread.java:1583)
2025-04-23 04:26:55,162 [grpc-default-executor-5] INFO  server.GrpcLogAppender (GrpcLogAppender.java:onCompleted(550)) - omNode-1@group-523986131536->omNode-3-AppendLogResponseHandler: follower responses appendEntries COMPLETED
2025-04-23 04:26:55,162 [grpc-default-executor-5] WARN  server.GrpcLogAppender (GrpcLogAppender.java:resetClient(230)) - omNode-1@group-523986131536->omNode-3-GrpcLogAppender: Failed to getClient for omNode-3
org.apache.ratis.protocol.exceptions.AlreadyClosedException: omNode-1 is already CLOSED
	at org.apache.ratis.util.PeerProxyMap$PeerAndProxy.getProxy(PeerProxyMap.java:67)
	at org.apache.ratis.util.PeerProxyMap.getProxy(PeerProxyMap.java:124)
	at org.apache.ratis.grpc.server.GrpcLogAppender.getClient(GrpcLogAppender.java:200)
	at org.apache.ratis.grpc.server.GrpcLogAppender.resetClient(GrpcLogAppender.java:205)
	at org.apache.ratis.grpc.server.GrpcLogAppender.access$800(GrpcLogAppender.java:64)
	at org.apache.ratis.grpc.server.GrpcLogAppender$AppendLogResponseHandler.onCompleted(GrpcLogAppender.java:551)
	at org.apache.ratis.thirdparty.io.grpc.stub.ClientCalls$StreamObserverToCallListenerAdapter.onClose(ClientCalls.java:479)
	at org.apache.ratis.thirdparty.io.grpc.internal.ClientCallImpl.closeObserver(ClientCallImpl.java:567)
	at org.apache.ratis.thirdparty.io.grpc.internal.ClientCallImpl.access$300(ClientCallImpl.java:71)
	at org.apache.ratis.thirdparty.io.grpc.internal.ClientCallImpl$ClientStreamListenerImpl$1StreamClosed.runInternal(ClientCallImpl.java:735)
	at org.apache.ratis.thirdparty.io.grpc.internal.ClientCallImpl$ClientStreamListenerImpl$1StreamClosed.runInContext(ClientCallImpl.java:716)
	at org.apache.ratis.thirdparty.io.grpc.internal.ContextRunnable.run(ContextRunnable.java:37)
	at org.apache.ratis.thirdparty.io.grpc.internal.SerializingExecutor.run(SerializingExecutor.java:133)
	at java.base/java.util.concurrent.ThreadPoolExecutor.runWorker(ThreadPoolExecutor.java:1144)
	at java.base/java.util.concurrent.ThreadPoolExecutor$Worker.run(ThreadPoolExecutor.java:642)
	at java.base/java.lang.Thread.run(Thread.java:1583)
2025-04-23 04:26:55,168 [main] INFO  server.GrpcService (GrpcService.java:closeImpl(352)) - omNode-1: shutdown server GrpcServerProtocolService successfully
2025-04-23 04:26:55,196 [omNode-1@group-523986131536-StateMachineUpdater] INFO  ratis.OzoneManagerStateMachine (OzoneManagerStateMachine.java:takeSnapshotImpl(510)) - omNode-1: taking snapshot. applied = (t:1, i:20), skipped = 19, notified = (t:1, i:20), current snapshot index = (t:1, i:20), took 49 ms
2025-04-23 04:26:55,197 [omNode-1@group-523986131536-StateMachineUpdater] INFO  impl.StateMachineUpdater (StateMachineUpdater.java:takeSnapshot(303)) - omNode-1@group-523986131536-StateMachineUpdater: Took a snapshot at index 20
2025-04-23 04:26:55,197 [omNode-1@group-523986131536-StateMachineUpdater] INFO  impl.StateMachineUpdater (StateMachineUpdater.java:lambda$new$0(102)) - omNode-1@group-523986131536-StateMachineUpdater: snapshotIndex: updateIncreasingly -1 -> 20
2025-04-23 04:26:55,197 [omNode-1@group-523986131536-StateMachineUpdater] INFO  impl.StateMachineUpdater (StateMachineUpdater.java:stop(141)) - omNode-1@group-523986131536-StateMachineUpdater: closing OzoneManagerStateMachine, lastApplied=(t:1, i:20)
2025-04-23 04:26:55,197 [omNode-1@group-523986131536-StateMachineUpdater] INFO  ratis.OzoneManagerStateMachine (OzoneManagerStateMachine.java:close(550)) - Stopping OzoneManagerStateMachine:omNode-1:group-523986131536.
2025-04-23 04:26:55,197 [omNode-1@group-523986131536-StateMachineUpdater] INFO  ratis.OzoneManagerDoubleBuffer (OzoneManagerDoubleBuffer.java:stopDaemon(500)) - Stopping OMDoubleBuffer flush thread
2025-04-23 04:26:55,197 [omNode-1-OMDoubleBufferFlushThread] INFO  ratis.OzoneManagerDoubleBuffer (OzoneManagerDoubleBuffer.java:canFlush(559)) - OMDoubleBuffer flush thread omNode-1-OMDoubleBufferFlushThread is interrupted and will exit.
2025-04-23 04:26:55,198 [omNode-1@group-523986131536-cacheEviction-AwaitToRun] INFO  util.AwaitToRun (AwaitToRun.java:run(49)) - omNode-1@group-523986131536-cacheEviction-AwaitToRun-AwaitForSignal is interrupted
2025-04-23 04:26:56,139 [omNode-1-impl-thread1] INFO  segmented.SegmentedRaftLogWorker (SegmentedRaftLogWorker.java:close(252)) - omNode-1@group-523986131536-SegmentedRaftLogWorker close()
2025-04-23 04:26:56,139 [JvmPauseMonitor2] INFO  util.JvmPauseMonitor (JvmPauseMonitor.java:run(152)) - JvmPauseMonitor-omNode-1: Stopped
2025-04-23 04:26:56,139 [main] INFO  utils.BackgroundService (BackgroundService.java:shutdown(161)) - Shutting down service KeyDeletingService
2025-04-23 04:26:56,140 [main] INFO  utils.BackgroundService (BackgroundService.java:shutdown(161)) - Shutting down service DirectoryDeletingService
2025-04-23 04:26:56,141 [main] INFO  utils.BackgroundService (BackgroundService.java:shutdown(161)) - Shutting down service OpenKeyCleanupService
2025-04-23 04:26:56,142 [main] INFO  utils.BackgroundService (BackgroundService.java:shutdown(161)) - Shutting down service SstFilteringService
2025-04-23 04:26:56,142 [main] INFO  utils.BackgroundService (BackgroundService.java:shutdown(161)) - Shutting down service SnapshotDeletingService
2025-04-23 04:26:56,142 [main] INFO  utils.BackgroundService (BackgroundService.java:shutdown(161)) - Shutting down service MultipartUploadCleanupService
2025-04-23 04:26:56,144 [main] INFO  handler.ContextHandler (ContextHandler.java:doStop(1159)) - Stopped o.e.j.w.WebAppContext@4b082a6e{ozoneManager,/,null,STOPPED}{file:/home/runner/work/ozone/ozone/hadoop-ozone/integration-test/target/test-classes/webapps/ozoneManager}
2025-04-23 04:26:56,146 [main] INFO  server.AbstractConnector (AbstractConnector.java:doStop(383)) - Stopped ServerConnector@2443b82a{HTTP/1.1, (http/1.1)}{0.0.0.0:15007}
2025-04-23 04:26:56,146 [main] INFO  server.session (HouseKeeper.java:stopScavenging(149)) - node0 Stopped scavenging
2025-04-23 04:26:56,147 [main] INFO  handler.ContextHandler (ContextHandler.java:doStop(1159)) - Stopped o.e.j.s.ServletContextHandler@736abb16{static,/static,file:///home/runner/work/ozone/ozone/hadoop-ozone/integration-test/target/test-classes/webapps/static,STOPPED}
2025-04-23 04:26:56,147 [main] INFO  handler.ContextHandler (ContextHandler.java:doStop(1159)) - Stopped o.e.j.s.ServletContextHandler@758a3ba0{logs,/logs,file:///home/runner/work/ozone/ozone/hadoop-ozone/integration-test/target/log,STOPPED}
2025-04-23 04:26:56,149 [main] INFO  rocksdiff.RocksDBCheckpointDiffer (RocksDBCheckpointDiffer.java:close(304)) - Shutting down CompactionDagPruningService.
2025-04-23 04:26:56,153 [main] INFO  snapshot.SnapshotDiffManager (SnapshotDiffManager.java:closeExecutorService(1698)) - Shutting down executorService: 'SnapDiffExecutor'
2025-04-23 04:26:56,153 [main] INFO  utils.BackgroundService (BackgroundService.java:shutdown(161)) - Shutting down service SnapshotDiffCleanupService
2025-04-23 04:26:56,604 [omNode-3@group-523986131536-FollowerState] INFO  impl.FollowerState (FollowerState.java:runImpl(161)) - omNode-3@group-523986131536-FollowerState: change to CANDIDATE, lastRpcElapsedTime:1464969140ns, electionTimeout:1179ms
2025-04-23 04:26:56,604 [omNode-3@group-523986131536-FollowerState] INFO  impl.RoleInfo (RoleInfo.java:shutdownFollowerState(121)) - omNode-3: shutdown omNode-3@group-523986131536-FollowerState
2025-04-23 04:26:56,604 [omNode-3@group-523986131536-FollowerState] INFO  server.RaftServer$Division (RaftServerImpl.java:setRole(378)) - omNode-3@group-523986131536: changes role from  FOLLOWER to CANDIDATE at term 1 for changeToCandidate
2025-04-23 04:26:56,604 [omNode-3@group-523986131536-FollowerState] INFO  server.RaftServerConfigKeys (ConfUtils.java:logGet(46)) - raft.server.leaderelection.pre-vote = true (default)
2025-04-23 04:26:56,604 [omNode-3@group-523986131536-FollowerState] INFO  impl.RoleInfo (RoleInfo.java:updateAndGet(148)) - omNode-3: start omNode-3@group-523986131536-LeaderElection9
2025-04-23 04:26:56,605 [omNode-3@group-523986131536-LeaderElection9] INFO  server.RaftServer$Division (ServerState.java:setLeader(272)) - omNode-3@group-523986131536: change Leader from omNode-1 to null at term 1 for PRE_VOTE
2025-04-23 04:26:56,605 [omNode-3@group-523986131536-LeaderElection9] INFO  impl.LeaderElection (LeaderElection.java:askForVotes(332)) - omNode-3@group-523986131536-LeaderElection9 PRE_VOTE round 0: submit vote requests at term 1 for conf: {index: 0, cur=peers:[omNode-3|localhost:15017, omNode-1|localhost:15009, omNode-2|localhost:15013]|listeners:[], old=null}
2025-04-23 04:26:56,605 [omNode-3@group-523986131536-LeaderElection9-1] INFO  server.GrpcServerProtocolClient (GrpcServerProtocolClient.java:<init>(65)) - Build channel for omNode-1|localhost:15009
2025-04-23 04:26:56,606 [omNode-3@group-523986131536-LeaderElection9-2] INFO  server.GrpcServerProtocolClient (GrpcServerProtocolClient.java:<init>(65)) - Build channel for omNode-2|localhost:15013
2025-04-23 04:26:56,610 [omNode-3@group-523986131536-LeaderElection9] INFO  impl.LeaderElection (LogUtils.java:infoOrTrace(136)) - omNode-3@group-523986131536-LeaderElection9 got exception when requesting votes: java.util.concurrent.ExecutionException: org.apache.ratis.thirdparty.io.grpc.StatusRuntimeException: UNAVAILABLE: io exception
2025-04-23 04:26:56,612 [grpc-default-executor-5] INFO  server.RaftServer$Division (RaftServerImpl.java:requestVote(1407)) - omNode-2@group-523986131536: receive requestVote(PRE_VOTE, omNode-3, group-523986131536, 1, (t:1, i:20))
2025-04-23 04:26:56,612 [grpc-default-executor-5] INFO  impl.VoteContext (VoteContext.java:log(49)) - omNode-2@group-523986131536-FOLLOWER: accept PRE_VOTE from omNode-3: our priority 0 <= candidate's priority 0
2025-04-23 04:26:56,613 [grpc-default-executor-5] INFO  server.RaftServer$Division (RaftServerImpl.java:requestVote(1441)) - omNode-2@group-523986131536 replies to PRE_VOTE vote request: omNode-3<-omNode-2#0:OK-t1. Peer's state: omNode-2@group-523986131536:t1, leader=omNode-1, voted=omNode-1, raftlog=Memoized:omNode-2@group-523986131536-SegmentedRaftLog:OPENED:c19:last(t:1, i:20), conf=conf: {index: 0, cur=peers:[omNode-3|localhost:15017, omNode-1|localhost:15009, omNode-2|localhost:15013]|listeners:[], old=null}
2025-04-23 04:26:56,614 [omNode-3@group-523986131536-LeaderElection9] INFO  impl.LeaderElection (LeaderElection.java:logAndReturn(90)) - omNode-3@group-523986131536-LeaderElection9: PRE_VOTE PASSED received 1 response(s) and 1 exception(s):
2025-04-23 04:26:56,614 [omNode-3@group-523986131536-LeaderElection9] INFO  impl.LeaderElection (LeaderElection.java:logAndReturn(94)) -   Response 0: omNode-3<-omNode-2#0:OK-t1
2025-04-23 04:26:56,614 [omNode-3@group-523986131536-LeaderElection9] INFO  impl.LeaderElection (LogUtils.java:infoOrTrace(136)) -   Exception 1: java.util.concurrent.ExecutionException: org.apache.ratis.thirdparty.io.grpc.StatusRuntimeException: UNAVAILABLE: io exception
2025-04-23 04:26:56,614 [omNode-3@group-523986131536-LeaderElection9] INFO  impl.LeaderElection (LeaderElection.java:askForVotes(334)) - omNode-3@group-523986131536-LeaderElection9 PRE_VOTE round 0: result PASSED
2025-04-23 04:26:56,615 [omNode-3@group-523986131536-LeaderElection9] INFO  impl.LeaderElection (LeaderElection.java:askForVotes(332)) - omNode-3@group-523986131536-LeaderElection9 ELECTION round 0: submit vote requests at term 2 for conf: {index: 0, cur=peers:[omNode-3|localhost:15017, omNode-1|localhost:15009, omNode-2|localhost:15013]|listeners:[], old=null}
2025-04-23 04:26:56,616 [omNode-3@group-523986131536-LeaderElection9] INFO  impl.LeaderElection (LogUtils.java:infoOrTrace(136)) - omNode-3@group-523986131536-LeaderElection9 got exception when requesting votes: java.util.concurrent.ExecutionException: org.apache.ratis.thirdparty.io.grpc.StatusRuntimeException: UNAVAILABLE: io exception
2025-04-23 04:26:56,617 [grpc-default-executor-5] INFO  server.RaftServer$Division (RaftServerImpl.java:requestVote(1407)) - omNode-2@group-523986131536: receive requestVote(ELECTION, omNode-3, group-523986131536, 2, (t:1, i:20))
2025-04-23 04:26:56,617 [grpc-default-executor-5] INFO  impl.VoteContext (VoteContext.java:log(49)) - omNode-2@group-523986131536-FOLLOWER: accept ELECTION from omNode-3: our priority 0 <= candidate's priority 0
2025-04-23 04:26:56,617 [grpc-default-executor-5] INFO  server.RaftServer$Division (RaftServerImpl.java:setRole(378)) - omNode-2@group-523986131536: changes role from  FOLLOWER to FOLLOWER at term 1 for candidate:omNode-3
2025-04-23 04:26:56,617 [grpc-default-executor-5] INFO  impl.RoleInfo (RoleInfo.java:shutdownFollowerState(121)) - omNode-2: shutdown omNode-2@group-523986131536-FollowerState
2025-04-23 04:26:56,617 [grpc-default-executor-5] INFO  server.RaftServer$Division (ServerState.java:setLeader(272)) - omNode-2@group-523986131536: change Leader from omNode-1 to null at term 2 for updateCurrentTerm
2025-04-23 04:26:56,617 [omNode-2@group-523986131536-FollowerState] INFO  impl.FollowerState (FollowerState.java:runImpl(170)) - omNode-2@group-523986131536-FollowerState was interrupted
2025-04-23 04:26:56,617 [grpc-default-executor-5] INFO  impl.RoleInfo (RoleInfo.java:updateAndGet(148)) - omNode-2: start omNode-2@group-523986131536-FollowerState
2025-04-23 04:26:56,619 [grpc-default-executor-5] INFO  server.RaftServer$Division (RaftServerImpl.java:requestVote(1441)) - omNode-2@group-523986131536 replies to ELECTION vote request: omNode-3<-omNode-2#0:OK-t2. Peer's state: omNode-2@group-523986131536:t2, leader=null, voted=omNode-3, raftlog=Memoized:omNode-2@group-523986131536-SegmentedRaftLog:OPENED:c19:last(t:1, i:20), conf=conf: {index: 0, cur=peers:[omNode-3|localhost:15017, omNode-1|localhost:15009, omNode-2|localhost:15013]|listeners:[], old=null}
2025-04-23 04:26:56,619 [omNode-3@group-523986131536-LeaderElection9] INFO  impl.LeaderElection (LeaderElection.java:logAndReturn(90)) - omNode-3@group-523986131536-LeaderElection9: ELECTION PASSED received 1 response(s) and 1 exception(s):
2025-04-23 04:26:56,619 [omNode-3@group-523986131536-LeaderElection9] INFO  impl.LeaderElection (LeaderElection.java:logAndReturn(94)) -   Response 0: omNode-3<-omNode-2#0:OK-t2
2025-04-23 04:26:56,619 [omNode-3@group-523986131536-LeaderElection9] INFO  impl.LeaderElection (LogUtils.java:infoOrTrace(136)) -   Exception 1: java.util.concurrent.ExecutionException: org.apache.ratis.thirdparty.io.grpc.StatusRuntimeException: UNAVAILABLE: io exception
2025-04-23 04:26:56,620 [omNode-3@group-523986131536-LeaderElection9] INFO  impl.LeaderElection (LeaderElection.java:askForVotes(334)) - omNode-3@group-523986131536-LeaderElection9 ELECTION round 0: result PASSED
2025-04-23 04:26:56,620 [omNode-3@group-523986131536-LeaderElection9] INFO  impl.RoleInfo (RoleInfo.java:shutdownLeaderElection(141)) - omNode-3: shutdown omNode-3@group-523986131536-LeaderElection9
2025-04-23 04:26:56,620 [omNode-3@group-523986131536-LeaderElection9] INFO  server.RaftServer$Division (RaftServerImpl.java:setRole(378)) - omNode-3@group-523986131536: changes role from CANDIDATE to LEADER at term 2 for changeToLeader
2025-04-23 04:26:56,620 [omNode-3@group-523986131536-LeaderElection9] INFO  server.RaftServerConfigKeys (ConfUtils.java:logGet(46)) - raft.server.staging.catchup.gap = 1000 (default)
2025-04-23 04:26:56,620 [omNode-3@group-523986131536-LeaderElection9] INFO  server.RaftServerConfigKeys (ConfUtils.java:logGet(46)) - raft.server.write.element-limit = 4096 (default)
2025-04-23 04:26:56,620 [omNode-3@group-523986131536-LeaderElection9] INFO  server.RaftServerConfigKeys (ConfUtils.java:logGet(46)) - raft.server.write.byte-limit = 64MB (=67108864) (default)
2025-04-23 04:26:56,621 [omNode-3@group-523986131536-LeaderElection9] INFO  server.RaftServerConfigKeys (ConfUtils.java:logGet(46)) - raft.server.watch.timeout = 10s (default)
2025-04-23 04:26:56,621 [omNode-3@group-523986131536-LeaderElection9] INFO  server.RaftServerConfigKeys (ConfUtils.java:logGet(46)) - raft.server.watch.timeout.denomination = 1s (default)
2025-04-23 04:26:56,621 [omNode-3@group-523986131536-LeaderElection9] INFO  server.RaftServerConfigKeys (ConfUtils.java:logGet(46)) - raft.server.watch.element-limit = 65536 (default)
2025-04-23 04:26:56,621 [omNode-3@group-523986131536-LeaderElection9] INFO  server.RaftServerConfigKeys (ConfUtils.java:logGet(46)) - raft.server.read.leader.lease.enabled = false (default)
2025-04-23 04:26:56,621 [omNode-3@group-523986131536-LeaderElection9] INFO  server.RaftServerConfigKeys (ConfUtils.java:logGet(46)) - raft.server.read.leader.lease.timeout.ratio = 0.9 (default)
2025-04-23 04:26:56,622 [omNode-3@group-523986131536-LeaderElection9] INFO  server.RaftServerConfigKeys (ConfUtils.java:logGet(46)) - raft.server.rpc.timeout.min = 1s (custom)
2025-04-23 04:26:56,622 [omNode-3@group-523986131536-LeaderElection9] INFO  server.RaftServerConfigKeys (ConfUtils.java:logGet(46)) - raft.server.log.log-metadata.enabled = true (default)
2025-04-23 04:26:56,622 [omNode-3@group-523986131536-LeaderElection9] INFO  server.RaftServerConfigKeys (ConfUtils.java:logGet(46)) - raft.server.write.element-limit = 4096 (default)
2025-04-23 04:26:56,622 [omNode-3@group-523986131536-LeaderElection9] INFO  server.RaftServerConfigKeys (ConfUtils.java:logGet(46)) - raft.server.write.follower.gap.ratio.max = -1.0 (default)
2025-04-23 04:26:56,622 [omNode-3@group-523986131536-LeaderElection9] INFO  server.RaftServerConfigKeys (ConfUtils.java:logGet(46)) - raft.server.log.appender.snapshot.chunk.size.max = 16MB (=16777216) (default)
2025-04-23 04:26:56,623 [omNode-3@group-523986131536-LeaderElection9] INFO  server.RaftServerConfigKeys (ConfUtils.java:logGet(46)) - raft.server.log.appender.buffer.byte-limit = 4194304 (custom)
2025-04-23 04:26:56,623 [omNode-3@group-523986131536-LeaderElection9] INFO  server.RaftServerConfigKeys (ConfUtils.java:logGet(46)) - raft.server.log.appender.buffer.element-limit = 1024 (custom)
2025-04-23 04:26:56,623 [omNode-3@group-523986131536-LeaderElection9] INFO  server.RaftServerConfigKeys (ConfUtils.java:logGet(46)) - raft.server.log.appender.wait-time.min = 0ms (custom)
2025-04-23 04:26:56,623 [omNode-3@group-523986131536-LeaderElection9] INFO  grpc.GrpcConfigKeys (ConfUtils.java:logGet(46)) - raft.grpc.server.leader.outstanding.appends.max = 8 (default)
2025-04-23 04:26:56,623 [omNode-3@group-523986131536-LeaderElection9] INFO  server.RaftServerConfigKeys (ConfUtils.java:logGet(46)) - raft.server.rpc.request.timeout = 3000ms (default)
2025-04-23 04:26:56,623 [omNode-3@group-523986131536-LeaderElection9] INFO  grpc.GrpcConfigKeys (ConfUtils.java:logGet(46)) - raft.grpc.server.install_snapshot.request.element-limit = 8 (default)
2025-04-23 04:26:56,623 [omNode-3@group-523986131536-LeaderElection9] INFO  grpc.GrpcConfigKeys (ConfUtils.java:logGet(46)) - raft.grpc.server.install_snapshot.request.timeout = 3000ms (default)
2025-04-23 04:26:56,623 [omNode-3@group-523986131536-LeaderElection9] INFO  grpc.GrpcConfigKeys (ConfUtils.java:logGet(46)) - raft.grpc.server.log-message.batch.duration = 5s (default)
2025-04-23 04:26:56,623 [omNode-3@group-523986131536-LeaderElection9] INFO  server.RaftServerConfigKeys (ConfUtils.java:logGet(46)) - raft.server.log.appender.install.snapshot.enabled = false (custom)
2025-04-23 04:26:56,623 [omNode-3@group-523986131536-LeaderElection9] INFO  grpc.GrpcConfigKeys (ConfUtils.java:logGet(46)) - raft.grpc.server.heartbeat.channel = true (default)
2025-04-23 04:26:56,625 [omNode-3@group-523986131536-LeaderElection9] INFO  server.RaftServerConfigKeys (ConfUtils.java:logGet(46)) - raft.server.log.appender.snapshot.chunk.size.max = 16MB (=16777216) (default)
2025-04-23 04:26:56,625 [omNode-3@group-523986131536-LeaderElection9] INFO  server.RaftServerConfigKeys (ConfUtils.java:logGet(46)) - raft.server.log.appender.buffer.byte-limit = 4194304 (custom)
2025-04-23 04:26:56,626 [omNode-3@group-523986131536-LeaderElection9] INFO  server.RaftServerConfigKeys (ConfUtils.java:logGet(46)) - raft.server.log.appender.buffer.element-limit = 1024 (custom)
2025-04-23 04:26:56,626 [omNode-3@group-523986131536-LeaderElection9] INFO  server.RaftServerConfigKeys (ConfUtils.java:logGet(46)) - raft.server.log.appender.wait-time.min = 0ms (custom)
2025-04-23 04:26:56,626 [omNode-3@group-523986131536-LeaderElection9] INFO  grpc.GrpcConfigKeys (ConfUtils.java:logGet(46)) - raft.grpc.server.leader.outstanding.appends.max = 8 (default)
2025-04-23 04:26:56,626 [omNode-3@group-523986131536-LeaderElection9] INFO  server.RaftServerConfigKeys (ConfUtils.java:logGet(46)) - raft.server.rpc.request.timeout = 3000ms (default)
2025-04-23 04:26:56,626 [omNode-3@group-523986131536-LeaderElection9] INFO  grpc.GrpcConfigKeys (ConfUtils.java:logGet(46)) - raft.grpc.server.install_snapshot.request.element-limit = 8 (default)
2025-04-23 04:26:56,626 [omNode-3@group-523986131536-LeaderElection9] INFO  grpc.GrpcConfigKeys (ConfUtils.java:logGet(46)) - raft.grpc.server.install_snapshot.request.timeout = 3000ms (default)
2025-04-23 04:26:56,626 [omNode-3@group-523986131536-LeaderElection9] INFO  grpc.GrpcConfigKeys (ConfUtils.java:logGet(46)) - raft.grpc.server.log-message.batch.duration = 5s (default)
2025-04-23 04:26:56,626 [omNode-3@group-523986131536-LeaderElection9] INFO  server.RaftServerConfigKeys (ConfUtils.java:logGet(46)) - raft.server.log.appender.install.snapshot.enabled = false (custom)
2025-04-23 04:26:56,627 [omNode-3@group-523986131536-LeaderElection9] INFO  grpc.GrpcConfigKeys (ConfUtils.java:logGet(46)) - raft.grpc.server.heartbeat.channel = true (default)
2025-04-23 04:26:56,627 [omNode-3@group-523986131536-LeaderElection9] INFO  impl.RoleInfo (RoleInfo.java:updateAndGet(148)) - omNode-3: start omNode-3@group-523986131536-LeaderStateImpl
2025-04-23 04:26:56,628 [omNode-3@group-523986131536-LeaderElection9] INFO  ratis.OzoneManagerStateMachine (OzoneManagerStateMachine.java:notifyLeaderChanged(169)) - omNode-3@group-523986131536: leader changed to omNode-3
2025-04-23 04:26:56,628 [omNode-3@group-523986131536-LeaderElection9] INFO  server.RaftServer$Division (ServerState.java:setLeader(272)) - omNode-3@group-523986131536: change Leader from null to omNode-3 at term 2 for becomeLeader, leader elected after 22ms
2025-04-23 04:26:56,628 [omNode-3@group-523986131536-LeaderElection9] INFO  segmented.SegmentedRaftLogWorker (SegmentedRaftLogWorker.java:rollLogSegment(443)) - omNode-3@group-523986131536-SegmentedRaftLogWorker: Rolling segment log-0_20 to index:20
2025-04-23 04:26:56,629 [omNode-3@group-523986131536-LeaderElection9] INFO  server.RaftServer$Division (ServerState.java:setRaftConf(386)) - omNode-3@group-523986131536: set configuration conf: {index: 21, cur=peers:[omNode-3|localhost:15017, omNode-1|localhost:15009, omNode-2|localhost:15013]|listeners:[], old=null}
2025-04-23 04:26:56,630 [grpc-default-executor-5] WARN  server.GrpcLogAppender (LogUtils.java:warn(121)) - omNode-3@group-523986131536->omNode-1-AppendLogResponseHandler: Failed appendEntries: org.apache.ratis.thirdparty.io.grpc.StatusRuntimeException: UNAVAILABLE: io exception
2025-04-23 04:26:56,631 [grpc-default-executor-5] WARN  server.GrpcLogAppender (GrpcLogAppender.java:lambda$resetClient$1(221)) - omNode-3@group-523986131536->omNode-1-GrpcLogAppender: Follower failed (request=null, errorCount=1); keep nextIndex (21) unchanged and retry.
2025-04-23 04:26:56,631 [omNode-3@group-523986131536-SegmentedRaftLogWorker] INFO  segmented.SegmentedRaftLogWorker (SegmentedRaftLogWorker.java:execute(601)) - omNode-3@group-523986131536-SegmentedRaftLogWorker: Rolled log segment from /home/runner/work/ozone/ozone/hadoop-ozone/integration-test/target/test-dir/MiniOzoneClusterImpl-ff59c164-3798-4a7f-a16d-eeed9ffb3244/omNode-3/ratis/c9bc4cf4-3bc3-3c60-a66b-523986131536/current/log_inprogress_0 to /home/runner/work/ozone/ozone/hadoop-ozone/integration-test/target/test-dir/MiniOzoneClusterImpl-ff59c164-3798-4a7f-a16d-eeed9ffb3244/omNode-3/ratis/c9bc4cf4-3bc3-3c60-a66b-523986131536/current/log_0-20
2025-04-23 04:26:56,631 [omNode-3@group-523986131536-SegmentedRaftLogWorker] INFO  segmented.BufferedWriteChannel (BufferedWriteChannel.java:open(61)) - open log_inprogress_21 at position 0
2025-04-23 04:26:56,632 [grpc-default-executor-5] WARN  server.GrpcLogAppender (GrpcLogAppender.java:lambda$resetClient$1(221)) - omNode-3@group-523986131536->omNode-1-GrpcLogAppender: Follower failed (request=null, errorCount=2); keep nextIndex (22) unchanged and retry.
2025-04-23 04:26:56,639 [omNode-2-server-thread1] INFO  ratis.OzoneManagerStateMachine (OzoneManagerStateMachine.java:notifyLeaderChanged(169)) - omNode-2@group-523986131536: leader changed to omNode-3
2025-04-23 04:26:56,639 [omNode-2-server-thread1] INFO  server.RaftServer$Division (ServerState.java:setLeader(272)) - omNode-2@group-523986131536: change Leader from null to omNode-3 at term 2 for appendEntries, leader elected after 21ms
2025-04-23 04:26:56,640 [omNode-2-server-thread1] INFO  server.RaftServer$Division (ServerState.java:setRaftConf(386)) - omNode-2@group-523986131536: set configuration conf: {index: 21, cur=peers:[omNode-3|localhost:15017, omNode-1|localhost:15009, omNode-2|localhost:15013]|listeners:[], old=null}
2025-04-23 04:26:56,640 [omNode-2-server-thread1] INFO  segmented.SegmentedRaftLogWorker (SegmentedRaftLogWorker.java:rollLogSegment(443)) - omNode-2@group-523986131536-SegmentedRaftLogWorker: Rolling segment log-0_20 to index:20
2025-04-23 04:26:56,642 [omNode-2@group-523986131536-SegmentedRaftLogWorker] INFO  segmented.SegmentedRaftLogWorker (SegmentedRaftLogWorker.java:execute(601)) - omNode-2@group-523986131536-SegmentedRaftLogWorker: Rolled log segment from /home/runner/work/ozone/ozone/hadoop-ozone/integration-test/target/test-dir/MiniOzoneClusterImpl-ff59c164-3798-4a7f-a16d-eeed9ffb3244/omNode-2/ratis/c9bc4cf4-3bc3-3c60-a66b-523986131536/current/log_inprogress_0 to /home/runner/work/ozone/ozone/hadoop-ozone/integration-test/target/test-dir/MiniOzoneClusterImpl-ff59c164-3798-4a7f-a16d-eeed9ffb3244/omNode-2/ratis/c9bc4cf4-3bc3-3c60-a66b-523986131536/current/log_0-20
2025-04-23 04:26:56,642 [omNode-3@group-523986131536-SegmentedRaftLogWorker] INFO  segmented.SegmentedRaftLogWorker (SegmentedRaftLogWorker.java:execute(644)) - omNode-3@group-523986131536-SegmentedRaftLogWorker: created new log segment /home/runner/work/ozone/ozone/hadoop-ozone/integration-test/target/test-dir/MiniOzoneClusterImpl-ff59c164-3798-4a7f-a16d-eeed9ffb3244/omNode-3/ratis/c9bc4cf4-3bc3-3c60-a66b-523986131536/current/log_inprogress_21
2025-04-23 04:26:56,642 [omNode-2@group-523986131536-SegmentedRaftLogWorker] INFO  segmented.BufferedWriteChannel (BufferedWriteChannel.java:open(61)) - open log_inprogress_21 at position 0
2025-04-23 04:26:56,650 [omNode-2@group-523986131536-SegmentedRaftLogWorker] INFO  segmented.SegmentedRaftLogWorker (SegmentedRaftLogWorker.java:execute(644)) - omNode-2@group-523986131536-SegmentedRaftLogWorker: created new log segment /home/runner/work/ozone/ozone/hadoop-ozone/integration-test/target/test-dir/MiniOzoneClusterImpl-ff59c164-3798-4a7f-a16d-eeed9ffb3244/omNode-2/ratis/c9bc4cf4-3bc3-3c60-a66b-523986131536/current/log_inprogress_21
2025-04-23 04:26:56,653 [grpc-default-executor-0] WARN  server.GrpcLogAppender (GrpcLogAppender.java:lambda$resetClient$1(221)) - omNode-3@group-523986131536->omNode-1-GrpcLogAppender: Follower failed (request=null, errorCount=5); keep nextIndex (23) unchanged and retry.
2025-04-23 04:26:56,653 [omNode-3@group-523986131536-StateMachineUpdater] INFO  ratis.OzoneManagerStateMachine (OzoneManagerStateMachine.java:notifyConfigurationChanged(231)) - notifyConfigurationChanged from Ratis: term=2, index=21, New Peer list: omNode-3(localhost:15017), omNode-1(localhost:15009), omNode-2(localhost:15013)
2025-04-23 04:26:56,654 [omNode-3@group-523986131536-StateMachineUpdater] INFO  server.RaftServer$Division (LeaderStateImpl.java:checkStartIndex(313)) - Leader omNode-3@group-523986131536-LeaderStateImpl is ready since appliedIndex == startIndex == 21
2025-04-23 04:26:56,656 [omNode-2@group-523986131536-StateMachineUpdater] INFO  ratis.OzoneManagerStateMachine (OzoneManagerStateMachine.java:notifyConfigurationChanged(231)) - notifyConfigurationChanged from Ratis: term=2, index=21, New Peer list: omNode-3(localhost:15017), omNode-1(localhost:15009), omNode-2(localhost:15013)
2025-04-23 04:27:01,630 [timer3] WARN  server.GrpcLogAppender (LogUtils.java:warn(121)) - omNode-3@group-523986131536->omNode-1-AppendLogResponseHandler: Failed appendEntries (Repeated 16 times in the last 5.000s): org.apache.ratis.thirdparty.io.grpc.StatusRuntimeException: UNAVAILABLE: io exception
2025-04-23 04:27:01,632 [timer6] WARN  server.GrpcLogAppender (GrpcLogAppender.java:lambda$resetClient$1(221)) - omNode-3@group-523986131536->omNode-1-GrpcLogAppender: Follower failed (request=null, errorCount=4); keep nextIndex (22) unchanged and retry. (Repeated 3 times in the last 5.001s)
2025-04-23 04:27:01,653 [timer3] WARN  server.GrpcLogAppender (GrpcLogAppender.java:lambda$resetClient$1(221)) - omNode-3@group-523986131536->omNode-1-GrpcLogAppender: Follower failed (request=null, errorCount=16); keep nextIndex (23) unchanged and retry. (Repeated 12 times in the last 5.000s)
2025-04-23 04:27:02,018 [grpc-default-executor-0] WARN  server.GrpcLogAppender (LogUtils.java:warn(121)) - omNode-3@group-523986131536->omNode-1-AppendLogResponseHandler: Failed appendEntries: org.apache.ratis.thirdparty.io.grpc.StatusRuntimeException: UNAVAILABLE: io exception
2025-04-23 04:27:02,019 [grpc-default-executor-4] WARN  server.GrpcLogAppender (GrpcLogAppender.java:lambda$resetClient$1(221)) - omNode-3@group-523986131536->omNode-1-GrpcLogAppender: Follower failed (request=null, errorCount=17); keep nextIndex (23) unchanged and retry.
2025-04-23 04:27:04,156 [main] INFO  retry.RetryInvocationHandler (RetryInvocationHandler.java:log(426)) - com.google.protobuf.ServiceException: java.io.EOFException: End of File Exception between local host is: "fv-az1441-587/10.1.0.164"; destination host is: "localhost":15006; : java.io.EOFException; For more details see:  http://wiki.apache.org/hadoop/EOFException, while invoking $Proxy68.submitRequest over nodeId=omNode-1,nodeAddress=127.0.0.1:15006. Trying to failover immediately. Current retry count: 0.
2025-04-23 04:27:04,159 [main] INFO  retry.RetryInvocationHandler (RetryInvocationHandler.java:log(426)) - com.google.protobuf.ServiceException: org.apache.hadoop.ipc.RemoteException(org.apache.hadoop.ozone.om.exceptions.OMNotLeaderException): OM:omNode-2 is not the leader. Suggested leader is OM:omNode-3[localhost/127.0.0.1].
	at org.apache.hadoop.ozone.om.ratis.OzoneManagerRatisServer.newOMNotLeaderException(OzoneManagerRatisServer.java:813)
	at org.apache.hadoop.ozone.om.OzoneManager.checkLeaderStatus(OzoneManager.java:4355)
	at org.apache.hadoop.ozone.om.ratis.utils.OzoneManagerRatisUtils.checkLeaderStatus(OzoneManagerRatisUtils.java:500)
	at org.apache.hadoop.ozone.protocolPB.OzoneManagerProtocolServerSideTranslatorPB.internalProcessRequest(OzoneManagerProtocolServerSideTranslatorPB.java:165)
	at org.apache.hadoop.ozone.protocolPB.OzoneManagerProtocolServerSideTranslatorPB.processRequest(OzoneManagerProtocolServerSideTranslatorPB.java:125)
	at org.apache.hadoop.hdds.server.OzoneProtocolMessageDispatcher.processRequest(OzoneProtocolMessageDispatcher.java:87)
	at org.apache.hadoop.ozone.protocolPB.OzoneManagerProtocolServerSideTranslatorPB.submitRequest(OzoneManagerProtocolServerSideTranslatorPB.java:116)
	at org.apache.hadoop.ozone.protocol.proto.OzoneManagerProtocolProtos$OzoneManagerService$2.callBlockingMethod(OzoneManagerProtocolProtos.java)
	at org.apache.hadoop.ipc.ProtobufRpcEngine$Server.processCall(ProtobufRpcEngine.java:484)
	at org.apache.hadoop.ipc.ProtobufRpcEngine2$Server$ProtoBufRpcInvoker.call(ProtobufRpcEngine2.java:595)
	at org.apache.hadoop.ipc.ProtobufRpcEngine2$Server$ProtoBufRpcInvoker.call(ProtobufRpcEngine2.java:573)
	at org.apache.hadoop.ipc.RPC$Server.call(RPC.java:1227)
	at org.apache.hadoop.ipc.Server$RpcCall.run(Server.java:1246)
	at org.apache.hadoop.ipc.Server$RpcCall.run(Server.java:1169)
	at java.base/java.security.AccessController.doPrivileged(AccessController.java:714)
	at java.base/javax.security.auth.Subject.doAs(Subject.java:525)
	at org.apache.hadoop.security.UserGroupInformation.doAs(UserGroupInformation.java:1953)
	at org.apache.hadoop.ipc.Server$Handler.run(Server.java:3198)
, while invoking $Proxy68.submitRequest over nodeId=omNode-2,nodeAddress=127.0.0.1:15010 after 1 failover attempts. Trying to failover immediately. Current retry count: 1.
2025-04-23 04:27:04,166 [grpc-default-executor-0] WARN  server.GrpcLogAppender (GrpcLogAppender.java:lambda$resetClient$1(221)) - omNode-3@group-523986131536->omNode-1-GrpcLogAppender: Follower failed (request=null, errorCount=23); keep nextIndex (25) unchanged and retry.
2025-04-23 04:27:04,176 [grpc-default-executor-4] WARN  server.GrpcLogAppender (GrpcLogAppender.java:lambda$resetClient$1(221)) - omNode-3@group-523986131536->omNode-1-GrpcLogAppender: Follower failed (request=null, errorCount=25); keep nextIndex (26) unchanged and retry.
2025-04-23 04:27:04,180 [grpc-default-executor-0] WARN  server.GrpcLogAppender (GrpcLogAppender.java:lambda$resetClient$1(221)) - omNode-3@group-523986131536->omNode-1-GrpcLogAppender: Follower failed (request=null, errorCount=27); keep nextIndex (27) unchanged and retry.
2025-04-23 04:27:04,202 [grpc-default-executor-5] WARN  server.GrpcLogAppender (GrpcLogAppender.java:lambda$resetClient$1(221)) - omNode-3@group-523986131536->omNode-1-GrpcLogAppender: Follower failed (request=null, errorCount=29); keep nextIndex (28) unchanged and retry.
2025-04-23 04:27:04,205 [grpc-default-executor-0] WARN  server.GrpcLogAppender (GrpcLogAppender.java:lambda$resetClient$1(221)) - omNode-3@group-523986131536->omNode-1-GrpcLogAppender: Follower failed (request=null, errorCount=31); keep nextIndex (29) unchanged and retry.
2025-04-23 04:27:04,212 [grpc-default-executor-4] WARN  server.GrpcLogAppender (GrpcLogAppender.java:lambda$resetClient$1(221)) - omNode-3@group-523986131536->omNode-1-GrpcLogAppender: Follower failed (request=null, errorCount=33); keep nextIndex (30) unchanged and retry.
2025-04-23 04:27:04,218 [grpc-default-executor-4] WARN  server.GrpcLogAppender (GrpcLogAppender.java:lambda$resetClient$1(221)) - omNode-3@group-523986131536->omNode-1-GrpcLogAppender: Follower failed (request=null, errorCount=35); keep nextIndex (31) unchanged and retry.
2025-04-23 04:27:04,230 [main] INFO  om.OzoneManager (OzoneManager.java:stop(2347)) - omNode-3[localhost:15014]: Stopping Ozone Manager
2025-04-23 04:27:04,230 [main] INFO  ipc.Server (Server.java:stop(3697)) - Stopping server on 15014
2025-04-23 04:27:04,232 [IPC Server listener on 15014] INFO  ipc.Server (Server.java:run(1585)) - Stopping IPC Server listener on 15014
2025-04-23 04:27:04,232 [IPC Server Responder] INFO  ipc.Server (Server.java:run(1718)) - Stopping IPC Server Responder
2025-04-23 04:27:04,233 [main] INFO  ratis.OzoneManagerRatisServer (OzoneManagerRatisServer.java:stop(634)) - Stopping org.apache.hadoop.ozone.om.ratis.OzoneManagerRatisServer@1aea51fe at port 15017
2025-04-23 04:27:04,233 [main] INFO  server.RaftServer (RaftServerProxy.java:lambda$close$9(417)) - omNode-3: close
2025-04-23 04:27:04,233 [main] INFO  server.GrpcService (GrpcService.java:closeImpl(343)) - omNode-3: shutdown server GrpcServerProtocolService now
2025-04-23 04:27:04,233 [omNode-3-impl-thread1] INFO  server.RaftServer$Division (RaftServerImpl.java:lambda$close$1(513)) - omNode-3@group-523986131536: shutdown
2025-04-23 04:27:04,233 [omNode-3-impl-thread1] INFO  util.JmxRegister (JmxRegister.java:unregister(74)) - Successfully un-registered JMX Bean with object name Ratis:service=RaftServer,group=group-523986131536,id=omNode-3
2025-04-23 04:27:04,234 [omNode-3-impl-thread1] INFO  impl.RoleInfo (RoleInfo.java:shutdownLeaderState(103)) - omNode-3: shutdown omNode-3@group-523986131536-LeaderStateImpl
2025-04-23 04:27:04,234 [omNode-3@group-523986131536->omNode-2-GrpcLogAppender-LogAppenderDaemon] WARN  server.GrpcLogAppender (GrpcLogAppender.java:mayWait(293)) - omNode-3@group-523986131536->omNode-2-GrpcLogAppender: Wait interrupted by java.lang.InterruptedException
2025-04-23 04:27:04,234 [omNode-3@group-523986131536->omNode-1-GrpcLogAppender-LogAppenderDaemon] WARN  server.GrpcLogAppender (GrpcLogAppender.java:mayWait(293)) - omNode-3@group-523986131536->omNode-1-GrpcLogAppender: Wait interrupted by java.lang.InterruptedException
2025-04-23 04:27:04,234 [Thread-860] INFO  server.GrpcServerProtocolClient (GrpcServerProtocolClient.java:close(105)) - omNode-1 Close channels
2025-04-23 04:27:04,234 [omNode-3-impl-thread1] INFO  impl.PendingRequests (PendingRequests.java:sendNotLeaderResponses(287)) - omNode-3@group-523986131536-PendingRequests: sendNotLeaderResponses
2025-04-23 04:27:04,235 [grpc-default-executor-0] INFO  server.GrpcServerProtocolService (GrpcServerProtocolService.java:onCompleted(157)) - omNode-2: Completed APPEND_ENTRIES, lastRequest: null
2025-04-23 04:27:04,235 [grpc-default-executor-0] INFO  server.GrpcServerProtocolService (GrpcServerProtocolService.java:lambda$onCompleted$5(159)) - omNode-2: Completed APPEND_ENTRIES, lastReply: serverReply {
  requestorId: "omNode-3"
  replyId: "omNode-2"
  raftGroupId {
    id: "\311\274L\364;\303<`\246kR9\206\023\0256"
  }
  callId: 17
  success: true
}
term: 2
nextIndex: 23
followerCommit: 22
matchIndex: 18446744073709551615
isHearbeat: true

2025-04-23 04:27:04,235 [omNode-3-impl-thread1] INFO  impl.StateMachineUpdater (StateMachineUpdater.java:stopAndJoin(164)) - omNode-3@group-523986131536-StateMachineUpdater: set stopIndex = 30
2025-04-23 04:27:04,235 [grpc-default-executor-4] INFO  server.GrpcServerProtocolService (GrpcServerProtocolService.java:onCompleted(157)) - omNode-2: Completed APPEND_ENTRIES, lastRequest: omNode-3->omNode-2#29-t2,previous=(t:2, i:29),leaderCommit=29,initializing? false,entries: size=1, first=(t:2, i:30), METADATAENTRY(c:29)
2025-04-23 04:27:04,235 [grpc-default-executor-4] INFO  server.GrpcServerProtocolService (GrpcServerProtocolService.java:lambda$onCompleted$5(159)) - omNode-2: Completed APPEND_ENTRIES, lastReply: null
2025-04-23 04:27:04,235 [Thread-861] INFO  server.GrpcServerProtocolClient (GrpcServerProtocolClient.java:close(105)) - omNode-2 Close channels
2025-04-23 04:27:04,237 [grpc-default-executor-0] INFO  server.GrpcLogAppender (GrpcLogAppender.java:onCompleted(550)) - omNode-3@group-523986131536->omNode-2-AppendLogResponseHandler: follower responses appendEntries COMPLETED
2025-04-23 04:27:04,237 [grpc-default-executor-0] WARN  server.GrpcLogAppender (GrpcLogAppender.java:resetClient(230)) - omNode-3@group-523986131536->omNode-2-GrpcLogAppender: Failed to getClient for omNode-2
org.apache.ratis.protocol.exceptions.AlreadyClosedException: omNode-3 is already CLOSED
	at org.apache.ratis.util.PeerProxyMap$PeerAndProxy.getProxy(PeerProxyMap.java:67)
	at org.apache.ratis.util.PeerProxyMap.getProxy(PeerProxyMap.java:124)
	at org.apache.ratis.grpc.server.GrpcLogAppender.getClient(GrpcLogAppender.java:200)
	at org.apache.ratis.grpc.server.GrpcLogAppender.resetClient(GrpcLogAppender.java:205)
	at org.apache.ratis.grpc.server.GrpcLogAppender.access$800(GrpcLogAppender.java:64)
	at org.apache.ratis.grpc.server.GrpcLogAppender$AppendLogResponseHandler.onCompleted(GrpcLogAppender.java:551)
	at org.apache.ratis.thirdparty.io.grpc.stub.ClientCalls$StreamObserverToCallListenerAdapter.onClose(ClientCalls.java:479)
	at org.apache.ratis.thirdparty.io.grpc.internal.ClientCallImpl.closeObserver(ClientCallImpl.java:567)
	at org.apache.ratis.thirdparty.io.grpc.internal.ClientCallImpl.access$300(ClientCallImpl.java:71)
	at org.apache.ratis.thirdparty.io.grpc.internal.ClientCallImpl$ClientStreamListenerImpl$1StreamClosed.runInternal(ClientCallImpl.java:735)
	at org.apache.ratis.thirdparty.io.grpc.internal.ClientCallImpl$ClientStreamListenerImpl$1StreamClosed.runInContext(ClientCallImpl.java:716)
	at org.apache.ratis.thirdparty.io.grpc.internal.ContextRunnable.run(ContextRunnable.java:37)
	at org.apache.ratis.thirdparty.io.grpc.internal.SerializingExecutor.run(SerializingExecutor.java:133)
	at java.base/java.util.concurrent.ThreadPoolExecutor.runWorker(ThreadPoolExecutor.java:1144)
	at java.base/java.util.concurrent.ThreadPoolExecutor$Worker.run(ThreadPoolExecutor.java:642)
	at java.base/java.lang.Thread.run(Thread.java:1583)
2025-04-23 04:27:04,237 [grpc-default-executor-2] INFO  server.GrpcLogAppender (GrpcLogAppender.java:onCompleted(550)) - omNode-3@group-523986131536->omNode-2-AppendLogResponseHandler: follower responses appendEntries COMPLETED
2025-04-23 04:27:04,237 [grpc-default-executor-2] WARN  server.GrpcLogAppender (GrpcLogAppender.java:resetClient(230)) - omNode-3@group-523986131536->omNode-2-GrpcLogAppender: Failed to getClient for omNode-2
org.apache.ratis.protocol.exceptions.AlreadyClosedException: omNode-3 is already CLOSED
	at org.apache.ratis.util.PeerProxyMap$PeerAndProxy.getProxy(PeerProxyMap.java:67)
	at org.apache.ratis.util.PeerProxyMap.getProxy(PeerProxyMap.java:124)
	at org.apache.ratis.grpc.server.GrpcLogAppender.getClient(GrpcLogAppender.java:200)
	at org.apache.ratis.grpc.server.GrpcLogAppender.resetClient(GrpcLogAppender.java:205)
	at org.apache.ratis.grpc.server.GrpcLogAppender.access$800(GrpcLogAppender.java:64)
	at org.apache.ratis.grpc.server.GrpcLogAppender$AppendLogResponseHandler.onCompleted(GrpcLogAppender.java:551)
	at org.apache.ratis.thirdparty.io.grpc.stub.ClientCalls$StreamObserverToCallListenerAdapter.onClose(ClientCalls.java:479)
	at org.apache.ratis.thirdparty.io.grpc.internal.DelayedClientCall$DelayedListener$3.run(DelayedClientCall.java:489)
	at org.apache.ratis.thirdparty.io.grpc.internal.DelayedClientCall$DelayedListener.delayOrExecute(DelayedClientCall.java:453)
	at org.apache.ratis.thirdparty.io.grpc.internal.DelayedClientCall$DelayedListener.onClose(DelayedClientCall.java:486)
	at org.apache.ratis.thirdparty.io.grpc.internal.ClientCallImpl.closeObserver(ClientCallImpl.java:567)
	at org.apache.ratis.thirdparty.io.grpc.internal.ClientCallImpl.access$300(ClientCallImpl.java:71)
	at org.apache.ratis.thirdparty.io.grpc.internal.ClientCallImpl$ClientStreamListenerImpl$1StreamClosed.runInternal(ClientCallImpl.java:735)
	at org.apache.ratis.thirdparty.io.grpc.internal.ClientCallImpl$ClientStreamListenerImpl$1StreamClosed.runInContext(ClientCallImpl.java:716)
	at org.apache.ratis.thirdparty.io.grpc.internal.ContextRunnable.run(ContextRunnable.java:37)
	at org.apache.ratis.thirdparty.io.grpc.internal.SerializingExecutor.run(SerializingExecutor.java:133)
	at java.base/java.util.concurrent.ThreadPoolExecutor.runWorker(ThreadPoolExecutor.java:1144)
	at java.base/java.util.concurrent.ThreadPoolExecutor$Worker.run(ThreadPoolExecutor.java:642)
	at java.base/java.lang.Thread.run(Thread.java:1583)
2025-04-23 04:27:04,238 [main] INFO  server.GrpcService (GrpcService.java:closeImpl(352)) - omNode-3: shutdown server GrpcServerProtocolService successfully
2025-04-23 04:27:04,259 [omNode-3@group-523986131536-StateMachineUpdater] INFO  ratis.OzoneManagerStateMachine (OzoneManagerStateMachine.java:takeSnapshotImpl(510)) - omNode-3: taking snapshot. applied = (t:2, i:30), skipped = 29, notified = (t:2, i:30), current snapshot index = (t:2, i:30), took 23 ms
2025-04-23 04:27:04,259 [omNode-3@group-523986131536-StateMachineUpdater] INFO  impl.StateMachineUpdater (StateMachineUpdater.java:takeSnapshot(303)) - omNode-3@group-523986131536-StateMachineUpdater: Took a snapshot at index 30
2025-04-23 04:27:04,259 [omNode-3@group-523986131536-StateMachineUpdater] INFO  impl.StateMachineUpdater (StateMachineUpdater.java:lambda$new$0(102)) - omNode-3@group-523986131536-StateMachineUpdater: snapshotIndex: updateIncreasingly -1 -> 30
2025-04-23 04:27:04,259 [omNode-3@group-523986131536-StateMachineUpdater] INFO  impl.StateMachineUpdater (StateMachineUpdater.java:stop(141)) - omNode-3@group-523986131536-StateMachineUpdater: closing OzoneManagerStateMachine, lastApplied=(t:2, i:30)
2025-04-23 04:27:04,259 [omNode-3@group-523986131536-StateMachineUpdater] INFO  ratis.OzoneManagerStateMachine (OzoneManagerStateMachine.java:close(550)) - Stopping OzoneManagerStateMachine:omNode-3:group-523986131536.
2025-04-23 04:27:04,259 [omNode-3@group-523986131536-StateMachineUpdater] INFO  ratis.OzoneManagerDoubleBuffer (OzoneManagerDoubleBuffer.java:stopDaemon(500)) - Stopping OMDoubleBuffer flush thread
2025-04-23 04:27:04,259 [omNode-3-OMDoubleBufferFlushThread] INFO  ratis.OzoneManagerDoubleBuffer (OzoneManagerDoubleBuffer.java:canFlush(559)) - OMDoubleBuffer flush thread omNode-3-OMDoubleBufferFlushThread is interrupted and will exit.
2025-04-23 04:27:04,260 [omNode-3@group-523986131536-cacheEviction-AwaitToRun] INFO  util.AwaitToRun (AwaitToRun.java:run(49)) - omNode-3@group-523986131536-cacheEviction-AwaitToRun-AwaitForSignal is interrupted
2025-04-23 04:27:05,213 [omNode-3-impl-thread1] INFO  segmented.SegmentedRaftLogWorker (SegmentedRaftLogWorker.java:close(252)) - omNode-3@group-523986131536-SegmentedRaftLogWorker close()
2025-04-23 04:27:05,214 [JvmPauseMonitor4] INFO  util.JvmPauseMonitor (JvmPauseMonitor.java:run(152)) - JvmPauseMonitor-omNode-3: Stopped
2025-04-23 04:27:05,214 [main] INFO  utils.BackgroundService (BackgroundService.java:shutdown(161)) - Shutting down service KeyDeletingService
2025-04-23 04:27:05,215 [main] INFO  utils.BackgroundService (BackgroundService.java:shutdown(161)) - Shutting down service DirectoryDeletingService
2025-04-23 04:27:05,216 [main] INFO  utils.BackgroundService (BackgroundService.java:shutdown(161)) - Shutting down service OpenKeyCleanupService
2025-04-23 04:27:05,216 [main] INFO  utils.BackgroundService (BackgroundService.java:shutdown(161)) - Shutting down service SstFilteringService
2025-04-23 04:27:05,217 [main] INFO  utils.BackgroundService (BackgroundService.java:shutdown(161)) - Shutting down service SnapshotDeletingService
2025-04-23 04:27:05,217 [main] INFO  utils.BackgroundService (BackgroundService.java:shutdown(161)) - Shutting down service MultipartUploadCleanupService
2025-04-23 04:27:05,218 [main] INFO  handler.ContextHandler (ContextHandler.java:doStop(1159)) - Stopped o.e.j.w.WebAppContext@6bdb0635{ozoneManager,/,null,STOPPED}{file:/home/runner/work/ozone/ozone/hadoop-ozone/integration-test/target/test-classes/webapps/ozoneManager}
2025-04-23 04:27:05,219 [main] INFO  server.AbstractConnector (AbstractConnector.java:doStop(383)) - Stopped ServerConnector@2ec173e5{HTTP/1.1, (http/1.1)}{0.0.0.0:15015}
2025-04-23 04:27:05,219 [main] INFO  server.session (HouseKeeper.java:stopScavenging(149)) - node0 Stopped scavenging
2025-04-23 04:27:05,219 [main] INFO  handler.ContextHandler (ContextHandler.java:doStop(1159)) - Stopped o.e.j.s.ServletContextHandler@7a6dd9dd{static,/static,file:///home/runner/work/ozone/ozone/hadoop-ozone/integration-test/target/test-classes/webapps/static,STOPPED}
2025-04-23 04:27:05,219 [main] INFO  handler.ContextHandler (ContextHandler.java:doStop(1159)) - Stopped o.e.j.s.ServletContextHandler@48b5669c{logs,/logs,file:///home/runner/work/ozone/ozone/hadoop-ozone/integration-test/target/log,STOPPED}
2025-04-23 04:27:05,220 [main] INFO  rocksdiff.RocksDBCheckpointDiffer (RocksDBCheckpointDiffer.java:close(304)) - Shutting down CompactionDagPruningService.
2025-04-23 04:27:05,221 [main] INFO  snapshot.SnapshotDiffManager (SnapshotDiffManager.java:closeExecutorService(1698)) - Shutting down executorService: 'SnapDiffExecutor'
2025-04-23 04:27:05,221 [main] INFO  utils.BackgroundService (BackgroundService.java:shutdown(161)) - Shutting down service SnapshotDiffCleanupService
2025-04-23 04:27:05,222 [main] INFO  om.OzoneManager (OzoneManager.java:stop(2347)) - omNode-1[localhost:15006]: Stopping Ozone Manager
2025-04-23 04:27:05,222 [main] INFO  om.OzoneManager (OzoneManager.java:stop(2347)) - omNode-2[localhost:15010]: Stopping Ozone Manager
2025-04-23 04:27:05,223 [main] INFO  ipc.Server (Server.java:stop(3697)) - Stopping server on 15010
2025-04-23 04:27:05,225 [IPC Server listener on 15010] INFO  ipc.Server (Server.java:run(1585)) - Stopping IPC Server listener on 15010
2025-04-23 04:27:05,226 [main] INFO  ratis.OzoneManagerRatisServer (OzoneManagerRatisServer.java:stop(634)) - Stopping org.apache.hadoop.ozone.om.ratis.OzoneManagerRatisServer@21e4c4d4 at port 15013
2025-04-23 04:27:05,226 [main] INFO  server.RaftServer (RaftServerProxy.java:lambda$close$9(417)) - omNode-2: close
2025-04-23 04:27:05,226 [main] INFO  server.GrpcService (GrpcService.java:closeImpl(343)) - omNode-2: shutdown server GrpcServerProtocolService now
2025-04-23 04:27:05,226 [omNode-2-impl-thread1] INFO  server.RaftServer$Division (RaftServerImpl.java:lambda$close$1(513)) - omNode-2@group-523986131536: shutdown
2025-04-23 04:27:05,226 [omNode-2-impl-thread1] INFO  util.JmxRegister (JmxRegister.java:unregister(74)) - Successfully un-registered JMX Bean with object name Ratis:service=RaftServer,group=group-523986131536,id=omNode-2
2025-04-23 04:27:05,226 [IPC Server Responder] INFO  ipc.Server (Server.java:run(1718)) - Stopping IPC Server Responder
2025-04-23 04:27:05,226 [omNode-2-impl-thread1] INFO  impl.RoleInfo (RoleInfo.java:shutdownFollowerState(121)) - omNode-2: shutdown omNode-2@group-523986131536-FollowerState
2025-04-23 04:27:05,227 [omNode-2-impl-thread1] INFO  impl.StateMachineUpdater (StateMachineUpdater.java:stopAndJoin(164)) - omNode-2@group-523986131536-StateMachineUpdater: set stopIndex = 29
2025-04-23 04:27:05,227 [omNode-2@group-523986131536-FollowerState] INFO  impl.FollowerState (FollowerState.java:runImpl(170)) - omNode-2@group-523986131536-FollowerState was interrupted
2025-04-23 04:27:05,227 [main] INFO  server.GrpcService (GrpcService.java:closeImpl(352)) - omNode-2: shutdown server GrpcServerProtocolService successfully
2025-04-23 04:27:05,249 [omNode-2@group-523986131536-StateMachineUpdater] INFO  ratis.OzoneManagerStateMachine (OzoneManagerStateMachine.java:takeSnapshotImpl(510)) - omNode-2: taking snapshot. applied = (t:2, i:29), skipped = 27, notified = (t:2, i:28), current snapshot index = (t:2, i:29), took 22 ms
2025-04-23 04:27:05,249 [omNode-2@group-523986131536-StateMachineUpdater] INFO  impl.StateMachineUpdater (StateMachineUpdater.java:takeSnapshot(303)) - omNode-2@group-523986131536-StateMachineUpdater: Took a snapshot at index 29
2025-04-23 04:27:05,249 [omNode-2@group-523986131536-StateMachineUpdater] INFO  impl.StateMachineUpdater (StateMachineUpdater.java:lambda$new$0(102)) - omNode-2@group-523986131536-StateMachineUpdater: snapshotIndex: updateIncreasingly -1 -> 29
2025-04-23 04:27:05,249 [omNode-2@group-523986131536-StateMachineUpdater] INFO  impl.StateMachineUpdater (StateMachineUpdater.java:stop(141)) - omNode-2@group-523986131536-StateMachineUpdater: closing OzoneManagerStateMachine, lastApplied=(t:2, i:29)
2025-04-23 04:27:05,249 [omNode-2@group-523986131536-StateMachineUpdater] INFO  ratis.OzoneManagerStateMachine (OzoneManagerStateMachine.java:close(550)) - Stopping OzoneManagerStateMachine:omNode-2:group-523986131536.
2025-04-23 04:27:05,249 [omNode-2@group-523986131536-StateMachineUpdater] INFO  ratis.OzoneManagerDoubleBuffer (OzoneManagerDoubleBuffer.java:stopDaemon(500)) - Stopping OMDoubleBuffer flush thread
2025-04-23 04:27:05,249 [omNode-2-OMDoubleBufferFlushThread] INFO  ratis.OzoneManagerDoubleBuffer (OzoneManagerDoubleBuffer.java:canFlush(559)) - OMDoubleBuffer flush thread omNode-2-OMDoubleBufferFlushThread is interrupted and will exit.
2025-04-23 04:27:05,250 [omNode-2@group-523986131536-cacheEviction-AwaitToRun] INFO  util.AwaitToRun (AwaitToRun.java:run(49)) - omNode-2@group-523986131536-cacheEviction-AwaitToRun-AwaitForSignal is interrupted
2025-04-23 04:27:06,215 [omNode-2-impl-thread1] INFO  segmented.SegmentedRaftLogWorker (SegmentedRaftLogWorker.java:close(252)) - omNode-2@group-523986131536-SegmentedRaftLogWorker close()
2025-04-23 04:27:06,216 [JvmPauseMonitor3] INFO  util.JvmPauseMonitor (JvmPauseMonitor.java:run(152)) - JvmPauseMonitor-omNode-2: Stopped
2025-04-23 04:27:06,216 [main] INFO  utils.BackgroundService (BackgroundService.java:shutdown(161)) - Shutting down service KeyDeletingService
2025-04-23 04:27:06,216 [main] INFO  utils.BackgroundService (BackgroundService.java:shutdown(161)) - Shutting down service DirectoryDeletingService
2025-04-23 04:27:06,217 [main] INFO  utils.BackgroundService (BackgroundService.java:shutdown(161)) - Shutting down service OpenKeyCleanupService
2025-04-23 04:27:06,218 [main] INFO  utils.BackgroundService (BackgroundService.java:shutdown(161)) - Shutting down service SstFilteringService
2025-04-23 04:27:06,218 [main] INFO  utils.BackgroundService (BackgroundService.java:shutdown(161)) - Shutting down service SnapshotDeletingService
2025-04-23 04:27:06,219 [main] INFO  utils.BackgroundService (BackgroundService.java:shutdown(161)) - Shutting down service MultipartUploadCleanupService
2025-04-23 04:27:06,220 [main] INFO  handler.ContextHandler (ContextHandler.java:doStop(1159)) - Stopped o.e.j.w.WebAppContext@9a31da0{ozoneManager,/,null,STOPPED}{file:/home/runner/work/ozone/ozone/hadoop-ozone/integration-test/target/test-classes/webapps/ozoneManager}
2025-04-23 04:27:06,221 [main] INFO  server.AbstractConnector (AbstractConnector.java:doStop(383)) - Stopped ServerConnector@2f9153a3{HTTP/1.1, (http/1.1)}{0.0.0.0:15011}
2025-04-23 04:27:06,221 [main] INFO  server.session (HouseKeeper.java:stopScavenging(149)) - node0 Stopped scavenging
2025-04-23 04:27:06,221 [main] INFO  handler.ContextHandler (ContextHandler.java:doStop(1159)) - Stopped o.e.j.s.ServletContextHandler@56d96ef4{static,/static,file:///home/runner/work/ozone/ozone/hadoop-ozone/integration-test/target/test-classes/webapps/static,STOPPED}
2025-04-23 04:27:06,221 [main] INFO  handler.ContextHandler (ContextHandler.java:doStop(1159)) - Stopped o.e.j.s.ServletContextHandler@4f1bfab4{logs,/logs,file:///home/runner/work/ozone/ozone/hadoop-ozone/integration-test/target/log,STOPPED}
2025-04-23 04:27:06,222 [main] INFO  rocksdiff.RocksDBCheckpointDiffer (RocksDBCheckpointDiffer.java:close(304)) - Shutting down CompactionDagPruningService.
2025-04-23 04:27:06,224 [main] INFO  snapshot.SnapshotDiffManager (SnapshotDiffManager.java:closeExecutorService(1698)) - Shutting down executorService: 'SnapDiffExecutor'
2025-04-23 04:27:06,225 [main] INFO  utils.BackgroundService (BackgroundService.java:shutdown(161)) - Shutting down service SnapshotDiffCleanupService
2025-04-23 04:27:06,226 [main] INFO  om.OzoneManager (OzoneManager.java:restart(1878)) - OzoneManager RPC server is listening at localhost/127.0.0.1:15014
2025-04-23 04:27:06,227 [main] INFO  impl.MetricsSystemImpl (MetricsSystemImpl.java:init(158)) - OzoneManager metrics system started (again)
2025-04-23 04:27:06,239 [main] WARN  server.ServerUtils (ServerUtils.java:getDBPath(297)) - ozone.om.db.dirs is not configured. We recommend adding this setting. Falling back to ozone.metadata.dirs instead.
2025-04-23 04:27:06,284 [main] INFO  om.OzoneManager (OzoneManager.java:instantiateServices(933)) - S3 Multi-Tenancy is disabled
2025-04-23 04:27:06,285 [main] INFO  om.OmSnapshotManager (OmSnapshotManager.java:<init>(180)) - Ozone filesystem snapshot feature is enabled.
2025-04-23 04:27:06,285 [main] WARN  server.ServerUtils (ServerUtils.java:getDBPath(297)) - ozone.om.snapshot.diff.db.dir is not configured. We recommend adding this setting. Falling back to ozone.metadata.dirs instead.
2025-04-23 04:27:06,308 [main] WARN  server.ServerUtils (ServerUtils.java:getDefaultRatisDirectory(309)) - Storage directory for Ratis is not configured. It is a good idea to map this to an SSD disk. Falling back to ozone.metadata.dirs
2025-04-23 04:27:06,309 [main] INFO  server.RaftServerConfigKeys (ConfUtils.java:logGet(46)) - raft.server.log.appender.buffer.byte-limit = 4194304 (custom)
2025-04-23 04:27:06,310 [main] INFO  ratis.OzoneManagerRatisServer (OzoneManagerRatisServer.java:<init>(167)) - Instantiating OM Ratis server with groupID: om-service-test1 and peers: localhost:15017, localhost:15009, localhost:15013
2025-04-23 04:27:06,311 [main] INFO  ratis.OzoneManagerStateMachine (OzoneManagerStateMachine.java:loadSnapshotInfoFromDB(611)) - LastAppliedIndex is set from TransactionInfo from OM DB as (t:2, i:30)
2025-04-23 04:27:06,311 [main] INFO  server.RaftServer (ConfUtils.java:logGet(46)) - raft.rpc.type = GRPC (default)
2025-04-23 04:27:06,311 [main] INFO  grpc.GrpcConfigKeys (ConfUtils.java:logFallback(53)) - raft.grpc.admin.host = null (fallback to raft.grpc.server.host)
2025-04-23 04:27:06,311 [main] INFO  grpc.GrpcConfigKeys (ConfUtils.java:logFallback(53)) - raft.grpc.admin.port = 15017 (fallback to raft.grpc.server.port)
2025-04-23 04:27:06,312 [main] INFO  grpc.GrpcConfigKeys (ConfUtils.java:logFallback(53)) - raft.grpc.client.host = null (fallback to raft.grpc.server.host)
2025-04-23 04:27:06,312 [main] INFO  grpc.GrpcConfigKeys (ConfUtils.java:logFallback(53)) - raft.grpc.client.port = 15017 (fallback to raft.grpc.server.port)
2025-04-23 04:27:06,312 [main] INFO  grpc.GrpcConfigKeys (ConfUtils.java:logGet(46)) - raft.grpc.server.host = null (default)
2025-04-23 04:27:06,312 [main] INFO  grpc.GrpcConfigKeys (ConfUtils.java:logGet(46)) - raft.grpc.server.port = 15017 (custom)
2025-04-23 04:27:06,312 [main] INFO  server.GrpcService (ConfUtils.java:logGet(46)) - raft.grpc.message.size.max = 5242880 (custom)
2025-04-23 04:27:06,312 [main] INFO  server.GrpcService (ConfUtils.java:logGet(46)) - raft.grpc.flow.control.window = 1MB (=1048576) (default)
2025-04-23 04:27:06,312 [main] INFO  server.RaftServerConfigKeys (ConfUtils.java:logGet(46)) - raft.server.rpc.request.timeout = 3000ms (default)
2025-04-23 04:27:06,312 [main] INFO  grpc.GrpcConfigKeys (ConfUtils.java:logGet(46)) - raft.grpc.server.heartbeat.channel = true (default)
2025-04-23 04:27:06,312 [main] INFO  server.RaftServerConfigKeys (ConfUtils.java:logGet(46)) - raft.server.log.appender.buffer.byte-limit = 4194304 (custom)
2025-04-23 04:27:06,312 [main] INFO  grpc.GrpcConfigKeys (ConfUtils.java:logGet(46)) - raft.grpc.server.async.request.thread.pool.cached = true (default)
2025-04-23 04:27:06,313 [main] INFO  grpc.GrpcConfigKeys (ConfUtils.java:logGet(46)) - raft.grpc.server.async.request.thread.pool.size = 32 (default)
2025-04-23 04:27:06,313 [main] INFO  impl.DataStreamServerImpl (ConfUtils.java:logGet(46)) - raft.datastream.type = DISABLED (default)
2025-04-23 04:27:06,314 [main] INFO  server.RaftServerConfigKeys (ConfUtils.java:logGet(46)) - raft.server.sleep.deviation.threshold = 300ms (default)
2025-04-23 04:27:06,314 [main] INFO  server.RaftServerConfigKeys (ConfUtils.java:logGet(46)) - raft.server.close.threshold = 60s (default)
2025-04-23 04:27:06,314 [main] INFO  server.RaftServerConfigKeys (ConfUtils.java:logGet(46)) - raft.server.leaderelection.leader.step-down.wait-time = 10s (default)
2025-04-23 04:27:06,314 [main] INFO  server.RaftServerConfigKeys (ConfUtils.java:logGet(46)) - raft.server.storage.dir = [/home/runner/work/ozone/ozone/hadoop-ozone/integration-test/target/test-dir/MiniOzoneClusterImpl-ff59c164-3798-4a7f-a16d-eeed9ffb3244/omNode-3/ratis] (custom)
2025-04-23 04:27:06,314 [main] INFO  server.RaftServerConfigKeys (ConfUtils.java:logGet(46)) - raft.server.threadpool.proxy.cached = true (default)
2025-04-23 04:27:06,314 [main] INFO  server.RaftServerConfigKeys (ConfUtils.java:logGet(46)) - raft.server.threadpool.proxy.size = 0 (default)
2025-04-23 04:27:06,315 [omNode-3-impl-thread1] INFO  server.RaftServer (RaftServerProxy.java:initGroupDir(265)) - omNode-3: found a subdirectory /home/runner/work/ozone/ozone/hadoop-ozone/integration-test/target/test-dir/MiniOzoneClusterImpl-ff59c164-3798-4a7f-a16d-eeed9ffb3244/omNode-3/ratis/c9bc4cf4-3bc3-3c60-a66b-523986131536
2025-04-23 04:27:06,315 [main] INFO  server.RaftServer (RaftServerProxy.java:addNew(100)) - omNode-3: addNew group-523986131536:[omNode-3|localhost:15017, omNode-1|localhost:15009, omNode-2|localhost:15013] returns group-523986131536:java.util.concurrent.CompletableFuture@658e055b[Not completed]
2025-04-23 04:27:06,315 [main] INFO  om.OzoneManager (OzoneManager.java:initializeRatisServer(2303)) - OzoneManager Ratis server initialized at port 15017
2025-04-23 04:27:06,315 [main] INFO  ratis.OzoneManagerRatisServer (OzoneManagerRatisServer.java:start(628)) - Starting OzoneManagerRatisServer omNode-3 at port 15017
2025-04-23 04:27:06,315 [omNode-3-groupManagement] INFO  server.RaftServer$Division (RaftServerImpl.java:<init>(255)) - omNode-3: new RaftServerImpl for group-523986131536:[omNode-3|localhost:15017, omNode-1|localhost:15009, omNode-2|localhost:15013] with OzoneManagerStateMachine:uninitialized
2025-04-23 04:27:06,315 [omNode-3-groupManagement] INFO  server.RaftServerConfigKeys (ConfUtils.java:logGet(46)) - raft.server.rpc.timeout.min = 1s (custom)
2025-04-23 04:27:06,315 [omNode-3-groupManagement] INFO  server.RaftServerConfigKeys (ConfUtils.java:logGet(46)) - raft.server.rpc.timeout.max = 1200ms (custom)
2025-04-23 04:27:06,316 [omNode-3-groupManagement] INFO  server.RaftServerConfigKeys (ConfUtils.java:logGet(46)) - raft.server.rpc.sleep.time = 25ms (default)
2025-04-23 04:27:06,316 [omNode-3-groupManagement] INFO  server.RaftServerConfigKeys (ConfUtils.java:logGet(46)) - raft.server.rpc.slowness.timeout = 2s (custom)
2025-04-23 04:27:06,316 [omNode-3-groupManagement] INFO  server.RaftServerConfigKeys (ConfUtils.java:logGet(46)) - raft.server.leaderelection.leader.step-down.wait-time = 10s (default)
2025-04-23 04:27:06,316 [omNode-3-groupManagement] INFO  server.RaftServerConfigKeys (ConfUtils.java:logGet(46)) - raft.server.leaderelection.member.majority-add = false (default)
2025-04-23 04:27:06,316 [omNode-3-groupManagement] INFO  server.RaftServerConfigKeys (ConfUtils.java:logGet(46)) - raft.server.sleep.deviation.threshold = 300ms (default)
2025-04-23 04:27:06,316 [omNode-3-groupManagement] INFO  server.RaftServer$Division (ServerState.java:<init>(114)) - omNode-3@group-523986131536: ConfigurationManager, init=conf: {index: -1, cur=peers:[omNode-3|localhost:15017, omNode-1|localhost:15009, omNode-2|localhost:15013]|listeners:[], old=null}, confs=<EMPTY_MAP>
2025-04-23 04:27:06,316 [omNode-3-groupManagement] INFO  server.RaftServerConfigKeys (ConfUtils.java:logGet(46)) - raft.server.notification.no-leader.timeout = 2s (custom)
2025-04-23 04:27:06,316 [omNode-3-groupManagement] INFO  server.RaftServerConfigKeys (ConfUtils.java:logGet(46)) - raft.server.read.timeout = 10s (default)
2025-04-23 04:27:06,316 [omNode-3-groupManagement] INFO  server.RaftServerConfigKeys (ConfUtils.java:logGet(46)) - raft.server.retrycache.expirytime = 30000ms (custom)
2025-04-23 04:27:06,316 [omNode-3-groupManagement] INFO  server.RaftServerConfigKeys (ConfUtils.java:logGet(46)) - raft.server.retrycache.statistics.expirytime = 100ms (default)
2025-04-23 04:27:06,316 [omNode-3-groupManagement] INFO  server.RaftServerConfigKeys (ConfUtils.java:logGet(46)) - raft.server.read.option = DEFAULT (default)
2025-04-23 04:27:06,316 [omNode-3-groupManagement] INFO  server.RaftServerConfigKeys (ConfUtils.java:logGet(46)) - raft.server.read.read-after-write-consistent.write-index-cache.expiry-time = 60s (default)
2025-04-23 04:27:06,318 [omNode-3-groupManagement] INFO  server.RaftServerConfigKeys (ConfUtils.java:logGet(46)) - raft.server.rpc.request.timeout = 3000ms (default)
2025-04-23 04:27:06,318 [omNode-3-groupManagement] INFO  server.RaftServerConfigKeys (ConfUtils.java:logGet(46)) - raft.server.log.appender.install.snapshot.enabled = false (custom)
2025-04-23 04:27:06,319 [omNode-3-groupManagement] INFO  server.RaftServerConfigKeys (ConfUtils.java:logGet(46)) - raft.server.threadpool.server.cached = true (default)
2025-04-23 04:27:06,319 [omNode-3-groupManagement] INFO  server.RaftServerConfigKeys (ConfUtils.java:logGet(46)) - raft.server.threadpool.server.size = 0 (default)
2025-04-23 04:27:06,319 [omNode-3-groupManagement] INFO  server.RaftServerConfigKeys (ConfUtils.java:logGet(46)) - raft.server.threadpool.client.cached = true (default)
2025-04-23 04:27:06,319 [omNode-3-groupManagement] INFO  server.RaftServerConfigKeys (ConfUtils.java:logGet(46)) - raft.server.threadpool.client.size = 0 (default)
2025-04-23 04:27:06,319 [omNode-3-impl-thread1] INFO  server.RaftServerConfigKeys (ConfUtils.java:logGet(46)) - raft.server.storage.free-space.min = 0MB (=0) (default)
2025-04-23 04:27:06,319 [omNode-3-impl-thread1] INFO  server.RaftServerConfigKeys (ConfUtils.java:logGet(46)) - raft.server.log.corruption.policy = EXCEPTION (default)
2025-04-23 04:27:06,319 [omNode-3-impl-thread1] INFO  server.RaftServerConfigKeys (ConfUtils.java:logGet(46)) - raft.server.storage.dir = [/home/runner/work/ozone/ozone/hadoop-ozone/integration-test/target/test-dir/MiniOzoneClusterImpl-ff59c164-3798-4a7f-a16d-eeed9ffb3244/omNode-3/ratis] (custom)
2025-04-23 04:27:06,320 [omNode-3-impl-thread1] INFO  storage.RaftStorageDirectory (RaftStorageDirectoryImpl.java:tryLock(229)) - Lock on /home/runner/work/ozone/ozone/hadoop-ozone/integration-test/target/test-dir/MiniOzoneClusterImpl-ff59c164-3798-4a7f-a16d-eeed9ffb3244/omNode-3/ratis/c9bc4cf4-3bc3-3c60-a66b-523986131536/in_use.lock acquired by nodename 129558@fv-az1441-587
2025-04-23 04:27:06,321 [omNode-3-impl-thread1] INFO  storage.RaftStorage (RaftStorageImpl.java:analyzeAndRecoverStorage(118)) - Read RaftStorageMetadata{term=2, votedFor=omNode-3} from /home/runner/work/ozone/ozone/hadoop-ozone/integration-test/target/test-dir/MiniOzoneClusterImpl-ff59c164-3798-4a7f-a16d-eeed9ffb3244/omNode-3/ratis/c9bc4cf4-3bc3-3c60-a66b-523986131536/current/raft-meta
2025-04-23 04:27:06,321 [omNode-3-impl-thread1] INFO  server.RaftServer$Division (ServerState.java:setRaftConf(386)) - omNode-3@group-523986131536: set configuration conf: {index: 21, cur=peers:[omNode-3|localhost:15017, omNode-1|localhost:15009, omNode-2|localhost:15013]|listeners:[], old=null}
2025-04-23 04:27:06,321 [omNode-3-impl-thread1] INFO  ratis.OzoneManagerStateMachine (OzoneManagerStateMachine.java:lambda$0(138)) - omNode-3: initialize group-523986131536 with (t:2, i:30)
2025-04-23 04:27:06,321 [omNode-3-impl-thread1] INFO  server.RaftServerConfigKeys (ConfUtils.java:logGet(46)) - raft.server.log.use.memory = false (default)
2025-04-23 04:27:06,321 [omNode-3-impl-thread1] INFO  server.RaftServerConfigKeys (ConfUtils.java:logGet(46)) - raft.server.log.purge.gap = 50 (custom)
2025-04-23 04:27:06,321 [omNode-3-impl-thread1] INFO  server.RaftServerConfigKeys (ConfUtils.java:logGet(46)) - raft.server.log.appender.buffer.byte-limit = 4194304 (custom)
2025-04-23 04:27:06,321 [omNode-3-impl-thread1] INFO  server.RaftServerConfigKeys (ConfUtils.java:logGet(46)) - raft.server.log.statemachine.data.read.timeout = 1000ms (default)
2025-04-23 04:27:06,321 [omNode-3-impl-thread1] INFO  server.RaftServerConfigKeys (ConfUtils.java:logGet(46)) - raft.server.log.purge.preservation.log.num = 0 (default)
2025-04-23 04:27:06,322 [omNode-3-impl-thread1] INFO  server.RaftServerConfigKeys (ConfUtils.java:logGet(46)) - raft.server.log.segment.size.max = 4194304 (custom)
2025-04-23 04:27:06,323 [omNode-3-impl-thread1] INFO  server.RaftServerConfigKeys (ConfUtils.java:logGet(46)) - raft.server.log.segment.cache.num.max = 2 (custom)
2025-04-23 04:27:06,323 [omNode-3-impl-thread1] INFO  server.RaftServerConfigKeys (ConfUtils.java:logGet(46)) - raft.server.log.segment.cache.size.max = 200MB (=209715200) (default)
2025-04-23 04:27:06,323 [omNode-3-impl-thread1] INFO  server.RaftServerConfigKeys (ConfUtils.java:logGet(46)) - raft.server.log.appender.buffer.byte-limit = 4194304 (custom)
2025-04-23 04:27:06,323 [omNode-3-impl-thread1] INFO  util.AwaitToRun (AwaitToRun.java:start(81)) - Thread[#1367,omNode-3@group-523986131536-cacheEviction-AwaitToRun,5,main] started
2025-04-23 04:27:06,323 [omNode-3-impl-thread1] INFO  segmented.SegmentedRaftLogWorker (SegmentedRaftLogWorker.java:<init>(188)) - new omNode-3@group-523986131536-SegmentedRaftLogWorker for RaftStorageImpl:Storage Directory /home/runner/work/ozone/ozone/hadoop-ozone/integration-test/target/test-dir/MiniOzoneClusterImpl-ff59c164-3798-4a7f-a16d-eeed9ffb3244/omNode-3/ratis/c9bc4cf4-3bc3-3c60-a66b-523986131536
2025-04-23 04:27:06,323 [omNode-3-impl-thread1] INFO  server.RaftServerConfigKeys (ConfUtils.java:logGet(46)) - raft.server.log.queue.byte-limit = 64MB (=67108864) (default)
2025-04-23 04:27:06,323 [omNode-3-impl-thread1] INFO  server.RaftServerConfigKeys (ConfUtils.java:logGet(46)) - raft.server.log.queue.element-limit = 4096 (default)
2025-04-23 04:27:06,323 [omNode-3-impl-thread1] INFO  server.RaftServerConfigKeys (ConfUtils.java:logGet(46)) - raft.server.log.segment.size.max = 4194304 (custom)
2025-04-23 04:27:06,323 [omNode-3-impl-thread1] INFO  server.RaftServerConfigKeys (ConfUtils.java:logGet(46)) - raft.server.log.preallocated.size = 4194304 (custom)
2025-04-23 04:27:06,324 [omNode-3-impl-thread1] INFO  server.RaftServerConfigKeys (ConfUtils.java:logGet(46)) - raft.server.log.force.sync.num = 128 (default)
2025-04-23 04:27:06,324 [omNode-3-impl-thread1] INFO  server.RaftServerConfigKeys (ConfUtils.java:logGet(46)) - raft.server.log.statemachine.data.sync = true (default)
2025-04-23 04:27:06,324 [omNode-3-impl-thread1] INFO  server.RaftServerConfigKeys (ConfUtils.java:logGet(46)) - raft.server.log.statemachine.data.sync.timeout = 10s (default)
2025-04-23 04:27:06,324 [omNode-3-impl-thread1] INFO  server.RaftServerConfigKeys (ConfUtils.java:logGet(46)) - raft.server.log.statemachine.data.sync.timeout.retry = -1 (default)
2025-04-23 04:27:06,324 [omNode-3-impl-thread1] INFO  server.RaftServerConfigKeys (ConfUtils.java:logGet(46)) - raft.server.log.write.buffer.size = 4194312 (custom)
2025-04-23 04:27:06,324 [omNode-3-impl-thread1] INFO  server.RaftServerConfigKeys (ConfUtils.java:logGet(46)) - raft.server.log.appender.buffer.byte-limit = 4194304 (custom)
2025-04-23 04:27:06,324 [omNode-3-impl-thread1] INFO  server.RaftServerConfigKeys (ConfUtils.java:logGet(46)) - raft.server.log.unsafe-flush.enabled = false (default)
2025-04-23 04:27:06,324 [omNode-3-impl-thread1] INFO  server.RaftServerConfigKeys (ConfUtils.java:logGet(46)) - raft.server.log.async-flush.enabled = false (default)
2025-04-23 04:27:06,324 [omNode-3-impl-thread1] INFO  server.RaftServerConfigKeys (ConfUtils.java:logGet(46)) - raft.server.log.statemachine.data.caching.enabled = false (default)
2025-04-23 04:27:06,325 [omNode-3-impl-thread1] INFO  server.RaftServer$Division (ServerState.java:setRaftConf(386)) - omNode-3@group-523986131536: set configuration conf: {index: 0, cur=peers:[omNode-3|localhost:15017, omNode-1|localhost:15009, omNode-2|localhost:15013]|listeners:[], old=null}
2025-04-23 04:27:06,325 [omNode-3-impl-thread1] INFO  segmented.LogSegment (LogSegment.java:loadSegment(171)) - Successfully read 21 entries from segment file /home/runner/work/ozone/ozone/hadoop-ozone/integration-test/target/test-dir/MiniOzoneClusterImpl-ff59c164-3798-4a7f-a16d-eeed9ffb3244/omNode-3/ratis/c9bc4cf4-3bc3-3c60-a66b-523986131536/current/log_0-20
2025-04-23 04:27:06,326 [omNode-3-impl-thread1] INFO  server.RaftServer$Division (ServerState.java:setRaftConf(386)) - omNode-3@group-523986131536: set configuration conf: {index: 21, cur=peers:[omNode-3|localhost:15017, omNode-1|localhost:15009, omNode-2|localhost:15013]|listeners:[], old=null}
2025-04-23 04:27:06,326 [omNode-3-impl-thread1] INFO  segmented.LogSegment (LogSegment.java:loadSegment(171)) - Successfully read 10 entries from segment file /home/runner/work/ozone/ozone/hadoop-ozone/integration-test/target/test-dir/MiniOzoneClusterImpl-ff59c164-3798-4a7f-a16d-eeed9ffb3244/omNode-3/ratis/c9bc4cf4-3bc3-3c60-a66b-523986131536/current/log_inprogress_21
2025-04-23 04:27:06,327 [omNode-3-impl-thread1] INFO  segmented.SegmentedRaftLogWorker (SegmentedRaftLogWorker.java:lambda$new$0(139)) - omNode-3@group-523986131536-SegmentedRaftLogWorker: flushIndex: setUnconditionally 0 -> 30
2025-04-23 04:27:06,327 [omNode-3-impl-thread1] INFO  segmented.SegmentedRaftLogWorker (SegmentedRaftLogWorker.java:lambda$new$0(139)) - omNode-3@group-523986131536-SegmentedRaftLogWorker: safeCacheEvictIndex: setUnconditionally 0 -> 20
2025-04-23 04:27:06,327 [omNode-3-impl-thread1] INFO  segmented.BufferedWriteChannel (BufferedWriteChannel.java:open(61)) - open log_inprogress_21 (append) at position 2325
2025-04-23 04:27:06,327 [omNode-3-impl-thread1] INFO  server.RaftServer$Division (RaftServerImpl.java:start(391)) - omNode-3@group-523986131536: start as a follower, conf=conf: {index: 21, cur=peers:[omNode-3|localhost:15017, omNode-1|localhost:15009, omNode-2|localhost:15013]|listeners:[], old=null}
2025-04-23 04:27:06,327 [omNode-3-impl-thread1] INFO  server.RaftServer$Division (RaftServerImpl.java:setRole(378)) - omNode-3@group-523986131536: changes role from      null to FOLLOWER at term 2 for startAsFollower
2025-04-23 04:27:06,327 [omNode-3-impl-thread1] INFO  impl.RoleInfo (RoleInfo.java:updateAndGet(148)) - omNode-3: start omNode-3@group-523986131536-FollowerState
2025-04-23 04:27:06,328 [omNode-3@group-523986131536-FollowerState] INFO  server.RaftServerConfigKeys (ConfUtils.java:logFallback(53)) - raft.server.rpc.first-election.timeout.min = 1s (fallback to raft.server.rpc.timeout.min)
2025-04-23 04:27:06,328 [omNode-3@group-523986131536-FollowerState] INFO  server.RaftServerConfigKeys (ConfUtils.java:logFallback(53)) - raft.server.rpc.first-election.timeout.max = 1200ms (fallback to raft.server.rpc.timeout.max)
2025-04-23 04:27:06,328 [omNode-3-impl-thread1] INFO  util.JmxRegister (JmxRegister.java:tryRegister(44)) - Successfully registered JMX Bean with object name Ratis:service=RaftServer,group=group-523986131536,id=omNode-3
2025-04-23 04:27:06,328 [omNode-3-impl-thread1] INFO  util.JmxRegister (JmxRegister.java:register(58)) - register mxBean class org.apache.ratis.server.impl.RaftServerJmxAdapter as Ratis:service=RaftServer,group=group-523986131536,id=omNode-3
2025-04-23 04:27:06,328 [omNode-3-impl-thread1] INFO  server.RaftServerConfigKeys (ConfUtils.java:logGet(46)) - raft.server.snapshot.trigger-when-stop.enabled = true (default)
2025-04-23 04:27:06,328 [omNode-3-impl-thread1] INFO  server.RaftServerConfigKeys (ConfUtils.java:logGet(46)) - raft.server.snapshot.trigger-when-remove.enabled = true (default)
2025-04-23 04:27:06,328 [omNode-3-impl-thread1] INFO  server.RaftServerConfigKeys (ConfUtils.java:logGet(46)) - raft.server.snapshot.auto.trigger.enabled = true (custom)
2025-04-23 04:27:06,328 [omNode-3-impl-thread1] INFO  server.RaftServerConfigKeys (ConfUtils.java:logGet(46)) - raft.server.snapshot.auto.trigger.threshold = 50 (custom)
2025-04-23 04:27:06,328 [omNode-3-impl-thread1] INFO  server.RaftServerConfigKeys (ConfUtils.java:logGet(46)) - raft.server.snapshot.retention.file.num = -1 (default)
2025-04-23 04:27:06,328 [omNode-3-impl-thread1] INFO  server.RaftServerConfigKeys (ConfUtils.java:logGet(46)) - raft.server.log.purge.upto.snapshot.index = true (custom)
2025-04-23 04:27:06,329 [omNode-3-impl-thread1] INFO  server.RaftServer$Division (RaftServerImpl.java:start(405)) - omNode-3@group-523986131536: Successfully started.
2025-04-23 04:27:06,329 [main] INFO  server.RaftServer (RaftServerProxy.java:startImpl(407)) - omNode-3: start RPC server
2025-04-23 04:27:06,329 [main] INFO  server.GrpcService (GrpcService.java:startImpl(334)) - omNode-3: GrpcService started, listening on 15017
2025-04-23 04:27:06,330 [main] INFO  om.OzoneManager (OzoneManager.java:getRpcServer(1360)) - Creating RPC Server
2025-04-23 04:27:06,330 [JvmPauseMonitor8] INFO  util.JvmPauseMonitor (JvmPauseMonitor.java:run(146)) - JvmPauseMonitor-omNode-3: Started
2025-04-23 04:27:06,762 [main] INFO  reflections.Reflections (Reflections.java:scan(219)) - Reflections took 432 ms to scan 22 urls, producing 61 keys and 7422 values
2025-04-23 04:27:06,764 [main] INFO  ipc.CallQueueManager (CallQueueManager.java:<init>(93)) - Using callQueue: class java.util.concurrent.LinkedBlockingQueue, queueCapacity: 2000, scheduler: class org.apache.hadoop.ipc.DefaultRpcScheduler, ipcBackoff: false, ipcFailOver: false.
2025-04-23 04:27:06,764 [main] INFO  ipc.Server (Server.java:<init>(1438)) - Listener at localhost:15014
2025-04-23 04:27:06,765 [Socket Reader #1 for port 15014] INFO  ipc.Server (Server.java:run(1474)) - Starting Socket Reader #1 for port 15014
2025-04-23 04:27:06,765 [Socket Reader #2 for port 15014] INFO  ipc.Server (Server.java:run(1474)) - Starting Socket Reader #2 for port 15014
2025-04-23 04:27:06,765 [Socket Reader #3 for port 15014] INFO  ipc.Server (Server.java:run(1474)) - Starting Socket Reader #3 for port 15014
2025-04-23 04:27:06,765 [Socket Reader #4 for port 15014] INFO  ipc.Server (Server.java:run(1474)) - Starting Socket Reader #4 for port 15014
2025-04-23 04:27:06,765 [Socket Reader #5 for port 15014] INFO  ipc.Server (Server.java:run(1474)) - Starting Socket Reader #5 for port 15014
2025-04-23 04:27:06,766 [Socket Reader #6 for port 15014] INFO  ipc.Server (Server.java:run(1474)) - Starting Socket Reader #6 for port 15014
2025-04-23 04:27:06,766 [Socket Reader #7 for port 15014] INFO  ipc.Server (Server.java:run(1474)) - Starting Socket Reader #7 for port 15014
2025-04-23 04:27:06,766 [Socket Reader #8 for port 15014] INFO  ipc.Server (Server.java:run(1474)) - Starting Socket Reader #8 for port 15014
2025-04-23 04:27:06,766 [Socket Reader #9 for port 15014] INFO  ipc.Server (Server.java:run(1474)) - Starting Socket Reader #9 for port 15014
2025-04-23 04:27:06,767 [Socket Reader #10 for port 15014] INFO  ipc.Server (Server.java:run(1474)) - Starting Socket Reader #10 for port 15014
2025-04-23 04:27:06,769 [main] INFO  http.BaseHttpServer (BaseHttpServer.java:newHttpServer2BuilderForOzone(229)) - Starting Web-server for ozoneManager at: http://0.0.0.0:15015
2025-04-23 04:27:06,769 [main] INFO  http.BaseHttpServer (BaseHttpServer.java:<init>(107)) - Hadoop Security Enabled: false Ozone Security Enabled: false Ozone HTTP Security Enabled: false 
2025-04-23 04:27:06,771 [main] WARN  server.AuthenticationFilter (AuthenticationFilter.java:constructSecretProvider(240)) - Unable to initialize FileSignerSecretProvider, falling back to use random secrets. Reason: Could not read signature secret file: /home/runner/hadoop-http-auth-signature-secret
2025-04-23 04:27:06,774 [main] INFO  http.HttpServer2 (HttpServer2.java:addGlobalFilter(1041)) - Added global filter 'safety' (class=org.apache.hadoop.hdds.server.http.HttpServer2$QuotingInputFilter)
2025-04-23 04:27:06,775 [main] INFO  http.HttpServer2 (HttpServer2.java:addFilter(1017)) - Added filter static_user_filter (class=org.apache.hadoop.http.lib.StaticUserWebFilter$StaticUserFilter) to context ozoneManager
2025-04-23 04:27:06,775 [main] INFO  http.HttpServer2 (HttpServer2.java:addFilter(1025)) - Added filter static_user_filter (class=org.apache.hadoop.http.lib.StaticUserWebFilter$StaticUserFilter) to context logs
2025-04-23 04:27:06,775 [main] INFO  http.HttpServer2 (HttpServer2.java:addFilter(1025)) - Added filter static_user_filter (class=org.apache.hadoop.http.lib.StaticUserWebFilter$StaticUserFilter) to context static
2025-04-23 04:27:06,776 [main] INFO  http.BaseHttpServer (BaseHttpServer.java:<init>(195)) - HTTP server of ozoneManager uses base directory /home/runner/work/ozone/ozone/hadoop-ozone/integration-test/target/test-dir/MiniOzoneClusterImpl-ff59c164-3798-4a7f-a16d-eeed9ffb3244/omNode-3/webserver
2025-04-23 04:27:06,776 [main] INFO  http.HttpServer2 (HttpServer2.java:bindListener(1241)) - Jetty bound to port 15015
2025-04-23 04:27:06,776 [main] INFO  server.Server (Server.java:doStart(375)) - jetty-9.4.57.v20241219; built: 2025-01-08T21:24:30.412Z; git: df524e6b29271c2e09ba9aea83c18dc9db464a31; jvm 21.0.7+6-LTS
2025-04-23 04:27:06,777 [main] INFO  server.session (DefaultSessionIdManager.java:doStart(334)) - DefaultSessionIdManager workerName=node0
2025-04-23 04:27:06,778 [main] INFO  server.session (DefaultSessionIdManager.java:doStart(339)) - No SessionScavenger set, using defaults
2025-04-23 04:27:06,778 [main] INFO  server.session (HouseKeeper.java:startScavenging(132)) - node0 Scavenging every 660000ms
2025-04-23 04:27:06,778 [main] INFO  handler.ContextHandler (ContextHandler.java:doStart(921)) - Started o.e.j.s.ServletContextHandler@4f75de5d{logs,/logs,file:///home/runner/work/ozone/ozone/hadoop-ozone/integration-test/target/log,AVAILABLE}
2025-04-23 04:27:06,779 [main] INFO  handler.ContextHandler (ContextHandler.java:doStart(921)) - Started o.e.j.s.ServletContextHandler@b781ac4{static,/static,file:///home/runner/work/ozone/ozone/hadoop-ozone/integration-test/target/test-classes/webapps/static,AVAILABLE}
2025-04-23 04:27:06,783 [main] INFO  handler.ContextHandler (ContextHandler.java:doStart(921)) - Started o.e.j.w.WebAppContext@371a9b7e{ozoneManager,/,file:///home/runner/work/ozone/ozone/hadoop-ozone/integration-test/target/test-classes/webapps/ozoneManager/,AVAILABLE}{file:/home/runner/work/ozone/ozone/hadoop-ozone/integration-test/target/test-classes/webapps/ozoneManager}
2025-04-23 04:27:06,784 [main] INFO  server.AbstractConnector (AbstractConnector.java:doStart(333)) - Started ServerConnector@2d8d4df{HTTP/1.1, (http/1.1)}{0.0.0.0:15015}
2025-04-23 04:27:06,784 [main] INFO  server.Server (Server.java:doStart(415)) - Started @30202ms
2025-04-23 04:27:06,784 [main] WARN  impl.MetricsSystemImpl (MetricsSystemImpl.java:register(279)) - Sink prometheus already exists!
2025-04-23 04:27:06,784 [main] INFO  http.BaseHttpServer (BaseHttpServer.java:updateConnectorAddress(360)) - HTTP server of ozoneManager listening at http://0.0.0.0:15015
2025-04-23 04:27:06,785 [IPC Server Responder] INFO  ipc.Server (Server.java:run(1713)) - IPC Server Responder: starting
2025-04-23 04:27:06,785 [IPC Server listener on 15014] INFO  ipc.Server (Server.java:run(1553)) - IPC Server listener on 15014: starting
2025-04-23 04:27:06,787 [main] INFO  om.OzoneManager (OzoneManager.java:startTrashEmptier(2257)) - Trash Interval set to 0. Files deleted won't move to trash
2025-04-23 04:27:06,787 [main] INFO  om.OzoneManager (OzoneManager.java:restart(1878)) - OzoneManager RPC server is listening at localhost/127.0.0.1:15006
2025-04-23 04:27:06,788 [main] INFO  impl.MetricsSystemImpl (MetricsSystemImpl.java:init(158)) - OzoneManager metrics system started (again)
2025-04-23 04:27:06,799 [main] WARN  server.ServerUtils (ServerUtils.java:getDBPath(297)) - ozone.om.db.dirs is not configured. We recommend adding this setting. Falling back to ozone.metadata.dirs instead.
2025-04-23 04:27:06,841 [main] INFO  om.OzoneManager (OzoneManager.java:instantiateServices(933)) - S3 Multi-Tenancy is disabled
2025-04-23 04:27:06,842 [main] INFO  om.OmSnapshotManager (OmSnapshotManager.java:<init>(180)) - Ozone filesystem snapshot feature is enabled.
2025-04-23 04:27:06,842 [main] WARN  server.ServerUtils (ServerUtils.java:getDBPath(297)) - ozone.om.snapshot.diff.db.dir is not configured. We recommend adding this setting. Falling back to ozone.metadata.dirs instead.
2025-04-23 04:27:06,860 [main] WARN  dropwizard3.Dm3MetricRegistriesImpl (Dm3MetricRegistriesImpl.java:addReporterRegistration(114)) - New reporters are added after registries were created. Some metrics will be missing from the reporter. Please add reporter before adding any new registry.
2025-04-23 04:27:06,860 [main] WARN  dropwizard3.Dm3MetricRegistriesImpl (Dm3MetricRegistriesImpl.java:addReporterRegistration(114)) - New reporters are added after registries were created. Some metrics will be missing from the reporter. Please add reporter before adding any new registry.
2025-04-23 04:27:06,860 [main] WARN  server.ServerUtils (ServerUtils.java:getDefaultRatisDirectory(309)) - Storage directory for Ratis is not configured. It is a good idea to map this to an SSD disk. Falling back to ozone.metadata.dirs
2025-04-23 04:27:06,861 [main] INFO  server.RaftServerConfigKeys (ConfUtils.java:logGet(46)) - raft.server.log.appender.buffer.byte-limit = 4194304 (custom)
2025-04-23 04:27:06,862 [main] INFO  ratis.OzoneManagerRatisServer (OzoneManagerRatisServer.java:<init>(167)) - Instantiating OM Ratis server with groupID: om-service-test1 and peers: localhost:15009, localhost:15017, localhost:15013
2025-04-23 04:27:06,862 [main] INFO  ratis.OzoneManagerStateMachine (OzoneManagerStateMachine.java:loadSnapshotInfoFromDB(611)) - LastAppliedIndex is set from TransactionInfo from OM DB as (t:1, i:20)
2025-04-23 04:27:06,863 [main] INFO  server.RaftServer (ConfUtils.java:logGet(46)) - raft.rpc.type = GRPC (default)
2025-04-23 04:27:06,863 [main] INFO  grpc.GrpcConfigKeys (ConfUtils.java:logFallback(53)) - raft.grpc.admin.host = null (fallback to raft.grpc.server.host)
2025-04-23 04:27:06,863 [main] INFO  grpc.GrpcConfigKeys (ConfUtils.java:logFallback(53)) - raft.grpc.admin.port = 15009 (fallback to raft.grpc.server.port)
2025-04-23 04:27:06,863 [main] INFO  grpc.GrpcConfigKeys (ConfUtils.java:logFallback(53)) - raft.grpc.client.host = null (fallback to raft.grpc.server.host)
2025-04-23 04:27:06,863 [main] INFO  grpc.GrpcConfigKeys (ConfUtils.java:logFallback(53)) - raft.grpc.client.port = 15009 (fallback to raft.grpc.server.port)
2025-04-23 04:27:06,863 [main] INFO  grpc.GrpcConfigKeys (ConfUtils.java:logGet(46)) - raft.grpc.server.host = null (default)
2025-04-23 04:27:06,864 [main] INFO  grpc.GrpcConfigKeys (ConfUtils.java:logGet(46)) - raft.grpc.server.port = 15009 (custom)
2025-04-23 04:27:06,864 [main] INFO  server.GrpcService (ConfUtils.java:logGet(46)) - raft.grpc.message.size.max = 5242880 (custom)
2025-04-23 04:27:06,864 [main] INFO  server.GrpcService (ConfUtils.java:logGet(46)) - raft.grpc.flow.control.window = 1MB (=1048576) (default)
2025-04-23 04:27:06,864 [main] INFO  server.RaftServerConfigKeys (ConfUtils.java:logGet(46)) - raft.server.rpc.request.timeout = 3000ms (default)
2025-04-23 04:27:06,864 [main] INFO  grpc.GrpcConfigKeys (ConfUtils.java:logGet(46)) - raft.grpc.server.heartbeat.channel = true (default)
2025-04-23 04:27:06,864 [main] INFO  server.RaftServerConfigKeys (ConfUtils.java:logGet(46)) - raft.server.log.appender.buffer.byte-limit = 4194304 (custom)
2025-04-23 04:27:06,864 [main] INFO  grpc.GrpcConfigKeys (ConfUtils.java:logGet(46)) - raft.grpc.server.async.request.thread.pool.cached = true (default)
2025-04-23 04:27:06,864 [main] INFO  grpc.GrpcConfigKeys (ConfUtils.java:logGet(46)) - raft.grpc.server.async.request.thread.pool.size = 32 (default)
2025-04-23 04:27:06,865 [main] INFO  impl.DataStreamServerImpl (ConfUtils.java:logGet(46)) - raft.datastream.type = DISABLED (default)
2025-04-23 04:27:06,865 [main] INFO  server.RaftServerConfigKeys (ConfUtils.java:logGet(46)) - raft.server.sleep.deviation.threshold = 300ms (default)
2025-04-23 04:27:06,866 [main] INFO  server.RaftServerConfigKeys (ConfUtils.java:logGet(46)) - raft.server.close.threshold = 60s (default)
2025-04-23 04:27:06,866 [main] INFO  server.RaftServerConfigKeys (ConfUtils.java:logGet(46)) - raft.server.leaderelection.leader.step-down.wait-time = 10s (default)
2025-04-23 04:27:06,866 [main] INFO  server.RaftServerConfigKeys (ConfUtils.java:logGet(46)) - raft.server.storage.dir = [/home/runner/work/ozone/ozone/hadoop-ozone/integration-test/target/test-dir/MiniOzoneClusterImpl-ff59c164-3798-4a7f-a16d-eeed9ffb3244/omNode-1/ratis] (custom)
2025-04-23 04:27:06,866 [main] INFO  server.RaftServerConfigKeys (ConfUtils.java:logGet(46)) - raft.server.threadpool.proxy.cached = true (default)
2025-04-23 04:27:06,866 [main] INFO  server.RaftServerConfigKeys (ConfUtils.java:logGet(46)) - raft.server.threadpool.proxy.size = 0 (default)
2025-04-23 04:27:06,867 [omNode-1-impl-thread1] INFO  server.RaftServer (RaftServerProxy.java:initGroupDir(265)) - omNode-1: found a subdirectory /home/runner/work/ozone/ozone/hadoop-ozone/integration-test/target/test-dir/MiniOzoneClusterImpl-ff59c164-3798-4a7f-a16d-eeed9ffb3244/omNode-1/ratis/c9bc4cf4-3bc3-3c60-a66b-523986131536
2025-04-23 04:27:06,867 [main] INFO  server.RaftServer (RaftServerProxy.java:addNew(100)) - omNode-1: addNew group-523986131536:[omNode-3|localhost:15017, omNode-1|localhost:15009, omNode-2|localhost:15013] returns group-523986131536:java.util.concurrent.CompletableFuture@787a0dcf[Not completed]
2025-04-23 04:27:06,867 [main] INFO  om.OzoneManager (OzoneManager.java:initializeRatisServer(2303)) - OzoneManager Ratis server initialized at port 15009
2025-04-23 04:27:06,867 [omNode-1-groupManagement] INFO  server.RaftServer$Division (RaftServerImpl.java:<init>(255)) - omNode-1: new RaftServerImpl for group-523986131536:[omNode-3|localhost:15017, omNode-1|localhost:15009, omNode-2|localhost:15013] with OzoneManagerStateMachine:uninitialized
2025-04-23 04:27:06,867 [main] INFO  ratis.OzoneManagerRatisServer (OzoneManagerRatisServer.java:start(628)) - Starting OzoneManagerRatisServer omNode-1 at port 15009
2025-04-23 04:27:06,867 [omNode-1-groupManagement] INFO  server.RaftServerConfigKeys (ConfUtils.java:logGet(46)) - raft.server.rpc.timeout.min = 1s (custom)
2025-04-23 04:27:06,867 [omNode-1-groupManagement] INFO  server.RaftServerConfigKeys (ConfUtils.java:logGet(46)) - raft.server.rpc.timeout.max = 1200ms (custom)
2025-04-23 04:27:06,867 [omNode-1-groupManagement] INFO  server.RaftServerConfigKeys (ConfUtils.java:logGet(46)) - raft.server.rpc.sleep.time = 25ms (default)
2025-04-23 04:27:06,867 [omNode-1-groupManagement] INFO  server.RaftServerConfigKeys (ConfUtils.java:logGet(46)) - raft.server.rpc.slowness.timeout = 2s (custom)
2025-04-23 04:27:06,868 [omNode-1-groupManagement] INFO  server.RaftServerConfigKeys (ConfUtils.java:logGet(46)) - raft.server.leaderelection.leader.step-down.wait-time = 10s (default)
2025-04-23 04:27:06,868 [omNode-1-groupManagement] INFO  server.RaftServerConfigKeys (ConfUtils.java:logGet(46)) - raft.server.leaderelection.member.majority-add = false (default)
2025-04-23 04:27:06,868 [omNode-1-groupManagement] INFO  server.RaftServerConfigKeys (ConfUtils.java:logGet(46)) - raft.server.sleep.deviation.threshold = 300ms (default)
2025-04-23 04:27:06,868 [omNode-1-groupManagement] INFO  server.RaftServer$Division (ServerState.java:<init>(114)) - omNode-1@group-523986131536: ConfigurationManager, init=conf: {index: -1, cur=peers:[omNode-3|localhost:15017, omNode-1|localhost:15009, omNode-2|localhost:15013]|listeners:[], old=null}, confs=<EMPTY_MAP>
2025-04-23 04:27:06,868 [omNode-1-groupManagement] INFO  server.RaftServerConfigKeys (ConfUtils.java:logGet(46)) - raft.server.notification.no-leader.timeout = 2s (custom)
2025-04-23 04:27:06,868 [omNode-1-groupManagement] INFO  server.RaftServerConfigKeys (ConfUtils.java:logGet(46)) - raft.server.read.timeout = 10s (default)
2025-04-23 04:27:06,868 [omNode-1-groupManagement] INFO  server.RaftServerConfigKeys (ConfUtils.java:logGet(46)) - raft.server.retrycache.expirytime = 30000ms (custom)
2025-04-23 04:27:06,868 [omNode-1-groupManagement] INFO  server.RaftServerConfigKeys (ConfUtils.java:logGet(46)) - raft.server.retrycache.statistics.expirytime = 100ms (default)
2025-04-23 04:27:06,868 [omNode-1-groupManagement] INFO  server.RaftServerConfigKeys (ConfUtils.java:logGet(46)) - raft.server.read.option = DEFAULT (default)
2025-04-23 04:27:06,868 [omNode-1-groupManagement] INFO  server.RaftServerConfigKeys (ConfUtils.java:logGet(46)) - raft.server.read.read-after-write-consistent.write-index-cache.expiry-time = 60s (default)
2025-04-23 04:27:06,870 [omNode-1-groupManagement] INFO  server.RaftServerConfigKeys (ConfUtils.java:logGet(46)) - raft.server.rpc.request.timeout = 3000ms (default)
2025-04-23 04:27:06,870 [omNode-1-groupManagement] INFO  server.RaftServerConfigKeys (ConfUtils.java:logGet(46)) - raft.server.log.appender.install.snapshot.enabled = false (custom)
2025-04-23 04:27:06,870 [omNode-1-groupManagement] INFO  server.RaftServerConfigKeys (ConfUtils.java:logGet(46)) - raft.server.threadpool.server.cached = true (default)
2025-04-23 04:27:06,871 [omNode-1-groupManagement] INFO  server.RaftServerConfigKeys (ConfUtils.java:logGet(46)) - raft.server.threadpool.server.size = 0 (default)
2025-04-23 04:27:06,871 [omNode-1-groupManagement] INFO  server.RaftServerConfigKeys (ConfUtils.java:logGet(46)) - raft.server.threadpool.client.cached = true (default)
2025-04-23 04:27:06,871 [omNode-1-groupManagement] INFO  server.RaftServerConfigKeys (ConfUtils.java:logGet(46)) - raft.server.threadpool.client.size = 0 (default)
2025-04-23 04:27:06,871 [omNode-1-impl-thread1] INFO  server.RaftServerConfigKeys (ConfUtils.java:logGet(46)) - raft.server.storage.free-space.min = 0MB (=0) (default)
2025-04-23 04:27:06,871 [omNode-1-impl-thread1] INFO  server.RaftServerConfigKeys (ConfUtils.java:logGet(46)) - raft.server.log.corruption.policy = EXCEPTION (default)
2025-04-23 04:27:06,871 [omNode-1-impl-thread1] INFO  server.RaftServerConfigKeys (ConfUtils.java:logGet(46)) - raft.server.storage.dir = [/home/runner/work/ozone/ozone/hadoop-ozone/integration-test/target/test-dir/MiniOzoneClusterImpl-ff59c164-3798-4a7f-a16d-eeed9ffb3244/omNode-1/ratis] (custom)
2025-04-23 04:27:06,872 [omNode-1-impl-thread1] INFO  storage.RaftStorageDirectory (RaftStorageDirectoryImpl.java:tryLock(229)) - Lock on /home/runner/work/ozone/ozone/hadoop-ozone/integration-test/target/test-dir/MiniOzoneClusterImpl-ff59c164-3798-4a7f-a16d-eeed9ffb3244/omNode-1/ratis/c9bc4cf4-3bc3-3c60-a66b-523986131536/in_use.lock acquired by nodename 129558@fv-az1441-587
2025-04-23 04:27:06,873 [omNode-1-impl-thread1] INFO  storage.RaftStorage (RaftStorageImpl.java:analyzeAndRecoverStorage(118)) - Read RaftStorageMetadata{term=1, votedFor=omNode-1} from /home/runner/work/ozone/ozone/hadoop-ozone/integration-test/target/test-dir/MiniOzoneClusterImpl-ff59c164-3798-4a7f-a16d-eeed9ffb3244/omNode-1/ratis/c9bc4cf4-3bc3-3c60-a66b-523986131536/current/raft-meta
2025-04-23 04:27:06,873 [omNode-1-impl-thread1] INFO  server.RaftServer$Division (ServerState.java:setRaftConf(386)) - omNode-1@group-523986131536: set configuration conf: {index: 0, cur=peers:[omNode-3|localhost:15017, omNode-1|localhost:15009, omNode-2|localhost:15013]|listeners:[], old=null}
2025-04-23 04:27:06,873 [omNode-1-impl-thread1] INFO  ratis.OzoneManagerStateMachine (OzoneManagerStateMachine.java:lambda$0(138)) - omNode-1: initialize group-523986131536 with (t:1, i:20)
2025-04-23 04:27:06,873 [omNode-1-impl-thread1] INFO  server.RaftServerConfigKeys (ConfUtils.java:logGet(46)) - raft.server.log.use.memory = false (default)
2025-04-23 04:27:06,873 [omNode-1-impl-thread1] INFO  server.RaftServerConfigKeys (ConfUtils.java:logGet(46)) - raft.server.log.purge.gap = 50 (custom)
2025-04-23 04:27:06,873 [omNode-1-impl-thread1] INFO  server.RaftServerConfigKeys (ConfUtils.java:logGet(46)) - raft.server.log.appender.buffer.byte-limit = 4194304 (custom)
2025-04-23 04:27:06,873 [omNode-1-impl-thread1] INFO  server.RaftServerConfigKeys (ConfUtils.java:logGet(46)) - raft.server.log.statemachine.data.read.timeout = 1000ms (default)
2025-04-23 04:27:06,874 [omNode-1-impl-thread1] INFO  server.RaftServerConfigKeys (ConfUtils.java:logGet(46)) - raft.server.log.purge.preservation.log.num = 0 (default)
2025-04-23 04:27:06,874 [omNode-1-impl-thread1] INFO  server.RaftServerConfigKeys (ConfUtils.java:logGet(46)) - raft.server.log.segment.size.max = 4194304 (custom)
2025-04-23 04:27:06,875 [omNode-1-impl-thread1] INFO  server.RaftServerConfigKeys (ConfUtils.java:logGet(46)) - raft.server.log.segment.cache.num.max = 2 (custom)
2025-04-23 04:27:06,875 [omNode-1-impl-thread1] INFO  server.RaftServerConfigKeys (ConfUtils.java:logGet(46)) - raft.server.log.segment.cache.size.max = 200MB (=209715200) (default)
2025-04-23 04:27:06,875 [omNode-1-impl-thread1] INFO  server.RaftServerConfigKeys (ConfUtils.java:logGet(46)) - raft.server.log.appender.buffer.byte-limit = 4194304 (custom)
2025-04-23 04:27:06,875 [omNode-1-impl-thread1] INFO  util.AwaitToRun (AwaitToRun.java:start(81)) - Thread[#1454,omNode-1@group-523986131536-cacheEviction-AwaitToRun,5,main] started
2025-04-23 04:27:06,875 [omNode-1-impl-thread1] INFO  segmented.SegmentedRaftLogWorker (SegmentedRaftLogWorker.java:<init>(188)) - new omNode-1@group-523986131536-SegmentedRaftLogWorker for RaftStorageImpl:Storage Directory /home/runner/work/ozone/ozone/hadoop-ozone/integration-test/target/test-dir/MiniOzoneClusterImpl-ff59c164-3798-4a7f-a16d-eeed9ffb3244/omNode-1/ratis/c9bc4cf4-3bc3-3c60-a66b-523986131536
2025-04-23 04:27:06,875 [omNode-1-impl-thread1] INFO  server.RaftServerConfigKeys (ConfUtils.java:logGet(46)) - raft.server.log.queue.byte-limit = 64MB (=67108864) (default)
2025-04-23 04:27:06,875 [omNode-1-impl-thread1] INFO  server.RaftServerConfigKeys (ConfUtils.java:logGet(46)) - raft.server.log.queue.element-limit = 4096 (default)
2025-04-23 04:27:06,875 [omNode-1-impl-thread1] INFO  server.RaftServerConfigKeys (ConfUtils.java:logGet(46)) - raft.server.log.segment.size.max = 4194304 (custom)
2025-04-23 04:27:06,875 [omNode-1-impl-thread1] INFO  server.RaftServerConfigKeys (ConfUtils.java:logGet(46)) - raft.server.log.preallocated.size = 4194304 (custom)
2025-04-23 04:27:06,875 [omNode-1-impl-thread1] INFO  server.RaftServerConfigKeys (ConfUtils.java:logGet(46)) - raft.server.log.force.sync.num = 128 (default)
2025-04-23 04:27:06,875 [omNode-1-impl-thread1] INFO  server.RaftServerConfigKeys (ConfUtils.java:logGet(46)) - raft.server.log.statemachine.data.sync = true (default)
2025-04-23 04:27:06,875 [omNode-1-impl-thread1] INFO  server.RaftServerConfigKeys (ConfUtils.java:logGet(46)) - raft.server.log.statemachine.data.sync.timeout = 10s (default)
2025-04-23 04:27:06,875 [omNode-1-impl-thread1] INFO  server.RaftServerConfigKeys (ConfUtils.java:logGet(46)) - raft.server.log.statemachine.data.sync.timeout.retry = -1 (default)
2025-04-23 04:27:06,876 [omNode-1-impl-thread1] INFO  server.RaftServerConfigKeys (ConfUtils.java:logGet(46)) - raft.server.log.write.buffer.size = 4194312 (custom)
2025-04-23 04:27:06,876 [omNode-1-impl-thread1] INFO  server.RaftServerConfigKeys (ConfUtils.java:logGet(46)) - raft.server.log.appender.buffer.byte-limit = 4194304 (custom)
2025-04-23 04:27:06,876 [omNode-1-impl-thread1] INFO  server.RaftServerConfigKeys (ConfUtils.java:logGet(46)) - raft.server.log.unsafe-flush.enabled = false (default)
2025-04-23 04:27:06,876 [omNode-1-impl-thread1] INFO  server.RaftServerConfigKeys (ConfUtils.java:logGet(46)) - raft.server.log.async-flush.enabled = false (default)
2025-04-23 04:27:06,876 [omNode-1-impl-thread1] INFO  server.RaftServerConfigKeys (ConfUtils.java:logGet(46)) - raft.server.log.statemachine.data.caching.enabled = false (default)
2025-04-23 04:27:06,877 [omNode-1-impl-thread1] INFO  server.RaftServer$Division (ServerState.java:setRaftConf(386)) - omNode-1@group-523986131536: set configuration conf: {index: 0, cur=peers:[omNode-3|localhost:15017, omNode-1|localhost:15009, omNode-2|localhost:15013]|listeners:[], old=null}
2025-04-23 04:27:06,878 [omNode-1-impl-thread1] INFO  segmented.LogSegment (LogSegment.java:loadSegment(171)) - Successfully read 21 entries from segment file /home/runner/work/ozone/ozone/hadoop-ozone/integration-test/target/test-dir/MiniOzoneClusterImpl-ff59c164-3798-4a7f-a16d-eeed9ffb3244/omNode-1/ratis/c9bc4cf4-3bc3-3c60-a66b-523986131536/current/log_inprogress_0
2025-04-23 04:27:06,878 [omNode-1-impl-thread1] INFO  segmented.SegmentedRaftLogWorker (SegmentedRaftLogWorker.java:lambda$new$0(139)) - omNode-1@group-523986131536-SegmentedRaftLogWorker: flushIndex: setUnconditionally 0 -> 20
2025-04-23 04:27:06,878 [omNode-1-impl-thread1] INFO  segmented.SegmentedRaftLogWorker (SegmentedRaftLogWorker.java:lambda$new$0(139)) - omNode-1@group-523986131536-SegmentedRaftLogWorker: safeCacheEvictIndex: setUnconditionally 0 -> -1
2025-04-23 04:27:06,878 [omNode-1-impl-thread1] INFO  segmented.BufferedWriteChannel (BufferedWriteChannel.java:open(61)) - open log_inprogress_0 (append) at position 3900
2025-04-23 04:27:06,878 [omNode-1-impl-thread1] INFO  server.RaftServer$Division (RaftServerImpl.java:start(391)) - omNode-1@group-523986131536: start as a follower, conf=conf: {index: 0, cur=peers:[omNode-3|localhost:15017, omNode-1|localhost:15009, omNode-2|localhost:15013]|listeners:[], old=null}
2025-04-23 04:27:06,878 [omNode-1-impl-thread1] INFO  server.RaftServer$Division (RaftServerImpl.java:setRole(378)) - omNode-1@group-523986131536: changes role from      null to FOLLOWER at term 1 for startAsFollower
2025-04-23 04:27:06,878 [omNode-1-impl-thread1] INFO  impl.RoleInfo (RoleInfo.java:updateAndGet(148)) - omNode-1: start omNode-1@group-523986131536-FollowerState
2025-04-23 04:27:06,879 [omNode-1-impl-thread1] INFO  util.JmxRegister (JmxRegister.java:tryRegister(44)) - Successfully registered JMX Bean with object name Ratis:service=RaftServer,group=group-523986131536,id=omNode-1
2025-04-23 04:27:06,879 [omNode-1-impl-thread1] INFO  util.JmxRegister (JmxRegister.java:register(58)) - register mxBean class org.apache.ratis.server.impl.RaftServerJmxAdapter as Ratis:service=RaftServer,group=group-523986131536,id=omNode-1
2025-04-23 04:27:06,879 [omNode-1-impl-thread1] INFO  server.RaftServerConfigKeys (ConfUtils.java:logGet(46)) - raft.server.snapshot.trigger-when-stop.enabled = true (default)
2025-04-23 04:27:06,879 [omNode-1-impl-thread1] INFO  server.RaftServerConfigKeys (ConfUtils.java:logGet(46)) - raft.server.snapshot.trigger-when-remove.enabled = true (default)
2025-04-23 04:27:06,879 [omNode-1-impl-thread1] INFO  server.RaftServerConfigKeys (ConfUtils.java:logGet(46)) - raft.server.snapshot.auto.trigger.enabled = true (custom)
2025-04-23 04:27:06,879 [omNode-1@group-523986131536-FollowerState] INFO  server.RaftServerConfigKeys (ConfUtils.java:logFallback(53)) - raft.server.rpc.first-election.timeout.min = 1s (fallback to raft.server.rpc.timeout.min)
2025-04-23 04:27:06,879 [omNode-1@group-523986131536-FollowerState] INFO  server.RaftServerConfigKeys (ConfUtils.java:logFallback(53)) - raft.server.rpc.first-election.timeout.max = 1200ms (fallback to raft.server.rpc.timeout.max)
2025-04-23 04:27:06,879 [omNode-1-impl-thread1] INFO  server.RaftServerConfigKeys (ConfUtils.java:logGet(46)) - raft.server.snapshot.auto.trigger.threshold = 50 (custom)
2025-04-23 04:27:06,879 [omNode-1-impl-thread1] INFO  server.RaftServerConfigKeys (ConfUtils.java:logGet(46)) - raft.server.snapshot.retention.file.num = -1 (default)
2025-04-23 04:27:06,879 [omNode-1-impl-thread1] INFO  server.RaftServerConfigKeys (ConfUtils.java:logGet(46)) - raft.server.log.purge.upto.snapshot.index = true (custom)
2025-04-23 04:27:06,880 [omNode-1-impl-thread1] INFO  server.RaftServer$Division (RaftServerImpl.java:start(405)) - omNode-1@group-523986131536: Successfully started.
2025-04-23 04:27:06,880 [main] INFO  server.RaftServer (RaftServerProxy.java:startImpl(407)) - omNode-1: start RPC server
2025-04-23 04:27:06,880 [main] INFO  server.GrpcService (GrpcService.java:startImpl(334)) - omNode-1: GrpcService started, listening on 15009
2025-04-23 04:27:06,881 [main] INFO  om.OzoneManager (OzoneManager.java:getRpcServer(1360)) - Creating RPC Server
2025-04-23 04:27:06,881 [JvmPauseMonitor9] INFO  util.JvmPauseMonitor (JvmPauseMonitor.java:run(146)) - JvmPauseMonitor-omNode-1: Started
2025-04-23 04:27:07,021 [timer0] WARN  server.GrpcLogAppender (GrpcLogAppender.java:lambda$resetClient$1(221)) - omNode-3@group-523986131536->omNode-1-GrpcLogAppender: Follower failed (request=null, errorCount=22); keep nextIndex (23) unchanged and retry. (Repeated 6 times in the last 5.001s)
2025-04-23 04:27:07,021 [timer7] WARN  server.GrpcLogAppender (LogUtils.java:warn(121)) - omNode-3@group-523986131536->omNode-1-AppendLogResponseHandler: Failed appendEntries (Repeated 20 times in the last 5.003s): org.apache.ratis.thirdparty.io.grpc.StatusRuntimeException: UNAVAILABLE: io exception
2025-04-23 04:27:07,295 [main] INFO  reflections.Reflections (Reflections.java:scan(219)) - Reflections took 413 ms to scan 22 urls, producing 61 keys and 7422 values
2025-04-23 04:27:07,296 [main] INFO  ipc.CallQueueManager (CallQueueManager.java:<init>(93)) - Using callQueue: class java.util.concurrent.LinkedBlockingQueue, queueCapacity: 2000, scheduler: class org.apache.hadoop.ipc.DefaultRpcScheduler, ipcBackoff: false, ipcFailOver: false.
2025-04-23 04:27:07,297 [main] INFO  ipc.Server (Server.java:<init>(1438)) - Listener at localhost:15006
2025-04-23 04:27:07,297 [Socket Reader #1 for port 15006] INFO  ipc.Server (Server.java:run(1474)) - Starting Socket Reader #1 for port 15006
2025-04-23 04:27:07,297 [Socket Reader #2 for port 15006] INFO  ipc.Server (Server.java:run(1474)) - Starting Socket Reader #2 for port 15006
2025-04-23 04:27:07,298 [Socket Reader #3 for port 15006] INFO  ipc.Server (Server.java:run(1474)) - Starting Socket Reader #3 for port 15006
2025-04-23 04:27:07,298 [Socket Reader #4 for port 15006] INFO  ipc.Server (Server.java:run(1474)) - Starting Socket Reader #4 for port 15006
2025-04-23 04:27:07,298 [Socket Reader #5 for port 15006] INFO  ipc.Server (Server.java:run(1474)) - Starting Socket Reader #5 for port 15006
2025-04-23 04:27:07,298 [Socket Reader #6 for port 15006] INFO  ipc.Server (Server.java:run(1474)) - Starting Socket Reader #6 for port 15006
2025-04-23 04:27:07,298 [Socket Reader #7 for port 15006] INFO  ipc.Server (Server.java:run(1474)) - Starting Socket Reader #7 for port 15006
2025-04-23 04:27:07,298 [Socket Reader #8 for port 15006] INFO  ipc.Server (Server.java:run(1474)) - Starting Socket Reader #8 for port 15006
2025-04-23 04:27:07,299 [Socket Reader #9 for port 15006] INFO  ipc.Server (Server.java:run(1474)) - Starting Socket Reader #9 for port 15006
2025-04-23 04:27:07,299 [Socket Reader #10 for port 15006] INFO  ipc.Server (Server.java:run(1474)) - Starting Socket Reader #10 for port 15006
2025-04-23 04:27:07,301 [main] INFO  http.BaseHttpServer (BaseHttpServer.java:newHttpServer2BuilderForOzone(229)) - Starting Web-server for ozoneManager at: http://0.0.0.0:15007
2025-04-23 04:27:07,301 [main] INFO  http.BaseHttpServer (BaseHttpServer.java:<init>(107)) - Hadoop Security Enabled: false Ozone Security Enabled: false Ozone HTTP Security Enabled: false 
2025-04-23 04:27:07,303 [main] WARN  server.AuthenticationFilter (AuthenticationFilter.java:constructSecretProvider(240)) - Unable to initialize FileSignerSecretProvider, falling back to use random secrets. Reason: Could not read signature secret file: /home/runner/hadoop-http-auth-signature-secret
2025-04-23 04:27:07,305 [main] INFO  http.HttpServer2 (HttpServer2.java:addGlobalFilter(1041)) - Added global filter 'safety' (class=org.apache.hadoop.hdds.server.http.HttpServer2$QuotingInputFilter)
2025-04-23 04:27:07,306 [main] INFO  http.HttpServer2 (HttpServer2.java:addFilter(1017)) - Added filter static_user_filter (class=org.apache.hadoop.http.lib.StaticUserWebFilter$StaticUserFilter) to context ozoneManager
2025-04-23 04:27:07,306 [main] INFO  http.HttpServer2 (HttpServer2.java:addFilter(1025)) - Added filter static_user_filter (class=org.apache.hadoop.http.lib.StaticUserWebFilter$StaticUserFilter) to context logs
2025-04-23 04:27:07,306 [main] INFO  http.HttpServer2 (HttpServer2.java:addFilter(1025)) - Added filter static_user_filter (class=org.apache.hadoop.http.lib.StaticUserWebFilter$StaticUserFilter) to context static
2025-04-23 04:27:07,307 [main] INFO  http.BaseHttpServer (BaseHttpServer.java:<init>(195)) - HTTP server of ozoneManager uses base directory /home/runner/work/ozone/ozone/hadoop-ozone/integration-test/target/test-dir/MiniOzoneClusterImpl-ff59c164-3798-4a7f-a16d-eeed9ffb3244/omNode-1/webserver
2025-04-23 04:27:07,307 [main] INFO  http.HttpServer2 (HttpServer2.java:bindListener(1241)) - Jetty bound to port 15007
2025-04-23 04:27:07,307 [main] INFO  server.Server (Server.java:doStart(375)) - jetty-9.4.57.v20241219; built: 2025-01-08T21:24:30.412Z; git: df524e6b29271c2e09ba9aea83c18dc9db464a31; jvm 21.0.7+6-LTS
2025-04-23 04:27:07,309 [main] INFO  server.session (DefaultSessionIdManager.java:doStart(334)) - DefaultSessionIdManager workerName=node0
2025-04-23 04:27:07,309 [main] INFO  server.session (DefaultSessionIdManager.java:doStart(339)) - No SessionScavenger set, using defaults
2025-04-23 04:27:07,309 [main] INFO  server.session (HouseKeeper.java:startScavenging(132)) - node0 Scavenging every 600000ms
2025-04-23 04:27:07,310 [main] INFO  handler.ContextHandler (ContextHandler.java:doStart(921)) - Started o.e.j.s.ServletContextHandler@50f33830{logs,/logs,file:///home/runner/work/ozone/ozone/hadoop-ozone/integration-test/target/log,AVAILABLE}
2025-04-23 04:27:07,310 [main] INFO  handler.ContextHandler (ContextHandler.java:doStart(921)) - Started o.e.j.s.ServletContextHandler@51b0fd9f{static,/static,file:///home/runner/work/ozone/ozone/hadoop-ozone/integration-test/target/test-classes/webapps/static,AVAILABLE}
2025-04-23 04:27:07,317 [main] INFO  handler.ContextHandler (ContextHandler.java:doStart(921)) - Started o.e.j.w.WebAppContext@421be613{ozoneManager,/,file:///home/runner/work/ozone/ozone/hadoop-ozone/integration-test/target/test-classes/webapps/ozoneManager/,AVAILABLE}{file:/home/runner/work/ozone/ozone/hadoop-ozone/integration-test/target/test-classes/webapps/ozoneManager}
2025-04-23 04:27:07,317 [main] INFO  server.AbstractConnector (AbstractConnector.java:doStart(333)) - Started ServerConnector@468242ef{HTTP/1.1, (http/1.1)}{0.0.0.0:15007}
2025-04-23 04:27:07,317 [main] INFO  server.Server (Server.java:doStart(415)) - Started @30736ms
2025-04-23 04:27:07,318 [main] WARN  impl.MetricsSystemImpl (MetricsSystemImpl.java:register(279)) - Sink prometheus already exists!
2025-04-23 04:27:07,318 [main] INFO  http.BaseHttpServer (BaseHttpServer.java:updateConnectorAddress(360)) - HTTP server of ozoneManager listening at http://0.0.0.0:15007
2025-04-23 04:27:07,318 [IPC Server Responder] INFO  ipc.Server (Server.java:run(1713)) - IPC Server Responder: starting
2025-04-23 04:27:07,319 [IPC Server listener on 15006] INFO  ipc.Server (Server.java:run(1553)) - IPC Server listener on 15006: starting
2025-04-23 04:27:07,321 [main] INFO  om.OzoneManager (OzoneManager.java:startTrashEmptier(2257)) - Trash Interval set to 0. Files deleted won't move to trash
2025-04-23 04:27:07,321 [main] INFO  om.OzoneManager (OzoneManager.java:restart(1878)) - OzoneManager RPC server is listening at localhost/127.0.0.1:15010
2025-04-23 04:27:07,321 [main] INFO  impl.MetricsSystemImpl (MetricsSystemImpl.java:init(158)) - OzoneManager metrics system started (again)
2025-04-23 04:27:07,334 [main] WARN  server.ServerUtils (ServerUtils.java:getDBPath(297)) - ozone.om.db.dirs is not configured. We recommend adding this setting. Falling back to ozone.metadata.dirs instead.
2025-04-23 04:27:07,373 [main] INFO  om.OzoneManager (OzoneManager.java:instantiateServices(933)) - S3 Multi-Tenancy is disabled
2025-04-23 04:27:07,373 [main] INFO  om.OmSnapshotManager (OmSnapshotManager.java:<init>(180)) - Ozone filesystem snapshot feature is enabled.
2025-04-23 04:27:07,374 [main] WARN  server.ServerUtils (ServerUtils.java:getDBPath(297)) - ozone.om.snapshot.diff.db.dir is not configured. We recommend adding this setting. Falling back to ozone.metadata.dirs instead.
2025-04-23 04:27:07,396 [main] WARN  dropwizard3.Dm3MetricRegistriesImpl (Dm3MetricRegistriesImpl.java:addReporterRegistration(114)) - New reporters are added after registries were created. Some metrics will be missing from the reporter. Please add reporter before adding any new registry.
2025-04-23 04:27:07,396 [main] WARN  dropwizard3.Dm3MetricRegistriesImpl (Dm3MetricRegistriesImpl.java:addReporterRegistration(114)) - New reporters are added after registries were created. Some metrics will be missing from the reporter. Please add reporter before adding any new registry.
2025-04-23 04:27:07,396 [main] WARN  server.ServerUtils (ServerUtils.java:getDefaultRatisDirectory(309)) - Storage directory for Ratis is not configured. It is a good idea to map this to an SSD disk. Falling back to ozone.metadata.dirs
2025-04-23 04:27:07,397 [main] INFO  server.RaftServerConfigKeys (ConfUtils.java:logGet(46)) - raft.server.log.appender.buffer.byte-limit = 4194304 (custom)
2025-04-23 04:27:07,398 [main] INFO  ratis.OzoneManagerRatisServer (OzoneManagerRatisServer.java:<init>(167)) - Instantiating OM Ratis server with groupID: om-service-test1 and peers: localhost:15013, localhost:15017, localhost:15009
2025-04-23 04:27:07,398 [main] INFO  ratis.OzoneManagerStateMachine (OzoneManagerStateMachine.java:loadSnapshotInfoFromDB(611)) - LastAppliedIndex is set from TransactionInfo from OM DB as (t:2, i:29)
2025-04-23 04:27:07,400 [main] INFO  server.RaftServer (ConfUtils.java:logGet(46)) - raft.rpc.type = GRPC (default)
2025-04-23 04:27:07,400 [main] INFO  grpc.GrpcConfigKeys (ConfUtils.java:logFallback(53)) - raft.grpc.admin.host = null (fallback to raft.grpc.server.host)
2025-04-23 04:27:07,400 [main] INFO  grpc.GrpcConfigKeys (ConfUtils.java:logFallback(53)) - raft.grpc.admin.port = 15013 (fallback to raft.grpc.server.port)
2025-04-23 04:27:07,401 [main] INFO  grpc.GrpcConfigKeys (ConfUtils.java:logFallback(53)) - raft.grpc.client.host = null (fallback to raft.grpc.server.host)
2025-04-23 04:27:07,401 [main] INFO  grpc.GrpcConfigKeys (ConfUtils.java:logFallback(53)) - raft.grpc.client.port = 15013 (fallback to raft.grpc.server.port)
2025-04-23 04:27:07,401 [main] INFO  grpc.GrpcConfigKeys (ConfUtils.java:logGet(46)) - raft.grpc.server.host = null (default)
2025-04-23 04:27:07,401 [main] INFO  grpc.GrpcConfigKeys (ConfUtils.java:logGet(46)) - raft.grpc.server.port = 15013 (custom)
2025-04-23 04:27:07,401 [main] INFO  server.GrpcService (ConfUtils.java:logGet(46)) - raft.grpc.message.size.max = 5242880 (custom)
2025-04-23 04:27:07,401 [main] INFO  server.GrpcService (ConfUtils.java:logGet(46)) - raft.grpc.flow.control.window = 1MB (=1048576) (default)
2025-04-23 04:27:07,401 [main] INFO  server.RaftServerConfigKeys (ConfUtils.java:logGet(46)) - raft.server.rpc.request.timeout = 3000ms (default)
2025-04-23 04:27:07,401 [main] INFO  grpc.GrpcConfigKeys (ConfUtils.java:logGet(46)) - raft.grpc.server.heartbeat.channel = true (default)
2025-04-23 04:27:07,401 [main] INFO  server.RaftServerConfigKeys (ConfUtils.java:logGet(46)) - raft.server.log.appender.buffer.byte-limit = 4194304 (custom)
2025-04-23 04:27:07,401 [main] INFO  grpc.GrpcConfigKeys (ConfUtils.java:logGet(46)) - raft.grpc.server.async.request.thread.pool.cached = true (default)
2025-04-23 04:27:07,402 [main] INFO  grpc.GrpcConfigKeys (ConfUtils.java:logGet(46)) - raft.grpc.server.async.request.thread.pool.size = 32 (default)
2025-04-23 04:27:07,403 [main] INFO  impl.DataStreamServerImpl (ConfUtils.java:logGet(46)) - raft.datastream.type = DISABLED (default)
2025-04-23 04:27:07,403 [main] INFO  server.RaftServerConfigKeys (ConfUtils.java:logGet(46)) - raft.server.sleep.deviation.threshold = 300ms (default)
2025-04-23 04:27:07,403 [main] INFO  server.RaftServerConfigKeys (ConfUtils.java:logGet(46)) - raft.server.close.threshold = 60s (default)
2025-04-23 04:27:07,403 [main] INFO  server.RaftServerConfigKeys (ConfUtils.java:logGet(46)) - raft.server.leaderelection.leader.step-down.wait-time = 10s (default)
2025-04-23 04:27:07,403 [main] INFO  server.RaftServerConfigKeys (ConfUtils.java:logGet(46)) - raft.server.storage.dir = [/home/runner/work/ozone/ozone/hadoop-ozone/integration-test/target/test-dir/MiniOzoneClusterImpl-ff59c164-3798-4a7f-a16d-eeed9ffb3244/omNode-2/ratis] (custom)
2025-04-23 04:27:07,403 [main] INFO  server.RaftServerConfigKeys (ConfUtils.java:logGet(46)) - raft.server.threadpool.proxy.cached = true (default)
2025-04-23 04:27:07,403 [main] INFO  server.RaftServerConfigKeys (ConfUtils.java:logGet(46)) - raft.server.threadpool.proxy.size = 0 (default)
2025-04-23 04:27:07,404 [omNode-2-impl-thread1] INFO  server.RaftServer (RaftServerProxy.java:initGroupDir(265)) - omNode-2: found a subdirectory /home/runner/work/ozone/ozone/hadoop-ozone/integration-test/target/test-dir/MiniOzoneClusterImpl-ff59c164-3798-4a7f-a16d-eeed9ffb3244/omNode-2/ratis/c9bc4cf4-3bc3-3c60-a66b-523986131536
2025-04-23 04:27:07,405 [main] INFO  server.RaftServer (RaftServerProxy.java:addNew(100)) - omNode-2: addNew group-523986131536:[omNode-3|localhost:15017, omNode-1|localhost:15009, omNode-2|localhost:15013] returns group-523986131536:java.util.concurrent.CompletableFuture@7dbe6c2f[Not completed]
2025-04-23 04:27:07,405 [main] INFO  om.OzoneManager (OzoneManager.java:initializeRatisServer(2303)) - OzoneManager Ratis server initialized at port 15013
2025-04-23 04:27:07,405 [main] INFO  ratis.OzoneManagerRatisServer (OzoneManagerRatisServer.java:start(628)) - Starting OzoneManagerRatisServer omNode-2 at port 15013
2025-04-23 04:27:07,405 [omNode-2-groupManagement] INFO  server.RaftServer$Division (RaftServerImpl.java:<init>(255)) - omNode-2: new RaftServerImpl for group-523986131536:[omNode-3|localhost:15017, omNode-1|localhost:15009, omNode-2|localhost:15013] with OzoneManagerStateMachine:uninitialized
2025-04-23 04:27:07,406 [omNode-2-groupManagement] INFO  server.RaftServerConfigKeys (ConfUtils.java:logGet(46)) - raft.server.rpc.timeout.min = 1s (custom)
2025-04-23 04:27:07,406 [omNode-2-groupManagement] INFO  server.RaftServerConfigKeys (ConfUtils.java:logGet(46)) - raft.server.rpc.timeout.max = 1200ms (custom)
2025-04-23 04:27:07,406 [omNode-2-groupManagement] INFO  server.RaftServerConfigKeys (ConfUtils.java:logGet(46)) - raft.server.rpc.sleep.time = 25ms (default)
2025-04-23 04:27:07,406 [omNode-2-groupManagement] INFO  server.RaftServerConfigKeys (ConfUtils.java:logGet(46)) - raft.server.rpc.slowness.timeout = 2s (custom)
2025-04-23 04:27:07,406 [omNode-2-groupManagement] INFO  server.RaftServerConfigKeys (ConfUtils.java:logGet(46)) - raft.server.leaderelection.leader.step-down.wait-time = 10s (default)
2025-04-23 04:27:07,406 [omNode-2-groupManagement] INFO  server.RaftServerConfigKeys (ConfUtils.java:logGet(46)) - raft.server.leaderelection.member.majority-add = false (default)
2025-04-23 04:27:07,406 [omNode-2-groupManagement] INFO  server.RaftServerConfigKeys (ConfUtils.java:logGet(46)) - raft.server.sleep.deviation.threshold = 300ms (default)
2025-04-23 04:27:07,406 [omNode-2-groupManagement] INFO  server.RaftServer$Division (ServerState.java:<init>(114)) - omNode-2@group-523986131536: ConfigurationManager, init=conf: {index: -1, cur=peers:[omNode-3|localhost:15017, omNode-1|localhost:15009, omNode-2|localhost:15013]|listeners:[], old=null}, confs=<EMPTY_MAP>
2025-04-23 04:27:07,406 [omNode-2-groupManagement] INFO  server.RaftServerConfigKeys (ConfUtils.java:logGet(46)) - raft.server.notification.no-leader.timeout = 2s (custom)
2025-04-23 04:27:07,406 [omNode-2-groupManagement] INFO  server.RaftServerConfigKeys (ConfUtils.java:logGet(46)) - raft.server.read.timeout = 10s (default)
2025-04-23 04:27:07,406 [omNode-2-groupManagement] INFO  server.RaftServerConfigKeys (ConfUtils.java:logGet(46)) - raft.server.retrycache.expirytime = 30000ms (custom)
2025-04-23 04:27:07,406 [omNode-2-groupManagement] INFO  server.RaftServerConfigKeys (ConfUtils.java:logGet(46)) - raft.server.retrycache.statistics.expirytime = 100ms (default)
2025-04-23 04:27:07,406 [omNode-2-groupManagement] INFO  server.RaftServerConfigKeys (ConfUtils.java:logGet(46)) - raft.server.read.option = DEFAULT (default)
2025-04-23 04:27:07,407 [omNode-2-groupManagement] INFO  server.RaftServerConfigKeys (ConfUtils.java:logGet(46)) - raft.server.read.read-after-write-consistent.write-index-cache.expiry-time = 60s (default)
2025-04-23 04:27:07,410 [omNode-2-groupManagement] INFO  server.RaftServerConfigKeys (ConfUtils.java:logGet(46)) - raft.server.rpc.request.timeout = 3000ms (default)
2025-04-23 04:27:07,410 [omNode-2-groupManagement] INFO  server.RaftServerConfigKeys (ConfUtils.java:logGet(46)) - raft.server.log.appender.install.snapshot.enabled = false (custom)
2025-04-23 04:27:07,410 [omNode-2-groupManagement] INFO  server.RaftServerConfigKeys (ConfUtils.java:logGet(46)) - raft.server.threadpool.server.cached = true (default)
2025-04-23 04:27:07,410 [omNode-2-groupManagement] INFO  server.RaftServerConfigKeys (ConfUtils.java:logGet(46)) - raft.server.threadpool.server.size = 0 (default)
2025-04-23 04:27:07,410 [omNode-2-groupManagement] INFO  server.RaftServerConfigKeys (ConfUtils.java:logGet(46)) - raft.server.threadpool.client.cached = true (default)
2025-04-23 04:27:07,411 [omNode-2-groupManagement] INFO  server.RaftServerConfigKeys (ConfUtils.java:logGet(46)) - raft.server.threadpool.client.size = 0 (default)
2025-04-23 04:27:07,411 [omNode-2-impl-thread1] INFO  server.RaftServerConfigKeys (ConfUtils.java:logGet(46)) - raft.server.storage.free-space.min = 0MB (=0) (default)
2025-04-23 04:27:07,411 [omNode-2-impl-thread1] INFO  server.RaftServerConfigKeys (ConfUtils.java:logGet(46)) - raft.server.log.corruption.policy = EXCEPTION (default)
2025-04-23 04:27:07,411 [omNode-2-impl-thread1] INFO  server.RaftServerConfigKeys (ConfUtils.java:logGet(46)) - raft.server.storage.dir = [/home/runner/work/ozone/ozone/hadoop-ozone/integration-test/target/test-dir/MiniOzoneClusterImpl-ff59c164-3798-4a7f-a16d-eeed9ffb3244/omNode-2/ratis] (custom)
2025-04-23 04:27:07,413 [omNode-2-impl-thread1] INFO  storage.RaftStorageDirectory (RaftStorageDirectoryImpl.java:tryLock(229)) - Lock on /home/runner/work/ozone/ozone/hadoop-ozone/integration-test/target/test-dir/MiniOzoneClusterImpl-ff59c164-3798-4a7f-a16d-eeed9ffb3244/omNode-2/ratis/c9bc4cf4-3bc3-3c60-a66b-523986131536/in_use.lock acquired by nodename 129558@fv-az1441-587
2025-04-23 04:27:07,413 [omNode-2-impl-thread1] INFO  storage.RaftStorage (RaftStorageImpl.java:analyzeAndRecoverStorage(118)) - Read RaftStorageMetadata{term=2, votedFor=omNode-3} from /home/runner/work/ozone/ozone/hadoop-ozone/integration-test/target/test-dir/MiniOzoneClusterImpl-ff59c164-3798-4a7f-a16d-eeed9ffb3244/omNode-2/ratis/c9bc4cf4-3bc3-3c60-a66b-523986131536/current/raft-meta
2025-04-23 04:27:07,413 [omNode-2-impl-thread1] INFO  server.RaftServer$Division (ServerState.java:setRaftConf(386)) - omNode-2@group-523986131536: set configuration conf: {index: 21, cur=peers:[omNode-3|localhost:15017, omNode-1|localhost:15009, omNode-2|localhost:15013]|listeners:[], old=null}
2025-04-23 04:27:07,414 [omNode-2-impl-thread1] INFO  ratis.OzoneManagerStateMachine (OzoneManagerStateMachine.java:lambda$0(138)) - omNode-2: initialize group-523986131536 with (t:2, i:29)
2025-04-23 04:27:07,414 [omNode-2-impl-thread1] INFO  server.RaftServerConfigKeys (ConfUtils.java:logGet(46)) - raft.server.log.use.memory = false (default)
2025-04-23 04:27:07,414 [omNode-2-impl-thread1] INFO  server.RaftServerConfigKeys (ConfUtils.java:logGet(46)) - raft.server.log.purge.gap = 50 (custom)
2025-04-23 04:27:07,414 [omNode-2-impl-thread1] INFO  server.RaftServerConfigKeys (ConfUtils.java:logGet(46)) - raft.server.log.appender.buffer.byte-limit = 4194304 (custom)
2025-04-23 04:27:07,414 [omNode-2-impl-thread1] INFO  server.RaftServerConfigKeys (ConfUtils.java:logGet(46)) - raft.server.log.statemachine.data.read.timeout = 1000ms (default)
2025-04-23 04:27:07,414 [omNode-2-impl-thread1] INFO  server.RaftServerConfigKeys (ConfUtils.java:logGet(46)) - raft.server.log.purge.preservation.log.num = 0 (default)
2025-04-23 04:27:07,415 [omNode-2-impl-thread1] INFO  server.RaftServerConfigKeys (ConfUtils.java:logGet(46)) - raft.server.log.segment.size.max = 4194304 (custom)
2025-04-23 04:27:07,416 [omNode-2-impl-thread1] INFO  server.RaftServerConfigKeys (ConfUtils.java:logGet(46)) - raft.server.log.segment.cache.num.max = 2 (custom)
2025-04-23 04:27:07,416 [omNode-2-impl-thread1] INFO  server.RaftServerConfigKeys (ConfUtils.java:logGet(46)) - raft.server.log.segment.cache.size.max = 200MB (=209715200) (default)
2025-04-23 04:27:07,416 [omNode-2-impl-thread1] INFO  server.RaftServerConfigKeys (ConfUtils.java:logGet(46)) - raft.server.log.appender.buffer.byte-limit = 4194304 (custom)
2025-04-23 04:27:07,416 [omNode-2-impl-thread1] INFO  util.AwaitToRun (AwaitToRun.java:start(81)) - Thread[#1541,omNode-2@group-523986131536-cacheEviction-AwaitToRun,5,main] started
2025-04-23 04:27:07,417 [omNode-2-impl-thread1] INFO  segmented.SegmentedRaftLogWorker (SegmentedRaftLogWorker.java:<init>(188)) - new omNode-2@group-523986131536-SegmentedRaftLogWorker for RaftStorageImpl:Storage Directory /home/runner/work/ozone/ozone/hadoop-ozone/integration-test/target/test-dir/MiniOzoneClusterImpl-ff59c164-3798-4a7f-a16d-eeed9ffb3244/omNode-2/ratis/c9bc4cf4-3bc3-3c60-a66b-523986131536
2025-04-23 04:27:07,417 [omNode-2-impl-thread1] INFO  server.RaftServerConfigKeys (ConfUtils.java:logGet(46)) - raft.server.log.queue.byte-limit = 64MB (=67108864) (default)
2025-04-23 04:27:07,417 [omNode-2-impl-thread1] INFO  server.RaftServerConfigKeys (ConfUtils.java:logGet(46)) - raft.server.log.queue.element-limit = 4096 (default)
2025-04-23 04:27:07,417 [omNode-2-impl-thread1] INFO  server.RaftServerConfigKeys (ConfUtils.java:logGet(46)) - raft.server.log.segment.size.max = 4194304 (custom)
2025-04-23 04:27:07,417 [omNode-2-impl-thread1] INFO  server.RaftServerConfigKeys (ConfUtils.java:logGet(46)) - raft.server.log.preallocated.size = 4194304 (custom)
2025-04-23 04:27:07,417 [omNode-2-impl-thread1] INFO  server.RaftServerConfigKeys (ConfUtils.java:logGet(46)) - raft.server.log.force.sync.num = 128 (default)
2025-04-23 04:27:07,417 [omNode-2-impl-thread1] INFO  server.RaftServerConfigKeys (ConfUtils.java:logGet(46)) - raft.server.log.statemachine.data.sync = true (default)
2025-04-23 04:27:07,417 [omNode-2-impl-thread1] INFO  server.RaftServerConfigKeys (ConfUtils.java:logGet(46)) - raft.server.log.statemachine.data.sync.timeout = 10s (default)
2025-04-23 04:27:07,417 [omNode-2-impl-thread1] INFO  server.RaftServerConfigKeys (ConfUtils.java:logGet(46)) - raft.server.log.statemachine.data.sync.timeout.retry = -1 (default)
2025-04-23 04:27:07,418 [omNode-2-impl-thread1] INFO  server.RaftServerConfigKeys (ConfUtils.java:logGet(46)) - raft.server.log.write.buffer.size = 4194312 (custom)
2025-04-23 04:27:07,419 [omNode-2-impl-thread1] INFO  server.RaftServerConfigKeys (ConfUtils.java:logGet(46)) - raft.server.log.appender.buffer.byte-limit = 4194304 (custom)
2025-04-23 04:27:07,419 [omNode-2-impl-thread1] INFO  server.RaftServerConfigKeys (ConfUtils.java:logGet(46)) - raft.server.log.unsafe-flush.enabled = false (default)
2025-04-23 04:27:07,419 [omNode-2-impl-thread1] INFO  server.RaftServerConfigKeys (ConfUtils.java:logGet(46)) - raft.server.log.async-flush.enabled = false (default)
2025-04-23 04:27:07,419 [omNode-2-impl-thread1] INFO  server.RaftServerConfigKeys (ConfUtils.java:logGet(46)) - raft.server.log.statemachine.data.caching.enabled = false (default)
2025-04-23 04:27:07,419 [omNode-3@group-523986131536-FollowerState] INFO  impl.FollowerState (FollowerState.java:runImpl(161)) - omNode-3@group-523986131536-FollowerState: change to CANDIDATE, lastRpcElapsedTime:1092124699ns, electionTimeout:1091ms
2025-04-23 04:27:07,420 [omNode-3@group-523986131536-FollowerState] INFO  impl.RoleInfo (RoleInfo.java:shutdownFollowerState(121)) - omNode-3: shutdown omNode-3@group-523986131536-FollowerState
2025-04-23 04:27:07,420 [omNode-3@group-523986131536-FollowerState] INFO  server.RaftServer$Division (RaftServerImpl.java:setRole(378)) - omNode-3@group-523986131536: changes role from  FOLLOWER to CANDIDATE at term 2 for changeToCandidate
2025-04-23 04:27:07,420 [omNode-3@group-523986131536-FollowerState] INFO  server.RaftServerConfigKeys (ConfUtils.java:logGet(46)) - raft.server.leaderelection.pre-vote = true (default)
2025-04-23 04:27:07,420 [omNode-3@group-523986131536-FollowerState] INFO  impl.RoleInfo (RoleInfo.java:updateAndGet(148)) - omNode-3: start omNode-3@group-523986131536-LeaderElection10
2025-04-23 04:27:07,420 [omNode-2-impl-thread1] INFO  server.RaftServer$Division (ServerState.java:setRaftConf(386)) - omNode-2@group-523986131536: set configuration conf: {index: 0, cur=peers:[omNode-3|localhost:15017, omNode-1|localhost:15009, omNode-2|localhost:15013]|listeners:[], old=null}
2025-04-23 04:27:07,421 [omNode-3@group-523986131536-LeaderElection10] INFO  impl.LeaderElection (LeaderElection.java:askForVotes(332)) - omNode-3@group-523986131536-LeaderElection10 PRE_VOTE round 0: submit vote requests at term 2 for conf: {index: 21, cur=peers:[omNode-3|localhost:15017, omNode-1|localhost:15009, omNode-2|localhost:15013]|listeners:[], old=null}
2025-04-23 04:27:07,422 [omNode-2-impl-thread1] INFO  segmented.LogSegment (LogSegment.java:loadSegment(171)) - Successfully read 21 entries from segment file /home/runner/work/ozone/ozone/hadoop-ozone/integration-test/target/test-dir/MiniOzoneClusterImpl-ff59c164-3798-4a7f-a16d-eeed9ffb3244/omNode-2/ratis/c9bc4cf4-3bc3-3c60-a66b-523986131536/current/log_0-20
2025-04-23 04:27:07,422 [omNode-2-impl-thread1] INFO  server.RaftServer$Division (ServerState.java:setRaftConf(386)) - omNode-2@group-523986131536: set configuration conf: {index: 21, cur=peers:[omNode-3|localhost:15017, omNode-1|localhost:15009, omNode-2|localhost:15013]|listeners:[], old=null}
2025-04-23 04:27:07,422 [omNode-3@group-523986131536-LeaderElection10-1] INFO  server.GrpcServerProtocolClient (GrpcServerProtocolClient.java:<init>(65)) - Build channel for omNode-1|localhost:15009
2025-04-23 04:27:07,423 [omNode-2-impl-thread1] INFO  segmented.LogSegment (LogSegment.java:loadSegment(171)) - Successfully read 10 entries from segment file /home/runner/work/ozone/ozone/hadoop-ozone/integration-test/target/test-dir/MiniOzoneClusterImpl-ff59c164-3798-4a7f-a16d-eeed9ffb3244/omNode-2/ratis/c9bc4cf4-3bc3-3c60-a66b-523986131536/current/log_inprogress_21
2025-04-23 04:27:07,423 [omNode-2-impl-thread1] INFO  segmented.SegmentedRaftLogWorker (SegmentedRaftLogWorker.java:lambda$new$0(139)) - omNode-2@group-523986131536-SegmentedRaftLogWorker: flushIndex: setUnconditionally 0 -> 30
2025-04-23 04:27:07,423 [omNode-2-impl-thread1] INFO  segmented.SegmentedRaftLogWorker (SegmentedRaftLogWorker.java:lambda$new$0(139)) - omNode-2@group-523986131536-SegmentedRaftLogWorker: safeCacheEvictIndex: setUnconditionally 0 -> 20
2025-04-23 04:27:07,423 [omNode-2-impl-thread1] INFO  segmented.BufferedWriteChannel (BufferedWriteChannel.java:open(61)) - open log_inprogress_21 (append) at position 2325
2025-04-23 04:27:07,423 [omNode-3@group-523986131536-LeaderElection10] INFO  server.RaftServerConfigKeys (ConfUtils.java:logFallback(53)) - raft.server.rpc.first-election.timeout.min = 1s (fallback to raft.server.rpc.timeout.min)
2025-04-23 04:27:07,423 [omNode-3@group-523986131536-LeaderElection10] INFO  server.RaftServerConfigKeys (ConfUtils.java:logFallback(53)) - raft.server.rpc.first-election.timeout.max = 1200ms (fallback to raft.server.rpc.timeout.max)
2025-04-23 04:27:07,423 [omNode-2-impl-thread1] INFO  server.RaftServer$Division (RaftServerImpl.java:start(391)) - omNode-2@group-523986131536: start as a follower, conf=conf: {index: 21, cur=peers:[omNode-3|localhost:15017, omNode-1|localhost:15009, omNode-2|localhost:15013]|listeners:[], old=null}
2025-04-23 04:27:07,423 [omNode-2-impl-thread1] INFO  server.RaftServer$Division (RaftServerImpl.java:setRole(378)) - omNode-2@group-523986131536: changes role from      null to FOLLOWER at term 2 for startAsFollower
2025-04-23 04:27:07,424 [omNode-2-impl-thread1] INFO  impl.RoleInfo (RoleInfo.java:updateAndGet(148)) - omNode-2: start omNode-2@group-523986131536-FollowerState
2025-04-23 04:27:07,424 [omNode-2-impl-thread1] INFO  util.JmxRegister (JmxRegister.java:tryRegister(44)) - Successfully registered JMX Bean with object name Ratis:service=RaftServer,group=group-523986131536,id=omNode-2
2025-04-23 04:27:07,423 [omNode-3@group-523986131536-LeaderElection10-2] INFO  server.GrpcServerProtocolClient (GrpcServerProtocolClient.java:<init>(65)) - Build channel for omNode-2|localhost:15013
2025-04-23 04:27:07,424 [omNode-2@group-523986131536-FollowerState] INFO  server.RaftServerConfigKeys (ConfUtils.java:logFallback(53)) - raft.server.rpc.first-election.timeout.min = 1s (fallback to raft.server.rpc.timeout.min)
2025-04-23 04:27:07,424 [omNode-2@group-523986131536-FollowerState] INFO  server.RaftServerConfigKeys (ConfUtils.java:logFallback(53)) - raft.server.rpc.first-election.timeout.max = 1200ms (fallback to raft.server.rpc.timeout.max)
2025-04-23 04:27:07,424 [omNode-2-impl-thread1] INFO  util.JmxRegister (JmxRegister.java:register(58)) - register mxBean class org.apache.ratis.server.impl.RaftServerJmxAdapter as Ratis:service=RaftServer,group=group-523986131536,id=omNode-2
2025-04-23 04:27:07,424 [omNode-2-impl-thread1] INFO  server.RaftServerConfigKeys (ConfUtils.java:logGet(46)) - raft.server.snapshot.trigger-when-stop.enabled = true (default)
2025-04-23 04:27:07,424 [omNode-2-impl-thread1] INFO  server.RaftServerConfigKeys (ConfUtils.java:logGet(46)) - raft.server.snapshot.trigger-when-remove.enabled = true (default)
2025-04-23 04:27:07,424 [omNode-2-impl-thread1] INFO  server.RaftServerConfigKeys (ConfUtils.java:logGet(46)) - raft.server.snapshot.auto.trigger.enabled = true (custom)
2025-04-23 04:27:07,424 [omNode-2-impl-thread1] INFO  server.RaftServerConfigKeys (ConfUtils.java:logGet(46)) - raft.server.snapshot.auto.trigger.threshold = 50 (custom)
2025-04-23 04:27:07,424 [omNode-2-impl-thread1] INFO  server.RaftServerConfigKeys (ConfUtils.java:logGet(46)) - raft.server.snapshot.retention.file.num = -1 (default)
2025-04-23 04:27:07,424 [omNode-2-impl-thread1] INFO  server.RaftServerConfigKeys (ConfUtils.java:logGet(46)) - raft.server.log.purge.upto.snapshot.index = true (custom)
2025-04-23 04:27:07,426 [omNode-2-impl-thread1] INFO  server.RaftServer$Division (RaftServerImpl.java:start(405)) - omNode-2@group-523986131536: Successfully started.
2025-04-23 04:27:07,426 [main] INFO  server.RaftServer (RaftServerProxy.java:startImpl(407)) - omNode-2: start RPC server
2025-04-23 04:27:07,427 [main] INFO  server.GrpcService (GrpcService.java:startImpl(334)) - omNode-2: GrpcService started, listening on 15013
2025-04-23 04:27:07,428 [JvmPauseMonitor10] INFO  util.JvmPauseMonitor (JvmPauseMonitor.java:run(146)) - JvmPauseMonitor-omNode-2: Started
2025-04-23 04:27:07,428 [main] INFO  om.OzoneManager (OzoneManager.java:getRpcServer(1360)) - Creating RPC Server
2025-04-23 04:27:07,431 [grpc-default-executor-4] INFO  server.RaftServer$Division (RaftServerImpl.java:requestVote(1407)) - omNode-1@group-523986131536: receive requestVote(PRE_VOTE, omNode-3, group-523986131536, 2, (t:2, i:30))
2025-04-23 04:27:07,432 [grpc-default-executor-4] INFO  impl.VoteContext (VoteContext.java:log(49)) - omNode-1@group-523986131536-FOLLOWER: accept PRE_VOTE from omNode-3: our last entry (t:1, i:20) < candidate's last entry (t:2, i:30)
2025-04-23 04:27:07,432 [grpc-default-executor-4] INFO  server.RaftServer$Division (RaftServerImpl.java:requestVote(1441)) - omNode-1@group-523986131536 replies to PRE_VOTE vote request: omNode-3<-omNode-1#0:OK-t1. Peer's state: omNode-1@group-523986131536:t1, leader=null, voted=omNode-1, raftlog=Memoized:omNode-1@group-523986131536-SegmentedRaftLog:OPENED:c20:last(t:1, i:20), conf=conf: {index: 0, cur=peers:[omNode-3|localhost:15017, omNode-1|localhost:15009, omNode-2|localhost:15013]|listeners:[], old=null}
2025-04-23 04:27:07,438 [omNode-3@group-523986131536-LeaderElection10] INFO  impl.LeaderElection (LeaderElection.java:logAndReturn(90)) - omNode-3@group-523986131536-LeaderElection10: PRE_VOTE PASSED received 1 response(s) and 0 exception(s):
2025-04-23 04:27:07,439 [omNode-3@group-523986131536-LeaderElection10] INFO  impl.LeaderElection (LeaderElection.java:logAndReturn(94)) -   Response 0: omNode-3<-omNode-1#0:OK-t1
2025-04-23 04:27:07,439 [omNode-3@group-523986131536-LeaderElection10] INFO  impl.LeaderElection (LeaderElection.java:askForVotes(334)) - omNode-3@group-523986131536-LeaderElection10 PRE_VOTE round 0: result PASSED
2025-04-23 04:27:07,442 [omNode-3@group-523986131536-LeaderElection10] INFO  impl.LeaderElection (LeaderElection.java:askForVotes(332)) - omNode-3@group-523986131536-LeaderElection10 ELECTION round 0: submit vote requests at term 3 for conf: {index: 21, cur=peers:[omNode-3|localhost:15017, omNode-1|localhost:15009, omNode-2|localhost:15013]|listeners:[], old=null}
2025-04-23 04:27:07,444 [omNode-3@group-523986131536-LeaderElection10] INFO  server.RaftServerConfigKeys (ConfUtils.java:logFallback(53)) - raft.server.rpc.first-election.timeout.min = 1s (fallback to raft.server.rpc.timeout.min)
2025-04-23 04:27:07,445 [omNode-3@group-523986131536-LeaderElection10] INFO  server.RaftServerConfigKeys (ConfUtils.java:logFallback(53)) - raft.server.rpc.first-election.timeout.max = 1200ms (fallback to raft.server.rpc.timeout.max)
2025-04-23 04:27:07,446 [grpc-default-executor-2] INFO  server.RaftServer$Division (RaftServerImpl.java:requestVote(1407)) - omNode-2@group-523986131536: receive requestVote(ELECTION, omNode-3, group-523986131536, 3, (t:2, i:30))
2025-04-23 04:27:07,446 [grpc-default-executor-2] INFO  impl.VoteContext (VoteContext.java:log(49)) - omNode-2@group-523986131536-FOLLOWER: accept ELECTION from omNode-3: our priority 0 <= candidate's priority 0
2025-04-23 04:27:07,446 [grpc-default-executor-2] INFO  server.RaftServer$Division (RaftServerImpl.java:setRole(378)) - omNode-2@group-523986131536: changes role from  FOLLOWER to FOLLOWER at term 2 for candidate:omNode-3
2025-04-23 04:27:07,447 [grpc-default-executor-2] INFO  impl.RoleInfo (RoleInfo.java:shutdownFollowerState(121)) - omNode-2: shutdown omNode-2@group-523986131536-FollowerState
2025-04-23 04:27:07,447 [grpc-default-executor-2] INFO  impl.RoleInfo (RoleInfo.java:updateAndGet(148)) - omNode-2: start omNode-2@group-523986131536-FollowerState
2025-04-23 04:27:07,447 [grpc-default-executor-4] INFO  server.RaftServer$Division (RaftServerImpl.java:requestVote(1407)) - omNode-1@group-523986131536: receive requestVote(ELECTION, omNode-3, group-523986131536, 3, (t:2, i:30))
2025-04-23 04:27:07,447 [grpc-default-executor-4] INFO  impl.VoteContext (VoteContext.java:log(49)) - omNode-1@group-523986131536-FOLLOWER: accept ELECTION from omNode-3: our last entry (t:1, i:20) < candidate's last entry (t:2, i:30)
2025-04-23 04:27:07,447 [grpc-default-executor-4] INFO  server.RaftServer$Division (RaftServerImpl.java:setRole(378)) - omNode-1@group-523986131536: changes role from  FOLLOWER to FOLLOWER at term 1 for candidate:omNode-3
2025-04-23 04:27:07,447 [grpc-default-executor-4] INFO  impl.RoleInfo (RoleInfo.java:shutdownFollowerState(121)) - omNode-1: shutdown omNode-1@group-523986131536-FollowerState
2025-04-23 04:27:07,447 [grpc-default-executor-4] INFO  impl.RoleInfo (RoleInfo.java:updateAndGet(148)) - omNode-1: start omNode-1@group-523986131536-FollowerState
2025-04-23 04:27:07,448 [omNode-1@group-523986131536-FollowerState] INFO  impl.FollowerState (FollowerState.java:runImpl(170)) - omNode-1@group-523986131536-FollowerState was interrupted
2025-04-23 04:27:07,450 [grpc-default-executor-2] INFO  server.RaftServer$Division (RaftServerImpl.java:setFirstElection(562)) - omNode-2@group-523986131536: set firstElectionSinceStartup to false for candidate:omNode-3
2025-04-23 04:27:07,450 [omNode-2@group-523986131536-FollowerState] INFO  impl.FollowerState (FollowerState.java:runImpl(170)) - omNode-2@group-523986131536-FollowerState was interrupted
2025-04-23 04:27:07,453 [grpc-default-executor-4] INFO  server.RaftServer$Division (RaftServerImpl.java:setFirstElection(562)) - omNode-1@group-523986131536: set firstElectionSinceStartup to false for candidate:omNode-3
2025-04-23 04:27:07,453 [grpc-default-executor-2] INFO  server.RaftServer$Division (RaftServerImpl.java:requestVote(1441)) - omNode-2@group-523986131536 replies to ELECTION vote request: omNode-3<-omNode-2#0:OK-t3. Peer's state: omNode-2@group-523986131536:t3, leader=null, voted=omNode-3, raftlog=Memoized:omNode-2@group-523986131536-SegmentedRaftLog:OPENED:c29:last(t:2, i:30), conf=conf: {index: 21, cur=peers:[omNode-3|localhost:15017, omNode-1|localhost:15009, omNode-2|localhost:15013]|listeners:[], old=null}
2025-04-23 04:27:07,458 [grpc-default-executor-4] INFO  server.RaftServer$Division (RaftServerImpl.java:requestVote(1441)) - omNode-1@group-523986131536 replies to ELECTION vote request: omNode-3<-omNode-1#0:OK-t3. Peer's state: omNode-1@group-523986131536:t3, leader=null, voted=omNode-3, raftlog=Memoized:omNode-1@group-523986131536-SegmentedRaftLog:OPENED:c20:last(t:1, i:20), conf=conf: {index: 0, cur=peers:[omNode-3|localhost:15017, omNode-1|localhost:15009, omNode-2|localhost:15013]|listeners:[], old=null}
2025-04-23 04:27:07,458 [omNode-3@group-523986131536-LeaderElection10] INFO  impl.LeaderElection (LeaderElection.java:logAndReturn(90)) - omNode-3@group-523986131536-LeaderElection10: ELECTION PASSED received 1 response(s) and 0 exception(s):
2025-04-23 04:27:07,459 [omNode-3@group-523986131536-LeaderElection10] INFO  impl.LeaderElection (LeaderElection.java:logAndReturn(94)) -   Response 0: omNode-3<-omNode-2#0:OK-t3
2025-04-23 04:27:07,459 [omNode-3@group-523986131536-LeaderElection10] INFO  impl.LeaderElection (LeaderElection.java:askForVotes(334)) - omNode-3@group-523986131536-LeaderElection10 ELECTION round 0: result PASSED
2025-04-23 04:27:07,459 [omNode-3@group-523986131536-LeaderElection10] INFO  impl.RoleInfo (RoleInfo.java:shutdownLeaderElection(141)) - omNode-3: shutdown omNode-3@group-523986131536-LeaderElection10
2025-04-23 04:27:07,459 [omNode-3@group-523986131536-LeaderElection10] INFO  server.RaftServer$Division (RaftServerImpl.java:setRole(378)) - omNode-3@group-523986131536: changes role from CANDIDATE to LEADER at term 3 for changeToLeader
2025-04-23 04:27:07,459 [omNode-3@group-523986131536-LeaderElection10] INFO  server.RaftServerConfigKeys (ConfUtils.java:logGet(46)) - raft.server.staging.catchup.gap = 1000 (default)
2025-04-23 04:27:07,460 [omNode-3@group-523986131536-LeaderElection10] INFO  server.RaftServerConfigKeys (ConfUtils.java:logGet(46)) - raft.server.write.element-limit = 4096 (default)
2025-04-23 04:27:07,460 [omNode-3@group-523986131536-LeaderElection10] INFO  server.RaftServerConfigKeys (ConfUtils.java:logGet(46)) - raft.server.write.byte-limit = 64MB (=67108864) (default)
2025-04-23 04:27:07,461 [omNode-3@group-523986131536-LeaderElection10] INFO  server.RaftServerConfigKeys (ConfUtils.java:logGet(46)) - raft.server.watch.timeout = 10s (default)
2025-04-23 04:27:07,461 [omNode-3@group-523986131536-LeaderElection10] INFO  server.RaftServerConfigKeys (ConfUtils.java:logGet(46)) - raft.server.watch.timeout.denomination = 1s (default)
2025-04-23 04:27:07,461 [omNode-3@group-523986131536-LeaderElection10] INFO  server.RaftServerConfigKeys (ConfUtils.java:logGet(46)) - raft.server.watch.element-limit = 65536 (default)
2025-04-23 04:27:07,466 [omNode-3@group-523986131536-LeaderElection10] INFO  server.RaftServerConfigKeys (ConfUtils.java:logGet(46)) - raft.server.read.leader.lease.enabled = false (default)
2025-04-23 04:27:07,469 [omNode-3@group-523986131536-LeaderElection10] INFO  server.RaftServerConfigKeys (ConfUtils.java:logGet(46)) - raft.server.read.leader.lease.timeout.ratio = 0.9 (default)
2025-04-23 04:27:07,469 [omNode-3@group-523986131536-LeaderElection10] INFO  server.RaftServerConfigKeys (ConfUtils.java:logGet(46)) - raft.server.rpc.timeout.min = 1s (custom)
2025-04-23 04:27:07,469 [omNode-3@group-523986131536-LeaderElection10] INFO  server.RaftServerConfigKeys (ConfUtils.java:logGet(46)) - raft.server.log.log-metadata.enabled = true (default)
2025-04-23 04:27:07,469 [omNode-3@group-523986131536-LeaderElection10] INFO  server.RaftServerConfigKeys (ConfUtils.java:logGet(46)) - raft.server.write.element-limit = 4096 (default)
2025-04-23 04:27:07,469 [omNode-3@group-523986131536-LeaderElection10] INFO  server.RaftServerConfigKeys (ConfUtils.java:logGet(46)) - raft.server.write.follower.gap.ratio.max = -1.0 (default)
2025-04-23 04:27:07,471 [omNode-3@group-523986131536-LeaderElection10] INFO  server.RaftServerConfigKeys (ConfUtils.java:logGet(46)) - raft.server.log.appender.snapshot.chunk.size.max = 16MB (=16777216) (default)
2025-04-23 04:27:07,471 [omNode-3@group-523986131536-LeaderElection10] INFO  server.RaftServerConfigKeys (ConfUtils.java:logGet(46)) - raft.server.log.appender.buffer.byte-limit = 4194304 (custom)
2025-04-23 04:27:07,471 [omNode-3@group-523986131536-LeaderElection10] INFO  server.RaftServerConfigKeys (ConfUtils.java:logGet(46)) - raft.server.log.appender.buffer.element-limit = 1024 (custom)
2025-04-23 04:27:07,471 [omNode-3@group-523986131536-LeaderElection10] INFO  server.RaftServerConfigKeys (ConfUtils.java:logGet(46)) - raft.server.log.appender.wait-time.min = 0ms (custom)
2025-04-23 04:27:07,476 [omNode-3@group-523986131536-LeaderElection10] INFO  grpc.GrpcConfigKeys (ConfUtils.java:logGet(46)) - raft.grpc.server.leader.outstanding.appends.max = 8 (default)
2025-04-23 04:27:07,476 [omNode-3@group-523986131536-LeaderElection10] INFO  server.RaftServerConfigKeys (ConfUtils.java:logGet(46)) - raft.server.rpc.request.timeout = 3000ms (default)
2025-04-23 04:27:07,476 [omNode-3@group-523986131536-LeaderElection10] INFO  grpc.GrpcConfigKeys (ConfUtils.java:logGet(46)) - raft.grpc.server.install_snapshot.request.element-limit = 8 (default)
2025-04-23 04:27:07,476 [omNode-3@group-523986131536-LeaderElection10] INFO  grpc.GrpcConfigKeys (ConfUtils.java:logGet(46)) - raft.grpc.server.install_snapshot.request.timeout = 3000ms (default)
2025-04-23 04:27:07,477 [omNode-3@group-523986131536-LeaderElection10] INFO  grpc.GrpcConfigKeys (ConfUtils.java:logGet(46)) - raft.grpc.server.log-message.batch.duration = 5s (default)
2025-04-23 04:27:07,477 [omNode-3@group-523986131536-LeaderElection10] INFO  server.RaftServerConfigKeys (ConfUtils.java:logGet(46)) - raft.server.log.appender.install.snapshot.enabled = false (custom)
2025-04-23 04:27:07,477 [omNode-3@group-523986131536-LeaderElection10] INFO  grpc.GrpcConfigKeys (ConfUtils.java:logGet(46)) - raft.grpc.server.heartbeat.channel = true (default)
2025-04-23 04:27:07,483 [omNode-3@group-523986131536-LeaderElection10] INFO  server.RaftServerConfigKeys (ConfUtils.java:logGet(46)) - raft.server.log.appender.snapshot.chunk.size.max = 16MB (=16777216) (default)
2025-04-23 04:27:07,485 [omNode-3@group-523986131536-LeaderElection10] INFO  server.RaftServerConfigKeys (ConfUtils.java:logGet(46)) - raft.server.log.appender.buffer.byte-limit = 4194304 (custom)
2025-04-23 04:27:07,485 [omNode-3@group-523986131536-LeaderElection10] INFO  server.RaftServerConfigKeys (ConfUtils.java:logGet(46)) - raft.server.log.appender.buffer.element-limit = 1024 (custom)
2025-04-23 04:27:07,485 [omNode-3@group-523986131536-LeaderElection10] INFO  server.RaftServerConfigKeys (ConfUtils.java:logGet(46)) - raft.server.log.appender.wait-time.min = 0ms (custom)
2025-04-23 04:27:07,485 [omNode-3@group-523986131536-LeaderElection10] INFO  grpc.GrpcConfigKeys (ConfUtils.java:logGet(46)) - raft.grpc.server.leader.outstanding.appends.max = 8 (default)
2025-04-23 04:27:07,486 [omNode-3@group-523986131536-LeaderElection10] INFO  server.RaftServerConfigKeys (ConfUtils.java:logGet(46)) - raft.server.rpc.request.timeout = 3000ms (default)
2025-04-23 04:27:07,486 [omNode-3@group-523986131536-LeaderElection10] INFO  grpc.GrpcConfigKeys (ConfUtils.java:logGet(46)) - raft.grpc.server.install_snapshot.request.element-limit = 8 (default)
2025-04-23 04:27:07,486 [omNode-3@group-523986131536-LeaderElection10] INFO  grpc.GrpcConfigKeys (ConfUtils.java:logGet(46)) - raft.grpc.server.install_snapshot.request.timeout = 3000ms (default)
2025-04-23 04:27:07,486 [omNode-3@group-523986131536-LeaderElection10] INFO  grpc.GrpcConfigKeys (ConfUtils.java:logGet(46)) - raft.grpc.server.log-message.batch.duration = 5s (default)
2025-04-23 04:27:07,486 [omNode-3@group-523986131536-LeaderElection10] INFO  server.RaftServerConfigKeys (ConfUtils.java:logGet(46)) - raft.server.log.appender.install.snapshot.enabled = false (custom)
2025-04-23 04:27:07,486 [omNode-3@group-523986131536-LeaderElection10] INFO  grpc.GrpcConfigKeys (ConfUtils.java:logGet(46)) - raft.grpc.server.heartbeat.channel = true (default)
2025-04-23 04:27:07,488 [omNode-3@group-523986131536-LeaderElection10] INFO  impl.RoleInfo (RoleInfo.java:updateAndGet(148)) - omNode-3: start omNode-3@group-523986131536-LeaderStateImpl
2025-04-23 04:27:07,488 [omNode-3@group-523986131536-LeaderElection10] INFO  server.RaftServer$Division (RaftServerImpl.java:setFirstElection(562)) - omNode-3@group-523986131536: set firstElectionSinceStartup to false for becomeLeader
2025-04-23 04:27:07,490 [omNode-3@group-523986131536-LeaderElection10] INFO  ratis.OzoneManagerStateMachine (OzoneManagerStateMachine.java:notifyLeaderChanged(169)) - omNode-3@group-523986131536: leader changed to omNode-3
2025-04-23 04:27:07,491 [omNode-3@group-523986131536-LeaderElection10] INFO  server.RaftServer$Division (ServerState.java:setLeader(272)) - omNode-3@group-523986131536: change Leader from null to omNode-3 at term 3 for becomeLeader, leader elected after 1172ms
2025-04-23 04:27:07,492 [omNode-3@group-523986131536-LeaderElection10] INFO  segmented.SegmentedRaftLogWorker (SegmentedRaftLogWorker.java:rollLogSegment(443)) - omNode-3@group-523986131536-SegmentedRaftLogWorker: Rolling segment log-21_30 to index:30
2025-04-23 04:27:07,493 [omNode-3@group-523986131536-LeaderElection10] INFO  server.RaftServer$Division (ServerState.java:setRaftConf(386)) - omNode-3@group-523986131536: set configuration conf: {index: 31, cur=peers:[omNode-3|localhost:15017, omNode-1|localhost:15009, omNode-2|localhost:15013]|listeners:[], old=null}
2025-04-23 04:27:07,495 [omNode-3@group-523986131536-SegmentedRaftLogWorker] INFO  segmented.SegmentedRaftLogWorker (SegmentedRaftLogWorker.java:execute(601)) - omNode-3@group-523986131536-SegmentedRaftLogWorker: Rolled log segment from /home/runner/work/ozone/ozone/hadoop-ozone/integration-test/target/test-dir/MiniOzoneClusterImpl-ff59c164-3798-4a7f-a16d-eeed9ffb3244/omNode-3/ratis/c9bc4cf4-3bc3-3c60-a66b-523986131536/current/log_inprogress_21 to /home/runner/work/ozone/ozone/hadoop-ozone/integration-test/target/test-dir/MiniOzoneClusterImpl-ff59c164-3798-4a7f-a16d-eeed9ffb3244/omNode-3/ratis/c9bc4cf4-3bc3-3c60-a66b-523986131536/current/log_21-30
2025-04-23 04:27:07,498 [omNode-3@group-523986131536-SegmentedRaftLogWorker] INFO  segmented.BufferedWriteChannel (BufferedWriteChannel.java:open(61)) - open log_inprogress_31 at position 0
2025-04-23 04:27:07,513 [omNode-1-server-thread1] INFO  ratis.OzoneManagerStateMachine (OzoneManagerStateMachine.java:notifyLeaderChanged(169)) - omNode-1@group-523986131536: leader changed to omNode-3
2025-04-23 04:27:07,515 [omNode-1-server-thread1] INFO  server.RaftServer$Division (ServerState.java:setLeader(272)) - omNode-1@group-523986131536: change Leader from null to omNode-3 at term 3 for appendEntries, leader elected after 645ms
2025-04-23 04:27:07,515 [omNode-1-server-thread1] INFO  server.RaftServer$Division (RaftServerImpl.java:checkInconsistentAppendEntries(1648)) - omNode-1@group-523986131536: Failed appendEntries as previous log entry ((t:2, i:30)) is not found
2025-04-23 04:27:07,515 [omNode-1-server-thread1] INFO  server.RaftServer$Division (RaftServerImpl.java:appendEntriesAsync(1580)) - omNode-1@group-523986131536: appendEntries* reply omNode-3<-omNode-1#0:FAIL-t3,INCONSISTENCY,nextIndex=21,followerCommit=20,matchIndex=-1
2025-04-23 04:27:07,515 [omNode-2-server-thread1] INFO  ratis.OzoneManagerStateMachine (OzoneManagerStateMachine.java:notifyLeaderChanged(169)) - omNode-2@group-523986131536: leader changed to omNode-3
2025-04-23 04:27:07,516 [omNode-2-server-thread1] INFO  server.RaftServer$Division (ServerState.java:setLeader(272)) - omNode-2@group-523986131536: change Leader from null to omNode-3 at term 3 for appendEntries, leader elected after 109ms
2025-04-23 04:27:07,516 [omNode-2-server-thread1] INFO  server.RaftServer$Division (ServerState.java:setRaftConf(386)) - omNode-2@group-523986131536: set configuration conf: {index: 31, cur=peers:[omNode-3|localhost:15017, omNode-1|localhost:15009, omNode-2|localhost:15013]|listeners:[], old=null}
2025-04-23 04:27:07,516 [omNode-2-server-thread1] INFO  segmented.SegmentedRaftLogWorker (SegmentedRaftLogWorker.java:rollLogSegment(443)) - omNode-2@group-523986131536-SegmentedRaftLogWorker: Rolling segment log-21_30 to index:30
2025-04-23 04:27:07,516 [omNode-1-server-thread2] INFO  server.RaftServer$Division (RaftServerImpl.java:checkInconsistentAppendEntries(1648)) - omNode-1@group-523986131536: Failed appendEntries as previous log entry ((t:2, i:30)) is not found
2025-04-23 04:27:07,516 [omNode-1-server-thread2] INFO  server.RaftServer$Division (RaftServerImpl.java:appendEntriesAsync(1580)) - omNode-1@group-523986131536: appendEntries* reply omNode-3<-omNode-1#1:FAIL-t3,INCONSISTENCY,nextIndex=21,followerCommit=20,matchIndex=-1
2025-04-23 04:27:07,517 [omNode-3@group-523986131536-SegmentedRaftLogWorker] INFO  segmented.SegmentedRaftLogWorker (SegmentedRaftLogWorker.java:execute(644)) - omNode-3@group-523986131536-SegmentedRaftLogWorker: created new log segment /home/runner/work/ozone/ozone/hadoop-ozone/integration-test/target/test-dir/MiniOzoneClusterImpl-ff59c164-3798-4a7f-a16d-eeed9ffb3244/omNode-3/ratis/c9bc4cf4-3bc3-3c60-a66b-523986131536/current/log_inprogress_31
2025-04-23 04:27:07,517 [omNode-2@group-523986131536-SegmentedRaftLogWorker] INFO  segmented.SegmentedRaftLogWorker (SegmentedRaftLogWorker.java:execute(601)) - omNode-2@group-523986131536-SegmentedRaftLogWorker: Rolled log segment from /home/runner/work/ozone/ozone/hadoop-ozone/integration-test/target/test-dir/MiniOzoneClusterImpl-ff59c164-3798-4a7f-a16d-eeed9ffb3244/omNode-2/ratis/c9bc4cf4-3bc3-3c60-a66b-523986131536/current/log_inprogress_21 to /home/runner/work/ozone/ozone/hadoop-ozone/integration-test/target/test-dir/MiniOzoneClusterImpl-ff59c164-3798-4a7f-a16d-eeed9ffb3244/omNode-2/ratis/c9bc4cf4-3bc3-3c60-a66b-523986131536/current/log_21-30
2025-04-23 04:27:07,519 [omNode-2@group-523986131536-SegmentedRaftLogWorker] INFO  segmented.BufferedWriteChannel (BufferedWriteChannel.java:open(61)) - open log_inprogress_31 at position 0
2025-04-23 04:27:07,521 [grpc-default-executor-3] WARN  server.GrpcLogAppender (GrpcLogAppender.java:onNextImpl(519)) - omNode-3@group-523986131536->omNode-1-AppendLogResponseHandler: received INCONSISTENCY reply with nextIndex 21, errorCount=1, request=AppendEntriesRequest:cid=1,entriesCount=1,entry=(t:3, i:31)
2025-04-23 04:27:07,521 [grpc-default-executor-3] INFO  leader.FollowerInfo (FollowerInfoImpl.java:info(70)) - omNode-3@group-523986131536->omNode-1: setNextIndex nextIndex: updateUnconditionally 32 -> 21
2025-04-23 04:27:07,522 [grpc-default-executor-2] WARN  server.GrpcLogAppender (GrpcLogAppender.java:onNextImpl(519)) - omNode-3@group-523986131536->omNode-1-AppendLogResponseHandler: received INCONSISTENCY reply with nextIndex 21, errorCount=2, request=AppendEntriesRequest:cid=0,entriesCount=0
2025-04-23 04:27:07,522 [grpc-default-executor-2] INFO  leader.FollowerInfo (FollowerInfoImpl.java:info(70)) - omNode-3@group-523986131536->omNode-1: setNextIndex nextIndex: updateUnconditionally 32 -> 21
2025-04-23 04:27:07,527 [omNode-1-server-thread2] INFO  server.RaftServer$Division (ServerState.java:setRaftConf(386)) - omNode-1@group-523986131536: set configuration conf: {index: 21, cur=peers:[omNode-3|localhost:15017, omNode-1|localhost:15009, omNode-2|localhost:15013]|listeners:[], old=null}
2025-04-23 04:27:07,528 [omNode-1-server-thread2] INFO  server.RaftServer$Division (ServerState.java:setRaftConf(386)) - omNode-1@group-523986131536: set configuration conf: {index: 31, cur=peers:[omNode-3|localhost:15017, omNode-1|localhost:15009, omNode-2|localhost:15013]|listeners:[], old=null}
2025-04-23 04:27:07,529 [omNode-1-server-thread2] INFO  segmented.SegmentedRaftLogWorker (SegmentedRaftLogWorker.java:rollLogSegment(443)) - omNode-1@group-523986131536-SegmentedRaftLogWorker: Rolling segment log-0_20 to index:20
2025-04-23 04:27:07,529 [omNode-1-server-thread2] INFO  segmented.SegmentedRaftLogWorker (SegmentedRaftLogWorker.java:rollLogSegment(443)) - omNode-1@group-523986131536-SegmentedRaftLogWorker: Rolling segment log-21_30 to index:30
2025-04-23 04:27:07,530 [omNode-1@group-523986131536-SegmentedRaftLogWorker] INFO  segmented.SegmentedRaftLogWorker (SegmentedRaftLogWorker.java:execute(601)) - omNode-1@group-523986131536-SegmentedRaftLogWorker: Rolled log segment from /home/runner/work/ozone/ozone/hadoop-ozone/integration-test/target/test-dir/MiniOzoneClusterImpl-ff59c164-3798-4a7f-a16d-eeed9ffb3244/omNode-1/ratis/c9bc4cf4-3bc3-3c60-a66b-523986131536/current/log_inprogress_0 to /home/runner/work/ozone/ozone/hadoop-ozone/integration-test/target/test-dir/MiniOzoneClusterImpl-ff59c164-3798-4a7f-a16d-eeed9ffb3244/omNode-1/ratis/c9bc4cf4-3bc3-3c60-a66b-523986131536/current/log_0-20
2025-04-23 04:27:07,531 [omNode-1@group-523986131536-SegmentedRaftLogWorker] INFO  segmented.BufferedWriteChannel (BufferedWriteChannel.java:open(61)) - open log_inprogress_21 at position 0
2025-04-23 04:27:07,538 [omNode-1-server-thread2] INFO  server.RaftServer$Division (ServerState.java:setRaftConf(386)) - omNode-1@group-523986131536: set configuration conf: {index: 21, cur=peers:[omNode-3|localhost:15017, omNode-1|localhost:15009, omNode-2|localhost:15013]|listeners:[], old=null}
2025-04-23 04:27:07,538 [omNode-1-server-thread2] INFO  server.RaftServer$Division (ServerState.java:setRaftConf(386)) - omNode-1@group-523986131536: set configuration conf: {index: 31, cur=peers:[omNode-3|localhost:15017, omNode-1|localhost:15009, omNode-2|localhost:15013]|listeners:[], old=null}
2025-04-23 04:27:07,539 [omNode-2@group-523986131536-SegmentedRaftLogWorker] INFO  segmented.SegmentedRaftLogWorker (SegmentedRaftLogWorker.java:execute(644)) - omNode-2@group-523986131536-SegmentedRaftLogWorker: created new log segment /home/runner/work/ozone/ozone/hadoop-ozone/integration-test/target/test-dir/MiniOzoneClusterImpl-ff59c164-3798-4a7f-a16d-eeed9ffb3244/omNode-2/ratis/c9bc4cf4-3bc3-3c60-a66b-523986131536/current/log_inprogress_31
2025-04-23 04:27:07,548 [omNode-3@group-523986131536-StateMachineUpdater] INFO  ratis.OzoneManagerStateMachine (OzoneManagerStateMachine.java:notifyConfigurationChanged(231)) - notifyConfigurationChanged from Ratis: term=3, index=31, New Peer list: omNode-3(localhost:15017), omNode-1(localhost:15009), omNode-2(localhost:15013)
2025-04-23 04:27:07,548 [omNode-1@group-523986131536-SegmentedRaftLogWorker] INFO  segmented.SegmentedRaftLogWorker (SegmentedRaftLogWorker.java:execute(644)) - omNode-1@group-523986131536-SegmentedRaftLogWorker: created new log segment /home/runner/work/ozone/ozone/hadoop-ozone/integration-test/target/test-dir/MiniOzoneClusterImpl-ff59c164-3798-4a7f-a16d-eeed9ffb3244/omNode-1/ratis/c9bc4cf4-3bc3-3c60-a66b-523986131536/current/log_inprogress_21
2025-04-23 04:27:07,549 [omNode-2@group-523986131536-StateMachineUpdater] INFO  ratis.OzoneManagerStateMachine (OzoneManagerStateMachine.java:notifyConfigurationChanged(231)) - notifyConfigurationChanged from Ratis: term=3, index=31, New Peer list: omNode-3(localhost:15017), omNode-1(localhost:15009), omNode-2(localhost:15013)
2025-04-23 04:27:07,548 [omNode-3@group-523986131536-StateMachineUpdater] INFO  server.RaftServer$Division (LeaderStateImpl.java:checkStartIndex(313)) - Leader omNode-3@group-523986131536-LeaderStateImpl is ready since appliedIndex == startIndex == 31
2025-04-23 04:27:07,554 [omNode-1@group-523986131536-SegmentedRaftLogWorker] INFO  segmented.SegmentedRaftLogWorker (SegmentedRaftLogWorker.java:execute(601)) - omNode-1@group-523986131536-SegmentedRaftLogWorker: Rolled log segment from /home/runner/work/ozone/ozone/hadoop-ozone/integration-test/target/test-dir/MiniOzoneClusterImpl-ff59c164-3798-4a7f-a16d-eeed9ffb3244/omNode-1/ratis/c9bc4cf4-3bc3-3c60-a66b-523986131536/current/log_inprogress_21 to /home/runner/work/ozone/ozone/hadoop-ozone/integration-test/target/test-dir/MiniOzoneClusterImpl-ff59c164-3798-4a7f-a16d-eeed9ffb3244/omNode-1/ratis/c9bc4cf4-3bc3-3c60-a66b-523986131536/current/log_21-30
2025-04-23 04:27:07,554 [omNode-1@group-523986131536-SegmentedRaftLogWorker] INFO  segmented.BufferedWriteChannel (BufferedWriteChannel.java:open(61)) - open log_inprogress_31 at position 0
2025-04-23 04:27:07,570 [omNode-1@group-523986131536-SegmentedRaftLogWorker] INFO  segmented.SegmentedRaftLogWorker (SegmentedRaftLogWorker.java:execute(644)) - omNode-1@group-523986131536-SegmentedRaftLogWorker: created new log segment /home/runner/work/ozone/ozone/hadoop-ozone/integration-test/target/test-dir/MiniOzoneClusterImpl-ff59c164-3798-4a7f-a16d-eeed9ffb3244/omNode-1/ratis/c9bc4cf4-3bc3-3c60-a66b-523986131536/current/log_inprogress_31
2025-04-23 04:27:07,574 [omNode-1@group-523986131536-StateMachineUpdater] INFO  ratis.OzoneManagerStateMachine (OzoneManagerStateMachine.java:notifyConfigurationChanged(231)) - notifyConfigurationChanged from Ratis: term=2, index=21, New Peer list: omNode-3(localhost:15017), omNode-1(localhost:15009), omNode-2(localhost:15013)
2025-04-23 04:27:07,586 [omNode-1@group-523986131536-StateMachineUpdater] INFO  ratis.OzoneManagerStateMachine (OzoneManagerStateMachine.java:notifyConfigurationChanged(231)) - notifyConfigurationChanged from Ratis: term=3, index=31, New Peer list: omNode-3(localhost:15017), omNode-1(localhost:15009), omNode-2(localhost:15013)
2025-04-23 04:27:07,894 [main] INFO  reflections.Reflections (Reflections.java:scan(219)) - Reflections took 465 ms to scan 22 urls, producing 61 keys and 7422 values
2025-04-23 04:27:07,896 [main] INFO  ipc.CallQueueManager (CallQueueManager.java:<init>(93)) - Using callQueue: class java.util.concurrent.LinkedBlockingQueue, queueCapacity: 2000, scheduler: class org.apache.hadoop.ipc.DefaultRpcScheduler, ipcBackoff: false, ipcFailOver: false.
2025-04-23 04:27:07,896 [main] INFO  ipc.Server (Server.java:<init>(1438)) - Listener at localhost:15010
2025-04-23 04:27:07,897 [Socket Reader #1 for port 15010] INFO  ipc.Server (Server.java:run(1474)) - Starting Socket Reader #1 for port 15010
2025-04-23 04:27:07,897 [Socket Reader #2 for port 15010] INFO  ipc.Server (Server.java:run(1474)) - Starting Socket Reader #2 for port 15010
2025-04-23 04:27:07,897 [Socket Reader #3 for port 15010] INFO  ipc.Server (Server.java:run(1474)) - Starting Socket Reader #3 for port 15010
2025-04-23 04:27:07,897 [Socket Reader #4 for port 15010] INFO  ipc.Server (Server.java:run(1474)) - Starting Socket Reader #4 for port 15010
2025-04-23 04:27:07,898 [Socket Reader #5 for port 15010] INFO  ipc.Server (Server.java:run(1474)) - Starting Socket Reader #5 for port 15010
2025-04-23 04:27:07,898 [Socket Reader #6 for port 15010] INFO  ipc.Server (Server.java:run(1474)) - Starting Socket Reader #6 for port 15010
2025-04-23 04:27:07,898 [Socket Reader #7 for port 15010] INFO  ipc.Server (Server.java:run(1474)) - Starting Socket Reader #7 for port 15010
2025-04-23 04:27:07,898 [Socket Reader #8 for port 15010] INFO  ipc.Server (Server.java:run(1474)) - Starting Socket Reader #8 for port 15010
2025-04-23 04:27:07,899 [Socket Reader #9 for port 15010] INFO  ipc.Server (Server.java:run(1474)) - Starting Socket Reader #9 for port 15010
2025-04-23 04:27:07,899 [Socket Reader #10 for port 15010] INFO  ipc.Server (Server.java:run(1474)) - Starting Socket Reader #10 for port 15010
2025-04-23 04:27:07,901 [main] INFO  http.BaseHttpServer (BaseHttpServer.java:newHttpServer2BuilderForOzone(229)) - Starting Web-server for ozoneManager at: http://0.0.0.0:15011
2025-04-23 04:27:07,902 [main] INFO  http.BaseHttpServer (BaseHttpServer.java:<init>(107)) - Hadoop Security Enabled: false Ozone Security Enabled: false Ozone HTTP Security Enabled: false 
2025-04-23 04:27:07,903 [main] WARN  server.AuthenticationFilter (AuthenticationFilter.java:constructSecretProvider(240)) - Unable to initialize FileSignerSecretProvider, falling back to use random secrets. Reason: Could not read signature secret file: /home/runner/hadoop-http-auth-signature-secret
2025-04-23 04:27:07,906 [main] INFO  http.HttpServer2 (HttpServer2.java:addGlobalFilter(1041)) - Added global filter 'safety' (class=org.apache.hadoop.hdds.server.http.HttpServer2$QuotingInputFilter)
2025-04-23 04:27:07,907 [main] INFO  http.HttpServer2 (HttpServer2.java:addFilter(1017)) - Added filter static_user_filter (class=org.apache.hadoop.http.lib.StaticUserWebFilter$StaticUserFilter) to context ozoneManager
2025-04-23 04:27:07,907 [main] INFO  http.HttpServer2 (HttpServer2.java:addFilter(1025)) - Added filter static_user_filter (class=org.apache.hadoop.http.lib.StaticUserWebFilter$StaticUserFilter) to context static
2025-04-23 04:27:07,907 [main] INFO  http.HttpServer2 (HttpServer2.java:addFilter(1025)) - Added filter static_user_filter (class=org.apache.hadoop.http.lib.StaticUserWebFilter$StaticUserFilter) to context logs
2025-04-23 04:27:07,908 [main] INFO  http.BaseHttpServer (BaseHttpServer.java:<init>(195)) - HTTP server of ozoneManager uses base directory /home/runner/work/ozone/ozone/hadoop-ozone/integration-test/target/test-dir/MiniOzoneClusterImpl-ff59c164-3798-4a7f-a16d-eeed9ffb3244/omNode-2/webserver
2025-04-23 04:27:07,908 [main] INFO  http.HttpServer2 (HttpServer2.java:bindListener(1241)) - Jetty bound to port 15011
2025-04-23 04:27:07,908 [main] INFO  server.Server (Server.java:doStart(375)) - jetty-9.4.57.v20241219; built: 2025-01-08T21:24:30.412Z; git: df524e6b29271c2e09ba9aea83c18dc9db464a31; jvm 21.0.7+6-LTS
2025-04-23 04:27:07,910 [main] INFO  server.session (DefaultSessionIdManager.java:doStart(334)) - DefaultSessionIdManager workerName=node0
2025-04-23 04:27:07,910 [main] INFO  server.session (DefaultSessionIdManager.java:doStart(339)) - No SessionScavenger set, using defaults
2025-04-23 04:27:07,910 [main] INFO  server.session (HouseKeeper.java:startScavenging(132)) - node0 Scavenging every 660000ms
2025-04-23 04:27:07,910 [main] INFO  handler.ContextHandler (ContextHandler.java:doStart(921)) - Started o.e.j.s.ServletContextHandler@99300fa{logs,/logs,file:///home/runner/work/ozone/ozone/hadoop-ozone/integration-test/target/log,AVAILABLE}
2025-04-23 04:27:07,911 [main] INFO  handler.ContextHandler (ContextHandler.java:doStart(921)) - Started o.e.j.s.ServletContextHandler@56119537{static,/static,file:///home/runner/work/ozone/ozone/hadoop-ozone/integration-test/target/test-classes/webapps/static,AVAILABLE}
2025-04-23 04:27:07,917 [main] INFO  handler.ContextHandler (ContextHandler.java:doStart(921)) - Started o.e.j.w.WebAppContext@26a12fcf{ozoneManager,/,file:///home/runner/work/ozone/ozone/hadoop-ozone/integration-test/target/test-classes/webapps/ozoneManager/,AVAILABLE}{file:/home/runner/work/ozone/ozone/hadoop-ozone/integration-test/target/test-classes/webapps/ozoneManager}
2025-04-23 04:27:07,917 [main] INFO  server.AbstractConnector (AbstractConnector.java:doStart(333)) - Started ServerConnector@3a36d145{HTTP/1.1, (http/1.1)}{0.0.0.0:15011}
2025-04-23 04:27:07,917 [main] INFO  server.Server (Server.java:doStart(415)) - Started @31336ms
2025-04-23 04:27:07,917 [main] WARN  impl.MetricsSystemImpl (MetricsSystemImpl.java:register(279)) - Sink prometheus already exists!
2025-04-23 04:27:07,917 [main] INFO  http.BaseHttpServer (BaseHttpServer.java:updateConnectorAddress(360)) - HTTP server of ozoneManager listening at http://0.0.0.0:15011
2025-04-23 04:27:07,918 [IPC Server Responder] INFO  ipc.Server (Server.java:run(1713)) - IPC Server Responder: starting
2025-04-23 04:27:07,918 [IPC Server listener on 15010] INFO  ipc.Server (Server.java:run(1553)) - IPC Server listener on 15010: starting
2025-04-23 04:27:07,920 [main] INFO  om.OzoneManager (OzoneManager.java:startTrashEmptier(2257)) - Trash Interval set to 0. Files deleted won't move to trash
]]></system-out>
  </testcase>
  <testcase name="testOMRetryProxy" classname="org.apache.hadoop.ozone.om.TestOzoneManagerHAWithStoppedNodes" time="8.104">
    <system-out><![CDATA[2025-04-23 04:27:07,930 [main] INFO  om.OzoneManager (OzoneManager.java:stop(2347)) - omNode-3[localhost:15014]: Stopping Ozone Manager
2025-04-23 04:27:07,931 [main] INFO  ipc.Server (Server.java:stop(3697)) - Stopping server on 15014
2025-04-23 04:27:07,933 [IPC Server listener on 15014] INFO  ipc.Server (Server.java:run(1585)) - Stopping IPC Server listener on 15014
2025-04-23 04:27:07,934 [main] INFO  ratis.OzoneManagerRatisServer (OzoneManagerRatisServer.java:stop(634)) - Stopping org.apache.hadoop.ozone.om.ratis.OzoneManagerRatisServer@242bba82 at port 15017
2025-04-23 04:27:07,933 [IPC Server Responder] INFO  ipc.Server (Server.java:run(1718)) - Stopping IPC Server Responder
2025-04-23 04:27:07,935 [main] INFO  server.RaftServer (RaftServerProxy.java:lambda$close$9(417)) - omNode-3: close
2025-04-23 04:27:07,935 [main] INFO  server.GrpcService (GrpcService.java:closeImpl(343)) - omNode-3: shutdown server GrpcServerProtocolService now
2025-04-23 04:27:07,935 [omNode-3-impl-thread1] INFO  server.RaftServer$Division (RaftServerImpl.java:lambda$close$1(513)) - omNode-3@group-523986131536: shutdown
2025-04-23 04:27:07,936 [omNode-3-impl-thread1] INFO  util.JmxRegister (JmxRegister.java:unregister(74)) - Successfully un-registered JMX Bean with object name Ratis:service=RaftServer,group=group-523986131536,id=omNode-3
2025-04-23 04:27:07,936 [omNode-3-impl-thread1] INFO  impl.RoleInfo (RoleInfo.java:shutdownLeaderState(103)) - omNode-3: shutdown omNode-3@group-523986131536-LeaderStateImpl
2025-04-23 04:27:07,936 [omNode-3@group-523986131536->omNode-1-GrpcLogAppender-LogAppenderDaemon] WARN  server.GrpcLogAppender (GrpcLogAppender.java:mayWait(293)) - omNode-3@group-523986131536->omNode-1-GrpcLogAppender: Wait interrupted by java.lang.InterruptedException
2025-04-23 04:27:07,936 [omNode-3@group-523986131536->omNode-2-GrpcLogAppender-LogAppenderDaemon] WARN  server.GrpcLogAppender (GrpcLogAppender.java:mayWait(293)) - omNode-3@group-523986131536->omNode-2-GrpcLogAppender: Wait interrupted by java.lang.InterruptedException
2025-04-23 04:27:07,937 [omNode-3-impl-thread1] INFO  impl.PendingRequests (PendingRequests.java:sendNotLeaderResponses(287)) - omNode-3@group-523986131536-PendingRequests: sendNotLeaderResponses
2025-04-23 04:27:07,937 [grpc-default-executor-0] INFO  server.GrpcServerProtocolService (GrpcServerProtocolService.java:onCompleted(157)) - omNode-1: Completed APPEND_ENTRIES, lastRequest: null
2025-04-23 04:27:07,937 [omNode-3-impl-thread1] INFO  impl.StateMachineUpdater (StateMachineUpdater.java:stopAndJoin(164)) - omNode-3@group-523986131536-StateMachineUpdater: set stopIndex = 32
2025-04-23 04:27:07,937 [grpc-default-executor-0] INFO  server.GrpcServerProtocolService (GrpcServerProtocolService.java:lambda$onCompleted$5(159)) - omNode-1: Completed APPEND_ENTRIES, lastReply: serverReply {
  requestorId: "omNode-3"
  replyId: "omNode-1"
  raftGroupId {
    id: "\311\274L\364;\303<`\246kR9\206\023\0256"
  }
}
term: 3
nextIndex: 21
result: INCONSISTENCY
followerCommit: 20
matchIndex: 18446744073709551615
isHearbeat: true

2025-04-23 04:27:07,937 [grpc-default-executor-3] INFO  server.GrpcServerProtocolService (GrpcServerProtocolService.java:onCompleted(157)) - omNode-1: Completed APPEND_ENTRIES, lastRequest: omNode-3->omNode-1#5-t3,previous=(t:3, i:31),leaderCommit=31,initializing? false,entries: size=1, first=(t:3, i:32), METADATAENTRY(c:31)
2025-04-23 04:27:07,938 [grpc-default-executor-3] INFO  server.GrpcServerProtocolService (GrpcServerProtocolService.java:lambda$onCompleted$5(159)) - omNode-1: Completed APPEND_ENTRIES, lastReply: null
2025-04-23 04:27:07,938 [grpc-default-executor-4] INFO  server.GrpcServerProtocolService (GrpcServerProtocolService.java:onCompleted(157)) - omNode-2: Completed APPEND_ENTRIES, lastRequest: omNode-3->omNode-2#2-t3,previous=(t:3, i:31),leaderCommit=31,initializing? false,entries: size=1, first=(t:3, i:32), METADATAENTRY(c:31)
2025-04-23 04:27:07,938 [grpc-default-executor-4] INFO  server.GrpcServerProtocolService (GrpcServerProtocolService.java:lambda$onCompleted$5(159)) - omNode-2: Completed APPEND_ENTRIES, lastReply: null
2025-04-23 04:27:07,939 [Thread-1264] INFO  server.GrpcServerProtocolClient (GrpcServerProtocolClient.java:close(105)) - omNode-1 Close channels
2025-04-23 04:27:07,939 [Thread-1265] INFO  server.GrpcServerProtocolClient (GrpcServerProtocolClient.java:close(105)) - omNode-2 Close channels
2025-04-23 04:27:07,939 [grpc-default-executor-3] INFO  server.GrpcLogAppender (GrpcLogAppender.java:onCompleted(550)) - omNode-3@group-523986131536->omNode-2-AppendLogResponseHandler: follower responses appendEntries COMPLETED
2025-04-23 04:27:07,940 [grpc-default-executor-3] WARN  server.GrpcLogAppender (GrpcLogAppender.java:resetClient(230)) - omNode-3@group-523986131536->omNode-2-GrpcLogAppender: Failed to getClient for omNode-2
org.apache.ratis.protocol.exceptions.AlreadyClosedException: omNode-3 is already CLOSED
	at org.apache.ratis.util.PeerProxyMap$PeerAndProxy.getProxy(PeerProxyMap.java:67)
	at org.apache.ratis.util.PeerProxyMap.getProxy(PeerProxyMap.java:124)
	at org.apache.ratis.grpc.server.GrpcLogAppender.getClient(GrpcLogAppender.java:200)
	at org.apache.ratis.grpc.server.GrpcLogAppender.resetClient(GrpcLogAppender.java:205)
	at org.apache.ratis.grpc.server.GrpcLogAppender.access$800(GrpcLogAppender.java:64)
	at org.apache.ratis.grpc.server.GrpcLogAppender$AppendLogResponseHandler.onCompleted(GrpcLogAppender.java:551)
	at org.apache.ratis.thirdparty.io.grpc.stub.ClientCalls$StreamObserverToCallListenerAdapter.onClose(ClientCalls.java:479)
	at org.apache.ratis.thirdparty.io.grpc.internal.ClientCallImpl.closeObserver(ClientCallImpl.java:567)
	at org.apache.ratis.thirdparty.io.grpc.internal.ClientCallImpl.access$300(ClientCallImpl.java:71)
	at org.apache.ratis.thirdparty.io.grpc.internal.ClientCallImpl$ClientStreamListenerImpl$1StreamClosed.runInternal(ClientCallImpl.java:735)
	at org.apache.ratis.thirdparty.io.grpc.internal.ClientCallImpl$ClientStreamListenerImpl$1StreamClosed.runInContext(ClientCallImpl.java:716)
	at org.apache.ratis.thirdparty.io.grpc.internal.ContextRunnable.run(ContextRunnable.java:37)
	at org.apache.ratis.thirdparty.io.grpc.internal.SerializingExecutor.run(SerializingExecutor.java:133)
	at java.base/java.util.concurrent.ThreadPoolExecutor.runWorker(ThreadPoolExecutor.java:1144)
	at java.base/java.util.concurrent.ThreadPoolExecutor$Worker.run(ThreadPoolExecutor.java:642)
	at java.base/java.lang.Thread.run(Thread.java:1583)
2025-04-23 04:27:07,941 [grpc-default-executor-4] INFO  server.GrpcLogAppender (GrpcLogAppender.java:onCompleted(550)) - omNode-3@group-523986131536->omNode-1-AppendLogResponseHandler: follower responses appendEntries COMPLETED
2025-04-23 04:27:07,941 [grpc-default-executor-4] WARN  server.GrpcLogAppender (GrpcLogAppender.java:resetClient(230)) - omNode-3@group-523986131536->omNode-1-GrpcLogAppender: Failed to getClient for omNode-1
org.apache.ratis.protocol.exceptions.AlreadyClosedException: omNode-3 is already CLOSED
	at org.apache.ratis.util.PeerProxyMap$PeerAndProxy.getProxy(PeerProxyMap.java:67)
	at org.apache.ratis.util.PeerProxyMap.getProxy(PeerProxyMap.java:124)
	at org.apache.ratis.grpc.server.GrpcLogAppender.getClient(GrpcLogAppender.java:200)
	at org.apache.ratis.grpc.server.GrpcLogAppender.resetClient(GrpcLogAppender.java:205)
	at org.apache.ratis.grpc.server.GrpcLogAppender.access$800(GrpcLogAppender.java:64)
	at org.apache.ratis.grpc.server.GrpcLogAppender$AppendLogResponseHandler.onCompleted(GrpcLogAppender.java:551)
	at org.apache.ratis.thirdparty.io.grpc.stub.ClientCalls$StreamObserverToCallListenerAdapter.onClose(ClientCalls.java:479)
	at org.apache.ratis.thirdparty.io.grpc.internal.DelayedClientCall$DelayedListener$3.run(DelayedClientCall.java:489)
	at org.apache.ratis.thirdparty.io.grpc.internal.DelayedClientCall$DelayedListener.delayOrExecute(DelayedClientCall.java:453)
	at org.apache.ratis.thirdparty.io.grpc.internal.DelayedClientCall$DelayedListener.onClose(DelayedClientCall.java:486)
	at org.apache.ratis.thirdparty.io.grpc.internal.ClientCallImpl.closeObserver(ClientCallImpl.java:567)
	at org.apache.ratis.thirdparty.io.grpc.internal.ClientCallImpl.access$300(ClientCallImpl.java:71)
	at org.apache.ratis.thirdparty.io.grpc.internal.ClientCallImpl$ClientStreamListenerImpl$1StreamClosed.runInternal(ClientCallImpl.java:735)
	at org.apache.ratis.thirdparty.io.grpc.internal.ClientCallImpl$ClientStreamListenerImpl$1StreamClosed.runInContext(ClientCallImpl.java:716)
	at org.apache.ratis.thirdparty.io.grpc.internal.ContextRunnable.run(ContextRunnable.java:37)
	at org.apache.ratis.thirdparty.io.grpc.internal.SerializingExecutor.run(SerializingExecutor.java:133)
	at java.base/java.util.concurrent.ThreadPoolExecutor.runWorker(ThreadPoolExecutor.java:1144)
	at java.base/java.util.concurrent.ThreadPoolExecutor$Worker.run(ThreadPoolExecutor.java:642)
	at java.base/java.lang.Thread.run(Thread.java:1583)
2025-04-23 04:27:07,942 [grpc-default-executor-3] INFO  server.GrpcLogAppender (GrpcLogAppender.java:onCompleted(550)) - omNode-3@group-523986131536->omNode-1-AppendLogResponseHandler: follower responses appendEntries COMPLETED
2025-04-23 04:27:07,942 [grpc-default-executor-3] WARN  server.GrpcLogAppender (GrpcLogAppender.java:resetClient(230)) - omNode-3@group-523986131536->omNode-1-GrpcLogAppender: Failed to getClient for omNode-1
org.apache.ratis.protocol.exceptions.AlreadyClosedException: omNode-3 is already CLOSED
	at org.apache.ratis.util.PeerProxyMap$PeerAndProxy.getProxy(PeerProxyMap.java:67)
	at org.apache.ratis.util.PeerProxyMap.getProxy(PeerProxyMap.java:124)
	at org.apache.ratis.grpc.server.GrpcLogAppender.getClient(GrpcLogAppender.java:200)
	at org.apache.ratis.grpc.server.GrpcLogAppender.resetClient(GrpcLogAppender.java:205)
	at org.apache.ratis.grpc.server.GrpcLogAppender.access$800(GrpcLogAppender.java:64)
	at org.apache.ratis.grpc.server.GrpcLogAppender$AppendLogResponseHandler.onCompleted(GrpcLogAppender.java:551)
	at org.apache.ratis.thirdparty.io.grpc.stub.ClientCalls$StreamObserverToCallListenerAdapter.onClose(ClientCalls.java:479)
	at org.apache.ratis.thirdparty.io.grpc.internal.ClientCallImpl.closeObserver(ClientCallImpl.java:567)
	at org.apache.ratis.thirdparty.io.grpc.internal.ClientCallImpl.access$300(ClientCallImpl.java:71)
	at org.apache.ratis.thirdparty.io.grpc.internal.ClientCallImpl$ClientStreamListenerImpl$1StreamClosed.runInternal(ClientCallImpl.java:735)
	at org.apache.ratis.thirdparty.io.grpc.internal.ClientCallImpl$ClientStreamListenerImpl$1StreamClosed.runInContext(ClientCallImpl.java:716)
	at org.apache.ratis.thirdparty.io.grpc.internal.ContextRunnable.run(ContextRunnable.java:37)
	at org.apache.ratis.thirdparty.io.grpc.internal.SerializingExecutor.run(SerializingExecutor.java:133)
	at java.base/java.util.concurrent.ThreadPoolExecutor.runWorker(ThreadPoolExecutor.java:1144)
	at java.base/java.util.concurrent.ThreadPoolExecutor$Worker.run(ThreadPoolExecutor.java:642)
	at java.base/java.lang.Thread.run(Thread.java:1583)
2025-04-23 04:27:07,942 [grpc-default-executor-2] INFO  server.GrpcServerProtocolService (GrpcServerProtocolService.java:onCompleted(157)) - omNode-2: Completed APPEND_ENTRIES, lastRequest: null
2025-04-23 04:27:07,943 [grpc-default-executor-2] INFO  server.GrpcServerProtocolService (GrpcServerProtocolService.java:lambda$onCompleted$5(159)) - omNode-2: Completed APPEND_ENTRIES, lastReply: serverReply {
  requestorId: "omNode-3"
  replyId: "omNode-2"
  raftGroupId {
    id: "\311\274L\364;\303<`\246kR9\206\023\0256"
  }
  success: true
}
term: 3
nextIndex: 32
followerCommit: 30
matchIndex: 18446744073709551615
isHearbeat: true

2025-04-23 04:27:07,945 [grpc-default-executor-3] INFO  server.GrpcLogAppender (GrpcLogAppender.java:onCompleted(550)) - omNode-3@group-523986131536->omNode-2-AppendLogResponseHandler: follower responses appendEntries COMPLETED
2025-04-23 04:27:07,945 [grpc-default-executor-3] WARN  server.GrpcLogAppender (GrpcLogAppender.java:resetClient(230)) - omNode-3@group-523986131536->omNode-2-GrpcLogAppender: Failed to getClient for omNode-2
org.apache.ratis.protocol.exceptions.AlreadyClosedException: omNode-3 is already CLOSED
	at org.apache.ratis.util.PeerProxyMap$PeerAndProxy.getProxy(PeerProxyMap.java:67)
	at org.apache.ratis.util.PeerProxyMap.getProxy(PeerProxyMap.java:124)
	at org.apache.ratis.grpc.server.GrpcLogAppender.getClient(GrpcLogAppender.java:200)
	at org.apache.ratis.grpc.server.GrpcLogAppender.resetClient(GrpcLogAppender.java:205)
	at org.apache.ratis.grpc.server.GrpcLogAppender.access$800(GrpcLogAppender.java:64)
	at org.apache.ratis.grpc.server.GrpcLogAppender$AppendLogResponseHandler.onCompleted(GrpcLogAppender.java:551)
	at org.apache.ratis.thirdparty.io.grpc.stub.ClientCalls$StreamObserverToCallListenerAdapter.onClose(ClientCalls.java:479)
	at org.apache.ratis.thirdparty.io.grpc.internal.DelayedClientCall$DelayedListener$3.run(DelayedClientCall.java:489)
	at org.apache.ratis.thirdparty.io.grpc.internal.DelayedClientCall$DelayedListener.delayOrExecute(DelayedClientCall.java:453)
	at org.apache.ratis.thirdparty.io.grpc.internal.DelayedClientCall$DelayedListener.onClose(DelayedClientCall.java:486)
	at org.apache.ratis.thirdparty.io.grpc.internal.ClientCallImpl.closeObserver(ClientCallImpl.java:567)
	at org.apache.ratis.thirdparty.io.grpc.internal.ClientCallImpl.access$300(ClientCallImpl.java:71)
	at org.apache.ratis.thirdparty.io.grpc.internal.ClientCallImpl$ClientStreamListenerImpl$1StreamClosed.runInternal(ClientCallImpl.java:735)
	at org.apache.ratis.thirdparty.io.grpc.internal.ClientCallImpl$ClientStreamListenerImpl$1StreamClosed.runInContext(ClientCallImpl.java:716)
	at org.apache.ratis.thirdparty.io.grpc.internal.ContextRunnable.run(ContextRunnable.java:37)
	at org.apache.ratis.thirdparty.io.grpc.internal.SerializingExecutor.run(SerializingExecutor.java:133)
	at java.base/java.util.concurrent.ThreadPoolExecutor.runWorker(ThreadPoolExecutor.java:1144)
	at java.base/java.util.concurrent.ThreadPoolExecutor$Worker.run(ThreadPoolExecutor.java:642)
	at java.base/java.lang.Thread.run(Thread.java:1583)
2025-04-23 04:27:07,946 [main] INFO  server.GrpcService (GrpcService.java:closeImpl(352)) - omNode-3: shutdown server GrpcServerProtocolService successfully
2025-04-23 04:27:07,950 [omNode-3@group-523986131536-StateMachineUpdater] INFO  ratis.OzoneManagerStateMachine (OzoneManagerStateMachine.java:takeSnapshotImpl(510)) - omNode-3: taking snapshot. applied = (t:3, i:32), skipped = 30, notified = (t:3, i:32), current snapshot index = (t:3, i:32), took 12 ms
2025-04-23 04:27:07,950 [omNode-3@group-523986131536-StateMachineUpdater] INFO  impl.StateMachineUpdater (StateMachineUpdater.java:takeSnapshot(303)) - omNode-3@group-523986131536-StateMachineUpdater: Took a snapshot at index 32
2025-04-23 04:27:07,950 [omNode-3@group-523986131536-StateMachineUpdater] INFO  impl.StateMachineUpdater (StateMachineUpdater.java:lambda$new$0(102)) - omNode-3@group-523986131536-StateMachineUpdater: snapshotIndex: updateIncreasingly 30 -> 32
2025-04-23 04:27:07,950 [omNode-3@group-523986131536-StateMachineUpdater] INFO  impl.StateMachineUpdater (StateMachineUpdater.java:stop(141)) - omNode-3@group-523986131536-StateMachineUpdater: closing OzoneManagerStateMachine, lastApplied=(t:3, i:32)
2025-04-23 04:27:07,950 [omNode-3@group-523986131536-StateMachineUpdater] INFO  ratis.OzoneManagerStateMachine (OzoneManagerStateMachine.java:close(550)) - Stopping OzoneManagerStateMachine:omNode-3:group-523986131536.
2025-04-23 04:27:07,950 [omNode-3@group-523986131536-StateMachineUpdater] INFO  ratis.OzoneManagerDoubleBuffer (OzoneManagerDoubleBuffer.java:stopDaemon(500)) - Stopping OMDoubleBuffer flush thread
2025-04-23 04:27:07,951 [omNode-3-OMDoubleBufferFlushThread] INFO  ratis.OzoneManagerDoubleBuffer (OzoneManagerDoubleBuffer.java:canFlush(559)) - OMDoubleBuffer flush thread omNode-3-OMDoubleBufferFlushThread is interrupted and will exit.
2025-04-23 04:27:07,951 [omNode-3@group-523986131536-cacheEviction-AwaitToRun] INFO  util.AwaitToRun (AwaitToRun.java:run(49)) - omNode-3@group-523986131536-cacheEviction-AwaitToRun-AwaitForSignal is interrupted
2025-04-23 04:27:08,548 [omNode-3-impl-thread1] INFO  segmented.SegmentedRaftLogWorker (SegmentedRaftLogWorker.java:close(252)) - omNode-3@group-523986131536-SegmentedRaftLogWorker close()
2025-04-23 04:27:08,549 [JvmPauseMonitor8] INFO  util.JvmPauseMonitor (JvmPauseMonitor.java:run(152)) - JvmPauseMonitor-omNode-3: Stopped
2025-04-23 04:27:08,549 [main] INFO  utils.BackgroundService (BackgroundService.java:shutdown(161)) - Shutting down service KeyDeletingService
2025-04-23 04:27:08,549 [main] INFO  utils.BackgroundService (BackgroundService.java:shutdown(161)) - Shutting down service DirectoryDeletingService
2025-04-23 04:27:08,551 [main] INFO  utils.BackgroundService (BackgroundService.java:shutdown(161)) - Shutting down service OpenKeyCleanupService
2025-04-23 04:27:08,551 [main] INFO  utils.BackgroundService (BackgroundService.java:shutdown(161)) - Shutting down service SstFilteringService
2025-04-23 04:27:08,552 [main] INFO  utils.BackgroundService (BackgroundService.java:shutdown(161)) - Shutting down service SnapshotDeletingService
2025-04-23 04:27:08,552 [main] INFO  utils.BackgroundService (BackgroundService.java:shutdown(161)) - Shutting down service MultipartUploadCleanupService
2025-04-23 04:27:08,553 [main] INFO  handler.ContextHandler (ContextHandler.java:doStop(1159)) - Stopped o.e.j.w.WebAppContext@371a9b7e{ozoneManager,/,null,STOPPED}{file:/home/runner/work/ozone/ozone/hadoop-ozone/integration-test/target/test-classes/webapps/ozoneManager}
2025-04-23 04:27:08,554 [main] INFO  server.AbstractConnector (AbstractConnector.java:doStop(383)) - Stopped ServerConnector@2d8d4df{HTTP/1.1, (http/1.1)}{0.0.0.0:15015}
2025-04-23 04:27:08,554 [main] INFO  server.session (HouseKeeper.java:stopScavenging(149)) - node0 Stopped scavenging
2025-04-23 04:27:08,554 [main] INFO  handler.ContextHandler (ContextHandler.java:doStop(1159)) - Stopped o.e.j.s.ServletContextHandler@b781ac4{static,/static,file:///home/runner/work/ozone/ozone/hadoop-ozone/integration-test/target/test-classes/webapps/static,STOPPED}
2025-04-23 04:27:08,554 [main] INFO  handler.ContextHandler (ContextHandler.java:doStop(1159)) - Stopped o.e.j.s.ServletContextHandler@4f75de5d{logs,/logs,file:///home/runner/work/ozone/ozone/hadoop-ozone/integration-test/target/log,STOPPED}
2025-04-23 04:27:08,555 [main] INFO  rocksdiff.RocksDBCheckpointDiffer (RocksDBCheckpointDiffer.java:close(304)) - Shutting down CompactionDagPruningService.
2025-04-23 04:27:08,557 [main] INFO  snapshot.SnapshotDiffManager (SnapshotDiffManager.java:closeExecutorService(1698)) - Shutting down executorService: 'SnapDiffExecutor'
2025-04-23 04:27:08,557 [main] INFO  utils.BackgroundService (BackgroundService.java:shutdown(161)) - Shutting down service SnapshotDiffCleanupService
2025-04-23 04:27:08,558 [main] INFO  om.OzoneManager (OzoneManager.java:stop(2347)) - omNode-1[localhost:15006]: Stopping Ozone Manager
2025-04-23 04:27:08,558 [main] INFO  ipc.Server (Server.java:stop(3697)) - Stopping server on 15006
2025-04-23 04:27:08,560 [IPC Server listener on 15006] INFO  ipc.Server (Server.java:run(1585)) - Stopping IPC Server listener on 15006
2025-04-23 04:27:08,560 [IPC Server Responder] INFO  ipc.Server (Server.java:run(1718)) - Stopping IPC Server Responder
2025-04-23 04:27:08,560 [main] INFO  ratis.OzoneManagerRatisServer (OzoneManagerRatisServer.java:stop(634)) - Stopping org.apache.hadoop.ozone.om.ratis.OzoneManagerRatisServer@1456fbd1 at port 15009
2025-04-23 04:27:08,560 [main] INFO  server.RaftServer (RaftServerProxy.java:lambda$close$9(417)) - omNode-1: close
2025-04-23 04:27:08,561 [main] INFO  server.GrpcService (GrpcService.java:closeImpl(343)) - omNode-1: shutdown server GrpcServerProtocolService now
2025-04-23 04:27:08,561 [omNode-1-impl-thread1] INFO  server.RaftServer$Division (RaftServerImpl.java:lambda$close$1(513)) - omNode-1@group-523986131536: shutdown
2025-04-23 04:27:08,561 [omNode-1-impl-thread1] INFO  util.JmxRegister (JmxRegister.java:unregister(74)) - Successfully un-registered JMX Bean with object name Ratis:service=RaftServer,group=group-523986131536,id=omNode-1
2025-04-23 04:27:08,561 [omNode-1-impl-thread1] INFO  impl.RoleInfo (RoleInfo.java:shutdownFollowerState(121)) - omNode-1: shutdown omNode-1@group-523986131536-FollowerState
2025-04-23 04:27:08,561 [omNode-1-impl-thread1] INFO  impl.StateMachineUpdater (StateMachineUpdater.java:stopAndJoin(164)) - omNode-1@group-523986131536-StateMachineUpdater: set stopIndex = 31
2025-04-23 04:27:08,561 [omNode-1@group-523986131536-FollowerState] INFO  impl.FollowerState (FollowerState.java:runImpl(170)) - omNode-1@group-523986131536-FollowerState was interrupted
2025-04-23 04:27:08,562 [main] INFO  server.GrpcService (GrpcService.java:closeImpl(352)) - omNode-1: shutdown server GrpcServerProtocolService successfully
2025-04-23 04:27:08,576 [omNode-1@group-523986131536-StateMachineUpdater] INFO  ratis.OzoneManagerStateMachine (OzoneManagerStateMachine.java:takeSnapshotImpl(510)) - omNode-1: taking snapshot. applied = (t:3, i:31), skipped = 29, notified = (t:3, i:31), current snapshot index = (t:3, i:31), took 15 ms
2025-04-23 04:27:08,576 [omNode-1@group-523986131536-StateMachineUpdater] INFO  impl.StateMachineUpdater (StateMachineUpdater.java:takeSnapshot(303)) - omNode-1@group-523986131536-StateMachineUpdater: Took a snapshot at index 31
2025-04-23 04:27:08,576 [omNode-1@group-523986131536-StateMachineUpdater] INFO  impl.StateMachineUpdater (StateMachineUpdater.java:lambda$new$0(102)) - omNode-1@group-523986131536-StateMachineUpdater: snapshotIndex: updateIncreasingly 20 -> 31
2025-04-23 04:27:08,576 [omNode-1@group-523986131536-StateMachineUpdater] INFO  impl.StateMachineUpdater (StateMachineUpdater.java:stop(141)) - omNode-1@group-523986131536-StateMachineUpdater: closing OzoneManagerStateMachine, lastApplied=(t:3, i:31)
2025-04-23 04:27:08,576 [omNode-1@group-523986131536-StateMachineUpdater] INFO  ratis.OzoneManagerStateMachine (OzoneManagerStateMachine.java:close(550)) - Stopping OzoneManagerStateMachine:omNode-1:group-523986131536.
2025-04-23 04:27:08,576 [omNode-1@group-523986131536-StateMachineUpdater] INFO  ratis.OzoneManagerDoubleBuffer (OzoneManagerDoubleBuffer.java:stopDaemon(500)) - Stopping OMDoubleBuffer flush thread
2025-04-23 04:27:08,576 [omNode-1-OMDoubleBufferFlushThread] INFO  ratis.OzoneManagerDoubleBuffer (OzoneManagerDoubleBuffer.java:canFlush(559)) - OMDoubleBuffer flush thread omNode-1-OMDoubleBufferFlushThread is interrupted and will exit.
2025-04-23 04:27:08,577 [omNode-1@group-523986131536-cacheEviction-AwaitToRun] INFO  util.AwaitToRun (AwaitToRun.java:run(49)) - omNode-1@group-523986131536-cacheEviction-AwaitToRun-AwaitForSignal is interrupted
2025-04-23 04:27:09,166 [timer1] WARN  server.GrpcLogAppender (GrpcLogAppender.java:lambda$resetClient$1(221)) - omNode-3@group-523986131536->omNode-1-GrpcLogAppender: Follower failed (request=null, errorCount=24); keep nextIndex (25) unchanged and retry. (Repeated 2 times in the last 5.001s)
2025-04-23 04:27:09,178 [timer3] WARN  server.GrpcLogAppender (GrpcLogAppender.java:lambda$resetClient$1(221)) - omNode-3@group-523986131536->omNode-1-GrpcLogAppender: Follower failed (request=null, errorCount=26); keep nextIndex (26) unchanged and retry. (Repeated 2 times in the last 5.001s)
2025-04-23 04:27:09,180 [timer5] WARN  server.GrpcLogAppender (GrpcLogAppender.java:lambda$resetClient$1(221)) - omNode-3@group-523986131536->omNode-1-GrpcLogAppender: Follower failed (request=null, errorCount=28); keep nextIndex (27) unchanged and retry. (Repeated 2 times in the last 5.000s)
2025-04-23 04:27:09,202 [timer3] WARN  server.GrpcLogAppender (GrpcLogAppender.java:lambda$resetClient$1(221)) - omNode-3@group-523986131536->omNode-1-GrpcLogAppender: Follower failed (request=null, errorCount=30); keep nextIndex (28) unchanged and retry. (Repeated 2 times in the last 4.999s)
2025-04-23 04:27:09,205 [timer6] WARN  server.GrpcLogAppender (GrpcLogAppender.java:lambda$resetClient$1(221)) - omNode-3@group-523986131536->omNode-1-GrpcLogAppender: Follower failed (request=null, errorCount=32); keep nextIndex (29) unchanged and retry. (Repeated 2 times in the last 5.000s)
2025-04-23 04:27:09,212 [timer1] WARN  server.GrpcLogAppender (GrpcLogAppender.java:lambda$resetClient$1(221)) - omNode-3@group-523986131536->omNode-1-GrpcLogAppender: Follower failed (request=null, errorCount=34); keep nextIndex (30) unchanged and retry. (Repeated 2 times in the last 4.999s)
2025-04-23 04:27:09,218 [timer4] WARN  server.GrpcLogAppender (GrpcLogAppender.java:lambda$resetClient$1(221)) - omNode-3@group-523986131536->omNode-1-GrpcLogAppender: Follower failed (request=null, errorCount=36); keep nextIndex (31) unchanged and retry. (Repeated 2 times in the last 5.000s)
2025-04-23 04:27:09,573 [omNode-1-impl-thread1] INFO  segmented.SegmentedRaftLogWorker (SegmentedRaftLogWorker.java:close(252)) - omNode-1@group-523986131536-SegmentedRaftLogWorker close()
2025-04-23 04:27:09,574 [JvmPauseMonitor9] INFO  util.JvmPauseMonitor (JvmPauseMonitor.java:run(152)) - JvmPauseMonitor-omNode-1: Stopped
2025-04-23 04:27:09,574 [main] INFO  utils.BackgroundService (BackgroundService.java:shutdown(161)) - Shutting down service KeyDeletingService
2025-04-23 04:27:09,574 [main] INFO  utils.BackgroundService (BackgroundService.java:shutdown(161)) - Shutting down service DirectoryDeletingService
2025-04-23 04:27:09,576 [main] INFO  utils.BackgroundService (BackgroundService.java:shutdown(161)) - Shutting down service OpenKeyCleanupService
2025-04-23 04:27:09,576 [main] INFO  utils.BackgroundService (BackgroundService.java:shutdown(161)) - Shutting down service SstFilteringService
2025-04-23 04:27:09,577 [main] INFO  utils.BackgroundService (BackgroundService.java:shutdown(161)) - Shutting down service SnapshotDeletingService
2025-04-23 04:27:09,577 [main] INFO  utils.BackgroundService (BackgroundService.java:shutdown(161)) - Shutting down service MultipartUploadCleanupService
2025-04-23 04:27:09,578 [main] INFO  handler.ContextHandler (ContextHandler.java:doStop(1159)) - Stopped o.e.j.w.WebAppContext@421be613{ozoneManager,/,null,STOPPED}{file:/home/runner/work/ozone/ozone/hadoop-ozone/integration-test/target/test-classes/webapps/ozoneManager}
2025-04-23 04:27:09,578 [main] INFO  server.AbstractConnector (AbstractConnector.java:doStop(383)) - Stopped ServerConnector@468242ef{HTTP/1.1, (http/1.1)}{0.0.0.0:15007}
2025-04-23 04:27:09,578 [main] INFO  server.session (HouseKeeper.java:stopScavenging(149)) - node0 Stopped scavenging
2025-04-23 04:27:09,579 [main] INFO  handler.ContextHandler (ContextHandler.java:doStop(1159)) - Stopped o.e.j.s.ServletContextHandler@51b0fd9f{static,/static,file:///home/runner/work/ozone/ozone/hadoop-ozone/integration-test/target/test-classes/webapps/static,STOPPED}
2025-04-23 04:27:09,579 [main] INFO  handler.ContextHandler (ContextHandler.java:doStop(1159)) - Stopped o.e.j.s.ServletContextHandler@50f33830{logs,/logs,file:///home/runner/work/ozone/ozone/hadoop-ozone/integration-test/target/log,STOPPED}
2025-04-23 04:27:09,579 [main] INFO  rocksdiff.RocksDBCheckpointDiffer (RocksDBCheckpointDiffer.java:close(304)) - Shutting down CompactionDagPruningService.
2025-04-23 04:27:09,581 [main] INFO  snapshot.SnapshotDiffManager (SnapshotDiffManager.java:closeExecutorService(1698)) - Shutting down executorService: 'SnapDiffExecutor'
2025-04-23 04:27:09,582 [main] INFO  utils.BackgroundService (BackgroundService.java:shutdown(161)) - Shutting down service SnapshotDiffCleanupService
2025-04-23 04:27:09,582 [main] INFO  om.OzoneManager (OzoneManager.java:stop(2347)) - omNode-2[localhost:15010]: Stopping Ozone Manager
2025-04-23 04:27:09,582 [main] INFO  ipc.Server (Server.java:stop(3697)) - Stopping server on 15010
2025-04-23 04:27:09,584 [IPC Server listener on 15010] INFO  ipc.Server (Server.java:run(1585)) - Stopping IPC Server listener on 15010
2025-04-23 04:27:09,584 [main] INFO  ratis.OzoneManagerRatisServer (OzoneManagerRatisServer.java:stop(634)) - Stopping org.apache.hadoop.ozone.om.ratis.OzoneManagerRatisServer@a974b13 at port 15013
2025-04-23 04:27:09,584 [main] INFO  server.RaftServer (RaftServerProxy.java:lambda$close$9(417)) - omNode-2: close
2025-04-23 04:27:09,585 [main] INFO  server.GrpcService (GrpcService.java:closeImpl(343)) - omNode-2: shutdown server GrpcServerProtocolService now
2025-04-23 04:27:09,584 [IPC Server Responder] INFO  ipc.Server (Server.java:run(1718)) - Stopping IPC Server Responder
2025-04-23 04:27:09,585 [omNode-2-impl-thread1] INFO  server.RaftServer$Division (RaftServerImpl.java:lambda$close$1(513)) - omNode-2@group-523986131536: shutdown
2025-04-23 04:27:09,585 [omNode-2-impl-thread1] INFO  util.JmxRegister (JmxRegister.java:unregister(74)) - Successfully un-registered JMX Bean with object name Ratis:service=RaftServer,group=group-523986131536,id=omNode-2
2025-04-23 04:27:09,585 [omNode-2-impl-thread1] INFO  impl.RoleInfo (RoleInfo.java:shutdownFollowerState(121)) - omNode-2: shutdown omNode-2@group-523986131536-FollowerState
2025-04-23 04:27:09,585 [omNode-2-impl-thread1] INFO  impl.StateMachineUpdater (StateMachineUpdater.java:stopAndJoin(164)) - omNode-2@group-523986131536-StateMachineUpdater: set stopIndex = 31
2025-04-23 04:27:09,585 [omNode-2@group-523986131536-FollowerState] INFO  impl.FollowerState (FollowerState.java:runImpl(170)) - omNode-2@group-523986131536-FollowerState was interrupted
2025-04-23 04:27:09,587 [main] INFO  server.GrpcService (GrpcService.java:closeImpl(352)) - omNode-2: shutdown server GrpcServerProtocolService successfully
2025-04-23 04:27:09,590 [omNode-2@group-523986131536-StateMachineUpdater] INFO  ratis.OzoneManagerStateMachine (OzoneManagerStateMachine.java:takeSnapshotImpl(510)) - omNode-2: taking snapshot. applied = (t:3, i:31), skipped = 29, notified = (t:3, i:31), current snapshot index = (t:3, i:31), took 5 ms
2025-04-23 04:27:09,590 [omNode-2@group-523986131536-StateMachineUpdater] INFO  impl.StateMachineUpdater (StateMachineUpdater.java:takeSnapshot(303)) - omNode-2@group-523986131536-StateMachineUpdater: Took a snapshot at index 31
2025-04-23 04:27:09,590 [omNode-2@group-523986131536-StateMachineUpdater] INFO  impl.StateMachineUpdater (StateMachineUpdater.java:lambda$new$0(102)) - omNode-2@group-523986131536-StateMachineUpdater: snapshotIndex: updateIncreasingly 29 -> 31
2025-04-23 04:27:09,590 [omNode-2@group-523986131536-StateMachineUpdater] INFO  impl.StateMachineUpdater (StateMachineUpdater.java:stop(141)) - omNode-2@group-523986131536-StateMachineUpdater: closing OzoneManagerStateMachine, lastApplied=(t:3, i:31)
2025-04-23 04:27:09,590 [omNode-2@group-523986131536-StateMachineUpdater] INFO  ratis.OzoneManagerStateMachine (OzoneManagerStateMachine.java:close(550)) - Stopping OzoneManagerStateMachine:omNode-2:group-523986131536.
2025-04-23 04:27:09,590 [omNode-2@group-523986131536-StateMachineUpdater] INFO  ratis.OzoneManagerDoubleBuffer (OzoneManagerDoubleBuffer.java:stopDaemon(500)) - Stopping OMDoubleBuffer flush thread
2025-04-23 04:27:09,591 [omNode-2-OMDoubleBufferFlushThread] INFO  ratis.OzoneManagerDoubleBuffer (OzoneManagerDoubleBuffer.java:canFlush(559)) - OMDoubleBuffer flush thread omNode-2-OMDoubleBufferFlushThread is interrupted and will exit.
2025-04-23 04:27:09,591 [omNode-2@group-523986131536-cacheEviction-AwaitToRun] INFO  util.AwaitToRun (AwaitToRun.java:run(49)) - omNode-2@group-523986131536-cacheEviction-AwaitToRun-AwaitForSignal is interrupted
2025-04-23 04:27:10,549 [omNode-2-impl-thread1] INFO  segmented.SegmentedRaftLogWorker (SegmentedRaftLogWorker.java:close(252)) - omNode-2@group-523986131536-SegmentedRaftLogWorker close()
2025-04-23 04:27:10,549 [JvmPauseMonitor10] INFO  util.JvmPauseMonitor (JvmPauseMonitor.java:run(152)) - JvmPauseMonitor-omNode-2: Stopped
2025-04-23 04:27:10,549 [main] INFO  utils.BackgroundService (BackgroundService.java:shutdown(161)) - Shutting down service KeyDeletingService
2025-04-23 04:27:10,550 [main] INFO  utils.BackgroundService (BackgroundService.java:shutdown(161)) - Shutting down service DirectoryDeletingService
2025-04-23 04:27:10,551 [main] INFO  utils.BackgroundService (BackgroundService.java:shutdown(161)) - Shutting down service OpenKeyCleanupService
2025-04-23 04:27:10,552 [main] INFO  utils.BackgroundService (BackgroundService.java:shutdown(161)) - Shutting down service SstFilteringService
2025-04-23 04:27:10,552 [main] INFO  utils.BackgroundService (BackgroundService.java:shutdown(161)) - Shutting down service SnapshotDeletingService
2025-04-23 04:27:10,552 [main] INFO  utils.BackgroundService (BackgroundService.java:shutdown(161)) - Shutting down service MultipartUploadCleanupService
2025-04-23 04:27:10,553 [main] INFO  handler.ContextHandler (ContextHandler.java:doStop(1159)) - Stopped o.e.j.w.WebAppContext@26a12fcf{ozoneManager,/,null,STOPPED}{file:/home/runner/work/ozone/ozone/hadoop-ozone/integration-test/target/test-classes/webapps/ozoneManager}
2025-04-23 04:27:10,554 [main] INFO  server.AbstractConnector (AbstractConnector.java:doStop(383)) - Stopped ServerConnector@3a36d145{HTTP/1.1, (http/1.1)}{0.0.0.0:15011}
2025-04-23 04:27:10,554 [main] INFO  server.session (HouseKeeper.java:stopScavenging(149)) - node0 Stopped scavenging
2025-04-23 04:27:10,554 [main] INFO  handler.ContextHandler (ContextHandler.java:doStop(1159)) - Stopped o.e.j.s.ServletContextHandler@56119537{static,/static,file:///home/runner/work/ozone/ozone/hadoop-ozone/integration-test/target/test-classes/webapps/static,STOPPED}
2025-04-23 04:27:10,554 [main] INFO  handler.ContextHandler (ContextHandler.java:doStop(1159)) - Stopped o.e.j.s.ServletContextHandler@99300fa{logs,/logs,file:///home/runner/work/ozone/ozone/hadoop-ozone/integration-test/target/log,STOPPED}
2025-04-23 04:27:10,555 [main] INFO  rocksdiff.RocksDBCheckpointDiffer (RocksDBCheckpointDiffer.java:close(304)) - Shutting down CompactionDagPruningService.
2025-04-23 04:27:10,557 [main] INFO  snapshot.SnapshotDiffManager (SnapshotDiffManager.java:closeExecutorService(1698)) - Shutting down executorService: 'SnapDiffExecutor'
2025-04-23 04:27:10,557 [main] INFO  utils.BackgroundService (BackgroundService.java:shutdown(161)) - Shutting down service SnapshotDiffCleanupService
2025-04-23 04:27:10,561 [main] INFO  rpc.RpcClient (RpcClient.java:createVolume(462)) - Creating Volume: volume76925, with user72443 as owner and space quota set to -1 bytes, counts quota set to -1
2025-04-23 04:27:10,562 [main] INFO  retry.RetryInvocationHandler (RetryInvocationHandler.java:log(426)) - com.google.protobuf.ServiceException: java.io.EOFException: End of File Exception between local host is: "fv-az1441-587/10.1.0.164"; destination host is: "localhost":15014; : java.io.EOFException; For more details see:  http://wiki.apache.org/hadoop/EOFException, while invoking $Proxy68.submitRequest over nodeId=omNode-3,nodeAddress=127.0.0.1:15014. Trying to failover after sleeping for 2000ms. Current retry count: 0.
2025-04-23 04:27:12,563 [main] INFO  retry.RetryInvocationHandler (RetryInvocationHandler.java:log(426)) - com.google.protobuf.ServiceException: java.net.ConnectException: Call From fv-az1441-587/10.1.0.164 to localhost:15006 failed on connection exception: java.net.ConnectException: Connection refused; For more details see:  http://wiki.apache.org/hadoop/ConnectionRefused, while invoking $Proxy68.submitRequest over nodeId=omNode-1,nodeAddress=127.0.0.1:15006 after 1 failover attempts. Trying to failover immediately. Current retry count: 1.
2025-04-23 04:27:12,564 [main] INFO  retry.RetryInvocationHandler (RetryInvocationHandler.java:log(426)) - com.google.protobuf.ServiceException: java.io.EOFException: End of File Exception between local host is: "fv-az1441-587/10.1.0.164"; destination host is: "localhost":15010; : java.io.EOFException; For more details see:  http://wiki.apache.org/hadoop/EOFException, while invoking $Proxy68.submitRequest over nodeId=omNode-2,nodeAddress=127.0.0.1:15010 after 2 failover attempts. Trying to failover immediately. Current retry count: 2.
2025-04-23 04:27:12,564 [main] INFO  retry.RetryInvocationHandler (RetryInvocationHandler.java:log(426)) - com.google.protobuf.ServiceException: java.net.ConnectException: Call From fv-az1441-587/10.1.0.164 to localhost:15014 failed on connection exception: java.net.ConnectException: Connection refused; For more details see:  http://wiki.apache.org/hadoop/ConnectionRefused, while invoking $Proxy68.submitRequest over nodeId=omNode-3,nodeAddress=127.0.0.1:15014 after 3 failover attempts. Trying to failover after sleeping for 2000ms. Current retry count: 3.
2025-04-23 04:27:14,565 [main] INFO  retry.RetryInvocationHandler (RetryInvocationHandler.java:log(426)) - com.google.protobuf.ServiceException: java.net.ConnectException: Call From fv-az1441-587/10.1.0.164 to localhost:15006 failed on connection exception: java.net.ConnectException: Connection refused; For more details see:  http://wiki.apache.org/hadoop/ConnectionRefused, while invoking $Proxy68.submitRequest over nodeId=omNode-1,nodeAddress=127.0.0.1:15006 after 4 failover attempts. Trying to failover immediately. Current retry count: 4.
2025-04-23 04:27:14,566 [main] ERROR ha.OMFailoverProxyProviderBase (OMFailoverProxyProviderBase.java:getRetryAction(261)) - Failed to connect to OMs: [omNode-1, omNode-2, omNode-3]. Attempted 5 failovers.
2025-04-23 04:27:14,567 [main] INFO  om.OzoneManager (OzoneManager.java:stop(2347)) - omNode-3[localhost:15014]: Stopping Ozone Manager
2025-04-23 04:27:14,567 [main] INFO  om.OzoneManager (OzoneManager.java:stop(2347)) - omNode-1[localhost:15006]: Stopping Ozone Manager
2025-04-23 04:27:14,567 [main] INFO  om.OzoneManager (OzoneManager.java:stop(2347)) - omNode-2[localhost:15010]: Stopping Ozone Manager
2025-04-23 04:27:14,567 [main] INFO  om.OzoneManager (OzoneManager.java:restart(1878)) - OzoneManager RPC server is listening at localhost/127.0.0.1:15014
2025-04-23 04:27:14,567 [main] INFO  impl.MetricsSystemImpl (MetricsSystemImpl.java:init(158)) - OzoneManager metrics system started (again)
2025-04-23 04:27:14,579 [main] WARN  server.ServerUtils (ServerUtils.java:getDBPath(297)) - ozone.om.db.dirs is not configured. We recommend adding this setting. Falling back to ozone.metadata.dirs instead.
2025-04-23 04:27:14,629 [main] INFO  om.OzoneManager (OzoneManager.java:instantiateServices(933)) - S3 Multi-Tenancy is disabled
2025-04-23 04:27:14,629 [main] INFO  om.OmSnapshotManager (OmSnapshotManager.java:<init>(180)) - Ozone filesystem snapshot feature is enabled.
2025-04-23 04:27:14,630 [main] WARN  server.ServerUtils (ServerUtils.java:getDBPath(297)) - ozone.om.snapshot.diff.db.dir is not configured. We recommend adding this setting. Falling back to ozone.metadata.dirs instead.
2025-04-23 04:27:14,644 [main] WARN  server.ServerUtils (ServerUtils.java:getDefaultRatisDirectory(309)) - Storage directory for Ratis is not configured. It is a good idea to map this to an SSD disk. Falling back to ozone.metadata.dirs
2025-04-23 04:27:14,644 [main] INFO  server.RaftServerConfigKeys (ConfUtils.java:logGet(46)) - raft.server.log.appender.buffer.byte-limit = 4194304 (custom)
2025-04-23 04:27:14,645 [main] INFO  ratis.OzoneManagerRatisServer (OzoneManagerRatisServer.java:<init>(167)) - Instantiating OM Ratis server with groupID: om-service-test1 and peers: localhost:15017, localhost:15009, localhost:15013
2025-04-23 04:27:14,645 [main] INFO  ratis.OzoneManagerStateMachine (OzoneManagerStateMachine.java:loadSnapshotInfoFromDB(611)) - LastAppliedIndex is set from TransactionInfo from OM DB as (t:3, i:32)
2025-04-23 04:27:14,646 [main] INFO  server.RaftServer (ConfUtils.java:logGet(46)) - raft.rpc.type = GRPC (default)
2025-04-23 04:27:14,646 [main] INFO  grpc.GrpcConfigKeys (ConfUtils.java:logFallback(53)) - raft.grpc.admin.host = null (fallback to raft.grpc.server.host)
2025-04-23 04:27:14,646 [main] INFO  grpc.GrpcConfigKeys (ConfUtils.java:logFallback(53)) - raft.grpc.admin.port = 15017 (fallback to raft.grpc.server.port)
2025-04-23 04:27:14,646 [main] INFO  grpc.GrpcConfigKeys (ConfUtils.java:logFallback(53)) - raft.grpc.client.host = null (fallback to raft.grpc.server.host)
2025-04-23 04:27:14,646 [main] INFO  grpc.GrpcConfigKeys (ConfUtils.java:logFallback(53)) - raft.grpc.client.port = 15017 (fallback to raft.grpc.server.port)
2025-04-23 04:27:14,646 [main] INFO  grpc.GrpcConfigKeys (ConfUtils.java:logGet(46)) - raft.grpc.server.host = null (default)
2025-04-23 04:27:14,646 [main] INFO  grpc.GrpcConfigKeys (ConfUtils.java:logGet(46)) - raft.grpc.server.port = 15017 (custom)
2025-04-23 04:27:14,646 [main] INFO  server.GrpcService (ConfUtils.java:logGet(46)) - raft.grpc.message.size.max = 5242880 (custom)
2025-04-23 04:27:14,646 [main] INFO  server.GrpcService (ConfUtils.java:logGet(46)) - raft.grpc.flow.control.window = 1MB (=1048576) (default)
2025-04-23 04:27:14,646 [main] INFO  server.RaftServerConfigKeys (ConfUtils.java:logGet(46)) - raft.server.rpc.request.timeout = 3000ms (default)
2025-04-23 04:27:14,647 [main] INFO  grpc.GrpcConfigKeys (ConfUtils.java:logGet(46)) - raft.grpc.server.heartbeat.channel = true (default)
2025-04-23 04:27:14,647 [main] INFO  server.RaftServerConfigKeys (ConfUtils.java:logGet(46)) - raft.server.log.appender.buffer.byte-limit = 4194304 (custom)
2025-04-23 04:27:14,647 [main] INFO  grpc.GrpcConfigKeys (ConfUtils.java:logGet(46)) - raft.grpc.server.async.request.thread.pool.cached = true (default)
2025-04-23 04:27:14,647 [main] INFO  grpc.GrpcConfigKeys (ConfUtils.java:logGet(46)) - raft.grpc.server.async.request.thread.pool.size = 32 (default)
2025-04-23 04:27:14,647 [main] INFO  impl.DataStreamServerImpl (ConfUtils.java:logGet(46)) - raft.datastream.type = DISABLED (default)
2025-04-23 04:27:14,648 [main] INFO  server.RaftServerConfigKeys (ConfUtils.java:logGet(46)) - raft.server.sleep.deviation.threshold = 300ms (default)
2025-04-23 04:27:14,648 [main] INFO  server.RaftServerConfigKeys (ConfUtils.java:logGet(46)) - raft.server.close.threshold = 60s (default)
2025-04-23 04:27:14,648 [main] INFO  server.RaftServerConfigKeys (ConfUtils.java:logGet(46)) - raft.server.leaderelection.leader.step-down.wait-time = 10s (default)
2025-04-23 04:27:14,648 [main] INFO  server.RaftServerConfigKeys (ConfUtils.java:logGet(46)) - raft.server.storage.dir = [/home/runner/work/ozone/ozone/hadoop-ozone/integration-test/target/test-dir/MiniOzoneClusterImpl-ff59c164-3798-4a7f-a16d-eeed9ffb3244/omNode-3/ratis] (custom)
2025-04-23 04:27:14,648 [main] INFO  server.RaftServerConfigKeys (ConfUtils.java:logGet(46)) - raft.server.threadpool.proxy.cached = true (default)
2025-04-23 04:27:14,648 [main] INFO  server.RaftServerConfigKeys (ConfUtils.java:logGet(46)) - raft.server.threadpool.proxy.size = 0 (default)
2025-04-23 04:27:14,648 [omNode-3-impl-thread1] INFO  server.RaftServer (RaftServerProxy.java:initGroupDir(265)) - omNode-3: found a subdirectory /home/runner/work/ozone/ozone/hadoop-ozone/integration-test/target/test-dir/MiniOzoneClusterImpl-ff59c164-3798-4a7f-a16d-eeed9ffb3244/omNode-3/ratis/c9bc4cf4-3bc3-3c60-a66b-523986131536
2025-04-23 04:27:14,649 [main] INFO  server.RaftServer (RaftServerProxy.java:addNew(100)) - omNode-3: addNew group-523986131536:[omNode-3|localhost:15017, omNode-1|localhost:15009, omNode-2|localhost:15013] returns group-523986131536:java.util.concurrent.CompletableFuture@17098b05[Not completed]
2025-04-23 04:27:14,649 [main] INFO  om.OzoneManager (OzoneManager.java:initializeRatisServer(2303)) - OzoneManager Ratis server initialized at port 15017
2025-04-23 04:27:14,649 [main] INFO  ratis.OzoneManagerRatisServer (OzoneManagerRatisServer.java:start(628)) - Starting OzoneManagerRatisServer omNode-3 at port 15017
2025-04-23 04:27:14,649 [omNode-3-groupManagement] INFO  server.RaftServer$Division (RaftServerImpl.java:<init>(255)) - omNode-3: new RaftServerImpl for group-523986131536:[omNode-3|localhost:15017, omNode-1|localhost:15009, omNode-2|localhost:15013] with OzoneManagerStateMachine:uninitialized
2025-04-23 04:27:14,649 [omNode-3-groupManagement] INFO  server.RaftServerConfigKeys (ConfUtils.java:logGet(46)) - raft.server.rpc.timeout.min = 1s (custom)
2025-04-23 04:27:14,649 [omNode-3-groupManagement] INFO  server.RaftServerConfigKeys (ConfUtils.java:logGet(46)) - raft.server.rpc.timeout.max = 1200ms (custom)
2025-04-23 04:27:14,649 [omNode-3-groupManagement] INFO  server.RaftServerConfigKeys (ConfUtils.java:logGet(46)) - raft.server.rpc.sleep.time = 25ms (default)
2025-04-23 04:27:14,649 [omNode-3-groupManagement] INFO  server.RaftServerConfigKeys (ConfUtils.java:logGet(46)) - raft.server.rpc.slowness.timeout = 2s (custom)
2025-04-23 04:27:14,649 [omNode-3-groupManagement] INFO  server.RaftServerConfigKeys (ConfUtils.java:logGet(46)) - raft.server.leaderelection.leader.step-down.wait-time = 10s (default)
2025-04-23 04:27:14,649 [omNode-3-groupManagement] INFO  server.RaftServerConfigKeys (ConfUtils.java:logGet(46)) - raft.server.leaderelection.member.majority-add = false (default)
2025-04-23 04:27:14,649 [omNode-3-groupManagement] INFO  server.RaftServerConfigKeys (ConfUtils.java:logGet(46)) - raft.server.sleep.deviation.threshold = 300ms (default)
2025-04-23 04:27:14,649 [omNode-3-groupManagement] INFO  server.RaftServer$Division (ServerState.java:<init>(114)) - omNode-3@group-523986131536: ConfigurationManager, init=conf: {index: -1, cur=peers:[omNode-3|localhost:15017, omNode-1|localhost:15009, omNode-2|localhost:15013]|listeners:[], old=null}, confs=<EMPTY_MAP>
2025-04-23 04:27:14,649 [omNode-3-groupManagement] INFO  server.RaftServerConfigKeys (ConfUtils.java:logGet(46)) - raft.server.notification.no-leader.timeout = 2s (custom)
2025-04-23 04:27:14,649 [omNode-3-groupManagement] INFO  server.RaftServerConfigKeys (ConfUtils.java:logGet(46)) - raft.server.read.timeout = 10s (default)
2025-04-23 04:27:14,650 [omNode-3-groupManagement] INFO  server.RaftServerConfigKeys (ConfUtils.java:logGet(46)) - raft.server.retrycache.expirytime = 30000ms (custom)
2025-04-23 04:27:14,650 [omNode-3-groupManagement] INFO  server.RaftServerConfigKeys (ConfUtils.java:logGet(46)) - raft.server.retrycache.statistics.expirytime = 100ms (default)
2025-04-23 04:27:14,650 [omNode-3-groupManagement] INFO  server.RaftServerConfigKeys (ConfUtils.java:logGet(46)) - raft.server.read.option = DEFAULT (default)
2025-04-23 04:27:14,650 [omNode-3-groupManagement] INFO  server.RaftServerConfigKeys (ConfUtils.java:logGet(46)) - raft.server.read.read-after-write-consistent.write-index-cache.expiry-time = 60s (default)
2025-04-23 04:27:14,651 [omNode-3-groupManagement] INFO  server.RaftServerConfigKeys (ConfUtils.java:logGet(46)) - raft.server.rpc.request.timeout = 3000ms (default)
2025-04-23 04:27:14,651 [omNode-3-groupManagement] INFO  server.RaftServerConfigKeys (ConfUtils.java:logGet(46)) - raft.server.log.appender.install.snapshot.enabled = false (custom)
2025-04-23 04:27:14,651 [omNode-3-groupManagement] INFO  server.RaftServerConfigKeys (ConfUtils.java:logGet(46)) - raft.server.threadpool.server.cached = true (default)
2025-04-23 04:27:14,651 [omNode-3-groupManagement] INFO  server.RaftServerConfigKeys (ConfUtils.java:logGet(46)) - raft.server.threadpool.server.size = 0 (default)
2025-04-23 04:27:14,651 [omNode-3-groupManagement] INFO  server.RaftServerConfigKeys (ConfUtils.java:logGet(46)) - raft.server.threadpool.client.cached = true (default)
2025-04-23 04:27:14,651 [omNode-3-groupManagement] INFO  server.RaftServerConfigKeys (ConfUtils.java:logGet(46)) - raft.server.threadpool.client.size = 0 (default)
2025-04-23 04:27:14,651 [omNode-3-impl-thread1] INFO  server.RaftServerConfigKeys (ConfUtils.java:logGet(46)) - raft.server.storage.free-space.min = 0MB (=0) (default)
2025-04-23 04:27:14,651 [omNode-3-impl-thread1] INFO  server.RaftServerConfigKeys (ConfUtils.java:logGet(46)) - raft.server.log.corruption.policy = EXCEPTION (default)
2025-04-23 04:27:14,651 [omNode-3-impl-thread1] INFO  server.RaftServerConfigKeys (ConfUtils.java:logGet(46)) - raft.server.storage.dir = [/home/runner/work/ozone/ozone/hadoop-ozone/integration-test/target/test-dir/MiniOzoneClusterImpl-ff59c164-3798-4a7f-a16d-eeed9ffb3244/omNode-3/ratis] (custom)
2025-04-23 04:27:14,656 [omNode-3-impl-thread1] INFO  storage.RaftStorageDirectory (RaftStorageDirectoryImpl.java:tryLock(229)) - Lock on /home/runner/work/ozone/ozone/hadoop-ozone/integration-test/target/test-dir/MiniOzoneClusterImpl-ff59c164-3798-4a7f-a16d-eeed9ffb3244/omNode-3/ratis/c9bc4cf4-3bc3-3c60-a66b-523986131536/in_use.lock acquired by nodename 129558@fv-az1441-587
2025-04-23 04:27:14,656 [omNode-3-impl-thread1] INFO  storage.RaftStorage (RaftStorageImpl.java:analyzeAndRecoverStorage(118)) - Read RaftStorageMetadata{term=3, votedFor=omNode-3} from /home/runner/work/ozone/ozone/hadoop-ozone/integration-test/target/test-dir/MiniOzoneClusterImpl-ff59c164-3798-4a7f-a16d-eeed9ffb3244/omNode-3/ratis/c9bc4cf4-3bc3-3c60-a66b-523986131536/current/raft-meta
2025-04-23 04:27:14,657 [omNode-3-impl-thread1] INFO  server.RaftServer$Division (ServerState.java:setRaftConf(386)) - omNode-3@group-523986131536: set configuration conf: {index: 31, cur=peers:[omNode-3|localhost:15017, omNode-1|localhost:15009, omNode-2|localhost:15013]|listeners:[], old=null}
2025-04-23 04:27:14,657 [omNode-3-impl-thread1] INFO  ratis.OzoneManagerStateMachine (OzoneManagerStateMachine.java:lambda$0(138)) - omNode-3: initialize group-523986131536 with (t:3, i:32)
2025-04-23 04:27:14,657 [omNode-3-impl-thread1] INFO  server.RaftServerConfigKeys (ConfUtils.java:logGet(46)) - raft.server.log.use.memory = false (default)
2025-04-23 04:27:14,657 [omNode-3-impl-thread1] INFO  server.RaftServerConfigKeys (ConfUtils.java:logGet(46)) - raft.server.log.purge.gap = 50 (custom)
2025-04-23 04:27:14,657 [omNode-3-impl-thread1] INFO  server.RaftServerConfigKeys (ConfUtils.java:logGet(46)) - raft.server.log.appender.buffer.byte-limit = 4194304 (custom)
2025-04-23 04:27:14,657 [omNode-3-impl-thread1] INFO  server.RaftServerConfigKeys (ConfUtils.java:logGet(46)) - raft.server.log.statemachine.data.read.timeout = 1000ms (default)
2025-04-23 04:27:14,657 [omNode-3-impl-thread1] INFO  server.RaftServerConfigKeys (ConfUtils.java:logGet(46)) - raft.server.log.purge.preservation.log.num = 0 (default)
2025-04-23 04:27:14,658 [omNode-3-impl-thread1] INFO  server.RaftServerConfigKeys (ConfUtils.java:logGet(46)) - raft.server.log.segment.size.max = 4194304 (custom)
2025-04-23 04:27:14,658 [omNode-3-impl-thread1] INFO  server.RaftServerConfigKeys (ConfUtils.java:logGet(46)) - raft.server.log.segment.cache.num.max = 2 (custom)
2025-04-23 04:27:14,658 [omNode-3-impl-thread1] INFO  server.RaftServerConfigKeys (ConfUtils.java:logGet(46)) - raft.server.log.segment.cache.size.max = 200MB (=209715200) (default)
2025-04-23 04:27:14,658 [omNode-3-impl-thread1] INFO  server.RaftServerConfigKeys (ConfUtils.java:logGet(46)) - raft.server.log.appender.buffer.byte-limit = 4194304 (custom)
2025-04-23 04:27:14,658 [omNode-3-impl-thread1] INFO  util.AwaitToRun (AwaitToRun.java:start(81)) - Thread[#1750,omNode-3@group-523986131536-cacheEviction-AwaitToRun,5,main] started
2025-04-23 04:27:14,658 [omNode-3-impl-thread1] INFO  segmented.SegmentedRaftLogWorker (SegmentedRaftLogWorker.java:<init>(188)) - new omNode-3@group-523986131536-SegmentedRaftLogWorker for RaftStorageImpl:Storage Directory /home/runner/work/ozone/ozone/hadoop-ozone/integration-test/target/test-dir/MiniOzoneClusterImpl-ff59c164-3798-4a7f-a16d-eeed9ffb3244/omNode-3/ratis/c9bc4cf4-3bc3-3c60-a66b-523986131536
2025-04-23 04:27:14,658 [omNode-3-impl-thread1] INFO  server.RaftServerConfigKeys (ConfUtils.java:logGet(46)) - raft.server.log.queue.byte-limit = 64MB (=67108864) (default)
2025-04-23 04:27:14,658 [omNode-3-impl-thread1] INFO  server.RaftServerConfigKeys (ConfUtils.java:logGet(46)) - raft.server.log.queue.element-limit = 4096 (default)
2025-04-23 04:27:14,658 [omNode-3-impl-thread1] INFO  server.RaftServerConfigKeys (ConfUtils.java:logGet(46)) - raft.server.log.segment.size.max = 4194304 (custom)
2025-04-23 04:27:14,658 [omNode-3-impl-thread1] INFO  server.RaftServerConfigKeys (ConfUtils.java:logGet(46)) - raft.server.log.preallocated.size = 4194304 (custom)
2025-04-23 04:27:14,658 [omNode-3-impl-thread1] INFO  server.RaftServerConfigKeys (ConfUtils.java:logGet(46)) - raft.server.log.force.sync.num = 128 (default)
2025-04-23 04:27:14,658 [omNode-3-impl-thread1] INFO  server.RaftServerConfigKeys (ConfUtils.java:logGet(46)) - raft.server.log.statemachine.data.sync = true (default)
2025-04-23 04:27:14,658 [omNode-3-impl-thread1] INFO  server.RaftServerConfigKeys (ConfUtils.java:logGet(46)) - raft.server.log.statemachine.data.sync.timeout = 10s (default)
2025-04-23 04:27:14,658 [omNode-3-impl-thread1] INFO  server.RaftServerConfigKeys (ConfUtils.java:logGet(46)) - raft.server.log.statemachine.data.sync.timeout.retry = -1 (default)
2025-04-23 04:27:14,659 [omNode-3-impl-thread1] INFO  server.RaftServerConfigKeys (ConfUtils.java:logGet(46)) - raft.server.log.write.buffer.size = 4194312 (custom)
2025-04-23 04:27:14,659 [omNode-3-impl-thread1] INFO  server.RaftServerConfigKeys (ConfUtils.java:logGet(46)) - raft.server.log.appender.buffer.byte-limit = 4194304 (custom)
2025-04-23 04:27:14,659 [omNode-3-impl-thread1] INFO  server.RaftServerConfigKeys (ConfUtils.java:logGet(46)) - raft.server.log.unsafe-flush.enabled = false (default)
2025-04-23 04:27:14,659 [omNode-3-impl-thread1] INFO  server.RaftServerConfigKeys (ConfUtils.java:logGet(46)) - raft.server.log.async-flush.enabled = false (default)
2025-04-23 04:27:14,659 [omNode-3-impl-thread1] INFO  server.RaftServerConfigKeys (ConfUtils.java:logGet(46)) - raft.server.log.statemachine.data.caching.enabled = false (default)
2025-04-23 04:27:14,660 [omNode-3-impl-thread1] INFO  server.RaftServer$Division (ServerState.java:setRaftConf(386)) - omNode-3@group-523986131536: set configuration conf: {index: 0, cur=peers:[omNode-3|localhost:15017, omNode-1|localhost:15009, omNode-2|localhost:15013]|listeners:[], old=null}
2025-04-23 04:27:14,660 [omNode-3-impl-thread1] INFO  segmented.LogSegment (LogSegment.java:loadSegment(171)) - Successfully read 21 entries from segment file /home/runner/work/ozone/ozone/hadoop-ozone/integration-test/target/test-dir/MiniOzoneClusterImpl-ff59c164-3798-4a7f-a16d-eeed9ffb3244/omNode-3/ratis/c9bc4cf4-3bc3-3c60-a66b-523986131536/current/log_0-20
2025-04-23 04:27:14,661 [omNode-3-impl-thread1] INFO  server.RaftServer$Division (ServerState.java:setRaftConf(386)) - omNode-3@group-523986131536: set configuration conf: {index: 21, cur=peers:[omNode-3|localhost:15017, omNode-1|localhost:15009, omNode-2|localhost:15013]|listeners:[], old=null}
2025-04-23 04:27:14,661 [omNode-3-impl-thread1] INFO  segmented.LogSegment (LogSegment.java:loadSegment(171)) - Successfully read 10 entries from segment file /home/runner/work/ozone/ozone/hadoop-ozone/integration-test/target/test-dir/MiniOzoneClusterImpl-ff59c164-3798-4a7f-a16d-eeed9ffb3244/omNode-3/ratis/c9bc4cf4-3bc3-3c60-a66b-523986131536/current/log_21-30
2025-04-23 04:27:14,662 [omNode-3-impl-thread1] INFO  server.RaftServer$Division (ServerState.java:setRaftConf(386)) - omNode-3@group-523986131536: set configuration conf: {index: 31, cur=peers:[omNode-3|localhost:15017, omNode-1|localhost:15009, omNode-2|localhost:15013]|listeners:[], old=null}
2025-04-23 04:27:14,662 [omNode-3-impl-thread1] INFO  segmented.LogSegment (LogSegment.java:loadSegment(171)) - Successfully read 2 entries from segment file /home/runner/work/ozone/ozone/hadoop-ozone/integration-test/target/test-dir/MiniOzoneClusterImpl-ff59c164-3798-4a7f-a16d-eeed9ffb3244/omNode-3/ratis/c9bc4cf4-3bc3-3c60-a66b-523986131536/current/log_inprogress_31
2025-04-23 04:27:14,662 [omNode-3-impl-thread1] INFO  segmented.SegmentedRaftLogWorker (SegmentedRaftLogWorker.java:lambda$new$0(139)) - omNode-3@group-523986131536-SegmentedRaftLogWorker: flushIndex: setUnconditionally 0 -> 32
2025-04-23 04:27:14,662 [omNode-3-impl-thread1] INFO  segmented.SegmentedRaftLogWorker (SegmentedRaftLogWorker.java:lambda$new$0(139)) - omNode-3@group-523986131536-SegmentedRaftLogWorker: safeCacheEvictIndex: setUnconditionally 0 -> 30
2025-04-23 04:27:14,662 [omNode-3-impl-thread1] INFO  segmented.BufferedWriteChannel (BufferedWriteChannel.java:open(61)) - open log_inprogress_31 (append) at position 125
2025-04-23 04:27:14,662 [omNode-3-impl-thread1] INFO  server.RaftServer$Division (RaftServerImpl.java:start(391)) - omNode-3@group-523986131536: start as a follower, conf=conf: {index: 31, cur=peers:[omNode-3|localhost:15017, omNode-1|localhost:15009, omNode-2|localhost:15013]|listeners:[], old=null}
2025-04-23 04:27:14,662 [omNode-3-impl-thread1] INFO  server.RaftServer$Division (RaftServerImpl.java:setRole(378)) - omNode-3@group-523986131536: changes role from      null to FOLLOWER at term 3 for startAsFollower
2025-04-23 04:27:14,662 [omNode-3-impl-thread1] INFO  impl.RoleInfo (RoleInfo.java:updateAndGet(148)) - omNode-3: start omNode-3@group-523986131536-FollowerState
2025-04-23 04:27:14,663 [omNode-3@group-523986131536-FollowerState] INFO  server.RaftServerConfigKeys (ConfUtils.java:logFallback(53)) - raft.server.rpc.first-election.timeout.min = 1s (fallback to raft.server.rpc.timeout.min)
2025-04-23 04:27:14,663 [omNode-3@group-523986131536-FollowerState] INFO  server.RaftServerConfigKeys (ConfUtils.java:logFallback(53)) - raft.server.rpc.first-election.timeout.max = 1200ms (fallback to raft.server.rpc.timeout.max)
2025-04-23 04:27:14,663 [omNode-3-impl-thread1] INFO  util.JmxRegister (JmxRegister.java:tryRegister(44)) - Successfully registered JMX Bean with object name Ratis:service=RaftServer,group=group-523986131536,id=omNode-3
2025-04-23 04:27:14,663 [omNode-3-impl-thread1] INFO  util.JmxRegister (JmxRegister.java:register(58)) - register mxBean class org.apache.ratis.server.impl.RaftServerJmxAdapter as Ratis:service=RaftServer,group=group-523986131536,id=omNode-3
2025-04-23 04:27:14,663 [omNode-3-impl-thread1] INFO  server.RaftServerConfigKeys (ConfUtils.java:logGet(46)) - raft.server.snapshot.trigger-when-stop.enabled = true (default)
2025-04-23 04:27:14,663 [omNode-3-impl-thread1] INFO  server.RaftServerConfigKeys (ConfUtils.java:logGet(46)) - raft.server.snapshot.trigger-when-remove.enabled = true (default)
2025-04-23 04:27:14,663 [omNode-3-impl-thread1] INFO  server.RaftServerConfigKeys (ConfUtils.java:logGet(46)) - raft.server.snapshot.auto.trigger.enabled = true (custom)
2025-04-23 04:27:14,663 [omNode-3-impl-thread1] INFO  server.RaftServerConfigKeys (ConfUtils.java:logGet(46)) - raft.server.snapshot.auto.trigger.threshold = 50 (custom)
2025-04-23 04:27:14,663 [omNode-3-impl-thread1] INFO  server.RaftServerConfigKeys (ConfUtils.java:logGet(46)) - raft.server.snapshot.retention.file.num = -1 (default)
2025-04-23 04:27:14,663 [omNode-3-impl-thread1] INFO  server.RaftServerConfigKeys (ConfUtils.java:logGet(46)) - raft.server.log.purge.upto.snapshot.index = true (custom)
2025-04-23 04:27:14,664 [omNode-3-impl-thread1] INFO  server.RaftServer$Division (RaftServerImpl.java:start(405)) - omNode-3@group-523986131536: Successfully started.
2025-04-23 04:27:14,664 [main] INFO  server.RaftServer (RaftServerProxy.java:startImpl(407)) - omNode-3: start RPC server
2025-04-23 04:27:14,665 [main] INFO  server.GrpcService (GrpcService.java:startImpl(334)) - omNode-3: GrpcService started, listening on 15017
2025-04-23 04:27:14,665 [main] INFO  om.OzoneManager (OzoneManager.java:getRpcServer(1360)) - Creating RPC Server
2025-04-23 04:27:14,665 [JvmPauseMonitor11] INFO  util.JvmPauseMonitor (JvmPauseMonitor.java:run(146)) - JvmPauseMonitor-omNode-3: Started
2025-04-23 04:27:15,035 [main] INFO  reflections.Reflections (Reflections.java:scan(219)) - Reflections took 370 ms to scan 22 urls, producing 61 keys and 7422 values
2025-04-23 04:27:15,037 [main] INFO  ipc.CallQueueManager (CallQueueManager.java:<init>(93)) - Using callQueue: class java.util.concurrent.LinkedBlockingQueue, queueCapacity: 2000, scheduler: class org.apache.hadoop.ipc.DefaultRpcScheduler, ipcBackoff: false, ipcFailOver: false.
2025-04-23 04:27:15,037 [main] INFO  ipc.Server (Server.java:<init>(1438)) - Listener at localhost:15014
2025-04-23 04:27:15,038 [Socket Reader #1 for port 15014] INFO  ipc.Server (Server.java:run(1474)) - Starting Socket Reader #1 for port 15014
2025-04-23 04:27:15,038 [Socket Reader #2 for port 15014] INFO  ipc.Server (Server.java:run(1474)) - Starting Socket Reader #2 for port 15014
2025-04-23 04:27:15,038 [Socket Reader #3 for port 15014] INFO  ipc.Server (Server.java:run(1474)) - Starting Socket Reader #3 for port 15014
2025-04-23 04:27:15,038 [Socket Reader #4 for port 15014] INFO  ipc.Server (Server.java:run(1474)) - Starting Socket Reader #4 for port 15014
2025-04-23 04:27:15,039 [Socket Reader #5 for port 15014] INFO  ipc.Server (Server.java:run(1474)) - Starting Socket Reader #5 for port 15014
2025-04-23 04:27:15,039 [Socket Reader #6 for port 15014] INFO  ipc.Server (Server.java:run(1474)) - Starting Socket Reader #6 for port 15014
2025-04-23 04:27:15,039 [Socket Reader #7 for port 15014] INFO  ipc.Server (Server.java:run(1474)) - Starting Socket Reader #7 for port 15014
2025-04-23 04:27:15,039 [Socket Reader #8 for port 15014] INFO  ipc.Server (Server.java:run(1474)) - Starting Socket Reader #8 for port 15014
2025-04-23 04:27:15,039 [Socket Reader #9 for port 15014] INFO  ipc.Server (Server.java:run(1474)) - Starting Socket Reader #9 for port 15014
2025-04-23 04:27:15,039 [Socket Reader #10 for port 15014] INFO  ipc.Server (Server.java:run(1474)) - Starting Socket Reader #10 for port 15014
2025-04-23 04:27:15,041 [main] INFO  http.BaseHttpServer (BaseHttpServer.java:newHttpServer2BuilderForOzone(229)) - Starting Web-server for ozoneManager at: http://0.0.0.0:15015
2025-04-23 04:27:15,042 [main] INFO  http.BaseHttpServer (BaseHttpServer.java:<init>(107)) - Hadoop Security Enabled: false Ozone Security Enabled: false Ozone HTTP Security Enabled: false 
2025-04-23 04:27:15,043 [main] WARN  server.AuthenticationFilter (AuthenticationFilter.java:constructSecretProvider(240)) - Unable to initialize FileSignerSecretProvider, falling back to use random secrets. Reason: Could not read signature secret file: /home/runner/hadoop-http-auth-signature-secret
2025-04-23 04:27:15,045 [main] INFO  http.HttpServer2 (HttpServer2.java:addGlobalFilter(1041)) - Added global filter 'safety' (class=org.apache.hadoop.hdds.server.http.HttpServer2$QuotingInputFilter)
2025-04-23 04:27:15,045 [main] INFO  http.HttpServer2 (HttpServer2.java:addFilter(1017)) - Added filter static_user_filter (class=org.apache.hadoop.http.lib.StaticUserWebFilter$StaticUserFilter) to context ozoneManager
2025-04-23 04:27:15,045 [main] INFO  http.HttpServer2 (HttpServer2.java:addFilter(1025)) - Added filter static_user_filter (class=org.apache.hadoop.http.lib.StaticUserWebFilter$StaticUserFilter) to context static
2025-04-23 04:27:15,046 [main] INFO  http.HttpServer2 (HttpServer2.java:addFilter(1025)) - Added filter static_user_filter (class=org.apache.hadoop.http.lib.StaticUserWebFilter$StaticUserFilter) to context logs
2025-04-23 04:27:15,046 [main] INFO  http.BaseHttpServer (BaseHttpServer.java:<init>(195)) - HTTP server of ozoneManager uses base directory /home/runner/work/ozone/ozone/hadoop-ozone/integration-test/target/test-dir/MiniOzoneClusterImpl-ff59c164-3798-4a7f-a16d-eeed9ffb3244/omNode-3/webserver
2025-04-23 04:27:15,046 [main] INFO  http.HttpServer2 (HttpServer2.java:bindListener(1241)) - Jetty bound to port 15015
2025-04-23 04:27:15,046 [main] INFO  server.Server (Server.java:doStart(375)) - jetty-9.4.57.v20241219; built: 2025-01-08T21:24:30.412Z; git: df524e6b29271c2e09ba9aea83c18dc9db464a31; jvm 21.0.7+6-LTS
2025-04-23 04:27:15,048 [main] INFO  server.session (DefaultSessionIdManager.java:doStart(334)) - DefaultSessionIdManager workerName=node0
2025-04-23 04:27:15,048 [main] INFO  server.session (DefaultSessionIdManager.java:doStart(339)) - No SessionScavenger set, using defaults
2025-04-23 04:27:15,048 [main] INFO  server.session (HouseKeeper.java:startScavenging(132)) - node0 Scavenging every 660000ms
2025-04-23 04:27:15,048 [main] INFO  handler.ContextHandler (ContextHandler.java:doStart(921)) - Started o.e.j.s.ServletContextHandler@6f7d893e{logs,/logs,file:///home/runner/work/ozone/ozone/hadoop-ozone/integration-test/target/log,AVAILABLE}
2025-04-23 04:27:15,049 [main] INFO  handler.ContextHandler (ContextHandler.java:doStart(921)) - Started o.e.j.s.ServletContextHandler@55608fd2{static,/static,file:///home/runner/work/ozone/ozone/hadoop-ozone/integration-test/target/test-classes/webapps/static,AVAILABLE}
2025-04-23 04:27:15,053 [main] INFO  handler.ContextHandler (ContextHandler.java:doStart(921)) - Started o.e.j.w.WebAppContext@340ba2b4{ozoneManager,/,file:///home/runner/work/ozone/ozone/hadoop-ozone/integration-test/target/test-classes/webapps/ozoneManager/,AVAILABLE}{file:/home/runner/work/ozone/ozone/hadoop-ozone/integration-test/target/test-classes/webapps/ozoneManager}
2025-04-23 04:27:15,054 [main] INFO  server.AbstractConnector (AbstractConnector.java:doStart(333)) - Started ServerConnector@20bf0b97{HTTP/1.1, (http/1.1)}{0.0.0.0:15015}
2025-04-23 04:27:15,054 [main] INFO  server.Server (Server.java:doStart(415)) - Started @38473ms
2025-04-23 04:27:15,054 [main] WARN  impl.MetricsSystemImpl (MetricsSystemImpl.java:register(279)) - Sink prometheus already exists!
2025-04-23 04:27:15,055 [main] INFO  http.BaseHttpServer (BaseHttpServer.java:updateConnectorAddress(360)) - HTTP server of ozoneManager listening at http://0.0.0.0:15015
2025-04-23 04:27:15,055 [IPC Server Responder] INFO  ipc.Server (Server.java:run(1713)) - IPC Server Responder: starting
2025-04-23 04:27:15,055 [IPC Server listener on 15014] INFO  ipc.Server (Server.java:run(1553)) - IPC Server listener on 15014: starting
2025-04-23 04:27:15,057 [main] INFO  om.OzoneManager (OzoneManager.java:startTrashEmptier(2257)) - Trash Interval set to 0. Files deleted won't move to trash
2025-04-23 04:27:15,057 [main] INFO  om.OzoneManager (OzoneManager.java:restart(1878)) - OzoneManager RPC server is listening at localhost/127.0.0.1:15006
2025-04-23 04:27:15,058 [main] INFO  impl.MetricsSystemImpl (MetricsSystemImpl.java:init(158)) - OzoneManager metrics system started (again)
2025-04-23 04:27:15,069 [main] WARN  server.ServerUtils (ServerUtils.java:getDBPath(297)) - ozone.om.db.dirs is not configured. We recommend adding this setting. Falling back to ozone.metadata.dirs instead.
2025-04-23 04:27:15,105 [main] INFO  om.OzoneManager (OzoneManager.java:instantiateServices(933)) - S3 Multi-Tenancy is disabled
2025-04-23 04:27:15,106 [main] INFO  om.OmSnapshotManager (OmSnapshotManager.java:<init>(180)) - Ozone filesystem snapshot feature is enabled.
2025-04-23 04:27:15,106 [main] WARN  server.ServerUtils (ServerUtils.java:getDBPath(297)) - ozone.om.snapshot.diff.db.dir is not configured. We recommend adding this setting. Falling back to ozone.metadata.dirs instead.
2025-04-23 04:27:15,120 [main] WARN  dropwizard3.Dm3MetricRegistriesImpl (Dm3MetricRegistriesImpl.java:addReporterRegistration(114)) - New reporters are added after registries were created. Some metrics will be missing from the reporter. Please add reporter before adding any new registry.
2025-04-23 04:27:15,120 [main] WARN  dropwizard3.Dm3MetricRegistriesImpl (Dm3MetricRegistriesImpl.java:addReporterRegistration(114)) - New reporters are added after registries were created. Some metrics will be missing from the reporter. Please add reporter before adding any new registry.
2025-04-23 04:27:15,120 [main] WARN  server.ServerUtils (ServerUtils.java:getDefaultRatisDirectory(309)) - Storage directory for Ratis is not configured. It is a good idea to map this to an SSD disk. Falling back to ozone.metadata.dirs
2025-04-23 04:27:15,121 [main] INFO  server.RaftServerConfigKeys (ConfUtils.java:logGet(46)) - raft.server.log.appender.buffer.byte-limit = 4194304 (custom)
2025-04-23 04:27:15,122 [main] INFO  ratis.OzoneManagerRatisServer (OzoneManagerRatisServer.java:<init>(167)) - Instantiating OM Ratis server with groupID: om-service-test1 and peers: localhost:15009, localhost:15017, localhost:15013
2025-04-23 04:27:15,122 [main] INFO  ratis.OzoneManagerStateMachine (OzoneManagerStateMachine.java:loadSnapshotInfoFromDB(611)) - LastAppliedIndex is set from TransactionInfo from OM DB as (t:3, i:31)
2025-04-23 04:27:15,123 [main] INFO  server.RaftServer (ConfUtils.java:logGet(46)) - raft.rpc.type = GRPC (default)
2025-04-23 04:27:15,123 [main] INFO  grpc.GrpcConfigKeys (ConfUtils.java:logFallback(53)) - raft.grpc.admin.host = null (fallback to raft.grpc.server.host)
2025-04-23 04:27:15,123 [main] INFO  grpc.GrpcConfigKeys (ConfUtils.java:logFallback(53)) - raft.grpc.admin.port = 15009 (fallback to raft.grpc.server.port)
2025-04-23 04:27:15,123 [main] INFO  grpc.GrpcConfigKeys (ConfUtils.java:logFallback(53)) - raft.grpc.client.host = null (fallback to raft.grpc.server.host)
2025-04-23 04:27:15,123 [main] INFO  grpc.GrpcConfigKeys (ConfUtils.java:logFallback(53)) - raft.grpc.client.port = 15009 (fallback to raft.grpc.server.port)
2025-04-23 04:27:15,123 [main] INFO  grpc.GrpcConfigKeys (ConfUtils.java:logGet(46)) - raft.grpc.server.host = null (default)
2025-04-23 04:27:15,123 [main] INFO  grpc.GrpcConfigKeys (ConfUtils.java:logGet(46)) - raft.grpc.server.port = 15009 (custom)
2025-04-23 04:27:15,123 [main] INFO  server.GrpcService (ConfUtils.java:logGet(46)) - raft.grpc.message.size.max = 5242880 (custom)
2025-04-23 04:27:15,124 [main] INFO  server.GrpcService (ConfUtils.java:logGet(46)) - raft.grpc.flow.control.window = 1MB (=1048576) (default)
2025-04-23 04:27:15,124 [main] INFO  server.RaftServerConfigKeys (ConfUtils.java:logGet(46)) - raft.server.rpc.request.timeout = 3000ms (default)
2025-04-23 04:27:15,124 [main] INFO  grpc.GrpcConfigKeys (ConfUtils.java:logGet(46)) - raft.grpc.server.heartbeat.channel = true (default)
2025-04-23 04:27:15,124 [main] INFO  server.RaftServerConfigKeys (ConfUtils.java:logGet(46)) - raft.server.log.appender.buffer.byte-limit = 4194304 (custom)
2025-04-23 04:27:15,124 [main] INFO  grpc.GrpcConfigKeys (ConfUtils.java:logGet(46)) - raft.grpc.server.async.request.thread.pool.cached = true (default)
2025-04-23 04:27:15,124 [main] INFO  grpc.GrpcConfigKeys (ConfUtils.java:logGet(46)) - raft.grpc.server.async.request.thread.pool.size = 32 (default)
2025-04-23 04:27:15,125 [main] INFO  impl.DataStreamServerImpl (ConfUtils.java:logGet(46)) - raft.datastream.type = DISABLED (default)
2025-04-23 04:27:15,125 [main] INFO  server.RaftServerConfigKeys (ConfUtils.java:logGet(46)) - raft.server.sleep.deviation.threshold = 300ms (default)
2025-04-23 04:27:15,125 [main] INFO  server.RaftServerConfigKeys (ConfUtils.java:logGet(46)) - raft.server.close.threshold = 60s (default)
2025-04-23 04:27:15,125 [main] INFO  server.RaftServerConfigKeys (ConfUtils.java:logGet(46)) - raft.server.leaderelection.leader.step-down.wait-time = 10s (default)
2025-04-23 04:27:15,125 [main] INFO  server.RaftServerConfigKeys (ConfUtils.java:logGet(46)) - raft.server.storage.dir = [/home/runner/work/ozone/ozone/hadoop-ozone/integration-test/target/test-dir/MiniOzoneClusterImpl-ff59c164-3798-4a7f-a16d-eeed9ffb3244/omNode-1/ratis] (custom)
2025-04-23 04:27:15,126 [main] INFO  server.RaftServerConfigKeys (ConfUtils.java:logGet(46)) - raft.server.threadpool.proxy.cached = true (default)
2025-04-23 04:27:15,126 [main] INFO  server.RaftServerConfigKeys (ConfUtils.java:logGet(46)) - raft.server.threadpool.proxy.size = 0 (default)
2025-04-23 04:27:15,126 [omNode-1-impl-thread1] INFO  server.RaftServer (RaftServerProxy.java:initGroupDir(265)) - omNode-1: found a subdirectory /home/runner/work/ozone/ozone/hadoop-ozone/integration-test/target/test-dir/MiniOzoneClusterImpl-ff59c164-3798-4a7f-a16d-eeed9ffb3244/omNode-1/ratis/c9bc4cf4-3bc3-3c60-a66b-523986131536
2025-04-23 04:27:15,126 [main] INFO  server.RaftServer (RaftServerProxy.java:addNew(100)) - omNode-1: addNew group-523986131536:[omNode-3|localhost:15017, omNode-1|localhost:15009, omNode-2|localhost:15013] returns group-523986131536:java.util.concurrent.CompletableFuture@72a71e69[Not completed]
2025-04-23 04:27:15,126 [main] INFO  om.OzoneManager (OzoneManager.java:initializeRatisServer(2303)) - OzoneManager Ratis server initialized at port 15009
2025-04-23 04:27:15,126 [main] INFO  ratis.OzoneManagerRatisServer (OzoneManagerRatisServer.java:start(628)) - Starting OzoneManagerRatisServer omNode-1 at port 15009
2025-04-23 04:27:15,127 [omNode-1-groupManagement] INFO  server.RaftServer$Division (RaftServerImpl.java:<init>(255)) - omNode-1: new RaftServerImpl for group-523986131536:[omNode-3|localhost:15017, omNode-1|localhost:15009, omNode-2|localhost:15013] with OzoneManagerStateMachine:uninitialized
2025-04-23 04:27:15,127 [omNode-1-groupManagement] INFO  server.RaftServerConfigKeys (ConfUtils.java:logGet(46)) - raft.server.rpc.timeout.min = 1s (custom)
2025-04-23 04:27:15,127 [omNode-1-groupManagement] INFO  server.RaftServerConfigKeys (ConfUtils.java:logGet(46)) - raft.server.rpc.timeout.max = 1200ms (custom)
2025-04-23 04:27:15,127 [omNode-1-groupManagement] INFO  server.RaftServerConfigKeys (ConfUtils.java:logGet(46)) - raft.server.rpc.sleep.time = 25ms (default)
2025-04-23 04:27:15,127 [omNode-1-groupManagement] INFO  server.RaftServerConfigKeys (ConfUtils.java:logGet(46)) - raft.server.rpc.slowness.timeout = 2s (custom)
2025-04-23 04:27:15,127 [omNode-1-groupManagement] INFO  server.RaftServerConfigKeys (ConfUtils.java:logGet(46)) - raft.server.leaderelection.leader.step-down.wait-time = 10s (default)
2025-04-23 04:27:15,127 [omNode-1-groupManagement] INFO  server.RaftServerConfigKeys (ConfUtils.java:logGet(46)) - raft.server.leaderelection.member.majority-add = false (default)
2025-04-23 04:27:15,127 [omNode-1-groupManagement] INFO  server.RaftServerConfigKeys (ConfUtils.java:logGet(46)) - raft.server.sleep.deviation.threshold = 300ms (default)
2025-04-23 04:27:15,127 [omNode-1-groupManagement] INFO  server.RaftServer$Division (ServerState.java:<init>(114)) - omNode-1@group-523986131536: ConfigurationManager, init=conf: {index: -1, cur=peers:[omNode-3|localhost:15017, omNode-1|localhost:15009, omNode-2|localhost:15013]|listeners:[], old=null}, confs=<EMPTY_MAP>
2025-04-23 04:27:15,127 [omNode-1-groupManagement] INFO  server.RaftServerConfigKeys (ConfUtils.java:logGet(46)) - raft.server.notification.no-leader.timeout = 2s (custom)
2025-04-23 04:27:15,127 [omNode-1-groupManagement] INFO  server.RaftServerConfigKeys (ConfUtils.java:logGet(46)) - raft.server.read.timeout = 10s (default)
2025-04-23 04:27:15,127 [omNode-1-groupManagement] INFO  server.RaftServerConfigKeys (ConfUtils.java:logGet(46)) - raft.server.retrycache.expirytime = 30000ms (custom)
2025-04-23 04:27:15,127 [omNode-1-groupManagement] INFO  server.RaftServerConfigKeys (ConfUtils.java:logGet(46)) - raft.server.retrycache.statistics.expirytime = 100ms (default)
2025-04-23 04:27:15,127 [omNode-1-groupManagement] INFO  server.RaftServerConfigKeys (ConfUtils.java:logGet(46)) - raft.server.read.option = DEFAULT (default)
2025-04-23 04:27:15,127 [omNode-1-groupManagement] INFO  server.RaftServerConfigKeys (ConfUtils.java:logGet(46)) - raft.server.read.read-after-write-consistent.write-index-cache.expiry-time = 60s (default)
2025-04-23 04:27:15,129 [omNode-1-groupManagement] INFO  server.RaftServerConfigKeys (ConfUtils.java:logGet(46)) - raft.server.rpc.request.timeout = 3000ms (default)
2025-04-23 04:27:15,129 [omNode-1-groupManagement] INFO  server.RaftServerConfigKeys (ConfUtils.java:logGet(46)) - raft.server.log.appender.install.snapshot.enabled = false (custom)
2025-04-23 04:27:15,129 [omNode-1-groupManagement] INFO  server.RaftServerConfigKeys (ConfUtils.java:logGet(46)) - raft.server.threadpool.server.cached = true (default)
2025-04-23 04:27:15,129 [omNode-1-groupManagement] INFO  server.RaftServerConfigKeys (ConfUtils.java:logGet(46)) - raft.server.threadpool.server.size = 0 (default)
2025-04-23 04:27:15,129 [omNode-1-groupManagement] INFO  server.RaftServerConfigKeys (ConfUtils.java:logGet(46)) - raft.server.threadpool.client.cached = true (default)
2025-04-23 04:27:15,129 [omNode-1-groupManagement] INFO  server.RaftServerConfigKeys (ConfUtils.java:logGet(46)) - raft.server.threadpool.client.size = 0 (default)
2025-04-23 04:27:15,129 [omNode-1-impl-thread1] INFO  server.RaftServerConfigKeys (ConfUtils.java:logGet(46)) - raft.server.storage.free-space.min = 0MB (=0) (default)
2025-04-23 04:27:15,129 [omNode-1-impl-thread1] INFO  server.RaftServerConfigKeys (ConfUtils.java:logGet(46)) - raft.server.log.corruption.policy = EXCEPTION (default)
2025-04-23 04:27:15,129 [omNode-1-impl-thread1] INFO  server.RaftServerConfigKeys (ConfUtils.java:logGet(46)) - raft.server.storage.dir = [/home/runner/work/ozone/ozone/hadoop-ozone/integration-test/target/test-dir/MiniOzoneClusterImpl-ff59c164-3798-4a7f-a16d-eeed9ffb3244/omNode-1/ratis] (custom)
2025-04-23 04:27:15,130 [omNode-1-impl-thread1] INFO  storage.RaftStorageDirectory (RaftStorageDirectoryImpl.java:tryLock(229)) - Lock on /home/runner/work/ozone/ozone/hadoop-ozone/integration-test/target/test-dir/MiniOzoneClusterImpl-ff59c164-3798-4a7f-a16d-eeed9ffb3244/omNode-1/ratis/c9bc4cf4-3bc3-3c60-a66b-523986131536/in_use.lock acquired by nodename 129558@fv-az1441-587
2025-04-23 04:27:15,131 [omNode-1-impl-thread1] INFO  storage.RaftStorage (RaftStorageImpl.java:analyzeAndRecoverStorage(118)) - Read RaftStorageMetadata{term=3, votedFor=omNode-3} from /home/runner/work/ozone/ozone/hadoop-ozone/integration-test/target/test-dir/MiniOzoneClusterImpl-ff59c164-3798-4a7f-a16d-eeed9ffb3244/omNode-1/ratis/c9bc4cf4-3bc3-3c60-a66b-523986131536/current/raft-meta
2025-04-23 04:27:15,131 [omNode-1-impl-thread1] INFO  server.RaftServer$Division (ServerState.java:setRaftConf(386)) - omNode-1@group-523986131536: set configuration conf: {index: 31, cur=peers:[omNode-3|localhost:15017, omNode-1|localhost:15009, omNode-2|localhost:15013]|listeners:[], old=null}
2025-04-23 04:27:15,131 [omNode-1-impl-thread1] INFO  ratis.OzoneManagerStateMachine (OzoneManagerStateMachine.java:lambda$0(138)) - omNode-1: initialize group-523986131536 with (t:3, i:31)
2025-04-23 04:27:15,131 [omNode-1-impl-thread1] INFO  server.RaftServerConfigKeys (ConfUtils.java:logGet(46)) - raft.server.log.use.memory = false (default)
2025-04-23 04:27:15,131 [omNode-1-impl-thread1] INFO  server.RaftServerConfigKeys (ConfUtils.java:logGet(46)) - raft.server.log.purge.gap = 50 (custom)
2025-04-23 04:27:15,131 [omNode-1-impl-thread1] INFO  server.RaftServerConfigKeys (ConfUtils.java:logGet(46)) - raft.server.log.appender.buffer.byte-limit = 4194304 (custom)
2025-04-23 04:27:15,131 [omNode-1-impl-thread1] INFO  server.RaftServerConfigKeys (ConfUtils.java:logGet(46)) - raft.server.log.statemachine.data.read.timeout = 1000ms (default)
2025-04-23 04:27:15,132 [omNode-1-impl-thread1] INFO  server.RaftServerConfigKeys (ConfUtils.java:logGet(46)) - raft.server.log.purge.preservation.log.num = 0 (default)
2025-04-23 04:27:15,132 [omNode-1-impl-thread1] INFO  server.RaftServerConfigKeys (ConfUtils.java:logGet(46)) - raft.server.log.segment.size.max = 4194304 (custom)
2025-04-23 04:27:15,132 [omNode-1-impl-thread1] INFO  server.RaftServerConfigKeys (ConfUtils.java:logGet(46)) - raft.server.log.segment.cache.num.max = 2 (custom)
2025-04-23 04:27:15,132 [omNode-1-impl-thread1] INFO  server.RaftServerConfigKeys (ConfUtils.java:logGet(46)) - raft.server.log.segment.cache.size.max = 200MB (=209715200) (default)
2025-04-23 04:27:15,133 [omNode-1-impl-thread1] INFO  server.RaftServerConfigKeys (ConfUtils.java:logGet(46)) - raft.server.log.appender.buffer.byte-limit = 4194304 (custom)
2025-04-23 04:27:15,133 [omNode-1-impl-thread1] INFO  util.AwaitToRun (AwaitToRun.java:start(81)) - Thread[#1847,omNode-1@group-523986131536-cacheEviction-AwaitToRun,5,main] started
2025-04-23 04:27:15,133 [omNode-1-impl-thread1] INFO  segmented.SegmentedRaftLogWorker (SegmentedRaftLogWorker.java:<init>(188)) - new omNode-1@group-523986131536-SegmentedRaftLogWorker for RaftStorageImpl:Storage Directory /home/runner/work/ozone/ozone/hadoop-ozone/integration-test/target/test-dir/MiniOzoneClusterImpl-ff59c164-3798-4a7f-a16d-eeed9ffb3244/omNode-1/ratis/c9bc4cf4-3bc3-3c60-a66b-523986131536
2025-04-23 04:27:15,133 [omNode-1-impl-thread1] INFO  server.RaftServerConfigKeys (ConfUtils.java:logGet(46)) - raft.server.log.queue.byte-limit = 64MB (=67108864) (default)
2025-04-23 04:27:15,133 [omNode-1-impl-thread1] INFO  server.RaftServerConfigKeys (ConfUtils.java:logGet(46)) - raft.server.log.queue.element-limit = 4096 (default)
2025-04-23 04:27:15,133 [omNode-1-impl-thread1] INFO  server.RaftServerConfigKeys (ConfUtils.java:logGet(46)) - raft.server.log.segment.size.max = 4194304 (custom)
2025-04-23 04:27:15,133 [omNode-1-impl-thread1] INFO  server.RaftServerConfigKeys (ConfUtils.java:logGet(46)) - raft.server.log.preallocated.size = 4194304 (custom)
2025-04-23 04:27:15,133 [omNode-1-impl-thread1] INFO  server.RaftServerConfigKeys (ConfUtils.java:logGet(46)) - raft.server.log.force.sync.num = 128 (default)
2025-04-23 04:27:15,133 [omNode-1-impl-thread1] INFO  server.RaftServerConfigKeys (ConfUtils.java:logGet(46)) - raft.server.log.statemachine.data.sync = true (default)
2025-04-23 04:27:15,133 [omNode-1-impl-thread1] INFO  server.RaftServerConfigKeys (ConfUtils.java:logGet(46)) - raft.server.log.statemachine.data.sync.timeout = 10s (default)
2025-04-23 04:27:15,133 [omNode-1-impl-thread1] INFO  server.RaftServerConfigKeys (ConfUtils.java:logGet(46)) - raft.server.log.statemachine.data.sync.timeout.retry = -1 (default)
2025-04-23 04:27:15,133 [omNode-1-impl-thread1] INFO  server.RaftServerConfigKeys (ConfUtils.java:logGet(46)) - raft.server.log.write.buffer.size = 4194312 (custom)
2025-04-23 04:27:15,134 [omNode-1-impl-thread1] INFO  server.RaftServerConfigKeys (ConfUtils.java:logGet(46)) - raft.server.log.appender.buffer.byte-limit = 4194304 (custom)
2025-04-23 04:27:15,134 [omNode-1-impl-thread1] INFO  server.RaftServerConfigKeys (ConfUtils.java:logGet(46)) - raft.server.log.unsafe-flush.enabled = false (default)
2025-04-23 04:27:15,134 [omNode-1-impl-thread1] INFO  server.RaftServerConfigKeys (ConfUtils.java:logGet(46)) - raft.server.log.async-flush.enabled = false (default)
2025-04-23 04:27:15,134 [omNode-1-impl-thread1] INFO  server.RaftServerConfigKeys (ConfUtils.java:logGet(46)) - raft.server.log.statemachine.data.caching.enabled = false (default)
2025-04-23 04:27:15,134 [omNode-1-impl-thread1] INFO  server.RaftServer$Division (ServerState.java:setRaftConf(386)) - omNode-1@group-523986131536: set configuration conf: {index: 0, cur=peers:[omNode-3|localhost:15017, omNode-1|localhost:15009, omNode-2|localhost:15013]|listeners:[], old=null}
2025-04-23 04:27:15,135 [omNode-1-impl-thread1] INFO  segmented.LogSegment (LogSegment.java:loadSegment(171)) - Successfully read 21 entries from segment file /home/runner/work/ozone/ozone/hadoop-ozone/integration-test/target/test-dir/MiniOzoneClusterImpl-ff59c164-3798-4a7f-a16d-eeed9ffb3244/omNode-1/ratis/c9bc4cf4-3bc3-3c60-a66b-523986131536/current/log_0-20
2025-04-23 04:27:15,136 [omNode-1-impl-thread1] INFO  server.RaftServer$Division (ServerState.java:setRaftConf(386)) - omNode-1@group-523986131536: set configuration conf: {index: 21, cur=peers:[omNode-3|localhost:15017, omNode-1|localhost:15009, omNode-2|localhost:15013]|listeners:[], old=null}
2025-04-23 04:27:15,136 [omNode-1-impl-thread1] INFO  segmented.LogSegment (LogSegment.java:loadSegment(171)) - Successfully read 10 entries from segment file /home/runner/work/ozone/ozone/hadoop-ozone/integration-test/target/test-dir/MiniOzoneClusterImpl-ff59c164-3798-4a7f-a16d-eeed9ffb3244/omNode-1/ratis/c9bc4cf4-3bc3-3c60-a66b-523986131536/current/log_21-30
2025-04-23 04:27:15,136 [omNode-1-impl-thread1] INFO  server.RaftServer$Division (ServerState.java:setRaftConf(386)) - omNode-1@group-523986131536: set configuration conf: {index: 31, cur=peers:[omNode-3|localhost:15017, omNode-1|localhost:15009, omNode-2|localhost:15013]|listeners:[], old=null}
2025-04-23 04:27:15,136 [omNode-1-impl-thread1] INFO  segmented.LogSegment (LogSegment.java:loadSegment(171)) - Successfully read 2 entries from segment file /home/runner/work/ozone/ozone/hadoop-ozone/integration-test/target/test-dir/MiniOzoneClusterImpl-ff59c164-3798-4a7f-a16d-eeed9ffb3244/omNode-1/ratis/c9bc4cf4-3bc3-3c60-a66b-523986131536/current/log_inprogress_31
2025-04-23 04:27:15,136 [omNode-1-impl-thread1] INFO  segmented.SegmentedRaftLogWorker (SegmentedRaftLogWorker.java:lambda$new$0(139)) - omNode-1@group-523986131536-SegmentedRaftLogWorker: flushIndex: setUnconditionally 0 -> 32
2025-04-23 04:27:15,137 [omNode-1-impl-thread1] INFO  segmented.SegmentedRaftLogWorker (SegmentedRaftLogWorker.java:lambda$new$0(139)) - omNode-1@group-523986131536-SegmentedRaftLogWorker: safeCacheEvictIndex: setUnconditionally 0 -> 30
2025-04-23 04:27:15,137 [omNode-1-impl-thread1] INFO  segmented.BufferedWriteChannel (BufferedWriteChannel.java:open(61)) - open log_inprogress_31 (append) at position 125
2025-04-23 04:27:15,137 [omNode-1-impl-thread1] INFO  server.RaftServer$Division (RaftServerImpl.java:start(391)) - omNode-1@group-523986131536: start as a follower, conf=conf: {index: 31, cur=peers:[omNode-3|localhost:15017, omNode-1|localhost:15009, omNode-2|localhost:15013]|listeners:[], old=null}
2025-04-23 04:27:15,137 [omNode-1-impl-thread1] INFO  server.RaftServer$Division (RaftServerImpl.java:setRole(378)) - omNode-1@group-523986131536: changes role from      null to FOLLOWER at term 3 for startAsFollower
2025-04-23 04:27:15,137 [omNode-1-impl-thread1] INFO  impl.RoleInfo (RoleInfo.java:updateAndGet(148)) - omNode-1: start omNode-1@group-523986131536-FollowerState
2025-04-23 04:27:15,137 [omNode-1-impl-thread1] INFO  util.JmxRegister (JmxRegister.java:tryRegister(44)) - Successfully registered JMX Bean with object name Ratis:service=RaftServer,group=group-523986131536,id=omNode-1
2025-04-23 04:27:15,137 [omNode-1-impl-thread1] INFO  util.JmxRegister (JmxRegister.java:register(58)) - register mxBean class org.apache.ratis.server.impl.RaftServerJmxAdapter as Ratis:service=RaftServer,group=group-523986131536,id=omNode-1
2025-04-23 04:27:15,137 [omNode-1-impl-thread1] INFO  server.RaftServerConfigKeys (ConfUtils.java:logGet(46)) - raft.server.snapshot.trigger-when-stop.enabled = true (default)
2025-04-23 04:27:15,137 [omNode-1@group-523986131536-FollowerState] INFO  server.RaftServerConfigKeys (ConfUtils.java:logFallback(53)) - raft.server.rpc.first-election.timeout.min = 1s (fallback to raft.server.rpc.timeout.min)
2025-04-23 04:27:15,138 [omNode-1@group-523986131536-FollowerState] INFO  server.RaftServerConfigKeys (ConfUtils.java:logFallback(53)) - raft.server.rpc.first-election.timeout.max = 1200ms (fallback to raft.server.rpc.timeout.max)
2025-04-23 04:27:15,137 [omNode-1-impl-thread1] INFO  server.RaftServerConfigKeys (ConfUtils.java:logGet(46)) - raft.server.snapshot.trigger-when-remove.enabled = true (default)
2025-04-23 04:27:15,138 [omNode-1-impl-thread1] INFO  server.RaftServerConfigKeys (ConfUtils.java:logGet(46)) - raft.server.snapshot.auto.trigger.enabled = true (custom)
2025-04-23 04:27:15,138 [omNode-1-impl-thread1] INFO  server.RaftServerConfigKeys (ConfUtils.java:logGet(46)) - raft.server.snapshot.auto.trigger.threshold = 50 (custom)
2025-04-23 04:27:15,138 [omNode-1-impl-thread1] INFO  server.RaftServerConfigKeys (ConfUtils.java:logGet(46)) - raft.server.snapshot.retention.file.num = -1 (default)
2025-04-23 04:27:15,138 [omNode-1-impl-thread1] INFO  server.RaftServerConfigKeys (ConfUtils.java:logGet(46)) - raft.server.log.purge.upto.snapshot.index = true (custom)
2025-04-23 04:27:15,138 [omNode-1-impl-thread1] INFO  server.RaftServer$Division (RaftServerImpl.java:start(405)) - omNode-1@group-523986131536: Successfully started.
2025-04-23 04:27:15,138 [main] INFO  server.RaftServer (RaftServerProxy.java:startImpl(407)) - omNode-1: start RPC server
2025-04-23 04:27:15,139 [main] INFO  server.GrpcService (GrpcService.java:startImpl(334)) - omNode-1: GrpcService started, listening on 15009
2025-04-23 04:27:15,139 [main] INFO  om.OzoneManager (OzoneManager.java:getRpcServer(1360)) - Creating RPC Server
2025-04-23 04:27:15,139 [JvmPauseMonitor12] INFO  util.JvmPauseMonitor (JvmPauseMonitor.java:run(146)) - JvmPauseMonitor-omNode-1: Started
2025-04-23 04:27:15,521 [main] INFO  reflections.Reflections (Reflections.java:scan(219)) - Reflections took 381 ms to scan 22 urls, producing 61 keys and 7422 values
2025-04-23 04:27:15,523 [main] INFO  ipc.CallQueueManager (CallQueueManager.java:<init>(93)) - Using callQueue: class java.util.concurrent.LinkedBlockingQueue, queueCapacity: 2000, scheduler: class org.apache.hadoop.ipc.DefaultRpcScheduler, ipcBackoff: false, ipcFailOver: false.
2025-04-23 04:27:15,523 [main] INFO  ipc.Server (Server.java:<init>(1438)) - Listener at localhost:15006
2025-04-23 04:27:15,524 [Socket Reader #1 for port 15006] INFO  ipc.Server (Server.java:run(1474)) - Starting Socket Reader #1 for port 15006
2025-04-23 04:27:15,524 [Socket Reader #2 for port 15006] INFO  ipc.Server (Server.java:run(1474)) - Starting Socket Reader #2 for port 15006
2025-04-23 04:27:15,524 [Socket Reader #3 for port 15006] INFO  ipc.Server (Server.java:run(1474)) - Starting Socket Reader #3 for port 15006
2025-04-23 04:27:15,524 [Socket Reader #4 for port 15006] INFO  ipc.Server (Server.java:run(1474)) - Starting Socket Reader #4 for port 15006
2025-04-23 04:27:15,525 [Socket Reader #5 for port 15006] INFO  ipc.Server (Server.java:run(1474)) - Starting Socket Reader #5 for port 15006
2025-04-23 04:27:15,525 [Socket Reader #6 for port 15006] INFO  ipc.Server (Server.java:run(1474)) - Starting Socket Reader #6 for port 15006
2025-04-23 04:27:15,525 [Socket Reader #7 for port 15006] INFO  ipc.Server (Server.java:run(1474)) - Starting Socket Reader #7 for port 15006
2025-04-23 04:27:15,525 [Socket Reader #8 for port 15006] INFO  ipc.Server (Server.java:run(1474)) - Starting Socket Reader #8 for port 15006
2025-04-23 04:27:15,525 [Socket Reader #9 for port 15006] INFO  ipc.Server (Server.java:run(1474)) - Starting Socket Reader #9 for port 15006
2025-04-23 04:27:15,525 [Socket Reader #10 for port 15006] INFO  ipc.Server (Server.java:run(1474)) - Starting Socket Reader #10 for port 15006
2025-04-23 04:27:15,528 [main] INFO  http.BaseHttpServer (BaseHttpServer.java:newHttpServer2BuilderForOzone(229)) - Starting Web-server for ozoneManager at: http://0.0.0.0:15007
2025-04-23 04:27:15,528 [main] INFO  http.BaseHttpServer (BaseHttpServer.java:<init>(107)) - Hadoop Security Enabled: false Ozone Security Enabled: false Ozone HTTP Security Enabled: false 
2025-04-23 04:27:15,529 [main] WARN  server.AuthenticationFilter (AuthenticationFilter.java:constructSecretProvider(240)) - Unable to initialize FileSignerSecretProvider, falling back to use random secrets. Reason: Could not read signature secret file: /home/runner/hadoop-http-auth-signature-secret
2025-04-23 04:27:15,531 [main] INFO  http.HttpServer2 (HttpServer2.java:addGlobalFilter(1041)) - Added global filter 'safety' (class=org.apache.hadoop.hdds.server.http.HttpServer2$QuotingInputFilter)
2025-04-23 04:27:15,532 [main] INFO  http.HttpServer2 (HttpServer2.java:addFilter(1017)) - Added filter static_user_filter (class=org.apache.hadoop.http.lib.StaticUserWebFilter$StaticUserFilter) to context ozoneManager
2025-04-23 04:27:15,532 [main] INFO  http.HttpServer2 (HttpServer2.java:addFilter(1025)) - Added filter static_user_filter (class=org.apache.hadoop.http.lib.StaticUserWebFilter$StaticUserFilter) to context logs
2025-04-23 04:27:15,532 [main] INFO  http.HttpServer2 (HttpServer2.java:addFilter(1025)) - Added filter static_user_filter (class=org.apache.hadoop.http.lib.StaticUserWebFilter$StaticUserFilter) to context static
2025-04-23 04:27:15,532 [main] INFO  http.BaseHttpServer (BaseHttpServer.java:<init>(195)) - HTTP server of ozoneManager uses base directory /home/runner/work/ozone/ozone/hadoop-ozone/integration-test/target/test-dir/MiniOzoneClusterImpl-ff59c164-3798-4a7f-a16d-eeed9ffb3244/omNode-1/webserver
2025-04-23 04:27:15,532 [main] INFO  http.HttpServer2 (HttpServer2.java:bindListener(1241)) - Jetty bound to port 15007
2025-04-23 04:27:15,532 [main] INFO  server.Server (Server.java:doStart(375)) - jetty-9.4.57.v20241219; built: 2025-01-08T21:24:30.412Z; git: df524e6b29271c2e09ba9aea83c18dc9db464a31; jvm 21.0.7+6-LTS
2025-04-23 04:27:15,534 [main] INFO  server.session (DefaultSessionIdManager.java:doStart(334)) - DefaultSessionIdManager workerName=node0
2025-04-23 04:27:15,534 [main] INFO  server.session (DefaultSessionIdManager.java:doStart(339)) - No SessionScavenger set, using defaults
2025-04-23 04:27:15,534 [main] INFO  server.session (HouseKeeper.java:startScavenging(132)) - node0 Scavenging every 660000ms
2025-04-23 04:27:15,534 [main] INFO  handler.ContextHandler (ContextHandler.java:doStart(921)) - Started o.e.j.s.ServletContextHandler@3d794813{logs,/logs,file:///home/runner/work/ozone/ozone/hadoop-ozone/integration-test/target/log,AVAILABLE}
2025-04-23 04:27:15,535 [main] INFO  handler.ContextHandler (ContextHandler.java:doStart(921)) - Started o.e.j.s.ServletContextHandler@30d2f8df{static,/static,file:///home/runner/work/ozone/ozone/hadoop-ozone/integration-test/target/test-classes/webapps/static,AVAILABLE}
2025-04-23 04:27:15,540 [main] INFO  handler.ContextHandler (ContextHandler.java:doStart(921)) - Started o.e.j.w.WebAppContext@f5ac62f{ozoneManager,/,file:///home/runner/work/ozone/ozone/hadoop-ozone/integration-test/target/test-classes/webapps/ozoneManager/,AVAILABLE}{file:/home/runner/work/ozone/ozone/hadoop-ozone/integration-test/target/test-classes/webapps/ozoneManager}
2025-04-23 04:27:15,540 [main] INFO  server.AbstractConnector (AbstractConnector.java:doStart(333)) - Started ServerConnector@2ba9378{HTTP/1.1, (http/1.1)}{0.0.0.0:15007}
2025-04-23 04:27:15,540 [main] INFO  server.Server (Server.java:doStart(415)) - Started @38959ms
2025-04-23 04:27:15,541 [main] WARN  impl.MetricsSystemImpl (MetricsSystemImpl.java:register(279)) - Sink prometheus already exists!
2025-04-23 04:27:15,541 [main] INFO  http.BaseHttpServer (BaseHttpServer.java:updateConnectorAddress(360)) - HTTP server of ozoneManager listening at http://0.0.0.0:15007
2025-04-23 04:27:15,541 [IPC Server Responder] INFO  ipc.Server (Server.java:run(1713)) - IPC Server Responder: starting
2025-04-23 04:27:15,542 [IPC Server listener on 15006] INFO  ipc.Server (Server.java:run(1553)) - IPC Server listener on 15006: starting
2025-04-23 04:27:15,544 [main] INFO  om.OzoneManager (OzoneManager.java:startTrashEmptier(2257)) - Trash Interval set to 0. Files deleted won't move to trash
2025-04-23 04:27:15,544 [main] INFO  om.OzoneManager (OzoneManager.java:restart(1878)) - OzoneManager RPC server is listening at localhost/127.0.0.1:15010
2025-04-23 04:27:15,544 [main] INFO  impl.MetricsSystemImpl (MetricsSystemImpl.java:init(158)) - OzoneManager metrics system started (again)
2025-04-23 04:27:15,556 [main] WARN  server.ServerUtils (ServerUtils.java:getDBPath(297)) - ozone.om.db.dirs is not configured. We recommend adding this setting. Falling back to ozone.metadata.dirs instead.
2025-04-23 04:27:15,597 [main] INFO  om.OzoneManager (OzoneManager.java:instantiateServices(933)) - S3 Multi-Tenancy is disabled
2025-04-23 04:27:15,597 [main] INFO  om.OmSnapshotManager (OmSnapshotManager.java:<init>(180)) - Ozone filesystem snapshot feature is enabled.
2025-04-23 04:27:15,597 [main] WARN  server.ServerUtils (ServerUtils.java:getDBPath(297)) - ozone.om.snapshot.diff.db.dir is not configured. We recommend adding this setting. Falling back to ozone.metadata.dirs instead.
2025-04-23 04:27:15,615 [main] WARN  dropwizard3.Dm3MetricRegistriesImpl (Dm3MetricRegistriesImpl.java:addReporterRegistration(114)) - New reporters are added after registries were created. Some metrics will be missing from the reporter. Please add reporter before adding any new registry.
2025-04-23 04:27:15,615 [main] WARN  dropwizard3.Dm3MetricRegistriesImpl (Dm3MetricRegistriesImpl.java:addReporterRegistration(114)) - New reporters are added after registries were created. Some metrics will be missing from the reporter. Please add reporter before adding any new registry.
2025-04-23 04:27:15,616 [main] WARN  server.ServerUtils (ServerUtils.java:getDefaultRatisDirectory(309)) - Storage directory for Ratis is not configured. It is a good idea to map this to an SSD disk. Falling back to ozone.metadata.dirs
2025-04-23 04:27:15,616 [main] INFO  server.RaftServerConfigKeys (ConfUtils.java:logGet(46)) - raft.server.log.appender.buffer.byte-limit = 4194304 (custom)
2025-04-23 04:27:15,617 [main] INFO  ratis.OzoneManagerRatisServer (OzoneManagerRatisServer.java:<init>(167)) - Instantiating OM Ratis server with groupID: om-service-test1 and peers: localhost:15013, localhost:15017, localhost:15009
2025-04-23 04:27:15,617 [main] INFO  ratis.OzoneManagerStateMachine (OzoneManagerStateMachine.java:loadSnapshotInfoFromDB(611)) - LastAppliedIndex is set from TransactionInfo from OM DB as (t:3, i:31)
2025-04-23 04:27:15,618 [main] INFO  server.RaftServer (ConfUtils.java:logGet(46)) - raft.rpc.type = GRPC (default)
2025-04-23 04:27:15,618 [main] INFO  grpc.GrpcConfigKeys (ConfUtils.java:logFallback(53)) - raft.grpc.admin.host = null (fallback to raft.grpc.server.host)
2025-04-23 04:27:15,618 [main] INFO  grpc.GrpcConfigKeys (ConfUtils.java:logFallback(53)) - raft.grpc.admin.port = 15013 (fallback to raft.grpc.server.port)
2025-04-23 04:27:15,618 [main] INFO  grpc.GrpcConfigKeys (ConfUtils.java:logFallback(53)) - raft.grpc.client.host = null (fallback to raft.grpc.server.host)
2025-04-23 04:27:15,618 [main] INFO  grpc.GrpcConfigKeys (ConfUtils.java:logFallback(53)) - raft.grpc.client.port = 15013 (fallback to raft.grpc.server.port)
2025-04-23 04:27:15,618 [main] INFO  grpc.GrpcConfigKeys (ConfUtils.java:logGet(46)) - raft.grpc.server.host = null (default)
2025-04-23 04:27:15,618 [main] INFO  grpc.GrpcConfigKeys (ConfUtils.java:logGet(46)) - raft.grpc.server.port = 15013 (custom)
2025-04-23 04:27:15,618 [main] INFO  server.GrpcService (ConfUtils.java:logGet(46)) - raft.grpc.message.size.max = 5242880 (custom)
2025-04-23 04:27:15,619 [main] INFO  server.GrpcService (ConfUtils.java:logGet(46)) - raft.grpc.flow.control.window = 1MB (=1048576) (default)
2025-04-23 04:27:15,619 [main] INFO  server.RaftServerConfigKeys (ConfUtils.java:logGet(46)) - raft.server.rpc.request.timeout = 3000ms (default)
2025-04-23 04:27:15,619 [main] INFO  grpc.GrpcConfigKeys (ConfUtils.java:logGet(46)) - raft.grpc.server.heartbeat.channel = true (default)
2025-04-23 04:27:15,619 [main] INFO  server.RaftServerConfigKeys (ConfUtils.java:logGet(46)) - raft.server.log.appender.buffer.byte-limit = 4194304 (custom)
2025-04-23 04:27:15,619 [main] INFO  grpc.GrpcConfigKeys (ConfUtils.java:logGet(46)) - raft.grpc.server.async.request.thread.pool.cached = true (default)
2025-04-23 04:27:15,619 [main] INFO  grpc.GrpcConfigKeys (ConfUtils.java:logGet(46)) - raft.grpc.server.async.request.thread.pool.size = 32 (default)
2025-04-23 04:27:15,620 [main] INFO  impl.DataStreamServerImpl (ConfUtils.java:logGet(46)) - raft.datastream.type = DISABLED (default)
2025-04-23 04:27:15,620 [main] INFO  server.RaftServerConfigKeys (ConfUtils.java:logGet(46)) - raft.server.sleep.deviation.threshold = 300ms (default)
2025-04-23 04:27:15,620 [main] INFO  server.RaftServerConfigKeys (ConfUtils.java:logGet(46)) - raft.server.close.threshold = 60s (default)
2025-04-23 04:27:15,621 [main] INFO  server.RaftServerConfigKeys (ConfUtils.java:logGet(46)) - raft.server.leaderelection.leader.step-down.wait-time = 10s (default)
2025-04-23 04:27:15,621 [main] INFO  server.RaftServerConfigKeys (ConfUtils.java:logGet(46)) - raft.server.storage.dir = [/home/runner/work/ozone/ozone/hadoop-ozone/integration-test/target/test-dir/MiniOzoneClusterImpl-ff59c164-3798-4a7f-a16d-eeed9ffb3244/omNode-2/ratis] (custom)
2025-04-23 04:27:15,621 [main] INFO  server.RaftServerConfigKeys (ConfUtils.java:logGet(46)) - raft.server.threadpool.proxy.cached = true (default)
2025-04-23 04:27:15,621 [main] INFO  server.RaftServerConfigKeys (ConfUtils.java:logGet(46)) - raft.server.threadpool.proxy.size = 0 (default)
2025-04-23 04:27:15,621 [omNode-2-impl-thread1] INFO  server.RaftServer (RaftServerProxy.java:initGroupDir(265)) - omNode-2: found a subdirectory /home/runner/work/ozone/ozone/hadoop-ozone/integration-test/target/test-dir/MiniOzoneClusterImpl-ff59c164-3798-4a7f-a16d-eeed9ffb3244/omNode-2/ratis/c9bc4cf4-3bc3-3c60-a66b-523986131536
2025-04-23 04:27:15,622 [main] INFO  server.RaftServer (RaftServerProxy.java:addNew(100)) - omNode-2: addNew group-523986131536:[omNode-3|localhost:15017, omNode-1|localhost:15009, omNode-2|localhost:15013] returns group-523986131536:java.util.concurrent.CompletableFuture@4b582ac1[Not completed]
2025-04-23 04:27:15,622 [omNode-2-groupManagement] INFO  server.RaftServer$Division (RaftServerImpl.java:<init>(255)) - omNode-2: new RaftServerImpl for group-523986131536:[omNode-3|localhost:15017, omNode-1|localhost:15009, omNode-2|localhost:15013] with OzoneManagerStateMachine:uninitialized
2025-04-23 04:27:15,622 [main] INFO  om.OzoneManager (OzoneManager.java:initializeRatisServer(2303)) - OzoneManager Ratis server initialized at port 15013
2025-04-23 04:27:15,622 [main] INFO  ratis.OzoneManagerRatisServer (OzoneManagerRatisServer.java:start(628)) - Starting OzoneManagerRatisServer omNode-2 at port 15013
2025-04-23 04:27:15,622 [omNode-2-groupManagement] INFO  server.RaftServerConfigKeys (ConfUtils.java:logGet(46)) - raft.server.rpc.timeout.min = 1s (custom)
2025-04-23 04:27:15,622 [omNode-2-groupManagement] INFO  server.RaftServerConfigKeys (ConfUtils.java:logGet(46)) - raft.server.rpc.timeout.max = 1200ms (custom)
2025-04-23 04:27:15,622 [omNode-2-groupManagement] INFO  server.RaftServerConfigKeys (ConfUtils.java:logGet(46)) - raft.server.rpc.sleep.time = 25ms (default)
2025-04-23 04:27:15,623 [omNode-2-groupManagement] INFO  server.RaftServerConfigKeys (ConfUtils.java:logGet(46)) - raft.server.rpc.slowness.timeout = 2s (custom)
2025-04-23 04:27:15,623 [omNode-2-groupManagement] INFO  server.RaftServerConfigKeys (ConfUtils.java:logGet(46)) - raft.server.leaderelection.leader.step-down.wait-time = 10s (default)
2025-04-23 04:27:15,623 [omNode-2-groupManagement] INFO  server.RaftServerConfigKeys (ConfUtils.java:logGet(46)) - raft.server.leaderelection.member.majority-add = false (default)
2025-04-23 04:27:15,623 [omNode-2-groupManagement] INFO  server.RaftServerConfigKeys (ConfUtils.java:logGet(46)) - raft.server.sleep.deviation.threshold = 300ms (default)
2025-04-23 04:27:15,623 [omNode-2-groupManagement] INFO  server.RaftServer$Division (ServerState.java:<init>(114)) - omNode-2@group-523986131536: ConfigurationManager, init=conf: {index: -1, cur=peers:[omNode-3|localhost:15017, omNode-1|localhost:15009, omNode-2|localhost:15013]|listeners:[], old=null}, confs=<EMPTY_MAP>
2025-04-23 04:27:15,623 [omNode-2-groupManagement] INFO  server.RaftServerConfigKeys (ConfUtils.java:logGet(46)) - raft.server.notification.no-leader.timeout = 2s (custom)
2025-04-23 04:27:15,623 [omNode-2-groupManagement] INFO  server.RaftServerConfigKeys (ConfUtils.java:logGet(46)) - raft.server.read.timeout = 10s (default)
2025-04-23 04:27:15,623 [omNode-2-groupManagement] INFO  server.RaftServerConfigKeys (ConfUtils.java:logGet(46)) - raft.server.retrycache.expirytime = 30000ms (custom)
2025-04-23 04:27:15,623 [omNode-2-groupManagement] INFO  server.RaftServerConfigKeys (ConfUtils.java:logGet(46)) - raft.server.retrycache.statistics.expirytime = 100ms (default)
2025-04-23 04:27:15,623 [omNode-2-groupManagement] INFO  server.RaftServerConfigKeys (ConfUtils.java:logGet(46)) - raft.server.read.option = DEFAULT (default)
2025-04-23 04:27:15,623 [omNode-2-groupManagement] INFO  server.RaftServerConfigKeys (ConfUtils.java:logGet(46)) - raft.server.read.read-after-write-consistent.write-index-cache.expiry-time = 60s (default)
2025-04-23 04:27:15,625 [omNode-2-groupManagement] INFO  server.RaftServerConfigKeys (ConfUtils.java:logGet(46)) - raft.server.rpc.request.timeout = 3000ms (default)
2025-04-23 04:27:15,625 [omNode-2-groupManagement] INFO  server.RaftServerConfigKeys (ConfUtils.java:logGet(46)) - raft.server.log.appender.install.snapshot.enabled = false (custom)
2025-04-23 04:27:15,625 [omNode-2-groupManagement] INFO  server.RaftServerConfigKeys (ConfUtils.java:logGet(46)) - raft.server.threadpool.server.cached = true (default)
2025-04-23 04:27:15,625 [omNode-2-groupManagement] INFO  server.RaftServerConfigKeys (ConfUtils.java:logGet(46)) - raft.server.threadpool.server.size = 0 (default)
2025-04-23 04:27:15,625 [omNode-2-groupManagement] INFO  server.RaftServerConfigKeys (ConfUtils.java:logGet(46)) - raft.server.threadpool.client.cached = true (default)
2025-04-23 04:27:15,625 [omNode-2-groupManagement] INFO  server.RaftServerConfigKeys (ConfUtils.java:logGet(46)) - raft.server.threadpool.client.size = 0 (default)
2025-04-23 04:27:15,625 [omNode-2-impl-thread1] INFO  server.RaftServerConfigKeys (ConfUtils.java:logGet(46)) - raft.server.storage.free-space.min = 0MB (=0) (default)
2025-04-23 04:27:15,625 [omNode-2-impl-thread1] INFO  server.RaftServerConfigKeys (ConfUtils.java:logGet(46)) - raft.server.log.corruption.policy = EXCEPTION (default)
2025-04-23 04:27:15,625 [omNode-2-impl-thread1] INFO  server.RaftServerConfigKeys (ConfUtils.java:logGet(46)) - raft.server.storage.dir = [/home/runner/work/ozone/ozone/hadoop-ozone/integration-test/target/test-dir/MiniOzoneClusterImpl-ff59c164-3798-4a7f-a16d-eeed9ffb3244/omNode-2/ratis] (custom)
2025-04-23 04:27:15,626 [omNode-2-impl-thread1] INFO  storage.RaftStorageDirectory (RaftStorageDirectoryImpl.java:tryLock(229)) - Lock on /home/runner/work/ozone/ozone/hadoop-ozone/integration-test/target/test-dir/MiniOzoneClusterImpl-ff59c164-3798-4a7f-a16d-eeed9ffb3244/omNode-2/ratis/c9bc4cf4-3bc3-3c60-a66b-523986131536/in_use.lock acquired by nodename 129558@fv-az1441-587
2025-04-23 04:27:15,626 [omNode-2-impl-thread1] INFO  storage.RaftStorage (RaftStorageImpl.java:analyzeAndRecoverStorage(118)) - Read RaftStorageMetadata{term=3, votedFor=omNode-3} from /home/runner/work/ozone/ozone/hadoop-ozone/integration-test/target/test-dir/MiniOzoneClusterImpl-ff59c164-3798-4a7f-a16d-eeed9ffb3244/omNode-2/ratis/c9bc4cf4-3bc3-3c60-a66b-523986131536/current/raft-meta
2025-04-23 04:27:15,627 [omNode-2-impl-thread1] INFO  server.RaftServer$Division (ServerState.java:setRaftConf(386)) - omNode-2@group-523986131536: set configuration conf: {index: 31, cur=peers:[omNode-3|localhost:15017, omNode-1|localhost:15009, omNode-2|localhost:15013]|listeners:[], old=null}
2025-04-23 04:27:15,627 [omNode-2-impl-thread1] INFO  ratis.OzoneManagerStateMachine (OzoneManagerStateMachine.java:lambda$0(138)) - omNode-2: initialize group-523986131536 with (t:3, i:31)
2025-04-23 04:27:15,627 [omNode-2-impl-thread1] INFO  server.RaftServerConfigKeys (ConfUtils.java:logGet(46)) - raft.server.log.use.memory = false (default)
2025-04-23 04:27:15,627 [omNode-2-impl-thread1] INFO  server.RaftServerConfigKeys (ConfUtils.java:logGet(46)) - raft.server.log.purge.gap = 50 (custom)
2025-04-23 04:27:15,627 [omNode-2-impl-thread1] INFO  server.RaftServerConfigKeys (ConfUtils.java:logGet(46)) - raft.server.log.appender.buffer.byte-limit = 4194304 (custom)
2025-04-23 04:27:15,627 [omNode-2-impl-thread1] INFO  server.RaftServerConfigKeys (ConfUtils.java:logGet(46)) - raft.server.log.statemachine.data.read.timeout = 1000ms (default)
2025-04-23 04:27:15,627 [omNode-2-impl-thread1] INFO  server.RaftServerConfigKeys (ConfUtils.java:logGet(46)) - raft.server.log.purge.preservation.log.num = 0 (default)
2025-04-23 04:27:15,628 [omNode-2-impl-thread1] INFO  server.RaftServerConfigKeys (ConfUtils.java:logGet(46)) - raft.server.log.segment.size.max = 4194304 (custom)
2025-04-23 04:27:15,628 [omNode-2-impl-thread1] INFO  server.RaftServerConfigKeys (ConfUtils.java:logGet(46)) - raft.server.log.segment.cache.num.max = 2 (custom)
2025-04-23 04:27:15,629 [omNode-2-impl-thread1] INFO  server.RaftServerConfigKeys (ConfUtils.java:logGet(46)) - raft.server.log.segment.cache.size.max = 200MB (=209715200) (default)
2025-04-23 04:27:15,629 [omNode-2-impl-thread1] INFO  server.RaftServerConfigKeys (ConfUtils.java:logGet(46)) - raft.server.log.appender.buffer.byte-limit = 4194304 (custom)
2025-04-23 04:27:15,629 [omNode-2-impl-thread1] INFO  util.AwaitToRun (AwaitToRun.java:start(81)) - Thread[#1936,omNode-2@group-523986131536-cacheEviction-AwaitToRun,5,main] started
2025-04-23 04:27:15,629 [omNode-2-impl-thread1] INFO  segmented.SegmentedRaftLogWorker (SegmentedRaftLogWorker.java:<init>(188)) - new omNode-2@group-523986131536-SegmentedRaftLogWorker for RaftStorageImpl:Storage Directory /home/runner/work/ozone/ozone/hadoop-ozone/integration-test/target/test-dir/MiniOzoneClusterImpl-ff59c164-3798-4a7f-a16d-eeed9ffb3244/omNode-2/ratis/c9bc4cf4-3bc3-3c60-a66b-523986131536
2025-04-23 04:27:15,629 [omNode-2-impl-thread1] INFO  server.RaftServerConfigKeys (ConfUtils.java:logGet(46)) - raft.server.log.queue.byte-limit = 64MB (=67108864) (default)
2025-04-23 04:27:15,629 [omNode-2-impl-thread1] INFO  server.RaftServerConfigKeys (ConfUtils.java:logGet(46)) - raft.server.log.queue.element-limit = 4096 (default)
2025-04-23 04:27:15,629 [omNode-2-impl-thread1] INFO  server.RaftServerConfigKeys (ConfUtils.java:logGet(46)) - raft.server.log.segment.size.max = 4194304 (custom)
2025-04-23 04:27:15,629 [omNode-2-impl-thread1] INFO  server.RaftServerConfigKeys (ConfUtils.java:logGet(46)) - raft.server.log.preallocated.size = 4194304 (custom)
2025-04-23 04:27:15,629 [omNode-2-impl-thread1] INFO  server.RaftServerConfigKeys (ConfUtils.java:logGet(46)) - raft.server.log.force.sync.num = 128 (default)
2025-04-23 04:27:15,629 [omNode-2-impl-thread1] INFO  server.RaftServerConfigKeys (ConfUtils.java:logGet(46)) - raft.server.log.statemachine.data.sync = true (default)
2025-04-23 04:27:15,629 [omNode-2-impl-thread1] INFO  server.RaftServerConfigKeys (ConfUtils.java:logGet(46)) - raft.server.log.statemachine.data.sync.timeout = 10s (default)
2025-04-23 04:27:15,629 [omNode-2-impl-thread1] INFO  server.RaftServerConfigKeys (ConfUtils.java:logGet(46)) - raft.server.log.statemachine.data.sync.timeout.retry = -1 (default)
2025-04-23 04:27:15,630 [omNode-2-impl-thread1] INFO  server.RaftServerConfigKeys (ConfUtils.java:logGet(46)) - raft.server.log.write.buffer.size = 4194312 (custom)
2025-04-23 04:27:15,631 [omNode-2-impl-thread1] INFO  server.RaftServerConfigKeys (ConfUtils.java:logGet(46)) - raft.server.log.appender.buffer.byte-limit = 4194304 (custom)
2025-04-23 04:27:15,631 [omNode-2-impl-thread1] INFO  server.RaftServerConfigKeys (ConfUtils.java:logGet(46)) - raft.server.log.unsafe-flush.enabled = false (default)
2025-04-23 04:27:15,632 [omNode-2-impl-thread1] INFO  server.RaftServerConfigKeys (ConfUtils.java:logGet(46)) - raft.server.log.async-flush.enabled = false (default)
2025-04-23 04:27:15,632 [omNode-2-impl-thread1] INFO  server.RaftServerConfigKeys (ConfUtils.java:logGet(46)) - raft.server.log.statemachine.data.caching.enabled = false (default)
2025-04-23 04:27:15,632 [omNode-2-impl-thread1] INFO  server.RaftServer$Division (ServerState.java:setRaftConf(386)) - omNode-2@group-523986131536: set configuration conf: {index: 0, cur=peers:[omNode-3|localhost:15017, omNode-1|localhost:15009, omNode-2|localhost:15013]|listeners:[], old=null}
2025-04-23 04:27:15,633 [omNode-2-impl-thread1] INFO  segmented.LogSegment (LogSegment.java:loadSegment(171)) - Successfully read 21 entries from segment file /home/runner/work/ozone/ozone/hadoop-ozone/integration-test/target/test-dir/MiniOzoneClusterImpl-ff59c164-3798-4a7f-a16d-eeed9ffb3244/omNode-2/ratis/c9bc4cf4-3bc3-3c60-a66b-523986131536/current/log_0-20
2025-04-23 04:27:15,633 [omNode-2-impl-thread1] INFO  server.RaftServer$Division (ServerState.java:setRaftConf(386)) - omNode-2@group-523986131536: set configuration conf: {index: 21, cur=peers:[omNode-3|localhost:15017, omNode-1|localhost:15009, omNode-2|localhost:15013]|listeners:[], old=null}
2025-04-23 04:27:15,634 [omNode-2-impl-thread1] INFO  segmented.LogSegment (LogSegment.java:loadSegment(171)) - Successfully read 10 entries from segment file /home/runner/work/ozone/ozone/hadoop-ozone/integration-test/target/test-dir/MiniOzoneClusterImpl-ff59c164-3798-4a7f-a16d-eeed9ffb3244/omNode-2/ratis/c9bc4cf4-3bc3-3c60-a66b-523986131536/current/log_21-30
2025-04-23 04:27:15,634 [omNode-2-impl-thread1] INFO  server.RaftServer$Division (ServerState.java:setRaftConf(386)) - omNode-2@group-523986131536: set configuration conf: {index: 31, cur=peers:[omNode-3|localhost:15017, omNode-1|localhost:15009, omNode-2|localhost:15013]|listeners:[], old=null}
2025-04-23 04:27:15,634 [omNode-2-impl-thread1] INFO  segmented.LogSegment (LogSegment.java:loadSegment(171)) - Successfully read 2 entries from segment file /home/runner/work/ozone/ozone/hadoop-ozone/integration-test/target/test-dir/MiniOzoneClusterImpl-ff59c164-3798-4a7f-a16d-eeed9ffb3244/omNode-2/ratis/c9bc4cf4-3bc3-3c60-a66b-523986131536/current/log_inprogress_31
2025-04-23 04:27:15,634 [omNode-2-impl-thread1] INFO  segmented.SegmentedRaftLogWorker (SegmentedRaftLogWorker.java:lambda$new$0(139)) - omNode-2@group-523986131536-SegmentedRaftLogWorker: flushIndex: setUnconditionally 0 -> 32
2025-04-23 04:27:15,634 [omNode-2-impl-thread1] INFO  segmented.SegmentedRaftLogWorker (SegmentedRaftLogWorker.java:lambda$new$0(139)) - omNode-2@group-523986131536-SegmentedRaftLogWorker: safeCacheEvictIndex: setUnconditionally 0 -> 30
2025-04-23 04:27:15,634 [omNode-2-impl-thread1] INFO  segmented.BufferedWriteChannel (BufferedWriteChannel.java:open(61)) - open log_inprogress_31 (append) at position 125
2025-04-23 04:27:15,635 [omNode-2-impl-thread1] INFO  server.RaftServer$Division (RaftServerImpl.java:start(391)) - omNode-2@group-523986131536: start as a follower, conf=conf: {index: 31, cur=peers:[omNode-3|localhost:15017, omNode-1|localhost:15009, omNode-2|localhost:15013]|listeners:[], old=null}
2025-04-23 04:27:15,635 [omNode-2-impl-thread1] INFO  server.RaftServer$Division (RaftServerImpl.java:setRole(378)) - omNode-2@group-523986131536: changes role from      null to FOLLOWER at term 3 for startAsFollower
2025-04-23 04:27:15,635 [omNode-2-impl-thread1] INFO  impl.RoleInfo (RoleInfo.java:updateAndGet(148)) - omNode-2: start omNode-2@group-523986131536-FollowerState
2025-04-23 04:27:15,635 [omNode-2-impl-thread1] INFO  util.JmxRegister (JmxRegister.java:tryRegister(44)) - Successfully registered JMX Bean with object name Ratis:service=RaftServer,group=group-523986131536,id=omNode-2
2025-04-23 04:27:15,635 [omNode-2-impl-thread1] INFO  util.JmxRegister (JmxRegister.java:register(58)) - register mxBean class org.apache.ratis.server.impl.RaftServerJmxAdapter as Ratis:service=RaftServer,group=group-523986131536,id=omNode-2
2025-04-23 04:27:15,635 [omNode-2-impl-thread1] INFO  server.RaftServerConfigKeys (ConfUtils.java:logGet(46)) - raft.server.snapshot.trigger-when-stop.enabled = true (default)
2025-04-23 04:27:15,635 [omNode-2@group-523986131536-FollowerState] INFO  server.RaftServerConfigKeys (ConfUtils.java:logFallback(53)) - raft.server.rpc.first-election.timeout.min = 1s (fallback to raft.server.rpc.timeout.min)
2025-04-23 04:27:15,635 [omNode-2-impl-thread1] INFO  server.RaftServerConfigKeys (ConfUtils.java:logGet(46)) - raft.server.snapshot.trigger-when-remove.enabled = true (default)
2025-04-23 04:27:15,635 [omNode-2@group-523986131536-FollowerState] INFO  server.RaftServerConfigKeys (ConfUtils.java:logFallback(53)) - raft.server.rpc.first-election.timeout.max = 1200ms (fallback to raft.server.rpc.timeout.max)
2025-04-23 04:27:15,635 [omNode-2-impl-thread1] INFO  server.RaftServerConfigKeys (ConfUtils.java:logGet(46)) - raft.server.snapshot.auto.trigger.enabled = true (custom)
2025-04-23 04:27:15,635 [omNode-2-impl-thread1] INFO  server.RaftServerConfigKeys (ConfUtils.java:logGet(46)) - raft.server.snapshot.auto.trigger.threshold = 50 (custom)
2025-04-23 04:27:15,636 [omNode-2-impl-thread1] INFO  server.RaftServerConfigKeys (ConfUtils.java:logGet(46)) - raft.server.snapshot.retention.file.num = -1 (default)
2025-04-23 04:27:15,636 [omNode-2-impl-thread1] INFO  server.RaftServerConfigKeys (ConfUtils.java:logGet(46)) - raft.server.log.purge.upto.snapshot.index = true (custom)
2025-04-23 04:27:15,636 [omNode-2-impl-thread1] INFO  server.RaftServer$Division (RaftServerImpl.java:start(405)) - omNode-2@group-523986131536: Successfully started.
2025-04-23 04:27:15,636 [main] INFO  server.RaftServer (RaftServerProxy.java:startImpl(407)) - omNode-2: start RPC server
2025-04-23 04:27:15,637 [main] INFO  server.GrpcService (GrpcService.java:startImpl(334)) - omNode-2: GrpcService started, listening on 15013
2025-04-23 04:27:15,637 [main] INFO  om.OzoneManager (OzoneManager.java:getRpcServer(1360)) - Creating RPC Server
2025-04-23 04:27:15,637 [JvmPauseMonitor13] INFO  util.JvmPauseMonitor (JvmPauseMonitor.java:run(146)) - JvmPauseMonitor-omNode-2: Started
2025-04-23 04:27:15,805 [omNode-3@group-523986131536-FollowerState] INFO  impl.FollowerState (FollowerState.java:runImpl(161)) - omNode-3@group-523986131536-FollowerState: change to CANDIDATE, lastRpcElapsedTime:1142803002ns, electionTimeout:1142ms
2025-04-23 04:27:15,805 [omNode-3@group-523986131536-FollowerState] INFO  impl.RoleInfo (RoleInfo.java:shutdownFollowerState(121)) - omNode-3: shutdown omNode-3@group-523986131536-FollowerState
2025-04-23 04:27:15,805 [omNode-3@group-523986131536-FollowerState] INFO  server.RaftServer$Division (RaftServerImpl.java:setRole(378)) - omNode-3@group-523986131536: changes role from  FOLLOWER to CANDIDATE at term 3 for changeToCandidate
2025-04-23 04:27:15,806 [omNode-3@group-523986131536-FollowerState] INFO  server.RaftServerConfigKeys (ConfUtils.java:logGet(46)) - raft.server.leaderelection.pre-vote = true (default)
2025-04-23 04:27:15,806 [omNode-3@group-523986131536-FollowerState] INFO  impl.RoleInfo (RoleInfo.java:updateAndGet(148)) - omNode-3: start omNode-3@group-523986131536-LeaderElection11
2025-04-23 04:27:15,806 [omNode-3@group-523986131536-LeaderElection11] INFO  impl.LeaderElection (LeaderElection.java:askForVotes(332)) - omNode-3@group-523986131536-LeaderElection11 PRE_VOTE round 0: submit vote requests at term 3 for conf: {index: 31, cur=peers:[omNode-3|localhost:15017, omNode-1|localhost:15009, omNode-2|localhost:15013]|listeners:[], old=null}
2025-04-23 04:27:15,806 [omNode-3@group-523986131536-LeaderElection11-1] INFO  server.GrpcServerProtocolClient (GrpcServerProtocolClient.java:<init>(65)) - Build channel for omNode-1|localhost:15009
2025-04-23 04:27:15,807 [omNode-3@group-523986131536-LeaderElection11] INFO  server.RaftServerConfigKeys (ConfUtils.java:logFallback(53)) - raft.server.rpc.first-election.timeout.min = 1s (fallback to raft.server.rpc.timeout.min)
2025-04-23 04:27:15,807 [omNode-3@group-523986131536-LeaderElection11] INFO  server.RaftServerConfigKeys (ConfUtils.java:logFallback(53)) - raft.server.rpc.first-election.timeout.max = 1200ms (fallback to raft.server.rpc.timeout.max)
2025-04-23 04:27:15,807 [omNode-3@group-523986131536-LeaderElection11-2] INFO  server.GrpcServerProtocolClient (GrpcServerProtocolClient.java:<init>(65)) - Build channel for omNode-2|localhost:15013
2025-04-23 04:27:15,813 [grpc-default-executor-2] INFO  server.RaftServer$Division (RaftServerImpl.java:requestVote(1407)) - omNode-1@group-523986131536: receive requestVote(PRE_VOTE, omNode-3, group-523986131536, 3, (t:3, i:32))
2025-04-23 04:27:15,813 [grpc-default-executor-2] INFO  impl.VoteContext (VoteContext.java:log(49)) - omNode-1@group-523986131536-FOLLOWER: accept PRE_VOTE from omNode-3: our priority 0 <= candidate's priority 0
2025-04-23 04:27:15,813 [grpc-default-executor-2] INFO  server.RaftServer$Division (RaftServerImpl.java:requestVote(1441)) - omNode-1@group-523986131536 replies to PRE_VOTE vote request: omNode-3<-omNode-1#0:OK-t3. Peer's state: omNode-1@group-523986131536:t3, leader=null, voted=omNode-3, raftlog=Memoized:omNode-1@group-523986131536-SegmentedRaftLog:OPENED:c31:last(t:3, i:32), conf=conf: {index: 31, cur=peers:[omNode-3|localhost:15017, omNode-1|localhost:15009, omNode-2|localhost:15013]|listeners:[], old=null}
2025-04-23 04:27:15,814 [grpc-default-executor-2] INFO  server.RaftServer$Division (RaftServerImpl.java:requestVote(1407)) - omNode-2@group-523986131536: receive requestVote(PRE_VOTE, omNode-3, group-523986131536, 3, (t:3, i:32))
2025-04-23 04:27:15,814 [grpc-default-executor-2] INFO  impl.VoteContext (VoteContext.java:log(49)) - omNode-2@group-523986131536-FOLLOWER: accept PRE_VOTE from omNode-3: our priority 0 <= candidate's priority 0
2025-04-23 04:27:15,814 [grpc-default-executor-2] INFO  server.RaftServer$Division (RaftServerImpl.java:requestVote(1441)) - omNode-2@group-523986131536 replies to PRE_VOTE vote request: omNode-3<-omNode-2#0:OK-t3. Peer's state: omNode-2@group-523986131536:t3, leader=null, voted=omNode-3, raftlog=Memoized:omNode-2@group-523986131536-SegmentedRaftLog:OPENED:c31:last(t:3, i:32), conf=conf: {index: 31, cur=peers:[omNode-3|localhost:15017, omNode-1|localhost:15009, omNode-2|localhost:15013]|listeners:[], old=null}
2025-04-23 04:27:15,815 [omNode-3@group-523986131536-LeaderElection11] INFO  impl.LeaderElection (LeaderElection.java:logAndReturn(90)) - omNode-3@group-523986131536-LeaderElection11: PRE_VOTE PASSED received 1 response(s) and 0 exception(s):
2025-04-23 04:27:15,815 [omNode-3@group-523986131536-LeaderElection11] INFO  impl.LeaderElection (LeaderElection.java:logAndReturn(94)) -   Response 0: omNode-3<-omNode-1#0:OK-t3
2025-04-23 04:27:15,815 [omNode-3@group-523986131536-LeaderElection11] INFO  impl.LeaderElection (LeaderElection.java:askForVotes(334)) - omNode-3@group-523986131536-LeaderElection11 PRE_VOTE round 0: result PASSED
2025-04-23 04:27:15,817 [omNode-3@group-523986131536-LeaderElection11] INFO  impl.LeaderElection (LeaderElection.java:askForVotes(332)) - omNode-3@group-523986131536-LeaderElection11 ELECTION round 0: submit vote requests at term 4 for conf: {index: 31, cur=peers:[omNode-3|localhost:15017, omNode-1|localhost:15009, omNode-2|localhost:15013]|listeners:[], old=null}
2025-04-23 04:27:15,818 [omNode-3@group-523986131536-LeaderElection11] INFO  server.RaftServerConfigKeys (ConfUtils.java:logFallback(53)) - raft.server.rpc.first-election.timeout.min = 1s (fallback to raft.server.rpc.timeout.min)
2025-04-23 04:27:15,819 [omNode-3@group-523986131536-LeaderElection11] INFO  server.RaftServerConfigKeys (ConfUtils.java:logFallback(53)) - raft.server.rpc.first-election.timeout.max = 1200ms (fallback to raft.server.rpc.timeout.max)
2025-04-23 04:27:15,820 [grpc-default-executor-2] INFO  server.RaftServer$Division (RaftServerImpl.java:requestVote(1407)) - omNode-2@group-523986131536: receive requestVote(ELECTION, omNode-3, group-523986131536, 4, (t:3, i:32))
2025-04-23 04:27:15,820 [grpc-default-executor-2] INFO  impl.VoteContext (VoteContext.java:log(49)) - omNode-2@group-523986131536-FOLLOWER: accept ELECTION from omNode-3: our priority 0 <= candidate's priority 0
2025-04-23 04:27:15,821 [grpc-default-executor-3] INFO  server.RaftServer$Division (RaftServerImpl.java:requestVote(1407)) - omNode-1@group-523986131536: receive requestVote(ELECTION, omNode-3, group-523986131536, 4, (t:3, i:32))
2025-04-23 04:27:15,821 [grpc-default-executor-2] INFO  server.RaftServer$Division (RaftServerImpl.java:setRole(378)) - omNode-2@group-523986131536: changes role from  FOLLOWER to FOLLOWER at term 3 for candidate:omNode-3
2025-04-23 04:27:15,821 [grpc-default-executor-2] INFO  impl.RoleInfo (RoleInfo.java:shutdownFollowerState(121)) - omNode-2: shutdown omNode-2@group-523986131536-FollowerState
2025-04-23 04:27:15,821 [grpc-default-executor-2] INFO  impl.RoleInfo (RoleInfo.java:updateAndGet(148)) - omNode-2: start omNode-2@group-523986131536-FollowerState
2025-04-23 04:27:15,821 [grpc-default-executor-3] INFO  impl.VoteContext (VoteContext.java:log(49)) - omNode-1@group-523986131536-FOLLOWER: accept ELECTION from omNode-3: our priority 0 <= candidate's priority 0
2025-04-23 04:27:15,821 [grpc-default-executor-3] INFO  server.RaftServer$Division (RaftServerImpl.java:setRole(378)) - omNode-1@group-523986131536: changes role from  FOLLOWER to FOLLOWER at term 3 for candidate:omNode-3
2025-04-23 04:27:15,822 [grpc-default-executor-3] INFO  impl.RoleInfo (RoleInfo.java:shutdownFollowerState(121)) - omNode-1: shutdown omNode-1@group-523986131536-FollowerState
2025-04-23 04:27:15,821 [omNode-2@group-523986131536-FollowerState] INFO  impl.FollowerState (FollowerState.java:runImpl(170)) - omNode-2@group-523986131536-FollowerState was interrupted
2025-04-23 04:27:15,822 [grpc-default-executor-3] INFO  impl.RoleInfo (RoleInfo.java:updateAndGet(148)) - omNode-1: start omNode-1@group-523986131536-FollowerState
2025-04-23 04:27:15,822 [omNode-1@group-523986131536-FollowerState] INFO  impl.FollowerState (FollowerState.java:runImpl(170)) - omNode-1@group-523986131536-FollowerState was interrupted
2025-04-23 04:27:15,822 [grpc-default-executor-2] INFO  server.RaftServer$Division (RaftServerImpl.java:setFirstElection(562)) - omNode-2@group-523986131536: set firstElectionSinceStartup to false for candidate:omNode-3
2025-04-23 04:27:15,823 [grpc-default-executor-3] INFO  server.RaftServer$Division (RaftServerImpl.java:setFirstElection(562)) - omNode-1@group-523986131536: set firstElectionSinceStartup to false for candidate:omNode-3
2025-04-23 04:27:15,824 [grpc-default-executor-2] INFO  server.RaftServer$Division (RaftServerImpl.java:requestVote(1441)) - omNode-2@group-523986131536 replies to ELECTION vote request: omNode-3<-omNode-2#0:OK-t4. Peer's state: omNode-2@group-523986131536:t4, leader=null, voted=omNode-3, raftlog=Memoized:omNode-2@group-523986131536-SegmentedRaftLog:OPENED:c31:last(t:3, i:32), conf=conf: {index: 31, cur=peers:[omNode-3|localhost:15017, omNode-1|localhost:15009, omNode-2|localhost:15013]|listeners:[], old=null}
2025-04-23 04:27:15,824 [grpc-default-executor-3] INFO  server.RaftServer$Division (RaftServerImpl.java:requestVote(1441)) - omNode-1@group-523986131536 replies to ELECTION vote request: omNode-3<-omNode-1#0:OK-t4. Peer's state: omNode-1@group-523986131536:t4, leader=null, voted=omNode-3, raftlog=Memoized:omNode-1@group-523986131536-SegmentedRaftLog:OPENED:c31:last(t:3, i:32), conf=conf: {index: 31, cur=peers:[omNode-3|localhost:15017, omNode-1|localhost:15009, omNode-2|localhost:15013]|listeners:[], old=null}
2025-04-23 04:27:15,825 [omNode-3@group-523986131536-LeaderElection11] INFO  impl.LeaderElection (LeaderElection.java:logAndReturn(90)) - omNode-3@group-523986131536-LeaderElection11: ELECTION PASSED received 1 response(s) and 0 exception(s):
2025-04-23 04:27:15,826 [omNode-3@group-523986131536-LeaderElection11] INFO  impl.LeaderElection (LeaderElection.java:logAndReturn(94)) -   Response 0: omNode-3<-omNode-2#0:OK-t4
2025-04-23 04:27:15,826 [omNode-3@group-523986131536-LeaderElection11] INFO  impl.LeaderElection (LeaderElection.java:askForVotes(334)) - omNode-3@group-523986131536-LeaderElection11 ELECTION round 0: result PASSED
2025-04-23 04:27:15,827 [omNode-3@group-523986131536-LeaderElection11] INFO  impl.RoleInfo (RoleInfo.java:shutdownLeaderElection(141)) - omNode-3: shutdown omNode-3@group-523986131536-LeaderElection11
2025-04-23 04:27:15,827 [omNode-3@group-523986131536-LeaderElection11] INFO  server.RaftServer$Division (RaftServerImpl.java:setRole(378)) - omNode-3@group-523986131536: changes role from CANDIDATE to LEADER at term 4 for changeToLeader
2025-04-23 04:27:15,827 [omNode-3@group-523986131536-LeaderElection11] INFO  server.RaftServerConfigKeys (ConfUtils.java:logGet(46)) - raft.server.staging.catchup.gap = 1000 (default)
2025-04-23 04:27:15,828 [omNode-3@group-523986131536-LeaderElection11] INFO  server.RaftServerConfigKeys (ConfUtils.java:logGet(46)) - raft.server.write.element-limit = 4096 (default)
2025-04-23 04:27:15,828 [omNode-3@group-523986131536-LeaderElection11] INFO  server.RaftServerConfigKeys (ConfUtils.java:logGet(46)) - raft.server.write.byte-limit = 64MB (=67108864) (default)
2025-04-23 04:27:15,828 [omNode-3@group-523986131536-LeaderElection11] INFO  server.RaftServerConfigKeys (ConfUtils.java:logGet(46)) - raft.server.watch.timeout = 10s (default)
2025-04-23 04:27:15,828 [omNode-3@group-523986131536-LeaderElection11] INFO  server.RaftServerConfigKeys (ConfUtils.java:logGet(46)) - raft.server.watch.timeout.denomination = 1s (default)
2025-04-23 04:27:15,828 [omNode-3@group-523986131536-LeaderElection11] INFO  server.RaftServerConfigKeys (ConfUtils.java:logGet(46)) - raft.server.watch.element-limit = 65536 (default)
2025-04-23 04:27:15,829 [omNode-3@group-523986131536-LeaderElection11] INFO  server.RaftServerConfigKeys (ConfUtils.java:logGet(46)) - raft.server.read.leader.lease.enabled = false (default)
2025-04-23 04:27:15,829 [omNode-3@group-523986131536-LeaderElection11] INFO  server.RaftServerConfigKeys (ConfUtils.java:logGet(46)) - raft.server.read.leader.lease.timeout.ratio = 0.9 (default)
2025-04-23 04:27:15,829 [omNode-3@group-523986131536-LeaderElection11] INFO  server.RaftServerConfigKeys (ConfUtils.java:logGet(46)) - raft.server.rpc.timeout.min = 1s (custom)
2025-04-23 04:27:15,829 [omNode-3@group-523986131536-LeaderElection11] INFO  server.RaftServerConfigKeys (ConfUtils.java:logGet(46)) - raft.server.log.log-metadata.enabled = true (default)
2025-04-23 04:27:15,829 [omNode-3@group-523986131536-LeaderElection11] INFO  server.RaftServerConfigKeys (ConfUtils.java:logGet(46)) - raft.server.write.element-limit = 4096 (default)
2025-04-23 04:27:15,829 [omNode-3@group-523986131536-LeaderElection11] INFO  server.RaftServerConfigKeys (ConfUtils.java:logGet(46)) - raft.server.write.follower.gap.ratio.max = -1.0 (default)
2025-04-23 04:27:15,829 [omNode-3@group-523986131536-LeaderElection11] INFO  server.RaftServerConfigKeys (ConfUtils.java:logGet(46)) - raft.server.log.appender.snapshot.chunk.size.max = 16MB (=16777216) (default)
2025-04-23 04:27:15,830 [omNode-3@group-523986131536-LeaderElection11] INFO  server.RaftServerConfigKeys (ConfUtils.java:logGet(46)) - raft.server.log.appender.buffer.byte-limit = 4194304 (custom)
2025-04-23 04:27:15,830 [omNode-3@group-523986131536-LeaderElection11] INFO  server.RaftServerConfigKeys (ConfUtils.java:logGet(46)) - raft.server.log.appender.buffer.element-limit = 1024 (custom)
2025-04-23 04:27:15,830 [omNode-3@group-523986131536-LeaderElection11] INFO  server.RaftServerConfigKeys (ConfUtils.java:logGet(46)) - raft.server.log.appender.wait-time.min = 0ms (custom)
2025-04-23 04:27:15,830 [omNode-3@group-523986131536-LeaderElection11] INFO  grpc.GrpcConfigKeys (ConfUtils.java:logGet(46)) - raft.grpc.server.leader.outstanding.appends.max = 8 (default)
2025-04-23 04:27:15,830 [omNode-3@group-523986131536-LeaderElection11] INFO  server.RaftServerConfigKeys (ConfUtils.java:logGet(46)) - raft.server.rpc.request.timeout = 3000ms (default)
2025-04-23 04:27:15,830 [omNode-3@group-523986131536-LeaderElection11] INFO  grpc.GrpcConfigKeys (ConfUtils.java:logGet(46)) - raft.grpc.server.install_snapshot.request.element-limit = 8 (default)
2025-04-23 04:27:15,830 [omNode-3@group-523986131536-LeaderElection11] INFO  grpc.GrpcConfigKeys (ConfUtils.java:logGet(46)) - raft.grpc.server.install_snapshot.request.timeout = 3000ms (default)
2025-04-23 04:27:15,830 [omNode-3@group-523986131536-LeaderElection11] INFO  grpc.GrpcConfigKeys (ConfUtils.java:logGet(46)) - raft.grpc.server.log-message.batch.duration = 5s (default)
2025-04-23 04:27:15,830 [omNode-3@group-523986131536-LeaderElection11] INFO  server.RaftServerConfigKeys (ConfUtils.java:logGet(46)) - raft.server.log.appender.install.snapshot.enabled = false (custom)
2025-04-23 04:27:15,830 [omNode-3@group-523986131536-LeaderElection11] INFO  grpc.GrpcConfigKeys (ConfUtils.java:logGet(46)) - raft.grpc.server.heartbeat.channel = true (default)
2025-04-23 04:27:15,831 [omNode-3@group-523986131536-LeaderElection11] INFO  server.RaftServerConfigKeys (ConfUtils.java:logGet(46)) - raft.server.log.appender.snapshot.chunk.size.max = 16MB (=16777216) (default)
2025-04-23 04:27:15,831 [omNode-3@group-523986131536-LeaderElection11] INFO  server.RaftServerConfigKeys (ConfUtils.java:logGet(46)) - raft.server.log.appender.buffer.byte-limit = 4194304 (custom)
2025-04-23 04:27:15,831 [omNode-3@group-523986131536-LeaderElection11] INFO  server.RaftServerConfigKeys (ConfUtils.java:logGet(46)) - raft.server.log.appender.buffer.element-limit = 1024 (custom)
2025-04-23 04:27:15,831 [omNode-3@group-523986131536-LeaderElection11] INFO  server.RaftServerConfigKeys (ConfUtils.java:logGet(46)) - raft.server.log.appender.wait-time.min = 0ms (custom)
2025-04-23 04:27:15,831 [omNode-3@group-523986131536-LeaderElection11] INFO  grpc.GrpcConfigKeys (ConfUtils.java:logGet(46)) - raft.grpc.server.leader.outstanding.appends.max = 8 (default)
2025-04-23 04:27:15,831 [omNode-3@group-523986131536-LeaderElection11] INFO  server.RaftServerConfigKeys (ConfUtils.java:logGet(46)) - raft.server.rpc.request.timeout = 3000ms (default)
2025-04-23 04:27:15,831 [omNode-3@group-523986131536-LeaderElection11] INFO  grpc.GrpcConfigKeys (ConfUtils.java:logGet(46)) - raft.grpc.server.install_snapshot.request.element-limit = 8 (default)
2025-04-23 04:27:15,831 [omNode-3@group-523986131536-LeaderElection11] INFO  grpc.GrpcConfigKeys (ConfUtils.java:logGet(46)) - raft.grpc.server.install_snapshot.request.timeout = 3000ms (default)
2025-04-23 04:27:15,832 [omNode-3@group-523986131536-LeaderElection11] INFO  grpc.GrpcConfigKeys (ConfUtils.java:logGet(46)) - raft.grpc.server.log-message.batch.duration = 5s (default)
2025-04-23 04:27:15,832 [omNode-3@group-523986131536-LeaderElection11] INFO  server.RaftServerConfigKeys (ConfUtils.java:logGet(46)) - raft.server.log.appender.install.snapshot.enabled = false (custom)
2025-04-23 04:27:15,832 [omNode-3@group-523986131536-LeaderElection11] INFO  grpc.GrpcConfigKeys (ConfUtils.java:logGet(46)) - raft.grpc.server.heartbeat.channel = true (default)
2025-04-23 04:27:15,832 [omNode-3@group-523986131536-LeaderElection11] INFO  impl.RoleInfo (RoleInfo.java:updateAndGet(148)) - omNode-3: start omNode-3@group-523986131536-LeaderStateImpl
2025-04-23 04:27:15,832 [omNode-3@group-523986131536-LeaderElection11] INFO  server.RaftServer$Division (RaftServerImpl.java:setFirstElection(562)) - omNode-3@group-523986131536: set firstElectionSinceStartup to false for becomeLeader
2025-04-23 04:27:15,832 [omNode-3@group-523986131536-LeaderElection11] INFO  ratis.OzoneManagerStateMachine (OzoneManagerStateMachine.java:notifyLeaderChanged(169)) - omNode-3@group-523986131536: leader changed to omNode-3
2025-04-23 04:27:15,832 [omNode-3@group-523986131536-LeaderElection11] INFO  server.RaftServer$Division (ServerState.java:setLeader(272)) - omNode-3@group-523986131536: change Leader from null to omNode-3 at term 4 for becomeLeader, leader elected after 1182ms
2025-04-23 04:27:15,833 [omNode-3@group-523986131536-LeaderElection11] INFO  segmented.SegmentedRaftLogWorker (SegmentedRaftLogWorker.java:rollLogSegment(443)) - omNode-3@group-523986131536-SegmentedRaftLogWorker: Rolling segment log-31_32 to index:32
2025-04-23 04:27:15,833 [omNode-3@group-523986131536-SegmentedRaftLogWorker] INFO  segmented.SegmentedRaftLogWorker (SegmentedRaftLogWorker.java:execute(601)) - omNode-3@group-523986131536-SegmentedRaftLogWorker: Rolled log segment from /home/runner/work/ozone/ozone/hadoop-ozone/integration-test/target/test-dir/MiniOzoneClusterImpl-ff59c164-3798-4a7f-a16d-eeed9ffb3244/omNode-3/ratis/c9bc4cf4-3bc3-3c60-a66b-523986131536/current/log_inprogress_31 to /home/runner/work/ozone/ozone/hadoop-ozone/integration-test/target/test-dir/MiniOzoneClusterImpl-ff59c164-3798-4a7f-a16d-eeed9ffb3244/omNode-3/ratis/c9bc4cf4-3bc3-3c60-a66b-523986131536/current/log_31-32
2025-04-23 04:27:15,833 [omNode-3@group-523986131536-LeaderElection11] INFO  server.RaftServer$Division (ServerState.java:setRaftConf(386)) - omNode-3@group-523986131536: set configuration conf: {index: 33, cur=peers:[omNode-3|localhost:15017, omNode-1|localhost:15009, omNode-2|localhost:15013]|listeners:[], old=null}
2025-04-23 04:27:15,833 [omNode-3@group-523986131536-SegmentedRaftLogWorker] INFO  segmented.BufferedWriteChannel (BufferedWriteChannel.java:open(61)) - open log_inprogress_33 at position 0
2025-04-23 04:27:15,842 [omNode-1-server-thread1] INFO  ratis.OzoneManagerStateMachine (OzoneManagerStateMachine.java:notifyLeaderChanged(169)) - omNode-1@group-523986131536: leader changed to omNode-3
2025-04-23 04:27:15,842 [omNode-1-server-thread1] INFO  server.RaftServer$Division (ServerState.java:setLeader(272)) - omNode-1@group-523986131536: change Leader from null to omNode-3 at term 4 for appendEntries, leader elected after 714ms
2025-04-23 04:27:15,842 [omNode-2-server-thread1] INFO  ratis.OzoneManagerStateMachine (OzoneManagerStateMachine.java:notifyLeaderChanged(169)) - omNode-2@group-523986131536: leader changed to omNode-3
2025-04-23 04:27:15,842 [omNode-2-server-thread1] INFO  server.RaftServer$Division (ServerState.java:setLeader(272)) - omNode-2@group-523986131536: change Leader from null to omNode-3 at term 4 for appendEntries, leader elected after 218ms
2025-04-23 04:27:15,842 [omNode-1-server-thread2] INFO  server.RaftServer$Division (ServerState.java:setRaftConf(386)) - omNode-1@group-523986131536: set configuration conf: {index: 33, cur=peers:[omNode-3|localhost:15017, omNode-1|localhost:15009, omNode-2|localhost:15013]|listeners:[], old=null}
2025-04-23 04:27:15,843 [omNode-1-server-thread2] INFO  segmented.SegmentedRaftLogWorker (SegmentedRaftLogWorker.java:rollLogSegment(443)) - omNode-1@group-523986131536-SegmentedRaftLogWorker: Rolling segment log-31_32 to index:32
2025-04-23 04:27:15,843 [omNode-2-server-thread2] INFO  server.RaftServer$Division (ServerState.java:setRaftConf(386)) - omNode-2@group-523986131536: set configuration conf: {index: 33, cur=peers:[omNode-3|localhost:15017, omNode-1|localhost:15009, omNode-2|localhost:15013]|listeners:[], old=null}
2025-04-23 04:27:15,843 [omNode-2-server-thread2] INFO  segmented.SegmentedRaftLogWorker (SegmentedRaftLogWorker.java:rollLogSegment(443)) - omNode-2@group-523986131536-SegmentedRaftLogWorker: Rolling segment log-31_32 to index:32
2025-04-23 04:27:15,844 [omNode-1@group-523986131536-SegmentedRaftLogWorker] INFO  segmented.SegmentedRaftLogWorker (SegmentedRaftLogWorker.java:execute(601)) - omNode-1@group-523986131536-SegmentedRaftLogWorker: Rolled log segment from /home/runner/work/ozone/ozone/hadoop-ozone/integration-test/target/test-dir/MiniOzoneClusterImpl-ff59c164-3798-4a7f-a16d-eeed9ffb3244/omNode-1/ratis/c9bc4cf4-3bc3-3c60-a66b-523986131536/current/log_inprogress_31 to /home/runner/work/ozone/ozone/hadoop-ozone/integration-test/target/test-dir/MiniOzoneClusterImpl-ff59c164-3798-4a7f-a16d-eeed9ffb3244/omNode-1/ratis/c9bc4cf4-3bc3-3c60-a66b-523986131536/current/log_31-32
2025-04-23 04:27:15,844 [omNode-2@group-523986131536-SegmentedRaftLogWorker] INFO  segmented.SegmentedRaftLogWorker (SegmentedRaftLogWorker.java:execute(601)) - omNode-2@group-523986131536-SegmentedRaftLogWorker: Rolled log segment from /home/runner/work/ozone/ozone/hadoop-ozone/integration-test/target/test-dir/MiniOzoneClusterImpl-ff59c164-3798-4a7f-a16d-eeed9ffb3244/omNode-2/ratis/c9bc4cf4-3bc3-3c60-a66b-523986131536/current/log_inprogress_31 to /home/runner/work/ozone/ozone/hadoop-ozone/integration-test/target/test-dir/MiniOzoneClusterImpl-ff59c164-3798-4a7f-a16d-eeed9ffb3244/omNode-2/ratis/c9bc4cf4-3bc3-3c60-a66b-523986131536/current/log_31-32
2025-04-23 04:27:15,844 [omNode-1@group-523986131536-SegmentedRaftLogWorker] INFO  segmented.BufferedWriteChannel (BufferedWriteChannel.java:open(61)) - open log_inprogress_33 at position 0
2025-04-23 04:27:15,844 [omNode-2@group-523986131536-SegmentedRaftLogWorker] INFO  segmented.BufferedWriteChannel (BufferedWriteChannel.java:open(61)) - open log_inprogress_33 at position 0
2025-04-23 04:27:15,845 [omNode-3@group-523986131536-SegmentedRaftLogWorker] INFO  segmented.SegmentedRaftLogWorker (SegmentedRaftLogWorker.java:execute(644)) - omNode-3@group-523986131536-SegmentedRaftLogWorker: created new log segment /home/runner/work/ozone/ozone/hadoop-ozone/integration-test/target/test-dir/MiniOzoneClusterImpl-ff59c164-3798-4a7f-a16d-eeed9ffb3244/omNode-3/ratis/c9bc4cf4-3bc3-3c60-a66b-523986131536/current/log_inprogress_33
2025-04-23 04:27:15,857 [omNode-2@group-523986131536-SegmentedRaftLogWorker] INFO  segmented.SegmentedRaftLogWorker (SegmentedRaftLogWorker.java:execute(644)) - omNode-2@group-523986131536-SegmentedRaftLogWorker: created new log segment /home/runner/work/ozone/ozone/hadoop-ozone/integration-test/target/test-dir/MiniOzoneClusterImpl-ff59c164-3798-4a7f-a16d-eeed9ffb3244/omNode-2/ratis/c9bc4cf4-3bc3-3c60-a66b-523986131536/current/log_inprogress_33
2025-04-23 04:27:15,858 [omNode-1@group-523986131536-SegmentedRaftLogWorker] INFO  segmented.SegmentedRaftLogWorker (SegmentedRaftLogWorker.java:execute(644)) - omNode-1@group-523986131536-SegmentedRaftLogWorker: created new log segment /home/runner/work/ozone/ozone/hadoop-ozone/integration-test/target/test-dir/MiniOzoneClusterImpl-ff59c164-3798-4a7f-a16d-eeed9ffb3244/omNode-1/ratis/c9bc4cf4-3bc3-3c60-a66b-523986131536/current/log_inprogress_33
2025-04-23 04:27:15,860 [omNode-3@group-523986131536-StateMachineUpdater] INFO  ratis.OzoneManagerStateMachine (OzoneManagerStateMachine.java:notifyConfigurationChanged(231)) - notifyConfigurationChanged from Ratis: term=4, index=33, New Peer list: omNode-3(localhost:15017), omNode-1(localhost:15009), omNode-2(localhost:15013)
2025-04-23 04:27:15,860 [omNode-3@group-523986131536-StateMachineUpdater] INFO  server.RaftServer$Division (LeaderStateImpl.java:checkStartIndex(313)) - Leader omNode-3@group-523986131536-LeaderStateImpl is ready since appliedIndex == startIndex == 33
2025-04-23 04:27:15,862 [omNode-2@group-523986131536-StateMachineUpdater] INFO  ratis.OzoneManagerStateMachine (OzoneManagerStateMachine.java:notifyConfigurationChanged(231)) - notifyConfigurationChanged from Ratis: term=4, index=33, New Peer list: omNode-3(localhost:15017), omNode-1(localhost:15009), omNode-2(localhost:15013)
2025-04-23 04:27:15,863 [omNode-1@group-523986131536-StateMachineUpdater] INFO  ratis.OzoneManagerStateMachine (OzoneManagerStateMachine.java:notifyConfigurationChanged(231)) - notifyConfigurationChanged from Ratis: term=4, index=33, New Peer list: omNode-3(localhost:15017), omNode-1(localhost:15009), omNode-2(localhost:15013)
2025-04-23 04:27:16,013 [main] INFO  reflections.Reflections (Reflections.java:scan(219)) - Reflections took 375 ms to scan 22 urls, producing 61 keys and 7422 values
2025-04-23 04:27:16,014 [main] INFO  ipc.CallQueueManager (CallQueueManager.java:<init>(93)) - Using callQueue: class java.util.concurrent.LinkedBlockingQueue, queueCapacity: 2000, scheduler: class org.apache.hadoop.ipc.DefaultRpcScheduler, ipcBackoff: false, ipcFailOver: false.
2025-04-23 04:27:16,015 [main] INFO  ipc.Server (Server.java:<init>(1438)) - Listener at localhost:15010
2025-04-23 04:27:16,015 [Socket Reader #1 for port 15010] INFO  ipc.Server (Server.java:run(1474)) - Starting Socket Reader #1 for port 15010
2025-04-23 04:27:16,015 [Socket Reader #2 for port 15010] INFO  ipc.Server (Server.java:run(1474)) - Starting Socket Reader #2 for port 15010
2025-04-23 04:27:16,015 [Socket Reader #3 for port 15010] INFO  ipc.Server (Server.java:run(1474)) - Starting Socket Reader #3 for port 15010
2025-04-23 04:27:16,016 [Socket Reader #4 for port 15010] INFO  ipc.Server (Server.java:run(1474)) - Starting Socket Reader #4 for port 15010
2025-04-23 04:27:16,016 [Socket Reader #5 for port 15010] INFO  ipc.Server (Server.java:run(1474)) - Starting Socket Reader #5 for port 15010
2025-04-23 04:27:16,016 [Socket Reader #6 for port 15010] INFO  ipc.Server (Server.java:run(1474)) - Starting Socket Reader #6 for port 15010
2025-04-23 04:27:16,016 [Socket Reader #7 for port 15010] INFO  ipc.Server (Server.java:run(1474)) - Starting Socket Reader #7 for port 15010
2025-04-23 04:27:16,016 [Socket Reader #8 for port 15010] INFO  ipc.Server (Server.java:run(1474)) - Starting Socket Reader #8 for port 15010
2025-04-23 04:27:16,016 [Socket Reader #9 for port 15010] INFO  ipc.Server (Server.java:run(1474)) - Starting Socket Reader #9 for port 15010
2025-04-23 04:27:16,017 [Socket Reader #10 for port 15010] INFO  ipc.Server (Server.java:run(1474)) - Starting Socket Reader #10 for port 15010
2025-04-23 04:27:16,018 [main] INFO  http.BaseHttpServer (BaseHttpServer.java:newHttpServer2BuilderForOzone(229)) - Starting Web-server for ozoneManager at: http://0.0.0.0:15011
2025-04-23 04:27:16,018 [main] INFO  http.BaseHttpServer (BaseHttpServer.java:<init>(107)) - Hadoop Security Enabled: false Ozone Security Enabled: false Ozone HTTP Security Enabled: false 
2025-04-23 04:27:16,020 [main] WARN  server.AuthenticationFilter (AuthenticationFilter.java:constructSecretProvider(240)) - Unable to initialize FileSignerSecretProvider, falling back to use random secrets. Reason: Could not read signature secret file: /home/runner/hadoop-http-auth-signature-secret
2025-04-23 04:27:16,022 [main] INFO  http.HttpServer2 (HttpServer2.java:addGlobalFilter(1041)) - Added global filter 'safety' (class=org.apache.hadoop.hdds.server.http.HttpServer2$QuotingInputFilter)
2025-04-23 04:27:16,022 [main] INFO  http.HttpServer2 (HttpServer2.java:addFilter(1017)) - Added filter static_user_filter (class=org.apache.hadoop.http.lib.StaticUserWebFilter$StaticUserFilter) to context ozoneManager
2025-04-23 04:27:16,022 [main] INFO  http.HttpServer2 (HttpServer2.java:addFilter(1025)) - Added filter static_user_filter (class=org.apache.hadoop.http.lib.StaticUserWebFilter$StaticUserFilter) to context static
2025-04-23 04:27:16,023 [main] INFO  http.HttpServer2 (HttpServer2.java:addFilter(1025)) - Added filter static_user_filter (class=org.apache.hadoop.http.lib.StaticUserWebFilter$StaticUserFilter) to context logs
2025-04-23 04:27:16,023 [main] INFO  http.BaseHttpServer (BaseHttpServer.java:<init>(195)) - HTTP server of ozoneManager uses base directory /home/runner/work/ozone/ozone/hadoop-ozone/integration-test/target/test-dir/MiniOzoneClusterImpl-ff59c164-3798-4a7f-a16d-eeed9ffb3244/omNode-2/webserver
2025-04-23 04:27:16,023 [main] INFO  http.HttpServer2 (HttpServer2.java:bindListener(1241)) - Jetty bound to port 15011
2025-04-23 04:27:16,024 [main] INFO  server.Server (Server.java:doStart(375)) - jetty-9.4.57.v20241219; built: 2025-01-08T21:24:30.412Z; git: df524e6b29271c2e09ba9aea83c18dc9db464a31; jvm 21.0.7+6-LTS
2025-04-23 04:27:16,025 [main] INFO  server.session (DefaultSessionIdManager.java:doStart(334)) - DefaultSessionIdManager workerName=node0
2025-04-23 04:27:16,025 [main] INFO  server.session (DefaultSessionIdManager.java:doStart(339)) - No SessionScavenger set, using defaults
2025-04-23 04:27:16,025 [main] INFO  server.session (HouseKeeper.java:startScavenging(132)) - node0 Scavenging every 600000ms
2025-04-23 04:27:16,026 [main] INFO  handler.ContextHandler (ContextHandler.java:doStart(921)) - Started o.e.j.s.ServletContextHandler@226ebed4{logs,/logs,file:///home/runner/work/ozone/ozone/hadoop-ozone/integration-test/target/log,AVAILABLE}
2025-04-23 04:27:16,026 [main] INFO  handler.ContextHandler (ContextHandler.java:doStart(921)) - Started o.e.j.s.ServletContextHandler@13d97491{static,/static,file:///home/runner/work/ozone/ozone/hadoop-ozone/integration-test/target/test-classes/webapps/static,AVAILABLE}
2025-04-23 04:27:16,030 [main] INFO  handler.ContextHandler (ContextHandler.java:doStart(921)) - Started o.e.j.w.WebAppContext@596eca69{ozoneManager,/,file:///home/runner/work/ozone/ozone/hadoop-ozone/integration-test/target/test-classes/webapps/ozoneManager/,AVAILABLE}{file:/home/runner/work/ozone/ozone/hadoop-ozone/integration-test/target/test-classes/webapps/ozoneManager}
2025-04-23 04:27:16,031 [main] INFO  server.AbstractConnector (AbstractConnector.java:doStart(333)) - Started ServerConnector@e02a030{HTTP/1.1, (http/1.1)}{0.0.0.0:15011}
2025-04-23 04:27:16,031 [main] INFO  server.Server (Server.java:doStart(415)) - Started @39450ms
2025-04-23 04:27:16,031 [main] WARN  impl.MetricsSystemImpl (MetricsSystemImpl.java:register(279)) - Sink prometheus already exists!
2025-04-23 04:27:16,031 [main] INFO  http.BaseHttpServer (BaseHttpServer.java:updateConnectorAddress(360)) - HTTP server of ozoneManager listening at http://0.0.0.0:15011
2025-04-23 04:27:16,032 [IPC Server Responder] INFO  ipc.Server (Server.java:run(1713)) - IPC Server Responder: starting
2025-04-23 04:27:16,032 [IPC Server listener on 15010] INFO  ipc.Server (Server.java:run(1553)) - IPC Server listener on 15010: starting
2025-04-23 04:27:16,034 [main] INFO  om.OzoneManager (OzoneManager.java:startTrashEmptier(2257)) - Trash Interval set to 0. Files deleted won't move to trash
]]></system-out>
  </testcase>
  <testcase name="testConf" classname="org.apache.hadoop.ozone.om.TestOzoneManagerHAWithStoppedNodes" time="4.156">
    <system-out><![CDATA[2025-04-23 04:27:16,036 [main] INFO  server.RaftServerConfigKeys (ConfUtils.java:logGet(46)) - raft.server.log.appender.wait-time.min = 0ms (custom)
2025-04-23 04:27:16,036 [main] INFO  om.OzoneManager (OzoneManager.java:stop(2347)) - omNode-3[localhost:15014]: Stopping Ozone Manager
2025-04-23 04:27:16,036 [main] INFO  ipc.Server (Server.java:stop(3697)) - Stopping server on 15014
2025-04-23 04:27:16,039 [IPC Server listener on 15014] INFO  ipc.Server (Server.java:run(1585)) - Stopping IPC Server listener on 15014
2025-04-23 04:27:16,039 [main] INFO  ratis.OzoneManagerRatisServer (OzoneManagerRatisServer.java:stop(634)) - Stopping org.apache.hadoop.ozone.om.ratis.OzoneManagerRatisServer@712de3ff at port 15017
2025-04-23 04:27:16,039 [main] INFO  server.RaftServer (RaftServerProxy.java:lambda$close$9(417)) - omNode-3: close
2025-04-23 04:27:16,039 [main] INFO  server.GrpcService (GrpcService.java:closeImpl(343)) - omNode-3: shutdown server GrpcServerProtocolService now
2025-04-23 04:27:16,039 [IPC Server Responder] INFO  ipc.Server (Server.java:run(1718)) - Stopping IPC Server Responder
2025-04-23 04:27:16,039 [omNode-3-impl-thread1] INFO  server.RaftServer$Division (RaftServerImpl.java:lambda$close$1(513)) - omNode-3@group-523986131536: shutdown
2025-04-23 04:27:16,040 [omNode-3-impl-thread1] INFO  util.JmxRegister (JmxRegister.java:unregister(74)) - Successfully un-registered JMX Bean with object name Ratis:service=RaftServer,group=group-523986131536,id=omNode-3
2025-04-23 04:27:16,040 [omNode-3-impl-thread1] INFO  impl.RoleInfo (RoleInfo.java:shutdownLeaderState(103)) - omNode-3: shutdown omNode-3@group-523986131536-LeaderStateImpl
2025-04-23 04:27:16,040 [Thread-1607] INFO  server.GrpcServerProtocolClient (GrpcServerProtocolClient.java:close(105)) - omNode-1 Close channels
2025-04-23 04:27:16,040 [omNode-3-impl-thread1] INFO  impl.PendingRequests (PendingRequests.java:sendNotLeaderResponses(287)) - omNode-3@group-523986131536-PendingRequests: sendNotLeaderResponses
2025-04-23 04:27:16,041 [Thread-1608] INFO  server.GrpcServerProtocolClient (GrpcServerProtocolClient.java:close(105)) - omNode-2 Close channels
2025-04-23 04:27:16,041 [omNode-3@group-523986131536->omNode-1-GrpcLogAppender-LogAppenderDaemon] WARN  server.GrpcLogAppender (GrpcLogAppender.java:mayWait(293)) - omNode-3@group-523986131536->omNode-1-GrpcLogAppender: Wait interrupted by java.lang.InterruptedException
2025-04-23 04:27:16,041 [omNode-3@group-523986131536->omNode-2-GrpcLogAppender-LogAppenderDaemon] WARN  server.GrpcLogAppender (GrpcLogAppender.java:mayWait(293)) - omNode-3@group-523986131536->omNode-2-GrpcLogAppender: Wait interrupted by java.lang.InterruptedException
2025-04-23 04:27:16,042 [grpc-default-executor-3] INFO  server.GrpcServerProtocolService (GrpcServerProtocolService.java:onCompleted(157)) - omNode-1: Completed APPEND_ENTRIES, lastRequest: null
2025-04-23 04:27:16,042 [grpc-default-executor-4] INFO  server.GrpcServerProtocolService (GrpcServerProtocolService.java:onCompleted(157)) - omNode-2: Completed APPEND_ENTRIES, lastRequest: omNode-3->omNode-2#3-t4,previous=(t:4, i:33),leaderCommit=33,initializing? false,entries: size=1, first=(t:4, i:34), METADATAENTRY(c:33)
2025-04-23 04:27:16,042 [grpc-default-executor-4] INFO  server.GrpcServerProtocolService (GrpcServerProtocolService.java:lambda$onCompleted$5(159)) - omNode-2: Completed APPEND_ENTRIES, lastReply: null
2025-04-23 04:27:16,042 [grpc-default-executor-3] INFO  server.GrpcServerProtocolService (GrpcServerProtocolService.java:lambda$onCompleted$5(159)) - omNode-1: Completed APPEND_ENTRIES, lastReply: serverReply {
  requestorId: "omNode-3"
  replyId: "omNode-1"
  raftGroupId {
    id: "\311\274L\364;\303<`\246kR9\206\023\0256"
  }
  success: true
}
term: 4
nextIndex: 33
followerCommit: 32
matchIndex: 18446744073709551615
isHearbeat: true

2025-04-23 04:27:16,042 [grpc-default-executor-0] INFO  server.GrpcServerProtocolService (GrpcServerProtocolService.java:onCompleted(157)) - omNode-1: Completed APPEND_ENTRIES, lastRequest: omNode-3->omNode-1#3-t4,previous=(t:4, i:33),leaderCommit=33,initializing? false,entries: size=1, first=(t:4, i:34), METADATAENTRY(c:33)
2025-04-23 04:27:16,042 [grpc-default-executor-0] INFO  server.GrpcServerProtocolService (GrpcServerProtocolService.java:lambda$onCompleted$5(159)) - omNode-1: Completed APPEND_ENTRIES, lastReply: null
2025-04-23 04:27:16,042 [omNode-3-impl-thread1] INFO  impl.StateMachineUpdater (StateMachineUpdater.java:stopAndJoin(164)) - omNode-3@group-523986131536-StateMachineUpdater: set stopIndex = 34
2025-04-23 04:27:16,043 [grpc-default-executor-3] INFO  server.GrpcLogAppender (GrpcLogAppender.java:onCompleted(550)) - omNode-3@group-523986131536->omNode-2-AppendLogResponseHandler: follower responses appendEntries COMPLETED
2025-04-23 04:27:16,043 [grpc-default-executor-1] INFO  server.GrpcLogAppender (GrpcLogAppender.java:onCompleted(550)) - omNode-3@group-523986131536->omNode-1-AppendLogResponseHandler: follower responses appendEntries COMPLETED
2025-04-23 04:27:16,043 [grpc-default-executor-5] INFO  server.GrpcLogAppender (GrpcLogAppender.java:onCompleted(550)) - omNode-3@group-523986131536->omNode-1-AppendLogResponseHandler: follower responses appendEntries COMPLETED
2025-04-23 04:27:16,043 [grpc-default-executor-4] INFO  server.GrpcServerProtocolService (GrpcServerProtocolService.java:onCompleted(157)) - omNode-2: Completed APPEND_ENTRIES, lastRequest: null
2025-04-23 04:27:16,044 [grpc-default-executor-5] WARN  server.GrpcLogAppender (GrpcLogAppender.java:resetClient(230)) - omNode-3@group-523986131536->omNode-1-GrpcLogAppender: Failed to getClient for omNode-1
org.apache.ratis.protocol.exceptions.AlreadyClosedException: omNode-3 is already CLOSED
	at org.apache.ratis.util.PeerProxyMap$PeerAndProxy.getProxy(PeerProxyMap.java:67)
	at org.apache.ratis.util.PeerProxyMap.getProxy(PeerProxyMap.java:124)
	at org.apache.ratis.grpc.server.GrpcLogAppender.getClient(GrpcLogAppender.java:200)
	at org.apache.ratis.grpc.server.GrpcLogAppender.resetClient(GrpcLogAppender.java:205)
	at org.apache.ratis.grpc.server.GrpcLogAppender.access$800(GrpcLogAppender.java:64)
	at org.apache.ratis.grpc.server.GrpcLogAppender$AppendLogResponseHandler.onCompleted(GrpcLogAppender.java:551)
	at org.apache.ratis.thirdparty.io.grpc.stub.ClientCalls$StreamObserverToCallListenerAdapter.onClose(ClientCalls.java:479)
	at org.apache.ratis.thirdparty.io.grpc.internal.ClientCallImpl.closeObserver(ClientCallImpl.java:567)
	at org.apache.ratis.thirdparty.io.grpc.internal.ClientCallImpl.access$300(ClientCallImpl.java:71)
	at org.apache.ratis.thirdparty.io.grpc.internal.ClientCallImpl$ClientStreamListenerImpl$1StreamClosed.runInternal(ClientCallImpl.java:735)
	at org.apache.ratis.thirdparty.io.grpc.internal.ClientCallImpl$ClientStreamListenerImpl$1StreamClosed.runInContext(ClientCallImpl.java:716)
	at org.apache.ratis.thirdparty.io.grpc.internal.ContextRunnable.run(ContextRunnable.java:37)
	at org.apache.ratis.thirdparty.io.grpc.internal.SerializingExecutor.run(SerializingExecutor.java:133)
	at java.base/java.util.concurrent.ThreadPoolExecutor.runWorker(ThreadPoolExecutor.java:1144)
	at java.base/java.util.concurrent.ThreadPoolExecutor$Worker.run(ThreadPoolExecutor.java:642)
	at java.base/java.lang.Thread.run(Thread.java:1583)
2025-04-23 04:27:16,044 [grpc-default-executor-4] INFO  server.GrpcServerProtocolService (GrpcServerProtocolService.java:lambda$onCompleted$5(159)) - omNode-2: Completed APPEND_ENTRIES, lastReply: serverReply {
  requestorId: "omNode-3"
  replyId: "omNode-2"
  raftGroupId {
    id: "\311\274L\364;\303<`\246kR9\206\023\0256"
  }
  callId: 2
  success: true
}
term: 4
nextIndex: 34
followerCommit: 32
matchIndex: 18446744073709551615
isHearbeat: true

2025-04-23 04:27:16,044 [grpc-default-executor-3] WARN  server.GrpcLogAppender (GrpcLogAppender.java:resetClient(230)) - omNode-3@group-523986131536->omNode-2-GrpcLogAppender: Failed to getClient for omNode-2
org.apache.ratis.protocol.exceptions.AlreadyClosedException: omNode-3 is already CLOSED
	at org.apache.ratis.util.PeerProxyMap$PeerAndProxy.getProxy(PeerProxyMap.java:67)
	at org.apache.ratis.util.PeerProxyMap.getProxy(PeerProxyMap.java:124)
	at org.apache.ratis.grpc.server.GrpcLogAppender.getClient(GrpcLogAppender.java:200)
	at org.apache.ratis.grpc.server.GrpcLogAppender.resetClient(GrpcLogAppender.java:205)
	at org.apache.ratis.grpc.server.GrpcLogAppender.access$800(GrpcLogAppender.java:64)
	at org.apache.ratis.grpc.server.GrpcLogAppender$AppendLogResponseHandler.onCompleted(GrpcLogAppender.java:551)
	at org.apache.ratis.thirdparty.io.grpc.stub.ClientCalls$StreamObserverToCallListenerAdapter.onClose(ClientCalls.java:479)
	at org.apache.ratis.thirdparty.io.grpc.internal.ClientCallImpl.closeObserver(ClientCallImpl.java:567)
	at org.apache.ratis.thirdparty.io.grpc.internal.ClientCallImpl.access$300(ClientCallImpl.java:71)
	at org.apache.ratis.thirdparty.io.grpc.internal.ClientCallImpl$ClientStreamListenerImpl$1StreamClosed.runInternal(ClientCallImpl.java:735)
	at org.apache.ratis.thirdparty.io.grpc.internal.ClientCallImpl$ClientStreamListenerImpl$1StreamClosed.runInContext(ClientCallImpl.java:716)
	at org.apache.ratis.thirdparty.io.grpc.internal.ContextRunnable.run(ContextRunnable.java:37)
	at org.apache.ratis.thirdparty.io.grpc.internal.SerializingExecutor.run(SerializingExecutor.java:133)
	at java.base/java.util.concurrent.ThreadPoolExecutor.runWorker(ThreadPoolExecutor.java:1144)
	at java.base/java.util.concurrent.ThreadPoolExecutor$Worker.run(ThreadPoolExecutor.java:642)
	at java.base/java.lang.Thread.run(Thread.java:1583)
2025-04-23 04:27:16,045 [grpc-default-executor-4] INFO  server.GrpcLogAppender (GrpcLogAppender.java:onCompleted(550)) - omNode-3@group-523986131536->omNode-2-AppendLogResponseHandler: follower responses appendEntries COMPLETED
2025-04-23 04:27:16,045 [grpc-default-executor-4] WARN  server.GrpcLogAppender (GrpcLogAppender.java:resetClient(230)) - omNode-3@group-523986131536->omNode-2-GrpcLogAppender: Failed to getClient for omNode-2
org.apache.ratis.protocol.exceptions.AlreadyClosedException: omNode-3 is already CLOSED
	at org.apache.ratis.util.PeerProxyMap$PeerAndProxy.getProxy(PeerProxyMap.java:67)
	at org.apache.ratis.util.PeerProxyMap.getProxy(PeerProxyMap.java:124)
	at org.apache.ratis.grpc.server.GrpcLogAppender.getClient(GrpcLogAppender.java:200)
	at org.apache.ratis.grpc.server.GrpcLogAppender.resetClient(GrpcLogAppender.java:205)
	at org.apache.ratis.grpc.server.GrpcLogAppender.access$800(GrpcLogAppender.java:64)
	at org.apache.ratis.grpc.server.GrpcLogAppender$AppendLogResponseHandler.onCompleted(GrpcLogAppender.java:551)
	at org.apache.ratis.thirdparty.io.grpc.stub.ClientCalls$StreamObserverToCallListenerAdapter.onClose(ClientCalls.java:479)
	at org.apache.ratis.thirdparty.io.grpc.internal.DelayedClientCall$DelayedListener$3.run(DelayedClientCall.java:489)
	at org.apache.ratis.thirdparty.io.grpc.internal.DelayedClientCall$DelayedListener.delayOrExecute(DelayedClientCall.java:453)
	at org.apache.ratis.thirdparty.io.grpc.internal.DelayedClientCall$DelayedListener.onClose(DelayedClientCall.java:486)
	at org.apache.ratis.thirdparty.io.grpc.internal.ClientCallImpl.closeObserver(ClientCallImpl.java:567)
	at org.apache.ratis.thirdparty.io.grpc.internal.ClientCallImpl.access$300(ClientCallImpl.java:71)
	at org.apache.ratis.thirdparty.io.grpc.internal.ClientCallImpl$ClientStreamListenerImpl$1StreamClosed.runInternal(ClientCallImpl.java:735)
	at org.apache.ratis.thirdparty.io.grpc.internal.ClientCallImpl$ClientStreamListenerImpl$1StreamClosed.runInContext(ClientCallImpl.java:716)
	at org.apache.ratis.thirdparty.io.grpc.internal.ContextRunnable.run(ContextRunnable.java:37)
	at org.apache.ratis.thirdparty.io.grpc.internal.SerializingExecutor.run(SerializingExecutor.java:133)
	at java.base/java.util.concurrent.ThreadPoolExecutor.runWorker(ThreadPoolExecutor.java:1144)
	at java.base/java.util.concurrent.ThreadPoolExecutor$Worker.run(ThreadPoolExecutor.java:642)
	at java.base/java.lang.Thread.run(Thread.java:1583)
2025-04-23 04:27:16,045 [grpc-default-executor-1] WARN  server.GrpcLogAppender (GrpcLogAppender.java:resetClient(230)) - omNode-3@group-523986131536->omNode-1-GrpcLogAppender: Failed to getClient for omNode-1
org.apache.ratis.protocol.exceptions.AlreadyClosedException: omNode-3 is already CLOSED
	at org.apache.ratis.util.PeerProxyMap$PeerAndProxy.getProxy(PeerProxyMap.java:67)
	at org.apache.ratis.util.PeerProxyMap.getProxy(PeerProxyMap.java:124)
	at org.apache.ratis.grpc.server.GrpcLogAppender.getClient(GrpcLogAppender.java:200)
	at org.apache.ratis.grpc.server.GrpcLogAppender.resetClient(GrpcLogAppender.java:205)
	at org.apache.ratis.grpc.server.GrpcLogAppender.access$800(GrpcLogAppender.java:64)
	at org.apache.ratis.grpc.server.GrpcLogAppender$AppendLogResponseHandler.onCompleted(GrpcLogAppender.java:551)
	at org.apache.ratis.thirdparty.io.grpc.stub.ClientCalls$StreamObserverToCallListenerAdapter.onClose(ClientCalls.java:479)
	at org.apache.ratis.thirdparty.io.grpc.internal.ClientCallImpl.closeObserver(ClientCallImpl.java:567)
	at org.apache.ratis.thirdparty.io.grpc.internal.ClientCallImpl.access$300(ClientCallImpl.java:71)
	at org.apache.ratis.thirdparty.io.grpc.internal.ClientCallImpl$ClientStreamListenerImpl$1StreamClosed.runInternal(ClientCallImpl.java:735)
	at org.apache.ratis.thirdparty.io.grpc.internal.ClientCallImpl$ClientStreamListenerImpl$1StreamClosed.runInContext(ClientCallImpl.java:716)
	at org.apache.ratis.thirdparty.io.grpc.internal.ContextRunnable.run(ContextRunnable.java:37)
	at org.apache.ratis.thirdparty.io.grpc.internal.SerializingExecutor.run(SerializingExecutor.java:133)
	at java.base/java.util.concurrent.ThreadPoolExecutor.runWorker(ThreadPoolExecutor.java:1144)
	at java.base/java.util.concurrent.ThreadPoolExecutor$Worker.run(ThreadPoolExecutor.java:642)
	at java.base/java.lang.Thread.run(Thread.java:1583)
2025-04-23 04:27:16,046 [main] INFO  server.GrpcService (GrpcService.java:closeImpl(352)) - omNode-3: shutdown server GrpcServerProtocolService successfully
2025-04-23 04:27:16,050 [omNode-3@group-523986131536-StateMachineUpdater] INFO  ratis.OzoneManagerStateMachine (OzoneManagerStateMachine.java:takeSnapshotImpl(510)) - omNode-3: taking snapshot. applied = (t:4, i:34), skipped = 32, notified = (t:4, i:34), current snapshot index = (t:4, i:34), took 7 ms
2025-04-23 04:27:16,050 [omNode-3@group-523986131536-StateMachineUpdater] INFO  impl.StateMachineUpdater (StateMachineUpdater.java:takeSnapshot(303)) - omNode-3@group-523986131536-StateMachineUpdater: Took a snapshot at index 34
2025-04-23 04:27:16,050 [omNode-3@group-523986131536-StateMachineUpdater] INFO  impl.StateMachineUpdater (StateMachineUpdater.java:lambda$new$0(102)) - omNode-3@group-523986131536-StateMachineUpdater: snapshotIndex: updateIncreasingly 32 -> 34
2025-04-23 04:27:16,050 [omNode-3@group-523986131536-StateMachineUpdater] INFO  impl.StateMachineUpdater (StateMachineUpdater.java:stop(141)) - omNode-3@group-523986131536-StateMachineUpdater: closing OzoneManagerStateMachine, lastApplied=(t:4, i:34)
2025-04-23 04:27:16,050 [omNode-3@group-523986131536-StateMachineUpdater] INFO  ratis.OzoneManagerStateMachine (OzoneManagerStateMachine.java:close(550)) - Stopping OzoneManagerStateMachine:omNode-3:group-523986131536.
2025-04-23 04:27:16,050 [omNode-3@group-523986131536-StateMachineUpdater] INFO  ratis.OzoneManagerDoubleBuffer (OzoneManagerDoubleBuffer.java:stopDaemon(500)) - Stopping OMDoubleBuffer flush thread
2025-04-23 04:27:16,050 [omNode-3-OMDoubleBufferFlushThread] INFO  ratis.OzoneManagerDoubleBuffer (OzoneManagerDoubleBuffer.java:canFlush(559)) - OMDoubleBuffer flush thread omNode-3-OMDoubleBufferFlushThread is interrupted and will exit.
2025-04-23 04:27:16,051 [omNode-3@group-523986131536-cacheEviction-AwaitToRun] INFO  util.AwaitToRun (AwaitToRun.java:run(49)) - omNode-3@group-523986131536-cacheEviction-AwaitToRun-AwaitForSignal is interrupted
2025-04-23 04:27:16,860 [omNode-3-impl-thread1] INFO  segmented.SegmentedRaftLogWorker (SegmentedRaftLogWorker.java:close(252)) - omNode-3@group-523986131536-SegmentedRaftLogWorker close()
2025-04-23 04:27:16,861 [JvmPauseMonitor11] INFO  util.JvmPauseMonitor (JvmPauseMonitor.java:run(152)) - JvmPauseMonitor-omNode-3: Stopped
2025-04-23 04:27:16,861 [main] INFO  utils.BackgroundService (BackgroundService.java:shutdown(161)) - Shutting down service KeyDeletingService
2025-04-23 04:27:16,862 [main] INFO  utils.BackgroundService (BackgroundService.java:shutdown(161)) - Shutting down service DirectoryDeletingService
2025-04-23 04:27:16,863 [main] INFO  utils.BackgroundService (BackgroundService.java:shutdown(161)) - Shutting down service OpenKeyCleanupService
2025-04-23 04:27:16,863 [main] INFO  utils.BackgroundService (BackgroundService.java:shutdown(161)) - Shutting down service SstFilteringService
2025-04-23 04:27:16,864 [main] INFO  utils.BackgroundService (BackgroundService.java:shutdown(161)) - Shutting down service SnapshotDeletingService
2025-04-23 04:27:16,864 [main] INFO  utils.BackgroundService (BackgroundService.java:shutdown(161)) - Shutting down service MultipartUploadCleanupService
2025-04-23 04:27:16,865 [main] INFO  handler.ContextHandler (ContextHandler.java:doStop(1159)) - Stopped o.e.j.w.WebAppContext@340ba2b4{ozoneManager,/,null,STOPPED}{file:/home/runner/work/ozone/ozone/hadoop-ozone/integration-test/target/test-classes/webapps/ozoneManager}
2025-04-23 04:27:16,865 [main] INFO  server.AbstractConnector (AbstractConnector.java:doStop(383)) - Stopped ServerConnector@20bf0b97{HTTP/1.1, (http/1.1)}{0.0.0.0:15015}
2025-04-23 04:27:16,865 [main] INFO  server.session (HouseKeeper.java:stopScavenging(149)) - node0 Stopped scavenging
2025-04-23 04:27:16,866 [main] INFO  handler.ContextHandler (ContextHandler.java:doStop(1159)) - Stopped o.e.j.s.ServletContextHandler@55608fd2{static,/static,file:///home/runner/work/ozone/ozone/hadoop-ozone/integration-test/target/test-classes/webapps/static,STOPPED}
2025-04-23 04:27:16,866 [main] INFO  handler.ContextHandler (ContextHandler.java:doStop(1159)) - Stopped o.e.j.s.ServletContextHandler@6f7d893e{logs,/logs,file:///home/runner/work/ozone/ozone/hadoop-ozone/integration-test/target/log,STOPPED}
2025-04-23 04:27:16,866 [main] INFO  rocksdiff.RocksDBCheckpointDiffer (RocksDBCheckpointDiffer.java:close(304)) - Shutting down CompactionDagPruningService.
2025-04-23 04:27:16,868 [main] INFO  snapshot.SnapshotDiffManager (SnapshotDiffManager.java:closeExecutorService(1698)) - Shutting down executorService: 'SnapDiffExecutor'
2025-04-23 04:27:16,869 [main] INFO  utils.BackgroundService (BackgroundService.java:shutdown(161)) - Shutting down service SnapshotDiffCleanupService
2025-04-23 04:27:16,869 [main] INFO  om.OzoneManager (OzoneManager.java:stop(2347)) - omNode-1[localhost:15006]: Stopping Ozone Manager
2025-04-23 04:27:16,869 [main] INFO  ipc.Server (Server.java:stop(3697)) - Stopping server on 15006
2025-04-23 04:27:16,871 [IPC Server listener on 15006] INFO  ipc.Server (Server.java:run(1585)) - Stopping IPC Server listener on 15006
2025-04-23 04:27:16,871 [IPC Server Responder] INFO  ipc.Server (Server.java:run(1718)) - Stopping IPC Server Responder
2025-04-23 04:27:16,871 [main] INFO  ratis.OzoneManagerRatisServer (OzoneManagerRatisServer.java:stop(634)) - Stopping org.apache.hadoop.ozone.om.ratis.OzoneManagerRatisServer@4cd56c1a at port 15009
2025-04-23 04:27:16,872 [main] INFO  server.RaftServer (RaftServerProxy.java:lambda$close$9(417)) - omNode-1: close
2025-04-23 04:27:16,872 [main] INFO  server.GrpcService (GrpcService.java:closeImpl(343)) - omNode-1: shutdown server GrpcServerProtocolService now
2025-04-23 04:27:16,872 [omNode-1-impl-thread1] INFO  server.RaftServer$Division (RaftServerImpl.java:lambda$close$1(513)) - omNode-1@group-523986131536: shutdown
2025-04-23 04:27:16,872 [omNode-1-impl-thread1] INFO  util.JmxRegister (JmxRegister.java:unregister(74)) - Successfully un-registered JMX Bean with object name Ratis:service=RaftServer,group=group-523986131536,id=omNode-1
2025-04-23 04:27:16,872 [omNode-1-impl-thread1] INFO  impl.RoleInfo (RoleInfo.java:shutdownFollowerState(121)) - omNode-1: shutdown omNode-1@group-523986131536-FollowerState
2025-04-23 04:27:16,872 [omNode-1-impl-thread1] INFO  impl.StateMachineUpdater (StateMachineUpdater.java:stopAndJoin(164)) - omNode-1@group-523986131536-StateMachineUpdater: set stopIndex = 33
2025-04-23 04:27:16,872 [omNode-1@group-523986131536-FollowerState] INFO  impl.FollowerState (FollowerState.java:runImpl(170)) - omNode-1@group-523986131536-FollowerState was interrupted
2025-04-23 04:27:16,873 [main] INFO  server.GrpcService (GrpcService.java:closeImpl(352)) - omNode-1: shutdown server GrpcServerProtocolService successfully
2025-04-23 04:27:16,877 [omNode-1@group-523986131536-StateMachineUpdater] INFO  ratis.OzoneManagerStateMachine (OzoneManagerStateMachine.java:takeSnapshotImpl(510)) - omNode-1: taking snapshot. applied = (t:4, i:33), skipped = 31, notified = (t:4, i:33), current snapshot index = (t:4, i:33), took 6 ms
2025-04-23 04:27:16,878 [omNode-1@group-523986131536-StateMachineUpdater] INFO  impl.StateMachineUpdater (StateMachineUpdater.java:takeSnapshot(303)) - omNode-1@group-523986131536-StateMachineUpdater: Took a snapshot at index 33
2025-04-23 04:27:16,878 [omNode-1@group-523986131536-StateMachineUpdater] INFO  impl.StateMachineUpdater (StateMachineUpdater.java:lambda$new$0(102)) - omNode-1@group-523986131536-StateMachineUpdater: snapshotIndex: updateIncreasingly 31 -> 33
2025-04-23 04:27:16,878 [omNode-1@group-523986131536-StateMachineUpdater] INFO  impl.StateMachineUpdater (StateMachineUpdater.java:stop(141)) - omNode-1@group-523986131536-StateMachineUpdater: closing OzoneManagerStateMachine, lastApplied=(t:4, i:33)
2025-04-23 04:27:16,878 [omNode-1@group-523986131536-StateMachineUpdater] INFO  ratis.OzoneManagerStateMachine (OzoneManagerStateMachine.java:close(550)) - Stopping OzoneManagerStateMachine:omNode-1:group-523986131536.
2025-04-23 04:27:16,878 [omNode-1@group-523986131536-StateMachineUpdater] INFO  ratis.OzoneManagerDoubleBuffer (OzoneManagerDoubleBuffer.java:stopDaemon(500)) - Stopping OMDoubleBuffer flush thread
2025-04-23 04:27:16,878 [omNode-1-OMDoubleBufferFlushThread] INFO  ratis.OzoneManagerDoubleBuffer (OzoneManagerDoubleBuffer.java:canFlush(559)) - OMDoubleBuffer flush thread omNode-1-OMDoubleBufferFlushThread is interrupted and will exit.
2025-04-23 04:27:16,878 [omNode-1@group-523986131536-cacheEviction-AwaitToRun] INFO  util.AwaitToRun (AwaitToRun.java:run(49)) - omNode-1@group-523986131536-cacheEviction-AwaitToRun-AwaitForSignal is interrupted
2025-04-23 04:27:17,862 [omNode-1-impl-thread1] INFO  segmented.SegmentedRaftLogWorker (SegmentedRaftLogWorker.java:close(252)) - omNode-1@group-523986131536-SegmentedRaftLogWorker close()
2025-04-23 04:27:17,863 [JvmPauseMonitor12] INFO  util.JvmPauseMonitor (JvmPauseMonitor.java:run(152)) - JvmPauseMonitor-omNode-1: Stopped
2025-04-23 04:27:17,863 [main] INFO  utils.BackgroundService (BackgroundService.java:shutdown(161)) - Shutting down service KeyDeletingService
2025-04-23 04:27:17,864 [main] INFO  utils.BackgroundService (BackgroundService.java:shutdown(161)) - Shutting down service DirectoryDeletingService
2025-04-23 04:27:17,865 [main] INFO  utils.BackgroundService (BackgroundService.java:shutdown(161)) - Shutting down service OpenKeyCleanupService
2025-04-23 04:27:17,865 [main] INFO  utils.BackgroundService (BackgroundService.java:shutdown(161)) - Shutting down service SstFilteringService
2025-04-23 04:27:17,865 [main] INFO  utils.BackgroundService (BackgroundService.java:shutdown(161)) - Shutting down service SnapshotDeletingService
2025-04-23 04:27:17,866 [main] INFO  utils.BackgroundService (BackgroundService.java:shutdown(161)) - Shutting down service MultipartUploadCleanupService
2025-04-23 04:27:17,866 [main] INFO  handler.ContextHandler (ContextHandler.java:doStop(1159)) - Stopped o.e.j.w.WebAppContext@f5ac62f{ozoneManager,/,null,STOPPED}{file:/home/runner/work/ozone/ozone/hadoop-ozone/integration-test/target/test-classes/webapps/ozoneManager}
2025-04-23 04:27:17,867 [main] INFO  server.AbstractConnector (AbstractConnector.java:doStop(383)) - Stopped ServerConnector@2ba9378{HTTP/1.1, (http/1.1)}{0.0.0.0:15007}
2025-04-23 04:27:17,867 [main] INFO  server.session (HouseKeeper.java:stopScavenging(149)) - node0 Stopped scavenging
2025-04-23 04:27:17,867 [main] INFO  handler.ContextHandler (ContextHandler.java:doStop(1159)) - Stopped o.e.j.s.ServletContextHandler@30d2f8df{static,/static,file:///home/runner/work/ozone/ozone/hadoop-ozone/integration-test/target/test-classes/webapps/static,STOPPED}
2025-04-23 04:27:17,867 [main] INFO  handler.ContextHandler (ContextHandler.java:doStop(1159)) - Stopped o.e.j.s.ServletContextHandler@3d794813{logs,/logs,file:///home/runner/work/ozone/ozone/hadoop-ozone/integration-test/target/log,STOPPED}
2025-04-23 04:27:17,868 [main] INFO  rocksdiff.RocksDBCheckpointDiffer (RocksDBCheckpointDiffer.java:close(304)) - Shutting down CompactionDagPruningService.
2025-04-23 04:27:17,870 [main] INFO  snapshot.SnapshotDiffManager (SnapshotDiffManager.java:closeExecutorService(1698)) - Shutting down executorService: 'SnapDiffExecutor'
2025-04-23 04:27:17,870 [main] INFO  utils.BackgroundService (BackgroundService.java:shutdown(161)) - Shutting down service SnapshotDiffCleanupService
2025-04-23 04:27:17,871 [main] INFO  om.OzoneManager (OzoneManager.java:stop(2347)) - omNode-2[localhost:15010]: Stopping Ozone Manager
2025-04-23 04:27:17,871 [main] INFO  ipc.Server (Server.java:stop(3697)) - Stopping server on 15010
2025-04-23 04:27:17,872 [IPC Server Responder] INFO  ipc.Server (Server.java:run(1718)) - Stopping IPC Server Responder
2025-04-23 04:27:17,873 [main] INFO  ratis.OzoneManagerRatisServer (OzoneManagerRatisServer.java:stop(634)) - Stopping org.apache.hadoop.ozone.om.ratis.OzoneManagerRatisServer@4f8f4845 at port 15013
2025-04-23 04:27:17,873 [IPC Server listener on 15010] INFO  ipc.Server (Server.java:run(1585)) - Stopping IPC Server listener on 15010
2025-04-23 04:27:17,873 [main] INFO  server.RaftServer (RaftServerProxy.java:lambda$close$9(417)) - omNode-2: close
2025-04-23 04:27:17,874 [main] INFO  server.GrpcService (GrpcService.java:closeImpl(343)) - omNode-2: shutdown server GrpcServerProtocolService now
2025-04-23 04:27:17,874 [omNode-2-impl-thread1] INFO  server.RaftServer$Division (RaftServerImpl.java:lambda$close$1(513)) - omNode-2@group-523986131536: shutdown
2025-04-23 04:27:17,874 [omNode-2-impl-thread1] INFO  util.JmxRegister (JmxRegister.java:unregister(74)) - Successfully un-registered JMX Bean with object name Ratis:service=RaftServer,group=group-523986131536,id=omNode-2
2025-04-23 04:27:17,874 [omNode-2-impl-thread1] INFO  impl.RoleInfo (RoleInfo.java:shutdownFollowerState(121)) - omNode-2: shutdown omNode-2@group-523986131536-FollowerState
2025-04-23 04:27:17,874 [omNode-2-impl-thread1] INFO  impl.StateMachineUpdater (StateMachineUpdater.java:stopAndJoin(164)) - omNode-2@group-523986131536-StateMachineUpdater: set stopIndex = 33
2025-04-23 04:27:17,874 [omNode-2@group-523986131536-FollowerState] INFO  impl.FollowerState (FollowerState.java:runImpl(170)) - omNode-2@group-523986131536-FollowerState was interrupted
2025-04-23 04:27:17,875 [main] INFO  server.GrpcService (GrpcService.java:closeImpl(352)) - omNode-2: shutdown server GrpcServerProtocolService successfully
2025-04-23 04:27:17,879 [omNode-2@group-523986131536-StateMachineUpdater] INFO  ratis.OzoneManagerStateMachine (OzoneManagerStateMachine.java:takeSnapshotImpl(510)) - omNode-2: taking snapshot. applied = (t:4, i:33), skipped = 31, notified = (t:4, i:33), current snapshot index = (t:4, i:33), took 5 ms
2025-04-23 04:27:17,879 [omNode-2@group-523986131536-StateMachineUpdater] INFO  impl.StateMachineUpdater (StateMachineUpdater.java:takeSnapshot(303)) - omNode-2@group-523986131536-StateMachineUpdater: Took a snapshot at index 33
2025-04-23 04:27:17,879 [omNode-2@group-523986131536-StateMachineUpdater] INFO  impl.StateMachineUpdater (StateMachineUpdater.java:lambda$new$0(102)) - omNode-2@group-523986131536-StateMachineUpdater: snapshotIndex: updateIncreasingly 31 -> 33
2025-04-23 04:27:17,879 [omNode-2@group-523986131536-StateMachineUpdater] INFO  impl.StateMachineUpdater (StateMachineUpdater.java:stop(141)) - omNode-2@group-523986131536-StateMachineUpdater: closing OzoneManagerStateMachine, lastApplied=(t:4, i:33)
2025-04-23 04:27:17,879 [omNode-2@group-523986131536-StateMachineUpdater] INFO  ratis.OzoneManagerStateMachine (OzoneManagerStateMachine.java:close(550)) - Stopping OzoneManagerStateMachine:omNode-2:group-523986131536.
2025-04-23 04:27:17,879 [omNode-2@group-523986131536-StateMachineUpdater] INFO  ratis.OzoneManagerDoubleBuffer (OzoneManagerDoubleBuffer.java:stopDaemon(500)) - Stopping OMDoubleBuffer flush thread
2025-04-23 04:27:17,879 [omNode-2-OMDoubleBufferFlushThread] INFO  ratis.OzoneManagerDoubleBuffer (OzoneManagerDoubleBuffer.java:canFlush(559)) - OMDoubleBuffer flush thread omNode-2-OMDoubleBufferFlushThread is interrupted and will exit.
2025-04-23 04:27:17,879 [omNode-2@group-523986131536-cacheEviction-AwaitToRun] INFO  util.AwaitToRun (AwaitToRun.java:run(49)) - omNode-2@group-523986131536-cacheEviction-AwaitToRun-AwaitForSignal is interrupted
2025-04-23 04:27:18,861 [omNode-2-impl-thread1] INFO  segmented.SegmentedRaftLogWorker (SegmentedRaftLogWorker.java:close(252)) - omNode-2@group-523986131536-SegmentedRaftLogWorker close()
2025-04-23 04:27:18,862 [JvmPauseMonitor13] INFO  util.JvmPauseMonitor (JvmPauseMonitor.java:run(152)) - JvmPauseMonitor-omNode-2: Stopped
2025-04-23 04:27:18,862 [main] INFO  utils.BackgroundService (BackgroundService.java:shutdown(161)) - Shutting down service KeyDeletingService
2025-04-23 04:27:18,862 [main] INFO  utils.BackgroundService (BackgroundService.java:shutdown(161)) - Shutting down service DirectoryDeletingService
2025-04-23 04:27:18,863 [main] INFO  utils.BackgroundService (BackgroundService.java:shutdown(161)) - Shutting down service OpenKeyCleanupService
2025-04-23 04:27:18,864 [main] INFO  utils.BackgroundService (BackgroundService.java:shutdown(161)) - Shutting down service SstFilteringService
2025-04-23 04:27:18,864 [main] INFO  utils.BackgroundService (BackgroundService.java:shutdown(161)) - Shutting down service SnapshotDeletingService
2025-04-23 04:27:18,864 [main] INFO  utils.BackgroundService (BackgroundService.java:shutdown(161)) - Shutting down service MultipartUploadCleanupService
2025-04-23 04:27:18,865 [main] INFO  handler.ContextHandler (ContextHandler.java:doStop(1159)) - Stopped o.e.j.w.WebAppContext@596eca69{ozoneManager,/,null,STOPPED}{file:/home/runner/work/ozone/ozone/hadoop-ozone/integration-test/target/test-classes/webapps/ozoneManager}
2025-04-23 04:27:18,866 [main] INFO  server.AbstractConnector (AbstractConnector.java:doStop(383)) - Stopped ServerConnector@e02a030{HTTP/1.1, (http/1.1)}{0.0.0.0:15011}
2025-04-23 04:27:18,866 [main] INFO  server.session (HouseKeeper.java:stopScavenging(149)) - node0 Stopped scavenging
2025-04-23 04:27:18,866 [main] INFO  handler.ContextHandler (ContextHandler.java:doStop(1159)) - Stopped o.e.j.s.ServletContextHandler@13d97491{static,/static,file:///home/runner/work/ozone/ozone/hadoop-ozone/integration-test/target/test-classes/webapps/static,STOPPED}
2025-04-23 04:27:18,866 [main] INFO  handler.ContextHandler (ContextHandler.java:doStop(1159)) - Stopped o.e.j.s.ServletContextHandler@226ebed4{logs,/logs,file:///home/runner/work/ozone/ozone/hadoop-ozone/integration-test/target/log,STOPPED}
2025-04-23 04:27:18,867 [main] INFO  rocksdiff.RocksDBCheckpointDiffer (RocksDBCheckpointDiffer.java:close(304)) - Shutting down CompactionDagPruningService.
2025-04-23 04:27:18,868 [main] INFO  snapshot.SnapshotDiffManager (SnapshotDiffManager.java:closeExecutorService(1698)) - Shutting down executorService: 'SnapDiffExecutor'
2025-04-23 04:27:18,869 [main] INFO  utils.BackgroundService (BackgroundService.java:shutdown(161)) - Shutting down service SnapshotDiffCleanupService
2025-04-23 04:27:18,869 [main] INFO  om.OzoneManager (OzoneManager.java:restart(1878)) - OzoneManager RPC server is listening at localhost/127.0.0.1:15014
2025-04-23 04:27:18,869 [main] INFO  impl.MetricsSystemImpl (MetricsSystemImpl.java:init(158)) - OzoneManager metrics system started (again)
2025-04-23 04:27:18,881 [main] WARN  server.ServerUtils (ServerUtils.java:getDBPath(297)) - ozone.om.db.dirs is not configured. We recommend adding this setting. Falling back to ozone.metadata.dirs instead.
2025-04-23 04:27:18,920 [main] INFO  om.OzoneManager (OzoneManager.java:instantiateServices(933)) - S3 Multi-Tenancy is disabled
2025-04-23 04:27:18,921 [main] INFO  om.OmSnapshotManager (OmSnapshotManager.java:<init>(180)) - Ozone filesystem snapshot feature is enabled.
2025-04-23 04:27:18,921 [main] WARN  server.ServerUtils (ServerUtils.java:getDBPath(297)) - ozone.om.snapshot.diff.db.dir is not configured. We recommend adding this setting. Falling back to ozone.metadata.dirs instead.
2025-04-23 04:27:18,934 [main] WARN  server.ServerUtils (ServerUtils.java:getDefaultRatisDirectory(309)) - Storage directory for Ratis is not configured. It is a good idea to map this to an SSD disk. Falling back to ozone.metadata.dirs
2025-04-23 04:27:18,935 [main] INFO  server.RaftServerConfigKeys (ConfUtils.java:logGet(46)) - raft.server.log.appender.buffer.byte-limit = 4194304 (custom)
2025-04-23 04:27:18,936 [main] INFO  ratis.OzoneManagerRatisServer (OzoneManagerRatisServer.java:<init>(167)) - Instantiating OM Ratis server with groupID: om-service-test1 and peers: localhost:15017, localhost:15009, localhost:15013
2025-04-23 04:27:18,936 [main] INFO  ratis.OzoneManagerStateMachine (OzoneManagerStateMachine.java:loadSnapshotInfoFromDB(611)) - LastAppliedIndex is set from TransactionInfo from OM DB as (t:4, i:34)
2025-04-23 04:27:18,936 [main] INFO  server.RaftServer (ConfUtils.java:logGet(46)) - raft.rpc.type = GRPC (default)
2025-04-23 04:27:18,937 [main] INFO  grpc.GrpcConfigKeys (ConfUtils.java:logFallback(53)) - raft.grpc.admin.host = null (fallback to raft.grpc.server.host)
2025-04-23 04:27:18,937 [main] INFO  grpc.GrpcConfigKeys (ConfUtils.java:logFallback(53)) - raft.grpc.admin.port = 15017 (fallback to raft.grpc.server.port)
2025-04-23 04:27:18,937 [main] INFO  grpc.GrpcConfigKeys (ConfUtils.java:logFallback(53)) - raft.grpc.client.host = null (fallback to raft.grpc.server.host)
2025-04-23 04:27:18,937 [main] INFO  grpc.GrpcConfigKeys (ConfUtils.java:logFallback(53)) - raft.grpc.client.port = 15017 (fallback to raft.grpc.server.port)
2025-04-23 04:27:18,937 [main] INFO  grpc.GrpcConfigKeys (ConfUtils.java:logGet(46)) - raft.grpc.server.host = null (default)
2025-04-23 04:27:18,937 [main] INFO  grpc.GrpcConfigKeys (ConfUtils.java:logGet(46)) - raft.grpc.server.port = 15017 (custom)
2025-04-23 04:27:18,937 [main] INFO  server.GrpcService (ConfUtils.java:logGet(46)) - raft.grpc.message.size.max = 5242880 (custom)
2025-04-23 04:27:18,937 [main] INFO  server.GrpcService (ConfUtils.java:logGet(46)) - raft.grpc.flow.control.window = 1MB (=1048576) (default)
2025-04-23 04:27:18,937 [main] INFO  server.RaftServerConfigKeys (ConfUtils.java:logGet(46)) - raft.server.rpc.request.timeout = 3000ms (default)
2025-04-23 04:27:18,938 [main] INFO  grpc.GrpcConfigKeys (ConfUtils.java:logGet(46)) - raft.grpc.server.heartbeat.channel = true (default)
2025-04-23 04:27:18,938 [main] INFO  server.RaftServerConfigKeys (ConfUtils.java:logGet(46)) - raft.server.log.appender.buffer.byte-limit = 4194304 (custom)
2025-04-23 04:27:18,938 [main] INFO  grpc.GrpcConfigKeys (ConfUtils.java:logGet(46)) - raft.grpc.server.async.request.thread.pool.cached = true (default)
2025-04-23 04:27:18,938 [main] INFO  grpc.GrpcConfigKeys (ConfUtils.java:logGet(46)) - raft.grpc.server.async.request.thread.pool.size = 32 (default)
2025-04-23 04:27:18,939 [main] INFO  impl.DataStreamServerImpl (ConfUtils.java:logGet(46)) - raft.datastream.type = DISABLED (default)
2025-04-23 04:27:18,939 [main] INFO  server.RaftServerConfigKeys (ConfUtils.java:logGet(46)) - raft.server.sleep.deviation.threshold = 300ms (default)
2025-04-23 04:27:18,939 [main] INFO  server.RaftServerConfigKeys (ConfUtils.java:logGet(46)) - raft.server.close.threshold = 60s (default)
2025-04-23 04:27:18,939 [main] INFO  server.RaftServerConfigKeys (ConfUtils.java:logGet(46)) - raft.server.leaderelection.leader.step-down.wait-time = 10s (default)
2025-04-23 04:27:18,939 [main] INFO  server.RaftServerConfigKeys (ConfUtils.java:logGet(46)) - raft.server.storage.dir = [/home/runner/work/ozone/ozone/hadoop-ozone/integration-test/target/test-dir/MiniOzoneClusterImpl-ff59c164-3798-4a7f-a16d-eeed9ffb3244/omNode-3/ratis] (custom)
2025-04-23 04:27:18,939 [main] INFO  server.RaftServerConfigKeys (ConfUtils.java:logGet(46)) - raft.server.threadpool.proxy.cached = true (default)
2025-04-23 04:27:18,939 [main] INFO  server.RaftServerConfigKeys (ConfUtils.java:logGet(46)) - raft.server.threadpool.proxy.size = 0 (default)
2025-04-23 04:27:18,940 [omNode-3-impl-thread1] INFO  server.RaftServer (RaftServerProxy.java:initGroupDir(265)) - omNode-3: found a subdirectory /home/runner/work/ozone/ozone/hadoop-ozone/integration-test/target/test-dir/MiniOzoneClusterImpl-ff59c164-3798-4a7f-a16d-eeed9ffb3244/omNode-3/ratis/c9bc4cf4-3bc3-3c60-a66b-523986131536
2025-04-23 04:27:18,940 [main] INFO  server.RaftServer (RaftServerProxy.java:addNew(100)) - omNode-3: addNew group-523986131536:[omNode-3|localhost:15017, omNode-1|localhost:15009, omNode-2|localhost:15013] returns group-523986131536:java.util.concurrent.CompletableFuture@a23df88[Not completed]
2025-04-23 04:27:18,940 [main] INFO  om.OzoneManager (OzoneManager.java:initializeRatisServer(2303)) - OzoneManager Ratis server initialized at port 15017
2025-04-23 04:27:18,940 [main] INFO  ratis.OzoneManagerRatisServer (OzoneManagerRatisServer.java:start(628)) - Starting OzoneManagerRatisServer omNode-3 at port 15017
2025-04-23 04:27:18,941 [omNode-3-groupManagement] INFO  server.RaftServer$Division (RaftServerImpl.java:<init>(255)) - omNode-3: new RaftServerImpl for group-523986131536:[omNode-3|localhost:15017, omNode-1|localhost:15009, omNode-2|localhost:15013] with OzoneManagerStateMachine:uninitialized
2025-04-23 04:27:18,941 [omNode-3-groupManagement] INFO  server.RaftServerConfigKeys (ConfUtils.java:logGet(46)) - raft.server.rpc.timeout.min = 1s (custom)
2025-04-23 04:27:18,941 [omNode-3-groupManagement] INFO  server.RaftServerConfigKeys (ConfUtils.java:logGet(46)) - raft.server.rpc.timeout.max = 1200ms (custom)
2025-04-23 04:27:18,941 [omNode-3-groupManagement] INFO  server.RaftServerConfigKeys (ConfUtils.java:logGet(46)) - raft.server.rpc.sleep.time = 25ms (default)
2025-04-23 04:27:18,941 [omNode-3-groupManagement] INFO  server.RaftServerConfigKeys (ConfUtils.java:logGet(46)) - raft.server.rpc.slowness.timeout = 2s (custom)
2025-04-23 04:27:18,941 [omNode-3-groupManagement] INFO  server.RaftServerConfigKeys (ConfUtils.java:logGet(46)) - raft.server.leaderelection.leader.step-down.wait-time = 10s (default)
2025-04-23 04:27:18,941 [omNode-3-groupManagement] INFO  server.RaftServerConfigKeys (ConfUtils.java:logGet(46)) - raft.server.leaderelection.member.majority-add = false (default)
2025-04-23 04:27:18,941 [omNode-3-groupManagement] INFO  server.RaftServerConfigKeys (ConfUtils.java:logGet(46)) - raft.server.sleep.deviation.threshold = 300ms (default)
2025-04-23 04:27:18,941 [omNode-3-groupManagement] INFO  server.RaftServer$Division (ServerState.java:<init>(114)) - omNode-3@group-523986131536: ConfigurationManager, init=conf: {index: -1, cur=peers:[omNode-3|localhost:15017, omNode-1|localhost:15009, omNode-2|localhost:15013]|listeners:[], old=null}, confs=<EMPTY_MAP>
2025-04-23 04:27:18,941 [omNode-3-groupManagement] INFO  server.RaftServerConfigKeys (ConfUtils.java:logGet(46)) - raft.server.notification.no-leader.timeout = 2s (custom)
2025-04-23 04:27:18,941 [omNode-3-groupManagement] INFO  server.RaftServerConfigKeys (ConfUtils.java:logGet(46)) - raft.server.read.timeout = 10s (default)
2025-04-23 04:27:18,941 [omNode-3-groupManagement] INFO  server.RaftServerConfigKeys (ConfUtils.java:logGet(46)) - raft.server.retrycache.expirytime = 30000ms (custom)
2025-04-23 04:27:18,941 [omNode-3-groupManagement] INFO  server.RaftServerConfigKeys (ConfUtils.java:logGet(46)) - raft.server.retrycache.statistics.expirytime = 100ms (default)
2025-04-23 04:27:18,941 [omNode-3-groupManagement] INFO  server.RaftServerConfigKeys (ConfUtils.java:logGet(46)) - raft.server.read.option = DEFAULT (default)
2025-04-23 04:27:18,941 [omNode-3-groupManagement] INFO  server.RaftServerConfigKeys (ConfUtils.java:logGet(46)) - raft.server.read.read-after-write-consistent.write-index-cache.expiry-time = 60s (default)
2025-04-23 04:27:18,944 [omNode-3-groupManagement] INFO  server.RaftServerConfigKeys (ConfUtils.java:logGet(46)) - raft.server.rpc.request.timeout = 3000ms (default)
2025-04-23 04:27:18,944 [omNode-3-groupManagement] INFO  server.RaftServerConfigKeys (ConfUtils.java:logGet(46)) - raft.server.log.appender.install.snapshot.enabled = false (custom)
2025-04-23 04:27:18,944 [omNode-3-groupManagement] INFO  server.RaftServerConfigKeys (ConfUtils.java:logGet(46)) - raft.server.threadpool.server.cached = true (default)
2025-04-23 04:27:18,944 [omNode-3-groupManagement] INFO  server.RaftServerConfigKeys (ConfUtils.java:logGet(46)) - raft.server.threadpool.server.size = 0 (default)
2025-04-23 04:27:18,944 [omNode-3-groupManagement] INFO  server.RaftServerConfigKeys (ConfUtils.java:logGet(46)) - raft.server.threadpool.client.cached = true (default)
2025-04-23 04:27:18,944 [omNode-3-groupManagement] INFO  server.RaftServerConfigKeys (ConfUtils.java:logGet(46)) - raft.server.threadpool.client.size = 0 (default)
2025-04-23 04:27:18,944 [omNode-3-impl-thread1] INFO  server.RaftServerConfigKeys (ConfUtils.java:logGet(46)) - raft.server.storage.free-space.min = 0MB (=0) (default)
2025-04-23 04:27:18,944 [omNode-3-impl-thread1] INFO  server.RaftServerConfigKeys (ConfUtils.java:logGet(46)) - raft.server.log.corruption.policy = EXCEPTION (default)
2025-04-23 04:27:18,944 [omNode-3-impl-thread1] INFO  server.RaftServerConfigKeys (ConfUtils.java:logGet(46)) - raft.server.storage.dir = [/home/runner/work/ozone/ozone/hadoop-ozone/integration-test/target/test-dir/MiniOzoneClusterImpl-ff59c164-3798-4a7f-a16d-eeed9ffb3244/omNode-3/ratis] (custom)
2025-04-23 04:27:18,945 [omNode-3-impl-thread1] INFO  storage.RaftStorageDirectory (RaftStorageDirectoryImpl.java:tryLock(229)) - Lock on /home/runner/work/ozone/ozone/hadoop-ozone/integration-test/target/test-dir/MiniOzoneClusterImpl-ff59c164-3798-4a7f-a16d-eeed9ffb3244/omNode-3/ratis/c9bc4cf4-3bc3-3c60-a66b-523986131536/in_use.lock acquired by nodename 129558@fv-az1441-587
2025-04-23 04:27:18,945 [omNode-3-impl-thread1] INFO  storage.RaftStorage (RaftStorageImpl.java:analyzeAndRecoverStorage(118)) - Read RaftStorageMetadata{term=4, votedFor=omNode-3} from /home/runner/work/ozone/ozone/hadoop-ozone/integration-test/target/test-dir/MiniOzoneClusterImpl-ff59c164-3798-4a7f-a16d-eeed9ffb3244/omNode-3/ratis/c9bc4cf4-3bc3-3c60-a66b-523986131536/current/raft-meta
2025-04-23 04:27:18,945 [omNode-3-impl-thread1] INFO  server.RaftServer$Division (ServerState.java:setRaftConf(386)) - omNode-3@group-523986131536: set configuration conf: {index: 33, cur=peers:[omNode-3|localhost:15017, omNode-1|localhost:15009, omNode-2|localhost:15013]|listeners:[], old=null}
2025-04-23 04:27:18,946 [omNode-3-impl-thread1] INFO  ratis.OzoneManagerStateMachine (OzoneManagerStateMachine.java:lambda$0(138)) - omNode-3: initialize group-523986131536 with (t:4, i:34)
2025-04-23 04:27:18,946 [omNode-3-impl-thread1] INFO  server.RaftServerConfigKeys (ConfUtils.java:logGet(46)) - raft.server.log.use.memory = false (default)
2025-04-23 04:27:18,946 [omNode-3-impl-thread1] INFO  server.RaftServerConfigKeys (ConfUtils.java:logGet(46)) - raft.server.log.purge.gap = 50 (custom)
2025-04-23 04:27:18,946 [omNode-3-impl-thread1] INFO  server.RaftServerConfigKeys (ConfUtils.java:logGet(46)) - raft.server.log.appender.buffer.byte-limit = 4194304 (custom)
2025-04-23 04:27:18,946 [omNode-3-impl-thread1] INFO  server.RaftServerConfigKeys (ConfUtils.java:logGet(46)) - raft.server.log.statemachine.data.read.timeout = 1000ms (default)
2025-04-23 04:27:18,946 [omNode-3-impl-thread1] INFO  server.RaftServerConfigKeys (ConfUtils.java:logGet(46)) - raft.server.log.purge.preservation.log.num = 0 (default)
2025-04-23 04:27:18,947 [omNode-3-impl-thread1] INFO  server.RaftServerConfigKeys (ConfUtils.java:logGet(46)) - raft.server.log.segment.size.max = 4194304 (custom)
2025-04-23 04:27:18,947 [omNode-3-impl-thread1] INFO  server.RaftServerConfigKeys (ConfUtils.java:logGet(46)) - raft.server.log.segment.cache.num.max = 2 (custom)
2025-04-23 04:27:18,947 [omNode-3-impl-thread1] INFO  server.RaftServerConfigKeys (ConfUtils.java:logGet(46)) - raft.server.log.segment.cache.size.max = 200MB (=209715200) (default)
2025-04-23 04:27:18,947 [omNode-3-impl-thread1] INFO  server.RaftServerConfigKeys (ConfUtils.java:logGet(46)) - raft.server.log.appender.buffer.byte-limit = 4194304 (custom)
2025-04-23 04:27:18,947 [omNode-3-impl-thread1] INFO  util.AwaitToRun (AwaitToRun.java:start(81)) - Thread[#2088,omNode-3@group-523986131536-cacheEviction-AwaitToRun,5,main] started
2025-04-23 04:27:18,947 [omNode-3-impl-thread1] INFO  segmented.SegmentedRaftLogWorker (SegmentedRaftLogWorker.java:<init>(188)) - new omNode-3@group-523986131536-SegmentedRaftLogWorker for RaftStorageImpl:Storage Directory /home/runner/work/ozone/ozone/hadoop-ozone/integration-test/target/test-dir/MiniOzoneClusterImpl-ff59c164-3798-4a7f-a16d-eeed9ffb3244/omNode-3/ratis/c9bc4cf4-3bc3-3c60-a66b-523986131536
2025-04-23 04:27:18,947 [omNode-3-impl-thread1] INFO  server.RaftServerConfigKeys (ConfUtils.java:logGet(46)) - raft.server.log.queue.byte-limit = 64MB (=67108864) (default)
2025-04-23 04:27:18,947 [omNode-3-impl-thread1] INFO  server.RaftServerConfigKeys (ConfUtils.java:logGet(46)) - raft.server.log.queue.element-limit = 4096 (default)
2025-04-23 04:27:18,947 [omNode-3-impl-thread1] INFO  server.RaftServerConfigKeys (ConfUtils.java:logGet(46)) - raft.server.log.segment.size.max = 4194304 (custom)
2025-04-23 04:27:18,948 [omNode-3-impl-thread1] INFO  server.RaftServerConfigKeys (ConfUtils.java:logGet(46)) - raft.server.log.preallocated.size = 4194304 (custom)
2025-04-23 04:27:18,948 [omNode-3-impl-thread1] INFO  server.RaftServerConfigKeys (ConfUtils.java:logGet(46)) - raft.server.log.force.sync.num = 128 (default)
2025-04-23 04:27:18,948 [omNode-3-impl-thread1] INFO  server.RaftServerConfigKeys (ConfUtils.java:logGet(46)) - raft.server.log.statemachine.data.sync = true (default)
2025-04-23 04:27:18,948 [omNode-3-impl-thread1] INFO  server.RaftServerConfigKeys (ConfUtils.java:logGet(46)) - raft.server.log.statemachine.data.sync.timeout = 10s (default)
2025-04-23 04:27:18,948 [omNode-3-impl-thread1] INFO  server.RaftServerConfigKeys (ConfUtils.java:logGet(46)) - raft.server.log.statemachine.data.sync.timeout.retry = -1 (default)
2025-04-23 04:27:18,948 [omNode-3-impl-thread1] INFO  server.RaftServerConfigKeys (ConfUtils.java:logGet(46)) - raft.server.log.write.buffer.size = 4194312 (custom)
2025-04-23 04:27:18,948 [omNode-3-impl-thread1] INFO  server.RaftServerConfigKeys (ConfUtils.java:logGet(46)) - raft.server.log.appender.buffer.byte-limit = 4194304 (custom)
2025-04-23 04:27:18,948 [omNode-3-impl-thread1] INFO  server.RaftServerConfigKeys (ConfUtils.java:logGet(46)) - raft.server.log.unsafe-flush.enabled = false (default)
2025-04-23 04:27:18,948 [omNode-3-impl-thread1] INFO  server.RaftServerConfigKeys (ConfUtils.java:logGet(46)) - raft.server.log.async-flush.enabled = false (default)
2025-04-23 04:27:18,948 [omNode-3-impl-thread1] INFO  server.RaftServerConfigKeys (ConfUtils.java:logGet(46)) - raft.server.log.statemachine.data.caching.enabled = false (default)
2025-04-23 04:27:18,949 [omNode-3-impl-thread1] INFO  server.RaftServer$Division (ServerState.java:setRaftConf(386)) - omNode-3@group-523986131536: set configuration conf: {index: 0, cur=peers:[omNode-3|localhost:15017, omNode-1|localhost:15009, omNode-2|localhost:15013]|listeners:[], old=null}
2025-04-23 04:27:18,950 [omNode-3-impl-thread1] INFO  segmented.LogSegment (LogSegment.java:loadSegment(171)) - Successfully read 21 entries from segment file /home/runner/work/ozone/ozone/hadoop-ozone/integration-test/target/test-dir/MiniOzoneClusterImpl-ff59c164-3798-4a7f-a16d-eeed9ffb3244/omNode-3/ratis/c9bc4cf4-3bc3-3c60-a66b-523986131536/current/log_0-20
2025-04-23 04:27:18,950 [omNode-3-impl-thread1] INFO  server.RaftServer$Division (ServerState.java:setRaftConf(386)) - omNode-3@group-523986131536: set configuration conf: {index: 21, cur=peers:[omNode-3|localhost:15017, omNode-1|localhost:15009, omNode-2|localhost:15013]|listeners:[], old=null}
2025-04-23 04:27:18,950 [omNode-3-impl-thread1] INFO  segmented.LogSegment (LogSegment.java:loadSegment(171)) - Successfully read 10 entries from segment file /home/runner/work/ozone/ozone/hadoop-ozone/integration-test/target/test-dir/MiniOzoneClusterImpl-ff59c164-3798-4a7f-a16d-eeed9ffb3244/omNode-3/ratis/c9bc4cf4-3bc3-3c60-a66b-523986131536/current/log_21-30
2025-04-23 04:27:18,950 [omNode-3-impl-thread1] INFO  server.RaftServer$Division (ServerState.java:setRaftConf(386)) - omNode-3@group-523986131536: set configuration conf: {index: 31, cur=peers:[omNode-3|localhost:15017, omNode-1|localhost:15009, omNode-2|localhost:15013]|listeners:[], old=null}
2025-04-23 04:27:18,951 [omNode-3-impl-thread1] INFO  segmented.LogSegment (LogSegment.java:loadSegment(171)) - Successfully read 2 entries from segment file /home/runner/work/ozone/ozone/hadoop-ozone/integration-test/target/test-dir/MiniOzoneClusterImpl-ff59c164-3798-4a7f-a16d-eeed9ffb3244/omNode-3/ratis/c9bc4cf4-3bc3-3c60-a66b-523986131536/current/log_31-32
2025-04-23 04:27:18,951 [omNode-3-impl-thread1] INFO  server.RaftServer$Division (ServerState.java:setRaftConf(386)) - omNode-3@group-523986131536: set configuration conf: {index: 33, cur=peers:[omNode-3|localhost:15017, omNode-1|localhost:15009, omNode-2|localhost:15013]|listeners:[], old=null}
2025-04-23 04:27:18,951 [omNode-3-impl-thread1] INFO  segmented.LogSegment (LogSegment.java:loadSegment(171)) - Successfully read 2 entries from segment file /home/runner/work/ozone/ozone/hadoop-ozone/integration-test/target/test-dir/MiniOzoneClusterImpl-ff59c164-3798-4a7f-a16d-eeed9ffb3244/omNode-3/ratis/c9bc4cf4-3bc3-3c60-a66b-523986131536/current/log_inprogress_33
2025-04-23 04:27:18,951 [omNode-3-impl-thread1] INFO  segmented.SegmentedRaftLogWorker (SegmentedRaftLogWorker.java:lambda$new$0(139)) - omNode-3@group-523986131536-SegmentedRaftLogWorker: flushIndex: setUnconditionally 0 -> 34
2025-04-23 04:27:18,951 [omNode-3-impl-thread1] INFO  segmented.SegmentedRaftLogWorker (SegmentedRaftLogWorker.java:lambda$new$0(139)) - omNode-3@group-523986131536-SegmentedRaftLogWorker: safeCacheEvictIndex: setUnconditionally 0 -> 32
2025-04-23 04:27:18,951 [omNode-3-impl-thread1] INFO  segmented.BufferedWriteChannel (BufferedWriteChannel.java:open(61)) - open log_inprogress_33 (append) at position 125
2025-04-23 04:27:18,951 [omNode-3-impl-thread1] INFO  server.RaftServer$Division (RaftServerImpl.java:start(391)) - omNode-3@group-523986131536: start as a follower, conf=conf: {index: 33, cur=peers:[omNode-3|localhost:15017, omNode-1|localhost:15009, omNode-2|localhost:15013]|listeners:[], old=null}
2025-04-23 04:27:18,951 [omNode-3-impl-thread1] INFO  server.RaftServer$Division (RaftServerImpl.java:setRole(378)) - omNode-3@group-523986131536: changes role from      null to FOLLOWER at term 4 for startAsFollower
2025-04-23 04:27:18,951 [omNode-3-impl-thread1] INFO  impl.RoleInfo (RoleInfo.java:updateAndGet(148)) - omNode-3: start omNode-3@group-523986131536-FollowerState
2025-04-23 04:27:18,952 [omNode-3-impl-thread1] INFO  util.JmxRegister (JmxRegister.java:tryRegister(44)) - Successfully registered JMX Bean with object name Ratis:service=RaftServer,group=group-523986131536,id=omNode-3
2025-04-23 04:27:18,952 [omNode-3-impl-thread1] INFO  util.JmxRegister (JmxRegister.java:register(58)) - register mxBean class org.apache.ratis.server.impl.RaftServerJmxAdapter as Ratis:service=RaftServer,group=group-523986131536,id=omNode-3
2025-04-23 04:27:18,952 [omNode-3-impl-thread1] INFO  server.RaftServerConfigKeys (ConfUtils.java:logGet(46)) - raft.server.snapshot.trigger-when-stop.enabled = true (default)
2025-04-23 04:27:18,952 [omNode-3-impl-thread1] INFO  server.RaftServerConfigKeys (ConfUtils.java:logGet(46)) - raft.server.snapshot.trigger-when-remove.enabled = true (default)
2025-04-23 04:27:18,952 [omNode-3-impl-thread1] INFO  server.RaftServerConfigKeys (ConfUtils.java:logGet(46)) - raft.server.snapshot.auto.trigger.enabled = true (custom)
2025-04-23 04:27:18,952 [omNode-3-impl-thread1] INFO  server.RaftServerConfigKeys (ConfUtils.java:logGet(46)) - raft.server.snapshot.auto.trigger.threshold = 50 (custom)
2025-04-23 04:27:18,952 [omNode-3@group-523986131536-FollowerState] INFO  server.RaftServerConfigKeys (ConfUtils.java:logFallback(53)) - raft.server.rpc.first-election.timeout.min = 1s (fallback to raft.server.rpc.timeout.min)
2025-04-23 04:27:18,952 [omNode-3-impl-thread1] INFO  server.RaftServerConfigKeys (ConfUtils.java:logGet(46)) - raft.server.snapshot.retention.file.num = -1 (default)
2025-04-23 04:27:18,952 [omNode-3-impl-thread1] INFO  server.RaftServerConfigKeys (ConfUtils.java:logGet(46)) - raft.server.log.purge.upto.snapshot.index = true (custom)
2025-04-23 04:27:18,952 [omNode-3@group-523986131536-FollowerState] INFO  server.RaftServerConfigKeys (ConfUtils.java:logFallback(53)) - raft.server.rpc.first-election.timeout.max = 1200ms (fallback to raft.server.rpc.timeout.max)
2025-04-23 04:27:18,953 [omNode-3-impl-thread1] INFO  server.RaftServer$Division (RaftServerImpl.java:start(405)) - omNode-3@group-523986131536: Successfully started.
2025-04-23 04:27:18,953 [main] INFO  server.RaftServer (RaftServerProxy.java:startImpl(407)) - omNode-3: start RPC server
2025-04-23 04:27:18,953 [main] INFO  server.GrpcService (GrpcService.java:startImpl(334)) - omNode-3: GrpcService started, listening on 15017
2025-04-23 04:27:18,953 [main] INFO  om.OzoneManager (OzoneManager.java:getRpcServer(1360)) - Creating RPC Server
2025-04-23 04:27:18,954 [JvmPauseMonitor14] INFO  util.JvmPauseMonitor (JvmPauseMonitor.java:run(146)) - JvmPauseMonitor-omNode-3: Started
2025-04-23 04:27:19,252 [main] INFO  reflections.Reflections (Reflections.java:scan(219)) - Reflections took 298 ms to scan 22 urls, producing 61 keys and 7422 values
2025-04-23 04:27:19,254 [main] INFO  ipc.CallQueueManager (CallQueueManager.java:<init>(93)) - Using callQueue: class java.util.concurrent.LinkedBlockingQueue, queueCapacity: 2000, scheduler: class org.apache.hadoop.ipc.DefaultRpcScheduler, ipcBackoff: false, ipcFailOver: false.
2025-04-23 04:27:19,254 [main] INFO  ipc.Server (Server.java:<init>(1438)) - Listener at localhost:15014
2025-04-23 04:27:19,255 [Socket Reader #1 for port 15014] INFO  ipc.Server (Server.java:run(1474)) - Starting Socket Reader #1 for port 15014
2025-04-23 04:27:19,255 [Socket Reader #2 for port 15014] INFO  ipc.Server (Server.java:run(1474)) - Starting Socket Reader #2 for port 15014
2025-04-23 04:27:19,255 [Socket Reader #3 for port 15014] INFO  ipc.Server (Server.java:run(1474)) - Starting Socket Reader #3 for port 15014
2025-04-23 04:27:19,255 [Socket Reader #4 for port 15014] INFO  ipc.Server (Server.java:run(1474)) - Starting Socket Reader #4 for port 15014
2025-04-23 04:27:19,255 [Socket Reader #5 for port 15014] INFO  ipc.Server (Server.java:run(1474)) - Starting Socket Reader #5 for port 15014
2025-04-23 04:27:19,255 [Socket Reader #6 for port 15014] INFO  ipc.Server (Server.java:run(1474)) - Starting Socket Reader #6 for port 15014
2025-04-23 04:27:19,256 [Socket Reader #7 for port 15014] INFO  ipc.Server (Server.java:run(1474)) - Starting Socket Reader #7 for port 15014
2025-04-23 04:27:19,256 [Socket Reader #8 for port 15014] INFO  ipc.Server (Server.java:run(1474)) - Starting Socket Reader #8 for port 15014
2025-04-23 04:27:19,256 [Socket Reader #9 for port 15014] INFO  ipc.Server (Server.java:run(1474)) - Starting Socket Reader #9 for port 15014
2025-04-23 04:27:19,256 [Socket Reader #10 for port 15014] INFO  ipc.Server (Server.java:run(1474)) - Starting Socket Reader #10 for port 15014
2025-04-23 04:27:19,259 [main] INFO  http.BaseHttpServer (BaseHttpServer.java:newHttpServer2BuilderForOzone(229)) - Starting Web-server for ozoneManager at: http://0.0.0.0:15015
2025-04-23 04:27:19,259 [main] INFO  http.BaseHttpServer (BaseHttpServer.java:<init>(107)) - Hadoop Security Enabled: false Ozone Security Enabled: false Ozone HTTP Security Enabled: false 
2025-04-23 04:27:19,260 [main] WARN  server.AuthenticationFilter (AuthenticationFilter.java:constructSecretProvider(240)) - Unable to initialize FileSignerSecretProvider, falling back to use random secrets. Reason: Could not read signature secret file: /home/runner/hadoop-http-auth-signature-secret
2025-04-23 04:27:19,263 [main] INFO  http.HttpServer2 (HttpServer2.java:addGlobalFilter(1041)) - Added global filter 'safety' (class=org.apache.hadoop.hdds.server.http.HttpServer2$QuotingInputFilter)
2025-04-23 04:27:19,263 [main] INFO  http.HttpServer2 (HttpServer2.java:addFilter(1017)) - Added filter static_user_filter (class=org.apache.hadoop.http.lib.StaticUserWebFilter$StaticUserFilter) to context ozoneManager
2025-04-23 04:27:19,263 [main] INFO  http.HttpServer2 (HttpServer2.java:addFilter(1025)) - Added filter static_user_filter (class=org.apache.hadoop.http.lib.StaticUserWebFilter$StaticUserFilter) to context logs
2025-04-23 04:27:19,264 [main] INFO  http.HttpServer2 (HttpServer2.java:addFilter(1025)) - Added filter static_user_filter (class=org.apache.hadoop.http.lib.StaticUserWebFilter$StaticUserFilter) to context static
2025-04-23 04:27:19,264 [main] INFO  http.BaseHttpServer (BaseHttpServer.java:<init>(195)) - HTTP server of ozoneManager uses base directory /home/runner/work/ozone/ozone/hadoop-ozone/integration-test/target/test-dir/MiniOzoneClusterImpl-ff59c164-3798-4a7f-a16d-eeed9ffb3244/omNode-3/webserver
2025-04-23 04:27:19,264 [main] INFO  http.HttpServer2 (HttpServer2.java:bindListener(1241)) - Jetty bound to port 15015
2025-04-23 04:27:19,264 [main] INFO  server.Server (Server.java:doStart(375)) - jetty-9.4.57.v20241219; built: 2025-01-08T21:24:30.412Z; git: df524e6b29271c2e09ba9aea83c18dc9db464a31; jvm 21.0.7+6-LTS
2025-04-23 04:27:19,266 [main] INFO  server.session (DefaultSessionIdManager.java:doStart(334)) - DefaultSessionIdManager workerName=node0
2025-04-23 04:27:19,266 [main] INFO  server.session (DefaultSessionIdManager.java:doStart(339)) - No SessionScavenger set, using defaults
2025-04-23 04:27:19,266 [main] INFO  server.session (HouseKeeper.java:startScavenging(132)) - node0 Scavenging every 660000ms
2025-04-23 04:27:19,267 [main] INFO  handler.ContextHandler (ContextHandler.java:doStart(921)) - Started o.e.j.s.ServletContextHandler@7906c433{logs,/logs,file:///home/runner/work/ozone/ozone/hadoop-ozone/integration-test/target/log,AVAILABLE}
2025-04-23 04:27:19,267 [main] INFO  handler.ContextHandler (ContextHandler.java:doStart(921)) - Started o.e.j.s.ServletContextHandler@49389adf{static,/static,file:///home/runner/work/ozone/ozone/hadoop-ozone/integration-test/target/test-classes/webapps/static,AVAILABLE}
2025-04-23 04:27:19,271 [main] INFO  handler.ContextHandler (ContextHandler.java:doStart(921)) - Started o.e.j.w.WebAppContext@56b0d122{ozoneManager,/,file:///home/runner/work/ozone/ozone/hadoop-ozone/integration-test/target/test-classes/webapps/ozoneManager/,AVAILABLE}{file:/home/runner/work/ozone/ozone/hadoop-ozone/integration-test/target/test-classes/webapps/ozoneManager}
2025-04-23 04:27:19,272 [main] INFO  server.AbstractConnector (AbstractConnector.java:doStart(333)) - Started ServerConnector@5a1448d8{HTTP/1.1, (http/1.1)}{0.0.0.0:15015}
2025-04-23 04:27:19,272 [main] INFO  server.Server (Server.java:doStart(415)) - Started @42690ms
2025-04-23 04:27:19,272 [main] WARN  impl.MetricsSystemImpl (MetricsSystemImpl.java:register(279)) - Sink prometheus already exists!
2025-04-23 04:27:19,272 [main] INFO  http.BaseHttpServer (BaseHttpServer.java:updateConnectorAddress(360)) - HTTP server of ozoneManager listening at http://0.0.0.0:15015
2025-04-23 04:27:19,273 [IPC Server Responder] INFO  ipc.Server (Server.java:run(1713)) - IPC Server Responder: starting
2025-04-23 04:27:19,273 [IPC Server listener on 15014] INFO  ipc.Server (Server.java:run(1553)) - IPC Server listener on 15014: starting
2025-04-23 04:27:19,275 [main] INFO  om.OzoneManager (OzoneManager.java:startTrashEmptier(2257)) - Trash Interval set to 0. Files deleted won't move to trash
2025-04-23 04:27:19,275 [main] INFO  om.OzoneManager (OzoneManager.java:restart(1878)) - OzoneManager RPC server is listening at localhost/127.0.0.1:15006
2025-04-23 04:27:19,275 [main] INFO  impl.MetricsSystemImpl (MetricsSystemImpl.java:init(158)) - OzoneManager metrics system started (again)
2025-04-23 04:27:19,286 [main] WARN  server.ServerUtils (ServerUtils.java:getDBPath(297)) - ozone.om.db.dirs is not configured. We recommend adding this setting. Falling back to ozone.metadata.dirs instead.
2025-04-23 04:27:19,326 [main] INFO  om.OzoneManager (OzoneManager.java:instantiateServices(933)) - S3 Multi-Tenancy is disabled
2025-04-23 04:27:19,326 [main] INFO  om.OmSnapshotManager (OmSnapshotManager.java:<init>(180)) - Ozone filesystem snapshot feature is enabled.
2025-04-23 04:27:19,327 [main] WARN  server.ServerUtils (ServerUtils.java:getDBPath(297)) - ozone.om.snapshot.diff.db.dir is not configured. We recommend adding this setting. Falling back to ozone.metadata.dirs instead.
2025-04-23 04:27:19,340 [main] WARN  dropwizard3.Dm3MetricRegistriesImpl (Dm3MetricRegistriesImpl.java:addReporterRegistration(114)) - New reporters are added after registries were created. Some metrics will be missing from the reporter. Please add reporter before adding any new registry.
2025-04-23 04:27:19,340 [main] WARN  dropwizard3.Dm3MetricRegistriesImpl (Dm3MetricRegistriesImpl.java:addReporterRegistration(114)) - New reporters are added after registries were created. Some metrics will be missing from the reporter. Please add reporter before adding any new registry.
2025-04-23 04:27:19,340 [main] WARN  server.ServerUtils (ServerUtils.java:getDefaultRatisDirectory(309)) - Storage directory for Ratis is not configured. It is a good idea to map this to an SSD disk. Falling back to ozone.metadata.dirs
2025-04-23 04:27:19,340 [main] INFO  server.RaftServerConfigKeys (ConfUtils.java:logGet(46)) - raft.server.log.appender.buffer.byte-limit = 4194304 (custom)
2025-04-23 04:27:19,341 [main] INFO  ratis.OzoneManagerRatisServer (OzoneManagerRatisServer.java:<init>(167)) - Instantiating OM Ratis server with groupID: om-service-test1 and peers: localhost:15009, localhost:15017, localhost:15013
2025-04-23 04:27:19,342 [main] INFO  ratis.OzoneManagerStateMachine (OzoneManagerStateMachine.java:loadSnapshotInfoFromDB(611)) - LastAppliedIndex is set from TransactionInfo from OM DB as (t:4, i:33)
2025-04-23 04:27:19,342 [main] INFO  server.RaftServer (ConfUtils.java:logGet(46)) - raft.rpc.type = GRPC (default)
2025-04-23 04:27:19,342 [main] INFO  grpc.GrpcConfigKeys (ConfUtils.java:logFallback(53)) - raft.grpc.admin.host = null (fallback to raft.grpc.server.host)
2025-04-23 04:27:19,342 [main] INFO  grpc.GrpcConfigKeys (ConfUtils.java:logFallback(53)) - raft.grpc.admin.port = 15009 (fallback to raft.grpc.server.port)
2025-04-23 04:27:19,342 [main] INFO  grpc.GrpcConfigKeys (ConfUtils.java:logFallback(53)) - raft.grpc.client.host = null (fallback to raft.grpc.server.host)
2025-04-23 04:27:19,342 [main] INFO  grpc.GrpcConfigKeys (ConfUtils.java:logFallback(53)) - raft.grpc.client.port = 15009 (fallback to raft.grpc.server.port)
2025-04-23 04:27:19,343 [main] INFO  grpc.GrpcConfigKeys (ConfUtils.java:logGet(46)) - raft.grpc.server.host = null (default)
2025-04-23 04:27:19,343 [main] INFO  grpc.GrpcConfigKeys (ConfUtils.java:logGet(46)) - raft.grpc.server.port = 15009 (custom)
2025-04-23 04:27:19,343 [main] INFO  server.GrpcService (ConfUtils.java:logGet(46)) - raft.grpc.message.size.max = 5242880 (custom)
2025-04-23 04:27:19,343 [main] INFO  server.GrpcService (ConfUtils.java:logGet(46)) - raft.grpc.flow.control.window = 1MB (=1048576) (default)
2025-04-23 04:27:19,343 [main] INFO  server.RaftServerConfigKeys (ConfUtils.java:logGet(46)) - raft.server.rpc.request.timeout = 3000ms (default)
2025-04-23 04:27:19,343 [main] INFO  grpc.GrpcConfigKeys (ConfUtils.java:logGet(46)) - raft.grpc.server.heartbeat.channel = true (default)
2025-04-23 04:27:19,343 [main] INFO  server.RaftServerConfigKeys (ConfUtils.java:logGet(46)) - raft.server.log.appender.buffer.byte-limit = 4194304 (custom)
2025-04-23 04:27:19,343 [main] INFO  grpc.GrpcConfigKeys (ConfUtils.java:logGet(46)) - raft.grpc.server.async.request.thread.pool.cached = true (default)
2025-04-23 04:27:19,343 [main] INFO  grpc.GrpcConfigKeys (ConfUtils.java:logGet(46)) - raft.grpc.server.async.request.thread.pool.size = 32 (default)
2025-04-23 04:27:19,344 [main] INFO  impl.DataStreamServerImpl (ConfUtils.java:logGet(46)) - raft.datastream.type = DISABLED (default)
2025-04-23 04:27:19,344 [main] INFO  server.RaftServerConfigKeys (ConfUtils.java:logGet(46)) - raft.server.sleep.deviation.threshold = 300ms (default)
2025-04-23 04:27:19,344 [main] INFO  server.RaftServerConfigKeys (ConfUtils.java:logGet(46)) - raft.server.close.threshold = 60s (default)
2025-04-23 04:27:19,344 [main] INFO  server.RaftServerConfigKeys (ConfUtils.java:logGet(46)) - raft.server.leaderelection.leader.step-down.wait-time = 10s (default)
2025-04-23 04:27:19,345 [main] INFO  server.RaftServerConfigKeys (ConfUtils.java:logGet(46)) - raft.server.storage.dir = [/home/runner/work/ozone/ozone/hadoop-ozone/integration-test/target/test-dir/MiniOzoneClusterImpl-ff59c164-3798-4a7f-a16d-eeed9ffb3244/omNode-1/ratis] (custom)
2025-04-23 04:27:19,345 [main] INFO  server.RaftServerConfigKeys (ConfUtils.java:logGet(46)) - raft.server.threadpool.proxy.cached = true (default)
2025-04-23 04:27:19,345 [main] INFO  server.RaftServerConfigKeys (ConfUtils.java:logGet(46)) - raft.server.threadpool.proxy.size = 0 (default)
2025-04-23 04:27:19,345 [omNode-1-impl-thread1] INFO  server.RaftServer (RaftServerProxy.java:initGroupDir(265)) - omNode-1: found a subdirectory /home/runner/work/ozone/ozone/hadoop-ozone/integration-test/target/test-dir/MiniOzoneClusterImpl-ff59c164-3798-4a7f-a16d-eeed9ffb3244/omNode-1/ratis/c9bc4cf4-3bc3-3c60-a66b-523986131536
2025-04-23 04:27:19,346 [main] INFO  server.RaftServer (RaftServerProxy.java:addNew(100)) - omNode-1: addNew group-523986131536:[omNode-3|localhost:15017, omNode-1|localhost:15009, omNode-2|localhost:15013] returns group-523986131536:java.util.concurrent.CompletableFuture@12d284a8[Not completed]
2025-04-23 04:27:19,346 [main] INFO  om.OzoneManager (OzoneManager.java:initializeRatisServer(2303)) - OzoneManager Ratis server initialized at port 15009
2025-04-23 04:27:19,346 [main] INFO  ratis.OzoneManagerRatisServer (OzoneManagerRatisServer.java:start(628)) - Starting OzoneManagerRatisServer omNode-1 at port 15009
2025-04-23 04:27:19,346 [omNode-1-groupManagement] INFO  server.RaftServer$Division (RaftServerImpl.java:<init>(255)) - omNode-1: new RaftServerImpl for group-523986131536:[omNode-3|localhost:15017, omNode-1|localhost:15009, omNode-2|localhost:15013] with OzoneManagerStateMachine:uninitialized
2025-04-23 04:27:19,346 [omNode-1-groupManagement] INFO  server.RaftServerConfigKeys (ConfUtils.java:logGet(46)) - raft.server.rpc.timeout.min = 1s (custom)
2025-04-23 04:27:19,346 [omNode-1-groupManagement] INFO  server.RaftServerConfigKeys (ConfUtils.java:logGet(46)) - raft.server.rpc.timeout.max = 1200ms (custom)
2025-04-23 04:27:19,346 [omNode-1-groupManagement] INFO  server.RaftServerConfigKeys (ConfUtils.java:logGet(46)) - raft.server.rpc.sleep.time = 25ms (default)
2025-04-23 04:27:19,346 [omNode-1-groupManagement] INFO  server.RaftServerConfigKeys (ConfUtils.java:logGet(46)) - raft.server.rpc.slowness.timeout = 2s (custom)
2025-04-23 04:27:19,346 [omNode-1-groupManagement] INFO  server.RaftServerConfigKeys (ConfUtils.java:logGet(46)) - raft.server.leaderelection.leader.step-down.wait-time = 10s (default)
2025-04-23 04:27:19,346 [omNode-1-groupManagement] INFO  server.RaftServerConfigKeys (ConfUtils.java:logGet(46)) - raft.server.leaderelection.member.majority-add = false (default)
2025-04-23 04:27:19,346 [omNode-1-groupManagement] INFO  server.RaftServerConfigKeys (ConfUtils.java:logGet(46)) - raft.server.sleep.deviation.threshold = 300ms (default)
2025-04-23 04:27:19,346 [omNode-1-groupManagement] INFO  server.RaftServer$Division (ServerState.java:<init>(114)) - omNode-1@group-523986131536: ConfigurationManager, init=conf: {index: -1, cur=peers:[omNode-3|localhost:15017, omNode-1|localhost:15009, omNode-2|localhost:15013]|listeners:[], old=null}, confs=<EMPTY_MAP>
2025-04-23 04:27:19,346 [omNode-1-groupManagement] INFO  server.RaftServerConfigKeys (ConfUtils.java:logGet(46)) - raft.server.notification.no-leader.timeout = 2s (custom)
2025-04-23 04:27:19,347 [omNode-1-groupManagement] INFO  server.RaftServerConfigKeys (ConfUtils.java:logGet(46)) - raft.server.read.timeout = 10s (default)
2025-04-23 04:27:19,347 [omNode-1-groupManagement] INFO  server.RaftServerConfigKeys (ConfUtils.java:logGet(46)) - raft.server.retrycache.expirytime = 30000ms (custom)
2025-04-23 04:27:19,347 [omNode-1-groupManagement] INFO  server.RaftServerConfigKeys (ConfUtils.java:logGet(46)) - raft.server.retrycache.statistics.expirytime = 100ms (default)
2025-04-23 04:27:19,347 [omNode-1-groupManagement] INFO  server.RaftServerConfigKeys (ConfUtils.java:logGet(46)) - raft.server.read.option = DEFAULT (default)
2025-04-23 04:27:19,347 [omNode-1-groupManagement] INFO  server.RaftServerConfigKeys (ConfUtils.java:logGet(46)) - raft.server.read.read-after-write-consistent.write-index-cache.expiry-time = 60s (default)
2025-04-23 04:27:19,348 [omNode-1-groupManagement] INFO  server.RaftServerConfigKeys (ConfUtils.java:logGet(46)) - raft.server.rpc.request.timeout = 3000ms (default)
2025-04-23 04:27:19,348 [omNode-1-groupManagement] INFO  server.RaftServerConfigKeys (ConfUtils.java:logGet(46)) - raft.server.log.appender.install.snapshot.enabled = false (custom)
2025-04-23 04:27:19,348 [omNode-1-groupManagement] INFO  server.RaftServerConfigKeys (ConfUtils.java:logGet(46)) - raft.server.threadpool.server.cached = true (default)
2025-04-23 04:27:19,348 [omNode-1-groupManagement] INFO  server.RaftServerConfigKeys (ConfUtils.java:logGet(46)) - raft.server.threadpool.server.size = 0 (default)
2025-04-23 04:27:19,348 [omNode-1-groupManagement] INFO  server.RaftServerConfigKeys (ConfUtils.java:logGet(46)) - raft.server.threadpool.client.cached = true (default)
2025-04-23 04:27:19,349 [omNode-1-groupManagement] INFO  server.RaftServerConfigKeys (ConfUtils.java:logGet(46)) - raft.server.threadpool.client.size = 0 (default)
2025-04-23 04:27:19,349 [omNode-1-impl-thread1] INFO  server.RaftServerConfigKeys (ConfUtils.java:logGet(46)) - raft.server.storage.free-space.min = 0MB (=0) (default)
2025-04-23 04:27:19,349 [omNode-1-impl-thread1] INFO  server.RaftServerConfigKeys (ConfUtils.java:logGet(46)) - raft.server.log.corruption.policy = EXCEPTION (default)
2025-04-23 04:27:19,349 [omNode-1-impl-thread1] INFO  server.RaftServerConfigKeys (ConfUtils.java:logGet(46)) - raft.server.storage.dir = [/home/runner/work/ozone/ozone/hadoop-ozone/integration-test/target/test-dir/MiniOzoneClusterImpl-ff59c164-3798-4a7f-a16d-eeed9ffb3244/omNode-1/ratis] (custom)
2025-04-23 04:27:19,350 [omNode-1-impl-thread1] INFO  storage.RaftStorageDirectory (RaftStorageDirectoryImpl.java:tryLock(229)) - Lock on /home/runner/work/ozone/ozone/hadoop-ozone/integration-test/target/test-dir/MiniOzoneClusterImpl-ff59c164-3798-4a7f-a16d-eeed9ffb3244/omNode-1/ratis/c9bc4cf4-3bc3-3c60-a66b-523986131536/in_use.lock acquired by nodename 129558@fv-az1441-587
2025-04-23 04:27:19,350 [omNode-1-impl-thread1] INFO  storage.RaftStorage (RaftStorageImpl.java:analyzeAndRecoverStorage(118)) - Read RaftStorageMetadata{term=4, votedFor=omNode-3} from /home/runner/work/ozone/ozone/hadoop-ozone/integration-test/target/test-dir/MiniOzoneClusterImpl-ff59c164-3798-4a7f-a16d-eeed9ffb3244/omNode-1/ratis/c9bc4cf4-3bc3-3c60-a66b-523986131536/current/raft-meta
2025-04-23 04:27:19,350 [omNode-1-impl-thread1] INFO  server.RaftServer$Division (ServerState.java:setRaftConf(386)) - omNode-1@group-523986131536: set configuration conf: {index: 33, cur=peers:[omNode-3|localhost:15017, omNode-1|localhost:15009, omNode-2|localhost:15013]|listeners:[], old=null}
2025-04-23 04:27:19,350 [omNode-1-impl-thread1] INFO  ratis.OzoneManagerStateMachine (OzoneManagerStateMachine.java:lambda$0(138)) - omNode-1: initialize group-523986131536 with (t:4, i:33)
2025-04-23 04:27:19,350 [omNode-1-impl-thread1] INFO  server.RaftServerConfigKeys (ConfUtils.java:logGet(46)) - raft.server.log.use.memory = false (default)
2025-04-23 04:27:19,350 [omNode-1-impl-thread1] INFO  server.RaftServerConfigKeys (ConfUtils.java:logGet(46)) - raft.server.log.purge.gap = 50 (custom)
2025-04-23 04:27:19,351 [omNode-1-impl-thread1] INFO  server.RaftServerConfigKeys (ConfUtils.java:logGet(46)) - raft.server.log.appender.buffer.byte-limit = 4194304 (custom)
2025-04-23 04:27:19,351 [omNode-1-impl-thread1] INFO  server.RaftServerConfigKeys (ConfUtils.java:logGet(46)) - raft.server.log.statemachine.data.read.timeout = 1000ms (default)
2025-04-23 04:27:19,351 [omNode-1-impl-thread1] INFO  server.RaftServerConfigKeys (ConfUtils.java:logGet(46)) - raft.server.log.purge.preservation.log.num = 0 (default)
2025-04-23 04:27:19,352 [omNode-1-impl-thread1] INFO  server.RaftServerConfigKeys (ConfUtils.java:logGet(46)) - raft.server.log.segment.size.max = 4194304 (custom)
2025-04-23 04:27:19,352 [omNode-1-impl-thread1] INFO  server.RaftServerConfigKeys (ConfUtils.java:logGet(46)) - raft.server.log.segment.cache.num.max = 2 (custom)
2025-04-23 04:27:19,352 [omNode-1-impl-thread1] INFO  server.RaftServerConfigKeys (ConfUtils.java:logGet(46)) - raft.server.log.segment.cache.size.max = 200MB (=209715200) (default)
2025-04-23 04:27:19,352 [omNode-1-impl-thread1] INFO  server.RaftServerConfigKeys (ConfUtils.java:logGet(46)) - raft.server.log.appender.buffer.byte-limit = 4194304 (custom)
2025-04-23 04:27:19,352 [omNode-1-impl-thread1] INFO  util.AwaitToRun (AwaitToRun.java:start(81)) - Thread[#2187,omNode-1@group-523986131536-cacheEviction-AwaitToRun,5,main] started
2025-04-23 04:27:19,352 [omNode-1-impl-thread1] INFO  segmented.SegmentedRaftLogWorker (SegmentedRaftLogWorker.java:<init>(188)) - new omNode-1@group-523986131536-SegmentedRaftLogWorker for RaftStorageImpl:Storage Directory /home/runner/work/ozone/ozone/hadoop-ozone/integration-test/target/test-dir/MiniOzoneClusterImpl-ff59c164-3798-4a7f-a16d-eeed9ffb3244/omNode-1/ratis/c9bc4cf4-3bc3-3c60-a66b-523986131536
2025-04-23 04:27:19,352 [omNode-1-impl-thread1] INFO  server.RaftServerConfigKeys (ConfUtils.java:logGet(46)) - raft.server.log.queue.byte-limit = 64MB (=67108864) (default)
2025-04-23 04:27:19,352 [omNode-1-impl-thread1] INFO  server.RaftServerConfigKeys (ConfUtils.java:logGet(46)) - raft.server.log.queue.element-limit = 4096 (default)
2025-04-23 04:27:19,352 [omNode-1-impl-thread1] INFO  server.RaftServerConfigKeys (ConfUtils.java:logGet(46)) - raft.server.log.segment.size.max = 4194304 (custom)
2025-04-23 04:27:19,353 [omNode-1-impl-thread1] INFO  server.RaftServerConfigKeys (ConfUtils.java:logGet(46)) - raft.server.log.preallocated.size = 4194304 (custom)
2025-04-23 04:27:19,353 [omNode-1-impl-thread1] INFO  server.RaftServerConfigKeys (ConfUtils.java:logGet(46)) - raft.server.log.force.sync.num = 128 (default)
2025-04-23 04:27:19,353 [omNode-1-impl-thread1] INFO  server.RaftServerConfigKeys (ConfUtils.java:logGet(46)) - raft.server.log.statemachine.data.sync = true (default)
2025-04-23 04:27:19,353 [omNode-1-impl-thread1] INFO  server.RaftServerConfigKeys (ConfUtils.java:logGet(46)) - raft.server.log.statemachine.data.sync.timeout = 10s (default)
2025-04-23 04:27:19,353 [omNode-1-impl-thread1] INFO  server.RaftServerConfigKeys (ConfUtils.java:logGet(46)) - raft.server.log.statemachine.data.sync.timeout.retry = -1 (default)
2025-04-23 04:27:19,353 [omNode-1-impl-thread1] INFO  server.RaftServerConfigKeys (ConfUtils.java:logGet(46)) - raft.server.log.write.buffer.size = 4194312 (custom)
2025-04-23 04:27:19,353 [omNode-1-impl-thread1] INFO  server.RaftServerConfigKeys (ConfUtils.java:logGet(46)) - raft.server.log.appender.buffer.byte-limit = 4194304 (custom)
2025-04-23 04:27:19,353 [omNode-1-impl-thread1] INFO  server.RaftServerConfigKeys (ConfUtils.java:logGet(46)) - raft.server.log.unsafe-flush.enabled = false (default)
2025-04-23 04:27:19,353 [omNode-1-impl-thread1] INFO  server.RaftServerConfigKeys (ConfUtils.java:logGet(46)) - raft.server.log.async-flush.enabled = false (default)
2025-04-23 04:27:19,353 [omNode-1-impl-thread1] INFO  server.RaftServerConfigKeys (ConfUtils.java:logGet(46)) - raft.server.log.statemachine.data.caching.enabled = false (default)
2025-04-23 04:27:19,354 [omNode-1-impl-thread1] INFO  server.RaftServer$Division (ServerState.java:setRaftConf(386)) - omNode-1@group-523986131536: set configuration conf: {index: 0, cur=peers:[omNode-3|localhost:15017, omNode-1|localhost:15009, omNode-2|localhost:15013]|listeners:[], old=null}
2025-04-23 04:27:19,355 [omNode-1-impl-thread1] INFO  segmented.LogSegment (LogSegment.java:loadSegment(171)) - Successfully read 21 entries from segment file /home/runner/work/ozone/ozone/hadoop-ozone/integration-test/target/test-dir/MiniOzoneClusterImpl-ff59c164-3798-4a7f-a16d-eeed9ffb3244/omNode-1/ratis/c9bc4cf4-3bc3-3c60-a66b-523986131536/current/log_0-20
2025-04-23 04:27:19,355 [omNode-1-impl-thread1] INFO  server.RaftServer$Division (ServerState.java:setRaftConf(386)) - omNode-1@group-523986131536: set configuration conf: {index: 21, cur=peers:[omNode-3|localhost:15017, omNode-1|localhost:15009, omNode-2|localhost:15013]|listeners:[], old=null}
2025-04-23 04:27:19,355 [omNode-1-impl-thread1] INFO  segmented.LogSegment (LogSegment.java:loadSegment(171)) - Successfully read 10 entries from segment file /home/runner/work/ozone/ozone/hadoop-ozone/integration-test/target/test-dir/MiniOzoneClusterImpl-ff59c164-3798-4a7f-a16d-eeed9ffb3244/omNode-1/ratis/c9bc4cf4-3bc3-3c60-a66b-523986131536/current/log_21-30
2025-04-23 04:27:19,356 [omNode-1-impl-thread1] INFO  server.RaftServer$Division (ServerState.java:setRaftConf(386)) - omNode-1@group-523986131536: set configuration conf: {index: 31, cur=peers:[omNode-3|localhost:15017, omNode-1|localhost:15009, omNode-2|localhost:15013]|listeners:[], old=null}
2025-04-23 04:27:19,356 [omNode-1-impl-thread1] INFO  segmented.LogSegment (LogSegment.java:loadSegment(171)) - Successfully read 2 entries from segment file /home/runner/work/ozone/ozone/hadoop-ozone/integration-test/target/test-dir/MiniOzoneClusterImpl-ff59c164-3798-4a7f-a16d-eeed9ffb3244/omNode-1/ratis/c9bc4cf4-3bc3-3c60-a66b-523986131536/current/log_31-32
2025-04-23 04:27:19,356 [omNode-1-impl-thread1] INFO  server.RaftServer$Division (ServerState.java:setRaftConf(386)) - omNode-1@group-523986131536: set configuration conf: {index: 33, cur=peers:[omNode-3|localhost:15017, omNode-1|localhost:15009, omNode-2|localhost:15013]|listeners:[], old=null}
2025-04-23 04:27:19,356 [omNode-1-impl-thread1] INFO  segmented.LogSegment (LogSegment.java:loadSegment(171)) - Successfully read 2 entries from segment file /home/runner/work/ozone/ozone/hadoop-ozone/integration-test/target/test-dir/MiniOzoneClusterImpl-ff59c164-3798-4a7f-a16d-eeed9ffb3244/omNode-1/ratis/c9bc4cf4-3bc3-3c60-a66b-523986131536/current/log_inprogress_33
2025-04-23 04:27:19,356 [omNode-1-impl-thread1] INFO  segmented.SegmentedRaftLogWorker (SegmentedRaftLogWorker.java:lambda$new$0(139)) - omNode-1@group-523986131536-SegmentedRaftLogWorker: flushIndex: setUnconditionally 0 -> 34
2025-04-23 04:27:19,356 [omNode-1-impl-thread1] INFO  segmented.SegmentedRaftLogWorker (SegmentedRaftLogWorker.java:lambda$new$0(139)) - omNode-1@group-523986131536-SegmentedRaftLogWorker: safeCacheEvictIndex: setUnconditionally 0 -> 32
2025-04-23 04:27:19,357 [omNode-1-impl-thread1] INFO  segmented.BufferedWriteChannel (BufferedWriteChannel.java:open(61)) - open log_inprogress_33 (append) at position 125
2025-04-23 04:27:19,357 [omNode-1-impl-thread1] INFO  server.RaftServer$Division (RaftServerImpl.java:start(391)) - omNode-1@group-523986131536: start as a follower, conf=conf: {index: 33, cur=peers:[omNode-3|localhost:15017, omNode-1|localhost:15009, omNode-2|localhost:15013]|listeners:[], old=null}
2025-04-23 04:27:19,357 [omNode-1-impl-thread1] INFO  server.RaftServer$Division (RaftServerImpl.java:setRole(378)) - omNode-1@group-523986131536: changes role from      null to FOLLOWER at term 4 for startAsFollower
2025-04-23 04:27:19,357 [omNode-1-impl-thread1] INFO  impl.RoleInfo (RoleInfo.java:updateAndGet(148)) - omNode-1: start omNode-1@group-523986131536-FollowerState
2025-04-23 04:27:19,357 [omNode-1-impl-thread1] INFO  util.JmxRegister (JmxRegister.java:tryRegister(44)) - Successfully registered JMX Bean with object name Ratis:service=RaftServer,group=group-523986131536,id=omNode-1
2025-04-23 04:27:19,358 [omNode-1-impl-thread1] INFO  util.JmxRegister (JmxRegister.java:register(58)) - register mxBean class org.apache.ratis.server.impl.RaftServerJmxAdapter as Ratis:service=RaftServer,group=group-523986131536,id=omNode-1
2025-04-23 04:27:19,357 [omNode-1@group-523986131536-FollowerState] INFO  server.RaftServerConfigKeys (ConfUtils.java:logFallback(53)) - raft.server.rpc.first-election.timeout.min = 1s (fallback to raft.server.rpc.timeout.min)
2025-04-23 04:27:19,358 [omNode-1-impl-thread1] INFO  server.RaftServerConfigKeys (ConfUtils.java:logGet(46)) - raft.server.snapshot.trigger-when-stop.enabled = true (default)
2025-04-23 04:27:19,358 [omNode-1@group-523986131536-FollowerState] INFO  server.RaftServerConfigKeys (ConfUtils.java:logFallback(53)) - raft.server.rpc.first-election.timeout.max = 1200ms (fallback to raft.server.rpc.timeout.max)
2025-04-23 04:27:19,358 [omNode-1-impl-thread1] INFO  server.RaftServerConfigKeys (ConfUtils.java:logGet(46)) - raft.server.snapshot.trigger-when-remove.enabled = true (default)
2025-04-23 04:27:19,358 [omNode-1-impl-thread1] INFO  server.RaftServerConfigKeys (ConfUtils.java:logGet(46)) - raft.server.snapshot.auto.trigger.enabled = true (custom)
2025-04-23 04:27:19,358 [omNode-1-impl-thread1] INFO  server.RaftServerConfigKeys (ConfUtils.java:logGet(46)) - raft.server.snapshot.auto.trigger.threshold = 50 (custom)
2025-04-23 04:27:19,358 [omNode-1-impl-thread1] INFO  server.RaftServerConfigKeys (ConfUtils.java:logGet(46)) - raft.server.snapshot.retention.file.num = -1 (default)
2025-04-23 04:27:19,358 [omNode-1-impl-thread1] INFO  server.RaftServerConfigKeys (ConfUtils.java:logGet(46)) - raft.server.log.purge.upto.snapshot.index = true (custom)
2025-04-23 04:27:19,359 [omNode-1-impl-thread1] INFO  server.RaftServer$Division (RaftServerImpl.java:start(405)) - omNode-1@group-523986131536: Successfully started.
2025-04-23 04:27:19,359 [main] INFO  server.RaftServer (RaftServerProxy.java:startImpl(407)) - omNode-1: start RPC server
2025-04-23 04:27:19,360 [main] INFO  server.GrpcService (GrpcService.java:startImpl(334)) - omNode-1: GrpcService started, listening on 15009
2025-04-23 04:27:19,360 [main] INFO  om.OzoneManager (OzoneManager.java:getRpcServer(1360)) - Creating RPC Server
2025-04-23 04:27:19,360 [JvmPauseMonitor15] INFO  util.JvmPauseMonitor (JvmPauseMonitor.java:run(146)) - JvmPauseMonitor-omNode-1: Started
2025-04-23 04:27:19,715 [main] INFO  reflections.Reflections (Reflections.java:scan(219)) - Reflections took 354 ms to scan 22 urls, producing 61 keys and 7422 values
2025-04-23 04:27:19,716 [main] INFO  ipc.CallQueueManager (CallQueueManager.java:<init>(93)) - Using callQueue: class java.util.concurrent.LinkedBlockingQueue, queueCapacity: 2000, scheduler: class org.apache.hadoop.ipc.DefaultRpcScheduler, ipcBackoff: false, ipcFailOver: false.
2025-04-23 04:27:19,716 [main] INFO  ipc.Server (Server.java:<init>(1438)) - Listener at localhost:15006
2025-04-23 04:27:19,717 [Socket Reader #1 for port 15006] INFO  ipc.Server (Server.java:run(1474)) - Starting Socket Reader #1 for port 15006
2025-04-23 04:27:19,717 [Socket Reader #2 for port 15006] INFO  ipc.Server (Server.java:run(1474)) - Starting Socket Reader #2 for port 15006
2025-04-23 04:27:19,717 [Socket Reader #3 for port 15006] INFO  ipc.Server (Server.java:run(1474)) - Starting Socket Reader #3 for port 15006
2025-04-23 04:27:19,717 [Socket Reader #4 for port 15006] INFO  ipc.Server (Server.java:run(1474)) - Starting Socket Reader #4 for port 15006
2025-04-23 04:27:19,717 [Socket Reader #5 for port 15006] INFO  ipc.Server (Server.java:run(1474)) - Starting Socket Reader #5 for port 15006
2025-04-23 04:27:19,717 [Socket Reader #6 for port 15006] INFO  ipc.Server (Server.java:run(1474)) - Starting Socket Reader #6 for port 15006
2025-04-23 04:27:19,718 [Socket Reader #7 for port 15006] INFO  ipc.Server (Server.java:run(1474)) - Starting Socket Reader #7 for port 15006
2025-04-23 04:27:19,718 [Socket Reader #8 for port 15006] INFO  ipc.Server (Server.java:run(1474)) - Starting Socket Reader #8 for port 15006
2025-04-23 04:27:19,718 [Socket Reader #9 for port 15006] INFO  ipc.Server (Server.java:run(1474)) - Starting Socket Reader #9 for port 15006
2025-04-23 04:27:19,718 [Socket Reader #10 for port 15006] INFO  ipc.Server (Server.java:run(1474)) - Starting Socket Reader #10 for port 15006
2025-04-23 04:27:19,720 [main] INFO  http.BaseHttpServer (BaseHttpServer.java:newHttpServer2BuilderForOzone(229)) - Starting Web-server for ozoneManager at: http://0.0.0.0:15007
2025-04-23 04:27:19,720 [main] INFO  http.BaseHttpServer (BaseHttpServer.java:<init>(107)) - Hadoop Security Enabled: false Ozone Security Enabled: false Ozone HTTP Security Enabled: false 
2025-04-23 04:27:19,721 [main] WARN  server.AuthenticationFilter (AuthenticationFilter.java:constructSecretProvider(240)) - Unable to initialize FileSignerSecretProvider, falling back to use random secrets. Reason: Could not read signature secret file: /home/runner/hadoop-http-auth-signature-secret
2025-04-23 04:27:19,723 [main] INFO  http.HttpServer2 (HttpServer2.java:addGlobalFilter(1041)) - Added global filter 'safety' (class=org.apache.hadoop.hdds.server.http.HttpServer2$QuotingInputFilter)
2025-04-23 04:27:19,724 [main] INFO  http.HttpServer2 (HttpServer2.java:addFilter(1017)) - Added filter static_user_filter (class=org.apache.hadoop.http.lib.StaticUserWebFilter$StaticUserFilter) to context ozoneManager
2025-04-23 04:27:19,724 [main] INFO  http.HttpServer2 (HttpServer2.java:addFilter(1025)) - Added filter static_user_filter (class=org.apache.hadoop.http.lib.StaticUserWebFilter$StaticUserFilter) to context static
2025-04-23 04:27:19,724 [main] INFO  http.HttpServer2 (HttpServer2.java:addFilter(1025)) - Added filter static_user_filter (class=org.apache.hadoop.http.lib.StaticUserWebFilter$StaticUserFilter) to context logs
2025-04-23 04:27:19,725 [main] INFO  http.BaseHttpServer (BaseHttpServer.java:<init>(195)) - HTTP server of ozoneManager uses base directory /home/runner/work/ozone/ozone/hadoop-ozone/integration-test/target/test-dir/MiniOzoneClusterImpl-ff59c164-3798-4a7f-a16d-eeed9ffb3244/omNode-1/webserver
2025-04-23 04:27:19,725 [main] INFO  http.HttpServer2 (HttpServer2.java:bindListener(1241)) - Jetty bound to port 15007
2025-04-23 04:27:19,725 [main] INFO  server.Server (Server.java:doStart(375)) - jetty-9.4.57.v20241219; built: 2025-01-08T21:24:30.412Z; git: df524e6b29271c2e09ba9aea83c18dc9db464a31; jvm 21.0.7+6-LTS
2025-04-23 04:27:19,726 [main] INFO  server.session (DefaultSessionIdManager.java:doStart(334)) - DefaultSessionIdManager workerName=node0
2025-04-23 04:27:19,727 [main] INFO  server.session (DefaultSessionIdManager.java:doStart(339)) - No SessionScavenger set, using defaults
2025-04-23 04:27:19,727 [main] INFO  server.session (HouseKeeper.java:startScavenging(132)) - node0 Scavenging every 600000ms
2025-04-23 04:27:19,727 [main] INFO  handler.ContextHandler (ContextHandler.java:doStart(921)) - Started o.e.j.s.ServletContextHandler@477d6382{logs,/logs,file:///home/runner/work/ozone/ozone/hadoop-ozone/integration-test/target/log,AVAILABLE}
2025-04-23 04:27:19,728 [main] INFO  handler.ContextHandler (ContextHandler.java:doStart(921)) - Started o.e.j.s.ServletContextHandler@1e61a3b7{static,/static,file:///home/runner/work/ozone/ozone/hadoop-ozone/integration-test/target/test-classes/webapps/static,AVAILABLE}
2025-04-23 04:27:19,732 [main] INFO  handler.ContextHandler (ContextHandler.java:doStart(921)) - Started o.e.j.w.WebAppContext@6a1f27bf{ozoneManager,/,file:///home/runner/work/ozone/ozone/hadoop-ozone/integration-test/target/test-classes/webapps/ozoneManager/,AVAILABLE}{file:/home/runner/work/ozone/ozone/hadoop-ozone/integration-test/target/test-classes/webapps/ozoneManager}
2025-04-23 04:27:19,733 [main] INFO  server.AbstractConnector (AbstractConnector.java:doStart(333)) - Started ServerConnector@25756aca{HTTP/1.1, (http/1.1)}{0.0.0.0:15007}
2025-04-23 04:27:19,733 [main] INFO  server.Server (Server.java:doStart(415)) - Started @43151ms
2025-04-23 04:27:19,733 [main] WARN  impl.MetricsSystemImpl (MetricsSystemImpl.java:register(279)) - Sink prometheus already exists!
2025-04-23 04:27:19,733 [main] INFO  http.BaseHttpServer (BaseHttpServer.java:updateConnectorAddress(360)) - HTTP server of ozoneManager listening at http://0.0.0.0:15007
2025-04-23 04:27:19,734 [IPC Server listener on 15006] INFO  ipc.Server (Server.java:run(1553)) - IPC Server listener on 15006: starting
2025-04-23 04:27:19,734 [IPC Server Responder] INFO  ipc.Server (Server.java:run(1713)) - IPC Server Responder: starting
2025-04-23 04:27:19,737 [main] INFO  om.OzoneManager (OzoneManager.java:startTrashEmptier(2257)) - Trash Interval set to 0. Files deleted won't move to trash
2025-04-23 04:27:19,737 [main] INFO  om.OzoneManager (OzoneManager.java:restart(1878)) - OzoneManager RPC server is listening at localhost/127.0.0.1:15010
2025-04-23 04:27:19,738 [main] INFO  impl.MetricsSystemImpl (MetricsSystemImpl.java:init(158)) - OzoneManager metrics system started (again)
2025-04-23 04:27:19,749 [main] WARN  server.ServerUtils (ServerUtils.java:getDBPath(297)) - ozone.om.db.dirs is not configured. We recommend adding this setting. Falling back to ozone.metadata.dirs instead.
2025-04-23 04:27:19,788 [main] INFO  om.OzoneManager (OzoneManager.java:instantiateServices(933)) - S3 Multi-Tenancy is disabled
2025-04-23 04:27:19,788 [main] INFO  om.OmSnapshotManager (OmSnapshotManager.java:<init>(180)) - Ozone filesystem snapshot feature is enabled.
2025-04-23 04:27:19,789 [main] WARN  server.ServerUtils (ServerUtils.java:getDBPath(297)) - ozone.om.snapshot.diff.db.dir is not configured. We recommend adding this setting. Falling back to ozone.metadata.dirs instead.
2025-04-23 04:27:19,803 [main] WARN  dropwizard3.Dm3MetricRegistriesImpl (Dm3MetricRegistriesImpl.java:addReporterRegistration(114)) - New reporters are added after registries were created. Some metrics will be missing from the reporter. Please add reporter before adding any new registry.
2025-04-23 04:27:19,804 [main] WARN  dropwizard3.Dm3MetricRegistriesImpl (Dm3MetricRegistriesImpl.java:addReporterRegistration(114)) - New reporters are added after registries were created. Some metrics will be missing from the reporter. Please add reporter before adding any new registry.
2025-04-23 04:27:19,804 [main] WARN  server.ServerUtils (ServerUtils.java:getDefaultRatisDirectory(309)) - Storage directory for Ratis is not configured. It is a good idea to map this to an SSD disk. Falling back to ozone.metadata.dirs
2025-04-23 04:27:19,804 [main] INFO  server.RaftServerConfigKeys (ConfUtils.java:logGet(46)) - raft.server.log.appender.buffer.byte-limit = 4194304 (custom)
2025-04-23 04:27:19,805 [main] INFO  ratis.OzoneManagerRatisServer (OzoneManagerRatisServer.java:<init>(167)) - Instantiating OM Ratis server with groupID: om-service-test1 and peers: localhost:15013, localhost:15017, localhost:15009
2025-04-23 04:27:19,805 [main] INFO  ratis.OzoneManagerStateMachine (OzoneManagerStateMachine.java:loadSnapshotInfoFromDB(611)) - LastAppliedIndex is set from TransactionInfo from OM DB as (t:4, i:33)
2025-04-23 04:27:19,806 [main] INFO  server.RaftServer (ConfUtils.java:logGet(46)) - raft.rpc.type = GRPC (default)
2025-04-23 04:27:19,806 [main] INFO  grpc.GrpcConfigKeys (ConfUtils.java:logFallback(53)) - raft.grpc.admin.host = null (fallback to raft.grpc.server.host)
2025-04-23 04:27:19,806 [main] INFO  grpc.GrpcConfigKeys (ConfUtils.java:logFallback(53)) - raft.grpc.admin.port = 15013 (fallback to raft.grpc.server.port)
2025-04-23 04:27:19,806 [main] INFO  grpc.GrpcConfigKeys (ConfUtils.java:logFallback(53)) - raft.grpc.client.host = null (fallback to raft.grpc.server.host)
2025-04-23 04:27:19,806 [main] INFO  grpc.GrpcConfigKeys (ConfUtils.java:logFallback(53)) - raft.grpc.client.port = 15013 (fallback to raft.grpc.server.port)
2025-04-23 04:27:19,806 [main] INFO  grpc.GrpcConfigKeys (ConfUtils.java:logGet(46)) - raft.grpc.server.host = null (default)
2025-04-23 04:27:19,806 [main] INFO  grpc.GrpcConfigKeys (ConfUtils.java:logGet(46)) - raft.grpc.server.port = 15013 (custom)
2025-04-23 04:27:19,807 [main] INFO  server.GrpcService (ConfUtils.java:logGet(46)) - raft.grpc.message.size.max = 5242880 (custom)
2025-04-23 04:27:19,807 [main] INFO  server.GrpcService (ConfUtils.java:logGet(46)) - raft.grpc.flow.control.window = 1MB (=1048576) (default)
2025-04-23 04:27:19,807 [main] INFO  server.RaftServerConfigKeys (ConfUtils.java:logGet(46)) - raft.server.rpc.request.timeout = 3000ms (default)
2025-04-23 04:27:19,807 [main] INFO  grpc.GrpcConfigKeys (ConfUtils.java:logGet(46)) - raft.grpc.server.heartbeat.channel = true (default)
2025-04-23 04:27:19,807 [main] INFO  server.RaftServerConfigKeys (ConfUtils.java:logGet(46)) - raft.server.log.appender.buffer.byte-limit = 4194304 (custom)
2025-04-23 04:27:19,807 [main] INFO  grpc.GrpcConfigKeys (ConfUtils.java:logGet(46)) - raft.grpc.server.async.request.thread.pool.cached = true (default)
2025-04-23 04:27:19,807 [main] INFO  grpc.GrpcConfigKeys (ConfUtils.java:logGet(46)) - raft.grpc.server.async.request.thread.pool.size = 32 (default)
2025-04-23 04:27:19,808 [main] INFO  impl.DataStreamServerImpl (ConfUtils.java:logGet(46)) - raft.datastream.type = DISABLED (default)
2025-04-23 04:27:19,808 [main] INFO  server.RaftServerConfigKeys (ConfUtils.java:logGet(46)) - raft.server.sleep.deviation.threshold = 300ms (default)
2025-04-23 04:27:19,808 [main] INFO  server.RaftServerConfigKeys (ConfUtils.java:logGet(46)) - raft.server.close.threshold = 60s (default)
2025-04-23 04:27:19,808 [main] INFO  server.RaftServerConfigKeys (ConfUtils.java:logGet(46)) - raft.server.leaderelection.leader.step-down.wait-time = 10s (default)
2025-04-23 04:27:19,808 [main] INFO  server.RaftServerConfigKeys (ConfUtils.java:logGet(46)) - raft.server.storage.dir = [/home/runner/work/ozone/ozone/hadoop-ozone/integration-test/target/test-dir/MiniOzoneClusterImpl-ff59c164-3798-4a7f-a16d-eeed9ffb3244/omNode-2/ratis] (custom)
2025-04-23 04:27:19,808 [main] INFO  server.RaftServerConfigKeys (ConfUtils.java:logGet(46)) - raft.server.threadpool.proxy.cached = true (default)
2025-04-23 04:27:19,808 [main] INFO  server.RaftServerConfigKeys (ConfUtils.java:logGet(46)) - raft.server.threadpool.proxy.size = 0 (default)
2025-04-23 04:27:19,809 [omNode-2-impl-thread1] INFO  server.RaftServer (RaftServerProxy.java:initGroupDir(265)) - omNode-2: found a subdirectory /home/runner/work/ozone/ozone/hadoop-ozone/integration-test/target/test-dir/MiniOzoneClusterImpl-ff59c164-3798-4a7f-a16d-eeed9ffb3244/omNode-2/ratis/c9bc4cf4-3bc3-3c60-a66b-523986131536
2025-04-23 04:27:19,809 [main] INFO  server.RaftServer (RaftServerProxy.java:addNew(100)) - omNode-2: addNew group-523986131536:[omNode-3|localhost:15017, omNode-1|localhost:15009, omNode-2|localhost:15013] returns group-523986131536:java.util.concurrent.CompletableFuture@6b34d1c3[Not completed]
2025-04-23 04:27:19,809 [main] INFO  om.OzoneManager (OzoneManager.java:initializeRatisServer(2303)) - OzoneManager Ratis server initialized at port 15013
2025-04-23 04:27:19,809 [main] INFO  ratis.OzoneManagerRatisServer (OzoneManagerRatisServer.java:start(628)) - Starting OzoneManagerRatisServer omNode-2 at port 15013
2025-04-23 04:27:19,809 [omNode-2-groupManagement] INFO  server.RaftServer$Division (RaftServerImpl.java:<init>(255)) - omNode-2: new RaftServerImpl for group-523986131536:[omNode-3|localhost:15017, omNode-1|localhost:15009, omNode-2|localhost:15013] with OzoneManagerStateMachine:uninitialized
2025-04-23 04:27:19,809 [omNode-2-groupManagement] INFO  server.RaftServerConfigKeys (ConfUtils.java:logGet(46)) - raft.server.rpc.timeout.min = 1s (custom)
2025-04-23 04:27:19,810 [omNode-2-groupManagement] INFO  server.RaftServerConfigKeys (ConfUtils.java:logGet(46)) - raft.server.rpc.timeout.max = 1200ms (custom)
2025-04-23 04:27:19,810 [omNode-2-groupManagement] INFO  server.RaftServerConfigKeys (ConfUtils.java:logGet(46)) - raft.server.rpc.sleep.time = 25ms (default)
2025-04-23 04:27:19,810 [omNode-2-groupManagement] INFO  server.RaftServerConfigKeys (ConfUtils.java:logGet(46)) - raft.server.rpc.slowness.timeout = 2s (custom)
2025-04-23 04:27:19,810 [omNode-2-groupManagement] INFO  server.RaftServerConfigKeys (ConfUtils.java:logGet(46)) - raft.server.leaderelection.leader.step-down.wait-time = 10s (default)
2025-04-23 04:27:19,810 [omNode-2-groupManagement] INFO  server.RaftServerConfigKeys (ConfUtils.java:logGet(46)) - raft.server.leaderelection.member.majority-add = false (default)
2025-04-23 04:27:19,810 [omNode-2-groupManagement] INFO  server.RaftServerConfigKeys (ConfUtils.java:logGet(46)) - raft.server.sleep.deviation.threshold = 300ms (default)
2025-04-23 04:27:19,810 [omNode-2-groupManagement] INFO  server.RaftServer$Division (ServerState.java:<init>(114)) - omNode-2@group-523986131536: ConfigurationManager, init=conf: {index: -1, cur=peers:[omNode-3|localhost:15017, omNode-1|localhost:15009, omNode-2|localhost:15013]|listeners:[], old=null}, confs=<EMPTY_MAP>
2025-04-23 04:27:19,810 [omNode-2-groupManagement] INFO  server.RaftServerConfigKeys (ConfUtils.java:logGet(46)) - raft.server.notification.no-leader.timeout = 2s (custom)
2025-04-23 04:27:19,810 [omNode-2-groupManagement] INFO  server.RaftServerConfigKeys (ConfUtils.java:logGet(46)) - raft.server.read.timeout = 10s (default)
2025-04-23 04:27:19,810 [omNode-2-groupManagement] INFO  server.RaftServerConfigKeys (ConfUtils.java:logGet(46)) - raft.server.retrycache.expirytime = 30000ms (custom)
2025-04-23 04:27:19,810 [omNode-2-groupManagement] INFO  server.RaftServerConfigKeys (ConfUtils.java:logGet(46)) - raft.server.retrycache.statistics.expirytime = 100ms (default)
2025-04-23 04:27:19,810 [omNode-2-groupManagement] INFO  server.RaftServerConfigKeys (ConfUtils.java:logGet(46)) - raft.server.read.option = DEFAULT (default)
2025-04-23 04:27:19,810 [omNode-2-groupManagement] INFO  server.RaftServerConfigKeys (ConfUtils.java:logGet(46)) - raft.server.read.read-after-write-consistent.write-index-cache.expiry-time = 60s (default)
2025-04-23 04:27:19,812 [omNode-2-groupManagement] INFO  server.RaftServerConfigKeys (ConfUtils.java:logGet(46)) - raft.server.rpc.request.timeout = 3000ms (default)
2025-04-23 04:27:19,812 [omNode-2-groupManagement] INFO  server.RaftServerConfigKeys (ConfUtils.java:logGet(46)) - raft.server.log.appender.install.snapshot.enabled = false (custom)
2025-04-23 04:27:19,813 [omNode-2-groupManagement] INFO  server.RaftServerConfigKeys (ConfUtils.java:logGet(46)) - raft.server.threadpool.server.cached = true (default)
2025-04-23 04:27:19,813 [omNode-2-groupManagement] INFO  server.RaftServerConfigKeys (ConfUtils.java:logGet(46)) - raft.server.threadpool.server.size = 0 (default)
2025-04-23 04:27:19,813 [omNode-2-groupManagement] INFO  server.RaftServerConfigKeys (ConfUtils.java:logGet(46)) - raft.server.threadpool.client.cached = true (default)
2025-04-23 04:27:19,813 [omNode-2-groupManagement] INFO  server.RaftServerConfigKeys (ConfUtils.java:logGet(46)) - raft.server.threadpool.client.size = 0 (default)
2025-04-23 04:27:19,813 [omNode-2-impl-thread1] INFO  server.RaftServerConfigKeys (ConfUtils.java:logGet(46)) - raft.server.storage.free-space.min = 0MB (=0) (default)
2025-04-23 04:27:19,813 [omNode-2-impl-thread1] INFO  server.RaftServerConfigKeys (ConfUtils.java:logGet(46)) - raft.server.log.corruption.policy = EXCEPTION (default)
2025-04-23 04:27:19,813 [omNode-2-impl-thread1] INFO  server.RaftServerConfigKeys (ConfUtils.java:logGet(46)) - raft.server.storage.dir = [/home/runner/work/ozone/ozone/hadoop-ozone/integration-test/target/test-dir/MiniOzoneClusterImpl-ff59c164-3798-4a7f-a16d-eeed9ffb3244/omNode-2/ratis] (custom)
2025-04-23 04:27:19,814 [omNode-2-impl-thread1] INFO  storage.RaftStorageDirectory (RaftStorageDirectoryImpl.java:tryLock(229)) - Lock on /home/runner/work/ozone/ozone/hadoop-ozone/integration-test/target/test-dir/MiniOzoneClusterImpl-ff59c164-3798-4a7f-a16d-eeed9ffb3244/omNode-2/ratis/c9bc4cf4-3bc3-3c60-a66b-523986131536/in_use.lock acquired by nodename 129558@fv-az1441-587
2025-04-23 04:27:19,814 [omNode-2-impl-thread1] INFO  storage.RaftStorage (RaftStorageImpl.java:analyzeAndRecoverStorage(118)) - Read RaftStorageMetadata{term=4, votedFor=omNode-3} from /home/runner/work/ozone/ozone/hadoop-ozone/integration-test/target/test-dir/MiniOzoneClusterImpl-ff59c164-3798-4a7f-a16d-eeed9ffb3244/omNode-2/ratis/c9bc4cf4-3bc3-3c60-a66b-523986131536/current/raft-meta
2025-04-23 04:27:19,815 [omNode-2-impl-thread1] INFO  server.RaftServer$Division (ServerState.java:setRaftConf(386)) - omNode-2@group-523986131536: set configuration conf: {index: 33, cur=peers:[omNode-3|localhost:15017, omNode-1|localhost:15009, omNode-2|localhost:15013]|listeners:[], old=null}
2025-04-23 04:27:19,815 [omNode-2-impl-thread1] INFO  ratis.OzoneManagerStateMachine (OzoneManagerStateMachine.java:lambda$0(138)) - omNode-2: initialize group-523986131536 with (t:4, i:33)
2025-04-23 04:27:19,815 [omNode-2-impl-thread1] INFO  server.RaftServerConfigKeys (ConfUtils.java:logGet(46)) - raft.server.log.use.memory = false (default)
2025-04-23 04:27:19,815 [omNode-2-impl-thread1] INFO  server.RaftServerConfigKeys (ConfUtils.java:logGet(46)) - raft.server.log.purge.gap = 50 (custom)
2025-04-23 04:27:19,815 [omNode-2-impl-thread1] INFO  server.RaftServerConfigKeys (ConfUtils.java:logGet(46)) - raft.server.log.appender.buffer.byte-limit = 4194304 (custom)
2025-04-23 04:27:19,815 [omNode-2-impl-thread1] INFO  server.RaftServerConfigKeys (ConfUtils.java:logGet(46)) - raft.server.log.statemachine.data.read.timeout = 1000ms (default)
2025-04-23 04:27:19,815 [omNode-2-impl-thread1] INFO  server.RaftServerConfigKeys (ConfUtils.java:logGet(46)) - raft.server.log.purge.preservation.log.num = 0 (default)
2025-04-23 04:27:19,816 [omNode-2-impl-thread1] INFO  server.RaftServerConfigKeys (ConfUtils.java:logGet(46)) - raft.server.log.segment.size.max = 4194304 (custom)
2025-04-23 04:27:19,816 [omNode-2-impl-thread1] INFO  server.RaftServerConfigKeys (ConfUtils.java:logGet(46)) - raft.server.log.segment.cache.num.max = 2 (custom)
2025-04-23 04:27:19,816 [omNode-2-impl-thread1] INFO  server.RaftServerConfigKeys (ConfUtils.java:logGet(46)) - raft.server.log.segment.cache.size.max = 200MB (=209715200) (default)
2025-04-23 04:27:19,816 [omNode-2-impl-thread1] INFO  server.RaftServerConfigKeys (ConfUtils.java:logGet(46)) - raft.server.log.appender.buffer.byte-limit = 4194304 (custom)
2025-04-23 04:27:19,816 [omNode-2-impl-thread1] INFO  util.AwaitToRun (AwaitToRun.java:start(81)) - Thread[#2278,omNode-2@group-523986131536-cacheEviction-AwaitToRun,5,main] started
2025-04-23 04:27:19,816 [omNode-2-impl-thread1] INFO  segmented.SegmentedRaftLogWorker (SegmentedRaftLogWorker.java:<init>(188)) - new omNode-2@group-523986131536-SegmentedRaftLogWorker for RaftStorageImpl:Storage Directory /home/runner/work/ozone/ozone/hadoop-ozone/integration-test/target/test-dir/MiniOzoneClusterImpl-ff59c164-3798-4a7f-a16d-eeed9ffb3244/omNode-2/ratis/c9bc4cf4-3bc3-3c60-a66b-523986131536
2025-04-23 04:27:19,816 [omNode-2-impl-thread1] INFO  server.RaftServerConfigKeys (ConfUtils.java:logGet(46)) - raft.server.log.queue.byte-limit = 64MB (=67108864) (default)
2025-04-23 04:27:19,816 [omNode-2-impl-thread1] INFO  server.RaftServerConfigKeys (ConfUtils.java:logGet(46)) - raft.server.log.queue.element-limit = 4096 (default)
2025-04-23 04:27:19,817 [omNode-2-impl-thread1] INFO  server.RaftServerConfigKeys (ConfUtils.java:logGet(46)) - raft.server.log.segment.size.max = 4194304 (custom)
2025-04-23 04:27:19,817 [omNode-2-impl-thread1] INFO  server.RaftServerConfigKeys (ConfUtils.java:logGet(46)) - raft.server.log.preallocated.size = 4194304 (custom)
2025-04-23 04:27:19,817 [omNode-2-impl-thread1] INFO  server.RaftServerConfigKeys (ConfUtils.java:logGet(46)) - raft.server.log.force.sync.num = 128 (default)
2025-04-23 04:27:19,817 [omNode-2-impl-thread1] INFO  server.RaftServerConfigKeys (ConfUtils.java:logGet(46)) - raft.server.log.statemachine.data.sync = true (default)
2025-04-23 04:27:19,817 [omNode-2-impl-thread1] INFO  server.RaftServerConfigKeys (ConfUtils.java:logGet(46)) - raft.server.log.statemachine.data.sync.timeout = 10s (default)
2025-04-23 04:27:19,817 [omNode-2-impl-thread1] INFO  server.RaftServerConfigKeys (ConfUtils.java:logGet(46)) - raft.server.log.statemachine.data.sync.timeout.retry = -1 (default)
2025-04-23 04:27:19,817 [omNode-2-impl-thread1] INFO  server.RaftServerConfigKeys (ConfUtils.java:logGet(46)) - raft.server.log.write.buffer.size = 4194312 (custom)
2025-04-23 04:27:19,817 [omNode-2-impl-thread1] INFO  server.RaftServerConfigKeys (ConfUtils.java:logGet(46)) - raft.server.log.appender.buffer.byte-limit = 4194304 (custom)
2025-04-23 04:27:19,818 [omNode-2-impl-thread1] INFO  server.RaftServerConfigKeys (ConfUtils.java:logGet(46)) - raft.server.log.unsafe-flush.enabled = false (default)
2025-04-23 04:27:19,818 [omNode-2-impl-thread1] INFO  server.RaftServerConfigKeys (ConfUtils.java:logGet(46)) - raft.server.log.async-flush.enabled = false (default)
2025-04-23 04:27:19,818 [omNode-2-impl-thread1] INFO  server.RaftServerConfigKeys (ConfUtils.java:logGet(46)) - raft.server.log.statemachine.data.caching.enabled = false (default)
2025-04-23 04:27:19,818 [omNode-2-impl-thread1] INFO  server.RaftServer$Division (ServerState.java:setRaftConf(386)) - omNode-2@group-523986131536: set configuration conf: {index: 0, cur=peers:[omNode-3|localhost:15017, omNode-1|localhost:15009, omNode-2|localhost:15013]|listeners:[], old=null}
2025-04-23 04:27:19,819 [omNode-2-impl-thread1] INFO  segmented.LogSegment (LogSegment.java:loadSegment(171)) - Successfully read 21 entries from segment file /home/runner/work/ozone/ozone/hadoop-ozone/integration-test/target/test-dir/MiniOzoneClusterImpl-ff59c164-3798-4a7f-a16d-eeed9ffb3244/omNode-2/ratis/c9bc4cf4-3bc3-3c60-a66b-523986131536/current/log_0-20
2025-04-23 04:27:19,819 [omNode-2-impl-thread1] INFO  server.RaftServer$Division (ServerState.java:setRaftConf(386)) - omNode-2@group-523986131536: set configuration conf: {index: 21, cur=peers:[omNode-3|localhost:15017, omNode-1|localhost:15009, omNode-2|localhost:15013]|listeners:[], old=null}
2025-04-23 04:27:19,820 [omNode-2-impl-thread1] INFO  segmented.LogSegment (LogSegment.java:loadSegment(171)) - Successfully read 10 entries from segment file /home/runner/work/ozone/ozone/hadoop-ozone/integration-test/target/test-dir/MiniOzoneClusterImpl-ff59c164-3798-4a7f-a16d-eeed9ffb3244/omNode-2/ratis/c9bc4cf4-3bc3-3c60-a66b-523986131536/current/log_21-30
2025-04-23 04:27:19,820 [omNode-2-impl-thread1] INFO  server.RaftServer$Division (ServerState.java:setRaftConf(386)) - omNode-2@group-523986131536: set configuration conf: {index: 31, cur=peers:[omNode-3|localhost:15017, omNode-1|localhost:15009, omNode-2|localhost:15013]|listeners:[], old=null}
2025-04-23 04:27:19,820 [omNode-2-impl-thread1] INFO  segmented.LogSegment (LogSegment.java:loadSegment(171)) - Successfully read 2 entries from segment file /home/runner/work/ozone/ozone/hadoop-ozone/integration-test/target/test-dir/MiniOzoneClusterImpl-ff59c164-3798-4a7f-a16d-eeed9ffb3244/omNode-2/ratis/c9bc4cf4-3bc3-3c60-a66b-523986131536/current/log_31-32
2025-04-23 04:27:19,820 [omNode-2-impl-thread1] INFO  server.RaftServer$Division (ServerState.java:setRaftConf(386)) - omNode-2@group-523986131536: set configuration conf: {index: 33, cur=peers:[omNode-3|localhost:15017, omNode-1|localhost:15009, omNode-2|localhost:15013]|listeners:[], old=null}
2025-04-23 04:27:19,820 [omNode-2-impl-thread1] INFO  segmented.LogSegment (LogSegment.java:loadSegment(171)) - Successfully read 2 entries from segment file /home/runner/work/ozone/ozone/hadoop-ozone/integration-test/target/test-dir/MiniOzoneClusterImpl-ff59c164-3798-4a7f-a16d-eeed9ffb3244/omNode-2/ratis/c9bc4cf4-3bc3-3c60-a66b-523986131536/current/log_inprogress_33
2025-04-23 04:27:19,820 [omNode-2-impl-thread1] INFO  segmented.SegmentedRaftLogWorker (SegmentedRaftLogWorker.java:lambda$new$0(139)) - omNode-2@group-523986131536-SegmentedRaftLogWorker: flushIndex: setUnconditionally 0 -> 34
2025-04-23 04:27:19,821 [omNode-2-impl-thread1] INFO  segmented.SegmentedRaftLogWorker (SegmentedRaftLogWorker.java:lambda$new$0(139)) - omNode-2@group-523986131536-SegmentedRaftLogWorker: safeCacheEvictIndex: setUnconditionally 0 -> 32
2025-04-23 04:27:19,821 [omNode-2-impl-thread1] INFO  segmented.BufferedWriteChannel (BufferedWriteChannel.java:open(61)) - open log_inprogress_33 (append) at position 125
2025-04-23 04:27:19,821 [omNode-2-impl-thread1] INFO  server.RaftServer$Division (RaftServerImpl.java:start(391)) - omNode-2@group-523986131536: start as a follower, conf=conf: {index: 33, cur=peers:[omNode-3|localhost:15017, omNode-1|localhost:15009, omNode-2|localhost:15013]|listeners:[], old=null}
2025-04-23 04:27:19,821 [omNode-2-impl-thread1] INFO  server.RaftServer$Division (RaftServerImpl.java:setRole(378)) - omNode-2@group-523986131536: changes role from      null to FOLLOWER at term 4 for startAsFollower
2025-04-23 04:27:19,821 [omNode-2-impl-thread1] INFO  impl.RoleInfo (RoleInfo.java:updateAndGet(148)) - omNode-2: start omNode-2@group-523986131536-FollowerState
2025-04-23 04:27:19,822 [omNode-2-impl-thread1] INFO  util.JmxRegister (JmxRegister.java:tryRegister(44)) - Successfully registered JMX Bean with object name Ratis:service=RaftServer,group=group-523986131536,id=omNode-2
2025-04-23 04:27:19,822 [omNode-2-impl-thread1] INFO  util.JmxRegister (JmxRegister.java:register(58)) - register mxBean class org.apache.ratis.server.impl.RaftServerJmxAdapter as Ratis:service=RaftServer,group=group-523986131536,id=omNode-2
2025-04-23 04:27:19,822 [omNode-2@group-523986131536-FollowerState] INFO  server.RaftServerConfigKeys (ConfUtils.java:logFallback(53)) - raft.server.rpc.first-election.timeout.min = 1s (fallback to raft.server.rpc.timeout.min)
2025-04-23 04:27:19,822 [omNode-2-impl-thread1] INFO  server.RaftServerConfigKeys (ConfUtils.java:logGet(46)) - raft.server.snapshot.trigger-when-stop.enabled = true (default)
2025-04-23 04:27:19,822 [omNode-2-impl-thread1] INFO  server.RaftServerConfigKeys (ConfUtils.java:logGet(46)) - raft.server.snapshot.trigger-when-remove.enabled = true (default)
2025-04-23 04:27:19,822 [omNode-2-impl-thread1] INFO  server.RaftServerConfigKeys (ConfUtils.java:logGet(46)) - raft.server.snapshot.auto.trigger.enabled = true (custom)
2025-04-23 04:27:19,822 [omNode-2-impl-thread1] INFO  server.RaftServerConfigKeys (ConfUtils.java:logGet(46)) - raft.server.snapshot.auto.trigger.threshold = 50 (custom)
2025-04-23 04:27:19,822 [omNode-2-impl-thread1] INFO  server.RaftServerConfigKeys (ConfUtils.java:logGet(46)) - raft.server.snapshot.retention.file.num = -1 (default)
2025-04-23 04:27:19,822 [omNode-2-impl-thread1] INFO  server.RaftServerConfigKeys (ConfUtils.java:logGet(46)) - raft.server.log.purge.upto.snapshot.index = true (custom)
2025-04-23 04:27:19,822 [omNode-2@group-523986131536-FollowerState] INFO  server.RaftServerConfigKeys (ConfUtils.java:logFallback(53)) - raft.server.rpc.first-election.timeout.max = 1200ms (fallback to raft.server.rpc.timeout.max)
2025-04-23 04:27:19,823 [omNode-2-impl-thread1] INFO  server.RaftServer$Division (RaftServerImpl.java:start(405)) - omNode-2@group-523986131536: Successfully started.
2025-04-23 04:27:19,823 [main] INFO  server.RaftServer (RaftServerProxy.java:startImpl(407)) - omNode-2: start RPC server
2025-04-23 04:27:19,824 [main] INFO  server.GrpcService (GrpcService.java:startImpl(334)) - omNode-2: GrpcService started, listening on 15013
2025-04-23 04:27:19,824 [main] INFO  om.OzoneManager (OzoneManager.java:getRpcServer(1360)) - Creating RPC Server
2025-04-23 04:27:19,824 [JvmPauseMonitor16] INFO  util.JvmPauseMonitor (JvmPauseMonitor.java:run(146)) - JvmPauseMonitor-omNode-2: Started
2025-04-23 04:27:20,103 [omNode-3@group-523986131536-FollowerState] INFO  impl.FollowerState (FollowerState.java:runImpl(161)) - omNode-3@group-523986131536-FollowerState: change to CANDIDATE, lastRpcElapsedTime:1151975726ns, electionTimeout:1151ms
2025-04-23 04:27:20,104 [omNode-3@group-523986131536-FollowerState] INFO  impl.RoleInfo (RoleInfo.java:shutdownFollowerState(121)) - omNode-3: shutdown omNode-3@group-523986131536-FollowerState
2025-04-23 04:27:20,104 [omNode-3@group-523986131536-FollowerState] INFO  server.RaftServer$Division (RaftServerImpl.java:setRole(378)) - omNode-3@group-523986131536: changes role from  FOLLOWER to CANDIDATE at term 4 for changeToCandidate
2025-04-23 04:27:20,104 [omNode-3@group-523986131536-FollowerState] INFO  server.RaftServerConfigKeys (ConfUtils.java:logGet(46)) - raft.server.leaderelection.pre-vote = true (default)
2025-04-23 04:27:20,104 [omNode-3@group-523986131536-FollowerState] INFO  impl.RoleInfo (RoleInfo.java:updateAndGet(148)) - omNode-3: start omNode-3@group-523986131536-LeaderElection12
2025-04-23 04:27:20,104 [omNode-3@group-523986131536-LeaderElection12] INFO  impl.LeaderElection (LeaderElection.java:askForVotes(332)) - omNode-3@group-523986131536-LeaderElection12 PRE_VOTE round 0: submit vote requests at term 4 for conf: {index: 33, cur=peers:[omNode-3|localhost:15017, omNode-1|localhost:15009, omNode-2|localhost:15013]|listeners:[], old=null}
2025-04-23 04:27:20,105 [omNode-3@group-523986131536-LeaderElection12-1] INFO  server.GrpcServerProtocolClient (GrpcServerProtocolClient.java:<init>(65)) - Build channel for omNode-1|localhost:15009
2025-04-23 04:27:20,105 [omNode-3@group-523986131536-LeaderElection12-2] INFO  server.GrpcServerProtocolClient (GrpcServerProtocolClient.java:<init>(65)) - Build channel for omNode-2|localhost:15013
2025-04-23 04:27:20,105 [omNode-3@group-523986131536-LeaderElection12] INFO  server.RaftServerConfigKeys (ConfUtils.java:logFallback(53)) - raft.server.rpc.first-election.timeout.min = 1s (fallback to raft.server.rpc.timeout.min)
2025-04-23 04:27:20,105 [omNode-3@group-523986131536-LeaderElection12] INFO  server.RaftServerConfigKeys (ConfUtils.java:logFallback(53)) - raft.server.rpc.first-election.timeout.max = 1200ms (fallback to raft.server.rpc.timeout.max)
2025-04-23 04:27:20,110 [grpc-default-executor-1] INFO  server.RaftServer$Division (RaftServerImpl.java:requestVote(1407)) - omNode-2@group-523986131536: receive requestVote(PRE_VOTE, omNode-3, group-523986131536, 4, (t:4, i:34))
2025-04-23 04:27:20,110 [grpc-default-executor-1] INFO  impl.VoteContext (VoteContext.java:log(49)) - omNode-2@group-523986131536-FOLLOWER: accept PRE_VOTE from omNode-3: our priority 0 <= candidate's priority 0
2025-04-23 04:27:20,110 [grpc-default-executor-1] INFO  server.RaftServer$Division (RaftServerImpl.java:requestVote(1441)) - omNode-2@group-523986131536 replies to PRE_VOTE vote request: omNode-3<-omNode-2#0:OK-t4. Peer's state: omNode-2@group-523986131536:t4, leader=null, voted=omNode-3, raftlog=Memoized:omNode-2@group-523986131536-SegmentedRaftLog:OPENED:c33:last(t:4, i:34), conf=conf: {index: 33, cur=peers:[omNode-3|localhost:15017, omNode-1|localhost:15009, omNode-2|localhost:15013]|listeners:[], old=null}
2025-04-23 04:27:20,111 [grpc-default-executor-4] INFO  server.RaftServer$Division (RaftServerImpl.java:requestVote(1407)) - omNode-1@group-523986131536: receive requestVote(PRE_VOTE, omNode-3, group-523986131536, 4, (t:4, i:34))
2025-04-23 04:27:20,111 [grpc-default-executor-4] INFO  impl.VoteContext (VoteContext.java:log(49)) - omNode-1@group-523986131536-FOLLOWER: accept PRE_VOTE from omNode-3: our priority 0 <= candidate's priority 0
2025-04-23 04:27:20,111 [grpc-default-executor-4] INFO  server.RaftServer$Division (RaftServerImpl.java:requestVote(1441)) - omNode-1@group-523986131536 replies to PRE_VOTE vote request: omNode-3<-omNode-1#0:OK-t4. Peer's state: omNode-1@group-523986131536:t4, leader=null, voted=omNode-3, raftlog=Memoized:omNode-1@group-523986131536-SegmentedRaftLog:OPENED:c33:last(t:4, i:34), conf=conf: {index: 33, cur=peers:[omNode-3|localhost:15017, omNode-1|localhost:15009, omNode-2|localhost:15013]|listeners:[], old=null}
2025-04-23 04:27:20,112 [omNode-3@group-523986131536-LeaderElection12] INFO  impl.LeaderElection (LeaderElection.java:logAndReturn(90)) - omNode-3@group-523986131536-LeaderElection12: PRE_VOTE PASSED received 1 response(s) and 0 exception(s):
2025-04-23 04:27:20,112 [omNode-3@group-523986131536-LeaderElection12] INFO  impl.LeaderElection (LeaderElection.java:logAndReturn(94)) -   Response 0: omNode-3<-omNode-2#0:OK-t4
2025-04-23 04:27:20,112 [omNode-3@group-523986131536-LeaderElection12] INFO  impl.LeaderElection (LeaderElection.java:askForVotes(334)) - omNode-3@group-523986131536-LeaderElection12 PRE_VOTE round 0: result PASSED
2025-04-23 04:27:20,114 [omNode-3@group-523986131536-LeaderElection12] INFO  impl.LeaderElection (LeaderElection.java:askForVotes(332)) - omNode-3@group-523986131536-LeaderElection12 ELECTION round 0: submit vote requests at term 5 for conf: {index: 33, cur=peers:[omNode-3|localhost:15017, omNode-1|localhost:15009, omNode-2|localhost:15013]|listeners:[], old=null}
2025-04-23 04:27:20,115 [omNode-3@group-523986131536-LeaderElection12] INFO  server.RaftServerConfigKeys (ConfUtils.java:logFallback(53)) - raft.server.rpc.first-election.timeout.min = 1s (fallback to raft.server.rpc.timeout.min)
2025-04-23 04:27:20,115 [omNode-3@group-523986131536-LeaderElection12] INFO  server.RaftServerConfigKeys (ConfUtils.java:logFallback(53)) - raft.server.rpc.first-election.timeout.max = 1200ms (fallback to raft.server.rpc.timeout.max)
2025-04-23 04:27:20,115 [grpc-default-executor-4] INFO  server.RaftServer$Division (RaftServerImpl.java:requestVote(1407)) - omNode-1@group-523986131536: receive requestVote(ELECTION, omNode-3, group-523986131536, 5, (t:4, i:34))
2025-04-23 04:27:20,116 [grpc-default-executor-4] INFO  impl.VoteContext (VoteContext.java:log(49)) - omNode-1@group-523986131536-FOLLOWER: accept ELECTION from omNode-3: our priority 0 <= candidate's priority 0
2025-04-23 04:27:20,116 [grpc-default-executor-4] INFO  server.RaftServer$Division (RaftServerImpl.java:setRole(378)) - omNode-1@group-523986131536: changes role from  FOLLOWER to FOLLOWER at term 4 for candidate:omNode-3
2025-04-23 04:27:20,116 [grpc-default-executor-4] INFO  impl.RoleInfo (RoleInfo.java:shutdownFollowerState(121)) - omNode-1: shutdown omNode-1@group-523986131536-FollowerState
2025-04-23 04:27:20,116 [grpc-default-executor-4] INFO  impl.RoleInfo (RoleInfo.java:updateAndGet(148)) - omNode-1: start omNode-1@group-523986131536-FollowerState
2025-04-23 04:27:20,116 [omNode-1@group-523986131536-FollowerState] INFO  impl.FollowerState (FollowerState.java:runImpl(170)) - omNode-1@group-523986131536-FollowerState was interrupted
2025-04-23 04:27:20,117 [grpc-default-executor-1] INFO  server.RaftServer$Division (RaftServerImpl.java:requestVote(1407)) - omNode-2@group-523986131536: receive requestVote(ELECTION, omNode-3, group-523986131536, 5, (t:4, i:34))
2025-04-23 04:27:20,117 [grpc-default-executor-1] INFO  impl.VoteContext (VoteContext.java:log(49)) - omNode-2@group-523986131536-FOLLOWER: accept ELECTION from omNode-3: our priority 0 <= candidate's priority 0
2025-04-23 04:27:20,117 [grpc-default-executor-1] INFO  server.RaftServer$Division (RaftServerImpl.java:setRole(378)) - omNode-2@group-523986131536: changes role from  FOLLOWER to FOLLOWER at term 4 for candidate:omNode-3
2025-04-23 04:27:20,117 [grpc-default-executor-1] INFO  impl.RoleInfo (RoleInfo.java:shutdownFollowerState(121)) - omNode-2: shutdown omNode-2@group-523986131536-FollowerState
2025-04-23 04:27:20,117 [grpc-default-executor-1] INFO  impl.RoleInfo (RoleInfo.java:updateAndGet(148)) - omNode-2: start omNode-2@group-523986131536-FollowerState
2025-04-23 04:27:20,117 [omNode-2@group-523986131536-FollowerState] INFO  impl.FollowerState (FollowerState.java:runImpl(170)) - omNode-2@group-523986131536-FollowerState was interrupted
2025-04-23 04:27:20,117 [grpc-default-executor-4] INFO  server.RaftServer$Division (RaftServerImpl.java:setFirstElection(562)) - omNode-1@group-523986131536: set firstElectionSinceStartup to false for candidate:omNode-3
2025-04-23 04:27:20,119 [omNode-2@group-523986131536-FollowerState] INFO  server.RaftServerConfigKeys (ConfUtils.java:logFallback(53)) - raft.server.rpc.first-election.timeout.min = 1s (fallback to raft.server.rpc.timeout.min)
2025-04-23 04:27:20,119 [omNode-2@group-523986131536-FollowerState] INFO  server.RaftServerConfigKeys (ConfUtils.java:logFallback(53)) - raft.server.rpc.first-election.timeout.max = 1200ms (fallback to raft.server.rpc.timeout.max)
2025-04-23 04:27:20,119 [grpc-default-executor-1] INFO  server.RaftServer$Division (RaftServerImpl.java:setFirstElection(562)) - omNode-2@group-523986131536: set firstElectionSinceStartup to false for candidate:omNode-3
2025-04-23 04:27:20,119 [grpc-default-executor-4] INFO  server.RaftServer$Division (RaftServerImpl.java:requestVote(1441)) - omNode-1@group-523986131536 replies to ELECTION vote request: omNode-3<-omNode-1#0:OK-t5. Peer's state: omNode-1@group-523986131536:t5, leader=null, voted=omNode-3, raftlog=Memoized:omNode-1@group-523986131536-SegmentedRaftLog:OPENED:c33:last(t:4, i:34), conf=conf: {index: 33, cur=peers:[omNode-3|localhost:15017, omNode-1|localhost:15009, omNode-2|localhost:15013]|listeners:[], old=null}
2025-04-23 04:27:20,120 [grpc-default-executor-1] INFO  server.RaftServer$Division (RaftServerImpl.java:requestVote(1441)) - omNode-2@group-523986131536 replies to ELECTION vote request: omNode-3<-omNode-2#0:OK-t5. Peer's state: omNode-2@group-523986131536:t5, leader=null, voted=omNode-3, raftlog=Memoized:omNode-2@group-523986131536-SegmentedRaftLog:OPENED:c33:last(t:4, i:34), conf=conf: {index: 33, cur=peers:[omNode-3|localhost:15017, omNode-1|localhost:15009, omNode-2|localhost:15013]|listeners:[], old=null}
2025-04-23 04:27:20,120 [omNode-3@group-523986131536-LeaderElection12] INFO  impl.LeaderElection (LeaderElection.java:logAndReturn(90)) - omNode-3@group-523986131536-LeaderElection12: ELECTION PASSED received 1 response(s) and 0 exception(s):
2025-04-23 04:27:20,120 [omNode-3@group-523986131536-LeaderElection12] INFO  impl.LeaderElection (LeaderElection.java:logAndReturn(94)) -   Response 0: omNode-3<-omNode-1#0:OK-t5
2025-04-23 04:27:20,120 [omNode-3@group-523986131536-LeaderElection12] INFO  impl.LeaderElection (LeaderElection.java:askForVotes(334)) - omNode-3@group-523986131536-LeaderElection12 ELECTION round 0: result PASSED
2025-04-23 04:27:20,120 [omNode-3@group-523986131536-LeaderElection12] INFO  impl.RoleInfo (RoleInfo.java:shutdownLeaderElection(141)) - omNode-3: shutdown omNode-3@group-523986131536-LeaderElection12
2025-04-23 04:27:20,120 [omNode-3@group-523986131536-LeaderElection12] INFO  server.RaftServer$Division (RaftServerImpl.java:setRole(378)) - omNode-3@group-523986131536: changes role from CANDIDATE to LEADER at term 5 for changeToLeader
2025-04-23 04:27:20,121 [omNode-3@group-523986131536-LeaderElection12] INFO  server.RaftServerConfigKeys (ConfUtils.java:logGet(46)) - raft.server.staging.catchup.gap = 1000 (default)
2025-04-23 04:27:20,121 [omNode-3@group-523986131536-LeaderElection12] INFO  server.RaftServerConfigKeys (ConfUtils.java:logGet(46)) - raft.server.write.element-limit = 4096 (default)
2025-04-23 04:27:20,121 [omNode-3@group-523986131536-LeaderElection12] INFO  server.RaftServerConfigKeys (ConfUtils.java:logGet(46)) - raft.server.write.byte-limit = 64MB (=67108864) (default)
2025-04-23 04:27:20,121 [omNode-3@group-523986131536-LeaderElection12] INFO  server.RaftServerConfigKeys (ConfUtils.java:logGet(46)) - raft.server.watch.timeout = 10s (default)
2025-04-23 04:27:20,121 [omNode-3@group-523986131536-LeaderElection12] INFO  server.RaftServerConfigKeys (ConfUtils.java:logGet(46)) - raft.server.watch.timeout.denomination = 1s (default)
2025-04-23 04:27:20,121 [omNode-3@group-523986131536-LeaderElection12] INFO  server.RaftServerConfigKeys (ConfUtils.java:logGet(46)) - raft.server.watch.element-limit = 65536 (default)
2025-04-23 04:27:20,121 [omNode-3@group-523986131536-LeaderElection12] INFO  server.RaftServerConfigKeys (ConfUtils.java:logGet(46)) - raft.server.read.leader.lease.enabled = false (default)
2025-04-23 04:27:20,122 [omNode-3@group-523986131536-LeaderElection12] INFO  server.RaftServerConfigKeys (ConfUtils.java:logGet(46)) - raft.server.read.leader.lease.timeout.ratio = 0.9 (default)
2025-04-23 04:27:20,122 [omNode-3@group-523986131536-LeaderElection12] INFO  server.RaftServerConfigKeys (ConfUtils.java:logGet(46)) - raft.server.rpc.timeout.min = 1s (custom)
2025-04-23 04:27:20,122 [omNode-3@group-523986131536-LeaderElection12] INFO  server.RaftServerConfigKeys (ConfUtils.java:logGet(46)) - raft.server.log.log-metadata.enabled = true (default)
2025-04-23 04:27:20,122 [omNode-3@group-523986131536-LeaderElection12] INFO  server.RaftServerConfigKeys (ConfUtils.java:logGet(46)) - raft.server.write.element-limit = 4096 (default)
2025-04-23 04:27:20,122 [omNode-3@group-523986131536-LeaderElection12] INFO  server.RaftServerConfigKeys (ConfUtils.java:logGet(46)) - raft.server.write.follower.gap.ratio.max = -1.0 (default)
2025-04-23 04:27:20,122 [omNode-3@group-523986131536-LeaderElection12] INFO  server.RaftServerConfigKeys (ConfUtils.java:logGet(46)) - raft.server.log.appender.snapshot.chunk.size.max = 16MB (=16777216) (default)
2025-04-23 04:27:20,122 [omNode-3@group-523986131536-LeaderElection12] INFO  server.RaftServerConfigKeys (ConfUtils.java:logGet(46)) - raft.server.log.appender.buffer.byte-limit = 4194304 (custom)
2025-04-23 04:27:20,122 [omNode-3@group-523986131536-LeaderElection12] INFO  server.RaftServerConfigKeys (ConfUtils.java:logGet(46)) - raft.server.log.appender.buffer.element-limit = 1024 (custom)
2025-04-23 04:27:20,122 [omNode-3@group-523986131536-LeaderElection12] INFO  server.RaftServerConfigKeys (ConfUtils.java:logGet(46)) - raft.server.log.appender.wait-time.min = 0ms (custom)
2025-04-23 04:27:20,122 [omNode-3@group-523986131536-LeaderElection12] INFO  grpc.GrpcConfigKeys (ConfUtils.java:logGet(46)) - raft.grpc.server.leader.outstanding.appends.max = 8 (default)
2025-04-23 04:27:20,123 [omNode-3@group-523986131536-LeaderElection12] INFO  server.RaftServerConfigKeys (ConfUtils.java:logGet(46)) - raft.server.rpc.request.timeout = 3000ms (default)
2025-04-23 04:27:20,123 [omNode-3@group-523986131536-LeaderElection12] INFO  grpc.GrpcConfigKeys (ConfUtils.java:logGet(46)) - raft.grpc.server.install_snapshot.request.element-limit = 8 (default)
2025-04-23 04:27:20,123 [omNode-3@group-523986131536-LeaderElection12] INFO  grpc.GrpcConfigKeys (ConfUtils.java:logGet(46)) - raft.grpc.server.install_snapshot.request.timeout = 3000ms (default)
2025-04-23 04:27:20,123 [omNode-3@group-523986131536-LeaderElection12] INFO  grpc.GrpcConfigKeys (ConfUtils.java:logGet(46)) - raft.grpc.server.log-message.batch.duration = 5s (default)
2025-04-23 04:27:20,123 [omNode-3@group-523986131536-LeaderElection12] INFO  server.RaftServerConfigKeys (ConfUtils.java:logGet(46)) - raft.server.log.appender.install.snapshot.enabled = false (custom)
2025-04-23 04:27:20,123 [omNode-3@group-523986131536-LeaderElection12] INFO  grpc.GrpcConfigKeys (ConfUtils.java:logGet(46)) - raft.grpc.server.heartbeat.channel = true (default)
2025-04-23 04:27:20,124 [omNode-3@group-523986131536-LeaderElection12] INFO  server.RaftServerConfigKeys (ConfUtils.java:logGet(46)) - raft.server.log.appender.snapshot.chunk.size.max = 16MB (=16777216) (default)
2025-04-23 04:27:20,124 [omNode-3@group-523986131536-LeaderElection12] INFO  server.RaftServerConfigKeys (ConfUtils.java:logGet(46)) - raft.server.log.appender.buffer.byte-limit = 4194304 (custom)
2025-04-23 04:27:20,124 [omNode-3@group-523986131536-LeaderElection12] INFO  server.RaftServerConfigKeys (ConfUtils.java:logGet(46)) - raft.server.log.appender.buffer.element-limit = 1024 (custom)
2025-04-23 04:27:20,124 [omNode-3@group-523986131536-LeaderElection12] INFO  server.RaftServerConfigKeys (ConfUtils.java:logGet(46)) - raft.server.log.appender.wait-time.min = 0ms (custom)
2025-04-23 04:27:20,124 [omNode-3@group-523986131536-LeaderElection12] INFO  grpc.GrpcConfigKeys (ConfUtils.java:logGet(46)) - raft.grpc.server.leader.outstanding.appends.max = 8 (default)
2025-04-23 04:27:20,124 [omNode-3@group-523986131536-LeaderElection12] INFO  server.RaftServerConfigKeys (ConfUtils.java:logGet(46)) - raft.server.rpc.request.timeout = 3000ms (default)
2025-04-23 04:27:20,124 [omNode-3@group-523986131536-LeaderElection12] INFO  grpc.GrpcConfigKeys (ConfUtils.java:logGet(46)) - raft.grpc.server.install_snapshot.request.element-limit = 8 (default)
2025-04-23 04:27:20,124 [omNode-3@group-523986131536-LeaderElection12] INFO  grpc.GrpcConfigKeys (ConfUtils.java:logGet(46)) - raft.grpc.server.install_snapshot.request.timeout = 3000ms (default)
2025-04-23 04:27:20,124 [omNode-3@group-523986131536-LeaderElection12] INFO  grpc.GrpcConfigKeys (ConfUtils.java:logGet(46)) - raft.grpc.server.log-message.batch.duration = 5s (default)
2025-04-23 04:27:20,125 [omNode-3@group-523986131536-LeaderElection12] INFO  server.RaftServerConfigKeys (ConfUtils.java:logGet(46)) - raft.server.log.appender.install.snapshot.enabled = false (custom)
2025-04-23 04:27:20,125 [omNode-3@group-523986131536-LeaderElection12] INFO  grpc.GrpcConfigKeys (ConfUtils.java:logGet(46)) - raft.grpc.server.heartbeat.channel = true (default)
2025-04-23 04:27:20,125 [omNode-3@group-523986131536-LeaderElection12] INFO  impl.RoleInfo (RoleInfo.java:updateAndGet(148)) - omNode-3: start omNode-3@group-523986131536-LeaderStateImpl
2025-04-23 04:27:20,126 [omNode-3@group-523986131536-LeaderElection12] INFO  server.RaftServer$Division (RaftServerImpl.java:setFirstElection(562)) - omNode-3@group-523986131536: set firstElectionSinceStartup to false for becomeLeader
2025-04-23 04:27:20,126 [omNode-3@group-523986131536-LeaderElection12] INFO  ratis.OzoneManagerStateMachine (OzoneManagerStateMachine.java:notifyLeaderChanged(169)) - omNode-3@group-523986131536: leader changed to omNode-3
2025-04-23 04:27:20,126 [omNode-3@group-523986131536-LeaderElection12] INFO  server.RaftServer$Division (ServerState.java:setLeader(272)) - omNode-3@group-523986131536: change Leader from null to omNode-3 at term 5 for becomeLeader, leader elected after 1184ms
2025-04-23 04:27:20,126 [omNode-3@group-523986131536-LeaderElection12] INFO  segmented.SegmentedRaftLogWorker (SegmentedRaftLogWorker.java:rollLogSegment(443)) - omNode-3@group-523986131536-SegmentedRaftLogWorker: Rolling segment log-33_34 to index:34
2025-04-23 04:27:20,126 [omNode-3@group-523986131536-LeaderElection12] INFO  server.RaftServer$Division (ServerState.java:setRaftConf(386)) - omNode-3@group-523986131536: set configuration conf: {index: 35, cur=peers:[omNode-3|localhost:15017, omNode-1|localhost:15009, omNode-2|localhost:15013]|listeners:[], old=null}
2025-04-23 04:27:20,126 [omNode-3@group-523986131536-SegmentedRaftLogWorker] INFO  segmented.SegmentedRaftLogWorker (SegmentedRaftLogWorker.java:execute(601)) - omNode-3@group-523986131536-SegmentedRaftLogWorker: Rolled log segment from /home/runner/work/ozone/ozone/hadoop-ozone/integration-test/target/test-dir/MiniOzoneClusterImpl-ff59c164-3798-4a7f-a16d-eeed9ffb3244/omNode-3/ratis/c9bc4cf4-3bc3-3c60-a66b-523986131536/current/log_inprogress_33 to /home/runner/work/ozone/ozone/hadoop-ozone/integration-test/target/test-dir/MiniOzoneClusterImpl-ff59c164-3798-4a7f-a16d-eeed9ffb3244/omNode-3/ratis/c9bc4cf4-3bc3-3c60-a66b-523986131536/current/log_33-34
2025-04-23 04:27:20,127 [omNode-3@group-523986131536-SegmentedRaftLogWorker] INFO  segmented.BufferedWriteChannel (BufferedWriteChannel.java:open(61)) - open log_inprogress_35 at position 0
2025-04-23 04:27:20,138 [omNode-1-server-thread1] INFO  ratis.OzoneManagerStateMachine (OzoneManagerStateMachine.java:notifyLeaderChanged(169)) - omNode-1@group-523986131536: leader changed to omNode-3
2025-04-23 04:27:20,138 [omNode-1-server-thread1] INFO  server.RaftServer$Division (ServerState.java:setLeader(272)) - omNode-1@group-523986131536: change Leader from null to omNode-3 at term 5 for appendEntries, leader elected after 790ms
2025-04-23 04:27:20,138 [omNode-2-server-thread1] INFO  ratis.OzoneManagerStateMachine (OzoneManagerStateMachine.java:notifyLeaderChanged(169)) - omNode-2@group-523986131536: leader changed to omNode-3
2025-04-23 04:27:20,138 [omNode-2-server-thread1] INFO  server.RaftServer$Division (ServerState.java:setLeader(272)) - omNode-2@group-523986131536: change Leader from null to omNode-3 at term 5 for appendEntries, leader elected after 326ms
2025-04-23 04:27:20,139 [omNode-1-server-thread2] INFO  server.RaftServer$Division (ServerState.java:setRaftConf(386)) - omNode-1@group-523986131536: set configuration conf: {index: 35, cur=peers:[omNode-3|localhost:15017, omNode-1|localhost:15009, omNode-2|localhost:15013]|listeners:[], old=null}
2025-04-23 04:27:20,139 [omNode-1-server-thread2] INFO  segmented.SegmentedRaftLogWorker (SegmentedRaftLogWorker.java:rollLogSegment(443)) - omNode-1@group-523986131536-SegmentedRaftLogWorker: Rolling segment log-33_34 to index:34
2025-04-23 04:27:20,140 [omNode-1@group-523986131536-SegmentedRaftLogWorker] INFO  segmented.SegmentedRaftLogWorker (SegmentedRaftLogWorker.java:execute(601)) - omNode-1@group-523986131536-SegmentedRaftLogWorker: Rolled log segment from /home/runner/work/ozone/ozone/hadoop-ozone/integration-test/target/test-dir/MiniOzoneClusterImpl-ff59c164-3798-4a7f-a16d-eeed9ffb3244/omNode-1/ratis/c9bc4cf4-3bc3-3c60-a66b-523986131536/current/log_inprogress_33 to /home/runner/work/ozone/ozone/hadoop-ozone/integration-test/target/test-dir/MiniOzoneClusterImpl-ff59c164-3798-4a7f-a16d-eeed9ffb3244/omNode-1/ratis/c9bc4cf4-3bc3-3c60-a66b-523986131536/current/log_33-34
2025-04-23 04:27:20,141 [omNode-3@group-523986131536-SegmentedRaftLogWorker] INFO  segmented.SegmentedRaftLogWorker (SegmentedRaftLogWorker.java:execute(644)) - omNode-3@group-523986131536-SegmentedRaftLogWorker: created new log segment /home/runner/work/ozone/ozone/hadoop-ozone/integration-test/target/test-dir/MiniOzoneClusterImpl-ff59c164-3798-4a7f-a16d-eeed9ffb3244/omNode-3/ratis/c9bc4cf4-3bc3-3c60-a66b-523986131536/current/log_inprogress_35
2025-04-23 04:27:20,142 [omNode-1@group-523986131536-SegmentedRaftLogWorker] INFO  segmented.BufferedWriteChannel (BufferedWriteChannel.java:open(61)) - open log_inprogress_35 at position 0
2025-04-23 04:27:20,143 [omNode-2-server-thread3] INFO  server.RaftServer$Division (ServerState.java:setRaftConf(386)) - omNode-2@group-523986131536: set configuration conf: {index: 35, cur=peers:[omNode-3|localhost:15017, omNode-1|localhost:15009, omNode-2|localhost:15013]|listeners:[], old=null}
2025-04-23 04:27:20,144 [omNode-2-server-thread3] INFO  segmented.SegmentedRaftLogWorker (SegmentedRaftLogWorker.java:rollLogSegment(443)) - omNode-2@group-523986131536-SegmentedRaftLogWorker: Rolling segment log-33_34 to index:34
2025-04-23 04:27:20,144 [omNode-2@group-523986131536-SegmentedRaftLogWorker] INFO  segmented.SegmentedRaftLogWorker (SegmentedRaftLogWorker.java:execute(601)) - omNode-2@group-523986131536-SegmentedRaftLogWorker: Rolled log segment from /home/runner/work/ozone/ozone/hadoop-ozone/integration-test/target/test-dir/MiniOzoneClusterImpl-ff59c164-3798-4a7f-a16d-eeed9ffb3244/omNode-2/ratis/c9bc4cf4-3bc3-3c60-a66b-523986131536/current/log_inprogress_33 to /home/runner/work/ozone/ozone/hadoop-ozone/integration-test/target/test-dir/MiniOzoneClusterImpl-ff59c164-3798-4a7f-a16d-eeed9ffb3244/omNode-2/ratis/c9bc4cf4-3bc3-3c60-a66b-523986131536/current/log_33-34
2025-04-23 04:27:20,146 [omNode-2@group-523986131536-SegmentedRaftLogWorker] INFO  segmented.BufferedWriteChannel (BufferedWriteChannel.java:open(61)) - open log_inprogress_35 at position 0
2025-04-23 04:27:20,157 [omNode-1@group-523986131536-SegmentedRaftLogWorker] INFO  segmented.SegmentedRaftLogWorker (SegmentedRaftLogWorker.java:execute(644)) - omNode-1@group-523986131536-SegmentedRaftLogWorker: created new log segment /home/runner/work/ozone/ozone/hadoop-ozone/integration-test/target/test-dir/MiniOzoneClusterImpl-ff59c164-3798-4a7f-a16d-eeed9ffb3244/omNode-1/ratis/c9bc4cf4-3bc3-3c60-a66b-523986131536/current/log_inprogress_35
2025-04-23 04:27:20,158 [omNode-2@group-523986131536-SegmentedRaftLogWorker] INFO  segmented.SegmentedRaftLogWorker (SegmentedRaftLogWorker.java:execute(644)) - omNode-2@group-523986131536-SegmentedRaftLogWorker: created new log segment /home/runner/work/ozone/ozone/hadoop-ozone/integration-test/target/test-dir/MiniOzoneClusterImpl-ff59c164-3798-4a7f-a16d-eeed9ffb3244/omNode-2/ratis/c9bc4cf4-3bc3-3c60-a66b-523986131536/current/log_inprogress_35
2025-04-23 04:27:20,160 [omNode-3@group-523986131536-StateMachineUpdater] INFO  ratis.OzoneManagerStateMachine (OzoneManagerStateMachine.java:notifyConfigurationChanged(231)) - notifyConfigurationChanged from Ratis: term=5, index=35, New Peer list: omNode-3(localhost:15017), omNode-1(localhost:15009), omNode-2(localhost:15013)
2025-04-23 04:27:20,160 [omNode-3@group-523986131536-StateMachineUpdater] INFO  server.RaftServer$Division (LeaderStateImpl.java:checkStartIndex(313)) - Leader omNode-3@group-523986131536-LeaderStateImpl is ready since appliedIndex == startIndex == 35
2025-04-23 04:27:20,162 [omNode-2@group-523986131536-StateMachineUpdater] INFO  ratis.OzoneManagerStateMachine (OzoneManagerStateMachine.java:notifyConfigurationChanged(231)) - notifyConfigurationChanged from Ratis: term=5, index=35, New Peer list: omNode-3(localhost:15017), omNode-1(localhost:15009), omNode-2(localhost:15013)
2025-04-23 04:27:20,163 [omNode-1@group-523986131536-StateMachineUpdater] INFO  ratis.OzoneManagerStateMachine (OzoneManagerStateMachine.java:notifyConfigurationChanged(231)) - notifyConfigurationChanged from Ratis: term=5, index=35, New Peer list: omNode-3(localhost:15017), omNode-1(localhost:15009), omNode-2(localhost:15013)
2025-04-23 04:27:20,170 [main] INFO  reflections.Reflections (Reflections.java:scan(219)) - Reflections took 345 ms to scan 22 urls, producing 61 keys and 7422 values
2025-04-23 04:27:20,171 [main] INFO  ipc.CallQueueManager (CallQueueManager.java:<init>(93)) - Using callQueue: class java.util.concurrent.LinkedBlockingQueue, queueCapacity: 2000, scheduler: class org.apache.hadoop.ipc.DefaultRpcScheduler, ipcBackoff: false, ipcFailOver: false.
2025-04-23 04:27:20,171 [main] INFO  ipc.Server (Server.java:<init>(1438)) - Listener at localhost:15010
2025-04-23 04:27:20,171 [Socket Reader #1 for port 15010] INFO  ipc.Server (Server.java:run(1474)) - Starting Socket Reader #1 for port 15010
2025-04-23 04:27:20,171 [Socket Reader #2 for port 15010] INFO  ipc.Server (Server.java:run(1474)) - Starting Socket Reader #2 for port 15010
2025-04-23 04:27:20,172 [Socket Reader #3 for port 15010] INFO  ipc.Server (Server.java:run(1474)) - Starting Socket Reader #3 for port 15010
2025-04-23 04:27:20,172 [Socket Reader #4 for port 15010] INFO  ipc.Server (Server.java:run(1474)) - Starting Socket Reader #4 for port 15010
2025-04-23 04:27:20,172 [Socket Reader #5 for port 15010] INFO  ipc.Server (Server.java:run(1474)) - Starting Socket Reader #5 for port 15010
2025-04-23 04:27:20,172 [Socket Reader #6 for port 15010] INFO  ipc.Server (Server.java:run(1474)) - Starting Socket Reader #6 for port 15010
2025-04-23 04:27:20,172 [Socket Reader #7 for port 15010] INFO  ipc.Server (Server.java:run(1474)) - Starting Socket Reader #7 for port 15010
2025-04-23 04:27:20,172 [Socket Reader #8 for port 15010] INFO  ipc.Server (Server.java:run(1474)) - Starting Socket Reader #8 for port 15010
2025-04-23 04:27:20,172 [Socket Reader #9 for port 15010] INFO  ipc.Server (Server.java:run(1474)) - Starting Socket Reader #9 for port 15010
2025-04-23 04:27:20,172 [Socket Reader #10 for port 15010] INFO  ipc.Server (Server.java:run(1474)) - Starting Socket Reader #10 for port 15010
2025-04-23 04:27:20,174 [main] INFO  http.BaseHttpServer (BaseHttpServer.java:newHttpServer2BuilderForOzone(229)) - Starting Web-server for ozoneManager at: http://0.0.0.0:15011
2025-04-23 04:27:20,174 [main] INFO  http.BaseHttpServer (BaseHttpServer.java:<init>(107)) - Hadoop Security Enabled: false Ozone Security Enabled: false Ozone HTTP Security Enabled: false 
2025-04-23 04:27:20,175 [main] WARN  server.AuthenticationFilter (AuthenticationFilter.java:constructSecretProvider(240)) - Unable to initialize FileSignerSecretProvider, falling back to use random secrets. Reason: Could not read signature secret file: /home/runner/hadoop-http-auth-signature-secret
2025-04-23 04:27:20,177 [main] INFO  http.HttpServer2 (HttpServer2.java:addGlobalFilter(1041)) - Added global filter 'safety' (class=org.apache.hadoop.hdds.server.http.HttpServer2$QuotingInputFilter)
2025-04-23 04:27:20,178 [main] INFO  http.HttpServer2 (HttpServer2.java:addFilter(1017)) - Added filter static_user_filter (class=org.apache.hadoop.http.lib.StaticUserWebFilter$StaticUserFilter) to context ozoneManager
2025-04-23 04:27:20,178 [main] INFO  http.HttpServer2 (HttpServer2.java:addFilter(1025)) - Added filter static_user_filter (class=org.apache.hadoop.http.lib.StaticUserWebFilter$StaticUserFilter) to context logs
2025-04-23 04:27:20,178 [main] INFO  http.HttpServer2 (HttpServer2.java:addFilter(1025)) - Added filter static_user_filter (class=org.apache.hadoop.http.lib.StaticUserWebFilter$StaticUserFilter) to context static
2025-04-23 04:27:20,179 [main] INFO  http.BaseHttpServer (BaseHttpServer.java:<init>(195)) - HTTP server of ozoneManager uses base directory /home/runner/work/ozone/ozone/hadoop-ozone/integration-test/target/test-dir/MiniOzoneClusterImpl-ff59c164-3798-4a7f-a16d-eeed9ffb3244/omNode-2/webserver
2025-04-23 04:27:20,179 [main] INFO  http.HttpServer2 (HttpServer2.java:bindListener(1241)) - Jetty bound to port 15011
2025-04-23 04:27:20,179 [main] INFO  server.Server (Server.java:doStart(375)) - jetty-9.4.57.v20241219; built: 2025-01-08T21:24:30.412Z; git: df524e6b29271c2e09ba9aea83c18dc9db464a31; jvm 21.0.7+6-LTS
2025-04-23 04:27:20,181 [main] INFO  server.session (DefaultSessionIdManager.java:doStart(334)) - DefaultSessionIdManager workerName=node0
2025-04-23 04:27:20,181 [main] INFO  server.session (DefaultSessionIdManager.java:doStart(339)) - No SessionScavenger set, using defaults
2025-04-23 04:27:20,181 [main] INFO  server.session (HouseKeeper.java:startScavenging(132)) - node0 Scavenging every 600000ms
2025-04-23 04:27:20,182 [main] INFO  handler.ContextHandler (ContextHandler.java:doStart(921)) - Started o.e.j.s.ServletContextHandler@23f53c40{logs,/logs,file:///home/runner/work/ozone/ozone/hadoop-ozone/integration-test/target/log,AVAILABLE}
2025-04-23 04:27:20,182 [main] INFO  handler.ContextHandler (ContextHandler.java:doStart(921)) - Started o.e.j.s.ServletContextHandler@2ef206bf{static,/static,file:///home/runner/work/ozone/ozone/hadoop-ozone/integration-test/target/test-classes/webapps/static,AVAILABLE}
2025-04-23 04:27:20,186 [main] INFO  handler.ContextHandler (ContextHandler.java:doStart(921)) - Started o.e.j.w.WebAppContext@ab61437{ozoneManager,/,file:///home/runner/work/ozone/ozone/hadoop-ozone/integration-test/target/test-classes/webapps/ozoneManager/,AVAILABLE}{file:/home/runner/work/ozone/ozone/hadoop-ozone/integration-test/target/test-classes/webapps/ozoneManager}
2025-04-23 04:27:20,187 [main] INFO  server.AbstractConnector (AbstractConnector.java:doStart(333)) - Started ServerConnector@59d8e4a9{HTTP/1.1, (http/1.1)}{0.0.0.0:15011}
2025-04-23 04:27:20,187 [main] INFO  server.Server (Server.java:doStart(415)) - Started @43605ms
2025-04-23 04:27:20,187 [main] WARN  impl.MetricsSystemImpl (MetricsSystemImpl.java:register(279)) - Sink prometheus already exists!
2025-04-23 04:27:20,187 [main] INFO  http.BaseHttpServer (BaseHttpServer.java:updateConnectorAddress(360)) - HTTP server of ozoneManager listening at http://0.0.0.0:15011
2025-04-23 04:27:20,188 [IPC Server Responder] INFO  ipc.Server (Server.java:run(1713)) - IPC Server Responder: starting
2025-04-23 04:27:20,188 [IPC Server listener on 15010] INFO  ipc.Server (Server.java:run(1553)) - IPC Server listener on 15010: starting
2025-04-23 04:27:20,190 [main] INFO  om.OzoneManager (OzoneManager.java:startTrashEmptier(2257)) - Trash Interval set to 0. Files deleted won't move to trash
]]></system-out>
  </testcase>
  <testcase name="testKeyDeletion" classname="org.apache.hadoop.ozone.om.TestOzoneManagerHAWithStoppedNodes" time="23.831">
    <system-out><![CDATA[2025-04-23 04:27:20,193 [main] INFO  rpc.RpcClient (RpcClient.java:createVolume(462)) - Creating Volume: volumec84e7f24-6340-4600-94a8-873010027a19, with user96127 as owner and space quota set to -1 bytes, counts quota set to -1
2025-04-23 04:27:20,195 [main] INFO  retry.RetryInvocationHandler (RetryInvocationHandler.java:log(426)) - com.google.protobuf.ServiceException: org.apache.hadoop.ipc.RemoteException(org.apache.hadoop.ozone.om.exceptions.OMNotLeaderException): OM:omNode-2 is not the leader. Suggested leader is OM:omNode-3[localhost/127.0.0.1].
	at org.apache.hadoop.ozone.om.ratis.OzoneManagerRatisServer.newOMNotLeaderException(OzoneManagerRatisServer.java:813)
	at org.apache.hadoop.ozone.om.OzoneManager.checkLeaderStatus(OzoneManager.java:4355)
	at org.apache.hadoop.ozone.om.ratis.utils.OzoneManagerRatisUtils.checkLeaderStatus(OzoneManagerRatisUtils.java:500)
	at org.apache.hadoop.ozone.protocolPB.OzoneManagerProtocolServerSideTranslatorPB.internalProcessRequest(OzoneManagerProtocolServerSideTranslatorPB.java:165)
	at org.apache.hadoop.ozone.protocolPB.OzoneManagerProtocolServerSideTranslatorPB.processRequest(OzoneManagerProtocolServerSideTranslatorPB.java:125)
	at org.apache.hadoop.hdds.server.OzoneProtocolMessageDispatcher.processRequest(OzoneProtocolMessageDispatcher.java:87)
	at org.apache.hadoop.ozone.protocolPB.OzoneManagerProtocolServerSideTranslatorPB.submitRequest(OzoneManagerProtocolServerSideTranslatorPB.java:116)
	at org.apache.hadoop.ozone.protocol.proto.OzoneManagerProtocolProtos$OzoneManagerService$2.callBlockingMethod(OzoneManagerProtocolProtos.java)
	at org.apache.hadoop.ipc.ProtobufRpcEngine$Server.processCall(ProtobufRpcEngine.java:484)
	at org.apache.hadoop.ipc.ProtobufRpcEngine2$Server$ProtoBufRpcInvoker.call(ProtobufRpcEngine2.java:595)
	at org.apache.hadoop.ipc.ProtobufRpcEngine2$Server$ProtoBufRpcInvoker.call(ProtobufRpcEngine2.java:573)
	at org.apache.hadoop.ipc.RPC$Server.call(RPC.java:1227)
	at org.apache.hadoop.ipc.Server$RpcCall.run(Server.java:1246)
	at org.apache.hadoop.ipc.Server$RpcCall.run(Server.java:1169)
	at java.base/java.security.AccessController.doPrivileged(AccessController.java:714)
	at java.base/javax.security.auth.Subject.doAs(Subject.java:525)
	at org.apache.hadoop.security.UserGroupInformation.doAs(UserGroupInformation.java:1953)
	at org.apache.hadoop.ipc.Server$Handler.run(Server.java:3198)
, while invoking $Proxy68.submitRequest over nodeId=omNode-2,nodeAddress=127.0.0.1:15010. Trying to failover immediately. Current retry count: 0.
2025-04-23 04:27:20,212 [omNode-3-OMStateMachineApplyTransactionThread - 0] WARN  helpers.OzoneAclUtil (OzoneAclUtil.java:getDefaultAclList(77)) - Failed to get primary group from user user96127 (auth:SIMPLE)
2025-04-23 04:27:20,212 [omNode-3-OMStateMachineApplyTransactionThread - 0] INFO  volume.OMVolumeCreateRequest (OMVolumeCreateRequest.java:validateAndUpdateCache(203)) - created volume:volumec84e7f24-6340-4600-94a8-873010027a19 for user:user96127
2025-04-23 04:27:20,213 [omNode-1-OMStateMachineApplyTransactionThread - 0] WARN  helpers.OzoneAclUtil (OzoneAclUtil.java:getDefaultAclList(77)) - Failed to get primary group from user user96127 (auth:SIMPLE)
2025-04-23 04:27:20,213 [omNode-1-OMStateMachineApplyTransactionThread - 0] INFO  volume.OMVolumeCreateRequest (OMVolumeCreateRequest.java:validateAndUpdateCache(203)) - created volume:volumec84e7f24-6340-4600-94a8-873010027a19 for user:user96127
2025-04-23 04:27:20,213 [omNode-2-OMStateMachineApplyTransactionThread - 0] WARN  helpers.OzoneAclUtil (OzoneAclUtil.java:getDefaultAclList(77)) - Failed to get primary group from user user96127 (auth:SIMPLE)
2025-04-23 04:27:20,213 [omNode-2-OMStateMachineApplyTransactionThread - 0] INFO  volume.OMVolumeCreateRequest (OMVolumeCreateRequest.java:validateAndUpdateCache(203)) - created volume:volumec84e7f24-6340-4600-94a8-873010027a19 for user:user96127
2025-04-23 04:27:20,216 [main] INFO  rpc.RpcClient (RpcClient.java:createBucket(687)) - Creating Bucket: volumec84e7f24-6340-4600-94a8-873010027a19/e3e44b67-cb70-425c-92d6-7434136aa8ff, with server-side default bucket layout, runner as owner, Versioning false, Storage Type set to DISK and Encryption set to false, Replication Type set to server-side default replication type, Namespace Quota set to -1, Space Quota set to -1 
2025-04-23 04:27:20,220 [omNode-3-OMStateMachineApplyTransactionThread - 0] INFO  bucket.OMBucketCreateRequest (OMBucketCreateRequest.java:validateAndUpdateCache(291)) - created bucket: e3e44b67-cb70-425c-92d6-7434136aa8ff of layout OBJECT_STORE in volume: volumec84e7f24-6340-4600-94a8-873010027a19
2025-04-23 04:27:20,222 [omNode-1-OMStateMachineApplyTransactionThread - 0] INFO  bucket.OMBucketCreateRequest (OMBucketCreateRequest.java:validateAndUpdateCache(291)) - created bucket: e3e44b67-cb70-425c-92d6-7434136aa8ff of layout OBJECT_STORE in volume: volumec84e7f24-6340-4600-94a8-873010027a19
2025-04-23 04:27:20,223 [omNode-2-OMStateMachineApplyTransactionThread - 0] INFO  bucket.OMBucketCreateRequest (OMBucketCreateRequest.java:validateAndUpdateCache(291)) - created bucket: e3e44b67-cb70-425c-92d6-7434136aa8ff of layout OBJECT_STORE in volume: volumec84e7f24-6340-4600-94a8-873010027a19
2025-04-23 04:27:28,936 [omNode-3-KeyDeletingService#0] INFO  utils.BackgroundService (AbstractKeyDeletingService.java:processKeyDeletes(117)) - Send 2 key(s) to SCM, first 2 keys: [BlockGroup[groupID='/volumec84e7f24-6340-4600-94a8-873010027a19/e3e44b67-cb70-425c-92d6-7434136aa8ff/dir/file1/-9223372036854765312', blockIDs=[conID: 3 locID: 115816896921600003 bcsId: 0 replicaIndex: null]], BlockGroup[groupID='/volumec84e7f24-6340-4600-94a8-873010027a19/e3e44b67-cb70-425c-92d6-7434136aa8ff/dir/file2/-9223372036854764288', blockIDs=[conID: 4 locID: 115816896921600004 bcsId: 0 replicaIndex: null]]]
2025-04-23 04:27:28,945 [IPC Server handler 0 on default port 15001] INFO  ha.SequenceIdGenerator (SequenceIdGenerator.java:getNextId(143)) - Allocate a batch for delTxnId, change lastId from 0 to 1000.
2025-04-23 04:27:28,959 [omNode-3-KeyDeletingService#0] INFO  utils.BackgroundService (AbstractKeyDeletingService.java:processKeyDeletes(122)) - 2 BlockGroup deletion are acked by SCM in 23 ms
2025-04-23 04:27:28,969 [omNode-3-KeyDeletingService#0] INFO  utils.BackgroundService (AbstractKeyDeletingService.java:processKeyDeletes(130)) - Blocks for 2 (out of 2) keys are deleted from DB in 10 ms. Limit per task is 2.
2025-04-23 04:27:38,933 [omNode-3-KeyDeletingService#0] INFO  utils.BackgroundService (AbstractKeyDeletingService.java:processKeyDeletes(117)) - Send 2 key(s) to SCM, first 2 keys: [BlockGroup[groupID='/volumec84e7f24-6340-4600-94a8-873010027a19/e3e44b67-cb70-425c-92d6-7434136aa8ff/dir/file3/-9223372036854763264', blockIDs=[conID: 1 locID: 115816896921600005 bcsId: 0 replicaIndex: null]], BlockGroup[groupID='/volumec84e7f24-6340-4600-94a8-873010027a19/e3e44b67-cb70-425c-92d6-7434136aa8ff/dir/file4/-9223372036854762240', blockIDs=[conID: 5 locID: 115816896921600006 bcsId: 0 replicaIndex: null]]]
2025-04-23 04:27:38,936 [omNode-3-KeyDeletingService#0] INFO  utils.BackgroundService (AbstractKeyDeletingService.java:processKeyDeletes(122)) - 2 BlockGroup deletion are acked by SCM in 3 ms
2025-04-23 04:27:38,940 [omNode-3-KeyDeletingService#0] INFO  utils.BackgroundService (AbstractKeyDeletingService.java:processKeyDeletes(130)) - Blocks for 2 (out of 2) keys are deleted from DB in 4 ms. Limit per task is 2.
2025-04-23 04:27:40,495 [main] INFO  om.OzoneManager (OzoneManager.java:stop(2347)) - omNode-3[localhost:15014]: Stopping Ozone Manager
2025-04-23 04:27:40,495 [main] INFO  ipc.Server (Server.java:stop(3697)) - Stopping server on 15014
2025-04-23 04:27:40,497 [IPC Server listener on 15014] INFO  ipc.Server (Server.java:run(1585)) - Stopping IPC Server listener on 15014
2025-04-23 04:27:40,497 [IPC Server Responder] INFO  ipc.Server (Server.java:run(1718)) - Stopping IPC Server Responder
2025-04-23 04:27:40,497 [main] INFO  ratis.OzoneManagerRatisServer (OzoneManagerRatisServer.java:stop(634)) - Stopping org.apache.hadoop.ozone.om.ratis.OzoneManagerRatisServer@6c6a33fb at port 15017
2025-04-23 04:27:40,497 [main] INFO  server.RaftServer (RaftServerProxy.java:lambda$close$9(417)) - omNode-3: close
2025-04-23 04:27:40,497 [main] INFO  server.GrpcService (GrpcService.java:closeImpl(343)) - omNode-3: shutdown server GrpcServerProtocolService now
2025-04-23 04:27:40,497 [omNode-3-impl-thread1] INFO  server.RaftServer$Division (RaftServerImpl.java:lambda$close$1(513)) - omNode-3@group-523986131536: shutdown
2025-04-23 04:27:40,498 [omNode-3-impl-thread1] INFO  util.JmxRegister (JmxRegister.java:unregister(74)) - Successfully un-registered JMX Bean with object name Ratis:service=RaftServer,group=group-523986131536,id=omNode-3
2025-04-23 04:27:40,498 [omNode-3-impl-thread1] INFO  impl.RoleInfo (RoleInfo.java:shutdownLeaderState(103)) - omNode-3: shutdown omNode-3@group-523986131536-LeaderStateImpl
2025-04-23 04:27:40,498 [omNode-3-impl-thread1] INFO  impl.PendingRequests (PendingRequests.java:sendNotLeaderResponses(287)) - omNode-3@group-523986131536-PendingRequests: sendNotLeaderResponses
2025-04-23 04:27:40,498 [Thread-1915] INFO  server.GrpcServerProtocolClient (GrpcServerProtocolClient.java:close(105)) - omNode-1 Close channels
2025-04-23 04:27:40,498 [omNode-3@group-523986131536->omNode-1-GrpcLogAppender-LogAppenderDaemon] WARN  server.GrpcLogAppender (GrpcLogAppender.java:mayWait(293)) - omNode-3@group-523986131536->omNode-1-GrpcLogAppender: Wait interrupted by java.lang.InterruptedException
2025-04-23 04:27:40,499 [omNode-3@group-523986131536->omNode-2-GrpcLogAppender-LogAppenderDaemon] WARN  server.GrpcLogAppender (GrpcLogAppender.java:mayWait(293)) - omNode-3@group-523986131536->omNode-2-GrpcLogAppender: Wait interrupted by java.lang.InterruptedException
2025-04-23 04:27:40,499 [Thread-1916] INFO  server.GrpcServerProtocolClient (GrpcServerProtocolClient.java:close(105)) - omNode-2 Close channels
2025-04-23 04:27:40,499 [grpc-default-executor-3] INFO  server.GrpcServerProtocolService (GrpcServerProtocolService.java:onCompleted(157)) - omNode-2: Completed APPEND_ENTRIES, lastRequest: null
2025-04-23 04:27:40,499 [grpc-default-executor-1] INFO  server.GrpcServerProtocolService (GrpcServerProtocolService.java:onCompleted(157)) - omNode-1: Completed APPEND_ENTRIES, lastRequest: null
2025-04-23 04:27:40,500 [omNode-3-impl-thread1] INFO  impl.StateMachineUpdater (StateMachineUpdater.java:stopAndJoin(164)) - omNode-3@group-523986131536-StateMachineUpdater: set stopIndex = 68
2025-04-23 04:27:40,499 [grpc-default-executor-2] INFO  server.GrpcServerProtocolService (GrpcServerProtocolService.java:onCompleted(157)) - omNode-1: Completed APPEND_ENTRIES, lastRequest: omNode-3->omNode-1#108-t5,previous=(t:5, i:67),leaderCommit=67,initializing? false,entries: size=1, first=(t:5, i:68), METADATAENTRY(c:67)
2025-04-23 04:27:40,500 [grpc-default-executor-2] INFO  server.GrpcServerProtocolService (GrpcServerProtocolService.java:lambda$onCompleted$5(159)) - omNode-1: Completed APPEND_ENTRIES, lastReply: null
2025-04-23 04:27:40,500 [grpc-default-executor-4] INFO  server.GrpcServerProtocolService (GrpcServerProtocolService.java:onCompleted(157)) - omNode-2: Completed APPEND_ENTRIES, lastRequest: omNode-3->omNode-2#119-t5,previous=(t:5, i:67),leaderCommit=67,initializing? false,entries: size=1, first=(t:5, i:68), METADATAENTRY(c:67)
2025-04-23 04:27:40,500 [grpc-default-executor-4] INFO  server.GrpcServerProtocolService (GrpcServerProtocolService.java:lambda$onCompleted$5(159)) - omNode-2: Completed APPEND_ENTRIES, lastReply: null
2025-04-23 04:27:40,500 [grpc-default-executor-1] INFO  server.GrpcServerProtocolService (GrpcServerProtocolService.java:lambda$onCompleted$5(159)) - omNode-1: Completed APPEND_ENTRIES, lastReply: serverReply {
  requestorId: "omNode-3"
  replyId: "omNode-1"
  raftGroupId {
    id: "\311\274L\364;\303<`\246kR9\206\023\0256"
  }
  callId: 112
  success: true
}
term: 5
nextIndex: 69
followerCommit: 68
matchIndex: 18446744073709551615
isHearbeat: true

2025-04-23 04:27:40,500 [grpc-default-executor-3] INFO  server.GrpcServerProtocolService (GrpcServerProtocolService.java:lambda$onCompleted$5(159)) - omNode-2: Completed APPEND_ENTRIES, lastReply: serverReply {
  requestorId: "omNode-3"
  replyId: "omNode-2"
  raftGroupId {
    id: "\311\274L\364;\303<`\246kR9\206\023\0256"
  }
  callId: 124
  success: true
}
term: 5
nextIndex: 69
followerCommit: 68
matchIndex: 18446744073709551615
isHearbeat: true

2025-04-23 04:27:40,501 [grpc-default-executor-3] INFO  server.GrpcLogAppender (GrpcLogAppender.java:onCompleted(550)) - omNode-3@group-523986131536->omNode-1-AppendLogResponseHandler: follower responses appendEntries COMPLETED
2025-04-23 04:27:40,501 [grpc-default-executor-3] WARN  server.GrpcLogAppender (GrpcLogAppender.java:resetClient(230)) - omNode-3@group-523986131536->omNode-1-GrpcLogAppender: Failed to getClient for omNode-1
org.apache.ratis.protocol.exceptions.AlreadyClosedException: omNode-3 is already CLOSED
	at org.apache.ratis.util.PeerProxyMap$PeerAndProxy.getProxy(PeerProxyMap.java:67)
	at org.apache.ratis.util.PeerProxyMap.getProxy(PeerProxyMap.java:124)
	at org.apache.ratis.grpc.server.GrpcLogAppender.getClient(GrpcLogAppender.java:200)
	at org.apache.ratis.grpc.server.GrpcLogAppender.resetClient(GrpcLogAppender.java:205)
	at org.apache.ratis.grpc.server.GrpcLogAppender.access$800(GrpcLogAppender.java:64)
	at org.apache.ratis.grpc.server.GrpcLogAppender$AppendLogResponseHandler.onCompleted(GrpcLogAppender.java:551)
	at org.apache.ratis.thirdparty.io.grpc.stub.ClientCalls$StreamObserverToCallListenerAdapter.onClose(ClientCalls.java:479)
	at org.apache.ratis.thirdparty.io.grpc.internal.ClientCallImpl.closeObserver(ClientCallImpl.java:567)
	at org.apache.ratis.thirdparty.io.grpc.internal.ClientCallImpl.access$300(ClientCallImpl.java:71)
	at org.apache.ratis.thirdparty.io.grpc.internal.ClientCallImpl$ClientStreamListenerImpl$1StreamClosed.runInternal(ClientCallImpl.java:735)
	at org.apache.ratis.thirdparty.io.grpc.internal.ClientCallImpl$ClientStreamListenerImpl$1StreamClosed.runInContext(ClientCallImpl.java:716)
	at org.apache.ratis.thirdparty.io.grpc.internal.ContextRunnable.run(ContextRunnable.java:37)
	at org.apache.ratis.thirdparty.io.grpc.internal.SerializingExecutor.run(SerializingExecutor.java:133)
	at java.base/java.util.concurrent.ThreadPoolExecutor.runWorker(ThreadPoolExecutor.java:1144)
	at java.base/java.util.concurrent.ThreadPoolExecutor$Worker.run(ThreadPoolExecutor.java:642)
	at java.base/java.lang.Thread.run(Thread.java:1583)
2025-04-23 04:27:40,502 [grpc-default-executor-1] INFO  server.GrpcLogAppender (GrpcLogAppender.java:onCompleted(550)) - omNode-3@group-523986131536->omNode-2-AppendLogResponseHandler: follower responses appendEntries COMPLETED
2025-04-23 04:27:40,502 [grpc-default-executor-5] INFO  server.GrpcLogAppender (GrpcLogAppender.java:onCompleted(550)) - omNode-3@group-523986131536->omNode-2-AppendLogResponseHandler: follower responses appendEntries COMPLETED
2025-04-23 04:27:40,502 [grpc-default-executor-1] WARN  server.GrpcLogAppender (GrpcLogAppender.java:resetClient(230)) - omNode-3@group-523986131536->omNode-2-GrpcLogAppender: Failed to getClient for omNode-2
org.apache.ratis.protocol.exceptions.AlreadyClosedException: omNode-3 is already CLOSED
	at org.apache.ratis.util.PeerProxyMap$PeerAndProxy.getProxy(PeerProxyMap.java:67)
	at org.apache.ratis.util.PeerProxyMap.getProxy(PeerProxyMap.java:124)
	at org.apache.ratis.grpc.server.GrpcLogAppender.getClient(GrpcLogAppender.java:200)
	at org.apache.ratis.grpc.server.GrpcLogAppender.resetClient(GrpcLogAppender.java:205)
	at org.apache.ratis.grpc.server.GrpcLogAppender.access$800(GrpcLogAppender.java:64)
	at org.apache.ratis.grpc.server.GrpcLogAppender$AppendLogResponseHandler.onCompleted(GrpcLogAppender.java:551)
	at org.apache.ratis.thirdparty.io.grpc.stub.ClientCalls$StreamObserverToCallListenerAdapter.onClose(ClientCalls.java:479)
	at org.apache.ratis.thirdparty.io.grpc.internal.ClientCallImpl.closeObserver(ClientCallImpl.java:567)
	at org.apache.ratis.thirdparty.io.grpc.internal.ClientCallImpl.access$300(ClientCallImpl.java:71)
	at org.apache.ratis.thirdparty.io.grpc.internal.ClientCallImpl$ClientStreamListenerImpl$1StreamClosed.runInternal(ClientCallImpl.java:735)
	at org.apache.ratis.thirdparty.io.grpc.internal.ClientCallImpl$ClientStreamListenerImpl$1StreamClosed.runInContext(ClientCallImpl.java:716)
	at org.apache.ratis.thirdparty.io.grpc.internal.ContextRunnable.run(ContextRunnable.java:37)
	at org.apache.ratis.thirdparty.io.grpc.internal.SerializingExecutor.run(SerializingExecutor.java:133)
	at java.base/java.util.concurrent.ThreadPoolExecutor.runWorker(ThreadPoolExecutor.java:1144)
	at java.base/java.util.concurrent.ThreadPoolExecutor$Worker.run(ThreadPoolExecutor.java:642)
	at java.base/java.lang.Thread.run(Thread.java:1583)
2025-04-23 04:27:40,502 [grpc-default-executor-5] WARN  server.GrpcLogAppender (GrpcLogAppender.java:resetClient(230)) - omNode-3@group-523986131536->omNode-2-GrpcLogAppender: Failed to getClient for omNode-2
org.apache.ratis.protocol.exceptions.AlreadyClosedException: omNode-3 is already CLOSED
	at org.apache.ratis.util.PeerProxyMap$PeerAndProxy.getProxy(PeerProxyMap.java:67)
	at org.apache.ratis.util.PeerProxyMap.getProxy(PeerProxyMap.java:124)
	at org.apache.ratis.grpc.server.GrpcLogAppender.getClient(GrpcLogAppender.java:200)
	at org.apache.ratis.grpc.server.GrpcLogAppender.resetClient(GrpcLogAppender.java:205)
	at org.apache.ratis.grpc.server.GrpcLogAppender.access$800(GrpcLogAppender.java:64)
	at org.apache.ratis.grpc.server.GrpcLogAppender$AppendLogResponseHandler.onCompleted(GrpcLogAppender.java:551)
	at org.apache.ratis.thirdparty.io.grpc.stub.ClientCalls$StreamObserverToCallListenerAdapter.onClose(ClientCalls.java:479)
	at org.apache.ratis.thirdparty.io.grpc.internal.DelayedClientCall$DelayedListener$3.run(DelayedClientCall.java:489)
	at org.apache.ratis.thirdparty.io.grpc.internal.DelayedClientCall$DelayedListener.delayOrExecute(DelayedClientCall.java:453)
	at org.apache.ratis.thirdparty.io.grpc.internal.DelayedClientCall$DelayedListener.onClose(DelayedClientCall.java:486)
	at org.apache.ratis.thirdparty.io.grpc.internal.ClientCallImpl.closeObserver(ClientCallImpl.java:567)
	at org.apache.ratis.thirdparty.io.grpc.internal.ClientCallImpl.access$300(ClientCallImpl.java:71)
	at org.apache.ratis.thirdparty.io.grpc.internal.ClientCallImpl$ClientStreamListenerImpl$1StreamClosed.runInternal(ClientCallImpl.java:735)
	at org.apache.ratis.thirdparty.io.grpc.internal.ClientCallImpl$ClientStreamListenerImpl$1StreamClosed.runInContext(ClientCallImpl.java:716)
	at org.apache.ratis.thirdparty.io.grpc.internal.ContextRunnable.run(ContextRunnable.java:37)
	at org.apache.ratis.thirdparty.io.grpc.internal.SerializingExecutor.run(SerializingExecutor.java:133)
	at java.base/java.util.concurrent.ThreadPoolExecutor.runWorker(ThreadPoolExecutor.java:1144)
	at java.base/java.util.concurrent.ThreadPoolExecutor$Worker.run(ThreadPoolExecutor.java:642)
	at java.base/java.lang.Thread.run(Thread.java:1583)
2025-04-23 04:27:40,502 [grpc-default-executor-5] INFO  server.GrpcLogAppender (GrpcLogAppender.java:onCompleted(550)) - omNode-3@group-523986131536->omNode-1-AppendLogResponseHandler: follower responses appendEntries COMPLETED
2025-04-23 04:27:40,502 [grpc-default-executor-5] WARN  server.GrpcLogAppender (GrpcLogAppender.java:resetClient(230)) - omNode-3@group-523986131536->omNode-1-GrpcLogAppender: Failed to getClient for omNode-1
org.apache.ratis.protocol.exceptions.AlreadyClosedException: omNode-3 is already CLOSED
	at org.apache.ratis.util.PeerProxyMap$PeerAndProxy.getProxy(PeerProxyMap.java:67)
	at org.apache.ratis.util.PeerProxyMap.getProxy(PeerProxyMap.java:124)
	at org.apache.ratis.grpc.server.GrpcLogAppender.getClient(GrpcLogAppender.java:200)
	at org.apache.ratis.grpc.server.GrpcLogAppender.resetClient(GrpcLogAppender.java:205)
	at org.apache.ratis.grpc.server.GrpcLogAppender.access$800(GrpcLogAppender.java:64)
	at org.apache.ratis.grpc.server.GrpcLogAppender$AppendLogResponseHandler.onCompleted(GrpcLogAppender.java:551)
	at org.apache.ratis.thirdparty.io.grpc.stub.ClientCalls$StreamObserverToCallListenerAdapter.onClose(ClientCalls.java:479)
	at org.apache.ratis.thirdparty.io.grpc.internal.DelayedClientCall$DelayedListener$3.run(DelayedClientCall.java:489)
	at org.apache.ratis.thirdparty.io.grpc.internal.DelayedClientCall$DelayedListener.delayOrExecute(DelayedClientCall.java:453)
	at org.apache.ratis.thirdparty.io.grpc.internal.DelayedClientCall$DelayedListener.onClose(DelayedClientCall.java:486)
	at org.apache.ratis.thirdparty.io.grpc.internal.ClientCallImpl.closeObserver(ClientCallImpl.java:567)
	at org.apache.ratis.thirdparty.io.grpc.internal.ClientCallImpl.access$300(ClientCallImpl.java:71)
	at org.apache.ratis.thirdparty.io.grpc.internal.ClientCallImpl$ClientStreamListenerImpl$1StreamClosed.runInternal(ClientCallImpl.java:735)
	at org.apache.ratis.thirdparty.io.grpc.internal.ClientCallImpl$ClientStreamListenerImpl$1StreamClosed.runInContext(ClientCallImpl.java:716)
	at org.apache.ratis.thirdparty.io.grpc.internal.ContextRunnable.run(ContextRunnable.java:37)
	at org.apache.ratis.thirdparty.io.grpc.internal.SerializingExecutor.run(SerializingExecutor.java:133)
	at java.base/java.util.concurrent.ThreadPoolExecutor.runWorker(ThreadPoolExecutor.java:1144)
	at java.base/java.util.concurrent.ThreadPoolExecutor$Worker.run(ThreadPoolExecutor.java:642)
	at java.base/java.lang.Thread.run(Thread.java:1583)
2025-04-23 04:27:40,503 [main] INFO  server.GrpcService (GrpcService.java:closeImpl(352)) - omNode-3: shutdown server GrpcServerProtocolService successfully
2025-04-23 04:27:40,522 [omNode-3@group-523986131536-StateMachineUpdater] INFO  ratis.OzoneManagerStateMachine (OzoneManagerStateMachine.java:takeSnapshotImpl(510)) - omNode-3: taking snapshot. applied = (t:5, i:68), skipped = 67, notified = (t:5, i:68), current snapshot index = (t:5, i:68), took 22 ms
2025-04-23 04:27:40,522 [omNode-3@group-523986131536-StateMachineUpdater] INFO  impl.StateMachineUpdater (StateMachineUpdater.java:takeSnapshot(303)) - omNode-3@group-523986131536-StateMachineUpdater: Took a snapshot at index 68
2025-04-23 04:27:40,522 [omNode-3@group-523986131536-StateMachineUpdater] INFO  impl.StateMachineUpdater (StateMachineUpdater.java:lambda$new$0(102)) - omNode-3@group-523986131536-StateMachineUpdater: snapshotIndex: updateIncreasingly 34 -> 68
2025-04-23 04:27:40,522 [omNode-3@group-523986131536-StateMachineUpdater] INFO  raftlog.RaftLog (RaftLogBase.java:purge(325)) - omNode-3@group-523986131536-SegmentedRaftLog: purge 68
2025-04-23 04:27:40,523 [omNode-3@group-523986131536-StateMachineUpdater] INFO  raftlog.RaftLog (RaftLogBase.java:lambda$new$0(54)) - omNode-3@group-523986131536-SegmentedRaftLog: snapshotIndex: updateIncreasingly 34 -> 68
2025-04-23 04:27:40,523 [omNode-3@group-523986131536-StateMachineUpdater] INFO  raftlog.RaftLog (SegmentedRaftLog.java:purgeImpl(382)) - omNode-3@group-523986131536-SegmentedRaftLog: purge(68)
  toTruncate: null
    toDelete: [(33, 34) isOpen? false, length=0, newEndIndex=0, (31, 32) isOpen? false, length=0, newEndIndex=0, (21, 30) isOpen? false, length=0, newEndIndex=0, (0, 20) isOpen? false, length=0, newEndIndex=0]
2025-04-23 04:27:40,524 [omNode-3@group-523986131536-SegmentedRaftLogWorker] INFO  segmented.SegmentedRaftLogWorker (SegmentedRaftLogWorker.java:execute(481)) - omNode-3@group-523986131536-SegmentedRaftLogWorker: Purged RaftLog segment: info=(33, 34) isOpen? false, length=0, newEndIndex=0, path=/home/runner/work/ozone/ozone/hadoop-ozone/integration-test/target/test-dir/MiniOzoneClusterImpl-ff59c164-3798-4a7f-a16d-eeed9ffb3244/omNode-3/ratis/c9bc4cf4-3bc3-3c60-a66b-523986131536/current/log_33-34
2025-04-23 04:27:40,524 [omNode-3@group-523986131536-StateMachineUpdater] INFO  impl.StateMachineUpdater (StateMachineUpdater.java:stop(141)) - omNode-3@group-523986131536-StateMachineUpdater: closing OzoneManagerStateMachine, lastApplied=(t:5, i:68)
2025-04-23 04:27:40,524 [omNode-3@group-523986131536-SegmentedRaftLogWorker] INFO  segmented.SegmentedRaftLogWorker (SegmentedRaftLogWorker.java:execute(481)) - omNode-3@group-523986131536-SegmentedRaftLogWorker: Purged RaftLog segment: info=(31, 32) isOpen? false, length=0, newEndIndex=0, path=/home/runner/work/ozone/ozone/hadoop-ozone/integration-test/target/test-dir/MiniOzoneClusterImpl-ff59c164-3798-4a7f-a16d-eeed9ffb3244/omNode-3/ratis/c9bc4cf4-3bc3-3c60-a66b-523986131536/current/log_31-32
2025-04-23 04:27:40,524 [omNode-3@group-523986131536-StateMachineUpdater] INFO  ratis.OzoneManagerStateMachine (OzoneManagerStateMachine.java:close(550)) - Stopping OzoneManagerStateMachine:omNode-3:group-523986131536.
2025-04-23 04:27:40,524 [omNode-3@group-523986131536-StateMachineUpdater] INFO  ratis.OzoneManagerDoubleBuffer (OzoneManagerDoubleBuffer.java:stopDaemon(500)) - Stopping OMDoubleBuffer flush thread
2025-04-23 04:27:40,524 [omNode-3@group-523986131536-SegmentedRaftLogWorker] INFO  segmented.SegmentedRaftLogWorker (SegmentedRaftLogWorker.java:execute(481)) - omNode-3@group-523986131536-SegmentedRaftLogWorker: Purged RaftLog segment: info=(21, 30) isOpen? false, length=0, newEndIndex=0, path=/home/runner/work/ozone/ozone/hadoop-ozone/integration-test/target/test-dir/MiniOzoneClusterImpl-ff59c164-3798-4a7f-a16d-eeed9ffb3244/omNode-3/ratis/c9bc4cf4-3bc3-3c60-a66b-523986131536/current/log_21-30
2025-04-23 04:27:40,524 [omNode-3-OMDoubleBufferFlushThread] INFO  ratis.OzoneManagerDoubleBuffer (OzoneManagerDoubleBuffer.java:canFlush(559)) - OMDoubleBuffer flush thread omNode-3-OMDoubleBufferFlushThread is interrupted and will exit.
2025-04-23 04:27:40,524 [omNode-3@group-523986131536-SegmentedRaftLogWorker] INFO  segmented.SegmentedRaftLogWorker (SegmentedRaftLogWorker.java:execute(481)) - omNode-3@group-523986131536-SegmentedRaftLogWorker: Purged RaftLog segment: info=(0, 20) isOpen? false, length=0, newEndIndex=0, path=/home/runner/work/ozone/ozone/hadoop-ozone/integration-test/target/test-dir/MiniOzoneClusterImpl-ff59c164-3798-4a7f-a16d-eeed9ffb3244/omNode-3/ratis/c9bc4cf4-3bc3-3c60-a66b-523986131536/current/log_0-20
2025-04-23 04:27:40,525 [omNode-3@group-523986131536-SegmentedRaftLogWorker] INFO  raftlog.RaftLog (RaftLogBase.java:lambda$new$0(54)) - omNode-3@group-523986131536-SegmentedRaftLog: purgeIndex: updateToMax old=-1, new=34, updated? true
2025-04-23 04:27:40,525 [omNode-3@group-523986131536-cacheEviction-AwaitToRun] INFO  util.AwaitToRun (AwaitToRun.java:run(49)) - omNode-3@group-523986131536-cacheEviction-AwaitToRun-AwaitForSignal is interrupted
2025-04-23 04:27:41,526 [omNode-3-impl-thread1] INFO  segmented.SegmentedRaftLogWorker (SegmentedRaftLogWorker.java:close(252)) - omNode-3@group-523986131536-SegmentedRaftLogWorker close()
2025-04-23 04:27:41,526 [JvmPauseMonitor14] INFO  util.JvmPauseMonitor (JvmPauseMonitor.java:run(152)) - JvmPauseMonitor-omNode-3: Stopped
2025-04-23 04:27:41,526 [main] INFO  utils.BackgroundService (BackgroundService.java:shutdown(161)) - Shutting down service KeyDeletingService
2025-04-23 04:27:41,527 [main] INFO  utils.BackgroundService (BackgroundService.java:shutdown(161)) - Shutting down service DirectoryDeletingService
2025-04-23 04:27:41,528 [main] INFO  utils.BackgroundService (BackgroundService.java:shutdown(161)) - Shutting down service OpenKeyCleanupService
2025-04-23 04:27:41,529 [main] INFO  utils.BackgroundService (BackgroundService.java:shutdown(161)) - Shutting down service SstFilteringService
2025-04-23 04:27:41,529 [main] INFO  utils.BackgroundService (BackgroundService.java:shutdown(161)) - Shutting down service SnapshotDeletingService
2025-04-23 04:27:41,529 [main] INFO  utils.BackgroundService (BackgroundService.java:shutdown(161)) - Shutting down service MultipartUploadCleanupService
2025-04-23 04:27:41,530 [main] INFO  handler.ContextHandler (ContextHandler.java:doStop(1159)) - Stopped o.e.j.w.WebAppContext@56b0d122{ozoneManager,/,null,STOPPED}{file:/home/runner/work/ozone/ozone/hadoop-ozone/integration-test/target/test-classes/webapps/ozoneManager}
2025-04-23 04:27:41,531 [main] INFO  server.AbstractConnector (AbstractConnector.java:doStop(383)) - Stopped ServerConnector@5a1448d8{HTTP/1.1, (http/1.1)}{0.0.0.0:15015}
2025-04-23 04:27:41,531 [main] INFO  server.session (HouseKeeper.java:stopScavenging(149)) - node0 Stopped scavenging
2025-04-23 04:27:41,531 [main] INFO  handler.ContextHandler (ContextHandler.java:doStop(1159)) - Stopped o.e.j.s.ServletContextHandler@49389adf{static,/static,file:///home/runner/work/ozone/ozone/hadoop-ozone/integration-test/target/test-classes/webapps/static,STOPPED}
2025-04-23 04:27:41,531 [main] INFO  handler.ContextHandler (ContextHandler.java:doStop(1159)) - Stopped o.e.j.s.ServletContextHandler@7906c433{logs,/logs,file:///home/runner/work/ozone/ozone/hadoop-ozone/integration-test/target/log,STOPPED}
2025-04-23 04:27:41,532 [main] INFO  rocksdiff.RocksDBCheckpointDiffer (RocksDBCheckpointDiffer.java:close(304)) - Shutting down CompactionDagPruningService.
2025-04-23 04:27:41,534 [main] INFO  snapshot.SnapshotDiffManager (SnapshotDiffManager.java:closeExecutorService(1698)) - Shutting down executorService: 'SnapDiffExecutor'
2025-04-23 04:27:41,535 [main] INFO  utils.BackgroundService (BackgroundService.java:shutdown(161)) - Shutting down service SnapshotDiffCleanupService
2025-04-23 04:27:41,536 [main] INFO  om.OzoneManager (OzoneManager.java:stop(2347)) - omNode-1[localhost:15006]: Stopping Ozone Manager
2025-04-23 04:27:41,536 [main] INFO  ipc.Server (Server.java:stop(3697)) - Stopping server on 15006
2025-04-23 04:27:41,539 [IPC Server listener on 15006] INFO  ipc.Server (Server.java:run(1585)) - Stopping IPC Server listener on 15006
2025-04-23 04:27:41,540 [IPC Server Responder] INFO  ipc.Server (Server.java:run(1718)) - Stopping IPC Server Responder
2025-04-23 04:27:41,540 [main] INFO  ratis.OzoneManagerRatisServer (OzoneManagerRatisServer.java:stop(634)) - Stopping org.apache.hadoop.ozone.om.ratis.OzoneManagerRatisServer@32185e18 at port 15009
2025-04-23 04:27:41,540 [main] INFO  server.RaftServer (RaftServerProxy.java:lambda$close$9(417)) - omNode-1: close
2025-04-23 04:27:41,540 [main] INFO  server.GrpcService (GrpcService.java:closeImpl(343)) - omNode-1: shutdown server GrpcServerProtocolService now
2025-04-23 04:27:41,540 [omNode-1-impl-thread1] INFO  server.RaftServer$Division (RaftServerImpl.java:lambda$close$1(513)) - omNode-1@group-523986131536: shutdown
2025-04-23 04:27:41,540 [omNode-1-impl-thread1] INFO  util.JmxRegister (JmxRegister.java:unregister(74)) - Successfully un-registered JMX Bean with object name Ratis:service=RaftServer,group=group-523986131536,id=omNode-1
2025-04-23 04:27:41,540 [omNode-1-impl-thread1] INFO  impl.RoleInfo (RoleInfo.java:shutdownFollowerState(121)) - omNode-1: shutdown omNode-1@group-523986131536-FollowerState
2025-04-23 04:27:41,540 [omNode-1-impl-thread1] INFO  impl.StateMachineUpdater (StateMachineUpdater.java:stopAndJoin(164)) - omNode-1@group-523986131536-StateMachineUpdater: set stopIndex = 68
2025-04-23 04:27:41,540 [omNode-1@group-523986131536-FollowerState] INFO  impl.FollowerState (FollowerState.java:runImpl(170)) - omNode-1@group-523986131536-FollowerState was interrupted
2025-04-23 04:27:41,542 [main] INFO  server.GrpcService (GrpcService.java:closeImpl(352)) - omNode-1: shutdown server GrpcServerProtocolService successfully
2025-04-23 04:27:41,565 [omNode-1@group-523986131536-StateMachineUpdater] INFO  ratis.OzoneManagerStateMachine (OzoneManagerStateMachine.java:takeSnapshotImpl(510)) - omNode-1: taking snapshot. applied = (t:5, i:68), skipped = 67, notified = (t:5, i:68), current snapshot index = (t:5, i:68), took 24 ms
2025-04-23 04:27:41,565 [omNode-1@group-523986131536-StateMachineUpdater] INFO  impl.StateMachineUpdater (StateMachineUpdater.java:takeSnapshot(303)) - omNode-1@group-523986131536-StateMachineUpdater: Took a snapshot at index 68
2025-04-23 04:27:41,565 [omNode-1@group-523986131536-StateMachineUpdater] INFO  impl.StateMachineUpdater (StateMachineUpdater.java:lambda$new$0(102)) - omNode-1@group-523986131536-StateMachineUpdater: snapshotIndex: updateIncreasingly 33 -> 68
2025-04-23 04:27:41,565 [omNode-1@group-523986131536-StateMachineUpdater] INFO  raftlog.RaftLog (RaftLogBase.java:purge(325)) - omNode-1@group-523986131536-SegmentedRaftLog: purge 68
2025-04-23 04:27:41,565 [omNode-1@group-523986131536-StateMachineUpdater] INFO  raftlog.RaftLog (RaftLogBase.java:lambda$new$0(54)) - omNode-1@group-523986131536-SegmentedRaftLog: snapshotIndex: updateIncreasingly 33 -> 68
2025-04-23 04:27:41,565 [omNode-1@group-523986131536-StateMachineUpdater] INFO  raftlog.RaftLog (SegmentedRaftLog.java:purgeImpl(382)) - omNode-1@group-523986131536-SegmentedRaftLog: purge(68)
  toTruncate: null
    toDelete: [(33, 34) isOpen? false, length=0, newEndIndex=0, (31, 32) isOpen? false, length=0, newEndIndex=0, (21, 30) isOpen? false, length=0, newEndIndex=0, (0, 20) isOpen? false, length=0, newEndIndex=0]
2025-04-23 04:27:41,566 [omNode-1@group-523986131536-StateMachineUpdater] INFO  impl.StateMachineUpdater (StateMachineUpdater.java:stop(141)) - omNode-1@group-523986131536-StateMachineUpdater: closing OzoneManagerStateMachine, lastApplied=(t:5, i:68)
2025-04-23 04:27:41,566 [omNode-1@group-523986131536-StateMachineUpdater] INFO  ratis.OzoneManagerStateMachine (OzoneManagerStateMachine.java:close(550)) - Stopping OzoneManagerStateMachine:omNode-1:group-523986131536.
2025-04-23 04:27:41,566 [omNode-1@group-523986131536-StateMachineUpdater] INFO  ratis.OzoneManagerDoubleBuffer (OzoneManagerDoubleBuffer.java:stopDaemon(500)) - Stopping OMDoubleBuffer flush thread
2025-04-23 04:27:41,566 [omNode-1-OMDoubleBufferFlushThread] INFO  ratis.OzoneManagerDoubleBuffer (OzoneManagerDoubleBuffer.java:canFlush(559)) - OMDoubleBuffer flush thread omNode-1-OMDoubleBufferFlushThread is interrupted and will exit.
2025-04-23 04:27:41,567 [omNode-1@group-523986131536-cacheEviction-AwaitToRun] INFO  util.AwaitToRun (AwaitToRun.java:run(49)) - omNode-1@group-523986131536-cacheEviction-AwaitToRun-AwaitForSignal is interrupted
2025-04-23 04:27:41,567 [omNode-1@group-523986131536-SegmentedRaftLogWorker] INFO  segmented.SegmentedRaftLogWorker (SegmentedRaftLogWorker.java:execute(481)) - omNode-1@group-523986131536-SegmentedRaftLogWorker: Purged RaftLog segment: info=(33, 34) isOpen? false, length=0, newEndIndex=0, path=/home/runner/work/ozone/ozone/hadoop-ozone/integration-test/target/test-dir/MiniOzoneClusterImpl-ff59c164-3798-4a7f-a16d-eeed9ffb3244/omNode-1/ratis/c9bc4cf4-3bc3-3c60-a66b-523986131536/current/log_33-34
2025-04-23 04:27:41,567 [omNode-1@group-523986131536-SegmentedRaftLogWorker] INFO  segmented.SegmentedRaftLogWorker (SegmentedRaftLogWorker.java:execute(481)) - omNode-1@group-523986131536-SegmentedRaftLogWorker: Purged RaftLog segment: info=(31, 32) isOpen? false, length=0, newEndIndex=0, path=/home/runner/work/ozone/ozone/hadoop-ozone/integration-test/target/test-dir/MiniOzoneClusterImpl-ff59c164-3798-4a7f-a16d-eeed9ffb3244/omNode-1/ratis/c9bc4cf4-3bc3-3c60-a66b-523986131536/current/log_31-32
2025-04-23 04:27:41,567 [omNode-1@group-523986131536-SegmentedRaftLogWorker] INFO  segmented.SegmentedRaftLogWorker (SegmentedRaftLogWorker.java:execute(481)) - omNode-1@group-523986131536-SegmentedRaftLogWorker: Purged RaftLog segment: info=(21, 30) isOpen? false, length=0, newEndIndex=0, path=/home/runner/work/ozone/ozone/hadoop-ozone/integration-test/target/test-dir/MiniOzoneClusterImpl-ff59c164-3798-4a7f-a16d-eeed9ffb3244/omNode-1/ratis/c9bc4cf4-3bc3-3c60-a66b-523986131536/current/log_21-30
2025-04-23 04:27:41,567 [omNode-1@group-523986131536-SegmentedRaftLogWorker] INFO  segmented.SegmentedRaftLogWorker (SegmentedRaftLogWorker.java:execute(481)) - omNode-1@group-523986131536-SegmentedRaftLogWorker: Purged RaftLog segment: info=(0, 20) isOpen? false, length=0, newEndIndex=0, path=/home/runner/work/ozone/ozone/hadoop-ozone/integration-test/target/test-dir/MiniOzoneClusterImpl-ff59c164-3798-4a7f-a16d-eeed9ffb3244/omNode-1/ratis/c9bc4cf4-3bc3-3c60-a66b-523986131536/current/log_0-20
2025-04-23 04:27:41,567 [omNode-1@group-523986131536-SegmentedRaftLogWorker] INFO  raftlog.RaftLog (RaftLogBase.java:lambda$new$0(54)) - omNode-1@group-523986131536-SegmentedRaftLog: purgeIndex: updateToMax old=-1, new=34, updated? true
2025-04-23 04:27:41,568 [omNode-1-impl-thread1] INFO  segmented.SegmentedRaftLogWorker (SegmentedRaftLogWorker.java:close(252)) - omNode-1@group-523986131536-SegmentedRaftLogWorker close()
2025-04-23 04:27:41,569 [JvmPauseMonitor15] INFO  util.JvmPauseMonitor (JvmPauseMonitor.java:run(152)) - JvmPauseMonitor-omNode-1: Stopped
2025-04-23 04:27:41,570 [main] INFO  utils.BackgroundService (BackgroundService.java:shutdown(161)) - Shutting down service KeyDeletingService
2025-04-23 04:27:41,570 [main] INFO  utils.BackgroundService (BackgroundService.java:shutdown(161)) - Shutting down service DirectoryDeletingService
2025-04-23 04:27:41,571 [main] INFO  utils.BackgroundService (BackgroundService.java:shutdown(161)) - Shutting down service OpenKeyCleanupService
2025-04-23 04:27:41,571 [main] INFO  utils.BackgroundService (BackgroundService.java:shutdown(161)) - Shutting down service SstFilteringService
2025-04-23 04:27:41,572 [main] INFO  utils.BackgroundService (BackgroundService.java:shutdown(161)) - Shutting down service SnapshotDeletingService
2025-04-23 04:27:41,572 [main] INFO  utils.BackgroundService (BackgroundService.java:shutdown(161)) - Shutting down service MultipartUploadCleanupService
2025-04-23 04:27:41,573 [main] INFO  handler.ContextHandler (ContextHandler.java:doStop(1159)) - Stopped o.e.j.w.WebAppContext@6a1f27bf{ozoneManager,/,null,STOPPED}{file:/home/runner/work/ozone/ozone/hadoop-ozone/integration-test/target/test-classes/webapps/ozoneManager}
2025-04-23 04:27:41,574 [main] INFO  server.AbstractConnector (AbstractConnector.java:doStop(383)) - Stopped ServerConnector@25756aca{HTTP/1.1, (http/1.1)}{0.0.0.0:15007}
2025-04-23 04:27:41,574 [main] INFO  server.session (HouseKeeper.java:stopScavenging(149)) - node0 Stopped scavenging
2025-04-23 04:27:41,574 [main] INFO  handler.ContextHandler (ContextHandler.java:doStop(1159)) - Stopped o.e.j.s.ServletContextHandler@1e61a3b7{static,/static,file:///home/runner/work/ozone/ozone/hadoop-ozone/integration-test/target/test-classes/webapps/static,STOPPED}
2025-04-23 04:27:41,574 [main] INFO  handler.ContextHandler (ContextHandler.java:doStop(1159)) - Stopped o.e.j.s.ServletContextHandler@477d6382{logs,/logs,file:///home/runner/work/ozone/ozone/hadoop-ozone/integration-test/target/log,STOPPED}
2025-04-23 04:27:41,576 [main] INFO  rocksdiff.RocksDBCheckpointDiffer (RocksDBCheckpointDiffer.java:close(304)) - Shutting down CompactionDagPruningService.
2025-04-23 04:27:41,577 [main] INFO  snapshot.SnapshotDiffManager (SnapshotDiffManager.java:closeExecutorService(1698)) - Shutting down executorService: 'SnapDiffExecutor'
2025-04-23 04:27:41,577 [main] INFO  utils.BackgroundService (BackgroundService.java:shutdown(161)) - Shutting down service SnapshotDiffCleanupService
2025-04-23 04:27:41,578 [main] INFO  om.OzoneManager (OzoneManager.java:stop(2347)) - omNode-2[localhost:15010]: Stopping Ozone Manager
2025-04-23 04:27:41,578 [main] INFO  ipc.Server (Server.java:stop(3697)) - Stopping server on 15010
2025-04-23 04:27:41,582 [IPC Server listener on 15010] INFO  ipc.Server (Server.java:run(1585)) - Stopping IPC Server listener on 15010
2025-04-23 04:27:41,582 [main] INFO  ratis.OzoneManagerRatisServer (OzoneManagerRatisServer.java:stop(634)) - Stopping org.apache.hadoop.ozone.om.ratis.OzoneManagerRatisServer@6a0eff1c at port 15013
2025-04-23 04:27:41,582 [main] INFO  server.RaftServer (RaftServerProxy.java:lambda$close$9(417)) - omNode-2: close
2025-04-23 04:27:41,582 [main] INFO  server.GrpcService (GrpcService.java:closeImpl(343)) - omNode-2: shutdown server GrpcServerProtocolService now
2025-04-23 04:27:41,582 [IPC Server Responder] INFO  ipc.Server (Server.java:run(1718)) - Stopping IPC Server Responder
2025-04-23 04:27:41,582 [omNode-2-impl-thread1] INFO  server.RaftServer$Division (RaftServerImpl.java:lambda$close$1(513)) - omNode-2@group-523986131536: shutdown
2025-04-23 04:27:41,582 [omNode-2-impl-thread1] INFO  util.JmxRegister (JmxRegister.java:unregister(74)) - Successfully un-registered JMX Bean with object name Ratis:service=RaftServer,group=group-523986131536,id=omNode-2
2025-04-23 04:27:41,582 [omNode-2-impl-thread1] INFO  impl.RoleInfo (RoleInfo.java:shutdownFollowerState(121)) - omNode-2: shutdown omNode-2@group-523986131536-FollowerState
2025-04-23 04:27:41,583 [omNode-2-impl-thread1] INFO  impl.StateMachineUpdater (StateMachineUpdater.java:stopAndJoin(164)) - omNode-2@group-523986131536-StateMachineUpdater: set stopIndex = 68
2025-04-23 04:27:41,583 [omNode-2@group-523986131536-FollowerState] INFO  impl.FollowerState (FollowerState.java:runImpl(170)) - omNode-2@group-523986131536-FollowerState was interrupted
2025-04-23 04:27:41,584 [main] INFO  server.GrpcService (GrpcService.java:closeImpl(352)) - omNode-2: shutdown server GrpcServerProtocolService successfully
2025-04-23 04:27:41,610 [omNode-2@group-523986131536-StateMachineUpdater] INFO  ratis.OzoneManagerStateMachine (OzoneManagerStateMachine.java:takeSnapshotImpl(510)) - omNode-2: taking snapshot. applied = (t:5, i:68), skipped = 67, notified = (t:5, i:68), current snapshot index = (t:5, i:68), took 27 ms
2025-04-23 04:27:41,610 [omNode-2@group-523986131536-StateMachineUpdater] INFO  impl.StateMachineUpdater (StateMachineUpdater.java:takeSnapshot(303)) - omNode-2@group-523986131536-StateMachineUpdater: Took a snapshot at index 68
2025-04-23 04:27:41,610 [omNode-2@group-523986131536-StateMachineUpdater] INFO  impl.StateMachineUpdater (StateMachineUpdater.java:lambda$new$0(102)) - omNode-2@group-523986131536-StateMachineUpdater: snapshotIndex: updateIncreasingly 33 -> 68
2025-04-23 04:27:41,610 [omNode-2@group-523986131536-StateMachineUpdater] INFO  raftlog.RaftLog (RaftLogBase.java:purge(325)) - omNode-2@group-523986131536-SegmentedRaftLog: purge 68
2025-04-23 04:27:41,610 [omNode-2@group-523986131536-StateMachineUpdater] INFO  raftlog.RaftLog (RaftLogBase.java:lambda$new$0(54)) - omNode-2@group-523986131536-SegmentedRaftLog: snapshotIndex: updateIncreasingly 33 -> 68
2025-04-23 04:27:41,610 [omNode-2@group-523986131536-StateMachineUpdater] INFO  raftlog.RaftLog (SegmentedRaftLog.java:purgeImpl(382)) - omNode-2@group-523986131536-SegmentedRaftLog: purge(68)
  toTruncate: null
    toDelete: [(33, 34) isOpen? false, length=0, newEndIndex=0, (31, 32) isOpen? false, length=0, newEndIndex=0, (21, 30) isOpen? false, length=0, newEndIndex=0, (0, 20) isOpen? false, length=0, newEndIndex=0]
2025-04-23 04:27:41,610 [omNode-2@group-523986131536-StateMachineUpdater] INFO  impl.StateMachineUpdater (StateMachineUpdater.java:stop(141)) - omNode-2@group-523986131536-StateMachineUpdater: closing OzoneManagerStateMachine, lastApplied=(t:5, i:68)
2025-04-23 04:27:41,610 [omNode-2@group-523986131536-StateMachineUpdater] INFO  ratis.OzoneManagerStateMachine (OzoneManagerStateMachine.java:close(550)) - Stopping OzoneManagerStateMachine:omNode-2:group-523986131536.
2025-04-23 04:27:41,610 [omNode-2@group-523986131536-StateMachineUpdater] INFO  ratis.OzoneManagerDoubleBuffer (OzoneManagerDoubleBuffer.java:stopDaemon(500)) - Stopping OMDoubleBuffer flush thread
2025-04-23 04:27:41,611 [omNode-2@group-523986131536-SegmentedRaftLogWorker] INFO  segmented.SegmentedRaftLogWorker (SegmentedRaftLogWorker.java:execute(481)) - omNode-2@group-523986131536-SegmentedRaftLogWorker: Purged RaftLog segment: info=(33, 34) isOpen? false, length=0, newEndIndex=0, path=/home/runner/work/ozone/ozone/hadoop-ozone/integration-test/target/test-dir/MiniOzoneClusterImpl-ff59c164-3798-4a7f-a16d-eeed9ffb3244/omNode-2/ratis/c9bc4cf4-3bc3-3c60-a66b-523986131536/current/log_33-34
2025-04-23 04:27:41,611 [omNode-2@group-523986131536-SegmentedRaftLogWorker] INFO  segmented.SegmentedRaftLogWorker (SegmentedRaftLogWorker.java:execute(481)) - omNode-2@group-523986131536-SegmentedRaftLogWorker: Purged RaftLog segment: info=(31, 32) isOpen? false, length=0, newEndIndex=0, path=/home/runner/work/ozone/ozone/hadoop-ozone/integration-test/target/test-dir/MiniOzoneClusterImpl-ff59c164-3798-4a7f-a16d-eeed9ffb3244/omNode-2/ratis/c9bc4cf4-3bc3-3c60-a66b-523986131536/current/log_31-32
2025-04-23 04:27:41,612 [omNode-2@group-523986131536-SegmentedRaftLogWorker] INFO  segmented.SegmentedRaftLogWorker (SegmentedRaftLogWorker.java:execute(481)) - omNode-2@group-523986131536-SegmentedRaftLogWorker: Purged RaftLog segment: info=(21, 30) isOpen? false, length=0, newEndIndex=0, path=/home/runner/work/ozone/ozone/hadoop-ozone/integration-test/target/test-dir/MiniOzoneClusterImpl-ff59c164-3798-4a7f-a16d-eeed9ffb3244/omNode-2/ratis/c9bc4cf4-3bc3-3c60-a66b-523986131536/current/log_21-30
2025-04-23 04:27:41,612 [omNode-2@group-523986131536-SegmentedRaftLogWorker] INFO  segmented.SegmentedRaftLogWorker (SegmentedRaftLogWorker.java:execute(481)) - omNode-2@group-523986131536-SegmentedRaftLogWorker: Purged RaftLog segment: info=(0, 20) isOpen? false, length=0, newEndIndex=0, path=/home/runner/work/ozone/ozone/hadoop-ozone/integration-test/target/test-dir/MiniOzoneClusterImpl-ff59c164-3798-4a7f-a16d-eeed9ffb3244/omNode-2/ratis/c9bc4cf4-3bc3-3c60-a66b-523986131536/current/log_0-20
2025-04-23 04:27:41,612 [omNode-2@group-523986131536-SegmentedRaftLogWorker] INFO  raftlog.RaftLog (RaftLogBase.java:lambda$new$0(54)) - omNode-2@group-523986131536-SegmentedRaftLog: purgeIndex: updateToMax old=-1, new=34, updated? true
2025-04-23 04:27:41,612 [omNode-2-OMDoubleBufferFlushThread] INFO  ratis.OzoneManagerDoubleBuffer (OzoneManagerDoubleBuffer.java:canFlush(559)) - OMDoubleBuffer flush thread omNode-2-OMDoubleBufferFlushThread is interrupted and will exit.
2025-04-23 04:27:41,613 [omNode-2@group-523986131536-cacheEviction-AwaitToRun] INFO  util.AwaitToRun (AwaitToRun.java:run(49)) - omNode-2@group-523986131536-cacheEviction-AwaitToRun-AwaitForSignal is interrupted
2025-04-23 04:27:42,613 [omNode-2-impl-thread1] INFO  segmented.SegmentedRaftLogWorker (SegmentedRaftLogWorker.java:close(252)) - omNode-2@group-523986131536-SegmentedRaftLogWorker close()
2025-04-23 04:27:42,614 [JvmPauseMonitor16] INFO  util.JvmPauseMonitor (JvmPauseMonitor.java:run(152)) - JvmPauseMonitor-omNode-2: Stopped
2025-04-23 04:27:42,614 [main] INFO  utils.BackgroundService (BackgroundService.java:shutdown(161)) - Shutting down service KeyDeletingService
2025-04-23 04:27:42,615 [main] INFO  utils.BackgroundService (BackgroundService.java:shutdown(161)) - Shutting down service DirectoryDeletingService
2025-04-23 04:27:42,615 [main] INFO  utils.BackgroundService (BackgroundService.java:shutdown(161)) - Shutting down service OpenKeyCleanupService
2025-04-23 04:27:42,616 [main] INFO  utils.BackgroundService (BackgroundService.java:shutdown(161)) - Shutting down service SstFilteringService
2025-04-23 04:27:42,616 [main] INFO  utils.BackgroundService (BackgroundService.java:shutdown(161)) - Shutting down service SnapshotDeletingService
2025-04-23 04:27:42,616 [main] INFO  utils.BackgroundService (BackgroundService.java:shutdown(161)) - Shutting down service MultipartUploadCleanupService
2025-04-23 04:27:42,617 [main] INFO  handler.ContextHandler (ContextHandler.java:doStop(1159)) - Stopped o.e.j.w.WebAppContext@ab61437{ozoneManager,/,null,STOPPED}{file:/home/runner/work/ozone/ozone/hadoop-ozone/integration-test/target/test-classes/webapps/ozoneManager}
2025-04-23 04:27:42,617 [main] INFO  server.AbstractConnector (AbstractConnector.java:doStop(383)) - Stopped ServerConnector@59d8e4a9{HTTP/1.1, (http/1.1)}{0.0.0.0:15011}
2025-04-23 04:27:42,618 [main] INFO  server.session (HouseKeeper.java:stopScavenging(149)) - node0 Stopped scavenging
2025-04-23 04:27:42,618 [main] INFO  handler.ContextHandler (ContextHandler.java:doStop(1159)) - Stopped o.e.j.s.ServletContextHandler@2ef206bf{static,/static,file:///home/runner/work/ozone/ozone/hadoop-ozone/integration-test/target/test-classes/webapps/static,STOPPED}
2025-04-23 04:27:42,618 [main] INFO  handler.ContextHandler (ContextHandler.java:doStop(1159)) - Stopped o.e.j.s.ServletContextHandler@23f53c40{logs,/logs,file:///home/runner/work/ozone/ozone/hadoop-ozone/integration-test/target/log,STOPPED}
2025-04-23 04:27:42,618 [main] INFO  rocksdiff.RocksDBCheckpointDiffer (RocksDBCheckpointDiffer.java:close(304)) - Shutting down CompactionDagPruningService.
2025-04-23 04:27:42,631 [main] INFO  snapshot.SnapshotDiffManager (SnapshotDiffManager.java:closeExecutorService(1698)) - Shutting down executorService: 'SnapDiffExecutor'
2025-04-23 04:27:42,631 [main] INFO  utils.BackgroundService (BackgroundService.java:shutdown(161)) - Shutting down service SnapshotDiffCleanupService
2025-04-23 04:27:42,632 [main] INFO  om.OzoneManager (OzoneManager.java:restart(1878)) - OzoneManager RPC server is listening at localhost/127.0.0.1:15014
2025-04-23 04:27:42,632 [main] INFO  impl.MetricsSystemImpl (MetricsSystemImpl.java:init(158)) - OzoneManager metrics system started (again)
2025-04-23 04:27:42,648 [main] WARN  server.ServerUtils (ServerUtils.java:getDBPath(297)) - ozone.om.db.dirs is not configured. We recommend adding this setting. Falling back to ozone.metadata.dirs instead.
2025-04-23 04:27:42,694 [main] INFO  om.OzoneManager (OzoneManager.java:instantiateServices(933)) - S3 Multi-Tenancy is disabled
2025-04-23 04:27:42,694 [main] INFO  om.OmSnapshotManager (OmSnapshotManager.java:<init>(180)) - Ozone filesystem snapshot feature is enabled.
2025-04-23 04:27:42,694 [main] WARN  server.ServerUtils (ServerUtils.java:getDBPath(297)) - ozone.om.snapshot.diff.db.dir is not configured. We recommend adding this setting. Falling back to ozone.metadata.dirs instead.
2025-04-23 04:27:42,707 [main] WARN  server.ServerUtils (ServerUtils.java:getDefaultRatisDirectory(309)) - Storage directory for Ratis is not configured. It is a good idea to map this to an SSD disk. Falling back to ozone.metadata.dirs
2025-04-23 04:27:42,707 [main] INFO  server.RaftServerConfigKeys (ConfUtils.java:logGet(46)) - raft.server.log.appender.buffer.byte-limit = 4194304 (custom)
2025-04-23 04:27:42,708 [main] INFO  ratis.OzoneManagerRatisServer (OzoneManagerRatisServer.java:<init>(167)) - Instantiating OM Ratis server with groupID: om-service-test1 and peers: localhost:15017, localhost:15009, localhost:15013
2025-04-23 04:27:42,708 [main] INFO  ratis.OzoneManagerStateMachine (OzoneManagerStateMachine.java:loadSnapshotInfoFromDB(611)) - LastAppliedIndex is set from TransactionInfo from OM DB as (t:5, i:68)
2025-04-23 04:27:42,709 [main] INFO  server.RaftServer (ConfUtils.java:logGet(46)) - raft.rpc.type = GRPC (default)
2025-04-23 04:27:42,709 [main] INFO  grpc.GrpcConfigKeys (ConfUtils.java:logFallback(53)) - raft.grpc.admin.host = null (fallback to raft.grpc.server.host)
2025-04-23 04:27:42,709 [main] INFO  grpc.GrpcConfigKeys (ConfUtils.java:logFallback(53)) - raft.grpc.admin.port = 15017 (fallback to raft.grpc.server.port)
2025-04-23 04:27:42,709 [main] INFO  grpc.GrpcConfigKeys (ConfUtils.java:logFallback(53)) - raft.grpc.client.host = null (fallback to raft.grpc.server.host)
2025-04-23 04:27:42,709 [main] INFO  grpc.GrpcConfigKeys (ConfUtils.java:logFallback(53)) - raft.grpc.client.port = 15017 (fallback to raft.grpc.server.port)
2025-04-23 04:27:42,709 [main] INFO  grpc.GrpcConfigKeys (ConfUtils.java:logGet(46)) - raft.grpc.server.host = null (default)
2025-04-23 04:27:42,709 [main] INFO  grpc.GrpcConfigKeys (ConfUtils.java:logGet(46)) - raft.grpc.server.port = 15017 (custom)
2025-04-23 04:27:42,709 [main] INFO  server.GrpcService (ConfUtils.java:logGet(46)) - raft.grpc.message.size.max = 5242880 (custom)
2025-04-23 04:27:42,709 [main] INFO  server.GrpcService (ConfUtils.java:logGet(46)) - raft.grpc.flow.control.window = 1MB (=1048576) (default)
2025-04-23 04:27:42,710 [main] INFO  server.RaftServerConfigKeys (ConfUtils.java:logGet(46)) - raft.server.rpc.request.timeout = 3000ms (default)
2025-04-23 04:27:42,710 [main] INFO  grpc.GrpcConfigKeys (ConfUtils.java:logGet(46)) - raft.grpc.server.heartbeat.channel = true (default)
2025-04-23 04:27:42,710 [main] INFO  server.RaftServerConfigKeys (ConfUtils.java:logGet(46)) - raft.server.log.appender.buffer.byte-limit = 4194304 (custom)
2025-04-23 04:27:42,710 [main] INFO  grpc.GrpcConfigKeys (ConfUtils.java:logGet(46)) - raft.grpc.server.async.request.thread.pool.cached = true (default)
2025-04-23 04:27:42,710 [main] INFO  grpc.GrpcConfigKeys (ConfUtils.java:logGet(46)) - raft.grpc.server.async.request.thread.pool.size = 32 (default)
2025-04-23 04:27:42,711 [main] INFO  impl.DataStreamServerImpl (ConfUtils.java:logGet(46)) - raft.datastream.type = DISABLED (default)
2025-04-23 04:27:42,711 [main] INFO  server.RaftServerConfigKeys (ConfUtils.java:logGet(46)) - raft.server.sleep.deviation.threshold = 300ms (default)
2025-04-23 04:27:42,711 [main] INFO  server.RaftServerConfigKeys (ConfUtils.java:logGet(46)) - raft.server.close.threshold = 60s (default)
2025-04-23 04:27:42,711 [main] INFO  server.RaftServerConfigKeys (ConfUtils.java:logGet(46)) - raft.server.leaderelection.leader.step-down.wait-time = 10s (default)
2025-04-23 04:27:42,711 [main] INFO  server.RaftServerConfigKeys (ConfUtils.java:logGet(46)) - raft.server.storage.dir = [/home/runner/work/ozone/ozone/hadoop-ozone/integration-test/target/test-dir/MiniOzoneClusterImpl-ff59c164-3798-4a7f-a16d-eeed9ffb3244/omNode-3/ratis] (custom)
2025-04-23 04:27:42,711 [main] INFO  server.RaftServerConfigKeys (ConfUtils.java:logGet(46)) - raft.server.threadpool.proxy.cached = true (default)
2025-04-23 04:27:42,711 [main] INFO  server.RaftServerConfigKeys (ConfUtils.java:logGet(46)) - raft.server.threadpool.proxy.size = 0 (default)
2025-04-23 04:27:42,712 [omNode-3-impl-thread1] INFO  server.RaftServer (RaftServerProxy.java:initGroupDir(265)) - omNode-3: found a subdirectory /home/runner/work/ozone/ozone/hadoop-ozone/integration-test/target/test-dir/MiniOzoneClusterImpl-ff59c164-3798-4a7f-a16d-eeed9ffb3244/omNode-3/ratis/c9bc4cf4-3bc3-3c60-a66b-523986131536
2025-04-23 04:27:42,712 [main] INFO  server.RaftServer (RaftServerProxy.java:addNew(100)) - omNode-3: addNew group-523986131536:[omNode-3|localhost:15017, omNode-1|localhost:15009, omNode-2|localhost:15013] returns group-523986131536:java.util.concurrent.CompletableFuture@46af9e19[Not completed]
2025-04-23 04:27:42,712 [main] INFO  om.OzoneManager (OzoneManager.java:initializeRatisServer(2303)) - OzoneManager Ratis server initialized at port 15017
2025-04-23 04:27:42,712 [omNode-3-groupManagement] INFO  server.RaftServer$Division (RaftServerImpl.java:<init>(255)) - omNode-3: new RaftServerImpl for group-523986131536:[omNode-3|localhost:15017, omNode-1|localhost:15009, omNode-2|localhost:15013] with OzoneManagerStateMachine:uninitialized
2025-04-23 04:27:42,712 [main] INFO  ratis.OzoneManagerRatisServer (OzoneManagerRatisServer.java:start(628)) - Starting OzoneManagerRatisServer omNode-3 at port 15017
2025-04-23 04:27:42,712 [omNode-3-groupManagement] INFO  server.RaftServerConfigKeys (ConfUtils.java:logGet(46)) - raft.server.rpc.timeout.min = 1s (custom)
2025-04-23 04:27:42,713 [omNode-3-groupManagement] INFO  server.RaftServerConfigKeys (ConfUtils.java:logGet(46)) - raft.server.rpc.timeout.max = 1200ms (custom)
2025-04-23 04:27:42,713 [omNode-3-groupManagement] INFO  server.RaftServerConfigKeys (ConfUtils.java:logGet(46)) - raft.server.rpc.sleep.time = 25ms (default)
2025-04-23 04:27:42,713 [omNode-3-groupManagement] INFO  server.RaftServerConfigKeys (ConfUtils.java:logGet(46)) - raft.server.rpc.slowness.timeout = 2s (custom)
2025-04-23 04:27:42,713 [omNode-3-groupManagement] INFO  server.RaftServerConfigKeys (ConfUtils.java:logGet(46)) - raft.server.leaderelection.leader.step-down.wait-time = 10s (default)
2025-04-23 04:27:42,713 [omNode-3-groupManagement] INFO  server.RaftServerConfigKeys (ConfUtils.java:logGet(46)) - raft.server.leaderelection.member.majority-add = false (default)
2025-04-23 04:27:42,713 [omNode-3-groupManagement] INFO  server.RaftServerConfigKeys (ConfUtils.java:logGet(46)) - raft.server.sleep.deviation.threshold = 300ms (default)
2025-04-23 04:27:42,713 [omNode-3-groupManagement] INFO  server.RaftServer$Division (ServerState.java:<init>(114)) - omNode-3@group-523986131536: ConfigurationManager, init=conf: {index: -1, cur=peers:[omNode-3|localhost:15017, omNode-1|localhost:15009, omNode-2|localhost:15013]|listeners:[], old=null}, confs=<EMPTY_MAP>
2025-04-23 04:27:42,713 [omNode-3-groupManagement] INFO  server.RaftServerConfigKeys (ConfUtils.java:logGet(46)) - raft.server.notification.no-leader.timeout = 2s (custom)
2025-04-23 04:27:42,713 [omNode-3-groupManagement] INFO  server.RaftServerConfigKeys (ConfUtils.java:logGet(46)) - raft.server.read.timeout = 10s (default)
2025-04-23 04:27:42,713 [omNode-3-groupManagement] INFO  server.RaftServerConfigKeys (ConfUtils.java:logGet(46)) - raft.server.retrycache.expirytime = 30000ms (custom)
2025-04-23 04:27:42,713 [omNode-3-groupManagement] INFO  server.RaftServerConfigKeys (ConfUtils.java:logGet(46)) - raft.server.retrycache.statistics.expirytime = 100ms (default)
2025-04-23 04:27:42,713 [omNode-3-groupManagement] INFO  server.RaftServerConfigKeys (ConfUtils.java:logGet(46)) - raft.server.read.option = DEFAULT (default)
2025-04-23 04:27:42,713 [omNode-3-groupManagement] INFO  server.RaftServerConfigKeys (ConfUtils.java:logGet(46)) - raft.server.read.read-after-write-consistent.write-index-cache.expiry-time = 60s (default)
2025-04-23 04:27:42,716 [omNode-3-groupManagement] INFO  server.RaftServerConfigKeys (ConfUtils.java:logGet(46)) - raft.server.rpc.request.timeout = 3000ms (default)
2025-04-23 04:27:42,716 [omNode-3-groupManagement] INFO  server.RaftServerConfigKeys (ConfUtils.java:logGet(46)) - raft.server.log.appender.install.snapshot.enabled = false (custom)
2025-04-23 04:27:42,716 [omNode-3-groupManagement] INFO  server.RaftServerConfigKeys (ConfUtils.java:logGet(46)) - raft.server.threadpool.server.cached = true (default)
2025-04-23 04:27:42,716 [omNode-3-groupManagement] INFO  server.RaftServerConfigKeys (ConfUtils.java:logGet(46)) - raft.server.threadpool.server.size = 0 (default)
2025-04-23 04:27:42,716 [omNode-3-groupManagement] INFO  server.RaftServerConfigKeys (ConfUtils.java:logGet(46)) - raft.server.threadpool.client.cached = true (default)
2025-04-23 04:27:42,716 [omNode-3-groupManagement] INFO  server.RaftServerConfigKeys (ConfUtils.java:logGet(46)) - raft.server.threadpool.client.size = 0 (default)
2025-04-23 04:27:42,716 [omNode-3-impl-thread1] INFO  server.RaftServerConfigKeys (ConfUtils.java:logGet(46)) - raft.server.storage.free-space.min = 0MB (=0) (default)
2025-04-23 04:27:42,716 [omNode-3-impl-thread1] INFO  server.RaftServerConfigKeys (ConfUtils.java:logGet(46)) - raft.server.log.corruption.policy = EXCEPTION (default)
2025-04-23 04:27:42,716 [omNode-3-impl-thread1] INFO  server.RaftServerConfigKeys (ConfUtils.java:logGet(46)) - raft.server.storage.dir = [/home/runner/work/ozone/ozone/hadoop-ozone/integration-test/target/test-dir/MiniOzoneClusterImpl-ff59c164-3798-4a7f-a16d-eeed9ffb3244/omNode-3/ratis] (custom)
2025-04-23 04:27:42,717 [omNode-3-impl-thread1] INFO  storage.RaftStorageDirectory (RaftStorageDirectoryImpl.java:tryLock(229)) - Lock on /home/runner/work/ozone/ozone/hadoop-ozone/integration-test/target/test-dir/MiniOzoneClusterImpl-ff59c164-3798-4a7f-a16d-eeed9ffb3244/omNode-3/ratis/c9bc4cf4-3bc3-3c60-a66b-523986131536/in_use.lock acquired by nodename 129558@fv-az1441-587
2025-04-23 04:27:42,717 [omNode-3-impl-thread1] INFO  storage.RaftStorage (RaftStorageImpl.java:analyzeAndRecoverStorage(118)) - Read RaftStorageMetadata{term=5, votedFor=omNode-3} from /home/runner/work/ozone/ozone/hadoop-ozone/integration-test/target/test-dir/MiniOzoneClusterImpl-ff59c164-3798-4a7f-a16d-eeed9ffb3244/omNode-3/ratis/c9bc4cf4-3bc3-3c60-a66b-523986131536/current/raft-meta
2025-04-23 04:27:42,717 [omNode-3-impl-thread1] INFO  server.RaftServer$Division (ServerState.java:setRaftConf(386)) - omNode-3@group-523986131536: set configuration conf: {index: 35, cur=peers:[omNode-3|localhost:15017, omNode-1|localhost:15009, omNode-2|localhost:15013]|listeners:[], old=null}
2025-04-23 04:27:42,717 [omNode-3-impl-thread1] INFO  ratis.OzoneManagerStateMachine (OzoneManagerStateMachine.java:lambda$0(138)) - omNode-3: initialize group-523986131536 with (t:5, i:68)
2025-04-23 04:27:42,717 [omNode-3-impl-thread1] INFO  server.RaftServerConfigKeys (ConfUtils.java:logGet(46)) - raft.server.log.use.memory = false (default)
2025-04-23 04:27:42,717 [omNode-3-impl-thread1] INFO  server.RaftServerConfigKeys (ConfUtils.java:logGet(46)) - raft.server.log.purge.gap = 50 (custom)
2025-04-23 04:27:42,717 [omNode-3-impl-thread1] INFO  server.RaftServerConfigKeys (ConfUtils.java:logGet(46)) - raft.server.log.appender.buffer.byte-limit = 4194304 (custom)
2025-04-23 04:27:42,718 [omNode-3-impl-thread1] INFO  server.RaftServerConfigKeys (ConfUtils.java:logGet(46)) - raft.server.log.statemachine.data.read.timeout = 1000ms (default)
2025-04-23 04:27:42,718 [omNode-3-impl-thread1] INFO  server.RaftServerConfigKeys (ConfUtils.java:logGet(46)) - raft.server.log.purge.preservation.log.num = 0 (default)
2025-04-23 04:27:42,719 [omNode-3-impl-thread1] INFO  server.RaftServerConfigKeys (ConfUtils.java:logGet(46)) - raft.server.log.segment.size.max = 4194304 (custom)
2025-04-23 04:27:42,719 [omNode-3-impl-thread1] INFO  server.RaftServerConfigKeys (ConfUtils.java:logGet(46)) - raft.server.log.segment.cache.num.max = 2 (custom)
2025-04-23 04:27:42,719 [omNode-3-impl-thread1] INFO  server.RaftServerConfigKeys (ConfUtils.java:logGet(46)) - raft.server.log.segment.cache.size.max = 200MB (=209715200) (default)
2025-04-23 04:27:42,719 [omNode-3-impl-thread1] INFO  server.RaftServerConfigKeys (ConfUtils.java:logGet(46)) - raft.server.log.appender.buffer.byte-limit = 4194304 (custom)
2025-04-23 04:27:42,719 [omNode-3-impl-thread1] INFO  util.AwaitToRun (AwaitToRun.java:start(81)) - Thread[#2728,omNode-3@group-523986131536-cacheEviction-AwaitToRun,5,main] started
2025-04-23 04:27:42,719 [omNode-3-impl-thread1] INFO  segmented.SegmentedRaftLogWorker (SegmentedRaftLogWorker.java:<init>(188)) - new omNode-3@group-523986131536-SegmentedRaftLogWorker for RaftStorageImpl:Storage Directory /home/runner/work/ozone/ozone/hadoop-ozone/integration-test/target/test-dir/MiniOzoneClusterImpl-ff59c164-3798-4a7f-a16d-eeed9ffb3244/omNode-3/ratis/c9bc4cf4-3bc3-3c60-a66b-523986131536
2025-04-23 04:27:42,719 [omNode-3-impl-thread1] INFO  server.RaftServerConfigKeys (ConfUtils.java:logGet(46)) - raft.server.log.queue.byte-limit = 64MB (=67108864) (default)
2025-04-23 04:27:42,719 [omNode-3-impl-thread1] INFO  server.RaftServerConfigKeys (ConfUtils.java:logGet(46)) - raft.server.log.queue.element-limit = 4096 (default)
2025-04-23 04:27:42,719 [omNode-3-impl-thread1] INFO  server.RaftServerConfigKeys (ConfUtils.java:logGet(46)) - raft.server.log.segment.size.max = 4194304 (custom)
2025-04-23 04:27:42,719 [omNode-3-impl-thread1] INFO  server.RaftServerConfigKeys (ConfUtils.java:logGet(46)) - raft.server.log.preallocated.size = 4194304 (custom)
2025-04-23 04:27:42,720 [omNode-3-impl-thread1] INFO  server.RaftServerConfigKeys (ConfUtils.java:logGet(46)) - raft.server.log.force.sync.num = 128 (default)
2025-04-23 04:27:42,720 [omNode-3-impl-thread1] INFO  server.RaftServerConfigKeys (ConfUtils.java:logGet(46)) - raft.server.log.statemachine.data.sync = true (default)
2025-04-23 04:27:42,720 [omNode-3-impl-thread1] INFO  server.RaftServerConfigKeys (ConfUtils.java:logGet(46)) - raft.server.log.statemachine.data.sync.timeout = 10s (default)
2025-04-23 04:27:42,720 [omNode-3-impl-thread1] INFO  server.RaftServerConfigKeys (ConfUtils.java:logGet(46)) - raft.server.log.statemachine.data.sync.timeout.retry = -1 (default)
2025-04-23 04:27:42,720 [omNode-3-impl-thread1] INFO  server.RaftServerConfigKeys (ConfUtils.java:logGet(46)) - raft.server.log.write.buffer.size = 4194312 (custom)
2025-04-23 04:27:42,722 [omNode-3-impl-thread1] INFO  server.RaftServerConfigKeys (ConfUtils.java:logGet(46)) - raft.server.log.appender.buffer.byte-limit = 4194304 (custom)
2025-04-23 04:27:42,722 [omNode-3-impl-thread1] INFO  server.RaftServerConfigKeys (ConfUtils.java:logGet(46)) - raft.server.log.unsafe-flush.enabled = false (default)
2025-04-23 04:27:42,722 [omNode-3-impl-thread1] INFO  server.RaftServerConfigKeys (ConfUtils.java:logGet(46)) - raft.server.log.async-flush.enabled = false (default)
2025-04-23 04:27:42,722 [omNode-3-impl-thread1] INFO  server.RaftServerConfigKeys (ConfUtils.java:logGet(46)) - raft.server.log.statemachine.data.caching.enabled = false (default)
2025-04-23 04:27:42,722 [omNode-3-impl-thread1] INFO  server.RaftServer$Division (ServerState.java:setRaftConf(386)) - omNode-3@group-523986131536: set configuration conf: {index: 35, cur=peers:[omNode-3|localhost:15017, omNode-1|localhost:15009, omNode-2|localhost:15013]|listeners:[], old=null}
2025-04-23 04:27:42,723 [omNode-3-impl-thread1] INFO  segmented.LogSegment (LogSegment.java:loadSegment(171)) - Successfully read 34 entries from segment file /home/runner/work/ozone/ozone/hadoop-ozone/integration-test/target/test-dir/MiniOzoneClusterImpl-ff59c164-3798-4a7f-a16d-eeed9ffb3244/omNode-3/ratis/c9bc4cf4-3bc3-3c60-a66b-523986131536/current/log_inprogress_35
2025-04-23 04:27:42,723 [omNode-3-impl-thread1] INFO  segmented.SegmentedRaftLogWorker (SegmentedRaftLogWorker.java:lambda$new$0(139)) - omNode-3@group-523986131536-SegmentedRaftLogWorker: flushIndex: setUnconditionally 0 -> 68
2025-04-23 04:27:42,723 [omNode-3-impl-thread1] INFO  segmented.SegmentedRaftLogWorker (SegmentedRaftLogWorker.java:lambda$new$0(139)) - omNode-3@group-523986131536-SegmentedRaftLogWorker: safeCacheEvictIndex: setUnconditionally 0 -> -1
2025-04-23 04:27:42,723 [omNode-3-impl-thread1] INFO  segmented.BufferedWriteChannel (BufferedWriteChannel.java:open(61)) - open log_inprogress_35 (append) at position 7632
2025-04-23 04:27:42,723 [omNode-3-impl-thread1] INFO  raftlog.RaftLog (RaftLogBase.java:lambda$new$0(54)) - omNode-3@group-523986131536-SegmentedRaftLog: purgeIndex: updateToMax old=-1, new=34, updated? true
2025-04-23 04:27:42,723 [omNode-3-impl-thread1] INFO  server.RaftServer$Division (RaftServerImpl.java:start(391)) - omNode-3@group-523986131536: start as a follower, conf=conf: {index: 35, cur=peers:[omNode-3|localhost:15017, omNode-1|localhost:15009, omNode-2|localhost:15013]|listeners:[], old=null}
2025-04-23 04:27:42,723 [omNode-3-impl-thread1] INFO  server.RaftServer$Division (RaftServerImpl.java:setRole(378)) - omNode-3@group-523986131536: changes role from      null to FOLLOWER at term 5 for startAsFollower
2025-04-23 04:27:42,723 [omNode-3-impl-thread1] INFO  impl.RoleInfo (RoleInfo.java:updateAndGet(148)) - omNode-3: start omNode-3@group-523986131536-FollowerState
2025-04-23 04:27:42,723 [omNode-3-impl-thread1] INFO  util.JmxRegister (JmxRegister.java:tryRegister(44)) - Successfully registered JMX Bean with object name Ratis:service=RaftServer,group=group-523986131536,id=omNode-3
2025-04-23 04:27:42,723 [omNode-3-impl-thread1] INFO  util.JmxRegister (JmxRegister.java:register(58)) - register mxBean class org.apache.ratis.server.impl.RaftServerJmxAdapter as Ratis:service=RaftServer,group=group-523986131536,id=omNode-3
2025-04-23 04:27:42,723 [omNode-3@group-523986131536-FollowerState] INFO  server.RaftServerConfigKeys (ConfUtils.java:logFallback(53)) - raft.server.rpc.first-election.timeout.min = 1s (fallback to raft.server.rpc.timeout.min)
2025-04-23 04:27:42,723 [omNode-3-impl-thread1] INFO  server.RaftServerConfigKeys (ConfUtils.java:logGet(46)) - raft.server.snapshot.trigger-when-stop.enabled = true (default)
2025-04-23 04:27:42,724 [omNode-3-impl-thread1] INFO  server.RaftServerConfigKeys (ConfUtils.java:logGet(46)) - raft.server.snapshot.trigger-when-remove.enabled = true (default)
2025-04-23 04:27:42,724 [omNode-3-impl-thread1] INFO  server.RaftServerConfigKeys (ConfUtils.java:logGet(46)) - raft.server.snapshot.auto.trigger.enabled = true (custom)
2025-04-23 04:27:42,724 [omNode-3@group-523986131536-FollowerState] INFO  server.RaftServerConfigKeys (ConfUtils.java:logFallback(53)) - raft.server.rpc.first-election.timeout.max = 1200ms (fallback to raft.server.rpc.timeout.max)
2025-04-23 04:27:42,724 [omNode-3-impl-thread1] INFO  server.RaftServerConfigKeys (ConfUtils.java:logGet(46)) - raft.server.snapshot.auto.trigger.threshold = 50 (custom)
2025-04-23 04:27:42,724 [omNode-3-impl-thread1] INFO  server.RaftServerConfigKeys (ConfUtils.java:logGet(46)) - raft.server.snapshot.retention.file.num = -1 (default)
2025-04-23 04:27:42,724 [omNode-3-impl-thread1] INFO  server.RaftServerConfigKeys (ConfUtils.java:logGet(46)) - raft.server.log.purge.upto.snapshot.index = true (custom)
2025-04-23 04:27:42,724 [omNode-3-impl-thread1] INFO  server.RaftServer$Division (RaftServerImpl.java:start(405)) - omNode-3@group-523986131536: Successfully started.
2025-04-23 04:27:42,724 [main] INFO  server.RaftServer (RaftServerProxy.java:startImpl(407)) - omNode-3: start RPC server
2025-04-23 04:27:42,725 [main] INFO  server.GrpcService (GrpcService.java:startImpl(334)) - omNode-3: GrpcService started, listening on 15017
2025-04-23 04:27:42,725 [main] INFO  om.OzoneManager (OzoneManager.java:getRpcServer(1360)) - Creating RPC Server
2025-04-23 04:27:42,725 [JvmPauseMonitor17] INFO  util.JvmPauseMonitor (JvmPauseMonitor.java:run(146)) - JvmPauseMonitor-omNode-3: Started
2025-04-23 04:27:43,082 [main] INFO  reflections.Reflections (Reflections.java:scan(219)) - Reflections took 357 ms to scan 22 urls, producing 61 keys and 7422 values
2025-04-23 04:27:43,083 [main] INFO  ipc.CallQueueManager (CallQueueManager.java:<init>(93)) - Using callQueue: class java.util.concurrent.LinkedBlockingQueue, queueCapacity: 2000, scheduler: class org.apache.hadoop.ipc.DefaultRpcScheduler, ipcBackoff: false, ipcFailOver: false.
2025-04-23 04:27:43,083 [main] INFO  ipc.Server (Server.java:<init>(1438)) - Listener at localhost:15014
2025-04-23 04:27:43,084 [Socket Reader #1 for port 15014] INFO  ipc.Server (Server.java:run(1474)) - Starting Socket Reader #1 for port 15014
2025-04-23 04:27:43,084 [Socket Reader #2 for port 15014] INFO  ipc.Server (Server.java:run(1474)) - Starting Socket Reader #2 for port 15014
2025-04-23 04:27:43,085 [Socket Reader #3 for port 15014] INFO  ipc.Server (Server.java:run(1474)) - Starting Socket Reader #3 for port 15014
2025-04-23 04:27:43,085 [Socket Reader #4 for port 15014] INFO  ipc.Server (Server.java:run(1474)) - Starting Socket Reader #4 for port 15014
2025-04-23 04:27:43,085 [Socket Reader #5 for port 15014] INFO  ipc.Server (Server.java:run(1474)) - Starting Socket Reader #5 for port 15014
2025-04-23 04:27:43,085 [Socket Reader #6 for port 15014] INFO  ipc.Server (Server.java:run(1474)) - Starting Socket Reader #6 for port 15014
2025-04-23 04:27:43,085 [Socket Reader #7 for port 15014] INFO  ipc.Server (Server.java:run(1474)) - Starting Socket Reader #7 for port 15014
2025-04-23 04:27:43,085 [Socket Reader #8 for port 15014] INFO  ipc.Server (Server.java:run(1474)) - Starting Socket Reader #8 for port 15014
2025-04-23 04:27:43,086 [Socket Reader #9 for port 15014] INFO  ipc.Server (Server.java:run(1474)) - Starting Socket Reader #9 for port 15014
2025-04-23 04:27:43,086 [Socket Reader #10 for port 15014] INFO  ipc.Server (Server.java:run(1474)) - Starting Socket Reader #10 for port 15014
2025-04-23 04:27:43,088 [main] INFO  http.BaseHttpServer (BaseHttpServer.java:newHttpServer2BuilderForOzone(229)) - Starting Web-server for ozoneManager at: http://0.0.0.0:15015
2025-04-23 04:27:43,088 [main] INFO  http.BaseHttpServer (BaseHttpServer.java:<init>(107)) - Hadoop Security Enabled: false Ozone Security Enabled: false Ozone HTTP Security Enabled: false 
2025-04-23 04:27:43,089 [main] WARN  server.AuthenticationFilter (AuthenticationFilter.java:constructSecretProvider(240)) - Unable to initialize FileSignerSecretProvider, falling back to use random secrets. Reason: Could not read signature secret file: /home/runner/hadoop-http-auth-signature-secret
2025-04-23 04:27:43,092 [main] INFO  http.HttpServer2 (HttpServer2.java:addGlobalFilter(1041)) - Added global filter 'safety' (class=org.apache.hadoop.hdds.server.http.HttpServer2$QuotingInputFilter)
2025-04-23 04:27:43,092 [main] INFO  http.HttpServer2 (HttpServer2.java:addFilter(1017)) - Added filter static_user_filter (class=org.apache.hadoop.http.lib.StaticUserWebFilter$StaticUserFilter) to context ozoneManager
2025-04-23 04:27:43,092 [main] INFO  http.HttpServer2 (HttpServer2.java:addFilter(1025)) - Added filter static_user_filter (class=org.apache.hadoop.http.lib.StaticUserWebFilter$StaticUserFilter) to context logs
2025-04-23 04:27:43,092 [main] INFO  http.HttpServer2 (HttpServer2.java:addFilter(1025)) - Added filter static_user_filter (class=org.apache.hadoop.http.lib.StaticUserWebFilter$StaticUserFilter) to context static
2025-04-23 04:27:43,093 [main] INFO  http.BaseHttpServer (BaseHttpServer.java:<init>(195)) - HTTP server of ozoneManager uses base directory /home/runner/work/ozone/ozone/hadoop-ozone/integration-test/target/test-dir/MiniOzoneClusterImpl-ff59c164-3798-4a7f-a16d-eeed9ffb3244/omNode-3/webserver
2025-04-23 04:27:43,093 [main] INFO  http.HttpServer2 (HttpServer2.java:bindListener(1241)) - Jetty bound to port 15015
2025-04-23 04:27:43,093 [main] INFO  server.Server (Server.java:doStart(375)) - jetty-9.4.57.v20241219; built: 2025-01-08T21:24:30.412Z; git: df524e6b29271c2e09ba9aea83c18dc9db464a31; jvm 21.0.7+6-LTS
2025-04-23 04:27:43,095 [main] INFO  server.session (DefaultSessionIdManager.java:doStart(334)) - DefaultSessionIdManager workerName=node0
2025-04-23 04:27:43,095 [main] INFO  server.session (DefaultSessionIdManager.java:doStart(339)) - No SessionScavenger set, using defaults
2025-04-23 04:27:43,095 [main] INFO  server.session (HouseKeeper.java:startScavenging(132)) - node0 Scavenging every 600000ms
2025-04-23 04:27:43,096 [main] INFO  handler.ContextHandler (ContextHandler.java:doStart(921)) - Started o.e.j.s.ServletContextHandler@14e8165c{logs,/logs,file:///home/runner/work/ozone/ozone/hadoop-ozone/integration-test/target/log,AVAILABLE}
2025-04-23 04:27:43,096 [main] INFO  handler.ContextHandler (ContextHandler.java:doStart(921)) - Started o.e.j.s.ServletContextHandler@2e674143{static,/static,file:///home/runner/work/ozone/ozone/hadoop-ozone/integration-test/target/test-classes/webapps/static,AVAILABLE}
2025-04-23 04:27:43,101 [main] INFO  handler.ContextHandler (ContextHandler.java:doStart(921)) - Started o.e.j.w.WebAppContext@108d9764{ozoneManager,/,file:///home/runner/work/ozone/ozone/hadoop-ozone/integration-test/target/test-classes/webapps/ozoneManager/,AVAILABLE}{file:/home/runner/work/ozone/ozone/hadoop-ozone/integration-test/target/test-classes/webapps/ozoneManager}
2025-04-23 04:27:43,101 [main] INFO  server.AbstractConnector (AbstractConnector.java:doStart(333)) - Started ServerConnector@25d59f1c{HTTP/1.1, (http/1.1)}{0.0.0.0:15015}
2025-04-23 04:27:43,101 [main] INFO  server.Server (Server.java:doStart(415)) - Started @66520ms
2025-04-23 04:27:43,102 [main] WARN  impl.MetricsSystemImpl (MetricsSystemImpl.java:register(279)) - Sink prometheus already exists!
2025-04-23 04:27:43,102 [main] INFO  http.BaseHttpServer (BaseHttpServer.java:updateConnectorAddress(360)) - HTTP server of ozoneManager listening at http://0.0.0.0:15015
2025-04-23 04:27:43,102 [IPC Server Responder] INFO  ipc.Server (Server.java:run(1713)) - IPC Server Responder: starting
2025-04-23 04:27:43,103 [IPC Server listener on 15014] INFO  ipc.Server (Server.java:run(1553)) - IPC Server listener on 15014: starting
2025-04-23 04:27:43,105 [main] INFO  om.OzoneManager (OzoneManager.java:startTrashEmptier(2257)) - Trash Interval set to 0. Files deleted won't move to trash
2025-04-23 04:27:43,105 [main] INFO  om.OzoneManager (OzoneManager.java:restart(1878)) - OzoneManager RPC server is listening at localhost/127.0.0.1:15006
2025-04-23 04:27:43,105 [main] INFO  impl.MetricsSystemImpl (MetricsSystemImpl.java:init(158)) - OzoneManager metrics system started (again)
2025-04-23 04:27:43,116 [main] WARN  server.ServerUtils (ServerUtils.java:getDBPath(297)) - ozone.om.db.dirs is not configured. We recommend adding this setting. Falling back to ozone.metadata.dirs instead.
2025-04-23 04:27:43,159 [main] INFO  om.OzoneManager (OzoneManager.java:instantiateServices(933)) - S3 Multi-Tenancy is disabled
2025-04-23 04:27:43,159 [main] INFO  om.OmSnapshotManager (OmSnapshotManager.java:<init>(180)) - Ozone filesystem snapshot feature is enabled.
2025-04-23 04:27:43,159 [main] WARN  server.ServerUtils (ServerUtils.java:getDBPath(297)) - ozone.om.snapshot.diff.db.dir is not configured. We recommend adding this setting. Falling back to ozone.metadata.dirs instead.
2025-04-23 04:27:43,174 [main] WARN  dropwizard3.Dm3MetricRegistriesImpl (Dm3MetricRegistriesImpl.java:addReporterRegistration(114)) - New reporters are added after registries were created. Some metrics will be missing from the reporter. Please add reporter before adding any new registry.
2025-04-23 04:27:43,174 [main] WARN  dropwizard3.Dm3MetricRegistriesImpl (Dm3MetricRegistriesImpl.java:addReporterRegistration(114)) - New reporters are added after registries were created. Some metrics will be missing from the reporter. Please add reporter before adding any new registry.
2025-04-23 04:27:43,175 [main] WARN  server.ServerUtils (ServerUtils.java:getDefaultRatisDirectory(309)) - Storage directory for Ratis is not configured. It is a good idea to map this to an SSD disk. Falling back to ozone.metadata.dirs
2025-04-23 04:27:43,175 [main] INFO  server.RaftServerConfigKeys (ConfUtils.java:logGet(46)) - raft.server.log.appender.buffer.byte-limit = 4194304 (custom)
2025-04-23 04:27:43,176 [main] INFO  ratis.OzoneManagerRatisServer (OzoneManagerRatisServer.java:<init>(167)) - Instantiating OM Ratis server with groupID: om-service-test1 and peers: localhost:15009, localhost:15017, localhost:15013
2025-04-23 04:27:43,176 [main] INFO  ratis.OzoneManagerStateMachine (OzoneManagerStateMachine.java:loadSnapshotInfoFromDB(611)) - LastAppliedIndex is set from TransactionInfo from OM DB as (t:5, i:68)
2025-04-23 04:27:43,177 [main] INFO  server.RaftServer (ConfUtils.java:logGet(46)) - raft.rpc.type = GRPC (default)
2025-04-23 04:27:43,177 [main] INFO  grpc.GrpcConfigKeys (ConfUtils.java:logFallback(53)) - raft.grpc.admin.host = null (fallback to raft.grpc.server.host)
2025-04-23 04:27:43,177 [main] INFO  grpc.GrpcConfigKeys (ConfUtils.java:logFallback(53)) - raft.grpc.admin.port = 15009 (fallback to raft.grpc.server.port)
2025-04-23 04:27:43,177 [main] INFO  grpc.GrpcConfigKeys (ConfUtils.java:logFallback(53)) - raft.grpc.client.host = null (fallback to raft.grpc.server.host)
2025-04-23 04:27:43,177 [main] INFO  grpc.GrpcConfigKeys (ConfUtils.java:logFallback(53)) - raft.grpc.client.port = 15009 (fallback to raft.grpc.server.port)
2025-04-23 04:27:43,177 [main] INFO  grpc.GrpcConfigKeys (ConfUtils.java:logGet(46)) - raft.grpc.server.host = null (default)
2025-04-23 04:27:43,177 [main] INFO  grpc.GrpcConfigKeys (ConfUtils.java:logGet(46)) - raft.grpc.server.port = 15009 (custom)
2025-04-23 04:27:43,178 [main] INFO  server.GrpcService (ConfUtils.java:logGet(46)) - raft.grpc.message.size.max = 5242880 (custom)
2025-04-23 04:27:43,178 [main] INFO  server.GrpcService (ConfUtils.java:logGet(46)) - raft.grpc.flow.control.window = 1MB (=1048576) (default)
2025-04-23 04:27:43,178 [main] INFO  server.RaftServerConfigKeys (ConfUtils.java:logGet(46)) - raft.server.rpc.request.timeout = 3000ms (default)
2025-04-23 04:27:43,178 [main] INFO  grpc.GrpcConfigKeys (ConfUtils.java:logGet(46)) - raft.grpc.server.heartbeat.channel = true (default)
2025-04-23 04:27:43,178 [main] INFO  server.RaftServerConfigKeys (ConfUtils.java:logGet(46)) - raft.server.log.appender.buffer.byte-limit = 4194304 (custom)
2025-04-23 04:27:43,178 [main] INFO  grpc.GrpcConfigKeys (ConfUtils.java:logGet(46)) - raft.grpc.server.async.request.thread.pool.cached = true (default)
2025-04-23 04:27:43,178 [main] INFO  grpc.GrpcConfigKeys (ConfUtils.java:logGet(46)) - raft.grpc.server.async.request.thread.pool.size = 32 (default)
2025-04-23 04:27:43,179 [main] INFO  impl.DataStreamServerImpl (ConfUtils.java:logGet(46)) - raft.datastream.type = DISABLED (default)
2025-04-23 04:27:43,179 [main] INFO  server.RaftServerConfigKeys (ConfUtils.java:logGet(46)) - raft.server.sleep.deviation.threshold = 300ms (default)
2025-04-23 04:27:43,179 [main] INFO  server.RaftServerConfigKeys (ConfUtils.java:logGet(46)) - raft.server.close.threshold = 60s (default)
2025-04-23 04:27:43,180 [main] INFO  server.RaftServerConfigKeys (ConfUtils.java:logGet(46)) - raft.server.leaderelection.leader.step-down.wait-time = 10s (default)
2025-04-23 04:27:43,180 [main] INFO  server.RaftServerConfigKeys (ConfUtils.java:logGet(46)) - raft.server.storage.dir = [/home/runner/work/ozone/ozone/hadoop-ozone/integration-test/target/test-dir/MiniOzoneClusterImpl-ff59c164-3798-4a7f-a16d-eeed9ffb3244/omNode-1/ratis] (custom)
2025-04-23 04:27:43,180 [main] INFO  server.RaftServerConfigKeys (ConfUtils.java:logGet(46)) - raft.server.threadpool.proxy.cached = true (default)
2025-04-23 04:27:43,180 [main] INFO  server.RaftServerConfigKeys (ConfUtils.java:logGet(46)) - raft.server.threadpool.proxy.size = 0 (default)
2025-04-23 04:27:43,180 [omNode-1-impl-thread1] INFO  server.RaftServer (RaftServerProxy.java:initGroupDir(265)) - omNode-1: found a subdirectory /home/runner/work/ozone/ozone/hadoop-ozone/integration-test/target/test-dir/MiniOzoneClusterImpl-ff59c164-3798-4a7f-a16d-eeed9ffb3244/omNode-1/ratis/c9bc4cf4-3bc3-3c60-a66b-523986131536
2025-04-23 04:27:43,181 [main] INFO  server.RaftServer (RaftServerProxy.java:addNew(100)) - omNode-1: addNew group-523986131536:[omNode-3|localhost:15017, omNode-1|localhost:15009, omNode-2|localhost:15013] returns group-523986131536:java.util.concurrent.CompletableFuture@1a6ab350[Not completed]
2025-04-23 04:27:43,181 [omNode-1-groupManagement] INFO  server.RaftServer$Division (RaftServerImpl.java:<init>(255)) - omNode-1: new RaftServerImpl for group-523986131536:[omNode-3|localhost:15017, omNode-1|localhost:15009, omNode-2|localhost:15013] with OzoneManagerStateMachine:uninitialized
2025-04-23 04:27:43,181 [main] INFO  om.OzoneManager (OzoneManager.java:initializeRatisServer(2303)) - OzoneManager Ratis server initialized at port 15009
2025-04-23 04:27:43,181 [main] INFO  ratis.OzoneManagerRatisServer (OzoneManagerRatisServer.java:start(628)) - Starting OzoneManagerRatisServer omNode-1 at port 15009
2025-04-23 04:27:43,181 [omNode-1-groupManagement] INFO  server.RaftServerConfigKeys (ConfUtils.java:logGet(46)) - raft.server.rpc.timeout.min = 1s (custom)
2025-04-23 04:27:43,181 [omNode-1-groupManagement] INFO  server.RaftServerConfigKeys (ConfUtils.java:logGet(46)) - raft.server.rpc.timeout.max = 1200ms (custom)
2025-04-23 04:27:43,181 [omNode-1-groupManagement] INFO  server.RaftServerConfigKeys (ConfUtils.java:logGet(46)) - raft.server.rpc.sleep.time = 25ms (default)
2025-04-23 04:27:43,181 [omNode-1-groupManagement] INFO  server.RaftServerConfigKeys (ConfUtils.java:logGet(46)) - raft.server.rpc.slowness.timeout = 2s (custom)
2025-04-23 04:27:43,181 [omNode-1-groupManagement] INFO  server.RaftServerConfigKeys (ConfUtils.java:logGet(46)) - raft.server.leaderelection.leader.step-down.wait-time = 10s (default)
2025-04-23 04:27:43,181 [omNode-1-groupManagement] INFO  server.RaftServerConfigKeys (ConfUtils.java:logGet(46)) - raft.server.leaderelection.member.majority-add = false (default)
2025-04-23 04:27:43,181 [omNode-1-groupManagement] INFO  server.RaftServerConfigKeys (ConfUtils.java:logGet(46)) - raft.server.sleep.deviation.threshold = 300ms (default)
2025-04-23 04:27:43,182 [omNode-1-groupManagement] INFO  server.RaftServer$Division (ServerState.java:<init>(114)) - omNode-1@group-523986131536: ConfigurationManager, init=conf: {index: -1, cur=peers:[omNode-3|localhost:15017, omNode-1|localhost:15009, omNode-2|localhost:15013]|listeners:[], old=null}, confs=<EMPTY_MAP>
2025-04-23 04:27:43,182 [omNode-1-groupManagement] INFO  server.RaftServerConfigKeys (ConfUtils.java:logGet(46)) - raft.server.notification.no-leader.timeout = 2s (custom)
2025-04-23 04:27:43,182 [omNode-1-groupManagement] INFO  server.RaftServerConfigKeys (ConfUtils.java:logGet(46)) - raft.server.read.timeout = 10s (default)
2025-04-23 04:27:43,182 [omNode-1-groupManagement] INFO  server.RaftServerConfigKeys (ConfUtils.java:logGet(46)) - raft.server.retrycache.expirytime = 30000ms (custom)
2025-04-23 04:27:43,182 [omNode-1-groupManagement] INFO  server.RaftServerConfigKeys (ConfUtils.java:logGet(46)) - raft.server.retrycache.statistics.expirytime = 100ms (default)
2025-04-23 04:27:43,182 [omNode-1-groupManagement] INFO  server.RaftServerConfigKeys (ConfUtils.java:logGet(46)) - raft.server.read.option = DEFAULT (default)
2025-04-23 04:27:43,182 [omNode-1-groupManagement] INFO  server.RaftServerConfigKeys (ConfUtils.java:logGet(46)) - raft.server.read.read-after-write-consistent.write-index-cache.expiry-time = 60s (default)
2025-04-23 04:27:43,184 [omNode-1-groupManagement] INFO  server.RaftServerConfigKeys (ConfUtils.java:logGet(46)) - raft.server.rpc.request.timeout = 3000ms (default)
2025-04-23 04:27:43,184 [omNode-1-groupManagement] INFO  server.RaftServerConfigKeys (ConfUtils.java:logGet(46)) - raft.server.log.appender.install.snapshot.enabled = false (custom)
2025-04-23 04:27:43,184 [omNode-1-groupManagement] INFO  server.RaftServerConfigKeys (ConfUtils.java:logGet(46)) - raft.server.threadpool.server.cached = true (default)
2025-04-23 04:27:43,185 [omNode-1-groupManagement] INFO  server.RaftServerConfigKeys (ConfUtils.java:logGet(46)) - raft.server.threadpool.server.size = 0 (default)
2025-04-23 04:27:43,185 [omNode-1-groupManagement] INFO  server.RaftServerConfigKeys (ConfUtils.java:logGet(46)) - raft.server.threadpool.client.cached = true (default)
2025-04-23 04:27:43,185 [omNode-1-groupManagement] INFO  server.RaftServerConfigKeys (ConfUtils.java:logGet(46)) - raft.server.threadpool.client.size = 0 (default)
2025-04-23 04:27:43,185 [omNode-1-impl-thread1] INFO  server.RaftServerConfigKeys (ConfUtils.java:logGet(46)) - raft.server.storage.free-space.min = 0MB (=0) (default)
2025-04-23 04:27:43,185 [omNode-1-impl-thread1] INFO  server.RaftServerConfigKeys (ConfUtils.java:logGet(46)) - raft.server.log.corruption.policy = EXCEPTION (default)
2025-04-23 04:27:43,185 [omNode-1-impl-thread1] INFO  server.RaftServerConfigKeys (ConfUtils.java:logGet(46)) - raft.server.storage.dir = [/home/runner/work/ozone/ozone/hadoop-ozone/integration-test/target/test-dir/MiniOzoneClusterImpl-ff59c164-3798-4a7f-a16d-eeed9ffb3244/omNode-1/ratis] (custom)
2025-04-23 04:27:43,186 [omNode-1-impl-thread1] INFO  storage.RaftStorageDirectory (RaftStorageDirectoryImpl.java:tryLock(229)) - Lock on /home/runner/work/ozone/ozone/hadoop-ozone/integration-test/target/test-dir/MiniOzoneClusterImpl-ff59c164-3798-4a7f-a16d-eeed9ffb3244/omNode-1/ratis/c9bc4cf4-3bc3-3c60-a66b-523986131536/in_use.lock acquired by nodename 129558@fv-az1441-587
2025-04-23 04:27:43,186 [omNode-1-impl-thread1] INFO  storage.RaftStorage (RaftStorageImpl.java:analyzeAndRecoverStorage(118)) - Read RaftStorageMetadata{term=5, votedFor=omNode-3} from /home/runner/work/ozone/ozone/hadoop-ozone/integration-test/target/test-dir/MiniOzoneClusterImpl-ff59c164-3798-4a7f-a16d-eeed9ffb3244/omNode-1/ratis/c9bc4cf4-3bc3-3c60-a66b-523986131536/current/raft-meta
2025-04-23 04:27:43,186 [omNode-1-impl-thread1] INFO  server.RaftServer$Division (ServerState.java:setRaftConf(386)) - omNode-1@group-523986131536: set configuration conf: {index: 35, cur=peers:[omNode-3|localhost:15017, omNode-1|localhost:15009, omNode-2|localhost:15013]|listeners:[], old=null}
2025-04-23 04:27:43,186 [omNode-1-impl-thread1] INFO  ratis.OzoneManagerStateMachine (OzoneManagerStateMachine.java:lambda$0(138)) - omNode-1: initialize group-523986131536 with (t:5, i:68)
2025-04-23 04:27:43,187 [omNode-1-impl-thread1] INFO  server.RaftServerConfigKeys (ConfUtils.java:logGet(46)) - raft.server.log.use.memory = false (default)
2025-04-23 04:27:43,187 [omNode-1-impl-thread1] INFO  server.RaftServerConfigKeys (ConfUtils.java:logGet(46)) - raft.server.log.purge.gap = 50 (custom)
2025-04-23 04:27:43,187 [omNode-1-impl-thread1] INFO  server.RaftServerConfigKeys (ConfUtils.java:logGet(46)) - raft.server.log.appender.buffer.byte-limit = 4194304 (custom)
2025-04-23 04:27:43,187 [omNode-1-impl-thread1] INFO  server.RaftServerConfigKeys (ConfUtils.java:logGet(46)) - raft.server.log.statemachine.data.read.timeout = 1000ms (default)
2025-04-23 04:27:43,187 [omNode-1-impl-thread1] INFO  server.RaftServerConfigKeys (ConfUtils.java:logGet(46)) - raft.server.log.purge.preservation.log.num = 0 (default)
2025-04-23 04:27:43,188 [omNode-1-impl-thread1] INFO  server.RaftServerConfigKeys (ConfUtils.java:logGet(46)) - raft.server.log.segment.size.max = 4194304 (custom)
2025-04-23 04:27:43,188 [omNode-1-impl-thread1] INFO  server.RaftServerConfigKeys (ConfUtils.java:logGet(46)) - raft.server.log.segment.cache.num.max = 2 (custom)
2025-04-23 04:27:43,188 [omNode-1-impl-thread1] INFO  server.RaftServerConfigKeys (ConfUtils.java:logGet(46)) - raft.server.log.segment.cache.size.max = 200MB (=209715200) (default)
2025-04-23 04:27:43,188 [omNode-1-impl-thread1] INFO  server.RaftServerConfigKeys (ConfUtils.java:logGet(46)) - raft.server.log.appender.buffer.byte-limit = 4194304 (custom)
2025-04-23 04:27:43,188 [omNode-1-impl-thread1] INFO  util.AwaitToRun (AwaitToRun.java:start(81)) - Thread[#2841,omNode-1@group-523986131536-cacheEviction-AwaitToRun,5,main] started
2025-04-23 04:27:43,188 [omNode-1-impl-thread1] INFO  segmented.SegmentedRaftLogWorker (SegmentedRaftLogWorker.java:<init>(188)) - new omNode-1@group-523986131536-SegmentedRaftLogWorker for RaftStorageImpl:Storage Directory /home/runner/work/ozone/ozone/hadoop-ozone/integration-test/target/test-dir/MiniOzoneClusterImpl-ff59c164-3798-4a7f-a16d-eeed9ffb3244/omNode-1/ratis/c9bc4cf4-3bc3-3c60-a66b-523986131536
2025-04-23 04:27:43,188 [omNode-1-impl-thread1] INFO  server.RaftServerConfigKeys (ConfUtils.java:logGet(46)) - raft.server.log.queue.byte-limit = 64MB (=67108864) (default)
2025-04-23 04:27:43,188 [omNode-1-impl-thread1] INFO  server.RaftServerConfigKeys (ConfUtils.java:logGet(46)) - raft.server.log.queue.element-limit = 4096 (default)
2025-04-23 04:27:43,188 [omNode-1-impl-thread1] INFO  server.RaftServerConfigKeys (ConfUtils.java:logGet(46)) - raft.server.log.segment.size.max = 4194304 (custom)
2025-04-23 04:27:43,188 [omNode-1-impl-thread1] INFO  server.RaftServerConfigKeys (ConfUtils.java:logGet(46)) - raft.server.log.preallocated.size = 4194304 (custom)
2025-04-23 04:27:43,188 [omNode-1-impl-thread1] INFO  server.RaftServerConfigKeys (ConfUtils.java:logGet(46)) - raft.server.log.force.sync.num = 128 (default)
2025-04-23 04:27:43,188 [omNode-1-impl-thread1] INFO  server.RaftServerConfigKeys (ConfUtils.java:logGet(46)) - raft.server.log.statemachine.data.sync = true (default)
2025-04-23 04:27:43,188 [omNode-1-impl-thread1] INFO  server.RaftServerConfigKeys (ConfUtils.java:logGet(46)) - raft.server.log.statemachine.data.sync.timeout = 10s (default)
2025-04-23 04:27:43,188 [omNode-1-impl-thread1] INFO  server.RaftServerConfigKeys (ConfUtils.java:logGet(46)) - raft.server.log.statemachine.data.sync.timeout.retry = -1 (default)
2025-04-23 04:27:43,189 [omNode-1-impl-thread1] INFO  server.RaftServerConfigKeys (ConfUtils.java:logGet(46)) - raft.server.log.write.buffer.size = 4194312 (custom)
2025-04-23 04:27:43,189 [omNode-1-impl-thread1] INFO  server.RaftServerConfigKeys (ConfUtils.java:logGet(46)) - raft.server.log.appender.buffer.byte-limit = 4194304 (custom)
2025-04-23 04:27:43,189 [omNode-1-impl-thread1] INFO  server.RaftServerConfigKeys (ConfUtils.java:logGet(46)) - raft.server.log.unsafe-flush.enabled = false (default)
2025-04-23 04:27:43,189 [omNode-1-impl-thread1] INFO  server.RaftServerConfigKeys (ConfUtils.java:logGet(46)) - raft.server.log.async-flush.enabled = false (default)
2025-04-23 04:27:43,189 [omNode-1-impl-thread1] INFO  server.RaftServerConfigKeys (ConfUtils.java:logGet(46)) - raft.server.log.statemachine.data.caching.enabled = false (default)
2025-04-23 04:27:43,189 [omNode-1-impl-thread1] INFO  server.RaftServer$Division (ServerState.java:setRaftConf(386)) - omNode-1@group-523986131536: set configuration conf: {index: 35, cur=peers:[omNode-3|localhost:15017, omNode-1|localhost:15009, omNode-2|localhost:15013]|listeners:[], old=null}
2025-04-23 04:27:43,190 [omNode-1-impl-thread1] INFO  segmented.LogSegment (LogSegment.java:loadSegment(171)) - Successfully read 34 entries from segment file /home/runner/work/ozone/ozone/hadoop-ozone/integration-test/target/test-dir/MiniOzoneClusterImpl-ff59c164-3798-4a7f-a16d-eeed9ffb3244/omNode-1/ratis/c9bc4cf4-3bc3-3c60-a66b-523986131536/current/log_inprogress_35
2025-04-23 04:27:43,190 [omNode-1-impl-thread1] INFO  segmented.SegmentedRaftLogWorker (SegmentedRaftLogWorker.java:lambda$new$0(139)) - omNode-1@group-523986131536-SegmentedRaftLogWorker: flushIndex: setUnconditionally 0 -> 68
2025-04-23 04:27:43,190 [omNode-1-impl-thread1] INFO  segmented.SegmentedRaftLogWorker (SegmentedRaftLogWorker.java:lambda$new$0(139)) - omNode-1@group-523986131536-SegmentedRaftLogWorker: safeCacheEvictIndex: setUnconditionally 0 -> -1
2025-04-23 04:27:43,190 [omNode-1-impl-thread1] INFO  segmented.BufferedWriteChannel (BufferedWriteChannel.java:open(61)) - open log_inprogress_35 (append) at position 7632
2025-04-23 04:27:43,190 [omNode-1-impl-thread1] INFO  raftlog.RaftLog (RaftLogBase.java:lambda$new$0(54)) - omNode-1@group-523986131536-SegmentedRaftLog: purgeIndex: updateToMax old=-1, new=34, updated? true
2025-04-23 04:27:43,190 [omNode-1-impl-thread1] INFO  server.RaftServer$Division (RaftServerImpl.java:start(391)) - omNode-1@group-523986131536: start as a follower, conf=conf: {index: 35, cur=peers:[omNode-3|localhost:15017, omNode-1|localhost:15009, omNode-2|localhost:15013]|listeners:[], old=null}
2025-04-23 04:27:43,190 [omNode-1-impl-thread1] INFO  server.RaftServer$Division (RaftServerImpl.java:setRole(378)) - omNode-1@group-523986131536: changes role from      null to FOLLOWER at term 5 for startAsFollower
2025-04-23 04:27:43,190 [omNode-1-impl-thread1] INFO  impl.RoleInfo (RoleInfo.java:updateAndGet(148)) - omNode-1: start omNode-1@group-523986131536-FollowerState
2025-04-23 04:27:43,190 [omNode-1-impl-thread1] INFO  util.JmxRegister (JmxRegister.java:tryRegister(44)) - Successfully registered JMX Bean with object name Ratis:service=RaftServer,group=group-523986131536,id=omNode-1
2025-04-23 04:27:43,190 [omNode-1-impl-thread1] INFO  util.JmxRegister (JmxRegister.java:register(58)) - register mxBean class org.apache.ratis.server.impl.RaftServerJmxAdapter as Ratis:service=RaftServer,group=group-523986131536,id=omNode-1
2025-04-23 04:27:43,190 [omNode-1@group-523986131536-FollowerState] INFO  server.RaftServerConfigKeys (ConfUtils.java:logFallback(53)) - raft.server.rpc.first-election.timeout.min = 1s (fallback to raft.server.rpc.timeout.min)
2025-04-23 04:27:43,191 [omNode-1-impl-thread1] INFO  server.RaftServerConfigKeys (ConfUtils.java:logGet(46)) - raft.server.snapshot.trigger-when-stop.enabled = true (default)
2025-04-23 04:27:43,191 [omNode-1-impl-thread1] INFO  server.RaftServerConfigKeys (ConfUtils.java:logGet(46)) - raft.server.snapshot.trigger-when-remove.enabled = true (default)
2025-04-23 04:27:43,191 [omNode-1@group-523986131536-FollowerState] INFO  server.RaftServerConfigKeys (ConfUtils.java:logFallback(53)) - raft.server.rpc.first-election.timeout.max = 1200ms (fallback to raft.server.rpc.timeout.max)
2025-04-23 04:27:43,191 [omNode-1-impl-thread1] INFO  server.RaftServerConfigKeys (ConfUtils.java:logGet(46)) - raft.server.snapshot.auto.trigger.enabled = true (custom)
2025-04-23 04:27:43,191 [omNode-1-impl-thread1] INFO  server.RaftServerConfigKeys (ConfUtils.java:logGet(46)) - raft.server.snapshot.auto.trigger.threshold = 50 (custom)
2025-04-23 04:27:43,191 [omNode-1-impl-thread1] INFO  server.RaftServerConfigKeys (ConfUtils.java:logGet(46)) - raft.server.snapshot.retention.file.num = -1 (default)
2025-04-23 04:27:43,191 [omNode-1-impl-thread1] INFO  server.RaftServerConfigKeys (ConfUtils.java:logGet(46)) - raft.server.log.purge.upto.snapshot.index = true (custom)
2025-04-23 04:27:43,191 [omNode-1-impl-thread1] INFO  server.RaftServer$Division (RaftServerImpl.java:start(405)) - omNode-1@group-523986131536: Successfully started.
2025-04-23 04:27:43,191 [main] INFO  server.RaftServer (RaftServerProxy.java:startImpl(407)) - omNode-1: start RPC server
2025-04-23 04:27:43,192 [main] INFO  server.GrpcService (GrpcService.java:startImpl(334)) - omNode-1: GrpcService started, listening on 15009
2025-04-23 04:27:43,192 [main] INFO  om.OzoneManager (OzoneManager.java:getRpcServer(1360)) - Creating RPC Server
2025-04-23 04:27:43,192 [JvmPauseMonitor18] INFO  util.JvmPauseMonitor (JvmPauseMonitor.java:run(146)) - JvmPauseMonitor-omNode-1: Started
2025-04-23 04:27:43,497 [main] INFO  reflections.Reflections (Reflections.java:scan(219)) - Reflections took 304 ms to scan 22 urls, producing 61 keys and 7422 values
2025-04-23 04:27:43,498 [main] INFO  ipc.CallQueueManager (CallQueueManager.java:<init>(93)) - Using callQueue: class java.util.concurrent.LinkedBlockingQueue, queueCapacity: 2000, scheduler: class org.apache.hadoop.ipc.DefaultRpcScheduler, ipcBackoff: false, ipcFailOver: false.
2025-04-23 04:27:43,498 [main] INFO  ipc.Server (Server.java:<init>(1438)) - Listener at localhost:15006
2025-04-23 04:27:43,498 [Socket Reader #1 for port 15006] INFO  ipc.Server (Server.java:run(1474)) - Starting Socket Reader #1 for port 15006
2025-04-23 04:27:43,498 [Socket Reader #2 for port 15006] INFO  ipc.Server (Server.java:run(1474)) - Starting Socket Reader #2 for port 15006
2025-04-23 04:27:43,499 [Socket Reader #3 for port 15006] INFO  ipc.Server (Server.java:run(1474)) - Starting Socket Reader #3 for port 15006
2025-04-23 04:27:43,499 [Socket Reader #4 for port 15006] INFO  ipc.Server (Server.java:run(1474)) - Starting Socket Reader #4 for port 15006
2025-04-23 04:27:43,499 [Socket Reader #5 for port 15006] INFO  ipc.Server (Server.java:run(1474)) - Starting Socket Reader #5 for port 15006
2025-04-23 04:27:43,500 [Socket Reader #6 for port 15006] INFO  ipc.Server (Server.java:run(1474)) - Starting Socket Reader #6 for port 15006
2025-04-23 04:27:43,500 [Socket Reader #7 for port 15006] INFO  ipc.Server (Server.java:run(1474)) - Starting Socket Reader #7 for port 15006
2025-04-23 04:27:43,500 [Socket Reader #8 for port 15006] INFO  ipc.Server (Server.java:run(1474)) - Starting Socket Reader #8 for port 15006
2025-04-23 04:27:43,500 [Socket Reader #9 for port 15006] INFO  ipc.Server (Server.java:run(1474)) - Starting Socket Reader #9 for port 15006
2025-04-23 04:27:43,500 [Socket Reader #10 for port 15006] INFO  ipc.Server (Server.java:run(1474)) - Starting Socket Reader #10 for port 15006
2025-04-23 04:27:43,502 [main] INFO  http.BaseHttpServer (BaseHttpServer.java:newHttpServer2BuilderForOzone(229)) - Starting Web-server for ozoneManager at: http://0.0.0.0:15007
2025-04-23 04:27:43,503 [main] INFO  http.BaseHttpServer (BaseHttpServer.java:<init>(107)) - Hadoop Security Enabled: false Ozone Security Enabled: false Ozone HTTP Security Enabled: false 
2025-04-23 04:27:43,503 [main] WARN  server.AuthenticationFilter (AuthenticationFilter.java:constructSecretProvider(240)) - Unable to initialize FileSignerSecretProvider, falling back to use random secrets. Reason: Could not read signature secret file: /home/runner/hadoop-http-auth-signature-secret
2025-04-23 04:27:43,505 [main] INFO  http.HttpServer2 (HttpServer2.java:addGlobalFilter(1041)) - Added global filter 'safety' (class=org.apache.hadoop.hdds.server.http.HttpServer2$QuotingInputFilter)
2025-04-23 04:27:43,506 [main] INFO  http.HttpServer2 (HttpServer2.java:addFilter(1017)) - Added filter static_user_filter (class=org.apache.hadoop.http.lib.StaticUserWebFilter$StaticUserFilter) to context ozoneManager
2025-04-23 04:27:43,506 [main] INFO  http.HttpServer2 (HttpServer2.java:addFilter(1025)) - Added filter static_user_filter (class=org.apache.hadoop.http.lib.StaticUserWebFilter$StaticUserFilter) to context logs
2025-04-23 04:27:43,506 [main] INFO  http.HttpServer2 (HttpServer2.java:addFilter(1025)) - Added filter static_user_filter (class=org.apache.hadoop.http.lib.StaticUserWebFilter$StaticUserFilter) to context static
2025-04-23 04:27:43,506 [main] INFO  http.BaseHttpServer (BaseHttpServer.java:<init>(195)) - HTTP server of ozoneManager uses base directory /home/runner/work/ozone/ozone/hadoop-ozone/integration-test/target/test-dir/MiniOzoneClusterImpl-ff59c164-3798-4a7f-a16d-eeed9ffb3244/omNode-1/webserver
2025-04-23 04:27:43,507 [main] INFO  http.HttpServer2 (HttpServer2.java:bindListener(1241)) - Jetty bound to port 15007
2025-04-23 04:27:43,507 [main] INFO  server.Server (Server.java:doStart(375)) - jetty-9.4.57.v20241219; built: 2025-01-08T21:24:30.412Z; git: df524e6b29271c2e09ba9aea83c18dc9db464a31; jvm 21.0.7+6-LTS
2025-04-23 04:27:43,508 [main] INFO  server.session (DefaultSessionIdManager.java:doStart(334)) - DefaultSessionIdManager workerName=node0
2025-04-23 04:27:43,508 [main] INFO  server.session (DefaultSessionIdManager.java:doStart(339)) - No SessionScavenger set, using defaults
2025-04-23 04:27:43,508 [main] INFO  server.session (HouseKeeper.java:startScavenging(132)) - node0 Scavenging every 660000ms
2025-04-23 04:27:43,509 [main] INFO  handler.ContextHandler (ContextHandler.java:doStart(921)) - Started o.e.j.s.ServletContextHandler@48e5c297{logs,/logs,file:///home/runner/work/ozone/ozone/hadoop-ozone/integration-test/target/log,AVAILABLE}
2025-04-23 04:27:43,509 [main] INFO  handler.ContextHandler (ContextHandler.java:doStart(921)) - Started o.e.j.s.ServletContextHandler@20e0dfb4{static,/static,file:///home/runner/work/ozone/ozone/hadoop-ozone/integration-test/target/test-classes/webapps/static,AVAILABLE}
2025-04-23 04:27:43,515 [main] INFO  handler.ContextHandler (ContextHandler.java:doStart(921)) - Started o.e.j.w.WebAppContext@353fb025{ozoneManager,/,file:///home/runner/work/ozone/ozone/hadoop-ozone/integration-test/target/test-classes/webapps/ozoneManager/,AVAILABLE}{file:/home/runner/work/ozone/ozone/hadoop-ozone/integration-test/target/test-classes/webapps/ozoneManager}
2025-04-23 04:27:43,515 [main] INFO  server.AbstractConnector (AbstractConnector.java:doStart(333)) - Started ServerConnector@44636df7{HTTP/1.1, (http/1.1)}{0.0.0.0:15007}
2025-04-23 04:27:43,515 [main] INFO  server.Server (Server.java:doStart(415)) - Started @66934ms
2025-04-23 04:27:43,515 [main] WARN  impl.MetricsSystemImpl (MetricsSystemImpl.java:register(279)) - Sink prometheus already exists!
2025-04-23 04:27:43,516 [main] INFO  http.BaseHttpServer (BaseHttpServer.java:updateConnectorAddress(360)) - HTTP server of ozoneManager listening at http://0.0.0.0:15007
2025-04-23 04:27:43,516 [IPC Server Responder] INFO  ipc.Server (Server.java:run(1713)) - IPC Server Responder: starting
2025-04-23 04:27:43,516 [IPC Server listener on 15006] INFO  ipc.Server (Server.java:run(1553)) - IPC Server listener on 15006: starting
2025-04-23 04:27:43,518 [main] INFO  om.OzoneManager (OzoneManager.java:startTrashEmptier(2257)) - Trash Interval set to 0. Files deleted won't move to trash
2025-04-23 04:27:43,518 [main] INFO  om.OzoneManager (OzoneManager.java:restart(1878)) - OzoneManager RPC server is listening at localhost/127.0.0.1:15010
2025-04-23 04:27:43,518 [main] INFO  impl.MetricsSystemImpl (MetricsSystemImpl.java:init(158)) - OzoneManager metrics system started (again)
2025-04-23 04:27:43,529 [main] WARN  server.ServerUtils (ServerUtils.java:getDBPath(297)) - ozone.om.db.dirs is not configured. We recommend adding this setting. Falling back to ozone.metadata.dirs instead.
2025-04-23 04:27:43,578 [main] INFO  om.OzoneManager (OzoneManager.java:instantiateServices(933)) - S3 Multi-Tenancy is disabled
2025-04-23 04:27:43,579 [main] INFO  om.OmSnapshotManager (OmSnapshotManager.java:<init>(180)) - Ozone filesystem snapshot feature is enabled.
2025-04-23 04:27:43,579 [main] WARN  server.ServerUtils (ServerUtils.java:getDBPath(297)) - ozone.om.snapshot.diff.db.dir is not configured. We recommend adding this setting. Falling back to ozone.metadata.dirs instead.
2025-04-23 04:27:43,594 [main] WARN  dropwizard3.Dm3MetricRegistriesImpl (Dm3MetricRegistriesImpl.java:addReporterRegistration(114)) - New reporters are added after registries were created. Some metrics will be missing from the reporter. Please add reporter before adding any new registry.
2025-04-23 04:27:43,594 [main] WARN  dropwizard3.Dm3MetricRegistriesImpl (Dm3MetricRegistriesImpl.java:addReporterRegistration(114)) - New reporters are added after registries were created. Some metrics will be missing from the reporter. Please add reporter before adding any new registry.
2025-04-23 04:27:43,594 [main] WARN  server.ServerUtils (ServerUtils.java:getDefaultRatisDirectory(309)) - Storage directory for Ratis is not configured. It is a good idea to map this to an SSD disk. Falling back to ozone.metadata.dirs
2025-04-23 04:27:43,595 [main] INFO  server.RaftServerConfigKeys (ConfUtils.java:logGet(46)) - raft.server.log.appender.buffer.byte-limit = 4194304 (custom)
2025-04-23 04:27:43,596 [main] INFO  ratis.OzoneManagerRatisServer (OzoneManagerRatisServer.java:<init>(167)) - Instantiating OM Ratis server with groupID: om-service-test1 and peers: localhost:15013, localhost:15017, localhost:15009
2025-04-23 04:27:43,596 [main] INFO  ratis.OzoneManagerStateMachine (OzoneManagerStateMachine.java:loadSnapshotInfoFromDB(611)) - LastAppliedIndex is set from TransactionInfo from OM DB as (t:5, i:68)
2025-04-23 04:27:43,596 [main] INFO  server.RaftServer (ConfUtils.java:logGet(46)) - raft.rpc.type = GRPC (default)
2025-04-23 04:27:43,596 [main] INFO  grpc.GrpcConfigKeys (ConfUtils.java:logFallback(53)) - raft.grpc.admin.host = null (fallback to raft.grpc.server.host)
2025-04-23 04:27:43,597 [main] INFO  grpc.GrpcConfigKeys (ConfUtils.java:logFallback(53)) - raft.grpc.admin.port = 15013 (fallback to raft.grpc.server.port)
2025-04-23 04:27:43,597 [main] INFO  grpc.GrpcConfigKeys (ConfUtils.java:logFallback(53)) - raft.grpc.client.host = null (fallback to raft.grpc.server.host)
2025-04-23 04:27:43,597 [main] INFO  grpc.GrpcConfigKeys (ConfUtils.java:logFallback(53)) - raft.grpc.client.port = 15013 (fallback to raft.grpc.server.port)
2025-04-23 04:27:43,597 [main] INFO  grpc.GrpcConfigKeys (ConfUtils.java:logGet(46)) - raft.grpc.server.host = null (default)
2025-04-23 04:27:43,597 [main] INFO  grpc.GrpcConfigKeys (ConfUtils.java:logGet(46)) - raft.grpc.server.port = 15013 (custom)
2025-04-23 04:27:43,597 [main] INFO  server.GrpcService (ConfUtils.java:logGet(46)) - raft.grpc.message.size.max = 5242880 (custom)
2025-04-23 04:27:43,597 [main] INFO  server.GrpcService (ConfUtils.java:logGet(46)) - raft.grpc.flow.control.window = 1MB (=1048576) (default)
2025-04-23 04:27:43,597 [main] INFO  server.RaftServerConfigKeys (ConfUtils.java:logGet(46)) - raft.server.rpc.request.timeout = 3000ms (default)
2025-04-23 04:27:43,597 [main] INFO  grpc.GrpcConfigKeys (ConfUtils.java:logGet(46)) - raft.grpc.server.heartbeat.channel = true (default)
2025-04-23 04:27:43,598 [main] INFO  server.RaftServerConfigKeys (ConfUtils.java:logGet(46)) - raft.server.log.appender.buffer.byte-limit = 4194304 (custom)
2025-04-23 04:27:43,598 [main] INFO  grpc.GrpcConfigKeys (ConfUtils.java:logGet(46)) - raft.grpc.server.async.request.thread.pool.cached = true (default)
2025-04-23 04:27:43,598 [main] INFO  grpc.GrpcConfigKeys (ConfUtils.java:logGet(46)) - raft.grpc.server.async.request.thread.pool.size = 32 (default)
2025-04-23 04:27:43,599 [main] INFO  impl.DataStreamServerImpl (ConfUtils.java:logGet(46)) - raft.datastream.type = DISABLED (default)
2025-04-23 04:27:43,599 [main] INFO  server.RaftServerConfigKeys (ConfUtils.java:logGet(46)) - raft.server.sleep.deviation.threshold = 300ms (default)
2025-04-23 04:27:43,599 [main] INFO  server.RaftServerConfigKeys (ConfUtils.java:logGet(46)) - raft.server.close.threshold = 60s (default)
2025-04-23 04:27:43,599 [main] INFO  server.RaftServerConfigKeys (ConfUtils.java:logGet(46)) - raft.server.leaderelection.leader.step-down.wait-time = 10s (default)
2025-04-23 04:27:43,599 [main] INFO  server.RaftServerConfigKeys (ConfUtils.java:logGet(46)) - raft.server.storage.dir = [/home/runner/work/ozone/ozone/hadoop-ozone/integration-test/target/test-dir/MiniOzoneClusterImpl-ff59c164-3798-4a7f-a16d-eeed9ffb3244/omNode-2/ratis] (custom)
2025-04-23 04:27:43,599 [main] INFO  server.RaftServerConfigKeys (ConfUtils.java:logGet(46)) - raft.server.threadpool.proxy.cached = true (default)
2025-04-23 04:27:43,599 [main] INFO  server.RaftServerConfigKeys (ConfUtils.java:logGet(46)) - raft.server.threadpool.proxy.size = 0 (default)
2025-04-23 04:27:43,600 [omNode-2-impl-thread1] INFO  server.RaftServer (RaftServerProxy.java:initGroupDir(265)) - omNode-2: found a subdirectory /home/runner/work/ozone/ozone/hadoop-ozone/integration-test/target/test-dir/MiniOzoneClusterImpl-ff59c164-3798-4a7f-a16d-eeed9ffb3244/omNode-2/ratis/c9bc4cf4-3bc3-3c60-a66b-523986131536
2025-04-23 04:27:43,600 [main] INFO  server.RaftServer (RaftServerProxy.java:addNew(100)) - omNode-2: addNew group-523986131536:[omNode-3|localhost:15017, omNode-1|localhost:15009, omNode-2|localhost:15013] returns group-523986131536:java.util.concurrent.CompletableFuture@6e9676c2[Not completed]
2025-04-23 04:27:43,600 [omNode-2-groupManagement] INFO  server.RaftServer$Division (RaftServerImpl.java:<init>(255)) - omNode-2: new RaftServerImpl for group-523986131536:[omNode-3|localhost:15017, omNode-1|localhost:15009, omNode-2|localhost:15013] with OzoneManagerStateMachine:uninitialized
2025-04-23 04:27:43,600 [omNode-2-groupManagement] INFO  server.RaftServerConfigKeys (ConfUtils.java:logGet(46)) - raft.server.rpc.timeout.min = 1s (custom)
2025-04-23 04:27:43,600 [omNode-2-groupManagement] INFO  server.RaftServerConfigKeys (ConfUtils.java:logGet(46)) - raft.server.rpc.timeout.max = 1200ms (custom)
2025-04-23 04:27:43,600 [main] INFO  om.OzoneManager (OzoneManager.java:initializeRatisServer(2303)) - OzoneManager Ratis server initialized at port 15013
2025-04-23 04:27:43,601 [main] INFO  ratis.OzoneManagerRatisServer (OzoneManagerRatisServer.java:start(628)) - Starting OzoneManagerRatisServer omNode-2 at port 15013
2025-04-23 04:27:43,601 [omNode-2-groupManagement] INFO  server.RaftServerConfigKeys (ConfUtils.java:logGet(46)) - raft.server.rpc.sleep.time = 25ms (default)
2025-04-23 04:27:43,601 [omNode-2-groupManagement] INFO  server.RaftServerConfigKeys (ConfUtils.java:logGet(46)) - raft.server.rpc.slowness.timeout = 2s (custom)
2025-04-23 04:27:43,601 [omNode-2-groupManagement] INFO  server.RaftServerConfigKeys (ConfUtils.java:logGet(46)) - raft.server.leaderelection.leader.step-down.wait-time = 10s (default)
2025-04-23 04:27:43,601 [omNode-2-groupManagement] INFO  server.RaftServerConfigKeys (ConfUtils.java:logGet(46)) - raft.server.leaderelection.member.majority-add = false (default)
2025-04-23 04:27:43,601 [omNode-2-groupManagement] INFO  server.RaftServerConfigKeys (ConfUtils.java:logGet(46)) - raft.server.sleep.deviation.threshold = 300ms (default)
2025-04-23 04:27:43,601 [omNode-2-groupManagement] INFO  server.RaftServer$Division (ServerState.java:<init>(114)) - omNode-2@group-523986131536: ConfigurationManager, init=conf: {index: -1, cur=peers:[omNode-3|localhost:15017, omNode-1|localhost:15009, omNode-2|localhost:15013]|listeners:[], old=null}, confs=<EMPTY_MAP>
2025-04-23 04:27:43,601 [omNode-2-groupManagement] INFO  server.RaftServerConfigKeys (ConfUtils.java:logGet(46)) - raft.server.notification.no-leader.timeout = 2s (custom)
2025-04-23 04:27:43,601 [omNode-2-groupManagement] INFO  server.RaftServerConfigKeys (ConfUtils.java:logGet(46)) - raft.server.read.timeout = 10s (default)
2025-04-23 04:27:43,601 [omNode-2-groupManagement] INFO  server.RaftServerConfigKeys (ConfUtils.java:logGet(46)) - raft.server.retrycache.expirytime = 30000ms (custom)
2025-04-23 04:27:43,601 [omNode-2-groupManagement] INFO  server.RaftServerConfigKeys (ConfUtils.java:logGet(46)) - raft.server.retrycache.statistics.expirytime = 100ms (default)
2025-04-23 04:27:43,601 [omNode-2-groupManagement] INFO  server.RaftServerConfigKeys (ConfUtils.java:logGet(46)) - raft.server.read.option = DEFAULT (default)
2025-04-23 04:27:43,601 [omNode-2-groupManagement] INFO  server.RaftServerConfigKeys (ConfUtils.java:logGet(46)) - raft.server.read.read-after-write-consistent.write-index-cache.expiry-time = 60s (default)
2025-04-23 04:27:43,603 [omNode-2-groupManagement] INFO  server.RaftServerConfigKeys (ConfUtils.java:logGet(46)) - raft.server.rpc.request.timeout = 3000ms (default)
2025-04-23 04:27:43,603 [omNode-2-groupManagement] INFO  server.RaftServerConfigKeys (ConfUtils.java:logGet(46)) - raft.server.log.appender.install.snapshot.enabled = false (custom)
2025-04-23 04:27:43,603 [omNode-2-groupManagement] INFO  server.RaftServerConfigKeys (ConfUtils.java:logGet(46)) - raft.server.threadpool.server.cached = true (default)
2025-04-23 04:27:43,603 [omNode-2-groupManagement] INFO  server.RaftServerConfigKeys (ConfUtils.java:logGet(46)) - raft.server.threadpool.server.size = 0 (default)
2025-04-23 04:27:43,603 [omNode-2-groupManagement] INFO  server.RaftServerConfigKeys (ConfUtils.java:logGet(46)) - raft.server.threadpool.client.cached = true (default)
2025-04-23 04:27:43,603 [omNode-2-groupManagement] INFO  server.RaftServerConfigKeys (ConfUtils.java:logGet(46)) - raft.server.threadpool.client.size = 0 (default)
2025-04-23 04:27:43,603 [omNode-2-impl-thread1] INFO  server.RaftServerConfigKeys (ConfUtils.java:logGet(46)) - raft.server.storage.free-space.min = 0MB (=0) (default)
2025-04-23 04:27:43,603 [omNode-2-impl-thread1] INFO  server.RaftServerConfigKeys (ConfUtils.java:logGet(46)) - raft.server.log.corruption.policy = EXCEPTION (default)
2025-04-23 04:27:43,603 [omNode-2-impl-thread1] INFO  server.RaftServerConfigKeys (ConfUtils.java:logGet(46)) - raft.server.storage.dir = [/home/runner/work/ozone/ozone/hadoop-ozone/integration-test/target/test-dir/MiniOzoneClusterImpl-ff59c164-3798-4a7f-a16d-eeed9ffb3244/omNode-2/ratis] (custom)
2025-04-23 04:27:43,605 [omNode-2-impl-thread1] INFO  storage.RaftStorageDirectory (RaftStorageDirectoryImpl.java:tryLock(229)) - Lock on /home/runner/work/ozone/ozone/hadoop-ozone/integration-test/target/test-dir/MiniOzoneClusterImpl-ff59c164-3798-4a7f-a16d-eeed9ffb3244/omNode-2/ratis/c9bc4cf4-3bc3-3c60-a66b-523986131536/in_use.lock acquired by nodename 129558@fv-az1441-587
2025-04-23 04:27:43,605 [omNode-2-impl-thread1] INFO  storage.RaftStorage (RaftStorageImpl.java:analyzeAndRecoverStorage(118)) - Read RaftStorageMetadata{term=5, votedFor=omNode-3} from /home/runner/work/ozone/ozone/hadoop-ozone/integration-test/target/test-dir/MiniOzoneClusterImpl-ff59c164-3798-4a7f-a16d-eeed9ffb3244/omNode-2/ratis/c9bc4cf4-3bc3-3c60-a66b-523986131536/current/raft-meta
2025-04-23 04:27:43,605 [omNode-2-impl-thread1] INFO  server.RaftServer$Division (ServerState.java:setRaftConf(386)) - omNode-2@group-523986131536: set configuration conf: {index: 35, cur=peers:[omNode-3|localhost:15017, omNode-1|localhost:15009, omNode-2|localhost:15013]|listeners:[], old=null}
2025-04-23 04:27:43,605 [omNode-2-impl-thread1] INFO  ratis.OzoneManagerStateMachine (OzoneManagerStateMachine.java:lambda$0(138)) - omNode-2: initialize group-523986131536 with (t:5, i:68)
2025-04-23 04:27:43,605 [omNode-2-impl-thread1] INFO  server.RaftServerConfigKeys (ConfUtils.java:logGet(46)) - raft.server.log.use.memory = false (default)
2025-04-23 04:27:43,606 [omNode-2-impl-thread1] INFO  server.RaftServerConfigKeys (ConfUtils.java:logGet(46)) - raft.server.log.purge.gap = 50 (custom)
2025-04-23 04:27:43,606 [omNode-2-impl-thread1] INFO  server.RaftServerConfigKeys (ConfUtils.java:logGet(46)) - raft.server.log.appender.buffer.byte-limit = 4194304 (custom)
2025-04-23 04:27:43,606 [omNode-2-impl-thread1] INFO  server.RaftServerConfigKeys (ConfUtils.java:logGet(46)) - raft.server.log.statemachine.data.read.timeout = 1000ms (default)
2025-04-23 04:27:43,606 [omNode-2-impl-thread1] INFO  server.RaftServerConfigKeys (ConfUtils.java:logGet(46)) - raft.server.log.purge.preservation.log.num = 0 (default)
2025-04-23 04:27:43,607 [omNode-2-impl-thread1] INFO  server.RaftServerConfigKeys (ConfUtils.java:logGet(46)) - raft.server.log.segment.size.max = 4194304 (custom)
2025-04-23 04:27:43,607 [omNode-2-impl-thread1] INFO  server.RaftServerConfigKeys (ConfUtils.java:logGet(46)) - raft.server.log.segment.cache.num.max = 2 (custom)
2025-04-23 04:27:43,608 [omNode-2-impl-thread1] INFO  server.RaftServerConfigKeys (ConfUtils.java:logGet(46)) - raft.server.log.segment.cache.size.max = 200MB (=209715200) (default)
2025-04-23 04:27:43,608 [omNode-2-impl-thread1] INFO  server.RaftServerConfigKeys (ConfUtils.java:logGet(46)) - raft.server.log.appender.buffer.byte-limit = 4194304 (custom)
2025-04-23 04:27:43,608 [omNode-2-impl-thread1] INFO  util.AwaitToRun (AwaitToRun.java:start(81)) - Thread[#2946,omNode-2@group-523986131536-cacheEviction-AwaitToRun,5,main] started
2025-04-23 04:27:43,608 [omNode-2-impl-thread1] INFO  segmented.SegmentedRaftLogWorker (SegmentedRaftLogWorker.java:<init>(188)) - new omNode-2@group-523986131536-SegmentedRaftLogWorker for RaftStorageImpl:Storage Directory /home/runner/work/ozone/ozone/hadoop-ozone/integration-test/target/test-dir/MiniOzoneClusterImpl-ff59c164-3798-4a7f-a16d-eeed9ffb3244/omNode-2/ratis/c9bc4cf4-3bc3-3c60-a66b-523986131536
2025-04-23 04:27:43,609 [omNode-2-impl-thread1] INFO  server.RaftServerConfigKeys (ConfUtils.java:logGet(46)) - raft.server.log.queue.byte-limit = 64MB (=67108864) (default)
2025-04-23 04:27:43,609 [omNode-2-impl-thread1] INFO  server.RaftServerConfigKeys (ConfUtils.java:logGet(46)) - raft.server.log.queue.element-limit = 4096 (default)
2025-04-23 04:27:43,609 [omNode-2-impl-thread1] INFO  server.RaftServerConfigKeys (ConfUtils.java:logGet(46)) - raft.server.log.segment.size.max = 4194304 (custom)
2025-04-23 04:27:43,609 [omNode-2-impl-thread1] INFO  server.RaftServerConfigKeys (ConfUtils.java:logGet(46)) - raft.server.log.preallocated.size = 4194304 (custom)
2025-04-23 04:27:43,609 [omNode-2-impl-thread1] INFO  server.RaftServerConfigKeys (ConfUtils.java:logGet(46)) - raft.server.log.force.sync.num = 128 (default)
2025-04-23 04:27:43,609 [omNode-2-impl-thread1] INFO  server.RaftServerConfigKeys (ConfUtils.java:logGet(46)) - raft.server.log.statemachine.data.sync = true (default)
2025-04-23 04:27:43,609 [omNode-2-impl-thread1] INFO  server.RaftServerConfigKeys (ConfUtils.java:logGet(46)) - raft.server.log.statemachine.data.sync.timeout = 10s (default)
2025-04-23 04:27:43,609 [omNode-2-impl-thread1] INFO  server.RaftServerConfigKeys (ConfUtils.java:logGet(46)) - raft.server.log.statemachine.data.sync.timeout.retry = -1 (default)
2025-04-23 04:27:43,610 [omNode-2-impl-thread1] INFO  server.RaftServerConfigKeys (ConfUtils.java:logGet(46)) - raft.server.log.write.buffer.size = 4194312 (custom)
2025-04-23 04:27:43,613 [omNode-2-impl-thread1] INFO  server.RaftServerConfigKeys (ConfUtils.java:logGet(46)) - raft.server.log.appender.buffer.byte-limit = 4194304 (custom)
2025-04-23 04:27:43,613 [omNode-2-impl-thread1] INFO  server.RaftServerConfigKeys (ConfUtils.java:logGet(46)) - raft.server.log.unsafe-flush.enabled = false (default)
2025-04-23 04:27:43,613 [omNode-2-impl-thread1] INFO  server.RaftServerConfigKeys (ConfUtils.java:logGet(46)) - raft.server.log.async-flush.enabled = false (default)
2025-04-23 04:27:43,613 [omNode-2-impl-thread1] INFO  server.RaftServerConfigKeys (ConfUtils.java:logGet(46)) - raft.server.log.statemachine.data.caching.enabled = false (default)
2025-04-23 04:27:43,614 [omNode-2-impl-thread1] INFO  server.RaftServer$Division (ServerState.java:setRaftConf(386)) - omNode-2@group-523986131536: set configuration conf: {index: 35, cur=peers:[omNode-3|localhost:15017, omNode-1|localhost:15009, omNode-2|localhost:15013]|listeners:[], old=null}
2025-04-23 04:27:43,614 [omNode-2-impl-thread1] INFO  segmented.LogSegment (LogSegment.java:loadSegment(171)) - Successfully read 34 entries from segment file /home/runner/work/ozone/ozone/hadoop-ozone/integration-test/target/test-dir/MiniOzoneClusterImpl-ff59c164-3798-4a7f-a16d-eeed9ffb3244/omNode-2/ratis/c9bc4cf4-3bc3-3c60-a66b-523986131536/current/log_inprogress_35
2025-04-23 04:27:43,614 [omNode-2-impl-thread1] INFO  segmented.SegmentedRaftLogWorker (SegmentedRaftLogWorker.java:lambda$new$0(139)) - omNode-2@group-523986131536-SegmentedRaftLogWorker: flushIndex: setUnconditionally 0 -> 68
2025-04-23 04:27:43,615 [omNode-2-impl-thread1] INFO  segmented.SegmentedRaftLogWorker (SegmentedRaftLogWorker.java:lambda$new$0(139)) - omNode-2@group-523986131536-SegmentedRaftLogWorker: safeCacheEvictIndex: setUnconditionally 0 -> -1
2025-04-23 04:27:43,615 [omNode-2-impl-thread1] INFO  segmented.BufferedWriteChannel (BufferedWriteChannel.java:open(61)) - open log_inprogress_35 (append) at position 7632
2025-04-23 04:27:43,616 [omNode-2-impl-thread1] INFO  raftlog.RaftLog (RaftLogBase.java:lambda$new$0(54)) - omNode-2@group-523986131536-SegmentedRaftLog: purgeIndex: updateToMax old=-1, new=34, updated? true
2025-04-23 04:27:43,616 [omNode-2-impl-thread1] INFO  server.RaftServer$Division (RaftServerImpl.java:start(391)) - omNode-2@group-523986131536: start as a follower, conf=conf: {index: 35, cur=peers:[omNode-3|localhost:15017, omNode-1|localhost:15009, omNode-2|localhost:15013]|listeners:[], old=null}
2025-04-23 04:27:43,616 [omNode-2-impl-thread1] INFO  server.RaftServer$Division (RaftServerImpl.java:setRole(378)) - omNode-2@group-523986131536: changes role from      null to FOLLOWER at term 5 for startAsFollower
2025-04-23 04:27:43,616 [omNode-2-impl-thread1] INFO  impl.RoleInfo (RoleInfo.java:updateAndGet(148)) - omNode-2: start omNode-2@group-523986131536-FollowerState
2025-04-23 04:27:43,617 [omNode-2@group-523986131536-FollowerState] INFO  server.RaftServerConfigKeys (ConfUtils.java:logFallback(53)) - raft.server.rpc.first-election.timeout.min = 1s (fallback to raft.server.rpc.timeout.min)
2025-04-23 04:27:43,617 [omNode-2@group-523986131536-FollowerState] INFO  server.RaftServerConfigKeys (ConfUtils.java:logFallback(53)) - raft.server.rpc.first-election.timeout.max = 1200ms (fallback to raft.server.rpc.timeout.max)
2025-04-23 04:27:43,617 [omNode-2-impl-thread1] INFO  util.JmxRegister (JmxRegister.java:tryRegister(44)) - Successfully registered JMX Bean with object name Ratis:service=RaftServer,group=group-523986131536,id=omNode-2
2025-04-23 04:27:43,617 [omNode-2-impl-thread1] INFO  util.JmxRegister (JmxRegister.java:register(58)) - register mxBean class org.apache.ratis.server.impl.RaftServerJmxAdapter as Ratis:service=RaftServer,group=group-523986131536,id=omNode-2
2025-04-23 04:27:43,617 [omNode-2-impl-thread1] INFO  server.RaftServerConfigKeys (ConfUtils.java:logGet(46)) - raft.server.snapshot.trigger-when-stop.enabled = true (default)
2025-04-23 04:27:43,617 [omNode-2-impl-thread1] INFO  server.RaftServerConfigKeys (ConfUtils.java:logGet(46)) - raft.server.snapshot.trigger-when-remove.enabled = true (default)
2025-04-23 04:27:43,617 [omNode-2-impl-thread1] INFO  server.RaftServerConfigKeys (ConfUtils.java:logGet(46)) - raft.server.snapshot.auto.trigger.enabled = true (custom)
2025-04-23 04:27:43,617 [omNode-2-impl-thread1] INFO  server.RaftServerConfigKeys (ConfUtils.java:logGet(46)) - raft.server.snapshot.auto.trigger.threshold = 50 (custom)
2025-04-23 04:27:43,617 [omNode-2-impl-thread1] INFO  server.RaftServerConfigKeys (ConfUtils.java:logGet(46)) - raft.server.snapshot.retention.file.num = -1 (default)
2025-04-23 04:27:43,617 [omNode-2-impl-thread1] INFO  server.RaftServerConfigKeys (ConfUtils.java:logGet(46)) - raft.server.log.purge.upto.snapshot.index = true (custom)
2025-04-23 04:27:43,619 [omNode-2-impl-thread1] INFO  server.RaftServer$Division (RaftServerImpl.java:start(405)) - omNode-2@group-523986131536: Successfully started.
2025-04-23 04:27:43,619 [main] INFO  server.RaftServer (RaftServerProxy.java:startImpl(407)) - omNode-2: start RPC server
2025-04-23 04:27:43,620 [main] INFO  server.GrpcService (GrpcService.java:startImpl(334)) - omNode-2: GrpcService started, listening on 15013
2025-04-23 04:27:43,620 [main] INFO  om.OzoneManager (OzoneManager.java:getRpcServer(1360)) - Creating RPC Server
2025-04-23 04:27:43,621 [JvmPauseMonitor19] INFO  util.JvmPauseMonitor (JvmPauseMonitor.java:run(146)) - JvmPauseMonitor-omNode-2: Started
2025-04-23 04:27:43,752 [omNode-3@group-523986131536-FollowerState] INFO  impl.FollowerState (FollowerState.java:runImpl(161)) - omNode-3@group-523986131536-FollowerState: change to CANDIDATE, lastRpcElapsedTime:1028710740ns, electionTimeout:1027ms
2025-04-23 04:27:43,752 [omNode-3@group-523986131536-FollowerState] INFO  impl.RoleInfo (RoleInfo.java:shutdownFollowerState(121)) - omNode-3: shutdown omNode-3@group-523986131536-FollowerState
2025-04-23 04:27:43,752 [omNode-3@group-523986131536-FollowerState] INFO  server.RaftServer$Division (RaftServerImpl.java:setRole(378)) - omNode-3@group-523986131536: changes role from  FOLLOWER to CANDIDATE at term 5 for changeToCandidate
2025-04-23 04:27:43,752 [omNode-3@group-523986131536-FollowerState] INFO  server.RaftServerConfigKeys (ConfUtils.java:logGet(46)) - raft.server.leaderelection.pre-vote = true (default)
2025-04-23 04:27:43,752 [omNode-3@group-523986131536-FollowerState] INFO  impl.RoleInfo (RoleInfo.java:updateAndGet(148)) - omNode-3: start omNode-3@group-523986131536-LeaderElection13
2025-04-23 04:27:43,753 [omNode-3@group-523986131536-LeaderElection13] INFO  impl.LeaderElection (LeaderElection.java:askForVotes(332)) - omNode-3@group-523986131536-LeaderElection13 PRE_VOTE round 0: submit vote requests at term 5 for conf: {index: 35, cur=peers:[omNode-3|localhost:15017, omNode-1|localhost:15009, omNode-2|localhost:15013]|listeners:[], old=null}
2025-04-23 04:27:43,753 [omNode-3@group-523986131536-LeaderElection13-1] INFO  server.GrpcServerProtocolClient (GrpcServerProtocolClient.java:<init>(65)) - Build channel for omNode-1|localhost:15009
2025-04-23 04:27:43,754 [omNode-3@group-523986131536-LeaderElection13] INFO  server.RaftServerConfigKeys (ConfUtils.java:logFallback(53)) - raft.server.rpc.first-election.timeout.min = 1s (fallback to raft.server.rpc.timeout.min)
2025-04-23 04:27:43,754 [omNode-3@group-523986131536-LeaderElection13] INFO  server.RaftServerConfigKeys (ConfUtils.java:logFallback(53)) - raft.server.rpc.first-election.timeout.max = 1200ms (fallback to raft.server.rpc.timeout.max)
2025-04-23 04:27:43,754 [omNode-3@group-523986131536-LeaderElection13-2] INFO  server.GrpcServerProtocolClient (GrpcServerProtocolClient.java:<init>(65)) - Build channel for omNode-2|localhost:15013
2025-04-23 04:27:43,762 [grpc-default-executor-5] INFO  server.RaftServer$Division (RaftServerImpl.java:requestVote(1407)) - omNode-1@group-523986131536: receive requestVote(PRE_VOTE, omNode-3, group-523986131536, 5, (t:5, i:68))
2025-04-23 04:27:43,763 [grpc-default-executor-5] INFO  impl.VoteContext (VoteContext.java:log(49)) - omNode-1@group-523986131536-FOLLOWER: accept PRE_VOTE from omNode-3: our priority 0 <= candidate's priority 0
2025-04-23 04:27:43,763 [grpc-default-executor-5] INFO  server.RaftServer$Division (RaftServerImpl.java:requestVote(1441)) - omNode-1@group-523986131536 replies to PRE_VOTE vote request: omNode-3<-omNode-1#0:OK-t5. Peer's state: omNode-1@group-523986131536:t5, leader=null, voted=omNode-3, raftlog=Memoized:omNode-1@group-523986131536-SegmentedRaftLog:OPENED:c68:last(t:5, i:68), conf=conf: {index: 35, cur=peers:[omNode-3|localhost:15017, omNode-1|localhost:15009, omNode-2|localhost:15013]|listeners:[], old=null}
2025-04-23 04:27:43,764 [grpc-default-executor-1] INFO  server.RaftServer$Division (RaftServerImpl.java:requestVote(1407)) - omNode-2@group-523986131536: receive requestVote(PRE_VOTE, omNode-3, group-523986131536, 5, (t:5, i:68))
2025-04-23 04:27:43,764 [grpc-default-executor-1] INFO  impl.VoteContext (VoteContext.java:log(49)) - omNode-2@group-523986131536-FOLLOWER: accept PRE_VOTE from omNode-3: our priority 0 <= candidate's priority 0
2025-04-23 04:27:43,764 [grpc-default-executor-1] INFO  server.RaftServer$Division (RaftServerImpl.java:requestVote(1441)) - omNode-2@group-523986131536 replies to PRE_VOTE vote request: omNode-3<-omNode-2#0:OK-t5. Peer's state: omNode-2@group-523986131536:t5, leader=null, voted=omNode-3, raftlog=Memoized:omNode-2@group-523986131536-SegmentedRaftLog:OPENED:c68:last(t:5, i:68), conf=conf: {index: 35, cur=peers:[omNode-3|localhost:15017, omNode-1|localhost:15009, omNode-2|localhost:15013]|listeners:[], old=null}
2025-04-23 04:27:43,766 [omNode-3@group-523986131536-LeaderElection13] INFO  impl.LeaderElection (LeaderElection.java:logAndReturn(90)) - omNode-3@group-523986131536-LeaderElection13: PRE_VOTE PASSED received 1 response(s) and 0 exception(s):
2025-04-23 04:27:43,766 [omNode-3@group-523986131536-LeaderElection13] INFO  impl.LeaderElection (LeaderElection.java:logAndReturn(94)) -   Response 0: omNode-3<-omNode-1#0:OK-t5
2025-04-23 04:27:43,766 [omNode-3@group-523986131536-LeaderElection13] INFO  impl.LeaderElection (LeaderElection.java:askForVotes(334)) - omNode-3@group-523986131536-LeaderElection13 PRE_VOTE round 0: result PASSED
2025-04-23 04:27:43,769 [omNode-3@group-523986131536-LeaderElection13] INFO  impl.LeaderElection (LeaderElection.java:askForVotes(332)) - omNode-3@group-523986131536-LeaderElection13 ELECTION round 0: submit vote requests at term 6 for conf: {index: 35, cur=peers:[omNode-3|localhost:15017, omNode-1|localhost:15009, omNode-2|localhost:15013]|listeners:[], old=null}
2025-04-23 04:27:43,772 [omNode-3@group-523986131536-LeaderElection13] INFO  server.RaftServerConfigKeys (ConfUtils.java:logFallback(53)) - raft.server.rpc.first-election.timeout.min = 1s (fallback to raft.server.rpc.timeout.min)
2025-04-23 04:27:43,772 [omNode-3@group-523986131536-LeaderElection13] INFO  server.RaftServerConfigKeys (ConfUtils.java:logFallback(53)) - raft.server.rpc.first-election.timeout.max = 1200ms (fallback to raft.server.rpc.timeout.max)
2025-04-23 04:27:43,774 [grpc-default-executor-1] INFO  server.RaftServer$Division (RaftServerImpl.java:requestVote(1407)) - omNode-2@group-523986131536: receive requestVote(ELECTION, omNode-3, group-523986131536, 6, (t:5, i:68))
2025-04-23 04:27:43,775 [grpc-default-executor-1] INFO  impl.VoteContext (VoteContext.java:log(49)) - omNode-2@group-523986131536-FOLLOWER: accept ELECTION from omNode-3: our priority 0 <= candidate's priority 0
2025-04-23 04:27:43,775 [grpc-default-executor-1] INFO  server.RaftServer$Division (RaftServerImpl.java:setRole(378)) - omNode-2@group-523986131536: changes role from  FOLLOWER to FOLLOWER at term 5 for candidate:omNode-3
2025-04-23 04:27:43,775 [grpc-default-executor-1] INFO  impl.RoleInfo (RoleInfo.java:shutdownFollowerState(121)) - omNode-2: shutdown omNode-2@group-523986131536-FollowerState
2025-04-23 04:27:43,775 [grpc-default-executor-1] INFO  impl.RoleInfo (RoleInfo.java:updateAndGet(148)) - omNode-2: start omNode-2@group-523986131536-FollowerState
2025-04-23 04:27:43,775 [grpc-default-executor-5] INFO  server.RaftServer$Division (RaftServerImpl.java:requestVote(1407)) - omNode-1@group-523986131536: receive requestVote(ELECTION, omNode-3, group-523986131536, 6, (t:5, i:68))
2025-04-23 04:27:43,775 [grpc-default-executor-5] INFO  impl.VoteContext (VoteContext.java:log(49)) - omNode-1@group-523986131536-FOLLOWER: accept ELECTION from omNode-3: our priority 0 <= candidate's priority 0
2025-04-23 04:27:43,775 [grpc-default-executor-5] INFO  server.RaftServer$Division (RaftServerImpl.java:setRole(378)) - omNode-1@group-523986131536: changes role from  FOLLOWER to FOLLOWER at term 5 for candidate:omNode-3
2025-04-23 04:27:43,775 [grpc-default-executor-5] INFO  impl.RoleInfo (RoleInfo.java:shutdownFollowerState(121)) - omNode-1: shutdown omNode-1@group-523986131536-FollowerState
2025-04-23 04:27:43,775 [grpc-default-executor-5] INFO  impl.RoleInfo (RoleInfo.java:updateAndGet(148)) - omNode-1: start omNode-1@group-523986131536-FollowerState
2025-04-23 04:27:43,775 [omNode-2@group-523986131536-FollowerState] INFO  impl.FollowerState (FollowerState.java:runImpl(170)) - omNode-2@group-523986131536-FollowerState was interrupted
2025-04-23 04:27:43,776 [grpc-default-executor-1] INFO  server.RaftServer$Division (RaftServerImpl.java:setFirstElection(562)) - omNode-2@group-523986131536: set firstElectionSinceStartup to false for candidate:omNode-3
2025-04-23 04:27:43,776 [omNode-1@group-523986131536-FollowerState] INFO  impl.FollowerState (FollowerState.java:runImpl(170)) - omNode-1@group-523986131536-FollowerState was interrupted
2025-04-23 04:27:43,776 [grpc-default-executor-5] INFO  server.RaftServer$Division (RaftServerImpl.java:setFirstElection(562)) - omNode-1@group-523986131536: set firstElectionSinceStartup to false for candidate:omNode-3
2025-04-23 04:27:43,778 [grpc-default-executor-5] INFO  server.RaftServer$Division (RaftServerImpl.java:requestVote(1441)) - omNode-1@group-523986131536 replies to ELECTION vote request: omNode-3<-omNode-1#0:OK-t6. Peer's state: omNode-1@group-523986131536:t6, leader=null, voted=omNode-3, raftlog=Memoized:omNode-1@group-523986131536-SegmentedRaftLog:OPENED:c68:last(t:5, i:68), conf=conf: {index: 35, cur=peers:[omNode-3|localhost:15017, omNode-1|localhost:15009, omNode-2|localhost:15013]|listeners:[], old=null}
2025-04-23 04:27:43,779 [grpc-default-executor-1] INFO  server.RaftServer$Division (RaftServerImpl.java:requestVote(1441)) - omNode-2@group-523986131536 replies to ELECTION vote request: omNode-3<-omNode-2#0:OK-t6. Peer's state: omNode-2@group-523986131536:t6, leader=null, voted=omNode-3, raftlog=Memoized:omNode-2@group-523986131536-SegmentedRaftLog:OPENED:c68:last(t:5, i:68), conf=conf: {index: 35, cur=peers:[omNode-3|localhost:15017, omNode-1|localhost:15009, omNode-2|localhost:15013]|listeners:[], old=null}
2025-04-23 04:27:43,780 [omNode-3@group-523986131536-LeaderElection13] INFO  impl.LeaderElection (LeaderElection.java:logAndReturn(90)) - omNode-3@group-523986131536-LeaderElection13: ELECTION PASSED received 1 response(s) and 0 exception(s):
2025-04-23 04:27:43,780 [omNode-3@group-523986131536-LeaderElection13] INFO  impl.LeaderElection (LeaderElection.java:logAndReturn(94)) -   Response 0: omNode-3<-omNode-1#0:OK-t6
2025-04-23 04:27:43,780 [omNode-3@group-523986131536-LeaderElection13] INFO  impl.LeaderElection (LeaderElection.java:askForVotes(334)) - omNode-3@group-523986131536-LeaderElection13 ELECTION round 0: result PASSED
2025-04-23 04:27:43,780 [omNode-3@group-523986131536-LeaderElection13] INFO  impl.RoleInfo (RoleInfo.java:shutdownLeaderElection(141)) - omNode-3: shutdown omNode-3@group-523986131536-LeaderElection13
2025-04-23 04:27:43,780 [omNode-3@group-523986131536-LeaderElection13] INFO  server.RaftServer$Division (RaftServerImpl.java:setRole(378)) - omNode-3@group-523986131536: changes role from CANDIDATE to LEADER at term 6 for changeToLeader
2025-04-23 04:27:43,780 [omNode-3@group-523986131536-LeaderElection13] INFO  server.RaftServerConfigKeys (ConfUtils.java:logGet(46)) - raft.server.staging.catchup.gap = 1000 (default)
2025-04-23 04:27:43,781 [omNode-3@group-523986131536-LeaderElection13] INFO  server.RaftServerConfigKeys (ConfUtils.java:logGet(46)) - raft.server.write.element-limit = 4096 (default)
2025-04-23 04:27:43,781 [omNode-3@group-523986131536-LeaderElection13] INFO  server.RaftServerConfigKeys (ConfUtils.java:logGet(46)) - raft.server.write.byte-limit = 64MB (=67108864) (default)
2025-04-23 04:27:43,781 [omNode-3@group-523986131536-LeaderElection13] INFO  server.RaftServerConfigKeys (ConfUtils.java:logGet(46)) - raft.server.watch.timeout = 10s (default)
2025-04-23 04:27:43,782 [omNode-3@group-523986131536-LeaderElection13] INFO  server.RaftServerConfigKeys (ConfUtils.java:logGet(46)) - raft.server.watch.timeout.denomination = 1s (default)
2025-04-23 04:27:43,782 [omNode-3@group-523986131536-LeaderElection13] INFO  server.RaftServerConfigKeys (ConfUtils.java:logGet(46)) - raft.server.watch.element-limit = 65536 (default)
2025-04-23 04:27:43,782 [omNode-3@group-523986131536-LeaderElection13] INFO  server.RaftServerConfigKeys (ConfUtils.java:logGet(46)) - raft.server.read.leader.lease.enabled = false (default)
2025-04-23 04:27:43,782 [omNode-3@group-523986131536-LeaderElection13] INFO  server.RaftServerConfigKeys (ConfUtils.java:logGet(46)) - raft.server.read.leader.lease.timeout.ratio = 0.9 (default)
2025-04-23 04:27:43,782 [omNode-3@group-523986131536-LeaderElection13] INFO  server.RaftServerConfigKeys (ConfUtils.java:logGet(46)) - raft.server.rpc.timeout.min = 1s (custom)
2025-04-23 04:27:43,782 [omNode-3@group-523986131536-LeaderElection13] INFO  server.RaftServerConfigKeys (ConfUtils.java:logGet(46)) - raft.server.log.log-metadata.enabled = true (default)
2025-04-23 04:27:43,782 [omNode-3@group-523986131536-LeaderElection13] INFO  server.RaftServerConfigKeys (ConfUtils.java:logGet(46)) - raft.server.write.element-limit = 4096 (default)
2025-04-23 04:27:43,782 [omNode-3@group-523986131536-LeaderElection13] INFO  server.RaftServerConfigKeys (ConfUtils.java:logGet(46)) - raft.server.write.follower.gap.ratio.max = -1.0 (default)
2025-04-23 04:27:43,784 [omNode-3@group-523986131536-LeaderElection13] INFO  server.RaftServerConfigKeys (ConfUtils.java:logGet(46)) - raft.server.log.appender.snapshot.chunk.size.max = 16MB (=16777216) (default)
2025-04-23 04:27:43,784 [omNode-3@group-523986131536-LeaderElection13] INFO  server.RaftServerConfigKeys (ConfUtils.java:logGet(46)) - raft.server.log.appender.buffer.byte-limit = 4194304 (custom)
2025-04-23 04:27:43,785 [omNode-3@group-523986131536-LeaderElection13] INFO  server.RaftServerConfigKeys (ConfUtils.java:logGet(46)) - raft.server.log.appender.buffer.element-limit = 1024 (custom)
2025-04-23 04:27:43,785 [omNode-3@group-523986131536-LeaderElection13] INFO  server.RaftServerConfigKeys (ConfUtils.java:logGet(46)) - raft.server.log.appender.wait-time.min = 0ms (custom)
2025-04-23 04:27:43,785 [omNode-3@group-523986131536-LeaderElection13] INFO  grpc.GrpcConfigKeys (ConfUtils.java:logGet(46)) - raft.grpc.server.leader.outstanding.appends.max = 8 (default)
2025-04-23 04:27:43,786 [omNode-3@group-523986131536-LeaderElection13] INFO  server.RaftServerConfigKeys (ConfUtils.java:logGet(46)) - raft.server.rpc.request.timeout = 3000ms (default)
2025-04-23 04:27:43,786 [omNode-3@group-523986131536-LeaderElection13] INFO  grpc.GrpcConfigKeys (ConfUtils.java:logGet(46)) - raft.grpc.server.install_snapshot.request.element-limit = 8 (default)
2025-04-23 04:27:43,786 [omNode-3@group-523986131536-LeaderElection13] INFO  grpc.GrpcConfigKeys (ConfUtils.java:logGet(46)) - raft.grpc.server.install_snapshot.request.timeout = 3000ms (default)
2025-04-23 04:27:43,786 [omNode-3@group-523986131536-LeaderElection13] INFO  grpc.GrpcConfigKeys (ConfUtils.java:logGet(46)) - raft.grpc.server.log-message.batch.duration = 5s (default)
2025-04-23 04:27:43,786 [omNode-3@group-523986131536-LeaderElection13] INFO  server.RaftServerConfigKeys (ConfUtils.java:logGet(46)) - raft.server.log.appender.install.snapshot.enabled = false (custom)
2025-04-23 04:27:43,786 [omNode-3@group-523986131536-LeaderElection13] INFO  grpc.GrpcConfigKeys (ConfUtils.java:logGet(46)) - raft.grpc.server.heartbeat.channel = true (default)
2025-04-23 04:27:43,788 [omNode-3@group-523986131536-LeaderElection13] INFO  server.RaftServerConfigKeys (ConfUtils.java:logGet(46)) - raft.server.log.appender.snapshot.chunk.size.max = 16MB (=16777216) (default)
2025-04-23 04:27:43,788 [omNode-3@group-523986131536-LeaderElection13] INFO  server.RaftServerConfigKeys (ConfUtils.java:logGet(46)) - raft.server.log.appender.buffer.byte-limit = 4194304 (custom)
2025-04-23 04:27:43,788 [omNode-3@group-523986131536-LeaderElection13] INFO  server.RaftServerConfigKeys (ConfUtils.java:logGet(46)) - raft.server.log.appender.buffer.element-limit = 1024 (custom)
2025-04-23 04:27:43,788 [omNode-3@group-523986131536-LeaderElection13] INFO  server.RaftServerConfigKeys (ConfUtils.java:logGet(46)) - raft.server.log.appender.wait-time.min = 0ms (custom)
2025-04-23 04:27:43,788 [omNode-3@group-523986131536-LeaderElection13] INFO  grpc.GrpcConfigKeys (ConfUtils.java:logGet(46)) - raft.grpc.server.leader.outstanding.appends.max = 8 (default)
2025-04-23 04:27:43,788 [omNode-3@group-523986131536-LeaderElection13] INFO  server.RaftServerConfigKeys (ConfUtils.java:logGet(46)) - raft.server.rpc.request.timeout = 3000ms (default)
2025-04-23 04:27:43,788 [omNode-3@group-523986131536-LeaderElection13] INFO  grpc.GrpcConfigKeys (ConfUtils.java:logGet(46)) - raft.grpc.server.install_snapshot.request.element-limit = 8 (default)
2025-04-23 04:27:43,788 [omNode-3@group-523986131536-LeaderElection13] INFO  grpc.GrpcConfigKeys (ConfUtils.java:logGet(46)) - raft.grpc.server.install_snapshot.request.timeout = 3000ms (default)
2025-04-23 04:27:43,788 [omNode-3@group-523986131536-LeaderElection13] INFO  grpc.GrpcConfigKeys (ConfUtils.java:logGet(46)) - raft.grpc.server.log-message.batch.duration = 5s (default)
2025-04-23 04:27:43,788 [omNode-3@group-523986131536-LeaderElection13] INFO  server.RaftServerConfigKeys (ConfUtils.java:logGet(46)) - raft.server.log.appender.install.snapshot.enabled = false (custom)
2025-04-23 04:27:43,788 [omNode-3@group-523986131536-LeaderElection13] INFO  grpc.GrpcConfigKeys (ConfUtils.java:logGet(46)) - raft.grpc.server.heartbeat.channel = true (default)
2025-04-23 04:27:43,789 [omNode-3@group-523986131536-LeaderElection13] INFO  impl.RoleInfo (RoleInfo.java:updateAndGet(148)) - omNode-3: start omNode-3@group-523986131536-LeaderStateImpl
2025-04-23 04:27:43,790 [omNode-3@group-523986131536-LeaderElection13] INFO  server.RaftServer$Division (RaftServerImpl.java:setFirstElection(562)) - omNode-3@group-523986131536: set firstElectionSinceStartup to false for becomeLeader
2025-04-23 04:27:43,791 [omNode-3@group-523986131536-LeaderElection13] INFO  ratis.OzoneManagerStateMachine (OzoneManagerStateMachine.java:notifyLeaderChanged(169)) - omNode-3@group-523986131536: leader changed to omNode-3
2025-04-23 04:27:43,791 [omNode-3@group-523986131536-LeaderElection13] INFO  server.RaftServer$Division (ServerState.java:setLeader(272)) - omNode-3@group-523986131536: change Leader from null to omNode-3 at term 6 for becomeLeader, leader elected after 1076ms
2025-04-23 04:27:43,791 [omNode-3@group-523986131536-LeaderElection13] INFO  segmented.SegmentedRaftLogWorker (SegmentedRaftLogWorker.java:rollLogSegment(443)) - omNode-3@group-523986131536-SegmentedRaftLogWorker: Rolling segment log-35_68 to index:68
2025-04-23 04:27:43,792 [omNode-3@group-523986131536-LeaderElection13] INFO  server.RaftServer$Division (ServerState.java:setRaftConf(386)) - omNode-3@group-523986131536: set configuration conf: {index: 69, cur=peers:[omNode-3|localhost:15017, omNode-1|localhost:15009, omNode-2|localhost:15013]|listeners:[], old=null}
2025-04-23 04:27:43,793 [omNode-3@group-523986131536-SegmentedRaftLogWorker] INFO  segmented.SegmentedRaftLogWorker (SegmentedRaftLogWorker.java:execute(601)) - omNode-3@group-523986131536-SegmentedRaftLogWorker: Rolled log segment from /home/runner/work/ozone/ozone/hadoop-ozone/integration-test/target/test-dir/MiniOzoneClusterImpl-ff59c164-3798-4a7f-a16d-eeed9ffb3244/omNode-3/ratis/c9bc4cf4-3bc3-3c60-a66b-523986131536/current/log_inprogress_35 to /home/runner/work/ozone/ozone/hadoop-ozone/integration-test/target/test-dir/MiniOzoneClusterImpl-ff59c164-3798-4a7f-a16d-eeed9ffb3244/omNode-3/ratis/c9bc4cf4-3bc3-3c60-a66b-523986131536/current/log_35-68
2025-04-23 04:27:43,793 [omNode-3@group-523986131536-SegmentedRaftLogWorker] INFO  segmented.BufferedWriteChannel (BufferedWriteChannel.java:open(61)) - open log_inprogress_69 at position 0
2025-04-23 04:27:43,806 [omNode-1-server-thread1] INFO  ratis.OzoneManagerStateMachine (OzoneManagerStateMachine.java:notifyLeaderChanged(169)) - omNode-1@group-523986131536: leader changed to omNode-3
2025-04-23 04:27:43,807 [omNode-1-server-thread1] INFO  server.RaftServer$Division (ServerState.java:setLeader(272)) - omNode-1@group-523986131536: change Leader from null to omNode-3 at term 6 for appendEntries, leader elected after 623ms
2025-04-23 04:27:43,807 [omNode-2-server-thread2] INFO  ratis.OzoneManagerStateMachine (OzoneManagerStateMachine.java:notifyLeaderChanged(169)) - omNode-2@group-523986131536: leader changed to omNode-3
2025-04-23 04:27:43,807 [omNode-2-server-thread2] INFO  server.RaftServer$Division (ServerState.java:setLeader(272)) - omNode-2@group-523986131536: change Leader from null to omNode-3 at term 6 for appendEntries, leader elected after 204ms
2025-04-23 04:27:43,807 [omNode-2-server-thread1] INFO  server.RaftServer$Division (ServerState.java:setRaftConf(386)) - omNode-2@group-523986131536: set configuration conf: {index: 69, cur=peers:[omNode-3|localhost:15017, omNode-1|localhost:15009, omNode-2|localhost:15013]|listeners:[], old=null}
2025-04-23 04:27:43,807 [omNode-2-server-thread1] INFO  segmented.SegmentedRaftLogWorker (SegmentedRaftLogWorker.java:rollLogSegment(443)) - omNode-2@group-523986131536-SegmentedRaftLogWorker: Rolling segment log-35_68 to index:68
2025-04-23 04:27:43,807 [omNode-1-server-thread2] INFO  server.RaftServer$Division (ServerState.java:setRaftConf(386)) - omNode-1@group-523986131536: set configuration conf: {index: 69, cur=peers:[omNode-3|localhost:15017, omNode-1|localhost:15009, omNode-2|localhost:15013]|listeners:[], old=null}
2025-04-23 04:27:43,808 [omNode-1-server-thread2] INFO  segmented.SegmentedRaftLogWorker (SegmentedRaftLogWorker.java:rollLogSegment(443)) - omNode-1@group-523986131536-SegmentedRaftLogWorker: Rolling segment log-35_68 to index:68
2025-04-23 04:27:43,809 [omNode-2@group-523986131536-SegmentedRaftLogWorker] INFO  segmented.SegmentedRaftLogWorker (SegmentedRaftLogWorker.java:execute(601)) - omNode-2@group-523986131536-SegmentedRaftLogWorker: Rolled log segment from /home/runner/work/ozone/ozone/hadoop-ozone/integration-test/target/test-dir/MiniOzoneClusterImpl-ff59c164-3798-4a7f-a16d-eeed9ffb3244/omNode-2/ratis/c9bc4cf4-3bc3-3c60-a66b-523986131536/current/log_inprogress_35 to /home/runner/work/ozone/ozone/hadoop-ozone/integration-test/target/test-dir/MiniOzoneClusterImpl-ff59c164-3798-4a7f-a16d-eeed9ffb3244/omNode-2/ratis/c9bc4cf4-3bc3-3c60-a66b-523986131536/current/log_35-68
2025-04-23 04:27:43,809 [omNode-2@group-523986131536-SegmentedRaftLogWorker] INFO  segmented.BufferedWriteChannel (BufferedWriteChannel.java:open(61)) - open log_inprogress_69 at position 0
2025-04-23 04:27:43,811 [omNode-1@group-523986131536-SegmentedRaftLogWorker] INFO  segmented.SegmentedRaftLogWorker (SegmentedRaftLogWorker.java:execute(601)) - omNode-1@group-523986131536-SegmentedRaftLogWorker: Rolled log segment from /home/runner/work/ozone/ozone/hadoop-ozone/integration-test/target/test-dir/MiniOzoneClusterImpl-ff59c164-3798-4a7f-a16d-eeed9ffb3244/omNode-1/ratis/c9bc4cf4-3bc3-3c60-a66b-523986131536/current/log_inprogress_35 to /home/runner/work/ozone/ozone/hadoop-ozone/integration-test/target/test-dir/MiniOzoneClusterImpl-ff59c164-3798-4a7f-a16d-eeed9ffb3244/omNode-1/ratis/c9bc4cf4-3bc3-3c60-a66b-523986131536/current/log_35-68
2025-04-23 04:27:43,811 [omNode-1@group-523986131536-SegmentedRaftLogWorker] INFO  segmented.BufferedWriteChannel (BufferedWriteChannel.java:open(61)) - open log_inprogress_69 at position 0
2025-04-23 04:27:43,812 [omNode-3@group-523986131536-SegmentedRaftLogWorker] INFO  segmented.SegmentedRaftLogWorker (SegmentedRaftLogWorker.java:execute(644)) - omNode-3@group-523986131536-SegmentedRaftLogWorker: created new log segment /home/runner/work/ozone/ozone/hadoop-ozone/integration-test/target/test-dir/MiniOzoneClusterImpl-ff59c164-3798-4a7f-a16d-eeed9ffb3244/omNode-3/ratis/c9bc4cf4-3bc3-3c60-a66b-523986131536/current/log_inprogress_69
2025-04-23 04:27:43,824 [omNode-2@group-523986131536-SegmentedRaftLogWorker] INFO  segmented.SegmentedRaftLogWorker (SegmentedRaftLogWorker.java:execute(644)) - omNode-2@group-523986131536-SegmentedRaftLogWorker: created new log segment /home/runner/work/ozone/ozone/hadoop-ozone/integration-test/target/test-dir/MiniOzoneClusterImpl-ff59c164-3798-4a7f-a16d-eeed9ffb3244/omNode-2/ratis/c9bc4cf4-3bc3-3c60-a66b-523986131536/current/log_inprogress_69
2025-04-23 04:27:43,826 [omNode-1@group-523986131536-SegmentedRaftLogWorker] INFO  segmented.SegmentedRaftLogWorker (SegmentedRaftLogWorker.java:execute(644)) - omNode-1@group-523986131536-SegmentedRaftLogWorker: created new log segment /home/runner/work/ozone/ozone/hadoop-ozone/integration-test/target/test-dir/MiniOzoneClusterImpl-ff59c164-3798-4a7f-a16d-eeed9ffb3244/omNode-1/ratis/c9bc4cf4-3bc3-3c60-a66b-523986131536/current/log_inprogress_69
2025-04-23 04:27:43,827 [omNode-3@group-523986131536-StateMachineUpdater] INFO  ratis.OzoneManagerStateMachine (OzoneManagerStateMachine.java:notifyConfigurationChanged(231)) - notifyConfigurationChanged from Ratis: term=6, index=69, New Peer list: omNode-3(localhost:15017), omNode-1(localhost:15009), omNode-2(localhost:15013)
2025-04-23 04:27:43,827 [omNode-3@group-523986131536-StateMachineUpdater] INFO  server.RaftServer$Division (LeaderStateImpl.java:checkStartIndex(313)) - Leader omNode-3@group-523986131536-LeaderStateImpl is ready since appliedIndex == startIndex == 69
2025-04-23 04:27:43,829 [omNode-1@group-523986131536-StateMachineUpdater] INFO  ratis.OzoneManagerStateMachine (OzoneManagerStateMachine.java:notifyConfigurationChanged(231)) - notifyConfigurationChanged from Ratis: term=6, index=69, New Peer list: omNode-3(localhost:15017), omNode-1(localhost:15009), omNode-2(localhost:15013)
2025-04-23 04:27:43,830 [omNode-2@group-523986131536-StateMachineUpdater] INFO  ratis.OzoneManagerStateMachine (OzoneManagerStateMachine.java:notifyConfigurationChanged(231)) - notifyConfigurationChanged from Ratis: term=6, index=69, New Peer list: omNode-3(localhost:15017), omNode-1(localhost:15009), omNode-2(localhost:15013)
2025-04-23 04:27:44,003 [main] INFO  reflections.Reflections (Reflections.java:scan(219)) - Reflections took 382 ms to scan 22 urls, producing 61 keys and 7422 values
2025-04-23 04:27:44,004 [main] INFO  ipc.CallQueueManager (CallQueueManager.java:<init>(93)) - Using callQueue: class java.util.concurrent.LinkedBlockingQueue, queueCapacity: 2000, scheduler: class org.apache.hadoop.ipc.DefaultRpcScheduler, ipcBackoff: false, ipcFailOver: false.
2025-04-23 04:27:44,005 [main] INFO  ipc.Server (Server.java:<init>(1438)) - Listener at localhost:15010
2025-04-23 04:27:44,005 [Socket Reader #1 for port 15010] INFO  ipc.Server (Server.java:run(1474)) - Starting Socket Reader #1 for port 15010
2025-04-23 04:27:44,005 [Socket Reader #2 for port 15010] INFO  ipc.Server (Server.java:run(1474)) - Starting Socket Reader #2 for port 15010
2025-04-23 04:27:44,005 [Socket Reader #3 for port 15010] INFO  ipc.Server (Server.java:run(1474)) - Starting Socket Reader #3 for port 15010
2025-04-23 04:27:44,005 [Socket Reader #4 for port 15010] INFO  ipc.Server (Server.java:run(1474)) - Starting Socket Reader #4 for port 15010
2025-04-23 04:27:44,005 [Socket Reader #5 for port 15010] INFO  ipc.Server (Server.java:run(1474)) - Starting Socket Reader #5 for port 15010
2025-04-23 04:27:44,006 [Socket Reader #6 for port 15010] INFO  ipc.Server (Server.java:run(1474)) - Starting Socket Reader #6 for port 15010
2025-04-23 04:27:44,006 [Socket Reader #7 for port 15010] INFO  ipc.Server (Server.java:run(1474)) - Starting Socket Reader #7 for port 15010
2025-04-23 04:27:44,006 [Socket Reader #8 for port 15010] INFO  ipc.Server (Server.java:run(1474)) - Starting Socket Reader #8 for port 15010
2025-04-23 04:27:44,006 [Socket Reader #9 for port 15010] INFO  ipc.Server (Server.java:run(1474)) - Starting Socket Reader #9 for port 15010
2025-04-23 04:27:44,006 [Socket Reader #10 for port 15010] INFO  ipc.Server (Server.java:run(1474)) - Starting Socket Reader #10 for port 15010
2025-04-23 04:27:44,008 [main] INFO  http.BaseHttpServer (BaseHttpServer.java:newHttpServer2BuilderForOzone(229)) - Starting Web-server for ozoneManager at: http://0.0.0.0:15011
2025-04-23 04:27:44,008 [main] INFO  http.BaseHttpServer (BaseHttpServer.java:<init>(107)) - Hadoop Security Enabled: false Ozone Security Enabled: false Ozone HTTP Security Enabled: false 
2025-04-23 04:27:44,009 [main] WARN  server.AuthenticationFilter (AuthenticationFilter.java:constructSecretProvider(240)) - Unable to initialize FileSignerSecretProvider, falling back to use random secrets. Reason: Could not read signature secret file: /home/runner/hadoop-http-auth-signature-secret
2025-04-23 04:27:44,011 [main] INFO  http.HttpServer2 (HttpServer2.java:addGlobalFilter(1041)) - Added global filter 'safety' (class=org.apache.hadoop.hdds.server.http.HttpServer2$QuotingInputFilter)
2025-04-23 04:27:44,011 [main] INFO  http.HttpServer2 (HttpServer2.java:addFilter(1017)) - Added filter static_user_filter (class=org.apache.hadoop.http.lib.StaticUserWebFilter$StaticUserFilter) to context ozoneManager
2025-04-23 04:27:44,011 [main] INFO  http.HttpServer2 (HttpServer2.java:addFilter(1025)) - Added filter static_user_filter (class=org.apache.hadoop.http.lib.StaticUserWebFilter$StaticUserFilter) to context logs
2025-04-23 04:27:44,011 [main] INFO  http.HttpServer2 (HttpServer2.java:addFilter(1025)) - Added filter static_user_filter (class=org.apache.hadoop.http.lib.StaticUserWebFilter$StaticUserFilter) to context static
2025-04-23 04:27:44,012 [main] INFO  http.BaseHttpServer (BaseHttpServer.java:<init>(195)) - HTTP server of ozoneManager uses base directory /home/runner/work/ozone/ozone/hadoop-ozone/integration-test/target/test-dir/MiniOzoneClusterImpl-ff59c164-3798-4a7f-a16d-eeed9ffb3244/omNode-2/webserver
2025-04-23 04:27:44,012 [main] INFO  http.HttpServer2 (HttpServer2.java:bindListener(1241)) - Jetty bound to port 15011
2025-04-23 04:27:44,012 [main] INFO  server.Server (Server.java:doStart(375)) - jetty-9.4.57.v20241219; built: 2025-01-08T21:24:30.412Z; git: df524e6b29271c2e09ba9aea83c18dc9db464a31; jvm 21.0.7+6-LTS
2025-04-23 04:27:44,013 [main] INFO  server.session (DefaultSessionIdManager.java:doStart(334)) - DefaultSessionIdManager workerName=node0
2025-04-23 04:27:44,014 [main] INFO  server.session (DefaultSessionIdManager.java:doStart(339)) - No SessionScavenger set, using defaults
2025-04-23 04:27:44,014 [main] INFO  server.session (HouseKeeper.java:startScavenging(132)) - node0 Scavenging every 660000ms
2025-04-23 04:27:44,014 [main] INFO  handler.ContextHandler (ContextHandler.java:doStart(921)) - Started o.e.j.s.ServletContextHandler@49fa0fcb{logs,/logs,file:///home/runner/work/ozone/ozone/hadoop-ozone/integration-test/target/log,AVAILABLE}
2025-04-23 04:27:44,015 [main] INFO  handler.ContextHandler (ContextHandler.java:doStart(921)) - Started o.e.j.s.ServletContextHandler@78e7253{static,/static,file:///home/runner/work/ozone/ozone/hadoop-ozone/integration-test/target/test-classes/webapps/static,AVAILABLE}
2025-04-23 04:27:44,018 [main] INFO  handler.ContextHandler (ContextHandler.java:doStart(921)) - Started o.e.j.w.WebAppContext@5c3c643b{ozoneManager,/,file:///home/runner/work/ozone/ozone/hadoop-ozone/integration-test/target/test-classes/webapps/ozoneManager/,AVAILABLE}{file:/home/runner/work/ozone/ozone/hadoop-ozone/integration-test/target/test-classes/webapps/ozoneManager}
2025-04-23 04:27:44,019 [main] INFO  server.AbstractConnector (AbstractConnector.java:doStart(333)) - Started ServerConnector@20387a76{HTTP/1.1, (http/1.1)}{0.0.0.0:15011}
2025-04-23 04:27:44,019 [main] INFO  server.Server (Server.java:doStart(415)) - Started @67437ms
2025-04-23 04:27:44,019 [main] WARN  impl.MetricsSystemImpl (MetricsSystemImpl.java:register(279)) - Sink prometheus already exists!
2025-04-23 04:27:44,019 [main] INFO  http.BaseHttpServer (BaseHttpServer.java:updateConnectorAddress(360)) - HTTP server of ozoneManager listening at http://0.0.0.0:15011
2025-04-23 04:27:44,019 [IPC Server Responder] INFO  ipc.Server (Server.java:run(1713)) - IPC Server Responder: starting
2025-04-23 04:27:44,020 [IPC Server listener on 15010] INFO  ipc.Server (Server.java:run(1553)) - IPC Server listener on 15010: starting
2025-04-23 04:27:44,022 [main] INFO  om.OzoneManager (OzoneManager.java:startTrashEmptier(2257)) - Trash Interval set to 0. Files deleted won't move to trash
]]></system-out>
  </testcase>
  <testcase name="testOMProxyProviderFailoverOnConnectionFailure" classname="org.apache.hadoop.ozone.om.TestOzoneManagerHAWithStoppedNodes" time="16.365">
    <system-out><![CDATA[2025-04-23 04:27:44,024 [main] INFO  rpc.RpcClient (RpcClient.java:createVolume(462)) - Creating Volume: volume74609, with user64422 as owner and space quota set to -1 bytes, counts quota set to -1
2025-04-23 04:27:44,046 [omNode-3-OMStateMachineApplyTransactionThread - 0] WARN  helpers.OzoneAclUtil (OzoneAclUtil.java:getDefaultAclList(77)) - Failed to get primary group from user user64422 (auth:SIMPLE)
2025-04-23 04:27:44,046 [omNode-2-OMStateMachineApplyTransactionThread - 0] WARN  helpers.OzoneAclUtil (OzoneAclUtil.java:getDefaultAclList(77)) - Failed to get primary group from user user64422 (auth:SIMPLE)
2025-04-23 04:27:44,046 [omNode-3-OMStateMachineApplyTransactionThread - 0] INFO  volume.OMVolumeCreateRequest (OMVolumeCreateRequest.java:validateAndUpdateCache(203)) - created volume:volume74609 for user:user64422
2025-04-23 04:27:44,046 [omNode-2-OMStateMachineApplyTransactionThread - 0] INFO  volume.OMVolumeCreateRequest (OMVolumeCreateRequest.java:validateAndUpdateCache(203)) - created volume:volume74609 for user:user64422
2025-04-23 04:27:44,046 [omNode-1-OMStateMachineApplyTransactionThread - 0] WARN  helpers.OzoneAclUtil (OzoneAclUtil.java:getDefaultAclList(77)) - Failed to get primary group from user user64422 (auth:SIMPLE)
2025-04-23 04:27:44,047 [omNode-1-OMStateMachineApplyTransactionThread - 0] INFO  volume.OMVolumeCreateRequest (OMVolumeCreateRequest.java:validateAndUpdateCache(203)) - created volume:volume74609 for user:user64422
2025-04-23 04:27:44,049 [main] INFO  om.OzoneManager (OzoneManager.java:stop(2347)) - omNode-3[localhost:15014]: Stopping Ozone Manager
2025-04-23 04:27:44,049 [main] INFO  ipc.Server (Server.java:stop(3697)) - Stopping server on 15014
2025-04-23 04:27:44,051 [IPC Server listener on 15014] INFO  ipc.Server (Server.java:run(1585)) - Stopping IPC Server listener on 15014
2025-04-23 04:27:44,051 [IPC Server Responder] INFO  ipc.Server (Server.java:run(1718)) - Stopping IPC Server Responder
2025-04-23 04:27:44,051 [main] INFO  ratis.OzoneManagerRatisServer (OzoneManagerRatisServer.java:stop(634)) - Stopping org.apache.hadoop.ozone.om.ratis.OzoneManagerRatisServer@2c257644 at port 15017
2025-04-23 04:27:44,052 [main] INFO  server.RaftServer (RaftServerProxy.java:lambda$close$9(417)) - omNode-3: close
2025-04-23 04:27:44,052 [main] INFO  server.GrpcService (GrpcService.java:closeImpl(343)) - omNode-3: shutdown server GrpcServerProtocolService now
2025-04-23 04:27:44,052 [omNode-3-impl-thread1] INFO  server.RaftServer$Division (RaftServerImpl.java:lambda$close$1(513)) - omNode-3@group-523986131536: shutdown
2025-04-23 04:27:44,052 [omNode-3-impl-thread1] INFO  util.JmxRegister (JmxRegister.java:unregister(74)) - Successfully un-registered JMX Bean with object name Ratis:service=RaftServer,group=group-523986131536,id=omNode-3
2025-04-23 04:27:44,052 [omNode-3-impl-thread1] INFO  impl.RoleInfo (RoleInfo.java:shutdownLeaderState(103)) - omNode-3: shutdown omNode-3@group-523986131536-LeaderStateImpl
2025-04-23 04:27:44,052 [omNode-3@group-523986131536->omNode-1-GrpcLogAppender-LogAppenderDaemon] WARN  server.GrpcLogAppender (GrpcLogAppender.java:mayWait(293)) - omNode-3@group-523986131536->omNode-1-GrpcLogAppender: Wait interrupted by java.lang.InterruptedException
2025-04-23 04:27:44,052 [omNode-3-impl-thread1] INFO  impl.PendingRequests (PendingRequests.java:sendNotLeaderResponses(287)) - omNode-3@group-523986131536-PendingRequests: sendNotLeaderResponses
2025-04-23 04:27:44,053 [Thread-2485] INFO  server.GrpcServerProtocolClient (GrpcServerProtocolClient.java:close(105)) - omNode-1 Close channels
2025-04-23 04:27:44,052 [omNode-3@group-523986131536->omNode-2-GrpcLogAppender-LogAppenderDaemon] WARN  server.GrpcLogAppender (GrpcLogAppender.java:mayWait(293)) - omNode-3@group-523986131536->omNode-2-GrpcLogAppender: Wait interrupted by java.lang.InterruptedException
2025-04-23 04:27:44,053 [Thread-2486] INFO  server.GrpcServerProtocolClient (GrpcServerProtocolClient.java:close(105)) - omNode-2 Close channels
2025-04-23 04:27:44,053 [omNode-3-impl-thread1] INFO  impl.StateMachineUpdater (StateMachineUpdater.java:stopAndJoin(164)) - omNode-3@group-523986131536-StateMachineUpdater: set stopIndex = 72
2025-04-23 04:27:44,054 [grpc-default-executor-3] INFO  server.GrpcServerProtocolService (GrpcServerProtocolService.java:onCompleted(157)) - omNode-1: Completed APPEND_ENTRIES, lastRequest: null
2025-04-23 04:27:44,054 [grpc-default-executor-3] INFO  server.GrpcServerProtocolService (GrpcServerProtocolService.java:lambda$onCompleted$5(159)) - omNode-1: Completed APPEND_ENTRIES, lastReply: serverReply {
  requestorId: "omNode-3"
  replyId: "omNode-1"
  raftGroupId {
    id: "\311\274L\364;\303<`\246kR9\206\023\0256"
  }
  success: true
}
term: 6
nextIndex: 70
followerCommit: 68
matchIndex: 18446744073709551615
isHearbeat: true

2025-04-23 04:27:44,054 [grpc-default-executor-2] INFO  server.GrpcServerProtocolService (GrpcServerProtocolService.java:onCompleted(157)) - omNode-2: Completed APPEND_ENTRIES, lastRequest: null
2025-04-23 04:27:44,054 [grpc-default-executor-2] INFO  server.GrpcServerProtocolService (GrpcServerProtocolService.java:lambda$onCompleted$5(159)) - omNode-2: Completed APPEND_ENTRIES, lastReply: serverReply {
  requestorId: "omNode-3"
  replyId: "omNode-2"
  raftGroupId {
    id: "\311\274L\364;\303<`\246kR9\206\023\0256"
  }
  callId: 2
  success: true
}
term: 6
nextIndex: 70
followerCommit: 68
matchIndex: 18446744073709551615
isHearbeat: true

2025-04-23 04:27:44,055 [grpc-default-executor-5] INFO  server.GrpcServerProtocolService (GrpcServerProtocolService.java:onCompleted(157)) - omNode-1: Completed APPEND_ENTRIES, lastRequest: omNode-3->omNode-1#9-t6,previous=(t:6, i:71),leaderCommit=71,initializing? false,entries: size=1, first=(t:6, i:72), METADATAENTRY(c:71)
2025-04-23 04:27:44,055 [grpc-default-executor-5] INFO  server.GrpcServerProtocolService (GrpcServerProtocolService.java:lambda$onCompleted$5(159)) - omNode-1: Completed APPEND_ENTRIES, lastReply: null
2025-04-23 04:27:44,055 [grpc-default-executor-5] INFO  server.GrpcLogAppender (GrpcLogAppender.java:onCompleted(550)) - omNode-3@group-523986131536->omNode-1-AppendLogResponseHandler: follower responses appendEntries COMPLETED
2025-04-23 04:27:44,055 [grpc-default-executor-5] WARN  server.GrpcLogAppender (GrpcLogAppender.java:resetClient(230)) - omNode-3@group-523986131536->omNode-1-GrpcLogAppender: Failed to getClient for omNode-1
org.apache.ratis.protocol.exceptions.AlreadyClosedException: omNode-3 is already CLOSED
	at org.apache.ratis.util.PeerProxyMap$PeerAndProxy.getProxy(PeerProxyMap.java:67)
	at org.apache.ratis.util.PeerProxyMap.getProxy(PeerProxyMap.java:124)
	at org.apache.ratis.grpc.server.GrpcLogAppender.getClient(GrpcLogAppender.java:200)
	at org.apache.ratis.grpc.server.GrpcLogAppender.resetClient(GrpcLogAppender.java:205)
	at org.apache.ratis.grpc.server.GrpcLogAppender.access$800(GrpcLogAppender.java:64)
	at org.apache.ratis.grpc.server.GrpcLogAppender$AppendLogResponseHandler.onCompleted(GrpcLogAppender.java:551)
	at org.apache.ratis.thirdparty.io.grpc.stub.ClientCalls$StreamObserverToCallListenerAdapter.onClose(ClientCalls.java:479)
	at org.apache.ratis.thirdparty.io.grpc.internal.DelayedClientCall$DelayedListener$3.run(DelayedClientCall.java:489)
	at org.apache.ratis.thirdparty.io.grpc.internal.DelayedClientCall$DelayedListener.delayOrExecute(DelayedClientCall.java:453)
	at org.apache.ratis.thirdparty.io.grpc.internal.DelayedClientCall$DelayedListener.onClose(DelayedClientCall.java:486)
	at org.apache.ratis.thirdparty.io.grpc.internal.ClientCallImpl.closeObserver(ClientCallImpl.java:567)
	at org.apache.ratis.thirdparty.io.grpc.internal.ClientCallImpl.access$300(ClientCallImpl.java:71)
	at org.apache.ratis.thirdparty.io.grpc.internal.ClientCallImpl$ClientStreamListenerImpl$1StreamClosed.runInternal(ClientCallImpl.java:735)
	at org.apache.ratis.thirdparty.io.grpc.internal.ClientCallImpl$ClientStreamListenerImpl$1StreamClosed.runInContext(ClientCallImpl.java:716)
	at org.apache.ratis.thirdparty.io.grpc.internal.ContextRunnable.run(ContextRunnable.java:37)
	at org.apache.ratis.thirdparty.io.grpc.internal.SerializingExecutor.run(SerializingExecutor.java:133)
	at java.base/java.util.concurrent.ThreadPoolExecutor.runWorker(ThreadPoolExecutor.java:1144)
	at java.base/java.util.concurrent.ThreadPoolExecutor$Worker.run(ThreadPoolExecutor.java:642)
	at java.base/java.lang.Thread.run(Thread.java:1583)
2025-04-23 04:27:44,056 [grpc-default-executor-2] INFO  server.GrpcLogAppender (GrpcLogAppender.java:onCompleted(550)) - omNode-3@group-523986131536->omNode-2-AppendLogResponseHandler: follower responses appendEntries COMPLETED
2025-04-23 04:27:44,056 [grpc-default-executor-3] INFO  server.GrpcServerProtocolService (GrpcServerProtocolService.java:onCompleted(157)) - omNode-2: Completed APPEND_ENTRIES, lastRequest: omNode-3->omNode-2#8-t6,previous=(t:6, i:71),leaderCommit=71,initializing? false,entries: size=1, first=(t:6, i:72), METADATAENTRY(c:71)
2025-04-23 04:27:44,056 [grpc-default-executor-3] INFO  server.GrpcServerProtocolService (GrpcServerProtocolService.java:lambda$onCompleted$5(159)) - omNode-2: Completed APPEND_ENTRIES, lastReply: null
2025-04-23 04:27:44,055 [grpc-default-executor-1] INFO  server.GrpcLogAppender (GrpcLogAppender.java:onCompleted(550)) - omNode-3@group-523986131536->omNode-1-AppendLogResponseHandler: follower responses appendEntries COMPLETED
2025-04-23 04:27:44,056 [grpc-default-executor-2] WARN  server.GrpcLogAppender (GrpcLogAppender.java:resetClient(230)) - omNode-3@group-523986131536->omNode-2-GrpcLogAppender: Failed to getClient for omNode-2
org.apache.ratis.protocol.exceptions.AlreadyClosedException: omNode-3 is already CLOSED
	at org.apache.ratis.util.PeerProxyMap$PeerAndProxy.getProxy(PeerProxyMap.java:67)
	at org.apache.ratis.util.PeerProxyMap.getProxy(PeerProxyMap.java:124)
	at org.apache.ratis.grpc.server.GrpcLogAppender.getClient(GrpcLogAppender.java:200)
	at org.apache.ratis.grpc.server.GrpcLogAppender.resetClient(GrpcLogAppender.java:205)
	at org.apache.ratis.grpc.server.GrpcLogAppender.access$800(GrpcLogAppender.java:64)
	at org.apache.ratis.grpc.server.GrpcLogAppender$AppendLogResponseHandler.onCompleted(GrpcLogAppender.java:551)
	at org.apache.ratis.thirdparty.io.grpc.stub.ClientCalls$StreamObserverToCallListenerAdapter.onClose(ClientCalls.java:479)
	at org.apache.ratis.thirdparty.io.grpc.internal.DelayedClientCall$DelayedListener$3.run(DelayedClientCall.java:489)
	at org.apache.ratis.thirdparty.io.grpc.internal.DelayedClientCall$DelayedListener.delayOrExecute(DelayedClientCall.java:453)
	at org.apache.ratis.thirdparty.io.grpc.internal.DelayedClientCall$DelayedListener.onClose(DelayedClientCall.java:486)
	at org.apache.ratis.thirdparty.io.grpc.internal.ClientCallImpl.closeObserver(ClientCallImpl.java:567)
	at org.apache.ratis.thirdparty.io.grpc.internal.ClientCallImpl.access$300(ClientCallImpl.java:71)
	at org.apache.ratis.thirdparty.io.grpc.internal.ClientCallImpl$ClientStreamListenerImpl$1StreamClosed.runInternal(ClientCallImpl.java:735)
	at org.apache.ratis.thirdparty.io.grpc.internal.ClientCallImpl$ClientStreamListenerImpl$1StreamClosed.runInContext(ClientCallImpl.java:716)
	at org.apache.ratis.thirdparty.io.grpc.internal.ContextRunnable.run(ContextRunnable.java:37)
	at org.apache.ratis.thirdparty.io.grpc.internal.SerializingExecutor.run(SerializingExecutor.java:133)
	at java.base/java.util.concurrent.ThreadPoolExecutor.runWorker(ThreadPoolExecutor.java:1144)
	at java.base/java.util.concurrent.ThreadPoolExecutor$Worker.run(ThreadPoolExecutor.java:642)
	at java.base/java.lang.Thread.run(Thread.java:1583)
2025-04-23 04:27:44,056 [grpc-default-executor-1] WARN  server.GrpcLogAppender (GrpcLogAppender.java:resetClient(230)) - omNode-3@group-523986131536->omNode-1-GrpcLogAppender: Failed to getClient for omNode-1
org.apache.ratis.protocol.exceptions.AlreadyClosedException: omNode-3 is already CLOSED
	at org.apache.ratis.util.PeerProxyMap$PeerAndProxy.getProxy(PeerProxyMap.java:67)
	at org.apache.ratis.util.PeerProxyMap.getProxy(PeerProxyMap.java:124)
	at org.apache.ratis.grpc.server.GrpcLogAppender.getClient(GrpcLogAppender.java:200)
	at org.apache.ratis.grpc.server.GrpcLogAppender.resetClient(GrpcLogAppender.java:205)
	at org.apache.ratis.grpc.server.GrpcLogAppender.access$800(GrpcLogAppender.java:64)
	at org.apache.ratis.grpc.server.GrpcLogAppender$AppendLogResponseHandler.onCompleted(GrpcLogAppender.java:551)
	at org.apache.ratis.thirdparty.io.grpc.stub.ClientCalls$StreamObserverToCallListenerAdapter.onClose(ClientCalls.java:479)
	at org.apache.ratis.thirdparty.io.grpc.internal.ClientCallImpl.closeObserver(ClientCallImpl.java:567)
	at org.apache.ratis.thirdparty.io.grpc.internal.ClientCallImpl.access$300(ClientCallImpl.java:71)
	at org.apache.ratis.thirdparty.io.grpc.internal.ClientCallImpl$ClientStreamListenerImpl$1StreamClosed.runInternal(ClientCallImpl.java:735)
	at org.apache.ratis.thirdparty.io.grpc.internal.ClientCallImpl$ClientStreamListenerImpl$1StreamClosed.runInContext(ClientCallImpl.java:716)
	at org.apache.ratis.thirdparty.io.grpc.internal.ContextRunnable.run(ContextRunnable.java:37)
	at org.apache.ratis.thirdparty.io.grpc.internal.SerializingExecutor.run(SerializingExecutor.java:133)
	at java.base/java.util.concurrent.ThreadPoolExecutor.runWorker(ThreadPoolExecutor.java:1144)
	at java.base/java.util.concurrent.ThreadPoolExecutor$Worker.run(ThreadPoolExecutor.java:642)
	at java.base/java.lang.Thread.run(Thread.java:1583)
2025-04-23 04:27:44,057 [grpc-default-executor-3] INFO  server.GrpcLogAppender (GrpcLogAppender.java:onCompleted(550)) - omNode-3@group-523986131536->omNode-2-AppendLogResponseHandler: follower responses appendEntries COMPLETED
2025-04-23 04:27:44,057 [main] INFO  server.GrpcService (GrpcService.java:closeImpl(352)) - omNode-3: shutdown server GrpcServerProtocolService successfully
2025-04-23 04:27:44,057 [grpc-default-executor-3] WARN  server.GrpcLogAppender (GrpcLogAppender.java:resetClient(230)) - omNode-3@group-523986131536->omNode-2-GrpcLogAppender: Failed to getClient for omNode-2
org.apache.ratis.protocol.exceptions.AlreadyClosedException: omNode-3 is already CLOSED
	at org.apache.ratis.util.PeerProxyMap$PeerAndProxy.getProxy(PeerProxyMap.java:67)
	at org.apache.ratis.util.PeerProxyMap.getProxy(PeerProxyMap.java:124)
	at org.apache.ratis.grpc.server.GrpcLogAppender.getClient(GrpcLogAppender.java:200)
	at org.apache.ratis.grpc.server.GrpcLogAppender.resetClient(GrpcLogAppender.java:205)
	at org.apache.ratis.grpc.server.GrpcLogAppender.access$800(GrpcLogAppender.java:64)
	at org.apache.ratis.grpc.server.GrpcLogAppender$AppendLogResponseHandler.onCompleted(GrpcLogAppender.java:551)
	at org.apache.ratis.thirdparty.io.grpc.stub.ClientCalls$StreamObserverToCallListenerAdapter.onClose(ClientCalls.java:479)
	at org.apache.ratis.thirdparty.io.grpc.internal.ClientCallImpl.closeObserver(ClientCallImpl.java:567)
	at org.apache.ratis.thirdparty.io.grpc.internal.ClientCallImpl.access$300(ClientCallImpl.java:71)
	at org.apache.ratis.thirdparty.io.grpc.internal.ClientCallImpl$ClientStreamListenerImpl$1StreamClosed.runInternal(ClientCallImpl.java:735)
	at org.apache.ratis.thirdparty.io.grpc.internal.ClientCallImpl$ClientStreamListenerImpl$1StreamClosed.runInContext(ClientCallImpl.java:716)
	at org.apache.ratis.thirdparty.io.grpc.internal.ContextRunnable.run(ContextRunnable.java:37)
	at org.apache.ratis.thirdparty.io.grpc.internal.SerializingExecutor.run(SerializingExecutor.java:133)
	at java.base/java.util.concurrent.ThreadPoolExecutor.runWorker(ThreadPoolExecutor.java:1144)
	at java.base/java.util.concurrent.ThreadPoolExecutor$Worker.run(ThreadPoolExecutor.java:642)
	at java.base/java.lang.Thread.run(Thread.java:1583)
2025-04-23 04:27:44,066 [omNode-3@group-523986131536-StateMachineUpdater] INFO  ratis.OzoneManagerStateMachine (OzoneManagerStateMachine.java:takeSnapshotImpl(510)) - omNode-3: taking snapshot. applied = (t:6, i:72), skipped = 71, notified = (t:6, i:72), current snapshot index = (t:6, i:72), took 13 ms
2025-04-23 04:27:44,066 [omNode-3@group-523986131536-StateMachineUpdater] INFO  impl.StateMachineUpdater (StateMachineUpdater.java:takeSnapshot(303)) - omNode-3@group-523986131536-StateMachineUpdater: Took a snapshot at index 72
2025-04-23 04:27:44,066 [omNode-3@group-523986131536-StateMachineUpdater] INFO  impl.StateMachineUpdater (StateMachineUpdater.java:lambda$new$0(102)) - omNode-3@group-523986131536-StateMachineUpdater: snapshotIndex: updateIncreasingly 68 -> 72
2025-04-23 04:27:44,066 [omNode-3@group-523986131536-StateMachineUpdater] INFO  impl.StateMachineUpdater (StateMachineUpdater.java:stop(141)) - omNode-3@group-523986131536-StateMachineUpdater: closing OzoneManagerStateMachine, lastApplied=(t:6, i:72)
2025-04-23 04:27:44,066 [omNode-3@group-523986131536-StateMachineUpdater] INFO  ratis.OzoneManagerStateMachine (OzoneManagerStateMachine.java:close(550)) - Stopping OzoneManagerStateMachine:omNode-3:group-523986131536.
2025-04-23 04:27:44,066 [omNode-3@group-523986131536-StateMachineUpdater] INFO  ratis.OzoneManagerDoubleBuffer (OzoneManagerDoubleBuffer.java:stopDaemon(500)) - Stopping OMDoubleBuffer flush thread
2025-04-23 04:27:44,066 [omNode-3-OMDoubleBufferFlushThread] INFO  ratis.OzoneManagerDoubleBuffer (OzoneManagerDoubleBuffer.java:canFlush(559)) - OMDoubleBuffer flush thread omNode-3-OMDoubleBufferFlushThread is interrupted and will exit.
2025-04-23 04:27:44,066 [omNode-3@group-523986131536-cacheEviction-AwaitToRun] INFO  util.AwaitToRun (AwaitToRun.java:run(49)) - omNode-3@group-523986131536-cacheEviction-AwaitToRun-AwaitForSignal is interrupted
2025-04-23 04:27:45,030 [omNode-3-impl-thread1] INFO  segmented.SegmentedRaftLogWorker (SegmentedRaftLogWorker.java:close(252)) - omNode-3@group-523986131536-SegmentedRaftLogWorker close()
2025-04-23 04:27:45,031 [JvmPauseMonitor17] INFO  util.JvmPauseMonitor (JvmPauseMonitor.java:run(152)) - JvmPauseMonitor-omNode-3: Stopped
2025-04-23 04:27:45,031 [main] INFO  utils.BackgroundService (BackgroundService.java:shutdown(161)) - Shutting down service KeyDeletingService
2025-04-23 04:27:45,031 [main] INFO  utils.BackgroundService (BackgroundService.java:shutdown(161)) - Shutting down service DirectoryDeletingService
2025-04-23 04:27:45,032 [main] INFO  utils.BackgroundService (BackgroundService.java:shutdown(161)) - Shutting down service OpenKeyCleanupService
2025-04-23 04:27:45,033 [main] INFO  utils.BackgroundService (BackgroundService.java:shutdown(161)) - Shutting down service SstFilteringService
2025-04-23 04:27:45,033 [main] INFO  utils.BackgroundService (BackgroundService.java:shutdown(161)) - Shutting down service SnapshotDeletingService
2025-04-23 04:27:45,033 [main] INFO  utils.BackgroundService (BackgroundService.java:shutdown(161)) - Shutting down service MultipartUploadCleanupService
2025-04-23 04:27:45,034 [main] INFO  handler.ContextHandler (ContextHandler.java:doStop(1159)) - Stopped o.e.j.w.WebAppContext@108d9764{ozoneManager,/,null,STOPPED}{file:/home/runner/work/ozone/ozone/hadoop-ozone/integration-test/target/test-classes/webapps/ozoneManager}
2025-04-23 04:27:45,035 [main] INFO  server.AbstractConnector (AbstractConnector.java:doStop(383)) - Stopped ServerConnector@25d59f1c{HTTP/1.1, (http/1.1)}{0.0.0.0:15015}
2025-04-23 04:27:45,035 [main] INFO  server.session (HouseKeeper.java:stopScavenging(149)) - node0 Stopped scavenging
2025-04-23 04:27:45,035 [main] INFO  handler.ContextHandler (ContextHandler.java:doStop(1159)) - Stopped o.e.j.s.ServletContextHandler@2e674143{static,/static,file:///home/runner/work/ozone/ozone/hadoop-ozone/integration-test/target/test-classes/webapps/static,STOPPED}
2025-04-23 04:27:45,035 [main] INFO  handler.ContextHandler (ContextHandler.java:doStop(1159)) - Stopped o.e.j.s.ServletContextHandler@14e8165c{logs,/logs,file:///home/runner/work/ozone/ozone/hadoop-ozone/integration-test/target/log,STOPPED}
2025-04-23 04:27:45,035 [main] INFO  rocksdiff.RocksDBCheckpointDiffer (RocksDBCheckpointDiffer.java:close(304)) - Shutting down CompactionDagPruningService.
2025-04-23 04:27:45,037 [main] INFO  snapshot.SnapshotDiffManager (SnapshotDiffManager.java:closeExecutorService(1698)) - Shutting down executorService: 'SnapDiffExecutor'
2025-04-23 04:27:45,038 [main] INFO  utils.BackgroundService (BackgroundService.java:shutdown(161)) - Shutting down service SnapshotDiffCleanupService
2025-04-23 04:27:45,886 [omNode-2@group-523986131536-FollowerState] INFO  impl.FollowerState (FollowerState.java:runImpl(161)) - omNode-2@group-523986131536-FollowerState: change to CANDIDATE, lastRpcElapsedTime:1855448701ns, electionTimeout:1025ms
2025-04-23 04:27:45,886 [omNode-2@group-523986131536-FollowerState] INFO  impl.RoleInfo (RoleInfo.java:shutdownFollowerState(121)) - omNode-2: shutdown omNode-2@group-523986131536-FollowerState
2025-04-23 04:27:45,886 [omNode-2@group-523986131536-FollowerState] INFO  server.RaftServer$Division (RaftServerImpl.java:setRole(378)) - omNode-2@group-523986131536: changes role from  FOLLOWER to CANDIDATE at term 6 for changeToCandidate
2025-04-23 04:27:45,886 [omNode-2@group-523986131536-FollowerState] INFO  server.RaftServerConfigKeys (ConfUtils.java:logGet(46)) - raft.server.leaderelection.pre-vote = true (default)
2025-04-23 04:27:45,886 [omNode-2@group-523986131536-FollowerState] INFO  impl.RoleInfo (RoleInfo.java:updateAndGet(148)) - omNode-2: start omNode-2@group-523986131536-LeaderElection14
2025-04-23 04:27:45,886 [omNode-2@group-523986131536-LeaderElection14] INFO  server.RaftServer$Division (ServerState.java:setLeader(272)) - omNode-2@group-523986131536: change Leader from omNode-3 to null at term 6 for PRE_VOTE
2025-04-23 04:27:45,886 [omNode-2@group-523986131536-LeaderElection14] INFO  impl.LeaderElection (LeaderElection.java:askForVotes(332)) - omNode-2@group-523986131536-LeaderElection14 PRE_VOTE round 0: submit vote requests at term 6 for conf: {index: 69, cur=peers:[omNode-3|localhost:15017, omNode-1|localhost:15009, omNode-2|localhost:15013]|listeners:[], old=null}
2025-04-23 04:27:45,887 [omNode-2@group-523986131536-LeaderElection14-1] INFO  server.GrpcServerProtocolClient (GrpcServerProtocolClient.java:<init>(65)) - Build channel for omNode-3|localhost:15017
2025-04-23 04:27:45,887 [omNode-2@group-523986131536-LeaderElection14-2] INFO  server.GrpcServerProtocolClient (GrpcServerProtocolClient.java:<init>(65)) - Build channel for omNode-1|localhost:15009
2025-04-23 04:27:45,890 [omNode-2@group-523986131536-LeaderElection14] INFO  impl.LeaderElection (LogUtils.java:infoOrTrace(136)) - omNode-2@group-523986131536-LeaderElection14 got exception when requesting votes: java.util.concurrent.ExecutionException: org.apache.ratis.thirdparty.io.grpc.StatusRuntimeException: UNAVAILABLE: io exception
2025-04-23 04:27:45,891 [grpc-default-executor-3] INFO  server.RaftServer$Division (RaftServerImpl.java:requestVote(1407)) - omNode-1@group-523986131536: receive requestVote(PRE_VOTE, omNode-2, group-523986131536, 6, (t:6, i:72))
2025-04-23 04:27:45,891 [grpc-default-executor-3] INFO  impl.VoteContext (VoteContext.java:log(49)) - omNode-1@group-523986131536-FOLLOWER: accept PRE_VOTE from omNode-2: our priority 0 <= candidate's priority 0
2025-04-23 04:27:45,891 [grpc-default-executor-3] INFO  server.RaftServer$Division (RaftServerImpl.java:requestVote(1441)) - omNode-1@group-523986131536 replies to PRE_VOTE vote request: omNode-2<-omNode-1#0:OK-t6. Peer's state: omNode-1@group-523986131536:t6, leader=omNode-3, voted=omNode-3, raftlog=Memoized:omNode-1@group-523986131536-SegmentedRaftLog:OPENED:c71:last(t:6, i:72), conf=conf: {index: 69, cur=peers:[omNode-3|localhost:15017, omNode-1|localhost:15009, omNode-2|localhost:15013]|listeners:[], old=null}
2025-04-23 04:27:45,891 [omNode-2@group-523986131536-LeaderElection14] INFO  impl.LeaderElection (LeaderElection.java:logAndReturn(90)) - omNode-2@group-523986131536-LeaderElection14: PRE_VOTE PASSED received 1 response(s) and 1 exception(s):
2025-04-23 04:27:45,891 [omNode-2@group-523986131536-LeaderElection14] INFO  impl.LeaderElection (LeaderElection.java:logAndReturn(94)) -   Response 0: omNode-2<-omNode-1#0:OK-t6
2025-04-23 04:27:45,892 [omNode-2@group-523986131536-LeaderElection14] INFO  impl.LeaderElection (LogUtils.java:infoOrTrace(136)) -   Exception 1: java.util.concurrent.ExecutionException: org.apache.ratis.thirdparty.io.grpc.StatusRuntimeException: UNAVAILABLE: io exception
2025-04-23 04:27:45,892 [omNode-2@group-523986131536-LeaderElection14] INFO  impl.LeaderElection (LeaderElection.java:askForVotes(334)) - omNode-2@group-523986131536-LeaderElection14 PRE_VOTE round 0: result PASSED
2025-04-23 04:27:45,893 [omNode-2@group-523986131536-LeaderElection14] INFO  impl.LeaderElection (LeaderElection.java:askForVotes(332)) - omNode-2@group-523986131536-LeaderElection14 ELECTION round 0: submit vote requests at term 7 for conf: {index: 69, cur=peers:[omNode-3|localhost:15017, omNode-1|localhost:15009, omNode-2|localhost:15013]|listeners:[], old=null}
2025-04-23 04:27:45,893 [omNode-2@group-523986131536-LeaderElection14] INFO  impl.LeaderElection (LogUtils.java:infoOrTrace(136)) - omNode-2@group-523986131536-LeaderElection14 got exception when requesting votes: java.util.concurrent.ExecutionException: org.apache.ratis.thirdparty.io.grpc.StatusRuntimeException: UNAVAILABLE: io exception
2025-04-23 04:27:45,894 [grpc-default-executor-3] INFO  server.RaftServer$Division (RaftServerImpl.java:requestVote(1407)) - omNode-1@group-523986131536: receive requestVote(ELECTION, omNode-2, group-523986131536, 7, (t:6, i:72))
2025-04-23 04:27:45,894 [grpc-default-executor-3] INFO  impl.VoteContext (VoteContext.java:log(49)) - omNode-1@group-523986131536-FOLLOWER: accept ELECTION from omNode-2: our priority 0 <= candidate's priority 0
2025-04-23 04:27:45,894 [grpc-default-executor-3] INFO  server.RaftServer$Division (RaftServerImpl.java:setRole(378)) - omNode-1@group-523986131536: changes role from  FOLLOWER to FOLLOWER at term 6 for candidate:omNode-2
2025-04-23 04:27:45,894 [grpc-default-executor-3] INFO  impl.RoleInfo (RoleInfo.java:shutdownFollowerState(121)) - omNode-1: shutdown omNode-1@group-523986131536-FollowerState
2025-04-23 04:27:45,894 [grpc-default-executor-3] INFO  server.RaftServer$Division (ServerState.java:setLeader(272)) - omNode-1@group-523986131536: change Leader from omNode-3 to null at term 7 for updateCurrentTerm
2025-04-23 04:27:45,894 [grpc-default-executor-3] INFO  impl.RoleInfo (RoleInfo.java:updateAndGet(148)) - omNode-1: start omNode-1@group-523986131536-FollowerState
2025-04-23 04:27:45,894 [omNode-1@group-523986131536-FollowerState] INFO  impl.FollowerState (FollowerState.java:runImpl(170)) - omNode-1@group-523986131536-FollowerState was interrupted
2025-04-23 04:27:45,895 [grpc-default-executor-3] INFO  server.RaftServer$Division (RaftServerImpl.java:requestVote(1441)) - omNode-1@group-523986131536 replies to ELECTION vote request: omNode-2<-omNode-1#0:OK-t7. Peer's state: omNode-1@group-523986131536:t7, leader=null, voted=omNode-2, raftlog=Memoized:omNode-1@group-523986131536-SegmentedRaftLog:OPENED:c71:last(t:6, i:72), conf=conf: {index: 69, cur=peers:[omNode-3|localhost:15017, omNode-1|localhost:15009, omNode-2|localhost:15013]|listeners:[], old=null}
2025-04-23 04:27:45,896 [omNode-2@group-523986131536-LeaderElection14] INFO  impl.LeaderElection (LeaderElection.java:logAndReturn(90)) - omNode-2@group-523986131536-LeaderElection14: ELECTION PASSED received 1 response(s) and 1 exception(s):
2025-04-23 04:27:45,896 [omNode-2@group-523986131536-LeaderElection14] INFO  impl.LeaderElection (LeaderElection.java:logAndReturn(94)) -   Response 0: omNode-2<-omNode-1#0:OK-t7
2025-04-23 04:27:45,896 [omNode-2@group-523986131536-LeaderElection14] INFO  impl.LeaderElection (LogUtils.java:infoOrTrace(136)) -   Exception 1: java.util.concurrent.ExecutionException: org.apache.ratis.thirdparty.io.grpc.StatusRuntimeException: UNAVAILABLE: io exception
2025-04-23 04:27:45,896 [omNode-2@group-523986131536-LeaderElection14] INFO  impl.LeaderElection (LeaderElection.java:askForVotes(334)) - omNode-2@group-523986131536-LeaderElection14 ELECTION round 0: result PASSED
2025-04-23 04:27:45,896 [omNode-2@group-523986131536-LeaderElection14] INFO  impl.RoleInfo (RoleInfo.java:shutdownLeaderElection(141)) - omNode-2: shutdown omNode-2@group-523986131536-LeaderElection14
2025-04-23 04:27:45,896 [omNode-2@group-523986131536-LeaderElection14] INFO  server.RaftServer$Division (RaftServerImpl.java:setRole(378)) - omNode-2@group-523986131536: changes role from CANDIDATE to LEADER at term 7 for changeToLeader
2025-04-23 04:27:45,896 [omNode-2@group-523986131536-LeaderElection14] INFO  server.RaftServerConfigKeys (ConfUtils.java:logGet(46)) - raft.server.staging.catchup.gap = 1000 (default)
2025-04-23 04:27:45,896 [omNode-2@group-523986131536-LeaderElection14] INFO  server.RaftServerConfigKeys (ConfUtils.java:logGet(46)) - raft.server.write.element-limit = 4096 (default)
2025-04-23 04:27:45,896 [omNode-2@group-523986131536-LeaderElection14] INFO  server.RaftServerConfigKeys (ConfUtils.java:logGet(46)) - raft.server.write.byte-limit = 64MB (=67108864) (default)
2025-04-23 04:27:45,897 [omNode-2@group-523986131536-LeaderElection14] INFO  server.RaftServerConfigKeys (ConfUtils.java:logGet(46)) - raft.server.watch.timeout = 10s (default)
2025-04-23 04:27:45,897 [omNode-2@group-523986131536-LeaderElection14] INFO  server.RaftServerConfigKeys (ConfUtils.java:logGet(46)) - raft.server.watch.timeout.denomination = 1s (default)
2025-04-23 04:27:45,897 [omNode-2@group-523986131536-LeaderElection14] INFO  server.RaftServerConfigKeys (ConfUtils.java:logGet(46)) - raft.server.watch.element-limit = 65536 (default)
2025-04-23 04:27:45,897 [omNode-2@group-523986131536-LeaderElection14] INFO  server.RaftServerConfigKeys (ConfUtils.java:logGet(46)) - raft.server.read.leader.lease.enabled = false (default)
2025-04-23 04:27:45,897 [omNode-2@group-523986131536-LeaderElection14] INFO  server.RaftServerConfigKeys (ConfUtils.java:logGet(46)) - raft.server.read.leader.lease.timeout.ratio = 0.9 (default)
2025-04-23 04:27:45,897 [omNode-2@group-523986131536-LeaderElection14] INFO  server.RaftServerConfigKeys (ConfUtils.java:logGet(46)) - raft.server.rpc.timeout.min = 1s (custom)
2025-04-23 04:27:45,898 [omNode-2@group-523986131536-LeaderElection14] INFO  server.RaftServerConfigKeys (ConfUtils.java:logGet(46)) - raft.server.log.log-metadata.enabled = true (default)
2025-04-23 04:27:45,898 [omNode-2@group-523986131536-LeaderElection14] INFO  server.RaftServerConfigKeys (ConfUtils.java:logGet(46)) - raft.server.write.element-limit = 4096 (default)
2025-04-23 04:27:45,898 [omNode-2@group-523986131536-LeaderElection14] INFO  server.RaftServerConfigKeys (ConfUtils.java:logGet(46)) - raft.server.write.follower.gap.ratio.max = -1.0 (default)
2025-04-23 04:27:45,898 [omNode-2@group-523986131536-LeaderElection14] INFO  server.RaftServerConfigKeys (ConfUtils.java:logGet(46)) - raft.server.log.appender.snapshot.chunk.size.max = 16MB (=16777216) (default)
2025-04-23 04:27:45,898 [omNode-2@group-523986131536-LeaderElection14] INFO  server.RaftServerConfigKeys (ConfUtils.java:logGet(46)) - raft.server.log.appender.buffer.byte-limit = 4194304 (custom)
2025-04-23 04:27:45,898 [omNode-2@group-523986131536-LeaderElection14] INFO  server.RaftServerConfigKeys (ConfUtils.java:logGet(46)) - raft.server.log.appender.buffer.element-limit = 1024 (custom)
2025-04-23 04:27:45,898 [omNode-2@group-523986131536-LeaderElection14] INFO  server.RaftServerConfigKeys (ConfUtils.java:logGet(46)) - raft.server.log.appender.wait-time.min = 0ms (custom)
2025-04-23 04:27:45,898 [omNode-2@group-523986131536-LeaderElection14] INFO  grpc.GrpcConfigKeys (ConfUtils.java:logGet(46)) - raft.grpc.server.leader.outstanding.appends.max = 8 (default)
2025-04-23 04:27:45,898 [omNode-2@group-523986131536-LeaderElection14] INFO  server.RaftServerConfigKeys (ConfUtils.java:logGet(46)) - raft.server.rpc.request.timeout = 3000ms (default)
2025-04-23 04:27:45,898 [omNode-2@group-523986131536-LeaderElection14] INFO  grpc.GrpcConfigKeys (ConfUtils.java:logGet(46)) - raft.grpc.server.install_snapshot.request.element-limit = 8 (default)
2025-04-23 04:27:45,899 [omNode-2@group-523986131536-LeaderElection14] INFO  grpc.GrpcConfigKeys (ConfUtils.java:logGet(46)) - raft.grpc.server.install_snapshot.request.timeout = 3000ms (default)
2025-04-23 04:27:45,899 [omNode-2@group-523986131536-LeaderElection14] INFO  grpc.GrpcConfigKeys (ConfUtils.java:logGet(46)) - raft.grpc.server.log-message.batch.duration = 5s (default)
2025-04-23 04:27:45,899 [omNode-2@group-523986131536-LeaderElection14] INFO  server.RaftServerConfigKeys (ConfUtils.java:logGet(46)) - raft.server.log.appender.install.snapshot.enabled = false (custom)
2025-04-23 04:27:45,899 [omNode-2@group-523986131536-LeaderElection14] INFO  grpc.GrpcConfigKeys (ConfUtils.java:logGet(46)) - raft.grpc.server.heartbeat.channel = true (default)
2025-04-23 04:27:45,900 [omNode-2@group-523986131536-LeaderElection14] INFO  server.RaftServerConfigKeys (ConfUtils.java:logGet(46)) - raft.server.log.appender.snapshot.chunk.size.max = 16MB (=16777216) (default)
2025-04-23 04:27:45,900 [omNode-2@group-523986131536-LeaderElection14] INFO  server.RaftServerConfigKeys (ConfUtils.java:logGet(46)) - raft.server.log.appender.buffer.byte-limit = 4194304 (custom)
2025-04-23 04:27:45,900 [omNode-2@group-523986131536-LeaderElection14] INFO  server.RaftServerConfigKeys (ConfUtils.java:logGet(46)) - raft.server.log.appender.buffer.element-limit = 1024 (custom)
2025-04-23 04:27:45,900 [omNode-2@group-523986131536-LeaderElection14] INFO  server.RaftServerConfigKeys (ConfUtils.java:logGet(46)) - raft.server.log.appender.wait-time.min = 0ms (custom)
2025-04-23 04:27:45,900 [omNode-2@group-523986131536-LeaderElection14] INFO  grpc.GrpcConfigKeys (ConfUtils.java:logGet(46)) - raft.grpc.server.leader.outstanding.appends.max = 8 (default)
2025-04-23 04:27:45,900 [omNode-2@group-523986131536-LeaderElection14] INFO  server.RaftServerConfigKeys (ConfUtils.java:logGet(46)) - raft.server.rpc.request.timeout = 3000ms (default)
2025-04-23 04:27:45,900 [omNode-2@group-523986131536-LeaderElection14] INFO  grpc.GrpcConfigKeys (ConfUtils.java:logGet(46)) - raft.grpc.server.install_snapshot.request.element-limit = 8 (default)
2025-04-23 04:27:45,900 [omNode-2@group-523986131536-LeaderElection14] INFO  grpc.GrpcConfigKeys (ConfUtils.java:logGet(46)) - raft.grpc.server.install_snapshot.request.timeout = 3000ms (default)
2025-04-23 04:27:45,900 [omNode-2@group-523986131536-LeaderElection14] INFO  grpc.GrpcConfigKeys (ConfUtils.java:logGet(46)) - raft.grpc.server.log-message.batch.duration = 5s (default)
2025-04-23 04:27:45,900 [omNode-2@group-523986131536-LeaderElection14] INFO  server.RaftServerConfigKeys (ConfUtils.java:logGet(46)) - raft.server.log.appender.install.snapshot.enabled = false (custom)
2025-04-23 04:27:45,900 [omNode-2@group-523986131536-LeaderElection14] INFO  grpc.GrpcConfigKeys (ConfUtils.java:logGet(46)) - raft.grpc.server.heartbeat.channel = true (default)
2025-04-23 04:27:45,900 [omNode-2@group-523986131536-LeaderElection14] INFO  impl.RoleInfo (RoleInfo.java:updateAndGet(148)) - omNode-2: start omNode-2@group-523986131536-LeaderStateImpl
2025-04-23 04:27:45,901 [omNode-2@group-523986131536-LeaderElection14] INFO  ratis.OzoneManagerStateMachine (OzoneManagerStateMachine.java:notifyLeaderChanged(169)) - omNode-2@group-523986131536: leader changed to omNode-2
2025-04-23 04:27:45,901 [omNode-2@group-523986131536-LeaderElection14] INFO  server.RaftServer$Division (ServerState.java:setLeader(272)) - omNode-2@group-523986131536: change Leader from null to omNode-2 at term 7 for becomeLeader, leader elected after 13ms
2025-04-23 04:27:45,901 [omNode-2@group-523986131536-LeaderElection14] INFO  segmented.SegmentedRaftLogWorker (SegmentedRaftLogWorker.java:rollLogSegment(443)) - omNode-2@group-523986131536-SegmentedRaftLogWorker: Rolling segment log-69_72 to index:72
2025-04-23 04:27:45,901 [omNode-2@group-523986131536-LeaderElection14] INFO  server.RaftServer$Division (ServerState.java:setRaftConf(386)) - omNode-2@group-523986131536: set configuration conf: {index: 73, cur=peers:[omNode-3|localhost:15017, omNode-1|localhost:15009, omNode-2|localhost:15013]|listeners:[], old=null}
2025-04-23 04:27:45,902 [omNode-2@group-523986131536-SegmentedRaftLogWorker] INFO  segmented.SegmentedRaftLogWorker (SegmentedRaftLogWorker.java:execute(601)) - omNode-2@group-523986131536-SegmentedRaftLogWorker: Rolled log segment from /home/runner/work/ozone/ozone/hadoop-ozone/integration-test/target/test-dir/MiniOzoneClusterImpl-ff59c164-3798-4a7f-a16d-eeed9ffb3244/omNode-2/ratis/c9bc4cf4-3bc3-3c60-a66b-523986131536/current/log_inprogress_69 to /home/runner/work/ozone/ozone/hadoop-ozone/integration-test/target/test-dir/MiniOzoneClusterImpl-ff59c164-3798-4a7f-a16d-eeed9ffb3244/omNode-2/ratis/c9bc4cf4-3bc3-3c60-a66b-523986131536/current/log_69-72
2025-04-23 04:27:45,902 [omNode-2@group-523986131536-SegmentedRaftLogWorker] INFO  segmented.BufferedWriteChannel (BufferedWriteChannel.java:open(61)) - open log_inprogress_73 at position 0
2025-04-23 04:27:45,903 [grpc-default-executor-3] WARN  server.GrpcLogAppender (LogUtils.java:warn(121)) - omNode-2@group-523986131536->omNode-3-AppendLogResponseHandler: Failed appendEntries: org.apache.ratis.thirdparty.io.grpc.StatusRuntimeException: UNAVAILABLE: io exception
2025-04-23 04:27:45,903 [grpc-default-executor-3] WARN  server.GrpcLogAppender (GrpcLogAppender.java:lambda$resetClient$1(221)) - omNode-2@group-523986131536->omNode-3-GrpcLogAppender: Follower failed (request=null, errorCount=1); keep nextIndex (73) unchanged and retry.
2025-04-23 04:27:45,907 [grpc-default-executor-5] WARN  server.GrpcLogAppender (GrpcLogAppender.java:lambda$resetClient$1(221)) - omNode-2@group-523986131536->omNode-3-GrpcLogAppender: Follower failed (request=null, errorCount=2); keep nextIndex (74) unchanged and retry.
2025-04-23 04:27:45,908 [omNode-1-server-thread3] INFO  ratis.OzoneManagerStateMachine (OzoneManagerStateMachine.java:notifyLeaderChanged(169)) - omNode-1@group-523986131536: leader changed to omNode-2
2025-04-23 04:27:45,908 [omNode-1-server-thread3] INFO  server.RaftServer$Division (ServerState.java:setLeader(272)) - omNode-1@group-523986131536: change Leader from null to omNode-2 at term 7 for appendEntries, leader elected after 13ms
2025-04-23 04:27:45,909 [omNode-1-server-thread1] INFO  server.RaftServer$Division (ServerState.java:setRaftConf(386)) - omNode-1@group-523986131536: set configuration conf: {index: 73, cur=peers:[omNode-3|localhost:15017, omNode-1|localhost:15009, omNode-2|localhost:15013]|listeners:[], old=null}
2025-04-23 04:27:45,909 [omNode-1-server-thread1] INFO  segmented.SegmentedRaftLogWorker (SegmentedRaftLogWorker.java:rollLogSegment(443)) - omNode-1@group-523986131536-SegmentedRaftLogWorker: Rolling segment log-69_72 to index:72
2025-04-23 04:27:45,911 [omNode-1@group-523986131536-SegmentedRaftLogWorker] INFO  segmented.SegmentedRaftLogWorker (SegmentedRaftLogWorker.java:execute(601)) - omNode-1@group-523986131536-SegmentedRaftLogWorker: Rolled log segment from /home/runner/work/ozone/ozone/hadoop-ozone/integration-test/target/test-dir/MiniOzoneClusterImpl-ff59c164-3798-4a7f-a16d-eeed9ffb3244/omNode-1/ratis/c9bc4cf4-3bc3-3c60-a66b-523986131536/current/log_inprogress_69 to /home/runner/work/ozone/ozone/hadoop-ozone/integration-test/target/test-dir/MiniOzoneClusterImpl-ff59c164-3798-4a7f-a16d-eeed9ffb3244/omNode-1/ratis/c9bc4cf4-3bc3-3c60-a66b-523986131536/current/log_69-72
2025-04-23 04:27:45,911 [omNode-1@group-523986131536-SegmentedRaftLogWorker] INFO  segmented.BufferedWriteChannel (BufferedWriteChannel.java:open(61)) - open log_inprogress_73 at position 0
2025-04-23 04:27:45,914 [omNode-2@group-523986131536-SegmentedRaftLogWorker] INFO  segmented.SegmentedRaftLogWorker (SegmentedRaftLogWorker.java:execute(644)) - omNode-2@group-523986131536-SegmentedRaftLogWorker: created new log segment /home/runner/work/ozone/ozone/hadoop-ozone/integration-test/target/test-dir/MiniOzoneClusterImpl-ff59c164-3798-4a7f-a16d-eeed9ffb3244/omNode-2/ratis/c9bc4cf4-3bc3-3c60-a66b-523986131536/current/log_inprogress_73
2025-04-23 04:27:45,920 [omNode-1@group-523986131536-SegmentedRaftLogWorker] INFO  segmented.SegmentedRaftLogWorker (SegmentedRaftLogWorker.java:execute(644)) - omNode-1@group-523986131536-SegmentedRaftLogWorker: created new log segment /home/runner/work/ozone/ozone/hadoop-ozone/integration-test/target/test-dir/MiniOzoneClusterImpl-ff59c164-3798-4a7f-a16d-eeed9ffb3244/omNode-1/ratis/c9bc4cf4-3bc3-3c60-a66b-523986131536/current/log_inprogress_73
2025-04-23 04:27:45,922 [grpc-default-executor-0] WARN  server.GrpcLogAppender (GrpcLogAppender.java:lambda$resetClient$1(221)) - omNode-2@group-523986131536->omNode-3-GrpcLogAppender: Follower failed (request=null, errorCount=5); keep nextIndex (75) unchanged and retry.
2025-04-23 04:27:45,922 [omNode-2@group-523986131536-StateMachineUpdater] INFO  ratis.OzoneManagerStateMachine (OzoneManagerStateMachine.java:notifyConfigurationChanged(231)) - notifyConfigurationChanged from Ratis: term=7, index=73, New Peer list: omNode-3(localhost:15017), omNode-1(localhost:15009), omNode-2(localhost:15013)
2025-04-23 04:27:45,922 [omNode-2@group-523986131536-StateMachineUpdater] INFO  server.RaftServer$Division (LeaderStateImpl.java:checkStartIndex(313)) - Leader omNode-2@group-523986131536-LeaderStateImpl is ready since appliedIndex == startIndex == 73
2025-04-23 04:27:45,924 [omNode-1@group-523986131536-StateMachineUpdater] INFO  ratis.OzoneManagerStateMachine (OzoneManagerStateMachine.java:notifyConfigurationChanged(231)) - notifyConfigurationChanged from Ratis: term=7, index=73, New Peer list: omNode-3(localhost:15017), omNode-1(localhost:15009), omNode-2(localhost:15013)
2025-04-23 04:27:50,166 [baf21fd8-fe83-4245-9dfa-94651746f6f6-BlockDeletingService#0] INFO  interfaces.ContainerDeletionChoosingPolicyTemplate (ContainerDeletionChoosingPolicyTemplate.java:chooseContainerForBlockDeletion(83)) - Chosen 0/5000 blocks from 0 candidate containers.
2025-04-23 04:27:50,357 [4c9bf6b8-dff1-4348-8d13-20f037915169-BlockDeletingService#0] INFO  interfaces.ContainerDeletionChoosingPolicyTemplate (ContainerDeletionChoosingPolicyTemplate.java:chooseContainerForBlockDeletion(83)) - Chosen 0/5000 blocks from 0 candidate containers.
2025-04-23 04:27:50,565 [10d18a7b-3cc1-41d1-8b83-572ee97c87aa-BlockDeletingService#1] INFO  interfaces.ContainerDeletionChoosingPolicyTemplate (ContainerDeletionChoosingPolicyTemplate.java:chooseContainerForBlockDeletion(83)) - Chosen 0/5000 blocks from 0 candidate containers.
2025-04-23 04:27:50,904 [timer4] WARN  server.GrpcLogAppender (LogUtils.java:warn(121)) - omNode-2@group-523986131536->omNode-3-AppendLogResponseHandler: Failed appendEntries (Repeated 18 times in the last 5.001s): org.apache.ratis.thirdparty.io.grpc.StatusRuntimeException: UNAVAILABLE: io exception
2025-04-23 04:27:50,907 [timer1] WARN  server.GrpcLogAppender (GrpcLogAppender.java:lambda$resetClient$1(221)) - omNode-2@group-523986131536->omNode-3-GrpcLogAppender: Follower failed (request=null, errorCount=4); keep nextIndex (74) unchanged and retry. (Repeated 3 times in the last 5.001s)
2025-04-23 04:27:50,922 [timer4] WARN  server.GrpcLogAppender (GrpcLogAppender.java:lambda$resetClient$1(221)) - omNode-2@group-523986131536->omNode-3-GrpcLogAppender: Follower failed (request=null, errorCount=18); keep nextIndex (75) unchanged and retry. (Repeated 14 times in the last 5.000s)
2025-04-23 04:27:51,946 [grpc-default-executor-1] WARN  server.GrpcLogAppender (LogUtils.java:warn(121)) - omNode-2@group-523986131536->omNode-3-AppendLogResponseHandler: Failed appendEntries: org.apache.ratis.thirdparty.io.grpc.StatusRuntimeException: UNAVAILABLE: io exception
2025-04-23 04:27:51,946 [grpc-default-executor-4] WARN  server.GrpcLogAppender (GrpcLogAppender.java:lambda$resetClient$1(221)) - omNode-2@group-523986131536->omNode-3-GrpcLogAppender: Follower failed (request=null, errorCount=19); keep nextIndex (75) unchanged and retry.
2025-04-23 04:27:53,039 [main] INFO  rpc.RpcClient (RpcClient.java:createVolume(462)) - Creating Volume: volume71561, with user42591 as owner and space quota set to -1 bytes, counts quota set to -1
2025-04-23 04:27:53,040 [main] INFO  retry.RetryInvocationHandler (RetryInvocationHandler.java:log(426)) - com.google.protobuf.ServiceException: java.io.EOFException: End of File Exception between local host is: "fv-az1441-587/10.1.0.164"; destination host is: "localhost":15014; : java.io.EOFException; For more details see:  http://wiki.apache.org/hadoop/EOFException, while invoking $Proxy68.submitRequest over nodeId=omNode-3,nodeAddress=127.0.0.1:15014. Trying to failover after sleeping for 2000ms. Current retry count: 0.
2025-04-23 04:27:55,042 [main] INFO  retry.RetryInvocationHandler (RetryInvocationHandler.java:log(426)) - com.google.protobuf.ServiceException: org.apache.hadoop.ipc.RemoteException(org.apache.hadoop.ozone.om.exceptions.OMNotLeaderException): OM:omNode-1 is not the leader. Suggested leader is OM:omNode-2[localhost/127.0.0.1].
	at org.apache.hadoop.ozone.om.ratis.OzoneManagerRatisServer.newOMNotLeaderException(OzoneManagerRatisServer.java:813)
	at org.apache.hadoop.ozone.om.OzoneManager.checkLeaderStatus(OzoneManager.java:4355)
	at org.apache.hadoop.ozone.om.ratis.utils.OzoneManagerRatisUtils.checkLeaderStatus(OzoneManagerRatisUtils.java:500)
	at org.apache.hadoop.ozone.protocolPB.OzoneManagerProtocolServerSideTranslatorPB.internalProcessRequest(OzoneManagerProtocolServerSideTranslatorPB.java:165)
	at org.apache.hadoop.ozone.protocolPB.OzoneManagerProtocolServerSideTranslatorPB.processRequest(OzoneManagerProtocolServerSideTranslatorPB.java:125)
	at org.apache.hadoop.hdds.server.OzoneProtocolMessageDispatcher.processRequest(OzoneProtocolMessageDispatcher.java:87)
	at org.apache.hadoop.ozone.protocolPB.OzoneManagerProtocolServerSideTranslatorPB.submitRequest(OzoneManagerProtocolServerSideTranslatorPB.java:116)
	at org.apache.hadoop.ozone.protocol.proto.OzoneManagerProtocolProtos$OzoneManagerService$2.callBlockingMethod(OzoneManagerProtocolProtos.java)
	at org.apache.hadoop.ipc.ProtobufRpcEngine$Server.processCall(ProtobufRpcEngine.java:484)
	at org.apache.hadoop.ipc.ProtobufRpcEngine2$Server$ProtoBufRpcInvoker.call(ProtobufRpcEngine2.java:595)
	at org.apache.hadoop.ipc.ProtobufRpcEngine2$Server$ProtoBufRpcInvoker.call(ProtobufRpcEngine2.java:573)
	at org.apache.hadoop.ipc.RPC$Server.call(RPC.java:1227)
	at org.apache.hadoop.ipc.Server$RpcCall.run(Server.java:1246)
	at org.apache.hadoop.ipc.Server$RpcCall.run(Server.java:1169)
	at java.base/java.security.AccessController.doPrivileged(AccessController.java:714)
	at java.base/javax.security.auth.Subject.doAs(Subject.java:525)
	at org.apache.hadoop.security.UserGroupInformation.doAs(UserGroupInformation.java:1953)
	at org.apache.hadoop.ipc.Server$Handler.run(Server.java:3198)
, while invoking $Proxy68.submitRequest over nodeId=omNode-1,nodeAddress=127.0.0.1:15006 after 1 failover attempts. Trying to failover immediately. Current retry count: 1.
2025-04-23 04:27:55,047 [grpc-default-executor-4] WARN  server.GrpcLogAppender (GrpcLogAppender.java:lambda$resetClient$1(221)) - omNode-2@group-523986131536->omNode-3-GrpcLogAppender: Follower failed (request=null, errorCount=27); keep nextIndex (77) unchanged and retry.
2025-04-23 04:27:55,057 [omNode-2-OMStateMachineApplyTransactionThread - 0] WARN  helpers.OzoneAclUtil (OzoneAclUtil.java:getDefaultAclList(77)) - Failed to get primary group from user user42591 (auth:SIMPLE)
2025-04-23 04:27:55,057 [omNode-1-OMStateMachineApplyTransactionThread - 0] WARN  helpers.OzoneAclUtil (OzoneAclUtil.java:getDefaultAclList(77)) - Failed to get primary group from user user42591 (auth:SIMPLE)
2025-04-23 04:27:55,058 [omNode-2-OMStateMachineApplyTransactionThread - 0] INFO  volume.OMVolumeCreateRequest (OMVolumeCreateRequest.java:validateAndUpdateCache(203)) - created volume:volume71561 for user:user42591
2025-04-23 04:27:55,058 [omNode-1-OMStateMachineApplyTransactionThread - 0] INFO  volume.OMVolumeCreateRequest (OMVolumeCreateRequest.java:validateAndUpdateCache(203)) - created volume:volume71561 for user:user42591
2025-04-23 04:27:56,946 [timer5] WARN  server.GrpcLogAppender (LogUtils.java:warn(121)) - omNode-2@group-523986131536->omNode-3-AppendLogResponseHandler: Failed appendEntries (Repeated 12 times in the last 5.000s): org.apache.ratis.thirdparty.io.grpc.StatusRuntimeException: UNAVAILABLE: io exception
2025-04-23 04:27:56,947 [timer6] WARN  server.GrpcLogAppender (GrpcLogAppender.java:lambda$resetClient$1(221)) - omNode-2@group-523986131536->omNode-3-GrpcLogAppender: Follower failed (request=null, errorCount=26); keep nextIndex (75) unchanged and retry. (Repeated 8 times in the last 5.000s)
2025-04-23 04:27:57,061 [main] INFO  om.OzoneManager (OzoneManager.java:stop(2347)) - omNode-3[localhost:15014]: Stopping Ozone Manager
2025-04-23 04:27:57,061 [main] INFO  om.OzoneManager (OzoneManager.java:stop(2347)) - omNode-1[localhost:15006]: Stopping Ozone Manager
2025-04-23 04:27:57,061 [main] INFO  ipc.Server (Server.java:stop(3697)) - Stopping server on 15006
2025-04-23 04:27:57,062 [IPC Server listener on 15006] INFO  ipc.Server (Server.java:run(1585)) - Stopping IPC Server listener on 15006
2025-04-23 04:27:57,062 [main] INFO  ratis.OzoneManagerRatisServer (OzoneManagerRatisServer.java:stop(634)) - Stopping org.apache.hadoop.ozone.om.ratis.OzoneManagerRatisServer@68c83d8a at port 15009
2025-04-23 04:27:57,062 [IPC Server Responder] INFO  ipc.Server (Server.java:run(1718)) - Stopping IPC Server Responder
2025-04-23 04:27:57,063 [main] INFO  server.RaftServer (RaftServerProxy.java:lambda$close$9(417)) - omNode-1: close
2025-04-23 04:27:57,063 [omNode-1-impl-thread1] INFO  server.RaftServer$Division (RaftServerImpl.java:lambda$close$1(513)) - omNode-1@group-523986131536: shutdown
2025-04-23 04:27:57,063 [main] INFO  server.GrpcService (GrpcService.java:closeImpl(343)) - omNode-1: shutdown server GrpcServerProtocolService now
2025-04-23 04:27:57,063 [omNode-1-impl-thread1] INFO  util.JmxRegister (JmxRegister.java:unregister(74)) - Successfully un-registered JMX Bean with object name Ratis:service=RaftServer,group=group-523986131536,id=omNode-1
2025-04-23 04:27:57,064 [omNode-1-impl-thread1] INFO  impl.RoleInfo (RoleInfo.java:shutdownFollowerState(121)) - omNode-1: shutdown omNode-1@group-523986131536-FollowerState
2025-04-23 04:27:57,064 [omNode-1-impl-thread1] INFO  impl.StateMachineUpdater (StateMachineUpdater.java:stopAndJoin(164)) - omNode-1@group-523986131536-StateMachineUpdater: set stopIndex = 76
2025-04-23 04:27:57,064 [omNode-1@group-523986131536-FollowerState] INFO  impl.FollowerState (FollowerState.java:runImpl(170)) - omNode-1@group-523986131536-FollowerState was interrupted
2025-04-23 04:27:57,067 [grpc-default-executor-5] WARN  server.GrpcServerProtocolService (LogUtils.java:warn(121)) - omNode-1: APPEND_ENTRIES onError, lastRequest: omNode-2->omNode-1#24-t7,previous=(t:7, i:75),leaderCommit=75,initializing? false,entries: size=1, first=(t:7, i:76), METADATAENTRY(c:75): org.apache.ratis.thirdparty.io.grpc.StatusRuntimeException: CANCELLED: client cancelled
2025-04-23 04:27:57,067 [grpc-default-executor-1] WARN  server.GrpcServerProtocolService (LogUtils.java:warn(121)) - omNode-1: APPEND_ENTRIES onError, lastRequest: null: org.apache.ratis.thirdparty.io.grpc.StatusRuntimeException: CANCELLED: client cancelled
2025-04-23 04:27:57,067 [main] INFO  server.GrpcService (GrpcService.java:closeImpl(352)) - omNode-1: shutdown server GrpcServerProtocolService successfully
2025-04-23 04:27:57,068 [grpc-default-executor-5] WARN  server.GrpcLogAppender (LogUtils.java:warn(121)) - omNode-2@group-523986131536->omNode-1-AppendLogResponseHandler: Failed appendEntries: org.apache.ratis.thirdparty.io.grpc.StatusRuntimeException: CANCELLED: RST_STREAM closed stream. HTTP/2 error code: CANCEL
2025-04-23 04:27:57,068 [grpc-default-executor-5] WARN  server.GrpcLogAppender (GrpcLogAppender.java:lambda$resetClient$1(221)) - omNode-2@group-523986131536->omNode-1-GrpcLogAppender: Follower failed (request=null, errorCount=1); keep nextIndex (77) unchanged and retry.
2025-04-23 04:27:57,076 [omNode-1@group-523986131536-StateMachineUpdater] INFO  ratis.OzoneManagerStateMachine (OzoneManagerStateMachine.java:takeSnapshotImpl(510)) - omNode-1: taking snapshot. applied = (t:7, i:76), skipped = 75, notified = (t:7, i:76), current snapshot index = (t:7, i:76), took 12 ms
2025-04-23 04:27:57,076 [omNode-1@group-523986131536-StateMachineUpdater] INFO  impl.StateMachineUpdater (StateMachineUpdater.java:takeSnapshot(303)) - omNode-1@group-523986131536-StateMachineUpdater: Took a snapshot at index 76
2025-04-23 04:27:57,076 [omNode-1@group-523986131536-StateMachineUpdater] INFO  impl.StateMachineUpdater (StateMachineUpdater.java:lambda$new$0(102)) - omNode-1@group-523986131536-StateMachineUpdater: snapshotIndex: updateIncreasingly 68 -> 76
2025-04-23 04:27:57,076 [omNode-1@group-523986131536-StateMachineUpdater] INFO  impl.StateMachineUpdater (StateMachineUpdater.java:stop(141)) - omNode-1@group-523986131536-StateMachineUpdater: closing OzoneManagerStateMachine, lastApplied=(t:7, i:76)
2025-04-23 04:27:57,076 [omNode-1@group-523986131536-StateMachineUpdater] INFO  ratis.OzoneManagerStateMachine (OzoneManagerStateMachine.java:close(550)) - Stopping OzoneManagerStateMachine:omNode-1:group-523986131536.
2025-04-23 04:27:57,076 [omNode-1@group-523986131536-StateMachineUpdater] INFO  ratis.OzoneManagerDoubleBuffer (OzoneManagerDoubleBuffer.java:stopDaemon(500)) - Stopping OMDoubleBuffer flush thread
2025-04-23 04:27:57,077 [omNode-1-OMDoubleBufferFlushThread] INFO  ratis.OzoneManagerDoubleBuffer (OzoneManagerDoubleBuffer.java:canFlush(559)) - OMDoubleBuffer flush thread omNode-1-OMDoubleBufferFlushThread is interrupted and will exit.
2025-04-23 04:27:57,077 [omNode-1@group-523986131536-cacheEviction-AwaitToRun] INFO  util.AwaitToRun (AwaitToRun.java:run(49)) - omNode-1@group-523986131536-cacheEviction-AwaitToRun-AwaitForSignal is interrupted
2025-04-23 04:27:57,177 [grpc-default-executor-1] WARN  server.GrpcLogAppender (LogUtils.java:warn(121)) - omNode-2@group-523986131536->omNode-3-AppendLogResponseHandler: Failed appendEntries: org.apache.ratis.thirdparty.io.grpc.StatusRuntimeException: UNAVAILABLE: io exception
2025-04-23 04:27:58,050 [omNode-1-impl-thread1] INFO  segmented.SegmentedRaftLogWorker (SegmentedRaftLogWorker.java:close(252)) - omNode-1@group-523986131536-SegmentedRaftLogWorker close()
2025-04-23 04:27:58,050 [JvmPauseMonitor18] INFO  util.JvmPauseMonitor (JvmPauseMonitor.java:run(152)) - JvmPauseMonitor-omNode-1: Stopped
2025-04-23 04:27:58,050 [main] INFO  utils.BackgroundService (BackgroundService.java:shutdown(161)) - Shutting down service KeyDeletingService
2025-04-23 04:27:58,051 [main] INFO  utils.BackgroundService (BackgroundService.java:shutdown(161)) - Shutting down service DirectoryDeletingService
2025-04-23 04:27:58,052 [main] INFO  utils.BackgroundService (BackgroundService.java:shutdown(161)) - Shutting down service OpenKeyCleanupService
2025-04-23 04:27:58,052 [main] INFO  utils.BackgroundService (BackgroundService.java:shutdown(161)) - Shutting down service SstFilteringService
2025-04-23 04:27:58,053 [main] INFO  utils.BackgroundService (BackgroundService.java:shutdown(161)) - Shutting down service SnapshotDeletingService
2025-04-23 04:27:58,053 [main] INFO  utils.BackgroundService (BackgroundService.java:shutdown(161)) - Shutting down service MultipartUploadCleanupService
2025-04-23 04:27:58,054 [main] INFO  handler.ContextHandler (ContextHandler.java:doStop(1159)) - Stopped o.e.j.w.WebAppContext@353fb025{ozoneManager,/,null,STOPPED}{file:/home/runner/work/ozone/ozone/hadoop-ozone/integration-test/target/test-classes/webapps/ozoneManager}
2025-04-23 04:27:58,054 [main] INFO  server.AbstractConnector (AbstractConnector.java:doStop(383)) - Stopped ServerConnector@44636df7{HTTP/1.1, (http/1.1)}{0.0.0.0:15007}
2025-04-23 04:27:58,054 [main] INFO  server.session (HouseKeeper.java:stopScavenging(149)) - node0 Stopped scavenging
2025-04-23 04:27:58,054 [main] INFO  handler.ContextHandler (ContextHandler.java:doStop(1159)) - Stopped o.e.j.s.ServletContextHandler@20e0dfb4{static,/static,file:///home/runner/work/ozone/ozone/hadoop-ozone/integration-test/target/test-classes/webapps/static,STOPPED}
2025-04-23 04:27:58,055 [main] INFO  handler.ContextHandler (ContextHandler.java:doStop(1159)) - Stopped o.e.j.s.ServletContextHandler@48e5c297{logs,/logs,file:///home/runner/work/ozone/ozone/hadoop-ozone/integration-test/target/log,STOPPED}
2025-04-23 04:27:58,055 [main] INFO  rocksdiff.RocksDBCheckpointDiffer (RocksDBCheckpointDiffer.java:close(304)) - Shutting down CompactionDagPruningService.
2025-04-23 04:27:58,057 [main] INFO  snapshot.SnapshotDiffManager (SnapshotDiffManager.java:closeExecutorService(1698)) - Shutting down executorService: 'SnapDiffExecutor'
2025-04-23 04:27:58,057 [main] INFO  utils.BackgroundService (BackgroundService.java:shutdown(161)) - Shutting down service SnapshotDiffCleanupService
2025-04-23 04:27:58,058 [main] INFO  om.OzoneManager (OzoneManager.java:stop(2347)) - omNode-2[localhost:15010]: Stopping Ozone Manager
2025-04-23 04:27:58,058 [main] INFO  ipc.Server (Server.java:stop(3697)) - Stopping server on 15010
2025-04-23 04:27:58,062 [IPC Server listener on 15010] INFO  ipc.Server (Server.java:run(1585)) - Stopping IPC Server listener on 15010
2025-04-23 04:27:58,062 [IPC Server Responder] INFO  ipc.Server (Server.java:run(1718)) - Stopping IPC Server Responder
2025-04-23 04:27:58,062 [main] INFO  ratis.OzoneManagerRatisServer (OzoneManagerRatisServer.java:stop(634)) - Stopping org.apache.hadoop.ozone.om.ratis.OzoneManagerRatisServer@2b5554ad at port 15013
2025-04-23 04:27:58,063 [main] INFO  server.RaftServer (RaftServerProxy.java:lambda$close$9(417)) - omNode-2: close
2025-04-23 04:27:58,063 [omNode-2-impl-thread1] INFO  server.RaftServer$Division (RaftServerImpl.java:lambda$close$1(513)) - omNode-2@group-523986131536: shutdown
2025-04-23 04:27:58,063 [omNode-2-impl-thread1] INFO  util.JmxRegister (JmxRegister.java:unregister(74)) - Successfully un-registered JMX Bean with object name Ratis:service=RaftServer,group=group-523986131536,id=omNode-2
2025-04-23 04:27:58,063 [omNode-2-impl-thread1] INFO  impl.RoleInfo (RoleInfo.java:shutdownLeaderState(103)) - omNode-2: shutdown omNode-2@group-523986131536-LeaderStateImpl
2025-04-23 04:27:58,063 [omNode-2@group-523986131536->omNode-3-GrpcLogAppender-LogAppenderDaemon] WARN  server.GrpcLogAppender (GrpcLogAppender.java:mayWait(293)) - omNode-2@group-523986131536->omNode-3-GrpcLogAppender: Wait interrupted by java.lang.InterruptedException
2025-04-23 04:27:58,063 [main] INFO  server.GrpcService (GrpcService.java:closeImpl(343)) - omNode-2: shutdown server GrpcServerProtocolService now
2025-04-23 04:27:58,063 [omNode-2@group-523986131536->omNode-1-GrpcLogAppender-LogAppenderDaemon] WARN  server.GrpcLogAppender (GrpcLogAppender.java:mayWait(293)) - omNode-2@group-523986131536->omNode-1-GrpcLogAppender: Wait interrupted by java.lang.InterruptedException
2025-04-23 04:27:58,063 [omNode-2-impl-thread1] INFO  impl.PendingRequests (PendingRequests.java:sendNotLeaderResponses(287)) - omNode-2@group-523986131536-PendingRequests: sendNotLeaderResponses
2025-04-23 04:27:58,064 [omNode-2-impl-thread1] INFO  impl.StateMachineUpdater (StateMachineUpdater.java:stopAndJoin(164)) - omNode-2@group-523986131536-StateMachineUpdater: set stopIndex = 76
2025-04-23 04:27:58,064 [Thread-2583] INFO  server.GrpcServerProtocolClient (GrpcServerProtocolClient.java:close(105)) - omNode-1 Close channels
2025-04-23 04:27:58,065 [Thread-2582] INFO  server.GrpcServerProtocolClient (GrpcServerProtocolClient.java:close(105)) - omNode-3 Close channels
2025-04-23 04:27:58,065 [main] INFO  server.GrpcService (GrpcService.java:closeImpl(352)) - omNode-2: shutdown server GrpcServerProtocolService successfully
2025-04-23 04:27:58,074 [omNode-2@group-523986131536-StateMachineUpdater] INFO  ratis.OzoneManagerStateMachine (OzoneManagerStateMachine.java:takeSnapshotImpl(510)) - omNode-2: taking snapshot. applied = (t:7, i:76), skipped = 75, notified = (t:7, i:76), current snapshot index = (t:7, i:76), took 10 ms
2025-04-23 04:27:58,074 [omNode-2@group-523986131536-StateMachineUpdater] INFO  impl.StateMachineUpdater (StateMachineUpdater.java:takeSnapshot(303)) - omNode-2@group-523986131536-StateMachineUpdater: Took a snapshot at index 76
2025-04-23 04:27:58,074 [omNode-2@group-523986131536-StateMachineUpdater] INFO  impl.StateMachineUpdater (StateMachineUpdater.java:lambda$new$0(102)) - omNode-2@group-523986131536-StateMachineUpdater: snapshotIndex: updateIncreasingly 68 -> 76
2025-04-23 04:27:58,074 [omNode-2@group-523986131536-StateMachineUpdater] INFO  impl.StateMachineUpdater (StateMachineUpdater.java:stop(141)) - omNode-2@group-523986131536-StateMachineUpdater: closing OzoneManagerStateMachine, lastApplied=(t:7, i:76)
2025-04-23 04:27:58,074 [omNode-2@group-523986131536-StateMachineUpdater] INFO  ratis.OzoneManagerStateMachine (OzoneManagerStateMachine.java:close(550)) - Stopping OzoneManagerStateMachine:omNode-2:group-523986131536.
2025-04-23 04:27:58,074 [omNode-2@group-523986131536-StateMachineUpdater] INFO  ratis.OzoneManagerDoubleBuffer (OzoneManagerDoubleBuffer.java:stopDaemon(500)) - Stopping OMDoubleBuffer flush thread
2025-04-23 04:27:58,074 [omNode-2-OMDoubleBufferFlushThread] INFO  ratis.OzoneManagerDoubleBuffer (OzoneManagerDoubleBuffer.java:canFlush(559)) - OMDoubleBuffer flush thread omNode-2-OMDoubleBufferFlushThread is interrupted and will exit.
2025-04-23 04:27:58,075 [omNode-2@group-523986131536-cacheEviction-AwaitToRun] INFO  util.AwaitToRun (AwaitToRun.java:run(49)) - omNode-2@group-523986131536-cacheEviction-AwaitToRun-AwaitForSignal is interrupted
2025-04-23 04:27:59,048 [omNode-2-impl-thread1] INFO  segmented.SegmentedRaftLogWorker (SegmentedRaftLogWorker.java:close(252)) - omNode-2@group-523986131536-SegmentedRaftLogWorker close()
2025-04-23 04:27:59,048 [JvmPauseMonitor19] INFO  util.JvmPauseMonitor (JvmPauseMonitor.java:run(152)) - JvmPauseMonitor-omNode-2: Stopped
2025-04-23 04:27:59,049 [main] INFO  utils.BackgroundService (BackgroundService.java:shutdown(161)) - Shutting down service KeyDeletingService
2025-04-23 04:27:59,049 [main] INFO  utils.BackgroundService (BackgroundService.java:shutdown(161)) - Shutting down service DirectoryDeletingService
2025-04-23 04:27:59,050 [main] INFO  utils.BackgroundService (BackgroundService.java:shutdown(161)) - Shutting down service OpenKeyCleanupService
2025-04-23 04:27:59,050 [main] INFO  utils.BackgroundService (BackgroundService.java:shutdown(161)) - Shutting down service SstFilteringService
2025-04-23 04:27:59,050 [main] INFO  utils.BackgroundService (BackgroundService.java:shutdown(161)) - Shutting down service SnapshotDeletingService
2025-04-23 04:27:59,051 [main] INFO  utils.BackgroundService (BackgroundService.java:shutdown(161)) - Shutting down service MultipartUploadCleanupService
2025-04-23 04:27:59,051 [main] INFO  handler.ContextHandler (ContextHandler.java:doStop(1159)) - Stopped o.e.j.w.WebAppContext@5c3c643b{ozoneManager,/,null,STOPPED}{file:/home/runner/work/ozone/ozone/hadoop-ozone/integration-test/target/test-classes/webapps/ozoneManager}
2025-04-23 04:27:59,052 [main] INFO  server.AbstractConnector (AbstractConnector.java:doStop(383)) - Stopped ServerConnector@20387a76{HTTP/1.1, (http/1.1)}{0.0.0.0:15011}
2025-04-23 04:27:59,052 [main] INFO  server.session (HouseKeeper.java:stopScavenging(149)) - node0 Stopped scavenging
2025-04-23 04:27:59,052 [main] INFO  handler.ContextHandler (ContextHandler.java:doStop(1159)) - Stopped o.e.j.s.ServletContextHandler@78e7253{static,/static,file:///home/runner/work/ozone/ozone/hadoop-ozone/integration-test/target/test-classes/webapps/static,STOPPED}
2025-04-23 04:27:59,052 [main] INFO  handler.ContextHandler (ContextHandler.java:doStop(1159)) - Stopped o.e.j.s.ServletContextHandler@49fa0fcb{logs,/logs,file:///home/runner/work/ozone/ozone/hadoop-ozone/integration-test/target/log,STOPPED}
2025-04-23 04:27:59,053 [main] INFO  rocksdiff.RocksDBCheckpointDiffer (RocksDBCheckpointDiffer.java:close(304)) - Shutting down CompactionDagPruningService.
2025-04-23 04:27:59,054 [main] INFO  snapshot.SnapshotDiffManager (SnapshotDiffManager.java:closeExecutorService(1698)) - Shutting down executorService: 'SnapDiffExecutor'
2025-04-23 04:27:59,055 [main] INFO  utils.BackgroundService (BackgroundService.java:shutdown(161)) - Shutting down service SnapshotDiffCleanupService
2025-04-23 04:27:59,055 [main] INFO  om.OzoneManager (OzoneManager.java:restart(1878)) - OzoneManager RPC server is listening at localhost/127.0.0.1:15014
2025-04-23 04:27:59,055 [main] INFO  impl.MetricsSystemImpl (MetricsSystemImpl.java:init(158)) - OzoneManager metrics system started (again)
2025-04-23 04:27:59,069 [main] WARN  server.ServerUtils (ServerUtils.java:getDBPath(297)) - ozone.om.db.dirs is not configured. We recommend adding this setting. Falling back to ozone.metadata.dirs instead.
2025-04-23 04:27:59,110 [main] INFO  om.OzoneManager (OzoneManager.java:instantiateServices(933)) - S3 Multi-Tenancy is disabled
2025-04-23 04:27:59,110 [main] INFO  om.OmSnapshotManager (OmSnapshotManager.java:<init>(180)) - Ozone filesystem snapshot feature is enabled.
2025-04-23 04:27:59,111 [main] WARN  server.ServerUtils (ServerUtils.java:getDBPath(297)) - ozone.om.snapshot.diff.db.dir is not configured. We recommend adding this setting. Falling back to ozone.metadata.dirs instead.
2025-04-23 04:27:59,124 [main] WARN  server.ServerUtils (ServerUtils.java:getDefaultRatisDirectory(309)) - Storage directory for Ratis is not configured. It is a good idea to map this to an SSD disk. Falling back to ozone.metadata.dirs
2025-04-23 04:27:59,124 [main] INFO  server.RaftServerConfigKeys (ConfUtils.java:logGet(46)) - raft.server.log.appender.buffer.byte-limit = 4194304 (custom)
2025-04-23 04:27:59,125 [main] INFO  ratis.OzoneManagerRatisServer (OzoneManagerRatisServer.java:<init>(167)) - Instantiating OM Ratis server with groupID: om-service-test1 and peers: localhost:15017, localhost:15009, localhost:15013
2025-04-23 04:27:59,125 [main] INFO  ratis.OzoneManagerStateMachine (OzoneManagerStateMachine.java:loadSnapshotInfoFromDB(611)) - LastAppliedIndex is set from TransactionInfo from OM DB as (t:6, i:72)
2025-04-23 04:27:59,125 [main] INFO  server.RaftServer (ConfUtils.java:logGet(46)) - raft.rpc.type = GRPC (default)
2025-04-23 04:27:59,126 [main] INFO  grpc.GrpcConfigKeys (ConfUtils.java:logFallback(53)) - raft.grpc.admin.host = null (fallback to raft.grpc.server.host)
2025-04-23 04:27:59,126 [main] INFO  grpc.GrpcConfigKeys (ConfUtils.java:logFallback(53)) - raft.grpc.admin.port = 15017 (fallback to raft.grpc.server.port)
2025-04-23 04:27:59,126 [main] INFO  grpc.GrpcConfigKeys (ConfUtils.java:logFallback(53)) - raft.grpc.client.host = null (fallback to raft.grpc.server.host)
2025-04-23 04:27:59,126 [main] INFO  grpc.GrpcConfigKeys (ConfUtils.java:logFallback(53)) - raft.grpc.client.port = 15017 (fallback to raft.grpc.server.port)
2025-04-23 04:27:59,126 [main] INFO  grpc.GrpcConfigKeys (ConfUtils.java:logGet(46)) - raft.grpc.server.host = null (default)
2025-04-23 04:27:59,126 [main] INFO  grpc.GrpcConfigKeys (ConfUtils.java:logGet(46)) - raft.grpc.server.port = 15017 (custom)
2025-04-23 04:27:59,126 [main] INFO  server.GrpcService (ConfUtils.java:logGet(46)) - raft.grpc.message.size.max = 5242880 (custom)
2025-04-23 04:27:59,126 [main] INFO  server.GrpcService (ConfUtils.java:logGet(46)) - raft.grpc.flow.control.window = 1MB (=1048576) (default)
2025-04-23 04:27:59,126 [main] INFO  server.RaftServerConfigKeys (ConfUtils.java:logGet(46)) - raft.server.rpc.request.timeout = 3000ms (default)
2025-04-23 04:27:59,126 [main] INFO  grpc.GrpcConfigKeys (ConfUtils.java:logGet(46)) - raft.grpc.server.heartbeat.channel = true (default)
2025-04-23 04:27:59,127 [main] INFO  server.RaftServerConfigKeys (ConfUtils.java:logGet(46)) - raft.server.log.appender.buffer.byte-limit = 4194304 (custom)
2025-04-23 04:27:59,127 [main] INFO  grpc.GrpcConfigKeys (ConfUtils.java:logGet(46)) - raft.grpc.server.async.request.thread.pool.cached = true (default)
2025-04-23 04:27:59,127 [main] INFO  grpc.GrpcConfigKeys (ConfUtils.java:logGet(46)) - raft.grpc.server.async.request.thread.pool.size = 32 (default)
2025-04-23 04:27:59,127 [main] INFO  impl.DataStreamServerImpl (ConfUtils.java:logGet(46)) - raft.datastream.type = DISABLED (default)
2025-04-23 04:27:59,128 [main] INFO  server.RaftServerConfigKeys (ConfUtils.java:logGet(46)) - raft.server.sleep.deviation.threshold = 300ms (default)
2025-04-23 04:27:59,128 [main] INFO  server.RaftServerConfigKeys (ConfUtils.java:logGet(46)) - raft.server.close.threshold = 60s (default)
2025-04-23 04:27:59,128 [main] INFO  server.RaftServerConfigKeys (ConfUtils.java:logGet(46)) - raft.server.leaderelection.leader.step-down.wait-time = 10s (default)
2025-04-23 04:27:59,128 [main] INFO  server.RaftServerConfigKeys (ConfUtils.java:logGet(46)) - raft.server.storage.dir = [/home/runner/work/ozone/ozone/hadoop-ozone/integration-test/target/test-dir/MiniOzoneClusterImpl-ff59c164-3798-4a7f-a16d-eeed9ffb3244/omNode-3/ratis] (custom)
2025-04-23 04:27:59,128 [main] INFO  server.RaftServerConfigKeys (ConfUtils.java:logGet(46)) - raft.server.threadpool.proxy.cached = true (default)
2025-04-23 04:27:59,128 [main] INFO  server.RaftServerConfigKeys (ConfUtils.java:logGet(46)) - raft.server.threadpool.proxy.size = 0 (default)
2025-04-23 04:27:59,129 [omNode-3-impl-thread1] INFO  server.RaftServer (RaftServerProxy.java:initGroupDir(265)) - omNode-3: found a subdirectory /home/runner/work/ozone/ozone/hadoop-ozone/integration-test/target/test-dir/MiniOzoneClusterImpl-ff59c164-3798-4a7f-a16d-eeed9ffb3244/omNode-3/ratis/c9bc4cf4-3bc3-3c60-a66b-523986131536
2025-04-23 04:27:59,129 [main] INFO  server.RaftServer (RaftServerProxy.java:addNew(100)) - omNode-3: addNew group-523986131536:[omNode-3|localhost:15017, omNode-1|localhost:15009, omNode-2|localhost:15013] returns group-523986131536:java.util.concurrent.CompletableFuture@5f48f80b[Not completed]
2025-04-23 04:27:59,129 [main] INFO  om.OzoneManager (OzoneManager.java:initializeRatisServer(2303)) - OzoneManager Ratis server initialized at port 15017
2025-04-23 04:27:59,129 [omNode-3-groupManagement] INFO  server.RaftServer$Division (RaftServerImpl.java:<init>(255)) - omNode-3: new RaftServerImpl for group-523986131536:[omNode-3|localhost:15017, omNode-1|localhost:15009, omNode-2|localhost:15013] with OzoneManagerStateMachine:uninitialized
2025-04-23 04:27:59,129 [omNode-3-groupManagement] INFO  server.RaftServerConfigKeys (ConfUtils.java:logGet(46)) - raft.server.rpc.timeout.min = 1s (custom)
2025-04-23 04:27:59,129 [omNode-3-groupManagement] INFO  server.RaftServerConfigKeys (ConfUtils.java:logGet(46)) - raft.server.rpc.timeout.max = 1200ms (custom)
2025-04-23 04:27:59,129 [omNode-3-groupManagement] INFO  server.RaftServerConfigKeys (ConfUtils.java:logGet(46)) - raft.server.rpc.sleep.time = 25ms (default)
2025-04-23 04:27:59,129 [omNode-3-groupManagement] INFO  server.RaftServerConfigKeys (ConfUtils.java:logGet(46)) - raft.server.rpc.slowness.timeout = 2s (custom)
2025-04-23 04:27:59,129 [omNode-3-groupManagement] INFO  server.RaftServerConfigKeys (ConfUtils.java:logGet(46)) - raft.server.leaderelection.leader.step-down.wait-time = 10s (default)
2025-04-23 04:27:59,129 [omNode-3-groupManagement] INFO  server.RaftServerConfigKeys (ConfUtils.java:logGet(46)) - raft.server.leaderelection.member.majority-add = false (default)
2025-04-23 04:27:59,129 [omNode-3-groupManagement] INFO  server.RaftServerConfigKeys (ConfUtils.java:logGet(46)) - raft.server.sleep.deviation.threshold = 300ms (default)
2025-04-23 04:27:59,129 [omNode-3-groupManagement] INFO  server.RaftServer$Division (ServerState.java:<init>(114)) - omNode-3@group-523986131536: ConfigurationManager, init=conf: {index: -1, cur=peers:[omNode-3|localhost:15017, omNode-1|localhost:15009, omNode-2|localhost:15013]|listeners:[], old=null}, confs=<EMPTY_MAP>
2025-04-23 04:27:59,129 [omNode-3-groupManagement] INFO  server.RaftServerConfigKeys (ConfUtils.java:logGet(46)) - raft.server.notification.no-leader.timeout = 2s (custom)
2025-04-23 04:27:59,129 [omNode-3-groupManagement] INFO  server.RaftServerConfigKeys (ConfUtils.java:logGet(46)) - raft.server.read.timeout = 10s (default)
2025-04-23 04:27:59,129 [omNode-3-groupManagement] INFO  server.RaftServerConfigKeys (ConfUtils.java:logGet(46)) - raft.server.retrycache.expirytime = 30000ms (custom)
2025-04-23 04:27:59,130 [omNode-3-groupManagement] INFO  server.RaftServerConfigKeys (ConfUtils.java:logGet(46)) - raft.server.retrycache.statistics.expirytime = 100ms (default)
2025-04-23 04:27:59,130 [main] INFO  ratis.OzoneManagerRatisServer (OzoneManagerRatisServer.java:start(628)) - Starting OzoneManagerRatisServer omNode-3 at port 15017
2025-04-23 04:27:59,130 [omNode-3-groupManagement] INFO  server.RaftServerConfigKeys (ConfUtils.java:logGet(46)) - raft.server.read.option = DEFAULT (default)
2025-04-23 04:27:59,130 [omNode-3-groupManagement] INFO  server.RaftServerConfigKeys (ConfUtils.java:logGet(46)) - raft.server.read.read-after-write-consistent.write-index-cache.expiry-time = 60s (default)
2025-04-23 04:27:59,131 [omNode-3-groupManagement] INFO  server.RaftServerConfigKeys (ConfUtils.java:logGet(46)) - raft.server.rpc.request.timeout = 3000ms (default)
2025-04-23 04:27:59,131 [omNode-3-groupManagement] INFO  server.RaftServerConfigKeys (ConfUtils.java:logGet(46)) - raft.server.log.appender.install.snapshot.enabled = false (custom)
2025-04-23 04:27:59,131 [omNode-3-groupManagement] INFO  server.RaftServerConfigKeys (ConfUtils.java:logGet(46)) - raft.server.threadpool.server.cached = true (default)
2025-04-23 04:27:59,131 [omNode-3-groupManagement] INFO  server.RaftServerConfigKeys (ConfUtils.java:logGet(46)) - raft.server.threadpool.server.size = 0 (default)
2025-04-23 04:27:59,131 [omNode-3-groupManagement] INFO  server.RaftServerConfigKeys (ConfUtils.java:logGet(46)) - raft.server.threadpool.client.cached = true (default)
2025-04-23 04:27:59,131 [omNode-3-groupManagement] INFO  server.RaftServerConfigKeys (ConfUtils.java:logGet(46)) - raft.server.threadpool.client.size = 0 (default)
2025-04-23 04:27:59,132 [omNode-3-impl-thread1] INFO  server.RaftServerConfigKeys (ConfUtils.java:logGet(46)) - raft.server.storage.free-space.min = 0MB (=0) (default)
2025-04-23 04:27:59,132 [omNode-3-impl-thread1] INFO  server.RaftServerConfigKeys (ConfUtils.java:logGet(46)) - raft.server.log.corruption.policy = EXCEPTION (default)
2025-04-23 04:27:59,132 [omNode-3-impl-thread1] INFO  server.RaftServerConfigKeys (ConfUtils.java:logGet(46)) - raft.server.storage.dir = [/home/runner/work/ozone/ozone/hadoop-ozone/integration-test/target/test-dir/MiniOzoneClusterImpl-ff59c164-3798-4a7f-a16d-eeed9ffb3244/omNode-3/ratis] (custom)
2025-04-23 04:27:59,133 [omNode-3-impl-thread1] INFO  storage.RaftStorageDirectory (RaftStorageDirectoryImpl.java:tryLock(229)) - Lock on /home/runner/work/ozone/ozone/hadoop-ozone/integration-test/target/test-dir/MiniOzoneClusterImpl-ff59c164-3798-4a7f-a16d-eeed9ffb3244/omNode-3/ratis/c9bc4cf4-3bc3-3c60-a66b-523986131536/in_use.lock acquired by nodename 129558@fv-az1441-587
2025-04-23 04:27:59,133 [omNode-3-impl-thread1] INFO  storage.RaftStorage (RaftStorageImpl.java:analyzeAndRecoverStorage(118)) - Read RaftStorageMetadata{term=6, votedFor=omNode-3} from /home/runner/work/ozone/ozone/hadoop-ozone/integration-test/target/test-dir/MiniOzoneClusterImpl-ff59c164-3798-4a7f-a16d-eeed9ffb3244/omNode-3/ratis/c9bc4cf4-3bc3-3c60-a66b-523986131536/current/raft-meta
2025-04-23 04:27:59,133 [omNode-3-impl-thread1] INFO  server.RaftServer$Division (ServerState.java:setRaftConf(386)) - omNode-3@group-523986131536: set configuration conf: {index: 69, cur=peers:[omNode-3|localhost:15017, omNode-1|localhost:15009, omNode-2|localhost:15013]|listeners:[], old=null}
2025-04-23 04:27:59,134 [omNode-3-impl-thread1] INFO  ratis.OzoneManagerStateMachine (OzoneManagerStateMachine.java:lambda$0(138)) - omNode-3: initialize group-523986131536 with (t:6, i:72)
2025-04-23 04:27:59,134 [omNode-3-impl-thread1] INFO  server.RaftServerConfigKeys (ConfUtils.java:logGet(46)) - raft.server.log.use.memory = false (default)
2025-04-23 04:27:59,134 [omNode-3-impl-thread1] INFO  server.RaftServerConfigKeys (ConfUtils.java:logGet(46)) - raft.server.log.purge.gap = 50 (custom)
2025-04-23 04:27:59,134 [omNode-3-impl-thread1] INFO  server.RaftServerConfigKeys (ConfUtils.java:logGet(46)) - raft.server.log.appender.buffer.byte-limit = 4194304 (custom)
2025-04-23 04:27:59,134 [omNode-3-impl-thread1] INFO  server.RaftServerConfigKeys (ConfUtils.java:logGet(46)) - raft.server.log.statemachine.data.read.timeout = 1000ms (default)
2025-04-23 04:27:59,134 [omNode-3-impl-thread1] INFO  server.RaftServerConfigKeys (ConfUtils.java:logGet(46)) - raft.server.log.purge.preservation.log.num = 0 (default)
2025-04-23 04:27:59,135 [omNode-3-impl-thread1] INFO  server.RaftServerConfigKeys (ConfUtils.java:logGet(46)) - raft.server.log.segment.size.max = 4194304 (custom)
2025-04-23 04:27:59,135 [omNode-3-impl-thread1] INFO  server.RaftServerConfigKeys (ConfUtils.java:logGet(46)) - raft.server.log.segment.cache.num.max = 2 (custom)
2025-04-23 04:27:59,135 [omNode-3-impl-thread1] INFO  server.RaftServerConfigKeys (ConfUtils.java:logGet(46)) - raft.server.log.segment.cache.size.max = 200MB (=209715200) (default)
2025-04-23 04:27:59,135 [omNode-3-impl-thread1] INFO  server.RaftServerConfigKeys (ConfUtils.java:logGet(46)) - raft.server.log.appender.buffer.byte-limit = 4194304 (custom)
2025-04-23 04:27:59,135 [omNode-3-impl-thread1] INFO  util.AwaitToRun (AwaitToRun.java:start(81)) - Thread[#3219,omNode-3@group-523986131536-cacheEviction-AwaitToRun,5,main] started
2025-04-23 04:27:59,135 [omNode-3-impl-thread1] INFO  segmented.SegmentedRaftLogWorker (SegmentedRaftLogWorker.java:<init>(188)) - new omNode-3@group-523986131536-SegmentedRaftLogWorker for RaftStorageImpl:Storage Directory /home/runner/work/ozone/ozone/hadoop-ozone/integration-test/target/test-dir/MiniOzoneClusterImpl-ff59c164-3798-4a7f-a16d-eeed9ffb3244/omNode-3/ratis/c9bc4cf4-3bc3-3c60-a66b-523986131536
2025-04-23 04:27:59,135 [omNode-3-impl-thread1] INFO  server.RaftServerConfigKeys (ConfUtils.java:logGet(46)) - raft.server.log.queue.byte-limit = 64MB (=67108864) (default)
2025-04-23 04:27:59,135 [omNode-3-impl-thread1] INFO  server.RaftServerConfigKeys (ConfUtils.java:logGet(46)) - raft.server.log.queue.element-limit = 4096 (default)
2025-04-23 04:27:59,135 [omNode-3-impl-thread1] INFO  server.RaftServerConfigKeys (ConfUtils.java:logGet(46)) - raft.server.log.segment.size.max = 4194304 (custom)
2025-04-23 04:27:59,135 [omNode-3-impl-thread1] INFO  server.RaftServerConfigKeys (ConfUtils.java:logGet(46)) - raft.server.log.preallocated.size = 4194304 (custom)
2025-04-23 04:27:59,135 [omNode-3-impl-thread1] INFO  server.RaftServerConfigKeys (ConfUtils.java:logGet(46)) - raft.server.log.force.sync.num = 128 (default)
2025-04-23 04:27:59,135 [omNode-3-impl-thread1] INFO  server.RaftServerConfigKeys (ConfUtils.java:logGet(46)) - raft.server.log.statemachine.data.sync = true (default)
2025-04-23 04:27:59,135 [omNode-3-impl-thread1] INFO  server.RaftServerConfigKeys (ConfUtils.java:logGet(46)) - raft.server.log.statemachine.data.sync.timeout = 10s (default)
2025-04-23 04:27:59,135 [omNode-3-impl-thread1] INFO  server.RaftServerConfigKeys (ConfUtils.java:logGet(46)) - raft.server.log.statemachine.data.sync.timeout.retry = -1 (default)
2025-04-23 04:27:59,136 [omNode-3-impl-thread1] INFO  server.RaftServerConfigKeys (ConfUtils.java:logGet(46)) - raft.server.log.write.buffer.size = 4194312 (custom)
2025-04-23 04:27:59,136 [omNode-3-impl-thread1] INFO  server.RaftServerConfigKeys (ConfUtils.java:logGet(46)) - raft.server.log.appender.buffer.byte-limit = 4194304 (custom)
2025-04-23 04:27:59,136 [omNode-3-impl-thread1] INFO  server.RaftServerConfigKeys (ConfUtils.java:logGet(46)) - raft.server.log.unsafe-flush.enabled = false (default)
2025-04-23 04:27:59,136 [omNode-3-impl-thread1] INFO  server.RaftServerConfigKeys (ConfUtils.java:logGet(46)) - raft.server.log.async-flush.enabled = false (default)
2025-04-23 04:27:59,136 [omNode-3-impl-thread1] INFO  server.RaftServerConfigKeys (ConfUtils.java:logGet(46)) - raft.server.log.statemachine.data.caching.enabled = false (default)
2025-04-23 04:27:59,136 [omNode-3-impl-thread1] INFO  server.RaftServer$Division (ServerState.java:setRaftConf(386)) - omNode-3@group-523986131536: set configuration conf: {index: 35, cur=peers:[omNode-3|localhost:15017, omNode-1|localhost:15009, omNode-2|localhost:15013]|listeners:[], old=null}
2025-04-23 04:27:59,137 [omNode-3-impl-thread1] INFO  segmented.LogSegment (LogSegment.java:loadSegment(171)) - Successfully read 34 entries from segment file /home/runner/work/ozone/ozone/hadoop-ozone/integration-test/target/test-dir/MiniOzoneClusterImpl-ff59c164-3798-4a7f-a16d-eeed9ffb3244/omNode-3/ratis/c9bc4cf4-3bc3-3c60-a66b-523986131536/current/log_35-68
2025-04-23 04:27:59,137 [omNode-3-impl-thread1] INFO  server.RaftServer$Division (ServerState.java:setRaftConf(386)) - omNode-3@group-523986131536: set configuration conf: {index: 69, cur=peers:[omNode-3|localhost:15017, omNode-1|localhost:15009, omNode-2|localhost:15013]|listeners:[], old=null}
2025-04-23 04:27:59,137 [omNode-3-impl-thread1] INFO  segmented.LogSegment (LogSegment.java:loadSegment(171)) - Successfully read 4 entries from segment file /home/runner/work/ozone/ozone/hadoop-ozone/integration-test/target/test-dir/MiniOzoneClusterImpl-ff59c164-3798-4a7f-a16d-eeed9ffb3244/omNode-3/ratis/c9bc4cf4-3bc3-3c60-a66b-523986131536/current/log_inprogress_69
2025-04-23 04:27:59,137 [omNode-3-impl-thread1] INFO  segmented.SegmentedRaftLogWorker (SegmentedRaftLogWorker.java:lambda$new$0(139)) - omNode-3@group-523986131536-SegmentedRaftLogWorker: flushIndex: setUnconditionally 0 -> 72
2025-04-23 04:27:59,137 [omNode-3-impl-thread1] INFO  segmented.SegmentedRaftLogWorker (SegmentedRaftLogWorker.java:lambda$new$0(139)) - omNode-3@group-523986131536-SegmentedRaftLogWorker: safeCacheEvictIndex: setUnconditionally 0 -> 68
2025-04-23 04:27:59,137 [omNode-3-impl-thread1] INFO  segmented.BufferedWriteChannel (BufferedWriteChannel.java:open(61)) - open log_inprogress_69 (append) at position 318
2025-04-23 04:27:59,138 [omNode-3-impl-thread1] INFO  raftlog.RaftLog (RaftLogBase.java:lambda$new$0(54)) - omNode-3@group-523986131536-SegmentedRaftLog: purgeIndex: updateToMax old=-1, new=34, updated? true
2025-04-23 04:27:59,138 [omNode-3-impl-thread1] INFO  server.RaftServer$Division (RaftServerImpl.java:start(391)) - omNode-3@group-523986131536: start as a follower, conf=conf: {index: 69, cur=peers:[omNode-3|localhost:15017, omNode-1|localhost:15009, omNode-2|localhost:15013]|listeners:[], old=null}
2025-04-23 04:27:59,138 [omNode-3-impl-thread1] INFO  server.RaftServer$Division (RaftServerImpl.java:setRole(378)) - omNode-3@group-523986131536: changes role from      null to FOLLOWER at term 6 for startAsFollower
2025-04-23 04:27:59,138 [omNode-3-impl-thread1] INFO  impl.RoleInfo (RoleInfo.java:updateAndGet(148)) - omNode-3: start omNode-3@group-523986131536-FollowerState
2025-04-23 04:27:59,138 [omNode-3-impl-thread1] INFO  util.JmxRegister (JmxRegister.java:tryRegister(44)) - Successfully registered JMX Bean with object name Ratis:service=RaftServer,group=group-523986131536,id=omNode-3
2025-04-23 04:27:59,138 [omNode-3@group-523986131536-FollowerState] INFO  server.RaftServerConfigKeys (ConfUtils.java:logFallback(53)) - raft.server.rpc.first-election.timeout.min = 1s (fallback to raft.server.rpc.timeout.min)
2025-04-23 04:27:59,138 [omNode-3@group-523986131536-FollowerState] INFO  server.RaftServerConfigKeys (ConfUtils.java:logFallback(53)) - raft.server.rpc.first-election.timeout.max = 1200ms (fallback to raft.server.rpc.timeout.max)
2025-04-23 04:27:59,138 [omNode-3-impl-thread1] INFO  util.JmxRegister (JmxRegister.java:register(58)) - register mxBean class org.apache.ratis.server.impl.RaftServerJmxAdapter as Ratis:service=RaftServer,group=group-523986131536,id=omNode-3
2025-04-23 04:27:59,138 [omNode-3-impl-thread1] INFO  server.RaftServerConfigKeys (ConfUtils.java:logGet(46)) - raft.server.snapshot.trigger-when-stop.enabled = true (default)
2025-04-23 04:27:59,138 [omNode-3-impl-thread1] INFO  server.RaftServerConfigKeys (ConfUtils.java:logGet(46)) - raft.server.snapshot.trigger-when-remove.enabled = true (default)
2025-04-23 04:27:59,138 [omNode-3-impl-thread1] INFO  server.RaftServerConfigKeys (ConfUtils.java:logGet(46)) - raft.server.snapshot.auto.trigger.enabled = true (custom)
2025-04-23 04:27:59,138 [omNode-3-impl-thread1] INFO  server.RaftServerConfigKeys (ConfUtils.java:logGet(46)) - raft.server.snapshot.auto.trigger.threshold = 50 (custom)
2025-04-23 04:27:59,138 [omNode-3-impl-thread1] INFO  server.RaftServerConfigKeys (ConfUtils.java:logGet(46)) - raft.server.snapshot.retention.file.num = -1 (default)
2025-04-23 04:27:59,139 [omNode-3-impl-thread1] INFO  server.RaftServerConfigKeys (ConfUtils.java:logGet(46)) - raft.server.log.purge.upto.snapshot.index = true (custom)
2025-04-23 04:27:59,139 [omNode-3-impl-thread1] INFO  server.RaftServer$Division (RaftServerImpl.java:start(405)) - omNode-3@group-523986131536: Successfully started.
2025-04-23 04:27:59,139 [main] INFO  server.RaftServer (RaftServerProxy.java:startImpl(407)) - omNode-3: start RPC server
2025-04-23 04:27:59,140 [main] INFO  server.GrpcService (GrpcService.java:startImpl(334)) - omNode-3: GrpcService started, listening on 15017
2025-04-23 04:27:59,140 [main] INFO  om.OzoneManager (OzoneManager.java:getRpcServer(1360)) - Creating RPC Server
2025-04-23 04:27:59,140 [JvmPauseMonitor20] INFO  util.JvmPauseMonitor (JvmPauseMonitor.java:run(146)) - JvmPauseMonitor-omNode-3: Started
2025-04-23 04:27:59,489 [main] INFO  reflections.Reflections (Reflections.java:scan(219)) - Reflections took 349 ms to scan 22 urls, producing 61 keys and 7422 values
2025-04-23 04:27:59,490 [main] INFO  ipc.CallQueueManager (CallQueueManager.java:<init>(93)) - Using callQueue: class java.util.concurrent.LinkedBlockingQueue, queueCapacity: 2000, scheduler: class org.apache.hadoop.ipc.DefaultRpcScheduler, ipcBackoff: false, ipcFailOver: false.
2025-04-23 04:27:59,490 [main] INFO  ipc.Server (Server.java:<init>(1438)) - Listener at localhost:15014
2025-04-23 04:27:59,491 [Socket Reader #1 for port 15014] INFO  ipc.Server (Server.java:run(1474)) - Starting Socket Reader #1 for port 15014
2025-04-23 04:27:59,491 [Socket Reader #2 for port 15014] INFO  ipc.Server (Server.java:run(1474)) - Starting Socket Reader #2 for port 15014
2025-04-23 04:27:59,491 [Socket Reader #3 for port 15014] INFO  ipc.Server (Server.java:run(1474)) - Starting Socket Reader #3 for port 15014
2025-04-23 04:27:59,491 [Socket Reader #4 for port 15014] INFO  ipc.Server (Server.java:run(1474)) - Starting Socket Reader #4 for port 15014
2025-04-23 04:27:59,491 [Socket Reader #5 for port 15014] INFO  ipc.Server (Server.java:run(1474)) - Starting Socket Reader #5 for port 15014
2025-04-23 04:27:59,492 [Socket Reader #6 for port 15014] INFO  ipc.Server (Server.java:run(1474)) - Starting Socket Reader #6 for port 15014
2025-04-23 04:27:59,492 [Socket Reader #7 for port 15014] INFO  ipc.Server (Server.java:run(1474)) - Starting Socket Reader #7 for port 15014
2025-04-23 04:27:59,492 [Socket Reader #8 for port 15014] INFO  ipc.Server (Server.java:run(1474)) - Starting Socket Reader #8 for port 15014
2025-04-23 04:27:59,492 [Socket Reader #9 for port 15014] INFO  ipc.Server (Server.java:run(1474)) - Starting Socket Reader #9 for port 15014
2025-04-23 04:27:59,492 [Socket Reader #10 for port 15014] INFO  ipc.Server (Server.java:run(1474)) - Starting Socket Reader #10 for port 15014
2025-04-23 04:27:59,494 [main] INFO  http.BaseHttpServer (BaseHttpServer.java:newHttpServer2BuilderForOzone(229)) - Starting Web-server for ozoneManager at: http://0.0.0.0:15015
2025-04-23 04:27:59,494 [main] INFO  http.BaseHttpServer (BaseHttpServer.java:<init>(107)) - Hadoop Security Enabled: false Ozone Security Enabled: false Ozone HTTP Security Enabled: false 
2025-04-23 04:27:59,495 [main] WARN  server.AuthenticationFilter (AuthenticationFilter.java:constructSecretProvider(240)) - Unable to initialize FileSignerSecretProvider, falling back to use random secrets. Reason: Could not read signature secret file: /home/runner/hadoop-http-auth-signature-secret
2025-04-23 04:27:59,497 [main] INFO  http.HttpServer2 (HttpServer2.java:addGlobalFilter(1041)) - Added global filter 'safety' (class=org.apache.hadoop.hdds.server.http.HttpServer2$QuotingInputFilter)
2025-04-23 04:27:59,497 [main] INFO  http.HttpServer2 (HttpServer2.java:addFilter(1017)) - Added filter static_user_filter (class=org.apache.hadoop.http.lib.StaticUserWebFilter$StaticUserFilter) to context ozoneManager
2025-04-23 04:27:59,497 [main] INFO  http.HttpServer2 (HttpServer2.java:addFilter(1025)) - Added filter static_user_filter (class=org.apache.hadoop.http.lib.StaticUserWebFilter$StaticUserFilter) to context logs
2025-04-23 04:27:59,497 [main] INFO  http.HttpServer2 (HttpServer2.java:addFilter(1025)) - Added filter static_user_filter (class=org.apache.hadoop.http.lib.StaticUserWebFilter$StaticUserFilter) to context static
2025-04-23 04:27:59,497 [main] INFO  http.BaseHttpServer (BaseHttpServer.java:<init>(195)) - HTTP server of ozoneManager uses base directory /home/runner/work/ozone/ozone/hadoop-ozone/integration-test/target/test-dir/MiniOzoneClusterImpl-ff59c164-3798-4a7f-a16d-eeed9ffb3244/omNode-3/webserver
2025-04-23 04:27:59,498 [main] INFO  http.HttpServer2 (HttpServer2.java:bindListener(1241)) - Jetty bound to port 15015
2025-04-23 04:27:59,498 [main] INFO  server.Server (Server.java:doStart(375)) - jetty-9.4.57.v20241219; built: 2025-01-08T21:24:30.412Z; git: df524e6b29271c2e09ba9aea83c18dc9db464a31; jvm 21.0.7+6-LTS
2025-04-23 04:27:59,499 [main] INFO  server.session (DefaultSessionIdManager.java:doStart(334)) - DefaultSessionIdManager workerName=node0
2025-04-23 04:27:59,499 [main] INFO  server.session (DefaultSessionIdManager.java:doStart(339)) - No SessionScavenger set, using defaults
2025-04-23 04:27:59,499 [main] INFO  server.session (HouseKeeper.java:startScavenging(132)) - node0 Scavenging every 600000ms
2025-04-23 04:27:59,499 [main] INFO  handler.ContextHandler (ContextHandler.java:doStart(921)) - Started o.e.j.s.ServletContextHandler@3e667a7{logs,/logs,file:///home/runner/work/ozone/ozone/hadoop-ozone/integration-test/target/log,AVAILABLE}
2025-04-23 04:27:59,500 [main] INFO  handler.ContextHandler (ContextHandler.java:doStart(921)) - Started o.e.j.s.ServletContextHandler@5497e233{static,/static,file:///home/runner/work/ozone/ozone/hadoop-ozone/integration-test/target/test-classes/webapps/static,AVAILABLE}
2025-04-23 04:27:59,503 [main] INFO  handler.ContextHandler (ContextHandler.java:doStart(921)) - Started o.e.j.w.WebAppContext@746613dc{ozoneManager,/,file:///home/runner/work/ozone/ozone/hadoop-ozone/integration-test/target/test-classes/webapps/ozoneManager/,AVAILABLE}{file:/home/runner/work/ozone/ozone/hadoop-ozone/integration-test/target/test-classes/webapps/ozoneManager}
2025-04-23 04:27:59,504 [main] INFO  server.AbstractConnector (AbstractConnector.java:doStart(333)) - Started ServerConnector@29384b03{HTTP/1.1, (http/1.1)}{0.0.0.0:15015}
2025-04-23 04:27:59,504 [main] INFO  server.Server (Server.java:doStart(415)) - Started @82923ms
2025-04-23 04:27:59,504 [main] WARN  impl.MetricsSystemImpl (MetricsSystemImpl.java:register(279)) - Sink prometheus already exists!
2025-04-23 04:27:59,505 [main] INFO  http.BaseHttpServer (BaseHttpServer.java:updateConnectorAddress(360)) - HTTP server of ozoneManager listening at http://0.0.0.0:15015
2025-04-23 04:27:59,505 [IPC Server Responder] INFO  ipc.Server (Server.java:run(1713)) - IPC Server Responder: starting
2025-04-23 04:27:59,505 [IPC Server listener on 15014] INFO  ipc.Server (Server.java:run(1553)) - IPC Server listener on 15014: starting
2025-04-23 04:27:59,507 [main] INFO  om.OzoneManager (OzoneManager.java:startTrashEmptier(2257)) - Trash Interval set to 0. Files deleted won't move to trash
2025-04-23 04:27:59,508 [main] INFO  om.OzoneManager (OzoneManager.java:restart(1878)) - OzoneManager RPC server is listening at localhost/127.0.0.1:15006
2025-04-23 04:27:59,508 [main] INFO  impl.MetricsSystemImpl (MetricsSystemImpl.java:init(158)) - OzoneManager metrics system started (again)
2025-04-23 04:27:59,523 [main] WARN  server.ServerUtils (ServerUtils.java:getDBPath(297)) - ozone.om.db.dirs is not configured. We recommend adding this setting. Falling back to ozone.metadata.dirs instead.
2025-04-23 04:27:59,564 [main] INFO  om.OzoneManager (OzoneManager.java:instantiateServices(933)) - S3 Multi-Tenancy is disabled
2025-04-23 04:27:59,564 [main] INFO  om.OmSnapshotManager (OmSnapshotManager.java:<init>(180)) - Ozone filesystem snapshot feature is enabled.
2025-04-23 04:27:59,564 [main] WARN  server.ServerUtils (ServerUtils.java:getDBPath(297)) - ozone.om.snapshot.diff.db.dir is not configured. We recommend adding this setting. Falling back to ozone.metadata.dirs instead.
2025-04-23 04:27:59,577 [main] WARN  dropwizard3.Dm3MetricRegistriesImpl (Dm3MetricRegistriesImpl.java:addReporterRegistration(114)) - New reporters are added after registries were created. Some metrics will be missing from the reporter. Please add reporter before adding any new registry.
2025-04-23 04:27:59,577 [main] WARN  dropwizard3.Dm3MetricRegistriesImpl (Dm3MetricRegistriesImpl.java:addReporterRegistration(114)) - New reporters are added after registries were created. Some metrics will be missing from the reporter. Please add reporter before adding any new registry.
2025-04-23 04:27:59,577 [main] WARN  server.ServerUtils (ServerUtils.java:getDefaultRatisDirectory(309)) - Storage directory for Ratis is not configured. It is a good idea to map this to an SSD disk. Falling back to ozone.metadata.dirs
2025-04-23 04:27:59,578 [main] INFO  server.RaftServerConfigKeys (ConfUtils.java:logGet(46)) - raft.server.log.appender.buffer.byte-limit = 4194304 (custom)
2025-04-23 04:27:59,578 [main] INFO  ratis.OzoneManagerRatisServer (OzoneManagerRatisServer.java:<init>(167)) - Instantiating OM Ratis server with groupID: om-service-test1 and peers: localhost:15009, localhost:15017, localhost:15013
2025-04-23 04:27:59,579 [main] INFO  ratis.OzoneManagerStateMachine (OzoneManagerStateMachine.java:loadSnapshotInfoFromDB(611)) - LastAppliedIndex is set from TransactionInfo from OM DB as (t:7, i:76)
2025-04-23 04:27:59,579 [main] INFO  server.RaftServer (ConfUtils.java:logGet(46)) - raft.rpc.type = GRPC (default)
2025-04-23 04:27:59,579 [main] INFO  grpc.GrpcConfigKeys (ConfUtils.java:logFallback(53)) - raft.grpc.admin.host = null (fallback to raft.grpc.server.host)
2025-04-23 04:27:59,579 [main] INFO  grpc.GrpcConfigKeys (ConfUtils.java:logFallback(53)) - raft.grpc.admin.port = 15009 (fallback to raft.grpc.server.port)
2025-04-23 04:27:59,579 [main] INFO  grpc.GrpcConfigKeys (ConfUtils.java:logFallback(53)) - raft.grpc.client.host = null (fallback to raft.grpc.server.host)
2025-04-23 04:27:59,579 [main] INFO  grpc.GrpcConfigKeys (ConfUtils.java:logFallback(53)) - raft.grpc.client.port = 15009 (fallback to raft.grpc.server.port)
2025-04-23 04:27:59,579 [main] INFO  grpc.GrpcConfigKeys (ConfUtils.java:logGet(46)) - raft.grpc.server.host = null (default)
2025-04-23 04:27:59,579 [main] INFO  grpc.GrpcConfigKeys (ConfUtils.java:logGet(46)) - raft.grpc.server.port = 15009 (custom)
2025-04-23 04:27:59,580 [main] INFO  server.GrpcService (ConfUtils.java:logGet(46)) - raft.grpc.message.size.max = 5242880 (custom)
2025-04-23 04:27:59,580 [main] INFO  server.GrpcService (ConfUtils.java:logGet(46)) - raft.grpc.flow.control.window = 1MB (=1048576) (default)
2025-04-23 04:27:59,580 [main] INFO  server.RaftServerConfigKeys (ConfUtils.java:logGet(46)) - raft.server.rpc.request.timeout = 3000ms (default)
2025-04-23 04:27:59,580 [main] INFO  grpc.GrpcConfigKeys (ConfUtils.java:logGet(46)) - raft.grpc.server.heartbeat.channel = true (default)
2025-04-23 04:27:59,580 [main] INFO  server.RaftServerConfigKeys (ConfUtils.java:logGet(46)) - raft.server.log.appender.buffer.byte-limit = 4194304 (custom)
2025-04-23 04:27:59,580 [main] INFO  grpc.GrpcConfigKeys (ConfUtils.java:logGet(46)) - raft.grpc.server.async.request.thread.pool.cached = true (default)
2025-04-23 04:27:59,580 [main] INFO  grpc.GrpcConfigKeys (ConfUtils.java:logGet(46)) - raft.grpc.server.async.request.thread.pool.size = 32 (default)
2025-04-23 04:27:59,581 [main] INFO  impl.DataStreamServerImpl (ConfUtils.java:logGet(46)) - raft.datastream.type = DISABLED (default)
2025-04-23 04:27:59,581 [main] INFO  server.RaftServerConfigKeys (ConfUtils.java:logGet(46)) - raft.server.sleep.deviation.threshold = 300ms (default)
2025-04-23 04:27:59,581 [main] INFO  server.RaftServerConfigKeys (ConfUtils.java:logGet(46)) - raft.server.close.threshold = 60s (default)
2025-04-23 04:27:59,581 [main] INFO  server.RaftServerConfigKeys (ConfUtils.java:logGet(46)) - raft.server.leaderelection.leader.step-down.wait-time = 10s (default)
2025-04-23 04:27:59,581 [main] INFO  server.RaftServerConfigKeys (ConfUtils.java:logGet(46)) - raft.server.storage.dir = [/home/runner/work/ozone/ozone/hadoop-ozone/integration-test/target/test-dir/MiniOzoneClusterImpl-ff59c164-3798-4a7f-a16d-eeed9ffb3244/omNode-1/ratis] (custom)
2025-04-23 04:27:59,581 [main] INFO  server.RaftServerConfigKeys (ConfUtils.java:logGet(46)) - raft.server.threadpool.proxy.cached = true (default)
2025-04-23 04:27:59,581 [main] INFO  server.RaftServerConfigKeys (ConfUtils.java:logGet(46)) - raft.server.threadpool.proxy.size = 0 (default)
2025-04-23 04:27:59,581 [omNode-1-impl-thread1] INFO  server.RaftServer (RaftServerProxy.java:initGroupDir(265)) - omNode-1: found a subdirectory /home/runner/work/ozone/ozone/hadoop-ozone/integration-test/target/test-dir/MiniOzoneClusterImpl-ff59c164-3798-4a7f-a16d-eeed9ffb3244/omNode-1/ratis/c9bc4cf4-3bc3-3c60-a66b-523986131536
2025-04-23 04:27:59,582 [main] INFO  server.RaftServer (RaftServerProxy.java:addNew(100)) - omNode-1: addNew group-523986131536:[omNode-3|localhost:15017, omNode-1|localhost:15009, omNode-2|localhost:15013] returns group-523986131536:java.util.concurrent.CompletableFuture@7a81d6e3[Not completed]
2025-04-23 04:27:59,582 [main] INFO  om.OzoneManager (OzoneManager.java:initializeRatisServer(2303)) - OzoneManager Ratis server initialized at port 15009
2025-04-23 04:27:59,582 [main] INFO  ratis.OzoneManagerRatisServer (OzoneManagerRatisServer.java:start(628)) - Starting OzoneManagerRatisServer omNode-1 at port 15009
2025-04-23 04:27:59,582 [omNode-1-groupManagement] INFO  server.RaftServer$Division (RaftServerImpl.java:<init>(255)) - omNode-1: new RaftServerImpl for group-523986131536:[omNode-3|localhost:15017, omNode-1|localhost:15009, omNode-2|localhost:15013] with OzoneManagerStateMachine:uninitialized
2025-04-23 04:27:59,582 [omNode-1-groupManagement] INFO  server.RaftServerConfigKeys (ConfUtils.java:logGet(46)) - raft.server.rpc.timeout.min = 1s (custom)
2025-04-23 04:27:59,582 [omNode-1-groupManagement] INFO  server.RaftServerConfigKeys (ConfUtils.java:logGet(46)) - raft.server.rpc.timeout.max = 1200ms (custom)
2025-04-23 04:27:59,582 [omNode-1-groupManagement] INFO  server.RaftServerConfigKeys (ConfUtils.java:logGet(46)) - raft.server.rpc.sleep.time = 25ms (default)
2025-04-23 04:27:59,582 [omNode-1-groupManagement] INFO  server.RaftServerConfigKeys (ConfUtils.java:logGet(46)) - raft.server.rpc.slowness.timeout = 2s (custom)
2025-04-23 04:27:59,582 [omNode-1-groupManagement] INFO  server.RaftServerConfigKeys (ConfUtils.java:logGet(46)) - raft.server.leaderelection.leader.step-down.wait-time = 10s (default)
2025-04-23 04:27:59,582 [omNode-1-groupManagement] INFO  server.RaftServerConfigKeys (ConfUtils.java:logGet(46)) - raft.server.leaderelection.member.majority-add = false (default)
2025-04-23 04:27:59,582 [omNode-1-groupManagement] INFO  server.RaftServerConfigKeys (ConfUtils.java:logGet(46)) - raft.server.sleep.deviation.threshold = 300ms (default)
2025-04-23 04:27:59,582 [omNode-1-groupManagement] INFO  server.RaftServer$Division (ServerState.java:<init>(114)) - omNode-1@group-523986131536: ConfigurationManager, init=conf: {index: -1, cur=peers:[omNode-3|localhost:15017, omNode-1|localhost:15009, omNode-2|localhost:15013]|listeners:[], old=null}, confs=<EMPTY_MAP>
2025-04-23 04:27:59,582 [omNode-1-groupManagement] INFO  server.RaftServerConfigKeys (ConfUtils.java:logGet(46)) - raft.server.notification.no-leader.timeout = 2s (custom)
2025-04-23 04:27:59,582 [omNode-1-groupManagement] INFO  server.RaftServerConfigKeys (ConfUtils.java:logGet(46)) - raft.server.read.timeout = 10s (default)
2025-04-23 04:27:59,582 [omNode-1-groupManagement] INFO  server.RaftServerConfigKeys (ConfUtils.java:logGet(46)) - raft.server.retrycache.expirytime = 30000ms (custom)
2025-04-23 04:27:59,582 [omNode-1-groupManagement] INFO  server.RaftServerConfigKeys (ConfUtils.java:logGet(46)) - raft.server.retrycache.statistics.expirytime = 100ms (default)
2025-04-23 04:27:59,582 [omNode-1-groupManagement] INFO  server.RaftServerConfigKeys (ConfUtils.java:logGet(46)) - raft.server.read.option = DEFAULT (default)
2025-04-23 04:27:59,582 [omNode-1-groupManagement] INFO  server.RaftServerConfigKeys (ConfUtils.java:logGet(46)) - raft.server.read.read-after-write-consistent.write-index-cache.expiry-time = 60s (default)
2025-04-23 04:27:59,584 [omNode-1-groupManagement] INFO  server.RaftServerConfigKeys (ConfUtils.java:logGet(46)) - raft.server.rpc.request.timeout = 3000ms (default)
2025-04-23 04:27:59,584 [omNode-1-groupManagement] INFO  server.RaftServerConfigKeys (ConfUtils.java:logGet(46)) - raft.server.log.appender.install.snapshot.enabled = false (custom)
2025-04-23 04:27:59,584 [omNode-1-groupManagement] INFO  server.RaftServerConfigKeys (ConfUtils.java:logGet(46)) - raft.server.threadpool.server.cached = true (default)
2025-04-23 04:27:59,584 [omNode-1-groupManagement] INFO  server.RaftServerConfigKeys (ConfUtils.java:logGet(46)) - raft.server.threadpool.server.size = 0 (default)
2025-04-23 04:27:59,584 [omNode-1-groupManagement] INFO  server.RaftServerConfigKeys (ConfUtils.java:logGet(46)) - raft.server.threadpool.client.cached = true (default)
2025-04-23 04:27:59,584 [omNode-1-groupManagement] INFO  server.RaftServerConfigKeys (ConfUtils.java:logGet(46)) - raft.server.threadpool.client.size = 0 (default)
2025-04-23 04:27:59,584 [omNode-1-impl-thread1] INFO  server.RaftServerConfigKeys (ConfUtils.java:logGet(46)) - raft.server.storage.free-space.min = 0MB (=0) (default)
2025-04-23 04:27:59,584 [omNode-1-impl-thread1] INFO  server.RaftServerConfigKeys (ConfUtils.java:logGet(46)) - raft.server.log.corruption.policy = EXCEPTION (default)
2025-04-23 04:27:59,584 [omNode-1-impl-thread1] INFO  server.RaftServerConfigKeys (ConfUtils.java:logGet(46)) - raft.server.storage.dir = [/home/runner/work/ozone/ozone/hadoop-ozone/integration-test/target/test-dir/MiniOzoneClusterImpl-ff59c164-3798-4a7f-a16d-eeed9ffb3244/omNode-1/ratis] (custom)
2025-04-23 04:27:59,585 [omNode-1-impl-thread1] INFO  storage.RaftStorageDirectory (RaftStorageDirectoryImpl.java:tryLock(229)) - Lock on /home/runner/work/ozone/ozone/hadoop-ozone/integration-test/target/test-dir/MiniOzoneClusterImpl-ff59c164-3798-4a7f-a16d-eeed9ffb3244/omNode-1/ratis/c9bc4cf4-3bc3-3c60-a66b-523986131536/in_use.lock acquired by nodename 129558@fv-az1441-587
2025-04-23 04:27:59,586 [omNode-1-impl-thread1] INFO  storage.RaftStorage (RaftStorageImpl.java:analyzeAndRecoverStorage(118)) - Read RaftStorageMetadata{term=7, votedFor=omNode-2} from /home/runner/work/ozone/ozone/hadoop-ozone/integration-test/target/test-dir/MiniOzoneClusterImpl-ff59c164-3798-4a7f-a16d-eeed9ffb3244/omNode-1/ratis/c9bc4cf4-3bc3-3c60-a66b-523986131536/current/raft-meta
2025-04-23 04:27:59,586 [omNode-1-impl-thread1] INFO  server.RaftServer$Division (ServerState.java:setRaftConf(386)) - omNode-1@group-523986131536: set configuration conf: {index: 73, cur=peers:[omNode-3|localhost:15017, omNode-1|localhost:15009, omNode-2|localhost:15013]|listeners:[], old=null}
2025-04-23 04:27:59,586 [omNode-1-impl-thread1] INFO  ratis.OzoneManagerStateMachine (OzoneManagerStateMachine.java:lambda$0(138)) - omNode-1: initialize group-523986131536 with (t:7, i:76)
2025-04-23 04:27:59,586 [omNode-1-impl-thread1] INFO  server.RaftServerConfigKeys (ConfUtils.java:logGet(46)) - raft.server.log.use.memory = false (default)
2025-04-23 04:27:59,586 [omNode-1-impl-thread1] INFO  server.RaftServerConfigKeys (ConfUtils.java:logGet(46)) - raft.server.log.purge.gap = 50 (custom)
2025-04-23 04:27:59,586 [omNode-1-impl-thread1] INFO  server.RaftServerConfigKeys (ConfUtils.java:logGet(46)) - raft.server.log.appender.buffer.byte-limit = 4194304 (custom)
2025-04-23 04:27:59,586 [omNode-1-impl-thread1] INFO  server.RaftServerConfigKeys (ConfUtils.java:logGet(46)) - raft.server.log.statemachine.data.read.timeout = 1000ms (default)
2025-04-23 04:27:59,586 [omNode-1-impl-thread1] INFO  server.RaftServerConfigKeys (ConfUtils.java:logGet(46)) - raft.server.log.purge.preservation.log.num = 0 (default)
2025-04-23 04:27:59,587 [omNode-1-impl-thread1] INFO  server.RaftServerConfigKeys (ConfUtils.java:logGet(46)) - raft.server.log.segment.size.max = 4194304 (custom)
2025-04-23 04:27:59,587 [omNode-1-impl-thread1] INFO  server.RaftServerConfigKeys (ConfUtils.java:logGet(46)) - raft.server.log.segment.cache.num.max = 2 (custom)
2025-04-23 04:27:59,587 [omNode-1-impl-thread1] INFO  server.RaftServerConfigKeys (ConfUtils.java:logGet(46)) - raft.server.log.segment.cache.size.max = 200MB (=209715200) (default)
2025-04-23 04:27:59,587 [omNode-1-impl-thread1] INFO  server.RaftServerConfigKeys (ConfUtils.java:logGet(46)) - raft.server.log.appender.buffer.byte-limit = 4194304 (custom)
2025-04-23 04:27:59,587 [omNode-1-impl-thread1] INFO  util.AwaitToRun (AwaitToRun.java:start(81)) - Thread[#3338,omNode-1@group-523986131536-cacheEviction-AwaitToRun,5,main] started
2025-04-23 04:27:59,587 [omNode-1-impl-thread1] INFO  segmented.SegmentedRaftLogWorker (SegmentedRaftLogWorker.java:<init>(188)) - new omNode-1@group-523986131536-SegmentedRaftLogWorker for RaftStorageImpl:Storage Directory /home/runner/work/ozone/ozone/hadoop-ozone/integration-test/target/test-dir/MiniOzoneClusterImpl-ff59c164-3798-4a7f-a16d-eeed9ffb3244/omNode-1/ratis/c9bc4cf4-3bc3-3c60-a66b-523986131536
2025-04-23 04:27:59,587 [omNode-1-impl-thread1] INFO  server.RaftServerConfigKeys (ConfUtils.java:logGet(46)) - raft.server.log.queue.byte-limit = 64MB (=67108864) (default)
2025-04-23 04:27:59,587 [omNode-1-impl-thread1] INFO  server.RaftServerConfigKeys (ConfUtils.java:logGet(46)) - raft.server.log.queue.element-limit = 4096 (default)
2025-04-23 04:27:59,587 [omNode-1-impl-thread1] INFO  server.RaftServerConfigKeys (ConfUtils.java:logGet(46)) - raft.server.log.segment.size.max = 4194304 (custom)
2025-04-23 04:27:59,587 [omNode-1-impl-thread1] INFO  server.RaftServerConfigKeys (ConfUtils.java:logGet(46)) - raft.server.log.preallocated.size = 4194304 (custom)
2025-04-23 04:27:59,587 [omNode-1-impl-thread1] INFO  server.RaftServerConfigKeys (ConfUtils.java:logGet(46)) - raft.server.log.force.sync.num = 128 (default)
2025-04-23 04:27:59,587 [omNode-1-impl-thread1] INFO  server.RaftServerConfigKeys (ConfUtils.java:logGet(46)) - raft.server.log.statemachine.data.sync = true (default)
2025-04-23 04:27:59,587 [omNode-1-impl-thread1] INFO  server.RaftServerConfigKeys (ConfUtils.java:logGet(46)) - raft.server.log.statemachine.data.sync.timeout = 10s (default)
2025-04-23 04:27:59,588 [omNode-1-impl-thread1] INFO  server.RaftServerConfigKeys (ConfUtils.java:logGet(46)) - raft.server.log.statemachine.data.sync.timeout.retry = -1 (default)
2025-04-23 04:27:59,588 [omNode-1-impl-thread1] INFO  server.RaftServerConfigKeys (ConfUtils.java:logGet(46)) - raft.server.log.write.buffer.size = 4194312 (custom)
2025-04-23 04:27:59,588 [omNode-1-impl-thread1] INFO  server.RaftServerConfigKeys (ConfUtils.java:logGet(46)) - raft.server.log.appender.buffer.byte-limit = 4194304 (custom)
2025-04-23 04:27:59,588 [omNode-1-impl-thread1] INFO  server.RaftServerConfigKeys (ConfUtils.java:logGet(46)) - raft.server.log.unsafe-flush.enabled = false (default)
2025-04-23 04:27:59,588 [omNode-1-impl-thread1] INFO  server.RaftServerConfigKeys (ConfUtils.java:logGet(46)) - raft.server.log.async-flush.enabled = false (default)
2025-04-23 04:27:59,588 [omNode-1-impl-thread1] INFO  server.RaftServerConfigKeys (ConfUtils.java:logGet(46)) - raft.server.log.statemachine.data.caching.enabled = false (default)
2025-04-23 04:27:59,588 [omNode-1-impl-thread1] INFO  server.RaftServer$Division (ServerState.java:setRaftConf(386)) - omNode-1@group-523986131536: set configuration conf: {index: 35, cur=peers:[omNode-3|localhost:15017, omNode-1|localhost:15009, omNode-2|localhost:15013]|listeners:[], old=null}
2025-04-23 04:27:59,589 [omNode-1-impl-thread1] INFO  segmented.LogSegment (LogSegment.java:loadSegment(171)) - Successfully read 34 entries from segment file /home/runner/work/ozone/ozone/hadoop-ozone/integration-test/target/test-dir/MiniOzoneClusterImpl-ff59c164-3798-4a7f-a16d-eeed9ffb3244/omNode-1/ratis/c9bc4cf4-3bc3-3c60-a66b-523986131536/current/log_35-68
2025-04-23 04:27:59,589 [omNode-1-impl-thread1] INFO  server.RaftServer$Division (ServerState.java:setRaftConf(386)) - omNode-1@group-523986131536: set configuration conf: {index: 69, cur=peers:[omNode-3|localhost:15017, omNode-1|localhost:15009, omNode-2|localhost:15013]|listeners:[], old=null}
2025-04-23 04:27:59,589 [omNode-1-impl-thread1] INFO  segmented.LogSegment (LogSegment.java:loadSegment(171)) - Successfully read 4 entries from segment file /home/runner/work/ozone/ozone/hadoop-ozone/integration-test/target/test-dir/MiniOzoneClusterImpl-ff59c164-3798-4a7f-a16d-eeed9ffb3244/omNode-1/ratis/c9bc4cf4-3bc3-3c60-a66b-523986131536/current/log_69-72
2025-04-23 04:27:59,589 [omNode-1-impl-thread1] INFO  server.RaftServer$Division (ServerState.java:setRaftConf(386)) - omNode-1@group-523986131536: set configuration conf: {index: 73, cur=peers:[omNode-3|localhost:15017, omNode-1|localhost:15009, omNode-2|localhost:15013]|listeners:[], old=null}
2025-04-23 04:27:59,589 [omNode-1-impl-thread1] INFO  segmented.LogSegment (LogSegment.java:loadSegment(171)) - Successfully read 4 entries from segment file /home/runner/work/ozone/ozone/hadoop-ozone/integration-test/target/test-dir/MiniOzoneClusterImpl-ff59c164-3798-4a7f-a16d-eeed9ffb3244/omNode-1/ratis/c9bc4cf4-3bc3-3c60-a66b-523986131536/current/log_inprogress_73
2025-04-23 04:27:59,589 [omNode-1-impl-thread1] INFO  segmented.SegmentedRaftLogWorker (SegmentedRaftLogWorker.java:lambda$new$0(139)) - omNode-1@group-523986131536-SegmentedRaftLogWorker: flushIndex: setUnconditionally 0 -> 76
2025-04-23 04:27:59,589 [omNode-1-impl-thread1] INFO  segmented.SegmentedRaftLogWorker (SegmentedRaftLogWorker.java:lambda$new$0(139)) - omNode-1@group-523986131536-SegmentedRaftLogWorker: safeCacheEvictIndex: setUnconditionally 0 -> 72
2025-04-23 04:27:59,589 [omNode-1-impl-thread1] INFO  segmented.BufferedWriteChannel (BufferedWriteChannel.java:open(61)) - open log_inprogress_73 (append) at position 318
2025-04-23 04:27:59,590 [omNode-1-impl-thread1] INFO  raftlog.RaftLog (RaftLogBase.java:lambda$new$0(54)) - omNode-1@group-523986131536-SegmentedRaftLog: purgeIndex: updateToMax old=-1, new=34, updated? true
2025-04-23 04:27:59,590 [omNode-1-impl-thread1] INFO  server.RaftServer$Division (RaftServerImpl.java:start(391)) - omNode-1@group-523986131536: start as a follower, conf=conf: {index: 73, cur=peers:[omNode-3|localhost:15017, omNode-1|localhost:15009, omNode-2|localhost:15013]|listeners:[], old=null}
2025-04-23 04:27:59,590 [omNode-1-impl-thread1] INFO  server.RaftServer$Division (RaftServerImpl.java:setRole(378)) - omNode-1@group-523986131536: changes role from      null to FOLLOWER at term 7 for startAsFollower
2025-04-23 04:27:59,590 [omNode-1-impl-thread1] INFO  impl.RoleInfo (RoleInfo.java:updateAndGet(148)) - omNode-1: start omNode-1@group-523986131536-FollowerState
2025-04-23 04:27:59,590 [omNode-1-impl-thread1] INFO  util.JmxRegister (JmxRegister.java:tryRegister(44)) - Successfully registered JMX Bean with object name Ratis:service=RaftServer,group=group-523986131536,id=omNode-1
2025-04-23 04:27:59,590 [omNode-1-impl-thread1] INFO  util.JmxRegister (JmxRegister.java:register(58)) - register mxBean class org.apache.ratis.server.impl.RaftServerJmxAdapter as Ratis:service=RaftServer,group=group-523986131536,id=omNode-1
2025-04-23 04:27:59,590 [omNode-1@group-523986131536-FollowerState] INFO  server.RaftServerConfigKeys (ConfUtils.java:logFallback(53)) - raft.server.rpc.first-election.timeout.min = 1s (fallback to raft.server.rpc.timeout.min)
2025-04-23 04:27:59,590 [omNode-1-impl-thread1] INFO  server.RaftServerConfigKeys (ConfUtils.java:logGet(46)) - raft.server.snapshot.trigger-when-stop.enabled = true (default)
2025-04-23 04:27:59,590 [omNode-1-impl-thread1] INFO  server.RaftServerConfigKeys (ConfUtils.java:logGet(46)) - raft.server.snapshot.trigger-when-remove.enabled = true (default)
2025-04-23 04:27:59,590 [omNode-1@group-523986131536-FollowerState] INFO  server.RaftServerConfigKeys (ConfUtils.java:logFallback(53)) - raft.server.rpc.first-election.timeout.max = 1200ms (fallback to raft.server.rpc.timeout.max)
2025-04-23 04:27:59,590 [omNode-1-impl-thread1] INFO  server.RaftServerConfigKeys (ConfUtils.java:logGet(46)) - raft.server.snapshot.auto.trigger.enabled = true (custom)
2025-04-23 04:27:59,590 [omNode-1-impl-thread1] INFO  server.RaftServerConfigKeys (ConfUtils.java:logGet(46)) - raft.server.snapshot.auto.trigger.threshold = 50 (custom)
2025-04-23 04:27:59,590 [omNode-1-impl-thread1] INFO  server.RaftServerConfigKeys (ConfUtils.java:logGet(46)) - raft.server.snapshot.retention.file.num = -1 (default)
2025-04-23 04:27:59,590 [omNode-1-impl-thread1] INFO  server.RaftServerConfigKeys (ConfUtils.java:logGet(46)) - raft.server.log.purge.upto.snapshot.index = true (custom)
2025-04-23 04:27:59,591 [omNode-1-impl-thread1] INFO  server.RaftServer$Division (RaftServerImpl.java:start(405)) - omNode-1@group-523986131536: Successfully started.
2025-04-23 04:27:59,591 [main] INFO  server.RaftServer (RaftServerProxy.java:startImpl(407)) - omNode-1: start RPC server
2025-04-23 04:27:59,591 [main] INFO  server.GrpcService (GrpcService.java:startImpl(334)) - omNode-1: GrpcService started, listening on 15009
2025-04-23 04:27:59,591 [main] INFO  om.OzoneManager (OzoneManager.java:getRpcServer(1360)) - Creating RPC Server
2025-04-23 04:27:59,592 [JvmPauseMonitor21] INFO  util.JvmPauseMonitor (JvmPauseMonitor.java:run(146)) - JvmPauseMonitor-omNode-1: Started
2025-04-23 04:27:59,959 [main] INFO  reflections.Reflections (Reflections.java:scan(219)) - Reflections took 367 ms to scan 22 urls, producing 61 keys and 7422 values
2025-04-23 04:27:59,960 [main] INFO  ipc.CallQueueManager (CallQueueManager.java:<init>(93)) - Using callQueue: class java.util.concurrent.LinkedBlockingQueue, queueCapacity: 2000, scheduler: class org.apache.hadoop.ipc.DefaultRpcScheduler, ipcBackoff: false, ipcFailOver: false.
2025-04-23 04:27:59,961 [main] INFO  ipc.Server (Server.java:<init>(1438)) - Listener at localhost:15006
2025-04-23 04:27:59,961 [Socket Reader #1 for port 15006] INFO  ipc.Server (Server.java:run(1474)) - Starting Socket Reader #1 for port 15006
2025-04-23 04:27:59,961 [Socket Reader #2 for port 15006] INFO  ipc.Server (Server.java:run(1474)) - Starting Socket Reader #2 for port 15006
2025-04-23 04:27:59,961 [Socket Reader #3 for port 15006] INFO  ipc.Server (Server.java:run(1474)) - Starting Socket Reader #3 for port 15006
2025-04-23 04:27:59,962 [Socket Reader #4 for port 15006] INFO  ipc.Server (Server.java:run(1474)) - Starting Socket Reader #4 for port 15006
2025-04-23 04:27:59,962 [Socket Reader #5 for port 15006] INFO  ipc.Server (Server.java:run(1474)) - Starting Socket Reader #5 for port 15006
2025-04-23 04:27:59,962 [Socket Reader #6 for port 15006] INFO  ipc.Server (Server.java:run(1474)) - Starting Socket Reader #6 for port 15006
2025-04-23 04:27:59,962 [Socket Reader #7 for port 15006] INFO  ipc.Server (Server.java:run(1474)) - Starting Socket Reader #7 for port 15006
2025-04-23 04:27:59,962 [Socket Reader #8 for port 15006] INFO  ipc.Server (Server.java:run(1474)) - Starting Socket Reader #8 for port 15006
2025-04-23 04:27:59,962 [Socket Reader #9 for port 15006] INFO  ipc.Server (Server.java:run(1474)) - Starting Socket Reader #9 for port 15006
2025-04-23 04:27:59,962 [Socket Reader #10 for port 15006] INFO  ipc.Server (Server.java:run(1474)) - Starting Socket Reader #10 for port 15006
2025-04-23 04:27:59,964 [main] INFO  http.BaseHttpServer (BaseHttpServer.java:newHttpServer2BuilderForOzone(229)) - Starting Web-server for ozoneManager at: http://0.0.0.0:15007
2025-04-23 04:27:59,964 [main] INFO  http.BaseHttpServer (BaseHttpServer.java:<init>(107)) - Hadoop Security Enabled: false Ozone Security Enabled: false Ozone HTTP Security Enabled: false 
2025-04-23 04:27:59,965 [main] WARN  server.AuthenticationFilter (AuthenticationFilter.java:constructSecretProvider(240)) - Unable to initialize FileSignerSecretProvider, falling back to use random secrets. Reason: Could not read signature secret file: /home/runner/hadoop-http-auth-signature-secret
2025-04-23 04:27:59,967 [main] INFO  http.HttpServer2 (HttpServer2.java:addGlobalFilter(1041)) - Added global filter 'safety' (class=org.apache.hadoop.hdds.server.http.HttpServer2$QuotingInputFilter)
2025-04-23 04:27:59,967 [main] INFO  http.HttpServer2 (HttpServer2.java:addFilter(1017)) - Added filter static_user_filter (class=org.apache.hadoop.http.lib.StaticUserWebFilter$StaticUserFilter) to context ozoneManager
2025-04-23 04:27:59,967 [main] INFO  http.HttpServer2 (HttpServer2.java:addFilter(1025)) - Added filter static_user_filter (class=org.apache.hadoop.http.lib.StaticUserWebFilter$StaticUserFilter) to context static
2025-04-23 04:27:59,967 [main] INFO  http.HttpServer2 (HttpServer2.java:addFilter(1025)) - Added filter static_user_filter (class=org.apache.hadoop.http.lib.StaticUserWebFilter$StaticUserFilter) to context logs
2025-04-23 04:27:59,968 [main] INFO  http.BaseHttpServer (BaseHttpServer.java:<init>(195)) - HTTP server of ozoneManager uses base directory /home/runner/work/ozone/ozone/hadoop-ozone/integration-test/target/test-dir/MiniOzoneClusterImpl-ff59c164-3798-4a7f-a16d-eeed9ffb3244/omNode-1/webserver
2025-04-23 04:27:59,968 [main] INFO  http.HttpServer2 (HttpServer2.java:bindListener(1241)) - Jetty bound to port 15007
2025-04-23 04:27:59,968 [main] INFO  server.Server (Server.java:doStart(375)) - jetty-9.4.57.v20241219; built: 2025-01-08T21:24:30.412Z; git: df524e6b29271c2e09ba9aea83c18dc9db464a31; jvm 21.0.7+6-LTS
2025-04-23 04:27:59,969 [main] INFO  server.session (DefaultSessionIdManager.java:doStart(334)) - DefaultSessionIdManager workerName=node0
2025-04-23 04:27:59,969 [main] INFO  server.session (DefaultSessionIdManager.java:doStart(339)) - No SessionScavenger set, using defaults
2025-04-23 04:27:59,969 [main] INFO  server.session (HouseKeeper.java:startScavenging(132)) - node0 Scavenging every 600000ms
2025-04-23 04:27:59,970 [main] INFO  handler.ContextHandler (ContextHandler.java:doStart(921)) - Started o.e.j.s.ServletContextHandler@16631f69{logs,/logs,file:///home/runner/work/ozone/ozone/hadoop-ozone/integration-test/target/log,AVAILABLE}
2025-04-23 04:27:59,970 [main] INFO  handler.ContextHandler (ContextHandler.java:doStart(921)) - Started o.e.j.s.ServletContextHandler@2ce67b23{static,/static,file:///home/runner/work/ozone/ozone/hadoop-ozone/integration-test/target/test-classes/webapps/static,AVAILABLE}
2025-04-23 04:27:59,973 [main] INFO  handler.ContextHandler (ContextHandler.java:doStart(921)) - Started o.e.j.w.WebAppContext@42b946be{ozoneManager,/,file:///home/runner/work/ozone/ozone/hadoop-ozone/integration-test/target/test-classes/webapps/ozoneManager/,AVAILABLE}{file:/home/runner/work/ozone/ozone/hadoop-ozone/integration-test/target/test-classes/webapps/ozoneManager}
2025-04-23 04:27:59,974 [main] INFO  server.AbstractConnector (AbstractConnector.java:doStart(333)) - Started ServerConnector@481c044d{HTTP/1.1, (http/1.1)}{0.0.0.0:15007}
2025-04-23 04:27:59,974 [main] INFO  server.Server (Server.java:doStart(415)) - Started @83392ms
2025-04-23 04:27:59,974 [main] WARN  impl.MetricsSystemImpl (MetricsSystemImpl.java:register(279)) - Sink prometheus already exists!
2025-04-23 04:27:59,974 [main] INFO  http.BaseHttpServer (BaseHttpServer.java:updateConnectorAddress(360)) - HTTP server of ozoneManager listening at http://0.0.0.0:15007
2025-04-23 04:27:59,974 [IPC Server Responder] INFO  ipc.Server (Server.java:run(1713)) - IPC Server Responder: starting
2025-04-23 04:27:59,975 [IPC Server listener on 15006] INFO  ipc.Server (Server.java:run(1553)) - IPC Server listener on 15006: starting
2025-04-23 04:27:59,977 [main] INFO  om.OzoneManager (OzoneManager.java:startTrashEmptier(2257)) - Trash Interval set to 0. Files deleted won't move to trash
2025-04-23 04:27:59,977 [main] INFO  om.OzoneManager (OzoneManager.java:restart(1878)) - OzoneManager RPC server is listening at localhost/127.0.0.1:15010
2025-04-23 04:27:59,977 [main] INFO  impl.MetricsSystemImpl (MetricsSystemImpl.java:init(158)) - OzoneManager metrics system started (again)
2025-04-23 04:27:59,987 [main] WARN  server.ServerUtils (ServerUtils.java:getDBPath(297)) - ozone.om.db.dirs is not configured. We recommend adding this setting. Falling back to ozone.metadata.dirs instead.
2025-04-23 04:28:00,030 [main] INFO  om.OzoneManager (OzoneManager.java:instantiateServices(933)) - S3 Multi-Tenancy is disabled
2025-04-23 04:28:00,031 [main] INFO  om.OmSnapshotManager (OmSnapshotManager.java:<init>(180)) - Ozone filesystem snapshot feature is enabled.
2025-04-23 04:28:00,031 [main] WARN  server.ServerUtils (ServerUtils.java:getDBPath(297)) - ozone.om.snapshot.diff.db.dir is not configured. We recommend adding this setting. Falling back to ozone.metadata.dirs instead.
2025-04-23 04:28:00,044 [main] WARN  dropwizard3.Dm3MetricRegistriesImpl (Dm3MetricRegistriesImpl.java:addReporterRegistration(114)) - New reporters are added after registries were created. Some metrics will be missing from the reporter. Please add reporter before adding any new registry.
2025-04-23 04:28:00,044 [main] WARN  dropwizard3.Dm3MetricRegistriesImpl (Dm3MetricRegistriesImpl.java:addReporterRegistration(114)) - New reporters are added after registries were created. Some metrics will be missing from the reporter. Please add reporter before adding any new registry.
2025-04-23 04:28:00,045 [main] WARN  server.ServerUtils (ServerUtils.java:getDefaultRatisDirectory(309)) - Storage directory for Ratis is not configured. It is a good idea to map this to an SSD disk. Falling back to ozone.metadata.dirs
2025-04-23 04:28:00,045 [main] INFO  server.RaftServerConfigKeys (ConfUtils.java:logGet(46)) - raft.server.log.appender.buffer.byte-limit = 4194304 (custom)
2025-04-23 04:28:00,046 [main] INFO  ratis.OzoneManagerRatisServer (OzoneManagerRatisServer.java:<init>(167)) - Instantiating OM Ratis server with groupID: om-service-test1 and peers: localhost:15013, localhost:15017, localhost:15009
2025-04-23 04:28:00,046 [main] INFO  ratis.OzoneManagerStateMachine (OzoneManagerStateMachine.java:loadSnapshotInfoFromDB(611)) - LastAppliedIndex is set from TransactionInfo from OM DB as (t:7, i:76)
2025-04-23 04:28:00,046 [main] INFO  server.RaftServer (ConfUtils.java:logGet(46)) - raft.rpc.type = GRPC (default)
2025-04-23 04:28:00,046 [main] INFO  grpc.GrpcConfigKeys (ConfUtils.java:logFallback(53)) - raft.grpc.admin.host = null (fallback to raft.grpc.server.host)
2025-04-23 04:28:00,047 [main] INFO  grpc.GrpcConfigKeys (ConfUtils.java:logFallback(53)) - raft.grpc.admin.port = 15013 (fallback to raft.grpc.server.port)
2025-04-23 04:28:00,047 [main] INFO  grpc.GrpcConfigKeys (ConfUtils.java:logFallback(53)) - raft.grpc.client.host = null (fallback to raft.grpc.server.host)
2025-04-23 04:28:00,047 [main] INFO  grpc.GrpcConfigKeys (ConfUtils.java:logFallback(53)) - raft.grpc.client.port = 15013 (fallback to raft.grpc.server.port)
2025-04-23 04:28:00,047 [timer4] WARN  server.GrpcLogAppender (GrpcLogAppender.java:lambda$resetClient$1(221)) - omNode-2@group-523986131536->omNode-3-GrpcLogAppender: Follower failed (request=null, errorCount=32); keep nextIndex (77) unchanged and retry. (Repeated 6 times in the last 5.000s)
2025-04-23 04:28:00,047 [main] INFO  grpc.GrpcConfigKeys (ConfUtils.java:logGet(46)) - raft.grpc.server.host = null (default)
2025-04-23 04:28:00,047 [main] INFO  grpc.GrpcConfigKeys (ConfUtils.java:logGet(46)) - raft.grpc.server.port = 15013 (custom)
2025-04-23 04:28:00,047 [main] INFO  server.GrpcService (ConfUtils.java:logGet(46)) - raft.grpc.message.size.max = 5242880 (custom)
2025-04-23 04:28:00,047 [main] INFO  server.GrpcService (ConfUtils.java:logGet(46)) - raft.grpc.flow.control.window = 1MB (=1048576) (default)
2025-04-23 04:28:00,047 [main] INFO  server.RaftServerConfigKeys (ConfUtils.java:logGet(46)) - raft.server.rpc.request.timeout = 3000ms (default)
2025-04-23 04:28:00,047 [main] INFO  grpc.GrpcConfigKeys (ConfUtils.java:logGet(46)) - raft.grpc.server.heartbeat.channel = true (default)
2025-04-23 04:28:00,048 [main] INFO  server.RaftServerConfigKeys (ConfUtils.java:logGet(46)) - raft.server.log.appender.buffer.byte-limit = 4194304 (custom)
2025-04-23 04:28:00,048 [main] INFO  grpc.GrpcConfigKeys (ConfUtils.java:logGet(46)) - raft.grpc.server.async.request.thread.pool.cached = true (default)
2025-04-23 04:28:00,048 [main] INFO  grpc.GrpcConfigKeys (ConfUtils.java:logGet(46)) - raft.grpc.server.async.request.thread.pool.size = 32 (default)
2025-04-23 04:28:00,049 [main] INFO  impl.DataStreamServerImpl (ConfUtils.java:logGet(46)) - raft.datastream.type = DISABLED (default)
2025-04-23 04:28:00,049 [main] INFO  server.RaftServerConfigKeys (ConfUtils.java:logGet(46)) - raft.server.sleep.deviation.threshold = 300ms (default)
2025-04-23 04:28:00,049 [main] INFO  server.RaftServerConfigKeys (ConfUtils.java:logGet(46)) - raft.server.close.threshold = 60s (default)
2025-04-23 04:28:00,049 [main] INFO  server.RaftServerConfigKeys (ConfUtils.java:logGet(46)) - raft.server.leaderelection.leader.step-down.wait-time = 10s (default)
2025-04-23 04:28:00,049 [main] INFO  server.RaftServerConfigKeys (ConfUtils.java:logGet(46)) - raft.server.storage.dir = [/home/runner/work/ozone/ozone/hadoop-ozone/integration-test/target/test-dir/MiniOzoneClusterImpl-ff59c164-3798-4a7f-a16d-eeed9ffb3244/omNode-2/ratis] (custom)
2025-04-23 04:28:00,049 [main] INFO  server.RaftServerConfigKeys (ConfUtils.java:logGet(46)) - raft.server.threadpool.proxy.cached = true (default)
2025-04-23 04:28:00,049 [main] INFO  server.RaftServerConfigKeys (ConfUtils.java:logGet(46)) - raft.server.threadpool.proxy.size = 0 (default)
2025-04-23 04:28:00,050 [omNode-2-impl-thread1] INFO  server.RaftServer (RaftServerProxy.java:initGroupDir(265)) - omNode-2: found a subdirectory /home/runner/work/ozone/ozone/hadoop-ozone/integration-test/target/test-dir/MiniOzoneClusterImpl-ff59c164-3798-4a7f-a16d-eeed9ffb3244/omNode-2/ratis/c9bc4cf4-3bc3-3c60-a66b-523986131536
2025-04-23 04:28:00,050 [main] INFO  server.RaftServer (RaftServerProxy.java:addNew(100)) - omNode-2: addNew group-523986131536:[omNode-3|localhost:15017, omNode-1|localhost:15009, omNode-2|localhost:15013] returns group-523986131536:java.util.concurrent.CompletableFuture@702fa506[Not completed]
2025-04-23 04:28:00,050 [main] INFO  om.OzoneManager (OzoneManager.java:initializeRatisServer(2303)) - OzoneManager Ratis server initialized at port 15013
2025-04-23 04:28:00,050 [main] INFO  ratis.OzoneManagerRatisServer (OzoneManagerRatisServer.java:start(628)) - Starting OzoneManagerRatisServer omNode-2 at port 15013
2025-04-23 04:28:00,050 [omNode-2-groupManagement] INFO  server.RaftServer$Division (RaftServerImpl.java:<init>(255)) - omNode-2: new RaftServerImpl for group-523986131536:[omNode-3|localhost:15017, omNode-1|localhost:15009, omNode-2|localhost:15013] with OzoneManagerStateMachine:uninitialized
2025-04-23 04:28:00,050 [omNode-2-groupManagement] INFO  server.RaftServerConfigKeys (ConfUtils.java:logGet(46)) - raft.server.rpc.timeout.min = 1s (custom)
2025-04-23 04:28:00,050 [omNode-2-groupManagement] INFO  server.RaftServerConfigKeys (ConfUtils.java:logGet(46)) - raft.server.rpc.timeout.max = 1200ms (custom)
2025-04-23 04:28:00,050 [omNode-2-groupManagement] INFO  server.RaftServerConfigKeys (ConfUtils.java:logGet(46)) - raft.server.rpc.sleep.time = 25ms (default)
2025-04-23 04:28:00,051 [omNode-2-groupManagement] INFO  server.RaftServerConfigKeys (ConfUtils.java:logGet(46)) - raft.server.rpc.slowness.timeout = 2s (custom)
2025-04-23 04:28:00,051 [omNode-2-groupManagement] INFO  server.RaftServerConfigKeys (ConfUtils.java:logGet(46)) - raft.server.leaderelection.leader.step-down.wait-time = 10s (default)
2025-04-23 04:28:00,051 [omNode-2-groupManagement] INFO  server.RaftServerConfigKeys (ConfUtils.java:logGet(46)) - raft.server.leaderelection.member.majority-add = false (default)
2025-04-23 04:28:00,051 [omNode-2-groupManagement] INFO  server.RaftServerConfigKeys (ConfUtils.java:logGet(46)) - raft.server.sleep.deviation.threshold = 300ms (default)
2025-04-23 04:28:00,051 [omNode-2-groupManagement] INFO  server.RaftServer$Division (ServerState.java:<init>(114)) - omNode-2@group-523986131536: ConfigurationManager, init=conf: {index: -1, cur=peers:[omNode-3|localhost:15017, omNode-1|localhost:15009, omNode-2|localhost:15013]|listeners:[], old=null}, confs=<EMPTY_MAP>
2025-04-23 04:28:00,051 [omNode-2-groupManagement] INFO  server.RaftServerConfigKeys (ConfUtils.java:logGet(46)) - raft.server.notification.no-leader.timeout = 2s (custom)
2025-04-23 04:28:00,051 [omNode-2-groupManagement] INFO  server.RaftServerConfigKeys (ConfUtils.java:logGet(46)) - raft.server.read.timeout = 10s (default)
2025-04-23 04:28:00,051 [omNode-2-groupManagement] INFO  server.RaftServerConfigKeys (ConfUtils.java:logGet(46)) - raft.server.retrycache.expirytime = 30000ms (custom)
2025-04-23 04:28:00,051 [omNode-2-groupManagement] INFO  server.RaftServerConfigKeys (ConfUtils.java:logGet(46)) - raft.server.retrycache.statistics.expirytime = 100ms (default)
2025-04-23 04:28:00,051 [omNode-2-groupManagement] INFO  server.RaftServerConfigKeys (ConfUtils.java:logGet(46)) - raft.server.read.option = DEFAULT (default)
2025-04-23 04:28:00,051 [omNode-2-groupManagement] INFO  server.RaftServerConfigKeys (ConfUtils.java:logGet(46)) - raft.server.read.read-after-write-consistent.write-index-cache.expiry-time = 60s (default)
2025-04-23 04:28:00,054 [omNode-2-groupManagement] INFO  server.RaftServerConfigKeys (ConfUtils.java:logGet(46)) - raft.server.rpc.request.timeout = 3000ms (default)
2025-04-23 04:28:00,054 [omNode-2-groupManagement] INFO  server.RaftServerConfigKeys (ConfUtils.java:logGet(46)) - raft.server.log.appender.install.snapshot.enabled = false (custom)
2025-04-23 04:28:00,054 [omNode-2-groupManagement] INFO  server.RaftServerConfigKeys (ConfUtils.java:logGet(46)) - raft.server.threadpool.server.cached = true (default)
2025-04-23 04:28:00,054 [omNode-2-groupManagement] INFO  server.RaftServerConfigKeys (ConfUtils.java:logGet(46)) - raft.server.threadpool.server.size = 0 (default)
2025-04-23 04:28:00,054 [omNode-2-groupManagement] INFO  server.RaftServerConfigKeys (ConfUtils.java:logGet(46)) - raft.server.threadpool.client.cached = true (default)
2025-04-23 04:28:00,054 [omNode-2-groupManagement] INFO  server.RaftServerConfigKeys (ConfUtils.java:logGet(46)) - raft.server.threadpool.client.size = 0 (default)
2025-04-23 04:28:00,054 [omNode-2-impl-thread1] INFO  server.RaftServerConfigKeys (ConfUtils.java:logGet(46)) - raft.server.storage.free-space.min = 0MB (=0) (default)
2025-04-23 04:28:00,054 [omNode-2-impl-thread1] INFO  server.RaftServerConfigKeys (ConfUtils.java:logGet(46)) - raft.server.log.corruption.policy = EXCEPTION (default)
2025-04-23 04:28:00,054 [omNode-2-impl-thread1] INFO  server.RaftServerConfigKeys (ConfUtils.java:logGet(46)) - raft.server.storage.dir = [/home/runner/work/ozone/ozone/hadoop-ozone/integration-test/target/test-dir/MiniOzoneClusterImpl-ff59c164-3798-4a7f-a16d-eeed9ffb3244/omNode-2/ratis] (custom)
2025-04-23 04:28:00,055 [omNode-2-impl-thread1] INFO  storage.RaftStorageDirectory (RaftStorageDirectoryImpl.java:tryLock(229)) - Lock on /home/runner/work/ozone/ozone/hadoop-ozone/integration-test/target/test-dir/MiniOzoneClusterImpl-ff59c164-3798-4a7f-a16d-eeed9ffb3244/omNode-2/ratis/c9bc4cf4-3bc3-3c60-a66b-523986131536/in_use.lock acquired by nodename 129558@fv-az1441-587
2025-04-23 04:28:00,056 [omNode-2-impl-thread1] INFO  storage.RaftStorage (RaftStorageImpl.java:analyzeAndRecoverStorage(118)) - Read RaftStorageMetadata{term=7, votedFor=omNode-2} from /home/runner/work/ozone/ozone/hadoop-ozone/integration-test/target/test-dir/MiniOzoneClusterImpl-ff59c164-3798-4a7f-a16d-eeed9ffb3244/omNode-2/ratis/c9bc4cf4-3bc3-3c60-a66b-523986131536/current/raft-meta
2025-04-23 04:28:00,056 [omNode-2-impl-thread1] INFO  server.RaftServer$Division (ServerState.java:setRaftConf(386)) - omNode-2@group-523986131536: set configuration conf: {index: 73, cur=peers:[omNode-3|localhost:15017, omNode-1|localhost:15009, omNode-2|localhost:15013]|listeners:[], old=null}
2025-04-23 04:28:00,056 [omNode-2-impl-thread1] INFO  ratis.OzoneManagerStateMachine (OzoneManagerStateMachine.java:lambda$0(138)) - omNode-2: initialize group-523986131536 with (t:7, i:76)
2025-04-23 04:28:00,056 [omNode-2-impl-thread1] INFO  server.RaftServerConfigKeys (ConfUtils.java:logGet(46)) - raft.server.log.use.memory = false (default)
2025-04-23 04:28:00,056 [omNode-2-impl-thread1] INFO  server.RaftServerConfigKeys (ConfUtils.java:logGet(46)) - raft.server.log.purge.gap = 50 (custom)
2025-04-23 04:28:00,056 [omNode-2-impl-thread1] INFO  server.RaftServerConfigKeys (ConfUtils.java:logGet(46)) - raft.server.log.appender.buffer.byte-limit = 4194304 (custom)
2025-04-23 04:28:00,056 [omNode-2-impl-thread1] INFO  server.RaftServerConfigKeys (ConfUtils.java:logGet(46)) - raft.server.log.statemachine.data.read.timeout = 1000ms (default)
2025-04-23 04:28:00,056 [omNode-2-impl-thread1] INFO  server.RaftServerConfigKeys (ConfUtils.java:logGet(46)) - raft.server.log.purge.preservation.log.num = 0 (default)
2025-04-23 04:28:00,057 [omNode-2-impl-thread1] INFO  server.RaftServerConfigKeys (ConfUtils.java:logGet(46)) - raft.server.log.segment.size.max = 4194304 (custom)
2025-04-23 04:28:00,057 [omNode-2-impl-thread1] INFO  server.RaftServerConfigKeys (ConfUtils.java:logGet(46)) - raft.server.log.segment.cache.num.max = 2 (custom)
2025-04-23 04:28:00,057 [omNode-2-impl-thread1] INFO  server.RaftServerConfigKeys (ConfUtils.java:logGet(46)) - raft.server.log.segment.cache.size.max = 200MB (=209715200) (default)
2025-04-23 04:28:00,057 [omNode-2-impl-thread1] INFO  server.RaftServerConfigKeys (ConfUtils.java:logGet(46)) - raft.server.log.appender.buffer.byte-limit = 4194304 (custom)
2025-04-23 04:28:00,058 [omNode-2-impl-thread1] INFO  util.AwaitToRun (AwaitToRun.java:start(81)) - Thread[#3449,omNode-2@group-523986131536-cacheEviction-AwaitToRun,5,main] started
2025-04-23 04:28:00,058 [omNode-2-impl-thread1] INFO  segmented.SegmentedRaftLogWorker (SegmentedRaftLogWorker.java:<init>(188)) - new omNode-2@group-523986131536-SegmentedRaftLogWorker for RaftStorageImpl:Storage Directory /home/runner/work/ozone/ozone/hadoop-ozone/integration-test/target/test-dir/MiniOzoneClusterImpl-ff59c164-3798-4a7f-a16d-eeed9ffb3244/omNode-2/ratis/c9bc4cf4-3bc3-3c60-a66b-523986131536
2025-04-23 04:28:00,058 [omNode-2-impl-thread1] INFO  server.RaftServerConfigKeys (ConfUtils.java:logGet(46)) - raft.server.log.queue.byte-limit = 64MB (=67108864) (default)
2025-04-23 04:28:00,058 [omNode-2-impl-thread1] INFO  server.RaftServerConfigKeys (ConfUtils.java:logGet(46)) - raft.server.log.queue.element-limit = 4096 (default)
2025-04-23 04:28:00,058 [omNode-2-impl-thread1] INFO  server.RaftServerConfigKeys (ConfUtils.java:logGet(46)) - raft.server.log.segment.size.max = 4194304 (custom)
2025-04-23 04:28:00,058 [omNode-2-impl-thread1] INFO  server.RaftServerConfigKeys (ConfUtils.java:logGet(46)) - raft.server.log.preallocated.size = 4194304 (custom)
2025-04-23 04:28:00,058 [omNode-2-impl-thread1] INFO  server.RaftServerConfigKeys (ConfUtils.java:logGet(46)) - raft.server.log.force.sync.num = 128 (default)
2025-04-23 04:28:00,058 [omNode-2-impl-thread1] INFO  server.RaftServerConfigKeys (ConfUtils.java:logGet(46)) - raft.server.log.statemachine.data.sync = true (default)
2025-04-23 04:28:00,058 [omNode-2-impl-thread1] INFO  server.RaftServerConfigKeys (ConfUtils.java:logGet(46)) - raft.server.log.statemachine.data.sync.timeout = 10s (default)
2025-04-23 04:28:00,058 [omNode-2-impl-thread1] INFO  server.RaftServerConfigKeys (ConfUtils.java:logGet(46)) - raft.server.log.statemachine.data.sync.timeout.retry = -1 (default)
2025-04-23 04:28:00,058 [omNode-2-impl-thread1] INFO  server.RaftServerConfigKeys (ConfUtils.java:logGet(46)) - raft.server.log.write.buffer.size = 4194312 (custom)
2025-04-23 04:28:00,059 [omNode-2-impl-thread1] INFO  server.RaftServerConfigKeys (ConfUtils.java:logGet(46)) - raft.server.log.appender.buffer.byte-limit = 4194304 (custom)
2025-04-23 04:28:00,059 [omNode-2-impl-thread1] INFO  server.RaftServerConfigKeys (ConfUtils.java:logGet(46)) - raft.server.log.unsafe-flush.enabled = false (default)
2025-04-23 04:28:00,059 [omNode-2-impl-thread1] INFO  server.RaftServerConfigKeys (ConfUtils.java:logGet(46)) - raft.server.log.async-flush.enabled = false (default)
2025-04-23 04:28:00,059 [omNode-2-impl-thread1] INFO  server.RaftServerConfigKeys (ConfUtils.java:logGet(46)) - raft.server.log.statemachine.data.caching.enabled = false (default)
2025-04-23 04:28:00,059 [omNode-2-impl-thread1] INFO  server.RaftServer$Division (ServerState.java:setRaftConf(386)) - omNode-2@group-523986131536: set configuration conf: {index: 35, cur=peers:[omNode-3|localhost:15017, omNode-1|localhost:15009, omNode-2|localhost:15013]|listeners:[], old=null}
2025-04-23 04:28:00,060 [omNode-2-impl-thread1] INFO  segmented.LogSegment (LogSegment.java:loadSegment(171)) - Successfully read 34 entries from segment file /home/runner/work/ozone/ozone/hadoop-ozone/integration-test/target/test-dir/MiniOzoneClusterImpl-ff59c164-3798-4a7f-a16d-eeed9ffb3244/omNode-2/ratis/c9bc4cf4-3bc3-3c60-a66b-523986131536/current/log_35-68
2025-04-23 04:28:00,060 [omNode-2-impl-thread1] INFO  server.RaftServer$Division (ServerState.java:setRaftConf(386)) - omNode-2@group-523986131536: set configuration conf: {index: 69, cur=peers:[omNode-3|localhost:15017, omNode-1|localhost:15009, omNode-2|localhost:15013]|listeners:[], old=null}
2025-04-23 04:28:00,060 [omNode-2-impl-thread1] INFO  segmented.LogSegment (LogSegment.java:loadSegment(171)) - Successfully read 4 entries from segment file /home/runner/work/ozone/ozone/hadoop-ozone/integration-test/target/test-dir/MiniOzoneClusterImpl-ff59c164-3798-4a7f-a16d-eeed9ffb3244/omNode-2/ratis/c9bc4cf4-3bc3-3c60-a66b-523986131536/current/log_69-72
2025-04-23 04:28:00,060 [omNode-2-impl-thread1] INFO  server.RaftServer$Division (ServerState.java:setRaftConf(386)) - omNode-2@group-523986131536: set configuration conf: {index: 73, cur=peers:[omNode-3|localhost:15017, omNode-1|localhost:15009, omNode-2|localhost:15013]|listeners:[], old=null}
2025-04-23 04:28:00,060 [omNode-2-impl-thread1] INFO  segmented.LogSegment (LogSegment.java:loadSegment(171)) - Successfully read 4 entries from segment file /home/runner/work/ozone/ozone/hadoop-ozone/integration-test/target/test-dir/MiniOzoneClusterImpl-ff59c164-3798-4a7f-a16d-eeed9ffb3244/omNode-2/ratis/c9bc4cf4-3bc3-3c60-a66b-523986131536/current/log_inprogress_73
2025-04-23 04:28:00,061 [omNode-2-impl-thread1] INFO  segmented.SegmentedRaftLogWorker (SegmentedRaftLogWorker.java:lambda$new$0(139)) - omNode-2@group-523986131536-SegmentedRaftLogWorker: flushIndex: setUnconditionally 0 -> 76
2025-04-23 04:28:00,061 [omNode-2-impl-thread1] INFO  segmented.SegmentedRaftLogWorker (SegmentedRaftLogWorker.java:lambda$new$0(139)) - omNode-2@group-523986131536-SegmentedRaftLogWorker: safeCacheEvictIndex: setUnconditionally 0 -> 72
2025-04-23 04:28:00,061 [omNode-2-impl-thread1] INFO  segmented.BufferedWriteChannel (BufferedWriteChannel.java:open(61)) - open log_inprogress_73 (append) at position 318
2025-04-23 04:28:00,061 [omNode-2-impl-thread1] INFO  raftlog.RaftLog (RaftLogBase.java:lambda$new$0(54)) - omNode-2@group-523986131536-SegmentedRaftLog: purgeIndex: updateToMax old=-1, new=34, updated? true
2025-04-23 04:28:00,061 [omNode-2-impl-thread1] INFO  server.RaftServer$Division (RaftServerImpl.java:start(391)) - omNode-2@group-523986131536: start as a follower, conf=conf: {index: 73, cur=peers:[omNode-3|localhost:15017, omNode-1|localhost:15009, omNode-2|localhost:15013]|listeners:[], old=null}
2025-04-23 04:28:00,061 [omNode-2-impl-thread1] INFO  server.RaftServer$Division (RaftServerImpl.java:setRole(378)) - omNode-2@group-523986131536: changes role from      null to FOLLOWER at term 7 for startAsFollower
2025-04-23 04:28:00,061 [omNode-2-impl-thread1] INFO  impl.RoleInfo (RoleInfo.java:updateAndGet(148)) - omNode-2: start omNode-2@group-523986131536-FollowerState
2025-04-23 04:28:00,061 [omNode-2@group-523986131536-FollowerState] INFO  server.RaftServerConfigKeys (ConfUtils.java:logFallback(53)) - raft.server.rpc.first-election.timeout.min = 1s (fallback to raft.server.rpc.timeout.min)
2025-04-23 04:28:00,061 [omNode-2-impl-thread1] INFO  util.JmxRegister (JmxRegister.java:tryRegister(44)) - Successfully registered JMX Bean with object name Ratis:service=RaftServer,group=group-523986131536,id=omNode-2
2025-04-23 04:28:00,062 [omNode-2-impl-thread1] INFO  util.JmxRegister (JmxRegister.java:register(58)) - register mxBean class org.apache.ratis.server.impl.RaftServerJmxAdapter as Ratis:service=RaftServer,group=group-523986131536,id=omNode-2
2025-04-23 04:28:00,062 [omNode-2@group-523986131536-FollowerState] INFO  server.RaftServerConfigKeys (ConfUtils.java:logFallback(53)) - raft.server.rpc.first-election.timeout.max = 1200ms (fallback to raft.server.rpc.timeout.max)
2025-04-23 04:28:00,062 [omNode-2-impl-thread1] INFO  server.RaftServerConfigKeys (ConfUtils.java:logGet(46)) - raft.server.snapshot.trigger-when-stop.enabled = true (default)
2025-04-23 04:28:00,062 [omNode-2-impl-thread1] INFO  server.RaftServerConfigKeys (ConfUtils.java:logGet(46)) - raft.server.snapshot.trigger-when-remove.enabled = true (default)
2025-04-23 04:28:00,062 [omNode-2-impl-thread1] INFO  server.RaftServerConfigKeys (ConfUtils.java:logGet(46)) - raft.server.snapshot.auto.trigger.enabled = true (custom)
2025-04-23 04:28:00,062 [omNode-2-impl-thread1] INFO  server.RaftServerConfigKeys (ConfUtils.java:logGet(46)) - raft.server.snapshot.auto.trigger.threshold = 50 (custom)
2025-04-23 04:28:00,062 [omNode-2-impl-thread1] INFO  server.RaftServerConfigKeys (ConfUtils.java:logGet(46)) - raft.server.snapshot.retention.file.num = -1 (default)
2025-04-23 04:28:00,062 [omNode-2-impl-thread1] INFO  server.RaftServerConfigKeys (ConfUtils.java:logGet(46)) - raft.server.log.purge.upto.snapshot.index = true (custom)
2025-04-23 04:28:00,062 [omNode-2-impl-thread1] INFO  server.RaftServer$Division (RaftServerImpl.java:start(405)) - omNode-2@group-523986131536: Successfully started.
2025-04-23 04:28:00,062 [main] INFO  server.RaftServer (RaftServerProxy.java:startImpl(407)) - omNode-2: start RPC server
2025-04-23 04:28:00,063 [main] INFO  server.GrpcService (GrpcService.java:startImpl(334)) - omNode-2: GrpcService started, listening on 15013
2025-04-23 04:28:00,063 [main] INFO  om.OzoneManager (OzoneManager.java:getRpcServer(1360)) - Creating RPC Server
2025-04-23 04:28:00,063 [JvmPauseMonitor22] INFO  util.JvmPauseMonitor (JvmPauseMonitor.java:run(146)) - JvmPauseMonitor-omNode-2: Started
2025-04-23 04:28:00,143 [omNode-3@group-523986131536-FollowerState] INFO  impl.FollowerState (FollowerState.java:runImpl(161)) - omNode-3@group-523986131536-FollowerState: change to CANDIDATE, lastRpcElapsedTime:1005453088ns, electionTimeout:1004ms
2025-04-23 04:28:00,143 [omNode-3@group-523986131536-FollowerState] INFO  impl.RoleInfo (RoleInfo.java:shutdownFollowerState(121)) - omNode-3: shutdown omNode-3@group-523986131536-FollowerState
2025-04-23 04:28:00,143 [omNode-3@group-523986131536-FollowerState] INFO  server.RaftServer$Division (RaftServerImpl.java:setRole(378)) - omNode-3@group-523986131536: changes role from  FOLLOWER to CANDIDATE at term 6 for changeToCandidate
2025-04-23 04:28:00,144 [omNode-3@group-523986131536-FollowerState] INFO  server.RaftServerConfigKeys (ConfUtils.java:logGet(46)) - raft.server.leaderelection.pre-vote = true (default)
2025-04-23 04:28:00,144 [omNode-3@group-523986131536-FollowerState] INFO  impl.RoleInfo (RoleInfo.java:updateAndGet(148)) - omNode-3: start omNode-3@group-523986131536-LeaderElection15
2025-04-23 04:28:00,147 [omNode-3@group-523986131536-LeaderElection15] INFO  impl.LeaderElection (LeaderElection.java:askForVotes(332)) - omNode-3@group-523986131536-LeaderElection15 PRE_VOTE round 0: submit vote requests at term 6 for conf: {index: 69, cur=peers:[omNode-3|localhost:15017, omNode-1|localhost:15009, omNode-2|localhost:15013]|listeners:[], old=null}
2025-04-23 04:28:00,148 [omNode-3@group-523986131536-LeaderElection15-1] INFO  server.GrpcServerProtocolClient (GrpcServerProtocolClient.java:<init>(65)) - Build channel for omNode-1|localhost:15009
2025-04-23 04:28:00,150 [omNode-3@group-523986131536-LeaderElection15] INFO  server.RaftServerConfigKeys (ConfUtils.java:logFallback(53)) - raft.server.rpc.first-election.timeout.min = 1s (fallback to raft.server.rpc.timeout.min)
2025-04-23 04:28:00,150 [omNode-3@group-523986131536-LeaderElection15] INFO  server.RaftServerConfigKeys (ConfUtils.java:logFallback(53)) - raft.server.rpc.first-election.timeout.max = 1200ms (fallback to raft.server.rpc.timeout.max)
2025-04-23 04:28:00,150 [omNode-3@group-523986131536-LeaderElection15-2] INFO  server.GrpcServerProtocolClient (GrpcServerProtocolClient.java:<init>(65)) - Build channel for omNode-2|localhost:15013
2025-04-23 04:28:00,159 [grpc-default-executor-5] INFO  server.RaftServer$Division (RaftServerImpl.java:requestVote(1407)) - omNode-2@group-523986131536: receive requestVote(PRE_VOTE, omNode-3, group-523986131536, 6, (t:6, i:72))
2025-04-23 04:28:00,159 [grpc-default-executor-5] INFO  impl.VoteContext (VoteContext.java:log(49)) - omNode-2@group-523986131536-FOLLOWER: reject PRE_VOTE from omNode-3: our last entry (t:7, i:76) > candidate's last entry (t:6, i:72)
2025-04-23 04:28:00,159 [grpc-default-executor-5] INFO  server.RaftServer$Division (RaftServerImpl.java:requestVote(1441)) - omNode-2@group-523986131536 replies to PRE_VOTE vote request: omNode-3<-omNode-2#0:FAIL-t7. Peer's state: omNode-2@group-523986131536:t7, leader=null, voted=omNode-2, raftlog=Memoized:omNode-2@group-523986131536-SegmentedRaftLog:OPENED:c76:last(t:7, i:76), conf=conf: {index: 73, cur=peers:[omNode-3|localhost:15017, omNode-1|localhost:15009, omNode-2|localhost:15013]|listeners:[], old=null}
2025-04-23 04:28:00,160 [omNode-3@group-523986131536-LeaderElection15] INFO  impl.LeaderElection (LeaderElection.java:logAndReturn(90)) - omNode-3@group-523986131536-LeaderElection15: PRE_VOTE DISCOVERED_A_NEW_TERM (term=7) received 1 response(s) and 0 exception(s):
2025-04-23 04:28:00,160 [omNode-3@group-523986131536-LeaderElection15] INFO  impl.LeaderElection (LeaderElection.java:logAndReturn(94)) -   Response 0: omNode-3<-omNode-2#0:FAIL-t7
2025-04-23 04:28:00,160 [omNode-3@group-523986131536-LeaderElection15] INFO  impl.LeaderElection (LeaderElection.java:askForVotes(334)) - omNode-3@group-523986131536-LeaderElection15 PRE_VOTE round 0: result DISCOVERED_A_NEW_TERM (term=7)
2025-04-23 04:28:00,160 [omNode-3@group-523986131536-LeaderElection15] INFO  server.RaftServer$Division (RaftServerImpl.java:setRole(378)) - omNode-3@group-523986131536: changes role from CANDIDATE to FOLLOWER at term 6 for DISCOVERED_A_NEW_TERM (term=7)
2025-04-23 04:28:00,160 [omNode-3@group-523986131536-LeaderElection15] INFO  impl.RoleInfo (RoleInfo.java:shutdownLeaderElection(141)) - omNode-3: shutdown omNode-3@group-523986131536-LeaderElection15
2025-04-23 04:28:00,160 [omNode-3@group-523986131536-LeaderElection15] INFO  impl.RoleInfo (RoleInfo.java:updateAndGet(148)) - omNode-3: start omNode-3@group-523986131536-FollowerState
2025-04-23 04:28:00,163 [omNode-3@group-523986131536-LeaderElection15] INFO  server.RaftServer$Division (RaftServerImpl.java:setFirstElection(562)) - omNode-3@group-523986131536: set firstElectionSinceStartup to false for DISCOVERED_A_NEW_TERM (term=7)
2025-04-23 04:28:00,368 [main] INFO  reflections.Reflections (Reflections.java:scan(219)) - Reflections took 304 ms to scan 22 urls, producing 61 keys and 7422 values
2025-04-23 04:28:00,369 [main] INFO  ipc.CallQueueManager (CallQueueManager.java:<init>(93)) - Using callQueue: class java.util.concurrent.LinkedBlockingQueue, queueCapacity: 2000, scheduler: class org.apache.hadoop.ipc.DefaultRpcScheduler, ipcBackoff: false, ipcFailOver: false.
2025-04-23 04:28:00,369 [main] INFO  ipc.Server (Server.java:<init>(1438)) - Listener at localhost:15010
2025-04-23 04:28:00,369 [Socket Reader #1 for port 15010] INFO  ipc.Server (Server.java:run(1474)) - Starting Socket Reader #1 for port 15010
2025-04-23 04:28:00,370 [Socket Reader #2 for port 15010] INFO  ipc.Server (Server.java:run(1474)) - Starting Socket Reader #2 for port 15010
2025-04-23 04:28:00,370 [Socket Reader #3 for port 15010] INFO  ipc.Server (Server.java:run(1474)) - Starting Socket Reader #3 for port 15010
2025-04-23 04:28:00,370 [Socket Reader #4 for port 15010] INFO  ipc.Server (Server.java:run(1474)) - Starting Socket Reader #4 for port 15010
2025-04-23 04:28:00,370 [Socket Reader #5 for port 15010] INFO  ipc.Server (Server.java:run(1474)) - Starting Socket Reader #5 for port 15010
2025-04-23 04:28:00,370 [Socket Reader #6 for port 15010] INFO  ipc.Server (Server.java:run(1474)) - Starting Socket Reader #6 for port 15010
2025-04-23 04:28:00,370 [Socket Reader #7 for port 15010] INFO  ipc.Server (Server.java:run(1474)) - Starting Socket Reader #7 for port 15010
2025-04-23 04:28:00,371 [Socket Reader #8 for port 15010] INFO  ipc.Server (Server.java:run(1474)) - Starting Socket Reader #8 for port 15010
2025-04-23 04:28:00,371 [Socket Reader #9 for port 15010] INFO  ipc.Server (Server.java:run(1474)) - Starting Socket Reader #9 for port 15010
2025-04-23 04:28:00,371 [Socket Reader #10 for port 15010] INFO  ipc.Server (Server.java:run(1474)) - Starting Socket Reader #10 for port 15010
2025-04-23 04:28:00,373 [main] INFO  http.BaseHttpServer (BaseHttpServer.java:newHttpServer2BuilderForOzone(229)) - Starting Web-server for ozoneManager at: http://0.0.0.0:15011
2025-04-23 04:28:00,373 [main] INFO  http.BaseHttpServer (BaseHttpServer.java:<init>(107)) - Hadoop Security Enabled: false Ozone Security Enabled: false Ozone HTTP Security Enabled: false 
2025-04-23 04:28:00,374 [main] WARN  server.AuthenticationFilter (AuthenticationFilter.java:constructSecretProvider(240)) - Unable to initialize FileSignerSecretProvider, falling back to use random secrets. Reason: Could not read signature secret file: /home/runner/hadoop-http-auth-signature-secret
2025-04-23 04:28:00,376 [main] INFO  http.HttpServer2 (HttpServer2.java:addGlobalFilter(1041)) - Added global filter 'safety' (class=org.apache.hadoop.hdds.server.http.HttpServer2$QuotingInputFilter)
2025-04-23 04:28:00,376 [main] INFO  http.HttpServer2 (HttpServer2.java:addFilter(1017)) - Added filter static_user_filter (class=org.apache.hadoop.http.lib.StaticUserWebFilter$StaticUserFilter) to context ozoneManager
2025-04-23 04:28:00,376 [main] INFO  http.HttpServer2 (HttpServer2.java:addFilter(1025)) - Added filter static_user_filter (class=org.apache.hadoop.http.lib.StaticUserWebFilter$StaticUserFilter) to context logs
2025-04-23 04:28:00,376 [main] INFO  http.HttpServer2 (HttpServer2.java:addFilter(1025)) - Added filter static_user_filter (class=org.apache.hadoop.http.lib.StaticUserWebFilter$StaticUserFilter) to context static
2025-04-23 04:28:00,376 [main] INFO  http.BaseHttpServer (BaseHttpServer.java:<init>(195)) - HTTP server of ozoneManager uses base directory /home/runner/work/ozone/ozone/hadoop-ozone/integration-test/target/test-dir/MiniOzoneClusterImpl-ff59c164-3798-4a7f-a16d-eeed9ffb3244/omNode-2/webserver
2025-04-23 04:28:00,377 [main] INFO  http.HttpServer2 (HttpServer2.java:bindListener(1241)) - Jetty bound to port 15011
2025-04-23 04:28:00,377 [main] INFO  server.Server (Server.java:doStart(375)) - jetty-9.4.57.v20241219; built: 2025-01-08T21:24:30.412Z; git: df524e6b29271c2e09ba9aea83c18dc9db464a31; jvm 21.0.7+6-LTS
2025-04-23 04:28:00,378 [main] INFO  server.session (DefaultSessionIdManager.java:doStart(334)) - DefaultSessionIdManager workerName=node0
2025-04-23 04:28:00,379 [main] INFO  server.session (DefaultSessionIdManager.java:doStart(339)) - No SessionScavenger set, using defaults
2025-04-23 04:28:00,379 [main] INFO  server.session (HouseKeeper.java:startScavenging(132)) - node0 Scavenging every 600000ms
2025-04-23 04:28:00,379 [main] INFO  handler.ContextHandler (ContextHandler.java:doStart(921)) - Started o.e.j.s.ServletContextHandler@18d532a4{logs,/logs,file:///home/runner/work/ozone/ozone/hadoop-ozone/integration-test/target/log,AVAILABLE}
2025-04-23 04:28:00,380 [main] INFO  handler.ContextHandler (ContextHandler.java:doStart(921)) - Started o.e.j.s.ServletContextHandler@157815cc{static,/static,file:///home/runner/work/ozone/ozone/hadoop-ozone/integration-test/target/test-classes/webapps/static,AVAILABLE}
2025-04-23 04:28:00,385 [main] INFO  handler.ContextHandler (ContextHandler.java:doStart(921)) - Started o.e.j.w.WebAppContext@45a4b30a{ozoneManager,/,file:///home/runner/work/ozone/ozone/hadoop-ozone/integration-test/target/test-classes/webapps/ozoneManager/,AVAILABLE}{file:/home/runner/work/ozone/ozone/hadoop-ozone/integration-test/target/test-classes/webapps/ozoneManager}
2025-04-23 04:28:00,385 [main] INFO  server.AbstractConnector (AbstractConnector.java:doStart(333)) - Started ServerConnector@9a21291{HTTP/1.1, (http/1.1)}{0.0.0.0:15011}
2025-04-23 04:28:00,386 [main] INFO  server.Server (Server.java:doStart(415)) - Started @83804ms
2025-04-23 04:28:00,386 [main] WARN  impl.MetricsSystemImpl (MetricsSystemImpl.java:register(279)) - Sink prometheus already exists!
2025-04-23 04:28:00,386 [main] INFO  http.BaseHttpServer (BaseHttpServer.java:updateConnectorAddress(360)) - HTTP server of ozoneManager listening at http://0.0.0.0:15011
2025-04-23 04:28:00,386 [IPC Server Responder] INFO  ipc.Server (Server.java:run(1713)) - IPC Server Responder: starting
2025-04-23 04:28:00,386 [IPC Server listener on 15010] INFO  ipc.Server (Server.java:run(1553)) - IPC Server listener on 15010: starting
2025-04-23 04:28:00,389 [main] INFO  om.OzoneManager (OzoneManager.java:startTrashEmptier(2257)) - Trash Interval set to 0. Files deleted won't move to trash
]]></system-out>
  </testcase>
  <testcase name="testListParts" classname="org.apache.hadoop.ozone.om.TestOzoneManagerHAWithStoppedNodes" time="15.078">
    <system-out><![CDATA[2025-04-23 04:28:00,744 [omNode-1@group-523986131536-FollowerState] INFO  impl.FollowerState (FollowerState.java:runImpl(161)) - omNode-1@group-523986131536-FollowerState: change to CANDIDATE, lastRpcElapsedTime:1154596750ns, electionTimeout:1154ms
2025-04-23 04:28:00,744 [omNode-1@group-523986131536-FollowerState] INFO  impl.RoleInfo (RoleInfo.java:shutdownFollowerState(121)) - omNode-1: shutdown omNode-1@group-523986131536-FollowerState
2025-04-23 04:28:00,745 [omNode-1@group-523986131536-FollowerState] INFO  server.RaftServer$Division (RaftServerImpl.java:setRole(378)) - omNode-1@group-523986131536: changes role from  FOLLOWER to CANDIDATE at term 7 for changeToCandidate
2025-04-23 04:28:00,745 [omNode-1@group-523986131536-FollowerState] INFO  server.RaftServerConfigKeys (ConfUtils.java:logGet(46)) - raft.server.leaderelection.pre-vote = true (default)
2025-04-23 04:28:00,745 [omNode-1@group-523986131536-FollowerState] INFO  impl.RoleInfo (RoleInfo.java:updateAndGet(148)) - omNode-1: start omNode-1@group-523986131536-LeaderElection16
2025-04-23 04:28:00,745 [omNode-1@group-523986131536-LeaderElection16] INFO  impl.LeaderElection (LeaderElection.java:askForVotes(332)) - omNode-1@group-523986131536-LeaderElection16 PRE_VOTE round 0: submit vote requests at term 7 for conf: {index: 73, cur=peers:[omNode-3|localhost:15017, omNode-1|localhost:15009, omNode-2|localhost:15013]|listeners:[], old=null}
2025-04-23 04:28:00,746 [omNode-1@group-523986131536-LeaderElection16-1] INFO  server.GrpcServerProtocolClient (GrpcServerProtocolClient.java:<init>(65)) - Build channel for omNode-3|localhost:15017
2025-04-23 04:28:00,746 [omNode-1@group-523986131536-LeaderElection16-2] INFO  server.GrpcServerProtocolClient (GrpcServerProtocolClient.java:<init>(65)) - Build channel for omNode-2|localhost:15013
2025-04-23 04:28:00,746 [omNode-1@group-523986131536-LeaderElection16] INFO  server.RaftServerConfigKeys (ConfUtils.java:logFallback(53)) - raft.server.rpc.first-election.timeout.min = 1s (fallback to raft.server.rpc.timeout.min)
2025-04-23 04:28:00,746 [omNode-1@group-523986131536-LeaderElection16] INFO  server.RaftServerConfigKeys (ConfUtils.java:logFallback(53)) - raft.server.rpc.first-election.timeout.max = 1200ms (fallback to raft.server.rpc.timeout.max)
2025-04-23 04:28:00,750 [grpc-default-executor-0] INFO  server.RaftServer$Division (RaftServerImpl.java:requestVote(1407)) - omNode-2@group-523986131536: receive requestVote(PRE_VOTE, omNode-1, group-523986131536, 7, (t:7, i:76))
2025-04-23 04:28:00,750 [grpc-default-executor-0] INFO  impl.VoteContext (VoteContext.java:log(49)) - omNode-2@group-523986131536-FOLLOWER: accept PRE_VOTE from omNode-1: our priority 0 <= candidate's priority 0
2025-04-23 04:28:00,750 [grpc-default-executor-0] INFO  server.RaftServer$Division (RaftServerImpl.java:requestVote(1441)) - omNode-2@group-523986131536 replies to PRE_VOTE vote request: omNode-1<-omNode-2#0:OK-t7. Peer's state: omNode-2@group-523986131536:t7, leader=null, voted=omNode-2, raftlog=Memoized:omNode-2@group-523986131536-SegmentedRaftLog:OPENED:c76:last(t:7, i:76), conf=conf: {index: 73, cur=peers:[omNode-3|localhost:15017, omNode-1|localhost:15009, omNode-2|localhost:15013]|listeners:[], old=null}
2025-04-23 04:28:00,750 [grpc-default-executor-5] INFO  server.RaftServer$Division (RaftServerImpl.java:requestVote(1407)) - omNode-3@group-523986131536: receive requestVote(PRE_VOTE, omNode-1, group-523986131536, 7, (t:7, i:76))
2025-04-23 04:28:00,750 [grpc-default-executor-5] INFO  impl.VoteContext (VoteContext.java:log(49)) - omNode-3@group-523986131536-FOLLOWER: accept PRE_VOTE from omNode-1: our last entry (t:6, i:72) < candidate's last entry (t:7, i:76)
2025-04-23 04:28:00,750 [grpc-default-executor-5] INFO  server.RaftServer$Division (RaftServerImpl.java:requestVote(1441)) - omNode-3@group-523986131536 replies to PRE_VOTE vote request: omNode-1<-omNode-3#0:OK-t7. Peer's state: omNode-3@group-523986131536:t7, leader=null, voted=null, raftlog=Memoized:omNode-3@group-523986131536-SegmentedRaftLog:OPENED:c72:last(t:6, i:72), conf=conf: {index: 69, cur=peers:[omNode-3|localhost:15017, omNode-1|localhost:15009, omNode-2|localhost:15013]|listeners:[], old=null}
2025-04-23 04:28:00,751 [omNode-1@group-523986131536-LeaderElection16] INFO  impl.LeaderElection (LeaderElection.java:logAndReturn(90)) - omNode-1@group-523986131536-LeaderElection16: PRE_VOTE PASSED received 1 response(s) and 0 exception(s):
2025-04-23 04:28:00,751 [omNode-1@group-523986131536-LeaderElection16] INFO  impl.LeaderElection (LeaderElection.java:logAndReturn(94)) -   Response 0: omNode-1<-omNode-2#0:OK-t7
2025-04-23 04:28:00,751 [omNode-1@group-523986131536-LeaderElection16] INFO  impl.LeaderElection (LeaderElection.java:askForVotes(334)) - omNode-1@group-523986131536-LeaderElection16 PRE_VOTE round 0: result PASSED
2025-04-23 04:28:00,753 [omNode-1@group-523986131536-LeaderElection16] INFO  impl.LeaderElection (LeaderElection.java:askForVotes(332)) - omNode-1@group-523986131536-LeaderElection16 ELECTION round 0: submit vote requests at term 8 for conf: {index: 73, cur=peers:[omNode-3|localhost:15017, omNode-1|localhost:15009, omNode-2|localhost:15013]|listeners:[], old=null}
2025-04-23 04:28:00,753 [omNode-1@group-523986131536-LeaderElection16] INFO  server.RaftServerConfigKeys (ConfUtils.java:logFallback(53)) - raft.server.rpc.first-election.timeout.min = 1s (fallback to raft.server.rpc.timeout.min)
2025-04-23 04:28:00,753 [omNode-1@group-523986131536-LeaderElection16] INFO  server.RaftServerConfigKeys (ConfUtils.java:logFallback(53)) - raft.server.rpc.first-election.timeout.max = 1200ms (fallback to raft.server.rpc.timeout.max)
2025-04-23 04:28:00,754 [grpc-default-executor-5] INFO  server.RaftServer$Division (RaftServerImpl.java:requestVote(1407)) - omNode-3@group-523986131536: receive requestVote(ELECTION, omNode-1, group-523986131536, 8, (t:7, i:76))
2025-04-23 04:28:00,754 [grpc-default-executor-5] INFO  impl.VoteContext (VoteContext.java:log(49)) - omNode-3@group-523986131536-FOLLOWER: accept ELECTION from omNode-1: our last entry (t:6, i:72) < candidate's last entry (t:7, i:76)
2025-04-23 04:28:00,754 [grpc-default-executor-5] INFO  server.RaftServer$Division (RaftServerImpl.java:setRole(378)) - omNode-3@group-523986131536: changes role from  FOLLOWER to FOLLOWER at term 7 for candidate:omNode-1
2025-04-23 04:28:00,754 [grpc-default-executor-5] INFO  impl.RoleInfo (RoleInfo.java:shutdownFollowerState(121)) - omNode-3: shutdown omNode-3@group-523986131536-FollowerState
2025-04-23 04:28:00,754 [grpc-default-executor-5] INFO  impl.RoleInfo (RoleInfo.java:updateAndGet(148)) - omNode-3: start omNode-3@group-523986131536-FollowerState
2025-04-23 04:28:00,754 [omNode-3@group-523986131536-FollowerState] INFO  impl.FollowerState (FollowerState.java:runImpl(170)) - omNode-3@group-523986131536-FollowerState was interrupted
2025-04-23 04:28:00,754 [grpc-default-executor-0] INFO  server.RaftServer$Division (RaftServerImpl.java:requestVote(1407)) - omNode-2@group-523986131536: receive requestVote(ELECTION, omNode-1, group-523986131536, 8, (t:7, i:76))
2025-04-23 04:28:00,754 [grpc-default-executor-0] INFO  impl.VoteContext (VoteContext.java:log(49)) - omNode-2@group-523986131536-FOLLOWER: accept ELECTION from omNode-1: our priority 0 <= candidate's priority 0
2025-04-23 04:28:00,754 [grpc-default-executor-0] INFO  server.RaftServer$Division (RaftServerImpl.java:setRole(378)) - omNode-2@group-523986131536: changes role from  FOLLOWER to FOLLOWER at term 7 for candidate:omNode-1
2025-04-23 04:28:00,754 [grpc-default-executor-0] INFO  impl.RoleInfo (RoleInfo.java:shutdownFollowerState(121)) - omNode-2: shutdown omNode-2@group-523986131536-FollowerState
2025-04-23 04:28:00,754 [grpc-default-executor-0] INFO  impl.RoleInfo (RoleInfo.java:updateAndGet(148)) - omNode-2: start omNode-2@group-523986131536-FollowerState
2025-04-23 04:28:00,755 [omNode-2@group-523986131536-FollowerState] INFO  impl.FollowerState (FollowerState.java:runImpl(170)) - omNode-2@group-523986131536-FollowerState was interrupted
2025-04-23 04:28:00,755 [omNode-2@group-523986131536-FollowerState] INFO  server.RaftServerConfigKeys (ConfUtils.java:logFallback(53)) - raft.server.rpc.first-election.timeout.min = 1s (fallback to raft.server.rpc.timeout.min)
2025-04-23 04:28:00,755 [omNode-2@group-523986131536-FollowerState] INFO  server.RaftServerConfigKeys (ConfUtils.java:logFallback(53)) - raft.server.rpc.first-election.timeout.max = 1200ms (fallback to raft.server.rpc.timeout.max)
2025-04-23 04:28:00,755 [grpc-default-executor-0] INFO  server.RaftServer$Division (RaftServerImpl.java:setFirstElection(562)) - omNode-2@group-523986131536: set firstElectionSinceStartup to false for candidate:omNode-1
2025-04-23 04:28:00,755 [grpc-default-executor-5] INFO  server.RaftServer$Division (RaftServerImpl.java:requestVote(1441)) - omNode-3@group-523986131536 replies to ELECTION vote request: omNode-1<-omNode-3#0:OK-t8. Peer's state: omNode-3@group-523986131536:t8, leader=null, voted=omNode-1, raftlog=Memoized:omNode-3@group-523986131536-SegmentedRaftLog:OPENED:c72:last(t:6, i:72), conf=conf: {index: 69, cur=peers:[omNode-3|localhost:15017, omNode-1|localhost:15009, omNode-2|localhost:15013]|listeners:[], old=null}
2025-04-23 04:28:00,756 [omNode-1@group-523986131536-LeaderElection16] INFO  impl.LeaderElection (LeaderElection.java:logAndReturn(90)) - omNode-1@group-523986131536-LeaderElection16: ELECTION PASSED received 1 response(s) and 0 exception(s):
2025-04-23 04:28:00,756 [omNode-1@group-523986131536-LeaderElection16] INFO  impl.LeaderElection (LeaderElection.java:logAndReturn(94)) -   Response 0: omNode-1<-omNode-3#0:OK-t8
2025-04-23 04:28:00,756 [omNode-1@group-523986131536-LeaderElection16] INFO  impl.LeaderElection (LeaderElection.java:askForVotes(334)) - omNode-1@group-523986131536-LeaderElection16 ELECTION round 0: result PASSED
2025-04-23 04:28:00,756 [omNode-1@group-523986131536-LeaderElection16] INFO  impl.RoleInfo (RoleInfo.java:shutdownLeaderElection(141)) - omNode-1: shutdown omNode-1@group-523986131536-LeaderElection16
2025-04-23 04:28:00,756 [omNode-1@group-523986131536-LeaderElection16] INFO  server.RaftServer$Division (RaftServerImpl.java:setRole(378)) - omNode-1@group-523986131536: changes role from CANDIDATE to LEADER at term 8 for changeToLeader
2025-04-23 04:28:00,756 [omNode-1@group-523986131536-LeaderElection16] INFO  server.RaftServerConfigKeys (ConfUtils.java:logGet(46)) - raft.server.staging.catchup.gap = 1000 (default)
2025-04-23 04:28:00,757 [omNode-1@group-523986131536-LeaderElection16] INFO  server.RaftServerConfigKeys (ConfUtils.java:logGet(46)) - raft.server.write.element-limit = 4096 (default)
2025-04-23 04:28:00,757 [omNode-1@group-523986131536-LeaderElection16] INFO  server.RaftServerConfigKeys (ConfUtils.java:logGet(46)) - raft.server.write.byte-limit = 64MB (=67108864) (default)
2025-04-23 04:28:00,757 [grpc-default-executor-0] INFO  server.RaftServer$Division (RaftServerImpl.java:requestVote(1441)) - omNode-2@group-523986131536 replies to ELECTION vote request: omNode-1<-omNode-2#0:OK-t8. Peer's state: omNode-2@group-523986131536:t8, leader=null, voted=omNode-1, raftlog=Memoized:omNode-2@group-523986131536-SegmentedRaftLog:OPENED:c76:last(t:7, i:76), conf=conf: {index: 73, cur=peers:[omNode-3|localhost:15017, omNode-1|localhost:15009, omNode-2|localhost:15013]|listeners:[], old=null}
2025-04-23 04:28:00,757 [omNode-1@group-523986131536-LeaderElection16] INFO  server.RaftServerConfigKeys (ConfUtils.java:logGet(46)) - raft.server.watch.timeout = 10s (default)
2025-04-23 04:28:00,757 [omNode-1@group-523986131536-LeaderElection16] INFO  server.RaftServerConfigKeys (ConfUtils.java:logGet(46)) - raft.server.watch.timeout.denomination = 1s (default)
2025-04-23 04:28:00,758 [omNode-1@group-523986131536-LeaderElection16] INFO  server.RaftServerConfigKeys (ConfUtils.java:logGet(46)) - raft.server.watch.element-limit = 65536 (default)
2025-04-23 04:28:00,758 [omNode-1@group-523986131536-LeaderElection16] INFO  server.RaftServerConfigKeys (ConfUtils.java:logGet(46)) - raft.server.read.leader.lease.enabled = false (default)
2025-04-23 04:28:00,758 [omNode-1@group-523986131536-LeaderElection16] INFO  server.RaftServerConfigKeys (ConfUtils.java:logGet(46)) - raft.server.read.leader.lease.timeout.ratio = 0.9 (default)
2025-04-23 04:28:00,758 [omNode-1@group-523986131536-LeaderElection16] INFO  server.RaftServerConfigKeys (ConfUtils.java:logGet(46)) - raft.server.rpc.timeout.min = 1s (custom)
2025-04-23 04:28:00,758 [omNode-1@group-523986131536-LeaderElection16] INFO  server.RaftServerConfigKeys (ConfUtils.java:logGet(46)) - raft.server.log.log-metadata.enabled = true (default)
2025-04-23 04:28:00,758 [omNode-1@group-523986131536-LeaderElection16] INFO  server.RaftServerConfigKeys (ConfUtils.java:logGet(46)) - raft.server.write.element-limit = 4096 (default)
2025-04-23 04:28:00,758 [omNode-1@group-523986131536-LeaderElection16] INFO  server.RaftServerConfigKeys (ConfUtils.java:logGet(46)) - raft.server.write.follower.gap.ratio.max = -1.0 (default)
2025-04-23 04:28:00,759 [omNode-1@group-523986131536-LeaderElection16] INFO  server.RaftServerConfigKeys (ConfUtils.java:logGet(46)) - raft.server.log.appender.snapshot.chunk.size.max = 16MB (=16777216) (default)
2025-04-23 04:28:00,759 [omNode-1@group-523986131536-LeaderElection16] INFO  server.RaftServerConfigKeys (ConfUtils.java:logGet(46)) - raft.server.log.appender.buffer.byte-limit = 4194304 (custom)
2025-04-23 04:28:00,759 [omNode-1@group-523986131536-LeaderElection16] INFO  server.RaftServerConfigKeys (ConfUtils.java:logGet(46)) - raft.server.log.appender.buffer.element-limit = 1024 (custom)
2025-04-23 04:28:00,759 [omNode-1@group-523986131536-LeaderElection16] INFO  server.RaftServerConfigKeys (ConfUtils.java:logGet(46)) - raft.server.log.appender.wait-time.min = 0ms (custom)
2025-04-23 04:28:00,759 [omNode-1@group-523986131536-LeaderElection16] INFO  grpc.GrpcConfigKeys (ConfUtils.java:logGet(46)) - raft.grpc.server.leader.outstanding.appends.max = 8 (default)
2025-04-23 04:28:00,759 [omNode-1@group-523986131536-LeaderElection16] INFO  server.RaftServerConfigKeys (ConfUtils.java:logGet(46)) - raft.server.rpc.request.timeout = 3000ms (default)
2025-04-23 04:28:00,759 [omNode-1@group-523986131536-LeaderElection16] INFO  grpc.GrpcConfigKeys (ConfUtils.java:logGet(46)) - raft.grpc.server.install_snapshot.request.element-limit = 8 (default)
2025-04-23 04:28:00,759 [omNode-1@group-523986131536-LeaderElection16] INFO  grpc.GrpcConfigKeys (ConfUtils.java:logGet(46)) - raft.grpc.server.install_snapshot.request.timeout = 3000ms (default)
2025-04-23 04:28:00,759 [omNode-1@group-523986131536-LeaderElection16] INFO  grpc.GrpcConfigKeys (ConfUtils.java:logGet(46)) - raft.grpc.server.log-message.batch.duration = 5s (default)
2025-04-23 04:28:00,759 [omNode-1@group-523986131536-LeaderElection16] INFO  server.RaftServerConfigKeys (ConfUtils.java:logGet(46)) - raft.server.log.appender.install.snapshot.enabled = false (custom)
2025-04-23 04:28:00,759 [omNode-1@group-523986131536-LeaderElection16] INFO  grpc.GrpcConfigKeys (ConfUtils.java:logGet(46)) - raft.grpc.server.heartbeat.channel = true (default)
2025-04-23 04:28:00,760 [omNode-1@group-523986131536-LeaderElection16] INFO  server.RaftServerConfigKeys (ConfUtils.java:logGet(46)) - raft.server.log.appender.snapshot.chunk.size.max = 16MB (=16777216) (default)
2025-04-23 04:28:00,760 [omNode-1@group-523986131536-LeaderElection16] INFO  server.RaftServerConfigKeys (ConfUtils.java:logGet(46)) - raft.server.log.appender.buffer.byte-limit = 4194304 (custom)
2025-04-23 04:28:00,760 [omNode-1@group-523986131536-LeaderElection16] INFO  server.RaftServerConfigKeys (ConfUtils.java:logGet(46)) - raft.server.log.appender.buffer.element-limit = 1024 (custom)
2025-04-23 04:28:00,760 [omNode-1@group-523986131536-LeaderElection16] INFO  server.RaftServerConfigKeys (ConfUtils.java:logGet(46)) - raft.server.log.appender.wait-time.min = 0ms (custom)
2025-04-23 04:28:00,760 [omNode-1@group-523986131536-LeaderElection16] INFO  grpc.GrpcConfigKeys (ConfUtils.java:logGet(46)) - raft.grpc.server.leader.outstanding.appends.max = 8 (default)
2025-04-23 04:28:00,761 [omNode-1@group-523986131536-LeaderElection16] INFO  server.RaftServerConfigKeys (ConfUtils.java:logGet(46)) - raft.server.rpc.request.timeout = 3000ms (default)
2025-04-23 04:28:00,761 [omNode-1@group-523986131536-LeaderElection16] INFO  grpc.GrpcConfigKeys (ConfUtils.java:logGet(46)) - raft.grpc.server.install_snapshot.request.element-limit = 8 (default)
2025-04-23 04:28:00,761 [omNode-1@group-523986131536-LeaderElection16] INFO  grpc.GrpcConfigKeys (ConfUtils.java:logGet(46)) - raft.grpc.server.install_snapshot.request.timeout = 3000ms (default)
2025-04-23 04:28:00,761 [omNode-1@group-523986131536-LeaderElection16] INFO  grpc.GrpcConfigKeys (ConfUtils.java:logGet(46)) - raft.grpc.server.log-message.batch.duration = 5s (default)
2025-04-23 04:28:00,761 [omNode-1@group-523986131536-LeaderElection16] INFO  server.RaftServerConfigKeys (ConfUtils.java:logGet(46)) - raft.server.log.appender.install.snapshot.enabled = false (custom)
2025-04-23 04:28:00,761 [omNode-1@group-523986131536-LeaderElection16] INFO  grpc.GrpcConfigKeys (ConfUtils.java:logGet(46)) - raft.grpc.server.heartbeat.channel = true (default)
2025-04-23 04:28:00,761 [omNode-1@group-523986131536-LeaderElection16] INFO  impl.RoleInfo (RoleInfo.java:updateAndGet(148)) - omNode-1: start omNode-1@group-523986131536-LeaderStateImpl
2025-04-23 04:28:00,761 [omNode-1@group-523986131536-LeaderElection16] INFO  server.RaftServer$Division (RaftServerImpl.java:setFirstElection(562)) - omNode-1@group-523986131536: set firstElectionSinceStartup to false for becomeLeader
2025-04-23 04:28:00,761 [omNode-1@group-523986131536-LeaderElection16] INFO  ratis.OzoneManagerStateMachine (OzoneManagerStateMachine.java:notifyLeaderChanged(169)) - omNode-1@group-523986131536: leader changed to omNode-1
2025-04-23 04:28:00,761 [omNode-1@group-523986131536-LeaderElection16] INFO  server.RaftServer$Division (ServerState.java:setLeader(272)) - omNode-1@group-523986131536: change Leader from null to omNode-1 at term 8 for becomeLeader, leader elected after 1178ms
2025-04-23 04:28:00,761 [omNode-1@group-523986131536-LeaderElection16] INFO  segmented.SegmentedRaftLogWorker (SegmentedRaftLogWorker.java:rollLogSegment(443)) - omNode-1@group-523986131536-SegmentedRaftLogWorker: Rolling segment log-73_76 to index:76
2025-04-23 04:28:00,762 [omNode-1@group-523986131536-LeaderElection16] INFO  server.RaftServer$Division (ServerState.java:setRaftConf(386)) - omNode-1@group-523986131536: set configuration conf: {index: 77, cur=peers:[omNode-3|localhost:15017, omNode-1|localhost:15009, omNode-2|localhost:15013]|listeners:[], old=null}
2025-04-23 04:28:00,762 [omNode-1@group-523986131536-SegmentedRaftLogWorker] INFO  segmented.SegmentedRaftLogWorker (SegmentedRaftLogWorker.java:execute(601)) - omNode-1@group-523986131536-SegmentedRaftLogWorker: Rolled log segment from /home/runner/work/ozone/ozone/hadoop-ozone/integration-test/target/test-dir/MiniOzoneClusterImpl-ff59c164-3798-4a7f-a16d-eeed9ffb3244/omNode-1/ratis/c9bc4cf4-3bc3-3c60-a66b-523986131536/current/log_inprogress_73 to /home/runner/work/ozone/ozone/hadoop-ozone/integration-test/target/test-dir/MiniOzoneClusterImpl-ff59c164-3798-4a7f-a16d-eeed9ffb3244/omNode-1/ratis/c9bc4cf4-3bc3-3c60-a66b-523986131536/current/log_73-76
2025-04-23 04:28:00,762 [omNode-1@group-523986131536-SegmentedRaftLogWorker] INFO  segmented.BufferedWriteChannel (BufferedWriteChannel.java:open(61)) - open log_inprogress_77 at position 0
2025-04-23 04:28:00,768 [omNode-3-server-thread1] INFO  ratis.OzoneManagerStateMachine (OzoneManagerStateMachine.java:notifyLeaderChanged(169)) - omNode-3@group-523986131536: leader changed to omNode-1
2025-04-23 04:28:00,768 [omNode-3-server-thread1] INFO  server.RaftServer$Division (ServerState.java:setLeader(272)) - omNode-3@group-523986131536: change Leader from null to omNode-1 at term 8 for appendEntries, leader elected after 1637ms
2025-04-23 04:28:00,768 [omNode-3-server-thread1] INFO  server.RaftServer$Division (RaftServerImpl.java:checkInconsistentAppendEntries(1648)) - omNode-3@group-523986131536: Failed appendEntries as previous log entry ((t:7, i:76)) is not found
2025-04-23 04:28:00,769 [omNode-3-server-thread1] INFO  server.RaftServer$Division (RaftServerImpl.java:appendEntriesAsync(1580)) - omNode-3@group-523986131536: appendEntries* reply omNode-1<-omNode-3#0:FAIL-t8,INCONSISTENCY,nextIndex=73,followerCommit=72,matchIndex=-1
2025-04-23 04:28:00,770 [omNode-3-server-thread1] INFO  server.RaftServer$Division (RaftServerImpl.java:checkInconsistentAppendEntries(1648)) - omNode-3@group-523986131536: Failed appendEntries as previous log entry ((t:7, i:76)) is not found
2025-04-23 04:28:00,770 [omNode-3-server-thread1] INFO  server.RaftServer$Division (RaftServerImpl.java:appendEntriesAsync(1580)) - omNode-3@group-523986131536: appendEntries* reply omNode-1<-omNode-3#1:FAIL-t8,INCONSISTENCY,nextIndex=73,followerCommit=72,matchIndex=-1
2025-04-23 04:28:00,770 [grpc-default-executor-1] WARN  server.GrpcLogAppender (GrpcLogAppender.java:onNextImpl(519)) - omNode-1@group-523986131536->omNode-3-AppendLogResponseHandler: received INCONSISTENCY reply with nextIndex 73, errorCount=1, request=AppendEntriesRequest:cid=0,entriesCount=0
2025-04-23 04:28:00,770 [grpc-default-executor-1] INFO  leader.FollowerInfo (FollowerInfoImpl.java:info(70)) - omNode-1@group-523986131536->omNode-3: setNextIndex nextIndex: updateUnconditionally 78 -> 73
2025-04-23 04:28:00,770 [omNode-2-server-thread1] INFO  ratis.OzoneManagerStateMachine (OzoneManagerStateMachine.java:notifyLeaderChanged(169)) - omNode-2@group-523986131536: leader changed to omNode-1
2025-04-23 04:28:00,770 [omNode-2-server-thread1] INFO  server.RaftServer$Division (ServerState.java:setLeader(272)) - omNode-2@group-523986131536: change Leader from null to omNode-1 at term 8 for appendEntries, leader elected after 718ms
2025-04-23 04:28:00,770 [grpc-default-executor-1] WARN  server.GrpcLogAppender (GrpcLogAppender.java:onNextImpl(519)) - omNode-1@group-523986131536->omNode-3-AppendLogResponseHandler: received INCONSISTENCY reply with nextIndex 73, errorCount=2, request=null
2025-04-23 04:28:00,770 [grpc-default-executor-1] INFO  leader.FollowerInfo (FollowerInfoImpl.java:info(70)) - omNode-1@group-523986131536->omNode-3: setNextIndex nextIndex: updateUnconditionally 78 -> 73
2025-04-23 04:28:00,771 [omNode-2-server-thread2] INFO  server.RaftServer$Division (ServerState.java:setRaftConf(386)) - omNode-2@group-523986131536: set configuration conf: {index: 77, cur=peers:[omNode-3|localhost:15017, omNode-1|localhost:15009, omNode-2|localhost:15013]|listeners:[], old=null}
2025-04-23 04:28:00,771 [omNode-2-server-thread2] INFO  segmented.SegmentedRaftLogWorker (SegmentedRaftLogWorker.java:rollLogSegment(443)) - omNode-2@group-523986131536-SegmentedRaftLogWorker: Rolling segment log-73_76 to index:76
2025-04-23 04:28:00,771 [omNode-3-server-thread1] INFO  server.RaftServer$Division (ServerState.java:setRaftConf(386)) - omNode-3@group-523986131536: set configuration conf: {index: 73, cur=peers:[omNode-3|localhost:15017, omNode-1|localhost:15009, omNode-2|localhost:15013]|listeners:[], old=null}
2025-04-23 04:28:00,771 [omNode-3-server-thread1] INFO  server.RaftServer$Division (ServerState.java:setRaftConf(386)) - omNode-3@group-523986131536: set configuration conf: {index: 77, cur=peers:[omNode-3|localhost:15017, omNode-1|localhost:15009, omNode-2|localhost:15013]|listeners:[], old=null}
2025-04-23 04:28:00,771 [omNode-3-server-thread1] INFO  segmented.SegmentedRaftLogWorker (SegmentedRaftLogWorker.java:rollLogSegment(443)) - omNode-3@group-523986131536-SegmentedRaftLogWorker: Rolling segment log-69_72 to index:72
2025-04-23 04:28:00,771 [omNode-2@group-523986131536-SegmentedRaftLogWorker] INFO  segmented.SegmentedRaftLogWorker (SegmentedRaftLogWorker.java:execute(601)) - omNode-2@group-523986131536-SegmentedRaftLogWorker: Rolled log segment from /home/runner/work/ozone/ozone/hadoop-ozone/integration-test/target/test-dir/MiniOzoneClusterImpl-ff59c164-3798-4a7f-a16d-eeed9ffb3244/omNode-2/ratis/c9bc4cf4-3bc3-3c60-a66b-523986131536/current/log_inprogress_73 to /home/runner/work/ozone/ozone/hadoop-ozone/integration-test/target/test-dir/MiniOzoneClusterImpl-ff59c164-3798-4a7f-a16d-eeed9ffb3244/omNode-2/ratis/c9bc4cf4-3bc3-3c60-a66b-523986131536/current/log_73-76
2025-04-23 04:28:00,771 [omNode-3@group-523986131536-SegmentedRaftLogWorker] INFO  segmented.SegmentedRaftLogWorker (SegmentedRaftLogWorker.java:execute(601)) - omNode-3@group-523986131536-SegmentedRaftLogWorker: Rolled log segment from /home/runner/work/ozone/ozone/hadoop-ozone/integration-test/target/test-dir/MiniOzoneClusterImpl-ff59c164-3798-4a7f-a16d-eeed9ffb3244/omNode-3/ratis/c9bc4cf4-3bc3-3c60-a66b-523986131536/current/log_inprogress_69 to /home/runner/work/ozone/ozone/hadoop-ozone/integration-test/target/test-dir/MiniOzoneClusterImpl-ff59c164-3798-4a7f-a16d-eeed9ffb3244/omNode-3/ratis/c9bc4cf4-3bc3-3c60-a66b-523986131536/current/log_69-72
2025-04-23 04:28:00,772 [omNode-2@group-523986131536-SegmentedRaftLogWorker] INFO  segmented.BufferedWriteChannel (BufferedWriteChannel.java:open(61)) - open log_inprogress_77 at position 0
2025-04-23 04:28:00,772 [omNode-3@group-523986131536-SegmentedRaftLogWorker] INFO  segmented.BufferedWriteChannel (BufferedWriteChannel.java:open(61)) - open log_inprogress_73 at position 0
2025-04-23 04:28:00,774 [omNode-3-server-thread1] INFO  segmented.SegmentedRaftLogWorker (SegmentedRaftLogWorker.java:rollLogSegment(443)) - omNode-3@group-523986131536-SegmentedRaftLogWorker: Rolling segment log-73_76 to index:76
2025-04-23 04:28:00,775 [omNode-3-server-thread1] INFO  server.RaftServer$Division (ServerState.java:setRaftConf(386)) - omNode-3@group-523986131536: set configuration conf: {index: 73, cur=peers:[omNode-3|localhost:15017, omNode-1|localhost:15009, omNode-2|localhost:15013]|listeners:[], old=null}
2025-04-23 04:28:00,775 [omNode-3-server-thread1] INFO  server.RaftServer$Division (ServerState.java:setRaftConf(386)) - omNode-3@group-523986131536: set configuration conf: {index: 77, cur=peers:[omNode-3|localhost:15017, omNode-1|localhost:15009, omNode-2|localhost:15013]|listeners:[], old=null}
2025-04-23 04:28:00,776 [omNode-1@group-523986131536-SegmentedRaftLogWorker] INFO  segmented.SegmentedRaftLogWorker (SegmentedRaftLogWorker.java:execute(644)) - omNode-1@group-523986131536-SegmentedRaftLogWorker: created new log segment /home/runner/work/ozone/ozone/hadoop-ozone/integration-test/target/test-dir/MiniOzoneClusterImpl-ff59c164-3798-4a7f-a16d-eeed9ffb3244/omNode-1/ratis/c9bc4cf4-3bc3-3c60-a66b-523986131536/current/log_inprogress_77
2025-04-23 04:28:00,783 [omNode-2@group-523986131536-SegmentedRaftLogWorker] INFO  segmented.SegmentedRaftLogWorker (SegmentedRaftLogWorker.java:execute(644)) - omNode-2@group-523986131536-SegmentedRaftLogWorker: created new log segment /home/runner/work/ozone/ozone/hadoop-ozone/integration-test/target/test-dir/MiniOzoneClusterImpl-ff59c164-3798-4a7f-a16d-eeed9ffb3244/omNode-2/ratis/c9bc4cf4-3bc3-3c60-a66b-523986131536/current/log_inprogress_77
2025-04-23 04:28:00,784 [omNode-3@group-523986131536-SegmentedRaftLogWorker] INFO  segmented.SegmentedRaftLogWorker (SegmentedRaftLogWorker.java:execute(644)) - omNode-3@group-523986131536-SegmentedRaftLogWorker: created new log segment /home/runner/work/ozone/ozone/hadoop-ozone/integration-test/target/test-dir/MiniOzoneClusterImpl-ff59c164-3798-4a7f-a16d-eeed9ffb3244/omNode-3/ratis/c9bc4cf4-3bc3-3c60-a66b-523986131536/current/log_inprogress_73
2025-04-23 04:28:00,786 [omNode-3@group-523986131536-SegmentedRaftLogWorker] INFO  segmented.SegmentedRaftLogWorker (SegmentedRaftLogWorker.java:execute(601)) - omNode-3@group-523986131536-SegmentedRaftLogWorker: Rolled log segment from /home/runner/work/ozone/ozone/hadoop-ozone/integration-test/target/test-dir/MiniOzoneClusterImpl-ff59c164-3798-4a7f-a16d-eeed9ffb3244/omNode-3/ratis/c9bc4cf4-3bc3-3c60-a66b-523986131536/current/log_inprogress_73 to /home/runner/work/ozone/ozone/hadoop-ozone/integration-test/target/test-dir/MiniOzoneClusterImpl-ff59c164-3798-4a7f-a16d-eeed9ffb3244/omNode-3/ratis/c9bc4cf4-3bc3-3c60-a66b-523986131536/current/log_73-76
2025-04-23 04:28:00,786 [omNode-1@group-523986131536-StateMachineUpdater] INFO  ratis.OzoneManagerStateMachine (OzoneManagerStateMachine.java:notifyConfigurationChanged(231)) - notifyConfigurationChanged from Ratis: term=8, index=77, New Peer list: omNode-3(localhost:15017), omNode-1(localhost:15009), omNode-2(localhost:15013)
2025-04-23 04:28:00,786 [omNode-1@group-523986131536-StateMachineUpdater] INFO  server.RaftServer$Division (LeaderStateImpl.java:checkStartIndex(313)) - Leader omNode-1@group-523986131536-LeaderStateImpl is ready since appliedIndex == startIndex == 77
2025-04-23 04:28:00,786 [omNode-3@group-523986131536-SegmentedRaftLogWorker] INFO  segmented.BufferedWriteChannel (BufferedWriteChannel.java:open(61)) - open log_inprogress_77 at position 0
2025-04-23 04:28:00,787 [omNode-2@group-523986131536-StateMachineUpdater] INFO  ratis.OzoneManagerStateMachine (OzoneManagerStateMachine.java:notifyConfigurationChanged(231)) - notifyConfigurationChanged from Ratis: term=8, index=77, New Peer list: omNode-3(localhost:15017), omNode-1(localhost:15009), omNode-2(localhost:15013)
2025-04-23 04:28:00,791 [main] INFO  rpc.RpcClient (RpcClient.java:createVolume(462)) - Creating Volume: volume4fd4cbbe-b23e-462a-a7a1-e78f32b21d2c, with user29199 as owner and space quota set to -1 bytes, counts quota set to -1
2025-04-23 04:28:00,792 [main] INFO  retry.RetryInvocationHandler (RetryInvocationHandler.java:log(426)) - com.google.protobuf.ServiceException: java.io.EOFException: End of File Exception between local host is: "fv-az1441-587/10.1.0.164"; destination host is: "localhost":15010; : java.io.EOFException; For more details see:  http://wiki.apache.org/hadoop/EOFException, while invoking $Proxy68.submitRequest over nodeId=omNode-2,nodeAddress=127.0.0.1:15010. Trying to failover immediately. Current retry count: 0.
2025-04-23 04:28:00,794 [main] INFO  retry.RetryInvocationHandler (RetryInvocationHandler.java:log(426)) - com.google.protobuf.ServiceException: org.apache.hadoop.ipc.RemoteException(org.apache.hadoop.ozone.om.exceptions.OMNotLeaderException): OM:omNode-3 is not the leader. Suggested leader is OM:omNode-1[localhost/127.0.0.1].
	at org.apache.hadoop.ozone.om.ratis.OzoneManagerRatisServer.newOMNotLeaderException(OzoneManagerRatisServer.java:813)
	at org.apache.hadoop.ozone.om.OzoneManager.checkLeaderStatus(OzoneManager.java:4355)
	at org.apache.hadoop.ozone.om.ratis.utils.OzoneManagerRatisUtils.checkLeaderStatus(OzoneManagerRatisUtils.java:500)
	at org.apache.hadoop.ozone.protocolPB.OzoneManagerProtocolServerSideTranslatorPB.internalProcessRequest(OzoneManagerProtocolServerSideTranslatorPB.java:165)
	at org.apache.hadoop.ozone.protocolPB.OzoneManagerProtocolServerSideTranslatorPB.processRequest(OzoneManagerProtocolServerSideTranslatorPB.java:125)
	at org.apache.hadoop.hdds.server.OzoneProtocolMessageDispatcher.processRequest(OzoneProtocolMessageDispatcher.java:87)
	at org.apache.hadoop.ozone.protocolPB.OzoneManagerProtocolServerSideTranslatorPB.submitRequest(OzoneManagerProtocolServerSideTranslatorPB.java:116)
	at org.apache.hadoop.ozone.protocol.proto.OzoneManagerProtocolProtos$OzoneManagerService$2.callBlockingMethod(OzoneManagerProtocolProtos.java)
	at org.apache.hadoop.ipc.ProtobufRpcEngine$Server.processCall(ProtobufRpcEngine.java:484)
	at org.apache.hadoop.ipc.ProtobufRpcEngine2$Server$ProtoBufRpcInvoker.call(ProtobufRpcEngine2.java:595)
	at org.apache.hadoop.ipc.ProtobufRpcEngine2$Server$ProtoBufRpcInvoker.call(ProtobufRpcEngine2.java:573)
	at org.apache.hadoop.ipc.RPC$Server.call(RPC.java:1227)
	at org.apache.hadoop.ipc.Server$RpcCall.run(Server.java:1246)
	at org.apache.hadoop.ipc.Server$RpcCall.run(Server.java:1169)
	at java.base/java.security.AccessController.doPrivileged(AccessController.java:714)
	at java.base/javax.security.auth.Subject.doAs(Subject.java:525)
	at org.apache.hadoop.security.UserGroupInformation.doAs(UserGroupInformation.java:1953)
	at org.apache.hadoop.ipc.Server$Handler.run(Server.java:3198)
, while invoking $Proxy68.submitRequest over nodeId=omNode-3,nodeAddress=127.0.0.1:15014 after 1 failover attempts. Trying to failover after sleeping for 2000ms. Current retry count: 1.
2025-04-23 04:28:00,798 [omNode-3@group-523986131536-SegmentedRaftLogWorker] INFO  segmented.SegmentedRaftLogWorker (SegmentedRaftLogWorker.java:execute(644)) - omNode-3@group-523986131536-SegmentedRaftLogWorker: created new log segment /home/runner/work/ozone/ozone/hadoop-ozone/integration-test/target/test-dir/MiniOzoneClusterImpl-ff59c164-3798-4a7f-a16d-eeed9ffb3244/omNode-3/ratis/c9bc4cf4-3bc3-3c60-a66b-523986131536/current/log_inprogress_77
2025-04-23 04:28:00,799 [omNode-3@group-523986131536-StateMachineUpdater] INFO  ratis.OzoneManagerStateMachine (OzoneManagerStateMachine.java:notifyConfigurationChanged(231)) - notifyConfigurationChanged from Ratis: term=7, index=73, New Peer list: omNode-3(localhost:15017), omNode-1(localhost:15009), omNode-2(localhost:15013)
2025-04-23 04:28:00,801 [omNode-3-OMStateMachineApplyTransactionThread - 0] WARN  helpers.OzoneAclUtil (OzoneAclUtil.java:getDefaultAclList(77)) - Failed to get primary group from user user42591 (auth:SIMPLE)
2025-04-23 04:28:00,801 [omNode-3-OMStateMachineApplyTransactionThread - 0] INFO  volume.OMVolumeCreateRequest (OMVolumeCreateRequest.java:validateAndUpdateCache(203)) - created volume:volume71561 for user:user42591
2025-04-23 04:28:00,801 [omNode-3@group-523986131536-StateMachineUpdater] INFO  ratis.OzoneManagerStateMachine (OzoneManagerStateMachine.java:notifyConfigurationChanged(231)) - notifyConfigurationChanged from Ratis: term=8, index=77, New Peer list: omNode-3(localhost:15017), omNode-1(localhost:15009), omNode-2(localhost:15013)
2025-04-23 04:28:02,068 [timer5] WARN  server.GrpcLogAppender (GrpcLogAppender.java:lambda$resetClient$1(221)) - omNode-2@group-523986131536->omNode-1-GrpcLogAppender: Follower failed (request=null, errorCount=8); keep nextIndex (77) unchanged and retry. (Repeated 8 times in the last 5.000s)
2025-04-23 04:28:02,068 [timer4] WARN  server.GrpcLogAppender (LogUtils.java:warn(121)) - omNode-2@group-523986131536->omNode-1-AppendLogResponseHandler: Failed appendEntries (Repeated 8 times in the last 5.000s): org.apache.ratis.thirdparty.io.grpc.StatusRuntimeException: UNAVAILABLE: io exception
2025-04-23 04:28:02,177 [timer6] WARN  server.GrpcLogAppender (LogUtils.java:warn(121)) - omNode-2@group-523986131536->omNode-3-AppendLogResponseHandler: Failed appendEntries (Repeated 2 times in the last 5.001s): org.apache.ratis.thirdparty.io.grpc.StatusRuntimeException: UNAVAILABLE: io exception
2025-04-23 04:28:02,795 [main] INFO  retry.RetryInvocationHandler (RetryInvocationHandler.java:log(426)) - com.google.protobuf.ServiceException: java.io.EOFException: End of File Exception between local host is: "fv-az1441-587/10.1.0.164"; destination host is: "localhost":15006; : java.io.EOFException; For more details see:  http://wiki.apache.org/hadoop/EOFException, while invoking $Proxy68.submitRequest over nodeId=omNode-1,nodeAddress=127.0.0.1:15006 after 2 failover attempts. Trying to failover immediately. Current retry count: 2.
2025-04-23 04:28:02,797 [main] INFO  retry.RetryInvocationHandler (RetryInvocationHandler.java:log(426)) - com.google.protobuf.ServiceException: org.apache.hadoop.ipc.RemoteException(org.apache.hadoop.ozone.om.exceptions.OMNotLeaderException): OM:omNode-2 is not the leader. Suggested leader is OM:omNode-1[localhost/127.0.0.1].
	at org.apache.hadoop.ozone.om.ratis.OzoneManagerRatisServer.newOMNotLeaderException(OzoneManagerRatisServer.java:813)
	at org.apache.hadoop.ozone.om.OzoneManager.checkLeaderStatus(OzoneManager.java:4355)
	at org.apache.hadoop.ozone.om.ratis.utils.OzoneManagerRatisUtils.checkLeaderStatus(OzoneManagerRatisUtils.java:500)
	at org.apache.hadoop.ozone.protocolPB.OzoneManagerProtocolServerSideTranslatorPB.internalProcessRequest(OzoneManagerProtocolServerSideTranslatorPB.java:165)
	at org.apache.hadoop.ozone.protocolPB.OzoneManagerProtocolServerSideTranslatorPB.processRequest(OzoneManagerProtocolServerSideTranslatorPB.java:125)
	at org.apache.hadoop.hdds.server.OzoneProtocolMessageDispatcher.processRequest(OzoneProtocolMessageDispatcher.java:87)
	at org.apache.hadoop.ozone.protocolPB.OzoneManagerProtocolServerSideTranslatorPB.submitRequest(OzoneManagerProtocolServerSideTranslatorPB.java:116)
	at org.apache.hadoop.ozone.protocol.proto.OzoneManagerProtocolProtos$OzoneManagerService$2.callBlockingMethod(OzoneManagerProtocolProtos.java)
	at org.apache.hadoop.ipc.ProtobufRpcEngine$Server.processCall(ProtobufRpcEngine.java:484)
	at org.apache.hadoop.ipc.ProtobufRpcEngine2$Server$ProtoBufRpcInvoker.call(ProtobufRpcEngine2.java:595)
	at org.apache.hadoop.ipc.ProtobufRpcEngine2$Server$ProtoBufRpcInvoker.call(ProtobufRpcEngine2.java:573)
	at org.apache.hadoop.ipc.RPC$Server.call(RPC.java:1227)
	at org.apache.hadoop.ipc.Server$RpcCall.run(Server.java:1246)
	at org.apache.hadoop.ipc.Server$RpcCall.run(Server.java:1169)
	at java.base/java.security.AccessController.doPrivileged(AccessController.java:714)
	at java.base/javax.security.auth.Subject.doAs(Subject.java:525)
	at org.apache.hadoop.security.UserGroupInformation.doAs(UserGroupInformation.java:1953)
	at org.apache.hadoop.ipc.Server$Handler.run(Server.java:3198)
, while invoking $Proxy68.submitRequest over nodeId=omNode-2,nodeAddress=127.0.0.1:15010 after 3 failover attempts. Trying to failover immediately. Current retry count: 3.
2025-04-23 04:28:02,798 [main] INFO  retry.RetryInvocationHandler (RetryInvocationHandler.java:log(426)) - com.google.protobuf.ServiceException: org.apache.hadoop.ipc.RemoteException(org.apache.hadoop.ozone.om.exceptions.OMNotLeaderException): OM:omNode-3 is not the leader. Suggested leader is OM:omNode-1[localhost/127.0.0.1].
	at org.apache.hadoop.ozone.om.ratis.OzoneManagerRatisServer.newOMNotLeaderException(OzoneManagerRatisServer.java:813)
	at org.apache.hadoop.ozone.om.OzoneManager.checkLeaderStatus(OzoneManager.java:4355)
	at org.apache.hadoop.ozone.om.ratis.utils.OzoneManagerRatisUtils.checkLeaderStatus(OzoneManagerRatisUtils.java:500)
	at org.apache.hadoop.ozone.protocolPB.OzoneManagerProtocolServerSideTranslatorPB.internalProcessRequest(OzoneManagerProtocolServerSideTranslatorPB.java:165)
	at org.apache.hadoop.ozone.protocolPB.OzoneManagerProtocolServerSideTranslatorPB.processRequest(OzoneManagerProtocolServerSideTranslatorPB.java:125)
	at org.apache.hadoop.hdds.server.OzoneProtocolMessageDispatcher.processRequest(OzoneProtocolMessageDispatcher.java:87)
	at org.apache.hadoop.ozone.protocolPB.OzoneManagerProtocolServerSideTranslatorPB.submitRequest(OzoneManagerProtocolServerSideTranslatorPB.java:116)
	at org.apache.hadoop.ozone.protocol.proto.OzoneManagerProtocolProtos$OzoneManagerService$2.callBlockingMethod(OzoneManagerProtocolProtos.java)
	at org.apache.hadoop.ipc.ProtobufRpcEngine$Server.processCall(ProtobufRpcEngine.java:484)
	at org.apache.hadoop.ipc.ProtobufRpcEngine2$Server$ProtoBufRpcInvoker.call(ProtobufRpcEngine2.java:595)
	at org.apache.hadoop.ipc.ProtobufRpcEngine2$Server$ProtoBufRpcInvoker.call(ProtobufRpcEngine2.java:573)
	at org.apache.hadoop.ipc.RPC$Server.call(RPC.java:1227)
	at org.apache.hadoop.ipc.Server$RpcCall.run(Server.java:1246)
	at org.apache.hadoop.ipc.Server$RpcCall.run(Server.java:1169)
	at java.base/java.security.AccessController.doPrivileged(AccessController.java:714)
	at java.base/javax.security.auth.Subject.doAs(Subject.java:525)
	at org.apache.hadoop.security.UserGroupInformation.doAs(UserGroupInformation.java:1953)
	at org.apache.hadoop.ipc.Server$Handler.run(Server.java:3198)
, while invoking $Proxy68.submitRequest over nodeId=omNode-3,nodeAddress=127.0.0.1:15014 after 4 failover attempts. Trying to failover after sleeping for 2000ms. Current retry count: 4.
2025-04-23 04:28:04,813 [omNode-1-OMStateMachineApplyTransactionThread - 0] WARN  helpers.OzoneAclUtil (OzoneAclUtil.java:getDefaultAclList(77)) - Failed to get primary group from user user29199 (auth:SIMPLE)
2025-04-23 04:28:04,813 [omNode-3-OMStateMachineApplyTransactionThread - 0] WARN  helpers.OzoneAclUtil (OzoneAclUtil.java:getDefaultAclList(77)) - Failed to get primary group from user user29199 (auth:SIMPLE)
2025-04-23 04:28:04,814 [omNode-3-OMStateMachineApplyTransactionThread - 0] INFO  volume.OMVolumeCreateRequest (OMVolumeCreateRequest.java:validateAndUpdateCache(203)) - created volume:volume4fd4cbbe-b23e-462a-a7a1-e78f32b21d2c for user:user29199
2025-04-23 04:28:04,813 [omNode-2-OMStateMachineApplyTransactionThread - 0] WARN  helpers.OzoneAclUtil (OzoneAclUtil.java:getDefaultAclList(77)) - Failed to get primary group from user user29199 (auth:SIMPLE)
2025-04-23 04:28:04,814 [omNode-2-OMStateMachineApplyTransactionThread - 0] INFO  volume.OMVolumeCreateRequest (OMVolumeCreateRequest.java:validateAndUpdateCache(203)) - created volume:volume4fd4cbbe-b23e-462a-a7a1-e78f32b21d2c for user:user29199
2025-04-23 04:28:04,814 [omNode-1-OMStateMachineApplyTransactionThread - 0] INFO  volume.OMVolumeCreateRequest (OMVolumeCreateRequest.java:validateAndUpdateCache(203)) - created volume:volume4fd4cbbe-b23e-462a-a7a1-e78f32b21d2c for user:user29199
2025-04-23 04:28:04,818 [main] INFO  rpc.RpcClient (RpcClient.java:createBucket(687)) - Creating Bucket: volume4fd4cbbe-b23e-462a-a7a1-e78f32b21d2c/2852d943-05bf-4a54-bf86-0d4a28836069, with server-side default bucket layout, runner as owner, Versioning false, Storage Type set to DISK and Encryption set to false, Replication Type set to server-side default replication type, Namespace Quota set to -1, Space Quota set to -1 
2025-04-23 04:28:04,822 [omNode-1-OMStateMachineApplyTransactionThread - 0] INFO  bucket.OMBucketCreateRequest (OMBucketCreateRequest.java:validateAndUpdateCache(291)) - created bucket: 2852d943-05bf-4a54-bf86-0d4a28836069 of layout OBJECT_STORE in volume: volume4fd4cbbe-b23e-462a-a7a1-e78f32b21d2c
2025-04-23 04:28:04,823 [omNode-3-OMStateMachineApplyTransactionThread - 0] INFO  bucket.OMBucketCreateRequest (OMBucketCreateRequest.java:validateAndUpdateCache(291)) - created bucket: 2852d943-05bf-4a54-bf86-0d4a28836069 of layout OBJECT_STORE in volume: volume4fd4cbbe-b23e-462a-a7a1-e78f32b21d2c
2025-04-23 04:28:04,824 [omNode-2-OMStateMachineApplyTransactionThread - 0] INFO  bucket.OMBucketCreateRequest (OMBucketCreateRequest.java:validateAndUpdateCache(291)) - created bucket: 2852d943-05bf-4a54-bf86-0d4a28836069 of layout OBJECT_STORE in volume: volume4fd4cbbe-b23e-462a-a7a1-e78f32b21d2c
2025-04-23 04:28:04,949 [main] INFO  om.OzoneManager (OzoneManager.java:stop(2347)) - omNode-1[localhost:15006]: Stopping Ozone Manager
2025-04-23 04:28:04,949 [main] INFO  ipc.Server (Server.java:stop(3697)) - Stopping server on 15006
2025-04-23 04:28:04,951 [IPC Server listener on 15006] INFO  ipc.Server (Server.java:run(1585)) - Stopping IPC Server listener on 15006
2025-04-23 04:28:04,952 [IPC Server Responder] INFO  ipc.Server (Server.java:run(1718)) - Stopping IPC Server Responder
2025-04-23 04:28:04,952 [main] INFO  ratis.OzoneManagerRatisServer (OzoneManagerRatisServer.java:stop(634)) - Stopping org.apache.hadoop.ozone.om.ratis.OzoneManagerRatisServer@30a2d69a at port 15009
2025-04-23 04:28:04,952 [main] INFO  server.RaftServer (RaftServerProxy.java:lambda$close$9(417)) - omNode-1: close
2025-04-23 04:28:04,952 [main] INFO  server.GrpcService (GrpcService.java:closeImpl(343)) - omNode-1: shutdown server GrpcServerProtocolService now
2025-04-23 04:28:04,952 [omNode-1-impl-thread1] INFO  server.RaftServer$Division (RaftServerImpl.java:lambda$close$1(513)) - omNode-1@group-523986131536: shutdown
2025-04-23 04:28:04,953 [omNode-1-impl-thread1] INFO  util.JmxRegister (JmxRegister.java:unregister(74)) - Successfully un-registered JMX Bean with object name Ratis:service=RaftServer,group=group-523986131536,id=omNode-1
2025-04-23 04:28:04,953 [omNode-1-impl-thread1] INFO  impl.RoleInfo (RoleInfo.java:shutdownLeaderState(103)) - omNode-1: shutdown omNode-1@group-523986131536-LeaderStateImpl
2025-04-23 04:28:04,953 [omNode-1@group-523986131536->omNode-3-GrpcLogAppender-LogAppenderDaemon] WARN  server.GrpcLogAppender (GrpcLogAppender.java:mayWait(293)) - omNode-1@group-523986131536->omNode-3-GrpcLogAppender: Wait interrupted by java.lang.InterruptedException
2025-04-23 04:28:04,953 [omNode-1-impl-thread1] INFO  impl.PendingRequests (PendingRequests.java:sendNotLeaderResponses(287)) - omNode-1@group-523986131536-PendingRequests: sendNotLeaderResponses
2025-04-23 04:28:04,953 [omNode-1@group-523986131536->omNode-2-GrpcLogAppender-LogAppenderDaemon] WARN  server.GrpcLogAppender (GrpcLogAppender.java:mayWait(293)) - omNode-1@group-523986131536->omNode-2-GrpcLogAppender: Wait interrupted by java.lang.InterruptedException
2025-04-23 04:28:04,954 [grpc-default-executor-2] INFO  server.GrpcServerProtocolService (GrpcServerProtocolService.java:onCompleted(157)) - omNode-2: Completed APPEND_ENTRIES, lastRequest: omNode-1->omNode-2#74-t8,previous=(t:8, i:101),leaderCommit=101,initializing? false,entries: size=1, first=(t:8, i:102), METADATAENTRY(c:101)
2025-04-23 04:28:04,954 [grpc-default-executor-2] INFO  server.GrpcServerProtocolService (GrpcServerProtocolService.java:lambda$onCompleted$5(159)) - omNode-2: Completed APPEND_ENTRIES, lastReply: null
2025-04-23 04:28:04,954 [Thread-2945] INFO  server.GrpcServerProtocolClient (GrpcServerProtocolClient.java:close(105)) - omNode-3 Close channels
2025-04-23 04:28:04,954 [omNode-1-impl-thread1] INFO  impl.StateMachineUpdater (StateMachineUpdater.java:stopAndJoin(164)) - omNode-1@group-523986131536-StateMachineUpdater: set stopIndex = 102
2025-04-23 04:28:04,955 [grpc-default-executor-0] INFO  server.GrpcLogAppender (GrpcLogAppender.java:onCompleted(550)) - omNode-1@group-523986131536->omNode-2-AppendLogResponseHandler: follower responses appendEntries COMPLETED
2025-04-23 04:28:04,955 [grpc-default-executor-1] INFO  server.GrpcServerProtocolService (GrpcServerProtocolService.java:onCompleted(157)) - omNode-2: Completed APPEND_ENTRIES, lastRequest: null
2025-04-23 04:28:04,955 [Thread-2947] INFO  server.GrpcServerProtocolClient (GrpcServerProtocolClient.java:close(105)) - omNode-2 Close channels
2025-04-23 04:28:04,955 [grpc-default-executor-1] INFO  server.GrpcServerProtocolService (GrpcServerProtocolService.java:lambda$onCompleted$5(159)) - omNode-2: Completed APPEND_ENTRIES, lastReply: serverReply {
  requestorId: "omNode-1"
  replyId: "omNode-2"
  raftGroupId {
    id: "\311\274L\364;\303<`\246kR9\206\023\0256"
  }
  callId: 12
  success: true
}
term: 8
nextIndex: 79
followerCommit: 78
matchIndex: 18446744073709551615
isHearbeat: true

2025-04-23 04:28:04,954 [grpc-default-executor-5] INFO  server.GrpcServerProtocolService (GrpcServerProtocolService.java:onCompleted(157)) - omNode-3: Completed APPEND_ENTRIES, lastRequest: null
2025-04-23 04:28:04,955 [grpc-default-executor-2] INFO  server.GrpcServerProtocolService (GrpcServerProtocolService.java:onCompleted(157)) - omNode-3: Completed APPEND_ENTRIES, lastRequest: omNode-1->omNode-3#70-t8,previous=(t:8, i:101),leaderCommit=101,initializing? false,entries: size=1, first=(t:8, i:102), METADATAENTRY(c:101)
2025-04-23 04:28:04,956 [grpc-default-executor-2] INFO  server.GrpcServerProtocolService (GrpcServerProtocolService.java:lambda$onCompleted$5(159)) - omNode-3: Completed APPEND_ENTRIES, lastReply: null
2025-04-23 04:28:04,956 [grpc-default-executor-5] INFO  server.GrpcServerProtocolService (GrpcServerProtocolService.java:lambda$onCompleted$5(159)) - omNode-3: Completed APPEND_ENTRIES, lastReply: serverReply {
  requestorId: "omNode-1"
  replyId: "omNode-3"
  raftGroupId {
    id: "\311\274L\364;\303<`\246kR9\206\023\0256"
  }
  callId: 17
  success: true
}
term: 8
nextIndex: 79
followerCommit: 78
matchIndex: 18446744073709551615
isHearbeat: true

2025-04-23 04:28:04,956 [grpc-default-executor-0] INFO  server.GrpcLogAppender (GrpcLogAppender.java:onCompleted(550)) - omNode-1@group-523986131536->omNode-3-AppendLogResponseHandler: follower responses appendEntries COMPLETED
2025-04-23 04:28:04,956 [grpc-default-executor-0] WARN  server.GrpcLogAppender (GrpcLogAppender.java:resetClient(230)) - omNode-1@group-523986131536->omNode-3-GrpcLogAppender: Failed to getClient for omNode-3
org.apache.ratis.protocol.exceptions.AlreadyClosedException: omNode-1 is already CLOSED
	at org.apache.ratis.util.PeerProxyMap$PeerAndProxy.getProxy(PeerProxyMap.java:67)
	at org.apache.ratis.util.PeerProxyMap.getProxy(PeerProxyMap.java:124)
	at org.apache.ratis.grpc.server.GrpcLogAppender.getClient(GrpcLogAppender.java:200)
	at org.apache.ratis.grpc.server.GrpcLogAppender.resetClient(GrpcLogAppender.java:205)
	at org.apache.ratis.grpc.server.GrpcLogAppender.access$800(GrpcLogAppender.java:64)
	at org.apache.ratis.grpc.server.GrpcLogAppender$AppendLogResponseHandler.onCompleted(GrpcLogAppender.java:551)
	at org.apache.ratis.thirdparty.io.grpc.stub.ClientCalls$StreamObserverToCallListenerAdapter.onClose(ClientCalls.java:479)
	at org.apache.ratis.thirdparty.io.grpc.internal.ClientCallImpl.closeObserver(ClientCallImpl.java:567)
	at org.apache.ratis.thirdparty.io.grpc.internal.ClientCallImpl.access$300(ClientCallImpl.java:71)
	at org.apache.ratis.thirdparty.io.grpc.internal.ClientCallImpl$ClientStreamListenerImpl$1StreamClosed.runInternal(ClientCallImpl.java:735)
	at org.apache.ratis.thirdparty.io.grpc.internal.ClientCallImpl$ClientStreamListenerImpl$1StreamClosed.runInContext(ClientCallImpl.java:716)
	at org.apache.ratis.thirdparty.io.grpc.internal.ContextRunnable.run(ContextRunnable.java:37)
	at org.apache.ratis.thirdparty.io.grpc.internal.SerializingExecutor.run(SerializingExecutor.java:133)
	at java.base/java.util.concurrent.ThreadPoolExecutor.runWorker(ThreadPoolExecutor.java:1144)
	at java.base/java.util.concurrent.ThreadPoolExecutor$Worker.run(ThreadPoolExecutor.java:642)
	at java.base/java.lang.Thread.run(Thread.java:1583)
2025-04-23 04:28:04,956 [grpc-default-executor-4] INFO  server.GrpcLogAppender (GrpcLogAppender.java:onCompleted(550)) - omNode-1@group-523986131536->omNode-3-AppendLogResponseHandler: follower responses appendEntries COMPLETED
2025-04-23 04:28:04,956 [grpc-default-executor-4] WARN  server.GrpcLogAppender (GrpcLogAppender.java:resetClient(230)) - omNode-1@group-523986131536->omNode-3-GrpcLogAppender: Failed to getClient for omNode-3
org.apache.ratis.protocol.exceptions.AlreadyClosedException: omNode-1 is already CLOSED
	at org.apache.ratis.util.PeerProxyMap$PeerAndProxy.getProxy(PeerProxyMap.java:67)
	at org.apache.ratis.util.PeerProxyMap.getProxy(PeerProxyMap.java:124)
	at org.apache.ratis.grpc.server.GrpcLogAppender.getClient(GrpcLogAppender.java:200)
	at org.apache.ratis.grpc.server.GrpcLogAppender.resetClient(GrpcLogAppender.java:205)
	at org.apache.ratis.grpc.server.GrpcLogAppender.access$800(GrpcLogAppender.java:64)
	at org.apache.ratis.grpc.server.GrpcLogAppender$AppendLogResponseHandler.onCompleted(GrpcLogAppender.java:551)
	at org.apache.ratis.thirdparty.io.grpc.stub.ClientCalls$StreamObserverToCallListenerAdapter.onClose(ClientCalls.java:479)
	at org.apache.ratis.thirdparty.io.grpc.internal.DelayedClientCall$DelayedListener$3.run(DelayedClientCall.java:489)
	at org.apache.ratis.thirdparty.io.grpc.internal.DelayedClientCall$DelayedListener.delayOrExecute(DelayedClientCall.java:453)
	at org.apache.ratis.thirdparty.io.grpc.internal.DelayedClientCall$DelayedListener.onClose(DelayedClientCall.java:486)
	at org.apache.ratis.thirdparty.io.grpc.internal.ClientCallImpl.closeObserver(ClientCallImpl.java:567)
	at org.apache.ratis.thirdparty.io.grpc.internal.ClientCallImpl.access$300(ClientCallImpl.java:71)
	at org.apache.ratis.thirdparty.io.grpc.internal.ClientCallImpl$ClientStreamListenerImpl$1StreamClosed.runInternal(ClientCallImpl.java:735)
	at org.apache.ratis.thirdparty.io.grpc.internal.ClientCallImpl$ClientStreamListenerImpl$1StreamClosed.runInContext(ClientCallImpl.java:716)
	at org.apache.ratis.thirdparty.io.grpc.internal.ContextRunnable.run(ContextRunnable.java:37)
	at org.apache.ratis.thirdparty.io.grpc.internal.SerializingExecutor.run(SerializingExecutor.java:133)
	at java.base/java.util.concurrent.ThreadPoolExecutor.runWorker(ThreadPoolExecutor.java:1144)
	at java.base/java.util.concurrent.ThreadPoolExecutor$Worker.run(ThreadPoolExecutor.java:642)
	at java.base/java.lang.Thread.run(Thread.java:1583)
2025-04-23 04:28:04,957 [grpc-default-executor-0] INFO  server.GrpcLogAppender (GrpcLogAppender.java:onCompleted(550)) - omNode-1@group-523986131536->omNode-2-AppendLogResponseHandler: follower responses appendEntries COMPLETED
2025-04-23 04:28:04,957 [grpc-default-executor-0] WARN  server.GrpcLogAppender (GrpcLogAppender.java:resetClient(230)) - omNode-1@group-523986131536->omNode-2-GrpcLogAppender: Failed to getClient for omNode-2
org.apache.ratis.protocol.exceptions.AlreadyClosedException: omNode-1 is already CLOSED
	at org.apache.ratis.util.PeerProxyMap$PeerAndProxy.getProxy(PeerProxyMap.java:67)
	at org.apache.ratis.util.PeerProxyMap.getProxy(PeerProxyMap.java:124)
	at org.apache.ratis.grpc.server.GrpcLogAppender.getClient(GrpcLogAppender.java:200)
	at org.apache.ratis.grpc.server.GrpcLogAppender.resetClient(GrpcLogAppender.java:205)
	at org.apache.ratis.grpc.server.GrpcLogAppender.access$800(GrpcLogAppender.java:64)
	at org.apache.ratis.grpc.server.GrpcLogAppender$AppendLogResponseHandler.onCompleted(GrpcLogAppender.java:551)
	at org.apache.ratis.thirdparty.io.grpc.stub.ClientCalls$StreamObserverToCallListenerAdapter.onClose(ClientCalls.java:479)
	at org.apache.ratis.thirdparty.io.grpc.internal.DelayedClientCall$DelayedListener$3.run(DelayedClientCall.java:489)
	at org.apache.ratis.thirdparty.io.grpc.internal.DelayedClientCall$DelayedListener.delayOrExecute(DelayedClientCall.java:453)
	at org.apache.ratis.thirdparty.io.grpc.internal.DelayedClientCall$DelayedListener.onClose(DelayedClientCall.java:486)
	at org.apache.ratis.thirdparty.io.grpc.internal.ClientCallImpl.closeObserver(ClientCallImpl.java:567)
	at org.apache.ratis.thirdparty.io.grpc.internal.ClientCallImpl.access$300(ClientCallImpl.java:71)
	at org.apache.ratis.thirdparty.io.grpc.internal.ClientCallImpl$ClientStreamListenerImpl$1StreamClosed.runInternal(ClientCallImpl.java:735)
	at org.apache.ratis.thirdparty.io.grpc.internal.ClientCallImpl$ClientStreamListenerImpl$1StreamClosed.runInContext(ClientCallImpl.java:716)
	at org.apache.ratis.thirdparty.io.grpc.internal.ContextRunnable.run(ContextRunnable.java:37)
	at org.apache.ratis.thirdparty.io.grpc.internal.SerializingExecutor.run(SerializingExecutor.java:133)
	at java.base/java.util.concurrent.ThreadPoolExecutor.runWorker(ThreadPoolExecutor.java:1144)
	at java.base/java.util.concurrent.ThreadPoolExecutor$Worker.run(ThreadPoolExecutor.java:642)
	at java.base/java.lang.Thread.run(Thread.java:1583)
2025-04-23 04:28:04,958 [main] INFO  server.GrpcService (GrpcService.java:closeImpl(352)) - omNode-1: shutdown server GrpcServerProtocolService successfully
2025-04-23 04:28:04,979 [omNode-1@group-523986131536-StateMachineUpdater] INFO  ratis.OzoneManagerStateMachine (OzoneManagerStateMachine.java:takeSnapshotImpl(510)) - omNode-1: taking snapshot. applied = (t:8, i:102), skipped = 101, notified = (t:8, i:102), current snapshot index = (t:8, i:102), took 24 ms
2025-04-23 04:28:04,980 [omNode-1@group-523986131536-StateMachineUpdater] INFO  impl.StateMachineUpdater (StateMachineUpdater.java:takeSnapshot(303)) - omNode-1@group-523986131536-StateMachineUpdater: Took a snapshot at index 102
2025-04-23 04:28:04,980 [omNode-1@group-523986131536-StateMachineUpdater] INFO  impl.StateMachineUpdater (StateMachineUpdater.java:lambda$new$0(102)) - omNode-1@group-523986131536-StateMachineUpdater: snapshotIndex: updateIncreasingly 76 -> 102
2025-04-23 04:28:04,980 [omNode-1@group-523986131536-StateMachineUpdater] INFO  raftlog.RaftLog (RaftLogBase.java:purge(325)) - omNode-1@group-523986131536-SegmentedRaftLog: purge 102
2025-04-23 04:28:04,980 [omNode-1@group-523986131536-StateMachineUpdater] INFO  raftlog.RaftLog (RaftLogBase.java:lambda$new$0(54)) - omNode-1@group-523986131536-SegmentedRaftLog: snapshotIndex: updateIncreasingly 76 -> 102
2025-04-23 04:28:04,980 [omNode-1@group-523986131536-StateMachineUpdater] INFO  raftlog.RaftLog (SegmentedRaftLog.java:purgeImpl(382)) - omNode-1@group-523986131536-SegmentedRaftLog: purge(102)
  toTruncate: null
    toDelete: [(73, 76) isOpen? false, length=0, newEndIndex=0, (69, 72) isOpen? false, length=0, newEndIndex=0, (35, 68) isOpen? false, length=0, newEndIndex=0]
2025-04-23 04:28:04,980 [omNode-1@group-523986131536-StateMachineUpdater] INFO  impl.StateMachineUpdater (StateMachineUpdater.java:stop(141)) - omNode-1@group-523986131536-StateMachineUpdater: closing OzoneManagerStateMachine, lastApplied=(t:8, i:102)
2025-04-23 04:28:04,980 [omNode-1@group-523986131536-StateMachineUpdater] INFO  ratis.OzoneManagerStateMachine (OzoneManagerStateMachine.java:close(550)) - Stopping OzoneManagerStateMachine:omNode-1:group-523986131536.
2025-04-23 04:28:04,980 [omNode-1@group-523986131536-StateMachineUpdater] INFO  ratis.OzoneManagerDoubleBuffer (OzoneManagerDoubleBuffer.java:stopDaemon(500)) - Stopping OMDoubleBuffer flush thread
2025-04-23 04:28:04,981 [omNode-1@group-523986131536-SegmentedRaftLogWorker] INFO  segmented.SegmentedRaftLogWorker (SegmentedRaftLogWorker.java:execute(481)) - omNode-1@group-523986131536-SegmentedRaftLogWorker: Purged RaftLog segment: info=(73, 76) isOpen? false, length=0, newEndIndex=0, path=/home/runner/work/ozone/ozone/hadoop-ozone/integration-test/target/test-dir/MiniOzoneClusterImpl-ff59c164-3798-4a7f-a16d-eeed9ffb3244/omNode-1/ratis/c9bc4cf4-3bc3-3c60-a66b-523986131536/current/log_73-76
2025-04-23 04:28:04,981 [omNode-1@group-523986131536-SegmentedRaftLogWorker] INFO  segmented.SegmentedRaftLogWorker (SegmentedRaftLogWorker.java:execute(481)) - omNode-1@group-523986131536-SegmentedRaftLogWorker: Purged RaftLog segment: info=(69, 72) isOpen? false, length=0, newEndIndex=0, path=/home/runner/work/ozone/ozone/hadoop-ozone/integration-test/target/test-dir/MiniOzoneClusterImpl-ff59c164-3798-4a7f-a16d-eeed9ffb3244/omNode-1/ratis/c9bc4cf4-3bc3-3c60-a66b-523986131536/current/log_69-72
2025-04-23 04:28:04,981 [omNode-1@group-523986131536-SegmentedRaftLogWorker] INFO  segmented.SegmentedRaftLogWorker (SegmentedRaftLogWorker.java:execute(481)) - omNode-1@group-523986131536-SegmentedRaftLogWorker: Purged RaftLog segment: info=(35, 68) isOpen? false, length=0, newEndIndex=0, path=/home/runner/work/ozone/ozone/hadoop-ozone/integration-test/target/test-dir/MiniOzoneClusterImpl-ff59c164-3798-4a7f-a16d-eeed9ffb3244/omNode-1/ratis/c9bc4cf4-3bc3-3c60-a66b-523986131536/current/log_35-68
2025-04-23 04:28:04,981 [omNode-1@group-523986131536-SegmentedRaftLogWorker] INFO  raftlog.RaftLog (RaftLogBase.java:lambda$new$0(54)) - omNode-1@group-523986131536-SegmentedRaftLog: purgeIndex: updateToMax old=34, new=76, updated? true
2025-04-23 04:28:04,981 [omNode-1-OMDoubleBufferFlushThread] INFO  ratis.OzoneManagerDoubleBuffer (OzoneManagerDoubleBuffer.java:canFlush(559)) - OMDoubleBuffer flush thread omNode-1-OMDoubleBufferFlushThread is interrupted and will exit.
2025-04-23 04:28:04,982 [omNode-1@group-523986131536-cacheEviction-AwaitToRun] INFO  util.AwaitToRun (AwaitToRun.java:run(49)) - omNode-1@group-523986131536-cacheEviction-AwaitToRun-AwaitForSignal is interrupted
2025-04-23 04:28:05,982 [omNode-1-impl-thread1] INFO  segmented.SegmentedRaftLogWorker (SegmentedRaftLogWorker.java:close(252)) - omNode-1@group-523986131536-SegmentedRaftLogWorker close()
2025-04-23 04:28:05,983 [JvmPauseMonitor21] INFO  util.JvmPauseMonitor (JvmPauseMonitor.java:run(152)) - JvmPauseMonitor-omNode-1: Stopped
2025-04-23 04:28:05,983 [main] INFO  utils.BackgroundService (BackgroundService.java:shutdown(161)) - Shutting down service KeyDeletingService
2025-04-23 04:28:05,984 [main] INFO  utils.BackgroundService (BackgroundService.java:shutdown(161)) - Shutting down service DirectoryDeletingService
2025-04-23 04:28:05,984 [main] INFO  utils.BackgroundService (BackgroundService.java:shutdown(161)) - Shutting down service OpenKeyCleanupService
2025-04-23 04:28:05,985 [main] INFO  utils.BackgroundService (BackgroundService.java:shutdown(161)) - Shutting down service SstFilteringService
2025-04-23 04:28:05,985 [main] INFO  utils.BackgroundService (BackgroundService.java:shutdown(161)) - Shutting down service SnapshotDeletingService
2025-04-23 04:28:05,986 [main] INFO  utils.BackgroundService (BackgroundService.java:shutdown(161)) - Shutting down service MultipartUploadCleanupService
2025-04-23 04:28:05,986 [main] INFO  handler.ContextHandler (ContextHandler.java:doStop(1159)) - Stopped o.e.j.w.WebAppContext@42b946be{ozoneManager,/,null,STOPPED}{file:/home/runner/work/ozone/ozone/hadoop-ozone/integration-test/target/test-classes/webapps/ozoneManager}
2025-04-23 04:28:05,987 [main] INFO  server.AbstractConnector (AbstractConnector.java:doStop(383)) - Stopped ServerConnector@481c044d{HTTP/1.1, (http/1.1)}{0.0.0.0:15007}
2025-04-23 04:28:05,987 [main] INFO  server.session (HouseKeeper.java:stopScavenging(149)) - node0 Stopped scavenging
2025-04-23 04:28:05,987 [main] INFO  handler.ContextHandler (ContextHandler.java:doStop(1159)) - Stopped o.e.j.s.ServletContextHandler@2ce67b23{static,/static,file:///home/runner/work/ozone/ozone/hadoop-ozone/integration-test/target/test-classes/webapps/static,STOPPED}
2025-04-23 04:28:05,987 [main] INFO  handler.ContextHandler (ContextHandler.java:doStop(1159)) - Stopped o.e.j.s.ServletContextHandler@16631f69{logs,/logs,file:///home/runner/work/ozone/ozone/hadoop-ozone/integration-test/target/log,STOPPED}
2025-04-23 04:28:05,988 [main] INFO  rocksdiff.RocksDBCheckpointDiffer (RocksDBCheckpointDiffer.java:close(304)) - Shutting down CompactionDagPruningService.
2025-04-23 04:28:05,990 [main] INFO  snapshot.SnapshotDiffManager (SnapshotDiffManager.java:closeExecutorService(1698)) - Shutting down executorService: 'SnapDiffExecutor'
2025-04-23 04:28:05,991 [main] INFO  utils.BackgroundService (BackgroundService.java:shutdown(161)) - Shutting down service SnapshotDiffCleanupService
2025-04-23 04:28:06,133 [omNode-2@group-523986131536-FollowerState] INFO  impl.FollowerState (FollowerState.java:runImpl(161)) - omNode-2@group-523986131536-FollowerState: change to CANDIDATE, lastRpcElapsedTime:1197209271ns, electionTimeout:1185ms
2025-04-23 04:28:06,133 [omNode-2@group-523986131536-FollowerState] INFO  impl.RoleInfo (RoleInfo.java:shutdownFollowerState(121)) - omNode-2: shutdown omNode-2@group-523986131536-FollowerState
2025-04-23 04:28:06,133 [omNode-2@group-523986131536-FollowerState] INFO  server.RaftServer$Division (RaftServerImpl.java:setRole(378)) - omNode-2@group-523986131536: changes role from  FOLLOWER to CANDIDATE at term 8 for changeToCandidate
2025-04-23 04:28:06,133 [omNode-2@group-523986131536-FollowerState] INFO  server.RaftServerConfigKeys (ConfUtils.java:logGet(46)) - raft.server.leaderelection.pre-vote = true (default)
2025-04-23 04:28:06,133 [omNode-2@group-523986131536-FollowerState] INFO  impl.RoleInfo (RoleInfo.java:updateAndGet(148)) - omNode-2: start omNode-2@group-523986131536-LeaderElection17
2025-04-23 04:28:06,134 [omNode-2@group-523986131536-LeaderElection17] INFO  server.RaftServer$Division (ServerState.java:setLeader(272)) - omNode-2@group-523986131536: change Leader from omNode-1 to null at term 8 for PRE_VOTE
2025-04-23 04:28:06,134 [omNode-2@group-523986131536-LeaderElection17] INFO  impl.LeaderElection (LeaderElection.java:askForVotes(332)) - omNode-2@group-523986131536-LeaderElection17 PRE_VOTE round 0: submit vote requests at term 8 for conf: {index: 77, cur=peers:[omNode-3|localhost:15017, omNode-1|localhost:15009, omNode-2|localhost:15013]|listeners:[], old=null}
2025-04-23 04:28:06,134 [omNode-2@group-523986131536-LeaderElection17-1] INFO  server.GrpcServerProtocolClient (GrpcServerProtocolClient.java:<init>(65)) - Build channel for omNode-3|localhost:15017
2025-04-23 04:28:06,134 [omNode-2@group-523986131536-LeaderElection17-2] INFO  server.GrpcServerProtocolClient (GrpcServerProtocolClient.java:<init>(65)) - Build channel for omNode-1|localhost:15009
2025-04-23 04:28:06,137 [omNode-2@group-523986131536-LeaderElection17] INFO  impl.LeaderElection (LogUtils.java:infoOrTrace(136)) - omNode-2@group-523986131536-LeaderElection17 got exception when requesting votes: java.util.concurrent.ExecutionException: org.apache.ratis.thirdparty.io.grpc.StatusRuntimeException: UNAVAILABLE: io exception
2025-04-23 04:28:06,138 [grpc-default-executor-0] INFO  server.RaftServer$Division (RaftServerImpl.java:requestVote(1407)) - omNode-3@group-523986131536: receive requestVote(PRE_VOTE, omNode-2, group-523986131536, 8, (t:8, i:102))
2025-04-23 04:28:06,138 [grpc-default-executor-0] INFO  impl.VoteContext (VoteContext.java:log(49)) - omNode-3@group-523986131536-FOLLOWER: accept PRE_VOTE from omNode-2: our priority 0 <= candidate's priority 0
2025-04-23 04:28:06,139 [grpc-default-executor-0] INFO  server.RaftServer$Division (RaftServerImpl.java:requestVote(1441)) - omNode-3@group-523986131536 replies to PRE_VOTE vote request: omNode-2<-omNode-3#0:OK-t8. Peer's state: omNode-3@group-523986131536:t8, leader=omNode-1, voted=omNode-1, raftlog=Memoized:omNode-3@group-523986131536-SegmentedRaftLog:OPENED:c101:last(t:8, i:102), conf=conf: {index: 77, cur=peers:[omNode-3|localhost:15017, omNode-1|localhost:15009, omNode-2|localhost:15013]|listeners:[], old=null}
2025-04-23 04:28:06,139 [omNode-2@group-523986131536-LeaderElection17] INFO  impl.LeaderElection (LeaderElection.java:logAndReturn(90)) - omNode-2@group-523986131536-LeaderElection17: PRE_VOTE PASSED received 1 response(s) and 1 exception(s):
2025-04-23 04:28:06,139 [omNode-2@group-523986131536-LeaderElection17] INFO  impl.LeaderElection (LeaderElection.java:logAndReturn(94)) -   Response 0: omNode-2<-omNode-3#0:OK-t8
2025-04-23 04:28:06,139 [omNode-2@group-523986131536-LeaderElection17] INFO  impl.LeaderElection (LogUtils.java:infoOrTrace(136)) -   Exception 1: java.util.concurrent.ExecutionException: org.apache.ratis.thirdparty.io.grpc.StatusRuntimeException: UNAVAILABLE: io exception
2025-04-23 04:28:06,139 [omNode-2@group-523986131536-LeaderElection17] INFO  impl.LeaderElection (LeaderElection.java:askForVotes(334)) - omNode-2@group-523986131536-LeaderElection17 PRE_VOTE round 0: result PASSED
2025-04-23 04:28:06,141 [omNode-2@group-523986131536-LeaderElection17] INFO  impl.LeaderElection (LeaderElection.java:askForVotes(332)) - omNode-2@group-523986131536-LeaderElection17 ELECTION round 0: submit vote requests at term 9 for conf: {index: 77, cur=peers:[omNode-3|localhost:15017, omNode-1|localhost:15009, omNode-2|localhost:15013]|listeners:[], old=null}
2025-04-23 04:28:06,142 [omNode-2@group-523986131536-LeaderElection17] INFO  impl.LeaderElection (LogUtils.java:infoOrTrace(136)) - omNode-2@group-523986131536-LeaderElection17 got exception when requesting votes: java.util.concurrent.ExecutionException: org.apache.ratis.thirdparty.io.grpc.StatusRuntimeException: UNAVAILABLE: io exception
2025-04-23 04:28:06,142 [grpc-default-executor-0] INFO  server.RaftServer$Division (RaftServerImpl.java:requestVote(1407)) - omNode-3@group-523986131536: receive requestVote(ELECTION, omNode-2, group-523986131536, 9, (t:8, i:102))
2025-04-23 04:28:06,142 [grpc-default-executor-0] INFO  impl.VoteContext (VoteContext.java:log(49)) - omNode-3@group-523986131536-FOLLOWER: accept ELECTION from omNode-2: our priority 0 <= candidate's priority 0
2025-04-23 04:28:06,142 [grpc-default-executor-0] INFO  server.RaftServer$Division (RaftServerImpl.java:setRole(378)) - omNode-3@group-523986131536: changes role from  FOLLOWER to FOLLOWER at term 8 for candidate:omNode-2
2025-04-23 04:28:06,142 [grpc-default-executor-0] INFO  impl.RoleInfo (RoleInfo.java:shutdownFollowerState(121)) - omNode-3: shutdown omNode-3@group-523986131536-FollowerState
2025-04-23 04:28:06,142 [grpc-default-executor-0] INFO  server.RaftServer$Division (ServerState.java:setLeader(272)) - omNode-3@group-523986131536: change Leader from omNode-1 to null at term 9 for updateCurrentTerm
2025-04-23 04:28:06,142 [omNode-3@group-523986131536-FollowerState] INFO  impl.FollowerState (FollowerState.java:runImpl(170)) - omNode-3@group-523986131536-FollowerState was interrupted
2025-04-23 04:28:06,142 [grpc-default-executor-0] INFO  impl.RoleInfo (RoleInfo.java:updateAndGet(148)) - omNode-3: start omNode-3@group-523986131536-FollowerState
2025-04-23 04:28:06,143 [grpc-default-executor-0] INFO  server.RaftServer$Division (RaftServerImpl.java:requestVote(1441)) - omNode-3@group-523986131536 replies to ELECTION vote request: omNode-2<-omNode-3#0:OK-t9. Peer's state: omNode-3@group-523986131536:t9, leader=null, voted=omNode-2, raftlog=Memoized:omNode-3@group-523986131536-SegmentedRaftLog:OPENED:c101:last(t:8, i:102), conf=conf: {index: 77, cur=peers:[omNode-3|localhost:15017, omNode-1|localhost:15009, omNode-2|localhost:15013]|listeners:[], old=null}
2025-04-23 04:28:06,144 [omNode-2@group-523986131536-LeaderElection17] INFO  impl.LeaderElection (LeaderElection.java:logAndReturn(90)) - omNode-2@group-523986131536-LeaderElection17: ELECTION PASSED received 1 response(s) and 1 exception(s):
2025-04-23 04:28:06,144 [omNode-2@group-523986131536-LeaderElection17] INFO  impl.LeaderElection (LeaderElection.java:logAndReturn(94)) -   Response 0: omNode-2<-omNode-3#0:OK-t9
2025-04-23 04:28:06,144 [omNode-2@group-523986131536-LeaderElection17] INFO  impl.LeaderElection (LogUtils.java:infoOrTrace(136)) -   Exception 1: java.util.concurrent.ExecutionException: org.apache.ratis.thirdparty.io.grpc.StatusRuntimeException: UNAVAILABLE: io exception
2025-04-23 04:28:06,144 [omNode-2@group-523986131536-LeaderElection17] INFO  impl.LeaderElection (LeaderElection.java:askForVotes(334)) - omNode-2@group-523986131536-LeaderElection17 ELECTION round 0: result PASSED
2025-04-23 04:28:06,144 [omNode-2@group-523986131536-LeaderElection17] INFO  impl.RoleInfo (RoleInfo.java:shutdownLeaderElection(141)) - omNode-2: shutdown omNode-2@group-523986131536-LeaderElection17
2025-04-23 04:28:06,144 [omNode-2@group-523986131536-LeaderElection17] INFO  server.RaftServer$Division (RaftServerImpl.java:setRole(378)) - omNode-2@group-523986131536: changes role from CANDIDATE to LEADER at term 9 for changeToLeader
2025-04-23 04:28:06,144 [omNode-2@group-523986131536-LeaderElection17] INFO  server.RaftServerConfigKeys (ConfUtils.java:logGet(46)) - raft.server.staging.catchup.gap = 1000 (default)
2025-04-23 04:28:06,144 [omNode-2@group-523986131536-LeaderElection17] INFO  server.RaftServerConfigKeys (ConfUtils.java:logGet(46)) - raft.server.write.element-limit = 4096 (default)
2025-04-23 04:28:06,144 [omNode-2@group-523986131536-LeaderElection17] INFO  server.RaftServerConfigKeys (ConfUtils.java:logGet(46)) - raft.server.write.byte-limit = 64MB (=67108864) (default)
2025-04-23 04:28:06,144 [omNode-2@group-523986131536-LeaderElection17] INFO  server.RaftServerConfigKeys (ConfUtils.java:logGet(46)) - raft.server.watch.timeout = 10s (default)
2025-04-23 04:28:06,145 [omNode-2@group-523986131536-LeaderElection17] INFO  server.RaftServerConfigKeys (ConfUtils.java:logGet(46)) - raft.server.watch.timeout.denomination = 1s (default)
2025-04-23 04:28:06,145 [omNode-2@group-523986131536-LeaderElection17] INFO  server.RaftServerConfigKeys (ConfUtils.java:logGet(46)) - raft.server.watch.element-limit = 65536 (default)
2025-04-23 04:28:06,145 [omNode-2@group-523986131536-LeaderElection17] INFO  server.RaftServerConfigKeys (ConfUtils.java:logGet(46)) - raft.server.read.leader.lease.enabled = false (default)
2025-04-23 04:28:06,145 [omNode-2@group-523986131536-LeaderElection17] INFO  server.RaftServerConfigKeys (ConfUtils.java:logGet(46)) - raft.server.read.leader.lease.timeout.ratio = 0.9 (default)
2025-04-23 04:28:06,145 [omNode-2@group-523986131536-LeaderElection17] INFO  server.RaftServerConfigKeys (ConfUtils.java:logGet(46)) - raft.server.rpc.timeout.min = 1s (custom)
2025-04-23 04:28:06,145 [omNode-2@group-523986131536-LeaderElection17] INFO  server.RaftServerConfigKeys (ConfUtils.java:logGet(46)) - raft.server.log.log-metadata.enabled = true (default)
2025-04-23 04:28:06,145 [omNode-2@group-523986131536-LeaderElection17] INFO  server.RaftServerConfigKeys (ConfUtils.java:logGet(46)) - raft.server.write.element-limit = 4096 (default)
2025-04-23 04:28:06,145 [omNode-2@group-523986131536-LeaderElection17] INFO  server.RaftServerConfigKeys (ConfUtils.java:logGet(46)) - raft.server.write.follower.gap.ratio.max = -1.0 (default)
2025-04-23 04:28:06,145 [omNode-2@group-523986131536-LeaderElection17] INFO  server.RaftServerConfigKeys (ConfUtils.java:logGet(46)) - raft.server.log.appender.snapshot.chunk.size.max = 16MB (=16777216) (default)
2025-04-23 04:28:06,145 [omNode-2@group-523986131536-LeaderElection17] INFO  server.RaftServerConfigKeys (ConfUtils.java:logGet(46)) - raft.server.log.appender.buffer.byte-limit = 4194304 (custom)
2025-04-23 04:28:06,145 [omNode-2@group-523986131536-LeaderElection17] INFO  server.RaftServerConfigKeys (ConfUtils.java:logGet(46)) - raft.server.log.appender.buffer.element-limit = 1024 (custom)
2025-04-23 04:28:06,146 [omNode-2@group-523986131536-LeaderElection17] INFO  server.RaftServerConfigKeys (ConfUtils.java:logGet(46)) - raft.server.log.appender.wait-time.min = 0ms (custom)
2025-04-23 04:28:06,146 [omNode-2@group-523986131536-LeaderElection17] INFO  grpc.GrpcConfigKeys (ConfUtils.java:logGet(46)) - raft.grpc.server.leader.outstanding.appends.max = 8 (default)
2025-04-23 04:28:06,146 [omNode-2@group-523986131536-LeaderElection17] INFO  server.RaftServerConfigKeys (ConfUtils.java:logGet(46)) - raft.server.rpc.request.timeout = 3000ms (default)
2025-04-23 04:28:06,146 [omNode-2@group-523986131536-LeaderElection17] INFO  grpc.GrpcConfigKeys (ConfUtils.java:logGet(46)) - raft.grpc.server.install_snapshot.request.element-limit = 8 (default)
2025-04-23 04:28:06,146 [omNode-2@group-523986131536-LeaderElection17] INFO  grpc.GrpcConfigKeys (ConfUtils.java:logGet(46)) - raft.grpc.server.install_snapshot.request.timeout = 3000ms (default)
2025-04-23 04:28:06,146 [omNode-2@group-523986131536-LeaderElection17] INFO  grpc.GrpcConfigKeys (ConfUtils.java:logGet(46)) - raft.grpc.server.log-message.batch.duration = 5s (default)
2025-04-23 04:28:06,146 [omNode-2@group-523986131536-LeaderElection17] INFO  server.RaftServerConfigKeys (ConfUtils.java:logGet(46)) - raft.server.log.appender.install.snapshot.enabled = false (custom)
2025-04-23 04:28:06,146 [omNode-2@group-523986131536-LeaderElection17] INFO  grpc.GrpcConfigKeys (ConfUtils.java:logGet(46)) - raft.grpc.server.heartbeat.channel = true (default)
2025-04-23 04:28:06,147 [omNode-2@group-523986131536-LeaderElection17] INFO  server.RaftServerConfigKeys (ConfUtils.java:logGet(46)) - raft.server.log.appender.snapshot.chunk.size.max = 16MB (=16777216) (default)
2025-04-23 04:28:06,147 [omNode-2@group-523986131536-LeaderElection17] INFO  server.RaftServerConfigKeys (ConfUtils.java:logGet(46)) - raft.server.log.appender.buffer.byte-limit = 4194304 (custom)
2025-04-23 04:28:06,147 [omNode-2@group-523986131536-LeaderElection17] INFO  server.RaftServerConfigKeys (ConfUtils.java:logGet(46)) - raft.server.log.appender.buffer.element-limit = 1024 (custom)
2025-04-23 04:28:06,147 [omNode-2@group-523986131536-LeaderElection17] INFO  server.RaftServerConfigKeys (ConfUtils.java:logGet(46)) - raft.server.log.appender.wait-time.min = 0ms (custom)
2025-04-23 04:28:06,147 [omNode-2@group-523986131536-LeaderElection17] INFO  grpc.GrpcConfigKeys (ConfUtils.java:logGet(46)) - raft.grpc.server.leader.outstanding.appends.max = 8 (default)
2025-04-23 04:28:06,147 [omNode-2@group-523986131536-LeaderElection17] INFO  server.RaftServerConfigKeys (ConfUtils.java:logGet(46)) - raft.server.rpc.request.timeout = 3000ms (default)
2025-04-23 04:28:06,147 [omNode-2@group-523986131536-LeaderElection17] INFO  grpc.GrpcConfigKeys (ConfUtils.java:logGet(46)) - raft.grpc.server.install_snapshot.request.element-limit = 8 (default)
2025-04-23 04:28:06,147 [omNode-2@group-523986131536-LeaderElection17] INFO  grpc.GrpcConfigKeys (ConfUtils.java:logGet(46)) - raft.grpc.server.install_snapshot.request.timeout = 3000ms (default)
2025-04-23 04:28:06,147 [omNode-2@group-523986131536-LeaderElection17] INFO  grpc.GrpcConfigKeys (ConfUtils.java:logGet(46)) - raft.grpc.server.log-message.batch.duration = 5s (default)
2025-04-23 04:28:06,147 [omNode-2@group-523986131536-LeaderElection17] INFO  server.RaftServerConfigKeys (ConfUtils.java:logGet(46)) - raft.server.log.appender.install.snapshot.enabled = false (custom)
2025-04-23 04:28:06,147 [omNode-2@group-523986131536-LeaderElection17] INFO  grpc.GrpcConfigKeys (ConfUtils.java:logGet(46)) - raft.grpc.server.heartbeat.channel = true (default)
2025-04-23 04:28:06,147 [omNode-2@group-523986131536-LeaderElection17] INFO  impl.RoleInfo (RoleInfo.java:updateAndGet(148)) - omNode-2: start omNode-2@group-523986131536-LeaderStateImpl
2025-04-23 04:28:06,147 [omNode-2@group-523986131536-LeaderElection17] INFO  ratis.OzoneManagerStateMachine (OzoneManagerStateMachine.java:notifyLeaderChanged(169)) - omNode-2@group-523986131536: leader changed to omNode-2
2025-04-23 04:28:06,147 [omNode-2@group-523986131536-LeaderElection17] INFO  server.RaftServer$Division (ServerState.java:setLeader(272)) - omNode-2@group-523986131536: change Leader from null to omNode-2 at term 9 for becomeLeader, leader elected after 13ms
2025-04-23 04:28:06,147 [omNode-2@group-523986131536-LeaderElection17] INFO  segmented.SegmentedRaftLogWorker (SegmentedRaftLogWorker.java:rollLogSegment(443)) - omNode-2@group-523986131536-SegmentedRaftLogWorker: Rolling segment log-77_102 to index:102
2025-04-23 04:28:06,148 [omNode-2@group-523986131536-LeaderElection17] INFO  server.RaftServer$Division (ServerState.java:setRaftConf(386)) - omNode-2@group-523986131536: set configuration conf: {index: 103, cur=peers:[omNode-3|localhost:15017, omNode-1|localhost:15009, omNode-2|localhost:15013]|listeners:[], old=null}
2025-04-23 04:28:06,149 [omNode-2@group-523986131536-SegmentedRaftLogWorker] INFO  segmented.SegmentedRaftLogWorker (SegmentedRaftLogWorker.java:execute(601)) - omNode-2@group-523986131536-SegmentedRaftLogWorker: Rolled log segment from /home/runner/work/ozone/ozone/hadoop-ozone/integration-test/target/test-dir/MiniOzoneClusterImpl-ff59c164-3798-4a7f-a16d-eeed9ffb3244/omNode-2/ratis/c9bc4cf4-3bc3-3c60-a66b-523986131536/current/log_inprogress_77 to /home/runner/work/ozone/ozone/hadoop-ozone/integration-test/target/test-dir/MiniOzoneClusterImpl-ff59c164-3798-4a7f-a16d-eeed9ffb3244/omNode-2/ratis/c9bc4cf4-3bc3-3c60-a66b-523986131536/current/log_77-102
2025-04-23 04:28:06,149 [omNode-2@group-523986131536-SegmentedRaftLogWorker] INFO  segmented.BufferedWriteChannel (BufferedWriteChannel.java:open(61)) - open log_inprogress_103 at position 0
2025-04-23 04:28:06,154 [grpc-default-executor-0] WARN  server.GrpcLogAppender (LogUtils.java:warn(121)) - omNode-2@group-523986131536->omNode-1-AppendLogResponseHandler: Failed appendEntries: org.apache.ratis.thirdparty.io.grpc.StatusRuntimeException: UNAVAILABLE: io exception
2025-04-23 04:28:06,155 [grpc-default-executor-0] WARN  server.GrpcLogAppender (GrpcLogAppender.java:lambda$resetClient$1(221)) - omNode-2@group-523986131536->omNode-1-GrpcLogAppender: Follower failed (request=null, errorCount=1); keep nextIndex (103) unchanged and retry.
2025-04-23 04:28:06,157 [omNode-3-server-thread2] INFO  ratis.OzoneManagerStateMachine (OzoneManagerStateMachine.java:notifyLeaderChanged(169)) - omNode-3@group-523986131536: leader changed to omNode-2
2025-04-23 04:28:06,157 [omNode-3-server-thread2] INFO  server.RaftServer$Division (ServerState.java:setLeader(272)) - omNode-3@group-523986131536: change Leader from null to omNode-2 at term 9 for appendEntries, leader elected after 14ms
2025-04-23 04:28:06,157 [grpc-default-executor-1] WARN  server.GrpcLogAppender (GrpcLogAppender.java:lambda$resetClient$1(221)) - omNode-2@group-523986131536->omNode-1-GrpcLogAppender: Follower failed (request=null, errorCount=3); keep nextIndex (104) unchanged and retry.
2025-04-23 04:28:06,158 [omNode-2@group-523986131536-SegmentedRaftLogWorker] INFO  segmented.SegmentedRaftLogWorker (SegmentedRaftLogWorker.java:execute(644)) - omNode-2@group-523986131536-SegmentedRaftLogWorker: created new log segment /home/runner/work/ozone/ozone/hadoop-ozone/integration-test/target/test-dir/MiniOzoneClusterImpl-ff59c164-3798-4a7f-a16d-eeed9ffb3244/omNode-2/ratis/c9bc4cf4-3bc3-3c60-a66b-523986131536/current/log_inprogress_103
2025-04-23 04:28:06,159 [omNode-3-server-thread1] INFO  server.RaftServer$Division (ServerState.java:setRaftConf(386)) - omNode-3@group-523986131536: set configuration conf: {index: 103, cur=peers:[omNode-3|localhost:15017, omNode-1|localhost:15009, omNode-2|localhost:15013]|listeners:[], old=null}
2025-04-23 04:28:06,159 [omNode-3-server-thread1] INFO  segmented.SegmentedRaftLogWorker (SegmentedRaftLogWorker.java:rollLogSegment(443)) - omNode-3@group-523986131536-SegmentedRaftLogWorker: Rolling segment log-77_102 to index:102
2025-04-23 04:28:06,160 [omNode-3@group-523986131536-SegmentedRaftLogWorker] INFO  segmented.SegmentedRaftLogWorker (SegmentedRaftLogWorker.java:execute(601)) - omNode-3@group-523986131536-SegmentedRaftLogWorker: Rolled log segment from /home/runner/work/ozone/ozone/hadoop-ozone/integration-test/target/test-dir/MiniOzoneClusterImpl-ff59c164-3798-4a7f-a16d-eeed9ffb3244/omNode-3/ratis/c9bc4cf4-3bc3-3c60-a66b-523986131536/current/log_inprogress_77 to /home/runner/work/ozone/ozone/hadoop-ozone/integration-test/target/test-dir/MiniOzoneClusterImpl-ff59c164-3798-4a7f-a16d-eeed9ffb3244/omNode-3/ratis/c9bc4cf4-3bc3-3c60-a66b-523986131536/current/log_77-102
2025-04-23 04:28:06,160 [omNode-3@group-523986131536-SegmentedRaftLogWorker] INFO  segmented.BufferedWriteChannel (BufferedWriteChannel.java:open(61)) - open log_inprogress_103 at position 0
2025-04-23 04:28:06,168 [omNode-3@group-523986131536-SegmentedRaftLogWorker] INFO  segmented.SegmentedRaftLogWorker (SegmentedRaftLogWorker.java:execute(644)) - omNode-3@group-523986131536-SegmentedRaftLogWorker: created new log segment /home/runner/work/ozone/ozone/hadoop-ozone/integration-test/target/test-dir/MiniOzoneClusterImpl-ff59c164-3798-4a7f-a16d-eeed9ffb3244/omNode-3/ratis/c9bc4cf4-3bc3-3c60-a66b-523986131536/current/log_inprogress_103
2025-04-23 04:28:06,170 [grpc-default-executor-4] WARN  server.GrpcLogAppender (GrpcLogAppender.java:lambda$resetClient$1(221)) - omNode-2@group-523986131536->omNode-1-GrpcLogAppender: Follower failed (request=null, errorCount=5); keep nextIndex (105) unchanged and retry.
2025-04-23 04:28:06,171 [omNode-2@group-523986131536-StateMachineUpdater] INFO  ratis.OzoneManagerStateMachine (OzoneManagerStateMachine.java:notifyConfigurationChanged(231)) - notifyConfigurationChanged from Ratis: term=9, index=103, New Peer list: omNode-3(localhost:15017), omNode-1(localhost:15009), omNode-2(localhost:15013)
2025-04-23 04:28:06,171 [omNode-2@group-523986131536-StateMachineUpdater] INFO  server.RaftServer$Division (LeaderStateImpl.java:checkStartIndex(313)) - Leader omNode-2@group-523986131536-LeaderStateImpl is ready since appliedIndex == startIndex == 103
2025-04-23 04:28:06,172 [omNode-3@group-523986131536-StateMachineUpdater] INFO  ratis.OzoneManagerStateMachine (OzoneManagerStateMachine.java:notifyConfigurationChanged(231)) - notifyConfigurationChanged from Ratis: term=9, index=103, New Peer list: omNode-3(localhost:15017), omNode-1(localhost:15009), omNode-2(localhost:15013)
2025-04-23 04:28:11,154 [timer5] WARN  server.GrpcLogAppender (LogUtils.java:warn(121)) - omNode-2@group-523986131536->omNode-1-AppendLogResponseHandler: Failed appendEntries (Repeated 20 times in the last 5.000s): org.apache.ratis.thirdparty.io.grpc.StatusRuntimeException: UNAVAILABLE: io exception
2025-04-23 04:28:11,155 [timer6] WARN  server.GrpcLogAppender (GrpcLogAppender.java:lambda$resetClient$1(221)) - omNode-2@group-523986131536->omNode-1-GrpcLogAppender: Follower failed (request=null, errorCount=2); keep nextIndex (103) unchanged and retry. (Repeated 2 times in the last 5.000s)
2025-04-23 04:28:11,158 [timer1] WARN  server.GrpcLogAppender (GrpcLogAppender.java:lambda$resetClient$1(221)) - omNode-2@group-523986131536->omNode-1-GrpcLogAppender: Follower failed (request=null, errorCount=4); keep nextIndex (104) unchanged and retry. (Repeated 2 times in the last 5.001s)
2025-04-23 04:28:11,170 [timer5] WARN  server.GrpcLogAppender (GrpcLogAppender.java:lambda$resetClient$1(221)) - omNode-2@group-523986131536->omNode-1-GrpcLogAppender: Follower failed (request=null, errorCount=20); keep nextIndex (105) unchanged and retry. (Repeated 16 times in the last 5.001s)
2025-04-23 04:28:12,393 [grpc-default-executor-0] WARN  server.GrpcLogAppender (LogUtils.java:warn(121)) - omNode-2@group-523986131536->omNode-1-AppendLogResponseHandler: Failed appendEntries: org.apache.ratis.thirdparty.io.grpc.StatusRuntimeException: UNAVAILABLE: io exception
2025-04-23 04:28:12,394 [grpc-default-executor-1] WARN  server.GrpcLogAppender (GrpcLogAppender.java:lambda$resetClient$1(221)) - omNode-2@group-523986131536->omNode-1-GrpcLogAppender: Follower failed (request=null, errorCount=21); keep nextIndex (105) unchanged and retry.
2025-04-23 04:28:13,992 [main] INFO  retry.RetryInvocationHandler (RetryInvocationHandler.java:log(426)) - com.google.protobuf.ServiceException: java.io.EOFException: End of File Exception between local host is: "fv-az1441-587/10.1.0.164"; destination host is: "localhost":15006; : java.io.EOFException; For more details see:  http://wiki.apache.org/hadoop/EOFException, while invoking $Proxy68.submitRequest over nodeId=omNode-1,nodeAddress=127.0.0.1:15006. Trying to failover immediately. Current retry count: 0.
2025-04-23 04:28:13,995 [main] INFO  om.OzoneManager (OzoneManager.java:stop(2347)) - omNode-3[localhost:15014]: Stopping Ozone Manager
2025-04-23 04:28:13,995 [main] INFO  ipc.Server (Server.java:stop(3697)) - Stopping server on 15014
2025-04-23 04:28:13,997 [IPC Server listener on 15014] INFO  ipc.Server (Server.java:run(1585)) - Stopping IPC Server listener on 15014
2025-04-23 04:28:13,997 [IPC Server Responder] INFO  ipc.Server (Server.java:run(1718)) - Stopping IPC Server Responder
2025-04-23 04:28:13,998 [main] INFO  ratis.OzoneManagerRatisServer (OzoneManagerRatisServer.java:stop(634)) - Stopping org.apache.hadoop.ozone.om.ratis.OzoneManagerRatisServer@702a38eb at port 15017
2025-04-23 04:28:13,998 [main] INFO  server.RaftServer (RaftServerProxy.java:lambda$close$9(417)) - omNode-3: close
2025-04-23 04:28:13,998 [main] INFO  server.GrpcService (GrpcService.java:closeImpl(343)) - omNode-3: shutdown server GrpcServerProtocolService now
2025-04-23 04:28:13,998 [omNode-3-impl-thread1] INFO  server.RaftServer$Division (RaftServerImpl.java:lambda$close$1(513)) - omNode-3@group-523986131536: shutdown
2025-04-23 04:28:13,998 [omNode-3-impl-thread1] INFO  util.JmxRegister (JmxRegister.java:unregister(74)) - Successfully un-registered JMX Bean with object name Ratis:service=RaftServer,group=group-523986131536,id=omNode-3
2025-04-23 04:28:13,998 [omNode-3-impl-thread1] INFO  impl.RoleInfo (RoleInfo.java:shutdownFollowerState(121)) - omNode-3: shutdown omNode-3@group-523986131536-FollowerState
2025-04-23 04:28:13,998 [omNode-3-impl-thread1] INFO  impl.StateMachineUpdater (StateMachineUpdater.java:stopAndJoin(164)) - omNode-3@group-523986131536-StateMachineUpdater: set stopIndex = 104
2025-04-23 04:28:13,999 [omNode-3@group-523986131536-FollowerState] INFO  impl.FollowerState (FollowerState.java:runImpl(170)) - omNode-3@group-523986131536-FollowerState was interrupted
2025-04-23 04:28:13,999 [grpc-default-executor-6] WARN  server.GrpcServerProtocolService (LogUtils.java:warn(121)) - omNode-3: APPEND_ENTRIES onError, lastRequest: omNode-2->omNode-3#2-t9,previous=(t:9, i:103),leaderCommit=103,initializing? false,entries: size=1, first=(t:9, i:104), METADATAENTRY(c:103): org.apache.ratis.thirdparty.io.grpc.StatusRuntimeException: CANCELLED: client cancelled
2025-04-23 04:28:13,999 [grpc-default-executor-0] WARN  server.GrpcServerProtocolService (LogUtils.java:warn(121)) - omNode-3: APPEND_ENTRIES onError, lastRequest: null: org.apache.ratis.thirdparty.io.grpc.StatusRuntimeException: CANCELLED: client cancelled
2025-04-23 04:28:14,000 [grpc-default-executor-4] WARN  server.GrpcLogAppender (LogUtils.java:warn(121)) - omNode-2@group-523986131536->omNode-3-AppendLogResponseHandler: Failed appendEntries: org.apache.ratis.thirdparty.io.grpc.StatusRuntimeException: CANCELLED: RST_STREAM closed stream. HTTP/2 error code: CANCEL
2025-04-23 04:28:14,000 [Thread-3109] INFO  server.GrpcServerProtocolClient (GrpcServerProtocolClient.java:close(105)) - omNode-1 Close channels
2025-04-23 04:28:14,000 [grpc-default-executor-0] WARN  server.GrpcLogAppender (GrpcLogAppender.java:lambda$resetClient$1(221)) - omNode-2@group-523986131536->omNode-3-GrpcLogAppender: Follower failed (request=null, errorCount=1); keep nextIndex (105) unchanged and retry.
2025-04-23 04:28:14,000 [Thread-3110] INFO  server.GrpcServerProtocolClient (GrpcServerProtocolClient.java:close(105)) - omNode-2 Close channels
2025-04-23 04:28:14,001 [main] INFO  server.GrpcService (GrpcService.java:closeImpl(352)) - omNode-3: shutdown server GrpcServerProtocolService successfully
2025-04-23 04:28:14,019 [omNode-3@group-523986131536-StateMachineUpdater] INFO  ratis.OzoneManagerStateMachine (OzoneManagerStateMachine.java:takeSnapshotImpl(510)) - omNode-3: taking snapshot. applied = (t:9, i:104), skipped = 101, notified = (t:9, i:104), current snapshot index = (t:9, i:104), took 21 ms
2025-04-23 04:28:14,019 [omNode-3@group-523986131536-StateMachineUpdater] INFO  impl.StateMachineUpdater (StateMachineUpdater.java:takeSnapshot(303)) - omNode-3@group-523986131536-StateMachineUpdater: Took a snapshot at index 104
2025-04-23 04:28:14,019 [omNode-3@group-523986131536-StateMachineUpdater] INFO  impl.StateMachineUpdater (StateMachineUpdater.java:lambda$new$0(102)) - omNode-3@group-523986131536-StateMachineUpdater: snapshotIndex: updateIncreasingly 72 -> 104
2025-04-23 04:28:14,019 [omNode-3@group-523986131536-StateMachineUpdater] INFO  raftlog.RaftLog (RaftLogBase.java:purge(325)) - omNode-3@group-523986131536-SegmentedRaftLog: purge 104
2025-04-23 04:28:14,019 [omNode-3@group-523986131536-StateMachineUpdater] INFO  raftlog.RaftLog (RaftLogBase.java:lambda$new$0(54)) - omNode-3@group-523986131536-SegmentedRaftLog: snapshotIndex: updateIncreasingly 72 -> 104
2025-04-23 04:28:14,019 [omNode-3@group-523986131536-StateMachineUpdater] INFO  raftlog.RaftLog (SegmentedRaftLog.java:purgeImpl(382)) - omNode-3@group-523986131536-SegmentedRaftLog: purge(104)
  toTruncate: null
    toDelete: [(77, 102) isOpen? false, length=0, newEndIndex=0, (73, 76) isOpen? false, length=0, newEndIndex=0, (69, 72) isOpen? false, length=0, newEndIndex=0, (35, 68) isOpen? false, length=0, newEndIndex=0]
2025-04-23 04:28:14,019 [omNode-3@group-523986131536-StateMachineUpdater] INFO  impl.StateMachineUpdater (StateMachineUpdater.java:stop(141)) - omNode-3@group-523986131536-StateMachineUpdater: closing OzoneManagerStateMachine, lastApplied=(t:9, i:104)
2025-04-23 04:28:14,019 [omNode-3@group-523986131536-StateMachineUpdater] INFO  ratis.OzoneManagerStateMachine (OzoneManagerStateMachine.java:close(550)) - Stopping OzoneManagerStateMachine:omNode-3:group-523986131536.
2025-04-23 04:28:14,019 [omNode-3@group-523986131536-StateMachineUpdater] INFO  ratis.OzoneManagerDoubleBuffer (OzoneManagerDoubleBuffer.java:stopDaemon(500)) - Stopping OMDoubleBuffer flush thread
2025-04-23 04:28:14,019 [omNode-3-OMDoubleBufferFlushThread] INFO  ratis.OzoneManagerDoubleBuffer (OzoneManagerDoubleBuffer.java:canFlush(559)) - OMDoubleBuffer flush thread omNode-3-OMDoubleBufferFlushThread is interrupted and will exit.
2025-04-23 04:28:14,019 [omNode-3@group-523986131536-SegmentedRaftLogWorker] INFO  segmented.SegmentedRaftLogWorker (SegmentedRaftLogWorker.java:execute(481)) - omNode-3@group-523986131536-SegmentedRaftLogWorker: Purged RaftLog segment: info=(77, 102) isOpen? false, length=0, newEndIndex=0, path=/home/runner/work/ozone/ozone/hadoop-ozone/integration-test/target/test-dir/MiniOzoneClusterImpl-ff59c164-3798-4a7f-a16d-eeed9ffb3244/omNode-3/ratis/c9bc4cf4-3bc3-3c60-a66b-523986131536/current/log_77-102
2025-04-23 04:28:14,019 [omNode-3@group-523986131536-cacheEviction-AwaitToRun] INFO  util.AwaitToRun (AwaitToRun.java:run(49)) - omNode-3@group-523986131536-cacheEviction-AwaitToRun-AwaitForSignal is interrupted
2025-04-23 04:28:14,020 [omNode-3@group-523986131536-SegmentedRaftLogWorker] INFO  segmented.SegmentedRaftLogWorker (SegmentedRaftLogWorker.java:execute(481)) - omNode-3@group-523986131536-SegmentedRaftLogWorker: Purged RaftLog segment: info=(73, 76) isOpen? false, length=0, newEndIndex=0, path=/home/runner/work/ozone/ozone/hadoop-ozone/integration-test/target/test-dir/MiniOzoneClusterImpl-ff59c164-3798-4a7f-a16d-eeed9ffb3244/omNode-3/ratis/c9bc4cf4-3bc3-3c60-a66b-523986131536/current/log_73-76
2025-04-23 04:28:14,020 [omNode-3@group-523986131536-SegmentedRaftLogWorker] INFO  segmented.SegmentedRaftLogWorker (SegmentedRaftLogWorker.java:execute(481)) - omNode-3@group-523986131536-SegmentedRaftLogWorker: Purged RaftLog segment: info=(69, 72) isOpen? false, length=0, newEndIndex=0, path=/home/runner/work/ozone/ozone/hadoop-ozone/integration-test/target/test-dir/MiniOzoneClusterImpl-ff59c164-3798-4a7f-a16d-eeed9ffb3244/omNode-3/ratis/c9bc4cf4-3bc3-3c60-a66b-523986131536/current/log_69-72
2025-04-23 04:28:14,020 [omNode-3@group-523986131536-SegmentedRaftLogWorker] INFO  segmented.SegmentedRaftLogWorker (SegmentedRaftLogWorker.java:execute(481)) - omNode-3@group-523986131536-SegmentedRaftLogWorker: Purged RaftLog segment: info=(35, 68) isOpen? false, length=0, newEndIndex=0, path=/home/runner/work/ozone/ozone/hadoop-ozone/integration-test/target/test-dir/MiniOzoneClusterImpl-ff59c164-3798-4a7f-a16d-eeed9ffb3244/omNode-3/ratis/c9bc4cf4-3bc3-3c60-a66b-523986131536/current/log_35-68
2025-04-23 04:28:14,020 [omNode-3@group-523986131536-SegmentedRaftLogWorker] INFO  raftlog.RaftLog (RaftLogBase.java:lambda$new$0(54)) - omNode-3@group-523986131536-SegmentedRaftLog: purgeIndex: updateToMax old=34, new=102, updated? true
2025-04-23 04:28:14,021 [omNode-3-impl-thread1] INFO  segmented.SegmentedRaftLogWorker (SegmentedRaftLogWorker.java:close(252)) - omNode-3@group-523986131536-SegmentedRaftLogWorker close()
2025-04-23 04:28:14,022 [JvmPauseMonitor20] INFO  util.JvmPauseMonitor (JvmPauseMonitor.java:run(152)) - JvmPauseMonitor-omNode-3: Stopped
2025-04-23 04:28:14,022 [main] INFO  utils.BackgroundService (BackgroundService.java:shutdown(161)) - Shutting down service KeyDeletingService
2025-04-23 04:28:14,022 [main] INFO  utils.BackgroundService (BackgroundService.java:shutdown(161)) - Shutting down service DirectoryDeletingService
2025-04-23 04:28:14,023 [main] INFO  utils.BackgroundService (BackgroundService.java:shutdown(161)) - Shutting down service OpenKeyCleanupService
2025-04-23 04:28:14,024 [main] INFO  utils.BackgroundService (BackgroundService.java:shutdown(161)) - Shutting down service SstFilteringService
2025-04-23 04:28:14,024 [main] INFO  utils.BackgroundService (BackgroundService.java:shutdown(161)) - Shutting down service SnapshotDeletingService
2025-04-23 04:28:14,024 [main] INFO  utils.BackgroundService (BackgroundService.java:shutdown(161)) - Shutting down service MultipartUploadCleanupService
2025-04-23 04:28:14,025 [main] INFO  handler.ContextHandler (ContextHandler.java:doStop(1159)) - Stopped o.e.j.w.WebAppContext@746613dc{ozoneManager,/,null,STOPPED}{file:/home/runner/work/ozone/ozone/hadoop-ozone/integration-test/target/test-classes/webapps/ozoneManager}
2025-04-23 04:28:14,025 [main] INFO  server.AbstractConnector (AbstractConnector.java:doStop(383)) - Stopped ServerConnector@29384b03{HTTP/1.1, (http/1.1)}{0.0.0.0:15015}
2025-04-23 04:28:14,025 [main] INFO  server.session (HouseKeeper.java:stopScavenging(149)) - node0 Stopped scavenging
2025-04-23 04:28:14,026 [main] INFO  handler.ContextHandler (ContextHandler.java:doStop(1159)) - Stopped o.e.j.s.ServletContextHandler@5497e233{static,/static,file:///home/runner/work/ozone/ozone/hadoop-ozone/integration-test/target/test-classes/webapps/static,STOPPED}
2025-04-23 04:28:14,026 [main] INFO  handler.ContextHandler (ContextHandler.java:doStop(1159)) - Stopped o.e.j.s.ServletContextHandler@3e667a7{logs,/logs,file:///home/runner/work/ozone/ozone/hadoop-ozone/integration-test/target/log,STOPPED}
2025-04-23 04:28:14,026 [main] INFO  rocksdiff.RocksDBCheckpointDiffer (RocksDBCheckpointDiffer.java:close(304)) - Shutting down CompactionDagPruningService.
2025-04-23 04:28:14,028 [main] INFO  snapshot.SnapshotDiffManager (SnapshotDiffManager.java:closeExecutorService(1698)) - Shutting down executorService: 'SnapDiffExecutor'
2025-04-23 04:28:14,028 [main] INFO  utils.BackgroundService (BackgroundService.java:shutdown(161)) - Shutting down service SnapshotDiffCleanupService
2025-04-23 04:28:14,029 [main] INFO  om.OzoneManager (OzoneManager.java:stop(2347)) - omNode-1[localhost:15006]: Stopping Ozone Manager
2025-04-23 04:28:14,029 [main] INFO  om.OzoneManager (OzoneManager.java:stop(2347)) - omNode-2[localhost:15010]: Stopping Ozone Manager
2025-04-23 04:28:14,029 [main] INFO  ipc.Server (Server.java:stop(3697)) - Stopping server on 15010
2025-04-23 04:28:14,031 [IPC Server listener on 15010] INFO  ipc.Server (Server.java:run(1585)) - Stopping IPC Server listener on 15010
2025-04-23 04:28:14,031 [main] INFO  ratis.OzoneManagerRatisServer (OzoneManagerRatisServer.java:stop(634)) - Stopping org.apache.hadoop.ozone.om.ratis.OzoneManagerRatisServer@30994b2a at port 15013
2025-04-23 04:28:14,031 [IPC Server Responder] INFO  ipc.Server (Server.java:run(1718)) - Stopping IPC Server Responder
2025-04-23 04:28:14,031 [main] INFO  server.RaftServer (RaftServerProxy.java:lambda$close$9(417)) - omNode-2: close
2025-04-23 04:28:14,031 [main] INFO  server.GrpcService (GrpcService.java:closeImpl(343)) - omNode-2: shutdown server GrpcServerProtocolService now
2025-04-23 04:28:14,031 [omNode-2-impl-thread1] INFO  server.RaftServer$Division (RaftServerImpl.java:lambda$close$1(513)) - omNode-2@group-523986131536: shutdown
2025-04-23 04:28:14,031 [omNode-2-impl-thread1] INFO  util.JmxRegister (JmxRegister.java:unregister(74)) - Successfully un-registered JMX Bean with object name Ratis:service=RaftServer,group=group-523986131536,id=omNode-2
2025-04-23 04:28:14,031 [omNode-2-impl-thread1] INFO  impl.RoleInfo (RoleInfo.java:shutdownLeaderState(103)) - omNode-2: shutdown omNode-2@group-523986131536-LeaderStateImpl
2025-04-23 04:28:14,032 [omNode-2-impl-thread1] INFO  impl.PendingRequests (PendingRequests.java:sendNotLeaderResponses(287)) - omNode-2@group-523986131536-PendingRequests: sendNotLeaderResponses
2025-04-23 04:28:14,032 [omNode-2@group-523986131536->omNode-3-GrpcLogAppender-LogAppenderDaemon] WARN  server.GrpcLogAppender (GrpcLogAppender.java:mayWait(293)) - omNode-2@group-523986131536->omNode-3-GrpcLogAppender: Wait interrupted by java.lang.InterruptedException
2025-04-23 04:28:14,032 [omNode-2@group-523986131536->omNode-1-GrpcLogAppender-LogAppenderDaemon] WARN  server.GrpcLogAppender (GrpcLogAppender.java:mayWait(293)) - omNode-2@group-523986131536->omNode-1-GrpcLogAppender: Wait interrupted by java.lang.InterruptedException
2025-04-23 04:28:14,032 [omNode-2-impl-thread1] INFO  impl.StateMachineUpdater (StateMachineUpdater.java:stopAndJoin(164)) - omNode-2@group-523986131536-StateMachineUpdater: set stopIndex = 104
2025-04-23 04:28:14,033 [Thread-3222] INFO  server.GrpcServerProtocolClient (GrpcServerProtocolClient.java:close(105)) - omNode-1 Close channels
2025-04-23 04:28:14,032 [Thread-3221] INFO  server.GrpcServerProtocolClient (GrpcServerProtocolClient.java:close(105)) - omNode-3 Close channels
2025-04-23 04:28:14,033 [main] INFO  server.GrpcService (GrpcService.java:closeImpl(352)) - omNode-2: shutdown server GrpcServerProtocolService successfully
2025-04-23 04:28:14,052 [omNode-2@group-523986131536-StateMachineUpdater] INFO  ratis.OzoneManagerStateMachine (OzoneManagerStateMachine.java:takeSnapshotImpl(510)) - omNode-2: taking snapshot. applied = (t:9, i:104), skipped = 101, notified = (t:9, i:104), current snapshot index = (t:9, i:104), took 19 ms
2025-04-23 04:28:14,052 [omNode-2@group-523986131536-StateMachineUpdater] INFO  impl.StateMachineUpdater (StateMachineUpdater.java:takeSnapshot(303)) - omNode-2@group-523986131536-StateMachineUpdater: Took a snapshot at index 104
2025-04-23 04:28:14,052 [omNode-2@group-523986131536-StateMachineUpdater] INFO  impl.StateMachineUpdater (StateMachineUpdater.java:lambda$new$0(102)) - omNode-2@group-523986131536-StateMachineUpdater: snapshotIndex: updateIncreasingly 76 -> 104
2025-04-23 04:28:14,052 [omNode-2@group-523986131536-StateMachineUpdater] INFO  raftlog.RaftLog (RaftLogBase.java:purge(325)) - omNode-2@group-523986131536-SegmentedRaftLog: purge 104
2025-04-23 04:28:14,052 [omNode-2@group-523986131536-StateMachineUpdater] INFO  raftlog.RaftLog (RaftLogBase.java:lambda$new$0(54)) - omNode-2@group-523986131536-SegmentedRaftLog: snapshotIndex: updateIncreasingly 76 -> 104
2025-04-23 04:28:14,052 [omNode-2@group-523986131536-StateMachineUpdater] INFO  raftlog.RaftLog (SegmentedRaftLog.java:purgeImpl(382)) - omNode-2@group-523986131536-SegmentedRaftLog: purge(104)
  toTruncate: null
    toDelete: [(77, 102) isOpen? false, length=0, newEndIndex=0, (73, 76) isOpen? false, length=0, newEndIndex=0, (69, 72) isOpen? false, length=0, newEndIndex=0, (35, 68) isOpen? false, length=0, newEndIndex=0]
2025-04-23 04:28:14,052 [omNode-2@group-523986131536-StateMachineUpdater] INFO  impl.StateMachineUpdater (StateMachineUpdater.java:stop(141)) - omNode-2@group-523986131536-StateMachineUpdater: closing OzoneManagerStateMachine, lastApplied=(t:9, i:104)
2025-04-23 04:28:14,052 [omNode-2@group-523986131536-StateMachineUpdater] INFO  ratis.OzoneManagerStateMachine (OzoneManagerStateMachine.java:close(550)) - Stopping OzoneManagerStateMachine:omNode-2:group-523986131536.
2025-04-23 04:28:14,052 [omNode-2@group-523986131536-StateMachineUpdater] INFO  ratis.OzoneManagerDoubleBuffer (OzoneManagerDoubleBuffer.java:stopDaemon(500)) - Stopping OMDoubleBuffer flush thread
2025-04-23 04:28:14,052 [omNode-2-OMDoubleBufferFlushThread] INFO  ratis.OzoneManagerDoubleBuffer (OzoneManagerDoubleBuffer.java:canFlush(559)) - OMDoubleBuffer flush thread omNode-2-OMDoubleBufferFlushThread is interrupted and will exit.
2025-04-23 04:28:14,052 [omNode-2@group-523986131536-SegmentedRaftLogWorker] INFO  segmented.SegmentedRaftLogWorker (SegmentedRaftLogWorker.java:execute(481)) - omNode-2@group-523986131536-SegmentedRaftLogWorker: Purged RaftLog segment: info=(77, 102) isOpen? false, length=0, newEndIndex=0, path=/home/runner/work/ozone/ozone/hadoop-ozone/integration-test/target/test-dir/MiniOzoneClusterImpl-ff59c164-3798-4a7f-a16d-eeed9ffb3244/omNode-2/ratis/c9bc4cf4-3bc3-3c60-a66b-523986131536/current/log_77-102
2025-04-23 04:28:14,052 [omNode-2@group-523986131536-cacheEviction-AwaitToRun] INFO  util.AwaitToRun (AwaitToRun.java:run(49)) - omNode-2@group-523986131536-cacheEviction-AwaitToRun-AwaitForSignal is interrupted
2025-04-23 04:28:14,052 [omNode-2@group-523986131536-SegmentedRaftLogWorker] INFO  segmented.SegmentedRaftLogWorker (SegmentedRaftLogWorker.java:execute(481)) - omNode-2@group-523986131536-SegmentedRaftLogWorker: Purged RaftLog segment: info=(73, 76) isOpen? false, length=0, newEndIndex=0, path=/home/runner/work/ozone/ozone/hadoop-ozone/integration-test/target/test-dir/MiniOzoneClusterImpl-ff59c164-3798-4a7f-a16d-eeed9ffb3244/omNode-2/ratis/c9bc4cf4-3bc3-3c60-a66b-523986131536/current/log_73-76
2025-04-23 04:28:14,053 [omNode-2@group-523986131536-SegmentedRaftLogWorker] INFO  segmented.SegmentedRaftLogWorker (SegmentedRaftLogWorker.java:execute(481)) - omNode-2@group-523986131536-SegmentedRaftLogWorker: Purged RaftLog segment: info=(69, 72) isOpen? false, length=0, newEndIndex=0, path=/home/runner/work/ozone/ozone/hadoop-ozone/integration-test/target/test-dir/MiniOzoneClusterImpl-ff59c164-3798-4a7f-a16d-eeed9ffb3244/omNode-2/ratis/c9bc4cf4-3bc3-3c60-a66b-523986131536/current/log_69-72
2025-04-23 04:28:14,053 [omNode-2@group-523986131536-SegmentedRaftLogWorker] INFO  segmented.SegmentedRaftLogWorker (SegmentedRaftLogWorker.java:execute(481)) - omNode-2@group-523986131536-SegmentedRaftLogWorker: Purged RaftLog segment: info=(35, 68) isOpen? false, length=0, newEndIndex=0, path=/home/runner/work/ozone/ozone/hadoop-ozone/integration-test/target/test-dir/MiniOzoneClusterImpl-ff59c164-3798-4a7f-a16d-eeed9ffb3244/omNode-2/ratis/c9bc4cf4-3bc3-3c60-a66b-523986131536/current/log_35-68
2025-04-23 04:28:14,053 [omNode-2@group-523986131536-SegmentedRaftLogWorker] INFO  raftlog.RaftLog (RaftLogBase.java:lambda$new$0(54)) - omNode-2@group-523986131536-SegmentedRaftLog: purgeIndex: updateToMax old=34, new=102, updated? true
2025-04-23 04:28:14,056 [omNode-2-impl-thread1] INFO  segmented.SegmentedRaftLogWorker (SegmentedRaftLogWorker.java:close(252)) - omNode-2@group-523986131536-SegmentedRaftLogWorker close()
2025-04-23 04:28:14,056 [JvmPauseMonitor22] INFO  util.JvmPauseMonitor (JvmPauseMonitor.java:run(152)) - JvmPauseMonitor-omNode-2: Stopped
2025-04-23 04:28:14,056 [main] INFO  utils.BackgroundService (BackgroundService.java:shutdown(161)) - Shutting down service KeyDeletingService
2025-04-23 04:28:14,057 [main] INFO  utils.BackgroundService (BackgroundService.java:shutdown(161)) - Shutting down service DirectoryDeletingService
2025-04-23 04:28:14,058 [main] INFO  utils.BackgroundService (BackgroundService.java:shutdown(161)) - Shutting down service OpenKeyCleanupService
2025-04-23 04:28:14,058 [main] INFO  utils.BackgroundService (BackgroundService.java:shutdown(161)) - Shutting down service SstFilteringService
2025-04-23 04:28:14,058 [main] INFO  utils.BackgroundService (BackgroundService.java:shutdown(161)) - Shutting down service SnapshotDeletingService
2025-04-23 04:28:14,059 [main] INFO  utils.BackgroundService (BackgroundService.java:shutdown(161)) - Shutting down service MultipartUploadCleanupService
2025-04-23 04:28:14,059 [main] INFO  handler.ContextHandler (ContextHandler.java:doStop(1159)) - Stopped o.e.j.w.WebAppContext@45a4b30a{ozoneManager,/,null,STOPPED}{file:/home/runner/work/ozone/ozone/hadoop-ozone/integration-test/target/test-classes/webapps/ozoneManager}
2025-04-23 04:28:14,060 [main] INFO  server.AbstractConnector (AbstractConnector.java:doStop(383)) - Stopped ServerConnector@9a21291{HTTP/1.1, (http/1.1)}{0.0.0.0:15011}
2025-04-23 04:28:14,060 [main] INFO  server.session (HouseKeeper.java:stopScavenging(149)) - node0 Stopped scavenging
2025-04-23 04:28:14,060 [main] INFO  handler.ContextHandler (ContextHandler.java:doStop(1159)) - Stopped o.e.j.s.ServletContextHandler@157815cc{static,/static,file:///home/runner/work/ozone/ozone/hadoop-ozone/integration-test/target/test-classes/webapps/static,STOPPED}
2025-04-23 04:28:14,060 [main] INFO  handler.ContextHandler (ContextHandler.java:doStop(1159)) - Stopped o.e.j.s.ServletContextHandler@18d532a4{logs,/logs,file:///home/runner/work/ozone/ozone/hadoop-ozone/integration-test/target/log,STOPPED}
2025-04-23 04:28:14,061 [main] INFO  rocksdiff.RocksDBCheckpointDiffer (RocksDBCheckpointDiffer.java:close(304)) - Shutting down CompactionDagPruningService.
2025-04-23 04:28:14,062 [main] INFO  snapshot.SnapshotDiffManager (SnapshotDiffManager.java:closeExecutorService(1698)) - Shutting down executorService: 'SnapDiffExecutor'
2025-04-23 04:28:14,062 [main] INFO  utils.BackgroundService (BackgroundService.java:shutdown(161)) - Shutting down service SnapshotDiffCleanupService
2025-04-23 04:28:14,063 [main] INFO  om.OzoneManager (OzoneManager.java:restart(1878)) - OzoneManager RPC server is listening at localhost/127.0.0.1:15014
2025-04-23 04:28:14,063 [main] INFO  impl.MetricsSystemImpl (MetricsSystemImpl.java:init(158)) - OzoneManager metrics system started (again)
2025-04-23 04:28:14,074 [main] WARN  server.ServerUtils (ServerUtils.java:getDBPath(297)) - ozone.om.db.dirs is not configured. We recommend adding this setting. Falling back to ozone.metadata.dirs instead.
2025-04-23 04:28:14,114 [main] INFO  om.OzoneManager (OzoneManager.java:instantiateServices(933)) - S3 Multi-Tenancy is disabled
2025-04-23 04:28:14,115 [main] INFO  om.OmSnapshotManager (OmSnapshotManager.java:<init>(180)) - Ozone filesystem snapshot feature is enabled.
2025-04-23 04:28:14,115 [main] WARN  server.ServerUtils (ServerUtils.java:getDBPath(297)) - ozone.om.snapshot.diff.db.dir is not configured. We recommend adding this setting. Falling back to ozone.metadata.dirs instead.
2025-04-23 04:28:14,128 [main] WARN  server.ServerUtils (ServerUtils.java:getDefaultRatisDirectory(309)) - Storage directory for Ratis is not configured. It is a good idea to map this to an SSD disk. Falling back to ozone.metadata.dirs
2025-04-23 04:28:14,128 [main] INFO  server.RaftServerConfigKeys (ConfUtils.java:logGet(46)) - raft.server.log.appender.buffer.byte-limit = 4194304 (custom)
2025-04-23 04:28:14,129 [main] INFO  ratis.OzoneManagerRatisServer (OzoneManagerRatisServer.java:<init>(167)) - Instantiating OM Ratis server with groupID: om-service-test1 and peers: localhost:15017, localhost:15009, localhost:15013
2025-04-23 04:28:14,129 [main] INFO  ratis.OzoneManagerStateMachine (OzoneManagerStateMachine.java:loadSnapshotInfoFromDB(611)) - LastAppliedIndex is set from TransactionInfo from OM DB as (t:9, i:104)
2025-04-23 04:28:14,130 [main] INFO  server.RaftServer (ConfUtils.java:logGet(46)) - raft.rpc.type = GRPC (default)
2025-04-23 04:28:14,130 [main] INFO  grpc.GrpcConfigKeys (ConfUtils.java:logFallback(53)) - raft.grpc.admin.host = null (fallback to raft.grpc.server.host)
2025-04-23 04:28:14,130 [main] INFO  grpc.GrpcConfigKeys (ConfUtils.java:logFallback(53)) - raft.grpc.admin.port = 15017 (fallback to raft.grpc.server.port)
2025-04-23 04:28:14,130 [main] INFO  grpc.GrpcConfigKeys (ConfUtils.java:logFallback(53)) - raft.grpc.client.host = null (fallback to raft.grpc.server.host)
2025-04-23 04:28:14,130 [main] INFO  grpc.GrpcConfigKeys (ConfUtils.java:logFallback(53)) - raft.grpc.client.port = 15017 (fallback to raft.grpc.server.port)
2025-04-23 04:28:14,130 [main] INFO  grpc.GrpcConfigKeys (ConfUtils.java:logGet(46)) - raft.grpc.server.host = null (default)
2025-04-23 04:28:14,130 [main] INFO  grpc.GrpcConfigKeys (ConfUtils.java:logGet(46)) - raft.grpc.server.port = 15017 (custom)
2025-04-23 04:28:14,130 [main] INFO  server.GrpcService (ConfUtils.java:logGet(46)) - raft.grpc.message.size.max = 5242880 (custom)
2025-04-23 04:28:14,130 [main] INFO  server.GrpcService (ConfUtils.java:logGet(46)) - raft.grpc.flow.control.window = 1MB (=1048576) (default)
2025-04-23 04:28:14,131 [main] INFO  server.RaftServerConfigKeys (ConfUtils.java:logGet(46)) - raft.server.rpc.request.timeout = 3000ms (default)
2025-04-23 04:28:14,131 [main] INFO  grpc.GrpcConfigKeys (ConfUtils.java:logGet(46)) - raft.grpc.server.heartbeat.channel = true (default)
2025-04-23 04:28:14,131 [main] INFO  server.RaftServerConfigKeys (ConfUtils.java:logGet(46)) - raft.server.log.appender.buffer.byte-limit = 4194304 (custom)
2025-04-23 04:28:14,131 [main] INFO  grpc.GrpcConfigKeys (ConfUtils.java:logGet(46)) - raft.grpc.server.async.request.thread.pool.cached = true (default)
2025-04-23 04:28:14,131 [main] INFO  grpc.GrpcConfigKeys (ConfUtils.java:logGet(46)) - raft.grpc.server.async.request.thread.pool.size = 32 (default)
2025-04-23 04:28:14,132 [main] INFO  impl.DataStreamServerImpl (ConfUtils.java:logGet(46)) - raft.datastream.type = DISABLED (default)
2025-04-23 04:28:14,132 [main] INFO  server.RaftServerConfigKeys (ConfUtils.java:logGet(46)) - raft.server.sleep.deviation.threshold = 300ms (default)
2025-04-23 04:28:14,132 [main] INFO  server.RaftServerConfigKeys (ConfUtils.java:logGet(46)) - raft.server.close.threshold = 60s (default)
2025-04-23 04:28:14,132 [main] INFO  server.RaftServerConfigKeys (ConfUtils.java:logGet(46)) - raft.server.leaderelection.leader.step-down.wait-time = 10s (default)
2025-04-23 04:28:14,132 [main] INFO  server.RaftServerConfigKeys (ConfUtils.java:logGet(46)) - raft.server.storage.dir = [/home/runner/work/ozone/ozone/hadoop-ozone/integration-test/target/test-dir/MiniOzoneClusterImpl-ff59c164-3798-4a7f-a16d-eeed9ffb3244/omNode-3/ratis] (custom)
2025-04-23 04:28:14,132 [main] INFO  server.RaftServerConfigKeys (ConfUtils.java:logGet(46)) - raft.server.threadpool.proxy.cached = true (default)
2025-04-23 04:28:14,133 [main] INFO  server.RaftServerConfigKeys (ConfUtils.java:logGet(46)) - raft.server.threadpool.proxy.size = 0 (default)
2025-04-23 04:28:14,133 [omNode-3-impl-thread1] INFO  server.RaftServer (RaftServerProxy.java:initGroupDir(265)) - omNode-3: found a subdirectory /home/runner/work/ozone/ozone/hadoop-ozone/integration-test/target/test-dir/MiniOzoneClusterImpl-ff59c164-3798-4a7f-a16d-eeed9ffb3244/omNode-3/ratis/c9bc4cf4-3bc3-3c60-a66b-523986131536
2025-04-23 04:28:14,133 [main] INFO  server.RaftServer (RaftServerProxy.java:addNew(100)) - omNode-3: addNew group-523986131536:[omNode-3|localhost:15017, omNode-1|localhost:15009, omNode-2|localhost:15013] returns group-523986131536:java.util.concurrent.CompletableFuture@41e3146c[Not completed]
2025-04-23 04:28:14,133 [omNode-3-groupManagement] INFO  server.RaftServer$Division (RaftServerImpl.java:<init>(255)) - omNode-3: new RaftServerImpl for group-523986131536:[omNode-3|localhost:15017, omNode-1|localhost:15009, omNode-2|localhost:15013] with OzoneManagerStateMachine:uninitialized
2025-04-23 04:28:14,133 [main] INFO  om.OzoneManager (OzoneManager.java:initializeRatisServer(2303)) - OzoneManager Ratis server initialized at port 15017
2025-04-23 04:28:14,134 [main] INFO  ratis.OzoneManagerRatisServer (OzoneManagerRatisServer.java:start(628)) - Starting OzoneManagerRatisServer omNode-3 at port 15017
2025-04-23 04:28:14,134 [omNode-3-groupManagement] INFO  server.RaftServerConfigKeys (ConfUtils.java:logGet(46)) - raft.server.rpc.timeout.min = 1s (custom)
2025-04-23 04:28:14,134 [omNode-3-groupManagement] INFO  server.RaftServerConfigKeys (ConfUtils.java:logGet(46)) - raft.server.rpc.timeout.max = 1200ms (custom)
2025-04-23 04:28:14,134 [omNode-3-groupManagement] INFO  server.RaftServerConfigKeys (ConfUtils.java:logGet(46)) - raft.server.rpc.sleep.time = 25ms (default)
2025-04-23 04:28:14,134 [omNode-3-groupManagement] INFO  server.RaftServerConfigKeys (ConfUtils.java:logGet(46)) - raft.server.rpc.slowness.timeout = 2s (custom)
2025-04-23 04:28:14,134 [omNode-3-groupManagement] INFO  server.RaftServerConfigKeys (ConfUtils.java:logGet(46)) - raft.server.leaderelection.leader.step-down.wait-time = 10s (default)
2025-04-23 04:28:14,134 [omNode-3-groupManagement] INFO  server.RaftServerConfigKeys (ConfUtils.java:logGet(46)) - raft.server.leaderelection.member.majority-add = false (default)
2025-04-23 04:28:14,134 [omNode-3-groupManagement] INFO  server.RaftServerConfigKeys (ConfUtils.java:logGet(46)) - raft.server.sleep.deviation.threshold = 300ms (default)
2025-04-23 04:28:14,134 [omNode-3-groupManagement] INFO  server.RaftServer$Division (ServerState.java:<init>(114)) - omNode-3@group-523986131536: ConfigurationManager, init=conf: {index: -1, cur=peers:[omNode-3|localhost:15017, omNode-1|localhost:15009, omNode-2|localhost:15013]|listeners:[], old=null}, confs=<EMPTY_MAP>
2025-04-23 04:28:14,134 [omNode-3-groupManagement] INFO  server.RaftServerConfigKeys (ConfUtils.java:logGet(46)) - raft.server.notification.no-leader.timeout = 2s (custom)
2025-04-23 04:28:14,134 [omNode-3-groupManagement] INFO  server.RaftServerConfigKeys (ConfUtils.java:logGet(46)) - raft.server.read.timeout = 10s (default)
2025-04-23 04:28:14,134 [omNode-3-groupManagement] INFO  server.RaftServerConfigKeys (ConfUtils.java:logGet(46)) - raft.server.retrycache.expirytime = 30000ms (custom)
2025-04-23 04:28:14,134 [omNode-3-groupManagement] INFO  server.RaftServerConfigKeys (ConfUtils.java:logGet(46)) - raft.server.retrycache.statistics.expirytime = 100ms (default)
2025-04-23 04:28:14,134 [omNode-3-groupManagement] INFO  server.RaftServerConfigKeys (ConfUtils.java:logGet(46)) - raft.server.read.option = DEFAULT (default)
2025-04-23 04:28:14,134 [omNode-3-groupManagement] INFO  server.RaftServerConfigKeys (ConfUtils.java:logGet(46)) - raft.server.read.read-after-write-consistent.write-index-cache.expiry-time = 60s (default)
2025-04-23 04:28:14,137 [omNode-3-groupManagement] INFO  server.RaftServerConfigKeys (ConfUtils.java:logGet(46)) - raft.server.rpc.request.timeout = 3000ms (default)
2025-04-23 04:28:14,137 [omNode-3-groupManagement] INFO  server.RaftServerConfigKeys (ConfUtils.java:logGet(46)) - raft.server.log.appender.install.snapshot.enabled = false (custom)
2025-04-23 04:28:14,137 [omNode-3-groupManagement] INFO  server.RaftServerConfigKeys (ConfUtils.java:logGet(46)) - raft.server.threadpool.server.cached = true (default)
2025-04-23 04:28:14,137 [omNode-3-groupManagement] INFO  server.RaftServerConfigKeys (ConfUtils.java:logGet(46)) - raft.server.threadpool.server.size = 0 (default)
2025-04-23 04:28:14,137 [omNode-3-groupManagement] INFO  server.RaftServerConfigKeys (ConfUtils.java:logGet(46)) - raft.server.threadpool.client.cached = true (default)
2025-04-23 04:28:14,137 [omNode-3-groupManagement] INFO  server.RaftServerConfigKeys (ConfUtils.java:logGet(46)) - raft.server.threadpool.client.size = 0 (default)
2025-04-23 04:28:14,137 [omNode-3-impl-thread1] INFO  server.RaftServerConfigKeys (ConfUtils.java:logGet(46)) - raft.server.storage.free-space.min = 0MB (=0) (default)
2025-04-23 04:28:14,137 [omNode-3-impl-thread1] INFO  server.RaftServerConfigKeys (ConfUtils.java:logGet(46)) - raft.server.log.corruption.policy = EXCEPTION (default)
2025-04-23 04:28:14,137 [omNode-3-impl-thread1] INFO  server.RaftServerConfigKeys (ConfUtils.java:logGet(46)) - raft.server.storage.dir = [/home/runner/work/ozone/ozone/hadoop-ozone/integration-test/target/test-dir/MiniOzoneClusterImpl-ff59c164-3798-4a7f-a16d-eeed9ffb3244/omNode-3/ratis] (custom)
2025-04-23 04:28:14,138 [omNode-3-impl-thread1] INFO  storage.RaftStorageDirectory (RaftStorageDirectoryImpl.java:tryLock(229)) - Lock on /home/runner/work/ozone/ozone/hadoop-ozone/integration-test/target/test-dir/MiniOzoneClusterImpl-ff59c164-3798-4a7f-a16d-eeed9ffb3244/omNode-3/ratis/c9bc4cf4-3bc3-3c60-a66b-523986131536/in_use.lock acquired by nodename 129558@fv-az1441-587
2025-04-23 04:28:14,138 [omNode-3-impl-thread1] INFO  storage.RaftStorage (RaftStorageImpl.java:analyzeAndRecoverStorage(118)) - Read RaftStorageMetadata{term=9, votedFor=omNode-2} from /home/runner/work/ozone/ozone/hadoop-ozone/integration-test/target/test-dir/MiniOzoneClusterImpl-ff59c164-3798-4a7f-a16d-eeed9ffb3244/omNode-3/ratis/c9bc4cf4-3bc3-3c60-a66b-523986131536/current/raft-meta
2025-04-23 04:28:14,138 [omNode-3-impl-thread1] INFO  server.RaftServer$Division (ServerState.java:setRaftConf(386)) - omNode-3@group-523986131536: set configuration conf: {index: 103, cur=peers:[omNode-3|localhost:15017, omNode-1|localhost:15009, omNode-2|localhost:15013]|listeners:[], old=null}
2025-04-23 04:28:14,138 [omNode-3-impl-thread1] INFO  ratis.OzoneManagerStateMachine (OzoneManagerStateMachine.java:lambda$0(138)) - omNode-3: initialize group-523986131536 with (t:9, i:104)
2025-04-23 04:28:14,138 [omNode-3-impl-thread1] INFO  server.RaftServerConfigKeys (ConfUtils.java:logGet(46)) - raft.server.log.use.memory = false (default)
2025-04-23 04:28:14,139 [omNode-3-impl-thread1] INFO  server.RaftServerConfigKeys (ConfUtils.java:logGet(46)) - raft.server.log.purge.gap = 50 (custom)
2025-04-23 04:28:14,139 [omNode-3-impl-thread1] INFO  server.RaftServerConfigKeys (ConfUtils.java:logGet(46)) - raft.server.log.appender.buffer.byte-limit = 4194304 (custom)
2025-04-23 04:28:14,139 [omNode-3-impl-thread1] INFO  server.RaftServerConfigKeys (ConfUtils.java:logGet(46)) - raft.server.log.statemachine.data.read.timeout = 1000ms (default)
2025-04-23 04:28:14,139 [omNode-3-impl-thread1] INFO  server.RaftServerConfigKeys (ConfUtils.java:logGet(46)) - raft.server.log.purge.preservation.log.num = 0 (default)
2025-04-23 04:28:14,140 [omNode-3-impl-thread1] INFO  server.RaftServerConfigKeys (ConfUtils.java:logGet(46)) - raft.server.log.segment.size.max = 4194304 (custom)
2025-04-23 04:28:14,140 [omNode-3-impl-thread1] INFO  server.RaftServerConfigKeys (ConfUtils.java:logGet(46)) - raft.server.log.segment.cache.num.max = 2 (custom)
2025-04-23 04:28:14,140 [omNode-3-impl-thread1] INFO  server.RaftServerConfigKeys (ConfUtils.java:logGet(46)) - raft.server.log.segment.cache.size.max = 200MB (=209715200) (default)
2025-04-23 04:28:14,140 [omNode-3-impl-thread1] INFO  server.RaftServerConfigKeys (ConfUtils.java:logGet(46)) - raft.server.log.appender.buffer.byte-limit = 4194304 (custom)
2025-04-23 04:28:14,140 [omNode-3-impl-thread1] INFO  util.AwaitToRun (AwaitToRun.java:start(81)) - Thread[#4005,omNode-3@group-523986131536-cacheEviction-AwaitToRun,5,main] started
2025-04-23 04:28:14,140 [omNode-3-impl-thread1] INFO  segmented.SegmentedRaftLogWorker (SegmentedRaftLogWorker.java:<init>(188)) - new omNode-3@group-523986131536-SegmentedRaftLogWorker for RaftStorageImpl:Storage Directory /home/runner/work/ozone/ozone/hadoop-ozone/integration-test/target/test-dir/MiniOzoneClusterImpl-ff59c164-3798-4a7f-a16d-eeed9ffb3244/omNode-3/ratis/c9bc4cf4-3bc3-3c60-a66b-523986131536
2025-04-23 04:28:14,140 [omNode-3-impl-thread1] INFO  server.RaftServerConfigKeys (ConfUtils.java:logGet(46)) - raft.server.log.queue.byte-limit = 64MB (=67108864) (default)
2025-04-23 04:28:14,140 [omNode-3-impl-thread1] INFO  server.RaftServerConfigKeys (ConfUtils.java:logGet(46)) - raft.server.log.queue.element-limit = 4096 (default)
2025-04-23 04:28:14,140 [omNode-3-impl-thread1] INFO  server.RaftServerConfigKeys (ConfUtils.java:logGet(46)) - raft.server.log.segment.size.max = 4194304 (custom)
2025-04-23 04:28:14,140 [omNode-3-impl-thread1] INFO  server.RaftServerConfigKeys (ConfUtils.java:logGet(46)) - raft.server.log.preallocated.size = 4194304 (custom)
2025-04-23 04:28:14,140 [omNode-3-impl-thread1] INFO  server.RaftServerConfigKeys (ConfUtils.java:logGet(46)) - raft.server.log.force.sync.num = 128 (default)
2025-04-23 04:28:14,140 [omNode-3-impl-thread1] INFO  server.RaftServerConfigKeys (ConfUtils.java:logGet(46)) - raft.server.log.statemachine.data.sync = true (default)
2025-04-23 04:28:14,140 [omNode-3-impl-thread1] INFO  server.RaftServerConfigKeys (ConfUtils.java:logGet(46)) - raft.server.log.statemachine.data.sync.timeout = 10s (default)
2025-04-23 04:28:14,140 [omNode-3-impl-thread1] INFO  server.RaftServerConfigKeys (ConfUtils.java:logGet(46)) - raft.server.log.statemachine.data.sync.timeout.retry = -1 (default)
2025-04-23 04:28:14,141 [omNode-3-impl-thread1] INFO  server.RaftServerConfigKeys (ConfUtils.java:logGet(46)) - raft.server.log.write.buffer.size = 4194312 (custom)
2025-04-23 04:28:14,141 [omNode-3-impl-thread1] INFO  server.RaftServerConfigKeys (ConfUtils.java:logGet(46)) - raft.server.log.appender.buffer.byte-limit = 4194304 (custom)
2025-04-23 04:28:14,141 [omNode-3-impl-thread1] INFO  server.RaftServerConfigKeys (ConfUtils.java:logGet(46)) - raft.server.log.unsafe-flush.enabled = false (default)
2025-04-23 04:28:14,141 [omNode-3-impl-thread1] INFO  server.RaftServerConfigKeys (ConfUtils.java:logGet(46)) - raft.server.log.async-flush.enabled = false (default)
2025-04-23 04:28:14,141 [omNode-3-impl-thread1] INFO  server.RaftServerConfigKeys (ConfUtils.java:logGet(46)) - raft.server.log.statemachine.data.caching.enabled = false (default)
2025-04-23 04:28:14,141 [omNode-3-impl-thread1] INFO  server.RaftServer$Division (ServerState.java:setRaftConf(386)) - omNode-3@group-523986131536: set configuration conf: {index: 103, cur=peers:[omNode-3|localhost:15017, omNode-1|localhost:15009, omNode-2|localhost:15013]|listeners:[], old=null}
2025-04-23 04:28:14,142 [omNode-3-impl-thread1] INFO  segmented.LogSegment (LogSegment.java:loadSegment(171)) - Successfully read 2 entries from segment file /home/runner/work/ozone/ozone/hadoop-ozone/integration-test/target/test-dir/MiniOzoneClusterImpl-ff59c164-3798-4a7f-a16d-eeed9ffb3244/omNode-3/ratis/c9bc4cf4-3bc3-3c60-a66b-523986131536/current/log_inprogress_103
2025-04-23 04:28:14,142 [omNode-3-impl-thread1] INFO  segmented.SegmentedRaftLogWorker (SegmentedRaftLogWorker.java:lambda$new$0(139)) - omNode-3@group-523986131536-SegmentedRaftLogWorker: flushIndex: setUnconditionally 0 -> 104
2025-04-23 04:28:14,142 [omNode-3-impl-thread1] INFO  segmented.SegmentedRaftLogWorker (SegmentedRaftLogWorker.java:lambda$new$0(139)) - omNode-3@group-523986131536-SegmentedRaftLogWorker: safeCacheEvictIndex: setUnconditionally 0 -> -1
2025-04-23 04:28:14,142 [omNode-3-impl-thread1] INFO  segmented.BufferedWriteChannel (BufferedWriteChannel.java:open(61)) - open log_inprogress_103 (append) at position 125
2025-04-23 04:28:14,142 [omNode-3-impl-thread1] INFO  raftlog.RaftLog (RaftLogBase.java:lambda$new$0(54)) - omNode-3@group-523986131536-SegmentedRaftLog: purgeIndex: updateToMax old=-1, new=102, updated? true
2025-04-23 04:28:14,142 [omNode-3-impl-thread1] INFO  server.RaftServer$Division (RaftServerImpl.java:start(391)) - omNode-3@group-523986131536: start as a follower, conf=conf: {index: 103, cur=peers:[omNode-3|localhost:15017, omNode-1|localhost:15009, omNode-2|localhost:15013]|listeners:[], old=null}
2025-04-23 04:28:14,142 [omNode-3-impl-thread1] INFO  server.RaftServer$Division (RaftServerImpl.java:setRole(378)) - omNode-3@group-523986131536: changes role from      null to FOLLOWER at term 9 for startAsFollower
2025-04-23 04:28:14,142 [omNode-3-impl-thread1] INFO  impl.RoleInfo (RoleInfo.java:updateAndGet(148)) - omNode-3: start omNode-3@group-523986131536-FollowerState
2025-04-23 04:28:14,142 [omNode-3@group-523986131536-FollowerState] INFO  server.RaftServerConfigKeys (ConfUtils.java:logFallback(53)) - raft.server.rpc.first-election.timeout.min = 1s (fallback to raft.server.rpc.timeout.min)
2025-04-23 04:28:14,142 [omNode-3-impl-thread1] INFO  util.JmxRegister (JmxRegister.java:tryRegister(44)) - Successfully registered JMX Bean with object name Ratis:service=RaftServer,group=group-523986131536,id=omNode-3
2025-04-23 04:28:14,142 [omNode-3-impl-thread1] INFO  util.JmxRegister (JmxRegister.java:register(58)) - register mxBean class org.apache.ratis.server.impl.RaftServerJmxAdapter as Ratis:service=RaftServer,group=group-523986131536,id=omNode-3
2025-04-23 04:28:14,142 [omNode-3@group-523986131536-FollowerState] INFO  server.RaftServerConfigKeys (ConfUtils.java:logFallback(53)) - raft.server.rpc.first-election.timeout.max = 1200ms (fallback to raft.server.rpc.timeout.max)
2025-04-23 04:28:14,142 [omNode-3-impl-thread1] INFO  server.RaftServerConfigKeys (ConfUtils.java:logGet(46)) - raft.server.snapshot.trigger-when-stop.enabled = true (default)
2025-04-23 04:28:14,142 [omNode-3-impl-thread1] INFO  server.RaftServerConfigKeys (ConfUtils.java:logGet(46)) - raft.server.snapshot.trigger-when-remove.enabled = true (default)
2025-04-23 04:28:14,143 [omNode-3-impl-thread1] INFO  server.RaftServerConfigKeys (ConfUtils.java:logGet(46)) - raft.server.snapshot.auto.trigger.enabled = true (custom)
2025-04-23 04:28:14,143 [omNode-3-impl-thread1] INFO  server.RaftServerConfigKeys (ConfUtils.java:logGet(46)) - raft.server.snapshot.auto.trigger.threshold = 50 (custom)
2025-04-23 04:28:14,143 [omNode-3-impl-thread1] INFO  server.RaftServerConfigKeys (ConfUtils.java:logGet(46)) - raft.server.snapshot.retention.file.num = -1 (default)
2025-04-23 04:28:14,143 [omNode-3-impl-thread1] INFO  server.RaftServerConfigKeys (ConfUtils.java:logGet(46)) - raft.server.log.purge.upto.snapshot.index = true (custom)
2025-04-23 04:28:14,143 [omNode-3-impl-thread1] INFO  server.RaftServer$Division (RaftServerImpl.java:start(405)) - omNode-3@group-523986131536: Successfully started.
2025-04-23 04:28:14,143 [main] INFO  server.RaftServer (RaftServerProxy.java:startImpl(407)) - omNode-3: start RPC server
2025-04-23 04:28:14,143 [main] INFO  server.GrpcService (GrpcService.java:startImpl(334)) - omNode-3: GrpcService started, listening on 15017
2025-04-23 04:28:14,144 [main] INFO  om.OzoneManager (OzoneManager.java:getRpcServer(1360)) - Creating RPC Server
2025-04-23 04:28:14,144 [JvmPauseMonitor23] INFO  util.JvmPauseMonitor (JvmPauseMonitor.java:run(146)) - JvmPauseMonitor-omNode-3: Started
2025-04-23 04:28:14,525 [main] INFO  reflections.Reflections (Reflections.java:scan(219)) - Reflections took 381 ms to scan 22 urls, producing 61 keys and 7422 values
2025-04-23 04:28:14,526 [main] INFO  ipc.CallQueueManager (CallQueueManager.java:<init>(93)) - Using callQueue: class java.util.concurrent.LinkedBlockingQueue, queueCapacity: 2000, scheduler: class org.apache.hadoop.ipc.DefaultRpcScheduler, ipcBackoff: false, ipcFailOver: false.
2025-04-23 04:28:14,526 [main] INFO  ipc.Server (Server.java:<init>(1438)) - Listener at localhost:15014
2025-04-23 04:28:14,527 [Socket Reader #1 for port 15014] INFO  ipc.Server (Server.java:run(1474)) - Starting Socket Reader #1 for port 15014
2025-04-23 04:28:14,527 [Socket Reader #2 for port 15014] INFO  ipc.Server (Server.java:run(1474)) - Starting Socket Reader #2 for port 15014
2025-04-23 04:28:14,527 [Socket Reader #3 for port 15014] INFO  ipc.Server (Server.java:run(1474)) - Starting Socket Reader #3 for port 15014
2025-04-23 04:28:14,527 [Socket Reader #4 for port 15014] INFO  ipc.Server (Server.java:run(1474)) - Starting Socket Reader #4 for port 15014
2025-04-23 04:28:14,527 [Socket Reader #5 for port 15014] INFO  ipc.Server (Server.java:run(1474)) - Starting Socket Reader #5 for port 15014
2025-04-23 04:28:14,528 [Socket Reader #6 for port 15014] INFO  ipc.Server (Server.java:run(1474)) - Starting Socket Reader #6 for port 15014
2025-04-23 04:28:14,528 [Socket Reader #7 for port 15014] INFO  ipc.Server (Server.java:run(1474)) - Starting Socket Reader #7 for port 15014
2025-04-23 04:28:14,528 [Socket Reader #8 for port 15014] INFO  ipc.Server (Server.java:run(1474)) - Starting Socket Reader #8 for port 15014
2025-04-23 04:28:14,528 [Socket Reader #9 for port 15014] INFO  ipc.Server (Server.java:run(1474)) - Starting Socket Reader #9 for port 15014
2025-04-23 04:28:14,528 [Socket Reader #10 for port 15014] INFO  ipc.Server (Server.java:run(1474)) - Starting Socket Reader #10 for port 15014
2025-04-23 04:28:14,530 [main] INFO  http.BaseHttpServer (BaseHttpServer.java:newHttpServer2BuilderForOzone(229)) - Starting Web-server for ozoneManager at: http://0.0.0.0:15015
2025-04-23 04:28:14,530 [main] INFO  http.BaseHttpServer (BaseHttpServer.java:<init>(107)) - Hadoop Security Enabled: false Ozone Security Enabled: false Ozone HTTP Security Enabled: false 
2025-04-23 04:28:14,531 [main] WARN  server.AuthenticationFilter (AuthenticationFilter.java:constructSecretProvider(240)) - Unable to initialize FileSignerSecretProvider, falling back to use random secrets. Reason: Could not read signature secret file: /home/runner/hadoop-http-auth-signature-secret
2025-04-23 04:28:14,533 [main] INFO  http.HttpServer2 (HttpServer2.java:addGlobalFilter(1041)) - Added global filter 'safety' (class=org.apache.hadoop.hdds.server.http.HttpServer2$QuotingInputFilter)
2025-04-23 04:28:14,533 [main] INFO  http.HttpServer2 (HttpServer2.java:addFilter(1017)) - Added filter static_user_filter (class=org.apache.hadoop.http.lib.StaticUserWebFilter$StaticUserFilter) to context ozoneManager
2025-04-23 04:28:14,533 [main] INFO  http.HttpServer2 (HttpServer2.java:addFilter(1025)) - Added filter static_user_filter (class=org.apache.hadoop.http.lib.StaticUserWebFilter$StaticUserFilter) to context logs
2025-04-23 04:28:14,533 [main] INFO  http.HttpServer2 (HttpServer2.java:addFilter(1025)) - Added filter static_user_filter (class=org.apache.hadoop.http.lib.StaticUserWebFilter$StaticUserFilter) to context static
2025-04-23 04:28:14,534 [main] INFO  http.BaseHttpServer (BaseHttpServer.java:<init>(195)) - HTTP server of ozoneManager uses base directory /home/runner/work/ozone/ozone/hadoop-ozone/integration-test/target/test-dir/MiniOzoneClusterImpl-ff59c164-3798-4a7f-a16d-eeed9ffb3244/omNode-3/webserver
2025-04-23 04:28:14,534 [main] INFO  http.HttpServer2 (HttpServer2.java:bindListener(1241)) - Jetty bound to port 15015
2025-04-23 04:28:14,534 [main] INFO  server.Server (Server.java:doStart(375)) - jetty-9.4.57.v20241219; built: 2025-01-08T21:24:30.412Z; git: df524e6b29271c2e09ba9aea83c18dc9db464a31; jvm 21.0.7+6-LTS
2025-04-23 04:28:14,535 [main] INFO  server.session (DefaultSessionIdManager.java:doStart(334)) - DefaultSessionIdManager workerName=node0
2025-04-23 04:28:14,535 [main] INFO  server.session (DefaultSessionIdManager.java:doStart(339)) - No SessionScavenger set, using defaults
2025-04-23 04:28:14,535 [main] INFO  server.session (HouseKeeper.java:startScavenging(132)) - node0 Scavenging every 600000ms
2025-04-23 04:28:14,536 [main] INFO  handler.ContextHandler (ContextHandler.java:doStart(921)) - Started o.e.j.s.ServletContextHandler@283eaaaa{logs,/logs,file:///home/runner/work/ozone/ozone/hadoop-ozone/integration-test/target/log,AVAILABLE}
2025-04-23 04:28:14,536 [main] INFO  handler.ContextHandler (ContextHandler.java:doStart(921)) - Started o.e.j.s.ServletContextHandler@51b2414{static,/static,file:///home/runner/work/ozone/ozone/hadoop-ozone/integration-test/target/test-classes/webapps/static,AVAILABLE}
2025-04-23 04:28:14,540 [main] INFO  handler.ContextHandler (ContextHandler.java:doStart(921)) - Started o.e.j.w.WebAppContext@27627749{ozoneManager,/,file:///home/runner/work/ozone/ozone/hadoop-ozone/integration-test/target/test-classes/webapps/ozoneManager/,AVAILABLE}{file:/home/runner/work/ozone/ozone/hadoop-ozone/integration-test/target/test-classes/webapps/ozoneManager}
2025-04-23 04:28:14,540 [main] INFO  server.AbstractConnector (AbstractConnector.java:doStart(333)) - Started ServerConnector@54176a75{HTTP/1.1, (http/1.1)}{0.0.0.0:15015}
2025-04-23 04:28:14,540 [main] INFO  server.Server (Server.java:doStart(415)) - Started @97959ms
2025-04-23 04:28:14,540 [main] WARN  impl.MetricsSystemImpl (MetricsSystemImpl.java:register(279)) - Sink prometheus already exists!
2025-04-23 04:28:14,541 [main] INFO  http.BaseHttpServer (BaseHttpServer.java:updateConnectorAddress(360)) - HTTP server of ozoneManager listening at http://0.0.0.0:15015
2025-04-23 04:28:14,541 [IPC Server Responder] INFO  ipc.Server (Server.java:run(1713)) - IPC Server Responder: starting
2025-04-23 04:28:14,541 [IPC Server listener on 15014] INFO  ipc.Server (Server.java:run(1553)) - IPC Server listener on 15014: starting
2025-04-23 04:28:14,543 [main] INFO  om.OzoneManager (OzoneManager.java:startTrashEmptier(2257)) - Trash Interval set to 0. Files deleted won't move to trash
2025-04-23 04:28:14,543 [main] INFO  om.OzoneManager (OzoneManager.java:restart(1878)) - OzoneManager RPC server is listening at localhost/127.0.0.1:15006
2025-04-23 04:28:14,543 [main] INFO  impl.MetricsSystemImpl (MetricsSystemImpl.java:init(158)) - OzoneManager metrics system started (again)
2025-04-23 04:28:14,554 [main] WARN  server.ServerUtils (ServerUtils.java:getDBPath(297)) - ozone.om.db.dirs is not configured. We recommend adding this setting. Falling back to ozone.metadata.dirs instead.
2025-04-23 04:28:14,596 [main] INFO  om.OzoneManager (OzoneManager.java:instantiateServices(933)) - S3 Multi-Tenancy is disabled
2025-04-23 04:28:14,596 [main] INFO  om.OmSnapshotManager (OmSnapshotManager.java:<init>(180)) - Ozone filesystem snapshot feature is enabled.
2025-04-23 04:28:14,597 [main] WARN  server.ServerUtils (ServerUtils.java:getDBPath(297)) - ozone.om.snapshot.diff.db.dir is not configured. We recommend adding this setting. Falling back to ozone.metadata.dirs instead.
2025-04-23 04:28:14,613 [main] WARN  dropwizard3.Dm3MetricRegistriesImpl (Dm3MetricRegistriesImpl.java:addReporterRegistration(114)) - New reporters are added after registries were created. Some metrics will be missing from the reporter. Please add reporter before adding any new registry.
2025-04-23 04:28:14,613 [main] WARN  dropwizard3.Dm3MetricRegistriesImpl (Dm3MetricRegistriesImpl.java:addReporterRegistration(114)) - New reporters are added after registries were created. Some metrics will be missing from the reporter. Please add reporter before adding any new registry.
2025-04-23 04:28:14,613 [main] WARN  server.ServerUtils (ServerUtils.java:getDefaultRatisDirectory(309)) - Storage directory for Ratis is not configured. It is a good idea to map this to an SSD disk. Falling back to ozone.metadata.dirs
2025-04-23 04:28:14,613 [main] INFO  server.RaftServerConfigKeys (ConfUtils.java:logGet(46)) - raft.server.log.appender.buffer.byte-limit = 4194304 (custom)
2025-04-23 04:28:14,614 [main] INFO  ratis.OzoneManagerRatisServer (OzoneManagerRatisServer.java:<init>(167)) - Instantiating OM Ratis server with groupID: om-service-test1 and peers: localhost:15009, localhost:15017, localhost:15013
2025-04-23 04:28:14,614 [main] INFO  ratis.OzoneManagerStateMachine (OzoneManagerStateMachine.java:loadSnapshotInfoFromDB(611)) - LastAppliedIndex is set from TransactionInfo from OM DB as (t:8, i:102)
2025-04-23 04:28:14,615 [main] INFO  server.RaftServer (ConfUtils.java:logGet(46)) - raft.rpc.type = GRPC (default)
2025-04-23 04:28:14,615 [main] INFO  grpc.GrpcConfigKeys (ConfUtils.java:logFallback(53)) - raft.grpc.admin.host = null (fallback to raft.grpc.server.host)
2025-04-23 04:28:14,615 [main] INFO  grpc.GrpcConfigKeys (ConfUtils.java:logFallback(53)) - raft.grpc.admin.port = 15009 (fallback to raft.grpc.server.port)
2025-04-23 04:28:14,615 [main] INFO  grpc.GrpcConfigKeys (ConfUtils.java:logFallback(53)) - raft.grpc.client.host = null (fallback to raft.grpc.server.host)
2025-04-23 04:28:14,615 [main] INFO  grpc.GrpcConfigKeys (ConfUtils.java:logFallback(53)) - raft.grpc.client.port = 15009 (fallback to raft.grpc.server.port)
2025-04-23 04:28:14,615 [main] INFO  grpc.GrpcConfigKeys (ConfUtils.java:logGet(46)) - raft.grpc.server.host = null (default)
2025-04-23 04:28:14,615 [main] INFO  grpc.GrpcConfigKeys (ConfUtils.java:logGet(46)) - raft.grpc.server.port = 15009 (custom)
2025-04-23 04:28:14,616 [main] INFO  server.GrpcService (ConfUtils.java:logGet(46)) - raft.grpc.message.size.max = 5242880 (custom)
2025-04-23 04:28:14,616 [main] INFO  server.GrpcService (ConfUtils.java:logGet(46)) - raft.grpc.flow.control.window = 1MB (=1048576) (default)
2025-04-23 04:28:14,616 [main] INFO  server.RaftServerConfigKeys (ConfUtils.java:logGet(46)) - raft.server.rpc.request.timeout = 3000ms (default)
2025-04-23 04:28:14,616 [main] INFO  grpc.GrpcConfigKeys (ConfUtils.java:logGet(46)) - raft.grpc.server.heartbeat.channel = true (default)
2025-04-23 04:28:14,616 [main] INFO  server.RaftServerConfigKeys (ConfUtils.java:logGet(46)) - raft.server.log.appender.buffer.byte-limit = 4194304 (custom)
2025-04-23 04:28:14,616 [main] INFO  grpc.GrpcConfigKeys (ConfUtils.java:logGet(46)) - raft.grpc.server.async.request.thread.pool.cached = true (default)
2025-04-23 04:28:14,616 [main] INFO  grpc.GrpcConfigKeys (ConfUtils.java:logGet(46)) - raft.grpc.server.async.request.thread.pool.size = 32 (default)
2025-04-23 04:28:14,617 [main] INFO  impl.DataStreamServerImpl (ConfUtils.java:logGet(46)) - raft.datastream.type = DISABLED (default)
2025-04-23 04:28:14,617 [main] INFO  server.RaftServerConfigKeys (ConfUtils.java:logGet(46)) - raft.server.sleep.deviation.threshold = 300ms (default)
2025-04-23 04:28:14,617 [main] INFO  server.RaftServerConfigKeys (ConfUtils.java:logGet(46)) - raft.server.close.threshold = 60s (default)
2025-04-23 04:28:14,617 [main] INFO  server.RaftServerConfigKeys (ConfUtils.java:logGet(46)) - raft.server.leaderelection.leader.step-down.wait-time = 10s (default)
2025-04-23 04:28:14,618 [main] INFO  server.RaftServerConfigKeys (ConfUtils.java:logGet(46)) - raft.server.storage.dir = [/home/runner/work/ozone/ozone/hadoop-ozone/integration-test/target/test-dir/MiniOzoneClusterImpl-ff59c164-3798-4a7f-a16d-eeed9ffb3244/omNode-1/ratis] (custom)
2025-04-23 04:28:14,618 [main] INFO  server.RaftServerConfigKeys (ConfUtils.java:logGet(46)) - raft.server.threadpool.proxy.cached = true (default)
2025-04-23 04:28:14,618 [main] INFO  server.RaftServerConfigKeys (ConfUtils.java:logGet(46)) - raft.server.threadpool.proxy.size = 0 (default)
2025-04-23 04:28:14,618 [omNode-1-impl-thread1] INFO  server.RaftServer (RaftServerProxy.java:initGroupDir(265)) - omNode-1: found a subdirectory /home/runner/work/ozone/ozone/hadoop-ozone/integration-test/target/test-dir/MiniOzoneClusterImpl-ff59c164-3798-4a7f-a16d-eeed9ffb3244/omNode-1/ratis/c9bc4cf4-3bc3-3c60-a66b-523986131536
2025-04-23 04:28:14,618 [main] INFO  server.RaftServer (RaftServerProxy.java:addNew(100)) - omNode-1: addNew group-523986131536:[omNode-3|localhost:15017, omNode-1|localhost:15009, omNode-2|localhost:15013] returns group-523986131536:java.util.concurrent.CompletableFuture@729bcae0[Not completed]
2025-04-23 04:28:14,619 [main] INFO  om.OzoneManager (OzoneManager.java:initializeRatisServer(2303)) - OzoneManager Ratis server initialized at port 15009
2025-04-23 04:28:14,619 [main] INFO  ratis.OzoneManagerRatisServer (OzoneManagerRatisServer.java:start(628)) - Starting OzoneManagerRatisServer omNode-1 at port 15009
2025-04-23 04:28:14,618 [omNode-1-groupManagement] INFO  server.RaftServer$Division (RaftServerImpl.java:<init>(255)) - omNode-1: new RaftServerImpl for group-523986131536:[omNode-3|localhost:15017, omNode-1|localhost:15009, omNode-2|localhost:15013] with OzoneManagerStateMachine:uninitialized
2025-04-23 04:28:14,619 [omNode-1-groupManagement] INFO  server.RaftServerConfigKeys (ConfUtils.java:logGet(46)) - raft.server.rpc.timeout.min = 1s (custom)
2025-04-23 04:28:14,619 [omNode-1-groupManagement] INFO  server.RaftServerConfigKeys (ConfUtils.java:logGet(46)) - raft.server.rpc.timeout.max = 1200ms (custom)
2025-04-23 04:28:14,619 [omNode-1-groupManagement] INFO  server.RaftServerConfigKeys (ConfUtils.java:logGet(46)) - raft.server.rpc.sleep.time = 25ms (default)
2025-04-23 04:28:14,619 [omNode-1-groupManagement] INFO  server.RaftServerConfigKeys (ConfUtils.java:logGet(46)) - raft.server.rpc.slowness.timeout = 2s (custom)
2025-04-23 04:28:14,619 [omNode-1-groupManagement] INFO  server.RaftServerConfigKeys (ConfUtils.java:logGet(46)) - raft.server.leaderelection.leader.step-down.wait-time = 10s (default)
2025-04-23 04:28:14,619 [omNode-1-groupManagement] INFO  server.RaftServerConfigKeys (ConfUtils.java:logGet(46)) - raft.server.leaderelection.member.majority-add = false (default)
2025-04-23 04:28:14,619 [omNode-1-groupManagement] INFO  server.RaftServerConfigKeys (ConfUtils.java:logGet(46)) - raft.server.sleep.deviation.threshold = 300ms (default)
2025-04-23 04:28:14,619 [omNode-1-groupManagement] INFO  server.RaftServer$Division (ServerState.java:<init>(114)) - omNode-1@group-523986131536: ConfigurationManager, init=conf: {index: -1, cur=peers:[omNode-3|localhost:15017, omNode-1|localhost:15009, omNode-2|localhost:15013]|listeners:[], old=null}, confs=<EMPTY_MAP>
2025-04-23 04:28:14,619 [omNode-1-groupManagement] INFO  server.RaftServerConfigKeys (ConfUtils.java:logGet(46)) - raft.server.notification.no-leader.timeout = 2s (custom)
2025-04-23 04:28:14,619 [omNode-1-groupManagement] INFO  server.RaftServerConfigKeys (ConfUtils.java:logGet(46)) - raft.server.read.timeout = 10s (default)
2025-04-23 04:28:14,619 [omNode-1-groupManagement] INFO  server.RaftServerConfigKeys (ConfUtils.java:logGet(46)) - raft.server.retrycache.expirytime = 30000ms (custom)
2025-04-23 04:28:14,619 [omNode-1-groupManagement] INFO  server.RaftServerConfigKeys (ConfUtils.java:logGet(46)) - raft.server.retrycache.statistics.expirytime = 100ms (default)
2025-04-23 04:28:14,619 [omNode-1-groupManagement] INFO  server.RaftServerConfigKeys (ConfUtils.java:logGet(46)) - raft.server.read.option = DEFAULT (default)
2025-04-23 04:28:14,619 [omNode-1-groupManagement] INFO  server.RaftServerConfigKeys (ConfUtils.java:logGet(46)) - raft.server.read.read-after-write-consistent.write-index-cache.expiry-time = 60s (default)
2025-04-23 04:28:14,622 [omNode-1-groupManagement] INFO  server.RaftServerConfigKeys (ConfUtils.java:logGet(46)) - raft.server.rpc.request.timeout = 3000ms (default)
2025-04-23 04:28:14,622 [omNode-1-groupManagement] INFO  server.RaftServerConfigKeys (ConfUtils.java:logGet(46)) - raft.server.log.appender.install.snapshot.enabled = false (custom)
2025-04-23 04:28:14,622 [omNode-1-groupManagement] INFO  server.RaftServerConfigKeys (ConfUtils.java:logGet(46)) - raft.server.threadpool.server.cached = true (default)
2025-04-23 04:28:14,622 [omNode-1-groupManagement] INFO  server.RaftServerConfigKeys (ConfUtils.java:logGet(46)) - raft.server.threadpool.server.size = 0 (default)
2025-04-23 04:28:14,622 [omNode-1-groupManagement] INFO  server.RaftServerConfigKeys (ConfUtils.java:logGet(46)) - raft.server.threadpool.client.cached = true (default)
2025-04-23 04:28:14,622 [omNode-1-groupManagement] INFO  server.RaftServerConfigKeys (ConfUtils.java:logGet(46)) - raft.server.threadpool.client.size = 0 (default)
2025-04-23 04:28:14,622 [omNode-1-impl-thread1] INFO  server.RaftServerConfigKeys (ConfUtils.java:logGet(46)) - raft.server.storage.free-space.min = 0MB (=0) (default)
2025-04-23 04:28:14,623 [omNode-1-impl-thread1] INFO  server.RaftServerConfigKeys (ConfUtils.java:logGet(46)) - raft.server.log.corruption.policy = EXCEPTION (default)
2025-04-23 04:28:14,623 [omNode-1-impl-thread1] INFO  server.RaftServerConfigKeys (ConfUtils.java:logGet(46)) - raft.server.storage.dir = [/home/runner/work/ozone/ozone/hadoop-ozone/integration-test/target/test-dir/MiniOzoneClusterImpl-ff59c164-3798-4a7f-a16d-eeed9ffb3244/omNode-1/ratis] (custom)
2025-04-23 04:28:14,624 [omNode-1-impl-thread1] INFO  storage.RaftStorageDirectory (RaftStorageDirectoryImpl.java:tryLock(229)) - Lock on /home/runner/work/ozone/ozone/hadoop-ozone/integration-test/target/test-dir/MiniOzoneClusterImpl-ff59c164-3798-4a7f-a16d-eeed9ffb3244/omNode-1/ratis/c9bc4cf4-3bc3-3c60-a66b-523986131536/in_use.lock acquired by nodename 129558@fv-az1441-587
2025-04-23 04:28:14,624 [omNode-1-impl-thread1] INFO  storage.RaftStorage (RaftStorageImpl.java:analyzeAndRecoverStorage(118)) - Read RaftStorageMetadata{term=8, votedFor=omNode-1} from /home/runner/work/ozone/ozone/hadoop-ozone/integration-test/target/test-dir/MiniOzoneClusterImpl-ff59c164-3798-4a7f-a16d-eeed9ffb3244/omNode-1/ratis/c9bc4cf4-3bc3-3c60-a66b-523986131536/current/raft-meta
2025-04-23 04:28:14,625 [omNode-1-impl-thread1] INFO  server.RaftServer$Division (ServerState.java:setRaftConf(386)) - omNode-1@group-523986131536: set configuration conf: {index: 77, cur=peers:[omNode-3|localhost:15017, omNode-1|localhost:15009, omNode-2|localhost:15013]|listeners:[], old=null}
2025-04-23 04:28:14,625 [omNode-1-impl-thread1] INFO  ratis.OzoneManagerStateMachine (OzoneManagerStateMachine.java:lambda$0(138)) - omNode-1: initialize group-523986131536 with (t:8, i:102)
2025-04-23 04:28:14,625 [omNode-1-impl-thread1] INFO  server.RaftServerConfigKeys (ConfUtils.java:logGet(46)) - raft.server.log.use.memory = false (default)
2025-04-23 04:28:14,625 [omNode-1-impl-thread1] INFO  server.RaftServerConfigKeys (ConfUtils.java:logGet(46)) - raft.server.log.purge.gap = 50 (custom)
2025-04-23 04:28:14,625 [omNode-1-impl-thread1] INFO  server.RaftServerConfigKeys (ConfUtils.java:logGet(46)) - raft.server.log.appender.buffer.byte-limit = 4194304 (custom)
2025-04-23 04:28:14,625 [omNode-1-impl-thread1] INFO  server.RaftServerConfigKeys (ConfUtils.java:logGet(46)) - raft.server.log.statemachine.data.read.timeout = 1000ms (default)
2025-04-23 04:28:14,625 [omNode-1-impl-thread1] INFO  server.RaftServerConfigKeys (ConfUtils.java:logGet(46)) - raft.server.log.purge.preservation.log.num = 0 (default)
2025-04-23 04:28:14,626 [omNode-1-impl-thread1] INFO  server.RaftServerConfigKeys (ConfUtils.java:logGet(46)) - raft.server.log.segment.size.max = 4194304 (custom)
2025-04-23 04:28:14,627 [omNode-1-impl-thread1] INFO  server.RaftServerConfigKeys (ConfUtils.java:logGet(46)) - raft.server.log.segment.cache.num.max = 2 (custom)
2025-04-23 04:28:14,627 [omNode-1-impl-thread1] INFO  server.RaftServerConfigKeys (ConfUtils.java:logGet(46)) - raft.server.log.segment.cache.size.max = 200MB (=209715200) (default)
2025-04-23 04:28:14,627 [omNode-1-impl-thread1] INFO  server.RaftServerConfigKeys (ConfUtils.java:logGet(46)) - raft.server.log.appender.buffer.byte-limit = 4194304 (custom)
2025-04-23 04:28:14,627 [omNode-1-impl-thread1] INFO  util.AwaitToRun (AwaitToRun.java:start(81)) - Thread[#4114,omNode-1@group-523986131536-cacheEviction-AwaitToRun,5,main] started
2025-04-23 04:28:14,627 [omNode-1-impl-thread1] INFO  segmented.SegmentedRaftLogWorker (SegmentedRaftLogWorker.java:<init>(188)) - new omNode-1@group-523986131536-SegmentedRaftLogWorker for RaftStorageImpl:Storage Directory /home/runner/work/ozone/ozone/hadoop-ozone/integration-test/target/test-dir/MiniOzoneClusterImpl-ff59c164-3798-4a7f-a16d-eeed9ffb3244/omNode-1/ratis/c9bc4cf4-3bc3-3c60-a66b-523986131536
2025-04-23 04:28:14,627 [omNode-1-impl-thread1] INFO  server.RaftServerConfigKeys (ConfUtils.java:logGet(46)) - raft.server.log.queue.byte-limit = 64MB (=67108864) (default)
2025-04-23 04:28:14,627 [omNode-1-impl-thread1] INFO  server.RaftServerConfigKeys (ConfUtils.java:logGet(46)) - raft.server.log.queue.element-limit = 4096 (default)
2025-04-23 04:28:14,627 [omNode-1-impl-thread1] INFO  server.RaftServerConfigKeys (ConfUtils.java:logGet(46)) - raft.server.log.segment.size.max = 4194304 (custom)
2025-04-23 04:28:14,627 [omNode-1-impl-thread1] INFO  server.RaftServerConfigKeys (ConfUtils.java:logGet(46)) - raft.server.log.preallocated.size = 4194304 (custom)
2025-04-23 04:28:14,627 [omNode-1-impl-thread1] INFO  server.RaftServerConfigKeys (ConfUtils.java:logGet(46)) - raft.server.log.force.sync.num = 128 (default)
2025-04-23 04:28:14,627 [omNode-1-impl-thread1] INFO  server.RaftServerConfigKeys (ConfUtils.java:logGet(46)) - raft.server.log.statemachine.data.sync = true (default)
2025-04-23 04:28:14,627 [omNode-1-impl-thread1] INFO  server.RaftServerConfigKeys (ConfUtils.java:logGet(46)) - raft.server.log.statemachine.data.sync.timeout = 10s (default)
2025-04-23 04:28:14,627 [omNode-1-impl-thread1] INFO  server.RaftServerConfigKeys (ConfUtils.java:logGet(46)) - raft.server.log.statemachine.data.sync.timeout.retry = -1 (default)
2025-04-23 04:28:14,628 [omNode-1-impl-thread1] INFO  server.RaftServerConfigKeys (ConfUtils.java:logGet(46)) - raft.server.log.write.buffer.size = 4194312 (custom)
2025-04-23 04:28:14,628 [omNode-1-impl-thread1] INFO  server.RaftServerConfigKeys (ConfUtils.java:logGet(46)) - raft.server.log.appender.buffer.byte-limit = 4194304 (custom)
2025-04-23 04:28:14,628 [omNode-1-impl-thread1] INFO  server.RaftServerConfigKeys (ConfUtils.java:logGet(46)) - raft.server.log.unsafe-flush.enabled = false (default)
2025-04-23 04:28:14,628 [omNode-1-impl-thread1] INFO  server.RaftServerConfigKeys (ConfUtils.java:logGet(46)) - raft.server.log.async-flush.enabled = false (default)
2025-04-23 04:28:14,628 [omNode-1-impl-thread1] INFO  server.RaftServerConfigKeys (ConfUtils.java:logGet(46)) - raft.server.log.statemachine.data.caching.enabled = false (default)
2025-04-23 04:28:14,629 [omNode-1-impl-thread1] INFO  server.RaftServer$Division (ServerState.java:setRaftConf(386)) - omNode-1@group-523986131536: set configuration conf: {index: 77, cur=peers:[omNode-3|localhost:15017, omNode-1|localhost:15009, omNode-2|localhost:15013]|listeners:[], old=null}
2025-04-23 04:28:14,629 [omNode-1-impl-thread1] INFO  segmented.LogSegment (LogSegment.java:loadSegment(171)) - Successfully read 26 entries from segment file /home/runner/work/ozone/ozone/hadoop-ozone/integration-test/target/test-dir/MiniOzoneClusterImpl-ff59c164-3798-4a7f-a16d-eeed9ffb3244/omNode-1/ratis/c9bc4cf4-3bc3-3c60-a66b-523986131536/current/log_inprogress_77
2025-04-23 04:28:14,629 [omNode-1-impl-thread1] INFO  segmented.SegmentedRaftLogWorker (SegmentedRaftLogWorker.java:lambda$new$0(139)) - omNode-1@group-523986131536-SegmentedRaftLogWorker: flushIndex: setUnconditionally 0 -> 102
2025-04-23 04:28:14,629 [omNode-1-impl-thread1] INFO  segmented.SegmentedRaftLogWorker (SegmentedRaftLogWorker.java:lambda$new$0(139)) - omNode-1@group-523986131536-SegmentedRaftLogWorker: safeCacheEvictIndex: setUnconditionally 0 -> -1
2025-04-23 04:28:14,629 [omNode-1-impl-thread1] INFO  segmented.BufferedWriteChannel (BufferedWriteChannel.java:open(61)) - open log_inprogress_77 (append) at position 6362
2025-04-23 04:28:14,629 [omNode-1-impl-thread1] INFO  raftlog.RaftLog (RaftLogBase.java:lambda$new$0(54)) - omNode-1@group-523986131536-SegmentedRaftLog: purgeIndex: updateToMax old=-1, new=76, updated? true
2025-04-23 04:28:14,630 [omNode-1-impl-thread1] INFO  server.RaftServer$Division (RaftServerImpl.java:start(391)) - omNode-1@group-523986131536: start as a follower, conf=conf: {index: 77, cur=peers:[omNode-3|localhost:15017, omNode-1|localhost:15009, omNode-2|localhost:15013]|listeners:[], old=null}
2025-04-23 04:28:14,630 [omNode-1-impl-thread1] INFO  server.RaftServer$Division (RaftServerImpl.java:setRole(378)) - omNode-1@group-523986131536: changes role from      null to FOLLOWER at term 8 for startAsFollower
2025-04-23 04:28:14,630 [omNode-1-impl-thread1] INFO  impl.RoleInfo (RoleInfo.java:updateAndGet(148)) - omNode-1: start omNode-1@group-523986131536-FollowerState
2025-04-23 04:28:14,630 [omNode-1@group-523986131536-FollowerState] INFO  server.RaftServerConfigKeys (ConfUtils.java:logFallback(53)) - raft.server.rpc.first-election.timeout.min = 1s (fallback to raft.server.rpc.timeout.min)
2025-04-23 04:28:14,630 [omNode-1@group-523986131536-FollowerState] INFO  server.RaftServerConfigKeys (ConfUtils.java:logFallback(53)) - raft.server.rpc.first-election.timeout.max = 1200ms (fallback to raft.server.rpc.timeout.max)
2025-04-23 04:28:14,630 [omNode-1-impl-thread1] INFO  util.JmxRegister (JmxRegister.java:tryRegister(44)) - Successfully registered JMX Bean with object name Ratis:service=RaftServer,group=group-523986131536,id=omNode-1
2025-04-23 04:28:14,630 [omNode-1-impl-thread1] INFO  util.JmxRegister (JmxRegister.java:register(58)) - register mxBean class org.apache.ratis.server.impl.RaftServerJmxAdapter as Ratis:service=RaftServer,group=group-523986131536,id=omNode-1
2025-04-23 04:28:14,630 [omNode-1-impl-thread1] INFO  server.RaftServerConfigKeys (ConfUtils.java:logGet(46)) - raft.server.snapshot.trigger-when-stop.enabled = true (default)
2025-04-23 04:28:14,630 [omNode-1-impl-thread1] INFO  server.RaftServerConfigKeys (ConfUtils.java:logGet(46)) - raft.server.snapshot.trigger-when-remove.enabled = true (default)
2025-04-23 04:28:14,630 [omNode-1-impl-thread1] INFO  server.RaftServerConfigKeys (ConfUtils.java:logGet(46)) - raft.server.snapshot.auto.trigger.enabled = true (custom)
2025-04-23 04:28:14,630 [omNode-1-impl-thread1] INFO  server.RaftServerConfigKeys (ConfUtils.java:logGet(46)) - raft.server.snapshot.auto.trigger.threshold = 50 (custom)
2025-04-23 04:28:14,630 [omNode-1-impl-thread1] INFO  server.RaftServerConfigKeys (ConfUtils.java:logGet(46)) - raft.server.snapshot.retention.file.num = -1 (default)
2025-04-23 04:28:14,631 [omNode-1-impl-thread1] INFO  server.RaftServerConfigKeys (ConfUtils.java:logGet(46)) - raft.server.log.purge.upto.snapshot.index = true (custom)
2025-04-23 04:28:14,631 [omNode-1-impl-thread1] INFO  server.RaftServer$Division (RaftServerImpl.java:start(405)) - omNode-1@group-523986131536: Successfully started.
2025-04-23 04:28:14,631 [main] INFO  server.RaftServer (RaftServerProxy.java:startImpl(407)) - omNode-1: start RPC server
2025-04-23 04:28:14,632 [main] INFO  server.GrpcService (GrpcService.java:startImpl(334)) - omNode-1: GrpcService started, listening on 15009
2025-04-23 04:28:14,632 [main] INFO  om.OzoneManager (OzoneManager.java:getRpcServer(1360)) - Creating RPC Server
2025-04-23 04:28:14,632 [JvmPauseMonitor24] INFO  util.JvmPauseMonitor (JvmPauseMonitor.java:run(146)) - JvmPauseMonitor-omNode-1: Started
2025-04-23 04:28:14,961 [main] INFO  reflections.Reflections (Reflections.java:scan(219)) - Reflections took 329 ms to scan 22 urls, producing 61 keys and 7422 values
2025-04-23 04:28:14,963 [main] INFO  ipc.CallQueueManager (CallQueueManager.java:<init>(93)) - Using callQueue: class java.util.concurrent.LinkedBlockingQueue, queueCapacity: 2000, scheduler: class org.apache.hadoop.ipc.DefaultRpcScheduler, ipcBackoff: false, ipcFailOver: false.
2025-04-23 04:28:14,963 [main] INFO  ipc.Server (Server.java:<init>(1438)) - Listener at localhost:15006
2025-04-23 04:28:14,963 [Socket Reader #1 for port 15006] INFO  ipc.Server (Server.java:run(1474)) - Starting Socket Reader #1 for port 15006
2025-04-23 04:28:14,963 [Socket Reader #2 for port 15006] INFO  ipc.Server (Server.java:run(1474)) - Starting Socket Reader #2 for port 15006
2025-04-23 04:28:14,963 [Socket Reader #3 for port 15006] INFO  ipc.Server (Server.java:run(1474)) - Starting Socket Reader #3 for port 15006
2025-04-23 04:28:14,964 [Socket Reader #4 for port 15006] INFO  ipc.Server (Server.java:run(1474)) - Starting Socket Reader #4 for port 15006
2025-04-23 04:28:14,964 [Socket Reader #5 for port 15006] INFO  ipc.Server (Server.java:run(1474)) - Starting Socket Reader #5 for port 15006
2025-04-23 04:28:14,964 [Socket Reader #6 for port 15006] INFO  ipc.Server (Server.java:run(1474)) - Starting Socket Reader #6 for port 15006
2025-04-23 04:28:14,964 [Socket Reader #7 for port 15006] INFO  ipc.Server (Server.java:run(1474)) - Starting Socket Reader #7 for port 15006
2025-04-23 04:28:14,969 [Socket Reader #8 for port 15006] INFO  ipc.Server (Server.java:run(1474)) - Starting Socket Reader #8 for port 15006
2025-04-23 04:28:14,969 [Socket Reader #9 for port 15006] INFO  ipc.Server (Server.java:run(1474)) - Starting Socket Reader #9 for port 15006
2025-04-23 04:28:14,969 [Socket Reader #10 for port 15006] INFO  ipc.Server (Server.java:run(1474)) - Starting Socket Reader #10 for port 15006
2025-04-23 04:28:14,971 [main] INFO  http.BaseHttpServer (BaseHttpServer.java:newHttpServer2BuilderForOzone(229)) - Starting Web-server for ozoneManager at: http://0.0.0.0:15007
2025-04-23 04:28:14,971 [main] INFO  http.BaseHttpServer (BaseHttpServer.java:<init>(107)) - Hadoop Security Enabled: false Ozone Security Enabled: false Ozone HTTP Security Enabled: false 
2025-04-23 04:28:14,972 [main] WARN  server.AuthenticationFilter (AuthenticationFilter.java:constructSecretProvider(240)) - Unable to initialize FileSignerSecretProvider, falling back to use random secrets. Reason: Could not read signature secret file: /home/runner/hadoop-http-auth-signature-secret
2025-04-23 04:28:14,974 [main] INFO  http.HttpServer2 (HttpServer2.java:addGlobalFilter(1041)) - Added global filter 'safety' (class=org.apache.hadoop.hdds.server.http.HttpServer2$QuotingInputFilter)
2025-04-23 04:28:14,974 [main] INFO  http.HttpServer2 (HttpServer2.java:addFilter(1017)) - Added filter static_user_filter (class=org.apache.hadoop.http.lib.StaticUserWebFilter$StaticUserFilter) to context ozoneManager
2025-04-23 04:28:14,974 [main] INFO  http.HttpServer2 (HttpServer2.java:addFilter(1025)) - Added filter static_user_filter (class=org.apache.hadoop.http.lib.StaticUserWebFilter$StaticUserFilter) to context logs
2025-04-23 04:28:14,974 [main] INFO  http.HttpServer2 (HttpServer2.java:addFilter(1025)) - Added filter static_user_filter (class=org.apache.hadoop.http.lib.StaticUserWebFilter$StaticUserFilter) to context static
2025-04-23 04:28:14,975 [main] INFO  http.BaseHttpServer (BaseHttpServer.java:<init>(195)) - HTTP server of ozoneManager uses base directory /home/runner/work/ozone/ozone/hadoop-ozone/integration-test/target/test-dir/MiniOzoneClusterImpl-ff59c164-3798-4a7f-a16d-eeed9ffb3244/omNode-1/webserver
2025-04-23 04:28:14,975 [main] INFO  http.HttpServer2 (HttpServer2.java:bindListener(1241)) - Jetty bound to port 15007
2025-04-23 04:28:14,975 [main] INFO  server.Server (Server.java:doStart(375)) - jetty-9.4.57.v20241219; built: 2025-01-08T21:24:30.412Z; git: df524e6b29271c2e09ba9aea83c18dc9db464a31; jvm 21.0.7+6-LTS
2025-04-23 04:28:14,976 [main] INFO  server.session (DefaultSessionIdManager.java:doStart(334)) - DefaultSessionIdManager workerName=node0
2025-04-23 04:28:14,977 [main] INFO  server.session (DefaultSessionIdManager.java:doStart(339)) - No SessionScavenger set, using defaults
2025-04-23 04:28:14,977 [main] INFO  server.session (HouseKeeper.java:startScavenging(132)) - node0 Scavenging every 600000ms
2025-04-23 04:28:14,977 [main] INFO  handler.ContextHandler (ContextHandler.java:doStart(921)) - Started o.e.j.s.ServletContextHandler@5ed8a66b{logs,/logs,file:///home/runner/work/ozone/ozone/hadoop-ozone/integration-test/target/log,AVAILABLE}
2025-04-23 04:28:14,978 [main] INFO  handler.ContextHandler (ContextHandler.java:doStart(921)) - Started o.e.j.s.ServletContextHandler@7fbf5074{static,/static,file:///home/runner/work/ozone/ozone/hadoop-ozone/integration-test/target/test-classes/webapps/static,AVAILABLE}
2025-04-23 04:28:14,981 [main] INFO  handler.ContextHandler (ContextHandler.java:doStart(921)) - Started o.e.j.w.WebAppContext@5cfb0b37{ozoneManager,/,file:///home/runner/work/ozone/ozone/hadoop-ozone/integration-test/target/test-classes/webapps/ozoneManager/,AVAILABLE}{file:/home/runner/work/ozone/ozone/hadoop-ozone/integration-test/target/test-classes/webapps/ozoneManager}
2025-04-23 04:28:14,982 [main] INFO  server.AbstractConnector (AbstractConnector.java:doStart(333)) - Started ServerConnector@3ad71830{HTTP/1.1, (http/1.1)}{0.0.0.0:15007}
2025-04-23 04:28:14,982 [main] INFO  server.Server (Server.java:doStart(415)) - Started @98400ms
2025-04-23 04:28:14,982 [main] WARN  impl.MetricsSystemImpl (MetricsSystemImpl.java:register(279)) - Sink prometheus already exists!
2025-04-23 04:28:14,982 [main] INFO  http.BaseHttpServer (BaseHttpServer.java:updateConnectorAddress(360)) - HTTP server of ozoneManager listening at http://0.0.0.0:15007
2025-04-23 04:28:14,982 [IPC Server Responder] INFO  ipc.Server (Server.java:run(1713)) - IPC Server Responder: starting
2025-04-23 04:28:14,983 [IPC Server listener on 15006] INFO  ipc.Server (Server.java:run(1553)) - IPC Server listener on 15006: starting
2025-04-23 04:28:14,984 [main] INFO  om.OzoneManager (OzoneManager.java:startTrashEmptier(2257)) - Trash Interval set to 0. Files deleted won't move to trash
2025-04-23 04:28:14,985 [main] INFO  om.OzoneManager (OzoneManager.java:restart(1878)) - OzoneManager RPC server is listening at localhost/127.0.0.1:15010
2025-04-23 04:28:14,985 [main] INFO  impl.MetricsSystemImpl (MetricsSystemImpl.java:init(158)) - OzoneManager metrics system started (again)
2025-04-23 04:28:14,994 [main] WARN  server.ServerUtils (ServerUtils.java:getDBPath(297)) - ozone.om.db.dirs is not configured. We recommend adding this setting. Falling back to ozone.metadata.dirs instead.
2025-04-23 04:28:15,034 [main] INFO  om.OzoneManager (OzoneManager.java:instantiateServices(933)) - S3 Multi-Tenancy is disabled
2025-04-23 04:28:15,034 [main] INFO  om.OmSnapshotManager (OmSnapshotManager.java:<init>(180)) - Ozone filesystem snapshot feature is enabled.
2025-04-23 04:28:15,035 [main] WARN  server.ServerUtils (ServerUtils.java:getDBPath(297)) - ozone.om.snapshot.diff.db.dir is not configured. We recommend adding this setting. Falling back to ozone.metadata.dirs instead.
2025-04-23 04:28:15,050 [main] WARN  dropwizard3.Dm3MetricRegistriesImpl (Dm3MetricRegistriesImpl.java:addReporterRegistration(114)) - New reporters are added after registries were created. Some metrics will be missing from the reporter. Please add reporter before adding any new registry.
2025-04-23 04:28:15,050 [main] WARN  dropwizard3.Dm3MetricRegistriesImpl (Dm3MetricRegistriesImpl.java:addReporterRegistration(114)) - New reporters are added after registries were created. Some metrics will be missing from the reporter. Please add reporter before adding any new registry.
2025-04-23 04:28:15,050 [main] WARN  server.ServerUtils (ServerUtils.java:getDefaultRatisDirectory(309)) - Storage directory for Ratis is not configured. It is a good idea to map this to an SSD disk. Falling back to ozone.metadata.dirs
2025-04-23 04:28:15,050 [main] INFO  server.RaftServerConfigKeys (ConfUtils.java:logGet(46)) - raft.server.log.appender.buffer.byte-limit = 4194304 (custom)
2025-04-23 04:28:15,051 [main] INFO  ratis.OzoneManagerRatisServer (OzoneManagerRatisServer.java:<init>(167)) - Instantiating OM Ratis server with groupID: om-service-test1 and peers: localhost:15013, localhost:15017, localhost:15009
2025-04-23 04:28:15,051 [main] INFO  ratis.OzoneManagerStateMachine (OzoneManagerStateMachine.java:loadSnapshotInfoFromDB(611)) - LastAppliedIndex is set from TransactionInfo from OM DB as (t:9, i:104)
2025-04-23 04:28:15,052 [main] INFO  server.RaftServer (ConfUtils.java:logGet(46)) - raft.rpc.type = GRPC (default)
2025-04-23 04:28:15,052 [main] INFO  grpc.GrpcConfigKeys (ConfUtils.java:logFallback(53)) - raft.grpc.admin.host = null (fallback to raft.grpc.server.host)
2025-04-23 04:28:15,052 [main] INFO  grpc.GrpcConfigKeys (ConfUtils.java:logFallback(53)) - raft.grpc.admin.port = 15013 (fallback to raft.grpc.server.port)
2025-04-23 04:28:15,052 [main] INFO  grpc.GrpcConfigKeys (ConfUtils.java:logFallback(53)) - raft.grpc.client.host = null (fallback to raft.grpc.server.host)
2025-04-23 04:28:15,052 [main] INFO  grpc.GrpcConfigKeys (ConfUtils.java:logFallback(53)) - raft.grpc.client.port = 15013 (fallback to raft.grpc.server.port)
2025-04-23 04:28:15,052 [main] INFO  grpc.GrpcConfigKeys (ConfUtils.java:logGet(46)) - raft.grpc.server.host = null (default)
2025-04-23 04:28:15,052 [main] INFO  grpc.GrpcConfigKeys (ConfUtils.java:logGet(46)) - raft.grpc.server.port = 15013 (custom)
2025-04-23 04:28:15,052 [main] INFO  server.GrpcService (ConfUtils.java:logGet(46)) - raft.grpc.message.size.max = 5242880 (custom)
2025-04-23 04:28:15,053 [main] INFO  server.GrpcService (ConfUtils.java:logGet(46)) - raft.grpc.flow.control.window = 1MB (=1048576) (default)
2025-04-23 04:28:15,053 [main] INFO  server.RaftServerConfigKeys (ConfUtils.java:logGet(46)) - raft.server.rpc.request.timeout = 3000ms (default)
2025-04-23 04:28:15,053 [main] INFO  grpc.GrpcConfigKeys (ConfUtils.java:logGet(46)) - raft.grpc.server.heartbeat.channel = true (default)
2025-04-23 04:28:15,053 [main] INFO  server.RaftServerConfigKeys (ConfUtils.java:logGet(46)) - raft.server.log.appender.buffer.byte-limit = 4194304 (custom)
2025-04-23 04:28:15,053 [main] INFO  grpc.GrpcConfigKeys (ConfUtils.java:logGet(46)) - raft.grpc.server.async.request.thread.pool.cached = true (default)
2025-04-23 04:28:15,053 [main] INFO  grpc.GrpcConfigKeys (ConfUtils.java:logGet(46)) - raft.grpc.server.async.request.thread.pool.size = 32 (default)
2025-04-23 04:28:15,054 [main] INFO  impl.DataStreamServerImpl (ConfUtils.java:logGet(46)) - raft.datastream.type = DISABLED (default)
2025-04-23 04:28:15,054 [main] INFO  server.RaftServerConfigKeys (ConfUtils.java:logGet(46)) - raft.server.sleep.deviation.threshold = 300ms (default)
2025-04-23 04:28:15,054 [main] INFO  server.RaftServerConfigKeys (ConfUtils.java:logGet(46)) - raft.server.close.threshold = 60s (default)
2025-04-23 04:28:15,054 [main] INFO  server.RaftServerConfigKeys (ConfUtils.java:logGet(46)) - raft.server.leaderelection.leader.step-down.wait-time = 10s (default)
2025-04-23 04:28:15,054 [main] INFO  server.RaftServerConfigKeys (ConfUtils.java:logGet(46)) - raft.server.storage.dir = [/home/runner/work/ozone/ozone/hadoop-ozone/integration-test/target/test-dir/MiniOzoneClusterImpl-ff59c164-3798-4a7f-a16d-eeed9ffb3244/omNode-2/ratis] (custom)
2025-04-23 04:28:15,054 [main] INFO  server.RaftServerConfigKeys (ConfUtils.java:logGet(46)) - raft.server.threadpool.proxy.cached = true (default)
2025-04-23 04:28:15,055 [main] INFO  server.RaftServerConfigKeys (ConfUtils.java:logGet(46)) - raft.server.threadpool.proxy.size = 0 (default)
2025-04-23 04:28:15,055 [omNode-2-impl-thread1] INFO  server.RaftServer (RaftServerProxy.java:initGroupDir(265)) - omNode-2: found a subdirectory /home/runner/work/ozone/ozone/hadoop-ozone/integration-test/target/test-dir/MiniOzoneClusterImpl-ff59c164-3798-4a7f-a16d-eeed9ffb3244/omNode-2/ratis/c9bc4cf4-3bc3-3c60-a66b-523986131536
2025-04-23 04:28:15,056 [main] INFO  server.RaftServer (RaftServerProxy.java:addNew(100)) - omNode-2: addNew group-523986131536:[omNode-3|localhost:15017, omNode-1|localhost:15009, omNode-2|localhost:15013] returns group-523986131536:java.util.concurrent.CompletableFuture@c26945c[Not completed]
2025-04-23 04:28:15,056 [main] INFO  om.OzoneManager (OzoneManager.java:initializeRatisServer(2303)) - OzoneManager Ratis server initialized at port 15013
2025-04-23 04:28:15,056 [main] INFO  ratis.OzoneManagerRatisServer (OzoneManagerRatisServer.java:start(628)) - Starting OzoneManagerRatisServer omNode-2 at port 15013
2025-04-23 04:28:15,056 [omNode-2-groupManagement] INFO  server.RaftServer$Division (RaftServerImpl.java:<init>(255)) - omNode-2: new RaftServerImpl for group-523986131536:[omNode-3|localhost:15017, omNode-1|localhost:15009, omNode-2|localhost:15013] with OzoneManagerStateMachine:uninitialized
2025-04-23 04:28:15,056 [omNode-2-groupManagement] INFO  server.RaftServerConfigKeys (ConfUtils.java:logGet(46)) - raft.server.rpc.timeout.min = 1s (custom)
2025-04-23 04:28:15,056 [omNode-2-groupManagement] INFO  server.RaftServerConfigKeys (ConfUtils.java:logGet(46)) - raft.server.rpc.timeout.max = 1200ms (custom)
2025-04-23 04:28:15,057 [omNode-2-groupManagement] INFO  server.RaftServerConfigKeys (ConfUtils.java:logGet(46)) - raft.server.rpc.sleep.time = 25ms (default)
2025-04-23 04:28:15,057 [omNode-2-groupManagement] INFO  server.RaftServerConfigKeys (ConfUtils.java:logGet(46)) - raft.server.rpc.slowness.timeout = 2s (custom)
2025-04-23 04:28:15,057 [omNode-2-groupManagement] INFO  server.RaftServerConfigKeys (ConfUtils.java:logGet(46)) - raft.server.leaderelection.leader.step-down.wait-time = 10s (default)
2025-04-23 04:28:15,057 [omNode-2-groupManagement] INFO  server.RaftServerConfigKeys (ConfUtils.java:logGet(46)) - raft.server.leaderelection.member.majority-add = false (default)
2025-04-23 04:28:15,057 [omNode-2-groupManagement] INFO  server.RaftServerConfigKeys (ConfUtils.java:logGet(46)) - raft.server.sleep.deviation.threshold = 300ms (default)
2025-04-23 04:28:15,057 [omNode-2-groupManagement] INFO  server.RaftServer$Division (ServerState.java:<init>(114)) - omNode-2@group-523986131536: ConfigurationManager, init=conf: {index: -1, cur=peers:[omNode-3|localhost:15017, omNode-1|localhost:15009, omNode-2|localhost:15013]|listeners:[], old=null}, confs=<EMPTY_MAP>
2025-04-23 04:28:15,057 [omNode-2-groupManagement] INFO  server.RaftServerConfigKeys (ConfUtils.java:logGet(46)) - raft.server.notification.no-leader.timeout = 2s (custom)
2025-04-23 04:28:15,057 [omNode-2-groupManagement] INFO  server.RaftServerConfigKeys (ConfUtils.java:logGet(46)) - raft.server.read.timeout = 10s (default)
2025-04-23 04:28:15,057 [omNode-2-groupManagement] INFO  server.RaftServerConfigKeys (ConfUtils.java:logGet(46)) - raft.server.retrycache.expirytime = 30000ms (custom)
2025-04-23 04:28:15,057 [omNode-2-groupManagement] INFO  server.RaftServerConfigKeys (ConfUtils.java:logGet(46)) - raft.server.retrycache.statistics.expirytime = 100ms (default)
2025-04-23 04:28:15,057 [omNode-2-groupManagement] INFO  server.RaftServerConfigKeys (ConfUtils.java:logGet(46)) - raft.server.read.option = DEFAULT (default)
2025-04-23 04:28:15,057 [omNode-2-groupManagement] INFO  server.RaftServerConfigKeys (ConfUtils.java:logGet(46)) - raft.server.read.read-after-write-consistent.write-index-cache.expiry-time = 60s (default)
2025-04-23 04:28:15,060 [omNode-2-groupManagement] INFO  server.RaftServerConfigKeys (ConfUtils.java:logGet(46)) - raft.server.rpc.request.timeout = 3000ms (default)
2025-04-23 04:28:15,060 [omNode-2-groupManagement] INFO  server.RaftServerConfigKeys (ConfUtils.java:logGet(46)) - raft.server.log.appender.install.snapshot.enabled = false (custom)
2025-04-23 04:28:15,060 [omNode-2-groupManagement] INFO  server.RaftServerConfigKeys (ConfUtils.java:logGet(46)) - raft.server.threadpool.server.cached = true (default)
2025-04-23 04:28:15,060 [omNode-2-groupManagement] INFO  server.RaftServerConfigKeys (ConfUtils.java:logGet(46)) - raft.server.threadpool.server.size = 0 (default)
2025-04-23 04:28:15,060 [omNode-2-groupManagement] INFO  server.RaftServerConfigKeys (ConfUtils.java:logGet(46)) - raft.server.threadpool.client.cached = true (default)
2025-04-23 04:28:15,060 [omNode-2-groupManagement] INFO  server.RaftServerConfigKeys (ConfUtils.java:logGet(46)) - raft.server.threadpool.client.size = 0 (default)
2025-04-23 04:28:15,060 [omNode-2-impl-thread1] INFO  server.RaftServerConfigKeys (ConfUtils.java:logGet(46)) - raft.server.storage.free-space.min = 0MB (=0) (default)
2025-04-23 04:28:15,060 [omNode-2-impl-thread1] INFO  server.RaftServerConfigKeys (ConfUtils.java:logGet(46)) - raft.server.log.corruption.policy = EXCEPTION (default)
2025-04-23 04:28:15,060 [omNode-2-impl-thread1] INFO  server.RaftServerConfigKeys (ConfUtils.java:logGet(46)) - raft.server.storage.dir = [/home/runner/work/ozone/ozone/hadoop-ozone/integration-test/target/test-dir/MiniOzoneClusterImpl-ff59c164-3798-4a7f-a16d-eeed9ffb3244/omNode-2/ratis] (custom)
2025-04-23 04:28:15,061 [omNode-2-impl-thread1] INFO  storage.RaftStorageDirectory (RaftStorageDirectoryImpl.java:tryLock(229)) - Lock on /home/runner/work/ozone/ozone/hadoop-ozone/integration-test/target/test-dir/MiniOzoneClusterImpl-ff59c164-3798-4a7f-a16d-eeed9ffb3244/omNode-2/ratis/c9bc4cf4-3bc3-3c60-a66b-523986131536/in_use.lock acquired by nodename 129558@fv-az1441-587
2025-04-23 04:28:15,061 [omNode-2-impl-thread1] INFO  storage.RaftStorage (RaftStorageImpl.java:analyzeAndRecoverStorage(118)) - Read RaftStorageMetadata{term=9, votedFor=omNode-2} from /home/runner/work/ozone/ozone/hadoop-ozone/integration-test/target/test-dir/MiniOzoneClusterImpl-ff59c164-3798-4a7f-a16d-eeed9ffb3244/omNode-2/ratis/c9bc4cf4-3bc3-3c60-a66b-523986131536/current/raft-meta
2025-04-23 04:28:15,062 [omNode-2-impl-thread1] INFO  server.RaftServer$Division (ServerState.java:setRaftConf(386)) - omNode-2@group-523986131536: set configuration conf: {index: 103, cur=peers:[omNode-3|localhost:15017, omNode-1|localhost:15009, omNode-2|localhost:15013]|listeners:[], old=null}
2025-04-23 04:28:15,062 [omNode-2-impl-thread1] INFO  ratis.OzoneManagerStateMachine (OzoneManagerStateMachine.java:lambda$0(138)) - omNode-2: initialize group-523986131536 with (t:9, i:104)
2025-04-23 04:28:15,062 [omNode-2-impl-thread1] INFO  server.RaftServerConfigKeys (ConfUtils.java:logGet(46)) - raft.server.log.use.memory = false (default)
2025-04-23 04:28:15,062 [omNode-2-impl-thread1] INFO  server.RaftServerConfigKeys (ConfUtils.java:logGet(46)) - raft.server.log.purge.gap = 50 (custom)
2025-04-23 04:28:15,062 [omNode-2-impl-thread1] INFO  server.RaftServerConfigKeys (ConfUtils.java:logGet(46)) - raft.server.log.appender.buffer.byte-limit = 4194304 (custom)
2025-04-23 04:28:15,062 [omNode-2-impl-thread1] INFO  server.RaftServerConfigKeys (ConfUtils.java:logGet(46)) - raft.server.log.statemachine.data.read.timeout = 1000ms (default)
2025-04-23 04:28:15,062 [omNode-2-impl-thread1] INFO  server.RaftServerConfigKeys (ConfUtils.java:logGet(46)) - raft.server.log.purge.preservation.log.num = 0 (default)
2025-04-23 04:28:15,063 [omNode-2-impl-thread1] INFO  server.RaftServerConfigKeys (ConfUtils.java:logGet(46)) - raft.server.log.segment.size.max = 4194304 (custom)
2025-04-23 04:28:15,064 [omNode-2-impl-thread1] INFO  server.RaftServerConfigKeys (ConfUtils.java:logGet(46)) - raft.server.log.segment.cache.num.max = 2 (custom)
2025-04-23 04:28:15,064 [omNode-2-impl-thread1] INFO  server.RaftServerConfigKeys (ConfUtils.java:logGet(46)) - raft.server.log.segment.cache.size.max = 200MB (=209715200) (default)
2025-04-23 04:28:15,064 [omNode-2-impl-thread1] INFO  server.RaftServerConfigKeys (ConfUtils.java:logGet(46)) - raft.server.log.appender.buffer.byte-limit = 4194304 (custom)
2025-04-23 04:28:15,064 [omNode-2-impl-thread1] INFO  util.AwaitToRun (AwaitToRun.java:start(81)) - Thread[#4227,omNode-2@group-523986131536-cacheEviction-AwaitToRun,5,main] started
2025-04-23 04:28:15,064 [omNode-2-impl-thread1] INFO  segmented.SegmentedRaftLogWorker (SegmentedRaftLogWorker.java:<init>(188)) - new omNode-2@group-523986131536-SegmentedRaftLogWorker for RaftStorageImpl:Storage Directory /home/runner/work/ozone/ozone/hadoop-ozone/integration-test/target/test-dir/MiniOzoneClusterImpl-ff59c164-3798-4a7f-a16d-eeed9ffb3244/omNode-2/ratis/c9bc4cf4-3bc3-3c60-a66b-523986131536
2025-04-23 04:28:15,064 [omNode-2-impl-thread1] INFO  server.RaftServerConfigKeys (ConfUtils.java:logGet(46)) - raft.server.log.queue.byte-limit = 64MB (=67108864) (default)
2025-04-23 04:28:15,064 [omNode-2-impl-thread1] INFO  server.RaftServerConfigKeys (ConfUtils.java:logGet(46)) - raft.server.log.queue.element-limit = 4096 (default)
2025-04-23 04:28:15,064 [omNode-2-impl-thread1] INFO  server.RaftServerConfigKeys (ConfUtils.java:logGet(46)) - raft.server.log.segment.size.max = 4194304 (custom)
2025-04-23 04:28:15,064 [omNode-2-impl-thread1] INFO  server.RaftServerConfigKeys (ConfUtils.java:logGet(46)) - raft.server.log.preallocated.size = 4194304 (custom)
2025-04-23 04:28:15,064 [omNode-2-impl-thread1] INFO  server.RaftServerConfigKeys (ConfUtils.java:logGet(46)) - raft.server.log.force.sync.num = 128 (default)
2025-04-23 04:28:15,064 [omNode-2-impl-thread1] INFO  server.RaftServerConfigKeys (ConfUtils.java:logGet(46)) - raft.server.log.statemachine.data.sync = true (default)
2025-04-23 04:28:15,064 [omNode-2-impl-thread1] INFO  server.RaftServerConfigKeys (ConfUtils.java:logGet(46)) - raft.server.log.statemachine.data.sync.timeout = 10s (default)
2025-04-23 04:28:15,064 [omNode-2-impl-thread1] INFO  server.RaftServerConfigKeys (ConfUtils.java:logGet(46)) - raft.server.log.statemachine.data.sync.timeout.retry = -1 (default)
2025-04-23 04:28:15,064 [omNode-2-impl-thread1] INFO  server.RaftServerConfigKeys (ConfUtils.java:logGet(46)) - raft.server.log.write.buffer.size = 4194312 (custom)
2025-04-23 04:28:15,065 [omNode-2-impl-thread1] INFO  server.RaftServerConfigKeys (ConfUtils.java:logGet(46)) - raft.server.log.appender.buffer.byte-limit = 4194304 (custom)
2025-04-23 04:28:15,065 [omNode-2-impl-thread1] INFO  server.RaftServerConfigKeys (ConfUtils.java:logGet(46)) - raft.server.log.unsafe-flush.enabled = false (default)
2025-04-23 04:28:15,065 [omNode-2-impl-thread1] INFO  server.RaftServerConfigKeys (ConfUtils.java:logGet(46)) - raft.server.log.async-flush.enabled = false (default)
2025-04-23 04:28:15,065 [omNode-2-impl-thread1] INFO  server.RaftServerConfigKeys (ConfUtils.java:logGet(46)) - raft.server.log.statemachine.data.caching.enabled = false (default)
2025-04-23 04:28:15,065 [omNode-2-impl-thread1] INFO  server.RaftServer$Division (ServerState.java:setRaftConf(386)) - omNode-2@group-523986131536: set configuration conf: {index: 103, cur=peers:[omNode-3|localhost:15017, omNode-1|localhost:15009, omNode-2|localhost:15013]|listeners:[], old=null}
2025-04-23 04:28:15,065 [omNode-2-impl-thread1] INFO  segmented.LogSegment (LogSegment.java:loadSegment(171)) - Successfully read 2 entries from segment file /home/runner/work/ozone/ozone/hadoop-ozone/integration-test/target/test-dir/MiniOzoneClusterImpl-ff59c164-3798-4a7f-a16d-eeed9ffb3244/omNode-2/ratis/c9bc4cf4-3bc3-3c60-a66b-523986131536/current/log_inprogress_103
2025-04-23 04:28:15,065 [omNode-2-impl-thread1] INFO  segmented.SegmentedRaftLogWorker (SegmentedRaftLogWorker.java:lambda$new$0(139)) - omNode-2@group-523986131536-SegmentedRaftLogWorker: flushIndex: setUnconditionally 0 -> 104
2025-04-23 04:28:15,066 [omNode-2-impl-thread1] INFO  segmented.SegmentedRaftLogWorker (SegmentedRaftLogWorker.java:lambda$new$0(139)) - omNode-2@group-523986131536-SegmentedRaftLogWorker: safeCacheEvictIndex: setUnconditionally 0 -> -1
2025-04-23 04:28:15,066 [omNode-2-impl-thread1] INFO  segmented.BufferedWriteChannel (BufferedWriteChannel.java:open(61)) - open log_inprogress_103 (append) at position 125
2025-04-23 04:28:15,066 [omNode-2-impl-thread1] INFO  raftlog.RaftLog (RaftLogBase.java:lambda$new$0(54)) - omNode-2@group-523986131536-SegmentedRaftLog: purgeIndex: updateToMax old=-1, new=102, updated? true
2025-04-23 04:28:15,066 [omNode-2-impl-thread1] INFO  server.RaftServer$Division (RaftServerImpl.java:start(391)) - omNode-2@group-523986131536: start as a follower, conf=conf: {index: 103, cur=peers:[omNode-3|localhost:15017, omNode-1|localhost:15009, omNode-2|localhost:15013]|listeners:[], old=null}
2025-04-23 04:28:15,066 [omNode-2-impl-thread1] INFO  server.RaftServer$Division (RaftServerImpl.java:setRole(378)) - omNode-2@group-523986131536: changes role from      null to FOLLOWER at term 9 for startAsFollower
2025-04-23 04:28:15,066 [omNode-2-impl-thread1] INFO  impl.RoleInfo (RoleInfo.java:updateAndGet(148)) - omNode-2: start omNode-2@group-523986131536-FollowerState
2025-04-23 04:28:15,066 [omNode-2-impl-thread1] INFO  util.JmxRegister (JmxRegister.java:tryRegister(44)) - Successfully registered JMX Bean with object name Ratis:service=RaftServer,group=group-523986131536,id=omNode-2
2025-04-23 04:28:15,066 [omNode-2-impl-thread1] INFO  util.JmxRegister (JmxRegister.java:register(58)) - register mxBean class org.apache.ratis.server.impl.RaftServerJmxAdapter as Ratis:service=RaftServer,group=group-523986131536,id=omNode-2
2025-04-23 04:28:15,066 [omNode-2-impl-thread1] INFO  server.RaftServerConfigKeys (ConfUtils.java:logGet(46)) - raft.server.snapshot.trigger-when-stop.enabled = true (default)
2025-04-23 04:28:15,066 [omNode-2-impl-thread1] INFO  server.RaftServerConfigKeys (ConfUtils.java:logGet(46)) - raft.server.snapshot.trigger-when-remove.enabled = true (default)
2025-04-23 04:28:15,066 [omNode-2-impl-thread1] INFO  server.RaftServerConfigKeys (ConfUtils.java:logGet(46)) - raft.server.snapshot.auto.trigger.enabled = true (custom)
2025-04-23 04:28:15,066 [omNode-2-impl-thread1] INFO  server.RaftServerConfigKeys (ConfUtils.java:logGet(46)) - raft.server.snapshot.auto.trigger.threshold = 50 (custom)
2025-04-23 04:28:15,067 [omNode-2-impl-thread1] INFO  server.RaftServerConfigKeys (ConfUtils.java:logGet(46)) - raft.server.snapshot.retention.file.num = -1 (default)
2025-04-23 04:28:15,067 [omNode-2-impl-thread1] INFO  server.RaftServerConfigKeys (ConfUtils.java:logGet(46)) - raft.server.log.purge.upto.snapshot.index = true (custom)
2025-04-23 04:28:15,067 [omNode-2@group-523986131536-FollowerState] INFO  server.RaftServerConfigKeys (ConfUtils.java:logFallback(53)) - raft.server.rpc.first-election.timeout.min = 1s (fallback to raft.server.rpc.timeout.min)
2025-04-23 04:28:15,067 [omNode-2@group-523986131536-FollowerState] INFO  server.RaftServerConfigKeys (ConfUtils.java:logFallback(53)) - raft.server.rpc.first-election.timeout.max = 1200ms (fallback to raft.server.rpc.timeout.max)
2025-04-23 04:28:15,067 [omNode-2-impl-thread1] INFO  server.RaftServer$Division (RaftServerImpl.java:start(405)) - omNode-2@group-523986131536: Successfully started.
2025-04-23 04:28:15,067 [main] INFO  server.RaftServer (RaftServerProxy.java:startImpl(407)) - omNode-2: start RPC server
2025-04-23 04:28:15,068 [main] INFO  server.GrpcService (GrpcService.java:startImpl(334)) - omNode-2: GrpcService started, listening on 15013
2025-04-23 04:28:15,068 [main] INFO  om.OzoneManager (OzoneManager.java:getRpcServer(1360)) - Creating RPC Server
2025-04-23 04:28:15,068 [JvmPauseMonitor25] INFO  util.JvmPauseMonitor (JvmPauseMonitor.java:run(146)) - JvmPauseMonitor-omNode-2: Started
2025-04-23 04:28:15,274 [omNode-3@group-523986131536-FollowerState] INFO  impl.FollowerState (FollowerState.java:runImpl(161)) - omNode-3@group-523986131536-FollowerState: change to CANDIDATE, lastRpcElapsedTime:1131517095ns, electionTimeout:1131ms
2025-04-23 04:28:15,274 [omNode-3@group-523986131536-FollowerState] INFO  impl.RoleInfo (RoleInfo.java:shutdownFollowerState(121)) - omNode-3: shutdown omNode-3@group-523986131536-FollowerState
2025-04-23 04:28:15,274 [omNode-3@group-523986131536-FollowerState] INFO  server.RaftServer$Division (RaftServerImpl.java:setRole(378)) - omNode-3@group-523986131536: changes role from  FOLLOWER to CANDIDATE at term 9 for changeToCandidate
2025-04-23 04:28:15,274 [omNode-3@group-523986131536-FollowerState] INFO  server.RaftServerConfigKeys (ConfUtils.java:logGet(46)) - raft.server.leaderelection.pre-vote = true (default)
2025-04-23 04:28:15,274 [omNode-3@group-523986131536-FollowerState] INFO  impl.RoleInfo (RoleInfo.java:updateAndGet(148)) - omNode-3: start omNode-3@group-523986131536-LeaderElection18
2025-04-23 04:28:15,274 [omNode-3@group-523986131536-LeaderElection18] INFO  impl.LeaderElection (LeaderElection.java:askForVotes(332)) - omNode-3@group-523986131536-LeaderElection18 PRE_VOTE round 0: submit vote requests at term 9 for conf: {index: 103, cur=peers:[omNode-3|localhost:15017, omNode-1|localhost:15009, omNode-2|localhost:15013]|listeners:[], old=null}
2025-04-23 04:28:15,275 [omNode-3@group-523986131536-LeaderElection18-1] INFO  server.GrpcServerProtocolClient (GrpcServerProtocolClient.java:<init>(65)) - Build channel for omNode-1|localhost:15009
2025-04-23 04:28:15,275 [omNode-3@group-523986131536-LeaderElection18-2] INFO  server.GrpcServerProtocolClient (GrpcServerProtocolClient.java:<init>(65)) - Build channel for omNode-2|localhost:15013
2025-04-23 04:28:15,275 [omNode-3@group-523986131536-LeaderElection18] INFO  server.RaftServerConfigKeys (ConfUtils.java:logFallback(53)) - raft.server.rpc.first-election.timeout.min = 1s (fallback to raft.server.rpc.timeout.min)
2025-04-23 04:28:15,275 [omNode-3@group-523986131536-LeaderElection18] INFO  server.RaftServerConfigKeys (ConfUtils.java:logFallback(53)) - raft.server.rpc.first-election.timeout.max = 1200ms (fallback to raft.server.rpc.timeout.max)
2025-04-23 04:28:15,279 [grpc-default-executor-4] INFO  server.RaftServer$Division (RaftServerImpl.java:requestVote(1407)) - omNode-1@group-523986131536: receive requestVote(PRE_VOTE, omNode-3, group-523986131536, 9, (t:9, i:104))
2025-04-23 04:28:15,279 [grpc-default-executor-0] INFO  server.RaftServer$Division (RaftServerImpl.java:requestVote(1407)) - omNode-2@group-523986131536: receive requestVote(PRE_VOTE, omNode-3, group-523986131536, 9, (t:9, i:104))
2025-04-23 04:28:15,279 [grpc-default-executor-4] INFO  impl.VoteContext (VoteContext.java:log(49)) - omNode-1@group-523986131536-FOLLOWER: accept PRE_VOTE from omNode-3: our last entry (t:8, i:102) < candidate's last entry (t:9, i:104)
2025-04-23 04:28:15,279 [grpc-default-executor-4] INFO  server.RaftServer$Division (RaftServerImpl.java:requestVote(1441)) - omNode-1@group-523986131536 replies to PRE_VOTE vote request: omNode-3<-omNode-1#0:OK-t8. Peer's state: omNode-1@group-523986131536:t8, leader=null, voted=omNode-1, raftlog=Memoized:omNode-1@group-523986131536-SegmentedRaftLog:OPENED:c102:last(t:8, i:102), conf=conf: {index: 77, cur=peers:[omNode-3|localhost:15017, omNode-1|localhost:15009, omNode-2|localhost:15013]|listeners:[], old=null}
2025-04-23 04:28:15,279 [grpc-default-executor-0] INFO  impl.VoteContext (VoteContext.java:log(49)) - omNode-2@group-523986131536-FOLLOWER: accept PRE_VOTE from omNode-3: our priority 0 <= candidate's priority 0
2025-04-23 04:28:15,280 [grpc-default-executor-0] INFO  server.RaftServer$Division (RaftServerImpl.java:requestVote(1441)) - omNode-2@group-523986131536 replies to PRE_VOTE vote request: omNode-3<-omNode-2#0:OK-t9. Peer's state: omNode-2@group-523986131536:t9, leader=null, voted=omNode-2, raftlog=Memoized:omNode-2@group-523986131536-SegmentedRaftLog:OPENED:c104:last(t:9, i:104), conf=conf: {index: 103, cur=peers:[omNode-3|localhost:15017, omNode-1|localhost:15009, omNode-2|localhost:15013]|listeners:[], old=null}
2025-04-23 04:28:15,281 [omNode-3@group-523986131536-LeaderElection18] INFO  impl.LeaderElection (LeaderElection.java:logAndReturn(90)) - omNode-3@group-523986131536-LeaderElection18: PRE_VOTE PASSED received 1 response(s) and 0 exception(s):
2025-04-23 04:28:15,281 [omNode-3@group-523986131536-LeaderElection18] INFO  impl.LeaderElection (LeaderElection.java:logAndReturn(94)) -   Response 0: omNode-3<-omNode-2#0:OK-t9
2025-04-23 04:28:15,281 [omNode-3@group-523986131536-LeaderElection18] INFO  impl.LeaderElection (LeaderElection.java:askForVotes(334)) - omNode-3@group-523986131536-LeaderElection18 PRE_VOTE round 0: result PASSED
2025-04-23 04:28:15,282 [omNode-3@group-523986131536-LeaderElection18] INFO  impl.LeaderElection (LeaderElection.java:askForVotes(332)) - omNode-3@group-523986131536-LeaderElection18 ELECTION round 0: submit vote requests at term 10 for conf: {index: 103, cur=peers:[omNode-3|localhost:15017, omNode-1|localhost:15009, omNode-2|localhost:15013]|listeners:[], old=null}
2025-04-23 04:28:15,283 [omNode-3@group-523986131536-LeaderElection18] INFO  server.RaftServerConfigKeys (ConfUtils.java:logFallback(53)) - raft.server.rpc.first-election.timeout.min = 1s (fallback to raft.server.rpc.timeout.min)
2025-04-23 04:28:15,283 [omNode-3@group-523986131536-LeaderElection18] INFO  server.RaftServerConfigKeys (ConfUtils.java:logFallback(53)) - raft.server.rpc.first-election.timeout.max = 1200ms (fallback to raft.server.rpc.timeout.max)
2025-04-23 04:28:15,284 [grpc-default-executor-0] INFO  server.RaftServer$Division (RaftServerImpl.java:requestVote(1407)) - omNode-1@group-523986131536: receive requestVote(ELECTION, omNode-3, group-523986131536, 10, (t:9, i:104))
2025-04-23 04:28:15,284 [grpc-default-executor-0] INFO  impl.VoteContext (VoteContext.java:log(49)) - omNode-1@group-523986131536-FOLLOWER: accept ELECTION from omNode-3: our last entry (t:8, i:102) < candidate's last entry (t:9, i:104)
2025-04-23 04:28:15,284 [grpc-default-executor-0] INFO  server.RaftServer$Division (RaftServerImpl.java:setRole(378)) - omNode-1@group-523986131536: changes role from  FOLLOWER to FOLLOWER at term 8 for candidate:omNode-3
2025-04-23 04:28:15,284 [grpc-default-executor-0] INFO  impl.RoleInfo (RoleInfo.java:shutdownFollowerState(121)) - omNode-1: shutdown omNode-1@group-523986131536-FollowerState
2025-04-23 04:28:15,284 [grpc-default-executor-0] INFO  impl.RoleInfo (RoleInfo.java:updateAndGet(148)) - omNode-1: start omNode-1@group-523986131536-FollowerState
2025-04-23 04:28:15,284 [omNode-1@group-523986131536-FollowerState] INFO  impl.FollowerState (FollowerState.java:runImpl(170)) - omNode-1@group-523986131536-FollowerState was interrupted
2025-04-23 04:28:15,284 [grpc-default-executor-0] INFO  server.RaftServer$Division (RaftServerImpl.java:setFirstElection(562)) - omNode-1@group-523986131536: set firstElectionSinceStartup to false for candidate:omNode-3
2025-04-23 04:28:15,285 [grpc-default-executor-4] INFO  server.RaftServer$Division (RaftServerImpl.java:requestVote(1407)) - omNode-2@group-523986131536: receive requestVote(ELECTION, omNode-3, group-523986131536, 10, (t:9, i:104))
2025-04-23 04:28:15,285 [grpc-default-executor-4] INFO  impl.VoteContext (VoteContext.java:log(49)) - omNode-2@group-523986131536-FOLLOWER: accept ELECTION from omNode-3: our priority 0 <= candidate's priority 0
2025-04-23 04:28:15,285 [grpc-default-executor-4] INFO  server.RaftServer$Division (RaftServerImpl.java:setRole(378)) - omNode-2@group-523986131536: changes role from  FOLLOWER to FOLLOWER at term 9 for candidate:omNode-3
2025-04-23 04:28:15,285 [grpc-default-executor-4] INFO  impl.RoleInfo (RoleInfo.java:shutdownFollowerState(121)) - omNode-2: shutdown omNode-2@group-523986131536-FollowerState
2025-04-23 04:28:15,285 [grpc-default-executor-4] INFO  impl.RoleInfo (RoleInfo.java:updateAndGet(148)) - omNode-2: start omNode-2@group-523986131536-FollowerState
2025-04-23 04:28:15,285 [omNode-2@group-523986131536-FollowerState] INFO  impl.FollowerState (FollowerState.java:runImpl(170)) - omNode-2@group-523986131536-FollowerState was interrupted
2025-04-23 04:28:15,285 [grpc-default-executor-4] INFO  server.RaftServer$Division (RaftServerImpl.java:setFirstElection(562)) - omNode-2@group-523986131536: set firstElectionSinceStartup to false for candidate:omNode-3
2025-04-23 04:28:15,285 [grpc-default-executor-0] INFO  server.RaftServer$Division (RaftServerImpl.java:requestVote(1441)) - omNode-1@group-523986131536 replies to ELECTION vote request: omNode-3<-omNode-1#0:OK-t10. Peer's state: omNode-1@group-523986131536:t10, leader=null, voted=omNode-3, raftlog=Memoized:omNode-1@group-523986131536-SegmentedRaftLog:OPENED:c102:last(t:8, i:102), conf=conf: {index: 77, cur=peers:[omNode-3|localhost:15017, omNode-1|localhost:15009, omNode-2|localhost:15013]|listeners:[], old=null}
2025-04-23 04:28:15,286 [omNode-3@group-523986131536-LeaderElection18] INFO  impl.LeaderElection (LeaderElection.java:logAndReturn(90)) - omNode-3@group-523986131536-LeaderElection18: ELECTION PASSED received 1 response(s) and 0 exception(s):
2025-04-23 04:28:15,286 [omNode-3@group-523986131536-LeaderElection18] INFO  impl.LeaderElection (LeaderElection.java:logAndReturn(94)) -   Response 0: omNode-3<-omNode-1#0:OK-t10
2025-04-23 04:28:15,286 [omNode-3@group-523986131536-LeaderElection18] INFO  impl.LeaderElection (LeaderElection.java:askForVotes(334)) - omNode-3@group-523986131536-LeaderElection18 ELECTION round 0: result PASSED
2025-04-23 04:28:15,286 [omNode-3@group-523986131536-LeaderElection18] INFO  impl.RoleInfo (RoleInfo.java:shutdownLeaderElection(141)) - omNode-3: shutdown omNode-3@group-523986131536-LeaderElection18
2025-04-23 04:28:15,286 [omNode-3@group-523986131536-LeaderElection18] INFO  server.RaftServer$Division (RaftServerImpl.java:setRole(378)) - omNode-3@group-523986131536: changes role from CANDIDATE to LEADER at term 10 for changeToLeader
2025-04-23 04:28:15,286 [omNode-3@group-523986131536-LeaderElection18] INFO  server.RaftServerConfigKeys (ConfUtils.java:logGet(46)) - raft.server.staging.catchup.gap = 1000 (default)
2025-04-23 04:28:15,286 [omNode-3@group-523986131536-LeaderElection18] INFO  server.RaftServerConfigKeys (ConfUtils.java:logGet(46)) - raft.server.write.element-limit = 4096 (default)
2025-04-23 04:28:15,286 [omNode-3@group-523986131536-LeaderElection18] INFO  server.RaftServerConfigKeys (ConfUtils.java:logGet(46)) - raft.server.write.byte-limit = 64MB (=67108864) (default)
2025-04-23 04:28:15,287 [omNode-3@group-523986131536-LeaderElection18] INFO  server.RaftServerConfigKeys (ConfUtils.java:logGet(46)) - raft.server.watch.timeout = 10s (default)
2025-04-23 04:28:15,287 [omNode-3@group-523986131536-LeaderElection18] INFO  server.RaftServerConfigKeys (ConfUtils.java:logGet(46)) - raft.server.watch.timeout.denomination = 1s (default)
2025-04-23 04:28:15,287 [omNode-3@group-523986131536-LeaderElection18] INFO  server.RaftServerConfigKeys (ConfUtils.java:logGet(46)) - raft.server.watch.element-limit = 65536 (default)
2025-04-23 04:28:15,287 [grpc-default-executor-4] INFO  server.RaftServer$Division (RaftServerImpl.java:requestVote(1441)) - omNode-2@group-523986131536 replies to ELECTION vote request: omNode-3<-omNode-2#0:OK-t10. Peer's state: omNode-2@group-523986131536:t10, leader=null, voted=omNode-3, raftlog=Memoized:omNode-2@group-523986131536-SegmentedRaftLog:OPENED:c104:last(t:9, i:104), conf=conf: {index: 103, cur=peers:[omNode-3|localhost:15017, omNode-1|localhost:15009, omNode-2|localhost:15013]|listeners:[], old=null}
2025-04-23 04:28:15,287 [omNode-3@group-523986131536-LeaderElection18] INFO  server.RaftServerConfigKeys (ConfUtils.java:logGet(46)) - raft.server.read.leader.lease.enabled = false (default)
2025-04-23 04:28:15,287 [omNode-3@group-523986131536-LeaderElection18] INFO  server.RaftServerConfigKeys (ConfUtils.java:logGet(46)) - raft.server.read.leader.lease.timeout.ratio = 0.9 (default)
2025-04-23 04:28:15,287 [omNode-3@group-523986131536-LeaderElection18] INFO  server.RaftServerConfigKeys (ConfUtils.java:logGet(46)) - raft.server.rpc.timeout.min = 1s (custom)
2025-04-23 04:28:15,288 [omNode-3@group-523986131536-LeaderElection18] INFO  server.RaftServerConfigKeys (ConfUtils.java:logGet(46)) - raft.server.log.log-metadata.enabled = true (default)
2025-04-23 04:28:15,288 [omNode-3@group-523986131536-LeaderElection18] INFO  server.RaftServerConfigKeys (ConfUtils.java:logGet(46)) - raft.server.write.element-limit = 4096 (default)
2025-04-23 04:28:15,288 [omNode-3@group-523986131536-LeaderElection18] INFO  server.RaftServerConfigKeys (ConfUtils.java:logGet(46)) - raft.server.write.follower.gap.ratio.max = -1.0 (default)
2025-04-23 04:28:15,288 [omNode-3@group-523986131536-LeaderElection18] INFO  server.RaftServerConfigKeys (ConfUtils.java:logGet(46)) - raft.server.log.appender.snapshot.chunk.size.max = 16MB (=16777216) (default)
2025-04-23 04:28:15,288 [omNode-3@group-523986131536-LeaderElection18] INFO  server.RaftServerConfigKeys (ConfUtils.java:logGet(46)) - raft.server.log.appender.buffer.byte-limit = 4194304 (custom)
2025-04-23 04:28:15,288 [omNode-3@group-523986131536-LeaderElection18] INFO  server.RaftServerConfigKeys (ConfUtils.java:logGet(46)) - raft.server.log.appender.buffer.element-limit = 1024 (custom)
2025-04-23 04:28:15,288 [omNode-3@group-523986131536-LeaderElection18] INFO  server.RaftServerConfigKeys (ConfUtils.java:logGet(46)) - raft.server.log.appender.wait-time.min = 0ms (custom)
2025-04-23 04:28:15,289 [omNode-3@group-523986131536-LeaderElection18] INFO  grpc.GrpcConfigKeys (ConfUtils.java:logGet(46)) - raft.grpc.server.leader.outstanding.appends.max = 8 (default)
2025-04-23 04:28:15,289 [omNode-3@group-523986131536-LeaderElection18] INFO  server.RaftServerConfigKeys (ConfUtils.java:logGet(46)) - raft.server.rpc.request.timeout = 3000ms (default)
2025-04-23 04:28:15,289 [omNode-3@group-523986131536-LeaderElection18] INFO  grpc.GrpcConfigKeys (ConfUtils.java:logGet(46)) - raft.grpc.server.install_snapshot.request.element-limit = 8 (default)
2025-04-23 04:28:15,289 [omNode-3@group-523986131536-LeaderElection18] INFO  grpc.GrpcConfigKeys (ConfUtils.java:logGet(46)) - raft.grpc.server.install_snapshot.request.timeout = 3000ms (default)
2025-04-23 04:28:15,289 [omNode-3@group-523986131536-LeaderElection18] INFO  grpc.GrpcConfigKeys (ConfUtils.java:logGet(46)) - raft.grpc.server.log-message.batch.duration = 5s (default)
2025-04-23 04:28:15,289 [omNode-3@group-523986131536-LeaderElection18] INFO  server.RaftServerConfigKeys (ConfUtils.java:logGet(46)) - raft.server.log.appender.install.snapshot.enabled = false (custom)
2025-04-23 04:28:15,289 [omNode-3@group-523986131536-LeaderElection18] INFO  grpc.GrpcConfigKeys (ConfUtils.java:logGet(46)) - raft.grpc.server.heartbeat.channel = true (default)
2025-04-23 04:28:15,290 [omNode-3@group-523986131536-LeaderElection18] INFO  server.RaftServerConfigKeys (ConfUtils.java:logGet(46)) - raft.server.log.appender.snapshot.chunk.size.max = 16MB (=16777216) (default)
2025-04-23 04:28:15,290 [omNode-3@group-523986131536-LeaderElection18] INFO  server.RaftServerConfigKeys (ConfUtils.java:logGet(46)) - raft.server.log.appender.buffer.byte-limit = 4194304 (custom)
2025-04-23 04:28:15,290 [omNode-3@group-523986131536-LeaderElection18] INFO  server.RaftServerConfigKeys (ConfUtils.java:logGet(46)) - raft.server.log.appender.buffer.element-limit = 1024 (custom)
2025-04-23 04:28:15,290 [omNode-3@group-523986131536-LeaderElection18] INFO  server.RaftServerConfigKeys (ConfUtils.java:logGet(46)) - raft.server.log.appender.wait-time.min = 0ms (custom)
2025-04-23 04:28:15,290 [omNode-3@group-523986131536-LeaderElection18] INFO  grpc.GrpcConfigKeys (ConfUtils.java:logGet(46)) - raft.grpc.server.leader.outstanding.appends.max = 8 (default)
2025-04-23 04:28:15,290 [omNode-3@group-523986131536-LeaderElection18] INFO  server.RaftServerConfigKeys (ConfUtils.java:logGet(46)) - raft.server.rpc.request.timeout = 3000ms (default)
2025-04-23 04:28:15,290 [omNode-3@group-523986131536-LeaderElection18] INFO  grpc.GrpcConfigKeys (ConfUtils.java:logGet(46)) - raft.grpc.server.install_snapshot.request.element-limit = 8 (default)
2025-04-23 04:28:15,290 [omNode-3@group-523986131536-LeaderElection18] INFO  grpc.GrpcConfigKeys (ConfUtils.java:logGet(46)) - raft.grpc.server.install_snapshot.request.timeout = 3000ms (default)
2025-04-23 04:28:15,290 [omNode-3@group-523986131536-LeaderElection18] INFO  grpc.GrpcConfigKeys (ConfUtils.java:logGet(46)) - raft.grpc.server.log-message.batch.duration = 5s (default)
2025-04-23 04:28:15,290 [omNode-3@group-523986131536-LeaderElection18] INFO  server.RaftServerConfigKeys (ConfUtils.java:logGet(46)) - raft.server.log.appender.install.snapshot.enabled = false (custom)
2025-04-23 04:28:15,290 [omNode-3@group-523986131536-LeaderElection18] INFO  grpc.GrpcConfigKeys (ConfUtils.java:logGet(46)) - raft.grpc.server.heartbeat.channel = true (default)
2025-04-23 04:28:15,291 [omNode-3@group-523986131536-LeaderElection18] INFO  impl.RoleInfo (RoleInfo.java:updateAndGet(148)) - omNode-3: start omNode-3@group-523986131536-LeaderStateImpl
2025-04-23 04:28:15,291 [omNode-3@group-523986131536-LeaderElection18] INFO  server.RaftServer$Division (RaftServerImpl.java:setFirstElection(562)) - omNode-3@group-523986131536: set firstElectionSinceStartup to false for becomeLeader
2025-04-23 04:28:15,291 [omNode-3@group-523986131536-LeaderElection18] INFO  ratis.OzoneManagerStateMachine (OzoneManagerStateMachine.java:notifyLeaderChanged(169)) - omNode-3@group-523986131536: leader changed to omNode-3
2025-04-23 04:28:15,291 [omNode-3@group-523986131536-LeaderElection18] INFO  server.RaftServer$Division (ServerState.java:setLeader(272)) - omNode-3@group-523986131536: change Leader from null to omNode-3 at term 10 for becomeLeader, leader elected after 1156ms
2025-04-23 04:28:15,291 [omNode-3@group-523986131536-LeaderElection18] INFO  segmented.SegmentedRaftLogWorker (SegmentedRaftLogWorker.java:rollLogSegment(443)) - omNode-3@group-523986131536-SegmentedRaftLogWorker: Rolling segment log-103_104 to index:104
2025-04-23 04:28:15,292 [omNode-3@group-523986131536-SegmentedRaftLogWorker] INFO  segmented.SegmentedRaftLogWorker (SegmentedRaftLogWorker.java:execute(601)) - omNode-3@group-523986131536-SegmentedRaftLogWorker: Rolled log segment from /home/runner/work/ozone/ozone/hadoop-ozone/integration-test/target/test-dir/MiniOzoneClusterImpl-ff59c164-3798-4a7f-a16d-eeed9ffb3244/omNode-3/ratis/c9bc4cf4-3bc3-3c60-a66b-523986131536/current/log_inprogress_103 to /home/runner/work/ozone/ozone/hadoop-ozone/integration-test/target/test-dir/MiniOzoneClusterImpl-ff59c164-3798-4a7f-a16d-eeed9ffb3244/omNode-3/ratis/c9bc4cf4-3bc3-3c60-a66b-523986131536/current/log_103-104
2025-04-23 04:28:15,292 [omNode-3@group-523986131536-LeaderElection18] INFO  server.RaftServer$Division (ServerState.java:setRaftConf(386)) - omNode-3@group-523986131536: set configuration conf: {index: 105, cur=peers:[omNode-3|localhost:15017, omNode-1|localhost:15009, omNode-2|localhost:15013]|listeners:[], old=null}
2025-04-23 04:28:15,292 [omNode-3@group-523986131536-SegmentedRaftLogWorker] INFO  segmented.BufferedWriteChannel (BufferedWriteChannel.java:open(61)) - open log_inprogress_105 at position 0
2025-04-23 04:28:15,302 [omNode-2-server-thread1] INFO  ratis.OzoneManagerStateMachine (OzoneManagerStateMachine.java:notifyLeaderChanged(169)) - omNode-2@group-523986131536: leader changed to omNode-3
2025-04-23 04:28:15,302 [omNode-2-server-thread1] INFO  server.RaftServer$Division (ServerState.java:setLeader(272)) - omNode-2@group-523986131536: change Leader from null to omNode-3 at term 10 for appendEntries, leader elected after 244ms
2025-04-23 04:28:15,302 [omNode-2-server-thread2] INFO  server.RaftServer$Division (ServerState.java:setRaftConf(386)) - omNode-2@group-523986131536: set configuration conf: {index: 105, cur=peers:[omNode-3|localhost:15017, omNode-1|localhost:15009, omNode-2|localhost:15013]|listeners:[], old=null}
2025-04-23 04:28:15,302 [omNode-2-server-thread2] INFO  segmented.SegmentedRaftLogWorker (SegmentedRaftLogWorker.java:rollLogSegment(443)) - omNode-2@group-523986131536-SegmentedRaftLogWorker: Rolling segment log-103_104 to index:104
2025-04-23 04:28:15,303 [omNode-1-server-thread1] INFO  ratis.OzoneManagerStateMachine (OzoneManagerStateMachine.java:notifyLeaderChanged(169)) - omNode-1@group-523986131536: leader changed to omNode-3
2025-04-23 04:28:15,303 [omNode-1-server-thread1] INFO  server.RaftServer$Division (ServerState.java:setLeader(272)) - omNode-1@group-523986131536: change Leader from null to omNode-3 at term 10 for appendEntries, leader elected after 684ms
2025-04-23 04:28:15,303 [omNode-1-server-thread1] INFO  server.RaftServer$Division (RaftServerImpl.java:checkInconsistentAppendEntries(1648)) - omNode-1@group-523986131536: Failed appendEntries as previous log entry ((t:9, i:104)) is not found
2025-04-23 04:28:15,303 [omNode-1-server-thread1] INFO  server.RaftServer$Division (RaftServerImpl.java:appendEntriesAsync(1580)) - omNode-1@group-523986131536: appendEntries* reply omNode-3<-omNode-1#0:FAIL-t10,INCONSISTENCY,nextIndex=103,followerCommit=102,matchIndex=-1
2025-04-23 04:28:15,304 [grpc-default-executor-6] WARN  server.GrpcLogAppender (GrpcLogAppender.java:onNextImpl(519)) - omNode-3@group-523986131536->omNode-1-AppendLogResponseHandler: received INCONSISTENCY reply with nextIndex 103, errorCount=1, request=AppendEntriesRequest:cid=0,entriesCount=0
2025-04-23 04:28:15,304 [grpc-default-executor-6] INFO  leader.FollowerInfo (FollowerInfoImpl.java:info(70)) - omNode-3@group-523986131536->omNode-1: setNextIndex nextIndex: updateUnconditionally 106 -> 103
2025-04-23 04:28:15,304 [omNode-2@group-523986131536-SegmentedRaftLogWorker] INFO  segmented.SegmentedRaftLogWorker (SegmentedRaftLogWorker.java:execute(601)) - omNode-2@group-523986131536-SegmentedRaftLogWorker: Rolled log segment from /home/runner/work/ozone/ozone/hadoop-ozone/integration-test/target/test-dir/MiniOzoneClusterImpl-ff59c164-3798-4a7f-a16d-eeed9ffb3244/omNode-2/ratis/c9bc4cf4-3bc3-3c60-a66b-523986131536/current/log_inprogress_103 to /home/runner/work/ozone/ozone/hadoop-ozone/integration-test/target/test-dir/MiniOzoneClusterImpl-ff59c164-3798-4a7f-a16d-eeed9ffb3244/omNode-2/ratis/c9bc4cf4-3bc3-3c60-a66b-523986131536/current/log_103-104
2025-04-23 04:28:15,305 [omNode-1-server-thread2] INFO  server.RaftServer$Division (RaftServerImpl.java:checkInconsistentAppendEntries(1648)) - omNode-1@group-523986131536: Failed appendEntries as previous log entry ((t:9, i:104)) is not found
2025-04-23 04:28:15,305 [omNode-1-server-thread2] INFO  server.RaftServer$Division (RaftServerImpl.java:appendEntriesAsync(1580)) - omNode-1@group-523986131536: appendEntries* reply omNode-3<-omNode-1#1:FAIL-t10,INCONSISTENCY,nextIndex=103,followerCommit=102,matchIndex=-1
2025-04-23 04:28:15,306 [omNode-2@group-523986131536-SegmentedRaftLogWorker] INFO  segmented.BufferedWriteChannel (BufferedWriteChannel.java:open(61)) - open log_inprogress_105 at position 0
2025-04-23 04:28:15,306 [omNode-3@group-523986131536->omNode-1-GrpcLogAppender-LogAppenderDaemon] WARN  leader.LogAppenderDaemon (LogAppenderDaemon.java:run(89)) - omNode-3@group-523986131536->omNode-1-GrpcLogAppender-LogAppenderDaemon failed
java.lang.NullPointerException: omNode-3@group-523986131536->omNode-1: Previous TermIndex not found for firstIndex = 103
	at java.base/java.util.Objects.requireNonNull(Objects.java:360)
	at org.apache.ratis.server.leader.LogAppenderBase.assertProtos(LogAppenderBase.java:267)
	at org.apache.ratis.server.leader.LogAppenderBase.newAppendEntriesRequest(LogAppenderBase.java:252)
	at org.apache.ratis.grpc.server.GrpcLogAppender.appendLog(GrpcLogAppender.java:387)
	at org.apache.ratis.grpc.server.GrpcLogAppender.run(GrpcLogAppender.java:262)
	at org.apache.ratis.server.leader.LogAppenderDaemon.run(LogAppenderDaemon.java:80)
	at java.base/java.lang.Thread.run(Thread.java:1583)
2025-04-23 04:28:15,306 [omNode-3@group-523986131536->omNode-1-GrpcLogAppender-LogAppenderDaemon] INFO  server.RaftServer$Division (LeaderStateImpl.java:restart(682)) - omNode-3@group-523986131536-LeaderStateImpl: Restarting GrpcLogAppender for omNode-3@group-523986131536->omNode-1
2025-04-23 04:28:15,304 [omNode-3@group-523986131536-SegmentedRaftLogWorker] INFO  segmented.SegmentedRaftLogWorker (SegmentedRaftLogWorker.java:execute(644)) - omNode-3@group-523986131536-SegmentedRaftLogWorker: created new log segment /home/runner/work/ozone/ozone/hadoop-ozone/integration-test/target/test-dir/MiniOzoneClusterImpl-ff59c164-3798-4a7f-a16d-eeed9ffb3244/omNode-3/ratis/c9bc4cf4-3bc3-3c60-a66b-523986131536/current/log_inprogress_105
2025-04-23 04:28:15,307 [omNode-3@group-523986131536->omNode-1-GrpcLogAppender-LogAppenderDaemon] INFO  server.RaftServerConfigKeys (ConfUtils.java:logGet(46)) - raft.server.log.appender.snapshot.chunk.size.max = 16MB (=16777216) (default)
2025-04-23 04:28:15,307 [omNode-3@group-523986131536->omNode-1-GrpcLogAppender-LogAppenderDaemon] INFO  server.RaftServerConfigKeys (ConfUtils.java:logGet(46)) - raft.server.log.appender.buffer.byte-limit = 4194304 (custom)
2025-04-23 04:28:15,307 [omNode-3@group-523986131536->omNode-1-GrpcLogAppender-LogAppenderDaemon] INFO  server.RaftServerConfigKeys (ConfUtils.java:logGet(46)) - raft.server.log.appender.buffer.element-limit = 1024 (custom)
2025-04-23 04:28:15,307 [omNode-3@group-523986131536->omNode-1-GrpcLogAppender-LogAppenderDaemon] INFO  server.RaftServerConfigKeys (ConfUtils.java:logGet(46)) - raft.server.log.appender.wait-time.min = 0ms (custom)
2025-04-23 04:28:15,307 [omNode-3@group-523986131536->omNode-1-GrpcLogAppender-LogAppenderDaemon] INFO  grpc.GrpcConfigKeys (ConfUtils.java:logGet(46)) - raft.grpc.server.leader.outstanding.appends.max = 8 (default)
2025-04-23 04:28:15,307 [omNode-3@group-523986131536->omNode-1-GrpcLogAppender-LogAppenderDaemon] INFO  server.RaftServerConfigKeys (ConfUtils.java:logGet(46)) - raft.server.rpc.request.timeout = 3000ms (default)
2025-04-23 04:28:15,307 [omNode-3@group-523986131536->omNode-1-GrpcLogAppender-LogAppenderDaemon] INFO  grpc.GrpcConfigKeys (ConfUtils.java:logGet(46)) - raft.grpc.server.install_snapshot.request.element-limit = 8 (default)
2025-04-23 04:28:15,307 [omNode-3@group-523986131536->omNode-1-GrpcLogAppender-LogAppenderDaemon] INFO  grpc.GrpcConfigKeys (ConfUtils.java:logGet(46)) - raft.grpc.server.install_snapshot.request.timeout = 3000ms (default)
2025-04-23 04:28:15,307 [omNode-3@group-523986131536->omNode-1-GrpcLogAppender-LogAppenderDaemon] INFO  grpc.GrpcConfigKeys (ConfUtils.java:logGet(46)) - raft.grpc.server.log-message.batch.duration = 5s (default)
2025-04-23 04:28:15,308 [omNode-3@group-523986131536->omNode-1-GrpcLogAppender-LogAppenderDaemon] INFO  server.RaftServerConfigKeys (ConfUtils.java:logGet(46)) - raft.server.log.appender.install.snapshot.enabled = false (custom)
2025-04-23 04:28:15,308 [omNode-3@group-523986131536->omNode-1-GrpcLogAppender-LogAppenderDaemon] INFO  grpc.GrpcConfigKeys (ConfUtils.java:logGet(46)) - raft.grpc.server.heartbeat.channel = true (default)
2025-04-23 04:28:15,309 [grpc-default-executor-1] WARN  server.GrpcLogAppender (GrpcLogAppender.java:onNextImpl(519)) - omNode-3@group-523986131536->omNode-1-AppendLogResponseHandler: received INCONSISTENCY reply with nextIndex 103, errorCount=2, request=null
2025-04-23 04:28:15,310 [omNode-3@group-523986131536->omNode-1-GrpcLogAppender-LogAppenderDaemon] INFO  server.GrpcLogAppender (GrpcLogAppender.java:notifyInstallSnapshot(791)) - omNode-3@group-523986131536->omNode-1-GrpcLogAppender: notifyInstallSnapshot with firstAvailable=(t:9, i:103), followerNextIndex=0
2025-04-23 04:28:15,317 [omNode-3@group-523986131536->omNode-1-GrpcLogAppender-LogAppenderDaemon] INFO  server.GrpcLogAppender (GrpcLogAppender.java:notifyInstallSnapshot(799)) - omNode-3@group-523986131536->omNode-1-GrpcLogAppender: send omNode-3->omNode-1#0-t10,notify:(t:9, i:103)
2025-04-23 04:28:15,319 [omNode-2@group-523986131536-SegmentedRaftLogWorker] INFO  segmented.SegmentedRaftLogWorker (SegmentedRaftLogWorker.java:execute(644)) - omNode-2@group-523986131536-SegmentedRaftLogWorker: created new log segment /home/runner/work/ozone/ozone/hadoop-ozone/integration-test/target/test-dir/MiniOzoneClusterImpl-ff59c164-3798-4a7f-a16d-eeed9ffb3244/omNode-2/ratis/c9bc4cf4-3bc3-3c60-a66b-523986131536/current/log_inprogress_105
2025-04-23 04:28:15,322 [grpc-default-executor-1] INFO  impl.SnapshotInstallationHandler (SnapshotInstallationHandler.java:installSnapshot(97)) - omNode-1@group-523986131536: receive installSnapshot: omNode-3->omNode-1#0-t10,notify:(t:9, i:103)
2025-04-23 04:28:15,323 [omNode-3@group-523986131536-StateMachineUpdater] INFO  ratis.OzoneManagerStateMachine (OzoneManagerStateMachine.java:notifyConfigurationChanged(231)) - notifyConfigurationChanged from Ratis: term=10, index=105, New Peer list: omNode-3(localhost:15017), omNode-1(localhost:15009), omNode-2(localhost:15013)
2025-04-23 04:28:15,323 [omNode-2@group-523986131536-StateMachineUpdater] INFO  ratis.OzoneManagerStateMachine (OzoneManagerStateMachine.java:notifyConfigurationChanged(231)) - notifyConfigurationChanged from Ratis: term=10, index=105, New Peer list: omNode-3(localhost:15017), omNode-1(localhost:15009), omNode-2(localhost:15013)
2025-04-23 04:28:15,323 [grpc-default-executor-1] INFO  impl.SnapshotInstallationHandler (SnapshotInstallationHandler.java:notifyStateMachineToInstallSnapshot(258)) - omNode-1@group-523986131536: Received notification to install snapshot at index 103
2025-04-23 04:28:15,324 [grpc-default-executor-1] INFO  impl.SnapshotInstallationHandler (SnapshotInstallationHandler.java:notifyStateMachineToInstallSnapshot(268)) - omNode-1@group-523986131536: InstallSnapshot notification result: ALREADY_INSTALLED, current snapshot index: 102
2025-04-23 04:28:15,324 [omNode-3@group-523986131536-StateMachineUpdater] INFO  server.RaftServer$Division (LeaderStateImpl.java:checkStartIndex(313)) - Leader omNode-3@group-523986131536-LeaderStateImpl is ready since appliedIndex == startIndex == 105
2025-04-23 04:28:15,333 [grpc-default-executor-1] INFO  impl.SnapshotInstallationHandler (SnapshotInstallationHandler.java:installSnapshotImpl(143)) - omNode-1@group-523986131536: set new configuration index: 105
configurationEntry {
  peers {
    id: "omNode-3"
    address: "localhost:15017"
    startupRole: FOLLOWER
  }
  peers {
    id: "omNode-1"
    address: "localhost:15009"
    startupRole: FOLLOWER
  }
  peers {
    id: "omNode-2"
    address: "localhost:15013"
    startupRole: FOLLOWER
  }
}
 from snapshot
2025-04-23 04:28:15,333 [grpc-default-executor-1] INFO  server.RaftServer$Division (ServerState.java:setRaftConf(386)) - omNode-1@group-523986131536: set configuration conf: {index: 105, cur=peers:[omNode-3|localhost:15017, omNode-1|localhost:15009, omNode-2|localhost:15013]|listeners:[], old=null}
2025-04-23 04:28:15,335 [grpc-default-executor-1] INFO  ratis.OzoneManagerStateMachine (OzoneManagerStateMachine.java:notifyConfigurationChanged(231)) - notifyConfigurationChanged from Ratis: term=0, index=105, New Peer list: omNode-3(localhost:15017), omNode-1(localhost:15009), omNode-2(localhost:15013)
2025-04-23 04:28:15,335 [grpc-default-executor-1] INFO  impl.SnapshotInstallationHandler (SnapshotInstallationHandler.java:installSnapshot(108)) - omNode-1@group-523986131536: reply installSnapshot: omNode-3<-omNode-1#0:OK-t10,ALREADY_INSTALLED,snapshotIndex=102
2025-04-23 04:28:15,335 [grpc-default-executor-1] INFO  server.GrpcServerProtocolService (GrpcServerProtocolService.java:onCompleted(157)) - omNode-1: Completed INSTALL_SNAPSHOT, lastRequest: omNode-3->omNode-1#0-t10,notify:(t:9, i:103)
2025-04-23 04:28:15,335 [grpc-default-executor-1] INFO  server.GrpcServerProtocolService (GrpcServerProtocolService.java:lambda$onCompleted$5(159)) - omNode-1: Completed INSTALL_SNAPSHOT, lastReply: null
2025-04-23 04:28:15,336 [grpc-default-executor-6] INFO  server.GrpcLogAppender (GrpcLogAppender.java:onNext(655)) - omNode-3@group-523986131536->omNode-1-InstallSnapshotResponseHandler: received the first reply omNode-3<-omNode-1#0:OK-t10,ALREADY_INSTALLED,snapshotIndex=102
2025-04-23 04:28:15,336 [grpc-default-executor-6] INFO  server.GrpcLogAppender (GrpcLogAppender.java:onNext(676)) - omNode-3@group-523986131536->omNode-1-InstallSnapshotResponseHandler: Follower snapshot is already at index 102.
2025-04-23 04:28:15,336 [grpc-default-executor-6] INFO  leader.FollowerInfo (FollowerInfoImpl.java:info(64)) - omNode-3@group-523986131536->omNode-1: snapshotIndex: setUnconditionally 0 -> 102
2025-04-23 04:28:15,336 [grpc-default-executor-6] INFO  leader.FollowerInfo (FollowerInfoImpl.java:info(64)) - omNode-3@group-523986131536->omNode-1: matchIndex: setUnconditionally -1 -> 102
2025-04-23 04:28:15,336 [grpc-default-executor-6] INFO  leader.FollowerInfo (FollowerInfoImpl.java:info(64)) - omNode-3@group-523986131536->omNode-1: nextIndex: setUnconditionally 0 -> 103
2025-04-23 04:28:15,336 [grpc-default-executor-6] INFO  leader.FollowerInfo (FollowerInfoImpl.java:setAttemptedToInstallSnapshot(154)) - Follower omNode-3@group-523986131536->omNode-1 acknowledged installing snapshot
2025-04-23 04:28:15,337 [grpc-default-executor-6] INFO  server.GrpcLogAppender (GrpcLogAppender.java:increaseNextIndex(457)) - omNode-3@group-523986131536->omNode-1-GrpcLogAppender: updateNextIndex 103 for ALREADY_INSTALLED
2025-04-23 04:28:15,340 [omNode-1-server-thread1] INFO  server.RaftServer$Division (ServerState.java:setRaftConf(386)) - omNode-1@group-523986131536: set configuration conf: {index: 103, cur=peers:[omNode-3|localhost:15017, omNode-1|localhost:15009, omNode-2|localhost:15013]|listeners:[], old=null}
2025-04-23 04:28:15,340 [omNode-1-server-thread1] INFO  server.RaftServer$Division (ServerState.java:setRaftConf(386)) - omNode-1@group-523986131536: set configuration conf: {index: 105, cur=peers:[omNode-3|localhost:15017, omNode-1|localhost:15009, omNode-2|localhost:15013]|listeners:[], old=null}
2025-04-23 04:28:15,340 [omNode-1-server-thread1] INFO  segmented.SegmentedRaftLogWorker (SegmentedRaftLogWorker.java:rollLogSegment(443)) - omNode-1@group-523986131536-SegmentedRaftLogWorker: Rolling segment log-77_102 to index:102
2025-04-23 04:28:15,341 [omNode-1-server-thread1] INFO  segmented.SegmentedRaftLogWorker (SegmentedRaftLogWorker.java:rollLogSegment(443)) - omNode-1@group-523986131536-SegmentedRaftLogWorker: Rolling segment log-103_104 to index:104
2025-04-23 04:28:15,341 [omNode-1@group-523986131536-SegmentedRaftLogWorker] INFO  segmented.SegmentedRaftLogWorker (SegmentedRaftLogWorker.java:execute(601)) - omNode-1@group-523986131536-SegmentedRaftLogWorker: Rolled log segment from /home/runner/work/ozone/ozone/hadoop-ozone/integration-test/target/test-dir/MiniOzoneClusterImpl-ff59c164-3798-4a7f-a16d-eeed9ffb3244/omNode-1/ratis/c9bc4cf4-3bc3-3c60-a66b-523986131536/current/log_inprogress_77 to /home/runner/work/ozone/ozone/hadoop-ozone/integration-test/target/test-dir/MiniOzoneClusterImpl-ff59c164-3798-4a7f-a16d-eeed9ffb3244/omNode-1/ratis/c9bc4cf4-3bc3-3c60-a66b-523986131536/current/log_77-102
2025-04-23 04:28:15,341 [omNode-1@group-523986131536-SegmentedRaftLogWorker] INFO  segmented.BufferedWriteChannel (BufferedWriteChannel.java:open(61)) - open log_inprogress_103 at position 0
2025-04-23 04:28:15,351 [omNode-1@group-523986131536-SegmentedRaftLogWorker] INFO  segmented.SegmentedRaftLogWorker (SegmentedRaftLogWorker.java:execute(644)) - omNode-1@group-523986131536-SegmentedRaftLogWorker: created new log segment /home/runner/work/ozone/ozone/hadoop-ozone/integration-test/target/test-dir/MiniOzoneClusterImpl-ff59c164-3798-4a7f-a16d-eeed9ffb3244/omNode-1/ratis/c9bc4cf4-3bc3-3c60-a66b-523986131536/current/log_inprogress_103
2025-04-23 04:28:15,352 [omNode-1@group-523986131536-SegmentedRaftLogWorker] INFO  segmented.SegmentedRaftLogWorker (SegmentedRaftLogWorker.java:execute(601)) - omNode-1@group-523986131536-SegmentedRaftLogWorker: Rolled log segment from /home/runner/work/ozone/ozone/hadoop-ozone/integration-test/target/test-dir/MiniOzoneClusterImpl-ff59c164-3798-4a7f-a16d-eeed9ffb3244/omNode-1/ratis/c9bc4cf4-3bc3-3c60-a66b-523986131536/current/log_inprogress_103 to /home/runner/work/ozone/ozone/hadoop-ozone/integration-test/target/test-dir/MiniOzoneClusterImpl-ff59c164-3798-4a7f-a16d-eeed9ffb3244/omNode-1/ratis/c9bc4cf4-3bc3-3c60-a66b-523986131536/current/log_103-104
2025-04-23 04:28:15,353 [omNode-1@group-523986131536-SegmentedRaftLogWorker] INFO  segmented.BufferedWriteChannel (BufferedWriteChannel.java:open(61)) - open log_inprogress_105 at position 0
2025-04-23 04:28:15,362 [omNode-1@group-523986131536-SegmentedRaftLogWorker] INFO  segmented.SegmentedRaftLogWorker (SegmentedRaftLogWorker.java:execute(644)) - omNode-1@group-523986131536-SegmentedRaftLogWorker: created new log segment /home/runner/work/ozone/ozone/hadoop-ozone/integration-test/target/test-dir/MiniOzoneClusterImpl-ff59c164-3798-4a7f-a16d-eeed9ffb3244/omNode-1/ratis/c9bc4cf4-3bc3-3c60-a66b-523986131536/current/log_inprogress_105
2025-04-23 04:28:15,449 [main] INFO  reflections.Reflections (Reflections.java:scan(219)) - Reflections took 380 ms to scan 22 urls, producing 61 keys and 7422 values
2025-04-23 04:28:15,450 [main] INFO  ipc.CallQueueManager (CallQueueManager.java:<init>(93)) - Using callQueue: class java.util.concurrent.LinkedBlockingQueue, queueCapacity: 2000, scheduler: class org.apache.hadoop.ipc.DefaultRpcScheduler, ipcBackoff: false, ipcFailOver: false.
2025-04-23 04:28:15,450 [main] INFO  ipc.Server (Server.java:<init>(1438)) - Listener at localhost:15010
2025-04-23 04:28:15,451 [Socket Reader #1 for port 15010] INFO  ipc.Server (Server.java:run(1474)) - Starting Socket Reader #1 for port 15010
2025-04-23 04:28:15,451 [Socket Reader #2 for port 15010] INFO  ipc.Server (Server.java:run(1474)) - Starting Socket Reader #2 for port 15010
2025-04-23 04:28:15,451 [Socket Reader #3 for port 15010] INFO  ipc.Server (Server.java:run(1474)) - Starting Socket Reader #3 for port 15010
2025-04-23 04:28:15,451 [Socket Reader #4 for port 15010] INFO  ipc.Server (Server.java:run(1474)) - Starting Socket Reader #4 for port 15010
2025-04-23 04:28:15,451 [Socket Reader #5 for port 15010] INFO  ipc.Server (Server.java:run(1474)) - Starting Socket Reader #5 for port 15010
2025-04-23 04:28:15,451 [Socket Reader #6 for port 15010] INFO  ipc.Server (Server.java:run(1474)) - Starting Socket Reader #6 for port 15010
2025-04-23 04:28:15,452 [Socket Reader #7 for port 15010] INFO  ipc.Server (Server.java:run(1474)) - Starting Socket Reader #7 for port 15010
2025-04-23 04:28:15,452 [Socket Reader #8 for port 15010] INFO  ipc.Server (Server.java:run(1474)) - Starting Socket Reader #8 for port 15010
2025-04-23 04:28:15,452 [Socket Reader #9 for port 15010] INFO  ipc.Server (Server.java:run(1474)) - Starting Socket Reader #9 for port 15010
2025-04-23 04:28:15,452 [Socket Reader #10 for port 15010] INFO  ipc.Server (Server.java:run(1474)) - Starting Socket Reader #10 for port 15010
2025-04-23 04:28:15,454 [main] INFO  http.BaseHttpServer (BaseHttpServer.java:newHttpServer2BuilderForOzone(229)) - Starting Web-server for ozoneManager at: http://0.0.0.0:15011
2025-04-23 04:28:15,454 [main] INFO  http.BaseHttpServer (BaseHttpServer.java:<init>(107)) - Hadoop Security Enabled: false Ozone Security Enabled: false Ozone HTTP Security Enabled: false 
2025-04-23 04:28:15,455 [main] WARN  server.AuthenticationFilter (AuthenticationFilter.java:constructSecretProvider(240)) - Unable to initialize FileSignerSecretProvider, falling back to use random secrets. Reason: Could not read signature secret file: /home/runner/hadoop-http-auth-signature-secret
2025-04-23 04:28:15,457 [main] INFO  http.HttpServer2 (HttpServer2.java:addGlobalFilter(1041)) - Added global filter 'safety' (class=org.apache.hadoop.hdds.server.http.HttpServer2$QuotingInputFilter)
2025-04-23 04:28:15,457 [main] INFO  http.HttpServer2 (HttpServer2.java:addFilter(1017)) - Added filter static_user_filter (class=org.apache.hadoop.http.lib.StaticUserWebFilter$StaticUserFilter) to context ozoneManager
2025-04-23 04:28:15,457 [main] INFO  http.HttpServer2 (HttpServer2.java:addFilter(1025)) - Added filter static_user_filter (class=org.apache.hadoop.http.lib.StaticUserWebFilter$StaticUserFilter) to context static
2025-04-23 04:28:15,457 [main] INFO  http.HttpServer2 (HttpServer2.java:addFilter(1025)) - Added filter static_user_filter (class=org.apache.hadoop.http.lib.StaticUserWebFilter$StaticUserFilter) to context logs
2025-04-23 04:28:15,458 [main] INFO  http.BaseHttpServer (BaseHttpServer.java:<init>(195)) - HTTP server of ozoneManager uses base directory /home/runner/work/ozone/ozone/hadoop-ozone/integration-test/target/test-dir/MiniOzoneClusterImpl-ff59c164-3798-4a7f-a16d-eeed9ffb3244/omNode-2/webserver
2025-04-23 04:28:15,458 [main] INFO  http.HttpServer2 (HttpServer2.java:bindListener(1241)) - Jetty bound to port 15011
2025-04-23 04:28:15,458 [main] INFO  server.Server (Server.java:doStart(375)) - jetty-9.4.57.v20241219; built: 2025-01-08T21:24:30.412Z; git: df524e6b29271c2e09ba9aea83c18dc9db464a31; jvm 21.0.7+6-LTS
2025-04-23 04:28:15,459 [main] INFO  server.session (DefaultSessionIdManager.java:doStart(334)) - DefaultSessionIdManager workerName=node0
2025-04-23 04:28:15,459 [main] INFO  server.session (DefaultSessionIdManager.java:doStart(339)) - No SessionScavenger set, using defaults
2025-04-23 04:28:15,459 [main] INFO  server.session (HouseKeeper.java:startScavenging(132)) - node0 Scavenging every 600000ms
2025-04-23 04:28:15,460 [main] INFO  handler.ContextHandler (ContextHandler.java:doStart(921)) - Started o.e.j.s.ServletContextHandler@1e4b5ed4{logs,/logs,file:///home/runner/work/ozone/ozone/hadoop-ozone/integration-test/target/log,AVAILABLE}
2025-04-23 04:28:15,460 [main] INFO  handler.ContextHandler (ContextHandler.java:doStart(921)) - Started o.e.j.s.ServletContextHandler@6c27ac93{static,/static,file:///home/runner/work/ozone/ozone/hadoop-ozone/integration-test/target/test-classes/webapps/static,AVAILABLE}
2025-04-23 04:28:15,464 [main] INFO  handler.ContextHandler (ContextHandler.java:doStart(921)) - Started o.e.j.w.WebAppContext@4d1e8614{ozoneManager,/,file:///home/runner/work/ozone/ozone/hadoop-ozone/integration-test/target/test-classes/webapps/ozoneManager/,AVAILABLE}{file:/home/runner/work/ozone/ozone/hadoop-ozone/integration-test/target/test-classes/webapps/ozoneManager}
2025-04-23 04:28:15,465 [main] INFO  server.AbstractConnector (AbstractConnector.java:doStart(333)) - Started ServerConnector@6c98b549{HTTP/1.1, (http/1.1)}{0.0.0.0:15011}
2025-04-23 04:28:15,465 [main] INFO  server.Server (Server.java:doStart(415)) - Started @98883ms
2025-04-23 04:28:15,465 [main] WARN  impl.MetricsSystemImpl (MetricsSystemImpl.java:register(279)) - Sink prometheus already exists!
2025-04-23 04:28:15,465 [main] INFO  http.BaseHttpServer (BaseHttpServer.java:updateConnectorAddress(360)) - HTTP server of ozoneManager listening at http://0.0.0.0:15011
2025-04-23 04:28:15,465 [IPC Server Responder] INFO  ipc.Server (Server.java:run(1713)) - IPC Server Responder: starting
2025-04-23 04:28:15,465 [IPC Server listener on 15010] INFO  ipc.Server (Server.java:run(1553)) - IPC Server listener on 15010: starting
2025-04-23 04:28:15,468 [main] INFO  om.OzoneManager (OzoneManager.java:startTrashEmptier(2257)) - Trash Interval set to 0. Files deleted won't move to trash
]]></system-out>
  </testcase>
  <testcase name="twoOMDown" classname="org.apache.hadoop.ozone.om.TestOzoneManagerHAWithStoppedNodes" time="18.237">
    <system-out><![CDATA[2025-04-23 04:28:15,470 [main] INFO  om.OzoneManager (OzoneManager.java:stop(2347)) - omNode-1[localhost:15006]: Stopping Ozone Manager
2025-04-23 04:28:15,470 [main] INFO  ipc.Server (Server.java:stop(3697)) - Stopping server on 15006
2025-04-23 04:28:15,472 [IPC Server listener on 15006] INFO  ipc.Server (Server.java:run(1585)) - Stopping IPC Server listener on 15006
2025-04-23 04:28:15,472 [main] INFO  ratis.OzoneManagerRatisServer (OzoneManagerRatisServer.java:stop(634)) - Stopping org.apache.hadoop.ozone.om.ratis.OzoneManagerRatisServer@14f3eba1 at port 15009
2025-04-23 04:28:15,472 [IPC Server Responder] INFO  ipc.Server (Server.java:run(1718)) - Stopping IPC Server Responder
2025-04-23 04:28:15,472 [main] INFO  server.RaftServer (RaftServerProxy.java:lambda$close$9(417)) - omNode-1: close
2025-04-23 04:28:15,472 [main] INFO  server.GrpcService (GrpcService.java:closeImpl(343)) - omNode-1: shutdown server GrpcServerProtocolService now
2025-04-23 04:28:15,473 [grpc-default-executor-6] WARN  server.GrpcServerProtocolService (LogUtils.java:warn(121)) - omNode-1: APPEND_ENTRIES onError, lastRequest: null: org.apache.ratis.thirdparty.io.grpc.StatusRuntimeException: CANCELLED: client cancelled
2025-04-23 04:28:15,473 [grpc-default-executor-1] WARN  server.GrpcServerProtocolService (LogUtils.java:warn(121)) - omNode-1: APPEND_ENTRIES onError, lastRequest: null: org.apache.ratis.thirdparty.io.grpc.StatusRuntimeException: CANCELLED: client cancelled
2025-04-23 04:28:15,473 [omNode-1-impl-thread1] INFO  server.RaftServer$Division (RaftServerImpl.java:lambda$close$1(513)) - omNode-1@group-523986131536: shutdown
2025-04-23 04:28:15,473 [omNode-1-impl-thread1] INFO  util.JmxRegister (JmxRegister.java:unregister(74)) - Successfully un-registered JMX Bean with object name Ratis:service=RaftServer,group=group-523986131536,id=omNode-1
2025-04-23 04:28:15,474 [grpc-default-executor-0] WARN  server.GrpcLogAppender (LogUtils.java:warn(121)) - omNode-3@group-523986131536->omNode-1-AppendLogResponseHandler: Failed appendEntries: org.apache.ratis.thirdparty.io.grpc.StatusRuntimeException: CANCELLED: RST_STREAM closed stream. HTTP/2 error code: CANCEL
2025-04-23 04:28:15,474 [grpc-default-executor-0] WARN  server.GrpcLogAppender (GrpcLogAppender.java:lambda$resetClient$1(221)) - omNode-3@group-523986131536->omNode-1-GrpcLogAppender: Follower failed (request=null, errorCount=1); keep nextIndex (107) unchanged and retry.
2025-04-23 04:28:15,474 [grpc-default-executor-1] INFO  server.GrpcLogAppender (GrpcLogAppender.java:onError(537)) - omNode-3@group-523986131536->omNode-1-GrpcLogAppender is already stopped
2025-04-23 04:28:15,474 [omNode-1-impl-thread1] INFO  impl.RoleInfo (RoleInfo.java:shutdownFollowerState(121)) - omNode-1: shutdown omNode-1@group-523986131536-FollowerState
2025-04-23 04:28:15,474 [omNode-1-impl-thread1] INFO  impl.StateMachineUpdater (StateMachineUpdater.java:stopAndJoin(164)) - omNode-1@group-523986131536-StateMachineUpdater: set stopIndex = 102
2025-04-23 04:28:15,475 [omNode-1@group-523986131536-FollowerState] INFO  impl.FollowerState (FollowerState.java:runImpl(170)) - omNode-1@group-523986131536-FollowerState was interrupted
2025-04-23 04:28:15,475 [omNode-1@group-523986131536-StateMachineUpdater] INFO  impl.StateMachineUpdater (StateMachineUpdater.java:stop(141)) - omNode-1@group-523986131536-StateMachineUpdater: closing OzoneManagerStateMachine, lastApplied=(t:8, i:102)
2025-04-23 04:28:15,475 [omNode-1@group-523986131536-StateMachineUpdater] INFO  ratis.OzoneManagerStateMachine (OzoneManagerStateMachine.java:close(550)) - Stopping OzoneManagerStateMachine:omNode-1:group-523986131536.
2025-04-23 04:28:15,475 [omNode-1@group-523986131536-StateMachineUpdater] INFO  ratis.OzoneManagerDoubleBuffer (OzoneManagerDoubleBuffer.java:stopDaemon(500)) - Stopping OMDoubleBuffer flush thread
2025-04-23 04:28:15,475 [main] INFO  server.GrpcService (GrpcService.java:closeImpl(352)) - omNode-1: shutdown server GrpcServerProtocolService successfully
2025-04-23 04:28:15,476 [grpc-default-executor-0] WARN  server.GrpcServerProtocolService (LogUtils.java:warn(121)) - omNode-1: APPEND_ENTRIES onError, lastRequest: omNode-3->omNode-1#1-t10,previous=(t:0, i:0),leaderCommit=4,initializing? true,entries: size=4, first=(t:9, i:103), CONFIGURATIONENTRY(current:id:"omNode-3"address:"localhost:15017"startupRole:FOLLOWER, id:"omNode-1"address:"localhost:15009"startupRole:FOLLOWER, id:"omNode-2"address:"localhost:15013"startupRole:FOLLOWER, old:): org.apache.ratis.thirdparty.io.grpc.StatusRuntimeException: CANCELLED: client cancelled
2025-04-23 04:28:15,476 [grpc-default-executor-4] WARN  server.GrpcServerProtocolService (LogUtils.java:warn(121)) - omNode-1: APPEND_ENTRIES onError, lastRequest: omNode-3->omNode-1#1-t10,previous=(t:9, i:104),leaderCommit=104,initializing? false,entries: size=1, first=(t:10, i:105), CONFIGURATIONENTRY(current:id:"omNode-3"address:"localhost:15017"startupRole:FOLLOWER, id:"omNode-1"address:"localhost:15009"startupRole:FOLLOWER, id:"omNode-2"address:"localhost:15013"startupRole:FOLLOWER, old:): org.apache.ratis.thirdparty.io.grpc.StatusRuntimeException: CANCELLED: client cancelled
2025-04-23 04:28:15,476 [omNode-1-OMDoubleBufferFlushThread] INFO  ratis.OzoneManagerDoubleBuffer (OzoneManagerDoubleBuffer.java:canFlush(559)) - OMDoubleBuffer flush thread omNode-1-OMDoubleBufferFlushThread is interrupted and will exit.
2025-04-23 04:28:15,476 [grpc-default-executor-1] INFO  server.GrpcLogAppender (GrpcLogAppender.java:onError(537)) - omNode-3@group-523986131536->omNode-1-GrpcLogAppender is already stopped
2025-04-23 04:28:15,477 [omNode-1@group-523986131536-cacheEviction-AwaitToRun] INFO  util.AwaitToRun (AwaitToRun.java:run(49)) - omNode-1@group-523986131536-cacheEviction-AwaitToRun-AwaitForSignal is interrupted
2025-04-23 04:28:16,363 [omNode-1-impl-thread1] INFO  segmented.SegmentedRaftLogWorker (SegmentedRaftLogWorker.java:close(252)) - omNode-1@group-523986131536-SegmentedRaftLogWorker close()
2025-04-23 04:28:16,363 [JvmPauseMonitor24] INFO  util.JvmPauseMonitor (JvmPauseMonitor.java:run(152)) - JvmPauseMonitor-omNode-1: Stopped
2025-04-23 04:28:16,364 [main] INFO  utils.BackgroundService (BackgroundService.java:shutdown(161)) - Shutting down service KeyDeletingService
2025-04-23 04:28:16,364 [main] INFO  utils.BackgroundService (BackgroundService.java:shutdown(161)) - Shutting down service DirectoryDeletingService
2025-04-23 04:28:16,365 [main] INFO  utils.BackgroundService (BackgroundService.java:shutdown(161)) - Shutting down service OpenKeyCleanupService
2025-04-23 04:28:16,365 [main] INFO  utils.BackgroundService (BackgroundService.java:shutdown(161)) - Shutting down service SstFilteringService
2025-04-23 04:28:16,366 [main] INFO  utils.BackgroundService (BackgroundService.java:shutdown(161)) - Shutting down service SnapshotDeletingService
2025-04-23 04:28:16,366 [main] INFO  utils.BackgroundService (BackgroundService.java:shutdown(161)) - Shutting down service MultipartUploadCleanupService
2025-04-23 04:28:16,367 [main] INFO  handler.ContextHandler (ContextHandler.java:doStop(1159)) - Stopped o.e.j.w.WebAppContext@5cfb0b37{ozoneManager,/,null,STOPPED}{file:/home/runner/work/ozone/ozone/hadoop-ozone/integration-test/target/test-classes/webapps/ozoneManager}
2025-04-23 04:28:16,367 [main] INFO  server.AbstractConnector (AbstractConnector.java:doStop(383)) - Stopped ServerConnector@3ad71830{HTTP/1.1, (http/1.1)}{0.0.0.0:15007}
2025-04-23 04:28:16,367 [main] INFO  server.session (HouseKeeper.java:stopScavenging(149)) - node0 Stopped scavenging
2025-04-23 04:28:16,367 [main] INFO  handler.ContextHandler (ContextHandler.java:doStop(1159)) - Stopped o.e.j.s.ServletContextHandler@7fbf5074{static,/static,file:///home/runner/work/ozone/ozone/hadoop-ozone/integration-test/target/test-classes/webapps/static,STOPPED}
2025-04-23 04:28:16,367 [main] INFO  handler.ContextHandler (ContextHandler.java:doStop(1159)) - Stopped o.e.j.s.ServletContextHandler@5ed8a66b{logs,/logs,file:///home/runner/work/ozone/ozone/hadoop-ozone/integration-test/target/log,STOPPED}
2025-04-23 04:28:16,368 [main] INFO  rocksdiff.RocksDBCheckpointDiffer (RocksDBCheckpointDiffer.java:close(304)) - Shutting down CompactionDagPruningService.
2025-04-23 04:28:16,370 [main] INFO  snapshot.SnapshotDiffManager (SnapshotDiffManager.java:closeExecutorService(1698)) - Shutting down executorService: 'SnapDiffExecutor'
2025-04-23 04:28:16,370 [main] INFO  utils.BackgroundService (BackgroundService.java:shutdown(161)) - Shutting down service SnapshotDiffCleanupService
2025-04-23 04:28:16,371 [main] INFO  om.OzoneManager (OzoneManager.java:stop(2347)) - omNode-2[localhost:15010]: Stopping Ozone Manager
2025-04-23 04:28:16,371 [main] INFO  ipc.Server (Server.java:stop(3697)) - Stopping server on 15010
2025-04-23 04:28:16,373 [IPC Server listener on 15010] INFO  ipc.Server (Server.java:run(1585)) - Stopping IPC Server listener on 15010
2025-04-23 04:28:16,373 [main] INFO  ratis.OzoneManagerRatisServer (OzoneManagerRatisServer.java:stop(634)) - Stopping org.apache.hadoop.ozone.om.ratis.OzoneManagerRatisServer@69718b8c at port 15013
2025-04-23 04:28:16,373 [IPC Server Responder] INFO  ipc.Server (Server.java:run(1718)) - Stopping IPC Server Responder
2025-04-23 04:28:16,373 [main] INFO  server.RaftServer (RaftServerProxy.java:lambda$close$9(417)) - omNode-2: close
2025-04-23 04:28:16,373 [main] INFO  server.GrpcService (GrpcService.java:closeImpl(343)) - omNode-2: shutdown server GrpcServerProtocolService now
2025-04-23 04:28:16,374 [omNode-2-impl-thread1] INFO  server.RaftServer$Division (RaftServerImpl.java:lambda$close$1(513)) - omNode-2@group-523986131536: shutdown
2025-04-23 04:28:16,374 [omNode-2-impl-thread1] INFO  util.JmxRegister (JmxRegister.java:unregister(74)) - Successfully un-registered JMX Bean with object name Ratis:service=RaftServer,group=group-523986131536,id=omNode-2
2025-04-23 04:28:16,374 [omNode-2-impl-thread1] INFO  impl.RoleInfo (RoleInfo.java:shutdownFollowerState(121)) - omNode-2: shutdown omNode-2@group-523986131536-FollowerState
2025-04-23 04:28:16,374 [omNode-2-impl-thread1] INFO  impl.StateMachineUpdater (StateMachineUpdater.java:stopAndJoin(164)) - omNode-2@group-523986131536-StateMachineUpdater: set stopIndex = 106
2025-04-23 04:28:16,374 [omNode-2@group-523986131536-FollowerState] INFO  impl.FollowerState (FollowerState.java:runImpl(170)) - omNode-2@group-523986131536-FollowerState was interrupted
2025-04-23 04:28:16,375 [grpc-default-executor-4] WARN  server.GrpcLogAppender (LogUtils.java:warn(121)) - omNode-3@group-523986131536->omNode-2-AppendLogResponseHandler: Failed appendEntries: org.apache.ratis.thirdparty.io.grpc.StatusRuntimeException: CANCELLED: RST_STREAM closed stream. HTTP/2 error code: CANCEL
2025-04-23 04:28:16,375 [grpc-default-executor-1] WARN  server.GrpcServerProtocolService (LogUtils.java:warn(121)) - omNode-2: APPEND_ENTRIES onError, lastRequest: omNode-3->omNode-2#2-t10,previous=(t:10, i:105),leaderCommit=105,initializing? false,entries: size=1, first=(t:10, i:106), METADATAENTRY(c:105): org.apache.ratis.thirdparty.io.grpc.StatusRuntimeException: CANCELLED: client cancelled
2025-04-23 04:28:16,375 [grpc-default-executor-0] WARN  server.GrpcServerProtocolService (LogUtils.java:warn(121)) - omNode-2: APPEND_ENTRIES onError, lastRequest: null: org.apache.ratis.thirdparty.io.grpc.StatusRuntimeException: CANCELLED: client cancelled
2025-04-23 04:28:16,375 [grpc-default-executor-4] WARN  server.GrpcLogAppender (GrpcLogAppender.java:lambda$resetClient$1(221)) - omNode-3@group-523986131536->omNode-2-GrpcLogAppender: Follower failed (request=null, errorCount=1); keep nextIndex (107) unchanged and retry.
2025-04-23 04:28:16,376 [main] INFO  server.GrpcService (GrpcService.java:closeImpl(352)) - omNode-2: shutdown server GrpcServerProtocolService successfully
2025-04-23 04:28:16,381 [omNode-2@group-523986131536-StateMachineUpdater] INFO  ratis.OzoneManagerStateMachine (OzoneManagerStateMachine.java:takeSnapshotImpl(510)) - omNode-2: taking snapshot. applied = (t:10, i:106), skipped = 104, notified = (t:10, i:106), current snapshot index = (t:10, i:106), took 7 ms
2025-04-23 04:28:16,381 [omNode-2@group-523986131536-StateMachineUpdater] INFO  impl.StateMachineUpdater (StateMachineUpdater.java:takeSnapshot(303)) - omNode-2@group-523986131536-StateMachineUpdater: Took a snapshot at index 106
2025-04-23 04:28:16,381 [omNode-2@group-523986131536-StateMachineUpdater] INFO  impl.StateMachineUpdater (StateMachineUpdater.java:lambda$new$0(102)) - omNode-2@group-523986131536-StateMachineUpdater: snapshotIndex: updateIncreasingly 104 -> 106
2025-04-23 04:28:16,381 [omNode-2@group-523986131536-StateMachineUpdater] INFO  impl.StateMachineUpdater (StateMachineUpdater.java:stop(141)) - omNode-2@group-523986131536-StateMachineUpdater: closing OzoneManagerStateMachine, lastApplied=(t:10, i:106)
2025-04-23 04:28:16,381 [omNode-2@group-523986131536-StateMachineUpdater] INFO  ratis.OzoneManagerStateMachine (OzoneManagerStateMachine.java:close(550)) - Stopping OzoneManagerStateMachine:omNode-2:group-523986131536.
2025-04-23 04:28:16,381 [omNode-2@group-523986131536-StateMachineUpdater] INFO  ratis.OzoneManagerDoubleBuffer (OzoneManagerDoubleBuffer.java:stopDaemon(500)) - Stopping OMDoubleBuffer flush thread
2025-04-23 04:28:16,381 [omNode-2-OMDoubleBufferFlushThread] INFO  ratis.OzoneManagerDoubleBuffer (OzoneManagerDoubleBuffer.java:canFlush(559)) - OMDoubleBuffer flush thread omNode-2-OMDoubleBufferFlushThread is interrupted and will exit.
2025-04-23 04:28:16,381 [omNode-2@group-523986131536-cacheEviction-AwaitToRun] INFO  util.AwaitToRun (AwaitToRun.java:run(49)) - omNode-2@group-523986131536-cacheEviction-AwaitToRun-AwaitForSignal is interrupted
2025-04-23 04:28:17,323 [omNode-2-impl-thread1] INFO  segmented.SegmentedRaftLogWorker (SegmentedRaftLogWorker.java:close(252)) - omNode-2@group-523986131536-SegmentedRaftLogWorker close()
2025-04-23 04:28:17,323 [JvmPauseMonitor25] INFO  util.JvmPauseMonitor (JvmPauseMonitor.java:run(152)) - JvmPauseMonitor-omNode-2: Stopped
2025-04-23 04:28:17,323 [main] INFO  utils.BackgroundService (BackgroundService.java:shutdown(161)) - Shutting down service KeyDeletingService
2025-04-23 04:28:17,324 [main] INFO  utils.BackgroundService (BackgroundService.java:shutdown(161)) - Shutting down service DirectoryDeletingService
2025-04-23 04:28:17,325 [main] INFO  utils.BackgroundService (BackgroundService.java:shutdown(161)) - Shutting down service OpenKeyCleanupService
2025-04-23 04:28:17,325 [main] INFO  utils.BackgroundService (BackgroundService.java:shutdown(161)) - Shutting down service SstFilteringService
2025-04-23 04:28:17,326 [main] INFO  utils.BackgroundService (BackgroundService.java:shutdown(161)) - Shutting down service SnapshotDeletingService
2025-04-23 04:28:17,326 [main] INFO  utils.BackgroundService (BackgroundService.java:shutdown(161)) - Shutting down service MultipartUploadCleanupService
2025-04-23 04:28:17,327 [main] INFO  handler.ContextHandler (ContextHandler.java:doStop(1159)) - Stopped o.e.j.w.WebAppContext@4d1e8614{ozoneManager,/,null,STOPPED}{file:/home/runner/work/ozone/ozone/hadoop-ozone/integration-test/target/test-classes/webapps/ozoneManager}
2025-04-23 04:28:17,327 [main] INFO  server.AbstractConnector (AbstractConnector.java:doStop(383)) - Stopped ServerConnector@6c98b549{HTTP/1.1, (http/1.1)}{0.0.0.0:15011}
2025-04-23 04:28:17,327 [main] INFO  server.session (HouseKeeper.java:stopScavenging(149)) - node0 Stopped scavenging
2025-04-23 04:28:17,327 [main] INFO  handler.ContextHandler (ContextHandler.java:doStop(1159)) - Stopped o.e.j.s.ServletContextHandler@6c27ac93{static,/static,file:///home/runner/work/ozone/ozone/hadoop-ozone/integration-test/target/test-classes/webapps/static,STOPPED}
2025-04-23 04:28:17,328 [main] INFO  handler.ContextHandler (ContextHandler.java:doStop(1159)) - Stopped o.e.j.s.ServletContextHandler@1e4b5ed4{logs,/logs,file:///home/runner/work/ozone/ozone/hadoop-ozone/integration-test/target/log,STOPPED}
2025-04-23 04:28:17,329 [main] INFO  rocksdiff.RocksDBCheckpointDiffer (RocksDBCheckpointDiffer.java:close(304)) - Shutting down CompactionDagPruningService.
2025-04-23 04:28:17,331 [main] INFO  snapshot.SnapshotDiffManager (SnapshotDiffManager.java:closeExecutorService(1698)) - Shutting down executorService: 'SnapDiffExecutor'
2025-04-23 04:28:17,331 [main] INFO  utils.BackgroundService (BackgroundService.java:shutdown(161)) - Shutting down service SnapshotDiffCleanupService
2025-04-23 04:28:17,394 [timer7] WARN  server.GrpcLogAppender (GrpcLogAppender.java:lambda$resetClient$1(221)) - omNode-2@group-523986131536->omNode-1-GrpcLogAppender: Follower failed (request=null, errorCount=24); keep nextIndex (105) unchanged and retry. (Repeated 4 times in the last 5.000s)
2025-04-23 04:28:17,395 [timer6] WARN  server.GrpcLogAppender (LogUtils.java:warn(121)) - omNode-2@group-523986131536->omNode-1-AppendLogResponseHandler: Failed appendEntries (Repeated 4 times in the last 5.001s): org.apache.ratis.thirdparty.io.grpc.StatusRuntimeException: UNAVAILABLE: io exception
2025-04-23 04:28:17,763 [omNode-3@group-523986131536-LeaderStateImpl] WARN  server.RaftServer$Division (LeaderStateImpl.java:checkLeadership(1115)) - omNode-3@group-523986131536-LeaderStateImpl: Lost leadership on term: 10. Election timeout: 1200ms. In charge for: 2476ms. Conf: conf: {index: 105, cur=peers:[omNode-3|localhost:15017, omNode-1|localhost:15009, omNode-2|localhost:15013]|listeners:[], old=null}
2025-04-23 04:28:17,763 [omNode-3@group-523986131536-LeaderStateImpl] WARN  server.RaftServer$Division (LeaderStateImpl.java:lambda$checkLeadership$21(1119)) - Follower omNode-3@group-523986131536->omNode-2(c106,m106,n107, caughtUp=true, lastRpcSendTime=180, lastRpcResponseTime=1438)
2025-04-23 04:28:17,763 [omNode-3@group-523986131536-LeaderStateImpl] WARN  server.RaftServer$Division (LeaderStateImpl.java:lambda$checkLeadership$21(1119)) - Follower omNode-3@group-523986131536->omNode-1(c102,m106,n107, caughtUp=false, lastRpcSendTime=336, lastRpcResponseTime=2400)
2025-04-23 04:28:17,764 [omNode-3@group-523986131536-LeaderStateImpl] INFO  server.RaftServer$Division (RaftServerImpl.java:setRole(378)) - omNode-3@group-523986131536: changes role from    LEADER to FOLLOWER at term 10 for StepDownReason:LOST_MAJORITY_HEARTBEATS
2025-04-23 04:28:17,764 [omNode-3@group-523986131536-LeaderStateImpl] INFO  impl.RoleInfo (RoleInfo.java:shutdownLeaderState(103)) - omNode-3: shutdown omNode-3@group-523986131536-LeaderStateImpl
2025-04-23 04:28:17,764 [omNode-3@group-523986131536->omNode-2-GrpcLogAppender-LogAppenderDaemon] WARN  server.GrpcLogAppender (GrpcLogAppender.java:mayWait(293)) - omNode-3@group-523986131536->omNode-2-GrpcLogAppender: Wait interrupted by java.lang.InterruptedException
2025-04-23 04:28:17,764 [omNode-3@group-523986131536-LeaderStateImpl] INFO  impl.PendingRequests (PendingRequests.java:sendNotLeaderResponses(287)) - omNode-3@group-523986131536-PendingRequests: sendNotLeaderResponses
2025-04-23 04:28:17,764 [omNode-3@group-523986131536->omNode-1-GrpcLogAppender-LogAppenderDaemon] WARN  server.GrpcLogAppender (GrpcLogAppender.java:mayWait(293)) - omNode-3@group-523986131536->omNode-1-GrpcLogAppender: Wait interrupted by java.lang.InterruptedException
2025-04-23 04:28:17,764 [omNode-3@group-523986131536-LeaderStateImpl] INFO  server.RaftServer$Division (ServerState.java:setLeader(272)) - omNode-3@group-523986131536: change Leader from omNode-3 to null at term 10 for StepDownReason:LOST_MAJORITY_HEARTBEATS
2025-04-23 04:28:17,765 [omNode-3@group-523986131536-LeaderStateImpl] INFO  impl.RoleInfo (RoleInfo.java:updateAndGet(148)) - omNode-3: start omNode-3@group-523986131536-FollowerState
2025-04-23 04:28:18,823 [omNode-3@group-523986131536-FollowerState] INFO  impl.FollowerState (FollowerState.java:lostMajorityHeartbeatsRecently(113)) - omNode-3@group-523986131536-FollowerState: Skipping leader election since it stepped down recently (elapsed = 1058ms < waitTime = 10s)
2025-04-23 04:28:19,000 [timer2] WARN  server.GrpcLogAppender (GrpcLogAppender.java:lambda$resetClient$1(221)) - omNode-2@group-523986131536->omNode-3-GrpcLogAppender: Follower failed (request=null, errorCount=2); keep nextIndex (105) unchanged and retry. (Repeated 2 times in the last 5.000s)
2025-04-23 04:28:19,000 [timer1] WARN  server.GrpcLogAppender (LogUtils.java:warn(121)) - omNode-2@group-523986131536->omNode-3-AppendLogResponseHandler: Failed appendEntries (Repeated 2 times in the last 5.000s): org.apache.ratis.thirdparty.io.grpc.StatusRuntimeException: CANCELLED: RST_STREAM closed stream. HTTP/2 error code: CANCEL
2025-04-23 04:28:20,012 [omNode-3@group-523986131536-FollowerState] INFO  impl.FollowerState (FollowerState.java:lostMajorityHeartbeatsRecently(113)) - omNode-3@group-523986131536-FollowerState: Skipping leader election since it stepped down recently (elapsed = 2247ms < waitTime = 10s)
2025-04-23 04:28:20,474 [timer6] WARN  server.GrpcLogAppender (LogUtils.java:warn(121)) - omNode-3@group-523986131536->omNode-1-AppendLogResponseHandler: Failed appendEntries (Repeated 14 times in the last 5.000s): org.apache.ratis.thirdparty.io.grpc.StatusRuntimeException: UNAVAILABLE: io exception
2025-04-23 04:28:20,474 [timer7] WARN  server.GrpcLogAppender (GrpcLogAppender.java:lambda$resetClient$1(221)) - omNode-3@group-523986131536->omNode-1-GrpcLogAppender: Follower failed (request=null, errorCount=14); keep nextIndex (107) unchanged and retry. (Repeated 14 times in the last 5.000s)
2025-04-23 04:28:21,059 [omNode-3@group-523986131536-FollowerState] INFO  impl.FollowerState (FollowerState.java:lostMajorityHeartbeatsRecently(113)) - omNode-3@group-523986131536-FollowerState: Skipping leader election since it stepped down recently (elapsed = 3294ms < waitTime = 10s)
2025-04-23 04:28:21,376 [timer3] WARN  server.GrpcLogAppender (LogUtils.java:warn(121)) - omNode-3@group-523986131536->omNode-2-AppendLogResponseHandler: Failed appendEntries (Repeated 10 times in the last 5.001s): org.apache.ratis.thirdparty.io.grpc.StatusRuntimeException: UNAVAILABLE: io exception
2025-04-23 04:28:21,376 [timer4] WARN  server.GrpcLogAppender (GrpcLogAppender.java:lambda$resetClient$1(221)) - omNode-3@group-523986131536->omNode-2-GrpcLogAppender: Follower failed (request=null, errorCount=10); keep nextIndex (107) unchanged and retry. (Repeated 10 times in the last 5.001s)
2025-04-23 04:28:22,186 [omNode-3@group-523986131536-FollowerState] INFO  impl.FollowerState (FollowerState.java:lostMajorityHeartbeatsRecently(113)) - omNode-3@group-523986131536-FollowerState: Skipping leader election since it stepped down recently (elapsed = 4421ms < waitTime = 10s)
2025-04-23 04:28:23,271 [omNode-3@group-523986131536-FollowerState] INFO  impl.FollowerState (FollowerState.java:lostMajorityHeartbeatsRecently(113)) - omNode-3@group-523986131536-FollowerState: Skipping leader election since it stepped down recently (elapsed = 5506ms < waitTime = 10s)
2025-04-23 04:28:24,349 [omNode-3@group-523986131536-FollowerState] INFO  impl.FollowerState (FollowerState.java:lostMajorityHeartbeatsRecently(113)) - omNode-3@group-523986131536-FollowerState: Skipping leader election since it stepped down recently (elapsed = 6584ms < waitTime = 10s)
2025-04-23 04:28:25,333 [main] INFO  rpc.RpcClient (RpcClient.java:createVolume(462)) - Creating Volume: volume01411, with user26030 as owner and space quota set to -1 bytes, counts quota set to -1
2025-04-23 04:28:25,334 [main] INFO  retry.RetryInvocationHandler (RetryInvocationHandler.java:log(426)) - com.google.protobuf.ServiceException: java.net.ConnectException: Call From fv-az1441-587/10.1.0.164 to localhost:15010 failed on connection exception: java.net.ConnectException: Connection refused; For more details see:  http://wiki.apache.org/hadoop/ConnectionRefused, while invoking $Proxy68.submitRequest over nodeId=omNode-2,nodeAddress=127.0.0.1:15010. Trying to failover immediately. Current retry count: 0.
2025-04-23 04:28:25,335 [main] INFO  retry.RetryInvocationHandler (RetryInvocationHandler.java:log(426)) - com.google.protobuf.ServiceException: org.apache.hadoop.ipc.RemoteException(org.apache.hadoop.ozone.om.exceptions.OMNotLeaderException): OM:omNode-3 is not the leader. Could not determine the leader node.
	at org.apache.hadoop.ozone.om.ratis.OzoneManagerRatisServer.newOMNotLeaderException(OzoneManagerRatisServer.java:810)
	at org.apache.hadoop.ozone.om.OzoneManager.checkLeaderStatus(OzoneManager.java:4355)
	at org.apache.hadoop.ozone.om.ratis.utils.OzoneManagerRatisUtils.checkLeaderStatus(OzoneManagerRatisUtils.java:500)
	at org.apache.hadoop.ozone.protocolPB.OzoneManagerProtocolServerSideTranslatorPB.internalProcessRequest(OzoneManagerProtocolServerSideTranslatorPB.java:165)
	at org.apache.hadoop.ozone.protocolPB.OzoneManagerProtocolServerSideTranslatorPB.processRequest(OzoneManagerProtocolServerSideTranslatorPB.java:125)
	at org.apache.hadoop.hdds.server.OzoneProtocolMessageDispatcher.processRequest(OzoneProtocolMessageDispatcher.java:87)
	at org.apache.hadoop.ozone.protocolPB.OzoneManagerProtocolServerSideTranslatorPB.submitRequest(OzoneManagerProtocolServerSideTranslatorPB.java:116)
	at org.apache.hadoop.ozone.protocol.proto.OzoneManagerProtocolProtos$OzoneManagerService$2.callBlockingMethod(OzoneManagerProtocolProtos.java)
	at org.apache.hadoop.ipc.ProtobufRpcEngine$Server.processCall(ProtobufRpcEngine.java:484)
	at org.apache.hadoop.ipc.ProtobufRpcEngine2$Server$ProtoBufRpcInvoker.call(ProtobufRpcEngine2.java:595)
	at org.apache.hadoop.ipc.ProtobufRpcEngine2$Server$ProtoBufRpcInvoker.call(ProtobufRpcEngine2.java:573)
	at org.apache.hadoop.ipc.RPC$Server.call(RPC.java:1227)
	at org.apache.hadoop.ipc.Server$RpcCall.run(Server.java:1246)
	at org.apache.hadoop.ipc.Server$RpcCall.run(Server.java:1169)
	at java.base/java.security.AccessController.doPrivileged(AccessController.java:714)
	at java.base/javax.security.auth.Subject.doAs(Subject.java:525)
	at org.apache.hadoop.security.UserGroupInformation.doAs(UserGroupInformation.java:1953)
	at org.apache.hadoop.ipc.Server$Handler.run(Server.java:3198)
, while invoking $Proxy68.submitRequest over nodeId=omNode-3,nodeAddress=127.0.0.1:15014 after 1 failover attempts. Trying to failover after sleeping for 2000ms. Current retry count: 1.
2025-04-23 04:28:25,502 [omNode-3@group-523986131536-FollowerState] INFO  impl.FollowerState (FollowerState.java:lostMajorityHeartbeatsRecently(113)) - omNode-3@group-523986131536-FollowerState: Skipping leader election since it stepped down recently (elapsed = 7737ms < waitTime = 10s)
2025-04-23 04:28:26,547 [omNode-3@group-523986131536-FollowerState] INFO  impl.FollowerState (FollowerState.java:lostMajorityHeartbeatsRecently(113)) - omNode-3@group-523986131536-FollowerState: Skipping leader election since it stepped down recently (elapsed = 8782ms < waitTime = 10s)
2025-04-23 04:28:27,336 [main] INFO  retry.RetryInvocationHandler (RetryInvocationHandler.java:log(426)) - com.google.protobuf.ServiceException: java.net.ConnectException: Call From fv-az1441-587/10.1.0.164 to localhost:15006 failed on connection exception: java.net.ConnectException: Connection refused; For more details see:  http://wiki.apache.org/hadoop/ConnectionRefused, while invoking $Proxy68.submitRequest over nodeId=omNode-1,nodeAddress=127.0.0.1:15006 after 2 failover attempts. Trying to failover immediately. Current retry count: 2.
2025-04-23 04:28:27,337 [main] INFO  retry.RetryInvocationHandler (RetryInvocationHandler.java:log(426)) - com.google.protobuf.ServiceException: java.net.ConnectException: Call From fv-az1441-587/10.1.0.164 to localhost:15010 failed on connection exception: java.net.ConnectException: Connection refused; For more details see:  http://wiki.apache.org/hadoop/ConnectionRefused, while invoking $Proxy68.submitRequest over nodeId=omNode-2,nodeAddress=127.0.0.1:15010 after 3 failover attempts. Trying to failover immediately. Current retry count: 3.
2025-04-23 04:28:27,338 [main] INFO  retry.RetryInvocationHandler (RetryInvocationHandler.java:log(426)) - com.google.protobuf.ServiceException: org.apache.hadoop.ipc.RemoteException(org.apache.hadoop.ozone.om.exceptions.OMNotLeaderException): OM:omNode-3 is not the leader. Could not determine the leader node.
	at org.apache.hadoop.ozone.om.ratis.OzoneManagerRatisServer.newOMNotLeaderException(OzoneManagerRatisServer.java:810)
	at org.apache.hadoop.ozone.om.OzoneManager.checkLeaderStatus(OzoneManager.java:4355)
	at org.apache.hadoop.ozone.om.ratis.utils.OzoneManagerRatisUtils.checkLeaderStatus(OzoneManagerRatisUtils.java:500)
	at org.apache.hadoop.ozone.protocolPB.OzoneManagerProtocolServerSideTranslatorPB.internalProcessRequest(OzoneManagerProtocolServerSideTranslatorPB.java:165)
	at org.apache.hadoop.ozone.protocolPB.OzoneManagerProtocolServerSideTranslatorPB.processRequest(OzoneManagerProtocolServerSideTranslatorPB.java:125)
	at org.apache.hadoop.hdds.server.OzoneProtocolMessageDispatcher.processRequest(OzoneProtocolMessageDispatcher.java:87)
	at org.apache.hadoop.ozone.protocolPB.OzoneManagerProtocolServerSideTranslatorPB.submitRequest(OzoneManagerProtocolServerSideTranslatorPB.java:116)
	at org.apache.hadoop.ozone.protocol.proto.OzoneManagerProtocolProtos$OzoneManagerService$2.callBlockingMethod(OzoneManagerProtocolProtos.java)
	at org.apache.hadoop.ipc.ProtobufRpcEngine$Server.processCall(ProtobufRpcEngine.java:484)
	at org.apache.hadoop.ipc.ProtobufRpcEngine2$Server$ProtoBufRpcInvoker.call(ProtobufRpcEngine2.java:595)
	at org.apache.hadoop.ipc.ProtobufRpcEngine2$Server$ProtoBufRpcInvoker.call(ProtobufRpcEngine2.java:573)
	at org.apache.hadoop.ipc.RPC$Server.call(RPC.java:1227)
	at org.apache.hadoop.ipc.Server$RpcCall.run(Server.java:1246)
	at org.apache.hadoop.ipc.Server$RpcCall.run(Server.java:1169)
	at java.base/java.security.AccessController.doPrivileged(AccessController.java:714)
	at java.base/javax.security.auth.Subject.doAs(Subject.java:525)
	at org.apache.hadoop.security.UserGroupInformation.doAs(UserGroupInformation.java:1953)
	at org.apache.hadoop.ipc.Server$Handler.run(Server.java:3198)
, while invoking $Proxy68.submitRequest over nodeId=omNode-3,nodeAddress=127.0.0.1:15014 after 4 failover attempts. Trying to failover after sleeping for 2000ms. Current retry count: 4.
2025-04-23 04:28:27,604 [omNode-3@group-523986131536-FollowerState] INFO  impl.FollowerState (FollowerState.java:lostMajorityHeartbeatsRecently(113)) - omNode-3@group-523986131536-FollowerState: Skipping leader election since it stepped down recently (elapsed = 9838ms < waitTime = 10s)
2025-04-23 04:28:28,652 [omNode-3@group-523986131536-FollowerState] INFO  impl.FollowerState (FollowerState.java:runImpl(161)) - omNode-3@group-523986131536-FollowerState: change to CANDIDATE, lastRpcElapsedTime:10887125956ns, electionTimeout:1048ms
2025-04-23 04:28:28,652 [omNode-3@group-523986131536-FollowerState] INFO  impl.RoleInfo (RoleInfo.java:shutdownFollowerState(121)) - omNode-3: shutdown omNode-3@group-523986131536-FollowerState
2025-04-23 04:28:28,652 [omNode-3@group-523986131536-FollowerState] INFO  server.RaftServer$Division (RaftServerImpl.java:setRole(378)) - omNode-3@group-523986131536: changes role from  FOLLOWER to CANDIDATE at term 10 for changeToCandidate
2025-04-23 04:28:28,654 [omNode-3@group-523986131536-FollowerState] INFO  server.RaftServerConfigKeys (ConfUtils.java:logGet(46)) - raft.server.leaderelection.pre-vote = true (default)
2025-04-23 04:28:28,654 [omNode-3@group-523986131536-FollowerState] INFO  impl.RoleInfo (RoleInfo.java:updateAndGet(148)) - omNode-3: start omNode-3@group-523986131536-LeaderElection19
2025-04-23 04:28:28,654 [omNode-3@group-523986131536-LeaderElection19] INFO  impl.LeaderElection (LeaderElection.java:askForVotes(332)) - omNode-3@group-523986131536-LeaderElection19 PRE_VOTE round 0: submit vote requests at term 10 for conf: {index: 105, cur=peers:[omNode-3|localhost:15017, omNode-1|localhost:15009, omNode-2|localhost:15013]|listeners:[], old=null}
2025-04-23 04:28:28,655 [omNode-3@group-523986131536-LeaderElection19] INFO  impl.LeaderElection (LogUtils.java:infoOrTrace(136)) - omNode-3@group-523986131536-LeaderElection19 got exception when requesting votes: java.util.concurrent.ExecutionException: org.apache.ratis.thirdparty.io.grpc.StatusRuntimeException: UNAVAILABLE: io exception
2025-04-23 04:28:28,655 [omNode-3@group-523986131536-LeaderElection19] INFO  impl.LeaderElection (LogUtils.java:infoOrTrace(136)) - omNode-3@group-523986131536-LeaderElection19 got exception when requesting votes: java.util.concurrent.ExecutionException: org.apache.ratis.thirdparty.io.grpc.StatusRuntimeException: UNAVAILABLE: io exception
2025-04-23 04:28:28,655 [omNode-3@group-523986131536-LeaderElection19] INFO  impl.LeaderElection (LeaderElection.java:logAndReturn(90)) - omNode-3@group-523986131536-LeaderElection19: PRE_VOTE REJECTED received 0 response(s) and 2 exception(s):
2025-04-23 04:28:28,655 [omNode-3@group-523986131536-LeaderElection19] INFO  impl.LeaderElection (LogUtils.java:infoOrTrace(136)) -   Exception 0: java.util.concurrent.ExecutionException: org.apache.ratis.thirdparty.io.grpc.StatusRuntimeException: UNAVAILABLE: io exception
2025-04-23 04:28:28,655 [omNode-3@group-523986131536-LeaderElection19] INFO  impl.LeaderElection (LogUtils.java:infoOrTrace(136)) -   Exception 1: java.util.concurrent.ExecutionException: org.apache.ratis.thirdparty.io.grpc.StatusRuntimeException: UNAVAILABLE: io exception
2025-04-23 04:28:28,655 [omNode-3@group-523986131536-LeaderElection19] INFO  impl.LeaderElection (LeaderElection.java:askForVotes(334)) - omNode-3@group-523986131536-LeaderElection19 PRE_VOTE round 0: result REJECTED
2025-04-23 04:28:28,655 [omNode-3@group-523986131536-LeaderElection19] INFO  server.RaftServer$Division (RaftServerImpl.java:setRole(378)) - omNode-3@group-523986131536: changes role from CANDIDATE to FOLLOWER at term 10 for REJECTED
2025-04-23 04:28:28,655 [omNode-3@group-523986131536-LeaderElection19] INFO  impl.RoleInfo (RoleInfo.java:shutdownLeaderElection(141)) - omNode-3: shutdown omNode-3@group-523986131536-LeaderElection19
2025-04-23 04:28:28,655 [omNode-3@group-523986131536-LeaderElection19] INFO  impl.RoleInfo (RoleInfo.java:updateAndGet(148)) - omNode-3: start omNode-3@group-523986131536-FollowerState
2025-04-23 04:28:29,339 [main] ERROR ha.OMFailoverProxyProviderBase (OMFailoverProxyProviderBase.java:getRetryAction(261)) - Failed to connect to OMs: [omNode-1, omNode-2, omNode-3]. Attempted 5 failovers.
2025-04-23 04:28:29,378 [main] INFO  rpc.RpcClient (RpcClient.java:createVolume(462)) - Creating Volume: volume37185, with user29155 as owner and space quota set to -1 bytes, counts quota set to -1
2025-04-23 04:28:29,379 [main] INFO  retry.RetryInvocationHandler (RetryInvocationHandler.java:log(426)) - com.google.protobuf.ServiceException: java.net.ConnectException: Call From fv-az1441-587/10.1.0.164 to localhost:15006 failed on connection exception: java.net.ConnectException: Connection refused; For more details see:  http://wiki.apache.org/hadoop/ConnectionRefused, while invoking $Proxy68.submitRequest over nodeId=omNode-1,nodeAddress=127.0.0.1:15006. Trying to failover immediately. Current retry count: 0.
2025-04-23 04:28:29,379 [main] INFO  retry.RetryInvocationHandler (RetryInvocationHandler.java:log(426)) - com.google.protobuf.ServiceException: java.net.ConnectException: Call From fv-az1441-587/10.1.0.164 to localhost:15010 failed on connection exception: java.net.ConnectException: Connection refused; For more details see:  http://wiki.apache.org/hadoop/ConnectionRefused, while invoking $Proxy68.submitRequest over nodeId=omNode-2,nodeAddress=127.0.0.1:15010 after 1 failover attempts. Trying to failover immediately. Current retry count: 1.
2025-04-23 04:28:29,380 [main] INFO  retry.RetryInvocationHandler (RetryInvocationHandler.java:log(426)) - com.google.protobuf.ServiceException: org.apache.hadoop.ipc.RemoteException(org.apache.hadoop.ozone.om.exceptions.OMNotLeaderException): OM:omNode-3 is not the leader. Could not determine the leader node.
	at org.apache.hadoop.ozone.om.ratis.OzoneManagerRatisServer.newOMNotLeaderException(OzoneManagerRatisServer.java:810)
	at org.apache.hadoop.ozone.om.OzoneManager.checkLeaderStatus(OzoneManager.java:4355)
	at org.apache.hadoop.ozone.om.ratis.utils.OzoneManagerRatisUtils.checkLeaderStatus(OzoneManagerRatisUtils.java:500)
	at org.apache.hadoop.ozone.protocolPB.OzoneManagerProtocolServerSideTranslatorPB.internalProcessRequest(OzoneManagerProtocolServerSideTranslatorPB.java:165)
	at org.apache.hadoop.ozone.protocolPB.OzoneManagerProtocolServerSideTranslatorPB.processRequest(OzoneManagerProtocolServerSideTranslatorPB.java:125)
	at org.apache.hadoop.hdds.server.OzoneProtocolMessageDispatcher.processRequest(OzoneProtocolMessageDispatcher.java:87)
	at org.apache.hadoop.ozone.protocolPB.OzoneManagerProtocolServerSideTranslatorPB.submitRequest(OzoneManagerProtocolServerSideTranslatorPB.java:116)
	at org.apache.hadoop.ozone.protocol.proto.OzoneManagerProtocolProtos$OzoneManagerService$2.callBlockingMethod(OzoneManagerProtocolProtos.java)
	at org.apache.hadoop.ipc.ProtobufRpcEngine$Server.processCall(ProtobufRpcEngine.java:484)
	at org.apache.hadoop.ipc.ProtobufRpcEngine2$Server$ProtoBufRpcInvoker.call(ProtobufRpcEngine2.java:595)
	at org.apache.hadoop.ipc.ProtobufRpcEngine2$Server$ProtoBufRpcInvoker.call(ProtobufRpcEngine2.java:573)
	at org.apache.hadoop.ipc.RPC$Server.call(RPC.java:1227)
	at org.apache.hadoop.ipc.Server$RpcCall.run(Server.java:1246)
	at org.apache.hadoop.ipc.Server$RpcCall.run(Server.java:1169)
	at java.base/java.security.AccessController.doPrivileged(AccessController.java:714)
	at java.base/javax.security.auth.Subject.doAs(Subject.java:525)
	at org.apache.hadoop.security.UserGroupInformation.doAs(UserGroupInformation.java:1953)
	at org.apache.hadoop.ipc.Server$Handler.run(Server.java:3198)
, while invoking $Proxy68.submitRequest over nodeId=omNode-3,nodeAddress=127.0.0.1:15014 after 2 failover attempts. Trying to failover after sleeping for 2000ms. Current retry count: 2.
2025-04-23 04:28:29,724 [omNode-3@group-523986131536-FollowerState] INFO  impl.FollowerState (FollowerState.java:runImpl(161)) - omNode-3@group-523986131536-FollowerState: change to CANDIDATE, lastRpcElapsedTime:1069343840ns, electionTimeout:1069ms
2025-04-23 04:28:29,724 [omNode-3@group-523986131536-FollowerState] INFO  impl.RoleInfo (RoleInfo.java:shutdownFollowerState(121)) - omNode-3: shutdown omNode-3@group-523986131536-FollowerState
2025-04-23 04:28:29,724 [omNode-3@group-523986131536-FollowerState] INFO  server.RaftServer$Division (RaftServerImpl.java:setRole(378)) - omNode-3@group-523986131536: changes role from  FOLLOWER to CANDIDATE at term 10 for changeToCandidate
2025-04-23 04:28:29,725 [omNode-3@group-523986131536-FollowerState] INFO  server.RaftServerConfigKeys (ConfUtils.java:logGet(46)) - raft.server.leaderelection.pre-vote = true (default)
2025-04-23 04:28:29,725 [omNode-3@group-523986131536-FollowerState] INFO  impl.RoleInfo (RoleInfo.java:updateAndGet(148)) - omNode-3: start omNode-3@group-523986131536-LeaderElection20
2025-04-23 04:28:29,725 [omNode-3@group-523986131536-LeaderElection20] INFO  impl.LeaderElection (LeaderElection.java:askForVotes(332)) - omNode-3@group-523986131536-LeaderElection20 PRE_VOTE round 0: submit vote requests at term 10 for conf: {index: 105, cur=peers:[omNode-3|localhost:15017, omNode-1|localhost:15009, omNode-2|localhost:15013]|listeners:[], old=null}
2025-04-23 04:28:29,726 [omNode-3@group-523986131536-LeaderElection20] INFO  impl.LeaderElection (LogUtils.java:infoOrTrace(136)) - omNode-3@group-523986131536-LeaderElection20 got exception when requesting votes: java.util.concurrent.ExecutionException: org.apache.ratis.thirdparty.io.grpc.StatusRuntimeException: UNAVAILABLE: io exception
2025-04-23 04:28:29,726 [omNode-3@group-523986131536-LeaderElection20] INFO  impl.LeaderElection (LogUtils.java:infoOrTrace(136)) - omNode-3@group-523986131536-LeaderElection20 got exception when requesting votes: java.util.concurrent.ExecutionException: org.apache.ratis.thirdparty.io.grpc.StatusRuntimeException: UNAVAILABLE: io exception
2025-04-23 04:28:29,726 [omNode-3@group-523986131536-LeaderElection20] INFO  impl.LeaderElection (LeaderElection.java:logAndReturn(90)) - omNode-3@group-523986131536-LeaderElection20: PRE_VOTE REJECTED received 0 response(s) and 2 exception(s):
2025-04-23 04:28:29,726 [omNode-3@group-523986131536-LeaderElection20] INFO  impl.LeaderElection (LogUtils.java:infoOrTrace(136)) -   Exception 0: java.util.concurrent.ExecutionException: org.apache.ratis.thirdparty.io.grpc.StatusRuntimeException: UNAVAILABLE: io exception
2025-04-23 04:28:29,726 [omNode-3@group-523986131536-LeaderElection20] INFO  impl.LeaderElection (LogUtils.java:infoOrTrace(136)) -   Exception 1: java.util.concurrent.ExecutionException: org.apache.ratis.thirdparty.io.grpc.StatusRuntimeException: UNAVAILABLE: io exception
2025-04-23 04:28:29,726 [omNode-3@group-523986131536-LeaderElection20] INFO  impl.LeaderElection (LeaderElection.java:askForVotes(334)) - omNode-3@group-523986131536-LeaderElection20 PRE_VOTE round 0: result REJECTED
2025-04-23 04:28:29,726 [omNode-3@group-523986131536-LeaderElection20] INFO  server.RaftServer$Division (RaftServerImpl.java:setRole(378)) - omNode-3@group-523986131536: changes role from CANDIDATE to FOLLOWER at term 10 for REJECTED
2025-04-23 04:28:29,726 [omNode-3@group-523986131536-LeaderElection20] INFO  impl.RoleInfo (RoleInfo.java:shutdownLeaderElection(141)) - omNode-3: shutdown omNode-3@group-523986131536-LeaderElection20
2025-04-23 04:28:29,726 [omNode-3@group-523986131536-LeaderElection20] INFO  impl.RoleInfo (RoleInfo.java:updateAndGet(148)) - omNode-3: start omNode-3@group-523986131536-FollowerState
2025-04-23 04:28:30,814 [omNode-3@group-523986131536-FollowerState] INFO  impl.FollowerState (FollowerState.java:runImpl(161)) - omNode-3@group-523986131536-FollowerState: change to CANDIDATE, lastRpcElapsedTime:1088273079ns, electionTimeout:1088ms
2025-04-23 04:28:30,814 [omNode-3@group-523986131536-FollowerState] INFO  impl.RoleInfo (RoleInfo.java:shutdownFollowerState(121)) - omNode-3: shutdown omNode-3@group-523986131536-FollowerState
2025-04-23 04:28:30,814 [omNode-3@group-523986131536-FollowerState] INFO  server.RaftServer$Division (RaftServerImpl.java:setRole(378)) - omNode-3@group-523986131536: changes role from  FOLLOWER to CANDIDATE at term 10 for changeToCandidate
2025-04-23 04:28:30,814 [omNode-3@group-523986131536-FollowerState] INFO  server.RaftServerConfigKeys (ConfUtils.java:logGet(46)) - raft.server.leaderelection.pre-vote = true (default)
2025-04-23 04:28:30,815 [omNode-3@group-523986131536-FollowerState] INFO  impl.RoleInfo (RoleInfo.java:updateAndGet(148)) - omNode-3: start omNode-3@group-523986131536-LeaderElection21
2025-04-23 04:28:30,815 [omNode-3@group-523986131536-LeaderElection21] INFO  impl.LeaderElection (LeaderElection.java:askForVotes(332)) - omNode-3@group-523986131536-LeaderElection21 PRE_VOTE round 0: submit vote requests at term 10 for conf: {index: 105, cur=peers:[omNode-3|localhost:15017, omNode-1|localhost:15009, omNode-2|localhost:15013]|listeners:[], old=null}
2025-04-23 04:28:30,815 [omNode-3@group-523986131536-LeaderElection21] INFO  impl.LeaderElection (LogUtils.java:infoOrTrace(136)) - omNode-3@group-523986131536-LeaderElection21 got exception when requesting votes: java.util.concurrent.ExecutionException: org.apache.ratis.thirdparty.io.grpc.StatusRuntimeException: UNAVAILABLE: io exception
2025-04-23 04:28:30,815 [omNode-3@group-523986131536-LeaderElection21] INFO  impl.LeaderElection (LogUtils.java:infoOrTrace(136)) - omNode-3@group-523986131536-LeaderElection21 got exception when requesting votes: java.util.concurrent.ExecutionException: org.apache.ratis.thirdparty.io.grpc.StatusRuntimeException: UNAVAILABLE: io exception
2025-04-23 04:28:30,815 [omNode-3@group-523986131536-LeaderElection21] INFO  impl.LeaderElection (LeaderElection.java:logAndReturn(90)) - omNode-3@group-523986131536-LeaderElection21: PRE_VOTE REJECTED received 0 response(s) and 2 exception(s):
2025-04-23 04:28:30,815 [omNode-3@group-523986131536-LeaderElection21] INFO  impl.LeaderElection (LogUtils.java:infoOrTrace(136)) -   Exception 0: java.util.concurrent.ExecutionException: org.apache.ratis.thirdparty.io.grpc.StatusRuntimeException: UNAVAILABLE: io exception
2025-04-23 04:28:30,815 [omNode-3@group-523986131536-LeaderElection21] INFO  impl.LeaderElection (LogUtils.java:infoOrTrace(136)) -   Exception 1: java.util.concurrent.ExecutionException: org.apache.ratis.thirdparty.io.grpc.StatusRuntimeException: UNAVAILABLE: io exception
2025-04-23 04:28:30,815 [omNode-3@group-523986131536-LeaderElection21] INFO  impl.LeaderElection (LeaderElection.java:askForVotes(334)) - omNode-3@group-523986131536-LeaderElection21 PRE_VOTE round 0: result REJECTED
2025-04-23 04:28:30,816 [omNode-3@group-523986131536-LeaderElection21] INFO  server.RaftServer$Division (RaftServerImpl.java:setRole(378)) - omNode-3@group-523986131536: changes role from CANDIDATE to FOLLOWER at term 10 for REJECTED
2025-04-23 04:28:30,816 [omNode-3@group-523986131536-LeaderElection21] INFO  impl.RoleInfo (RoleInfo.java:shutdownLeaderElection(141)) - omNode-3: shutdown omNode-3@group-523986131536-LeaderElection21
2025-04-23 04:28:30,816 [omNode-3@group-523986131536-LeaderElection21] INFO  impl.RoleInfo (RoleInfo.java:updateAndGet(148)) - omNode-3: start omNode-3@group-523986131536-FollowerState
2025-04-23 04:28:31,381 [main] INFO  retry.RetryInvocationHandler (RetryInvocationHandler.java:log(426)) - com.google.protobuf.ServiceException: java.net.ConnectException: Call From fv-az1441-587/10.1.0.164 to localhost:15006 failed on connection exception: java.net.ConnectException: Connection refused; For more details see:  http://wiki.apache.org/hadoop/ConnectionRefused, while invoking $Proxy68.submitRequest over nodeId=omNode-1,nodeAddress=127.0.0.1:15006 after 3 failover attempts. Trying to failover immediately. Current retry count: 3.
2025-04-23 04:28:31,381 [main] INFO  retry.RetryInvocationHandler (RetryInvocationHandler.java:log(426)) - com.google.protobuf.ServiceException: java.net.ConnectException: Call From fv-az1441-587/10.1.0.164 to localhost:15010 failed on connection exception: java.net.ConnectException: Connection refused; For more details see:  http://wiki.apache.org/hadoop/ConnectionRefused, while invoking $Proxy68.submitRequest over nodeId=omNode-2,nodeAddress=127.0.0.1:15010 after 4 failover attempts. Trying to failover immediately. Current retry count: 4.
2025-04-23 04:28:31,383 [main] ERROR ha.OMFailoverProxyProviderBase (OMFailoverProxyProviderBase.java:getRetryAction(261)) - Failed to connect to OMs: [omNode-1, omNode-2, omNode-3]. Attempted 5 failovers.
2025-04-23 04:28:31,383 [main] INFO  om.OzoneManager (OzoneManager.java:stop(2347)) - omNode-3[localhost:15014]: Stopping Ozone Manager
2025-04-23 04:28:31,383 [main] INFO  ipc.Server (Server.java:stop(3697)) - Stopping server on 15014
2025-04-23 04:28:31,385 [IPC Server listener on 15014] INFO  ipc.Server (Server.java:run(1585)) - Stopping IPC Server listener on 15014
2025-04-23 04:28:31,385 [main] INFO  ratis.OzoneManagerRatisServer (OzoneManagerRatisServer.java:stop(634)) - Stopping org.apache.hadoop.ozone.om.ratis.OzoneManagerRatisServer@21bd93ab at port 15017
2025-04-23 04:28:31,385 [main] INFO  server.RaftServer (RaftServerProxy.java:lambda$close$9(417)) - omNode-3: close
2025-04-23 04:28:31,385 [main] INFO  server.GrpcService (GrpcService.java:closeImpl(343)) - omNode-3: shutdown server GrpcServerProtocolService now
2025-04-23 04:28:31,385 [IPC Server Responder] INFO  ipc.Server (Server.java:run(1718)) - Stopping IPC Server Responder
2025-04-23 04:28:31,386 [omNode-3-impl-thread1] INFO  server.RaftServer$Division (RaftServerImpl.java:lambda$close$1(513)) - omNode-3@group-523986131536: shutdown
2025-04-23 04:28:31,386 [omNode-3-impl-thread1] INFO  util.JmxRegister (JmxRegister.java:unregister(74)) - Successfully un-registered JMX Bean with object name Ratis:service=RaftServer,group=group-523986131536,id=omNode-3
2025-04-23 04:28:31,386 [omNode-3-impl-thread1] INFO  impl.RoleInfo (RoleInfo.java:shutdownFollowerState(121)) - omNode-3: shutdown omNode-3@group-523986131536-FollowerState
2025-04-23 04:28:31,386 [omNode-3-impl-thread1] INFO  impl.StateMachineUpdater (StateMachineUpdater.java:stopAndJoin(164)) - omNode-3@group-523986131536-StateMachineUpdater: set stopIndex = 106
2025-04-23 04:28:31,387 [Thread-3681] INFO  server.GrpcServerProtocolClient (GrpcServerProtocolClient.java:close(105)) - omNode-1 Close channels
2025-04-23 04:28:31,387 [omNode-3@group-523986131536-FollowerState] INFO  impl.FollowerState (FollowerState.java:runImpl(170)) - omNode-3@group-523986131536-FollowerState was interrupted
2025-04-23 04:28:31,387 [Thread-3682] INFO  server.GrpcServerProtocolClient (GrpcServerProtocolClient.java:close(105)) - omNode-2 Close channels
2025-04-23 04:28:31,388 [main] INFO  server.GrpcService (GrpcService.java:closeImpl(352)) - omNode-3: shutdown server GrpcServerProtocolService successfully
2025-04-23 04:28:31,392 [omNode-3@group-523986131536-StateMachineUpdater] INFO  ratis.OzoneManagerStateMachine (OzoneManagerStateMachine.java:takeSnapshotImpl(510)) - omNode-3: taking snapshot. applied = (t:10, i:106), skipped = 104, notified = (t:10, i:106), current snapshot index = (t:10, i:106), took 6 ms
2025-04-23 04:28:31,392 [omNode-3@group-523986131536-StateMachineUpdater] INFO  impl.StateMachineUpdater (StateMachineUpdater.java:takeSnapshot(303)) - omNode-3@group-523986131536-StateMachineUpdater: Took a snapshot at index 106
2025-04-23 04:28:31,392 [omNode-3@group-523986131536-StateMachineUpdater] INFO  impl.StateMachineUpdater (StateMachineUpdater.java:lambda$new$0(102)) - omNode-3@group-523986131536-StateMachineUpdater: snapshotIndex: updateIncreasingly 104 -> 106
2025-04-23 04:28:31,392 [omNode-3@group-523986131536-StateMachineUpdater] INFO  impl.StateMachineUpdater (StateMachineUpdater.java:stop(141)) - omNode-3@group-523986131536-StateMachineUpdater: closing OzoneManagerStateMachine, lastApplied=(t:10, i:106)
2025-04-23 04:28:31,392 [omNode-3@group-523986131536-StateMachineUpdater] INFO  ratis.OzoneManagerStateMachine (OzoneManagerStateMachine.java:close(550)) - Stopping OzoneManagerStateMachine:omNode-3:group-523986131536.
2025-04-23 04:28:31,392 [omNode-3@group-523986131536-StateMachineUpdater] INFO  ratis.OzoneManagerDoubleBuffer (OzoneManagerDoubleBuffer.java:stopDaemon(500)) - Stopping OMDoubleBuffer flush thread
2025-04-23 04:28:31,392 [omNode-3-OMDoubleBufferFlushThread] INFO  ratis.OzoneManagerDoubleBuffer (OzoneManagerDoubleBuffer.java:canFlush(559)) - OMDoubleBuffer flush thread omNode-3-OMDoubleBufferFlushThread is interrupted and will exit.
2025-04-23 04:28:31,393 [omNode-3@group-523986131536-cacheEviction-AwaitToRun] INFO  util.AwaitToRun (AwaitToRun.java:run(49)) - omNode-3@group-523986131536-cacheEviction-AwaitToRun-AwaitForSignal is interrupted
2025-04-23 04:28:32,323 [omNode-3-impl-thread1] INFO  segmented.SegmentedRaftLogWorker (SegmentedRaftLogWorker.java:close(252)) - omNode-3@group-523986131536-SegmentedRaftLogWorker close()
2025-04-23 04:28:32,324 [JvmPauseMonitor23] INFO  util.JvmPauseMonitor (JvmPauseMonitor.java:run(152)) - JvmPauseMonitor-omNode-3: Stopped
2025-04-23 04:28:32,324 [main] INFO  utils.BackgroundService (BackgroundService.java:shutdown(161)) - Shutting down service KeyDeletingService
2025-04-23 04:28:32,324 [main] INFO  utils.BackgroundService (BackgroundService.java:shutdown(161)) - Shutting down service DirectoryDeletingService
2025-04-23 04:28:32,325 [main] INFO  utils.BackgroundService (BackgroundService.java:shutdown(161)) - Shutting down service OpenKeyCleanupService
2025-04-23 04:28:32,326 [main] INFO  utils.BackgroundService (BackgroundService.java:shutdown(161)) - Shutting down service SstFilteringService
2025-04-23 04:28:32,326 [main] INFO  utils.BackgroundService (BackgroundService.java:shutdown(161)) - Shutting down service SnapshotDeletingService
2025-04-23 04:28:32,326 [main] INFO  utils.BackgroundService (BackgroundService.java:shutdown(161)) - Shutting down service MultipartUploadCleanupService
2025-04-23 04:28:32,327 [main] INFO  handler.ContextHandler (ContextHandler.java:doStop(1159)) - Stopped o.e.j.w.WebAppContext@27627749{ozoneManager,/,null,STOPPED}{file:/home/runner/work/ozone/ozone/hadoop-ozone/integration-test/target/test-classes/webapps/ozoneManager}
2025-04-23 04:28:32,327 [main] INFO  server.AbstractConnector (AbstractConnector.java:doStop(383)) - Stopped ServerConnector@54176a75{HTTP/1.1, (http/1.1)}{0.0.0.0:15015}
2025-04-23 04:28:32,328 [main] INFO  server.session (HouseKeeper.java:stopScavenging(149)) - node0 Stopped scavenging
2025-04-23 04:28:32,328 [main] INFO  handler.ContextHandler (ContextHandler.java:doStop(1159)) - Stopped o.e.j.s.ServletContextHandler@51b2414{static,/static,file:///home/runner/work/ozone/ozone/hadoop-ozone/integration-test/target/test-classes/webapps/static,STOPPED}
2025-04-23 04:28:32,328 [main] INFO  handler.ContextHandler (ContextHandler.java:doStop(1159)) - Stopped o.e.j.s.ServletContextHandler@283eaaaa{logs,/logs,file:///home/runner/work/ozone/ozone/hadoop-ozone/integration-test/target/log,STOPPED}
2025-04-23 04:28:32,328 [main] INFO  rocksdiff.RocksDBCheckpointDiffer (RocksDBCheckpointDiffer.java:close(304)) - Shutting down CompactionDagPruningService.
2025-04-23 04:28:32,330 [main] INFO  snapshot.SnapshotDiffManager (SnapshotDiffManager.java:closeExecutorService(1698)) - Shutting down executorService: 'SnapDiffExecutor'
2025-04-23 04:28:32,330 [main] INFO  utils.BackgroundService (BackgroundService.java:shutdown(161)) - Shutting down service SnapshotDiffCleanupService
2025-04-23 04:28:32,331 [main] INFO  om.OzoneManager (OzoneManager.java:stop(2347)) - omNode-1[localhost:15006]: Stopping Ozone Manager
2025-04-23 04:28:32,331 [main] INFO  om.OzoneManager (OzoneManager.java:stop(2347)) - omNode-2[localhost:15010]: Stopping Ozone Manager
2025-04-23 04:28:32,331 [main] INFO  om.OzoneManager (OzoneManager.java:restart(1878)) - OzoneManager RPC server is listening at localhost/127.0.0.1:15014
2025-04-23 04:28:32,331 [main] INFO  impl.MetricsSystemImpl (MetricsSystemImpl.java:init(158)) - OzoneManager metrics system started (again)
2025-04-23 04:28:32,343 [main] WARN  server.ServerUtils (ServerUtils.java:getDBPath(297)) - ozone.om.db.dirs is not configured. We recommend adding this setting. Falling back to ozone.metadata.dirs instead.
2025-04-23 04:28:32,383 [main] INFO  om.OzoneManager (OzoneManager.java:instantiateServices(933)) - S3 Multi-Tenancy is disabled
2025-04-23 04:28:32,383 [main] INFO  om.OmSnapshotManager (OmSnapshotManager.java:<init>(180)) - Ozone filesystem snapshot feature is enabled.
2025-04-23 04:28:32,383 [main] WARN  server.ServerUtils (ServerUtils.java:getDBPath(297)) - ozone.om.snapshot.diff.db.dir is not configured. We recommend adding this setting. Falling back to ozone.metadata.dirs instead.
2025-04-23 04:28:32,398 [main] WARN  server.ServerUtils (ServerUtils.java:getDefaultRatisDirectory(309)) - Storage directory for Ratis is not configured. It is a good idea to map this to an SSD disk. Falling back to ozone.metadata.dirs
2025-04-23 04:28:32,398 [main] INFO  server.RaftServerConfigKeys (ConfUtils.java:logGet(46)) - raft.server.log.appender.buffer.byte-limit = 4194304 (custom)
2025-04-23 04:28:32,399 [main] INFO  ratis.OzoneManagerRatisServer (OzoneManagerRatisServer.java:<init>(167)) - Instantiating OM Ratis server with groupID: om-service-test1 and peers: localhost:15017, localhost:15009, localhost:15013
2025-04-23 04:28:32,399 [main] INFO  ratis.OzoneManagerStateMachine (OzoneManagerStateMachine.java:loadSnapshotInfoFromDB(611)) - LastAppliedIndex is set from TransactionInfo from OM DB as (t:10, i:106)
2025-04-23 04:28:32,399 [main] INFO  server.RaftServer (ConfUtils.java:logGet(46)) - raft.rpc.type = GRPC (default)
2025-04-23 04:28:32,400 [main] INFO  grpc.GrpcConfigKeys (ConfUtils.java:logFallback(53)) - raft.grpc.admin.host = null (fallback to raft.grpc.server.host)
2025-04-23 04:28:32,400 [main] INFO  grpc.GrpcConfigKeys (ConfUtils.java:logFallback(53)) - raft.grpc.admin.port = 15017 (fallback to raft.grpc.server.port)
2025-04-23 04:28:32,400 [main] INFO  grpc.GrpcConfigKeys (ConfUtils.java:logFallback(53)) - raft.grpc.client.host = null (fallback to raft.grpc.server.host)
2025-04-23 04:28:32,400 [main] INFO  grpc.GrpcConfigKeys (ConfUtils.java:logFallback(53)) - raft.grpc.client.port = 15017 (fallback to raft.grpc.server.port)
2025-04-23 04:28:32,400 [main] INFO  grpc.GrpcConfigKeys (ConfUtils.java:logGet(46)) - raft.grpc.server.host = null (default)
2025-04-23 04:28:32,400 [main] INFO  grpc.GrpcConfigKeys (ConfUtils.java:logGet(46)) - raft.grpc.server.port = 15017 (custom)
2025-04-23 04:28:32,400 [main] INFO  server.GrpcService (ConfUtils.java:logGet(46)) - raft.grpc.message.size.max = 5242880 (custom)
2025-04-23 04:28:32,400 [main] INFO  server.GrpcService (ConfUtils.java:logGet(46)) - raft.grpc.flow.control.window = 1MB (=1048576) (default)
2025-04-23 04:28:32,400 [main] INFO  server.RaftServerConfigKeys (ConfUtils.java:logGet(46)) - raft.server.rpc.request.timeout = 3000ms (default)
2025-04-23 04:28:32,400 [main] INFO  grpc.GrpcConfigKeys (ConfUtils.java:logGet(46)) - raft.grpc.server.heartbeat.channel = true (default)
2025-04-23 04:28:32,400 [main] INFO  server.RaftServerConfigKeys (ConfUtils.java:logGet(46)) - raft.server.log.appender.buffer.byte-limit = 4194304 (custom)
2025-04-23 04:28:32,400 [main] INFO  grpc.GrpcConfigKeys (ConfUtils.java:logGet(46)) - raft.grpc.server.async.request.thread.pool.cached = true (default)
2025-04-23 04:28:32,400 [main] INFO  grpc.GrpcConfigKeys (ConfUtils.java:logGet(46)) - raft.grpc.server.async.request.thread.pool.size = 32 (default)
2025-04-23 04:28:32,401 [main] INFO  impl.DataStreamServerImpl (ConfUtils.java:logGet(46)) - raft.datastream.type = DISABLED (default)
2025-04-23 04:28:32,401 [main] INFO  server.RaftServerConfigKeys (ConfUtils.java:logGet(46)) - raft.server.sleep.deviation.threshold = 300ms (default)
2025-04-23 04:28:32,401 [main] INFO  server.RaftServerConfigKeys (ConfUtils.java:logGet(46)) - raft.server.close.threshold = 60s (default)
2025-04-23 04:28:32,401 [main] INFO  server.RaftServerConfigKeys (ConfUtils.java:logGet(46)) - raft.server.leaderelection.leader.step-down.wait-time = 10s (default)
2025-04-23 04:28:32,401 [main] INFO  server.RaftServerConfigKeys (ConfUtils.java:logGet(46)) - raft.server.storage.dir = [/home/runner/work/ozone/ozone/hadoop-ozone/integration-test/target/test-dir/MiniOzoneClusterImpl-ff59c164-3798-4a7f-a16d-eeed9ffb3244/omNode-3/ratis] (custom)
2025-04-23 04:28:32,402 [main] INFO  server.RaftServerConfigKeys (ConfUtils.java:logGet(46)) - raft.server.threadpool.proxy.cached = true (default)
2025-04-23 04:28:32,402 [main] INFO  server.RaftServerConfigKeys (ConfUtils.java:logGet(46)) - raft.server.threadpool.proxy.size = 0 (default)
2025-04-23 04:28:32,402 [omNode-3-impl-thread1] INFO  server.RaftServer (RaftServerProxy.java:initGroupDir(265)) - omNode-3: found a subdirectory /home/runner/work/ozone/ozone/hadoop-ozone/integration-test/target/test-dir/MiniOzoneClusterImpl-ff59c164-3798-4a7f-a16d-eeed9ffb3244/omNode-3/ratis/c9bc4cf4-3bc3-3c60-a66b-523986131536
2025-04-23 04:28:32,402 [main] INFO  server.RaftServer (RaftServerProxy.java:addNew(100)) - omNode-3: addNew group-523986131536:[omNode-3|localhost:15017, omNode-1|localhost:15009, omNode-2|localhost:15013] returns group-523986131536:java.util.concurrent.CompletableFuture@2ae66fac[Not completed]
2025-04-23 04:28:32,403 [main] INFO  om.OzoneManager (OzoneManager.java:initializeRatisServer(2303)) - OzoneManager Ratis server initialized at port 15017
2025-04-23 04:28:32,403 [main] INFO  ratis.OzoneManagerRatisServer (OzoneManagerRatisServer.java:start(628)) - Starting OzoneManagerRatisServer omNode-3 at port 15017
2025-04-23 04:28:32,402 [omNode-3-groupManagement] INFO  server.RaftServer$Division (RaftServerImpl.java:<init>(255)) - omNode-3: new RaftServerImpl for group-523986131536:[omNode-3|localhost:15017, omNode-1|localhost:15009, omNode-2|localhost:15013] with OzoneManagerStateMachine:uninitialized
2025-04-23 04:28:32,403 [omNode-3-groupManagement] INFO  server.RaftServerConfigKeys (ConfUtils.java:logGet(46)) - raft.server.rpc.timeout.min = 1s (custom)
2025-04-23 04:28:32,403 [omNode-3-groupManagement] INFO  server.RaftServerConfigKeys (ConfUtils.java:logGet(46)) - raft.server.rpc.timeout.max = 1200ms (custom)
2025-04-23 04:28:32,403 [omNode-3-groupManagement] INFO  server.RaftServerConfigKeys (ConfUtils.java:logGet(46)) - raft.server.rpc.sleep.time = 25ms (default)
2025-04-23 04:28:32,403 [omNode-3-groupManagement] INFO  server.RaftServerConfigKeys (ConfUtils.java:logGet(46)) - raft.server.rpc.slowness.timeout = 2s (custom)
2025-04-23 04:28:32,403 [omNode-3-groupManagement] INFO  server.RaftServerConfigKeys (ConfUtils.java:logGet(46)) - raft.server.leaderelection.leader.step-down.wait-time = 10s (default)
2025-04-23 04:28:32,403 [omNode-3-groupManagement] INFO  server.RaftServerConfigKeys (ConfUtils.java:logGet(46)) - raft.server.leaderelection.member.majority-add = false (default)
2025-04-23 04:28:32,403 [omNode-3-groupManagement] INFO  server.RaftServerConfigKeys (ConfUtils.java:logGet(46)) - raft.server.sleep.deviation.threshold = 300ms (default)
2025-04-23 04:28:32,403 [omNode-3-groupManagement] INFO  server.RaftServer$Division (ServerState.java:<init>(114)) - omNode-3@group-523986131536: ConfigurationManager, init=conf: {index: -1, cur=peers:[omNode-3|localhost:15017, omNode-1|localhost:15009, omNode-2|localhost:15013]|listeners:[], old=null}, confs=<EMPTY_MAP>
2025-04-23 04:28:32,403 [omNode-3-groupManagement] INFO  server.RaftServerConfigKeys (ConfUtils.java:logGet(46)) - raft.server.notification.no-leader.timeout = 2s (custom)
2025-04-23 04:28:32,403 [omNode-3-groupManagement] INFO  server.RaftServerConfigKeys (ConfUtils.java:logGet(46)) - raft.server.read.timeout = 10s (default)
2025-04-23 04:28:32,403 [omNode-3-groupManagement] INFO  server.RaftServerConfigKeys (ConfUtils.java:logGet(46)) - raft.server.retrycache.expirytime = 30000ms (custom)
2025-04-23 04:28:32,403 [omNode-3-groupManagement] INFO  server.RaftServerConfigKeys (ConfUtils.java:logGet(46)) - raft.server.retrycache.statistics.expirytime = 100ms (default)
2025-04-23 04:28:32,403 [omNode-3-groupManagement] INFO  server.RaftServerConfigKeys (ConfUtils.java:logGet(46)) - raft.server.read.option = DEFAULT (default)
2025-04-23 04:28:32,403 [omNode-3-groupManagement] INFO  server.RaftServerConfigKeys (ConfUtils.java:logGet(46)) - raft.server.read.read-after-write-consistent.write-index-cache.expiry-time = 60s (default)
2025-04-23 04:28:32,405 [omNode-3-groupManagement] INFO  server.RaftServerConfigKeys (ConfUtils.java:logGet(46)) - raft.server.rpc.request.timeout = 3000ms (default)
2025-04-23 04:28:32,405 [omNode-3-groupManagement] INFO  server.RaftServerConfigKeys (ConfUtils.java:logGet(46)) - raft.server.log.appender.install.snapshot.enabled = false (custom)
2025-04-23 04:28:32,405 [omNode-3-groupManagement] INFO  server.RaftServerConfigKeys (ConfUtils.java:logGet(46)) - raft.server.threadpool.server.cached = true (default)
2025-04-23 04:28:32,406 [omNode-3-groupManagement] INFO  server.RaftServerConfigKeys (ConfUtils.java:logGet(46)) - raft.server.threadpool.server.size = 0 (default)
2025-04-23 04:28:32,406 [omNode-3-groupManagement] INFO  server.RaftServerConfigKeys (ConfUtils.java:logGet(46)) - raft.server.threadpool.client.cached = true (default)
2025-04-23 04:28:32,406 [omNode-3-groupManagement] INFO  server.RaftServerConfigKeys (ConfUtils.java:logGet(46)) - raft.server.threadpool.client.size = 0 (default)
2025-04-23 04:28:32,406 [omNode-3-impl-thread1] INFO  server.RaftServerConfigKeys (ConfUtils.java:logGet(46)) - raft.server.storage.free-space.min = 0MB (=0) (default)
2025-04-23 04:28:32,406 [omNode-3-impl-thread1] INFO  server.RaftServerConfigKeys (ConfUtils.java:logGet(46)) - raft.server.log.corruption.policy = EXCEPTION (default)
2025-04-23 04:28:32,406 [omNode-3-impl-thread1] INFO  server.RaftServerConfigKeys (ConfUtils.java:logGet(46)) - raft.server.storage.dir = [/home/runner/work/ozone/ozone/hadoop-ozone/integration-test/target/test-dir/MiniOzoneClusterImpl-ff59c164-3798-4a7f-a16d-eeed9ffb3244/omNode-3/ratis] (custom)
2025-04-23 04:28:32,407 [omNode-3-impl-thread1] INFO  storage.RaftStorageDirectory (RaftStorageDirectoryImpl.java:tryLock(229)) - Lock on /home/runner/work/ozone/ozone/hadoop-ozone/integration-test/target/test-dir/MiniOzoneClusterImpl-ff59c164-3798-4a7f-a16d-eeed9ffb3244/omNode-3/ratis/c9bc4cf4-3bc3-3c60-a66b-523986131536/in_use.lock acquired by nodename 129558@fv-az1441-587
2025-04-23 04:28:32,408 [omNode-3-impl-thread1] INFO  storage.RaftStorage (RaftStorageImpl.java:analyzeAndRecoverStorage(118)) - Read RaftStorageMetadata{term=10, votedFor=omNode-3} from /home/runner/work/ozone/ozone/hadoop-ozone/integration-test/target/test-dir/MiniOzoneClusterImpl-ff59c164-3798-4a7f-a16d-eeed9ffb3244/omNode-3/ratis/c9bc4cf4-3bc3-3c60-a66b-523986131536/current/raft-meta
2025-04-23 04:28:32,408 [omNode-3-impl-thread1] INFO  server.RaftServer$Division (ServerState.java:setRaftConf(386)) - omNode-3@group-523986131536: set configuration conf: {index: 105, cur=peers:[omNode-3|localhost:15017, omNode-1|localhost:15009, omNode-2|localhost:15013]|listeners:[], old=null}
2025-04-23 04:28:32,408 [omNode-3-impl-thread1] INFO  ratis.OzoneManagerStateMachine (OzoneManagerStateMachine.java:lambda$0(138)) - omNode-3: initialize group-523986131536 with (t:10, i:106)
2025-04-23 04:28:32,408 [omNode-3-impl-thread1] INFO  server.RaftServerConfigKeys (ConfUtils.java:logGet(46)) - raft.server.log.use.memory = false (default)
2025-04-23 04:28:32,408 [omNode-3-impl-thread1] INFO  server.RaftServerConfigKeys (ConfUtils.java:logGet(46)) - raft.server.log.purge.gap = 50 (custom)
2025-04-23 04:28:32,408 [omNode-3-impl-thread1] INFO  server.RaftServerConfigKeys (ConfUtils.java:logGet(46)) - raft.server.log.appender.buffer.byte-limit = 4194304 (custom)
2025-04-23 04:28:32,408 [omNode-3-impl-thread1] INFO  server.RaftServerConfigKeys (ConfUtils.java:logGet(46)) - raft.server.log.statemachine.data.read.timeout = 1000ms (default)
2025-04-23 04:28:32,408 [omNode-3-impl-thread1] INFO  server.RaftServerConfigKeys (ConfUtils.java:logGet(46)) - raft.server.log.purge.preservation.log.num = 0 (default)
2025-04-23 04:28:32,409 [omNode-3-impl-thread1] INFO  server.RaftServerConfigKeys (ConfUtils.java:logGet(46)) - raft.server.log.segment.size.max = 4194304 (custom)
2025-04-23 04:28:32,409 [omNode-3-impl-thread1] INFO  server.RaftServerConfigKeys (ConfUtils.java:logGet(46)) - raft.server.log.segment.cache.num.max = 2 (custom)
2025-04-23 04:28:32,409 [omNode-3-impl-thread1] INFO  server.RaftServerConfigKeys (ConfUtils.java:logGet(46)) - raft.server.log.segment.cache.size.max = 200MB (=209715200) (default)
2025-04-23 04:28:32,409 [omNode-3-impl-thread1] INFO  server.RaftServerConfigKeys (ConfUtils.java:logGet(46)) - raft.server.log.appender.buffer.byte-limit = 4194304 (custom)
2025-04-23 04:28:32,410 [omNode-3-impl-thread1] INFO  util.AwaitToRun (AwaitToRun.java:start(81)) - Thread[#4422,omNode-3@group-523986131536-cacheEviction-AwaitToRun,5,main] started
2025-04-23 04:28:32,410 [omNode-3-impl-thread1] INFO  segmented.SegmentedRaftLogWorker (SegmentedRaftLogWorker.java:<init>(188)) - new omNode-3@group-523986131536-SegmentedRaftLogWorker for RaftStorageImpl:Storage Directory /home/runner/work/ozone/ozone/hadoop-ozone/integration-test/target/test-dir/MiniOzoneClusterImpl-ff59c164-3798-4a7f-a16d-eeed9ffb3244/omNode-3/ratis/c9bc4cf4-3bc3-3c60-a66b-523986131536
2025-04-23 04:28:32,410 [omNode-3-impl-thread1] INFO  server.RaftServerConfigKeys (ConfUtils.java:logGet(46)) - raft.server.log.queue.byte-limit = 64MB (=67108864) (default)
2025-04-23 04:28:32,410 [omNode-3-impl-thread1] INFO  server.RaftServerConfigKeys (ConfUtils.java:logGet(46)) - raft.server.log.queue.element-limit = 4096 (default)
2025-04-23 04:28:32,410 [omNode-3-impl-thread1] INFO  server.RaftServerConfigKeys (ConfUtils.java:logGet(46)) - raft.server.log.segment.size.max = 4194304 (custom)
2025-04-23 04:28:32,410 [omNode-3-impl-thread1] INFO  server.RaftServerConfigKeys (ConfUtils.java:logGet(46)) - raft.server.log.preallocated.size = 4194304 (custom)
2025-04-23 04:28:32,410 [omNode-3-impl-thread1] INFO  server.RaftServerConfigKeys (ConfUtils.java:logGet(46)) - raft.server.log.force.sync.num = 128 (default)
2025-04-23 04:28:32,410 [omNode-3-impl-thread1] INFO  server.RaftServerConfigKeys (ConfUtils.java:logGet(46)) - raft.server.log.statemachine.data.sync = true (default)
2025-04-23 04:28:32,411 [omNode-3-impl-thread1] INFO  server.RaftServerConfigKeys (ConfUtils.java:logGet(46)) - raft.server.log.statemachine.data.sync.timeout = 10s (default)
2025-04-23 04:28:32,411 [omNode-3-impl-thread1] INFO  server.RaftServerConfigKeys (ConfUtils.java:logGet(46)) - raft.server.log.statemachine.data.sync.timeout.retry = -1 (default)
2025-04-23 04:28:32,411 [omNode-3-impl-thread1] INFO  server.RaftServerConfigKeys (ConfUtils.java:logGet(46)) - raft.server.log.write.buffer.size = 4194312 (custom)
2025-04-23 04:28:32,411 [omNode-3-impl-thread1] INFO  server.RaftServerConfigKeys (ConfUtils.java:logGet(46)) - raft.server.log.appender.buffer.byte-limit = 4194304 (custom)
2025-04-23 04:28:32,411 [omNode-3-impl-thread1] INFO  server.RaftServerConfigKeys (ConfUtils.java:logGet(46)) - raft.server.log.unsafe-flush.enabled = false (default)
2025-04-23 04:28:32,411 [omNode-3-impl-thread1] INFO  server.RaftServerConfigKeys (ConfUtils.java:logGet(46)) - raft.server.log.async-flush.enabled = false (default)
2025-04-23 04:28:32,411 [omNode-3-impl-thread1] INFO  server.RaftServerConfigKeys (ConfUtils.java:logGet(46)) - raft.server.log.statemachine.data.caching.enabled = false (default)
2025-04-23 04:28:32,412 [omNode-3-impl-thread1] INFO  server.RaftServer$Division (ServerState.java:setRaftConf(386)) - omNode-3@group-523986131536: set configuration conf: {index: 103, cur=peers:[omNode-3|localhost:15017, omNode-1|localhost:15009, omNode-2|localhost:15013]|listeners:[], old=null}
2025-04-23 04:28:32,412 [omNode-3-impl-thread1] INFO  segmented.LogSegment (LogSegment.java:loadSegment(171)) - Successfully read 2 entries from segment file /home/runner/work/ozone/ozone/hadoop-ozone/integration-test/target/test-dir/MiniOzoneClusterImpl-ff59c164-3798-4a7f-a16d-eeed9ffb3244/omNode-3/ratis/c9bc4cf4-3bc3-3c60-a66b-523986131536/current/log_103-104
2025-04-23 04:28:32,412 [omNode-3-impl-thread1] INFO  server.RaftServer$Division (ServerState.java:setRaftConf(386)) - omNode-3@group-523986131536: set configuration conf: {index: 105, cur=peers:[omNode-3|localhost:15017, omNode-1|localhost:15009, omNode-2|localhost:15013]|listeners:[], old=null}
2025-04-23 04:28:32,412 [omNode-3-impl-thread1] INFO  segmented.LogSegment (LogSegment.java:loadSegment(171)) - Successfully read 2 entries from segment file /home/runner/work/ozone/ozone/hadoop-ozone/integration-test/target/test-dir/MiniOzoneClusterImpl-ff59c164-3798-4a7f-a16d-eeed9ffb3244/omNode-3/ratis/c9bc4cf4-3bc3-3c60-a66b-523986131536/current/log_inprogress_105
2025-04-23 04:28:32,412 [omNode-3-impl-thread1] INFO  segmented.SegmentedRaftLogWorker (SegmentedRaftLogWorker.java:lambda$new$0(139)) - omNode-3@group-523986131536-SegmentedRaftLogWorker: flushIndex: setUnconditionally 0 -> 106
2025-04-23 04:28:32,412 [omNode-3-impl-thread1] INFO  segmented.SegmentedRaftLogWorker (SegmentedRaftLogWorker.java:lambda$new$0(139)) - omNode-3@group-523986131536-SegmentedRaftLogWorker: safeCacheEvictIndex: setUnconditionally 0 -> 104
2025-04-23 04:28:32,412 [omNode-3-impl-thread1] INFO  segmented.BufferedWriteChannel (BufferedWriteChannel.java:open(61)) - open log_inprogress_105 (append) at position 125
2025-04-23 04:28:32,413 [omNode-3-impl-thread1] INFO  raftlog.RaftLog (RaftLogBase.java:lambda$new$0(54)) - omNode-3@group-523986131536-SegmentedRaftLog: purgeIndex: updateToMax old=-1, new=102, updated? true
2025-04-23 04:28:32,413 [omNode-3-impl-thread1] INFO  server.RaftServer$Division (RaftServerImpl.java:start(391)) - omNode-3@group-523986131536: start as a follower, conf=conf: {index: 105, cur=peers:[omNode-3|localhost:15017, omNode-1|localhost:15009, omNode-2|localhost:15013]|listeners:[], old=null}
2025-04-23 04:28:32,413 [omNode-3-impl-thread1] INFO  server.RaftServer$Division (RaftServerImpl.java:setRole(378)) - omNode-3@group-523986131536: changes role from      null to FOLLOWER at term 10 for startAsFollower
2025-04-23 04:28:32,413 [omNode-3-impl-thread1] INFO  impl.RoleInfo (RoleInfo.java:updateAndGet(148)) - omNode-3: start omNode-3@group-523986131536-FollowerState
2025-04-23 04:28:32,413 [omNode-3@group-523986131536-FollowerState] INFO  server.RaftServerConfigKeys (ConfUtils.java:logFallback(53)) - raft.server.rpc.first-election.timeout.min = 1s (fallback to raft.server.rpc.timeout.min)
2025-04-23 04:28:32,413 [omNode-3-impl-thread1] INFO  util.JmxRegister (JmxRegister.java:tryRegister(44)) - Successfully registered JMX Bean with object name Ratis:service=RaftServer,group=group-523986131536,id=omNode-3
2025-04-23 04:28:32,413 [omNode-3-impl-thread1] INFO  util.JmxRegister (JmxRegister.java:register(58)) - register mxBean class org.apache.ratis.server.impl.RaftServerJmxAdapter as Ratis:service=RaftServer,group=group-523986131536,id=omNode-3
2025-04-23 04:28:32,413 [omNode-3-impl-thread1] INFO  server.RaftServerConfigKeys (ConfUtils.java:logGet(46)) - raft.server.snapshot.trigger-when-stop.enabled = true (default)
2025-04-23 04:28:32,413 [omNode-3-impl-thread1] INFO  server.RaftServerConfigKeys (ConfUtils.java:logGet(46)) - raft.server.snapshot.trigger-when-remove.enabled = true (default)
2025-04-23 04:28:32,413 [omNode-3-impl-thread1] INFO  server.RaftServerConfigKeys (ConfUtils.java:logGet(46)) - raft.server.snapshot.auto.trigger.enabled = true (custom)
2025-04-23 04:28:32,413 [omNode-3-impl-thread1] INFO  server.RaftServerConfigKeys (ConfUtils.java:logGet(46)) - raft.server.snapshot.auto.trigger.threshold = 50 (custom)
2025-04-23 04:28:32,413 [omNode-3-impl-thread1] INFO  server.RaftServerConfigKeys (ConfUtils.java:logGet(46)) - raft.server.snapshot.retention.file.num = -1 (default)
2025-04-23 04:28:32,413 [omNode-3-impl-thread1] INFO  server.RaftServerConfigKeys (ConfUtils.java:logGet(46)) - raft.server.log.purge.upto.snapshot.index = true (custom)
2025-04-23 04:28:32,413 [omNode-3@group-523986131536-FollowerState] INFO  server.RaftServerConfigKeys (ConfUtils.java:logFallback(53)) - raft.server.rpc.first-election.timeout.max = 1200ms (fallback to raft.server.rpc.timeout.max)
2025-04-23 04:28:32,414 [omNode-3-impl-thread1] INFO  server.RaftServer$Division (RaftServerImpl.java:start(405)) - omNode-3@group-523986131536: Successfully started.
2025-04-23 04:28:32,414 [main] INFO  server.RaftServer (RaftServerProxy.java:startImpl(407)) - omNode-3: start RPC server
2025-04-23 04:28:32,414 [main] INFO  server.GrpcService (GrpcService.java:startImpl(334)) - omNode-3: GrpcService started, listening on 15017
2025-04-23 04:28:32,415 [main] INFO  om.OzoneManager (OzoneManager.java:getRpcServer(1360)) - Creating RPC Server
2025-04-23 04:28:32,415 [JvmPauseMonitor26] INFO  util.JvmPauseMonitor (JvmPauseMonitor.java:run(146)) - JvmPauseMonitor-omNode-3: Started
2025-04-23 04:28:32,761 [main] INFO  reflections.Reflections (Reflections.java:scan(219)) - Reflections took 346 ms to scan 22 urls, producing 61 keys and 7422 values
2025-04-23 04:28:32,762 [main] INFO  ipc.CallQueueManager (CallQueueManager.java:<init>(93)) - Using callQueue: class java.util.concurrent.LinkedBlockingQueue, queueCapacity: 2000, scheduler: class org.apache.hadoop.ipc.DefaultRpcScheduler, ipcBackoff: false, ipcFailOver: false.
2025-04-23 04:28:32,763 [main] INFO  ipc.Server (Server.java:<init>(1438)) - Listener at localhost:15014
2025-04-23 04:28:32,763 [Socket Reader #1 for port 15014] INFO  ipc.Server (Server.java:run(1474)) - Starting Socket Reader #1 for port 15014
2025-04-23 04:28:32,763 [Socket Reader #2 for port 15014] INFO  ipc.Server (Server.java:run(1474)) - Starting Socket Reader #2 for port 15014
2025-04-23 04:28:32,764 [Socket Reader #3 for port 15014] INFO  ipc.Server (Server.java:run(1474)) - Starting Socket Reader #3 for port 15014
2025-04-23 04:28:32,764 [Socket Reader #4 for port 15014] INFO  ipc.Server (Server.java:run(1474)) - Starting Socket Reader #4 for port 15014
2025-04-23 04:28:32,764 [Socket Reader #5 for port 15014] INFO  ipc.Server (Server.java:run(1474)) - Starting Socket Reader #5 for port 15014
2025-04-23 04:28:32,764 [Socket Reader #6 for port 15014] INFO  ipc.Server (Server.java:run(1474)) - Starting Socket Reader #6 for port 15014
2025-04-23 04:28:32,764 [Socket Reader #7 for port 15014] INFO  ipc.Server (Server.java:run(1474)) - Starting Socket Reader #7 for port 15014
2025-04-23 04:28:32,764 [Socket Reader #8 for port 15014] INFO  ipc.Server (Server.java:run(1474)) - Starting Socket Reader #8 for port 15014
2025-04-23 04:28:32,764 [Socket Reader #9 for port 15014] INFO  ipc.Server (Server.java:run(1474)) - Starting Socket Reader #9 for port 15014
2025-04-23 04:28:32,765 [Socket Reader #10 for port 15014] INFO  ipc.Server (Server.java:run(1474)) - Starting Socket Reader #10 for port 15014
2025-04-23 04:28:32,766 [main] INFO  http.BaseHttpServer (BaseHttpServer.java:newHttpServer2BuilderForOzone(229)) - Starting Web-server for ozoneManager at: http://0.0.0.0:15015
2025-04-23 04:28:32,766 [main] INFO  http.BaseHttpServer (BaseHttpServer.java:<init>(107)) - Hadoop Security Enabled: false Ozone Security Enabled: false Ozone HTTP Security Enabled: false 
2025-04-23 04:28:32,767 [main] WARN  server.AuthenticationFilter (AuthenticationFilter.java:constructSecretProvider(240)) - Unable to initialize FileSignerSecretProvider, falling back to use random secrets. Reason: Could not read signature secret file: /home/runner/hadoop-http-auth-signature-secret
2025-04-23 04:28:32,769 [main] INFO  http.HttpServer2 (HttpServer2.java:addGlobalFilter(1041)) - Added global filter 'safety' (class=org.apache.hadoop.hdds.server.http.HttpServer2$QuotingInputFilter)
2025-04-23 04:28:32,770 [main] INFO  http.HttpServer2 (HttpServer2.java:addFilter(1017)) - Added filter static_user_filter (class=org.apache.hadoop.http.lib.StaticUserWebFilter$StaticUserFilter) to context ozoneManager
2025-04-23 04:28:32,770 [main] INFO  http.HttpServer2 (HttpServer2.java:addFilter(1025)) - Added filter static_user_filter (class=org.apache.hadoop.http.lib.StaticUserWebFilter$StaticUserFilter) to context logs
2025-04-23 04:28:32,770 [main] INFO  http.HttpServer2 (HttpServer2.java:addFilter(1025)) - Added filter static_user_filter (class=org.apache.hadoop.http.lib.StaticUserWebFilter$StaticUserFilter) to context static
2025-04-23 04:28:32,770 [main] INFO  http.BaseHttpServer (BaseHttpServer.java:<init>(195)) - HTTP server of ozoneManager uses base directory /home/runner/work/ozone/ozone/hadoop-ozone/integration-test/target/test-dir/MiniOzoneClusterImpl-ff59c164-3798-4a7f-a16d-eeed9ffb3244/omNode-3/webserver
2025-04-23 04:28:32,771 [main] INFO  http.HttpServer2 (HttpServer2.java:bindListener(1241)) - Jetty bound to port 15015
2025-04-23 04:28:32,771 [main] INFO  server.Server (Server.java:doStart(375)) - jetty-9.4.57.v20241219; built: 2025-01-08T21:24:30.412Z; git: df524e6b29271c2e09ba9aea83c18dc9db464a31; jvm 21.0.7+6-LTS
2025-04-23 04:28:32,772 [main] INFO  server.session (DefaultSessionIdManager.java:doStart(334)) - DefaultSessionIdManager workerName=node0
2025-04-23 04:28:32,772 [main] INFO  server.session (DefaultSessionIdManager.java:doStart(339)) - No SessionScavenger set, using defaults
2025-04-23 04:28:32,772 [main] INFO  server.session (HouseKeeper.java:startScavenging(132)) - node0 Scavenging every 660000ms
2025-04-23 04:28:32,773 [main] INFO  handler.ContextHandler (ContextHandler.java:doStart(921)) - Started o.e.j.s.ServletContextHandler@3f3f9cab{logs,/logs,file:///home/runner/work/ozone/ozone/hadoop-ozone/integration-test/target/log,AVAILABLE}
2025-04-23 04:28:32,773 [main] INFO  handler.ContextHandler (ContextHandler.java:doStart(921)) - Started o.e.j.s.ServletContextHandler@693a8b07{static,/static,file:///home/runner/work/ozone/ozone/hadoop-ozone/integration-test/target/test-classes/webapps/static,AVAILABLE}
2025-04-23 04:28:32,777 [main] INFO  handler.ContextHandler (ContextHandler.java:doStart(921)) - Started o.e.j.w.WebAppContext@d0c6cab{ozoneManager,/,file:///home/runner/work/ozone/ozone/hadoop-ozone/integration-test/target/test-classes/webapps/ozoneManager/,AVAILABLE}{file:/home/runner/work/ozone/ozone/hadoop-ozone/integration-test/target/test-classes/webapps/ozoneManager}
2025-04-23 04:28:32,777 [main] INFO  server.AbstractConnector (AbstractConnector.java:doStart(333)) - Started ServerConnector@234d37cd{HTTP/1.1, (http/1.1)}{0.0.0.0:15015}
2025-04-23 04:28:32,777 [main] INFO  server.Server (Server.java:doStart(415)) - Started @116196ms
2025-04-23 04:28:32,777 [main] WARN  impl.MetricsSystemImpl (MetricsSystemImpl.java:register(279)) - Sink prometheus already exists!
2025-04-23 04:28:32,777 [main] INFO  http.BaseHttpServer (BaseHttpServer.java:updateConnectorAddress(360)) - HTTP server of ozoneManager listening at http://0.0.0.0:15015
2025-04-23 04:28:32,778 [IPC Server Responder] INFO  ipc.Server (Server.java:run(1713)) - IPC Server Responder: starting
2025-04-23 04:28:32,778 [IPC Server listener on 15014] INFO  ipc.Server (Server.java:run(1553)) - IPC Server listener on 15014: starting
2025-04-23 04:28:32,780 [main] INFO  om.OzoneManager (OzoneManager.java:startTrashEmptier(2257)) - Trash Interval set to 0. Files deleted won't move to trash
2025-04-23 04:28:32,780 [main] INFO  om.OzoneManager (OzoneManager.java:restart(1878)) - OzoneManager RPC server is listening at localhost/127.0.0.1:15006
2025-04-23 04:28:32,780 [main] INFO  impl.MetricsSystemImpl (MetricsSystemImpl.java:init(158)) - OzoneManager metrics system started (again)
2025-04-23 04:28:32,791 [main] WARN  server.ServerUtils (ServerUtils.java:getDBPath(297)) - ozone.om.db.dirs is not configured. We recommend adding this setting. Falling back to ozone.metadata.dirs instead.
2025-04-23 04:28:32,845 [main] INFO  om.OzoneManager (OzoneManager.java:instantiateServices(933)) - S3 Multi-Tenancy is disabled
2025-04-23 04:28:32,845 [main] INFO  om.OmSnapshotManager (OmSnapshotManager.java:<init>(180)) - Ozone filesystem snapshot feature is enabled.
2025-04-23 04:28:32,845 [main] WARN  server.ServerUtils (ServerUtils.java:getDBPath(297)) - ozone.om.snapshot.diff.db.dir is not configured. We recommend adding this setting. Falling back to ozone.metadata.dirs instead.
2025-04-23 04:28:32,858 [main] WARN  dropwizard3.Dm3MetricRegistriesImpl (Dm3MetricRegistriesImpl.java:addReporterRegistration(114)) - New reporters are added after registries were created. Some metrics will be missing from the reporter. Please add reporter before adding any new registry.
2025-04-23 04:28:32,858 [main] WARN  dropwizard3.Dm3MetricRegistriesImpl (Dm3MetricRegistriesImpl.java:addReporterRegistration(114)) - New reporters are added after registries were created. Some metrics will be missing from the reporter. Please add reporter before adding any new registry.
2025-04-23 04:28:32,859 [main] WARN  server.ServerUtils (ServerUtils.java:getDefaultRatisDirectory(309)) - Storage directory for Ratis is not configured. It is a good idea to map this to an SSD disk. Falling back to ozone.metadata.dirs
2025-04-23 04:28:32,859 [main] INFO  server.RaftServerConfigKeys (ConfUtils.java:logGet(46)) - raft.server.log.appender.buffer.byte-limit = 4194304 (custom)
2025-04-23 04:28:32,860 [main] INFO  ratis.OzoneManagerRatisServer (OzoneManagerRatisServer.java:<init>(167)) - Instantiating OM Ratis server with groupID: om-service-test1 and peers: localhost:15009, localhost:15017, localhost:15013
2025-04-23 04:28:32,860 [main] INFO  ratis.OzoneManagerStateMachine (OzoneManagerStateMachine.java:loadSnapshotInfoFromDB(611)) - LastAppliedIndex is set from TransactionInfo from OM DB as (t:8, i:102)
2025-04-23 04:28:32,860 [main] INFO  server.RaftServer (ConfUtils.java:logGet(46)) - raft.rpc.type = GRPC (default)
2025-04-23 04:28:32,860 [main] INFO  grpc.GrpcConfigKeys (ConfUtils.java:logFallback(53)) - raft.grpc.admin.host = null (fallback to raft.grpc.server.host)
2025-04-23 04:28:32,860 [main] INFO  grpc.GrpcConfigKeys (ConfUtils.java:logFallback(53)) - raft.grpc.admin.port = 15009 (fallback to raft.grpc.server.port)
2025-04-23 04:28:32,860 [main] INFO  grpc.GrpcConfigKeys (ConfUtils.java:logFallback(53)) - raft.grpc.client.host = null (fallback to raft.grpc.server.host)
2025-04-23 04:28:32,861 [main] INFO  grpc.GrpcConfigKeys (ConfUtils.java:logFallback(53)) - raft.grpc.client.port = 15009 (fallback to raft.grpc.server.port)
2025-04-23 04:28:32,861 [main] INFO  grpc.GrpcConfigKeys (ConfUtils.java:logGet(46)) - raft.grpc.server.host = null (default)
2025-04-23 04:28:32,861 [main] INFO  grpc.GrpcConfigKeys (ConfUtils.java:logGet(46)) - raft.grpc.server.port = 15009 (custom)
2025-04-23 04:28:32,861 [main] INFO  server.GrpcService (ConfUtils.java:logGet(46)) - raft.grpc.message.size.max = 5242880 (custom)
2025-04-23 04:28:32,861 [main] INFO  server.GrpcService (ConfUtils.java:logGet(46)) - raft.grpc.flow.control.window = 1MB (=1048576) (default)
2025-04-23 04:28:32,861 [main] INFO  server.RaftServerConfigKeys (ConfUtils.java:logGet(46)) - raft.server.rpc.request.timeout = 3000ms (default)
2025-04-23 04:28:32,861 [main] INFO  grpc.GrpcConfigKeys (ConfUtils.java:logGet(46)) - raft.grpc.server.heartbeat.channel = true (default)
2025-04-23 04:28:32,861 [main] INFO  server.RaftServerConfigKeys (ConfUtils.java:logGet(46)) - raft.server.log.appender.buffer.byte-limit = 4194304 (custom)
2025-04-23 04:28:32,861 [main] INFO  grpc.GrpcConfigKeys (ConfUtils.java:logGet(46)) - raft.grpc.server.async.request.thread.pool.cached = true (default)
2025-04-23 04:28:32,861 [main] INFO  grpc.GrpcConfigKeys (ConfUtils.java:logGet(46)) - raft.grpc.server.async.request.thread.pool.size = 32 (default)
2025-04-23 04:28:32,862 [main] INFO  impl.DataStreamServerImpl (ConfUtils.java:logGet(46)) - raft.datastream.type = DISABLED (default)
2025-04-23 04:28:32,862 [main] INFO  server.RaftServerConfigKeys (ConfUtils.java:logGet(46)) - raft.server.sleep.deviation.threshold = 300ms (default)
2025-04-23 04:28:32,862 [main] INFO  server.RaftServerConfigKeys (ConfUtils.java:logGet(46)) - raft.server.close.threshold = 60s (default)
2025-04-23 04:28:32,863 [main] INFO  server.RaftServerConfigKeys (ConfUtils.java:logGet(46)) - raft.server.leaderelection.leader.step-down.wait-time = 10s (default)
2025-04-23 04:28:32,863 [main] INFO  server.RaftServerConfigKeys (ConfUtils.java:logGet(46)) - raft.server.storage.dir = [/home/runner/work/ozone/ozone/hadoop-ozone/integration-test/target/test-dir/MiniOzoneClusterImpl-ff59c164-3798-4a7f-a16d-eeed9ffb3244/omNode-1/ratis] (custom)
2025-04-23 04:28:32,863 [main] INFO  server.RaftServerConfigKeys (ConfUtils.java:logGet(46)) - raft.server.threadpool.proxy.cached = true (default)
2025-04-23 04:28:32,863 [main] INFO  server.RaftServerConfigKeys (ConfUtils.java:logGet(46)) - raft.server.threadpool.proxy.size = 0 (default)
2025-04-23 04:28:32,863 [omNode-1-impl-thread1] INFO  server.RaftServer (RaftServerProxy.java:initGroupDir(265)) - omNode-1: found a subdirectory /home/runner/work/ozone/ozone/hadoop-ozone/integration-test/target/test-dir/MiniOzoneClusterImpl-ff59c164-3798-4a7f-a16d-eeed9ffb3244/omNode-1/ratis/c9bc4cf4-3bc3-3c60-a66b-523986131536
2025-04-23 04:28:32,864 [main] INFO  server.RaftServer (RaftServerProxy.java:addNew(100)) - omNode-1: addNew group-523986131536:[omNode-3|localhost:15017, omNode-1|localhost:15009, omNode-2|localhost:15013] returns group-523986131536:java.util.concurrent.CompletableFuture@77ba7c3a[Not completed]
2025-04-23 04:28:32,864 [main] INFO  om.OzoneManager (OzoneManager.java:initializeRatisServer(2303)) - OzoneManager Ratis server initialized at port 15009
2025-04-23 04:28:32,864 [main] INFO  ratis.OzoneManagerRatisServer (OzoneManagerRatisServer.java:start(628)) - Starting OzoneManagerRatisServer omNode-1 at port 15009
2025-04-23 04:28:32,864 [omNode-1-groupManagement] INFO  server.RaftServer$Division (RaftServerImpl.java:<init>(255)) - omNode-1: new RaftServerImpl for group-523986131536:[omNode-3|localhost:15017, omNode-1|localhost:15009, omNode-2|localhost:15013] with OzoneManagerStateMachine:uninitialized
2025-04-23 04:28:32,864 [omNode-1-groupManagement] INFO  server.RaftServerConfigKeys (ConfUtils.java:logGet(46)) - raft.server.rpc.timeout.min = 1s (custom)
2025-04-23 04:28:32,864 [omNode-1-groupManagement] INFO  server.RaftServerConfigKeys (ConfUtils.java:logGet(46)) - raft.server.rpc.timeout.max = 1200ms (custom)
2025-04-23 04:28:32,864 [omNode-1-groupManagement] INFO  server.RaftServerConfigKeys (ConfUtils.java:logGet(46)) - raft.server.rpc.sleep.time = 25ms (default)
2025-04-23 04:28:32,864 [omNode-1-groupManagement] INFO  server.RaftServerConfigKeys (ConfUtils.java:logGet(46)) - raft.server.rpc.slowness.timeout = 2s (custom)
2025-04-23 04:28:32,864 [omNode-1-groupManagement] INFO  server.RaftServerConfigKeys (ConfUtils.java:logGet(46)) - raft.server.leaderelection.leader.step-down.wait-time = 10s (default)
2025-04-23 04:28:32,864 [omNode-1-groupManagement] INFO  server.RaftServerConfigKeys (ConfUtils.java:logGet(46)) - raft.server.leaderelection.member.majority-add = false (default)
2025-04-23 04:28:32,864 [omNode-1-groupManagement] INFO  server.RaftServerConfigKeys (ConfUtils.java:logGet(46)) - raft.server.sleep.deviation.threshold = 300ms (default)
2025-04-23 04:28:32,864 [omNode-1-groupManagement] INFO  server.RaftServer$Division (ServerState.java:<init>(114)) - omNode-1@group-523986131536: ConfigurationManager, init=conf: {index: -1, cur=peers:[omNode-3|localhost:15017, omNode-1|localhost:15009, omNode-2|localhost:15013]|listeners:[], old=null}, confs=<EMPTY_MAP>
2025-04-23 04:28:32,864 [omNode-1-groupManagement] INFO  server.RaftServerConfigKeys (ConfUtils.java:logGet(46)) - raft.server.notification.no-leader.timeout = 2s (custom)
2025-04-23 04:28:32,864 [omNode-1-groupManagement] INFO  server.RaftServerConfigKeys (ConfUtils.java:logGet(46)) - raft.server.read.timeout = 10s (default)
2025-04-23 04:28:32,864 [omNode-1-groupManagement] INFO  server.RaftServerConfigKeys (ConfUtils.java:logGet(46)) - raft.server.retrycache.expirytime = 30000ms (custom)
2025-04-23 04:28:32,865 [omNode-1-groupManagement] INFO  server.RaftServerConfigKeys (ConfUtils.java:logGet(46)) - raft.server.retrycache.statistics.expirytime = 100ms (default)
2025-04-23 04:28:32,865 [omNode-1-groupManagement] INFO  server.RaftServerConfigKeys (ConfUtils.java:logGet(46)) - raft.server.read.option = DEFAULT (default)
2025-04-23 04:28:32,865 [omNode-1-groupManagement] INFO  server.RaftServerConfigKeys (ConfUtils.java:logGet(46)) - raft.server.read.read-after-write-consistent.write-index-cache.expiry-time = 60s (default)
2025-04-23 04:28:32,867 [omNode-1-groupManagement] INFO  server.RaftServerConfigKeys (ConfUtils.java:logGet(46)) - raft.server.rpc.request.timeout = 3000ms (default)
2025-04-23 04:28:32,867 [omNode-1-groupManagement] INFO  server.RaftServerConfigKeys (ConfUtils.java:logGet(46)) - raft.server.log.appender.install.snapshot.enabled = false (custom)
2025-04-23 04:28:32,867 [omNode-1-groupManagement] INFO  server.RaftServerConfigKeys (ConfUtils.java:logGet(46)) - raft.server.threadpool.server.cached = true (default)
2025-04-23 04:28:32,867 [omNode-1-groupManagement] INFO  server.RaftServerConfigKeys (ConfUtils.java:logGet(46)) - raft.server.threadpool.server.size = 0 (default)
2025-04-23 04:28:32,867 [omNode-1-groupManagement] INFO  server.RaftServerConfigKeys (ConfUtils.java:logGet(46)) - raft.server.threadpool.client.cached = true (default)
2025-04-23 04:28:32,867 [omNode-1-groupManagement] INFO  server.RaftServerConfigKeys (ConfUtils.java:logGet(46)) - raft.server.threadpool.client.size = 0 (default)
2025-04-23 04:28:32,867 [omNode-1-impl-thread1] INFO  server.RaftServerConfigKeys (ConfUtils.java:logGet(46)) - raft.server.storage.free-space.min = 0MB (=0) (default)
2025-04-23 04:28:32,867 [omNode-1-impl-thread1] INFO  server.RaftServerConfigKeys (ConfUtils.java:logGet(46)) - raft.server.log.corruption.policy = EXCEPTION (default)
2025-04-23 04:28:32,867 [omNode-1-impl-thread1] INFO  server.RaftServerConfigKeys (ConfUtils.java:logGet(46)) - raft.server.storage.dir = [/home/runner/work/ozone/ozone/hadoop-ozone/integration-test/target/test-dir/MiniOzoneClusterImpl-ff59c164-3798-4a7f-a16d-eeed9ffb3244/omNode-1/ratis] (custom)
2025-04-23 04:28:32,868 [omNode-1-impl-thread1] INFO  storage.RaftStorageDirectory (RaftStorageDirectoryImpl.java:tryLock(229)) - Lock on /home/runner/work/ozone/ozone/hadoop-ozone/integration-test/target/test-dir/MiniOzoneClusterImpl-ff59c164-3798-4a7f-a16d-eeed9ffb3244/omNode-1/ratis/c9bc4cf4-3bc3-3c60-a66b-523986131536/in_use.lock acquired by nodename 129558@fv-az1441-587
2025-04-23 04:28:32,869 [omNode-1-impl-thread1] INFO  storage.RaftStorage (RaftStorageImpl.java:analyzeAndRecoverStorage(118)) - Read RaftStorageMetadata{term=10, votedFor=omNode-3} from /home/runner/work/ozone/ozone/hadoop-ozone/integration-test/target/test-dir/MiniOzoneClusterImpl-ff59c164-3798-4a7f-a16d-eeed9ffb3244/omNode-1/ratis/c9bc4cf4-3bc3-3c60-a66b-523986131536/current/raft-meta
2025-04-23 04:28:32,869 [omNode-1-impl-thread1] INFO  server.RaftServer$Division (ServerState.java:setRaftConf(386)) - omNode-1@group-523986131536: set configuration conf: {index: 105, cur=peers:[omNode-3|localhost:15017, omNode-1|localhost:15009, omNode-2|localhost:15013]|listeners:[], old=null}
2025-04-23 04:28:32,869 [omNode-1-impl-thread1] INFO  ratis.OzoneManagerStateMachine (OzoneManagerStateMachine.java:lambda$0(138)) - omNode-1: initialize group-523986131536 with (t:8, i:102)
2025-04-23 04:28:32,869 [omNode-1-impl-thread1] INFO  server.RaftServerConfigKeys (ConfUtils.java:logGet(46)) - raft.server.log.use.memory = false (default)
2025-04-23 04:28:32,869 [omNode-1-impl-thread1] INFO  server.RaftServerConfigKeys (ConfUtils.java:logGet(46)) - raft.server.log.purge.gap = 50 (custom)
2025-04-23 04:28:32,869 [omNode-1-impl-thread1] INFO  server.RaftServerConfigKeys (ConfUtils.java:logGet(46)) - raft.server.log.appender.buffer.byte-limit = 4194304 (custom)
2025-04-23 04:28:32,869 [omNode-1-impl-thread1] INFO  server.RaftServerConfigKeys (ConfUtils.java:logGet(46)) - raft.server.log.statemachine.data.read.timeout = 1000ms (default)
2025-04-23 04:28:32,869 [omNode-1-impl-thread1] INFO  server.RaftServerConfigKeys (ConfUtils.java:logGet(46)) - raft.server.log.purge.preservation.log.num = 0 (default)
2025-04-23 04:28:32,870 [omNode-1-impl-thread1] INFO  server.RaftServerConfigKeys (ConfUtils.java:logGet(46)) - raft.server.log.segment.size.max = 4194304 (custom)
2025-04-23 04:28:32,871 [omNode-1-impl-thread1] INFO  server.RaftServerConfigKeys (ConfUtils.java:logGet(46)) - raft.server.log.segment.cache.num.max = 2 (custom)
2025-04-23 04:28:32,871 [omNode-1-impl-thread1] INFO  server.RaftServerConfigKeys (ConfUtils.java:logGet(46)) - raft.server.log.segment.cache.size.max = 200MB (=209715200) (default)
2025-04-23 04:28:32,871 [omNode-1-impl-thread1] INFO  server.RaftServerConfigKeys (ConfUtils.java:logGet(46)) - raft.server.log.appender.buffer.byte-limit = 4194304 (custom)
2025-04-23 04:28:32,871 [omNode-1-impl-thread1] INFO  util.AwaitToRun (AwaitToRun.java:start(81)) - Thread[#4531,omNode-1@group-523986131536-cacheEviction-AwaitToRun,5,main] started
2025-04-23 04:28:32,871 [omNode-1-impl-thread1] INFO  segmented.SegmentedRaftLogWorker (SegmentedRaftLogWorker.java:<init>(188)) - new omNode-1@group-523986131536-SegmentedRaftLogWorker for RaftStorageImpl:Storage Directory /home/runner/work/ozone/ozone/hadoop-ozone/integration-test/target/test-dir/MiniOzoneClusterImpl-ff59c164-3798-4a7f-a16d-eeed9ffb3244/omNode-1/ratis/c9bc4cf4-3bc3-3c60-a66b-523986131536
2025-04-23 04:28:32,871 [omNode-1-impl-thread1] INFO  server.RaftServerConfigKeys (ConfUtils.java:logGet(46)) - raft.server.log.queue.byte-limit = 64MB (=67108864) (default)
2025-04-23 04:28:32,871 [omNode-1-impl-thread1] INFO  server.RaftServerConfigKeys (ConfUtils.java:logGet(46)) - raft.server.log.queue.element-limit = 4096 (default)
2025-04-23 04:28:32,871 [omNode-1-impl-thread1] INFO  server.RaftServerConfigKeys (ConfUtils.java:logGet(46)) - raft.server.log.segment.size.max = 4194304 (custom)
2025-04-23 04:28:32,871 [omNode-1-impl-thread1] INFO  server.RaftServerConfigKeys (ConfUtils.java:logGet(46)) - raft.server.log.preallocated.size = 4194304 (custom)
2025-04-23 04:28:32,871 [omNode-1-impl-thread1] INFO  server.RaftServerConfigKeys (ConfUtils.java:logGet(46)) - raft.server.log.force.sync.num = 128 (default)
2025-04-23 04:28:32,871 [omNode-1-impl-thread1] INFO  server.RaftServerConfigKeys (ConfUtils.java:logGet(46)) - raft.server.log.statemachine.data.sync = true (default)
2025-04-23 04:28:32,872 [omNode-1-impl-thread1] INFO  server.RaftServerConfigKeys (ConfUtils.java:logGet(46)) - raft.server.log.statemachine.data.sync.timeout = 10s (default)
2025-04-23 04:28:32,872 [omNode-1-impl-thread1] INFO  server.RaftServerConfigKeys (ConfUtils.java:logGet(46)) - raft.server.log.statemachine.data.sync.timeout.retry = -1 (default)
2025-04-23 04:28:32,872 [omNode-1-impl-thread1] INFO  server.RaftServerConfigKeys (ConfUtils.java:logGet(46)) - raft.server.log.write.buffer.size = 4194312 (custom)
2025-04-23 04:28:32,873 [omNode-1-impl-thread1] INFO  server.RaftServerConfigKeys (ConfUtils.java:logGet(46)) - raft.server.log.appender.buffer.byte-limit = 4194304 (custom)
2025-04-23 04:28:32,873 [omNode-1-impl-thread1] INFO  server.RaftServerConfigKeys (ConfUtils.java:logGet(46)) - raft.server.log.unsafe-flush.enabled = false (default)
2025-04-23 04:28:32,873 [omNode-1-impl-thread1] INFO  server.RaftServerConfigKeys (ConfUtils.java:logGet(46)) - raft.server.log.async-flush.enabled = false (default)
2025-04-23 04:28:32,873 [omNode-1-impl-thread1] INFO  server.RaftServerConfigKeys (ConfUtils.java:logGet(46)) - raft.server.log.statemachine.data.caching.enabled = false (default)
2025-04-23 04:28:32,873 [omNode-1-impl-thread1] INFO  server.RaftServer$Division (ServerState.java:setRaftConf(386)) - omNode-1@group-523986131536: set configuration conf: {index: 77, cur=peers:[omNode-3|localhost:15017, omNode-1|localhost:15009, omNode-2|localhost:15013]|listeners:[], old=null}
2025-04-23 04:28:32,874 [omNode-1-impl-thread1] INFO  segmented.LogSegment (LogSegment.java:loadSegment(171)) - Successfully read 26 entries from segment file /home/runner/work/ozone/ozone/hadoop-ozone/integration-test/target/test-dir/MiniOzoneClusterImpl-ff59c164-3798-4a7f-a16d-eeed9ffb3244/omNode-1/ratis/c9bc4cf4-3bc3-3c60-a66b-523986131536/current/log_77-102
2025-04-23 04:28:32,874 [omNode-1-impl-thread1] INFO  server.RaftServer$Division (ServerState.java:setRaftConf(386)) - omNode-1@group-523986131536: set configuration conf: {index: 103, cur=peers:[omNode-3|localhost:15017, omNode-1|localhost:15009, omNode-2|localhost:15013]|listeners:[], old=null}
2025-04-23 04:28:32,874 [omNode-1-impl-thread1] INFO  segmented.LogSegment (LogSegment.java:loadSegment(171)) - Successfully read 2 entries from segment file /home/runner/work/ozone/ozone/hadoop-ozone/integration-test/target/test-dir/MiniOzoneClusterImpl-ff59c164-3798-4a7f-a16d-eeed9ffb3244/omNode-1/ratis/c9bc4cf4-3bc3-3c60-a66b-523986131536/current/log_103-104
2025-04-23 04:28:32,875 [omNode-1-impl-thread1] INFO  server.RaftServer$Division (ServerState.java:setRaftConf(386)) - omNode-1@group-523986131536: set configuration conf: {index: 105, cur=peers:[omNode-3|localhost:15017, omNode-1|localhost:15009, omNode-2|localhost:15013]|listeners:[], old=null}
2025-04-23 04:28:32,875 [omNode-1-impl-thread1] INFO  segmented.LogSegment (LogSegment.java:loadSegment(171)) - Successfully read 2 entries from segment file /home/runner/work/ozone/ozone/hadoop-ozone/integration-test/target/test-dir/MiniOzoneClusterImpl-ff59c164-3798-4a7f-a16d-eeed9ffb3244/omNode-1/ratis/c9bc4cf4-3bc3-3c60-a66b-523986131536/current/log_inprogress_105
2025-04-23 04:28:32,875 [omNode-1-impl-thread1] INFO  segmented.SegmentedRaftLogWorker (SegmentedRaftLogWorker.java:lambda$new$0(139)) - omNode-1@group-523986131536-SegmentedRaftLogWorker: flushIndex: setUnconditionally 0 -> 106
2025-04-23 04:28:32,875 [omNode-1-impl-thread1] INFO  segmented.SegmentedRaftLogWorker (SegmentedRaftLogWorker.java:lambda$new$0(139)) - omNode-1@group-523986131536-SegmentedRaftLogWorker: safeCacheEvictIndex: setUnconditionally 0 -> 102
2025-04-23 04:28:32,875 [omNode-1-impl-thread1] INFO  segmented.BufferedWriteChannel (BufferedWriteChannel.java:open(61)) - open log_inprogress_105 (append) at position 125
2025-04-23 04:28:32,875 [omNode-1-impl-thread1] INFO  raftlog.RaftLog (RaftLogBase.java:lambda$new$0(54)) - omNode-1@group-523986131536-SegmentedRaftLog: commitIndex: updateToMax old=102, new=105, updated? true
2025-04-23 04:28:32,875 [omNode-1-impl-thread1] INFO  raftlog.RaftLog (RaftLogBase.java:lambda$new$0(54)) - omNode-1@group-523986131536-SegmentedRaftLog: purgeIndex: updateToMax old=-1, new=76, updated? true
2025-04-23 04:28:32,875 [omNode-1-impl-thread1] INFO  server.RaftServer$Division (RaftServerImpl.java:start(391)) - omNode-1@group-523986131536: start as a follower, conf=conf: {index: 105, cur=peers:[omNode-3|localhost:15017, omNode-1|localhost:15009, omNode-2|localhost:15013]|listeners:[], old=null}
2025-04-23 04:28:32,875 [omNode-1-impl-thread1] INFO  server.RaftServer$Division (RaftServerImpl.java:setRole(378)) - omNode-1@group-523986131536: changes role from      null to FOLLOWER at term 10 for startAsFollower
2025-04-23 04:28:32,875 [omNode-1-impl-thread1] INFO  impl.RoleInfo (RoleInfo.java:updateAndGet(148)) - omNode-1: start omNode-1@group-523986131536-FollowerState
2025-04-23 04:28:32,876 [omNode-1@group-523986131536-FollowerState] INFO  server.RaftServerConfigKeys (ConfUtils.java:logFallback(53)) - raft.server.rpc.first-election.timeout.min = 1s (fallback to raft.server.rpc.timeout.min)
2025-04-23 04:28:32,876 [omNode-1-impl-thread1] INFO  util.JmxRegister (JmxRegister.java:tryRegister(44)) - Successfully registered JMX Bean with object name Ratis:service=RaftServer,group=group-523986131536,id=omNode-1
2025-04-23 04:28:32,876 [omNode-1-impl-thread1] INFO  util.JmxRegister (JmxRegister.java:register(58)) - register mxBean class org.apache.ratis.server.impl.RaftServerJmxAdapter as Ratis:service=RaftServer,group=group-523986131536,id=omNode-1
2025-04-23 04:28:32,876 [omNode-1-impl-thread1] INFO  server.RaftServerConfigKeys (ConfUtils.java:logGet(46)) - raft.server.snapshot.trigger-when-stop.enabled = true (default)
2025-04-23 04:28:32,876 [omNode-1-impl-thread1] INFO  server.RaftServerConfigKeys (ConfUtils.java:logGet(46)) - raft.server.snapshot.trigger-when-remove.enabled = true (default)
2025-04-23 04:28:32,876 [omNode-1-impl-thread1] INFO  server.RaftServerConfigKeys (ConfUtils.java:logGet(46)) - raft.server.snapshot.auto.trigger.enabled = true (custom)
2025-04-23 04:28:32,876 [omNode-1-impl-thread1] INFO  server.RaftServerConfigKeys (ConfUtils.java:logGet(46)) - raft.server.snapshot.auto.trigger.threshold = 50 (custom)
2025-04-23 04:28:32,876 [omNode-1-impl-thread1] INFO  server.RaftServerConfigKeys (ConfUtils.java:logGet(46)) - raft.server.snapshot.retention.file.num = -1 (default)
2025-04-23 04:28:32,876 [omNode-1-impl-thread1] INFO  server.RaftServerConfigKeys (ConfUtils.java:logGet(46)) - raft.server.log.purge.upto.snapshot.index = true (custom)
2025-04-23 04:28:32,876 [omNode-1@group-523986131536-FollowerState] INFO  server.RaftServerConfigKeys (ConfUtils.java:logFallback(53)) - raft.server.rpc.first-election.timeout.max = 1200ms (fallback to raft.server.rpc.timeout.max)
2025-04-23 04:28:32,876 [omNode-1-impl-thread1] INFO  server.RaftServer$Division (RaftServerImpl.java:start(405)) - omNode-1@group-523986131536: Successfully started.
2025-04-23 04:28:32,877 [main] INFO  server.RaftServer (RaftServerProxy.java:startImpl(407)) - omNode-1: start RPC server
2025-04-23 04:28:32,877 [main] INFO  server.GrpcService (GrpcService.java:startImpl(334)) - omNode-1: GrpcService started, listening on 15009
2025-04-23 04:28:32,877 [main] INFO  om.OzoneManager (OzoneManager.java:getRpcServer(1360)) - Creating RPC Server
2025-04-23 04:28:32,877 [JvmPauseMonitor27] INFO  util.JvmPauseMonitor (JvmPauseMonitor.java:run(146)) - JvmPauseMonitor-omNode-1: Started
2025-04-23 04:28:32,882 [omNode-1@group-523986131536-StateMachineUpdater] INFO  ratis.OzoneManagerStateMachine (OzoneManagerStateMachine.java:notifyConfigurationChanged(231)) - notifyConfigurationChanged from Ratis: term=9, index=103, New Peer list: omNode-3(localhost:15017), omNode-1(localhost:15009), omNode-2(localhost:15013)
2025-04-23 04:28:32,886 [omNode-1@group-523986131536-StateMachineUpdater] INFO  ratis.OzoneManagerStateMachine (OzoneManagerStateMachine.java:notifyConfigurationChanged(231)) - notifyConfigurationChanged from Ratis: term=10, index=105, New Peer list: omNode-3(localhost:15017), omNode-1(localhost:15009), omNode-2(localhost:15013)
2025-04-23 04:28:33,203 [main] INFO  reflections.Reflections (Reflections.java:scan(219)) - Reflections took 325 ms to scan 22 urls, producing 61 keys and 7422 values
2025-04-23 04:28:33,204 [main] INFO  ipc.CallQueueManager (CallQueueManager.java:<init>(93)) - Using callQueue: class java.util.concurrent.LinkedBlockingQueue, queueCapacity: 2000, scheduler: class org.apache.hadoop.ipc.DefaultRpcScheduler, ipcBackoff: false, ipcFailOver: false.
2025-04-23 04:28:33,204 [main] INFO  ipc.Server (Server.java:<init>(1438)) - Listener at localhost:15006
2025-04-23 04:28:33,205 [Socket Reader #1 for port 15006] INFO  ipc.Server (Server.java:run(1474)) - Starting Socket Reader #1 for port 15006
2025-04-23 04:28:33,205 [Socket Reader #2 for port 15006] INFO  ipc.Server (Server.java:run(1474)) - Starting Socket Reader #2 for port 15006
2025-04-23 04:28:33,205 [Socket Reader #3 for port 15006] INFO  ipc.Server (Server.java:run(1474)) - Starting Socket Reader #3 for port 15006
2025-04-23 04:28:33,205 [Socket Reader #4 for port 15006] INFO  ipc.Server (Server.java:run(1474)) - Starting Socket Reader #4 for port 15006
2025-04-23 04:28:33,206 [Socket Reader #5 for port 15006] INFO  ipc.Server (Server.java:run(1474)) - Starting Socket Reader #5 for port 15006
2025-04-23 04:28:33,206 [Socket Reader #6 for port 15006] INFO  ipc.Server (Server.java:run(1474)) - Starting Socket Reader #6 for port 15006
2025-04-23 04:28:33,206 [Socket Reader #7 for port 15006] INFO  ipc.Server (Server.java:run(1474)) - Starting Socket Reader #7 for port 15006
2025-04-23 04:28:33,206 [Socket Reader #8 for port 15006] INFO  ipc.Server (Server.java:run(1474)) - Starting Socket Reader #8 for port 15006
2025-04-23 04:28:33,206 [Socket Reader #9 for port 15006] INFO  ipc.Server (Server.java:run(1474)) - Starting Socket Reader #9 for port 15006
2025-04-23 04:28:33,206 [Socket Reader #10 for port 15006] INFO  ipc.Server (Server.java:run(1474)) - Starting Socket Reader #10 for port 15006
2025-04-23 04:28:33,208 [main] INFO  http.BaseHttpServer (BaseHttpServer.java:newHttpServer2BuilderForOzone(229)) - Starting Web-server for ozoneManager at: http://0.0.0.0:15007
2025-04-23 04:28:33,208 [main] INFO  http.BaseHttpServer (BaseHttpServer.java:<init>(107)) - Hadoop Security Enabled: false Ozone Security Enabled: false Ozone HTTP Security Enabled: false 
2025-04-23 04:28:33,210 [main] WARN  server.AuthenticationFilter (AuthenticationFilter.java:constructSecretProvider(240)) - Unable to initialize FileSignerSecretProvider, falling back to use random secrets. Reason: Could not read signature secret file: /home/runner/hadoop-http-auth-signature-secret
2025-04-23 04:28:33,212 [main] INFO  http.HttpServer2 (HttpServer2.java:addGlobalFilter(1041)) - Added global filter 'safety' (class=org.apache.hadoop.hdds.server.http.HttpServer2$QuotingInputFilter)
2025-04-23 04:28:33,212 [main] INFO  http.HttpServer2 (HttpServer2.java:addFilter(1017)) - Added filter static_user_filter (class=org.apache.hadoop.http.lib.StaticUserWebFilter$StaticUserFilter) to context ozoneManager
2025-04-23 04:28:33,212 [main] INFO  http.HttpServer2 (HttpServer2.java:addFilter(1025)) - Added filter static_user_filter (class=org.apache.hadoop.http.lib.StaticUserWebFilter$StaticUserFilter) to context logs
2025-04-23 04:28:33,212 [main] INFO  http.HttpServer2 (HttpServer2.java:addFilter(1025)) - Added filter static_user_filter (class=org.apache.hadoop.http.lib.StaticUserWebFilter$StaticUserFilter) to context static
2025-04-23 04:28:33,213 [main] INFO  http.BaseHttpServer (BaseHttpServer.java:<init>(195)) - HTTP server of ozoneManager uses base directory /home/runner/work/ozone/ozone/hadoop-ozone/integration-test/target/test-dir/MiniOzoneClusterImpl-ff59c164-3798-4a7f-a16d-eeed9ffb3244/omNode-1/webserver
2025-04-23 04:28:33,213 [main] INFO  http.HttpServer2 (HttpServer2.java:bindListener(1241)) - Jetty bound to port 15007
2025-04-23 04:28:33,213 [main] INFO  server.Server (Server.java:doStart(375)) - jetty-9.4.57.v20241219; built: 2025-01-08T21:24:30.412Z; git: df524e6b29271c2e09ba9aea83c18dc9db464a31; jvm 21.0.7+6-LTS
2025-04-23 04:28:33,214 [main] INFO  server.session (DefaultSessionIdManager.java:doStart(334)) - DefaultSessionIdManager workerName=node0
2025-04-23 04:28:33,215 [main] INFO  server.session (DefaultSessionIdManager.java:doStart(339)) - No SessionScavenger set, using defaults
2025-04-23 04:28:33,215 [main] INFO  server.session (HouseKeeper.java:startScavenging(132)) - node0 Scavenging every 600000ms
2025-04-23 04:28:33,216 [main] INFO  handler.ContextHandler (ContextHandler.java:doStart(921)) - Started o.e.j.s.ServletContextHandler@6f7fd241{logs,/logs,file:///home/runner/work/ozone/ozone/hadoop-ozone/integration-test/target/log,AVAILABLE}
2025-04-23 04:28:33,216 [main] INFO  handler.ContextHandler (ContextHandler.java:doStart(921)) - Started o.e.j.s.ServletContextHandler@6ebb22d5{static,/static,file:///home/runner/work/ozone/ozone/hadoop-ozone/integration-test/target/test-classes/webapps/static,AVAILABLE}
2025-04-23 04:28:33,221 [main] INFO  handler.ContextHandler (ContextHandler.java:doStart(921)) - Started o.e.j.w.WebAppContext@25d6b993{ozoneManager,/,file:///home/runner/work/ozone/ozone/hadoop-ozone/integration-test/target/test-classes/webapps/ozoneManager/,AVAILABLE}{file:/home/runner/work/ozone/ozone/hadoop-ozone/integration-test/target/test-classes/webapps/ozoneManager}
2025-04-23 04:28:33,221 [main] INFO  server.AbstractConnector (AbstractConnector.java:doStart(333)) - Started ServerConnector@2587ce8e{HTTP/1.1, (http/1.1)}{0.0.0.0:15007}
2025-04-23 04:28:33,221 [main] INFO  server.Server (Server.java:doStart(415)) - Started @116640ms
2025-04-23 04:28:33,222 [main] WARN  impl.MetricsSystemImpl (MetricsSystemImpl.java:register(279)) - Sink prometheus already exists!
2025-04-23 04:28:33,222 [main] INFO  http.BaseHttpServer (BaseHttpServer.java:updateConnectorAddress(360)) - HTTP server of ozoneManager listening at http://0.0.0.0:15007
2025-04-23 04:28:33,222 [IPC Server Responder] INFO  ipc.Server (Server.java:run(1713)) - IPC Server Responder: starting
2025-04-23 04:28:33,222 [IPC Server listener on 15006] INFO  ipc.Server (Server.java:run(1553)) - IPC Server listener on 15006: starting
2025-04-23 04:28:33,225 [main] INFO  om.OzoneManager (OzoneManager.java:startTrashEmptier(2257)) - Trash Interval set to 0. Files deleted won't move to trash
2025-04-23 04:28:33,225 [main] INFO  om.OzoneManager (OzoneManager.java:restart(1878)) - OzoneManager RPC server is listening at localhost/127.0.0.1:15010
2025-04-23 04:28:33,225 [main] INFO  impl.MetricsSystemImpl (MetricsSystemImpl.java:init(158)) - OzoneManager metrics system started (again)
2025-04-23 04:28:33,236 [main] WARN  server.ServerUtils (ServerUtils.java:getDBPath(297)) - ozone.om.db.dirs is not configured. We recommend adding this setting. Falling back to ozone.metadata.dirs instead.
2025-04-23 04:28:33,279 [main] INFO  om.OzoneManager (OzoneManager.java:instantiateServices(933)) - S3 Multi-Tenancy is disabled
2025-04-23 04:28:33,279 [main] INFO  om.OmSnapshotManager (OmSnapshotManager.java:<init>(180)) - Ozone filesystem snapshot feature is enabled.
2025-04-23 04:28:33,279 [main] WARN  server.ServerUtils (ServerUtils.java:getDBPath(297)) - ozone.om.snapshot.diff.db.dir is not configured. We recommend adding this setting. Falling back to ozone.metadata.dirs instead.
2025-04-23 04:28:33,295 [main] WARN  dropwizard3.Dm3MetricRegistriesImpl (Dm3MetricRegistriesImpl.java:addReporterRegistration(114)) - New reporters are added after registries were created. Some metrics will be missing from the reporter. Please add reporter before adding any new registry.
2025-04-23 04:28:33,295 [main] WARN  dropwizard3.Dm3MetricRegistriesImpl (Dm3MetricRegistriesImpl.java:addReporterRegistration(114)) - New reporters are added after registries were created. Some metrics will be missing from the reporter. Please add reporter before adding any new registry.
2025-04-23 04:28:33,295 [main] WARN  server.ServerUtils (ServerUtils.java:getDefaultRatisDirectory(309)) - Storage directory for Ratis is not configured. It is a good idea to map this to an SSD disk. Falling back to ozone.metadata.dirs
2025-04-23 04:28:33,295 [main] INFO  server.RaftServerConfigKeys (ConfUtils.java:logGet(46)) - raft.server.log.appender.buffer.byte-limit = 4194304 (custom)
2025-04-23 04:28:33,296 [main] INFO  ratis.OzoneManagerRatisServer (OzoneManagerRatisServer.java:<init>(167)) - Instantiating OM Ratis server with groupID: om-service-test1 and peers: localhost:15013, localhost:15017, localhost:15009
2025-04-23 04:28:33,297 [main] INFO  ratis.OzoneManagerStateMachine (OzoneManagerStateMachine.java:loadSnapshotInfoFromDB(611)) - LastAppliedIndex is set from TransactionInfo from OM DB as (t:10, i:106)
2025-04-23 04:28:33,297 [main] INFO  server.RaftServer (ConfUtils.java:logGet(46)) - raft.rpc.type = GRPC (default)
2025-04-23 04:28:33,297 [main] INFO  grpc.GrpcConfigKeys (ConfUtils.java:logFallback(53)) - raft.grpc.admin.host = null (fallback to raft.grpc.server.host)
2025-04-23 04:28:33,297 [main] INFO  grpc.GrpcConfigKeys (ConfUtils.java:logFallback(53)) - raft.grpc.admin.port = 15013 (fallback to raft.grpc.server.port)
2025-04-23 04:28:33,298 [main] INFO  grpc.GrpcConfigKeys (ConfUtils.java:logFallback(53)) - raft.grpc.client.host = null (fallback to raft.grpc.server.host)
2025-04-23 04:28:33,298 [main] INFO  grpc.GrpcConfigKeys (ConfUtils.java:logFallback(53)) - raft.grpc.client.port = 15013 (fallback to raft.grpc.server.port)
2025-04-23 04:28:33,298 [main] INFO  grpc.GrpcConfigKeys (ConfUtils.java:logGet(46)) - raft.grpc.server.host = null (default)
2025-04-23 04:28:33,298 [main] INFO  grpc.GrpcConfigKeys (ConfUtils.java:logGet(46)) - raft.grpc.server.port = 15013 (custom)
2025-04-23 04:28:33,298 [main] INFO  server.GrpcService (ConfUtils.java:logGet(46)) - raft.grpc.message.size.max = 5242880 (custom)
2025-04-23 04:28:33,298 [main] INFO  server.GrpcService (ConfUtils.java:logGet(46)) - raft.grpc.flow.control.window = 1MB (=1048576) (default)
2025-04-23 04:28:33,298 [main] INFO  server.RaftServerConfigKeys (ConfUtils.java:logGet(46)) - raft.server.rpc.request.timeout = 3000ms (default)
2025-04-23 04:28:33,298 [main] INFO  grpc.GrpcConfigKeys (ConfUtils.java:logGet(46)) - raft.grpc.server.heartbeat.channel = true (default)
2025-04-23 04:28:33,298 [main] INFO  server.RaftServerConfigKeys (ConfUtils.java:logGet(46)) - raft.server.log.appender.buffer.byte-limit = 4194304 (custom)
2025-04-23 04:28:33,298 [main] INFO  grpc.GrpcConfigKeys (ConfUtils.java:logGet(46)) - raft.grpc.server.async.request.thread.pool.cached = true (default)
2025-04-23 04:28:33,299 [main] INFO  grpc.GrpcConfigKeys (ConfUtils.java:logGet(46)) - raft.grpc.server.async.request.thread.pool.size = 32 (default)
2025-04-23 04:28:33,299 [main] INFO  impl.DataStreamServerImpl (ConfUtils.java:logGet(46)) - raft.datastream.type = DISABLED (default)
2025-04-23 04:28:33,299 [main] INFO  server.RaftServerConfigKeys (ConfUtils.java:logGet(46)) - raft.server.sleep.deviation.threshold = 300ms (default)
2025-04-23 04:28:33,299 [main] INFO  server.RaftServerConfigKeys (ConfUtils.java:logGet(46)) - raft.server.close.threshold = 60s (default)
2025-04-23 04:28:33,299 [main] INFO  server.RaftServerConfigKeys (ConfUtils.java:logGet(46)) - raft.server.leaderelection.leader.step-down.wait-time = 10s (default)
2025-04-23 04:28:33,300 [main] INFO  server.RaftServerConfigKeys (ConfUtils.java:logGet(46)) - raft.server.storage.dir = [/home/runner/work/ozone/ozone/hadoop-ozone/integration-test/target/test-dir/MiniOzoneClusterImpl-ff59c164-3798-4a7f-a16d-eeed9ffb3244/omNode-2/ratis] (custom)
2025-04-23 04:28:33,300 [main] INFO  server.RaftServerConfigKeys (ConfUtils.java:logGet(46)) - raft.server.threadpool.proxy.cached = true (default)
2025-04-23 04:28:33,300 [main] INFO  server.RaftServerConfigKeys (ConfUtils.java:logGet(46)) - raft.server.threadpool.proxy.size = 0 (default)
2025-04-23 04:28:33,300 [omNode-2-impl-thread1] INFO  server.RaftServer (RaftServerProxy.java:initGroupDir(265)) - omNode-2: found a subdirectory /home/runner/work/ozone/ozone/hadoop-ozone/integration-test/target/test-dir/MiniOzoneClusterImpl-ff59c164-3798-4a7f-a16d-eeed9ffb3244/omNode-2/ratis/c9bc4cf4-3bc3-3c60-a66b-523986131536
2025-04-23 04:28:33,300 [main] INFO  server.RaftServer (RaftServerProxy.java:addNew(100)) - omNode-2: addNew group-523986131536:[omNode-3|localhost:15017, omNode-1|localhost:15009, omNode-2|localhost:15013] returns group-523986131536:java.util.concurrent.CompletableFuture@556f5b38[Not completed]
2025-04-23 04:28:33,300 [main] INFO  om.OzoneManager (OzoneManager.java:initializeRatisServer(2303)) - OzoneManager Ratis server initialized at port 15013
2025-04-23 04:28:33,301 [main] INFO  ratis.OzoneManagerRatisServer (OzoneManagerRatisServer.java:start(628)) - Starting OzoneManagerRatisServer omNode-2 at port 15013
2025-04-23 04:28:33,300 [omNode-2-groupManagement] INFO  server.RaftServer$Division (RaftServerImpl.java:<init>(255)) - omNode-2: new RaftServerImpl for group-523986131536:[omNode-3|localhost:15017, omNode-1|localhost:15009, omNode-2|localhost:15013] with OzoneManagerStateMachine:uninitialized
2025-04-23 04:28:33,301 [omNode-2-groupManagement] INFO  server.RaftServerConfigKeys (ConfUtils.java:logGet(46)) - raft.server.rpc.timeout.min = 1s (custom)
2025-04-23 04:28:33,301 [omNode-2-groupManagement] INFO  server.RaftServerConfigKeys (ConfUtils.java:logGet(46)) - raft.server.rpc.timeout.max = 1200ms (custom)
2025-04-23 04:28:33,301 [omNode-2-groupManagement] INFO  server.RaftServerConfigKeys (ConfUtils.java:logGet(46)) - raft.server.rpc.sleep.time = 25ms (default)
2025-04-23 04:28:33,301 [omNode-2-groupManagement] INFO  server.RaftServerConfigKeys (ConfUtils.java:logGet(46)) - raft.server.rpc.slowness.timeout = 2s (custom)
2025-04-23 04:28:33,301 [omNode-2-groupManagement] INFO  server.RaftServerConfigKeys (ConfUtils.java:logGet(46)) - raft.server.leaderelection.leader.step-down.wait-time = 10s (default)
2025-04-23 04:28:33,301 [omNode-2-groupManagement] INFO  server.RaftServerConfigKeys (ConfUtils.java:logGet(46)) - raft.server.leaderelection.member.majority-add = false (default)
2025-04-23 04:28:33,301 [omNode-2-groupManagement] INFO  server.RaftServerConfigKeys (ConfUtils.java:logGet(46)) - raft.server.sleep.deviation.threshold = 300ms (default)
2025-04-23 04:28:33,301 [omNode-2-groupManagement] INFO  server.RaftServer$Division (ServerState.java:<init>(114)) - omNode-2@group-523986131536: ConfigurationManager, init=conf: {index: -1, cur=peers:[omNode-3|localhost:15017, omNode-1|localhost:15009, omNode-2|localhost:15013]|listeners:[], old=null}, confs=<EMPTY_MAP>
2025-04-23 04:28:33,301 [omNode-2-groupManagement] INFO  server.RaftServerConfigKeys (ConfUtils.java:logGet(46)) - raft.server.notification.no-leader.timeout = 2s (custom)
2025-04-23 04:28:33,301 [omNode-2-groupManagement] INFO  server.RaftServerConfigKeys (ConfUtils.java:logGet(46)) - raft.server.read.timeout = 10s (default)
2025-04-23 04:28:33,301 [omNode-2-groupManagement] INFO  server.RaftServerConfigKeys (ConfUtils.java:logGet(46)) - raft.server.retrycache.expirytime = 30000ms (custom)
2025-04-23 04:28:33,301 [omNode-2-groupManagement] INFO  server.RaftServerConfigKeys (ConfUtils.java:logGet(46)) - raft.server.retrycache.statistics.expirytime = 100ms (default)
2025-04-23 04:28:33,301 [omNode-2-groupManagement] INFO  server.RaftServerConfigKeys (ConfUtils.java:logGet(46)) - raft.server.read.option = DEFAULT (default)
2025-04-23 04:28:33,301 [omNode-2-groupManagement] INFO  server.RaftServerConfigKeys (ConfUtils.java:logGet(46)) - raft.server.read.read-after-write-consistent.write-index-cache.expiry-time = 60s (default)
2025-04-23 04:28:33,303 [omNode-2-groupManagement] INFO  server.RaftServerConfigKeys (ConfUtils.java:logGet(46)) - raft.server.rpc.request.timeout = 3000ms (default)
2025-04-23 04:28:33,303 [omNode-2-groupManagement] INFO  server.RaftServerConfigKeys (ConfUtils.java:logGet(46)) - raft.server.log.appender.install.snapshot.enabled = false (custom)
2025-04-23 04:28:33,303 [omNode-2-groupManagement] INFO  server.RaftServerConfigKeys (ConfUtils.java:logGet(46)) - raft.server.threadpool.server.cached = true (default)
2025-04-23 04:28:33,303 [omNode-2-groupManagement] INFO  server.RaftServerConfigKeys (ConfUtils.java:logGet(46)) - raft.server.threadpool.server.size = 0 (default)
2025-04-23 04:28:33,303 [omNode-2-groupManagement] INFO  server.RaftServerConfigKeys (ConfUtils.java:logGet(46)) - raft.server.threadpool.client.cached = true (default)
2025-04-23 04:28:33,303 [omNode-2-groupManagement] INFO  server.RaftServerConfigKeys (ConfUtils.java:logGet(46)) - raft.server.threadpool.client.size = 0 (default)
2025-04-23 04:28:33,303 [omNode-2-impl-thread1] INFO  server.RaftServerConfigKeys (ConfUtils.java:logGet(46)) - raft.server.storage.free-space.min = 0MB (=0) (default)
2025-04-23 04:28:33,303 [omNode-2-impl-thread1] INFO  server.RaftServerConfigKeys (ConfUtils.java:logGet(46)) - raft.server.log.corruption.policy = EXCEPTION (default)
2025-04-23 04:28:33,303 [omNode-2-impl-thread1] INFO  server.RaftServerConfigKeys (ConfUtils.java:logGet(46)) - raft.server.storage.dir = [/home/runner/work/ozone/ozone/hadoop-ozone/integration-test/target/test-dir/MiniOzoneClusterImpl-ff59c164-3798-4a7f-a16d-eeed9ffb3244/omNode-2/ratis] (custom)
2025-04-23 04:28:33,304 [omNode-2-impl-thread1] INFO  storage.RaftStorageDirectory (RaftStorageDirectoryImpl.java:tryLock(229)) - Lock on /home/runner/work/ozone/ozone/hadoop-ozone/integration-test/target/test-dir/MiniOzoneClusterImpl-ff59c164-3798-4a7f-a16d-eeed9ffb3244/omNode-2/ratis/c9bc4cf4-3bc3-3c60-a66b-523986131536/in_use.lock acquired by nodename 129558@fv-az1441-587
2025-04-23 04:28:33,304 [omNode-2-impl-thread1] INFO  storage.RaftStorage (RaftStorageImpl.java:analyzeAndRecoverStorage(118)) - Read RaftStorageMetadata{term=10, votedFor=omNode-3} from /home/runner/work/ozone/ozone/hadoop-ozone/integration-test/target/test-dir/MiniOzoneClusterImpl-ff59c164-3798-4a7f-a16d-eeed9ffb3244/omNode-2/ratis/c9bc4cf4-3bc3-3c60-a66b-523986131536/current/raft-meta
2025-04-23 04:28:33,304 [omNode-2-impl-thread1] INFO  server.RaftServer$Division (ServerState.java:setRaftConf(386)) - omNode-2@group-523986131536: set configuration conf: {index: 105, cur=peers:[omNode-3|localhost:15017, omNode-1|localhost:15009, omNode-2|localhost:15013]|listeners:[], old=null}
2025-04-23 04:28:33,305 [omNode-2-impl-thread1] INFO  ratis.OzoneManagerStateMachine (OzoneManagerStateMachine.java:lambda$0(138)) - omNode-2: initialize group-523986131536 with (t:10, i:106)
2025-04-23 04:28:33,305 [omNode-2-impl-thread1] INFO  server.RaftServerConfigKeys (ConfUtils.java:logGet(46)) - raft.server.log.use.memory = false (default)
2025-04-23 04:28:33,305 [omNode-2-impl-thread1] INFO  server.RaftServerConfigKeys (ConfUtils.java:logGet(46)) - raft.server.log.purge.gap = 50 (custom)
2025-04-23 04:28:33,305 [omNode-2-impl-thread1] INFO  server.RaftServerConfigKeys (ConfUtils.java:logGet(46)) - raft.server.log.appender.buffer.byte-limit = 4194304 (custom)
2025-04-23 04:28:33,305 [omNode-2-impl-thread1] INFO  server.RaftServerConfigKeys (ConfUtils.java:logGet(46)) - raft.server.log.statemachine.data.read.timeout = 1000ms (default)
2025-04-23 04:28:33,305 [omNode-2-impl-thread1] INFO  server.RaftServerConfigKeys (ConfUtils.java:logGet(46)) - raft.server.log.purge.preservation.log.num = 0 (default)
2025-04-23 04:28:33,306 [omNode-2-impl-thread1] INFO  server.RaftServerConfigKeys (ConfUtils.java:logGet(46)) - raft.server.log.segment.size.max = 4194304 (custom)
2025-04-23 04:28:33,306 [omNode-2-impl-thread1] INFO  server.RaftServerConfigKeys (ConfUtils.java:logGet(46)) - raft.server.log.segment.cache.num.max = 2 (custom)
2025-04-23 04:28:33,306 [omNode-2-impl-thread1] INFO  server.RaftServerConfigKeys (ConfUtils.java:logGet(46)) - raft.server.log.segment.cache.size.max = 200MB (=209715200) (default)
2025-04-23 04:28:33,306 [omNode-2-impl-thread1] INFO  server.RaftServerConfigKeys (ConfUtils.java:logGet(46)) - raft.server.log.appender.buffer.byte-limit = 4194304 (custom)
2025-04-23 04:28:33,306 [omNode-2-impl-thread1] INFO  util.AwaitToRun (AwaitToRun.java:start(81)) - Thread[#4646,omNode-2@group-523986131536-cacheEviction-AwaitToRun,5,main] started
2025-04-23 04:28:33,306 [omNode-2-impl-thread1] INFO  segmented.SegmentedRaftLogWorker (SegmentedRaftLogWorker.java:<init>(188)) - new omNode-2@group-523986131536-SegmentedRaftLogWorker for RaftStorageImpl:Storage Directory /home/runner/work/ozone/ozone/hadoop-ozone/integration-test/target/test-dir/MiniOzoneClusterImpl-ff59c164-3798-4a7f-a16d-eeed9ffb3244/omNode-2/ratis/c9bc4cf4-3bc3-3c60-a66b-523986131536
2025-04-23 04:28:33,306 [omNode-2-impl-thread1] INFO  server.RaftServerConfigKeys (ConfUtils.java:logGet(46)) - raft.server.log.queue.byte-limit = 64MB (=67108864) (default)
2025-04-23 04:28:33,306 [omNode-2-impl-thread1] INFO  server.RaftServerConfigKeys (ConfUtils.java:logGet(46)) - raft.server.log.queue.element-limit = 4096 (default)
2025-04-23 04:28:33,306 [omNode-2-impl-thread1] INFO  server.RaftServerConfigKeys (ConfUtils.java:logGet(46)) - raft.server.log.segment.size.max = 4194304 (custom)
2025-04-23 04:28:33,306 [omNode-2-impl-thread1] INFO  server.RaftServerConfigKeys (ConfUtils.java:logGet(46)) - raft.server.log.preallocated.size = 4194304 (custom)
2025-04-23 04:28:33,306 [omNode-2-impl-thread1] INFO  server.RaftServerConfigKeys (ConfUtils.java:logGet(46)) - raft.server.log.force.sync.num = 128 (default)
2025-04-23 04:28:33,306 [omNode-2-impl-thread1] INFO  server.RaftServerConfigKeys (ConfUtils.java:logGet(46)) - raft.server.log.statemachine.data.sync = true (default)
2025-04-23 04:28:33,306 [omNode-2-impl-thread1] INFO  server.RaftServerConfigKeys (ConfUtils.java:logGet(46)) - raft.server.log.statemachine.data.sync.timeout = 10s (default)
2025-04-23 04:28:33,306 [omNode-2-impl-thread1] INFO  server.RaftServerConfigKeys (ConfUtils.java:logGet(46)) - raft.server.log.statemachine.data.sync.timeout.retry = -1 (default)
2025-04-23 04:28:33,307 [omNode-2-impl-thread1] INFO  server.RaftServerConfigKeys (ConfUtils.java:logGet(46)) - raft.server.log.write.buffer.size = 4194312 (custom)
2025-04-23 04:28:33,307 [omNode-2-impl-thread1] INFO  server.RaftServerConfigKeys (ConfUtils.java:logGet(46)) - raft.server.log.appender.buffer.byte-limit = 4194304 (custom)
2025-04-23 04:28:33,307 [omNode-2-impl-thread1] INFO  server.RaftServerConfigKeys (ConfUtils.java:logGet(46)) - raft.server.log.unsafe-flush.enabled = false (default)
2025-04-23 04:28:33,307 [omNode-2-impl-thread1] INFO  server.RaftServerConfigKeys (ConfUtils.java:logGet(46)) - raft.server.log.async-flush.enabled = false (default)
2025-04-23 04:28:33,307 [omNode-2-impl-thread1] INFO  server.RaftServerConfigKeys (ConfUtils.java:logGet(46)) - raft.server.log.statemachine.data.caching.enabled = false (default)
2025-04-23 04:28:33,307 [omNode-2-impl-thread1] INFO  server.RaftServer$Division (ServerState.java:setRaftConf(386)) - omNode-2@group-523986131536: set configuration conf: {index: 103, cur=peers:[omNode-3|localhost:15017, omNode-1|localhost:15009, omNode-2|localhost:15013]|listeners:[], old=null}
2025-04-23 04:28:33,308 [omNode-2-impl-thread1] INFO  segmented.LogSegment (LogSegment.java:loadSegment(171)) - Successfully read 2 entries from segment file /home/runner/work/ozone/ozone/hadoop-ozone/integration-test/target/test-dir/MiniOzoneClusterImpl-ff59c164-3798-4a7f-a16d-eeed9ffb3244/omNode-2/ratis/c9bc4cf4-3bc3-3c60-a66b-523986131536/current/log_103-104
2025-04-23 04:28:33,308 [omNode-2-impl-thread1] INFO  server.RaftServer$Division (ServerState.java:setRaftConf(386)) - omNode-2@group-523986131536: set configuration conf: {index: 105, cur=peers:[omNode-3|localhost:15017, omNode-1|localhost:15009, omNode-2|localhost:15013]|listeners:[], old=null}
2025-04-23 04:28:33,308 [omNode-2-impl-thread1] INFO  segmented.LogSegment (LogSegment.java:loadSegment(171)) - Successfully read 2 entries from segment file /home/runner/work/ozone/ozone/hadoop-ozone/integration-test/target/test-dir/MiniOzoneClusterImpl-ff59c164-3798-4a7f-a16d-eeed9ffb3244/omNode-2/ratis/c9bc4cf4-3bc3-3c60-a66b-523986131536/current/log_inprogress_105
2025-04-23 04:28:33,308 [omNode-2-impl-thread1] INFO  segmented.SegmentedRaftLogWorker (SegmentedRaftLogWorker.java:lambda$new$0(139)) - omNode-2@group-523986131536-SegmentedRaftLogWorker: flushIndex: setUnconditionally 0 -> 106
2025-04-23 04:28:33,308 [omNode-2-impl-thread1] INFO  segmented.SegmentedRaftLogWorker (SegmentedRaftLogWorker.java:lambda$new$0(139)) - omNode-2@group-523986131536-SegmentedRaftLogWorker: safeCacheEvictIndex: setUnconditionally 0 -> 104
2025-04-23 04:28:33,308 [omNode-2-impl-thread1] INFO  segmented.BufferedWriteChannel (BufferedWriteChannel.java:open(61)) - open log_inprogress_105 (append) at position 125
2025-04-23 04:28:33,308 [omNode-2-impl-thread1] INFO  raftlog.RaftLog (RaftLogBase.java:lambda$new$0(54)) - omNode-2@group-523986131536-SegmentedRaftLog: purgeIndex: updateToMax old=-1, new=102, updated? true
2025-04-23 04:28:33,308 [omNode-2-impl-thread1] INFO  server.RaftServer$Division (RaftServerImpl.java:start(391)) - omNode-2@group-523986131536: start as a follower, conf=conf: {index: 105, cur=peers:[omNode-3|localhost:15017, omNode-1|localhost:15009, omNode-2|localhost:15013]|listeners:[], old=null}
2025-04-23 04:28:33,308 [omNode-2-impl-thread1] INFO  server.RaftServer$Division (RaftServerImpl.java:setRole(378)) - omNode-2@group-523986131536: changes role from      null to FOLLOWER at term 10 for startAsFollower
2025-04-23 04:28:33,309 [omNode-2-impl-thread1] INFO  impl.RoleInfo (RoleInfo.java:updateAndGet(148)) - omNode-2: start omNode-2@group-523986131536-FollowerState
2025-04-23 04:28:33,309 [omNode-2@group-523986131536-FollowerState] INFO  server.RaftServerConfigKeys (ConfUtils.java:logFallback(53)) - raft.server.rpc.first-election.timeout.min = 1s (fallback to raft.server.rpc.timeout.min)
2025-04-23 04:28:33,309 [omNode-2@group-523986131536-FollowerState] INFO  server.RaftServerConfigKeys (ConfUtils.java:logFallback(53)) - raft.server.rpc.first-election.timeout.max = 1200ms (fallback to raft.server.rpc.timeout.max)
2025-04-23 04:28:33,309 [omNode-2-impl-thread1] INFO  util.JmxRegister (JmxRegister.java:tryRegister(44)) - Successfully registered JMX Bean with object name Ratis:service=RaftServer,group=group-523986131536,id=omNode-2
2025-04-23 04:28:33,309 [omNode-2-impl-thread1] INFO  util.JmxRegister (JmxRegister.java:register(58)) - register mxBean class org.apache.ratis.server.impl.RaftServerJmxAdapter as Ratis:service=RaftServer,group=group-523986131536,id=omNode-2
2025-04-23 04:28:33,309 [omNode-2-impl-thread1] INFO  server.RaftServerConfigKeys (ConfUtils.java:logGet(46)) - raft.server.snapshot.trigger-when-stop.enabled = true (default)
2025-04-23 04:28:33,309 [omNode-2-impl-thread1] INFO  server.RaftServerConfigKeys (ConfUtils.java:logGet(46)) - raft.server.snapshot.trigger-when-remove.enabled = true (default)
2025-04-23 04:28:33,309 [omNode-2-impl-thread1] INFO  server.RaftServerConfigKeys (ConfUtils.java:logGet(46)) - raft.server.snapshot.auto.trigger.enabled = true (custom)
2025-04-23 04:28:33,309 [omNode-2-impl-thread1] INFO  server.RaftServerConfigKeys (ConfUtils.java:logGet(46)) - raft.server.snapshot.auto.trigger.threshold = 50 (custom)
2025-04-23 04:28:33,309 [omNode-2-impl-thread1] INFO  server.RaftServerConfigKeys (ConfUtils.java:logGet(46)) - raft.server.snapshot.retention.file.num = -1 (default)
2025-04-23 04:28:33,309 [omNode-2-impl-thread1] INFO  server.RaftServerConfigKeys (ConfUtils.java:logGet(46)) - raft.server.log.purge.upto.snapshot.index = true (custom)
2025-04-23 04:28:33,310 [omNode-2-impl-thread1] INFO  server.RaftServer$Division (RaftServerImpl.java:start(405)) - omNode-2@group-523986131536: Successfully started.
2025-04-23 04:28:33,310 [main] INFO  server.RaftServer (RaftServerProxy.java:startImpl(407)) - omNode-2: start RPC server
2025-04-23 04:28:33,310 [main] INFO  server.GrpcService (GrpcService.java:startImpl(334)) - omNode-2: GrpcService started, listening on 15013
2025-04-23 04:28:33,310 [main] INFO  om.OzoneManager (OzoneManager.java:getRpcServer(1360)) - Creating RPC Server
2025-04-23 04:28:33,310 [JvmPauseMonitor28] INFO  util.JvmPauseMonitor (JvmPauseMonitor.java:run(146)) - JvmPauseMonitor-omNode-2: Started
2025-04-23 04:28:33,557 [omNode-3@group-523986131536-FollowerState] INFO  impl.FollowerState (FollowerState.java:runImpl(161)) - omNode-3@group-523986131536-FollowerState: change to CANDIDATE, lastRpcElapsedTime:1143906272ns, electionTimeout:1143ms
2025-04-23 04:28:33,557 [omNode-3@group-523986131536-FollowerState] INFO  impl.RoleInfo (RoleInfo.java:shutdownFollowerState(121)) - omNode-3: shutdown omNode-3@group-523986131536-FollowerState
2025-04-23 04:28:33,557 [omNode-3@group-523986131536-FollowerState] INFO  server.RaftServer$Division (RaftServerImpl.java:setRole(378)) - omNode-3@group-523986131536: changes role from  FOLLOWER to CANDIDATE at term 10 for changeToCandidate
2025-04-23 04:28:33,557 [omNode-3@group-523986131536-FollowerState] INFO  server.RaftServerConfigKeys (ConfUtils.java:logGet(46)) - raft.server.leaderelection.pre-vote = true (default)
2025-04-23 04:28:33,557 [omNode-3@group-523986131536-FollowerState] INFO  impl.RoleInfo (RoleInfo.java:updateAndGet(148)) - omNode-3: start omNode-3@group-523986131536-LeaderElection22
2025-04-23 04:28:33,558 [omNode-3@group-523986131536-LeaderElection22] INFO  impl.LeaderElection (LeaderElection.java:askForVotes(332)) - omNode-3@group-523986131536-LeaderElection22 PRE_VOTE round 0: submit vote requests at term 10 for conf: {index: 105, cur=peers:[omNode-3|localhost:15017, omNode-1|localhost:15009, omNode-2|localhost:15013]|listeners:[], old=null}
2025-04-23 04:28:33,558 [omNode-3@group-523986131536-LeaderElection22-1] INFO  server.GrpcServerProtocolClient (GrpcServerProtocolClient.java:<init>(65)) - Build channel for omNode-1|localhost:15009
2025-04-23 04:28:33,558 [omNode-3@group-523986131536-LeaderElection22-2] INFO  server.GrpcServerProtocolClient (GrpcServerProtocolClient.java:<init>(65)) - Build channel for omNode-2|localhost:15013
2025-04-23 04:28:33,558 [omNode-3@group-523986131536-LeaderElection22] INFO  server.RaftServerConfigKeys (ConfUtils.java:logFallback(53)) - raft.server.rpc.first-election.timeout.min = 1s (fallback to raft.server.rpc.timeout.min)
2025-04-23 04:28:33,558 [omNode-3@group-523986131536-LeaderElection22] INFO  server.RaftServerConfigKeys (ConfUtils.java:logFallback(53)) - raft.server.rpc.first-election.timeout.max = 1200ms (fallback to raft.server.rpc.timeout.max)
2025-04-23 04:28:33,562 [grpc-default-executor-1] INFO  server.RaftServer$Division (RaftServerImpl.java:requestVote(1407)) - omNode-1@group-523986131536: receive requestVote(PRE_VOTE, omNode-3, group-523986131536, 10, (t:10, i:106))
2025-04-23 04:28:33,562 [grpc-default-executor-1] INFO  impl.VoteContext (VoteContext.java:log(49)) - omNode-1@group-523986131536-FOLLOWER: accept PRE_VOTE from omNode-3: our priority 0 <= candidate's priority 0
2025-04-23 04:28:33,562 [grpc-default-executor-4] INFO  server.RaftServer$Division (RaftServerImpl.java:requestVote(1407)) - omNode-2@group-523986131536: receive requestVote(PRE_VOTE, omNode-3, group-523986131536, 10, (t:10, i:106))
2025-04-23 04:28:33,562 [grpc-default-executor-4] INFO  impl.VoteContext (VoteContext.java:log(49)) - omNode-2@group-523986131536-FOLLOWER: accept PRE_VOTE from omNode-3: our priority 0 <= candidate's priority 0
2025-04-23 04:28:33,563 [grpc-default-executor-4] INFO  server.RaftServer$Division (RaftServerImpl.java:requestVote(1441)) - omNode-2@group-523986131536 replies to PRE_VOTE vote request: omNode-3<-omNode-2#0:OK-t10. Peer's state: omNode-2@group-523986131536:t10, leader=null, voted=omNode-3, raftlog=Memoized:omNode-2@group-523986131536-SegmentedRaftLog:OPENED:c106:last(t:10, i:106), conf=conf: {index: 105, cur=peers:[omNode-3|localhost:15017, omNode-1|localhost:15009, omNode-2|localhost:15013]|listeners:[], old=null}
2025-04-23 04:28:33,562 [grpc-default-executor-1] INFO  server.RaftServer$Division (RaftServerImpl.java:requestVote(1441)) - omNode-1@group-523986131536 replies to PRE_VOTE vote request: omNode-3<-omNode-1#0:OK-t10. Peer's state: omNode-1@group-523986131536:t10, leader=null, voted=omNode-3, raftlog=Memoized:omNode-1@group-523986131536-SegmentedRaftLog:OPENED:c105:last(t:10, i:106), conf=conf: {index: 105, cur=peers:[omNode-3|localhost:15017, omNode-1|localhost:15009, omNode-2|localhost:15013]|listeners:[], old=null}
2025-04-23 04:28:33,564 [omNode-3@group-523986131536-LeaderElection22] INFO  impl.LeaderElection (LeaderElection.java:logAndReturn(90)) - omNode-3@group-523986131536-LeaderElection22: PRE_VOTE PASSED received 1 response(s) and 0 exception(s):
2025-04-23 04:28:33,564 [omNode-3@group-523986131536-LeaderElection22] INFO  impl.LeaderElection (LeaderElection.java:logAndReturn(94)) -   Response 0: omNode-3<-omNode-1#0:OK-t10
2025-04-23 04:28:33,565 [omNode-3@group-523986131536-LeaderElection22] INFO  impl.LeaderElection (LeaderElection.java:askForVotes(334)) - omNode-3@group-523986131536-LeaderElection22 PRE_VOTE round 0: result PASSED
2025-04-23 04:28:33,566 [omNode-3@group-523986131536-LeaderElection22] INFO  impl.LeaderElection (LeaderElection.java:askForVotes(332)) - omNode-3@group-523986131536-LeaderElection22 ELECTION round 0: submit vote requests at term 11 for conf: {index: 105, cur=peers:[omNode-3|localhost:15017, omNode-1|localhost:15009, omNode-2|localhost:15013]|listeners:[], old=null}
2025-04-23 04:28:33,567 [omNode-3@group-523986131536-LeaderElection22] INFO  server.RaftServerConfigKeys (ConfUtils.java:logFallback(53)) - raft.server.rpc.first-election.timeout.min = 1s (fallback to raft.server.rpc.timeout.min)
2025-04-23 04:28:33,567 [omNode-3@group-523986131536-LeaderElection22] INFO  server.RaftServerConfigKeys (ConfUtils.java:logFallback(53)) - raft.server.rpc.first-election.timeout.max = 1200ms (fallback to raft.server.rpc.timeout.max)
2025-04-23 04:28:33,568 [grpc-default-executor-1] INFO  server.RaftServer$Division (RaftServerImpl.java:requestVote(1407)) - omNode-2@group-523986131536: receive requestVote(ELECTION, omNode-3, group-523986131536, 11, (t:10, i:106))
2025-04-23 04:28:33,568 [grpc-default-executor-1] INFO  impl.VoteContext (VoteContext.java:log(49)) - omNode-2@group-523986131536-FOLLOWER: accept ELECTION from omNode-3: our priority 0 <= candidate's priority 0
2025-04-23 04:28:33,568 [grpc-default-executor-1] INFO  server.RaftServer$Division (RaftServerImpl.java:setRole(378)) - omNode-2@group-523986131536: changes role from  FOLLOWER to FOLLOWER at term 10 for candidate:omNode-3
2025-04-23 04:28:33,568 [grpc-default-executor-1] INFO  impl.RoleInfo (RoleInfo.java:shutdownFollowerState(121)) - omNode-2: shutdown omNode-2@group-523986131536-FollowerState
2025-04-23 04:28:33,568 [grpc-default-executor-1] INFO  impl.RoleInfo (RoleInfo.java:updateAndGet(148)) - omNode-2: start omNode-2@group-523986131536-FollowerState
2025-04-23 04:28:33,568 [grpc-default-executor-4] INFO  server.RaftServer$Division (RaftServerImpl.java:requestVote(1407)) - omNode-1@group-523986131536: receive requestVote(ELECTION, omNode-3, group-523986131536, 11, (t:10, i:106))
2025-04-23 04:28:33,568 [omNode-2@group-523986131536-FollowerState] INFO  impl.FollowerState (FollowerState.java:runImpl(170)) - omNode-2@group-523986131536-FollowerState was interrupted
2025-04-23 04:28:33,569 [grpc-default-executor-1] INFO  server.RaftServer$Division (RaftServerImpl.java:setFirstElection(562)) - omNode-2@group-523986131536: set firstElectionSinceStartup to false for candidate:omNode-3
2025-04-23 04:28:33,568 [grpc-default-executor-4] INFO  impl.VoteContext (VoteContext.java:log(49)) - omNode-1@group-523986131536-FOLLOWER: accept ELECTION from omNode-3: our priority 0 <= candidate's priority 0
2025-04-23 04:28:33,569 [grpc-default-executor-4] INFO  server.RaftServer$Division (RaftServerImpl.java:setRole(378)) - omNode-1@group-523986131536: changes role from  FOLLOWER to FOLLOWER at term 10 for candidate:omNode-3
2025-04-23 04:28:33,569 [grpc-default-executor-4] INFO  impl.RoleInfo (RoleInfo.java:shutdownFollowerState(121)) - omNode-1: shutdown omNode-1@group-523986131536-FollowerState
2025-04-23 04:28:33,569 [grpc-default-executor-4] INFO  impl.RoleInfo (RoleInfo.java:updateAndGet(148)) - omNode-1: start omNode-1@group-523986131536-FollowerState
2025-04-23 04:28:33,569 [omNode-1@group-523986131536-FollowerState] INFO  impl.FollowerState (FollowerState.java:runImpl(170)) - omNode-1@group-523986131536-FollowerState was interrupted
2025-04-23 04:28:33,569 [grpc-default-executor-4] INFO  server.RaftServer$Division (RaftServerImpl.java:setFirstElection(562)) - omNode-1@group-523986131536: set firstElectionSinceStartup to false for candidate:omNode-3
2025-04-23 04:28:33,570 [grpc-default-executor-1] INFO  server.RaftServer$Division (RaftServerImpl.java:requestVote(1441)) - omNode-2@group-523986131536 replies to ELECTION vote request: omNode-3<-omNode-2#0:OK-t11. Peer's state: omNode-2@group-523986131536:t11, leader=null, voted=omNode-3, raftlog=Memoized:omNode-2@group-523986131536-SegmentedRaftLog:OPENED:c106:last(t:10, i:106), conf=conf: {index: 105, cur=peers:[omNode-3|localhost:15017, omNode-1|localhost:15009, omNode-2|localhost:15013]|listeners:[], old=null}
2025-04-23 04:28:33,570 [omNode-3@group-523986131536-LeaderElection22] INFO  impl.LeaderElection (LeaderElection.java:logAndReturn(90)) - omNode-3@group-523986131536-LeaderElection22: ELECTION PASSED received 1 response(s) and 0 exception(s):
2025-04-23 04:28:33,571 [omNode-3@group-523986131536-LeaderElection22] INFO  impl.LeaderElection (LeaderElection.java:logAndReturn(94)) -   Response 0: omNode-3<-omNode-2#0:OK-t11
2025-04-23 04:28:33,571 [omNode-3@group-523986131536-LeaderElection22] INFO  impl.LeaderElection (LeaderElection.java:askForVotes(334)) - omNode-3@group-523986131536-LeaderElection22 ELECTION round 0: result PASSED
2025-04-23 04:28:33,571 [omNode-3@group-523986131536-LeaderElection22] INFO  impl.RoleInfo (RoleInfo.java:shutdownLeaderElection(141)) - omNode-3: shutdown omNode-3@group-523986131536-LeaderElection22
2025-04-23 04:28:33,571 [omNode-3@group-523986131536-LeaderElection22] INFO  server.RaftServer$Division (RaftServerImpl.java:setRole(378)) - omNode-3@group-523986131536: changes role from CANDIDATE to LEADER at term 11 for changeToLeader
2025-04-23 04:28:33,571 [omNode-3@group-523986131536-LeaderElection22] INFO  server.RaftServerConfigKeys (ConfUtils.java:logGet(46)) - raft.server.staging.catchup.gap = 1000 (default)
2025-04-23 04:28:33,571 [omNode-3@group-523986131536-LeaderElection22] INFO  server.RaftServerConfigKeys (ConfUtils.java:logGet(46)) - raft.server.write.element-limit = 4096 (default)
2025-04-23 04:28:33,571 [omNode-3@group-523986131536-LeaderElection22] INFO  server.RaftServerConfigKeys (ConfUtils.java:logGet(46)) - raft.server.write.byte-limit = 64MB (=67108864) (default)
2025-04-23 04:28:33,571 [grpc-default-executor-4] INFO  server.RaftServer$Division (RaftServerImpl.java:requestVote(1441)) - omNode-1@group-523986131536 replies to ELECTION vote request: omNode-3<-omNode-1#0:OK-t11. Peer's state: omNode-1@group-523986131536:t11, leader=null, voted=omNode-3, raftlog=Memoized:omNode-1@group-523986131536-SegmentedRaftLog:OPENED:c105:last(t:10, i:106), conf=conf: {index: 105, cur=peers:[omNode-3|localhost:15017, omNode-1|localhost:15009, omNode-2|localhost:15013]|listeners:[], old=null}
2025-04-23 04:28:33,572 [omNode-3@group-523986131536-LeaderElection22] INFO  server.RaftServerConfigKeys (ConfUtils.java:logGet(46)) - raft.server.watch.timeout = 10s (default)
2025-04-23 04:28:33,572 [omNode-3@group-523986131536-LeaderElection22] INFO  server.RaftServerConfigKeys (ConfUtils.java:logGet(46)) - raft.server.watch.timeout.denomination = 1s (default)
2025-04-23 04:28:33,572 [omNode-3@group-523986131536-LeaderElection22] INFO  server.RaftServerConfigKeys (ConfUtils.java:logGet(46)) - raft.server.watch.element-limit = 65536 (default)
2025-04-23 04:28:33,573 [omNode-3@group-523986131536-LeaderElection22] INFO  server.RaftServerConfigKeys (ConfUtils.java:logGet(46)) - raft.server.read.leader.lease.enabled = false (default)
2025-04-23 04:28:33,573 [omNode-3@group-523986131536-LeaderElection22] INFO  server.RaftServerConfigKeys (ConfUtils.java:logGet(46)) - raft.server.read.leader.lease.timeout.ratio = 0.9 (default)
2025-04-23 04:28:33,573 [omNode-3@group-523986131536-LeaderElection22] INFO  server.RaftServerConfigKeys (ConfUtils.java:logGet(46)) - raft.server.rpc.timeout.min = 1s (custom)
2025-04-23 04:28:33,573 [omNode-3@group-523986131536-LeaderElection22] INFO  server.RaftServerConfigKeys (ConfUtils.java:logGet(46)) - raft.server.log.log-metadata.enabled = true (default)
2025-04-23 04:28:33,573 [omNode-3@group-523986131536-LeaderElection22] INFO  server.RaftServerConfigKeys (ConfUtils.java:logGet(46)) - raft.server.write.element-limit = 4096 (default)
2025-04-23 04:28:33,573 [omNode-3@group-523986131536-LeaderElection22] INFO  server.RaftServerConfigKeys (ConfUtils.java:logGet(46)) - raft.server.write.follower.gap.ratio.max = -1.0 (default)
2025-04-23 04:28:33,573 [omNode-3@group-523986131536-LeaderElection22] INFO  server.RaftServerConfigKeys (ConfUtils.java:logGet(46)) - raft.server.log.appender.snapshot.chunk.size.max = 16MB (=16777216) (default)
2025-04-23 04:28:33,574 [omNode-3@group-523986131536-LeaderElection22] INFO  server.RaftServerConfigKeys (ConfUtils.java:logGet(46)) - raft.server.log.appender.buffer.byte-limit = 4194304 (custom)
2025-04-23 04:28:33,574 [omNode-3@group-523986131536-LeaderElection22] INFO  server.RaftServerConfigKeys (ConfUtils.java:logGet(46)) - raft.server.log.appender.buffer.element-limit = 1024 (custom)
2025-04-23 04:28:33,574 [omNode-3@group-523986131536-LeaderElection22] INFO  server.RaftServerConfigKeys (ConfUtils.java:logGet(46)) - raft.server.log.appender.wait-time.min = 0ms (custom)
2025-04-23 04:28:33,574 [omNode-3@group-523986131536-LeaderElection22] INFO  grpc.GrpcConfigKeys (ConfUtils.java:logGet(46)) - raft.grpc.server.leader.outstanding.appends.max = 8 (default)
2025-04-23 04:28:33,574 [omNode-3@group-523986131536-LeaderElection22] INFO  server.RaftServerConfigKeys (ConfUtils.java:logGet(46)) - raft.server.rpc.request.timeout = 3000ms (default)
2025-04-23 04:28:33,574 [omNode-3@group-523986131536-LeaderElection22] INFO  grpc.GrpcConfigKeys (ConfUtils.java:logGet(46)) - raft.grpc.server.install_snapshot.request.element-limit = 8 (default)
2025-04-23 04:28:33,574 [omNode-3@group-523986131536-LeaderElection22] INFO  grpc.GrpcConfigKeys (ConfUtils.java:logGet(46)) - raft.grpc.server.install_snapshot.request.timeout = 3000ms (default)
2025-04-23 04:28:33,574 [omNode-3@group-523986131536-LeaderElection22] INFO  grpc.GrpcConfigKeys (ConfUtils.java:logGet(46)) - raft.grpc.server.log-message.batch.duration = 5s (default)
2025-04-23 04:28:33,574 [omNode-3@group-523986131536-LeaderElection22] INFO  server.RaftServerConfigKeys (ConfUtils.java:logGet(46)) - raft.server.log.appender.install.snapshot.enabled = false (custom)
2025-04-23 04:28:33,574 [omNode-3@group-523986131536-LeaderElection22] INFO  grpc.GrpcConfigKeys (ConfUtils.java:logGet(46)) - raft.grpc.server.heartbeat.channel = true (default)
2025-04-23 04:28:33,575 [omNode-3@group-523986131536-LeaderElection22] INFO  server.RaftServerConfigKeys (ConfUtils.java:logGet(46)) - raft.server.log.appender.snapshot.chunk.size.max = 16MB (=16777216) (default)
2025-04-23 04:28:33,575 [omNode-3@group-523986131536-LeaderElection22] INFO  server.RaftServerConfigKeys (ConfUtils.java:logGet(46)) - raft.server.log.appender.buffer.byte-limit = 4194304 (custom)
2025-04-23 04:28:33,575 [omNode-3@group-523986131536-LeaderElection22] INFO  server.RaftServerConfigKeys (ConfUtils.java:logGet(46)) - raft.server.log.appender.buffer.element-limit = 1024 (custom)
2025-04-23 04:28:33,575 [omNode-3@group-523986131536-LeaderElection22] INFO  server.RaftServerConfigKeys (ConfUtils.java:logGet(46)) - raft.server.log.appender.wait-time.min = 0ms (custom)
2025-04-23 04:28:33,575 [omNode-3@group-523986131536-LeaderElection22] INFO  grpc.GrpcConfigKeys (ConfUtils.java:logGet(46)) - raft.grpc.server.leader.outstanding.appends.max = 8 (default)
2025-04-23 04:28:33,576 [omNode-3@group-523986131536-LeaderElection22] INFO  server.RaftServerConfigKeys (ConfUtils.java:logGet(46)) - raft.server.rpc.request.timeout = 3000ms (default)
2025-04-23 04:28:33,576 [omNode-3@group-523986131536-LeaderElection22] INFO  grpc.GrpcConfigKeys (ConfUtils.java:logGet(46)) - raft.grpc.server.install_snapshot.request.element-limit = 8 (default)
2025-04-23 04:28:33,576 [omNode-3@group-523986131536-LeaderElection22] INFO  grpc.GrpcConfigKeys (ConfUtils.java:logGet(46)) - raft.grpc.server.install_snapshot.request.timeout = 3000ms (default)
2025-04-23 04:28:33,576 [omNode-3@group-523986131536-LeaderElection22] INFO  grpc.GrpcConfigKeys (ConfUtils.java:logGet(46)) - raft.grpc.server.log-message.batch.duration = 5s (default)
2025-04-23 04:28:33,576 [omNode-3@group-523986131536-LeaderElection22] INFO  server.RaftServerConfigKeys (ConfUtils.java:logGet(46)) - raft.server.log.appender.install.snapshot.enabled = false (custom)
2025-04-23 04:28:33,576 [omNode-3@group-523986131536-LeaderElection22] INFO  grpc.GrpcConfigKeys (ConfUtils.java:logGet(46)) - raft.grpc.server.heartbeat.channel = true (default)
2025-04-23 04:28:33,576 [omNode-3@group-523986131536-LeaderElection22] INFO  impl.RoleInfo (RoleInfo.java:updateAndGet(148)) - omNode-3: start omNode-3@group-523986131536-LeaderStateImpl
2025-04-23 04:28:33,576 [omNode-3@group-523986131536-LeaderElection22] INFO  server.RaftServer$Division (RaftServerImpl.java:setFirstElection(562)) - omNode-3@group-523986131536: set firstElectionSinceStartup to false for becomeLeader
2025-04-23 04:28:33,576 [omNode-3@group-523986131536-LeaderElection22] INFO  ratis.OzoneManagerStateMachine (OzoneManagerStateMachine.java:notifyLeaderChanged(169)) - omNode-3@group-523986131536: leader changed to omNode-3
2025-04-23 04:28:33,576 [omNode-3@group-523986131536-LeaderElection22] INFO  server.RaftServer$Division (ServerState.java:setLeader(272)) - omNode-3@group-523986131536: change Leader from null to omNode-3 at term 11 for becomeLeader, leader elected after 1172ms
2025-04-23 04:28:33,576 [omNode-3@group-523986131536-LeaderElection22] INFO  segmented.SegmentedRaftLogWorker (SegmentedRaftLogWorker.java:rollLogSegment(443)) - omNode-3@group-523986131536-SegmentedRaftLogWorker: Rolling segment log-105_106 to index:106
2025-04-23 04:28:33,577 [omNode-3@group-523986131536-LeaderElection22] INFO  server.RaftServer$Division (ServerState.java:setRaftConf(386)) - omNode-3@group-523986131536: set configuration conf: {index: 107, cur=peers:[omNode-3|localhost:15017, omNode-1|localhost:15009, omNode-2|localhost:15013]|listeners:[], old=null}
2025-04-23 04:28:33,577 [omNode-3@group-523986131536-SegmentedRaftLogWorker] INFO  segmented.SegmentedRaftLogWorker (SegmentedRaftLogWorker.java:execute(601)) - omNode-3@group-523986131536-SegmentedRaftLogWorker: Rolled log segment from /home/runner/work/ozone/ozone/hadoop-ozone/integration-test/target/test-dir/MiniOzoneClusterImpl-ff59c164-3798-4a7f-a16d-eeed9ffb3244/omNode-3/ratis/c9bc4cf4-3bc3-3c60-a66b-523986131536/current/log_inprogress_105 to /home/runner/work/ozone/ozone/hadoop-ozone/integration-test/target/test-dir/MiniOzoneClusterImpl-ff59c164-3798-4a7f-a16d-eeed9ffb3244/omNode-3/ratis/c9bc4cf4-3bc3-3c60-a66b-523986131536/current/log_105-106
2025-04-23 04:28:33,577 [omNode-3@group-523986131536-SegmentedRaftLogWorker] INFO  segmented.BufferedWriteChannel (BufferedWriteChannel.java:open(61)) - open log_inprogress_107 at position 0
2025-04-23 04:28:33,583 [omNode-1-server-thread1] INFO  ratis.OzoneManagerStateMachine (OzoneManagerStateMachine.java:notifyLeaderChanged(169)) - omNode-1@group-523986131536: leader changed to omNode-3
2025-04-23 04:28:33,583 [omNode-1-server-thread1] INFO  server.RaftServer$Division (ServerState.java:setLeader(272)) - omNode-1@group-523986131536: change Leader from null to omNode-3 at term 11 for appendEntries, leader elected after 718ms
2025-04-23 04:28:33,584 [omNode-1-server-thread2] INFO  server.RaftServer$Division (ServerState.java:setRaftConf(386)) - omNode-1@group-523986131536: set configuration conf: {index: 107, cur=peers:[omNode-3|localhost:15017, omNode-1|localhost:15009, omNode-2|localhost:15013]|listeners:[], old=null}
2025-04-23 04:28:33,584 [omNode-1-server-thread2] INFO  segmented.SegmentedRaftLogWorker (SegmentedRaftLogWorker.java:rollLogSegment(443)) - omNode-1@group-523986131536-SegmentedRaftLogWorker: Rolling segment log-105_106 to index:106
2025-04-23 04:28:33,585 [omNode-1@group-523986131536-SegmentedRaftLogWorker] INFO  segmented.SegmentedRaftLogWorker (SegmentedRaftLogWorker.java:execute(601)) - omNode-1@group-523986131536-SegmentedRaftLogWorker: Rolled log segment from /home/runner/work/ozone/ozone/hadoop-ozone/integration-test/target/test-dir/MiniOzoneClusterImpl-ff59c164-3798-4a7f-a16d-eeed9ffb3244/omNode-1/ratis/c9bc4cf4-3bc3-3c60-a66b-523986131536/current/log_inprogress_105 to /home/runner/work/ozone/ozone/hadoop-ozone/integration-test/target/test-dir/MiniOzoneClusterImpl-ff59c164-3798-4a7f-a16d-eeed9ffb3244/omNode-1/ratis/c9bc4cf4-3bc3-3c60-a66b-523986131536/current/log_105-106
2025-04-23 04:28:33,586 [omNode-1@group-523986131536-SegmentedRaftLogWorker] INFO  segmented.BufferedWriteChannel (BufferedWriteChannel.java:open(61)) - open log_inprogress_107 at position 0
2025-04-23 04:28:33,585 [omNode-2-server-thread1] INFO  ratis.OzoneManagerStateMachine (OzoneManagerStateMachine.java:notifyLeaderChanged(169)) - omNode-2@group-523986131536: leader changed to omNode-3
2025-04-23 04:28:33,586 [omNode-2-server-thread1] INFO  server.RaftServer$Division (ServerState.java:setLeader(272)) - omNode-2@group-523986131536: change Leader from null to omNode-3 at term 11 for appendEntries, leader elected after 284ms
2025-04-23 04:28:33,587 [omNode-2-server-thread2] INFO  server.RaftServer$Division (ServerState.java:setRaftConf(386)) - omNode-2@group-523986131536: set configuration conf: {index: 107, cur=peers:[omNode-3|localhost:15017, omNode-1|localhost:15009, omNode-2|localhost:15013]|listeners:[], old=null}
2025-04-23 04:28:33,587 [omNode-2-server-thread2] INFO  segmented.SegmentedRaftLogWorker (SegmentedRaftLogWorker.java:rollLogSegment(443)) - omNode-2@group-523986131536-SegmentedRaftLogWorker: Rolling segment log-105_106 to index:106
2025-04-23 04:28:33,588 [omNode-3@group-523986131536-SegmentedRaftLogWorker] INFO  segmented.SegmentedRaftLogWorker (SegmentedRaftLogWorker.java:execute(644)) - omNode-3@group-523986131536-SegmentedRaftLogWorker: created new log segment /home/runner/work/ozone/ozone/hadoop-ozone/integration-test/target/test-dir/MiniOzoneClusterImpl-ff59c164-3798-4a7f-a16d-eeed9ffb3244/omNode-3/ratis/c9bc4cf4-3bc3-3c60-a66b-523986131536/current/log_inprogress_107
2025-04-23 04:28:33,589 [omNode-2@group-523986131536-SegmentedRaftLogWorker] INFO  segmented.SegmentedRaftLogWorker (SegmentedRaftLogWorker.java:execute(601)) - omNode-2@group-523986131536-SegmentedRaftLogWorker: Rolled log segment from /home/runner/work/ozone/ozone/hadoop-ozone/integration-test/target/test-dir/MiniOzoneClusterImpl-ff59c164-3798-4a7f-a16d-eeed9ffb3244/omNode-2/ratis/c9bc4cf4-3bc3-3c60-a66b-523986131536/current/log_inprogress_105 to /home/runner/work/ozone/ozone/hadoop-ozone/integration-test/target/test-dir/MiniOzoneClusterImpl-ff59c164-3798-4a7f-a16d-eeed9ffb3244/omNode-2/ratis/c9bc4cf4-3bc3-3c60-a66b-523986131536/current/log_105-106
2025-04-23 04:28:33,589 [omNode-2@group-523986131536-SegmentedRaftLogWorker] INFO  segmented.BufferedWriteChannel (BufferedWriteChannel.java:open(61)) - open log_inprogress_107 at position 0
2025-04-23 04:28:33,600 [omNode-1@group-523986131536-SegmentedRaftLogWorker] INFO  segmented.SegmentedRaftLogWorker (SegmentedRaftLogWorker.java:execute(644)) - omNode-1@group-523986131536-SegmentedRaftLogWorker: created new log segment /home/runner/work/ozone/ozone/hadoop-ozone/integration-test/target/test-dir/MiniOzoneClusterImpl-ff59c164-3798-4a7f-a16d-eeed9ffb3244/omNode-1/ratis/c9bc4cf4-3bc3-3c60-a66b-523986131536/current/log_inprogress_107
2025-04-23 04:28:33,601 [omNode-2@group-523986131536-SegmentedRaftLogWorker] INFO  segmented.SegmentedRaftLogWorker (SegmentedRaftLogWorker.java:execute(644)) - omNode-2@group-523986131536-SegmentedRaftLogWorker: created new log segment /home/runner/work/ozone/ozone/hadoop-ozone/integration-test/target/test-dir/MiniOzoneClusterImpl-ff59c164-3798-4a7f-a16d-eeed9ffb3244/omNode-2/ratis/c9bc4cf4-3bc3-3c60-a66b-523986131536/current/log_inprogress_107
2025-04-23 04:28:33,603 [omNode-3@group-523986131536-StateMachineUpdater] INFO  ratis.OzoneManagerStateMachine (OzoneManagerStateMachine.java:notifyConfigurationChanged(231)) - notifyConfigurationChanged from Ratis: term=11, index=107, New Peer list: omNode-3(localhost:15017), omNode-1(localhost:15009), omNode-2(localhost:15013)
2025-04-23 04:28:33,603 [omNode-3@group-523986131536-StateMachineUpdater] INFO  server.RaftServer$Division (LeaderStateImpl.java:checkStartIndex(313)) - Leader omNode-3@group-523986131536-LeaderStateImpl is ready since appliedIndex == startIndex == 107
2025-04-23 04:28:33,605 [omNode-2@group-523986131536-StateMachineUpdater] INFO  ratis.OzoneManagerStateMachine (OzoneManagerStateMachine.java:notifyConfigurationChanged(231)) - notifyConfigurationChanged from Ratis: term=11, index=107, New Peer list: omNode-3(localhost:15017), omNode-1(localhost:15009), omNode-2(localhost:15013)
2025-04-23 04:28:33,606 [omNode-1@group-523986131536-StateMachineUpdater] INFO  ratis.OzoneManagerStateMachine (OzoneManagerStateMachine.java:notifyConfigurationChanged(231)) - notifyConfigurationChanged from Ratis: term=11, index=107, New Peer list: omNode-3(localhost:15017), omNode-1(localhost:15009), omNode-2(localhost:15013)
2025-04-23 04:28:33,688 [main] INFO  reflections.Reflections (Reflections.java:scan(219)) - Reflections took 377 ms to scan 22 urls, producing 61 keys and 7422 values
2025-04-23 04:28:33,689 [main] INFO  ipc.CallQueueManager (CallQueueManager.java:<init>(93)) - Using callQueue: class java.util.concurrent.LinkedBlockingQueue, queueCapacity: 2000, scheduler: class org.apache.hadoop.ipc.DefaultRpcScheduler, ipcBackoff: false, ipcFailOver: false.
2025-04-23 04:28:33,690 [main] INFO  ipc.Server (Server.java:<init>(1438)) - Listener at localhost:15010
2025-04-23 04:28:33,690 [Socket Reader #1 for port 15010] INFO  ipc.Server (Server.java:run(1474)) - Starting Socket Reader #1 for port 15010
2025-04-23 04:28:33,690 [Socket Reader #2 for port 15010] INFO  ipc.Server (Server.java:run(1474)) - Starting Socket Reader #2 for port 15010
2025-04-23 04:28:33,690 [Socket Reader #3 for port 15010] INFO  ipc.Server (Server.java:run(1474)) - Starting Socket Reader #3 for port 15010
2025-04-23 04:28:33,691 [Socket Reader #5 for port 15010] INFO  ipc.Server (Server.java:run(1474)) - Starting Socket Reader #5 for port 15010
2025-04-23 04:28:33,691 [Socket Reader #6 for port 15010] INFO  ipc.Server (Server.java:run(1474)) - Starting Socket Reader #6 for port 15010
2025-04-23 04:28:33,691 [Socket Reader #7 for port 15010] INFO  ipc.Server (Server.java:run(1474)) - Starting Socket Reader #7 for port 15010
2025-04-23 04:28:33,691 [Socket Reader #4 for port 15010] INFO  ipc.Server (Server.java:run(1474)) - Starting Socket Reader #4 for port 15010
2025-04-23 04:28:33,691 [Socket Reader #8 for port 15010] INFO  ipc.Server (Server.java:run(1474)) - Starting Socket Reader #8 for port 15010
2025-04-23 04:28:33,692 [Socket Reader #9 for port 15010] INFO  ipc.Server (Server.java:run(1474)) - Starting Socket Reader #9 for port 15010
2025-04-23 04:28:33,692 [Socket Reader #10 for port 15010] INFO  ipc.Server (Server.java:run(1474)) - Starting Socket Reader #10 for port 15010
2025-04-23 04:28:33,693 [main] INFO  http.BaseHttpServer (BaseHttpServer.java:newHttpServer2BuilderForOzone(229)) - Starting Web-server for ozoneManager at: http://0.0.0.0:15011
2025-04-23 04:28:33,693 [main] INFO  http.BaseHttpServer (BaseHttpServer.java:<init>(107)) - Hadoop Security Enabled: false Ozone Security Enabled: false Ozone HTTP Security Enabled: false 
2025-04-23 04:28:33,694 [main] WARN  server.AuthenticationFilter (AuthenticationFilter.java:constructSecretProvider(240)) - Unable to initialize FileSignerSecretProvider, falling back to use random secrets. Reason: Could not read signature secret file: /home/runner/hadoop-http-auth-signature-secret
2025-04-23 04:28:33,696 [main] INFO  http.HttpServer2 (HttpServer2.java:addGlobalFilter(1041)) - Added global filter 'safety' (class=org.apache.hadoop.hdds.server.http.HttpServer2$QuotingInputFilter)
2025-04-23 04:28:33,696 [main] INFO  http.HttpServer2 (HttpServer2.java:addFilter(1017)) - Added filter static_user_filter (class=org.apache.hadoop.http.lib.StaticUserWebFilter$StaticUserFilter) to context ozoneManager
2025-04-23 04:28:33,696 [main] INFO  http.HttpServer2 (HttpServer2.java:addFilter(1025)) - Added filter static_user_filter (class=org.apache.hadoop.http.lib.StaticUserWebFilter$StaticUserFilter) to context logs
2025-04-23 04:28:33,696 [main] INFO  http.HttpServer2 (HttpServer2.java:addFilter(1025)) - Added filter static_user_filter (class=org.apache.hadoop.http.lib.StaticUserWebFilter$StaticUserFilter) to context static
2025-04-23 04:28:33,697 [main] INFO  http.BaseHttpServer (BaseHttpServer.java:<init>(195)) - HTTP server of ozoneManager uses base directory /home/runner/work/ozone/ozone/hadoop-ozone/integration-test/target/test-dir/MiniOzoneClusterImpl-ff59c164-3798-4a7f-a16d-eeed9ffb3244/omNode-2/webserver
2025-04-23 04:28:33,697 [main] INFO  http.HttpServer2 (HttpServer2.java:bindListener(1241)) - Jetty bound to port 15011
2025-04-23 04:28:33,697 [main] INFO  server.Server (Server.java:doStart(375)) - jetty-9.4.57.v20241219; built: 2025-01-08T21:24:30.412Z; git: df524e6b29271c2e09ba9aea83c18dc9db464a31; jvm 21.0.7+6-LTS
2025-04-23 04:28:33,698 [main] INFO  server.session (DefaultSessionIdManager.java:doStart(334)) - DefaultSessionIdManager workerName=node0
2025-04-23 04:28:33,698 [main] INFO  server.session (DefaultSessionIdManager.java:doStart(339)) - No SessionScavenger set, using defaults
2025-04-23 04:28:33,698 [main] INFO  server.session (HouseKeeper.java:startScavenging(132)) - node0 Scavenging every 660000ms
2025-04-23 04:28:33,699 [main] INFO  handler.ContextHandler (ContextHandler.java:doStart(921)) - Started o.e.j.s.ServletContextHandler@48fe6df0{logs,/logs,file:///home/runner/work/ozone/ozone/hadoop-ozone/integration-test/target/log,AVAILABLE}
2025-04-23 04:28:33,699 [main] INFO  handler.ContextHandler (ContextHandler.java:doStart(921)) - Started o.e.j.s.ServletContextHandler@5df1ee9f{static,/static,file:///home/runner/work/ozone/ozone/hadoop-ozone/integration-test/target/test-classes/webapps/static,AVAILABLE}
2025-04-23 04:28:33,702 [main] INFO  handler.ContextHandler (ContextHandler.java:doStart(921)) - Started o.e.j.w.WebAppContext@22b4e0ad{ozoneManager,/,file:///home/runner/work/ozone/ozone/hadoop-ozone/integration-test/target/test-classes/webapps/ozoneManager/,AVAILABLE}{file:/home/runner/work/ozone/ozone/hadoop-ozone/integration-test/target/test-classes/webapps/ozoneManager}
2025-04-23 04:28:33,703 [main] INFO  server.AbstractConnector (AbstractConnector.java:doStart(333)) - Started ServerConnector@3cbbedca{HTTP/1.1, (http/1.1)}{0.0.0.0:15011}
2025-04-23 04:28:33,703 [main] INFO  server.Server (Server.java:doStart(415)) - Started @117122ms
2025-04-23 04:28:33,703 [main] WARN  impl.MetricsSystemImpl (MetricsSystemImpl.java:register(279)) - Sink prometheus already exists!
2025-04-23 04:28:33,703 [main] INFO  http.BaseHttpServer (BaseHttpServer.java:updateConnectorAddress(360)) - HTTP server of ozoneManager listening at http://0.0.0.0:15011
2025-04-23 04:28:33,704 [IPC Server Responder] INFO  ipc.Server (Server.java:run(1713)) - IPC Server Responder: starting
2025-04-23 04:28:33,704 [IPC Server listener on 15010] INFO  ipc.Server (Server.java:run(1553)) - IPC Server listener on 15010: starting
2025-04-23 04:28:33,706 [main] INFO  om.OzoneManager (OzoneManager.java:startTrashEmptier(2257)) - Trash Interval set to 0. Files deleted won't move to trash
]]></system-out>
  </testcase>
  <testcase name="testListVolumes" classname="org.apache.hadoop.ozone.om.TestOzoneManagerHAWithStoppedNodes" time="12.633">
    <system-out><![CDATA[2025-04-23 04:28:33,708 [main] INFO  rpc.RpcClient (RpcClient.java:createVolume(462)) - Creating Volume: vol-6934579933-0, with runner as owner and space quota set to -1 bytes, counts quota set to -1
2025-04-23 04:28:33,708 [main] INFO  retry.RetryInvocationHandler (RetryInvocationHandler.java:log(426)) - com.google.protobuf.ServiceException: java.io.EOFException: End of File Exception between local host is: "fv-az1441-587/10.1.0.164"; destination host is: "localhost":15014; : java.io.EOFException; For more details see:  http://wiki.apache.org/hadoop/EOFException, while invoking $Proxy68.submitRequest over nodeId=omNode-3,nodeAddress=127.0.0.1:15014. Trying to failover after sleeping for 2000ms. Current retry count: 0.
2025-04-23 04:28:35,711 [main] INFO  retry.RetryInvocationHandler (RetryInvocationHandler.java:log(426)) - com.google.protobuf.ServiceException: org.apache.hadoop.ipc.RemoteException(org.apache.hadoop.ozone.om.exceptions.OMNotLeaderException): OM:omNode-1 is not the leader. Suggested leader is OM:omNode-3[localhost/127.0.0.1].
	at org.apache.hadoop.ozone.om.ratis.OzoneManagerRatisServer.newOMNotLeaderException(OzoneManagerRatisServer.java:813)
	at org.apache.hadoop.ozone.om.OzoneManager.checkLeaderStatus(OzoneManager.java:4355)
	at org.apache.hadoop.ozone.om.ratis.utils.OzoneManagerRatisUtils.checkLeaderStatus(OzoneManagerRatisUtils.java:500)
	at org.apache.hadoop.ozone.protocolPB.OzoneManagerProtocolServerSideTranslatorPB.internalProcessRequest(OzoneManagerProtocolServerSideTranslatorPB.java:165)
	at org.apache.hadoop.ozone.protocolPB.OzoneManagerProtocolServerSideTranslatorPB.processRequest(OzoneManagerProtocolServerSideTranslatorPB.java:125)
	at org.apache.hadoop.hdds.server.OzoneProtocolMessageDispatcher.processRequest(OzoneProtocolMessageDispatcher.java:87)
	at org.apache.hadoop.ozone.protocolPB.OzoneManagerProtocolServerSideTranslatorPB.submitRequest(OzoneManagerProtocolServerSideTranslatorPB.java:116)
	at org.apache.hadoop.ozone.protocol.proto.OzoneManagerProtocolProtos$OzoneManagerService$2.callBlockingMethod(OzoneManagerProtocolProtos.java)
	at org.apache.hadoop.ipc.ProtobufRpcEngine$Server.processCall(ProtobufRpcEngine.java:484)
	at org.apache.hadoop.ipc.ProtobufRpcEngine2$Server$ProtoBufRpcInvoker.call(ProtobufRpcEngine2.java:595)
	at org.apache.hadoop.ipc.ProtobufRpcEngine2$Server$ProtoBufRpcInvoker.call(ProtobufRpcEngine2.java:573)
	at org.apache.hadoop.ipc.RPC$Server.call(RPC.java:1227)
	at org.apache.hadoop.ipc.Server$RpcCall.run(Server.java:1246)
	at org.apache.hadoop.ipc.Server$RpcCall.run(Server.java:1169)
	at java.base/java.security.AccessController.doPrivileged(AccessController.java:714)
	at java.base/javax.security.auth.Subject.doAs(Subject.java:525)
	at org.apache.hadoop.security.UserGroupInformation.doAs(UserGroupInformation.java:1953)
	at org.apache.hadoop.ipc.Server$Handler.run(Server.java:3198)
, while invoking $Proxy68.submitRequest over nodeId=omNode-1,nodeAddress=127.0.0.1:15006 after 1 failover attempts. Trying to failover immediately. Current retry count: 1.
2025-04-23 04:28:35,713 [main] INFO  retry.RetryInvocationHandler (RetryInvocationHandler.java:log(426)) - com.google.protobuf.ServiceException: org.apache.hadoop.ipc.RemoteException(org.apache.hadoop.ozone.om.exceptions.OMNotLeaderException): OM:omNode-2 is not the leader. Suggested leader is OM:omNode-3[localhost/127.0.0.1].
	at org.apache.hadoop.ozone.om.ratis.OzoneManagerRatisServer.newOMNotLeaderException(OzoneManagerRatisServer.java:813)
	at org.apache.hadoop.ozone.om.OzoneManager.checkLeaderStatus(OzoneManager.java:4355)
	at org.apache.hadoop.ozone.om.ratis.utils.OzoneManagerRatisUtils.checkLeaderStatus(OzoneManagerRatisUtils.java:500)
	at org.apache.hadoop.ozone.protocolPB.OzoneManagerProtocolServerSideTranslatorPB.internalProcessRequest(OzoneManagerProtocolServerSideTranslatorPB.java:165)
	at org.apache.hadoop.ozone.protocolPB.OzoneManagerProtocolServerSideTranslatorPB.processRequest(OzoneManagerProtocolServerSideTranslatorPB.java:125)
	at org.apache.hadoop.hdds.server.OzoneProtocolMessageDispatcher.processRequest(OzoneProtocolMessageDispatcher.java:87)
	at org.apache.hadoop.ozone.protocolPB.OzoneManagerProtocolServerSideTranslatorPB.submitRequest(OzoneManagerProtocolServerSideTranslatorPB.java:116)
	at org.apache.hadoop.ozone.protocol.proto.OzoneManagerProtocolProtos$OzoneManagerService$2.callBlockingMethod(OzoneManagerProtocolProtos.java)
	at org.apache.hadoop.ipc.ProtobufRpcEngine$Server.processCall(ProtobufRpcEngine.java:484)
	at org.apache.hadoop.ipc.ProtobufRpcEngine2$Server$ProtoBufRpcInvoker.call(ProtobufRpcEngine2.java:595)
	at org.apache.hadoop.ipc.ProtobufRpcEngine2$Server$ProtoBufRpcInvoker.call(ProtobufRpcEngine2.java:573)
	at org.apache.hadoop.ipc.RPC$Server.call(RPC.java:1227)
	at org.apache.hadoop.ipc.Server$RpcCall.run(Server.java:1246)
	at org.apache.hadoop.ipc.Server$RpcCall.run(Server.java:1169)
	at java.base/java.security.AccessController.doPrivileged(AccessController.java:714)
	at java.base/javax.security.auth.Subject.doAs(Subject.java:525)
	at org.apache.hadoop.security.UserGroupInformation.doAs(UserGroupInformation.java:1953)
	at org.apache.hadoop.ipc.Server$Handler.run(Server.java:3198)
, while invoking $Proxy68.submitRequest over nodeId=omNode-2,nodeAddress=127.0.0.1:15010 after 2 failover attempts. Trying to failover immediately. Current retry count: 2.
2025-04-23 04:28:35,718 [omNode-3-OMStateMachineApplyTransactionThread - 0] INFO  volume.OMVolumeCreateRequest (OMVolumeCreateRequest.java:validateAndUpdateCache(203)) - created volume:vol-6934579933-0 for user:runner
2025-04-23 04:28:35,719 [main] INFO  rpc.RpcClient (RpcClient.java:createVolume(462)) - Creating Volume: vol-6934579933-1, with runner as owner and space quota set to -1 bytes, counts quota set to -1
2025-04-23 04:28:35,719 [omNode-2-OMStateMachineApplyTransactionThread - 0] INFO  volume.OMVolumeCreateRequest (OMVolumeCreateRequest.java:validateAndUpdateCache(203)) - created volume:vol-6934579933-0 for user:runner
2025-04-23 04:28:35,721 [omNode-1-OMStateMachineApplyTransactionThread - 0] INFO  volume.OMVolumeCreateRequest (OMVolumeCreateRequest.java:validateAndUpdateCache(203)) - created volume:vol-6934579933-0 for user:runner
2025-04-23 04:28:35,723 [omNode-3-OMStateMachineApplyTransactionThread - 0] INFO  volume.OMVolumeCreateRequest (OMVolumeCreateRequest.java:validateAndUpdateCache(203)) - created volume:vol-6934579933-1 for user:runner
2025-04-23 04:28:35,724 [main] INFO  rpc.RpcClient (RpcClient.java:createVolume(462)) - Creating Volume: vol-6934579933-2, with runner as owner and space quota set to -1 bytes, counts quota set to -1
2025-04-23 04:28:35,724 [omNode-1-OMStateMachineApplyTransactionThread - 0] INFO  volume.OMVolumeCreateRequest (OMVolumeCreateRequest.java:validateAndUpdateCache(203)) - created volume:vol-6934579933-1 for user:runner
2025-04-23 04:28:35,725 [omNode-2-OMStateMachineApplyTransactionThread - 0] INFO  volume.OMVolumeCreateRequest (OMVolumeCreateRequest.java:validateAndUpdateCache(203)) - created volume:vol-6934579933-1 for user:runner
2025-04-23 04:28:35,728 [omNode-3-OMStateMachineApplyTransactionThread - 0] INFO  volume.OMVolumeCreateRequest (OMVolumeCreateRequest.java:validateAndUpdateCache(203)) - created volume:vol-6934579933-2 for user:runner
2025-04-23 04:28:35,729 [omNode-2-OMStateMachineApplyTransactionThread - 0] INFO  volume.OMVolumeCreateRequest (OMVolumeCreateRequest.java:validateAndUpdateCache(203)) - created volume:vol-6934579933-2 for user:runner
2025-04-23 04:28:35,729 [main] INFO  rpc.RpcClient (RpcClient.java:createVolume(462)) - Creating Volume: vol-6934579933-3, with runner as owner and space quota set to -1 bytes, counts quota set to -1
2025-04-23 04:28:35,730 [omNode-1-OMStateMachineApplyTransactionThread - 0] INFO  volume.OMVolumeCreateRequest (OMVolumeCreateRequest.java:validateAndUpdateCache(203)) - created volume:vol-6934579933-2 for user:runner
2025-04-23 04:28:35,733 [omNode-3-OMStateMachineApplyTransactionThread - 0] INFO  volume.OMVolumeCreateRequest (OMVolumeCreateRequest.java:validateAndUpdateCache(203)) - created volume:vol-6934579933-3 for user:runner
2025-04-23 04:28:35,734 [omNode-2-OMStateMachineApplyTransactionThread - 0] INFO  volume.OMVolumeCreateRequest (OMVolumeCreateRequest.java:validateAndUpdateCache(203)) - created volume:vol-6934579933-3 for user:runner
2025-04-23 04:28:35,734 [omNode-1-OMStateMachineApplyTransactionThread - 0] INFO  volume.OMVolumeCreateRequest (OMVolumeCreateRequest.java:validateAndUpdateCache(203)) - created volume:vol-6934579933-3 for user:runner
2025-04-23 04:28:35,734 [main] INFO  rpc.RpcClient (RpcClient.java:createVolume(462)) - Creating Volume: vol-6934579933-4, with runner as owner and space quota set to -1 bytes, counts quota set to -1
2025-04-23 04:28:35,737 [omNode-3-OMStateMachineApplyTransactionThread - 0] INFO  volume.OMVolumeCreateRequest (OMVolumeCreateRequest.java:validateAndUpdateCache(203)) - created volume:vol-6934579933-4 for user:runner
2025-04-23 04:28:35,738 [main] INFO  rpc.RpcClient (RpcClient.java:createVolume(462)) - Creating Volume: vol-6934579933-5, with runner as owner and space quota set to -1 bytes, counts quota set to -1
2025-04-23 04:28:35,739 [omNode-2-OMStateMachineApplyTransactionThread - 0] INFO  volume.OMVolumeCreateRequest (OMVolumeCreateRequest.java:validateAndUpdateCache(203)) - created volume:vol-6934579933-4 for user:runner
2025-04-23 04:28:35,740 [omNode-1-OMStateMachineApplyTransactionThread - 0] INFO  volume.OMVolumeCreateRequest (OMVolumeCreateRequest.java:validateAndUpdateCache(203)) - created volume:vol-6934579933-4 for user:runner
2025-04-23 04:28:35,743 [omNode-3-OMStateMachineApplyTransactionThread - 0] INFO  volume.OMVolumeCreateRequest (OMVolumeCreateRequest.java:validateAndUpdateCache(203)) - created volume:vol-6934579933-5 for user:runner
2025-04-23 04:28:35,744 [main] INFO  rpc.RpcClient (RpcClient.java:createVolume(462)) - Creating Volume: vol-6934579933-6, with runner as owner and space quota set to -1 bytes, counts quota set to -1
2025-04-23 04:28:35,745 [omNode-2-OMStateMachineApplyTransactionThread - 0] INFO  volume.OMVolumeCreateRequest (OMVolumeCreateRequest.java:validateAndUpdateCache(203)) - created volume:vol-6934579933-5 for user:runner
2025-04-23 04:28:35,746 [omNode-1-OMStateMachineApplyTransactionThread - 0] INFO  volume.OMVolumeCreateRequest (OMVolumeCreateRequest.java:validateAndUpdateCache(203)) - created volume:vol-6934579933-5 for user:runner
2025-04-23 04:28:35,748 [omNode-3-OMStateMachineApplyTransactionThread - 0] INFO  volume.OMVolumeCreateRequest (OMVolumeCreateRequest.java:validateAndUpdateCache(203)) - created volume:vol-6934579933-6 for user:runner
2025-04-23 04:28:35,749 [main] INFO  rpc.RpcClient (RpcClient.java:createVolume(462)) - Creating Volume: vol-6934579933-7, with runner as owner and space quota set to -1 bytes, counts quota set to -1
2025-04-23 04:28:35,750 [omNode-1-OMStateMachineApplyTransactionThread - 0] INFO  volume.OMVolumeCreateRequest (OMVolumeCreateRequest.java:validateAndUpdateCache(203)) - created volume:vol-6934579933-6 for user:runner
2025-04-23 04:28:35,751 [omNode-2-OMStateMachineApplyTransactionThread - 0] INFO  volume.OMVolumeCreateRequest (OMVolumeCreateRequest.java:validateAndUpdateCache(203)) - created volume:vol-6934579933-6 for user:runner
2025-04-23 04:28:35,753 [omNode-3-OMStateMachineApplyTransactionThread - 0] INFO  volume.OMVolumeCreateRequest (OMVolumeCreateRequest.java:validateAndUpdateCache(203)) - created volume:vol-6934579933-7 for user:runner
2025-04-23 04:28:35,754 [omNode-1-OMStateMachineApplyTransactionThread - 0] INFO  volume.OMVolumeCreateRequest (OMVolumeCreateRequest.java:validateAndUpdateCache(203)) - created volume:vol-6934579933-7 for user:runner
2025-04-23 04:28:35,755 [omNode-2-OMStateMachineApplyTransactionThread - 0] INFO  volume.OMVolumeCreateRequest (OMVolumeCreateRequest.java:validateAndUpdateCache(203)) - created volume:vol-6934579933-7 for user:runner
2025-04-23 04:28:35,755 [main] INFO  rpc.RpcClient (RpcClient.java:createVolume(462)) - Creating Volume: vol-6934579933-8, with runner as owner and space quota set to -1 bytes, counts quota set to -1
2025-04-23 04:28:35,759 [omNode-3-OMStateMachineApplyTransactionThread - 0] INFO  volume.OMVolumeCreateRequest (OMVolumeCreateRequest.java:validateAndUpdateCache(203)) - created volume:vol-6934579933-8 for user:runner
2025-04-23 04:28:35,760 [main] INFO  rpc.RpcClient (RpcClient.java:createVolume(462)) - Creating Volume: vol-6934579933-9, with runner as owner and space quota set to -1 bytes, counts quota set to -1
2025-04-23 04:28:35,761 [omNode-2-OMStateMachineApplyTransactionThread - 0] INFO  volume.OMVolumeCreateRequest (OMVolumeCreateRequest.java:validateAndUpdateCache(203)) - created volume:vol-6934579933-8 for user:runner
2025-04-23 04:28:35,761 [omNode-1-OMStateMachineApplyTransactionThread - 0] INFO  volume.OMVolumeCreateRequest (OMVolumeCreateRequest.java:validateAndUpdateCache(203)) - created volume:vol-6934579933-8 for user:runner
2025-04-23 04:28:35,765 [omNode-3-OMStateMachineApplyTransactionThread - 0] INFO  volume.OMVolumeCreateRequest (OMVolumeCreateRequest.java:validateAndUpdateCache(203)) - created volume:vol-6934579933-9 for user:runner
2025-04-23 04:28:35,766 [main] INFO  rpc.RpcClient (RpcClient.java:createVolume(462)) - Creating Volume: vol-6934579933-10, with runner as owner and space quota set to -1 bytes, counts quota set to -1
2025-04-23 04:28:35,767 [omNode-1-OMStateMachineApplyTransactionThread - 0] INFO  volume.OMVolumeCreateRequest (OMVolumeCreateRequest.java:validateAndUpdateCache(203)) - created volume:vol-6934579933-9 for user:runner
2025-04-23 04:28:35,768 [omNode-2-OMStateMachineApplyTransactionThread - 0] INFO  volume.OMVolumeCreateRequest (OMVolumeCreateRequest.java:validateAndUpdateCache(203)) - created volume:vol-6934579933-9 for user:runner
2025-04-23 04:28:35,770 [omNode-3-OMStateMachineApplyTransactionThread - 0] INFO  volume.OMVolumeCreateRequest (OMVolumeCreateRequest.java:validateAndUpdateCache(203)) - created volume:vol-6934579933-10 for user:runner
2025-04-23 04:28:35,771 [main] INFO  rpc.RpcClient (RpcClient.java:createVolume(462)) - Creating Volume: vol-6934579933-11, with runner as owner and space quota set to -1 bytes, counts quota set to -1
2025-04-23 04:28:35,773 [omNode-2-OMStateMachineApplyTransactionThread - 0] INFO  volume.OMVolumeCreateRequest (OMVolumeCreateRequest.java:validateAndUpdateCache(203)) - created volume:vol-6934579933-10 for user:runner
2025-04-23 04:28:35,773 [omNode-1-OMStateMachineApplyTransactionThread - 0] INFO  volume.OMVolumeCreateRequest (OMVolumeCreateRequest.java:validateAndUpdateCache(203)) - created volume:vol-6934579933-10 for user:runner
2025-04-23 04:28:35,776 [omNode-3-OMStateMachineApplyTransactionThread - 0] INFO  volume.OMVolumeCreateRequest (OMVolumeCreateRequest.java:validateAndUpdateCache(203)) - created volume:vol-6934579933-11 for user:runner
2025-04-23 04:28:35,777 [main] INFO  rpc.RpcClient (RpcClient.java:createVolume(462)) - Creating Volume: vol-6934579933-12, with runner as owner and space quota set to -1 bytes, counts quota set to -1
2025-04-23 04:28:35,778 [omNode-1-OMStateMachineApplyTransactionThread - 0] INFO  volume.OMVolumeCreateRequest (OMVolumeCreateRequest.java:validateAndUpdateCache(203)) - created volume:vol-6934579933-11 for user:runner
2025-04-23 04:28:35,778 [omNode-2-OMStateMachineApplyTransactionThread - 0] INFO  volume.OMVolumeCreateRequest (OMVolumeCreateRequest.java:validateAndUpdateCache(203)) - created volume:vol-6934579933-11 for user:runner
2025-04-23 04:28:35,781 [omNode-3-OMStateMachineApplyTransactionThread - 0] INFO  volume.OMVolumeCreateRequest (OMVolumeCreateRequest.java:validateAndUpdateCache(203)) - created volume:vol-6934579933-12 for user:runner
2025-04-23 04:28:35,782 [main] INFO  rpc.RpcClient (RpcClient.java:createVolume(462)) - Creating Volume: vol-6934579933-13, with runner as owner and space quota set to -1 bytes, counts quota set to -1
2025-04-23 04:28:35,782 [omNode-2-OMStateMachineApplyTransactionThread - 0] INFO  volume.OMVolumeCreateRequest (OMVolumeCreateRequest.java:validateAndUpdateCache(203)) - created volume:vol-6934579933-12 for user:runner
2025-04-23 04:28:35,783 [omNode-1-OMStateMachineApplyTransactionThread - 0] INFO  volume.OMVolumeCreateRequest (OMVolumeCreateRequest.java:validateAndUpdateCache(203)) - created volume:vol-6934579933-12 for user:runner
2025-04-23 04:28:35,786 [omNode-3-OMStateMachineApplyTransactionThread - 0] INFO  volume.OMVolumeCreateRequest (OMVolumeCreateRequest.java:validateAndUpdateCache(203)) - created volume:vol-6934579933-13 for user:runner
2025-04-23 04:28:35,787 [main] INFO  rpc.RpcClient (RpcClient.java:createVolume(462)) - Creating Volume: vol-6934579933-14, with runner as owner and space quota set to -1 bytes, counts quota set to -1
2025-04-23 04:28:35,787 [omNode-1-OMStateMachineApplyTransactionThread - 0] INFO  volume.OMVolumeCreateRequest (OMVolumeCreateRequest.java:validateAndUpdateCache(203)) - created volume:vol-6934579933-13 for user:runner
2025-04-23 04:28:35,787 [omNode-2-OMStateMachineApplyTransactionThread - 0] INFO  volume.OMVolumeCreateRequest (OMVolumeCreateRequest.java:validateAndUpdateCache(203)) - created volume:vol-6934579933-13 for user:runner
2025-04-23 04:28:35,791 [omNode-3-OMStateMachineApplyTransactionThread - 0] INFO  volume.OMVolumeCreateRequest (OMVolumeCreateRequest.java:validateAndUpdateCache(203)) - created volume:vol-6934579933-14 for user:runner
2025-04-23 04:28:35,792 [omNode-2-OMStateMachineApplyTransactionThread - 0] INFO  volume.OMVolumeCreateRequest (OMVolumeCreateRequest.java:validateAndUpdateCache(203)) - created volume:vol-6934579933-14 for user:runner
2025-04-23 04:28:35,792 [omNode-1-OMStateMachineApplyTransactionThread - 0] INFO  volume.OMVolumeCreateRequest (OMVolumeCreateRequest.java:validateAndUpdateCache(203)) - created volume:vol-6934579933-14 for user:runner
2025-04-23 04:28:35,793 [main] INFO  rpc.RpcClient (RpcClient.java:createVolume(462)) - Creating Volume: vol-6934579933-15, with runner as owner and space quota set to -1 bytes, counts quota set to -1
2025-04-23 04:28:35,797 [omNode-3-OMStateMachineApplyTransactionThread - 0] INFO  volume.OMVolumeCreateRequest (OMVolumeCreateRequest.java:validateAndUpdateCache(203)) - created volume:vol-6934579933-15 for user:runner
2025-04-23 04:28:35,798 [omNode-1-OMStateMachineApplyTransactionThread - 0] INFO  volume.OMVolumeCreateRequest (OMVolumeCreateRequest.java:validateAndUpdateCache(203)) - created volume:vol-6934579933-15 for user:runner
2025-04-23 04:28:35,798 [omNode-2-OMStateMachineApplyTransactionThread - 0] INFO  volume.OMVolumeCreateRequest (OMVolumeCreateRequest.java:validateAndUpdateCache(203)) - created volume:vol-6934579933-15 for user:runner
2025-04-23 04:28:35,799 [main] INFO  rpc.RpcClient (RpcClient.java:createVolume(462)) - Creating Volume: vol-6934579933-16, with runner as owner and space quota set to -1 bytes, counts quota set to -1
2025-04-23 04:28:35,802 [omNode-3-OMStateMachineApplyTransactionThread - 0] INFO  volume.OMVolumeCreateRequest (OMVolumeCreateRequest.java:validateAndUpdateCache(203)) - created volume:vol-6934579933-16 for user:runner
2025-04-23 04:28:35,804 [main] INFO  rpc.RpcClient (RpcClient.java:createVolume(462)) - Creating Volume: vol-6934579933-17, with runner as owner and space quota set to -1 bytes, counts quota set to -1
2025-04-23 04:28:35,805 [omNode-1-OMStateMachineApplyTransactionThread - 0] INFO  volume.OMVolumeCreateRequest (OMVolumeCreateRequest.java:validateAndUpdateCache(203)) - created volume:vol-6934579933-16 for user:runner
2025-04-23 04:28:35,808 [omNode-2-OMStateMachineApplyTransactionThread - 0] INFO  volume.OMVolumeCreateRequest (OMVolumeCreateRequest.java:validateAndUpdateCache(203)) - created volume:vol-6934579933-16 for user:runner
2025-04-23 04:28:35,808 [omNode-3-OMStateMachineApplyTransactionThread - 0] INFO  volume.OMVolumeCreateRequest (OMVolumeCreateRequest.java:validateAndUpdateCache(203)) - created volume:vol-6934579933-17 for user:runner
2025-04-23 04:28:35,810 [main] INFO  rpc.RpcClient (RpcClient.java:createVolume(462)) - Creating Volume: vol-6934579933-18, with runner as owner and space quota set to -1 bytes, counts quota set to -1
2025-04-23 04:28:35,810 [omNode-2-OMStateMachineApplyTransactionThread - 0] INFO  volume.OMVolumeCreateRequest (OMVolumeCreateRequest.java:validateAndUpdateCache(203)) - created volume:vol-6934579933-17 for user:runner
2025-04-23 04:28:35,811 [omNode-1-OMStateMachineApplyTransactionThread - 0] INFO  volume.OMVolumeCreateRequest (OMVolumeCreateRequest.java:validateAndUpdateCache(203)) - created volume:vol-6934579933-17 for user:runner
2025-04-23 04:28:35,813 [omNode-3-OMStateMachineApplyTransactionThread - 0] INFO  volume.OMVolumeCreateRequest (OMVolumeCreateRequest.java:validateAndUpdateCache(203)) - created volume:vol-6934579933-18 for user:runner
2025-04-23 04:28:35,814 [main] INFO  rpc.RpcClient (RpcClient.java:createVolume(462)) - Creating Volume: vol-6934579933-19, with runner as owner and space quota set to -1 bytes, counts quota set to -1
2025-04-23 04:28:35,815 [omNode-2-OMStateMachineApplyTransactionThread - 0] INFO  volume.OMVolumeCreateRequest (OMVolumeCreateRequest.java:validateAndUpdateCache(203)) - created volume:vol-6934579933-18 for user:runner
2025-04-23 04:28:35,816 [omNode-1-OMStateMachineApplyTransactionThread - 0] INFO  volume.OMVolumeCreateRequest (OMVolumeCreateRequest.java:validateAndUpdateCache(203)) - created volume:vol-6934579933-18 for user:runner
2025-04-23 04:28:35,818 [omNode-3-OMStateMachineApplyTransactionThread - 0] INFO  volume.OMVolumeCreateRequest (OMVolumeCreateRequest.java:validateAndUpdateCache(203)) - created volume:vol-6934579933-19 for user:runner
2025-04-23 04:28:35,819 [main] INFO  rpc.RpcClient (RpcClient.java:createVolume(462)) - Creating Volume: vol-6934579933-20, with runner as owner and space quota set to -1 bytes, counts quota set to -1
2025-04-23 04:28:35,822 [omNode-1-OMStateMachineApplyTransactionThread - 0] INFO  volume.OMVolumeCreateRequest (OMVolumeCreateRequest.java:validateAndUpdateCache(203)) - created volume:vol-6934579933-19 for user:runner
2025-04-23 04:28:35,822 [omNode-2-OMStateMachineApplyTransactionThread - 0] INFO  volume.OMVolumeCreateRequest (OMVolumeCreateRequest.java:validateAndUpdateCache(203)) - created volume:vol-6934579933-19 for user:runner
2025-04-23 04:28:35,823 [omNode-3-OMStateMachineApplyTransactionThread - 0] INFO  volume.OMVolumeCreateRequest (OMVolumeCreateRequest.java:validateAndUpdateCache(203)) - created volume:vol-6934579933-20 for user:runner
2025-04-23 04:28:35,824 [main] INFO  rpc.RpcClient (RpcClient.java:createVolume(462)) - Creating Volume: vol-6934579933-21, with runner as owner and space quota set to -1 bytes, counts quota set to -1
2025-04-23 04:28:35,825 [omNode-2-OMStateMachineApplyTransactionThread - 0] INFO  volume.OMVolumeCreateRequest (OMVolumeCreateRequest.java:validateAndUpdateCache(203)) - created volume:vol-6934579933-20 for user:runner
2025-04-23 04:28:35,827 [omNode-1-OMStateMachineApplyTransactionThread - 0] INFO  volume.OMVolumeCreateRequest (OMVolumeCreateRequest.java:validateAndUpdateCache(203)) - created volume:vol-6934579933-20 for user:runner
2025-04-23 04:28:35,829 [omNode-3-OMStateMachineApplyTransactionThread - 0] INFO  volume.OMVolumeCreateRequest (OMVolumeCreateRequest.java:validateAndUpdateCache(203)) - created volume:vol-6934579933-21 for user:runner
2025-04-23 04:28:35,830 [main] INFO  rpc.RpcClient (RpcClient.java:createVolume(462)) - Creating Volume: vol-6934579933-22, with runner as owner and space quota set to -1 bytes, counts quota set to -1
2025-04-23 04:28:35,831 [omNode-1-OMStateMachineApplyTransactionThread - 0] INFO  volume.OMVolumeCreateRequest (OMVolumeCreateRequest.java:validateAndUpdateCache(203)) - created volume:vol-6934579933-21 for user:runner
2025-04-23 04:28:35,831 [omNode-2-OMStateMachineApplyTransactionThread - 0] INFO  volume.OMVolumeCreateRequest (OMVolumeCreateRequest.java:validateAndUpdateCache(203)) - created volume:vol-6934579933-21 for user:runner
2025-04-23 04:28:35,834 [omNode-3-OMStateMachineApplyTransactionThread - 0] INFO  volume.OMVolumeCreateRequest (OMVolumeCreateRequest.java:validateAndUpdateCache(203)) - created volume:vol-6934579933-22 for user:runner
2025-04-23 04:28:35,835 [main] INFO  rpc.RpcClient (RpcClient.java:createVolume(462)) - Creating Volume: vol-6934579933-23, with runner as owner and space quota set to -1 bytes, counts quota set to -1
2025-04-23 04:28:35,836 [omNode-2-OMStateMachineApplyTransactionThread - 0] INFO  volume.OMVolumeCreateRequest (OMVolumeCreateRequest.java:validateAndUpdateCache(203)) - created volume:vol-6934579933-22 for user:runner
2025-04-23 04:28:35,839 [omNode-3-OMStateMachineApplyTransactionThread - 0] INFO  volume.OMVolumeCreateRequest (OMVolumeCreateRequest.java:validateAndUpdateCache(203)) - created volume:vol-6934579933-23 for user:runner
2025-04-23 04:28:35,840 [omNode-2-OMStateMachineApplyTransactionThread - 0] INFO  volume.OMVolumeCreateRequest (OMVolumeCreateRequest.java:validateAndUpdateCache(203)) - created volume:vol-6934579933-23 for user:runner
2025-04-23 04:28:35,840 [main] INFO  rpc.RpcClient (RpcClient.java:createVolume(462)) - Creating Volume: vol-6934579933-24, with runner as owner and space quota set to -1 bytes, counts quota set to -1
2025-04-23 04:28:35,845 [omNode-3-OMStateMachineApplyTransactionThread - 0] INFO  volume.OMVolumeCreateRequest (OMVolumeCreateRequest.java:validateAndUpdateCache(203)) - created volume:vol-6934579933-24 for user:runner
2025-04-23 04:28:35,847 [main] INFO  rpc.RpcClient (RpcClient.java:createVolume(462)) - Creating Volume: vol-6934579933-25, with runner as owner and space quota set to -1 bytes, counts quota set to -1
2025-04-23 04:28:35,856 [omNode-1@group-523986131536-StateMachineUpdater] INFO  ratis.OzoneManagerStateMachine (OzoneManagerStateMachine.java:takeSnapshotImpl(510)) - omNode-1: taking snapshot. applied = (t:11, i:152), skipped = 151, notified = (t:11, i:152), current snapshot index = (t:11, i:152), took 22 ms
2025-04-23 04:28:35,856 [omNode-1@group-523986131536-StateMachineUpdater] INFO  impl.StateMachineUpdater (StateMachineUpdater.java:takeSnapshot(303)) - omNode-1@group-523986131536-StateMachineUpdater: Took a snapshot at index 152
2025-04-23 04:28:35,856 [omNode-1@group-523986131536-StateMachineUpdater] INFO  impl.StateMachineUpdater (StateMachineUpdater.java:lambda$new$0(102)) - omNode-1@group-523986131536-StateMachineUpdater: snapshotIndex: updateIncreasingly 102 -> 152
2025-04-23 04:28:35,856 [omNode-1@group-523986131536-StateMachineUpdater] INFO  raftlog.RaftLog (RaftLogBase.java:purge(325)) - omNode-1@group-523986131536-SegmentedRaftLog: purge 152
2025-04-23 04:28:35,856 [omNode-1@group-523986131536-StateMachineUpdater] INFO  raftlog.RaftLog (RaftLogBase.java:lambda$new$0(54)) - omNode-1@group-523986131536-SegmentedRaftLog: snapshotIndex: updateIncreasingly 102 -> 152
2025-04-23 04:28:35,857 [omNode-1@group-523986131536-StateMachineUpdater] INFO  raftlog.RaftLog (SegmentedRaftLog.java:purgeImpl(382)) - omNode-1@group-523986131536-SegmentedRaftLog: purge(152)
  toTruncate: null
    toDelete: [(105, 106) isOpen? false, length=0, newEndIndex=0, (103, 104) isOpen? false, length=0, newEndIndex=0, (77, 102) isOpen? false, length=0, newEndIndex=0]
2025-04-23 04:28:35,857 [omNode-1@group-523986131536-SegmentedRaftLogWorker] INFO  segmented.SegmentedRaftLogWorker (SegmentedRaftLogWorker.java:execute(481)) - omNode-1@group-523986131536-SegmentedRaftLogWorker: Purged RaftLog segment: info=(105, 106) isOpen? false, length=0, newEndIndex=0, path=/home/runner/work/ozone/ozone/hadoop-ozone/integration-test/target/test-dir/MiniOzoneClusterImpl-ff59c164-3798-4a7f-a16d-eeed9ffb3244/omNode-1/ratis/c9bc4cf4-3bc3-3c60-a66b-523986131536/current/log_105-106
2025-04-23 04:28:35,857 [omNode-1@group-523986131536-SegmentedRaftLogWorker] INFO  segmented.SegmentedRaftLogWorker (SegmentedRaftLogWorker.java:execute(481)) - omNode-1@group-523986131536-SegmentedRaftLogWorker: Purged RaftLog segment: info=(103, 104) isOpen? false, length=0, newEndIndex=0, path=/home/runner/work/ozone/ozone/hadoop-ozone/integration-test/target/test-dir/MiniOzoneClusterImpl-ff59c164-3798-4a7f-a16d-eeed9ffb3244/omNode-1/ratis/c9bc4cf4-3bc3-3c60-a66b-523986131536/current/log_103-104
2025-04-23 04:28:35,857 [omNode-1@group-523986131536-SegmentedRaftLogWorker] INFO  segmented.SegmentedRaftLogWorker (SegmentedRaftLogWorker.java:execute(481)) - omNode-1@group-523986131536-SegmentedRaftLogWorker: Purged RaftLog segment: info=(77, 102) isOpen? false, length=0, newEndIndex=0, path=/home/runner/work/ozone/ozone/hadoop-ozone/integration-test/target/test-dir/MiniOzoneClusterImpl-ff59c164-3798-4a7f-a16d-eeed9ffb3244/omNode-1/ratis/c9bc4cf4-3bc3-3c60-a66b-523986131536/current/log_77-102
2025-04-23 04:28:35,857 [omNode-1@group-523986131536-SegmentedRaftLogWorker] INFO  raftlog.RaftLog (RaftLogBase.java:lambda$new$0(54)) - omNode-1@group-523986131536-SegmentedRaftLog: purgeIndex: updateToMax old=76, new=106, updated? true
2025-04-23 04:28:35,858 [omNode-1-OMStateMachineApplyTransactionThread - 0] INFO  volume.OMVolumeCreateRequest (OMVolumeCreateRequest.java:validateAndUpdateCache(203)) - created volume:vol-6934579933-22 for user:runner
2025-04-23 04:28:35,859 [omNode-1-OMStateMachineApplyTransactionThread - 0] INFO  volume.OMVolumeCreateRequest (OMVolumeCreateRequest.java:validateAndUpdateCache(203)) - created volume:vol-6934579933-23 for user:runner
2025-04-23 04:28:35,859 [omNode-1-OMStateMachineApplyTransactionThread - 0] INFO  volume.OMVolumeCreateRequest (OMVolumeCreateRequest.java:validateAndUpdateCache(203)) - created volume:vol-6934579933-24 for user:runner
2025-04-23 04:28:35,860 [omNode-1-OMStateMachineApplyTransactionThread - 0] INFO  volume.OMVolumeCreateRequest (OMVolumeCreateRequest.java:validateAndUpdateCache(203)) - created volume:vol-6934579933-25 for user:runner
2025-04-23 04:28:35,873 [omNode-2@group-523986131536-StateMachineUpdater] INFO  ratis.OzoneManagerStateMachine (OzoneManagerStateMachine.java:takeSnapshotImpl(510)) - omNode-2: taking snapshot. applied = (t:11, i:156), skipped = 155, notified = (t:11, i:156), current snapshot index = (t:11, i:156), took 31 ms
2025-04-23 04:28:35,873 [omNode-2@group-523986131536-StateMachineUpdater] INFO  impl.StateMachineUpdater (StateMachineUpdater.java:takeSnapshot(303)) - omNode-2@group-523986131536-StateMachineUpdater: Took a snapshot at index 156
2025-04-23 04:28:35,873 [omNode-2@group-523986131536-StateMachineUpdater] INFO  impl.StateMachineUpdater (StateMachineUpdater.java:lambda$new$0(102)) - omNode-2@group-523986131536-StateMachineUpdater: snapshotIndex: updateIncreasingly 106 -> 156
2025-04-23 04:28:35,873 [omNode-2@group-523986131536-StateMachineUpdater] INFO  raftlog.RaftLog (RaftLogBase.java:purge(325)) - omNode-2@group-523986131536-SegmentedRaftLog: purge 156
2025-04-23 04:28:35,874 [omNode-2@group-523986131536-StateMachineUpdater] INFO  raftlog.RaftLog (RaftLogBase.java:lambda$new$0(54)) - omNode-2@group-523986131536-SegmentedRaftLog: snapshotIndex: updateIncreasingly 106 -> 156
2025-04-23 04:28:35,874 [omNode-2@group-523986131536-StateMachineUpdater] INFO  raftlog.RaftLog (SegmentedRaftLog.java:purgeImpl(382)) - omNode-2@group-523986131536-SegmentedRaftLog: purge(156)
  toTruncate: null
    toDelete: [(105, 106) isOpen? false, length=0, newEndIndex=0, (103, 104) isOpen? false, length=0, newEndIndex=0]
2025-04-23 04:28:35,874 [omNode-2@group-523986131536-SegmentedRaftLogWorker] INFO  segmented.SegmentedRaftLogWorker (SegmentedRaftLogWorker.java:execute(481)) - omNode-2@group-523986131536-SegmentedRaftLogWorker: Purged RaftLog segment: info=(105, 106) isOpen? false, length=0, newEndIndex=0, path=/home/runner/work/ozone/ozone/hadoop-ozone/integration-test/target/test-dir/MiniOzoneClusterImpl-ff59c164-3798-4a7f-a16d-eeed9ffb3244/omNode-2/ratis/c9bc4cf4-3bc3-3c60-a66b-523986131536/current/log_105-106
2025-04-23 04:28:35,874 [omNode-2@group-523986131536-SegmentedRaftLogWorker] INFO  segmented.SegmentedRaftLogWorker (SegmentedRaftLogWorker.java:execute(481)) - omNode-2@group-523986131536-SegmentedRaftLogWorker: Purged RaftLog segment: info=(103, 104) isOpen? false, length=0, newEndIndex=0, path=/home/runner/work/ozone/ozone/hadoop-ozone/integration-test/target/test-dir/MiniOzoneClusterImpl-ff59c164-3798-4a7f-a16d-eeed9ffb3244/omNode-2/ratis/c9bc4cf4-3bc3-3c60-a66b-523986131536/current/log_103-104
2025-04-23 04:28:35,874 [omNode-2@group-523986131536-StateMachineUpdater] INFO  raftlog.RaftLog (RaftLogBase.java:lambda$new$0(54)) - omNode-2@group-523986131536-SegmentedRaftLog: purgeIndex: updateToMax old=102, new=106, updated? true
2025-04-23 04:28:35,876 [omNode-2-OMStateMachineApplyTransactionThread - 0] INFO  volume.OMVolumeCreateRequest (OMVolumeCreateRequest.java:validateAndUpdateCache(203)) - created volume:vol-6934579933-24 for user:runner
2025-04-23 04:28:35,876 [omNode-2-OMStateMachineApplyTransactionThread - 0] INFO  volume.OMVolumeCreateRequest (OMVolumeCreateRequest.java:validateAndUpdateCache(203)) - created volume:vol-6934579933-25 for user:runner
2025-04-23 04:28:35,878 [omNode-3@group-523986131536-StateMachineUpdater] INFO  ratis.OzoneManagerStateMachine (OzoneManagerStateMachine.java:takeSnapshotImpl(510)) - omNode-3: taking snapshot. applied = (t:11, i:156), skipped = 155, notified = (t:11, i:156), current snapshot index = (t:11, i:156), took 33 ms
2025-04-23 04:28:35,878 [omNode-3@group-523986131536-StateMachineUpdater] INFO  impl.StateMachineUpdater (StateMachineUpdater.java:takeSnapshot(303)) - omNode-3@group-523986131536-StateMachineUpdater: Took a snapshot at index 156
2025-04-23 04:28:35,878 [omNode-3@group-523986131536-StateMachineUpdater] INFO  impl.StateMachineUpdater (StateMachineUpdater.java:lambda$new$0(102)) - omNode-3@group-523986131536-StateMachineUpdater: snapshotIndex: updateIncreasingly 106 -> 156
2025-04-23 04:28:35,878 [omNode-3@group-523986131536-StateMachineUpdater] INFO  raftlog.RaftLog (RaftLogBase.java:purge(325)) - omNode-3@group-523986131536-SegmentedRaftLog: purge 156
2025-04-23 04:28:35,878 [omNode-3@group-523986131536-StateMachineUpdater] INFO  raftlog.RaftLog (RaftLogBase.java:lambda$new$0(54)) - omNode-3@group-523986131536-SegmentedRaftLog: snapshotIndex: updateIncreasingly 106 -> 156
2025-04-23 04:28:35,878 [omNode-3@group-523986131536-StateMachineUpdater] INFO  raftlog.RaftLog (SegmentedRaftLog.java:purgeImpl(382)) - omNode-3@group-523986131536-SegmentedRaftLog: purge(156)
  toTruncate: null
    toDelete: [(105, 106) isOpen? false, length=0, newEndIndex=0, (103, 104) isOpen? false, length=0, newEndIndex=0]
2025-04-23 04:28:35,879 [omNode-3@group-523986131536-SegmentedRaftLogWorker] INFO  segmented.SegmentedRaftLogWorker (SegmentedRaftLogWorker.java:execute(481)) - omNode-3@group-523986131536-SegmentedRaftLogWorker: Purged RaftLog segment: info=(105, 106) isOpen? false, length=0, newEndIndex=0, path=/home/runner/work/ozone/ozone/hadoop-ozone/integration-test/target/test-dir/MiniOzoneClusterImpl-ff59c164-3798-4a7f-a16d-eeed9ffb3244/omNode-3/ratis/c9bc4cf4-3bc3-3c60-a66b-523986131536/current/log_105-106
2025-04-23 04:28:35,879 [omNode-3@group-523986131536-SegmentedRaftLogWorker] INFO  segmented.SegmentedRaftLogWorker (SegmentedRaftLogWorker.java:execute(481)) - omNode-3@group-523986131536-SegmentedRaftLogWorker: Purged RaftLog segment: info=(103, 104) isOpen? false, length=0, newEndIndex=0, path=/home/runner/work/ozone/ozone/hadoop-ozone/integration-test/target/test-dir/MiniOzoneClusterImpl-ff59c164-3798-4a7f-a16d-eeed9ffb3244/omNode-3/ratis/c9bc4cf4-3bc3-3c60-a66b-523986131536/current/log_103-104
2025-04-23 04:28:35,879 [omNode-3@group-523986131536-SegmentedRaftLogWorker] INFO  raftlog.RaftLog (RaftLogBase.java:lambda$new$0(54)) - omNode-3@group-523986131536-SegmentedRaftLog: purgeIndex: updateToMax old=102, new=106, updated? true
2025-04-23 04:28:35,879 [omNode-3-OMStateMachineApplyTransactionThread - 0] INFO  volume.OMVolumeCreateRequest (OMVolumeCreateRequest.java:validateAndUpdateCache(203)) - created volume:vol-6934579933-25 for user:runner
2025-04-23 04:28:35,881 [main] INFO  rpc.RpcClient (RpcClient.java:createVolume(462)) - Creating Volume: vol-6934579933-26, with runner as owner and space quota set to -1 bytes, counts quota set to -1
2025-04-23 04:28:35,885 [omNode-3-OMStateMachineApplyTransactionThread - 0] INFO  volume.OMVolumeCreateRequest (OMVolumeCreateRequest.java:validateAndUpdateCache(203)) - created volume:vol-6934579933-26 for user:runner
2025-04-23 04:28:35,886 [main] INFO  rpc.RpcClient (RpcClient.java:createVolume(462)) - Creating Volume: vol-6934579933-27, with runner as owner and space quota set to -1 bytes, counts quota set to -1
2025-04-23 04:28:35,887 [omNode-1-OMStateMachineApplyTransactionThread - 0] INFO  volume.OMVolumeCreateRequest (OMVolumeCreateRequest.java:validateAndUpdateCache(203)) - created volume:vol-6934579933-26 for user:runner
2025-04-23 04:28:35,887 [omNode-2-OMStateMachineApplyTransactionThread - 0] INFO  volume.OMVolumeCreateRequest (OMVolumeCreateRequest.java:validateAndUpdateCache(203)) - created volume:vol-6934579933-26 for user:runner
2025-04-23 04:28:35,893 [omNode-1-OMStateMachineApplyTransactionThread - 0] INFO  volume.OMVolumeCreateRequest (OMVolumeCreateRequest.java:validateAndUpdateCache(203)) - created volume:vol-6934579933-27 for user:runner
2025-04-23 04:28:35,894 [omNode-2-OMStateMachineApplyTransactionThread - 0] INFO  volume.OMVolumeCreateRequest (OMVolumeCreateRequest.java:validateAndUpdateCache(203)) - created volume:vol-6934579933-27 for user:runner
2025-04-23 04:28:35,895 [omNode-3-OMStateMachineApplyTransactionThread - 0] INFO  volume.OMVolumeCreateRequest (OMVolumeCreateRequest.java:validateAndUpdateCache(203)) - created volume:vol-6934579933-27 for user:runner
2025-04-23 04:28:35,897 [main] INFO  rpc.RpcClient (RpcClient.java:createVolume(462)) - Creating Volume: vol-6934579933-28, with runner as owner and space quota set to -1 bytes, counts quota set to -1
2025-04-23 04:28:35,900 [omNode-3-OMStateMachineApplyTransactionThread - 0] INFO  volume.OMVolumeCreateRequest (OMVolumeCreateRequest.java:validateAndUpdateCache(203)) - created volume:vol-6934579933-28 for user:runner
2025-04-23 04:28:35,901 [main] INFO  rpc.RpcClient (RpcClient.java:createVolume(462)) - Creating Volume: vol-6934579933-29, with runner as owner and space quota set to -1 bytes, counts quota set to -1
2025-04-23 04:28:35,902 [omNode-1-OMStateMachineApplyTransactionThread - 0] INFO  volume.OMVolumeCreateRequest (OMVolumeCreateRequest.java:validateAndUpdateCache(203)) - created volume:vol-6934579933-28 for user:runner
2025-04-23 04:28:35,903 [omNode-2-OMStateMachineApplyTransactionThread - 0] INFO  volume.OMVolumeCreateRequest (OMVolumeCreateRequest.java:validateAndUpdateCache(203)) - created volume:vol-6934579933-28 for user:runner
2025-04-23 04:28:35,906 [omNode-3-OMStateMachineApplyTransactionThread - 0] INFO  volume.OMVolumeCreateRequest (OMVolumeCreateRequest.java:validateAndUpdateCache(203)) - created volume:vol-6934579933-29 for user:runner
2025-04-23 04:28:35,906 [omNode-2-OMStateMachineApplyTransactionThread - 0] INFO  volume.OMVolumeCreateRequest (OMVolumeCreateRequest.java:validateAndUpdateCache(203)) - created volume:vol-6934579933-29 for user:runner
2025-04-23 04:28:35,907 [main] INFO  rpc.RpcClient (RpcClient.java:createVolume(462)) - Creating Volume: vol-6934579933-30, with runner as owner and space quota set to -1 bytes, counts quota set to -1
2025-04-23 04:28:35,906 [omNode-1-OMStateMachineApplyTransactionThread - 0] INFO  volume.OMVolumeCreateRequest (OMVolumeCreateRequest.java:validateAndUpdateCache(203)) - created volume:vol-6934579933-29 for user:runner
2025-04-23 04:28:35,910 [omNode-3-OMStateMachineApplyTransactionThread - 0] INFO  volume.OMVolumeCreateRequest (OMVolumeCreateRequest.java:validateAndUpdateCache(203)) - created volume:vol-6934579933-30 for user:runner
2025-04-23 04:28:35,912 [main] INFO  rpc.RpcClient (RpcClient.java:createVolume(462)) - Creating Volume: vol-6934579933-31, with runner as owner and space quota set to -1 bytes, counts quota set to -1
2025-04-23 04:28:35,912 [omNode-1-OMStateMachineApplyTransactionThread - 0] INFO  volume.OMVolumeCreateRequest (OMVolumeCreateRequest.java:validateAndUpdateCache(203)) - created volume:vol-6934579933-30 for user:runner
2025-04-23 04:28:35,914 [omNode-2-OMStateMachineApplyTransactionThread - 0] INFO  volume.OMVolumeCreateRequest (OMVolumeCreateRequest.java:validateAndUpdateCache(203)) - created volume:vol-6934579933-30 for user:runner
2025-04-23 04:28:35,916 [omNode-3-OMStateMachineApplyTransactionThread - 0] INFO  volume.OMVolumeCreateRequest (OMVolumeCreateRequest.java:validateAndUpdateCache(203)) - created volume:vol-6934579933-31 for user:runner
2025-04-23 04:28:35,917 [main] INFO  rpc.RpcClient (RpcClient.java:createVolume(462)) - Creating Volume: vol-6934579933-32, with runner as owner and space quota set to -1 bytes, counts quota set to -1
2025-04-23 04:28:35,918 [omNode-1-OMStateMachineApplyTransactionThread - 0] INFO  volume.OMVolumeCreateRequest (OMVolumeCreateRequest.java:validateAndUpdateCache(203)) - created volume:vol-6934579933-31 for user:runner
2025-04-23 04:28:35,918 [omNode-2-OMStateMachineApplyTransactionThread - 0] INFO  volume.OMVolumeCreateRequest (OMVolumeCreateRequest.java:validateAndUpdateCache(203)) - created volume:vol-6934579933-31 for user:runner
2025-04-23 04:28:35,922 [omNode-3-OMStateMachineApplyTransactionThread - 0] INFO  volume.OMVolumeCreateRequest (OMVolumeCreateRequest.java:validateAndUpdateCache(203)) - created volume:vol-6934579933-32 for user:runner
2025-04-23 04:28:35,924 [main] INFO  rpc.RpcClient (RpcClient.java:createVolume(462)) - Creating Volume: vol-6934579933-33, with runner as owner and space quota set to -1 bytes, counts quota set to -1
2025-04-23 04:28:35,924 [omNode-2-OMStateMachineApplyTransactionThread - 0] INFO  volume.OMVolumeCreateRequest (OMVolumeCreateRequest.java:validateAndUpdateCache(203)) - created volume:vol-6934579933-32 for user:runner
2025-04-23 04:28:35,924 [omNode-1-OMStateMachineApplyTransactionThread - 0] INFO  volume.OMVolumeCreateRequest (OMVolumeCreateRequest.java:validateAndUpdateCache(203)) - created volume:vol-6934579933-32 for user:runner
2025-04-23 04:28:35,928 [omNode-3-OMStateMachineApplyTransactionThread - 0] INFO  volume.OMVolumeCreateRequest (OMVolumeCreateRequest.java:validateAndUpdateCache(203)) - created volume:vol-6934579933-33 for user:runner
2025-04-23 04:28:35,929 [main] INFO  rpc.RpcClient (RpcClient.java:createVolume(462)) - Creating Volume: vol-6934579933-34, with runner as owner and space quota set to -1 bytes, counts quota set to -1
2025-04-23 04:28:35,930 [omNode-2-OMStateMachineApplyTransactionThread - 0] INFO  volume.OMVolumeCreateRequest (OMVolumeCreateRequest.java:validateAndUpdateCache(203)) - created volume:vol-6934579933-33 for user:runner
2025-04-23 04:28:35,930 [omNode-1-OMStateMachineApplyTransactionThread - 0] INFO  volume.OMVolumeCreateRequest (OMVolumeCreateRequest.java:validateAndUpdateCache(203)) - created volume:vol-6934579933-33 for user:runner
2025-04-23 04:28:35,934 [omNode-3-OMStateMachineApplyTransactionThread - 0] INFO  volume.OMVolumeCreateRequest (OMVolumeCreateRequest.java:validateAndUpdateCache(203)) - created volume:vol-6934579933-34 for user:runner
2025-04-23 04:28:35,935 [main] INFO  rpc.RpcClient (RpcClient.java:createVolume(462)) - Creating Volume: vol-6934579933-35, with runner as owner and space quota set to -1 bytes, counts quota set to -1
2025-04-23 04:28:35,936 [omNode-1-OMStateMachineApplyTransactionThread - 0] INFO  volume.OMVolumeCreateRequest (OMVolumeCreateRequest.java:validateAndUpdateCache(203)) - created volume:vol-6934579933-34 for user:runner
2025-04-23 04:28:35,936 [omNode-2-OMStateMachineApplyTransactionThread - 0] INFO  volume.OMVolumeCreateRequest (OMVolumeCreateRequest.java:validateAndUpdateCache(203)) - created volume:vol-6934579933-34 for user:runner
2025-04-23 04:28:35,939 [omNode-3-OMStateMachineApplyTransactionThread - 0] INFO  volume.OMVolumeCreateRequest (OMVolumeCreateRequest.java:validateAndUpdateCache(203)) - created volume:vol-6934579933-35 for user:runner
2025-04-23 04:28:35,940 [omNode-1-OMStateMachineApplyTransactionThread - 0] INFO  volume.OMVolumeCreateRequest (OMVolumeCreateRequest.java:validateAndUpdateCache(203)) - created volume:vol-6934579933-35 for user:runner
2025-04-23 04:28:35,940 [omNode-2-OMStateMachineApplyTransactionThread - 0] INFO  volume.OMVolumeCreateRequest (OMVolumeCreateRequest.java:validateAndUpdateCache(203)) - created volume:vol-6934579933-35 for user:runner
2025-04-23 04:28:35,941 [main] INFO  rpc.RpcClient (RpcClient.java:createVolume(462)) - Creating Volume: vol-6934579933-36, with runner as owner and space quota set to -1 bytes, counts quota set to -1
2025-04-23 04:28:35,946 [omNode-3-OMStateMachineApplyTransactionThread - 0] INFO  volume.OMVolumeCreateRequest (OMVolumeCreateRequest.java:validateAndUpdateCache(203)) - created volume:vol-6934579933-36 for user:runner
2025-04-23 04:28:35,948 [main] INFO  rpc.RpcClient (RpcClient.java:createVolume(462)) - Creating Volume: vol-6934579933-37, with runner as owner and space quota set to -1 bytes, counts quota set to -1
2025-04-23 04:28:35,948 [omNode-2-OMStateMachineApplyTransactionThread - 0] INFO  volume.OMVolumeCreateRequest (OMVolumeCreateRequest.java:validateAndUpdateCache(203)) - created volume:vol-6934579933-36 for user:runner
2025-04-23 04:28:35,949 [omNode-1-OMStateMachineApplyTransactionThread - 0] INFO  volume.OMVolumeCreateRequest (OMVolumeCreateRequest.java:validateAndUpdateCache(203)) - created volume:vol-6934579933-36 for user:runner
2025-04-23 04:28:35,952 [omNode-3-OMStateMachineApplyTransactionThread - 0] INFO  volume.OMVolumeCreateRequest (OMVolumeCreateRequest.java:validateAndUpdateCache(203)) - created volume:vol-6934579933-37 for user:runner
2025-04-23 04:28:35,952 [omNode-2-OMStateMachineApplyTransactionThread - 0] INFO  volume.OMVolumeCreateRequest (OMVolumeCreateRequest.java:validateAndUpdateCache(203)) - created volume:vol-6934579933-37 for user:runner
2025-04-23 04:28:35,953 [omNode-1-OMStateMachineApplyTransactionThread - 0] INFO  volume.OMVolumeCreateRequest (OMVolumeCreateRequest.java:validateAndUpdateCache(203)) - created volume:vol-6934579933-37 for user:runner
2025-04-23 04:28:35,954 [main] INFO  rpc.RpcClient (RpcClient.java:createVolume(462)) - Creating Volume: vol-6934579933-38, with runner as owner and space quota set to -1 bytes, counts quota set to -1
2025-04-23 04:28:35,958 [omNode-3-OMStateMachineApplyTransactionThread - 0] INFO  volume.OMVolumeCreateRequest (OMVolumeCreateRequest.java:validateAndUpdateCache(203)) - created volume:vol-6934579933-38 for user:runner
2025-04-23 04:28:35,959 [omNode-1-OMStateMachineApplyTransactionThread - 0] INFO  volume.OMVolumeCreateRequest (OMVolumeCreateRequest.java:validateAndUpdateCache(203)) - created volume:vol-6934579933-38 for user:runner
2025-04-23 04:28:35,960 [omNode-2-OMStateMachineApplyTransactionThread - 0] INFO  volume.OMVolumeCreateRequest (OMVolumeCreateRequest.java:validateAndUpdateCache(203)) - created volume:vol-6934579933-38 for user:runner
2025-04-23 04:28:35,960 [main] INFO  rpc.RpcClient (RpcClient.java:createVolume(462)) - Creating Volume: vol-6934579933-39, with runner as owner and space quota set to -1 bytes, counts quota set to -1
2025-04-23 04:28:35,964 [omNode-3-OMStateMachineApplyTransactionThread - 0] INFO  volume.OMVolumeCreateRequest (OMVolumeCreateRequest.java:validateAndUpdateCache(203)) - created volume:vol-6934579933-39 for user:runner
2025-04-23 04:28:35,965 [main] INFO  rpc.RpcClient (RpcClient.java:createVolume(462)) - Creating Volume: vol-6934579933-40, with runner as owner and space quota set to -1 bytes, counts quota set to -1
2025-04-23 04:28:35,965 [omNode-2-OMStateMachineApplyTransactionThread - 0] INFO  volume.OMVolumeCreateRequest (OMVolumeCreateRequest.java:validateAndUpdateCache(203)) - created volume:vol-6934579933-39 for user:runner
2025-04-23 04:28:35,966 [omNode-1-OMStateMachineApplyTransactionThread - 0] INFO  volume.OMVolumeCreateRequest (OMVolumeCreateRequest.java:validateAndUpdateCache(203)) - created volume:vol-6934579933-39 for user:runner
2025-04-23 04:28:35,969 [omNode-3-OMStateMachineApplyTransactionThread - 0] INFO  volume.OMVolumeCreateRequest (OMVolumeCreateRequest.java:validateAndUpdateCache(203)) - created volume:vol-6934579933-40 for user:runner
2025-04-23 04:28:35,970 [main] INFO  rpc.RpcClient (RpcClient.java:createVolume(462)) - Creating Volume: vol-6934579933-41, with runner as owner and space quota set to -1 bytes, counts quota set to -1
2025-04-23 04:28:35,970 [omNode-2-OMStateMachineApplyTransactionThread - 0] INFO  volume.OMVolumeCreateRequest (OMVolumeCreateRequest.java:validateAndUpdateCache(203)) - created volume:vol-6934579933-40 for user:runner
2025-04-23 04:28:35,972 [omNode-1-OMStateMachineApplyTransactionThread - 0] INFO  volume.OMVolumeCreateRequest (OMVolumeCreateRequest.java:validateAndUpdateCache(203)) - created volume:vol-6934579933-40 for user:runner
2025-04-23 04:28:35,975 [omNode-2-OMStateMachineApplyTransactionThread - 0] INFO  volume.OMVolumeCreateRequest (OMVolumeCreateRequest.java:validateAndUpdateCache(203)) - created volume:vol-6934579933-41 for user:runner
2025-04-23 04:28:35,975 [omNode-3-OMStateMachineApplyTransactionThread - 0] INFO  volume.OMVolumeCreateRequest (OMVolumeCreateRequest.java:validateAndUpdateCache(203)) - created volume:vol-6934579933-41 for user:runner
2025-04-23 04:28:35,978 [omNode-1-OMStateMachineApplyTransactionThread - 0] INFO  volume.OMVolumeCreateRequest (OMVolumeCreateRequest.java:validateAndUpdateCache(203)) - created volume:vol-6934579933-41 for user:runner
2025-04-23 04:28:35,978 [main] INFO  rpc.RpcClient (RpcClient.java:createVolume(462)) - Creating Volume: vol-6934579933-42, with runner as owner and space quota set to -1 bytes, counts quota set to -1
2025-04-23 04:28:35,981 [omNode-3-OMStateMachineApplyTransactionThread - 0] INFO  volume.OMVolumeCreateRequest (OMVolumeCreateRequest.java:validateAndUpdateCache(203)) - created volume:vol-6934579933-42 for user:runner
2025-04-23 04:28:35,984 [main] INFO  rpc.RpcClient (RpcClient.java:createVolume(462)) - Creating Volume: vol-6934579933-43, with runner as owner and space quota set to -1 bytes, counts quota set to -1
2025-04-23 04:28:35,984 [omNode-2-OMStateMachineApplyTransactionThread - 0] INFO  volume.OMVolumeCreateRequest (OMVolumeCreateRequest.java:validateAndUpdateCache(203)) - created volume:vol-6934579933-42 for user:runner
2025-04-23 04:28:35,986 [omNode-1-OMStateMachineApplyTransactionThread - 0] INFO  volume.OMVolumeCreateRequest (OMVolumeCreateRequest.java:validateAndUpdateCache(203)) - created volume:vol-6934579933-42 for user:runner
2025-04-23 04:28:35,989 [omNode-3-OMStateMachineApplyTransactionThread - 0] INFO  volume.OMVolumeCreateRequest (OMVolumeCreateRequest.java:validateAndUpdateCache(203)) - created volume:vol-6934579933-43 for user:runner
2025-04-23 04:28:35,989 [omNode-1-OMStateMachineApplyTransactionThread - 0] INFO  volume.OMVolumeCreateRequest (OMVolumeCreateRequest.java:validateAndUpdateCache(203)) - created volume:vol-6934579933-43 for user:runner
2025-04-23 04:28:35,990 [omNode-2-OMStateMachineApplyTransactionThread - 0] INFO  volume.OMVolumeCreateRequest (OMVolumeCreateRequest.java:validateAndUpdateCache(203)) - created volume:vol-6934579933-43 for user:runner
2025-04-23 04:28:35,990 [main] INFO  rpc.RpcClient (RpcClient.java:createVolume(462)) - Creating Volume: vol-6934579933-44, with runner as owner and space quota set to -1 bytes, counts quota set to -1
2025-04-23 04:28:35,993 [omNode-3-OMStateMachineApplyTransactionThread - 0] INFO  volume.OMVolumeCreateRequest (OMVolumeCreateRequest.java:validateAndUpdateCache(203)) - created volume:vol-6934579933-44 for user:runner
2025-04-23 04:28:35,994 [main] INFO  rpc.RpcClient (RpcClient.java:createVolume(462)) - Creating Volume: vol-6934579933-45, with runner as owner and space quota set to -1 bytes, counts quota set to -1
2025-04-23 04:28:35,994 [omNode-1-OMStateMachineApplyTransactionThread - 0] INFO  volume.OMVolumeCreateRequest (OMVolumeCreateRequest.java:validateAndUpdateCache(203)) - created volume:vol-6934579933-44 for user:runner
2025-04-23 04:28:35,995 [omNode-2-OMStateMachineApplyTransactionThread - 0] INFO  volume.OMVolumeCreateRequest (OMVolumeCreateRequest.java:validateAndUpdateCache(203)) - created volume:vol-6934579933-44 for user:runner
2025-04-23 04:28:35,997 [omNode-3-OMStateMachineApplyTransactionThread - 0] INFO  volume.OMVolumeCreateRequest (OMVolumeCreateRequest.java:validateAndUpdateCache(203)) - created volume:vol-6934579933-45 for user:runner
2025-04-23 04:28:35,998 [main] INFO  rpc.RpcClient (RpcClient.java:createVolume(462)) - Creating Volume: vol-6934579933-46, with runner as owner and space quota set to -1 bytes, counts quota set to -1
2025-04-23 04:28:35,999 [omNode-2-OMStateMachineApplyTransactionThread - 0] INFO  volume.OMVolumeCreateRequest (OMVolumeCreateRequest.java:validateAndUpdateCache(203)) - created volume:vol-6934579933-45 for user:runner
2025-04-23 04:28:35,999 [omNode-1-OMStateMachineApplyTransactionThread - 0] INFO  volume.OMVolumeCreateRequest (OMVolumeCreateRequest.java:validateAndUpdateCache(203)) - created volume:vol-6934579933-45 for user:runner
2025-04-23 04:28:36,002 [omNode-3-OMStateMachineApplyTransactionThread - 0] INFO  volume.OMVolumeCreateRequest (OMVolumeCreateRequest.java:validateAndUpdateCache(203)) - created volume:vol-6934579933-46 for user:runner
2025-04-23 04:28:36,002 [main] INFO  rpc.RpcClient (RpcClient.java:createVolume(462)) - Creating Volume: vol-6934579933-47, with runner as owner and space quota set to -1 bytes, counts quota set to -1
2025-04-23 04:28:36,003 [omNode-1-OMStateMachineApplyTransactionThread - 0] INFO  volume.OMVolumeCreateRequest (OMVolumeCreateRequest.java:validateAndUpdateCache(203)) - created volume:vol-6934579933-46 for user:runner
2025-04-23 04:28:36,005 [omNode-2-OMStateMachineApplyTransactionThread - 0] INFO  volume.OMVolumeCreateRequest (OMVolumeCreateRequest.java:validateAndUpdateCache(203)) - created volume:vol-6934579933-46 for user:runner
2025-04-23 04:28:36,008 [omNode-3-OMStateMachineApplyTransactionThread - 0] INFO  volume.OMVolumeCreateRequest (OMVolumeCreateRequest.java:validateAndUpdateCache(203)) - created volume:vol-6934579933-47 for user:runner
2025-04-23 04:28:36,010 [main] INFO  rpc.RpcClient (RpcClient.java:createVolume(462)) - Creating Volume: vol-6934579933-48, with runner as owner and space quota set to -1 bytes, counts quota set to -1
2025-04-23 04:28:36,010 [omNode-2-OMStateMachineApplyTransactionThread - 0] INFO  volume.OMVolumeCreateRequest (OMVolumeCreateRequest.java:validateAndUpdateCache(203)) - created volume:vol-6934579933-47 for user:runner
2025-04-23 04:28:36,014 [omNode-3-OMStateMachineApplyTransactionThread - 0] INFO  volume.OMVolumeCreateRequest (OMVolumeCreateRequest.java:validateAndUpdateCache(203)) - created volume:vol-6934579933-48 for user:runner
2025-04-23 04:28:36,015 [main] INFO  rpc.RpcClient (RpcClient.java:createVolume(462)) - Creating Volume: vol-6934579933-49, with runner as owner and space quota set to -1 bytes, counts quota set to -1
2025-04-23 04:28:36,016 [omNode-2-OMStateMachineApplyTransactionThread - 0] INFO  volume.OMVolumeCreateRequest (OMVolumeCreateRequest.java:validateAndUpdateCache(203)) - created volume:vol-6934579933-48 for user:runner
2025-04-23 04:28:36,029 [omNode-1@group-523986131536-StateMachineUpdater] INFO  ratis.OzoneManagerStateMachine (OzoneManagerStateMachine.java:takeSnapshotImpl(510)) - omNode-1: taking snapshot. applied = (t:11, i:202), skipped = 201, notified = (t:11, i:202), current snapshot index = (t:11, i:202), took 23 ms
2025-04-23 04:28:36,029 [omNode-1@group-523986131536-StateMachineUpdater] INFO  impl.StateMachineUpdater (StateMachineUpdater.java:takeSnapshot(303)) - omNode-1@group-523986131536-StateMachineUpdater: Took a snapshot at index 202
2025-04-23 04:28:36,029 [omNode-1@group-523986131536-StateMachineUpdater] INFO  impl.StateMachineUpdater (StateMachineUpdater.java:lambda$new$0(102)) - omNode-1@group-523986131536-StateMachineUpdater: snapshotIndex: updateIncreasingly 152 -> 202
2025-04-23 04:28:36,029 [omNode-1@group-523986131536-StateMachineUpdater] INFO  raftlog.RaftLog (RaftLogBase.java:purge(325)) - omNode-1@group-523986131536-SegmentedRaftLog: purge 202
2025-04-23 04:28:36,029 [omNode-1@group-523986131536-StateMachineUpdater] INFO  raftlog.RaftLog (RaftLogBase.java:lambda$new$0(54)) - omNode-1@group-523986131536-SegmentedRaftLog: snapshotIndex: updateIncreasingly 152 -> 202
2025-04-23 04:28:36,030 [omNode-1@group-523986131536-StateMachineUpdater] INFO  raftlog.RaftLog (RaftLogBase.java:lambda$new$0(54)) - omNode-1@group-523986131536-SegmentedRaftLog: purgeIndex: updateToMax old=106, new=202, updated? true
2025-04-23 04:28:36,031 [omNode-1-OMStateMachineApplyTransactionThread - 0] INFO  volume.OMVolumeCreateRequest (OMVolumeCreateRequest.java:validateAndUpdateCache(203)) - created volume:vol-6934579933-47 for user:runner
2025-04-23 04:28:36,031 [omNode-1-OMStateMachineApplyTransactionThread - 0] INFO  volume.OMVolumeCreateRequest (OMVolumeCreateRequest.java:validateAndUpdateCache(203)) - created volume:vol-6934579933-48 for user:runner
2025-04-23 04:28:36,032 [omNode-1-OMStateMachineApplyTransactionThread - 0] INFO  volume.OMVolumeCreateRequest (OMVolumeCreateRequest.java:validateAndUpdateCache(203)) - created volume:vol-6934579933-49 for user:runner
2025-04-23 04:28:36,042 [omNode-3@group-523986131536-StateMachineUpdater] INFO  ratis.OzoneManagerStateMachine (OzoneManagerStateMachine.java:takeSnapshotImpl(510)) - omNode-3: taking snapshot. applied = (t:11, i:206), skipped = 205, notified = (t:11, i:206), current snapshot index = (t:11, i:206), took 27 ms
2025-04-23 04:28:36,043 [omNode-3@group-523986131536-StateMachineUpdater] INFO  impl.StateMachineUpdater (StateMachineUpdater.java:takeSnapshot(303)) - omNode-3@group-523986131536-StateMachineUpdater: Took a snapshot at index 206
2025-04-23 04:28:36,043 [omNode-3@group-523986131536-StateMachineUpdater] INFO  impl.StateMachineUpdater (StateMachineUpdater.java:lambda$new$0(102)) - omNode-3@group-523986131536-StateMachineUpdater: snapshotIndex: updateIncreasingly 156 -> 206
2025-04-23 04:28:36,043 [omNode-3@group-523986131536-StateMachineUpdater] INFO  raftlog.RaftLog (RaftLogBase.java:purge(325)) - omNode-3@group-523986131536-SegmentedRaftLog: purge 206
2025-04-23 04:28:36,044 [omNode-3@group-523986131536-StateMachineUpdater] INFO  raftlog.RaftLog (RaftLogBase.java:lambda$new$0(54)) - omNode-3@group-523986131536-SegmentedRaftLog: snapshotIndex: updateIncreasingly 156 -> 206
2025-04-23 04:28:36,044 [omNode-2@group-523986131536-StateMachineUpdater] INFO  ratis.OzoneManagerStateMachine (OzoneManagerStateMachine.java:takeSnapshotImpl(510)) - omNode-2: taking snapshot. applied = (t:11, i:206), skipped = 205, notified = (t:11, i:206), current snapshot index = (t:11, i:206), took 25 ms
2025-04-23 04:28:36,044 [omNode-2@group-523986131536-StateMachineUpdater] INFO  impl.StateMachineUpdater (StateMachineUpdater.java:takeSnapshot(303)) - omNode-2@group-523986131536-StateMachineUpdater: Took a snapshot at index 206
2025-04-23 04:28:36,044 [omNode-2@group-523986131536-StateMachineUpdater] INFO  impl.StateMachineUpdater (StateMachineUpdater.java:lambda$new$0(102)) - omNode-2@group-523986131536-StateMachineUpdater: snapshotIndex: updateIncreasingly 156 -> 206
2025-04-23 04:28:36,044 [omNode-2@group-523986131536-StateMachineUpdater] INFO  raftlog.RaftLog (RaftLogBase.java:purge(325)) - omNode-2@group-523986131536-SegmentedRaftLog: purge 206
2025-04-23 04:28:36,044 [omNode-3@group-523986131536-StateMachineUpdater] INFO  raftlog.RaftLog (RaftLogBase.java:lambda$new$0(54)) - omNode-3@group-523986131536-SegmentedRaftLog: purgeIndex: updateToMax old=106, new=206, updated? true
2025-04-23 04:28:36,044 [omNode-2@group-523986131536-StateMachineUpdater] INFO  raftlog.RaftLog (RaftLogBase.java:lambda$new$0(54)) - omNode-2@group-523986131536-SegmentedRaftLog: snapshotIndex: updateIncreasingly 156 -> 206
2025-04-23 04:28:36,045 [omNode-2@group-523986131536-StateMachineUpdater] INFO  raftlog.RaftLog (RaftLogBase.java:lambda$new$0(54)) - omNode-2@group-523986131536-SegmentedRaftLog: purgeIndex: updateToMax old=106, new=206, updated? true
2025-04-23 04:28:36,045 [omNode-3-OMStateMachineApplyTransactionThread - 0] INFO  volume.OMVolumeCreateRequest (OMVolumeCreateRequest.java:validateAndUpdateCache(203)) - created volume:vol-6934579933-49 for user:runner
2025-04-23 04:28:36,045 [omNode-2-OMStateMachineApplyTransactionThread - 0] INFO  volume.OMVolumeCreateRequest (OMVolumeCreateRequest.java:validateAndUpdateCache(203)) - created volume:vol-6934579933-49 for user:runner
2025-04-23 04:28:36,047 [main] INFO  rpc.RpcClient (RpcClient.java:createVolume(462)) - Creating Volume: vol-6934579933-50, with runner as owner and space quota set to -1 bytes, counts quota set to -1
2025-04-23 04:28:36,051 [omNode-3-OMStateMachineApplyTransactionThread - 0] INFO  volume.OMVolumeCreateRequest (OMVolumeCreateRequest.java:validateAndUpdateCache(203)) - created volume:vol-6934579933-50 for user:runner
2025-04-23 04:28:36,053 [omNode-1-OMStateMachineApplyTransactionThread - 0] INFO  volume.OMVolumeCreateRequest (OMVolumeCreateRequest.java:validateAndUpdateCache(203)) - created volume:vol-6934579933-50 for user:runner
2025-04-23 04:28:36,053 [omNode-2-OMStateMachineApplyTransactionThread - 0] INFO  volume.OMVolumeCreateRequest (OMVolumeCreateRequest.java:validateAndUpdateCache(203)) - created volume:vol-6934579933-50 for user:runner
2025-04-23 04:28:36,054 [main] INFO  rpc.RpcClient (RpcClient.java:createVolume(462)) - Creating Volume: vol-6934579933-51, with runner as owner and space quota set to -1 bytes, counts quota set to -1
2025-04-23 04:28:36,058 [omNode-3-OMStateMachineApplyTransactionThread - 0] INFO  volume.OMVolumeCreateRequest (OMVolumeCreateRequest.java:validateAndUpdateCache(203)) - created volume:vol-6934579933-51 for user:runner
2025-04-23 04:28:36,059 [omNode-1-OMStateMachineApplyTransactionThread - 0] INFO  volume.OMVolumeCreateRequest (OMVolumeCreateRequest.java:validateAndUpdateCache(203)) - created volume:vol-6934579933-51 for user:runner
2025-04-23 04:28:36,061 [main] INFO  rpc.RpcClient (RpcClient.java:createVolume(462)) - Creating Volume: vol-6934579933-52, with runner as owner and space quota set to -1 bytes, counts quota set to -1
2025-04-23 04:28:36,062 [omNode-2-OMStateMachineApplyTransactionThread - 0] INFO  volume.OMVolumeCreateRequest (OMVolumeCreateRequest.java:validateAndUpdateCache(203)) - created volume:vol-6934579933-51 for user:runner
2025-04-23 04:28:36,067 [omNode-3-OMStateMachineApplyTransactionThread - 0] INFO  volume.OMVolumeCreateRequest (OMVolumeCreateRequest.java:validateAndUpdateCache(203)) - created volume:vol-6934579933-52 for user:runner
2025-04-23 04:28:36,069 [omNode-1-OMStateMachineApplyTransactionThread - 0] INFO  volume.OMVolumeCreateRequest (OMVolumeCreateRequest.java:validateAndUpdateCache(203)) - created volume:vol-6934579933-52 for user:runner
2025-04-23 04:28:36,069 [main] INFO  rpc.RpcClient (RpcClient.java:createVolume(462)) - Creating Volume: vol-6934579933-53, with runner as owner and space quota set to -1 bytes, counts quota set to -1
2025-04-23 04:28:36,071 [omNode-2-OMStateMachineApplyTransactionThread - 0] INFO  volume.OMVolumeCreateRequest (OMVolumeCreateRequest.java:validateAndUpdateCache(203)) - created volume:vol-6934579933-52 for user:runner
2025-04-23 04:28:36,076 [omNode-2-OMStateMachineApplyTransactionThread - 0] INFO  volume.OMVolumeCreateRequest (OMVolumeCreateRequest.java:validateAndUpdateCache(203)) - created volume:vol-6934579933-53 for user:runner
2025-04-23 04:28:36,077 [omNode-3-OMStateMachineApplyTransactionThread - 0] INFO  volume.OMVolumeCreateRequest (OMVolumeCreateRequest.java:validateAndUpdateCache(203)) - created volume:vol-6934579933-53 for user:runner
2025-04-23 04:28:36,078 [omNode-1-OMStateMachineApplyTransactionThread - 0] INFO  volume.OMVolumeCreateRequest (OMVolumeCreateRequest.java:validateAndUpdateCache(203)) - created volume:vol-6934579933-53 for user:runner
2025-04-23 04:28:36,078 [main] INFO  rpc.RpcClient (RpcClient.java:createVolume(462)) - Creating Volume: vol-6934579933-54, with runner as owner and space quota set to -1 bytes, counts quota set to -1
2025-04-23 04:28:36,082 [omNode-3-OMStateMachineApplyTransactionThread - 0] INFO  volume.OMVolumeCreateRequest (OMVolumeCreateRequest.java:validateAndUpdateCache(203)) - created volume:vol-6934579933-54 for user:runner
2025-04-23 04:28:36,084 [omNode-1-OMStateMachineApplyTransactionThread - 0] INFO  volume.OMVolumeCreateRequest (OMVolumeCreateRequest.java:validateAndUpdateCache(203)) - created volume:vol-6934579933-54 for user:runner
2025-04-23 04:28:36,085 [main] INFO  rpc.RpcClient (RpcClient.java:createVolume(462)) - Creating Volume: vol-6934579933-55, with runner as owner and space quota set to -1 bytes, counts quota set to -1
2025-04-23 04:28:36,086 [omNode-2-OMStateMachineApplyTransactionThread - 0] INFO  volume.OMVolumeCreateRequest (OMVolumeCreateRequest.java:validateAndUpdateCache(203)) - created volume:vol-6934579933-54 for user:runner
2025-04-23 04:28:36,091 [omNode-3-OMStateMachineApplyTransactionThread - 0] INFO  volume.OMVolumeCreateRequest (OMVolumeCreateRequest.java:validateAndUpdateCache(203)) - created volume:vol-6934579933-55 for user:runner
2025-04-23 04:28:36,093 [main] INFO  rpc.RpcClient (RpcClient.java:createVolume(462)) - Creating Volume: vol-6934579933-56, with runner as owner and space quota set to -1 bytes, counts quota set to -1
2025-04-23 04:28:36,093 [omNode-1-OMStateMachineApplyTransactionThread - 0] INFO  volume.OMVolumeCreateRequest (OMVolumeCreateRequest.java:validateAndUpdateCache(203)) - created volume:vol-6934579933-55 for user:runner
2025-04-23 04:28:36,093 [omNode-2-OMStateMachineApplyTransactionThread - 0] INFO  volume.OMVolumeCreateRequest (OMVolumeCreateRequest.java:validateAndUpdateCache(203)) - created volume:vol-6934579933-55 for user:runner
2025-04-23 04:28:36,097 [omNode-3-OMStateMachineApplyTransactionThread - 0] INFO  volume.OMVolumeCreateRequest (OMVolumeCreateRequest.java:validateAndUpdateCache(203)) - created volume:vol-6934579933-56 for user:runner
2025-04-23 04:28:36,099 [omNode-2-OMStateMachineApplyTransactionThread - 0] INFO  volume.OMVolumeCreateRequest (OMVolumeCreateRequest.java:validateAndUpdateCache(203)) - created volume:vol-6934579933-56 for user:runner
2025-04-23 04:28:36,099 [main] INFO  rpc.RpcClient (RpcClient.java:createVolume(462)) - Creating Volume: vol-6934579933-57, with runner as owner and space quota set to -1 bytes, counts quota set to -1
2025-04-23 04:28:36,101 [omNode-1-OMStateMachineApplyTransactionThread - 0] INFO  volume.OMVolumeCreateRequest (OMVolumeCreateRequest.java:validateAndUpdateCache(203)) - created volume:vol-6934579933-56 for user:runner
2025-04-23 04:28:36,103 [omNode-3-OMStateMachineApplyTransactionThread - 0] INFO  volume.OMVolumeCreateRequest (OMVolumeCreateRequest.java:validateAndUpdateCache(203)) - created volume:vol-6934579933-57 for user:runner
2025-04-23 04:28:36,104 [omNode-1-OMStateMachineApplyTransactionThread - 0] INFO  volume.OMVolumeCreateRequest (OMVolumeCreateRequest.java:validateAndUpdateCache(203)) - created volume:vol-6934579933-57 for user:runner
2025-04-23 04:28:36,105 [main] INFO  rpc.RpcClient (RpcClient.java:createVolume(462)) - Creating Volume: vol-6934579933-58, with runner as owner and space quota set to -1 bytes, counts quota set to -1
2025-04-23 04:28:36,104 [omNode-2-OMStateMachineApplyTransactionThread - 0] INFO  volume.OMVolumeCreateRequest (OMVolumeCreateRequest.java:validateAndUpdateCache(203)) - created volume:vol-6934579933-57 for user:runner
2025-04-23 04:28:36,108 [omNode-3-OMStateMachineApplyTransactionThread - 0] INFO  volume.OMVolumeCreateRequest (OMVolumeCreateRequest.java:validateAndUpdateCache(203)) - created volume:vol-6934579933-58 for user:runner
2025-04-23 04:28:36,109 [main] INFO  rpc.RpcClient (RpcClient.java:createVolume(462)) - Creating Volume: vol-6934579933-59, with runner as owner and space quota set to -1 bytes, counts quota set to -1
2025-04-23 04:28:36,109 [omNode-1-OMStateMachineApplyTransactionThread - 0] INFO  volume.OMVolumeCreateRequest (OMVolumeCreateRequest.java:validateAndUpdateCache(203)) - created volume:vol-6934579933-58 for user:runner
2025-04-23 04:28:36,111 [omNode-2-OMStateMachineApplyTransactionThread - 0] INFO  volume.OMVolumeCreateRequest (OMVolumeCreateRequest.java:validateAndUpdateCache(203)) - created volume:vol-6934579933-58 for user:runner
2025-04-23 04:28:36,115 [omNode-3-OMStateMachineApplyTransactionThread - 0] INFO  volume.OMVolumeCreateRequest (OMVolumeCreateRequest.java:validateAndUpdateCache(203)) - created volume:vol-6934579933-59 for user:runner
2025-04-23 04:28:36,115 [omNode-1-OMStateMachineApplyTransactionThread - 0] INFO  volume.OMVolumeCreateRequest (OMVolumeCreateRequest.java:validateAndUpdateCache(203)) - created volume:vol-6934579933-59 for user:runner
2025-04-23 04:28:36,117 [main] INFO  rpc.RpcClient (RpcClient.java:createVolume(462)) - Creating Volume: vol-6934579933-60, with runner as owner and space quota set to -1 bytes, counts quota set to -1
2025-04-23 04:28:36,117 [omNode-2-OMStateMachineApplyTransactionThread - 0] INFO  volume.OMVolumeCreateRequest (OMVolumeCreateRequest.java:validateAndUpdateCache(203)) - created volume:vol-6934579933-59 for user:runner
2025-04-23 04:28:36,121 [omNode-3-OMStateMachineApplyTransactionThread - 0] INFO  volume.OMVolumeCreateRequest (OMVolumeCreateRequest.java:validateAndUpdateCache(203)) - created volume:vol-6934579933-60 for user:runner
2025-04-23 04:28:36,122 [omNode-2-OMStateMachineApplyTransactionThread - 0] INFO  volume.OMVolumeCreateRequest (OMVolumeCreateRequest.java:validateAndUpdateCache(203)) - created volume:vol-6934579933-60 for user:runner
2025-04-23 04:28:36,122 [omNode-1-OMStateMachineApplyTransactionThread - 0] INFO  volume.OMVolumeCreateRequest (OMVolumeCreateRequest.java:validateAndUpdateCache(203)) - created volume:vol-6934579933-60 for user:runner
2025-04-23 04:28:36,123 [main] INFO  rpc.RpcClient (RpcClient.java:createVolume(462)) - Creating Volume: vol-6934579933-61, with runner as owner and space quota set to -1 bytes, counts quota set to -1
2025-04-23 04:28:36,126 [omNode-3-OMStateMachineApplyTransactionThread - 0] INFO  volume.OMVolumeCreateRequest (OMVolumeCreateRequest.java:validateAndUpdateCache(203)) - created volume:vol-6934579933-61 for user:runner
2025-04-23 04:28:36,127 [main] INFO  rpc.RpcClient (RpcClient.java:createVolume(462)) - Creating Volume: vol-6934579933-62, with runner as owner and space quota set to -1 bytes, counts quota set to -1
2025-04-23 04:28:36,129 [omNode-2-OMStateMachineApplyTransactionThread - 0] INFO  volume.OMVolumeCreateRequest (OMVolumeCreateRequest.java:validateAndUpdateCache(203)) - created volume:vol-6934579933-61 for user:runner
2025-04-23 04:28:36,130 [omNode-1-OMStateMachineApplyTransactionThread - 0] INFO  volume.OMVolumeCreateRequest (OMVolumeCreateRequest.java:validateAndUpdateCache(203)) - created volume:vol-6934579933-61 for user:runner
2025-04-23 04:28:36,133 [omNode-3-OMStateMachineApplyTransactionThread - 0] INFO  volume.OMVolumeCreateRequest (OMVolumeCreateRequest.java:validateAndUpdateCache(203)) - created volume:vol-6934579933-62 for user:runner
2025-04-23 04:28:36,134 [main] INFO  rpc.RpcClient (RpcClient.java:createVolume(462)) - Creating Volume: vol-6934579933-63, with runner as owner and space quota set to -1 bytes, counts quota set to -1
2025-04-23 04:28:36,135 [omNode-2-OMStateMachineApplyTransactionThread - 0] INFO  volume.OMVolumeCreateRequest (OMVolumeCreateRequest.java:validateAndUpdateCache(203)) - created volume:vol-6934579933-62 for user:runner
2025-04-23 04:28:36,134 [omNode-1-OMStateMachineApplyTransactionThread - 0] INFO  volume.OMVolumeCreateRequest (OMVolumeCreateRequest.java:validateAndUpdateCache(203)) - created volume:vol-6934579933-62 for user:runner
2025-04-23 04:28:36,137 [omNode-3-OMStateMachineApplyTransactionThread - 0] INFO  volume.OMVolumeCreateRequest (OMVolumeCreateRequest.java:validateAndUpdateCache(203)) - created volume:vol-6934579933-63 for user:runner
2025-04-23 04:28:36,138 [omNode-2-OMStateMachineApplyTransactionThread - 0] INFO  volume.OMVolumeCreateRequest (OMVolumeCreateRequest.java:validateAndUpdateCache(203)) - created volume:vol-6934579933-63 for user:runner
2025-04-23 04:28:36,138 [main] INFO  rpc.RpcClient (RpcClient.java:createVolume(462)) - Creating Volume: vol-6934579933-64, with runner as owner and space quota set to -1 bytes, counts quota set to -1
2025-04-23 04:28:36,138 [omNode-1-OMStateMachineApplyTransactionThread - 0] INFO  volume.OMVolumeCreateRequest (OMVolumeCreateRequest.java:validateAndUpdateCache(203)) - created volume:vol-6934579933-63 for user:runner
2025-04-23 04:28:36,143 [omNode-3-OMStateMachineApplyTransactionThread - 0] INFO  volume.OMVolumeCreateRequest (OMVolumeCreateRequest.java:validateAndUpdateCache(203)) - created volume:vol-6934579933-64 for user:runner
2025-04-23 04:28:36,144 [omNode-1-OMStateMachineApplyTransactionThread - 0] INFO  volume.OMVolumeCreateRequest (OMVolumeCreateRequest.java:validateAndUpdateCache(203)) - created volume:vol-6934579933-64 for user:runner
2025-04-23 04:28:36,145 [omNode-2-OMStateMachineApplyTransactionThread - 0] INFO  volume.OMVolumeCreateRequest (OMVolumeCreateRequest.java:validateAndUpdateCache(203)) - created volume:vol-6934579933-64 for user:runner
2025-04-23 04:28:36,145 [main] INFO  rpc.RpcClient (RpcClient.java:createVolume(462)) - Creating Volume: vol-6934579933-65, with runner as owner and space quota set to -1 bytes, counts quota set to -1
2025-04-23 04:28:36,148 [omNode-3-OMStateMachineApplyTransactionThread - 0] INFO  volume.OMVolumeCreateRequest (OMVolumeCreateRequest.java:validateAndUpdateCache(203)) - created volume:vol-6934579933-65 for user:runner
2025-04-23 04:28:36,150 [omNode-2-OMStateMachineApplyTransactionThread - 0] INFO  volume.OMVolumeCreateRequest (OMVolumeCreateRequest.java:validateAndUpdateCache(203)) - created volume:vol-6934579933-65 for user:runner
2025-04-23 04:28:36,150 [main] INFO  rpc.RpcClient (RpcClient.java:createVolume(462)) - Creating Volume: vol-6934579933-66, with runner as owner and space quota set to -1 bytes, counts quota set to -1
2025-04-23 04:28:36,150 [omNode-1-OMStateMachineApplyTransactionThread - 0] INFO  volume.OMVolumeCreateRequest (OMVolumeCreateRequest.java:validateAndUpdateCache(203)) - created volume:vol-6934579933-65 for user:runner
2025-04-23 04:28:36,154 [omNode-3-OMStateMachineApplyTransactionThread - 0] INFO  volume.OMVolumeCreateRequest (OMVolumeCreateRequest.java:validateAndUpdateCache(203)) - created volume:vol-6934579933-66 for user:runner
2025-04-23 04:28:36,156 [omNode-1-OMStateMachineApplyTransactionThread - 0] INFO  volume.OMVolumeCreateRequest (OMVolumeCreateRequest.java:validateAndUpdateCache(203)) - created volume:vol-6934579933-66 for user:runner
2025-04-23 04:28:36,156 [main] INFO  rpc.RpcClient (RpcClient.java:createVolume(462)) - Creating Volume: vol-6934579933-67, with runner as owner and space quota set to -1 bytes, counts quota set to -1
2025-04-23 04:28:36,158 [omNode-2-OMStateMachineApplyTransactionThread - 0] INFO  volume.OMVolumeCreateRequest (OMVolumeCreateRequest.java:validateAndUpdateCache(203)) - created volume:vol-6934579933-66 for user:runner
2025-04-23 04:28:36,159 [omNode-3-OMStateMachineApplyTransactionThread - 0] INFO  volume.OMVolumeCreateRequest (OMVolumeCreateRequest.java:validateAndUpdateCache(203)) - created volume:vol-6934579933-67 for user:runner
2025-04-23 04:28:36,161 [omNode-2-OMStateMachineApplyTransactionThread - 0] INFO  volume.OMVolumeCreateRequest (OMVolumeCreateRequest.java:validateAndUpdateCache(203)) - created volume:vol-6934579933-67 for user:runner
2025-04-23 04:28:36,161 [main] INFO  rpc.RpcClient (RpcClient.java:createVolume(462)) - Creating Volume: vol-6934579933-68, with runner as owner and space quota set to -1 bytes, counts quota set to -1
2025-04-23 04:28:36,162 [omNode-1-OMStateMachineApplyTransactionThread - 0] INFO  volume.OMVolumeCreateRequest (OMVolumeCreateRequest.java:validateAndUpdateCache(203)) - created volume:vol-6934579933-67 for user:runner
2025-04-23 04:28:36,165 [omNode-3-OMStateMachineApplyTransactionThread - 0] INFO  volume.OMVolumeCreateRequest (OMVolumeCreateRequest.java:validateAndUpdateCache(203)) - created volume:vol-6934579933-68 for user:runner
2025-04-23 04:28:36,166 [omNode-1-OMStateMachineApplyTransactionThread - 0] INFO  volume.OMVolumeCreateRequest (OMVolumeCreateRequest.java:validateAndUpdateCache(203)) - created volume:vol-6934579933-68 for user:runner
2025-04-23 04:28:36,166 [omNode-2-OMStateMachineApplyTransactionThread - 0] INFO  volume.OMVolumeCreateRequest (OMVolumeCreateRequest.java:validateAndUpdateCache(203)) - created volume:vol-6934579933-68 for user:runner
2025-04-23 04:28:36,168 [main] INFO  rpc.RpcClient (RpcClient.java:createVolume(462)) - Creating Volume: vol-6934579933-69, with runner as owner and space quota set to -1 bytes, counts quota set to -1
2025-04-23 04:28:36,171 [omNode-3-OMStateMachineApplyTransactionThread - 0] INFO  volume.OMVolumeCreateRequest (OMVolumeCreateRequest.java:validateAndUpdateCache(203)) - created volume:vol-6934579933-69 for user:runner
2025-04-23 04:28:36,172 [main] INFO  rpc.RpcClient (RpcClient.java:createVolume(462)) - Creating Volume: vol-6934579933-70, with runner as owner and space quota set to -1 bytes, counts quota set to -1
2025-04-23 04:28:36,172 [omNode-1-OMStateMachineApplyTransactionThread - 0] INFO  volume.OMVolumeCreateRequest (OMVolumeCreateRequest.java:validateAndUpdateCache(203)) - created volume:vol-6934579933-69 for user:runner
2025-04-23 04:28:36,174 [omNode-2-OMStateMachineApplyTransactionThread - 0] INFO  volume.OMVolumeCreateRequest (OMVolumeCreateRequest.java:validateAndUpdateCache(203)) - created volume:vol-6934579933-69 for user:runner
2025-04-23 04:28:36,176 [omNode-3-OMStateMachineApplyTransactionThread - 0] INFO  volume.OMVolumeCreateRequest (OMVolumeCreateRequest.java:validateAndUpdateCache(203)) - created volume:vol-6934579933-70 for user:runner
2025-04-23 04:28:36,177 [main] INFO  rpc.RpcClient (RpcClient.java:createVolume(462)) - Creating Volume: vol-6934579933-71, with runner as owner and space quota set to -1 bytes, counts quota set to -1
2025-04-23 04:28:36,178 [omNode-1-OMStateMachineApplyTransactionThread - 0] INFO  volume.OMVolumeCreateRequest (OMVolumeCreateRequest.java:validateAndUpdateCache(203)) - created volume:vol-6934579933-70 for user:runner
2025-04-23 04:28:36,179 [omNode-2-OMStateMachineApplyTransactionThread - 0] INFO  volume.OMVolumeCreateRequest (OMVolumeCreateRequest.java:validateAndUpdateCache(203)) - created volume:vol-6934579933-70 for user:runner
2025-04-23 04:28:36,183 [omNode-1-OMStateMachineApplyTransactionThread - 0] INFO  volume.OMVolumeCreateRequest (OMVolumeCreateRequest.java:validateAndUpdateCache(203)) - created volume:vol-6934579933-71 for user:runner
2025-04-23 04:28:36,183 [omNode-2-OMStateMachineApplyTransactionThread - 0] INFO  volume.OMVolumeCreateRequest (OMVolumeCreateRequest.java:validateAndUpdateCache(203)) - created volume:vol-6934579933-71 for user:runner
2025-04-23 04:28:36,183 [omNode-3-OMStateMachineApplyTransactionThread - 0] INFO  volume.OMVolumeCreateRequest (OMVolumeCreateRequest.java:validateAndUpdateCache(203)) - created volume:vol-6934579933-71 for user:runner
2025-04-23 04:28:36,184 [main] INFO  rpc.RpcClient (RpcClient.java:createVolume(462)) - Creating Volume: vol-6934579933-72, with runner as owner and space quota set to -1 bytes, counts quota set to -1
2025-04-23 04:28:36,188 [omNode-3-OMStateMachineApplyTransactionThread - 0] INFO  volume.OMVolumeCreateRequest (OMVolumeCreateRequest.java:validateAndUpdateCache(203)) - created volume:vol-6934579933-72 for user:runner
2025-04-23 04:28:36,189 [main] INFO  rpc.RpcClient (RpcClient.java:createVolume(462)) - Creating Volume: vol-6934579933-73, with runner as owner and space quota set to -1 bytes, counts quota set to -1
2025-04-23 04:28:36,190 [omNode-2-OMStateMachineApplyTransactionThread - 0] INFO  volume.OMVolumeCreateRequest (OMVolumeCreateRequest.java:validateAndUpdateCache(203)) - created volume:vol-6934579933-72 for user:runner
2025-04-23 04:28:36,195 [omNode-3-OMStateMachineApplyTransactionThread - 0] INFO  volume.OMVolumeCreateRequest (OMVolumeCreateRequest.java:validateAndUpdateCache(203)) - created volume:vol-6934579933-73 for user:runner
2025-04-23 04:28:36,196 [main] INFO  rpc.RpcClient (RpcClient.java:createVolume(462)) - Creating Volume: vol-6934579933-74, with runner as owner and space quota set to -1 bytes, counts quota set to -1
2025-04-23 04:28:36,197 [omNode-2-OMStateMachineApplyTransactionThread - 0] INFO  volume.OMVolumeCreateRequest (OMVolumeCreateRequest.java:validateAndUpdateCache(203)) - created volume:vol-6934579933-73 for user:runner
2025-04-23 04:28:36,200 [omNode-3-OMStateMachineApplyTransactionThread - 0] INFO  volume.OMVolumeCreateRequest (OMVolumeCreateRequest.java:validateAndUpdateCache(203)) - created volume:vol-6934579933-74 for user:runner
2025-04-23 04:28:36,201 [main] INFO  rpc.RpcClient (RpcClient.java:createVolume(462)) - Creating Volume: vol-6934579933-75, with runner as owner and space quota set to -1 bytes, counts quota set to -1
2025-04-23 04:28:36,213 [omNode-1@group-523986131536-StateMachineUpdater] INFO  ratis.OzoneManagerStateMachine (OzoneManagerStateMachine.java:takeSnapshotImpl(510)) - omNode-1: taking snapshot. applied = (t:11, i:252), skipped = 251, notified = (t:11, i:252), current snapshot index = (t:11, i:252), took 26 ms
2025-04-23 04:28:36,213 [omNode-1@group-523986131536-StateMachineUpdater] INFO  impl.StateMachineUpdater (StateMachineUpdater.java:takeSnapshot(303)) - omNode-1@group-523986131536-StateMachineUpdater: Took a snapshot at index 252
2025-04-23 04:28:36,214 [omNode-1@group-523986131536-StateMachineUpdater] INFO  impl.StateMachineUpdater (StateMachineUpdater.java:lambda$new$0(102)) - omNode-1@group-523986131536-StateMachineUpdater: snapshotIndex: updateIncreasingly 202 -> 252
2025-04-23 04:28:36,214 [omNode-1@group-523986131536-StateMachineUpdater] INFO  raftlog.RaftLog (RaftLogBase.java:purge(325)) - omNode-1@group-523986131536-SegmentedRaftLog: purge 252
2025-04-23 04:28:36,214 [omNode-1@group-523986131536-StateMachineUpdater] INFO  raftlog.RaftLog (RaftLogBase.java:lambda$new$0(54)) - omNode-1@group-523986131536-SegmentedRaftLog: snapshotIndex: updateIncreasingly 202 -> 252
2025-04-23 04:28:36,214 [omNode-1@group-523986131536-StateMachineUpdater] INFO  raftlog.RaftLog (RaftLogBase.java:lambda$new$0(54)) - omNode-1@group-523986131536-SegmentedRaftLog: purgeIndex: updateToMax old=202, new=252, updated? true
2025-04-23 04:28:36,214 [omNode-1-OMStateMachineApplyTransactionThread - 0] INFO  volume.OMVolumeCreateRequest (OMVolumeCreateRequest.java:validateAndUpdateCache(203)) - created volume:vol-6934579933-72 for user:runner
2025-04-23 04:28:36,215 [omNode-1-OMStateMachineApplyTransactionThread - 0] INFO  volume.OMVolumeCreateRequest (OMVolumeCreateRequest.java:validateAndUpdateCache(203)) - created volume:vol-6934579933-73 for user:runner
2025-04-23 04:28:36,216 [omNode-1-OMStateMachineApplyTransactionThread - 0] INFO  volume.OMVolumeCreateRequest (OMVolumeCreateRequest.java:validateAndUpdateCache(203)) - created volume:vol-6934579933-74 for user:runner
2025-04-23 04:28:36,217 [omNode-1-OMStateMachineApplyTransactionThread - 0] INFO  volume.OMVolumeCreateRequest (OMVolumeCreateRequest.java:validateAndUpdateCache(203)) - created volume:vol-6934579933-75 for user:runner
2025-04-23 04:28:36,222 [omNode-2@group-523986131536-StateMachineUpdater] INFO  ratis.OzoneManagerStateMachine (OzoneManagerStateMachine.java:takeSnapshotImpl(510)) - omNode-2: taking snapshot. applied = (t:11, i:256), skipped = 255, notified = (t:11, i:256), current snapshot index = (t:11, i:256), took 23 ms
2025-04-23 04:28:36,222 [omNode-2@group-523986131536-StateMachineUpdater] INFO  impl.StateMachineUpdater (StateMachineUpdater.java:takeSnapshot(303)) - omNode-2@group-523986131536-StateMachineUpdater: Took a snapshot at index 256
2025-04-23 04:28:36,223 [omNode-2@group-523986131536-StateMachineUpdater] INFO  impl.StateMachineUpdater (StateMachineUpdater.java:lambda$new$0(102)) - omNode-2@group-523986131536-StateMachineUpdater: snapshotIndex: updateIncreasingly 206 -> 256
2025-04-23 04:28:36,223 [omNode-2@group-523986131536-StateMachineUpdater] INFO  raftlog.RaftLog (RaftLogBase.java:purge(325)) - omNode-2@group-523986131536-SegmentedRaftLog: purge 256
2025-04-23 04:28:36,223 [omNode-2@group-523986131536-StateMachineUpdater] INFO  raftlog.RaftLog (RaftLogBase.java:lambda$new$0(54)) - omNode-2@group-523986131536-SegmentedRaftLog: snapshotIndex: updateIncreasingly 206 -> 256
2025-04-23 04:28:36,223 [omNode-2@group-523986131536-StateMachineUpdater] INFO  raftlog.RaftLog (RaftLogBase.java:lambda$new$0(54)) - omNode-2@group-523986131536-SegmentedRaftLog: purgeIndex: updateToMax old=206, new=256, updated? true
2025-04-23 04:28:36,224 [omNode-2-OMStateMachineApplyTransactionThread - 0] INFO  volume.OMVolumeCreateRequest (OMVolumeCreateRequest.java:validateAndUpdateCache(203)) - created volume:vol-6934579933-74 for user:runner
2025-04-23 04:28:36,225 [omNode-2-OMStateMachineApplyTransactionThread - 0] INFO  volume.OMVolumeCreateRequest (OMVolumeCreateRequest.java:validateAndUpdateCache(203)) - created volume:vol-6934579933-75 for user:runner
2025-04-23 04:28:36,227 [omNode-3@group-523986131536-StateMachineUpdater] INFO  ratis.OzoneManagerStateMachine (OzoneManagerStateMachine.java:takeSnapshotImpl(510)) - omNode-3: taking snapshot. applied = (t:11, i:257), skipped = 255, notified = (t:11, i:256), current snapshot index = (t:11, i:257), took 26 ms
2025-04-23 04:28:36,227 [omNode-3@group-523986131536-StateMachineUpdater] INFO  impl.StateMachineUpdater (StateMachineUpdater.java:takeSnapshot(303)) - omNode-3@group-523986131536-StateMachineUpdater: Took a snapshot at index 257
2025-04-23 04:28:36,228 [omNode-3@group-523986131536-StateMachineUpdater] INFO  impl.StateMachineUpdater (StateMachineUpdater.java:lambda$new$0(102)) - omNode-3@group-523986131536-StateMachineUpdater: snapshotIndex: updateIncreasingly 206 -> 257
2025-04-23 04:28:36,228 [omNode-3@group-523986131536-StateMachineUpdater] INFO  raftlog.RaftLog (RaftLogBase.java:purge(325)) - omNode-3@group-523986131536-SegmentedRaftLog: purge 257
2025-04-23 04:28:36,228 [omNode-3@group-523986131536-StateMachineUpdater] INFO  raftlog.RaftLog (RaftLogBase.java:lambda$new$0(54)) - omNode-3@group-523986131536-SegmentedRaftLog: snapshotIndex: updateIncreasingly 206 -> 257
2025-04-23 04:28:36,228 [omNode-3@group-523986131536-StateMachineUpdater] INFO  raftlog.RaftLog (RaftLogBase.java:lambda$new$0(54)) - omNode-3@group-523986131536-SegmentedRaftLog: purgeIndex: updateToMax old=206, new=257, updated? true
2025-04-23 04:28:36,228 [omNode-3-OMStateMachineApplyTransactionThread - 0] INFO  volume.OMVolumeCreateRequest (OMVolumeCreateRequest.java:validateAndUpdateCache(203)) - created volume:vol-6934579933-75 for user:runner
2025-04-23 04:28:36,230 [main] INFO  rpc.RpcClient (RpcClient.java:createVolume(462)) - Creating Volume: vol-6934579933-76, with runner as owner and space quota set to -1 bytes, counts quota set to -1
2025-04-23 04:28:36,233 [omNode-3-OMStateMachineApplyTransactionThread - 0] INFO  volume.OMVolumeCreateRequest (OMVolumeCreateRequest.java:validateAndUpdateCache(203)) - created volume:vol-6934579933-76 for user:runner
2025-04-23 04:28:36,233 [main] INFO  rpc.RpcClient (RpcClient.java:createVolume(462)) - Creating Volume: vol-6934579933-77, with runner as owner and space quota set to -1 bytes, counts quota set to -1
2025-04-23 04:28:36,235 [omNode-2-OMStateMachineApplyTransactionThread - 0] INFO  volume.OMVolumeCreateRequest (OMVolumeCreateRequest.java:validateAndUpdateCache(203)) - created volume:vol-6934579933-76 for user:runner
2025-04-23 04:28:36,235 [omNode-1-OMStateMachineApplyTransactionThread - 0] INFO  volume.OMVolumeCreateRequest (OMVolumeCreateRequest.java:validateAndUpdateCache(203)) - created volume:vol-6934579933-76 for user:runner
2025-04-23 04:28:36,237 [omNode-3-OMStateMachineApplyTransactionThread - 0] INFO  volume.OMVolumeCreateRequest (OMVolumeCreateRequest.java:validateAndUpdateCache(203)) - created volume:vol-6934579933-77 for user:runner
2025-04-23 04:28:36,237 [omNode-1-OMStateMachineApplyTransactionThread - 0] INFO  volume.OMVolumeCreateRequest (OMVolumeCreateRequest.java:validateAndUpdateCache(203)) - created volume:vol-6934579933-77 for user:runner
2025-04-23 04:28:36,238 [omNode-2-OMStateMachineApplyTransactionThread - 0] INFO  volume.OMVolumeCreateRequest (OMVolumeCreateRequest.java:validateAndUpdateCache(203)) - created volume:vol-6934579933-77 for user:runner
2025-04-23 04:28:36,239 [main] INFO  rpc.RpcClient (RpcClient.java:createVolume(462)) - Creating Volume: vol-6934579933-78, with runner as owner and space quota set to -1 bytes, counts quota set to -1
2025-04-23 04:28:36,241 [omNode-3-OMStateMachineApplyTransactionThread - 0] INFO  volume.OMVolumeCreateRequest (OMVolumeCreateRequest.java:validateAndUpdateCache(203)) - created volume:vol-6934579933-78 for user:runner
2025-04-23 04:28:36,242 [omNode-2-OMStateMachineApplyTransactionThread - 0] INFO  volume.OMVolumeCreateRequest (OMVolumeCreateRequest.java:validateAndUpdateCache(203)) - created volume:vol-6934579933-78 for user:runner
2025-04-23 04:28:36,243 [main] INFO  rpc.RpcClient (RpcClient.java:createVolume(462)) - Creating Volume: vol-6934579933-79, with runner as owner and space quota set to -1 bytes, counts quota set to -1
2025-04-23 04:28:36,243 [omNode-1-OMStateMachineApplyTransactionThread - 0] INFO  volume.OMVolumeCreateRequest (OMVolumeCreateRequest.java:validateAndUpdateCache(203)) - created volume:vol-6934579933-78 for user:runner
2025-04-23 04:28:36,247 [omNode-3-OMStateMachineApplyTransactionThread - 0] INFO  volume.OMVolumeCreateRequest (OMVolumeCreateRequest.java:validateAndUpdateCache(203)) - created volume:vol-6934579933-79 for user:runner
2025-04-23 04:28:36,248 [omNode-2-OMStateMachineApplyTransactionThread - 0] INFO  volume.OMVolumeCreateRequest (OMVolumeCreateRequest.java:validateAndUpdateCache(203)) - created volume:vol-6934579933-79 for user:runner
2025-04-23 04:28:36,249 [main] INFO  rpc.RpcClient (RpcClient.java:createVolume(462)) - Creating Volume: vol-6934579933-80, with runner as owner and space quota set to -1 bytes, counts quota set to -1
2025-04-23 04:28:36,249 [omNode-1-OMStateMachineApplyTransactionThread - 0] INFO  volume.OMVolumeCreateRequest (OMVolumeCreateRequest.java:validateAndUpdateCache(203)) - created volume:vol-6934579933-79 for user:runner
2025-04-23 04:28:36,256 [omNode-3-OMStateMachineApplyTransactionThread - 0] INFO  volume.OMVolumeCreateRequest (OMVolumeCreateRequest.java:validateAndUpdateCache(203)) - created volume:vol-6934579933-80 for user:runner
2025-04-23 04:28:36,256 [omNode-1-OMStateMachineApplyTransactionThread - 0] INFO  volume.OMVolumeCreateRequest (OMVolumeCreateRequest.java:validateAndUpdateCache(203)) - created volume:vol-6934579933-80 for user:runner
2025-04-23 04:28:36,257 [main] INFO  rpc.RpcClient (RpcClient.java:createVolume(462)) - Creating Volume: vol-6934579933-81, with runner as owner and space quota set to -1 bytes, counts quota set to -1
2025-04-23 04:28:36,256 [omNode-2-OMStateMachineApplyTransactionThread - 0] INFO  volume.OMVolumeCreateRequest (OMVolumeCreateRequest.java:validateAndUpdateCache(203)) - created volume:vol-6934579933-80 for user:runner
2025-04-23 04:28:36,260 [omNode-3-OMStateMachineApplyTransactionThread - 0] INFO  volume.OMVolumeCreateRequest (OMVolumeCreateRequest.java:validateAndUpdateCache(203)) - created volume:vol-6934579933-81 for user:runner
2025-04-23 04:28:36,261 [main] INFO  rpc.RpcClient (RpcClient.java:createVolume(462)) - Creating Volume: vol-6934579933-82, with runner as owner and space quota set to -1 bytes, counts quota set to -1
2025-04-23 04:28:36,265 [omNode-1-OMStateMachineApplyTransactionThread - 0] INFO  volume.OMVolumeCreateRequest (OMVolumeCreateRequest.java:validateAndUpdateCache(203)) - created volume:vol-6934579933-81 for user:runner
2025-04-23 04:28:36,265 [omNode-2-OMStateMachineApplyTransactionThread - 0] INFO  volume.OMVolumeCreateRequest (OMVolumeCreateRequest.java:validateAndUpdateCache(203)) - created volume:vol-6934579933-81 for user:runner
2025-04-23 04:28:36,267 [omNode-3-OMStateMachineApplyTransactionThread - 0] INFO  volume.OMVolumeCreateRequest (OMVolumeCreateRequest.java:validateAndUpdateCache(203)) - created volume:vol-6934579933-82 for user:runner
2025-04-23 04:28:36,268 [omNode-2-OMStateMachineApplyTransactionThread - 0] INFO  volume.OMVolumeCreateRequest (OMVolumeCreateRequest.java:validateAndUpdateCache(203)) - created volume:vol-6934579933-82 for user:runner
2025-04-23 04:28:36,269 [main] INFO  rpc.RpcClient (RpcClient.java:createVolume(462)) - Creating Volume: vol-6934579933-83, with runner as owner and space quota set to -1 bytes, counts quota set to -1
2025-04-23 04:28:36,270 [omNode-1-OMStateMachineApplyTransactionThread - 0] INFO  volume.OMVolumeCreateRequest (OMVolumeCreateRequest.java:validateAndUpdateCache(203)) - created volume:vol-6934579933-82 for user:runner
2025-04-23 04:28:36,274 [omNode-3-OMStateMachineApplyTransactionThread - 0] INFO  volume.OMVolumeCreateRequest (OMVolumeCreateRequest.java:validateAndUpdateCache(203)) - created volume:vol-6934579933-83 for user:runner
2025-04-23 04:28:36,275 [omNode-2-OMStateMachineApplyTransactionThread - 0] INFO  volume.OMVolumeCreateRequest (OMVolumeCreateRequest.java:validateAndUpdateCache(203)) - created volume:vol-6934579933-83 for user:runner
2025-04-23 04:28:36,276 [main] INFO  rpc.RpcClient (RpcClient.java:createVolume(462)) - Creating Volume: vol-6934579933-84, with runner as owner and space quota set to -1 bytes, counts quota set to -1
2025-04-23 04:28:36,276 [omNode-1-OMStateMachineApplyTransactionThread - 0] INFO  volume.OMVolumeCreateRequest (OMVolumeCreateRequest.java:validateAndUpdateCache(203)) - created volume:vol-6934579933-83 for user:runner
2025-04-23 04:28:36,281 [omNode-2-OMStateMachineApplyTransactionThread - 0] INFO  volume.OMVolumeCreateRequest (OMVolumeCreateRequest.java:validateAndUpdateCache(203)) - created volume:vol-6934579933-84 for user:runner
2025-04-23 04:28:36,283 [omNode-3-OMStateMachineApplyTransactionThread - 0] INFO  volume.OMVolumeCreateRequest (OMVolumeCreateRequest.java:validateAndUpdateCache(203)) - created volume:vol-6934579933-84 for user:runner
2025-04-23 04:28:36,283 [omNode-1-OMStateMachineApplyTransactionThread - 0] INFO  volume.OMVolumeCreateRequest (OMVolumeCreateRequest.java:validateAndUpdateCache(203)) - created volume:vol-6934579933-84 for user:runner
2025-04-23 04:28:36,283 [main] INFO  rpc.RpcClient (RpcClient.java:createVolume(462)) - Creating Volume: vol-6934579933-85, with runner as owner and space quota set to -1 bytes, counts quota set to -1
2025-04-23 04:28:36,287 [omNode-3-OMStateMachineApplyTransactionThread - 0] INFO  volume.OMVolumeCreateRequest (OMVolumeCreateRequest.java:validateAndUpdateCache(203)) - created volume:vol-6934579933-85 for user:runner
2025-04-23 04:28:36,288 [omNode-1-OMStateMachineApplyTransactionThread - 0] INFO  volume.OMVolumeCreateRequest (OMVolumeCreateRequest.java:validateAndUpdateCache(203)) - created volume:vol-6934579933-85 for user:runner
2025-04-23 04:28:36,289 [main] INFO  rpc.RpcClient (RpcClient.java:createVolume(462)) - Creating Volume: vol-6934579933-86, with runner as owner and space quota set to -1 bytes, counts quota set to -1
2025-04-23 04:28:36,289 [omNode-2-OMStateMachineApplyTransactionThread - 0] INFO  volume.OMVolumeCreateRequest (OMVolumeCreateRequest.java:validateAndUpdateCache(203)) - created volume:vol-6934579933-85 for user:runner
2025-04-23 04:28:36,292 [omNode-3-OMStateMachineApplyTransactionThread - 0] INFO  volume.OMVolumeCreateRequest (OMVolumeCreateRequest.java:validateAndUpdateCache(203)) - created volume:vol-6934579933-86 for user:runner
2025-04-23 04:28:36,292 [main] INFO  rpc.RpcClient (RpcClient.java:createVolume(462)) - Creating Volume: vol-6934579933-87, with runner as owner and space quota set to -1 bytes, counts quota set to -1
2025-04-23 04:28:36,296 [omNode-1-OMStateMachineApplyTransactionThread - 0] INFO  volume.OMVolumeCreateRequest (OMVolumeCreateRequest.java:validateAndUpdateCache(203)) - created volume:vol-6934579933-86 for user:runner
2025-04-23 04:28:36,296 [omNode-2-OMStateMachineApplyTransactionThread - 0] INFO  volume.OMVolumeCreateRequest (OMVolumeCreateRequest.java:validateAndUpdateCache(203)) - created volume:vol-6934579933-86 for user:runner
2025-04-23 04:28:36,297 [omNode-3-OMStateMachineApplyTransactionThread - 0] INFO  volume.OMVolumeCreateRequest (OMVolumeCreateRequest.java:validateAndUpdateCache(203)) - created volume:vol-6934579933-87 for user:runner
2025-04-23 04:28:36,298 [main] INFO  rpc.RpcClient (RpcClient.java:createVolume(462)) - Creating Volume: vol-6934579933-88, with runner as owner and space quota set to -1 bytes, counts quota set to -1
2025-04-23 04:28:36,299 [omNode-1-OMStateMachineApplyTransactionThread - 0] INFO  volume.OMVolumeCreateRequest (OMVolumeCreateRequest.java:validateAndUpdateCache(203)) - created volume:vol-6934579933-87 for user:runner
2025-04-23 04:28:36,301 [omNode-2-OMStateMachineApplyTransactionThread - 0] INFO  volume.OMVolumeCreateRequest (OMVolumeCreateRequest.java:validateAndUpdateCache(203)) - created volume:vol-6934579933-87 for user:runner
2025-04-23 04:28:36,303 [omNode-3-OMStateMachineApplyTransactionThread - 0] INFO  volume.OMVolumeCreateRequest (OMVolumeCreateRequest.java:validateAndUpdateCache(203)) - created volume:vol-6934579933-88 for user:runner
2025-04-23 04:28:36,303 [main] INFO  rpc.RpcClient (RpcClient.java:createVolume(462)) - Creating Volume: vol-6934579933-89, with runner as owner and space quota set to -1 bytes, counts quota set to -1
2025-04-23 04:28:36,305 [omNode-2-OMStateMachineApplyTransactionThread - 0] INFO  volume.OMVolumeCreateRequest (OMVolumeCreateRequest.java:validateAndUpdateCache(203)) - created volume:vol-6934579933-88 for user:runner
2025-04-23 04:28:36,306 [omNode-1-OMStateMachineApplyTransactionThread - 0] INFO  volume.OMVolumeCreateRequest (OMVolumeCreateRequest.java:validateAndUpdateCache(203)) - created volume:vol-6934579933-88 for user:runner
2025-04-23 04:28:36,309 [omNode-3-OMStateMachineApplyTransactionThread - 0] INFO  volume.OMVolumeCreateRequest (OMVolumeCreateRequest.java:validateAndUpdateCache(203)) - created volume:vol-6934579933-89 for user:runner
2025-04-23 04:28:36,310 [omNode-1-OMStateMachineApplyTransactionThread - 0] INFO  volume.OMVolumeCreateRequest (OMVolumeCreateRequest.java:validateAndUpdateCache(203)) - created volume:vol-6934579933-89 for user:runner
2025-04-23 04:28:36,311 [omNode-2-OMStateMachineApplyTransactionThread - 0] INFO  volume.OMVolumeCreateRequest (OMVolumeCreateRequest.java:validateAndUpdateCache(203)) - created volume:vol-6934579933-89 for user:runner
2025-04-23 04:28:36,311 [main] INFO  rpc.RpcClient (RpcClient.java:createVolume(462)) - Creating Volume: vol-6934579933-90, with runner as owner and space quota set to -1 bytes, counts quota set to -1
2025-04-23 04:28:36,314 [omNode-3-OMStateMachineApplyTransactionThread - 0] INFO  volume.OMVolumeCreateRequest (OMVolumeCreateRequest.java:validateAndUpdateCache(203)) - created volume:vol-6934579933-90 for user:runner
2025-04-23 04:28:36,315 [main] INFO  rpc.RpcClient (RpcClient.java:createVolume(462)) - Creating Volume: vol-6934579933-91, with runner as owner and space quota set to -1 bytes, counts quota set to -1
2025-04-23 04:28:36,315 [omNode-2-OMStateMachineApplyTransactionThread - 0] INFO  volume.OMVolumeCreateRequest (OMVolumeCreateRequest.java:validateAndUpdateCache(203)) - created volume:vol-6934579933-90 for user:runner
2025-04-23 04:28:36,316 [omNode-1-OMStateMachineApplyTransactionThread - 0] INFO  volume.OMVolumeCreateRequest (OMVolumeCreateRequest.java:validateAndUpdateCache(203)) - created volume:vol-6934579933-90 for user:runner
2025-04-23 04:28:36,318 [omNode-3-OMStateMachineApplyTransactionThread - 0] INFO  volume.OMVolumeCreateRequest (OMVolumeCreateRequest.java:validateAndUpdateCache(203)) - created volume:vol-6934579933-91 for user:runner
2025-04-23 04:28:36,320 [omNode-1-OMStateMachineApplyTransactionThread - 0] INFO  volume.OMVolumeCreateRequest (OMVolumeCreateRequest.java:validateAndUpdateCache(203)) - created volume:vol-6934579933-91 for user:runner
2025-04-23 04:28:36,321 [main] INFO  rpc.RpcClient (RpcClient.java:createVolume(462)) - Creating Volume: vol-6934579933-92, with runner as owner and space quota set to -1 bytes, counts quota set to -1
2025-04-23 04:28:36,321 [omNode-2-OMStateMachineApplyTransactionThread - 0] INFO  volume.OMVolumeCreateRequest (OMVolumeCreateRequest.java:validateAndUpdateCache(203)) - created volume:vol-6934579933-91 for user:runner
2025-04-23 04:28:36,324 [omNode-3-OMStateMachineApplyTransactionThread - 0] INFO  volume.OMVolumeCreateRequest (OMVolumeCreateRequest.java:validateAndUpdateCache(203)) - created volume:vol-6934579933-92 for user:runner
2025-04-23 04:28:36,325 [main] INFO  rpc.RpcClient (RpcClient.java:createVolume(462)) - Creating Volume: vol-6934579933-93, with runner as owner and space quota set to -1 bytes, counts quota set to -1
2025-04-23 04:28:36,326 [omNode-1-OMStateMachineApplyTransactionThread - 0] INFO  volume.OMVolumeCreateRequest (OMVolumeCreateRequest.java:validateAndUpdateCache(203)) - created volume:vol-6934579933-92 for user:runner
2025-04-23 04:28:36,325 [omNode-2-OMStateMachineApplyTransactionThread - 0] INFO  volume.OMVolumeCreateRequest (OMVolumeCreateRequest.java:validateAndUpdateCache(203)) - created volume:vol-6934579933-92 for user:runner
2025-04-23 04:28:36,329 [omNode-3-OMStateMachineApplyTransactionThread - 0] INFO  volume.OMVolumeCreateRequest (OMVolumeCreateRequest.java:validateAndUpdateCache(203)) - created volume:vol-6934579933-93 for user:runner
2025-04-23 04:28:36,330 [main] INFO  rpc.RpcClient (RpcClient.java:createVolume(462)) - Creating Volume: vol-6934579933-94, with runner as owner and space quota set to -1 bytes, counts quota set to -1
2025-04-23 04:28:36,330 [omNode-2-OMStateMachineApplyTransactionThread - 0] INFO  volume.OMVolumeCreateRequest (OMVolumeCreateRequest.java:validateAndUpdateCache(203)) - created volume:vol-6934579933-93 for user:runner
2025-04-23 04:28:36,332 [omNode-1-OMStateMachineApplyTransactionThread - 0] INFO  volume.OMVolumeCreateRequest (OMVolumeCreateRequest.java:validateAndUpdateCache(203)) - created volume:vol-6934579933-93 for user:runner
2025-04-23 04:28:36,336 [omNode-3-OMStateMachineApplyTransactionThread - 0] INFO  volume.OMVolumeCreateRequest (OMVolumeCreateRequest.java:validateAndUpdateCache(203)) - created volume:vol-6934579933-94 for user:runner
2025-04-23 04:28:36,337 [main] INFO  rpc.RpcClient (RpcClient.java:createVolume(462)) - Creating Volume: vol-6934579933-95, with runner as owner and space quota set to -1 bytes, counts quota set to -1
2025-04-23 04:28:36,337 [omNode-1-OMStateMachineApplyTransactionThread - 0] INFO  volume.OMVolumeCreateRequest (OMVolumeCreateRequest.java:validateAndUpdateCache(203)) - created volume:vol-6934579933-94 for user:runner
2025-04-23 04:28:36,338 [omNode-2-OMStateMachineApplyTransactionThread - 0] INFO  volume.OMVolumeCreateRequest (OMVolumeCreateRequest.java:validateAndUpdateCache(203)) - created volume:vol-6934579933-94 for user:runner
2025-04-23 04:28:36,340 [omNode-3-OMStateMachineApplyTransactionThread - 0] INFO  volume.OMVolumeCreateRequest (OMVolumeCreateRequest.java:validateAndUpdateCache(203)) - created volume:vol-6934579933-95 for user:runner
2025-04-23 04:28:36,341 [main] INFO  rpc.RpcClient (RpcClient.java:createVolume(462)) - Creating Volume: vol-6934579933-96, with runner as owner and space quota set to -1 bytes, counts quota set to -1
2025-04-23 04:28:36,342 [omNode-2-OMStateMachineApplyTransactionThread - 0] INFO  volume.OMVolumeCreateRequest (OMVolumeCreateRequest.java:validateAndUpdateCache(203)) - created volume:vol-6934579933-95 for user:runner
2025-04-23 04:28:36,342 [omNode-1-OMStateMachineApplyTransactionThread - 0] INFO  volume.OMVolumeCreateRequest (OMVolumeCreateRequest.java:validateAndUpdateCache(203)) - created volume:vol-6934579933-95 for user:runner
2025-04-23 04:28:36,346 [omNode-3-OMStateMachineApplyTransactionThread - 0] INFO  volume.OMVolumeCreateRequest (OMVolumeCreateRequest.java:validateAndUpdateCache(203)) - created volume:vol-6934579933-96 for user:runner
2025-04-23 04:28:36,347 [main] INFO  rpc.RpcClient (RpcClient.java:createVolume(462)) - Creating Volume: vol-6934579933-97, with runner as owner and space quota set to -1 bytes, counts quota set to -1
2025-04-23 04:28:36,347 [omNode-2-OMStateMachineApplyTransactionThread - 0] INFO  volume.OMVolumeCreateRequest (OMVolumeCreateRequest.java:validateAndUpdateCache(203)) - created volume:vol-6934579933-96 for user:runner
2025-04-23 04:28:36,348 [omNode-1-OMStateMachineApplyTransactionThread - 0] INFO  volume.OMVolumeCreateRequest (OMVolumeCreateRequest.java:validateAndUpdateCache(203)) - created volume:vol-6934579933-96 for user:runner
2025-04-23 04:28:36,351 [omNode-3-OMStateMachineApplyTransactionThread - 0] INFO  volume.OMVolumeCreateRequest (OMVolumeCreateRequest.java:validateAndUpdateCache(203)) - created volume:vol-6934579933-97 for user:runner
2025-04-23 04:28:36,352 [main] INFO  rpc.RpcClient (RpcClient.java:createVolume(462)) - Creating Volume: vol-6934579933-98, with runner as owner and space quota set to -1 bytes, counts quota set to -1
2025-04-23 04:28:36,352 [omNode-2-OMStateMachineApplyTransactionThread - 0] INFO  volume.OMVolumeCreateRequest (OMVolumeCreateRequest.java:validateAndUpdateCache(203)) - created volume:vol-6934579933-97 for user:runner
2025-04-23 04:28:36,355 [omNode-3-OMStateMachineApplyTransactionThread - 0] INFO  volume.OMVolumeCreateRequest (OMVolumeCreateRequest.java:validateAndUpdateCache(203)) - created volume:vol-6934579933-98 for user:runner
2025-04-23 04:28:36,356 [omNode-2-OMStateMachineApplyTransactionThread - 0] INFO  volume.OMVolumeCreateRequest (OMVolumeCreateRequest.java:validateAndUpdateCache(203)) - created volume:vol-6934579933-98 for user:runner
2025-04-23 04:28:36,357 [main] INFO  rpc.RpcClient (RpcClient.java:createVolume(462)) - Creating Volume: vol-6934579933-99, with runner as owner and space quota set to -1 bytes, counts quota set to -1
2025-04-23 04:28:36,364 [omNode-3-OMStateMachineApplyTransactionThread - 0] INFO  volume.OMVolumeCreateRequest (OMVolumeCreateRequest.java:validateAndUpdateCache(203)) - created volume:vol-6934579933-99 for user:runner
2025-04-23 04:28:36,381 [omNode-1@group-523986131536-StateMachineUpdater] INFO  ratis.OzoneManagerStateMachine (OzoneManagerStateMachine.java:takeSnapshotImpl(510)) - omNode-1: taking snapshot. applied = (t:11, i:302), skipped = 301, notified = (t:11, i:302), current snapshot index = (t:11, i:302), took 31 ms
2025-04-23 04:28:36,381 [omNode-1@group-523986131536-StateMachineUpdater] INFO  impl.StateMachineUpdater (StateMachineUpdater.java:takeSnapshot(303)) - omNode-1@group-523986131536-StateMachineUpdater: Took a snapshot at index 302
2025-04-23 04:28:36,381 [omNode-1@group-523986131536-StateMachineUpdater] INFO  impl.StateMachineUpdater (StateMachineUpdater.java:lambda$new$0(102)) - omNode-1@group-523986131536-StateMachineUpdater: snapshotIndex: updateIncreasingly 252 -> 302
2025-04-23 04:28:36,381 [omNode-1@group-523986131536-StateMachineUpdater] INFO  raftlog.RaftLog (RaftLogBase.java:purge(325)) - omNode-1@group-523986131536-SegmentedRaftLog: purge 302
2025-04-23 04:28:36,381 [omNode-1@group-523986131536-StateMachineUpdater] INFO  raftlog.RaftLog (RaftLogBase.java:lambda$new$0(54)) - omNode-1@group-523986131536-SegmentedRaftLog: snapshotIndex: updateIncreasingly 252 -> 302
2025-04-23 04:28:36,381 [omNode-1@group-523986131536-StateMachineUpdater] INFO  raftlog.RaftLog (RaftLogBase.java:lambda$new$0(54)) - omNode-1@group-523986131536-SegmentedRaftLog: purgeIndex: updateToMax old=252, new=302, updated? true
2025-04-23 04:28:36,385 [omNode-1-OMStateMachineApplyTransactionThread - 0] INFO  volume.OMVolumeCreateRequest (OMVolumeCreateRequest.java:validateAndUpdateCache(203)) - created volume:vol-6934579933-97 for user:runner
2025-04-23 04:28:36,386 [omNode-1-OMStateMachineApplyTransactionThread - 0] INFO  volume.OMVolumeCreateRequest (OMVolumeCreateRequest.java:validateAndUpdateCache(203)) - created volume:vol-6934579933-98 for user:runner
2025-04-23 04:28:36,386 [omNode-1-OMStateMachineApplyTransactionThread - 0] INFO  volume.OMVolumeCreateRequest (OMVolumeCreateRequest.java:validateAndUpdateCache(203)) - created volume:vol-6934579933-99 for user:runner
2025-04-23 04:28:36,392 [omNode-2@group-523986131536-StateMachineUpdater] INFO  ratis.OzoneManagerStateMachine (OzoneManagerStateMachine.java:takeSnapshotImpl(510)) - omNode-2: taking snapshot. applied = (t:11, i:306), skipped = 305, notified = (t:11, i:306), current snapshot index = (t:11, i:306), took 30 ms
2025-04-23 04:28:36,392 [omNode-2@group-523986131536-StateMachineUpdater] INFO  impl.StateMachineUpdater (StateMachineUpdater.java:takeSnapshot(303)) - omNode-2@group-523986131536-StateMachineUpdater: Took a snapshot at index 306
2025-04-23 04:28:36,393 [omNode-2@group-523986131536-StateMachineUpdater] INFO  impl.StateMachineUpdater (StateMachineUpdater.java:lambda$new$0(102)) - omNode-2@group-523986131536-StateMachineUpdater: snapshotIndex: updateIncreasingly 256 -> 306
2025-04-23 04:28:36,393 [omNode-2@group-523986131536-StateMachineUpdater] INFO  raftlog.RaftLog (RaftLogBase.java:purge(325)) - omNode-2@group-523986131536-SegmentedRaftLog: purge 306
2025-04-23 04:28:36,394 [omNode-2@group-523986131536-StateMachineUpdater] INFO  raftlog.RaftLog (RaftLogBase.java:lambda$new$0(54)) - omNode-2@group-523986131536-SegmentedRaftLog: snapshotIndex: updateIncreasingly 256 -> 306
2025-04-23 04:28:36,394 [omNode-2@group-523986131536-StateMachineUpdater] INFO  raftlog.RaftLog (RaftLogBase.java:lambda$new$0(54)) - omNode-2@group-523986131536-SegmentedRaftLog: purgeIndex: updateToMax old=256, new=306, updated? true
2025-04-23 04:28:36,396 [omNode-2-OMStateMachineApplyTransactionThread - 0] INFO  volume.OMVolumeCreateRequest (OMVolumeCreateRequest.java:validateAndUpdateCache(203)) - created volume:vol-6934579933-99 for user:runner
2025-04-23 04:28:36,403 [main] INFO  om.OzoneManager (OzoneManager.java:stop(2347)) - omNode-3[localhost:15014]: Stopping Ozone Manager
2025-04-23 04:28:36,403 [main] INFO  ipc.Server (Server.java:stop(3697)) - Stopping server on 15014
2025-04-23 04:28:36,406 [IPC Server listener on 15014] INFO  ipc.Server (Server.java:run(1585)) - Stopping IPC Server listener on 15014
2025-04-23 04:28:36,406 [IPC Server Responder] INFO  ipc.Server (Server.java:run(1718)) - Stopping IPC Server Responder
2025-04-23 04:28:36,407 [main] INFO  ratis.OzoneManagerRatisServer (OzoneManagerRatisServer.java:stop(634)) - Stopping org.apache.hadoop.ozone.om.ratis.OzoneManagerRatisServer@13b07bd8 at port 15017
2025-04-23 04:28:36,407 [main] INFO  server.RaftServer (RaftServerProxy.java:lambda$close$9(417)) - omNode-3: close
2025-04-23 04:28:36,407 [main] INFO  server.GrpcService (GrpcService.java:closeImpl(343)) - omNode-3: shutdown server GrpcServerProtocolService now
2025-04-23 04:28:36,407 [omNode-3-impl-thread1] INFO  server.RaftServer$Division (RaftServerImpl.java:lambda$close$1(513)) - omNode-3@group-523986131536: shutdown
2025-04-23 04:28:36,407 [omNode-3-impl-thread1] INFO  util.JmxRegister (JmxRegister.java:unregister(74)) - Successfully un-registered JMX Bean with object name Ratis:service=RaftServer,group=group-523986131536,id=omNode-3
2025-04-23 04:28:36,407 [omNode-3-impl-thread1] INFO  impl.RoleInfo (RoleInfo.java:shutdownLeaderState(103)) - omNode-3: shutdown omNode-3@group-523986131536-LeaderStateImpl
2025-04-23 04:28:36,407 [omNode-3@group-523986131536->omNode-1-GrpcLogAppender-LogAppenderDaemon] WARN  server.GrpcLogAppender (GrpcLogAppender.java:mayWait(293)) - omNode-3@group-523986131536->omNode-1-GrpcLogAppender: Wait interrupted by java.lang.InterruptedException
2025-04-23 04:28:36,408 [omNode-3@group-523986131536->omNode-2-GrpcLogAppender-LogAppenderDaemon] WARN  server.GrpcLogAppender (GrpcLogAppender.java:mayWait(293)) - omNode-3@group-523986131536->omNode-2-GrpcLogAppender: Wait interrupted by java.lang.InterruptedException
2025-04-23 04:28:36,408 [omNode-3-impl-thread1] INFO  impl.PendingRequests (PendingRequests.java:sendNotLeaderResponses(287)) - omNode-3@group-523986131536-PendingRequests: sendNotLeaderResponses
2025-04-23 04:28:36,408 [grpc-default-executor-0] INFO  server.GrpcServerProtocolService (GrpcServerProtocolService.java:onCompleted(157)) - omNode-2: Completed APPEND_ENTRIES, lastRequest: null
2025-04-23 04:28:36,408 [grpc-default-executor-0] INFO  server.GrpcServerProtocolService (GrpcServerProtocolService.java:lambda$onCompleted$5(159)) - omNode-2: Completed APPEND_ENTRIES, lastReply: serverReply {
  requestorId: "omNode-3"
  replyId: "omNode-2"
  raftGroupId {
    id: "\311\274L\364;\303<`\246kR9\206\023\0256"
  }
  callId: 8
  success: true
}
term: 11
nextIndex: 109
followerCommit: 108
matchIndex: 18446744073709551615
isHearbeat: true

2025-04-23 04:28:36,409 [grpc-default-executor-2] INFO  server.GrpcServerProtocolService (GrpcServerProtocolService.java:onCompleted(157)) - omNode-2: Completed APPEND_ENTRIES, lastRequest: omNode-3->omNode-2#540-t11,previous=(t:11, i:307),leaderCommit=307,initializing? false,entries: size=1, first=(t:11, i:308), METADATAENTRY(c:307)
2025-04-23 04:28:36,410 [grpc-default-executor-2] INFO  server.GrpcServerProtocolService (GrpcServerProtocolService.java:lambda$onCompleted$5(159)) - omNode-2: Completed APPEND_ENTRIES, lastReply: null
2025-04-23 04:28:36,408 [omNode-3-impl-thread1] INFO  impl.StateMachineUpdater (StateMachineUpdater.java:stopAndJoin(164)) - omNode-3@group-523986131536-StateMachineUpdater: set stopIndex = 308
2025-04-23 04:28:36,409 [grpc-default-executor-1] INFO  server.GrpcServerProtocolService (GrpcServerProtocolService.java:onCompleted(157)) - omNode-1: Completed APPEND_ENTRIES, lastRequest: omNode-3->omNode-1#529-t11,previous=(t:11, i:307),leaderCommit=307,initializing? false,entries: size=1, first=(t:11, i:308), METADATAENTRY(c:307)
2025-04-23 04:28:36,410 [grpc-default-executor-1] INFO  server.GrpcServerProtocolService (GrpcServerProtocolService.java:lambda$onCompleted$5(159)) - omNode-1: Completed APPEND_ENTRIES, lastReply: null
2025-04-23 04:28:36,409 [grpc-default-executor-6] INFO  server.GrpcServerProtocolService (GrpcServerProtocolService.java:onCompleted(157)) - omNode-1: Completed APPEND_ENTRIES, lastRequest: null
2025-04-23 04:28:36,410 [grpc-default-executor-5] INFO  server.GrpcLogAppender (GrpcLogAppender.java:onCompleted(550)) - omNode-3@group-523986131536->omNode-2-AppendLogResponseHandler: follower responses appendEntries COMPLETED
2025-04-23 04:28:36,411 [grpc-default-executor-6] INFO  server.GrpcServerProtocolService (GrpcServerProtocolService.java:lambda$onCompleted$5(159)) - omNode-1: Completed APPEND_ENTRIES, lastReply: serverReply {
  requestorId: "omNode-3"
  replyId: "omNode-1"
  raftGroupId {
    id: "\311\274L\364;\303<`\246kR9\206\023\0256"
  }
  callId: 8
  success: true
}
term: 11
nextIndex: 109
followerCommit: 108
matchIndex: 18446744073709551615
isHearbeat: true

2025-04-23 04:28:36,411 [grpc-default-executor-2] INFO  server.GrpcLogAppender (GrpcLogAppender.java:onCompleted(550)) - omNode-3@group-523986131536->omNode-2-AppendLogResponseHandler: follower responses appendEntries COMPLETED
2025-04-23 04:28:36,411 [Thread-4591] INFO  server.GrpcServerProtocolClient (GrpcServerProtocolClient.java:close(105)) - omNode-2 Close channels
2025-04-23 04:28:36,412 [grpc-default-executor-2] WARN  server.GrpcLogAppender (GrpcLogAppender.java:resetClient(230)) - omNode-3@group-523986131536->omNode-2-GrpcLogAppender: Failed to getClient for omNode-2
org.apache.ratis.protocol.exceptions.AlreadyClosedException: omNode-3 is already CLOSED
	at org.apache.ratis.util.PeerProxyMap$PeerAndProxy.getProxy(PeerProxyMap.java:67)
	at org.apache.ratis.util.PeerProxyMap.getProxy(PeerProxyMap.java:124)
	at org.apache.ratis.grpc.server.GrpcLogAppender.getClient(GrpcLogAppender.java:200)
	at org.apache.ratis.grpc.server.GrpcLogAppender.resetClient(GrpcLogAppender.java:205)
	at org.apache.ratis.grpc.server.GrpcLogAppender.access$800(GrpcLogAppender.java:64)
	at org.apache.ratis.grpc.server.GrpcLogAppender$AppendLogResponseHandler.onCompleted(GrpcLogAppender.java:551)
	at org.apache.ratis.thirdparty.io.grpc.stub.ClientCalls$StreamObserverToCallListenerAdapter.onClose(ClientCalls.java:479)
	at org.apache.ratis.thirdparty.io.grpc.internal.ClientCallImpl.closeObserver(ClientCallImpl.java:567)
	at org.apache.ratis.thirdparty.io.grpc.internal.ClientCallImpl.access$300(ClientCallImpl.java:71)
	at org.apache.ratis.thirdparty.io.grpc.internal.ClientCallImpl$ClientStreamListenerImpl$1StreamClosed.runInternal(ClientCallImpl.java:735)
	at org.apache.ratis.thirdparty.io.grpc.internal.ClientCallImpl$ClientStreamListenerImpl$1StreamClosed.runInContext(ClientCallImpl.java:716)
	at org.apache.ratis.thirdparty.io.grpc.internal.ContextRunnable.run(ContextRunnable.java:37)
	at org.apache.ratis.thirdparty.io.grpc.internal.SerializingExecutor.run(SerializingExecutor.java:133)
	at java.base/java.util.concurrent.ThreadPoolExecutor.runWorker(ThreadPoolExecutor.java:1144)
	at java.base/java.util.concurrent.ThreadPoolExecutor$Worker.run(ThreadPoolExecutor.java:642)
	at java.base/java.lang.Thread.run(Thread.java:1583)
2025-04-23 04:28:36,411 [Thread-4590] INFO  server.GrpcServerProtocolClient (GrpcServerProtocolClient.java:close(105)) - omNode-1 Close channels
2025-04-23 04:28:36,413 [grpc-default-executor-6] INFO  server.GrpcLogAppender (GrpcLogAppender.java:onCompleted(550)) - omNode-3@group-523986131536->omNode-1-AppendLogResponseHandler: follower responses appendEntries COMPLETED
2025-04-23 04:28:36,413 [grpc-default-executor-6] WARN  server.GrpcLogAppender (GrpcLogAppender.java:resetClient(230)) - omNode-3@group-523986131536->omNode-1-GrpcLogAppender: Failed to getClient for omNode-1
org.apache.ratis.protocol.exceptions.AlreadyClosedException: omNode-3 is already CLOSED
	at org.apache.ratis.util.PeerProxyMap$PeerAndProxy.getProxy(PeerProxyMap.java:67)
	at org.apache.ratis.util.PeerProxyMap.getProxy(PeerProxyMap.java:124)
	at org.apache.ratis.grpc.server.GrpcLogAppender.getClient(GrpcLogAppender.java:200)
	at org.apache.ratis.grpc.server.GrpcLogAppender.resetClient(GrpcLogAppender.java:205)
	at org.apache.ratis.grpc.server.GrpcLogAppender.access$800(GrpcLogAppender.java:64)
	at org.apache.ratis.grpc.server.GrpcLogAppender$AppendLogResponseHandler.onCompleted(GrpcLogAppender.java:551)
	at org.apache.ratis.thirdparty.io.grpc.stub.ClientCalls$StreamObserverToCallListenerAdapter.onClose(ClientCalls.java:479)
	at org.apache.ratis.thirdparty.io.grpc.internal.ClientCallImpl.closeObserver(ClientCallImpl.java:567)
	at org.apache.ratis.thirdparty.io.grpc.internal.ClientCallImpl.access$300(ClientCallImpl.java:71)
	at org.apache.ratis.thirdparty.io.grpc.internal.ClientCallImpl$ClientStreamListenerImpl$1StreamClosed.runInternal(ClientCallImpl.java:735)
	at org.apache.ratis.thirdparty.io.grpc.internal.ClientCallImpl$ClientStreamListenerImpl$1StreamClosed.runInContext(ClientCallImpl.java:716)
	at org.apache.ratis.thirdparty.io.grpc.internal.ContextRunnable.run(ContextRunnable.java:37)
	at org.apache.ratis.thirdparty.io.grpc.internal.SerializingExecutor.run(SerializingExecutor.java:133)
	at java.base/java.util.concurrent.ThreadPoolExecutor.runWorker(ThreadPoolExecutor.java:1144)
	at java.base/java.util.concurrent.ThreadPoolExecutor$Worker.run(ThreadPoolExecutor.java:642)
	at java.base/java.lang.Thread.run(Thread.java:1583)
2025-04-23 04:28:36,413 [grpc-default-executor-6] INFO  server.GrpcLogAppender (GrpcLogAppender.java:onCompleted(550)) - omNode-3@group-523986131536->omNode-1-AppendLogResponseHandler: follower responses appendEntries COMPLETED
2025-04-23 04:28:36,413 [grpc-default-executor-6] WARN  server.GrpcLogAppender (GrpcLogAppender.java:resetClient(230)) - omNode-3@group-523986131536->omNode-1-GrpcLogAppender: Failed to getClient for omNode-1
org.apache.ratis.protocol.exceptions.AlreadyClosedException: omNode-3 is already CLOSED
	at org.apache.ratis.util.PeerProxyMap$PeerAndProxy.getProxy(PeerProxyMap.java:67)
	at org.apache.ratis.util.PeerProxyMap.getProxy(PeerProxyMap.java:124)
	at org.apache.ratis.grpc.server.GrpcLogAppender.getClient(GrpcLogAppender.java:200)
	at org.apache.ratis.grpc.server.GrpcLogAppender.resetClient(GrpcLogAppender.java:205)
	at org.apache.ratis.grpc.server.GrpcLogAppender.access$800(GrpcLogAppender.java:64)
	at org.apache.ratis.grpc.server.GrpcLogAppender$AppendLogResponseHandler.onCompleted(GrpcLogAppender.java:551)
	at org.apache.ratis.thirdparty.io.grpc.stub.ClientCalls$StreamObserverToCallListenerAdapter.onClose(ClientCalls.java:479)
	at org.apache.ratis.thirdparty.io.grpc.internal.DelayedClientCall$DelayedListener$3.run(DelayedClientCall.java:489)
	at org.apache.ratis.thirdparty.io.grpc.internal.DelayedClientCall$DelayedListener.delayOrExecute(DelayedClientCall.java:453)
	at org.apache.ratis.thirdparty.io.grpc.internal.DelayedClientCall$DelayedListener.onClose(DelayedClientCall.java:486)
	at org.apache.ratis.thirdparty.io.grpc.internal.ClientCallImpl.closeObserver(ClientCallImpl.java:567)
	at org.apache.ratis.thirdparty.io.grpc.internal.ClientCallImpl.access$300(ClientCallImpl.java:71)
	at org.apache.ratis.thirdparty.io.grpc.internal.ClientCallImpl$ClientStreamListenerImpl$1StreamClosed.runInternal(ClientCallImpl.java:735)
	at org.apache.ratis.thirdparty.io.grpc.internal.ClientCallImpl$ClientStreamListenerImpl$1StreamClosed.runInContext(ClientCallImpl.java:716)
	at org.apache.ratis.thirdparty.io.grpc.internal.ContextRunnable.run(ContextRunnable.java:37)
	at org.apache.ratis.thirdparty.io.grpc.internal.SerializingExecutor.run(SerializingExecutor.java:133)
	at java.base/java.util.concurrent.ThreadPoolExecutor.runWorker(ThreadPoolExecutor.java:1144)
	at java.base/java.util.concurrent.ThreadPoolExecutor$Worker.run(ThreadPoolExecutor.java:642)
	at java.base/java.lang.Thread.run(Thread.java:1583)
2025-04-23 04:28:36,414 [main] INFO  server.GrpcService (GrpcService.java:closeImpl(352)) - omNode-3: shutdown server GrpcServerProtocolService successfully
2025-04-23 04:28:36,426 [omNode-3@group-523986131536-StateMachineUpdater] INFO  ratis.OzoneManagerStateMachine (OzoneManagerStateMachine.java:takeSnapshotImpl(510)) - omNode-3: taking snapshot. applied = (t:11, i:308), skipped = 307, notified = (t:11, i:308), current snapshot index = (t:11, i:308), took 17 ms
2025-04-23 04:28:36,426 [omNode-3@group-523986131536-StateMachineUpdater] INFO  impl.StateMachineUpdater (StateMachineUpdater.java:takeSnapshot(303)) - omNode-3@group-523986131536-StateMachineUpdater: Took a snapshot at index 308
2025-04-23 04:28:36,426 [omNode-3@group-523986131536-StateMachineUpdater] INFO  impl.StateMachineUpdater (StateMachineUpdater.java:lambda$new$0(102)) - omNode-3@group-523986131536-StateMachineUpdater: snapshotIndex: updateIncreasingly 257 -> 308
2025-04-23 04:28:36,426 [omNode-3@group-523986131536-StateMachineUpdater] INFO  raftlog.RaftLog (RaftLogBase.java:purge(325)) - omNode-3@group-523986131536-SegmentedRaftLog: purge 308
2025-04-23 04:28:36,427 [omNode-3@group-523986131536-StateMachineUpdater] INFO  raftlog.RaftLog (RaftLogBase.java:lambda$new$0(54)) - omNode-3@group-523986131536-SegmentedRaftLog: snapshotIndex: updateIncreasingly 257 -> 308
2025-04-23 04:28:36,427 [omNode-3@group-523986131536-StateMachineUpdater] INFO  raftlog.RaftLog (RaftLogBase.java:lambda$new$0(54)) - omNode-3@group-523986131536-SegmentedRaftLog: purgeIndex: updateToMax old=257, new=308, updated? true
2025-04-23 04:28:36,427 [omNode-3@group-523986131536-StateMachineUpdater] INFO  impl.StateMachineUpdater (StateMachineUpdater.java:stop(141)) - omNode-3@group-523986131536-StateMachineUpdater: closing OzoneManagerStateMachine, lastApplied=(t:11, i:308)
2025-04-23 04:28:36,427 [omNode-3@group-523986131536-StateMachineUpdater] INFO  ratis.OzoneManagerStateMachine (OzoneManagerStateMachine.java:close(550)) - Stopping OzoneManagerStateMachine:omNode-3:group-523986131536.
2025-04-23 04:28:36,427 [omNode-3@group-523986131536-StateMachineUpdater] INFO  ratis.OzoneManagerDoubleBuffer (OzoneManagerDoubleBuffer.java:stopDaemon(500)) - Stopping OMDoubleBuffer flush thread
2025-04-23 04:28:36,427 [omNode-3-OMDoubleBufferFlushThread] INFO  ratis.OzoneManagerDoubleBuffer (OzoneManagerDoubleBuffer.java:canFlush(559)) - OMDoubleBuffer flush thread omNode-3-OMDoubleBufferFlushThread is interrupted and will exit.
2025-04-23 04:28:36,427 [omNode-3@group-523986131536-cacheEviction-AwaitToRun] INFO  util.AwaitToRun (AwaitToRun.java:run(49)) - omNode-3@group-523986131536-cacheEviction-AwaitToRun-AwaitForSignal is interrupted
2025-04-23 04:28:37,365 [omNode-3-impl-thread1] INFO  segmented.SegmentedRaftLogWorker (SegmentedRaftLogWorker.java:close(252)) - omNode-3@group-523986131536-SegmentedRaftLogWorker close()
2025-04-23 04:28:37,365 [JvmPauseMonitor26] INFO  util.JvmPauseMonitor (JvmPauseMonitor.java:run(152)) - JvmPauseMonitor-omNode-3: Stopped
2025-04-23 04:28:37,365 [main] INFO  utils.BackgroundService (BackgroundService.java:shutdown(161)) - Shutting down service KeyDeletingService
2025-04-23 04:28:37,366 [main] INFO  utils.BackgroundService (BackgroundService.java:shutdown(161)) - Shutting down service DirectoryDeletingService
2025-04-23 04:28:37,367 [main] INFO  utils.BackgroundService (BackgroundService.java:shutdown(161)) - Shutting down service OpenKeyCleanupService
2025-04-23 04:28:37,367 [main] INFO  utils.BackgroundService (BackgroundService.java:shutdown(161)) - Shutting down service SstFilteringService
2025-04-23 04:28:37,367 [main] INFO  utils.BackgroundService (BackgroundService.java:shutdown(161)) - Shutting down service SnapshotDeletingService
2025-04-23 04:28:37,367 [main] INFO  utils.BackgroundService (BackgroundService.java:shutdown(161)) - Shutting down service MultipartUploadCleanupService
2025-04-23 04:28:37,368 [main] INFO  handler.ContextHandler (ContextHandler.java:doStop(1159)) - Stopped o.e.j.w.WebAppContext@d0c6cab{ozoneManager,/,null,STOPPED}{file:/home/runner/work/ozone/ozone/hadoop-ozone/integration-test/target/test-classes/webapps/ozoneManager}
2025-04-23 04:28:37,369 [main] INFO  server.AbstractConnector (AbstractConnector.java:doStop(383)) - Stopped ServerConnector@234d37cd{HTTP/1.1, (http/1.1)}{0.0.0.0:15015}
2025-04-23 04:28:37,369 [main] INFO  server.session (HouseKeeper.java:stopScavenging(149)) - node0 Stopped scavenging
2025-04-23 04:28:37,369 [main] INFO  handler.ContextHandler (ContextHandler.java:doStop(1159)) - Stopped o.e.j.s.ServletContextHandler@693a8b07{static,/static,file:///home/runner/work/ozone/ozone/hadoop-ozone/integration-test/target/test-classes/webapps/static,STOPPED}
2025-04-23 04:28:37,369 [main] INFO  handler.ContextHandler (ContextHandler.java:doStop(1159)) - Stopped o.e.j.s.ServletContextHandler@3f3f9cab{logs,/logs,file:///home/runner/work/ozone/ozone/hadoop-ozone/integration-test/target/log,STOPPED}
2025-04-23 04:28:37,370 [main] INFO  rocksdiff.RocksDBCheckpointDiffer (RocksDBCheckpointDiffer.java:close(304)) - Shutting down CompactionDagPruningService.
2025-04-23 04:28:37,372 [main] INFO  snapshot.SnapshotDiffManager (SnapshotDiffManager.java:closeExecutorService(1698)) - Shutting down executorService: 'SnapDiffExecutor'
2025-04-23 04:28:37,372 [main] INFO  utils.BackgroundService (BackgroundService.java:shutdown(161)) - Shutting down service SnapshotDiffCleanupService
2025-04-23 04:28:37,875 [omNode-1@group-523986131536-FollowerState] INFO  impl.FollowerState (FollowerState.java:runImpl(161)) - omNode-1@group-523986131536-FollowerState: change to CANDIDATE, lastRpcElapsedTime:1511054152ns, electionTimeout:1065ms
2025-04-23 04:28:37,875 [omNode-1@group-523986131536-FollowerState] INFO  impl.RoleInfo (RoleInfo.java:shutdownFollowerState(121)) - omNode-1: shutdown omNode-1@group-523986131536-FollowerState
2025-04-23 04:28:37,875 [omNode-1@group-523986131536-FollowerState] INFO  server.RaftServer$Division (RaftServerImpl.java:setRole(378)) - omNode-1@group-523986131536: changes role from  FOLLOWER to CANDIDATE at term 11 for changeToCandidate
2025-04-23 04:28:37,875 [omNode-1@group-523986131536-FollowerState] INFO  server.RaftServerConfigKeys (ConfUtils.java:logGet(46)) - raft.server.leaderelection.pre-vote = true (default)
2025-04-23 04:28:37,875 [omNode-1@group-523986131536-FollowerState] INFO  impl.RoleInfo (RoleInfo.java:updateAndGet(148)) - omNode-1: start omNode-1@group-523986131536-LeaderElection23
2025-04-23 04:28:37,875 [omNode-1@group-523986131536-LeaderElection23] INFO  server.RaftServer$Division (ServerState.java:setLeader(272)) - omNode-1@group-523986131536: change Leader from omNode-3 to null at term 11 for PRE_VOTE
2025-04-23 04:28:37,875 [omNode-1@group-523986131536-LeaderElection23] INFO  impl.LeaderElection (LeaderElection.java:askForVotes(332)) - omNode-1@group-523986131536-LeaderElection23 PRE_VOTE round 0: submit vote requests at term 11 for conf: {index: 107, cur=peers:[omNode-3|localhost:15017, omNode-1|localhost:15009, omNode-2|localhost:15013]|listeners:[], old=null}
2025-04-23 04:28:37,876 [omNode-1@group-523986131536-LeaderElection23-1] INFO  server.GrpcServerProtocolClient (GrpcServerProtocolClient.java:<init>(65)) - Build channel for omNode-3|localhost:15017
2025-04-23 04:28:37,876 [omNode-1@group-523986131536-LeaderElection23-2] INFO  server.GrpcServerProtocolClient (GrpcServerProtocolClient.java:<init>(65)) - Build channel for omNode-2|localhost:15013
2025-04-23 04:28:37,879 [omNode-1@group-523986131536-LeaderElection23] INFO  impl.LeaderElection (LogUtils.java:infoOrTrace(136)) - omNode-1@group-523986131536-LeaderElection23 got exception when requesting votes: java.util.concurrent.ExecutionException: org.apache.ratis.thirdparty.io.grpc.StatusRuntimeException: UNAVAILABLE: io exception
2025-04-23 04:28:37,881 [grpc-default-executor-6] INFO  server.RaftServer$Division (RaftServerImpl.java:requestVote(1407)) - omNode-2@group-523986131536: receive requestVote(PRE_VOTE, omNode-1, group-523986131536, 11, (t:11, i:308))
2025-04-23 04:28:37,881 [grpc-default-executor-6] INFO  impl.VoteContext (VoteContext.java:log(49)) - omNode-2@group-523986131536-FOLLOWER: accept PRE_VOTE from omNode-1: our priority 0 <= candidate's priority 0
2025-04-23 04:28:37,881 [grpc-default-executor-6] INFO  server.RaftServer$Division (RaftServerImpl.java:requestVote(1441)) - omNode-2@group-523986131536 replies to PRE_VOTE vote request: omNode-1<-omNode-2#0:OK-t11. Peer's state: omNode-2@group-523986131536:t11, leader=omNode-3, voted=omNode-3, raftlog=Memoized:omNode-2@group-523986131536-SegmentedRaftLog:OPENED:c307:last(t:11, i:308), conf=conf: {index: 107, cur=peers:[omNode-3|localhost:15017, omNode-1|localhost:15009, omNode-2|localhost:15013]|listeners:[], old=null}
2025-04-23 04:28:37,882 [omNode-1@group-523986131536-LeaderElection23] INFO  impl.LeaderElection (LeaderElection.java:logAndReturn(90)) - omNode-1@group-523986131536-LeaderElection23: PRE_VOTE PASSED received 1 response(s) and 1 exception(s):
2025-04-23 04:28:37,882 [omNode-1@group-523986131536-LeaderElection23] INFO  impl.LeaderElection (LeaderElection.java:logAndReturn(94)) -   Response 0: omNode-1<-omNode-2#0:OK-t11
2025-04-23 04:28:37,882 [omNode-1@group-523986131536-LeaderElection23] INFO  impl.LeaderElection (LogUtils.java:infoOrTrace(136)) -   Exception 1: java.util.concurrent.ExecutionException: org.apache.ratis.thirdparty.io.grpc.StatusRuntimeException: UNAVAILABLE: io exception
2025-04-23 04:28:37,882 [omNode-1@group-523986131536-LeaderElection23] INFO  impl.LeaderElection (LeaderElection.java:askForVotes(334)) - omNode-1@group-523986131536-LeaderElection23 PRE_VOTE round 0: result PASSED
2025-04-23 04:28:37,884 [omNode-1@group-523986131536-LeaderElection23] INFO  impl.LeaderElection (LeaderElection.java:askForVotes(332)) - omNode-1@group-523986131536-LeaderElection23 ELECTION round 0: submit vote requests at term 12 for conf: {index: 107, cur=peers:[omNode-3|localhost:15017, omNode-1|localhost:15009, omNode-2|localhost:15013]|listeners:[], old=null}
2025-04-23 04:28:37,884 [omNode-1@group-523986131536-LeaderElection23] INFO  impl.LeaderElection (LogUtils.java:infoOrTrace(136)) - omNode-1@group-523986131536-LeaderElection23 got exception when requesting votes: java.util.concurrent.ExecutionException: org.apache.ratis.thirdparty.io.grpc.StatusRuntimeException: UNAVAILABLE: io exception
2025-04-23 04:28:37,885 [grpc-default-executor-6] INFO  server.RaftServer$Division (RaftServerImpl.java:requestVote(1407)) - omNode-2@group-523986131536: receive requestVote(ELECTION, omNode-1, group-523986131536, 12, (t:11, i:308))
2025-04-23 04:28:37,885 [grpc-default-executor-6] INFO  impl.VoteContext (VoteContext.java:log(49)) - omNode-2@group-523986131536-FOLLOWER: accept ELECTION from omNode-1: our priority 0 <= candidate's priority 0
2025-04-23 04:28:37,885 [grpc-default-executor-6] INFO  server.RaftServer$Division (RaftServerImpl.java:setRole(378)) - omNode-2@group-523986131536: changes role from  FOLLOWER to FOLLOWER at term 11 for candidate:omNode-1
2025-04-23 04:28:37,885 [grpc-default-executor-6] INFO  impl.RoleInfo (RoleInfo.java:shutdownFollowerState(121)) - omNode-2: shutdown omNode-2@group-523986131536-FollowerState
2025-04-23 04:28:37,885 [grpc-default-executor-6] INFO  server.RaftServer$Division (ServerState.java:setLeader(272)) - omNode-2@group-523986131536: change Leader from omNode-3 to null at term 12 for updateCurrentTerm
2025-04-23 04:28:37,885 [grpc-default-executor-6] INFO  impl.RoleInfo (RoleInfo.java:updateAndGet(148)) - omNode-2: start omNode-2@group-523986131536-FollowerState
2025-04-23 04:28:37,885 [omNode-2@group-523986131536-FollowerState] INFO  impl.FollowerState (FollowerState.java:runImpl(170)) - omNode-2@group-523986131536-FollowerState was interrupted
2025-04-23 04:28:37,886 [grpc-default-executor-6] INFO  server.RaftServer$Division (RaftServerImpl.java:requestVote(1441)) - omNode-2@group-523986131536 replies to ELECTION vote request: omNode-1<-omNode-2#0:OK-t12. Peer's state: omNode-2@group-523986131536:t12, leader=null, voted=omNode-1, raftlog=Memoized:omNode-2@group-523986131536-SegmentedRaftLog:OPENED:c307:last(t:11, i:308), conf=conf: {index: 107, cur=peers:[omNode-3|localhost:15017, omNode-1|localhost:15009, omNode-2|localhost:15013]|listeners:[], old=null}
2025-04-23 04:28:37,886 [omNode-1@group-523986131536-LeaderElection23] INFO  impl.LeaderElection (LeaderElection.java:logAndReturn(90)) - omNode-1@group-523986131536-LeaderElection23: ELECTION PASSED received 1 response(s) and 1 exception(s):
2025-04-23 04:28:37,886 [omNode-1@group-523986131536-LeaderElection23] INFO  impl.LeaderElection (LeaderElection.java:logAndReturn(94)) -   Response 0: omNode-1<-omNode-2#0:OK-t12
2025-04-23 04:28:37,886 [omNode-1@group-523986131536-LeaderElection23] INFO  impl.LeaderElection (LogUtils.java:infoOrTrace(136)) -   Exception 1: java.util.concurrent.ExecutionException: org.apache.ratis.thirdparty.io.grpc.StatusRuntimeException: UNAVAILABLE: io exception
2025-04-23 04:28:37,886 [omNode-1@group-523986131536-LeaderElection23] INFO  impl.LeaderElection (LeaderElection.java:askForVotes(334)) - omNode-1@group-523986131536-LeaderElection23 ELECTION round 0: result PASSED
2025-04-23 04:28:37,886 [omNode-1@group-523986131536-LeaderElection23] INFO  impl.RoleInfo (RoleInfo.java:shutdownLeaderElection(141)) - omNode-1: shutdown omNode-1@group-523986131536-LeaderElection23
2025-04-23 04:28:37,886 [omNode-1@group-523986131536-LeaderElection23] INFO  server.RaftServer$Division (RaftServerImpl.java:setRole(378)) - omNode-1@group-523986131536: changes role from CANDIDATE to LEADER at term 12 for changeToLeader
2025-04-23 04:28:37,887 [omNode-1@group-523986131536-LeaderElection23] INFO  server.RaftServerConfigKeys (ConfUtils.java:logGet(46)) - raft.server.staging.catchup.gap = 1000 (default)
2025-04-23 04:28:37,887 [omNode-1@group-523986131536-LeaderElection23] INFO  server.RaftServerConfigKeys (ConfUtils.java:logGet(46)) - raft.server.write.element-limit = 4096 (default)
2025-04-23 04:28:37,887 [omNode-1@group-523986131536-LeaderElection23] INFO  server.RaftServerConfigKeys (ConfUtils.java:logGet(46)) - raft.server.write.byte-limit = 64MB (=67108864) (default)
2025-04-23 04:28:37,887 [omNode-1@group-523986131536-LeaderElection23] INFO  server.RaftServerConfigKeys (ConfUtils.java:logGet(46)) - raft.server.watch.timeout = 10s (default)
2025-04-23 04:28:37,887 [omNode-1@group-523986131536-LeaderElection23] INFO  server.RaftServerConfigKeys (ConfUtils.java:logGet(46)) - raft.server.watch.timeout.denomination = 1s (default)
2025-04-23 04:28:37,887 [omNode-1@group-523986131536-LeaderElection23] INFO  server.RaftServerConfigKeys (ConfUtils.java:logGet(46)) - raft.server.watch.element-limit = 65536 (default)
2025-04-23 04:28:37,887 [omNode-1@group-523986131536-LeaderElection23] INFO  server.RaftServerConfigKeys (ConfUtils.java:logGet(46)) - raft.server.read.leader.lease.enabled = false (default)
2025-04-23 04:28:37,888 [omNode-1@group-523986131536-LeaderElection23] INFO  server.RaftServerConfigKeys (ConfUtils.java:logGet(46)) - raft.server.read.leader.lease.timeout.ratio = 0.9 (default)
2025-04-23 04:28:37,888 [omNode-1@group-523986131536-LeaderElection23] INFO  server.RaftServerConfigKeys (ConfUtils.java:logGet(46)) - raft.server.rpc.timeout.min = 1s (custom)
2025-04-23 04:28:37,888 [omNode-1@group-523986131536-LeaderElection23] INFO  server.RaftServerConfigKeys (ConfUtils.java:logGet(46)) - raft.server.log.log-metadata.enabled = true (default)
2025-04-23 04:28:37,888 [omNode-1@group-523986131536-LeaderElection23] INFO  server.RaftServerConfigKeys (ConfUtils.java:logGet(46)) - raft.server.write.element-limit = 4096 (default)
2025-04-23 04:28:37,888 [omNode-1@group-523986131536-LeaderElection23] INFO  server.RaftServerConfigKeys (ConfUtils.java:logGet(46)) - raft.server.write.follower.gap.ratio.max = -1.0 (default)
2025-04-23 04:28:37,888 [omNode-1@group-523986131536-LeaderElection23] INFO  server.RaftServerConfigKeys (ConfUtils.java:logGet(46)) - raft.server.log.appender.snapshot.chunk.size.max = 16MB (=16777216) (default)
2025-04-23 04:28:37,888 [omNode-1@group-523986131536-LeaderElection23] INFO  server.RaftServerConfigKeys (ConfUtils.java:logGet(46)) - raft.server.log.appender.buffer.byte-limit = 4194304 (custom)
2025-04-23 04:28:37,888 [omNode-1@group-523986131536-LeaderElection23] INFO  server.RaftServerConfigKeys (ConfUtils.java:logGet(46)) - raft.server.log.appender.buffer.element-limit = 1024 (custom)
2025-04-23 04:28:37,888 [omNode-1@group-523986131536-LeaderElection23] INFO  server.RaftServerConfigKeys (ConfUtils.java:logGet(46)) - raft.server.log.appender.wait-time.min = 0ms (custom)
2025-04-23 04:28:37,888 [omNode-1@group-523986131536-LeaderElection23] INFO  grpc.GrpcConfigKeys (ConfUtils.java:logGet(46)) - raft.grpc.server.leader.outstanding.appends.max = 8 (default)
2025-04-23 04:28:37,888 [omNode-1@group-523986131536-LeaderElection23] INFO  server.RaftServerConfigKeys (ConfUtils.java:logGet(46)) - raft.server.rpc.request.timeout = 3000ms (default)
2025-04-23 04:28:37,888 [omNode-1@group-523986131536-LeaderElection23] INFO  grpc.GrpcConfigKeys (ConfUtils.java:logGet(46)) - raft.grpc.server.install_snapshot.request.element-limit = 8 (default)
2025-04-23 04:28:37,888 [omNode-1@group-523986131536-LeaderElection23] INFO  grpc.GrpcConfigKeys (ConfUtils.java:logGet(46)) - raft.grpc.server.install_snapshot.request.timeout = 3000ms (default)
2025-04-23 04:28:37,888 [omNode-1@group-523986131536-LeaderElection23] INFO  grpc.GrpcConfigKeys (ConfUtils.java:logGet(46)) - raft.grpc.server.log-message.batch.duration = 5s (default)
2025-04-23 04:28:37,888 [omNode-1@group-523986131536-LeaderElection23] INFO  server.RaftServerConfigKeys (ConfUtils.java:logGet(46)) - raft.server.log.appender.install.snapshot.enabled = false (custom)
2025-04-23 04:28:37,888 [omNode-1@group-523986131536-LeaderElection23] INFO  grpc.GrpcConfigKeys (ConfUtils.java:logGet(46)) - raft.grpc.server.heartbeat.channel = true (default)
2025-04-23 04:28:37,889 [omNode-1@group-523986131536-LeaderElection23] INFO  server.RaftServerConfigKeys (ConfUtils.java:logGet(46)) - raft.server.log.appender.snapshot.chunk.size.max = 16MB (=16777216) (default)
2025-04-23 04:28:37,889 [omNode-1@group-523986131536-LeaderElection23] INFO  server.RaftServerConfigKeys (ConfUtils.java:logGet(46)) - raft.server.log.appender.buffer.byte-limit = 4194304 (custom)
2025-04-23 04:28:37,889 [omNode-1@group-523986131536-LeaderElection23] INFO  server.RaftServerConfigKeys (ConfUtils.java:logGet(46)) - raft.server.log.appender.buffer.element-limit = 1024 (custom)
2025-04-23 04:28:37,889 [omNode-1@group-523986131536-LeaderElection23] INFO  server.RaftServerConfigKeys (ConfUtils.java:logGet(46)) - raft.server.log.appender.wait-time.min = 0ms (custom)
2025-04-23 04:28:37,889 [omNode-1@group-523986131536-LeaderElection23] INFO  grpc.GrpcConfigKeys (ConfUtils.java:logGet(46)) - raft.grpc.server.leader.outstanding.appends.max = 8 (default)
2025-04-23 04:28:37,889 [omNode-1@group-523986131536-LeaderElection23] INFO  server.RaftServerConfigKeys (ConfUtils.java:logGet(46)) - raft.server.rpc.request.timeout = 3000ms (default)
2025-04-23 04:28:37,889 [omNode-1@group-523986131536-LeaderElection23] INFO  grpc.GrpcConfigKeys (ConfUtils.java:logGet(46)) - raft.grpc.server.install_snapshot.request.element-limit = 8 (default)
2025-04-23 04:28:37,889 [omNode-1@group-523986131536-LeaderElection23] INFO  grpc.GrpcConfigKeys (ConfUtils.java:logGet(46)) - raft.grpc.server.install_snapshot.request.timeout = 3000ms (default)
2025-04-23 04:28:37,889 [omNode-1@group-523986131536-LeaderElection23] INFO  grpc.GrpcConfigKeys (ConfUtils.java:logGet(46)) - raft.grpc.server.log-message.batch.duration = 5s (default)
2025-04-23 04:28:37,889 [omNode-1@group-523986131536-LeaderElection23] INFO  server.RaftServerConfigKeys (ConfUtils.java:logGet(46)) - raft.server.log.appender.install.snapshot.enabled = false (custom)
2025-04-23 04:28:37,890 [omNode-1@group-523986131536-LeaderElection23] INFO  grpc.GrpcConfigKeys (ConfUtils.java:logGet(46)) - raft.grpc.server.heartbeat.channel = true (default)
2025-04-23 04:28:37,890 [omNode-1@group-523986131536-LeaderElection23] INFO  impl.RoleInfo (RoleInfo.java:updateAndGet(148)) - omNode-1: start omNode-1@group-523986131536-LeaderStateImpl
2025-04-23 04:28:37,890 [omNode-1@group-523986131536-LeaderElection23] INFO  ratis.OzoneManagerStateMachine (OzoneManagerStateMachine.java:notifyLeaderChanged(169)) - omNode-1@group-523986131536: leader changed to omNode-1
2025-04-23 04:28:37,890 [omNode-1@group-523986131536-LeaderElection23] INFO  server.RaftServer$Division (ServerState.java:setLeader(272)) - omNode-1@group-523986131536: change Leader from null to omNode-1 at term 12 for becomeLeader, leader elected after 14ms
2025-04-23 04:28:37,890 [omNode-1@group-523986131536-LeaderElection23] INFO  segmented.SegmentedRaftLogWorker (SegmentedRaftLogWorker.java:rollLogSegment(443)) - omNode-1@group-523986131536-SegmentedRaftLogWorker: Rolling segment log-107_308 to index:308
2025-04-23 04:28:37,890 [omNode-1@group-523986131536-LeaderElection23] INFO  server.RaftServer$Division (ServerState.java:setRaftConf(386)) - omNode-1@group-523986131536: set configuration conf: {index: 309, cur=peers:[omNode-3|localhost:15017, omNode-1|localhost:15009, omNode-2|localhost:15013]|listeners:[], old=null}
2025-04-23 04:28:37,891 [grpc-default-executor-6] WARN  server.GrpcLogAppender (LogUtils.java:warn(121)) - omNode-1@group-523986131536->omNode-3-AppendLogResponseHandler: Failed appendEntries: org.apache.ratis.thirdparty.io.grpc.StatusRuntimeException: UNAVAILABLE: io exception
2025-04-23 04:28:37,892 [grpc-default-executor-6] WARN  server.GrpcLogAppender (GrpcLogAppender.java:lambda$resetClient$1(221)) - omNode-1@group-523986131536->omNode-3-GrpcLogAppender: Follower failed (request=null, errorCount=1); keep nextIndex (309) unchanged and retry.
2025-04-23 04:28:37,892 [omNode-1@group-523986131536-SegmentedRaftLogWorker] INFO  segmented.SegmentedRaftLogWorker (SegmentedRaftLogWorker.java:execute(601)) - omNode-1@group-523986131536-SegmentedRaftLogWorker: Rolled log segment from /home/runner/work/ozone/ozone/hadoop-ozone/integration-test/target/test-dir/MiniOzoneClusterImpl-ff59c164-3798-4a7f-a16d-eeed9ffb3244/omNode-1/ratis/c9bc4cf4-3bc3-3c60-a66b-523986131536/current/log_inprogress_107 to /home/runner/work/ozone/ozone/hadoop-ozone/integration-test/target/test-dir/MiniOzoneClusterImpl-ff59c164-3798-4a7f-a16d-eeed9ffb3244/omNode-1/ratis/c9bc4cf4-3bc3-3c60-a66b-523986131536/current/log_107-308
2025-04-23 04:28:37,893 [omNode-1@group-523986131536-SegmentedRaftLogWorker] INFO  segmented.BufferedWriteChannel (BufferedWriteChannel.java:open(61)) - open log_inprogress_309 at position 0
2025-04-23 04:28:37,893 [grpc-default-executor-5] WARN  server.GrpcLogAppender (GrpcLogAppender.java:lambda$resetClient$1(221)) - omNode-1@group-523986131536->omNode-3-GrpcLogAppender: Follower failed (request=null, errorCount=2); keep nextIndex (310) unchanged and retry.
2025-04-23 04:28:37,898 [omNode-2-server-thread3] INFO  ratis.OzoneManagerStateMachine (OzoneManagerStateMachine.java:notifyLeaderChanged(169)) - omNode-2@group-523986131536: leader changed to omNode-1
2025-04-23 04:28:37,898 [omNode-2-server-thread3] INFO  server.RaftServer$Division (ServerState.java:setLeader(272)) - omNode-2@group-523986131536: change Leader from null to omNode-1 at term 12 for appendEntries, leader elected after 12ms
2025-04-23 04:28:37,899 [omNode-2-server-thread3] INFO  server.RaftServer$Division (ServerState.java:setRaftConf(386)) - omNode-2@group-523986131536: set configuration conf: {index: 309, cur=peers:[omNode-3|localhost:15017, omNode-1|localhost:15009, omNode-2|localhost:15013]|listeners:[], old=null}
2025-04-23 04:28:37,899 [omNode-2-server-thread3] INFO  segmented.SegmentedRaftLogWorker (SegmentedRaftLogWorker.java:rollLogSegment(443)) - omNode-2@group-523986131536-SegmentedRaftLogWorker: Rolling segment log-107_308 to index:308
2025-04-23 04:28:37,900 [omNode-2@group-523986131536-SegmentedRaftLogWorker] INFO  segmented.SegmentedRaftLogWorker (SegmentedRaftLogWorker.java:execute(601)) - omNode-2@group-523986131536-SegmentedRaftLogWorker: Rolled log segment from /home/runner/work/ozone/ozone/hadoop-ozone/integration-test/target/test-dir/MiniOzoneClusterImpl-ff59c164-3798-4a7f-a16d-eeed9ffb3244/omNode-2/ratis/c9bc4cf4-3bc3-3c60-a66b-523986131536/current/log_inprogress_107 to /home/runner/work/ozone/ozone/hadoop-ozone/integration-test/target/test-dir/MiniOzoneClusterImpl-ff59c164-3798-4a7f-a16d-eeed9ffb3244/omNode-2/ratis/c9bc4cf4-3bc3-3c60-a66b-523986131536/current/log_107-308
2025-04-23 04:28:37,900 [omNode-2@group-523986131536-SegmentedRaftLogWorker] INFO  segmented.BufferedWriteChannel (BufferedWriteChannel.java:open(61)) - open log_inprogress_309 at position 0
2025-04-23 04:28:37,903 [omNode-1@group-523986131536-SegmentedRaftLogWorker] INFO  segmented.SegmentedRaftLogWorker (SegmentedRaftLogWorker.java:execute(644)) - omNode-1@group-523986131536-SegmentedRaftLogWorker: created new log segment /home/runner/work/ozone/ozone/hadoop-ozone/integration-test/target/test-dir/MiniOzoneClusterImpl-ff59c164-3798-4a7f-a16d-eeed9ffb3244/omNode-1/ratis/c9bc4cf4-3bc3-3c60-a66b-523986131536/current/log_inprogress_309
2025-04-23 04:28:37,908 [omNode-2@group-523986131536-SegmentedRaftLogWorker] INFO  segmented.SegmentedRaftLogWorker (SegmentedRaftLogWorker.java:execute(644)) - omNode-2@group-523986131536-SegmentedRaftLogWorker: created new log segment /home/runner/work/ozone/ozone/hadoop-ozone/integration-test/target/test-dir/MiniOzoneClusterImpl-ff59c164-3798-4a7f-a16d-eeed9ffb3244/omNode-2/ratis/c9bc4cf4-3bc3-3c60-a66b-523986131536/current/log_inprogress_309
2025-04-23 04:28:37,910 [grpc-default-executor-0] WARN  server.GrpcLogAppender (GrpcLogAppender.java:lambda$resetClient$1(221)) - omNode-1@group-523986131536->omNode-3-GrpcLogAppender: Follower failed (request=null, errorCount=5); keep nextIndex (311) unchanged and retry.
2025-04-23 04:28:37,911 [omNode-1@group-523986131536-StateMachineUpdater] INFO  ratis.OzoneManagerStateMachine (OzoneManagerStateMachine.java:notifyConfigurationChanged(231)) - notifyConfigurationChanged from Ratis: term=12, index=309, New Peer list: omNode-3(localhost:15017), omNode-1(localhost:15009), omNode-2(localhost:15013)
2025-04-23 04:28:37,911 [omNode-2@group-523986131536-StateMachineUpdater] INFO  ratis.OzoneManagerStateMachine (OzoneManagerStateMachine.java:notifyConfigurationChanged(231)) - notifyConfigurationChanged from Ratis: term=12, index=309, New Peer list: omNode-3(localhost:15017), omNode-1(localhost:15009), omNode-2(localhost:15013)
2025-04-23 04:28:37,912 [omNode-1@group-523986131536-StateMachineUpdater] INFO  server.RaftServer$Division (LeaderStateImpl.java:checkStartIndex(313)) - Leader omNode-1@group-523986131536-LeaderStateImpl is ready since appliedIndex == startIndex == 309
2025-04-23 04:28:41,374 [main] INFO  retry.RetryInvocationHandler (RetryInvocationHandler.java:log(426)) - com.google.protobuf.ServiceException: java.io.EOFException: End of File Exception between local host is: "fv-az1441-587/10.1.0.164"; destination host is: "localhost":15014; : java.io.EOFException; For more details see:  http://wiki.apache.org/hadoop/EOFException, while invoking $Proxy68.submitRequest over nodeId=omNode-3,nodeAddress=127.0.0.1:15014. Trying to failover after sleeping for 2000ms. Current retry count: 0.
2025-04-23 04:28:42,892 [timer2] WARN  server.GrpcLogAppender (LogUtils.java:warn(121)) - omNode-1@group-523986131536->omNode-3-AppendLogResponseHandler: Failed appendEntries (Repeated 18 times in the last 5.001s): org.apache.ratis.thirdparty.io.grpc.StatusRuntimeException: UNAVAILABLE: io exception
2025-04-23 04:28:42,893 [timer5] WARN  server.GrpcLogAppender (GrpcLogAppender.java:lambda$resetClient$1(221)) - omNode-1@group-523986131536->omNode-3-GrpcLogAppender: Follower failed (request=null, errorCount=4); keep nextIndex (310) unchanged and retry. (Repeated 3 times in the last 5.000s)
2025-04-23 04:28:42,910 [timer1] WARN  server.GrpcLogAppender (GrpcLogAppender.java:lambda$resetClient$1(221)) - omNode-1@group-523986131536->omNode-3-GrpcLogAppender: Follower failed (request=null, errorCount=18); keep nextIndex (311) unchanged and retry. (Repeated 14 times in the last 5.000s)
2025-04-23 04:28:43,384 [main] INFO  om.OzoneManager (OzoneManager.java:stop(2347)) - omNode-3[localhost:15014]: Stopping Ozone Manager
2025-04-23 04:28:43,384 [main] INFO  om.OzoneManager (OzoneManager.java:stop(2347)) - omNode-1[localhost:15006]: Stopping Ozone Manager
2025-04-23 04:28:43,385 [main] INFO  ipc.Server (Server.java:stop(3697)) - Stopping server on 15006
2025-04-23 04:28:43,387 [IPC Server listener on 15006] INFO  ipc.Server (Server.java:run(1585)) - Stopping IPC Server listener on 15006
2025-04-23 04:28:43,387 [IPC Server Responder] INFO  ipc.Server (Server.java:run(1718)) - Stopping IPC Server Responder
2025-04-23 04:28:43,388 [main] INFO  ratis.OzoneManagerRatisServer (OzoneManagerRatisServer.java:stop(634)) - Stopping org.apache.hadoop.ozone.om.ratis.OzoneManagerRatisServer@4a76ed21 at port 15009
2025-04-23 04:28:43,388 [main] INFO  server.RaftServer (RaftServerProxy.java:lambda$close$9(417)) - omNode-1: close
2025-04-23 04:28:43,388 [main] INFO  server.GrpcService (GrpcService.java:closeImpl(343)) - omNode-1: shutdown server GrpcServerProtocolService now
2025-04-23 04:28:43,388 [omNode-1-impl-thread1] INFO  server.RaftServer$Division (RaftServerImpl.java:lambda$close$1(513)) - omNode-1@group-523986131536: shutdown
2025-04-23 04:28:43,388 [omNode-1-impl-thread1] INFO  util.JmxRegister (JmxRegister.java:unregister(74)) - Successfully un-registered JMX Bean with object name Ratis:service=RaftServer,group=group-523986131536,id=omNode-1
2025-04-23 04:28:43,388 [omNode-1-impl-thread1] INFO  impl.RoleInfo (RoleInfo.java:shutdownLeaderState(103)) - omNode-1: shutdown omNode-1@group-523986131536-LeaderStateImpl
2025-04-23 04:28:43,388 [omNode-1-impl-thread1] INFO  impl.PendingRequests (PendingRequests.java:sendNotLeaderResponses(287)) - omNode-1@group-523986131536-PendingRequests: sendNotLeaderResponses
2025-04-23 04:28:43,389 [omNode-1@group-523986131536->omNode-2-GrpcLogAppender-LogAppenderDaemon] WARN  server.GrpcLogAppender (GrpcLogAppender.java:mayWait(293)) - omNode-1@group-523986131536->omNode-2-GrpcLogAppender: Wait interrupted by java.lang.InterruptedException
2025-04-23 04:28:43,389 [Thread-4681] INFO  server.GrpcServerProtocolClient (GrpcServerProtocolClient.java:close(105)) - omNode-3 Close channels
2025-04-23 04:28:43,390 [omNode-1@group-523986131536->omNode-3-GrpcLogAppender-LogAppenderDaemon] WARN  server.GrpcLogAppender (GrpcLogAppender.java:mayWait(293)) - omNode-1@group-523986131536->omNode-3-GrpcLogAppender: Wait interrupted by java.lang.InterruptedException
2025-04-23 04:28:43,390 [grpc-default-executor-0] INFO  server.GrpcServerProtocolService (GrpcServerProtocolService.java:onCompleted(157)) - omNode-2: Completed APPEND_ENTRIES, lastRequest: null
2025-04-23 04:28:43,390 [omNode-1-impl-thread1] INFO  impl.StateMachineUpdater (StateMachineUpdater.java:stopAndJoin(164)) - omNode-1@group-523986131536-StateMachineUpdater: set stopIndex = 310
2025-04-23 04:28:43,390 [Thread-4683] INFO  server.GrpcServerProtocolClient (GrpcServerProtocolClient.java:close(105)) - omNode-2 Close channels
2025-04-23 04:28:43,390 [grpc-default-executor-5] INFO  server.GrpcServerProtocolService (GrpcServerProtocolService.java:onCompleted(157)) - omNode-2: Completed APPEND_ENTRIES, lastRequest: omNode-1->omNode-2#2-t12,previous=(t:12, i:309),leaderCommit=309,initializing? false,entries: size=1, first=(t:12, i:310), METADATAENTRY(c:309)
2025-04-23 04:28:43,390 [grpc-default-executor-5] INFO  server.GrpcServerProtocolService (GrpcServerProtocolService.java:lambda$onCompleted$5(159)) - omNode-2: Completed APPEND_ENTRIES, lastReply: null
2025-04-23 04:28:43,391 [grpc-default-executor-0] INFO  server.GrpcServerProtocolService (GrpcServerProtocolService.java:lambda$onCompleted$5(159)) - omNode-2: Completed APPEND_ENTRIES, lastReply: serverReply {
  requestorId: "omNode-1"
  replyId: "omNode-2"
  raftGroupId {
    id: "\311\274L\364;\303<`\246kR9\206\023\0256"
  }
  callId: 13
  success: true
}
term: 12
nextIndex: 311
followerCommit: 310
matchIndex: 18446744073709551615
isHearbeat: true

2025-04-23 04:28:43,391 [grpc-default-executor-5] INFO  server.GrpcLogAppender (GrpcLogAppender.java:onCompleted(550)) - omNode-1@group-523986131536->omNode-2-AppendLogResponseHandler: follower responses appendEntries COMPLETED
2025-04-23 04:28:43,391 [grpc-default-executor-5] WARN  server.GrpcLogAppender (GrpcLogAppender.java:resetClient(230)) - omNode-1@group-523986131536->omNode-2-GrpcLogAppender: Failed to getClient for omNode-2
org.apache.ratis.protocol.exceptions.AlreadyClosedException: omNode-1 is already CLOSED
	at org.apache.ratis.util.PeerProxyMap$PeerAndProxy.getProxy(PeerProxyMap.java:67)
	at org.apache.ratis.util.PeerProxyMap.getProxy(PeerProxyMap.java:124)
	at org.apache.ratis.grpc.server.GrpcLogAppender.getClient(GrpcLogAppender.java:200)
	at org.apache.ratis.grpc.server.GrpcLogAppender.resetClient(GrpcLogAppender.java:205)
	at org.apache.ratis.grpc.server.GrpcLogAppender.access$800(GrpcLogAppender.java:64)
	at org.apache.ratis.grpc.server.GrpcLogAppender$AppendLogResponseHandler.onCompleted(GrpcLogAppender.java:551)
	at org.apache.ratis.thirdparty.io.grpc.stub.ClientCalls$StreamObserverToCallListenerAdapter.onClose(ClientCalls.java:479)
	at org.apache.ratis.thirdparty.io.grpc.internal.ClientCallImpl.closeObserver(ClientCallImpl.java:567)
	at org.apache.ratis.thirdparty.io.grpc.internal.ClientCallImpl.access$300(ClientCallImpl.java:71)
	at org.apache.ratis.thirdparty.io.grpc.internal.ClientCallImpl$ClientStreamListenerImpl$1StreamClosed.runInternal(ClientCallImpl.java:735)
	at org.apache.ratis.thirdparty.io.grpc.internal.ClientCallImpl$ClientStreamListenerImpl$1StreamClosed.runInContext(ClientCallImpl.java:716)
	at org.apache.ratis.thirdparty.io.grpc.internal.ContextRunnable.run(ContextRunnable.java:37)
	at org.apache.ratis.thirdparty.io.grpc.internal.SerializingExecutor.run(SerializingExecutor.java:133)
	at java.base/java.util.concurrent.ThreadPoolExecutor.runWorker(ThreadPoolExecutor.java:1144)
	at java.base/java.util.concurrent.ThreadPoolExecutor$Worker.run(ThreadPoolExecutor.java:642)
	at java.base/java.lang.Thread.run(Thread.java:1583)
2025-04-23 04:28:43,392 [grpc-default-executor-0] INFO  server.GrpcLogAppender (GrpcLogAppender.java:onCompleted(550)) - omNode-1@group-523986131536->omNode-2-AppendLogResponseHandler: follower responses appendEntries COMPLETED
2025-04-23 04:28:43,393 [grpc-default-executor-0] WARN  server.GrpcLogAppender (GrpcLogAppender.java:resetClient(230)) - omNode-1@group-523986131536->omNode-2-GrpcLogAppender: Failed to getClient for omNode-2
org.apache.ratis.protocol.exceptions.AlreadyClosedException: omNode-1 is already CLOSED
	at org.apache.ratis.util.PeerProxyMap$PeerAndProxy.getProxy(PeerProxyMap.java:67)
	at org.apache.ratis.util.PeerProxyMap.getProxy(PeerProxyMap.java:124)
	at org.apache.ratis.grpc.server.GrpcLogAppender.getClient(GrpcLogAppender.java:200)
	at org.apache.ratis.grpc.server.GrpcLogAppender.resetClient(GrpcLogAppender.java:205)
	at org.apache.ratis.grpc.server.GrpcLogAppender.access$800(GrpcLogAppender.java:64)
	at org.apache.ratis.grpc.server.GrpcLogAppender$AppendLogResponseHandler.onCompleted(GrpcLogAppender.java:551)
	at org.apache.ratis.thirdparty.io.grpc.stub.ClientCalls$StreamObserverToCallListenerAdapter.onClose(ClientCalls.java:479)
	at org.apache.ratis.thirdparty.io.grpc.internal.DelayedClientCall$DelayedListener$3.run(DelayedClientCall.java:489)
	at org.apache.ratis.thirdparty.io.grpc.internal.DelayedClientCall$DelayedListener.delayOrExecute(DelayedClientCall.java:453)
	at org.apache.ratis.thirdparty.io.grpc.internal.DelayedClientCall$DelayedListener.onClose(DelayedClientCall.java:486)
	at org.apache.ratis.thirdparty.io.grpc.internal.ClientCallImpl.closeObserver(ClientCallImpl.java:567)
	at org.apache.ratis.thirdparty.io.grpc.internal.ClientCallImpl.access$300(ClientCallImpl.java:71)
	at org.apache.ratis.thirdparty.io.grpc.internal.ClientCallImpl$ClientStreamListenerImpl$1StreamClosed.runInternal(ClientCallImpl.java:735)
	at org.apache.ratis.thirdparty.io.grpc.internal.ClientCallImpl$ClientStreamListenerImpl$1StreamClosed.runInContext(ClientCallImpl.java:716)
	at org.apache.ratis.thirdparty.io.grpc.internal.ContextRunnable.run(ContextRunnable.java:37)
	at org.apache.ratis.thirdparty.io.grpc.internal.SerializingExecutor.run(SerializingExecutor.java:133)
	at java.base/java.util.concurrent.ThreadPoolExecutor.runWorker(ThreadPoolExecutor.java:1144)
	at java.base/java.util.concurrent.ThreadPoolExecutor$Worker.run(ThreadPoolExecutor.java:642)
	at java.base/java.lang.Thread.run(Thread.java:1583)
2025-04-23 04:28:43,393 [main] INFO  server.GrpcService (GrpcService.java:closeImpl(352)) - omNode-1: shutdown server GrpcServerProtocolService successfully
2025-04-23 04:28:43,402 [omNode-1@group-523986131536-StateMachineUpdater] INFO  ratis.OzoneManagerStateMachine (OzoneManagerStateMachine.java:takeSnapshotImpl(510)) - omNode-1: taking snapshot. applied = (t:12, i:310), skipped = 307, notified = (t:12, i:310), current snapshot index = (t:12, i:310), took 11 ms
2025-04-23 04:28:43,402 [omNode-1@group-523986131536-StateMachineUpdater] INFO  impl.StateMachineUpdater (StateMachineUpdater.java:takeSnapshot(303)) - omNode-1@group-523986131536-StateMachineUpdater: Took a snapshot at index 310
2025-04-23 04:28:43,402 [omNode-1@group-523986131536-StateMachineUpdater] INFO  impl.StateMachineUpdater (StateMachineUpdater.java:lambda$new$0(102)) - omNode-1@group-523986131536-StateMachineUpdater: snapshotIndex: updateIncreasingly 302 -> 310
2025-04-23 04:28:43,402 [omNode-1@group-523986131536-StateMachineUpdater] INFO  impl.StateMachineUpdater (StateMachineUpdater.java:stop(141)) - omNode-1@group-523986131536-StateMachineUpdater: closing OzoneManagerStateMachine, lastApplied=(t:12, i:310)
2025-04-23 04:28:43,402 [omNode-1@group-523986131536-StateMachineUpdater] INFO  ratis.OzoneManagerStateMachine (OzoneManagerStateMachine.java:close(550)) - Stopping OzoneManagerStateMachine:omNode-1:group-523986131536.
2025-04-23 04:28:43,402 [omNode-1@group-523986131536-StateMachineUpdater] INFO  ratis.OzoneManagerDoubleBuffer (OzoneManagerDoubleBuffer.java:stopDaemon(500)) - Stopping OMDoubleBuffer flush thread
2025-04-23 04:28:43,402 [omNode-1-OMDoubleBufferFlushThread] INFO  ratis.OzoneManagerDoubleBuffer (OzoneManagerDoubleBuffer.java:canFlush(559)) - OMDoubleBuffer flush thread omNode-1-OMDoubleBufferFlushThread is interrupted and will exit.
2025-04-23 04:28:43,403 [omNode-1@group-523986131536-cacheEviction-AwaitToRun] INFO  util.AwaitToRun (AwaitToRun.java:run(49)) - omNode-1@group-523986131536-cacheEviction-AwaitToRun-AwaitForSignal is interrupted
2025-04-23 04:28:43,910 [omNode-1-impl-thread1] INFO  segmented.SegmentedRaftLogWorker (SegmentedRaftLogWorker.java:close(252)) - omNode-1@group-523986131536-SegmentedRaftLogWorker close()
2025-04-23 04:28:43,911 [JvmPauseMonitor27] INFO  util.JvmPauseMonitor (JvmPauseMonitor.java:run(152)) - JvmPauseMonitor-omNode-1: Stopped
2025-04-23 04:28:43,911 [main] INFO  utils.BackgroundService (BackgroundService.java:shutdown(161)) - Shutting down service KeyDeletingService
2025-04-23 04:28:43,911 [main] INFO  utils.BackgroundService (BackgroundService.java:shutdown(161)) - Shutting down service DirectoryDeletingService
2025-04-23 04:28:43,912 [main] INFO  utils.BackgroundService (BackgroundService.java:shutdown(161)) - Shutting down service OpenKeyCleanupService
2025-04-23 04:28:43,913 [main] INFO  utils.BackgroundService (BackgroundService.java:shutdown(161)) - Shutting down service SstFilteringService
2025-04-23 04:28:43,913 [main] INFO  utils.BackgroundService (BackgroundService.java:shutdown(161)) - Shutting down service SnapshotDeletingService
2025-04-23 04:28:43,913 [main] INFO  utils.BackgroundService (BackgroundService.java:shutdown(161)) - Shutting down service MultipartUploadCleanupService
2025-04-23 04:28:43,914 [main] INFO  handler.ContextHandler (ContextHandler.java:doStop(1159)) - Stopped o.e.j.w.WebAppContext@25d6b993{ozoneManager,/,null,STOPPED}{file:/home/runner/work/ozone/ozone/hadoop-ozone/integration-test/target/test-classes/webapps/ozoneManager}
2025-04-23 04:28:43,914 [main] INFO  server.AbstractConnector (AbstractConnector.java:doStop(383)) - Stopped ServerConnector@2587ce8e{HTTP/1.1, (http/1.1)}{0.0.0.0:15007}
2025-04-23 04:28:43,914 [main] INFO  server.session (HouseKeeper.java:stopScavenging(149)) - node0 Stopped scavenging
2025-04-23 04:28:43,915 [main] INFO  handler.ContextHandler (ContextHandler.java:doStop(1159)) - Stopped o.e.j.s.ServletContextHandler@6ebb22d5{static,/static,file:///home/runner/work/ozone/ozone/hadoop-ozone/integration-test/target/test-classes/webapps/static,STOPPED}
2025-04-23 04:28:43,915 [main] INFO  handler.ContextHandler (ContextHandler.java:doStop(1159)) - Stopped o.e.j.s.ServletContextHandler@6f7fd241{logs,/logs,file:///home/runner/work/ozone/ozone/hadoop-ozone/integration-test/target/log,STOPPED}
2025-04-23 04:28:43,915 [main] INFO  rocksdiff.RocksDBCheckpointDiffer (RocksDBCheckpointDiffer.java:close(304)) - Shutting down CompactionDagPruningService.
2025-04-23 04:28:43,917 [main] INFO  snapshot.SnapshotDiffManager (SnapshotDiffManager.java:closeExecutorService(1698)) - Shutting down executorService: 'SnapDiffExecutor'
2025-04-23 04:28:43,917 [main] INFO  utils.BackgroundService (BackgroundService.java:shutdown(161)) - Shutting down service SnapshotDiffCleanupService
2025-04-23 04:28:43,918 [main] INFO  om.OzoneManager (OzoneManager.java:stop(2347)) - omNode-2[localhost:15010]: Stopping Ozone Manager
2025-04-23 04:28:43,918 [main] INFO  ipc.Server (Server.java:stop(3697)) - Stopping server on 15010
2025-04-23 04:28:43,920 [IPC Server Responder] INFO  ipc.Server (Server.java:run(1718)) - Stopping IPC Server Responder
2025-04-23 04:28:43,920 [main] INFO  ratis.OzoneManagerRatisServer (OzoneManagerRatisServer.java:stop(634)) - Stopping org.apache.hadoop.ozone.om.ratis.OzoneManagerRatisServer@5af22faf at port 15013
2025-04-23 04:28:43,920 [main] INFO  server.RaftServer (RaftServerProxy.java:lambda$close$9(417)) - omNode-2: close
2025-04-23 04:28:43,920 [IPC Server listener on 15010] INFO  ipc.Server (Server.java:run(1585)) - Stopping IPC Server listener on 15010
2025-04-23 04:28:43,920 [main] INFO  server.GrpcService (GrpcService.java:closeImpl(343)) - omNode-2: shutdown server GrpcServerProtocolService now
2025-04-23 04:28:43,921 [omNode-2-impl-thread1] INFO  server.RaftServer$Division (RaftServerImpl.java:lambda$close$1(513)) - omNode-2@group-523986131536: shutdown
2025-04-23 04:28:43,921 [omNode-2-impl-thread1] INFO  util.JmxRegister (JmxRegister.java:unregister(74)) - Successfully un-registered JMX Bean with object name Ratis:service=RaftServer,group=group-523986131536,id=omNode-2
2025-04-23 04:28:43,921 [omNode-2-impl-thread1] INFO  impl.RoleInfo (RoleInfo.java:shutdownFollowerState(121)) - omNode-2: shutdown omNode-2@group-523986131536-FollowerState
2025-04-23 04:28:43,921 [omNode-2-impl-thread1] INFO  impl.StateMachineUpdater (StateMachineUpdater.java:stopAndJoin(164)) - omNode-2@group-523986131536-StateMachineUpdater: set stopIndex = 310
2025-04-23 04:28:43,921 [omNode-2@group-523986131536-FollowerState] INFO  impl.FollowerState (FollowerState.java:runImpl(170)) - omNode-2@group-523986131536-FollowerState was interrupted
2025-04-23 04:28:43,922 [main] INFO  server.GrpcService (GrpcService.java:closeImpl(352)) - omNode-2: shutdown server GrpcServerProtocolService successfully
2025-04-23 04:28:43,930 [omNode-2@group-523986131536-StateMachineUpdater] INFO  ratis.OzoneManagerStateMachine (OzoneManagerStateMachine.java:takeSnapshotImpl(510)) - omNode-2: taking snapshot. applied = (t:12, i:310), skipped = 307, notified = (t:12, i:310), current snapshot index = (t:12, i:310), took 9 ms
2025-04-23 04:28:43,930 [omNode-2@group-523986131536-StateMachineUpdater] INFO  impl.StateMachineUpdater (StateMachineUpdater.java:takeSnapshot(303)) - omNode-2@group-523986131536-StateMachineUpdater: Took a snapshot at index 310
2025-04-23 04:28:43,930 [omNode-2@group-523986131536-StateMachineUpdater] INFO  impl.StateMachineUpdater (StateMachineUpdater.java:lambda$new$0(102)) - omNode-2@group-523986131536-StateMachineUpdater: snapshotIndex: updateIncreasingly 306 -> 310
2025-04-23 04:28:43,930 [omNode-2@group-523986131536-StateMachineUpdater] INFO  impl.StateMachineUpdater (StateMachineUpdater.java:stop(141)) - omNode-2@group-523986131536-StateMachineUpdater: closing OzoneManagerStateMachine, lastApplied=(t:12, i:310)
2025-04-23 04:28:43,930 [omNode-2@group-523986131536-StateMachineUpdater] INFO  ratis.OzoneManagerStateMachine (OzoneManagerStateMachine.java:close(550)) - Stopping OzoneManagerStateMachine:omNode-2:group-523986131536.
2025-04-23 04:28:43,930 [omNode-2@group-523986131536-StateMachineUpdater] INFO  ratis.OzoneManagerDoubleBuffer (OzoneManagerDoubleBuffer.java:stopDaemon(500)) - Stopping OMDoubleBuffer flush thread
2025-04-23 04:28:43,930 [omNode-2-OMDoubleBufferFlushThread] INFO  ratis.OzoneManagerDoubleBuffer (OzoneManagerDoubleBuffer.java:canFlush(559)) - OMDoubleBuffer flush thread omNode-2-OMDoubleBufferFlushThread is interrupted and will exit.
2025-04-23 04:28:43,931 [omNode-2@group-523986131536-cacheEviction-AwaitToRun] INFO  util.AwaitToRun (AwaitToRun.java:run(49)) - omNode-2@group-523986131536-cacheEviction-AwaitToRun-AwaitForSignal is interrupted
2025-04-23 04:28:44,911 [omNode-2-impl-thread1] INFO  segmented.SegmentedRaftLogWorker (SegmentedRaftLogWorker.java:close(252)) - omNode-2@group-523986131536-SegmentedRaftLogWorker close()
2025-04-23 04:28:44,912 [JvmPauseMonitor28] INFO  util.JvmPauseMonitor (JvmPauseMonitor.java:run(152)) - JvmPauseMonitor-omNode-2: Stopped
2025-04-23 04:28:44,912 [main] INFO  utils.BackgroundService (BackgroundService.java:shutdown(161)) - Shutting down service KeyDeletingService
2025-04-23 04:28:44,912 [main] INFO  utils.BackgroundService (BackgroundService.java:shutdown(161)) - Shutting down service DirectoryDeletingService
2025-04-23 04:28:44,913 [main] INFO  utils.BackgroundService (BackgroundService.java:shutdown(161)) - Shutting down service OpenKeyCleanupService
2025-04-23 04:28:44,914 [main] INFO  utils.BackgroundService (BackgroundService.java:shutdown(161)) - Shutting down service SstFilteringService
2025-04-23 04:28:44,914 [main] INFO  utils.BackgroundService (BackgroundService.java:shutdown(161)) - Shutting down service SnapshotDeletingService
2025-04-23 04:28:44,914 [main] INFO  utils.BackgroundService (BackgroundService.java:shutdown(161)) - Shutting down service MultipartUploadCleanupService
2025-04-23 04:28:44,915 [main] INFO  handler.ContextHandler (ContextHandler.java:doStop(1159)) - Stopped o.e.j.w.WebAppContext@22b4e0ad{ozoneManager,/,null,STOPPED}{file:/home/runner/work/ozone/ozone/hadoop-ozone/integration-test/target/test-classes/webapps/ozoneManager}
2025-04-23 04:28:44,915 [main] INFO  server.AbstractConnector (AbstractConnector.java:doStop(383)) - Stopped ServerConnector@3cbbedca{HTTP/1.1, (http/1.1)}{0.0.0.0:15011}
2025-04-23 04:28:44,915 [main] INFO  server.session (HouseKeeper.java:stopScavenging(149)) - node0 Stopped scavenging
2025-04-23 04:28:44,916 [main] INFO  handler.ContextHandler (ContextHandler.java:doStop(1159)) - Stopped o.e.j.s.ServletContextHandler@5df1ee9f{static,/static,file:///home/runner/work/ozone/ozone/hadoop-ozone/integration-test/target/test-classes/webapps/static,STOPPED}
2025-04-23 04:28:44,916 [main] INFO  handler.ContextHandler (ContextHandler.java:doStop(1159)) - Stopped o.e.j.s.ServletContextHandler@48fe6df0{logs,/logs,file:///home/runner/work/ozone/ozone/hadoop-ozone/integration-test/target/log,STOPPED}
2025-04-23 04:28:44,916 [main] INFO  rocksdiff.RocksDBCheckpointDiffer (RocksDBCheckpointDiffer.java:close(304)) - Shutting down CompactionDagPruningService.
2025-04-23 04:28:44,918 [main] INFO  snapshot.SnapshotDiffManager (SnapshotDiffManager.java:closeExecutorService(1698)) - Shutting down executorService: 'SnapDiffExecutor'
2025-04-23 04:28:44,918 [main] INFO  utils.BackgroundService (BackgroundService.java:shutdown(161)) - Shutting down service SnapshotDiffCleanupService
2025-04-23 04:28:44,919 [main] INFO  om.OzoneManager (OzoneManager.java:restart(1878)) - OzoneManager RPC server is listening at localhost/127.0.0.1:15014
2025-04-23 04:28:44,919 [main] INFO  impl.MetricsSystemImpl (MetricsSystemImpl.java:init(158)) - OzoneManager metrics system started (again)
2025-04-23 04:28:44,930 [main] WARN  server.ServerUtils (ServerUtils.java:getDBPath(297)) - ozone.om.db.dirs is not configured. We recommend adding this setting. Falling back to ozone.metadata.dirs instead.
2025-04-23 04:28:44,973 [main] INFO  om.OzoneManager (OzoneManager.java:instantiateServices(933)) - S3 Multi-Tenancy is disabled
2025-04-23 04:28:44,974 [main] INFO  om.OmSnapshotManager (OmSnapshotManager.java:<init>(180)) - Ozone filesystem snapshot feature is enabled.
2025-04-23 04:28:44,974 [main] WARN  server.ServerUtils (ServerUtils.java:getDBPath(297)) - ozone.om.snapshot.diff.db.dir is not configured. We recommend adding this setting. Falling back to ozone.metadata.dirs instead.
2025-04-23 04:28:44,989 [main] WARN  server.ServerUtils (ServerUtils.java:getDefaultRatisDirectory(309)) - Storage directory for Ratis is not configured. It is a good idea to map this to an SSD disk. Falling back to ozone.metadata.dirs
2025-04-23 04:28:44,989 [main] INFO  server.RaftServerConfigKeys (ConfUtils.java:logGet(46)) - raft.server.log.appender.buffer.byte-limit = 4194304 (custom)
2025-04-23 04:28:44,990 [main] INFO  ratis.OzoneManagerRatisServer (OzoneManagerRatisServer.java:<init>(167)) - Instantiating OM Ratis server with groupID: om-service-test1 and peers: localhost:15017, localhost:15009, localhost:15013
2025-04-23 04:28:44,990 [main] INFO  ratis.OzoneManagerStateMachine (OzoneManagerStateMachine.java:loadSnapshotInfoFromDB(611)) - LastAppliedIndex is set from TransactionInfo from OM DB as (t:11, i:308)
2025-04-23 04:28:44,991 [main] INFO  server.RaftServer (ConfUtils.java:logGet(46)) - raft.rpc.type = GRPC (default)
2025-04-23 04:28:44,991 [main] INFO  grpc.GrpcConfigKeys (ConfUtils.java:logFallback(53)) - raft.grpc.admin.host = null (fallback to raft.grpc.server.host)
2025-04-23 04:28:44,991 [main] INFO  grpc.GrpcConfigKeys (ConfUtils.java:logFallback(53)) - raft.grpc.admin.port = 15017 (fallback to raft.grpc.server.port)
2025-04-23 04:28:44,991 [main] INFO  grpc.GrpcConfigKeys (ConfUtils.java:logFallback(53)) - raft.grpc.client.host = null (fallback to raft.grpc.server.host)
2025-04-23 04:28:44,991 [main] INFO  grpc.GrpcConfigKeys (ConfUtils.java:logFallback(53)) - raft.grpc.client.port = 15017 (fallback to raft.grpc.server.port)
2025-04-23 04:28:44,991 [main] INFO  grpc.GrpcConfigKeys (ConfUtils.java:logGet(46)) - raft.grpc.server.host = null (default)
2025-04-23 04:28:44,991 [main] INFO  grpc.GrpcConfigKeys (ConfUtils.java:logGet(46)) - raft.grpc.server.port = 15017 (custom)
2025-04-23 04:28:44,991 [main] INFO  server.GrpcService (ConfUtils.java:logGet(46)) - raft.grpc.message.size.max = 5242880 (custom)
2025-04-23 04:28:44,991 [main] INFO  server.GrpcService (ConfUtils.java:logGet(46)) - raft.grpc.flow.control.window = 1MB (=1048576) (default)
2025-04-23 04:28:44,992 [main] INFO  server.RaftServerConfigKeys (ConfUtils.java:logGet(46)) - raft.server.rpc.request.timeout = 3000ms (default)
2025-04-23 04:28:44,992 [main] INFO  grpc.GrpcConfigKeys (ConfUtils.java:logGet(46)) - raft.grpc.server.heartbeat.channel = true (default)
2025-04-23 04:28:44,992 [main] INFO  server.RaftServerConfigKeys (ConfUtils.java:logGet(46)) - raft.server.log.appender.buffer.byte-limit = 4194304 (custom)
2025-04-23 04:28:44,992 [main] INFO  grpc.GrpcConfigKeys (ConfUtils.java:logGet(46)) - raft.grpc.server.async.request.thread.pool.cached = true (default)
2025-04-23 04:28:44,992 [main] INFO  grpc.GrpcConfigKeys (ConfUtils.java:logGet(46)) - raft.grpc.server.async.request.thread.pool.size = 32 (default)
2025-04-23 04:28:44,993 [main] INFO  impl.DataStreamServerImpl (ConfUtils.java:logGet(46)) - raft.datastream.type = DISABLED (default)
2025-04-23 04:28:44,993 [main] INFO  server.RaftServerConfigKeys (ConfUtils.java:logGet(46)) - raft.server.sleep.deviation.threshold = 300ms (default)
2025-04-23 04:28:44,993 [main] INFO  server.RaftServerConfigKeys (ConfUtils.java:logGet(46)) - raft.server.close.threshold = 60s (default)
2025-04-23 04:28:44,993 [main] INFO  server.RaftServerConfigKeys (ConfUtils.java:logGet(46)) - raft.server.leaderelection.leader.step-down.wait-time = 10s (default)
2025-04-23 04:28:44,993 [main] INFO  server.RaftServerConfigKeys (ConfUtils.java:logGet(46)) - raft.server.storage.dir = [/home/runner/work/ozone/ozone/hadoop-ozone/integration-test/target/test-dir/MiniOzoneClusterImpl-ff59c164-3798-4a7f-a16d-eeed9ffb3244/omNode-3/ratis] (custom)
2025-04-23 04:28:44,993 [main] INFO  server.RaftServerConfigKeys (ConfUtils.java:logGet(46)) - raft.server.threadpool.proxy.cached = true (default)
2025-04-23 04:28:44,993 [main] INFO  server.RaftServerConfigKeys (ConfUtils.java:logGet(46)) - raft.server.threadpool.proxy.size = 0 (default)
2025-04-23 04:28:44,994 [omNode-3-impl-thread1] INFO  server.RaftServer (RaftServerProxy.java:initGroupDir(265)) - omNode-3: found a subdirectory /home/runner/work/ozone/ozone/hadoop-ozone/integration-test/target/test-dir/MiniOzoneClusterImpl-ff59c164-3798-4a7f-a16d-eeed9ffb3244/omNode-3/ratis/c9bc4cf4-3bc3-3c60-a66b-523986131536
2025-04-23 04:28:44,994 [main] INFO  server.RaftServer (RaftServerProxy.java:addNew(100)) - omNode-3: addNew group-523986131536:[omNode-3|localhost:15017, omNode-1|localhost:15009, omNode-2|localhost:15013] returns group-523986131536:java.util.concurrent.CompletableFuture@2aaf64a9[Not completed]
2025-04-23 04:28:44,994 [omNode-3-groupManagement] INFO  server.RaftServer$Division (RaftServerImpl.java:<init>(255)) - omNode-3: new RaftServerImpl for group-523986131536:[omNode-3|localhost:15017, omNode-1|localhost:15009, omNode-2|localhost:15013] with OzoneManagerStateMachine:uninitialized
2025-04-23 04:28:44,994 [main] INFO  om.OzoneManager (OzoneManager.java:initializeRatisServer(2303)) - OzoneManager Ratis server initialized at port 15017
2025-04-23 04:28:44,994 [main] INFO  ratis.OzoneManagerRatisServer (OzoneManagerRatisServer.java:start(628)) - Starting OzoneManagerRatisServer omNode-3 at port 15017
2025-04-23 04:28:44,994 [omNode-3-groupManagement] INFO  server.RaftServerConfigKeys (ConfUtils.java:logGet(46)) - raft.server.rpc.timeout.min = 1s (custom)
2025-04-23 04:28:44,995 [omNode-3-groupManagement] INFO  server.RaftServerConfigKeys (ConfUtils.java:logGet(46)) - raft.server.rpc.timeout.max = 1200ms (custom)
2025-04-23 04:28:44,995 [omNode-3-groupManagement] INFO  server.RaftServerConfigKeys (ConfUtils.java:logGet(46)) - raft.server.rpc.sleep.time = 25ms (default)
2025-04-23 04:28:44,995 [omNode-3-groupManagement] INFO  server.RaftServerConfigKeys (ConfUtils.java:logGet(46)) - raft.server.rpc.slowness.timeout = 2s (custom)
2025-04-23 04:28:44,995 [omNode-3-groupManagement] INFO  server.RaftServerConfigKeys (ConfUtils.java:logGet(46)) - raft.server.leaderelection.leader.step-down.wait-time = 10s (default)
2025-04-23 04:28:44,995 [omNode-3-groupManagement] INFO  server.RaftServerConfigKeys (ConfUtils.java:logGet(46)) - raft.server.leaderelection.member.majority-add = false (default)
2025-04-23 04:28:44,995 [omNode-3-groupManagement] INFO  server.RaftServerConfigKeys (ConfUtils.java:logGet(46)) - raft.server.sleep.deviation.threshold = 300ms (default)
2025-04-23 04:28:44,995 [omNode-3-groupManagement] INFO  server.RaftServer$Division (ServerState.java:<init>(114)) - omNode-3@group-523986131536: ConfigurationManager, init=conf: {index: -1, cur=peers:[omNode-3|localhost:15017, omNode-1|localhost:15009, omNode-2|localhost:15013]|listeners:[], old=null}, confs=<EMPTY_MAP>
2025-04-23 04:28:44,995 [omNode-3-groupManagement] INFO  server.RaftServerConfigKeys (ConfUtils.java:logGet(46)) - raft.server.notification.no-leader.timeout = 2s (custom)
2025-04-23 04:28:44,995 [omNode-3-groupManagement] INFO  server.RaftServerConfigKeys (ConfUtils.java:logGet(46)) - raft.server.read.timeout = 10s (default)
2025-04-23 04:28:44,995 [omNode-3-groupManagement] INFO  server.RaftServerConfigKeys (ConfUtils.java:logGet(46)) - raft.server.retrycache.expirytime = 30000ms (custom)
2025-04-23 04:28:44,995 [omNode-3-groupManagement] INFO  server.RaftServerConfigKeys (ConfUtils.java:logGet(46)) - raft.server.retrycache.statistics.expirytime = 100ms (default)
2025-04-23 04:28:44,995 [omNode-3-groupManagement] INFO  server.RaftServerConfigKeys (ConfUtils.java:logGet(46)) - raft.server.read.option = DEFAULT (default)
2025-04-23 04:28:44,995 [omNode-3-groupManagement] INFO  server.RaftServerConfigKeys (ConfUtils.java:logGet(46)) - raft.server.read.read-after-write-consistent.write-index-cache.expiry-time = 60s (default)
2025-04-23 04:28:44,996 [omNode-3-groupManagement] INFO  server.RaftServerConfigKeys (ConfUtils.java:logGet(46)) - raft.server.rpc.request.timeout = 3000ms (default)
2025-04-23 04:28:44,997 [omNode-3-groupManagement] INFO  server.RaftServerConfigKeys (ConfUtils.java:logGet(46)) - raft.server.log.appender.install.snapshot.enabled = false (custom)
2025-04-23 04:28:44,997 [omNode-3-groupManagement] INFO  server.RaftServerConfigKeys (ConfUtils.java:logGet(46)) - raft.server.threadpool.server.cached = true (default)
2025-04-23 04:28:44,997 [omNode-3-groupManagement] INFO  server.RaftServerConfigKeys (ConfUtils.java:logGet(46)) - raft.server.threadpool.server.size = 0 (default)
2025-04-23 04:28:44,997 [omNode-3-groupManagement] INFO  server.RaftServerConfigKeys (ConfUtils.java:logGet(46)) - raft.server.threadpool.client.cached = true (default)
2025-04-23 04:28:44,997 [omNode-3-groupManagement] INFO  server.RaftServerConfigKeys (ConfUtils.java:logGet(46)) - raft.server.threadpool.client.size = 0 (default)
2025-04-23 04:28:44,997 [omNode-3-impl-thread1] INFO  server.RaftServerConfigKeys (ConfUtils.java:logGet(46)) - raft.server.storage.free-space.min = 0MB (=0) (default)
2025-04-23 04:28:44,997 [omNode-3-impl-thread1] INFO  server.RaftServerConfigKeys (ConfUtils.java:logGet(46)) - raft.server.log.corruption.policy = EXCEPTION (default)
2025-04-23 04:28:44,997 [omNode-3-impl-thread1] INFO  server.RaftServerConfigKeys (ConfUtils.java:logGet(46)) - raft.server.storage.dir = [/home/runner/work/ozone/ozone/hadoop-ozone/integration-test/target/test-dir/MiniOzoneClusterImpl-ff59c164-3798-4a7f-a16d-eeed9ffb3244/omNode-3/ratis] (custom)
2025-04-23 04:28:44,998 [omNode-3-impl-thread1] INFO  storage.RaftStorageDirectory (RaftStorageDirectoryImpl.java:tryLock(229)) - Lock on /home/runner/work/ozone/ozone/hadoop-ozone/integration-test/target/test-dir/MiniOzoneClusterImpl-ff59c164-3798-4a7f-a16d-eeed9ffb3244/omNode-3/ratis/c9bc4cf4-3bc3-3c60-a66b-523986131536/in_use.lock acquired by nodename 129558@fv-az1441-587
2025-04-23 04:28:44,998 [omNode-3-impl-thread1] INFO  storage.RaftStorage (RaftStorageImpl.java:analyzeAndRecoverStorage(118)) - Read RaftStorageMetadata{term=11, votedFor=omNode-3} from /home/runner/work/ozone/ozone/hadoop-ozone/integration-test/target/test-dir/MiniOzoneClusterImpl-ff59c164-3798-4a7f-a16d-eeed9ffb3244/omNode-3/ratis/c9bc4cf4-3bc3-3c60-a66b-523986131536/current/raft-meta
2025-04-23 04:28:44,998 [omNode-3-impl-thread1] INFO  server.RaftServer$Division (ServerState.java:setRaftConf(386)) - omNode-3@group-523986131536: set configuration conf: {index: 107, cur=peers:[omNode-3|localhost:15017, omNode-1|localhost:15009, omNode-2|localhost:15013]|listeners:[], old=null}
2025-04-23 04:28:44,998 [omNode-3-impl-thread1] INFO  ratis.OzoneManagerStateMachine (OzoneManagerStateMachine.java:lambda$0(138)) - omNode-3: initialize group-523986131536 with (t:11, i:308)
2025-04-23 04:28:44,998 [omNode-3-impl-thread1] INFO  server.RaftServerConfigKeys (ConfUtils.java:logGet(46)) - raft.server.log.use.memory = false (default)
2025-04-23 04:28:44,999 [omNode-3-impl-thread1] INFO  server.RaftServerConfigKeys (ConfUtils.java:logGet(46)) - raft.server.log.purge.gap = 50 (custom)
2025-04-23 04:28:44,999 [omNode-3-impl-thread1] INFO  server.RaftServerConfigKeys (ConfUtils.java:logGet(46)) - raft.server.log.appender.buffer.byte-limit = 4194304 (custom)
2025-04-23 04:28:44,999 [omNode-3-impl-thread1] INFO  server.RaftServerConfigKeys (ConfUtils.java:logGet(46)) - raft.server.log.statemachine.data.read.timeout = 1000ms (default)
2025-04-23 04:28:44,999 [omNode-3-impl-thread1] INFO  server.RaftServerConfigKeys (ConfUtils.java:logGet(46)) - raft.server.log.purge.preservation.log.num = 0 (default)
2025-04-23 04:28:45,000 [omNode-3-impl-thread1] INFO  server.RaftServerConfigKeys (ConfUtils.java:logGet(46)) - raft.server.log.segment.size.max = 4194304 (custom)
2025-04-23 04:28:45,000 [omNode-3-impl-thread1] INFO  server.RaftServerConfigKeys (ConfUtils.java:logGet(46)) - raft.server.log.segment.cache.num.max = 2 (custom)
2025-04-23 04:28:45,000 [omNode-3-impl-thread1] INFO  server.RaftServerConfigKeys (ConfUtils.java:logGet(46)) - raft.server.log.segment.cache.size.max = 200MB (=209715200) (default)
2025-04-23 04:28:45,000 [omNode-3-impl-thread1] INFO  server.RaftServerConfigKeys (ConfUtils.java:logGet(46)) - raft.server.log.appender.buffer.byte-limit = 4194304 (custom)
2025-04-23 04:28:45,000 [omNode-3-impl-thread1] INFO  util.AwaitToRun (AwaitToRun.java:start(81)) - Thread[#5553,omNode-3@group-523986131536-cacheEviction-AwaitToRun,5,main] started
2025-04-23 04:28:45,000 [omNode-3-impl-thread1] INFO  segmented.SegmentedRaftLogWorker (SegmentedRaftLogWorker.java:<init>(188)) - new omNode-3@group-523986131536-SegmentedRaftLogWorker for RaftStorageImpl:Storage Directory /home/runner/work/ozone/ozone/hadoop-ozone/integration-test/target/test-dir/MiniOzoneClusterImpl-ff59c164-3798-4a7f-a16d-eeed9ffb3244/omNode-3/ratis/c9bc4cf4-3bc3-3c60-a66b-523986131536
2025-04-23 04:28:45,000 [omNode-3-impl-thread1] INFO  server.RaftServerConfigKeys (ConfUtils.java:logGet(46)) - raft.server.log.queue.byte-limit = 64MB (=67108864) (default)
2025-04-23 04:28:45,000 [omNode-3-impl-thread1] INFO  server.RaftServerConfigKeys (ConfUtils.java:logGet(46)) - raft.server.log.queue.element-limit = 4096 (default)
2025-04-23 04:28:45,000 [omNode-3-impl-thread1] INFO  server.RaftServerConfigKeys (ConfUtils.java:logGet(46)) - raft.server.log.segment.size.max = 4194304 (custom)
2025-04-23 04:28:45,000 [omNode-3-impl-thread1] INFO  server.RaftServerConfigKeys (ConfUtils.java:logGet(46)) - raft.server.log.preallocated.size = 4194304 (custom)
2025-04-23 04:28:45,000 [omNode-3-impl-thread1] INFO  server.RaftServerConfigKeys (ConfUtils.java:logGet(46)) - raft.server.log.force.sync.num = 128 (default)
2025-04-23 04:28:45,000 [omNode-3-impl-thread1] INFO  server.RaftServerConfigKeys (ConfUtils.java:logGet(46)) - raft.server.log.statemachine.data.sync = true (default)
2025-04-23 04:28:45,000 [omNode-3-impl-thread1] INFO  server.RaftServerConfigKeys (ConfUtils.java:logGet(46)) - raft.server.log.statemachine.data.sync.timeout = 10s (default)
2025-04-23 04:28:45,000 [omNode-3-impl-thread1] INFO  server.RaftServerConfigKeys (ConfUtils.java:logGet(46)) - raft.server.log.statemachine.data.sync.timeout.retry = -1 (default)
2025-04-23 04:28:45,001 [omNode-3-impl-thread1] INFO  server.RaftServerConfigKeys (ConfUtils.java:logGet(46)) - raft.server.log.write.buffer.size = 4194312 (custom)
2025-04-23 04:28:45,002 [omNode-3-impl-thread1] INFO  server.RaftServerConfigKeys (ConfUtils.java:logGet(46)) - raft.server.log.appender.buffer.byte-limit = 4194304 (custom)
2025-04-23 04:28:45,002 [omNode-3-impl-thread1] INFO  server.RaftServerConfigKeys (ConfUtils.java:logGet(46)) - raft.server.log.unsafe-flush.enabled = false (default)
2025-04-23 04:28:45,002 [omNode-3-impl-thread1] INFO  server.RaftServerConfigKeys (ConfUtils.java:logGet(46)) - raft.server.log.async-flush.enabled = false (default)
2025-04-23 04:28:45,002 [omNode-3-impl-thread1] INFO  server.RaftServerConfigKeys (ConfUtils.java:logGet(46)) - raft.server.log.statemachine.data.caching.enabled = false (default)
2025-04-23 04:28:45,003 [omNode-3-impl-thread1] INFO  server.RaftServer$Division (ServerState.java:setRaftConf(386)) - omNode-3@group-523986131536: set configuration conf: {index: 107, cur=peers:[omNode-3|localhost:15017, omNode-1|localhost:15009, omNode-2|localhost:15013]|listeners:[], old=null}
2025-04-23 04:28:45,004 [omNode-3-impl-thread1] INFO  segmented.LogSegment (LogSegment.java:loadSegment(171)) - Successfully read 202 entries from segment file /home/runner/work/ozone/ozone/hadoop-ozone/integration-test/target/test-dir/MiniOzoneClusterImpl-ff59c164-3798-4a7f-a16d-eeed9ffb3244/omNode-3/ratis/c9bc4cf4-3bc3-3c60-a66b-523986131536/current/log_inprogress_107
2025-04-23 04:28:45,004 [omNode-3-impl-thread1] INFO  segmented.SegmentedRaftLogWorker (SegmentedRaftLogWorker.java:lambda$new$0(139)) - omNode-3@group-523986131536-SegmentedRaftLogWorker: flushIndex: setUnconditionally 0 -> 308
2025-04-23 04:28:45,004 [omNode-3-impl-thread1] INFO  segmented.SegmentedRaftLogWorker (SegmentedRaftLogWorker.java:lambda$new$0(139)) - omNode-3@group-523986131536-SegmentedRaftLogWorker: safeCacheEvictIndex: setUnconditionally 0 -> -1
2025-04-23 04:28:45,004 [omNode-3-impl-thread1] INFO  segmented.BufferedWriteChannel (BufferedWriteChannel.java:open(61)) - open log_inprogress_107 (append) at position 19586
2025-04-23 04:28:45,005 [omNode-3-impl-thread1] INFO  raftlog.RaftLog (RaftLogBase.java:lambda$new$0(54)) - omNode-3@group-523986131536-SegmentedRaftLog: purgeIndex: updateToMax old=-1, new=106, updated? true
2025-04-23 04:28:45,005 [omNode-3-impl-thread1] INFO  server.RaftServer$Division (RaftServerImpl.java:start(391)) - omNode-3@group-523986131536: start as a follower, conf=conf: {index: 107, cur=peers:[omNode-3|localhost:15017, omNode-1|localhost:15009, omNode-2|localhost:15013]|listeners:[], old=null}
2025-04-23 04:28:45,005 [omNode-3-impl-thread1] INFO  server.RaftServer$Division (RaftServerImpl.java:setRole(378)) - omNode-3@group-523986131536: changes role from      null to FOLLOWER at term 11 for startAsFollower
2025-04-23 04:28:45,005 [omNode-3-impl-thread1] INFO  impl.RoleInfo (RoleInfo.java:updateAndGet(148)) - omNode-3: start omNode-3@group-523986131536-FollowerState
2025-04-23 04:28:45,005 [omNode-3@group-523986131536-FollowerState] INFO  server.RaftServerConfigKeys (ConfUtils.java:logFallback(53)) - raft.server.rpc.first-election.timeout.min = 1s (fallback to raft.server.rpc.timeout.min)
2025-04-23 04:28:45,005 [omNode-3@group-523986131536-FollowerState] INFO  server.RaftServerConfigKeys (ConfUtils.java:logFallback(53)) - raft.server.rpc.first-election.timeout.max = 1200ms (fallback to raft.server.rpc.timeout.max)
2025-04-23 04:28:45,005 [omNode-3-impl-thread1] INFO  util.JmxRegister (JmxRegister.java:tryRegister(44)) - Successfully registered JMX Bean with object name Ratis:service=RaftServer,group=group-523986131536,id=omNode-3
2025-04-23 04:28:45,005 [omNode-3-impl-thread1] INFO  util.JmxRegister (JmxRegister.java:register(58)) - register mxBean class org.apache.ratis.server.impl.RaftServerJmxAdapter as Ratis:service=RaftServer,group=group-523986131536,id=omNode-3
2025-04-23 04:28:45,005 [omNode-3-impl-thread1] INFO  server.RaftServerConfigKeys (ConfUtils.java:logGet(46)) - raft.server.snapshot.trigger-when-stop.enabled = true (default)
2025-04-23 04:28:45,006 [omNode-3-impl-thread1] INFO  server.RaftServerConfigKeys (ConfUtils.java:logGet(46)) - raft.server.snapshot.trigger-when-remove.enabled = true (default)
2025-04-23 04:28:45,006 [omNode-3-impl-thread1] INFO  server.RaftServerConfigKeys (ConfUtils.java:logGet(46)) - raft.server.snapshot.auto.trigger.enabled = true (custom)
2025-04-23 04:28:45,006 [omNode-3-impl-thread1] INFO  server.RaftServerConfigKeys (ConfUtils.java:logGet(46)) - raft.server.snapshot.auto.trigger.threshold = 50 (custom)
2025-04-23 04:28:45,006 [omNode-3-impl-thread1] INFO  server.RaftServerConfigKeys (ConfUtils.java:logGet(46)) - raft.server.snapshot.retention.file.num = -1 (default)
2025-04-23 04:28:45,006 [omNode-3-impl-thread1] INFO  server.RaftServerConfigKeys (ConfUtils.java:logGet(46)) - raft.server.log.purge.upto.snapshot.index = true (custom)
2025-04-23 04:28:45,006 [omNode-3-impl-thread1] INFO  server.RaftServer$Division (RaftServerImpl.java:start(405)) - omNode-3@group-523986131536: Successfully started.
2025-04-23 04:28:45,006 [main] INFO  server.RaftServer (RaftServerProxy.java:startImpl(407)) - omNode-3: start RPC server
2025-04-23 04:28:45,007 [main] INFO  server.GrpcService (GrpcService.java:startImpl(334)) - omNode-3: GrpcService started, listening on 15017
2025-04-23 04:28:45,007 [main] INFO  om.OzoneManager (OzoneManager.java:getRpcServer(1360)) - Creating RPC Server
2025-04-23 04:28:45,007 [JvmPauseMonitor29] INFO  util.JvmPauseMonitor (JvmPauseMonitor.java:run(146)) - JvmPauseMonitor-omNode-3: Started
2025-04-23 04:28:45,372 [main] INFO  reflections.Reflections (Reflections.java:scan(219)) - Reflections took 365 ms to scan 22 urls, producing 61 keys and 7422 values
2025-04-23 04:28:45,373 [main] INFO  ipc.CallQueueManager (CallQueueManager.java:<init>(93)) - Using callQueue: class java.util.concurrent.LinkedBlockingQueue, queueCapacity: 2000, scheduler: class org.apache.hadoop.ipc.DefaultRpcScheduler, ipcBackoff: false, ipcFailOver: false.
2025-04-23 04:28:45,373 [main] INFO  ipc.Server (Server.java:<init>(1438)) - Listener at localhost:15014
2025-04-23 04:28:45,373 [Socket Reader #1 for port 15014] INFO  ipc.Server (Server.java:run(1474)) - Starting Socket Reader #1 for port 15014
2025-04-23 04:28:45,373 [Socket Reader #2 for port 15014] INFO  ipc.Server (Server.java:run(1474)) - Starting Socket Reader #2 for port 15014
2025-04-23 04:28:45,374 [Socket Reader #3 for port 15014] INFO  ipc.Server (Server.java:run(1474)) - Starting Socket Reader #3 for port 15014
2025-04-23 04:28:45,374 [Socket Reader #4 for port 15014] INFO  ipc.Server (Server.java:run(1474)) - Starting Socket Reader #4 for port 15014
2025-04-23 04:28:45,374 [Socket Reader #5 for port 15014] INFO  ipc.Server (Server.java:run(1474)) - Starting Socket Reader #5 for port 15014
2025-04-23 04:28:45,374 [Socket Reader #6 for port 15014] INFO  ipc.Server (Server.java:run(1474)) - Starting Socket Reader #6 for port 15014
2025-04-23 04:28:45,374 [Socket Reader #7 for port 15014] INFO  ipc.Server (Server.java:run(1474)) - Starting Socket Reader #7 for port 15014
2025-04-23 04:28:45,374 [Socket Reader #8 for port 15014] INFO  ipc.Server (Server.java:run(1474)) - Starting Socket Reader #8 for port 15014
2025-04-23 04:28:45,374 [Socket Reader #9 for port 15014] INFO  ipc.Server (Server.java:run(1474)) - Starting Socket Reader #9 for port 15014
2025-04-23 04:28:45,375 [Socket Reader #10 for port 15014] INFO  ipc.Server (Server.java:run(1474)) - Starting Socket Reader #10 for port 15014
2025-04-23 04:28:45,376 [main] INFO  http.BaseHttpServer (BaseHttpServer.java:newHttpServer2BuilderForOzone(229)) - Starting Web-server for ozoneManager at: http://0.0.0.0:15015
2025-04-23 04:28:45,376 [main] INFO  http.BaseHttpServer (BaseHttpServer.java:<init>(107)) - Hadoop Security Enabled: false Ozone Security Enabled: false Ozone HTTP Security Enabled: false 
2025-04-23 04:28:45,377 [main] WARN  server.AuthenticationFilter (AuthenticationFilter.java:constructSecretProvider(240)) - Unable to initialize FileSignerSecretProvider, falling back to use random secrets. Reason: Could not read signature secret file: /home/runner/hadoop-http-auth-signature-secret
2025-04-23 04:28:45,379 [main] INFO  http.HttpServer2 (HttpServer2.java:addGlobalFilter(1041)) - Added global filter 'safety' (class=org.apache.hadoop.hdds.server.http.HttpServer2$QuotingInputFilter)
2025-04-23 04:28:45,379 [main] INFO  http.HttpServer2 (HttpServer2.java:addFilter(1017)) - Added filter static_user_filter (class=org.apache.hadoop.http.lib.StaticUserWebFilter$StaticUserFilter) to context ozoneManager
2025-04-23 04:28:45,379 [main] INFO  http.HttpServer2 (HttpServer2.java:addFilter(1025)) - Added filter static_user_filter (class=org.apache.hadoop.http.lib.StaticUserWebFilter$StaticUserFilter) to context logs
2025-04-23 04:28:45,379 [main] INFO  http.HttpServer2 (HttpServer2.java:addFilter(1025)) - Added filter static_user_filter (class=org.apache.hadoop.http.lib.StaticUserWebFilter$StaticUserFilter) to context static
2025-04-23 04:28:45,380 [main] INFO  http.BaseHttpServer (BaseHttpServer.java:<init>(195)) - HTTP server of ozoneManager uses base directory /home/runner/work/ozone/ozone/hadoop-ozone/integration-test/target/test-dir/MiniOzoneClusterImpl-ff59c164-3798-4a7f-a16d-eeed9ffb3244/omNode-3/webserver
2025-04-23 04:28:45,380 [main] INFO  http.HttpServer2 (HttpServer2.java:bindListener(1241)) - Jetty bound to port 15015
2025-04-23 04:28:45,380 [main] INFO  server.Server (Server.java:doStart(375)) - jetty-9.4.57.v20241219; built: 2025-01-08T21:24:30.412Z; git: df524e6b29271c2e09ba9aea83c18dc9db464a31; jvm 21.0.7+6-LTS
2025-04-23 04:28:45,381 [main] INFO  server.session (DefaultSessionIdManager.java:doStart(334)) - DefaultSessionIdManager workerName=node0
2025-04-23 04:28:45,381 [main] INFO  server.session (DefaultSessionIdManager.java:doStart(339)) - No SessionScavenger set, using defaults
2025-04-23 04:28:45,381 [main] INFO  server.session (HouseKeeper.java:startScavenging(132)) - node0 Scavenging every 600000ms
2025-04-23 04:28:45,382 [main] INFO  handler.ContextHandler (ContextHandler.java:doStart(921)) - Started o.e.j.s.ServletContextHandler@260e1899{logs,/logs,file:///home/runner/work/ozone/ozone/hadoop-ozone/integration-test/target/log,AVAILABLE}
2025-04-23 04:28:45,382 [main] INFO  handler.ContextHandler (ContextHandler.java:doStart(921)) - Started o.e.j.s.ServletContextHandler@283caf21{static,/static,file:///home/runner/work/ozone/ozone/hadoop-ozone/integration-test/target/test-classes/webapps/static,AVAILABLE}
2025-04-23 04:28:45,386 [main] INFO  handler.ContextHandler (ContextHandler.java:doStart(921)) - Started o.e.j.w.WebAppContext@3ba9ac2a{ozoneManager,/,file:///home/runner/work/ozone/ozone/hadoop-ozone/integration-test/target/test-classes/webapps/ozoneManager/,AVAILABLE}{file:/home/runner/work/ozone/ozone/hadoop-ozone/integration-test/target/test-classes/webapps/ozoneManager}
2025-04-23 04:28:45,386 [main] INFO  server.AbstractConnector (AbstractConnector.java:doStart(333)) - Started ServerConnector@30caef1e{HTTP/1.1, (http/1.1)}{0.0.0.0:15015}
2025-04-23 04:28:45,386 [main] INFO  server.Server (Server.java:doStart(415)) - Started @128805ms
2025-04-23 04:28:45,386 [main] WARN  impl.MetricsSystemImpl (MetricsSystemImpl.java:register(279)) - Sink prometheus already exists!
2025-04-23 04:28:45,387 [main] INFO  http.BaseHttpServer (BaseHttpServer.java:updateConnectorAddress(360)) - HTTP server of ozoneManager listening at http://0.0.0.0:15015
2025-04-23 04:28:45,387 [IPC Server Responder] INFO  ipc.Server (Server.java:run(1713)) - IPC Server Responder: starting
2025-04-23 04:28:45,387 [IPC Server listener on 15014] INFO  ipc.Server (Server.java:run(1553)) - IPC Server listener on 15014: starting
2025-04-23 04:28:45,389 [main] INFO  om.OzoneManager (OzoneManager.java:startTrashEmptier(2257)) - Trash Interval set to 0. Files deleted won't move to trash
2025-04-23 04:28:45,389 [main] INFO  om.OzoneManager (OzoneManager.java:restart(1878)) - OzoneManager RPC server is listening at localhost/127.0.0.1:15006
2025-04-23 04:28:45,389 [main] INFO  impl.MetricsSystemImpl (MetricsSystemImpl.java:init(158)) - OzoneManager metrics system started (again)
2025-04-23 04:28:45,400 [main] WARN  server.ServerUtils (ServerUtils.java:getDBPath(297)) - ozone.om.db.dirs is not configured. We recommend adding this setting. Falling back to ozone.metadata.dirs instead.
2025-04-23 04:28:45,439 [main] INFO  om.OzoneManager (OzoneManager.java:instantiateServices(933)) - S3 Multi-Tenancy is disabled
2025-04-23 04:28:45,439 [main] INFO  om.OmSnapshotManager (OmSnapshotManager.java:<init>(180)) - Ozone filesystem snapshot feature is enabled.
2025-04-23 04:28:45,439 [main] WARN  server.ServerUtils (ServerUtils.java:getDBPath(297)) - ozone.om.snapshot.diff.db.dir is not configured. We recommend adding this setting. Falling back to ozone.metadata.dirs instead.
2025-04-23 04:28:45,457 [main] WARN  dropwizard3.Dm3MetricRegistriesImpl (Dm3MetricRegistriesImpl.java:addReporterRegistration(114)) - New reporters are added after registries were created. Some metrics will be missing from the reporter. Please add reporter before adding any new registry.
2025-04-23 04:28:45,457 [main] WARN  dropwizard3.Dm3MetricRegistriesImpl (Dm3MetricRegistriesImpl.java:addReporterRegistration(114)) - New reporters are added after registries were created. Some metrics will be missing from the reporter. Please add reporter before adding any new registry.
2025-04-23 04:28:45,457 [main] WARN  server.ServerUtils (ServerUtils.java:getDefaultRatisDirectory(309)) - Storage directory for Ratis is not configured. It is a good idea to map this to an SSD disk. Falling back to ozone.metadata.dirs
2025-04-23 04:28:45,457 [main] INFO  server.RaftServerConfigKeys (ConfUtils.java:logGet(46)) - raft.server.log.appender.buffer.byte-limit = 4194304 (custom)
2025-04-23 04:28:45,458 [main] INFO  ratis.OzoneManagerRatisServer (OzoneManagerRatisServer.java:<init>(167)) - Instantiating OM Ratis server with groupID: om-service-test1 and peers: localhost:15009, localhost:15017, localhost:15013
2025-04-23 04:28:45,459 [main] INFO  ratis.OzoneManagerStateMachine (OzoneManagerStateMachine.java:loadSnapshotInfoFromDB(611)) - LastAppliedIndex is set from TransactionInfo from OM DB as (t:12, i:310)
2025-04-23 04:28:45,459 [main] INFO  server.RaftServer (ConfUtils.java:logGet(46)) - raft.rpc.type = GRPC (default)
2025-04-23 04:28:45,459 [main] INFO  grpc.GrpcConfigKeys (ConfUtils.java:logFallback(53)) - raft.grpc.admin.host = null (fallback to raft.grpc.server.host)
2025-04-23 04:28:45,459 [main] INFO  grpc.GrpcConfigKeys (ConfUtils.java:logFallback(53)) - raft.grpc.admin.port = 15009 (fallback to raft.grpc.server.port)
2025-04-23 04:28:45,459 [main] INFO  grpc.GrpcConfigKeys (ConfUtils.java:logFallback(53)) - raft.grpc.client.host = null (fallback to raft.grpc.server.host)
2025-04-23 04:28:45,460 [main] INFO  grpc.GrpcConfigKeys (ConfUtils.java:logFallback(53)) - raft.grpc.client.port = 15009 (fallback to raft.grpc.server.port)
2025-04-23 04:28:45,460 [main] INFO  grpc.GrpcConfigKeys (ConfUtils.java:logGet(46)) - raft.grpc.server.host = null (default)
2025-04-23 04:28:45,460 [main] INFO  grpc.GrpcConfigKeys (ConfUtils.java:logGet(46)) - raft.grpc.server.port = 15009 (custom)
2025-04-23 04:28:45,460 [main] INFO  server.GrpcService (ConfUtils.java:logGet(46)) - raft.grpc.message.size.max = 5242880 (custom)
2025-04-23 04:28:45,460 [main] INFO  server.GrpcService (ConfUtils.java:logGet(46)) - raft.grpc.flow.control.window = 1MB (=1048576) (default)
2025-04-23 04:28:45,460 [main] INFO  server.RaftServerConfigKeys (ConfUtils.java:logGet(46)) - raft.server.rpc.request.timeout = 3000ms (default)
2025-04-23 04:28:45,460 [main] INFO  grpc.GrpcConfigKeys (ConfUtils.java:logGet(46)) - raft.grpc.server.heartbeat.channel = true (default)
2025-04-23 04:28:45,460 [main] INFO  server.RaftServerConfigKeys (ConfUtils.java:logGet(46)) - raft.server.log.appender.buffer.byte-limit = 4194304 (custom)
2025-04-23 04:28:45,460 [main] INFO  grpc.GrpcConfigKeys (ConfUtils.java:logGet(46)) - raft.grpc.server.async.request.thread.pool.cached = true (default)
2025-04-23 04:28:45,460 [main] INFO  grpc.GrpcConfigKeys (ConfUtils.java:logGet(46)) - raft.grpc.server.async.request.thread.pool.size = 32 (default)
2025-04-23 04:28:45,461 [main] INFO  impl.DataStreamServerImpl (ConfUtils.java:logGet(46)) - raft.datastream.type = DISABLED (default)
2025-04-23 04:28:45,461 [main] INFO  server.RaftServerConfigKeys (ConfUtils.java:logGet(46)) - raft.server.sleep.deviation.threshold = 300ms (default)
2025-04-23 04:28:45,461 [main] INFO  server.RaftServerConfigKeys (ConfUtils.java:logGet(46)) - raft.server.close.threshold = 60s (default)
2025-04-23 04:28:45,462 [main] INFO  server.RaftServerConfigKeys (ConfUtils.java:logGet(46)) - raft.server.leaderelection.leader.step-down.wait-time = 10s (default)
2025-04-23 04:28:45,462 [main] INFO  server.RaftServerConfigKeys (ConfUtils.java:logGet(46)) - raft.server.storage.dir = [/home/runner/work/ozone/ozone/hadoop-ozone/integration-test/target/test-dir/MiniOzoneClusterImpl-ff59c164-3798-4a7f-a16d-eeed9ffb3244/omNode-1/ratis] (custom)
2025-04-23 04:28:45,462 [main] INFO  server.RaftServerConfigKeys (ConfUtils.java:logGet(46)) - raft.server.threadpool.proxy.cached = true (default)
2025-04-23 04:28:45,462 [main] INFO  server.RaftServerConfigKeys (ConfUtils.java:logGet(46)) - raft.server.threadpool.proxy.size = 0 (default)
2025-04-23 04:28:45,462 [omNode-1-impl-thread1] INFO  server.RaftServer (RaftServerProxy.java:initGroupDir(265)) - omNode-1: found a subdirectory /home/runner/work/ozone/ozone/hadoop-ozone/integration-test/target/test-dir/MiniOzoneClusterImpl-ff59c164-3798-4a7f-a16d-eeed9ffb3244/omNode-1/ratis/c9bc4cf4-3bc3-3c60-a66b-523986131536
2025-04-23 04:28:45,463 [main] INFO  server.RaftServer (RaftServerProxy.java:addNew(100)) - omNode-1: addNew group-523986131536:[omNode-3|localhost:15017, omNode-1|localhost:15009, omNode-2|localhost:15013] returns group-523986131536:java.util.concurrent.CompletableFuture@2d51d020[Not completed]
2025-04-23 04:28:45,463 [omNode-1-groupManagement] INFO  server.RaftServer$Division (RaftServerImpl.java:<init>(255)) - omNode-1: new RaftServerImpl for group-523986131536:[omNode-3|localhost:15017, omNode-1|localhost:15009, omNode-2|localhost:15013] with OzoneManagerStateMachine:uninitialized
2025-04-23 04:28:45,463 [main] INFO  om.OzoneManager (OzoneManager.java:initializeRatisServer(2303)) - OzoneManager Ratis server initialized at port 15009
2025-04-23 04:28:45,463 [main] INFO  ratis.OzoneManagerRatisServer (OzoneManagerRatisServer.java:start(628)) - Starting OzoneManagerRatisServer omNode-1 at port 15009
2025-04-23 04:28:45,463 [omNode-1-groupManagement] INFO  server.RaftServerConfigKeys (ConfUtils.java:logGet(46)) - raft.server.rpc.timeout.min = 1s (custom)
2025-04-23 04:28:45,463 [omNode-1-groupManagement] INFO  server.RaftServerConfigKeys (ConfUtils.java:logGet(46)) - raft.server.rpc.timeout.max = 1200ms (custom)
2025-04-23 04:28:45,463 [omNode-1-groupManagement] INFO  server.RaftServerConfigKeys (ConfUtils.java:logGet(46)) - raft.server.rpc.sleep.time = 25ms (default)
2025-04-23 04:28:45,463 [omNode-1-groupManagement] INFO  server.RaftServerConfigKeys (ConfUtils.java:logGet(46)) - raft.server.rpc.slowness.timeout = 2s (custom)
2025-04-23 04:28:45,463 [omNode-1-groupManagement] INFO  server.RaftServerConfigKeys (ConfUtils.java:logGet(46)) - raft.server.leaderelection.leader.step-down.wait-time = 10s (default)
2025-04-23 04:28:45,463 [omNode-1-groupManagement] INFO  server.RaftServerConfigKeys (ConfUtils.java:logGet(46)) - raft.server.leaderelection.member.majority-add = false (default)
2025-04-23 04:28:45,463 [omNode-1-groupManagement] INFO  server.RaftServerConfigKeys (ConfUtils.java:logGet(46)) - raft.server.sleep.deviation.threshold = 300ms (default)
2025-04-23 04:28:45,464 [omNode-1-groupManagement] INFO  server.RaftServer$Division (ServerState.java:<init>(114)) - omNode-1@group-523986131536: ConfigurationManager, init=conf: {index: -1, cur=peers:[omNode-3|localhost:15017, omNode-1|localhost:15009, omNode-2|localhost:15013]|listeners:[], old=null}, confs=<EMPTY_MAP>
2025-04-23 04:28:45,464 [omNode-1-groupManagement] INFO  server.RaftServerConfigKeys (ConfUtils.java:logGet(46)) - raft.server.notification.no-leader.timeout = 2s (custom)
2025-04-23 04:28:45,464 [omNode-1-groupManagement] INFO  server.RaftServerConfigKeys (ConfUtils.java:logGet(46)) - raft.server.read.timeout = 10s (default)
2025-04-23 04:28:45,464 [omNode-1-groupManagement] INFO  server.RaftServerConfigKeys (ConfUtils.java:logGet(46)) - raft.server.retrycache.expirytime = 30000ms (custom)
2025-04-23 04:28:45,464 [omNode-1-groupManagement] INFO  server.RaftServerConfigKeys (ConfUtils.java:logGet(46)) - raft.server.retrycache.statistics.expirytime = 100ms (default)
2025-04-23 04:28:45,464 [omNode-1-groupManagement] INFO  server.RaftServerConfigKeys (ConfUtils.java:logGet(46)) - raft.server.read.option = DEFAULT (default)
2025-04-23 04:28:45,464 [omNode-1-groupManagement] INFO  server.RaftServerConfigKeys (ConfUtils.java:logGet(46)) - raft.server.read.read-after-write-consistent.write-index-cache.expiry-time = 60s (default)
2025-04-23 04:28:45,466 [omNode-1-groupManagement] INFO  server.RaftServerConfigKeys (ConfUtils.java:logGet(46)) - raft.server.rpc.request.timeout = 3000ms (default)
2025-04-23 04:28:45,466 [omNode-1-groupManagement] INFO  server.RaftServerConfigKeys (ConfUtils.java:logGet(46)) - raft.server.log.appender.install.snapshot.enabled = false (custom)
2025-04-23 04:28:45,466 [omNode-1-groupManagement] INFO  server.RaftServerConfigKeys (ConfUtils.java:logGet(46)) - raft.server.threadpool.server.cached = true (default)
2025-04-23 04:28:45,466 [omNode-1-groupManagement] INFO  server.RaftServerConfigKeys (ConfUtils.java:logGet(46)) - raft.server.threadpool.server.size = 0 (default)
2025-04-23 04:28:45,466 [omNode-1-groupManagement] INFO  server.RaftServerConfigKeys (ConfUtils.java:logGet(46)) - raft.server.threadpool.client.cached = true (default)
2025-04-23 04:28:45,466 [omNode-1-groupManagement] INFO  server.RaftServerConfigKeys (ConfUtils.java:logGet(46)) - raft.server.threadpool.client.size = 0 (default)
2025-04-23 04:28:45,466 [omNode-1-impl-thread1] INFO  server.RaftServerConfigKeys (ConfUtils.java:logGet(46)) - raft.server.storage.free-space.min = 0MB (=0) (default)
2025-04-23 04:28:45,466 [omNode-1-impl-thread1] INFO  server.RaftServerConfigKeys (ConfUtils.java:logGet(46)) - raft.server.log.corruption.policy = EXCEPTION (default)
2025-04-23 04:28:45,466 [omNode-1-impl-thread1] INFO  server.RaftServerConfigKeys (ConfUtils.java:logGet(46)) - raft.server.storage.dir = [/home/runner/work/ozone/ozone/hadoop-ozone/integration-test/target/test-dir/MiniOzoneClusterImpl-ff59c164-3798-4a7f-a16d-eeed9ffb3244/omNode-1/ratis] (custom)
2025-04-23 04:28:45,467 [omNode-1-impl-thread1] INFO  storage.RaftStorageDirectory (RaftStorageDirectoryImpl.java:tryLock(229)) - Lock on /home/runner/work/ozone/ozone/hadoop-ozone/integration-test/target/test-dir/MiniOzoneClusterImpl-ff59c164-3798-4a7f-a16d-eeed9ffb3244/omNode-1/ratis/c9bc4cf4-3bc3-3c60-a66b-523986131536/in_use.lock acquired by nodename 129558@fv-az1441-587
2025-04-23 04:28:45,467 [omNode-1-impl-thread1] INFO  storage.RaftStorage (RaftStorageImpl.java:analyzeAndRecoverStorage(118)) - Read RaftStorageMetadata{term=12, votedFor=omNode-1} from /home/runner/work/ozone/ozone/hadoop-ozone/integration-test/target/test-dir/MiniOzoneClusterImpl-ff59c164-3798-4a7f-a16d-eeed9ffb3244/omNode-1/ratis/c9bc4cf4-3bc3-3c60-a66b-523986131536/current/raft-meta
2025-04-23 04:28:45,468 [omNode-1-impl-thread1] INFO  server.RaftServer$Division (ServerState.java:setRaftConf(386)) - omNode-1@group-523986131536: set configuration conf: {index: 309, cur=peers:[omNode-3|localhost:15017, omNode-1|localhost:15009, omNode-2|localhost:15013]|listeners:[], old=null}
2025-04-23 04:28:45,468 [omNode-1-impl-thread1] INFO  ratis.OzoneManagerStateMachine (OzoneManagerStateMachine.java:lambda$0(138)) - omNode-1: initialize group-523986131536 with (t:12, i:310)
2025-04-23 04:28:45,468 [omNode-1-impl-thread1] INFO  server.RaftServerConfigKeys (ConfUtils.java:logGet(46)) - raft.server.log.use.memory = false (default)
2025-04-23 04:28:45,468 [omNode-1-impl-thread1] INFO  server.RaftServerConfigKeys (ConfUtils.java:logGet(46)) - raft.server.log.purge.gap = 50 (custom)
2025-04-23 04:28:45,468 [omNode-1-impl-thread1] INFO  server.RaftServerConfigKeys (ConfUtils.java:logGet(46)) - raft.server.log.appender.buffer.byte-limit = 4194304 (custom)
2025-04-23 04:28:45,468 [omNode-1-impl-thread1] INFO  server.RaftServerConfigKeys (ConfUtils.java:logGet(46)) - raft.server.log.statemachine.data.read.timeout = 1000ms (default)
2025-04-23 04:28:45,468 [omNode-1-impl-thread1] INFO  server.RaftServerConfigKeys (ConfUtils.java:logGet(46)) - raft.server.log.purge.preservation.log.num = 0 (default)
2025-04-23 04:28:45,469 [omNode-1-impl-thread1] INFO  server.RaftServerConfigKeys (ConfUtils.java:logGet(46)) - raft.server.log.segment.size.max = 4194304 (custom)
2025-04-23 04:28:45,469 [omNode-1-impl-thread1] INFO  server.RaftServerConfigKeys (ConfUtils.java:logGet(46)) - raft.server.log.segment.cache.num.max = 2 (custom)
2025-04-23 04:28:45,469 [omNode-1-impl-thread1] INFO  server.RaftServerConfigKeys (ConfUtils.java:logGet(46)) - raft.server.log.segment.cache.size.max = 200MB (=209715200) (default)
2025-04-23 04:28:45,469 [omNode-1-impl-thread1] INFO  server.RaftServerConfigKeys (ConfUtils.java:logGet(46)) - raft.server.log.appender.buffer.byte-limit = 4194304 (custom)
2025-04-23 04:28:45,469 [omNode-1-impl-thread1] INFO  util.AwaitToRun (AwaitToRun.java:start(81)) - Thread[#5662,omNode-1@group-523986131536-cacheEviction-AwaitToRun,5,main] started
2025-04-23 04:28:45,469 [omNode-1-impl-thread1] INFO  segmented.SegmentedRaftLogWorker (SegmentedRaftLogWorker.java:<init>(188)) - new omNode-1@group-523986131536-SegmentedRaftLogWorker for RaftStorageImpl:Storage Directory /home/runner/work/ozone/ozone/hadoop-ozone/integration-test/target/test-dir/MiniOzoneClusterImpl-ff59c164-3798-4a7f-a16d-eeed9ffb3244/omNode-1/ratis/c9bc4cf4-3bc3-3c60-a66b-523986131536
2025-04-23 04:28:45,469 [omNode-1-impl-thread1] INFO  server.RaftServerConfigKeys (ConfUtils.java:logGet(46)) - raft.server.log.queue.byte-limit = 64MB (=67108864) (default)
2025-04-23 04:28:45,469 [omNode-1-impl-thread1] INFO  server.RaftServerConfigKeys (ConfUtils.java:logGet(46)) - raft.server.log.queue.element-limit = 4096 (default)
2025-04-23 04:28:45,469 [omNode-1-impl-thread1] INFO  server.RaftServerConfigKeys (ConfUtils.java:logGet(46)) - raft.server.log.segment.size.max = 4194304 (custom)
2025-04-23 04:28:45,469 [omNode-1-impl-thread1] INFO  server.RaftServerConfigKeys (ConfUtils.java:logGet(46)) - raft.server.log.preallocated.size = 4194304 (custom)
2025-04-23 04:28:45,469 [omNode-1-impl-thread1] INFO  server.RaftServerConfigKeys (ConfUtils.java:logGet(46)) - raft.server.log.force.sync.num = 128 (default)
2025-04-23 04:28:45,469 [omNode-1-impl-thread1] INFO  server.RaftServerConfigKeys (ConfUtils.java:logGet(46)) - raft.server.log.statemachine.data.sync = true (default)
2025-04-23 04:28:45,469 [omNode-1-impl-thread1] INFO  server.RaftServerConfigKeys (ConfUtils.java:logGet(46)) - raft.server.log.statemachine.data.sync.timeout = 10s (default)
2025-04-23 04:28:45,469 [omNode-1-impl-thread1] INFO  server.RaftServerConfigKeys (ConfUtils.java:logGet(46)) - raft.server.log.statemachine.data.sync.timeout.retry = -1 (default)
2025-04-23 04:28:45,469 [omNode-1-impl-thread1] INFO  server.RaftServerConfigKeys (ConfUtils.java:logGet(46)) - raft.server.log.write.buffer.size = 4194312 (custom)
2025-04-23 04:28:45,470 [omNode-1-impl-thread1] INFO  server.RaftServerConfigKeys (ConfUtils.java:logGet(46)) - raft.server.log.appender.buffer.byte-limit = 4194304 (custom)
2025-04-23 04:28:45,471 [omNode-1-impl-thread1] INFO  server.RaftServerConfigKeys (ConfUtils.java:logGet(46)) - raft.server.log.unsafe-flush.enabled = false (default)
2025-04-23 04:28:45,471 [omNode-1-impl-thread1] INFO  server.RaftServerConfigKeys (ConfUtils.java:logGet(46)) - raft.server.log.async-flush.enabled = false (default)
2025-04-23 04:28:45,471 [omNode-1-impl-thread1] INFO  server.RaftServerConfigKeys (ConfUtils.java:logGet(46)) - raft.server.log.statemachine.data.caching.enabled = false (default)
2025-04-23 04:28:45,471 [omNode-1-impl-thread1] INFO  server.RaftServer$Division (ServerState.java:setRaftConf(386)) - omNode-1@group-523986131536: set configuration conf: {index: 107, cur=peers:[omNode-3|localhost:15017, omNode-1|localhost:15009, omNode-2|localhost:15013]|listeners:[], old=null}
2025-04-23 04:28:45,472 [omNode-1-impl-thread1] INFO  segmented.LogSegment (LogSegment.java:loadSegment(171)) - Successfully read 202 entries from segment file /home/runner/work/ozone/ozone/hadoop-ozone/integration-test/target/test-dir/MiniOzoneClusterImpl-ff59c164-3798-4a7f-a16d-eeed9ffb3244/omNode-1/ratis/c9bc4cf4-3bc3-3c60-a66b-523986131536/current/log_107-308
2025-04-23 04:28:45,472 [omNode-1-impl-thread1] INFO  server.RaftServer$Division (ServerState.java:setRaftConf(386)) - omNode-1@group-523986131536: set configuration conf: {index: 309, cur=peers:[omNode-3|localhost:15017, omNode-1|localhost:15009, omNode-2|localhost:15013]|listeners:[], old=null}
2025-04-23 04:28:45,472 [omNode-1-impl-thread1] INFO  segmented.LogSegment (LogSegment.java:loadSegment(171)) - Successfully read 2 entries from segment file /home/runner/work/ozone/ozone/hadoop-ozone/integration-test/target/test-dir/MiniOzoneClusterImpl-ff59c164-3798-4a7f-a16d-eeed9ffb3244/omNode-1/ratis/c9bc4cf4-3bc3-3c60-a66b-523986131536/current/log_inprogress_309
2025-04-23 04:28:45,472 [omNode-1-impl-thread1] INFO  segmented.SegmentedRaftLogWorker (SegmentedRaftLogWorker.java:lambda$new$0(139)) - omNode-1@group-523986131536-SegmentedRaftLogWorker: flushIndex: setUnconditionally 0 -> 310
2025-04-23 04:28:45,472 [omNode-1-impl-thread1] INFO  segmented.SegmentedRaftLogWorker (SegmentedRaftLogWorker.java:lambda$new$0(139)) - omNode-1@group-523986131536-SegmentedRaftLogWorker: safeCacheEvictIndex: setUnconditionally 0 -> 308
2025-04-23 04:28:45,472 [omNode-1-impl-thread1] INFO  segmented.BufferedWriteChannel (BufferedWriteChannel.java:open(61)) - open log_inprogress_309 (append) at position 128
2025-04-23 04:28:45,473 [omNode-1-impl-thread1] INFO  raftlog.RaftLog (RaftLogBase.java:lambda$new$0(54)) - omNode-1@group-523986131536-SegmentedRaftLog: purgeIndex: updateToMax old=-1, new=106, updated? true
2025-04-23 04:28:45,473 [omNode-1-impl-thread1] INFO  server.RaftServer$Division (RaftServerImpl.java:start(391)) - omNode-1@group-523986131536: start as a follower, conf=conf: {index: 309, cur=peers:[omNode-3|localhost:15017, omNode-1|localhost:15009, omNode-2|localhost:15013]|listeners:[], old=null}
2025-04-23 04:28:45,473 [omNode-1-impl-thread1] INFO  server.RaftServer$Division (RaftServerImpl.java:setRole(378)) - omNode-1@group-523986131536: changes role from      null to FOLLOWER at term 12 for startAsFollower
2025-04-23 04:28:45,473 [omNode-1-impl-thread1] INFO  impl.RoleInfo (RoleInfo.java:updateAndGet(148)) - omNode-1: start omNode-1@group-523986131536-FollowerState
2025-04-23 04:28:45,473 [omNode-1-impl-thread1] INFO  util.JmxRegister (JmxRegister.java:tryRegister(44)) - Successfully registered JMX Bean with object name Ratis:service=RaftServer,group=group-523986131536,id=omNode-1
2025-04-23 04:28:45,473 [omNode-1-impl-thread1] INFO  util.JmxRegister (JmxRegister.java:register(58)) - register mxBean class org.apache.ratis.server.impl.RaftServerJmxAdapter as Ratis:service=RaftServer,group=group-523986131536,id=omNode-1
2025-04-23 04:28:45,473 [omNode-1@group-523986131536-FollowerState] INFO  server.RaftServerConfigKeys (ConfUtils.java:logFallback(53)) - raft.server.rpc.first-election.timeout.min = 1s (fallback to raft.server.rpc.timeout.min)
2025-04-23 04:28:45,473 [omNode-1-impl-thread1] INFO  server.RaftServerConfigKeys (ConfUtils.java:logGet(46)) - raft.server.snapshot.trigger-when-stop.enabled = true (default)
2025-04-23 04:28:45,473 [omNode-1-impl-thread1] INFO  server.RaftServerConfigKeys (ConfUtils.java:logGet(46)) - raft.server.snapshot.trigger-when-remove.enabled = true (default)
2025-04-23 04:28:45,473 [omNode-1-impl-thread1] INFO  server.RaftServerConfigKeys (ConfUtils.java:logGet(46)) - raft.server.snapshot.auto.trigger.enabled = true (custom)
2025-04-23 04:28:45,473 [omNode-1@group-523986131536-FollowerState] INFO  server.RaftServerConfigKeys (ConfUtils.java:logFallback(53)) - raft.server.rpc.first-election.timeout.max = 1200ms (fallback to raft.server.rpc.timeout.max)
2025-04-23 04:28:45,473 [omNode-1-impl-thread1] INFO  server.RaftServerConfigKeys (ConfUtils.java:logGet(46)) - raft.server.snapshot.auto.trigger.threshold = 50 (custom)
2025-04-23 04:28:45,473 [omNode-1-impl-thread1] INFO  server.RaftServerConfigKeys (ConfUtils.java:logGet(46)) - raft.server.snapshot.retention.file.num = -1 (default)
2025-04-23 04:28:45,473 [omNode-1-impl-thread1] INFO  server.RaftServerConfigKeys (ConfUtils.java:logGet(46)) - raft.server.log.purge.upto.snapshot.index = true (custom)
2025-04-23 04:28:45,474 [omNode-1-impl-thread1] INFO  server.RaftServer$Division (RaftServerImpl.java:start(405)) - omNode-1@group-523986131536: Successfully started.
2025-04-23 04:28:45,474 [main] INFO  server.RaftServer (RaftServerProxy.java:startImpl(407)) - omNode-1: start RPC server
2025-04-23 04:28:45,474 [main] INFO  server.GrpcService (GrpcService.java:startImpl(334)) - omNode-1: GrpcService started, listening on 15009
2025-04-23 04:28:45,475 [main] INFO  om.OzoneManager (OzoneManager.java:getRpcServer(1360)) - Creating RPC Server
2025-04-23 04:28:45,475 [JvmPauseMonitor30] INFO  util.JvmPauseMonitor (JvmPauseMonitor.java:run(146)) - JvmPauseMonitor-omNode-1: Started
2025-04-23 04:28:45,814 [main] INFO  reflections.Reflections (Reflections.java:scan(219)) - Reflections took 339 ms to scan 22 urls, producing 61 keys and 7422 values
2025-04-23 04:28:45,815 [main] INFO  ipc.CallQueueManager (CallQueueManager.java:<init>(93)) - Using callQueue: class java.util.concurrent.LinkedBlockingQueue, queueCapacity: 2000, scheduler: class org.apache.hadoop.ipc.DefaultRpcScheduler, ipcBackoff: false, ipcFailOver: false.
2025-04-23 04:28:45,815 [main] INFO  ipc.Server (Server.java:<init>(1438)) - Listener at localhost:15006
2025-04-23 04:28:45,816 [Socket Reader #1 for port 15006] INFO  ipc.Server (Server.java:run(1474)) - Starting Socket Reader #1 for port 15006
2025-04-23 04:28:45,816 [Socket Reader #2 for port 15006] INFO  ipc.Server (Server.java:run(1474)) - Starting Socket Reader #2 for port 15006
2025-04-23 04:28:45,816 [Socket Reader #3 for port 15006] INFO  ipc.Server (Server.java:run(1474)) - Starting Socket Reader #3 for port 15006
2025-04-23 04:28:45,816 [Socket Reader #4 for port 15006] INFO  ipc.Server (Server.java:run(1474)) - Starting Socket Reader #4 for port 15006
2025-04-23 04:28:45,816 [Socket Reader #5 for port 15006] INFO  ipc.Server (Server.java:run(1474)) - Starting Socket Reader #5 for port 15006
2025-04-23 04:28:45,817 [Socket Reader #6 for port 15006] INFO  ipc.Server (Server.java:run(1474)) - Starting Socket Reader #6 for port 15006
2025-04-23 04:28:45,817 [Socket Reader #7 for port 15006] INFO  ipc.Server (Server.java:run(1474)) - Starting Socket Reader #7 for port 15006
2025-04-23 04:28:45,817 [Socket Reader #8 for port 15006] INFO  ipc.Server (Server.java:run(1474)) - Starting Socket Reader #8 for port 15006
2025-04-23 04:28:45,817 [Socket Reader #9 for port 15006] INFO  ipc.Server (Server.java:run(1474)) - Starting Socket Reader #9 for port 15006
2025-04-23 04:28:45,817 [Socket Reader #10 for port 15006] INFO  ipc.Server (Server.java:run(1474)) - Starting Socket Reader #10 for port 15006
2025-04-23 04:28:45,819 [main] INFO  http.BaseHttpServer (BaseHttpServer.java:newHttpServer2BuilderForOzone(229)) - Starting Web-server for ozoneManager at: http://0.0.0.0:15007
2025-04-23 04:28:45,819 [main] INFO  http.BaseHttpServer (BaseHttpServer.java:<init>(107)) - Hadoop Security Enabled: false Ozone Security Enabled: false Ozone HTTP Security Enabled: false 
2025-04-23 04:28:45,820 [main] WARN  server.AuthenticationFilter (AuthenticationFilter.java:constructSecretProvider(240)) - Unable to initialize FileSignerSecretProvider, falling back to use random secrets. Reason: Could not read signature secret file: /home/runner/hadoop-http-auth-signature-secret
2025-04-23 04:28:45,822 [main] INFO  http.HttpServer2 (HttpServer2.java:addGlobalFilter(1041)) - Added global filter 'safety' (class=org.apache.hadoop.hdds.server.http.HttpServer2$QuotingInputFilter)
2025-04-23 04:28:45,822 [main] INFO  http.HttpServer2 (HttpServer2.java:addFilter(1017)) - Added filter static_user_filter (class=org.apache.hadoop.http.lib.StaticUserWebFilter$StaticUserFilter) to context ozoneManager
2025-04-23 04:28:45,822 [main] INFO  http.HttpServer2 (HttpServer2.java:addFilter(1025)) - Added filter static_user_filter (class=org.apache.hadoop.http.lib.StaticUserWebFilter$StaticUserFilter) to context static
2025-04-23 04:28:45,822 [main] INFO  http.HttpServer2 (HttpServer2.java:addFilter(1025)) - Added filter static_user_filter (class=org.apache.hadoop.http.lib.StaticUserWebFilter$StaticUserFilter) to context logs
2025-04-23 04:28:45,823 [main] INFO  http.BaseHttpServer (BaseHttpServer.java:<init>(195)) - HTTP server of ozoneManager uses base directory /home/runner/work/ozone/ozone/hadoop-ozone/integration-test/target/test-dir/MiniOzoneClusterImpl-ff59c164-3798-4a7f-a16d-eeed9ffb3244/omNode-1/webserver
2025-04-23 04:28:45,823 [main] INFO  http.HttpServer2 (HttpServer2.java:bindListener(1241)) - Jetty bound to port 15007
2025-04-23 04:28:45,823 [main] INFO  server.Server (Server.java:doStart(375)) - jetty-9.4.57.v20241219; built: 2025-01-08T21:24:30.412Z; git: df524e6b29271c2e09ba9aea83c18dc9db464a31; jvm 21.0.7+6-LTS
2025-04-23 04:28:45,824 [main] INFO  server.session (DefaultSessionIdManager.java:doStart(334)) - DefaultSessionIdManager workerName=node0
2025-04-23 04:28:45,824 [main] INFO  server.session (DefaultSessionIdManager.java:doStart(339)) - No SessionScavenger set, using defaults
2025-04-23 04:28:45,825 [main] INFO  server.session (HouseKeeper.java:startScavenging(132)) - node0 Scavenging every 600000ms
2025-04-23 04:28:45,825 [main] INFO  handler.ContextHandler (ContextHandler.java:doStart(921)) - Started o.e.j.s.ServletContextHandler@74afd4f7{logs,/logs,file:///home/runner/work/ozone/ozone/hadoop-ozone/integration-test/target/log,AVAILABLE}
2025-04-23 04:28:45,825 [main] INFO  handler.ContextHandler (ContextHandler.java:doStart(921)) - Started o.e.j.s.ServletContextHandler@57433a11{static,/static,file:///home/runner/work/ozone/ozone/hadoop-ozone/integration-test/target/test-classes/webapps/static,AVAILABLE}
2025-04-23 04:28:45,829 [main] INFO  handler.ContextHandler (ContextHandler.java:doStart(921)) - Started o.e.j.w.WebAppContext@2b2bc43b{ozoneManager,/,file:///home/runner/work/ozone/ozone/hadoop-ozone/integration-test/target/test-classes/webapps/ozoneManager/,AVAILABLE}{file:/home/runner/work/ozone/ozone/hadoop-ozone/integration-test/target/test-classes/webapps/ozoneManager}
2025-04-23 04:28:45,829 [main] INFO  server.AbstractConnector (AbstractConnector.java:doStart(333)) - Started ServerConnector@2daa5d49{HTTP/1.1, (http/1.1)}{0.0.0.0:15007}
2025-04-23 04:28:45,829 [main] INFO  server.Server (Server.java:doStart(415)) - Started @129248ms
2025-04-23 04:28:45,830 [main] WARN  impl.MetricsSystemImpl (MetricsSystemImpl.java:register(279)) - Sink prometheus already exists!
2025-04-23 04:28:45,830 [main] INFO  http.BaseHttpServer (BaseHttpServer.java:updateConnectorAddress(360)) - HTTP server of ozoneManager listening at http://0.0.0.0:15007
2025-04-23 04:28:45,830 [IPC Server Responder] INFO  ipc.Server (Server.java:run(1713)) - IPC Server Responder: starting
2025-04-23 04:28:45,830 [IPC Server listener on 15006] INFO  ipc.Server (Server.java:run(1553)) - IPC Server listener on 15006: starting
2025-04-23 04:28:45,833 [main] INFO  om.OzoneManager (OzoneManager.java:startTrashEmptier(2257)) - Trash Interval set to 0. Files deleted won't move to trash
2025-04-23 04:28:45,833 [main] INFO  om.OzoneManager (OzoneManager.java:restart(1878)) - OzoneManager RPC server is listening at localhost/127.0.0.1:15010
2025-04-23 04:28:45,833 [main] INFO  impl.MetricsSystemImpl (MetricsSystemImpl.java:init(158)) - OzoneManager metrics system started (again)
2025-04-23 04:28:45,844 [main] WARN  server.ServerUtils (ServerUtils.java:getDBPath(297)) - ozone.om.db.dirs is not configured. We recommend adding this setting. Falling back to ozone.metadata.dirs instead.
2025-04-23 04:28:45,893 [main] INFO  om.OzoneManager (OzoneManager.java:instantiateServices(933)) - S3 Multi-Tenancy is disabled
2025-04-23 04:28:45,893 [main] INFO  om.OmSnapshotManager (OmSnapshotManager.java:<init>(180)) - Ozone filesystem snapshot feature is enabled.
2025-04-23 04:28:45,893 [main] WARN  server.ServerUtils (ServerUtils.java:getDBPath(297)) - ozone.om.snapshot.diff.db.dir is not configured. We recommend adding this setting. Falling back to ozone.metadata.dirs instead.
2025-04-23 04:28:45,908 [main] WARN  dropwizard3.Dm3MetricRegistriesImpl (Dm3MetricRegistriesImpl.java:addReporterRegistration(114)) - New reporters are added after registries were created. Some metrics will be missing from the reporter. Please add reporter before adding any new registry.
2025-04-23 04:28:45,908 [main] WARN  dropwizard3.Dm3MetricRegistriesImpl (Dm3MetricRegistriesImpl.java:addReporterRegistration(114)) - New reporters are added after registries were created. Some metrics will be missing from the reporter. Please add reporter before adding any new registry.
2025-04-23 04:28:45,908 [main] WARN  server.ServerUtils (ServerUtils.java:getDefaultRatisDirectory(309)) - Storage directory for Ratis is not configured. It is a good idea to map this to an SSD disk. Falling back to ozone.metadata.dirs
2025-04-23 04:28:45,908 [main] INFO  server.RaftServerConfigKeys (ConfUtils.java:logGet(46)) - raft.server.log.appender.buffer.byte-limit = 4194304 (custom)
2025-04-23 04:28:45,909 [main] INFO  ratis.OzoneManagerRatisServer (OzoneManagerRatisServer.java:<init>(167)) - Instantiating OM Ratis server with groupID: om-service-test1 and peers: localhost:15013, localhost:15017, localhost:15009
2025-04-23 04:28:45,909 [main] INFO  ratis.OzoneManagerStateMachine (OzoneManagerStateMachine.java:loadSnapshotInfoFromDB(611)) - LastAppliedIndex is set from TransactionInfo from OM DB as (t:12, i:310)
2025-04-23 04:28:45,909 [main] INFO  server.RaftServer (ConfUtils.java:logGet(46)) - raft.rpc.type = GRPC (default)
2025-04-23 04:28:45,910 [main] INFO  grpc.GrpcConfigKeys (ConfUtils.java:logFallback(53)) - raft.grpc.admin.host = null (fallback to raft.grpc.server.host)
2025-04-23 04:28:45,910 [main] INFO  grpc.GrpcConfigKeys (ConfUtils.java:logFallback(53)) - raft.grpc.admin.port = 15013 (fallback to raft.grpc.server.port)
2025-04-23 04:28:45,910 [main] INFO  grpc.GrpcConfigKeys (ConfUtils.java:logFallback(53)) - raft.grpc.client.host = null (fallback to raft.grpc.server.host)
2025-04-23 04:28:45,910 [main] INFO  grpc.GrpcConfigKeys (ConfUtils.java:logFallback(53)) - raft.grpc.client.port = 15013 (fallback to raft.grpc.server.port)
2025-04-23 04:28:45,910 [main] INFO  grpc.GrpcConfigKeys (ConfUtils.java:logGet(46)) - raft.grpc.server.host = null (default)
2025-04-23 04:28:45,910 [main] INFO  grpc.GrpcConfigKeys (ConfUtils.java:logGet(46)) - raft.grpc.server.port = 15013 (custom)
2025-04-23 04:28:45,910 [main] INFO  server.GrpcService (ConfUtils.java:logGet(46)) - raft.grpc.message.size.max = 5242880 (custom)
2025-04-23 04:28:45,910 [main] INFO  server.GrpcService (ConfUtils.java:logGet(46)) - raft.grpc.flow.control.window = 1MB (=1048576) (default)
2025-04-23 04:28:45,910 [main] INFO  server.RaftServerConfigKeys (ConfUtils.java:logGet(46)) - raft.server.rpc.request.timeout = 3000ms (default)
2025-04-23 04:28:45,910 [main] INFO  grpc.GrpcConfigKeys (ConfUtils.java:logGet(46)) - raft.grpc.server.heartbeat.channel = true (default)
2025-04-23 04:28:45,911 [main] INFO  server.RaftServerConfigKeys (ConfUtils.java:logGet(46)) - raft.server.log.appender.buffer.byte-limit = 4194304 (custom)
2025-04-23 04:28:45,911 [main] INFO  grpc.GrpcConfigKeys (ConfUtils.java:logGet(46)) - raft.grpc.server.async.request.thread.pool.cached = true (default)
2025-04-23 04:28:45,911 [main] INFO  grpc.GrpcConfigKeys (ConfUtils.java:logGet(46)) - raft.grpc.server.async.request.thread.pool.size = 32 (default)
2025-04-23 04:28:45,911 [main] INFO  impl.DataStreamServerImpl (ConfUtils.java:logGet(46)) - raft.datastream.type = DISABLED (default)
2025-04-23 04:28:45,912 [main] INFO  server.RaftServerConfigKeys (ConfUtils.java:logGet(46)) - raft.server.sleep.deviation.threshold = 300ms (default)
2025-04-23 04:28:45,912 [main] INFO  server.RaftServerConfigKeys (ConfUtils.java:logGet(46)) - raft.server.close.threshold = 60s (default)
2025-04-23 04:28:45,912 [main] INFO  server.RaftServerConfigKeys (ConfUtils.java:logGet(46)) - raft.server.leaderelection.leader.step-down.wait-time = 10s (default)
2025-04-23 04:28:45,912 [main] INFO  server.RaftServerConfigKeys (ConfUtils.java:logGet(46)) - raft.server.storage.dir = [/home/runner/work/ozone/ozone/hadoop-ozone/integration-test/target/test-dir/MiniOzoneClusterImpl-ff59c164-3798-4a7f-a16d-eeed9ffb3244/omNode-2/ratis] (custom)
2025-04-23 04:28:45,912 [main] INFO  server.RaftServerConfigKeys (ConfUtils.java:logGet(46)) - raft.server.threadpool.proxy.cached = true (default)
2025-04-23 04:28:45,912 [main] INFO  server.RaftServerConfigKeys (ConfUtils.java:logGet(46)) - raft.server.threadpool.proxy.size = 0 (default)
2025-04-23 04:28:45,912 [omNode-2-impl-thread1] INFO  server.RaftServer (RaftServerProxy.java:initGroupDir(265)) - omNode-2: found a subdirectory /home/runner/work/ozone/ozone/hadoop-ozone/integration-test/target/test-dir/MiniOzoneClusterImpl-ff59c164-3798-4a7f-a16d-eeed9ffb3244/omNode-2/ratis/c9bc4cf4-3bc3-3c60-a66b-523986131536
2025-04-23 04:28:45,913 [main] INFO  server.RaftServer (RaftServerProxy.java:addNew(100)) - omNode-2: addNew group-523986131536:[omNode-3|localhost:15017, omNode-1|localhost:15009, omNode-2|localhost:15013] returns group-523986131536:java.util.concurrent.CompletableFuture@6d6744ee[Not completed]
2025-04-23 04:28:45,913 [main] INFO  om.OzoneManager (OzoneManager.java:initializeRatisServer(2303)) - OzoneManager Ratis server initialized at port 15013
2025-04-23 04:28:45,913 [main] INFO  ratis.OzoneManagerRatisServer (OzoneManagerRatisServer.java:start(628)) - Starting OzoneManagerRatisServer omNode-2 at port 15013
2025-04-23 04:28:45,913 [omNode-2-groupManagement] INFO  server.RaftServer$Division (RaftServerImpl.java:<init>(255)) - omNode-2: new RaftServerImpl for group-523986131536:[omNode-3|localhost:15017, omNode-1|localhost:15009, omNode-2|localhost:15013] with OzoneManagerStateMachine:uninitialized
2025-04-23 04:28:45,913 [omNode-2-groupManagement] INFO  server.RaftServerConfigKeys (ConfUtils.java:logGet(46)) - raft.server.rpc.timeout.min = 1s (custom)
2025-04-23 04:28:45,913 [omNode-2-groupManagement] INFO  server.RaftServerConfigKeys (ConfUtils.java:logGet(46)) - raft.server.rpc.timeout.max = 1200ms (custom)
2025-04-23 04:28:45,913 [omNode-2-groupManagement] INFO  server.RaftServerConfigKeys (ConfUtils.java:logGet(46)) - raft.server.rpc.sleep.time = 25ms (default)
2025-04-23 04:28:45,913 [omNode-2-groupManagement] INFO  server.RaftServerConfigKeys (ConfUtils.java:logGet(46)) - raft.server.rpc.slowness.timeout = 2s (custom)
2025-04-23 04:28:45,913 [omNode-2-groupManagement] INFO  server.RaftServerConfigKeys (ConfUtils.java:logGet(46)) - raft.server.leaderelection.leader.step-down.wait-time = 10s (default)
2025-04-23 04:28:45,913 [omNode-2-groupManagement] INFO  server.RaftServerConfigKeys (ConfUtils.java:logGet(46)) - raft.server.leaderelection.member.majority-add = false (default)
2025-04-23 04:28:45,913 [omNode-2-groupManagement] INFO  server.RaftServerConfigKeys (ConfUtils.java:logGet(46)) - raft.server.sleep.deviation.threshold = 300ms (default)
2025-04-23 04:28:45,913 [omNode-2-groupManagement] INFO  server.RaftServer$Division (ServerState.java:<init>(114)) - omNode-2@group-523986131536: ConfigurationManager, init=conf: {index: -1, cur=peers:[omNode-3|localhost:15017, omNode-1|localhost:15009, omNode-2|localhost:15013]|listeners:[], old=null}, confs=<EMPTY_MAP>
2025-04-23 04:28:45,913 [omNode-2-groupManagement] INFO  server.RaftServerConfigKeys (ConfUtils.java:logGet(46)) - raft.server.notification.no-leader.timeout = 2s (custom)
2025-04-23 04:28:45,914 [omNode-2-groupManagement] INFO  server.RaftServerConfigKeys (ConfUtils.java:logGet(46)) - raft.server.read.timeout = 10s (default)
2025-04-23 04:28:45,914 [omNode-2-groupManagement] INFO  server.RaftServerConfigKeys (ConfUtils.java:logGet(46)) - raft.server.retrycache.expirytime = 30000ms (custom)
2025-04-23 04:28:45,914 [omNode-2-groupManagement] INFO  server.RaftServerConfigKeys (ConfUtils.java:logGet(46)) - raft.server.retrycache.statistics.expirytime = 100ms (default)
2025-04-23 04:28:45,914 [omNode-2-groupManagement] INFO  server.RaftServerConfigKeys (ConfUtils.java:logGet(46)) - raft.server.read.option = DEFAULT (default)
2025-04-23 04:28:45,914 [omNode-2-groupManagement] INFO  server.RaftServerConfigKeys (ConfUtils.java:logGet(46)) - raft.server.read.read-after-write-consistent.write-index-cache.expiry-time = 60s (default)
2025-04-23 04:28:45,915 [omNode-2-groupManagement] INFO  server.RaftServerConfigKeys (ConfUtils.java:logGet(46)) - raft.server.rpc.request.timeout = 3000ms (default)
2025-04-23 04:28:45,915 [omNode-2-groupManagement] INFO  server.RaftServerConfigKeys (ConfUtils.java:logGet(46)) - raft.server.log.appender.install.snapshot.enabled = false (custom)
2025-04-23 04:28:45,915 [omNode-2-groupManagement] INFO  server.RaftServerConfigKeys (ConfUtils.java:logGet(46)) - raft.server.threadpool.server.cached = true (default)
2025-04-23 04:28:45,915 [omNode-2-groupManagement] INFO  server.RaftServerConfigKeys (ConfUtils.java:logGet(46)) - raft.server.threadpool.server.size = 0 (default)
2025-04-23 04:28:45,915 [omNode-2-groupManagement] INFO  server.RaftServerConfigKeys (ConfUtils.java:logGet(46)) - raft.server.threadpool.client.cached = true (default)
2025-04-23 04:28:45,916 [omNode-2-groupManagement] INFO  server.RaftServerConfigKeys (ConfUtils.java:logGet(46)) - raft.server.threadpool.client.size = 0 (default)
2025-04-23 04:28:45,916 [omNode-2-impl-thread1] INFO  server.RaftServerConfigKeys (ConfUtils.java:logGet(46)) - raft.server.storage.free-space.min = 0MB (=0) (default)
2025-04-23 04:28:45,916 [omNode-2-impl-thread1] INFO  server.RaftServerConfigKeys (ConfUtils.java:logGet(46)) - raft.server.log.corruption.policy = EXCEPTION (default)
2025-04-23 04:28:45,916 [omNode-2-impl-thread1] INFO  server.RaftServerConfigKeys (ConfUtils.java:logGet(46)) - raft.server.storage.dir = [/home/runner/work/ozone/ozone/hadoop-ozone/integration-test/target/test-dir/MiniOzoneClusterImpl-ff59c164-3798-4a7f-a16d-eeed9ffb3244/omNode-2/ratis] (custom)
2025-04-23 04:28:45,917 [omNode-2-impl-thread1] INFO  storage.RaftStorageDirectory (RaftStorageDirectoryImpl.java:tryLock(229)) - Lock on /home/runner/work/ozone/ozone/hadoop-ozone/integration-test/target/test-dir/MiniOzoneClusterImpl-ff59c164-3798-4a7f-a16d-eeed9ffb3244/omNode-2/ratis/c9bc4cf4-3bc3-3c60-a66b-523986131536/in_use.lock acquired by nodename 129558@fv-az1441-587
2025-04-23 04:28:45,917 [omNode-2-impl-thread1] INFO  storage.RaftStorage (RaftStorageImpl.java:analyzeAndRecoverStorage(118)) - Read RaftStorageMetadata{term=12, votedFor=omNode-1} from /home/runner/work/ozone/ozone/hadoop-ozone/integration-test/target/test-dir/MiniOzoneClusterImpl-ff59c164-3798-4a7f-a16d-eeed9ffb3244/omNode-2/ratis/c9bc4cf4-3bc3-3c60-a66b-523986131536/current/raft-meta
2025-04-23 04:28:45,917 [omNode-2-impl-thread1] INFO  server.RaftServer$Division (ServerState.java:setRaftConf(386)) - omNode-2@group-523986131536: set configuration conf: {index: 309, cur=peers:[omNode-3|localhost:15017, omNode-1|localhost:15009, omNode-2|localhost:15013]|listeners:[], old=null}
2025-04-23 04:28:45,918 [omNode-2-impl-thread1] INFO  ratis.OzoneManagerStateMachine (OzoneManagerStateMachine.java:lambda$0(138)) - omNode-2: initialize group-523986131536 with (t:12, i:310)
2025-04-23 04:28:45,918 [omNode-2-impl-thread1] INFO  server.RaftServerConfigKeys (ConfUtils.java:logGet(46)) - raft.server.log.use.memory = false (default)
2025-04-23 04:28:45,918 [omNode-2-impl-thread1] INFO  server.RaftServerConfigKeys (ConfUtils.java:logGet(46)) - raft.server.log.purge.gap = 50 (custom)
2025-04-23 04:28:45,918 [omNode-2-impl-thread1] INFO  server.RaftServerConfigKeys (ConfUtils.java:logGet(46)) - raft.server.log.appender.buffer.byte-limit = 4194304 (custom)
2025-04-23 04:28:45,918 [omNode-2-impl-thread1] INFO  server.RaftServerConfigKeys (ConfUtils.java:logGet(46)) - raft.server.log.statemachine.data.read.timeout = 1000ms (default)
2025-04-23 04:28:45,918 [omNode-2-impl-thread1] INFO  server.RaftServerConfigKeys (ConfUtils.java:logGet(46)) - raft.server.log.purge.preservation.log.num = 0 (default)
2025-04-23 04:28:45,919 [omNode-2-impl-thread1] INFO  server.RaftServerConfigKeys (ConfUtils.java:logGet(46)) - raft.server.log.segment.size.max = 4194304 (custom)
2025-04-23 04:28:45,919 [omNode-2-impl-thread1] INFO  server.RaftServerConfigKeys (ConfUtils.java:logGet(46)) - raft.server.log.segment.cache.num.max = 2 (custom)
2025-04-23 04:28:45,919 [omNode-2-impl-thread1] INFO  server.RaftServerConfigKeys (ConfUtils.java:logGet(46)) - raft.server.log.segment.cache.size.max = 200MB (=209715200) (default)
2025-04-23 04:28:45,919 [omNode-2-impl-thread1] INFO  server.RaftServerConfigKeys (ConfUtils.java:logGet(46)) - raft.server.log.appender.buffer.byte-limit = 4194304 (custom)
2025-04-23 04:28:45,919 [omNode-2-impl-thread1] INFO  util.AwaitToRun (AwaitToRun.java:start(81)) - Thread[#5769,omNode-2@group-523986131536-cacheEviction-AwaitToRun,5,main] started
2025-04-23 04:28:45,919 [omNode-2-impl-thread1] INFO  segmented.SegmentedRaftLogWorker (SegmentedRaftLogWorker.java:<init>(188)) - new omNode-2@group-523986131536-SegmentedRaftLogWorker for RaftStorageImpl:Storage Directory /home/runner/work/ozone/ozone/hadoop-ozone/integration-test/target/test-dir/MiniOzoneClusterImpl-ff59c164-3798-4a7f-a16d-eeed9ffb3244/omNode-2/ratis/c9bc4cf4-3bc3-3c60-a66b-523986131536
2025-04-23 04:28:45,919 [omNode-2-impl-thread1] INFO  server.RaftServerConfigKeys (ConfUtils.java:logGet(46)) - raft.server.log.queue.byte-limit = 64MB (=67108864) (default)
2025-04-23 04:28:45,919 [omNode-2-impl-thread1] INFO  server.RaftServerConfigKeys (ConfUtils.java:logGet(46)) - raft.server.log.queue.element-limit = 4096 (default)
2025-04-23 04:28:45,919 [omNode-2-impl-thread1] INFO  server.RaftServerConfigKeys (ConfUtils.java:logGet(46)) - raft.server.log.segment.size.max = 4194304 (custom)
2025-04-23 04:28:45,919 [omNode-2-impl-thread1] INFO  server.RaftServerConfigKeys (ConfUtils.java:logGet(46)) - raft.server.log.preallocated.size = 4194304 (custom)
2025-04-23 04:28:45,919 [omNode-2-impl-thread1] INFO  server.RaftServerConfigKeys (ConfUtils.java:logGet(46)) - raft.server.log.force.sync.num = 128 (default)
2025-04-23 04:28:45,919 [omNode-2-impl-thread1] INFO  server.RaftServerConfigKeys (ConfUtils.java:logGet(46)) - raft.server.log.statemachine.data.sync = true (default)
2025-04-23 04:28:45,919 [omNode-2-impl-thread1] INFO  server.RaftServerConfigKeys (ConfUtils.java:logGet(46)) - raft.server.log.statemachine.data.sync.timeout = 10s (default)
2025-04-23 04:28:45,919 [omNode-2-impl-thread1] INFO  server.RaftServerConfigKeys (ConfUtils.java:logGet(46)) - raft.server.log.statemachine.data.sync.timeout.retry = -1 (default)
2025-04-23 04:28:45,920 [omNode-2-impl-thread1] INFO  server.RaftServerConfigKeys (ConfUtils.java:logGet(46)) - raft.server.log.write.buffer.size = 4194312 (custom)
2025-04-23 04:28:45,920 [omNode-2-impl-thread1] INFO  server.RaftServerConfigKeys (ConfUtils.java:logGet(46)) - raft.server.log.appender.buffer.byte-limit = 4194304 (custom)
2025-04-23 04:28:45,920 [omNode-2-impl-thread1] INFO  server.RaftServerConfigKeys (ConfUtils.java:logGet(46)) - raft.server.log.unsafe-flush.enabled = false (default)
2025-04-23 04:28:45,920 [omNode-2-impl-thread1] INFO  server.RaftServerConfigKeys (ConfUtils.java:logGet(46)) - raft.server.log.async-flush.enabled = false (default)
2025-04-23 04:28:45,920 [omNode-2-impl-thread1] INFO  server.RaftServerConfigKeys (ConfUtils.java:logGet(46)) - raft.server.log.statemachine.data.caching.enabled = false (default)
2025-04-23 04:28:45,920 [omNode-2-impl-thread1] INFO  server.RaftServer$Division (ServerState.java:setRaftConf(386)) - omNode-2@group-523986131536: set configuration conf: {index: 107, cur=peers:[omNode-3|localhost:15017, omNode-1|localhost:15009, omNode-2|localhost:15013]|listeners:[], old=null}
2025-04-23 04:28:45,921 [omNode-2-impl-thread1] INFO  segmented.LogSegment (LogSegment.java:loadSegment(171)) - Successfully read 202 entries from segment file /home/runner/work/ozone/ozone/hadoop-ozone/integration-test/target/test-dir/MiniOzoneClusterImpl-ff59c164-3798-4a7f-a16d-eeed9ffb3244/omNode-2/ratis/c9bc4cf4-3bc3-3c60-a66b-523986131536/current/log_107-308
2025-04-23 04:28:45,921 [omNode-2-impl-thread1] INFO  server.RaftServer$Division (ServerState.java:setRaftConf(386)) - omNode-2@group-523986131536: set configuration conf: {index: 309, cur=peers:[omNode-3|localhost:15017, omNode-1|localhost:15009, omNode-2|localhost:15013]|listeners:[], old=null}
2025-04-23 04:28:45,921 [omNode-2-impl-thread1] INFO  segmented.LogSegment (LogSegment.java:loadSegment(171)) - Successfully read 2 entries from segment file /home/runner/work/ozone/ozone/hadoop-ozone/integration-test/target/test-dir/MiniOzoneClusterImpl-ff59c164-3798-4a7f-a16d-eeed9ffb3244/omNode-2/ratis/c9bc4cf4-3bc3-3c60-a66b-523986131536/current/log_inprogress_309
2025-04-23 04:28:45,921 [omNode-2-impl-thread1] INFO  segmented.SegmentedRaftLogWorker (SegmentedRaftLogWorker.java:lambda$new$0(139)) - omNode-2@group-523986131536-SegmentedRaftLogWorker: flushIndex: setUnconditionally 0 -> 310
2025-04-23 04:28:45,922 [omNode-2-impl-thread1] INFO  segmented.SegmentedRaftLogWorker (SegmentedRaftLogWorker.java:lambda$new$0(139)) - omNode-2@group-523986131536-SegmentedRaftLogWorker: safeCacheEvictIndex: setUnconditionally 0 -> 308
2025-04-23 04:28:45,922 [omNode-2-impl-thread1] INFO  segmented.BufferedWriteChannel (BufferedWriteChannel.java:open(61)) - open log_inprogress_309 (append) at position 128
2025-04-23 04:28:45,922 [omNode-2-impl-thread1] INFO  raftlog.RaftLog (RaftLogBase.java:lambda$new$0(54)) - omNode-2@group-523986131536-SegmentedRaftLog: purgeIndex: updateToMax old=-1, new=106, updated? true
2025-04-23 04:28:45,922 [omNode-2-impl-thread1] INFO  server.RaftServer$Division (RaftServerImpl.java:start(391)) - omNode-2@group-523986131536: start as a follower, conf=conf: {index: 309, cur=peers:[omNode-3|localhost:15017, omNode-1|localhost:15009, omNode-2|localhost:15013]|listeners:[], old=null}
2025-04-23 04:28:45,922 [omNode-2-impl-thread1] INFO  server.RaftServer$Division (RaftServerImpl.java:setRole(378)) - omNode-2@group-523986131536: changes role from      null to FOLLOWER at term 12 for startAsFollower
2025-04-23 04:28:45,922 [omNode-2-impl-thread1] INFO  impl.RoleInfo (RoleInfo.java:updateAndGet(148)) - omNode-2: start omNode-2@group-523986131536-FollowerState
2025-04-23 04:28:45,922 [omNode-2-impl-thread1] INFO  util.JmxRegister (JmxRegister.java:tryRegister(44)) - Successfully registered JMX Bean with object name Ratis:service=RaftServer,group=group-523986131536,id=omNode-2
2025-04-23 04:28:45,922 [omNode-2-impl-thread1] INFO  util.JmxRegister (JmxRegister.java:register(58)) - register mxBean class org.apache.ratis.server.impl.RaftServerJmxAdapter as Ratis:service=RaftServer,group=group-523986131536,id=omNode-2
2025-04-23 04:28:45,922 [omNode-2-impl-thread1] INFO  server.RaftServerConfigKeys (ConfUtils.java:logGet(46)) - raft.server.snapshot.trigger-when-stop.enabled = true (default)
2025-04-23 04:28:45,922 [omNode-2-impl-thread1] INFO  server.RaftServerConfigKeys (ConfUtils.java:logGet(46)) - raft.server.snapshot.trigger-when-remove.enabled = true (default)
2025-04-23 04:28:45,922 [omNode-2-impl-thread1] INFO  server.RaftServerConfigKeys (ConfUtils.java:logGet(46)) - raft.server.snapshot.auto.trigger.enabled = true (custom)
2025-04-23 04:28:45,922 [omNode-2-impl-thread1] INFO  server.RaftServerConfigKeys (ConfUtils.java:logGet(46)) - raft.server.snapshot.auto.trigger.threshold = 50 (custom)
2025-04-23 04:28:45,922 [omNode-2-impl-thread1] INFO  server.RaftServerConfigKeys (ConfUtils.java:logGet(46)) - raft.server.snapshot.retention.file.num = -1 (default)
2025-04-23 04:28:45,922 [omNode-2@group-523986131536-FollowerState] INFO  server.RaftServerConfigKeys (ConfUtils.java:logFallback(53)) - raft.server.rpc.first-election.timeout.min = 1s (fallback to raft.server.rpc.timeout.min)
2025-04-23 04:28:45,923 [omNode-2@group-523986131536-FollowerState] INFO  server.RaftServerConfigKeys (ConfUtils.java:logFallback(53)) - raft.server.rpc.first-election.timeout.max = 1200ms (fallback to raft.server.rpc.timeout.max)
2025-04-23 04:28:45,922 [omNode-2-impl-thread1] INFO  server.RaftServerConfigKeys (ConfUtils.java:logGet(46)) - raft.server.log.purge.upto.snapshot.index = true (custom)
2025-04-23 04:28:45,923 [omNode-2-impl-thread1] INFO  server.RaftServer$Division (RaftServerImpl.java:start(405)) - omNode-2@group-523986131536: Successfully started.
2025-04-23 04:28:45,923 [main] INFO  server.RaftServer (RaftServerProxy.java:startImpl(407)) - omNode-2: start RPC server
2025-04-23 04:28:45,924 [main] INFO  server.GrpcService (GrpcService.java:startImpl(334)) - omNode-2: GrpcService started, listening on 15013
2025-04-23 04:28:45,924 [main] INFO  om.OzoneManager (OzoneManager.java:getRpcServer(1360)) - Creating RPC Server
2025-04-23 04:28:45,924 [JvmPauseMonitor31] INFO  util.JvmPauseMonitor (JvmPauseMonitor.java:run(146)) - JvmPauseMonitor-omNode-2: Started
2025-04-23 04:28:46,074 [omNode-3@group-523986131536-FollowerState] INFO  impl.FollowerState (FollowerState.java:runImpl(161)) - omNode-3@group-523986131536-FollowerState: change to CANDIDATE, lastRpcElapsedTime:1069532836ns, electionTimeout:1067ms
2025-04-23 04:28:46,075 [omNode-3@group-523986131536-FollowerState] INFO  impl.RoleInfo (RoleInfo.java:shutdownFollowerState(121)) - omNode-3: shutdown omNode-3@group-523986131536-FollowerState
2025-04-23 04:28:46,075 [omNode-3@group-523986131536-FollowerState] INFO  server.RaftServer$Division (RaftServerImpl.java:setRole(378)) - omNode-3@group-523986131536: changes role from  FOLLOWER to CANDIDATE at term 11 for changeToCandidate
2025-04-23 04:28:46,075 [omNode-3@group-523986131536-FollowerState] INFO  server.RaftServerConfigKeys (ConfUtils.java:logGet(46)) - raft.server.leaderelection.pre-vote = true (default)
2025-04-23 04:28:46,075 [omNode-3@group-523986131536-FollowerState] INFO  impl.RoleInfo (RoleInfo.java:updateAndGet(148)) - omNode-3: start omNode-3@group-523986131536-LeaderElection24
2025-04-23 04:28:46,076 [omNode-3@group-523986131536-LeaderElection24] INFO  impl.LeaderElection (LeaderElection.java:askForVotes(332)) - omNode-3@group-523986131536-LeaderElection24 PRE_VOTE round 0: submit vote requests at term 11 for conf: {index: 107, cur=peers:[omNode-3|localhost:15017, omNode-1|localhost:15009, omNode-2|localhost:15013]|listeners:[], old=null}
2025-04-23 04:28:46,082 [omNode-3@group-523986131536-LeaderElection24-1] INFO  server.GrpcServerProtocolClient (GrpcServerProtocolClient.java:<init>(65)) - Build channel for omNode-1|localhost:15009
2025-04-23 04:28:46,082 [omNode-3@group-523986131536-LeaderElection24-2] INFO  server.GrpcServerProtocolClient (GrpcServerProtocolClient.java:<init>(65)) - Build channel for omNode-2|localhost:15013
2025-04-23 04:28:46,083 [omNode-3@group-523986131536-LeaderElection24] INFO  server.RaftServerConfigKeys (ConfUtils.java:logFallback(53)) - raft.server.rpc.first-election.timeout.min = 1s (fallback to raft.server.rpc.timeout.min)
2025-04-23 04:28:46,083 [omNode-3@group-523986131536-LeaderElection24] INFO  server.RaftServerConfigKeys (ConfUtils.java:logFallback(53)) - raft.server.rpc.first-election.timeout.max = 1200ms (fallback to raft.server.rpc.timeout.max)
2025-04-23 04:28:46,088 [grpc-default-executor-5] INFO  server.RaftServer$Division (RaftServerImpl.java:requestVote(1407)) - omNode-2@group-523986131536: receive requestVote(PRE_VOTE, omNode-3, group-523986131536, 11, (t:11, i:308))
2025-04-23 04:28:46,088 [grpc-default-executor-5] INFO  impl.VoteContext (VoteContext.java:log(49)) - omNode-2@group-523986131536-FOLLOWER: reject PRE_VOTE from omNode-3: our last entry (t:12, i:310) > candidate's last entry (t:11, i:308)
2025-04-23 04:28:46,088 [grpc-default-executor-5] INFO  server.RaftServer$Division (RaftServerImpl.java:requestVote(1441)) - omNode-2@group-523986131536 replies to PRE_VOTE vote request: omNode-3<-omNode-2#0:FAIL-t12. Peer's state: omNode-2@group-523986131536:t12, leader=null, voted=omNode-1, raftlog=Memoized:omNode-2@group-523986131536-SegmentedRaftLog:OPENED:c310:last(t:12, i:310), conf=conf: {index: 309, cur=peers:[omNode-3|localhost:15017, omNode-1|localhost:15009, omNode-2|localhost:15013]|listeners:[], old=null}
2025-04-23 04:28:46,089 [omNode-3@group-523986131536-LeaderElection24] INFO  impl.LeaderElection (LeaderElection.java:logAndReturn(90)) - omNode-3@group-523986131536-LeaderElection24: PRE_VOTE DISCOVERED_A_NEW_TERM (term=12) received 1 response(s) and 0 exception(s):
2025-04-23 04:28:46,089 [omNode-3@group-523986131536-LeaderElection24] INFO  impl.LeaderElection (LeaderElection.java:logAndReturn(94)) -   Response 0: omNode-3<-omNode-2#0:FAIL-t12
2025-04-23 04:28:46,089 [omNode-3@group-523986131536-LeaderElection24] INFO  impl.LeaderElection (LeaderElection.java:askForVotes(334)) - omNode-3@group-523986131536-LeaderElection24 PRE_VOTE round 0: result DISCOVERED_A_NEW_TERM (term=12)
2025-04-23 04:28:46,089 [omNode-3@group-523986131536-LeaderElection24] INFO  server.RaftServer$Division (RaftServerImpl.java:setRole(378)) - omNode-3@group-523986131536: changes role from CANDIDATE to FOLLOWER at term 11 for DISCOVERED_A_NEW_TERM (term=12)
2025-04-23 04:28:46,089 [omNode-3@group-523986131536-LeaderElection24] INFO  impl.RoleInfo (RoleInfo.java:shutdownLeaderElection(141)) - omNode-3: shutdown omNode-3@group-523986131536-LeaderElection24
2025-04-23 04:28:46,089 [omNode-3@group-523986131536-LeaderElection24] INFO  impl.RoleInfo (RoleInfo.java:updateAndGet(148)) - omNode-3: start omNode-3@group-523986131536-FollowerState
2025-04-23 04:28:46,096 [omNode-3@group-523986131536-LeaderElection24] INFO  server.RaftServer$Division (RaftServerImpl.java:setFirstElection(562)) - omNode-3@group-523986131536: set firstElectionSinceStartup to false for DISCOVERED_A_NEW_TERM (term=12)
2025-04-23 04:28:46,322 [main] INFO  reflections.Reflections (Reflections.java:scan(219)) - Reflections took 398 ms to scan 22 urls, producing 61 keys and 7422 values
2025-04-23 04:28:46,323 [main] INFO  ipc.CallQueueManager (CallQueueManager.java:<init>(93)) - Using callQueue: class java.util.concurrent.LinkedBlockingQueue, queueCapacity: 2000, scheduler: class org.apache.hadoop.ipc.DefaultRpcScheduler, ipcBackoff: false, ipcFailOver: false.
2025-04-23 04:28:46,323 [main] INFO  ipc.Server (Server.java:<init>(1438)) - Listener at localhost:15010
2025-04-23 04:28:46,323 [Socket Reader #1 for port 15010] INFO  ipc.Server (Server.java:run(1474)) - Starting Socket Reader #1 for port 15010
2025-04-23 04:28:46,324 [Socket Reader #2 for port 15010] INFO  ipc.Server (Server.java:run(1474)) - Starting Socket Reader #2 for port 15010
2025-04-23 04:28:46,324 [Socket Reader #3 for port 15010] INFO  ipc.Server (Server.java:run(1474)) - Starting Socket Reader #3 for port 15010
2025-04-23 04:28:46,324 [Socket Reader #4 for port 15010] INFO  ipc.Server (Server.java:run(1474)) - Starting Socket Reader #4 for port 15010
2025-04-23 04:28:46,324 [Socket Reader #5 for port 15010] INFO  ipc.Server (Server.java:run(1474)) - Starting Socket Reader #5 for port 15010
2025-04-23 04:28:46,324 [Socket Reader #6 for port 15010] INFO  ipc.Server (Server.java:run(1474)) - Starting Socket Reader #6 for port 15010
2025-04-23 04:28:46,325 [Socket Reader #7 for port 15010] INFO  ipc.Server (Server.java:run(1474)) - Starting Socket Reader #7 for port 15010
2025-04-23 04:28:46,325 [Socket Reader #8 for port 15010] INFO  ipc.Server (Server.java:run(1474)) - Starting Socket Reader #8 for port 15010
2025-04-23 04:28:46,325 [Socket Reader #9 for port 15010] INFO  ipc.Server (Server.java:run(1474)) - Starting Socket Reader #9 for port 15010
2025-04-23 04:28:46,325 [Socket Reader #10 for port 15010] INFO  ipc.Server (Server.java:run(1474)) - Starting Socket Reader #10 for port 15010
2025-04-23 04:28:46,327 [main] INFO  http.BaseHttpServer (BaseHttpServer.java:newHttpServer2BuilderForOzone(229)) - Starting Web-server for ozoneManager at: http://0.0.0.0:15011
2025-04-23 04:28:46,327 [main] INFO  http.BaseHttpServer (BaseHttpServer.java:<init>(107)) - Hadoop Security Enabled: false Ozone Security Enabled: false Ozone HTTP Security Enabled: false 
2025-04-23 04:28:46,328 [main] WARN  server.AuthenticationFilter (AuthenticationFilter.java:constructSecretProvider(240)) - Unable to initialize FileSignerSecretProvider, falling back to use random secrets. Reason: Could not read signature secret file: /home/runner/hadoop-http-auth-signature-secret
2025-04-23 04:28:46,329 [main] INFO  http.HttpServer2 (HttpServer2.java:addGlobalFilter(1041)) - Added global filter 'safety' (class=org.apache.hadoop.hdds.server.http.HttpServer2$QuotingInputFilter)
2025-04-23 04:28:46,330 [main] INFO  http.HttpServer2 (HttpServer2.java:addFilter(1017)) - Added filter static_user_filter (class=org.apache.hadoop.http.lib.StaticUserWebFilter$StaticUserFilter) to context ozoneManager
2025-04-23 04:28:46,330 [main] INFO  http.HttpServer2 (HttpServer2.java:addFilter(1025)) - Added filter static_user_filter (class=org.apache.hadoop.http.lib.StaticUserWebFilter$StaticUserFilter) to context logs
2025-04-23 04:28:46,330 [main] INFO  http.HttpServer2 (HttpServer2.java:addFilter(1025)) - Added filter static_user_filter (class=org.apache.hadoop.http.lib.StaticUserWebFilter$StaticUserFilter) to context static
2025-04-23 04:28:46,330 [main] INFO  http.BaseHttpServer (BaseHttpServer.java:<init>(195)) - HTTP server of ozoneManager uses base directory /home/runner/work/ozone/ozone/hadoop-ozone/integration-test/target/test-dir/MiniOzoneClusterImpl-ff59c164-3798-4a7f-a16d-eeed9ffb3244/omNode-2/webserver
2025-04-23 04:28:46,331 [main] INFO  http.HttpServer2 (HttpServer2.java:bindListener(1241)) - Jetty bound to port 15011
2025-04-23 04:28:46,331 [main] INFO  server.Server (Server.java:doStart(375)) - jetty-9.4.57.v20241219; built: 2025-01-08T21:24:30.412Z; git: df524e6b29271c2e09ba9aea83c18dc9db464a31; jvm 21.0.7+6-LTS
2025-04-23 04:28:46,332 [main] INFO  server.session (DefaultSessionIdManager.java:doStart(334)) - DefaultSessionIdManager workerName=node0
2025-04-23 04:28:46,332 [main] INFO  server.session (DefaultSessionIdManager.java:doStart(339)) - No SessionScavenger set, using defaults
2025-04-23 04:28:46,332 [main] INFO  server.session (HouseKeeper.java:startScavenging(132)) - node0 Scavenging every 660000ms
2025-04-23 04:28:46,333 [main] INFO  handler.ContextHandler (ContextHandler.java:doStart(921)) - Started o.e.j.s.ServletContextHandler@1b9869aa{logs,/logs,file:///home/runner/work/ozone/ozone/hadoop-ozone/integration-test/target/log,AVAILABLE}
2025-04-23 04:28:46,333 [main] INFO  handler.ContextHandler (ContextHandler.java:doStart(921)) - Started o.e.j.s.ServletContextHandler@18a5bc80{static,/static,file:///home/runner/work/ozone/ozone/hadoop-ozone/integration-test/target/test-classes/webapps/static,AVAILABLE}
2025-04-23 04:28:46,336 [main] INFO  handler.ContextHandler (ContextHandler.java:doStart(921)) - Started o.e.j.w.WebAppContext@38959a4c{ozoneManager,/,file:///home/runner/work/ozone/ozone/hadoop-ozone/integration-test/target/test-classes/webapps/ozoneManager/,AVAILABLE}{file:/home/runner/work/ozone/ozone/hadoop-ozone/integration-test/target/test-classes/webapps/ozoneManager}
2025-04-23 04:28:46,337 [main] INFO  server.AbstractConnector (AbstractConnector.java:doStart(333)) - Started ServerConnector@cc9bcd8{HTTP/1.1, (http/1.1)}{0.0.0.0:15011}
2025-04-23 04:28:46,337 [main] INFO  server.Server (Server.java:doStart(415)) - Started @129755ms
2025-04-23 04:28:46,337 [main] WARN  impl.MetricsSystemImpl (MetricsSystemImpl.java:register(279)) - Sink prometheus already exists!
2025-04-23 04:28:46,337 [main] INFO  http.BaseHttpServer (BaseHttpServer.java:updateConnectorAddress(360)) - HTTP server of ozoneManager listening at http://0.0.0.0:15011
2025-04-23 04:28:46,337 [IPC Server Responder] INFO  ipc.Server (Server.java:run(1713)) - IPC Server Responder: starting
2025-04-23 04:28:46,338 [IPC Server listener on 15010] INFO  ipc.Server (Server.java:run(1553)) - IPC Server listener on 15010: starting
2025-04-23 04:28:46,339 [main] INFO  om.OzoneManager (OzoneManager.java:startTrashEmptier(2257)) - Trash Interval set to 0. Files deleted won't move to trash
]]></system-out>
  </testcase>
  <testcase name="oneOMDown" classname="org.apache.hadoop.ozone.om.TestOzoneManagerHAWithStoppedNodes" time="12.001">
    <system-out><![CDATA[2025-04-23 04:28:46,552 [omNode-1@group-523986131536-FollowerState] INFO  impl.FollowerState (FollowerState.java:runImpl(161)) - omNode-1@group-523986131536-FollowerState: change to CANDIDATE, lastRpcElapsedTime:1079647231ns, electionTimeout:1079ms
2025-04-23 04:28:46,552 [omNode-1@group-523986131536-FollowerState] INFO  impl.RoleInfo (RoleInfo.java:shutdownFollowerState(121)) - omNode-1: shutdown omNode-1@group-523986131536-FollowerState
2025-04-23 04:28:46,553 [omNode-1@group-523986131536-FollowerState] INFO  server.RaftServer$Division (RaftServerImpl.java:setRole(378)) - omNode-1@group-523986131536: changes role from  FOLLOWER to CANDIDATE at term 12 for changeToCandidate
2025-04-23 04:28:46,553 [omNode-1@group-523986131536-FollowerState] INFO  server.RaftServerConfigKeys (ConfUtils.java:logGet(46)) - raft.server.leaderelection.pre-vote = true (default)
2025-04-23 04:28:46,553 [omNode-1@group-523986131536-FollowerState] INFO  impl.RoleInfo (RoleInfo.java:updateAndGet(148)) - omNode-1: start omNode-1@group-523986131536-LeaderElection25
2025-04-23 04:28:46,553 [omNode-1@group-523986131536-LeaderElection25] INFO  impl.LeaderElection (LeaderElection.java:askForVotes(332)) - omNode-1@group-523986131536-LeaderElection25 PRE_VOTE round 0: submit vote requests at term 12 for conf: {index: 309, cur=peers:[omNode-3|localhost:15017, omNode-1|localhost:15009, omNode-2|localhost:15013]|listeners:[], old=null}
2025-04-23 04:28:46,553 [omNode-1@group-523986131536-LeaderElection25-1] INFO  server.GrpcServerProtocolClient (GrpcServerProtocolClient.java:<init>(65)) - Build channel for omNode-3|localhost:15017
2025-04-23 04:28:46,553 [omNode-1@group-523986131536-LeaderElection25] INFO  server.RaftServerConfigKeys (ConfUtils.java:logFallback(53)) - raft.server.rpc.first-election.timeout.min = 1s (fallback to raft.server.rpc.timeout.min)
2025-04-23 04:28:46,553 [omNode-1@group-523986131536-LeaderElection25] INFO  server.RaftServerConfigKeys (ConfUtils.java:logFallback(53)) - raft.server.rpc.first-election.timeout.max = 1200ms (fallback to raft.server.rpc.timeout.max)
2025-04-23 04:28:46,553 [omNode-1@group-523986131536-LeaderElection25-2] INFO  server.GrpcServerProtocolClient (GrpcServerProtocolClient.java:<init>(65)) - Build channel for omNode-2|localhost:15013
2025-04-23 04:28:46,556 [grpc-default-executor-5] INFO  server.RaftServer$Division (RaftServerImpl.java:requestVote(1407)) - omNode-2@group-523986131536: receive requestVote(PRE_VOTE, omNode-1, group-523986131536, 12, (t:12, i:310))
2025-04-23 04:28:46,556 [grpc-default-executor-5] INFO  impl.VoteContext (VoteContext.java:log(49)) - omNode-2@group-523986131536-FOLLOWER: accept PRE_VOTE from omNode-1: our priority 0 <= candidate's priority 0
2025-04-23 04:28:46,556 [grpc-default-executor-5] INFO  server.RaftServer$Division (RaftServerImpl.java:requestVote(1441)) - omNode-2@group-523986131536 replies to PRE_VOTE vote request: omNode-1<-omNode-2#0:OK-t12. Peer's state: omNode-2@group-523986131536:t12, leader=null, voted=omNode-1, raftlog=Memoized:omNode-2@group-523986131536-SegmentedRaftLog:OPENED:c310:last(t:12, i:310), conf=conf: {index: 309, cur=peers:[omNode-3|localhost:15017, omNode-1|localhost:15009, omNode-2|localhost:15013]|listeners:[], old=null}
2025-04-23 04:28:46,557 [grpc-default-executor-5] INFO  server.RaftServer$Division (RaftServerImpl.java:requestVote(1407)) - omNode-3@group-523986131536: receive requestVote(PRE_VOTE, omNode-1, group-523986131536, 12, (t:12, i:310))
2025-04-23 04:28:46,557 [grpc-default-executor-5] INFO  impl.VoteContext (VoteContext.java:log(49)) - omNode-3@group-523986131536-FOLLOWER: accept PRE_VOTE from omNode-1: our last entry (t:11, i:308) < candidate's last entry (t:12, i:310)
2025-04-23 04:28:46,557 [grpc-default-executor-5] INFO  server.RaftServer$Division (RaftServerImpl.java:requestVote(1441)) - omNode-3@group-523986131536 replies to PRE_VOTE vote request: omNode-1<-omNode-3#0:OK-t12. Peer's state: omNode-3@group-523986131536:t12, leader=null, voted=null, raftlog=Memoized:omNode-3@group-523986131536-SegmentedRaftLog:OPENED:c308:last(t:11, i:308), conf=conf: {index: 107, cur=peers:[omNode-3|localhost:15017, omNode-1|localhost:15009, omNode-2|localhost:15013]|listeners:[], old=null}
2025-04-23 04:28:46,557 [omNode-1@group-523986131536-LeaderElection25] INFO  impl.LeaderElection (LeaderElection.java:logAndReturn(90)) - omNode-1@group-523986131536-LeaderElection25: PRE_VOTE PASSED received 1 response(s) and 0 exception(s):
2025-04-23 04:28:46,558 [omNode-1@group-523986131536-LeaderElection25] INFO  impl.LeaderElection (LeaderElection.java:logAndReturn(94)) -   Response 0: omNode-1<-omNode-2#0:OK-t12
2025-04-23 04:28:46,558 [omNode-1@group-523986131536-LeaderElection25] INFO  impl.LeaderElection (LeaderElection.java:askForVotes(334)) - omNode-1@group-523986131536-LeaderElection25 PRE_VOTE round 0: result PASSED
2025-04-23 04:28:46,559 [omNode-1@group-523986131536-LeaderElection25] INFO  impl.LeaderElection (LeaderElection.java:askForVotes(332)) - omNode-1@group-523986131536-LeaderElection25 ELECTION round 0: submit vote requests at term 13 for conf: {index: 309, cur=peers:[omNode-3|localhost:15017, omNode-1|localhost:15009, omNode-2|localhost:15013]|listeners:[], old=null}
2025-04-23 04:28:46,560 [omNode-1@group-523986131536-LeaderElection25] INFO  server.RaftServerConfigKeys (ConfUtils.java:logFallback(53)) - raft.server.rpc.first-election.timeout.min = 1s (fallback to raft.server.rpc.timeout.min)
2025-04-23 04:28:46,560 [omNode-1@group-523986131536-LeaderElection25] INFO  server.RaftServerConfigKeys (ConfUtils.java:logFallback(53)) - raft.server.rpc.first-election.timeout.max = 1200ms (fallback to raft.server.rpc.timeout.max)
2025-04-23 04:28:46,560 [grpc-default-executor-5] INFO  server.RaftServer$Division (RaftServerImpl.java:requestVote(1407)) - omNode-3@group-523986131536: receive requestVote(ELECTION, omNode-1, group-523986131536, 13, (t:12, i:310))
2025-04-23 04:28:46,561 [grpc-default-executor-0] INFO  server.RaftServer$Division (RaftServerImpl.java:requestVote(1407)) - omNode-2@group-523986131536: receive requestVote(ELECTION, omNode-1, group-523986131536, 13, (t:12, i:310))
2025-04-23 04:28:46,561 [grpc-default-executor-5] INFO  impl.VoteContext (VoteContext.java:log(49)) - omNode-3@group-523986131536-FOLLOWER: accept ELECTION from omNode-1: our last entry (t:11, i:308) < candidate's last entry (t:12, i:310)
2025-04-23 04:28:46,561 [grpc-default-executor-0] INFO  impl.VoteContext (VoteContext.java:log(49)) - omNode-2@group-523986131536-FOLLOWER: accept ELECTION from omNode-1: our priority 0 <= candidate's priority 0
2025-04-23 04:28:46,561 [grpc-default-executor-5] INFO  server.RaftServer$Division (RaftServerImpl.java:setRole(378)) - omNode-3@group-523986131536: changes role from  FOLLOWER to FOLLOWER at term 12 for candidate:omNode-1
2025-04-23 04:28:46,561 [grpc-default-executor-5] INFO  impl.RoleInfo (RoleInfo.java:shutdownFollowerState(121)) - omNode-3: shutdown omNode-3@group-523986131536-FollowerState
2025-04-23 04:28:46,561 [omNode-3@group-523986131536-FollowerState] INFO  impl.FollowerState (FollowerState.java:runImpl(170)) - omNode-3@group-523986131536-FollowerState was interrupted
2025-04-23 04:28:46,561 [grpc-default-executor-0] INFO  server.RaftServer$Division (RaftServerImpl.java:setRole(378)) - omNode-2@group-523986131536: changes role from  FOLLOWER to FOLLOWER at term 12 for candidate:omNode-1
2025-04-23 04:28:46,561 [grpc-default-executor-0] INFO  impl.RoleInfo (RoleInfo.java:shutdownFollowerState(121)) - omNode-2: shutdown omNode-2@group-523986131536-FollowerState
2025-04-23 04:28:46,561 [grpc-default-executor-0] INFO  impl.RoleInfo (RoleInfo.java:updateAndGet(148)) - omNode-2: start omNode-2@group-523986131536-FollowerState
2025-04-23 04:28:46,561 [grpc-default-executor-5] INFO  impl.RoleInfo (RoleInfo.java:updateAndGet(148)) - omNode-3: start omNode-3@group-523986131536-FollowerState
2025-04-23 04:28:46,561 [omNode-2@group-523986131536-FollowerState] INFO  impl.FollowerState (FollowerState.java:runImpl(170)) - omNode-2@group-523986131536-FollowerState was interrupted
2025-04-23 04:28:46,561 [grpc-default-executor-0] INFO  server.RaftServer$Division (RaftServerImpl.java:setFirstElection(562)) - omNode-2@group-523986131536: set firstElectionSinceStartup to false for candidate:omNode-1
2025-04-23 04:28:46,563 [grpc-default-executor-5] INFO  server.RaftServer$Division (RaftServerImpl.java:requestVote(1441)) - omNode-3@group-523986131536 replies to ELECTION vote request: omNode-1<-omNode-3#0:OK-t13. Peer's state: omNode-3@group-523986131536:t13, leader=null, voted=omNode-1, raftlog=Memoized:omNode-3@group-523986131536-SegmentedRaftLog:OPENED:c308:last(t:11, i:308), conf=conf: {index: 107, cur=peers:[omNode-3|localhost:15017, omNode-1|localhost:15009, omNode-2|localhost:15013]|listeners:[], old=null}
2025-04-23 04:28:46,563 [grpc-default-executor-0] INFO  server.RaftServer$Division (RaftServerImpl.java:requestVote(1441)) - omNode-2@group-523986131536 replies to ELECTION vote request: omNode-1<-omNode-2#0:OK-t13. Peer's state: omNode-2@group-523986131536:t13, leader=null, voted=omNode-1, raftlog=Memoized:omNode-2@group-523986131536-SegmentedRaftLog:OPENED:c310:last(t:12, i:310), conf=conf: {index: 309, cur=peers:[omNode-3|localhost:15017, omNode-1|localhost:15009, omNode-2|localhost:15013]|listeners:[], old=null}
2025-04-23 04:28:46,563 [omNode-1@group-523986131536-LeaderElection25] INFO  impl.LeaderElection (LeaderElection.java:logAndReturn(90)) - omNode-1@group-523986131536-LeaderElection25: ELECTION PASSED received 1 response(s) and 0 exception(s):
2025-04-23 04:28:46,563 [omNode-1@group-523986131536-LeaderElection25] INFO  impl.LeaderElection (LeaderElection.java:logAndReturn(94)) -   Response 0: omNode-1<-omNode-3#0:OK-t13
2025-04-23 04:28:46,563 [omNode-1@group-523986131536-LeaderElection25] INFO  impl.LeaderElection (LeaderElection.java:askForVotes(334)) - omNode-1@group-523986131536-LeaderElection25 ELECTION round 0: result PASSED
2025-04-23 04:28:46,563 [omNode-1@group-523986131536-LeaderElection25] INFO  impl.RoleInfo (RoleInfo.java:shutdownLeaderElection(141)) - omNode-1: shutdown omNode-1@group-523986131536-LeaderElection25
2025-04-23 04:28:46,563 [omNode-1@group-523986131536-LeaderElection25] INFO  server.RaftServer$Division (RaftServerImpl.java:setRole(378)) - omNode-1@group-523986131536: changes role from CANDIDATE to LEADER at term 13 for changeToLeader
2025-04-23 04:28:46,563 [omNode-1@group-523986131536-LeaderElection25] INFO  server.RaftServerConfigKeys (ConfUtils.java:logGet(46)) - raft.server.staging.catchup.gap = 1000 (default)
2025-04-23 04:28:46,564 [omNode-1@group-523986131536-LeaderElection25] INFO  server.RaftServerConfigKeys (ConfUtils.java:logGet(46)) - raft.server.write.element-limit = 4096 (default)
2025-04-23 04:28:46,564 [omNode-1@group-523986131536-LeaderElection25] INFO  server.RaftServerConfigKeys (ConfUtils.java:logGet(46)) - raft.server.write.byte-limit = 64MB (=67108864) (default)
2025-04-23 04:28:46,564 [omNode-1@group-523986131536-LeaderElection25] INFO  server.RaftServerConfigKeys (ConfUtils.java:logGet(46)) - raft.server.watch.timeout = 10s (default)
2025-04-23 04:28:46,564 [omNode-1@group-523986131536-LeaderElection25] INFO  server.RaftServerConfigKeys (ConfUtils.java:logGet(46)) - raft.server.watch.timeout.denomination = 1s (default)
2025-04-23 04:28:46,564 [omNode-1@group-523986131536-LeaderElection25] INFO  server.RaftServerConfigKeys (ConfUtils.java:logGet(46)) - raft.server.watch.element-limit = 65536 (default)
2025-04-23 04:28:46,564 [omNode-1@group-523986131536-LeaderElection25] INFO  server.RaftServerConfigKeys (ConfUtils.java:logGet(46)) - raft.server.read.leader.lease.enabled = false (default)
2025-04-23 04:28:46,564 [omNode-1@group-523986131536-LeaderElection25] INFO  server.RaftServerConfigKeys (ConfUtils.java:logGet(46)) - raft.server.read.leader.lease.timeout.ratio = 0.9 (default)
2025-04-23 04:28:46,564 [omNode-1@group-523986131536-LeaderElection25] INFO  server.RaftServerConfigKeys (ConfUtils.java:logGet(46)) - raft.server.rpc.timeout.min = 1s (custom)
2025-04-23 04:28:46,564 [omNode-1@group-523986131536-LeaderElection25] INFO  server.RaftServerConfigKeys (ConfUtils.java:logGet(46)) - raft.server.log.log-metadata.enabled = true (default)
2025-04-23 04:28:46,565 [omNode-1@group-523986131536-LeaderElection25] INFO  server.RaftServerConfigKeys (ConfUtils.java:logGet(46)) - raft.server.write.element-limit = 4096 (default)
2025-04-23 04:28:46,565 [omNode-1@group-523986131536-LeaderElection25] INFO  server.RaftServerConfigKeys (ConfUtils.java:logGet(46)) - raft.server.write.follower.gap.ratio.max = -1.0 (default)
2025-04-23 04:28:46,565 [omNode-1@group-523986131536-LeaderElection25] INFO  server.RaftServerConfigKeys (ConfUtils.java:logGet(46)) - raft.server.log.appender.snapshot.chunk.size.max = 16MB (=16777216) (default)
2025-04-23 04:28:46,565 [omNode-1@group-523986131536-LeaderElection25] INFO  server.RaftServerConfigKeys (ConfUtils.java:logGet(46)) - raft.server.log.appender.buffer.byte-limit = 4194304 (custom)
2025-04-23 04:28:46,565 [omNode-1@group-523986131536-LeaderElection25] INFO  server.RaftServerConfigKeys (ConfUtils.java:logGet(46)) - raft.server.log.appender.buffer.element-limit = 1024 (custom)
2025-04-23 04:28:46,565 [omNode-1@group-523986131536-LeaderElection25] INFO  server.RaftServerConfigKeys (ConfUtils.java:logGet(46)) - raft.server.log.appender.wait-time.min = 0ms (custom)
2025-04-23 04:28:46,565 [omNode-1@group-523986131536-LeaderElection25] INFO  grpc.GrpcConfigKeys (ConfUtils.java:logGet(46)) - raft.grpc.server.leader.outstanding.appends.max = 8 (default)
2025-04-23 04:28:46,565 [omNode-1@group-523986131536-LeaderElection25] INFO  server.RaftServerConfigKeys (ConfUtils.java:logGet(46)) - raft.server.rpc.request.timeout = 3000ms (default)
2025-04-23 04:28:46,565 [omNode-1@group-523986131536-LeaderElection25] INFO  grpc.GrpcConfigKeys (ConfUtils.java:logGet(46)) - raft.grpc.server.install_snapshot.request.element-limit = 8 (default)
2025-04-23 04:28:46,565 [omNode-1@group-523986131536-LeaderElection25] INFO  grpc.GrpcConfigKeys (ConfUtils.java:logGet(46)) - raft.grpc.server.install_snapshot.request.timeout = 3000ms (default)
2025-04-23 04:28:46,565 [omNode-1@group-523986131536-LeaderElection25] INFO  grpc.GrpcConfigKeys (ConfUtils.java:logGet(46)) - raft.grpc.server.log-message.batch.duration = 5s (default)
2025-04-23 04:28:46,565 [omNode-1@group-523986131536-LeaderElection25] INFO  server.RaftServerConfigKeys (ConfUtils.java:logGet(46)) - raft.server.log.appender.install.snapshot.enabled = false (custom)
2025-04-23 04:28:46,566 [omNode-1@group-523986131536-LeaderElection25] INFO  grpc.GrpcConfigKeys (ConfUtils.java:logGet(46)) - raft.grpc.server.heartbeat.channel = true (default)
2025-04-23 04:28:46,566 [omNode-1@group-523986131536-LeaderElection25] INFO  server.RaftServerConfigKeys (ConfUtils.java:logGet(46)) - raft.server.log.appender.snapshot.chunk.size.max = 16MB (=16777216) (default)
2025-04-23 04:28:46,566 [omNode-1@group-523986131536-LeaderElection25] INFO  server.RaftServerConfigKeys (ConfUtils.java:logGet(46)) - raft.server.log.appender.buffer.byte-limit = 4194304 (custom)
2025-04-23 04:28:46,566 [omNode-1@group-523986131536-LeaderElection25] INFO  server.RaftServerConfigKeys (ConfUtils.java:logGet(46)) - raft.server.log.appender.buffer.element-limit = 1024 (custom)
2025-04-23 04:28:46,566 [omNode-1@group-523986131536-LeaderElection25] INFO  server.RaftServerConfigKeys (ConfUtils.java:logGet(46)) - raft.server.log.appender.wait-time.min = 0ms (custom)
2025-04-23 04:28:46,566 [omNode-1@group-523986131536-LeaderElection25] INFO  grpc.GrpcConfigKeys (ConfUtils.java:logGet(46)) - raft.grpc.server.leader.outstanding.appends.max = 8 (default)
2025-04-23 04:28:46,567 [omNode-1@group-523986131536-LeaderElection25] INFO  server.RaftServerConfigKeys (ConfUtils.java:logGet(46)) - raft.server.rpc.request.timeout = 3000ms (default)
2025-04-23 04:28:46,567 [omNode-1@group-523986131536-LeaderElection25] INFO  grpc.GrpcConfigKeys (ConfUtils.java:logGet(46)) - raft.grpc.server.install_snapshot.request.element-limit = 8 (default)
2025-04-23 04:28:46,567 [omNode-1@group-523986131536-LeaderElection25] INFO  grpc.GrpcConfigKeys (ConfUtils.java:logGet(46)) - raft.grpc.server.install_snapshot.request.timeout = 3000ms (default)
2025-04-23 04:28:46,567 [omNode-1@group-523986131536-LeaderElection25] INFO  grpc.GrpcConfigKeys (ConfUtils.java:logGet(46)) - raft.grpc.server.log-message.batch.duration = 5s (default)
2025-04-23 04:28:46,567 [omNode-1@group-523986131536-LeaderElection25] INFO  server.RaftServerConfigKeys (ConfUtils.java:logGet(46)) - raft.server.log.appender.install.snapshot.enabled = false (custom)
2025-04-23 04:28:46,567 [omNode-1@group-523986131536-LeaderElection25] INFO  grpc.GrpcConfigKeys (ConfUtils.java:logGet(46)) - raft.grpc.server.heartbeat.channel = true (default)
2025-04-23 04:28:46,567 [omNode-1@group-523986131536-LeaderElection25] INFO  impl.RoleInfo (RoleInfo.java:updateAndGet(148)) - omNode-1: start omNode-1@group-523986131536-LeaderStateImpl
2025-04-23 04:28:46,567 [omNode-1@group-523986131536-LeaderElection25] INFO  server.RaftServer$Division (RaftServerImpl.java:setFirstElection(562)) - omNode-1@group-523986131536: set firstElectionSinceStartup to false for becomeLeader
2025-04-23 04:28:46,567 [omNode-1@group-523986131536-LeaderElection25] INFO  ratis.OzoneManagerStateMachine (OzoneManagerStateMachine.java:notifyLeaderChanged(169)) - omNode-1@group-523986131536: leader changed to omNode-1
2025-04-23 04:28:46,567 [omNode-1@group-523986131536-LeaderElection25] INFO  server.RaftServer$Division (ServerState.java:setLeader(272)) - omNode-1@group-523986131536: change Leader from null to omNode-1 at term 13 for becomeLeader, leader elected after 1103ms
2025-04-23 04:28:46,567 [omNode-1@group-523986131536-LeaderElection25] INFO  segmented.SegmentedRaftLogWorker (SegmentedRaftLogWorker.java:rollLogSegment(443)) - omNode-1@group-523986131536-SegmentedRaftLogWorker: Rolling segment log-309_310 to index:310
2025-04-23 04:28:46,567 [omNode-1@group-523986131536-LeaderElection25] INFO  server.RaftServer$Division (ServerState.java:setRaftConf(386)) - omNode-1@group-523986131536: set configuration conf: {index: 311, cur=peers:[omNode-3|localhost:15017, omNode-1|localhost:15009, omNode-2|localhost:15013]|listeners:[], old=null}
2025-04-23 04:28:46,568 [omNode-1@group-523986131536-SegmentedRaftLogWorker] INFO  segmented.SegmentedRaftLogWorker (SegmentedRaftLogWorker.java:execute(601)) - omNode-1@group-523986131536-SegmentedRaftLogWorker: Rolled log segment from /home/runner/work/ozone/ozone/hadoop-ozone/integration-test/target/test-dir/MiniOzoneClusterImpl-ff59c164-3798-4a7f-a16d-eeed9ffb3244/omNode-1/ratis/c9bc4cf4-3bc3-3c60-a66b-523986131536/current/log_inprogress_309 to /home/runner/work/ozone/ozone/hadoop-ozone/integration-test/target/test-dir/MiniOzoneClusterImpl-ff59c164-3798-4a7f-a16d-eeed9ffb3244/omNode-1/ratis/c9bc4cf4-3bc3-3c60-a66b-523986131536/current/log_309-310
2025-04-23 04:28:46,568 [omNode-1@group-523986131536-SegmentedRaftLogWorker] INFO  segmented.BufferedWriteChannel (BufferedWriteChannel.java:open(61)) - open log_inprogress_311 at position 0
2025-04-23 04:28:46,574 [omNode-3-server-thread1] INFO  ratis.OzoneManagerStateMachine (OzoneManagerStateMachine.java:notifyLeaderChanged(169)) - omNode-3@group-523986131536: leader changed to omNode-1
2025-04-23 04:28:46,574 [omNode-3-server-thread1] INFO  server.RaftServer$Division (ServerState.java:setLeader(272)) - omNode-3@group-523986131536: change Leader from null to omNode-1 at term 13 for appendEntries, leader elected after 1578ms
2025-04-23 04:28:46,574 [omNode-3-server-thread1] INFO  server.RaftServer$Division (RaftServerImpl.java:checkInconsistentAppendEntries(1648)) - omNode-3@group-523986131536: Failed appendEntries as previous log entry ((t:12, i:310)) is not found
2025-04-23 04:28:46,574 [omNode-3-server-thread1] INFO  server.RaftServer$Division (RaftServerImpl.java:appendEntriesAsync(1580)) - omNode-3@group-523986131536: appendEntries* reply omNode-1<-omNode-3#0:FAIL-t13,INCONSISTENCY,nextIndex=309,followerCommit=308,matchIndex=-1
2025-04-23 04:28:46,574 [omNode-2-server-thread1] INFO  ratis.OzoneManagerStateMachine (OzoneManagerStateMachine.java:notifyLeaderChanged(169)) - omNode-2@group-523986131536: leader changed to omNode-1
2025-04-23 04:28:46,575 [omNode-2-server-thread1] INFO  server.RaftServer$Division (ServerState.java:setLeader(272)) - omNode-2@group-523986131536: change Leader from null to omNode-1 at term 13 for appendEntries, leader elected after 660ms
2025-04-23 04:28:46,575 [grpc-default-executor-4] WARN  server.GrpcLogAppender (GrpcLogAppender.java:onNextImpl(519)) - omNode-1@group-523986131536->omNode-3-AppendLogResponseHandler: received INCONSISTENCY reply with nextIndex 309, errorCount=1, request=AppendEntriesRequest:cid=0,entriesCount=0
2025-04-23 04:28:46,575 [grpc-default-executor-4] INFO  leader.FollowerInfo (FollowerInfoImpl.java:info(70)) - omNode-1@group-523986131536->omNode-3: setNextIndex nextIndex: updateUnconditionally 312 -> 309
2025-04-23 04:28:46,575 [omNode-2-server-thread2] INFO  server.RaftServer$Division (ServerState.java:setRaftConf(386)) - omNode-2@group-523986131536: set configuration conf: {index: 311, cur=peers:[omNode-3|localhost:15017, omNode-1|localhost:15009, omNode-2|localhost:15013]|listeners:[], old=null}
2025-04-23 04:28:46,576 [omNode-3-server-thread2] INFO  server.RaftServer$Division (RaftServerImpl.java:checkInconsistentAppendEntries(1648)) - omNode-3@group-523986131536: Failed appendEntries as previous log entry ((t:12, i:310)) is not found
2025-04-23 04:28:46,576 [omNode-2-server-thread2] INFO  segmented.SegmentedRaftLogWorker (SegmentedRaftLogWorker.java:rollLogSegment(443)) - omNode-2@group-523986131536-SegmentedRaftLogWorker: Rolling segment log-309_310 to index:310
2025-04-23 04:28:46,576 [omNode-3-server-thread2] INFO  server.RaftServer$Division (RaftServerImpl.java:appendEntriesAsync(1580)) - omNode-3@group-523986131536: appendEntries* reply omNode-1<-omNode-3#1:FAIL-t13,INCONSISTENCY,nextIndex=309,followerCommit=308,matchIndex=-1
2025-04-23 04:28:46,576 [omNode-2@group-523986131536-SegmentedRaftLogWorker] INFO  segmented.SegmentedRaftLogWorker (SegmentedRaftLogWorker.java:execute(601)) - omNode-2@group-523986131536-SegmentedRaftLogWorker: Rolled log segment from /home/runner/work/ozone/ozone/hadoop-ozone/integration-test/target/test-dir/MiniOzoneClusterImpl-ff59c164-3798-4a7f-a16d-eeed9ffb3244/omNode-2/ratis/c9bc4cf4-3bc3-3c60-a66b-523986131536/current/log_inprogress_309 to /home/runner/work/ozone/ozone/hadoop-ozone/integration-test/target/test-dir/MiniOzoneClusterImpl-ff59c164-3798-4a7f-a16d-eeed9ffb3244/omNode-2/ratis/c9bc4cf4-3bc3-3c60-a66b-523986131536/current/log_309-310
2025-04-23 04:28:46,576 [omNode-3-server-thread2] INFO  server.RaftServer$Division (ServerState.java:setRaftConf(386)) - omNode-3@group-523986131536: set configuration conf: {index: 309, cur=peers:[omNode-3|localhost:15017, omNode-1|localhost:15009, omNode-2|localhost:15013]|listeners:[], old=null}
2025-04-23 04:28:46,576 [omNode-3-server-thread2] INFO  server.RaftServer$Division (ServerState.java:setRaftConf(386)) - omNode-3@group-523986131536: set configuration conf: {index: 311, cur=peers:[omNode-3|localhost:15017, omNode-1|localhost:15009, omNode-2|localhost:15013]|listeners:[], old=null}
2025-04-23 04:28:46,576 [omNode-3-server-thread2] INFO  segmented.SegmentedRaftLogWorker (SegmentedRaftLogWorker.java:rollLogSegment(443)) - omNode-3@group-523986131536-SegmentedRaftLogWorker: Rolling segment log-107_308 to index:308
2025-04-23 04:28:46,576 [omNode-2@group-523986131536-SegmentedRaftLogWorker] INFO  segmented.BufferedWriteChannel (BufferedWriteChannel.java:open(61)) - open log_inprogress_311 at position 0
2025-04-23 04:28:46,576 [omNode-3-server-thread2] INFO  segmented.SegmentedRaftLogWorker (SegmentedRaftLogWorker.java:rollLogSegment(443)) - omNode-3@group-523986131536-SegmentedRaftLogWorker: Rolling segment log-309_310 to index:310
2025-04-23 04:28:46,577 [grpc-default-executor-6] WARN  server.GrpcLogAppender (GrpcLogAppender.java:onNextImpl(519)) - omNode-1@group-523986131536->omNode-3-AppendLogResponseHandler: received INCONSISTENCY reply with nextIndex 309, errorCount=2, request=null
2025-04-23 04:28:46,577 [grpc-default-executor-6] INFO  leader.FollowerInfo (FollowerInfoImpl.java:info(70)) - omNode-1@group-523986131536->omNode-3: setNextIndex nextIndex: updateUnconditionally 312 -> 309
2025-04-23 04:28:46,577 [omNode-3@group-523986131536-SegmentedRaftLogWorker] INFO  segmented.SegmentedRaftLogWorker (SegmentedRaftLogWorker.java:execute(601)) - omNode-3@group-523986131536-SegmentedRaftLogWorker: Rolled log segment from /home/runner/work/ozone/ozone/hadoop-ozone/integration-test/target/test-dir/MiniOzoneClusterImpl-ff59c164-3798-4a7f-a16d-eeed9ffb3244/omNode-3/ratis/c9bc4cf4-3bc3-3c60-a66b-523986131536/current/log_inprogress_107 to /home/runner/work/ozone/ozone/hadoop-ozone/integration-test/target/test-dir/MiniOzoneClusterImpl-ff59c164-3798-4a7f-a16d-eeed9ffb3244/omNode-3/ratis/c9bc4cf4-3bc3-3c60-a66b-523986131536/current/log_107-308
2025-04-23 04:28:46,578 [omNode-3@group-523986131536-SegmentedRaftLogWorker] INFO  segmented.BufferedWriteChannel (BufferedWriteChannel.java:open(61)) - open log_inprogress_309 at position 0
2025-04-23 04:28:46,578 [omNode-3-server-thread2] INFO  server.RaftServer$Division (ServerState.java:setRaftConf(386)) - omNode-3@group-523986131536: set configuration conf: {index: 309, cur=peers:[omNode-3|localhost:15017, omNode-1|localhost:15009, omNode-2|localhost:15013]|listeners:[], old=null}
2025-04-23 04:28:46,578 [omNode-3-server-thread2] INFO  server.RaftServer$Division (ServerState.java:setRaftConf(386)) - omNode-3@group-523986131536: set configuration conf: {index: 311, cur=peers:[omNode-3|localhost:15017, omNode-1|localhost:15009, omNode-2|localhost:15013]|listeners:[], old=null}
2025-04-23 04:28:46,580 [omNode-1@group-523986131536-SegmentedRaftLogWorker] INFO  segmented.SegmentedRaftLogWorker (SegmentedRaftLogWorker.java:execute(644)) - omNode-1@group-523986131536-SegmentedRaftLogWorker: created new log segment /home/runner/work/ozone/ozone/hadoop-ozone/integration-test/target/test-dir/MiniOzoneClusterImpl-ff59c164-3798-4a7f-a16d-eeed9ffb3244/omNode-1/ratis/c9bc4cf4-3bc3-3c60-a66b-523986131536/current/log_inprogress_311
2025-04-23 04:28:46,588 [omNode-2@group-523986131536-SegmentedRaftLogWorker] INFO  segmented.SegmentedRaftLogWorker (SegmentedRaftLogWorker.java:execute(644)) - omNode-2@group-523986131536-SegmentedRaftLogWorker: created new log segment /home/runner/work/ozone/ozone/hadoop-ozone/integration-test/target/test-dir/MiniOzoneClusterImpl-ff59c164-3798-4a7f-a16d-eeed9ffb3244/omNode-2/ratis/c9bc4cf4-3bc3-3c60-a66b-523986131536/current/log_inprogress_311
2025-04-23 04:28:46,590 [omNode-3@group-523986131536-SegmentedRaftLogWorker] INFO  segmented.SegmentedRaftLogWorker (SegmentedRaftLogWorker.java:execute(644)) - omNode-3@group-523986131536-SegmentedRaftLogWorker: created new log segment /home/runner/work/ozone/ozone/hadoop-ozone/integration-test/target/test-dir/MiniOzoneClusterImpl-ff59c164-3798-4a7f-a16d-eeed9ffb3244/omNode-3/ratis/c9bc4cf4-3bc3-3c60-a66b-523986131536/current/log_inprogress_309
2025-04-23 04:28:46,591 [omNode-3@group-523986131536-SegmentedRaftLogWorker] INFO  segmented.SegmentedRaftLogWorker (SegmentedRaftLogWorker.java:execute(601)) - omNode-3@group-523986131536-SegmentedRaftLogWorker: Rolled log segment from /home/runner/work/ozone/ozone/hadoop-ozone/integration-test/target/test-dir/MiniOzoneClusterImpl-ff59c164-3798-4a7f-a16d-eeed9ffb3244/omNode-3/ratis/c9bc4cf4-3bc3-3c60-a66b-523986131536/current/log_inprogress_309 to /home/runner/work/ozone/ozone/hadoop-ozone/integration-test/target/test-dir/MiniOzoneClusterImpl-ff59c164-3798-4a7f-a16d-eeed9ffb3244/omNode-3/ratis/c9bc4cf4-3bc3-3c60-a66b-523986131536/current/log_309-310
2025-04-23 04:28:46,591 [omNode-1@group-523986131536-StateMachineUpdater] INFO  ratis.OzoneManagerStateMachine (OzoneManagerStateMachine.java:notifyConfigurationChanged(231)) - notifyConfigurationChanged from Ratis: term=13, index=311, New Peer list: omNode-3(localhost:15017), omNode-1(localhost:15009), omNode-2(localhost:15013)
2025-04-23 04:28:46,591 [omNode-3@group-523986131536-SegmentedRaftLogWorker] INFO  segmented.BufferedWriteChannel (BufferedWriteChannel.java:open(61)) - open log_inprogress_311 at position 0
2025-04-23 04:28:46,591 [omNode-2@group-523986131536-StateMachineUpdater] INFO  ratis.OzoneManagerStateMachine (OzoneManagerStateMachine.java:notifyConfigurationChanged(231)) - notifyConfigurationChanged from Ratis: term=13, index=311, New Peer list: omNode-3(localhost:15017), omNode-1(localhost:15009), omNode-2(localhost:15013)
2025-04-23 04:28:46,591 [omNode-1@group-523986131536-StateMachineUpdater] INFO  server.RaftServer$Division (LeaderStateImpl.java:checkStartIndex(313)) - Leader omNode-1@group-523986131536-LeaderStateImpl is ready since appliedIndex == startIndex == 311
2025-04-23 04:28:46,600 [omNode-3@group-523986131536-SegmentedRaftLogWorker] INFO  segmented.SegmentedRaftLogWorker (SegmentedRaftLogWorker.java:execute(644)) - omNode-3@group-523986131536-SegmentedRaftLogWorker: created new log segment /home/runner/work/ozone/ozone/hadoop-ozone/integration-test/target/test-dir/MiniOzoneClusterImpl-ff59c164-3798-4a7f-a16d-eeed9ffb3244/omNode-3/ratis/c9bc4cf4-3bc3-3c60-a66b-523986131536/current/log_inprogress_311
2025-04-23 04:28:46,603 [omNode-3@group-523986131536-StateMachineUpdater] INFO  ratis.OzoneManagerStateMachine (OzoneManagerStateMachine.java:notifyConfigurationChanged(231)) - notifyConfigurationChanged from Ratis: term=12, index=309, New Peer list: omNode-3(localhost:15017), omNode-1(localhost:15009), omNode-2(localhost:15013)
2025-04-23 04:28:46,604 [omNode-3@group-523986131536-StateMachineUpdater] INFO  ratis.OzoneManagerStateMachine (OzoneManagerStateMachine.java:notifyConfigurationChanged(231)) - notifyConfigurationChanged from Ratis: term=13, index=311, New Peer list: omNode-3(localhost:15017), omNode-1(localhost:15009), omNode-2(localhost:15013)
2025-04-23 04:28:46,741 [main] INFO  om.OzoneManager (OzoneManager.java:stop(2347)) - omNode-1[localhost:15006]: Stopping Ozone Manager
2025-04-23 04:28:46,742 [main] INFO  ipc.Server (Server.java:stop(3697)) - Stopping server on 15006
2025-04-23 04:28:46,744 [IPC Server listener on 15006] INFO  ipc.Server (Server.java:run(1585)) - Stopping IPC Server listener on 15006
2025-04-23 04:28:46,744 [IPC Server Responder] INFO  ipc.Server (Server.java:run(1718)) - Stopping IPC Server Responder
2025-04-23 04:28:46,744 [main] INFO  ratis.OzoneManagerRatisServer (OzoneManagerRatisServer.java:stop(634)) - Stopping org.apache.hadoop.ozone.om.ratis.OzoneManagerRatisServer@6f4c411 at port 15009
2025-04-23 04:28:46,744 [main] INFO  server.RaftServer (RaftServerProxy.java:lambda$close$9(417)) - omNode-1: close
2025-04-23 04:28:46,744 [main] INFO  server.GrpcService (GrpcService.java:closeImpl(343)) - omNode-1: shutdown server GrpcServerProtocolService now
2025-04-23 04:28:46,744 [omNode-1-impl-thread1] INFO  server.RaftServer$Division (RaftServerImpl.java:lambda$close$1(513)) - omNode-1@group-523986131536: shutdown
2025-04-23 04:28:46,745 [omNode-1-impl-thread1] INFO  util.JmxRegister (JmxRegister.java:unregister(74)) - Successfully un-registered JMX Bean with object name Ratis:service=RaftServer,group=group-523986131536,id=omNode-1
2025-04-23 04:28:46,745 [omNode-1-impl-thread1] INFO  impl.RoleInfo (RoleInfo.java:shutdownLeaderState(103)) - omNode-1: shutdown omNode-1@group-523986131536-LeaderStateImpl
2025-04-23 04:28:46,745 [omNode-1-impl-thread1] INFO  impl.PendingRequests (PendingRequests.java:sendNotLeaderResponses(287)) - omNode-1@group-523986131536-PendingRequests: sendNotLeaderResponses
2025-04-23 04:28:46,745 [Thread-5080] INFO  server.GrpcServerProtocolClient (GrpcServerProtocolClient.java:close(105)) - omNode-3 Close channels
2025-04-23 04:28:46,746 [omNode-1@group-523986131536->omNode-3-GrpcLogAppender-LogAppenderDaemon] WARN  server.GrpcLogAppender (GrpcLogAppender.java:mayWait(293)) - omNode-1@group-523986131536->omNode-3-GrpcLogAppender: Wait interrupted by java.lang.InterruptedException
2025-04-23 04:28:46,746 [Thread-5082] INFO  server.GrpcServerProtocolClient (GrpcServerProtocolClient.java:close(105)) - omNode-2 Close channels
2025-04-23 04:28:46,746 [omNode-1@group-523986131536->omNode-2-GrpcLogAppender-LogAppenderDaemon] WARN  server.GrpcLogAppender (GrpcLogAppender.java:mayWait(293)) - omNode-1@group-523986131536->omNode-2-GrpcLogAppender: Wait interrupted by java.lang.InterruptedException
2025-04-23 04:28:46,746 [omNode-1-impl-thread1] INFO  impl.StateMachineUpdater (StateMachineUpdater.java:stopAndJoin(164)) - omNode-1@group-523986131536-StateMachineUpdater: set stopIndex = 312
2025-04-23 04:28:46,747 [grpc-default-executor-0] INFO  server.GrpcServerProtocolService (GrpcServerProtocolService.java:onCompleted(157)) - omNode-2: Completed APPEND_ENTRIES, lastRequest: null
2025-04-23 04:28:46,747 [grpc-default-executor-6] INFO  server.GrpcServerProtocolService (GrpcServerProtocolService.java:onCompleted(157)) - omNode-3: Completed APPEND_ENTRIES, lastRequest: omNode-1->omNode-3#5-t13,previous=(t:13, i:311),leaderCommit=311,initializing? false,entries: size=1, first=(t:13, i:312), METADATAENTRY(c:311)
2025-04-23 04:28:46,747 [grpc-default-executor-6] INFO  server.GrpcServerProtocolService (GrpcServerProtocolService.java:lambda$onCompleted$5(159)) - omNode-3: Completed APPEND_ENTRIES, lastReply: null
2025-04-23 04:28:46,747 [grpc-default-executor-1] INFO  server.GrpcServerProtocolService (GrpcServerProtocolService.java:onCompleted(157)) - omNode-3: Completed APPEND_ENTRIES, lastRequest: null
2025-04-23 04:28:46,748 [grpc-default-executor-1] INFO  server.GrpcServerProtocolService (GrpcServerProtocolService.java:lambda$onCompleted$5(159)) - omNode-3: Completed APPEND_ENTRIES, lastReply: serverReply {
  requestorId: "omNode-1"
  replyId: "omNode-3"
  raftGroupId {
    id: "\311\274L\364;\303<`\246kR9\206\023\0256"
  }
}
term: 13
nextIndex: 309
result: INCONSISTENCY
followerCommit: 308
matchIndex: 18446744073709551615
isHearbeat: true

2025-04-23 04:28:46,747 [grpc-default-executor-0] INFO  server.GrpcServerProtocolService (GrpcServerProtocolService.java:lambda$onCompleted$5(159)) - omNode-2: Completed APPEND_ENTRIES, lastReply: serverReply {
  requestorId: "omNode-1"
  replyId: "omNode-2"
  raftGroupId {
    id: "\311\274L\364;\303<`\246kR9\206\023\0256"
  }
  success: true
}
term: 13
nextIndex: 312
followerCommit: 310
matchIndex: 18446744073709551615
isHearbeat: true

2025-04-23 04:28:46,748 [grpc-default-executor-1] INFO  server.GrpcLogAppender (GrpcLogAppender.java:onCompleted(550)) - omNode-1@group-523986131536->omNode-3-AppendLogResponseHandler: follower responses appendEntries COMPLETED
2025-04-23 04:28:46,748 [grpc-default-executor-1] WARN  server.GrpcLogAppender (GrpcLogAppender.java:resetClient(230)) - omNode-1@group-523986131536->omNode-3-GrpcLogAppender: Failed to getClient for omNode-3
org.apache.ratis.protocol.exceptions.AlreadyClosedException: omNode-1 is already CLOSED
	at org.apache.ratis.util.PeerProxyMap$PeerAndProxy.getProxy(PeerProxyMap.java:67)
	at org.apache.ratis.util.PeerProxyMap.getProxy(PeerProxyMap.java:124)
	at org.apache.ratis.grpc.server.GrpcLogAppender.getClient(GrpcLogAppender.java:200)
	at org.apache.ratis.grpc.server.GrpcLogAppender.resetClient(GrpcLogAppender.java:205)
	at org.apache.ratis.grpc.server.GrpcLogAppender.access$800(GrpcLogAppender.java:64)
	at org.apache.ratis.grpc.server.GrpcLogAppender$AppendLogResponseHandler.onCompleted(GrpcLogAppender.java:551)
	at org.apache.ratis.thirdparty.io.grpc.stub.ClientCalls$StreamObserverToCallListenerAdapter.onClose(ClientCalls.java:479)
	at org.apache.ratis.thirdparty.io.grpc.internal.ClientCallImpl.closeObserver(ClientCallImpl.java:567)
	at org.apache.ratis.thirdparty.io.grpc.internal.ClientCallImpl.access$300(ClientCallImpl.java:71)
	at org.apache.ratis.thirdparty.io.grpc.internal.ClientCallImpl$ClientStreamListenerImpl$1StreamClosed.runInternal(ClientCallImpl.java:735)
	at org.apache.ratis.thirdparty.io.grpc.internal.ClientCallImpl$ClientStreamListenerImpl$1StreamClosed.runInContext(ClientCallImpl.java:716)
	at org.apache.ratis.thirdparty.io.grpc.internal.ContextRunnable.run(ContextRunnable.java:37)
	at org.apache.ratis.thirdparty.io.grpc.internal.SerializingExecutor.run(SerializingExecutor.java:133)
	at java.base/java.util.concurrent.ThreadPoolExecutor.runWorker(ThreadPoolExecutor.java:1144)
	at java.base/java.util.concurrent.ThreadPoolExecutor$Worker.run(ThreadPoolExecutor.java:642)
	at java.base/java.lang.Thread.run(Thread.java:1583)
2025-04-23 04:28:46,747 [grpc-default-executor-4] INFO  server.GrpcServerProtocolService (GrpcServerProtocolService.java:onCompleted(157)) - omNode-2: Completed APPEND_ENTRIES, lastRequest: omNode-1->omNode-2#2-t13,previous=(t:13, i:311),leaderCommit=311,initializing? false,entries: size=1, first=(t:13, i:312), METADATAENTRY(c:311)
2025-04-23 04:28:46,749 [grpc-default-executor-4] INFO  server.GrpcServerProtocolService (GrpcServerProtocolService.java:lambda$onCompleted$5(159)) - omNode-2: Completed APPEND_ENTRIES, lastReply: null
2025-04-23 04:28:46,748 [grpc-default-executor-6] INFO  server.GrpcLogAppender (GrpcLogAppender.java:onCompleted(550)) - omNode-1@group-523986131536->omNode-3-AppendLogResponseHandler: follower responses appendEntries COMPLETED
2025-04-23 04:28:46,749 [grpc-default-executor-6] WARN  server.GrpcLogAppender (GrpcLogAppender.java:resetClient(230)) - omNode-1@group-523986131536->omNode-3-GrpcLogAppender: Failed to getClient for omNode-3
org.apache.ratis.protocol.exceptions.AlreadyClosedException: omNode-1 is already CLOSED
	at org.apache.ratis.util.PeerProxyMap$PeerAndProxy.getProxy(PeerProxyMap.java:67)
	at org.apache.ratis.util.PeerProxyMap.getProxy(PeerProxyMap.java:124)
	at org.apache.ratis.grpc.server.GrpcLogAppender.getClient(GrpcLogAppender.java:200)
	at org.apache.ratis.grpc.server.GrpcLogAppender.resetClient(GrpcLogAppender.java:205)
	at org.apache.ratis.grpc.server.GrpcLogAppender.access$800(GrpcLogAppender.java:64)
	at org.apache.ratis.grpc.server.GrpcLogAppender$AppendLogResponseHandler.onCompleted(GrpcLogAppender.java:551)
	at org.apache.ratis.thirdparty.io.grpc.stub.ClientCalls$StreamObserverToCallListenerAdapter.onClose(ClientCalls.java:479)
	at org.apache.ratis.thirdparty.io.grpc.internal.DelayedClientCall$DelayedListener$3.run(DelayedClientCall.java:489)
	at org.apache.ratis.thirdparty.io.grpc.internal.DelayedClientCall$DelayedListener.delayOrExecute(DelayedClientCall.java:453)
	at org.apache.ratis.thirdparty.io.grpc.internal.DelayedClientCall$DelayedListener.onClose(DelayedClientCall.java:486)
	at org.apache.ratis.thirdparty.io.grpc.internal.ClientCallImpl.closeObserver(ClientCallImpl.java:567)
	at org.apache.ratis.thirdparty.io.grpc.internal.ClientCallImpl.access$300(ClientCallImpl.java:71)
	at org.apache.ratis.thirdparty.io.grpc.internal.ClientCallImpl$ClientStreamListenerImpl$1StreamClosed.runInternal(ClientCallImpl.java:735)
	at org.apache.ratis.thirdparty.io.grpc.internal.ClientCallImpl$ClientStreamListenerImpl$1StreamClosed.runInContext(ClientCallImpl.java:716)
	at org.apache.ratis.thirdparty.io.grpc.internal.ContextRunnable.run(ContextRunnable.java:37)
	at org.apache.ratis.thirdparty.io.grpc.internal.SerializingExecutor.run(SerializingExecutor.java:133)
	at java.base/java.util.concurrent.ThreadPoolExecutor.runWorker(ThreadPoolExecutor.java:1144)
	at java.base/java.util.concurrent.ThreadPoolExecutor$Worker.run(ThreadPoolExecutor.java:642)
	at java.base/java.lang.Thread.run(Thread.java:1583)
2025-04-23 04:28:46,749 [grpc-default-executor-4] INFO  server.GrpcLogAppender (GrpcLogAppender.java:onCompleted(550)) - omNode-1@group-523986131536->omNode-2-AppendLogResponseHandler: follower responses appendEntries COMPLETED
2025-04-23 04:28:46,749 [grpc-default-executor-4] WARN  server.GrpcLogAppender (GrpcLogAppender.java:resetClient(230)) - omNode-1@group-523986131536->omNode-2-GrpcLogAppender: Failed to getClient for omNode-2
org.apache.ratis.protocol.exceptions.AlreadyClosedException: omNode-1 is already CLOSED
	at org.apache.ratis.util.PeerProxyMap$PeerAndProxy.getProxy(PeerProxyMap.java:67)
	at org.apache.ratis.util.PeerProxyMap.getProxy(PeerProxyMap.java:124)
	at org.apache.ratis.grpc.server.GrpcLogAppender.getClient(GrpcLogAppender.java:200)
	at org.apache.ratis.grpc.server.GrpcLogAppender.resetClient(GrpcLogAppender.java:205)
	at org.apache.ratis.grpc.server.GrpcLogAppender.access$800(GrpcLogAppender.java:64)
	at org.apache.ratis.grpc.server.GrpcLogAppender$AppendLogResponseHandler.onCompleted(GrpcLogAppender.java:551)
	at org.apache.ratis.thirdparty.io.grpc.stub.ClientCalls$StreamObserverToCallListenerAdapter.onClose(ClientCalls.java:479)
	at org.apache.ratis.thirdparty.io.grpc.internal.ClientCallImpl.closeObserver(ClientCallImpl.java:567)
	at org.apache.ratis.thirdparty.io.grpc.internal.ClientCallImpl.access$300(ClientCallImpl.java:71)
	at org.apache.ratis.thirdparty.io.grpc.internal.ClientCallImpl$ClientStreamListenerImpl$1StreamClosed.runInternal(ClientCallImpl.java:735)
	at org.apache.ratis.thirdparty.io.grpc.internal.ClientCallImpl$ClientStreamListenerImpl$1StreamClosed.runInContext(ClientCallImpl.java:716)
	at org.apache.ratis.thirdparty.io.grpc.internal.ContextRunnable.run(ContextRunnable.java:37)
	at org.apache.ratis.thirdparty.io.grpc.internal.SerializingExecutor.run(SerializingExecutor.java:133)
	at java.base/java.util.concurrent.ThreadPoolExecutor.runWorker(ThreadPoolExecutor.java:1144)
	at java.base/java.util.concurrent.ThreadPoolExecutor$Worker.run(ThreadPoolExecutor.java:642)
	at java.base/java.lang.Thread.run(Thread.java:1583)
2025-04-23 04:28:46,750 [grpc-default-executor-0] INFO  server.GrpcLogAppender (GrpcLogAppender.java:onCompleted(550)) - omNode-1@group-523986131536->omNode-2-AppendLogResponseHandler: follower responses appendEntries COMPLETED
2025-04-23 04:28:46,750 [grpc-default-executor-0] WARN  server.GrpcLogAppender (GrpcLogAppender.java:resetClient(230)) - omNode-1@group-523986131536->omNode-2-GrpcLogAppender: Failed to getClient for omNode-2
org.apache.ratis.protocol.exceptions.AlreadyClosedException: omNode-1 is already CLOSED
	at org.apache.ratis.util.PeerProxyMap$PeerAndProxy.getProxy(PeerProxyMap.java:67)
	at org.apache.ratis.util.PeerProxyMap.getProxy(PeerProxyMap.java:124)
	at org.apache.ratis.grpc.server.GrpcLogAppender.getClient(GrpcLogAppender.java:200)
	at org.apache.ratis.grpc.server.GrpcLogAppender.resetClient(GrpcLogAppender.java:205)
	at org.apache.ratis.grpc.server.GrpcLogAppender.access$800(GrpcLogAppender.java:64)
	at org.apache.ratis.grpc.server.GrpcLogAppender$AppendLogResponseHandler.onCompleted(GrpcLogAppender.java:551)
	at org.apache.ratis.thirdparty.io.grpc.stub.ClientCalls$StreamObserverToCallListenerAdapter.onClose(ClientCalls.java:479)
	at org.apache.ratis.thirdparty.io.grpc.internal.DelayedClientCall$DelayedListener$3.run(DelayedClientCall.java:489)
	at org.apache.ratis.thirdparty.io.grpc.internal.DelayedClientCall$DelayedListener.delayOrExecute(DelayedClientCall.java:453)
	at org.apache.ratis.thirdparty.io.grpc.internal.DelayedClientCall$DelayedListener.onClose(DelayedClientCall.java:486)
	at org.apache.ratis.thirdparty.io.grpc.internal.ClientCallImpl.closeObserver(ClientCallImpl.java:567)
	at org.apache.ratis.thirdparty.io.grpc.internal.ClientCallImpl.access$300(ClientCallImpl.java:71)
	at org.apache.ratis.thirdparty.io.grpc.internal.ClientCallImpl$ClientStreamListenerImpl$1StreamClosed.runInternal(ClientCallImpl.java:735)
	at org.apache.ratis.thirdparty.io.grpc.internal.ClientCallImpl$ClientStreamListenerImpl$1StreamClosed.runInContext(ClientCallImpl.java:716)
	at org.apache.ratis.thirdparty.io.grpc.internal.ContextRunnable.run(ContextRunnable.java:37)
	at org.apache.ratis.thirdparty.io.grpc.internal.SerializingExecutor.run(SerializingExecutor.java:133)
	at java.base/java.util.concurrent.ThreadPoolExecutor.runWorker(ThreadPoolExecutor.java:1144)
	at java.base/java.util.concurrent.ThreadPoolExecutor$Worker.run(ThreadPoolExecutor.java:642)
	at java.base/java.lang.Thread.run(Thread.java:1583)
2025-04-23 04:28:46,750 [main] INFO  server.GrpcService (GrpcService.java:closeImpl(352)) - omNode-1: shutdown server GrpcServerProtocolService successfully
2025-04-23 04:28:46,755 [omNode-1@group-523986131536-StateMachineUpdater] INFO  ratis.OzoneManagerStateMachine (OzoneManagerStateMachine.java:takeSnapshotImpl(510)) - omNode-1: taking snapshot. applied = (t:13, i:312), skipped = 310, notified = (t:13, i:312), current snapshot index = (t:13, i:312), took 8 ms
2025-04-23 04:28:46,755 [omNode-1@group-523986131536-StateMachineUpdater] INFO  impl.StateMachineUpdater (StateMachineUpdater.java:takeSnapshot(303)) - omNode-1@group-523986131536-StateMachineUpdater: Took a snapshot at index 312
2025-04-23 04:28:46,755 [omNode-1@group-523986131536-StateMachineUpdater] INFO  impl.StateMachineUpdater (StateMachineUpdater.java:lambda$new$0(102)) - omNode-1@group-523986131536-StateMachineUpdater: snapshotIndex: updateIncreasingly 310 -> 312
2025-04-23 04:28:46,755 [omNode-1@group-523986131536-StateMachineUpdater] INFO  raftlog.RaftLog (RaftLogBase.java:purge(325)) - omNode-1@group-523986131536-SegmentedRaftLog: purge 312
2025-04-23 04:28:46,755 [omNode-1@group-523986131536-StateMachineUpdater] INFO  raftlog.RaftLog (RaftLogBase.java:lambda$new$0(54)) - omNode-1@group-523986131536-SegmentedRaftLog: snapshotIndex: updateIncreasingly 310 -> 312
2025-04-23 04:28:46,755 [omNode-1@group-523986131536-StateMachineUpdater] INFO  raftlog.RaftLog (SegmentedRaftLog.java:purgeImpl(382)) - omNode-1@group-523986131536-SegmentedRaftLog: purge(312)
  toTruncate: null
    toDelete: [(309, 310) isOpen? false, length=0, newEndIndex=0, (107, 308) isOpen? false, length=0, newEndIndex=0]
2025-04-23 04:28:46,755 [omNode-1@group-523986131536-StateMachineUpdater] INFO  impl.StateMachineUpdater (StateMachineUpdater.java:stop(141)) - omNode-1@group-523986131536-StateMachineUpdater: closing OzoneManagerStateMachine, lastApplied=(t:13, i:312)
2025-04-23 04:28:46,755 [omNode-1@group-523986131536-StateMachineUpdater] INFO  ratis.OzoneManagerStateMachine (OzoneManagerStateMachine.java:close(550)) - Stopping OzoneManagerStateMachine:omNode-1:group-523986131536.
2025-04-23 04:28:46,755 [omNode-1@group-523986131536-StateMachineUpdater] INFO  ratis.OzoneManagerDoubleBuffer (OzoneManagerDoubleBuffer.java:stopDaemon(500)) - Stopping OMDoubleBuffer flush thread
2025-04-23 04:28:46,755 [omNode-1-OMDoubleBufferFlushThread] INFO  ratis.OzoneManagerDoubleBuffer (OzoneManagerDoubleBuffer.java:canFlush(559)) - OMDoubleBuffer flush thread omNode-1-OMDoubleBufferFlushThread is interrupted and will exit.
2025-04-23 04:28:46,755 [omNode-1@group-523986131536-SegmentedRaftLogWorker] INFO  segmented.SegmentedRaftLogWorker (SegmentedRaftLogWorker.java:execute(481)) - omNode-1@group-523986131536-SegmentedRaftLogWorker: Purged RaftLog segment: info=(309, 310) isOpen? false, length=0, newEndIndex=0, path=/home/runner/work/ozone/ozone/hadoop-ozone/integration-test/target/test-dir/MiniOzoneClusterImpl-ff59c164-3798-4a7f-a16d-eeed9ffb3244/omNode-1/ratis/c9bc4cf4-3bc3-3c60-a66b-523986131536/current/log_309-310
2025-04-23 04:28:46,755 [omNode-1@group-523986131536-SegmentedRaftLogWorker] INFO  segmented.SegmentedRaftLogWorker (SegmentedRaftLogWorker.java:execute(481)) - omNode-1@group-523986131536-SegmentedRaftLogWorker: Purged RaftLog segment: info=(107, 308) isOpen? false, length=0, newEndIndex=0, path=/home/runner/work/ozone/ozone/hadoop-ozone/integration-test/target/test-dir/MiniOzoneClusterImpl-ff59c164-3798-4a7f-a16d-eeed9ffb3244/omNode-1/ratis/c9bc4cf4-3bc3-3c60-a66b-523986131536/current/log_107-308
2025-04-23 04:28:46,755 [omNode-1@group-523986131536-SegmentedRaftLogWorker] INFO  raftlog.RaftLog (RaftLogBase.java:lambda$new$0(54)) - omNode-1@group-523986131536-SegmentedRaftLog: purgeIndex: updateToMax old=106, new=310, updated? true
2025-04-23 04:28:46,756 [omNode-1@group-523986131536-cacheEviction-AwaitToRun] INFO  util.AwaitToRun (AwaitToRun.java:run(49)) - omNode-1@group-523986131536-cacheEviction-AwaitToRun-AwaitForSignal is interrupted
2025-04-23 04:28:47,757 [omNode-1-impl-thread1] INFO  segmented.SegmentedRaftLogWorker (SegmentedRaftLogWorker.java:close(252)) - omNode-1@group-523986131536-SegmentedRaftLogWorker close()
2025-04-23 04:28:47,757 [JvmPauseMonitor30] INFO  util.JvmPauseMonitor (JvmPauseMonitor.java:run(152)) - JvmPauseMonitor-omNode-1: Stopped
2025-04-23 04:28:47,757 [main] INFO  utils.BackgroundService (BackgroundService.java:shutdown(161)) - Shutting down service KeyDeletingService
2025-04-23 04:28:47,758 [main] INFO  utils.BackgroundService (BackgroundService.java:shutdown(161)) - Shutting down service DirectoryDeletingService
2025-04-23 04:28:47,758 [main] INFO  utils.BackgroundService (BackgroundService.java:shutdown(161)) - Shutting down service OpenKeyCleanupService
2025-04-23 04:28:47,759 [main] INFO  utils.BackgroundService (BackgroundService.java:shutdown(161)) - Shutting down service SstFilteringService
2025-04-23 04:28:47,759 [main] INFO  utils.BackgroundService (BackgroundService.java:shutdown(161)) - Shutting down service SnapshotDeletingService
2025-04-23 04:28:47,759 [main] INFO  utils.BackgroundService (BackgroundService.java:shutdown(161)) - Shutting down service MultipartUploadCleanupService
2025-04-23 04:28:47,760 [main] INFO  handler.ContextHandler (ContextHandler.java:doStop(1159)) - Stopped o.e.j.w.WebAppContext@2b2bc43b{ozoneManager,/,null,STOPPED}{file:/home/runner/work/ozone/ozone/hadoop-ozone/integration-test/target/test-classes/webapps/ozoneManager}
2025-04-23 04:28:47,760 [main] INFO  server.AbstractConnector (AbstractConnector.java:doStop(383)) - Stopped ServerConnector@2daa5d49{HTTP/1.1, (http/1.1)}{0.0.0.0:15007}
2025-04-23 04:28:47,760 [main] INFO  server.session (HouseKeeper.java:stopScavenging(149)) - node0 Stopped scavenging
2025-04-23 04:28:47,760 [main] INFO  handler.ContextHandler (ContextHandler.java:doStop(1159)) - Stopped o.e.j.s.ServletContextHandler@57433a11{static,/static,file:///home/runner/work/ozone/ozone/hadoop-ozone/integration-test/target/test-classes/webapps/static,STOPPED}
2025-04-23 04:28:47,761 [main] INFO  handler.ContextHandler (ContextHandler.java:doStop(1159)) - Stopped o.e.j.s.ServletContextHandler@74afd4f7{logs,/logs,file:///home/runner/work/ozone/ozone/hadoop-ozone/integration-test/target/log,STOPPED}
2025-04-23 04:28:47,761 [main] INFO  rocksdiff.RocksDBCheckpointDiffer (RocksDBCheckpointDiffer.java:close(304)) - Shutting down CompactionDagPruningService.
2025-04-23 04:28:47,763 [main] INFO  snapshot.SnapshotDiffManager (SnapshotDiffManager.java:closeExecutorService(1698)) - Shutting down executorService: 'SnapDiffExecutor'
2025-04-23 04:28:47,763 [main] INFO  utils.BackgroundService (BackgroundService.java:shutdown(161)) - Shutting down service SnapshotDiffCleanupService
2025-04-23 04:28:48,703 [omNode-3@group-523986131536-FollowerState] INFO  impl.FollowerState (FollowerState.java:runImpl(161)) - omNode-3@group-523986131536-FollowerState: change to CANDIDATE, lastRpcElapsedTime:2101790627ns, electionTimeout:1038ms
2025-04-23 04:28:48,703 [omNode-3@group-523986131536-FollowerState] INFO  impl.RoleInfo (RoleInfo.java:shutdownFollowerState(121)) - omNode-3: shutdown omNode-3@group-523986131536-FollowerState
2025-04-23 04:28:48,703 [omNode-3@group-523986131536-FollowerState] INFO  server.RaftServer$Division (RaftServerImpl.java:setRole(378)) - omNode-3@group-523986131536: changes role from  FOLLOWER to CANDIDATE at term 13 for changeToCandidate
2025-04-23 04:28:48,703 [omNode-3@group-523986131536-FollowerState] INFO  server.RaftServerConfigKeys (ConfUtils.java:logGet(46)) - raft.server.leaderelection.pre-vote = true (default)
2025-04-23 04:28:48,703 [omNode-3@group-523986131536-FollowerState] INFO  impl.RoleInfo (RoleInfo.java:updateAndGet(148)) - omNode-3: start omNode-3@group-523986131536-LeaderElection26
2025-04-23 04:28:48,703 [omNode-3@group-523986131536-LeaderElection26] INFO  server.RaftServer$Division (ServerState.java:setLeader(272)) - omNode-3@group-523986131536: change Leader from omNode-1 to null at term 13 for PRE_VOTE
2025-04-23 04:28:48,703 [omNode-3@group-523986131536-LeaderElection26] INFO  impl.LeaderElection (LeaderElection.java:askForVotes(332)) - omNode-3@group-523986131536-LeaderElection26 PRE_VOTE round 0: submit vote requests at term 13 for conf: {index: 311, cur=peers:[omNode-3|localhost:15017, omNode-1|localhost:15009, omNode-2|localhost:15013]|listeners:[], old=null}
2025-04-23 04:28:48,705 [omNode-3@group-523986131536-LeaderElection26] INFO  impl.LeaderElection (LogUtils.java:infoOrTrace(136)) - omNode-3@group-523986131536-LeaderElection26 got exception when requesting votes: java.util.concurrent.ExecutionException: org.apache.ratis.thirdparty.io.grpc.StatusRuntimeException: UNAVAILABLE: io exception
2025-04-23 04:28:48,705 [grpc-default-executor-0] INFO  server.RaftServer$Division (RaftServerImpl.java:requestVote(1407)) - omNode-2@group-523986131536: receive requestVote(PRE_VOTE, omNode-3, group-523986131536, 13, (t:13, i:312))
2025-04-23 04:28:48,705 [grpc-default-executor-0] INFO  impl.VoteContext (VoteContext.java:log(49)) - omNode-2@group-523986131536-FOLLOWER: accept PRE_VOTE from omNode-3: our priority 0 <= candidate's priority 0
2025-04-23 04:28:48,706 [grpc-default-executor-0] INFO  server.RaftServer$Division (RaftServerImpl.java:requestVote(1441)) - omNode-2@group-523986131536 replies to PRE_VOTE vote request: omNode-3<-omNode-2#0:OK-t13. Peer's state: omNode-2@group-523986131536:t13, leader=omNode-1, voted=omNode-1, raftlog=Memoized:omNode-2@group-523986131536-SegmentedRaftLog:OPENED:c311:last(t:13, i:312), conf=conf: {index: 311, cur=peers:[omNode-3|localhost:15017, omNode-1|localhost:15009, omNode-2|localhost:15013]|listeners:[], old=null}
2025-04-23 04:28:48,706 [omNode-3@group-523986131536-LeaderElection26] INFO  impl.LeaderElection (LeaderElection.java:logAndReturn(90)) - omNode-3@group-523986131536-LeaderElection26: PRE_VOTE PASSED received 1 response(s) and 1 exception(s):
2025-04-23 04:28:48,707 [omNode-3@group-523986131536-LeaderElection26] INFO  impl.LeaderElection (LeaderElection.java:logAndReturn(94)) -   Response 0: omNode-3<-omNode-2#0:OK-t13
2025-04-23 04:28:48,707 [omNode-3@group-523986131536-LeaderElection26] INFO  impl.LeaderElection (LogUtils.java:infoOrTrace(136)) -   Exception 1: java.util.concurrent.ExecutionException: org.apache.ratis.thirdparty.io.grpc.StatusRuntimeException: UNAVAILABLE: io exception
2025-04-23 04:28:48,707 [omNode-3@group-523986131536-LeaderElection26] INFO  impl.LeaderElection (LeaderElection.java:askForVotes(334)) - omNode-3@group-523986131536-LeaderElection26 PRE_VOTE round 0: result PASSED
2025-04-23 04:28:48,708 [omNode-3@group-523986131536-LeaderElection26] INFO  impl.LeaderElection (LeaderElection.java:askForVotes(332)) - omNode-3@group-523986131536-LeaderElection26 ELECTION round 0: submit vote requests at term 14 for conf: {index: 311, cur=peers:[omNode-3|localhost:15017, omNode-1|localhost:15009, omNode-2|localhost:15013]|listeners:[], old=null}
2025-04-23 04:28:48,709 [omNode-3@group-523986131536-LeaderElection26] INFO  impl.LeaderElection (LogUtils.java:infoOrTrace(136)) - omNode-3@group-523986131536-LeaderElection26 got exception when requesting votes: java.util.concurrent.ExecutionException: org.apache.ratis.thirdparty.io.grpc.StatusRuntimeException: UNAVAILABLE: io exception
2025-04-23 04:28:48,709 [grpc-default-executor-0] INFO  server.RaftServer$Division (RaftServerImpl.java:requestVote(1407)) - omNode-2@group-523986131536: receive requestVote(ELECTION, omNode-3, group-523986131536, 14, (t:13, i:312))
2025-04-23 04:28:48,709 [grpc-default-executor-0] INFO  impl.VoteContext (VoteContext.java:log(49)) - omNode-2@group-523986131536-FOLLOWER: accept ELECTION from omNode-3: our priority 0 <= candidate's priority 0
2025-04-23 04:28:48,709 [grpc-default-executor-0] INFO  server.RaftServer$Division (RaftServerImpl.java:setRole(378)) - omNode-2@group-523986131536: changes role from  FOLLOWER to FOLLOWER at term 13 for candidate:omNode-3
2025-04-23 04:28:48,709 [grpc-default-executor-0] INFO  impl.RoleInfo (RoleInfo.java:shutdownFollowerState(121)) - omNode-2: shutdown omNode-2@group-523986131536-FollowerState
2025-04-23 04:28:48,709 [grpc-default-executor-0] INFO  server.RaftServer$Division (ServerState.java:setLeader(272)) - omNode-2@group-523986131536: change Leader from omNode-1 to null at term 14 for updateCurrentTerm
2025-04-23 04:28:48,709 [omNode-2@group-523986131536-FollowerState] INFO  impl.FollowerState (FollowerState.java:runImpl(170)) - omNode-2@group-523986131536-FollowerState was interrupted
2025-04-23 04:28:48,709 [grpc-default-executor-0] INFO  impl.RoleInfo (RoleInfo.java:updateAndGet(148)) - omNode-2: start omNode-2@group-523986131536-FollowerState
2025-04-23 04:28:48,711 [grpc-default-executor-0] INFO  server.RaftServer$Division (RaftServerImpl.java:requestVote(1441)) - omNode-2@group-523986131536 replies to ELECTION vote request: omNode-3<-omNode-2#0:OK-t14. Peer's state: omNode-2@group-523986131536:t14, leader=null, voted=omNode-3, raftlog=Memoized:omNode-2@group-523986131536-SegmentedRaftLog:OPENED:c311:last(t:13, i:312), conf=conf: {index: 311, cur=peers:[omNode-3|localhost:15017, omNode-1|localhost:15009, omNode-2|localhost:15013]|listeners:[], old=null}
2025-04-23 04:28:48,711 [omNode-3@group-523986131536-LeaderElection26] INFO  impl.LeaderElection (LeaderElection.java:logAndReturn(90)) - omNode-3@group-523986131536-LeaderElection26: ELECTION PASSED received 1 response(s) and 1 exception(s):
2025-04-23 04:28:48,711 [omNode-3@group-523986131536-LeaderElection26] INFO  impl.LeaderElection (LeaderElection.java:logAndReturn(94)) -   Response 0: omNode-3<-omNode-2#0:OK-t14
2025-04-23 04:28:48,711 [omNode-3@group-523986131536-LeaderElection26] INFO  impl.LeaderElection (LogUtils.java:infoOrTrace(136)) -   Exception 1: java.util.concurrent.ExecutionException: org.apache.ratis.thirdparty.io.grpc.StatusRuntimeException: UNAVAILABLE: io exception
2025-04-23 04:28:48,711 [omNode-3@group-523986131536-LeaderElection26] INFO  impl.LeaderElection (LeaderElection.java:askForVotes(334)) - omNode-3@group-523986131536-LeaderElection26 ELECTION round 0: result PASSED
2025-04-23 04:28:48,711 [omNode-3@group-523986131536-LeaderElection26] INFO  impl.RoleInfo (RoleInfo.java:shutdownLeaderElection(141)) - omNode-3: shutdown omNode-3@group-523986131536-LeaderElection26
2025-04-23 04:28:48,711 [omNode-3@group-523986131536-LeaderElection26] INFO  server.RaftServer$Division (RaftServerImpl.java:setRole(378)) - omNode-3@group-523986131536: changes role from CANDIDATE to LEADER at term 14 for changeToLeader
2025-04-23 04:28:48,711 [omNode-3@group-523986131536-LeaderElection26] INFO  server.RaftServerConfigKeys (ConfUtils.java:logGet(46)) - raft.server.staging.catchup.gap = 1000 (default)
2025-04-23 04:28:48,711 [omNode-3@group-523986131536-LeaderElection26] INFO  server.RaftServerConfigKeys (ConfUtils.java:logGet(46)) - raft.server.write.element-limit = 4096 (default)
2025-04-23 04:28:48,711 [omNode-3@group-523986131536-LeaderElection26] INFO  server.RaftServerConfigKeys (ConfUtils.java:logGet(46)) - raft.server.write.byte-limit = 64MB (=67108864) (default)
2025-04-23 04:28:48,712 [omNode-3@group-523986131536-LeaderElection26] INFO  server.RaftServerConfigKeys (ConfUtils.java:logGet(46)) - raft.server.watch.timeout = 10s (default)
2025-04-23 04:28:48,712 [omNode-3@group-523986131536-LeaderElection26] INFO  server.RaftServerConfigKeys (ConfUtils.java:logGet(46)) - raft.server.watch.timeout.denomination = 1s (default)
2025-04-23 04:28:48,712 [omNode-3@group-523986131536-LeaderElection26] INFO  server.RaftServerConfigKeys (ConfUtils.java:logGet(46)) - raft.server.watch.element-limit = 65536 (default)
2025-04-23 04:28:48,712 [omNode-3@group-523986131536-LeaderElection26] INFO  server.RaftServerConfigKeys (ConfUtils.java:logGet(46)) - raft.server.read.leader.lease.enabled = false (default)
2025-04-23 04:28:48,712 [omNode-3@group-523986131536-LeaderElection26] INFO  server.RaftServerConfigKeys (ConfUtils.java:logGet(46)) - raft.server.read.leader.lease.timeout.ratio = 0.9 (default)
2025-04-23 04:28:48,712 [omNode-3@group-523986131536-LeaderElection26] INFO  server.RaftServerConfigKeys (ConfUtils.java:logGet(46)) - raft.server.rpc.timeout.min = 1s (custom)
2025-04-23 04:28:48,712 [omNode-3@group-523986131536-LeaderElection26] INFO  server.RaftServerConfigKeys (ConfUtils.java:logGet(46)) - raft.server.log.log-metadata.enabled = true (default)
2025-04-23 04:28:48,712 [omNode-3@group-523986131536-LeaderElection26] INFO  server.RaftServerConfigKeys (ConfUtils.java:logGet(46)) - raft.server.write.element-limit = 4096 (default)
2025-04-23 04:28:48,712 [omNode-3@group-523986131536-LeaderElection26] INFO  server.RaftServerConfigKeys (ConfUtils.java:logGet(46)) - raft.server.write.follower.gap.ratio.max = -1.0 (default)
2025-04-23 04:28:48,713 [omNode-3@group-523986131536-LeaderElection26] INFO  server.RaftServerConfigKeys (ConfUtils.java:logGet(46)) - raft.server.log.appender.snapshot.chunk.size.max = 16MB (=16777216) (default)
2025-04-23 04:28:48,713 [omNode-3@group-523986131536-LeaderElection26] INFO  server.RaftServerConfigKeys (ConfUtils.java:logGet(46)) - raft.server.log.appender.buffer.byte-limit = 4194304 (custom)
2025-04-23 04:28:48,713 [omNode-3@group-523986131536-LeaderElection26] INFO  server.RaftServerConfigKeys (ConfUtils.java:logGet(46)) - raft.server.log.appender.buffer.element-limit = 1024 (custom)
2025-04-23 04:28:48,713 [omNode-3@group-523986131536-LeaderElection26] INFO  server.RaftServerConfigKeys (ConfUtils.java:logGet(46)) - raft.server.log.appender.wait-time.min = 0ms (custom)
2025-04-23 04:28:48,713 [omNode-3@group-523986131536-LeaderElection26] INFO  grpc.GrpcConfigKeys (ConfUtils.java:logGet(46)) - raft.grpc.server.leader.outstanding.appends.max = 8 (default)
2025-04-23 04:28:48,713 [omNode-3@group-523986131536-LeaderElection26] INFO  server.RaftServerConfigKeys (ConfUtils.java:logGet(46)) - raft.server.rpc.request.timeout = 3000ms (default)
2025-04-23 04:28:48,713 [omNode-3@group-523986131536-LeaderElection26] INFO  grpc.GrpcConfigKeys (ConfUtils.java:logGet(46)) - raft.grpc.server.install_snapshot.request.element-limit = 8 (default)
2025-04-23 04:28:48,713 [omNode-3@group-523986131536-LeaderElection26] INFO  grpc.GrpcConfigKeys (ConfUtils.java:logGet(46)) - raft.grpc.server.install_snapshot.request.timeout = 3000ms (default)
2025-04-23 04:28:48,713 [omNode-3@group-523986131536-LeaderElection26] INFO  grpc.GrpcConfigKeys (ConfUtils.java:logGet(46)) - raft.grpc.server.log-message.batch.duration = 5s (default)
2025-04-23 04:28:48,713 [omNode-3@group-523986131536-LeaderElection26] INFO  server.RaftServerConfigKeys (ConfUtils.java:logGet(46)) - raft.server.log.appender.install.snapshot.enabled = false (custom)
2025-04-23 04:28:48,713 [omNode-3@group-523986131536-LeaderElection26] INFO  grpc.GrpcConfigKeys (ConfUtils.java:logGet(46)) - raft.grpc.server.heartbeat.channel = true (default)
2025-04-23 04:28:48,714 [omNode-3@group-523986131536-LeaderElection26] INFO  server.RaftServerConfigKeys (ConfUtils.java:logGet(46)) - raft.server.log.appender.snapshot.chunk.size.max = 16MB (=16777216) (default)
2025-04-23 04:28:48,714 [omNode-3@group-523986131536-LeaderElection26] INFO  server.RaftServerConfigKeys (ConfUtils.java:logGet(46)) - raft.server.log.appender.buffer.byte-limit = 4194304 (custom)
2025-04-23 04:28:48,714 [omNode-3@group-523986131536-LeaderElection26] INFO  server.RaftServerConfigKeys (ConfUtils.java:logGet(46)) - raft.server.log.appender.buffer.element-limit = 1024 (custom)
2025-04-23 04:28:48,714 [omNode-3@group-523986131536-LeaderElection26] INFO  server.RaftServerConfigKeys (ConfUtils.java:logGet(46)) - raft.server.log.appender.wait-time.min = 0ms (custom)
2025-04-23 04:28:48,714 [omNode-3@group-523986131536-LeaderElection26] INFO  grpc.GrpcConfigKeys (ConfUtils.java:logGet(46)) - raft.grpc.server.leader.outstanding.appends.max = 8 (default)
2025-04-23 04:28:48,714 [omNode-3@group-523986131536-LeaderElection26] INFO  server.RaftServerConfigKeys (ConfUtils.java:logGet(46)) - raft.server.rpc.request.timeout = 3000ms (default)
2025-04-23 04:28:48,714 [omNode-3@group-523986131536-LeaderElection26] INFO  grpc.GrpcConfigKeys (ConfUtils.java:logGet(46)) - raft.grpc.server.install_snapshot.request.element-limit = 8 (default)
2025-04-23 04:28:48,714 [omNode-3@group-523986131536-LeaderElection26] INFO  grpc.GrpcConfigKeys (ConfUtils.java:logGet(46)) - raft.grpc.server.install_snapshot.request.timeout = 3000ms (default)
2025-04-23 04:28:48,714 [omNode-3@group-523986131536-LeaderElection26] INFO  grpc.GrpcConfigKeys (ConfUtils.java:logGet(46)) - raft.grpc.server.log-message.batch.duration = 5s (default)
2025-04-23 04:28:48,714 [omNode-3@group-523986131536-LeaderElection26] INFO  server.RaftServerConfigKeys (ConfUtils.java:logGet(46)) - raft.server.log.appender.install.snapshot.enabled = false (custom)
2025-04-23 04:28:48,714 [omNode-3@group-523986131536-LeaderElection26] INFO  grpc.GrpcConfigKeys (ConfUtils.java:logGet(46)) - raft.grpc.server.heartbeat.channel = true (default)
2025-04-23 04:28:48,714 [omNode-3@group-523986131536-LeaderElection26] INFO  impl.RoleInfo (RoleInfo.java:updateAndGet(148)) - omNode-3: start omNode-3@group-523986131536-LeaderStateImpl
2025-04-23 04:28:48,714 [omNode-3@group-523986131536-LeaderElection26] INFO  ratis.OzoneManagerStateMachine (OzoneManagerStateMachine.java:notifyLeaderChanged(169)) - omNode-3@group-523986131536: leader changed to omNode-3
2025-04-23 04:28:48,714 [omNode-3@group-523986131536-LeaderElection26] INFO  server.RaftServer$Division (ServerState.java:setLeader(272)) - omNode-3@group-523986131536: change Leader from null to omNode-3 at term 14 for becomeLeader, leader elected after 10ms
2025-04-23 04:28:48,715 [omNode-3@group-523986131536-LeaderElection26] INFO  segmented.SegmentedRaftLogWorker (SegmentedRaftLogWorker.java:rollLogSegment(443)) - omNode-3@group-523986131536-SegmentedRaftLogWorker: Rolling segment log-311_312 to index:312
2025-04-23 04:28:48,715 [omNode-3@group-523986131536-LeaderElection26] INFO  server.RaftServer$Division (ServerState.java:setRaftConf(386)) - omNode-3@group-523986131536: set configuration conf: {index: 313, cur=peers:[omNode-3|localhost:15017, omNode-1|localhost:15009, omNode-2|localhost:15013]|listeners:[], old=null}
2025-04-23 04:28:48,715 [grpc-default-executor-0] WARN  server.GrpcLogAppender (LogUtils.java:warn(121)) - omNode-3@group-523986131536->omNode-1-AppendLogResponseHandler: Failed appendEntries: org.apache.ratis.thirdparty.io.grpc.StatusRuntimeException: UNAVAILABLE: io exception
2025-04-23 04:28:48,716 [grpc-default-executor-0] WARN  server.GrpcLogAppender (GrpcLogAppender.java:lambda$resetClient$1(221)) - omNode-3@group-523986131536->omNode-1-GrpcLogAppender: Follower failed (request=null, errorCount=1); keep nextIndex (313) unchanged and retry.
2025-04-23 04:28:48,717 [omNode-3@group-523986131536-SegmentedRaftLogWorker] INFO  segmented.SegmentedRaftLogWorker (SegmentedRaftLogWorker.java:execute(601)) - omNode-3@group-523986131536-SegmentedRaftLogWorker: Rolled log segment from /home/runner/work/ozone/ozone/hadoop-ozone/integration-test/target/test-dir/MiniOzoneClusterImpl-ff59c164-3798-4a7f-a16d-eeed9ffb3244/omNode-3/ratis/c9bc4cf4-3bc3-3c60-a66b-523986131536/current/log_inprogress_311 to /home/runner/work/ozone/ozone/hadoop-ozone/integration-test/target/test-dir/MiniOzoneClusterImpl-ff59c164-3798-4a7f-a16d-eeed9ffb3244/omNode-3/ratis/c9bc4cf4-3bc3-3c60-a66b-523986131536/current/log_311-312
2025-04-23 04:28:48,717 [omNode-3@group-523986131536-SegmentedRaftLogWorker] INFO  segmented.BufferedWriteChannel (BufferedWriteChannel.java:open(61)) - open log_inprogress_313 at position 0
2025-04-23 04:28:48,718 [grpc-default-executor-2] WARN  server.GrpcLogAppender (GrpcLogAppender.java:lambda$resetClient$1(221)) - omNode-3@group-523986131536->omNode-1-GrpcLogAppender: Follower failed (request=null, errorCount=2); keep nextIndex (314) unchanged and retry.
2025-04-23 04:28:48,721 [omNode-2-server-thread3] INFO  ratis.OzoneManagerStateMachine (OzoneManagerStateMachine.java:notifyLeaderChanged(169)) - omNode-2@group-523986131536: leader changed to omNode-3
2025-04-23 04:28:48,721 [omNode-2-server-thread3] INFO  server.RaftServer$Division (ServerState.java:setLeader(272)) - omNode-2@group-523986131536: change Leader from null to omNode-3 at term 14 for appendEntries, leader elected after 11ms
2025-04-23 04:28:48,722 [omNode-2-server-thread1] INFO  server.RaftServer$Division (ServerState.java:setRaftConf(386)) - omNode-2@group-523986131536: set configuration conf: {index: 313, cur=peers:[omNode-3|localhost:15017, omNode-1|localhost:15009, omNode-2|localhost:15013]|listeners:[], old=null}
2025-04-23 04:28:48,722 [omNode-2-server-thread1] INFO  segmented.SegmentedRaftLogWorker (SegmentedRaftLogWorker.java:rollLogSegment(443)) - omNode-2@group-523986131536-SegmentedRaftLogWorker: Rolling segment log-311_312 to index:312
2025-04-23 04:28:48,724 [omNode-2@group-523986131536-SegmentedRaftLogWorker] INFO  segmented.SegmentedRaftLogWorker (SegmentedRaftLogWorker.java:execute(601)) - omNode-2@group-523986131536-SegmentedRaftLogWorker: Rolled log segment from /home/runner/work/ozone/ozone/hadoop-ozone/integration-test/target/test-dir/MiniOzoneClusterImpl-ff59c164-3798-4a7f-a16d-eeed9ffb3244/omNode-2/ratis/c9bc4cf4-3bc3-3c60-a66b-523986131536/current/log_inprogress_311 to /home/runner/work/ozone/ozone/hadoop-ozone/integration-test/target/test-dir/MiniOzoneClusterImpl-ff59c164-3798-4a7f-a16d-eeed9ffb3244/omNode-2/ratis/c9bc4cf4-3bc3-3c60-a66b-523986131536/current/log_311-312
2025-04-23 04:28:48,724 [omNode-2@group-523986131536-SegmentedRaftLogWorker] INFO  segmented.BufferedWriteChannel (BufferedWriteChannel.java:open(61)) - open log_inprogress_313 at position 0
2025-04-23 04:28:48,727 [omNode-3@group-523986131536-SegmentedRaftLogWorker] INFO  segmented.SegmentedRaftLogWorker (SegmentedRaftLogWorker.java:execute(644)) - omNode-3@group-523986131536-SegmentedRaftLogWorker: created new log segment /home/runner/work/ozone/ozone/hadoop-ozone/integration-test/target/test-dir/MiniOzoneClusterImpl-ff59c164-3798-4a7f-a16d-eeed9ffb3244/omNode-3/ratis/c9bc4cf4-3bc3-3c60-a66b-523986131536/current/log_inprogress_313
2025-04-23 04:28:48,733 [omNode-2@group-523986131536-SegmentedRaftLogWorker] INFO  segmented.SegmentedRaftLogWorker (SegmentedRaftLogWorker.java:execute(644)) - omNode-2@group-523986131536-SegmentedRaftLogWorker: created new log segment /home/runner/work/ozone/ozone/hadoop-ozone/integration-test/target/test-dir/MiniOzoneClusterImpl-ff59c164-3798-4a7f-a16d-eeed9ffb3244/omNode-2/ratis/c9bc4cf4-3bc3-3c60-a66b-523986131536/current/log_inprogress_313
2025-04-23 04:28:48,734 [grpc-default-executor-6] WARN  server.GrpcLogAppender (GrpcLogAppender.java:lambda$resetClient$1(221)) - omNode-3@group-523986131536->omNode-1-GrpcLogAppender: Follower failed (request=null, errorCount=5); keep nextIndex (315) unchanged and retry.
2025-04-23 04:28:48,734 [omNode-3@group-523986131536-StateMachineUpdater] INFO  ratis.OzoneManagerStateMachine (OzoneManagerStateMachine.java:notifyConfigurationChanged(231)) - notifyConfigurationChanged from Ratis: term=14, index=313, New Peer list: omNode-3(localhost:15017), omNode-1(localhost:15009), omNode-2(localhost:15013)
2025-04-23 04:28:48,735 [omNode-3@group-523986131536-StateMachineUpdater] INFO  server.RaftServer$Division (LeaderStateImpl.java:checkStartIndex(313)) - Leader omNode-3@group-523986131536-LeaderStateImpl is ready since appliedIndex == startIndex == 313
2025-04-23 04:28:48,735 [omNode-2@group-523986131536-StateMachineUpdater] INFO  ratis.OzoneManagerStateMachine (OzoneManagerStateMachine.java:notifyConfigurationChanged(231)) - notifyConfigurationChanged from Ratis: term=14, index=313, New Peer list: omNode-3(localhost:15017), omNode-1(localhost:15009), omNode-2(localhost:15013)
2025-04-23 04:28:50,166 [baf21fd8-fe83-4245-9dfa-94651746f6f6-BlockDeletingService#1] INFO  interfaces.ContainerDeletionChoosingPolicyTemplate (ContainerDeletionChoosingPolicyTemplate.java:chooseContainerForBlockDeletion(83)) - Chosen 0/5000 blocks from 0 candidate containers.
2025-04-23 04:28:50,357 [4c9bf6b8-dff1-4348-8d13-20f037915169-BlockDeletingService#1] INFO  interfaces.ContainerDeletionChoosingPolicyTemplate (ContainerDeletionChoosingPolicyTemplate.java:chooseContainerForBlockDeletion(83)) - Chosen 0/5000 blocks from 0 candidate containers.
2025-04-23 04:28:50,566 [10d18a7b-3cc1-41d1-8b83-572ee97c87aa-BlockDeletingService#0] INFO  interfaces.ContainerDeletionChoosingPolicyTemplate (ContainerDeletionChoosingPolicyTemplate.java:chooseContainerForBlockDeletion(83)) - Chosen 0/5000 blocks from 0 candidate containers.
2025-04-23 04:28:53,715 [timer6] WARN  server.GrpcLogAppender (LogUtils.java:warn(121)) - omNode-3@group-523986131536->omNode-1-AppendLogResponseHandler: Failed appendEntries (Repeated 20 times in the last 4.999s): org.apache.ratis.thirdparty.io.grpc.StatusRuntimeException: UNAVAILABLE: io exception
2025-04-23 04:28:53,718 [timer1] WARN  server.GrpcLogAppender (GrpcLogAppender.java:lambda$resetClient$1(221)) - omNode-3@group-523986131536->omNode-1-GrpcLogAppender: Follower failed (request=null, errorCount=4); keep nextIndex (314) unchanged and retry. (Repeated 3 times in the last 5.000s)
2025-04-23 04:28:53,734 [timer6] WARN  server.GrpcLogAppender (GrpcLogAppender.java:lambda$resetClient$1(221)) - omNode-3@group-523986131536->omNode-1-GrpcLogAppender: Follower failed (request=null, errorCount=20); keep nextIndex (315) unchanged and retry. (Repeated 16 times in the last 5.000s)
2025-04-23 04:28:55,121 [grpc-default-executor-6] WARN  server.GrpcLogAppender (LogUtils.java:warn(121)) - omNode-3@group-523986131536->omNode-1-AppendLogResponseHandler: Failed appendEntries: org.apache.ratis.thirdparty.io.grpc.StatusRuntimeException: UNAVAILABLE: io exception
2025-04-23 04:28:55,122 [grpc-default-executor-2] WARN  server.GrpcLogAppender (GrpcLogAppender.java:lambda$resetClient$1(221)) - omNode-3@group-523986131536->omNode-1-GrpcLogAppender: Follower failed (request=null, errorCount=21); keep nextIndex (315) unchanged and retry.
2025-04-23 04:28:55,764 [main] INFO  rpc.RpcClient (RpcClient.java:createVolume(462)) - Creating Volume: volume06146, with user71743 as owner and space quota set to -1 bytes, counts quota set to -1
2025-04-23 04:28:55,765 [main] INFO  retry.RetryInvocationHandler (RetryInvocationHandler.java:log(426)) - com.google.protobuf.ServiceException: java.net.ConnectException: Call From fv-az1441-587/10.1.0.164 to localhost:15006 failed on connection exception: java.net.ConnectException: Connection refused; For more details see:  http://wiki.apache.org/hadoop/ConnectionRefused, while invoking $Proxy68.submitRequest over nodeId=omNode-1,nodeAddress=127.0.0.1:15006. Trying to failover immediately. Current retry count: 0.
2025-04-23 04:28:55,767 [main] INFO  retry.RetryInvocationHandler (RetryInvocationHandler.java:log(426)) - com.google.protobuf.ServiceException: org.apache.hadoop.ipc.RemoteException(org.apache.hadoop.ozone.om.exceptions.OMNotLeaderException): OM:omNode-2 is not the leader. Suggested leader is OM:omNode-3[localhost/127.0.0.1].
	at org.apache.hadoop.ozone.om.ratis.OzoneManagerRatisServer.newOMNotLeaderException(OzoneManagerRatisServer.java:813)
	at org.apache.hadoop.ozone.om.OzoneManager.checkLeaderStatus(OzoneManager.java:4355)
	at org.apache.hadoop.ozone.om.ratis.utils.OzoneManagerRatisUtils.checkLeaderStatus(OzoneManagerRatisUtils.java:500)
	at org.apache.hadoop.ozone.protocolPB.OzoneManagerProtocolServerSideTranslatorPB.internalProcessRequest(OzoneManagerProtocolServerSideTranslatorPB.java:165)
	at org.apache.hadoop.ozone.protocolPB.OzoneManagerProtocolServerSideTranslatorPB.processRequest(OzoneManagerProtocolServerSideTranslatorPB.java:125)
	at org.apache.hadoop.hdds.server.OzoneProtocolMessageDispatcher.processRequest(OzoneProtocolMessageDispatcher.java:87)
	at org.apache.hadoop.ozone.protocolPB.OzoneManagerProtocolServerSideTranslatorPB.submitRequest(OzoneManagerProtocolServerSideTranslatorPB.java:116)
	at org.apache.hadoop.ozone.protocol.proto.OzoneManagerProtocolProtos$OzoneManagerService$2.callBlockingMethod(OzoneManagerProtocolProtos.java)
	at org.apache.hadoop.ipc.ProtobufRpcEngine$Server.processCall(ProtobufRpcEngine.java:484)
	at org.apache.hadoop.ipc.ProtobufRpcEngine2$Server$ProtoBufRpcInvoker.call(ProtobufRpcEngine2.java:595)
	at org.apache.hadoop.ipc.ProtobufRpcEngine2$Server$ProtoBufRpcInvoker.call(ProtobufRpcEngine2.java:573)
	at org.apache.hadoop.ipc.RPC$Server.call(RPC.java:1227)
	at org.apache.hadoop.ipc.Server$RpcCall.run(Server.java:1246)
	at org.apache.hadoop.ipc.Server$RpcCall.run(Server.java:1169)
	at java.base/java.security.AccessController.doPrivileged(AccessController.java:714)
	at java.base/javax.security.auth.Subject.doAs(Subject.java:525)
	at org.apache.hadoop.security.UserGroupInformation.doAs(UserGroupInformation.java:1953)
	at org.apache.hadoop.ipc.Server$Handler.run(Server.java:3198)
, while invoking $Proxy68.submitRequest over nodeId=omNode-2,nodeAddress=127.0.0.1:15010 after 1 failover attempts. Trying to failover immediately. Current retry count: 1.
2025-04-23 04:28:55,774 [grpc-default-executor-2] WARN  server.GrpcLogAppender (GrpcLogAppender.java:lambda$resetClient$1(221)) - omNode-3@group-523986131536->omNode-1-GrpcLogAppender: Follower failed (request=null, errorCount=25); keep nextIndex (317) unchanged and retry.
2025-04-23 04:28:55,784 [omNode-2-OMStateMachineApplyTransactionThread - 0] WARN  helpers.OzoneAclUtil (OzoneAclUtil.java:getDefaultAclList(77)) - Failed to get primary group from user user71743 (auth:SIMPLE)
2025-04-23 04:28:55,784 [omNode-3-OMStateMachineApplyTransactionThread - 0] WARN  helpers.OzoneAclUtil (OzoneAclUtil.java:getDefaultAclList(77)) - Failed to get primary group from user user71743 (auth:SIMPLE)
2025-04-23 04:28:55,784 [omNode-3-OMStateMachineApplyTransactionThread - 0] INFO  volume.OMVolumeCreateRequest (OMVolumeCreateRequest.java:validateAndUpdateCache(203)) - created volume:volume06146 for user:user71743
2025-04-23 04:28:55,784 [omNode-2-OMStateMachineApplyTransactionThread - 0] INFO  volume.OMVolumeCreateRequest (OMVolumeCreateRequest.java:validateAndUpdateCache(203)) - created volume:volume06146 for user:user71743
2025-04-23 04:28:55,787 [main] INFO  rpc.RpcClient (RpcClient.java:createVolume(462)) - Creating Volume: volume76990, with user75169 as owner and space quota set to -1 bytes, counts quota set to -1
2025-04-23 04:28:55,789 [grpc-default-executor-6] WARN  server.GrpcLogAppender (GrpcLogAppender.java:lambda$resetClient$1(221)) - omNode-3@group-523986131536->omNode-1-GrpcLogAppender: Follower failed (request=null, errorCount=27); keep nextIndex (318) unchanged and retry.
2025-04-23 04:28:55,790 [grpc-default-executor-1] WARN  server.GrpcLogAppender (GrpcLogAppender.java:lambda$resetClient$1(221)) - omNode-3@group-523986131536->omNode-1-GrpcLogAppender: Follower failed (request=null, errorCount=29); keep nextIndex (319) unchanged and retry.
2025-04-23 04:28:55,800 [omNode-2-OMStateMachineApplyTransactionThread - 0] WARN  helpers.OzoneAclUtil (OzoneAclUtil.java:getDefaultAclList(77)) - Failed to get primary group from user user75169 (auth:SIMPLE)
2025-04-23 04:28:55,800 [omNode-3-OMStateMachineApplyTransactionThread - 0] WARN  helpers.OzoneAclUtil (OzoneAclUtil.java:getDefaultAclList(77)) - Failed to get primary group from user user75169 (auth:SIMPLE)
2025-04-23 04:28:55,800 [omNode-2-OMStateMachineApplyTransactionThread - 0] INFO  volume.OMVolumeCreateRequest (OMVolumeCreateRequest.java:validateAndUpdateCache(203)) - created volume:volume76990 for user:user75169
2025-04-23 04:28:55,800 [omNode-3-OMStateMachineApplyTransactionThread - 0] INFO  volume.OMVolumeCreateRequest (OMVolumeCreateRequest.java:validateAndUpdateCache(203)) - created volume:volume76990 for user:user75169
2025-04-23 04:28:55,802 [main] INFO  rpc.RpcClient (RpcClient.java:createBucket(687)) - Creating Bucket: volume76990/514921db-76a3-42e4-8d2a-6a63669a974d, with server-side default bucket layout, runner as owner, Versioning false, Storage Type set to DISK and Encryption set to false, Replication Type set to server-side default replication type, Namespace Quota set to -1, Space Quota set to -1 
2025-04-23 04:28:55,804 [grpc-default-executor-2] WARN  server.GrpcLogAppender (GrpcLogAppender.java:lambda$resetClient$1(221)) - omNode-3@group-523986131536->omNode-1-GrpcLogAppender: Follower failed (request=null, errorCount=31); keep nextIndex (320) unchanged and retry.
2025-04-23 04:28:55,806 [omNode-3-OMStateMachineApplyTransactionThread - 0] INFO  bucket.OMBucketCreateRequest (OMBucketCreateRequest.java:validateAndUpdateCache(291)) - created bucket: 514921db-76a3-42e4-8d2a-6a63669a974d of layout OBJECT_STORE in volume: volume76990
2025-04-23 04:28:55,807 [grpc-default-executor-2] WARN  server.GrpcLogAppender (GrpcLogAppender.java:lambda$resetClient$1(221)) - omNode-3@group-523986131536->omNode-1-GrpcLogAppender: Follower failed (request=null, errorCount=33); keep nextIndex (321) unchanged and retry.
2025-04-23 04:28:55,808 [omNode-2-OMStateMachineApplyTransactionThread - 0] INFO  bucket.OMBucketCreateRequest (OMBucketCreateRequest.java:validateAndUpdateCache(291)) - created bucket: 514921db-76a3-42e4-8d2a-6a63669a974d of layout OBJECT_STORE in volume: volume76990
2025-04-23 04:28:55,814 [grpc-default-executor-6] WARN  server.GrpcLogAppender (GrpcLogAppender.java:lambda$resetClient$1(221)) - omNode-3@group-523986131536->omNode-1-GrpcLogAppender: Follower failed (request=null, errorCount=35); keep nextIndex (322) unchanged and retry.
2025-04-23 04:28:55,817 [grpc-default-executor-1] WARN  server.GrpcLogAppender (GrpcLogAppender.java:lambda$resetClient$1(221)) - omNode-3@group-523986131536->omNode-1-GrpcLogAppender: Follower failed (request=null, errorCount=37); keep nextIndex (323) unchanged and retry.
2025-04-23 04:28:55,835 [grpc-default-executor-2] WARN  server.GrpcLogAppender (GrpcLogAppender.java:lambda$resetClient$1(221)) - omNode-3@group-523986131536->omNode-1-GrpcLogAppender: Follower failed (request=null, errorCount=39); keep nextIndex (324) unchanged and retry.
2025-04-23 04:28:55,840 [grpc-default-executor-6] WARN  server.GrpcLogAppender (GrpcLogAppender.java:lambda$resetClient$1(221)) - omNode-3@group-523986131536->omNode-1-GrpcLogAppender: Follower failed (request=null, errorCount=41); keep nextIndex (325) unchanged and retry.
2025-04-23 04:28:55,851 [main] INFO  om.OzoneManager (OzoneManager.java:stop(2347)) - omNode-3[localhost:15014]: Stopping Ozone Manager
2025-04-23 04:28:55,851 [main] INFO  ipc.Server (Server.java:stop(3697)) - Stopping server on 15014
2025-04-23 04:28:55,854 [IPC Server listener on 15014] INFO  ipc.Server (Server.java:run(1585)) - Stopping IPC Server listener on 15014
2025-04-23 04:28:55,854 [IPC Server Responder] INFO  ipc.Server (Server.java:run(1718)) - Stopping IPC Server Responder
2025-04-23 04:28:55,854 [main] INFO  ratis.OzoneManagerRatisServer (OzoneManagerRatisServer.java:stop(634)) - Stopping org.apache.hadoop.ozone.om.ratis.OzoneManagerRatisServer@681c6b89 at port 15017
2025-04-23 04:28:55,855 [main] INFO  server.RaftServer (RaftServerProxy.java:lambda$close$9(417)) - omNode-3: close
2025-04-23 04:28:55,855 [main] INFO  server.GrpcService (GrpcService.java:closeImpl(343)) - omNode-3: shutdown server GrpcServerProtocolService now
2025-04-23 04:28:55,855 [omNode-3-impl-thread1] INFO  server.RaftServer$Division (RaftServerImpl.java:lambda$close$1(513)) - omNode-3@group-523986131536: shutdown
2025-04-23 04:28:55,855 [omNode-3-impl-thread1] INFO  util.JmxRegister (JmxRegister.java:unregister(74)) - Successfully un-registered JMX Bean with object name Ratis:service=RaftServer,group=group-523986131536,id=omNode-3
2025-04-23 04:28:55,855 [omNode-3-impl-thread1] INFO  impl.RoleInfo (RoleInfo.java:shutdownLeaderState(103)) - omNode-3: shutdown omNode-3@group-523986131536-LeaderStateImpl
2025-04-23 04:28:55,855 [omNode-3@group-523986131536->omNode-1-GrpcLogAppender-LogAppenderDaemon] WARN  server.GrpcLogAppender (GrpcLogAppender.java:mayWait(293)) - omNode-3@group-523986131536->omNode-1-GrpcLogAppender: Wait interrupted by java.lang.InterruptedException
2025-04-23 04:28:55,855 [omNode-3@group-523986131536->omNode-2-GrpcLogAppender-LogAppenderDaemon] WARN  server.GrpcLogAppender (GrpcLogAppender.java:mayWait(293)) - omNode-3@group-523986131536->omNode-2-GrpcLogAppender: Wait interrupted by java.lang.InterruptedException
2025-04-23 04:28:55,855 [omNode-3-impl-thread1] INFO  impl.PendingRequests (PendingRequests.java:sendNotLeaderResponses(287)) - omNode-3@group-523986131536-PendingRequests: sendNotLeaderResponses
2025-04-23 04:28:55,856 [grpc-default-executor-2] INFO  server.GrpcServerProtocolService (GrpcServerProtocolService.java:onCompleted(157)) - omNode-2: Completed APPEND_ENTRIES, lastRequest: omNode-3->omNode-2#33-t14,previous=(t:14, i:323),leaderCommit=323,initializing? false,entries: size=1, first=(t:14, i:324), METADATAENTRY(c:323)
2025-04-23 04:28:55,856 [grpc-default-executor-2] INFO  server.GrpcServerProtocolService (GrpcServerProtocolService.java:lambda$onCompleted$5(159)) - omNode-2: Completed APPEND_ENTRIES, lastReply: null
2025-04-23 04:28:55,857 [omNode-3-impl-thread1] INFO  impl.StateMachineUpdater (StateMachineUpdater.java:stopAndJoin(164)) - omNode-3@group-523986131536-StateMachineUpdater: set stopIndex = 324
2025-04-23 04:28:55,857 [grpc-default-executor-2] INFO  server.GrpcLogAppender (GrpcLogAppender.java:onCompleted(550)) - omNode-3@group-523986131536->omNode-2-AppendLogResponseHandler: follower responses appendEntries COMPLETED
2025-04-23 04:28:55,857 [grpc-default-executor-2] INFO  server.GrpcServerProtocolService (GrpcServerProtocolService.java:onCompleted(157)) - omNode-2: Completed APPEND_ENTRIES, lastRequest: null
2025-04-23 04:28:55,858 [grpc-default-executor-2] INFO  server.GrpcServerProtocolService (GrpcServerProtocolService.java:lambda$onCompleted$5(159)) - omNode-2: Completed APPEND_ENTRIES, lastReply: serverReply {
  requestorId: "omNode-3"
  replyId: "omNode-2"
  raftGroupId {
    id: "\311\274L\364;\303<`\246kR9\206\023\0256"
  }
  callId: 17
  success: true
}
term: 14
nextIndex: 315
followerCommit: 314
matchIndex: 18446744073709551615
isHearbeat: true

2025-04-23 04:28:55,858 [Thread-5142] INFO  server.GrpcServerProtocolClient (GrpcServerProtocolClient.java:close(105)) - omNode-1 Close channels
2025-04-23 04:28:55,859 [grpc-default-executor-2] INFO  server.GrpcLogAppender (GrpcLogAppender.java:onCompleted(550)) - omNode-3@group-523986131536->omNode-2-AppendLogResponseHandler: follower responses appendEntries COMPLETED
2025-04-23 04:28:55,860 [Thread-5143] INFO  server.GrpcServerProtocolClient (GrpcServerProtocolClient.java:close(105)) - omNode-2 Close channels
2025-04-23 04:28:55,861 [main] INFO  server.GrpcService (GrpcService.java:closeImpl(352)) - omNode-3: shutdown server GrpcServerProtocolService successfully
2025-04-23 04:28:55,878 [omNode-3@group-523986131536-StateMachineUpdater] INFO  ratis.OzoneManagerStateMachine (OzoneManagerStateMachine.java:takeSnapshotImpl(510)) - omNode-3: taking snapshot. applied = (t:14, i:324), skipped = 323, notified = (t:14, i:324), current snapshot index = (t:14, i:324), took 22 ms
2025-04-23 04:28:55,878 [omNode-3@group-523986131536-StateMachineUpdater] INFO  impl.StateMachineUpdater (StateMachineUpdater.java:takeSnapshot(303)) - omNode-3@group-523986131536-StateMachineUpdater: Took a snapshot at index 324
2025-04-23 04:28:55,878 [omNode-3@group-523986131536-StateMachineUpdater] INFO  impl.StateMachineUpdater (StateMachineUpdater.java:lambda$new$0(102)) - omNode-3@group-523986131536-StateMachineUpdater: snapshotIndex: updateIncreasingly 308 -> 324
2025-04-23 04:28:55,878 [omNode-3@group-523986131536-StateMachineUpdater] INFO  raftlog.RaftLog (RaftLogBase.java:purge(325)) - omNode-3@group-523986131536-SegmentedRaftLog: purge 324
2025-04-23 04:28:55,878 [omNode-3@group-523986131536-StateMachineUpdater] INFO  raftlog.RaftLog (RaftLogBase.java:lambda$new$0(54)) - omNode-3@group-523986131536-SegmentedRaftLog: snapshotIndex: updateIncreasingly 308 -> 324
2025-04-23 04:28:55,878 [omNode-3@group-523986131536-StateMachineUpdater] INFO  raftlog.RaftLog (SegmentedRaftLog.java:purgeImpl(382)) - omNode-3@group-523986131536-SegmentedRaftLog: purge(324)
  toTruncate: null
    toDelete: [(311, 312) isOpen? false, length=0, newEndIndex=0, (309, 310) isOpen? false, length=0, newEndIndex=0, (107, 308) isOpen? false, length=0, newEndIndex=0]
2025-04-23 04:28:55,878 [omNode-3@group-523986131536-StateMachineUpdater] INFO  impl.StateMachineUpdater (StateMachineUpdater.java:stop(141)) - omNode-3@group-523986131536-StateMachineUpdater: closing OzoneManagerStateMachine, lastApplied=(t:14, i:324)
2025-04-23 04:28:55,878 [omNode-3@group-523986131536-StateMachineUpdater] INFO  ratis.OzoneManagerStateMachine (OzoneManagerStateMachine.java:close(550)) - Stopping OzoneManagerStateMachine:omNode-3:group-523986131536.
2025-04-23 04:28:55,879 [omNode-3@group-523986131536-StateMachineUpdater] INFO  ratis.OzoneManagerDoubleBuffer (OzoneManagerDoubleBuffer.java:stopDaemon(500)) - Stopping OMDoubleBuffer flush thread
2025-04-23 04:28:55,879 [omNode-3-OMDoubleBufferFlushThread] INFO  ratis.OzoneManagerDoubleBuffer (OzoneManagerDoubleBuffer.java:canFlush(559)) - OMDoubleBuffer flush thread omNode-3-OMDoubleBufferFlushThread is interrupted and will exit.
2025-04-23 04:28:55,879 [omNode-3@group-523986131536-SegmentedRaftLogWorker] INFO  segmented.SegmentedRaftLogWorker (SegmentedRaftLogWorker.java:execute(481)) - omNode-3@group-523986131536-SegmentedRaftLogWorker: Purged RaftLog segment: info=(311, 312) isOpen? false, length=0, newEndIndex=0, path=/home/runner/work/ozone/ozone/hadoop-ozone/integration-test/target/test-dir/MiniOzoneClusterImpl-ff59c164-3798-4a7f-a16d-eeed9ffb3244/omNode-3/ratis/c9bc4cf4-3bc3-3c60-a66b-523986131536/current/log_311-312
2025-04-23 04:28:55,879 [omNode-3@group-523986131536-cacheEviction-AwaitToRun] INFO  util.AwaitToRun (AwaitToRun.java:run(49)) - omNode-3@group-523986131536-cacheEviction-AwaitToRun-AwaitForSignal is interrupted
2025-04-23 04:28:55,879 [omNode-3@group-523986131536-SegmentedRaftLogWorker] INFO  segmented.SegmentedRaftLogWorker (SegmentedRaftLogWorker.java:execute(481)) - omNode-3@group-523986131536-SegmentedRaftLogWorker: Purged RaftLog segment: info=(309, 310) isOpen? false, length=0, newEndIndex=0, path=/home/runner/work/ozone/ozone/hadoop-ozone/integration-test/target/test-dir/MiniOzoneClusterImpl-ff59c164-3798-4a7f-a16d-eeed9ffb3244/omNode-3/ratis/c9bc4cf4-3bc3-3c60-a66b-523986131536/current/log_309-310
2025-04-23 04:28:55,879 [omNode-3@group-523986131536-SegmentedRaftLogWorker] INFO  segmented.SegmentedRaftLogWorker (SegmentedRaftLogWorker.java:execute(481)) - omNode-3@group-523986131536-SegmentedRaftLogWorker: Purged RaftLog segment: info=(107, 308) isOpen? false, length=0, newEndIndex=0, path=/home/runner/work/ozone/ozone/hadoop-ozone/integration-test/target/test-dir/MiniOzoneClusterImpl-ff59c164-3798-4a7f-a16d-eeed9ffb3244/omNode-3/ratis/c9bc4cf4-3bc3-3c60-a66b-523986131536/current/log_107-308
2025-04-23 04:28:55,879 [omNode-3@group-523986131536-SegmentedRaftLogWorker] INFO  raftlog.RaftLog (RaftLogBase.java:lambda$new$0(54)) - omNode-3@group-523986131536-SegmentedRaftLog: purgeIndex: updateToMax old=106, new=312, updated? true
2025-04-23 04:28:55,880 [omNode-3-impl-thread1] INFO  segmented.SegmentedRaftLogWorker (SegmentedRaftLogWorker.java:close(252)) - omNode-3@group-523986131536-SegmentedRaftLogWorker close()
2025-04-23 04:28:55,881 [JvmPauseMonitor29] INFO  util.JvmPauseMonitor (JvmPauseMonitor.java:run(152)) - JvmPauseMonitor-omNode-3: Stopped
2025-04-23 04:28:55,881 [main] INFO  utils.BackgroundService (BackgroundService.java:shutdown(161)) - Shutting down service KeyDeletingService
2025-04-23 04:28:55,881 [main] INFO  utils.BackgroundService (BackgroundService.java:shutdown(161)) - Shutting down service DirectoryDeletingService
2025-04-23 04:28:55,882 [main] INFO  utils.BackgroundService (BackgroundService.java:shutdown(161)) - Shutting down service OpenKeyCleanupService
2025-04-23 04:28:55,882 [main] INFO  utils.BackgroundService (BackgroundService.java:shutdown(161)) - Shutting down service SstFilteringService
2025-04-23 04:28:55,883 [main] INFO  utils.BackgroundService (BackgroundService.java:shutdown(161)) - Shutting down service SnapshotDeletingService
2025-04-23 04:28:55,883 [main] INFO  utils.BackgroundService (BackgroundService.java:shutdown(161)) - Shutting down service MultipartUploadCleanupService
2025-04-23 04:28:55,884 [main] INFO  handler.ContextHandler (ContextHandler.java:doStop(1159)) - Stopped o.e.j.w.WebAppContext@3ba9ac2a{ozoneManager,/,null,STOPPED}{file:/home/runner/work/ozone/ozone/hadoop-ozone/integration-test/target/test-classes/webapps/ozoneManager}
2025-04-23 04:28:55,884 [main] INFO  server.AbstractConnector (AbstractConnector.java:doStop(383)) - Stopped ServerConnector@30caef1e{HTTP/1.1, (http/1.1)}{0.0.0.0:15015}
2025-04-23 04:28:55,884 [main] INFO  server.session (HouseKeeper.java:stopScavenging(149)) - node0 Stopped scavenging
2025-04-23 04:28:55,884 [main] INFO  handler.ContextHandler (ContextHandler.java:doStop(1159)) - Stopped o.e.j.s.ServletContextHandler@283caf21{static,/static,file:///home/runner/work/ozone/ozone/hadoop-ozone/integration-test/target/test-classes/webapps/static,STOPPED}
2025-04-23 04:28:55,885 [main] INFO  handler.ContextHandler (ContextHandler.java:doStop(1159)) - Stopped o.e.j.s.ServletContextHandler@260e1899{logs,/logs,file:///home/runner/work/ozone/ozone/hadoop-ozone/integration-test/target/log,STOPPED}
2025-04-23 04:28:55,885 [main] INFO  rocksdiff.RocksDBCheckpointDiffer (RocksDBCheckpointDiffer.java:close(304)) - Shutting down CompactionDagPruningService.
2025-04-23 04:28:55,887 [main] INFO  snapshot.SnapshotDiffManager (SnapshotDiffManager.java:closeExecutorService(1698)) - Shutting down executorService: 'SnapDiffExecutor'
2025-04-23 04:28:55,887 [main] INFO  utils.BackgroundService (BackgroundService.java:shutdown(161)) - Shutting down service SnapshotDiffCleanupService
2025-04-23 04:28:55,888 [main] INFO  om.OzoneManager (OzoneManager.java:stop(2347)) - omNode-1[localhost:15006]: Stopping Ozone Manager
2025-04-23 04:28:55,888 [main] INFO  om.OzoneManager (OzoneManager.java:stop(2347)) - omNode-2[localhost:15010]: Stopping Ozone Manager
2025-04-23 04:28:55,888 [main] INFO  ipc.Server (Server.java:stop(3697)) - Stopping server on 15010
2025-04-23 04:28:55,889 [IPC Server listener on 15010] INFO  ipc.Server (Server.java:run(1585)) - Stopping IPC Server listener on 15010
2025-04-23 04:28:55,890 [IPC Server Responder] INFO  ipc.Server (Server.java:run(1718)) - Stopping IPC Server Responder
2025-04-23 04:28:55,890 [main] INFO  ratis.OzoneManagerRatisServer (OzoneManagerRatisServer.java:stop(634)) - Stopping org.apache.hadoop.ozone.om.ratis.OzoneManagerRatisServer@4b562521 at port 15013
2025-04-23 04:28:55,890 [main] INFO  server.RaftServer (RaftServerProxy.java:lambda$close$9(417)) - omNode-2: close
2025-04-23 04:28:55,890 [main] INFO  server.GrpcService (GrpcService.java:closeImpl(343)) - omNode-2: shutdown server GrpcServerProtocolService now
2025-04-23 04:28:55,890 [omNode-2-impl-thread1] INFO  server.RaftServer$Division (RaftServerImpl.java:lambda$close$1(513)) - omNode-2@group-523986131536: shutdown
2025-04-23 04:28:55,890 [omNode-2-impl-thread1] INFO  util.JmxRegister (JmxRegister.java:unregister(74)) - Successfully un-registered JMX Bean with object name Ratis:service=RaftServer,group=group-523986131536,id=omNode-2
2025-04-23 04:28:55,890 [omNode-2-impl-thread1] INFO  impl.RoleInfo (RoleInfo.java:shutdownFollowerState(121)) - omNode-2: shutdown omNode-2@group-523986131536-FollowerState
2025-04-23 04:28:55,890 [omNode-2-impl-thread1] INFO  impl.StateMachineUpdater (StateMachineUpdater.java:stopAndJoin(164)) - omNode-2@group-523986131536-StateMachineUpdater: set stopIndex = 323
2025-04-23 04:28:55,891 [omNode-2@group-523986131536-FollowerState] INFO  impl.FollowerState (FollowerState.java:runImpl(170)) - omNode-2@group-523986131536-FollowerState was interrupted
2025-04-23 04:28:55,892 [main] INFO  server.GrpcService (GrpcService.java:closeImpl(352)) - omNode-2: shutdown server GrpcServerProtocolService successfully
2025-04-23 04:28:55,910 [omNode-2@group-523986131536-StateMachineUpdater] INFO  ratis.OzoneManagerStateMachine (OzoneManagerStateMachine.java:takeSnapshotImpl(510)) - omNode-2: taking snapshot. applied = (t:14, i:323), skipped = 321, notified = (t:14, i:322), current snapshot index = (t:14, i:323), took 19 ms
2025-04-23 04:28:55,910 [omNode-2@group-523986131536-StateMachineUpdater] INFO  impl.StateMachineUpdater (StateMachineUpdater.java:takeSnapshot(303)) - omNode-2@group-523986131536-StateMachineUpdater: Took a snapshot at index 323
2025-04-23 04:28:55,910 [omNode-2@group-523986131536-StateMachineUpdater] INFO  impl.StateMachineUpdater (StateMachineUpdater.java:lambda$new$0(102)) - omNode-2@group-523986131536-StateMachineUpdater: snapshotIndex: updateIncreasingly 310 -> 323
2025-04-23 04:28:55,910 [omNode-2@group-523986131536-StateMachineUpdater] INFO  raftlog.RaftLog (RaftLogBase.java:purge(325)) - omNode-2@group-523986131536-SegmentedRaftLog: purge 323
2025-04-23 04:28:55,910 [omNode-2@group-523986131536-StateMachineUpdater] INFO  raftlog.RaftLog (RaftLogBase.java:lambda$new$0(54)) - omNode-2@group-523986131536-SegmentedRaftLog: snapshotIndex: updateIncreasingly 310 -> 323
2025-04-23 04:28:55,910 [omNode-2@group-523986131536-StateMachineUpdater] INFO  raftlog.RaftLog (SegmentedRaftLog.java:purgeImpl(382)) - omNode-2@group-523986131536-SegmentedRaftLog: purge(323)
  toTruncate: null
    toDelete: [(311, 312) isOpen? false, length=0, newEndIndex=0, (309, 310) isOpen? false, length=0, newEndIndex=0, (107, 308) isOpen? false, length=0, newEndIndex=0]
2025-04-23 04:28:55,910 [omNode-2@group-523986131536-StateMachineUpdater] INFO  impl.StateMachineUpdater (StateMachineUpdater.java:stop(141)) - omNode-2@group-523986131536-StateMachineUpdater: closing OzoneManagerStateMachine, lastApplied=(t:14, i:323)
2025-04-23 04:28:55,910 [omNode-2@group-523986131536-StateMachineUpdater] INFO  ratis.OzoneManagerStateMachine (OzoneManagerStateMachine.java:close(550)) - Stopping OzoneManagerStateMachine:omNode-2:group-523986131536.
2025-04-23 04:28:55,910 [omNode-2@group-523986131536-StateMachineUpdater] INFO  ratis.OzoneManagerDoubleBuffer (OzoneManagerDoubleBuffer.java:stopDaemon(500)) - Stopping OMDoubleBuffer flush thread
2025-04-23 04:28:55,910 [omNode-2-OMDoubleBufferFlushThread] INFO  ratis.OzoneManagerDoubleBuffer (OzoneManagerDoubleBuffer.java:canFlush(559)) - OMDoubleBuffer flush thread omNode-2-OMDoubleBufferFlushThread is interrupted and will exit.
2025-04-23 04:28:55,911 [omNode-2@group-523986131536-SegmentedRaftLogWorker] INFO  segmented.SegmentedRaftLogWorker (SegmentedRaftLogWorker.java:execute(481)) - omNode-2@group-523986131536-SegmentedRaftLogWorker: Purged RaftLog segment: info=(311, 312) isOpen? false, length=0, newEndIndex=0, path=/home/runner/work/ozone/ozone/hadoop-ozone/integration-test/target/test-dir/MiniOzoneClusterImpl-ff59c164-3798-4a7f-a16d-eeed9ffb3244/omNode-2/ratis/c9bc4cf4-3bc3-3c60-a66b-523986131536/current/log_311-312
2025-04-23 04:28:55,911 [omNode-2@group-523986131536-SegmentedRaftLogWorker] INFO  segmented.SegmentedRaftLogWorker (SegmentedRaftLogWorker.java:execute(481)) - omNode-2@group-523986131536-SegmentedRaftLogWorker: Purged RaftLog segment: info=(309, 310) isOpen? false, length=0, newEndIndex=0, path=/home/runner/work/ozone/ozone/hadoop-ozone/integration-test/target/test-dir/MiniOzoneClusterImpl-ff59c164-3798-4a7f-a16d-eeed9ffb3244/omNode-2/ratis/c9bc4cf4-3bc3-3c60-a66b-523986131536/current/log_309-310
2025-04-23 04:28:55,911 [omNode-2@group-523986131536-SegmentedRaftLogWorker] INFO  segmented.SegmentedRaftLogWorker (SegmentedRaftLogWorker.java:execute(481)) - omNode-2@group-523986131536-SegmentedRaftLogWorker: Purged RaftLog segment: info=(107, 308) isOpen? false, length=0, newEndIndex=0, path=/home/runner/work/ozone/ozone/hadoop-ozone/integration-test/target/test-dir/MiniOzoneClusterImpl-ff59c164-3798-4a7f-a16d-eeed9ffb3244/omNode-2/ratis/c9bc4cf4-3bc3-3c60-a66b-523986131536/current/log_107-308
2025-04-23 04:28:55,911 [omNode-2@group-523986131536-SegmentedRaftLogWorker] INFO  raftlog.RaftLog (RaftLogBase.java:lambda$new$0(54)) - omNode-2@group-523986131536-SegmentedRaftLog: purgeIndex: updateToMax old=106, new=312, updated? true
2025-04-23 04:28:55,911 [omNode-2@group-523986131536-cacheEviction-AwaitToRun] INFO  util.AwaitToRun (AwaitToRun.java:run(49)) - omNode-2@group-523986131536-cacheEviction-AwaitToRun-AwaitForSignal is interrupted
2025-04-23 04:28:56,912 [omNode-2-impl-thread1] INFO  segmented.SegmentedRaftLogWorker (SegmentedRaftLogWorker.java:close(252)) - omNode-2@group-523986131536-SegmentedRaftLogWorker close()
2025-04-23 04:28:56,912 [JvmPauseMonitor31] INFO  util.JvmPauseMonitor (JvmPauseMonitor.java:run(152)) - JvmPauseMonitor-omNode-2: Stopped
2025-04-23 04:28:56,912 [main] INFO  utils.BackgroundService (BackgroundService.java:shutdown(161)) - Shutting down service KeyDeletingService
2025-04-23 04:28:56,913 [main] INFO  utils.BackgroundService (BackgroundService.java:shutdown(161)) - Shutting down service DirectoryDeletingService
2025-04-23 04:28:56,914 [main] INFO  utils.BackgroundService (BackgroundService.java:shutdown(161)) - Shutting down service OpenKeyCleanupService
2025-04-23 04:28:56,914 [main] INFO  utils.BackgroundService (BackgroundService.java:shutdown(161)) - Shutting down service SstFilteringService
2025-04-23 04:28:56,914 [main] INFO  utils.BackgroundService (BackgroundService.java:shutdown(161)) - Shutting down service SnapshotDeletingService
2025-04-23 04:28:56,915 [main] INFO  utils.BackgroundService (BackgroundService.java:shutdown(161)) - Shutting down service MultipartUploadCleanupService
2025-04-23 04:28:56,915 [main] INFO  handler.ContextHandler (ContextHandler.java:doStop(1159)) - Stopped o.e.j.w.WebAppContext@38959a4c{ozoneManager,/,null,STOPPED}{file:/home/runner/work/ozone/ozone/hadoop-ozone/integration-test/target/test-classes/webapps/ozoneManager}
2025-04-23 04:28:56,916 [main] INFO  server.AbstractConnector (AbstractConnector.java:doStop(383)) - Stopped ServerConnector@cc9bcd8{HTTP/1.1, (http/1.1)}{0.0.0.0:15011}
2025-04-23 04:28:56,916 [main] INFO  server.session (HouseKeeper.java:stopScavenging(149)) - node0 Stopped scavenging
2025-04-23 04:28:56,916 [main] INFO  handler.ContextHandler (ContextHandler.java:doStop(1159)) - Stopped o.e.j.s.ServletContextHandler@18a5bc80{static,/static,file:///home/runner/work/ozone/ozone/hadoop-ozone/integration-test/target/test-classes/webapps/static,STOPPED}
2025-04-23 04:28:56,916 [main] INFO  handler.ContextHandler (ContextHandler.java:doStop(1159)) - Stopped o.e.j.s.ServletContextHandler@1b9869aa{logs,/logs,file:///home/runner/work/ozone/ozone/hadoop-ozone/integration-test/target/log,STOPPED}
2025-04-23 04:28:56,917 [main] INFO  rocksdiff.RocksDBCheckpointDiffer (RocksDBCheckpointDiffer.java:close(304)) - Shutting down CompactionDagPruningService.
2025-04-23 04:28:56,918 [main] INFO  snapshot.SnapshotDiffManager (SnapshotDiffManager.java:closeExecutorService(1698)) - Shutting down executorService: 'SnapDiffExecutor'
2025-04-23 04:28:56,918 [main] INFO  utils.BackgroundService (BackgroundService.java:shutdown(161)) - Shutting down service SnapshotDiffCleanupService
2025-04-23 04:28:56,919 [main] INFO  om.OzoneManager (OzoneManager.java:restart(1878)) - OzoneManager RPC server is listening at localhost/127.0.0.1:15014
2025-04-23 04:28:56,919 [main] INFO  impl.MetricsSystemImpl (MetricsSystemImpl.java:init(158)) - OzoneManager metrics system started (again)
2025-04-23 04:28:56,930 [main] WARN  server.ServerUtils (ServerUtils.java:getDBPath(297)) - ozone.om.db.dirs is not configured. We recommend adding this setting. Falling back to ozone.metadata.dirs instead.
2025-04-23 04:28:56,969 [main] INFO  om.OzoneManager (OzoneManager.java:instantiateServices(933)) - S3 Multi-Tenancy is disabled
2025-04-23 04:28:56,970 [main] INFO  om.OmSnapshotManager (OmSnapshotManager.java:<init>(180)) - Ozone filesystem snapshot feature is enabled.
2025-04-23 04:28:56,970 [main] WARN  server.ServerUtils (ServerUtils.java:getDBPath(297)) - ozone.om.snapshot.diff.db.dir is not configured. We recommend adding this setting. Falling back to ozone.metadata.dirs instead.
2025-04-23 04:28:56,985 [main] WARN  server.ServerUtils (ServerUtils.java:getDefaultRatisDirectory(309)) - Storage directory for Ratis is not configured. It is a good idea to map this to an SSD disk. Falling back to ozone.metadata.dirs
2025-04-23 04:28:56,985 [main] INFO  server.RaftServerConfigKeys (ConfUtils.java:logGet(46)) - raft.server.log.appender.buffer.byte-limit = 4194304 (custom)
2025-04-23 04:28:56,986 [main] INFO  ratis.OzoneManagerRatisServer (OzoneManagerRatisServer.java:<init>(167)) - Instantiating OM Ratis server with groupID: om-service-test1 and peers: localhost:15017, localhost:15009, localhost:15013
2025-04-23 04:28:56,986 [main] INFO  ratis.OzoneManagerStateMachine (OzoneManagerStateMachine.java:loadSnapshotInfoFromDB(611)) - LastAppliedIndex is set from TransactionInfo from OM DB as (t:14, i:324)
2025-04-23 04:28:56,986 [main] INFO  server.RaftServer (ConfUtils.java:logGet(46)) - raft.rpc.type = GRPC (default)
2025-04-23 04:28:56,987 [main] INFO  grpc.GrpcConfigKeys (ConfUtils.java:logFallback(53)) - raft.grpc.admin.host = null (fallback to raft.grpc.server.host)
2025-04-23 04:28:56,987 [main] INFO  grpc.GrpcConfigKeys (ConfUtils.java:logFallback(53)) - raft.grpc.admin.port = 15017 (fallback to raft.grpc.server.port)
2025-04-23 04:28:56,987 [main] INFO  grpc.GrpcConfigKeys (ConfUtils.java:logFallback(53)) - raft.grpc.client.host = null (fallback to raft.grpc.server.host)
2025-04-23 04:28:56,987 [main] INFO  grpc.GrpcConfigKeys (ConfUtils.java:logFallback(53)) - raft.grpc.client.port = 15017 (fallback to raft.grpc.server.port)
2025-04-23 04:28:56,987 [main] INFO  grpc.GrpcConfigKeys (ConfUtils.java:logGet(46)) - raft.grpc.server.host = null (default)
2025-04-23 04:28:56,987 [main] INFO  grpc.GrpcConfigKeys (ConfUtils.java:logGet(46)) - raft.grpc.server.port = 15017 (custom)
2025-04-23 04:28:56,987 [main] INFO  server.GrpcService (ConfUtils.java:logGet(46)) - raft.grpc.message.size.max = 5242880 (custom)
2025-04-23 04:28:56,987 [main] INFO  server.GrpcService (ConfUtils.java:logGet(46)) - raft.grpc.flow.control.window = 1MB (=1048576) (default)
2025-04-23 04:28:56,987 [main] INFO  server.RaftServerConfigKeys (ConfUtils.java:logGet(46)) - raft.server.rpc.request.timeout = 3000ms (default)
2025-04-23 04:28:56,987 [main] INFO  grpc.GrpcConfigKeys (ConfUtils.java:logGet(46)) - raft.grpc.server.heartbeat.channel = true (default)
2025-04-23 04:28:56,987 [main] INFO  server.RaftServerConfigKeys (ConfUtils.java:logGet(46)) - raft.server.log.appender.buffer.byte-limit = 4194304 (custom)
2025-04-23 04:28:56,987 [main] INFO  grpc.GrpcConfigKeys (ConfUtils.java:logGet(46)) - raft.grpc.server.async.request.thread.pool.cached = true (default)
2025-04-23 04:28:56,988 [main] INFO  grpc.GrpcConfigKeys (ConfUtils.java:logGet(46)) - raft.grpc.server.async.request.thread.pool.size = 32 (default)
2025-04-23 04:28:56,988 [main] INFO  impl.DataStreamServerImpl (ConfUtils.java:logGet(46)) - raft.datastream.type = DISABLED (default)
2025-04-23 04:28:56,988 [main] INFO  server.RaftServerConfigKeys (ConfUtils.java:logGet(46)) - raft.server.sleep.deviation.threshold = 300ms (default)
2025-04-23 04:28:56,988 [main] INFO  server.RaftServerConfigKeys (ConfUtils.java:logGet(46)) - raft.server.close.threshold = 60s (default)
2025-04-23 04:28:56,988 [main] INFO  server.RaftServerConfigKeys (ConfUtils.java:logGet(46)) - raft.server.leaderelection.leader.step-down.wait-time = 10s (default)
2025-04-23 04:28:56,989 [main] INFO  server.RaftServerConfigKeys (ConfUtils.java:logGet(46)) - raft.server.storage.dir = [/home/runner/work/ozone/ozone/hadoop-ozone/integration-test/target/test-dir/MiniOzoneClusterImpl-ff59c164-3798-4a7f-a16d-eeed9ffb3244/omNode-3/ratis] (custom)
2025-04-23 04:28:56,989 [main] INFO  server.RaftServerConfigKeys (ConfUtils.java:logGet(46)) - raft.server.threadpool.proxy.cached = true (default)
2025-04-23 04:28:56,989 [main] INFO  server.RaftServerConfigKeys (ConfUtils.java:logGet(46)) - raft.server.threadpool.proxy.size = 0 (default)
2025-04-23 04:28:56,989 [omNode-3-impl-thread1] INFO  server.RaftServer (RaftServerProxy.java:initGroupDir(265)) - omNode-3: found a subdirectory /home/runner/work/ozone/ozone/hadoop-ozone/integration-test/target/test-dir/MiniOzoneClusterImpl-ff59c164-3798-4a7f-a16d-eeed9ffb3244/omNode-3/ratis/c9bc4cf4-3bc3-3c60-a66b-523986131536
2025-04-23 04:28:56,989 [main] INFO  server.RaftServer (RaftServerProxy.java:addNew(100)) - omNode-3: addNew group-523986131536:[omNode-3|localhost:15017, omNode-1|localhost:15009, omNode-2|localhost:15013] returns group-523986131536:java.util.concurrent.CompletableFuture@4f3b8eda[Not completed]
2025-04-23 04:28:56,989 [main] INFO  om.OzoneManager (OzoneManager.java:initializeRatisServer(2303)) - OzoneManager Ratis server initialized at port 15017
2025-04-23 04:28:56,989 [main] INFO  ratis.OzoneManagerRatisServer (OzoneManagerRatisServer.java:start(628)) - Starting OzoneManagerRatisServer omNode-3 at port 15017
2025-04-23 04:28:56,989 [omNode-3-groupManagement] INFO  server.RaftServer$Division (RaftServerImpl.java:<init>(255)) - omNode-3: new RaftServerImpl for group-523986131536:[omNode-3|localhost:15017, omNode-1|localhost:15009, omNode-2|localhost:15013] with OzoneManagerStateMachine:uninitialized
2025-04-23 04:28:56,990 [omNode-3-groupManagement] INFO  server.RaftServerConfigKeys (ConfUtils.java:logGet(46)) - raft.server.rpc.timeout.min = 1s (custom)
2025-04-23 04:28:56,990 [omNode-3-groupManagement] INFO  server.RaftServerConfigKeys (ConfUtils.java:logGet(46)) - raft.server.rpc.timeout.max = 1200ms (custom)
2025-04-23 04:28:56,990 [omNode-3-groupManagement] INFO  server.RaftServerConfigKeys (ConfUtils.java:logGet(46)) - raft.server.rpc.sleep.time = 25ms (default)
2025-04-23 04:28:56,990 [omNode-3-groupManagement] INFO  server.RaftServerConfigKeys (ConfUtils.java:logGet(46)) - raft.server.rpc.slowness.timeout = 2s (custom)
2025-04-23 04:28:56,990 [omNode-3-groupManagement] INFO  server.RaftServerConfigKeys (ConfUtils.java:logGet(46)) - raft.server.leaderelection.leader.step-down.wait-time = 10s (default)
2025-04-23 04:28:56,990 [omNode-3-groupManagement] INFO  server.RaftServerConfigKeys (ConfUtils.java:logGet(46)) - raft.server.leaderelection.member.majority-add = false (default)
2025-04-23 04:28:56,990 [omNode-3-groupManagement] INFO  server.RaftServerConfigKeys (ConfUtils.java:logGet(46)) - raft.server.sleep.deviation.threshold = 300ms (default)
2025-04-23 04:28:56,990 [omNode-3-groupManagement] INFO  server.RaftServer$Division (ServerState.java:<init>(114)) - omNode-3@group-523986131536: ConfigurationManager, init=conf: {index: -1, cur=peers:[omNode-3|localhost:15017, omNode-1|localhost:15009, omNode-2|localhost:15013]|listeners:[], old=null}, confs=<EMPTY_MAP>
2025-04-23 04:28:56,990 [omNode-3-groupManagement] INFO  server.RaftServerConfigKeys (ConfUtils.java:logGet(46)) - raft.server.notification.no-leader.timeout = 2s (custom)
2025-04-23 04:28:56,990 [omNode-3-groupManagement] INFO  server.RaftServerConfigKeys (ConfUtils.java:logGet(46)) - raft.server.read.timeout = 10s (default)
2025-04-23 04:28:56,990 [omNode-3-groupManagement] INFO  server.RaftServerConfigKeys (ConfUtils.java:logGet(46)) - raft.server.retrycache.expirytime = 30000ms (custom)
2025-04-23 04:28:56,990 [omNode-3-groupManagement] INFO  server.RaftServerConfigKeys (ConfUtils.java:logGet(46)) - raft.server.retrycache.statistics.expirytime = 100ms (default)
2025-04-23 04:28:56,990 [omNode-3-groupManagement] INFO  server.RaftServerConfigKeys (ConfUtils.java:logGet(46)) - raft.server.read.option = DEFAULT (default)
2025-04-23 04:28:56,990 [omNode-3-groupManagement] INFO  server.RaftServerConfigKeys (ConfUtils.java:logGet(46)) - raft.server.read.read-after-write-consistent.write-index-cache.expiry-time = 60s (default)
2025-04-23 04:28:56,991 [omNode-3-groupManagement] INFO  server.RaftServerConfigKeys (ConfUtils.java:logGet(46)) - raft.server.rpc.request.timeout = 3000ms (default)
2025-04-23 04:28:56,991 [omNode-3-groupManagement] INFO  server.RaftServerConfigKeys (ConfUtils.java:logGet(46)) - raft.server.log.appender.install.snapshot.enabled = false (custom)
2025-04-23 04:28:56,991 [omNode-3-groupManagement] INFO  server.RaftServerConfigKeys (ConfUtils.java:logGet(46)) - raft.server.threadpool.server.cached = true (default)
2025-04-23 04:28:56,991 [omNode-3-groupManagement] INFO  server.RaftServerConfigKeys (ConfUtils.java:logGet(46)) - raft.server.threadpool.server.size = 0 (default)
2025-04-23 04:28:56,991 [omNode-3-groupManagement] INFO  server.RaftServerConfigKeys (ConfUtils.java:logGet(46)) - raft.server.threadpool.client.cached = true (default)
2025-04-23 04:28:56,991 [omNode-3-groupManagement] INFO  server.RaftServerConfigKeys (ConfUtils.java:logGet(46)) - raft.server.threadpool.client.size = 0 (default)
2025-04-23 04:28:56,991 [omNode-3-impl-thread1] INFO  server.RaftServerConfigKeys (ConfUtils.java:logGet(46)) - raft.server.storage.free-space.min = 0MB (=0) (default)
2025-04-23 04:28:56,991 [omNode-3-impl-thread1] INFO  server.RaftServerConfigKeys (ConfUtils.java:logGet(46)) - raft.server.log.corruption.policy = EXCEPTION (default)
2025-04-23 04:28:56,991 [omNode-3-impl-thread1] INFO  server.RaftServerConfigKeys (ConfUtils.java:logGet(46)) - raft.server.storage.dir = [/home/runner/work/ozone/ozone/hadoop-ozone/integration-test/target/test-dir/MiniOzoneClusterImpl-ff59c164-3798-4a7f-a16d-eeed9ffb3244/omNode-3/ratis] (custom)
2025-04-23 04:28:56,993 [omNode-3-impl-thread1] INFO  storage.RaftStorageDirectory (RaftStorageDirectoryImpl.java:tryLock(229)) - Lock on /home/runner/work/ozone/ozone/hadoop-ozone/integration-test/target/test-dir/MiniOzoneClusterImpl-ff59c164-3798-4a7f-a16d-eeed9ffb3244/omNode-3/ratis/c9bc4cf4-3bc3-3c60-a66b-523986131536/in_use.lock acquired by nodename 129558@fv-az1441-587
2025-04-23 04:28:56,994 [omNode-3-impl-thread1] INFO  storage.RaftStorage (RaftStorageImpl.java:analyzeAndRecoverStorage(118)) - Read RaftStorageMetadata{term=14, votedFor=omNode-3} from /home/runner/work/ozone/ozone/hadoop-ozone/integration-test/target/test-dir/MiniOzoneClusterImpl-ff59c164-3798-4a7f-a16d-eeed9ffb3244/omNode-3/ratis/c9bc4cf4-3bc3-3c60-a66b-523986131536/current/raft-meta
2025-04-23 04:28:56,994 [omNode-3-impl-thread1] INFO  server.RaftServer$Division (ServerState.java:setRaftConf(386)) - omNode-3@group-523986131536: set configuration conf: {index: 313, cur=peers:[omNode-3|localhost:15017, omNode-1|localhost:15009, omNode-2|localhost:15013]|listeners:[], old=null}
2025-04-23 04:28:56,994 [omNode-3-impl-thread1] INFO  ratis.OzoneManagerStateMachine (OzoneManagerStateMachine.java:lambda$0(138)) - omNode-3: initialize group-523986131536 with (t:14, i:324)
2025-04-23 04:28:56,994 [omNode-3-impl-thread1] INFO  server.RaftServerConfigKeys (ConfUtils.java:logGet(46)) - raft.server.log.use.memory = false (default)
2025-04-23 04:28:56,994 [omNode-3-impl-thread1] INFO  server.RaftServerConfigKeys (ConfUtils.java:logGet(46)) - raft.server.log.purge.gap = 50 (custom)
2025-04-23 04:28:56,994 [omNode-3-impl-thread1] INFO  server.RaftServerConfigKeys (ConfUtils.java:logGet(46)) - raft.server.log.appender.buffer.byte-limit = 4194304 (custom)
2025-04-23 04:28:56,994 [omNode-3-impl-thread1] INFO  server.RaftServerConfigKeys (ConfUtils.java:logGet(46)) - raft.server.log.statemachine.data.read.timeout = 1000ms (default)
2025-04-23 04:28:56,994 [omNode-3-impl-thread1] INFO  server.RaftServerConfigKeys (ConfUtils.java:logGet(46)) - raft.server.log.purge.preservation.log.num = 0 (default)
2025-04-23 04:28:56,995 [omNode-3-impl-thread1] INFO  server.RaftServerConfigKeys (ConfUtils.java:logGet(46)) - raft.server.log.segment.size.max = 4194304 (custom)
2025-04-23 04:28:56,995 [omNode-3-impl-thread1] INFO  server.RaftServerConfigKeys (ConfUtils.java:logGet(46)) - raft.server.log.segment.cache.num.max = 2 (custom)
2025-04-23 04:28:56,995 [omNode-3-impl-thread1] INFO  server.RaftServerConfigKeys (ConfUtils.java:logGet(46)) - raft.server.log.segment.cache.size.max = 200MB (=209715200) (default)
2025-04-23 04:28:56,995 [omNode-3-impl-thread1] INFO  server.RaftServerConfigKeys (ConfUtils.java:logGet(46)) - raft.server.log.appender.buffer.byte-limit = 4194304 (custom)
2025-04-23 04:28:56,995 [omNode-3-impl-thread1] INFO  util.AwaitToRun (AwaitToRun.java:start(81)) - Thread[#6216,omNode-3@group-523986131536-cacheEviction-AwaitToRun,5,main] started
2025-04-23 04:28:56,995 [omNode-3-impl-thread1] INFO  segmented.SegmentedRaftLogWorker (SegmentedRaftLogWorker.java:<init>(188)) - new omNode-3@group-523986131536-SegmentedRaftLogWorker for RaftStorageImpl:Storage Directory /home/runner/work/ozone/ozone/hadoop-ozone/integration-test/target/test-dir/MiniOzoneClusterImpl-ff59c164-3798-4a7f-a16d-eeed9ffb3244/omNode-3/ratis/c9bc4cf4-3bc3-3c60-a66b-523986131536
2025-04-23 04:28:56,995 [omNode-3-impl-thread1] INFO  server.RaftServerConfigKeys (ConfUtils.java:logGet(46)) - raft.server.log.queue.byte-limit = 64MB (=67108864) (default)
2025-04-23 04:28:56,995 [omNode-3-impl-thread1] INFO  server.RaftServerConfigKeys (ConfUtils.java:logGet(46)) - raft.server.log.queue.element-limit = 4096 (default)
2025-04-23 04:28:56,995 [omNode-3-impl-thread1] INFO  server.RaftServerConfigKeys (ConfUtils.java:logGet(46)) - raft.server.log.segment.size.max = 4194304 (custom)
2025-04-23 04:28:56,995 [omNode-3-impl-thread1] INFO  server.RaftServerConfigKeys (ConfUtils.java:logGet(46)) - raft.server.log.preallocated.size = 4194304 (custom)
2025-04-23 04:28:56,995 [omNode-3-impl-thread1] INFO  server.RaftServerConfigKeys (ConfUtils.java:logGet(46)) - raft.server.log.force.sync.num = 128 (default)
2025-04-23 04:28:56,996 [omNode-3-impl-thread1] INFO  server.RaftServerConfigKeys (ConfUtils.java:logGet(46)) - raft.server.log.statemachine.data.sync = true (default)
2025-04-23 04:28:56,996 [omNode-3-impl-thread1] INFO  server.RaftServerConfigKeys (ConfUtils.java:logGet(46)) - raft.server.log.statemachine.data.sync.timeout = 10s (default)
2025-04-23 04:28:56,996 [omNode-3-impl-thread1] INFO  server.RaftServerConfigKeys (ConfUtils.java:logGet(46)) - raft.server.log.statemachine.data.sync.timeout.retry = -1 (default)
2025-04-23 04:28:56,996 [omNode-3-impl-thread1] INFO  server.RaftServerConfigKeys (ConfUtils.java:logGet(46)) - raft.server.log.write.buffer.size = 4194312 (custom)
2025-04-23 04:28:56,996 [omNode-3-impl-thread1] INFO  server.RaftServerConfigKeys (ConfUtils.java:logGet(46)) - raft.server.log.appender.buffer.byte-limit = 4194304 (custom)
2025-04-23 04:28:56,996 [omNode-3-impl-thread1] INFO  server.RaftServerConfigKeys (ConfUtils.java:logGet(46)) - raft.server.log.unsafe-flush.enabled = false (default)
2025-04-23 04:28:56,996 [omNode-3-impl-thread1] INFO  server.RaftServerConfigKeys (ConfUtils.java:logGet(46)) - raft.server.log.async-flush.enabled = false (default)
2025-04-23 04:28:56,996 [omNode-3-impl-thread1] INFO  server.RaftServerConfigKeys (ConfUtils.java:logGet(46)) - raft.server.log.statemachine.data.caching.enabled = false (default)
2025-04-23 04:28:56,996 [omNode-3-impl-thread1] INFO  server.RaftServer$Division (ServerState.java:setRaftConf(386)) - omNode-3@group-523986131536: set configuration conf: {index: 313, cur=peers:[omNode-3|localhost:15017, omNode-1|localhost:15009, omNode-2|localhost:15013]|listeners:[], old=null}
2025-04-23 04:28:56,997 [omNode-3-impl-thread1] INFO  segmented.LogSegment (LogSegment.java:loadSegment(171)) - Successfully read 12 entries from segment file /home/runner/work/ozone/ozone/hadoop-ozone/integration-test/target/test-dir/MiniOzoneClusterImpl-ff59c164-3798-4a7f-a16d-eeed9ffb3244/omNode-3/ratis/c9bc4cf4-3bc3-3c60-a66b-523986131536/current/log_inprogress_313
2025-04-23 04:28:56,997 [omNode-3-impl-thread1] INFO  segmented.SegmentedRaftLogWorker (SegmentedRaftLogWorker.java:lambda$new$0(139)) - omNode-3@group-523986131536-SegmentedRaftLogWorker: flushIndex: setUnconditionally 0 -> 324
2025-04-23 04:28:56,997 [omNode-3-impl-thread1] INFO  segmented.SegmentedRaftLogWorker (SegmentedRaftLogWorker.java:lambda$new$0(139)) - omNode-3@group-523986131536-SegmentedRaftLogWorker: safeCacheEvictIndex: setUnconditionally 0 -> -1
2025-04-23 04:28:56,997 [omNode-3-impl-thread1] INFO  segmented.BufferedWriteChannel (BufferedWriteChannel.java:open(61)) - open log_inprogress_313 (append) at position 2093
2025-04-23 04:28:56,997 [omNode-3-impl-thread1] INFO  raftlog.RaftLog (RaftLogBase.java:lambda$new$0(54)) - omNode-3@group-523986131536-SegmentedRaftLog: purgeIndex: updateToMax old=-1, new=312, updated? true
2025-04-23 04:28:56,997 [omNode-3-impl-thread1] INFO  server.RaftServer$Division (RaftServerImpl.java:start(391)) - omNode-3@group-523986131536: start as a follower, conf=conf: {index: 313, cur=peers:[omNode-3|localhost:15017, omNode-1|localhost:15009, omNode-2|localhost:15013]|listeners:[], old=null}
2025-04-23 04:28:56,997 [omNode-3-impl-thread1] INFO  server.RaftServer$Division (RaftServerImpl.java:setRole(378)) - omNode-3@group-523986131536: changes role from      null to FOLLOWER at term 14 for startAsFollower
2025-04-23 04:28:56,997 [omNode-3-impl-thread1] INFO  impl.RoleInfo (RoleInfo.java:updateAndGet(148)) - omNode-3: start omNode-3@group-523986131536-FollowerState
2025-04-23 04:28:56,997 [omNode-3-impl-thread1] INFO  util.JmxRegister (JmxRegister.java:tryRegister(44)) - Successfully registered JMX Bean with object name Ratis:service=RaftServer,group=group-523986131536,id=omNode-3
2025-04-23 04:28:56,997 [omNode-3@group-523986131536-FollowerState] INFO  server.RaftServerConfigKeys (ConfUtils.java:logFallback(53)) - raft.server.rpc.first-election.timeout.min = 1s (fallback to raft.server.rpc.timeout.min)
2025-04-23 04:28:56,998 [omNode-3-impl-thread1] INFO  util.JmxRegister (JmxRegister.java:register(58)) - register mxBean class org.apache.ratis.server.impl.RaftServerJmxAdapter as Ratis:service=RaftServer,group=group-523986131536,id=omNode-3
2025-04-23 04:28:56,998 [omNode-3@group-523986131536-FollowerState] INFO  server.RaftServerConfigKeys (ConfUtils.java:logFallback(53)) - raft.server.rpc.first-election.timeout.max = 1200ms (fallback to raft.server.rpc.timeout.max)
2025-04-23 04:28:56,998 [omNode-3-impl-thread1] INFO  server.RaftServerConfigKeys (ConfUtils.java:logGet(46)) - raft.server.snapshot.trigger-when-stop.enabled = true (default)
2025-04-23 04:28:56,998 [omNode-3-impl-thread1] INFO  server.RaftServerConfigKeys (ConfUtils.java:logGet(46)) - raft.server.snapshot.trigger-when-remove.enabled = true (default)
2025-04-23 04:28:56,998 [omNode-3-impl-thread1] INFO  server.RaftServerConfigKeys (ConfUtils.java:logGet(46)) - raft.server.snapshot.auto.trigger.enabled = true (custom)
2025-04-23 04:28:56,998 [omNode-3-impl-thread1] INFO  server.RaftServerConfigKeys (ConfUtils.java:logGet(46)) - raft.server.snapshot.auto.trigger.threshold = 50 (custom)
2025-04-23 04:28:56,998 [omNode-3-impl-thread1] INFO  server.RaftServerConfigKeys (ConfUtils.java:logGet(46)) - raft.server.snapshot.retention.file.num = -1 (default)
2025-04-23 04:28:56,998 [omNode-3-impl-thread1] INFO  server.RaftServerConfigKeys (ConfUtils.java:logGet(46)) - raft.server.log.purge.upto.snapshot.index = true (custom)
2025-04-23 04:28:56,998 [omNode-3-impl-thread1] INFO  server.RaftServer$Division (RaftServerImpl.java:start(405)) - omNode-3@group-523986131536: Successfully started.
2025-04-23 04:28:56,998 [main] INFO  server.RaftServer (RaftServerProxy.java:startImpl(407)) - omNode-3: start RPC server
2025-04-23 04:28:56,999 [main] INFO  server.GrpcService (GrpcService.java:startImpl(334)) - omNode-3: GrpcService started, listening on 15017
2025-04-23 04:28:56,999 [main] INFO  om.OzoneManager (OzoneManager.java:getRpcServer(1360)) - Creating RPC Server
2025-04-23 04:28:56,999 [JvmPauseMonitor32] INFO  util.JvmPauseMonitor (JvmPauseMonitor.java:run(146)) - JvmPauseMonitor-omNode-3: Started
2025-04-23 04:28:57,346 [main] INFO  reflections.Reflections (Reflections.java:scan(219)) - Reflections took 347 ms to scan 22 urls, producing 61 keys and 7422 values
2025-04-23 04:28:57,347 [main] INFO  ipc.CallQueueManager (CallQueueManager.java:<init>(93)) - Using callQueue: class java.util.concurrent.LinkedBlockingQueue, queueCapacity: 2000, scheduler: class org.apache.hadoop.ipc.DefaultRpcScheduler, ipcBackoff: false, ipcFailOver: false.
2025-04-23 04:28:57,347 [main] INFO  ipc.Server (Server.java:<init>(1438)) - Listener at localhost:15014
2025-04-23 04:28:57,347 [Socket Reader #1 for port 15014] INFO  ipc.Server (Server.java:run(1474)) - Starting Socket Reader #1 for port 15014
2025-04-23 04:28:57,348 [Socket Reader #2 for port 15014] INFO  ipc.Server (Server.java:run(1474)) - Starting Socket Reader #2 for port 15014
2025-04-23 04:28:57,348 [Socket Reader #3 for port 15014] INFO  ipc.Server (Server.java:run(1474)) - Starting Socket Reader #3 for port 15014
2025-04-23 04:28:57,348 [Socket Reader #4 for port 15014] INFO  ipc.Server (Server.java:run(1474)) - Starting Socket Reader #4 for port 15014
2025-04-23 04:28:57,348 [Socket Reader #5 for port 15014] INFO  ipc.Server (Server.java:run(1474)) - Starting Socket Reader #5 for port 15014
2025-04-23 04:28:57,348 [Socket Reader #6 for port 15014] INFO  ipc.Server (Server.java:run(1474)) - Starting Socket Reader #6 for port 15014
2025-04-23 04:28:57,349 [Socket Reader #7 for port 15014] INFO  ipc.Server (Server.java:run(1474)) - Starting Socket Reader #7 for port 15014
2025-04-23 04:28:57,349 [Socket Reader #8 for port 15014] INFO  ipc.Server (Server.java:run(1474)) - Starting Socket Reader #8 for port 15014
2025-04-23 04:28:57,349 [Socket Reader #9 for port 15014] INFO  ipc.Server (Server.java:run(1474)) - Starting Socket Reader #9 for port 15014
2025-04-23 04:28:57,349 [Socket Reader #10 for port 15014] INFO  ipc.Server (Server.java:run(1474)) - Starting Socket Reader #10 for port 15014
2025-04-23 04:28:57,351 [main] INFO  http.BaseHttpServer (BaseHttpServer.java:newHttpServer2BuilderForOzone(229)) - Starting Web-server for ozoneManager at: http://0.0.0.0:15015
2025-04-23 04:28:57,351 [main] INFO  http.BaseHttpServer (BaseHttpServer.java:<init>(107)) - Hadoop Security Enabled: false Ozone Security Enabled: false Ozone HTTP Security Enabled: false 
2025-04-23 04:28:57,352 [main] WARN  server.AuthenticationFilter (AuthenticationFilter.java:constructSecretProvider(240)) - Unable to initialize FileSignerSecretProvider, falling back to use random secrets. Reason: Could not read signature secret file: /home/runner/hadoop-http-auth-signature-secret
2025-04-23 04:28:57,353 [main] INFO  http.HttpServer2 (HttpServer2.java:addGlobalFilter(1041)) - Added global filter 'safety' (class=org.apache.hadoop.hdds.server.http.HttpServer2$QuotingInputFilter)
2025-04-23 04:28:57,354 [main] INFO  http.HttpServer2 (HttpServer2.java:addFilter(1017)) - Added filter static_user_filter (class=org.apache.hadoop.http.lib.StaticUserWebFilter$StaticUserFilter) to context ozoneManager
2025-04-23 04:28:57,354 [main] INFO  http.HttpServer2 (HttpServer2.java:addFilter(1025)) - Added filter static_user_filter (class=org.apache.hadoop.http.lib.StaticUserWebFilter$StaticUserFilter) to context static
2025-04-23 04:28:57,354 [main] INFO  http.HttpServer2 (HttpServer2.java:addFilter(1025)) - Added filter static_user_filter (class=org.apache.hadoop.http.lib.StaticUserWebFilter$StaticUserFilter) to context logs
2025-04-23 04:28:57,354 [main] INFO  http.BaseHttpServer (BaseHttpServer.java:<init>(195)) - HTTP server of ozoneManager uses base directory /home/runner/work/ozone/ozone/hadoop-ozone/integration-test/target/test-dir/MiniOzoneClusterImpl-ff59c164-3798-4a7f-a16d-eeed9ffb3244/omNode-3/webserver
2025-04-23 04:28:57,354 [main] INFO  http.HttpServer2 (HttpServer2.java:bindListener(1241)) - Jetty bound to port 15015
2025-04-23 04:28:57,355 [main] INFO  server.Server (Server.java:doStart(375)) - jetty-9.4.57.v20241219; built: 2025-01-08T21:24:30.412Z; git: df524e6b29271c2e09ba9aea83c18dc9db464a31; jvm 21.0.7+6-LTS
2025-04-23 04:28:57,356 [main] INFO  server.session (DefaultSessionIdManager.java:doStart(334)) - DefaultSessionIdManager workerName=node0
2025-04-23 04:28:57,356 [main] INFO  server.session (DefaultSessionIdManager.java:doStart(339)) - No SessionScavenger set, using defaults
2025-04-23 04:28:57,356 [main] INFO  server.session (HouseKeeper.java:startScavenging(132)) - node0 Scavenging every 660000ms
2025-04-23 04:28:57,356 [main] INFO  handler.ContextHandler (ContextHandler.java:doStart(921)) - Started o.e.j.s.ServletContextHandler@39bbda9{logs,/logs,file:///home/runner/work/ozone/ozone/hadoop-ozone/integration-test/target/log,AVAILABLE}
2025-04-23 04:28:57,357 [main] INFO  handler.ContextHandler (ContextHandler.java:doStart(921)) - Started o.e.j.s.ServletContextHandler@3657464{static,/static,file:///home/runner/work/ozone/ozone/hadoop-ozone/integration-test/target/test-classes/webapps/static,AVAILABLE}
2025-04-23 04:28:57,360 [main] INFO  handler.ContextHandler (ContextHandler.java:doStart(921)) - Started o.e.j.w.WebAppContext@497d4701{ozoneManager,/,file:///home/runner/work/ozone/ozone/hadoop-ozone/integration-test/target/test-classes/webapps/ozoneManager/,AVAILABLE}{file:/home/runner/work/ozone/ozone/hadoop-ozone/integration-test/target/test-classes/webapps/ozoneManager}
2025-04-23 04:28:57,360 [main] INFO  server.AbstractConnector (AbstractConnector.java:doStart(333)) - Started ServerConnector@558e72fd{HTTP/1.1, (http/1.1)}{0.0.0.0:15015}
2025-04-23 04:28:57,361 [main] INFO  server.Server (Server.java:doStart(415)) - Started @140779ms
2025-04-23 04:28:57,361 [main] WARN  impl.MetricsSystemImpl (MetricsSystemImpl.java:register(279)) - Sink prometheus already exists!
2025-04-23 04:28:57,361 [main] INFO  http.BaseHttpServer (BaseHttpServer.java:updateConnectorAddress(360)) - HTTP server of ozoneManager listening at http://0.0.0.0:15015
2025-04-23 04:28:57,361 [IPC Server Responder] INFO  ipc.Server (Server.java:run(1713)) - IPC Server Responder: starting
2025-04-23 04:28:57,361 [IPC Server listener on 15014] INFO  ipc.Server (Server.java:run(1553)) - IPC Server listener on 15014: starting
2025-04-23 04:28:57,363 [main] INFO  om.OzoneManager (OzoneManager.java:startTrashEmptier(2257)) - Trash Interval set to 0. Files deleted won't move to trash
2025-04-23 04:28:57,363 [main] INFO  om.OzoneManager (OzoneManager.java:restart(1878)) - OzoneManager RPC server is listening at localhost/127.0.0.1:15006
2025-04-23 04:28:57,363 [main] INFO  impl.MetricsSystemImpl (MetricsSystemImpl.java:init(158)) - OzoneManager metrics system started (again)
2025-04-23 04:28:57,374 [main] WARN  server.ServerUtils (ServerUtils.java:getDBPath(297)) - ozone.om.db.dirs is not configured. We recommend adding this setting. Falling back to ozone.metadata.dirs instead.
2025-04-23 04:28:57,415 [main] INFO  om.OzoneManager (OzoneManager.java:instantiateServices(933)) - S3 Multi-Tenancy is disabled
2025-04-23 04:28:57,415 [main] INFO  om.OmSnapshotManager (OmSnapshotManager.java:<init>(180)) - Ozone filesystem snapshot feature is enabled.
2025-04-23 04:28:57,416 [main] WARN  server.ServerUtils (ServerUtils.java:getDBPath(297)) - ozone.om.snapshot.diff.db.dir is not configured. We recommend adding this setting. Falling back to ozone.metadata.dirs instead.
2025-04-23 04:28:57,433 [main] WARN  dropwizard3.Dm3MetricRegistriesImpl (Dm3MetricRegistriesImpl.java:addReporterRegistration(114)) - New reporters are added after registries were created. Some metrics will be missing from the reporter. Please add reporter before adding any new registry.
2025-04-23 04:28:57,433 [main] WARN  dropwizard3.Dm3MetricRegistriesImpl (Dm3MetricRegistriesImpl.java:addReporterRegistration(114)) - New reporters are added after registries were created. Some metrics will be missing from the reporter. Please add reporter before adding any new registry.
2025-04-23 04:28:57,433 [main] WARN  server.ServerUtils (ServerUtils.java:getDefaultRatisDirectory(309)) - Storage directory for Ratis is not configured. It is a good idea to map this to an SSD disk. Falling back to ozone.metadata.dirs
2025-04-23 04:28:57,434 [main] INFO  server.RaftServerConfigKeys (ConfUtils.java:logGet(46)) - raft.server.log.appender.buffer.byte-limit = 4194304 (custom)
2025-04-23 04:28:57,435 [main] INFO  ratis.OzoneManagerRatisServer (OzoneManagerRatisServer.java:<init>(167)) - Instantiating OM Ratis server with groupID: om-service-test1 and peers: localhost:15009, localhost:15017, localhost:15013
2025-04-23 04:28:57,435 [main] INFO  ratis.OzoneManagerStateMachine (OzoneManagerStateMachine.java:loadSnapshotInfoFromDB(611)) - LastAppliedIndex is set from TransactionInfo from OM DB as (t:13, i:312)
2025-04-23 04:28:57,436 [main] INFO  server.RaftServer (ConfUtils.java:logGet(46)) - raft.rpc.type = GRPC (default)
2025-04-23 04:28:57,436 [main] INFO  grpc.GrpcConfigKeys (ConfUtils.java:logFallback(53)) - raft.grpc.admin.host = null (fallback to raft.grpc.server.host)
2025-04-23 04:28:57,436 [main] INFO  grpc.GrpcConfigKeys (ConfUtils.java:logFallback(53)) - raft.grpc.admin.port = 15009 (fallback to raft.grpc.server.port)
2025-04-23 04:28:57,436 [main] INFO  grpc.GrpcConfigKeys (ConfUtils.java:logFallback(53)) - raft.grpc.client.host = null (fallback to raft.grpc.server.host)
2025-04-23 04:28:57,436 [main] INFO  grpc.GrpcConfigKeys (ConfUtils.java:logFallback(53)) - raft.grpc.client.port = 15009 (fallback to raft.grpc.server.port)
2025-04-23 04:28:57,436 [main] INFO  grpc.GrpcConfigKeys (ConfUtils.java:logGet(46)) - raft.grpc.server.host = null (default)
2025-04-23 04:28:57,436 [main] INFO  grpc.GrpcConfigKeys (ConfUtils.java:logGet(46)) - raft.grpc.server.port = 15009 (custom)
2025-04-23 04:28:57,436 [main] INFO  server.GrpcService (ConfUtils.java:logGet(46)) - raft.grpc.message.size.max = 5242880 (custom)
2025-04-23 04:28:57,436 [main] INFO  server.GrpcService (ConfUtils.java:logGet(46)) - raft.grpc.flow.control.window = 1MB (=1048576) (default)
2025-04-23 04:28:57,436 [main] INFO  server.RaftServerConfigKeys (ConfUtils.java:logGet(46)) - raft.server.rpc.request.timeout = 3000ms (default)
2025-04-23 04:28:57,437 [main] INFO  grpc.GrpcConfigKeys (ConfUtils.java:logGet(46)) - raft.grpc.server.heartbeat.channel = true (default)
2025-04-23 04:28:57,437 [main] INFO  server.RaftServerConfigKeys (ConfUtils.java:logGet(46)) - raft.server.log.appender.buffer.byte-limit = 4194304 (custom)
2025-04-23 04:28:57,437 [main] INFO  grpc.GrpcConfigKeys (ConfUtils.java:logGet(46)) - raft.grpc.server.async.request.thread.pool.cached = true (default)
2025-04-23 04:28:57,437 [main] INFO  grpc.GrpcConfigKeys (ConfUtils.java:logGet(46)) - raft.grpc.server.async.request.thread.pool.size = 32 (default)
2025-04-23 04:28:57,438 [main] INFO  impl.DataStreamServerImpl (ConfUtils.java:logGet(46)) - raft.datastream.type = DISABLED (default)
2025-04-23 04:28:57,438 [main] INFO  server.RaftServerConfigKeys (ConfUtils.java:logGet(46)) - raft.server.sleep.deviation.threshold = 300ms (default)
2025-04-23 04:28:57,438 [main] INFO  server.RaftServerConfigKeys (ConfUtils.java:logGet(46)) - raft.server.close.threshold = 60s (default)
2025-04-23 04:28:57,438 [main] INFO  server.RaftServerConfigKeys (ConfUtils.java:logGet(46)) - raft.server.leaderelection.leader.step-down.wait-time = 10s (default)
2025-04-23 04:28:57,438 [main] INFO  server.RaftServerConfigKeys (ConfUtils.java:logGet(46)) - raft.server.storage.dir = [/home/runner/work/ozone/ozone/hadoop-ozone/integration-test/target/test-dir/MiniOzoneClusterImpl-ff59c164-3798-4a7f-a16d-eeed9ffb3244/omNode-1/ratis] (custom)
2025-04-23 04:28:57,438 [main] INFO  server.RaftServerConfigKeys (ConfUtils.java:logGet(46)) - raft.server.threadpool.proxy.cached = true (default)
2025-04-23 04:28:57,438 [main] INFO  server.RaftServerConfigKeys (ConfUtils.java:logGet(46)) - raft.server.threadpool.proxy.size = 0 (default)
2025-04-23 04:28:57,439 [omNode-1-impl-thread1] INFO  server.RaftServer (RaftServerProxy.java:initGroupDir(265)) - omNode-1: found a subdirectory /home/runner/work/ozone/ozone/hadoop-ozone/integration-test/target/test-dir/MiniOzoneClusterImpl-ff59c164-3798-4a7f-a16d-eeed9ffb3244/omNode-1/ratis/c9bc4cf4-3bc3-3c60-a66b-523986131536
2025-04-23 04:28:57,439 [main] INFO  server.RaftServer (RaftServerProxy.java:addNew(100)) - omNode-1: addNew group-523986131536:[omNode-3|localhost:15017, omNode-1|localhost:15009, omNode-2|localhost:15013] returns group-523986131536:java.util.concurrent.CompletableFuture@7bfd37ce[Not completed]
2025-04-23 04:28:57,439 [main] INFO  om.OzoneManager (OzoneManager.java:initializeRatisServer(2303)) - OzoneManager Ratis server initialized at port 15009
2025-04-23 04:28:57,439 [omNode-1-groupManagement] INFO  server.RaftServer$Division (RaftServerImpl.java:<init>(255)) - omNode-1: new RaftServerImpl for group-523986131536:[omNode-3|localhost:15017, omNode-1|localhost:15009, omNode-2|localhost:15013] with OzoneManagerStateMachine:uninitialized
2025-04-23 04:28:57,439 [main] INFO  ratis.OzoneManagerRatisServer (OzoneManagerRatisServer.java:start(628)) - Starting OzoneManagerRatisServer omNode-1 at port 15009
2025-04-23 04:28:57,439 [omNode-1-groupManagement] INFO  server.RaftServerConfigKeys (ConfUtils.java:logGet(46)) - raft.server.rpc.timeout.min = 1s (custom)
2025-04-23 04:28:57,440 [omNode-1-groupManagement] INFO  server.RaftServerConfigKeys (ConfUtils.java:logGet(46)) - raft.server.rpc.timeout.max = 1200ms (custom)
2025-04-23 04:28:57,440 [omNode-1-groupManagement] INFO  server.RaftServerConfigKeys (ConfUtils.java:logGet(46)) - raft.server.rpc.sleep.time = 25ms (default)
2025-04-23 04:28:57,440 [omNode-1-groupManagement] INFO  server.RaftServerConfigKeys (ConfUtils.java:logGet(46)) - raft.server.rpc.slowness.timeout = 2s (custom)
2025-04-23 04:28:57,440 [omNode-1-groupManagement] INFO  server.RaftServerConfigKeys (ConfUtils.java:logGet(46)) - raft.server.leaderelection.leader.step-down.wait-time = 10s (default)
2025-04-23 04:28:57,440 [omNode-1-groupManagement] INFO  server.RaftServerConfigKeys (ConfUtils.java:logGet(46)) - raft.server.leaderelection.member.majority-add = false (default)
2025-04-23 04:28:57,440 [omNode-1-groupManagement] INFO  server.RaftServerConfigKeys (ConfUtils.java:logGet(46)) - raft.server.sleep.deviation.threshold = 300ms (default)
2025-04-23 04:28:57,440 [omNode-1-groupManagement] INFO  server.RaftServer$Division (ServerState.java:<init>(114)) - omNode-1@group-523986131536: ConfigurationManager, init=conf: {index: -1, cur=peers:[omNode-3|localhost:15017, omNode-1|localhost:15009, omNode-2|localhost:15013]|listeners:[], old=null}, confs=<EMPTY_MAP>
2025-04-23 04:28:57,440 [omNode-1-groupManagement] INFO  server.RaftServerConfigKeys (ConfUtils.java:logGet(46)) - raft.server.notification.no-leader.timeout = 2s (custom)
2025-04-23 04:28:57,440 [omNode-1-groupManagement] INFO  server.RaftServerConfigKeys (ConfUtils.java:logGet(46)) - raft.server.read.timeout = 10s (default)
2025-04-23 04:28:57,440 [omNode-1-groupManagement] INFO  server.RaftServerConfigKeys (ConfUtils.java:logGet(46)) - raft.server.retrycache.expirytime = 30000ms (custom)
2025-04-23 04:28:57,440 [omNode-1-groupManagement] INFO  server.RaftServerConfigKeys (ConfUtils.java:logGet(46)) - raft.server.retrycache.statistics.expirytime = 100ms (default)
2025-04-23 04:28:57,440 [omNode-1-groupManagement] INFO  server.RaftServerConfigKeys (ConfUtils.java:logGet(46)) - raft.server.read.option = DEFAULT (default)
2025-04-23 04:28:57,440 [omNode-1-groupManagement] INFO  server.RaftServerConfigKeys (ConfUtils.java:logGet(46)) - raft.server.read.read-after-write-consistent.write-index-cache.expiry-time = 60s (default)
2025-04-23 04:28:57,442 [omNode-1-groupManagement] INFO  server.RaftServerConfigKeys (ConfUtils.java:logGet(46)) - raft.server.rpc.request.timeout = 3000ms (default)
2025-04-23 04:28:57,442 [omNode-1-groupManagement] INFO  server.RaftServerConfigKeys (ConfUtils.java:logGet(46)) - raft.server.log.appender.install.snapshot.enabled = false (custom)
2025-04-23 04:28:57,442 [omNode-1-groupManagement] INFO  server.RaftServerConfigKeys (ConfUtils.java:logGet(46)) - raft.server.threadpool.server.cached = true (default)
2025-04-23 04:28:57,442 [omNode-1-groupManagement] INFO  server.RaftServerConfigKeys (ConfUtils.java:logGet(46)) - raft.server.threadpool.server.size = 0 (default)
2025-04-23 04:28:57,442 [omNode-1-groupManagement] INFO  server.RaftServerConfigKeys (ConfUtils.java:logGet(46)) - raft.server.threadpool.client.cached = true (default)
2025-04-23 04:28:57,443 [omNode-1-groupManagement] INFO  server.RaftServerConfigKeys (ConfUtils.java:logGet(46)) - raft.server.threadpool.client.size = 0 (default)
2025-04-23 04:28:57,443 [omNode-1-impl-thread1] INFO  server.RaftServerConfigKeys (ConfUtils.java:logGet(46)) - raft.server.storage.free-space.min = 0MB (=0) (default)
2025-04-23 04:28:57,443 [omNode-1-impl-thread1] INFO  server.RaftServerConfigKeys (ConfUtils.java:logGet(46)) - raft.server.log.corruption.policy = EXCEPTION (default)
2025-04-23 04:28:57,443 [omNode-1-impl-thread1] INFO  server.RaftServerConfigKeys (ConfUtils.java:logGet(46)) - raft.server.storage.dir = [/home/runner/work/ozone/ozone/hadoop-ozone/integration-test/target/test-dir/MiniOzoneClusterImpl-ff59c164-3798-4a7f-a16d-eeed9ffb3244/omNode-1/ratis] (custom)
2025-04-23 04:28:57,444 [omNode-1-impl-thread1] INFO  storage.RaftStorageDirectory (RaftStorageDirectoryImpl.java:tryLock(229)) - Lock on /home/runner/work/ozone/ozone/hadoop-ozone/integration-test/target/test-dir/MiniOzoneClusterImpl-ff59c164-3798-4a7f-a16d-eeed9ffb3244/omNode-1/ratis/c9bc4cf4-3bc3-3c60-a66b-523986131536/in_use.lock acquired by nodename 129558@fv-az1441-587
2025-04-23 04:28:57,444 [omNode-1-impl-thread1] INFO  storage.RaftStorage (RaftStorageImpl.java:analyzeAndRecoverStorage(118)) - Read RaftStorageMetadata{term=13, votedFor=omNode-1} from /home/runner/work/ozone/ozone/hadoop-ozone/integration-test/target/test-dir/MiniOzoneClusterImpl-ff59c164-3798-4a7f-a16d-eeed9ffb3244/omNode-1/ratis/c9bc4cf4-3bc3-3c60-a66b-523986131536/current/raft-meta
2025-04-23 04:28:57,444 [omNode-1-impl-thread1] INFO  server.RaftServer$Division (ServerState.java:setRaftConf(386)) - omNode-1@group-523986131536: set configuration conf: {index: 311, cur=peers:[omNode-3|localhost:15017, omNode-1|localhost:15009, omNode-2|localhost:15013]|listeners:[], old=null}
2025-04-23 04:28:57,444 [omNode-1-impl-thread1] INFO  ratis.OzoneManagerStateMachine (OzoneManagerStateMachine.java:lambda$0(138)) - omNode-1: initialize group-523986131536 with (t:13, i:312)
2025-04-23 04:28:57,444 [omNode-1-impl-thread1] INFO  server.RaftServerConfigKeys (ConfUtils.java:logGet(46)) - raft.server.log.use.memory = false (default)
2025-04-23 04:28:57,445 [omNode-1-impl-thread1] INFO  server.RaftServerConfigKeys (ConfUtils.java:logGet(46)) - raft.server.log.purge.gap = 50 (custom)
2025-04-23 04:28:57,445 [omNode-1-impl-thread1] INFO  server.RaftServerConfigKeys (ConfUtils.java:logGet(46)) - raft.server.log.appender.buffer.byte-limit = 4194304 (custom)
2025-04-23 04:28:57,445 [omNode-1-impl-thread1] INFO  server.RaftServerConfigKeys (ConfUtils.java:logGet(46)) - raft.server.log.statemachine.data.read.timeout = 1000ms (default)
2025-04-23 04:28:57,445 [omNode-1-impl-thread1] INFO  server.RaftServerConfigKeys (ConfUtils.java:logGet(46)) - raft.server.log.purge.preservation.log.num = 0 (default)
2025-04-23 04:28:57,446 [omNode-1-impl-thread1] INFO  server.RaftServerConfigKeys (ConfUtils.java:logGet(46)) - raft.server.log.segment.size.max = 4194304 (custom)
2025-04-23 04:28:57,446 [omNode-1-impl-thread1] INFO  server.RaftServerConfigKeys (ConfUtils.java:logGet(46)) - raft.server.log.segment.cache.num.max = 2 (custom)
2025-04-23 04:28:57,446 [omNode-1-impl-thread1] INFO  server.RaftServerConfigKeys (ConfUtils.java:logGet(46)) - raft.server.log.segment.cache.size.max = 200MB (=209715200) (default)
2025-04-23 04:28:57,446 [omNode-1-impl-thread1] INFO  server.RaftServerConfigKeys (ConfUtils.java:logGet(46)) - raft.server.log.appender.buffer.byte-limit = 4194304 (custom)
2025-04-23 04:28:57,446 [omNode-1-impl-thread1] INFO  util.AwaitToRun (AwaitToRun.java:start(81)) - Thread[#6319,omNode-1@group-523986131536-cacheEviction-AwaitToRun,5,main] started
2025-04-23 04:28:57,446 [omNode-1-impl-thread1] INFO  segmented.SegmentedRaftLogWorker (SegmentedRaftLogWorker.java:<init>(188)) - new omNode-1@group-523986131536-SegmentedRaftLogWorker for RaftStorageImpl:Storage Directory /home/runner/work/ozone/ozone/hadoop-ozone/integration-test/target/test-dir/MiniOzoneClusterImpl-ff59c164-3798-4a7f-a16d-eeed9ffb3244/omNode-1/ratis/c9bc4cf4-3bc3-3c60-a66b-523986131536
2025-04-23 04:28:57,446 [omNode-1-impl-thread1] INFO  server.RaftServerConfigKeys (ConfUtils.java:logGet(46)) - raft.server.log.queue.byte-limit = 64MB (=67108864) (default)
2025-04-23 04:28:57,446 [omNode-1-impl-thread1] INFO  server.RaftServerConfigKeys (ConfUtils.java:logGet(46)) - raft.server.log.queue.element-limit = 4096 (default)
2025-04-23 04:28:57,446 [omNode-1-impl-thread1] INFO  server.RaftServerConfigKeys (ConfUtils.java:logGet(46)) - raft.server.log.segment.size.max = 4194304 (custom)
2025-04-23 04:28:57,446 [omNode-1-impl-thread1] INFO  server.RaftServerConfigKeys (ConfUtils.java:logGet(46)) - raft.server.log.preallocated.size = 4194304 (custom)
2025-04-23 04:28:57,447 [omNode-1-impl-thread1] INFO  server.RaftServerConfigKeys (ConfUtils.java:logGet(46)) - raft.server.log.force.sync.num = 128 (default)
2025-04-23 04:28:57,447 [omNode-1-impl-thread1] INFO  server.RaftServerConfigKeys (ConfUtils.java:logGet(46)) - raft.server.log.statemachine.data.sync = true (default)
2025-04-23 04:28:57,447 [omNode-1-impl-thread1] INFO  server.RaftServerConfigKeys (ConfUtils.java:logGet(46)) - raft.server.log.statemachine.data.sync.timeout = 10s (default)
2025-04-23 04:28:57,447 [omNode-1-impl-thread1] INFO  server.RaftServerConfigKeys (ConfUtils.java:logGet(46)) - raft.server.log.statemachine.data.sync.timeout.retry = -1 (default)
2025-04-23 04:28:57,447 [omNode-1-impl-thread1] INFO  server.RaftServerConfigKeys (ConfUtils.java:logGet(46)) - raft.server.log.write.buffer.size = 4194312 (custom)
2025-04-23 04:28:57,447 [omNode-1-impl-thread1] INFO  server.RaftServerConfigKeys (ConfUtils.java:logGet(46)) - raft.server.log.appender.buffer.byte-limit = 4194304 (custom)
2025-04-23 04:28:57,447 [omNode-1-impl-thread1] INFO  server.RaftServerConfigKeys (ConfUtils.java:logGet(46)) - raft.server.log.unsafe-flush.enabled = false (default)
2025-04-23 04:28:57,447 [omNode-1-impl-thread1] INFO  server.RaftServerConfigKeys (ConfUtils.java:logGet(46)) - raft.server.log.async-flush.enabled = false (default)
2025-04-23 04:28:57,447 [omNode-1-impl-thread1] INFO  server.RaftServerConfigKeys (ConfUtils.java:logGet(46)) - raft.server.log.statemachine.data.caching.enabled = false (default)
2025-04-23 04:28:57,448 [omNode-1-impl-thread1] INFO  server.RaftServer$Division (ServerState.java:setRaftConf(386)) - omNode-1@group-523986131536: set configuration conf: {index: 311, cur=peers:[omNode-3|localhost:15017, omNode-1|localhost:15009, omNode-2|localhost:15013]|listeners:[], old=null}
2025-04-23 04:28:57,448 [omNode-1-impl-thread1] INFO  segmented.LogSegment (LogSegment.java:loadSegment(171)) - Successfully read 2 entries from segment file /home/runner/work/ozone/ozone/hadoop-ozone/integration-test/target/test-dir/MiniOzoneClusterImpl-ff59c164-3798-4a7f-a16d-eeed9ffb3244/omNode-1/ratis/c9bc4cf4-3bc3-3c60-a66b-523986131536/current/log_inprogress_311
2025-04-23 04:28:57,448 [omNode-1-impl-thread1] INFO  segmented.SegmentedRaftLogWorker (SegmentedRaftLogWorker.java:lambda$new$0(139)) - omNode-1@group-523986131536-SegmentedRaftLogWorker: flushIndex: setUnconditionally 0 -> 312
2025-04-23 04:28:57,448 [omNode-1-impl-thread1] INFO  segmented.SegmentedRaftLogWorker (SegmentedRaftLogWorker.java:lambda$new$0(139)) - omNode-1@group-523986131536-SegmentedRaftLogWorker: safeCacheEvictIndex: setUnconditionally 0 -> -1
2025-04-23 04:28:57,448 [omNode-1-impl-thread1] INFO  segmented.BufferedWriteChannel (BufferedWriteChannel.java:open(61)) - open log_inprogress_311 (append) at position 128
2025-04-23 04:28:57,448 [omNode-1-impl-thread1] INFO  raftlog.RaftLog (RaftLogBase.java:lambda$new$0(54)) - omNode-1@group-523986131536-SegmentedRaftLog: purgeIndex: updateToMax old=-1, new=310, updated? true
2025-04-23 04:28:57,448 [omNode-1-impl-thread1] INFO  server.RaftServer$Division (RaftServerImpl.java:start(391)) - omNode-1@group-523986131536: start as a follower, conf=conf: {index: 311, cur=peers:[omNode-3|localhost:15017, omNode-1|localhost:15009, omNode-2|localhost:15013]|listeners:[], old=null}
2025-04-23 04:28:57,448 [omNode-1-impl-thread1] INFO  server.RaftServer$Division (RaftServerImpl.java:setRole(378)) - omNode-1@group-523986131536: changes role from      null to FOLLOWER at term 13 for startAsFollower
2025-04-23 04:28:57,448 [omNode-1-impl-thread1] INFO  impl.RoleInfo (RoleInfo.java:updateAndGet(148)) - omNode-1: start omNode-1@group-523986131536-FollowerState
2025-04-23 04:28:57,449 [omNode-1@group-523986131536-FollowerState] INFO  server.RaftServerConfigKeys (ConfUtils.java:logFallback(53)) - raft.server.rpc.first-election.timeout.min = 1s (fallback to raft.server.rpc.timeout.min)
2025-04-23 04:28:57,449 [omNode-1-impl-thread1] INFO  util.JmxRegister (JmxRegister.java:tryRegister(44)) - Successfully registered JMX Bean with object name Ratis:service=RaftServer,group=group-523986131536,id=omNode-1
2025-04-23 04:28:57,449 [omNode-1-impl-thread1] INFO  util.JmxRegister (JmxRegister.java:register(58)) - register mxBean class org.apache.ratis.server.impl.RaftServerJmxAdapter as Ratis:service=RaftServer,group=group-523986131536,id=omNode-1
2025-04-23 04:28:57,449 [omNode-1-impl-thread1] INFO  server.RaftServerConfigKeys (ConfUtils.java:logGet(46)) - raft.server.snapshot.trigger-when-stop.enabled = true (default)
2025-04-23 04:28:57,449 [omNode-1-impl-thread1] INFO  server.RaftServerConfigKeys (ConfUtils.java:logGet(46)) - raft.server.snapshot.trigger-when-remove.enabled = true (default)
2025-04-23 04:28:57,449 [omNode-1-impl-thread1] INFO  server.RaftServerConfigKeys (ConfUtils.java:logGet(46)) - raft.server.snapshot.auto.trigger.enabled = true (custom)
2025-04-23 04:28:57,449 [omNode-1-impl-thread1] INFO  server.RaftServerConfigKeys (ConfUtils.java:logGet(46)) - raft.server.snapshot.auto.trigger.threshold = 50 (custom)
2025-04-23 04:28:57,449 [omNode-1@group-523986131536-FollowerState] INFO  server.RaftServerConfigKeys (ConfUtils.java:logFallback(53)) - raft.server.rpc.first-election.timeout.max = 1200ms (fallback to raft.server.rpc.timeout.max)
2025-04-23 04:28:57,449 [omNode-1-impl-thread1] INFO  server.RaftServerConfigKeys (ConfUtils.java:logGet(46)) - raft.server.snapshot.retention.file.num = -1 (default)
2025-04-23 04:28:57,449 [omNode-1-impl-thread1] INFO  server.RaftServerConfigKeys (ConfUtils.java:logGet(46)) - raft.server.log.purge.upto.snapshot.index = true (custom)
2025-04-23 04:28:57,450 [omNode-1-impl-thread1] INFO  server.RaftServer$Division (RaftServerImpl.java:start(405)) - omNode-1@group-523986131536: Successfully started.
2025-04-23 04:28:57,450 [main] INFO  server.RaftServer (RaftServerProxy.java:startImpl(407)) - omNode-1: start RPC server
2025-04-23 04:28:57,450 [main] INFO  server.GrpcService (GrpcService.java:startImpl(334)) - omNode-1: GrpcService started, listening on 15009
2025-04-23 04:28:57,450 [main] INFO  om.OzoneManager (OzoneManager.java:getRpcServer(1360)) - Creating RPC Server
2025-04-23 04:28:57,451 [JvmPauseMonitor33] INFO  util.JvmPauseMonitor (JvmPauseMonitor.java:run(146)) - JvmPauseMonitor-omNode-1: Started
2025-04-23 04:28:57,817 [main] INFO  reflections.Reflections (Reflections.java:scan(219)) - Reflections took 366 ms to scan 22 urls, producing 61 keys and 7422 values
2025-04-23 04:28:57,818 [main] INFO  ipc.CallQueueManager (CallQueueManager.java:<init>(93)) - Using callQueue: class java.util.concurrent.LinkedBlockingQueue, queueCapacity: 2000, scheduler: class org.apache.hadoop.ipc.DefaultRpcScheduler, ipcBackoff: false, ipcFailOver: false.
2025-04-23 04:28:57,818 [main] INFO  ipc.Server (Server.java:<init>(1438)) - Listener at localhost:15006
2025-04-23 04:28:57,818 [Socket Reader #1 for port 15006] INFO  ipc.Server (Server.java:run(1474)) - Starting Socket Reader #1 for port 15006
2025-04-23 04:28:57,818 [Socket Reader #2 for port 15006] INFO  ipc.Server (Server.java:run(1474)) - Starting Socket Reader #2 for port 15006
2025-04-23 04:28:57,819 [Socket Reader #3 for port 15006] INFO  ipc.Server (Server.java:run(1474)) - Starting Socket Reader #3 for port 15006
2025-04-23 04:28:57,819 [Socket Reader #4 for port 15006] INFO  ipc.Server (Server.java:run(1474)) - Starting Socket Reader #4 for port 15006
2025-04-23 04:28:57,819 [Socket Reader #5 for port 15006] INFO  ipc.Server (Server.java:run(1474)) - Starting Socket Reader #5 for port 15006
2025-04-23 04:28:57,819 [Socket Reader #6 for port 15006] INFO  ipc.Server (Server.java:run(1474)) - Starting Socket Reader #6 for port 15006
2025-04-23 04:28:57,819 [Socket Reader #7 for port 15006] INFO  ipc.Server (Server.java:run(1474)) - Starting Socket Reader #7 for port 15006
2025-04-23 04:28:57,819 [Socket Reader #8 for port 15006] INFO  ipc.Server (Server.java:run(1474)) - Starting Socket Reader #8 for port 15006
2025-04-23 04:28:57,820 [Socket Reader #9 for port 15006] INFO  ipc.Server (Server.java:run(1474)) - Starting Socket Reader #9 for port 15006
2025-04-23 04:28:57,820 [Socket Reader #10 for port 15006] INFO  ipc.Server (Server.java:run(1474)) - Starting Socket Reader #10 for port 15006
2025-04-23 04:28:57,821 [main] INFO  http.BaseHttpServer (BaseHttpServer.java:newHttpServer2BuilderForOzone(229)) - Starting Web-server for ozoneManager at: http://0.0.0.0:15007
2025-04-23 04:28:57,821 [main] INFO  http.BaseHttpServer (BaseHttpServer.java:<init>(107)) - Hadoop Security Enabled: false Ozone Security Enabled: false Ozone HTTP Security Enabled: false 
2025-04-23 04:28:57,822 [main] WARN  server.AuthenticationFilter (AuthenticationFilter.java:constructSecretProvider(240)) - Unable to initialize FileSignerSecretProvider, falling back to use random secrets. Reason: Could not read signature secret file: /home/runner/hadoop-http-auth-signature-secret
2025-04-23 04:28:57,824 [main] INFO  http.HttpServer2 (HttpServer2.java:addGlobalFilter(1041)) - Added global filter 'safety' (class=org.apache.hadoop.hdds.server.http.HttpServer2$QuotingInputFilter)
2025-04-23 04:28:57,824 [main] INFO  http.HttpServer2 (HttpServer2.java:addFilter(1017)) - Added filter static_user_filter (class=org.apache.hadoop.http.lib.StaticUserWebFilter$StaticUserFilter) to context ozoneManager
2025-04-23 04:28:57,824 [main] INFO  http.HttpServer2 (HttpServer2.java:addFilter(1025)) - Added filter static_user_filter (class=org.apache.hadoop.http.lib.StaticUserWebFilter$StaticUserFilter) to context static
2025-04-23 04:28:57,824 [main] INFO  http.HttpServer2 (HttpServer2.java:addFilter(1025)) - Added filter static_user_filter (class=org.apache.hadoop.http.lib.StaticUserWebFilter$StaticUserFilter) to context logs
2025-04-23 04:28:57,825 [main] INFO  http.BaseHttpServer (BaseHttpServer.java:<init>(195)) - HTTP server of ozoneManager uses base directory /home/runner/work/ozone/ozone/hadoop-ozone/integration-test/target/test-dir/MiniOzoneClusterImpl-ff59c164-3798-4a7f-a16d-eeed9ffb3244/omNode-1/webserver
2025-04-23 04:28:57,825 [main] INFO  http.HttpServer2 (HttpServer2.java:bindListener(1241)) - Jetty bound to port 15007
2025-04-23 04:28:57,825 [main] INFO  server.Server (Server.java:doStart(375)) - jetty-9.4.57.v20241219; built: 2025-01-08T21:24:30.412Z; git: df524e6b29271c2e09ba9aea83c18dc9db464a31; jvm 21.0.7+6-LTS
2025-04-23 04:28:57,826 [main] INFO  server.session (DefaultSessionIdManager.java:doStart(334)) - DefaultSessionIdManager workerName=node0
2025-04-23 04:28:57,826 [main] INFO  server.session (DefaultSessionIdManager.java:doStart(339)) - No SessionScavenger set, using defaults
2025-04-23 04:28:57,826 [main] INFO  server.session (HouseKeeper.java:startScavenging(132)) - node0 Scavenging every 660000ms
2025-04-23 04:28:57,827 [main] INFO  handler.ContextHandler (ContextHandler.java:doStart(921)) - Started o.e.j.s.ServletContextHandler@a34d50a{logs,/logs,file:///home/runner/work/ozone/ozone/hadoop-ozone/integration-test/target/log,AVAILABLE}
2025-04-23 04:28:57,827 [main] INFO  handler.ContextHandler (ContextHandler.java:doStart(921)) - Started o.e.j.s.ServletContextHandler@12c96505{static,/static,file:///home/runner/work/ozone/ozone/hadoop-ozone/integration-test/target/test-classes/webapps/static,AVAILABLE}
2025-04-23 04:28:57,831 [main] INFO  handler.ContextHandler (ContextHandler.java:doStart(921)) - Started o.e.j.w.WebAppContext@ce791d1{ozoneManager,/,file:///home/runner/work/ozone/ozone/hadoop-ozone/integration-test/target/test-classes/webapps/ozoneManager/,AVAILABLE}{file:/home/runner/work/ozone/ozone/hadoop-ozone/integration-test/target/test-classes/webapps/ozoneManager}
2025-04-23 04:28:57,831 [main] INFO  server.AbstractConnector (AbstractConnector.java:doStart(333)) - Started ServerConnector@693fc743{HTTP/1.1, (http/1.1)}{0.0.0.0:15007}
2025-04-23 04:28:57,831 [main] INFO  server.Server (Server.java:doStart(415)) - Started @141250ms
2025-04-23 04:28:57,831 [main] WARN  impl.MetricsSystemImpl (MetricsSystemImpl.java:register(279)) - Sink prometheus already exists!
2025-04-23 04:28:57,832 [main] INFO  http.BaseHttpServer (BaseHttpServer.java:updateConnectorAddress(360)) - HTTP server of ozoneManager listening at http://0.0.0.0:15007
2025-04-23 04:28:57,832 [IPC Server Responder] INFO  ipc.Server (Server.java:run(1713)) - IPC Server Responder: starting
2025-04-23 04:28:57,832 [IPC Server listener on 15006] INFO  ipc.Server (Server.java:run(1553)) - IPC Server listener on 15006: starting
2025-04-23 04:28:57,834 [main] INFO  om.OzoneManager (OzoneManager.java:startTrashEmptier(2257)) - Trash Interval set to 0. Files deleted won't move to trash
2025-04-23 04:28:57,834 [main] INFO  om.OzoneManager (OzoneManager.java:restart(1878)) - OzoneManager RPC server is listening at localhost/127.0.0.1:15010
2025-04-23 04:28:57,834 [main] INFO  impl.MetricsSystemImpl (MetricsSystemImpl.java:init(158)) - OzoneManager metrics system started (again)
2025-04-23 04:28:57,845 [main] WARN  server.ServerUtils (ServerUtils.java:getDBPath(297)) - ozone.om.db.dirs is not configured. We recommend adding this setting. Falling back to ozone.metadata.dirs instead.
2025-04-23 04:28:57,884 [main] INFO  om.OzoneManager (OzoneManager.java:instantiateServices(933)) - S3 Multi-Tenancy is disabled
2025-04-23 04:28:57,885 [main] INFO  om.OmSnapshotManager (OmSnapshotManager.java:<init>(180)) - Ozone filesystem snapshot feature is enabled.
2025-04-23 04:28:57,885 [main] WARN  server.ServerUtils (ServerUtils.java:getDBPath(297)) - ozone.om.snapshot.diff.db.dir is not configured. We recommend adding this setting. Falling back to ozone.metadata.dirs instead.
2025-04-23 04:28:57,901 [main] WARN  dropwizard3.Dm3MetricRegistriesImpl (Dm3MetricRegistriesImpl.java:addReporterRegistration(114)) - New reporters are added after registries were created. Some metrics will be missing from the reporter. Please add reporter before adding any new registry.
2025-04-23 04:28:57,901 [main] WARN  dropwizard3.Dm3MetricRegistriesImpl (Dm3MetricRegistriesImpl.java:addReporterRegistration(114)) - New reporters are added after registries were created. Some metrics will be missing from the reporter. Please add reporter before adding any new registry.
2025-04-23 04:28:57,901 [main] WARN  server.ServerUtils (ServerUtils.java:getDefaultRatisDirectory(309)) - Storage directory for Ratis is not configured. It is a good idea to map this to an SSD disk. Falling back to ozone.metadata.dirs
2025-04-23 04:28:57,901 [main] INFO  server.RaftServerConfigKeys (ConfUtils.java:logGet(46)) - raft.server.log.appender.buffer.byte-limit = 4194304 (custom)
2025-04-23 04:28:57,902 [main] INFO  ratis.OzoneManagerRatisServer (OzoneManagerRatisServer.java:<init>(167)) - Instantiating OM Ratis server with groupID: om-service-test1 and peers: localhost:15013, localhost:15017, localhost:15009
2025-04-23 04:28:57,902 [main] INFO  ratis.OzoneManagerStateMachine (OzoneManagerStateMachine.java:loadSnapshotInfoFromDB(611)) - LastAppliedIndex is set from TransactionInfo from OM DB as (t:14, i:323)
2025-04-23 04:28:57,903 [main] INFO  server.RaftServer (ConfUtils.java:logGet(46)) - raft.rpc.type = GRPC (default)
2025-04-23 04:28:57,903 [main] INFO  grpc.GrpcConfigKeys (ConfUtils.java:logFallback(53)) - raft.grpc.admin.host = null (fallback to raft.grpc.server.host)
2025-04-23 04:28:57,903 [main] INFO  grpc.GrpcConfigKeys (ConfUtils.java:logFallback(53)) - raft.grpc.admin.port = 15013 (fallback to raft.grpc.server.port)
2025-04-23 04:28:57,903 [main] INFO  grpc.GrpcConfigKeys (ConfUtils.java:logFallback(53)) - raft.grpc.client.host = null (fallback to raft.grpc.server.host)
2025-04-23 04:28:57,903 [main] INFO  grpc.GrpcConfigKeys (ConfUtils.java:logFallback(53)) - raft.grpc.client.port = 15013 (fallback to raft.grpc.server.port)
2025-04-23 04:28:57,903 [main] INFO  grpc.GrpcConfigKeys (ConfUtils.java:logGet(46)) - raft.grpc.server.host = null (default)
2025-04-23 04:28:57,903 [main] INFO  grpc.GrpcConfigKeys (ConfUtils.java:logGet(46)) - raft.grpc.server.port = 15013 (custom)
2025-04-23 04:28:57,904 [main] INFO  server.GrpcService (ConfUtils.java:logGet(46)) - raft.grpc.message.size.max = 5242880 (custom)
2025-04-23 04:28:57,904 [main] INFO  server.GrpcService (ConfUtils.java:logGet(46)) - raft.grpc.flow.control.window = 1MB (=1048576) (default)
2025-04-23 04:28:57,904 [main] INFO  server.RaftServerConfigKeys (ConfUtils.java:logGet(46)) - raft.server.rpc.request.timeout = 3000ms (default)
2025-04-23 04:28:57,904 [main] INFO  grpc.GrpcConfigKeys (ConfUtils.java:logGet(46)) - raft.grpc.server.heartbeat.channel = true (default)
2025-04-23 04:28:57,904 [main] INFO  server.RaftServerConfigKeys (ConfUtils.java:logGet(46)) - raft.server.log.appender.buffer.byte-limit = 4194304 (custom)
2025-04-23 04:28:57,904 [main] INFO  grpc.GrpcConfigKeys (ConfUtils.java:logGet(46)) - raft.grpc.server.async.request.thread.pool.cached = true (default)
2025-04-23 04:28:57,904 [main] INFO  grpc.GrpcConfigKeys (ConfUtils.java:logGet(46)) - raft.grpc.server.async.request.thread.pool.size = 32 (default)
2025-04-23 04:28:57,905 [main] INFO  impl.DataStreamServerImpl (ConfUtils.java:logGet(46)) - raft.datastream.type = DISABLED (default)
2025-04-23 04:28:57,905 [main] INFO  server.RaftServerConfigKeys (ConfUtils.java:logGet(46)) - raft.server.sleep.deviation.threshold = 300ms (default)
2025-04-23 04:28:57,905 [main] INFO  server.RaftServerConfigKeys (ConfUtils.java:logGet(46)) - raft.server.close.threshold = 60s (default)
2025-04-23 04:28:57,905 [main] INFO  server.RaftServerConfigKeys (ConfUtils.java:logGet(46)) - raft.server.leaderelection.leader.step-down.wait-time = 10s (default)
2025-04-23 04:28:57,905 [main] INFO  server.RaftServerConfigKeys (ConfUtils.java:logGet(46)) - raft.server.storage.dir = [/home/runner/work/ozone/ozone/hadoop-ozone/integration-test/target/test-dir/MiniOzoneClusterImpl-ff59c164-3798-4a7f-a16d-eeed9ffb3244/omNode-2/ratis] (custom)
2025-04-23 04:28:57,906 [main] INFO  server.RaftServerConfigKeys (ConfUtils.java:logGet(46)) - raft.server.threadpool.proxy.cached = true (default)
2025-04-23 04:28:57,906 [main] INFO  server.RaftServerConfigKeys (ConfUtils.java:logGet(46)) - raft.server.threadpool.proxy.size = 0 (default)
2025-04-23 04:28:57,906 [omNode-2-impl-thread1] INFO  server.RaftServer (RaftServerProxy.java:initGroupDir(265)) - omNode-2: found a subdirectory /home/runner/work/ozone/ozone/hadoop-ozone/integration-test/target/test-dir/MiniOzoneClusterImpl-ff59c164-3798-4a7f-a16d-eeed9ffb3244/omNode-2/ratis/c9bc4cf4-3bc3-3c60-a66b-523986131536
2025-04-23 04:28:57,906 [main] INFO  server.RaftServer (RaftServerProxy.java:addNew(100)) - omNode-2: addNew group-523986131536:[omNode-3|localhost:15017, omNode-1|localhost:15009, omNode-2|localhost:15013] returns group-523986131536:java.util.concurrent.CompletableFuture@687cbd25[Not completed]
2025-04-23 04:28:57,907 [main] INFO  om.OzoneManager (OzoneManager.java:initializeRatisServer(2303)) - OzoneManager Ratis server initialized at port 15013
2025-04-23 04:28:57,907 [main] INFO  ratis.OzoneManagerRatisServer (OzoneManagerRatisServer.java:start(628)) - Starting OzoneManagerRatisServer omNode-2 at port 15013
2025-04-23 04:28:57,907 [omNode-2-groupManagement] INFO  server.RaftServer$Division (RaftServerImpl.java:<init>(255)) - omNode-2: new RaftServerImpl for group-523986131536:[omNode-3|localhost:15017, omNode-1|localhost:15009, omNode-2|localhost:15013] with OzoneManagerStateMachine:uninitialized
2025-04-23 04:28:57,907 [omNode-2-groupManagement] INFO  server.RaftServerConfigKeys (ConfUtils.java:logGet(46)) - raft.server.rpc.timeout.min = 1s (custom)
2025-04-23 04:28:57,907 [omNode-2-groupManagement] INFO  server.RaftServerConfigKeys (ConfUtils.java:logGet(46)) - raft.server.rpc.timeout.max = 1200ms (custom)
2025-04-23 04:28:57,907 [omNode-2-groupManagement] INFO  server.RaftServerConfigKeys (ConfUtils.java:logGet(46)) - raft.server.rpc.sleep.time = 25ms (default)
2025-04-23 04:28:57,907 [omNode-2-groupManagement] INFO  server.RaftServerConfigKeys (ConfUtils.java:logGet(46)) - raft.server.rpc.slowness.timeout = 2s (custom)
2025-04-23 04:28:57,907 [omNode-2-groupManagement] INFO  server.RaftServerConfigKeys (ConfUtils.java:logGet(46)) - raft.server.leaderelection.leader.step-down.wait-time = 10s (default)
2025-04-23 04:28:57,907 [omNode-2-groupManagement] INFO  server.RaftServerConfigKeys (ConfUtils.java:logGet(46)) - raft.server.leaderelection.member.majority-add = false (default)
2025-04-23 04:28:57,907 [omNode-2-groupManagement] INFO  server.RaftServerConfigKeys (ConfUtils.java:logGet(46)) - raft.server.sleep.deviation.threshold = 300ms (default)
2025-04-23 04:28:57,907 [omNode-2-groupManagement] INFO  server.RaftServer$Division (ServerState.java:<init>(114)) - omNode-2@group-523986131536: ConfigurationManager, init=conf: {index: -1, cur=peers:[omNode-3|localhost:15017, omNode-1|localhost:15009, omNode-2|localhost:15013]|listeners:[], old=null}, confs=<EMPTY_MAP>
2025-04-23 04:28:57,907 [omNode-2-groupManagement] INFO  server.RaftServerConfigKeys (ConfUtils.java:logGet(46)) - raft.server.notification.no-leader.timeout = 2s (custom)
2025-04-23 04:28:57,907 [omNode-2-groupManagement] INFO  server.RaftServerConfigKeys (ConfUtils.java:logGet(46)) - raft.server.read.timeout = 10s (default)
2025-04-23 04:28:57,907 [omNode-2-groupManagement] INFO  server.RaftServerConfigKeys (ConfUtils.java:logGet(46)) - raft.server.retrycache.expirytime = 30000ms (custom)
2025-04-23 04:28:57,907 [omNode-2-groupManagement] INFO  server.RaftServerConfigKeys (ConfUtils.java:logGet(46)) - raft.server.retrycache.statistics.expirytime = 100ms (default)
2025-04-23 04:28:57,907 [omNode-2-groupManagement] INFO  server.RaftServerConfigKeys (ConfUtils.java:logGet(46)) - raft.server.read.option = DEFAULT (default)
2025-04-23 04:28:57,907 [omNode-2-groupManagement] INFO  server.RaftServerConfigKeys (ConfUtils.java:logGet(46)) - raft.server.read.read-after-write-consistent.write-index-cache.expiry-time = 60s (default)
2025-04-23 04:28:57,910 [omNode-2-groupManagement] INFO  server.RaftServerConfigKeys (ConfUtils.java:logGet(46)) - raft.server.rpc.request.timeout = 3000ms (default)
2025-04-23 04:28:57,910 [omNode-2-groupManagement] INFO  server.RaftServerConfigKeys (ConfUtils.java:logGet(46)) - raft.server.log.appender.install.snapshot.enabled = false (custom)
2025-04-23 04:28:57,910 [omNode-2-groupManagement] INFO  server.RaftServerConfigKeys (ConfUtils.java:logGet(46)) - raft.server.threadpool.server.cached = true (default)
2025-04-23 04:28:57,910 [omNode-2-groupManagement] INFO  server.RaftServerConfigKeys (ConfUtils.java:logGet(46)) - raft.server.threadpool.server.size = 0 (default)
2025-04-23 04:28:57,910 [omNode-2-groupManagement] INFO  server.RaftServerConfigKeys (ConfUtils.java:logGet(46)) - raft.server.threadpool.client.cached = true (default)
2025-04-23 04:28:57,910 [omNode-2-groupManagement] INFO  server.RaftServerConfigKeys (ConfUtils.java:logGet(46)) - raft.server.threadpool.client.size = 0 (default)
2025-04-23 04:28:57,910 [omNode-2-impl-thread1] INFO  server.RaftServerConfigKeys (ConfUtils.java:logGet(46)) - raft.server.storage.free-space.min = 0MB (=0) (default)
2025-04-23 04:28:57,910 [omNode-2-impl-thread1] INFO  server.RaftServerConfigKeys (ConfUtils.java:logGet(46)) - raft.server.log.corruption.policy = EXCEPTION (default)
2025-04-23 04:28:57,910 [omNode-2-impl-thread1] INFO  server.RaftServerConfigKeys (ConfUtils.java:logGet(46)) - raft.server.storage.dir = [/home/runner/work/ozone/ozone/hadoop-ozone/integration-test/target/test-dir/MiniOzoneClusterImpl-ff59c164-3798-4a7f-a16d-eeed9ffb3244/omNode-2/ratis] (custom)
2025-04-23 04:28:57,911 [omNode-2-impl-thread1] INFO  storage.RaftStorageDirectory (RaftStorageDirectoryImpl.java:tryLock(229)) - Lock on /home/runner/work/ozone/ozone/hadoop-ozone/integration-test/target/test-dir/MiniOzoneClusterImpl-ff59c164-3798-4a7f-a16d-eeed9ffb3244/omNode-2/ratis/c9bc4cf4-3bc3-3c60-a66b-523986131536/in_use.lock acquired by nodename 129558@fv-az1441-587
2025-04-23 04:28:57,911 [omNode-2-impl-thread1] INFO  storage.RaftStorage (RaftStorageImpl.java:analyzeAndRecoverStorage(118)) - Read RaftStorageMetadata{term=14, votedFor=omNode-3} from /home/runner/work/ozone/ozone/hadoop-ozone/integration-test/target/test-dir/MiniOzoneClusterImpl-ff59c164-3798-4a7f-a16d-eeed9ffb3244/omNode-2/ratis/c9bc4cf4-3bc3-3c60-a66b-523986131536/current/raft-meta
2025-04-23 04:28:57,912 [omNode-2-impl-thread1] INFO  server.RaftServer$Division (ServerState.java:setRaftConf(386)) - omNode-2@group-523986131536: set configuration conf: {index: 313, cur=peers:[omNode-3|localhost:15017, omNode-1|localhost:15009, omNode-2|localhost:15013]|listeners:[], old=null}
2025-04-23 04:28:57,912 [omNode-2-impl-thread1] INFO  ratis.OzoneManagerStateMachine (OzoneManagerStateMachine.java:lambda$0(138)) - omNode-2: initialize group-523986131536 with (t:14, i:323)
2025-04-23 04:28:57,912 [omNode-2-impl-thread1] INFO  server.RaftServerConfigKeys (ConfUtils.java:logGet(46)) - raft.server.log.use.memory = false (default)
2025-04-23 04:28:57,912 [omNode-2-impl-thread1] INFO  server.RaftServerConfigKeys (ConfUtils.java:logGet(46)) - raft.server.log.purge.gap = 50 (custom)
2025-04-23 04:28:57,912 [omNode-2-impl-thread1] INFO  server.RaftServerConfigKeys (ConfUtils.java:logGet(46)) - raft.server.log.appender.buffer.byte-limit = 4194304 (custom)
2025-04-23 04:28:57,912 [omNode-2-impl-thread1] INFO  server.RaftServerConfigKeys (ConfUtils.java:logGet(46)) - raft.server.log.statemachine.data.read.timeout = 1000ms (default)
2025-04-23 04:28:57,912 [omNode-2-impl-thread1] INFO  server.RaftServerConfigKeys (ConfUtils.java:logGet(46)) - raft.server.log.purge.preservation.log.num = 0 (default)
2025-04-23 04:28:57,913 [omNode-2-impl-thread1] INFO  server.RaftServerConfigKeys (ConfUtils.java:logGet(46)) - raft.server.log.segment.size.max = 4194304 (custom)
2025-04-23 04:28:57,913 [omNode-2-impl-thread1] INFO  server.RaftServerConfigKeys (ConfUtils.java:logGet(46)) - raft.server.log.segment.cache.num.max = 2 (custom)
2025-04-23 04:28:57,913 [omNode-2-impl-thread1] INFO  server.RaftServerConfigKeys (ConfUtils.java:logGet(46)) - raft.server.log.segment.cache.size.max = 200MB (=209715200) (default)
2025-04-23 04:28:57,913 [omNode-2-impl-thread1] INFO  server.RaftServerConfigKeys (ConfUtils.java:logGet(46)) - raft.server.log.appender.buffer.byte-limit = 4194304 (custom)
2025-04-23 04:28:57,913 [omNode-2-impl-thread1] INFO  util.AwaitToRun (AwaitToRun.java:start(81)) - Thread[#6426,omNode-2@group-523986131536-cacheEviction-AwaitToRun,5,main] started
2025-04-23 04:28:57,914 [omNode-2-impl-thread1] INFO  segmented.SegmentedRaftLogWorker (SegmentedRaftLogWorker.java:<init>(188)) - new omNode-2@group-523986131536-SegmentedRaftLogWorker for RaftStorageImpl:Storage Directory /home/runner/work/ozone/ozone/hadoop-ozone/integration-test/target/test-dir/MiniOzoneClusterImpl-ff59c164-3798-4a7f-a16d-eeed9ffb3244/omNode-2/ratis/c9bc4cf4-3bc3-3c60-a66b-523986131536
2025-04-23 04:28:57,914 [omNode-2-impl-thread1] INFO  server.RaftServerConfigKeys (ConfUtils.java:logGet(46)) - raft.server.log.queue.byte-limit = 64MB (=67108864) (default)
2025-04-23 04:28:57,914 [omNode-2-impl-thread1] INFO  server.RaftServerConfigKeys (ConfUtils.java:logGet(46)) - raft.server.log.queue.element-limit = 4096 (default)
2025-04-23 04:28:57,914 [omNode-2-impl-thread1] INFO  server.RaftServerConfigKeys (ConfUtils.java:logGet(46)) - raft.server.log.segment.size.max = 4194304 (custom)
2025-04-23 04:28:57,914 [omNode-2-impl-thread1] INFO  server.RaftServerConfigKeys (ConfUtils.java:logGet(46)) - raft.server.log.preallocated.size = 4194304 (custom)
2025-04-23 04:28:57,914 [omNode-2-impl-thread1] INFO  server.RaftServerConfigKeys (ConfUtils.java:logGet(46)) - raft.server.log.force.sync.num = 128 (default)
2025-04-23 04:28:57,914 [omNode-2-impl-thread1] INFO  server.RaftServerConfigKeys (ConfUtils.java:logGet(46)) - raft.server.log.statemachine.data.sync = true (default)
2025-04-23 04:28:57,914 [omNode-2-impl-thread1] INFO  server.RaftServerConfigKeys (ConfUtils.java:logGet(46)) - raft.server.log.statemachine.data.sync.timeout = 10s (default)
2025-04-23 04:28:57,914 [omNode-2-impl-thread1] INFO  server.RaftServerConfigKeys (ConfUtils.java:logGet(46)) - raft.server.log.statemachine.data.sync.timeout.retry = -1 (default)
2025-04-23 04:28:57,914 [omNode-2-impl-thread1] INFO  server.RaftServerConfigKeys (ConfUtils.java:logGet(46)) - raft.server.log.write.buffer.size = 4194312 (custom)
2025-04-23 04:28:57,914 [omNode-2-impl-thread1] INFO  server.RaftServerConfigKeys (ConfUtils.java:logGet(46)) - raft.server.log.appender.buffer.byte-limit = 4194304 (custom)
2025-04-23 04:28:57,914 [omNode-2-impl-thread1] INFO  server.RaftServerConfigKeys (ConfUtils.java:logGet(46)) - raft.server.log.unsafe-flush.enabled = false (default)
2025-04-23 04:28:57,915 [omNode-2-impl-thread1] INFO  server.RaftServerConfigKeys (ConfUtils.java:logGet(46)) - raft.server.log.async-flush.enabled = false (default)
2025-04-23 04:28:57,915 [omNode-2-impl-thread1] INFO  server.RaftServerConfigKeys (ConfUtils.java:logGet(46)) - raft.server.log.statemachine.data.caching.enabled = false (default)
2025-04-23 04:28:57,915 [omNode-2-impl-thread1] INFO  server.RaftServer$Division (ServerState.java:setRaftConf(386)) - omNode-2@group-523986131536: set configuration conf: {index: 313, cur=peers:[omNode-3|localhost:15017, omNode-1|localhost:15009, omNode-2|localhost:15013]|listeners:[], old=null}
2025-04-23 04:28:57,915 [omNode-2-impl-thread1] INFO  segmented.LogSegment (LogSegment.java:loadSegment(171)) - Successfully read 12 entries from segment file /home/runner/work/ozone/ozone/hadoop-ozone/integration-test/target/test-dir/MiniOzoneClusterImpl-ff59c164-3798-4a7f-a16d-eeed9ffb3244/omNode-2/ratis/c9bc4cf4-3bc3-3c60-a66b-523986131536/current/log_inprogress_313
2025-04-23 04:28:57,915 [omNode-2-impl-thread1] INFO  segmented.SegmentedRaftLogWorker (SegmentedRaftLogWorker.java:lambda$new$0(139)) - omNode-2@group-523986131536-SegmentedRaftLogWorker: flushIndex: setUnconditionally 0 -> 324
2025-04-23 04:28:57,915 [omNode-2-impl-thread1] INFO  segmented.SegmentedRaftLogWorker (SegmentedRaftLogWorker.java:lambda$new$0(139)) - omNode-2@group-523986131536-SegmentedRaftLogWorker: safeCacheEvictIndex: setUnconditionally 0 -> -1
2025-04-23 04:28:57,915 [omNode-2-impl-thread1] INFO  segmented.BufferedWriteChannel (BufferedWriteChannel.java:open(61)) - open log_inprogress_313 (append) at position 2093
2025-04-23 04:28:57,916 [omNode-2-impl-thread1] INFO  raftlog.RaftLog (RaftLogBase.java:lambda$new$0(54)) - omNode-2@group-523986131536-SegmentedRaftLog: purgeIndex: updateToMax old=-1, new=312, updated? true
2025-04-23 04:28:57,916 [omNode-2-impl-thread1] INFO  server.RaftServer$Division (RaftServerImpl.java:start(391)) - omNode-2@group-523986131536: start as a follower, conf=conf: {index: 313, cur=peers:[omNode-3|localhost:15017, omNode-1|localhost:15009, omNode-2|localhost:15013]|listeners:[], old=null}
2025-04-23 04:28:57,916 [omNode-2-impl-thread1] INFO  server.RaftServer$Division (RaftServerImpl.java:setRole(378)) - omNode-2@group-523986131536: changes role from      null to FOLLOWER at term 14 for startAsFollower
2025-04-23 04:28:57,916 [omNode-2-impl-thread1] INFO  impl.RoleInfo (RoleInfo.java:updateAndGet(148)) - omNode-2: start omNode-2@group-523986131536-FollowerState
2025-04-23 04:28:57,916 [omNode-2-impl-thread1] INFO  util.JmxRegister (JmxRegister.java:tryRegister(44)) - Successfully registered JMX Bean with object name Ratis:service=RaftServer,group=group-523986131536,id=omNode-2
2025-04-23 04:28:57,916 [omNode-2-impl-thread1] INFO  util.JmxRegister (JmxRegister.java:register(58)) - register mxBean class org.apache.ratis.server.impl.RaftServerJmxAdapter as Ratis:service=RaftServer,group=group-523986131536,id=omNode-2
2025-04-23 04:28:57,916 [omNode-2-impl-thread1] INFO  server.RaftServerConfigKeys (ConfUtils.java:logGet(46)) - raft.server.snapshot.trigger-when-stop.enabled = true (default)
2025-04-23 04:28:57,916 [omNode-2@group-523986131536-FollowerState] INFO  server.RaftServerConfigKeys (ConfUtils.java:logFallback(53)) - raft.server.rpc.first-election.timeout.min = 1s (fallback to raft.server.rpc.timeout.min)
2025-04-23 04:28:57,916 [omNode-2-impl-thread1] INFO  server.RaftServerConfigKeys (ConfUtils.java:logGet(46)) - raft.server.snapshot.trigger-when-remove.enabled = true (default)
2025-04-23 04:28:57,916 [omNode-2-impl-thread1] INFO  server.RaftServerConfigKeys (ConfUtils.java:logGet(46)) - raft.server.snapshot.auto.trigger.enabled = true (custom)
2025-04-23 04:28:57,916 [omNode-2-impl-thread1] INFO  server.RaftServerConfigKeys (ConfUtils.java:logGet(46)) - raft.server.snapshot.auto.trigger.threshold = 50 (custom)
2025-04-23 04:28:57,916 [omNode-2-impl-thread1] INFO  server.RaftServerConfigKeys (ConfUtils.java:logGet(46)) - raft.server.snapshot.retention.file.num = -1 (default)
2025-04-23 04:28:57,916 [omNode-2-impl-thread1] INFO  server.RaftServerConfigKeys (ConfUtils.java:logGet(46)) - raft.server.log.purge.upto.snapshot.index = true (custom)
2025-04-23 04:28:57,916 [omNode-2@group-523986131536-FollowerState] INFO  server.RaftServerConfigKeys (ConfUtils.java:logFallback(53)) - raft.server.rpc.first-election.timeout.max = 1200ms (fallback to raft.server.rpc.timeout.max)
2025-04-23 04:28:57,917 [omNode-2-impl-thread1] INFO  server.RaftServer$Division (RaftServerImpl.java:start(405)) - omNode-2@group-523986131536: Successfully started.
2025-04-23 04:28:57,917 [main] INFO  server.RaftServer (RaftServerProxy.java:startImpl(407)) - omNode-2: start RPC server
2025-04-23 04:28:57,918 [main] INFO  server.GrpcService (GrpcService.java:startImpl(334)) - omNode-2: GrpcService started, listening on 15013
2025-04-23 04:28:57,918 [main] INFO  om.OzoneManager (OzoneManager.java:getRpcServer(1360)) - Creating RPC Server
2025-04-23 04:28:57,918 [JvmPauseMonitor34] INFO  util.JvmPauseMonitor (JvmPauseMonitor.java:run(146)) - JvmPauseMonitor-omNode-2: Started
2025-04-23 04:28:58,029 [omNode-3@group-523986131536-FollowerState] INFO  impl.FollowerState (FollowerState.java:runImpl(161)) - omNode-3@group-523986131536-FollowerState: change to CANDIDATE, lastRpcElapsedTime:1031367590ns, electionTimeout:1025ms
2025-04-23 04:28:58,029 [omNode-3@group-523986131536-FollowerState] INFO  impl.RoleInfo (RoleInfo.java:shutdownFollowerState(121)) - omNode-3: shutdown omNode-3@group-523986131536-FollowerState
2025-04-23 04:28:58,029 [omNode-3@group-523986131536-FollowerState] INFO  server.RaftServer$Division (RaftServerImpl.java:setRole(378)) - omNode-3@group-523986131536: changes role from  FOLLOWER to CANDIDATE at term 14 for changeToCandidate
2025-04-23 04:28:58,029 [omNode-3@group-523986131536-FollowerState] INFO  server.RaftServerConfigKeys (ConfUtils.java:logGet(46)) - raft.server.leaderelection.pre-vote = true (default)
2025-04-23 04:28:58,029 [omNode-3@group-523986131536-FollowerState] INFO  impl.RoleInfo (RoleInfo.java:updateAndGet(148)) - omNode-3: start omNode-3@group-523986131536-LeaderElection27
2025-04-23 04:28:58,030 [omNode-3@group-523986131536-LeaderElection27] INFO  impl.LeaderElection (LeaderElection.java:askForVotes(332)) - omNode-3@group-523986131536-LeaderElection27 PRE_VOTE round 0: submit vote requests at term 14 for conf: {index: 313, cur=peers:[omNode-3|localhost:15017, omNode-1|localhost:15009, omNode-2|localhost:15013]|listeners:[], old=null}
2025-04-23 04:28:58,031 [omNode-3@group-523986131536-LeaderElection27] INFO  server.RaftServerConfigKeys (ConfUtils.java:logFallback(53)) - raft.server.rpc.first-election.timeout.min = 1s (fallback to raft.server.rpc.timeout.min)
2025-04-23 04:28:58,031 [omNode-3@group-523986131536-LeaderElection27] INFO  server.RaftServerConfigKeys (ConfUtils.java:logFallback(53)) - raft.server.rpc.first-election.timeout.max = 1200ms (fallback to raft.server.rpc.timeout.max)
2025-04-23 04:28:58,031 [omNode-3@group-523986131536-LeaderElection27-1] INFO  server.GrpcServerProtocolClient (GrpcServerProtocolClient.java:<init>(65)) - Build channel for omNode-1|localhost:15009
2025-04-23 04:28:58,031 [omNode-3@group-523986131536-LeaderElection27-2] INFO  server.GrpcServerProtocolClient (GrpcServerProtocolClient.java:<init>(65)) - Build channel for omNode-2|localhost:15013
2025-04-23 04:28:58,038 [grpc-default-executor-2] INFO  server.RaftServer$Division (RaftServerImpl.java:requestVote(1407)) - omNode-1@group-523986131536: receive requestVote(PRE_VOTE, omNode-3, group-523986131536, 14, (t:14, i:324))
2025-04-23 04:28:58,038 [grpc-default-executor-2] INFO  impl.VoteContext (VoteContext.java:log(49)) - omNode-1@group-523986131536-FOLLOWER: accept PRE_VOTE from omNode-3: our last entry (t:13, i:312) < candidate's last entry (t:14, i:324)
2025-04-23 04:28:58,038 [grpc-default-executor-2] INFO  server.RaftServer$Division (RaftServerImpl.java:requestVote(1441)) - omNode-1@group-523986131536 replies to PRE_VOTE vote request: omNode-3<-omNode-1#0:OK-t13. Peer's state: omNode-1@group-523986131536:t13, leader=null, voted=omNode-1, raftlog=Memoized:omNode-1@group-523986131536-SegmentedRaftLog:OPENED:c312:last(t:13, i:312), conf=conf: {index: 311, cur=peers:[omNode-3|localhost:15017, omNode-1|localhost:15009, omNode-2|localhost:15013]|listeners:[], old=null}
2025-04-23 04:28:58,040 [omNode-3@group-523986131536-LeaderElection27] INFO  impl.LeaderElection (LeaderElection.java:logAndReturn(90)) - omNode-3@group-523986131536-LeaderElection27: PRE_VOTE PASSED received 1 response(s) and 0 exception(s):
2025-04-23 04:28:58,040 [omNode-3@group-523986131536-LeaderElection27] INFO  impl.LeaderElection (LeaderElection.java:logAndReturn(94)) -   Response 0: omNode-3<-omNode-1#0:OK-t13
2025-04-23 04:28:58,040 [omNode-3@group-523986131536-LeaderElection27] INFO  impl.LeaderElection (LeaderElection.java:askForVotes(334)) - omNode-3@group-523986131536-LeaderElection27 PRE_VOTE round 0: result PASSED
2025-04-23 04:28:58,042 [omNode-3@group-523986131536-LeaderElection27] INFO  impl.LeaderElection (LeaderElection.java:askForVotes(332)) - omNode-3@group-523986131536-LeaderElection27 ELECTION round 0: submit vote requests at term 15 for conf: {index: 313, cur=peers:[omNode-3|localhost:15017, omNode-1|localhost:15009, omNode-2|localhost:15013]|listeners:[], old=null}
2025-04-23 04:28:58,044 [omNode-3@group-523986131536-LeaderElection27] INFO  server.RaftServerConfigKeys (ConfUtils.java:logFallback(53)) - raft.server.rpc.first-election.timeout.min = 1s (fallback to raft.server.rpc.timeout.min)
2025-04-23 04:28:58,044 [omNode-3@group-523986131536-LeaderElection27] INFO  server.RaftServerConfigKeys (ConfUtils.java:logFallback(53)) - raft.server.rpc.first-election.timeout.max = 1200ms (fallback to raft.server.rpc.timeout.max)
2025-04-23 04:28:58,045 [grpc-default-executor-6] INFO  server.RaftServer$Division (RaftServerImpl.java:requestVote(1407)) - omNode-2@group-523986131536: receive requestVote(ELECTION, omNode-3, group-523986131536, 15, (t:14, i:324))
2025-04-23 04:28:58,045 [grpc-default-executor-6] INFO  impl.VoteContext (VoteContext.java:log(49)) - omNode-2@group-523986131536-FOLLOWER: accept ELECTION from omNode-3: our priority 0 <= candidate's priority 0
2025-04-23 04:28:58,045 [grpc-default-executor-6] INFO  server.RaftServer$Division (RaftServerImpl.java:setRole(378)) - omNode-2@group-523986131536: changes role from  FOLLOWER to FOLLOWER at term 14 for candidate:omNode-3
2025-04-23 04:28:58,045 [grpc-default-executor-6] INFO  impl.RoleInfo (RoleInfo.java:shutdownFollowerState(121)) - omNode-2: shutdown omNode-2@group-523986131536-FollowerState
2025-04-23 04:28:58,046 [grpc-default-executor-6] INFO  impl.RoleInfo (RoleInfo.java:updateAndGet(148)) - omNode-2: start omNode-2@group-523986131536-FollowerState
2025-04-23 04:28:58,046 [grpc-default-executor-6] INFO  server.RaftServer$Division (RaftServerImpl.java:setFirstElection(562)) - omNode-2@group-523986131536: set firstElectionSinceStartup to false for candidate:omNode-3
2025-04-23 04:28:58,046 [grpc-default-executor-2] INFO  server.RaftServer$Division (RaftServerImpl.java:requestVote(1407)) - omNode-1@group-523986131536: receive requestVote(ELECTION, omNode-3, group-523986131536, 15, (t:14, i:324))
2025-04-23 04:28:58,047 [grpc-default-executor-2] INFO  impl.VoteContext (VoteContext.java:log(49)) - omNode-1@group-523986131536-FOLLOWER: accept ELECTION from omNode-3: our last entry (t:13, i:312) < candidate's last entry (t:14, i:324)
2025-04-23 04:28:58,047 [grpc-default-executor-2] INFO  server.RaftServer$Division (RaftServerImpl.java:setRole(378)) - omNode-1@group-523986131536: changes role from  FOLLOWER to FOLLOWER at term 13 for candidate:omNode-3
2025-04-23 04:28:58,047 [grpc-default-executor-2] INFO  impl.RoleInfo (RoleInfo.java:shutdownFollowerState(121)) - omNode-1: shutdown omNode-1@group-523986131536-FollowerState
2025-04-23 04:28:58,047 [grpc-default-executor-2] INFO  impl.RoleInfo (RoleInfo.java:updateAndGet(148)) - omNode-1: start omNode-1@group-523986131536-FollowerState
2025-04-23 04:28:58,047 [omNode-1@group-523986131536-FollowerState] INFO  impl.FollowerState (FollowerState.java:runImpl(170)) - omNode-1@group-523986131536-FollowerState was interrupted
2025-04-23 04:28:58,047 [omNode-2@group-523986131536-FollowerState] INFO  impl.FollowerState (FollowerState.java:runImpl(170)) - omNode-2@group-523986131536-FollowerState was interrupted
2025-04-23 04:28:58,047 [omNode-1@group-523986131536-FollowerState] INFO  server.RaftServerConfigKeys (ConfUtils.java:logFallback(53)) - raft.server.rpc.first-election.timeout.min = 1s (fallback to raft.server.rpc.timeout.min)
2025-04-23 04:28:58,047 [omNode-1@group-523986131536-FollowerState] INFO  server.RaftServerConfigKeys (ConfUtils.java:logFallback(53)) - raft.server.rpc.first-election.timeout.max = 1200ms (fallback to raft.server.rpc.timeout.max)
2025-04-23 04:28:58,047 [grpc-default-executor-2] INFO  server.RaftServer$Division (RaftServerImpl.java:setFirstElection(562)) - omNode-1@group-523986131536: set firstElectionSinceStartup to false for candidate:omNode-3
2025-04-23 04:28:58,049 [grpc-default-executor-6] INFO  server.RaftServer$Division (RaftServerImpl.java:requestVote(1441)) - omNode-2@group-523986131536 replies to ELECTION vote request: omNode-3<-omNode-2#0:OK-t15. Peer's state: omNode-2@group-523986131536:t15, leader=null, voted=omNode-3, raftlog=Memoized:omNode-2@group-523986131536-SegmentedRaftLog:OPENED:c323:last(t:14, i:324), conf=conf: {index: 313, cur=peers:[omNode-3|localhost:15017, omNode-1|localhost:15009, omNode-2|localhost:15013]|listeners:[], old=null}
2025-04-23 04:28:58,050 [grpc-default-executor-2] INFO  server.RaftServer$Division (RaftServerImpl.java:requestVote(1441)) - omNode-1@group-523986131536 replies to ELECTION vote request: omNode-3<-omNode-1#0:OK-t15. Peer's state: omNode-1@group-523986131536:t15, leader=null, voted=omNode-3, raftlog=Memoized:omNode-1@group-523986131536-SegmentedRaftLog:OPENED:c312:last(t:13, i:312), conf=conf: {index: 311, cur=peers:[omNode-3|localhost:15017, omNode-1|localhost:15009, omNode-2|localhost:15013]|listeners:[], old=null}
2025-04-23 04:28:58,052 [omNode-3@group-523986131536-LeaderElection27] INFO  impl.LeaderElection (LeaderElection.java:logAndReturn(90)) - omNode-3@group-523986131536-LeaderElection27: ELECTION PASSED received 1 response(s) and 0 exception(s):
2025-04-23 04:28:58,052 [omNode-3@group-523986131536-LeaderElection27] INFO  impl.LeaderElection (LeaderElection.java:logAndReturn(94)) -   Response 0: omNode-3<-omNode-1#0:OK-t15
2025-04-23 04:28:58,052 [omNode-3@group-523986131536-LeaderElection27] INFO  impl.LeaderElection (LeaderElection.java:askForVotes(334)) - omNode-3@group-523986131536-LeaderElection27 ELECTION round 0: result PASSED
2025-04-23 04:28:58,052 [omNode-3@group-523986131536-LeaderElection27] INFO  impl.RoleInfo (RoleInfo.java:shutdownLeaderElection(141)) - omNode-3: shutdown omNode-3@group-523986131536-LeaderElection27
2025-04-23 04:28:58,052 [omNode-3@group-523986131536-LeaderElection27] INFO  server.RaftServer$Division (RaftServerImpl.java:setRole(378)) - omNode-3@group-523986131536: changes role from CANDIDATE to LEADER at term 15 for changeToLeader
2025-04-23 04:28:58,052 [omNode-3@group-523986131536-LeaderElection27] INFO  server.RaftServerConfigKeys (ConfUtils.java:logGet(46)) - raft.server.staging.catchup.gap = 1000 (default)
2025-04-23 04:28:58,053 [omNode-3@group-523986131536-LeaderElection27] INFO  server.RaftServerConfigKeys (ConfUtils.java:logGet(46)) - raft.server.write.element-limit = 4096 (default)
2025-04-23 04:28:58,053 [omNode-3@group-523986131536-LeaderElection27] INFO  server.RaftServerConfigKeys (ConfUtils.java:logGet(46)) - raft.server.write.byte-limit = 64MB (=67108864) (default)
2025-04-23 04:28:58,053 [omNode-3@group-523986131536-LeaderElection27] INFO  server.RaftServerConfigKeys (ConfUtils.java:logGet(46)) - raft.server.watch.timeout = 10s (default)
2025-04-23 04:28:58,053 [omNode-3@group-523986131536-LeaderElection27] INFO  server.RaftServerConfigKeys (ConfUtils.java:logGet(46)) - raft.server.watch.timeout.denomination = 1s (default)
2025-04-23 04:28:58,053 [omNode-3@group-523986131536-LeaderElection27] INFO  server.RaftServerConfigKeys (ConfUtils.java:logGet(46)) - raft.server.watch.element-limit = 65536 (default)
2025-04-23 04:28:58,054 [omNode-3@group-523986131536-LeaderElection27] INFO  server.RaftServerConfigKeys (ConfUtils.java:logGet(46)) - raft.server.read.leader.lease.enabled = false (default)
2025-04-23 04:28:58,054 [omNode-3@group-523986131536-LeaderElection27] INFO  server.RaftServerConfigKeys (ConfUtils.java:logGet(46)) - raft.server.read.leader.lease.timeout.ratio = 0.9 (default)
2025-04-23 04:28:58,054 [omNode-3@group-523986131536-LeaderElection27] INFO  server.RaftServerConfigKeys (ConfUtils.java:logGet(46)) - raft.server.rpc.timeout.min = 1s (custom)
2025-04-23 04:28:58,054 [omNode-3@group-523986131536-LeaderElection27] INFO  server.RaftServerConfigKeys (ConfUtils.java:logGet(46)) - raft.server.log.log-metadata.enabled = true (default)
2025-04-23 04:28:58,054 [omNode-3@group-523986131536-LeaderElection27] INFO  server.RaftServerConfigKeys (ConfUtils.java:logGet(46)) - raft.server.write.element-limit = 4096 (default)
2025-04-23 04:28:58,054 [omNode-3@group-523986131536-LeaderElection27] INFO  server.RaftServerConfigKeys (ConfUtils.java:logGet(46)) - raft.server.write.follower.gap.ratio.max = -1.0 (default)
2025-04-23 04:28:58,054 [omNode-3@group-523986131536-LeaderElection27] INFO  server.RaftServerConfigKeys (ConfUtils.java:logGet(46)) - raft.server.log.appender.snapshot.chunk.size.max = 16MB (=16777216) (default)
2025-04-23 04:28:58,055 [omNode-3@group-523986131536-LeaderElection27] INFO  server.RaftServerConfigKeys (ConfUtils.java:logGet(46)) - raft.server.log.appender.buffer.byte-limit = 4194304 (custom)
2025-04-23 04:28:58,055 [omNode-3@group-523986131536-LeaderElection27] INFO  server.RaftServerConfigKeys (ConfUtils.java:logGet(46)) - raft.server.log.appender.buffer.element-limit = 1024 (custom)
2025-04-23 04:28:58,055 [omNode-3@group-523986131536-LeaderElection27] INFO  server.RaftServerConfigKeys (ConfUtils.java:logGet(46)) - raft.server.log.appender.wait-time.min = 0ms (custom)
2025-04-23 04:28:58,055 [omNode-3@group-523986131536-LeaderElection27] INFO  grpc.GrpcConfigKeys (ConfUtils.java:logGet(46)) - raft.grpc.server.leader.outstanding.appends.max = 8 (default)
2025-04-23 04:28:58,055 [omNode-3@group-523986131536-LeaderElection27] INFO  server.RaftServerConfigKeys (ConfUtils.java:logGet(46)) - raft.server.rpc.request.timeout = 3000ms (default)
2025-04-23 04:28:58,055 [omNode-3@group-523986131536-LeaderElection27] INFO  grpc.GrpcConfigKeys (ConfUtils.java:logGet(46)) - raft.grpc.server.install_snapshot.request.element-limit = 8 (default)
2025-04-23 04:28:58,055 [omNode-3@group-523986131536-LeaderElection27] INFO  grpc.GrpcConfigKeys (ConfUtils.java:logGet(46)) - raft.grpc.server.install_snapshot.request.timeout = 3000ms (default)
2025-04-23 04:28:58,055 [omNode-3@group-523986131536-LeaderElection27] INFO  grpc.GrpcConfigKeys (ConfUtils.java:logGet(46)) - raft.grpc.server.log-message.batch.duration = 5s (default)
2025-04-23 04:28:58,055 [omNode-3@group-523986131536-LeaderElection27] INFO  server.RaftServerConfigKeys (ConfUtils.java:logGet(46)) - raft.server.log.appender.install.snapshot.enabled = false (custom)
2025-04-23 04:28:58,055 [omNode-3@group-523986131536-LeaderElection27] INFO  grpc.GrpcConfigKeys (ConfUtils.java:logGet(46)) - raft.grpc.server.heartbeat.channel = true (default)
2025-04-23 04:28:58,059 [omNode-3@group-523986131536-LeaderElection27] INFO  server.RaftServerConfigKeys (ConfUtils.java:logGet(46)) - raft.server.log.appender.snapshot.chunk.size.max = 16MB (=16777216) (default)
2025-04-23 04:28:58,060 [omNode-3@group-523986131536-LeaderElection27] INFO  server.RaftServerConfigKeys (ConfUtils.java:logGet(46)) - raft.server.log.appender.buffer.byte-limit = 4194304 (custom)
2025-04-23 04:28:58,060 [omNode-3@group-523986131536-LeaderElection27] INFO  server.RaftServerConfigKeys (ConfUtils.java:logGet(46)) - raft.server.log.appender.buffer.element-limit = 1024 (custom)
2025-04-23 04:28:58,060 [omNode-3@group-523986131536-LeaderElection27] INFO  server.RaftServerConfigKeys (ConfUtils.java:logGet(46)) - raft.server.log.appender.wait-time.min = 0ms (custom)
2025-04-23 04:28:58,060 [omNode-3@group-523986131536-LeaderElection27] INFO  grpc.GrpcConfigKeys (ConfUtils.java:logGet(46)) - raft.grpc.server.leader.outstanding.appends.max = 8 (default)
2025-04-23 04:28:58,060 [omNode-3@group-523986131536-LeaderElection27] INFO  server.RaftServerConfigKeys (ConfUtils.java:logGet(46)) - raft.server.rpc.request.timeout = 3000ms (default)
2025-04-23 04:28:58,060 [omNode-3@group-523986131536-LeaderElection27] INFO  grpc.GrpcConfigKeys (ConfUtils.java:logGet(46)) - raft.grpc.server.install_snapshot.request.element-limit = 8 (default)
2025-04-23 04:28:58,060 [omNode-3@group-523986131536-LeaderElection27] INFO  grpc.GrpcConfigKeys (ConfUtils.java:logGet(46)) - raft.grpc.server.install_snapshot.request.timeout = 3000ms (default)
2025-04-23 04:28:58,060 [omNode-3@group-523986131536-LeaderElection27] INFO  grpc.GrpcConfigKeys (ConfUtils.java:logGet(46)) - raft.grpc.server.log-message.batch.duration = 5s (default)
2025-04-23 04:28:58,060 [omNode-3@group-523986131536-LeaderElection27] INFO  server.RaftServerConfigKeys (ConfUtils.java:logGet(46)) - raft.server.log.appender.install.snapshot.enabled = false (custom)
2025-04-23 04:28:58,060 [omNode-3@group-523986131536-LeaderElection27] INFO  grpc.GrpcConfigKeys (ConfUtils.java:logGet(46)) - raft.grpc.server.heartbeat.channel = true (default)
2025-04-23 04:28:58,060 [omNode-3@group-523986131536-LeaderElection27] INFO  impl.RoleInfo (RoleInfo.java:updateAndGet(148)) - omNode-3: start omNode-3@group-523986131536-LeaderStateImpl
2025-04-23 04:28:58,060 [omNode-3@group-523986131536-LeaderElection27] INFO  server.RaftServer$Division (RaftServerImpl.java:setFirstElection(562)) - omNode-3@group-523986131536: set firstElectionSinceStartup to false for becomeLeader
2025-04-23 04:28:58,061 [omNode-3@group-523986131536-LeaderElection27] INFO  ratis.OzoneManagerStateMachine (OzoneManagerStateMachine.java:notifyLeaderChanged(169)) - omNode-3@group-523986131536: leader changed to omNode-3
2025-04-23 04:28:58,061 [omNode-3@group-523986131536-LeaderElection27] INFO  server.RaftServer$Division (ServerState.java:setLeader(272)) - omNode-3@group-523986131536: change Leader from null to omNode-3 at term 15 for becomeLeader, leader elected after 1070ms
2025-04-23 04:28:58,061 [omNode-3@group-523986131536-LeaderElection27] INFO  segmented.SegmentedRaftLogWorker (SegmentedRaftLogWorker.java:rollLogSegment(443)) - omNode-3@group-523986131536-SegmentedRaftLogWorker: Rolling segment log-313_324 to index:324
2025-04-23 04:28:58,061 [omNode-3@group-523986131536-SegmentedRaftLogWorker] INFO  segmented.SegmentedRaftLogWorker (SegmentedRaftLogWorker.java:execute(601)) - omNode-3@group-523986131536-SegmentedRaftLogWorker: Rolled log segment from /home/runner/work/ozone/ozone/hadoop-ozone/integration-test/target/test-dir/MiniOzoneClusterImpl-ff59c164-3798-4a7f-a16d-eeed9ffb3244/omNode-3/ratis/c9bc4cf4-3bc3-3c60-a66b-523986131536/current/log_inprogress_313 to /home/runner/work/ozone/ozone/hadoop-ozone/integration-test/target/test-dir/MiniOzoneClusterImpl-ff59c164-3798-4a7f-a16d-eeed9ffb3244/omNode-3/ratis/c9bc4cf4-3bc3-3c60-a66b-523986131536/current/log_313-324
2025-04-23 04:28:58,062 [omNode-3@group-523986131536-SegmentedRaftLogWorker] INFO  segmented.BufferedWriteChannel (BufferedWriteChannel.java:open(61)) - open log_inprogress_325 at position 0
2025-04-23 04:28:58,064 [omNode-3@group-523986131536-LeaderElection27] INFO  server.RaftServer$Division (ServerState.java:setRaftConf(386)) - omNode-3@group-523986131536: set configuration conf: {index: 325, cur=peers:[omNode-3|localhost:15017, omNode-1|localhost:15009, omNode-2|localhost:15013]|listeners:[], old=null}
2025-04-23 04:28:58,073 [omNode-3@group-523986131536-SegmentedRaftLogWorker] INFO  segmented.SegmentedRaftLogWorker (SegmentedRaftLogWorker.java:execute(644)) - omNode-3@group-523986131536-SegmentedRaftLogWorker: created new log segment /home/runner/work/ozone/ozone/hadoop-ozone/integration-test/target/test-dir/MiniOzoneClusterImpl-ff59c164-3798-4a7f-a16d-eeed9ffb3244/omNode-3/ratis/c9bc4cf4-3bc3-3c60-a66b-523986131536/current/log_inprogress_325
2025-04-23 04:28:58,074 [omNode-2-server-thread1] INFO  ratis.OzoneManagerStateMachine (OzoneManagerStateMachine.java:notifyLeaderChanged(169)) - omNode-2@group-523986131536: leader changed to omNode-3
2025-04-23 04:28:58,074 [omNode-2-server-thread1] INFO  server.RaftServer$Division (ServerState.java:setLeader(272)) - omNode-2@group-523986131536: change Leader from null to omNode-3 at term 15 for appendEntries, leader elected after 166ms
2025-04-23 04:28:58,076 [omNode-1-server-thread1] INFO  ratis.OzoneManagerStateMachine (OzoneManagerStateMachine.java:notifyLeaderChanged(169)) - omNode-1@group-523986131536: leader changed to omNode-3
2025-04-23 04:28:58,077 [omNode-1-server-thread1] INFO  server.RaftServer$Division (ServerState.java:setLeader(272)) - omNode-1@group-523986131536: change Leader from null to omNode-3 at term 15 for appendEntries, leader elected after 633ms
2025-04-23 04:28:58,077 [omNode-1-server-thread1] INFO  server.RaftServer$Division (RaftServerImpl.java:checkInconsistentAppendEntries(1648)) - omNode-1@group-523986131536: Failed appendEntries as previous log entry ((t:14, i:324)) is not found
2025-04-23 04:28:58,077 [omNode-1-server-thread1] INFO  server.RaftServer$Division (RaftServerImpl.java:appendEntriesAsync(1580)) - omNode-1@group-523986131536: appendEntries* reply omNode-3<-omNode-1#0:FAIL-t15,INCONSISTENCY,nextIndex=313,followerCommit=312,matchIndex=-1
2025-04-23 04:28:58,078 [grpc-default-executor-2] WARN  server.GrpcLogAppender (GrpcLogAppender.java:onNextImpl(519)) - omNode-3@group-523986131536->omNode-1-AppendLogResponseHandler: received INCONSISTENCY reply with nextIndex 313, errorCount=1, request=AppendEntriesRequest:cid=0,entriesCount=0
2025-04-23 04:28:58,078 [grpc-default-executor-2] INFO  leader.FollowerInfo (FollowerInfoImpl.java:info(70)) - omNode-3@group-523986131536->omNode-1: setNextIndex nextIndex: updateUnconditionally 326 -> 313
2025-04-23 04:28:58,078 [omNode-3@group-523986131536->omNode-1-GrpcLogAppender-LogAppenderDaemon] WARN  leader.LogAppenderDaemon (LogAppenderDaemon.java:run(89)) - omNode-3@group-523986131536->omNode-1-GrpcLogAppender-LogAppenderDaemon failed
java.lang.NullPointerException: omNode-3@group-523986131536->omNode-1: Previous TermIndex not found for firstIndex = 313
	at java.base/java.util.Objects.requireNonNull(Objects.java:360)
	at org.apache.ratis.server.leader.LogAppenderBase.assertProtos(LogAppenderBase.java:267)
	at org.apache.ratis.server.leader.LogAppenderBase.newAppendEntriesRequest(LogAppenderBase.java:252)
	at org.apache.ratis.grpc.server.GrpcLogAppender.appendLog(GrpcLogAppender.java:387)
	at org.apache.ratis.grpc.server.GrpcLogAppender.run(GrpcLogAppender.java:262)
	at org.apache.ratis.server.leader.LogAppenderDaemon.run(LogAppenderDaemon.java:80)
	at java.base/java.lang.Thread.run(Thread.java:1583)
2025-04-23 04:28:58,078 [omNode-1-server-thread1] INFO  server.RaftServer$Division (RaftServerImpl.java:checkInconsistentAppendEntries(1648)) - omNode-1@group-523986131536: Failed appendEntries as previous log entry ((t:14, i:324)) is not found
2025-04-23 04:28:58,078 [omNode-1-server-thread1] INFO  server.RaftServer$Division (RaftServerImpl.java:appendEntriesAsync(1580)) - omNode-1@group-523986131536: appendEntries* reply omNode-3<-omNode-1#1:FAIL-t15,INCONSISTENCY,nextIndex=313,followerCommit=312,matchIndex=-1
2025-04-23 04:28:58,078 [omNode-3@group-523986131536->omNode-1-GrpcLogAppender-LogAppenderDaemon] INFO  server.RaftServer$Division (LeaderStateImpl.java:restart(682)) - omNode-3@group-523986131536-LeaderStateImpl: Restarting GrpcLogAppender for omNode-3@group-523986131536->omNode-1
2025-04-23 04:28:58,079 [omNode-3@group-523986131536->omNode-1-GrpcLogAppender-LogAppenderDaemon] INFO  server.RaftServerConfigKeys (ConfUtils.java:logGet(46)) - raft.server.log.appender.snapshot.chunk.size.max = 16MB (=16777216) (default)
2025-04-23 04:28:58,079 [omNode-2-server-thread3] INFO  server.RaftServer$Division (ServerState.java:setRaftConf(386)) - omNode-2@group-523986131536: set configuration conf: {index: 325, cur=peers:[omNode-3|localhost:15017, omNode-1|localhost:15009, omNode-2|localhost:15013]|listeners:[], old=null}
2025-04-23 04:28:58,079 [omNode-2-server-thread3] INFO  segmented.SegmentedRaftLogWorker (SegmentedRaftLogWorker.java:rollLogSegment(443)) - omNode-2@group-523986131536-SegmentedRaftLogWorker: Rolling segment log-313_324 to index:324
2025-04-23 04:28:58,080 [omNode-2@group-523986131536-SegmentedRaftLogWorker] INFO  segmented.SegmentedRaftLogWorker (SegmentedRaftLogWorker.java:execute(601)) - omNode-2@group-523986131536-SegmentedRaftLogWorker: Rolled log segment from /home/runner/work/ozone/ozone/hadoop-ozone/integration-test/target/test-dir/MiniOzoneClusterImpl-ff59c164-3798-4a7f-a16d-eeed9ffb3244/omNode-2/ratis/c9bc4cf4-3bc3-3c60-a66b-523986131536/current/log_inprogress_313 to /home/runner/work/ozone/ozone/hadoop-ozone/integration-test/target/test-dir/MiniOzoneClusterImpl-ff59c164-3798-4a7f-a16d-eeed9ffb3244/omNode-2/ratis/c9bc4cf4-3bc3-3c60-a66b-523986131536/current/log_313-324
2025-04-23 04:28:58,080 [omNode-2@group-523986131536-SegmentedRaftLogWorker] INFO  segmented.BufferedWriteChannel (BufferedWriteChannel.java:open(61)) - open log_inprogress_325 at position 0
2025-04-23 04:28:58,079 [omNode-3@group-523986131536->omNode-1-GrpcLogAppender-LogAppenderDaemon] INFO  server.RaftServerConfigKeys (ConfUtils.java:logGet(46)) - raft.server.log.appender.buffer.byte-limit = 4194304 (custom)
2025-04-23 04:28:58,080 [omNode-3@group-523986131536->omNode-1-GrpcLogAppender-LogAppenderDaemon] INFO  server.RaftServerConfigKeys (ConfUtils.java:logGet(46)) - raft.server.log.appender.buffer.element-limit = 1024 (custom)
2025-04-23 04:28:58,080 [omNode-3@group-523986131536->omNode-1-GrpcLogAppender-LogAppenderDaemon] INFO  server.RaftServerConfigKeys (ConfUtils.java:logGet(46)) - raft.server.log.appender.wait-time.min = 0ms (custom)
2025-04-23 04:28:58,080 [omNode-3@group-523986131536->omNode-1-GrpcLogAppender-LogAppenderDaemon] INFO  grpc.GrpcConfigKeys (ConfUtils.java:logGet(46)) - raft.grpc.server.leader.outstanding.appends.max = 8 (default)
2025-04-23 04:28:58,080 [omNode-3@group-523986131536->omNode-1-GrpcLogAppender-LogAppenderDaemon] INFO  server.RaftServerConfigKeys (ConfUtils.java:logGet(46)) - raft.server.rpc.request.timeout = 3000ms (default)
2025-04-23 04:28:58,080 [omNode-3@group-523986131536->omNode-1-GrpcLogAppender-LogAppenderDaemon] INFO  grpc.GrpcConfigKeys (ConfUtils.java:logGet(46)) - raft.grpc.server.install_snapshot.request.element-limit = 8 (default)
2025-04-23 04:28:58,081 [omNode-3@group-523986131536->omNode-1-GrpcLogAppender-LogAppenderDaemon] INFO  grpc.GrpcConfigKeys (ConfUtils.java:logGet(46)) - raft.grpc.server.install_snapshot.request.timeout = 3000ms (default)
2025-04-23 04:28:58,081 [omNode-3@group-523986131536->omNode-1-GrpcLogAppender-LogAppenderDaemon] INFO  grpc.GrpcConfigKeys (ConfUtils.java:logGet(46)) - raft.grpc.server.log-message.batch.duration = 5s (default)
2025-04-23 04:28:58,081 [omNode-3@group-523986131536->omNode-1-GrpcLogAppender-LogAppenderDaemon] INFO  server.RaftServerConfigKeys (ConfUtils.java:logGet(46)) - raft.server.log.appender.install.snapshot.enabled = false (custom)
2025-04-23 04:28:58,081 [omNode-3@group-523986131536->omNode-1-GrpcLogAppender-LogAppenderDaemon] INFO  grpc.GrpcConfigKeys (ConfUtils.java:logGet(46)) - raft.grpc.server.heartbeat.channel = true (default)
2025-04-23 04:28:58,079 [grpc-default-executor-6] WARN  server.GrpcLogAppender (GrpcLogAppender.java:onNextImpl(519)) - omNode-3@group-523986131536->omNode-1-AppendLogResponseHandler: received INCONSISTENCY reply with nextIndex 313, errorCount=2, request=null
2025-04-23 04:28:58,084 [omNode-3@group-523986131536->omNode-1-GrpcLogAppender-LogAppenderDaemon] INFO  server.GrpcLogAppender (GrpcLogAppender.java:notifyInstallSnapshot(791)) - omNode-3@group-523986131536->omNode-1-GrpcLogAppender: notifyInstallSnapshot with firstAvailable=(t:14, i:313), followerNextIndex=0
2025-04-23 04:28:58,084 [omNode-3@group-523986131536->omNode-1-GrpcLogAppender-LogAppenderDaemon] INFO  server.GrpcLogAppender (GrpcLogAppender.java:notifyInstallSnapshot(799)) - omNode-3@group-523986131536->omNode-1-GrpcLogAppender: send omNode-3->omNode-1#0-t15,notify:(t:14, i:313)
2025-04-23 04:28:58,087 [grpc-default-executor-6] INFO  impl.SnapshotInstallationHandler (SnapshotInstallationHandler.java:installSnapshot(97)) - omNode-1@group-523986131536: receive installSnapshot: omNode-3->omNode-1#0-t15,notify:(t:14, i:313)
2025-04-23 04:28:58,087 [grpc-default-executor-6] INFO  impl.SnapshotInstallationHandler (SnapshotInstallationHandler.java:notifyStateMachineToInstallSnapshot(258)) - omNode-1@group-523986131536: Received notification to install snapshot at index 313
2025-04-23 04:28:58,087 [grpc-default-executor-6] INFO  impl.SnapshotInstallationHandler (SnapshotInstallationHandler.java:notifyStateMachineToInstallSnapshot(268)) - omNode-1@group-523986131536: InstallSnapshot notification result: ALREADY_INSTALLED, current snapshot index: 312
2025-04-23 04:28:58,087 [grpc-default-executor-6] INFO  impl.SnapshotInstallationHandler (SnapshotInstallationHandler.java:installSnapshotImpl(143)) - omNode-1@group-523986131536: set new configuration index: 325
configurationEntry {
  peers {
    id: "omNode-3"
    address: "localhost:15017"
    startupRole: FOLLOWER
  }
  peers {
    id: "omNode-1"
    address: "localhost:15009"
    startupRole: FOLLOWER
  }
  peers {
    id: "omNode-2"
    address: "localhost:15013"
    startupRole: FOLLOWER
  }
}
 from snapshot
2025-04-23 04:28:58,088 [grpc-default-executor-6] INFO  server.RaftServer$Division (ServerState.java:setRaftConf(386)) - omNode-1@group-523986131536: set configuration conf: {index: 325, cur=peers:[omNode-3|localhost:15017, omNode-1|localhost:15009, omNode-2|localhost:15013]|listeners:[], old=null}
2025-04-23 04:28:58,092 [grpc-default-executor-6] INFO  ratis.OzoneManagerStateMachine (OzoneManagerStateMachine.java:notifyConfigurationChanged(231)) - notifyConfigurationChanged from Ratis: term=0, index=325, New Peer list: omNode-3(localhost:15017), omNode-1(localhost:15009), omNode-2(localhost:15013)
2025-04-23 04:28:58,092 [grpc-default-executor-6] INFO  impl.SnapshotInstallationHandler (SnapshotInstallationHandler.java:installSnapshot(108)) - omNode-1@group-523986131536: reply installSnapshot: omNode-3<-omNode-1#0:OK-t15,ALREADY_INSTALLED,snapshotIndex=312
2025-04-23 04:28:58,093 [grpc-default-executor-6] INFO  server.GrpcServerProtocolService (GrpcServerProtocolService.java:onCompleted(157)) - omNode-1: Completed INSTALL_SNAPSHOT, lastRequest: omNode-3->omNode-1#0-t15,notify:(t:14, i:313)
2025-04-23 04:28:58,093 [grpc-default-executor-6] INFO  server.GrpcServerProtocolService (GrpcServerProtocolService.java:lambda$onCompleted$5(159)) - omNode-1: Completed INSTALL_SNAPSHOT, lastReply: null
2025-04-23 04:28:58,093 [grpc-default-executor-4] INFO  server.GrpcLogAppender (GrpcLogAppender.java:onNext(655)) - omNode-3@group-523986131536->omNode-1-InstallSnapshotResponseHandler: received the first reply omNode-3<-omNode-1#0:OK-t15,ALREADY_INSTALLED,snapshotIndex=312
2025-04-23 04:28:58,093 [grpc-default-executor-4] INFO  server.GrpcLogAppender (GrpcLogAppender.java:onNext(676)) - omNode-3@group-523986131536->omNode-1-InstallSnapshotResponseHandler: Follower snapshot is already at index 312.
2025-04-23 04:28:58,093 [grpc-default-executor-4] INFO  leader.FollowerInfo (FollowerInfoImpl.java:info(64)) - omNode-3@group-523986131536->omNode-1: snapshotIndex: setUnconditionally 0 -> 312
2025-04-23 04:28:58,093 [grpc-default-executor-4] INFO  leader.FollowerInfo (FollowerInfoImpl.java:info(64)) - omNode-3@group-523986131536->omNode-1: matchIndex: setUnconditionally -1 -> 312
2025-04-23 04:28:58,094 [grpc-default-executor-4] INFO  leader.FollowerInfo (FollowerInfoImpl.java:info(64)) - omNode-3@group-523986131536->omNode-1: nextIndex: setUnconditionally 0 -> 313
2025-04-23 04:28:58,094 [grpc-default-executor-4] INFO  leader.FollowerInfo (FollowerInfoImpl.java:setAttemptedToInstallSnapshot(154)) - Follower omNode-3@group-523986131536->omNode-1 acknowledged installing snapshot
2025-04-23 04:28:58,094 [grpc-default-executor-4] INFO  server.GrpcLogAppender (GrpcLogAppender.java:increaseNextIndex(457)) - omNode-3@group-523986131536->omNode-1-GrpcLogAppender: updateNextIndex 313 for ALREADY_INSTALLED
2025-04-23 04:28:58,094 [omNode-2@group-523986131536-SegmentedRaftLogWorker] INFO  segmented.SegmentedRaftLogWorker (SegmentedRaftLogWorker.java:execute(644)) - omNode-2@group-523986131536-SegmentedRaftLogWorker: created new log segment /home/runner/work/ozone/ozone/hadoop-ozone/integration-test/target/test-dir/MiniOzoneClusterImpl-ff59c164-3798-4a7f-a16d-eeed9ffb3244/omNode-2/ratis/c9bc4cf4-3bc3-3c60-a66b-523986131536/current/log_inprogress_325
2025-04-23 04:28:58,097 [omNode-3@group-523986131536-StateMachineUpdater] INFO  ratis.OzoneManagerStateMachine (OzoneManagerStateMachine.java:notifyConfigurationChanged(231)) - notifyConfigurationChanged from Ratis: term=15, index=325, New Peer list: omNode-3(localhost:15017), omNode-1(localhost:15009), omNode-2(localhost:15013)
2025-04-23 04:28:58,097 [omNode-3@group-523986131536-StateMachineUpdater] INFO  server.RaftServer$Division (LeaderStateImpl.java:checkStartIndex(313)) - Leader omNode-3@group-523986131536-LeaderStateImpl is ready since appliedIndex == startIndex == 325
2025-04-23 04:28:58,098 [omNode-2@group-523986131536-StateMachineUpdater] INFO  ratis.OzoneManagerStateMachine (OzoneManagerStateMachine.java:notifyConfigurationChanged(231)) - notifyConfigurationChanged from Ratis: term=15, index=325, New Peer list: omNode-3(localhost:15017), omNode-1(localhost:15009), omNode-2(localhost:15013)
2025-04-23 04:28:58,099 [omNode-1-server-thread2] INFO  server.RaftServer$Division (ServerState.java:setRaftConf(386)) - omNode-1@group-523986131536: set configuration conf: {index: 313, cur=peers:[omNode-3|localhost:15017, omNode-1|localhost:15009, omNode-2|localhost:15013]|listeners:[], old=null}
2025-04-23 04:28:58,099 [omNode-1-server-thread2] INFO  server.RaftServer$Division (ServerState.java:setRaftConf(386)) - omNode-1@group-523986131536: set configuration conf: {index: 325, cur=peers:[omNode-3|localhost:15017, omNode-1|localhost:15009, omNode-2|localhost:15013]|listeners:[], old=null}
2025-04-23 04:28:58,099 [omNode-1-server-thread2] INFO  segmented.SegmentedRaftLogWorker (SegmentedRaftLogWorker.java:rollLogSegment(443)) - omNode-1@group-523986131536-SegmentedRaftLogWorker: Rolling segment log-311_312 to index:312
2025-04-23 04:28:58,101 [omNode-1@group-523986131536-SegmentedRaftLogWorker] INFO  segmented.SegmentedRaftLogWorker (SegmentedRaftLogWorker.java:execute(601)) - omNode-1@group-523986131536-SegmentedRaftLogWorker: Rolled log segment from /home/runner/work/ozone/ozone/hadoop-ozone/integration-test/target/test-dir/MiniOzoneClusterImpl-ff59c164-3798-4a7f-a16d-eeed9ffb3244/omNode-1/ratis/c9bc4cf4-3bc3-3c60-a66b-523986131536/current/log_inprogress_311 to /home/runner/work/ozone/ozone/hadoop-ozone/integration-test/target/test-dir/MiniOzoneClusterImpl-ff59c164-3798-4a7f-a16d-eeed9ffb3244/omNode-1/ratis/c9bc4cf4-3bc3-3c60-a66b-523986131536/current/log_311-312
2025-04-23 04:28:58,101 [omNode-1-server-thread2] INFO  segmented.SegmentedRaftLogWorker (SegmentedRaftLogWorker.java:rollLogSegment(443)) - omNode-1@group-523986131536-SegmentedRaftLogWorker: Rolling segment log-313_324 to index:324
2025-04-23 04:28:58,101 [omNode-1@group-523986131536-SegmentedRaftLogWorker] INFO  segmented.BufferedWriteChannel (BufferedWriteChannel.java:open(61)) - open log_inprogress_313 at position 0
2025-04-23 04:28:58,109 [omNode-1@group-523986131536-SegmentedRaftLogWorker] INFO  segmented.SegmentedRaftLogWorker (SegmentedRaftLogWorker.java:execute(644)) - omNode-1@group-523986131536-SegmentedRaftLogWorker: created new log segment /home/runner/work/ozone/ozone/hadoop-ozone/integration-test/target/test-dir/MiniOzoneClusterImpl-ff59c164-3798-4a7f-a16d-eeed9ffb3244/omNode-1/ratis/c9bc4cf4-3bc3-3c60-a66b-523986131536/current/log_inprogress_313
2025-04-23 04:28:58,111 [omNode-1@group-523986131536-SegmentedRaftLogWorker] INFO  segmented.SegmentedRaftLogWorker (SegmentedRaftLogWorker.java:execute(601)) - omNode-1@group-523986131536-SegmentedRaftLogWorker: Rolled log segment from /home/runner/work/ozone/ozone/hadoop-ozone/integration-test/target/test-dir/MiniOzoneClusterImpl-ff59c164-3798-4a7f-a16d-eeed9ffb3244/omNode-1/ratis/c9bc4cf4-3bc3-3c60-a66b-523986131536/current/log_inprogress_313 to /home/runner/work/ozone/ozone/hadoop-ozone/integration-test/target/test-dir/MiniOzoneClusterImpl-ff59c164-3798-4a7f-a16d-eeed9ffb3244/omNode-1/ratis/c9bc4cf4-3bc3-3c60-a66b-523986131536/current/log_313-324
2025-04-23 04:28:58,111 [omNode-1@group-523986131536-SegmentedRaftLogWorker] INFO  segmented.BufferedWriteChannel (BufferedWriteChannel.java:open(61)) - open log_inprogress_325 at position 0
2025-04-23 04:28:58,118 [omNode-1@group-523986131536-SegmentedRaftLogWorker] INFO  segmented.SegmentedRaftLogWorker (SegmentedRaftLogWorker.java:execute(644)) - omNode-1@group-523986131536-SegmentedRaftLogWorker: created new log segment /home/runner/work/ozone/ozone/hadoop-ozone/integration-test/target/test-dir/MiniOzoneClusterImpl-ff59c164-3798-4a7f-a16d-eeed9ffb3244/omNode-1/ratis/c9bc4cf4-3bc3-3c60-a66b-523986131536/current/log_inprogress_325
2025-04-23 04:28:58,324 [main] INFO  reflections.Reflections (Reflections.java:scan(219)) - Reflections took 405 ms to scan 22 urls, producing 61 keys and 7422 values
2025-04-23 04:28:58,325 [main] INFO  ipc.CallQueueManager (CallQueueManager.java:<init>(93)) - Using callQueue: class java.util.concurrent.LinkedBlockingQueue, queueCapacity: 2000, scheduler: class org.apache.hadoop.ipc.DefaultRpcScheduler, ipcBackoff: false, ipcFailOver: false.
2025-04-23 04:28:58,325 [main] INFO  ipc.Server (Server.java:<init>(1438)) - Listener at localhost:15010
2025-04-23 04:28:58,326 [Socket Reader #1 for port 15010] INFO  ipc.Server (Server.java:run(1474)) - Starting Socket Reader #1 for port 15010
2025-04-23 04:28:58,326 [Socket Reader #2 for port 15010] INFO  ipc.Server (Server.java:run(1474)) - Starting Socket Reader #2 for port 15010
2025-04-23 04:28:58,326 [Socket Reader #3 for port 15010] INFO  ipc.Server (Server.java:run(1474)) - Starting Socket Reader #3 for port 15010
2025-04-23 04:28:58,326 [Socket Reader #4 for port 15010] INFO  ipc.Server (Server.java:run(1474)) - Starting Socket Reader #4 for port 15010
2025-04-23 04:28:58,327 [Socket Reader #5 for port 15010] INFO  ipc.Server (Server.java:run(1474)) - Starting Socket Reader #5 for port 15010
2025-04-23 04:28:58,327 [Socket Reader #6 for port 15010] INFO  ipc.Server (Server.java:run(1474)) - Starting Socket Reader #6 for port 15010
2025-04-23 04:28:58,327 [Socket Reader #7 for port 15010] INFO  ipc.Server (Server.java:run(1474)) - Starting Socket Reader #7 for port 15010
2025-04-23 04:28:58,327 [Socket Reader #8 for port 15010] INFO  ipc.Server (Server.java:run(1474)) - Starting Socket Reader #8 for port 15010
2025-04-23 04:28:58,327 [Socket Reader #9 for port 15010] INFO  ipc.Server (Server.java:run(1474)) - Starting Socket Reader #9 for port 15010
2025-04-23 04:28:58,327 [Socket Reader #10 for port 15010] INFO  ipc.Server (Server.java:run(1474)) - Starting Socket Reader #10 for port 15010
2025-04-23 04:28:58,329 [main] INFO  http.BaseHttpServer (BaseHttpServer.java:newHttpServer2BuilderForOzone(229)) - Starting Web-server for ozoneManager at: http://0.0.0.0:15011
2025-04-23 04:28:58,329 [main] INFO  http.BaseHttpServer (BaseHttpServer.java:<init>(107)) - Hadoop Security Enabled: false Ozone Security Enabled: false Ozone HTTP Security Enabled: false 
2025-04-23 04:28:58,330 [main] WARN  server.AuthenticationFilter (AuthenticationFilter.java:constructSecretProvider(240)) - Unable to initialize FileSignerSecretProvider, falling back to use random secrets. Reason: Could not read signature secret file: /home/runner/hadoop-http-auth-signature-secret
2025-04-23 04:28:58,331 [main] INFO  http.HttpServer2 (HttpServer2.java:addGlobalFilter(1041)) - Added global filter 'safety' (class=org.apache.hadoop.hdds.server.http.HttpServer2$QuotingInputFilter)
2025-04-23 04:28:58,331 [main] INFO  http.HttpServer2 (HttpServer2.java:addFilter(1017)) - Added filter static_user_filter (class=org.apache.hadoop.http.lib.StaticUserWebFilter$StaticUserFilter) to context ozoneManager
2025-04-23 04:28:58,331 [main] INFO  http.HttpServer2 (HttpServer2.java:addFilter(1025)) - Added filter static_user_filter (class=org.apache.hadoop.http.lib.StaticUserWebFilter$StaticUserFilter) to context static
2025-04-23 04:28:58,332 [main] INFO  http.HttpServer2 (HttpServer2.java:addFilter(1025)) - Added filter static_user_filter (class=org.apache.hadoop.http.lib.StaticUserWebFilter$StaticUserFilter) to context logs
2025-04-23 04:28:58,332 [main] INFO  http.BaseHttpServer (BaseHttpServer.java:<init>(195)) - HTTP server of ozoneManager uses base directory /home/runner/work/ozone/ozone/hadoop-ozone/integration-test/target/test-dir/MiniOzoneClusterImpl-ff59c164-3798-4a7f-a16d-eeed9ffb3244/omNode-2/webserver
2025-04-23 04:28:58,332 [main] INFO  http.HttpServer2 (HttpServer2.java:bindListener(1241)) - Jetty bound to port 15011
2025-04-23 04:28:58,332 [main] INFO  server.Server (Server.java:doStart(375)) - jetty-9.4.57.v20241219; built: 2025-01-08T21:24:30.412Z; git: df524e6b29271c2e09ba9aea83c18dc9db464a31; jvm 21.0.7+6-LTS
2025-04-23 04:28:58,333 [main] INFO  server.session (DefaultSessionIdManager.java:doStart(334)) - DefaultSessionIdManager workerName=node0
2025-04-23 04:28:58,333 [main] INFO  server.session (DefaultSessionIdManager.java:doStart(339)) - No SessionScavenger set, using defaults
2025-04-23 04:28:58,334 [main] INFO  server.session (HouseKeeper.java:startScavenging(132)) - node0 Scavenging every 600000ms
2025-04-23 04:28:58,334 [main] INFO  handler.ContextHandler (ContextHandler.java:doStart(921)) - Started o.e.j.s.ServletContextHandler@1451fc68{logs,/logs,file:///home/runner/work/ozone/ozone/hadoop-ozone/integration-test/target/log,AVAILABLE}
2025-04-23 04:28:58,334 [main] INFO  handler.ContextHandler (ContextHandler.java:doStart(921)) - Started o.e.j.s.ServletContextHandler@4e923a56{static,/static,file:///home/runner/work/ozone/ozone/hadoop-ozone/integration-test/target/test-classes/webapps/static,AVAILABLE}
2025-04-23 04:28:58,339 [main] INFO  handler.ContextHandler (ContextHandler.java:doStart(921)) - Started o.e.j.w.WebAppContext@10d45ab3{ozoneManager,/,file:///home/runner/work/ozone/ozone/hadoop-ozone/integration-test/target/test-classes/webapps/ozoneManager/,AVAILABLE}{file:/home/runner/work/ozone/ozone/hadoop-ozone/integration-test/target/test-classes/webapps/ozoneManager}
2025-04-23 04:28:58,339 [main] INFO  server.AbstractConnector (AbstractConnector.java:doStart(333)) - Started ServerConnector@3d713a88{HTTP/1.1, (http/1.1)}{0.0.0.0:15011}
2025-04-23 04:28:58,339 [main] INFO  server.Server (Server.java:doStart(415)) - Started @141758ms
2025-04-23 04:28:58,339 [main] WARN  impl.MetricsSystemImpl (MetricsSystemImpl.java:register(279)) - Sink prometheus already exists!
2025-04-23 04:28:58,339 [main] INFO  http.BaseHttpServer (BaseHttpServer.java:updateConnectorAddress(360)) - HTTP server of ozoneManager listening at http://0.0.0.0:15011
2025-04-23 04:28:58,340 [IPC Server Responder] INFO  ipc.Server (Server.java:run(1713)) - IPC Server Responder: starting
2025-04-23 04:28:58,340 [IPC Server listener on 15010] INFO  ipc.Server (Server.java:run(1553)) - IPC Server listener on 15010: starting
2025-04-23 04:28:58,342 [main] INFO  om.OzoneManager (OzoneManager.java:startTrashEmptier(2257)) - Trash Interval set to 0. Files deleted won't move to trash
]]></system-out>
  </testcase>
  <testcase name="testRetryCacheWithDownedOM" classname="org.apache.hadoop.ozone.om.TestOzoneManagerHAWithStoppedNodes" time="13.542">
    <system-out><![CDATA[2025-04-23 04:28:58,343 [main] INFO  rpc.RpcClient (RpcClient.java:createVolume(462)) - Creating Volume: volume26717, with user90160 as owner and space quota set to -1 bytes, counts quota set to -1
2025-04-23 04:28:58,344 [main] INFO  retry.RetryInvocationHandler (RetryInvocationHandler.java:log(426)) - com.google.protobuf.ServiceException: java.io.EOFException: End of File Exception between local host is: "fv-az1441-587/10.1.0.164"; destination host is: "localhost":15014; : java.io.EOFException; For more details see:  http://wiki.apache.org/hadoop/EOFException, while invoking $Proxy68.submitRequest over nodeId=omNode-3,nodeAddress=127.0.0.1:15014. Trying to failover after sleeping for 2000ms. Current retry count: 0.
2025-04-23 04:28:58,622 [omNode-1@group-523986131536-StateMachineUpdater] INFO  ratis.OzoneManagerStateMachine (OzoneManagerStateMachine.java:notifyConfigurationChanged(231)) - notifyConfigurationChanged from Ratis: term=14, index=313, New Peer list: omNode-3(localhost:15017), omNode-1(localhost:15009), omNode-2(localhost:15013)
2025-04-23 04:28:58,624 [omNode-1-OMStateMachineApplyTransactionThread - 0] WARN  helpers.OzoneAclUtil (OzoneAclUtil.java:getDefaultAclList(77)) - Failed to get primary group from user user71743 (auth:SIMPLE)
2025-04-23 04:28:58,624 [omNode-1-OMStateMachineApplyTransactionThread - 0] INFO  volume.OMVolumeCreateRequest (OMVolumeCreateRequest.java:validateAndUpdateCache(203)) - created volume:volume06146 for user:user71743
2025-04-23 04:28:58,625 [omNode-1-OMStateMachineApplyTransactionThread - 0] WARN  helpers.OzoneAclUtil (OzoneAclUtil.java:getDefaultAclList(77)) - Failed to get primary group from user user75169 (auth:SIMPLE)
2025-04-23 04:28:58,625 [omNode-1-OMStateMachineApplyTransactionThread - 0] INFO  volume.OMVolumeCreateRequest (OMVolumeCreateRequest.java:validateAndUpdateCache(203)) - created volume:volume76990 for user:user75169
2025-04-23 04:28:58,626 [omNode-1-OMStateMachineApplyTransactionThread - 0] INFO  bucket.OMBucketCreateRequest (OMBucketCreateRequest.java:validateAndUpdateCache(291)) - created bucket: 514921db-76a3-42e4-8d2a-6a63669a974d of layout OBJECT_STORE in volume: volume76990
2025-04-23 04:28:58,627 [omNode-1@group-523986131536-StateMachineUpdater] INFO  ratis.OzoneManagerStateMachine (OzoneManagerStateMachine.java:notifyConfigurationChanged(231)) - notifyConfigurationChanged from Ratis: term=15, index=325, New Peer list: omNode-3(localhost:15017), omNode-1(localhost:15009), omNode-2(localhost:15013)
2025-04-23 04:29:00,121 [timer6] WARN  server.GrpcLogAppender (LogUtils.java:warn(121)) - omNode-3@group-523986131536->omNode-1-AppendLogResponseHandler: Failed appendEntries (Repeated 22 times in the last 5.000s): org.apache.ratis.thirdparty.io.grpc.StatusRuntimeException: UNAVAILABLE: io exception
2025-04-23 04:29:00,122 [timer7] WARN  server.GrpcLogAppender (GrpcLogAppender.java:lambda$resetClient$1(221)) - omNode-3@group-523986131536->omNode-1-GrpcLogAppender: Follower failed (request=null, errorCount=24); keep nextIndex (315) unchanged and retry. (Repeated 4 times in the last 5.000s)
2025-04-23 04:29:00,346 [main] INFO  retry.RetryInvocationHandler (RetryInvocationHandler.java:log(426)) - com.google.protobuf.ServiceException: org.apache.hadoop.ipc.RemoteException(org.apache.hadoop.ozone.om.exceptions.OMNotLeaderException): OM:omNode-1 is not the leader. Suggested leader is OM:omNode-3[localhost/127.0.0.1].
	at org.apache.hadoop.ozone.om.ratis.OzoneManagerRatisServer.newOMNotLeaderException(OzoneManagerRatisServer.java:813)
	at org.apache.hadoop.ozone.om.OzoneManager.checkLeaderStatus(OzoneManager.java:4355)
	at org.apache.hadoop.ozone.om.ratis.utils.OzoneManagerRatisUtils.checkLeaderStatus(OzoneManagerRatisUtils.java:500)
	at org.apache.hadoop.ozone.protocolPB.OzoneManagerProtocolServerSideTranslatorPB.internalProcessRequest(OzoneManagerProtocolServerSideTranslatorPB.java:165)
	at org.apache.hadoop.ozone.protocolPB.OzoneManagerProtocolServerSideTranslatorPB.processRequest(OzoneManagerProtocolServerSideTranslatorPB.java:125)
	at org.apache.hadoop.hdds.server.OzoneProtocolMessageDispatcher.processRequest(OzoneProtocolMessageDispatcher.java:87)
	at org.apache.hadoop.ozone.protocolPB.OzoneManagerProtocolServerSideTranslatorPB.submitRequest(OzoneManagerProtocolServerSideTranslatorPB.java:116)
	at org.apache.hadoop.ozone.protocol.proto.OzoneManagerProtocolProtos$OzoneManagerService$2.callBlockingMethod(OzoneManagerProtocolProtos.java)
	at org.apache.hadoop.ipc.ProtobufRpcEngine$Server.processCall(ProtobufRpcEngine.java:484)
	at org.apache.hadoop.ipc.ProtobufRpcEngine2$Server$ProtoBufRpcInvoker.call(ProtobufRpcEngine2.java:595)
	at org.apache.hadoop.ipc.ProtobufRpcEngine2$Server$ProtoBufRpcInvoker.call(ProtobufRpcEngine2.java:573)
	at org.apache.hadoop.ipc.RPC$Server.call(RPC.java:1227)
	at org.apache.hadoop.ipc.Server$RpcCall.run(Server.java:1246)
	at org.apache.hadoop.ipc.Server$RpcCall.run(Server.java:1169)
	at java.base/java.security.AccessController.doPrivileged(AccessController.java:714)
	at java.base/javax.security.auth.Subject.doAs(Subject.java:525)
	at org.apache.hadoop.security.UserGroupInformation.doAs(UserGroupInformation.java:1953)
	at org.apache.hadoop.ipc.Server$Handler.run(Server.java:3198)
, while invoking $Proxy68.submitRequest over nodeId=omNode-1,nodeAddress=127.0.0.1:15006 after 1 failover attempts. Trying to failover immediately. Current retry count: 1.
2025-04-23 04:29:00,347 [main] INFO  retry.RetryInvocationHandler (RetryInvocationHandler.java:log(426)) - com.google.protobuf.ServiceException: java.io.EOFException: End of File Exception between local host is: "fv-az1441-587/10.1.0.164"; destination host is: "localhost":15010; : java.io.EOFException; For more details see:  http://wiki.apache.org/hadoop/EOFException, while invoking $Proxy68.submitRequest over nodeId=omNode-2,nodeAddress=127.0.0.1:15010 after 2 failover attempts. Trying to failover immediately. Current retry count: 2.
2025-04-23 04:29:00,361 [omNode-3-OMStateMachineApplyTransactionThread - 0] WARN  helpers.OzoneAclUtil (OzoneAclUtil.java:getDefaultAclList(77)) - Failed to get primary group from user user90160 (auth:SIMPLE)
2025-04-23 04:29:00,361 [omNode-1-OMStateMachineApplyTransactionThread - 0] WARN  helpers.OzoneAclUtil (OzoneAclUtil.java:getDefaultAclList(77)) - Failed to get primary group from user user90160 (auth:SIMPLE)
2025-04-23 04:29:00,361 [omNode-1-OMStateMachineApplyTransactionThread - 0] INFO  volume.OMVolumeCreateRequest (OMVolumeCreateRequest.java:validateAndUpdateCache(203)) - created volume:volume26717 for user:user90160
2025-04-23 04:29:00,361 [omNode-2-OMStateMachineApplyTransactionThread - 0] WARN  helpers.OzoneAclUtil (OzoneAclUtil.java:getDefaultAclList(77)) - Failed to get primary group from user user90160 (auth:SIMPLE)
2025-04-23 04:29:00,361 [omNode-2-OMStateMachineApplyTransactionThread - 0] INFO  volume.OMVolumeCreateRequest (OMVolumeCreateRequest.java:validateAndUpdateCache(203)) - created volume:volume26717 for user:user90160
2025-04-23 04:29:00,361 [omNode-3-OMStateMachineApplyTransactionThread - 0] INFO  volume.OMVolumeCreateRequest (OMVolumeCreateRequest.java:validateAndUpdateCache(203)) - created volume:volume26717 for user:user90160
2025-04-23 04:29:00,363 [main] INFO  rpc.RpcClient (RpcClient.java:createBucket(687)) - Creating Bucket: volume26717/120b7807-3623-48dc-a161-d2b85c1ddb73, with server-side default bucket layout, runner as owner, Versioning false, Storage Type set to DISK and Encryption set to false, Replication Type set to server-side default replication type, Namespace Quota set to -1, Space Quota set to -1 
2025-04-23 04:29:00,366 [omNode-3-OMStateMachineApplyTransactionThread - 0] INFO  bucket.OMBucketCreateRequest (OMBucketCreateRequest.java:validateAndUpdateCache(291)) - created bucket: 120b7807-3623-48dc-a161-d2b85c1ddb73 of layout OBJECT_STORE in volume: volume26717
2025-04-23 04:29:00,367 [omNode-2-OMStateMachineApplyTransactionThread - 0] INFO  bucket.OMBucketCreateRequest (OMBucketCreateRequest.java:validateAndUpdateCache(291)) - created bucket: 120b7807-3623-48dc-a161-d2b85c1ddb73 of layout OBJECT_STORE in volume: volume26717
2025-04-23 04:29:00,368 [omNode-1-OMStateMachineApplyTransactionThread - 0] INFO  bucket.OMBucketCreateRequest (OMBucketCreateRequest.java:validateAndUpdateCache(291)) - created bucket: 120b7807-3623-48dc-a161-d2b85c1ddb73 of layout OBJECT_STORE in volume: volume26717
2025-04-23 04:29:00,400 [main] INFO  om.TestOzoneManagerHAWithStoppedNodes (TestOzoneManagerHAWithStoppedNodes.java:transferLeader(678)) - Transfer leadership from omNode-3(raft id omNode-3) to omNode-1(raft id omNode-1)
2025-04-23 04:29:00,409 [omNode-3-server-thread1] INFO  server.RaftServer$Division (RaftServerImpl.java:transferLeadershipAsync(1186)) - omNode-3@group-523986131536: receive transferLeadership TransferLeadershipRequest:client-E4B4871E6839->omNode-3@group-523986131536, cid=36, seq=null, RO, null
2025-04-23 04:29:00,410 [omNode-3-server-thread1] INFO  impl.TransferLeadership (TransferLeadership.java:tryTransferLeadership(258)) - omNode-3@group-523986131536: start transferring leadership to omNode-1
2025-04-23 04:29:00,410 [omNode-3-server-thread1] INFO  impl.TransferLeadership (TransferLeadership.java:sendStartLeaderElection(210)) - omNode-3@group-523986131536: sendStartLeaderElection to follower omNode-1, lastEntry=(t:15, i:336)
2025-04-23 04:29:00,411 [omNode-3-server-thread1] INFO  impl.TransferLeadership (TransferLeadership.java:tryTransferLeadership(266)) - omNode-3@group-523986131536: SUCCESS sent StartLeaderElection to transferee omNode-1 immediately as it already has up-to-date log
2025-04-23 04:29:00,412 [grpc-default-executor-6] INFO  impl.RoleInfo (RoleInfo.java:shutdownFollowerState(121)) - omNode-1: shutdown omNode-1@group-523986131536-FollowerState
2025-04-23 04:29:00,412 [grpc-default-executor-6] INFO  server.RaftServer$Division (RaftServerImpl.java:setRole(378)) - omNode-1@group-523986131536: changes role from  FOLLOWER to CANDIDATE at term 15 for changeToCandidate
2025-04-23 04:29:00,412 [grpc-default-executor-6] INFO  server.RaftServer$Division (ServerState.java:setLeader(272)) - omNode-1@group-523986131536: change Leader from omNode-3 to null at term 15 for ELECTION
2025-04-23 04:29:00,412 [omNode-1@group-523986131536-FollowerState] INFO  impl.FollowerState (FollowerState.java:runImpl(170)) - omNode-1@group-523986131536-FollowerState was interrupted
2025-04-23 04:29:00,413 [grpc-default-executor-6] INFO  impl.RoleInfo (RoleInfo.java:updateAndGet(148)) - omNode-1: start omNode-1@group-523986131536-LeaderElection28
2025-04-23 04:29:00,414 [omNode-1@group-523986131536-LeaderElection28] INFO  impl.LeaderElection (LeaderElection.java:askForVotes(332)) - omNode-1@group-523986131536-LeaderElection28 ELECTION round 0: submit vote requests at term 16 for conf: {index: 325, cur=peers:[omNode-3|localhost:15017, omNode-1|localhost:15009, omNode-2|localhost:15013]|listeners:[], old=null}
2025-04-23 04:29:00,415 [omNode-1@group-523986131536-LeaderElection28-1] INFO  server.GrpcServerProtocolClient (GrpcServerProtocolClient.java:<init>(65)) - Build channel for omNode-3|localhost:15017
2025-04-23 04:29:00,415 [omNode-3-server-thread2] INFO  impl.TransferLeadership (TransferLeadership.java:lambda$sendStartLeaderElection$2(224)) - omNode-3@group-523986131536: Received startLeaderElection reply from omNode-1: success? true
2025-04-23 04:29:00,415 [omNode-1@group-523986131536-LeaderElection28-2] INFO  server.GrpcServerProtocolClient (GrpcServerProtocolClient.java:<init>(65)) - Build channel for omNode-2|localhost:15013
2025-04-23 04:29:00,417 [grpc-default-executor-6] INFO  server.RaftServer$Division (RaftServerImpl.java:requestVote(1407)) - omNode-2@group-523986131536: receive requestVote(ELECTION, omNode-1, group-523986131536, 16, (t:15, i:336))
2025-04-23 04:29:00,417 [grpc-default-executor-6] INFO  impl.VoteContext (VoteContext.java:log(49)) - omNode-2@group-523986131536-FOLLOWER: accept ELECTION from omNode-1: our priority 0 <= candidate's priority 0
2025-04-23 04:29:00,417 [grpc-default-executor-6] INFO  server.RaftServer$Division (RaftServerImpl.java:setRole(378)) - omNode-2@group-523986131536: changes role from  FOLLOWER to FOLLOWER at term 15 for candidate:omNode-1
2025-04-23 04:29:00,417 [grpc-default-executor-6] INFO  impl.RoleInfo (RoleInfo.java:shutdownFollowerState(121)) - omNode-2: shutdown omNode-2@group-523986131536-FollowerState
2025-04-23 04:29:00,417 [grpc-default-executor-6] INFO  server.RaftServer$Division (ServerState.java:setLeader(272)) - omNode-2@group-523986131536: change Leader from omNode-3 to null at term 16 for updateCurrentTerm
2025-04-23 04:29:00,417 [grpc-default-executor-6] INFO  impl.RoleInfo (RoleInfo.java:updateAndGet(148)) - omNode-2: start omNode-2@group-523986131536-FollowerState
2025-04-23 04:29:00,417 [omNode-2@group-523986131536-FollowerState] INFO  impl.FollowerState (FollowerState.java:runImpl(170)) - omNode-2@group-523986131536-FollowerState was interrupted
2025-04-23 04:29:00,417 [grpc-default-executor-2] INFO  server.RaftServer$Division (RaftServerImpl.java:requestVote(1407)) - omNode-3@group-523986131536: receive requestVote(ELECTION, omNode-1, group-523986131536, 16, (t:15, i:336))
2025-04-23 04:29:00,417 [grpc-default-executor-2] INFO  impl.VoteContext (VoteContext.java:log(49)) - omNode-3@group-523986131536-LEADER: accept ELECTION from omNode-1: our priority 0 <= candidate's priority 0
2025-04-23 04:29:00,417 [grpc-default-executor-2] INFO  server.RaftServer$Division (RaftServerImpl.java:setRole(378)) - omNode-3@group-523986131536: changes role from    LEADER to FOLLOWER at term 15 for candidate:omNode-1
2025-04-23 04:29:00,417 [grpc-default-executor-2] INFO  impl.RoleInfo (RoleInfo.java:shutdownLeaderState(103)) - omNode-3: shutdown omNode-3@group-523986131536-LeaderStateImpl
2025-04-23 04:29:00,417 [omNode-3@group-523986131536->omNode-2-GrpcLogAppender-LogAppenderDaemon] WARN  server.GrpcLogAppender (GrpcLogAppender.java:mayWait(293)) - omNode-3@group-523986131536->omNode-2-GrpcLogAppender: Wait interrupted by java.lang.InterruptedException
2025-04-23 04:29:00,418 [grpc-default-executor-4] INFO  server.GrpcServerProtocolService (GrpcServerProtocolService.java:onCompleted(157)) - omNode-2: Completed APPEND_ENTRIES, lastRequest: null
2025-04-23 04:29:00,418 [omNode-3@group-523986131536->omNode-1-GrpcLogAppender-LogAppenderDaemon] WARN  server.GrpcLogAppender (GrpcLogAppender.java:mayWait(293)) - omNode-3@group-523986131536->omNode-1-GrpcLogAppender: Wait interrupted by java.lang.InterruptedException
2025-04-23 04:29:00,418 [grpc-default-executor-4] INFO  server.GrpcServerProtocolService (GrpcServerProtocolService.java:lambda$onCompleted$5(159)) - omNode-2: Completed APPEND_ENTRIES, lastReply: serverReply {
  requestorId: "omNode-3"
  replyId: "omNode-2"
  raftGroupId {
    id: "\311\274L\364;\303<`\246kR9\206\023\0256"
  }
  callId: 7
  success: true
}
term: 15
nextIndex: 327
followerCommit: 326
matchIndex: 18446744073709551615
isHearbeat: true

2025-04-23 04:29:00,418 [grpc-default-executor-2] INFO  impl.PendingRequests (PendingRequests.java:sendNotLeaderResponses(287)) - omNode-3@group-523986131536-PendingRequests: sendNotLeaderResponses
2025-04-23 04:29:00,419 [grpc-default-executor-1] INFO  server.GrpcServerProtocolService (GrpcServerProtocolService.java:onCompleted(157)) - omNode-1: Completed APPEND_ENTRIES, lastRequest: null
2025-04-23 04:29:00,419 [grpc-default-executor-1] INFO  server.GrpcServerProtocolService (GrpcServerProtocolService.java:lambda$onCompleted$5(159)) - omNode-1: Completed APPEND_ENTRIES, lastReply: serverReply {
  requestorId: "omNode-3"
  replyId: "omNode-1"
  raftGroupId {
    id: "\311\274L\364;\303<`\246kR9\206\023\0256"
  }
  callId: 8
  success: true
}
term: 15
nextIndex: 327
followerCommit: 326
matchIndex: 18446744073709551615
isHearbeat: true

2025-04-23 04:29:00,419 [grpc-default-executor-2] INFO  server.RaftServer$Division (ServerState.java:setLeader(272)) - omNode-3@group-523986131536: change Leader from omNode-3 to null at term 15 for candidate:omNode-1
2025-04-23 04:29:00,419 [grpc-default-executor-2] INFO  impl.RoleInfo (RoleInfo.java:updateAndGet(148)) - omNode-3: start omNode-3@group-523986131536-FollowerState
2025-04-23 04:29:00,419 [grpc-default-executor-4] INFO  server.GrpcServerProtocolService (GrpcServerProtocolService.java:onCompleted(157)) - omNode-2: Completed APPEND_ENTRIES, lastRequest: omNode-3->omNode-2#27-t15,previous=(t:15, i:335),leaderCommit=335,initializing? false,entries: size=1, first=(t:15, i:336), METADATAENTRY(c:335)
2025-04-23 04:29:00,419 [grpc-default-executor-4] INFO  server.GrpcServerProtocolService (GrpcServerProtocolService.java:lambda$onCompleted$5(159)) - omNode-2: Completed APPEND_ENTRIES, lastReply: null
2025-04-23 04:29:00,419 [grpc-default-executor-0] INFO  server.GrpcServerProtocolService (GrpcServerProtocolService.java:onCompleted(157)) - omNode-1: Completed APPEND_ENTRIES, lastRequest: omNode-3->omNode-1#28-t15,previous=(t:15, i:335),leaderCommit=335,initializing? true,entries: size=1, first=(t:15, i:336), METADATAENTRY(c:335)
2025-04-23 04:29:00,419 [grpc-default-executor-0] INFO  server.GrpcServerProtocolService (GrpcServerProtocolService.java:lambda$onCompleted$5(159)) - omNode-1: Completed APPEND_ENTRIES, lastReply: null
2025-04-23 04:29:00,420 [grpc-default-executor-0] INFO  server.GrpcLogAppender (GrpcLogAppender.java:onCompleted(550)) - omNode-3@group-523986131536->omNode-2-AppendLogResponseHandler: follower responses appendEntries COMPLETED
2025-04-23 04:29:00,420 [grpc-default-executor-0] INFO  server.GrpcLogAppender (GrpcLogAppender.java:onCompleted(550)) - omNode-3@group-523986131536->omNode-1-AppendLogResponseHandler: follower responses appendEntries COMPLETED
2025-04-23 04:29:00,420 [grpc-default-executor-0] INFO  server.GrpcLogAppender (GrpcLogAppender.java:onCompleted(550)) - omNode-3@group-523986131536->omNode-1-AppendLogResponseHandler: follower responses appendEntries COMPLETED
2025-04-23 04:29:00,420 [grpc-default-executor-1] INFO  server.GrpcLogAppender (GrpcLogAppender.java:onCompleted(550)) - omNode-3@group-523986131536->omNode-2-AppendLogResponseHandler: follower responses appendEntries COMPLETED
2025-04-23 04:29:00,420 [grpc-default-executor-6] INFO  server.RaftServer$Division (RaftServerImpl.java:requestVote(1441)) - omNode-2@group-523986131536 replies to ELECTION vote request: omNode-1<-omNode-2#0:OK-t16. Peer's state: omNode-2@group-523986131536:t16, leader=null, voted=omNode-1, raftlog=Memoized:omNode-2@group-523986131536-SegmentedRaftLog:OPENED:c335:last(t:15, i:336), conf=conf: {index: 325, cur=peers:[omNode-3|localhost:15017, omNode-1|localhost:15009, omNode-2|localhost:15013]|listeners:[], old=null}
2025-04-23 04:29:00,421 [omNode-1@group-523986131536-LeaderElection28] INFO  impl.LeaderElection (LeaderElection.java:logAndReturn(90)) - omNode-1@group-523986131536-LeaderElection28: ELECTION PASSED received 1 response(s) and 0 exception(s):
2025-04-23 04:29:00,421 [omNode-1@group-523986131536-LeaderElection28] INFO  impl.LeaderElection (LeaderElection.java:logAndReturn(94)) -   Response 0: omNode-1<-omNode-2#0:OK-t16
2025-04-23 04:29:00,421 [omNode-1@group-523986131536-LeaderElection28] INFO  impl.LeaderElection (LeaderElection.java:askForVotes(334)) - omNode-1@group-523986131536-LeaderElection28 ELECTION round 0: result PASSED
2025-04-23 04:29:00,421 [omNode-1@group-523986131536-LeaderElection28] INFO  impl.RoleInfo (RoleInfo.java:shutdownLeaderElection(141)) - omNode-1: shutdown omNode-1@group-523986131536-LeaderElection28
2025-04-23 04:29:00,421 [omNode-1@group-523986131536-LeaderElection28] INFO  server.RaftServer$Division (RaftServerImpl.java:setRole(378)) - omNode-1@group-523986131536: changes role from CANDIDATE to LEADER at term 16 for changeToLeader
2025-04-23 04:29:00,421 [omNode-1@group-523986131536-LeaderElection28] INFO  server.RaftServerConfigKeys (ConfUtils.java:logGet(46)) - raft.server.staging.catchup.gap = 1000 (default)
2025-04-23 04:29:00,421 [omNode-1@group-523986131536-LeaderElection28] INFO  server.RaftServerConfigKeys (ConfUtils.java:logGet(46)) - raft.server.write.element-limit = 4096 (default)
2025-04-23 04:29:00,421 [omNode-1@group-523986131536-LeaderElection28] INFO  server.RaftServerConfigKeys (ConfUtils.java:logGet(46)) - raft.server.write.byte-limit = 64MB (=67108864) (default)
2025-04-23 04:29:00,421 [grpc-default-executor-2] INFO  server.RaftServer$Division (RaftServerImpl.java:requestVote(1441)) - omNode-3@group-523986131536 replies to ELECTION vote request: omNode-1<-omNode-3#0:OK-t16. Peer's state: omNode-3@group-523986131536:t16, leader=null, voted=omNode-1, raftlog=Memoized:omNode-3@group-523986131536-SegmentedRaftLog:OPENED:c336:last(t:15, i:336), conf=conf: {index: 325, cur=peers:[omNode-3|localhost:15017, omNode-1|localhost:15009, omNode-2|localhost:15013]|listeners:[], old=null}
2025-04-23 04:29:00,422 [omNode-1@group-523986131536-LeaderElection28] INFO  server.RaftServerConfigKeys (ConfUtils.java:logGet(46)) - raft.server.watch.timeout = 10s (default)
2025-04-23 04:29:00,422 [omNode-1@group-523986131536-LeaderElection28] INFO  server.RaftServerConfigKeys (ConfUtils.java:logGet(46)) - raft.server.watch.timeout.denomination = 1s (default)
2025-04-23 04:29:00,422 [omNode-1@group-523986131536-LeaderElection28] INFO  server.RaftServerConfigKeys (ConfUtils.java:logGet(46)) - raft.server.watch.element-limit = 65536 (default)
2025-04-23 04:29:00,422 [omNode-1@group-523986131536-LeaderElection28] INFO  server.RaftServerConfigKeys (ConfUtils.java:logGet(46)) - raft.server.read.leader.lease.enabled = false (default)
2025-04-23 04:29:00,422 [omNode-1@group-523986131536-LeaderElection28] INFO  server.RaftServerConfigKeys (ConfUtils.java:logGet(46)) - raft.server.read.leader.lease.timeout.ratio = 0.9 (default)
2025-04-23 04:29:00,422 [omNode-1@group-523986131536-LeaderElection28] INFO  server.RaftServerConfigKeys (ConfUtils.java:logGet(46)) - raft.server.rpc.timeout.min = 1s (custom)
2025-04-23 04:29:00,422 [omNode-1@group-523986131536-LeaderElection28] INFO  server.RaftServerConfigKeys (ConfUtils.java:logGet(46)) - raft.server.log.log-metadata.enabled = true (default)
2025-04-23 04:29:00,422 [omNode-1@group-523986131536-LeaderElection28] INFO  server.RaftServerConfigKeys (ConfUtils.java:logGet(46)) - raft.server.write.element-limit = 4096 (default)
2025-04-23 04:29:00,422 [omNode-1@group-523986131536-LeaderElection28] INFO  server.RaftServerConfigKeys (ConfUtils.java:logGet(46)) - raft.server.write.follower.gap.ratio.max = -1.0 (default)
2025-04-23 04:29:00,423 [omNode-1@group-523986131536-LeaderElection28] INFO  server.RaftServerConfigKeys (ConfUtils.java:logGet(46)) - raft.server.log.appender.snapshot.chunk.size.max = 16MB (=16777216) (default)
2025-04-23 04:29:00,423 [omNode-1@group-523986131536-LeaderElection28] INFO  server.RaftServerConfigKeys (ConfUtils.java:logGet(46)) - raft.server.log.appender.buffer.byte-limit = 4194304 (custom)
2025-04-23 04:29:00,423 [omNode-1@group-523986131536-LeaderElection28] INFO  server.RaftServerConfigKeys (ConfUtils.java:logGet(46)) - raft.server.log.appender.buffer.element-limit = 1024 (custom)
2025-04-23 04:29:00,423 [omNode-1@group-523986131536-LeaderElection28] INFO  server.RaftServerConfigKeys (ConfUtils.java:logGet(46)) - raft.server.log.appender.wait-time.min = 0ms (custom)
2025-04-23 04:29:00,423 [omNode-1@group-523986131536-LeaderElection28] INFO  grpc.GrpcConfigKeys (ConfUtils.java:logGet(46)) - raft.grpc.server.leader.outstanding.appends.max = 8 (default)
2025-04-23 04:29:00,423 [omNode-1@group-523986131536-LeaderElection28] INFO  server.RaftServerConfigKeys (ConfUtils.java:logGet(46)) - raft.server.rpc.request.timeout = 3000ms (default)
2025-04-23 04:29:00,423 [omNode-1@group-523986131536-LeaderElection28] INFO  grpc.GrpcConfigKeys (ConfUtils.java:logGet(46)) - raft.grpc.server.install_snapshot.request.element-limit = 8 (default)
2025-04-23 04:29:00,423 [omNode-1@group-523986131536-LeaderElection28] INFO  grpc.GrpcConfigKeys (ConfUtils.java:logGet(46)) - raft.grpc.server.install_snapshot.request.timeout = 3000ms (default)
2025-04-23 04:29:00,423 [omNode-1@group-523986131536-LeaderElection28] INFO  grpc.GrpcConfigKeys (ConfUtils.java:logGet(46)) - raft.grpc.server.log-message.batch.duration = 5s (default)
2025-04-23 04:29:00,423 [omNode-1@group-523986131536-LeaderElection28] INFO  server.RaftServerConfigKeys (ConfUtils.java:logGet(46)) - raft.server.log.appender.install.snapshot.enabled = false (custom)
2025-04-23 04:29:00,423 [omNode-1@group-523986131536-LeaderElection28] INFO  grpc.GrpcConfigKeys (ConfUtils.java:logGet(46)) - raft.grpc.server.heartbeat.channel = true (default)
2025-04-23 04:29:00,424 [omNode-1@group-523986131536-LeaderElection28] INFO  server.RaftServerConfigKeys (ConfUtils.java:logGet(46)) - raft.server.log.appender.snapshot.chunk.size.max = 16MB (=16777216) (default)
2025-04-23 04:29:00,424 [omNode-1@group-523986131536-LeaderElection28] INFO  server.RaftServerConfigKeys (ConfUtils.java:logGet(46)) - raft.server.log.appender.buffer.byte-limit = 4194304 (custom)
2025-04-23 04:29:00,424 [omNode-1@group-523986131536-LeaderElection28] INFO  server.RaftServerConfigKeys (ConfUtils.java:logGet(46)) - raft.server.log.appender.buffer.element-limit = 1024 (custom)
2025-04-23 04:29:00,424 [omNode-1@group-523986131536-LeaderElection28] INFO  server.RaftServerConfigKeys (ConfUtils.java:logGet(46)) - raft.server.log.appender.wait-time.min = 0ms (custom)
2025-04-23 04:29:00,424 [omNode-1@group-523986131536-LeaderElection28] INFO  grpc.GrpcConfigKeys (ConfUtils.java:logGet(46)) - raft.grpc.server.leader.outstanding.appends.max = 8 (default)
2025-04-23 04:29:00,424 [omNode-1@group-523986131536-LeaderElection28] INFO  server.RaftServerConfigKeys (ConfUtils.java:logGet(46)) - raft.server.rpc.request.timeout = 3000ms (default)
2025-04-23 04:29:00,424 [omNode-1@group-523986131536-LeaderElection28] INFO  grpc.GrpcConfigKeys (ConfUtils.java:logGet(46)) - raft.grpc.server.install_snapshot.request.element-limit = 8 (default)
2025-04-23 04:29:00,424 [omNode-1@group-523986131536-LeaderElection28] INFO  grpc.GrpcConfigKeys (ConfUtils.java:logGet(46)) - raft.grpc.server.install_snapshot.request.timeout = 3000ms (default)
2025-04-23 04:29:00,424 [omNode-1@group-523986131536-LeaderElection28] INFO  grpc.GrpcConfigKeys (ConfUtils.java:logGet(46)) - raft.grpc.server.log-message.batch.duration = 5s (default)
2025-04-23 04:29:00,424 [omNode-1@group-523986131536-LeaderElection28] INFO  server.RaftServerConfigKeys (ConfUtils.java:logGet(46)) - raft.server.log.appender.install.snapshot.enabled = false (custom)
2025-04-23 04:29:00,424 [omNode-1@group-523986131536-LeaderElection28] INFO  grpc.GrpcConfigKeys (ConfUtils.java:logGet(46)) - raft.grpc.server.heartbeat.channel = true (default)
2025-04-23 04:29:00,424 [omNode-1@group-523986131536-LeaderElection28] INFO  impl.RoleInfo (RoleInfo.java:updateAndGet(148)) - omNode-1: start omNode-1@group-523986131536-LeaderStateImpl
2025-04-23 04:29:00,424 [omNode-1@group-523986131536-LeaderElection28] INFO  ratis.OzoneManagerStateMachine (OzoneManagerStateMachine.java:notifyLeaderChanged(169)) - omNode-1@group-523986131536: leader changed to omNode-1
2025-04-23 04:29:00,424 [omNode-1@group-523986131536-LeaderElection28] INFO  server.RaftServer$Division (ServerState.java:setLeader(272)) - omNode-1@group-523986131536: change Leader from null to omNode-1 at term 16 for becomeLeader, leader elected after 12ms
2025-04-23 04:29:00,424 [omNode-1@group-523986131536-LeaderElection28] INFO  segmented.SegmentedRaftLogWorker (SegmentedRaftLogWorker.java:rollLogSegment(443)) - omNode-1@group-523986131536-SegmentedRaftLogWorker: Rolling segment log-325_336 to index:336
2025-04-23 04:29:00,425 [omNode-1@group-523986131536-LeaderElection28] INFO  server.RaftServer$Division (ServerState.java:setRaftConf(386)) - omNode-1@group-523986131536: set configuration conf: {index: 337, cur=peers:[omNode-3|localhost:15017, omNode-1|localhost:15009, omNode-2|localhost:15013]|listeners:[], old=null}
2025-04-23 04:29:00,426 [omNode-1@group-523986131536-SegmentedRaftLogWorker] INFO  segmented.SegmentedRaftLogWorker (SegmentedRaftLogWorker.java:execute(601)) - omNode-1@group-523986131536-SegmentedRaftLogWorker: Rolled log segment from /home/runner/work/ozone/ozone/hadoop-ozone/integration-test/target/test-dir/MiniOzoneClusterImpl-ff59c164-3798-4a7f-a16d-eeed9ffb3244/omNode-1/ratis/c9bc4cf4-3bc3-3c60-a66b-523986131536/current/log_inprogress_325 to /home/runner/work/ozone/ozone/hadoop-ozone/integration-test/target/test-dir/MiniOzoneClusterImpl-ff59c164-3798-4a7f-a16d-eeed9ffb3244/omNode-1/ratis/c9bc4cf4-3bc3-3c60-a66b-523986131536/current/log_325-336
2025-04-23 04:29:00,426 [omNode-1@group-523986131536-SegmentedRaftLogWorker] INFO  segmented.BufferedWriteChannel (BufferedWriteChannel.java:open(61)) - open log_inprogress_337 at position 0
2025-04-23 04:29:00,427 [omNode-2-server-thread3] INFO  ratis.OzoneManagerStateMachine (OzoneManagerStateMachine.java:notifyLeaderChanged(169)) - omNode-2@group-523986131536: leader changed to omNode-1
2025-04-23 04:29:00,427 [omNode-2-server-thread3] INFO  server.RaftServer$Division (ServerState.java:setLeader(272)) - omNode-2@group-523986131536: change Leader from null to omNode-1 at term 16 for appendEntries, leader elected after 10ms
2025-04-23 04:29:00,427 [omNode-2-server-thread3] INFO  server.RaftServer$Division (ServerState.java:setRaftConf(386)) - omNode-2@group-523986131536: set configuration conf: {index: 337, cur=peers:[omNode-3|localhost:15017, omNode-1|localhost:15009, omNode-2|localhost:15013]|listeners:[], old=null}
2025-04-23 04:29:00,428 [omNode-2-server-thread3] INFO  segmented.SegmentedRaftLogWorker (SegmentedRaftLogWorker.java:rollLogSegment(443)) - omNode-2@group-523986131536-SegmentedRaftLogWorker: Rolling segment log-325_336 to index:336
2025-04-23 04:29:00,429 [omNode-3-server-thread2] INFO  ratis.OzoneManagerStateMachine (OzoneManagerStateMachine.java:notifyLeaderChanged(169)) - omNode-3@group-523986131536: leader changed to omNode-1
2025-04-23 04:29:00,429 [omNode-3-server-thread2] INFO  server.RaftServer$Division (ServerState.java:setLeader(272)) - omNode-3@group-523986131536: change Leader from null to omNode-1 at term 16 for appendEntries, leader elected after 8ms
2025-04-23 04:29:00,430 [omNode-2@group-523986131536-SegmentedRaftLogWorker] INFO  segmented.SegmentedRaftLogWorker (SegmentedRaftLogWorker.java:execute(601)) - omNode-2@group-523986131536-SegmentedRaftLogWorker: Rolled log segment from /home/runner/work/ozone/ozone/hadoop-ozone/integration-test/target/test-dir/MiniOzoneClusterImpl-ff59c164-3798-4a7f-a16d-eeed9ffb3244/omNode-2/ratis/c9bc4cf4-3bc3-3c60-a66b-523986131536/current/log_inprogress_325 to /home/runner/work/ozone/ozone/hadoop-ozone/integration-test/target/test-dir/MiniOzoneClusterImpl-ff59c164-3798-4a7f-a16d-eeed9ffb3244/omNode-2/ratis/c9bc4cf4-3bc3-3c60-a66b-523986131536/current/log_325-336
2025-04-23 04:29:00,430 [omNode-2@group-523986131536-SegmentedRaftLogWorker] INFO  segmented.BufferedWriteChannel (BufferedWriteChannel.java:open(61)) - open log_inprogress_337 at position 0
2025-04-23 04:29:00,430 [omNode-3-server-thread1] INFO  server.RaftServer$Division (ServerState.java:setRaftConf(386)) - omNode-3@group-523986131536: set configuration conf: {index: 337, cur=peers:[omNode-3|localhost:15017, omNode-1|localhost:15009, omNode-2|localhost:15013]|listeners:[], old=null}
2025-04-23 04:29:00,431 [omNode-3-server-thread1] INFO  segmented.SegmentedRaftLogWorker (SegmentedRaftLogWorker.java:rollLogSegment(443)) - omNode-3@group-523986131536-SegmentedRaftLogWorker: Rolling segment log-325_336 to index:336
2025-04-23 04:29:00,433 [omNode-3@group-523986131536-SegmentedRaftLogWorker] INFO  segmented.SegmentedRaftLogWorker (SegmentedRaftLogWorker.java:execute(601)) - omNode-3@group-523986131536-SegmentedRaftLogWorker: Rolled log segment from /home/runner/work/ozone/ozone/hadoop-ozone/integration-test/target/test-dir/MiniOzoneClusterImpl-ff59c164-3798-4a7f-a16d-eeed9ffb3244/omNode-3/ratis/c9bc4cf4-3bc3-3c60-a66b-523986131536/current/log_inprogress_325 to /home/runner/work/ozone/ozone/hadoop-ozone/integration-test/target/test-dir/MiniOzoneClusterImpl-ff59c164-3798-4a7f-a16d-eeed9ffb3244/omNode-3/ratis/c9bc4cf4-3bc3-3c60-a66b-523986131536/current/log_325-336
2025-04-23 04:29:00,434 [omNode-3@group-523986131536-SegmentedRaftLogWorker] INFO  segmented.BufferedWriteChannel (BufferedWriteChannel.java:open(61)) - open log_inprogress_337 at position 0
2025-04-23 04:29:00,434 [main] INFO  ozone.MiniOzoneHAClusterImpl (MiniOzoneHAClusterImpl.java:shutdownOzoneManager(215)) - Shutting down OzoneManager omNode-3
2025-04-23 04:29:00,435 [main] INFO  om.OzoneManager (OzoneManager.java:stop(2347)) - omNode-3[localhost:15014]: Stopping Ozone Manager
2025-04-23 04:29:00,435 [main] INFO  ipc.Server (Server.java:stop(3697)) - Stopping server on 15014
2025-04-23 04:29:00,437 [IPC Server listener on 15014] INFO  ipc.Server (Server.java:run(1585)) - Stopping IPC Server listener on 15014
2025-04-23 04:29:00,437 [main] INFO  ratis.OzoneManagerRatisServer (OzoneManagerRatisServer.java:stop(634)) - Stopping org.apache.hadoop.ozone.om.ratis.OzoneManagerRatisServer@61193764 at port 15017
2025-04-23 04:29:00,438 [main] INFO  server.RaftServer (RaftServerProxy.java:lambda$close$9(417)) - omNode-3: close
2025-04-23 04:29:00,438 [main] INFO  server.GrpcService (GrpcService.java:closeImpl(343)) - omNode-3: shutdown server GrpcServerProtocolService now
2025-04-23 04:29:00,438 [IPC Server Responder] INFO  ipc.Server (Server.java:run(1718)) - Stopping IPC Server Responder
2025-04-23 04:29:00,438 [omNode-1@group-523986131536-SegmentedRaftLogWorker] INFO  segmented.SegmentedRaftLogWorker (SegmentedRaftLogWorker.java:execute(644)) - omNode-1@group-523986131536-SegmentedRaftLogWorker: created new log segment /home/runner/work/ozone/ozone/hadoop-ozone/integration-test/target/test-dir/MiniOzoneClusterImpl-ff59c164-3798-4a7f-a16d-eeed9ffb3244/omNode-1/ratis/c9bc4cf4-3bc3-3c60-a66b-523986131536/current/log_inprogress_337
2025-04-23 04:29:00,438 [omNode-3-impl-thread1] INFO  server.RaftServer$Division (RaftServerImpl.java:lambda$close$1(513)) - omNode-3@group-523986131536: shutdown
2025-04-23 04:29:00,438 [omNode-3-impl-thread1] INFO  util.JmxRegister (JmxRegister.java:unregister(74)) - Successfully un-registered JMX Bean with object name Ratis:service=RaftServer,group=group-523986131536,id=omNode-3
2025-04-23 04:29:00,438 [omNode-3-impl-thread1] INFO  impl.RoleInfo (RoleInfo.java:shutdownFollowerState(121)) - omNode-3: shutdown omNode-3@group-523986131536-FollowerState
2025-04-23 04:29:00,438 [omNode-3@group-523986131536-FollowerState] INFO  impl.FollowerState (FollowerState.java:runImpl(170)) - omNode-3@group-523986131536-FollowerState was interrupted
2025-04-23 04:29:00,439 [omNode-3-impl-thread1] INFO  impl.StateMachineUpdater (StateMachineUpdater.java:stopAndJoin(164)) - omNode-3@group-523986131536-StateMachineUpdater: set stopIndex = 336
2025-04-23 04:29:00,439 [grpc-default-executor-1] WARN  server.GrpcServerProtocolService (LogUtils.java:warn(121)) - omNode-3: APPEND_ENTRIES onError, lastRequest: omNode-1->omNode-3#1-t16,previous=(t:15, i:336),leaderCommit=335,initializing? false,entries: size=1, first=(t:16, i:337), CONFIGURATIONENTRY(current:id:"omNode-3"address:"localhost:15017"startupRole:FOLLOWER, id:"omNode-1"address:"localhost:15009"startupRole:FOLLOWER, id:"omNode-2"address:"localhost:15013"startupRole:FOLLOWER, old:): org.apache.ratis.thirdparty.io.grpc.StatusRuntimeException: CANCELLED: client cancelled
2025-04-23 04:29:00,440 [grpc-default-executor-1] WARN  server.GrpcLogAppender (LogUtils.java:warn(121)) - omNode-1@group-523986131536->omNode-3-AppendLogResponseHandler: Failed appendEntries: org.apache.ratis.thirdparty.io.grpc.StatusRuntimeException: CANCELLED: RST_STREAM closed stream. HTTP/2 error code: CANCEL
2025-04-23 04:29:00,440 [grpc-default-executor-1] WARN  server.GrpcLogAppender (GrpcLogAppender.java:lambda$resetClient$1(221)) - omNode-1@group-523986131536->omNode-3-GrpcLogAppender: Follower failed (request=null, errorCount=1); keep nextIndex (338) unchanged and retry.
2025-04-23 04:29:00,440 [grpc-default-executor-2] WARN  server.GrpcServerProtocolService (LogUtils.java:warn(121)) - omNode-3: APPEND_ENTRIES onError, lastRequest: null: org.apache.ratis.thirdparty.io.grpc.StatusRuntimeException: CANCELLED: client cancelled
2025-04-23 04:29:00,440 [Thread-5694] INFO  server.GrpcServerProtocolClient (GrpcServerProtocolClient.java:close(105)) - omNode-1 Close channels
2025-04-23 04:29:00,440 [Thread-5695] INFO  server.GrpcServerProtocolClient (GrpcServerProtocolClient.java:close(105)) - omNode-2 Close channels
2025-04-23 04:29:00,443 [omNode-2@group-523986131536-SegmentedRaftLogWorker] INFO  segmented.SegmentedRaftLogWorker (SegmentedRaftLogWorker.java:execute(644)) - omNode-2@group-523986131536-SegmentedRaftLogWorker: created new log segment /home/runner/work/ozone/ozone/hadoop-ozone/integration-test/target/test-dir/MiniOzoneClusterImpl-ff59c164-3798-4a7f-a16d-eeed9ffb3244/omNode-2/ratis/c9bc4cf4-3bc3-3c60-a66b-523986131536/current/log_inprogress_337
2025-04-23 04:29:00,447 [grpc-default-executor-4] WARN  server.GrpcLogAppender (GrpcLogAppender.java:lambda$resetClient$1(221)) - omNode-1@group-523986131536->omNode-3-GrpcLogAppender: Follower failed (request=null, errorCount=3); keep nextIndex (339) unchanged and retry.
2025-04-23 04:29:00,449 [omNode-1@group-523986131536-StateMachineUpdater] INFO  ratis.OzoneManagerStateMachine (OzoneManagerStateMachine.java:notifyConfigurationChanged(231)) - notifyConfigurationChanged from Ratis: term=16, index=337, New Peer list: omNode-3(localhost:15017), omNode-1(localhost:15009), omNode-2(localhost:15013)
2025-04-23 04:29:00,449 [omNode-1@group-523986131536-StateMachineUpdater] INFO  server.RaftServer$Division (LeaderStateImpl.java:checkStartIndex(313)) - Leader omNode-1@group-523986131536-LeaderStateImpl is ready since appliedIndex == startIndex == 337
2025-04-23 04:29:00,450 [omNode-3@group-523986131536-SegmentedRaftLogWorker] INFO  segmented.SegmentedRaftLogWorker (SegmentedRaftLogWorker.java:execute(644)) - omNode-3@group-523986131536-SegmentedRaftLogWorker: created new log segment /home/runner/work/ozone/ozone/hadoop-ozone/integration-test/target/test-dir/MiniOzoneClusterImpl-ff59c164-3798-4a7f-a16d-eeed9ffb3244/omNode-3/ratis/c9bc4cf4-3bc3-3c60-a66b-523986131536/current/log_inprogress_337
2025-04-23 04:29:00,450 [omNode-2@group-523986131536-StateMachineUpdater] INFO  ratis.OzoneManagerStateMachine (OzoneManagerStateMachine.java:notifyConfigurationChanged(231)) - notifyConfigurationChanged from Ratis: term=16, index=337, New Peer list: omNode-3(localhost:15017), omNode-1(localhost:15009), omNode-2(localhost:15013)
2025-04-23 04:29:00,468 [omNode-3@group-523986131536-StateMachineUpdater] INFO  ratis.OzoneManagerStateMachine (OzoneManagerStateMachine.java:takeSnapshotImpl(510)) - omNode-3: taking snapshot. applied = (t:15, i:336), skipped = 335, notified = (t:15, i:336), current snapshot index = (t:15, i:336), took 29 ms
2025-04-23 04:29:00,468 [omNode-3@group-523986131536-StateMachineUpdater] INFO  impl.StateMachineUpdater (StateMachineUpdater.java:takeSnapshot(303)) - omNode-3@group-523986131536-StateMachineUpdater: Took a snapshot at index 336
2025-04-23 04:29:00,468 [omNode-3@group-523986131536-StateMachineUpdater] INFO  impl.StateMachineUpdater (StateMachineUpdater.java:lambda$new$0(102)) - omNode-3@group-523986131536-StateMachineUpdater: snapshotIndex: updateIncreasingly 324 -> 336
2025-04-23 04:29:00,468 [omNode-3@group-523986131536-StateMachineUpdater] INFO  impl.StateMachineUpdater (StateMachineUpdater.java:stop(141)) - omNode-3@group-523986131536-StateMachineUpdater: closing OzoneManagerStateMachine, lastApplied=(t:15, i:336)
2025-04-23 04:29:00,468 [omNode-3@group-523986131536-StateMachineUpdater] INFO  ratis.OzoneManagerStateMachine (OzoneManagerStateMachine.java:close(550)) - Stopping OzoneManagerStateMachine:omNode-3:group-523986131536.
2025-04-23 04:29:00,468 [omNode-3@group-523986131536-StateMachineUpdater] INFO  ratis.OzoneManagerDoubleBuffer (OzoneManagerDoubleBuffer.java:stopDaemon(500)) - Stopping OMDoubleBuffer flush thread
2025-04-23 04:29:00,468 [omNode-3-OMDoubleBufferFlushThread] INFO  ratis.OzoneManagerDoubleBuffer (OzoneManagerDoubleBuffer.java:canFlush(559)) - OMDoubleBuffer flush thread omNode-3-OMDoubleBufferFlushThread is interrupted and will exit.
2025-04-23 04:29:00,469 [Thread-5777] WARN  rocksdiff.RocksDBCheckpointDiffer (RocksDBCheckpointDiffer.java:lambda$onCompactionCompleted$0(492)) - Input file not found in inflightCompactionsMap : /home/runner/work/ozone/ozone/hadoop-ozone/integration-test/target/test-dir/MiniOzoneClusterImpl-ff59c164-3798-4a7f-a16d-eeed9ffb3244/omNode-3/om.db/000162.sst which should have been added on compactionBeginListener.
2025-04-23 04:29:00,469 [Thread-5777] WARN  rocksdiff.RocksDBCheckpointDiffer (RocksDBCheckpointDiffer.java:lambda$onCompactionCompleted$0(492)) - Input file not found in inflightCompactionsMap : /home/runner/work/ozone/ozone/hadoop-ozone/integration-test/target/test-dir/MiniOzoneClusterImpl-ff59c164-3798-4a7f-a16d-eeed9ffb3244/omNode-3/om.db/000087.sst which should have been added on compactionBeginListener.
2025-04-23 04:29:00,469 [Thread-5777] WARN  rocksdiff.RocksDBCheckpointDiffer (RocksDBCheckpointDiffer.java:lambda$onCompactionCompleted$0(492)) - Input file not found in inflightCompactionsMap : /home/runner/work/ozone/ozone/hadoop-ozone/integration-test/target/test-dir/MiniOzoneClusterImpl-ff59c164-3798-4a7f-a16d-eeed9ffb3244/omNode-3/om.db/000058.sst which should have been added on compactionBeginListener.
2025-04-23 04:29:00,470 [Thread-5777] WARN  rocksdiff.RocksDBCheckpointDiffer (RocksDBCheckpointDiffer.java:lambda$onCompactionCompleted$0(492)) - Input file not found in inflightCompactionsMap : /home/runner/work/ozone/ozone/hadoop-ozone/integration-test/target/test-dir/MiniOzoneClusterImpl-ff59c164-3798-4a7f-a16d-eeed9ffb3244/omNode-3/om.db/000176.sst which should have been added on compactionBeginListener.
2025-04-23 04:29:00,469 [omNode-3@group-523986131536-cacheEviction-AwaitToRun] INFO  util.AwaitToRun (AwaitToRun.java:run(49)) - omNode-3@group-523986131536-cacheEviction-AwaitToRun-AwaitForSignal is interrupted
2025-04-23 04:29:00,774 [timer3] WARN  server.GrpcLogAppender (GrpcLogAppender.java:lambda$resetClient$1(221)) - omNode-3@group-523986131536->omNode-1-GrpcLogAppender: Follower failed (request=null, errorCount=26); keep nextIndex (317) unchanged and retry. (Repeated 2 times in the last 5.000s)
2025-04-23 04:29:00,789 [timer6] WARN  server.GrpcLogAppender (GrpcLogAppender.java:lambda$resetClient$1(221)) - omNode-3@group-523986131536->omNode-1-GrpcLogAppender: Follower failed (request=null, errorCount=28); keep nextIndex (318) unchanged and retry. (Repeated 2 times in the last 5.000s)
2025-04-23 04:29:00,791 [timer1] WARN  server.GrpcLogAppender (GrpcLogAppender.java:lambda$resetClient$1(221)) - omNode-3@group-523986131536->omNode-1-GrpcLogAppender: Follower failed (request=null, errorCount=30); keep nextIndex (319) unchanged and retry. (Repeated 2 times in the last 5.001s)
2025-04-23 04:29:00,804 [timer3] WARN  server.GrpcLogAppender (GrpcLogAppender.java:lambda$resetClient$1(221)) - omNode-3@group-523986131536->omNode-1-GrpcLogAppender: Follower failed (request=null, errorCount=32); keep nextIndex (320) unchanged and retry. (Repeated 2 times in the last 5.000s)
2025-04-23 04:29:00,807 [timer6] WARN  server.GrpcLogAppender (GrpcLogAppender.java:lambda$resetClient$1(221)) - omNode-3@group-523986131536->omNode-1-GrpcLogAppender: Follower failed (request=null, errorCount=34); keep nextIndex (321) unchanged and retry. (Repeated 2 times in the last 5.000s)
2025-04-23 04:29:00,814 [timer1] WARN  server.GrpcLogAppender (GrpcLogAppender.java:lambda$resetClient$1(221)) - omNode-3@group-523986131536->omNode-1-GrpcLogAppender: Follower failed (request=null, errorCount=36); keep nextIndex (322) unchanged and retry. (Repeated 2 times in the last 4.999s)
2025-04-23 04:29:00,817 [timer4] WARN  server.GrpcLogAppender (GrpcLogAppender.java:lambda$resetClient$1(221)) - omNode-3@group-523986131536->omNode-1-GrpcLogAppender: Follower failed (request=null, errorCount=38); keep nextIndex (323) unchanged and retry. (Repeated 2 times in the last 5.001s)
2025-04-23 04:29:00,835 [timer2] WARN  server.GrpcLogAppender (GrpcLogAppender.java:lambda$resetClient$1(221)) - omNode-3@group-523986131536->omNode-1-GrpcLogAppender: Follower failed (request=null, errorCount=40); keep nextIndex (324) unchanged and retry. (Repeated 2 times in the last 5.000s)
2025-04-23 04:29:00,841 [timer5] WARN  server.GrpcLogAppender (GrpcLogAppender.java:lambda$resetClient$1(221)) - omNode-3@group-523986131536->omNode-1-GrpcLogAppender: Follower failed (request=null, errorCount=42); keep nextIndex (325) unchanged and retry. (Repeated 2 times in the last 5.001s)
2025-04-23 04:29:01,451 [omNode-3-impl-thread1] INFO  segmented.SegmentedRaftLogWorker (SegmentedRaftLogWorker.java:close(252)) - omNode-3@group-523986131536-SegmentedRaftLogWorker close()
2025-04-23 04:29:03,440 [Thread-5694] WARN  grpc.GrpcUtil (GrpcUtil.java:shutdownManagedChannel(233)) - Timed out gracefully shutting down connection: ManagedChannelOrphanWrapper{delegate=ManagedChannelImpl{logId=1105, target=localhost:15009}}. 
2025-04-23 04:29:03,441 [grpc-default-executor-1] INFO  server.GrpcLogAppender (GrpcLogAppender.java:onError(537)) - omNode-3@group-523986131536->omNode-1-GrpcLogAppender is already stopped
2025-04-23 04:29:03,442 [grpc-default-executor-4] WARN  server.GrpcServerProtocolService (LogUtils.java:warn(121)) - omNode-1: APPEND_ENTRIES onError, lastRequest: null: org.apache.ratis.thirdparty.io.grpc.StatusRuntimeException: CANCELLED: client cancelled
2025-04-23 04:29:05,441 [timer0] WARN  server.GrpcLogAppender (GrpcLogAppender.java:lambda$resetClient$1(221)) - omNode-1@group-523986131536->omNode-3-GrpcLogAppender: Follower failed (request=null, errorCount=2); keep nextIndex (338) unchanged and retry. (Repeated 2 times in the last 5.001s)
2025-04-23 04:29:05,441 [timer7] WARN  server.GrpcLogAppender (LogUtils.java:warn(121)) - omNode-1@group-523986131536->omNode-3-AppendLogResponseHandler: Failed appendEntries (Repeated 18 times in the last 5.001s): org.apache.ratis.thirdparty.io.grpc.StatusRuntimeException: UNAVAILABLE: io exception
2025-04-23 04:29:05,448 [timer2] WARN  server.GrpcLogAppender (GrpcLogAppender.java:lambda$resetClient$1(221)) - omNode-1@group-523986131536->omNode-3-GrpcLogAppender: Follower failed (request=null, errorCount=18); keep nextIndex (339) unchanged and retry. (Repeated 16 times in the last 5.001s)
2025-04-23 04:29:06,442 [Thread-5694] WARN  grpc.GrpcUtil (GrpcUtil.java:shutdownManagedChannel(233)) - Timed out gracefully shutting down connection: ManagedChannelOrphanWrapper{delegate=ManagedChannelImpl{logId=1103, target=localhost:15009}}. 
2025-04-23 04:29:06,442 [grpc-default-executor-4] INFO  server.GrpcLogAppender (GrpcLogAppender.java:onError(537)) - omNode-3@group-523986131536->omNode-1-GrpcLogAppender is already stopped
2025-04-23 04:29:06,443 [main] INFO  server.GrpcService (GrpcService.java:closeImpl(352)) - omNode-3: shutdown server GrpcServerProtocolService successfully
2025-04-23 04:29:06,443 [grpc-default-executor-1] WARN  server.GrpcServerProtocolService (LogUtils.java:warn(121)) - omNode-1: APPEND_ENTRIES onError, lastRequest: omNode-3->omNode-1#1-t15,previous=(t:14, i:324),leaderCommit=324,initializing? false,entries: size=1, first=(t:15, i:325), CONFIGURATIONENTRY(current:id:"omNode-3"address:"localhost:15017"startupRole:FOLLOWER, id:"omNode-1"address:"localhost:15009"startupRole:FOLLOWER, id:"omNode-2"address:"localhost:15013"startupRole:FOLLOWER, old:): org.apache.ratis.thirdparty.io.grpc.StatusRuntimeException: CANCELLED: client cancelled
2025-04-23 04:29:06,443 [JvmPauseMonitor32] INFO  util.JvmPauseMonitor (JvmPauseMonitor.java:run(152)) - JvmPauseMonitor-omNode-3: Stopped
2025-04-23 04:29:06,443 [main] INFO  utils.BackgroundService (BackgroundService.java:shutdown(161)) - Shutting down service KeyDeletingService
2025-04-23 04:29:06,444 [main] INFO  utils.BackgroundService (BackgroundService.java:shutdown(161)) - Shutting down service DirectoryDeletingService
2025-04-23 04:29:06,444 [main] INFO  utils.BackgroundService (BackgroundService.java:shutdown(161)) - Shutting down service OpenKeyCleanupService
2025-04-23 04:29:06,445 [main] INFO  utils.BackgroundService (BackgroundService.java:shutdown(161)) - Shutting down service SstFilteringService
2025-04-23 04:29:06,445 [main] INFO  utils.BackgroundService (BackgroundService.java:shutdown(161)) - Shutting down service SnapshotDeletingService
2025-04-23 04:29:06,445 [main] INFO  utils.BackgroundService (BackgroundService.java:shutdown(161)) - Shutting down service MultipartUploadCleanupService
2025-04-23 04:29:06,446 [main] INFO  handler.ContextHandler (ContextHandler.java:doStop(1159)) - Stopped o.e.j.w.WebAppContext@497d4701{ozoneManager,/,null,STOPPED}{file:/home/runner/work/ozone/ozone/hadoop-ozone/integration-test/target/test-classes/webapps/ozoneManager}
2025-04-23 04:29:06,447 [main] INFO  server.AbstractConnector (AbstractConnector.java:doStop(383)) - Stopped ServerConnector@558e72fd{HTTP/1.1, (http/1.1)}{0.0.0.0:15015}
2025-04-23 04:29:06,447 [main] INFO  server.session (HouseKeeper.java:stopScavenging(149)) - node0 Stopped scavenging
2025-04-23 04:29:06,447 [main] INFO  handler.ContextHandler (ContextHandler.java:doStop(1159)) - Stopped o.e.j.s.ServletContextHandler@3657464{static,/static,file:///home/runner/work/ozone/ozone/hadoop-ozone/integration-test/target/test-classes/webapps/static,STOPPED}
2025-04-23 04:29:06,447 [main] INFO  handler.ContextHandler (ContextHandler.java:doStop(1159)) - Stopped o.e.j.s.ServletContextHandler@39bbda9{logs,/logs,file:///home/runner/work/ozone/ozone/hadoop-ozone/integration-test/target/log,STOPPED}
2025-04-23 04:29:06,448 [main] INFO  rocksdiff.RocksDBCheckpointDiffer (RocksDBCheckpointDiffer.java:close(304)) - Shutting down CompactionDagPruningService.
2025-04-23 04:29:06,450 [main] INFO  snapshot.SnapshotDiffManager (SnapshotDiffManager.java:closeExecutorService(1698)) - Shutting down executorService: 'SnapDiffExecutor'
2025-04-23 04:29:06,451 [main] INFO  utils.BackgroundService (BackgroundService.java:shutdown(161)) - Shutting down service SnapshotDiffCleanupService
2025-04-23 04:29:06,453 [main] INFO  retry.RetryInvocationHandler (RetryInvocationHandler.java:log(426)) - com.google.protobuf.ServiceException: java.io.EOFException: End of File Exception between local host is: "fv-az1441-587/10.1.0.164"; destination host is: "localhost":15014; : java.io.EOFException; For more details see:  http://wiki.apache.org/hadoop/EOFException, while invoking $Proxy68.submitRequest over nodeId=omNode-3,nodeAddress=127.0.0.1:15014. Trying to failover after sleeping for 2000ms. Current retry count: 0.
2025-04-23 04:29:06,764 [grpc-default-executor-1] WARN  server.GrpcLogAppender (LogUtils.java:warn(121)) - omNode-1@group-523986131536->omNode-3-AppendLogResponseHandler: Failed appendEntries: org.apache.ratis.thirdparty.io.grpc.StatusRuntimeException: UNAVAILABLE: io exception
2025-04-23 04:29:06,765 [grpc-default-executor-4] WARN  server.GrpcLogAppender (GrpcLogAppender.java:lambda$resetClient$1(221)) - omNode-1@group-523986131536->omNode-3-GrpcLogAppender: Follower failed (request=null, errorCount=19); keep nextIndex (339) unchanged and retry.
04:29:08.458 [IPC Server handler 1 on default port 15006] ERROR OMAudit - user=runner | ip=127.0.0.1 | op=READ_KEY {volume=volume26717, bucket=120b7807-3623-48dc-a161-d2b85c1ddb73, key=key13698, owner=null, dataSize=0, replicationConfig=null} | ret=FAILURE
org.apache.hadoop.ozone.om.exceptions.OMException: Key:key13698 not found
	at org.apache.hadoop.ozone.om.KeyManagerImpl.readKeyInfo(KeyManagerImpl.java:542) ~[ozone-manager-2.1.0-SNAPSHOT.jar:?]
	at org.apache.hadoop.ozone.om.KeyManagerImpl.lambda$13(KeyManagerImpl.java:2204) ~[ozone-manager-2.1.0-SNAPSHOT.jar:?]
	at org.apache.hadoop.ozone.util.MetricUtil.captureLatencyNs(MetricUtil.java:45) ~[hdds-common-2.1.0-SNAPSHOT.jar:?]
	at org.apache.hadoop.ozone.om.KeyManagerImpl.getKeyInfo(KeyManagerImpl.java:2202) ~[ozone-manager-2.1.0-SNAPSHOT.jar:?]
	at org.apache.hadoop.ozone.om.OmMetadataReader.getKeyInfo(OmMetadataReader.java:190) ~[ozone-manager-2.1.0-SNAPSHOT.jar:?]
	at org.apache.hadoop.ozone.om.OzoneManager.getKeyInfo(OzoneManager.java:3021) ~[ozone-manager-2.1.0-SNAPSHOT.jar:?]
	at org.apache.hadoop.ozone.protocolPB.OzoneManagerRequestHandler.getKeyInfo(OzoneManagerRequestHandler.java:654) ~[ozone-manager-2.1.0-SNAPSHOT.jar:?]
	at org.apache.hadoop.ozone.protocolPB.OzoneManagerRequestHandler.handleReadRequest(OzoneManagerRequestHandler.java:330) ~[ozone-manager-2.1.0-SNAPSHOT.jar:?]
	at org.apache.hadoop.ozone.protocolPB.OzoneManagerProtocolServerSideTranslatorPB.submitReadRequestToOM(OzoneManagerProtocolServerSideTranslatorPB.java:192) ~[ozone-manager-2.1.0-SNAPSHOT.jar:?]
	at org.apache.hadoop.ozone.protocolPB.OzoneManagerProtocolServerSideTranslatorPB.internalProcessRequest(OzoneManagerProtocolServerSideTranslatorPB.java:159) ~[ozone-manager-2.1.0-SNAPSHOT.jar:?]
	at org.apache.hadoop.ozone.protocolPB.OzoneManagerProtocolServerSideTranslatorPB.processRequest(OzoneManagerProtocolServerSideTranslatorPB.java:125) ~[ozone-manager-2.1.0-SNAPSHOT.jar:?]
	at org.apache.hadoop.hdds.server.OzoneProtocolMessageDispatcher.processRequest(OzoneProtocolMessageDispatcher.java:87) ~[hdds-server-framework-2.1.0-SNAPSHOT.jar:?]
	at org.apache.hadoop.ozone.protocolPB.OzoneManagerProtocolServerSideTranslatorPB.submitRequest(OzoneManagerProtocolServerSideTranslatorPB.java:116) ~[ozone-manager-2.1.0-SNAPSHOT.jar:?]
	at org.apache.hadoop.ozone.protocol.proto.OzoneManagerProtocolProtos$OzoneManagerService$2.callBlockingMethod(OzoneManagerProtocolProtos.java) ~[ozone-interface-client-2.1.0-SNAPSHOT.jar:?]
	at org.apache.hadoop.ipc.ProtobufRpcEngine$Server.processCall(ProtobufRpcEngine.java:484) ~[hadoop-common-3.4.1.jar:?]
	at org.apache.hadoop.ipc.ProtobufRpcEngine2$Server$ProtoBufRpcInvoker.call(ProtobufRpcEngine2.java:595) ~[hadoop-common-3.4.1.jar:?]
	at org.apache.hadoop.ipc.ProtobufRpcEngine2$Server$ProtoBufRpcInvoker.call(ProtobufRpcEngine2.java:573) ~[hadoop-common-3.4.1.jar:?]
	at org.apache.hadoop.ipc.RPC$Server.call(RPC.java:1227) ~[hadoop-common-3.4.1.jar:?]
	at org.apache.hadoop.ipc.Server$RpcCall.run(Server.java:1246) ~[hadoop-common-3.4.1.jar:?]
	at org.apache.hadoop.ipc.Server$RpcCall.run(Server.java:1169) ~[hadoop-common-3.4.1.jar:?]
	at java.base/java.security.AccessController.doPrivileged(AccessController.java:714) [?:?]
	at java.base/javax.security.auth.Subject.doAs(Subject.java:525) [?:?]
	at org.apache.hadoop.security.UserGroupInformation.doAs(UserGroupInformation.java:1953) [hadoop-common-3.4.1.jar:?]
	at org.apache.hadoop.ipc.Server$Handler.run(Server.java:3198) [hadoop-common-3.4.1.jar:?]
2025-04-23 04:29:08,472 [main] INFO  om.OzoneManager (OzoneManager.java:stop(2347)) - omNode-3[localhost:15014]: Stopping Ozone Manager
2025-04-23 04:29:08,472 [main] INFO  om.OzoneManager (OzoneManager.java:stop(2347)) - omNode-1[localhost:15006]: Stopping Ozone Manager
2025-04-23 04:29:08,472 [main] INFO  ipc.Server (Server.java:stop(3697)) - Stopping server on 15006
2025-04-23 04:29:08,473 [IPC Server listener on 15006] INFO  ipc.Server (Server.java:run(1585)) - Stopping IPC Server listener on 15006
2025-04-23 04:29:08,473 [IPC Server Responder] INFO  ipc.Server (Server.java:run(1718)) - Stopping IPC Server Responder
2025-04-23 04:29:08,474 [main] INFO  ratis.OzoneManagerRatisServer (OzoneManagerRatisServer.java:stop(634)) - Stopping org.apache.hadoop.ozone.om.ratis.OzoneManagerRatisServer@481c7794 at port 15009
2025-04-23 04:29:08,474 [main] INFO  server.RaftServer (RaftServerProxy.java:lambda$close$9(417)) - omNode-1: close
2025-04-23 04:29:08,475 [main] INFO  server.GrpcService (GrpcService.java:closeImpl(343)) - omNode-1: shutdown server GrpcServerProtocolService now
2025-04-23 04:29:08,475 [omNode-1-impl-thread1] INFO  server.RaftServer$Division (RaftServerImpl.java:lambda$close$1(513)) - omNode-1@group-523986131536: shutdown
2025-04-23 04:29:08,475 [omNode-1-impl-thread1] INFO  util.JmxRegister (JmxRegister.java:unregister(74)) - Successfully un-registered JMX Bean with object name Ratis:service=RaftServer,group=group-523986131536,id=omNode-1
2025-04-23 04:29:08,475 [omNode-1-impl-thread1] INFO  impl.RoleInfo (RoleInfo.java:shutdownLeaderState(103)) - omNode-1: shutdown omNode-1@group-523986131536-LeaderStateImpl
2025-04-23 04:29:08,475 [omNode-1-impl-thread1] INFO  impl.PendingRequests (PendingRequests.java:sendNotLeaderResponses(287)) - omNode-1@group-523986131536-PendingRequests: sendNotLeaderResponses
2025-04-23 04:29:08,475 [omNode-1@group-523986131536->omNode-3-GrpcLogAppender-LogAppenderDaemon] WARN  server.GrpcLogAppender (GrpcLogAppender.java:mayWait(293)) - omNode-1@group-523986131536->omNode-3-GrpcLogAppender: Wait interrupted by java.lang.InterruptedException
2025-04-23 04:29:08,476 [omNode-1@group-523986131536->omNode-2-GrpcLogAppender-LogAppenderDaemon] WARN  server.GrpcLogAppender (GrpcLogAppender.java:mayWait(293)) - omNode-1@group-523986131536->omNode-2-GrpcLogAppender: Wait interrupted by java.lang.InterruptedException
2025-04-23 04:29:08,476 [omNode-1-impl-thread1] INFO  impl.StateMachineUpdater (StateMachineUpdater.java:stopAndJoin(164)) - omNode-1@group-523986131536-StateMachineUpdater: set stopIndex = 338
2025-04-23 04:29:08,476 [grpc-default-executor-4] INFO  server.GrpcServerProtocolService (GrpcServerProtocolService.java:onCompleted(157)) - omNode-2: Completed APPEND_ENTRIES, lastRequest: omNode-1->omNode-2#3-t16,previous=(t:16, i:337),leaderCommit=337,initializing? false,entries: size=1, first=(t:16, i:338), METADATAENTRY(c:337)
2025-04-23 04:29:08,476 [grpc-default-executor-4] INFO  server.GrpcServerProtocolService (GrpcServerProtocolService.java:lambda$onCompleted$5(159)) - omNode-2: Completed APPEND_ENTRIES, lastReply: null
2025-04-23 04:29:08,477 [grpc-default-executor-2] INFO  server.GrpcLogAppender (GrpcLogAppender.java:onCompleted(550)) - omNode-1@group-523986131536->omNode-2-AppendLogResponseHandler: follower responses appendEntries COMPLETED
2025-04-23 04:29:08,478 [grpc-default-executor-1] INFO  server.GrpcServerProtocolService (GrpcServerProtocolService.java:onCompleted(157)) - omNode-2: Completed APPEND_ENTRIES, lastRequest: null
2025-04-23 04:29:08,478 [Thread-5789] INFO  server.GrpcServerProtocolClient (GrpcServerProtocolClient.java:close(105)) - omNode-3 Close channels
2025-04-23 04:29:08,478 [grpc-default-executor-1] INFO  server.GrpcServerProtocolService (GrpcServerProtocolService.java:lambda$onCompleted$5(159)) - omNode-2: Completed APPEND_ENTRIES, lastReply: serverReply {
  requestorId: "omNode-1"
  replyId: "omNode-2"
  raftGroupId {
    id: "\311\274L\364;\303<`\246kR9\206\023\0256"
  }
  callId: 20
  success: true
}
term: 16
nextIndex: 339
followerCommit: 338
matchIndex: 18446744073709551615
isHearbeat: true

2025-04-23 04:29:08,479 [Thread-5791] INFO  server.GrpcServerProtocolClient (GrpcServerProtocolClient.java:close(105)) - omNode-2 Close channels
2025-04-23 04:29:08,479 [grpc-default-executor-1] INFO  server.GrpcLogAppender (GrpcLogAppender.java:onCompleted(550)) - omNode-1@group-523986131536->omNode-2-AppendLogResponseHandler: follower responses appendEntries COMPLETED
2025-04-23 04:29:08,480 [main] INFO  server.GrpcService (GrpcService.java:closeImpl(352)) - omNode-1: shutdown server GrpcServerProtocolService successfully
2025-04-23 04:29:08,480 [grpc-default-executor-1] WARN  server.GrpcLogAppender (GrpcLogAppender.java:resetClient(230)) - omNode-1@group-523986131536->omNode-2-GrpcLogAppender: Failed to getClient for omNode-2
org.apache.ratis.protocol.exceptions.AlreadyClosedException: omNode-1 is already CLOSED
	at org.apache.ratis.util.PeerProxyMap$PeerAndProxy.getProxy(PeerProxyMap.java:67)
	at org.apache.ratis.util.PeerProxyMap.getProxy(PeerProxyMap.java:124)
	at org.apache.ratis.grpc.server.GrpcLogAppender.getClient(GrpcLogAppender.java:200)
	at org.apache.ratis.grpc.server.GrpcLogAppender.resetClient(GrpcLogAppender.java:205)
	at org.apache.ratis.grpc.server.GrpcLogAppender.access$800(GrpcLogAppender.java:64)
	at org.apache.ratis.grpc.server.GrpcLogAppender$AppendLogResponseHandler.onCompleted(GrpcLogAppender.java:551)
	at org.apache.ratis.thirdparty.io.grpc.stub.ClientCalls$StreamObserverToCallListenerAdapter.onClose(ClientCalls.java:479)
	at org.apache.ratis.thirdparty.io.grpc.internal.DelayedClientCall$DelayedListener$3.run(DelayedClientCall.java:489)
	at org.apache.ratis.thirdparty.io.grpc.internal.DelayedClientCall$DelayedListener.delayOrExecute(DelayedClientCall.java:453)
	at org.apache.ratis.thirdparty.io.grpc.internal.DelayedClientCall$DelayedListener.onClose(DelayedClientCall.java:486)
	at org.apache.ratis.thirdparty.io.grpc.internal.ClientCallImpl.closeObserver(ClientCallImpl.java:567)
	at org.apache.ratis.thirdparty.io.grpc.internal.ClientCallImpl.access$300(ClientCallImpl.java:71)
	at org.apache.ratis.thirdparty.io.grpc.internal.ClientCallImpl$ClientStreamListenerImpl$1StreamClosed.runInternal(ClientCallImpl.java:735)
	at org.apache.ratis.thirdparty.io.grpc.internal.ClientCallImpl$ClientStreamListenerImpl$1StreamClosed.runInContext(ClientCallImpl.java:716)
	at org.apache.ratis.thirdparty.io.grpc.internal.ContextRunnable.run(ContextRunnable.java:37)
	at org.apache.ratis.thirdparty.io.grpc.internal.SerializingExecutor.run(SerializingExecutor.java:133)
	at java.base/java.util.concurrent.ThreadPoolExecutor.runWorker(ThreadPoolExecutor.java:1144)
	at java.base/java.util.concurrent.ThreadPoolExecutor$Worker.run(ThreadPoolExecutor.java:642)
	at java.base/java.lang.Thread.run(Thread.java:1583)
2025-04-23 04:29:08,512 [Thread-5861] INFO  rocksdiff.RocksDBCheckpointDiffer (RocksDBCheckpointDiffer.java:shouldSkipCompaction(434)) - Skipped the compaction entry. Compaction input files: [/home/runner/work/ozone/ozone/hadoop-ozone/integration-test/target/test-dir/MiniOzoneClusterImpl-ff59c164-3798-4a7f-a16d-eeed9ffb3244/omNode-1/om.db/000174.sst, /home/runner/work/ozone/ozone/hadoop-ozone/integration-test/target/test-dir/MiniOzoneClusterImpl-ff59c164-3798-4a7f-a16d-eeed9ffb3244/omNode-1/om.db/000091.sst, /home/runner/work/ozone/ozone/hadoop-ozone/integration-test/target/test-dir/MiniOzoneClusterImpl-ff59c164-3798-4a7f-a16d-eeed9ffb3244/omNode-1/om.db/000071.sst, /home/runner/work/ozone/ozone/hadoop-ozone/integration-test/target/test-dir/MiniOzoneClusterImpl-ff59c164-3798-4a7f-a16d-eeed9ffb3244/omNode-1/om.db/000058.sst] and output files: [/home/runner/work/ozone/ozone/hadoop-ozone/integration-test/target/test-dir/MiniOzoneClusterImpl-ff59c164-3798-4a7f-a16d-eeed9ffb3244/omNode-1/om.db/000174.sst, /home/runner/work/ozone/ozone/hadoop-ozone/integration-test/target/test-dir/MiniOzoneClusterImpl-ff59c164-3798-4a7f-a16d-eeed9ffb3244/omNode-1/om.db/000091.sst, /home/runner/work/ozone/ozone/hadoop-ozone/integration-test/target/test-dir/MiniOzoneClusterImpl-ff59c164-3798-4a7f-a16d-eeed9ffb3244/omNode-1/om.db/000071.sst, /home/runner/work/ozone/ozone/hadoop-ozone/integration-test/target/test-dir/MiniOzoneClusterImpl-ff59c164-3798-4a7f-a16d-eeed9ffb3244/omNode-1/om.db/000058.sst] are same.
2025-04-23 04:29:08,514 [omNode-1@group-523986131536-StateMachineUpdater] INFO  ratis.OzoneManagerStateMachine (OzoneManagerStateMachine.java:takeSnapshotImpl(510)) - omNode-1: taking snapshot. applied = (t:16, i:338), skipped = 335, notified = (t:16, i:338), current snapshot index = (t:16, i:338), took 38 ms
2025-04-23 04:29:08,514 [omNode-1@group-523986131536-StateMachineUpdater] INFO  impl.StateMachineUpdater (StateMachineUpdater.java:takeSnapshot(303)) - omNode-1@group-523986131536-StateMachineUpdater: Took a snapshot at index 338
2025-04-23 04:29:08,514 [omNode-1@group-523986131536-StateMachineUpdater] INFO  impl.StateMachineUpdater (StateMachineUpdater.java:lambda$new$0(102)) - omNode-1@group-523986131536-StateMachineUpdater: snapshotIndex: updateIncreasingly 312 -> 338
2025-04-23 04:29:08,514 [omNode-1@group-523986131536-StateMachineUpdater] INFO  impl.StateMachineUpdater (StateMachineUpdater.java:stop(141)) - omNode-1@group-523986131536-StateMachineUpdater: closing OzoneManagerStateMachine, lastApplied=(t:16, i:338)
2025-04-23 04:29:08,514 [omNode-1@group-523986131536-StateMachineUpdater] INFO  ratis.OzoneManagerStateMachine (OzoneManagerStateMachine.java:close(550)) - Stopping OzoneManagerStateMachine:omNode-1:group-523986131536.
2025-04-23 04:29:08,514 [omNode-1@group-523986131536-StateMachineUpdater] INFO  ratis.OzoneManagerDoubleBuffer (OzoneManagerDoubleBuffer.java:stopDaemon(500)) - Stopping OMDoubleBuffer flush thread
2025-04-23 04:29:08,514 [omNode-1-OMDoubleBufferFlushThread] INFO  ratis.OzoneManagerDoubleBuffer (OzoneManagerDoubleBuffer.java:canFlush(559)) - OMDoubleBuffer flush thread omNode-1-OMDoubleBufferFlushThread is interrupted and will exit.
2025-04-23 04:29:08,514 [omNode-1@group-523986131536-cacheEviction-AwaitToRun] INFO  util.AwaitToRun (AwaitToRun.java:run(49)) - omNode-1@group-523986131536-cacheEviction-AwaitToRun-AwaitForSignal is interrupted
2025-04-23 04:29:09,446 [omNode-1-impl-thread1] INFO  segmented.SegmentedRaftLogWorker (SegmentedRaftLogWorker.java:close(252)) - omNode-1@group-523986131536-SegmentedRaftLogWorker close()
2025-04-23 04:29:09,447 [JvmPauseMonitor33] INFO  util.JvmPauseMonitor (JvmPauseMonitor.java:run(152)) - JvmPauseMonitor-omNode-1: Stopped
2025-04-23 04:29:09,447 [main] INFO  utils.BackgroundService (BackgroundService.java:shutdown(161)) - Shutting down service KeyDeletingService
2025-04-23 04:29:09,448 [main] INFO  utils.BackgroundService (BackgroundService.java:shutdown(161)) - Shutting down service DirectoryDeletingService
2025-04-23 04:29:09,449 [main] INFO  utils.BackgroundService (BackgroundService.java:shutdown(161)) - Shutting down service OpenKeyCleanupService
2025-04-23 04:29:09,449 [main] INFO  utils.BackgroundService (BackgroundService.java:shutdown(161)) - Shutting down service SstFilteringService
2025-04-23 04:29:09,449 [main] INFO  utils.BackgroundService (BackgroundService.java:shutdown(161)) - Shutting down service SnapshotDeletingService
2025-04-23 04:29:09,449 [main] INFO  utils.BackgroundService (BackgroundService.java:shutdown(161)) - Shutting down service MultipartUploadCleanupService
2025-04-23 04:29:09,450 [main] INFO  handler.ContextHandler (ContextHandler.java:doStop(1159)) - Stopped o.e.j.w.WebAppContext@ce791d1{ozoneManager,/,null,STOPPED}{file:/home/runner/work/ozone/ozone/hadoop-ozone/integration-test/target/test-classes/webapps/ozoneManager}
2025-04-23 04:29:09,451 [main] INFO  server.AbstractConnector (AbstractConnector.java:doStop(383)) - Stopped ServerConnector@693fc743{HTTP/1.1, (http/1.1)}{0.0.0.0:15007}
2025-04-23 04:29:09,451 [main] INFO  server.session (HouseKeeper.java:stopScavenging(149)) - node0 Stopped scavenging
2025-04-23 04:29:09,451 [main] INFO  handler.ContextHandler (ContextHandler.java:doStop(1159)) - Stopped o.e.j.s.ServletContextHandler@12c96505{static,/static,file:///home/runner/work/ozone/ozone/hadoop-ozone/integration-test/target/test-classes/webapps/static,STOPPED}
2025-04-23 04:29:09,451 [main] INFO  handler.ContextHandler (ContextHandler.java:doStop(1159)) - Stopped o.e.j.s.ServletContextHandler@a34d50a{logs,/logs,file:///home/runner/work/ozone/ozone/hadoop-ozone/integration-test/target/log,STOPPED}
2025-04-23 04:29:09,451 [main] INFO  rocksdiff.RocksDBCheckpointDiffer (RocksDBCheckpointDiffer.java:close(304)) - Shutting down CompactionDagPruningService.
2025-04-23 04:29:09,453 [main] INFO  snapshot.SnapshotDiffManager (SnapshotDiffManager.java:closeExecutorService(1698)) - Shutting down executorService: 'SnapDiffExecutor'
2025-04-23 04:29:09,453 [main] INFO  utils.BackgroundService (BackgroundService.java:shutdown(161)) - Shutting down service SnapshotDiffCleanupService
2025-04-23 04:29:09,454 [main] INFO  om.OzoneManager (OzoneManager.java:stop(2347)) - omNode-2[localhost:15010]: Stopping Ozone Manager
2025-04-23 04:29:09,454 [main] INFO  ipc.Server (Server.java:stop(3697)) - Stopping server on 15010
2025-04-23 04:29:09,455 [IPC Server listener on 15010] INFO  ipc.Server (Server.java:run(1585)) - Stopping IPC Server listener on 15010
2025-04-23 04:29:09,456 [IPC Server Responder] INFO  ipc.Server (Server.java:run(1718)) - Stopping IPC Server Responder
2025-04-23 04:29:09,456 [main] INFO  ratis.OzoneManagerRatisServer (OzoneManagerRatisServer.java:stop(634)) - Stopping org.apache.hadoop.ozone.om.ratis.OzoneManagerRatisServer@73690d48 at port 15013
2025-04-23 04:29:09,456 [main] INFO  server.RaftServer (RaftServerProxy.java:lambda$close$9(417)) - omNode-2: close
2025-04-23 04:29:09,456 [main] INFO  server.GrpcService (GrpcService.java:closeImpl(343)) - omNode-2: shutdown server GrpcServerProtocolService now
2025-04-23 04:29:09,456 [omNode-2-impl-thread1] INFO  server.RaftServer$Division (RaftServerImpl.java:lambda$close$1(513)) - omNode-2@group-523986131536: shutdown
2025-04-23 04:29:09,457 [omNode-2-impl-thread1] INFO  util.JmxRegister (JmxRegister.java:unregister(74)) - Successfully un-registered JMX Bean with object name Ratis:service=RaftServer,group=group-523986131536,id=omNode-2
2025-04-23 04:29:09,457 [omNode-2-impl-thread1] INFO  impl.RoleInfo (RoleInfo.java:shutdownFollowerState(121)) - omNode-2: shutdown omNode-2@group-523986131536-FollowerState
2025-04-23 04:29:09,457 [omNode-2-impl-thread1] INFO  impl.StateMachineUpdater (StateMachineUpdater.java:stopAndJoin(164)) - omNode-2@group-523986131536-StateMachineUpdater: set stopIndex = 338
2025-04-23 04:29:09,457 [omNode-2@group-523986131536-FollowerState] INFO  impl.FollowerState (FollowerState.java:runImpl(170)) - omNode-2@group-523986131536-FollowerState was interrupted
2025-04-23 04:29:09,458 [main] INFO  server.GrpcService (GrpcService.java:closeImpl(352)) - omNode-2: shutdown server GrpcServerProtocolService successfully
2025-04-23 04:29:09,476 [omNode-2@group-523986131536-StateMachineUpdater] INFO  ratis.OzoneManagerStateMachine (OzoneManagerStateMachine.java:takeSnapshotImpl(510)) - omNode-2: taking snapshot. applied = (t:16, i:338), skipped = 335, notified = (t:16, i:338), current snapshot index = (t:16, i:338), took 19 ms
2025-04-23 04:29:09,476 [omNode-2@group-523986131536-StateMachineUpdater] INFO  impl.StateMachineUpdater (StateMachineUpdater.java:takeSnapshot(303)) - omNode-2@group-523986131536-StateMachineUpdater: Took a snapshot at index 338
2025-04-23 04:29:09,476 [omNode-2@group-523986131536-StateMachineUpdater] INFO  impl.StateMachineUpdater (StateMachineUpdater.java:lambda$new$0(102)) - omNode-2@group-523986131536-StateMachineUpdater: snapshotIndex: updateIncreasingly 323 -> 338
2025-04-23 04:29:09,476 [omNode-2@group-523986131536-StateMachineUpdater] INFO  impl.StateMachineUpdater (StateMachineUpdater.java:stop(141)) - omNode-2@group-523986131536-StateMachineUpdater: closing OzoneManagerStateMachine, lastApplied=(t:16, i:338)
2025-04-23 04:29:09,476 [omNode-2@group-523986131536-StateMachineUpdater] INFO  ratis.OzoneManagerStateMachine (OzoneManagerStateMachine.java:close(550)) - Stopping OzoneManagerStateMachine:omNode-2:group-523986131536.
2025-04-23 04:29:09,476 [omNode-2@group-523986131536-StateMachineUpdater] INFO  ratis.OzoneManagerDoubleBuffer (OzoneManagerDoubleBuffer.java:stopDaemon(500)) - Stopping OMDoubleBuffer flush thread
2025-04-23 04:29:09,477 [omNode-2-OMDoubleBufferFlushThread] INFO  ratis.OzoneManagerDoubleBuffer (OzoneManagerDoubleBuffer.java:canFlush(559)) - OMDoubleBuffer flush thread omNode-2-OMDoubleBufferFlushThread is interrupted and will exit.
2025-04-23 04:29:09,477 [Thread-5954] WARN  rocksdiff.RocksDBCheckpointDiffer (RocksDBCheckpointDiffer.java:lambda$onCompactionCompleted$0(492)) - Input file not found in inflightCompactionsMap : /home/runner/work/ozone/ozone/hadoop-ozone/integration-test/target/test-dir/MiniOzoneClusterImpl-ff59c164-3798-4a7f-a16d-eeed9ffb3244/omNode-2/om.db/000179.sst which should have been added on compactionBeginListener.
2025-04-23 04:29:09,477 [Thread-5954] WARN  rocksdiff.RocksDBCheckpointDiffer (RocksDBCheckpointDiffer.java:lambda$onCompactionCompleted$0(492)) - Input file not found in inflightCompactionsMap : /home/runner/work/ozone/ozone/hadoop-ozone/integration-test/target/test-dir/MiniOzoneClusterImpl-ff59c164-3798-4a7f-a16d-eeed9ffb3244/omNode-2/om.db/000166.sst which should have been added on compactionBeginListener.
2025-04-23 04:29:09,477 [Thread-5954] WARN  rocksdiff.RocksDBCheckpointDiffer (RocksDBCheckpointDiffer.java:lambda$onCompactionCompleted$0(492)) - Input file not found in inflightCompactionsMap : /home/runner/work/ozone/ozone/hadoop-ozone/integration-test/target/test-dir/MiniOzoneClusterImpl-ff59c164-3798-4a7f-a16d-eeed9ffb3244/omNode-2/om.db/000087.sst which should have been added on compactionBeginListener.
2025-04-23 04:29:09,477 [Thread-5954] WARN  rocksdiff.RocksDBCheckpointDiffer (RocksDBCheckpointDiffer.java:lambda$onCompactionCompleted$0(492)) - Input file not found in inflightCompactionsMap : /home/runner/work/ozone/ozone/hadoop-ozone/integration-test/target/test-dir/MiniOzoneClusterImpl-ff59c164-3798-4a7f-a16d-eeed9ffb3244/omNode-2/om.db/000058.sst which should have been added on compactionBeginListener.
2025-04-23 04:29:09,477 [omNode-2@group-523986131536-cacheEviction-AwaitToRun] INFO  util.AwaitToRun (AwaitToRun.java:run(49)) - omNode-2@group-523986131536-cacheEviction-AwaitToRun-AwaitForSignal is interrupted
2025-04-23 04:29:10,450 [omNode-2-impl-thread1] INFO  segmented.SegmentedRaftLogWorker (SegmentedRaftLogWorker.java:close(252)) - omNode-2@group-523986131536-SegmentedRaftLogWorker close()
2025-04-23 04:29:10,451 [JvmPauseMonitor34] INFO  util.JvmPauseMonitor (JvmPauseMonitor.java:run(152)) - JvmPauseMonitor-omNode-2: Stopped
2025-04-23 04:29:10,451 [main] INFO  utils.BackgroundService (BackgroundService.java:shutdown(161)) - Shutting down service KeyDeletingService
2025-04-23 04:29:10,452 [main] INFO  utils.BackgroundService (BackgroundService.java:shutdown(161)) - Shutting down service DirectoryDeletingService
2025-04-23 04:29:10,452 [main] INFO  utils.BackgroundService (BackgroundService.java:shutdown(161)) - Shutting down service OpenKeyCleanupService
2025-04-23 04:29:10,453 [main] INFO  utils.BackgroundService (BackgroundService.java:shutdown(161)) - Shutting down service SstFilteringService
2025-04-23 04:29:10,453 [main] INFO  utils.BackgroundService (BackgroundService.java:shutdown(161)) - Shutting down service SnapshotDeletingService
2025-04-23 04:29:10,453 [main] INFO  utils.BackgroundService (BackgroundService.java:shutdown(161)) - Shutting down service MultipartUploadCleanupService
2025-04-23 04:29:10,454 [main] INFO  handler.ContextHandler (ContextHandler.java:doStop(1159)) - Stopped o.e.j.w.WebAppContext@10d45ab3{ozoneManager,/,null,STOPPED}{file:/home/runner/work/ozone/ozone/hadoop-ozone/integration-test/target/test-classes/webapps/ozoneManager}
2025-04-23 04:29:10,454 [main] INFO  server.AbstractConnector (AbstractConnector.java:doStop(383)) - Stopped ServerConnector@3d713a88{HTTP/1.1, (http/1.1)}{0.0.0.0:15011}
2025-04-23 04:29:10,454 [main] INFO  server.session (HouseKeeper.java:stopScavenging(149)) - node0 Stopped scavenging
2025-04-23 04:29:10,455 [main] INFO  handler.ContextHandler (ContextHandler.java:doStop(1159)) - Stopped o.e.j.s.ServletContextHandler@4e923a56{static,/static,file:///home/runner/work/ozone/ozone/hadoop-ozone/integration-test/target/test-classes/webapps/static,STOPPED}
2025-04-23 04:29:10,455 [main] INFO  handler.ContextHandler (ContextHandler.java:doStop(1159)) - Stopped o.e.j.s.ServletContextHandler@1451fc68{logs,/logs,file:///home/runner/work/ozone/ozone/hadoop-ozone/integration-test/target/log,STOPPED}
2025-04-23 04:29:10,455 [main] INFO  rocksdiff.RocksDBCheckpointDiffer (RocksDBCheckpointDiffer.java:close(304)) - Shutting down CompactionDagPruningService.
2025-04-23 04:29:10,457 [main] INFO  snapshot.SnapshotDiffManager (SnapshotDiffManager.java:closeExecutorService(1698)) - Shutting down executorService: 'SnapDiffExecutor'
2025-04-23 04:29:10,457 [main] INFO  utils.BackgroundService (BackgroundService.java:shutdown(161)) - Shutting down service SnapshotDiffCleanupService
2025-04-23 04:29:10,458 [main] INFO  om.OzoneManager (OzoneManager.java:restart(1878)) - OzoneManager RPC server is listening at localhost/127.0.0.1:15014
2025-04-23 04:29:10,458 [main] INFO  impl.MetricsSystemImpl (MetricsSystemImpl.java:init(158)) - OzoneManager metrics system started (again)
2025-04-23 04:29:10,473 [main] WARN  server.ServerUtils (ServerUtils.java:getDBPath(297)) - ozone.om.db.dirs is not configured. We recommend adding this setting. Falling back to ozone.metadata.dirs instead.
2025-04-23 04:29:10,530 [main] INFO  om.OzoneManager (OzoneManager.java:instantiateServices(933)) - S3 Multi-Tenancy is disabled
2025-04-23 04:29:10,530 [main] INFO  om.OmSnapshotManager (OmSnapshotManager.java:<init>(180)) - Ozone filesystem snapshot feature is enabled.
2025-04-23 04:29:10,530 [main] WARN  server.ServerUtils (ServerUtils.java:getDBPath(297)) - ozone.om.snapshot.diff.db.dir is not configured. We recommend adding this setting. Falling back to ozone.metadata.dirs instead.
2025-04-23 04:29:10,555 [main] WARN  server.ServerUtils (ServerUtils.java:getDefaultRatisDirectory(309)) - Storage directory for Ratis is not configured. It is a good idea to map this to an SSD disk. Falling back to ozone.metadata.dirs
2025-04-23 04:29:10,555 [main] INFO  server.RaftServerConfigKeys (ConfUtils.java:logGet(46)) - raft.server.log.appender.buffer.byte-limit = 4194304 (custom)
2025-04-23 04:29:10,556 [main] INFO  ratis.OzoneManagerRatisServer (OzoneManagerRatisServer.java:<init>(167)) - Instantiating OM Ratis server with groupID: om-service-test1 and peers: localhost:15017, localhost:15009, localhost:15013
2025-04-23 04:29:10,556 [main] INFO  ratis.OzoneManagerStateMachine (OzoneManagerStateMachine.java:loadSnapshotInfoFromDB(611)) - LastAppliedIndex is set from TransactionInfo from OM DB as (t:15, i:336)
2025-04-23 04:29:10,557 [main] INFO  server.RaftServer (ConfUtils.java:logGet(46)) - raft.rpc.type = GRPC (default)
2025-04-23 04:29:10,557 [main] INFO  grpc.GrpcConfigKeys (ConfUtils.java:logFallback(53)) - raft.grpc.admin.host = null (fallback to raft.grpc.server.host)
2025-04-23 04:29:10,557 [main] INFO  grpc.GrpcConfigKeys (ConfUtils.java:logFallback(53)) - raft.grpc.admin.port = 15017 (fallback to raft.grpc.server.port)
2025-04-23 04:29:10,557 [main] INFO  grpc.GrpcConfigKeys (ConfUtils.java:logFallback(53)) - raft.grpc.client.host = null (fallback to raft.grpc.server.host)
2025-04-23 04:29:10,557 [main] INFO  grpc.GrpcConfigKeys (ConfUtils.java:logFallback(53)) - raft.grpc.client.port = 15017 (fallback to raft.grpc.server.port)
2025-04-23 04:29:10,557 [main] INFO  grpc.GrpcConfigKeys (ConfUtils.java:logGet(46)) - raft.grpc.server.host = null (default)
2025-04-23 04:29:10,557 [main] INFO  grpc.GrpcConfigKeys (ConfUtils.java:logGet(46)) - raft.grpc.server.port = 15017 (custom)
2025-04-23 04:29:10,557 [main] INFO  server.GrpcService (ConfUtils.java:logGet(46)) - raft.grpc.message.size.max = 5242880 (custom)
2025-04-23 04:29:10,557 [main] INFO  server.GrpcService (ConfUtils.java:logGet(46)) - raft.grpc.flow.control.window = 1MB (=1048576) (default)
2025-04-23 04:29:10,557 [main] INFO  server.RaftServerConfigKeys (ConfUtils.java:logGet(46)) - raft.server.rpc.request.timeout = 3000ms (default)
2025-04-23 04:29:10,558 [main] INFO  grpc.GrpcConfigKeys (ConfUtils.java:logGet(46)) - raft.grpc.server.heartbeat.channel = true (default)
2025-04-23 04:29:10,558 [main] INFO  server.RaftServerConfigKeys (ConfUtils.java:logGet(46)) - raft.server.log.appender.buffer.byte-limit = 4194304 (custom)
2025-04-23 04:29:10,558 [main] INFO  grpc.GrpcConfigKeys (ConfUtils.java:logGet(46)) - raft.grpc.server.async.request.thread.pool.cached = true (default)
2025-04-23 04:29:10,558 [main] INFO  grpc.GrpcConfigKeys (ConfUtils.java:logGet(46)) - raft.grpc.server.async.request.thread.pool.size = 32 (default)
2025-04-23 04:29:10,559 [main] INFO  impl.DataStreamServerImpl (ConfUtils.java:logGet(46)) - raft.datastream.type = DISABLED (default)
2025-04-23 04:29:10,559 [main] INFO  server.RaftServerConfigKeys (ConfUtils.java:logGet(46)) - raft.server.sleep.deviation.threshold = 300ms (default)
2025-04-23 04:29:10,559 [main] INFO  server.RaftServerConfigKeys (ConfUtils.java:logGet(46)) - raft.server.close.threshold = 60s (default)
2025-04-23 04:29:10,559 [main] INFO  server.RaftServerConfigKeys (ConfUtils.java:logGet(46)) - raft.server.leaderelection.leader.step-down.wait-time = 10s (default)
2025-04-23 04:29:10,559 [main] INFO  server.RaftServerConfigKeys (ConfUtils.java:logGet(46)) - raft.server.storage.dir = [/home/runner/work/ozone/ozone/hadoop-ozone/integration-test/target/test-dir/MiniOzoneClusterImpl-ff59c164-3798-4a7f-a16d-eeed9ffb3244/omNode-3/ratis] (custom)
2025-04-23 04:29:10,559 [main] INFO  server.RaftServerConfigKeys (ConfUtils.java:logGet(46)) - raft.server.threadpool.proxy.cached = true (default)
2025-04-23 04:29:10,559 [main] INFO  server.RaftServerConfigKeys (ConfUtils.java:logGet(46)) - raft.server.threadpool.proxy.size = 0 (default)
2025-04-23 04:29:10,560 [omNode-3-impl-thread1] INFO  server.RaftServer (RaftServerProxy.java:initGroupDir(265)) - omNode-3: found a subdirectory /home/runner/work/ozone/ozone/hadoop-ozone/integration-test/target/test-dir/MiniOzoneClusterImpl-ff59c164-3798-4a7f-a16d-eeed9ffb3244/omNode-3/ratis/c9bc4cf4-3bc3-3c60-a66b-523986131536
2025-04-23 04:29:10,560 [main] INFO  server.RaftServer (RaftServerProxy.java:addNew(100)) - omNode-3: addNew group-523986131536:[omNode-3|localhost:15017, omNode-1|localhost:15009, omNode-2|localhost:15013] returns group-523986131536:java.util.concurrent.CompletableFuture@10a071c6[Not completed]
2025-04-23 04:29:10,560 [main] INFO  om.OzoneManager (OzoneManager.java:initializeRatisServer(2303)) - OzoneManager Ratis server initialized at port 15017
2025-04-23 04:29:10,560 [main] INFO  ratis.OzoneManagerRatisServer (OzoneManagerRatisServer.java:start(628)) - Starting OzoneManagerRatisServer omNode-3 at port 15017
2025-04-23 04:29:10,560 [omNode-3-groupManagement] INFO  server.RaftServer$Division (RaftServerImpl.java:<init>(255)) - omNode-3: new RaftServerImpl for group-523986131536:[omNode-3|localhost:15017, omNode-1|localhost:15009, omNode-2|localhost:15013] with OzoneManagerStateMachine:uninitialized
2025-04-23 04:29:10,561 [omNode-3-groupManagement] INFO  server.RaftServerConfigKeys (ConfUtils.java:logGet(46)) - raft.server.rpc.timeout.min = 1s (custom)
2025-04-23 04:29:10,561 [omNode-3-groupManagement] INFO  server.RaftServerConfigKeys (ConfUtils.java:logGet(46)) - raft.server.rpc.timeout.max = 1200ms (custom)
2025-04-23 04:29:10,561 [omNode-3-groupManagement] INFO  server.RaftServerConfigKeys (ConfUtils.java:logGet(46)) - raft.server.rpc.sleep.time = 25ms (default)
2025-04-23 04:29:10,561 [omNode-3-groupManagement] INFO  server.RaftServerConfigKeys (ConfUtils.java:logGet(46)) - raft.server.rpc.slowness.timeout = 2s (custom)
2025-04-23 04:29:10,561 [omNode-3-groupManagement] INFO  server.RaftServerConfigKeys (ConfUtils.java:logGet(46)) - raft.server.leaderelection.leader.step-down.wait-time = 10s (default)
2025-04-23 04:29:10,561 [omNode-3-groupManagement] INFO  server.RaftServerConfigKeys (ConfUtils.java:logGet(46)) - raft.server.leaderelection.member.majority-add = false (default)
2025-04-23 04:29:10,561 [omNode-3-groupManagement] INFO  server.RaftServerConfigKeys (ConfUtils.java:logGet(46)) - raft.server.sleep.deviation.threshold = 300ms (default)
2025-04-23 04:29:10,561 [omNode-3-groupManagement] INFO  server.RaftServer$Division (ServerState.java:<init>(114)) - omNode-3@group-523986131536: ConfigurationManager, init=conf: {index: -1, cur=peers:[omNode-3|localhost:15017, omNode-1|localhost:15009, omNode-2|localhost:15013]|listeners:[], old=null}, confs=<EMPTY_MAP>
2025-04-23 04:29:10,561 [omNode-3-groupManagement] INFO  server.RaftServerConfigKeys (ConfUtils.java:logGet(46)) - raft.server.notification.no-leader.timeout = 2s (custom)
2025-04-23 04:29:10,561 [omNode-3-groupManagement] INFO  server.RaftServerConfigKeys (ConfUtils.java:logGet(46)) - raft.server.read.timeout = 10s (default)
2025-04-23 04:29:10,561 [omNode-3-groupManagement] INFO  server.RaftServerConfigKeys (ConfUtils.java:logGet(46)) - raft.server.retrycache.expirytime = 30000ms (custom)
2025-04-23 04:29:10,561 [omNode-3-groupManagement] INFO  server.RaftServerConfigKeys (ConfUtils.java:logGet(46)) - raft.server.retrycache.statistics.expirytime = 100ms (default)
2025-04-23 04:29:10,561 [omNode-3-groupManagement] INFO  server.RaftServerConfigKeys (ConfUtils.java:logGet(46)) - raft.server.read.option = DEFAULT (default)
2025-04-23 04:29:10,561 [omNode-3-groupManagement] INFO  server.RaftServerConfigKeys (ConfUtils.java:logGet(46)) - raft.server.read.read-after-write-consistent.write-index-cache.expiry-time = 60s (default)
2025-04-23 04:29:10,562 [omNode-3-groupManagement] INFO  server.RaftServerConfigKeys (ConfUtils.java:logGet(46)) - raft.server.rpc.request.timeout = 3000ms (default)
2025-04-23 04:29:10,562 [omNode-3-groupManagement] INFO  server.RaftServerConfigKeys (ConfUtils.java:logGet(46)) - raft.server.log.appender.install.snapshot.enabled = false (custom)
2025-04-23 04:29:10,562 [omNode-3-groupManagement] INFO  server.RaftServerConfigKeys (ConfUtils.java:logGet(46)) - raft.server.threadpool.server.cached = true (default)
2025-04-23 04:29:10,562 [omNode-3-groupManagement] INFO  server.RaftServerConfigKeys (ConfUtils.java:logGet(46)) - raft.server.threadpool.server.size = 0 (default)
2025-04-23 04:29:10,562 [omNode-3-groupManagement] INFO  server.RaftServerConfigKeys (ConfUtils.java:logGet(46)) - raft.server.threadpool.client.cached = true (default)
2025-04-23 04:29:10,562 [omNode-3-groupManagement] INFO  server.RaftServerConfigKeys (ConfUtils.java:logGet(46)) - raft.server.threadpool.client.size = 0 (default)
2025-04-23 04:29:10,562 [omNode-3-impl-thread1] INFO  server.RaftServerConfigKeys (ConfUtils.java:logGet(46)) - raft.server.storage.free-space.min = 0MB (=0) (default)
2025-04-23 04:29:10,562 [omNode-3-impl-thread1] INFO  server.RaftServerConfigKeys (ConfUtils.java:logGet(46)) - raft.server.log.corruption.policy = EXCEPTION (default)
2025-04-23 04:29:10,562 [omNode-3-impl-thread1] INFO  server.RaftServerConfigKeys (ConfUtils.java:logGet(46)) - raft.server.storage.dir = [/home/runner/work/ozone/ozone/hadoop-ozone/integration-test/target/test-dir/MiniOzoneClusterImpl-ff59c164-3798-4a7f-a16d-eeed9ffb3244/omNode-3/ratis] (custom)
2025-04-23 04:29:10,563 [omNode-3-impl-thread1] INFO  storage.RaftStorageDirectory (RaftStorageDirectoryImpl.java:tryLock(229)) - Lock on /home/runner/work/ozone/ozone/hadoop-ozone/integration-test/target/test-dir/MiniOzoneClusterImpl-ff59c164-3798-4a7f-a16d-eeed9ffb3244/omNode-3/ratis/c9bc4cf4-3bc3-3c60-a66b-523986131536/in_use.lock acquired by nodename 129558@fv-az1441-587
2025-04-23 04:29:10,564 [omNode-3-impl-thread1] INFO  storage.RaftStorage (RaftStorageImpl.java:analyzeAndRecoverStorage(118)) - Read RaftStorageMetadata{term=16, votedFor=omNode-1} from /home/runner/work/ozone/ozone/hadoop-ozone/integration-test/target/test-dir/MiniOzoneClusterImpl-ff59c164-3798-4a7f-a16d-eeed9ffb3244/omNode-3/ratis/c9bc4cf4-3bc3-3c60-a66b-523986131536/current/raft-meta
2025-04-23 04:29:10,564 [omNode-3-impl-thread1] INFO  server.RaftServer$Division (ServerState.java:setRaftConf(386)) - omNode-3@group-523986131536: set configuration conf: {index: 325, cur=peers:[omNode-3|localhost:15017, omNode-1|localhost:15009, omNode-2|localhost:15013]|listeners:[], old=null}
2025-04-23 04:29:10,564 [omNode-3-impl-thread1] INFO  ratis.OzoneManagerStateMachine (OzoneManagerStateMachine.java:lambda$0(138)) - omNode-3: initialize group-523986131536 with (t:15, i:336)
2025-04-23 04:29:10,564 [omNode-3-impl-thread1] INFO  server.RaftServerConfigKeys (ConfUtils.java:logGet(46)) - raft.server.log.use.memory = false (default)
2025-04-23 04:29:10,564 [omNode-3-impl-thread1] INFO  server.RaftServerConfigKeys (ConfUtils.java:logGet(46)) - raft.server.log.purge.gap = 50 (custom)
2025-04-23 04:29:10,564 [omNode-3-impl-thread1] INFO  server.RaftServerConfigKeys (ConfUtils.java:logGet(46)) - raft.server.log.appender.buffer.byte-limit = 4194304 (custom)
2025-04-23 04:29:10,564 [omNode-3-impl-thread1] INFO  server.RaftServerConfigKeys (ConfUtils.java:logGet(46)) - raft.server.log.statemachine.data.read.timeout = 1000ms (default)
2025-04-23 04:29:10,564 [omNode-3-impl-thread1] INFO  server.RaftServerConfigKeys (ConfUtils.java:logGet(46)) - raft.server.log.purge.preservation.log.num = 0 (default)
2025-04-23 04:29:10,565 [omNode-3-impl-thread1] INFO  server.RaftServerConfigKeys (ConfUtils.java:logGet(46)) - raft.server.log.segment.size.max = 4194304 (custom)
2025-04-23 04:29:10,565 [omNode-3-impl-thread1] INFO  server.RaftServerConfigKeys (ConfUtils.java:logGet(46)) - raft.server.log.segment.cache.num.max = 2 (custom)
2025-04-23 04:29:10,565 [omNode-3-impl-thread1] INFO  server.RaftServerConfigKeys (ConfUtils.java:logGet(46)) - raft.server.log.segment.cache.size.max = 200MB (=209715200) (default)
2025-04-23 04:29:10,565 [omNode-3-impl-thread1] INFO  server.RaftServerConfigKeys (ConfUtils.java:logGet(46)) - raft.server.log.appender.buffer.byte-limit = 4194304 (custom)
2025-04-23 04:29:10,565 [omNode-3-impl-thread1] INFO  util.AwaitToRun (AwaitToRun.java:start(81)) - Thread[#6857,omNode-3@group-523986131536-cacheEviction-AwaitToRun,5,main] started
2025-04-23 04:29:10,565 [omNode-3-impl-thread1] INFO  segmented.SegmentedRaftLogWorker (SegmentedRaftLogWorker.java:<init>(188)) - new omNode-3@group-523986131536-SegmentedRaftLogWorker for RaftStorageImpl:Storage Directory /home/runner/work/ozone/ozone/hadoop-ozone/integration-test/target/test-dir/MiniOzoneClusterImpl-ff59c164-3798-4a7f-a16d-eeed9ffb3244/omNode-3/ratis/c9bc4cf4-3bc3-3c60-a66b-523986131536
2025-04-23 04:29:10,565 [omNode-3-impl-thread1] INFO  server.RaftServerConfigKeys (ConfUtils.java:logGet(46)) - raft.server.log.queue.byte-limit = 64MB (=67108864) (default)
2025-04-23 04:29:10,565 [omNode-3-impl-thread1] INFO  server.RaftServerConfigKeys (ConfUtils.java:logGet(46)) - raft.server.log.queue.element-limit = 4096 (default)
2025-04-23 04:29:10,565 [omNode-3-impl-thread1] INFO  server.RaftServerConfigKeys (ConfUtils.java:logGet(46)) - raft.server.log.segment.size.max = 4194304 (custom)
2025-04-23 04:29:10,565 [omNode-3-impl-thread1] INFO  server.RaftServerConfigKeys (ConfUtils.java:logGet(46)) - raft.server.log.preallocated.size = 4194304 (custom)
2025-04-23 04:29:10,565 [omNode-3-impl-thread1] INFO  server.RaftServerConfigKeys (ConfUtils.java:logGet(46)) - raft.server.log.force.sync.num = 128 (default)
2025-04-23 04:29:10,565 [omNode-3-impl-thread1] INFO  server.RaftServerConfigKeys (ConfUtils.java:logGet(46)) - raft.server.log.statemachine.data.sync = true (default)
2025-04-23 04:29:10,565 [omNode-3-impl-thread1] INFO  server.RaftServerConfigKeys (ConfUtils.java:logGet(46)) - raft.server.log.statemachine.data.sync.timeout = 10s (default)
2025-04-23 04:29:10,565 [omNode-3-impl-thread1] INFO  server.RaftServerConfigKeys (ConfUtils.java:logGet(46)) - raft.server.log.statemachine.data.sync.timeout.retry = -1 (default)
2025-04-23 04:29:10,566 [omNode-3-impl-thread1] INFO  server.RaftServerConfigKeys (ConfUtils.java:logGet(46)) - raft.server.log.write.buffer.size = 4194312 (custom)
2025-04-23 04:29:10,567 [omNode-3-impl-thread1] INFO  server.RaftServerConfigKeys (ConfUtils.java:logGet(46)) - raft.server.log.appender.buffer.byte-limit = 4194304 (custom)
2025-04-23 04:29:10,567 [omNode-3-impl-thread1] INFO  server.RaftServerConfigKeys (ConfUtils.java:logGet(46)) - raft.server.log.unsafe-flush.enabled = false (default)
2025-04-23 04:29:10,567 [omNode-3-impl-thread1] INFO  server.RaftServerConfigKeys (ConfUtils.java:logGet(46)) - raft.server.log.async-flush.enabled = false (default)
2025-04-23 04:29:10,567 [omNode-3-impl-thread1] INFO  server.RaftServerConfigKeys (ConfUtils.java:logGet(46)) - raft.server.log.statemachine.data.caching.enabled = false (default)
2025-04-23 04:29:10,567 [omNode-3-impl-thread1] INFO  server.RaftServer$Division (ServerState.java:setRaftConf(386)) - omNode-3@group-523986131536: set configuration conf: {index: 313, cur=peers:[omNode-3|localhost:15017, omNode-1|localhost:15009, omNode-2|localhost:15013]|listeners:[], old=null}
2025-04-23 04:29:10,568 [omNode-3-impl-thread1] INFO  segmented.LogSegment (LogSegment.java:loadSegment(171)) - Successfully read 12 entries from segment file /home/runner/work/ozone/ozone/hadoop-ozone/integration-test/target/test-dir/MiniOzoneClusterImpl-ff59c164-3798-4a7f-a16d-eeed9ffb3244/omNode-3/ratis/c9bc4cf4-3bc3-3c60-a66b-523986131536/current/log_313-324
2025-04-23 04:29:10,568 [omNode-3-impl-thread1] INFO  server.RaftServer$Division (ServerState.java:setRaftConf(386)) - omNode-3@group-523986131536: set configuration conf: {index: 325, cur=peers:[omNode-3|localhost:15017, omNode-1|localhost:15009, omNode-2|localhost:15013]|listeners:[], old=null}
2025-04-23 04:29:10,568 [omNode-3-impl-thread1] INFO  segmented.LogSegment (LogSegment.java:loadSegment(171)) - Successfully read 12 entries from segment file /home/runner/work/ozone/ozone/hadoop-ozone/integration-test/target/test-dir/MiniOzoneClusterImpl-ff59c164-3798-4a7f-a16d-eeed9ffb3244/omNode-3/ratis/c9bc4cf4-3bc3-3c60-a66b-523986131536/current/log_325-336
2025-04-23 04:29:10,568 [omNode-3-impl-thread1] INFO  server.RaftServer$Division (ServerState.java:setRaftConf(386)) - omNode-3@group-523986131536: set configuration conf: {index: 337, cur=peers:[omNode-3|localhost:15017, omNode-1|localhost:15009, omNode-2|localhost:15013]|listeners:[], old=null}
2025-04-23 04:29:10,568 [omNode-3-impl-thread1] INFO  segmented.LogSegment (LogSegment.java:loadSegment(171)) - Successfully read 1 entries from segment file /home/runner/work/ozone/ozone/hadoop-ozone/integration-test/target/test-dir/MiniOzoneClusterImpl-ff59c164-3798-4a7f-a16d-eeed9ffb3244/omNode-3/ratis/c9bc4cf4-3bc3-3c60-a66b-523986131536/current/log_inprogress_337
2025-04-23 04:29:10,568 [omNode-3-impl-thread1] INFO  segmented.SegmentedRaftLogWorker (SegmentedRaftLogWorker.java:lambda$new$0(139)) - omNode-3@group-523986131536-SegmentedRaftLogWorker: flushIndex: setUnconditionally 0 -> 337
2025-04-23 04:29:10,568 [omNode-3-impl-thread1] INFO  segmented.SegmentedRaftLogWorker (SegmentedRaftLogWorker.java:lambda$new$0(139)) - omNode-3@group-523986131536-SegmentedRaftLogWorker: safeCacheEvictIndex: setUnconditionally 0 -> 336
2025-04-23 04:29:10,568 [omNode-3-impl-thread1] INFO  segmented.BufferedWriteChannel (BufferedWriteChannel.java:open(61)) - open log_inprogress_337 (append) at position 113
2025-04-23 04:29:10,569 [omNode-3-impl-thread1] INFO  raftlog.RaftLog (RaftLogBase.java:lambda$new$0(54)) - omNode-3@group-523986131536-SegmentedRaftLog: purgeIndex: updateToMax old=-1, new=312, updated? true
2025-04-23 04:29:10,569 [omNode-3-impl-thread1] INFO  server.RaftServer$Division (RaftServerImpl.java:start(391)) - omNode-3@group-523986131536: start as a follower, conf=conf: {index: 337, cur=peers:[omNode-3|localhost:15017, omNode-1|localhost:15009, omNode-2|localhost:15013]|listeners:[], old=null}
2025-04-23 04:29:10,569 [omNode-3-impl-thread1] INFO  server.RaftServer$Division (RaftServerImpl.java:setRole(378)) - omNode-3@group-523986131536: changes role from      null to FOLLOWER at term 16 for startAsFollower
2025-04-23 04:29:10,569 [omNode-3-impl-thread1] INFO  impl.RoleInfo (RoleInfo.java:updateAndGet(148)) - omNode-3: start omNode-3@group-523986131536-FollowerState
2025-04-23 04:29:10,570 [omNode-3-impl-thread1] INFO  util.JmxRegister (JmxRegister.java:tryRegister(44)) - Successfully registered JMX Bean with object name Ratis:service=RaftServer,group=group-523986131536,id=omNode-3
2025-04-23 04:29:10,570 [omNode-3-impl-thread1] INFO  util.JmxRegister (JmxRegister.java:register(58)) - register mxBean class org.apache.ratis.server.impl.RaftServerJmxAdapter as Ratis:service=RaftServer,group=group-523986131536,id=omNode-3
2025-04-23 04:29:10,570 [omNode-3-impl-thread1] INFO  server.RaftServerConfigKeys (ConfUtils.java:logGet(46)) - raft.server.snapshot.trigger-when-stop.enabled = true (default)
2025-04-23 04:29:10,570 [omNode-3-impl-thread1] INFO  server.RaftServerConfigKeys (ConfUtils.java:logGet(46)) - raft.server.snapshot.trigger-when-remove.enabled = true (default)
2025-04-23 04:29:10,570 [omNode-3-impl-thread1] INFO  server.RaftServerConfigKeys (ConfUtils.java:logGet(46)) - raft.server.snapshot.auto.trigger.enabled = true (custom)
2025-04-23 04:29:10,570 [omNode-3-impl-thread1] INFO  server.RaftServerConfigKeys (ConfUtils.java:logGet(46)) - raft.server.snapshot.auto.trigger.threshold = 50 (custom)
2025-04-23 04:29:10,570 [omNode-3-impl-thread1] INFO  server.RaftServerConfigKeys (ConfUtils.java:logGet(46)) - raft.server.snapshot.retention.file.num = -1 (default)
2025-04-23 04:29:10,570 [omNode-3-impl-thread1] INFO  server.RaftServerConfigKeys (ConfUtils.java:logGet(46)) - raft.server.log.purge.upto.snapshot.index = true (custom)
2025-04-23 04:29:10,570 [omNode-3@group-523986131536-FollowerState] INFO  server.RaftServerConfigKeys (ConfUtils.java:logFallback(53)) - raft.server.rpc.first-election.timeout.min = 1s (fallback to raft.server.rpc.timeout.min)
2025-04-23 04:29:10,571 [omNode-3@group-523986131536-FollowerState] INFO  server.RaftServerConfigKeys (ConfUtils.java:logFallback(53)) - raft.server.rpc.first-election.timeout.max = 1200ms (fallback to raft.server.rpc.timeout.max)
2025-04-23 04:29:10,571 [omNode-3-impl-thread1] INFO  server.RaftServer$Division (RaftServerImpl.java:start(405)) - omNode-3@group-523986131536: Successfully started.
2025-04-23 04:29:10,571 [main] INFO  server.RaftServer (RaftServerProxy.java:startImpl(407)) - omNode-3: start RPC server
2025-04-23 04:29:10,571 [main] INFO  server.GrpcService (GrpcService.java:startImpl(334)) - omNode-3: GrpcService started, listening on 15017
2025-04-23 04:29:10,571 [main] INFO  om.OzoneManager (OzoneManager.java:getRpcServer(1360)) - Creating RPC Server
2025-04-23 04:29:10,572 [JvmPauseMonitor35] INFO  util.JvmPauseMonitor (JvmPauseMonitor.java:run(146)) - JvmPauseMonitor-omNode-3: Started
2025-04-23 04:29:10,950 [main] INFO  reflections.Reflections (Reflections.java:scan(219)) - Reflections took 378 ms to scan 22 urls, producing 61 keys and 7422 values
2025-04-23 04:29:10,951 [main] INFO  ipc.CallQueueManager (CallQueueManager.java:<init>(93)) - Using callQueue: class java.util.concurrent.LinkedBlockingQueue, queueCapacity: 2000, scheduler: class org.apache.hadoop.ipc.DefaultRpcScheduler, ipcBackoff: false, ipcFailOver: false.
2025-04-23 04:29:10,951 [main] INFO  ipc.Server (Server.java:<init>(1438)) - Listener at localhost:15014
2025-04-23 04:29:10,952 [Socket Reader #1 for port 15014] INFO  ipc.Server (Server.java:run(1474)) - Starting Socket Reader #1 for port 15014
2025-04-23 04:29:10,952 [Socket Reader #2 for port 15014] INFO  ipc.Server (Server.java:run(1474)) - Starting Socket Reader #2 for port 15014
2025-04-23 04:29:10,952 [Socket Reader #3 for port 15014] INFO  ipc.Server (Server.java:run(1474)) - Starting Socket Reader #3 for port 15014
2025-04-23 04:29:10,952 [Socket Reader #4 for port 15014] INFO  ipc.Server (Server.java:run(1474)) - Starting Socket Reader #4 for port 15014
2025-04-23 04:29:10,953 [Socket Reader #5 for port 15014] INFO  ipc.Server (Server.java:run(1474)) - Starting Socket Reader #5 for port 15014
2025-04-23 04:29:10,953 [Socket Reader #6 for port 15014] INFO  ipc.Server (Server.java:run(1474)) - Starting Socket Reader #6 for port 15014
2025-04-23 04:29:10,953 [Socket Reader #7 for port 15014] INFO  ipc.Server (Server.java:run(1474)) - Starting Socket Reader #7 for port 15014
2025-04-23 04:29:10,953 [Socket Reader #8 for port 15014] INFO  ipc.Server (Server.java:run(1474)) - Starting Socket Reader #8 for port 15014
2025-04-23 04:29:10,953 [Socket Reader #9 for port 15014] INFO  ipc.Server (Server.java:run(1474)) - Starting Socket Reader #9 for port 15014
2025-04-23 04:29:10,953 [Socket Reader #10 for port 15014] INFO  ipc.Server (Server.java:run(1474)) - Starting Socket Reader #10 for port 15014
2025-04-23 04:29:10,955 [main] INFO  http.BaseHttpServer (BaseHttpServer.java:newHttpServer2BuilderForOzone(229)) - Starting Web-server for ozoneManager at: http://0.0.0.0:15015
2025-04-23 04:29:10,955 [main] INFO  http.BaseHttpServer (BaseHttpServer.java:<init>(107)) - Hadoop Security Enabled: false Ozone Security Enabled: false Ozone HTTP Security Enabled: false 
2025-04-23 04:29:10,956 [main] WARN  server.AuthenticationFilter (AuthenticationFilter.java:constructSecretProvider(240)) - Unable to initialize FileSignerSecretProvider, falling back to use random secrets. Reason: Could not read signature secret file: /home/runner/hadoop-http-auth-signature-secret
2025-04-23 04:29:10,957 [main] INFO  http.HttpServer2 (HttpServer2.java:addGlobalFilter(1041)) - Added global filter 'safety' (class=org.apache.hadoop.hdds.server.http.HttpServer2$QuotingInputFilter)
2025-04-23 04:29:10,958 [main] INFO  http.HttpServer2 (HttpServer2.java:addFilter(1017)) - Added filter static_user_filter (class=org.apache.hadoop.http.lib.StaticUserWebFilter$StaticUserFilter) to context ozoneManager
2025-04-23 04:29:10,958 [main] INFO  http.HttpServer2 (HttpServer2.java:addFilter(1025)) - Added filter static_user_filter (class=org.apache.hadoop.http.lib.StaticUserWebFilter$StaticUserFilter) to context logs
2025-04-23 04:29:10,958 [main] INFO  http.HttpServer2 (HttpServer2.java:addFilter(1025)) - Added filter static_user_filter (class=org.apache.hadoop.http.lib.StaticUserWebFilter$StaticUserFilter) to context static
2025-04-23 04:29:10,958 [main] INFO  http.BaseHttpServer (BaseHttpServer.java:<init>(195)) - HTTP server of ozoneManager uses base directory /home/runner/work/ozone/ozone/hadoop-ozone/integration-test/target/test-dir/MiniOzoneClusterImpl-ff59c164-3798-4a7f-a16d-eeed9ffb3244/omNode-3/webserver
2025-04-23 04:29:10,958 [main] INFO  http.HttpServer2 (HttpServer2.java:bindListener(1241)) - Jetty bound to port 15015
2025-04-23 04:29:10,958 [main] INFO  server.Server (Server.java:doStart(375)) - jetty-9.4.57.v20241219; built: 2025-01-08T21:24:30.412Z; git: df524e6b29271c2e09ba9aea83c18dc9db464a31; jvm 21.0.7+6-LTS
2025-04-23 04:29:10,960 [main] INFO  server.session (DefaultSessionIdManager.java:doStart(334)) - DefaultSessionIdManager workerName=node0
2025-04-23 04:29:10,960 [main] INFO  server.session (DefaultSessionIdManager.java:doStart(339)) - No SessionScavenger set, using defaults
2025-04-23 04:29:10,960 [main] INFO  server.session (HouseKeeper.java:startScavenging(132)) - node0 Scavenging every 660000ms
2025-04-23 04:29:10,960 [main] INFO  handler.ContextHandler (ContextHandler.java:doStart(921)) - Started o.e.j.s.ServletContextHandler@4e6cda4{logs,/logs,file:///home/runner/work/ozone/ozone/hadoop-ozone/integration-test/target/log,AVAILABLE}
2025-04-23 04:29:10,960 [main] INFO  handler.ContextHandler (ContextHandler.java:doStart(921)) - Started o.e.j.s.ServletContextHandler@75dbfc86{static,/static,file:///home/runner/work/ozone/ozone/hadoop-ozone/integration-test/target/test-classes/webapps/static,AVAILABLE}
2025-04-23 04:29:10,964 [main] INFO  handler.ContextHandler (ContextHandler.java:doStart(921)) - Started o.e.j.w.WebAppContext@776d4e0a{ozoneManager,/,file:///home/runner/work/ozone/ozone/hadoop-ozone/integration-test/target/test-classes/webapps/ozoneManager/,AVAILABLE}{file:/home/runner/work/ozone/ozone/hadoop-ozone/integration-test/target/test-classes/webapps/ozoneManager}
2025-04-23 04:29:10,964 [main] INFO  server.AbstractConnector (AbstractConnector.java:doStart(333)) - Started ServerConnector@1515ddef{HTTP/1.1, (http/1.1)}{0.0.0.0:15015}
2025-04-23 04:29:10,964 [main] INFO  server.Server (Server.java:doStart(415)) - Started @154383ms
2025-04-23 04:29:10,964 [main] WARN  impl.MetricsSystemImpl (MetricsSystemImpl.java:register(279)) - Sink prometheus already exists!
2025-04-23 04:29:10,965 [main] INFO  http.BaseHttpServer (BaseHttpServer.java:updateConnectorAddress(360)) - HTTP server of ozoneManager listening at http://0.0.0.0:15015
2025-04-23 04:29:10,965 [IPC Server Responder] INFO  ipc.Server (Server.java:run(1713)) - IPC Server Responder: starting
2025-04-23 04:29:10,965 [IPC Server listener on 15014] INFO  ipc.Server (Server.java:run(1553)) - IPC Server listener on 15014: starting
2025-04-23 04:29:10,967 [main] INFO  om.OzoneManager (OzoneManager.java:startTrashEmptier(2257)) - Trash Interval set to 0. Files deleted won't move to trash
2025-04-23 04:29:10,967 [main] INFO  om.OzoneManager (OzoneManager.java:restart(1878)) - OzoneManager RPC server is listening at localhost/127.0.0.1:15006
2025-04-23 04:29:10,967 [main] INFO  impl.MetricsSystemImpl (MetricsSystemImpl.java:init(158)) - OzoneManager metrics system started (again)
2025-04-23 04:29:10,979 [main] WARN  server.ServerUtils (ServerUtils.java:getDBPath(297)) - ozone.om.db.dirs is not configured. We recommend adding this setting. Falling back to ozone.metadata.dirs instead.
2025-04-23 04:29:11,021 [main] INFO  om.OzoneManager (OzoneManager.java:instantiateServices(933)) - S3 Multi-Tenancy is disabled
2025-04-23 04:29:11,021 [main] INFO  om.OmSnapshotManager (OmSnapshotManager.java:<init>(180)) - Ozone filesystem snapshot feature is enabled.
2025-04-23 04:29:11,022 [main] WARN  server.ServerUtils (ServerUtils.java:getDBPath(297)) - ozone.om.snapshot.diff.db.dir is not configured. We recommend adding this setting. Falling back to ozone.metadata.dirs instead.
2025-04-23 04:29:11,038 [main] WARN  dropwizard3.Dm3MetricRegistriesImpl (Dm3MetricRegistriesImpl.java:addReporterRegistration(114)) - New reporters are added after registries were created. Some metrics will be missing from the reporter. Please add reporter before adding any new registry.
2025-04-23 04:29:11,038 [main] WARN  dropwizard3.Dm3MetricRegistriesImpl (Dm3MetricRegistriesImpl.java:addReporterRegistration(114)) - New reporters are added after registries were created. Some metrics will be missing from the reporter. Please add reporter before adding any new registry.
2025-04-23 04:29:11,038 [main] WARN  server.ServerUtils (ServerUtils.java:getDefaultRatisDirectory(309)) - Storage directory for Ratis is not configured. It is a good idea to map this to an SSD disk. Falling back to ozone.metadata.dirs
2025-04-23 04:29:11,038 [main] INFO  server.RaftServerConfigKeys (ConfUtils.java:logGet(46)) - raft.server.log.appender.buffer.byte-limit = 4194304 (custom)
2025-04-23 04:29:11,039 [main] INFO  ratis.OzoneManagerRatisServer (OzoneManagerRatisServer.java:<init>(167)) - Instantiating OM Ratis server with groupID: om-service-test1 and peers: localhost:15009, localhost:15017, localhost:15013
2025-04-23 04:29:11,040 [main] INFO  ratis.OzoneManagerStateMachine (OzoneManagerStateMachine.java:loadSnapshotInfoFromDB(611)) - LastAppliedIndex is set from TransactionInfo from OM DB as (t:16, i:338)
2025-04-23 04:29:11,040 [main] INFO  server.RaftServer (ConfUtils.java:logGet(46)) - raft.rpc.type = GRPC (default)
2025-04-23 04:29:11,040 [main] INFO  grpc.GrpcConfigKeys (ConfUtils.java:logFallback(53)) - raft.grpc.admin.host = null (fallback to raft.grpc.server.host)
2025-04-23 04:29:11,040 [main] INFO  grpc.GrpcConfigKeys (ConfUtils.java:logFallback(53)) - raft.grpc.admin.port = 15009 (fallback to raft.grpc.server.port)
2025-04-23 04:29:11,040 [main] INFO  grpc.GrpcConfigKeys (ConfUtils.java:logFallback(53)) - raft.grpc.client.host = null (fallback to raft.grpc.server.host)
2025-04-23 04:29:11,040 [main] INFO  grpc.GrpcConfigKeys (ConfUtils.java:logFallback(53)) - raft.grpc.client.port = 15009 (fallback to raft.grpc.server.port)
2025-04-23 04:29:11,041 [main] INFO  grpc.GrpcConfigKeys (ConfUtils.java:logGet(46)) - raft.grpc.server.host = null (default)
2025-04-23 04:29:11,041 [main] INFO  grpc.GrpcConfigKeys (ConfUtils.java:logGet(46)) - raft.grpc.server.port = 15009 (custom)
2025-04-23 04:29:11,041 [main] INFO  server.GrpcService (ConfUtils.java:logGet(46)) - raft.grpc.message.size.max = 5242880 (custom)
2025-04-23 04:29:11,041 [main] INFO  server.GrpcService (ConfUtils.java:logGet(46)) - raft.grpc.flow.control.window = 1MB (=1048576) (default)
2025-04-23 04:29:11,041 [main] INFO  server.RaftServerConfigKeys (ConfUtils.java:logGet(46)) - raft.server.rpc.request.timeout = 3000ms (default)
2025-04-23 04:29:11,041 [main] INFO  grpc.GrpcConfigKeys (ConfUtils.java:logGet(46)) - raft.grpc.server.heartbeat.channel = true (default)
2025-04-23 04:29:11,041 [main] INFO  server.RaftServerConfigKeys (ConfUtils.java:logGet(46)) - raft.server.log.appender.buffer.byte-limit = 4194304 (custom)
2025-04-23 04:29:11,041 [main] INFO  grpc.GrpcConfigKeys (ConfUtils.java:logGet(46)) - raft.grpc.server.async.request.thread.pool.cached = true (default)
2025-04-23 04:29:11,041 [main] INFO  grpc.GrpcConfigKeys (ConfUtils.java:logGet(46)) - raft.grpc.server.async.request.thread.pool.size = 32 (default)
2025-04-23 04:29:11,042 [main] INFO  impl.DataStreamServerImpl (ConfUtils.java:logGet(46)) - raft.datastream.type = DISABLED (default)
2025-04-23 04:29:11,042 [main] INFO  server.RaftServerConfigKeys (ConfUtils.java:logGet(46)) - raft.server.sleep.deviation.threshold = 300ms (default)
2025-04-23 04:29:11,042 [main] INFO  server.RaftServerConfigKeys (ConfUtils.java:logGet(46)) - raft.server.close.threshold = 60s (default)
2025-04-23 04:29:11,043 [main] INFO  server.RaftServerConfigKeys (ConfUtils.java:logGet(46)) - raft.server.leaderelection.leader.step-down.wait-time = 10s (default)
2025-04-23 04:29:11,043 [main] INFO  server.RaftServerConfigKeys (ConfUtils.java:logGet(46)) - raft.server.storage.dir = [/home/runner/work/ozone/ozone/hadoop-ozone/integration-test/target/test-dir/MiniOzoneClusterImpl-ff59c164-3798-4a7f-a16d-eeed9ffb3244/omNode-1/ratis] (custom)
2025-04-23 04:29:11,043 [main] INFO  server.RaftServerConfigKeys (ConfUtils.java:logGet(46)) - raft.server.threadpool.proxy.cached = true (default)
2025-04-23 04:29:11,043 [main] INFO  server.RaftServerConfigKeys (ConfUtils.java:logGet(46)) - raft.server.threadpool.proxy.size = 0 (default)
2025-04-23 04:29:11,043 [omNode-1-impl-thread1] INFO  server.RaftServer (RaftServerProxy.java:initGroupDir(265)) - omNode-1: found a subdirectory /home/runner/work/ozone/ozone/hadoop-ozone/integration-test/target/test-dir/MiniOzoneClusterImpl-ff59c164-3798-4a7f-a16d-eeed9ffb3244/omNode-1/ratis/c9bc4cf4-3bc3-3c60-a66b-523986131536
2025-04-23 04:29:11,044 [main] INFO  server.RaftServer (RaftServerProxy.java:addNew(100)) - omNode-1: addNew group-523986131536:[omNode-3|localhost:15017, omNode-1|localhost:15009, omNode-2|localhost:15013] returns group-523986131536:java.util.concurrent.CompletableFuture@79ae1056[Not completed]
2025-04-23 04:29:11,044 [omNode-1-groupManagement] INFO  server.RaftServer$Division (RaftServerImpl.java:<init>(255)) - omNode-1: new RaftServerImpl for group-523986131536:[omNode-3|localhost:15017, omNode-1|localhost:15009, omNode-2|localhost:15013] with OzoneManagerStateMachine:uninitialized
2025-04-23 04:29:11,044 [main] INFO  om.OzoneManager (OzoneManager.java:initializeRatisServer(2303)) - OzoneManager Ratis server initialized at port 15009
2025-04-23 04:29:11,044 [main] INFO  ratis.OzoneManagerRatisServer (OzoneManagerRatisServer.java:start(628)) - Starting OzoneManagerRatisServer omNode-1 at port 15009
2025-04-23 04:29:11,044 [omNode-1-groupManagement] INFO  server.RaftServerConfigKeys (ConfUtils.java:logGet(46)) - raft.server.rpc.timeout.min = 1s (custom)
2025-04-23 04:29:11,044 [omNode-1-groupManagement] INFO  server.RaftServerConfigKeys (ConfUtils.java:logGet(46)) - raft.server.rpc.timeout.max = 1200ms (custom)
2025-04-23 04:29:11,044 [omNode-1-groupManagement] INFO  server.RaftServerConfigKeys (ConfUtils.java:logGet(46)) - raft.server.rpc.sleep.time = 25ms (default)
2025-04-23 04:29:11,044 [omNode-1-groupManagement] INFO  server.RaftServerConfigKeys (ConfUtils.java:logGet(46)) - raft.server.rpc.slowness.timeout = 2s (custom)
2025-04-23 04:29:11,044 [omNode-1-groupManagement] INFO  server.RaftServerConfigKeys (ConfUtils.java:logGet(46)) - raft.server.leaderelection.leader.step-down.wait-time = 10s (default)
2025-04-23 04:29:11,044 [omNode-1-groupManagement] INFO  server.RaftServerConfigKeys (ConfUtils.java:logGet(46)) - raft.server.leaderelection.member.majority-add = false (default)
2025-04-23 04:29:11,044 [omNode-1-groupManagement] INFO  server.RaftServerConfigKeys (ConfUtils.java:logGet(46)) - raft.server.sleep.deviation.threshold = 300ms (default)
2025-04-23 04:29:11,044 [omNode-1-groupManagement] INFO  server.RaftServer$Division (ServerState.java:<init>(114)) - omNode-1@group-523986131536: ConfigurationManager, init=conf: {index: -1, cur=peers:[omNode-3|localhost:15017, omNode-1|localhost:15009, omNode-2|localhost:15013]|listeners:[], old=null}, confs=<EMPTY_MAP>
2025-04-23 04:29:11,044 [omNode-1-groupManagement] INFO  server.RaftServerConfigKeys (ConfUtils.java:logGet(46)) - raft.server.notification.no-leader.timeout = 2s (custom)
2025-04-23 04:29:11,044 [omNode-1-groupManagement] INFO  server.RaftServerConfigKeys (ConfUtils.java:logGet(46)) - raft.server.read.timeout = 10s (default)
2025-04-23 04:29:11,045 [omNode-1-groupManagement] INFO  server.RaftServerConfigKeys (ConfUtils.java:logGet(46)) - raft.server.retrycache.expirytime = 30000ms (custom)
2025-04-23 04:29:11,045 [omNode-1-groupManagement] INFO  server.RaftServerConfigKeys (ConfUtils.java:logGet(46)) - raft.server.retrycache.statistics.expirytime = 100ms (default)
2025-04-23 04:29:11,045 [omNode-1-groupManagement] INFO  server.RaftServerConfigKeys (ConfUtils.java:logGet(46)) - raft.server.read.option = DEFAULT (default)
2025-04-23 04:29:11,045 [omNode-1-groupManagement] INFO  server.RaftServerConfigKeys (ConfUtils.java:logGet(46)) - raft.server.read.read-after-write-consistent.write-index-cache.expiry-time = 60s (default)
2025-04-23 04:29:11,047 [omNode-1-groupManagement] INFO  server.RaftServerConfigKeys (ConfUtils.java:logGet(46)) - raft.server.rpc.request.timeout = 3000ms (default)
2025-04-23 04:29:11,047 [omNode-1-groupManagement] INFO  server.RaftServerConfigKeys (ConfUtils.java:logGet(46)) - raft.server.log.appender.install.snapshot.enabled = false (custom)
2025-04-23 04:29:11,047 [omNode-1-groupManagement] INFO  server.RaftServerConfigKeys (ConfUtils.java:logGet(46)) - raft.server.threadpool.server.cached = true (default)
2025-04-23 04:29:11,047 [omNode-1-groupManagement] INFO  server.RaftServerConfigKeys (ConfUtils.java:logGet(46)) - raft.server.threadpool.server.size = 0 (default)
2025-04-23 04:29:11,047 [omNode-1-groupManagement] INFO  server.RaftServerConfigKeys (ConfUtils.java:logGet(46)) - raft.server.threadpool.client.cached = true (default)
2025-04-23 04:29:11,047 [omNode-1-groupManagement] INFO  server.RaftServerConfigKeys (ConfUtils.java:logGet(46)) - raft.server.threadpool.client.size = 0 (default)
2025-04-23 04:29:11,047 [omNode-1-impl-thread1] INFO  server.RaftServerConfigKeys (ConfUtils.java:logGet(46)) - raft.server.storage.free-space.min = 0MB (=0) (default)
2025-04-23 04:29:11,047 [omNode-1-impl-thread1] INFO  server.RaftServerConfigKeys (ConfUtils.java:logGet(46)) - raft.server.log.corruption.policy = EXCEPTION (default)
2025-04-23 04:29:11,047 [omNode-1-impl-thread1] INFO  server.RaftServerConfigKeys (ConfUtils.java:logGet(46)) - raft.server.storage.dir = [/home/runner/work/ozone/ozone/hadoop-ozone/integration-test/target/test-dir/MiniOzoneClusterImpl-ff59c164-3798-4a7f-a16d-eeed9ffb3244/omNode-1/ratis] (custom)
2025-04-23 04:29:11,049 [omNode-1-impl-thread1] INFO  storage.RaftStorageDirectory (RaftStorageDirectoryImpl.java:tryLock(229)) - Lock on /home/runner/work/ozone/ozone/hadoop-ozone/integration-test/target/test-dir/MiniOzoneClusterImpl-ff59c164-3798-4a7f-a16d-eeed9ffb3244/omNode-1/ratis/c9bc4cf4-3bc3-3c60-a66b-523986131536/in_use.lock acquired by nodename 129558@fv-az1441-587
2025-04-23 04:29:11,049 [omNode-1-impl-thread1] INFO  storage.RaftStorage (RaftStorageImpl.java:analyzeAndRecoverStorage(118)) - Read RaftStorageMetadata{term=16, votedFor=omNode-1} from /home/runner/work/ozone/ozone/hadoop-ozone/integration-test/target/test-dir/MiniOzoneClusterImpl-ff59c164-3798-4a7f-a16d-eeed9ffb3244/omNode-1/ratis/c9bc4cf4-3bc3-3c60-a66b-523986131536/current/raft-meta
2025-04-23 04:29:11,049 [omNode-1-impl-thread1] INFO  server.RaftServer$Division (ServerState.java:setRaftConf(386)) - omNode-1@group-523986131536: set configuration conf: {index: 337, cur=peers:[omNode-3|localhost:15017, omNode-1|localhost:15009, omNode-2|localhost:15013]|listeners:[], old=null}
2025-04-23 04:29:11,050 [omNode-1-impl-thread1] INFO  ratis.OzoneManagerStateMachine (OzoneManagerStateMachine.java:lambda$0(138)) - omNode-1: initialize group-523986131536 with (t:16, i:338)
2025-04-23 04:29:11,050 [omNode-1-impl-thread1] INFO  server.RaftServerConfigKeys (ConfUtils.java:logGet(46)) - raft.server.log.use.memory = false (default)
2025-04-23 04:29:11,050 [omNode-1-impl-thread1] INFO  server.RaftServerConfigKeys (ConfUtils.java:logGet(46)) - raft.server.log.purge.gap = 50 (custom)
2025-04-23 04:29:11,050 [omNode-1-impl-thread1] INFO  server.RaftServerConfigKeys (ConfUtils.java:logGet(46)) - raft.server.log.appender.buffer.byte-limit = 4194304 (custom)
2025-04-23 04:29:11,050 [omNode-1-impl-thread1] INFO  server.RaftServerConfigKeys (ConfUtils.java:logGet(46)) - raft.server.log.statemachine.data.read.timeout = 1000ms (default)
2025-04-23 04:29:11,050 [omNode-1-impl-thread1] INFO  server.RaftServerConfigKeys (ConfUtils.java:logGet(46)) - raft.server.log.purge.preservation.log.num = 0 (default)
2025-04-23 04:29:11,051 [omNode-1-impl-thread1] INFO  server.RaftServerConfigKeys (ConfUtils.java:logGet(46)) - raft.server.log.segment.size.max = 4194304 (custom)
2025-04-23 04:29:11,051 [omNode-1-impl-thread1] INFO  server.RaftServerConfigKeys (ConfUtils.java:logGet(46)) - raft.server.log.segment.cache.num.max = 2 (custom)
2025-04-23 04:29:11,051 [omNode-1-impl-thread1] INFO  server.RaftServerConfigKeys (ConfUtils.java:logGet(46)) - raft.server.log.segment.cache.size.max = 200MB (=209715200) (default)
2025-04-23 04:29:11,051 [omNode-1-impl-thread1] INFO  server.RaftServerConfigKeys (ConfUtils.java:logGet(46)) - raft.server.log.appender.buffer.byte-limit = 4194304 (custom)
2025-04-23 04:29:11,051 [omNode-1-impl-thread1] INFO  util.AwaitToRun (AwaitToRun.java:start(81)) - Thread[#6972,omNode-1@group-523986131536-cacheEviction-AwaitToRun,5,main] started
2025-04-23 04:29:11,051 [omNode-1-impl-thread1] INFO  segmented.SegmentedRaftLogWorker (SegmentedRaftLogWorker.java:<init>(188)) - new omNode-1@group-523986131536-SegmentedRaftLogWorker for RaftStorageImpl:Storage Directory /home/runner/work/ozone/ozone/hadoop-ozone/integration-test/target/test-dir/MiniOzoneClusterImpl-ff59c164-3798-4a7f-a16d-eeed9ffb3244/omNode-1/ratis/c9bc4cf4-3bc3-3c60-a66b-523986131536
2025-04-23 04:29:11,052 [omNode-1-impl-thread1] INFO  server.RaftServerConfigKeys (ConfUtils.java:logGet(46)) - raft.server.log.queue.byte-limit = 64MB (=67108864) (default)
2025-04-23 04:29:11,052 [omNode-1-impl-thread1] INFO  server.RaftServerConfigKeys (ConfUtils.java:logGet(46)) - raft.server.log.queue.element-limit = 4096 (default)
2025-04-23 04:29:11,052 [omNode-1-impl-thread1] INFO  server.RaftServerConfigKeys (ConfUtils.java:logGet(46)) - raft.server.log.segment.size.max = 4194304 (custom)
2025-04-23 04:29:11,052 [omNode-1-impl-thread1] INFO  server.RaftServerConfigKeys (ConfUtils.java:logGet(46)) - raft.server.log.preallocated.size = 4194304 (custom)
2025-04-23 04:29:11,052 [omNode-1-impl-thread1] INFO  server.RaftServerConfigKeys (ConfUtils.java:logGet(46)) - raft.server.log.force.sync.num = 128 (default)
2025-04-23 04:29:11,052 [omNode-1-impl-thread1] INFO  server.RaftServerConfigKeys (ConfUtils.java:logGet(46)) - raft.server.log.statemachine.data.sync = true (default)
2025-04-23 04:29:11,052 [omNode-1-impl-thread1] INFO  server.RaftServerConfigKeys (ConfUtils.java:logGet(46)) - raft.server.log.statemachine.data.sync.timeout = 10s (default)
2025-04-23 04:29:11,052 [omNode-1-impl-thread1] INFO  server.RaftServerConfigKeys (ConfUtils.java:logGet(46)) - raft.server.log.statemachine.data.sync.timeout.retry = -1 (default)
2025-04-23 04:29:11,052 [omNode-1-impl-thread1] INFO  server.RaftServerConfigKeys (ConfUtils.java:logGet(46)) - raft.server.log.write.buffer.size = 4194312 (custom)
2025-04-23 04:29:11,053 [omNode-1-impl-thread1] INFO  server.RaftServerConfigKeys (ConfUtils.java:logGet(46)) - raft.server.log.appender.buffer.byte-limit = 4194304 (custom)
2025-04-23 04:29:11,053 [omNode-1-impl-thread1] INFO  server.RaftServerConfigKeys (ConfUtils.java:logGet(46)) - raft.server.log.unsafe-flush.enabled = false (default)
2025-04-23 04:29:11,053 [omNode-1-impl-thread1] INFO  server.RaftServerConfigKeys (ConfUtils.java:logGet(46)) - raft.server.log.async-flush.enabled = false (default)
2025-04-23 04:29:11,053 [omNode-1-impl-thread1] INFO  server.RaftServerConfigKeys (ConfUtils.java:logGet(46)) - raft.server.log.statemachine.data.caching.enabled = false (default)
2025-04-23 04:29:11,054 [omNode-1-impl-thread1] INFO  server.RaftServer$Division (ServerState.java:setRaftConf(386)) - omNode-1@group-523986131536: set configuration conf: {index: 311, cur=peers:[omNode-3|localhost:15017, omNode-1|localhost:15009, omNode-2|localhost:15013]|listeners:[], old=null}
2025-04-23 04:29:11,054 [omNode-1-impl-thread1] INFO  segmented.LogSegment (LogSegment.java:loadSegment(171)) - Successfully read 2 entries from segment file /home/runner/work/ozone/ozone/hadoop-ozone/integration-test/target/test-dir/MiniOzoneClusterImpl-ff59c164-3798-4a7f-a16d-eeed9ffb3244/omNode-1/ratis/c9bc4cf4-3bc3-3c60-a66b-523986131536/current/log_311-312
2025-04-23 04:29:11,054 [omNode-1-impl-thread1] INFO  server.RaftServer$Division (ServerState.java:setRaftConf(386)) - omNode-1@group-523986131536: set configuration conf: {index: 313, cur=peers:[omNode-3|localhost:15017, omNode-1|localhost:15009, omNode-2|localhost:15013]|listeners:[], old=null}
2025-04-23 04:29:11,054 [omNode-1-impl-thread1] INFO  segmented.LogSegment (LogSegment.java:loadSegment(171)) - Successfully read 12 entries from segment file /home/runner/work/ozone/ozone/hadoop-ozone/integration-test/target/test-dir/MiniOzoneClusterImpl-ff59c164-3798-4a7f-a16d-eeed9ffb3244/omNode-1/ratis/c9bc4cf4-3bc3-3c60-a66b-523986131536/current/log_313-324
2025-04-23 04:29:11,054 [omNode-1-impl-thread1] INFO  server.RaftServer$Division (ServerState.java:setRaftConf(386)) - omNode-1@group-523986131536: set configuration conf: {index: 325, cur=peers:[omNode-3|localhost:15017, omNode-1|localhost:15009, omNode-2|localhost:15013]|listeners:[], old=null}
2025-04-23 04:29:11,054 [omNode-1-impl-thread1] INFO  segmented.LogSegment (LogSegment.java:loadSegment(171)) - Successfully read 12 entries from segment file /home/runner/work/ozone/ozone/hadoop-ozone/integration-test/target/test-dir/MiniOzoneClusterImpl-ff59c164-3798-4a7f-a16d-eeed9ffb3244/omNode-1/ratis/c9bc4cf4-3bc3-3c60-a66b-523986131536/current/log_325-336
2025-04-23 04:29:11,054 [omNode-1-impl-thread1] INFO  server.RaftServer$Division (ServerState.java:setRaftConf(386)) - omNode-1@group-523986131536: set configuration conf: {index: 337, cur=peers:[omNode-3|localhost:15017, omNode-1|localhost:15009, omNode-2|localhost:15013]|listeners:[], old=null}
2025-04-23 04:29:11,055 [omNode-1-impl-thread1] INFO  segmented.LogSegment (LogSegment.java:loadSegment(171)) - Successfully read 2 entries from segment file /home/runner/work/ozone/ozone/hadoop-ozone/integration-test/target/test-dir/MiniOzoneClusterImpl-ff59c164-3798-4a7f-a16d-eeed9ffb3244/omNode-1/ratis/c9bc4cf4-3bc3-3c60-a66b-523986131536/current/log_inprogress_337
2025-04-23 04:29:11,055 [omNode-1-impl-thread1] INFO  segmented.SegmentedRaftLogWorker (SegmentedRaftLogWorker.java:lambda$new$0(139)) - omNode-1@group-523986131536-SegmentedRaftLogWorker: flushIndex: setUnconditionally 0 -> 338
2025-04-23 04:29:11,055 [omNode-1-impl-thread1] INFO  segmented.SegmentedRaftLogWorker (SegmentedRaftLogWorker.java:lambda$new$0(139)) - omNode-1@group-523986131536-SegmentedRaftLogWorker: safeCacheEvictIndex: setUnconditionally 0 -> 336
2025-04-23 04:29:11,055 [omNode-1-impl-thread1] INFO  segmented.BufferedWriteChannel (BufferedWriteChannel.java:open(61)) - open log_inprogress_337 (append) at position 128
2025-04-23 04:29:11,055 [omNode-1-impl-thread1] INFO  raftlog.RaftLog (RaftLogBase.java:lambda$new$0(54)) - omNode-1@group-523986131536-SegmentedRaftLog: purgeIndex: updateToMax old=-1, new=310, updated? true
2025-04-23 04:29:11,055 [omNode-1-impl-thread1] INFO  server.RaftServer$Division (RaftServerImpl.java:start(391)) - omNode-1@group-523986131536: start as a follower, conf=conf: {index: 337, cur=peers:[omNode-3|localhost:15017, omNode-1|localhost:15009, omNode-2|localhost:15013]|listeners:[], old=null}
2025-04-23 04:29:11,055 [omNode-1-impl-thread1] INFO  server.RaftServer$Division (RaftServerImpl.java:setRole(378)) - omNode-1@group-523986131536: changes role from      null to FOLLOWER at term 16 for startAsFollower
2025-04-23 04:29:11,055 [omNode-1-impl-thread1] INFO  impl.RoleInfo (RoleInfo.java:updateAndGet(148)) - omNode-1: start omNode-1@group-523986131536-FollowerState
2025-04-23 04:29:11,055 [omNode-1-impl-thread1] INFO  util.JmxRegister (JmxRegister.java:tryRegister(44)) - Successfully registered JMX Bean with object name Ratis:service=RaftServer,group=group-523986131536,id=omNode-1
2025-04-23 04:29:11,055 [omNode-1-impl-thread1] INFO  util.JmxRegister (JmxRegister.java:register(58)) - register mxBean class org.apache.ratis.server.impl.RaftServerJmxAdapter as Ratis:service=RaftServer,group=group-523986131536,id=omNode-1
2025-04-23 04:29:11,055 [omNode-1@group-523986131536-FollowerState] INFO  server.RaftServerConfigKeys (ConfUtils.java:logFallback(53)) - raft.server.rpc.first-election.timeout.min = 1s (fallback to raft.server.rpc.timeout.min)
2025-04-23 04:29:11,055 [omNode-1-impl-thread1] INFO  server.RaftServerConfigKeys (ConfUtils.java:logGet(46)) - raft.server.snapshot.trigger-when-stop.enabled = true (default)
2025-04-23 04:29:11,055 [omNode-1-impl-thread1] INFO  server.RaftServerConfigKeys (ConfUtils.java:logGet(46)) - raft.server.snapshot.trigger-when-remove.enabled = true (default)
2025-04-23 04:29:11,056 [omNode-1-impl-thread1] INFO  server.RaftServerConfigKeys (ConfUtils.java:logGet(46)) - raft.server.snapshot.auto.trigger.enabled = true (custom)
2025-04-23 04:29:11,055 [omNode-1@group-523986131536-FollowerState] INFO  server.RaftServerConfigKeys (ConfUtils.java:logFallback(53)) - raft.server.rpc.first-election.timeout.max = 1200ms (fallback to raft.server.rpc.timeout.max)
2025-04-23 04:29:11,056 [omNode-1-impl-thread1] INFO  server.RaftServerConfigKeys (ConfUtils.java:logGet(46)) - raft.server.snapshot.auto.trigger.threshold = 50 (custom)
2025-04-23 04:29:11,056 [omNode-1-impl-thread1] INFO  server.RaftServerConfigKeys (ConfUtils.java:logGet(46)) - raft.server.snapshot.retention.file.num = -1 (default)
2025-04-23 04:29:11,056 [omNode-1-impl-thread1] INFO  server.RaftServerConfigKeys (ConfUtils.java:logGet(46)) - raft.server.log.purge.upto.snapshot.index = true (custom)
2025-04-23 04:29:11,056 [omNode-1-impl-thread1] INFO  server.RaftServer$Division (RaftServerImpl.java:start(405)) - omNode-1@group-523986131536: Successfully started.
2025-04-23 04:29:11,056 [main] INFO  server.RaftServer (RaftServerProxy.java:startImpl(407)) - omNode-1: start RPC server
2025-04-23 04:29:11,057 [main] INFO  server.GrpcService (GrpcService.java:startImpl(334)) - omNode-1: GrpcService started, listening on 15009
2025-04-23 04:29:11,057 [main] INFO  om.OzoneManager (OzoneManager.java:getRpcServer(1360)) - Creating RPC Server
2025-04-23 04:29:11,057 [JvmPauseMonitor36] INFO  util.JvmPauseMonitor (JvmPauseMonitor.java:run(146)) - JvmPauseMonitor-omNode-1: Started
2025-04-23 04:29:11,409 [main] INFO  reflections.Reflections (Reflections.java:scan(219)) - Reflections took 352 ms to scan 22 urls, producing 61 keys and 7422 values
2025-04-23 04:29:11,410 [main] INFO  ipc.CallQueueManager (CallQueueManager.java:<init>(93)) - Using callQueue: class java.util.concurrent.LinkedBlockingQueue, queueCapacity: 2000, scheduler: class org.apache.hadoop.ipc.DefaultRpcScheduler, ipcBackoff: false, ipcFailOver: false.
2025-04-23 04:29:11,411 [main] INFO  ipc.Server (Server.java:<init>(1438)) - Listener at localhost:15006
2025-04-23 04:29:11,411 [Socket Reader #1 for port 15006] INFO  ipc.Server (Server.java:run(1474)) - Starting Socket Reader #1 for port 15006
2025-04-23 04:29:11,411 [Socket Reader #2 for port 15006] INFO  ipc.Server (Server.java:run(1474)) - Starting Socket Reader #2 for port 15006
2025-04-23 04:29:11,411 [Socket Reader #3 for port 15006] INFO  ipc.Server (Server.java:run(1474)) - Starting Socket Reader #3 for port 15006
2025-04-23 04:29:11,411 [Socket Reader #4 for port 15006] INFO  ipc.Server (Server.java:run(1474)) - Starting Socket Reader #4 for port 15006
2025-04-23 04:29:11,412 [Socket Reader #5 for port 15006] INFO  ipc.Server (Server.java:run(1474)) - Starting Socket Reader #5 for port 15006
2025-04-23 04:29:11,412 [Socket Reader #6 for port 15006] INFO  ipc.Server (Server.java:run(1474)) - Starting Socket Reader #6 for port 15006
2025-04-23 04:29:11,412 [Socket Reader #7 for port 15006] INFO  ipc.Server (Server.java:run(1474)) - Starting Socket Reader #7 for port 15006
2025-04-23 04:29:11,412 [Socket Reader #8 for port 15006] INFO  ipc.Server (Server.java:run(1474)) - Starting Socket Reader #8 for port 15006
2025-04-23 04:29:11,412 [Socket Reader #9 for port 15006] INFO  ipc.Server (Server.java:run(1474)) - Starting Socket Reader #9 for port 15006
2025-04-23 04:29:11,412 [Socket Reader #10 for port 15006] INFO  ipc.Server (Server.java:run(1474)) - Starting Socket Reader #10 for port 15006
2025-04-23 04:29:11,414 [main] INFO  http.BaseHttpServer (BaseHttpServer.java:newHttpServer2BuilderForOzone(229)) - Starting Web-server for ozoneManager at: http://0.0.0.0:15007
2025-04-23 04:29:11,414 [main] INFO  http.BaseHttpServer (BaseHttpServer.java:<init>(107)) - Hadoop Security Enabled: false Ozone Security Enabled: false Ozone HTTP Security Enabled: false 
2025-04-23 04:29:11,415 [main] WARN  server.AuthenticationFilter (AuthenticationFilter.java:constructSecretProvider(240)) - Unable to initialize FileSignerSecretProvider, falling back to use random secrets. Reason: Could not read signature secret file: /home/runner/hadoop-http-auth-signature-secret
2025-04-23 04:29:11,416 [main] INFO  http.HttpServer2 (HttpServer2.java:addGlobalFilter(1041)) - Added global filter 'safety' (class=org.apache.hadoop.hdds.server.http.HttpServer2$QuotingInputFilter)
2025-04-23 04:29:11,416 [main] INFO  http.HttpServer2 (HttpServer2.java:addFilter(1017)) - Added filter static_user_filter (class=org.apache.hadoop.http.lib.StaticUserWebFilter$StaticUserFilter) to context ozoneManager
2025-04-23 04:29:11,417 [main] INFO  http.HttpServer2 (HttpServer2.java:addFilter(1025)) - Added filter static_user_filter (class=org.apache.hadoop.http.lib.StaticUserWebFilter$StaticUserFilter) to context static
2025-04-23 04:29:11,417 [main] INFO  http.HttpServer2 (HttpServer2.java:addFilter(1025)) - Added filter static_user_filter (class=org.apache.hadoop.http.lib.StaticUserWebFilter$StaticUserFilter) to context logs
2025-04-23 04:29:11,417 [main] INFO  http.BaseHttpServer (BaseHttpServer.java:<init>(195)) - HTTP server of ozoneManager uses base directory /home/runner/work/ozone/ozone/hadoop-ozone/integration-test/target/test-dir/MiniOzoneClusterImpl-ff59c164-3798-4a7f-a16d-eeed9ffb3244/omNode-1/webserver
2025-04-23 04:29:11,417 [main] INFO  http.HttpServer2 (HttpServer2.java:bindListener(1241)) - Jetty bound to port 15007
2025-04-23 04:29:11,417 [main] INFO  server.Server (Server.java:doStart(375)) - jetty-9.4.57.v20241219; built: 2025-01-08T21:24:30.412Z; git: df524e6b29271c2e09ba9aea83c18dc9db464a31; jvm 21.0.7+6-LTS
2025-04-23 04:29:11,418 [main] INFO  server.session (DefaultSessionIdManager.java:doStart(334)) - DefaultSessionIdManager workerName=node0
2025-04-23 04:29:11,418 [main] INFO  server.session (DefaultSessionIdManager.java:doStart(339)) - No SessionScavenger set, using defaults
2025-04-23 04:29:11,419 [main] INFO  server.session (HouseKeeper.java:startScavenging(132)) - node0 Scavenging every 600000ms
2025-04-23 04:29:11,419 [main] INFO  handler.ContextHandler (ContextHandler.java:doStart(921)) - Started o.e.j.s.ServletContextHandler@686a4c35{logs,/logs,file:///home/runner/work/ozone/ozone/hadoop-ozone/integration-test/target/log,AVAILABLE}
2025-04-23 04:29:11,419 [main] INFO  handler.ContextHandler (ContextHandler.java:doStart(921)) - Started o.e.j.s.ServletContextHandler@47796987{static,/static,file:///home/runner/work/ozone/ozone/hadoop-ozone/integration-test/target/test-classes/webapps/static,AVAILABLE}
2025-04-23 04:29:11,422 [main] INFO  handler.ContextHandler (ContextHandler.java:doStart(921)) - Started o.e.j.w.WebAppContext@131ddbde{ozoneManager,/,file:///home/runner/work/ozone/ozone/hadoop-ozone/integration-test/target/test-classes/webapps/ozoneManager/,AVAILABLE}{file:/home/runner/work/ozone/ozone/hadoop-ozone/integration-test/target/test-classes/webapps/ozoneManager}
2025-04-23 04:29:11,423 [main] INFO  server.AbstractConnector (AbstractConnector.java:doStart(333)) - Started ServerConnector@425c112b{HTTP/1.1, (http/1.1)}{0.0.0.0:15007}
2025-04-23 04:29:11,423 [main] INFO  server.Server (Server.java:doStart(415)) - Started @154842ms
2025-04-23 04:29:11,423 [main] WARN  impl.MetricsSystemImpl (MetricsSystemImpl.java:register(279)) - Sink prometheus already exists!
2025-04-23 04:29:11,423 [main] INFO  http.BaseHttpServer (BaseHttpServer.java:updateConnectorAddress(360)) - HTTP server of ozoneManager listening at http://0.0.0.0:15007
2025-04-23 04:29:11,423 [IPC Server Responder] INFO  ipc.Server (Server.java:run(1713)) - IPC Server Responder: starting
2025-04-23 04:29:11,424 [IPC Server listener on 15006] INFO  ipc.Server (Server.java:run(1553)) - IPC Server listener on 15006: starting
2025-04-23 04:29:11,425 [main] INFO  om.OzoneManager (OzoneManager.java:startTrashEmptier(2257)) - Trash Interval set to 0. Files deleted won't move to trash
2025-04-23 04:29:11,426 [main] INFO  om.OzoneManager (OzoneManager.java:restart(1878)) - OzoneManager RPC server is listening at localhost/127.0.0.1:15010
2025-04-23 04:29:11,426 [main] INFO  impl.MetricsSystemImpl (MetricsSystemImpl.java:init(158)) - OzoneManager metrics system started (again)
2025-04-23 04:29:11,436 [main] WARN  server.ServerUtils (ServerUtils.java:getDBPath(297)) - ozone.om.db.dirs is not configured. We recommend adding this setting. Falling back to ozone.metadata.dirs instead.
2025-04-23 04:29:11,474 [main] INFO  om.OzoneManager (OzoneManager.java:instantiateServices(933)) - S3 Multi-Tenancy is disabled
2025-04-23 04:29:11,475 [main] INFO  om.OmSnapshotManager (OmSnapshotManager.java:<init>(180)) - Ozone filesystem snapshot feature is enabled.
2025-04-23 04:29:11,475 [main] WARN  server.ServerUtils (ServerUtils.java:getDBPath(297)) - ozone.om.snapshot.diff.db.dir is not configured. We recommend adding this setting. Falling back to ozone.metadata.dirs instead.
2025-04-23 04:29:11,488 [main] WARN  dropwizard3.Dm3MetricRegistriesImpl (Dm3MetricRegistriesImpl.java:addReporterRegistration(114)) - New reporters are added after registries were created. Some metrics will be missing from the reporter. Please add reporter before adding any new registry.
2025-04-23 04:29:11,488 [main] WARN  dropwizard3.Dm3MetricRegistriesImpl (Dm3MetricRegistriesImpl.java:addReporterRegistration(114)) - New reporters are added after registries were created. Some metrics will be missing from the reporter. Please add reporter before adding any new registry.
2025-04-23 04:29:11,489 [main] WARN  server.ServerUtils (ServerUtils.java:getDefaultRatisDirectory(309)) - Storage directory for Ratis is not configured. It is a good idea to map this to an SSD disk. Falling back to ozone.metadata.dirs
2025-04-23 04:29:11,489 [main] INFO  server.RaftServerConfigKeys (ConfUtils.java:logGet(46)) - raft.server.log.appender.buffer.byte-limit = 4194304 (custom)
2025-04-23 04:29:11,490 [main] INFO  ratis.OzoneManagerRatisServer (OzoneManagerRatisServer.java:<init>(167)) - Instantiating OM Ratis server with groupID: om-service-test1 and peers: localhost:15013, localhost:15017, localhost:15009
2025-04-23 04:29:11,490 [main] INFO  ratis.OzoneManagerStateMachine (OzoneManagerStateMachine.java:loadSnapshotInfoFromDB(611)) - LastAppliedIndex is set from TransactionInfo from OM DB as (t:16, i:338)
2025-04-23 04:29:11,490 [main] INFO  server.RaftServer (ConfUtils.java:logGet(46)) - raft.rpc.type = GRPC (default)
2025-04-23 04:29:11,490 [main] INFO  grpc.GrpcConfigKeys (ConfUtils.java:logFallback(53)) - raft.grpc.admin.host = null (fallback to raft.grpc.server.host)
2025-04-23 04:29:11,491 [main] INFO  grpc.GrpcConfigKeys (ConfUtils.java:logFallback(53)) - raft.grpc.admin.port = 15013 (fallback to raft.grpc.server.port)
2025-04-23 04:29:11,491 [main] INFO  grpc.GrpcConfigKeys (ConfUtils.java:logFallback(53)) - raft.grpc.client.host = null (fallback to raft.grpc.server.host)
2025-04-23 04:29:11,491 [main] INFO  grpc.GrpcConfigKeys (ConfUtils.java:logFallback(53)) - raft.grpc.client.port = 15013 (fallback to raft.grpc.server.port)
2025-04-23 04:29:11,491 [main] INFO  grpc.GrpcConfigKeys (ConfUtils.java:logGet(46)) - raft.grpc.server.host = null (default)
2025-04-23 04:29:11,491 [main] INFO  grpc.GrpcConfigKeys (ConfUtils.java:logGet(46)) - raft.grpc.server.port = 15013 (custom)
2025-04-23 04:29:11,491 [main] INFO  server.GrpcService (ConfUtils.java:logGet(46)) - raft.grpc.message.size.max = 5242880 (custom)
2025-04-23 04:29:11,491 [main] INFO  server.GrpcService (ConfUtils.java:logGet(46)) - raft.grpc.flow.control.window = 1MB (=1048576) (default)
2025-04-23 04:29:11,491 [main] INFO  server.RaftServerConfigKeys (ConfUtils.java:logGet(46)) - raft.server.rpc.request.timeout = 3000ms (default)
2025-04-23 04:29:11,491 [main] INFO  grpc.GrpcConfigKeys (ConfUtils.java:logGet(46)) - raft.grpc.server.heartbeat.channel = true (default)
2025-04-23 04:29:11,491 [main] INFO  server.RaftServerConfigKeys (ConfUtils.java:logGet(46)) - raft.server.log.appender.buffer.byte-limit = 4194304 (custom)
2025-04-23 04:29:11,491 [main] INFO  grpc.GrpcConfigKeys (ConfUtils.java:logGet(46)) - raft.grpc.server.async.request.thread.pool.cached = true (default)
2025-04-23 04:29:11,492 [main] INFO  grpc.GrpcConfigKeys (ConfUtils.java:logGet(46)) - raft.grpc.server.async.request.thread.pool.size = 32 (default)
2025-04-23 04:29:11,492 [main] INFO  impl.DataStreamServerImpl (ConfUtils.java:logGet(46)) - raft.datastream.type = DISABLED (default)
2025-04-23 04:29:11,492 [main] INFO  server.RaftServerConfigKeys (ConfUtils.java:logGet(46)) - raft.server.sleep.deviation.threshold = 300ms (default)
2025-04-23 04:29:11,492 [main] INFO  server.RaftServerConfigKeys (ConfUtils.java:logGet(46)) - raft.server.close.threshold = 60s (default)
2025-04-23 04:29:11,492 [main] INFO  server.RaftServerConfigKeys (ConfUtils.java:logGet(46)) - raft.server.leaderelection.leader.step-down.wait-time = 10s (default)
2025-04-23 04:29:11,493 [main] INFO  server.RaftServerConfigKeys (ConfUtils.java:logGet(46)) - raft.server.storage.dir = [/home/runner/work/ozone/ozone/hadoop-ozone/integration-test/target/test-dir/MiniOzoneClusterImpl-ff59c164-3798-4a7f-a16d-eeed9ffb3244/omNode-2/ratis] (custom)
2025-04-23 04:29:11,493 [main] INFO  server.RaftServerConfigKeys (ConfUtils.java:logGet(46)) - raft.server.threadpool.proxy.cached = true (default)
2025-04-23 04:29:11,493 [main] INFO  server.RaftServerConfigKeys (ConfUtils.java:logGet(46)) - raft.server.threadpool.proxy.size = 0 (default)
2025-04-23 04:29:11,493 [omNode-2-impl-thread1] INFO  server.RaftServer (RaftServerProxy.java:initGroupDir(265)) - omNode-2: found a subdirectory /home/runner/work/ozone/ozone/hadoop-ozone/integration-test/target/test-dir/MiniOzoneClusterImpl-ff59c164-3798-4a7f-a16d-eeed9ffb3244/omNode-2/ratis/c9bc4cf4-3bc3-3c60-a66b-523986131536
2025-04-23 04:29:11,493 [main] INFO  server.RaftServer (RaftServerProxy.java:addNew(100)) - omNode-2: addNew group-523986131536:[omNode-3|localhost:15017, omNode-1|localhost:15009, omNode-2|localhost:15013] returns group-523986131536:java.util.concurrent.CompletableFuture@5f187f8d[Not completed]
2025-04-23 04:29:11,493 [omNode-2-groupManagement] INFO  server.RaftServer$Division (RaftServerImpl.java:<init>(255)) - omNode-2: new RaftServerImpl for group-523986131536:[omNode-3|localhost:15017, omNode-1|localhost:15009, omNode-2|localhost:15013] with OzoneManagerStateMachine:uninitialized
2025-04-23 04:29:11,494 [omNode-2-groupManagement] INFO  server.RaftServerConfigKeys (ConfUtils.java:logGet(46)) - raft.server.rpc.timeout.min = 1s (custom)
2025-04-23 04:29:11,494 [omNode-2-groupManagement] INFO  server.RaftServerConfigKeys (ConfUtils.java:logGet(46)) - raft.server.rpc.timeout.max = 1200ms (custom)
2025-04-23 04:29:11,494 [omNode-2-groupManagement] INFO  server.RaftServerConfigKeys (ConfUtils.java:logGet(46)) - raft.server.rpc.sleep.time = 25ms (default)
2025-04-23 04:29:11,494 [main] INFO  om.OzoneManager (OzoneManager.java:initializeRatisServer(2303)) - OzoneManager Ratis server initialized at port 15013
2025-04-23 04:29:11,494 [main] INFO  ratis.OzoneManagerRatisServer (OzoneManagerRatisServer.java:start(628)) - Starting OzoneManagerRatisServer omNode-2 at port 15013
2025-04-23 04:29:11,494 [omNode-2-groupManagement] INFO  server.RaftServerConfigKeys (ConfUtils.java:logGet(46)) - raft.server.rpc.slowness.timeout = 2s (custom)
2025-04-23 04:29:11,494 [omNode-2-groupManagement] INFO  server.RaftServerConfigKeys (ConfUtils.java:logGet(46)) - raft.server.leaderelection.leader.step-down.wait-time = 10s (default)
2025-04-23 04:29:11,494 [omNode-2-groupManagement] INFO  server.RaftServerConfigKeys (ConfUtils.java:logGet(46)) - raft.server.leaderelection.member.majority-add = false (default)
2025-04-23 04:29:11,494 [omNode-2-groupManagement] INFO  server.RaftServerConfigKeys (ConfUtils.java:logGet(46)) - raft.server.sleep.deviation.threshold = 300ms (default)
2025-04-23 04:29:11,494 [omNode-2-groupManagement] INFO  server.RaftServer$Division (ServerState.java:<init>(114)) - omNode-2@group-523986131536: ConfigurationManager, init=conf: {index: -1, cur=peers:[omNode-3|localhost:15017, omNode-1|localhost:15009, omNode-2|localhost:15013]|listeners:[], old=null}, confs=<EMPTY_MAP>
2025-04-23 04:29:11,494 [omNode-2-groupManagement] INFO  server.RaftServerConfigKeys (ConfUtils.java:logGet(46)) - raft.server.notification.no-leader.timeout = 2s (custom)
2025-04-23 04:29:11,494 [omNode-2-groupManagement] INFO  server.RaftServerConfigKeys (ConfUtils.java:logGet(46)) - raft.server.read.timeout = 10s (default)
2025-04-23 04:29:11,494 [omNode-2-groupManagement] INFO  server.RaftServerConfigKeys (ConfUtils.java:logGet(46)) - raft.server.retrycache.expirytime = 30000ms (custom)
2025-04-23 04:29:11,494 [omNode-2-groupManagement] INFO  server.RaftServerConfigKeys (ConfUtils.java:logGet(46)) - raft.server.retrycache.statistics.expirytime = 100ms (default)
2025-04-23 04:29:11,494 [omNode-2-groupManagement] INFO  server.RaftServerConfigKeys (ConfUtils.java:logGet(46)) - raft.server.read.option = DEFAULT (default)
2025-04-23 04:29:11,494 [omNode-2-groupManagement] INFO  server.RaftServerConfigKeys (ConfUtils.java:logGet(46)) - raft.server.read.read-after-write-consistent.write-index-cache.expiry-time = 60s (default)
2025-04-23 04:29:11,496 [omNode-2-groupManagement] INFO  server.RaftServerConfigKeys (ConfUtils.java:logGet(46)) - raft.server.rpc.request.timeout = 3000ms (default)
2025-04-23 04:29:11,496 [omNode-2-groupManagement] INFO  server.RaftServerConfigKeys (ConfUtils.java:logGet(46)) - raft.server.log.appender.install.snapshot.enabled = false (custom)
2025-04-23 04:29:11,496 [omNode-2-groupManagement] INFO  server.RaftServerConfigKeys (ConfUtils.java:logGet(46)) - raft.server.threadpool.server.cached = true (default)
2025-04-23 04:29:11,496 [omNode-2-groupManagement] INFO  server.RaftServerConfigKeys (ConfUtils.java:logGet(46)) - raft.server.threadpool.server.size = 0 (default)
2025-04-23 04:29:11,496 [omNode-2-groupManagement] INFO  server.RaftServerConfigKeys (ConfUtils.java:logGet(46)) - raft.server.threadpool.client.cached = true (default)
2025-04-23 04:29:11,496 [omNode-2-groupManagement] INFO  server.RaftServerConfigKeys (ConfUtils.java:logGet(46)) - raft.server.threadpool.client.size = 0 (default)
2025-04-23 04:29:11,496 [omNode-2-impl-thread1] INFO  server.RaftServerConfigKeys (ConfUtils.java:logGet(46)) - raft.server.storage.free-space.min = 0MB (=0) (default)
2025-04-23 04:29:11,496 [omNode-2-impl-thread1] INFO  server.RaftServerConfigKeys (ConfUtils.java:logGet(46)) - raft.server.log.corruption.policy = EXCEPTION (default)
2025-04-23 04:29:11,496 [omNode-2-impl-thread1] INFO  server.RaftServerConfigKeys (ConfUtils.java:logGet(46)) - raft.server.storage.dir = [/home/runner/work/ozone/ozone/hadoop-ozone/integration-test/target/test-dir/MiniOzoneClusterImpl-ff59c164-3798-4a7f-a16d-eeed9ffb3244/omNode-2/ratis] (custom)
2025-04-23 04:29:11,497 [omNode-2-impl-thread1] INFO  storage.RaftStorageDirectory (RaftStorageDirectoryImpl.java:tryLock(229)) - Lock on /home/runner/work/ozone/ozone/hadoop-ozone/integration-test/target/test-dir/MiniOzoneClusterImpl-ff59c164-3798-4a7f-a16d-eeed9ffb3244/omNode-2/ratis/c9bc4cf4-3bc3-3c60-a66b-523986131536/in_use.lock acquired by nodename 129558@fv-az1441-587
2025-04-23 04:29:11,498 [omNode-2-impl-thread1] INFO  storage.RaftStorage (RaftStorageImpl.java:analyzeAndRecoverStorage(118)) - Read RaftStorageMetadata{term=16, votedFor=omNode-1} from /home/runner/work/ozone/ozone/hadoop-ozone/integration-test/target/test-dir/MiniOzoneClusterImpl-ff59c164-3798-4a7f-a16d-eeed9ffb3244/omNode-2/ratis/c9bc4cf4-3bc3-3c60-a66b-523986131536/current/raft-meta
2025-04-23 04:29:11,498 [omNode-2-impl-thread1] INFO  server.RaftServer$Division (ServerState.java:setRaftConf(386)) - omNode-2@group-523986131536: set configuration conf: {index: 337, cur=peers:[omNode-3|localhost:15017, omNode-1|localhost:15009, omNode-2|localhost:15013]|listeners:[], old=null}
2025-04-23 04:29:11,498 [omNode-2-impl-thread1] INFO  ratis.OzoneManagerStateMachine (OzoneManagerStateMachine.java:lambda$0(138)) - omNode-2: initialize group-523986131536 with (t:16, i:338)
2025-04-23 04:29:11,498 [omNode-2-impl-thread1] INFO  server.RaftServerConfigKeys (ConfUtils.java:logGet(46)) - raft.server.log.use.memory = false (default)
2025-04-23 04:29:11,498 [omNode-2-impl-thread1] INFO  server.RaftServerConfigKeys (ConfUtils.java:logGet(46)) - raft.server.log.purge.gap = 50 (custom)
2025-04-23 04:29:11,498 [omNode-2-impl-thread1] INFO  server.RaftServerConfigKeys (ConfUtils.java:logGet(46)) - raft.server.log.appender.buffer.byte-limit = 4194304 (custom)
2025-04-23 04:29:11,498 [omNode-2-impl-thread1] INFO  server.RaftServerConfigKeys (ConfUtils.java:logGet(46)) - raft.server.log.statemachine.data.read.timeout = 1000ms (default)
2025-04-23 04:29:11,498 [omNode-2-impl-thread1] INFO  server.RaftServerConfigKeys (ConfUtils.java:logGet(46)) - raft.server.log.purge.preservation.log.num = 0 (default)
2025-04-23 04:29:11,499 [omNode-2-impl-thread1] INFO  server.RaftServerConfigKeys (ConfUtils.java:logGet(46)) - raft.server.log.segment.size.max = 4194304 (custom)
2025-04-23 04:29:11,499 [omNode-2-impl-thread1] INFO  server.RaftServerConfigKeys (ConfUtils.java:logGet(46)) - raft.server.log.segment.cache.num.max = 2 (custom)
2025-04-23 04:29:11,499 [omNode-2-impl-thread1] INFO  server.RaftServerConfigKeys (ConfUtils.java:logGet(46)) - raft.server.log.segment.cache.size.max = 200MB (=209715200) (default)
2025-04-23 04:29:11,499 [omNode-2-impl-thread1] INFO  server.RaftServerConfigKeys (ConfUtils.java:logGet(46)) - raft.server.log.appender.buffer.byte-limit = 4194304 (custom)
2025-04-23 04:29:11,499 [omNode-2-impl-thread1] INFO  util.AwaitToRun (AwaitToRun.java:start(81)) - Thread[#7085,omNode-2@group-523986131536-cacheEviction-AwaitToRun,5,main] started
2025-04-23 04:29:11,499 [omNode-2-impl-thread1] INFO  segmented.SegmentedRaftLogWorker (SegmentedRaftLogWorker.java:<init>(188)) - new omNode-2@group-523986131536-SegmentedRaftLogWorker for RaftStorageImpl:Storage Directory /home/runner/work/ozone/ozone/hadoop-ozone/integration-test/target/test-dir/MiniOzoneClusterImpl-ff59c164-3798-4a7f-a16d-eeed9ffb3244/omNode-2/ratis/c9bc4cf4-3bc3-3c60-a66b-523986131536
2025-04-23 04:29:11,499 [omNode-2-impl-thread1] INFO  server.RaftServerConfigKeys (ConfUtils.java:logGet(46)) - raft.server.log.queue.byte-limit = 64MB (=67108864) (default)
2025-04-23 04:29:11,499 [omNode-2-impl-thread1] INFO  server.RaftServerConfigKeys (ConfUtils.java:logGet(46)) - raft.server.log.queue.element-limit = 4096 (default)
2025-04-23 04:29:11,499 [omNode-2-impl-thread1] INFO  server.RaftServerConfigKeys (ConfUtils.java:logGet(46)) - raft.server.log.segment.size.max = 4194304 (custom)
2025-04-23 04:29:11,499 [omNode-2-impl-thread1] INFO  server.RaftServerConfigKeys (ConfUtils.java:logGet(46)) - raft.server.log.preallocated.size = 4194304 (custom)
2025-04-23 04:29:11,499 [omNode-2-impl-thread1] INFO  server.RaftServerConfigKeys (ConfUtils.java:logGet(46)) - raft.server.log.force.sync.num = 128 (default)
2025-04-23 04:29:11,500 [omNode-2-impl-thread1] INFO  server.RaftServerConfigKeys (ConfUtils.java:logGet(46)) - raft.server.log.statemachine.data.sync = true (default)
2025-04-23 04:29:11,500 [omNode-2-impl-thread1] INFO  server.RaftServerConfigKeys (ConfUtils.java:logGet(46)) - raft.server.log.statemachine.data.sync.timeout = 10s (default)
2025-04-23 04:29:11,500 [omNode-2-impl-thread1] INFO  server.RaftServerConfigKeys (ConfUtils.java:logGet(46)) - raft.server.log.statemachine.data.sync.timeout.retry = -1 (default)
2025-04-23 04:29:11,500 [omNode-2-impl-thread1] INFO  server.RaftServerConfigKeys (ConfUtils.java:logGet(46)) - raft.server.log.write.buffer.size = 4194312 (custom)
2025-04-23 04:29:11,500 [omNode-2-impl-thread1] INFO  server.RaftServerConfigKeys (ConfUtils.java:logGet(46)) - raft.server.log.appender.buffer.byte-limit = 4194304 (custom)
2025-04-23 04:29:11,500 [omNode-2-impl-thread1] INFO  server.RaftServerConfigKeys (ConfUtils.java:logGet(46)) - raft.server.log.unsafe-flush.enabled = false (default)
2025-04-23 04:29:11,500 [omNode-2-impl-thread1] INFO  server.RaftServerConfigKeys (ConfUtils.java:logGet(46)) - raft.server.log.async-flush.enabled = false (default)
2025-04-23 04:29:11,500 [omNode-2-impl-thread1] INFO  server.RaftServerConfigKeys (ConfUtils.java:logGet(46)) - raft.server.log.statemachine.data.caching.enabled = false (default)
2025-04-23 04:29:11,501 [omNode-2-impl-thread1] INFO  server.RaftServer$Division (ServerState.java:setRaftConf(386)) - omNode-2@group-523986131536: set configuration conf: {index: 313, cur=peers:[omNode-3|localhost:15017, omNode-1|localhost:15009, omNode-2|localhost:15013]|listeners:[], old=null}
2025-04-23 04:29:11,501 [omNode-2-impl-thread1] INFO  segmented.LogSegment (LogSegment.java:loadSegment(171)) - Successfully read 12 entries from segment file /home/runner/work/ozone/ozone/hadoop-ozone/integration-test/target/test-dir/MiniOzoneClusterImpl-ff59c164-3798-4a7f-a16d-eeed9ffb3244/omNode-2/ratis/c9bc4cf4-3bc3-3c60-a66b-523986131536/current/log_313-324
2025-04-23 04:29:11,501 [omNode-2-impl-thread1] INFO  server.RaftServer$Division (ServerState.java:setRaftConf(386)) - omNode-2@group-523986131536: set configuration conf: {index: 325, cur=peers:[omNode-3|localhost:15017, omNode-1|localhost:15009, omNode-2|localhost:15013]|listeners:[], old=null}
2025-04-23 04:29:11,501 [omNode-2-impl-thread1] INFO  segmented.LogSegment (LogSegment.java:loadSegment(171)) - Successfully read 12 entries from segment file /home/runner/work/ozone/ozone/hadoop-ozone/integration-test/target/test-dir/MiniOzoneClusterImpl-ff59c164-3798-4a7f-a16d-eeed9ffb3244/omNode-2/ratis/c9bc4cf4-3bc3-3c60-a66b-523986131536/current/log_325-336
2025-04-23 04:29:11,501 [omNode-2-impl-thread1] INFO  server.RaftServer$Division (ServerState.java:setRaftConf(386)) - omNode-2@group-523986131536: set configuration conf: {index: 337, cur=peers:[omNode-3|localhost:15017, omNode-1|localhost:15009, omNode-2|localhost:15013]|listeners:[], old=null}
2025-04-23 04:29:11,502 [omNode-2-impl-thread1] INFO  segmented.LogSegment (LogSegment.java:loadSegment(171)) - Successfully read 2 entries from segment file /home/runner/work/ozone/ozone/hadoop-ozone/integration-test/target/test-dir/MiniOzoneClusterImpl-ff59c164-3798-4a7f-a16d-eeed9ffb3244/omNode-2/ratis/c9bc4cf4-3bc3-3c60-a66b-523986131536/current/log_inprogress_337
2025-04-23 04:29:11,502 [omNode-2-impl-thread1] INFO  segmented.SegmentedRaftLogWorker (SegmentedRaftLogWorker.java:lambda$new$0(139)) - omNode-2@group-523986131536-SegmentedRaftLogWorker: flushIndex: setUnconditionally 0 -> 338
2025-04-23 04:29:11,502 [omNode-2-impl-thread1] INFO  segmented.SegmentedRaftLogWorker (SegmentedRaftLogWorker.java:lambda$new$0(139)) - omNode-2@group-523986131536-SegmentedRaftLogWorker: safeCacheEvictIndex: setUnconditionally 0 -> 336
2025-04-23 04:29:11,502 [omNode-2-impl-thread1] INFO  segmented.BufferedWriteChannel (BufferedWriteChannel.java:open(61)) - open log_inprogress_337 (append) at position 128
2025-04-23 04:29:11,502 [omNode-2-impl-thread1] INFO  raftlog.RaftLog (RaftLogBase.java:lambda$new$0(54)) - omNode-2@group-523986131536-SegmentedRaftLog: purgeIndex: updateToMax old=-1, new=312, updated? true
2025-04-23 04:29:11,502 [omNode-2-impl-thread1] INFO  server.RaftServer$Division (RaftServerImpl.java:start(391)) - omNode-2@group-523986131536: start as a follower, conf=conf: {index: 337, cur=peers:[omNode-3|localhost:15017, omNode-1|localhost:15009, omNode-2|localhost:15013]|listeners:[], old=null}
2025-04-23 04:29:11,502 [omNode-2-impl-thread1] INFO  server.RaftServer$Division (RaftServerImpl.java:setRole(378)) - omNode-2@group-523986131536: changes role from      null to FOLLOWER at term 16 for startAsFollower
2025-04-23 04:29:11,502 [omNode-2-impl-thread1] INFO  impl.RoleInfo (RoleInfo.java:updateAndGet(148)) - omNode-2: start omNode-2@group-523986131536-FollowerState
2025-04-23 04:29:11,503 [omNode-2-impl-thread1] INFO  util.JmxRegister (JmxRegister.java:tryRegister(44)) - Successfully registered JMX Bean with object name Ratis:service=RaftServer,group=group-523986131536,id=omNode-2
2025-04-23 04:29:11,503 [omNode-2-impl-thread1] INFO  util.JmxRegister (JmxRegister.java:register(58)) - register mxBean class org.apache.ratis.server.impl.RaftServerJmxAdapter as Ratis:service=RaftServer,group=group-523986131536,id=omNode-2
2025-04-23 04:29:11,503 [omNode-2-impl-thread1] INFO  server.RaftServerConfigKeys (ConfUtils.java:logGet(46)) - raft.server.snapshot.trigger-when-stop.enabled = true (default)
2025-04-23 04:29:11,503 [omNode-2-impl-thread1] INFO  server.RaftServerConfigKeys (ConfUtils.java:logGet(46)) - raft.server.snapshot.trigger-when-remove.enabled = true (default)
2025-04-23 04:29:11,503 [omNode-2-impl-thread1] INFO  server.RaftServerConfigKeys (ConfUtils.java:logGet(46)) - raft.server.snapshot.auto.trigger.enabled = true (custom)
2025-04-23 04:29:11,503 [omNode-2-impl-thread1] INFO  server.RaftServerConfigKeys (ConfUtils.java:logGet(46)) - raft.server.snapshot.auto.trigger.threshold = 50 (custom)
2025-04-23 04:29:11,503 [omNode-2-impl-thread1] INFO  server.RaftServerConfigKeys (ConfUtils.java:logGet(46)) - raft.server.snapshot.retention.file.num = -1 (default)
2025-04-23 04:29:11,503 [omNode-2-impl-thread1] INFO  server.RaftServerConfigKeys (ConfUtils.java:logGet(46)) - raft.server.log.purge.upto.snapshot.index = true (custom)
2025-04-23 04:29:11,503 [omNode-2@group-523986131536-FollowerState] INFO  server.RaftServerConfigKeys (ConfUtils.java:logFallback(53)) - raft.server.rpc.first-election.timeout.min = 1s (fallback to raft.server.rpc.timeout.min)
2025-04-23 04:29:11,504 [omNode-2@group-523986131536-FollowerState] INFO  server.RaftServerConfigKeys (ConfUtils.java:logFallback(53)) - raft.server.rpc.first-election.timeout.max = 1200ms (fallback to raft.server.rpc.timeout.max)
2025-04-23 04:29:11,504 [omNode-2-impl-thread1] INFO  server.RaftServer$Division (RaftServerImpl.java:start(405)) - omNode-2@group-523986131536: Successfully started.
2025-04-23 04:29:11,504 [main] INFO  server.RaftServer (RaftServerProxy.java:startImpl(407)) - omNode-2: start RPC server
2025-04-23 04:29:11,504 [main] INFO  server.GrpcService (GrpcService.java:startImpl(334)) - omNode-2: GrpcService started, listening on 15013
2025-04-23 04:29:11,505 [main] INFO  om.OzoneManager (OzoneManager.java:getRpcServer(1360)) - Creating RPC Server
2025-04-23 04:29:11,505 [JvmPauseMonitor37] INFO  util.JvmPauseMonitor (JvmPauseMonitor.java:run(146)) - JvmPauseMonitor-omNode-2: Started
2025-04-23 04:29:11,655 [omNode-3@group-523986131536-FollowerState] INFO  impl.FollowerState (FollowerState.java:runImpl(161)) - omNode-3@group-523986131536-FollowerState: change to CANDIDATE, lastRpcElapsedTime:1085805646ns, electionTimeout:1084ms
2025-04-23 04:29:11,655 [omNode-3@group-523986131536-FollowerState] INFO  impl.RoleInfo (RoleInfo.java:shutdownFollowerState(121)) - omNode-3: shutdown omNode-3@group-523986131536-FollowerState
2025-04-23 04:29:11,655 [omNode-3@group-523986131536-FollowerState] INFO  server.RaftServer$Division (RaftServerImpl.java:setRole(378)) - omNode-3@group-523986131536: changes role from  FOLLOWER to CANDIDATE at term 16 for changeToCandidate
2025-04-23 04:29:11,655 [omNode-3@group-523986131536-FollowerState] INFO  server.RaftServerConfigKeys (ConfUtils.java:logGet(46)) - raft.server.leaderelection.pre-vote = true (default)
2025-04-23 04:29:11,655 [omNode-3@group-523986131536-FollowerState] INFO  impl.RoleInfo (RoleInfo.java:updateAndGet(148)) - omNode-3: start omNode-3@group-523986131536-LeaderElection29
2025-04-23 04:29:11,655 [omNode-3@group-523986131536-LeaderElection29] INFO  impl.LeaderElection (LeaderElection.java:askForVotes(332)) - omNode-3@group-523986131536-LeaderElection29 PRE_VOTE round 0: submit vote requests at term 16 for conf: {index: 337, cur=peers:[omNode-3|localhost:15017, omNode-1|localhost:15009, omNode-2|localhost:15013]|listeners:[], old=null}
2025-04-23 04:29:11,656 [omNode-3@group-523986131536-LeaderElection29-1] INFO  server.GrpcServerProtocolClient (GrpcServerProtocolClient.java:<init>(65)) - Build channel for omNode-1|localhost:15009
2025-04-23 04:29:11,656 [omNode-3@group-523986131536-LeaderElection29-2] INFO  server.GrpcServerProtocolClient (GrpcServerProtocolClient.java:<init>(65)) - Build channel for omNode-2|localhost:15013
2025-04-23 04:29:11,656 [omNode-3@group-523986131536-LeaderElection29] INFO  server.RaftServerConfigKeys (ConfUtils.java:logFallback(53)) - raft.server.rpc.first-election.timeout.min = 1s (fallback to raft.server.rpc.timeout.min)
2025-04-23 04:29:11,656 [omNode-3@group-523986131536-LeaderElection29] INFO  server.RaftServerConfigKeys (ConfUtils.java:logFallback(53)) - raft.server.rpc.first-election.timeout.max = 1200ms (fallback to raft.server.rpc.timeout.max)
2025-04-23 04:29:11,660 [grpc-default-executor-4] INFO  server.RaftServer$Division (RaftServerImpl.java:requestVote(1407)) - omNode-2@group-523986131536: receive requestVote(PRE_VOTE, omNode-3, group-523986131536, 16, (t:16, i:337))
2025-04-23 04:29:11,661 [grpc-default-executor-4] INFO  impl.VoteContext (VoteContext.java:log(49)) - omNode-2@group-523986131536-FOLLOWER: reject PRE_VOTE from omNode-3: our last entry (t:16, i:338) > candidate's last entry (t:16, i:337)
2025-04-23 04:29:11,661 [grpc-default-executor-4] INFO  server.RaftServer$Division (RaftServerImpl.java:requestVote(1441)) - omNode-2@group-523986131536 replies to PRE_VOTE vote request: omNode-3<-omNode-2#0:FAIL-t16. Peer's state: omNode-2@group-523986131536:t16, leader=null, voted=omNode-1, raftlog=Memoized:omNode-2@group-523986131536-SegmentedRaftLog:OPENED:c338:last(t:16, i:338), conf=conf: {index: 337, cur=peers:[omNode-3|localhost:15017, omNode-1|localhost:15009, omNode-2|localhost:15013]|listeners:[], old=null}
2025-04-23 04:29:11,661 [grpc-default-executor-1] INFO  server.RaftServer$Division (RaftServerImpl.java:requestVote(1407)) - omNode-1@group-523986131536: receive requestVote(PRE_VOTE, omNode-3, group-523986131536, 16, (t:16, i:337))
2025-04-23 04:29:11,661 [grpc-default-executor-1] INFO  impl.VoteContext (VoteContext.java:log(49)) - omNode-1@group-523986131536-FOLLOWER: reject PRE_VOTE from omNode-3: our last entry (t:16, i:338) > candidate's last entry (t:16, i:337)
2025-04-23 04:29:11,661 [grpc-default-executor-1] INFO  server.RaftServer$Division (RaftServerImpl.java:requestVote(1441)) - omNode-1@group-523986131536 replies to PRE_VOTE vote request: omNode-3<-omNode-1#0:FAIL-t16. Peer's state: omNode-1@group-523986131536:t16, leader=null, voted=omNode-1, raftlog=Memoized:omNode-1@group-523986131536-SegmentedRaftLog:OPENED:c338:last(t:16, i:338), conf=conf: {index: 337, cur=peers:[omNode-3|localhost:15017, omNode-1|localhost:15009, omNode-2|localhost:15013]|listeners:[], old=null}
2025-04-23 04:29:11,662 [omNode-3@group-523986131536-LeaderElection29] INFO  impl.LeaderElection (LeaderElection.java:logAndReturn(90)) - omNode-3@group-523986131536-LeaderElection29: PRE_VOTE REJECTED received 2 response(s) and 0 exception(s):
2025-04-23 04:29:11,662 [omNode-3@group-523986131536-LeaderElection29] INFO  impl.LeaderElection (LeaderElection.java:logAndReturn(94)) -   Response 0: omNode-3<-omNode-1#0:FAIL-t16
2025-04-23 04:29:11,662 [omNode-3@group-523986131536-LeaderElection29] INFO  impl.LeaderElection (LeaderElection.java:logAndReturn(94)) -   Response 1: omNode-3<-omNode-2#0:FAIL-t16
2025-04-23 04:29:11,662 [omNode-3@group-523986131536-LeaderElection29] INFO  impl.LeaderElection (LeaderElection.java:askForVotes(334)) - omNode-3@group-523986131536-LeaderElection29 PRE_VOTE round 0: result REJECTED
2025-04-23 04:29:11,662 [omNode-3@group-523986131536-LeaderElection29] INFO  server.RaftServer$Division (RaftServerImpl.java:setRole(378)) - omNode-3@group-523986131536: changes role from CANDIDATE to FOLLOWER at term 16 for REJECTED
2025-04-23 04:29:11,662 [omNode-3@group-523986131536-LeaderElection29] INFO  impl.RoleInfo (RoleInfo.java:shutdownLeaderElection(141)) - omNode-3: shutdown omNode-3@group-523986131536-LeaderElection29
2025-04-23 04:29:11,662 [omNode-3@group-523986131536-LeaderElection29] INFO  impl.RoleInfo (RoleInfo.java:updateAndGet(148)) - omNode-3: start omNode-3@group-523986131536-FollowerState
2025-04-23 04:29:11,663 [omNode-3@group-523986131536-LeaderElection29] INFO  server.RaftServer$Division (RaftServerImpl.java:setFirstElection(562)) - omNode-3@group-523986131536: set firstElectionSinceStartup to false for REJECTED
2025-04-23 04:29:11,765 [timer7] WARN  server.GrpcLogAppender (LogUtils.java:warn(121)) - omNode-1@group-523986131536->omNode-3-AppendLogResponseHandler: Failed appendEntries (Repeated 4 times in the last 5.000s): org.apache.ratis.thirdparty.io.grpc.StatusRuntimeException: UNAVAILABLE: io exception
2025-04-23 04:29:11,765 [timer0] WARN  server.GrpcLogAppender (GrpcLogAppender.java:lambda$resetClient$1(221)) - omNode-1@group-523986131536->omNode-3-GrpcLogAppender: Follower failed (request=null, errorCount=22); keep nextIndex (339) unchanged and retry. (Repeated 4 times in the last 5.001s)
2025-04-23 04:29:11,865 [main] INFO  reflections.Reflections (Reflections.java:scan(219)) - Reflections took 360 ms to scan 22 urls, producing 61 keys and 7422 values
2025-04-23 04:29:11,866 [main] INFO  ipc.CallQueueManager (CallQueueManager.java:<init>(93)) - Using callQueue: class java.util.concurrent.LinkedBlockingQueue, queueCapacity: 2000, scheduler: class org.apache.hadoop.ipc.DefaultRpcScheduler, ipcBackoff: false, ipcFailOver: false.
2025-04-23 04:29:11,867 [main] INFO  ipc.Server (Server.java:<init>(1438)) - Listener at localhost:15010
2025-04-23 04:29:11,867 [Socket Reader #1 for port 15010] INFO  ipc.Server (Server.java:run(1474)) - Starting Socket Reader #1 for port 15010
2025-04-23 04:29:11,867 [Socket Reader #2 for port 15010] INFO  ipc.Server (Server.java:run(1474)) - Starting Socket Reader #2 for port 15010
2025-04-23 04:29:11,867 [Socket Reader #3 for port 15010] INFO  ipc.Server (Server.java:run(1474)) - Starting Socket Reader #3 for port 15010
2025-04-23 04:29:11,867 [Socket Reader #4 for port 15010] INFO  ipc.Server (Server.java:run(1474)) - Starting Socket Reader #4 for port 15010
2025-04-23 04:29:11,868 [Socket Reader #5 for port 15010] INFO  ipc.Server (Server.java:run(1474)) - Starting Socket Reader #5 for port 15010
2025-04-23 04:29:11,868 [Socket Reader #6 for port 15010] INFO  ipc.Server (Server.java:run(1474)) - Starting Socket Reader #6 for port 15010
2025-04-23 04:29:11,868 [Socket Reader #7 for port 15010] INFO  ipc.Server (Server.java:run(1474)) - Starting Socket Reader #7 for port 15010
2025-04-23 04:29:11,868 [Socket Reader #8 for port 15010] INFO  ipc.Server (Server.java:run(1474)) - Starting Socket Reader #8 for port 15010
2025-04-23 04:29:11,869 [Socket Reader #9 for port 15010] INFO  ipc.Server (Server.java:run(1474)) - Starting Socket Reader #9 for port 15010
2025-04-23 04:29:11,869 [Socket Reader #10 for port 15010] INFO  ipc.Server (Server.java:run(1474)) - Starting Socket Reader #10 for port 15010
2025-04-23 04:29:11,870 [main] INFO  http.BaseHttpServer (BaseHttpServer.java:newHttpServer2BuilderForOzone(229)) - Starting Web-server for ozoneManager at: http://0.0.0.0:15011
2025-04-23 04:29:11,870 [main] INFO  http.BaseHttpServer (BaseHttpServer.java:<init>(107)) - Hadoop Security Enabled: false Ozone Security Enabled: false Ozone HTTP Security Enabled: false 
2025-04-23 04:29:11,871 [main] WARN  server.AuthenticationFilter (AuthenticationFilter.java:constructSecretProvider(240)) - Unable to initialize FileSignerSecretProvider, falling back to use random secrets. Reason: Could not read signature secret file: /home/runner/hadoop-http-auth-signature-secret
2025-04-23 04:29:11,873 [main] INFO  http.HttpServer2 (HttpServer2.java:addGlobalFilter(1041)) - Added global filter 'safety' (class=org.apache.hadoop.hdds.server.http.HttpServer2$QuotingInputFilter)
2025-04-23 04:29:11,873 [main] INFO  http.HttpServer2 (HttpServer2.java:addFilter(1017)) - Added filter static_user_filter (class=org.apache.hadoop.http.lib.StaticUserWebFilter$StaticUserFilter) to context ozoneManager
2025-04-23 04:29:11,873 [main] INFO  http.HttpServer2 (HttpServer2.java:addFilter(1025)) - Added filter static_user_filter (class=org.apache.hadoop.http.lib.StaticUserWebFilter$StaticUserFilter) to context logs
2025-04-23 04:29:11,873 [main] INFO  http.HttpServer2 (HttpServer2.java:addFilter(1025)) - Added filter static_user_filter (class=org.apache.hadoop.http.lib.StaticUserWebFilter$StaticUserFilter) to context static
2025-04-23 04:29:11,874 [main] INFO  http.BaseHttpServer (BaseHttpServer.java:<init>(195)) - HTTP server of ozoneManager uses base directory /home/runner/work/ozone/ozone/hadoop-ozone/integration-test/target/test-dir/MiniOzoneClusterImpl-ff59c164-3798-4a7f-a16d-eeed9ffb3244/omNode-2/webserver
2025-04-23 04:29:11,874 [main] INFO  http.HttpServer2 (HttpServer2.java:bindListener(1241)) - Jetty bound to port 15011
2025-04-23 04:29:11,874 [main] INFO  server.Server (Server.java:doStart(375)) - jetty-9.4.57.v20241219; built: 2025-01-08T21:24:30.412Z; git: df524e6b29271c2e09ba9aea83c18dc9db464a31; jvm 21.0.7+6-LTS
2025-04-23 04:29:11,875 [main] INFO  server.session (DefaultSessionIdManager.java:doStart(334)) - DefaultSessionIdManager workerName=node0
2025-04-23 04:29:11,875 [main] INFO  server.session (DefaultSessionIdManager.java:doStart(339)) - No SessionScavenger set, using defaults
2025-04-23 04:29:11,875 [main] INFO  server.session (HouseKeeper.java:startScavenging(132)) - node0 Scavenging every 600000ms
2025-04-23 04:29:11,876 [main] INFO  handler.ContextHandler (ContextHandler.java:doStart(921)) - Started o.e.j.s.ServletContextHandler@5db9849d{logs,/logs,file:///home/runner/work/ozone/ozone/hadoop-ozone/integration-test/target/log,AVAILABLE}
2025-04-23 04:29:11,876 [main] INFO  handler.ContextHandler (ContextHandler.java:doStart(921)) - Started o.e.j.s.ServletContextHandler@63bba857{static,/static,file:///home/runner/work/ozone/ozone/hadoop-ozone/integration-test/target/test-classes/webapps/static,AVAILABLE}
2025-04-23 04:29:11,880 [main] INFO  handler.ContextHandler (ContextHandler.java:doStart(921)) - Started o.e.j.w.WebAppContext@24d56f42{ozoneManager,/,file:///home/runner/work/ozone/ozone/hadoop-ozone/integration-test/target/test-classes/webapps/ozoneManager/,AVAILABLE}{file:/home/runner/work/ozone/ozone/hadoop-ozone/integration-test/target/test-classes/webapps/ozoneManager}
2025-04-23 04:29:11,881 [main] INFO  server.AbstractConnector (AbstractConnector.java:doStart(333)) - Started ServerConnector@14db4bef{HTTP/1.1, (http/1.1)}{0.0.0.0:15011}
2025-04-23 04:29:11,881 [main] INFO  server.Server (Server.java:doStart(415)) - Started @155299ms
2025-04-23 04:29:11,881 [main] WARN  impl.MetricsSystemImpl (MetricsSystemImpl.java:register(279)) - Sink prometheus already exists!
2025-04-23 04:29:11,881 [main] INFO  http.BaseHttpServer (BaseHttpServer.java:updateConnectorAddress(360)) - HTTP server of ozoneManager listening at http://0.0.0.0:15011
2025-04-23 04:29:11,881 [IPC Server Responder] INFO  ipc.Server (Server.java:run(1713)) - IPC Server Responder: starting
2025-04-23 04:29:11,882 [IPC Server listener on 15010] INFO  ipc.Server (Server.java:run(1553)) - IPC Server listener on 15010: starting
2025-04-23 04:29:11,884 [main] INFO  om.OzoneManager (OzoneManager.java:startTrashEmptier(2257)) - Trash Interval set to 0. Files deleted won't move to trash
]]></system-out>
  </testcase>
  <testcase name="testIncrementalWaitTimeWithSameNodeFailover" classname="org.apache.hadoop.ozone.om.TestOzoneManagerHAWithStoppedNodes" time="5.962">
    <error message="org.apache.ratis.util.ExitUtils$ExitException: OM Ratis Server has received unrecoverable error, to avoid further DB corruption, terminating OM. Error Response received is:cmdType: CreateKey&#10;traceID: &quot;&quot;&#10;success: false&#10;message: &quot;com.google.protobuf.InvalidProtocolBufferException: Message missing required fields: volumeName, bucketName, keyName, dataSize, type, creationTime, modificationTime\n\tat com.google.protobuf.UninitializedMessageException.asInvalidProtocolBufferException(UninitializedMessageException.java:81)\n\tat com.google.protobuf.AbstractParser.checkMessageInitialized(AbstractParser.java:71)\n\tat com.google.protobuf.AbstractParser.parseFrom(AbstractParser.java:217)\n\tat com.google.protobuf.AbstractParser.parseFrom(AbstractParser.java:223)\n\tat com.google.protobuf.AbstractParser.parseFrom(AbstractParser.java:49)\n\tat org.apache.hadoop.hdds.utils.db.Proto2Codec.fromCodecBuffer(Proto2Codec.java:84)\n\tat org.apache.hadoop.hdds.utils.db.Proto2Codec.fromCodecBuffer(Proto2Codec.java:34)\n\tat org.apache.hadoop.hdds.utils.db.DelegatedCodec.fromCodecBuffer(DelegatedCodec.java:83)\n\tat org.apache.hadoop.hdds.utils.db.TypedTable.getFromTable(TypedTable.java:371)\n\tat org.apache.hadoop.hdds.utils.db.TypedTable.getFromTableIfExist(TypedTable.java:393)\n\tat org.apache.hadoop.hdds.utils.db.TypedTable.getIfExist(TypedTable.java:310)\n\tat org.apache.hadoop.ozone.om.request.key.OMKeyCreateRequest.validateAndUpdateCache(OMKeyCreateRequest.java:228)\n\tat org.apache.hadoop.ozone.protocolPB.OzoneManagerRequestHandler.lambda$0(OzoneManagerRequestHandler.java:419)\n\tat org.apache.hadoop.ozone.util.MetricUtil.captureLatencyNs(MetricUtil.java:45)\n\tat org.apache.hadoop.ozone.protocolPB.OzoneManagerRequestHandler.handleWriteRequestImpl(OzoneManagerRequestHandler.java:417)\n\tat org.apache.hadoop.ozone.protocolPB.RequestHandler.handleWriteRequest(RequestHandler.java:62)\n\tat org.apache.hadoop.ozone.om.ratis.OzoneManagerStateMachine.runCommand(OzoneManagerStateMachine.java:563)\n\tat org.apache.hadoop.ozone.om.ratis.OzoneManagerStateMachine.lambda$2(OzoneManagerStateMachine.java:379)\n\tat java.base/java.util.concurrent.CompletableFuture$AsyncSupply.run(CompletableFuture.java:1768)\n\tat java.base/java.util.concurrent.ThreadPoolExecutor.runWorker(ThreadPoolExecutor.java:1144)\n\tat java.base/java.util.concurrent.ThreadPoolExecutor$Worker.run(ThreadPoolExecutor.java:642)\n\tat java.base/java.lang.Thread.run(Thread.java:1583)\n&quot;&#10;status: INTERNAL_ERROR&#10;omLockDetails {&#10;  isLockAcquired: false&#10;  waitLockNanos: 1754&#10;  readLockNanos: 0&#10;  writeLockNanos: 5431365&#10;}&#10;" type="INTERNAL_ERROR org.apache.hadoop.ozone.om.exceptions.OMException"><![CDATA[INTERNAL_ERROR org.apache.hadoop.ozone.om.exceptions.OMException: org.apache.ratis.util.ExitUtils$ExitException: OM Ratis Server has received unrecoverable error, to avoid further DB corruption, terminating OM. Error Response received is:cmdType: CreateKey
traceID: ""
success: false
message: "com.google.protobuf.InvalidProtocolBufferException: Message missing required fields: volumeName, bucketName, keyName, dataSize, type, creationTime, modificationTime\n\tat com.google.protobuf.UninitializedMessageException.asInvalidProtocolBufferException(UninitializedMessageException.java:81)\n\tat com.google.protobuf.AbstractParser.checkMessageInitialized(AbstractParser.java:71)\n\tat com.google.protobuf.AbstractParser.parseFrom(AbstractParser.java:217)\n\tat com.google.protobuf.AbstractParser.parseFrom(AbstractParser.java:223)\n\tat com.google.protobuf.AbstractParser.parseFrom(AbstractParser.java:49)\n\tat org.apache.hadoop.hdds.utils.db.Proto2Codec.fromCodecBuffer(Proto2Codec.java:84)\n\tat org.apache.hadoop.hdds.utils.db.Proto2Codec.fromCodecBuffer(Proto2Codec.java:34)\n\tat org.apache.hadoop.hdds.utils.db.DelegatedCodec.fromCodecBuffer(DelegatedCodec.java:83)\n\tat org.apache.hadoop.hdds.utils.db.TypedTable.getFromTable(TypedTable.java:371)\n\tat org.apache.hadoop.hdds.utils.db.TypedTable.getFromTableIfExist(TypedTable.java:393)\n\tat org.apache.hadoop.hdds.utils.db.TypedTable.getIfExist(TypedTable.java:310)\n\tat org.apache.hadoop.ozone.om.request.key.OMKeyCreateRequest.validateAndUpdateCache(OMKeyCreateRequest.java:228)\n\tat org.apache.hadoop.ozone.protocolPB.OzoneManagerRequestHandler.lambda$0(OzoneManagerRequestHandler.java:419)\n\tat org.apache.hadoop.ozone.util.MetricUtil.captureLatencyNs(MetricUtil.java:45)\n\tat org.apache.hadoop.ozone.protocolPB.OzoneManagerRequestHandler.handleWriteRequestImpl(OzoneManagerRequestHandler.java:417)\n\tat org.apache.hadoop.ozone.protocolPB.RequestHandler.handleWriteRequest(RequestHandler.java:62)\n\tat org.apache.hadoop.ozone.om.ratis.OzoneManagerStateMachine.runCommand(OzoneManagerStateMachine.java:563)\n\tat org.apache.hadoop.ozone.om.ratis.OzoneManagerStateMachine.lambda$2(OzoneManagerStateMachine.java:379)\n\tat java.base/java.util.concurrent.CompletableFuture$AsyncSupply.run(CompletableFuture.java:1768)\n\tat java.base/java.util.concurrent.ThreadPoolExecutor.runWorker(ThreadPoolExecutor.java:1144)\n\tat java.base/java.util.concurrent.ThreadPoolExecutor$Worker.run(ThreadPoolExecutor.java:642)\n\tat java.base/java.lang.Thread.run(Thread.java:1583)\n"
status: INTERNAL_ERROR
omLockDetails {
  isLockAcquired: false
  waitLockNanos: 1754
  readLockNanos: 0
  writeLockNanos: 5431365
}

	at org.apache.hadoop.ozone.om.protocolPB.OzoneManagerProtocolClientSideTranslatorPB.handleError(OzoneManagerProtocolClientSideTranslatorPB.java:762)
	at org.apache.hadoop.ozone.om.protocolPB.OzoneManagerProtocolClientSideTranslatorPB.handleSubmitRequestAndSCMSafeModeRetry(OzoneManagerProtocolClientSideTranslatorPB.java:2358)
	at org.apache.hadoop.ozone.om.protocolPB.OzoneManagerProtocolClientSideTranslatorPB.openKey(OzoneManagerProtocolClientSideTranslatorPB.java:753)
	at org.apache.hadoop.ozone.client.rpc.RpcClient.createKey(RpcClient.java:1388)
	at org.apache.hadoop.ozone.client.rpc.RpcClient.createKey(RpcClient.java:1358)
	at org.apache.hadoop.ozone.client.rpc.RpcClient.createKey(RpcClient.java:1348)
	at org.apache.hadoop.ozone.client.OzoneBucket.createKey(OzoneBucket.java:451)
	at org.apache.hadoop.ozone.om.TestOzoneManagerHA.createKeyTest(TestOzoneManagerHA.java:425)
	at org.apache.hadoop.ozone.om.TestOzoneManagerHAWithStoppedNodes.testIncrementalWaitTimeWithSameNodeFailover(TestOzoneManagerHAWithStoppedNodes.java:493)
	at java.base/java.lang.reflect.Method.invoke(Method.java:580)
	at java.base/java.util.ArrayList.forEach(ArrayList.java:1596)
	at java.base/java.util.ArrayList.forEach(ArrayList.java:1596)
]]></error>
    <system-out><![CDATA[2025-04-23 04:29:12,121 [omNode-1@group-523986131536-FollowerState] INFO  impl.FollowerState (FollowerState.java:runImpl(161)) - omNode-1@group-523986131536-FollowerState: change to CANDIDATE, lastRpcElapsedTime:1065670606ns, electionTimeout:1065ms
2025-04-23 04:29:12,121 [omNode-1@group-523986131536-FollowerState] INFO  impl.RoleInfo (RoleInfo.java:shutdownFollowerState(121)) - omNode-1: shutdown omNode-1@group-523986131536-FollowerState
2025-04-23 04:29:12,121 [omNode-1@group-523986131536-FollowerState] INFO  server.RaftServer$Division (RaftServerImpl.java:setRole(378)) - omNode-1@group-523986131536: changes role from  FOLLOWER to CANDIDATE at term 16 for changeToCandidate
2025-04-23 04:29:12,121 [omNode-1@group-523986131536-FollowerState] INFO  server.RaftServerConfigKeys (ConfUtils.java:logGet(46)) - raft.server.leaderelection.pre-vote = true (default)
2025-04-23 04:29:12,121 [omNode-1@group-523986131536-FollowerState] INFO  impl.RoleInfo (RoleInfo.java:updateAndGet(148)) - omNode-1: start omNode-1@group-523986131536-LeaderElection30
2025-04-23 04:29:12,121 [omNode-1@group-523986131536-LeaderElection30] INFO  impl.LeaderElection (LeaderElection.java:askForVotes(332)) - omNode-1@group-523986131536-LeaderElection30 PRE_VOTE round 0: submit vote requests at term 16 for conf: {index: 337, cur=peers:[omNode-3|localhost:15017, omNode-1|localhost:15009, omNode-2|localhost:15013]|listeners:[], old=null}
2025-04-23 04:29:12,122 [omNode-1@group-523986131536-LeaderElection30-1] INFO  server.GrpcServerProtocolClient (GrpcServerProtocolClient.java:<init>(65)) - Build channel for omNode-3|localhost:15017
2025-04-23 04:29:12,122 [omNode-1@group-523986131536-LeaderElection30] INFO  server.RaftServerConfigKeys (ConfUtils.java:logFallback(53)) - raft.server.rpc.first-election.timeout.min = 1s (fallback to raft.server.rpc.timeout.min)
2025-04-23 04:29:12,122 [omNode-1@group-523986131536-LeaderElection30] INFO  server.RaftServerConfigKeys (ConfUtils.java:logFallback(53)) - raft.server.rpc.first-election.timeout.max = 1200ms (fallback to raft.server.rpc.timeout.max)
2025-04-23 04:29:12,122 [omNode-1@group-523986131536-LeaderElection30-2] INFO  server.GrpcServerProtocolClient (GrpcServerProtocolClient.java:<init>(65)) - Build channel for omNode-2|localhost:15013
2025-04-23 04:29:12,125 [grpc-default-executor-1] INFO  server.RaftServer$Division (RaftServerImpl.java:requestVote(1407)) - omNode-2@group-523986131536: receive requestVote(PRE_VOTE, omNode-1, group-523986131536, 16, (t:16, i:338))
2025-04-23 04:29:12,125 [grpc-default-executor-1] INFO  impl.VoteContext (VoteContext.java:log(49)) - omNode-2@group-523986131536-FOLLOWER: accept PRE_VOTE from omNode-1: our priority 0 <= candidate's priority 0
2025-04-23 04:29:12,125 [grpc-default-executor-4] INFO  server.RaftServer$Division (RaftServerImpl.java:requestVote(1407)) - omNode-3@group-523986131536: receive requestVote(PRE_VOTE, omNode-1, group-523986131536, 16, (t:16, i:338))
2025-04-23 04:29:12,125 [grpc-default-executor-1] INFO  server.RaftServer$Division (RaftServerImpl.java:requestVote(1441)) - omNode-2@group-523986131536 replies to PRE_VOTE vote request: omNode-1<-omNode-2#0:OK-t16. Peer's state: omNode-2@group-523986131536:t16, leader=null, voted=omNode-1, raftlog=Memoized:omNode-2@group-523986131536-SegmentedRaftLog:OPENED:c338:last(t:16, i:338), conf=conf: {index: 337, cur=peers:[omNode-3|localhost:15017, omNode-1|localhost:15009, omNode-2|localhost:15013]|listeners:[], old=null}
2025-04-23 04:29:12,125 [grpc-default-executor-4] INFO  impl.VoteContext (VoteContext.java:log(49)) - omNode-3@group-523986131536-FOLLOWER: accept PRE_VOTE from omNode-1: our last entry (t:16, i:337) < candidate's last entry (t:16, i:338)
2025-04-23 04:29:12,125 [grpc-default-executor-4] INFO  server.RaftServer$Division (RaftServerImpl.java:requestVote(1441)) - omNode-3@group-523986131536 replies to PRE_VOTE vote request: omNode-1<-omNode-3#0:OK-t16. Peer's state: omNode-3@group-523986131536:t16, leader=null, voted=omNode-1, raftlog=Memoized:omNode-3@group-523986131536-SegmentedRaftLog:OPENED:c336:last(t:16, i:337), conf=conf: {index: 337, cur=peers:[omNode-3|localhost:15017, omNode-1|localhost:15009, omNode-2|localhost:15013]|listeners:[], old=null}
2025-04-23 04:29:12,126 [omNode-1@group-523986131536-LeaderElection30] INFO  impl.LeaderElection (LeaderElection.java:logAndReturn(90)) - omNode-1@group-523986131536-LeaderElection30: PRE_VOTE PASSED received 1 response(s) and 0 exception(s):
2025-04-23 04:29:12,126 [omNode-1@group-523986131536-LeaderElection30] INFO  impl.LeaderElection (LeaderElection.java:logAndReturn(94)) -   Response 0: omNode-1<-omNode-3#0:OK-t16
2025-04-23 04:29:12,126 [omNode-1@group-523986131536-LeaderElection30] INFO  impl.LeaderElection (LeaderElection.java:askForVotes(334)) - omNode-1@group-523986131536-LeaderElection30 PRE_VOTE round 0: result PASSED
2025-04-23 04:29:12,127 [omNode-1@group-523986131536-LeaderElection30] INFO  impl.LeaderElection (LeaderElection.java:askForVotes(332)) - omNode-1@group-523986131536-LeaderElection30 ELECTION round 0: submit vote requests at term 17 for conf: {index: 337, cur=peers:[omNode-3|localhost:15017, omNode-1|localhost:15009, omNode-2|localhost:15013]|listeners:[], old=null}
2025-04-23 04:29:12,128 [omNode-1@group-523986131536-LeaderElection30] INFO  server.RaftServerConfigKeys (ConfUtils.java:logFallback(53)) - raft.server.rpc.first-election.timeout.min = 1s (fallback to raft.server.rpc.timeout.min)
2025-04-23 04:29:12,128 [omNode-1@group-523986131536-LeaderElection30] INFO  server.RaftServerConfigKeys (ConfUtils.java:logFallback(53)) - raft.server.rpc.first-election.timeout.max = 1200ms (fallback to raft.server.rpc.timeout.max)
2025-04-23 04:29:12,128 [grpc-default-executor-4] INFO  server.RaftServer$Division (RaftServerImpl.java:requestVote(1407)) - omNode-2@group-523986131536: receive requestVote(ELECTION, omNode-1, group-523986131536, 17, (t:16, i:338))
2025-04-23 04:29:12,128 [grpc-default-executor-1] INFO  server.RaftServer$Division (RaftServerImpl.java:requestVote(1407)) - omNode-3@group-523986131536: receive requestVote(ELECTION, omNode-1, group-523986131536, 17, (t:16, i:338))
2025-04-23 04:29:12,129 [grpc-default-executor-4] INFO  impl.VoteContext (VoteContext.java:log(49)) - omNode-2@group-523986131536-FOLLOWER: accept ELECTION from omNode-1: our priority 0 <= candidate's priority 0
2025-04-23 04:29:12,129 [grpc-default-executor-1] INFO  impl.VoteContext (VoteContext.java:log(49)) - omNode-3@group-523986131536-FOLLOWER: accept ELECTION from omNode-1: our last entry (t:16, i:337) < candidate's last entry (t:16, i:338)
2025-04-23 04:29:12,129 [grpc-default-executor-4] INFO  server.RaftServer$Division (RaftServerImpl.java:setRole(378)) - omNode-2@group-523986131536: changes role from  FOLLOWER to FOLLOWER at term 16 for candidate:omNode-1
2025-04-23 04:29:12,129 [grpc-default-executor-4] INFO  impl.RoleInfo (RoleInfo.java:shutdownFollowerState(121)) - omNode-2: shutdown omNode-2@group-523986131536-FollowerState
2025-04-23 04:29:12,129 [grpc-default-executor-1] INFO  server.RaftServer$Division (RaftServerImpl.java:setRole(378)) - omNode-3@group-523986131536: changes role from  FOLLOWER to FOLLOWER at term 16 for candidate:omNode-1
2025-04-23 04:29:12,129 [grpc-default-executor-1] INFO  impl.RoleInfo (RoleInfo.java:shutdownFollowerState(121)) - omNode-3: shutdown omNode-3@group-523986131536-FollowerState
2025-04-23 04:29:12,129 [grpc-default-executor-1] INFO  impl.RoleInfo (RoleInfo.java:updateAndGet(148)) - omNode-3: start omNode-3@group-523986131536-FollowerState
2025-04-23 04:29:12,129 [grpc-default-executor-4] INFO  impl.RoleInfo (RoleInfo.java:updateAndGet(148)) - omNode-2: start omNode-2@group-523986131536-FollowerState
2025-04-23 04:29:12,129 [omNode-3@group-523986131536-FollowerState] INFO  impl.FollowerState (FollowerState.java:runImpl(170)) - omNode-3@group-523986131536-FollowerState was interrupted
2025-04-23 04:29:12,129 [omNode-2@group-523986131536-FollowerState] INFO  impl.FollowerState (FollowerState.java:runImpl(170)) - omNode-2@group-523986131536-FollowerState was interrupted
2025-04-23 04:29:12,130 [grpc-default-executor-4] INFO  server.RaftServer$Division (RaftServerImpl.java:setFirstElection(562)) - omNode-2@group-523986131536: set firstElectionSinceStartup to false for candidate:omNode-1
2025-04-23 04:29:12,130 [grpc-default-executor-1] INFO  server.RaftServer$Division (RaftServerImpl.java:requestVote(1441)) - omNode-3@group-523986131536 replies to ELECTION vote request: omNode-1<-omNode-3#0:OK-t17. Peer's state: omNode-3@group-523986131536:t17, leader=null, voted=omNode-1, raftlog=Memoized:omNode-3@group-523986131536-SegmentedRaftLog:OPENED:c336:last(t:16, i:337), conf=conf: {index: 337, cur=peers:[omNode-3|localhost:15017, omNode-1|localhost:15009, omNode-2|localhost:15013]|listeners:[], old=null}
2025-04-23 04:29:12,130 [omNode-1@group-523986131536-LeaderElection30] INFO  impl.LeaderElection (LeaderElection.java:logAndReturn(90)) - omNode-1@group-523986131536-LeaderElection30: ELECTION PASSED received 1 response(s) and 0 exception(s):
2025-04-23 04:29:12,131 [omNode-1@group-523986131536-LeaderElection30] INFO  impl.LeaderElection (LeaderElection.java:logAndReturn(94)) -   Response 0: omNode-1<-omNode-3#0:OK-t17
2025-04-23 04:29:12,131 [omNode-1@group-523986131536-LeaderElection30] INFO  impl.LeaderElection (LeaderElection.java:askForVotes(334)) - omNode-1@group-523986131536-LeaderElection30 ELECTION round 0: result PASSED
2025-04-23 04:29:12,131 [omNode-1@group-523986131536-LeaderElection30] INFO  impl.RoleInfo (RoleInfo.java:shutdownLeaderElection(141)) - omNode-1: shutdown omNode-1@group-523986131536-LeaderElection30
2025-04-23 04:29:12,131 [omNode-1@group-523986131536-LeaderElection30] INFO  server.RaftServer$Division (RaftServerImpl.java:setRole(378)) - omNode-1@group-523986131536: changes role from CANDIDATE to LEADER at term 17 for changeToLeader
2025-04-23 04:29:12,131 [grpc-default-executor-4] INFO  server.RaftServer$Division (RaftServerImpl.java:requestVote(1441)) - omNode-2@group-523986131536 replies to ELECTION vote request: omNode-1<-omNode-2#0:OK-t17. Peer's state: omNode-2@group-523986131536:t17, leader=null, voted=omNode-1, raftlog=Memoized:omNode-2@group-523986131536-SegmentedRaftLog:OPENED:c338:last(t:16, i:338), conf=conf: {index: 337, cur=peers:[omNode-3|localhost:15017, omNode-1|localhost:15009, omNode-2|localhost:15013]|listeners:[], old=null}
2025-04-23 04:29:12,131 [omNode-1@group-523986131536-LeaderElection30] INFO  server.RaftServerConfigKeys (ConfUtils.java:logGet(46)) - raft.server.staging.catchup.gap = 1000 (default)
2025-04-23 04:29:12,131 [omNode-1@group-523986131536-LeaderElection30] INFO  server.RaftServerConfigKeys (ConfUtils.java:logGet(46)) - raft.server.write.element-limit = 4096 (default)
2025-04-23 04:29:12,131 [omNode-1@group-523986131536-LeaderElection30] INFO  server.RaftServerConfigKeys (ConfUtils.java:logGet(46)) - raft.server.write.byte-limit = 64MB (=67108864) (default)
2025-04-23 04:29:12,131 [omNode-1@group-523986131536-LeaderElection30] INFO  server.RaftServerConfigKeys (ConfUtils.java:logGet(46)) - raft.server.watch.timeout = 10s (default)
2025-04-23 04:29:12,131 [omNode-1@group-523986131536-LeaderElection30] INFO  server.RaftServerConfigKeys (ConfUtils.java:logGet(46)) - raft.server.watch.timeout.denomination = 1s (default)
2025-04-23 04:29:12,131 [omNode-1@group-523986131536-LeaderElection30] INFO  server.RaftServerConfigKeys (ConfUtils.java:logGet(46)) - raft.server.watch.element-limit = 65536 (default)
2025-04-23 04:29:12,132 [omNode-1@group-523986131536-LeaderElection30] INFO  server.RaftServerConfigKeys (ConfUtils.java:logGet(46)) - raft.server.read.leader.lease.enabled = false (default)
2025-04-23 04:29:12,132 [omNode-1@group-523986131536-LeaderElection30] INFO  server.RaftServerConfigKeys (ConfUtils.java:logGet(46)) - raft.server.read.leader.lease.timeout.ratio = 0.9 (default)
2025-04-23 04:29:12,132 [omNode-1@group-523986131536-LeaderElection30] INFO  server.RaftServerConfigKeys (ConfUtils.java:logGet(46)) - raft.server.rpc.timeout.min = 1s (custom)
2025-04-23 04:29:12,132 [omNode-1@group-523986131536-LeaderElection30] INFO  server.RaftServerConfigKeys (ConfUtils.java:logGet(46)) - raft.server.log.log-metadata.enabled = true (default)
2025-04-23 04:29:12,132 [omNode-1@group-523986131536-LeaderElection30] INFO  server.RaftServerConfigKeys (ConfUtils.java:logGet(46)) - raft.server.write.element-limit = 4096 (default)
2025-04-23 04:29:12,132 [omNode-1@group-523986131536-LeaderElection30] INFO  server.RaftServerConfigKeys (ConfUtils.java:logGet(46)) - raft.server.write.follower.gap.ratio.max = -1.0 (default)
2025-04-23 04:29:12,132 [omNode-1@group-523986131536-LeaderElection30] INFO  server.RaftServerConfigKeys (ConfUtils.java:logGet(46)) - raft.server.log.appender.snapshot.chunk.size.max = 16MB (=16777216) (default)
2025-04-23 04:29:12,132 [omNode-1@group-523986131536-LeaderElection30] INFO  server.RaftServerConfigKeys (ConfUtils.java:logGet(46)) - raft.server.log.appender.buffer.byte-limit = 4194304 (custom)
2025-04-23 04:29:12,132 [omNode-1@group-523986131536-LeaderElection30] INFO  server.RaftServerConfigKeys (ConfUtils.java:logGet(46)) - raft.server.log.appender.buffer.element-limit = 1024 (custom)
2025-04-23 04:29:12,132 [omNode-1@group-523986131536-LeaderElection30] INFO  server.RaftServerConfigKeys (ConfUtils.java:logGet(46)) - raft.server.log.appender.wait-time.min = 0ms (custom)
2025-04-23 04:29:12,132 [omNode-1@group-523986131536-LeaderElection30] INFO  grpc.GrpcConfigKeys (ConfUtils.java:logGet(46)) - raft.grpc.server.leader.outstanding.appends.max = 8 (default)
2025-04-23 04:29:12,132 [omNode-1@group-523986131536-LeaderElection30] INFO  server.RaftServerConfigKeys (ConfUtils.java:logGet(46)) - raft.server.rpc.request.timeout = 3000ms (default)
2025-04-23 04:29:12,132 [omNode-1@group-523986131536-LeaderElection30] INFO  grpc.GrpcConfigKeys (ConfUtils.java:logGet(46)) - raft.grpc.server.install_snapshot.request.element-limit = 8 (default)
2025-04-23 04:29:12,132 [omNode-1@group-523986131536-LeaderElection30] INFO  grpc.GrpcConfigKeys (ConfUtils.java:logGet(46)) - raft.grpc.server.install_snapshot.request.timeout = 3000ms (default)
2025-04-23 04:29:12,132 [omNode-1@group-523986131536-LeaderElection30] INFO  grpc.GrpcConfigKeys (ConfUtils.java:logGet(46)) - raft.grpc.server.log-message.batch.duration = 5s (default)
2025-04-23 04:29:12,132 [omNode-1@group-523986131536-LeaderElection30] INFO  server.RaftServerConfigKeys (ConfUtils.java:logGet(46)) - raft.server.log.appender.install.snapshot.enabled = false (custom)
2025-04-23 04:29:12,132 [omNode-1@group-523986131536-LeaderElection30] INFO  grpc.GrpcConfigKeys (ConfUtils.java:logGet(46)) - raft.grpc.server.heartbeat.channel = true (default)
2025-04-23 04:29:12,133 [omNode-1@group-523986131536-LeaderElection30] INFO  server.RaftServerConfigKeys (ConfUtils.java:logGet(46)) - raft.server.log.appender.snapshot.chunk.size.max = 16MB (=16777216) (default)
2025-04-23 04:29:12,133 [omNode-1@group-523986131536-LeaderElection30] INFO  server.RaftServerConfigKeys (ConfUtils.java:logGet(46)) - raft.server.log.appender.buffer.byte-limit = 4194304 (custom)
2025-04-23 04:29:12,133 [omNode-1@group-523986131536-LeaderElection30] INFO  server.RaftServerConfigKeys (ConfUtils.java:logGet(46)) - raft.server.log.appender.buffer.element-limit = 1024 (custom)
2025-04-23 04:29:12,133 [omNode-1@group-523986131536-LeaderElection30] INFO  server.RaftServerConfigKeys (ConfUtils.java:logGet(46)) - raft.server.log.appender.wait-time.min = 0ms (custom)
2025-04-23 04:29:12,133 [omNode-1@group-523986131536-LeaderElection30] INFO  grpc.GrpcConfigKeys (ConfUtils.java:logGet(46)) - raft.grpc.server.leader.outstanding.appends.max = 8 (default)
2025-04-23 04:29:12,133 [omNode-1@group-523986131536-LeaderElection30] INFO  server.RaftServerConfigKeys (ConfUtils.java:logGet(46)) - raft.server.rpc.request.timeout = 3000ms (default)
2025-04-23 04:29:12,133 [omNode-1@group-523986131536-LeaderElection30] INFO  grpc.GrpcConfigKeys (ConfUtils.java:logGet(46)) - raft.grpc.server.install_snapshot.request.element-limit = 8 (default)
2025-04-23 04:29:12,133 [omNode-1@group-523986131536-LeaderElection30] INFO  grpc.GrpcConfigKeys (ConfUtils.java:logGet(46)) - raft.grpc.server.install_snapshot.request.timeout = 3000ms (default)
2025-04-23 04:29:12,133 [omNode-1@group-523986131536-LeaderElection30] INFO  grpc.GrpcConfigKeys (ConfUtils.java:logGet(46)) - raft.grpc.server.log-message.batch.duration = 5s (default)
2025-04-23 04:29:12,133 [omNode-1@group-523986131536-LeaderElection30] INFO  server.RaftServerConfigKeys (ConfUtils.java:logGet(46)) - raft.server.log.appender.install.snapshot.enabled = false (custom)
2025-04-23 04:29:12,133 [omNode-1@group-523986131536-LeaderElection30] INFO  grpc.GrpcConfigKeys (ConfUtils.java:logGet(46)) - raft.grpc.server.heartbeat.channel = true (default)
2025-04-23 04:29:12,133 [omNode-1@group-523986131536-LeaderElection30] INFO  impl.RoleInfo (RoleInfo.java:updateAndGet(148)) - omNode-1: start omNode-1@group-523986131536-LeaderStateImpl
2025-04-23 04:29:12,134 [omNode-1@group-523986131536-LeaderElection30] INFO  server.RaftServer$Division (RaftServerImpl.java:setFirstElection(562)) - omNode-1@group-523986131536: set firstElectionSinceStartup to false for becomeLeader
2025-04-23 04:29:12,134 [omNode-1@group-523986131536-LeaderElection30] INFO  ratis.OzoneManagerStateMachine (OzoneManagerStateMachine.java:notifyLeaderChanged(169)) - omNode-1@group-523986131536: leader changed to omNode-1
2025-04-23 04:29:12,134 [omNode-1@group-523986131536-LeaderElection30] INFO  server.RaftServer$Division (ServerState.java:setLeader(272)) - omNode-1@group-523986131536: change Leader from null to omNode-1 at term 17 for becomeLeader, leader elected after 1089ms
2025-04-23 04:29:12,134 [omNode-1@group-523986131536-LeaderElection30] INFO  segmented.SegmentedRaftLogWorker (SegmentedRaftLogWorker.java:rollLogSegment(443)) - omNode-1@group-523986131536-SegmentedRaftLogWorker: Rolling segment log-337_338 to index:338
2025-04-23 04:29:12,134 [omNode-1@group-523986131536-LeaderElection30] INFO  server.RaftServer$Division (ServerState.java:setRaftConf(386)) - omNode-1@group-523986131536: set configuration conf: {index: 339, cur=peers:[omNode-3|localhost:15017, omNode-1|localhost:15009, omNode-2|localhost:15013]|listeners:[], old=null}
2025-04-23 04:29:12,134 [omNode-1@group-523986131536-SegmentedRaftLogWorker] INFO  segmented.SegmentedRaftLogWorker (SegmentedRaftLogWorker.java:execute(601)) - omNode-1@group-523986131536-SegmentedRaftLogWorker: Rolled log segment from /home/runner/work/ozone/ozone/hadoop-ozone/integration-test/target/test-dir/MiniOzoneClusterImpl-ff59c164-3798-4a7f-a16d-eeed9ffb3244/omNode-1/ratis/c9bc4cf4-3bc3-3c60-a66b-523986131536/current/log_inprogress_337 to /home/runner/work/ozone/ozone/hadoop-ozone/integration-test/target/test-dir/MiniOzoneClusterImpl-ff59c164-3798-4a7f-a16d-eeed9ffb3244/omNode-1/ratis/c9bc4cf4-3bc3-3c60-a66b-523986131536/current/log_337-338
2025-04-23 04:29:12,135 [omNode-1@group-523986131536-SegmentedRaftLogWorker] INFO  segmented.BufferedWriteChannel (BufferedWriteChannel.java:open(61)) - open log_inprogress_339 at position 0
2025-04-23 04:29:12,140 [omNode-2-server-thread1] INFO  ratis.OzoneManagerStateMachine (OzoneManagerStateMachine.java:notifyLeaderChanged(169)) - omNode-2@group-523986131536: leader changed to omNode-1
2025-04-23 04:29:12,140 [omNode-2-server-thread1] INFO  server.RaftServer$Division (ServerState.java:setLeader(272)) - omNode-2@group-523986131536: change Leader from null to omNode-1 at term 17 for appendEntries, leader elected after 645ms
2025-04-23 04:29:12,140 [omNode-3-server-thread1] INFO  ratis.OzoneManagerStateMachine (OzoneManagerStateMachine.java:notifyLeaderChanged(169)) - omNode-3@group-523986131536: leader changed to omNode-1
2025-04-23 04:29:12,140 [omNode-3-server-thread1] INFO  server.RaftServer$Division (ServerState.java:setLeader(272)) - omNode-3@group-523986131536: change Leader from null to omNode-1 at term 17 for appendEntries, leader elected after 1578ms
2025-04-23 04:29:12,140 [omNode-3-server-thread1] INFO  server.RaftServer$Division (RaftServerImpl.java:checkInconsistentAppendEntries(1648)) - omNode-3@group-523986131536: Failed appendEntries as previous log entry ((t:16, i:338)) is not found
2025-04-23 04:29:12,140 [omNode-3-server-thread1] INFO  server.RaftServer$Division (RaftServerImpl.java:appendEntriesAsync(1580)) - omNode-3@group-523986131536: appendEntries* reply omNode-1<-omNode-3#0:FAIL-t17,INCONSISTENCY,nextIndex=338,followerCommit=336,matchIndex=-1
2025-04-23 04:29:12,140 [omNode-2-server-thread3] INFO  server.RaftServer$Division (ServerState.java:setRaftConf(386)) - omNode-2@group-523986131536: set configuration conf: {index: 339, cur=peers:[omNode-3|localhost:15017, omNode-1|localhost:15009, omNode-2|localhost:15013]|listeners:[], old=null}
2025-04-23 04:29:12,141 [omNode-2-server-thread3] INFO  segmented.SegmentedRaftLogWorker (SegmentedRaftLogWorker.java:rollLogSegment(443)) - omNode-2@group-523986131536-SegmentedRaftLogWorker: Rolling segment log-337_338 to index:338
2025-04-23 04:29:12,141 [grpc-default-executor-4] WARN  server.GrpcLogAppender (GrpcLogAppender.java:onNextImpl(519)) - omNode-1@group-523986131536->omNode-3-AppendLogResponseHandler: received INCONSISTENCY reply with nextIndex 338, errorCount=1, request=AppendEntriesRequest:cid=0,entriesCount=0
2025-04-23 04:29:12,141 [grpc-default-executor-4] INFO  leader.FollowerInfo (FollowerInfoImpl.java:info(70)) - omNode-1@group-523986131536->omNode-3: setNextIndex nextIndex: updateUnconditionally 340 -> 338
2025-04-23 04:29:12,141 [omNode-2@group-523986131536-SegmentedRaftLogWorker] INFO  segmented.SegmentedRaftLogWorker (SegmentedRaftLogWorker.java:execute(601)) - omNode-2@group-523986131536-SegmentedRaftLogWorker: Rolled log segment from /home/runner/work/ozone/ozone/hadoop-ozone/integration-test/target/test-dir/MiniOzoneClusterImpl-ff59c164-3798-4a7f-a16d-eeed9ffb3244/omNode-2/ratis/c9bc4cf4-3bc3-3c60-a66b-523986131536/current/log_inprogress_337 to /home/runner/work/ozone/ozone/hadoop-ozone/integration-test/target/test-dir/MiniOzoneClusterImpl-ff59c164-3798-4a7f-a16d-eeed9ffb3244/omNode-2/ratis/c9bc4cf4-3bc3-3c60-a66b-523986131536/current/log_337-338
2025-04-23 04:29:12,141 [omNode-3-server-thread2] INFO  server.RaftServer$Division (RaftServerImpl.java:checkInconsistentAppendEntries(1648)) - omNode-3@group-523986131536: Failed appendEntries as previous log entry ((t:16, i:338)) is not found
2025-04-23 04:29:12,141 [omNode-2@group-523986131536-SegmentedRaftLogWorker] INFO  segmented.BufferedWriteChannel (BufferedWriteChannel.java:open(61)) - open log_inprogress_339 at position 0
2025-04-23 04:29:12,141 [omNode-3-server-thread2] INFO  server.RaftServer$Division (RaftServerImpl.java:appendEntriesAsync(1580)) - omNode-3@group-523986131536: appendEntries* reply omNode-1<-omNode-3#1:FAIL-t17,INCONSISTENCY,nextIndex=338,followerCommit=336,matchIndex=-1
2025-04-23 04:29:12,142 [grpc-default-executor-2] WARN  server.GrpcLogAppender (GrpcLogAppender.java:onNextImpl(519)) - omNode-1@group-523986131536->omNode-3-AppendLogResponseHandler: received INCONSISTENCY reply with nextIndex 338, errorCount=2, request=null
2025-04-23 04:29:12,142 [grpc-default-executor-2] INFO  leader.FollowerInfo (FollowerInfoImpl.java:info(70)) - omNode-1@group-523986131536->omNode-3: setNextIndex nextIndex: updateUnconditionally 340 -> 338
2025-04-23 04:29:12,142 [omNode-3-server-thread2] INFO  server.RaftServer$Division (ServerState.java:setRaftConf(386)) - omNode-3@group-523986131536: set configuration conf: {index: 339, cur=peers:[omNode-3|localhost:15017, omNode-1|localhost:15009, omNode-2|localhost:15013]|listeners:[], old=null}
2025-04-23 04:29:12,142 [omNode-3-server-thread2] INFO  segmented.SegmentedRaftLogWorker (SegmentedRaftLogWorker.java:rollLogSegment(443)) - omNode-3@group-523986131536-SegmentedRaftLogWorker: Rolling segment log-337_338 to index:338
2025-04-23 04:29:12,143 [omNode-3-server-thread2] INFO  server.RaftServer$Division (ServerState.java:setRaftConf(386)) - omNode-3@group-523986131536: set configuration conf: {index: 339, cur=peers:[omNode-3|localhost:15017, omNode-1|localhost:15009, omNode-2|localhost:15013]|listeners:[], old=null}
2025-04-23 04:29:12,144 [omNode-1@group-523986131536-SegmentedRaftLogWorker] INFO  segmented.SegmentedRaftLogWorker (SegmentedRaftLogWorker.java:execute(644)) - omNode-1@group-523986131536-SegmentedRaftLogWorker: created new log segment /home/runner/work/ozone/ozone/hadoop-ozone/integration-test/target/test-dir/MiniOzoneClusterImpl-ff59c164-3798-4a7f-a16d-eeed9ffb3244/omNode-1/ratis/c9bc4cf4-3bc3-3c60-a66b-523986131536/current/log_inprogress_339
2025-04-23 04:29:12,145 [omNode-3@group-523986131536-StateMachineUpdater] INFO  ratis.OzoneManagerStateMachine (OzoneManagerStateMachine.java:notifyConfigurationChanged(231)) - notifyConfigurationChanged from Ratis: term=16, index=337, New Peer list: omNode-3(localhost:15017), omNode-1(localhost:15009), omNode-2(localhost:15013)
2025-04-23 04:29:12,153 [omNode-2@group-523986131536-SegmentedRaftLogWorker] INFO  segmented.SegmentedRaftLogWorker (SegmentedRaftLogWorker.java:execute(644)) - omNode-2@group-523986131536-SegmentedRaftLogWorker: created new log segment /home/runner/work/ozone/ozone/hadoop-ozone/integration-test/target/test-dir/MiniOzoneClusterImpl-ff59c164-3798-4a7f-a16d-eeed9ffb3244/omNode-2/ratis/c9bc4cf4-3bc3-3c60-a66b-523986131536/current/log_inprogress_339
2025-04-23 04:29:12,155 [omNode-1@group-523986131536-StateMachineUpdater] INFO  ratis.OzoneManagerStateMachine (OzoneManagerStateMachine.java:notifyConfigurationChanged(231)) - notifyConfigurationChanged from Ratis: term=17, index=339, New Peer list: omNode-3(localhost:15017), omNode-1(localhost:15009), omNode-2(localhost:15013)
2025-04-23 04:29:12,155 [omNode-1@group-523986131536-StateMachineUpdater] INFO  server.RaftServer$Division (LeaderStateImpl.java:checkStartIndex(313)) - Leader omNode-1@group-523986131536-LeaderStateImpl is ready since appliedIndex == startIndex == 339
2025-04-23 04:29:12,155 [omNode-3@group-523986131536-SegmentedRaftLogWorker] INFO  segmented.SegmentedRaftLogWorker (SegmentedRaftLogWorker.java:execute(601)) - omNode-3@group-523986131536-SegmentedRaftLogWorker: Rolled log segment from /home/runner/work/ozone/ozone/hadoop-ozone/integration-test/target/test-dir/MiniOzoneClusterImpl-ff59c164-3798-4a7f-a16d-eeed9ffb3244/omNode-3/ratis/c9bc4cf4-3bc3-3c60-a66b-523986131536/current/log_inprogress_337 to /home/runner/work/ozone/ozone/hadoop-ozone/integration-test/target/test-dir/MiniOzoneClusterImpl-ff59c164-3798-4a7f-a16d-eeed9ffb3244/omNode-3/ratis/c9bc4cf4-3bc3-3c60-a66b-523986131536/current/log_337-338
2025-04-23 04:29:12,155 [omNode-3@group-523986131536-SegmentedRaftLogWorker] INFO  segmented.BufferedWriteChannel (BufferedWriteChannel.java:open(61)) - open log_inprogress_339 at position 0
2025-04-23 04:29:12,156 [omNode-2@group-523986131536-StateMachineUpdater] INFO  ratis.OzoneManagerStateMachine (OzoneManagerStateMachine.java:notifyConfigurationChanged(231)) - notifyConfigurationChanged from Ratis: term=17, index=339, New Peer list: omNode-3(localhost:15017), omNode-1(localhost:15009), omNode-2(localhost:15013)
2025-04-23 04:29:12,163 [omNode-3@group-523986131536-SegmentedRaftLogWorker] INFO  segmented.SegmentedRaftLogWorker (SegmentedRaftLogWorker.java:execute(644)) - omNode-3@group-523986131536-SegmentedRaftLogWorker: created new log segment /home/runner/work/ozone/ozone/hadoop-ozone/integration-test/target/test-dir/MiniOzoneClusterImpl-ff59c164-3798-4a7f-a16d-eeed9ffb3244/omNode-3/ratis/c9bc4cf4-3bc3-3c60-a66b-523986131536/current/log_inprogress_339
2025-04-23 04:29:12,164 [omNode-3@group-523986131536-StateMachineUpdater] INFO  ratis.OzoneManagerStateMachine (OzoneManagerStateMachine.java:notifyConfigurationChanged(231)) - notifyConfigurationChanged from Ratis: term=17, index=339, New Peer list: omNode-3(localhost:15017), omNode-1(localhost:15009), omNode-2(localhost:15013)
2025-04-23 04:29:12,286 [main] INFO  om.OzoneManager (OzoneManager.java:stop(2347)) - omNode-1[localhost:15006]: Stopping Ozone Manager
2025-04-23 04:29:12,286 [main] INFO  ipc.Server (Server.java:stop(3697)) - Stopping server on 15006
2025-04-23 04:29:12,288 [IPC Server listener on 15006] INFO  ipc.Server (Server.java:run(1585)) - Stopping IPC Server listener on 15006
2025-04-23 04:29:12,288 [IPC Server Responder] INFO  ipc.Server (Server.java:run(1718)) - Stopping IPC Server Responder
2025-04-23 04:29:12,288 [main] INFO  ratis.OzoneManagerRatisServer (OzoneManagerRatisServer.java:stop(634)) - Stopping org.apache.hadoop.ozone.om.ratis.OzoneManagerRatisServer@e319a6a at port 15009
2025-04-23 04:29:12,288 [main] INFO  server.RaftServer (RaftServerProxy.java:lambda$close$9(417)) - omNode-1: close
2025-04-23 04:29:12,289 [main] INFO  server.GrpcService (GrpcService.java:closeImpl(343)) - omNode-1: shutdown server GrpcServerProtocolService now
2025-04-23 04:29:12,289 [omNode-1-impl-thread1] INFO  server.RaftServer$Division (RaftServerImpl.java:lambda$close$1(513)) - omNode-1@group-523986131536: shutdown
2025-04-23 04:29:12,289 [omNode-1-impl-thread1] INFO  util.JmxRegister (JmxRegister.java:unregister(74)) - Successfully un-registered JMX Bean with object name Ratis:service=RaftServer,group=group-523986131536,id=omNode-1
2025-04-23 04:29:12,289 [omNode-1-impl-thread1] INFO  impl.RoleInfo (RoleInfo.java:shutdownLeaderState(103)) - omNode-1: shutdown omNode-1@group-523986131536-LeaderStateImpl
2025-04-23 04:29:12,289 [omNode-1@group-523986131536->omNode-3-GrpcLogAppender-LogAppenderDaemon] WARN  server.GrpcLogAppender (GrpcLogAppender.java:mayWait(293)) - omNode-1@group-523986131536->omNode-3-GrpcLogAppender: Wait interrupted by java.lang.InterruptedException
2025-04-23 04:29:12,289 [Thread-6272] INFO  server.GrpcServerProtocolClient (GrpcServerProtocolClient.java:close(105)) - omNode-3 Close channels
2025-04-23 04:29:12,289 [omNode-1@group-523986131536->omNode-2-GrpcLogAppender-LogAppenderDaemon] WARN  server.GrpcLogAppender (GrpcLogAppender.java:mayWait(293)) - omNode-1@group-523986131536->omNode-2-GrpcLogAppender: Wait interrupted by java.lang.InterruptedException
2025-04-23 04:29:12,290 [grpc-default-executor-1] INFO  server.GrpcServerProtocolService (GrpcServerProtocolService.java:onCompleted(157)) - omNode-3: Completed APPEND_ENTRIES, lastRequest: null
2025-04-23 04:29:12,289 [omNode-1-impl-thread1] INFO  impl.PendingRequests (PendingRequests.java:sendNotLeaderResponses(287)) - omNode-1@group-523986131536-PendingRequests: sendNotLeaderResponses
2025-04-23 04:29:12,290 [grpc-default-executor-4] INFO  server.GrpcServerProtocolService (GrpcServerProtocolService.java:onCompleted(157)) - omNode-2: Completed APPEND_ENTRIES, lastRequest: null
2025-04-23 04:29:12,290 [grpc-default-executor-4] INFO  server.GrpcServerProtocolService (GrpcServerProtocolService.java:lambda$onCompleted$5(159)) - omNode-2: Completed APPEND_ENTRIES, lastReply: serverReply {
  requestorId: "omNode-1"
  replyId: "omNode-2"
  raftGroupId {
    id: "\311\274L\364;\303<`\246kR9\206\023\0256"
  }
  success: true
}
term: 17
nextIndex: 339
followerCommit: 338
matchIndex: 18446744073709551615
isHearbeat: true

2025-04-23 04:29:12,290 [grpc-default-executor-2] INFO  server.GrpcServerProtocolService (GrpcServerProtocolService.java:onCompleted(157)) - omNode-3: Completed APPEND_ENTRIES, lastRequest: omNode-1->omNode-3#4-t17,previous=(t:17, i:339),leaderCommit=339,initializing? false,entries: size=1, first=(t:17, i:340), METADATAENTRY(c:339)
2025-04-23 04:29:12,290 [grpc-default-executor-2] INFO  server.GrpcServerProtocolService (GrpcServerProtocolService.java:lambda$onCompleted$5(159)) - omNode-3: Completed APPEND_ENTRIES, lastReply: null
2025-04-23 04:29:12,291 [grpc-default-executor-1] INFO  server.GrpcServerProtocolService (GrpcServerProtocolService.java:lambda$onCompleted$5(159)) - omNode-3: Completed APPEND_ENTRIES, lastReply: serverReply {
  requestorId: "omNode-1"
  replyId: "omNode-3"
  raftGroupId {
    id: "\311\274L\364;\303<`\246kR9\206\023\0256"
  }
}
term: 17
nextIndex: 338
result: INCONSISTENCY
followerCommit: 336
matchIndex: 18446744073709551615
isHearbeat: true

2025-04-23 04:29:12,291 [Thread-6274] INFO  server.GrpcServerProtocolClient (GrpcServerProtocolClient.java:close(105)) - omNode-2 Close channels
2025-04-23 04:29:12,291 [grpc-default-executor-5] INFO  server.GrpcServerProtocolService (GrpcServerProtocolService.java:onCompleted(157)) - omNode-2: Completed APPEND_ENTRIES, lastRequest: omNode-1->omNode-2#2-t17,previous=(t:17, i:339),leaderCommit=339,initializing? false,entries: size=1, first=(t:17, i:340), METADATAENTRY(c:339)
2025-04-23 04:29:12,291 [grpc-default-executor-5] INFO  server.GrpcServerProtocolService (GrpcServerProtocolService.java:lambda$onCompleted$5(159)) - omNode-2: Completed APPEND_ENTRIES, lastReply: null
2025-04-23 04:29:12,291 [omNode-1-impl-thread1] INFO  impl.StateMachineUpdater (StateMachineUpdater.java:stopAndJoin(164)) - omNode-1@group-523986131536-StateMachineUpdater: set stopIndex = 340
2025-04-23 04:29:12,291 [grpc-default-executor-4] INFO  server.GrpcLogAppender (GrpcLogAppender.java:onCompleted(550)) - omNode-1@group-523986131536->omNode-3-AppendLogResponseHandler: follower responses appendEntries COMPLETED
2025-04-23 04:29:12,292 [grpc-default-executor-4] WARN  server.GrpcLogAppender (GrpcLogAppender.java:resetClient(230)) - omNode-1@group-523986131536->omNode-3-GrpcLogAppender: Failed to getClient for omNode-3
org.apache.ratis.protocol.exceptions.AlreadyClosedException: omNode-1 is already CLOSED
	at org.apache.ratis.util.PeerProxyMap$PeerAndProxy.getProxy(PeerProxyMap.java:67)
	at org.apache.ratis.util.PeerProxyMap.getProxy(PeerProxyMap.java:124)
	at org.apache.ratis.grpc.server.GrpcLogAppender.getClient(GrpcLogAppender.java:200)
	at org.apache.ratis.grpc.server.GrpcLogAppender.resetClient(GrpcLogAppender.java:205)
	at org.apache.ratis.grpc.server.GrpcLogAppender.access$800(GrpcLogAppender.java:64)
	at org.apache.ratis.grpc.server.GrpcLogAppender$AppendLogResponseHandler.onCompleted(GrpcLogAppender.java:551)
	at org.apache.ratis.thirdparty.io.grpc.stub.ClientCalls$StreamObserverToCallListenerAdapter.onClose(ClientCalls.java:479)
	at org.apache.ratis.thirdparty.io.grpc.internal.ClientCallImpl.closeObserver(ClientCallImpl.java:567)
	at org.apache.ratis.thirdparty.io.grpc.internal.ClientCallImpl.access$300(ClientCallImpl.java:71)
	at org.apache.ratis.thirdparty.io.grpc.internal.ClientCallImpl$ClientStreamListenerImpl$1StreamClosed.runInternal(ClientCallImpl.java:735)
	at org.apache.ratis.thirdparty.io.grpc.internal.ClientCallImpl$ClientStreamListenerImpl$1StreamClosed.runInContext(ClientCallImpl.java:716)
	at org.apache.ratis.thirdparty.io.grpc.internal.ContextRunnable.run(ContextRunnable.java:37)
	at org.apache.ratis.thirdparty.io.grpc.internal.SerializingExecutor.run(SerializingExecutor.java:133)
	at java.base/java.util.concurrent.ThreadPoolExecutor.runWorker(ThreadPoolExecutor.java:1144)
	at java.base/java.util.concurrent.ThreadPoolExecutor$Worker.run(ThreadPoolExecutor.java:642)
	at java.base/java.lang.Thread.run(Thread.java:1583)
2025-04-23 04:29:12,292 [grpc-default-executor-5] INFO  server.GrpcLogAppender (GrpcLogAppender.java:onCompleted(550)) - omNode-1@group-523986131536->omNode-3-AppendLogResponseHandler: follower responses appendEntries COMPLETED
2025-04-23 04:29:12,292 [grpc-default-executor-5] WARN  server.GrpcLogAppender (GrpcLogAppender.java:resetClient(230)) - omNode-1@group-523986131536->omNode-3-GrpcLogAppender: Failed to getClient for omNode-3
org.apache.ratis.protocol.exceptions.AlreadyClosedException: omNode-1 is already CLOSED
	at org.apache.ratis.util.PeerProxyMap$PeerAndProxy.getProxy(PeerProxyMap.java:67)
	at org.apache.ratis.util.PeerProxyMap.getProxy(PeerProxyMap.java:124)
	at org.apache.ratis.grpc.server.GrpcLogAppender.getClient(GrpcLogAppender.java:200)
	at org.apache.ratis.grpc.server.GrpcLogAppender.resetClient(GrpcLogAppender.java:205)
	at org.apache.ratis.grpc.server.GrpcLogAppender.access$800(GrpcLogAppender.java:64)
	at org.apache.ratis.grpc.server.GrpcLogAppender$AppendLogResponseHandler.onCompleted(GrpcLogAppender.java:551)
	at org.apache.ratis.thirdparty.io.grpc.stub.ClientCalls$StreamObserverToCallListenerAdapter.onClose(ClientCalls.java:479)
	at org.apache.ratis.thirdparty.io.grpc.internal.DelayedClientCall$DelayedListener$3.run(DelayedClientCall.java:489)
	at org.apache.ratis.thirdparty.io.grpc.internal.DelayedClientCall$DelayedListener.delayOrExecute(DelayedClientCall.java:453)
	at org.apache.ratis.thirdparty.io.grpc.internal.DelayedClientCall$DelayedListener.onClose(DelayedClientCall.java:486)
	at org.apache.ratis.thirdparty.io.grpc.internal.ClientCallImpl.closeObserver(ClientCallImpl.java:567)
	at org.apache.ratis.thirdparty.io.grpc.internal.ClientCallImpl.access$300(ClientCallImpl.java:71)
	at org.apache.ratis.thirdparty.io.grpc.internal.ClientCallImpl$ClientStreamListenerImpl$1StreamClosed.runInternal(ClientCallImpl.java:735)
	at org.apache.ratis.thirdparty.io.grpc.internal.ClientCallImpl$ClientStreamListenerImpl$1StreamClosed.runInContext(ClientCallImpl.java:716)
	at org.apache.ratis.thirdparty.io.grpc.internal.ContextRunnable.run(ContextRunnable.java:37)
	at org.apache.ratis.thirdparty.io.grpc.internal.SerializingExecutor.run(SerializingExecutor.java:133)
	at java.base/java.util.concurrent.ThreadPoolExecutor.runWorker(ThreadPoolExecutor.java:1144)
	at java.base/java.util.concurrent.ThreadPoolExecutor$Worker.run(ThreadPoolExecutor.java:642)
	at java.base/java.lang.Thread.run(Thread.java:1583)
2025-04-23 04:29:12,292 [grpc-default-executor-2] INFO  server.GrpcLogAppender (GrpcLogAppender.java:onCompleted(550)) - omNode-1@group-523986131536->omNode-2-AppendLogResponseHandler: follower responses appendEntries COMPLETED
2025-04-23 04:29:12,292 [grpc-default-executor-2] WARN  server.GrpcLogAppender (GrpcLogAppender.java:resetClient(230)) - omNode-1@group-523986131536->omNode-2-GrpcLogAppender: Failed to getClient for omNode-2
org.apache.ratis.protocol.exceptions.AlreadyClosedException: omNode-1 is already CLOSED
	at org.apache.ratis.util.PeerProxyMap$PeerAndProxy.getProxy(PeerProxyMap.java:67)
	at org.apache.ratis.util.PeerProxyMap.getProxy(PeerProxyMap.java:124)
	at org.apache.ratis.grpc.server.GrpcLogAppender.getClient(GrpcLogAppender.java:200)
	at org.apache.ratis.grpc.server.GrpcLogAppender.resetClient(GrpcLogAppender.java:205)
	at org.apache.ratis.grpc.server.GrpcLogAppender.access$800(GrpcLogAppender.java:64)
	at org.apache.ratis.grpc.server.GrpcLogAppender$AppendLogResponseHandler.onCompleted(GrpcLogAppender.java:551)
	at org.apache.ratis.thirdparty.io.grpc.stub.ClientCalls$StreamObserverToCallListenerAdapter.onClose(ClientCalls.java:479)
	at org.apache.ratis.thirdparty.io.grpc.internal.ClientCallImpl.closeObserver(ClientCallImpl.java:567)
	at org.apache.ratis.thirdparty.io.grpc.internal.ClientCallImpl.access$300(ClientCallImpl.java:71)
	at org.apache.ratis.thirdparty.io.grpc.internal.ClientCallImpl$ClientStreamListenerImpl$1StreamClosed.runInternal(ClientCallImpl.java:735)
	at org.apache.ratis.thirdparty.io.grpc.internal.ClientCallImpl$ClientStreamListenerImpl$1StreamClosed.runInContext(ClientCallImpl.java:716)
	at org.apache.ratis.thirdparty.io.grpc.internal.ContextRunnable.run(ContextRunnable.java:37)
	at org.apache.ratis.thirdparty.io.grpc.internal.SerializingExecutor.run(SerializingExecutor.java:133)
	at java.base/java.util.concurrent.ThreadPoolExecutor.runWorker(ThreadPoolExecutor.java:1144)
	at java.base/java.util.concurrent.ThreadPoolExecutor$Worker.run(ThreadPoolExecutor.java:642)
	at java.base/java.lang.Thread.run(Thread.java:1583)
2025-04-23 04:29:12,292 [grpc-default-executor-1] INFO  server.GrpcLogAppender (GrpcLogAppender.java:onCompleted(550)) - omNode-1@group-523986131536->omNode-2-AppendLogResponseHandler: follower responses appendEntries COMPLETED
2025-04-23 04:29:12,293 [grpc-default-executor-1] WARN  server.GrpcLogAppender (GrpcLogAppender.java:resetClient(230)) - omNode-1@group-523986131536->omNode-2-GrpcLogAppender: Failed to getClient for omNode-2
org.apache.ratis.protocol.exceptions.AlreadyClosedException: omNode-1 is already CLOSED
	at org.apache.ratis.util.PeerProxyMap$PeerAndProxy.getProxy(PeerProxyMap.java:67)
	at org.apache.ratis.util.PeerProxyMap.getProxy(PeerProxyMap.java:124)
	at org.apache.ratis.grpc.server.GrpcLogAppender.getClient(GrpcLogAppender.java:200)
	at org.apache.ratis.grpc.server.GrpcLogAppender.resetClient(GrpcLogAppender.java:205)
	at org.apache.ratis.grpc.server.GrpcLogAppender.access$800(GrpcLogAppender.java:64)
	at org.apache.ratis.grpc.server.GrpcLogAppender$AppendLogResponseHandler.onCompleted(GrpcLogAppender.java:551)
	at org.apache.ratis.thirdparty.io.grpc.stub.ClientCalls$StreamObserverToCallListenerAdapter.onClose(ClientCalls.java:479)
	at org.apache.ratis.thirdparty.io.grpc.internal.DelayedClientCall$DelayedListener$3.run(DelayedClientCall.java:489)
	at org.apache.ratis.thirdparty.io.grpc.internal.DelayedClientCall$DelayedListener.delayOrExecute(DelayedClientCall.java:453)
	at org.apache.ratis.thirdparty.io.grpc.internal.DelayedClientCall$DelayedListener.onClose(DelayedClientCall.java:486)
	at org.apache.ratis.thirdparty.io.grpc.internal.ClientCallImpl.closeObserver(ClientCallImpl.java:567)
	at org.apache.ratis.thirdparty.io.grpc.internal.ClientCallImpl.access$300(ClientCallImpl.java:71)
	at org.apache.ratis.thirdparty.io.grpc.internal.ClientCallImpl$ClientStreamListenerImpl$1StreamClosed.runInternal(ClientCallImpl.java:735)
	at org.apache.ratis.thirdparty.io.grpc.internal.ClientCallImpl$ClientStreamListenerImpl$1StreamClosed.runInContext(ClientCallImpl.java:716)
	at org.apache.ratis.thirdparty.io.grpc.internal.ContextRunnable.run(ContextRunnable.java:37)
	at org.apache.ratis.thirdparty.io.grpc.internal.SerializingExecutor.run(SerializingExecutor.java:133)
	at java.base/java.util.concurrent.ThreadPoolExecutor.runWorker(ThreadPoolExecutor.java:1144)
	at java.base/java.util.concurrent.ThreadPoolExecutor$Worker.run(ThreadPoolExecutor.java:642)
	at java.base/java.lang.Thread.run(Thread.java:1583)
2025-04-23 04:29:12,293 [main] INFO  server.GrpcService (GrpcService.java:closeImpl(352)) - omNode-1: shutdown server GrpcServerProtocolService successfully
2025-04-23 04:29:12,297 [omNode-1@group-523986131536-StateMachineUpdater] INFO  ratis.OzoneManagerStateMachine (OzoneManagerStateMachine.java:takeSnapshotImpl(510)) - omNode-1: taking snapshot. applied = (t:17, i:340), skipped = 338, notified = (t:17, i:340), current snapshot index = (t:17, i:340), took 6 ms
2025-04-23 04:29:12,297 [omNode-1@group-523986131536-StateMachineUpdater] INFO  impl.StateMachineUpdater (StateMachineUpdater.java:takeSnapshot(303)) - omNode-1@group-523986131536-StateMachineUpdater: Took a snapshot at index 340
2025-04-23 04:29:12,297 [omNode-1@group-523986131536-StateMachineUpdater] INFO  impl.StateMachineUpdater (StateMachineUpdater.java:lambda$new$0(102)) - omNode-1@group-523986131536-StateMachineUpdater: snapshotIndex: updateIncreasingly 338 -> 340
2025-04-23 04:29:12,297 [omNode-1@group-523986131536-StateMachineUpdater] INFO  impl.StateMachineUpdater (StateMachineUpdater.java:stop(141)) - omNode-1@group-523986131536-StateMachineUpdater: closing OzoneManagerStateMachine, lastApplied=(t:17, i:340)
2025-04-23 04:29:12,297 [omNode-1@group-523986131536-StateMachineUpdater] INFO  ratis.OzoneManagerStateMachine (OzoneManagerStateMachine.java:close(550)) - Stopping OzoneManagerStateMachine:omNode-1:group-523986131536.
2025-04-23 04:29:12,297 [omNode-1@group-523986131536-StateMachineUpdater] INFO  ratis.OzoneManagerDoubleBuffer (OzoneManagerDoubleBuffer.java:stopDaemon(500)) - Stopping OMDoubleBuffer flush thread
2025-04-23 04:29:12,297 [omNode-1-OMDoubleBufferFlushThread] INFO  ratis.OzoneManagerDoubleBuffer (OzoneManagerDoubleBuffer.java:canFlush(559)) - OMDoubleBuffer flush thread omNode-1-OMDoubleBufferFlushThread is interrupted and will exit.
2025-04-23 04:29:12,297 [omNode-1@group-523986131536-cacheEviction-AwaitToRun] INFO  util.AwaitToRun (AwaitToRun.java:run(49)) - omNode-1@group-523986131536-cacheEviction-AwaitToRun-AwaitForSignal is interrupted
2025-04-23 04:29:13,155 [omNode-1-impl-thread1] INFO  segmented.SegmentedRaftLogWorker (SegmentedRaftLogWorker.java:close(252)) - omNode-1@group-523986131536-SegmentedRaftLogWorker close()
2025-04-23 04:29:13,156 [JvmPauseMonitor36] INFO  util.JvmPauseMonitor (JvmPauseMonitor.java:run(152)) - JvmPauseMonitor-omNode-1: Stopped
2025-04-23 04:29:13,156 [main] INFO  utils.BackgroundService (BackgroundService.java:shutdown(161)) - Shutting down service KeyDeletingService
2025-04-23 04:29:13,156 [main] INFO  utils.BackgroundService (BackgroundService.java:shutdown(161)) - Shutting down service DirectoryDeletingService
2025-04-23 04:29:13,157 [main] INFO  utils.BackgroundService (BackgroundService.java:shutdown(161)) - Shutting down service OpenKeyCleanupService
2025-04-23 04:29:13,157 [main] INFO  utils.BackgroundService (BackgroundService.java:shutdown(161)) - Shutting down service SstFilteringService
2025-04-23 04:29:13,158 [main] INFO  utils.BackgroundService (BackgroundService.java:shutdown(161)) - Shutting down service SnapshotDeletingService
2025-04-23 04:29:13,158 [main] INFO  utils.BackgroundService (BackgroundService.java:shutdown(161)) - Shutting down service MultipartUploadCleanupService
2025-04-23 04:29:13,159 [main] INFO  handler.ContextHandler (ContextHandler.java:doStop(1159)) - Stopped o.e.j.w.WebAppContext@131ddbde{ozoneManager,/,null,STOPPED}{file:/home/runner/work/ozone/ozone/hadoop-ozone/integration-test/target/test-classes/webapps/ozoneManager}
2025-04-23 04:29:13,159 [main] INFO  server.AbstractConnector (AbstractConnector.java:doStop(383)) - Stopped ServerConnector@425c112b{HTTP/1.1, (http/1.1)}{0.0.0.0:15007}
2025-04-23 04:29:13,159 [main] INFO  server.session (HouseKeeper.java:stopScavenging(149)) - node0 Stopped scavenging
2025-04-23 04:29:13,159 [main] INFO  handler.ContextHandler (ContextHandler.java:doStop(1159)) - Stopped o.e.j.s.ServletContextHandler@47796987{static,/static,file:///home/runner/work/ozone/ozone/hadoop-ozone/integration-test/target/test-classes/webapps/static,STOPPED}
2025-04-23 04:29:13,159 [main] INFO  handler.ContextHandler (ContextHandler.java:doStop(1159)) - Stopped o.e.j.s.ServletContextHandler@686a4c35{logs,/logs,file:///home/runner/work/ozone/ozone/hadoop-ozone/integration-test/target/log,STOPPED}
2025-04-23 04:29:13,160 [main] INFO  rocksdiff.RocksDBCheckpointDiffer (RocksDBCheckpointDiffer.java:close(304)) - Shutting down CompactionDagPruningService.
2025-04-23 04:29:13,162 [main] INFO  snapshot.SnapshotDiffManager (SnapshotDiffManager.java:closeExecutorService(1698)) - Shutting down executorService: 'SnapDiffExecutor'
2025-04-23 04:29:13,162 [main] INFO  utils.BackgroundService (BackgroundService.java:shutdown(161)) - Shutting down service SnapshotDiffCleanupService
2025-04-23 04:29:14,218 [omNode-2@group-523986131536-FollowerState] INFO  impl.FollowerState (FollowerState.java:runImpl(161)) - omNode-2@group-523986131536-FollowerState: change to CANDIDATE, lastRpcElapsedTime:2063299534ns, electionTimeout:1009ms
2025-04-23 04:29:14,218 [omNode-2@group-523986131536-FollowerState] INFO  impl.RoleInfo (RoleInfo.java:shutdownFollowerState(121)) - omNode-2: shutdown omNode-2@group-523986131536-FollowerState
2025-04-23 04:29:14,218 [omNode-2@group-523986131536-FollowerState] INFO  server.RaftServer$Division (RaftServerImpl.java:setRole(378)) - omNode-2@group-523986131536: changes role from  FOLLOWER to CANDIDATE at term 17 for changeToCandidate
2025-04-23 04:29:14,218 [omNode-2@group-523986131536-FollowerState] INFO  server.RaftServerConfigKeys (ConfUtils.java:logGet(46)) - raft.server.leaderelection.pre-vote = true (default)
2025-04-23 04:29:14,218 [omNode-2@group-523986131536-FollowerState] INFO  impl.RoleInfo (RoleInfo.java:updateAndGet(148)) - omNode-2: start omNode-2@group-523986131536-LeaderElection31
2025-04-23 04:29:14,219 [omNode-2@group-523986131536-LeaderElection31] INFO  server.RaftServer$Division (ServerState.java:setLeader(272)) - omNode-2@group-523986131536: change Leader from omNode-1 to null at term 17 for PRE_VOTE
2025-04-23 04:29:14,219 [omNode-2@group-523986131536-LeaderElection31] INFO  impl.LeaderElection (LeaderElection.java:askForVotes(332)) - omNode-2@group-523986131536-LeaderElection31 PRE_VOTE round 0: submit vote requests at term 17 for conf: {index: 339, cur=peers:[omNode-3|localhost:15017, omNode-1|localhost:15009, omNode-2|localhost:15013]|listeners:[], old=null}
2025-04-23 04:29:14,219 [omNode-2@group-523986131536-LeaderElection31-1] INFO  server.GrpcServerProtocolClient (GrpcServerProtocolClient.java:<init>(65)) - Build channel for omNode-3|localhost:15017
2025-04-23 04:29:14,219 [omNode-2@group-523986131536-LeaderElection31-2] INFO  server.GrpcServerProtocolClient (GrpcServerProtocolClient.java:<init>(65)) - Build channel for omNode-1|localhost:15009
2025-04-23 04:29:14,221 [omNode-2@group-523986131536-LeaderElection31] INFO  impl.LeaderElection (LogUtils.java:infoOrTrace(136)) - omNode-2@group-523986131536-LeaderElection31 got exception when requesting votes: java.util.concurrent.ExecutionException: org.apache.ratis.thirdparty.io.grpc.StatusRuntimeException: UNAVAILABLE: io exception
2025-04-23 04:29:14,222 [grpc-default-executor-2] INFO  server.RaftServer$Division (RaftServerImpl.java:requestVote(1407)) - omNode-3@group-523986131536: receive requestVote(PRE_VOTE, omNode-2, group-523986131536, 17, (t:17, i:340))
2025-04-23 04:29:14,222 [grpc-default-executor-2] INFO  impl.VoteContext (VoteContext.java:log(49)) - omNode-3@group-523986131536-FOLLOWER: accept PRE_VOTE from omNode-2: our priority 0 <= candidate's priority 0
2025-04-23 04:29:14,222 [grpc-default-executor-2] INFO  server.RaftServer$Division (RaftServerImpl.java:requestVote(1441)) - omNode-3@group-523986131536 replies to PRE_VOTE vote request: omNode-2<-omNode-3#0:OK-t17. Peer's state: omNode-3@group-523986131536:t17, leader=omNode-1, voted=omNode-1, raftlog=Memoized:omNode-3@group-523986131536-SegmentedRaftLog:OPENED:c339:last(t:17, i:340), conf=conf: {index: 339, cur=peers:[omNode-3|localhost:15017, omNode-1|localhost:15009, omNode-2|localhost:15013]|listeners:[], old=null}
2025-04-23 04:29:14,223 [omNode-2@group-523986131536-LeaderElection31] INFO  impl.LeaderElection (LeaderElection.java:logAndReturn(90)) - omNode-2@group-523986131536-LeaderElection31: PRE_VOTE PASSED received 1 response(s) and 1 exception(s):
2025-04-23 04:29:14,223 [omNode-2@group-523986131536-LeaderElection31] INFO  impl.LeaderElection (LeaderElection.java:logAndReturn(94)) -   Response 0: omNode-2<-omNode-3#0:OK-t17
2025-04-23 04:29:14,223 [omNode-2@group-523986131536-LeaderElection31] INFO  impl.LeaderElection (LogUtils.java:infoOrTrace(136)) -   Exception 1: java.util.concurrent.ExecutionException: org.apache.ratis.thirdparty.io.grpc.StatusRuntimeException: UNAVAILABLE: io exception
2025-04-23 04:29:14,223 [omNode-2@group-523986131536-LeaderElection31] INFO  impl.LeaderElection (LeaderElection.java:askForVotes(334)) - omNode-2@group-523986131536-LeaderElection31 PRE_VOTE round 0: result PASSED
2025-04-23 04:29:14,226 [omNode-2@group-523986131536-LeaderElection31] INFO  impl.LeaderElection (LeaderElection.java:askForVotes(332)) - omNode-2@group-523986131536-LeaderElection31 ELECTION round 0: submit vote requests at term 18 for conf: {index: 339, cur=peers:[omNode-3|localhost:15017, omNode-1|localhost:15009, omNode-2|localhost:15013]|listeners:[], old=null}
2025-04-23 04:29:14,226 [omNode-2@group-523986131536-LeaderElection31] INFO  impl.LeaderElection (LogUtils.java:infoOrTrace(136)) - omNode-2@group-523986131536-LeaderElection31 got exception when requesting votes: java.util.concurrent.ExecutionException: org.apache.ratis.thirdparty.io.grpc.StatusRuntimeException: UNAVAILABLE: io exception
2025-04-23 04:29:14,226 [grpc-default-executor-2] INFO  server.RaftServer$Division (RaftServerImpl.java:requestVote(1407)) - omNode-3@group-523986131536: receive requestVote(ELECTION, omNode-2, group-523986131536, 18, (t:17, i:340))
2025-04-23 04:29:14,226 [grpc-default-executor-2] INFO  impl.VoteContext (VoteContext.java:log(49)) - omNode-3@group-523986131536-FOLLOWER: accept ELECTION from omNode-2: our priority 0 <= candidate's priority 0
2025-04-23 04:29:14,227 [grpc-default-executor-2] INFO  server.RaftServer$Division (RaftServerImpl.java:setRole(378)) - omNode-3@group-523986131536: changes role from  FOLLOWER to FOLLOWER at term 17 for candidate:omNode-2
2025-04-23 04:29:14,227 [grpc-default-executor-2] INFO  impl.RoleInfo (RoleInfo.java:shutdownFollowerState(121)) - omNode-3: shutdown omNode-3@group-523986131536-FollowerState
2025-04-23 04:29:14,227 [grpc-default-executor-2] INFO  server.RaftServer$Division (ServerState.java:setLeader(272)) - omNode-3@group-523986131536: change Leader from omNode-1 to null at term 18 for updateCurrentTerm
2025-04-23 04:29:14,227 [omNode-3@group-523986131536-FollowerState] INFO  impl.FollowerState (FollowerState.java:runImpl(170)) - omNode-3@group-523986131536-FollowerState was interrupted
2025-04-23 04:29:14,227 [grpc-default-executor-2] INFO  impl.RoleInfo (RoleInfo.java:updateAndGet(148)) - omNode-3: start omNode-3@group-523986131536-FollowerState
2025-04-23 04:29:14,228 [grpc-default-executor-2] INFO  server.RaftServer$Division (RaftServerImpl.java:requestVote(1441)) - omNode-3@group-523986131536 replies to ELECTION vote request: omNode-2<-omNode-3#0:OK-t18. Peer's state: omNode-3@group-523986131536:t18, leader=null, voted=omNode-2, raftlog=Memoized:omNode-3@group-523986131536-SegmentedRaftLog:OPENED:c339:last(t:17, i:340), conf=conf: {index: 339, cur=peers:[omNode-3|localhost:15017, omNode-1|localhost:15009, omNode-2|localhost:15013]|listeners:[], old=null}
2025-04-23 04:29:14,228 [omNode-2@group-523986131536-LeaderElection31] INFO  impl.LeaderElection (LeaderElection.java:logAndReturn(90)) - omNode-2@group-523986131536-LeaderElection31: ELECTION PASSED received 1 response(s) and 1 exception(s):
2025-04-23 04:29:14,228 [omNode-2@group-523986131536-LeaderElection31] INFO  impl.LeaderElection (LeaderElection.java:logAndReturn(94)) -   Response 0: omNode-2<-omNode-3#0:OK-t18
2025-04-23 04:29:14,228 [omNode-2@group-523986131536-LeaderElection31] INFO  impl.LeaderElection (LogUtils.java:infoOrTrace(136)) -   Exception 1: java.util.concurrent.ExecutionException: org.apache.ratis.thirdparty.io.grpc.StatusRuntimeException: UNAVAILABLE: io exception
2025-04-23 04:29:14,228 [omNode-2@group-523986131536-LeaderElection31] INFO  impl.LeaderElection (LeaderElection.java:askForVotes(334)) - omNode-2@group-523986131536-LeaderElection31 ELECTION round 0: result PASSED
2025-04-23 04:29:14,228 [omNode-2@group-523986131536-LeaderElection31] INFO  impl.RoleInfo (RoleInfo.java:shutdownLeaderElection(141)) - omNode-2: shutdown omNode-2@group-523986131536-LeaderElection31
2025-04-23 04:29:14,228 [omNode-2@group-523986131536-LeaderElection31] INFO  server.RaftServer$Division (RaftServerImpl.java:setRole(378)) - omNode-2@group-523986131536: changes role from CANDIDATE to LEADER at term 18 for changeToLeader
2025-04-23 04:29:14,228 [omNode-2@group-523986131536-LeaderElection31] INFO  server.RaftServerConfigKeys (ConfUtils.java:logGet(46)) - raft.server.staging.catchup.gap = 1000 (default)
2025-04-23 04:29:14,229 [omNode-2@group-523986131536-LeaderElection31] INFO  server.RaftServerConfigKeys (ConfUtils.java:logGet(46)) - raft.server.write.element-limit = 4096 (default)
2025-04-23 04:29:14,229 [omNode-2@group-523986131536-LeaderElection31] INFO  server.RaftServerConfigKeys (ConfUtils.java:logGet(46)) - raft.server.write.byte-limit = 64MB (=67108864) (default)
2025-04-23 04:29:14,229 [omNode-2@group-523986131536-LeaderElection31] INFO  server.RaftServerConfigKeys (ConfUtils.java:logGet(46)) - raft.server.watch.timeout = 10s (default)
2025-04-23 04:29:14,229 [omNode-2@group-523986131536-LeaderElection31] INFO  server.RaftServerConfigKeys (ConfUtils.java:logGet(46)) - raft.server.watch.timeout.denomination = 1s (default)
2025-04-23 04:29:14,229 [omNode-2@group-523986131536-LeaderElection31] INFO  server.RaftServerConfigKeys (ConfUtils.java:logGet(46)) - raft.server.watch.element-limit = 65536 (default)
2025-04-23 04:29:14,229 [omNode-2@group-523986131536-LeaderElection31] INFO  server.RaftServerConfigKeys (ConfUtils.java:logGet(46)) - raft.server.read.leader.lease.enabled = false (default)
2025-04-23 04:29:14,229 [omNode-2@group-523986131536-LeaderElection31] INFO  server.RaftServerConfigKeys (ConfUtils.java:logGet(46)) - raft.server.read.leader.lease.timeout.ratio = 0.9 (default)
2025-04-23 04:29:14,229 [omNode-2@group-523986131536-LeaderElection31] INFO  server.RaftServerConfigKeys (ConfUtils.java:logGet(46)) - raft.server.rpc.timeout.min = 1s (custom)
2025-04-23 04:29:14,229 [omNode-2@group-523986131536-LeaderElection31] INFO  server.RaftServerConfigKeys (ConfUtils.java:logGet(46)) - raft.server.log.log-metadata.enabled = true (default)
2025-04-23 04:29:14,230 [omNode-2@group-523986131536-LeaderElection31] INFO  server.RaftServerConfigKeys (ConfUtils.java:logGet(46)) - raft.server.write.element-limit = 4096 (default)
2025-04-23 04:29:14,230 [omNode-2@group-523986131536-LeaderElection31] INFO  server.RaftServerConfigKeys (ConfUtils.java:logGet(46)) - raft.server.write.follower.gap.ratio.max = -1.0 (default)
2025-04-23 04:29:14,230 [omNode-2@group-523986131536-LeaderElection31] INFO  server.RaftServerConfigKeys (ConfUtils.java:logGet(46)) - raft.server.log.appender.snapshot.chunk.size.max = 16MB (=16777216) (default)
2025-04-23 04:29:14,230 [omNode-2@group-523986131536-LeaderElection31] INFO  server.RaftServerConfigKeys (ConfUtils.java:logGet(46)) - raft.server.log.appender.buffer.byte-limit = 4194304 (custom)
2025-04-23 04:29:14,230 [omNode-2@group-523986131536-LeaderElection31] INFO  server.RaftServerConfigKeys (ConfUtils.java:logGet(46)) - raft.server.log.appender.buffer.element-limit = 1024 (custom)
2025-04-23 04:29:14,230 [omNode-2@group-523986131536-LeaderElection31] INFO  server.RaftServerConfigKeys (ConfUtils.java:logGet(46)) - raft.server.log.appender.wait-time.min = 0ms (custom)
2025-04-23 04:29:14,230 [omNode-2@group-523986131536-LeaderElection31] INFO  grpc.GrpcConfigKeys (ConfUtils.java:logGet(46)) - raft.grpc.server.leader.outstanding.appends.max = 8 (default)
2025-04-23 04:29:14,230 [omNode-2@group-523986131536-LeaderElection31] INFO  server.RaftServerConfigKeys (ConfUtils.java:logGet(46)) - raft.server.rpc.request.timeout = 3000ms (default)
2025-04-23 04:29:14,230 [omNode-2@group-523986131536-LeaderElection31] INFO  grpc.GrpcConfigKeys (ConfUtils.java:logGet(46)) - raft.grpc.server.install_snapshot.request.element-limit = 8 (default)
2025-04-23 04:29:14,230 [omNode-2@group-523986131536-LeaderElection31] INFO  grpc.GrpcConfigKeys (ConfUtils.java:logGet(46)) - raft.grpc.server.install_snapshot.request.timeout = 3000ms (default)
2025-04-23 04:29:14,230 [omNode-2@group-523986131536-LeaderElection31] INFO  grpc.GrpcConfigKeys (ConfUtils.java:logGet(46)) - raft.grpc.server.log-message.batch.duration = 5s (default)
2025-04-23 04:29:14,230 [omNode-2@group-523986131536-LeaderElection31] INFO  server.RaftServerConfigKeys (ConfUtils.java:logGet(46)) - raft.server.log.appender.install.snapshot.enabled = false (custom)
2025-04-23 04:29:14,230 [omNode-2@group-523986131536-LeaderElection31] INFO  grpc.GrpcConfigKeys (ConfUtils.java:logGet(46)) - raft.grpc.server.heartbeat.channel = true (default)
2025-04-23 04:29:14,231 [omNode-2@group-523986131536-LeaderElection31] INFO  server.RaftServerConfigKeys (ConfUtils.java:logGet(46)) - raft.server.log.appender.snapshot.chunk.size.max = 16MB (=16777216) (default)
2025-04-23 04:29:14,231 [omNode-2@group-523986131536-LeaderElection31] INFO  server.RaftServerConfigKeys (ConfUtils.java:logGet(46)) - raft.server.log.appender.buffer.byte-limit = 4194304 (custom)
2025-04-23 04:29:14,231 [omNode-2@group-523986131536-LeaderElection31] INFO  server.RaftServerConfigKeys (ConfUtils.java:logGet(46)) - raft.server.log.appender.buffer.element-limit = 1024 (custom)
2025-04-23 04:29:14,231 [omNode-2@group-523986131536-LeaderElection31] INFO  server.RaftServerConfigKeys (ConfUtils.java:logGet(46)) - raft.server.log.appender.wait-time.min = 0ms (custom)
2025-04-23 04:29:14,231 [omNode-2@group-523986131536-LeaderElection31] INFO  grpc.GrpcConfigKeys (ConfUtils.java:logGet(46)) - raft.grpc.server.leader.outstanding.appends.max = 8 (default)
2025-04-23 04:29:14,231 [omNode-2@group-523986131536-LeaderElection31] INFO  server.RaftServerConfigKeys (ConfUtils.java:logGet(46)) - raft.server.rpc.request.timeout = 3000ms (default)
2025-04-23 04:29:14,231 [omNode-2@group-523986131536-LeaderElection31] INFO  grpc.GrpcConfigKeys (ConfUtils.java:logGet(46)) - raft.grpc.server.install_snapshot.request.element-limit = 8 (default)
2025-04-23 04:29:14,231 [omNode-2@group-523986131536-LeaderElection31] INFO  grpc.GrpcConfigKeys (ConfUtils.java:logGet(46)) - raft.grpc.server.install_snapshot.request.timeout = 3000ms (default)
2025-04-23 04:29:14,231 [omNode-2@group-523986131536-LeaderElection31] INFO  grpc.GrpcConfigKeys (ConfUtils.java:logGet(46)) - raft.grpc.server.log-message.batch.duration = 5s (default)
2025-04-23 04:29:14,231 [omNode-2@group-523986131536-LeaderElection31] INFO  server.RaftServerConfigKeys (ConfUtils.java:logGet(46)) - raft.server.log.appender.install.snapshot.enabled = false (custom)
2025-04-23 04:29:14,231 [omNode-2@group-523986131536-LeaderElection31] INFO  grpc.GrpcConfigKeys (ConfUtils.java:logGet(46)) - raft.grpc.server.heartbeat.channel = true (default)
2025-04-23 04:29:14,231 [omNode-2@group-523986131536-LeaderElection31] INFO  impl.RoleInfo (RoleInfo.java:updateAndGet(148)) - omNode-2: start omNode-2@group-523986131536-LeaderStateImpl
2025-04-23 04:29:14,231 [omNode-2@group-523986131536-LeaderElection31] INFO  ratis.OzoneManagerStateMachine (OzoneManagerStateMachine.java:notifyLeaderChanged(169)) - omNode-2@group-523986131536: leader changed to omNode-2
2025-04-23 04:29:14,231 [omNode-2@group-523986131536-LeaderElection31] INFO  server.RaftServer$Division (ServerState.java:setLeader(272)) - omNode-2@group-523986131536: change Leader from null to omNode-2 at term 18 for becomeLeader, leader elected after 12ms
2025-04-23 04:29:14,232 [omNode-2@group-523986131536-LeaderElection31] INFO  segmented.SegmentedRaftLogWorker (SegmentedRaftLogWorker.java:rollLogSegment(443)) - omNode-2@group-523986131536-SegmentedRaftLogWorker: Rolling segment log-339_340 to index:340
2025-04-23 04:29:14,232 [omNode-2@group-523986131536-LeaderElection31] INFO  server.RaftServer$Division (ServerState.java:setRaftConf(386)) - omNode-2@group-523986131536: set configuration conf: {index: 341, cur=peers:[omNode-3|localhost:15017, omNode-1|localhost:15009, omNode-2|localhost:15013]|listeners:[], old=null}
2025-04-23 04:29:14,232 [grpc-default-executor-1] WARN  server.GrpcLogAppender (LogUtils.java:warn(121)) - omNode-2@group-523986131536->omNode-1-AppendLogResponseHandler: Failed appendEntries: org.apache.ratis.thirdparty.io.grpc.StatusRuntimeException: UNAVAILABLE: io exception
2025-04-23 04:29:14,233 [grpc-default-executor-1] WARN  server.GrpcLogAppender (GrpcLogAppender.java:lambda$resetClient$1(221)) - omNode-2@group-523986131536->omNode-1-GrpcLogAppender: Follower failed (request=null, errorCount=1); keep nextIndex (341) unchanged and retry.
2025-04-23 04:29:14,233 [omNode-2@group-523986131536-SegmentedRaftLogWorker] INFO  segmented.SegmentedRaftLogWorker (SegmentedRaftLogWorker.java:execute(601)) - omNode-2@group-523986131536-SegmentedRaftLogWorker: Rolled log segment from /home/runner/work/ozone/ozone/hadoop-ozone/integration-test/target/test-dir/MiniOzoneClusterImpl-ff59c164-3798-4a7f-a16d-eeed9ffb3244/omNode-2/ratis/c9bc4cf4-3bc3-3c60-a66b-523986131536/current/log_inprogress_339 to /home/runner/work/ozone/ozone/hadoop-ozone/integration-test/target/test-dir/MiniOzoneClusterImpl-ff59c164-3798-4a7f-a16d-eeed9ffb3244/omNode-2/ratis/c9bc4cf4-3bc3-3c60-a66b-523986131536/current/log_339-340
2025-04-23 04:29:14,233 [omNode-2@group-523986131536-SegmentedRaftLogWorker] INFO  segmented.BufferedWriteChannel (BufferedWriteChannel.java:open(61)) - open log_inprogress_341 at position 0
2025-04-23 04:29:14,234 [grpc-default-executor-5] WARN  server.GrpcLogAppender (GrpcLogAppender.java:lambda$resetClient$1(221)) - omNode-2@group-523986131536->omNode-1-GrpcLogAppender: Follower failed (request=null, errorCount=2); keep nextIndex (342) unchanged and retry.
2025-04-23 04:29:14,236 [omNode-3-server-thread1] INFO  ratis.OzoneManagerStateMachine (OzoneManagerStateMachine.java:notifyLeaderChanged(169)) - omNode-3@group-523986131536: leader changed to omNode-2
2025-04-23 04:29:14,236 [omNode-3-server-thread1] INFO  server.RaftServer$Division (ServerState.java:setLeader(272)) - omNode-3@group-523986131536: change Leader from null to omNode-2 at term 18 for appendEntries, leader elected after 9ms
2025-04-23 04:29:14,237 [omNode-3-server-thread2] INFO  server.RaftServer$Division (ServerState.java:setRaftConf(386)) - omNode-3@group-523986131536: set configuration conf: {index: 341, cur=peers:[omNode-3|localhost:15017, omNode-1|localhost:15009, omNode-2|localhost:15013]|listeners:[], old=null}
2025-04-23 04:29:14,237 [omNode-3-server-thread2] INFO  segmented.SegmentedRaftLogWorker (SegmentedRaftLogWorker.java:rollLogSegment(443)) - omNode-3@group-523986131536-SegmentedRaftLogWorker: Rolling segment log-339_340 to index:340
2025-04-23 04:29:14,238 [omNode-3@group-523986131536-SegmentedRaftLogWorker] INFO  segmented.SegmentedRaftLogWorker (SegmentedRaftLogWorker.java:execute(601)) - omNode-3@group-523986131536-SegmentedRaftLogWorker: Rolled log segment from /home/runner/work/ozone/ozone/hadoop-ozone/integration-test/target/test-dir/MiniOzoneClusterImpl-ff59c164-3798-4a7f-a16d-eeed9ffb3244/omNode-3/ratis/c9bc4cf4-3bc3-3c60-a66b-523986131536/current/log_inprogress_339 to /home/runner/work/ozone/ozone/hadoop-ozone/integration-test/target/test-dir/MiniOzoneClusterImpl-ff59c164-3798-4a7f-a16d-eeed9ffb3244/omNode-3/ratis/c9bc4cf4-3bc3-3c60-a66b-523986131536/current/log_339-340
2025-04-23 04:29:14,238 [omNode-3@group-523986131536-SegmentedRaftLogWorker] INFO  segmented.BufferedWriteChannel (BufferedWriteChannel.java:open(61)) - open log_inprogress_341 at position 0
2025-04-23 04:29:14,246 [omNode-2@group-523986131536-SegmentedRaftLogWorker] INFO  segmented.SegmentedRaftLogWorker (SegmentedRaftLogWorker.java:execute(644)) - omNode-2@group-523986131536-SegmentedRaftLogWorker: created new log segment /home/runner/work/ozone/ozone/hadoop-ozone/integration-test/target/test-dir/MiniOzoneClusterImpl-ff59c164-3798-4a7f-a16d-eeed9ffb3244/omNode-2/ratis/c9bc4cf4-3bc3-3c60-a66b-523986131536/current/log_inprogress_341
2025-04-23 04:29:14,247 [omNode-3@group-523986131536-SegmentedRaftLogWorker] INFO  segmented.SegmentedRaftLogWorker (SegmentedRaftLogWorker.java:execute(644)) - omNode-3@group-523986131536-SegmentedRaftLogWorker: created new log segment /home/runner/work/ozone/ozone/hadoop-ozone/integration-test/target/test-dir/MiniOzoneClusterImpl-ff59c164-3798-4a7f-a16d-eeed9ffb3244/omNode-3/ratis/c9bc4cf4-3bc3-3c60-a66b-523986131536/current/log_inprogress_341
2025-04-23 04:29:14,248 [grpc-default-executor-4] WARN  server.GrpcLogAppender (GrpcLogAppender.java:lambda$resetClient$1(221)) - omNode-2@group-523986131536->omNode-1-GrpcLogAppender: Follower failed (request=null, errorCount=5); keep nextIndex (343) unchanged and retry.
2025-04-23 04:29:14,249 [omNode-2@group-523986131536-StateMachineUpdater] INFO  ratis.OzoneManagerStateMachine (OzoneManagerStateMachine.java:notifyConfigurationChanged(231)) - notifyConfigurationChanged from Ratis: term=18, index=341, New Peer list: omNode-3(localhost:15017), omNode-1(localhost:15009), omNode-2(localhost:15013)
2025-04-23 04:29:14,249 [omNode-2@group-523986131536-StateMachineUpdater] INFO  server.RaftServer$Division (LeaderStateImpl.java:checkStartIndex(313)) - Leader omNode-2@group-523986131536-LeaderStateImpl is ready since appliedIndex == startIndex == 341
2025-04-23 04:29:14,249 [omNode-3@group-523986131536-StateMachineUpdater] INFO  ratis.OzoneManagerStateMachine (OzoneManagerStateMachine.java:notifyConfigurationChanged(231)) - notifyConfigurationChanged from Ratis: term=18, index=341, New Peer list: omNode-3(localhost:15017), omNode-1(localhost:15009), omNode-2(localhost:15013)
2025-04-23 04:29:14,363 [main] INFO  rpc.RpcClient (RpcClient.java:createVolume(462)) - Creating Volume: volume93027, with user79436 as owner and space quota set to -1 bytes, counts quota set to -1
2025-04-23 04:29:14,364 [main] INFO  retry.RetryInvocationHandler (RetryInvocationHandler.java:log(426)) - com.google.protobuf.ServiceException: java.io.EOFException: End of File Exception between local host is: "fv-az1441-587/10.1.0.164"; destination host is: "localhost":15006; : java.io.EOFException; For more details see:  http://wiki.apache.org/hadoop/EOFException, while invoking $Proxy68.submitRequest over nodeId=omNode-1,nodeAddress=127.0.0.1:15006. Trying to failover immediately. Current retry count: 0.
2025-04-23 04:29:14,367 [grpc-default-executor-4] WARN  server.GrpcLogAppender (GrpcLogAppender.java:lambda$resetClient$1(221)) - omNode-2@group-523986131536->omNode-1-GrpcLogAppender: Follower failed (request=null, errorCount=7); keep nextIndex (344) unchanged and retry.
2025-04-23 04:29:14,368 [grpc-default-executor-0] WARN  server.GrpcLogAppender (GrpcLogAppender.java:lambda$resetClient$1(221)) - omNode-2@group-523986131536->omNode-1-GrpcLogAppender: Follower failed (request=null, errorCount=9); keep nextIndex (345) unchanged and retry.
2025-04-23 04:29:14,377 [omNode-2-OMStateMachineApplyTransactionThread - 0] WARN  helpers.OzoneAclUtil (OzoneAclUtil.java:getDefaultAclList(77)) - Failed to get primary group from user user79436 (auth:SIMPLE)
2025-04-23 04:29:14,377 [omNode-3-OMStateMachineApplyTransactionThread - 0] WARN  helpers.OzoneAclUtil (OzoneAclUtil.java:getDefaultAclList(77)) - Failed to get primary group from user user79436 (auth:SIMPLE)
2025-04-23 04:29:14,378 [omNode-3-OMStateMachineApplyTransactionThread - 0] INFO  volume.OMVolumeCreateRequest (OMVolumeCreateRequest.java:validateAndUpdateCache(203)) - created volume:volume93027 for user:user79436
2025-04-23 04:29:14,378 [omNode-2-OMStateMachineApplyTransactionThread - 0] INFO  volume.OMVolumeCreateRequest (OMVolumeCreateRequest.java:validateAndUpdateCache(203)) - created volume:volume93027 for user:user79436
2025-04-23 04:29:14,380 [main] INFO  rpc.RpcClient (RpcClient.java:createBucket(687)) - Creating Bucket: volume93027/eb8ac117-d4bd-4385-a22d-047aabad57c4, with server-side default bucket layout, runner as owner, Versioning false, Storage Type set to DISK and Encryption set to false, Replication Type set to server-side default replication type, Namespace Quota set to -1, Space Quota set to -1 
2025-04-23 04:29:14,381 [grpc-default-executor-2] WARN  server.GrpcLogAppender (GrpcLogAppender.java:lambda$resetClient$1(221)) - omNode-2@group-523986131536->omNode-1-GrpcLogAppender: Follower failed (request=null, errorCount=11); keep nextIndex (346) unchanged and retry.
2025-04-23 04:29:14,382 [omNode-2-OMStateMachineApplyTransactionThread - 0] INFO  bucket.OMBucketCreateRequest (OMBucketCreateRequest.java:validateAndUpdateCache(291)) - created bucket: eb8ac117-d4bd-4385-a22d-047aabad57c4 of layout OBJECT_STORE in volume: volume93027
2025-04-23 04:29:14,383 [omNode-3-OMStateMachineApplyTransactionThread - 0] INFO  bucket.OMBucketCreateRequest (OMBucketCreateRequest.java:validateAndUpdateCache(291)) - created bucket: eb8ac117-d4bd-4385-a22d-047aabad57c4 of layout OBJECT_STORE in volume: volume93027
2025-04-23 04:29:14,383 [grpc-default-executor-4] WARN  server.GrpcLogAppender (GrpcLogAppender.java:lambda$resetClient$1(221)) - omNode-2@group-523986131536->omNode-1-GrpcLogAppender: Follower failed (request=null, errorCount=13); keep nextIndex (347) unchanged and retry.
2025-04-23 04:29:14,388 [grpc-default-executor-0] WARN  server.GrpcLogAppender (GrpcLogAppender.java:lambda$resetClient$1(221)) - omNode-2@group-523986131536->omNode-1-GrpcLogAppender: Follower failed (request=null, errorCount=15); keep nextIndex (348) unchanged and retry.
2025-04-23 04:29:14,390 [grpc-default-executor-4] WARN  server.GrpcLogAppender (GrpcLogAppender.java:lambda$resetClient$1(221)) - omNode-2@group-523986131536->omNode-1-GrpcLogAppender: Follower failed (request=null, errorCount=17); keep nextIndex (349) unchanged and retry.
2025-04-23 04:29:14,395 [omNode-3-OMStateMachineApplyTransactionThread - 0] ERROR key.OMKeyCreateRequest (OMKeyCreateRequest.java:logResult(379)) - Key creation failed. Volume:volume93027, Bucket:eb8ac117-d4bd-4385-a22d-047aabad57c4, Key:613962a4-02c4-44b0-aed5-f2e6b1a5ad86. 
com.google.protobuf.InvalidProtocolBufferException: Message missing required fields: volumeName, bucketName, keyName, dataSize, type, creationTime, modificationTime
	at com.google.protobuf.UninitializedMessageException.asInvalidProtocolBufferException(UninitializedMessageException.java:81)
	at com.google.protobuf.AbstractParser.checkMessageInitialized(AbstractParser.java:71)
	at com.google.protobuf.AbstractParser.parseFrom(AbstractParser.java:217)
	at com.google.protobuf.AbstractParser.parseFrom(AbstractParser.java:223)
	at com.google.protobuf.AbstractParser.parseFrom(AbstractParser.java:49)
	at org.apache.hadoop.hdds.utils.db.Proto2Codec.fromCodecBuffer(Proto2Codec.java:84)
	at org.apache.hadoop.hdds.utils.db.Proto2Codec.fromCodecBuffer(Proto2Codec.java:34)
	at org.apache.hadoop.hdds.utils.db.DelegatedCodec.fromCodecBuffer(DelegatedCodec.java:83)
	at org.apache.hadoop.hdds.utils.db.TypedTable.getFromTable(TypedTable.java:371)
	at org.apache.hadoop.hdds.utils.db.TypedTable.getFromTableIfExist(TypedTable.java:393)
	at org.apache.hadoop.hdds.utils.db.TypedTable.getIfExist(TypedTable.java:310)
	at org.apache.hadoop.ozone.om.request.key.OMKeyCreateRequest.validateAndUpdateCache(OMKeyCreateRequest.java:228)
	at org.apache.hadoop.ozone.protocolPB.OzoneManagerRequestHandler.lambda$0(OzoneManagerRequestHandler.java:419)
	at org.apache.hadoop.ozone.util.MetricUtil.captureLatencyNs(MetricUtil.java:45)
	at org.apache.hadoop.ozone.protocolPB.OzoneManagerRequestHandler.handleWriteRequestImpl(OzoneManagerRequestHandler.java:417)
	at org.apache.hadoop.ozone.protocolPB.RequestHandler.handleWriteRequest(RequestHandler.java:62)
	at org.apache.hadoop.ozone.om.ratis.OzoneManagerStateMachine.runCommand(OzoneManagerStateMachine.java:563)
	at org.apache.hadoop.ozone.om.ratis.OzoneManagerStateMachine.lambda$2(OzoneManagerStateMachine.java:379)
	at java.base/java.util.concurrent.CompletableFuture$AsyncSupply.run(CompletableFuture.java:1768)
	at java.base/java.util.concurrent.ThreadPoolExecutor.runWorker(ThreadPoolExecutor.java:1144)
	at java.base/java.util.concurrent.ThreadPoolExecutor$Worker.run(ThreadPoolExecutor.java:642)
	at java.base/java.lang.Thread.run(Thread.java:1583)
2025-04-23 04:29:14,395 [omNode-2-OMStateMachineApplyTransactionThread - 0] ERROR key.OMKeyCreateRequest (OMKeyCreateRequest.java:logResult(379)) - Key creation failed. Volume:volume93027, Bucket:eb8ac117-d4bd-4385-a22d-047aabad57c4, Key:613962a4-02c4-44b0-aed5-f2e6b1a5ad86. 
com.google.protobuf.InvalidProtocolBufferException: Message missing required fields: volumeName, bucketName, keyName, dataSize, type, creationTime, modificationTime
	at com.google.protobuf.UninitializedMessageException.asInvalidProtocolBufferException(UninitializedMessageException.java:81)
	at com.google.protobuf.AbstractParser.checkMessageInitialized(AbstractParser.java:71)
	at com.google.protobuf.AbstractParser.parseFrom(AbstractParser.java:217)
	at com.google.protobuf.AbstractParser.parseFrom(AbstractParser.java:223)
	at com.google.protobuf.AbstractParser.parseFrom(AbstractParser.java:49)
	at org.apache.hadoop.hdds.utils.db.Proto2Codec.fromCodecBuffer(Proto2Codec.java:84)
	at org.apache.hadoop.hdds.utils.db.Proto2Codec.fromCodecBuffer(Proto2Codec.java:34)
	at org.apache.hadoop.hdds.utils.db.DelegatedCodec.fromCodecBuffer(DelegatedCodec.java:83)
	at org.apache.hadoop.hdds.utils.db.TypedTable.getFromTable(TypedTable.java:371)
	at org.apache.hadoop.hdds.utils.db.TypedTable.getFromTableIfExist(TypedTable.java:393)
	at org.apache.hadoop.hdds.utils.db.TypedTable.getIfExist(TypedTable.java:310)
	at org.apache.hadoop.ozone.om.request.key.OMKeyCreateRequest.validateAndUpdateCache(OMKeyCreateRequest.java:228)
	at org.apache.hadoop.ozone.protocolPB.OzoneManagerRequestHandler.lambda$0(OzoneManagerRequestHandler.java:419)
	at org.apache.hadoop.ozone.util.MetricUtil.captureLatencyNs(MetricUtil.java:45)
	at org.apache.hadoop.ozone.protocolPB.OzoneManagerRequestHandler.handleWriteRequestImpl(OzoneManagerRequestHandler.java:417)
	at org.apache.hadoop.ozone.protocolPB.RequestHandler.handleWriteRequest(RequestHandler.java:62)
	at org.apache.hadoop.ozone.om.ratis.OzoneManagerStateMachine.runCommand(OzoneManagerStateMachine.java:563)
	at org.apache.hadoop.ozone.om.ratis.OzoneManagerStateMachine.lambda$2(OzoneManagerStateMachine.java:379)
	at java.base/java.util.concurrent.CompletableFuture$AsyncSupply.run(CompletableFuture.java:1768)
	at java.base/java.util.concurrent.ThreadPoolExecutor.runWorker(ThreadPoolExecutor.java:1144)
	at java.base/java.util.concurrent.ThreadPoolExecutor$Worker.run(ThreadPoolExecutor.java:642)
	at java.base/java.lang.Thread.run(Thread.java:1583)
04:29:14.395 [omNode-3-OMStateMachineApplyTransactionThread - 0] ERROR OMAudit - user=runner | ip=127.0.0.1 | op=ALLOCATE_KEY {volume=volume93027, bucket=eb8ac117-d4bd-4385-a22d-047aabad57c4, key=613962a4-02c4-44b0-aed5-f2e6b1a5ad86, dataSize=11, replicationType=RATIS, replicationFactor=ONE, Transaction=347} | ret=FAILURE
com.google.protobuf.InvalidProtocolBufferException: Message missing required fields: volumeName, bucketName, keyName, dataSize, type, creationTime, modificationTime
	at com.google.protobuf.UninitializedMessageException.asInvalidProtocolBufferException(UninitializedMessageException.java:81) ~[protobuf-java-2.5.0.jar:?]
	at com.google.protobuf.AbstractParser.checkMessageInitialized(AbstractParser.java:71) ~[protobuf-java-2.5.0.jar:?]
	at com.google.protobuf.AbstractParser.parseFrom(AbstractParser.java:217) ~[protobuf-java-2.5.0.jar:?]
	at com.google.protobuf.AbstractParser.parseFrom(AbstractParser.java:223) ~[protobuf-java-2.5.0.jar:?]
	at com.google.protobuf.AbstractParser.parseFrom(AbstractParser.java:49) ~[protobuf-java-2.5.0.jar:?]
	at org.apache.hadoop.hdds.utils.db.Proto2Codec.fromCodecBuffer(Proto2Codec.java:84) ~[hdds-common-2.1.0-SNAPSHOT.jar:?]
	at org.apache.hadoop.hdds.utils.db.Proto2Codec.fromCodecBuffer(Proto2Codec.java:34) ~[hdds-common-2.1.0-SNAPSHOT.jar:?]
	at org.apache.hadoop.hdds.utils.db.DelegatedCodec.fromCodecBuffer(DelegatedCodec.java:83) ~[hdds-common-2.1.0-SNAPSHOT.jar:?]
	at org.apache.hadoop.hdds.utils.db.TypedTable.getFromTable(TypedTable.java:371) ~[hdds-server-framework-2.1.0-SNAPSHOT.jar:?]
	at org.apache.hadoop.hdds.utils.db.TypedTable.getFromTableIfExist(TypedTable.java:393) ~[hdds-server-framework-2.1.0-SNAPSHOT.jar:?]
	at org.apache.hadoop.hdds.utils.db.TypedTable.getIfExist(TypedTable.java:310) ~[hdds-server-framework-2.1.0-SNAPSHOT.jar:?]
	at org.apache.hadoop.ozone.om.request.key.OMKeyCreateRequest.validateAndUpdateCache(OMKeyCreateRequest.java:228) ~[ozone-manager-2.1.0-SNAPSHOT.jar:?]
	at org.apache.hadoop.ozone.protocolPB.OzoneManagerRequestHandler.lambda$0(OzoneManagerRequestHandler.java:419) ~[ozone-manager-2.1.0-SNAPSHOT.jar:?]
	at org.apache.hadoop.ozone.util.MetricUtil.captureLatencyNs(MetricUtil.java:45) ~[hdds-common-2.1.0-SNAPSHOT.jar:?]
	at org.apache.hadoop.ozone.protocolPB.OzoneManagerRequestHandler.handleWriteRequestImpl(OzoneManagerRequestHandler.java:417) ~[ozone-manager-2.1.0-SNAPSHOT.jar:?]
	at org.apache.hadoop.ozone.protocolPB.RequestHandler.handleWriteRequest(RequestHandler.java:62) ~[ozone-manager-2.1.0-SNAPSHOT.jar:?]
	at org.apache.hadoop.ozone.om.ratis.OzoneManagerStateMachine.runCommand(OzoneManagerStateMachine.java:563) ~[ozone-manager-2.1.0-SNAPSHOT.jar:?]
	at org.apache.hadoop.ozone.om.ratis.OzoneManagerStateMachine.lambda$2(OzoneManagerStateMachine.java:379) ~[ozone-manager-2.1.0-SNAPSHOT.jar:?]
	at java.base/java.util.concurrent.CompletableFuture$AsyncSupply.run(CompletableFuture.java:1768) ~[?:?]
	at java.base/java.util.concurrent.ThreadPoolExecutor.runWorker(ThreadPoolExecutor.java:1144) ~[?:?]
	at java.base/java.util.concurrent.ThreadPoolExecutor$Worker.run(ThreadPoolExecutor.java:642) ~[?:?]
	at java.base/java.lang.Thread.run(Thread.java:1583) [?:?]
04:29:14.396 [omNode-2-OMStateMachineApplyTransactionThread - 0] ERROR OMAudit - user=runner | ip=127.0.0.1 | op=ALLOCATE_KEY {volume=volume93027, bucket=eb8ac117-d4bd-4385-a22d-047aabad57c4, key=613962a4-02c4-44b0-aed5-f2e6b1a5ad86, dataSize=11, replicationType=RATIS, replicationFactor=ONE, Transaction=347} | ret=FAILURE
com.google.protobuf.InvalidProtocolBufferException: Message missing required fields: volumeName, bucketName, keyName, dataSize, type, creationTime, modificationTime
	at com.google.protobuf.UninitializedMessageException.asInvalidProtocolBufferException(UninitializedMessageException.java:81) ~[protobuf-java-2.5.0.jar:?]
	at com.google.protobuf.AbstractParser.checkMessageInitialized(AbstractParser.java:71) ~[protobuf-java-2.5.0.jar:?]
	at com.google.protobuf.AbstractParser.parseFrom(AbstractParser.java:217) ~[protobuf-java-2.5.0.jar:?]
	at com.google.protobuf.AbstractParser.parseFrom(AbstractParser.java:223) ~[protobuf-java-2.5.0.jar:?]
	at com.google.protobuf.AbstractParser.parseFrom(AbstractParser.java:49) ~[protobuf-java-2.5.0.jar:?]
	at org.apache.hadoop.hdds.utils.db.Proto2Codec.fromCodecBuffer(Proto2Codec.java:84) ~[hdds-common-2.1.0-SNAPSHOT.jar:?]
	at org.apache.hadoop.hdds.utils.db.Proto2Codec.fromCodecBuffer(Proto2Codec.java:34) ~[hdds-common-2.1.0-SNAPSHOT.jar:?]
	at org.apache.hadoop.hdds.utils.db.DelegatedCodec.fromCodecBuffer(DelegatedCodec.java:83) ~[hdds-common-2.1.0-SNAPSHOT.jar:?]
	at org.apache.hadoop.hdds.utils.db.TypedTable.getFromTable(TypedTable.java:371) ~[hdds-server-framework-2.1.0-SNAPSHOT.jar:?]
	at org.apache.hadoop.hdds.utils.db.TypedTable.getFromTableIfExist(TypedTable.java:393) ~[hdds-server-framework-2.1.0-SNAPSHOT.jar:?]
	at org.apache.hadoop.hdds.utils.db.TypedTable.getIfExist(TypedTable.java:310) ~[hdds-server-framework-2.1.0-SNAPSHOT.jar:?]
	at org.apache.hadoop.ozone.om.request.key.OMKeyCreateRequest.validateAndUpdateCache(OMKeyCreateRequest.java:228) ~[ozone-manager-2.1.0-SNAPSHOT.jar:?]
	at org.apache.hadoop.ozone.protocolPB.OzoneManagerRequestHandler.lambda$0(OzoneManagerRequestHandler.java:419) ~[ozone-manager-2.1.0-SNAPSHOT.jar:?]
	at org.apache.hadoop.ozone.util.MetricUtil.captureLatencyNs(MetricUtil.java:45) ~[hdds-common-2.1.0-SNAPSHOT.jar:?]
	at org.apache.hadoop.ozone.protocolPB.OzoneManagerRequestHandler.handleWriteRequestImpl(OzoneManagerRequestHandler.java:417) ~[ozone-manager-2.1.0-SNAPSHOT.jar:?]
	at org.apache.hadoop.ozone.protocolPB.RequestHandler.handleWriteRequest(RequestHandler.java:62) ~[ozone-manager-2.1.0-SNAPSHOT.jar:?]
	at org.apache.hadoop.ozone.om.ratis.OzoneManagerStateMachine.runCommand(OzoneManagerStateMachine.java:563) ~[ozone-manager-2.1.0-SNAPSHOT.jar:?]
	at org.apache.hadoop.ozone.om.ratis.OzoneManagerStateMachine.lambda$2(OzoneManagerStateMachine.java:379) ~[ozone-manager-2.1.0-SNAPSHOT.jar:?]
	at java.base/java.util.concurrent.CompletableFuture$AsyncSupply.run(CompletableFuture.java:1768) ~[?:?]
	at java.base/java.util.concurrent.ThreadPoolExecutor.runWorker(ThreadPoolExecutor.java:1144) ~[?:?]
	at java.base/java.util.concurrent.ThreadPoolExecutor$Worker.run(ThreadPoolExecutor.java:642) ~[?:?]
	at java.base/java.lang.Thread.run(Thread.java:1583) [?:?]
2025-04-23 04:29:14,451 [omNode-2-OMStateMachineApplyTransactionThread - 0] ERROR ratis.OzoneManagerStateMachine (ExitUtils.java:terminate(133)) - Terminating with exit status 1: OM Ratis Server has received unrecoverable error, to avoid further DB corruption, terminating OM. Error Response received is:cmdType: CreateKey
traceID: ""
success: false
message: "com.google.protobuf.InvalidProtocolBufferException: Message missing required fields: volumeName, bucketName, keyName, dataSize, type, creationTime, modificationTime\n\tat com.google.protobuf.UninitializedMessageException.asInvalidProtocolBufferException(UninitializedMessageException.java:81)\n\tat com.google.protobuf.AbstractParser.checkMessageInitialized(AbstractParser.java:71)\n\tat com.google.protobuf.AbstractParser.parseFrom(AbstractParser.java:217)\n\tat com.google.protobuf.AbstractParser.parseFrom(AbstractParser.java:223)\n\tat com.google.protobuf.AbstractParser.parseFrom(AbstractParser.java:49)\n\tat org.apache.hadoop.hdds.utils.db.Proto2Codec.fromCodecBuffer(Proto2Codec.java:84)\n\tat org.apache.hadoop.hdds.utils.db.Proto2Codec.fromCodecBuffer(Proto2Codec.java:34)\n\tat org.apache.hadoop.hdds.utils.db.DelegatedCodec.fromCodecBuffer(DelegatedCodec.java:83)\n\tat org.apache.hadoop.hdds.utils.db.TypedTable.getFromTable(TypedTable.java:371)\n\tat org.apache.hadoop.hdds.utils.db.TypedTable.getFromTableIfExist(TypedTable.java:393)\n\tat org.apache.hadoop.hdds.utils.db.TypedTable.getIfExist(TypedTable.java:310)\n\tat org.apache.hadoop.ozone.om.request.key.OMKeyCreateRequest.validateAndUpdateCache(OMKeyCreateRequest.java:228)\n\tat org.apache.hadoop.ozone.protocolPB.OzoneManagerRequestHandler.lambda$0(OzoneManagerRequestHandler.java:419)\n\tat org.apache.hadoop.ozone.util.MetricUtil.captureLatencyNs(MetricUtil.java:45)\n\tat org.apache.hadoop.ozone.protocolPB.OzoneManagerRequestHandler.handleWriteRequestImpl(OzoneManagerRequestHandler.java:417)\n\tat org.apache.hadoop.ozone.protocolPB.RequestHandler.handleWriteRequest(RequestHandler.java:62)\n\tat org.apache.hadoop.ozone.om.ratis.OzoneManagerStateMachine.runCommand(OzoneManagerStateMachine.java:563)\n\tat org.apache.hadoop.ozone.om.ratis.OzoneManagerStateMachine.lambda$2(OzoneManagerStateMachine.java:379)\n\tat java.base/java.util.concurrent.CompletableFuture$AsyncSupply.run(CompletableFuture.java:1768)\n\tat java.base/java.util.concurrent.ThreadPoolExecutor.runWorker(ThreadPoolExecutor.java:1144)\n\tat java.base/java.util.concurrent.ThreadPoolExecutor$Worker.run(ThreadPoolExecutor.java:642)\n\tat java.base/java.lang.Thread.run(Thread.java:1583)\n"
status: INTERNAL_ERROR
omLockDetails {
  isLockAcquired: false
  waitLockNanos: 1754
  readLockNanos: 0
  writeLockNanos: 5431365
}

INTERNAL_ERROR org.apache.hadoop.ozone.om.exceptions.OMException: com.google.protobuf.InvalidProtocolBufferException: Message missing required fields: volumeName, bucketName, keyName, dataSize, type, creationTime, modificationTime
	at com.google.protobuf.UninitializedMessageException.asInvalidProtocolBufferException(UninitializedMessageException.java:81)
	at com.google.protobuf.AbstractParser.checkMessageInitialized(AbstractParser.java:71)
	at com.google.protobuf.AbstractParser.parseFrom(AbstractParser.java:217)
	at com.google.protobuf.AbstractParser.parseFrom(AbstractParser.java:223)
	at com.google.protobuf.AbstractParser.parseFrom(AbstractParser.java:49)
	at org.apache.hadoop.hdds.utils.db.Proto2Codec.fromCodecBuffer(Proto2Codec.java:84)
	at org.apache.hadoop.hdds.utils.db.Proto2Codec.fromCodecBuffer(Proto2Codec.java:34)
	at org.apache.hadoop.hdds.utils.db.DelegatedCodec.fromCodecBuffer(DelegatedCodec.java:83)
	at org.apache.hadoop.hdds.utils.db.TypedTable.getFromTable(TypedTable.java:371)
	at org.apache.hadoop.hdds.utils.db.TypedTable.getFromTableIfExist(TypedTable.java:393)
	at org.apache.hadoop.hdds.utils.db.TypedTable.getIfExist(TypedTable.java:310)
	at org.apache.hadoop.ozone.om.request.key.OMKeyCreateRequest.validateAndUpdateCache(OMKeyCreateRequest.java:228)
	at org.apache.hadoop.ozone.protocolPB.OzoneManagerRequestHandler.lambda$0(OzoneManagerRequestHandler.java:419)
	at org.apache.hadoop.ozone.util.MetricUtil.captureLatencyNs(MetricUtil.java:45)
	at org.apache.hadoop.ozone.protocolPB.OzoneManagerRequestHandler.handleWriteRequestImpl(OzoneManagerRequestHandler.java:417)
	at org.apache.hadoop.ozone.protocolPB.RequestHandler.handleWriteRequest(RequestHandler.java:62)
	at org.apache.hadoop.ozone.om.ratis.OzoneManagerStateMachine.runCommand(OzoneManagerStateMachine.java:563)
	at org.apache.hadoop.ozone.om.ratis.OzoneManagerStateMachine.lambda$2(OzoneManagerStateMachine.java:379)
	at java.base/java.util.concurrent.CompletableFuture$AsyncSupply.run(CompletableFuture.java:1768)
	at java.base/java.util.concurrent.ThreadPoolExecutor.runWorker(ThreadPoolExecutor.java:1144)
	at java.base/java.util.concurrent.ThreadPoolExecutor$Worker.run(ThreadPoolExecutor.java:642)
	at java.base/java.lang.Thread.run(Thread.java:1583)

	at org.apache.hadoop.ozone.om.ratis.OzoneManagerStateMachine.terminate(OzoneManagerStateMachine.java:403)
	at org.apache.hadoop.ozone.om.ratis.OzoneManagerStateMachine.processResponse(OzoneManagerStateMachine.java:392)
	at java.base/java.util.concurrent.CompletableFuture$UniApply.tryFire(CompletableFuture.java:646)
	at java.base/java.util.concurrent.CompletableFuture.postComplete(CompletableFuture.java:510)
	at java.base/java.util.concurrent.CompletableFuture$AsyncSupply.run(CompletableFuture.java:1773)
	at java.base/java.util.concurrent.ThreadPoolExecutor.runWorker(ThreadPoolExecutor.java:1144)
	at java.base/java.util.concurrent.ThreadPoolExecutor$Worker.run(ThreadPoolExecutor.java:642)
	at java.base/java.lang.Thread.run(Thread.java:1583)
2025-04-23 04:29:14,451 [omNode-3-OMStateMachineApplyTransactionThread - 0] ERROR ratis.OzoneManagerStateMachine (ExitUtils.java:terminate(133)) - Terminating with exit status 1: OM Ratis Server has received unrecoverable error, to avoid further DB corruption, terminating OM. Error Response received is:cmdType: CreateKey
traceID: ""
success: false
message: "com.google.protobuf.InvalidProtocolBufferException: Message missing required fields: volumeName, bucketName, keyName, dataSize, type, creationTime, modificationTime\n\tat com.google.protobuf.UninitializedMessageException.asInvalidProtocolBufferException(UninitializedMessageException.java:81)\n\tat com.google.protobuf.AbstractParser.checkMessageInitialized(AbstractParser.java:71)\n\tat com.google.protobuf.AbstractParser.parseFrom(AbstractParser.java:217)\n\tat com.google.protobuf.AbstractParser.parseFrom(AbstractParser.java:223)\n\tat com.google.protobuf.AbstractParser.parseFrom(AbstractParser.java:49)\n\tat org.apache.hadoop.hdds.utils.db.Proto2Codec.fromCodecBuffer(Proto2Codec.java:84)\n\tat org.apache.hadoop.hdds.utils.db.Proto2Codec.fromCodecBuffer(Proto2Codec.java:34)\n\tat org.apache.hadoop.hdds.utils.db.DelegatedCodec.fromCodecBuffer(DelegatedCodec.java:83)\n\tat org.apache.hadoop.hdds.utils.db.TypedTable.getFromTable(TypedTable.java:371)\n\tat org.apache.hadoop.hdds.utils.db.TypedTable.getFromTableIfExist(TypedTable.java:393)\n\tat org.apache.hadoop.hdds.utils.db.TypedTable.getIfExist(TypedTable.java:310)\n\tat org.apache.hadoop.ozone.om.request.key.OMKeyCreateRequest.validateAndUpdateCache(OMKeyCreateRequest.java:228)\n\tat org.apache.hadoop.ozone.protocolPB.OzoneManagerRequestHandler.lambda$0(OzoneManagerRequestHandler.java:419)\n\tat org.apache.hadoop.ozone.util.MetricUtil.captureLatencyNs(MetricUtil.java:45)\n\tat org.apache.hadoop.ozone.protocolPB.OzoneManagerRequestHandler.handleWriteRequestImpl(OzoneManagerRequestHandler.java:417)\n\tat org.apache.hadoop.ozone.protocolPB.RequestHandler.handleWriteRequest(RequestHandler.java:62)\n\tat org.apache.hadoop.ozone.om.ratis.OzoneManagerStateMachine.runCommand(OzoneManagerStateMachine.java:563)\n\tat org.apache.hadoop.ozone.om.ratis.OzoneManagerStateMachine.lambda$2(OzoneManagerStateMachine.java:379)\n\tat java.base/java.util.concurrent.CompletableFuture$AsyncSupply.run(CompletableFuture.java:1768)\n\tat java.base/java.util.concurrent.ThreadPoolExecutor.runWorker(ThreadPoolExecutor.java:1144)\n\tat java.base/java.util.concurrent.ThreadPoolExecutor$Worker.run(ThreadPoolExecutor.java:642)\n\tat java.base/java.lang.Thread.run(Thread.java:1583)\n"
status: INTERNAL_ERROR
omLockDetails {
  isLockAcquired: false
  waitLockNanos: 1583
  readLockNanos: 0
  writeLockNanos: 3828973
}

INTERNAL_ERROR org.apache.hadoop.ozone.om.exceptions.OMException: com.google.protobuf.InvalidProtocolBufferException: Message missing required fields: volumeName, bucketName, keyName, dataSize, type, creationTime, modificationTime
	at com.google.protobuf.UninitializedMessageException.asInvalidProtocolBufferException(UninitializedMessageException.java:81)
	at com.google.protobuf.AbstractParser.checkMessageInitialized(AbstractParser.java:71)
	at com.google.protobuf.AbstractParser.parseFrom(AbstractParser.java:217)
	at com.google.protobuf.AbstractParser.parseFrom(AbstractParser.java:223)
	at com.google.protobuf.AbstractParser.parseFrom(AbstractParser.java:49)
	at org.apache.hadoop.hdds.utils.db.Proto2Codec.fromCodecBuffer(Proto2Codec.java:84)
	at org.apache.hadoop.hdds.utils.db.Proto2Codec.fromCodecBuffer(Proto2Codec.java:34)
	at org.apache.hadoop.hdds.utils.db.DelegatedCodec.fromCodecBuffer(DelegatedCodec.java:83)
	at org.apache.hadoop.hdds.utils.db.TypedTable.getFromTable(TypedTable.java:371)
	at org.apache.hadoop.hdds.utils.db.TypedTable.getFromTableIfExist(TypedTable.java:393)
	at org.apache.hadoop.hdds.utils.db.TypedTable.getIfExist(TypedTable.java:310)
	at org.apache.hadoop.ozone.om.request.key.OMKeyCreateRequest.validateAndUpdateCache(OMKeyCreateRequest.java:228)
	at org.apache.hadoop.ozone.protocolPB.OzoneManagerRequestHandler.lambda$0(OzoneManagerRequestHandler.java:419)
	at org.apache.hadoop.ozone.util.MetricUtil.captureLatencyNs(MetricUtil.java:45)
	at org.apache.hadoop.ozone.protocolPB.OzoneManagerRequestHandler.handleWriteRequestImpl(OzoneManagerRequestHandler.java:417)
	at org.apache.hadoop.ozone.protocolPB.RequestHandler.handleWriteRequest(RequestHandler.java:62)
	at org.apache.hadoop.ozone.om.ratis.OzoneManagerStateMachine.runCommand(OzoneManagerStateMachine.java:563)
	at org.apache.hadoop.ozone.om.ratis.OzoneManagerStateMachine.lambda$2(OzoneManagerStateMachine.java:379)
	at java.base/java.util.concurrent.CompletableFuture$AsyncSupply.run(CompletableFuture.java:1768)
	at java.base/java.util.concurrent.ThreadPoolExecutor.runWorker(ThreadPoolExecutor.java:1144)
	at java.base/java.util.concurrent.ThreadPoolExecutor$Worker.run(ThreadPoolExecutor.java:642)
	at java.base/java.lang.Thread.run(Thread.java:1583)

	at org.apache.hadoop.ozone.om.ratis.OzoneManagerStateMachine.terminate(OzoneManagerStateMachine.java:403)
	at org.apache.hadoop.ozone.om.ratis.OzoneManagerStateMachine.processResponse(OzoneManagerStateMachine.java:392)
	at java.base/java.util.concurrent.CompletableFuture$UniApply.tryFire(CompletableFuture.java:646)
	at java.base/java.util.concurrent.CompletableFuture.postComplete(CompletableFuture.java:510)
	at java.base/java.util.concurrent.CompletableFuture$AsyncSupply.run(CompletableFuture.java:1773)
	at java.base/java.util.concurrent.ThreadPoolExecutor.runWorker(ThreadPoolExecutor.java:1144)
	at java.base/java.util.concurrent.ThreadPoolExecutor$Worker.run(ThreadPoolExecutor.java:642)
	at java.base/java.lang.Thread.run(Thread.java:1583)
2025-04-23 04:29:14,452 [IPC Server handler 4 on default port 15010] ERROR ratis.OzoneManagerRatisServer (OzoneManagerRatisServer.java:exceptionToResponseStatus(591)) - Unknown error occurs
java.util.concurrent.CompletionException: org.apache.ratis.util.ExitUtils$ExitException: OM Ratis Server has received unrecoverable error, to avoid further DB corruption, terminating OM. Error Response received is:cmdType: CreateKey
traceID: ""
success: false
message: "com.google.protobuf.InvalidProtocolBufferException: Message missing required fields: volumeName, bucketName, keyName, dataSize, type, creationTime, modificationTime\n\tat com.google.protobuf.UninitializedMessageException.asInvalidProtocolBufferException(UninitializedMessageException.java:81)\n\tat com.google.protobuf.AbstractParser.checkMessageInitialized(AbstractParser.java:71)\n\tat com.google.protobuf.AbstractParser.parseFrom(AbstractParser.java:217)\n\tat com.google.protobuf.AbstractParser.parseFrom(AbstractParser.java:223)\n\tat com.google.protobuf.AbstractParser.parseFrom(AbstractParser.java:49)\n\tat org.apache.hadoop.hdds.utils.db.Proto2Codec.fromCodecBuffer(Proto2Codec.java:84)\n\tat org.apache.hadoop.hdds.utils.db.Proto2Codec.fromCodecBuffer(Proto2Codec.java:34)\n\tat org.apache.hadoop.hdds.utils.db.DelegatedCodec.fromCodecBuffer(DelegatedCodec.java:83)\n\tat org.apache.hadoop.hdds.utils.db.TypedTable.getFromTable(TypedTable.java:371)\n\tat org.apache.hadoop.hdds.utils.db.TypedTable.getFromTableIfExist(TypedTable.java:393)\n\tat org.apache.hadoop.hdds.utils.db.TypedTable.getIfExist(TypedTable.java:310)\n\tat org.apache.hadoop.ozone.om.request.key.OMKeyCreateRequest.validateAndUpdateCache(OMKeyCreateRequest.java:228)\n\tat org.apache.hadoop.ozone.protocolPB.OzoneManagerRequestHandler.lambda$0(OzoneManagerRequestHandler.java:419)\n\tat org.apache.hadoop.ozone.util.MetricUtil.captureLatencyNs(MetricUtil.java:45)\n\tat org.apache.hadoop.ozone.protocolPB.OzoneManagerRequestHandler.handleWriteRequestImpl(OzoneManagerRequestHandler.java:417)\n\tat org.apache.hadoop.ozone.protocolPB.RequestHandler.handleWriteRequest(RequestHandler.java:62)\n\tat org.apache.hadoop.ozone.om.ratis.OzoneManagerStateMachine.runCommand(OzoneManagerStateMachine.java:563)\n\tat org.apache.hadoop.ozone.om.ratis.OzoneManagerStateMachine.lambda$2(OzoneManagerStateMachine.java:379)\n\tat java.base/java.util.concurrent.CompletableFuture$AsyncSupply.run(CompletableFuture.java:1768)\n\tat java.base/java.util.concurrent.ThreadPoolExecutor.runWorker(ThreadPoolExecutor.java:1144)\n\tat java.base/java.util.concurrent.ThreadPoolExecutor$Worker.run(ThreadPoolExecutor.java:642)\n\tat java.base/java.lang.Thread.run(Thread.java:1583)\n"
status: INTERNAL_ERROR
omLockDetails {
  isLockAcquired: false
  waitLockNanos: 1754
  readLockNanos: 0
  writeLockNanos: 5431365
}

	at java.base/java.util.concurrent.CompletableFuture.encodeThrowable(CompletableFuture.java:315)
	at java.base/java.util.concurrent.CompletableFuture.completeThrowable(CompletableFuture.java:320)
	at java.base/java.util.concurrent.CompletableFuture$UniApply.tryFire(CompletableFuture.java:649)
	at java.base/java.util.concurrent.CompletableFuture.postComplete(CompletableFuture.java:510)
	at java.base/java.util.concurrent.CompletableFuture$AsyncSupply.run(CompletableFuture.java:1773)
	at java.base/java.util.concurrent.ThreadPoolExecutor.runWorker(ThreadPoolExecutor.java:1144)
	at java.base/java.util.concurrent.ThreadPoolExecutor$Worker.run(ThreadPoolExecutor.java:642)
	at java.base/java.lang.Thread.run(Thread.java:1583)
Caused by: org.apache.ratis.util.ExitUtils$ExitException: OM Ratis Server has received unrecoverable error, to avoid further DB corruption, terminating OM. Error Response received is:cmdType: CreateKey
traceID: ""
success: false
message: "com.google.protobuf.InvalidProtocolBufferException: Message missing required fields: volumeName, bucketName, keyName, dataSize, type, creationTime, modificationTime\n\tat com.google.protobuf.UninitializedMessageException.asInvalidProtocolBufferException(UninitializedMessageException.java:81)\n\tat com.google.protobuf.AbstractParser.checkMessageInitialized(AbstractParser.java:71)\n\tat com.google.protobuf.AbstractParser.parseFrom(AbstractParser.java:217)\n\tat com.google.protobuf.AbstractParser.parseFrom(AbstractParser.java:223)\n\tat com.google.protobuf.AbstractParser.parseFrom(AbstractParser.java:49)\n\tat org.apache.hadoop.hdds.utils.db.Proto2Codec.fromCodecBuffer(Proto2Codec.java:84)\n\tat org.apache.hadoop.hdds.utils.db.Proto2Codec.fromCodecBuffer(Proto2Codec.java:34)\n\tat org.apache.hadoop.hdds.utils.db.DelegatedCodec.fromCodecBuffer(DelegatedCodec.java:83)\n\tat org.apache.hadoop.hdds.utils.db.TypedTable.getFromTable(TypedTable.java:371)\n\tat org.apache.hadoop.hdds.utils.db.TypedTable.getFromTableIfExist(TypedTable.java:393)\n\tat org.apache.hadoop.hdds.utils.db.TypedTable.getIfExist(TypedTable.java:310)\n\tat org.apache.hadoop.ozone.om.request.key.OMKeyCreateRequest.validateAndUpdateCache(OMKeyCreateRequest.java:228)\n\tat org.apache.hadoop.ozone.protocolPB.OzoneManagerRequestHandler.lambda$0(OzoneManagerRequestHandler.java:419)\n\tat org.apache.hadoop.ozone.util.MetricUtil.captureLatencyNs(MetricUtil.java:45)\n\tat org.apache.hadoop.ozone.protocolPB.OzoneManagerRequestHandler.handleWriteRequestImpl(OzoneManagerRequestHandler.java:417)\n\tat org.apache.hadoop.ozone.protocolPB.RequestHandler.handleWriteRequest(RequestHandler.java:62)\n\tat org.apache.hadoop.ozone.om.ratis.OzoneManagerStateMachine.runCommand(OzoneManagerStateMachine.java:563)\n\tat org.apache.hadoop.ozone.om.ratis.OzoneManagerStateMachine.lambda$2(OzoneManagerStateMachine.java:379)\n\tat java.base/java.util.concurrent.CompletableFuture$AsyncSupply.run(CompletableFuture.java:1768)\n\tat java.base/java.util.concurrent.ThreadPoolExecutor.runWorker(ThreadPoolExecutor.java:1144)\n\tat java.base/java.util.concurrent.ThreadPoolExecutor$Worker.run(ThreadPoolExecutor.java:642)\n\tat java.base/java.lang.Thread.run(Thread.java:1583)\n"
status: INTERNAL_ERROR
omLockDetails {
  isLockAcquired: false
  waitLockNanos: 1754
  readLockNanos: 0
  writeLockNanos: 5431365
}

	at org.apache.ratis.util.ExitUtils.terminate(ExitUtils.java:141)
	at org.apache.ratis.util.ExitUtils.terminate(ExitUtils.java:151)
	at org.apache.hadoop.ozone.om.ratis.OzoneManagerStateMachine.terminate(OzoneManagerStateMachine.java:408)
	at org.apache.hadoop.ozone.om.ratis.OzoneManagerStateMachine.processResponse(OzoneManagerStateMachine.java:392)
	at java.base/java.util.concurrent.CompletableFuture$UniApply.tryFire(CompletableFuture.java:646)
	... 5 more
Caused by: INTERNAL_ERROR org.apache.hadoop.ozone.om.exceptions.OMException: com.google.protobuf.InvalidProtocolBufferException: Message missing required fields: volumeName, bucketName, keyName, dataSize, type, creationTime, modificationTime
	at com.google.protobuf.UninitializedMessageException.asInvalidProtocolBufferException(UninitializedMessageException.java:81)
	at com.google.protobuf.AbstractParser.checkMessageInitialized(AbstractParser.java:71)
	at com.google.protobuf.AbstractParser.parseFrom(AbstractParser.java:217)
	at com.google.protobuf.AbstractParser.parseFrom(AbstractParser.java:223)
	at com.google.protobuf.AbstractParser.parseFrom(AbstractParser.java:49)
	at org.apache.hadoop.hdds.utils.db.Proto2Codec.fromCodecBuffer(Proto2Codec.java:84)
	at org.apache.hadoop.hdds.utils.db.Proto2Codec.fromCodecBuffer(Proto2Codec.java:34)
	at org.apache.hadoop.hdds.utils.db.DelegatedCodec.fromCodecBuffer(DelegatedCodec.java:83)
	at org.apache.hadoop.hdds.utils.db.TypedTable.getFromTable(TypedTable.java:371)
	at org.apache.hadoop.hdds.utils.db.TypedTable.getFromTableIfExist(TypedTable.java:393)
	at org.apache.hadoop.hdds.utils.db.TypedTable.getIfExist(TypedTable.java:310)
	at org.apache.hadoop.ozone.om.request.key.OMKeyCreateRequest.validateAndUpdateCache(OMKeyCreateRequest.java:228)
	at org.apache.hadoop.ozone.protocolPB.OzoneManagerRequestHandler.lambda$0(OzoneManagerRequestHandler.java:419)
	at org.apache.hadoop.ozone.util.MetricUtil.captureLatencyNs(MetricUtil.java:45)
	at org.apache.hadoop.ozone.protocolPB.OzoneManagerRequestHandler.handleWriteRequestImpl(OzoneManagerRequestHandler.java:417)
	at org.apache.hadoop.ozone.protocolPB.RequestHandler.handleWriteRequest(RequestHandler.java:62)
	at org.apache.hadoop.ozone.om.ratis.OzoneManagerStateMachine.runCommand(OzoneManagerStateMachine.java:563)
	at org.apache.hadoop.ozone.om.ratis.OzoneManagerStateMachine.lambda$2(OzoneManagerStateMachine.java:379)
	at java.base/java.util.concurrent.CompletableFuture$AsyncSupply.run(CompletableFuture.java:1768)
	at java.base/java.util.concurrent.ThreadPoolExecutor.runWorker(ThreadPoolExecutor.java:1144)
	at java.base/java.util.concurrent.ThreadPoolExecutor$Worker.run(ThreadPoolExecutor.java:642)
	at java.base/java.lang.Thread.run(Thread.java:1583)

	at org.apache.hadoop.ozone.om.ratis.OzoneManagerStateMachine.terminate(OzoneManagerStateMachine.java:403)
	... 7 more
2025-04-23 04:29:14,455 [main] INFO  om.OzoneManager (OzoneManager.java:stop(2347)) - omNode-3[localhost:15014]: Stopping Ozone Manager
2025-04-23 04:29:14,455 [main] INFO  ipc.Server (Server.java:stop(3697)) - Stopping server on 15014
2025-04-23 04:29:14,458 [IPC Server listener on 15014] INFO  ipc.Server (Server.java:run(1585)) - Stopping IPC Server listener on 15014
2025-04-23 04:29:14,458 [main] INFO  ratis.OzoneManagerRatisServer (OzoneManagerRatisServer.java:stop(634)) - Stopping org.apache.hadoop.ozone.om.ratis.OzoneManagerRatisServer@7e4e8fcd at port 15017
2025-04-23 04:29:14,458 [main] INFO  server.RaftServer (RaftServerProxy.java:lambda$close$9(417)) - omNode-3: close
2025-04-23 04:29:14,458 [IPC Server Responder] INFO  ipc.Server (Server.java:run(1718)) - Stopping IPC Server Responder
2025-04-23 04:29:14,459 [omNode-3-impl-thread1] INFO  server.RaftServer$Division (RaftServerImpl.java:lambda$close$1(513)) - omNode-3@group-523986131536: shutdown
2025-04-23 04:29:14,459 [omNode-3-impl-thread1] INFO  util.JmxRegister (JmxRegister.java:unregister(74)) - Successfully un-registered JMX Bean with object name Ratis:service=RaftServer,group=group-523986131536,id=omNode-3
2025-04-23 04:29:14,459 [omNode-3-impl-thread1] INFO  impl.RoleInfo (RoleInfo.java:shutdownFollowerState(121)) - omNode-3: shutdown omNode-3@group-523986131536-FollowerState
2025-04-23 04:29:14,459 [omNode-3-impl-thread1] INFO  impl.StateMachineUpdater (StateMachineUpdater.java:stopAndJoin(164)) - omNode-3@group-523986131536-StateMachineUpdater: set stopIndex = 347
2025-04-23 04:29:14,458 [main] INFO  server.GrpcService (GrpcService.java:closeImpl(343)) - omNode-3: shutdown server GrpcServerProtocolService now
2025-04-23 04:29:14,459 [omNode-3@group-523986131536-FollowerState] INFO  impl.FollowerState (FollowerState.java:runImpl(170)) - omNode-3@group-523986131536-FollowerState was interrupted
2025-04-23 04:29:14,460 [Thread-6302] INFO  server.GrpcServerProtocolClient (GrpcServerProtocolClient.java:close(105)) - omNode-1 Close channels
2025-04-23 04:29:14,460 [Thread-6303] INFO  server.GrpcServerProtocolClient (GrpcServerProtocolClient.java:close(105)) - omNode-2 Close channels
2025-04-23 04:29:14,460 [grpc-default-executor-4] WARN  server.GrpcServerProtocolService (LogUtils.java:warn(121)) - omNode-3: APPEND_ENTRIES onError, lastRequest: null: org.apache.ratis.thirdparty.io.grpc.StatusRuntimeException: CANCELLED: client cancelled
2025-04-23 04:29:14,460 [grpc-default-executor-2] WARN  server.GrpcLogAppender (LogUtils.java:warn(121)) - omNode-2@group-523986131536->omNode-3-AppendLogResponseHandler: Failed appendEntries: org.apache.ratis.thirdparty.io.grpc.StatusRuntimeException: CANCELLED: RST_STREAM closed stream. HTTP/2 error code: CANCEL
2025-04-23 04:29:14,460 [grpc-default-executor-2] WARN  server.GrpcLogAppender (GrpcLogAppender.java:lambda$resetClient$1(221)) - omNode-2@group-523986131536->omNode-3-GrpcLogAppender: Follower failed (request=null, errorCount=1); keep nextIndex (349) unchanged and retry.
2025-04-23 04:29:14,461 [grpc-default-executor-0] WARN  server.GrpcServerProtocolService (LogUtils.java:warn(121)) - omNode-3: APPEND_ENTRIES onError, lastRequest: omNode-2->omNode-3#13-t18,previous=(t:18, i:347),leaderCommit=347,initializing? false,entries: size=1, first=(t:18, i:348), METADATAENTRY(c:347): org.apache.ratis.thirdparty.io.grpc.StatusRuntimeException: CANCELLED: client cancelled
2025-04-23 04:29:14,461 [main] INFO  server.GrpcService (GrpcService.java:closeImpl(352)) - omNode-3: shutdown server GrpcServerProtocolService successfully
2025-04-23 04:29:14,473 [omNode-3@group-523986131536-StateMachineUpdater] INFO  ratis.OzoneManagerStateMachine (OzoneManagerStateMachine.java:takeSnapshotImpl(510)) - omNode-3: taking snapshot. applied = (t:18, i:347), skipped = 345, notified = (t:18, i:346), current snapshot index = (t:18, i:347), took 14 ms
2025-04-23 04:29:14,473 [omNode-3@group-523986131536-StateMachineUpdater] INFO  impl.StateMachineUpdater (StateMachineUpdater.java:takeSnapshot(303)) - omNode-3@group-523986131536-StateMachineUpdater: Took a snapshot at index 347
2025-04-23 04:29:14,473 [omNode-3@group-523986131536-StateMachineUpdater] INFO  impl.StateMachineUpdater (StateMachineUpdater.java:lambda$new$0(102)) - omNode-3@group-523986131536-StateMachineUpdater: snapshotIndex: updateIncreasingly 336 -> 347
2025-04-23 04:29:14,473 [omNode-3@group-523986131536-StateMachineUpdater] INFO  impl.StateMachineUpdater (StateMachineUpdater.java:stop(141)) - omNode-3@group-523986131536-StateMachineUpdater: closing OzoneManagerStateMachine, lastApplied=(t:18, i:347)
2025-04-23 04:29:14,473 [omNode-3@group-523986131536-StateMachineUpdater] INFO  ratis.OzoneManagerStateMachine (OzoneManagerStateMachine.java:close(550)) - Stopping OzoneManagerStateMachine:omNode-3:group-523986131536.
2025-04-23 04:29:14,473 [omNode-3@group-523986131536-StateMachineUpdater] INFO  ratis.OzoneManagerDoubleBuffer (OzoneManagerDoubleBuffer.java:stopDaemon(500)) - Stopping OMDoubleBuffer flush thread
2025-04-23 04:29:14,473 [omNode-3-OMDoubleBufferFlushThread] INFO  ratis.OzoneManagerDoubleBuffer (OzoneManagerDoubleBuffer.java:canFlush(559)) - OMDoubleBuffer flush thread omNode-3-OMDoubleBufferFlushThread is interrupted and will exit.
2025-04-23 04:29:14,474 [omNode-3@group-523986131536-cacheEviction-AwaitToRun] INFO  util.AwaitToRun (AwaitToRun.java:run(49)) - omNode-3@group-523986131536-cacheEviction-AwaitToRun-AwaitForSignal is interrupted
2025-04-23 04:29:15,392 [omNode-3-impl-thread1] INFO  segmented.SegmentedRaftLogWorker (SegmentedRaftLogWorker.java:close(252)) - omNode-3@group-523986131536-SegmentedRaftLogWorker close()
2025-04-23 04:29:15,392 [JvmPauseMonitor35] INFO  util.JvmPauseMonitor (JvmPauseMonitor.java:run(152)) - JvmPauseMonitor-omNode-3: Stopped
2025-04-23 04:29:15,393 [main] INFO  utils.BackgroundService (BackgroundService.java:shutdown(161)) - Shutting down service KeyDeletingService
2025-04-23 04:29:15,393 [main] INFO  utils.BackgroundService (BackgroundService.java:shutdown(161)) - Shutting down service DirectoryDeletingService
2025-04-23 04:29:15,394 [main] INFO  utils.BackgroundService (BackgroundService.java:shutdown(161)) - Shutting down service OpenKeyCleanupService
2025-04-23 04:29:15,394 [main] INFO  utils.BackgroundService (BackgroundService.java:shutdown(161)) - Shutting down service SstFilteringService
2025-04-23 04:29:15,394 [main] INFO  utils.BackgroundService (BackgroundService.java:shutdown(161)) - Shutting down service SnapshotDeletingService
2025-04-23 04:29:15,395 [main] INFO  utils.BackgroundService (BackgroundService.java:shutdown(161)) - Shutting down service MultipartUploadCleanupService
2025-04-23 04:29:15,395 [main] INFO  handler.ContextHandler (ContextHandler.java:doStop(1159)) - Stopped o.e.j.w.WebAppContext@776d4e0a{ozoneManager,/,null,STOPPED}{file:/home/runner/work/ozone/ozone/hadoop-ozone/integration-test/target/test-classes/webapps/ozoneManager}
2025-04-23 04:29:15,396 [main] INFO  server.AbstractConnector (AbstractConnector.java:doStop(383)) - Stopped ServerConnector@1515ddef{HTTP/1.1, (http/1.1)}{0.0.0.0:15015}
2025-04-23 04:29:15,396 [main] INFO  server.session (HouseKeeper.java:stopScavenging(149)) - node0 Stopped scavenging
2025-04-23 04:29:15,396 [main] INFO  handler.ContextHandler (ContextHandler.java:doStop(1159)) - Stopped o.e.j.s.ServletContextHandler@75dbfc86{static,/static,file:///home/runner/work/ozone/ozone/hadoop-ozone/integration-test/target/test-classes/webapps/static,STOPPED}
2025-04-23 04:29:15,396 [main] INFO  handler.ContextHandler (ContextHandler.java:doStop(1159)) - Stopped o.e.j.s.ServletContextHandler@4e6cda4{logs,/logs,file:///home/runner/work/ozone/ozone/hadoop-ozone/integration-test/target/log,STOPPED}
2025-04-23 04:29:15,397 [main] INFO  rocksdiff.RocksDBCheckpointDiffer (RocksDBCheckpointDiffer.java:close(304)) - Shutting down CompactionDagPruningService.
2025-04-23 04:29:15,399 [main] INFO  snapshot.SnapshotDiffManager (SnapshotDiffManager.java:closeExecutorService(1698)) - Shutting down executorService: 'SnapDiffExecutor'
2025-04-23 04:29:15,399 [main] INFO  utils.BackgroundService (BackgroundService.java:shutdown(161)) - Shutting down service SnapshotDiffCleanupService
2025-04-23 04:29:15,400 [main] INFO  om.OzoneManager (OzoneManager.java:stop(2347)) - omNode-1[localhost:15006]: Stopping Ozone Manager
2025-04-23 04:29:15,400 [main] INFO  om.OzoneManager (OzoneManager.java:stop(2347)) - omNode-2[localhost:15010]: Stopping Ozone Manager
2025-04-23 04:29:15,400 [main] INFO  ipc.Server (Server.java:stop(3697)) - Stopping server on 15010
2025-04-23 04:29:15,402 [IPC Server listener on 15010] INFO  ipc.Server (Server.java:run(1585)) - Stopping IPC Server listener on 15010
2025-04-23 04:29:15,402 [main] INFO  ratis.OzoneManagerRatisServer (OzoneManagerRatisServer.java:stop(634)) - Stopping org.apache.hadoop.ozone.om.ratis.OzoneManagerRatisServer@42586814 at port 15013
2025-04-23 04:29:15,402 [main] INFO  server.RaftServer (RaftServerProxy.java:lambda$close$9(417)) - omNode-2: close
2025-04-23 04:29:15,402 [IPC Server Responder] INFO  ipc.Server (Server.java:run(1718)) - Stopping IPC Server Responder
2025-04-23 04:29:15,402 [omNode-2-impl-thread1] INFO  server.RaftServer$Division (RaftServerImpl.java:lambda$close$1(513)) - omNode-2@group-523986131536: shutdown
2025-04-23 04:29:15,403 [omNode-2-impl-thread1] INFO  util.JmxRegister (JmxRegister.java:unregister(74)) - Successfully un-registered JMX Bean with object name Ratis:service=RaftServer,group=group-523986131536,id=omNode-2
2025-04-23 04:29:15,403 [omNode-2-impl-thread1] INFO  impl.RoleInfo (RoleInfo.java:shutdownLeaderState(103)) - omNode-2: shutdown omNode-2@group-523986131536-LeaderStateImpl
2025-04-23 04:29:15,403 [omNode-2-impl-thread1] INFO  impl.PendingRequests (PendingRequests.java:sendNotLeaderResponses(287)) - omNode-2@group-523986131536-PendingRequests: sendNotLeaderResponses
2025-04-23 04:29:15,402 [main] INFO  server.GrpcService (GrpcService.java:closeImpl(343)) - omNode-2: shutdown server GrpcServerProtocolService now
2025-04-23 04:29:15,403 [omNode-2@group-523986131536->omNode-3-GrpcLogAppender-LogAppenderDaemon] WARN  server.GrpcLogAppender (GrpcLogAppender.java:mayWait(293)) - omNode-2@group-523986131536->omNode-3-GrpcLogAppender: Wait interrupted by java.lang.InterruptedException
2025-04-23 04:29:15,403 [omNode-2@group-523986131536->omNode-1-GrpcLogAppender-LogAppenderDaemon] WARN  server.GrpcLogAppender (GrpcLogAppender.java:mayWait(293)) - omNode-2@group-523986131536->omNode-1-GrpcLogAppender: Wait interrupted by java.lang.InterruptedException
2025-04-23 04:29:15,404 [omNode-2-impl-thread1] INFO  impl.StateMachineUpdater (StateMachineUpdater.java:stopAndJoin(164)) - omNode-2@group-523986131536-StateMachineUpdater: set stopIndex = 348
2025-04-23 04:29:15,405 [Thread-6352] INFO  server.GrpcServerProtocolClient (GrpcServerProtocolClient.java:close(105)) - omNode-3 Close channels
2025-04-23 04:29:15,405 [Thread-6353] INFO  server.GrpcServerProtocolClient (GrpcServerProtocolClient.java:close(105)) - omNode-1 Close channels
2025-04-23 04:29:15,405 [main] INFO  server.GrpcService (GrpcService.java:closeImpl(352)) - omNode-2: shutdown server GrpcServerProtocolService successfully
2025-04-23 04:29:15,418 [omNode-2@group-523986131536-StateMachineUpdater] INFO  ratis.OzoneManagerStateMachine (OzoneManagerStateMachine.java:takeSnapshotImpl(510)) - omNode-2: taking snapshot. applied = (t:18, i:348), skipped = 347, notified = (t:18, i:348), current snapshot index = (t:18, i:348), took 14 ms
2025-04-23 04:29:15,418 [omNode-2@group-523986131536-StateMachineUpdater] INFO  impl.StateMachineUpdater (StateMachineUpdater.java:takeSnapshot(303)) - omNode-2@group-523986131536-StateMachineUpdater: Took a snapshot at index 348
2025-04-23 04:29:15,418 [omNode-2@group-523986131536-StateMachineUpdater] INFO  impl.StateMachineUpdater (StateMachineUpdater.java:lambda$new$0(102)) - omNode-2@group-523986131536-StateMachineUpdater: snapshotIndex: updateIncreasingly 338 -> 348
2025-04-23 04:29:15,418 [omNode-2@group-523986131536-StateMachineUpdater] INFO  impl.StateMachineUpdater (StateMachineUpdater.java:stop(141)) - omNode-2@group-523986131536-StateMachineUpdater: closing OzoneManagerStateMachine, lastApplied=(t:18, i:348)
2025-04-23 04:29:15,418 [omNode-2@group-523986131536-StateMachineUpdater] INFO  ratis.OzoneManagerStateMachine (OzoneManagerStateMachine.java:close(550)) - Stopping OzoneManagerStateMachine:omNode-2:group-523986131536.
2025-04-23 04:29:15,418 [omNode-2@group-523986131536-StateMachineUpdater] INFO  ratis.OzoneManagerDoubleBuffer (OzoneManagerDoubleBuffer.java:stopDaemon(500)) - Stopping OMDoubleBuffer flush thread
2025-04-23 04:29:15,418 [omNode-2-OMDoubleBufferFlushThread] INFO  ratis.OzoneManagerDoubleBuffer (OzoneManagerDoubleBuffer.java:canFlush(559)) - OMDoubleBuffer flush thread omNode-2-OMDoubleBufferFlushThread is interrupted and will exit.
2025-04-23 04:29:15,418 [omNode-2@group-523986131536-cacheEviction-AwaitToRun] INFO  util.AwaitToRun (AwaitToRun.java:run(49)) - omNode-2@group-523986131536-cacheEviction-AwaitToRun-AwaitForSignal is interrupted
2025-04-23 04:29:16,391 [omNode-2-impl-thread1] INFO  segmented.SegmentedRaftLogWorker (SegmentedRaftLogWorker.java:close(252)) - omNode-2@group-523986131536-SegmentedRaftLogWorker close()
2025-04-23 04:29:16,392 [JvmPauseMonitor37] INFO  util.JvmPauseMonitor (JvmPauseMonitor.java:run(152)) - JvmPauseMonitor-omNode-2: Stopped
2025-04-23 04:29:16,392 [main] INFO  utils.BackgroundService (BackgroundService.java:shutdown(161)) - Shutting down service KeyDeletingService
2025-04-23 04:29:16,392 [main] INFO  utils.BackgroundService (BackgroundService.java:shutdown(161)) - Shutting down service DirectoryDeletingService
2025-04-23 04:29:16,393 [main] INFO  utils.BackgroundService (BackgroundService.java:shutdown(161)) - Shutting down service OpenKeyCleanupService
2025-04-23 04:29:16,393 [main] INFO  utils.BackgroundService (BackgroundService.java:shutdown(161)) - Shutting down service SstFilteringService
2025-04-23 04:29:16,394 [main] INFO  utils.BackgroundService (BackgroundService.java:shutdown(161)) - Shutting down service SnapshotDeletingService
2025-04-23 04:29:16,394 [main] INFO  utils.BackgroundService (BackgroundService.java:shutdown(161)) - Shutting down service MultipartUploadCleanupService
2025-04-23 04:29:16,395 [main] INFO  handler.ContextHandler (ContextHandler.java:doStop(1159)) - Stopped o.e.j.w.WebAppContext@24d56f42{ozoneManager,/,null,STOPPED}{file:/home/runner/work/ozone/ozone/hadoop-ozone/integration-test/target/test-classes/webapps/ozoneManager}
2025-04-23 04:29:16,395 [main] INFO  server.AbstractConnector (AbstractConnector.java:doStop(383)) - Stopped ServerConnector@14db4bef{HTTP/1.1, (http/1.1)}{0.0.0.0:15011}
2025-04-23 04:29:16,395 [main] INFO  server.session (HouseKeeper.java:stopScavenging(149)) - node0 Stopped scavenging
2025-04-23 04:29:16,395 [main] INFO  handler.ContextHandler (ContextHandler.java:doStop(1159)) - Stopped o.e.j.s.ServletContextHandler@63bba857{static,/static,file:///home/runner/work/ozone/ozone/hadoop-ozone/integration-test/target/test-classes/webapps/static,STOPPED}
2025-04-23 04:29:16,395 [main] INFO  handler.ContextHandler (ContextHandler.java:doStop(1159)) - Stopped o.e.j.s.ServletContextHandler@5db9849d{logs,/logs,file:///home/runner/work/ozone/ozone/hadoop-ozone/integration-test/target/log,STOPPED}
2025-04-23 04:29:16,396 [main] INFO  rocksdiff.RocksDBCheckpointDiffer (RocksDBCheckpointDiffer.java:close(304)) - Shutting down CompactionDagPruningService.
2025-04-23 04:29:16,398 [main] INFO  snapshot.SnapshotDiffManager (SnapshotDiffManager.java:closeExecutorService(1698)) - Shutting down executorService: 'SnapDiffExecutor'
2025-04-23 04:29:16,398 [main] INFO  utils.BackgroundService (BackgroundService.java:shutdown(161)) - Shutting down service SnapshotDiffCleanupService
2025-04-23 04:29:16,399 [main] INFO  om.OzoneManager (OzoneManager.java:restart(1878)) - OzoneManager RPC server is listening at localhost/127.0.0.1:15014
2025-04-23 04:29:16,399 [main] INFO  impl.MetricsSystemImpl (MetricsSystemImpl.java:init(158)) - OzoneManager metrics system started (again)
2025-04-23 04:29:16,409 [main] WARN  server.ServerUtils (ServerUtils.java:getDBPath(297)) - ozone.om.db.dirs is not configured. We recommend adding this setting. Falling back to ozone.metadata.dirs instead.
2025-04-23 04:29:16,451 [main] INFO  om.OzoneManager (OzoneManager.java:instantiateServices(933)) - S3 Multi-Tenancy is disabled
2025-04-23 04:29:16,451 [main] INFO  om.OmSnapshotManager (OmSnapshotManager.java:<init>(180)) - Ozone filesystem snapshot feature is enabled.
2025-04-23 04:29:16,451 [main] WARN  server.ServerUtils (ServerUtils.java:getDBPath(297)) - ozone.om.snapshot.diff.db.dir is not configured. We recommend adding this setting. Falling back to ozone.metadata.dirs instead.
2025-04-23 04:29:16,466 [main] WARN  server.ServerUtils (ServerUtils.java:getDefaultRatisDirectory(309)) - Storage directory for Ratis is not configured. It is a good idea to map this to an SSD disk. Falling back to ozone.metadata.dirs
2025-04-23 04:29:16,467 [main] INFO  server.RaftServerConfigKeys (ConfUtils.java:logGet(46)) - raft.server.log.appender.buffer.byte-limit = 4194304 (custom)
2025-04-23 04:29:16,467 [main] INFO  ratis.OzoneManagerRatisServer (OzoneManagerRatisServer.java:<init>(167)) - Instantiating OM Ratis server with groupID: om-service-test1 and peers: localhost:15017, localhost:15009, localhost:15013
2025-04-23 04:29:16,468 [main] INFO  ratis.OzoneManagerStateMachine (OzoneManagerStateMachine.java:loadSnapshotInfoFromDB(611)) - LastAppliedIndex is set from TransactionInfo from OM DB as (t:18, i:347)
2025-04-23 04:29:16,468 [main] INFO  server.RaftServer (ConfUtils.java:logGet(46)) - raft.rpc.type = GRPC (default)
2025-04-23 04:29:16,468 [main] INFO  grpc.GrpcConfigKeys (ConfUtils.java:logFallback(53)) - raft.grpc.admin.host = null (fallback to raft.grpc.server.host)
2025-04-23 04:29:16,468 [main] INFO  grpc.GrpcConfigKeys (ConfUtils.java:logFallback(53)) - raft.grpc.admin.port = 15017 (fallback to raft.grpc.server.port)
2025-04-23 04:29:16,468 [main] INFO  grpc.GrpcConfigKeys (ConfUtils.java:logFallback(53)) - raft.grpc.client.host = null (fallback to raft.grpc.server.host)
2025-04-23 04:29:16,468 [main] INFO  grpc.GrpcConfigKeys (ConfUtils.java:logFallback(53)) - raft.grpc.client.port = 15017 (fallback to raft.grpc.server.port)
2025-04-23 04:29:16,468 [main] INFO  grpc.GrpcConfigKeys (ConfUtils.java:logGet(46)) - raft.grpc.server.host = null (default)
2025-04-23 04:29:16,468 [main] INFO  grpc.GrpcConfigKeys (ConfUtils.java:logGet(46)) - raft.grpc.server.port = 15017 (custom)
2025-04-23 04:29:16,468 [main] INFO  server.GrpcService (ConfUtils.java:logGet(46)) - raft.grpc.message.size.max = 5242880 (custom)
2025-04-23 04:29:16,468 [main] INFO  server.GrpcService (ConfUtils.java:logGet(46)) - raft.grpc.flow.control.window = 1MB (=1048576) (default)
2025-04-23 04:29:16,469 [main] INFO  server.RaftServerConfigKeys (ConfUtils.java:logGet(46)) - raft.server.rpc.request.timeout = 3000ms (default)
2025-04-23 04:29:16,469 [main] INFO  grpc.GrpcConfigKeys (ConfUtils.java:logGet(46)) - raft.grpc.server.heartbeat.channel = true (default)
2025-04-23 04:29:16,469 [main] INFO  server.RaftServerConfigKeys (ConfUtils.java:logGet(46)) - raft.server.log.appender.buffer.byte-limit = 4194304 (custom)
2025-04-23 04:29:16,469 [main] INFO  grpc.GrpcConfigKeys (ConfUtils.java:logGet(46)) - raft.grpc.server.async.request.thread.pool.cached = true (default)
2025-04-23 04:29:16,469 [main] INFO  grpc.GrpcConfigKeys (ConfUtils.java:logGet(46)) - raft.grpc.server.async.request.thread.pool.size = 32 (default)
2025-04-23 04:29:16,469 [main] INFO  impl.DataStreamServerImpl (ConfUtils.java:logGet(46)) - raft.datastream.type = DISABLED (default)
2025-04-23 04:29:16,470 [main] INFO  server.RaftServerConfigKeys (ConfUtils.java:logGet(46)) - raft.server.sleep.deviation.threshold = 300ms (default)
2025-04-23 04:29:16,470 [main] INFO  server.RaftServerConfigKeys (ConfUtils.java:logGet(46)) - raft.server.close.threshold = 60s (default)
2025-04-23 04:29:16,470 [main] INFO  server.RaftServerConfigKeys (ConfUtils.java:logGet(46)) - raft.server.leaderelection.leader.step-down.wait-time = 10s (default)
2025-04-23 04:29:16,470 [main] INFO  server.RaftServerConfigKeys (ConfUtils.java:logGet(46)) - raft.server.storage.dir = [/home/runner/work/ozone/ozone/hadoop-ozone/integration-test/target/test-dir/MiniOzoneClusterImpl-ff59c164-3798-4a7f-a16d-eeed9ffb3244/omNode-3/ratis] (custom)
2025-04-23 04:29:16,470 [main] INFO  server.RaftServerConfigKeys (ConfUtils.java:logGet(46)) - raft.server.threadpool.proxy.cached = true (default)
2025-04-23 04:29:16,470 [main] INFO  server.RaftServerConfigKeys (ConfUtils.java:logGet(46)) - raft.server.threadpool.proxy.size = 0 (default)
2025-04-23 04:29:16,470 [omNode-3-impl-thread1] INFO  server.RaftServer (RaftServerProxy.java:initGroupDir(265)) - omNode-3: found a subdirectory /home/runner/work/ozone/ozone/hadoop-ozone/integration-test/target/test-dir/MiniOzoneClusterImpl-ff59c164-3798-4a7f-a16d-eeed9ffb3244/omNode-3/ratis/c9bc4cf4-3bc3-3c60-a66b-523986131536
2025-04-23 04:29:16,471 [main] INFO  server.RaftServer (RaftServerProxy.java:addNew(100)) - omNode-3: addNew group-523986131536:[omNode-3|localhost:15017, omNode-1|localhost:15009, omNode-2|localhost:15013] returns group-523986131536:java.util.concurrent.CompletableFuture@6f5061b4[Not completed]
2025-04-23 04:29:16,471 [omNode-3-groupManagement] INFO  server.RaftServer$Division (RaftServerImpl.java:<init>(255)) - omNode-3: new RaftServerImpl for group-523986131536:[omNode-3|localhost:15017, omNode-1|localhost:15009, omNode-2|localhost:15013] with OzoneManagerStateMachine:uninitialized
2025-04-23 04:29:16,471 [omNode-3-groupManagement] INFO  server.RaftServerConfigKeys (ConfUtils.java:logGet(46)) - raft.server.rpc.timeout.min = 1s (custom)
2025-04-23 04:29:16,471 [omNode-3-groupManagement] INFO  server.RaftServerConfigKeys (ConfUtils.java:logGet(46)) - raft.server.rpc.timeout.max = 1200ms (custom)
2025-04-23 04:29:16,471 [omNode-3-groupManagement] INFO  server.RaftServerConfigKeys (ConfUtils.java:logGet(46)) - raft.server.rpc.sleep.time = 25ms (default)
2025-04-23 04:29:16,471 [omNode-3-groupManagement] INFO  server.RaftServerConfigKeys (ConfUtils.java:logGet(46)) - raft.server.rpc.slowness.timeout = 2s (custom)
2025-04-23 04:29:16,471 [omNode-3-groupManagement] INFO  server.RaftServerConfigKeys (ConfUtils.java:logGet(46)) - raft.server.leaderelection.leader.step-down.wait-time = 10s (default)
2025-04-23 04:29:16,471 [omNode-3-groupManagement] INFO  server.RaftServerConfigKeys (ConfUtils.java:logGet(46)) - raft.server.leaderelection.member.majority-add = false (default)
2025-04-23 04:29:16,471 [omNode-3-groupManagement] INFO  server.RaftServerConfigKeys (ConfUtils.java:logGet(46)) - raft.server.sleep.deviation.threshold = 300ms (default)
2025-04-23 04:29:16,471 [omNode-3-groupManagement] INFO  server.RaftServer$Division (ServerState.java:<init>(114)) - omNode-3@group-523986131536: ConfigurationManager, init=conf: {index: -1, cur=peers:[omNode-3|localhost:15017, omNode-1|localhost:15009, omNode-2|localhost:15013]|listeners:[], old=null}, confs=<EMPTY_MAP>
2025-04-23 04:29:16,471 [omNode-3-groupManagement] INFO  server.RaftServerConfigKeys (ConfUtils.java:logGet(46)) - raft.server.notification.no-leader.timeout = 2s (custom)
2025-04-23 04:29:16,471 [omNode-3-groupManagement] INFO  server.RaftServerConfigKeys (ConfUtils.java:logGet(46)) - raft.server.read.timeout = 10s (default)
2025-04-23 04:29:16,471 [main] INFO  om.OzoneManager (OzoneManager.java:initializeRatisServer(2303)) - OzoneManager Ratis server initialized at port 15017
2025-04-23 04:29:16,471 [main] INFO  ratis.OzoneManagerRatisServer (OzoneManagerRatisServer.java:start(628)) - Starting OzoneManagerRatisServer omNode-3 at port 15017
2025-04-23 04:29:16,471 [omNode-3-groupManagement] INFO  server.RaftServerConfigKeys (ConfUtils.java:logGet(46)) - raft.server.retrycache.expirytime = 30000ms (custom)
2025-04-23 04:29:16,471 [omNode-3-groupManagement] INFO  server.RaftServerConfigKeys (ConfUtils.java:logGet(46)) - raft.server.retrycache.statistics.expirytime = 100ms (default)
2025-04-23 04:29:16,472 [omNode-3-groupManagement] INFO  server.RaftServerConfigKeys (ConfUtils.java:logGet(46)) - raft.server.read.option = DEFAULT (default)
2025-04-23 04:29:16,472 [omNode-3-groupManagement] INFO  server.RaftServerConfigKeys (ConfUtils.java:logGet(46)) - raft.server.read.read-after-write-consistent.write-index-cache.expiry-time = 60s (default)
2025-04-23 04:29:16,473 [omNode-3-groupManagement] INFO  server.RaftServerConfigKeys (ConfUtils.java:logGet(46)) - raft.server.rpc.request.timeout = 3000ms (default)
2025-04-23 04:29:16,473 [omNode-3-groupManagement] INFO  server.RaftServerConfigKeys (ConfUtils.java:logGet(46)) - raft.server.log.appender.install.snapshot.enabled = false (custom)
2025-04-23 04:29:16,473 [omNode-3-groupManagement] INFO  server.RaftServerConfigKeys (ConfUtils.java:logGet(46)) - raft.server.threadpool.server.cached = true (default)
2025-04-23 04:29:16,473 [omNode-3-groupManagement] INFO  server.RaftServerConfigKeys (ConfUtils.java:logGet(46)) - raft.server.threadpool.server.size = 0 (default)
2025-04-23 04:29:16,473 [omNode-3-groupManagement] INFO  server.RaftServerConfigKeys (ConfUtils.java:logGet(46)) - raft.server.threadpool.client.cached = true (default)
2025-04-23 04:29:16,473 [omNode-3-groupManagement] INFO  server.RaftServerConfigKeys (ConfUtils.java:logGet(46)) - raft.server.threadpool.client.size = 0 (default)
2025-04-23 04:29:16,473 [omNode-3-impl-thread1] INFO  server.RaftServerConfigKeys (ConfUtils.java:logGet(46)) - raft.server.storage.free-space.min = 0MB (=0) (default)
2025-04-23 04:29:16,473 [omNode-3-impl-thread1] INFO  server.RaftServerConfigKeys (ConfUtils.java:logGet(46)) - raft.server.log.corruption.policy = EXCEPTION (default)
2025-04-23 04:29:16,473 [omNode-3-impl-thread1] INFO  server.RaftServerConfigKeys (ConfUtils.java:logGet(46)) - raft.server.storage.dir = [/home/runner/work/ozone/ozone/hadoop-ozone/integration-test/target/test-dir/MiniOzoneClusterImpl-ff59c164-3798-4a7f-a16d-eeed9ffb3244/omNode-3/ratis] (custom)
2025-04-23 04:29:16,474 [omNode-3-impl-thread1] INFO  storage.RaftStorageDirectory (RaftStorageDirectoryImpl.java:tryLock(229)) - Lock on /home/runner/work/ozone/ozone/hadoop-ozone/integration-test/target/test-dir/MiniOzoneClusterImpl-ff59c164-3798-4a7f-a16d-eeed9ffb3244/omNode-3/ratis/c9bc4cf4-3bc3-3c60-a66b-523986131536/in_use.lock acquired by nodename 129558@fv-az1441-587
2025-04-23 04:29:16,474 [omNode-3-impl-thread1] INFO  storage.RaftStorage (RaftStorageImpl.java:analyzeAndRecoverStorage(118)) - Read RaftStorageMetadata{term=18, votedFor=omNode-2} from /home/runner/work/ozone/ozone/hadoop-ozone/integration-test/target/test-dir/MiniOzoneClusterImpl-ff59c164-3798-4a7f-a16d-eeed9ffb3244/omNode-3/ratis/c9bc4cf4-3bc3-3c60-a66b-523986131536/current/raft-meta
2025-04-23 04:29:16,475 [omNode-3-impl-thread1] INFO  server.RaftServer$Division (ServerState.java:setRaftConf(386)) - omNode-3@group-523986131536: set configuration conf: {index: 341, cur=peers:[omNode-3|localhost:15017, omNode-1|localhost:15009, omNode-2|localhost:15013]|listeners:[], old=null}
2025-04-23 04:29:16,475 [omNode-3-impl-thread1] INFO  ratis.OzoneManagerStateMachine (OzoneManagerStateMachine.java:lambda$0(138)) - omNode-3: initialize group-523986131536 with (t:18, i:347)
2025-04-23 04:29:16,475 [omNode-3-impl-thread1] INFO  server.RaftServerConfigKeys (ConfUtils.java:logGet(46)) - raft.server.log.use.memory = false (default)
2025-04-23 04:29:16,475 [omNode-3-impl-thread1] INFO  server.RaftServerConfigKeys (ConfUtils.java:logGet(46)) - raft.server.log.purge.gap = 50 (custom)
2025-04-23 04:29:16,475 [omNode-3-impl-thread1] INFO  server.RaftServerConfigKeys (ConfUtils.java:logGet(46)) - raft.server.log.appender.buffer.byte-limit = 4194304 (custom)
2025-04-23 04:29:16,475 [omNode-3-impl-thread1] INFO  server.RaftServerConfigKeys (ConfUtils.java:logGet(46)) - raft.server.log.statemachine.data.read.timeout = 1000ms (default)
2025-04-23 04:29:16,475 [omNode-3-impl-thread1] INFO  server.RaftServerConfigKeys (ConfUtils.java:logGet(46)) - raft.server.log.purge.preservation.log.num = 0 (default)
2025-04-23 04:29:16,475 [omNode-3-impl-thread1] INFO  server.RaftServerConfigKeys (ConfUtils.java:logGet(46)) - raft.server.log.segment.size.max = 4194304 (custom)
2025-04-23 04:29:16,476 [omNode-3-impl-thread1] INFO  server.RaftServerConfigKeys (ConfUtils.java:logGet(46)) - raft.server.log.segment.cache.num.max = 2 (custom)
2025-04-23 04:29:16,476 [omNode-3-impl-thread1] INFO  server.RaftServerConfigKeys (ConfUtils.java:logGet(46)) - raft.server.log.segment.cache.size.max = 200MB (=209715200) (default)
2025-04-23 04:29:16,476 [omNode-3-impl-thread1] INFO  server.RaftServerConfigKeys (ConfUtils.java:logGet(46)) - raft.server.log.appender.buffer.byte-limit = 4194304 (custom)
2025-04-23 04:29:16,476 [omNode-3-impl-thread1] INFO  util.AwaitToRun (AwaitToRun.java:start(81)) - Thread[#7398,omNode-3@group-523986131536-cacheEviction-AwaitToRun,5,main] started
2025-04-23 04:29:16,476 [omNode-3-impl-thread1] INFO  segmented.SegmentedRaftLogWorker (SegmentedRaftLogWorker.java:<init>(188)) - new omNode-3@group-523986131536-SegmentedRaftLogWorker for RaftStorageImpl:Storage Directory /home/runner/work/ozone/ozone/hadoop-ozone/integration-test/target/test-dir/MiniOzoneClusterImpl-ff59c164-3798-4a7f-a16d-eeed9ffb3244/omNode-3/ratis/c9bc4cf4-3bc3-3c60-a66b-523986131536
2025-04-23 04:29:16,476 [omNode-3-impl-thread1] INFO  server.RaftServerConfigKeys (ConfUtils.java:logGet(46)) - raft.server.log.queue.byte-limit = 64MB (=67108864) (default)
2025-04-23 04:29:16,476 [omNode-3-impl-thread1] INFO  server.RaftServerConfigKeys (ConfUtils.java:logGet(46)) - raft.server.log.queue.element-limit = 4096 (default)
2025-04-23 04:29:16,476 [omNode-3-impl-thread1] INFO  server.RaftServerConfigKeys (ConfUtils.java:logGet(46)) - raft.server.log.segment.size.max = 4194304 (custom)
2025-04-23 04:29:16,476 [omNode-3-impl-thread1] INFO  server.RaftServerConfigKeys (ConfUtils.java:logGet(46)) - raft.server.log.preallocated.size = 4194304 (custom)
2025-04-23 04:29:16,476 [omNode-3-impl-thread1] INFO  server.RaftServerConfigKeys (ConfUtils.java:logGet(46)) - raft.server.log.force.sync.num = 128 (default)
2025-04-23 04:29:16,476 [omNode-3-impl-thread1] INFO  server.RaftServerConfigKeys (ConfUtils.java:logGet(46)) - raft.server.log.statemachine.data.sync = true (default)
2025-04-23 04:29:16,476 [omNode-3-impl-thread1] INFO  server.RaftServerConfigKeys (ConfUtils.java:logGet(46)) - raft.server.log.statemachine.data.sync.timeout = 10s (default)
2025-04-23 04:29:16,476 [omNode-3-impl-thread1] INFO  server.RaftServerConfigKeys (ConfUtils.java:logGet(46)) - raft.server.log.statemachine.data.sync.timeout.retry = -1 (default)
2025-04-23 04:29:16,476 [omNode-3-impl-thread1] INFO  server.RaftServerConfigKeys (ConfUtils.java:logGet(46)) - raft.server.log.write.buffer.size = 4194312 (custom)
2025-04-23 04:29:16,477 [omNode-3-impl-thread1] INFO  server.RaftServerConfigKeys (ConfUtils.java:logGet(46)) - raft.server.log.appender.buffer.byte-limit = 4194304 (custom)
2025-04-23 04:29:16,477 [omNode-3-impl-thread1] INFO  server.RaftServerConfigKeys (ConfUtils.java:logGet(46)) - raft.server.log.unsafe-flush.enabled = false (default)
2025-04-23 04:29:16,477 [omNode-3-impl-thread1] INFO  server.RaftServerConfigKeys (ConfUtils.java:logGet(46)) - raft.server.log.async-flush.enabled = false (default)
2025-04-23 04:29:16,477 [omNode-3-impl-thread1] INFO  server.RaftServerConfigKeys (ConfUtils.java:logGet(46)) - raft.server.log.statemachine.data.caching.enabled = false (default)
2025-04-23 04:29:16,477 [omNode-3-impl-thread1] INFO  server.RaftServer$Division (ServerState.java:setRaftConf(386)) - omNode-3@group-523986131536: set configuration conf: {index: 313, cur=peers:[omNode-3|localhost:15017, omNode-1|localhost:15009, omNode-2|localhost:15013]|listeners:[], old=null}
2025-04-23 04:29:16,477 [omNode-3-impl-thread1] INFO  segmented.LogSegment (LogSegment.java:loadSegment(171)) - Successfully read 12 entries from segment file /home/runner/work/ozone/ozone/hadoop-ozone/integration-test/target/test-dir/MiniOzoneClusterImpl-ff59c164-3798-4a7f-a16d-eeed9ffb3244/omNode-3/ratis/c9bc4cf4-3bc3-3c60-a66b-523986131536/current/log_313-324
2025-04-23 04:29:16,477 [omNode-3-impl-thread1] INFO  server.RaftServer$Division (ServerState.java:setRaftConf(386)) - omNode-3@group-523986131536: set configuration conf: {index: 325, cur=peers:[omNode-3|localhost:15017, omNode-1|localhost:15009, omNode-2|localhost:15013]|listeners:[], old=null}
2025-04-23 04:29:16,478 [omNode-3-impl-thread1] INFO  segmented.LogSegment (LogSegment.java:loadSegment(171)) - Successfully read 12 entries from segment file /home/runner/work/ozone/ozone/hadoop-ozone/integration-test/target/test-dir/MiniOzoneClusterImpl-ff59c164-3798-4a7f-a16d-eeed9ffb3244/omNode-3/ratis/c9bc4cf4-3bc3-3c60-a66b-523986131536/current/log_325-336
2025-04-23 04:29:16,478 [omNode-3-impl-thread1] INFO  server.RaftServer$Division (ServerState.java:setRaftConf(386)) - omNode-3@group-523986131536: set configuration conf: {index: 337, cur=peers:[omNode-3|localhost:15017, omNode-1|localhost:15009, omNode-2|localhost:15013]|listeners:[], old=null}
2025-04-23 04:29:16,478 [omNode-3-impl-thread1] INFO  segmented.LogSegment (LogSegment.java:loadSegment(171)) - Successfully read 2 entries from segment file /home/runner/work/ozone/ozone/hadoop-ozone/integration-test/target/test-dir/MiniOzoneClusterImpl-ff59c164-3798-4a7f-a16d-eeed9ffb3244/omNode-3/ratis/c9bc4cf4-3bc3-3c60-a66b-523986131536/current/log_337-338
2025-04-23 04:29:16,478 [omNode-3-impl-thread1] INFO  server.RaftServer$Division (ServerState.java:setRaftConf(386)) - omNode-3@group-523986131536: set configuration conf: {index: 339, cur=peers:[omNode-3|localhost:15017, omNode-1|localhost:15009, omNode-2|localhost:15013]|listeners:[], old=null}
2025-04-23 04:29:16,478 [omNode-3-impl-thread1] INFO  segmented.LogSegment (LogSegment.java:loadSegment(171)) - Successfully read 2 entries from segment file /home/runner/work/ozone/ozone/hadoop-ozone/integration-test/target/test-dir/MiniOzoneClusterImpl-ff59c164-3798-4a7f-a16d-eeed9ffb3244/omNode-3/ratis/c9bc4cf4-3bc3-3c60-a66b-523986131536/current/log_339-340
2025-04-23 04:29:16,478 [omNode-3-impl-thread1] INFO  server.RaftServer$Division (ServerState.java:setRaftConf(386)) - omNode-3@group-523986131536: set configuration conf: {index: 341, cur=peers:[omNode-3|localhost:15017, omNode-1|localhost:15009, omNode-2|localhost:15013]|listeners:[], old=null}
2025-04-23 04:29:16,478 [omNode-3-impl-thread1] INFO  segmented.LogSegment (LogSegment.java:loadSegment(171)) - Successfully read 8 entries from segment file /home/runner/work/ozone/ozone/hadoop-ozone/integration-test/target/test-dir/MiniOzoneClusterImpl-ff59c164-3798-4a7f-a16d-eeed9ffb3244/omNode-3/ratis/c9bc4cf4-3bc3-3c60-a66b-523986131536/current/log_inprogress_341
2025-04-23 04:29:16,479 [omNode-3-impl-thread1] INFO  segmented.SegmentedRaftLogWorker (SegmentedRaftLogWorker.java:lambda$new$0(139)) - omNode-3@group-523986131536-SegmentedRaftLogWorker: flushIndex: setUnconditionally 0 -> 348
2025-04-23 04:29:16,479 [omNode-3-impl-thread1] INFO  segmented.SegmentedRaftLogWorker (SegmentedRaftLogWorker.java:lambda$new$0(139)) - omNode-3@group-523986131536-SegmentedRaftLogWorker: safeCacheEvictIndex: setUnconditionally 0 -> 340
2025-04-23 04:29:16,479 [omNode-3-impl-thread1] INFO  segmented.BufferedWriteChannel (BufferedWriteChannel.java:open(61)) - open log_inprogress_341 (append) at position 1226
2025-04-23 04:29:16,479 [omNode-3-impl-thread1] INFO  raftlog.RaftLog (RaftLogBase.java:lambda$new$0(54)) - omNode-3@group-523986131536-SegmentedRaftLog: purgeIndex: updateToMax old=-1, new=312, updated? true
2025-04-23 04:29:16,479 [omNode-3-impl-thread1] INFO  server.RaftServer$Division (RaftServerImpl.java:start(391)) - omNode-3@group-523986131536: start as a follower, conf=conf: {index: 341, cur=peers:[omNode-3|localhost:15017, omNode-1|localhost:15009, omNode-2|localhost:15013]|listeners:[], old=null}
2025-04-23 04:29:16,479 [omNode-3-impl-thread1] INFO  server.RaftServer$Division (RaftServerImpl.java:setRole(378)) - omNode-3@group-523986131536: changes role from      null to FOLLOWER at term 18 for startAsFollower
2025-04-23 04:29:16,479 [omNode-3-impl-thread1] INFO  impl.RoleInfo (RoleInfo.java:updateAndGet(148)) - omNode-3: start omNode-3@group-523986131536-FollowerState
2025-04-23 04:29:16,479 [omNode-3-impl-thread1] INFO  util.JmxRegister (JmxRegister.java:tryRegister(44)) - Successfully registered JMX Bean with object name Ratis:service=RaftServer,group=group-523986131536,id=omNode-3
2025-04-23 04:29:16,479 [omNode-3-impl-thread1] INFO  util.JmxRegister (JmxRegister.java:register(58)) - register mxBean class org.apache.ratis.server.impl.RaftServerJmxAdapter as Ratis:service=RaftServer,group=group-523986131536,id=omNode-3
2025-04-23 04:29:16,479 [omNode-3-impl-thread1] INFO  server.RaftServerConfigKeys (ConfUtils.java:logGet(46)) - raft.server.snapshot.trigger-when-stop.enabled = true (default)
2025-04-23 04:29:16,479 [omNode-3-impl-thread1] INFO  server.RaftServerConfigKeys (ConfUtils.java:logGet(46)) - raft.server.snapshot.trigger-when-remove.enabled = true (default)
2025-04-23 04:29:16,479 [omNode-3-impl-thread1] INFO  server.RaftServerConfigKeys (ConfUtils.java:logGet(46)) - raft.server.snapshot.auto.trigger.enabled = true (custom)
2025-04-23 04:29:16,479 [omNode-3-impl-thread1] INFO  server.RaftServerConfigKeys (ConfUtils.java:logGet(46)) - raft.server.snapshot.auto.trigger.threshold = 50 (custom)
2025-04-23 04:29:16,480 [omNode-3-impl-thread1] INFO  server.RaftServerConfigKeys (ConfUtils.java:logGet(46)) - raft.server.snapshot.retention.file.num = -1 (default)
2025-04-23 04:29:16,480 [omNode-3-impl-thread1] INFO  server.RaftServerConfigKeys (ConfUtils.java:logGet(46)) - raft.server.log.purge.upto.snapshot.index = true (custom)
2025-04-23 04:29:16,479 [omNode-3@group-523986131536-FollowerState] INFO  server.RaftServerConfigKeys (ConfUtils.java:logFallback(53)) - raft.server.rpc.first-election.timeout.min = 1s (fallback to raft.server.rpc.timeout.min)
2025-04-23 04:29:16,480 [omNode-3@group-523986131536-FollowerState] INFO  server.RaftServerConfigKeys (ConfUtils.java:logFallback(53)) - raft.server.rpc.first-election.timeout.max = 1200ms (fallback to raft.server.rpc.timeout.max)
2025-04-23 04:29:16,480 [omNode-3-impl-thread1] INFO  server.RaftServer$Division (RaftServerImpl.java:start(405)) - omNode-3@group-523986131536: Successfully started.
2025-04-23 04:29:16,480 [main] INFO  server.RaftServer (RaftServerProxy.java:startImpl(407)) - omNode-3: start RPC server
2025-04-23 04:29:16,480 [main] INFO  server.GrpcService (GrpcService.java:startImpl(334)) - omNode-3: GrpcService started, listening on 15017
2025-04-23 04:29:16,481 [main] INFO  om.OzoneManager (OzoneManager.java:getRpcServer(1360)) - Creating RPC Server
2025-04-23 04:29:16,481 [JvmPauseMonitor38] INFO  util.JvmPauseMonitor (JvmPauseMonitor.java:run(146)) - JvmPauseMonitor-omNode-3: Started
2025-04-23 04:29:16,870 [main] INFO  reflections.Reflections (Reflections.java:scan(219)) - Reflections took 389 ms to scan 22 urls, producing 61 keys and 7422 values
2025-04-23 04:29:16,871 [main] INFO  ipc.CallQueueManager (CallQueueManager.java:<init>(93)) - Using callQueue: class java.util.concurrent.LinkedBlockingQueue, queueCapacity: 2000, scheduler: class org.apache.hadoop.ipc.DefaultRpcScheduler, ipcBackoff: false, ipcFailOver: false.
2025-04-23 04:29:16,871 [main] INFO  ipc.Server (Server.java:<init>(1438)) - Listener at localhost:15014
2025-04-23 04:29:16,872 [Socket Reader #1 for port 15014] INFO  ipc.Server (Server.java:run(1474)) - Starting Socket Reader #1 for port 15014
2025-04-23 04:29:16,872 [Socket Reader #2 for port 15014] INFO  ipc.Server (Server.java:run(1474)) - Starting Socket Reader #2 for port 15014
2025-04-23 04:29:16,872 [Socket Reader #3 for port 15014] INFO  ipc.Server (Server.java:run(1474)) - Starting Socket Reader #3 for port 15014
2025-04-23 04:29:16,872 [Socket Reader #4 for port 15014] INFO  ipc.Server (Server.java:run(1474)) - Starting Socket Reader #4 for port 15014
2025-04-23 04:29:16,872 [Socket Reader #5 for port 15014] INFO  ipc.Server (Server.java:run(1474)) - Starting Socket Reader #5 for port 15014
2025-04-23 04:29:16,873 [Socket Reader #6 for port 15014] INFO  ipc.Server (Server.java:run(1474)) - Starting Socket Reader #6 for port 15014
2025-04-23 04:29:16,873 [Socket Reader #7 for port 15014] INFO  ipc.Server (Server.java:run(1474)) - Starting Socket Reader #7 for port 15014
2025-04-23 04:29:16,873 [Socket Reader #8 for port 15014] INFO  ipc.Server (Server.java:run(1474)) - Starting Socket Reader #8 for port 15014
2025-04-23 04:29:16,873 [Socket Reader #9 for port 15014] INFO  ipc.Server (Server.java:run(1474)) - Starting Socket Reader #9 for port 15014
2025-04-23 04:29:16,873 [Socket Reader #10 for port 15014] INFO  ipc.Server (Server.java:run(1474)) - Starting Socket Reader #10 for port 15014
2025-04-23 04:29:16,875 [main] INFO  http.BaseHttpServer (BaseHttpServer.java:newHttpServer2BuilderForOzone(229)) - Starting Web-server for ozoneManager at: http://0.0.0.0:15015
2025-04-23 04:29:16,875 [main] INFO  http.BaseHttpServer (BaseHttpServer.java:<init>(107)) - Hadoop Security Enabled: false Ozone Security Enabled: false Ozone HTTP Security Enabled: false 
2025-04-23 04:29:16,876 [main] WARN  server.AuthenticationFilter (AuthenticationFilter.java:constructSecretProvider(240)) - Unable to initialize FileSignerSecretProvider, falling back to use random secrets. Reason: Could not read signature secret file: /home/runner/hadoop-http-auth-signature-secret
2025-04-23 04:29:16,877 [main] INFO  http.HttpServer2 (HttpServer2.java:addGlobalFilter(1041)) - Added global filter 'safety' (class=org.apache.hadoop.hdds.server.http.HttpServer2$QuotingInputFilter)
2025-04-23 04:29:16,878 [main] INFO  http.HttpServer2 (HttpServer2.java:addFilter(1017)) - Added filter static_user_filter (class=org.apache.hadoop.http.lib.StaticUserWebFilter$StaticUserFilter) to context ozoneManager
2025-04-23 04:29:16,878 [main] INFO  http.HttpServer2 (HttpServer2.java:addFilter(1025)) - Added filter static_user_filter (class=org.apache.hadoop.http.lib.StaticUserWebFilter$StaticUserFilter) to context static
2025-04-23 04:29:16,878 [main] INFO  http.HttpServer2 (HttpServer2.java:addFilter(1025)) - Added filter static_user_filter (class=org.apache.hadoop.http.lib.StaticUserWebFilter$StaticUserFilter) to context logs
2025-04-23 04:29:16,878 [main] INFO  http.BaseHttpServer (BaseHttpServer.java:<init>(195)) - HTTP server of ozoneManager uses base directory /home/runner/work/ozone/ozone/hadoop-ozone/integration-test/target/test-dir/MiniOzoneClusterImpl-ff59c164-3798-4a7f-a16d-eeed9ffb3244/omNode-3/webserver
2025-04-23 04:29:16,878 [main] INFO  http.HttpServer2 (HttpServer2.java:bindListener(1241)) - Jetty bound to port 15015
2025-04-23 04:29:16,878 [main] INFO  server.Server (Server.java:doStart(375)) - jetty-9.4.57.v20241219; built: 2025-01-08T21:24:30.412Z; git: df524e6b29271c2e09ba9aea83c18dc9db464a31; jvm 21.0.7+6-LTS
2025-04-23 04:29:16,880 [main] INFO  server.session (DefaultSessionIdManager.java:doStart(334)) - DefaultSessionIdManager workerName=node0
2025-04-23 04:29:16,880 [main] INFO  server.session (DefaultSessionIdManager.java:doStart(339)) - No SessionScavenger set, using defaults
2025-04-23 04:29:16,880 [main] INFO  server.session (HouseKeeper.java:startScavenging(132)) - node0 Scavenging every 660000ms
2025-04-23 04:29:16,880 [main] INFO  handler.ContextHandler (ContextHandler.java:doStart(921)) - Started o.e.j.s.ServletContextHandler@447e90b4{logs,/logs,file:///home/runner/work/ozone/ozone/hadoop-ozone/integration-test/target/log,AVAILABLE}
2025-04-23 04:29:16,880 [main] INFO  handler.ContextHandler (ContextHandler.java:doStart(921)) - Started o.e.j.s.ServletContextHandler@443b6943{static,/static,file:///home/runner/work/ozone/ozone/hadoop-ozone/integration-test/target/test-classes/webapps/static,AVAILABLE}
2025-04-23 04:29:16,884 [main] INFO  handler.ContextHandler (ContextHandler.java:doStart(921)) - Started o.e.j.w.WebAppContext@115f9d5{ozoneManager,/,file:///home/runner/work/ozone/ozone/hadoop-ozone/integration-test/target/test-classes/webapps/ozoneManager/,AVAILABLE}{file:/home/runner/work/ozone/ozone/hadoop-ozone/integration-test/target/test-classes/webapps/ozoneManager}
2025-04-23 04:29:16,884 [main] INFO  server.AbstractConnector (AbstractConnector.java:doStart(333)) - Started ServerConnector@14dab85a{HTTP/1.1, (http/1.1)}{0.0.0.0:15015}
2025-04-23 04:29:16,884 [main] INFO  server.Server (Server.java:doStart(415)) - Started @160303ms
2025-04-23 04:29:16,884 [main] WARN  impl.MetricsSystemImpl (MetricsSystemImpl.java:register(279)) - Sink prometheus already exists!
2025-04-23 04:29:16,884 [main] INFO  http.BaseHttpServer (BaseHttpServer.java:updateConnectorAddress(360)) - HTTP server of ozoneManager listening at http://0.0.0.0:15015
2025-04-23 04:29:16,885 [IPC Server Responder] INFO  ipc.Server (Server.java:run(1713)) - IPC Server Responder: starting
2025-04-23 04:29:16,885 [IPC Server listener on 15014] INFO  ipc.Server (Server.java:run(1553)) - IPC Server listener on 15014: starting
2025-04-23 04:29:16,887 [main] INFO  om.OzoneManager (OzoneManager.java:startTrashEmptier(2257)) - Trash Interval set to 0. Files deleted won't move to trash
2025-04-23 04:29:16,887 [main] INFO  om.OzoneManager (OzoneManager.java:restart(1878)) - OzoneManager RPC server is listening at localhost/127.0.0.1:15006
2025-04-23 04:29:16,887 [main] INFO  impl.MetricsSystemImpl (MetricsSystemImpl.java:init(158)) - OzoneManager metrics system started (again)
2025-04-23 04:29:16,898 [main] WARN  server.ServerUtils (ServerUtils.java:getDBPath(297)) - ozone.om.db.dirs is not configured. We recommend adding this setting. Falling back to ozone.metadata.dirs instead.
2025-04-23 04:29:16,937 [main] INFO  om.OzoneManager (OzoneManager.java:instantiateServices(933)) - S3 Multi-Tenancy is disabled
2025-04-23 04:29:16,937 [main] INFO  om.OmSnapshotManager (OmSnapshotManager.java:<init>(180)) - Ozone filesystem snapshot feature is enabled.
2025-04-23 04:29:16,938 [main] WARN  server.ServerUtils (ServerUtils.java:getDBPath(297)) - ozone.om.snapshot.diff.db.dir is not configured. We recommend adding this setting. Falling back to ozone.metadata.dirs instead.
2025-04-23 04:29:16,955 [main] WARN  dropwizard3.Dm3MetricRegistriesImpl (Dm3MetricRegistriesImpl.java:addReporterRegistration(114)) - New reporters are added after registries were created. Some metrics will be missing from the reporter. Please add reporter before adding any new registry.
2025-04-23 04:29:16,956 [main] WARN  dropwizard3.Dm3MetricRegistriesImpl (Dm3MetricRegistriesImpl.java:addReporterRegistration(114)) - New reporters are added after registries were created. Some metrics will be missing from the reporter. Please add reporter before adding any new registry.
2025-04-23 04:29:16,956 [main] WARN  server.ServerUtils (ServerUtils.java:getDefaultRatisDirectory(309)) - Storage directory for Ratis is not configured. It is a good idea to map this to an SSD disk. Falling back to ozone.metadata.dirs
2025-04-23 04:29:16,956 [main] INFO  server.RaftServerConfigKeys (ConfUtils.java:logGet(46)) - raft.server.log.appender.buffer.byte-limit = 4194304 (custom)
2025-04-23 04:29:16,957 [main] INFO  ratis.OzoneManagerRatisServer (OzoneManagerRatisServer.java:<init>(167)) - Instantiating OM Ratis server with groupID: om-service-test1 and peers: localhost:15009, localhost:15017, localhost:15013
2025-04-23 04:29:16,957 [main] INFO  ratis.OzoneManagerStateMachine (OzoneManagerStateMachine.java:loadSnapshotInfoFromDB(611)) - LastAppliedIndex is set from TransactionInfo from OM DB as (t:17, i:340)
2025-04-23 04:29:16,958 [main] INFO  server.RaftServer (ConfUtils.java:logGet(46)) - raft.rpc.type = GRPC (default)
2025-04-23 04:29:16,958 [main] INFO  grpc.GrpcConfigKeys (ConfUtils.java:logFallback(53)) - raft.grpc.admin.host = null (fallback to raft.grpc.server.host)
2025-04-23 04:29:16,958 [main] INFO  grpc.GrpcConfigKeys (ConfUtils.java:logFallback(53)) - raft.grpc.admin.port = 15009 (fallback to raft.grpc.server.port)
2025-04-23 04:29:16,958 [main] INFO  grpc.GrpcConfigKeys (ConfUtils.java:logFallback(53)) - raft.grpc.client.host = null (fallback to raft.grpc.server.host)
2025-04-23 04:29:16,958 [main] INFO  grpc.GrpcConfigKeys (ConfUtils.java:logFallback(53)) - raft.grpc.client.port = 15009 (fallback to raft.grpc.server.port)
2025-04-23 04:29:16,959 [main] INFO  grpc.GrpcConfigKeys (ConfUtils.java:logGet(46)) - raft.grpc.server.host = null (default)
2025-04-23 04:29:16,959 [main] INFO  grpc.GrpcConfigKeys (ConfUtils.java:logGet(46)) - raft.grpc.server.port = 15009 (custom)
2025-04-23 04:29:16,959 [main] INFO  server.GrpcService (ConfUtils.java:logGet(46)) - raft.grpc.message.size.max = 5242880 (custom)
2025-04-23 04:29:16,959 [main] INFO  server.GrpcService (ConfUtils.java:logGet(46)) - raft.grpc.flow.control.window = 1MB (=1048576) (default)
2025-04-23 04:29:16,959 [main] INFO  server.RaftServerConfigKeys (ConfUtils.java:logGet(46)) - raft.server.rpc.request.timeout = 3000ms (default)
2025-04-23 04:29:16,959 [main] INFO  grpc.GrpcConfigKeys (ConfUtils.java:logGet(46)) - raft.grpc.server.heartbeat.channel = true (default)
2025-04-23 04:29:16,959 [main] INFO  server.RaftServerConfigKeys (ConfUtils.java:logGet(46)) - raft.server.log.appender.buffer.byte-limit = 4194304 (custom)
2025-04-23 04:29:16,959 [main] INFO  grpc.GrpcConfigKeys (ConfUtils.java:logGet(46)) - raft.grpc.server.async.request.thread.pool.cached = true (default)
2025-04-23 04:29:16,959 [main] INFO  grpc.GrpcConfigKeys (ConfUtils.java:logGet(46)) - raft.grpc.server.async.request.thread.pool.size = 32 (default)
2025-04-23 04:29:16,960 [main] INFO  impl.DataStreamServerImpl (ConfUtils.java:logGet(46)) - raft.datastream.type = DISABLED (default)
2025-04-23 04:29:16,960 [main] INFO  server.RaftServerConfigKeys (ConfUtils.java:logGet(46)) - raft.server.sleep.deviation.threshold = 300ms (default)
2025-04-23 04:29:16,960 [main] INFO  server.RaftServerConfigKeys (ConfUtils.java:logGet(46)) - raft.server.close.threshold = 60s (default)
2025-04-23 04:29:16,960 [main] INFO  server.RaftServerConfigKeys (ConfUtils.java:logGet(46)) - raft.server.leaderelection.leader.step-down.wait-time = 10s (default)
2025-04-23 04:29:16,961 [main] INFO  server.RaftServerConfigKeys (ConfUtils.java:logGet(46)) - raft.server.storage.dir = [/home/runner/work/ozone/ozone/hadoop-ozone/integration-test/target/test-dir/MiniOzoneClusterImpl-ff59c164-3798-4a7f-a16d-eeed9ffb3244/omNode-1/ratis] (custom)
2025-04-23 04:29:16,961 [main] INFO  server.RaftServerConfigKeys (ConfUtils.java:logGet(46)) - raft.server.threadpool.proxy.cached = true (default)
2025-04-23 04:29:16,961 [main] INFO  server.RaftServerConfigKeys (ConfUtils.java:logGet(46)) - raft.server.threadpool.proxy.size = 0 (default)
2025-04-23 04:29:16,961 [omNode-1-impl-thread1] INFO  server.RaftServer (RaftServerProxy.java:initGroupDir(265)) - omNode-1: found a subdirectory /home/runner/work/ozone/ozone/hadoop-ozone/integration-test/target/test-dir/MiniOzoneClusterImpl-ff59c164-3798-4a7f-a16d-eeed9ffb3244/omNode-1/ratis/c9bc4cf4-3bc3-3c60-a66b-523986131536
2025-04-23 04:29:16,962 [main] INFO  server.RaftServer (RaftServerProxy.java:addNew(100)) - omNode-1: addNew group-523986131536:[omNode-3|localhost:15017, omNode-1|localhost:15009, omNode-2|localhost:15013] returns group-523986131536:java.util.concurrent.CompletableFuture@10009d21[Not completed]
2025-04-23 04:29:16,962 [main] INFO  om.OzoneManager (OzoneManager.java:initializeRatisServer(2303)) - OzoneManager Ratis server initialized at port 15009
2025-04-23 04:29:16,962 [main] INFO  ratis.OzoneManagerRatisServer (OzoneManagerRatisServer.java:start(628)) - Starting OzoneManagerRatisServer omNode-1 at port 15009
2025-04-23 04:29:16,962 [omNode-1-groupManagement] INFO  server.RaftServer$Division (RaftServerImpl.java:<init>(255)) - omNode-1: new RaftServerImpl for group-523986131536:[omNode-3|localhost:15017, omNode-1|localhost:15009, omNode-2|localhost:15013] with OzoneManagerStateMachine:uninitialized
2025-04-23 04:29:16,962 [omNode-1-groupManagement] INFO  server.RaftServerConfigKeys (ConfUtils.java:logGet(46)) - raft.server.rpc.timeout.min = 1s (custom)
2025-04-23 04:29:16,962 [omNode-1-groupManagement] INFO  server.RaftServerConfigKeys (ConfUtils.java:logGet(46)) - raft.server.rpc.timeout.max = 1200ms (custom)
2025-04-23 04:29:16,962 [omNode-1-groupManagement] INFO  server.RaftServerConfigKeys (ConfUtils.java:logGet(46)) - raft.server.rpc.sleep.time = 25ms (default)
2025-04-23 04:29:16,962 [omNode-1-groupManagement] INFO  server.RaftServerConfigKeys (ConfUtils.java:logGet(46)) - raft.server.rpc.slowness.timeout = 2s (custom)
2025-04-23 04:29:16,962 [omNode-1-groupManagement] INFO  server.RaftServerConfigKeys (ConfUtils.java:logGet(46)) - raft.server.leaderelection.leader.step-down.wait-time = 10s (default)
2025-04-23 04:29:16,962 [omNode-1-groupManagement] INFO  server.RaftServerConfigKeys (ConfUtils.java:logGet(46)) - raft.server.leaderelection.member.majority-add = false (default)
2025-04-23 04:29:16,962 [omNode-1-groupManagement] INFO  server.RaftServerConfigKeys (ConfUtils.java:logGet(46)) - raft.server.sleep.deviation.threshold = 300ms (default)
2025-04-23 04:29:16,962 [omNode-1-groupManagement] INFO  server.RaftServer$Division (ServerState.java:<init>(114)) - omNode-1@group-523986131536: ConfigurationManager, init=conf: {index: -1, cur=peers:[omNode-3|localhost:15017, omNode-1|localhost:15009, omNode-2|localhost:15013]|listeners:[], old=null}, confs=<EMPTY_MAP>
2025-04-23 04:29:16,962 [omNode-1-groupManagement] INFO  server.RaftServerConfigKeys (ConfUtils.java:logGet(46)) - raft.server.notification.no-leader.timeout = 2s (custom)
2025-04-23 04:29:16,963 [omNode-1-groupManagement] INFO  server.RaftServerConfigKeys (ConfUtils.java:logGet(46)) - raft.server.read.timeout = 10s (default)
2025-04-23 04:29:16,963 [omNode-1-groupManagement] INFO  server.RaftServerConfigKeys (ConfUtils.java:logGet(46)) - raft.server.retrycache.expirytime = 30000ms (custom)
2025-04-23 04:29:16,963 [omNode-1-groupManagement] INFO  server.RaftServerConfigKeys (ConfUtils.java:logGet(46)) - raft.server.retrycache.statistics.expirytime = 100ms (default)
2025-04-23 04:29:16,963 [omNode-1-groupManagement] INFO  server.RaftServerConfigKeys (ConfUtils.java:logGet(46)) - raft.server.read.option = DEFAULT (default)
2025-04-23 04:29:16,963 [omNode-1-groupManagement] INFO  server.RaftServerConfigKeys (ConfUtils.java:logGet(46)) - raft.server.read.read-after-write-consistent.write-index-cache.expiry-time = 60s (default)
2025-04-23 04:29:16,965 [omNode-1-groupManagement] INFO  server.RaftServerConfigKeys (ConfUtils.java:logGet(46)) - raft.server.rpc.request.timeout = 3000ms (default)
2025-04-23 04:29:16,965 [omNode-1-groupManagement] INFO  server.RaftServerConfigKeys (ConfUtils.java:logGet(46)) - raft.server.log.appender.install.snapshot.enabled = false (custom)
2025-04-23 04:29:16,965 [omNode-1-groupManagement] INFO  server.RaftServerConfigKeys (ConfUtils.java:logGet(46)) - raft.server.threadpool.server.cached = true (default)
2025-04-23 04:29:16,965 [omNode-1-groupManagement] INFO  server.RaftServerConfigKeys (ConfUtils.java:logGet(46)) - raft.server.threadpool.server.size = 0 (default)
2025-04-23 04:29:16,965 [omNode-1-groupManagement] INFO  server.RaftServerConfigKeys (ConfUtils.java:logGet(46)) - raft.server.threadpool.client.cached = true (default)
2025-04-23 04:29:16,965 [omNode-1-groupManagement] INFO  server.RaftServerConfigKeys (ConfUtils.java:logGet(46)) - raft.server.threadpool.client.size = 0 (default)
2025-04-23 04:29:16,965 [omNode-1-impl-thread1] INFO  server.RaftServerConfigKeys (ConfUtils.java:logGet(46)) - raft.server.storage.free-space.min = 0MB (=0) (default)
2025-04-23 04:29:16,965 [omNode-1-impl-thread1] INFO  server.RaftServerConfigKeys (ConfUtils.java:logGet(46)) - raft.server.log.corruption.policy = EXCEPTION (default)
2025-04-23 04:29:16,965 [omNode-1-impl-thread1] INFO  server.RaftServerConfigKeys (ConfUtils.java:logGet(46)) - raft.server.storage.dir = [/home/runner/work/ozone/ozone/hadoop-ozone/integration-test/target/test-dir/MiniOzoneClusterImpl-ff59c164-3798-4a7f-a16d-eeed9ffb3244/omNode-1/ratis] (custom)
2025-04-23 04:29:16,967 [omNode-1-impl-thread1] INFO  storage.RaftStorageDirectory (RaftStorageDirectoryImpl.java:tryLock(229)) - Lock on /home/runner/work/ozone/ozone/hadoop-ozone/integration-test/target/test-dir/MiniOzoneClusterImpl-ff59c164-3798-4a7f-a16d-eeed9ffb3244/omNode-1/ratis/c9bc4cf4-3bc3-3c60-a66b-523986131536/in_use.lock acquired by nodename 129558@fv-az1441-587
2025-04-23 04:29:16,967 [omNode-1-impl-thread1] INFO  storage.RaftStorage (RaftStorageImpl.java:analyzeAndRecoverStorage(118)) - Read RaftStorageMetadata{term=17, votedFor=omNode-1} from /home/runner/work/ozone/ozone/hadoop-ozone/integration-test/target/test-dir/MiniOzoneClusterImpl-ff59c164-3798-4a7f-a16d-eeed9ffb3244/omNode-1/ratis/c9bc4cf4-3bc3-3c60-a66b-523986131536/current/raft-meta
2025-04-23 04:29:16,968 [omNode-1-impl-thread1] INFO  server.RaftServer$Division (ServerState.java:setRaftConf(386)) - omNode-1@group-523986131536: set configuration conf: {index: 339, cur=peers:[omNode-3|localhost:15017, omNode-1|localhost:15009, omNode-2|localhost:15013]|listeners:[], old=null}
2025-04-23 04:29:16,968 [omNode-1-impl-thread1] INFO  ratis.OzoneManagerStateMachine (OzoneManagerStateMachine.java:lambda$0(138)) - omNode-1: initialize group-523986131536 with (t:17, i:340)
2025-04-23 04:29:16,968 [omNode-1-impl-thread1] INFO  server.RaftServerConfigKeys (ConfUtils.java:logGet(46)) - raft.server.log.use.memory = false (default)
2025-04-23 04:29:16,968 [omNode-1-impl-thread1] INFO  server.RaftServerConfigKeys (ConfUtils.java:logGet(46)) - raft.server.log.purge.gap = 50 (custom)
2025-04-23 04:29:16,968 [omNode-1-impl-thread1] INFO  server.RaftServerConfigKeys (ConfUtils.java:logGet(46)) - raft.server.log.appender.buffer.byte-limit = 4194304 (custom)
2025-04-23 04:29:16,968 [omNode-1-impl-thread1] INFO  server.RaftServerConfigKeys (ConfUtils.java:logGet(46)) - raft.server.log.statemachine.data.read.timeout = 1000ms (default)
2025-04-23 04:29:16,968 [omNode-1-impl-thread1] INFO  server.RaftServerConfigKeys (ConfUtils.java:logGet(46)) - raft.server.log.purge.preservation.log.num = 0 (default)
2025-04-23 04:29:16,969 [omNode-1-impl-thread1] INFO  server.RaftServerConfigKeys (ConfUtils.java:logGet(46)) - raft.server.log.segment.size.max = 4194304 (custom)
2025-04-23 04:29:16,969 [omNode-1-impl-thread1] INFO  server.RaftServerConfigKeys (ConfUtils.java:logGet(46)) - raft.server.log.segment.cache.num.max = 2 (custom)
2025-04-23 04:29:16,969 [omNode-1-impl-thread1] INFO  server.RaftServerConfigKeys (ConfUtils.java:logGet(46)) - raft.server.log.segment.cache.size.max = 200MB (=209715200) (default)
2025-04-23 04:29:16,969 [omNode-1-impl-thread1] INFO  server.RaftServerConfigKeys (ConfUtils.java:logGet(46)) - raft.server.log.appender.buffer.byte-limit = 4194304 (custom)
2025-04-23 04:29:16,969 [omNode-1-impl-thread1] INFO  util.AwaitToRun (AwaitToRun.java:start(81)) - Thread[#7515,omNode-1@group-523986131536-cacheEviction-AwaitToRun,5,main] started
2025-04-23 04:29:16,969 [omNode-1-impl-thread1] INFO  segmented.SegmentedRaftLogWorker (SegmentedRaftLogWorker.java:<init>(188)) - new omNode-1@group-523986131536-SegmentedRaftLogWorker for RaftStorageImpl:Storage Directory /home/runner/work/ozone/ozone/hadoop-ozone/integration-test/target/test-dir/MiniOzoneClusterImpl-ff59c164-3798-4a7f-a16d-eeed9ffb3244/omNode-1/ratis/c9bc4cf4-3bc3-3c60-a66b-523986131536
2025-04-23 04:29:16,969 [omNode-1-impl-thread1] INFO  server.RaftServerConfigKeys (ConfUtils.java:logGet(46)) - raft.server.log.queue.byte-limit = 64MB (=67108864) (default)
2025-04-23 04:29:16,970 [omNode-1-impl-thread1] INFO  server.RaftServerConfigKeys (ConfUtils.java:logGet(46)) - raft.server.log.queue.element-limit = 4096 (default)
2025-04-23 04:29:16,970 [omNode-1-impl-thread1] INFO  server.RaftServerConfigKeys (ConfUtils.java:logGet(46)) - raft.server.log.segment.size.max = 4194304 (custom)
2025-04-23 04:29:16,970 [omNode-1-impl-thread1] INFO  server.RaftServerConfigKeys (ConfUtils.java:logGet(46)) - raft.server.log.preallocated.size = 4194304 (custom)
2025-04-23 04:29:16,970 [omNode-1-impl-thread1] INFO  server.RaftServerConfigKeys (ConfUtils.java:logGet(46)) - raft.server.log.force.sync.num = 128 (default)
2025-04-23 04:29:16,970 [omNode-1-impl-thread1] INFO  server.RaftServerConfigKeys (ConfUtils.java:logGet(46)) - raft.server.log.statemachine.data.sync = true (default)
2025-04-23 04:29:16,970 [omNode-1-impl-thread1] INFO  server.RaftServerConfigKeys (ConfUtils.java:logGet(46)) - raft.server.log.statemachine.data.sync.timeout = 10s (default)
2025-04-23 04:29:16,970 [omNode-1-impl-thread1] INFO  server.RaftServerConfigKeys (ConfUtils.java:logGet(46)) - raft.server.log.statemachine.data.sync.timeout.retry = -1 (default)
2025-04-23 04:29:16,970 [omNode-1-impl-thread1] INFO  server.RaftServerConfigKeys (ConfUtils.java:logGet(46)) - raft.server.log.write.buffer.size = 4194312 (custom)
2025-04-23 04:29:16,970 [omNode-1-impl-thread1] INFO  server.RaftServerConfigKeys (ConfUtils.java:logGet(46)) - raft.server.log.appender.buffer.byte-limit = 4194304 (custom)
2025-04-23 04:29:16,970 [omNode-1-impl-thread1] INFO  server.RaftServerConfigKeys (ConfUtils.java:logGet(46)) - raft.server.log.unsafe-flush.enabled = false (default)
2025-04-23 04:29:16,970 [omNode-1-impl-thread1] INFO  server.RaftServerConfigKeys (ConfUtils.java:logGet(46)) - raft.server.log.async-flush.enabled = false (default)
2025-04-23 04:29:16,970 [omNode-1-impl-thread1] INFO  server.RaftServerConfigKeys (ConfUtils.java:logGet(46)) - raft.server.log.statemachine.data.caching.enabled = false (default)
2025-04-23 04:29:16,971 [omNode-1-impl-thread1] INFO  server.RaftServer$Division (ServerState.java:setRaftConf(386)) - omNode-1@group-523986131536: set configuration conf: {index: 311, cur=peers:[omNode-3|localhost:15017, omNode-1|localhost:15009, omNode-2|localhost:15013]|listeners:[], old=null}
2025-04-23 04:29:16,971 [omNode-1-impl-thread1] INFO  segmented.LogSegment (LogSegment.java:loadSegment(171)) - Successfully read 2 entries from segment file /home/runner/work/ozone/ozone/hadoop-ozone/integration-test/target/test-dir/MiniOzoneClusterImpl-ff59c164-3798-4a7f-a16d-eeed9ffb3244/omNode-1/ratis/c9bc4cf4-3bc3-3c60-a66b-523986131536/current/log_311-312
2025-04-23 04:29:16,971 [omNode-1-impl-thread1] INFO  server.RaftServer$Division (ServerState.java:setRaftConf(386)) - omNode-1@group-523986131536: set configuration conf: {index: 313, cur=peers:[omNode-3|localhost:15017, omNode-1|localhost:15009, omNode-2|localhost:15013]|listeners:[], old=null}
2025-04-23 04:29:16,971 [omNode-1-impl-thread1] INFO  segmented.LogSegment (LogSegment.java:loadSegment(171)) - Successfully read 12 entries from segment file /home/runner/work/ozone/ozone/hadoop-ozone/integration-test/target/test-dir/MiniOzoneClusterImpl-ff59c164-3798-4a7f-a16d-eeed9ffb3244/omNode-1/ratis/c9bc4cf4-3bc3-3c60-a66b-523986131536/current/log_313-324
2025-04-23 04:29:16,971 [omNode-1-impl-thread1] INFO  server.RaftServer$Division (ServerState.java:setRaftConf(386)) - omNode-1@group-523986131536: set configuration conf: {index: 325, cur=peers:[omNode-3|localhost:15017, omNode-1|localhost:15009, omNode-2|localhost:15013]|listeners:[], old=null}
2025-04-23 04:29:16,972 [omNode-1-impl-thread1] INFO  segmented.LogSegment (LogSegment.java:loadSegment(171)) - Successfully read 12 entries from segment file /home/runner/work/ozone/ozone/hadoop-ozone/integration-test/target/test-dir/MiniOzoneClusterImpl-ff59c164-3798-4a7f-a16d-eeed9ffb3244/omNode-1/ratis/c9bc4cf4-3bc3-3c60-a66b-523986131536/current/log_325-336
2025-04-23 04:29:16,972 [omNode-1-impl-thread1] INFO  server.RaftServer$Division (ServerState.java:setRaftConf(386)) - omNode-1@group-523986131536: set configuration conf: {index: 337, cur=peers:[omNode-3|localhost:15017, omNode-1|localhost:15009, omNode-2|localhost:15013]|listeners:[], old=null}
2025-04-23 04:29:16,972 [omNode-1-impl-thread1] INFO  segmented.LogSegment (LogSegment.java:loadSegment(171)) - Successfully read 2 entries from segment file /home/runner/work/ozone/ozone/hadoop-ozone/integration-test/target/test-dir/MiniOzoneClusterImpl-ff59c164-3798-4a7f-a16d-eeed9ffb3244/omNode-1/ratis/c9bc4cf4-3bc3-3c60-a66b-523986131536/current/log_337-338
2025-04-23 04:29:16,972 [omNode-1-impl-thread1] INFO  server.RaftServer$Division (ServerState.java:setRaftConf(386)) - omNode-1@group-523986131536: set configuration conf: {index: 339, cur=peers:[omNode-3|localhost:15017, omNode-1|localhost:15009, omNode-2|localhost:15013]|listeners:[], old=null}
2025-04-23 04:29:16,972 [omNode-1-impl-thread1] INFO  segmented.LogSegment (LogSegment.java:loadSegment(171)) - Successfully read 2 entries from segment file /home/runner/work/ozone/ozone/hadoop-ozone/integration-test/target/test-dir/MiniOzoneClusterImpl-ff59c164-3798-4a7f-a16d-eeed9ffb3244/omNode-1/ratis/c9bc4cf4-3bc3-3c60-a66b-523986131536/current/log_inprogress_339
2025-04-23 04:29:16,972 [omNode-1-impl-thread1] INFO  segmented.SegmentedRaftLogWorker (SegmentedRaftLogWorker.java:lambda$new$0(139)) - omNode-1@group-523986131536-SegmentedRaftLogWorker: flushIndex: setUnconditionally 0 -> 340
2025-04-23 04:29:16,972 [omNode-1-impl-thread1] INFO  segmented.SegmentedRaftLogWorker (SegmentedRaftLogWorker.java:lambda$new$0(139)) - omNode-1@group-523986131536-SegmentedRaftLogWorker: safeCacheEvictIndex: setUnconditionally 0 -> 338
2025-04-23 04:29:16,972 [omNode-1-impl-thread1] INFO  segmented.BufferedWriteChannel (BufferedWriteChannel.java:open(61)) - open log_inprogress_339 (append) at position 128
2025-04-23 04:29:16,973 [omNode-1-impl-thread1] INFO  raftlog.RaftLog (RaftLogBase.java:lambda$new$0(54)) - omNode-1@group-523986131536-SegmentedRaftLog: purgeIndex: updateToMax old=-1, new=310, updated? true
2025-04-23 04:29:16,973 [omNode-1-impl-thread1] INFO  server.RaftServer$Division (RaftServerImpl.java:start(391)) - omNode-1@group-523986131536: start as a follower, conf=conf: {index: 339, cur=peers:[omNode-3|localhost:15017, omNode-1|localhost:15009, omNode-2|localhost:15013]|listeners:[], old=null}
2025-04-23 04:29:16,973 [omNode-1-impl-thread1] INFO  server.RaftServer$Division (RaftServerImpl.java:setRole(378)) - omNode-1@group-523986131536: changes role from      null to FOLLOWER at term 17 for startAsFollower
2025-04-23 04:29:16,973 [omNode-1-impl-thread1] INFO  impl.RoleInfo (RoleInfo.java:updateAndGet(148)) - omNode-1: start omNode-1@group-523986131536-FollowerState
2025-04-23 04:29:16,973 [omNode-1-impl-thread1] INFO  util.JmxRegister (JmxRegister.java:tryRegister(44)) - Successfully registered JMX Bean with object name Ratis:service=RaftServer,group=group-523986131536,id=omNode-1
2025-04-23 04:29:16,973 [omNode-1@group-523986131536-FollowerState] INFO  server.RaftServerConfigKeys (ConfUtils.java:logFallback(53)) - raft.server.rpc.first-election.timeout.min = 1s (fallback to raft.server.rpc.timeout.min)
2025-04-23 04:29:16,973 [omNode-1-impl-thread1] INFO  util.JmxRegister (JmxRegister.java:register(58)) - register mxBean class org.apache.ratis.server.impl.RaftServerJmxAdapter as Ratis:service=RaftServer,group=group-523986131536,id=omNode-1
2025-04-23 04:29:16,973 [omNode-1@group-523986131536-FollowerState] INFO  server.RaftServerConfigKeys (ConfUtils.java:logFallback(53)) - raft.server.rpc.first-election.timeout.max = 1200ms (fallback to raft.server.rpc.timeout.max)
2025-04-23 04:29:16,973 [omNode-1-impl-thread1] INFO  server.RaftServerConfigKeys (ConfUtils.java:logGet(46)) - raft.server.snapshot.trigger-when-stop.enabled = true (default)
2025-04-23 04:29:16,973 [omNode-1-impl-thread1] INFO  server.RaftServerConfigKeys (ConfUtils.java:logGet(46)) - raft.server.snapshot.trigger-when-remove.enabled = true (default)
2025-04-23 04:29:16,973 [omNode-1-impl-thread1] INFO  server.RaftServerConfigKeys (ConfUtils.java:logGet(46)) - raft.server.snapshot.auto.trigger.enabled = true (custom)
2025-04-23 04:29:16,973 [omNode-1-impl-thread1] INFO  server.RaftServerConfigKeys (ConfUtils.java:logGet(46)) - raft.server.snapshot.auto.trigger.threshold = 50 (custom)
2025-04-23 04:29:16,973 [omNode-1-impl-thread1] INFO  server.RaftServerConfigKeys (ConfUtils.java:logGet(46)) - raft.server.snapshot.retention.file.num = -1 (default)
2025-04-23 04:29:16,973 [omNode-1-impl-thread1] INFO  server.RaftServerConfigKeys (ConfUtils.java:logGet(46)) - raft.server.log.purge.upto.snapshot.index = true (custom)
2025-04-23 04:29:16,974 [omNode-1-impl-thread1] INFO  server.RaftServer$Division (RaftServerImpl.java:start(405)) - omNode-1@group-523986131536: Successfully started.
2025-04-23 04:29:16,974 [main] INFO  server.RaftServer (RaftServerProxy.java:startImpl(407)) - omNode-1: start RPC server
2025-04-23 04:29:16,974 [main] INFO  server.GrpcService (GrpcService.java:startImpl(334)) - omNode-1: GrpcService started, listening on 15009
2025-04-23 04:29:16,975 [main] INFO  om.OzoneManager (OzoneManager.java:getRpcServer(1360)) - Creating RPC Server
2025-04-23 04:29:16,975 [JvmPauseMonitor39] INFO  util.JvmPauseMonitor (JvmPauseMonitor.java:run(146)) - JvmPauseMonitor-omNode-1: Started
2025-04-23 04:29:17,346 [main] INFO  reflections.Reflections (Reflections.java:scan(219)) - Reflections took 371 ms to scan 22 urls, producing 61 keys and 7422 values
2025-04-23 04:29:17,347 [main] INFO  ipc.CallQueueManager (CallQueueManager.java:<init>(93)) - Using callQueue: class java.util.concurrent.LinkedBlockingQueue, queueCapacity: 2000, scheduler: class org.apache.hadoop.ipc.DefaultRpcScheduler, ipcBackoff: false, ipcFailOver: false.
2025-04-23 04:29:17,348 [main] INFO  ipc.Server (Server.java:<init>(1438)) - Listener at localhost:15006
2025-04-23 04:29:17,348 [Socket Reader #1 for port 15006] INFO  ipc.Server (Server.java:run(1474)) - Starting Socket Reader #1 for port 15006
2025-04-23 04:29:17,348 [Socket Reader #2 for port 15006] INFO  ipc.Server (Server.java:run(1474)) - Starting Socket Reader #2 for port 15006
2025-04-23 04:29:17,348 [Socket Reader #3 for port 15006] INFO  ipc.Server (Server.java:run(1474)) - Starting Socket Reader #3 for port 15006
2025-04-23 04:29:17,348 [Socket Reader #4 for port 15006] INFO  ipc.Server (Server.java:run(1474)) - Starting Socket Reader #4 for port 15006
2025-04-23 04:29:17,349 [Socket Reader #5 for port 15006] INFO  ipc.Server (Server.java:run(1474)) - Starting Socket Reader #5 for port 15006
2025-04-23 04:29:17,349 [Socket Reader #6 for port 15006] INFO  ipc.Server (Server.java:run(1474)) - Starting Socket Reader #6 for port 15006
2025-04-23 04:29:17,349 [Socket Reader #7 for port 15006] INFO  ipc.Server (Server.java:run(1474)) - Starting Socket Reader #7 for port 15006
2025-04-23 04:29:17,349 [Socket Reader #8 for port 15006] INFO  ipc.Server (Server.java:run(1474)) - Starting Socket Reader #8 for port 15006
2025-04-23 04:29:17,349 [Socket Reader #9 for port 15006] INFO  ipc.Server (Server.java:run(1474)) - Starting Socket Reader #9 for port 15006
2025-04-23 04:29:17,349 [Socket Reader #10 for port 15006] INFO  ipc.Server (Server.java:run(1474)) - Starting Socket Reader #10 for port 15006
2025-04-23 04:29:17,351 [main] INFO  http.BaseHttpServer (BaseHttpServer.java:newHttpServer2BuilderForOzone(229)) - Starting Web-server for ozoneManager at: http://0.0.0.0:15007
2025-04-23 04:29:17,351 [main] INFO  http.BaseHttpServer (BaseHttpServer.java:<init>(107)) - Hadoop Security Enabled: false Ozone Security Enabled: false Ozone HTTP Security Enabled: false 
2025-04-23 04:29:17,352 [main] WARN  server.AuthenticationFilter (AuthenticationFilter.java:constructSecretProvider(240)) - Unable to initialize FileSignerSecretProvider, falling back to use random secrets. Reason: Could not read signature secret file: /home/runner/hadoop-http-auth-signature-secret
2025-04-23 04:29:17,353 [main] INFO  http.HttpServer2 (HttpServer2.java:addGlobalFilter(1041)) - Added global filter 'safety' (class=org.apache.hadoop.hdds.server.http.HttpServer2$QuotingInputFilter)
2025-04-23 04:29:17,353 [main] INFO  http.HttpServer2 (HttpServer2.java:addFilter(1017)) - Added filter static_user_filter (class=org.apache.hadoop.http.lib.StaticUserWebFilter$StaticUserFilter) to context ozoneManager
2025-04-23 04:29:17,354 [main] INFO  http.HttpServer2 (HttpServer2.java:addFilter(1025)) - Added filter static_user_filter (class=org.apache.hadoop.http.lib.StaticUserWebFilter$StaticUserFilter) to context static
2025-04-23 04:29:17,354 [main] INFO  http.HttpServer2 (HttpServer2.java:addFilter(1025)) - Added filter static_user_filter (class=org.apache.hadoop.http.lib.StaticUserWebFilter$StaticUserFilter) to context logs
2025-04-23 04:29:17,354 [main] INFO  http.BaseHttpServer (BaseHttpServer.java:<init>(195)) - HTTP server of ozoneManager uses base directory /home/runner/work/ozone/ozone/hadoop-ozone/integration-test/target/test-dir/MiniOzoneClusterImpl-ff59c164-3798-4a7f-a16d-eeed9ffb3244/omNode-1/webserver
2025-04-23 04:29:17,354 [main] INFO  http.HttpServer2 (HttpServer2.java:bindListener(1241)) - Jetty bound to port 15007
2025-04-23 04:29:17,354 [main] INFO  server.Server (Server.java:doStart(375)) - jetty-9.4.57.v20241219; built: 2025-01-08T21:24:30.412Z; git: df524e6b29271c2e09ba9aea83c18dc9db464a31; jvm 21.0.7+6-LTS
2025-04-23 04:29:17,355 [main] INFO  server.session (DefaultSessionIdManager.java:doStart(334)) - DefaultSessionIdManager workerName=node0
2025-04-23 04:29:17,355 [main] INFO  server.session (DefaultSessionIdManager.java:doStart(339)) - No SessionScavenger set, using defaults
2025-04-23 04:29:17,356 [main] INFO  server.session (HouseKeeper.java:startScavenging(132)) - node0 Scavenging every 660000ms
2025-04-23 04:29:17,356 [main] INFO  handler.ContextHandler (ContextHandler.java:doStart(921)) - Started o.e.j.s.ServletContextHandler@15944f1a{logs,/logs,file:///home/runner/work/ozone/ozone/hadoop-ozone/integration-test/target/log,AVAILABLE}
2025-04-23 04:29:17,356 [main] INFO  handler.ContextHandler (ContextHandler.java:doStart(921)) - Started o.e.j.s.ServletContextHandler@369b778a{static,/static,file:///home/runner/work/ozone/ozone/hadoop-ozone/integration-test/target/test-classes/webapps/static,AVAILABLE}
2025-04-23 04:29:17,360 [main] INFO  handler.ContextHandler (ContextHandler.java:doStart(921)) - Started o.e.j.w.WebAppContext@1959747{ozoneManager,/,file:///home/runner/work/ozone/ozone/hadoop-ozone/integration-test/target/test-classes/webapps/ozoneManager/,AVAILABLE}{file:/home/runner/work/ozone/ozone/hadoop-ozone/integration-test/target/test-classes/webapps/ozoneManager}
2025-04-23 04:29:17,360 [main] INFO  server.AbstractConnector (AbstractConnector.java:doStart(333)) - Started ServerConnector@3dc21cfb{HTTP/1.1, (http/1.1)}{0.0.0.0:15007}
2025-04-23 04:29:17,360 [main] INFO  server.Server (Server.java:doStart(415)) - Started @160779ms
2025-04-23 04:29:17,360 [main] WARN  impl.MetricsSystemImpl (MetricsSystemImpl.java:register(279)) - Sink prometheus already exists!
2025-04-23 04:29:17,361 [main] INFO  http.BaseHttpServer (BaseHttpServer.java:updateConnectorAddress(360)) - HTTP server of ozoneManager listening at http://0.0.0.0:15007
2025-04-23 04:29:17,361 [IPC Server Responder] INFO  ipc.Server (Server.java:run(1713)) - IPC Server Responder: starting
2025-04-23 04:29:17,361 [IPC Server listener on 15006] INFO  ipc.Server (Server.java:run(1553)) - IPC Server listener on 15006: starting
2025-04-23 04:29:17,363 [main] INFO  om.OzoneManager (OzoneManager.java:startTrashEmptier(2257)) - Trash Interval set to 0. Files deleted won't move to trash
2025-04-23 04:29:17,363 [main] INFO  om.OzoneManager (OzoneManager.java:restart(1878)) - OzoneManager RPC server is listening at localhost/127.0.0.1:15010
2025-04-23 04:29:17,364 [main] INFO  impl.MetricsSystemImpl (MetricsSystemImpl.java:init(158)) - OzoneManager metrics system started (again)
2025-04-23 04:29:17,374 [main] WARN  server.ServerUtils (ServerUtils.java:getDBPath(297)) - ozone.om.db.dirs is not configured. We recommend adding this setting. Falling back to ozone.metadata.dirs instead.
2025-04-23 04:29:17,419 [main] INFO  om.OzoneManager (OzoneManager.java:instantiateServices(933)) - S3 Multi-Tenancy is disabled
2025-04-23 04:29:17,419 [main] INFO  om.OmSnapshotManager (OmSnapshotManager.java:<init>(180)) - Ozone filesystem snapshot feature is enabled.
2025-04-23 04:29:17,419 [main] WARN  server.ServerUtils (ServerUtils.java:getDBPath(297)) - ozone.om.snapshot.diff.db.dir is not configured. We recommend adding this setting. Falling back to ozone.metadata.dirs instead.
2025-04-23 04:29:17,434 [main] WARN  dropwizard3.Dm3MetricRegistriesImpl (Dm3MetricRegistriesImpl.java:addReporterRegistration(114)) - New reporters are added after registries were created. Some metrics will be missing from the reporter. Please add reporter before adding any new registry.
2025-04-23 04:29:17,434 [main] WARN  dropwizard3.Dm3MetricRegistriesImpl (Dm3MetricRegistriesImpl.java:addReporterRegistration(114)) - New reporters are added after registries were created. Some metrics will be missing from the reporter. Please add reporter before adding any new registry.
2025-04-23 04:29:17,435 [main] WARN  server.ServerUtils (ServerUtils.java:getDefaultRatisDirectory(309)) - Storage directory for Ratis is not configured. It is a good idea to map this to an SSD disk. Falling back to ozone.metadata.dirs
2025-04-23 04:29:17,435 [main] INFO  server.RaftServerConfigKeys (ConfUtils.java:logGet(46)) - raft.server.log.appender.buffer.byte-limit = 4194304 (custom)
2025-04-23 04:29:17,436 [main] INFO  ratis.OzoneManagerRatisServer (OzoneManagerRatisServer.java:<init>(167)) - Instantiating OM Ratis server with groupID: om-service-test1 and peers: localhost:15013, localhost:15017, localhost:15009
2025-04-23 04:29:17,436 [main] INFO  ratis.OzoneManagerStateMachine (OzoneManagerStateMachine.java:loadSnapshotInfoFromDB(611)) - LastAppliedIndex is set from TransactionInfo from OM DB as (t:18, i:348)
2025-04-23 04:29:17,436 [main] INFO  server.RaftServer (ConfUtils.java:logGet(46)) - raft.rpc.type = GRPC (default)
2025-04-23 04:29:17,437 [main] INFO  grpc.GrpcConfigKeys (ConfUtils.java:logFallback(53)) - raft.grpc.admin.host = null (fallback to raft.grpc.server.host)
2025-04-23 04:29:17,437 [main] INFO  grpc.GrpcConfigKeys (ConfUtils.java:logFallback(53)) - raft.grpc.admin.port = 15013 (fallback to raft.grpc.server.port)
2025-04-23 04:29:17,437 [main] INFO  grpc.GrpcConfigKeys (ConfUtils.java:logFallback(53)) - raft.grpc.client.host = null (fallback to raft.grpc.server.host)
2025-04-23 04:29:17,437 [main] INFO  grpc.GrpcConfigKeys (ConfUtils.java:logFallback(53)) - raft.grpc.client.port = 15013 (fallback to raft.grpc.server.port)
2025-04-23 04:29:17,437 [main] INFO  grpc.GrpcConfigKeys (ConfUtils.java:logGet(46)) - raft.grpc.server.host = null (default)
2025-04-23 04:29:17,437 [main] INFO  grpc.GrpcConfigKeys (ConfUtils.java:logGet(46)) - raft.grpc.server.port = 15013 (custom)
2025-04-23 04:29:17,437 [main] INFO  server.GrpcService (ConfUtils.java:logGet(46)) - raft.grpc.message.size.max = 5242880 (custom)
2025-04-23 04:29:17,437 [main] INFO  server.GrpcService (ConfUtils.java:logGet(46)) - raft.grpc.flow.control.window = 1MB (=1048576) (default)
2025-04-23 04:29:17,437 [main] INFO  server.RaftServerConfigKeys (ConfUtils.java:logGet(46)) - raft.server.rpc.request.timeout = 3000ms (default)
2025-04-23 04:29:17,437 [main] INFO  grpc.GrpcConfigKeys (ConfUtils.java:logGet(46)) - raft.grpc.server.heartbeat.channel = true (default)
2025-04-23 04:29:17,437 [main] INFO  server.RaftServerConfigKeys (ConfUtils.java:logGet(46)) - raft.server.log.appender.buffer.byte-limit = 4194304 (custom)
2025-04-23 04:29:17,437 [main] INFO  grpc.GrpcConfigKeys (ConfUtils.java:logGet(46)) - raft.grpc.server.async.request.thread.pool.cached = true (default)
2025-04-23 04:29:17,437 [main] INFO  grpc.GrpcConfigKeys (ConfUtils.java:logGet(46)) - raft.grpc.server.async.request.thread.pool.size = 32 (default)
2025-04-23 04:29:17,438 [main] INFO  impl.DataStreamServerImpl (ConfUtils.java:logGet(46)) - raft.datastream.type = DISABLED (default)
2025-04-23 04:29:17,438 [main] INFO  server.RaftServerConfigKeys (ConfUtils.java:logGet(46)) - raft.server.sleep.deviation.threshold = 300ms (default)
2025-04-23 04:29:17,438 [main] INFO  server.RaftServerConfigKeys (ConfUtils.java:logGet(46)) - raft.server.close.threshold = 60s (default)
2025-04-23 04:29:17,438 [main] INFO  server.RaftServerConfigKeys (ConfUtils.java:logGet(46)) - raft.server.leaderelection.leader.step-down.wait-time = 10s (default)
2025-04-23 04:29:17,438 [main] INFO  server.RaftServerConfigKeys (ConfUtils.java:logGet(46)) - raft.server.storage.dir = [/home/runner/work/ozone/ozone/hadoop-ozone/integration-test/target/test-dir/MiniOzoneClusterImpl-ff59c164-3798-4a7f-a16d-eeed9ffb3244/omNode-2/ratis] (custom)
2025-04-23 04:29:17,439 [main] INFO  server.RaftServerConfigKeys (ConfUtils.java:logGet(46)) - raft.server.threadpool.proxy.cached = true (default)
2025-04-23 04:29:17,439 [main] INFO  server.RaftServerConfigKeys (ConfUtils.java:logGet(46)) - raft.server.threadpool.proxy.size = 0 (default)
2025-04-23 04:29:17,439 [omNode-2-impl-thread1] INFO  server.RaftServer (RaftServerProxy.java:initGroupDir(265)) - omNode-2: found a subdirectory /home/runner/work/ozone/ozone/hadoop-ozone/integration-test/target/test-dir/MiniOzoneClusterImpl-ff59c164-3798-4a7f-a16d-eeed9ffb3244/omNode-2/ratis/c9bc4cf4-3bc3-3c60-a66b-523986131536
2025-04-23 04:29:17,439 [main] INFO  server.RaftServer (RaftServerProxy.java:addNew(100)) - omNode-2: addNew group-523986131536:[omNode-3|localhost:15017, omNode-1|localhost:15009, omNode-2|localhost:15013] returns group-523986131536:java.util.concurrent.CompletableFuture@60bf6f8c[Not completed]
2025-04-23 04:29:17,439 [main] INFO  om.OzoneManager (OzoneManager.java:initializeRatisServer(2303)) - OzoneManager Ratis server initialized at port 15013
2025-04-23 04:29:17,440 [main] INFO  ratis.OzoneManagerRatisServer (OzoneManagerRatisServer.java:start(628)) - Starting OzoneManagerRatisServer omNode-2 at port 15013
2025-04-23 04:29:17,439 [omNode-2-groupManagement] INFO  server.RaftServer$Division (RaftServerImpl.java:<init>(255)) - omNode-2: new RaftServerImpl for group-523986131536:[omNode-3|localhost:15017, omNode-1|localhost:15009, omNode-2|localhost:15013] with OzoneManagerStateMachine:uninitialized
2025-04-23 04:29:17,440 [omNode-2-groupManagement] INFO  server.RaftServerConfigKeys (ConfUtils.java:logGet(46)) - raft.server.rpc.timeout.min = 1s (custom)
2025-04-23 04:29:17,440 [omNode-2-groupManagement] INFO  server.RaftServerConfigKeys (ConfUtils.java:logGet(46)) - raft.server.rpc.timeout.max = 1200ms (custom)
2025-04-23 04:29:17,440 [omNode-2-groupManagement] INFO  server.RaftServerConfigKeys (ConfUtils.java:logGet(46)) - raft.server.rpc.sleep.time = 25ms (default)
2025-04-23 04:29:17,440 [omNode-2-groupManagement] INFO  server.RaftServerConfigKeys (ConfUtils.java:logGet(46)) - raft.server.rpc.slowness.timeout = 2s (custom)
2025-04-23 04:29:17,440 [omNode-2-groupManagement] INFO  server.RaftServerConfigKeys (ConfUtils.java:logGet(46)) - raft.server.leaderelection.leader.step-down.wait-time = 10s (default)
2025-04-23 04:29:17,440 [omNode-2-groupManagement] INFO  server.RaftServerConfigKeys (ConfUtils.java:logGet(46)) - raft.server.leaderelection.member.majority-add = false (default)
2025-04-23 04:29:17,440 [omNode-2-groupManagement] INFO  server.RaftServerConfigKeys (ConfUtils.java:logGet(46)) - raft.server.sleep.deviation.threshold = 300ms (default)
2025-04-23 04:29:17,440 [omNode-2-groupManagement] INFO  server.RaftServer$Division (ServerState.java:<init>(114)) - omNode-2@group-523986131536: ConfigurationManager, init=conf: {index: -1, cur=peers:[omNode-3|localhost:15017, omNode-1|localhost:15009, omNode-2|localhost:15013]|listeners:[], old=null}, confs=<EMPTY_MAP>
2025-04-23 04:29:17,440 [omNode-2-groupManagement] INFO  server.RaftServerConfigKeys (ConfUtils.java:logGet(46)) - raft.server.notification.no-leader.timeout = 2s (custom)
2025-04-23 04:29:17,440 [omNode-2-groupManagement] INFO  server.RaftServerConfigKeys (ConfUtils.java:logGet(46)) - raft.server.read.timeout = 10s (default)
2025-04-23 04:29:17,440 [omNode-2-groupManagement] INFO  server.RaftServerConfigKeys (ConfUtils.java:logGet(46)) - raft.server.retrycache.expirytime = 30000ms (custom)
2025-04-23 04:29:17,440 [omNode-2-groupManagement] INFO  server.RaftServerConfigKeys (ConfUtils.java:logGet(46)) - raft.server.retrycache.statistics.expirytime = 100ms (default)
2025-04-23 04:29:17,440 [omNode-2-groupManagement] INFO  server.RaftServerConfigKeys (ConfUtils.java:logGet(46)) - raft.server.read.option = DEFAULT (default)
2025-04-23 04:29:17,440 [omNode-2-groupManagement] INFO  server.RaftServerConfigKeys (ConfUtils.java:logGet(46)) - raft.server.read.read-after-write-consistent.write-index-cache.expiry-time = 60s (default)
2025-04-23 04:29:17,443 [omNode-2-groupManagement] INFO  server.RaftServerConfigKeys (ConfUtils.java:logGet(46)) - raft.server.rpc.request.timeout = 3000ms (default)
2025-04-23 04:29:17,443 [omNode-2-groupManagement] INFO  server.RaftServerConfigKeys (ConfUtils.java:logGet(46)) - raft.server.log.appender.install.snapshot.enabled = false (custom)
2025-04-23 04:29:17,443 [omNode-2-groupManagement] INFO  server.RaftServerConfigKeys (ConfUtils.java:logGet(46)) - raft.server.threadpool.server.cached = true (default)
2025-04-23 04:29:17,443 [omNode-2-groupManagement] INFO  server.RaftServerConfigKeys (ConfUtils.java:logGet(46)) - raft.server.threadpool.server.size = 0 (default)
2025-04-23 04:29:17,443 [omNode-2-groupManagement] INFO  server.RaftServerConfigKeys (ConfUtils.java:logGet(46)) - raft.server.threadpool.client.cached = true (default)
2025-04-23 04:29:17,443 [omNode-2-groupManagement] INFO  server.RaftServerConfigKeys (ConfUtils.java:logGet(46)) - raft.server.threadpool.client.size = 0 (default)
2025-04-23 04:29:17,443 [omNode-2-impl-thread1] INFO  server.RaftServerConfigKeys (ConfUtils.java:logGet(46)) - raft.server.storage.free-space.min = 0MB (=0) (default)
2025-04-23 04:29:17,443 [omNode-2-impl-thread1] INFO  server.RaftServerConfigKeys (ConfUtils.java:logGet(46)) - raft.server.log.corruption.policy = EXCEPTION (default)
2025-04-23 04:29:17,443 [omNode-2-impl-thread1] INFO  server.RaftServerConfigKeys (ConfUtils.java:logGet(46)) - raft.server.storage.dir = [/home/runner/work/ozone/ozone/hadoop-ozone/integration-test/target/test-dir/MiniOzoneClusterImpl-ff59c164-3798-4a7f-a16d-eeed9ffb3244/omNode-2/ratis] (custom)
2025-04-23 04:29:17,444 [omNode-2-impl-thread1] INFO  storage.RaftStorageDirectory (RaftStorageDirectoryImpl.java:tryLock(229)) - Lock on /home/runner/work/ozone/ozone/hadoop-ozone/integration-test/target/test-dir/MiniOzoneClusterImpl-ff59c164-3798-4a7f-a16d-eeed9ffb3244/omNode-2/ratis/c9bc4cf4-3bc3-3c60-a66b-523986131536/in_use.lock acquired by nodename 129558@fv-az1441-587
2025-04-23 04:29:17,444 [omNode-2-impl-thread1] INFO  storage.RaftStorage (RaftStorageImpl.java:analyzeAndRecoverStorage(118)) - Read RaftStorageMetadata{term=18, votedFor=omNode-2} from /home/runner/work/ozone/ozone/hadoop-ozone/integration-test/target/test-dir/MiniOzoneClusterImpl-ff59c164-3798-4a7f-a16d-eeed9ffb3244/omNode-2/ratis/c9bc4cf4-3bc3-3c60-a66b-523986131536/current/raft-meta
2025-04-23 04:29:17,445 [omNode-2-impl-thread1] INFO  server.RaftServer$Division (ServerState.java:setRaftConf(386)) - omNode-2@group-523986131536: set configuration conf: {index: 341, cur=peers:[omNode-3|localhost:15017, omNode-1|localhost:15009, omNode-2|localhost:15013]|listeners:[], old=null}
2025-04-23 04:29:17,445 [omNode-2-impl-thread1] INFO  ratis.OzoneManagerStateMachine (OzoneManagerStateMachine.java:lambda$0(138)) - omNode-2: initialize group-523986131536 with (t:18, i:348)
2025-04-23 04:29:17,445 [omNode-2-impl-thread1] INFO  server.RaftServerConfigKeys (ConfUtils.java:logGet(46)) - raft.server.log.use.memory = false (default)
2025-04-23 04:29:17,445 [omNode-2-impl-thread1] INFO  server.RaftServerConfigKeys (ConfUtils.java:logGet(46)) - raft.server.log.purge.gap = 50 (custom)
2025-04-23 04:29:17,445 [omNode-2-impl-thread1] INFO  server.RaftServerConfigKeys (ConfUtils.java:logGet(46)) - raft.server.log.appender.buffer.byte-limit = 4194304 (custom)
2025-04-23 04:29:17,445 [omNode-2-impl-thread1] INFO  server.RaftServerConfigKeys (ConfUtils.java:logGet(46)) - raft.server.log.statemachine.data.read.timeout = 1000ms (default)
2025-04-23 04:29:17,445 [omNode-2-impl-thread1] INFO  server.RaftServerConfigKeys (ConfUtils.java:logGet(46)) - raft.server.log.purge.preservation.log.num = 0 (default)
2025-04-23 04:29:17,446 [omNode-2-impl-thread1] INFO  server.RaftServerConfigKeys (ConfUtils.java:logGet(46)) - raft.server.log.segment.size.max = 4194304 (custom)
2025-04-23 04:29:17,446 [omNode-2-impl-thread1] INFO  server.RaftServerConfigKeys (ConfUtils.java:logGet(46)) - raft.server.log.segment.cache.num.max = 2 (custom)
2025-04-23 04:29:17,446 [omNode-2-impl-thread1] INFO  server.RaftServerConfigKeys (ConfUtils.java:logGet(46)) - raft.server.log.segment.cache.size.max = 200MB (=209715200) (default)
2025-04-23 04:29:17,446 [omNode-2-impl-thread1] INFO  server.RaftServerConfigKeys (ConfUtils.java:logGet(46)) - raft.server.log.appender.buffer.byte-limit = 4194304 (custom)
2025-04-23 04:29:17,446 [omNode-2-impl-thread1] INFO  util.AwaitToRun (AwaitToRun.java:start(81)) - Thread[#7624,omNode-2@group-523986131536-cacheEviction-AwaitToRun,5,main] started
2025-04-23 04:29:17,446 [omNode-2-impl-thread1] INFO  segmented.SegmentedRaftLogWorker (SegmentedRaftLogWorker.java:<init>(188)) - new omNode-2@group-523986131536-SegmentedRaftLogWorker for RaftStorageImpl:Storage Directory /home/runner/work/ozone/ozone/hadoop-ozone/integration-test/target/test-dir/MiniOzoneClusterImpl-ff59c164-3798-4a7f-a16d-eeed9ffb3244/omNode-2/ratis/c9bc4cf4-3bc3-3c60-a66b-523986131536
2025-04-23 04:29:17,446 [omNode-2-impl-thread1] INFO  server.RaftServerConfigKeys (ConfUtils.java:logGet(46)) - raft.server.log.queue.byte-limit = 64MB (=67108864) (default)
2025-04-23 04:29:17,446 [omNode-2-impl-thread1] INFO  server.RaftServerConfigKeys (ConfUtils.java:logGet(46)) - raft.server.log.queue.element-limit = 4096 (default)
2025-04-23 04:29:17,446 [omNode-2-impl-thread1] INFO  server.RaftServerConfigKeys (ConfUtils.java:logGet(46)) - raft.server.log.segment.size.max = 4194304 (custom)
2025-04-23 04:29:17,446 [omNode-2-impl-thread1] INFO  server.RaftServerConfigKeys (ConfUtils.java:logGet(46)) - raft.server.log.preallocated.size = 4194304 (custom)
2025-04-23 04:29:17,446 [omNode-2-impl-thread1] INFO  server.RaftServerConfigKeys (ConfUtils.java:logGet(46)) - raft.server.log.force.sync.num = 128 (default)
2025-04-23 04:29:17,446 [omNode-2-impl-thread1] INFO  server.RaftServerConfigKeys (ConfUtils.java:logGet(46)) - raft.server.log.statemachine.data.sync = true (default)
2025-04-23 04:29:17,447 [omNode-2-impl-thread1] INFO  server.RaftServerConfigKeys (ConfUtils.java:logGet(46)) - raft.server.log.statemachine.data.sync.timeout = 10s (default)
2025-04-23 04:29:17,447 [omNode-2-impl-thread1] INFO  server.RaftServerConfigKeys (ConfUtils.java:logGet(46)) - raft.server.log.statemachine.data.sync.timeout.retry = -1 (default)
2025-04-23 04:29:17,447 [omNode-2-impl-thread1] INFO  server.RaftServerConfigKeys (ConfUtils.java:logGet(46)) - raft.server.log.write.buffer.size = 4194312 (custom)
2025-04-23 04:29:17,447 [omNode-2-impl-thread1] INFO  server.RaftServerConfigKeys (ConfUtils.java:logGet(46)) - raft.server.log.appender.buffer.byte-limit = 4194304 (custom)
2025-04-23 04:29:17,447 [omNode-2-impl-thread1] INFO  server.RaftServerConfigKeys (ConfUtils.java:logGet(46)) - raft.server.log.unsafe-flush.enabled = false (default)
2025-04-23 04:29:17,447 [omNode-2-impl-thread1] INFO  server.RaftServerConfigKeys (ConfUtils.java:logGet(46)) - raft.server.log.async-flush.enabled = false (default)
2025-04-23 04:29:17,447 [omNode-2-impl-thread1] INFO  server.RaftServerConfigKeys (ConfUtils.java:logGet(46)) - raft.server.log.statemachine.data.caching.enabled = false (default)
2025-04-23 04:29:17,448 [omNode-2-impl-thread1] INFO  server.RaftServer$Division (ServerState.java:setRaftConf(386)) - omNode-2@group-523986131536: set configuration conf: {index: 313, cur=peers:[omNode-3|localhost:15017, omNode-1|localhost:15009, omNode-2|localhost:15013]|listeners:[], old=null}
2025-04-23 04:29:17,448 [omNode-2-impl-thread1] INFO  segmented.LogSegment (LogSegment.java:loadSegment(171)) - Successfully read 12 entries from segment file /home/runner/work/ozone/ozone/hadoop-ozone/integration-test/target/test-dir/MiniOzoneClusterImpl-ff59c164-3798-4a7f-a16d-eeed9ffb3244/omNode-2/ratis/c9bc4cf4-3bc3-3c60-a66b-523986131536/current/log_313-324
2025-04-23 04:29:17,448 [omNode-2-impl-thread1] INFO  server.RaftServer$Division (ServerState.java:setRaftConf(386)) - omNode-2@group-523986131536: set configuration conf: {index: 325, cur=peers:[omNode-3|localhost:15017, omNode-1|localhost:15009, omNode-2|localhost:15013]|listeners:[], old=null}
2025-04-23 04:29:17,448 [omNode-2-impl-thread1] INFO  segmented.LogSegment (LogSegment.java:loadSegment(171)) - Successfully read 12 entries from segment file /home/runner/work/ozone/ozone/hadoop-ozone/integration-test/target/test-dir/MiniOzoneClusterImpl-ff59c164-3798-4a7f-a16d-eeed9ffb3244/omNode-2/ratis/c9bc4cf4-3bc3-3c60-a66b-523986131536/current/log_325-336
2025-04-23 04:29:17,448 [omNode-2-impl-thread1] INFO  server.RaftServer$Division (ServerState.java:setRaftConf(386)) - omNode-2@group-523986131536: set configuration conf: {index: 337, cur=peers:[omNode-3|localhost:15017, omNode-1|localhost:15009, omNode-2|localhost:15013]|listeners:[], old=null}
2025-04-23 04:29:17,448 [omNode-2-impl-thread1] INFO  segmented.LogSegment (LogSegment.java:loadSegment(171)) - Successfully read 2 entries from segment file /home/runner/work/ozone/ozone/hadoop-ozone/integration-test/target/test-dir/MiniOzoneClusterImpl-ff59c164-3798-4a7f-a16d-eeed9ffb3244/omNode-2/ratis/c9bc4cf4-3bc3-3c60-a66b-523986131536/current/log_337-338
2025-04-23 04:29:17,448 [omNode-2-impl-thread1] INFO  server.RaftServer$Division (ServerState.java:setRaftConf(386)) - omNode-2@group-523986131536: set configuration conf: {index: 339, cur=peers:[omNode-3|localhost:15017, omNode-1|localhost:15009, omNode-2|localhost:15013]|listeners:[], old=null}
2025-04-23 04:29:17,449 [omNode-2-impl-thread1] INFO  segmented.LogSegment (LogSegment.java:loadSegment(171)) - Successfully read 2 entries from segment file /home/runner/work/ozone/ozone/hadoop-ozone/integration-test/target/test-dir/MiniOzoneClusterImpl-ff59c164-3798-4a7f-a16d-eeed9ffb3244/omNode-2/ratis/c9bc4cf4-3bc3-3c60-a66b-523986131536/current/log_339-340
2025-04-23 04:29:17,449 [omNode-2-impl-thread1] INFO  server.RaftServer$Division (ServerState.java:setRaftConf(386)) - omNode-2@group-523986131536: set configuration conf: {index: 341, cur=peers:[omNode-3|localhost:15017, omNode-1|localhost:15009, omNode-2|localhost:15013]|listeners:[], old=null}
2025-04-23 04:29:17,449 [omNode-2-impl-thread1] INFO  segmented.LogSegment (LogSegment.java:loadSegment(171)) - Successfully read 8 entries from segment file /home/runner/work/ozone/ozone/hadoop-ozone/integration-test/target/test-dir/MiniOzoneClusterImpl-ff59c164-3798-4a7f-a16d-eeed9ffb3244/omNode-2/ratis/c9bc4cf4-3bc3-3c60-a66b-523986131536/current/log_inprogress_341
2025-04-23 04:29:17,449 [omNode-2-impl-thread1] INFO  segmented.SegmentedRaftLogWorker (SegmentedRaftLogWorker.java:lambda$new$0(139)) - omNode-2@group-523986131536-SegmentedRaftLogWorker: flushIndex: setUnconditionally 0 -> 348
2025-04-23 04:29:17,449 [omNode-2-impl-thread1] INFO  segmented.SegmentedRaftLogWorker (SegmentedRaftLogWorker.java:lambda$new$0(139)) - omNode-2@group-523986131536-SegmentedRaftLogWorker: safeCacheEvictIndex: setUnconditionally 0 -> 340
2025-04-23 04:29:17,449 [omNode-2-impl-thread1] INFO  segmented.BufferedWriteChannel (BufferedWriteChannel.java:open(61)) - open log_inprogress_341 (append) at position 1226
2025-04-23 04:29:17,449 [omNode-2-impl-thread1] INFO  raftlog.RaftLog (RaftLogBase.java:lambda$new$0(54)) - omNode-2@group-523986131536-SegmentedRaftLog: purgeIndex: updateToMax old=-1, new=312, updated? true
2025-04-23 04:29:17,449 [omNode-2-impl-thread1] INFO  server.RaftServer$Division (RaftServerImpl.java:start(391)) - omNode-2@group-523986131536: start as a follower, conf=conf: {index: 341, cur=peers:[omNode-3|localhost:15017, omNode-1|localhost:15009, omNode-2|localhost:15013]|listeners:[], old=null}
2025-04-23 04:29:17,449 [omNode-2-impl-thread1] INFO  server.RaftServer$Division (RaftServerImpl.java:setRole(378)) - omNode-2@group-523986131536: changes role from      null to FOLLOWER at term 18 for startAsFollower
2025-04-23 04:29:17,450 [omNode-2-impl-thread1] INFO  impl.RoleInfo (RoleInfo.java:updateAndGet(148)) - omNode-2: start omNode-2@group-523986131536-FollowerState
2025-04-23 04:29:17,450 [omNode-2@group-523986131536-FollowerState] INFO  server.RaftServerConfigKeys (ConfUtils.java:logFallback(53)) - raft.server.rpc.first-election.timeout.min = 1s (fallback to raft.server.rpc.timeout.min)
2025-04-23 04:29:17,450 [omNode-2@group-523986131536-FollowerState] INFO  server.RaftServerConfigKeys (ConfUtils.java:logFallback(53)) - raft.server.rpc.first-election.timeout.max = 1200ms (fallback to raft.server.rpc.timeout.max)
2025-04-23 04:29:17,450 [omNode-2-impl-thread1] INFO  util.JmxRegister (JmxRegister.java:tryRegister(44)) - Successfully registered JMX Bean with object name Ratis:service=RaftServer,group=group-523986131536,id=omNode-2
2025-04-23 04:29:17,450 [omNode-2-impl-thread1] INFO  util.JmxRegister (JmxRegister.java:register(58)) - register mxBean class org.apache.ratis.server.impl.RaftServerJmxAdapter as Ratis:service=RaftServer,group=group-523986131536,id=omNode-2
2025-04-23 04:29:17,450 [omNode-2-impl-thread1] INFO  server.RaftServerConfigKeys (ConfUtils.java:logGet(46)) - raft.server.snapshot.trigger-when-stop.enabled = true (default)
2025-04-23 04:29:17,450 [omNode-2-impl-thread1] INFO  server.RaftServerConfigKeys (ConfUtils.java:logGet(46)) - raft.server.snapshot.trigger-when-remove.enabled = true (default)
2025-04-23 04:29:17,450 [omNode-2-impl-thread1] INFO  server.RaftServerConfigKeys (ConfUtils.java:logGet(46)) - raft.server.snapshot.auto.trigger.enabled = true (custom)
2025-04-23 04:29:17,450 [omNode-2-impl-thread1] INFO  server.RaftServerConfigKeys (ConfUtils.java:logGet(46)) - raft.server.snapshot.auto.trigger.threshold = 50 (custom)
2025-04-23 04:29:17,450 [omNode-2-impl-thread1] INFO  server.RaftServerConfigKeys (ConfUtils.java:logGet(46)) - raft.server.snapshot.retention.file.num = -1 (default)
2025-04-23 04:29:17,450 [omNode-2-impl-thread1] INFO  server.RaftServerConfigKeys (ConfUtils.java:logGet(46)) - raft.server.log.purge.upto.snapshot.index = true (custom)
2025-04-23 04:29:17,451 [omNode-2-impl-thread1] INFO  server.RaftServer$Division (RaftServerImpl.java:start(405)) - omNode-2@group-523986131536: Successfully started.
2025-04-23 04:29:17,451 [main] INFO  server.RaftServer (RaftServerProxy.java:startImpl(407)) - omNode-2: start RPC server
2025-04-23 04:29:17,451 [main] INFO  server.GrpcService (GrpcService.java:startImpl(334)) - omNode-2: GrpcService started, listening on 15013
2025-04-23 04:29:17,451 [main] INFO  om.OzoneManager (OzoneManager.java:getRpcServer(1360)) - Creating RPC Server
2025-04-23 04:29:17,451 [JvmPauseMonitor40] INFO  util.JvmPauseMonitor (JvmPauseMonitor.java:run(146)) - JvmPauseMonitor-omNode-2: Started
2025-04-23 04:29:17,506 [omNode-3@group-523986131536-FollowerState] INFO  impl.FollowerState (FollowerState.java:runImpl(161)) - omNode-3@group-523986131536-FollowerState: change to CANDIDATE, lastRpcElapsedTime:1026794202ns, electionTimeout:1026ms
2025-04-23 04:29:17,506 [omNode-3@group-523986131536-FollowerState] INFO  impl.RoleInfo (RoleInfo.java:shutdownFollowerState(121)) - omNode-3: shutdown omNode-3@group-523986131536-FollowerState
2025-04-23 04:29:17,506 [omNode-3@group-523986131536-FollowerState] INFO  server.RaftServer$Division (RaftServerImpl.java:setRole(378)) - omNode-3@group-523986131536: changes role from  FOLLOWER to CANDIDATE at term 18 for changeToCandidate
2025-04-23 04:29:17,506 [omNode-3@group-523986131536-FollowerState] INFO  server.RaftServerConfigKeys (ConfUtils.java:logGet(46)) - raft.server.leaderelection.pre-vote = true (default)
2025-04-23 04:29:17,506 [omNode-3@group-523986131536-FollowerState] INFO  impl.RoleInfo (RoleInfo.java:updateAndGet(148)) - omNode-3: start omNode-3@group-523986131536-LeaderElection32
2025-04-23 04:29:17,509 [omNode-3@group-523986131536-LeaderElection32] INFO  impl.LeaderElection (LeaderElection.java:askForVotes(332)) - omNode-3@group-523986131536-LeaderElection32 PRE_VOTE round 0: submit vote requests at term 18 for conf: {index: 341, cur=peers:[omNode-3|localhost:15017, omNode-1|localhost:15009, omNode-2|localhost:15013]|listeners:[], old=null}
2025-04-23 04:29:17,510 [omNode-3@group-523986131536-LeaderElection32-1] INFO  server.GrpcServerProtocolClient (GrpcServerProtocolClient.java:<init>(65)) - Build channel for omNode-1|localhost:15009
2025-04-23 04:29:17,510 [omNode-3@group-523986131536-LeaderElection32] INFO  server.RaftServerConfigKeys (ConfUtils.java:logFallback(53)) - raft.server.rpc.first-election.timeout.min = 1s (fallback to raft.server.rpc.timeout.min)
2025-04-23 04:29:17,510 [omNode-3@group-523986131536-LeaderElection32] INFO  server.RaftServerConfigKeys (ConfUtils.java:logFallback(53)) - raft.server.rpc.first-election.timeout.max = 1200ms (fallback to raft.server.rpc.timeout.max)
2025-04-23 04:29:17,512 [omNode-3@group-523986131536-LeaderElection32-2] INFO  server.GrpcServerProtocolClient (GrpcServerProtocolClient.java:<init>(65)) - Build channel for omNode-2|localhost:15013
2025-04-23 04:29:17,518 [grpc-default-executor-4] INFO  server.RaftServer$Division (RaftServerImpl.java:requestVote(1407)) - omNode-1@group-523986131536: receive requestVote(PRE_VOTE, omNode-3, group-523986131536, 18, (t:18, i:348))
2025-04-23 04:29:17,518 [grpc-default-executor-4] INFO  impl.VoteContext (VoteContext.java:log(49)) - omNode-1@group-523986131536-FOLLOWER: accept PRE_VOTE from omNode-3: our last entry (t:17, i:340) < candidate's last entry (t:18, i:348)
2025-04-23 04:29:17,520 [grpc-default-executor-4] INFO  server.RaftServer$Division (RaftServerImpl.java:requestVote(1441)) - omNode-1@group-523986131536 replies to PRE_VOTE vote request: omNode-3<-omNode-1#0:OK-t17. Peer's state: omNode-1@group-523986131536:t17, leader=null, voted=omNode-1, raftlog=Memoized:omNode-1@group-523986131536-SegmentedRaftLog:OPENED:c340:last(t:17, i:340), conf=conf: {index: 339, cur=peers:[omNode-3|localhost:15017, omNode-1|localhost:15009, omNode-2|localhost:15013]|listeners:[], old=null}
2025-04-23 04:29:17,519 [grpc-default-executor-5] INFO  server.RaftServer$Division (RaftServerImpl.java:requestVote(1407)) - omNode-2@group-523986131536: receive requestVote(PRE_VOTE, omNode-3, group-523986131536, 18, (t:18, i:348))
2025-04-23 04:29:17,520 [grpc-default-executor-5] INFO  impl.VoteContext (VoteContext.java:log(49)) - omNode-2@group-523986131536-FOLLOWER: accept PRE_VOTE from omNode-3: our priority 0 <= candidate's priority 0
2025-04-23 04:29:17,520 [grpc-default-executor-5] INFO  server.RaftServer$Division (RaftServerImpl.java:requestVote(1441)) - omNode-2@group-523986131536 replies to PRE_VOTE vote request: omNode-3<-omNode-2#0:OK-t18. Peer's state: omNode-2@group-523986131536:t18, leader=null, voted=omNode-2, raftlog=Memoized:omNode-2@group-523986131536-SegmentedRaftLog:OPENED:c348:last(t:18, i:348), conf=conf: {index: 341, cur=peers:[omNode-3|localhost:15017, omNode-1|localhost:15009, omNode-2|localhost:15013]|listeners:[], old=null}
2025-04-23 04:29:17,521 [omNode-3@group-523986131536-LeaderElection32] INFO  impl.LeaderElection (LeaderElection.java:logAndReturn(90)) - omNode-3@group-523986131536-LeaderElection32: PRE_VOTE PASSED received 1 response(s) and 0 exception(s):
2025-04-23 04:29:17,521 [omNode-3@group-523986131536-LeaderElection32] INFO  impl.LeaderElection (LeaderElection.java:logAndReturn(94)) -   Response 0: omNode-3<-omNode-1#0:OK-t17
2025-04-23 04:29:17,521 [omNode-3@group-523986131536-LeaderElection32] INFO  impl.LeaderElection (LeaderElection.java:askForVotes(334)) - omNode-3@group-523986131536-LeaderElection32 PRE_VOTE round 0: result PASSED
2025-04-23 04:29:17,526 [omNode-3@group-523986131536-LeaderElection32] INFO  impl.LeaderElection (LeaderElection.java:askForVotes(332)) - omNode-3@group-523986131536-LeaderElection32 ELECTION round 0: submit vote requests at term 19 for conf: {index: 341, cur=peers:[omNode-3|localhost:15017, omNode-1|localhost:15009, omNode-2|localhost:15013]|listeners:[], old=null}
2025-04-23 04:29:17,527 [grpc-default-executor-5] INFO  server.RaftServer$Division (RaftServerImpl.java:requestVote(1407)) - omNode-1@group-523986131536: receive requestVote(ELECTION, omNode-3, group-523986131536, 19, (t:18, i:348))
2025-04-23 04:29:17,527 [grpc-default-executor-5] INFO  impl.VoteContext (VoteContext.java:log(49)) - omNode-1@group-523986131536-FOLLOWER: accept ELECTION from omNode-3: our last entry (t:17, i:340) < candidate's last entry (t:18, i:348)
2025-04-23 04:29:17,527 [grpc-default-executor-5] INFO  server.RaftServer$Division (RaftServerImpl.java:setRole(378)) - omNode-1@group-523986131536: changes role from  FOLLOWER to FOLLOWER at term 17 for candidate:omNode-3
2025-04-23 04:29:17,527 [grpc-default-executor-5] INFO  impl.RoleInfo (RoleInfo.java:shutdownFollowerState(121)) - omNode-1: shutdown omNode-1@group-523986131536-FollowerState
2025-04-23 04:29:17,527 [omNode-3@group-523986131536-LeaderElection32] INFO  server.RaftServerConfigKeys (ConfUtils.java:logFallback(53)) - raft.server.rpc.first-election.timeout.min = 1s (fallback to raft.server.rpc.timeout.min)
2025-04-23 04:29:17,527 [omNode-3@group-523986131536-LeaderElection32] INFO  server.RaftServerConfigKeys (ConfUtils.java:logFallback(53)) - raft.server.rpc.first-election.timeout.max = 1200ms (fallback to raft.server.rpc.timeout.max)
2025-04-23 04:29:17,528 [omNode-1@group-523986131536-FollowerState] INFO  impl.FollowerState (FollowerState.java:runImpl(170)) - omNode-1@group-523986131536-FollowerState was interrupted
2025-04-23 04:29:17,528 [grpc-default-executor-5] INFO  impl.RoleInfo (RoleInfo.java:updateAndGet(148)) - omNode-1: start omNode-1@group-523986131536-FollowerState
2025-04-23 04:29:17,528 [grpc-default-executor-5] INFO  server.RaftServer$Division (RaftServerImpl.java:setFirstElection(562)) - omNode-1@group-523986131536: set firstElectionSinceStartup to false for candidate:omNode-3
2025-04-23 04:29:17,529 [grpc-default-executor-4] INFO  server.RaftServer$Division (RaftServerImpl.java:requestVote(1407)) - omNode-2@group-523986131536: receive requestVote(ELECTION, omNode-3, group-523986131536, 19, (t:18, i:348))
2025-04-23 04:29:17,529 [grpc-default-executor-4] INFO  impl.VoteContext (VoteContext.java:log(49)) - omNode-2@group-523986131536-FOLLOWER: accept ELECTION from omNode-3: our priority 0 <= candidate's priority 0
2025-04-23 04:29:17,529 [grpc-default-executor-4] INFO  server.RaftServer$Division (RaftServerImpl.java:setRole(378)) - omNode-2@group-523986131536: changes role from  FOLLOWER to FOLLOWER at term 18 for candidate:omNode-3
2025-04-23 04:29:17,529 [grpc-default-executor-4] INFO  impl.RoleInfo (RoleInfo.java:shutdownFollowerState(121)) - omNode-2: shutdown omNode-2@group-523986131536-FollowerState
2025-04-23 04:29:17,529 [grpc-default-executor-4] INFO  impl.RoleInfo (RoleInfo.java:updateAndGet(148)) - omNode-2: start omNode-2@group-523986131536-FollowerState
2025-04-23 04:29:17,529 [omNode-2@group-523986131536-FollowerState] INFO  impl.FollowerState (FollowerState.java:runImpl(170)) - omNode-2@group-523986131536-FollowerState was interrupted
2025-04-23 04:29:17,529 [grpc-default-executor-4] INFO  server.RaftServer$Division (RaftServerImpl.java:setFirstElection(562)) - omNode-2@group-523986131536: set firstElectionSinceStartup to false for candidate:omNode-3
2025-04-23 04:29:17,530 [grpc-default-executor-5] INFO  server.RaftServer$Division (RaftServerImpl.java:requestVote(1441)) - omNode-1@group-523986131536 replies to ELECTION vote request: omNode-3<-omNode-1#0:OK-t19. Peer's state: omNode-1@group-523986131536:t19, leader=null, voted=omNode-3, raftlog=Memoized:omNode-1@group-523986131536-SegmentedRaftLog:OPENED:c340:last(t:17, i:340), conf=conf: {index: 339, cur=peers:[omNode-3|localhost:15017, omNode-1|localhost:15009, omNode-2|localhost:15013]|listeners:[], old=null}
2025-04-23 04:29:17,531 [omNode-3@group-523986131536-LeaderElection32] INFO  impl.LeaderElection (LeaderElection.java:logAndReturn(90)) - omNode-3@group-523986131536-LeaderElection32: ELECTION PASSED received 1 response(s) and 0 exception(s):
2025-04-23 04:29:17,531 [omNode-3@group-523986131536-LeaderElection32] INFO  impl.LeaderElection (LeaderElection.java:logAndReturn(94)) -   Response 0: omNode-3<-omNode-1#0:OK-t19
2025-04-23 04:29:17,532 [grpc-default-executor-4] INFO  server.RaftServer$Division (RaftServerImpl.java:requestVote(1441)) - omNode-2@group-523986131536 replies to ELECTION vote request: omNode-3<-omNode-2#0:OK-t19. Peer's state: omNode-2@group-523986131536:t19, leader=null, voted=omNode-3, raftlog=Memoized:omNode-2@group-523986131536-SegmentedRaftLog:OPENED:c348:last(t:18, i:348), conf=conf: {index: 341, cur=peers:[omNode-3|localhost:15017, omNode-1|localhost:15009, omNode-2|localhost:15013]|listeners:[], old=null}
2025-04-23 04:29:17,532 [omNode-3@group-523986131536-LeaderElection32] INFO  impl.LeaderElection (LeaderElection.java:askForVotes(334)) - omNode-3@group-523986131536-LeaderElection32 ELECTION round 0: result PASSED
2025-04-23 04:29:17,532 [omNode-3@group-523986131536-LeaderElection32] INFO  impl.RoleInfo (RoleInfo.java:shutdownLeaderElection(141)) - omNode-3: shutdown omNode-3@group-523986131536-LeaderElection32
2025-04-23 04:29:17,532 [omNode-3@group-523986131536-LeaderElection32] INFO  server.RaftServer$Division (RaftServerImpl.java:setRole(378)) - omNode-3@group-523986131536: changes role from CANDIDATE to LEADER at term 19 for changeToLeader
2025-04-23 04:29:17,532 [omNode-3@group-523986131536-LeaderElection32] INFO  server.RaftServerConfigKeys (ConfUtils.java:logGet(46)) - raft.server.staging.catchup.gap = 1000 (default)
2025-04-23 04:29:17,533 [omNode-3@group-523986131536-LeaderElection32] INFO  server.RaftServerConfigKeys (ConfUtils.java:logGet(46)) - raft.server.write.element-limit = 4096 (default)
2025-04-23 04:29:17,533 [omNode-3@group-523986131536-LeaderElection32] INFO  server.RaftServerConfigKeys (ConfUtils.java:logGet(46)) - raft.server.write.byte-limit = 64MB (=67108864) (default)
2025-04-23 04:29:17,533 [omNode-3@group-523986131536-LeaderElection32] INFO  server.RaftServerConfigKeys (ConfUtils.java:logGet(46)) - raft.server.watch.timeout = 10s (default)
2025-04-23 04:29:17,533 [omNode-3@group-523986131536-LeaderElection32] INFO  server.RaftServerConfigKeys (ConfUtils.java:logGet(46)) - raft.server.watch.timeout.denomination = 1s (default)
2025-04-23 04:29:17,533 [omNode-3@group-523986131536-LeaderElection32] INFO  server.RaftServerConfigKeys (ConfUtils.java:logGet(46)) - raft.server.watch.element-limit = 65536 (default)
2025-04-23 04:29:17,533 [omNode-3@group-523986131536-LeaderElection32] INFO  server.RaftServerConfigKeys (ConfUtils.java:logGet(46)) - raft.server.read.leader.lease.enabled = false (default)
2025-04-23 04:29:17,533 [omNode-3@group-523986131536-LeaderElection32] INFO  server.RaftServerConfigKeys (ConfUtils.java:logGet(46)) - raft.server.read.leader.lease.timeout.ratio = 0.9 (default)
2025-04-23 04:29:17,533 [omNode-3@group-523986131536-LeaderElection32] INFO  server.RaftServerConfigKeys (ConfUtils.java:logGet(46)) - raft.server.rpc.timeout.min = 1s (custom)
2025-04-23 04:29:17,533 [omNode-3@group-523986131536-LeaderElection32] INFO  server.RaftServerConfigKeys (ConfUtils.java:logGet(46)) - raft.server.log.log-metadata.enabled = true (default)
2025-04-23 04:29:17,533 [omNode-3@group-523986131536-LeaderElection32] INFO  server.RaftServerConfigKeys (ConfUtils.java:logGet(46)) - raft.server.write.element-limit = 4096 (default)
2025-04-23 04:29:17,533 [omNode-3@group-523986131536-LeaderElection32] INFO  server.RaftServerConfigKeys (ConfUtils.java:logGet(46)) - raft.server.write.follower.gap.ratio.max = -1.0 (default)
2025-04-23 04:29:17,534 [omNode-3@group-523986131536-LeaderElection32] INFO  server.RaftServerConfigKeys (ConfUtils.java:logGet(46)) - raft.server.log.appender.snapshot.chunk.size.max = 16MB (=16777216) (default)
2025-04-23 04:29:17,534 [omNode-3@group-523986131536-LeaderElection32] INFO  server.RaftServerConfigKeys (ConfUtils.java:logGet(46)) - raft.server.log.appender.buffer.byte-limit = 4194304 (custom)
2025-04-23 04:29:17,534 [omNode-3@group-523986131536-LeaderElection32] INFO  server.RaftServerConfigKeys (ConfUtils.java:logGet(46)) - raft.server.log.appender.buffer.element-limit = 1024 (custom)
2025-04-23 04:29:17,534 [omNode-3@group-523986131536-LeaderElection32] INFO  server.RaftServerConfigKeys (ConfUtils.java:logGet(46)) - raft.server.log.appender.wait-time.min = 0ms (custom)
2025-04-23 04:29:17,534 [omNode-3@group-523986131536-LeaderElection32] INFO  grpc.GrpcConfigKeys (ConfUtils.java:logGet(46)) - raft.grpc.server.leader.outstanding.appends.max = 8 (default)
2025-04-23 04:29:17,534 [omNode-3@group-523986131536-LeaderElection32] INFO  server.RaftServerConfigKeys (ConfUtils.java:logGet(46)) - raft.server.rpc.request.timeout = 3000ms (default)
2025-04-23 04:29:17,534 [omNode-3@group-523986131536-LeaderElection32] INFO  grpc.GrpcConfigKeys (ConfUtils.java:logGet(46)) - raft.grpc.server.install_snapshot.request.element-limit = 8 (default)
2025-04-23 04:29:17,534 [omNode-3@group-523986131536-LeaderElection32] INFO  grpc.GrpcConfigKeys (ConfUtils.java:logGet(46)) - raft.grpc.server.install_snapshot.request.timeout = 3000ms (default)
2025-04-23 04:29:17,534 [omNode-3@group-523986131536-LeaderElection32] INFO  grpc.GrpcConfigKeys (ConfUtils.java:logGet(46)) - raft.grpc.server.log-message.batch.duration = 5s (default)
2025-04-23 04:29:17,534 [omNode-3@group-523986131536-LeaderElection32] INFO  server.RaftServerConfigKeys (ConfUtils.java:logGet(46)) - raft.server.log.appender.install.snapshot.enabled = false (custom)
2025-04-23 04:29:17,534 [omNode-3@group-523986131536-LeaderElection32] INFO  grpc.GrpcConfigKeys (ConfUtils.java:logGet(46)) - raft.grpc.server.heartbeat.channel = true (default)
2025-04-23 04:29:17,535 [omNode-3@group-523986131536-LeaderElection32] INFO  server.RaftServerConfigKeys (ConfUtils.java:logGet(46)) - raft.server.log.appender.snapshot.chunk.size.max = 16MB (=16777216) (default)
2025-04-23 04:29:17,535 [omNode-3@group-523986131536-LeaderElection32] INFO  server.RaftServerConfigKeys (ConfUtils.java:logGet(46)) - raft.server.log.appender.buffer.byte-limit = 4194304 (custom)
2025-04-23 04:29:17,535 [omNode-3@group-523986131536-LeaderElection32] INFO  server.RaftServerConfigKeys (ConfUtils.java:logGet(46)) - raft.server.log.appender.buffer.element-limit = 1024 (custom)
2025-04-23 04:29:17,535 [omNode-3@group-523986131536-LeaderElection32] INFO  server.RaftServerConfigKeys (ConfUtils.java:logGet(46)) - raft.server.log.appender.wait-time.min = 0ms (custom)
2025-04-23 04:29:17,535 [omNode-3@group-523986131536-LeaderElection32] INFO  grpc.GrpcConfigKeys (ConfUtils.java:logGet(46)) - raft.grpc.server.leader.outstanding.appends.max = 8 (default)
2025-04-23 04:29:17,535 [omNode-3@group-523986131536-LeaderElection32] INFO  server.RaftServerConfigKeys (ConfUtils.java:logGet(46)) - raft.server.rpc.request.timeout = 3000ms (default)
2025-04-23 04:29:17,535 [omNode-3@group-523986131536-LeaderElection32] INFO  grpc.GrpcConfigKeys (ConfUtils.java:logGet(46)) - raft.grpc.server.install_snapshot.request.element-limit = 8 (default)
2025-04-23 04:29:17,535 [omNode-3@group-523986131536-LeaderElection32] INFO  grpc.GrpcConfigKeys (ConfUtils.java:logGet(46)) - raft.grpc.server.install_snapshot.request.timeout = 3000ms (default)
2025-04-23 04:29:17,535 [omNode-3@group-523986131536-LeaderElection32] INFO  grpc.GrpcConfigKeys (ConfUtils.java:logGet(46)) - raft.grpc.server.log-message.batch.duration = 5s (default)
2025-04-23 04:29:17,535 [omNode-3@group-523986131536-LeaderElection32] INFO  server.RaftServerConfigKeys (ConfUtils.java:logGet(46)) - raft.server.log.appender.install.snapshot.enabled = false (custom)
2025-04-23 04:29:17,535 [omNode-3@group-523986131536-LeaderElection32] INFO  grpc.GrpcConfigKeys (ConfUtils.java:logGet(46)) - raft.grpc.server.heartbeat.channel = true (default)
2025-04-23 04:29:17,540 [omNode-3@group-523986131536-LeaderElection32] INFO  impl.RoleInfo (RoleInfo.java:updateAndGet(148)) - omNode-3: start omNode-3@group-523986131536-LeaderStateImpl
2025-04-23 04:29:17,541 [omNode-3@group-523986131536-LeaderElection32] INFO  server.RaftServer$Division (RaftServerImpl.java:setFirstElection(562)) - omNode-3@group-523986131536: set firstElectionSinceStartup to false for becomeLeader
2025-04-23 04:29:17,541 [omNode-3@group-523986131536-LeaderElection32] INFO  ratis.OzoneManagerStateMachine (OzoneManagerStateMachine.java:notifyLeaderChanged(169)) - omNode-3@group-523986131536: leader changed to omNode-3
2025-04-23 04:29:17,542 [omNode-3@group-523986131536-LeaderElection32] INFO  server.RaftServer$Division (ServerState.java:setLeader(272)) - omNode-3@group-523986131536: change Leader from null to omNode-3 at term 19 for becomeLeader, leader elected after 1069ms
2025-04-23 04:29:17,542 [omNode-3@group-523986131536-LeaderElection32] INFO  segmented.SegmentedRaftLogWorker (SegmentedRaftLogWorker.java:rollLogSegment(443)) - omNode-3@group-523986131536-SegmentedRaftLogWorker: Rolling segment log-341_348 to index:348
2025-04-23 04:29:17,542 [omNode-3@group-523986131536-SegmentedRaftLogWorker] INFO  segmented.SegmentedRaftLogWorker (SegmentedRaftLogWorker.java:execute(601)) - omNode-3@group-523986131536-SegmentedRaftLogWorker: Rolled log segment from /home/runner/work/ozone/ozone/hadoop-ozone/integration-test/target/test-dir/MiniOzoneClusterImpl-ff59c164-3798-4a7f-a16d-eeed9ffb3244/omNode-3/ratis/c9bc4cf4-3bc3-3c60-a66b-523986131536/current/log_inprogress_341 to /home/runner/work/ozone/ozone/hadoop-ozone/integration-test/target/test-dir/MiniOzoneClusterImpl-ff59c164-3798-4a7f-a16d-eeed9ffb3244/omNode-3/ratis/c9bc4cf4-3bc3-3c60-a66b-523986131536/current/log_341-348
2025-04-23 04:29:17,543 [omNode-3@group-523986131536-SegmentedRaftLogWorker] INFO  segmented.BufferedWriteChannel (BufferedWriteChannel.java:open(61)) - open log_inprogress_349 at position 0
2025-04-23 04:29:17,545 [omNode-3@group-523986131536-LeaderElection32] INFO  server.RaftServer$Division (ServerState.java:setRaftConf(386)) - omNode-3@group-523986131536: set configuration conf: {index: 349, cur=peers:[omNode-3|localhost:15017, omNode-1|localhost:15009, omNode-2|localhost:15013]|listeners:[], old=null}
2025-04-23 04:29:17,554 [omNode-1-server-thread1] INFO  ratis.OzoneManagerStateMachine (OzoneManagerStateMachine.java:notifyLeaderChanged(169)) - omNode-1@group-523986131536: leader changed to omNode-3
2025-04-23 04:29:17,555 [omNode-1-server-thread1] INFO  server.RaftServer$Division (ServerState.java:setLeader(272)) - omNode-1@group-523986131536: change Leader from null to omNode-3 at term 19 for appendEntries, leader elected after 591ms
2025-04-23 04:29:17,555 [omNode-1-server-thread1] INFO  server.RaftServer$Division (RaftServerImpl.java:checkInconsistentAppendEntries(1648)) - omNode-1@group-523986131536: Failed appendEntries as previous log entry ((t:18, i:348)) is not found
2025-04-23 04:29:17,555 [omNode-1-server-thread1] INFO  server.RaftServer$Division (RaftServerImpl.java:appendEntriesAsync(1580)) - omNode-1@group-523986131536: appendEntries* reply omNode-3<-omNode-1#1:FAIL-t19,INCONSISTENCY,nextIndex=341,followerCommit=340,matchIndex=-1
2025-04-23 04:29:17,556 [omNode-1-server-thread2] INFO  server.RaftServer$Division (RaftServerImpl.java:checkInconsistentAppendEntries(1648)) - omNode-1@group-523986131536: Failed appendEntries as previous log entry ((t:18, i:348)) is not found
2025-04-23 04:29:17,556 [omNode-1-server-thread2] INFO  server.RaftServer$Division (RaftServerImpl.java:appendEntriesAsync(1580)) - omNode-1@group-523986131536: appendEntries* reply omNode-3<-omNode-1#0:FAIL-t19,INCONSISTENCY,nextIndex=341,followerCommit=340,matchIndex=-1
2025-04-23 04:29:17,557 [grpc-default-executor-5] WARN  server.GrpcLogAppender (GrpcLogAppender.java:onNextImpl(519)) - omNode-3@group-523986131536->omNode-1-AppendLogResponseHandler: received INCONSISTENCY reply with nextIndex 341, errorCount=1, request=AppendEntriesRequest:cid=1,entriesCount=1,entry=(t:19, i:349)
2025-04-23 04:29:17,557 [omNode-3@group-523986131536-SegmentedRaftLogWorker] INFO  segmented.SegmentedRaftLogWorker (SegmentedRaftLogWorker.java:execute(644)) - omNode-3@group-523986131536-SegmentedRaftLogWorker: created new log segment /home/runner/work/ozone/ozone/hadoop-ozone/integration-test/target/test-dir/MiniOzoneClusterImpl-ff59c164-3798-4a7f-a16d-eeed9ffb3244/omNode-3/ratis/c9bc4cf4-3bc3-3c60-a66b-523986131536/current/log_inprogress_349
2025-04-23 04:29:17,557 [grpc-default-executor-2] WARN  server.GrpcLogAppender (GrpcLogAppender.java:onNextImpl(519)) - omNode-3@group-523986131536->omNode-1-AppendLogResponseHandler: received INCONSISTENCY reply with nextIndex 341, errorCount=2, request=AppendEntriesRequest:cid=0,entriesCount=0
2025-04-23 04:29:17,558 [grpc-default-executor-5] INFO  leader.FollowerInfo (FollowerInfoImpl.java:info(70)) - omNode-3@group-523986131536->omNode-1: setNextIndex nextIndex: updateUnconditionally 350 -> 341
2025-04-23 04:29:17,558 [omNode-2-server-thread1] INFO  ratis.OzoneManagerStateMachine (OzoneManagerStateMachine.java:notifyLeaderChanged(169)) - omNode-2@group-523986131536: leader changed to omNode-3
2025-04-23 04:29:17,558 [omNode-2-server-thread1] INFO  server.RaftServer$Division (ServerState.java:setLeader(272)) - omNode-2@group-523986131536: change Leader from null to omNode-3 at term 19 for appendEntries, leader elected after 117ms
2025-04-23 04:29:17,560 [omNode-2-server-thread3] INFO  server.RaftServer$Division (ServerState.java:setRaftConf(386)) - omNode-2@group-523986131536: set configuration conf: {index: 349, cur=peers:[omNode-3|localhost:15017, omNode-1|localhost:15009, omNode-2|localhost:15013]|listeners:[], old=null}
2025-04-23 04:29:17,561 [omNode-2-server-thread3] INFO  segmented.SegmentedRaftLogWorker (SegmentedRaftLogWorker.java:rollLogSegment(443)) - omNode-2@group-523986131536-SegmentedRaftLogWorker: Rolling segment log-341_348 to index:348
2025-04-23 04:29:17,562 [omNode-2@group-523986131536-SegmentedRaftLogWorker] INFO  segmented.SegmentedRaftLogWorker (SegmentedRaftLogWorker.java:execute(601)) - omNode-2@group-523986131536-SegmentedRaftLogWorker: Rolled log segment from /home/runner/work/ozone/ozone/hadoop-ozone/integration-test/target/test-dir/MiniOzoneClusterImpl-ff59c164-3798-4a7f-a16d-eeed9ffb3244/omNode-2/ratis/c9bc4cf4-3bc3-3c60-a66b-523986131536/current/log_inprogress_341 to /home/runner/work/ozone/ozone/hadoop-ozone/integration-test/target/test-dir/MiniOzoneClusterImpl-ff59c164-3798-4a7f-a16d-eeed9ffb3244/omNode-2/ratis/c9bc4cf4-3bc3-3c60-a66b-523986131536/current/log_341-348
2025-04-23 04:29:17,562 [omNode-2@group-523986131536-SegmentedRaftLogWorker] INFO  segmented.BufferedWriteChannel (BufferedWriteChannel.java:open(61)) - open log_inprogress_349 at position 0
2025-04-23 04:29:17,564 [omNode-1-server-thread2] INFO  server.RaftServer$Division (ServerState.java:setRaftConf(386)) - omNode-1@group-523986131536: set configuration conf: {index: 341, cur=peers:[omNode-3|localhost:15017, omNode-1|localhost:15009, omNode-2|localhost:15013]|listeners:[], old=null}
2025-04-23 04:29:17,564 [omNode-1-server-thread2] INFO  server.RaftServer$Division (ServerState.java:setRaftConf(386)) - omNode-1@group-523986131536: set configuration conf: {index: 349, cur=peers:[omNode-3|localhost:15017, omNode-1|localhost:15009, omNode-2|localhost:15013]|listeners:[], old=null}
2025-04-23 04:29:17,564 [omNode-1-server-thread2] INFO  segmented.SegmentedRaftLogWorker (SegmentedRaftLogWorker.java:rollLogSegment(443)) - omNode-1@group-523986131536-SegmentedRaftLogWorker: Rolling segment log-339_340 to index:340
2025-04-23 04:29:17,564 [omNode-1-server-thread2] INFO  segmented.SegmentedRaftLogWorker (SegmentedRaftLogWorker.java:rollLogSegment(443)) - omNode-1@group-523986131536-SegmentedRaftLogWorker: Rolling segment log-341_348 to index:348
2025-04-23 04:29:17,566 [omNode-1@group-523986131536-SegmentedRaftLogWorker] INFO  segmented.SegmentedRaftLogWorker (SegmentedRaftLogWorker.java:execute(601)) - omNode-1@group-523986131536-SegmentedRaftLogWorker: Rolled log segment from /home/runner/work/ozone/ozone/hadoop-ozone/integration-test/target/test-dir/MiniOzoneClusterImpl-ff59c164-3798-4a7f-a16d-eeed9ffb3244/omNode-1/ratis/c9bc4cf4-3bc3-3c60-a66b-523986131536/current/log_inprogress_339 to /home/runner/work/ozone/ozone/hadoop-ozone/integration-test/target/test-dir/MiniOzoneClusterImpl-ff59c164-3798-4a7f-a16d-eeed9ffb3244/omNode-1/ratis/c9bc4cf4-3bc3-3c60-a66b-523986131536/current/log_339-340
2025-04-23 04:29:17,566 [omNode-1@group-523986131536-SegmentedRaftLogWorker] INFO  segmented.BufferedWriteChannel (BufferedWriteChannel.java:open(61)) - open log_inprogress_341 at position 0
2025-04-23 04:29:17,579 [omNode-2@group-523986131536-SegmentedRaftLogWorker] INFO  segmented.SegmentedRaftLogWorker (SegmentedRaftLogWorker.java:execute(644)) - omNode-2@group-523986131536-SegmentedRaftLogWorker: created new log segment /home/runner/work/ozone/ozone/hadoop-ozone/integration-test/target/test-dir/MiniOzoneClusterImpl-ff59c164-3798-4a7f-a16d-eeed9ffb3244/omNode-2/ratis/c9bc4cf4-3bc3-3c60-a66b-523986131536/current/log_inprogress_349
2025-04-23 04:29:17,580 [omNode-1@group-523986131536-SegmentedRaftLogWorker] INFO  segmented.SegmentedRaftLogWorker (SegmentedRaftLogWorker.java:execute(644)) - omNode-1@group-523986131536-SegmentedRaftLogWorker: created new log segment /home/runner/work/ozone/ozone/hadoop-ozone/integration-test/target/test-dir/MiniOzoneClusterImpl-ff59c164-3798-4a7f-a16d-eeed9ffb3244/omNode-1/ratis/c9bc4cf4-3bc3-3c60-a66b-523986131536/current/log_inprogress_341
2025-04-23 04:29:17,581 [omNode-3@group-523986131536-StateMachineUpdater] INFO  ratis.OzoneManagerStateMachine (OzoneManagerStateMachine.java:notifyConfigurationChanged(231)) - notifyConfigurationChanged from Ratis: term=19, index=349, New Peer list: omNode-3(localhost:15017), omNode-1(localhost:15009), omNode-2(localhost:15013)
2025-04-23 04:29:17,581 [omNode-3@group-523986131536-StateMachineUpdater] INFO  server.RaftServer$Division (LeaderStateImpl.java:checkStartIndex(313)) - Leader omNode-3@group-523986131536-LeaderStateImpl is ready since appliedIndex == startIndex == 349
2025-04-23 04:29:17,583 [omNode-1@group-523986131536-SegmentedRaftLogWorker] INFO  segmented.SegmentedRaftLogWorker (SegmentedRaftLogWorker.java:execute(601)) - omNode-1@group-523986131536-SegmentedRaftLogWorker: Rolled log segment from /home/runner/work/ozone/ozone/hadoop-ozone/integration-test/target/test-dir/MiniOzoneClusterImpl-ff59c164-3798-4a7f-a16d-eeed9ffb3244/omNode-1/ratis/c9bc4cf4-3bc3-3c60-a66b-523986131536/current/log_inprogress_341 to /home/runner/work/ozone/ozone/hadoop-ozone/integration-test/target/test-dir/MiniOzoneClusterImpl-ff59c164-3798-4a7f-a16d-eeed9ffb3244/omNode-1/ratis/c9bc4cf4-3bc3-3c60-a66b-523986131536/current/log_341-348
2025-04-23 04:29:17,584 [omNode-1@group-523986131536-SegmentedRaftLogWorker] INFO  segmented.BufferedWriteChannel (BufferedWriteChannel.java:open(61)) - open log_inprogress_349 at position 0
2025-04-23 04:29:17,588 [omNode-2@group-523986131536-StateMachineUpdater] INFO  ratis.OzoneManagerStateMachine (OzoneManagerStateMachine.java:notifyConfigurationChanged(231)) - notifyConfigurationChanged from Ratis: term=19, index=349, New Peer list: omNode-3(localhost:15017), omNode-1(localhost:15009), omNode-2(localhost:15013)
2025-04-23 04:29:17,596 [omNode-1@group-523986131536-SegmentedRaftLogWorker] INFO  segmented.SegmentedRaftLogWorker (SegmentedRaftLogWorker.java:execute(644)) - omNode-1@group-523986131536-SegmentedRaftLogWorker: created new log segment /home/runner/work/ozone/ozone/hadoop-ozone/integration-test/target/test-dir/MiniOzoneClusterImpl-ff59c164-3798-4a7f-a16d-eeed9ffb3244/omNode-1/ratis/c9bc4cf4-3bc3-3c60-a66b-523986131536/current/log_inprogress_349
2025-04-23 04:29:17,598 [omNode-1@group-523986131536-StateMachineUpdater] INFO  ratis.OzoneManagerStateMachine (OzoneManagerStateMachine.java:notifyConfigurationChanged(231)) - notifyConfigurationChanged from Ratis: term=18, index=341, New Peer list: omNode-3(localhost:15017), omNode-1(localhost:15009), omNode-2(localhost:15013)
2025-04-23 04:29:17,600 [omNode-1-OMStateMachineApplyTransactionThread - 0] WARN  helpers.OzoneAclUtil (OzoneAclUtil.java:getDefaultAclList(77)) - Failed to get primary group from user user79436 (auth:SIMPLE)
2025-04-23 04:29:17,600 [omNode-1-OMStateMachineApplyTransactionThread - 0] INFO  volume.OMVolumeCreateRequest (OMVolumeCreateRequest.java:validateAndUpdateCache(203)) - created volume:volume93027 for user:user79436
2025-04-23 04:29:17,601 [omNode-1-OMStateMachineApplyTransactionThread - 0] INFO  bucket.OMBucketCreateRequest (OMBucketCreateRequest.java:validateAndUpdateCache(291)) - created bucket: eb8ac117-d4bd-4385-a22d-047aabad57c4 of layout OBJECT_STORE in volume: volume93027
2025-04-23 04:29:17,602 [omNode-1@group-523986131536-StateMachineUpdater] INFO  ratis.OzoneManagerStateMachine (OzoneManagerStateMachine.java:notifyConfigurationChanged(231)) - notifyConfigurationChanged from Ratis: term=19, index=349, New Peer list: omNode-3(localhost:15017), omNode-1(localhost:15009), omNode-2(localhost:15013)
2025-04-23 04:29:17,830 [main] INFO  reflections.Reflections (Reflections.java:scan(219)) - Reflections took 377 ms to scan 22 urls, producing 61 keys and 7422 values
2025-04-23 04:29:17,830 [main] INFO  ipc.CallQueueManager (CallQueueManager.java:<init>(93)) - Using callQueue: class java.util.concurrent.LinkedBlockingQueue, queueCapacity: 2000, scheduler: class org.apache.hadoop.ipc.DefaultRpcScheduler, ipcBackoff: false, ipcFailOver: false.
2025-04-23 04:29:17,831 [main] INFO  ipc.Server (Server.java:<init>(1438)) - Listener at localhost:15010
2025-04-23 04:29:17,831 [Socket Reader #1 for port 15010] INFO  ipc.Server (Server.java:run(1474)) - Starting Socket Reader #1 for port 15010
2025-04-23 04:29:17,831 [Socket Reader #2 for port 15010] INFO  ipc.Server (Server.java:run(1474)) - Starting Socket Reader #2 for port 15010
2025-04-23 04:29:17,831 [Socket Reader #3 for port 15010] INFO  ipc.Server (Server.java:run(1474)) - Starting Socket Reader #3 for port 15010
2025-04-23 04:29:17,831 [Socket Reader #4 for port 15010] INFO  ipc.Server (Server.java:run(1474)) - Starting Socket Reader #4 for port 15010
2025-04-23 04:29:17,832 [Socket Reader #5 for port 15010] INFO  ipc.Server (Server.java:run(1474)) - Starting Socket Reader #5 for port 15010
2025-04-23 04:29:17,832 [Socket Reader #6 for port 15010] INFO  ipc.Server (Server.java:run(1474)) - Starting Socket Reader #6 for port 15010
2025-04-23 04:29:17,832 [Socket Reader #7 for port 15010] INFO  ipc.Server (Server.java:run(1474)) - Starting Socket Reader #7 for port 15010
2025-04-23 04:29:17,832 [Socket Reader #8 for port 15010] INFO  ipc.Server (Server.java:run(1474)) - Starting Socket Reader #8 for port 15010
2025-04-23 04:29:17,832 [Socket Reader #9 for port 15010] INFO  ipc.Server (Server.java:run(1474)) - Starting Socket Reader #9 for port 15010
2025-04-23 04:29:17,832 [Socket Reader #10 for port 15010] INFO  ipc.Server (Server.java:run(1474)) - Starting Socket Reader #10 for port 15010
2025-04-23 04:29:17,834 [main] INFO  http.BaseHttpServer (BaseHttpServer.java:newHttpServer2BuilderForOzone(229)) - Starting Web-server for ozoneManager at: http://0.0.0.0:15011
2025-04-23 04:29:17,834 [main] INFO  http.BaseHttpServer (BaseHttpServer.java:<init>(107)) - Hadoop Security Enabled: false Ozone Security Enabled: false Ozone HTTP Security Enabled: false 
2025-04-23 04:29:17,835 [main] WARN  server.AuthenticationFilter (AuthenticationFilter.java:constructSecretProvider(240)) - Unable to initialize FileSignerSecretProvider, falling back to use random secrets. Reason: Could not read signature secret file: /home/runner/hadoop-http-auth-signature-secret
2025-04-23 04:29:17,837 [main] INFO  http.HttpServer2 (HttpServer2.java:addGlobalFilter(1041)) - Added global filter 'safety' (class=org.apache.hadoop.hdds.server.http.HttpServer2$QuotingInputFilter)
2025-04-23 04:29:17,837 [main] INFO  http.HttpServer2 (HttpServer2.java:addFilter(1017)) - Added filter static_user_filter (class=org.apache.hadoop.http.lib.StaticUserWebFilter$StaticUserFilter) to context ozoneManager
2025-04-23 04:29:17,837 [main] INFO  http.HttpServer2 (HttpServer2.java:addFilter(1025)) - Added filter static_user_filter (class=org.apache.hadoop.http.lib.StaticUserWebFilter$StaticUserFilter) to context static
2025-04-23 04:29:17,837 [main] INFO  http.HttpServer2 (HttpServer2.java:addFilter(1025)) - Added filter static_user_filter (class=org.apache.hadoop.http.lib.StaticUserWebFilter$StaticUserFilter) to context logs
2025-04-23 04:29:17,838 [main] INFO  http.BaseHttpServer (BaseHttpServer.java:<init>(195)) - HTTP server of ozoneManager uses base directory /home/runner/work/ozone/ozone/hadoop-ozone/integration-test/target/test-dir/MiniOzoneClusterImpl-ff59c164-3798-4a7f-a16d-eeed9ffb3244/omNode-2/webserver
2025-04-23 04:29:17,838 [main] INFO  http.HttpServer2 (HttpServer2.java:bindListener(1241)) - Jetty bound to port 15011
2025-04-23 04:29:17,838 [main] INFO  server.Server (Server.java:doStart(375)) - jetty-9.4.57.v20241219; built: 2025-01-08T21:24:30.412Z; git: df524e6b29271c2e09ba9aea83c18dc9db464a31; jvm 21.0.7+6-LTS
2025-04-23 04:29:17,839 [main] INFO  server.session (DefaultSessionIdManager.java:doStart(334)) - DefaultSessionIdManager workerName=node0
2025-04-23 04:29:17,839 [main] INFO  server.session (DefaultSessionIdManager.java:doStart(339)) - No SessionScavenger set, using defaults
2025-04-23 04:29:17,839 [main] INFO  server.session (HouseKeeper.java:startScavenging(132)) - node0 Scavenging every 600000ms
2025-04-23 04:29:17,840 [main] INFO  handler.ContextHandler (ContextHandler.java:doStart(921)) - Started o.e.j.s.ServletContextHandler@48fced10{logs,/logs,file:///home/runner/work/ozone/ozone/hadoop-ozone/integration-test/target/log,AVAILABLE}
2025-04-23 04:29:17,840 [main] INFO  handler.ContextHandler (ContextHandler.java:doStart(921)) - Started o.e.j.s.ServletContextHandler@768eebfd{static,/static,file:///home/runner/work/ozone/ozone/hadoop-ozone/integration-test/target/test-classes/webapps/static,AVAILABLE}
2025-04-23 04:29:17,843 [main] INFO  handler.ContextHandler (ContextHandler.java:doStart(921)) - Started o.e.j.w.WebAppContext@1bbca06f{ozoneManager,/,file:///home/runner/work/ozone/ozone/hadoop-ozone/integration-test/target/test-classes/webapps/ozoneManager/,AVAILABLE}{file:/home/runner/work/ozone/ozone/hadoop-ozone/integration-test/target/test-classes/webapps/ozoneManager}
2025-04-23 04:29:17,843 [main] INFO  server.AbstractConnector (AbstractConnector.java:doStart(333)) - Started ServerConnector@1792a2fc{HTTP/1.1, (http/1.1)}{0.0.0.0:15011}
2025-04-23 04:29:17,843 [main] INFO  server.Server (Server.java:doStart(415)) - Started @161262ms
2025-04-23 04:29:17,844 [main] WARN  impl.MetricsSystemImpl (MetricsSystemImpl.java:register(279)) - Sink prometheus already exists!
2025-04-23 04:29:17,844 [main] INFO  http.BaseHttpServer (BaseHttpServer.java:updateConnectorAddress(360)) - HTTP server of ozoneManager listening at http://0.0.0.0:15011
2025-04-23 04:29:17,844 [IPC Server Responder] INFO  ipc.Server (Server.java:run(1713)) - IPC Server Responder: starting
2025-04-23 04:29:17,844 [IPC Server listener on 15010] INFO  ipc.Server (Server.java:run(1553)) - IPC Server listener on 15010: starting
2025-04-23 04:29:17,846 [main] INFO  om.OzoneManager (OzoneManager.java:startTrashEmptier(2257)) - Trash Interval set to 0. Files deleted won't move to trash
]]></system-out>
  </testcase>
  <testcase name="testOMRestart" classname="org.apache.hadoop.ozone.om.TestOzoneManagerHAWithStoppedNodes" time="31.259">
    <system-out><![CDATA[2025-04-23 04:29:17,857 [main] INFO  ozone.MiniOzoneClusterImpl (MiniOzoneClusterImpl.java:shutdown(393)) - Shutting down the Mini Ozone Cluster
2025-04-23 04:29:17,858 [main] INFO  db.CodecTestUtil (CodecTestUtil.java:gc(49)) - gc 0
2025-04-23 04:29:18,057 [main] INFO  ozone.MiniOzoneHAClusterImpl (MiniOzoneHAClusterImpl.java:stop(289)) - Stopping the OzoneManager omNode-3
2025-04-23 04:29:18,058 [main] INFO  om.OzoneManager (OzoneManager.java:stop(2347)) - omNode-3[localhost:15014]: Stopping Ozone Manager
2025-04-23 04:29:18,058 [main] INFO  ipc.Server (Server.java:stop(3697)) - Stopping server on 15014
2025-04-23 04:29:18,060 [IPC Server listener on 15014] INFO  ipc.Server (Server.java:run(1585)) - Stopping IPC Server listener on 15014
2025-04-23 04:29:18,060 [IPC Server Responder] INFO  ipc.Server (Server.java:run(1718)) - Stopping IPC Server Responder
2025-04-23 04:29:18,060 [main] INFO  ratis.OzoneManagerRatisServer (OzoneManagerRatisServer.java:stop(634)) - Stopping org.apache.hadoop.ozone.om.ratis.OzoneManagerRatisServer@1b59a505 at port 15017
2025-04-23 04:29:18,060 [main] INFO  server.RaftServer (RaftServerProxy.java:lambda$close$9(417)) - omNode-3: close
2025-04-23 04:29:18,061 [main] INFO  server.GrpcService (GrpcService.java:closeImpl(343)) - omNode-3: shutdown server GrpcServerProtocolService now
2025-04-23 04:29:18,061 [omNode-3-impl-thread1] INFO  server.RaftServer$Division (RaftServerImpl.java:lambda$close$1(513)) - omNode-3@group-523986131536: shutdown
2025-04-23 04:29:18,061 [omNode-3-impl-thread1] INFO  util.JmxRegister (JmxRegister.java:unregister(74)) - Successfully un-registered JMX Bean with object name Ratis:service=RaftServer,group=group-523986131536,id=omNode-3
2025-04-23 04:29:18,061 [omNode-3-impl-thread1] INFO  impl.RoleInfo (RoleInfo.java:shutdownLeaderState(103)) - omNode-3: shutdown omNode-3@group-523986131536-LeaderStateImpl
2025-04-23 04:29:18,061 [omNode-3@group-523986131536->omNode-1-GrpcLogAppender-LogAppenderDaemon] WARN  server.GrpcLogAppender (GrpcLogAppender.java:mayWait(293)) - omNode-3@group-523986131536->omNode-1-GrpcLogAppender: Wait interrupted by java.lang.InterruptedException
2025-04-23 04:29:18,063 [grpc-default-executor-0] INFO  server.GrpcServerProtocolService (GrpcServerProtocolService.java:onCompleted(157)) - omNode-1: Completed APPEND_ENTRIES, lastRequest: omNode-3->omNode-1#3-t19,previous=(t:19, i:349),leaderCommit=349,initializing? false,entries: size=1, first=(t:19, i:350), METADATAENTRY(c:349)
2025-04-23 04:29:18,063 [omNode-3@group-523986131536->omNode-2-GrpcLogAppender-LogAppenderDaemon] WARN  server.GrpcLogAppender (GrpcLogAppender.java:mayWait(293)) - omNode-3@group-523986131536->omNode-2-GrpcLogAppender: Wait interrupted by java.lang.InterruptedException
2025-04-23 04:29:18,063 [grpc-default-executor-0] INFO  server.GrpcServerProtocolService (GrpcServerProtocolService.java:lambda$onCompleted$5(159)) - omNode-1: Completed APPEND_ENTRIES, lastReply: null
2025-04-23 04:29:18,063 [Thread-6757] INFO  server.GrpcServerProtocolClient (GrpcServerProtocolClient.java:close(105)) - omNode-1 Close channels
2025-04-23 04:29:18,063 [omNode-3-impl-thread1] INFO  impl.PendingRequests (PendingRequests.java:sendNotLeaderResponses(287)) - omNode-3@group-523986131536-PendingRequests: sendNotLeaderResponses
2025-04-23 04:29:18,063 [Thread-6758] INFO  server.GrpcServerProtocolClient (GrpcServerProtocolClient.java:close(105)) - omNode-2 Close channels
2025-04-23 04:29:18,063 [grpc-default-executor-5] INFO  server.GrpcServerProtocolService (GrpcServerProtocolService.java:onCompleted(157)) - omNode-1: Completed APPEND_ENTRIES, lastRequest: null
2025-04-23 04:29:18,064 [grpc-default-executor-2] INFO  server.GrpcServerProtocolService (GrpcServerProtocolService.java:onCompleted(157)) - omNode-2: Completed APPEND_ENTRIES, lastRequest: null
2025-04-23 04:29:18,064 [omNode-3-impl-thread1] INFO  impl.StateMachineUpdater (StateMachineUpdater.java:stopAndJoin(164)) - omNode-3@group-523986131536-StateMachineUpdater: set stopIndex = 350
2025-04-23 04:29:18,064 [grpc-default-executor-0] INFO  server.GrpcServerProtocolService (GrpcServerProtocolService.java:onCompleted(157)) - omNode-2: Completed APPEND_ENTRIES, lastRequest: omNode-3->omNode-2#3-t19,previous=(t:19, i:349),leaderCommit=349,initializing? false,entries: size=1, first=(t:19, i:350), METADATAENTRY(c:349)
2025-04-23 04:29:18,064 [grpc-default-executor-0] INFO  server.GrpcServerProtocolService (GrpcServerProtocolService.java:lambda$onCompleted$5(159)) - omNode-2: Completed APPEND_ENTRIES, lastReply: null
2025-04-23 04:29:18,064 [grpc-default-executor-5] INFO  server.GrpcServerProtocolService (GrpcServerProtocolService.java:lambda$onCompleted$5(159)) - omNode-1: Completed APPEND_ENTRIES, lastReply: serverReply {
  requestorId: "omNode-3"
  replyId: "omNode-1"
  raftGroupId {
    id: "\311\274L\364;\303<`\246kR9\206\023\0256"
  }
}
term: 19
nextIndex: 341
result: INCONSISTENCY
followerCommit: 340
matchIndex: 18446744073709551615
isHearbeat: true

2025-04-23 04:29:18,064 [grpc-default-executor-2] INFO  server.GrpcServerProtocolService (GrpcServerProtocolService.java:lambda$onCompleted$5(159)) - omNode-2: Completed APPEND_ENTRIES, lastReply: serverReply {
  requestorId: "omNode-3"
  replyId: "omNode-2"
  raftGroupId {
    id: "\311\274L\364;\303<`\246kR9\206\023\0256"
  }
  success: true
}
term: 19
nextIndex: 349
followerCommit: 348
matchIndex: 18446744073709551615
isHearbeat: true

2025-04-23 04:29:18,065 [grpc-default-executor-5] INFO  server.GrpcLogAppender (GrpcLogAppender.java:onCompleted(550)) - omNode-3@group-523986131536->omNode-1-AppendLogResponseHandler: follower responses appendEntries COMPLETED
2025-04-23 04:29:18,065 [grpc-default-executor-5] WARN  server.GrpcLogAppender (GrpcLogAppender.java:resetClient(230)) - omNode-3@group-523986131536->omNode-1-GrpcLogAppender: Failed to getClient for omNode-1
org.apache.ratis.protocol.exceptions.AlreadyClosedException: omNode-3 is already CLOSED
	at org.apache.ratis.util.PeerProxyMap$PeerAndProxy.getProxy(PeerProxyMap.java:67)
	at org.apache.ratis.util.PeerProxyMap.getProxy(PeerProxyMap.java:124)
	at org.apache.ratis.grpc.server.GrpcLogAppender.getClient(GrpcLogAppender.java:200)
	at org.apache.ratis.grpc.server.GrpcLogAppender.resetClient(GrpcLogAppender.java:205)
	at org.apache.ratis.grpc.server.GrpcLogAppender.access$800(GrpcLogAppender.java:64)
	at org.apache.ratis.grpc.server.GrpcLogAppender$AppendLogResponseHandler.onCompleted(GrpcLogAppender.java:551)
	at org.apache.ratis.thirdparty.io.grpc.stub.ClientCalls$StreamObserverToCallListenerAdapter.onClose(ClientCalls.java:479)
	at org.apache.ratis.thirdparty.io.grpc.internal.ClientCallImpl.closeObserver(ClientCallImpl.java:567)
	at org.apache.ratis.thirdparty.io.grpc.internal.ClientCallImpl.access$300(ClientCallImpl.java:71)
	at org.apache.ratis.thirdparty.io.grpc.internal.ClientCallImpl$ClientStreamListenerImpl$1StreamClosed.runInternal(ClientCallImpl.java:735)
	at org.apache.ratis.thirdparty.io.grpc.internal.ClientCallImpl$ClientStreamListenerImpl$1StreamClosed.runInContext(ClientCallImpl.java:716)
	at org.apache.ratis.thirdparty.io.grpc.internal.ContextRunnable.run(ContextRunnable.java:37)
	at org.apache.ratis.thirdparty.io.grpc.internal.SerializingExecutor.run(SerializingExecutor.java:133)
	at java.base/java.util.concurrent.ThreadPoolExecutor.runWorker(ThreadPoolExecutor.java:1144)
	at java.base/java.util.concurrent.ThreadPoolExecutor$Worker.run(ThreadPoolExecutor.java:642)
	at java.base/java.lang.Thread.run(Thread.java:1583)
2025-04-23 04:29:18,065 [grpc-default-executor-2] INFO  server.GrpcLogAppender (GrpcLogAppender.java:onCompleted(550)) - omNode-3@group-523986131536->omNode-1-AppendLogResponseHandler: follower responses appendEntries COMPLETED
2025-04-23 04:29:18,065 [grpc-default-executor-2] WARN  server.GrpcLogAppender (GrpcLogAppender.java:resetClient(230)) - omNode-3@group-523986131536->omNode-1-GrpcLogAppender: Failed to getClient for omNode-1
org.apache.ratis.protocol.exceptions.AlreadyClosedException: omNode-3 is already CLOSED
	at org.apache.ratis.util.PeerProxyMap$PeerAndProxy.getProxy(PeerProxyMap.java:67)
	at org.apache.ratis.util.PeerProxyMap.getProxy(PeerProxyMap.java:124)
	at org.apache.ratis.grpc.server.GrpcLogAppender.getClient(GrpcLogAppender.java:200)
	at org.apache.ratis.grpc.server.GrpcLogAppender.resetClient(GrpcLogAppender.java:205)
	at org.apache.ratis.grpc.server.GrpcLogAppender.access$800(GrpcLogAppender.java:64)
	at org.apache.ratis.grpc.server.GrpcLogAppender$AppendLogResponseHandler.onCompleted(GrpcLogAppender.java:551)
	at org.apache.ratis.thirdparty.io.grpc.stub.ClientCalls$StreamObserverToCallListenerAdapter.onClose(ClientCalls.java:479)
	at org.apache.ratis.thirdparty.io.grpc.internal.DelayedClientCall$DelayedListener$3.run(DelayedClientCall.java:489)
	at org.apache.ratis.thirdparty.io.grpc.internal.DelayedClientCall$DelayedListener.delayOrExecute(DelayedClientCall.java:453)
	at org.apache.ratis.thirdparty.io.grpc.internal.DelayedClientCall$DelayedListener.onClose(DelayedClientCall.java:486)
	at org.apache.ratis.thirdparty.io.grpc.internal.ClientCallImpl.closeObserver(ClientCallImpl.java:567)
	at org.apache.ratis.thirdparty.io.grpc.internal.ClientCallImpl.access$300(ClientCallImpl.java:71)
	at org.apache.ratis.thirdparty.io.grpc.internal.ClientCallImpl$ClientStreamListenerImpl$1StreamClosed.runInternal(ClientCallImpl.java:735)
	at org.apache.ratis.thirdparty.io.grpc.internal.ClientCallImpl$ClientStreamListenerImpl$1StreamClosed.runInContext(ClientCallImpl.java:716)
	at org.apache.ratis.thirdparty.io.grpc.internal.ContextRunnable.run(ContextRunnable.java:37)
	at org.apache.ratis.thirdparty.io.grpc.internal.SerializingExecutor.run(SerializingExecutor.java:133)
	at java.base/java.util.concurrent.ThreadPoolExecutor.runWorker(ThreadPoolExecutor.java:1144)
	at java.base/java.util.concurrent.ThreadPoolExecutor$Worker.run(ThreadPoolExecutor.java:642)
	at java.base/java.lang.Thread.run(Thread.java:1583)
2025-04-23 04:29:18,065 [grpc-default-executor-0] INFO  server.GrpcLogAppender (GrpcLogAppender.java:onCompleted(550)) - omNode-3@group-523986131536->omNode-2-AppendLogResponseHandler: follower responses appendEntries COMPLETED
2025-04-23 04:29:18,065 [grpc-default-executor-0] WARN  server.GrpcLogAppender (GrpcLogAppender.java:resetClient(230)) - omNode-3@group-523986131536->omNode-2-GrpcLogAppender: Failed to getClient for omNode-2
org.apache.ratis.protocol.exceptions.AlreadyClosedException: omNode-3 is already CLOSED
	at org.apache.ratis.util.PeerProxyMap$PeerAndProxy.getProxy(PeerProxyMap.java:67)
	at org.apache.ratis.util.PeerProxyMap.getProxy(PeerProxyMap.java:124)
	at org.apache.ratis.grpc.server.GrpcLogAppender.getClient(GrpcLogAppender.java:200)
	at org.apache.ratis.grpc.server.GrpcLogAppender.resetClient(GrpcLogAppender.java:205)
	at org.apache.ratis.grpc.server.GrpcLogAppender.access$800(GrpcLogAppender.java:64)
	at org.apache.ratis.grpc.server.GrpcLogAppender$AppendLogResponseHandler.onCompleted(GrpcLogAppender.java:551)
	at org.apache.ratis.thirdparty.io.grpc.stub.ClientCalls$StreamObserverToCallListenerAdapter.onClose(ClientCalls.java:479)
	at org.apache.ratis.thirdparty.io.grpc.internal.ClientCallImpl.closeObserver(ClientCallImpl.java:567)
	at org.apache.ratis.thirdparty.io.grpc.internal.ClientCallImpl.access$300(ClientCallImpl.java:71)
	at org.apache.ratis.thirdparty.io.grpc.internal.ClientCallImpl$ClientStreamListenerImpl$1StreamClosed.runInternal(ClientCallImpl.java:735)
	at org.apache.ratis.thirdparty.io.grpc.internal.ClientCallImpl$ClientStreamListenerImpl$1StreamClosed.runInContext(ClientCallImpl.java:716)
	at org.apache.ratis.thirdparty.io.grpc.internal.ContextRunnable.run(ContextRunnable.java:37)
	at org.apache.ratis.thirdparty.io.grpc.internal.SerializingExecutor.run(SerializingExecutor.java:133)
	at java.base/java.util.concurrent.ThreadPoolExecutor.runWorker(ThreadPoolExecutor.java:1144)
	at java.base/java.util.concurrent.ThreadPoolExecutor$Worker.run(ThreadPoolExecutor.java:642)
	at java.base/java.lang.Thread.run(Thread.java:1583)
2025-04-23 04:29:18,066 [grpc-default-executor-0] INFO  server.GrpcLogAppender (GrpcLogAppender.java:onCompleted(550)) - omNode-3@group-523986131536->omNode-2-AppendLogResponseHandler: follower responses appendEntries COMPLETED
2025-04-23 04:29:18,066 [grpc-default-executor-0] WARN  server.GrpcLogAppender (GrpcLogAppender.java:resetClient(230)) - omNode-3@group-523986131536->omNode-2-GrpcLogAppender: Failed to getClient for omNode-2
org.apache.ratis.protocol.exceptions.AlreadyClosedException: omNode-3 is already CLOSED
	at org.apache.ratis.util.PeerProxyMap$PeerAndProxy.getProxy(PeerProxyMap.java:67)
	at org.apache.ratis.util.PeerProxyMap.getProxy(PeerProxyMap.java:124)
	at org.apache.ratis.grpc.server.GrpcLogAppender.getClient(GrpcLogAppender.java:200)
	at org.apache.ratis.grpc.server.GrpcLogAppender.resetClient(GrpcLogAppender.java:205)
	at org.apache.ratis.grpc.server.GrpcLogAppender.access$800(GrpcLogAppender.java:64)
	at org.apache.ratis.grpc.server.GrpcLogAppender$AppendLogResponseHandler.onCompleted(GrpcLogAppender.java:551)
	at org.apache.ratis.thirdparty.io.grpc.stub.ClientCalls$StreamObserverToCallListenerAdapter.onClose(ClientCalls.java:479)
	at org.apache.ratis.thirdparty.io.grpc.internal.DelayedClientCall$DelayedListener$3.run(DelayedClientCall.java:489)
	at org.apache.ratis.thirdparty.io.grpc.internal.DelayedClientCall$DelayedListener.delayOrExecute(DelayedClientCall.java:453)
	at org.apache.ratis.thirdparty.io.grpc.internal.DelayedClientCall$DelayedListener.onClose(DelayedClientCall.java:486)
	at org.apache.ratis.thirdparty.io.grpc.internal.ClientCallImpl.closeObserver(ClientCallImpl.java:567)
	at org.apache.ratis.thirdparty.io.grpc.internal.ClientCallImpl.access$300(ClientCallImpl.java:71)
	at org.apache.ratis.thirdparty.io.grpc.internal.ClientCallImpl$ClientStreamListenerImpl$1StreamClosed.runInternal(ClientCallImpl.java:735)
	at org.apache.ratis.thirdparty.io.grpc.internal.ClientCallImpl$ClientStreamListenerImpl$1StreamClosed.runInContext(ClientCallImpl.java:716)
	at org.apache.ratis.thirdparty.io.grpc.internal.ContextRunnable.run(ContextRunnable.java:37)
	at org.apache.ratis.thirdparty.io.grpc.internal.SerializingExecutor.run(SerializingExecutor.java:133)
	at java.base/java.util.concurrent.ThreadPoolExecutor.runWorker(ThreadPoolExecutor.java:1144)
	at java.base/java.util.concurrent.ThreadPoolExecutor$Worker.run(ThreadPoolExecutor.java:642)
	at java.base/java.lang.Thread.run(Thread.java:1583)
2025-04-23 04:29:18,067 [main] INFO  server.GrpcService (GrpcService.java:closeImpl(352)) - omNode-3: shutdown server GrpcServerProtocolService successfully
2025-04-23 04:29:18,072 [omNode-3@group-523986131536-StateMachineUpdater] INFO  ratis.OzoneManagerStateMachine (OzoneManagerStateMachine.java:takeSnapshotImpl(510)) - omNode-3: taking snapshot. applied = (t:19, i:350), skipped = 347, notified = (t:19, i:350), current snapshot index = (t:19, i:350), took 7 ms
2025-04-23 04:29:18,072 [omNode-3@group-523986131536-StateMachineUpdater] INFO  impl.StateMachineUpdater (StateMachineUpdater.java:takeSnapshot(303)) - omNode-3@group-523986131536-StateMachineUpdater: Took a snapshot at index 350
2025-04-23 04:29:18,072 [omNode-3@group-523986131536-StateMachineUpdater] INFO  impl.StateMachineUpdater (StateMachineUpdater.java:lambda$new$0(102)) - omNode-3@group-523986131536-StateMachineUpdater: snapshotIndex: updateIncreasingly 347 -> 350
2025-04-23 04:29:18,072 [omNode-3@group-523986131536-StateMachineUpdater] INFO  impl.StateMachineUpdater (StateMachineUpdater.java:stop(141)) - omNode-3@group-523986131536-StateMachineUpdater: closing OzoneManagerStateMachine, lastApplied=(t:19, i:350)
2025-04-23 04:29:18,072 [omNode-3@group-523986131536-StateMachineUpdater] INFO  ratis.OzoneManagerStateMachine (OzoneManagerStateMachine.java:close(550)) - Stopping OzoneManagerStateMachine:omNode-3:group-523986131536.
2025-04-23 04:29:18,072 [omNode-3@group-523986131536-StateMachineUpdater] INFO  ratis.OzoneManagerDoubleBuffer (OzoneManagerDoubleBuffer.java:stopDaemon(500)) - Stopping OMDoubleBuffer flush thread
2025-04-23 04:29:18,072 [omNode-3-OMDoubleBufferFlushThread] INFO  ratis.OzoneManagerDoubleBuffer (OzoneManagerDoubleBuffer.java:canFlush(559)) - OMDoubleBuffer flush thread omNode-3-OMDoubleBufferFlushThread is interrupted and will exit.
2025-04-23 04:29:18,073 [omNode-3@group-523986131536-cacheEviction-AwaitToRun] INFO  util.AwaitToRun (AwaitToRun.java:run(49)) - omNode-3@group-523986131536-cacheEviction-AwaitToRun-AwaitForSignal is interrupted
2025-04-23 04:29:18,582 [omNode-3-impl-thread1] INFO  segmented.SegmentedRaftLogWorker (SegmentedRaftLogWorker.java:close(252)) - omNode-3@group-523986131536-SegmentedRaftLogWorker close()
2025-04-23 04:29:18,582 [JvmPauseMonitor38] INFO  util.JvmPauseMonitor (JvmPauseMonitor.java:run(152)) - JvmPauseMonitor-omNode-3: Stopped
2025-04-23 04:29:18,582 [main] INFO  utils.BackgroundService (BackgroundService.java:shutdown(161)) - Shutting down service KeyDeletingService
2025-04-23 04:29:18,583 [main] INFO  utils.BackgroundService (BackgroundService.java:shutdown(161)) - Shutting down service DirectoryDeletingService
2025-04-23 04:29:18,584 [main] INFO  utils.BackgroundService (BackgroundService.java:shutdown(161)) - Shutting down service OpenKeyCleanupService
2025-04-23 04:29:18,584 [main] INFO  utils.BackgroundService (BackgroundService.java:shutdown(161)) - Shutting down service SstFilteringService
2025-04-23 04:29:18,584 [main] INFO  utils.BackgroundService (BackgroundService.java:shutdown(161)) - Shutting down service SnapshotDeletingService
2025-04-23 04:29:18,584 [main] INFO  utils.BackgroundService (BackgroundService.java:shutdown(161)) - Shutting down service MultipartUploadCleanupService
2025-04-23 04:29:18,585 [main] INFO  handler.ContextHandler (ContextHandler.java:doStop(1159)) - Stopped o.e.j.w.WebAppContext@115f9d5{ozoneManager,/,null,STOPPED}{file:/home/runner/work/ozone/ozone/hadoop-ozone/integration-test/target/test-classes/webapps/ozoneManager}
2025-04-23 04:29:18,586 [main] INFO  server.AbstractConnector (AbstractConnector.java:doStop(383)) - Stopped ServerConnector@14dab85a{HTTP/1.1, (http/1.1)}{0.0.0.0:15015}
2025-04-23 04:29:18,586 [main] INFO  server.session (HouseKeeper.java:stopScavenging(149)) - node0 Stopped scavenging
2025-04-23 04:29:18,586 [main] INFO  handler.ContextHandler (ContextHandler.java:doStop(1159)) - Stopped o.e.j.s.ServletContextHandler@443b6943{static,/static,file:///home/runner/work/ozone/ozone/hadoop-ozone/integration-test/target/test-classes/webapps/static,STOPPED}
2025-04-23 04:29:18,586 [main] INFO  handler.ContextHandler (ContextHandler.java:doStop(1159)) - Stopped o.e.j.s.ServletContextHandler@447e90b4{logs,/logs,file:///home/runner/work/ozone/ozone/hadoop-ozone/integration-test/target/log,STOPPED}
2025-04-23 04:29:18,587 [main] INFO  rocksdiff.RocksDBCheckpointDiffer (RocksDBCheckpointDiffer.java:close(304)) - Shutting down CompactionDagPruningService.
2025-04-23 04:29:18,589 [main] INFO  snapshot.SnapshotDiffManager (SnapshotDiffManager.java:closeExecutorService(1698)) - Shutting down executorService: 'SnapDiffExecutor'
2025-04-23 04:29:18,589 [main] INFO  utils.BackgroundService (BackgroundService.java:shutdown(161)) - Shutting down service SnapshotDiffCleanupService
2025-04-23 04:29:18,590 [main] INFO  ozone.MiniOzoneHAClusterImpl (MiniOzoneHAClusterImpl.java:stop(289)) - Stopping the OzoneManager omNode-1
2025-04-23 04:29:18,590 [main] INFO  om.OzoneManager (OzoneManager.java:stop(2347)) - omNode-1[localhost:15006]: Stopping Ozone Manager
2025-04-23 04:29:18,590 [main] INFO  ipc.Server (Server.java:stop(3697)) - Stopping server on 15006
2025-04-23 04:29:18,591 [IPC Server listener on 15006] INFO  ipc.Server (Server.java:run(1585)) - Stopping IPC Server listener on 15006
2025-04-23 04:29:18,591 [main] INFO  ratis.OzoneManagerRatisServer (OzoneManagerRatisServer.java:stop(634)) - Stopping org.apache.hadoop.ozone.om.ratis.OzoneManagerRatisServer@340a4b1e at port 15009
2025-04-23 04:29:18,591 [main] INFO  server.RaftServer (RaftServerProxy.java:lambda$close$9(417)) - omNode-1: close
2025-04-23 04:29:18,591 [IPC Server Responder] INFO  ipc.Server (Server.java:run(1718)) - Stopping IPC Server Responder
2025-04-23 04:29:18,592 [omNode-1-impl-thread1] INFO  server.RaftServer$Division (RaftServerImpl.java:lambda$close$1(513)) - omNode-1@group-523986131536: shutdown
2025-04-23 04:29:18,592 [main] INFO  server.GrpcService (GrpcService.java:closeImpl(343)) - omNode-1: shutdown server GrpcServerProtocolService now
2025-04-23 04:29:18,592 [omNode-1-impl-thread1] INFO  util.JmxRegister (JmxRegister.java:unregister(74)) - Successfully un-registered JMX Bean with object name Ratis:service=RaftServer,group=group-523986131536,id=omNode-1
2025-04-23 04:29:18,592 [omNode-1-impl-thread1] INFO  impl.RoleInfo (RoleInfo.java:shutdownFollowerState(121)) - omNode-1: shutdown omNode-1@group-523986131536-FollowerState
2025-04-23 04:29:18,592 [omNode-1-impl-thread1] INFO  impl.StateMachineUpdater (StateMachineUpdater.java:stopAndJoin(164)) - omNode-1@group-523986131536-StateMachineUpdater: set stopIndex = 349
2025-04-23 04:29:18,592 [omNode-1@group-523986131536-FollowerState] INFO  impl.FollowerState (FollowerState.java:runImpl(170)) - omNode-1@group-523986131536-FollowerState was interrupted
2025-04-23 04:29:18,594 [main] INFO  server.GrpcService (GrpcService.java:closeImpl(352)) - omNode-1: shutdown server GrpcServerProtocolService successfully
2025-04-23 04:29:18,608 [omNode-1@group-523986131536-StateMachineUpdater] INFO  ratis.OzoneManagerStateMachine (OzoneManagerStateMachine.java:takeSnapshotImpl(510)) - omNode-1: taking snapshot. applied = (t:19, i:349), skipped = 347, notified = (t:19, i:349), current snapshot index = (t:19, i:349), took 16 ms
2025-04-23 04:29:18,608 [omNode-1@group-523986131536-StateMachineUpdater] INFO  impl.StateMachineUpdater (StateMachineUpdater.java:takeSnapshot(303)) - omNode-1@group-523986131536-StateMachineUpdater: Took a snapshot at index 349
2025-04-23 04:29:18,608 [omNode-1@group-523986131536-StateMachineUpdater] INFO  impl.StateMachineUpdater (StateMachineUpdater.java:lambda$new$0(102)) - omNode-1@group-523986131536-StateMachineUpdater: snapshotIndex: updateIncreasingly 340 -> 349
2025-04-23 04:29:18,608 [omNode-1@group-523986131536-StateMachineUpdater] INFO  impl.StateMachineUpdater (StateMachineUpdater.java:stop(141)) - omNode-1@group-523986131536-StateMachineUpdater: closing OzoneManagerStateMachine, lastApplied=(t:19, i:349)
2025-04-23 04:29:18,608 [omNode-1@group-523986131536-StateMachineUpdater] INFO  ratis.OzoneManagerStateMachine (OzoneManagerStateMachine.java:close(550)) - Stopping OzoneManagerStateMachine:omNode-1:group-523986131536.
2025-04-23 04:29:18,608 [omNode-1@group-523986131536-StateMachineUpdater] INFO  ratis.OzoneManagerDoubleBuffer (OzoneManagerDoubleBuffer.java:stopDaemon(500)) - Stopping OMDoubleBuffer flush thread
2025-04-23 04:29:18,608 [omNode-1-OMDoubleBufferFlushThread] INFO  ratis.OzoneManagerDoubleBuffer (OzoneManagerDoubleBuffer.java:canFlush(559)) - OMDoubleBuffer flush thread omNode-1-OMDoubleBufferFlushThread is interrupted and will exit.
2025-04-23 04:29:18,608 [omNode-1@group-523986131536-cacheEviction-AwaitToRun] INFO  util.AwaitToRun (AwaitToRun.java:run(49)) - omNode-1@group-523986131536-cacheEviction-AwaitToRun-AwaitForSignal is interrupted
2025-04-23 04:29:19,233 [timer6] WARN  server.GrpcLogAppender (LogUtils.java:warn(121)) - omNode-2@group-523986131536->omNode-1-AppendLogResponseHandler: Failed appendEntries (Repeated 18 times in the last 5.000s): org.apache.ratis.thirdparty.io.grpc.StatusRuntimeException: UNAVAILABLE: io exception
2025-04-23 04:29:19,234 [timer1] WARN  server.GrpcLogAppender (GrpcLogAppender.java:lambda$resetClient$1(221)) - omNode-2@group-523986131536->omNode-1-GrpcLogAppender: Follower failed (request=null, errorCount=4); keep nextIndex (342) unchanged and retry. (Repeated 3 times in the last 5.000s)
2025-04-23 04:29:19,248 [timer6] WARN  server.GrpcLogAppender (GrpcLogAppender.java:lambda$resetClient$1(221)) - omNode-2@group-523986131536->omNode-1-GrpcLogAppender: Follower failed (request=null, errorCount=6); keep nextIndex (343) unchanged and retry. (Repeated 2 times in the last 5.000s)
2025-04-23 04:29:19,367 [timer1] WARN  server.GrpcLogAppender (GrpcLogAppender.java:lambda$resetClient$1(221)) - omNode-2@group-523986131536->omNode-1-GrpcLogAppender: Follower failed (request=null, errorCount=8); keep nextIndex (344) unchanged and retry. (Repeated 2 times in the last 5.000s)
2025-04-23 04:29:19,369 [timer4] WARN  server.GrpcLogAppender (GrpcLogAppender.java:lambda$resetClient$1(221)) - omNode-2@group-523986131536->omNode-1-GrpcLogAppender: Follower failed (request=null, errorCount=10); keep nextIndex (345) unchanged and retry. (Repeated 2 times in the last 5.000s)
2025-04-23 04:29:19,381 [timer7] WARN  server.GrpcLogAppender (GrpcLogAppender.java:lambda$resetClient$1(221)) - omNode-2@group-523986131536->omNode-1-GrpcLogAppender: Follower failed (request=null, errorCount=12); keep nextIndex (346) unchanged and retry. (Repeated 2 times in the last 5.000s)
2025-04-23 04:29:19,383 [timer2] WARN  server.GrpcLogAppender (GrpcLogAppender.java:lambda$resetClient$1(221)) - omNode-2@group-523986131536->omNode-1-GrpcLogAppender: Follower failed (request=null, errorCount=14); keep nextIndex (347) unchanged and retry. (Repeated 2 times in the last 5.000s)
2025-04-23 04:29:19,388 [timer5] WARN  server.GrpcLogAppender (GrpcLogAppender.java:lambda$resetClient$1(221)) - omNode-2@group-523986131536->omNode-1-GrpcLogAppender: Follower failed (request=null, errorCount=16); keep nextIndex (348) unchanged and retry. (Repeated 2 times in the last 5.000s)
2025-04-23 04:29:19,390 [timer0] WARN  server.GrpcLogAppender (GrpcLogAppender.java:lambda$resetClient$1(221)) - omNode-2@group-523986131536->omNode-1-GrpcLogAppender: Follower failed (request=null, errorCount=18); keep nextIndex (349) unchanged and retry. (Repeated 2 times in the last 5.000s)
2025-04-23 04:29:19,460 [timer2] WARN  server.GrpcLogAppender (LogUtils.java:warn(121)) - omNode-2@group-523986131536->omNode-3-AppendLogResponseHandler: Failed appendEntries (Repeated 8 times in the last 5.000s): org.apache.ratis.thirdparty.io.grpc.StatusRuntimeException: UNAVAILABLE: io exception
2025-04-23 04:29:19,461 [timer3] WARN  server.GrpcLogAppender (GrpcLogAppender.java:lambda$resetClient$1(221)) - omNode-2@group-523986131536->omNode-3-GrpcLogAppender: Follower failed (request=null, errorCount=8); keep nextIndex (349) unchanged and retry. (Repeated 8 times in the last 5.000s)
2025-04-23 04:29:19,585 [omNode-2@group-523986131536-FollowerState] INFO  impl.FollowerState (FollowerState.java:runImpl(161)) - omNode-2@group-523986131536-FollowerState: change to CANDIDATE, lastRpcElapsedTime:2001940526ns, electionTimeout:1020ms
2025-04-23 04:29:19,585 [omNode-2@group-523986131536-FollowerState] INFO  impl.RoleInfo (RoleInfo.java:shutdownFollowerState(121)) - omNode-2: shutdown omNode-2@group-523986131536-FollowerState
2025-04-23 04:29:19,585 [omNode-2@group-523986131536-FollowerState] INFO  server.RaftServer$Division (RaftServerImpl.java:setRole(378)) - omNode-2@group-523986131536: changes role from  FOLLOWER to CANDIDATE at term 19 for changeToCandidate
2025-04-23 04:29:19,585 [omNode-2@group-523986131536-FollowerState] INFO  server.RaftServerConfigKeys (ConfUtils.java:logGet(46)) - raft.server.leaderelection.pre-vote = true (default)
2025-04-23 04:29:19,585 [omNode-2@group-523986131536-FollowerState] INFO  impl.RoleInfo (RoleInfo.java:updateAndGet(148)) - omNode-2: start omNode-2@group-523986131536-LeaderElection33
2025-04-23 04:29:19,585 [omNode-2@group-523986131536-LeaderElection33] INFO  server.RaftServer$Division (ServerState.java:setLeader(272)) - omNode-2@group-523986131536: change Leader from omNode-3 to null at term 19 for PRE_VOTE
2025-04-23 04:29:19,586 [omNode-2@group-523986131536-LeaderElection33] INFO  impl.LeaderElection (LeaderElection.java:askForVotes(332)) - omNode-2@group-523986131536-LeaderElection33 PRE_VOTE round 0: submit vote requests at term 19 for conf: {index: 349, cur=peers:[omNode-3|localhost:15017, omNode-1|localhost:15009, omNode-2|localhost:15013]|listeners:[], old=null}
2025-04-23 04:29:19,586 [omNode-2@group-523986131536-LeaderElection33-1] INFO  server.GrpcServerProtocolClient (GrpcServerProtocolClient.java:<init>(65)) - Build channel for omNode-3|localhost:15017
2025-04-23 04:29:19,586 [omNode-2@group-523986131536-LeaderElection33-2] INFO  server.GrpcServerProtocolClient (GrpcServerProtocolClient.java:<init>(65)) - Build channel for omNode-1|localhost:15009
2025-04-23 04:29:19,589 [omNode-2@group-523986131536-LeaderElection33] INFO  impl.LeaderElection (LogUtils.java:infoOrTrace(136)) - omNode-2@group-523986131536-LeaderElection33 got exception when requesting votes: java.util.concurrent.ExecutionException: org.apache.ratis.thirdparty.io.grpc.StatusRuntimeException: UNAVAILABLE: io exception
2025-04-23 04:29:19,589 [omNode-2@group-523986131536-LeaderElection33] INFO  impl.LeaderElection (LogUtils.java:infoOrTrace(136)) - omNode-2@group-523986131536-LeaderElection33 got exception when requesting votes: java.util.concurrent.ExecutionException: org.apache.ratis.thirdparty.io.grpc.StatusRuntimeException: UNAVAILABLE: io exception
2025-04-23 04:29:19,589 [omNode-2@group-523986131536-LeaderElection33] INFO  impl.LeaderElection (LeaderElection.java:logAndReturn(90)) - omNode-2@group-523986131536-LeaderElection33: PRE_VOTE REJECTED received 0 response(s) and 2 exception(s):
2025-04-23 04:29:19,589 [omNode-2@group-523986131536-LeaderElection33] INFO  impl.LeaderElection (LogUtils.java:infoOrTrace(136)) -   Exception 0: java.util.concurrent.ExecutionException: org.apache.ratis.thirdparty.io.grpc.StatusRuntimeException: UNAVAILABLE: io exception
2025-04-23 04:29:19,589 [omNode-2@group-523986131536-LeaderElection33] INFO  impl.LeaderElection (LogUtils.java:infoOrTrace(136)) -   Exception 1: java.util.concurrent.ExecutionException: org.apache.ratis.thirdparty.io.grpc.StatusRuntimeException: UNAVAILABLE: io exception
2025-04-23 04:29:19,589 [omNode-2@group-523986131536-LeaderElection33] INFO  impl.LeaderElection (LeaderElection.java:askForVotes(334)) - omNode-2@group-523986131536-LeaderElection33 PRE_VOTE round 0: result REJECTED
2025-04-23 04:29:19,589 [omNode-2@group-523986131536-LeaderElection33] INFO  server.RaftServer$Division (RaftServerImpl.java:setRole(378)) - omNode-2@group-523986131536: changes role from CANDIDATE to FOLLOWER at term 19 for REJECTED
2025-04-23 04:29:19,589 [omNode-2@group-523986131536-LeaderElection33] INFO  impl.RoleInfo (RoleInfo.java:shutdownLeaderElection(141)) - omNode-2: shutdown omNode-2@group-523986131536-LeaderElection33
2025-04-23 04:29:19,589 [omNode-2@group-523986131536-LeaderElection33] INFO  impl.RoleInfo (RoleInfo.java:updateAndGet(148)) - omNode-2: start omNode-2@group-523986131536-FollowerState
2025-04-23 04:29:19,598 [omNode-1-impl-thread1] INFO  segmented.SegmentedRaftLogWorker (SegmentedRaftLogWorker.java:close(252)) - omNode-1@group-523986131536-SegmentedRaftLogWorker close()
2025-04-23 04:29:19,599 [JvmPauseMonitor39] INFO  util.JvmPauseMonitor (JvmPauseMonitor.java:run(152)) - JvmPauseMonitor-omNode-1: Stopped
2025-04-23 04:29:19,599 [main] INFO  utils.BackgroundService (BackgroundService.java:shutdown(161)) - Shutting down service KeyDeletingService
2025-04-23 04:29:19,600 [main] INFO  utils.BackgroundService (BackgroundService.java:shutdown(161)) - Shutting down service DirectoryDeletingService
2025-04-23 04:29:19,600 [main] INFO  utils.BackgroundService (BackgroundService.java:shutdown(161)) - Shutting down service OpenKeyCleanupService
2025-04-23 04:29:19,601 [main] INFO  utils.BackgroundService (BackgroundService.java:shutdown(161)) - Shutting down service SstFilteringService
2025-04-23 04:29:19,601 [main] INFO  utils.BackgroundService (BackgroundService.java:shutdown(161)) - Shutting down service SnapshotDeletingService
2025-04-23 04:29:19,601 [main] INFO  utils.BackgroundService (BackgroundService.java:shutdown(161)) - Shutting down service MultipartUploadCleanupService
2025-04-23 04:29:19,602 [main] INFO  handler.ContextHandler (ContextHandler.java:doStop(1159)) - Stopped o.e.j.w.WebAppContext@1959747{ozoneManager,/,null,STOPPED}{file:/home/runner/work/ozone/ozone/hadoop-ozone/integration-test/target/test-classes/webapps/ozoneManager}
2025-04-23 04:29:19,602 [main] INFO  server.AbstractConnector (AbstractConnector.java:doStop(383)) - Stopped ServerConnector@3dc21cfb{HTTP/1.1, (http/1.1)}{0.0.0.0:15007}
2025-04-23 04:29:19,602 [main] INFO  server.session (HouseKeeper.java:stopScavenging(149)) - node0 Stopped scavenging
2025-04-23 04:29:19,603 [main] INFO  handler.ContextHandler (ContextHandler.java:doStop(1159)) - Stopped o.e.j.s.ServletContextHandler@369b778a{static,/static,file:///home/runner/work/ozone/ozone/hadoop-ozone/integration-test/target/test-classes/webapps/static,STOPPED}
2025-04-23 04:29:19,603 [main] INFO  handler.ContextHandler (ContextHandler.java:doStop(1159)) - Stopped o.e.j.s.ServletContextHandler@15944f1a{logs,/logs,file:///home/runner/work/ozone/ozone/hadoop-ozone/integration-test/target/log,STOPPED}
2025-04-23 04:29:19,603 [main] INFO  rocksdiff.RocksDBCheckpointDiffer (RocksDBCheckpointDiffer.java:close(304)) - Shutting down CompactionDagPruningService.
2025-04-23 04:29:19,605 [main] INFO  snapshot.SnapshotDiffManager (SnapshotDiffManager.java:closeExecutorService(1698)) - Shutting down executorService: 'SnapDiffExecutor'
2025-04-23 04:29:19,605 [main] INFO  utils.BackgroundService (BackgroundService.java:shutdown(161)) - Shutting down service SnapshotDiffCleanupService
2025-04-23 04:29:19,606 [main] INFO  ozone.MiniOzoneHAClusterImpl (MiniOzoneHAClusterImpl.java:stop(289)) - Stopping the OzoneManager omNode-2
2025-04-23 04:29:19,606 [main] INFO  om.OzoneManager (OzoneManager.java:stop(2347)) - omNode-2[localhost:15010]: Stopping Ozone Manager
2025-04-23 04:29:19,606 [main] INFO  ipc.Server (Server.java:stop(3697)) - Stopping server on 15010
2025-04-23 04:29:19,608 [IPC Server Responder] INFO  ipc.Server (Server.java:run(1718)) - Stopping IPC Server Responder
2025-04-23 04:29:19,608 [IPC Server listener on 15010] INFO  ipc.Server (Server.java:run(1585)) - Stopping IPC Server listener on 15010
2025-04-23 04:29:19,608 [main] INFO  ratis.OzoneManagerRatisServer (OzoneManagerRatisServer.java:stop(634)) - Stopping org.apache.hadoop.ozone.om.ratis.OzoneManagerRatisServer@32ae365a at port 15013
2025-04-23 04:29:19,609 [main] INFO  server.RaftServer (RaftServerProxy.java:lambda$close$9(417)) - omNode-2: close
2025-04-23 04:29:19,609 [main] INFO  server.GrpcService (GrpcService.java:closeImpl(343)) - omNode-2: shutdown server GrpcServerProtocolService now
2025-04-23 04:29:19,609 [omNode-2-impl-thread1] INFO  server.RaftServer$Division (RaftServerImpl.java:lambda$close$1(513)) - omNode-2@group-523986131536: shutdown
2025-04-23 04:29:19,609 [omNode-2-impl-thread1] INFO  util.JmxRegister (JmxRegister.java:unregister(74)) - Successfully un-registered JMX Bean with object name Ratis:service=RaftServer,group=group-523986131536,id=omNode-2
2025-04-23 04:29:19,609 [omNode-2-impl-thread1] INFO  impl.RoleInfo (RoleInfo.java:shutdownFollowerState(121)) - omNode-2: shutdown omNode-2@group-523986131536-FollowerState
2025-04-23 04:29:19,609 [omNode-2-impl-thread1] INFO  impl.StateMachineUpdater (StateMachineUpdater.java:stopAndJoin(164)) - omNode-2@group-523986131536-StateMachineUpdater: set stopIndex = 349
2025-04-23 04:29:19,609 [omNode-2@group-523986131536-FollowerState] INFO  impl.FollowerState (FollowerState.java:runImpl(170)) - omNode-2@group-523986131536-FollowerState was interrupted
2025-04-23 04:29:19,610 [Thread-6839] INFO  server.GrpcServerProtocolClient (GrpcServerProtocolClient.java:close(105)) - omNode-1 Close channels
2025-04-23 04:29:19,610 [Thread-6838] INFO  server.GrpcServerProtocolClient (GrpcServerProtocolClient.java:close(105)) - omNode-3 Close channels
2025-04-23 04:29:19,611 [main] INFO  server.GrpcService (GrpcService.java:closeImpl(352)) - omNode-2: shutdown server GrpcServerProtocolService successfully
2025-04-23 04:29:19,614 [omNode-2@group-523986131536-StateMachineUpdater] INFO  ratis.OzoneManagerStateMachine (OzoneManagerStateMachine.java:takeSnapshotImpl(510)) - omNode-2: taking snapshot. applied = (t:19, i:349), skipped = 348, notified = (t:19, i:349), current snapshot index = (t:19, i:349), took 6 ms
2025-04-23 04:29:19,615 [omNode-2@group-523986131536-StateMachineUpdater] INFO  impl.StateMachineUpdater (StateMachineUpdater.java:takeSnapshot(303)) - omNode-2@group-523986131536-StateMachineUpdater: Took a snapshot at index 349
2025-04-23 04:29:19,615 [omNode-2@group-523986131536-StateMachineUpdater] INFO  impl.StateMachineUpdater (StateMachineUpdater.java:lambda$new$0(102)) - omNode-2@group-523986131536-StateMachineUpdater: snapshotIndex: updateIncreasingly 348 -> 349
2025-04-23 04:29:19,615 [omNode-2@group-523986131536-StateMachineUpdater] INFO  impl.StateMachineUpdater (StateMachineUpdater.java:stop(141)) - omNode-2@group-523986131536-StateMachineUpdater: closing OzoneManagerStateMachine, lastApplied=(t:19, i:349)
2025-04-23 04:29:19,615 [omNode-2@group-523986131536-StateMachineUpdater] INFO  ratis.OzoneManagerStateMachine (OzoneManagerStateMachine.java:close(550)) - Stopping OzoneManagerStateMachine:omNode-2:group-523986131536.
2025-04-23 04:29:19,615 [omNode-2@group-523986131536-StateMachineUpdater] INFO  ratis.OzoneManagerDoubleBuffer (OzoneManagerDoubleBuffer.java:stopDaemon(500)) - Stopping OMDoubleBuffer flush thread
2025-04-23 04:29:19,615 [omNode-2-OMDoubleBufferFlushThread] INFO  ratis.OzoneManagerDoubleBuffer (OzoneManagerDoubleBuffer.java:canFlush(559)) - OMDoubleBuffer flush thread omNode-2-OMDoubleBufferFlushThread is interrupted and will exit.
2025-04-23 04:29:19,615 [omNode-2@group-523986131536-cacheEviction-AwaitToRun] INFO  util.AwaitToRun (AwaitToRun.java:run(49)) - omNode-2@group-523986131536-cacheEviction-AwaitToRun-AwaitForSignal is interrupted
2025-04-23 04:29:20,584 [omNode-2-impl-thread1] INFO  segmented.SegmentedRaftLogWorker (SegmentedRaftLogWorker.java:close(252)) - omNode-2@group-523986131536-SegmentedRaftLogWorker close()
2025-04-23 04:29:20,584 [JvmPauseMonitor40] INFO  util.JvmPauseMonitor (JvmPauseMonitor.java:run(152)) - JvmPauseMonitor-omNode-2: Stopped
2025-04-23 04:29:20,585 [main] INFO  utils.BackgroundService (BackgroundService.java:shutdown(161)) - Shutting down service KeyDeletingService
2025-04-23 04:29:20,585 [main] INFO  utils.BackgroundService (BackgroundService.java:shutdown(161)) - Shutting down service DirectoryDeletingService
2025-04-23 04:29:20,586 [main] INFO  utils.BackgroundService (BackgroundService.java:shutdown(161)) - Shutting down service OpenKeyCleanupService
2025-04-23 04:29:20,586 [main] INFO  utils.BackgroundService (BackgroundService.java:shutdown(161)) - Shutting down service SstFilteringService
2025-04-23 04:29:20,586 [main] INFO  utils.BackgroundService (BackgroundService.java:shutdown(161)) - Shutting down service SnapshotDeletingService
2025-04-23 04:29:20,587 [main] INFO  utils.BackgroundService (BackgroundService.java:shutdown(161)) - Shutting down service MultipartUploadCleanupService
2025-04-23 04:29:20,587 [main] INFO  handler.ContextHandler (ContextHandler.java:doStop(1159)) - Stopped o.e.j.w.WebAppContext@1bbca06f{ozoneManager,/,null,STOPPED}{file:/home/runner/work/ozone/ozone/hadoop-ozone/integration-test/target/test-classes/webapps/ozoneManager}
2025-04-23 04:29:20,588 [main] INFO  server.AbstractConnector (AbstractConnector.java:doStop(383)) - Stopped ServerConnector@1792a2fc{HTTP/1.1, (http/1.1)}{0.0.0.0:15011}
2025-04-23 04:29:20,588 [main] INFO  server.session (HouseKeeper.java:stopScavenging(149)) - node0 Stopped scavenging
2025-04-23 04:29:20,588 [main] INFO  handler.ContextHandler (ContextHandler.java:doStop(1159)) - Stopped o.e.j.s.ServletContextHandler@768eebfd{static,/static,file:///home/runner/work/ozone/ozone/hadoop-ozone/integration-test/target/test-classes/webapps/static,STOPPED}
2025-04-23 04:29:20,588 [main] INFO  handler.ContextHandler (ContextHandler.java:doStop(1159)) - Stopped o.e.j.s.ServletContextHandler@48fced10{logs,/logs,file:///home/runner/work/ozone/ozone/hadoop-ozone/integration-test/target/log,STOPPED}
2025-04-23 04:29:20,589 [main] INFO  rocksdiff.RocksDBCheckpointDiffer (RocksDBCheckpointDiffer.java:close(304)) - Shutting down CompactionDagPruningService.
2025-04-23 04:29:20,590 [main] INFO  snapshot.SnapshotDiffManager (SnapshotDiffManager.java:closeExecutorService(1698)) - Shutting down executorService: 'SnapDiffExecutor'
2025-04-23 04:29:20,590 [main] INFO  utils.BackgroundService (BackgroundService.java:shutdown(161)) - Shutting down service SnapshotDiffCleanupService
2025-04-23 04:29:20,591 [main] INFO  ozone.MiniOzoneHAClusterImpl (MiniOzoneHAClusterImpl.java:stop(296)) - Stopping the StorageContainerManager bf7db134-45a1-4f19-9c9a-e33221f9a916
2025-04-23 04:29:20,591 [main] INFO  server.StorageContainerManager (StorageContainerManager.java:stop(1608)) - Container Balancer is not running.
2025-04-23 04:29:20,591 [main] INFO  server.StorageContainerManager (StorageContainerManager.java:stopReplicationManager(1742)) - Stopping Replication Manager Service.
2025-04-23 04:29:20,591 [main] INFO  replication.ReplicationManager (ReplicationManager.java:stop(318)) - Stopping Replication Monitor Thread.
2025-04-23 04:29:20,591 [main] INFO  server.StorageContainerManager (StorageContainerManager.java:stop(1617)) - Stopping the Datanode Admin Monitor.
2025-04-23 04:29:20,591 [OverReplicatedProcessor] WARN  replication.UnhealthyReplicationProcessor (UnhealthyReplicationProcessor.java:run(178)) - OverReplicatedProcessor interrupted. Exiting...
2025-04-23 04:29:20,591 [ReplicationMonitor] INFO  replication.ReplicationManager (ReplicationManager.java:run(937)) - Replication Monitor Thread is stopped
2025-04-23 04:29:20,591 [UnderReplicatedProcessor] WARN  replication.UnhealthyReplicationProcessor (UnhealthyReplicationProcessor.java:run(178)) - UnderReplicatedProcessor interrupted. Exiting...
2025-04-23 04:29:20,591 [main] INFO  server.StorageContainerManager (StorageContainerManager.java:stop(1624)) - Stopping datanode service RPC server
2025-04-23 04:29:20,592 [main] INFO  server.SCMDatanodeProtocolServer (SCMDatanodeProtocolServer.java:stop(448)) - Stopping the RPC server for DataNodes
2025-04-23 04:29:20,592 [main] INFO  ipc.Server (Server.java:stop(3697)) - Stopping server on 15002
2025-04-23 04:29:20,594 [IPC Server listener on 15002] INFO  ipc.Server (Server.java:run(1585)) - Stopping IPC Server listener on 15002
2025-04-23 04:29:20,594 [IPC Server Responder] INFO  ipc.Server (Server.java:run(1718)) - Stopping IPC Server Responder
2025-04-23 04:29:20,659 [SCMHeartbeatProcessor-0] WARN  node.NodeStateManager (NodeStateManager.java:scheduleNextHealthCheck(918)) - Current Thread is interrupted, shutting down HB processing thread for Node Manager.
2025-04-23 04:29:20,659 [main] INFO  server.StorageContainerManager (StorageContainerManager.java:stop(1632)) - Stopping block service RPC server
2025-04-23 04:29:20,659 [main] INFO  server.SCMBlockProtocolServer (SCMBlockProtocolServer.java:stop(175)) - Stopping the RPC server for Block Protocol
2025-04-23 04:29:20,659 [main] INFO  ipc.Server (Server.java:stop(3697)) - Stopping server on 15001
2025-04-23 04:29:20,663 [IPC Server listener on 15001] INFO  ipc.Server (Server.java:run(1585)) - Stopping IPC Server listener on 15001
2025-04-23 04:29:20,663 [IPC Server Responder] INFO  ipc.Server (Server.java:run(1718)) - Stopping IPC Server Responder
2025-04-23 04:29:20,663 [main] INFO  server.StorageContainerManager (StorageContainerManager.java:stop(1639)) - Stopping the StorageContainerLocationProtocol RPC server
2025-04-23 04:29:20,663 [main] INFO  server.SCMClientProtocolServer (SCMClientProtocolServer.java:stop(216)) - Stopping the RPC server for Client Protocol
2025-04-23 04:29:20,663 [main] INFO  ipc.Server (Server.java:stop(3697)) - Stopping server on 15000
2025-04-23 04:29:20,666 [IPC Server listener on 15000] INFO  ipc.Server (Server.java:run(1585)) - Stopping IPC Server listener on 15000
2025-04-23 04:29:20,666 [IPC Server Responder] INFO  ipc.Server (Server.java:run(1718)) - Stopping IPC Server Responder
2025-04-23 04:29:20,667 [main] INFO  server.StorageContainerManager (StorageContainerManager.java:stop(1646)) - Stopping Storage Container Manager HTTP server.
2025-04-23 04:29:20,667 [main] INFO  handler.ContextHandler (ContextHandler.java:doStop(1159)) - Stopped o.e.j.w.WebAppContext@785477e5{scm,/,null,STOPPED}{file:/home/runner/work/ozone/ozone/hadoop-ozone/integration-test/target/test-classes/webapps/scm}
2025-04-23 04:29:20,668 [main] INFO  server.AbstractConnector (AbstractConnector.java:doStop(383)) - Stopped ServerConnector@258ac1e6{HTTP/1.1, (http/1.1)}{0.0.0.0:15003}
2025-04-23 04:29:20,668 [main] INFO  server.session (HouseKeeper.java:stopScavenging(149)) - node0 Stopped scavenging
2025-04-23 04:29:20,668 [main] INFO  handler.ContextHandler (ContextHandler.java:doStop(1159)) - Stopped o.e.j.s.ServletContextHandler@495e1ad1{static,/static,file:///home/runner/work/ozone/ozone/hadoop-ozone/integration-test/target/test-classes/webapps/static,STOPPED}
2025-04-23 04:29:20,668 [main] INFO  handler.ContextHandler (ContextHandler.java:doStop(1159)) - Stopped o.e.j.s.ServletContextHandler@b0e6d4e{logs,/logs,file:///home/runner/work/ozone/ozone/hadoop-ozone/integration-test/target/log,STOPPED}
2025-04-23 04:29:20,669 [main] INFO  server.StorageContainerManager (StorageContainerManager.java:stop(1654)) - Stopping SCM LayoutVersionManager Service.
2025-04-23 04:29:20,669 [main] INFO  server.StorageContainerManager (StorageContainerManager.java:stop(1666)) - Stopping Block Manager Service.
2025-04-23 04:29:20,670 [main] INFO  utils.BackgroundService (BackgroundService.java:shutdown(161)) - Shutting down service SCMBlockDeletingService
2025-04-23 04:29:20,670 [main] INFO  utils.BackgroundService (BackgroundService.java:shutdown(161)) - Shutting down service SCMBlockDeletingService
2025-04-23 04:29:20,670 [main] INFO  server.StorageContainerManager (StorageContainerManager.java:stop(1691)) - Stopping SCM Event Queue.
2025-04-23 04:29:20,672 [main] INFO  server.StorageContainerManager (StorageContainerManager.java:stop(1698)) - Stopping SCM HA services.
2025-04-23 04:29:20,672 [main] INFO  ha.SCMRatisServerImpl (SCMRatisServerImpl.java:stop(266)) - stopping ratis server 0.0.0.0:15004
2025-04-23 04:29:20,673 [main] INFO  server.RaftServer (RaftServerProxy.java:lambda$close$9(417)) - bf7db134-45a1-4f19-9c9a-e33221f9a916: close
2025-04-23 04:29:20,676 [main] INFO  server.GrpcService (GrpcService.java:closeImpl(343)) - bf7db134-45a1-4f19-9c9a-e33221f9a916: shutdown server GrpcServerProtocolService now
2025-04-23 04:29:20,676 [bf7db134-45a1-4f19-9c9a-e33221f9a916-impl-thread2] INFO  server.RaftServer$Division (RaftServerImpl.java:lambda$close$1(513)) - bf7db134-45a1-4f19-9c9a-e33221f9a916@group-EEED9FFB3244: shutdown
2025-04-23 04:29:20,676 [bf7db134-45a1-4f19-9c9a-e33221f9a916-impl-thread2] INFO  util.JmxRegister (JmxRegister.java:unregister(74)) - Successfully un-registered JMX Bean with object name Ratis:service=RaftServer,group=group-EEED9FFB3244,id=bf7db134-45a1-4f19-9c9a-e33221f9a916
2025-04-23 04:29:20,676 [bf7db134-45a1-4f19-9c9a-e33221f9a916-impl-thread2] INFO  impl.RoleInfo (RoleInfo.java:shutdownLeaderState(103)) - bf7db134-45a1-4f19-9c9a-e33221f9a916: shutdown bf7db134-45a1-4f19-9c9a-e33221f9a916@group-EEED9FFB3244-LeaderStateImpl
2025-04-23 04:29:20,676 [bf7db134-45a1-4f19-9c9a-e33221f9a916-impl-thread2] INFO  impl.PendingRequests (PendingRequests.java:sendNotLeaderResponses(287)) - bf7db134-45a1-4f19-9c9a-e33221f9a916@group-EEED9FFB3244-PendingRequests: sendNotLeaderResponses
2025-04-23 04:29:20,676 [bf7db134-45a1-4f19-9c9a-e33221f9a916-impl-thread2] INFO  ha.SCMStateMachine (SCMStateMachine.java:notifyNotLeader(211)) - current leader SCM steps down.
2025-04-23 04:29:20,676 [bf7db134-45a1-4f19-9c9a-e33221f9a916-impl-thread2] INFO  ha.SCMContext (SCMContext.java:updateLeaderAndTerm(95)) - update <isLeader,term> from <true,2> to <false,0>
2025-04-23 04:29:20,677 [bf7db134-45a1-4f19-9c9a-e33221f9a916-impl-thread2] INFO  ha.SCMContext (SCMContext.java:updateLeaderAndTerm(101)) - update <isLeaderReady> from <true> to <false>
2025-04-23 04:29:20,677 [bf7db134-45a1-4f19-9c9a-e33221f9a916-impl-thread2] INFO  BackgroundPipelineScrubber (BackgroundSCMService.java:notifyStatusChanged(84)) - Service BackgroundPipelineScrubber transitions to PAUSING.
2025-04-23 04:29:20,677 [bf7db134-45a1-4f19-9c9a-e33221f9a916-impl-thread2] INFO  ExpiredContainerReplicaOpScrubber (BackgroundSCMService.java:notifyStatusChanged(84)) - Service ExpiredContainerReplicaOpScrubber transitions to PAUSING.
2025-04-23 04:29:20,677 [bf7db134-45a1-4f19-9c9a-e33221f9a916-impl-thread2] INFO  SCMHATransactionMonitor (BackgroundSCMService.java:notifyStatusChanged(84)) - Service SCMHATransactionMonitor transitions to PAUSING.
2025-04-23 04:29:20,677 [bf7db134-45a1-4f19-9c9a-e33221f9a916-impl-thread2] INFO  impl.StateMachineUpdater (StateMachineUpdater.java:stopAndJoin(164)) - bf7db134-45a1-4f19-9c9a-e33221f9a916@group-EEED9FFB3244-StateMachineUpdater: set stopIndex = 46
2025-04-23 04:29:20,678 [bf7db134-45a1-4f19-9c9a-e33221f9a916@group-EEED9FFB3244-StateMachineUpdater] INFO  ha.SCMStateMachine (SCMStateMachine.java:takeSnapshot(330)) - Current Snapshot Index 46, takeSnapshot took 1 ms
2025-04-23 04:29:20,678 [bf7db134-45a1-4f19-9c9a-e33221f9a916@group-EEED9FFB3244-StateMachineUpdater] INFO  impl.StateMachineUpdater (StateMachineUpdater.java:takeSnapshot(303)) - bf7db134-45a1-4f19-9c9a-e33221f9a916@group-EEED9FFB3244-StateMachineUpdater: Took a snapshot at index 46
2025-04-23 04:29:20,678 [bf7db134-45a1-4f19-9c9a-e33221f9a916@group-EEED9FFB3244-StateMachineUpdater] INFO  impl.StateMachineUpdater (StateMachineUpdater.java:lambda$new$0(102)) - bf7db134-45a1-4f19-9c9a-e33221f9a916@group-EEED9FFB3244-StateMachineUpdater: snapshotIndex: updateIncreasingly -1 -> 46
2025-04-23 04:29:20,679 [bf7db134-45a1-4f19-9c9a-e33221f9a916@group-EEED9FFB3244-StateMachineUpdater] INFO  impl.StateMachineUpdater (StateMachineUpdater.java:stop(141)) - bf7db134-45a1-4f19-9c9a-e33221f9a916@group-EEED9FFB3244-StateMachineUpdater: closing SCMStateMachine, lastApplied=(t:2, i:46)
2025-04-23 04:29:20,679 [bf7db134-45a1-4f19-9c9a-e33221f9a916@group-EEED9FFB3244-cacheEviction-AwaitToRun] INFO  util.AwaitToRun (AwaitToRun.java:run(49)) - bf7db134-45a1-4f19-9c9a-e33221f9a916@group-EEED9FFB3244-cacheEviction-AwaitToRun-AwaitForSignal is interrupted
2025-04-23 04:29:20,680 [main] INFO  server.GrpcService (GrpcService.java:closeImpl(352)) - bf7db134-45a1-4f19-9c9a-e33221f9a916: shutdown server GrpcServerProtocolService successfully
2025-04-23 04:29:20,845 [bf7db134-45a1-4f19-9c9a-e33221f9a916-impl-thread2] INFO  segmented.SegmentedRaftLogWorker (SegmentedRaftLogWorker.java:close(252)) - bf7db134-45a1-4f19-9c9a-e33221f9a916@group-EEED9FFB3244-SegmentedRaftLogWorker close()
2025-04-23 04:29:20,845 [JvmPauseMonitor1] INFO  util.JvmPauseMonitor (JvmPauseMonitor.java:run(152)) - JvmPauseMonitor-bf7db134-45a1-4f19-9c9a-e33221f9a916: Stopped
2025-04-23 04:29:20,846 [main] INFO  SCMHATransactionMonitor (BackgroundSCMService.java:stop(127)) - Stopping SCMHATransactionMonitor Service.
2025-04-23 04:29:20,846 [SCMHATransactionMonitor] WARN  SCMHATransactionMonitor (BackgroundSCMService.java:run(111)) - SCMHATransactionMonitor is interrupted, exit
2025-04-23 04:29:20,846 [main] INFO  pipeline.BackgroundPipelineCreator (BackgroundPipelineCreator.java:stop(155)) - Stopping RatisPipelineUtilsThread.
2025-04-23 04:29:20,846 [RatisPipelineUtilsThread-0] WARN  pipeline.BackgroundPipelineCreator (BackgroundPipelineCreator.java:run(186)) - RatisPipelineUtilsThread is interrupted.
2025-04-23 04:29:20,846 [main] INFO  BackgroundPipelineScrubber (BackgroundSCMService.java:stop(127)) - Stopping BackgroundPipelineScrubber Service.
2025-04-23 04:29:20,846 [BackgroundPipelineScrubber] WARN  BackgroundPipelineScrubber (BackgroundSCMService.java:run(111)) - BackgroundPipelineScrubber is interrupted, exit
2025-04-23 04:29:20,848 [main] INFO  impl.MetricsSystemImpl (MetricsSystemImpl.java:stop(210)) - Stopping OzoneManager metrics system...
2025-04-23 04:29:20,851 [prometheus] INFO  impl.MetricsSinkAdapter (MetricsSinkAdapter.java:publishMetricsFromQueue(141)) - prometheus thread interrupted.
2025-04-23 04:29:20,851 [main] INFO  impl.MetricsSystemImpl (MetricsSystemImpl.java:stop(216)) - OzoneManager metrics system stopped.
2025-04-23 04:29:20,852 [main] WARN  pipeline.BackgroundPipelineCreator (BackgroundPipelineCreator.java:stop(151)) - RatisPipelineUtilsThread is not running, just ignore.
2025-04-23 04:29:20,852 [main] INFO  BackgroundPipelineScrubber (BackgroundSCMService.java:stop(122)) - BackgroundPipelineScrubber Service is not running, skip stop.
2025-04-23 04:29:20,852 [main] INFO  ExpiredContainerReplicaOpScrubber (BackgroundSCMService.java:stop(127)) - Stopping ExpiredContainerReplicaOpScrubber Service.
2025-04-23 04:29:20,852 [main] INFO  utils.BackgroundService (BackgroundService.java:shutdown(161)) - Shutting down service SCMBlockDeletingService
2025-04-23 04:29:20,852 [ExpiredContainerReplicaOpScrubber] WARN  ExpiredContainerReplicaOpScrubber (BackgroundSCMService.java:run(111)) - ExpiredContainerReplicaOpScrubber is interrupted, exit
2025-04-23 04:29:20,852 [main] INFO  replication.ReplicationManager (ReplicationManager.java:stop(325)) - Replication Monitor Thread is not running.
2025-04-23 04:29:20,853 [main] WARN  balancer.ContainerBalancer (ContainerBalancer.java:stop(349)) - Cannot stop Container Balancer because it's not running or stopping
2025-04-23 04:29:20,853 [main] INFO  SCMHATransactionMonitor (BackgroundSCMService.java:stop(122)) - SCMHATransactionMonitor Service is not running, skip stop.
2025-04-23 04:29:20,853 [LeaseManager#LeaseMonitor] WARN  lease.LeaseManager (LeaseManager.java:run(285)) - Lease manager is interrupted. Shutting down...
java.lang.InterruptedException
	at java.base/java.util.concurrent.locks.AbstractQueuedSynchronizer.tryAcquireSharedNanos(AbstractQueuedSynchronizer.java:1133)
	at java.base/java.util.concurrent.Semaphore.tryAcquire(Semaphore.java:415)
	at org.apache.hadoop.ozone.lease.LeaseManager$LeaseMonitor.run(LeaseManager.java:283)
	at java.base/java.lang.Thread.run(Thread.java:1583)
2025-04-23 04:29:20,853 [main] INFO  server.StorageContainerManager (StorageContainerManager.java:stop(1733)) - Stopping SCM MetadataStore.
2025-04-23 04:29:20,855 [main] INFO  ozone.MiniOzoneClusterImpl (MiniOzoneClusterImpl.java:stop(409)) - Stopping the Mini Ozone Cluster
2025-04-23 04:29:20,855 [main] INFO  ozone.MiniOzoneClusterImpl (MiniOzoneClusterImpl.java:stopDatanodes(475)) - Stopping the HddsDatanodes
2025-04-23 04:29:20,857 [main] INFO  ozoneimpl.OzoneContainer (OzoneContainer.java:stop(536)) - Attempting to stop container services.
2025-04-23 04:29:20,857 [ForkJoinPool.commonPool-worker-2] INFO  ozoneimpl.OzoneContainer (OzoneContainer.java:stop(536)) - Attempting to stop container services.
2025-04-23 04:29:20,857 [ForkJoinPool.commonPool-worker-1] INFO  ozoneimpl.OzoneContainer (OzoneContainer.java:stop(536)) - Attempting to stop container services.
2025-04-23 04:29:20,857 [ContainerMetadataScanner] WARN  ozoneimpl.AbstractBackgroundContainerScanner (AbstractBackgroundContainerScanner.java:handleRemainingSleep(136)) - Background container scan was interrupted.
2025-04-23 04:29:20,858 [ContainerMetadataScanner] INFO  ozoneimpl.AbstractBackgroundContainerScanner (AbstractBackgroundContainerScanner.java:run(63)) - org.apache.hadoop.ozone.container.ozoneimpl.BackgroundContainerMetadataScanner@76207c3f exiting.
2025-04-23 04:29:20,858 [ContainerMetadataScanner] WARN  ozoneimpl.AbstractBackgroundContainerScanner (AbstractBackgroundContainerScanner.java:handleRemainingSleep(136)) - Background container scan was interrupted.
2025-04-23 04:29:20,858 [ContainerMetadataScanner] INFO  ozoneimpl.AbstractBackgroundContainerScanner (AbstractBackgroundContainerScanner.java:run(63)) - org.apache.hadoop.ozone.container.ozoneimpl.BackgroundContainerMetadataScanner@f069d34 exiting.
2025-04-23 04:29:20,858 [ForkJoinPool.commonPool-worker-1] INFO  ozoneimpl.BackgroundContainerDataScanner (BackgroundContainerDataScanner.java:shutdown(141)) - ContainerDataScanner(/home/runner/work/ozone/ozone/hadoop-ozone/integration-test/target/test-dir/MiniOzoneClusterImpl-ff59c164-3798-4a7f-a16d-eeed9ffb3244/ozone-meta/datanode-3/data-0/hdds) is shutting down. 
2025-04-23 04:29:20,857 [ContainerMetadataScanner] WARN  ozoneimpl.AbstractBackgroundContainerScanner (AbstractBackgroundContainerScanner.java:handleRemainingSleep(136)) - Background container scan was interrupted.
2025-04-23 04:29:20,858 [ContainerMetadataScanner] INFO  ozoneimpl.AbstractBackgroundContainerScanner (AbstractBackgroundContainerScanner.java:run(63)) - org.apache.hadoop.ozone.container.ozoneimpl.BackgroundContainerMetadataScanner@7eb724d5 exiting.
2025-04-23 04:29:20,858 [ContainerDataScanner(/home/runner/work/ozone/ozone/hadoop-ozone/integration-test/target/test-dir/MiniOzoneClusterImpl-ff59c164-3798-4a7f-a16d-eeed9ffb3244/ozone-meta/datanode-3/data-0/hdds)] WARN  ozoneimpl.AbstractBackgroundContainerScanner (AbstractBackgroundContainerScanner.java:handleRemainingSleep(136)) - Background container scan was interrupted.
2025-04-23 04:29:20,858 [ContainerDataScanner(/home/runner/work/ozone/ozone/hadoop-ozone/integration-test/target/test-dir/MiniOzoneClusterImpl-ff59c164-3798-4a7f-a16d-eeed9ffb3244/ozone-meta/datanode-3/data-0/hdds)] INFO  ozoneimpl.AbstractBackgroundContainerScanner (AbstractBackgroundContainerScanner.java:run(63)) - ContainerDataScanner(/home/runner/work/ozone/ozone/hadoop-ozone/integration-test/target/test-dir/MiniOzoneClusterImpl-ff59c164-3798-4a7f-a16d-eeed9ffb3244/ozone-meta/datanode-3/data-0/hdds, DS-11c36239-5384-4089-a6b3-baede316d133) exiting.
2025-04-23 04:29:20,858 [main] INFO  ozoneimpl.BackgroundContainerDataScanner (BackgroundContainerDataScanner.java:shutdown(141)) - ContainerDataScanner(/home/runner/work/ozone/ozone/hadoop-ozone/integration-test/target/test-dir/MiniOzoneClusterImpl-ff59c164-3798-4a7f-a16d-eeed9ffb3244/ozone-meta/datanode-2/data-0/hdds) is shutting down. 
2025-04-23 04:29:20,859 [ForkJoinPool.commonPool-worker-2] INFO  ozoneimpl.BackgroundContainerDataScanner (BackgroundContainerDataScanner.java:shutdown(141)) - ContainerDataScanner(/home/runner/work/ozone/ozone/hadoop-ozone/integration-test/target/test-dir/MiniOzoneClusterImpl-ff59c164-3798-4a7f-a16d-eeed9ffb3244/ozone-meta/datanode-1/data-0/hdds) is shutting down. 
2025-04-23 04:29:20,859 [ContainerDataScanner(/home/runner/work/ozone/ozone/hadoop-ozone/integration-test/target/test-dir/MiniOzoneClusterImpl-ff59c164-3798-4a7f-a16d-eeed9ffb3244/ozone-meta/datanode-1/data-0/hdds)] WARN  ozoneimpl.AbstractBackgroundContainerScanner (AbstractBackgroundContainerScanner.java:handleRemainingSleep(136)) - Background container scan was interrupted.
2025-04-23 04:29:20,859 [ContainerDataScanner(/home/runner/work/ozone/ozone/hadoop-ozone/integration-test/target/test-dir/MiniOzoneClusterImpl-ff59c164-3798-4a7f-a16d-eeed9ffb3244/ozone-meta/datanode-1/data-0/hdds)] INFO  ozoneimpl.AbstractBackgroundContainerScanner (AbstractBackgroundContainerScanner.java:run(63)) - ContainerDataScanner(/home/runner/work/ozone/ozone/hadoop-ozone/integration-test/target/test-dir/MiniOzoneClusterImpl-ff59c164-3798-4a7f-a16d-eeed9ffb3244/ozone-meta/datanode-1/data-0/hdds, DS-a244af38-4354-4f4c-8cf9-00da9955a6fb) exiting.
2025-04-23 04:29:20,859 [ContainerDataScanner(/home/runner/work/ozone/ozone/hadoop-ozone/integration-test/target/test-dir/MiniOzoneClusterImpl-ff59c164-3798-4a7f-a16d-eeed9ffb3244/ozone-meta/datanode-2/data-0/hdds)] WARN  ozoneimpl.AbstractBackgroundContainerScanner (AbstractBackgroundContainerScanner.java:handleRemainingSleep(136)) - Background container scan was interrupted.
2025-04-23 04:29:20,859 [ContainerDataScanner(/home/runner/work/ozone/ozone/hadoop-ozone/integration-test/target/test-dir/MiniOzoneClusterImpl-ff59c164-3798-4a7f-a16d-eeed9ffb3244/ozone-meta/datanode-2/data-0/hdds)] INFO  ozoneimpl.AbstractBackgroundContainerScanner (AbstractBackgroundContainerScanner.java:run(63)) - ContainerDataScanner(/home/runner/work/ozone/ozone/hadoop-ozone/integration-test/target/test-dir/MiniOzoneClusterImpl-ff59c164-3798-4a7f-a16d-eeed9ffb3244/ozone-meta/datanode-2/data-0/hdds, DS-9fb60b76-f0f4-45a6-90e6-02bb17381bcb) exiting.
2025-04-23 04:29:20,859 [ForkJoinPool.commonPool-worker-1] INFO  ozoneimpl.OnDemandContainerDataScanner (OnDemandContainerDataScanner.java:shutdownScanner(208)) - On-demand container scanner is shutting down.
2025-04-23 04:29:20,860 [main] INFO  ratis.XceiverServerRatis (XceiverServerRatis.java:stop(594)) - Closing XceiverServerRatis(4c9bf6b8-dff1-4348-8d13-20f037915169)
2025-04-23 04:29:20,860 [main] INFO  server.RaftServer (RaftServerProxy.java:lambda$close$9(417)) - 4c9bf6b8-dff1-4348-8d13-20f037915169: close
2025-04-23 04:29:20,860 [ForkJoinPool.commonPool-worker-1] INFO  ratis.XceiverServerRatis (XceiverServerRatis.java:stop(594)) - Closing XceiverServerRatis(10d18a7b-3cc1-41d1-8b83-572ee97c87aa)
2025-04-23 04:29:20,860 [ForkJoinPool.commonPool-worker-1] INFO  server.RaftServer (RaftServerProxy.java:lambda$close$9(417)) - 10d18a7b-3cc1-41d1-8b83-572ee97c87aa: close
2025-04-23 04:29:20,860 [ForkJoinPool.commonPool-worker-2] INFO  ratis.XceiverServerRatis (XceiverServerRatis.java:stop(594)) - Closing XceiverServerRatis(baf21fd8-fe83-4245-9dfa-94651746f6f6)
2025-04-23 04:29:20,860 [ForkJoinPool.commonPool-worker-2] INFO  server.RaftServer (RaftServerProxy.java:lambda$close$9(417)) - baf21fd8-fe83-4245-9dfa-94651746f6f6: close
2025-04-23 04:29:20,861 [4c9bf6b8-dff1-4348-8d13-20f037915169-impl-thread2] INFO  server.RaftServer$Division (RaftServerImpl.java:lambda$close$1(513)) - 4c9bf6b8-dff1-4348-8d13-20f037915169@group-E359F0EF759B: shutdown
2025-04-23 04:29:20,861 [4c9bf6b8-dff1-4348-8d13-20f037915169-impl-thread2] INFO  util.JmxRegister (JmxRegister.java:unregister(74)) - Successfully un-registered JMX Bean with object name Ratis:service=RaftServer,group=group-E359F0EF759B,id=4c9bf6b8-dff1-4348-8d13-20f037915169
2025-04-23 04:29:20,861 [4c9bf6b8-dff1-4348-8d13-20f037915169-impl-thread2] INFO  impl.RoleInfo (RoleInfo.java:shutdownLeaderState(103)) - 4c9bf6b8-dff1-4348-8d13-20f037915169: shutdown 4c9bf6b8-dff1-4348-8d13-20f037915169@group-E359F0EF759B-LeaderStateImpl
2025-04-23 04:29:20,861 [4c9bf6b8-dff1-4348-8d13-20f037915169-impl-thread2] INFO  impl.PendingRequests (PendingRequests.java:sendNotLeaderResponses(287)) - 4c9bf6b8-dff1-4348-8d13-20f037915169@group-E359F0EF759B-PendingRequests: sendNotLeaderResponses
2025-04-23 04:29:20,861 [10d18a7b-3cc1-41d1-8b83-572ee97c87aa-impl-thread2] INFO  server.RaftServer$Division (RaftServerImpl.java:lambda$close$1(513)) - 10d18a7b-3cc1-41d1-8b83-572ee97c87aa@group-18F743B1AB73: shutdown
2025-04-23 04:29:20,862 [10d18a7b-3cc1-41d1-8b83-572ee97c87aa-impl-thread2] INFO  util.JmxRegister (JmxRegister.java:unregister(74)) - Successfully un-registered JMX Bean with object name Ratis:service=RaftServer,group=group-18F743B1AB73,id=10d18a7b-3cc1-41d1-8b83-572ee97c87aa
2025-04-23 04:29:20,862 [10d18a7b-3cc1-41d1-8b83-572ee97c87aa-impl-thread2] INFO  impl.RoleInfo (RoleInfo.java:shutdownLeaderState(103)) - 10d18a7b-3cc1-41d1-8b83-572ee97c87aa: shutdown 10d18a7b-3cc1-41d1-8b83-572ee97c87aa@group-18F743B1AB73-LeaderStateImpl
2025-04-23 04:29:20,862 [10d18a7b-3cc1-41d1-8b83-572ee97c87aa-impl-thread2] INFO  impl.PendingRequests (PendingRequests.java:sendNotLeaderResponses(287)) - 10d18a7b-3cc1-41d1-8b83-572ee97c87aa@group-18F743B1AB73-PendingRequests: sendNotLeaderResponses
2025-04-23 04:29:20,862 [10d18a7b-3cc1-41d1-8b83-572ee97c87aa-impl-thread4] INFO  server.RaftServer$Division (RaftServerImpl.java:lambda$close$1(513)) - 10d18a7b-3cc1-41d1-8b83-572ee97c87aa@group-F5B1E3443A36: shutdown
2025-04-23 04:29:20,862 [10d18a7b-3cc1-41d1-8b83-572ee97c87aa-impl-thread4] INFO  util.JmxRegister (JmxRegister.java:unregister(74)) - Successfully un-registered JMX Bean with object name Ratis:service=RaftServer,group=group-F5B1E3443A36,id=10d18a7b-3cc1-41d1-8b83-572ee97c87aa
2025-04-23 04:29:20,862 [10d18a7b-3cc1-41d1-8b83-572ee97c87aa-impl-thread4] INFO  impl.RoleInfo (RoleInfo.java:shutdownLeaderState(103)) - 10d18a7b-3cc1-41d1-8b83-572ee97c87aa: shutdown 10d18a7b-3cc1-41d1-8b83-572ee97c87aa@group-F5B1E3443A36-LeaderStateImpl
2025-04-23 04:29:20,862 [10d18a7b-3cc1-41d1-8b83-572ee97c87aa-impl-thread4] INFO  impl.PendingRequests (PendingRequests.java:sendNotLeaderResponses(287)) - 10d18a7b-3cc1-41d1-8b83-572ee97c87aa@group-F5B1E3443A36-PendingRequests: sendNotLeaderResponses
2025-04-23 04:29:20,862 [4c9bf6b8-dff1-4348-8d13-20f037915169@group-E359F0EF759B->baf21fd8-fe83-4245-9dfa-94651746f6f6-GrpcLogAppender-LogAppenderDaemon] WARN  server.GrpcLogAppender (GrpcLogAppender.java:mayWait(293)) - 4c9bf6b8-dff1-4348-8d13-20f037915169@group-E359F0EF759B->baf21fd8-fe83-4245-9dfa-94651746f6f6-GrpcLogAppender: Wait interrupted by java.lang.InterruptedException
2025-04-23 04:29:20,862 [10d18a7b-3cc1-41d1-8b83-572ee97c87aa-impl-thread2] INFO  impl.StateMachineUpdater (StateMachineUpdater.java:stopAndJoin(164)) - 10d18a7b-3cc1-41d1-8b83-572ee97c87aa@group-18F743B1AB73-StateMachineUpdater: set stopIndex = 6
2025-04-23 04:29:20,863 [10d18a7b-3cc1-41d1-8b83-572ee97c87aa-impl-thread3] INFO  server.RaftServer$Division (RaftServerImpl.java:lambda$close$1(513)) - 10d18a7b-3cc1-41d1-8b83-572ee97c87aa@group-E359F0EF759B: shutdown
2025-04-23 04:29:20,863 [10d18a7b-3cc1-41d1-8b83-572ee97c87aa-impl-thread3] INFO  util.JmxRegister (JmxRegister.java:unregister(74)) - Successfully un-registered JMX Bean with object name Ratis:service=RaftServer,group=group-E359F0EF759B,id=10d18a7b-3cc1-41d1-8b83-572ee97c87aa
2025-04-23 04:29:20,863 [10d18a7b-3cc1-41d1-8b83-572ee97c87aa-impl-thread3] INFO  impl.RoleInfo (RoleInfo.java:shutdownFollowerState(121)) - 10d18a7b-3cc1-41d1-8b83-572ee97c87aa: shutdown 10d18a7b-3cc1-41d1-8b83-572ee97c87aa@group-E359F0EF759B-FollowerState
2025-04-23 04:29:20,863 [ForkJoinPool.commonPool-worker-1] INFO  server.GrpcService (GrpcService.java:closeImpl(343)) - 10d18a7b-3cc1-41d1-8b83-572ee97c87aa: shutdown server org.apache.ratis.grpc.server.GrpcClientProtocolService now
2025-04-23 04:29:20,863 [10d18a7b-3cc1-41d1-8b83-572ee97c87aa-impl-thread3] INFO  impl.StateMachineUpdater (StateMachineUpdater.java:stopAndJoin(164)) - 10d18a7b-3cc1-41d1-8b83-572ee97c87aa@group-E359F0EF759B-StateMachineUpdater: set stopIndex = 0
2025-04-23 04:29:20,863 [10d18a7b-3cc1-41d1-8b83-572ee97c87aa@group-E359F0EF759B-StateMachineUpdater] INFO  ratis.ContainerStateMachine (ContainerStateMachine.java:takeSnapshot(426)) - group-E359F0EF759B: Taking a snapshot at:(t:1, i:0) file /home/runner/work/ozone/ozone/hadoop-ozone/integration-test/target/test-dir/MiniOzoneClusterImpl-ff59c164-3798-4a7f-a16d-eeed9ffb3244/ozone-meta/datanode-3/ratis/243dee80-d9db-4c08-9b44-e359f0ef759b/sm/snapshot.1_0
2025-04-23 04:29:20,863 [baf21fd8-fe83-4245-9dfa-94651746f6f6-impl-thread2] INFO  server.RaftServer$Division (RaftServerImpl.java:lambda$close$1(513)) - baf21fd8-fe83-4245-9dfa-94651746f6f6@group-30AD776CE79A: shutdown
2025-04-23 04:29:20,863 [baf21fd8-fe83-4245-9dfa-94651746f6f6-impl-thread2] INFO  util.JmxRegister (JmxRegister.java:unregister(74)) - Successfully un-registered JMX Bean with object name Ratis:service=RaftServer,group=group-30AD776CE79A,id=baf21fd8-fe83-4245-9dfa-94651746f6f6
2025-04-23 04:29:20,863 [baf21fd8-fe83-4245-9dfa-94651746f6f6-impl-thread2] INFO  impl.RoleInfo (RoleInfo.java:shutdownLeaderState(103)) - baf21fd8-fe83-4245-9dfa-94651746f6f6: shutdown baf21fd8-fe83-4245-9dfa-94651746f6f6@group-30AD776CE79A-LeaderStateImpl
2025-04-23 04:29:20,863 [baf21fd8-fe83-4245-9dfa-94651746f6f6-impl-thread2] INFO  impl.PendingRequests (PendingRequests.java:sendNotLeaderResponses(287)) - baf21fd8-fe83-4245-9dfa-94651746f6f6@group-30AD776CE79A-PendingRequests: sendNotLeaderResponses
2025-04-23 04:29:20,863 [grpc-default-executor-0] INFO  server.GrpcServerProtocolService (GrpcServerProtocolService.java:onCompleted(157)) - baf21fd8-fe83-4245-9dfa-94651746f6f6: Completed APPEND_ENTRIES, lastRequest: 4c9bf6b8-dff1-4348-8d13-20f037915169->baf21fd8-fe83-4245-9dfa-94651746f6f6#1-t1,previous=(t:0, i:0),leaderCommit=-1,initializing? false,entries: size=1, first=(t:1, i:0), CONFIGURATIONENTRY(current:id:"baf21fd8-fe83-4245-9dfa-94651746f6f6"address:"127.0.0.1:15023"dataStreamAddress:"127.0.0.1:15024"clientAddress:"127.0.0.1:15021"adminAddress:"127.0.0.1:15022"startupRole:FOLLOWER, id:"4c9bf6b8-dff1-4348-8d13-20f037915169"address:"127.0.0.1:15031"priority:1dataStreamAddress:"127.0.0.1:15032"clientAddress:"127.0.0.1:15029"adminAddress:"127.0.0.1:15030"startupRole:FOLLOWER, id:"10d18a7b-3cc1-41d1-8b83-572ee97c87aa"address:"127.0.0.1:15039"dataStreamAddress:"127.0.0.1:15040"clientAddress:"127.0.0.1:15037"adminAddress:"127.0.0.1:15038"startupRole:FOLLOWER, old:)
2025-04-23 04:29:20,863 [grpc-default-executor-0] INFO  server.GrpcServerProtocolService (GrpcServerProtocolService.java:lambda$onCompleted$5(159)) - baf21fd8-fe83-4245-9dfa-94651746f6f6: Completed APPEND_ENTRIES, lastReply: null
2025-04-23 04:29:20,863 [4c9bf6b8-dff1-4348-8d13-20f037915169@group-E359F0EF759B->10d18a7b-3cc1-41d1-8b83-572ee97c87aa-GrpcLogAppender-LogAppenderDaemon] WARN  server.GrpcLogAppender (GrpcLogAppender.java:mayWait(293)) - 4c9bf6b8-dff1-4348-8d13-20f037915169@group-E359F0EF759B->10d18a7b-3cc1-41d1-8b83-572ee97c87aa-GrpcLogAppender: Wait interrupted by java.lang.InterruptedException
2025-04-23 04:29:20,863 [10d18a7b-3cc1-41d1-8b83-572ee97c87aa@group-E359F0EF759B-FollowerState] INFO  impl.FollowerState (FollowerState.java:runImpl(170)) - 10d18a7b-3cc1-41d1-8b83-572ee97c87aa@group-E359F0EF759B-FollowerState was interrupted
2025-04-23 04:29:20,864 [10d18a7b-3cc1-41d1-8b83-572ee97c87aa@group-F5B1E3443A36->4c9bf6b8-dff1-4348-8d13-20f037915169-GrpcLogAppender-LogAppenderDaemon] WARN  server.GrpcLogAppender (GrpcLogAppender.java:mayWait(293)) - 10d18a7b-3cc1-41d1-8b83-572ee97c87aa@group-F5B1E3443A36->4c9bf6b8-dff1-4348-8d13-20f037915169-GrpcLogAppender: Wait interrupted by java.lang.InterruptedException
2025-04-23 04:29:20,864 [10d18a7b-3cc1-41d1-8b83-572ee97c87aa@group-F5B1E3443A36->baf21fd8-fe83-4245-9dfa-94651746f6f6-GrpcLogAppender-LogAppenderDaemon] WARN  server.GrpcLogAppender (GrpcLogAppender.java:mayWait(293)) - 10d18a7b-3cc1-41d1-8b83-572ee97c87aa@group-F5B1E3443A36->baf21fd8-fe83-4245-9dfa-94651746f6f6-GrpcLogAppender: Wait interrupted by java.lang.InterruptedException
2025-04-23 04:29:20,864 [baf21fd8-fe83-4245-9dfa-94651746f6f6-impl-thread3] INFO  server.RaftServer$Division (RaftServerImpl.java:lambda$close$1(513)) - baf21fd8-fe83-4245-9dfa-94651746f6f6@group-E359F0EF759B: shutdown
2025-04-23 04:29:20,864 [baf21fd8-fe83-4245-9dfa-94651746f6f6-impl-thread3] INFO  util.JmxRegister (JmxRegister.java:unregister(74)) - Successfully un-registered JMX Bean with object name Ratis:service=RaftServer,group=group-E359F0EF759B,id=baf21fd8-fe83-4245-9dfa-94651746f6f6
2025-04-23 04:29:20,864 [baf21fd8-fe83-4245-9dfa-94651746f6f6-impl-thread3] INFO  impl.RoleInfo (RoleInfo.java:shutdownFollowerState(121)) - baf21fd8-fe83-4245-9dfa-94651746f6f6: shutdown baf21fd8-fe83-4245-9dfa-94651746f6f6@group-E359F0EF759B-FollowerState
2025-04-23 04:29:20,864 [baf21fd8-fe83-4245-9dfa-94651746f6f6-impl-thread3] INFO  impl.StateMachineUpdater (StateMachineUpdater.java:stopAndJoin(164)) - baf21fd8-fe83-4245-9dfa-94651746f6f6@group-E359F0EF759B-StateMachineUpdater: set stopIndex = 0
2025-04-23 04:29:20,864 [baf21fd8-fe83-4245-9dfa-94651746f6f6-impl-thread2] INFO  impl.StateMachineUpdater (StateMachineUpdater.java:stopAndJoin(164)) - baf21fd8-fe83-4245-9dfa-94651746f6f6@group-30AD776CE79A-StateMachineUpdater: set stopIndex = 17
2025-04-23 04:29:20,864 [baf21fd8-fe83-4245-9dfa-94651746f6f6@group-E359F0EF759B-StateMachineUpdater] INFO  ratis.ContainerStateMachine (ContainerStateMachine.java:takeSnapshot(426)) - group-E359F0EF759B: Taking a snapshot at:(t:1, i:0) file /home/runner/work/ozone/ozone/hadoop-ozone/integration-test/target/test-dir/MiniOzoneClusterImpl-ff59c164-3798-4a7f-a16d-eeed9ffb3244/ozone-meta/datanode-1/ratis/243dee80-d9db-4c08-9b44-e359f0ef759b/sm/snapshot.1_0
2025-04-23 04:29:20,864 [grpc-default-executor-4] INFO  server.GrpcServerProtocolService (GrpcServerProtocolService.java:onCompleted(157)) - baf21fd8-fe83-4245-9dfa-94651746f6f6: Completed APPEND_ENTRIES, lastRequest: 10d18a7b-3cc1-41d1-8b83-572ee97c87aa->baf21fd8-fe83-4245-9dfa-94651746f6f6#1-t1,previous=(t:0, i:0),leaderCommit=-1,initializing? false,entries: size=1, first=(t:1, i:0), CONFIGURATIONENTRY(current:id:"baf21fd8-fe83-4245-9dfa-94651746f6f6"address:"127.0.0.1:15023"dataStreamAddress:"127.0.0.1:15024"clientAddress:"127.0.0.1:15021"adminAddress:"127.0.0.1:15022"startupRole:FOLLOWER, id:"4c9bf6b8-dff1-4348-8d13-20f037915169"address:"127.0.0.1:15031"dataStreamAddress:"127.0.0.1:15032"clientAddress:"127.0.0.1:15029"adminAddress:"127.0.0.1:15030"startupRole:FOLLOWER, id:"10d18a7b-3cc1-41d1-8b83-572ee97c87aa"address:"127.0.0.1:15039"priority:1dataStreamAddress:"127.0.0.1:15040"clientAddress:"127.0.0.1:15037"adminAddress:"127.0.0.1:15038"startupRole:FOLLOWER, old:)
2025-04-23 04:29:20,864 [grpc-default-executor-4] INFO  server.GrpcServerProtocolService (GrpcServerProtocolService.java:lambda$onCompleted$5(159)) - baf21fd8-fe83-4245-9dfa-94651746f6f6: Completed APPEND_ENTRIES, lastReply: null
2025-04-23 04:29:20,865 [10d18a7b-3cc1-41d1-8b83-572ee97c87aa@group-18F743B1AB73-StateMachineUpdater] INFO  ratis.ContainerStateMachine (ContainerStateMachine.java:takeSnapshot(426)) - group-18F743B1AB73: Taking a snapshot at:(t:1, i:6) file /home/runner/work/ozone/ozone/hadoop-ozone/integration-test/target/test-dir/MiniOzoneClusterImpl-ff59c164-3798-4a7f-a16d-eeed9ffb3244/ozone-meta/datanode-3/ratis/f6e2510d-09a5-45d1-a1bd-18f743b1ab73/sm/snapshot.1_6
2025-04-23 04:29:20,864 [baf21fd8-fe83-4245-9dfa-94651746f6f6@group-E359F0EF759B-FollowerState] INFO  impl.FollowerState (FollowerState.java:runImpl(170)) - baf21fd8-fe83-4245-9dfa-94651746f6f6@group-E359F0EF759B-FollowerState was interrupted
2025-04-23 04:29:20,865 [grpc-default-executor-6] INFO  server.GrpcLogAppender (GrpcLogAppender.java:onCompleted(550)) - 10d18a7b-3cc1-41d1-8b83-572ee97c87aa@group-F5B1E3443A36->baf21fd8-fe83-4245-9dfa-94651746f6f6-AppendLogResponseHandler: follower responses appendEntries COMPLETED
2025-04-23 04:29:20,865 [grpc-default-executor-2] INFO  server.GrpcServerProtocolService (GrpcServerProtocolService.java:onCompleted(157)) - 10d18a7b-3cc1-41d1-8b83-572ee97c87aa: Completed APPEND_ENTRIES, lastRequest: 4c9bf6b8-dff1-4348-8d13-20f037915169->10d18a7b-3cc1-41d1-8b83-572ee97c87aa#1-t1,previous=(t:0, i:0),leaderCommit=-1,initializing? false,entries: size=1, first=(t:1, i:0), CONFIGURATIONENTRY(current:id:"baf21fd8-fe83-4245-9dfa-94651746f6f6"address:"127.0.0.1:15023"dataStreamAddress:"127.0.0.1:15024"clientAddress:"127.0.0.1:15021"adminAddress:"127.0.0.1:15022"startupRole:FOLLOWER, id:"4c9bf6b8-dff1-4348-8d13-20f037915169"address:"127.0.0.1:15031"priority:1dataStreamAddress:"127.0.0.1:15032"clientAddress:"127.0.0.1:15029"adminAddress:"127.0.0.1:15030"startupRole:FOLLOWER, id:"10d18a7b-3cc1-41d1-8b83-572ee97c87aa"address:"127.0.0.1:15039"dataStreamAddress:"127.0.0.1:15040"clientAddress:"127.0.0.1:15037"adminAddress:"127.0.0.1:15038"startupRole:FOLLOWER, old:)
2025-04-23 04:29:20,865 [grpc-default-executor-2] INFO  server.GrpcServerProtocolService (GrpcServerProtocolService.java:lambda$onCompleted$5(159)) - 10d18a7b-3cc1-41d1-8b83-572ee97c87aa: Completed APPEND_ENTRIES, lastReply: null
2025-04-23 04:29:20,865 [grpc-default-executor-0] INFO  server.GrpcServerProtocolService (GrpcServerProtocolService.java:onCompleted(157)) - baf21fd8-fe83-4245-9dfa-94651746f6f6: Completed APPEND_ENTRIES, lastRequest: null
2025-04-23 04:29:20,866 [baf21fd8-fe83-4245-9dfa-94651746f6f6@group-30AD776CE79A-StateMachineUpdater] INFO  ratis.ContainerStateMachine (ContainerStateMachine.java:takeSnapshot(426)) - group-30AD776CE79A: Taking a snapshot at:(t:1, i:17) file /home/runner/work/ozone/ozone/hadoop-ozone/integration-test/target/test-dir/MiniOzoneClusterImpl-ff59c164-3798-4a7f-a16d-eeed9ffb3244/ozone-meta/datanode-1/ratis/e0e309c8-9a5a-4e4c-ab30-30ad776ce79a/sm/snapshot.1_17
2025-04-23 04:29:20,866 [grpc-default-executor-1] INFO  server.GrpcServerProtocolService (GrpcServerProtocolService.java:onCompleted(157)) - baf21fd8-fe83-4245-9dfa-94651746f6f6: Completed APPEND_ENTRIES, lastRequest: null
2025-04-23 04:29:20,866 [ForkJoinPool.commonPool-worker-2] INFO  server.GrpcService (GrpcService.java:closeImpl(343)) - baf21fd8-fe83-4245-9dfa-94651746f6f6: shutdown server org.apache.ratis.grpc.server.GrpcClientProtocolService now
2025-04-23 04:29:20,866 [baf21fd8-fe83-4245-9dfa-94651746f6f6-impl-thread4] INFO  server.RaftServer$Division (RaftServerImpl.java:lambda$close$1(513)) - baf21fd8-fe83-4245-9dfa-94651746f6f6@group-F5B1E3443A36: shutdown
2025-04-23 04:29:20,866 [baf21fd8-fe83-4245-9dfa-94651746f6f6-impl-thread4] INFO  util.JmxRegister (JmxRegister.java:unregister(74)) - Successfully un-registered JMX Bean with object name Ratis:service=RaftServer,group=group-F5B1E3443A36,id=baf21fd8-fe83-4245-9dfa-94651746f6f6
2025-04-23 04:29:20,866 [baf21fd8-fe83-4245-9dfa-94651746f6f6-impl-thread4] INFO  impl.RoleInfo (RoleInfo.java:shutdownFollowerState(121)) - baf21fd8-fe83-4245-9dfa-94651746f6f6: shutdown baf21fd8-fe83-4245-9dfa-94651746f6f6@group-F5B1E3443A36-FollowerState
2025-04-23 04:29:20,866 [baf21fd8-fe83-4245-9dfa-94651746f6f6-impl-thread4] INFO  impl.StateMachineUpdater (StateMachineUpdater.java:stopAndJoin(164)) - baf21fd8-fe83-4245-9dfa-94651746f6f6@group-F5B1E3443A36-StateMachineUpdater: set stopIndex = 0
2025-04-23 04:29:20,866 [baf21fd8-fe83-4245-9dfa-94651746f6f6@group-F5B1E3443A36-StateMachineUpdater] INFO  ratis.ContainerStateMachine (ContainerStateMachine.java:takeSnapshot(426)) - group-F5B1E3443A36: Taking a snapshot at:(t:1, i:0) file /home/runner/work/ozone/ozone/hadoop-ozone/integration-test/target/test-dir/MiniOzoneClusterImpl-ff59c164-3798-4a7f-a16d-eeed9ffb3244/ozone-meta/datanode-1/ratis/62edc9d3-8464-4391-ae20-f5b1e3443a36/sm/snapshot.1_0
2025-04-23 04:29:20,866 [4c9bf6b8-dff1-4348-8d13-20f037915169-impl-thread2] INFO  impl.StateMachineUpdater (StateMachineUpdater.java:stopAndJoin(164)) - 4c9bf6b8-dff1-4348-8d13-20f037915169@group-E359F0EF759B-StateMachineUpdater: set stopIndex = 0
2025-04-23 04:29:20,867 [grpc-default-executor-5] INFO  server.GrpcServerProtocolService (GrpcServerProtocolService.java:onCompleted(157)) - 4c9bf6b8-dff1-4348-8d13-20f037915169: Completed APPEND_ENTRIES, lastRequest: 10d18a7b-3cc1-41d1-8b83-572ee97c87aa->4c9bf6b8-dff1-4348-8d13-20f037915169#1-t1,previous=(t:0, i:0),leaderCommit=-1,initializing? false,entries: size=1, first=(t:1, i:0), CONFIGURATIONENTRY(current:id:"baf21fd8-fe83-4245-9dfa-94651746f6f6"address:"127.0.0.1:15023"dataStreamAddress:"127.0.0.1:15024"clientAddress:"127.0.0.1:15021"adminAddress:"127.0.0.1:15022"startupRole:FOLLOWER, id:"4c9bf6b8-dff1-4348-8d13-20f037915169"address:"127.0.0.1:15031"dataStreamAddress:"127.0.0.1:15032"clientAddress:"127.0.0.1:15029"adminAddress:"127.0.0.1:15030"startupRole:FOLLOWER, id:"10d18a7b-3cc1-41d1-8b83-572ee97c87aa"address:"127.0.0.1:15039"priority:1dataStreamAddress:"127.0.0.1:15040"clientAddress:"127.0.0.1:15037"adminAddress:"127.0.0.1:15038"startupRole:FOLLOWER, old:)
2025-04-23 04:29:20,867 [grpc-default-executor-5] INFO  server.GrpcServerProtocolService (GrpcServerProtocolService.java:lambda$onCompleted$5(159)) - 4c9bf6b8-dff1-4348-8d13-20f037915169: Completed APPEND_ENTRIES, lastReply: null
2025-04-23 04:29:20,866 [grpc-default-executor-1] INFO  server.GrpcServerProtocolService (GrpcServerProtocolService.java:lambda$onCompleted$5(159)) - baf21fd8-fe83-4245-9dfa-94651746f6f6: Completed APPEND_ENTRIES, lastReply: serverReply {
  requestorId: "10d18a7b-3cc1-41d1-8b83-572ee97c87aa"
  replyId: "baf21fd8-fe83-4245-9dfa-94651746f6f6"
  raftGroupId {
    id: "b\355\311\323\204dC\221\256 \365\261\343D:6"
  }
  callId: 60
  success: true
}
term: 1
nextIndex: 1
matchIndex: 18446744073709551615
isHearbeat: true

2025-04-23 04:29:20,867 [baf21fd8-fe83-4245-9dfa-94651746f6f6@group-F5B1E3443A36-FollowerState] INFO  impl.FollowerState (FollowerState.java:runImpl(170)) - baf21fd8-fe83-4245-9dfa-94651746f6f6@group-F5B1E3443A36-FollowerState was interrupted
2025-04-23 04:29:20,867 [10d18a7b-3cc1-41d1-8b83-572ee97c87aa-impl-thread4] INFO  impl.StateMachineUpdater (StateMachineUpdater.java:stopAndJoin(164)) - 10d18a7b-3cc1-41d1-8b83-572ee97c87aa@group-F5B1E3443A36-StateMachineUpdater: set stopIndex = 0
2025-04-23 04:29:20,867 [4c9bf6b8-dff1-4348-8d13-20f037915169-impl-thread3] INFO  server.RaftServer$Division (RaftServerImpl.java:lambda$close$1(513)) - 4c9bf6b8-dff1-4348-8d13-20f037915169@group-F5B1E3443A36: shutdown
2025-04-23 04:29:20,867 [4c9bf6b8-dff1-4348-8d13-20f037915169-impl-thread3] INFO  util.JmxRegister (JmxRegister.java:unregister(74)) - Successfully un-registered JMX Bean with object name Ratis:service=RaftServer,group=group-F5B1E3443A36,id=4c9bf6b8-dff1-4348-8d13-20f037915169
2025-04-23 04:29:20,867 [4c9bf6b8-dff1-4348-8d13-20f037915169-impl-thread3] INFO  impl.RoleInfo (RoleInfo.java:shutdownFollowerState(121)) - 4c9bf6b8-dff1-4348-8d13-20f037915169: shutdown 4c9bf6b8-dff1-4348-8d13-20f037915169@group-F5B1E3443A36-FollowerState
2025-04-23 04:29:20,867 [4c9bf6b8-dff1-4348-8d13-20f037915169-impl-thread3] INFO  impl.StateMachineUpdater (StateMachineUpdater.java:stopAndJoin(164)) - 4c9bf6b8-dff1-4348-8d13-20f037915169@group-F5B1E3443A36-StateMachineUpdater: set stopIndex = 0
2025-04-23 04:29:20,867 [grpc-default-executor-0] INFO  server.GrpcServerProtocolService (GrpcServerProtocolService.java:lambda$onCompleted$5(159)) - baf21fd8-fe83-4245-9dfa-94651746f6f6: Completed APPEND_ENTRIES, lastReply: serverReply {
  requestorId: "4c9bf6b8-dff1-4348-8d13-20f037915169"
  replyId: "baf21fd8-fe83-4245-9dfa-94651746f6f6"
  raftGroupId {
    id: "$=\356\200\331\333L\b\233D\343Y\360\357u\233"
  }
  callId: 60
  success: true
}
term: 1
nextIndex: 1
matchIndex: 18446744073709551615
isHearbeat: true

2025-04-23 04:29:20,867 [main] INFO  server.GrpcService (GrpcService.java:closeImpl(343)) - 4c9bf6b8-dff1-4348-8d13-20f037915169: shutdown server org.apache.ratis.grpc.server.GrpcClientProtocolService now
2025-04-23 04:29:20,867 [10d18a7b-3cc1-41d1-8b83-572ee97c87aa@group-F5B1E3443A36-StateMachineUpdater] INFO  ratis.ContainerStateMachine (ContainerStateMachine.java:takeSnapshot(426)) - group-F5B1E3443A36: Taking a snapshot at:(t:1, i:0) file /home/runner/work/ozone/ozone/hadoop-ozone/integration-test/target/test-dir/MiniOzoneClusterImpl-ff59c164-3798-4a7f-a16d-eeed9ffb3244/ozone-meta/datanode-3/ratis/62edc9d3-8464-4391-ae20-f5b1e3443a36/sm/snapshot.1_0
2025-04-23 04:29:20,867 [grpc-default-executor-2] INFO  server.GrpcLogAppender (GrpcLogAppender.java:onCompleted(550)) - 10d18a7b-3cc1-41d1-8b83-572ee97c87aa@group-F5B1E3443A36->baf21fd8-fe83-4245-9dfa-94651746f6f6-AppendLogResponseHandler: follower responses appendEntries COMPLETED
2025-04-23 04:29:20,867 [4c9bf6b8-dff1-4348-8d13-20f037915169@group-F5B1E3443A36-StateMachineUpdater] INFO  ratis.ContainerStateMachine (ContainerStateMachine.java:takeSnapshot(426)) - group-F5B1E3443A36: Taking a snapshot at:(t:1, i:0) file /home/runner/work/ozone/ozone/hadoop-ozone/integration-test/target/test-dir/MiniOzoneClusterImpl-ff59c164-3798-4a7f-a16d-eeed9ffb3244/ozone-meta/datanode-2/ratis/62edc9d3-8464-4391-ae20-f5b1e3443a36/sm/snapshot.1_0
2025-04-23 04:29:20,867 [4c9bf6b8-dff1-4348-8d13-20f037915169@group-F5B1E3443A36-FollowerState] INFO  impl.FollowerState (FollowerState.java:runImpl(170)) - 4c9bf6b8-dff1-4348-8d13-20f037915169@group-F5B1E3443A36-FollowerState was interrupted
2025-04-23 04:29:20,870 [4c9bf6b8-dff1-4348-8d13-20f037915169@group-E359F0EF759B-StateMachineUpdater] INFO  ratis.ContainerStateMachine (ContainerStateMachine.java:takeSnapshot(426)) - group-E359F0EF759B: Taking a snapshot at:(t:1, i:0) file /home/runner/work/ozone/ozone/hadoop-ozone/integration-test/target/test-dir/MiniOzoneClusterImpl-ff59c164-3798-4a7f-a16d-eeed9ffb3244/ozone-meta/datanode-2/ratis/243dee80-d9db-4c08-9b44-e359f0ef759b/sm/snapshot.1_0
2025-04-23 04:29:20,870 [4c9bf6b8-dff1-4348-8d13-20f037915169-impl-thread4] INFO  server.RaftServer$Division (RaftServerImpl.java:lambda$close$1(513)) - 4c9bf6b8-dff1-4348-8d13-20f037915169@group-A1D636EADC31: shutdown
2025-04-23 04:29:20,870 [4c9bf6b8-dff1-4348-8d13-20f037915169-impl-thread4] INFO  util.JmxRegister (JmxRegister.java:unregister(74)) - Successfully un-registered JMX Bean with object name Ratis:service=RaftServer,group=group-A1D636EADC31,id=4c9bf6b8-dff1-4348-8d13-20f037915169
2025-04-23 04:29:20,870 [4c9bf6b8-dff1-4348-8d13-20f037915169-impl-thread4] INFO  impl.RoleInfo (RoleInfo.java:shutdownLeaderState(103)) - 4c9bf6b8-dff1-4348-8d13-20f037915169: shutdown 4c9bf6b8-dff1-4348-8d13-20f037915169@group-A1D636EADC31-LeaderStateImpl
2025-04-23 04:29:20,870 [4c9bf6b8-dff1-4348-8d13-20f037915169-impl-thread4] INFO  impl.PendingRequests (PendingRequests.java:sendNotLeaderResponses(287)) - 4c9bf6b8-dff1-4348-8d13-20f037915169@group-A1D636EADC31-PendingRequests: sendNotLeaderResponses
2025-04-23 04:29:20,870 [grpc-default-executor-7] INFO  server.GrpcServerProtocolService (GrpcServerProtocolService.java:onCompleted(157)) - 10d18a7b-3cc1-41d1-8b83-572ee97c87aa: Completed APPEND_ENTRIES, lastRequest: null
2025-04-23 04:29:20,871 [grpc-default-executor-7] INFO  server.GrpcServerProtocolService (GrpcServerProtocolService.java:lambda$onCompleted$5(159)) - 10d18a7b-3cc1-41d1-8b83-572ee97c87aa: Completed APPEND_ENTRIES, lastReply: serverReply {
  requestorId: "4c9bf6b8-dff1-4348-8d13-20f037915169"
  replyId: "10d18a7b-3cc1-41d1-8b83-572ee97c87aa"
  raftGroupId {
    id: "$=\356\200\331\333L\b\233D\343Y\360\357u\233"
  }
  callId: 62
  success: true
}
term: 1
nextIndex: 1
matchIndex: 18446744073709551615
isHearbeat: true

2025-04-23 04:29:20,871 [grpc-default-executor-7] INFO  server.GrpcLogAppender (GrpcLogAppender.java:onCompleted(550)) - 4c9bf6b8-dff1-4348-8d13-20f037915169@group-E359F0EF759B->baf21fd8-fe83-4245-9dfa-94651746f6f6-AppendLogResponseHandler: follower responses appendEntries COMPLETED
2025-04-23 04:29:20,871 [4c9bf6b8-dff1-4348-8d13-20f037915169@group-A1D636EADC31-StateMachineUpdater] INFO  ratis.ContainerStateMachine (ContainerStateMachine.java:takeSnapshot(426)) - group-A1D636EADC31: Taking a snapshot at:(t:1, i:12) file /home/runner/work/ozone/ozone/hadoop-ozone/integration-test/target/test-dir/MiniOzoneClusterImpl-ff59c164-3798-4a7f-a16d-eeed9ffb3244/ozone-meta/datanode-2/ratis/367d929d-ae1d-43a8-b6d6-a1d636eadc31/sm/snapshot.1_12
2025-04-23 04:29:20,871 [4c9bf6b8-dff1-4348-8d13-20f037915169-impl-thread4] INFO  impl.StateMachineUpdater (StateMachineUpdater.java:stopAndJoin(164)) - 4c9bf6b8-dff1-4348-8d13-20f037915169@group-A1D636EADC31-StateMachineUpdater: set stopIndex = 12
2025-04-23 04:29:20,871 [grpc-default-executor-7] INFO  server.GrpcLogAppender (GrpcLogAppender.java:onCompleted(550)) - 4c9bf6b8-dff1-4348-8d13-20f037915169@group-E359F0EF759B->10d18a7b-3cc1-41d1-8b83-572ee97c87aa-AppendLogResponseHandler: follower responses appendEntries COMPLETED
2025-04-23 04:29:20,871 [Thread-6889] INFO  server.GrpcServerProtocolClient (GrpcServerProtocolClient.java:close(105)) - 4c9bf6b8-dff1-4348-8d13-20f037915169 Close channels
2025-04-23 04:29:20,872 [Thread-6885] INFO  server.GrpcServerProtocolClient (GrpcServerProtocolClient.java:close(105)) - baf21fd8-fe83-4245-9dfa-94651746f6f6 Close channels
2025-04-23 04:29:20,872 [grpc-default-executor-2] INFO  server.GrpcLogAppender (GrpcLogAppender.java:onCompleted(550)) - 4c9bf6b8-dff1-4348-8d13-20f037915169@group-E359F0EF759B->baf21fd8-fe83-4245-9dfa-94651746f6f6-AppendLogResponseHandler: follower responses appendEntries COMPLETED
2025-04-23 04:29:20,872 [grpc-default-executor-6] INFO  server.GrpcServerProtocolService (GrpcServerProtocolService.java:onCompleted(157)) - 4c9bf6b8-dff1-4348-8d13-20f037915169: Completed APPEND_ENTRIES, lastRequest: null
2025-04-23 04:29:20,872 [grpc-default-executor-6] INFO  server.GrpcServerProtocolService (GrpcServerProtocolService.java:lambda$onCompleted$5(159)) - 4c9bf6b8-dff1-4348-8d13-20f037915169: Completed APPEND_ENTRIES, lastReply: serverReply {
  requestorId: "10d18a7b-3cc1-41d1-8b83-572ee97c87aa"
  replyId: "4c9bf6b8-dff1-4348-8d13-20f037915169"
  raftGroupId {
    id: "b\355\311\323\204dC\221\256 \365\261\343D:6"
  }
  callId: 61
  success: true
}
term: 1
nextIndex: 1
matchIndex: 18446744073709551615
isHearbeat: true

2025-04-23 04:29:20,872 [grpc-default-executor-8] INFO  server.GrpcLogAppender (GrpcLogAppender.java:onCompleted(550)) - 10d18a7b-3cc1-41d1-8b83-572ee97c87aa@group-F5B1E3443A36->4c9bf6b8-dff1-4348-8d13-20f037915169-AppendLogResponseHandler: follower responses appendEntries COMPLETED
2025-04-23 04:29:20,872 [grpc-default-executor-8] WARN  server.GrpcLogAppender (GrpcLogAppender.java:resetClient(230)) - 10d18a7b-3cc1-41d1-8b83-572ee97c87aa@group-F5B1E3443A36->4c9bf6b8-dff1-4348-8d13-20f037915169-GrpcLogAppender: Failed to getClient for 4c9bf6b8-dff1-4348-8d13-20f037915169
org.apache.ratis.protocol.exceptions.AlreadyClosedException: 10d18a7b-3cc1-41d1-8b83-572ee97c87aa is already CLOSED
	at org.apache.ratis.util.PeerProxyMap$PeerAndProxy.getProxy(PeerProxyMap.java:67)
	at org.apache.ratis.util.PeerProxyMap.getProxy(PeerProxyMap.java:124)
	at org.apache.ratis.grpc.server.GrpcLogAppender.getClient(GrpcLogAppender.java:200)
	at org.apache.ratis.grpc.server.GrpcLogAppender.resetClient(GrpcLogAppender.java:205)
	at org.apache.ratis.grpc.server.GrpcLogAppender.access$800(GrpcLogAppender.java:64)
	at org.apache.ratis.grpc.server.GrpcLogAppender$AppendLogResponseHandler.onCompleted(GrpcLogAppender.java:551)
	at org.apache.ratis.thirdparty.io.grpc.stub.ClientCalls$StreamObserverToCallListenerAdapter.onClose(ClientCalls.java:479)
	at org.apache.ratis.thirdparty.io.grpc.internal.ClientCallImpl.closeObserver(ClientCallImpl.java:567)
	at org.apache.ratis.thirdparty.io.grpc.internal.ClientCallImpl.access$300(ClientCallImpl.java:71)
	at org.apache.ratis.thirdparty.io.grpc.internal.ClientCallImpl$ClientStreamListenerImpl$1StreamClosed.runInternal(ClientCallImpl.java:735)
	at org.apache.ratis.thirdparty.io.grpc.internal.ClientCallImpl$ClientStreamListenerImpl$1StreamClosed.runInContext(ClientCallImpl.java:716)
	at org.apache.ratis.thirdparty.io.grpc.internal.ContextRunnable.run(ContextRunnable.java:37)
	at org.apache.ratis.thirdparty.io.grpc.internal.SerializingExecutor.run(SerializingExecutor.java:133)
	at java.base/java.util.concurrent.ThreadPoolExecutor.runWorker(ThreadPoolExecutor.java:1144)
	at java.base/java.util.concurrent.ThreadPoolExecutor$Worker.run(ThreadPoolExecutor.java:642)
	at java.base/java.lang.Thread.run(Thread.java:1583)
2025-04-23 04:29:20,872 [grpc-default-executor-9] INFO  server.GrpcLogAppender (GrpcLogAppender.java:onCompleted(550)) - 4c9bf6b8-dff1-4348-8d13-20f037915169@group-E359F0EF759B->10d18a7b-3cc1-41d1-8b83-572ee97c87aa-AppendLogResponseHandler: follower responses appendEntries COMPLETED
2025-04-23 04:29:20,873 [Thread-6888] INFO  server.GrpcServerProtocolClient (GrpcServerProtocolClient.java:close(105)) - baf21fd8-fe83-4245-9dfa-94651746f6f6 Close channels
2025-04-23 04:29:20,873 [grpc-default-executor-6] INFO  server.GrpcLogAppender (GrpcLogAppender.java:onCompleted(550)) - 10d18a7b-3cc1-41d1-8b83-572ee97c87aa@group-F5B1E3443A36->4c9bf6b8-dff1-4348-8d13-20f037915169-AppendLogResponseHandler: follower responses appendEntries COMPLETED
2025-04-23 04:29:20,873 [grpc-default-executor-6] WARN  server.GrpcLogAppender (GrpcLogAppender.java:resetClient(230)) - 10d18a7b-3cc1-41d1-8b83-572ee97c87aa@group-F5B1E3443A36->4c9bf6b8-dff1-4348-8d13-20f037915169-GrpcLogAppender: Failed to getClient for 4c9bf6b8-dff1-4348-8d13-20f037915169
org.apache.ratis.protocol.exceptions.AlreadyClosedException: 10d18a7b-3cc1-41d1-8b83-572ee97c87aa is already CLOSED
	at org.apache.ratis.util.PeerProxyMap$PeerAndProxy.getProxy(PeerProxyMap.java:67)
	at org.apache.ratis.util.PeerProxyMap.getProxy(PeerProxyMap.java:124)
	at org.apache.ratis.grpc.server.GrpcLogAppender.getClient(GrpcLogAppender.java:200)
	at org.apache.ratis.grpc.server.GrpcLogAppender.resetClient(GrpcLogAppender.java:205)
	at org.apache.ratis.grpc.server.GrpcLogAppender.access$800(GrpcLogAppender.java:64)
	at org.apache.ratis.grpc.server.GrpcLogAppender$AppendLogResponseHandler.onCompleted(GrpcLogAppender.java:551)
	at org.apache.ratis.thirdparty.io.grpc.stub.ClientCalls$StreamObserverToCallListenerAdapter.onClose(ClientCalls.java:479)
	at org.apache.ratis.thirdparty.io.grpc.internal.DelayedClientCall$DelayedListener$3.run(DelayedClientCall.java:489)
	at org.apache.ratis.thirdparty.io.grpc.internal.DelayedClientCall$DelayedListener.delayOrExecute(DelayedClientCall.java:453)
	at org.apache.ratis.thirdparty.io.grpc.internal.DelayedClientCall$DelayedListener.onClose(DelayedClientCall.java:486)
	at org.apache.ratis.thirdparty.io.grpc.internal.ClientCallImpl.closeObserver(ClientCallImpl.java:567)
	at org.apache.ratis.thirdparty.io.grpc.internal.ClientCallImpl.access$300(ClientCallImpl.java:71)
	at org.apache.ratis.thirdparty.io.grpc.internal.ClientCallImpl$ClientStreamListenerImpl$1StreamClosed.runInternal(ClientCallImpl.java:735)
	at org.apache.ratis.thirdparty.io.grpc.internal.ClientCallImpl$ClientStreamListenerImpl$1StreamClosed.runInContext(ClientCallImpl.java:716)
	at org.apache.ratis.thirdparty.io.grpc.internal.ContextRunnable.run(ContextRunnable.java:37)
	at org.apache.ratis.thirdparty.io.grpc.internal.SerializingExecutor.run(SerializingExecutor.java:133)
	at java.base/java.util.concurrent.ThreadPoolExecutor.runWorker(ThreadPoolExecutor.java:1144)
	at java.base/java.util.concurrent.ThreadPoolExecutor$Worker.run(ThreadPoolExecutor.java:642)
	at java.base/java.lang.Thread.run(Thread.java:1583)
2025-04-23 04:29:20,873 [ForkJoinPool.commonPool-worker-2] INFO  server.GrpcService (GrpcService.java:closeImpl(352)) - baf21fd8-fe83-4245-9dfa-94651746f6f6: shutdown server org.apache.ratis.grpc.server.GrpcClientProtocolService successfully
2025-04-23 04:29:20,873 [ForkJoinPool.commonPool-worker-2] INFO  server.GrpcService (GrpcService.java:closeImpl(343)) - baf21fd8-fe83-4245-9dfa-94651746f6f6: shutdown server GrpcServerProtocolService now
2025-04-23 04:29:20,874 [ForkJoinPool.commonPool-worker-1] INFO  server.GrpcService (GrpcService.java:closeImpl(352)) - 10d18a7b-3cc1-41d1-8b83-572ee97c87aa: shutdown server org.apache.ratis.grpc.server.GrpcClientProtocolService successfully
2025-04-23 04:29:20,874 [ForkJoinPool.commonPool-worker-1] INFO  server.GrpcService (GrpcService.java:closeImpl(343)) - 10d18a7b-3cc1-41d1-8b83-572ee97c87aa: shutdown server GrpcServerProtocolService now
2025-04-23 04:29:20,874 [ForkJoinPool.commonPool-worker-2] INFO  server.GrpcService (GrpcService.java:closeImpl(352)) - baf21fd8-fe83-4245-9dfa-94651746f6f6: shutdown server GrpcServerProtocolService successfully
2025-04-23 04:29:20,874 [ForkJoinPool.commonPool-worker-2] INFO  server.GrpcService (GrpcService.java:closeImpl(343)) - baf21fd8-fe83-4245-9dfa-94651746f6f6: shutdown server org.apache.ratis.grpc.server.GrpcAdminProtocolService now
2025-04-23 04:29:20,875 [ForkJoinPool.commonPool-worker-2] INFO  server.GrpcService (GrpcService.java:closeImpl(352)) - baf21fd8-fe83-4245-9dfa-94651746f6f6: shutdown server org.apache.ratis.grpc.server.GrpcAdminProtocolService successfully
2025-04-23 04:29:20,875 [Thread-6894] INFO  server.GrpcServerProtocolClient (GrpcServerProtocolClient.java:close(105)) - 10d18a7b-3cc1-41d1-8b83-572ee97c87aa Close channels
2025-04-23 04:29:20,876 [ForkJoinPool.commonPool-worker-1] INFO  server.GrpcService (GrpcService.java:closeImpl(352)) - 10d18a7b-3cc1-41d1-8b83-572ee97c87aa: shutdown server GrpcServerProtocolService successfully
2025-04-23 04:29:20,876 [ForkJoinPool.commonPool-worker-1] INFO  server.GrpcService (GrpcService.java:closeImpl(343)) - 10d18a7b-3cc1-41d1-8b83-572ee97c87aa: shutdown server org.apache.ratis.grpc.server.GrpcAdminProtocolService now
2025-04-23 04:29:20,876 [main] INFO  server.GrpcService (GrpcService.java:closeImpl(352)) - 4c9bf6b8-dff1-4348-8d13-20f037915169: shutdown server org.apache.ratis.grpc.server.GrpcClientProtocolService successfully
2025-04-23 04:29:20,877 [main] INFO  server.GrpcService (GrpcService.java:closeImpl(343)) - 4c9bf6b8-dff1-4348-8d13-20f037915169: shutdown server GrpcServerProtocolService now
2025-04-23 04:29:20,877 [main] INFO  server.GrpcService (GrpcService.java:closeImpl(352)) - 4c9bf6b8-dff1-4348-8d13-20f037915169: shutdown server GrpcServerProtocolService successfully
2025-04-23 04:29:20,877 [main] INFO  server.GrpcService (GrpcService.java:closeImpl(343)) - 4c9bf6b8-dff1-4348-8d13-20f037915169: shutdown server org.apache.ratis.grpc.server.GrpcAdminProtocolService now
2025-04-23 04:29:20,878 [ForkJoinPool.commonPool-worker-1] INFO  server.GrpcService (GrpcService.java:closeImpl(352)) - 10d18a7b-3cc1-41d1-8b83-572ee97c87aa: shutdown server org.apache.ratis.grpc.server.GrpcAdminProtocolService successfully
2025-04-23 04:29:20,878 [main] INFO  server.GrpcService (GrpcService.java:closeImpl(352)) - 4c9bf6b8-dff1-4348-8d13-20f037915169: shutdown server org.apache.ratis.grpc.server.GrpcAdminProtocolService successfully
2025-04-23 04:29:20,880 [4c9bf6b8-dff1-4348-8d13-20f037915169@group-F5B1E3443A36-StateMachineUpdater] INFO  ratis.ContainerStateMachine (ContainerStateMachine.java:takeSnapshot(435)) - group-F5B1E3443A36: Finished taking a snapshot at:(t:1, i:0) file:/home/runner/work/ozone/ozone/hadoop-ozone/integration-test/target/test-dir/MiniOzoneClusterImpl-ff59c164-3798-4a7f-a16d-eeed9ffb3244/ozone-meta/datanode-2/ratis/62edc9d3-8464-4391-ae20-f5b1e3443a36/sm/snapshot.1_0 took: 12 ms
2025-04-23 04:29:20,880 [10d18a7b-3cc1-41d1-8b83-572ee97c87aa@group-E359F0EF759B-StateMachineUpdater] INFO  ratis.ContainerStateMachine (ContainerStateMachine.java:takeSnapshot(435)) - group-E359F0EF759B: Finished taking a snapshot at:(t:1, i:0) file:/home/runner/work/ozone/ozone/hadoop-ozone/integration-test/target/test-dir/MiniOzoneClusterImpl-ff59c164-3798-4a7f-a16d-eeed9ffb3244/ozone-meta/datanode-3/ratis/243dee80-d9db-4c08-9b44-e359f0ef759b/sm/snapshot.1_0 took: 17 ms
2025-04-23 04:29:20,880 [baf21fd8-fe83-4245-9dfa-94651746f6f6@group-E359F0EF759B-StateMachineUpdater] INFO  ratis.ContainerStateMachine (ContainerStateMachine.java:takeSnapshot(435)) - group-E359F0EF759B: Finished taking a snapshot at:(t:1, i:0) file:/home/runner/work/ozone/ozone/hadoop-ozone/integration-test/target/test-dir/MiniOzoneClusterImpl-ff59c164-3798-4a7f-a16d-eeed9ffb3244/ozone-meta/datanode-1/ratis/243dee80-d9db-4c08-9b44-e359f0ef759b/sm/snapshot.1_0 took: 16 ms
2025-04-23 04:29:20,881 [baf21fd8-fe83-4245-9dfa-94651746f6f6@group-E359F0EF759B-StateMachineUpdater] INFO  impl.StateMachineUpdater (StateMachineUpdater.java:takeSnapshot(303)) - baf21fd8-fe83-4245-9dfa-94651746f6f6@group-E359F0EF759B-StateMachineUpdater: Took a snapshot at index 0
2025-04-23 04:29:20,881 [baf21fd8-fe83-4245-9dfa-94651746f6f6@group-E359F0EF759B-StateMachineUpdater] INFO  impl.StateMachineUpdater (StateMachineUpdater.java:lambda$new$0(102)) - baf21fd8-fe83-4245-9dfa-94651746f6f6@group-E359F0EF759B-StateMachineUpdater: snapshotIndex: updateIncreasingly -1 -> 0
2025-04-23 04:29:20,881 [baf21fd8-fe83-4245-9dfa-94651746f6f6@group-E359F0EF759B-StateMachineUpdater] INFO  impl.StateMachineUpdater (StateMachineUpdater.java:stop(141)) - baf21fd8-fe83-4245-9dfa-94651746f6f6@group-E359F0EF759B-StateMachineUpdater: closing ContainerStateMachine, lastApplied=(t:1, i:0)
2025-04-23 04:29:20,881 [baf21fd8-fe83-4245-9dfa-94651746f6f6@group-F5B1E3443A36-StateMachineUpdater] INFO  ratis.ContainerStateMachine (ContainerStateMachine.java:takeSnapshot(435)) - group-F5B1E3443A36: Finished taking a snapshot at:(t:1, i:0) file:/home/runner/work/ozone/ozone/hadoop-ozone/integration-test/target/test-dir/MiniOzoneClusterImpl-ff59c164-3798-4a7f-a16d-eeed9ffb3244/ozone-meta/datanode-1/ratis/62edc9d3-8464-4391-ae20-f5b1e3443a36/sm/snapshot.1_0 took: 15 ms
2025-04-23 04:29:20,881 [4c9bf6b8-dff1-4348-8d13-20f037915169@group-F5B1E3443A36-StateMachineUpdater] INFO  impl.StateMachineUpdater (StateMachineUpdater.java:takeSnapshot(303)) - 4c9bf6b8-dff1-4348-8d13-20f037915169@group-F5B1E3443A36-StateMachineUpdater: Took a snapshot at index 0
2025-04-23 04:29:20,881 [4c9bf6b8-dff1-4348-8d13-20f037915169@group-F5B1E3443A36-StateMachineUpdater] INFO  impl.StateMachineUpdater (StateMachineUpdater.java:lambda$new$0(102)) - 4c9bf6b8-dff1-4348-8d13-20f037915169@group-F5B1E3443A36-StateMachineUpdater: snapshotIndex: updateIncreasingly -1 -> 0
2025-04-23 04:29:20,880 [10d18a7b-3cc1-41d1-8b83-572ee97c87aa@group-F5B1E3443A36-StateMachineUpdater] INFO  ratis.ContainerStateMachine (ContainerStateMachine.java:takeSnapshot(435)) - group-F5B1E3443A36: Finished taking a snapshot at:(t:1, i:0) file:/home/runner/work/ozone/ozone/hadoop-ozone/integration-test/target/test-dir/MiniOzoneClusterImpl-ff59c164-3798-4a7f-a16d-eeed9ffb3244/ozone-meta/datanode-3/ratis/62edc9d3-8464-4391-ae20-f5b1e3443a36/sm/snapshot.1_0 took: 13 ms
2025-04-23 04:29:20,881 [4c9bf6b8-dff1-4348-8d13-20f037915169@group-F5B1E3443A36-StateMachineUpdater] INFO  impl.StateMachineUpdater (StateMachineUpdater.java:stop(141)) - 4c9bf6b8-dff1-4348-8d13-20f037915169@group-F5B1E3443A36-StateMachineUpdater: closing ContainerStateMachine, lastApplied=(t:1, i:0)
2025-04-23 04:29:20,880 [4c9bf6b8-dff1-4348-8d13-20f037915169@group-E359F0EF759B-StateMachineUpdater] INFO  ratis.ContainerStateMachine (ContainerStateMachine.java:takeSnapshot(435)) - group-E359F0EF759B: Finished taking a snapshot at:(t:1, i:0) file:/home/runner/work/ozone/ozone/hadoop-ozone/integration-test/target/test-dir/MiniOzoneClusterImpl-ff59c164-3798-4a7f-a16d-eeed9ffb3244/ozone-meta/datanode-2/ratis/243dee80-d9db-4c08-9b44-e359f0ef759b/sm/snapshot.1_0 took: 13 ms
2025-04-23 04:29:20,882 [4c9bf6b8-dff1-4348-8d13-20f037915169@group-E359F0EF759B-StateMachineUpdater] INFO  impl.StateMachineUpdater (StateMachineUpdater.java:takeSnapshot(303)) - 4c9bf6b8-dff1-4348-8d13-20f037915169@group-E359F0EF759B-StateMachineUpdater: Took a snapshot at index 0
2025-04-23 04:29:20,882 [4c9bf6b8-dff1-4348-8d13-20f037915169@group-E359F0EF759B-StateMachineUpdater] INFO  impl.StateMachineUpdater (StateMachineUpdater.java:lambda$new$0(102)) - 4c9bf6b8-dff1-4348-8d13-20f037915169@group-E359F0EF759B-StateMachineUpdater: snapshotIndex: updateIncreasingly -1 -> 0
2025-04-23 04:29:20,882 [4c9bf6b8-dff1-4348-8d13-20f037915169@group-E359F0EF759B-StateMachineUpdater] INFO  impl.StateMachineUpdater (StateMachineUpdater.java:stop(141)) - 4c9bf6b8-dff1-4348-8d13-20f037915169@group-E359F0EF759B-StateMachineUpdater: closing ContainerStateMachine, lastApplied=(t:1, i:0)
2025-04-23 04:29:20,882 [4c9bf6b8-dff1-4348-8d13-20f037915169@group-A1D636EADC31-StateMachineUpdater] INFO  ratis.ContainerStateMachine (ContainerStateMachine.java:takeSnapshot(435)) - group-A1D636EADC31: Finished taking a snapshot at:(t:1, i:12) file:/home/runner/work/ozone/ozone/hadoop-ozone/integration-test/target/test-dir/MiniOzoneClusterImpl-ff59c164-3798-4a7f-a16d-eeed9ffb3244/ozone-meta/datanode-2/ratis/367d929d-ae1d-43a8-b6d6-a1d636eadc31/sm/snapshot.1_12 took: 11 ms
2025-04-23 04:29:20,881 [10d18a7b-3cc1-41d1-8b83-572ee97c87aa@group-F5B1E3443A36-StateMachineUpdater] INFO  impl.StateMachineUpdater (StateMachineUpdater.java:takeSnapshot(303)) - 10d18a7b-3cc1-41d1-8b83-572ee97c87aa@group-F5B1E3443A36-StateMachineUpdater: Took a snapshot at index 0
2025-04-23 04:29:20,882 [10d18a7b-3cc1-41d1-8b83-572ee97c87aa@group-F5B1E3443A36-StateMachineUpdater] INFO  impl.StateMachineUpdater (StateMachineUpdater.java:lambda$new$0(102)) - 10d18a7b-3cc1-41d1-8b83-572ee97c87aa@group-F5B1E3443A36-StateMachineUpdater: snapshotIndex: updateIncreasingly -1 -> 0
2025-04-23 04:29:20,882 [10d18a7b-3cc1-41d1-8b83-572ee97c87aa@group-F5B1E3443A36-StateMachineUpdater] INFO  impl.StateMachineUpdater (StateMachineUpdater.java:stop(141)) - 10d18a7b-3cc1-41d1-8b83-572ee97c87aa@group-F5B1E3443A36-StateMachineUpdater: closing ContainerStateMachine, lastApplied=(t:1, i:0)
2025-04-23 04:29:20,882 [10d18a7b-3cc1-41d1-8b83-572ee97c87aa@group-F5B1E3443A36-cacheEviction-AwaitToRun] INFO  util.AwaitToRun (AwaitToRun.java:run(49)) - 10d18a7b-3cc1-41d1-8b83-572ee97c87aa@group-F5B1E3443A36-cacheEviction-AwaitToRun-AwaitForSignal is interrupted
2025-04-23 04:29:20,882 [4c9bf6b8-dff1-4348-8d13-20f037915169@group-A1D636EADC31-StateMachineUpdater] INFO  impl.StateMachineUpdater (StateMachineUpdater.java:takeSnapshot(303)) - 4c9bf6b8-dff1-4348-8d13-20f037915169@group-A1D636EADC31-StateMachineUpdater: Took a snapshot at index 12
2025-04-23 04:29:20,882 [4c9bf6b8-dff1-4348-8d13-20f037915169@group-A1D636EADC31-StateMachineUpdater] INFO  impl.StateMachineUpdater (StateMachineUpdater.java:lambda$new$0(102)) - 4c9bf6b8-dff1-4348-8d13-20f037915169@group-A1D636EADC31-StateMachineUpdater: snapshotIndex: updateIncreasingly -1 -> 12
2025-04-23 04:29:20,882 [4c9bf6b8-dff1-4348-8d13-20f037915169@group-A1D636EADC31-StateMachineUpdater] INFO  impl.StateMachineUpdater (StateMachineUpdater.java:stop(141)) - 4c9bf6b8-dff1-4348-8d13-20f037915169@group-A1D636EADC31-StateMachineUpdater: closing ContainerStateMachine, lastApplied=(t:1, i:12)
2025-04-23 04:29:20,883 [4c9bf6b8-dff1-4348-8d13-20f037915169@group-F5B1E3443A36-cacheEviction-AwaitToRun] INFO  util.AwaitToRun (AwaitToRun.java:run(49)) - 4c9bf6b8-dff1-4348-8d13-20f037915169@group-F5B1E3443A36-cacheEviction-AwaitToRun-AwaitForSignal is interrupted
2025-04-23 04:29:20,881 [baf21fd8-fe83-4245-9dfa-94651746f6f6@group-F5B1E3443A36-StateMachineUpdater] INFO  impl.StateMachineUpdater (StateMachineUpdater.java:takeSnapshot(303)) - baf21fd8-fe83-4245-9dfa-94651746f6f6@group-F5B1E3443A36-StateMachineUpdater: Took a snapshot at index 0
2025-04-23 04:29:20,883 [baf21fd8-fe83-4245-9dfa-94651746f6f6@group-F5B1E3443A36-StateMachineUpdater] INFO  impl.StateMachineUpdater (StateMachineUpdater.java:lambda$new$0(102)) - baf21fd8-fe83-4245-9dfa-94651746f6f6@group-F5B1E3443A36-StateMachineUpdater: snapshotIndex: updateIncreasingly -1 -> 0
2025-04-23 04:29:20,883 [baf21fd8-fe83-4245-9dfa-94651746f6f6@group-F5B1E3443A36-StateMachineUpdater] INFO  impl.StateMachineUpdater (StateMachineUpdater.java:stop(141)) - baf21fd8-fe83-4245-9dfa-94651746f6f6@group-F5B1E3443A36-StateMachineUpdater: closing ContainerStateMachine, lastApplied=(t:1, i:0)
2025-04-23 04:29:20,881 [10d18a7b-3cc1-41d1-8b83-572ee97c87aa@group-E359F0EF759B-StateMachineUpdater] INFO  impl.StateMachineUpdater (StateMachineUpdater.java:takeSnapshot(303)) - 10d18a7b-3cc1-41d1-8b83-572ee97c87aa@group-E359F0EF759B-StateMachineUpdater: Took a snapshot at index 0
2025-04-23 04:29:20,883 [baf21fd8-fe83-4245-9dfa-94651746f6f6@group-F5B1E3443A36-cacheEviction-AwaitToRun] INFO  util.AwaitToRun (AwaitToRun.java:run(49)) - baf21fd8-fe83-4245-9dfa-94651746f6f6@group-F5B1E3443A36-cacheEviction-AwaitToRun-AwaitForSignal is interrupted
2025-04-23 04:29:20,883 [4c9bf6b8-dff1-4348-8d13-20f037915169@group-A1D636EADC31-cacheEviction-AwaitToRun] INFO  util.AwaitToRun (AwaitToRun.java:run(49)) - 4c9bf6b8-dff1-4348-8d13-20f037915169@group-A1D636EADC31-cacheEviction-AwaitToRun-AwaitForSignal is interrupted
2025-04-23 04:29:20,883 [baf21fd8-fe83-4245-9dfa-94651746f6f6@group-E359F0EF759B-cacheEviction-AwaitToRun] INFO  util.AwaitToRun (AwaitToRun.java:run(49)) - baf21fd8-fe83-4245-9dfa-94651746f6f6@group-E359F0EF759B-cacheEviction-AwaitToRun-AwaitForSignal is interrupted
2025-04-23 04:29:20,882 [baf21fd8-fe83-4245-9dfa-94651746f6f6@group-30AD776CE79A-StateMachineUpdater] INFO  ratis.ContainerStateMachine (ContainerStateMachine.java:takeSnapshot(435)) - group-30AD776CE79A: Finished taking a snapshot at:(t:1, i:17) file:/home/runner/work/ozone/ozone/hadoop-ozone/integration-test/target/test-dir/MiniOzoneClusterImpl-ff59c164-3798-4a7f-a16d-eeed9ffb3244/ozone-meta/datanode-1/ratis/e0e309c8-9a5a-4e4c-ab30-30ad776ce79a/sm/snapshot.1_17 took: 17 ms
2025-04-23 04:29:20,882 [4c9bf6b8-dff1-4348-8d13-20f037915169@group-E359F0EF759B-cacheEviction-AwaitToRun] INFO  util.AwaitToRun (AwaitToRun.java:run(49)) - 4c9bf6b8-dff1-4348-8d13-20f037915169@group-E359F0EF759B-cacheEviction-AwaitToRun-AwaitForSignal is interrupted
2025-04-23 04:29:20,884 [baf21fd8-fe83-4245-9dfa-94651746f6f6@group-30AD776CE79A-StateMachineUpdater] INFO  impl.StateMachineUpdater (StateMachineUpdater.java:takeSnapshot(303)) - baf21fd8-fe83-4245-9dfa-94651746f6f6@group-30AD776CE79A-StateMachineUpdater: Took a snapshot at index 17
2025-04-23 04:29:20,884 [baf21fd8-fe83-4245-9dfa-94651746f6f6@group-30AD776CE79A-StateMachineUpdater] INFO  impl.StateMachineUpdater (StateMachineUpdater.java:lambda$new$0(102)) - baf21fd8-fe83-4245-9dfa-94651746f6f6@group-30AD776CE79A-StateMachineUpdater: snapshotIndex: updateIncreasingly -1 -> 17
2025-04-23 04:29:20,884 [baf21fd8-fe83-4245-9dfa-94651746f6f6@group-30AD776CE79A-StateMachineUpdater] INFO  impl.StateMachineUpdater (StateMachineUpdater.java:stop(141)) - baf21fd8-fe83-4245-9dfa-94651746f6f6@group-30AD776CE79A-StateMachineUpdater: closing ContainerStateMachine, lastApplied=(t:1, i:17)
2025-04-23 04:29:20,883 [10d18a7b-3cc1-41d1-8b83-572ee97c87aa@group-E359F0EF759B-StateMachineUpdater] INFO  impl.StateMachineUpdater (StateMachineUpdater.java:lambda$new$0(102)) - 10d18a7b-3cc1-41d1-8b83-572ee97c87aa@group-E359F0EF759B-StateMachineUpdater: snapshotIndex: updateIncreasingly -1 -> 0
2025-04-23 04:29:20,884 [10d18a7b-3cc1-41d1-8b83-572ee97c87aa@group-E359F0EF759B-StateMachineUpdater] INFO  impl.StateMachineUpdater (StateMachineUpdater.java:stop(141)) - 10d18a7b-3cc1-41d1-8b83-572ee97c87aa@group-E359F0EF759B-StateMachineUpdater: closing ContainerStateMachine, lastApplied=(t:1, i:0)
2025-04-23 04:29:20,883 [10d18a7b-3cc1-41d1-8b83-572ee97c87aa@group-18F743B1AB73-StateMachineUpdater] INFO  ratis.ContainerStateMachine (ContainerStateMachine.java:takeSnapshot(435)) - group-18F743B1AB73: Finished taking a snapshot at:(t:1, i:6) file:/home/runner/work/ozone/ozone/hadoop-ozone/integration-test/target/test-dir/MiniOzoneClusterImpl-ff59c164-3798-4a7f-a16d-eeed9ffb3244/ozone-meta/datanode-3/ratis/f6e2510d-09a5-45d1-a1bd-18f743b1ab73/sm/snapshot.1_6 took: 21 ms
2025-04-23 04:29:20,884 [10d18a7b-3cc1-41d1-8b83-572ee97c87aa@group-18F743B1AB73-StateMachineUpdater] INFO  impl.StateMachineUpdater (StateMachineUpdater.java:takeSnapshot(303)) - 10d18a7b-3cc1-41d1-8b83-572ee97c87aa@group-18F743B1AB73-StateMachineUpdater: Took a snapshot at index 6
2025-04-23 04:29:20,884 [10d18a7b-3cc1-41d1-8b83-572ee97c87aa@group-18F743B1AB73-StateMachineUpdater] INFO  impl.StateMachineUpdater (StateMachineUpdater.java:lambda$new$0(102)) - 10d18a7b-3cc1-41d1-8b83-572ee97c87aa@group-18F743B1AB73-StateMachineUpdater: snapshotIndex: updateIncreasingly -1 -> 6
2025-04-23 04:29:20,885 [10d18a7b-3cc1-41d1-8b83-572ee97c87aa@group-18F743B1AB73-StateMachineUpdater] INFO  impl.StateMachineUpdater (StateMachineUpdater.java:stop(141)) - 10d18a7b-3cc1-41d1-8b83-572ee97c87aa@group-18F743B1AB73-StateMachineUpdater: closing ContainerStateMachine, lastApplied=(t:1, i:6)
2025-04-23 04:29:20,885 [baf21fd8-fe83-4245-9dfa-94651746f6f6@group-30AD776CE79A-cacheEviction-AwaitToRun] INFO  util.AwaitToRun (AwaitToRun.java:run(49)) - baf21fd8-fe83-4245-9dfa-94651746f6f6@group-30AD776CE79A-cacheEviction-AwaitToRun-AwaitForSignal is interrupted
2025-04-23 04:29:20,885 [10d18a7b-3cc1-41d1-8b83-572ee97c87aa@group-E359F0EF759B-cacheEviction-AwaitToRun] INFO  util.AwaitToRun (AwaitToRun.java:run(49)) - 10d18a7b-3cc1-41d1-8b83-572ee97c87aa@group-E359F0EF759B-cacheEviction-AwaitToRun-AwaitForSignal is interrupted
2025-04-23 04:29:20,886 [10d18a7b-3cc1-41d1-8b83-572ee97c87aa@group-18F743B1AB73-cacheEviction-AwaitToRun] INFO  util.AwaitToRun (AwaitToRun.java:run(49)) - 10d18a7b-3cc1-41d1-8b83-572ee97c87aa@group-18F743B1AB73-cacheEviction-AwaitToRun-AwaitForSignal is interrupted
2025-04-23 04:29:20,893 [4c9bf6b8-dff1-4348-8d13-20f037915169-NettyServerStreamRpc-bossGroup--thread1] INFO  logging.LoggingHandler (AbstractInternalLogger.java:log(148)) - [id: 0xef5a5efb, L:/0.0.0.0:15032] CLOSE
2025-04-23 04:29:20,893 [4c9bf6b8-dff1-4348-8d13-20f037915169-NettyServerStreamRpc-bossGroup--thread1] INFO  logging.LoggingHandler (AbstractInternalLogger.java:log(148)) - [id: 0xef5a5efb, L:/0.0.0.0:15032] INACTIVE
2025-04-23 04:29:20,893 [4c9bf6b8-dff1-4348-8d13-20f037915169-NettyServerStreamRpc-bossGroup--thread1] INFO  logging.LoggingHandler (AbstractInternalLogger.java:log(148)) - [id: 0xef5a5efb, L:/0.0.0.0:15032] UNREGISTERED
2025-04-23 04:29:20,894 [10d18a7b-3cc1-41d1-8b83-572ee97c87aa-NettyServerStreamRpc-bossGroup--thread1] INFO  logging.LoggingHandler (AbstractInternalLogger.java:log(148)) - [id: 0xc1d1005c, L:/0.0.0.0:15040] CLOSE
2025-04-23 04:29:20,894 [10d18a7b-3cc1-41d1-8b83-572ee97c87aa-NettyServerStreamRpc-bossGroup--thread1] INFO  logging.LoggingHandler (AbstractInternalLogger.java:log(148)) - [id: 0xc1d1005c, L:/0.0.0.0:15040] INACTIVE
2025-04-23 04:29:20,894 [10d18a7b-3cc1-41d1-8b83-572ee97c87aa-NettyServerStreamRpc-bossGroup--thread1] INFO  logging.LoggingHandler (AbstractInternalLogger.java:log(148)) - [id: 0xc1d1005c, L:/0.0.0.0:15040] UNREGISTERED
2025-04-23 04:29:20,897 [baf21fd8-fe83-4245-9dfa-94651746f6f6-NettyServerStreamRpc-bossGroup--thread1] INFO  logging.LoggingHandler (AbstractInternalLogger.java:log(148)) - [id: 0xd49b1020, L:/0.0.0.0:15024] CLOSE
2025-04-23 04:29:20,897 [baf21fd8-fe83-4245-9dfa-94651746f6f6-NettyServerStreamRpc-bossGroup--thread1] INFO  logging.LoggingHandler (AbstractInternalLogger.java:log(148)) - [id: 0xd49b1020, L:/0.0.0.0:15024] INACTIVE
2025-04-23 04:29:20,897 [baf21fd8-fe83-4245-9dfa-94651746f6f6-NettyServerStreamRpc-bossGroup--thread1] INFO  logging.LoggingHandler (AbstractInternalLogger.java:log(148)) - [id: 0xd49b1020, L:/0.0.0.0:15024] UNREGISTERED
2025-04-23 04:29:20,958 [4c9bf6b8-dff1-4348-8d13-20f037915169-impl-thread2] INFO  segmented.SegmentedRaftLogWorker (SegmentedRaftLogWorker.java:close(252)) - 4c9bf6b8-dff1-4348-8d13-20f037915169@group-E359F0EF759B-SegmentedRaftLogWorker close()
2025-04-23 04:29:20,958 [4c9bf6b8-dff1-4348-8d13-20f037915169-impl-thread2] INFO  ratis.ContainerStateMachine (ContainerStateMachine.java:notifyServerShutdown(1037)) - group-E359F0EF759B is closed by HddsDatanodeService
2025-04-23 04:29:20,958 [10d18a7b-3cc1-41d1-8b83-572ee97c87aa-impl-thread2] INFO  segmented.SegmentedRaftLogWorker (SegmentedRaftLogWorker.java:close(252)) - 10d18a7b-3cc1-41d1-8b83-572ee97c87aa@group-18F743B1AB73-SegmentedRaftLogWorker close()
2025-04-23 04:29:20,959 [10d18a7b-3cc1-41d1-8b83-572ee97c87aa-impl-thread2] INFO  ratis.ContainerStateMachine (ContainerStateMachine.java:notifyServerShutdown(1037)) - group-18F743B1AB73 is closed by HddsDatanodeService
2025-04-23 04:29:20,959 [baf21fd8-fe83-4245-9dfa-94651746f6f6-impl-thread3] INFO  segmented.SegmentedRaftLogWorker (SegmentedRaftLogWorker.java:close(252)) - baf21fd8-fe83-4245-9dfa-94651746f6f6@group-E359F0EF759B-SegmentedRaftLogWorker close()
2025-04-23 04:29:20,959 [baf21fd8-fe83-4245-9dfa-94651746f6f6-impl-thread3] INFO  ratis.ContainerStateMachine (ContainerStateMachine.java:notifyServerShutdown(1037)) - group-E359F0EF759B is closed by HddsDatanodeService
2025-04-23 04:29:20,959 [10d18a7b-3cc1-41d1-8b83-572ee97c87aa-impl-thread3] INFO  segmented.SegmentedRaftLogWorker (SegmentedRaftLogWorker.java:close(252)) - 10d18a7b-3cc1-41d1-8b83-572ee97c87aa@group-E359F0EF759B-SegmentedRaftLogWorker close()
2025-04-23 04:29:20,960 [10d18a7b-3cc1-41d1-8b83-572ee97c87aa-impl-thread3] INFO  ratis.ContainerStateMachine (ContainerStateMachine.java:notifyServerShutdown(1037)) - group-E359F0EF759B is closed by HddsDatanodeService
2025-04-23 04:29:21,388 [4c9bf6b8-dff1-4348-8d13-20f037915169-impl-thread4] INFO  segmented.SegmentedRaftLogWorker (SegmentedRaftLogWorker.java:close(252)) - 4c9bf6b8-dff1-4348-8d13-20f037915169@group-A1D636EADC31-SegmentedRaftLogWorker close()
2025-04-23 04:29:21,388 [4c9bf6b8-dff1-4348-8d13-20f037915169-impl-thread4] INFO  ratis.ContainerStateMachine (ContainerStateMachine.java:notifyServerShutdown(1037)) - group-A1D636EADC31 is closed by HddsDatanodeService
2025-04-23 04:29:21,705 [10d18a7b-3cc1-41d1-8b83-572ee97c87aa-impl-thread4] INFO  segmented.SegmentedRaftLogWorker (SegmentedRaftLogWorker.java:close(252)) - 10d18a7b-3cc1-41d1-8b83-572ee97c87aa@group-F5B1E3443A36-SegmentedRaftLogWorker close()
2025-04-23 04:29:21,705 [10d18a7b-3cc1-41d1-8b83-572ee97c87aa-impl-thread4] INFO  ratis.ContainerStateMachine (ContainerStateMachine.java:notifyServerShutdown(1037)) - group-F5B1E3443A36 is closed by HddsDatanodeService
2025-04-23 04:29:21,705 [JvmPauseMonitor7] INFO  util.JvmPauseMonitor (JvmPauseMonitor.java:run(152)) - JvmPauseMonitor-10d18a7b-3cc1-41d1-8b83-572ee97c87aa: Stopped
2025-04-23 04:29:21,722 [baf21fd8-fe83-4245-9dfa-94651746f6f6-impl-thread4] INFO  segmented.SegmentedRaftLogWorker (SegmentedRaftLogWorker.java:close(252)) - baf21fd8-fe83-4245-9dfa-94651746f6f6@group-F5B1E3443A36-SegmentedRaftLogWorker close()
2025-04-23 04:29:21,723 [baf21fd8-fe83-4245-9dfa-94651746f6f6-impl-thread4] INFO  ratis.ContainerStateMachine (ContainerStateMachine.java:notifyServerShutdown(1037)) - group-F5B1E3443A36 is closed by HddsDatanodeService
2025-04-23 04:29:21,723 [4c9bf6b8-dff1-4348-8d13-20f037915169-impl-thread3] INFO  segmented.SegmentedRaftLogWorker (SegmentedRaftLogWorker.java:close(252)) - 4c9bf6b8-dff1-4348-8d13-20f037915169@group-F5B1E3443A36-SegmentedRaftLogWorker close()
2025-04-23 04:29:21,723 [4c9bf6b8-dff1-4348-8d13-20f037915169-impl-thread3] INFO  ratis.ContainerStateMachine (ContainerStateMachine.java:notifyServerShutdown(1037)) - group-F5B1E3443A36 is closed by HddsDatanodeService
2025-04-23 04:29:21,723 [JvmPauseMonitor6] INFO  util.JvmPauseMonitor (JvmPauseMonitor.java:run(152)) - JvmPauseMonitor-4c9bf6b8-dff1-4348-8d13-20f037915169: Stopped
2025-04-23 04:29:21,833 [baf21fd8-fe83-4245-9dfa-94651746f6f6-impl-thread2] INFO  segmented.SegmentedRaftLogWorker (SegmentedRaftLogWorker.java:close(252)) - baf21fd8-fe83-4245-9dfa-94651746f6f6@group-30AD776CE79A-SegmentedRaftLogWorker close()
2025-04-23 04:29:21,833 [baf21fd8-fe83-4245-9dfa-94651746f6f6-impl-thread2] INFO  ratis.ContainerStateMachine (ContainerStateMachine.java:notifyServerShutdown(1037)) - group-30AD776CE79A is closed by HddsDatanodeService
2025-04-23 04:29:21,833 [JvmPauseMonitor5] INFO  util.JvmPauseMonitor (JvmPauseMonitor.java:run(152)) - JvmPauseMonitor-baf21fd8-fe83-4245-9dfa-94651746f6f6: Stopped
2025-04-23 04:29:23,716 [ForkJoinPool.commonPool-worker-1] INFO  utils.DatanodeStoreCache (DatanodeStoreCache.java:shutdownCache(115)) - Skip clearing cache in mini cluster mode. Entries left: [/home/runner/work/ozone/ozone/hadoop-ozone/integration-test/target/test-dir/MiniOzoneClusterImpl-ff59c164-3798-4a7f-a16d-eeed9ffb3244/ozone-meta/datanode-1/data-0/hdds/ff59c164-3798-4a7f-a16d-eeed9ffb3244/DS-a244af38-4354-4f4c-8cf9-00da9955a6fb/container.db, /home/runner/work/ozone/ozone/hadoop-ozone/integration-test/target/test-dir/MiniOzoneClusterImpl-ff59c164-3798-4a7f-a16d-eeed9ffb3244/ozone-meta/datanode-2/data-0/hdds/ff59c164-3798-4a7f-a16d-eeed9ffb3244/DS-9fb60b76-f0f4-45a6-90e6-02bb17381bcb/container.db, /home/runner/work/ozone/ozone/hadoop-ozone/integration-test/target/test-dir/MiniOzoneClusterImpl-ff59c164-3798-4a7f-a16d-eeed9ffb3244/ozone-meta/datanode-3/data-0/hdds/ff59c164-3798-4a7f-a16d-eeed9ffb3244/DS-11c36239-5384-4089-a6b3-baede316d133/container.db]
2025-04-23 04:29:23,717 [ForkJoinPool.commonPool-worker-1] INFO  utils.DatanodeStoreCache (DatanodeStoreCache.java:removeDB(109)) - Removed db /home/runner/work/ozone/ozone/hadoop-ozone/integration-test/target/test-dir/MiniOzoneClusterImpl-ff59c164-3798-4a7f-a16d-eeed9ffb3244/ozone-meta/datanode-3/data-0/hdds/ff59c164-3798-4a7f-a16d-eeed9ffb3244/DS-11c36239-5384-4089-a6b3-baede316d133/container.db from cache
2025-04-23 04:29:23,718 [ForkJoinPool.commonPool-worker-1] INFO  volume.HddsVolume (HddsVolume.java:closeDbStore(543)) - SchemaV3 db is stopped at /home/runner/work/ozone/ozone/hadoop-ozone/integration-test/target/test-dir/MiniOzoneClusterImpl-ff59c164-3798-4a7f-a16d-eeed9ffb3244/ozone-meta/datanode-3/data-0/hdds/ff59c164-3798-4a7f-a16d-eeed9ffb3244/DS-11c36239-5384-4089-a6b3-baede316d133/container.db for volume DS-11c36239-5384-4089-a6b3-baede316d133
2025-04-23 04:29:23,718 [ForkJoinPool.commonPool-worker-1] INFO  utils.BackgroundService (BackgroundService.java:shutdown(161)) - Shutting down service BlockDeletingService
2025-04-23 04:29:23,719 [ForkJoinPool.commonPool-worker-1] INFO  utils.BackgroundService (BackgroundService.java:shutdown(161)) - Shutting down service StaleRecoveringContainerScrubbingService
2025-04-23 04:29:23,720 [ForkJoinPool.commonPool-worker-1] INFO  statemachine.DatanodeStateMachine (DatanodeStateMachine.java:stopDaemon(629)) - Ozone container server stopped.
2025-04-23 04:29:23,727 [main] INFO  utils.DatanodeStoreCache (DatanodeStoreCache.java:shutdownCache(115)) - Skip clearing cache in mini cluster mode. Entries left: [/home/runner/work/ozone/ozone/hadoop-ozone/integration-test/target/test-dir/MiniOzoneClusterImpl-ff59c164-3798-4a7f-a16d-eeed9ffb3244/ozone-meta/datanode-1/data-0/hdds/ff59c164-3798-4a7f-a16d-eeed9ffb3244/DS-a244af38-4354-4f4c-8cf9-00da9955a6fb/container.db, /home/runner/work/ozone/ozone/hadoop-ozone/integration-test/target/test-dir/MiniOzoneClusterImpl-ff59c164-3798-4a7f-a16d-eeed9ffb3244/ozone-meta/datanode-2/data-0/hdds/ff59c164-3798-4a7f-a16d-eeed9ffb3244/DS-9fb60b76-f0f4-45a6-90e6-02bb17381bcb/container.db]
2025-04-23 04:29:23,728 [main] INFO  utils.DatanodeStoreCache (DatanodeStoreCache.java:removeDB(109)) - Removed db /home/runner/work/ozone/ozone/hadoop-ozone/integration-test/target/test-dir/MiniOzoneClusterImpl-ff59c164-3798-4a7f-a16d-eeed9ffb3244/ozone-meta/datanode-2/data-0/hdds/ff59c164-3798-4a7f-a16d-eeed9ffb3244/DS-9fb60b76-f0f4-45a6-90e6-02bb17381bcb/container.db from cache
2025-04-23 04:29:23,728 [main] INFO  volume.HddsVolume (HddsVolume.java:closeDbStore(543)) - SchemaV3 db is stopped at /home/runner/work/ozone/ozone/hadoop-ozone/integration-test/target/test-dir/MiniOzoneClusterImpl-ff59c164-3798-4a7f-a16d-eeed9ffb3244/ozone-meta/datanode-2/data-0/hdds/ff59c164-3798-4a7f-a16d-eeed9ffb3244/DS-9fb60b76-f0f4-45a6-90e6-02bb17381bcb/container.db for volume DS-9fb60b76-f0f4-45a6-90e6-02bb17381bcb
2025-04-23 04:29:23,728 [main] INFO  utils.BackgroundService (BackgroundService.java:shutdown(161)) - Shutting down service BlockDeletingService
2025-04-23 04:29:23,728 [main] INFO  utils.BackgroundService (BackgroundService.java:shutdown(161)) - Shutting down service StaleRecoveringContainerScrubbingService
2025-04-23 04:29:23,729 [main] INFO  statemachine.DatanodeStateMachine (DatanodeStateMachine.java:stopDaemon(629)) - Ozone container server stopped.
2025-04-23 04:29:23,734 [ForkJoinPool.commonPool-worker-1] INFO  handler.ContextHandler (ContextHandler.java:doStop(1159)) - Stopped o.e.j.w.WebAppContext@19283990{hddsDatanode,/,null,STOPPED}{jar:file:/home/runner/work/ozone/ozone/hadoop-hdds/container-service/target/hdds-container-service-2.1.0-SNAPSHOT.jar!/webapps/hddsDatanode}
2025-04-23 04:29:23,735 [ForkJoinPool.commonPool-worker-1] INFO  server.AbstractConnector (AbstractConnector.java:doStop(383)) - Stopped ServerConnector@30166c45{HTTP/1.1, (http/1.1)}{0.0.0.0:15034}
2025-04-23 04:29:23,735 [ForkJoinPool.commonPool-worker-1] INFO  server.session (HouseKeeper.java:stopScavenging(149)) - node0 Stopped scavenging
2025-04-23 04:29:23,735 [ForkJoinPool.commonPool-worker-1] INFO  handler.ContextHandler (ContextHandler.java:doStop(1159)) - Stopped o.e.j.s.ServletContextHandler@1d87e100{static,/static,jar:file:/home/runner/work/ozone/ozone/hadoop-hdds/container-service/target/hdds-container-service-2.1.0-SNAPSHOT.jar!/webapps/static,STOPPED}
2025-04-23 04:29:23,735 [ForkJoinPool.commonPool-worker-1] INFO  handler.ContextHandler (ContextHandler.java:doStop(1159)) - Stopped o.e.j.s.ServletContextHandler@13f4d61b{logs,/logs,file:///home/runner/work/ozone/ozone/hadoop-ozone/integration-test/target/log,STOPPED}
2025-04-23 04:29:23,736 [ForkJoinPool.commonPool-worker-1] INFO  ozone.HddsDatanodeClientProtocolServer (HddsDatanodeClientProtocolServer.java:stop(82)) - Stopping the RPC server for Client Protocol
2025-04-23 04:29:23,736 [ForkJoinPool.commonPool-worker-1] INFO  ipc.Server (Server.java:stop(3697)) - Stopping server on 15035
2025-04-23 04:29:23,738 [IPC Server listener on 15035] INFO  ipc.Server (Server.java:run(1585)) - Stopping IPC Server listener on 15035
2025-04-23 04:29:23,738 [IPC Server Responder] INFO  ipc.Server (Server.java:run(1718)) - Stopping IPC Server Responder
2025-04-23 04:29:23,744 [main] INFO  handler.ContextHandler (ContextHandler.java:doStop(1159)) - Stopped o.e.j.w.WebAppContext@49be663b{hddsDatanode,/,null,STOPPED}{jar:file:/home/runner/work/ozone/ozone/hadoop-hdds/container-service/target/hdds-container-service-2.1.0-SNAPSHOT.jar!/webapps/hddsDatanode}
2025-04-23 04:29:23,745 [main] INFO  server.AbstractConnector (AbstractConnector.java:doStop(383)) - Stopped ServerConnector@14ab0760{HTTP/1.1, (http/1.1)}{0.0.0.0:15026}
2025-04-23 04:29:23,745 [main] INFO  server.session (HouseKeeper.java:stopScavenging(149)) - node0 Stopped scavenging
2025-04-23 04:29:23,745 [main] INFO  handler.ContextHandler (ContextHandler.java:doStop(1159)) - Stopped o.e.j.s.ServletContextHandler@7984c4dc{static,/static,jar:file:/home/runner/work/ozone/ozone/hadoop-hdds/container-service/target/hdds-container-service-2.1.0-SNAPSHOT.jar!/webapps/static,STOPPED}
2025-04-23 04:29:23,745 [main] INFO  handler.ContextHandler (ContextHandler.java:doStop(1159)) - Stopped o.e.j.s.ServletContextHandler@3cd2fd3d{logs,/logs,file:///home/runner/work/ozone/ozone/hadoop-ozone/integration-test/target/log,STOPPED}
2025-04-23 04:29:23,746 [main] INFO  ozone.HddsDatanodeClientProtocolServer (HddsDatanodeClientProtocolServer.java:stop(82)) - Stopping the RPC server for Client Protocol
2025-04-23 04:29:23,746 [main] INFO  ipc.Server (Server.java:stop(3697)) - Stopping server on 15027
2025-04-23 04:29:23,747 [IPC Server listener on 15027] INFO  ipc.Server (Server.java:run(1585)) - Stopping IPC Server listener on 15027
2025-04-23 04:29:23,747 [IPC Server Responder] INFO  ipc.Server (Server.java:run(1718)) - Stopping IPC Server Responder
2025-04-23 04:29:23,836 [ForkJoinPool.commonPool-worker-2] INFO  utils.DatanodeStoreCache (DatanodeStoreCache.java:shutdownCache(115)) - Skip clearing cache in mini cluster mode. Entries left: [/home/runner/work/ozone/ozone/hadoop-ozone/integration-test/target/test-dir/MiniOzoneClusterImpl-ff59c164-3798-4a7f-a16d-eeed9ffb3244/ozone-meta/datanode-1/data-0/hdds/ff59c164-3798-4a7f-a16d-eeed9ffb3244/DS-a244af38-4354-4f4c-8cf9-00da9955a6fb/container.db]
2025-04-23 04:29:23,838 [ForkJoinPool.commonPool-worker-2] INFO  utils.DatanodeStoreCache (DatanodeStoreCache.java:removeDB(109)) - Removed db /home/runner/work/ozone/ozone/hadoop-ozone/integration-test/target/test-dir/MiniOzoneClusterImpl-ff59c164-3798-4a7f-a16d-eeed9ffb3244/ozone-meta/datanode-1/data-0/hdds/ff59c164-3798-4a7f-a16d-eeed9ffb3244/DS-a244af38-4354-4f4c-8cf9-00da9955a6fb/container.db from cache
2025-04-23 04:29:23,838 [ForkJoinPool.commonPool-worker-2] INFO  volume.HddsVolume (HddsVolume.java:closeDbStore(543)) - SchemaV3 db is stopped at /home/runner/work/ozone/ozone/hadoop-ozone/integration-test/target/test-dir/MiniOzoneClusterImpl-ff59c164-3798-4a7f-a16d-eeed9ffb3244/ozone-meta/datanode-1/data-0/hdds/ff59c164-3798-4a7f-a16d-eeed9ffb3244/DS-a244af38-4354-4f4c-8cf9-00da9955a6fb/container.db for volume DS-a244af38-4354-4f4c-8cf9-00da9955a6fb
2025-04-23 04:29:23,838 [ForkJoinPool.commonPool-worker-2] INFO  utils.BackgroundService (BackgroundService.java:shutdown(161)) - Shutting down service BlockDeletingService
2025-04-23 04:29:23,838 [ForkJoinPool.commonPool-worker-2] INFO  utils.BackgroundService (BackgroundService.java:shutdown(161)) - Shutting down service StaleRecoveringContainerScrubbingService
2025-04-23 04:29:23,840 [ForkJoinPool.commonPool-worker-2] INFO  statemachine.DatanodeStateMachine (DatanodeStateMachine.java:stopDaemon(629)) - Ozone container server stopped.
2025-04-23 04:29:23,852 [ForkJoinPool.commonPool-worker-2] INFO  handler.ContextHandler (ContextHandler.java:doStop(1159)) - Stopped o.e.j.w.WebAppContext@3829fb0b{hddsDatanode,/,null,STOPPED}{jar:file:/home/runner/work/ozone/ozone/hadoop-hdds/container-service/target/hdds-container-service-2.1.0-SNAPSHOT.jar!/webapps/hddsDatanode}
2025-04-23 04:29:23,853 [ForkJoinPool.commonPool-worker-2] INFO  server.AbstractConnector (AbstractConnector.java:doStop(383)) - Stopped ServerConnector@4bb9b98d{HTTP/1.1, (http/1.1)}{0.0.0.0:15018}
2025-04-23 04:29:23,853 [ForkJoinPool.commonPool-worker-2] INFO  server.session (HouseKeeper.java:stopScavenging(149)) - node0 Stopped scavenging
2025-04-23 04:29:23,853 [ForkJoinPool.commonPool-worker-2] INFO  handler.ContextHandler (ContextHandler.java:doStop(1159)) - Stopped o.e.j.s.ServletContextHandler@5b0e558a{static,/static,jar:file:/home/runner/work/ozone/ozone/hadoop-hdds/container-service/target/hdds-container-service-2.1.0-SNAPSHOT.jar!/webapps/static,STOPPED}
2025-04-23 04:29:23,853 [ForkJoinPool.commonPool-worker-2] INFO  handler.ContextHandler (ContextHandler.java:doStop(1159)) - Stopped o.e.j.s.ServletContextHandler@7cf7583d{logs,/logs,file:///home/runner/work/ozone/ozone/hadoop-ozone/integration-test/target/log,STOPPED}
2025-04-23 04:29:23,853 [ForkJoinPool.commonPool-worker-2] INFO  ozone.HddsDatanodeClientProtocolServer (HddsDatanodeClientProtocolServer.java:stop(82)) - Stopping the RPC server for Client Protocol
2025-04-23 04:29:23,853 [ForkJoinPool.commonPool-worker-2] INFO  ipc.Server (Server.java:stop(3697)) - Stopping server on 15019
2025-04-23 04:29:23,855 [IPC Server listener on 15019] INFO  ipc.Server (Server.java:run(1585)) - Stopping IPC Server listener on 15019
2025-04-23 04:29:23,855 [IPC Server Responder] INFO  ipc.Server (Server.java:run(1718)) - Stopping IPC Server Responder
2025-04-23 04:29:23,872 [main] WARN  server.ServerUtils (ServerUtils.java:getScmDbDir(141)) - ozone.scm.db.dirs is not configured. We recommend adding this setting. Falling back to ozone.metadata.dirs instead.
2025-04-23 04:29:23,876 [main] INFO  ha.SCMHANodeDetails (SCMHANodeDetails.java:loadSCMHAConfig(162)) - ServiceID for StorageContainerManager is null
2025-04-23 04:29:23,876 [main] INFO  ha.SCMHANodeDetails (SCMHANodeDetails.java:loadSCMHAConfig(166)) - ozone.scm.default.service.id is not defined, falling back to ozone.scm.service.ids to find serviceID for StorageContainerManager if it is HA enabled cluster
2025-04-23 04:29:23,877 [main] INFO  server.RaftServerConfigKeys (ConfUtils.java:logGet(46)) - raft.server.log.appender.buffer.byte-limit = 4194304 (custom)
2025-04-23 04:29:23,878 [main] INFO  server.RaftServer (ConfUtils.java:logGet(46)) - raft.rpc.type = GRPC (default)
2025-04-23 04:29:23,878 [main] INFO  grpc.GrpcConfigKeys (ConfUtils.java:logFallback(53)) - raft.grpc.admin.host = null (fallback to raft.grpc.server.host)
2025-04-23 04:29:23,878 [main] INFO  grpc.GrpcConfigKeys (ConfUtils.java:logFallback(53)) - raft.grpc.admin.port = 15046 (fallback to raft.grpc.server.port)
2025-04-23 04:29:23,878 [main] INFO  grpc.GrpcConfigKeys (ConfUtils.java:logFallback(53)) - raft.grpc.client.host = null (fallback to raft.grpc.server.host)
2025-04-23 04:29:23,878 [main] INFO  grpc.GrpcConfigKeys (ConfUtils.java:logFallback(53)) - raft.grpc.client.port = 15046 (fallback to raft.grpc.server.port)
2025-04-23 04:29:23,878 [main] INFO  grpc.GrpcConfigKeys (ConfUtils.java:logGet(46)) - raft.grpc.server.host = null (default)
2025-04-23 04:29:23,878 [main] INFO  grpc.GrpcConfigKeys (ConfUtils.java:logGet(46)) - raft.grpc.server.port = 15046 (custom)
2025-04-23 04:29:23,878 [main] INFO  server.GrpcService (ConfUtils.java:logGet(46)) - raft.grpc.message.size.max = 5242880 (custom)
2025-04-23 04:29:23,878 [main] INFO  server.GrpcService (ConfUtils.java:logGet(46)) - raft.grpc.flow.control.window = 1MB (=1048576) (default)
2025-04-23 04:29:23,879 [main] INFO  server.RaftServerConfigKeys (ConfUtils.java:logGet(46)) - raft.server.rpc.request.timeout = 30000ms (custom)
2025-04-23 04:29:23,879 [main] INFO  grpc.GrpcConfigKeys (ConfUtils.java:logGet(46)) - raft.grpc.server.heartbeat.channel = true (default)
2025-04-23 04:29:23,879 [main] INFO  server.RaftServerConfigKeys (ConfUtils.java:logGet(46)) - raft.server.log.appender.buffer.byte-limit = 4194304 (custom)
2025-04-23 04:29:23,879 [main] INFO  grpc.GrpcConfigKeys (ConfUtils.java:logGet(46)) - raft.grpc.server.async.request.thread.pool.cached = true (default)
2025-04-23 04:29:23,879 [main] INFO  grpc.GrpcConfigKeys (ConfUtils.java:logGet(46)) - raft.grpc.server.async.request.thread.pool.size = 32 (default)
2025-04-23 04:29:23,880 [main] INFO  impl.DataStreamServerImpl (ConfUtils.java:logGet(46)) - raft.datastream.type = DISABLED (default)
2025-04-23 04:29:23,880 [main] INFO  server.RaftServerConfigKeys (ConfUtils.java:logGet(46)) - raft.server.sleep.deviation.threshold = 300ms (default)
2025-04-23 04:29:23,880 [main] INFO  server.RaftServerConfigKeys (ConfUtils.java:logGet(46)) - raft.server.close.threshold = 60s (default)
2025-04-23 04:29:23,880 [main] INFO  server.RaftServerConfigKeys (ConfUtils.java:logGet(46)) - raft.server.leaderelection.leader.step-down.wait-time = 10s (default)
2025-04-23 04:29:23,880 [main] INFO  server.RaftServerConfigKeys (ConfUtils.java:logGet(46)) - raft.server.storage.dir = [/home/runner/work/ozone/ozone/hadoop-ozone/integration-test/target/test-dir/MiniOzoneClusterImpl-e6c14afe-f26c-49b2-91d5-3d25694ec971/ozone-meta/scm-ha] (custom)
2025-04-23 04:29:23,881 [main] INFO  server.RaftServerConfigKeys (ConfUtils.java:logGet(46)) - raft.server.threadpool.proxy.cached = true (default)
2025-04-23 04:29:23,881 [main] INFO  server.RaftServerConfigKeys (ConfUtils.java:logGet(46)) - raft.server.threadpool.proxy.size = 0 (default)
2025-04-23 04:29:23,881 [main] INFO  server.RaftServer (RaftServerProxy.java:addNew(100)) - 1763a5f8-9e33-4e4d-85c9-a44f9db01322: addNew group-3D25694EC971:[1763a5f8-9e33-4e4d-85c9-a44f9db01322|fv-az1441-587:15046] returns group-3D25694EC971:java.util.concurrent.CompletableFuture@399de320[Not completed]
2025-04-23 04:29:23,881 [1763a5f8-9e33-4e4d-85c9-a44f9db01322-groupManagement] INFO  server.RaftServer$Division (RaftServerImpl.java:<init>(255)) - 1763a5f8-9e33-4e4d-85c9-a44f9db01322: new RaftServerImpl for group-3D25694EC971:[1763a5f8-9e33-4e4d-85c9-a44f9db01322|fv-az1441-587:15046] with SCMStateMachine:uninitialized
2025-04-23 04:29:23,881 [1763a5f8-9e33-4e4d-85c9-a44f9db01322-groupManagement] INFO  server.RaftServerConfigKeys (ConfUtils.java:logGet(46)) - raft.server.rpc.timeout.min = 5000ms (custom)
2025-04-23 04:29:23,881 [1763a5f8-9e33-4e4d-85c9-a44f9db01322-groupManagement] INFO  server.RaftServerConfigKeys (ConfUtils.java:logGet(46)) - raft.server.rpc.timeout.max = 5200ms (custom)
2025-04-23 04:29:23,881 [1763a5f8-9e33-4e4d-85c9-a44f9db01322-groupManagement] INFO  server.RaftServerConfigKeys (ConfUtils.java:logGet(46)) - raft.server.rpc.sleep.time = 25ms (default)
2025-04-23 04:29:23,882 [1763a5f8-9e33-4e4d-85c9-a44f9db01322-groupManagement] INFO  server.RaftServerConfigKeys (ConfUtils.java:logGet(46)) - raft.server.rpc.slowness.timeout = 120000ms (custom)
2025-04-23 04:29:23,882 [1763a5f8-9e33-4e4d-85c9-a44f9db01322-groupManagement] INFO  server.RaftServerConfigKeys (ConfUtils.java:logGet(46)) - raft.server.leaderelection.leader.step-down.wait-time = 10s (default)
2025-04-23 04:29:23,882 [1763a5f8-9e33-4e4d-85c9-a44f9db01322-groupManagement] INFO  server.RaftServerConfigKeys (ConfUtils.java:logGet(46)) - raft.server.leaderelection.member.majority-add = false (default)
2025-04-23 04:29:23,882 [1763a5f8-9e33-4e4d-85c9-a44f9db01322-groupManagement] INFO  server.RaftServerConfigKeys (ConfUtils.java:logGet(46)) - raft.server.sleep.deviation.threshold = 300ms (default)
2025-04-23 04:29:23,882 [1763a5f8-9e33-4e4d-85c9-a44f9db01322-groupManagement] INFO  server.RaftServer$Division (ServerState.java:<init>(114)) - 1763a5f8-9e33-4e4d-85c9-a44f9db01322@group-3D25694EC971: ConfigurationManager, init=conf: {index: -1, cur=peers:[1763a5f8-9e33-4e4d-85c9-a44f9db01322|fv-az1441-587:15046]|listeners:[], old=null}, confs=<EMPTY_MAP>
2025-04-23 04:29:23,882 [1763a5f8-9e33-4e4d-85c9-a44f9db01322-groupManagement] INFO  server.RaftServerConfigKeys (ConfUtils.java:logGet(46)) - raft.server.notification.no-leader.timeout = 60s (default)
2025-04-23 04:29:23,882 [1763a5f8-9e33-4e4d-85c9-a44f9db01322-groupManagement] INFO  server.RaftServerConfigKeys (ConfUtils.java:logGet(46)) - raft.server.read.timeout = 10s (default)
2025-04-23 04:29:23,882 [1763a5f8-9e33-4e4d-85c9-a44f9db01322-groupManagement] INFO  server.RaftServerConfigKeys (ConfUtils.java:logGet(46)) - raft.server.retrycache.expirytime = 60000ms (default)
2025-04-23 04:29:23,882 [1763a5f8-9e33-4e4d-85c9-a44f9db01322-groupManagement] INFO  server.RaftServerConfigKeys (ConfUtils.java:logGet(46)) - raft.server.retrycache.statistics.expirytime = 100ms (default)
2025-04-23 04:29:23,882 [1763a5f8-9e33-4e4d-85c9-a44f9db01322-groupManagement] INFO  server.RaftServerConfigKeys (ConfUtils.java:logGet(46)) - raft.server.read.option = DEFAULT (default)
2025-04-23 04:29:23,882 [1763a5f8-9e33-4e4d-85c9-a44f9db01322-groupManagement] INFO  server.RaftServerConfigKeys (ConfUtils.java:logGet(46)) - raft.server.read.read-after-write-consistent.write-index-cache.expiry-time = 60s (default)
2025-04-23 04:29:23,883 [1763a5f8-9e33-4e4d-85c9-a44f9db01322-groupManagement] INFO  server.RaftServerConfigKeys (ConfUtils.java:logGet(46)) - raft.server.rpc.request.timeout = 30000ms (custom)
2025-04-23 04:29:23,883 [1763a5f8-9e33-4e4d-85c9-a44f9db01322-groupManagement] INFO  server.RaftServerConfigKeys (ConfUtils.java:logGet(46)) - raft.server.log.appender.install.snapshot.enabled = false (custom)
2025-04-23 04:29:23,883 [1763a5f8-9e33-4e4d-85c9-a44f9db01322-groupManagement] INFO  server.RaftServerConfigKeys (ConfUtils.java:logGet(46)) - raft.server.threadpool.server.cached = true (default)
2025-04-23 04:29:23,883 [1763a5f8-9e33-4e4d-85c9-a44f9db01322-groupManagement] INFO  server.RaftServerConfigKeys (ConfUtils.java:logGet(46)) - raft.server.threadpool.server.size = 0 (default)
2025-04-23 04:29:23,883 [1763a5f8-9e33-4e4d-85c9-a44f9db01322-groupManagement] INFO  server.RaftServerConfigKeys (ConfUtils.java:logGet(46)) - raft.server.threadpool.client.cached = true (default)
2025-04-23 04:29:23,883 [1763a5f8-9e33-4e4d-85c9-a44f9db01322-groupManagement] INFO  server.RaftServerConfigKeys (ConfUtils.java:logGet(46)) - raft.server.threadpool.client.size = 0 (default)
2025-04-23 04:29:23,883 [1763a5f8-9e33-4e4d-85c9-a44f9db01322-impl-thread1] INFO  server.RaftServerConfigKeys (ConfUtils.java:logGet(46)) - raft.server.storage.free-space.min = 0MB (=0) (default)
2025-04-23 04:29:23,883 [1763a5f8-9e33-4e4d-85c9-a44f9db01322-impl-thread1] INFO  server.RaftServerConfigKeys (ConfUtils.java:logGet(46)) - raft.server.log.corruption.policy = EXCEPTION (default)
2025-04-23 04:29:23,883 [1763a5f8-9e33-4e4d-85c9-a44f9db01322-impl-thread1] INFO  server.RaftServerConfigKeys (ConfUtils.java:logGet(46)) - raft.server.storage.dir = [/home/runner/work/ozone/ozone/hadoop-ozone/integration-test/target/test-dir/MiniOzoneClusterImpl-e6c14afe-f26c-49b2-91d5-3d25694ec971/ozone-meta/scm-ha] (custom)
2025-04-23 04:29:23,883 [1763a5f8-9e33-4e4d-85c9-a44f9db01322-impl-thread1] INFO  storage.RaftStorageDirectory (RaftStorageDirectoryImpl.java:analyzeStorage(138)) - The storage directory /home/runner/work/ozone/ozone/hadoop-ozone/integration-test/target/test-dir/MiniOzoneClusterImpl-e6c14afe-f26c-49b2-91d5-3d25694ec971/ozone-meta/scm-ha/e6c14afe-f26c-49b2-91d5-3d25694ec971 does not exist. Creating ...
2025-04-23 04:29:23,884 [1763a5f8-9e33-4e4d-85c9-a44f9db01322-impl-thread1] INFO  storage.RaftStorageDirectory (RaftStorageDirectoryImpl.java:tryLock(229)) - Lock on /home/runner/work/ozone/ozone/hadoop-ozone/integration-test/target/test-dir/MiniOzoneClusterImpl-e6c14afe-f26c-49b2-91d5-3d25694ec971/ozone-meta/scm-ha/e6c14afe-f26c-49b2-91d5-3d25694ec971/in_use.lock acquired by nodename 129558@fv-az1441-587
2025-04-23 04:29:23,885 [1763a5f8-9e33-4e4d-85c9-a44f9db01322-impl-thread1] INFO  storage.RaftStorage (RaftStorageImpl.java:format(98)) - Storage directory /home/runner/work/ozone/ozone/hadoop-ozone/integration-test/target/test-dir/MiniOzoneClusterImpl-e6c14afe-f26c-49b2-91d5-3d25694ec971/ozone-meta/scm-ha/e6c14afe-f26c-49b2-91d5-3d25694ec971 has been successfully formatted.
2025-04-23 04:29:23,886 [1763a5f8-9e33-4e4d-85c9-a44f9db01322-impl-thread1] INFO  ha.SCMStateMachine (SCMStateMachine.java:lambda$initialize$0(135)) - 1763a5f8-9e33-4e4d-85c9-a44f9db01322: initialize group-3D25694EC971
2025-04-23 04:29:23,886 [1763a5f8-9e33-4e4d-85c9-a44f9db01322-impl-thread1] INFO  server.RaftServerConfigKeys (ConfUtils.java:logGet(46)) - raft.server.log.use.memory = false (default)
2025-04-23 04:29:23,886 [1763a5f8-9e33-4e4d-85c9-a44f9db01322-impl-thread1] INFO  server.RaftServerConfigKeys (ConfUtils.java:logGet(46)) - raft.server.log.purge.gap = 1000000 (custom)
2025-04-23 04:29:23,886 [1763a5f8-9e33-4e4d-85c9-a44f9db01322-impl-thread1] INFO  server.RaftServerConfigKeys (ConfUtils.java:logGet(46)) - raft.server.log.appender.buffer.byte-limit = 4194304 (custom)
2025-04-23 04:29:23,886 [1763a5f8-9e33-4e4d-85c9-a44f9db01322-impl-thread1] INFO  server.RaftServerConfigKeys (ConfUtils.java:logGet(46)) - raft.server.log.statemachine.data.read.timeout = 1000ms (default)
2025-04-23 04:29:23,886 [1763a5f8-9e33-4e4d-85c9-a44f9db01322-impl-thread1] INFO  server.RaftServerConfigKeys (ConfUtils.java:logGet(46)) - raft.server.log.purge.preservation.log.num = 0 (default)
2025-04-23 04:29:23,886 [1763a5f8-9e33-4e4d-85c9-a44f9db01322-impl-thread1] INFO  server.RaftServerConfigKeys (ConfUtils.java:logGet(46)) - raft.server.log.segment.size.max = 4194304 (custom)
2025-04-23 04:29:23,886 [1763a5f8-9e33-4e4d-85c9-a44f9db01322-impl-thread1] INFO  server.RaftServerConfigKeys (ConfUtils.java:logGet(46)) - raft.server.log.segment.cache.num.max = 2 (custom)
2025-04-23 04:29:23,886 [1763a5f8-9e33-4e4d-85c9-a44f9db01322-impl-thread1] INFO  server.RaftServerConfigKeys (ConfUtils.java:logGet(46)) - raft.server.log.segment.cache.size.max = 200MB (=209715200) (default)
2025-04-23 04:29:23,886 [1763a5f8-9e33-4e4d-85c9-a44f9db01322-impl-thread1] INFO  server.RaftServerConfigKeys (ConfUtils.java:logGet(46)) - raft.server.log.appender.buffer.byte-limit = 4194304 (custom)
2025-04-23 04:29:23,886 [1763a5f8-9e33-4e4d-85c9-a44f9db01322-impl-thread1] INFO  util.AwaitToRun (AwaitToRun.java:start(81)) - Thread[#7945,1763a5f8-9e33-4e4d-85c9-a44f9db01322@group-3D25694EC971-cacheEviction-AwaitToRun,5,main] started
2025-04-23 04:29:23,887 [1763a5f8-9e33-4e4d-85c9-a44f9db01322-impl-thread1] INFO  segmented.SegmentedRaftLogWorker (SegmentedRaftLogWorker.java:<init>(188)) - new 1763a5f8-9e33-4e4d-85c9-a44f9db01322@group-3D25694EC971-SegmentedRaftLogWorker for RaftStorageImpl:Storage Directory /home/runner/work/ozone/ozone/hadoop-ozone/integration-test/target/test-dir/MiniOzoneClusterImpl-e6c14afe-f26c-49b2-91d5-3d25694ec971/ozone-meta/scm-ha/e6c14afe-f26c-49b2-91d5-3d25694ec971
2025-04-23 04:29:23,887 [1763a5f8-9e33-4e4d-85c9-a44f9db01322-impl-thread1] INFO  server.RaftServerConfigKeys (ConfUtils.java:logGet(46)) - raft.server.log.queue.byte-limit = 64MB (=67108864) (default)
2025-04-23 04:29:23,887 [1763a5f8-9e33-4e4d-85c9-a44f9db01322-impl-thread1] INFO  server.RaftServerConfigKeys (ConfUtils.java:logGet(46)) - raft.server.log.queue.element-limit = 4096 (default)
2025-04-23 04:29:23,887 [1763a5f8-9e33-4e4d-85c9-a44f9db01322-impl-thread1] INFO  server.RaftServerConfigKeys (ConfUtils.java:logGet(46)) - raft.server.log.segment.size.max = 4194304 (custom)
2025-04-23 04:29:23,887 [1763a5f8-9e33-4e4d-85c9-a44f9db01322-impl-thread1] INFO  server.RaftServerConfigKeys (ConfUtils.java:logGet(46)) - raft.server.log.preallocated.size = 4194304 (custom)
2025-04-23 04:29:23,887 [1763a5f8-9e33-4e4d-85c9-a44f9db01322-impl-thread1] INFO  server.RaftServerConfigKeys (ConfUtils.java:logGet(46)) - raft.server.log.force.sync.num = 128 (default)
2025-04-23 04:29:23,887 [1763a5f8-9e33-4e4d-85c9-a44f9db01322-impl-thread1] INFO  server.RaftServerConfigKeys (ConfUtils.java:logGet(46)) - raft.server.log.statemachine.data.sync = true (default)
2025-04-23 04:29:23,887 [1763a5f8-9e33-4e4d-85c9-a44f9db01322-impl-thread1] INFO  server.RaftServerConfigKeys (ConfUtils.java:logGet(46)) - raft.server.log.statemachine.data.sync.timeout = 10s (default)
2025-04-23 04:29:23,887 [1763a5f8-9e33-4e4d-85c9-a44f9db01322-impl-thread1] INFO  server.RaftServerConfigKeys (ConfUtils.java:logGet(46)) - raft.server.log.statemachine.data.sync.timeout.retry = -1 (default)
2025-04-23 04:29:23,887 [1763a5f8-9e33-4e4d-85c9-a44f9db01322-impl-thread1] INFO  server.RaftServerConfigKeys (ConfUtils.java:logGet(46)) - raft.server.log.write.buffer.size = 4194312 (custom)
2025-04-23 04:29:23,887 [1763a5f8-9e33-4e4d-85c9-a44f9db01322-impl-thread1] INFO  server.RaftServerConfigKeys (ConfUtils.java:logGet(46)) - raft.server.log.appender.buffer.byte-limit = 4194304 (custom)
2025-04-23 04:29:23,887 [1763a5f8-9e33-4e4d-85c9-a44f9db01322-impl-thread1] INFO  server.RaftServerConfigKeys (ConfUtils.java:logGet(46)) - raft.server.log.unsafe-flush.enabled = false (default)
2025-04-23 04:29:23,887 [1763a5f8-9e33-4e4d-85c9-a44f9db01322-impl-thread1] INFO  server.RaftServerConfigKeys (ConfUtils.java:logGet(46)) - raft.server.log.async-flush.enabled = false (default)
2025-04-23 04:29:23,887 [1763a5f8-9e33-4e4d-85c9-a44f9db01322-impl-thread1] INFO  server.RaftServerConfigKeys (ConfUtils.java:logGet(46)) - raft.server.log.statemachine.data.caching.enabled = false (default)
2025-04-23 04:29:23,887 [1763a5f8-9e33-4e4d-85c9-a44f9db01322-impl-thread1] INFO  segmented.SegmentedRaftLogWorker (SegmentedRaftLogWorker.java:lambda$new$0(139)) - 1763a5f8-9e33-4e4d-85c9-a44f9db01322@group-3D25694EC971-SegmentedRaftLogWorker: flushIndex: setUnconditionally 0 -> -1
2025-04-23 04:29:23,887 [1763a5f8-9e33-4e4d-85c9-a44f9db01322-impl-thread1] INFO  segmented.SegmentedRaftLogWorker (SegmentedRaftLogWorker.java:lambda$new$0(139)) - 1763a5f8-9e33-4e4d-85c9-a44f9db01322@group-3D25694EC971-SegmentedRaftLogWorker: safeCacheEvictIndex: setUnconditionally 0 -> -1
2025-04-23 04:29:23,888 [1763a5f8-9e33-4e4d-85c9-a44f9db01322-impl-thread1] INFO  server.RaftServer$Division (RaftServerImpl.java:start(391)) - 1763a5f8-9e33-4e4d-85c9-a44f9db01322@group-3D25694EC971: start as a follower, conf=conf: {index: -1, cur=peers:[1763a5f8-9e33-4e4d-85c9-a44f9db01322|fv-az1441-587:15046]|listeners:[], old=null}
2025-04-23 04:29:23,888 [1763a5f8-9e33-4e4d-85c9-a44f9db01322-impl-thread1] INFO  server.RaftServer$Division (RaftServerImpl.java:setRole(378)) - 1763a5f8-9e33-4e4d-85c9-a44f9db01322@group-3D25694EC971: changes role from      null to FOLLOWER at term 0 for startAsFollower
2025-04-23 04:29:23,888 [1763a5f8-9e33-4e4d-85c9-a44f9db01322-impl-thread1] INFO  impl.RoleInfo (RoleInfo.java:updateAndGet(148)) - 1763a5f8-9e33-4e4d-85c9-a44f9db01322: start 1763a5f8-9e33-4e4d-85c9-a44f9db01322@group-3D25694EC971-FollowerState
2025-04-23 04:29:23,888 [1763a5f8-9e33-4e4d-85c9-a44f9db01322@group-3D25694EC971-FollowerState] INFO  server.RaftServerConfigKeys (ConfUtils.java:logGet(46)) - raft.server.rpc.first-election.timeout.min = 1000ms (custom)
2025-04-23 04:29:23,889 [1763a5f8-9e33-4e4d-85c9-a44f9db01322@group-3D25694EC971-FollowerState] INFO  server.RaftServerConfigKeys (ConfUtils.java:logGet(46)) - raft.server.rpc.first-election.timeout.max = 1200ms (custom)
2025-04-23 04:29:23,888 [1763a5f8-9e33-4e4d-85c9-a44f9db01322-impl-thread1] INFO  util.JmxRegister (JmxRegister.java:tryRegister(44)) - Successfully registered JMX Bean with object name Ratis:service=RaftServer,group=group-3D25694EC971,id=1763a5f8-9e33-4e4d-85c9-a44f9db01322
2025-04-23 04:29:23,889 [1763a5f8-9e33-4e4d-85c9-a44f9db01322-impl-thread1] INFO  util.JmxRegister (JmxRegister.java:register(58)) - register mxBean class org.apache.ratis.server.impl.RaftServerJmxAdapter as Ratis:service=RaftServer,group=group-3D25694EC971,id=1763a5f8-9e33-4e4d-85c9-a44f9db01322
2025-04-23 04:29:23,889 [1763a5f8-9e33-4e4d-85c9-a44f9db01322-impl-thread1] INFO  server.RaftServerConfigKeys (ConfUtils.java:logGet(46)) - raft.server.snapshot.trigger-when-stop.enabled = true (default)
2025-04-23 04:29:23,889 [1763a5f8-9e33-4e4d-85c9-a44f9db01322-impl-thread1] INFO  server.RaftServerConfigKeys (ConfUtils.java:logGet(46)) - raft.server.snapshot.trigger-when-remove.enabled = true (default)
2025-04-23 04:29:23,889 [1763a5f8-9e33-4e4d-85c9-a44f9db01322-impl-thread1] INFO  server.RaftServerConfigKeys (ConfUtils.java:logGet(46)) - raft.server.snapshot.auto.trigger.enabled = true (custom)
2025-04-23 04:29:23,889 [1763a5f8-9e33-4e4d-85c9-a44f9db01322-impl-thread1] INFO  server.RaftServerConfigKeys (ConfUtils.java:logGet(46)) - raft.server.snapshot.auto.trigger.threshold = 1000 (custom)
2025-04-23 04:29:23,889 [1763a5f8-9e33-4e4d-85c9-a44f9db01322-impl-thread1] INFO  server.RaftServerConfigKeys (ConfUtils.java:logGet(46)) - raft.server.snapshot.retention.file.num = -1 (default)
2025-04-23 04:29:23,889 [1763a5f8-9e33-4e4d-85c9-a44f9db01322-impl-thread1] INFO  server.RaftServerConfigKeys (ConfUtils.java:logGet(46)) - raft.server.log.purge.upto.snapshot.index = false (default)
2025-04-23 04:29:23,890 [1763a5f8-9e33-4e4d-85c9-a44f9db01322-impl-thread1] INFO  server.RaftServer$Division (RaftServerImpl.java:start(405)) - 1763a5f8-9e33-4e4d-85c9-a44f9db01322@group-3D25694EC971: Successfully started.
2025-04-23 04:29:23,890 [main] INFO  server.RaftServer (RaftServerProxy.java:startImpl(407)) - 1763a5f8-9e33-4e4d-85c9-a44f9db01322: start RPC server
2025-04-23 04:29:23,891 [main] INFO  server.GrpcService (GrpcService.java:startImpl(334)) - 1763a5f8-9e33-4e4d-85c9-a44f9db01322: GrpcService started, listening on 15046
2025-04-23 04:29:23,891 [JvmPauseMonitor41] INFO  util.JvmPauseMonitor (JvmPauseMonitor.java:run(146)) - JvmPauseMonitor-1763a5f8-9e33-4e4d-85c9-a44f9db01322: Started
2025-04-23 04:29:24,909 [1763a5f8-9e33-4e4d-85c9-a44f9db01322@group-3D25694EC971-FollowerState] INFO  impl.FollowerState (FollowerState.java:runImpl(161)) - 1763a5f8-9e33-4e4d-85c9-a44f9db01322@group-3D25694EC971-FollowerState: change to CANDIDATE, lastRpcElapsedTime:1020597008ns, electionTimeout:1020ms
2025-04-23 04:29:24,909 [1763a5f8-9e33-4e4d-85c9-a44f9db01322@group-3D25694EC971-FollowerState] INFO  impl.RoleInfo (RoleInfo.java:shutdownFollowerState(121)) - 1763a5f8-9e33-4e4d-85c9-a44f9db01322: shutdown 1763a5f8-9e33-4e4d-85c9-a44f9db01322@group-3D25694EC971-FollowerState
2025-04-23 04:29:24,909 [1763a5f8-9e33-4e4d-85c9-a44f9db01322@group-3D25694EC971-FollowerState] INFO  server.RaftServer$Division (RaftServerImpl.java:setRole(378)) - 1763a5f8-9e33-4e4d-85c9-a44f9db01322@group-3D25694EC971: changes role from  FOLLOWER to CANDIDATE at term 0 for changeToCandidate
2025-04-23 04:29:24,909 [1763a5f8-9e33-4e4d-85c9-a44f9db01322@group-3D25694EC971-FollowerState] INFO  server.RaftServerConfigKeys (ConfUtils.java:logGet(46)) - raft.server.leaderelection.pre-vote = true (default)
2025-04-23 04:29:24,909 [1763a5f8-9e33-4e4d-85c9-a44f9db01322@group-3D25694EC971-FollowerState] INFO  impl.RoleInfo (RoleInfo.java:updateAndGet(148)) - 1763a5f8-9e33-4e4d-85c9-a44f9db01322: start 1763a5f8-9e33-4e4d-85c9-a44f9db01322@group-3D25694EC971-LeaderElection34
2025-04-23 04:29:24,909 [1763a5f8-9e33-4e4d-85c9-a44f9db01322@group-3D25694EC971-LeaderElection34] INFO  impl.LeaderElection (LeaderElection.java:askForVotes(332)) - 1763a5f8-9e33-4e4d-85c9-a44f9db01322@group-3D25694EC971-LeaderElection34 PRE_VOTE round 0: submit vote requests at term 0 for conf: {index: -1, cur=peers:[1763a5f8-9e33-4e4d-85c9-a44f9db01322|fv-az1441-587:15046]|listeners:[], old=null}
2025-04-23 04:29:24,909 [1763a5f8-9e33-4e4d-85c9-a44f9db01322@group-3D25694EC971-LeaderElection34] INFO  impl.LeaderElection (LeaderElection.java:askForVotes(334)) - 1763a5f8-9e33-4e4d-85c9-a44f9db01322@group-3D25694EC971-LeaderElection34 PRE_VOTE round 0: result PASSED (term=0)
2025-04-23 04:29:24,911 [1763a5f8-9e33-4e4d-85c9-a44f9db01322@group-3D25694EC971-LeaderElection34] INFO  impl.LeaderElection (LeaderElection.java:askForVotes(332)) - 1763a5f8-9e33-4e4d-85c9-a44f9db01322@group-3D25694EC971-LeaderElection34 ELECTION round 0: submit vote requests at term 1 for conf: {index: -1, cur=peers:[1763a5f8-9e33-4e4d-85c9-a44f9db01322|fv-az1441-587:15046]|listeners:[], old=null}
2025-04-23 04:29:24,911 [1763a5f8-9e33-4e4d-85c9-a44f9db01322@group-3D25694EC971-LeaderElection34] INFO  impl.LeaderElection (LeaderElection.java:askForVotes(334)) - 1763a5f8-9e33-4e4d-85c9-a44f9db01322@group-3D25694EC971-LeaderElection34 ELECTION round 0: result PASSED (term=1)
2025-04-23 04:29:24,911 [1763a5f8-9e33-4e4d-85c9-a44f9db01322@group-3D25694EC971-LeaderElection34] INFO  impl.RoleInfo (RoleInfo.java:shutdownLeaderElection(141)) - 1763a5f8-9e33-4e4d-85c9-a44f9db01322: shutdown 1763a5f8-9e33-4e4d-85c9-a44f9db01322@group-3D25694EC971-LeaderElection34
2025-04-23 04:29:24,911 [1763a5f8-9e33-4e4d-85c9-a44f9db01322@group-3D25694EC971-LeaderElection34] INFO  server.RaftServer$Division (RaftServerImpl.java:setRole(378)) - 1763a5f8-9e33-4e4d-85c9-a44f9db01322@group-3D25694EC971: changes role from CANDIDATE to LEADER at term 1 for changeToLeader
2025-04-23 04:29:24,911 [1763a5f8-9e33-4e4d-85c9-a44f9db01322@group-3D25694EC971-LeaderElection34] INFO  server.RaftServerConfigKeys (ConfUtils.java:logGet(46)) - raft.server.staging.catchup.gap = 1000 (default)
2025-04-23 04:29:24,911 [1763a5f8-9e33-4e4d-85c9-a44f9db01322@group-3D25694EC971-LeaderElection34] INFO  server.RaftServerConfigKeys (ConfUtils.java:logGet(46)) - raft.server.write.element-limit = 4096 (default)
2025-04-23 04:29:24,911 [1763a5f8-9e33-4e4d-85c9-a44f9db01322@group-3D25694EC971-LeaderElection34] INFO  server.RaftServerConfigKeys (ConfUtils.java:logGet(46)) - raft.server.write.byte-limit = 64MB (=67108864) (default)
2025-04-23 04:29:24,911 [1763a5f8-9e33-4e4d-85c9-a44f9db01322@group-3D25694EC971-LeaderElection34] INFO  server.RaftServerConfigKeys (ConfUtils.java:logGet(46)) - raft.server.watch.timeout = 10s (default)
2025-04-23 04:29:24,911 [1763a5f8-9e33-4e4d-85c9-a44f9db01322@group-3D25694EC971-LeaderElection34] INFO  server.RaftServerConfigKeys (ConfUtils.java:logGet(46)) - raft.server.watch.timeout.denomination = 1s (default)
2025-04-23 04:29:24,911 [1763a5f8-9e33-4e4d-85c9-a44f9db01322@group-3D25694EC971-LeaderElection34] INFO  server.RaftServerConfigKeys (ConfUtils.java:logGet(46)) - raft.server.watch.element-limit = 65536 (default)
2025-04-23 04:29:24,911 [1763a5f8-9e33-4e4d-85c9-a44f9db01322@group-3D25694EC971-LeaderElection34] INFO  server.RaftServerConfigKeys (ConfUtils.java:logGet(46)) - raft.server.read.leader.lease.enabled = false (default)
2025-04-23 04:29:24,911 [1763a5f8-9e33-4e4d-85c9-a44f9db01322@group-3D25694EC971-LeaderElection34] INFO  server.RaftServerConfigKeys (ConfUtils.java:logGet(46)) - raft.server.read.leader.lease.timeout.ratio = 0.9 (default)
2025-04-23 04:29:24,911 [1763a5f8-9e33-4e4d-85c9-a44f9db01322@group-3D25694EC971-LeaderElection34] INFO  server.RaftServerConfigKeys (ConfUtils.java:logGet(46)) - raft.server.rpc.timeout.min = 5000ms (custom)
2025-04-23 04:29:24,911 [1763a5f8-9e33-4e4d-85c9-a44f9db01322@group-3D25694EC971-LeaderElection34] INFO  server.RaftServerConfigKeys (ConfUtils.java:logGet(46)) - raft.server.log.log-metadata.enabled = true (default)
2025-04-23 04:29:24,911 [1763a5f8-9e33-4e4d-85c9-a44f9db01322@group-3D25694EC971-LeaderElection34] INFO  server.RaftServerConfigKeys (ConfUtils.java:logGet(46)) - raft.server.write.element-limit = 4096 (default)
2025-04-23 04:29:24,911 [1763a5f8-9e33-4e4d-85c9-a44f9db01322@group-3D25694EC971-LeaderElection34] INFO  server.RaftServerConfigKeys (ConfUtils.java:logGet(46)) - raft.server.write.follower.gap.ratio.max = -1.0 (default)
2025-04-23 04:29:24,911 [1763a5f8-9e33-4e4d-85c9-a44f9db01322@group-3D25694EC971-LeaderElection34] INFO  impl.RoleInfo (RoleInfo.java:updateAndGet(148)) - 1763a5f8-9e33-4e4d-85c9-a44f9db01322: start 1763a5f8-9e33-4e4d-85c9-a44f9db01322@group-3D25694EC971-LeaderStateImpl
2025-04-23 04:29:24,911 [1763a5f8-9e33-4e4d-85c9-a44f9db01322@group-3D25694EC971-LeaderElection34] INFO  server.RaftServer$Division (RaftServerImpl.java:setFirstElection(562)) - 1763a5f8-9e33-4e4d-85c9-a44f9db01322@group-3D25694EC971: set firstElectionSinceStartup to false for becomeLeader
2025-04-23 04:29:24,912 [1763a5f8-9e33-4e4d-85c9-a44f9db01322@group-3D25694EC971-LeaderElection34] INFO  server.RaftServer$Division (ServerState.java:setLeader(272)) - 1763a5f8-9e33-4e4d-85c9-a44f9db01322@group-3D25694EC971: change Leader from null to 1763a5f8-9e33-4e4d-85c9-a44f9db01322 at term 1 for becomeLeader, leader elected after 1029ms
2025-04-23 04:29:24,912 [1763a5f8-9e33-4e4d-85c9-a44f9db01322@group-3D25694EC971-LeaderElection34] INFO  segmented.SegmentedRaftLogWorker (SegmentedRaftLogWorker.java:startLogSegment(438)) - 1763a5f8-9e33-4e4d-85c9-a44f9db01322@group-3D25694EC971-SegmentedRaftLogWorker: Starting segment from index:0
2025-04-23 04:29:24,912 [1763a5f8-9e33-4e4d-85c9-a44f9db01322@group-3D25694EC971-LeaderElection34] INFO  server.RaftServer$Division (ServerState.java:setRaftConf(386)) - 1763a5f8-9e33-4e4d-85c9-a44f9db01322@group-3D25694EC971: set configuration conf: {index: 0, cur=peers:[1763a5f8-9e33-4e4d-85c9-a44f9db01322|fv-az1441-587:15046]|listeners:[], old=null}
2025-04-23 04:29:24,912 [1763a5f8-9e33-4e4d-85c9-a44f9db01322@group-3D25694EC971-SegmentedRaftLogWorker] INFO  segmented.BufferedWriteChannel (BufferedWriteChannel.java:open(61)) - open log_inprogress_0 at position 0
2025-04-23 04:29:24,920 [1763a5f8-9e33-4e4d-85c9-a44f9db01322@group-3D25694EC971-SegmentedRaftLogWorker] INFO  segmented.SegmentedRaftLogWorker (SegmentedRaftLogWorker.java:execute(644)) - 1763a5f8-9e33-4e4d-85c9-a44f9db01322@group-3D25694EC971-SegmentedRaftLogWorker: created new log segment /home/runner/work/ozone/ozone/hadoop-ozone/integration-test/target/test-dir/MiniOzoneClusterImpl-e6c14afe-f26c-49b2-91d5-3d25694ec971/ozone-meta/scm-ha/e6c14afe-f26c-49b2-91d5-3d25694ec971/current/log_inprogress_0
2025-04-23 04:29:24,922 [1763a5f8-9e33-4e4d-85c9-a44f9db01322@group-3D25694EC971-StateMachineUpdater] INFO  server.RaftServer$Division (LeaderStateImpl.java:checkStartIndex(313)) - Leader 1763a5f8-9e33-4e4d-85c9-a44f9db01322@group-3D25694EC971-LeaderStateImpl is ready since appliedIndex == startIndex == 0
2025-04-23 04:29:25,891 [main] INFO  server.RaftServer (RaftServerProxy.java:lambda$close$9(417)) - 1763a5f8-9e33-4e4d-85c9-a44f9db01322: close
2025-04-23 04:29:25,891 [main] INFO  server.GrpcService (GrpcService.java:closeImpl(343)) - 1763a5f8-9e33-4e4d-85c9-a44f9db01322: shutdown server GrpcServerProtocolService now
2025-04-23 04:29:25,891 [1763a5f8-9e33-4e4d-85c9-a44f9db01322-impl-thread1] INFO  server.RaftServer$Division (RaftServerImpl.java:lambda$close$1(513)) - 1763a5f8-9e33-4e4d-85c9-a44f9db01322@group-3D25694EC971: shutdown
2025-04-23 04:29:25,892 [1763a5f8-9e33-4e4d-85c9-a44f9db01322-impl-thread1] INFO  util.JmxRegister (JmxRegister.java:unregister(74)) - Successfully un-registered JMX Bean with object name Ratis:service=RaftServer,group=group-3D25694EC971,id=1763a5f8-9e33-4e4d-85c9-a44f9db01322
2025-04-23 04:29:25,892 [1763a5f8-9e33-4e4d-85c9-a44f9db01322-impl-thread1] INFO  impl.RoleInfo (RoleInfo.java:shutdownLeaderState(103)) - 1763a5f8-9e33-4e4d-85c9-a44f9db01322: shutdown 1763a5f8-9e33-4e4d-85c9-a44f9db01322@group-3D25694EC971-LeaderStateImpl
2025-04-23 04:29:25,892 [1763a5f8-9e33-4e4d-85c9-a44f9db01322-impl-thread1] INFO  impl.PendingRequests (PendingRequests.java:sendNotLeaderResponses(287)) - 1763a5f8-9e33-4e4d-85c9-a44f9db01322@group-3D25694EC971-PendingRequests: sendNotLeaderResponses
2025-04-23 04:29:25,892 [1763a5f8-9e33-4e4d-85c9-a44f9db01322-impl-thread1] INFO  impl.StateMachineUpdater (StateMachineUpdater.java:stopAndJoin(164)) - 1763a5f8-9e33-4e4d-85c9-a44f9db01322@group-3D25694EC971-StateMachineUpdater: set stopIndex = 0
2025-04-23 04:29:25,892 [1763a5f8-9e33-4e4d-85c9-a44f9db01322@group-3D25694EC971-StateMachineUpdater] INFO  impl.StateMachineUpdater (StateMachineUpdater.java:takeSnapshot(303)) - 1763a5f8-9e33-4e4d-85c9-a44f9db01322@group-3D25694EC971-StateMachineUpdater: Took a snapshot at index 0
2025-04-23 04:29:25,892 [1763a5f8-9e33-4e4d-85c9-a44f9db01322@group-3D25694EC971-StateMachineUpdater] INFO  impl.StateMachineUpdater (StateMachineUpdater.java:lambda$new$0(102)) - 1763a5f8-9e33-4e4d-85c9-a44f9db01322@group-3D25694EC971-StateMachineUpdater: snapshotIndex: updateIncreasingly -1 -> 0
2025-04-23 04:29:25,892 [1763a5f8-9e33-4e4d-85c9-a44f9db01322@group-3D25694EC971-StateMachineUpdater] INFO  impl.StateMachineUpdater (StateMachineUpdater.java:stop(141)) - 1763a5f8-9e33-4e4d-85c9-a44f9db01322@group-3D25694EC971-StateMachineUpdater: closing SCMStateMachine, lastApplied=(t:1, i:0)
2025-04-23 04:29:25,892 [main] INFO  server.GrpcService (GrpcService.java:closeImpl(352)) - 1763a5f8-9e33-4e4d-85c9-a44f9db01322: shutdown server GrpcServerProtocolService successfully
2025-04-23 04:29:25,893 [1763a5f8-9e33-4e4d-85c9-a44f9db01322@group-3D25694EC971-cacheEviction-AwaitToRun] INFO  util.AwaitToRun (AwaitToRun.java:run(49)) - 1763a5f8-9e33-4e4d-85c9-a44f9db01322@group-3D25694EC971-cacheEviction-AwaitToRun-AwaitForSignal is interrupted
2025-04-23 04:29:25,922 [1763a5f8-9e33-4e4d-85c9-a44f9db01322-impl-thread1] INFO  segmented.SegmentedRaftLogWorker (SegmentedRaftLogWorker.java:close(252)) - 1763a5f8-9e33-4e4d-85c9-a44f9db01322@group-3D25694EC971-SegmentedRaftLogWorker close()
2025-04-23 04:29:25,922 [JvmPauseMonitor41] INFO  util.JvmPauseMonitor (JvmPauseMonitor.java:run(152)) - JvmPauseMonitor-1763a5f8-9e33-4e4d-85c9-a44f9db01322: Stopped
2025-04-23 04:29:25,922 [main] WARN  server.ServerUtils (ServerUtils.java:getScmDbDir(141)) - ozone.scm.db.dirs is not configured. We recommend adding this setting. Falling back to ozone.metadata.dirs instead.
2025-04-23 04:29:25,923 [main] INFO  ha.SCMHANodeDetails (SCMHANodeDetails.java:loadSCMHAConfig(162)) - ServiceID for StorageContainerManager is null
2025-04-23 04:29:25,923 [main] INFO  ha.SCMHANodeDetails (SCMHANodeDetails.java:loadSCMHAConfig(166)) - ozone.scm.default.service.id is not defined, falling back to ozone.scm.service.ids to find serviceID for StorageContainerManager if it is HA enabled cluster
2025-04-23 04:29:25,923 [main] WARN  utils.HAUtils (HAUtils.java:getMetaDir(337)) - ozone.scm.db.dirs is not configured. We recommend adding this setting. Falling back to ozone.metadata.dirs instead.
2025-04-23 04:29:25,923 [main] WARN  db.DBStoreBuilder (DBStoreBuilder.java:getDBDirPath(167)) - ozone.scm.db.dirs is not configured. We recommend adding this setting. Falling back to ozone.metadata.dirs instead.
2025-04-23 04:29:25,975 [main] INFO  net.NodeSchemaLoader (NodeSchemaLoader.java:loadSchemaFromFile(127)) - Loading schema from [jar:file:/home/runner/work/ozone/ozone/hadoop-hdds/common/target/hdds-common-2.1.0-SNAPSHOT.jar!/network-topology-default.xml]
2025-04-23 04:29:25,975 [main] INFO  net.NodeSchemaLoader (NodeSchemaLoader.java:loadSchema(174)) - Loading network topology layer schema file
2025-04-23 04:29:25,991 [main] INFO  ha.SCMRatisServerImpl (SCMRatisServerImpl.java:<init>(100)) - starting Raft server for scm:1763a5f8-9e33-4e4d-85c9-a44f9db01322
2025-04-23 04:29:25,992 [main] INFO  server.RaftServerConfigKeys (ConfUtils.java:logGet(46)) - raft.server.log.appender.buffer.byte-limit = 4194304 (custom)
2025-04-23 04:29:25,992 [main] INFO  server.RaftServer (ConfUtils.java:logGet(46)) - raft.rpc.type = GRPC (default)
2025-04-23 04:29:25,992 [main] INFO  grpc.GrpcConfigKeys (ConfUtils.java:logFallback(53)) - raft.grpc.admin.host = null (fallback to raft.grpc.server.host)
2025-04-23 04:29:25,992 [main] INFO  grpc.GrpcConfigKeys (ConfUtils.java:logFallback(53)) - raft.grpc.admin.port = 15046 (fallback to raft.grpc.server.port)
2025-04-23 04:29:25,992 [main] INFO  grpc.GrpcConfigKeys (ConfUtils.java:logFallback(53)) - raft.grpc.client.host = null (fallback to raft.grpc.server.host)
2025-04-23 04:29:25,993 [main] INFO  grpc.GrpcConfigKeys (ConfUtils.java:logFallback(53)) - raft.grpc.client.port = 15046 (fallback to raft.grpc.server.port)
2025-04-23 04:29:25,993 [main] INFO  grpc.GrpcConfigKeys (ConfUtils.java:logGet(46)) - raft.grpc.server.host = null (default)
2025-04-23 04:29:25,993 [main] INFO  grpc.GrpcConfigKeys (ConfUtils.java:logGet(46)) - raft.grpc.server.port = 15046 (custom)
2025-04-23 04:29:25,993 [main] INFO  server.GrpcService (ConfUtils.java:logGet(46)) - raft.grpc.message.size.max = 5242880 (custom)
2025-04-23 04:29:25,993 [main] INFO  server.GrpcService (ConfUtils.java:logGet(46)) - raft.grpc.flow.control.window = 1MB (=1048576) (default)
2025-04-23 04:29:25,993 [main] INFO  server.RaftServerConfigKeys (ConfUtils.java:logGet(46)) - raft.server.rpc.request.timeout = 30000ms (custom)
2025-04-23 04:29:25,993 [main] INFO  grpc.GrpcConfigKeys (ConfUtils.java:logGet(46)) - raft.grpc.server.heartbeat.channel = true (default)
2025-04-23 04:29:25,993 [main] INFO  server.RaftServerConfigKeys (ConfUtils.java:logGet(46)) - raft.server.log.appender.buffer.byte-limit = 4194304 (custom)
2025-04-23 04:29:25,993 [main] INFO  grpc.GrpcConfigKeys (ConfUtils.java:logGet(46)) - raft.grpc.server.async.request.thread.pool.cached = true (default)
2025-04-23 04:29:25,993 [main] INFO  grpc.GrpcConfigKeys (ConfUtils.java:logGet(46)) - raft.grpc.server.async.request.thread.pool.size = 32 (default)
2025-04-23 04:29:25,994 [main] INFO  impl.DataStreamServerImpl (ConfUtils.java:logGet(46)) - raft.datastream.type = DISABLED (default)
2025-04-23 04:29:25,994 [main] INFO  server.RaftServerConfigKeys (ConfUtils.java:logGet(46)) - raft.server.sleep.deviation.threshold = 300ms (default)
2025-04-23 04:29:25,994 [main] INFO  server.RaftServerConfigKeys (ConfUtils.java:logGet(46)) - raft.server.close.threshold = 60s (default)
2025-04-23 04:29:25,994 [main] INFO  server.RaftServerConfigKeys (ConfUtils.java:logGet(46)) - raft.server.leaderelection.leader.step-down.wait-time = 10s (default)
2025-04-23 04:29:25,994 [main] INFO  server.RaftServerConfigKeys (ConfUtils.java:logGet(46)) - raft.server.storage.dir = [/home/runner/work/ozone/ozone/hadoop-ozone/integration-test/target/test-dir/MiniOzoneClusterImpl-e6c14afe-f26c-49b2-91d5-3d25694ec971/ozone-meta/scm-ha] (custom)
2025-04-23 04:29:25,994 [main] INFO  server.RaftServerConfigKeys (ConfUtils.java:logGet(46)) - raft.server.threadpool.proxy.cached = true (default)
2025-04-23 04:29:25,994 [main] INFO  server.RaftServerConfigKeys (ConfUtils.java:logGet(46)) - raft.server.threadpool.proxy.size = 0 (default)
2025-04-23 04:29:25,995 [1763a5f8-9e33-4e4d-85c9-a44f9db01322-impl-thread1] INFO  server.RaftServer (RaftServerProxy.java:initGroupDir(265)) - 1763a5f8-9e33-4e4d-85c9-a44f9db01322: found a subdirectory /home/runner/work/ozone/ozone/hadoop-ozone/integration-test/target/test-dir/MiniOzoneClusterImpl-e6c14afe-f26c-49b2-91d5-3d25694ec971/ozone-meta/scm-ha/e6c14afe-f26c-49b2-91d5-3d25694ec971
2025-04-23 04:29:25,995 [main] INFO  server.RaftServer (RaftServerProxy.java:addNew(100)) - 1763a5f8-9e33-4e4d-85c9-a44f9db01322: addNew group-3D25694EC971:[] returns group-3D25694EC971:java.util.concurrent.CompletableFuture@24bc5a63[Not completed]
2025-04-23 04:29:25,995 [1763a5f8-9e33-4e4d-85c9-a44f9db01322-groupManagement] INFO  server.RaftServer$Division (RaftServerImpl.java:<init>(255)) - 1763a5f8-9e33-4e4d-85c9-a44f9db01322: new RaftServerImpl for group-3D25694EC971:[] with SCMStateMachine:uninitialized
2025-04-23 04:29:25,995 [1763a5f8-9e33-4e4d-85c9-a44f9db01322-groupManagement] INFO  server.RaftServerConfigKeys (ConfUtils.java:logGet(46)) - raft.server.rpc.timeout.min = 5000ms (custom)
2025-04-23 04:29:25,995 [1763a5f8-9e33-4e4d-85c9-a44f9db01322-groupManagement] INFO  server.RaftServerConfigKeys (ConfUtils.java:logGet(46)) - raft.server.rpc.timeout.max = 5200ms (custom)
2025-04-23 04:29:25,995 [1763a5f8-9e33-4e4d-85c9-a44f9db01322-groupManagement] INFO  server.RaftServerConfigKeys (ConfUtils.java:logGet(46)) - raft.server.rpc.sleep.time = 25ms (default)
2025-04-23 04:29:25,995 [1763a5f8-9e33-4e4d-85c9-a44f9db01322-groupManagement] INFO  server.RaftServerConfigKeys (ConfUtils.java:logGet(46)) - raft.server.rpc.slowness.timeout = 120000ms (custom)
2025-04-23 04:29:25,995 [1763a5f8-9e33-4e4d-85c9-a44f9db01322-groupManagement] INFO  server.RaftServerConfigKeys (ConfUtils.java:logGet(46)) - raft.server.leaderelection.leader.step-down.wait-time = 10s (default)
2025-04-23 04:29:25,996 [1763a5f8-9e33-4e4d-85c9-a44f9db01322-groupManagement] INFO  server.RaftServerConfigKeys (ConfUtils.java:logGet(46)) - raft.server.leaderelection.member.majority-add = false (default)
2025-04-23 04:29:25,996 [1763a5f8-9e33-4e4d-85c9-a44f9db01322-groupManagement] INFO  server.RaftServerConfigKeys (ConfUtils.java:logGet(46)) - raft.server.sleep.deviation.threshold = 300ms (default)
2025-04-23 04:29:25,996 [1763a5f8-9e33-4e4d-85c9-a44f9db01322-groupManagement] INFO  server.RaftServer$Division (ServerState.java:<init>(114)) - 1763a5f8-9e33-4e4d-85c9-a44f9db01322@group-3D25694EC971: ConfigurationManager, init=conf: {index: -1, cur=peers:[]|listeners:[], old=null}, confs=<EMPTY_MAP>
2025-04-23 04:29:25,996 [1763a5f8-9e33-4e4d-85c9-a44f9db01322-groupManagement] INFO  server.RaftServerConfigKeys (ConfUtils.java:logGet(46)) - raft.server.notification.no-leader.timeout = 60s (default)
2025-04-23 04:29:25,996 [1763a5f8-9e33-4e4d-85c9-a44f9db01322-groupManagement] INFO  server.RaftServerConfigKeys (ConfUtils.java:logGet(46)) - raft.server.read.timeout = 10s (default)
2025-04-23 04:29:25,996 [1763a5f8-9e33-4e4d-85c9-a44f9db01322-groupManagement] INFO  server.RaftServerConfigKeys (ConfUtils.java:logGet(46)) - raft.server.retrycache.expirytime = 60000ms (default)
2025-04-23 04:29:25,996 [1763a5f8-9e33-4e4d-85c9-a44f9db01322-groupManagement] INFO  server.RaftServerConfigKeys (ConfUtils.java:logGet(46)) - raft.server.retrycache.statistics.expirytime = 100ms (default)
2025-04-23 04:29:25,996 [1763a5f8-9e33-4e4d-85c9-a44f9db01322-groupManagement] INFO  server.RaftServerConfigKeys (ConfUtils.java:logGet(46)) - raft.server.read.option = DEFAULT (default)
2025-04-23 04:29:25,996 [1763a5f8-9e33-4e4d-85c9-a44f9db01322-groupManagement] INFO  server.RaftServerConfigKeys (ConfUtils.java:logGet(46)) - raft.server.read.read-after-write-consistent.write-index-cache.expiry-time = 60s (default)
2025-04-23 04:29:25,997 [1763a5f8-9e33-4e4d-85c9-a44f9db01322-groupManagement] INFO  server.RaftServerConfigKeys (ConfUtils.java:logGet(46)) - raft.server.rpc.request.timeout = 30000ms (custom)
2025-04-23 04:29:25,997 [1763a5f8-9e33-4e4d-85c9-a44f9db01322-groupManagement] INFO  server.RaftServerConfigKeys (ConfUtils.java:logGet(46)) - raft.server.log.appender.install.snapshot.enabled = false (custom)
2025-04-23 04:29:25,997 [1763a5f8-9e33-4e4d-85c9-a44f9db01322-groupManagement] INFO  server.RaftServerConfigKeys (ConfUtils.java:logGet(46)) - raft.server.threadpool.server.cached = true (default)
2025-04-23 04:29:25,997 [1763a5f8-9e33-4e4d-85c9-a44f9db01322-groupManagement] INFO  server.RaftServerConfigKeys (ConfUtils.java:logGet(46)) - raft.server.threadpool.server.size = 0 (default)
2025-04-23 04:29:25,997 [1763a5f8-9e33-4e4d-85c9-a44f9db01322-groupManagement] INFO  server.RaftServerConfigKeys (ConfUtils.java:logGet(46)) - raft.server.threadpool.client.cached = true (default)
2025-04-23 04:29:25,997 [1763a5f8-9e33-4e4d-85c9-a44f9db01322-groupManagement] INFO  server.RaftServerConfigKeys (ConfUtils.java:logGet(46)) - raft.server.threadpool.client.size = 0 (default)
2025-04-23 04:29:25,997 [main] INFO  ha.SCMSnapshotProvider (SCMSnapshotProvider.java:<init>(62)) - Initializing SCM Snapshot Provider
2025-04-23 04:29:25,997 [main] WARN  server.ServerUtils (ServerUtils.java:getDefaultRatisDirectory(309)) - Storage directory for Ratis is not configured. It is a good idea to map this to an SSD disk. Falling back to ozone.metadata.dirs
2025-04-23 04:29:25,997 [main] WARN  ha.SCMHAUtils (SCMHAUtils.java:getSCMRatisSnapshotDirectory(120)) - SCM snapshot dir is not configured. Falling back to ozone.metadata.dirs config
2025-04-23 04:29:25,998 [main] INFO  upgrade.AbstractLayoutVersionManager (AbstractLayoutVersionManager.java:init(80)) - Initializing Layout version manager with metadata layout = HBASE_SUPPORT (version = 8), software layout = HBASE_SUPPORT (version = 8)
2025-04-23 04:29:25,999 [main] INFO  ha.SequenceIdGenerator (SequenceIdGenerator.java:upgradeToSequenceId(362)) - upgrade localId to 115816896921600000
2025-04-23 04:29:25,999 [main] INFO  ha.SequenceIdGenerator (SequenceIdGenerator.java:upgradeToSequenceId(372)) - upgrade delTxnId to 0
2025-04-23 04:29:26,000 [main] INFO  ha.SequenceIdGenerator (SequenceIdGenerator.java:upgradeToSequenceId(389)) - upgrade containerId to 0
2025-04-23 04:29:26,001 [main] INFO  ha.SequenceIdGenerator (SequenceIdGenerator.java:upgradeToCertificateSequenceId(426)) - upgrade CertificateId to 2
2025-04-23 04:29:26,001 [main] INFO  ha.SequenceIdGenerator (SequenceIdGenerator.java:<init>(239)) - Init the HA SequenceIdGenerator.
2025-04-23 04:29:26,001 [main] WARN  server.ServerUtils (ServerUtils.java:sanitizeUserArgs(77)) - ozone.scm.stale.node.interval value = 300000 is larger than max = 100000 based on the key value of ozone.scm.heartbeat.thread.interval, reset to the max value 100000.
2025-04-23 04:29:26,002 [main] WARN  server.ServerUtils (ServerUtils.java:sanitizeUserArgs(77)) - ozone.scm.stale.node.interval value = 300000 is larger than max = 100000 based on the key value of ozone.scm.heartbeat.thread.interval, reset to the max value 100000.
2025-04-23 04:29:26,002 [main] INFO  node.SCMNodeManager (SCMNodeManager.java:<init>(181)) - Entering startup safe mode.
2025-04-23 04:29:26,002 [main] INFO  algorithms.ContainerPlacementPolicyFactory (ContainerPlacementPolicyFactory.java:getPolicyInternal(85)) - Create container placement policy of type org.apache.hadoop.hdds.scm.container.placement.algorithms.SCMContainerPlacementRackAware
2025-04-23 04:29:26,002 [main] INFO  algorithms.ContainerPlacementPolicyFactory (ContainerPlacementPolicyFactory.java:getPolicyInternal(85)) - Create container placement policy of type org.apache.hadoop.hdds.scm.container.placement.algorithms.SCMContainerPlacementRackScatter
2025-04-23 04:29:26,002 [main] INFO  pipeline.PipelineStateManagerImpl (PipelineStateManagerImpl.java:initialize(75)) - No pipeline exists in current db
2025-04-23 04:29:26,002 [main] INFO  algorithms.LeaderChoosePolicyFactory (LeaderChoosePolicyFactory.java:getPolicy(56)) - Create leader choose policy of type org.apache.hadoop.hdds.scm.pipeline.leader.choose.algorithms.MinLeaderCountChoosePolicy
2025-04-23 04:29:26,003 [main] INFO  algorithms.ContainerPlacementPolicyFactory (ContainerPlacementPolicyFactory.java:getPolicyInternal(85)) - Create container placement policy of type org.apache.hadoop.hdds.scm.container.placement.algorithms.SCMContainerPlacementRackScatter
2025-04-23 04:29:26,003 [main] INFO  ha.SCMServiceManager (SCMServiceManager.java:register(42)) - Registering service BackgroundPipelineCreator.
2025-04-23 04:29:26,003 [main] INFO  pipeline.BackgroundPipelineCreator (BackgroundPipelineCreator.java:start(127)) - Starting RatisPipelineUtilsThread.
2025-04-23 04:29:26,003 [main] INFO  BackgroundPipelineScrubber (BackgroundSCMService.java:start(64)) - Starting BackgroundPipelineScrubber Service.
2025-04-23 04:29:26,004 [main] INFO  ha.SCMServiceManager (SCMServiceManager.java:register(42)) - Registering service BackgroundPipelineScrubber.
2025-04-23 04:29:26,004 [main] INFO  ExpiredContainerReplicaOpScrubber (BackgroundSCMService.java:start(64)) - Starting ExpiredContainerReplicaOpScrubber Service.
2025-04-23 04:29:26,004 [main] INFO  ha.SCMServiceManager (SCMServiceManager.java:register(42)) - Registering service ExpiredContainerReplicaOpScrubber.
2025-04-23 04:29:26,005 [main] INFO  algorithms.PipelineChoosePolicyFactory (PipelineChoosePolicyFactory.java:createPipelineChoosePolicyFromClass(78)) - Create pipeline choose policy of type org.apache.hadoop.hdds.scm.pipeline.choose.algorithms.RandomPipelineChoosePolicy
2025-04-23 04:29:26,005 [main] INFO  algorithms.PipelineChoosePolicyFactory (PipelineChoosePolicyFactory.java:createPipelineChoosePolicyFromClass(78)) - Create pipeline choose policy of type org.apache.hadoop.hdds.scm.pipeline.choose.algorithms.RandomPipelineChoosePolicy
2025-04-23 04:29:26,005 [main] INFO  ha.SCMServiceManager (SCMServiceManager.java:register(42)) - Registering service SCMBlockDeletingService.
2025-04-23 04:29:26,006 [main] INFO  replication.ReplicationManager (ReplicationManager.java:start(287)) - Starting Replication Monitor Thread.
2025-04-23 04:29:26,006 [main] INFO  ha.SCMServiceManager (SCMServiceManager.java:register(42)) - Registering service ReplicationManager.
2025-04-23 04:29:26,007 [main] INFO  safemode.RatisContainerSafeModeRule (RatisContainerSafeModeRule.java:initializeRule(161)) - Refreshed Containers with one replica threshold count 0.
2025-04-23 04:29:26,007 [main] INFO  safemode.ECContainerSafeModeRule (ECContainerSafeModeRule.java:initializeRule(205)) - Refreshed Containers with ec n replica threshold count 0.
2025-04-23 04:29:26,007 [main] INFO  safemode.HealthyPipelineSafeModeRule (HealthyPipelineSafeModeRule.java:initializeRule(178)) - Total pipeline count is 0, healthy pipeline threshold count is 1
2025-04-23 04:29:26,007 [main] INFO  safemode.OneReplicaPipelineSafeModeRule (OneReplicaPipelineSafeModeRule.java:initializeRule(191)) - Total pipeline count is 0, pipeline's with at least one datanode reported threshold count is 0
2025-04-23 04:29:26,008 [main] INFO  server.StorageContainerManager (StorageContainerManager.java:<init>(430)) - SCM start with adminUsers: [*, runner]
2025-04-23 04:29:26,008 [main] INFO  ipc.CallQueueManager (CallQueueManager.java:<init>(93)) - Using callQueue: class java.util.concurrent.LinkedBlockingQueue, queueCapacity: 10000, scheduler: class org.apache.hadoop.ipc.DefaultRpcScheduler, ipcBackoff: false, ipcFailOver: false.
2025-04-23 04:29:26,008 [main] INFO  ipc.Server (Server.java:<init>(1438)) - Listener at 0.0.0.0:15044
2025-04-23 04:29:26,009 [Socket Reader #1 for port 15044] INFO  ipc.Server (Server.java:run(1474)) - Starting Socket Reader #1 for port 15044
2025-04-23 04:29:26,009 [Socket Reader #2 for port 15044] INFO  ipc.Server (Server.java:run(1474)) - Starting Socket Reader #2 for port 15044
2025-04-23 04:29:26,009 [Socket Reader #3 for port 15044] INFO  ipc.Server (Server.java:run(1474)) - Starting Socket Reader #3 for port 15044
2025-04-23 04:29:26,009 [Socket Reader #4 for port 15044] INFO  ipc.Server (Server.java:run(1474)) - Starting Socket Reader #4 for port 15044
2025-04-23 04:29:26,009 [Socket Reader #5 for port 15044] INFO  ipc.Server (Server.java:run(1474)) - Starting Socket Reader #5 for port 15044
2025-04-23 04:29:26,009 [Socket Reader #6 for port 15044] INFO  ipc.Server (Server.java:run(1474)) - Starting Socket Reader #6 for port 15044
2025-04-23 04:29:26,010 [Socket Reader #7 for port 15044] INFO  ipc.Server (Server.java:run(1474)) - Starting Socket Reader #7 for port 15044
2025-04-23 04:29:26,010 [Socket Reader #8 for port 15044] INFO  ipc.Server (Server.java:run(1474)) - Starting Socket Reader #8 for port 15044
2025-04-23 04:29:26,010 [Socket Reader #9 for port 15044] INFO  ipc.Server (Server.java:run(1474)) - Starting Socket Reader #9 for port 15044
2025-04-23 04:29:26,010 [Socket Reader #10 for port 15044] INFO  ipc.Server (Server.java:run(1474)) - Starting Socket Reader #10 for port 15044
2025-04-23 04:29:26,011 [main] INFO  ipc.CallQueueManager (CallQueueManager.java:<init>(93)) - Using callQueue: class java.util.concurrent.LinkedBlockingQueue, queueCapacity: 10000, scheduler: class org.apache.hadoop.ipc.DefaultRpcScheduler, ipcBackoff: false, ipcFailOver: false.
2025-04-23 04:29:26,011 [main] INFO  ipc.Server (Server.java:<init>(1438)) - Listener at 0.0.0.0:15043
2025-04-23 04:29:26,011 [Socket Reader #1 for port 15043] INFO  ipc.Server (Server.java:run(1474)) - Starting Socket Reader #1 for port 15043
2025-04-23 04:29:26,012 [Socket Reader #2 for port 15043] INFO  ipc.Server (Server.java:run(1474)) - Starting Socket Reader #2 for port 15043
2025-04-23 04:29:26,012 [Socket Reader #3 for port 15043] INFO  ipc.Server (Server.java:run(1474)) - Starting Socket Reader #3 for port 15043
2025-04-23 04:29:26,012 [Socket Reader #4 for port 15043] INFO  ipc.Server (Server.java:run(1474)) - Starting Socket Reader #4 for port 15043
2025-04-23 04:29:26,012 [Socket Reader #5 for port 15043] INFO  ipc.Server (Server.java:run(1474)) - Starting Socket Reader #5 for port 15043
2025-04-23 04:29:26,012 [Socket Reader #6 for port 15043] INFO  ipc.Server (Server.java:run(1474)) - Starting Socket Reader #6 for port 15043
2025-04-23 04:29:26,012 [Socket Reader #7 for port 15043] INFO  ipc.Server (Server.java:run(1474)) - Starting Socket Reader #7 for port 15043
2025-04-23 04:29:26,012 [Socket Reader #8 for port 15043] INFO  ipc.Server (Server.java:run(1474)) - Starting Socket Reader #8 for port 15043
2025-04-23 04:29:26,012 [Socket Reader #9 for port 15043] INFO  ipc.Server (Server.java:run(1474)) - Starting Socket Reader #9 for port 15043
2025-04-23 04:29:26,013 [Socket Reader #10 for port 15043] INFO  ipc.Server (Server.java:run(1474)) - Starting Socket Reader #10 for port 15043
2025-04-23 04:29:26,013 [main] INFO  ipc.CallQueueManager (CallQueueManager.java:<init>(93)) - Using callQueue: class java.util.concurrent.LinkedBlockingQueue, queueCapacity: 10000, scheduler: class org.apache.hadoop.ipc.DefaultRpcScheduler, ipcBackoff: false, ipcFailOver: false.
2025-04-23 04:29:26,014 [main] INFO  ipc.Server (Server.java:<init>(1438)) - Listener at 0.0.0.0:15042
2025-04-23 04:29:26,014 [Socket Reader #1 for port 15042] INFO  ipc.Server (Server.java:run(1474)) - Starting Socket Reader #1 for port 15042
2025-04-23 04:29:26,014 [Socket Reader #2 for port 15042] INFO  ipc.Server (Server.java:run(1474)) - Starting Socket Reader #2 for port 15042
2025-04-23 04:29:26,014 [Socket Reader #3 for port 15042] INFO  ipc.Server (Server.java:run(1474)) - Starting Socket Reader #3 for port 15042
2025-04-23 04:29:26,014 [Socket Reader #4 for port 15042] INFO  ipc.Server (Server.java:run(1474)) - Starting Socket Reader #4 for port 15042
2025-04-23 04:29:26,014 [Socket Reader #5 for port 15042] INFO  ipc.Server (Server.java:run(1474)) - Starting Socket Reader #5 for port 15042
2025-04-23 04:29:26,015 [Socket Reader #6 for port 15042] INFO  ipc.Server (Server.java:run(1474)) - Starting Socket Reader #6 for port 15042
2025-04-23 04:29:26,015 [Socket Reader #7 for port 15042] INFO  ipc.Server (Server.java:run(1474)) - Starting Socket Reader #7 for port 15042
2025-04-23 04:29:26,015 [Socket Reader #8 for port 15042] INFO  ipc.Server (Server.java:run(1474)) - Starting Socket Reader #8 for port 15042
2025-04-23 04:29:26,015 [Socket Reader #9 for port 15042] INFO  ipc.Server (Server.java:run(1474)) - Starting Socket Reader #9 for port 15042
2025-04-23 04:29:26,015 [Socket Reader #10 for port 15042] INFO  ipc.Server (Server.java:run(1474)) - Starting Socket Reader #10 for port 15042
2025-04-23 04:29:26,019 [main] INFO  ha.SCMServiceManager (SCMServiceManager.java:register(42)) - Registering service ContainerBalancer.
2025-04-23 04:29:26,019 [main] INFO  ha.SCMContext (SCMContext.java:updateSafeModeStatus(224)) - Update SafeModeStatus from SafeModeStatus{safeModeStatus=true, preCheckPassed=false} to SafeModeStatus{safeModeStatus=true, preCheckPassed=false}.
2025-04-23 04:29:26,019 [main] INFO  server.StorageContainerManager (StorageContainerManager.java:start(1506)) - StorageContainerLocationProtocol RPC server is listening at /0.0.0.0:15042
2025-04-23 04:29:26,019 [main] INFO  ha.SCMRatisServerImpl (SCMRatisServerImpl.java:start(203)) - starting ratis server 0.0.0.0:15046
2025-04-23 04:29:26,020 [1763a5f8-9e33-4e4d-85c9-a44f9db01322-impl-thread1] INFO  server.RaftServerConfigKeys (ConfUtils.java:logGet(46)) - raft.server.storage.free-space.min = 0MB (=0) (default)
2025-04-23 04:29:26,020 [1763a5f8-9e33-4e4d-85c9-a44f9db01322-impl-thread1] INFO  server.RaftServerConfigKeys (ConfUtils.java:logGet(46)) - raft.server.log.corruption.policy = EXCEPTION (default)
2025-04-23 04:29:26,020 [1763a5f8-9e33-4e4d-85c9-a44f9db01322-impl-thread1] INFO  server.RaftServerConfigKeys (ConfUtils.java:logGet(46)) - raft.server.storage.dir = [/home/runner/work/ozone/ozone/hadoop-ozone/integration-test/target/test-dir/MiniOzoneClusterImpl-e6c14afe-f26c-49b2-91d5-3d25694ec971/ozone-meta/scm-ha] (custom)
2025-04-23 04:29:26,021 [1763a5f8-9e33-4e4d-85c9-a44f9db01322-impl-thread1] INFO  storage.RaftStorageDirectory (RaftStorageDirectoryImpl.java:tryLock(229)) - Lock on /home/runner/work/ozone/ozone/hadoop-ozone/integration-test/target/test-dir/MiniOzoneClusterImpl-e6c14afe-f26c-49b2-91d5-3d25694ec971/ozone-meta/scm-ha/e6c14afe-f26c-49b2-91d5-3d25694ec971/in_use.lock acquired by nodename 129558@fv-az1441-587
2025-04-23 04:29:26,021 [1763a5f8-9e33-4e4d-85c9-a44f9db01322-impl-thread1] INFO  storage.RaftStorage (RaftStorageImpl.java:analyzeAndRecoverStorage(118)) - Read RaftStorageMetadata{term=1, votedFor=1763a5f8-9e33-4e4d-85c9-a44f9db01322} from /home/runner/work/ozone/ozone/hadoop-ozone/integration-test/target/test-dir/MiniOzoneClusterImpl-e6c14afe-f26c-49b2-91d5-3d25694ec971/ozone-meta/scm-ha/e6c14afe-f26c-49b2-91d5-3d25694ec971/current/raft-meta
2025-04-23 04:29:26,021 [1763a5f8-9e33-4e4d-85c9-a44f9db01322-impl-thread1] INFO  server.RaftServer$Division (ServerState.java:setRaftConf(386)) - 1763a5f8-9e33-4e4d-85c9-a44f9db01322@group-3D25694EC971: set configuration conf: {index: 0, cur=peers:[1763a5f8-9e33-4e4d-85c9-a44f9db01322|fv-az1441-587:15046]|listeners:[], old=null}
2025-04-23 04:29:26,022 [1763a5f8-9e33-4e4d-85c9-a44f9db01322-impl-thread1] INFO  ha.SCMStateMachine (SCMStateMachine.java:lambda$initialize$0(135)) - 1763a5f8-9e33-4e4d-85c9-a44f9db01322: initialize group-3D25694EC971
2025-04-23 04:29:26,022 [1763a5f8-9e33-4e4d-85c9-a44f9db01322-impl-thread1] INFO  server.RaftServerConfigKeys (ConfUtils.java:logGet(46)) - raft.server.log.use.memory = false (default)
2025-04-23 04:29:26,022 [1763a5f8-9e33-4e4d-85c9-a44f9db01322-impl-thread1] INFO  server.RaftServerConfigKeys (ConfUtils.java:logGet(46)) - raft.server.log.purge.gap = 1000000 (custom)
2025-04-23 04:29:26,022 [1763a5f8-9e33-4e4d-85c9-a44f9db01322-impl-thread1] INFO  server.RaftServerConfigKeys (ConfUtils.java:logGet(46)) - raft.server.log.appender.buffer.byte-limit = 4194304 (custom)
2025-04-23 04:29:26,022 [1763a5f8-9e33-4e4d-85c9-a44f9db01322-impl-thread1] INFO  server.RaftServerConfigKeys (ConfUtils.java:logGet(46)) - raft.server.log.statemachine.data.read.timeout = 1000ms (default)
2025-04-23 04:29:26,022 [1763a5f8-9e33-4e4d-85c9-a44f9db01322-impl-thread1] INFO  server.RaftServerConfigKeys (ConfUtils.java:logGet(46)) - raft.server.log.purge.preservation.log.num = 0 (default)
2025-04-23 04:29:26,022 [1763a5f8-9e33-4e4d-85c9-a44f9db01322-impl-thread1] INFO  server.RaftServerConfigKeys (ConfUtils.java:logGet(46)) - raft.server.log.segment.size.max = 4194304 (custom)
2025-04-23 04:29:26,022 [1763a5f8-9e33-4e4d-85c9-a44f9db01322-impl-thread1] INFO  server.RaftServerConfigKeys (ConfUtils.java:logGet(46)) - raft.server.log.segment.cache.num.max = 2 (custom)
2025-04-23 04:29:26,022 [1763a5f8-9e33-4e4d-85c9-a44f9db01322-impl-thread1] INFO  server.RaftServerConfigKeys (ConfUtils.java:logGet(46)) - raft.server.log.segment.cache.size.max = 200MB (=209715200) (default)
2025-04-23 04:29:26,022 [1763a5f8-9e33-4e4d-85c9-a44f9db01322-impl-thread1] INFO  server.RaftServerConfigKeys (ConfUtils.java:logGet(46)) - raft.server.log.appender.buffer.byte-limit = 4194304 (custom)
2025-04-23 04:29:26,023 [1763a5f8-9e33-4e4d-85c9-a44f9db01322-impl-thread1] INFO  util.AwaitToRun (AwaitToRun.java:start(81)) - Thread[#8017,1763a5f8-9e33-4e4d-85c9-a44f9db01322@group-3D25694EC971-cacheEviction-AwaitToRun,5,main] started
2025-04-23 04:29:26,023 [1763a5f8-9e33-4e4d-85c9-a44f9db01322-impl-thread1] INFO  segmented.SegmentedRaftLogWorker (SegmentedRaftLogWorker.java:<init>(188)) - new 1763a5f8-9e33-4e4d-85c9-a44f9db01322@group-3D25694EC971-SegmentedRaftLogWorker for RaftStorageImpl:Storage Directory /home/runner/work/ozone/ozone/hadoop-ozone/integration-test/target/test-dir/MiniOzoneClusterImpl-e6c14afe-f26c-49b2-91d5-3d25694ec971/ozone-meta/scm-ha/e6c14afe-f26c-49b2-91d5-3d25694ec971
2025-04-23 04:29:26,023 [1763a5f8-9e33-4e4d-85c9-a44f9db01322-impl-thread1] INFO  server.RaftServerConfigKeys (ConfUtils.java:logGet(46)) - raft.server.log.queue.byte-limit = 64MB (=67108864) (default)
2025-04-23 04:29:26,023 [1763a5f8-9e33-4e4d-85c9-a44f9db01322-impl-thread1] INFO  server.RaftServerConfigKeys (ConfUtils.java:logGet(46)) - raft.server.log.queue.element-limit = 4096 (default)
2025-04-23 04:29:26,023 [1763a5f8-9e33-4e4d-85c9-a44f9db01322-impl-thread1] INFO  server.RaftServerConfigKeys (ConfUtils.java:logGet(46)) - raft.server.log.segment.size.max = 4194304 (custom)
2025-04-23 04:29:26,023 [1763a5f8-9e33-4e4d-85c9-a44f9db01322-impl-thread1] INFO  server.RaftServerConfigKeys (ConfUtils.java:logGet(46)) - raft.server.log.preallocated.size = 4194304 (custom)
2025-04-23 04:29:26,023 [1763a5f8-9e33-4e4d-85c9-a44f9db01322-impl-thread1] INFO  server.RaftServerConfigKeys (ConfUtils.java:logGet(46)) - raft.server.log.force.sync.num = 128 (default)
2025-04-23 04:29:26,023 [1763a5f8-9e33-4e4d-85c9-a44f9db01322-impl-thread1] INFO  server.RaftServerConfigKeys (ConfUtils.java:logGet(46)) - raft.server.log.statemachine.data.sync = true (default)
2025-04-23 04:29:26,023 [1763a5f8-9e33-4e4d-85c9-a44f9db01322-impl-thread1] INFO  server.RaftServerConfigKeys (ConfUtils.java:logGet(46)) - raft.server.log.statemachine.data.sync.timeout = 10s (default)
2025-04-23 04:29:26,023 [1763a5f8-9e33-4e4d-85c9-a44f9db01322-impl-thread1] INFO  server.RaftServerConfigKeys (ConfUtils.java:logGet(46)) - raft.server.log.statemachine.data.sync.timeout.retry = -1 (default)
2025-04-23 04:29:26,023 [1763a5f8-9e33-4e4d-85c9-a44f9db01322-impl-thread1] INFO  server.RaftServerConfigKeys (ConfUtils.java:logGet(46)) - raft.server.log.write.buffer.size = 4194312 (custom)
2025-04-23 04:29:26,025 [1763a5f8-9e33-4e4d-85c9-a44f9db01322-impl-thread1] INFO  server.RaftServerConfigKeys (ConfUtils.java:logGet(46)) - raft.server.log.appender.buffer.byte-limit = 4194304 (custom)
2025-04-23 04:29:26,025 [1763a5f8-9e33-4e4d-85c9-a44f9db01322-impl-thread1] INFO  server.RaftServerConfigKeys (ConfUtils.java:logGet(46)) - raft.server.log.unsafe-flush.enabled = false (default)
2025-04-23 04:29:26,025 [1763a5f8-9e33-4e4d-85c9-a44f9db01322-impl-thread1] INFO  server.RaftServerConfigKeys (ConfUtils.java:logGet(46)) - raft.server.log.async-flush.enabled = false (default)
2025-04-23 04:29:26,025 [1763a5f8-9e33-4e4d-85c9-a44f9db01322-impl-thread1] INFO  server.RaftServerConfigKeys (ConfUtils.java:logGet(46)) - raft.server.log.statemachine.data.caching.enabled = false (default)
2025-04-23 04:29:26,025 [1763a5f8-9e33-4e4d-85c9-a44f9db01322-impl-thread1] INFO  server.RaftServer$Division (ServerState.java:setRaftConf(386)) - 1763a5f8-9e33-4e4d-85c9-a44f9db01322@group-3D25694EC971: set configuration conf: {index: 0, cur=peers:[1763a5f8-9e33-4e4d-85c9-a44f9db01322|fv-az1441-587:15046]|listeners:[], old=null}
2025-04-23 04:29:26,025 [1763a5f8-9e33-4e4d-85c9-a44f9db01322-impl-thread1] INFO  segmented.LogSegment (LogSegment.java:loadSegment(171)) - Successfully read 1 entries from segment file /home/runner/work/ozone/ozone/hadoop-ozone/integration-test/target/test-dir/MiniOzoneClusterImpl-e6c14afe-f26c-49b2-91d5-3d25694ec971/ozone-meta/scm-ha/e6c14afe-f26c-49b2-91d5-3d25694ec971/current/log_inprogress_0
2025-04-23 04:29:26,025 [1763a5f8-9e33-4e4d-85c9-a44f9db01322-impl-thread1] INFO  segmented.SegmentedRaftLogWorker (SegmentedRaftLogWorker.java:lambda$new$0(139)) - 1763a5f8-9e33-4e4d-85c9-a44f9db01322@group-3D25694EC971-SegmentedRaftLogWorker: safeCacheEvictIndex: setUnconditionally 0 -> -1
2025-04-23 04:29:26,025 [1763a5f8-9e33-4e4d-85c9-a44f9db01322-impl-thread1] INFO  segmented.BufferedWriteChannel (BufferedWriteChannel.java:open(61)) - open log_inprogress_0 (append) at position 80
2025-04-23 04:29:26,026 [1763a5f8-9e33-4e4d-85c9-a44f9db01322-impl-thread1] INFO  server.RaftServer$Division (RaftServerImpl.java:start(391)) - 1763a5f8-9e33-4e4d-85c9-a44f9db01322@group-3D25694EC971: start as a follower, conf=conf: {index: 0, cur=peers:[1763a5f8-9e33-4e4d-85c9-a44f9db01322|fv-az1441-587:15046]|listeners:[], old=null}
2025-04-23 04:29:26,026 [1763a5f8-9e33-4e4d-85c9-a44f9db01322-impl-thread1] INFO  server.RaftServer$Division (RaftServerImpl.java:setRole(378)) - 1763a5f8-9e33-4e4d-85c9-a44f9db01322@group-3D25694EC971: changes role from      null to FOLLOWER at term 1 for startAsFollower
2025-04-23 04:29:26,026 [1763a5f8-9e33-4e4d-85c9-a44f9db01322-impl-thread1] INFO  impl.RoleInfo (RoleInfo.java:updateAndGet(148)) - 1763a5f8-9e33-4e4d-85c9-a44f9db01322: start 1763a5f8-9e33-4e4d-85c9-a44f9db01322@group-3D25694EC971-FollowerState
2025-04-23 04:29:26,026 [1763a5f8-9e33-4e4d-85c9-a44f9db01322-impl-thread1] INFO  util.JmxRegister (JmxRegister.java:tryRegister(44)) - Successfully registered JMX Bean with object name Ratis:service=RaftServer,group=group-3D25694EC971,id=1763a5f8-9e33-4e4d-85c9-a44f9db01322
2025-04-23 04:29:26,026 [1763a5f8-9e33-4e4d-85c9-a44f9db01322-impl-thread1] INFO  util.JmxRegister (JmxRegister.java:register(58)) - register mxBean class org.apache.ratis.server.impl.RaftServerJmxAdapter as Ratis:service=RaftServer,group=group-3D25694EC971,id=1763a5f8-9e33-4e4d-85c9-a44f9db01322
2025-04-23 04:29:26,026 [1763a5f8-9e33-4e4d-85c9-a44f9db01322-impl-thread1] INFO  server.RaftServerConfigKeys (ConfUtils.java:logGet(46)) - raft.server.snapshot.trigger-when-stop.enabled = true (default)
2025-04-23 04:29:26,026 [1763a5f8-9e33-4e4d-85c9-a44f9db01322-impl-thread1] INFO  server.RaftServerConfigKeys (ConfUtils.java:logGet(46)) - raft.server.snapshot.trigger-when-remove.enabled = true (default)
2025-04-23 04:29:26,026 [1763a5f8-9e33-4e4d-85c9-a44f9db01322-impl-thread1] INFO  server.RaftServerConfigKeys (ConfUtils.java:logGet(46)) - raft.server.snapshot.auto.trigger.enabled = true (custom)
2025-04-23 04:29:26,026 [1763a5f8-9e33-4e4d-85c9-a44f9db01322-impl-thread1] INFO  server.RaftServerConfigKeys (ConfUtils.java:logGet(46)) - raft.server.snapshot.auto.trigger.threshold = 1000 (custom)
2025-04-23 04:29:26,026 [1763a5f8-9e33-4e4d-85c9-a44f9db01322-impl-thread1] INFO  server.RaftServerConfigKeys (ConfUtils.java:logGet(46)) - raft.server.snapshot.retention.file.num = -1 (default)
2025-04-23 04:29:26,026 [1763a5f8-9e33-4e4d-85c9-a44f9db01322-impl-thread1] INFO  server.RaftServerConfigKeys (ConfUtils.java:logGet(46)) - raft.server.log.purge.upto.snapshot.index = false (default)
2025-04-23 04:29:26,026 [1763a5f8-9e33-4e4d-85c9-a44f9db01322@group-3D25694EC971-FollowerState] INFO  server.RaftServerConfigKeys (ConfUtils.java:logGet(46)) - raft.server.rpc.first-election.timeout.min = 1000ms (custom)
2025-04-23 04:29:26,027 [1763a5f8-9e33-4e4d-85c9-a44f9db01322@group-3D25694EC971-FollowerState] INFO  server.RaftServerConfigKeys (ConfUtils.java:logGet(46)) - raft.server.rpc.first-election.timeout.max = 1200ms (custom)
2025-04-23 04:29:26,027 [1763a5f8-9e33-4e4d-85c9-a44f9db01322-impl-thread1] INFO  server.RaftServer$Division (RaftServerImpl.java:start(405)) - 1763a5f8-9e33-4e4d-85c9-a44f9db01322@group-3D25694EC971: Successfully started.
2025-04-23 04:29:26,027 [main] INFO  server.RaftServer (RaftServerProxy.java:startImpl(407)) - 1763a5f8-9e33-4e4d-85c9-a44f9db01322: start RPC server
2025-04-23 04:29:26,027 [main] INFO  server.GrpcService (GrpcService.java:startImpl(334)) - 1763a5f8-9e33-4e4d-85c9-a44f9db01322: GrpcService started, listening on 15046
2025-04-23 04:29:26,027 [JvmPauseMonitor42] INFO  util.JvmPauseMonitor (JvmPauseMonitor.java:run(146)) - JvmPauseMonitor-1763a5f8-9e33-4e4d-85c9-a44f9db01322: Started
2025-04-23 04:29:26,028 [main] INFO  ha.SCMHAManagerImpl (SCMHAManagerImpl.java:start(131)) -  scm role is FOLLOWER peers [1763a5f8-9e33-4e4d-85c9-a44f9db01322|fv-az1441-587:15046]
2025-04-23 04:29:26,028 [main] INFO  ha.InterSCMGrpcService (InterSCMGrpcProtocolService.java:start(98)) - Starting SCM Grpc Service at port 15047
2025-04-23 04:29:26,028 [main] INFO  SCMHATransactionMonitor (BackgroundSCMService.java:start(64)) - Starting SCMHATransactionMonitor Service.
2025-04-23 04:29:26,028 [main] INFO  ha.SCMServiceManager (SCMServiceManager.java:register(42)) - Registering service SCMHATransactionMonitor.
2025-04-23 04:29:26,028 [main] INFO  SCMHATransactionMonitor (BackgroundSCMService.java:start(61)) - SCMHATransactionMonitor Service is already running, skip start.
2025-04-23 04:29:26,030 [main] WARN  impl.MetricsConfig (MetricsConfig.java:loadFirst(138)) - Cannot locate configuration: tried hadoop-metrics2-storagecontainermanager.properties,hadoop-metrics2.properties
2025-04-23 04:29:26,031 [main] INFO  impl.MetricsSystemImpl (MetricsSystemImpl.java:startTimer(378)) - Scheduled Metric snapshot period at 10 second(s).
2025-04-23 04:29:26,031 [main] INFO  impl.MetricsSystemImpl (MetricsSystemImpl.java:start(191)) - StorageContainerManager metrics system started
2025-04-23 04:29:26,037 [main] INFO  impl.MetricsSinkAdapter (MetricsSinkAdapter.java:start(204)) - Sink prometheus started
2025-04-23 04:29:26,037 [main] INFO  impl.MetricsSystemImpl (MetricsSystemImpl.java:registerSink(305)) - Registered sink prometheus
2025-04-23 04:29:26,060 [main] INFO  server.SCMClientProtocolServer (SCMClientProtocolServer.java:start(207)) - RPC server for Client  is listening at /0.0.0.0:15042
2025-04-23 04:29:26,060 [IPC Server Responder] INFO  ipc.Server (Server.java:run(1713)) - IPC Server Responder: starting
2025-04-23 04:29:26,061 [IPC Server listener on 15042] INFO  ipc.Server (Server.java:run(1553)) - IPC Server listener on 15042: starting
2025-04-23 04:29:26,071 [main] INFO  server.StorageContainerManager (StorageContainerManager.java:start(1519)) - ScmBlockLocationProtocol RPC server is listening at /0.0.0.0:15043
2025-04-23 04:29:26,071 [main] INFO  server.SCMBlockProtocolServer (SCMBlockProtocolServer.java:start(166)) - RPC server for Block Protocol is listening at /0.0.0.0:15043
2025-04-23 04:29:26,072 [IPC Server Responder] INFO  ipc.Server (Server.java:run(1713)) - IPC Server Responder: starting
2025-04-23 04:29:26,072 [IPC Server listener on 15043] INFO  ipc.Server (Server.java:run(1553)) - IPC Server listener on 15043: starting
2025-04-23 04:29:26,083 [main] INFO  http.BaseHttpServer (BaseHttpServer.java:newHttpServer2BuilderForOzone(229)) - Starting Web-server for scm at: http://0.0.0.0:15045
2025-04-23 04:29:26,083 [main] INFO  http.BaseHttpServer (BaseHttpServer.java:<init>(107)) - Hadoop Security Enabled: false Ozone Security Enabled: false Ozone HTTP Security Enabled: false 
2025-04-23 04:29:26,084 [main] WARN  server.AuthenticationFilter (AuthenticationFilter.java:constructSecretProvider(240)) - Unable to initialize FileSignerSecretProvider, falling back to use random secrets. Reason: Could not read signature secret file: /home/runner/hadoop-http-auth-signature-secret
2025-04-23 04:29:26,086 [main] INFO  http.HttpServer2 (HttpServer2.java:addGlobalFilter(1041)) - Added global filter 'safety' (class=org.apache.hadoop.hdds.server.http.HttpServer2$QuotingInputFilter)
2025-04-23 04:29:26,087 [main] INFO  http.HttpServer2 (HttpServer2.java:addFilter(1017)) - Added filter static_user_filter (class=org.apache.hadoop.http.lib.StaticUserWebFilter$StaticUserFilter) to context scm
2025-04-23 04:29:26,087 [main] INFO  http.HttpServer2 (HttpServer2.java:addFilter(1025)) - Added filter static_user_filter (class=org.apache.hadoop.http.lib.StaticUserWebFilter$StaticUserFilter) to context static
2025-04-23 04:29:26,087 [main] INFO  http.HttpServer2 (HttpServer2.java:addFilter(1025)) - Added filter static_user_filter (class=org.apache.hadoop.http.lib.StaticUserWebFilter$StaticUserFilter) to context logs
2025-04-23 04:29:26,087 [main] INFO  http.BaseHttpServer (BaseHttpServer.java:<init>(195)) - HTTP server of scm uses base directory /home/runner/work/ozone/ozone/hadoop-ozone/integration-test/target/test-dir/MiniOzoneClusterImpl-e6c14afe-f26c-49b2-91d5-3d25694ec971/ozone-meta/webserver
2025-04-23 04:29:26,088 [main] INFO  http.HttpServer2 (HttpServer2.java:bindListener(1241)) - Jetty bound to port 15045
2025-04-23 04:29:26,088 [main] INFO  server.Server (Server.java:doStart(375)) - jetty-9.4.57.v20241219; built: 2025-01-08T21:24:30.412Z; git: df524e6b29271c2e09ba9aea83c18dc9db464a31; jvm 21.0.7+6-LTS
2025-04-23 04:29:26,089 [main] INFO  server.session (DefaultSessionIdManager.java:doStart(334)) - DefaultSessionIdManager workerName=node0
2025-04-23 04:29:26,089 [main] INFO  server.session (DefaultSessionIdManager.java:doStart(339)) - No SessionScavenger set, using defaults
2025-04-23 04:29:26,089 [main] INFO  server.session (HouseKeeper.java:startScavenging(132)) - node0 Scavenging every 600000ms
2025-04-23 04:29:26,090 [main] INFO  handler.ContextHandler (ContextHandler.java:doStart(921)) - Started o.e.j.s.ServletContextHandler@39024f1e{logs,/logs,file:///home/runner/work/ozone/ozone/hadoop-ozone/integration-test/target/log,AVAILABLE}
2025-04-23 04:29:26,090 [main] INFO  handler.ContextHandler (ContextHandler.java:doStart(921)) - Started o.e.j.s.ServletContextHandler@218f46a{static,/static,file:///home/runner/work/ozone/ozone/hadoop-ozone/integration-test/target/test-classes/webapps/static,AVAILABLE}
2025-04-23 04:29:26,094 [main] INFO  handler.ContextHandler (ContextHandler.java:doStart(921)) - Started o.e.j.w.WebAppContext@451af20f{scm,/,file:///home/runner/work/ozone/ozone/hadoop-ozone/integration-test/target/test-classes/webapps/scm/,AVAILABLE}{file:/home/runner/work/ozone/ozone/hadoop-ozone/integration-test/target/test-classes/webapps/scm}
2025-04-23 04:29:26,095 [main] INFO  server.AbstractConnector (AbstractConnector.java:doStart(333)) - Started ServerConnector@47c42b59{HTTP/1.1, (http/1.1)}{0.0.0.0:15045}
2025-04-23 04:29:26,095 [main] INFO  server.Server (Server.java:doStart(415)) - Started @169514ms
2025-04-23 04:29:26,095 [main] WARN  impl.MetricsSystemImpl (MetricsSystemImpl.java:register(279)) - Sink prometheus already exists!
2025-04-23 04:29:26,095 [main] INFO  http.BaseHttpServer (BaseHttpServer.java:updateConnectorAddress(360)) - HTTP server of scm listening at http://0.0.0.0:15045
2025-04-23 04:29:26,096 [main] INFO  ha.OMHANodeDetails (OMHANodeDetails.java:loadOMHAConfig(120)) - ServiceID for OzoneManager is om-service-test1
2025-04-23 04:29:26,097 [main] INFO  ha.OMHANodeDetails (OMHANodeDetails.java:loadOMHAConfig(200)) - Found matching OM address with OMServiceId: om-service-test1, OMNodeId: omNode-1, RPC Address: localhost:15048 and Ratis port: 15051
2025-04-23 04:29:26,097 [main] INFO  ha.OMHANodeDetails (ConfUtils.java:setNodeSpecificConfigs(98)) - Setting configuration key ozone.om.http-address with value of key ozone.om.http-address.om-service-test1.omNode-1: 127.0.0.1:15049
2025-04-23 04:29:26,097 [main] INFO  ha.OMHANodeDetails (ConfUtils.java:setNodeSpecificConfigs(98)) - Setting configuration key ozone.om.https-address with value of key ozone.om.https-address.om-service-test1.omNode-1: 127.0.0.1:15050
2025-04-23 04:29:26,097 [main] INFO  ha.OMHANodeDetails (ConfUtils.java:setNodeSpecificConfigs(98)) - Setting configuration key ozone.om.address with value of key ozone.om.address.om-service-test1.omNode-1: 127.0.0.1:15048
2025-04-23 04:29:26,098 [main] WARN  server.ServerUtils (ServerUtils.java:getDBPath(297)) - ozone.om.db.dirs is not configured. We recommend adding this setting. Falling back to ozone.metadata.dirs instead.
2025-04-23 04:29:26,099 [main] INFO  proxy.SCMBlockLocationFailoverProxyProvider (SCMFailoverProxyProviderBase.java:<init>(120)) - Created fail-over proxy for protocol ScmBlockLocationProtocolPB with 1 nodes: [nodeId=scmNodeId,nodeAddress=/0.0.0.0:15043]
2025-04-23 04:29:27,069 [1763a5f8-9e33-4e4d-85c9-a44f9db01322@group-3D25694EC971-FollowerState] INFO  impl.FollowerState (FollowerState.java:runImpl(161)) - 1763a5f8-9e33-4e4d-85c9-a44f9db01322@group-3D25694EC971-FollowerState: change to CANDIDATE, lastRpcElapsedTime:1042909146ns, electionTimeout:1042ms
2025-04-23 04:29:27,069 [1763a5f8-9e33-4e4d-85c9-a44f9db01322@group-3D25694EC971-FollowerState] INFO  impl.RoleInfo (RoleInfo.java:shutdownFollowerState(121)) - 1763a5f8-9e33-4e4d-85c9-a44f9db01322: shutdown 1763a5f8-9e33-4e4d-85c9-a44f9db01322@group-3D25694EC971-FollowerState
2025-04-23 04:29:27,069 [1763a5f8-9e33-4e4d-85c9-a44f9db01322@group-3D25694EC971-FollowerState] INFO  server.RaftServer$Division (RaftServerImpl.java:setRole(378)) - 1763a5f8-9e33-4e4d-85c9-a44f9db01322@group-3D25694EC971: changes role from  FOLLOWER to CANDIDATE at term 1 for changeToCandidate
2025-04-23 04:29:27,069 [1763a5f8-9e33-4e4d-85c9-a44f9db01322@group-3D25694EC971-FollowerState] INFO  server.RaftServerConfigKeys (ConfUtils.java:logGet(46)) - raft.server.leaderelection.pre-vote = true (default)
2025-04-23 04:29:27,069 [1763a5f8-9e33-4e4d-85c9-a44f9db01322@group-3D25694EC971-FollowerState] INFO  impl.RoleInfo (RoleInfo.java:updateAndGet(148)) - 1763a5f8-9e33-4e4d-85c9-a44f9db01322: start 1763a5f8-9e33-4e4d-85c9-a44f9db01322@group-3D25694EC971-LeaderElection35
2025-04-23 04:29:27,069 [1763a5f8-9e33-4e4d-85c9-a44f9db01322@group-3D25694EC971-LeaderElection35] INFO  impl.LeaderElection (LeaderElection.java:askForVotes(332)) - 1763a5f8-9e33-4e4d-85c9-a44f9db01322@group-3D25694EC971-LeaderElection35 PRE_VOTE round 0: submit vote requests at term 1 for conf: {index: 0, cur=peers:[1763a5f8-9e33-4e4d-85c9-a44f9db01322|fv-az1441-587:15046]|listeners:[], old=null}
2025-04-23 04:29:27,069 [1763a5f8-9e33-4e4d-85c9-a44f9db01322@group-3D25694EC971-LeaderElection35] INFO  impl.LeaderElection (LeaderElection.java:askForVotes(334)) - 1763a5f8-9e33-4e4d-85c9-a44f9db01322@group-3D25694EC971-LeaderElection35 PRE_VOTE round 0: result PASSED (term=1)
2025-04-23 04:29:27,071 [1763a5f8-9e33-4e4d-85c9-a44f9db01322@group-3D25694EC971-LeaderElection35] INFO  impl.LeaderElection (LeaderElection.java:askForVotes(332)) - 1763a5f8-9e33-4e4d-85c9-a44f9db01322@group-3D25694EC971-LeaderElection35 ELECTION round 0: submit vote requests at term 2 for conf: {index: 0, cur=peers:[1763a5f8-9e33-4e4d-85c9-a44f9db01322|fv-az1441-587:15046]|listeners:[], old=null}
2025-04-23 04:29:27,071 [1763a5f8-9e33-4e4d-85c9-a44f9db01322@group-3D25694EC971-LeaderElection35] INFO  impl.LeaderElection (LeaderElection.java:askForVotes(334)) - 1763a5f8-9e33-4e4d-85c9-a44f9db01322@group-3D25694EC971-LeaderElection35 ELECTION round 0: result PASSED (term=2)
2025-04-23 04:29:27,071 [1763a5f8-9e33-4e4d-85c9-a44f9db01322@group-3D25694EC971-LeaderElection35] INFO  impl.RoleInfo (RoleInfo.java:shutdownLeaderElection(141)) - 1763a5f8-9e33-4e4d-85c9-a44f9db01322: shutdown 1763a5f8-9e33-4e4d-85c9-a44f9db01322@group-3D25694EC971-LeaderElection35
2025-04-23 04:29:27,071 [1763a5f8-9e33-4e4d-85c9-a44f9db01322@group-3D25694EC971-LeaderElection35] INFO  server.RaftServer$Division (RaftServerImpl.java:setRole(378)) - 1763a5f8-9e33-4e4d-85c9-a44f9db01322@group-3D25694EC971: changes role from CANDIDATE to LEADER at term 2 for changeToLeader
2025-04-23 04:29:27,071 [1763a5f8-9e33-4e4d-85c9-a44f9db01322@group-3D25694EC971-LeaderElection35] INFO  server.RaftServerConfigKeys (ConfUtils.java:logGet(46)) - raft.server.staging.catchup.gap = 1000 (default)
2025-04-23 04:29:27,071 [1763a5f8-9e33-4e4d-85c9-a44f9db01322@group-3D25694EC971-LeaderElection35] INFO  server.RaftServerConfigKeys (ConfUtils.java:logGet(46)) - raft.server.write.element-limit = 4096 (default)
2025-04-23 04:29:27,071 [1763a5f8-9e33-4e4d-85c9-a44f9db01322@group-3D25694EC971-LeaderElection35] INFO  server.RaftServerConfigKeys (ConfUtils.java:logGet(46)) - raft.server.write.byte-limit = 64MB (=67108864) (default)
2025-04-23 04:29:27,071 [1763a5f8-9e33-4e4d-85c9-a44f9db01322@group-3D25694EC971-LeaderElection35] INFO  server.RaftServerConfigKeys (ConfUtils.java:logGet(46)) - raft.server.watch.timeout = 10s (default)
2025-04-23 04:29:27,071 [1763a5f8-9e33-4e4d-85c9-a44f9db01322@group-3D25694EC971-LeaderElection35] INFO  server.RaftServerConfigKeys (ConfUtils.java:logGet(46)) - raft.server.watch.timeout.denomination = 1s (default)
2025-04-23 04:29:27,071 [1763a5f8-9e33-4e4d-85c9-a44f9db01322@group-3D25694EC971-LeaderElection35] INFO  server.RaftServerConfigKeys (ConfUtils.java:logGet(46)) - raft.server.watch.element-limit = 65536 (default)
2025-04-23 04:29:27,071 [1763a5f8-9e33-4e4d-85c9-a44f9db01322@group-3D25694EC971-LeaderElection35] INFO  server.RaftServerConfigKeys (ConfUtils.java:logGet(46)) - raft.server.read.leader.lease.enabled = false (default)
2025-04-23 04:29:27,071 [1763a5f8-9e33-4e4d-85c9-a44f9db01322@group-3D25694EC971-LeaderElection35] INFO  server.RaftServerConfigKeys (ConfUtils.java:logGet(46)) - raft.server.read.leader.lease.timeout.ratio = 0.9 (default)
2025-04-23 04:29:27,071 [1763a5f8-9e33-4e4d-85c9-a44f9db01322@group-3D25694EC971-LeaderElection35] INFO  server.RaftServerConfigKeys (ConfUtils.java:logGet(46)) - raft.server.rpc.timeout.min = 5000ms (custom)
2025-04-23 04:29:27,071 [1763a5f8-9e33-4e4d-85c9-a44f9db01322@group-3D25694EC971-LeaderElection35] INFO  server.RaftServerConfigKeys (ConfUtils.java:logGet(46)) - raft.server.log.log-metadata.enabled = true (default)
2025-04-23 04:29:27,071 [1763a5f8-9e33-4e4d-85c9-a44f9db01322@group-3D25694EC971-LeaderElection35] INFO  server.RaftServerConfigKeys (ConfUtils.java:logGet(46)) - raft.server.write.element-limit = 4096 (default)
2025-04-23 04:29:27,072 [1763a5f8-9e33-4e4d-85c9-a44f9db01322@group-3D25694EC971-LeaderElection35] INFO  server.RaftServerConfigKeys (ConfUtils.java:logGet(46)) - raft.server.write.follower.gap.ratio.max = -1.0 (default)
2025-04-23 04:29:27,072 [1763a5f8-9e33-4e4d-85c9-a44f9db01322@group-3D25694EC971-LeaderElection35] INFO  impl.RoleInfo (RoleInfo.java:updateAndGet(148)) - 1763a5f8-9e33-4e4d-85c9-a44f9db01322: start 1763a5f8-9e33-4e4d-85c9-a44f9db01322@group-3D25694EC971-LeaderStateImpl
2025-04-23 04:29:27,072 [1763a5f8-9e33-4e4d-85c9-a44f9db01322@group-3D25694EC971-LeaderElection35] INFO  server.RaftServer$Division (RaftServerImpl.java:setFirstElection(562)) - 1763a5f8-9e33-4e4d-85c9-a44f9db01322@group-3D25694EC971: set firstElectionSinceStartup to false for becomeLeader
2025-04-23 04:29:27,072 [1763a5f8-9e33-4e4d-85c9-a44f9db01322@group-3D25694EC971-LeaderElection35] INFO  ha.SCMStateMachine (SCMStateMachine.java:notifyLeaderChanged(291)) - current SCM becomes leader of term 2.
2025-04-23 04:29:27,072 [1763a5f8-9e33-4e4d-85c9-a44f9db01322@group-3D25694EC971-LeaderElection35] INFO  ha.SCMContext (SCMContext.java:updateLeaderAndTerm(95)) - update <isLeader,term> from <false,0> to <true,2>
2025-04-23 04:29:27,072 [1763a5f8-9e33-4e4d-85c9-a44f9db01322@group-3D25694EC971-LeaderElection35] INFO  server.RaftServer$Division (ServerState.java:setLeader(272)) - 1763a5f8-9e33-4e4d-85c9-a44f9db01322@group-3D25694EC971: change Leader from null to 1763a5f8-9e33-4e4d-85c9-a44f9db01322 at term 2 for becomeLeader, leader elected after 1075ms
2025-04-23 04:29:27,072 [1763a5f8-9e33-4e4d-85c9-a44f9db01322@group-3D25694EC971-LeaderElection35] INFO  segmented.SegmentedRaftLogWorker (SegmentedRaftLogWorker.java:rollLogSegment(443)) - 1763a5f8-9e33-4e4d-85c9-a44f9db01322@group-3D25694EC971-SegmentedRaftLogWorker: Rolling segment log-0_0 to index:0
2025-04-23 04:29:27,072 [1763a5f8-9e33-4e4d-85c9-a44f9db01322@group-3D25694EC971-LeaderElection35] INFO  server.RaftServer$Division (ServerState.java:setRaftConf(386)) - 1763a5f8-9e33-4e4d-85c9-a44f9db01322@group-3D25694EC971: set configuration conf: {index: 1, cur=peers:[1763a5f8-9e33-4e4d-85c9-a44f9db01322|fv-az1441-587:15046]|listeners:[], old=null}
2025-04-23 04:29:27,072 [1763a5f8-9e33-4e4d-85c9-a44f9db01322@group-3D25694EC971-SegmentedRaftLogWorker] INFO  segmented.SegmentedRaftLogWorker (SegmentedRaftLogWorker.java:execute(601)) - 1763a5f8-9e33-4e4d-85c9-a44f9db01322@group-3D25694EC971-SegmentedRaftLogWorker: Rolled log segment from /home/runner/work/ozone/ozone/hadoop-ozone/integration-test/target/test-dir/MiniOzoneClusterImpl-e6c14afe-f26c-49b2-91d5-3d25694ec971/ozone-meta/scm-ha/e6c14afe-f26c-49b2-91d5-3d25694ec971/current/log_inprogress_0 to /home/runner/work/ozone/ozone/hadoop-ozone/integration-test/target/test-dir/MiniOzoneClusterImpl-e6c14afe-f26c-49b2-91d5-3d25694ec971/ozone-meta/scm-ha/e6c14afe-f26c-49b2-91d5-3d25694ec971/current/log_0-0
2025-04-23 04:29:27,073 [1763a5f8-9e33-4e4d-85c9-a44f9db01322@group-3D25694EC971-SegmentedRaftLogWorker] INFO  segmented.BufferedWriteChannel (BufferedWriteChannel.java:open(61)) - open log_inprogress_1 at position 0
2025-04-23 04:29:27,081 [1763a5f8-9e33-4e4d-85c9-a44f9db01322@group-3D25694EC971-SegmentedRaftLogWorker] INFO  segmented.SegmentedRaftLogWorker (SegmentedRaftLogWorker.java:execute(644)) - 1763a5f8-9e33-4e4d-85c9-a44f9db01322@group-3D25694EC971-SegmentedRaftLogWorker: created new log segment /home/runner/work/ozone/ozone/hadoop-ozone/integration-test/target/test-dir/MiniOzoneClusterImpl-e6c14afe-f26c-49b2-91d5-3d25694ec971/ozone-meta/scm-ha/e6c14afe-f26c-49b2-91d5-3d25694ec971/current/log_inprogress_1
2025-04-23 04:29:27,083 [1763a5f8-9e33-4e4d-85c9-a44f9db01322@group-3D25694EC971-StateMachineUpdater] INFO  server.RaftServer$Division (LeaderStateImpl.java:checkStartIndex(313)) - Leader 1763a5f8-9e33-4e4d-85c9-a44f9db01322@group-3D25694EC971-LeaderStateImpl is ready since appliedIndex == startIndex == 1
2025-04-23 04:29:27,083 [1763a5f8-9e33-4e4d-85c9-a44f9db01322@group-3D25694EC971-StateMachineUpdater] INFO  ha.SCMContext (SCMContext.java:setLeaderReady(122)) - update <isLeaderReady> from <false> to <true>
2025-04-23 04:29:27,083 [1763a5f8-9e33-4e4d-85c9-a44f9db01322@group-3D25694EC971-StateMachineUpdater] INFO  pipeline.BackgroundPipelineCreator (BackgroundPipelineCreator.java:notifyStatusChanged(269)) - Service BackgroundPipelineCreator transitions to RUNNING.
2025-04-23 04:29:27,083 [1763a5f8-9e33-4e4d-85c9-a44f9db01322@group-3D25694EC971-StateMachineUpdater] INFO  safemode.RatisContainerSafeModeRule (RatisContainerSafeModeRule.java:initializeRule(161)) - Refreshed Containers with one replica threshold count 0.
2025-04-23 04:29:27,083 [1763a5f8-9e33-4e4d-85c9-a44f9db01322@group-3D25694EC971-StateMachineUpdater] INFO  safemode.HealthyPipelineSafeModeRule (HealthyPipelineSafeModeRule.java:initializeRule(174)) - Refreshed total pipeline count is 0, healthy pipeline threshold count is 1
2025-04-23 04:29:27,083 [1763a5f8-9e33-4e4d-85c9-a44f9db01322@group-3D25694EC971-StateMachineUpdater] INFO  safemode.ECContainerSafeModeRule (ECContainerSafeModeRule.java:initializeRule(205)) - Refreshed Containers with ec n replica threshold count 0.
2025-04-23 04:29:27,083 [1763a5f8-9e33-4e4d-85c9-a44f9db01322@group-3D25694EC971-StateMachineUpdater] INFO  safemode.OneReplicaPipelineSafeModeRule (OneReplicaPipelineSafeModeRule.java:initializeRule(187)) - Refreshed Total pipeline count is 0, pipeline's with at least one datanode reported threshold count is 0
2025-04-23 04:29:27,083 [1763a5f8-9e33-4e4d-85c9-a44f9db01322@group-3D25694EC971-StateMachineUpdater] INFO  server.SCMDatanodeProtocolServer (SCMDatanodeProtocolServer.java:start(193)) - ScmDatanodeProtocol RPC server for DataNodes is listening at /0.0.0.0:15044
2025-04-23 04:29:27,084 [IPC Server Responder] INFO  ipc.Server (Server.java:run(1713)) - IPC Server Responder: starting
2025-04-23 04:29:27,084 [IPC Server listener on 15044] INFO  ipc.Server (Server.java:run(1553)) - IPC Server listener on 15044: starting
OM initialization succeeded.Current cluster id for sd=/home/runner/work/ozone/ozone/hadoop-ozone/integration-test/target/test-dir/MiniOzoneClusterImpl-e6c14afe-f26c-49b2-91d5-3d25694ec971/omNode-1/om;cid=e6c14afe-f26c-49b2-91d5-3d25694ec971;layoutVersion=8
2025-04-23 04:29:28,124 [main] INFO  ha.OMHANodeDetails (OMHANodeDetails.java:loadOMHAConfig(120)) - ServiceID for OzoneManager is om-service-test1
2025-04-23 04:29:28,125 [main] INFO  ha.OMHANodeDetails (OMHANodeDetails.java:loadOMHAConfig(200)) - Found matching OM address with OMServiceId: om-service-test1, OMNodeId: omNode-1, RPC Address: localhost:15048 and Ratis port: 15051
2025-04-23 04:29:28,125 [main] INFO  ha.OMHANodeDetails (ConfUtils.java:setNodeSpecificConfigs(98)) - Setting configuration key ozone.om.http-address with value of key ozone.om.http-address.om-service-test1.omNode-1: 127.0.0.1:15049
2025-04-23 04:29:28,125 [main] INFO  ha.OMHANodeDetails (ConfUtils.java:setNodeSpecificConfigs(98)) - Setting configuration key ozone.om.https-address with value of key ozone.om.https-address.om-service-test1.omNode-1: 127.0.0.1:15050
2025-04-23 04:29:28,125 [main] INFO  ha.OMHANodeDetails (ConfUtils.java:setNodeSpecificConfigs(98)) - Setting configuration key ozone.om.address with value of key ozone.om.address.om-service-test1.omNode-1: 127.0.0.1:15048
2025-04-23 04:29:28,125 [main] WARN  server.ServerUtils (ServerUtils.java:getDBPath(297)) - ozone.om.db.dirs is not configured. We recommend adding this setting. Falling back to ozone.metadata.dirs instead.
2025-04-23 04:29:28,127 [main] INFO  upgrade.AbstractLayoutVersionManager (AbstractLayoutVersionManager.java:init(80)) - Initializing Layout version manager with metadata layout = DELEGATION_TOKEN_SYMMETRIC_SIGN (version = 8), software layout = DELEGATION_TOKEN_SYMMETRIC_SIGN (version = 8)
2025-04-23 04:29:28,182 [main] INFO  reflections.Reflections (Reflections.java:scan(219)) - Reflections took 55 ms to scan 2 urls, producing 203 keys and 603 values
2025-04-23 04:29:28,183 [main] INFO  upgrade.OMLayoutVersionManager (OMLayoutVersionManager.java:lambda$0(110)) - Skipping Upgrade Action QuotaRepairUpgradeAction since it has been finalized.
2025-04-23 04:29:28,183 [main] INFO  upgrade.OMLayoutVersionManager (OMLayoutVersionManager.java:lambda$0(110)) - Skipping Upgrade Action MockOmUpgradeAction since it has been finalized.
2025-04-23 04:29:28,183 [main] WARN  server.ServerUtils (ServerUtils.java:getDBPath(297)) - ozone.om.db.dirs is not configured. We recommend adding this setting. Falling back to ozone.metadata.dirs instead.
2025-04-23 04:29:28,183 [main] INFO  om.OzoneManager (OzoneManager.java:setReplicationFromConfig(4612)) - Set default replication in OM: RATIS/3 -> RATIS/THREE
2025-04-23 04:29:28,184 [main] INFO  proxy.SCMContainerLocationFailoverProxyProvider (SCMFailoverProxyProviderBase.java:<init>(120)) - Created fail-over proxy for protocol StorageContainerLocationProtocolPB with 1 nodes: [nodeId=scmNodeId,nodeAddress=/0.0.0.0:15042]
2025-04-23 04:29:28,184 [main] INFO  proxy.SCMBlockLocationFailoverProxyProvider (SCMFailoverProxyProviderBase.java:<init>(120)) - Created fail-over proxy for protocol ScmBlockLocationProtocolPB with 1 nodes: [nodeId=scmNodeId,nodeAddress=/0.0.0.0:15043]
2025-04-23 04:29:28,185 [main] INFO  proxy.SCMBlockLocationFailoverProxyProvider (SCMFailoverProxyProviderBase.java:<init>(120)) - Created fail-over proxy for protocol ScmBlockLocationProtocolPB with 1 nodes: [nodeId=scmNodeId,nodeAddress=/0.0.0.0:15043]
2025-04-23 04:29:28,188 [main] INFO  om.OzoneManager (OzoneManager.java:<init>(689)) - OM start with adminUsers: [*, runner]
2025-04-23 04:29:28,189 [main] WARN  server.ServerUtils (ServerUtils.java:getDBPath(297)) - ozone.om.db.dirs is not configured. We recommend adding this setting. Falling back to ozone.metadata.dirs instead.
2025-04-23 04:29:28,326 [main] INFO  om.OzoneManager (OzoneManager.java:instantiateServices(933)) - S3 Multi-Tenancy is disabled
2025-04-23 04:29:28,326 [main] INFO  om.OmSnapshotManager (OmSnapshotManager.java:<init>(180)) - Ozone filesystem snapshot feature is enabled.
2025-04-23 04:29:28,326 [main] WARN  server.ServerUtils (ServerUtils.java:getDBPath(297)) - ozone.om.snapshot.diff.db.dir is not configured. We recommend adding this setting. Falling back to ozone.metadata.dirs instead.
2025-04-23 04:29:28,344 [main] INFO  om.OzoneManager (OzoneManager.java:addS3GVolumeToDB(4670)) - Created Volume s3v With Owner runner required for S3Gateway operations.
2025-04-23 04:29:28,344 [main] WARN  server.ServerUtils (ServerUtils.java:getDefaultRatisDirectory(309)) - Storage directory for Ratis is not configured. It is a good idea to map this to an SSD disk. Falling back to ozone.metadata.dirs
2025-04-23 04:29:28,345 [main] WARN  utils.OzoneManagerRatisUtils (OzoneManagerRatisUtils.java:getOMRatisSnapshotDirectory(488)) - ozone.om.ratis.snapshot.dir is not configured. Falling back to ozone.metadata.dirs config
2025-04-23 04:29:28,345 [main] INFO  utils.RDBSnapshotProvider (RDBSnapshotProvider.java:init(85)) - Cleaning up the candidate dir: /home/runner/work/ozone/ozone/hadoop-ozone/integration-test/target/test-dir/MiniOzoneClusterImpl-e6c14afe-f26c-49b2-91d5-3d25694ec971/omNode-1/snapshot/om.db.candidate
2025-04-23 04:29:28,345 [main] INFO  ratis_snapshot.OmRatisSnapshotProvider (OmRatisSnapshotProvider.java:<init>(98)) - Initializing OM Snapshot Provider
2025-04-23 04:29:28,346 [main] WARN  dropwizard3.Dm3MetricRegistriesImpl (Dm3MetricRegistriesImpl.java:addReporterRegistration(114)) - New reporters are added after registries were created. Some metrics will be missing from the reporter. Please add reporter before adding any new registry.
2025-04-23 04:29:28,346 [main] WARN  dropwizard3.Dm3MetricRegistriesImpl (Dm3MetricRegistriesImpl.java:addReporterRegistration(114)) - New reporters are added after registries were created. Some metrics will be missing from the reporter. Please add reporter before adding any new registry.
2025-04-23 04:29:28,347 [main] WARN  server.ServerUtils (ServerUtils.java:getDefaultRatisDirectory(309)) - Storage directory for Ratis is not configured. It is a good idea to map this to an SSD disk. Falling back to ozone.metadata.dirs
2025-04-23 04:29:28,347 [main] INFO  server.RaftServerConfigKeys (ConfUtils.java:logGet(46)) - raft.server.log.appender.buffer.byte-limit = 4194304 (custom)
2025-04-23 04:29:28,348 [main] INFO  ratis.OzoneManagerRatisServer (OzoneManagerRatisServer.java:<init>(167)) - Instantiating OM Ratis server with groupID: om-service-test1 and peers: localhost:15051, localhost:15059, localhost:15055
2025-04-23 04:29:28,348 [main] INFO  ratis.OzoneManagerStateMachine (OzoneManagerStateMachine.java:loadSnapshotInfoFromDB(613)) - TransactionInfo not found in OM DB.
2025-04-23 04:29:28,349 [main] INFO  server.RaftServer (ConfUtils.java:logGet(46)) - raft.rpc.type = GRPC (default)
2025-04-23 04:29:28,349 [main] INFO  grpc.GrpcConfigKeys (ConfUtils.java:logFallback(53)) - raft.grpc.admin.host = null (fallback to raft.grpc.server.host)
2025-04-23 04:29:28,349 [main] INFO  grpc.GrpcConfigKeys (ConfUtils.java:logFallback(53)) - raft.grpc.admin.port = 15051 (fallback to raft.grpc.server.port)
2025-04-23 04:29:28,349 [main] INFO  grpc.GrpcConfigKeys (ConfUtils.java:logFallback(53)) - raft.grpc.client.host = null (fallback to raft.grpc.server.host)
2025-04-23 04:29:28,349 [main] INFO  grpc.GrpcConfigKeys (ConfUtils.java:logFallback(53)) - raft.grpc.client.port = 15051 (fallback to raft.grpc.server.port)
2025-04-23 04:29:28,349 [main] INFO  grpc.GrpcConfigKeys (ConfUtils.java:logGet(46)) - raft.grpc.server.host = null (default)
2025-04-23 04:29:28,349 [main] INFO  grpc.GrpcConfigKeys (ConfUtils.java:logGet(46)) - raft.grpc.server.port = 15051 (custom)
2025-04-23 04:29:28,349 [main] INFO  server.GrpcService (ConfUtils.java:logGet(46)) - raft.grpc.message.size.max = 5242880 (custom)
2025-04-23 04:29:28,350 [main] INFO  server.GrpcService (ConfUtils.java:logGet(46)) - raft.grpc.flow.control.window = 1MB (=1048576) (default)
2025-04-23 04:29:28,350 [main] INFO  server.RaftServerConfigKeys (ConfUtils.java:logGet(46)) - raft.server.rpc.request.timeout = 3000ms (default)
2025-04-23 04:29:28,350 [main] INFO  grpc.GrpcConfigKeys (ConfUtils.java:logGet(46)) - raft.grpc.server.heartbeat.channel = true (default)
2025-04-23 04:29:28,350 [main] INFO  server.RaftServerConfigKeys (ConfUtils.java:logGet(46)) - raft.server.log.appender.buffer.byte-limit = 4194304 (custom)
2025-04-23 04:29:28,350 [main] INFO  grpc.GrpcConfigKeys (ConfUtils.java:logGet(46)) - raft.grpc.server.async.request.thread.pool.cached = true (default)
2025-04-23 04:29:28,350 [main] INFO  grpc.GrpcConfigKeys (ConfUtils.java:logGet(46)) - raft.grpc.server.async.request.thread.pool.size = 32 (default)
2025-04-23 04:29:28,351 [main] INFO  impl.DataStreamServerImpl (ConfUtils.java:logGet(46)) - raft.datastream.type = DISABLED (default)
2025-04-23 04:29:28,351 [main] INFO  server.RaftServerConfigKeys (ConfUtils.java:logGet(46)) - raft.server.sleep.deviation.threshold = 300ms (default)
2025-04-23 04:29:28,351 [main] INFO  server.RaftServerConfigKeys (ConfUtils.java:logGet(46)) - raft.server.close.threshold = 60s (default)
2025-04-23 04:29:28,351 [main] INFO  server.RaftServerConfigKeys (ConfUtils.java:logGet(46)) - raft.server.leaderelection.leader.step-down.wait-time = 10s (default)
2025-04-23 04:29:28,351 [main] INFO  server.RaftServerConfigKeys (ConfUtils.java:logGet(46)) - raft.server.storage.dir = [/home/runner/work/ozone/ozone/hadoop-ozone/integration-test/target/test-dir/MiniOzoneClusterImpl-e6c14afe-f26c-49b2-91d5-3d25694ec971/omNode-1/ratis] (custom)
2025-04-23 04:29:28,351 [main] INFO  server.RaftServerConfigKeys (ConfUtils.java:logGet(46)) - raft.server.threadpool.proxy.cached = true (default)
2025-04-23 04:29:28,351 [main] INFO  server.RaftServerConfigKeys (ConfUtils.java:logGet(46)) - raft.server.threadpool.proxy.size = 0 (default)
2025-04-23 04:29:28,352 [main] INFO  server.RaftServer (RaftServerProxy.java:addNew(100)) - omNode-1: addNew group-523986131536:[omNode-3|localhost:15059, omNode-1|localhost:15051, omNode-2|localhost:15055] returns group-523986131536:java.util.concurrent.CompletableFuture@43b6b88b[Not completed]
2025-04-23 04:29:28,352 [main] INFO  om.OzoneManager (OzoneManager.java:initializeRatisServer(2303)) - OzoneManager Ratis server initialized at port 15051
2025-04-23 04:29:28,352 [omNode-1-groupManagement] INFO  server.RaftServer$Division (RaftServerImpl.java:<init>(255)) - omNode-1: new RaftServerImpl for group-523986131536:[omNode-3|localhost:15059, omNode-1|localhost:15051, omNode-2|localhost:15055] with OzoneManagerStateMachine:uninitialized
2025-04-23 04:29:28,352 [main] INFO  om.OzoneManager (OzoneManager.java:getRpcServer(1360)) - Creating RPC Server
2025-04-23 04:29:28,352 [omNode-1-groupManagement] INFO  server.RaftServerConfigKeys (ConfUtils.java:logGet(46)) - raft.server.rpc.timeout.min = 1s (custom)
2025-04-23 04:29:28,352 [omNode-1-groupManagement] INFO  server.RaftServerConfigKeys (ConfUtils.java:logGet(46)) - raft.server.rpc.timeout.max = 1200ms (custom)
2025-04-23 04:29:28,352 [omNode-1-groupManagement] INFO  server.RaftServerConfigKeys (ConfUtils.java:logGet(46)) - raft.server.rpc.sleep.time = 25ms (default)
2025-04-23 04:29:28,352 [omNode-1-groupManagement] INFO  server.RaftServerConfigKeys (ConfUtils.java:logGet(46)) - raft.server.rpc.slowness.timeout = 2s (custom)
2025-04-23 04:29:28,352 [omNode-1-groupManagement] INFO  server.RaftServerConfigKeys (ConfUtils.java:logGet(46)) - raft.server.leaderelection.leader.step-down.wait-time = 10s (default)
2025-04-23 04:29:28,353 [omNode-1-groupManagement] INFO  server.RaftServerConfigKeys (ConfUtils.java:logGet(46)) - raft.server.leaderelection.member.majority-add = false (default)
2025-04-23 04:29:28,353 [omNode-1-groupManagement] INFO  server.RaftServerConfigKeys (ConfUtils.java:logGet(46)) - raft.server.sleep.deviation.threshold = 300ms (default)
2025-04-23 04:29:28,353 [omNode-1-groupManagement] INFO  server.RaftServer$Division (ServerState.java:<init>(114)) - omNode-1@group-523986131536: ConfigurationManager, init=conf: {index: -1, cur=peers:[omNode-3|localhost:15059, omNode-1|localhost:15051, omNode-2|localhost:15055]|listeners:[], old=null}, confs=<EMPTY_MAP>
2025-04-23 04:29:28,353 [omNode-1-groupManagement] INFO  server.RaftServerConfigKeys (ConfUtils.java:logGet(46)) - raft.server.notification.no-leader.timeout = 2s (custom)
2025-04-23 04:29:28,353 [omNode-1-groupManagement] INFO  server.RaftServerConfigKeys (ConfUtils.java:logGet(46)) - raft.server.read.timeout = 10s (default)
2025-04-23 04:29:28,353 [omNode-1-groupManagement] INFO  server.RaftServerConfigKeys (ConfUtils.java:logGet(46)) - raft.server.retrycache.expirytime = 30000ms (custom)
2025-04-23 04:29:28,353 [omNode-1-groupManagement] INFO  server.RaftServerConfigKeys (ConfUtils.java:logGet(46)) - raft.server.retrycache.statistics.expirytime = 100ms (default)
2025-04-23 04:29:28,353 [omNode-1-groupManagement] INFO  server.RaftServerConfigKeys (ConfUtils.java:logGet(46)) - raft.server.read.option = DEFAULT (default)
2025-04-23 04:29:28,353 [omNode-1-groupManagement] INFO  server.RaftServerConfigKeys (ConfUtils.java:logGet(46)) - raft.server.read.read-after-write-consistent.write-index-cache.expiry-time = 60s (default)
2025-04-23 04:29:28,354 [omNode-1-groupManagement] INFO  server.RaftServerConfigKeys (ConfUtils.java:logGet(46)) - raft.server.rpc.request.timeout = 3000ms (default)
2025-04-23 04:29:28,354 [omNode-1-groupManagement] INFO  server.RaftServerConfigKeys (ConfUtils.java:logGet(46)) - raft.server.log.appender.install.snapshot.enabled = false (custom)
2025-04-23 04:29:28,354 [omNode-1-groupManagement] INFO  server.RaftServerConfigKeys (ConfUtils.java:logGet(46)) - raft.server.threadpool.server.cached = true (default)
2025-04-23 04:29:28,354 [omNode-1-groupManagement] INFO  server.RaftServerConfigKeys (ConfUtils.java:logGet(46)) - raft.server.threadpool.server.size = 0 (default)
2025-04-23 04:29:28,354 [omNode-1-groupManagement] INFO  server.RaftServerConfigKeys (ConfUtils.java:logGet(46)) - raft.server.threadpool.client.cached = true (default)
2025-04-23 04:29:28,354 [omNode-1-groupManagement] INFO  server.RaftServerConfigKeys (ConfUtils.java:logGet(46)) - raft.server.threadpool.client.size = 0 (default)
2025-04-23 04:29:28,716 [main] INFO  reflections.Reflections (Reflections.java:scan(219)) - Reflections took 363 ms to scan 22 urls, producing 61 keys and 7422 values
2025-04-23 04:29:28,718 [main] INFO  ipc.CallQueueManager (CallQueueManager.java:<init>(93)) - Using callQueue: class java.util.concurrent.LinkedBlockingQueue, queueCapacity: 2000, scheduler: class org.apache.hadoop.ipc.DefaultRpcScheduler, ipcBackoff: false, ipcFailOver: false.
2025-04-23 04:29:28,718 [main] INFO  ipc.Server (Server.java:<init>(1438)) - Listener at 127.0.0.1:15048
2025-04-23 04:29:28,718 [Socket Reader #1 for port 15048] INFO  ipc.Server (Server.java:run(1474)) - Starting Socket Reader #1 for port 15048
2025-04-23 04:29:28,719 [Socket Reader #2 for port 15048] INFO  ipc.Server (Server.java:run(1474)) - Starting Socket Reader #2 for port 15048
2025-04-23 04:29:28,719 [Socket Reader #3 for port 15048] INFO  ipc.Server (Server.java:run(1474)) - Starting Socket Reader #3 for port 15048
2025-04-23 04:29:28,719 [Socket Reader #4 for port 15048] INFO  ipc.Server (Server.java:run(1474)) - Starting Socket Reader #4 for port 15048
2025-04-23 04:29:28,719 [Socket Reader #5 for port 15048] INFO  ipc.Server (Server.java:run(1474)) - Starting Socket Reader #5 for port 15048
2025-04-23 04:29:28,719 [Socket Reader #6 for port 15048] INFO  ipc.Server (Server.java:run(1474)) - Starting Socket Reader #6 for port 15048
2025-04-23 04:29:28,720 [Socket Reader #7 for port 15048] INFO  ipc.Server (Server.java:run(1474)) - Starting Socket Reader #7 for port 15048
2025-04-23 04:29:28,720 [Socket Reader #8 for port 15048] INFO  ipc.Server (Server.java:run(1474)) - Starting Socket Reader #8 for port 15048
2025-04-23 04:29:28,720 [Socket Reader #9 for port 15048] INFO  ipc.Server (Server.java:run(1474)) - Starting Socket Reader #9 for port 15048
2025-04-23 04:29:28,720 [Socket Reader #10 for port 15048] INFO  ipc.Server (Server.java:run(1474)) - Starting Socket Reader #10 for port 15048
2025-04-23 04:29:28,738 [main] INFO  impl.MetricsSystemImpl (MetricsSystemImpl.java:init(158)) - OzoneManager metrics system started (again)
2025-04-23 04:29:28,747 [main] INFO  om.OzoneManager (OzoneManager.java:start(1787)) - OzoneManager RPC server is listening at localhost/127.0.0.1:15048
2025-04-23 04:29:28,747 [main] INFO  ratis.OzoneManagerRatisServer (OzoneManagerRatisServer.java:start(628)) - Starting OzoneManagerRatisServer omNode-1 at port 15051
2025-04-23 04:29:28,747 [omNode-1-impl-thread1] INFO  server.RaftServerConfigKeys (ConfUtils.java:logGet(46)) - raft.server.storage.free-space.min = 0MB (=0) (default)
2025-04-23 04:29:28,748 [omNode-1-impl-thread1] INFO  server.RaftServerConfigKeys (ConfUtils.java:logGet(46)) - raft.server.log.corruption.policy = EXCEPTION (default)
2025-04-23 04:29:28,748 [omNode-1-impl-thread1] INFO  server.RaftServerConfigKeys (ConfUtils.java:logGet(46)) - raft.server.storage.dir = [/home/runner/work/ozone/ozone/hadoop-ozone/integration-test/target/test-dir/MiniOzoneClusterImpl-e6c14afe-f26c-49b2-91d5-3d25694ec971/omNode-1/ratis] (custom)
2025-04-23 04:29:28,748 [omNode-1-impl-thread1] INFO  storage.RaftStorageDirectory (RaftStorageDirectoryImpl.java:analyzeStorage(138)) - The storage directory /home/runner/work/ozone/ozone/hadoop-ozone/integration-test/target/test-dir/MiniOzoneClusterImpl-e6c14afe-f26c-49b2-91d5-3d25694ec971/omNode-1/ratis/c9bc4cf4-3bc3-3c60-a66b-523986131536 does not exist. Creating ...
2025-04-23 04:29:28,749 [omNode-1-impl-thread1] INFO  storage.RaftStorageDirectory (RaftStorageDirectoryImpl.java:tryLock(229)) - Lock on /home/runner/work/ozone/ozone/hadoop-ozone/integration-test/target/test-dir/MiniOzoneClusterImpl-e6c14afe-f26c-49b2-91d5-3d25694ec971/omNode-1/ratis/c9bc4cf4-3bc3-3c60-a66b-523986131536/in_use.lock acquired by nodename 129558@fv-az1441-587
2025-04-23 04:29:28,750 [omNode-1-impl-thread1] INFO  storage.RaftStorage (RaftStorageImpl.java:format(98)) - Storage directory /home/runner/work/ozone/ozone/hadoop-ozone/integration-test/target/test-dir/MiniOzoneClusterImpl-e6c14afe-f26c-49b2-91d5-3d25694ec971/omNode-1/ratis/c9bc4cf4-3bc3-3c60-a66b-523986131536 has been successfully formatted.
2025-04-23 04:29:28,751 [omNode-1-impl-thread1] INFO  ratis.OzoneManagerStateMachine (OzoneManagerStateMachine.java:lambda$0(138)) - omNode-1: initialize group-523986131536 with (t:0, i:~)
2025-04-23 04:29:28,751 [omNode-1-impl-thread1] INFO  server.RaftServerConfigKeys (ConfUtils.java:logGet(46)) - raft.server.log.use.memory = false (default)
2025-04-23 04:29:28,751 [omNode-1-impl-thread1] INFO  server.RaftServerConfigKeys (ConfUtils.java:logGet(46)) - raft.server.log.purge.gap = 50 (custom)
2025-04-23 04:29:28,751 [omNode-1-impl-thread1] INFO  server.RaftServerConfigKeys (ConfUtils.java:logGet(46)) - raft.server.log.appender.buffer.byte-limit = 4194304 (custom)
2025-04-23 04:29:28,751 [omNode-1-impl-thread1] INFO  server.RaftServerConfigKeys (ConfUtils.java:logGet(46)) - raft.server.log.statemachine.data.read.timeout = 1000ms (default)
2025-04-23 04:29:28,751 [omNode-1-impl-thread1] INFO  server.RaftServerConfigKeys (ConfUtils.java:logGet(46)) - raft.server.log.purge.preservation.log.num = 0 (default)
2025-04-23 04:29:28,752 [omNode-1-impl-thread1] INFO  server.RaftServerConfigKeys (ConfUtils.java:logGet(46)) - raft.server.log.segment.size.max = 4194304 (custom)
2025-04-23 04:29:28,752 [omNode-1-impl-thread1] INFO  server.RaftServerConfigKeys (ConfUtils.java:logGet(46)) - raft.server.log.segment.cache.num.max = 2 (custom)
2025-04-23 04:29:28,752 [omNode-1-impl-thread1] INFO  server.RaftServerConfigKeys (ConfUtils.java:logGet(46)) - raft.server.log.segment.cache.size.max = 200MB (=209715200) (default)
2025-04-23 04:29:28,752 [omNode-1-impl-thread1] INFO  server.RaftServerConfigKeys (ConfUtils.java:logGet(46)) - raft.server.log.appender.buffer.byte-limit = 4194304 (custom)
2025-04-23 04:29:28,752 [omNode-1-impl-thread1] INFO  util.AwaitToRun (AwaitToRun.java:start(81)) - Thread[#8367,omNode-1@group-523986131536-cacheEviction-AwaitToRun,5,main] started
2025-04-23 04:29:28,752 [omNode-1-impl-thread1] INFO  segmented.SegmentedRaftLogWorker (SegmentedRaftLogWorker.java:<init>(188)) - new omNode-1@group-523986131536-SegmentedRaftLogWorker for RaftStorageImpl:Storage Directory /home/runner/work/ozone/ozone/hadoop-ozone/integration-test/target/test-dir/MiniOzoneClusterImpl-e6c14afe-f26c-49b2-91d5-3d25694ec971/omNode-1/ratis/c9bc4cf4-3bc3-3c60-a66b-523986131536
2025-04-23 04:29:28,752 [omNode-1-impl-thread1] INFO  server.RaftServerConfigKeys (ConfUtils.java:logGet(46)) - raft.server.log.queue.byte-limit = 64MB (=67108864) (default)
2025-04-23 04:29:28,752 [omNode-1-impl-thread1] INFO  server.RaftServerConfigKeys (ConfUtils.java:logGet(46)) - raft.server.log.queue.element-limit = 4096 (default)
2025-04-23 04:29:28,752 [omNode-1-impl-thread1] INFO  server.RaftServerConfigKeys (ConfUtils.java:logGet(46)) - raft.server.log.segment.size.max = 4194304 (custom)
2025-04-23 04:29:28,752 [omNode-1-impl-thread1] INFO  server.RaftServerConfigKeys (ConfUtils.java:logGet(46)) - raft.server.log.preallocated.size = 4194304 (custom)
2025-04-23 04:29:28,752 [omNode-1-impl-thread1] INFO  server.RaftServerConfigKeys (ConfUtils.java:logGet(46)) - raft.server.log.force.sync.num = 128 (default)
2025-04-23 04:29:28,752 [omNode-1-impl-thread1] INFO  server.RaftServerConfigKeys (ConfUtils.java:logGet(46)) - raft.server.log.statemachine.data.sync = true (default)
2025-04-23 04:29:28,752 [omNode-1-impl-thread1] INFO  server.RaftServerConfigKeys (ConfUtils.java:logGet(46)) - raft.server.log.statemachine.data.sync.timeout = 10s (default)
2025-04-23 04:29:28,752 [omNode-1-impl-thread1] INFO  server.RaftServerConfigKeys (ConfUtils.java:logGet(46)) - raft.server.log.statemachine.data.sync.timeout.retry = -1 (default)
2025-04-23 04:29:28,753 [omNode-1-impl-thread1] INFO  server.RaftServerConfigKeys (ConfUtils.java:logGet(46)) - raft.server.log.write.buffer.size = 4194312 (custom)
2025-04-23 04:29:28,753 [omNode-1-impl-thread1] INFO  server.RaftServerConfigKeys (ConfUtils.java:logGet(46)) - raft.server.log.appender.buffer.byte-limit = 4194304 (custom)
2025-04-23 04:29:28,753 [omNode-1-impl-thread1] INFO  server.RaftServerConfigKeys (ConfUtils.java:logGet(46)) - raft.server.log.unsafe-flush.enabled = false (default)
2025-04-23 04:29:28,753 [omNode-1-impl-thread1] INFO  server.RaftServerConfigKeys (ConfUtils.java:logGet(46)) - raft.server.log.async-flush.enabled = false (default)
2025-04-23 04:29:28,753 [omNode-1-impl-thread1] INFO  server.RaftServerConfigKeys (ConfUtils.java:logGet(46)) - raft.server.log.statemachine.data.caching.enabled = false (default)
2025-04-23 04:29:28,753 [omNode-1-impl-thread1] INFO  segmented.SegmentedRaftLogWorker (SegmentedRaftLogWorker.java:lambda$new$0(139)) - omNode-1@group-523986131536-SegmentedRaftLogWorker: flushIndex: setUnconditionally 0 -> -1
2025-04-23 04:29:28,753 [omNode-1-impl-thread1] INFO  segmented.SegmentedRaftLogWorker (SegmentedRaftLogWorker.java:lambda$new$0(139)) - omNode-1@group-523986131536-SegmentedRaftLogWorker: safeCacheEvictIndex: setUnconditionally 0 -> -1
2025-04-23 04:29:28,753 [omNode-1-impl-thread1] INFO  server.RaftServer$Division (RaftServerImpl.java:start(391)) - omNode-1@group-523986131536: start as a follower, conf=conf: {index: -1, cur=peers:[omNode-3|localhost:15059, omNode-1|localhost:15051, omNode-2|localhost:15055]|listeners:[], old=null}
2025-04-23 04:29:28,753 [omNode-1-impl-thread1] INFO  server.RaftServer$Division (RaftServerImpl.java:setRole(378)) - omNode-1@group-523986131536: changes role from      null to FOLLOWER at term 0 for startAsFollower
2025-04-23 04:29:28,753 [omNode-1-impl-thread1] INFO  impl.RoleInfo (RoleInfo.java:updateAndGet(148)) - omNode-1: start omNode-1@group-523986131536-FollowerState
2025-04-23 04:29:28,754 [omNode-1-impl-thread1] INFO  util.JmxRegister (JmxRegister.java:tryRegister(44)) - Successfully registered JMX Bean with object name Ratis:service=RaftServer,group=group-523986131536,id=omNode-1
2025-04-23 04:29:28,754 [omNode-1-impl-thread1] INFO  util.JmxRegister (JmxRegister.java:register(58)) - register mxBean class org.apache.ratis.server.impl.RaftServerJmxAdapter as Ratis:service=RaftServer,group=group-523986131536,id=omNode-1
2025-04-23 04:29:28,754 [omNode-1@group-523986131536-FollowerState] INFO  server.RaftServerConfigKeys (ConfUtils.java:logFallback(53)) - raft.server.rpc.first-election.timeout.min = 1s (fallback to raft.server.rpc.timeout.min)
2025-04-23 04:29:28,754 [omNode-1-impl-thread1] INFO  server.RaftServerConfigKeys (ConfUtils.java:logGet(46)) - raft.server.snapshot.trigger-when-stop.enabled = true (default)
2025-04-23 04:29:28,754 [omNode-1-impl-thread1] INFO  server.RaftServerConfigKeys (ConfUtils.java:logGet(46)) - raft.server.snapshot.trigger-when-remove.enabled = true (default)
2025-04-23 04:29:28,754 [omNode-1@group-523986131536-FollowerState] INFO  server.RaftServerConfigKeys (ConfUtils.java:logFallback(53)) - raft.server.rpc.first-election.timeout.max = 1200ms (fallback to raft.server.rpc.timeout.max)
2025-04-23 04:29:28,754 [omNode-1-impl-thread1] INFO  server.RaftServerConfigKeys (ConfUtils.java:logGet(46)) - raft.server.snapshot.auto.trigger.enabled = true (custom)
2025-04-23 04:29:28,754 [omNode-1-impl-thread1] INFO  server.RaftServerConfigKeys (ConfUtils.java:logGet(46)) - raft.server.snapshot.auto.trigger.threshold = 50 (custom)
2025-04-23 04:29:28,754 [omNode-1-impl-thread1] INFO  server.RaftServerConfigKeys (ConfUtils.java:logGet(46)) - raft.server.snapshot.retention.file.num = -1 (default)
2025-04-23 04:29:28,754 [omNode-1-impl-thread1] INFO  server.RaftServerConfigKeys (ConfUtils.java:logGet(46)) - raft.server.log.purge.upto.snapshot.index = true (custom)
2025-04-23 04:29:28,754 [omNode-1-impl-thread1] INFO  server.RaftServer$Division (RaftServerImpl.java:start(405)) - omNode-1@group-523986131536: Successfully started.
2025-04-23 04:29:28,754 [main] INFO  server.RaftServer (RaftServerProxy.java:startImpl(407)) - omNode-1: start RPC server
2025-04-23 04:29:28,755 [main] INFO  server.GrpcService (GrpcService.java:startImpl(334)) - omNode-1: GrpcService started, listening on 15051
2025-04-23 04:29:28,756 [JvmPauseMonitor43] INFO  util.JvmPauseMonitor (JvmPauseMonitor.java:run(146)) - JvmPauseMonitor-omNode-1: Started
2025-04-23 04:29:28,756 [main] INFO  om.OzoneManager (OzoneManager.java:start(1802)) - Version File has different layout version (8) than OM DB (null). That is expected if this OM has never been finalized to a newer layout version.
2025-04-23 04:29:28,759 [main] INFO  client.ScmTopologyClient (ScmTopologyClient.java:start(70)) - Initial network topology fetched from SCM: /.
2025-04-23 04:29:28,760 [main] INFO  net.NodeSchemaLoader (NodeSchemaLoader.java:loadSchemaFromFile(127)) - Loading schema from [jar:file:/home/runner/work/ozone/ozone/hadoop-hdds/common/target/hdds-common-2.1.0-SNAPSHOT.jar!/network-topology-default.xml]
2025-04-23 04:29:28,760 [main] INFO  net.NodeSchemaLoader (NodeSchemaLoader.java:loadSchema(174)) - Loading network topology layer schema file
2025-04-23 04:29:28,766 [main] INFO  http.BaseHttpServer (BaseHttpServer.java:newHttpServer2BuilderForOzone(229)) - Starting Web-server for ozoneManager at: http://0.0.0.0:15049
2025-04-23 04:29:28,766 [main] INFO  http.BaseHttpServer (BaseHttpServer.java:<init>(107)) - Hadoop Security Enabled: false Ozone Security Enabled: false Ozone HTTP Security Enabled: false 
2025-04-23 04:29:28,768 [main] WARN  server.AuthenticationFilter (AuthenticationFilter.java:constructSecretProvider(240)) - Unable to initialize FileSignerSecretProvider, falling back to use random secrets. Reason: Could not read signature secret file: /home/runner/hadoop-http-auth-signature-secret
2025-04-23 04:29:28,771 [main] INFO  http.HttpServer2 (HttpServer2.java:addGlobalFilter(1041)) - Added global filter 'safety' (class=org.apache.hadoop.hdds.server.http.HttpServer2$QuotingInputFilter)
2025-04-23 04:29:28,771 [main] INFO  http.HttpServer2 (HttpServer2.java:addFilter(1017)) - Added filter static_user_filter (class=org.apache.hadoop.http.lib.StaticUserWebFilter$StaticUserFilter) to context ozoneManager
2025-04-23 04:29:28,771 [main] INFO  http.HttpServer2 (HttpServer2.java:addFilter(1025)) - Added filter static_user_filter (class=org.apache.hadoop.http.lib.StaticUserWebFilter$StaticUserFilter) to context static
2025-04-23 04:29:28,771 [main] INFO  http.HttpServer2 (HttpServer2.java:addFilter(1025)) - Added filter static_user_filter (class=org.apache.hadoop.http.lib.StaticUserWebFilter$StaticUserFilter) to context logs
2025-04-23 04:29:28,772 [main] INFO  http.BaseHttpServer (BaseHttpServer.java:<init>(195)) - HTTP server of ozoneManager uses base directory /home/runner/work/ozone/ozone/hadoop-ozone/integration-test/target/test-dir/MiniOzoneClusterImpl-e6c14afe-f26c-49b2-91d5-3d25694ec971/omNode-1/webserver
2025-04-23 04:29:28,772 [main] INFO  http.HttpServer2 (HttpServer2.java:bindListener(1241)) - Jetty bound to port 15049
2025-04-23 04:29:28,772 [main] INFO  server.Server (Server.java:doStart(375)) - jetty-9.4.57.v20241219; built: 2025-01-08T21:24:30.412Z; git: df524e6b29271c2e09ba9aea83c18dc9db464a31; jvm 21.0.7+6-LTS
2025-04-23 04:29:28,774 [main] INFO  server.session (DefaultSessionIdManager.java:doStart(334)) - DefaultSessionIdManager workerName=node0
2025-04-23 04:29:28,774 [main] INFO  server.session (DefaultSessionIdManager.java:doStart(339)) - No SessionScavenger set, using defaults
2025-04-23 04:29:28,774 [main] INFO  server.session (HouseKeeper.java:startScavenging(132)) - node0 Scavenging every 660000ms
2025-04-23 04:29:28,775 [main] INFO  handler.ContextHandler (ContextHandler.java:doStart(921)) - Started o.e.j.s.ServletContextHandler@fa9f9d3{logs,/logs,file:///home/runner/work/ozone/ozone/hadoop-ozone/integration-test/target/log,AVAILABLE}
2025-04-23 04:29:28,775 [main] INFO  handler.ContextHandler (ContextHandler.java:doStart(921)) - Started o.e.j.s.ServletContextHandler@71319886{static,/static,file:///home/runner/work/ozone/ozone/hadoop-ozone/integration-test/target/test-classes/webapps/static,AVAILABLE}
2025-04-23 04:29:28,778 [main] INFO  handler.ContextHandler (ContextHandler.java:doStart(921)) - Started o.e.j.w.WebAppContext@8f4c5c6{ozoneManager,/,file:///home/runner/work/ozone/ozone/hadoop-ozone/integration-test/target/test-classes/webapps/ozoneManager/,AVAILABLE}{file:/home/runner/work/ozone/ozone/hadoop-ozone/integration-test/target/test-classes/webapps/ozoneManager}
2025-04-23 04:29:28,779 [main] INFO  server.AbstractConnector (AbstractConnector.java:doStart(333)) - Started ServerConnector@31470237{HTTP/1.1, (http/1.1)}{0.0.0.0:15049}
2025-04-23 04:29:28,779 [main] INFO  server.Server (Server.java:doStart(415)) - Started @172198ms
2025-04-23 04:29:28,779 [main] WARN  impl.MetricsSystemImpl (MetricsSystemImpl.java:register(279)) - Sink prometheus already exists!
2025-04-23 04:29:28,780 [main] INFO  http.BaseHttpServer (BaseHttpServer.java:updateConnectorAddress(360)) - HTTP server of ozoneManager listening at http://0.0.0.0:15049
2025-04-23 04:29:28,780 [IPC Server Responder] INFO  ipc.Server (Server.java:run(1713)) - IPC Server Responder: starting
2025-04-23 04:29:28,780 [IPC Server listener on 15048] INFO  ipc.Server (Server.java:run(1553)) - IPC Server listener on 15048: starting
2025-04-23 04:29:28,783 [main] INFO  om.OzoneManager (OzoneManager.java:startTrashEmptier(2257)) - Trash Interval set to 0. Files deleted won't move to trash
2025-04-23 04:29:28,784 [main] INFO  ozone.MiniOzoneHAClusterImpl (MiniOzoneHAClusterImpl.java:createOMService(516)) - Started OzoneManager omNode-1 RPC server at localhost/127.0.0.1:15048
2025-04-23 04:29:28,784 [main] INFO  ha.OMHANodeDetails (OMHANodeDetails.java:loadOMHAConfig(120)) - ServiceID for OzoneManager is om-service-test1
2025-04-23 04:29:28,785 [main] INFO  ha.OMHANodeDetails (OMHANodeDetails.java:loadOMHAConfig(200)) - Found matching OM address with OMServiceId: om-service-test1, OMNodeId: omNode-2, RPC Address: localhost:15052 and Ratis port: 15055
2025-04-23 04:29:28,785 [main] INFO  ha.OMHANodeDetails (ConfUtils.java:setNodeSpecificConfigs(98)) - Setting configuration key ozone.om.http-address with value of key ozone.om.http-address.om-service-test1.omNode-2: 127.0.0.1:15053
2025-04-23 04:29:28,785 [main] INFO  ha.OMHANodeDetails (ConfUtils.java:setNodeSpecificConfigs(98)) - Setting configuration key ozone.om.https-address with value of key ozone.om.https-address.om-service-test1.omNode-2: 127.0.0.1:15054
2025-04-23 04:29:28,785 [main] INFO  ha.OMHANodeDetails (ConfUtils.java:setNodeSpecificConfigs(98)) - Setting configuration key ozone.om.address with value of key ozone.om.address.om-service-test1.omNode-2: 127.0.0.1:15052
2025-04-23 04:29:28,785 [main] WARN  server.ServerUtils (ServerUtils.java:getDBPath(297)) - ozone.om.db.dirs is not configured. We recommend adding this setting. Falling back to ozone.metadata.dirs instead.
2025-04-23 04:29:28,787 [main] INFO  proxy.SCMBlockLocationFailoverProxyProvider (SCMFailoverProxyProviderBase.java:<init>(120)) - Created fail-over proxy for protocol ScmBlockLocationProtocolPB with 1 nodes: [nodeId=scmNodeId,nodeAddress=/0.0.0.0:15043]
OM initialization succeeded.Current cluster id for sd=/home/runner/work/ozone/ozone/hadoop-ozone/integration-test/target/test-dir/MiniOzoneClusterImpl-e6c14afe-f26c-49b2-91d5-3d25694ec971/omNode-2/om;cid=e6c14afe-f26c-49b2-91d5-3d25694ec971;layoutVersion=8
2025-04-23 04:29:28,792 [main] INFO  ha.OMHANodeDetails (OMHANodeDetails.java:loadOMHAConfig(120)) - ServiceID for OzoneManager is om-service-test1
2025-04-23 04:29:28,792 [main] INFO  ha.OMHANodeDetails (OMHANodeDetails.java:loadOMHAConfig(200)) - Found matching OM address with OMServiceId: om-service-test1, OMNodeId: omNode-2, RPC Address: localhost:15052 and Ratis port: 15055
2025-04-23 04:29:28,792 [main] INFO  ha.OMHANodeDetails (ConfUtils.java:setNodeSpecificConfigs(98)) - Setting configuration key ozone.om.http-address with value of key ozone.om.http-address.om-service-test1.omNode-2: 127.0.0.1:15053
2025-04-23 04:29:28,792 [main] INFO  ha.OMHANodeDetails (ConfUtils.java:setNodeSpecificConfigs(98)) - Setting configuration key ozone.om.https-address with value of key ozone.om.https-address.om-service-test1.omNode-2: 127.0.0.1:15054
2025-04-23 04:29:28,792 [main] INFO  ha.OMHANodeDetails (ConfUtils.java:setNodeSpecificConfigs(98)) - Setting configuration key ozone.om.address with value of key ozone.om.address.om-service-test1.omNode-2: 127.0.0.1:15052
2025-04-23 04:29:28,793 [main] WARN  server.ServerUtils (ServerUtils.java:getDBPath(297)) - ozone.om.db.dirs is not configured. We recommend adding this setting. Falling back to ozone.metadata.dirs instead.
2025-04-23 04:29:28,794 [main] INFO  upgrade.AbstractLayoutVersionManager (AbstractLayoutVersionManager.java:init(80)) - Initializing Layout version manager with metadata layout = DELEGATION_TOKEN_SYMMETRIC_SIGN (version = 8), software layout = DELEGATION_TOKEN_SYMMETRIC_SIGN (version = 8)
2025-04-23 04:29:28,851 [main] INFO  reflections.Reflections (Reflections.java:scan(219)) - Reflections took 56 ms to scan 2 urls, producing 203 keys and 603 values
2025-04-23 04:29:28,851 [main] INFO  upgrade.OMLayoutVersionManager (OMLayoutVersionManager.java:lambda$0(110)) - Skipping Upgrade Action QuotaRepairUpgradeAction since it has been finalized.
2025-04-23 04:29:28,852 [main] INFO  upgrade.OMLayoutVersionManager (OMLayoutVersionManager.java:lambda$0(110)) - Skipping Upgrade Action MockOmUpgradeAction since it has been finalized.
2025-04-23 04:29:28,852 [main] WARN  server.ServerUtils (ServerUtils.java:getDBPath(297)) - ozone.om.db.dirs is not configured. We recommend adding this setting. Falling back to ozone.metadata.dirs instead.
2025-04-23 04:29:28,852 [main] INFO  om.OzoneManager (OzoneManager.java:setReplicationFromConfig(4612)) - Set default replication in OM: RATIS/3 -> RATIS/THREE
2025-04-23 04:29:28,852 [main] INFO  proxy.SCMContainerLocationFailoverProxyProvider (SCMFailoverProxyProviderBase.java:<init>(120)) - Created fail-over proxy for protocol StorageContainerLocationProtocolPB with 1 nodes: [nodeId=scmNodeId,nodeAddress=/0.0.0.0:15042]
2025-04-23 04:29:28,853 [main] INFO  proxy.SCMBlockLocationFailoverProxyProvider (SCMFailoverProxyProviderBase.java:<init>(120)) - Created fail-over proxy for protocol ScmBlockLocationProtocolPB with 1 nodes: [nodeId=scmNodeId,nodeAddress=/0.0.0.0:15043]
2025-04-23 04:29:28,854 [main] INFO  proxy.SCMBlockLocationFailoverProxyProvider (SCMFailoverProxyProviderBase.java:<init>(120)) - Created fail-over proxy for protocol ScmBlockLocationProtocolPB with 1 nodes: [nodeId=scmNodeId,nodeAddress=/0.0.0.0:15043]
2025-04-23 04:29:28,861 [main] INFO  om.OzoneManager (OzoneManager.java:<init>(689)) - OM start with adminUsers: [*, runner]
2025-04-23 04:29:28,861 [main] WARN  server.ServerUtils (ServerUtils.java:getDBPath(297)) - ozone.om.db.dirs is not configured. We recommend adding this setting. Falling back to ozone.metadata.dirs instead.
2025-04-23 04:29:29,005 [main] INFO  om.OzoneManager (OzoneManager.java:instantiateServices(933)) - S3 Multi-Tenancy is disabled
2025-04-23 04:29:29,006 [main] INFO  om.OmSnapshotManager (OmSnapshotManager.java:<init>(180)) - Ozone filesystem snapshot feature is enabled.
2025-04-23 04:29:29,006 [main] WARN  server.ServerUtils (ServerUtils.java:getDBPath(297)) - ozone.om.snapshot.diff.db.dir is not configured. We recommend adding this setting. Falling back to ozone.metadata.dirs instead.
2025-04-23 04:29:29,024 [main] INFO  om.OzoneManager (OzoneManager.java:addS3GVolumeToDB(4670)) - Created Volume s3v With Owner runner required for S3Gateway operations.
2025-04-23 04:29:29,024 [main] WARN  server.ServerUtils (ServerUtils.java:getDefaultRatisDirectory(309)) - Storage directory for Ratis is not configured. It is a good idea to map this to an SSD disk. Falling back to ozone.metadata.dirs
2025-04-23 04:29:29,024 [main] WARN  utils.OzoneManagerRatisUtils (OzoneManagerRatisUtils.java:getOMRatisSnapshotDirectory(488)) - ozone.om.ratis.snapshot.dir is not configured. Falling back to ozone.metadata.dirs config
2025-04-23 04:29:29,024 [main] INFO  utils.RDBSnapshotProvider (RDBSnapshotProvider.java:init(85)) - Cleaning up the candidate dir: /home/runner/work/ozone/ozone/hadoop-ozone/integration-test/target/test-dir/MiniOzoneClusterImpl-e6c14afe-f26c-49b2-91d5-3d25694ec971/omNode-2/snapshot/om.db.candidate
2025-04-23 04:29:29,025 [main] INFO  ratis_snapshot.OmRatisSnapshotProvider (OmRatisSnapshotProvider.java:<init>(98)) - Initializing OM Snapshot Provider
2025-04-23 04:29:29,026 [main] WARN  dropwizard3.Dm3MetricRegistriesImpl (Dm3MetricRegistriesImpl.java:addReporterRegistration(114)) - New reporters are added after registries were created. Some metrics will be missing from the reporter. Please add reporter before adding any new registry.
2025-04-23 04:29:29,026 [main] WARN  dropwizard3.Dm3MetricRegistriesImpl (Dm3MetricRegistriesImpl.java:addReporterRegistration(114)) - New reporters are added after registries were created. Some metrics will be missing from the reporter. Please add reporter before adding any new registry.
2025-04-23 04:29:29,026 [main] WARN  server.ServerUtils (ServerUtils.java:getDefaultRatisDirectory(309)) - Storage directory for Ratis is not configured. It is a good idea to map this to an SSD disk. Falling back to ozone.metadata.dirs
2025-04-23 04:29:29,026 [main] INFO  server.RaftServerConfigKeys (ConfUtils.java:logGet(46)) - raft.server.log.appender.buffer.byte-limit = 4194304 (custom)
2025-04-23 04:29:29,027 [main] INFO  ratis.OzoneManagerRatisServer (OzoneManagerRatisServer.java:<init>(167)) - Instantiating OM Ratis server with groupID: om-service-test1 and peers: localhost:15055, localhost:15059, localhost:15051
2025-04-23 04:29:29,027 [main] INFO  ratis.OzoneManagerStateMachine (OzoneManagerStateMachine.java:loadSnapshotInfoFromDB(613)) - TransactionInfo not found in OM DB.
2025-04-23 04:29:29,028 [main] INFO  server.RaftServer (ConfUtils.java:logGet(46)) - raft.rpc.type = GRPC (default)
2025-04-23 04:29:29,028 [main] INFO  grpc.GrpcConfigKeys (ConfUtils.java:logFallback(53)) - raft.grpc.admin.host = null (fallback to raft.grpc.server.host)
2025-04-23 04:29:29,028 [main] INFO  grpc.GrpcConfigKeys (ConfUtils.java:logFallback(53)) - raft.grpc.admin.port = 15055 (fallback to raft.grpc.server.port)
2025-04-23 04:29:29,028 [main] INFO  grpc.GrpcConfigKeys (ConfUtils.java:logFallback(53)) - raft.grpc.client.host = null (fallback to raft.grpc.server.host)
2025-04-23 04:29:29,028 [main] INFO  grpc.GrpcConfigKeys (ConfUtils.java:logFallback(53)) - raft.grpc.client.port = 15055 (fallback to raft.grpc.server.port)
2025-04-23 04:29:29,028 [main] INFO  grpc.GrpcConfigKeys (ConfUtils.java:logGet(46)) - raft.grpc.server.host = null (default)
2025-04-23 04:29:29,028 [main] INFO  grpc.GrpcConfigKeys (ConfUtils.java:logGet(46)) - raft.grpc.server.port = 15055 (custom)
2025-04-23 04:29:29,029 [main] INFO  server.GrpcService (ConfUtils.java:logGet(46)) - raft.grpc.message.size.max = 5242880 (custom)
2025-04-23 04:29:29,029 [main] INFO  server.GrpcService (ConfUtils.java:logGet(46)) - raft.grpc.flow.control.window = 1MB (=1048576) (default)
2025-04-23 04:29:29,029 [main] INFO  server.RaftServerConfigKeys (ConfUtils.java:logGet(46)) - raft.server.rpc.request.timeout = 3000ms (default)
2025-04-23 04:29:29,029 [main] INFO  grpc.GrpcConfigKeys (ConfUtils.java:logGet(46)) - raft.grpc.server.heartbeat.channel = true (default)
2025-04-23 04:29:29,029 [main] INFO  server.RaftServerConfigKeys (ConfUtils.java:logGet(46)) - raft.server.log.appender.buffer.byte-limit = 4194304 (custom)
2025-04-23 04:29:29,029 [main] INFO  grpc.GrpcConfigKeys (ConfUtils.java:logGet(46)) - raft.grpc.server.async.request.thread.pool.cached = true (default)
2025-04-23 04:29:29,029 [main] INFO  grpc.GrpcConfigKeys (ConfUtils.java:logGet(46)) - raft.grpc.server.async.request.thread.pool.size = 32 (default)
2025-04-23 04:29:29,030 [main] INFO  impl.DataStreamServerImpl (ConfUtils.java:logGet(46)) - raft.datastream.type = DISABLED (default)
2025-04-23 04:29:29,030 [main] INFO  server.RaftServerConfigKeys (ConfUtils.java:logGet(46)) - raft.server.sleep.deviation.threshold = 300ms (default)
2025-04-23 04:29:29,030 [main] INFO  server.RaftServerConfigKeys (ConfUtils.java:logGet(46)) - raft.server.close.threshold = 60s (default)
2025-04-23 04:29:29,030 [main] INFO  server.RaftServerConfigKeys (ConfUtils.java:logGet(46)) - raft.server.leaderelection.leader.step-down.wait-time = 10s (default)
2025-04-23 04:29:29,030 [main] INFO  server.RaftServerConfigKeys (ConfUtils.java:logGet(46)) - raft.server.storage.dir = [/home/runner/work/ozone/ozone/hadoop-ozone/integration-test/target/test-dir/MiniOzoneClusterImpl-e6c14afe-f26c-49b2-91d5-3d25694ec971/omNode-2/ratis] (custom)
2025-04-23 04:29:29,030 [main] INFO  server.RaftServerConfigKeys (ConfUtils.java:logGet(46)) - raft.server.threadpool.proxy.cached = true (default)
2025-04-23 04:29:29,031 [main] INFO  server.RaftServerConfigKeys (ConfUtils.java:logGet(46)) - raft.server.threadpool.proxy.size = 0 (default)
2025-04-23 04:29:29,031 [main] INFO  server.RaftServer (RaftServerProxy.java:addNew(100)) - omNode-2: addNew group-523986131536:[omNode-3|localhost:15059, omNode-1|localhost:15051, omNode-2|localhost:15055] returns group-523986131536:java.util.concurrent.CompletableFuture@76437637[Not completed]
2025-04-23 04:29:29,031 [main] INFO  om.OzoneManager (OzoneManager.java:initializeRatisServer(2303)) - OzoneManager Ratis server initialized at port 15055
2025-04-23 04:29:29,031 [omNode-2-groupManagement] INFO  server.RaftServer$Division (RaftServerImpl.java:<init>(255)) - omNode-2: new RaftServerImpl for group-523986131536:[omNode-3|localhost:15059, omNode-1|localhost:15051, omNode-2|localhost:15055] with OzoneManagerStateMachine:uninitialized
2025-04-23 04:29:29,031 [main] INFO  om.OzoneManager (OzoneManager.java:getRpcServer(1360)) - Creating RPC Server
2025-04-23 04:29:29,032 [omNode-2-groupManagement] INFO  server.RaftServerConfigKeys (ConfUtils.java:logGet(46)) - raft.server.rpc.timeout.min = 1s (custom)
2025-04-23 04:29:29,032 [omNode-2-groupManagement] INFO  server.RaftServerConfigKeys (ConfUtils.java:logGet(46)) - raft.server.rpc.timeout.max = 1200ms (custom)
2025-04-23 04:29:29,032 [omNode-2-groupManagement] INFO  server.RaftServerConfigKeys (ConfUtils.java:logGet(46)) - raft.server.rpc.sleep.time = 25ms (default)
2025-04-23 04:29:29,032 [omNode-2-groupManagement] INFO  server.RaftServerConfigKeys (ConfUtils.java:logGet(46)) - raft.server.rpc.slowness.timeout = 2s (custom)
2025-04-23 04:29:29,032 [omNode-2-groupManagement] INFO  server.RaftServerConfigKeys (ConfUtils.java:logGet(46)) - raft.server.leaderelection.leader.step-down.wait-time = 10s (default)
2025-04-23 04:29:29,032 [omNode-2-groupManagement] INFO  server.RaftServerConfigKeys (ConfUtils.java:logGet(46)) - raft.server.leaderelection.member.majority-add = false (default)
2025-04-23 04:29:29,032 [omNode-2-groupManagement] INFO  server.RaftServerConfigKeys (ConfUtils.java:logGet(46)) - raft.server.sleep.deviation.threshold = 300ms (default)
2025-04-23 04:29:29,032 [omNode-2-groupManagement] INFO  server.RaftServer$Division (ServerState.java:<init>(114)) - omNode-2@group-523986131536: ConfigurationManager, init=conf: {index: -1, cur=peers:[omNode-3|localhost:15059, omNode-1|localhost:15051, omNode-2|localhost:15055]|listeners:[], old=null}, confs=<EMPTY_MAP>
2025-04-23 04:29:29,032 [omNode-2-groupManagement] INFO  server.RaftServerConfigKeys (ConfUtils.java:logGet(46)) - raft.server.notification.no-leader.timeout = 2s (custom)
2025-04-23 04:29:29,032 [omNode-2-groupManagement] INFO  server.RaftServerConfigKeys (ConfUtils.java:logGet(46)) - raft.server.read.timeout = 10s (default)
2025-04-23 04:29:29,032 [omNode-2-groupManagement] INFO  server.RaftServerConfigKeys (ConfUtils.java:logGet(46)) - raft.server.retrycache.expirytime = 30000ms (custom)
2025-04-23 04:29:29,032 [omNode-2-groupManagement] INFO  server.RaftServerConfigKeys (ConfUtils.java:logGet(46)) - raft.server.retrycache.statistics.expirytime = 100ms (default)
2025-04-23 04:29:29,032 [omNode-2-groupManagement] INFO  server.RaftServerConfigKeys (ConfUtils.java:logGet(46)) - raft.server.read.option = DEFAULT (default)
2025-04-23 04:29:29,032 [omNode-2-groupManagement] INFO  server.RaftServerConfigKeys (ConfUtils.java:logGet(46)) - raft.server.read.read-after-write-consistent.write-index-cache.expiry-time = 60s (default)
2025-04-23 04:29:29,039 [omNode-2-groupManagement] INFO  server.RaftServerConfigKeys (ConfUtils.java:logGet(46)) - raft.server.rpc.request.timeout = 3000ms (default)
2025-04-23 04:29:29,039 [omNode-2-groupManagement] INFO  server.RaftServerConfigKeys (ConfUtils.java:logGet(46)) - raft.server.log.appender.install.snapshot.enabled = false (custom)
2025-04-23 04:29:29,039 [omNode-2-groupManagement] INFO  server.RaftServerConfigKeys (ConfUtils.java:logGet(46)) - raft.server.threadpool.server.cached = true (default)
2025-04-23 04:29:29,039 [omNode-2-groupManagement] INFO  server.RaftServerConfigKeys (ConfUtils.java:logGet(46)) - raft.server.threadpool.server.size = 0 (default)
2025-04-23 04:29:29,039 [omNode-2-groupManagement] INFO  server.RaftServerConfigKeys (ConfUtils.java:logGet(46)) - raft.server.threadpool.client.cached = true (default)
2025-04-23 04:29:29,039 [omNode-2-groupManagement] INFO  server.RaftServerConfigKeys (ConfUtils.java:logGet(46)) - raft.server.threadpool.client.size = 0 (default)
2025-04-23 04:29:29,352 [main] INFO  reflections.Reflections (Reflections.java:scan(219)) - Reflections took 320 ms to scan 22 urls, producing 61 keys and 7422 values
2025-04-23 04:29:29,353 [main] INFO  ipc.CallQueueManager (CallQueueManager.java:<init>(93)) - Using callQueue: class java.util.concurrent.LinkedBlockingQueue, queueCapacity: 2000, scheduler: class org.apache.hadoop.ipc.DefaultRpcScheduler, ipcBackoff: false, ipcFailOver: false.
2025-04-23 04:29:29,353 [main] INFO  ipc.Server (Server.java:<init>(1438)) - Listener at 127.0.0.1:15052
2025-04-23 04:29:29,354 [Socket Reader #1 for port 15052] INFO  ipc.Server (Server.java:run(1474)) - Starting Socket Reader #1 for port 15052
2025-04-23 04:29:29,354 [Socket Reader #2 for port 15052] INFO  ipc.Server (Server.java:run(1474)) - Starting Socket Reader #2 for port 15052
2025-04-23 04:29:29,354 [Socket Reader #3 for port 15052] INFO  ipc.Server (Server.java:run(1474)) - Starting Socket Reader #3 for port 15052
2025-04-23 04:29:29,354 [Socket Reader #4 for port 15052] INFO  ipc.Server (Server.java:run(1474)) - Starting Socket Reader #4 for port 15052
2025-04-23 04:29:29,354 [Socket Reader #5 for port 15052] INFO  ipc.Server (Server.java:run(1474)) - Starting Socket Reader #5 for port 15052
2025-04-23 04:29:29,354 [Socket Reader #6 for port 15052] INFO  ipc.Server (Server.java:run(1474)) - Starting Socket Reader #6 for port 15052
2025-04-23 04:29:29,354 [Socket Reader #7 for port 15052] INFO  ipc.Server (Server.java:run(1474)) - Starting Socket Reader #7 for port 15052
2025-04-23 04:29:29,355 [Socket Reader #8 for port 15052] INFO  ipc.Server (Server.java:run(1474)) - Starting Socket Reader #8 for port 15052
2025-04-23 04:29:29,355 [Socket Reader #9 for port 15052] INFO  ipc.Server (Server.java:run(1474)) - Starting Socket Reader #9 for port 15052
2025-04-23 04:29:29,355 [Socket Reader #10 for port 15052] INFO  ipc.Server (Server.java:run(1474)) - Starting Socket Reader #10 for port 15052
2025-04-23 04:29:29,371 [main] INFO  impl.MetricsSystemImpl (MetricsSystemImpl.java:init(158)) - OzoneManager metrics system started (again)
2025-04-23 04:29:29,379 [main] INFO  om.OzoneManager (OzoneManager.java:start(1787)) - OzoneManager RPC server is listening at localhost/127.0.0.1:15052
2025-04-23 04:29:29,380 [main] INFO  ratis.OzoneManagerRatisServer (OzoneManagerRatisServer.java:start(628)) - Starting OzoneManagerRatisServer omNode-2 at port 15055
2025-04-23 04:29:29,380 [omNode-2-impl-thread1] INFO  server.RaftServerConfigKeys (ConfUtils.java:logGet(46)) - raft.server.storage.free-space.min = 0MB (=0) (default)
2025-04-23 04:29:29,380 [omNode-2-impl-thread1] INFO  server.RaftServerConfigKeys (ConfUtils.java:logGet(46)) - raft.server.log.corruption.policy = EXCEPTION (default)
2025-04-23 04:29:29,380 [omNode-2-impl-thread1] INFO  server.RaftServerConfigKeys (ConfUtils.java:logGet(46)) - raft.server.storage.dir = [/home/runner/work/ozone/ozone/hadoop-ozone/integration-test/target/test-dir/MiniOzoneClusterImpl-e6c14afe-f26c-49b2-91d5-3d25694ec971/omNode-2/ratis] (custom)
2025-04-23 04:29:29,380 [omNode-2-impl-thread1] INFO  storage.RaftStorageDirectory (RaftStorageDirectoryImpl.java:analyzeStorage(138)) - The storage directory /home/runner/work/ozone/ozone/hadoop-ozone/integration-test/target/test-dir/MiniOzoneClusterImpl-e6c14afe-f26c-49b2-91d5-3d25694ec971/omNode-2/ratis/c9bc4cf4-3bc3-3c60-a66b-523986131536 does not exist. Creating ...
2025-04-23 04:29:29,382 [omNode-2-impl-thread1] INFO  storage.RaftStorageDirectory (RaftStorageDirectoryImpl.java:tryLock(229)) - Lock on /home/runner/work/ozone/ozone/hadoop-ozone/integration-test/target/test-dir/MiniOzoneClusterImpl-e6c14afe-f26c-49b2-91d5-3d25694ec971/omNode-2/ratis/c9bc4cf4-3bc3-3c60-a66b-523986131536/in_use.lock acquired by nodename 129558@fv-az1441-587
2025-04-23 04:29:29,383 [omNode-2-impl-thread1] INFO  storage.RaftStorage (RaftStorageImpl.java:format(98)) - Storage directory /home/runner/work/ozone/ozone/hadoop-ozone/integration-test/target/test-dir/MiniOzoneClusterImpl-e6c14afe-f26c-49b2-91d5-3d25694ec971/omNode-2/ratis/c9bc4cf4-3bc3-3c60-a66b-523986131536 has been successfully formatted.
2025-04-23 04:29:29,383 [omNode-2-impl-thread1] INFO  ratis.OzoneManagerStateMachine (OzoneManagerStateMachine.java:lambda$0(138)) - omNode-2: initialize group-523986131536 with (t:0, i:~)
2025-04-23 04:29:29,383 [omNode-2-impl-thread1] INFO  server.RaftServerConfigKeys (ConfUtils.java:logGet(46)) - raft.server.log.use.memory = false (default)
2025-04-23 04:29:29,383 [omNode-2-impl-thread1] INFO  server.RaftServerConfigKeys (ConfUtils.java:logGet(46)) - raft.server.log.purge.gap = 50 (custom)
2025-04-23 04:29:29,383 [omNode-2-impl-thread1] INFO  server.RaftServerConfigKeys (ConfUtils.java:logGet(46)) - raft.server.log.appender.buffer.byte-limit = 4194304 (custom)
2025-04-23 04:29:29,383 [omNode-2-impl-thread1] INFO  server.RaftServerConfigKeys (ConfUtils.java:logGet(46)) - raft.server.log.statemachine.data.read.timeout = 1000ms (default)
2025-04-23 04:29:29,383 [omNode-2-impl-thread1] INFO  server.RaftServerConfigKeys (ConfUtils.java:logGet(46)) - raft.server.log.purge.preservation.log.num = 0 (default)
2025-04-23 04:29:29,384 [omNode-2-impl-thread1] INFO  server.RaftServerConfigKeys (ConfUtils.java:logGet(46)) - raft.server.log.segment.size.max = 4194304 (custom)
2025-04-23 04:29:29,384 [omNode-2-impl-thread1] INFO  server.RaftServerConfigKeys (ConfUtils.java:logGet(46)) - raft.server.log.segment.cache.num.max = 2 (custom)
2025-04-23 04:29:29,384 [omNode-2-impl-thread1] INFO  server.RaftServerConfigKeys (ConfUtils.java:logGet(46)) - raft.server.log.segment.cache.size.max = 200MB (=209715200) (default)
2025-04-23 04:29:29,384 [omNode-2-impl-thread1] INFO  server.RaftServerConfigKeys (ConfUtils.java:logGet(46)) - raft.server.log.appender.buffer.byte-limit = 4194304 (custom)
2025-04-23 04:29:29,384 [omNode-2-impl-thread1] INFO  util.AwaitToRun (AwaitToRun.java:start(81)) - Thread[#8448,omNode-2@group-523986131536-cacheEviction-AwaitToRun,5,main] started
2025-04-23 04:29:29,384 [omNode-2-impl-thread1] INFO  segmented.SegmentedRaftLogWorker (SegmentedRaftLogWorker.java:<init>(188)) - new omNode-2@group-523986131536-SegmentedRaftLogWorker for RaftStorageImpl:Storage Directory /home/runner/work/ozone/ozone/hadoop-ozone/integration-test/target/test-dir/MiniOzoneClusterImpl-e6c14afe-f26c-49b2-91d5-3d25694ec971/omNode-2/ratis/c9bc4cf4-3bc3-3c60-a66b-523986131536
2025-04-23 04:29:29,384 [omNode-2-impl-thread1] INFO  server.RaftServerConfigKeys (ConfUtils.java:logGet(46)) - raft.server.log.queue.byte-limit = 64MB (=67108864) (default)
2025-04-23 04:29:29,384 [omNode-2-impl-thread1] INFO  server.RaftServerConfigKeys (ConfUtils.java:logGet(46)) - raft.server.log.queue.element-limit = 4096 (default)
2025-04-23 04:29:29,385 [omNode-2-impl-thread1] INFO  server.RaftServerConfigKeys (ConfUtils.java:logGet(46)) - raft.server.log.segment.size.max = 4194304 (custom)
2025-04-23 04:29:29,385 [omNode-2-impl-thread1] INFO  server.RaftServerConfigKeys (ConfUtils.java:logGet(46)) - raft.server.log.preallocated.size = 4194304 (custom)
2025-04-23 04:29:29,385 [omNode-2-impl-thread1] INFO  server.RaftServerConfigKeys (ConfUtils.java:logGet(46)) - raft.server.log.force.sync.num = 128 (default)
2025-04-23 04:29:29,385 [omNode-2-impl-thread1] INFO  server.RaftServerConfigKeys (ConfUtils.java:logGet(46)) - raft.server.log.statemachine.data.sync = true (default)
2025-04-23 04:29:29,385 [omNode-2-impl-thread1] INFO  server.RaftServerConfigKeys (ConfUtils.java:logGet(46)) - raft.server.log.statemachine.data.sync.timeout = 10s (default)
2025-04-23 04:29:29,385 [omNode-2-impl-thread1] INFO  server.RaftServerConfigKeys (ConfUtils.java:logGet(46)) - raft.server.log.statemachine.data.sync.timeout.retry = -1 (default)
2025-04-23 04:29:29,385 [omNode-2-impl-thread1] INFO  server.RaftServerConfigKeys (ConfUtils.java:logGet(46)) - raft.server.log.write.buffer.size = 4194312 (custom)
2025-04-23 04:29:29,385 [omNode-2-impl-thread1] INFO  server.RaftServerConfigKeys (ConfUtils.java:logGet(46)) - raft.server.log.appender.buffer.byte-limit = 4194304 (custom)
2025-04-23 04:29:29,385 [omNode-2-impl-thread1] INFO  server.RaftServerConfigKeys (ConfUtils.java:logGet(46)) - raft.server.log.unsafe-flush.enabled = false (default)
2025-04-23 04:29:29,385 [omNode-2-impl-thread1] INFO  server.RaftServerConfigKeys (ConfUtils.java:logGet(46)) - raft.server.log.async-flush.enabled = false (default)
2025-04-23 04:29:29,385 [omNode-2-impl-thread1] INFO  server.RaftServerConfigKeys (ConfUtils.java:logGet(46)) - raft.server.log.statemachine.data.caching.enabled = false (default)
2025-04-23 04:29:29,385 [omNode-2-impl-thread1] INFO  segmented.SegmentedRaftLogWorker (SegmentedRaftLogWorker.java:lambda$new$0(139)) - omNode-2@group-523986131536-SegmentedRaftLogWorker: flushIndex: setUnconditionally 0 -> -1
2025-04-23 04:29:29,385 [omNode-2-impl-thread1] INFO  segmented.SegmentedRaftLogWorker (SegmentedRaftLogWorker.java:lambda$new$0(139)) - omNode-2@group-523986131536-SegmentedRaftLogWorker: safeCacheEvictIndex: setUnconditionally 0 -> -1
2025-04-23 04:29:29,386 [omNode-2-impl-thread1] INFO  server.RaftServer$Division (RaftServerImpl.java:start(391)) - omNode-2@group-523986131536: start as a follower, conf=conf: {index: -1, cur=peers:[omNode-3|localhost:15059, omNode-1|localhost:15051, omNode-2|localhost:15055]|listeners:[], old=null}
2025-04-23 04:29:29,386 [omNode-2-impl-thread1] INFO  server.RaftServer$Division (RaftServerImpl.java:setRole(378)) - omNode-2@group-523986131536: changes role from      null to FOLLOWER at term 0 for startAsFollower
2025-04-23 04:29:29,386 [omNode-2-impl-thread1] INFO  impl.RoleInfo (RoleInfo.java:updateAndGet(148)) - omNode-2: start omNode-2@group-523986131536-FollowerState
2025-04-23 04:29:29,386 [omNode-2-impl-thread1] INFO  util.JmxRegister (JmxRegister.java:tryRegister(44)) - Successfully registered JMX Bean with object name Ratis:service=RaftServer,group=group-523986131536,id=omNode-2
2025-04-23 04:29:29,386 [omNode-2-impl-thread1] INFO  util.JmxRegister (JmxRegister.java:register(58)) - register mxBean class org.apache.ratis.server.impl.RaftServerJmxAdapter as Ratis:service=RaftServer,group=group-523986131536,id=omNode-2
2025-04-23 04:29:29,386 [omNode-2@group-523986131536-FollowerState] INFO  server.RaftServerConfigKeys (ConfUtils.java:logFallback(53)) - raft.server.rpc.first-election.timeout.min = 1s (fallback to raft.server.rpc.timeout.min)
2025-04-23 04:29:29,386 [omNode-2-impl-thread1] INFO  server.RaftServerConfigKeys (ConfUtils.java:logGet(46)) - raft.server.snapshot.trigger-when-stop.enabled = true (default)
2025-04-23 04:29:29,386 [omNode-2-impl-thread1] INFO  server.RaftServerConfigKeys (ConfUtils.java:logGet(46)) - raft.server.snapshot.trigger-when-remove.enabled = true (default)
2025-04-23 04:29:29,386 [omNode-2@group-523986131536-FollowerState] INFO  server.RaftServerConfigKeys (ConfUtils.java:logFallback(53)) - raft.server.rpc.first-election.timeout.max = 1200ms (fallback to raft.server.rpc.timeout.max)
2025-04-23 04:29:29,386 [omNode-2-impl-thread1] INFO  server.RaftServerConfigKeys (ConfUtils.java:logGet(46)) - raft.server.snapshot.auto.trigger.enabled = true (custom)
2025-04-23 04:29:29,386 [omNode-2-impl-thread1] INFO  server.RaftServerConfigKeys (ConfUtils.java:logGet(46)) - raft.server.snapshot.auto.trigger.threshold = 50 (custom)
2025-04-23 04:29:29,386 [omNode-2-impl-thread1] INFO  server.RaftServerConfigKeys (ConfUtils.java:logGet(46)) - raft.server.snapshot.retention.file.num = -1 (default)
2025-04-23 04:29:29,386 [omNode-2-impl-thread1] INFO  server.RaftServerConfigKeys (ConfUtils.java:logGet(46)) - raft.server.log.purge.upto.snapshot.index = true (custom)
2025-04-23 04:29:29,387 [omNode-2-impl-thread1] INFO  server.RaftServer$Division (RaftServerImpl.java:start(405)) - omNode-2@group-523986131536: Successfully started.
2025-04-23 04:29:29,387 [main] INFO  server.RaftServer (RaftServerProxy.java:startImpl(407)) - omNode-2: start RPC server
2025-04-23 04:29:29,387 [main] INFO  server.GrpcService (GrpcService.java:startImpl(334)) - omNode-2: GrpcService started, listening on 15055
2025-04-23 04:29:29,387 [JvmPauseMonitor44] INFO  util.JvmPauseMonitor (JvmPauseMonitor.java:run(146)) - JvmPauseMonitor-omNode-2: Started
2025-04-23 04:29:29,388 [main] INFO  om.OzoneManager (OzoneManager.java:start(1802)) - Version File has different layout version (8) than OM DB (null). That is expected if this OM has never been finalized to a newer layout version.
2025-04-23 04:29:29,390 [main] INFO  client.ScmTopologyClient (ScmTopologyClient.java:start(70)) - Initial network topology fetched from SCM: /.
2025-04-23 04:29:29,390 [main] INFO  net.NodeSchemaLoader (NodeSchemaLoader.java:loadSchemaFromFile(127)) - Loading schema from [jar:file:/home/runner/work/ozone/ozone/hadoop-hdds/common/target/hdds-common-2.1.0-SNAPSHOT.jar!/network-topology-default.xml]
2025-04-23 04:29:29,390 [main] INFO  net.NodeSchemaLoader (NodeSchemaLoader.java:loadSchema(174)) - Loading network topology layer schema file
2025-04-23 04:29:29,394 [main] INFO  http.BaseHttpServer (BaseHttpServer.java:newHttpServer2BuilderForOzone(229)) - Starting Web-server for ozoneManager at: http://0.0.0.0:15053
2025-04-23 04:29:29,394 [main] INFO  http.BaseHttpServer (BaseHttpServer.java:<init>(107)) - Hadoop Security Enabled: false Ozone Security Enabled: false Ozone HTTP Security Enabled: false 
2025-04-23 04:29:29,395 [main] WARN  server.AuthenticationFilter (AuthenticationFilter.java:constructSecretProvider(240)) - Unable to initialize FileSignerSecretProvider, falling back to use random secrets. Reason: Could not read signature secret file: /home/runner/hadoop-http-auth-signature-secret
2025-04-23 04:29:29,396 [main] INFO  http.HttpServer2 (HttpServer2.java:addGlobalFilter(1041)) - Added global filter 'safety' (class=org.apache.hadoop.hdds.server.http.HttpServer2$QuotingInputFilter)
2025-04-23 04:29:29,396 [main] INFO  http.HttpServer2 (HttpServer2.java:addFilter(1017)) - Added filter static_user_filter (class=org.apache.hadoop.http.lib.StaticUserWebFilter$StaticUserFilter) to context ozoneManager
2025-04-23 04:29:29,397 [main] INFO  http.HttpServer2 (HttpServer2.java:addFilter(1025)) - Added filter static_user_filter (class=org.apache.hadoop.http.lib.StaticUserWebFilter$StaticUserFilter) to context logs
2025-04-23 04:29:29,397 [main] INFO  http.HttpServer2 (HttpServer2.java:addFilter(1025)) - Added filter static_user_filter (class=org.apache.hadoop.http.lib.StaticUserWebFilter$StaticUserFilter) to context static
2025-04-23 04:29:29,397 [main] INFO  http.BaseHttpServer (BaseHttpServer.java:<init>(195)) - HTTP server of ozoneManager uses base directory /home/runner/work/ozone/ozone/hadoop-ozone/integration-test/target/test-dir/MiniOzoneClusterImpl-e6c14afe-f26c-49b2-91d5-3d25694ec971/omNode-2/webserver
2025-04-23 04:29:29,397 [main] INFO  http.HttpServer2 (HttpServer2.java:bindListener(1241)) - Jetty bound to port 15053
2025-04-23 04:29:29,397 [main] INFO  server.Server (Server.java:doStart(375)) - jetty-9.4.57.v20241219; built: 2025-01-08T21:24:30.412Z; git: df524e6b29271c2e09ba9aea83c18dc9db464a31; jvm 21.0.7+6-LTS
2025-04-23 04:29:29,399 [main] INFO  server.session (DefaultSessionIdManager.java:doStart(334)) - DefaultSessionIdManager workerName=node0
2025-04-23 04:29:29,399 [main] INFO  server.session (DefaultSessionIdManager.java:doStart(339)) - No SessionScavenger set, using defaults
2025-04-23 04:29:29,399 [main] INFO  server.session (HouseKeeper.java:startScavenging(132)) - node0 Scavenging every 600000ms
2025-04-23 04:29:29,400 [main] INFO  handler.ContextHandler (ContextHandler.java:doStart(921)) - Started o.e.j.s.ServletContextHandler@453bfd5f{logs,/logs,file:///home/runner/work/ozone/ozone/hadoop-ozone/integration-test/target/log,AVAILABLE}
2025-04-23 04:29:29,400 [main] INFO  handler.ContextHandler (ContextHandler.java:doStart(921)) - Started o.e.j.s.ServletContextHandler@1370bbde{static,/static,file:///home/runner/work/ozone/ozone/hadoop-ozone/integration-test/target/test-classes/webapps/static,AVAILABLE}
2025-04-23 04:29:29,403 [main] INFO  handler.ContextHandler (ContextHandler.java:doStart(921)) - Started o.e.j.w.WebAppContext@56547b5{ozoneManager,/,file:///home/runner/work/ozone/ozone/hadoop-ozone/integration-test/target/test-classes/webapps/ozoneManager/,AVAILABLE}{file:/home/runner/work/ozone/ozone/hadoop-ozone/integration-test/target/test-classes/webapps/ozoneManager}
2025-04-23 04:29:29,404 [main] INFO  server.AbstractConnector (AbstractConnector.java:doStart(333)) - Started ServerConnector@31b95de8{HTTP/1.1, (http/1.1)}{0.0.0.0:15053}
2025-04-23 04:29:29,404 [main] INFO  server.Server (Server.java:doStart(415)) - Started @172822ms
2025-04-23 04:29:29,404 [main] WARN  impl.MetricsSystemImpl (MetricsSystemImpl.java:register(279)) - Sink prometheus already exists!
2025-04-23 04:29:29,404 [main] INFO  http.BaseHttpServer (BaseHttpServer.java:updateConnectorAddress(360)) - HTTP server of ozoneManager listening at http://0.0.0.0:15053
2025-04-23 04:29:29,405 [IPC Server Responder] INFO  ipc.Server (Server.java:run(1713)) - IPC Server Responder: starting
2025-04-23 04:29:29,405 [IPC Server listener on 15052] INFO  ipc.Server (Server.java:run(1553)) - IPC Server listener on 15052: starting
2025-04-23 04:29:29,407 [main] INFO  om.OzoneManager (OzoneManager.java:startTrashEmptier(2257)) - Trash Interval set to 0. Files deleted won't move to trash
2025-04-23 04:29:29,407 [main] INFO  ozone.MiniOzoneHAClusterImpl (MiniOzoneHAClusterImpl.java:createOMService(516)) - Started OzoneManager omNode-2 RPC server at localhost/127.0.0.1:15052
2025-04-23 04:29:29,408 [main] INFO  ha.OMHANodeDetails (OMHANodeDetails.java:loadOMHAConfig(120)) - ServiceID for OzoneManager is om-service-test1
2025-04-23 04:29:29,408 [main] INFO  ha.OMHANodeDetails (OMHANodeDetails.java:loadOMHAConfig(200)) - Found matching OM address with OMServiceId: om-service-test1, OMNodeId: omNode-3, RPC Address: localhost:15056 and Ratis port: 15059
2025-04-23 04:29:29,408 [main] INFO  ha.OMHANodeDetails (ConfUtils.java:setNodeSpecificConfigs(98)) - Setting configuration key ozone.om.http-address with value of key ozone.om.http-address.om-service-test1.omNode-3: 127.0.0.1:15057
2025-04-23 04:29:29,408 [main] INFO  ha.OMHANodeDetails (ConfUtils.java:setNodeSpecificConfigs(98)) - Setting configuration key ozone.om.https-address with value of key ozone.om.https-address.om-service-test1.omNode-3: 127.0.0.1:15058
2025-04-23 04:29:29,408 [main] INFO  ha.OMHANodeDetails (ConfUtils.java:setNodeSpecificConfigs(98)) - Setting configuration key ozone.om.address with value of key ozone.om.address.om-service-test1.omNode-3: 127.0.0.1:15056
2025-04-23 04:29:29,408 [main] WARN  server.ServerUtils (ServerUtils.java:getDBPath(297)) - ozone.om.db.dirs is not configured. We recommend adding this setting. Falling back to ozone.metadata.dirs instead.
2025-04-23 04:29:29,410 [main] INFO  proxy.SCMBlockLocationFailoverProxyProvider (SCMFailoverProxyProviderBase.java:<init>(120)) - Created fail-over proxy for protocol ScmBlockLocationProtocolPB with 1 nodes: [nodeId=scmNodeId,nodeAddress=/0.0.0.0:15043]
OM initialization succeeded.Current cluster id for sd=/home/runner/work/ozone/ozone/hadoop-ozone/integration-test/target/test-dir/MiniOzoneClusterImpl-e6c14afe-f26c-49b2-91d5-3d25694ec971/omNode-3/om;cid=e6c14afe-f26c-49b2-91d5-3d25694ec971;layoutVersion=8
2025-04-23 04:29:29,414 [main] INFO  ha.OMHANodeDetails (OMHANodeDetails.java:loadOMHAConfig(120)) - ServiceID for OzoneManager is om-service-test1
2025-04-23 04:29:29,414 [main] INFO  ha.OMHANodeDetails (OMHANodeDetails.java:loadOMHAConfig(200)) - Found matching OM address with OMServiceId: om-service-test1, OMNodeId: omNode-3, RPC Address: localhost:15056 and Ratis port: 15059
2025-04-23 04:29:29,414 [main] INFO  ha.OMHANodeDetails (ConfUtils.java:setNodeSpecificConfigs(98)) - Setting configuration key ozone.om.http-address with value of key ozone.om.http-address.om-service-test1.omNode-3: 127.0.0.1:15057
2025-04-23 04:29:29,414 [main] INFO  ha.OMHANodeDetails (ConfUtils.java:setNodeSpecificConfigs(98)) - Setting configuration key ozone.om.https-address with value of key ozone.om.https-address.om-service-test1.omNode-3: 127.0.0.1:15058
2025-04-23 04:29:29,414 [main] INFO  ha.OMHANodeDetails (ConfUtils.java:setNodeSpecificConfigs(98)) - Setting configuration key ozone.om.address with value of key ozone.om.address.om-service-test1.omNode-3: 127.0.0.1:15056
2025-04-23 04:29:29,415 [main] WARN  server.ServerUtils (ServerUtils.java:getDBPath(297)) - ozone.om.db.dirs is not configured. We recommend adding this setting. Falling back to ozone.metadata.dirs instead.
2025-04-23 04:29:29,416 [main] INFO  upgrade.AbstractLayoutVersionManager (AbstractLayoutVersionManager.java:init(80)) - Initializing Layout version manager with metadata layout = DELEGATION_TOKEN_SYMMETRIC_SIGN (version = 8), software layout = DELEGATION_TOKEN_SYMMETRIC_SIGN (version = 8)
2025-04-23 04:29:29,473 [main] INFO  reflections.Reflections (Reflections.java:scan(219)) - Reflections took 57 ms to scan 2 urls, producing 203 keys and 603 values
2025-04-23 04:29:29,474 [main] INFO  upgrade.OMLayoutVersionManager (OMLayoutVersionManager.java:lambda$0(110)) - Skipping Upgrade Action QuotaRepairUpgradeAction since it has been finalized.
2025-04-23 04:29:29,474 [main] INFO  upgrade.OMLayoutVersionManager (OMLayoutVersionManager.java:lambda$0(110)) - Skipping Upgrade Action MockOmUpgradeAction since it has been finalized.
2025-04-23 04:29:29,474 [main] WARN  server.ServerUtils (ServerUtils.java:getDBPath(297)) - ozone.om.db.dirs is not configured. We recommend adding this setting. Falling back to ozone.metadata.dirs instead.
2025-04-23 04:29:29,474 [main] INFO  om.OzoneManager (OzoneManager.java:setReplicationFromConfig(4612)) - Set default replication in OM: RATIS/3 -> RATIS/THREE
2025-04-23 04:29:29,475 [main] INFO  proxy.SCMContainerLocationFailoverProxyProvider (SCMFailoverProxyProviderBase.java:<init>(120)) - Created fail-over proxy for protocol StorageContainerLocationProtocolPB with 1 nodes: [nodeId=scmNodeId,nodeAddress=/0.0.0.0:15042]
2025-04-23 04:29:29,475 [main] INFO  proxy.SCMBlockLocationFailoverProxyProvider (SCMFailoverProxyProviderBase.java:<init>(120)) - Created fail-over proxy for protocol ScmBlockLocationProtocolPB with 1 nodes: [nodeId=scmNodeId,nodeAddress=/0.0.0.0:15043]
2025-04-23 04:29:29,476 [main] INFO  proxy.SCMBlockLocationFailoverProxyProvider (SCMFailoverProxyProviderBase.java:<init>(120)) - Created fail-over proxy for protocol ScmBlockLocationProtocolPB with 1 nodes: [nodeId=scmNodeId,nodeAddress=/0.0.0.0:15043]
2025-04-23 04:29:29,479 [main] INFO  om.OzoneManager (OzoneManager.java:<init>(689)) - OM start with adminUsers: [*, runner]
2025-04-23 04:29:29,479 [main] WARN  server.ServerUtils (ServerUtils.java:getDBPath(297)) - ozone.om.db.dirs is not configured. We recommend adding this setting. Falling back to ozone.metadata.dirs instead.
2025-04-23 04:29:29,617 [main] INFO  om.OzoneManager (OzoneManager.java:instantiateServices(933)) - S3 Multi-Tenancy is disabled
2025-04-23 04:29:29,617 [main] INFO  om.OmSnapshotManager (OmSnapshotManager.java:<init>(180)) - Ozone filesystem snapshot feature is enabled.
2025-04-23 04:29:29,617 [main] WARN  server.ServerUtils (ServerUtils.java:getDBPath(297)) - ozone.om.snapshot.diff.db.dir is not configured. We recommend adding this setting. Falling back to ozone.metadata.dirs instead.
2025-04-23 04:29:29,638 [main] INFO  om.OzoneManager (OzoneManager.java:addS3GVolumeToDB(4670)) - Created Volume s3v With Owner runner required for S3Gateway operations.
2025-04-23 04:29:29,638 [main] WARN  server.ServerUtils (ServerUtils.java:getDefaultRatisDirectory(309)) - Storage directory for Ratis is not configured. It is a good idea to map this to an SSD disk. Falling back to ozone.metadata.dirs
2025-04-23 04:29:29,638 [main] WARN  utils.OzoneManagerRatisUtils (OzoneManagerRatisUtils.java:getOMRatisSnapshotDirectory(488)) - ozone.om.ratis.snapshot.dir is not configured. Falling back to ozone.metadata.dirs config
2025-04-23 04:29:29,638 [main] INFO  utils.RDBSnapshotProvider (RDBSnapshotProvider.java:init(85)) - Cleaning up the candidate dir: /home/runner/work/ozone/ozone/hadoop-ozone/integration-test/target/test-dir/MiniOzoneClusterImpl-e6c14afe-f26c-49b2-91d5-3d25694ec971/omNode-3/snapshot/om.db.candidate
2025-04-23 04:29:29,639 [main] INFO  ratis_snapshot.OmRatisSnapshotProvider (OmRatisSnapshotProvider.java:<init>(98)) - Initializing OM Snapshot Provider
2025-04-23 04:29:29,640 [main] WARN  dropwizard3.Dm3MetricRegistriesImpl (Dm3MetricRegistriesImpl.java:addReporterRegistration(114)) - New reporters are added after registries were created. Some metrics will be missing from the reporter. Please add reporter before adding any new registry.
2025-04-23 04:29:29,640 [main] WARN  dropwizard3.Dm3MetricRegistriesImpl (Dm3MetricRegistriesImpl.java:addReporterRegistration(114)) - New reporters are added after registries were created. Some metrics will be missing from the reporter. Please add reporter before adding any new registry.
2025-04-23 04:29:29,640 [main] WARN  server.ServerUtils (ServerUtils.java:getDefaultRatisDirectory(309)) - Storage directory for Ratis is not configured. It is a good idea to map this to an SSD disk. Falling back to ozone.metadata.dirs
2025-04-23 04:29:29,640 [main] INFO  server.RaftServerConfigKeys (ConfUtils.java:logGet(46)) - raft.server.log.appender.buffer.byte-limit = 4194304 (custom)
2025-04-23 04:29:29,641 [main] INFO  ratis.OzoneManagerRatisServer (OzoneManagerRatisServer.java:<init>(167)) - Instantiating OM Ratis server with groupID: om-service-test1 and peers: localhost:15059, localhost:15051, localhost:15055
2025-04-23 04:29:29,641 [main] INFO  ratis.OzoneManagerStateMachine (OzoneManagerStateMachine.java:loadSnapshotInfoFromDB(613)) - TransactionInfo not found in OM DB.
2025-04-23 04:29:29,641 [main] INFO  server.RaftServer (ConfUtils.java:logGet(46)) - raft.rpc.type = GRPC (default)
2025-04-23 04:29:29,642 [main] INFO  grpc.GrpcConfigKeys (ConfUtils.java:logFallback(53)) - raft.grpc.admin.host = null (fallback to raft.grpc.server.host)
2025-04-23 04:29:29,642 [main] INFO  grpc.GrpcConfigKeys (ConfUtils.java:logFallback(53)) - raft.grpc.admin.port = 15059 (fallback to raft.grpc.server.port)
2025-04-23 04:29:29,642 [main] INFO  grpc.GrpcConfigKeys (ConfUtils.java:logFallback(53)) - raft.grpc.client.host = null (fallback to raft.grpc.server.host)
2025-04-23 04:29:29,642 [main] INFO  grpc.GrpcConfigKeys (ConfUtils.java:logFallback(53)) - raft.grpc.client.port = 15059 (fallback to raft.grpc.server.port)
2025-04-23 04:29:29,642 [main] INFO  grpc.GrpcConfigKeys (ConfUtils.java:logGet(46)) - raft.grpc.server.host = null (default)
2025-04-23 04:29:29,642 [main] INFO  grpc.GrpcConfigKeys (ConfUtils.java:logGet(46)) - raft.grpc.server.port = 15059 (custom)
2025-04-23 04:29:29,642 [main] INFO  server.GrpcService (ConfUtils.java:logGet(46)) - raft.grpc.message.size.max = 5242880 (custom)
2025-04-23 04:29:29,642 [main] INFO  server.GrpcService (ConfUtils.java:logGet(46)) - raft.grpc.flow.control.window = 1MB (=1048576) (default)
2025-04-23 04:29:29,642 [main] INFO  server.RaftServerConfigKeys (ConfUtils.java:logGet(46)) - raft.server.rpc.request.timeout = 3000ms (default)
2025-04-23 04:29:29,642 [main] INFO  grpc.GrpcConfigKeys (ConfUtils.java:logGet(46)) - raft.grpc.server.heartbeat.channel = true (default)
2025-04-23 04:29:29,642 [main] INFO  server.RaftServerConfigKeys (ConfUtils.java:logGet(46)) - raft.server.log.appender.buffer.byte-limit = 4194304 (custom)
2025-04-23 04:29:29,643 [main] INFO  grpc.GrpcConfigKeys (ConfUtils.java:logGet(46)) - raft.grpc.server.async.request.thread.pool.cached = true (default)
2025-04-23 04:29:29,643 [main] INFO  grpc.GrpcConfigKeys (ConfUtils.java:logGet(46)) - raft.grpc.server.async.request.thread.pool.size = 32 (default)
2025-04-23 04:29:29,643 [main] INFO  impl.DataStreamServerImpl (ConfUtils.java:logGet(46)) - raft.datastream.type = DISABLED (default)
2025-04-23 04:29:29,643 [main] INFO  server.RaftServerConfigKeys (ConfUtils.java:logGet(46)) - raft.server.sleep.deviation.threshold = 300ms (default)
2025-04-23 04:29:29,643 [main] INFO  server.RaftServerConfigKeys (ConfUtils.java:logGet(46)) - raft.server.close.threshold = 60s (default)
2025-04-23 04:29:29,643 [main] INFO  server.RaftServerConfigKeys (ConfUtils.java:logGet(46)) - raft.server.leaderelection.leader.step-down.wait-time = 10s (default)
2025-04-23 04:29:29,644 [main] INFO  server.RaftServerConfigKeys (ConfUtils.java:logGet(46)) - raft.server.storage.dir = [/home/runner/work/ozone/ozone/hadoop-ozone/integration-test/target/test-dir/MiniOzoneClusterImpl-e6c14afe-f26c-49b2-91d5-3d25694ec971/omNode-3/ratis] (custom)
2025-04-23 04:29:29,644 [main] INFO  server.RaftServerConfigKeys (ConfUtils.java:logGet(46)) - raft.server.threadpool.proxy.cached = true (default)
2025-04-23 04:29:29,644 [main] INFO  server.RaftServerConfigKeys (ConfUtils.java:logGet(46)) - raft.server.threadpool.proxy.size = 0 (default)
2025-04-23 04:29:29,644 [main] INFO  server.RaftServer (RaftServerProxy.java:addNew(100)) - omNode-3: addNew group-523986131536:[omNode-3|localhost:15059, omNode-1|localhost:15051, omNode-2|localhost:15055] returns group-523986131536:java.util.concurrent.CompletableFuture@7529da93[Not completed]
2025-04-23 04:29:29,644 [main] INFO  om.OzoneManager (OzoneManager.java:initializeRatisServer(2303)) - OzoneManager Ratis server initialized at port 15059
2025-04-23 04:29:29,644 [omNode-3-groupManagement] INFO  server.RaftServer$Division (RaftServerImpl.java:<init>(255)) - omNode-3: new RaftServerImpl for group-523986131536:[omNode-3|localhost:15059, omNode-1|localhost:15051, omNode-2|localhost:15055] with OzoneManagerStateMachine:uninitialized
2025-04-23 04:29:29,645 [omNode-3-groupManagement] INFO  server.RaftServerConfigKeys (ConfUtils.java:logGet(46)) - raft.server.rpc.timeout.min = 1s (custom)
2025-04-23 04:29:29,645 [main] INFO  om.OzoneManager (OzoneManager.java:getRpcServer(1360)) - Creating RPC Server
2025-04-23 04:29:29,645 [omNode-3-groupManagement] INFO  server.RaftServerConfigKeys (ConfUtils.java:logGet(46)) - raft.server.rpc.timeout.max = 1200ms (custom)
2025-04-23 04:29:29,645 [omNode-3-groupManagement] INFO  server.RaftServerConfigKeys (ConfUtils.java:logGet(46)) - raft.server.rpc.sleep.time = 25ms (default)
2025-04-23 04:29:29,645 [omNode-3-groupManagement] INFO  server.RaftServerConfigKeys (ConfUtils.java:logGet(46)) - raft.server.rpc.slowness.timeout = 2s (custom)
2025-04-23 04:29:29,645 [omNode-3-groupManagement] INFO  server.RaftServerConfigKeys (ConfUtils.java:logGet(46)) - raft.server.leaderelection.leader.step-down.wait-time = 10s (default)
2025-04-23 04:29:29,645 [omNode-3-groupManagement] INFO  server.RaftServerConfigKeys (ConfUtils.java:logGet(46)) - raft.server.leaderelection.member.majority-add = false (default)
2025-04-23 04:29:29,645 [omNode-3-groupManagement] INFO  server.RaftServerConfigKeys (ConfUtils.java:logGet(46)) - raft.server.sleep.deviation.threshold = 300ms (default)
2025-04-23 04:29:29,645 [omNode-3-groupManagement] INFO  server.RaftServer$Division (ServerState.java:<init>(114)) - omNode-3@group-523986131536: ConfigurationManager, init=conf: {index: -1, cur=peers:[omNode-3|localhost:15059, omNode-1|localhost:15051, omNode-2|localhost:15055]|listeners:[], old=null}, confs=<EMPTY_MAP>
2025-04-23 04:29:29,645 [omNode-3-groupManagement] INFO  server.RaftServerConfigKeys (ConfUtils.java:logGet(46)) - raft.server.notification.no-leader.timeout = 2s (custom)
2025-04-23 04:29:29,645 [omNode-3-groupManagement] INFO  server.RaftServerConfigKeys (ConfUtils.java:logGet(46)) - raft.server.read.timeout = 10s (default)
2025-04-23 04:29:29,645 [omNode-3-groupManagement] INFO  server.RaftServerConfigKeys (ConfUtils.java:logGet(46)) - raft.server.retrycache.expirytime = 30000ms (custom)
2025-04-23 04:29:29,645 [omNode-3-groupManagement] INFO  server.RaftServerConfigKeys (ConfUtils.java:logGet(46)) - raft.server.retrycache.statistics.expirytime = 100ms (default)
2025-04-23 04:29:29,648 [omNode-3-groupManagement] INFO  server.RaftServerConfigKeys (ConfUtils.java:logGet(46)) - raft.server.read.option = DEFAULT (default)
2025-04-23 04:29:29,648 [omNode-3-groupManagement] INFO  server.RaftServerConfigKeys (ConfUtils.java:logGet(46)) - raft.server.read.read-after-write-consistent.write-index-cache.expiry-time = 60s (default)
2025-04-23 04:29:29,650 [omNode-3-groupManagement] INFO  server.RaftServerConfigKeys (ConfUtils.java:logGet(46)) - raft.server.rpc.request.timeout = 3000ms (default)
2025-04-23 04:29:29,650 [omNode-3-groupManagement] INFO  server.RaftServerConfigKeys (ConfUtils.java:logGet(46)) - raft.server.log.appender.install.snapshot.enabled = false (custom)
2025-04-23 04:29:29,650 [omNode-3-groupManagement] INFO  server.RaftServerConfigKeys (ConfUtils.java:logGet(46)) - raft.server.threadpool.server.cached = true (default)
2025-04-23 04:29:29,650 [omNode-3-groupManagement] INFO  server.RaftServerConfigKeys (ConfUtils.java:logGet(46)) - raft.server.threadpool.server.size = 0 (default)
2025-04-23 04:29:29,650 [omNode-3-groupManagement] INFO  server.RaftServerConfigKeys (ConfUtils.java:logGet(46)) - raft.server.threadpool.client.cached = true (default)
2025-04-23 04:29:29,650 [omNode-3-groupManagement] INFO  server.RaftServerConfigKeys (ConfUtils.java:logGet(46)) - raft.server.threadpool.client.size = 0 (default)
2025-04-23 04:29:29,940 [omNode-1@group-523986131536-FollowerState] INFO  impl.FollowerState (FollowerState.java:runImpl(161)) - omNode-1@group-523986131536-FollowerState: change to CANDIDATE, lastRpcElapsedTime:1186692809ns, electionTimeout:1186ms
2025-04-23 04:29:29,940 [omNode-1@group-523986131536-FollowerState] INFO  impl.RoleInfo (RoleInfo.java:shutdownFollowerState(121)) - omNode-1: shutdown omNode-1@group-523986131536-FollowerState
2025-04-23 04:29:29,941 [omNode-1@group-523986131536-FollowerState] INFO  server.RaftServer$Division (RaftServerImpl.java:setRole(378)) - omNode-1@group-523986131536: changes role from  FOLLOWER to CANDIDATE at term 0 for changeToCandidate
2025-04-23 04:29:29,941 [omNode-1@group-523986131536-FollowerState] INFO  server.RaftServerConfigKeys (ConfUtils.java:logGet(46)) - raft.server.leaderelection.pre-vote = true (default)
2025-04-23 04:29:29,941 [omNode-1@group-523986131536-FollowerState] INFO  impl.RoleInfo (RoleInfo.java:updateAndGet(148)) - omNode-1: start omNode-1@group-523986131536-LeaderElection36
2025-04-23 04:29:29,941 [omNode-1@group-523986131536-LeaderElection36] INFO  impl.LeaderElection (LeaderElection.java:askForVotes(332)) - omNode-1@group-523986131536-LeaderElection36 PRE_VOTE round 0: submit vote requests at term 0 for conf: {index: -1, cur=peers:[omNode-3|localhost:15059, omNode-1|localhost:15051, omNode-2|localhost:15055]|listeners:[], old=null}
2025-04-23 04:29:29,942 [omNode-1@group-523986131536-LeaderElection36-1] INFO  server.GrpcServerProtocolClient (GrpcServerProtocolClient.java:<init>(65)) - Build channel for omNode-3|localhost:15059
2025-04-23 04:29:29,942 [omNode-1@group-523986131536-LeaderElection36] INFO  server.RaftServerConfigKeys (ConfUtils.java:logFallback(53)) - raft.server.rpc.first-election.timeout.min = 1s (fallback to raft.server.rpc.timeout.min)
2025-04-23 04:29:29,942 [omNode-1@group-523986131536-LeaderElection36] INFO  server.RaftServerConfigKeys (ConfUtils.java:logFallback(53)) - raft.server.rpc.first-election.timeout.max = 1200ms (fallback to raft.server.rpc.timeout.max)
2025-04-23 04:29:29,942 [omNode-1@group-523986131536-LeaderElection36-2] INFO  server.GrpcServerProtocolClient (GrpcServerProtocolClient.java:<init>(65)) - Build channel for omNode-2|localhost:15055
2025-04-23 04:29:29,946 [omNode-1@group-523986131536-LeaderElection36] INFO  impl.LeaderElection (LogUtils.java:infoOrTrace(136)) - omNode-1@group-523986131536-LeaderElection36 got exception when requesting votes: java.util.concurrent.ExecutionException: org.apache.ratis.thirdparty.io.grpc.StatusRuntimeException: UNAVAILABLE: io exception
2025-04-23 04:29:29,950 [grpc-default-executor-0] INFO  server.RaftServer$Division (RaftServerImpl.java:requestVote(1407)) - omNode-2@group-523986131536: receive requestVote(PRE_VOTE, omNode-1, group-523986131536, 0, (t:0, i:~))
2025-04-23 04:29:29,950 [grpc-default-executor-0] INFO  impl.VoteContext (VoteContext.java:log(49)) - omNode-2@group-523986131536-FOLLOWER: accept PRE_VOTE from omNode-1: our priority 0 <= candidate's priority 0
2025-04-23 04:29:29,950 [grpc-default-executor-0] INFO  server.RaftServer$Division (RaftServerImpl.java:requestVote(1441)) - omNode-2@group-523986131536 replies to PRE_VOTE vote request: omNode-1<-omNode-2#0:OK-t0. Peer's state: omNode-2@group-523986131536:t0, leader=null, voted=, raftlog=Memoized:omNode-2@group-523986131536-SegmentedRaftLog:OPENED:c-1:lastnull, conf=conf: {index: -1, cur=peers:[omNode-3|localhost:15059, omNode-1|localhost:15051, omNode-2|localhost:15055]|listeners:[], old=null}
2025-04-23 04:29:29,951 [omNode-1@group-523986131536-LeaderElection36] INFO  impl.LeaderElection (LeaderElection.java:logAndReturn(90)) - omNode-1@group-523986131536-LeaderElection36: PRE_VOTE PASSED received 1 response(s) and 1 exception(s):
2025-04-23 04:29:29,951 [omNode-1@group-523986131536-LeaderElection36] INFO  impl.LeaderElection (LeaderElection.java:logAndReturn(94)) -   Response 0: omNode-1<-omNode-2#0:OK-t0
2025-04-23 04:29:29,951 [omNode-1@group-523986131536-LeaderElection36] INFO  impl.LeaderElection (LogUtils.java:infoOrTrace(136)) -   Exception 1: java.util.concurrent.ExecutionException: org.apache.ratis.thirdparty.io.grpc.StatusRuntimeException: UNAVAILABLE: io exception
2025-04-23 04:29:29,951 [omNode-1@group-523986131536-LeaderElection36] INFO  impl.LeaderElection (LeaderElection.java:askForVotes(334)) - omNode-1@group-523986131536-LeaderElection36 PRE_VOTE round 0: result PASSED
2025-04-23 04:29:29,953 [omNode-1@group-523986131536-LeaderElection36] INFO  impl.LeaderElection (LeaderElection.java:askForVotes(332)) - omNode-1@group-523986131536-LeaderElection36 ELECTION round 0: submit vote requests at term 1 for conf: {index: -1, cur=peers:[omNode-3|localhost:15059, omNode-1|localhost:15051, omNode-2|localhost:15055]|listeners:[], old=null}
2025-04-23 04:29:29,954 [omNode-1@group-523986131536-LeaderElection36] INFO  server.RaftServerConfigKeys (ConfUtils.java:logFallback(53)) - raft.server.rpc.first-election.timeout.min = 1s (fallback to raft.server.rpc.timeout.min)
2025-04-23 04:29:29,954 [omNode-1@group-523986131536-LeaderElection36] INFO  server.RaftServerConfigKeys (ConfUtils.java:logFallback(53)) - raft.server.rpc.first-election.timeout.max = 1200ms (fallback to raft.server.rpc.timeout.max)
2025-04-23 04:29:29,954 [omNode-1@group-523986131536-LeaderElection36] INFO  impl.LeaderElection (LogUtils.java:infoOrTrace(136)) - omNode-1@group-523986131536-LeaderElection36 got exception when requesting votes: java.util.concurrent.ExecutionException: org.apache.ratis.thirdparty.io.grpc.StatusRuntimeException: UNAVAILABLE: io exception
2025-04-23 04:29:29,954 [grpc-default-executor-0] INFO  server.RaftServer$Division (RaftServerImpl.java:requestVote(1407)) - omNode-2@group-523986131536: receive requestVote(ELECTION, omNode-1, group-523986131536, 1, (t:0, i:~))
2025-04-23 04:29:29,955 [grpc-default-executor-0] INFO  impl.VoteContext (VoteContext.java:log(49)) - omNode-2@group-523986131536-FOLLOWER: accept ELECTION from omNode-1: our priority 0 <= candidate's priority 0
2025-04-23 04:29:29,955 [grpc-default-executor-0] INFO  server.RaftServer$Division (RaftServerImpl.java:setRole(378)) - omNode-2@group-523986131536: changes role from  FOLLOWER to FOLLOWER at term 0 for candidate:omNode-1
2025-04-23 04:29:29,955 [grpc-default-executor-0] INFO  impl.RoleInfo (RoleInfo.java:shutdownFollowerState(121)) - omNode-2: shutdown omNode-2@group-523986131536-FollowerState
2025-04-23 04:29:29,955 [grpc-default-executor-0] INFO  impl.RoleInfo (RoleInfo.java:updateAndGet(148)) - omNode-2: start omNode-2@group-523986131536-FollowerState
2025-04-23 04:29:29,955 [omNode-2@group-523986131536-FollowerState] INFO  impl.FollowerState (FollowerState.java:runImpl(170)) - omNode-2@group-523986131536-FollowerState was interrupted
2025-04-23 04:29:29,955 [omNode-2@group-523986131536-FollowerState] INFO  server.RaftServerConfigKeys (ConfUtils.java:logFallback(53)) - raft.server.rpc.first-election.timeout.min = 1s (fallback to raft.server.rpc.timeout.min)
2025-04-23 04:29:29,955 [omNode-2@group-523986131536-FollowerState] INFO  server.RaftServerConfigKeys (ConfUtils.java:logFallback(53)) - raft.server.rpc.first-election.timeout.max = 1200ms (fallback to raft.server.rpc.timeout.max)
2025-04-23 04:29:29,955 [grpc-default-executor-0] INFO  server.RaftServer$Division (RaftServerImpl.java:setFirstElection(562)) - omNode-2@group-523986131536: set firstElectionSinceStartup to false for candidate:omNode-1
2025-04-23 04:29:29,956 [grpc-default-executor-0] INFO  server.RaftServer$Division (RaftServerImpl.java:requestVote(1441)) - omNode-2@group-523986131536 replies to ELECTION vote request: omNode-1<-omNode-2#0:OK-t1. Peer's state: omNode-2@group-523986131536:t1, leader=null, voted=omNode-1, raftlog=Memoized:omNode-2@group-523986131536-SegmentedRaftLog:OPENED:c-1:lastnull, conf=conf: {index: -1, cur=peers:[omNode-3|localhost:15059, omNode-1|localhost:15051, omNode-2|localhost:15055]|listeners:[], old=null}
2025-04-23 04:29:29,957 [omNode-1@group-523986131536-LeaderElection36] INFO  impl.LeaderElection (LeaderElection.java:logAndReturn(90)) - omNode-1@group-523986131536-LeaderElection36: ELECTION PASSED received 1 response(s) and 1 exception(s):
2025-04-23 04:29:29,957 [omNode-1@group-523986131536-LeaderElection36] INFO  impl.LeaderElection (LeaderElection.java:logAndReturn(94)) -   Response 0: omNode-1<-omNode-2#0:OK-t1
2025-04-23 04:29:29,957 [omNode-1@group-523986131536-LeaderElection36] INFO  impl.LeaderElection (LogUtils.java:infoOrTrace(136)) -   Exception 1: java.util.concurrent.ExecutionException: org.apache.ratis.thirdparty.io.grpc.StatusRuntimeException: UNAVAILABLE: io exception
2025-04-23 04:29:29,957 [omNode-1@group-523986131536-LeaderElection36] INFO  impl.LeaderElection (LeaderElection.java:askForVotes(334)) - omNode-1@group-523986131536-LeaderElection36 ELECTION round 0: result PASSED
2025-04-23 04:29:29,957 [omNode-1@group-523986131536-LeaderElection36] INFO  impl.RoleInfo (RoleInfo.java:shutdownLeaderElection(141)) - omNode-1: shutdown omNode-1@group-523986131536-LeaderElection36
2025-04-23 04:29:29,957 [omNode-1@group-523986131536-LeaderElection36] INFO  server.RaftServer$Division (RaftServerImpl.java:setRole(378)) - omNode-1@group-523986131536: changes role from CANDIDATE to LEADER at term 1 for changeToLeader
2025-04-23 04:29:29,957 [omNode-1@group-523986131536-LeaderElection36] INFO  server.RaftServerConfigKeys (ConfUtils.java:logGet(46)) - raft.server.staging.catchup.gap = 1000 (default)
2025-04-23 04:29:29,958 [omNode-1@group-523986131536-LeaderElection36] INFO  server.RaftServerConfigKeys (ConfUtils.java:logGet(46)) - raft.server.write.element-limit = 4096 (default)
2025-04-23 04:29:29,958 [omNode-1@group-523986131536-LeaderElection36] INFO  server.RaftServerConfigKeys (ConfUtils.java:logGet(46)) - raft.server.write.byte-limit = 64MB (=67108864) (default)
2025-04-23 04:29:29,959 [omNode-1@group-523986131536-LeaderElection36] INFO  server.RaftServerConfigKeys (ConfUtils.java:logGet(46)) - raft.server.watch.timeout = 10s (default)
2025-04-23 04:29:29,959 [omNode-1@group-523986131536-LeaderElection36] INFO  server.RaftServerConfigKeys (ConfUtils.java:logGet(46)) - raft.server.watch.timeout.denomination = 1s (default)
2025-04-23 04:29:29,959 [omNode-1@group-523986131536-LeaderElection36] INFO  server.RaftServerConfigKeys (ConfUtils.java:logGet(46)) - raft.server.watch.element-limit = 65536 (default)
2025-04-23 04:29:29,959 [omNode-1@group-523986131536-LeaderElection36] INFO  server.RaftServerConfigKeys (ConfUtils.java:logGet(46)) - raft.server.read.leader.lease.enabled = false (default)
2025-04-23 04:29:29,960 [omNode-1@group-523986131536-LeaderElection36] INFO  server.RaftServerConfigKeys (ConfUtils.java:logGet(46)) - raft.server.read.leader.lease.timeout.ratio = 0.9 (default)
2025-04-23 04:29:29,960 [omNode-1@group-523986131536-LeaderElection36] INFO  server.RaftServerConfigKeys (ConfUtils.java:logGet(46)) - raft.server.rpc.timeout.min = 1s (custom)
2025-04-23 04:29:29,960 [omNode-1@group-523986131536-LeaderElection36] INFO  server.RaftServerConfigKeys (ConfUtils.java:logGet(46)) - raft.server.log.log-metadata.enabled = true (default)
2025-04-23 04:29:29,960 [omNode-1@group-523986131536-LeaderElection36] INFO  server.RaftServerConfigKeys (ConfUtils.java:logGet(46)) - raft.server.write.element-limit = 4096 (default)
2025-04-23 04:29:29,960 [omNode-1@group-523986131536-LeaderElection36] INFO  server.RaftServerConfigKeys (ConfUtils.java:logGet(46)) - raft.server.write.follower.gap.ratio.max = -1.0 (default)
2025-04-23 04:29:29,961 [omNode-1@group-523986131536-LeaderElection36] INFO  server.RaftServerConfigKeys (ConfUtils.java:logGet(46)) - raft.server.log.appender.snapshot.chunk.size.max = 16MB (=16777216) (default)
2025-04-23 04:29:29,961 [omNode-1@group-523986131536-LeaderElection36] INFO  server.RaftServerConfigKeys (ConfUtils.java:logGet(46)) - raft.server.log.appender.buffer.byte-limit = 4194304 (custom)
2025-04-23 04:29:29,961 [omNode-1@group-523986131536-LeaderElection36] INFO  server.RaftServerConfigKeys (ConfUtils.java:logGet(46)) - raft.server.log.appender.buffer.element-limit = 1024 (custom)
2025-04-23 04:29:29,961 [omNode-1@group-523986131536-LeaderElection36] INFO  server.RaftServerConfigKeys (ConfUtils.java:logGet(46)) - raft.server.log.appender.wait-time.min = 0ms (custom)
2025-04-23 04:29:29,961 [omNode-1@group-523986131536-LeaderElection36] INFO  grpc.GrpcConfigKeys (ConfUtils.java:logGet(46)) - raft.grpc.server.leader.outstanding.appends.max = 8 (default)
2025-04-23 04:29:29,962 [omNode-1@group-523986131536-LeaderElection36] INFO  server.RaftServerConfigKeys (ConfUtils.java:logGet(46)) - raft.server.rpc.request.timeout = 3000ms (default)
2025-04-23 04:29:29,962 [omNode-1@group-523986131536-LeaderElection36] INFO  grpc.GrpcConfigKeys (ConfUtils.java:logGet(46)) - raft.grpc.server.install_snapshot.request.element-limit = 8 (default)
2025-04-23 04:29:29,962 [omNode-1@group-523986131536-LeaderElection36] INFO  grpc.GrpcConfigKeys (ConfUtils.java:logGet(46)) - raft.grpc.server.install_snapshot.request.timeout = 3000ms (default)
2025-04-23 04:29:29,962 [omNode-1@group-523986131536-LeaderElection36] INFO  grpc.GrpcConfigKeys (ConfUtils.java:logGet(46)) - raft.grpc.server.log-message.batch.duration = 5s (default)
2025-04-23 04:29:29,962 [omNode-1@group-523986131536-LeaderElection36] INFO  server.RaftServerConfigKeys (ConfUtils.java:logGet(46)) - raft.server.log.appender.install.snapshot.enabled = false (custom)
2025-04-23 04:29:29,962 [omNode-1@group-523986131536-LeaderElection36] INFO  grpc.GrpcConfigKeys (ConfUtils.java:logGet(46)) - raft.grpc.server.heartbeat.channel = true (default)
2025-04-23 04:29:29,963 [omNode-1@group-523986131536-LeaderElection36] INFO  server.RaftServerConfigKeys (ConfUtils.java:logGet(46)) - raft.server.log.appender.snapshot.chunk.size.max = 16MB (=16777216) (default)
2025-04-23 04:29:29,963 [omNode-1@group-523986131536-LeaderElection36] INFO  server.RaftServerConfigKeys (ConfUtils.java:logGet(46)) - raft.server.log.appender.buffer.byte-limit = 4194304 (custom)
2025-04-23 04:29:29,963 [omNode-1@group-523986131536-LeaderElection36] INFO  server.RaftServerConfigKeys (ConfUtils.java:logGet(46)) - raft.server.log.appender.buffer.element-limit = 1024 (custom)
2025-04-23 04:29:29,963 [omNode-1@group-523986131536-LeaderElection36] INFO  server.RaftServerConfigKeys (ConfUtils.java:logGet(46)) - raft.server.log.appender.wait-time.min = 0ms (custom)
2025-04-23 04:29:29,963 [omNode-1@group-523986131536-LeaderElection36] INFO  grpc.GrpcConfigKeys (ConfUtils.java:logGet(46)) - raft.grpc.server.leader.outstanding.appends.max = 8 (default)
2025-04-23 04:29:29,963 [omNode-1@group-523986131536-LeaderElection36] INFO  server.RaftServerConfigKeys (ConfUtils.java:logGet(46)) - raft.server.rpc.request.timeout = 3000ms (default)
2025-04-23 04:29:29,963 [omNode-1@group-523986131536-LeaderElection36] INFO  grpc.GrpcConfigKeys (ConfUtils.java:logGet(46)) - raft.grpc.server.install_snapshot.request.element-limit = 8 (default)
2025-04-23 04:29:29,963 [omNode-1@group-523986131536-LeaderElection36] INFO  grpc.GrpcConfigKeys (ConfUtils.java:logGet(46)) - raft.grpc.server.install_snapshot.request.timeout = 3000ms (default)
2025-04-23 04:29:29,963 [omNode-1@group-523986131536-LeaderElection36] INFO  grpc.GrpcConfigKeys (ConfUtils.java:logGet(46)) - raft.grpc.server.log-message.batch.duration = 5s (default)
2025-04-23 04:29:29,963 [omNode-1@group-523986131536-LeaderElection36] INFO  server.RaftServerConfigKeys (ConfUtils.java:logGet(46)) - raft.server.log.appender.install.snapshot.enabled = false (custom)
2025-04-23 04:29:29,963 [omNode-1@group-523986131536-LeaderElection36] INFO  grpc.GrpcConfigKeys (ConfUtils.java:logGet(46)) - raft.grpc.server.heartbeat.channel = true (default)
2025-04-23 04:29:29,963 [omNode-1@group-523986131536-LeaderElection36] INFO  impl.RoleInfo (RoleInfo.java:updateAndGet(148)) - omNode-1: start omNode-1@group-523986131536-LeaderStateImpl
2025-04-23 04:29:29,963 [omNode-1@group-523986131536-LeaderElection36] INFO  server.RaftServer$Division (RaftServerImpl.java:setFirstElection(562)) - omNode-1@group-523986131536: set firstElectionSinceStartup to false for becomeLeader
2025-04-23 04:29:29,964 [omNode-1@group-523986131536-LeaderElection36] INFO  ratis.OzoneManagerStateMachine (OzoneManagerStateMachine.java:notifyLeaderChanged(169)) - omNode-1@group-523986131536: leader changed to omNode-1
2025-04-23 04:29:29,964 [omNode-1@group-523986131536-LeaderElection36] INFO  server.RaftServer$Division (ServerState.java:setLeader(272)) - omNode-1@group-523986131536: change Leader from null to omNode-1 at term 1 for becomeLeader, leader elected after 1610ms
2025-04-23 04:29:29,964 [omNode-1@group-523986131536-LeaderElection36] INFO  segmented.SegmentedRaftLogWorker (SegmentedRaftLogWorker.java:startLogSegment(438)) - omNode-1@group-523986131536-SegmentedRaftLogWorker: Starting segment from index:0
2025-04-23 04:29:29,964 [omNode-1@group-523986131536-LeaderElection36] INFO  server.RaftServer$Division (ServerState.java:setRaftConf(386)) - omNode-1@group-523986131536: set configuration conf: {index: 0, cur=peers:[omNode-3|localhost:15059, omNode-1|localhost:15051, omNode-2|localhost:15055]|listeners:[], old=null}
2025-04-23 04:29:29,964 [omNode-1@group-523986131536-SegmentedRaftLogWorker] INFO  segmented.BufferedWriteChannel (BufferedWriteChannel.java:open(61)) - open log_inprogress_0 at position 0
2025-04-23 04:29:29,966 [grpc-default-executor-0] WARN  server.GrpcLogAppender (LogUtils.java:warn(121)) - omNode-1@group-523986131536->omNode-3-AppendLogResponseHandler: Failed appendEntries: org.apache.ratis.thirdparty.io.grpc.StatusRuntimeException: UNAVAILABLE: io exception
2025-04-23 04:29:29,967 [grpc-default-executor-0] WARN  server.GrpcLogAppender (GrpcLogAppender.java:lambda$resetClient$1(221)) - omNode-1@group-523986131536->omNode-3-GrpcLogAppender: Follower failed (request=null, errorCount=1); keep nextIndex (0) unchanged and retry.
2025-04-23 04:29:29,970 [grpc-default-executor-1] WARN  server.GrpcLogAppender (GrpcLogAppender.java:lambda$resetClient$1(221)) - omNode-1@group-523986131536->omNode-3-GrpcLogAppender: Follower failed (request=null, errorCount=2); keep nextIndex (1) unchanged and retry.
2025-04-23 04:29:29,974 [omNode-2-server-thread1] INFO  ratis.OzoneManagerStateMachine (OzoneManagerStateMachine.java:notifyLeaderChanged(169)) - omNode-2@group-523986131536: leader changed to omNode-1
2025-04-23 04:29:29,975 [omNode-2-server-thread1] INFO  server.RaftServer$Division (ServerState.java:setLeader(272)) - omNode-2@group-523986131536: change Leader from null to omNode-1 at term 1 for appendEntries, leader elected after 941ms
2025-04-23 04:29:29,975 [omNode-2-server-thread2] INFO  server.RaftServer$Division (ServerState.java:setRaftConf(386)) - omNode-2@group-523986131536: set configuration conf: {index: 0, cur=peers:[omNode-3|localhost:15059, omNode-1|localhost:15051, omNode-2|localhost:15055]|listeners:[], old=null}
2025-04-23 04:29:29,975 [omNode-2-server-thread2] INFO  segmented.SegmentedRaftLogWorker (SegmentedRaftLogWorker.java:startLogSegment(438)) - omNode-2@group-523986131536-SegmentedRaftLogWorker: Starting segment from index:0
2025-04-23 04:29:29,976 [omNode-2@group-523986131536-SegmentedRaftLogWorker] INFO  segmented.BufferedWriteChannel (BufferedWriteChannel.java:open(61)) - open log_inprogress_0 at position 0
2025-04-23 04:29:29,977 [omNode-1@group-523986131536-SegmentedRaftLogWorker] INFO  segmented.SegmentedRaftLogWorker (SegmentedRaftLogWorker.java:execute(644)) - omNode-1@group-523986131536-SegmentedRaftLogWorker: created new log segment /home/runner/work/ozone/ozone/hadoop-ozone/integration-test/target/test-dir/MiniOzoneClusterImpl-e6c14afe-f26c-49b2-91d5-3d25694ec971/omNode-1/ratis/c9bc4cf4-3bc3-3c60-a66b-523986131536/current/log_inprogress_0
2025-04-23 04:29:29,986 [omNode-2@group-523986131536-SegmentedRaftLogWorker] INFO  segmented.SegmentedRaftLogWorker (SegmentedRaftLogWorker.java:execute(644)) - omNode-2@group-523986131536-SegmentedRaftLogWorker: created new log segment /home/runner/work/ozone/ozone/hadoop-ozone/integration-test/target/test-dir/MiniOzoneClusterImpl-e6c14afe-f26c-49b2-91d5-3d25694ec971/omNode-2/ratis/c9bc4cf4-3bc3-3c60-a66b-523986131536/current/log_inprogress_0
2025-04-23 04:29:29,988 [omNode-1@group-523986131536-StateMachineUpdater] INFO  ratis.OzoneManagerStateMachine (OzoneManagerStateMachine.java:notifyConfigurationChanged(231)) - notifyConfigurationChanged from Ratis: term=1, index=0, New Peer list: omNode-3(localhost:15059), omNode-1(localhost:15051), omNode-2(localhost:15055)
2025-04-23 04:29:29,989 [omNode-1@group-523986131536-StateMachineUpdater] INFO  server.RaftServer$Division (LeaderStateImpl.java:checkStartIndex(313)) - Leader omNode-1@group-523986131536-LeaderStateImpl is ready since appliedIndex == startIndex == 0
2025-04-23 04:29:30,051 [main] INFO  reflections.Reflections (Reflections.java:scan(219)) - Reflections took 406 ms to scan 22 urls, producing 61 keys and 7422 values
2025-04-23 04:29:30,052 [main] INFO  ipc.CallQueueManager (CallQueueManager.java:<init>(93)) - Using callQueue: class java.util.concurrent.LinkedBlockingQueue, queueCapacity: 2000, scheduler: class org.apache.hadoop.ipc.DefaultRpcScheduler, ipcBackoff: false, ipcFailOver: false.
2025-04-23 04:29:30,052 [main] INFO  ipc.Server (Server.java:<init>(1438)) - Listener at 127.0.0.1:15056
2025-04-23 04:29:30,053 [Socket Reader #1 for port 15056] INFO  ipc.Server (Server.java:run(1474)) - Starting Socket Reader #1 for port 15056
2025-04-23 04:29:30,053 [Socket Reader #2 for port 15056] INFO  ipc.Server (Server.java:run(1474)) - Starting Socket Reader #2 for port 15056
2025-04-23 04:29:30,053 [Socket Reader #3 for port 15056] INFO  ipc.Server (Server.java:run(1474)) - Starting Socket Reader #3 for port 15056
2025-04-23 04:29:30,053 [Socket Reader #4 for port 15056] INFO  ipc.Server (Server.java:run(1474)) - Starting Socket Reader #4 for port 15056
2025-04-23 04:29:30,053 [Socket Reader #5 for port 15056] INFO  ipc.Server (Server.java:run(1474)) - Starting Socket Reader #5 for port 15056
2025-04-23 04:29:30,053 [Socket Reader #6 for port 15056] INFO  ipc.Server (Server.java:run(1474)) - Starting Socket Reader #6 for port 15056
2025-04-23 04:29:30,054 [Socket Reader #7 for port 15056] INFO  ipc.Server (Server.java:run(1474)) - Starting Socket Reader #7 for port 15056
2025-04-23 04:29:30,054 [Socket Reader #9 for port 15056] INFO  ipc.Server (Server.java:run(1474)) - Starting Socket Reader #9 for port 15056
2025-04-23 04:29:30,054 [Socket Reader #8 for port 15056] INFO  ipc.Server (Server.java:run(1474)) - Starting Socket Reader #8 for port 15056
2025-04-23 04:29:30,054 [Socket Reader #10 for port 15056] INFO  ipc.Server (Server.java:run(1474)) - Starting Socket Reader #10 for port 15056
2025-04-23 04:29:30,070 [main] INFO  impl.MetricsSystemImpl (MetricsSystemImpl.java:init(158)) - OzoneManager metrics system started (again)
2025-04-23 04:29:30,080 [main] INFO  om.OzoneManager (OzoneManager.java:start(1787)) - OzoneManager RPC server is listening at localhost/127.0.0.1:15056
2025-04-23 04:29:30,080 [main] INFO  ratis.OzoneManagerRatisServer (OzoneManagerRatisServer.java:start(628)) - Starting OzoneManagerRatisServer omNode-3 at port 15059
2025-04-23 04:29:30,080 [omNode-3-impl-thread1] INFO  server.RaftServerConfigKeys (ConfUtils.java:logGet(46)) - raft.server.storage.free-space.min = 0MB (=0) (default)
2025-04-23 04:29:30,081 [omNode-3-impl-thread1] INFO  server.RaftServerConfigKeys (ConfUtils.java:logGet(46)) - raft.server.log.corruption.policy = EXCEPTION (default)
2025-04-23 04:29:30,081 [omNode-3-impl-thread1] INFO  server.RaftServerConfigKeys (ConfUtils.java:logGet(46)) - raft.server.storage.dir = [/home/runner/work/ozone/ozone/hadoop-ozone/integration-test/target/test-dir/MiniOzoneClusterImpl-e6c14afe-f26c-49b2-91d5-3d25694ec971/omNode-3/ratis] (custom)
2025-04-23 04:29:30,081 [omNode-3-impl-thread1] INFO  storage.RaftStorageDirectory (RaftStorageDirectoryImpl.java:analyzeStorage(138)) - The storage directory /home/runner/work/ozone/ozone/hadoop-ozone/integration-test/target/test-dir/MiniOzoneClusterImpl-e6c14afe-f26c-49b2-91d5-3d25694ec971/omNode-3/ratis/c9bc4cf4-3bc3-3c60-a66b-523986131536 does not exist. Creating ...
2025-04-23 04:29:30,082 [omNode-3-impl-thread1] INFO  storage.RaftStorageDirectory (RaftStorageDirectoryImpl.java:tryLock(229)) - Lock on /home/runner/work/ozone/ozone/hadoop-ozone/integration-test/target/test-dir/MiniOzoneClusterImpl-e6c14afe-f26c-49b2-91d5-3d25694ec971/omNode-3/ratis/c9bc4cf4-3bc3-3c60-a66b-523986131536/in_use.lock acquired by nodename 129558@fv-az1441-587
2025-04-23 04:29:30,083 [omNode-3-impl-thread1] INFO  storage.RaftStorage (RaftStorageImpl.java:format(98)) - Storage directory /home/runner/work/ozone/ozone/hadoop-ozone/integration-test/target/test-dir/MiniOzoneClusterImpl-e6c14afe-f26c-49b2-91d5-3d25694ec971/omNode-3/ratis/c9bc4cf4-3bc3-3c60-a66b-523986131536 has been successfully formatted.
2025-04-23 04:29:30,083 [omNode-3-impl-thread1] INFO  ratis.OzoneManagerStateMachine (OzoneManagerStateMachine.java:lambda$0(138)) - omNode-3: initialize group-523986131536 with (t:0, i:~)
2025-04-23 04:29:30,083 [omNode-3-impl-thread1] INFO  server.RaftServerConfigKeys (ConfUtils.java:logGet(46)) - raft.server.log.use.memory = false (default)
2025-04-23 04:29:30,083 [omNode-3-impl-thread1] INFO  server.RaftServerConfigKeys (ConfUtils.java:logGet(46)) - raft.server.log.purge.gap = 50 (custom)
2025-04-23 04:29:30,083 [omNode-3-impl-thread1] INFO  server.RaftServerConfigKeys (ConfUtils.java:logGet(46)) - raft.server.log.appender.buffer.byte-limit = 4194304 (custom)
2025-04-23 04:29:30,083 [omNode-3-impl-thread1] INFO  server.RaftServerConfigKeys (ConfUtils.java:logGet(46)) - raft.server.log.statemachine.data.read.timeout = 1000ms (default)
2025-04-23 04:29:30,083 [omNode-3-impl-thread1] INFO  server.RaftServerConfigKeys (ConfUtils.java:logGet(46)) - raft.server.log.purge.preservation.log.num = 0 (default)
2025-04-23 04:29:30,084 [omNode-3-impl-thread1] INFO  server.RaftServerConfigKeys (ConfUtils.java:logGet(46)) - raft.server.log.segment.size.max = 4194304 (custom)
2025-04-23 04:29:30,084 [omNode-3-impl-thread1] INFO  server.RaftServerConfigKeys (ConfUtils.java:logGet(46)) - raft.server.log.segment.cache.num.max = 2 (custom)
2025-04-23 04:29:30,084 [omNode-3-impl-thread1] INFO  server.RaftServerConfigKeys (ConfUtils.java:logGet(46)) - raft.server.log.segment.cache.size.max = 200MB (=209715200) (default)
2025-04-23 04:29:30,084 [omNode-3-impl-thread1] INFO  server.RaftServerConfigKeys (ConfUtils.java:logGet(46)) - raft.server.log.appender.buffer.byte-limit = 4194304 (custom)
2025-04-23 04:29:30,084 [omNode-3-impl-thread1] INFO  util.AwaitToRun (AwaitToRun.java:start(81)) - Thread[#8550,omNode-3@group-523986131536-cacheEviction-AwaitToRun,5,main] started
2025-04-23 04:29:30,084 [omNode-3-impl-thread1] INFO  segmented.SegmentedRaftLogWorker (SegmentedRaftLogWorker.java:<init>(188)) - new omNode-3@group-523986131536-SegmentedRaftLogWorker for RaftStorageImpl:Storage Directory /home/runner/work/ozone/ozone/hadoop-ozone/integration-test/target/test-dir/MiniOzoneClusterImpl-e6c14afe-f26c-49b2-91d5-3d25694ec971/omNode-3/ratis/c9bc4cf4-3bc3-3c60-a66b-523986131536
2025-04-23 04:29:30,084 [omNode-3-impl-thread1] INFO  server.RaftServerConfigKeys (ConfUtils.java:logGet(46)) - raft.server.log.queue.byte-limit = 64MB (=67108864) (default)
2025-04-23 04:29:30,085 [omNode-3-impl-thread1] INFO  server.RaftServerConfigKeys (ConfUtils.java:logGet(46)) - raft.server.log.queue.element-limit = 4096 (default)
2025-04-23 04:29:30,085 [omNode-3-impl-thread1] INFO  server.RaftServerConfigKeys (ConfUtils.java:logGet(46)) - raft.server.log.segment.size.max = 4194304 (custom)
2025-04-23 04:29:30,085 [omNode-3-impl-thread1] INFO  server.RaftServerConfigKeys (ConfUtils.java:logGet(46)) - raft.server.log.preallocated.size = 4194304 (custom)
2025-04-23 04:29:30,085 [omNode-3-impl-thread1] INFO  server.RaftServerConfigKeys (ConfUtils.java:logGet(46)) - raft.server.log.force.sync.num = 128 (default)
2025-04-23 04:29:30,085 [omNode-3-impl-thread1] INFO  server.RaftServerConfigKeys (ConfUtils.java:logGet(46)) - raft.server.log.statemachine.data.sync = true (default)
2025-04-23 04:29:30,085 [omNode-3-impl-thread1] INFO  server.RaftServerConfigKeys (ConfUtils.java:logGet(46)) - raft.server.log.statemachine.data.sync.timeout = 10s (default)
2025-04-23 04:29:30,085 [omNode-3-impl-thread1] INFO  server.RaftServerConfigKeys (ConfUtils.java:logGet(46)) - raft.server.log.statemachine.data.sync.timeout.retry = -1 (default)
2025-04-23 04:29:30,085 [omNode-3-impl-thread1] INFO  server.RaftServerConfigKeys (ConfUtils.java:logGet(46)) - raft.server.log.write.buffer.size = 4194312 (custom)
2025-04-23 04:29:30,085 [omNode-3-impl-thread1] INFO  server.RaftServerConfigKeys (ConfUtils.java:logGet(46)) - raft.server.log.appender.buffer.byte-limit = 4194304 (custom)
2025-04-23 04:29:30,085 [omNode-3-impl-thread1] INFO  server.RaftServerConfigKeys (ConfUtils.java:logGet(46)) - raft.server.log.unsafe-flush.enabled = false (default)
2025-04-23 04:29:30,085 [omNode-3-impl-thread1] INFO  server.RaftServerConfigKeys (ConfUtils.java:logGet(46)) - raft.server.log.async-flush.enabled = false (default)
2025-04-23 04:29:30,085 [omNode-3-impl-thread1] INFO  server.RaftServerConfigKeys (ConfUtils.java:logGet(46)) - raft.server.log.statemachine.data.caching.enabled = false (default)
2025-04-23 04:29:30,085 [omNode-3-impl-thread1] INFO  segmented.SegmentedRaftLogWorker (SegmentedRaftLogWorker.java:lambda$new$0(139)) - omNode-3@group-523986131536-SegmentedRaftLogWorker: flushIndex: setUnconditionally 0 -> -1
2025-04-23 04:29:30,086 [omNode-3-impl-thread1] INFO  segmented.SegmentedRaftLogWorker (SegmentedRaftLogWorker.java:lambda$new$0(139)) - omNode-3@group-523986131536-SegmentedRaftLogWorker: safeCacheEvictIndex: setUnconditionally 0 -> -1
2025-04-23 04:29:30,086 [omNode-3-impl-thread1] INFO  server.RaftServer$Division (RaftServerImpl.java:start(391)) - omNode-3@group-523986131536: start as a follower, conf=conf: {index: -1, cur=peers:[omNode-3|localhost:15059, omNode-1|localhost:15051, omNode-2|localhost:15055]|listeners:[], old=null}
2025-04-23 04:29:30,086 [omNode-3-impl-thread1] INFO  server.RaftServer$Division (RaftServerImpl.java:setRole(378)) - omNode-3@group-523986131536: changes role from      null to FOLLOWER at term 0 for startAsFollower
2025-04-23 04:29:30,086 [omNode-3-impl-thread1] INFO  impl.RoleInfo (RoleInfo.java:updateAndGet(148)) - omNode-3: start omNode-3@group-523986131536-FollowerState
2025-04-23 04:29:30,086 [omNode-3-impl-thread1] INFO  util.JmxRegister (JmxRegister.java:tryRegister(44)) - Successfully registered JMX Bean with object name Ratis:service=RaftServer,group=group-523986131536,id=omNode-3
2025-04-23 04:29:30,086 [omNode-3-impl-thread1] INFO  util.JmxRegister (JmxRegister.java:register(58)) - register mxBean class org.apache.ratis.server.impl.RaftServerJmxAdapter as Ratis:service=RaftServer,group=group-523986131536,id=omNode-3
2025-04-23 04:29:30,086 [omNode-3-impl-thread1] INFO  server.RaftServerConfigKeys (ConfUtils.java:logGet(46)) - raft.server.snapshot.trigger-when-stop.enabled = true (default)
2025-04-23 04:29:30,086 [omNode-3-impl-thread1] INFO  server.RaftServerConfigKeys (ConfUtils.java:logGet(46)) - raft.server.snapshot.trigger-when-remove.enabled = true (default)
2025-04-23 04:29:30,086 [omNode-3-impl-thread1] INFO  server.RaftServerConfigKeys (ConfUtils.java:logGet(46)) - raft.server.snapshot.auto.trigger.enabled = true (custom)
2025-04-23 04:29:30,086 [omNode-3-impl-thread1] INFO  server.RaftServerConfigKeys (ConfUtils.java:logGet(46)) - raft.server.snapshot.auto.trigger.threshold = 50 (custom)
2025-04-23 04:29:30,086 [omNode-3-impl-thread1] INFO  server.RaftServerConfigKeys (ConfUtils.java:logGet(46)) - raft.server.snapshot.retention.file.num = -1 (default)
2025-04-23 04:29:30,086 [omNode-3-impl-thread1] INFO  server.RaftServerConfigKeys (ConfUtils.java:logGet(46)) - raft.server.log.purge.upto.snapshot.index = true (custom)
2025-04-23 04:29:30,086 [omNode-3@group-523986131536-FollowerState] INFO  server.RaftServerConfigKeys (ConfUtils.java:logFallback(53)) - raft.server.rpc.first-election.timeout.min = 1s (fallback to raft.server.rpc.timeout.min)
2025-04-23 04:29:30,087 [omNode-3@group-523986131536-FollowerState] INFO  server.RaftServerConfigKeys (ConfUtils.java:logFallback(53)) - raft.server.rpc.first-election.timeout.max = 1200ms (fallback to raft.server.rpc.timeout.max)
2025-04-23 04:29:30,087 [omNode-3-impl-thread1] INFO  server.RaftServer$Division (RaftServerImpl.java:start(405)) - omNode-3@group-523986131536: Successfully started.
2025-04-23 04:29:30,087 [main] INFO  server.RaftServer (RaftServerProxy.java:startImpl(407)) - omNode-3: start RPC server
2025-04-23 04:29:30,087 [main] INFO  server.GrpcService (GrpcService.java:startImpl(334)) - omNode-3: GrpcService started, listening on 15059
2025-04-23 04:29:30,088 [main] INFO  om.OzoneManager (OzoneManager.java:start(1802)) - Version File has different layout version (8) than OM DB (null). That is expected if this OM has never been finalized to a newer layout version.
2025-04-23 04:29:30,088 [JvmPauseMonitor45] INFO  util.JvmPauseMonitor (JvmPauseMonitor.java:run(146)) - JvmPauseMonitor-omNode-3: Started
2025-04-23 04:29:30,090 [main] INFO  client.ScmTopologyClient (ScmTopologyClient.java:start(70)) - Initial network topology fetched from SCM: /.
2025-04-23 04:29:30,090 [main] INFO  net.NodeSchemaLoader (NodeSchemaLoader.java:loadSchemaFromFile(127)) - Loading schema from [jar:file:/home/runner/work/ozone/ozone/hadoop-hdds/common/target/hdds-common-2.1.0-SNAPSHOT.jar!/network-topology-default.xml]
2025-04-23 04:29:30,090 [main] INFO  net.NodeSchemaLoader (NodeSchemaLoader.java:loadSchema(174)) - Loading network topology layer schema file
2025-04-23 04:29:30,095 [main] INFO  http.BaseHttpServer (BaseHttpServer.java:newHttpServer2BuilderForOzone(229)) - Starting Web-server for ozoneManager at: http://0.0.0.0:15057
2025-04-23 04:29:30,095 [main] INFO  http.BaseHttpServer (BaseHttpServer.java:<init>(107)) - Hadoop Security Enabled: false Ozone Security Enabled: false Ozone HTTP Security Enabled: false 
2025-04-23 04:29:30,096 [main] WARN  server.AuthenticationFilter (AuthenticationFilter.java:constructSecretProvider(240)) - Unable to initialize FileSignerSecretProvider, falling back to use random secrets. Reason: Could not read signature secret file: /home/runner/hadoop-http-auth-signature-secret
2025-04-23 04:29:30,097 [main] INFO  http.HttpServer2 (HttpServer2.java:addGlobalFilter(1041)) - Added global filter 'safety' (class=org.apache.hadoop.hdds.server.http.HttpServer2$QuotingInputFilter)
2025-04-23 04:29:30,098 [main] INFO  http.HttpServer2 (HttpServer2.java:addFilter(1017)) - Added filter static_user_filter (class=org.apache.hadoop.http.lib.StaticUserWebFilter$StaticUserFilter) to context ozoneManager
2025-04-23 04:29:30,098 [main] INFO  http.HttpServer2 (HttpServer2.java:addFilter(1025)) - Added filter static_user_filter (class=org.apache.hadoop.http.lib.StaticUserWebFilter$StaticUserFilter) to context static
2025-04-23 04:29:30,098 [main] INFO  http.HttpServer2 (HttpServer2.java:addFilter(1025)) - Added filter static_user_filter (class=org.apache.hadoop.http.lib.StaticUserWebFilter$StaticUserFilter) to context logs
2025-04-23 04:29:30,098 [main] INFO  http.BaseHttpServer (BaseHttpServer.java:<init>(195)) - HTTP server of ozoneManager uses base directory /home/runner/work/ozone/ozone/hadoop-ozone/integration-test/target/test-dir/MiniOzoneClusterImpl-e6c14afe-f26c-49b2-91d5-3d25694ec971/omNode-3/webserver
2025-04-23 04:29:30,099 [main] INFO  http.HttpServer2 (HttpServer2.java:bindListener(1241)) - Jetty bound to port 15057
2025-04-23 04:29:30,099 [main] INFO  server.Server (Server.java:doStart(375)) - jetty-9.4.57.v20241219; built: 2025-01-08T21:24:30.412Z; git: df524e6b29271c2e09ba9aea83c18dc9db464a31; jvm 21.0.7+6-LTS
2025-04-23 04:29:30,100 [main] INFO  server.session (DefaultSessionIdManager.java:doStart(334)) - DefaultSessionIdManager workerName=node0
2025-04-23 04:29:30,100 [main] INFO  server.session (DefaultSessionIdManager.java:doStart(339)) - No SessionScavenger set, using defaults
2025-04-23 04:29:30,100 [main] INFO  server.session (HouseKeeper.java:startScavenging(132)) - node0 Scavenging every 660000ms
2025-04-23 04:29:30,101 [main] INFO  handler.ContextHandler (ContextHandler.java:doStart(921)) - Started o.e.j.s.ServletContextHandler@1f512acf{logs,/logs,file:///home/runner/work/ozone/ozone/hadoop-ozone/integration-test/target/log,AVAILABLE}
2025-04-23 04:29:30,101 [main] INFO  handler.ContextHandler (ContextHandler.java:doStart(921)) - Started o.e.j.s.ServletContextHandler@1858f81a{static,/static,file:///home/runner/work/ozone/ozone/hadoop-ozone/integration-test/target/test-classes/webapps/static,AVAILABLE}
2025-04-23 04:29:30,105 [main] INFO  handler.ContextHandler (ContextHandler.java:doStart(921)) - Started o.e.j.w.WebAppContext@34297904{ozoneManager,/,file:///home/runner/work/ozone/ozone/hadoop-ozone/integration-test/target/test-classes/webapps/ozoneManager/,AVAILABLE}{file:/home/runner/work/ozone/ozone/hadoop-ozone/integration-test/target/test-classes/webapps/ozoneManager}
2025-04-23 04:29:30,105 [main] INFO  server.AbstractConnector (AbstractConnector.java:doStart(333)) - Started ServerConnector@23be9cbf{HTTP/1.1, (http/1.1)}{0.0.0.0:15057}
2025-04-23 04:29:30,105 [main] INFO  server.Server (Server.java:doStart(415)) - Started @173524ms
2025-04-23 04:29:30,105 [main] WARN  impl.MetricsSystemImpl (MetricsSystemImpl.java:register(279)) - Sink prometheus already exists!
2025-04-23 04:29:30,105 [main] INFO  http.BaseHttpServer (BaseHttpServer.java:updateConnectorAddress(360)) - HTTP server of ozoneManager listening at http://0.0.0.0:15057
2025-04-23 04:29:30,106 [IPC Server Responder] INFO  ipc.Server (Server.java:run(1713)) - IPC Server Responder: starting
2025-04-23 04:29:30,106 [IPC Server listener on 15056] INFO  ipc.Server (Server.java:run(1553)) - IPC Server listener on 15056: starting
2025-04-23 04:29:30,108 [main] INFO  om.OzoneManager (OzoneManager.java:startTrashEmptier(2257)) - Trash Interval set to 0. Files deleted won't move to trash
2025-04-23 04:29:30,109 [main] INFO  ozone.MiniOzoneHAClusterImpl (MiniOzoneHAClusterImpl.java:createOMService(516)) - Started OzoneManager omNode-3 RPC server at localhost/127.0.0.1:15056
2025-04-23 04:29:30,117 [main] WARN  dropwizard3.Dm3MetricRegistriesImpl (Dm3MetricRegistriesImpl.java:addReporterRegistration(114)) - New reporters are added after registries were created. Some metrics will be missing from the reporter. Please add reporter before adding any new registry.
2025-04-23 04:29:30,117 [main] WARN  dropwizard3.Dm3MetricRegistriesImpl (Dm3MetricRegistriesImpl.java:addReporterRegistration(114)) - New reporters are added after registries were created. Some metrics will be missing from the reporter. Please add reporter before adding any new registry.
2025-04-23 04:29:30,117 [main] INFO  impl.MetricsSystemImpl (MetricsSystemImpl.java:init(158)) - HddsDatanode metrics system started (again)
2025-04-23 04:29:30,127 [main] INFO  protocol.DatanodeDetails (DatanodeDetails.java:validateDatanodeIpAddress(199)) - Updating IP address of datanode 7e05a46c-0a2e-4cd7-9b48-a27584e21533(fv-az1441-587.lnin1eoc0irezeqatpkuni3jdf.cx.internal.cloudapp.net/null) to 10.1.0.164
2025-04-23 04:29:30,127 [main] INFO  ozone.HddsDatanodeService (HddsDatanodeService.java:start(234)) - HddsDatanodeService 7e05a46c-0a2e-4cd7-9b48-a27584e21533(fv-az1441-587.lnin1eoc0irezeqatpkuni3jdf.cx.internal.cloudapp.net/10.1.0.164)
2025-04-23 04:29:30,129 [main] INFO  upgrade.AbstractLayoutVersionManager (AbstractLayoutVersionManager.java:init(80)) - Initializing Layout version manager with metadata layout = HBASE_SUPPORT (version = 8), software layout = HBASE_SUPPORT (version = 8)
2025-04-23 04:29:30,129 [main] INFO  statemachine.DatanodeStateMachine (DatanodeStateMachine.java:getEndPointTaskThreadPoolSize(297)) - Datanode State Machine Task Thread Pool size 2
2025-04-23 04:29:30,132 [main] INFO  volume.HddsVolume (HddsVolume.java:<init>(158)) - HddsVolume: { id=DS-24eb7854-393f-4c77-86be-1cccfe3d53cb dir=/home/runner/work/ozone/ozone/hadoop-ozone/integration-test/target/test-dir/MiniOzoneClusterImpl-e6c14afe-f26c-49b2-91d5-3d25694ec971/ozone-meta/datanode-1/data-0/hdds type=DISK capacity=9222449699674390527 used=0 available=9222449699674390527 minFree=5368709120 committed=0 }
2025-04-23 04:29:30,132 [main] INFO  volume.MutableVolumeSet (MutableVolumeSet.java:initializeVolumeSet(166)) - Added Volume : /home/runner/work/ozone/ozone/hadoop-ozone/integration-test/target/test-dir/MiniOzoneClusterImpl-e6c14afe-f26c-49b2-91d5-3d25694ec971/ozone-meta/datanode-1/data-0/hdds to VolumeSet
2025-04-23 04:29:30,133 [main] INFO  volume.MutableVolumeSet (MutableVolumeSet.java:initializeVolumeSet(166)) - Added Volume : /home/runner/work/ozone/ozone/hadoop-ozone/integration-test/target/test-dir/MiniOzoneClusterImpl-e6c14afe-f26c-49b2-91d5-3d25694ec971/ozone-meta/datanode-1/ratis to VolumeSet
2025-04-23 04:29:30,134 [main] INFO  ozoneimpl.OzoneContainer (HddsVolumeUtil.java:loadAllHddsVolumeDbStore(102)) - Load 1 volumes DbStore cost: 0ms
2025-04-23 04:29:30,134 [main] WARN  db.DBStoreBuilder (DBStoreBuilder.java:getDBDirPath(167)) - ozone.scm.datanode.id.dir is not configured. We recommend adding this setting. Falling back to ozone.metadata.dirs instead.
2025-04-23 04:29:30,135 [main] WARN  db.DBStoreBuilder (DBStoreBuilder.java:getDBDirPath(167)) - ozone.scm.datanode.id.dir is not configured. We recommend adding this setting. Falling back to ozone.metadata.dirs instead.
2025-04-23 04:29:30,147 [main] INFO  impl.FilePerChunkStrategy (FilePerChunkStrategy.java:<init>(79)) - ozone.chunk.read.mapped.buffer.max.count is load with 0
2025-04-23 04:29:30,147 [main] INFO  impl.FilePerBlockStrategy (FilePerBlockStrategy.java:<init>(87)) - ozone.chunk.read.mapped.buffer.max.count is load with 0
2025-04-23 04:29:30,147 [main] INFO  server.RaftServerConfigKeys (ConfUtils.java:logGet(46)) - raft.server.log.appender.buffer.byte-limit = 33554432 (custom)
2025-04-23 04:29:30,148 [main] INFO  server.RaftServer (ConfUtils.java:logGet(46)) - raft.rpc.type = GRPC (default)
2025-04-23 04:29:30,148 [main] INFO  grpc.GrpcConfigKeys (ConfUtils.java:logFallback(53)) - raft.grpc.admin.host = null (fallback to raft.grpc.server.host)
2025-04-23 04:29:30,148 [main] INFO  grpc.GrpcConfigKeys (ConfUtils.java:logGet(46)) - raft.grpc.admin.port = 15064 (custom)
2025-04-23 04:29:30,148 [main] INFO  grpc.GrpcConfigKeys (ConfUtils.java:logFallback(53)) - raft.grpc.client.host = null (fallback to raft.grpc.server.host)
2025-04-23 04:29:30,149 [main] INFO  grpc.GrpcConfigKeys (ConfUtils.java:logGet(46)) - raft.grpc.client.port = 15063 (custom)
2025-04-23 04:29:30,149 [main] INFO  grpc.GrpcConfigKeys (ConfUtils.java:logGet(46)) - raft.grpc.server.host = null (default)
2025-04-23 04:29:30,149 [main] INFO  grpc.GrpcConfigKeys (ConfUtils.java:logGet(46)) - raft.grpc.server.port = 15065 (custom)
2025-04-23 04:29:30,149 [main] INFO  server.GrpcService (ConfUtils.java:logGet(46)) - raft.grpc.message.size.max = 34603008 (custom)
2025-04-23 04:29:30,149 [main] INFO  server.GrpcService (ConfUtils.java:logGet(46)) - raft.grpc.flow.control.window = 5MB (=5242880) (custom)
2025-04-23 04:29:30,149 [main] INFO  server.RaftServerConfigKeys (ConfUtils.java:logGet(46)) - raft.server.rpc.request.timeout = 60s (custom)
2025-04-23 04:29:30,149 [main] INFO  grpc.GrpcConfigKeys (ConfUtils.java:logGet(46)) - raft.grpc.server.heartbeat.channel = true (default)
2025-04-23 04:29:30,149 [main] INFO  server.RaftServerConfigKeys (ConfUtils.java:logGet(46)) - raft.server.log.appender.buffer.byte-limit = 33554432 (custom)
2025-04-23 04:29:30,149 [main] INFO  grpc.GrpcConfigKeys (ConfUtils.java:logGet(46)) - raft.grpc.server.async.request.thread.pool.cached = true (default)
2025-04-23 04:29:30,149 [main] INFO  grpc.GrpcConfigKeys (ConfUtils.java:logGet(46)) - raft.grpc.server.async.request.thread.pool.size = 32 (default)
2025-04-23 04:29:30,150 [main] INFO  impl.DataStreamServerImpl (ConfUtils.java:logGet(46)) - raft.datastream.type = NETTY (custom)
2025-04-23 04:29:30,150 [main] INFO  server.RaftServerConfigKeys (ConfUtils.java:logGet(46)) - raft.server.data-stream.async.request.thread.pool.cached = false (default)
2025-04-23 04:29:30,150 [main] INFO  server.RaftServerConfigKeys (ConfUtils.java:logGet(46)) - raft.server.data-stream.async.request.thread.pool.size = 20 (custom)
2025-04-23 04:29:30,150 [main] INFO  server.RaftServerConfigKeys (ConfUtils.java:logGet(46)) - raft.server.data-stream.async.write.thread.pool.size = 16 (default)
2025-04-23 04:29:30,150 [main] INFO  netty.NettyConfigKeys$DataStream (ConfUtils.java:logGet(46)) - raft.netty.dataStream.server.channel.inactive.grace-period = 10min (default)
2025-04-23 04:29:30,150 [main] INFO  server.RaftServerConfigKeys (ConfUtils.java:logGet(46)) - raft.server.data-stream.client.pool.size = 10 (default)
2025-04-23 04:29:30,151 [main] INFO  netty.NettyConfigKeys$DataStream (ConfUtils.java:logGet(46)) - raft.netty.dataStream.server.use-epoll = true (default)
2025-04-23 04:29:30,151 [main] INFO  netty.NettyConfigKeys$DataStream (ConfUtils.java:logGet(46)) - raft.netty.dataStream.server.boss-group.size = 0 (default)
2025-04-23 04:29:30,151 [main] INFO  netty.NettyUtils (NettyUtils.java:newEventLoopGroup(74)) - Create EpollEventLoopGroup for 7e05a46c-0a2e-4cd7-9b48-a27584e21533-NettyServerStreamRpc-bossGroup; Thread size is 0.
2025-04-23 04:29:30,151 [main] INFO  netty.NettyConfigKeys$DataStream (ConfUtils.java:logGet(46)) - raft.netty.dataStream.server.worker-group.size = 0 (default)
2025-04-23 04:29:30,151 [main] INFO  netty.NettyUtils (NettyUtils.java:newEventLoopGroup(74)) - Create EpollEventLoopGroup for 7e05a46c-0a2e-4cd7-9b48-a27584e21533-NettyServerStreamRpc-workerGroup; Thread size is 0.
2025-04-23 04:29:30,151 [main] INFO  netty.NettyConfigKeys$DataStream (ConfUtils.java:logGet(46)) - raft.netty.dataStream.server.tls.conf = null (default)
2025-04-23 04:29:30,151 [main] INFO  netty.NettyConfigKeys$DataStream (ConfUtils.java:logGet(46)) - raft.netty.dataStream.host = null (default)
2025-04-23 04:29:30,152 [main] INFO  netty.NettyConfigKeys$DataStream (ConfUtils.java:logGet(46)) - raft.netty.dataStream.port = 15066 (custom)
2025-04-23 04:29:30,152 [main] INFO  server.RaftServerConfigKeys (ConfUtils.java:logGet(46)) - raft.server.sleep.deviation.threshold = 300ms (default)
2025-04-23 04:29:30,152 [main] INFO  server.RaftServerConfigKeys (ConfUtils.java:logGet(46)) - raft.server.close.threshold = 60s (default)
2025-04-23 04:29:30,152 [main] INFO  server.RaftServerConfigKeys (ConfUtils.java:logGet(46)) - raft.server.leaderelection.leader.step-down.wait-time = 10s (default)
2025-04-23 04:29:30,152 [7e05a46c-0a2e-4cd7-9b48-a27584e21533-NettyServerStreamRpc-bossGroup--thread1] INFO  logging.LoggingHandler (AbstractInternalLogger.java:log(148)) - [id: 0xf4caa230] REGISTERED
2025-04-23 04:29:30,152 [main] INFO  server.RaftServerConfigKeys (ConfUtils.java:logGet(46)) - raft.server.storage.dir = [/home/runner/work/ozone/ozone/hadoop-ozone/integration-test/target/test-dir/MiniOzoneClusterImpl-e6c14afe-f26c-49b2-91d5-3d25694ec971/ozone-meta/datanode-1/ratis] (custom)
2025-04-23 04:29:30,152 [7e05a46c-0a2e-4cd7-9b48-a27584e21533-NettyServerStreamRpc-bossGroup--thread1] INFO  logging.LoggingHandler (AbstractInternalLogger.java:log(148)) - [id: 0xf4caa230] BIND: 0.0.0.0/0.0.0.0:15066
2025-04-23 04:29:30,152 [main] INFO  server.RaftServerConfigKeys (ConfUtils.java:logGet(46)) - raft.server.threadpool.proxy.cached = true (default)
2025-04-23 04:29:30,153 [7e05a46c-0a2e-4cd7-9b48-a27584e21533-NettyServerStreamRpc-bossGroup--thread1] INFO  logging.LoggingHandler (AbstractInternalLogger.java:log(148)) - [id: 0xf4caa230, L:/0.0.0.0:15066] ACTIVE
2025-04-23 04:29:30,153 [main] INFO  server.RaftServerConfigKeys (ConfUtils.java:logGet(46)) - raft.server.threadpool.proxy.size = 0 (default)
2025-04-23 04:29:30,153 [7e05a46c-0a2e-4cd7-9b48-a27584e21533-impl-thread1] INFO  server.RaftServer (RaftServerProxy.java:initGroupDir(265)) - 7e05a46c-0a2e-4cd7-9b48-a27584e21533: found a subdirectory /home/runner/work/ozone/ozone/hadoop-ozone/integration-test/target/test-dir/MiniOzoneClusterImpl-e6c14afe-f26c-49b2-91d5-3d25694ec971/ozone-meta/datanode-1/ratis/tmp
2025-04-23 04:29:30,153 [7e05a46c-0a2e-4cd7-9b48-a27584e21533-impl-thread1] INFO  server.RaftServer (RaftServerProxy.java:initGroupDir(270)) - 7e05a46c-0a2e-4cd7-9b48-a27584e21533: The directory /home/runner/work/ozone/ozone/hadoop-ozone/integration-test/target/test-dir/MiniOzoneClusterImpl-e6c14afe-f26c-49b2-91d5-3d25694ec971/ozone-meta/datanode-1/ratis/tmp is not a group directory; ignoring it. 
2025-04-23 04:29:30,153 [main] INFO  replication.ReplicationServer (ReplicationServer.java:<init>(84)) - Initializing replication server with thread count = 10 queue length = 4096
2025-04-23 04:29:30,154 [main] INFO  server.XceiverServerGrpc (XceiverServerGrpc.java:<init>(131)) - GrpcServer channel type EpollServerSocketChannel
2025-04-23 04:29:30,155 [main] INFO  replication.ReplicationSupervisor (ReplicationSupervisor.java:build(169)) - Initializing replication supervisor with thread count = 10
2025-04-23 04:29:30,155 [main] INFO  replication.ReplicationSupervisor (ReplicationSupervisor.java:nodeStateUpdated(358)) - Node state updated to IN_SERVICE, scaling executor pool size to 10
2025-04-23 04:29:30,157 [main] INFO  http.BaseHttpServer (BaseHttpServer.java:newHttpServer2BuilderForOzone(229)) - Starting Web-server for hddsDatanode at: http://0.0.0.0:15060
2025-04-23 04:29:30,157 [main] INFO  http.BaseHttpServer (BaseHttpServer.java:<init>(107)) - Hadoop Security Enabled: false Ozone Security Enabled: false Ozone HTTP Security Enabled: false 
2025-04-23 04:29:30,158 [main] WARN  server.AuthenticationFilter (AuthenticationFilter.java:constructSecretProvider(240)) - Unable to initialize FileSignerSecretProvider, falling back to use random secrets. Reason: Could not read signature secret file: /home/runner/hadoop-http-auth-signature-secret
2025-04-23 04:29:30,159 [main] INFO  http.HttpServer2 (HttpServer2.java:addGlobalFilter(1041)) - Added global filter 'safety' (class=org.apache.hadoop.hdds.server.http.HttpServer2$QuotingInputFilter)
2025-04-23 04:29:30,159 [main] INFO  http.HttpServer2 (HttpServer2.java:addFilter(1017)) - Added filter static_user_filter (class=org.apache.hadoop.http.lib.StaticUserWebFilter$StaticUserFilter) to context hddsDatanode
2025-04-23 04:29:30,160 [main] INFO  http.HttpServer2 (HttpServer2.java:addFilter(1025)) - Added filter static_user_filter (class=org.apache.hadoop.http.lib.StaticUserWebFilter$StaticUserFilter) to context logs
2025-04-23 04:29:30,160 [main] INFO  http.HttpServer2 (HttpServer2.java:addFilter(1025)) - Added filter static_user_filter (class=org.apache.hadoop.http.lib.StaticUserWebFilter$StaticUserFilter) to context static
2025-04-23 04:29:30,160 [main] INFO  http.BaseHttpServer (BaseHttpServer.java:<init>(195)) - HTTP server of hddsDatanode uses base directory /home/runner/work/ozone/ozone/hadoop-ozone/integration-test/target/test-dir/MiniOzoneClusterImpl-e6c14afe-f26c-49b2-91d5-3d25694ec971/ozone-meta/datanode-1/meta/webserver
2025-04-23 04:29:30,160 [main] INFO  http.HttpServer2 (HttpServer2.java:bindListener(1241)) - Jetty bound to port 15060
2025-04-23 04:29:30,160 [main] INFO  server.Server (Server.java:doStart(375)) - jetty-9.4.57.v20241219; built: 2025-01-08T21:24:30.412Z; git: df524e6b29271c2e09ba9aea83c18dc9db464a31; jvm 21.0.7+6-LTS
2025-04-23 04:29:30,162 [main] INFO  server.session (DefaultSessionIdManager.java:doStart(334)) - DefaultSessionIdManager workerName=node0
2025-04-23 04:29:30,162 [main] INFO  server.session (DefaultSessionIdManager.java:doStart(339)) - No SessionScavenger set, using defaults
2025-04-23 04:29:30,162 [main] INFO  server.session (HouseKeeper.java:startScavenging(132)) - node0 Scavenging every 660000ms
2025-04-23 04:29:30,163 [main] INFO  handler.ContextHandler (ContextHandler.java:doStart(921)) - Started o.e.j.s.ServletContextHandler@64b3c2d5{logs,/logs,file:///home/runner/work/ozone/ozone/hadoop-ozone/integration-test/target/log,AVAILABLE}
2025-04-23 04:29:30,163 [main] INFO  handler.ContextHandler (ContextHandler.java:doStart(921)) - Started o.e.j.s.ServletContextHandler@3c7f7cc2{static,/static,jar:file:/home/runner/work/ozone/ozone/hadoop-hdds/container-service/target/hdds-container-service-2.1.0-SNAPSHOT.jar!/webapps/static,AVAILABLE}
2025-04-23 04:29:30,307 [main] INFO  handler.ContextHandler (ContextHandler.java:doStart(921)) - Started o.e.j.w.WebAppContext@7d3aff72{hddsDatanode,/,file:///home/runner/work/ozone/ozone/hadoop-ozone/integration-test/target/test-dir/MiniOzoneClusterImpl-e6c14afe-f26c-49b2-91d5-3d25694ec971/ozone-meta/datanode-1/meta/webserver/jetty-0_0_0_0-15060-hdds-container-service-2_1_0-SNAPSHOT_jar-_-any-7762770879055036312/webapp/,AVAILABLE}{jar:file:/home/runner/work/ozone/ozone/hadoop-hdds/container-service/target/hdds-container-service-2.1.0-SNAPSHOT.jar!/webapps/hddsDatanode}
2025-04-23 04:29:30,308 [main] INFO  server.AbstractConnector (AbstractConnector.java:doStart(333)) - Started ServerConnector@5e94d94{HTTP/1.1, (http/1.1)}{0.0.0.0:15060}
2025-04-23 04:29:30,308 [main] INFO  server.Server (Server.java:doStart(415)) - Started @173726ms
2025-04-23 04:29:30,308 [main] WARN  impl.MetricsSystemImpl (MetricsSystemImpl.java:register(279)) - Sink prometheus already exists!
2025-04-23 04:29:30,309 [main] INFO  http.BaseHttpServer (BaseHttpServer.java:updateConnectorAddress(360)) - HTTP server of hddsDatanode listening at http://0.0.0.0:15060
2025-04-23 04:29:30,309 [main] INFO  ipc.CallQueueManager (CallQueueManager.java:<init>(93)) - Using callQueue: class java.util.concurrent.LinkedBlockingQueue, queueCapacity: 1000, scheduler: class org.apache.hadoop.ipc.DefaultRpcScheduler, ipcBackoff: false, ipcFailOver: false.
2025-04-23 04:29:30,309 [main] INFO  ipc.Server (Server.java:<init>(1438)) - Listener at 0.0.0.0:15061
2025-04-23 04:29:30,310 [Socket Reader #1 for port 15061] INFO  ipc.Server (Server.java:run(1474)) - Starting Socket Reader #1 for port 15061
2025-04-23 04:29:30,310 [Socket Reader #2 for port 15061] INFO  ipc.Server (Server.java:run(1474)) - Starting Socket Reader #2 for port 15061
2025-04-23 04:29:30,310 [Socket Reader #3 for port 15061] INFO  ipc.Server (Server.java:run(1474)) - Starting Socket Reader #3 for port 15061
2025-04-23 04:29:30,311 [Socket Reader #5 for port 15061] INFO  ipc.Server (Server.java:run(1474)) - Starting Socket Reader #5 for port 15061
2025-04-23 04:29:30,311 [Socket Reader #6 for port 15061] INFO  ipc.Server (Server.java:run(1474)) - Starting Socket Reader #6 for port 15061
2025-04-23 04:29:30,311 [Socket Reader #7 for port 15061] INFO  ipc.Server (Server.java:run(1474)) - Starting Socket Reader #7 for port 15061
2025-04-23 04:29:30,311 [Socket Reader #8 for port 15061] INFO  ipc.Server (Server.java:run(1474)) - Starting Socket Reader #8 for port 15061
2025-04-23 04:29:30,312 [Socket Reader #9 for port 15061] INFO  ipc.Server (Server.java:run(1474)) - Starting Socket Reader #9 for port 15061
2025-04-23 04:29:30,312 [Socket Reader #10 for port 15061] INFO  ipc.Server (Server.java:run(1474)) - Starting Socket Reader #10 for port 15061
2025-04-23 04:29:30,312 [Socket Reader #4 for port 15061] INFO  ipc.Server (Server.java:run(1474)) - Starting Socket Reader #4 for port 15061
2025-04-23 04:29:30,313 [main] INFO  ozone.HddsDatanodeService (HddsDatanodeService.java:start(325)) - Datanode start with admins: [*, runner]
2025-04-23 04:29:30,313 [main] INFO  ozone.HddsDatanodeClientProtocolServer (HddsDatanodeClientProtocolServer.java:start(76)) - RPC server for Client /0.0.0.0:15061
2025-04-23 04:29:30,314 [IPC Server Responder] INFO  ipc.Server (Server.java:run(1713)) - IPC Server Responder: starting
2025-04-23 04:29:30,314 [IPC Server listener on 15061] INFO  ipc.Server (Server.java:run(1553)) - IPC Server listener on 15061: starting
2025-04-23 04:29:30,316 [main] WARN  dropwizard3.Dm3MetricRegistriesImpl (Dm3MetricRegistriesImpl.java:addReporterRegistration(114)) - New reporters are added after registries were created. Some metrics will be missing from the reporter. Please add reporter before adding any new registry.
2025-04-23 04:29:30,316 [main] WARN  dropwizard3.Dm3MetricRegistriesImpl (Dm3MetricRegistriesImpl.java:addReporterRegistration(114)) - New reporters are added after registries were created. Some metrics will be missing from the reporter. Please add reporter before adding any new registry.
2025-04-23 04:29:30,316 [main] INFO  impl.MetricsSystemImpl (MetricsSystemImpl.java:init(158)) - HddsDatanode metrics system started (again)
2025-04-23 04:29:30,321 [7e05a46c-0a2e-4cd7-9b48-a27584e21533-DatanodeStateMachineDaemonThread] INFO  statemachine.DatanodeStateMachine (DatanodeStateMachine.java:startStateMachineThread(340)) - Ozone container server started.
2025-04-23 04:29:30,327 [7e05a46c-0a2e-4cd7-9b48-a27584e21533-DatanodeStateMachineTaskThread-0] INFO  datanode.InitDatanodeState (InitDatanodeState.java:persistContainerDatanodeDetails(139)) - DatanodeDetails is persisted to /home/runner/work/ozone/ozone/hadoop-ozone/integration-test/target/test-dir/MiniOzoneClusterImpl-e6c14afe-f26c-49b2-91d5-3d25694ec971/ozone-meta/datanode-1/meta/datanode.id
2025-04-23 04:29:30,329 [main] INFO  protocol.DatanodeDetails (DatanodeDetails.java:validateDatanodeIpAddress(199)) - Updating IP address of datanode 8886420c-3c5d-4daa-85e6-40ee88a9c75a(fv-az1441-587.lnin1eoc0irezeqatpkuni3jdf.cx.internal.cloudapp.net/null) to 10.1.0.164
2025-04-23 04:29:30,329 [main] INFO  ozone.HddsDatanodeService (HddsDatanodeService.java:start(234)) - HddsDatanodeService 8886420c-3c5d-4daa-85e6-40ee88a9c75a(fv-az1441-587.lnin1eoc0irezeqatpkuni3jdf.cx.internal.cloudapp.net/10.1.0.164)
2025-04-23 04:29:30,331 [main] INFO  upgrade.AbstractLayoutVersionManager (AbstractLayoutVersionManager.java:init(80)) - Initializing Layout version manager with metadata layout = HBASE_SUPPORT (version = 8), software layout = HBASE_SUPPORT (version = 8)
2025-04-23 04:29:30,331 [main] INFO  statemachine.DatanodeStateMachine (DatanodeStateMachine.java:getEndPointTaskThreadPoolSize(297)) - Datanode State Machine Task Thread Pool size 2
2025-04-23 04:29:30,333 [main] INFO  volume.HddsVolume (HddsVolume.java:<init>(158)) - HddsVolume: { id=DS-4dde353b-bf92-400a-a10a-22dd616de9b4 dir=/home/runner/work/ozone/ozone/hadoop-ozone/integration-test/target/test-dir/MiniOzoneClusterImpl-e6c14afe-f26c-49b2-91d5-3d25694ec971/ozone-meta/datanode-2/data-0/hdds type=DISK capacity=9222449699674390527 used=0 available=9222449699674390527 minFree=5368709120 committed=0 }
2025-04-23 04:29:30,333 [main] INFO  volume.MutableVolumeSet (MutableVolumeSet.java:initializeVolumeSet(166)) - Added Volume : /home/runner/work/ozone/ozone/hadoop-ozone/integration-test/target/test-dir/MiniOzoneClusterImpl-e6c14afe-f26c-49b2-91d5-3d25694ec971/ozone-meta/datanode-2/data-0/hdds to VolumeSet
2025-04-23 04:29:30,334 [main] INFO  volume.MutableVolumeSet (MutableVolumeSet.java:initializeVolumeSet(166)) - Added Volume : /home/runner/work/ozone/ozone/hadoop-ozone/integration-test/target/test-dir/MiniOzoneClusterImpl-e6c14afe-f26c-49b2-91d5-3d25694ec971/ozone-meta/datanode-2/ratis to VolumeSet
2025-04-23 04:29:30,335 [main] INFO  ozoneimpl.OzoneContainer (HddsVolumeUtil.java:loadAllHddsVolumeDbStore(102)) - Load 1 volumes DbStore cost: 0ms
2025-04-23 04:29:30,335 [main] WARN  db.DBStoreBuilder (DBStoreBuilder.java:getDBDirPath(167)) - ozone.scm.datanode.id.dir is not configured. We recommend adding this setting. Falling back to ozone.metadata.dirs instead.
2025-04-23 04:29:30,336 [main] WARN  db.DBStoreBuilder (DBStoreBuilder.java:getDBDirPath(167)) - ozone.scm.datanode.id.dir is not configured. We recommend adding this setting. Falling back to ozone.metadata.dirs instead.
2025-04-23 04:29:30,352 [main] INFO  impl.FilePerChunkStrategy (FilePerChunkStrategy.java:<init>(79)) - ozone.chunk.read.mapped.buffer.max.count is load with 0
2025-04-23 04:29:30,352 [main] INFO  impl.FilePerBlockStrategy (FilePerBlockStrategy.java:<init>(87)) - ozone.chunk.read.mapped.buffer.max.count is load with 0
2025-04-23 04:29:30,353 [main] INFO  server.RaftServerConfigKeys (ConfUtils.java:logGet(46)) - raft.server.log.appender.buffer.byte-limit = 33554432 (custom)
2025-04-23 04:29:30,354 [main] INFO  server.RaftServer (ConfUtils.java:logGet(46)) - raft.rpc.type = GRPC (default)
2025-04-23 04:29:30,354 [main] INFO  grpc.GrpcConfigKeys (ConfUtils.java:logFallback(53)) - raft.grpc.admin.host = null (fallback to raft.grpc.server.host)
2025-04-23 04:29:30,354 [main] INFO  grpc.GrpcConfigKeys (ConfUtils.java:logGet(46)) - raft.grpc.admin.port = 15072 (custom)
2025-04-23 04:29:30,354 [main] INFO  grpc.GrpcConfigKeys (ConfUtils.java:logFallback(53)) - raft.grpc.client.host = null (fallback to raft.grpc.server.host)
2025-04-23 04:29:30,354 [main] INFO  grpc.GrpcConfigKeys (ConfUtils.java:logGet(46)) - raft.grpc.client.port = 15071 (custom)
2025-04-23 04:29:30,354 [main] INFO  grpc.GrpcConfigKeys (ConfUtils.java:logGet(46)) - raft.grpc.server.host = null (default)
2025-04-23 04:29:30,354 [main] INFO  grpc.GrpcConfigKeys (ConfUtils.java:logGet(46)) - raft.grpc.server.port = 15073 (custom)
2025-04-23 04:29:30,354 [main] INFO  server.GrpcService (ConfUtils.java:logGet(46)) - raft.grpc.message.size.max = 34603008 (custom)
2025-04-23 04:29:30,354 [main] INFO  server.GrpcService (ConfUtils.java:logGet(46)) - raft.grpc.flow.control.window = 5MB (=5242880) (custom)
2025-04-23 04:29:30,354 [main] INFO  server.RaftServerConfigKeys (ConfUtils.java:logGet(46)) - raft.server.rpc.request.timeout = 60s (custom)
2025-04-23 04:29:30,354 [main] INFO  grpc.GrpcConfigKeys (ConfUtils.java:logGet(46)) - raft.grpc.server.heartbeat.channel = true (default)
2025-04-23 04:29:30,355 [main] INFO  server.RaftServerConfigKeys (ConfUtils.java:logGet(46)) - raft.server.log.appender.buffer.byte-limit = 33554432 (custom)
2025-04-23 04:29:30,355 [main] INFO  grpc.GrpcConfigKeys (ConfUtils.java:logGet(46)) - raft.grpc.server.async.request.thread.pool.cached = true (default)
2025-04-23 04:29:30,355 [main] INFO  grpc.GrpcConfigKeys (ConfUtils.java:logGet(46)) - raft.grpc.server.async.request.thread.pool.size = 32 (default)
2025-04-23 04:29:30,356 [main] INFO  impl.DataStreamServerImpl (ConfUtils.java:logGet(46)) - raft.datastream.type = NETTY (custom)
2025-04-23 04:29:30,356 [main] INFO  server.RaftServerConfigKeys (ConfUtils.java:logGet(46)) - raft.server.data-stream.async.request.thread.pool.cached = false (default)
2025-04-23 04:29:30,356 [main] INFO  server.RaftServerConfigKeys (ConfUtils.java:logGet(46)) - raft.server.data-stream.async.request.thread.pool.size = 20 (custom)
2025-04-23 04:29:30,357 [main] INFO  server.RaftServerConfigKeys (ConfUtils.java:logGet(46)) - raft.server.data-stream.async.write.thread.pool.size = 16 (default)
2025-04-23 04:29:30,357 [main] INFO  netty.NettyConfigKeys$DataStream (ConfUtils.java:logGet(46)) - raft.netty.dataStream.server.channel.inactive.grace-period = 10min (default)
2025-04-23 04:29:30,357 [main] INFO  server.RaftServerConfigKeys (ConfUtils.java:logGet(46)) - raft.server.data-stream.client.pool.size = 10 (default)
2025-04-23 04:29:30,357 [main] INFO  netty.NettyConfigKeys$DataStream (ConfUtils.java:logGet(46)) - raft.netty.dataStream.server.use-epoll = true (default)
2025-04-23 04:29:30,357 [main] INFO  netty.NettyConfigKeys$DataStream (ConfUtils.java:logGet(46)) - raft.netty.dataStream.server.boss-group.size = 0 (default)
2025-04-23 04:29:30,357 [main] INFO  netty.NettyUtils (NettyUtils.java:newEventLoopGroup(74)) - Create EpollEventLoopGroup for 8886420c-3c5d-4daa-85e6-40ee88a9c75a-NettyServerStreamRpc-bossGroup; Thread size is 0.
2025-04-23 04:29:30,358 [main] INFO  netty.NettyConfigKeys$DataStream (ConfUtils.java:logGet(46)) - raft.netty.dataStream.server.worker-group.size = 0 (default)
2025-04-23 04:29:30,358 [main] INFO  netty.NettyUtils (NettyUtils.java:newEventLoopGroup(74)) - Create EpollEventLoopGroup for 8886420c-3c5d-4daa-85e6-40ee88a9c75a-NettyServerStreamRpc-workerGroup; Thread size is 0.
2025-04-23 04:29:30,358 [main] INFO  netty.NettyConfigKeys$DataStream (ConfUtils.java:logGet(46)) - raft.netty.dataStream.server.tls.conf = null (default)
2025-04-23 04:29:30,358 [main] INFO  netty.NettyConfigKeys$DataStream (ConfUtils.java:logGet(46)) - raft.netty.dataStream.host = null (default)
2025-04-23 04:29:30,358 [main] INFO  netty.NettyConfigKeys$DataStream (ConfUtils.java:logGet(46)) - raft.netty.dataStream.port = 15074 (custom)
2025-04-23 04:29:30,359 [main] INFO  server.RaftServerConfigKeys (ConfUtils.java:logGet(46)) - raft.server.sleep.deviation.threshold = 300ms (default)
2025-04-23 04:29:30,359 [main] INFO  server.RaftServerConfigKeys (ConfUtils.java:logGet(46)) - raft.server.close.threshold = 60s (default)
2025-04-23 04:29:30,359 [main] INFO  server.RaftServerConfigKeys (ConfUtils.java:logGet(46)) - raft.server.leaderelection.leader.step-down.wait-time = 10s (default)
2025-04-23 04:29:30,359 [main] INFO  server.RaftServerConfigKeys (ConfUtils.java:logGet(46)) - raft.server.storage.dir = [/home/runner/work/ozone/ozone/hadoop-ozone/integration-test/target/test-dir/MiniOzoneClusterImpl-e6c14afe-f26c-49b2-91d5-3d25694ec971/ozone-meta/datanode-2/ratis] (custom)
2025-04-23 04:29:30,359 [main] INFO  server.RaftServerConfigKeys (ConfUtils.java:logGet(46)) - raft.server.threadpool.proxy.cached = true (default)
2025-04-23 04:29:30,359 [main] INFO  server.RaftServerConfigKeys (ConfUtils.java:logGet(46)) - raft.server.threadpool.proxy.size = 0 (default)
2025-04-23 04:29:30,360 [8886420c-3c5d-4daa-85e6-40ee88a9c75a-impl-thread1] INFO  server.RaftServer (RaftServerProxy.java:initGroupDir(265)) - 8886420c-3c5d-4daa-85e6-40ee88a9c75a: found a subdirectory /home/runner/work/ozone/ozone/hadoop-ozone/integration-test/target/test-dir/MiniOzoneClusterImpl-e6c14afe-f26c-49b2-91d5-3d25694ec971/ozone-meta/datanode-2/ratis/tmp
2025-04-23 04:29:30,360 [8886420c-3c5d-4daa-85e6-40ee88a9c75a-impl-thread1] INFO  server.RaftServer (RaftServerProxy.java:initGroupDir(270)) - 8886420c-3c5d-4daa-85e6-40ee88a9c75a: The directory /home/runner/work/ozone/ozone/hadoop-ozone/integration-test/target/test-dir/MiniOzoneClusterImpl-e6c14afe-f26c-49b2-91d5-3d25694ec971/ozone-meta/datanode-2/ratis/tmp is not a group directory; ignoring it. 
2025-04-23 04:29:30,360 [main] INFO  replication.ReplicationServer (ReplicationServer.java:<init>(84)) - Initializing replication server with thread count = 10 queue length = 4096
2025-04-23 04:29:30,361 [main] INFO  server.XceiverServerGrpc (XceiverServerGrpc.java:<init>(131)) - GrpcServer channel type EpollServerSocketChannel
2025-04-23 04:29:30,362 [8886420c-3c5d-4daa-85e6-40ee88a9c75a-NettyServerStreamRpc-bossGroup--thread1] INFO  logging.LoggingHandler (AbstractInternalLogger.java:log(148)) - [id: 0xb38579b4] REGISTERED
2025-04-23 04:29:30,362 [8886420c-3c5d-4daa-85e6-40ee88a9c75a-NettyServerStreamRpc-bossGroup--thread1] INFO  logging.LoggingHandler (AbstractInternalLogger.java:log(148)) - [id: 0xb38579b4] BIND: 0.0.0.0/0.0.0.0:15074
2025-04-23 04:29:30,362 [8886420c-3c5d-4daa-85e6-40ee88a9c75a-NettyServerStreamRpc-bossGroup--thread1] INFO  logging.LoggingHandler (AbstractInternalLogger.java:log(148)) - [id: 0xb38579b4, L:/0.0.0.0:15074] ACTIVE
2025-04-23 04:29:30,362 [main] INFO  replication.ReplicationSupervisor (ReplicationSupervisor.java:build(169)) - Initializing replication supervisor with thread count = 10
2025-04-23 04:29:30,362 [main] INFO  replication.ReplicationSupervisor (ReplicationSupervisor.java:nodeStateUpdated(358)) - Node state updated to IN_SERVICE, scaling executor pool size to 10
2025-04-23 04:29:30,365 [main] INFO  http.BaseHttpServer (BaseHttpServer.java:newHttpServer2BuilderForOzone(229)) - Starting Web-server for hddsDatanode at: http://0.0.0.0:15068
2025-04-23 04:29:30,365 [main] INFO  http.BaseHttpServer (BaseHttpServer.java:<init>(107)) - Hadoop Security Enabled: false Ozone Security Enabled: false Ozone HTTP Security Enabled: false 
2025-04-23 04:29:30,365 [main] WARN  server.AuthenticationFilter (AuthenticationFilter.java:constructSecretProvider(240)) - Unable to initialize FileSignerSecretProvider, falling back to use random secrets. Reason: Could not read signature secret file: /home/runner/hadoop-http-auth-signature-secret
2025-04-23 04:29:30,367 [main] INFO  http.HttpServer2 (HttpServer2.java:addGlobalFilter(1041)) - Added global filter 'safety' (class=org.apache.hadoop.hdds.server.http.HttpServer2$QuotingInputFilter)
2025-04-23 04:29:30,368 [main] INFO  http.HttpServer2 (HttpServer2.java:addFilter(1017)) - Added filter static_user_filter (class=org.apache.hadoop.http.lib.StaticUserWebFilter$StaticUserFilter) to context hddsDatanode
2025-04-23 04:29:30,368 [main] INFO  http.HttpServer2 (HttpServer2.java:addFilter(1025)) - Added filter static_user_filter (class=org.apache.hadoop.http.lib.StaticUserWebFilter$StaticUserFilter) to context static
2025-04-23 04:29:30,368 [main] INFO  http.HttpServer2 (HttpServer2.java:addFilter(1025)) - Added filter static_user_filter (class=org.apache.hadoop.http.lib.StaticUserWebFilter$StaticUserFilter) to context logs
2025-04-23 04:29:30,368 [main] INFO  http.BaseHttpServer (BaseHttpServer.java:<init>(195)) - HTTP server of hddsDatanode uses base directory /home/runner/work/ozone/ozone/hadoop-ozone/integration-test/target/test-dir/MiniOzoneClusterImpl-e6c14afe-f26c-49b2-91d5-3d25694ec971/ozone-meta/datanode-2/meta/webserver
2025-04-23 04:29:30,368 [main] INFO  http.HttpServer2 (HttpServer2.java:bindListener(1241)) - Jetty bound to port 15068
2025-04-23 04:29:30,369 [main] INFO  server.Server (Server.java:doStart(375)) - jetty-9.4.57.v20241219; built: 2025-01-08T21:24:30.412Z; git: df524e6b29271c2e09ba9aea83c18dc9db464a31; jvm 21.0.7+6-LTS
2025-04-23 04:29:30,370 [main] INFO  server.session (DefaultSessionIdManager.java:doStart(334)) - DefaultSessionIdManager workerName=node0
2025-04-23 04:29:30,370 [main] INFO  server.session (DefaultSessionIdManager.java:doStart(339)) - No SessionScavenger set, using defaults
2025-04-23 04:29:30,371 [main] INFO  server.session (HouseKeeper.java:startScavenging(132)) - node0 Scavenging every 600000ms
2025-04-23 04:29:30,371 [main] INFO  handler.ContextHandler (ContextHandler.java:doStart(921)) - Started o.e.j.s.ServletContextHandler@19c1ed3c{logs,/logs,file:///home/runner/work/ozone/ozone/hadoop-ozone/integration-test/target/log,AVAILABLE}
2025-04-23 04:29:30,371 [main] INFO  handler.ContextHandler (ContextHandler.java:doStart(921)) - Started o.e.j.s.ServletContextHandler@9c92713{static,/static,jar:file:/home/runner/work/ozone/ozone/hadoop-hdds/container-service/target/hdds-container-service-2.1.0-SNAPSHOT.jar!/webapps/static,AVAILABLE}
2025-04-23 04:29:30,473 [omNode-3-server-thread1] INFO  server.RaftServer$Division (RaftServerImpl.java:setFirstElection(562)) - omNode-3@group-523986131536: set firstElectionSinceStartup to false for appendEntries
2025-04-23 04:29:30,474 [omNode-3-server-thread1] INFO  ratis.OzoneManagerStateMachine (OzoneManagerStateMachine.java:notifyLeaderChanged(169)) - omNode-3@group-523986131536: leader changed to omNode-1
2025-04-23 04:29:30,474 [omNode-3-server-thread1] INFO  server.RaftServer$Division (ServerState.java:setLeader(272)) - omNode-3@group-523986131536: change Leader from null to omNode-1 at term 1 for appendEntries, leader elected after 828ms
2025-04-23 04:29:30,474 [omNode-3-server-thread1] INFO  server.RaftServer$Division (RaftServerImpl.java:checkInconsistentAppendEntries(1648)) - omNode-3@group-523986131536: Failed appendEntries as previous log entry ((t:1, i:0)) is not found
2025-04-23 04:29:30,474 [omNode-3-server-thread1] INFO  server.RaftServer$Division (RaftServerImpl.java:appendEntriesAsync(1580)) - omNode-3@group-523986131536: appendEntries* reply omNode-1<-omNode-3#904:FAIL-t0,INCONSISTENCY,nextIndex=0,followerCommit=-1,matchIndex=-1
2025-04-23 04:29:30,474 [grpc-default-executor-4] WARN  server.GrpcLogAppender (GrpcLogAppender.java:onNextImpl(519)) - omNode-1@group-523986131536->omNode-3-AppendLogResponseHandler: received INCONSISTENCY reply with nextIndex 0, errorCount=7, request=AppendEntriesRequest:cid=904,entriesCount=0
2025-04-23 04:29:30,474 [grpc-default-executor-4] INFO  leader.FollowerInfo (FollowerInfoImpl.java:info(70)) - omNode-1@group-523986131536->omNode-3: setNextIndex nextIndex: updateUnconditionally 1 -> 0
2025-04-23 04:29:30,475 [omNode-3-server-thread1] INFO  server.RaftServer$Division (ServerState.java:setRaftConf(386)) - omNode-3@group-523986131536: set configuration conf: {index: 0, cur=peers:[omNode-3|localhost:15059, omNode-1|localhost:15051, omNode-2|localhost:15055]|listeners:[], old=null}
2025-04-23 04:29:30,475 [omNode-3-server-thread1] INFO  segmented.SegmentedRaftLogWorker (SegmentedRaftLogWorker.java:startLogSegment(438)) - omNode-3@group-523986131536-SegmentedRaftLogWorker: Starting segment from index:0
2025-04-23 04:29:30,475 [omNode-3@group-523986131536-SegmentedRaftLogWorker] INFO  segmented.BufferedWriteChannel (BufferedWriteChannel.java:open(61)) - open log_inprogress_0 at position 0
2025-04-23 04:29:30,484 [omNode-3@group-523986131536-SegmentedRaftLogWorker] INFO  segmented.SegmentedRaftLogWorker (SegmentedRaftLogWorker.java:execute(644)) - omNode-3@group-523986131536-SegmentedRaftLogWorker: created new log segment /home/runner/work/ozone/ozone/hadoop-ozone/integration-test/target/test-dir/MiniOzoneClusterImpl-e6c14afe-f26c-49b2-91d5-3d25694ec971/omNode-3/ratis/c9bc4cf4-3bc3-3c60-a66b-523986131536/current/log_inprogress_0
2025-04-23 04:29:30,486 [omNode-3@group-523986131536-StateMachineUpdater] INFO  ratis.OzoneManagerStateMachine (OzoneManagerStateMachine.java:notifyConfigurationChanged(231)) - notifyConfigurationChanged from Ratis: term=1, index=0, New Peer list: omNode-3(localhost:15059), omNode-1(localhost:15051), omNode-2(localhost:15055)
2025-04-23 04:29:30,489 [omNode-2@group-523986131536-StateMachineUpdater] INFO  ratis.OzoneManagerStateMachine (OzoneManagerStateMachine.java:notifyConfigurationChanged(231)) - notifyConfigurationChanged from Ratis: term=1, index=0, New Peer list: omNode-3(localhost:15059), omNode-1(localhost:15051), omNode-2(localhost:15055)
2025-04-23 04:29:30,503 [main] INFO  handler.ContextHandler (ContextHandler.java:doStart(921)) - Started o.e.j.w.WebAppContext@55ee575d{hddsDatanode,/,file:///home/runner/work/ozone/ozone/hadoop-ozone/integration-test/target/test-dir/MiniOzoneClusterImpl-e6c14afe-f26c-49b2-91d5-3d25694ec971/ozone-meta/datanode-2/meta/webserver/jetty-0_0_0_0-15068-hdds-container-service-2_1_0-SNAPSHOT_jar-_-any-7071364591857468399/webapp/,AVAILABLE}{jar:file:/home/runner/work/ozone/ozone/hadoop-hdds/container-service/target/hdds-container-service-2.1.0-SNAPSHOT.jar!/webapps/hddsDatanode}
2025-04-23 04:29:30,503 [main] INFO  server.AbstractConnector (AbstractConnector.java:doStart(333)) - Started ServerConnector@54d52e82{HTTP/1.1, (http/1.1)}{0.0.0.0:15068}
2025-04-23 04:29:30,504 [main] INFO  server.Server (Server.java:doStart(415)) - Started @173922ms
2025-04-23 04:29:30,504 [main] WARN  impl.MetricsSystemImpl (MetricsSystemImpl.java:register(279)) - Sink prometheus already exists!
2025-04-23 04:29:30,504 [main] INFO  http.BaseHttpServer (BaseHttpServer.java:updateConnectorAddress(360)) - HTTP server of hddsDatanode listening at http://0.0.0.0:15068
2025-04-23 04:29:30,504 [main] INFO  ipc.CallQueueManager (CallQueueManager.java:<init>(93)) - Using callQueue: class java.util.concurrent.LinkedBlockingQueue, queueCapacity: 1000, scheduler: class org.apache.hadoop.ipc.DefaultRpcScheduler, ipcBackoff: false, ipcFailOver: false.
2025-04-23 04:29:30,505 [main] INFO  ipc.Server (Server.java:<init>(1438)) - Listener at 0.0.0.0:15069
2025-04-23 04:29:30,505 [Socket Reader #1 for port 15069] INFO  ipc.Server (Server.java:run(1474)) - Starting Socket Reader #1 for port 15069
2025-04-23 04:29:30,506 [Socket Reader #2 for port 15069] INFO  ipc.Server (Server.java:run(1474)) - Starting Socket Reader #2 for port 15069
2025-04-23 04:29:30,506 [Socket Reader #3 for port 15069] INFO  ipc.Server (Server.java:run(1474)) - Starting Socket Reader #3 for port 15069
2025-04-23 04:29:30,506 [Socket Reader #4 for port 15069] INFO  ipc.Server (Server.java:run(1474)) - Starting Socket Reader #4 for port 15069
2025-04-23 04:29:30,506 [Socket Reader #5 for port 15069] INFO  ipc.Server (Server.java:run(1474)) - Starting Socket Reader #5 for port 15069
2025-04-23 04:29:30,506 [Socket Reader #6 for port 15069] INFO  ipc.Server (Server.java:run(1474)) - Starting Socket Reader #6 for port 15069
2025-04-23 04:29:30,506 [Socket Reader #7 for port 15069] INFO  ipc.Server (Server.java:run(1474)) - Starting Socket Reader #7 for port 15069
2025-04-23 04:29:30,507 [Socket Reader #8 for port 15069] INFO  ipc.Server (Server.java:run(1474)) - Starting Socket Reader #8 for port 15069
2025-04-23 04:29:30,507 [Socket Reader #9 for port 15069] INFO  ipc.Server (Server.java:run(1474)) - Starting Socket Reader #9 for port 15069
2025-04-23 04:29:30,508 [Socket Reader #10 for port 15069] INFO  ipc.Server (Server.java:run(1474)) - Starting Socket Reader #10 for port 15069
2025-04-23 04:29:30,509 [main] INFO  ozone.HddsDatanodeService (HddsDatanodeService.java:start(325)) - Datanode start with admins: [*, runner]
2025-04-23 04:29:30,510 [main] INFO  ozone.HddsDatanodeClientProtocolServer (HddsDatanodeClientProtocolServer.java:start(76)) - RPC server for Client /0.0.0.0:15069
2025-04-23 04:29:30,510 [IPC Server Responder] INFO  ipc.Server (Server.java:run(1713)) - IPC Server Responder: starting
2025-04-23 04:29:30,510 [IPC Server listener on 15069] INFO  ipc.Server (Server.java:run(1553)) - IPC Server listener on 15069: starting
2025-04-23 04:29:30,511 [main] WARN  dropwizard3.Dm3MetricRegistriesImpl (Dm3MetricRegistriesImpl.java:addReporterRegistration(114)) - New reporters are added after registries were created. Some metrics will be missing from the reporter. Please add reporter before adding any new registry.
2025-04-23 04:29:30,512 [main] WARN  dropwizard3.Dm3MetricRegistriesImpl (Dm3MetricRegistriesImpl.java:addReporterRegistration(114)) - New reporters are added after registries were created. Some metrics will be missing from the reporter. Please add reporter before adding any new registry.
2025-04-23 04:29:30,512 [main] INFO  impl.MetricsSystemImpl (MetricsSystemImpl.java:init(158)) - HddsDatanode metrics system started (again)
2025-04-23 04:29:30,513 [8886420c-3c5d-4daa-85e6-40ee88a9c75a-DatanodeStateMachineDaemonThread] INFO  statemachine.DatanodeStateMachine (DatanodeStateMachine.java:startStateMachineThread(340)) - Ozone container server started.
2025-04-23 04:29:30,518 [8886420c-3c5d-4daa-85e6-40ee88a9c75a-DatanodeStateMachineTaskThread-0] INFO  datanode.InitDatanodeState (InitDatanodeState.java:persistContainerDatanodeDetails(139)) - DatanodeDetails is persisted to /home/runner/work/ozone/ozone/hadoop-ozone/integration-test/target/test-dir/MiniOzoneClusterImpl-e6c14afe-f26c-49b2-91d5-3d25694ec971/ozone-meta/datanode-2/meta/datanode.id
2025-04-23 04:29:30,525 [main] INFO  protocol.DatanodeDetails (DatanodeDetails.java:validateDatanodeIpAddress(199)) - Updating IP address of datanode 3650021b-da01-4d18-aa96-198e06a80749(fv-az1441-587.lnin1eoc0irezeqatpkuni3jdf.cx.internal.cloudapp.net/null) to 10.1.0.164
2025-04-23 04:29:30,525 [main] INFO  ozone.HddsDatanodeService (HddsDatanodeService.java:start(234)) - HddsDatanodeService 3650021b-da01-4d18-aa96-198e06a80749(fv-az1441-587.lnin1eoc0irezeqatpkuni3jdf.cx.internal.cloudapp.net/10.1.0.164)
2025-04-23 04:29:30,527 [main] INFO  upgrade.AbstractLayoutVersionManager (AbstractLayoutVersionManager.java:init(80)) - Initializing Layout version manager with metadata layout = HBASE_SUPPORT (version = 8), software layout = HBASE_SUPPORT (version = 8)
2025-04-23 04:29:30,527 [main] INFO  statemachine.DatanodeStateMachine (DatanodeStateMachine.java:getEndPointTaskThreadPoolSize(297)) - Datanode State Machine Task Thread Pool size 2
2025-04-23 04:29:30,529 [main] INFO  volume.HddsVolume (HddsVolume.java:<init>(158)) - HddsVolume: { id=DS-1f23ad50-fe4b-48d8-82a1-cbd299b878bf dir=/home/runner/work/ozone/ozone/hadoop-ozone/integration-test/target/test-dir/MiniOzoneClusterImpl-e6c14afe-f26c-49b2-91d5-3d25694ec971/ozone-meta/datanode-3/data-0/hdds type=DISK capacity=9222449699674390527 used=0 available=9222449699674390527 minFree=5368709120 committed=0 }
2025-04-23 04:29:30,529 [main] INFO  volume.MutableVolumeSet (MutableVolumeSet.java:initializeVolumeSet(166)) - Added Volume : /home/runner/work/ozone/ozone/hadoop-ozone/integration-test/target/test-dir/MiniOzoneClusterImpl-e6c14afe-f26c-49b2-91d5-3d25694ec971/ozone-meta/datanode-3/data-0/hdds to VolumeSet
2025-04-23 04:29:30,530 [main] INFO  volume.MutableVolumeSet (MutableVolumeSet.java:initializeVolumeSet(166)) - Added Volume : /home/runner/work/ozone/ozone/hadoop-ozone/integration-test/target/test-dir/MiniOzoneClusterImpl-e6c14afe-f26c-49b2-91d5-3d25694ec971/ozone-meta/datanode-3/ratis to VolumeSet
2025-04-23 04:29:30,531 [main] INFO  ozoneimpl.OzoneContainer (HddsVolumeUtil.java:loadAllHddsVolumeDbStore(102)) - Load 1 volumes DbStore cost: 0ms
2025-04-23 04:29:30,531 [main] WARN  db.DBStoreBuilder (DBStoreBuilder.java:getDBDirPath(167)) - ozone.scm.datanode.id.dir is not configured. We recommend adding this setting. Falling back to ozone.metadata.dirs instead.
2025-04-23 04:29:30,532 [main] WARN  db.DBStoreBuilder (DBStoreBuilder.java:getDBDirPath(167)) - ozone.scm.datanode.id.dir is not configured. We recommend adding this setting. Falling back to ozone.metadata.dirs instead.
2025-04-23 04:29:30,545 [main] INFO  impl.FilePerChunkStrategy (FilePerChunkStrategy.java:<init>(79)) - ozone.chunk.read.mapped.buffer.max.count is load with 0
2025-04-23 04:29:30,545 [main] INFO  impl.FilePerBlockStrategy (FilePerBlockStrategy.java:<init>(87)) - ozone.chunk.read.mapped.buffer.max.count is load with 0
2025-04-23 04:29:30,546 [main] INFO  server.RaftServerConfigKeys (ConfUtils.java:logGet(46)) - raft.server.log.appender.buffer.byte-limit = 33554432 (custom)
2025-04-23 04:29:30,547 [main] INFO  server.RaftServer (ConfUtils.java:logGet(46)) - raft.rpc.type = GRPC (default)
2025-04-23 04:29:30,547 [main] INFO  grpc.GrpcConfigKeys (ConfUtils.java:logFallback(53)) - raft.grpc.admin.host = null (fallback to raft.grpc.server.host)
2025-04-23 04:29:30,547 [main] INFO  grpc.GrpcConfigKeys (ConfUtils.java:logGet(46)) - raft.grpc.admin.port = 15080 (custom)
2025-04-23 04:29:30,547 [main] INFO  grpc.GrpcConfigKeys (ConfUtils.java:logFallback(53)) - raft.grpc.client.host = null (fallback to raft.grpc.server.host)
2025-04-23 04:29:30,547 [main] INFO  grpc.GrpcConfigKeys (ConfUtils.java:logGet(46)) - raft.grpc.client.port = 15079 (custom)
2025-04-23 04:29:30,547 [main] INFO  grpc.GrpcConfigKeys (ConfUtils.java:logGet(46)) - raft.grpc.server.host = null (default)
2025-04-23 04:29:30,547 [main] INFO  grpc.GrpcConfigKeys (ConfUtils.java:logGet(46)) - raft.grpc.server.port = 15081 (custom)
2025-04-23 04:29:30,547 [main] INFO  server.GrpcService (ConfUtils.java:logGet(46)) - raft.grpc.message.size.max = 34603008 (custom)
2025-04-23 04:29:30,547 [main] INFO  server.GrpcService (ConfUtils.java:logGet(46)) - raft.grpc.flow.control.window = 5MB (=5242880) (custom)
2025-04-23 04:29:30,547 [main] INFO  server.RaftServerConfigKeys (ConfUtils.java:logGet(46)) - raft.server.rpc.request.timeout = 60s (custom)
2025-04-23 04:29:30,547 [main] INFO  grpc.GrpcConfigKeys (ConfUtils.java:logGet(46)) - raft.grpc.server.heartbeat.channel = true (default)
2025-04-23 04:29:30,547 [main] INFO  server.RaftServerConfigKeys (ConfUtils.java:logGet(46)) - raft.server.log.appender.buffer.byte-limit = 33554432 (custom)
2025-04-23 04:29:30,547 [main] INFO  grpc.GrpcConfigKeys (ConfUtils.java:logGet(46)) - raft.grpc.server.async.request.thread.pool.cached = true (default)
2025-04-23 04:29:30,547 [main] INFO  grpc.GrpcConfigKeys (ConfUtils.java:logGet(46)) - raft.grpc.server.async.request.thread.pool.size = 32 (default)
2025-04-23 04:29:30,548 [main] INFO  impl.DataStreamServerImpl (ConfUtils.java:logGet(46)) - raft.datastream.type = NETTY (custom)
2025-04-23 04:29:30,548 [main] INFO  server.RaftServerConfigKeys (ConfUtils.java:logGet(46)) - raft.server.data-stream.async.request.thread.pool.cached = false (default)
2025-04-23 04:29:30,548 [main] INFO  server.RaftServerConfigKeys (ConfUtils.java:logGet(46)) - raft.server.data-stream.async.request.thread.pool.size = 20 (custom)
2025-04-23 04:29:30,548 [main] INFO  server.RaftServerConfigKeys (ConfUtils.java:logGet(46)) - raft.server.data-stream.async.write.thread.pool.size = 16 (default)
2025-04-23 04:29:30,549 [main] INFO  netty.NettyConfigKeys$DataStream (ConfUtils.java:logGet(46)) - raft.netty.dataStream.server.channel.inactive.grace-period = 10min (default)
2025-04-23 04:29:30,549 [main] INFO  server.RaftServerConfigKeys (ConfUtils.java:logGet(46)) - raft.server.data-stream.client.pool.size = 10 (default)
2025-04-23 04:29:30,549 [main] INFO  netty.NettyConfigKeys$DataStream (ConfUtils.java:logGet(46)) - raft.netty.dataStream.server.use-epoll = true (default)
2025-04-23 04:29:30,549 [main] INFO  netty.NettyConfigKeys$DataStream (ConfUtils.java:logGet(46)) - raft.netty.dataStream.server.boss-group.size = 0 (default)
2025-04-23 04:29:30,549 [main] INFO  netty.NettyUtils (NettyUtils.java:newEventLoopGroup(74)) - Create EpollEventLoopGroup for 3650021b-da01-4d18-aa96-198e06a80749-NettyServerStreamRpc-bossGroup; Thread size is 0.
2025-04-23 04:29:30,549 [main] INFO  netty.NettyConfigKeys$DataStream (ConfUtils.java:logGet(46)) - raft.netty.dataStream.server.worker-group.size = 0 (default)
2025-04-23 04:29:30,549 [main] INFO  netty.NettyUtils (NettyUtils.java:newEventLoopGroup(74)) - Create EpollEventLoopGroup for 3650021b-da01-4d18-aa96-198e06a80749-NettyServerStreamRpc-workerGroup; Thread size is 0.
2025-04-23 04:29:30,549 [main] INFO  netty.NettyConfigKeys$DataStream (ConfUtils.java:logGet(46)) - raft.netty.dataStream.server.tls.conf = null (default)
2025-04-23 04:29:30,549 [main] INFO  netty.NettyConfigKeys$DataStream (ConfUtils.java:logGet(46)) - raft.netty.dataStream.host = null (default)
2025-04-23 04:29:30,549 [main] INFO  netty.NettyConfigKeys$DataStream (ConfUtils.java:logGet(46)) - raft.netty.dataStream.port = 15082 (custom)
2025-04-23 04:29:30,550 [main] INFO  server.RaftServerConfigKeys (ConfUtils.java:logGet(46)) - raft.server.sleep.deviation.threshold = 300ms (default)
2025-04-23 04:29:30,550 [main] INFO  server.RaftServerConfigKeys (ConfUtils.java:logGet(46)) - raft.server.close.threshold = 60s (default)
2025-04-23 04:29:30,550 [main] INFO  server.RaftServerConfigKeys (ConfUtils.java:logGet(46)) - raft.server.leaderelection.leader.step-down.wait-time = 10s (default)
2025-04-23 04:29:30,550 [3650021b-da01-4d18-aa96-198e06a80749-NettyServerStreamRpc-bossGroup--thread1] INFO  logging.LoggingHandler (AbstractInternalLogger.java:log(148)) - [id: 0xe064b06e] REGISTERED
2025-04-23 04:29:30,550 [main] INFO  server.RaftServerConfigKeys (ConfUtils.java:logGet(46)) - raft.server.storage.dir = [/home/runner/work/ozone/ozone/hadoop-ozone/integration-test/target/test-dir/MiniOzoneClusterImpl-e6c14afe-f26c-49b2-91d5-3d25694ec971/ozone-meta/datanode-3/ratis] (custom)
2025-04-23 04:29:30,550 [3650021b-da01-4d18-aa96-198e06a80749-NettyServerStreamRpc-bossGroup--thread1] INFO  logging.LoggingHandler (AbstractInternalLogger.java:log(148)) - [id: 0xe064b06e] BIND: 0.0.0.0/0.0.0.0:15082
2025-04-23 04:29:30,550 [main] INFO  server.RaftServerConfigKeys (ConfUtils.java:logGet(46)) - raft.server.threadpool.proxy.cached = true (default)
2025-04-23 04:29:30,550 [3650021b-da01-4d18-aa96-198e06a80749-NettyServerStreamRpc-bossGroup--thread1] INFO  logging.LoggingHandler (AbstractInternalLogger.java:log(148)) - [id: 0xe064b06e, L:/0.0.0.0:15082] ACTIVE
2025-04-23 04:29:30,550 [main] INFO  server.RaftServerConfigKeys (ConfUtils.java:logGet(46)) - raft.server.threadpool.proxy.size = 0 (default)
2025-04-23 04:29:30,551 [3650021b-da01-4d18-aa96-198e06a80749-impl-thread1] INFO  server.RaftServer (RaftServerProxy.java:initGroupDir(265)) - 3650021b-da01-4d18-aa96-198e06a80749: found a subdirectory /home/runner/work/ozone/ozone/hadoop-ozone/integration-test/target/test-dir/MiniOzoneClusterImpl-e6c14afe-f26c-49b2-91d5-3d25694ec971/ozone-meta/datanode-3/ratis/tmp
2025-04-23 04:29:30,551 [3650021b-da01-4d18-aa96-198e06a80749-impl-thread1] INFO  server.RaftServer (RaftServerProxy.java:initGroupDir(270)) - 3650021b-da01-4d18-aa96-198e06a80749: The directory /home/runner/work/ozone/ozone/hadoop-ozone/integration-test/target/test-dir/MiniOzoneClusterImpl-e6c14afe-f26c-49b2-91d5-3d25694ec971/ozone-meta/datanode-3/ratis/tmp is not a group directory; ignoring it. 
2025-04-23 04:29:30,551 [main] INFO  replication.ReplicationServer (ReplicationServer.java:<init>(84)) - Initializing replication server with thread count = 10 queue length = 4096
2025-04-23 04:29:30,551 [main] INFO  server.XceiverServerGrpc (XceiverServerGrpc.java:<init>(131)) - GrpcServer channel type EpollServerSocketChannel
2025-04-23 04:29:30,552 [main] INFO  replication.ReplicationSupervisor (ReplicationSupervisor.java:build(169)) - Initializing replication supervisor with thread count = 10
2025-04-23 04:29:30,552 [main] INFO  replication.ReplicationSupervisor (ReplicationSupervisor.java:nodeStateUpdated(358)) - Node state updated to IN_SERVICE, scaling executor pool size to 10
2025-04-23 04:29:30,555 [main] INFO  http.BaseHttpServer (BaseHttpServer.java:newHttpServer2BuilderForOzone(229)) - Starting Web-server for hddsDatanode at: http://0.0.0.0:15076
2025-04-23 04:29:30,555 [main] INFO  http.BaseHttpServer (BaseHttpServer.java:<init>(107)) - Hadoop Security Enabled: false Ozone Security Enabled: false Ozone HTTP Security Enabled: false 
2025-04-23 04:29:30,556 [main] WARN  server.AuthenticationFilter (AuthenticationFilter.java:constructSecretProvider(240)) - Unable to initialize FileSignerSecretProvider, falling back to use random secrets. Reason: Could not read signature secret file: /home/runner/hadoop-http-auth-signature-secret
2025-04-23 04:29:30,557 [main] INFO  http.HttpServer2 (HttpServer2.java:addGlobalFilter(1041)) - Added global filter 'safety' (class=org.apache.hadoop.hdds.server.http.HttpServer2$QuotingInputFilter)
2025-04-23 04:29:30,558 [main] INFO  http.HttpServer2 (HttpServer2.java:addFilter(1017)) - Added filter static_user_filter (class=org.apache.hadoop.http.lib.StaticUserWebFilter$StaticUserFilter) to context hddsDatanode
2025-04-23 04:29:30,558 [main] INFO  http.HttpServer2 (HttpServer2.java:addFilter(1025)) - Added filter static_user_filter (class=org.apache.hadoop.http.lib.StaticUserWebFilter$StaticUserFilter) to context logs
2025-04-23 04:29:30,558 [main] INFO  http.HttpServer2 (HttpServer2.java:addFilter(1025)) - Added filter static_user_filter (class=org.apache.hadoop.http.lib.StaticUserWebFilter$StaticUserFilter) to context static
2025-04-23 04:29:30,558 [main] INFO  http.BaseHttpServer (BaseHttpServer.java:<init>(195)) - HTTP server of hddsDatanode uses base directory /home/runner/work/ozone/ozone/hadoop-ozone/integration-test/target/test-dir/MiniOzoneClusterImpl-e6c14afe-f26c-49b2-91d5-3d25694ec971/ozone-meta/datanode-3/meta/webserver
2025-04-23 04:29:30,559 [main] INFO  http.HttpServer2 (HttpServer2.java:bindListener(1241)) - Jetty bound to port 15076
2025-04-23 04:29:30,559 [main] INFO  server.Server (Server.java:doStart(375)) - jetty-9.4.57.v20241219; built: 2025-01-08T21:24:30.412Z; git: df524e6b29271c2e09ba9aea83c18dc9db464a31; jvm 21.0.7+6-LTS
2025-04-23 04:29:30,560 [main] INFO  server.session (DefaultSessionIdManager.java:doStart(334)) - DefaultSessionIdManager workerName=node0
2025-04-23 04:29:30,560 [main] INFO  server.session (DefaultSessionIdManager.java:doStart(339)) - No SessionScavenger set, using defaults
2025-04-23 04:29:30,561 [main] INFO  server.session (HouseKeeper.java:startScavenging(132)) - node0 Scavenging every 600000ms
2025-04-23 04:29:30,561 [main] INFO  handler.ContextHandler (ContextHandler.java:doStart(921)) - Started o.e.j.s.ServletContextHandler@77a29e86{logs,/logs,file:///home/runner/work/ozone/ozone/hadoop-ozone/integration-test/target/log,AVAILABLE}
2025-04-23 04:29:30,561 [main] INFO  handler.ContextHandler (ContextHandler.java:doStart(921)) - Started o.e.j.s.ServletContextHandler@6962da36{static,/static,jar:file:/home/runner/work/ozone/ozone/hadoop-hdds/container-service/target/hdds-container-service-2.1.0-SNAPSHOT.jar!/webapps/static,AVAILABLE}
2025-04-23 04:29:30,706 [main] INFO  handler.ContextHandler (ContextHandler.java:doStart(921)) - Started o.e.j.w.WebAppContext@14d25dc9{hddsDatanode,/,file:///home/runner/work/ozone/ozone/hadoop-ozone/integration-test/target/test-dir/MiniOzoneClusterImpl-e6c14afe-f26c-49b2-91d5-3d25694ec971/ozone-meta/datanode-3/meta/webserver/jetty-0_0_0_0-15076-hdds-container-service-2_1_0-SNAPSHOT_jar-_-any-8930128706781040400/webapp/,AVAILABLE}{jar:file:/home/runner/work/ozone/ozone/hadoop-hdds/container-service/target/hdds-container-service-2.1.0-SNAPSHOT.jar!/webapps/hddsDatanode}
2025-04-23 04:29:30,706 [main] INFO  server.AbstractConnector (AbstractConnector.java:doStart(333)) - Started ServerConnector@5ae2c5d{HTTP/1.1, (http/1.1)}{0.0.0.0:15076}
2025-04-23 04:29:30,707 [main] INFO  server.Server (Server.java:doStart(415)) - Started @174125ms
2025-04-23 04:29:30,707 [main] WARN  impl.MetricsSystemImpl (MetricsSystemImpl.java:register(279)) - Sink prometheus already exists!
2025-04-23 04:29:30,707 [main] INFO  http.BaseHttpServer (BaseHttpServer.java:updateConnectorAddress(360)) - HTTP server of hddsDatanode listening at http://0.0.0.0:15076
2025-04-23 04:29:30,707 [main] INFO  ipc.CallQueueManager (CallQueueManager.java:<init>(93)) - Using callQueue: class java.util.concurrent.LinkedBlockingQueue, queueCapacity: 1000, scheduler: class org.apache.hadoop.ipc.DefaultRpcScheduler, ipcBackoff: false, ipcFailOver: false.
2025-04-23 04:29:30,708 [main] INFO  ipc.Server (Server.java:<init>(1438)) - Listener at 0.0.0.0:15077
2025-04-23 04:29:30,708 [Socket Reader #1 for port 15077] INFO  ipc.Server (Server.java:run(1474)) - Starting Socket Reader #1 for port 15077
2025-04-23 04:29:30,708 [Socket Reader #2 for port 15077] INFO  ipc.Server (Server.java:run(1474)) - Starting Socket Reader #2 for port 15077
2025-04-23 04:29:30,708 [Socket Reader #3 for port 15077] INFO  ipc.Server (Server.java:run(1474)) - Starting Socket Reader #3 for port 15077
2025-04-23 04:29:30,709 [Socket Reader #4 for port 15077] INFO  ipc.Server (Server.java:run(1474)) - Starting Socket Reader #4 for port 15077
2025-04-23 04:29:30,709 [Socket Reader #5 for port 15077] INFO  ipc.Server (Server.java:run(1474)) - Starting Socket Reader #5 for port 15077
2025-04-23 04:29:30,709 [Socket Reader #6 for port 15077] INFO  ipc.Server (Server.java:run(1474)) - Starting Socket Reader #6 for port 15077
2025-04-23 04:29:30,709 [Socket Reader #7 for port 15077] INFO  ipc.Server (Server.java:run(1474)) - Starting Socket Reader #7 for port 15077
2025-04-23 04:29:30,709 [Socket Reader #8 for port 15077] INFO  ipc.Server (Server.java:run(1474)) - Starting Socket Reader #8 for port 15077
2025-04-23 04:29:30,710 [Socket Reader #9 for port 15077] INFO  ipc.Server (Server.java:run(1474)) - Starting Socket Reader #9 for port 15077
2025-04-23 04:29:30,710 [Socket Reader #10 for port 15077] INFO  ipc.Server (Server.java:run(1474)) - Starting Socket Reader #10 for port 15077
2025-04-23 04:29:30,711 [main] INFO  ozone.HddsDatanodeService (HddsDatanodeService.java:start(325)) - Datanode start with admins: [*, runner]
2025-04-23 04:29:30,711 [main] INFO  ozone.HddsDatanodeClientProtocolServer (HddsDatanodeClientProtocolServer.java:start(76)) - RPC server for Client /0.0.0.0:15077
2025-04-23 04:29:30,711 [IPC Server Responder] INFO  ipc.Server (Server.java:run(1713)) - IPC Server Responder: starting
2025-04-23 04:29:30,712 [IPC Server listener on 15077] INFO  ipc.Server (Server.java:run(1553)) - IPC Server listener on 15077: starting
2025-04-23 04:29:30,714 [main] INFO  ozone.MiniOzoneClusterImpl (MiniOzoneClusterImpl.java:lambda$waitForClusterToBeReady$0(190)) - Waiting for nodes to be ready. Got 0 of 3 DN Heartbeats.
2025-04-23 04:29:30,714 [main] INFO  ozone.MiniOzoneClusterImpl (MiniOzoneClusterImpl.java:lambda$waitForClusterToBeReady$0(193)) - Waiting for cluster to exit safe mode
2025-04-23 04:29:30,714 [main] INFO  ozone.MiniOzoneClusterImpl (MiniOzoneClusterImpl.java:lambda$waitForClusterToBeReady$0(195)) - SCM became leader
2025-04-23 04:29:30,714 [3650021b-da01-4d18-aa96-198e06a80749-DatanodeStateMachineDaemonThread] INFO  statemachine.DatanodeStateMachine (DatanodeStateMachine.java:startStateMachineThread(340)) - Ozone container server started.
2025-04-23 04:29:30,717 [3650021b-da01-4d18-aa96-198e06a80749-DatanodeStateMachineTaskThread-0] INFO  datanode.InitDatanodeState (InitDatanodeState.java:persistContainerDatanodeDetails(139)) - DatanodeDetails is persisted to /home/runner/work/ozone/ozone/hadoop-ozone/integration-test/target/test-dir/MiniOzoneClusterImpl-e6c14afe-f26c-49b2-91d5-3d25694ec971/ozone-meta/datanode-3/meta/datanode.id
2025-04-23 04:29:30,851 [7e05a46c-0a2e-4cd7-9b48-a27584e21533-EndpointStateMachineTaskThread-/0.0.0.0:15044-0 ] INFO  utils.DatanodeStoreCache (DatanodeStoreCache.java:addDB(71)) - Added db /home/runner/work/ozone/ozone/hadoop-ozone/integration-test/target/test-dir/MiniOzoneClusterImpl-e6c14afe-f26c-49b2-91d5-3d25694ec971/ozone-meta/datanode-1/data-0/hdds/e6c14afe-f26c-49b2-91d5-3d25694ec971/DS-fb0052f0-2d70-48df-9c3b-0f1a2400bcae/container.db to cache
2025-04-23 04:29:30,851 [7e05a46c-0a2e-4cd7-9b48-a27584e21533-EndpointStateMachineTaskThread-/0.0.0.0:15044-0 ] INFO  volume.HddsVolume (HddsVolume.java:createDbStore(510)) - SchemaV3 db is created and loaded at /home/runner/work/ozone/ozone/hadoop-ozone/integration-test/target/test-dir/MiniOzoneClusterImpl-e6c14afe-f26c-49b2-91d5-3d25694ec971/ozone-meta/datanode-1/data-0/hdds/e6c14afe-f26c-49b2-91d5-3d25694ec971/DS-fb0052f0-2d70-48df-9c3b-0f1a2400bcae/container.db for volume DS-fb0052f0-2d70-48df-9c3b-0f1a2400bcae
2025-04-23 04:29:30,854 [7e05a46c-0a2e-4cd7-9b48-a27584e21533-ContainerReader-0] INFO  ozoneimpl.ContainerReader (ContainerReader.java:readVolume(144)) - Start to verify containers on volume /home/runner/work/ozone/ozone/hadoop-ozone/integration-test/target/test-dir/MiniOzoneClusterImpl-e6c14afe-f26c-49b2-91d5-3d25694ec971/ozone-meta/datanode-1/data-0/hdds
2025-04-23 04:29:30,854 [7e05a46c-0a2e-4cd7-9b48-a27584e21533-ContainerReader-0] INFO  ozoneimpl.ContainerReader (ContainerReader.java:readVolume(174)) - Finish verifying containers on volume /home/runner/work/ozone/ozone/hadoop-ozone/integration-test/target/test-dir/MiniOzoneClusterImpl-e6c14afe-f26c-49b2-91d5-3d25694ec971/ozone-meta/datanode-1/data-0/hdds
2025-04-23 04:29:30,854 [7e05a46c-0a2e-4cd7-9b48-a27584e21533-EndpointStateMachineTaskThread-/0.0.0.0:15044-0 ] INFO  ozoneimpl.OzoneContainer (OzoneContainer.java:buildContainerSet(364)) - Build ContainerSet costs 0s
2025-04-23 04:29:30,854 [7e05a46c-0a2e-4cd7-9b48-a27584e21533-EndpointStateMachineTaskThread-/0.0.0.0:15044-0 ] INFO  volume.ThrottledAsyncChecker (ThrottledAsyncChecker.java:schedule(138)) - Scheduling a check for /home/runner/work/ozone/ozone/hadoop-ozone/integration-test/target/test-dir/MiniOzoneClusterImpl-e6c14afe-f26c-49b2-91d5-3d25694ec971/ozone-meta/datanode-1/data-0/hdds
2025-04-23 04:29:30,854 [7e05a46c-0a2e-4cd7-9b48-a27584e21533-EndpointStateMachineTaskThread-/0.0.0.0:15044-0 ] INFO  volume.StorageVolumeChecker (StorageVolumeChecker.java:checkAllVolumes(215)) - Scheduled health check for volume /home/runner/work/ozone/ozone/hadoop-ozone/integration-test/target/test-dir/MiniOzoneClusterImpl-e6c14afe-f26c-49b2-91d5-3d25694ec971/ozone-meta/datanode-1/data-0/hdds
2025-04-23 04:29:30,858 [7e05a46c-0a2e-4cd7-9b48-a27584e21533-EndpointStateMachineTaskThread-/0.0.0.0:15044-0 ] INFO  volume.ThrottledAsyncChecker (ThrottledAsyncChecker.java:schedule(138)) - Scheduling a check for /home/runner/work/ozone/ozone/hadoop-ozone/integration-test/target/test-dir/MiniOzoneClusterImpl-e6c14afe-f26c-49b2-91d5-3d25694ec971/ozone-meta/datanode-1/ratis
2025-04-23 04:29:30,858 [7e05a46c-0a2e-4cd7-9b48-a27584e21533-EndpointStateMachineTaskThread-/0.0.0.0:15044-0 ] INFO  volume.StorageVolumeChecker (StorageVolumeChecker.java:checkAllVolumes(215)) - Scheduled health check for volume /home/runner/work/ozone/ozone/hadoop-ozone/integration-test/target/test-dir/MiniOzoneClusterImpl-e6c14afe-f26c-49b2-91d5-3d25694ec971/ozone-meta/datanode-1/ratis
2025-04-23 04:29:30,859 [7e05a46c-0a2e-4cd7-9b48-a27584e21533-EndpointStateMachineTaskThread-/0.0.0.0:15044-0 ] INFO  ozoneimpl.OzoneContainer (OzoneContainer.java:start(512)) - Attempting to start container services.
2025-04-23 04:29:30,859 [ContainerMetadataScanner] INFO  ozoneimpl.AbstractBackgroundContainerScanner (AbstractBackgroundContainerScanner.java:runIteration(89)) - Completed an iteration in 0 minutes. Number of iterations (since the data-node restart) : 1, Number of containers scanned in this iteration : 0, Number of unhealthy containers found in this iteration : 0
2025-04-23 04:29:30,860 [7e05a46c-0a2e-4cd7-9b48-a27584e21533-EndpointStateMachineTaskThread-/0.0.0.0:15044-0 ] INFO  replication.ReplicationServer (ReplicationServer.java:start(137)) - ReplicationServer is started using port 15067
2025-04-23 04:29:30,860 [ContainerDataScanner(/home/runner/work/ozone/ozone/hadoop-ozone/integration-test/target/test-dir/MiniOzoneClusterImpl-e6c14afe-f26c-49b2-91d5-3d25694ec971/ozone-meta/datanode-1/data-0/hdds)] INFO  ozoneimpl.AbstractBackgroundContainerScanner (AbstractBackgroundContainerScanner.java:runIteration(89)) - Completed an iteration in 0 minutes. Number of iterations (since the data-node restart) : 1, Number of containers scanned in this iteration : 0, Number of unhealthy containers found in this iteration : 0
2025-04-23 04:29:30,860 [7e05a46c-0a2e-4cd7-9b48-a27584e21533-EndpointStateMachineTaskThread-/0.0.0.0:15044-0 ] INFO  ratis.XceiverServerRatis (XceiverServerRatis.java:start(559)) - Starting XceiverServerRatis(7e05a46c-0a2e-4cd7-9b48-a27584e21533)
2025-04-23 04:29:30,861 [7e05a46c-0a2e-4cd7-9b48-a27584e21533-EndpointStateMachineTaskThread-/0.0.0.0:15044-0 ] INFO  server.RaftServer (RaftServerProxy.java:startImpl(407)) - 7e05a46c-0a2e-4cd7-9b48-a27584e21533: start RPC server
2025-04-23 04:29:30,861 [7e05a46c-0a2e-4cd7-9b48-a27584e21533-EndpointStateMachineTaskThread-/0.0.0.0:15044-0 ] INFO  server.GrpcService (GrpcService.java:startImpl(334)) - 7e05a46c-0a2e-4cd7-9b48-a27584e21533: GrpcService started, listening on 15063
2025-04-23 04:29:30,861 [7e05a46c-0a2e-4cd7-9b48-a27584e21533-EndpointStateMachineTaskThread-/0.0.0.0:15044-0 ] INFO  server.GrpcService (GrpcService.java:startImpl(334)) - 7e05a46c-0a2e-4cd7-9b48-a27584e21533: GrpcService started, listening on 15065
2025-04-23 04:29:30,861 [7e05a46c-0a2e-4cd7-9b48-a27584e21533-EndpointStateMachineTaskThread-/0.0.0.0:15044-0 ] INFO  server.GrpcService (GrpcService.java:startImpl(334)) - 7e05a46c-0a2e-4cd7-9b48-a27584e21533: GrpcService started, listening on 15064
2025-04-23 04:29:30,862 [7e05a46c-0a2e-4cd7-9b48-a27584e21533-EndpointStateMachineTaskThread-/0.0.0.0:15044-0 ] INFO  ratis.XceiverServerRatis (XceiverServerRatis.java:getRealPort(586)) - XceiverServerRatis(7e05a46c-0a2e-4cd7-9b48-a27584e21533) is started using port RATIS=15063
2025-04-23 04:29:30,862 [7e05a46c-0a2e-4cd7-9b48-a27584e21533-EndpointStateMachineTaskThread-/0.0.0.0:15044-0 ] INFO  ratis.XceiverServerRatis (XceiverServerRatis.java:getRealPort(586)) - XceiverServerRatis(7e05a46c-0a2e-4cd7-9b48-a27584e21533) is started using port RATIS_ADMIN=15064
2025-04-23 04:29:30,862 [7e05a46c-0a2e-4cd7-9b48-a27584e21533-EndpointStateMachineTaskThread-/0.0.0.0:15044-0 ] INFO  ratis.XceiverServerRatis (XceiverServerRatis.java:getRealPort(586)) - XceiverServerRatis(7e05a46c-0a2e-4cd7-9b48-a27584e21533) is started using port RATIS_SERVER=15065
2025-04-23 04:29:30,862 [7e05a46c-0a2e-4cd7-9b48-a27584e21533-EndpointStateMachineTaskThread-/0.0.0.0:15044-0 ] INFO  ratis.XceiverServerRatis (XceiverServerRatis.java:getRealPort(586)) - XceiverServerRatis(7e05a46c-0a2e-4cd7-9b48-a27584e21533) is started using port RATIS_DATASTREAM=15066
2025-04-23 04:29:30,862 [JvmPauseMonitor46] INFO  util.JvmPauseMonitor (JvmPauseMonitor.java:run(146)) - JvmPauseMonitor-7e05a46c-0a2e-4cd7-9b48-a27584e21533: Started
2025-04-23 04:29:30,863 [7e05a46c-0a2e-4cd7-9b48-a27584e21533-BlockDeletingService#0] INFO  interfaces.ContainerDeletionChoosingPolicyTemplate (ContainerDeletionChoosingPolicyTemplate.java:chooseContainerForBlockDeletion(83)) - Chosen 0/5000 blocks from 0 candidate containers.
2025-04-23 04:29:31,042 [8886420c-3c5d-4daa-85e6-40ee88a9c75a-EndpointStateMachineTaskThread-/0.0.0.0:15044-0 ] INFO  utils.DatanodeStoreCache (DatanodeStoreCache.java:addDB(71)) - Added db /home/runner/work/ozone/ozone/hadoop-ozone/integration-test/target/test-dir/MiniOzoneClusterImpl-e6c14afe-f26c-49b2-91d5-3d25694ec971/ozone-meta/datanode-2/data-0/hdds/e6c14afe-f26c-49b2-91d5-3d25694ec971/DS-fc281194-e811-414e-a9ce-1496ac06dc7c/container.db to cache
2025-04-23 04:29:31,042 [8886420c-3c5d-4daa-85e6-40ee88a9c75a-EndpointStateMachineTaskThread-/0.0.0.0:15044-0 ] INFO  volume.HddsVolume (HddsVolume.java:createDbStore(510)) - SchemaV3 db is created and loaded at /home/runner/work/ozone/ozone/hadoop-ozone/integration-test/target/test-dir/MiniOzoneClusterImpl-e6c14afe-f26c-49b2-91d5-3d25694ec971/ozone-meta/datanode-2/data-0/hdds/e6c14afe-f26c-49b2-91d5-3d25694ec971/DS-fc281194-e811-414e-a9ce-1496ac06dc7c/container.db for volume DS-fc281194-e811-414e-a9ce-1496ac06dc7c
2025-04-23 04:29:31,045 [8886420c-3c5d-4daa-85e6-40ee88a9c75a-ContainerReader-0] INFO  ozoneimpl.ContainerReader (ContainerReader.java:readVolume(144)) - Start to verify containers on volume /home/runner/work/ozone/ozone/hadoop-ozone/integration-test/target/test-dir/MiniOzoneClusterImpl-e6c14afe-f26c-49b2-91d5-3d25694ec971/ozone-meta/datanode-2/data-0/hdds
2025-04-23 04:29:31,045 [8886420c-3c5d-4daa-85e6-40ee88a9c75a-ContainerReader-0] INFO  ozoneimpl.ContainerReader (ContainerReader.java:readVolume(174)) - Finish verifying containers on volume /home/runner/work/ozone/ozone/hadoop-ozone/integration-test/target/test-dir/MiniOzoneClusterImpl-e6c14afe-f26c-49b2-91d5-3d25694ec971/ozone-meta/datanode-2/data-0/hdds
2025-04-23 04:29:31,045 [8886420c-3c5d-4daa-85e6-40ee88a9c75a-EndpointStateMachineTaskThread-/0.0.0.0:15044-0 ] INFO  ozoneimpl.OzoneContainer (OzoneContainer.java:buildContainerSet(364)) - Build ContainerSet costs 0s
2025-04-23 04:29:31,045 [8886420c-3c5d-4daa-85e6-40ee88a9c75a-EndpointStateMachineTaskThread-/0.0.0.0:15044-0 ] INFO  volume.ThrottledAsyncChecker (ThrottledAsyncChecker.java:schedule(138)) - Scheduling a check for /home/runner/work/ozone/ozone/hadoop-ozone/integration-test/target/test-dir/MiniOzoneClusterImpl-e6c14afe-f26c-49b2-91d5-3d25694ec971/ozone-meta/datanode-2/data-0/hdds
2025-04-23 04:29:31,046 [8886420c-3c5d-4daa-85e6-40ee88a9c75a-EndpointStateMachineTaskThread-/0.0.0.0:15044-0 ] INFO  volume.StorageVolumeChecker (StorageVolumeChecker.java:checkAllVolumes(215)) - Scheduled health check for volume /home/runner/work/ozone/ozone/hadoop-ozone/integration-test/target/test-dir/MiniOzoneClusterImpl-e6c14afe-f26c-49b2-91d5-3d25694ec971/ozone-meta/datanode-2/data-0/hdds
2025-04-23 04:29:31,049 [8886420c-3c5d-4daa-85e6-40ee88a9c75a-EndpointStateMachineTaskThread-/0.0.0.0:15044-0 ] INFO  volume.ThrottledAsyncChecker (ThrottledAsyncChecker.java:schedule(138)) - Scheduling a check for /home/runner/work/ozone/ozone/hadoop-ozone/integration-test/target/test-dir/MiniOzoneClusterImpl-e6c14afe-f26c-49b2-91d5-3d25694ec971/ozone-meta/datanode-2/ratis
2025-04-23 04:29:31,049 [8886420c-3c5d-4daa-85e6-40ee88a9c75a-EndpointStateMachineTaskThread-/0.0.0.0:15044-0 ] INFO  volume.StorageVolumeChecker (StorageVolumeChecker.java:checkAllVolumes(215)) - Scheduled health check for volume /home/runner/work/ozone/ozone/hadoop-ozone/integration-test/target/test-dir/MiniOzoneClusterImpl-e6c14afe-f26c-49b2-91d5-3d25694ec971/ozone-meta/datanode-2/ratis
2025-04-23 04:29:31,050 [8886420c-3c5d-4daa-85e6-40ee88a9c75a-EndpointStateMachineTaskThread-/0.0.0.0:15044-0 ] INFO  ozoneimpl.OzoneContainer (OzoneContainer.java:start(512)) - Attempting to start container services.
2025-04-23 04:29:31,050 [8886420c-3c5d-4daa-85e6-40ee88a9c75a-EndpointStateMachineTaskThread-/0.0.0.0:15044-0 ] WARN  ozoneimpl.OnDemandContainerDataScanner (OnDemandContainerDataScanner.java:init(74)) - Trying to initialize on demand scanner a second time on a datanode.
2025-04-23 04:29:31,051 [ContainerMetadataScanner] INFO  ozoneimpl.AbstractBackgroundContainerScanner (AbstractBackgroundContainerScanner.java:runIteration(89)) - Completed an iteration in 0 minutes. Number of iterations (since the data-node restart) : 1, Number of containers scanned in this iteration : 0, Number of unhealthy containers found in this iteration : 0
2025-04-23 04:29:31,051 [ContainerDataScanner(/home/runner/work/ozone/ozone/hadoop-ozone/integration-test/target/test-dir/MiniOzoneClusterImpl-e6c14afe-f26c-49b2-91d5-3d25694ec971/ozone-meta/datanode-2/data-0/hdds)] INFO  ozoneimpl.AbstractBackgroundContainerScanner (AbstractBackgroundContainerScanner.java:runIteration(89)) - Completed an iteration in 0 minutes. Number of iterations (since the data-node restart) : 1, Number of containers scanned in this iteration : 0, Number of unhealthy containers found in this iteration : 0
2025-04-23 04:29:31,051 [8886420c-3c5d-4daa-85e6-40ee88a9c75a-EndpointStateMachineTaskThread-/0.0.0.0:15044-0 ] INFO  replication.ReplicationServer (ReplicationServer.java:start(137)) - ReplicationServer is started using port 15075
2025-04-23 04:29:31,051 [8886420c-3c5d-4daa-85e6-40ee88a9c75a-EndpointStateMachineTaskThread-/0.0.0.0:15044-0 ] INFO  ratis.XceiverServerRatis (XceiverServerRatis.java:start(559)) - Starting XceiverServerRatis(8886420c-3c5d-4daa-85e6-40ee88a9c75a)
2025-04-23 04:29:31,052 [8886420c-3c5d-4daa-85e6-40ee88a9c75a-EndpointStateMachineTaskThread-/0.0.0.0:15044-0 ] INFO  server.RaftServer (RaftServerProxy.java:startImpl(407)) - 8886420c-3c5d-4daa-85e6-40ee88a9c75a: start RPC server
2025-04-23 04:29:31,052 [8886420c-3c5d-4daa-85e6-40ee88a9c75a-EndpointStateMachineTaskThread-/0.0.0.0:15044-0 ] INFO  server.GrpcService (GrpcService.java:startImpl(334)) - 8886420c-3c5d-4daa-85e6-40ee88a9c75a: GrpcService started, listening on 15071
2025-04-23 04:29:31,052 [8886420c-3c5d-4daa-85e6-40ee88a9c75a-EndpointStateMachineTaskThread-/0.0.0.0:15044-0 ] INFO  server.GrpcService (GrpcService.java:startImpl(334)) - 8886420c-3c5d-4daa-85e6-40ee88a9c75a: GrpcService started, listening on 15073
2025-04-23 04:29:31,053 [8886420c-3c5d-4daa-85e6-40ee88a9c75a-EndpointStateMachineTaskThread-/0.0.0.0:15044-0 ] INFO  server.GrpcService (GrpcService.java:startImpl(334)) - 8886420c-3c5d-4daa-85e6-40ee88a9c75a: GrpcService started, listening on 15072
2025-04-23 04:29:31,053 [8886420c-3c5d-4daa-85e6-40ee88a9c75a-EndpointStateMachineTaskThread-/0.0.0.0:15044-0 ] INFO  ratis.XceiverServerRatis (XceiverServerRatis.java:getRealPort(586)) - XceiverServerRatis(8886420c-3c5d-4daa-85e6-40ee88a9c75a) is started using port RATIS=15071
2025-04-23 04:29:31,053 [8886420c-3c5d-4daa-85e6-40ee88a9c75a-EndpointStateMachineTaskThread-/0.0.0.0:15044-0 ] INFO  ratis.XceiverServerRatis (XceiverServerRatis.java:getRealPort(586)) - XceiverServerRatis(8886420c-3c5d-4daa-85e6-40ee88a9c75a) is started using port RATIS_ADMIN=15072
2025-04-23 04:29:31,053 [8886420c-3c5d-4daa-85e6-40ee88a9c75a-EndpointStateMachineTaskThread-/0.0.0.0:15044-0 ] INFO  ratis.XceiverServerRatis (XceiverServerRatis.java:getRealPort(586)) - XceiverServerRatis(8886420c-3c5d-4daa-85e6-40ee88a9c75a) is started using port RATIS_SERVER=15073
2025-04-23 04:29:31,053 [8886420c-3c5d-4daa-85e6-40ee88a9c75a-EndpointStateMachineTaskThread-/0.0.0.0:15044-0 ] INFO  ratis.XceiverServerRatis (XceiverServerRatis.java:getRealPort(586)) - XceiverServerRatis(8886420c-3c5d-4daa-85e6-40ee88a9c75a) is started using port RATIS_DATASTREAM=15074
2025-04-23 04:29:31,053 [JvmPauseMonitor47] INFO  util.JvmPauseMonitor (JvmPauseMonitor.java:run(146)) - JvmPauseMonitor-8886420c-3c5d-4daa-85e6-40ee88a9c75a: Started
2025-04-23 04:29:31,054 [8886420c-3c5d-4daa-85e6-40ee88a9c75a-BlockDeletingService#0] INFO  interfaces.ContainerDeletionChoosingPolicyTemplate (ContainerDeletionChoosingPolicyTemplate.java:chooseContainerForBlockDeletion(83)) - Chosen 0/5000 blocks from 0 candidate containers.
2025-04-23 04:29:31,249 [3650021b-da01-4d18-aa96-198e06a80749-EndpointStateMachineTaskThread-/0.0.0.0:15044-0 ] INFO  utils.DatanodeStoreCache (DatanodeStoreCache.java:addDB(71)) - Added db /home/runner/work/ozone/ozone/hadoop-ozone/integration-test/target/test-dir/MiniOzoneClusterImpl-e6c14afe-f26c-49b2-91d5-3d25694ec971/ozone-meta/datanode-3/data-0/hdds/e6c14afe-f26c-49b2-91d5-3d25694ec971/DS-8de023fe-9ddc-47ae-a338-66f8c5cc0f1f/container.db to cache
2025-04-23 04:29:31,249 [3650021b-da01-4d18-aa96-198e06a80749-EndpointStateMachineTaskThread-/0.0.0.0:15044-0 ] INFO  volume.HddsVolume (HddsVolume.java:createDbStore(510)) - SchemaV3 db is created and loaded at /home/runner/work/ozone/ozone/hadoop-ozone/integration-test/target/test-dir/MiniOzoneClusterImpl-e6c14afe-f26c-49b2-91d5-3d25694ec971/ozone-meta/datanode-3/data-0/hdds/e6c14afe-f26c-49b2-91d5-3d25694ec971/DS-8de023fe-9ddc-47ae-a338-66f8c5cc0f1f/container.db for volume DS-8de023fe-9ddc-47ae-a338-66f8c5cc0f1f
2025-04-23 04:29:31,252 [3650021b-da01-4d18-aa96-198e06a80749-ContainerReader-0] INFO  ozoneimpl.ContainerReader (ContainerReader.java:readVolume(144)) - Start to verify containers on volume /home/runner/work/ozone/ozone/hadoop-ozone/integration-test/target/test-dir/MiniOzoneClusterImpl-e6c14afe-f26c-49b2-91d5-3d25694ec971/ozone-meta/datanode-3/data-0/hdds
2025-04-23 04:29:31,252 [3650021b-da01-4d18-aa96-198e06a80749-ContainerReader-0] INFO  ozoneimpl.ContainerReader (ContainerReader.java:readVolume(174)) - Finish verifying containers on volume /home/runner/work/ozone/ozone/hadoop-ozone/integration-test/target/test-dir/MiniOzoneClusterImpl-e6c14afe-f26c-49b2-91d5-3d25694ec971/ozone-meta/datanode-3/data-0/hdds
2025-04-23 04:29:31,252 [3650021b-da01-4d18-aa96-198e06a80749-EndpointStateMachineTaskThread-/0.0.0.0:15044-0 ] INFO  ozoneimpl.OzoneContainer (OzoneContainer.java:buildContainerSet(364)) - Build ContainerSet costs 0s
2025-04-23 04:29:31,252 [3650021b-da01-4d18-aa96-198e06a80749-EndpointStateMachineTaskThread-/0.0.0.0:15044-0 ] INFO  volume.ThrottledAsyncChecker (ThrottledAsyncChecker.java:schedule(138)) - Scheduling a check for /home/runner/work/ozone/ozone/hadoop-ozone/integration-test/target/test-dir/MiniOzoneClusterImpl-e6c14afe-f26c-49b2-91d5-3d25694ec971/ozone-meta/datanode-3/data-0/hdds
2025-04-23 04:29:31,253 [3650021b-da01-4d18-aa96-198e06a80749-EndpointStateMachineTaskThread-/0.0.0.0:15044-0 ] INFO  volume.StorageVolumeChecker (StorageVolumeChecker.java:checkAllVolumes(215)) - Scheduled health check for volume /home/runner/work/ozone/ozone/hadoop-ozone/integration-test/target/test-dir/MiniOzoneClusterImpl-e6c14afe-f26c-49b2-91d5-3d25694ec971/ozone-meta/datanode-3/data-0/hdds
2025-04-23 04:29:31,256 [3650021b-da01-4d18-aa96-198e06a80749-EndpointStateMachineTaskThread-/0.0.0.0:15044-0 ] INFO  volume.ThrottledAsyncChecker (ThrottledAsyncChecker.java:schedule(138)) - Scheduling a check for /home/runner/work/ozone/ozone/hadoop-ozone/integration-test/target/test-dir/MiniOzoneClusterImpl-e6c14afe-f26c-49b2-91d5-3d25694ec971/ozone-meta/datanode-3/ratis
2025-04-23 04:29:31,256 [3650021b-da01-4d18-aa96-198e06a80749-EndpointStateMachineTaskThread-/0.0.0.0:15044-0 ] INFO  volume.StorageVolumeChecker (StorageVolumeChecker.java:checkAllVolumes(215)) - Scheduled health check for volume /home/runner/work/ozone/ozone/hadoop-ozone/integration-test/target/test-dir/MiniOzoneClusterImpl-e6c14afe-f26c-49b2-91d5-3d25694ec971/ozone-meta/datanode-3/ratis
2025-04-23 04:29:31,257 [3650021b-da01-4d18-aa96-198e06a80749-EndpointStateMachineTaskThread-/0.0.0.0:15044-0 ] INFO  ozoneimpl.OzoneContainer (OzoneContainer.java:start(512)) - Attempting to start container services.
2025-04-23 04:29:31,257 [3650021b-da01-4d18-aa96-198e06a80749-EndpointStateMachineTaskThread-/0.0.0.0:15044-0 ] WARN  ozoneimpl.OnDemandContainerDataScanner (OnDemandContainerDataScanner.java:init(74)) - Trying to initialize on demand scanner a second time on a datanode.
2025-04-23 04:29:31,257 [ContainerMetadataScanner] INFO  ozoneimpl.AbstractBackgroundContainerScanner (AbstractBackgroundContainerScanner.java:runIteration(89)) - Completed an iteration in 0 minutes. Number of iterations (since the data-node restart) : 1, Number of containers scanned in this iteration : 0, Number of unhealthy containers found in this iteration : 0
2025-04-23 04:29:31,258 [ContainerDataScanner(/home/runner/work/ozone/ozone/hadoop-ozone/integration-test/target/test-dir/MiniOzoneClusterImpl-e6c14afe-f26c-49b2-91d5-3d25694ec971/ozone-meta/datanode-3/data-0/hdds)] INFO  ozoneimpl.AbstractBackgroundContainerScanner (AbstractBackgroundContainerScanner.java:runIteration(89)) - Completed an iteration in 0 minutes. Number of iterations (since the data-node restart) : 1, Number of containers scanned in this iteration : 0, Number of unhealthy containers found in this iteration : 0
2025-04-23 04:29:31,258 [3650021b-da01-4d18-aa96-198e06a80749-EndpointStateMachineTaskThread-/0.0.0.0:15044-0 ] INFO  replication.ReplicationServer (ReplicationServer.java:start(137)) - ReplicationServer is started using port 15083
2025-04-23 04:29:31,258 [3650021b-da01-4d18-aa96-198e06a80749-EndpointStateMachineTaskThread-/0.0.0.0:15044-0 ] INFO  ratis.XceiverServerRatis (XceiverServerRatis.java:start(559)) - Starting XceiverServerRatis(3650021b-da01-4d18-aa96-198e06a80749)
2025-04-23 04:29:31,259 [3650021b-da01-4d18-aa96-198e06a80749-EndpointStateMachineTaskThread-/0.0.0.0:15044-0 ] INFO  server.RaftServer (RaftServerProxy.java:startImpl(407)) - 3650021b-da01-4d18-aa96-198e06a80749: start RPC server
2025-04-23 04:29:31,259 [3650021b-da01-4d18-aa96-198e06a80749-EndpointStateMachineTaskThread-/0.0.0.0:15044-0 ] INFO  server.GrpcService (GrpcService.java:startImpl(334)) - 3650021b-da01-4d18-aa96-198e06a80749: GrpcService started, listening on 15079
2025-04-23 04:29:31,259 [3650021b-da01-4d18-aa96-198e06a80749-EndpointStateMachineTaskThread-/0.0.0.0:15044-0 ] INFO  server.GrpcService (GrpcService.java:startImpl(334)) - 3650021b-da01-4d18-aa96-198e06a80749: GrpcService started, listening on 15081
2025-04-23 04:29:31,259 [3650021b-da01-4d18-aa96-198e06a80749-EndpointStateMachineTaskThread-/0.0.0.0:15044-0 ] INFO  server.GrpcService (GrpcService.java:startImpl(334)) - 3650021b-da01-4d18-aa96-198e06a80749: GrpcService started, listening on 15080
2025-04-23 04:29:31,259 [3650021b-da01-4d18-aa96-198e06a80749-EndpointStateMachineTaskThread-/0.0.0.0:15044-0 ] INFO  ratis.XceiverServerRatis (XceiverServerRatis.java:getRealPort(586)) - XceiverServerRatis(3650021b-da01-4d18-aa96-198e06a80749) is started using port RATIS=15079
2025-04-23 04:29:31,259 [3650021b-da01-4d18-aa96-198e06a80749-EndpointStateMachineTaskThread-/0.0.0.0:15044-0 ] INFO  ratis.XceiverServerRatis (XceiverServerRatis.java:getRealPort(586)) - XceiverServerRatis(3650021b-da01-4d18-aa96-198e06a80749) is started using port RATIS_ADMIN=15080
2025-04-23 04:29:31,259 [3650021b-da01-4d18-aa96-198e06a80749-EndpointStateMachineTaskThread-/0.0.0.0:15044-0 ] INFO  ratis.XceiverServerRatis (XceiverServerRatis.java:getRealPort(586)) - XceiverServerRatis(3650021b-da01-4d18-aa96-198e06a80749) is started using port RATIS_SERVER=15081
2025-04-23 04:29:31,259 [3650021b-da01-4d18-aa96-198e06a80749-EndpointStateMachineTaskThread-/0.0.0.0:15044-0 ] INFO  ratis.XceiverServerRatis (XceiverServerRatis.java:getRealPort(586)) - XceiverServerRatis(3650021b-da01-4d18-aa96-198e06a80749) is started using port RATIS_DATASTREAM=15082
2025-04-23 04:29:31,260 [JvmPauseMonitor48] INFO  util.JvmPauseMonitor (JvmPauseMonitor.java:run(146)) - JvmPauseMonitor-3650021b-da01-4d18-aa96-198e06a80749: Started
2025-04-23 04:29:31,260 [3650021b-da01-4d18-aa96-198e06a80749-BlockDeletingService#0] INFO  interfaces.ContainerDeletionChoosingPolicyTemplate (ContainerDeletionChoosingPolicyTemplate.java:chooseContainerForBlockDeletion(83)) - Chosen 0/5000 blocks from 0 candidate containers.
2025-04-23 04:29:31,323 [IPC Server handler 0 on default port 15044] INFO  net.NetworkTopologyImpl (NetworkTopologyImpl.java:add(133)) - Added a new node: /default-rack/7e05a46c-0a2e-4cd7-9b48-a27584e21533
2025-04-23 04:29:31,323 [IPC Server handler 0 on default port 15044] INFO  node.SCMNodeManager (SCMNodeManager.java:register(425)) - Registered datanode: 7e05a46c-0a2e-4cd7-9b48-a27584e21533{ip: 127.0.0.1, host: localhost, ports: [HTTP=15060, CLIENT_RPC=15061, REPLICATION=15067, RATIS=15063, RATIS_ADMIN=15064, RATIS_SERVER=15065, RATIS_DATASTREAM=15066, STANDALONE=15062], networkLocation: /default-rack, certSerialId: null, persistedOpState: null, persistedOpStateExpiryEpochSec: 0}
2025-04-23 04:29:31,324 [EventQueue-NewNodeForNewNodeHandler] INFO  pipeline.BackgroundPipelineCreator (BackgroundPipelineCreator.java:notifyEventTriggered(291)) - trigger a one-shot run on RatisPipelineUtilsThread.
2025-04-23 04:29:31,324 [EventQueue-NodeRegistrationContainerReportForDataNodeSafeModeRule] INFO  safemode.SCMSafeModeManager (DataNodeSafeModeRule.java:process(79)) - SCM in safe mode. 1 DataNodes registered, 3 required.
2025-04-23 04:29:31,324 [RatisPipelineUtilsThread-0] INFO  pipeline.RatisPipelineProvider (RatisPipelineProvider.java:lambda$create$0(208)) - Sending CreatePipelineCommand for pipeline:PipelineID=092af254-35cf-4a24-9b74-a5c62b28d023 to datanode:7e05a46c-0a2e-4cd7-9b48-a27584e21533(localhost/127.0.0.1)
2025-04-23 04:29:31,324 [EventQueue-PipelineReportForOneReplicaPipelineSafeModeRule] INFO  safemode.SCMSafeModeManager (SCMSafeModeManager.java:validateSafeModeExitRules(186)) - AtleastOneDatanodeReportedRule rule is successfully validated
2025-04-23 04:29:31,324 [EventQueue-ContainerRegistrationReportForECContainerSafeModeRule] INFO  safemode.SCMSafeModeManager (SCMSafeModeManager.java:validateSafeModeExitRules(186)) - ECContainerSafeModeRule rule is successfully validated
2025-04-23 04:29:31,325 [EventQueue-ContainerRegistrationReportForRatisContainerSafeModeRule] INFO  safemode.SCMSafeModeManager (SCMSafeModeManager.java:validateSafeModeExitRules(186)) - RatisContainerSafeModeRule rule is successfully validated
2025-04-23 04:29:31,327 [1763a5f8-9e33-4e4d-85c9-a44f9db01322@group-3D25694EC971-StateMachineUpdater] INFO  safemode.HealthyPipelineSafeModeRule (HealthyPipelineSafeModeRule.java:initializeRule(174)) - Refreshed total pipeline count is 0, healthy pipeline threshold count is 1
2025-04-23 04:29:31,327 [RatisPipelineUtilsThread-0] INFO  pipeline.BackgroundPipelineCreator (BackgroundPipelineCreator.java:createPipelines(247)) - Created new pipeline Pipeline{ Id: 092af254-35cf-4a24-9b74-a5c62b28d023, Nodes: [ {7e05a46c-0a2e-4cd7-9b48-a27584e21533(localhost/127.0.0.1), ReplicaIndex: 0},], ReplicationConfig: RATIS/ONE, State:ALLOCATED, leaderId:, CreationTimestamp2025-04-23T04:29:31.324341997Z[Etc/UTC]}
2025-04-23 04:29:31,514 [IPC Server handler 5 on default port 15044] INFO  net.NetworkTopologyImpl (NetworkTopologyImpl.java:add(133)) - Added a new node: /default-rack/8886420c-3c5d-4daa-85e6-40ee88a9c75a
2025-04-23 04:29:31,514 [IPC Server handler 5 on default port 15044] INFO  node.SCMNodeManager (SCMNodeManager.java:register(425)) - Registered datanode: 8886420c-3c5d-4daa-85e6-40ee88a9c75a{ip: 127.0.0.1, host: localhost, ports: [HTTP=15068, CLIENT_RPC=15069, REPLICATION=15075, RATIS=15071, RATIS_ADMIN=15072, RATIS_SERVER=15073, RATIS_DATASTREAM=15074, STANDALONE=15070], networkLocation: /default-rack, certSerialId: null, persistedOpState: null, persistedOpStateExpiryEpochSec: 0}
2025-04-23 04:29:31,514 [EventQueue-NewNodeForNewNodeHandler] INFO  pipeline.BackgroundPipelineCreator (BackgroundPipelineCreator.java:notifyEventTriggered(291)) - trigger a one-shot run on RatisPipelineUtilsThread.
2025-04-23 04:29:31,514 [EventQueue-NodeRegistrationContainerReportForDataNodeSafeModeRule] INFO  safemode.SCMSafeModeManager (DataNodeSafeModeRule.java:process(79)) - SCM in safe mode. 2 DataNodes registered, 3 required.
2025-04-23 04:29:31,515 [RatisPipelineUtilsThread-0] INFO  pipeline.RatisPipelineProvider (RatisPipelineProvider.java:lambda$create$0(208)) - Sending CreatePipelineCommand for pipeline:PipelineID=d97d70e8-a727-4d4b-aacb-69c579264e88 to datanode:8886420c-3c5d-4daa-85e6-40ee88a9c75a(localhost/127.0.0.1)
2025-04-23 04:29:31,518 [1763a5f8-9e33-4e4d-85c9-a44f9db01322@group-3D25694EC971-StateMachineUpdater] INFO  safemode.HealthyPipelineSafeModeRule (HealthyPipelineSafeModeRule.java:initializeRule(174)) - Refreshed total pipeline count is 0, healthy pipeline threshold count is 1
2025-04-23 04:29:31,518 [RatisPipelineUtilsThread-0] INFO  pipeline.BackgroundPipelineCreator (BackgroundPipelineCreator.java:createPipelines(247)) - Created new pipeline Pipeline{ Id: d97d70e8-a727-4d4b-aacb-69c579264e88, Nodes: [ {8886420c-3c5d-4daa-85e6-40ee88a9c75a(localhost/127.0.0.1), ReplicaIndex: 0},], ReplicationConfig: RATIS/ONE, State:ALLOCATED, leaderId:, CreationTimestamp2025-04-23T04:29:31.515110052Z[Etc/UTC]}
2025-04-23 04:29:31,714 [main] INFO  ozone.MiniOzoneClusterImpl (MiniOzoneClusterImpl.java:lambda$waitForClusterToBeReady$0(190)) - Waiting for nodes to be ready. Got 2 of 3 DN Heartbeats.
2025-04-23 04:29:31,714 [main] INFO  ozone.MiniOzoneClusterImpl (MiniOzoneClusterImpl.java:lambda$waitForClusterToBeReady$0(193)) - Waiting for cluster to exit safe mode
2025-04-23 04:29:31,714 [main] INFO  ozone.MiniOzoneClusterImpl (MiniOzoneClusterImpl.java:lambda$waitForClusterToBeReady$0(195)) - SCM became leader
2025-04-23 04:29:31,715 [IPC Server handler 8 on default port 15044] INFO  net.NetworkTopologyImpl (NetworkTopologyImpl.java:add(133)) - Added a new node: /default-rack/3650021b-da01-4d18-aa96-198e06a80749
2025-04-23 04:29:31,715 [IPC Server handler 8 on default port 15044] INFO  node.SCMNodeManager (SCMNodeManager.java:register(425)) - Registered datanode: 3650021b-da01-4d18-aa96-198e06a80749{ip: 127.0.0.1, host: localhost, ports: [HTTP=15076, CLIENT_RPC=15077, REPLICATION=15083, RATIS=15079, RATIS_ADMIN=15080, RATIS_SERVER=15081, RATIS_DATASTREAM=15082, STANDALONE=15078], networkLocation: /default-rack, certSerialId: null, persistedOpState: null, persistedOpStateExpiryEpochSec: 0}
2025-04-23 04:29:31,715 [EventQueue-NewNodeForNewNodeHandler] INFO  pipeline.BackgroundPipelineCreator (BackgroundPipelineCreator.java:notifyEventTriggered(291)) - trigger a one-shot run on RatisPipelineUtilsThread.
2025-04-23 04:29:31,715 [EventQueue-NodeRegistrationContainerReportForDataNodeSafeModeRule] INFO  safemode.SCMSafeModeManager (DataNodeSafeModeRule.java:process(79)) - SCM in safe mode. 3 DataNodes registered, 3 required.
2025-04-23 04:29:31,715 [EventQueue-NodeRegistrationContainerReportForDataNodeSafeModeRule] INFO  safemode.SCMSafeModeManager (SCMSafeModeManager.java:validateSafeModeExitRules(186)) - DataNodeSafeModeRule rule is successfully validated
2025-04-23 04:29:31,715 [EventQueue-NodeRegistrationContainerReportForDataNodeSafeModeRule] INFO  safemode.SCMSafeModeManager (SCMSafeModeManager.java:completePreCheck(215)) - All SCM safe mode pre check rules have passed
2025-04-23 04:29:31,715 [EventQueue-NodeRegistrationContainerReportForDataNodeSafeModeRule] INFO  ha.SCMContext (SCMContext.java:updateSafeModeStatus(224)) - Update SafeModeStatus from SafeModeStatus{safeModeStatus=true, preCheckPassed=false} to SafeModeStatus{safeModeStatus=true, preCheckPassed=true}.
2025-04-23 04:29:31,715 [EventQueue-NodeRegistrationContainerReportForDataNodeSafeModeRule] INFO  pipeline.BackgroundPipelineCreator (BackgroundPipelineCreator.java:notifyEventTriggered(291)) - trigger a one-shot run on RatisPipelineUtilsThread.
2025-04-23 04:29:31,715 [RatisPipelineUtilsThread-0] INFO  pipeline.RatisPipelineProvider (RatisPipelineProvider.java:lambda$create$0(208)) - Sending CreatePipelineCommand for pipeline:PipelineID=fe41d8d9-efaf-431c-a5e9-975952952ced to datanode:3650021b-da01-4d18-aa96-198e06a80749(localhost/127.0.0.1)
2025-04-23 04:29:31,717 [1763a5f8-9e33-4e4d-85c9-a44f9db01322@group-3D25694EC971-StateMachineUpdater] INFO  safemode.HealthyPipelineSafeModeRule (HealthyPipelineSafeModeRule.java:initializeRule(174)) - Refreshed total pipeline count is 0, healthy pipeline threshold count is 1
2025-04-23 04:29:31,717 [RatisPipelineUtilsThread-0] INFO  pipeline.BackgroundPipelineCreator (BackgroundPipelineCreator.java:createPipelines(247)) - Created new pipeline Pipeline{ Id: fe41d8d9-efaf-431c-a5e9-975952952ced, Nodes: [ {3650021b-da01-4d18-aa96-198e06a80749(localhost/127.0.0.1), ReplicaIndex: 0},], ReplicationConfig: RATIS/ONE, State:ALLOCATED, leaderId:, CreationTimestamp2025-04-23T04:29:31.715678442Z[Etc/UTC]}
2025-04-23 04:29:31,717 [RatisPipelineUtilsThread-0] INFO  pipeline.RatisPipelineProvider (RatisPipelineProvider.java:lambda$create$0(208)) - Sending CreatePipelineCommand for pipeline:PipelineID=bb0712ab-c5dc-4136-929d-0c9527091b91 to datanode:8886420c-3c5d-4daa-85e6-40ee88a9c75a(localhost/127.0.0.1)
2025-04-23 04:29:31,718 [RatisPipelineUtilsThread-0] INFO  pipeline.RatisPipelineProvider (RatisPipelineProvider.java:lambda$create$0(208)) - Sending CreatePipelineCommand for pipeline:PipelineID=bb0712ab-c5dc-4136-929d-0c9527091b91 to datanode:3650021b-da01-4d18-aa96-198e06a80749(localhost/127.0.0.1)
2025-04-23 04:29:31,718 [RatisPipelineUtilsThread-0] INFO  pipeline.RatisPipelineProvider (RatisPipelineProvider.java:lambda$create$0(208)) - Sending CreatePipelineCommand for pipeline:PipelineID=bb0712ab-c5dc-4136-929d-0c9527091b91 to datanode:7e05a46c-0a2e-4cd7-9b48-a27584e21533(localhost/127.0.0.1)
2025-04-23 04:29:31,719 [1763a5f8-9e33-4e4d-85c9-a44f9db01322@group-3D25694EC971-StateMachineUpdater] INFO  safemode.HealthyPipelineSafeModeRule (HealthyPipelineSafeModeRule.java:initializeRule(174)) - Refreshed total pipeline count is 0, healthy pipeline threshold count is 1
2025-04-23 04:29:31,719 [RatisPipelineUtilsThread-0] INFO  pipeline.BackgroundPipelineCreator (BackgroundPipelineCreator.java:createPipelines(247)) - Created new pipeline Pipeline{ Id: bb0712ab-c5dc-4136-929d-0c9527091b91, Nodes: [ {8886420c-3c5d-4daa-85e6-40ee88a9c75a(localhost/127.0.0.1), ReplicaIndex: 0}, {3650021b-da01-4d18-aa96-198e06a80749(localhost/127.0.0.1), ReplicaIndex: 0}, {7e05a46c-0a2e-4cd7-9b48-a27584e21533(localhost/127.0.0.1), ReplicaIndex: 0},], ReplicationConfig: RATIS/THREE, State:ALLOCATED, leaderId:, CreationTimestamp2025-04-23T04:29:31.717931388Z[Etc/UTC]}
2025-04-23 04:29:31,720 [RatisPipelineUtilsThread-0] INFO  pipeline.RatisPipelineProvider (RatisPipelineProvider.java:lambda$create$0(208)) - Sending CreatePipelineCommand for pipeline:PipelineID=0ac6650d-8361-4de8-afa7-3ed3de2382da to datanode:7e05a46c-0a2e-4cd7-9b48-a27584e21533(localhost/127.0.0.1)
2025-04-23 04:29:31,720 [RatisPipelineUtilsThread-0] INFO  pipeline.RatisPipelineProvider (RatisPipelineProvider.java:lambda$create$0(208)) - Sending CreatePipelineCommand for pipeline:PipelineID=0ac6650d-8361-4de8-afa7-3ed3de2382da to datanode:8886420c-3c5d-4daa-85e6-40ee88a9c75a(localhost/127.0.0.1)
2025-04-23 04:29:31,720 [RatisPipelineUtilsThread-0] INFO  pipeline.RatisPipelineProvider (RatisPipelineProvider.java:lambda$create$0(208)) - Sending CreatePipelineCommand for pipeline:PipelineID=0ac6650d-8361-4de8-afa7-3ed3de2382da to datanode:3650021b-da01-4d18-aa96-198e06a80749(localhost/127.0.0.1)
2025-04-23 04:29:31,721 [1763a5f8-9e33-4e4d-85c9-a44f9db01322@group-3D25694EC971-StateMachineUpdater] INFO  safemode.HealthyPipelineSafeModeRule (HealthyPipelineSafeModeRule.java:initializeRule(174)) - Refreshed total pipeline count is 0, healthy pipeline threshold count is 1
2025-04-23 04:29:31,721 [RatisPipelineUtilsThread-0] INFO  pipeline.PipelineManagerImpl (PipelineManagerImpl.java:recordMetricsForPipeline(921)) - Pipeline: PipelineID=0ac6650d-8361-4de8-afa7-3ed3de2382da contains same datanodes as previous pipelines: PipelineID=bb0712ab-c5dc-4136-929d-0c9527091b91 nodeIds: 7e05a46c-0a2e-4cd7-9b48-a27584e21533, 8886420c-3c5d-4daa-85e6-40ee88a9c75a, 3650021b-da01-4d18-aa96-198e06a80749
2025-04-23 04:29:31,721 [RatisPipelineUtilsThread-0] INFO  pipeline.BackgroundPipelineCreator (BackgroundPipelineCreator.java:createPipelines(247)) - Created new pipeline Pipeline{ Id: 0ac6650d-8361-4de8-afa7-3ed3de2382da, Nodes: [ {7e05a46c-0a2e-4cd7-9b48-a27584e21533(localhost/127.0.0.1), ReplicaIndex: 0}, {8886420c-3c5d-4daa-85e6-40ee88a9c75a(localhost/127.0.0.1), ReplicaIndex: 0}, {3650021b-da01-4d18-aa96-198e06a80749(localhost/127.0.0.1), ReplicaIndex: 0},], ReplicationConfig: RATIS/THREE, State:ALLOCATED, leaderId:, CreationTimestamp2025-04-23T04:29:31.720104040Z[Etc/UTC]}
2025-04-23 04:29:32,714 [main] INFO  ozone.MiniOzoneClusterImpl (MiniOzoneClusterImpl.java:lambda$waitForClusterToBeReady$0(190)) - Nodes are ready. Got 3 of 3 DN Heartbeats.
2025-04-23 04:29:32,715 [main] INFO  ozone.MiniOzoneClusterImpl (MiniOzoneClusterImpl.java:lambda$waitForClusterToBeReady$0(193)) - Waiting for cluster to exit safe mode
2025-04-23 04:29:32,715 [main] INFO  ozone.MiniOzoneClusterImpl (MiniOzoneClusterImpl.java:lambda$waitForClusterToBeReady$0(195)) - SCM became leader
2025-04-23 04:29:33,715 [main] INFO  ozone.MiniOzoneClusterImpl (MiniOzoneClusterImpl.java:lambda$waitForClusterToBeReady$0(190)) - Nodes are ready. Got 3 of 3 DN Heartbeats.
2025-04-23 04:29:33,715 [main] INFO  ozone.MiniOzoneClusterImpl (MiniOzoneClusterImpl.java:lambda$waitForClusterToBeReady$0(193)) - Waiting for cluster to exit safe mode
2025-04-23 04:29:33,715 [main] INFO  ozone.MiniOzoneClusterImpl (MiniOzoneClusterImpl.java:lambda$waitForClusterToBeReady$0(195)) - SCM became leader
2025-04-23 04:29:33,822 [7e05a46c-0a2e-4cd7-9b48-a27584e21533-PipelineCommandHandlerThread-0] INFO  server.RaftServer (RaftServerProxy.java:addNew(100)) - 7e05a46c-0a2e-4cd7-9b48-a27584e21533: addNew group-A5C62B28D023:[7e05a46c-0a2e-4cd7-9b48-a27584e21533|127.0.0.1:15065] returns group-A5C62B28D023:java.util.concurrent.CompletableFuture@2ebb48bf[Not completed]
2025-04-23 04:29:33,823 [7e05a46c-0a2e-4cd7-9b48-a27584e21533-groupManagement] INFO  server.RaftServer$Division (RaftServerImpl.java:<init>(255)) - 7e05a46c-0a2e-4cd7-9b48-a27584e21533: new RaftServerImpl for group-A5C62B28D023:[7e05a46c-0a2e-4cd7-9b48-a27584e21533|127.0.0.1:15065] with ContainerStateMachine:uninitialized
2025-04-23 04:29:33,823 [7e05a46c-0a2e-4cd7-9b48-a27584e21533-groupManagement] INFO  server.RaftServerConfigKeys (ConfUtils.java:logGet(46)) - raft.server.rpc.timeout.min = 5s (custom)
2025-04-23 04:29:33,824 [7e05a46c-0a2e-4cd7-9b48-a27584e21533-groupManagement] INFO  server.RaftServerConfigKeys (ConfUtils.java:logGet(46)) - raft.server.rpc.timeout.max = 5200ms (custom)
2025-04-23 04:29:33,824 [7e05a46c-0a2e-4cd7-9b48-a27584e21533-groupManagement] INFO  server.RaftServerConfigKeys (ConfUtils.java:logGet(46)) - raft.server.rpc.sleep.time = 25ms (default)
2025-04-23 04:29:33,824 [7e05a46c-0a2e-4cd7-9b48-a27584e21533-groupManagement] INFO  server.RaftServerConfigKeys (ConfUtils.java:logGet(46)) - raft.server.rpc.slowness.timeout = 300s (custom)
2025-04-23 04:29:33,824 [7e05a46c-0a2e-4cd7-9b48-a27584e21533-groupManagement] INFO  server.RaftServerConfigKeys (ConfUtils.java:logGet(46)) - raft.server.leaderelection.leader.step-down.wait-time = 10s (default)
2025-04-23 04:29:33,824 [7e05a46c-0a2e-4cd7-9b48-a27584e21533-groupManagement] INFO  server.RaftServerConfigKeys (ConfUtils.java:logGet(46)) - raft.server.leaderelection.member.majority-add = false (default)
2025-04-23 04:29:33,824 [7e05a46c-0a2e-4cd7-9b48-a27584e21533-groupManagement] INFO  server.RaftServerConfigKeys (ConfUtils.java:logGet(46)) - raft.server.sleep.deviation.threshold = 300ms (default)
2025-04-23 04:29:33,824 [7e05a46c-0a2e-4cd7-9b48-a27584e21533-groupManagement] INFO  server.RaftServer$Division (ServerState.java:<init>(114)) - 7e05a46c-0a2e-4cd7-9b48-a27584e21533@group-A5C62B28D023: ConfigurationManager, init=conf: {index: -1, cur=peers:[7e05a46c-0a2e-4cd7-9b48-a27584e21533|127.0.0.1:15065]|listeners:[], old=null}, confs=<EMPTY_MAP>
2025-04-23 04:29:33,824 [7e05a46c-0a2e-4cd7-9b48-a27584e21533-groupManagement] INFO  server.RaftServerConfigKeys (ConfUtils.java:logGet(46)) - raft.server.notification.no-leader.timeout = 300s (custom)
2025-04-23 04:29:33,824 [7e05a46c-0a2e-4cd7-9b48-a27584e21533-groupManagement] INFO  server.RaftServerConfigKeys (ConfUtils.java:logGet(46)) - raft.server.read.timeout = 10s (default)
2025-04-23 04:29:33,824 [7e05a46c-0a2e-4cd7-9b48-a27584e21533-groupManagement] INFO  server.RaftServerConfigKeys (ConfUtils.java:logGet(46)) - raft.server.retrycache.expirytime = 600000ms (custom)
2025-04-23 04:29:33,824 [7e05a46c-0a2e-4cd7-9b48-a27584e21533-groupManagement] INFO  server.RaftServerConfigKeys (ConfUtils.java:logGet(46)) - raft.server.retrycache.statistics.expirytime = 100ms (default)
2025-04-23 04:29:33,824 [7e05a46c-0a2e-4cd7-9b48-a27584e21533-groupManagement] INFO  server.RaftServerConfigKeys (ConfUtils.java:logGet(46)) - raft.server.read.option = DEFAULT (default)
2025-04-23 04:29:33,824 [7e05a46c-0a2e-4cd7-9b48-a27584e21533-groupManagement] INFO  server.RaftServerConfigKeys (ConfUtils.java:logGet(46)) - raft.server.read.read-after-write-consistent.write-index-cache.expiry-time = 60s (default)
2025-04-23 04:29:33,826 [7e05a46c-0a2e-4cd7-9b48-a27584e21533-groupManagement] INFO  server.RaftServerConfigKeys (ConfUtils.java:logGet(46)) - raft.server.rpc.request.timeout = 60s (custom)
2025-04-23 04:29:33,826 [7e05a46c-0a2e-4cd7-9b48-a27584e21533-groupManagement] INFO  server.RaftServerConfigKeys (ConfUtils.java:logGet(46)) - raft.server.log.appender.install.snapshot.enabled = false (custom)
2025-04-23 04:29:33,826 [7e05a46c-0a2e-4cd7-9b48-a27584e21533-groupManagement] INFO  server.RaftServerConfigKeys (ConfUtils.java:logGet(46)) - raft.server.threadpool.server.cached = true (default)
2025-04-23 04:29:33,826 [7e05a46c-0a2e-4cd7-9b48-a27584e21533-groupManagement] INFO  server.RaftServerConfigKeys (ConfUtils.java:logGet(46)) - raft.server.threadpool.server.size = 0 (default)
2025-04-23 04:29:33,826 [7e05a46c-0a2e-4cd7-9b48-a27584e21533-groupManagement] INFO  server.RaftServerConfigKeys (ConfUtils.java:logGet(46)) - raft.server.threadpool.client.cached = true (default)
2025-04-23 04:29:33,826 [7e05a46c-0a2e-4cd7-9b48-a27584e21533-groupManagement] INFO  server.RaftServerConfigKeys (ConfUtils.java:logGet(46)) - raft.server.threadpool.client.size = 0 (default)
2025-04-23 04:29:33,826 [7e05a46c-0a2e-4cd7-9b48-a27584e21533-groupManagement] INFO  server.RaftServerConfigKeys (ConfUtils.java:logGet(46)) - raft.server.storage.free-space.min = 0MB (=0) (default)
2025-04-23 04:29:33,827 [7e05a46c-0a2e-4cd7-9b48-a27584e21533-groupManagement] INFO  server.RaftServerConfigKeys (ConfUtils.java:logGet(46)) - raft.server.log.corruption.policy = EXCEPTION (default)
2025-04-23 04:29:33,827 [7e05a46c-0a2e-4cd7-9b48-a27584e21533-groupManagement] INFO  server.RaftServerConfigKeys (ConfUtils.java:logGet(46)) - raft.server.storage.dir = [/home/runner/work/ozone/ozone/hadoop-ozone/integration-test/target/test-dir/MiniOzoneClusterImpl-e6c14afe-f26c-49b2-91d5-3d25694ec971/ozone-meta/datanode-1/ratis] (custom)
2025-04-23 04:29:33,827 [7e05a46c-0a2e-4cd7-9b48-a27584e21533-groupManagement] INFO  storage.RaftStorageDirectory (RaftStorageDirectoryImpl.java:analyzeStorage(138)) - The storage directory /home/runner/work/ozone/ozone/hadoop-ozone/integration-test/target/test-dir/MiniOzoneClusterImpl-e6c14afe-f26c-49b2-91d5-3d25694ec971/ozone-meta/datanode-1/ratis/092af254-35cf-4a24-9b74-a5c62b28d023 does not exist. Creating ...
2025-04-23 04:29:33,828 [7e05a46c-0a2e-4cd7-9b48-a27584e21533-groupManagement] INFO  storage.RaftStorageDirectory (RaftStorageDirectoryImpl.java:tryLock(229)) - Lock on /home/runner/work/ozone/ozone/hadoop-ozone/integration-test/target/test-dir/MiniOzoneClusterImpl-e6c14afe-f26c-49b2-91d5-3d25694ec971/ozone-meta/datanode-1/ratis/092af254-35cf-4a24-9b74-a5c62b28d023/in_use.lock acquired by nodename 129558@fv-az1441-587
2025-04-23 04:29:33,829 [7e05a46c-0a2e-4cd7-9b48-a27584e21533-groupManagement] INFO  storage.RaftStorage (RaftStorageImpl.java:format(98)) - Storage directory /home/runner/work/ozone/ozone/hadoop-ozone/integration-test/target/test-dir/MiniOzoneClusterImpl-e6c14afe-f26c-49b2-91d5-3d25694ec971/ozone-meta/datanode-1/ratis/092af254-35cf-4a24-9b74-a5c62b28d023 has been successfully formatted.
2025-04-23 04:29:33,829 [7e05a46c-0a2e-4cd7-9b48-a27584e21533-groupManagement] INFO  ratis.ContainerStateMachine (ContainerStateMachine.java:initialize(339)) - 7e05a46c-0a2e-4cd7-9b48-a27584e21533: initialize group-A5C62B28D023
2025-04-23 04:29:33,829 [7e05a46c-0a2e-4cd7-9b48-a27584e21533-groupManagement] INFO  ratis.ContainerStateMachine (ContainerStateMachine.java:loadSnapshot(347)) - group-A5C62B28D023: The snapshot info is null. Setting the last applied index to:(t:0, i:~)
2025-04-23 04:29:33,829 [7e05a46c-0a2e-4cd7-9b48-a27584e21533-groupManagement] INFO  server.RaftServerConfigKeys (ConfUtils.java:logGet(46)) - raft.server.log.use.memory = false (default)
2025-04-23 04:29:33,830 [7e05a46c-0a2e-4cd7-9b48-a27584e21533-groupManagement] INFO  server.RaftServerConfigKeys (ConfUtils.java:logGet(46)) - raft.server.log.purge.gap = 1000000 (custom)
2025-04-23 04:29:33,830 [7e05a46c-0a2e-4cd7-9b48-a27584e21533-groupManagement] INFO  server.RaftServerConfigKeys (ConfUtils.java:logGet(46)) - raft.server.log.appender.buffer.byte-limit = 33554432 (custom)
2025-04-23 04:29:33,830 [7e05a46c-0a2e-4cd7-9b48-a27584e21533-groupManagement] INFO  server.RaftServerConfigKeys (ConfUtils.java:logGet(46)) - raft.server.log.statemachine.data.read.timeout = 1000ms (default)
2025-04-23 04:29:33,830 [7e05a46c-0a2e-4cd7-9b48-a27584e21533-groupManagement] INFO  server.RaftServerConfigKeys (ConfUtils.java:logGet(46)) - raft.server.log.purge.preservation.log.num = 0 (default)
2025-04-23 04:29:33,831 [7e05a46c-0a2e-4cd7-9b48-a27584e21533-groupManagement] INFO  server.RaftServerConfigKeys (ConfUtils.java:logGet(46)) - raft.server.log.segment.size.max = 67108864 (custom)
2025-04-23 04:29:33,831 [7e05a46c-0a2e-4cd7-9b48-a27584e21533-groupManagement] INFO  server.RaftServerConfigKeys (ConfUtils.java:logGet(46)) - raft.server.log.segment.cache.num.max = 2 (custom)
2025-04-23 04:29:33,831 [7e05a46c-0a2e-4cd7-9b48-a27584e21533-groupManagement] INFO  server.RaftServerConfigKeys (ConfUtils.java:logGet(46)) - raft.server.log.segment.cache.size.max = 200MB (=209715200) (default)
2025-04-23 04:29:33,831 [7e05a46c-0a2e-4cd7-9b48-a27584e21533-groupManagement] INFO  server.RaftServerConfigKeys (ConfUtils.java:logGet(46)) - raft.server.log.appender.buffer.byte-limit = 33554432 (custom)
2025-04-23 04:29:33,831 [7e05a46c-0a2e-4cd7-9b48-a27584e21533-groupManagement] INFO  util.AwaitToRun (AwaitToRun.java:start(81)) - Thread[#8811,7e05a46c-0a2e-4cd7-9b48-a27584e21533@group-A5C62B28D023-cacheEviction-AwaitToRun,5,main] started
2025-04-23 04:29:33,831 [7e05a46c-0a2e-4cd7-9b48-a27584e21533-groupManagement] INFO  segmented.SegmentedRaftLogWorker (SegmentedRaftLogWorker.java:<init>(188)) - new 7e05a46c-0a2e-4cd7-9b48-a27584e21533@group-A5C62B28D023-SegmentedRaftLogWorker for RaftStorageImpl:Storage Directory /home/runner/work/ozone/ozone/hadoop-ozone/integration-test/target/test-dir/MiniOzoneClusterImpl-e6c14afe-f26c-49b2-91d5-3d25694ec971/ozone-meta/datanode-1/ratis/092af254-35cf-4a24-9b74-a5c62b28d023
2025-04-23 04:29:33,831 [7e05a46c-0a2e-4cd7-9b48-a27584e21533-groupManagement] INFO  server.RaftServerConfigKeys (ConfUtils.java:logGet(46)) - raft.server.log.queue.byte-limit = 4294967296 (custom)
2025-04-23 04:29:33,831 [7e05a46c-0a2e-4cd7-9b48-a27584e21533-groupManagement] INFO  server.RaftServerConfigKeys (ConfUtils.java:logGet(46)) - raft.server.log.queue.element-limit = 1024 (custom)
2025-04-23 04:29:33,831 [7e05a46c-0a2e-4cd7-9b48-a27584e21533-groupManagement] INFO  server.RaftServerConfigKeys (ConfUtils.java:logGet(46)) - raft.server.log.segment.size.max = 67108864 (custom)
2025-04-23 04:29:33,832 [7e05a46c-0a2e-4cd7-9b48-a27584e21533-groupManagement] INFO  server.RaftServerConfigKeys (ConfUtils.java:logGet(46)) - raft.server.log.preallocated.size = 4194304 (custom)
2025-04-23 04:29:33,832 [7e05a46c-0a2e-4cd7-9b48-a27584e21533-groupManagement] INFO  server.RaftServerConfigKeys (ConfUtils.java:logGet(46)) - raft.server.log.force.sync.num = 128 (default)
2025-04-23 04:29:33,832 [7e05a46c-0a2e-4cd7-9b48-a27584e21533-groupManagement] INFO  server.RaftServerConfigKeys (ConfUtils.java:logGet(46)) - raft.server.log.statemachine.data.sync = true (default)
2025-04-23 04:29:33,832 [7e05a46c-0a2e-4cd7-9b48-a27584e21533-groupManagement] INFO  server.RaftServerConfigKeys (ConfUtils.java:logGet(46)) - raft.server.log.statemachine.data.sync.timeout = 10s (default)
2025-04-23 04:29:33,832 [7e05a46c-0a2e-4cd7-9b48-a27584e21533-groupManagement] INFO  server.RaftServerConfigKeys (ConfUtils.java:logGet(46)) - raft.server.log.statemachine.data.sync.timeout.retry = 30 (custom)
2025-04-23 04:29:33,832 [7e05a46c-0a2e-4cd7-9b48-a27584e21533-groupManagement] INFO  server.RaftServerConfigKeys (ConfUtils.java:logGet(46)) - raft.server.log.write.buffer.size = 33554440 (custom)
2025-04-23 04:29:33,832 [1763a5f8-9e33-4e4d-85c9-a44f9db01322@group-3D25694EC971-StateMachineUpdater] INFO  safemode.HealthyPipelineSafeModeRule (HealthyPipelineSafeModeRule.java:initializeRule(174)) - Refreshed total pipeline count is 0, healthy pipeline threshold count is 1
2025-04-23 04:29:33,833 [EventQueue-PipelineReportForPipelineReportHandler] INFO  pipeline.PipelineReportHandler (PipelineReportHandler.java:processPipelineReport(134)) - Opened pipeline PipelineID=092af254-35cf-4a24-9b74-a5c62b28d023
2025-04-23 04:29:33,833 [EventQueue-OpenPipelineForHealthyPipelineSafeModeRule] INFO  safemode.SCMSafeModeManager (HealthyPipelineSafeModeRule.java:process(141)) - SCM in safe mode. Healthy pipelines reported count is 0, required healthy pipeline reported count is 1
2025-04-23 04:29:33,837 [7e05a46c-0a2e-4cd7-9b48-a27584e21533-groupManagement] INFO  server.RaftServerConfigKeys (ConfUtils.java:logGet(46)) - raft.server.log.appender.buffer.byte-limit = 33554432 (custom)
2025-04-23 04:29:33,837 [7e05a46c-0a2e-4cd7-9b48-a27584e21533-groupManagement] INFO  server.RaftServerConfigKeys (ConfUtils.java:logGet(46)) - raft.server.log.unsafe-flush.enabled = false (default)
2025-04-23 04:29:33,837 [7e05a46c-0a2e-4cd7-9b48-a27584e21533-groupManagement] INFO  server.RaftServerConfigKeys (ConfUtils.java:logGet(46)) - raft.server.log.async-flush.enabled = false (default)
2025-04-23 04:29:33,837 [7e05a46c-0a2e-4cd7-9b48-a27584e21533-groupManagement] INFO  server.RaftServerConfigKeys (ConfUtils.java:logGet(46)) - raft.server.log.statemachine.data.caching.enabled = true (custom)
2025-04-23 04:29:33,837 [7e05a46c-0a2e-4cd7-9b48-a27584e21533-groupManagement] INFO  segmented.SegmentedRaftLogWorker (SegmentedRaftLogWorker.java:lambda$new$0(139)) - 7e05a46c-0a2e-4cd7-9b48-a27584e21533@group-A5C62B28D023-SegmentedRaftLogWorker: flushIndex: setUnconditionally 0 -> -1
2025-04-23 04:29:33,837 [7e05a46c-0a2e-4cd7-9b48-a27584e21533-groupManagement] INFO  segmented.SegmentedRaftLogWorker (SegmentedRaftLogWorker.java:lambda$new$0(139)) - 7e05a46c-0a2e-4cd7-9b48-a27584e21533@group-A5C62B28D023-SegmentedRaftLogWorker: safeCacheEvictIndex: setUnconditionally 0 -> -1
2025-04-23 04:29:33,837 [7e05a46c-0a2e-4cd7-9b48-a27584e21533-groupManagement] INFO  server.RaftServer$Division (RaftServerImpl.java:start(391)) - 7e05a46c-0a2e-4cd7-9b48-a27584e21533@group-A5C62B28D023: start as a follower, conf=conf: {index: -1, cur=peers:[7e05a46c-0a2e-4cd7-9b48-a27584e21533|127.0.0.1:15065]|listeners:[], old=null}
2025-04-23 04:29:33,837 [7e05a46c-0a2e-4cd7-9b48-a27584e21533-groupManagement] INFO  server.RaftServer$Division (RaftServerImpl.java:setRole(378)) - 7e05a46c-0a2e-4cd7-9b48-a27584e21533@group-A5C62B28D023: changes role from      null to FOLLOWER at term 0 for startAsFollower
2025-04-23 04:29:33,838 [7e05a46c-0a2e-4cd7-9b48-a27584e21533-groupManagement] INFO  impl.RoleInfo (RoleInfo.java:updateAndGet(148)) - 7e05a46c-0a2e-4cd7-9b48-a27584e21533: start 7e05a46c-0a2e-4cd7-9b48-a27584e21533@group-A5C62B28D023-FollowerState
2025-04-23 04:29:33,838 [7e05a46c-0a2e-4cd7-9b48-a27584e21533-groupManagement] INFO  util.JmxRegister (JmxRegister.java:tryRegister(44)) - Successfully registered JMX Bean with object name Ratis:service=RaftServer,group=group-A5C62B28D023,id=7e05a46c-0a2e-4cd7-9b48-a27584e21533
2025-04-23 04:29:33,838 [7e05a46c-0a2e-4cd7-9b48-a27584e21533-groupManagement] INFO  util.JmxRegister (JmxRegister.java:register(58)) - register mxBean class org.apache.ratis.server.impl.RaftServerJmxAdapter as Ratis:service=RaftServer,group=group-A5C62B28D023,id=7e05a46c-0a2e-4cd7-9b48-a27584e21533
2025-04-23 04:29:33,838 [7e05a46c-0a2e-4cd7-9b48-a27584e21533@group-A5C62B28D023-FollowerState] INFO  server.RaftServerConfigKeys (ConfUtils.java:logGet(46)) - raft.server.rpc.first-election.timeout.min = 1000ms (custom)
2025-04-23 04:29:33,838 [7e05a46c-0a2e-4cd7-9b48-a27584e21533-groupManagement] INFO  server.RaftServerConfigKeys (ConfUtils.java:logGet(46)) - raft.server.snapshot.trigger-when-stop.enabled = true (default)
2025-04-23 04:29:33,838 [7e05a46c-0a2e-4cd7-9b48-a27584e21533-groupManagement] INFO  server.RaftServerConfigKeys (ConfUtils.java:logGet(46)) - raft.server.snapshot.trigger-when-remove.enabled = true (default)
2025-04-23 04:29:33,838 [7e05a46c-0a2e-4cd7-9b48-a27584e21533-groupManagement] INFO  server.RaftServerConfigKeys (ConfUtils.java:logGet(46)) - raft.server.snapshot.auto.trigger.enabled = true (custom)
2025-04-23 04:29:33,838 [7e05a46c-0a2e-4cd7-9b48-a27584e21533@group-A5C62B28D023-FollowerState] INFO  server.RaftServerConfigKeys (ConfUtils.java:logGet(46)) - raft.server.rpc.first-election.timeout.max = 1200ms (custom)
2025-04-23 04:29:33,838 [7e05a46c-0a2e-4cd7-9b48-a27584e21533-groupManagement] INFO  server.RaftServerConfigKeys (ConfUtils.java:logGet(46)) - raft.server.snapshot.auto.trigger.threshold = 100000 (custom)
2025-04-23 04:29:33,838 [7e05a46c-0a2e-4cd7-9b48-a27584e21533-groupManagement] INFO  server.RaftServerConfigKeys (ConfUtils.java:logGet(46)) - raft.server.snapshot.retention.file.num = 5 (custom)
2025-04-23 04:29:33,838 [7e05a46c-0a2e-4cd7-9b48-a27584e21533-groupManagement] INFO  server.RaftServerConfigKeys (ConfUtils.java:logGet(46)) - raft.server.log.purge.upto.snapshot.index = false (default)
2025-04-23 04:29:33,839 [7e05a46c-0a2e-4cd7-9b48-a27584e21533-groupManagement] INFO  server.RaftServer$Division (RaftServerImpl.java:start(405)) - 7e05a46c-0a2e-4cd7-9b48-a27584e21533@group-A5C62B28D023: Successfully started.
2025-04-23 04:29:33,839 [7e05a46c-0a2e-4cd7-9b48-a27584e21533-PipelineCommandHandlerThread-0] INFO  ratis.XceiverServerRatis (XceiverServerRatis.java:addGroup(842)) - Created group PipelineID=092af254-35cf-4a24-9b74-a5c62b28d023
2025-04-23 04:29:33,839 [7e05a46c-0a2e-4cd7-9b48-a27584e21533-PipelineCommandHandlerThread-0] INFO  commandhandler.CreatePipelineCommandHandler (CreatePipelineCommandHandler.java:lambda$handle$2(128)) - Created Pipeline RATIS ONE PipelineID=092af254-35cf-4a24-9b74-a5c62b28d023.
2025-04-23 04:29:33,839 [7e05a46c-0a2e-4cd7-9b48-a27584e21533-PipelineCommandHandlerThread-0] INFO  server.RaftServer (RaftServerProxy.java:addNew(100)) - 7e05a46c-0a2e-4cd7-9b48-a27584e21533: addNew group-0C9527091B91:[8886420c-3c5d-4daa-85e6-40ee88a9c75a|127.0.0.1:15073, 7e05a46c-0a2e-4cd7-9b48-a27584e21533|127.0.0.1:15065, 3650021b-da01-4d18-aa96-198e06a80749|127.0.0.1:15081] returns group-0C9527091B91:java.util.concurrent.CompletableFuture@42104af4[Not completed]
2025-04-23 04:29:33,840 [7e05a46c-0a2e-4cd7-9b48-a27584e21533-groupManagement] INFO  server.RaftServer$Division (RaftServerImpl.java:<init>(255)) - 7e05a46c-0a2e-4cd7-9b48-a27584e21533: new RaftServerImpl for group-0C9527091B91:[8886420c-3c5d-4daa-85e6-40ee88a9c75a|127.0.0.1:15073, 7e05a46c-0a2e-4cd7-9b48-a27584e21533|127.0.0.1:15065, 3650021b-da01-4d18-aa96-198e06a80749|127.0.0.1:15081] with ContainerStateMachine:uninitialized
2025-04-23 04:29:33,840 [7e05a46c-0a2e-4cd7-9b48-a27584e21533-groupManagement] INFO  server.RaftServerConfigKeys (ConfUtils.java:logGet(46)) - raft.server.rpc.timeout.min = 5s (custom)
2025-04-23 04:29:33,840 [7e05a46c-0a2e-4cd7-9b48-a27584e21533-groupManagement] INFO  server.RaftServerConfigKeys (ConfUtils.java:logGet(46)) - raft.server.rpc.timeout.max = 5200ms (custom)
2025-04-23 04:29:33,840 [7e05a46c-0a2e-4cd7-9b48-a27584e21533-groupManagement] INFO  server.RaftServerConfigKeys (ConfUtils.java:logGet(46)) - raft.server.rpc.sleep.time = 25ms (default)
2025-04-23 04:29:33,840 [7e05a46c-0a2e-4cd7-9b48-a27584e21533-groupManagement] INFO  server.RaftServerConfigKeys (ConfUtils.java:logGet(46)) - raft.server.rpc.slowness.timeout = 300s (custom)
2025-04-23 04:29:33,840 [7e05a46c-0a2e-4cd7-9b48-a27584e21533-groupManagement] INFO  server.RaftServerConfigKeys (ConfUtils.java:logGet(46)) - raft.server.leaderelection.leader.step-down.wait-time = 10s (default)
2025-04-23 04:29:33,840 [7e05a46c-0a2e-4cd7-9b48-a27584e21533-groupManagement] INFO  server.RaftServerConfigKeys (ConfUtils.java:logGet(46)) - raft.server.leaderelection.member.majority-add = false (default)
2025-04-23 04:29:33,840 [7e05a46c-0a2e-4cd7-9b48-a27584e21533-groupManagement] INFO  server.RaftServerConfigKeys (ConfUtils.java:logGet(46)) - raft.server.sleep.deviation.threshold = 300ms (default)
2025-04-23 04:29:33,840 [7e05a46c-0a2e-4cd7-9b48-a27584e21533-groupManagement] INFO  server.RaftServer$Division (ServerState.java:<init>(114)) - 7e05a46c-0a2e-4cd7-9b48-a27584e21533@group-0C9527091B91: ConfigurationManager, init=conf: {index: -1, cur=peers:[8886420c-3c5d-4daa-85e6-40ee88a9c75a|127.0.0.1:15073, 7e05a46c-0a2e-4cd7-9b48-a27584e21533|127.0.0.1:15065, 3650021b-da01-4d18-aa96-198e06a80749|127.0.0.1:15081]|listeners:[], old=null}, confs=<EMPTY_MAP>
2025-04-23 04:29:33,840 [7e05a46c-0a2e-4cd7-9b48-a27584e21533-groupManagement] INFO  server.RaftServerConfigKeys (ConfUtils.java:logGet(46)) - raft.server.notification.no-leader.timeout = 300s (custom)
2025-04-23 04:29:33,840 [7e05a46c-0a2e-4cd7-9b48-a27584e21533-groupManagement] INFO  server.RaftServerConfigKeys (ConfUtils.java:logGet(46)) - raft.server.read.timeout = 10s (default)
2025-04-23 04:29:33,840 [7e05a46c-0a2e-4cd7-9b48-a27584e21533-groupManagement] INFO  server.RaftServerConfigKeys (ConfUtils.java:logGet(46)) - raft.server.retrycache.expirytime = 600000ms (custom)
2025-04-23 04:29:33,840 [7e05a46c-0a2e-4cd7-9b48-a27584e21533-groupManagement] INFO  server.RaftServerConfigKeys (ConfUtils.java:logGet(46)) - raft.server.retrycache.statistics.expirytime = 100ms (default)
2025-04-23 04:29:33,840 [7e05a46c-0a2e-4cd7-9b48-a27584e21533-groupManagement] INFO  server.RaftServerConfigKeys (ConfUtils.java:logGet(46)) - raft.server.read.option = DEFAULT (default)
2025-04-23 04:29:33,841 [7e05a46c-0a2e-4cd7-9b48-a27584e21533-groupManagement] INFO  server.RaftServerConfigKeys (ConfUtils.java:logGet(46)) - raft.server.read.read-after-write-consistent.write-index-cache.expiry-time = 60s (default)
2025-04-23 04:29:33,843 [7e05a46c-0a2e-4cd7-9b48-a27584e21533-groupManagement] INFO  server.RaftServerConfigKeys (ConfUtils.java:logGet(46)) - raft.server.rpc.request.timeout = 60s (custom)
2025-04-23 04:29:33,843 [7e05a46c-0a2e-4cd7-9b48-a27584e21533-groupManagement] INFO  server.RaftServerConfigKeys (ConfUtils.java:logGet(46)) - raft.server.log.appender.install.snapshot.enabled = false (custom)
2025-04-23 04:29:33,843 [7e05a46c-0a2e-4cd7-9b48-a27584e21533-groupManagement] INFO  server.RaftServerConfigKeys (ConfUtils.java:logGet(46)) - raft.server.threadpool.server.cached = true (default)
2025-04-23 04:29:33,844 [7e05a46c-0a2e-4cd7-9b48-a27584e21533-groupManagement] INFO  server.RaftServerConfigKeys (ConfUtils.java:logGet(46)) - raft.server.threadpool.server.size = 0 (default)
2025-04-23 04:29:33,844 [7e05a46c-0a2e-4cd7-9b48-a27584e21533-groupManagement] INFO  server.RaftServerConfigKeys (ConfUtils.java:logGet(46)) - raft.server.threadpool.client.cached = true (default)
2025-04-23 04:29:33,844 [7e05a46c-0a2e-4cd7-9b48-a27584e21533-groupManagement] INFO  server.RaftServerConfigKeys (ConfUtils.java:logGet(46)) - raft.server.threadpool.client.size = 0 (default)
2025-04-23 04:29:33,844 [7e05a46c-0a2e-4cd7-9b48-a27584e21533-groupManagement] INFO  server.RaftServerConfigKeys (ConfUtils.java:logGet(46)) - raft.server.storage.free-space.min = 0MB (=0) (default)
2025-04-23 04:29:33,844 [7e05a46c-0a2e-4cd7-9b48-a27584e21533-groupManagement] INFO  server.RaftServerConfigKeys (ConfUtils.java:logGet(46)) - raft.server.log.corruption.policy = EXCEPTION (default)
2025-04-23 04:29:33,844 [7e05a46c-0a2e-4cd7-9b48-a27584e21533-groupManagement] INFO  server.RaftServerConfigKeys (ConfUtils.java:logGet(46)) - raft.server.storage.dir = [/home/runner/work/ozone/ozone/hadoop-ozone/integration-test/target/test-dir/MiniOzoneClusterImpl-e6c14afe-f26c-49b2-91d5-3d25694ec971/ozone-meta/datanode-1/ratis] (custom)
2025-04-23 04:29:33,844 [7e05a46c-0a2e-4cd7-9b48-a27584e21533-groupManagement] INFO  storage.RaftStorageDirectory (RaftStorageDirectoryImpl.java:analyzeStorage(138)) - The storage directory /home/runner/work/ozone/ozone/hadoop-ozone/integration-test/target/test-dir/MiniOzoneClusterImpl-e6c14afe-f26c-49b2-91d5-3d25694ec971/ozone-meta/datanode-1/ratis/bb0712ab-c5dc-4136-929d-0c9527091b91 does not exist. Creating ...
2025-04-23 04:29:33,845 [7e05a46c-0a2e-4cd7-9b48-a27584e21533-groupManagement] INFO  storage.RaftStorageDirectory (RaftStorageDirectoryImpl.java:tryLock(229)) - Lock on /home/runner/work/ozone/ozone/hadoop-ozone/integration-test/target/test-dir/MiniOzoneClusterImpl-e6c14afe-f26c-49b2-91d5-3d25694ec971/ozone-meta/datanode-1/ratis/bb0712ab-c5dc-4136-929d-0c9527091b91/in_use.lock acquired by nodename 129558@fv-az1441-587
2025-04-23 04:29:33,846 [7e05a46c-0a2e-4cd7-9b48-a27584e21533-groupManagement] INFO  storage.RaftStorage (RaftStorageImpl.java:format(98)) - Storage directory /home/runner/work/ozone/ozone/hadoop-ozone/integration-test/target/test-dir/MiniOzoneClusterImpl-e6c14afe-f26c-49b2-91d5-3d25694ec971/ozone-meta/datanode-1/ratis/bb0712ab-c5dc-4136-929d-0c9527091b91 has been successfully formatted.
2025-04-23 04:29:33,846 [7e05a46c-0a2e-4cd7-9b48-a27584e21533-groupManagement] INFO  ratis.ContainerStateMachine (ContainerStateMachine.java:initialize(339)) - 7e05a46c-0a2e-4cd7-9b48-a27584e21533: initialize group-0C9527091B91
2025-04-23 04:29:33,846 [7e05a46c-0a2e-4cd7-9b48-a27584e21533-groupManagement] INFO  ratis.ContainerStateMachine (ContainerStateMachine.java:loadSnapshot(347)) - group-0C9527091B91: The snapshot info is null. Setting the last applied index to:(t:0, i:~)
2025-04-23 04:29:33,847 [7e05a46c-0a2e-4cd7-9b48-a27584e21533-groupManagement] INFO  server.RaftServerConfigKeys (ConfUtils.java:logGet(46)) - raft.server.log.use.memory = false (default)
2025-04-23 04:29:33,847 [7e05a46c-0a2e-4cd7-9b48-a27584e21533-groupManagement] INFO  server.RaftServerConfigKeys (ConfUtils.java:logGet(46)) - raft.server.log.purge.gap = 1000000 (custom)
2025-04-23 04:29:33,847 [7e05a46c-0a2e-4cd7-9b48-a27584e21533-groupManagement] INFO  server.RaftServerConfigKeys (ConfUtils.java:logGet(46)) - raft.server.log.appender.buffer.byte-limit = 33554432 (custom)
2025-04-23 04:29:33,847 [7e05a46c-0a2e-4cd7-9b48-a27584e21533-groupManagement] INFO  server.RaftServerConfigKeys (ConfUtils.java:logGet(46)) - raft.server.log.statemachine.data.read.timeout = 1000ms (default)
2025-04-23 04:29:33,847 [7e05a46c-0a2e-4cd7-9b48-a27584e21533-groupManagement] INFO  server.RaftServerConfigKeys (ConfUtils.java:logGet(46)) - raft.server.log.purge.preservation.log.num = 0 (default)
2025-04-23 04:29:33,848 [7e05a46c-0a2e-4cd7-9b48-a27584e21533-groupManagement] INFO  server.RaftServerConfigKeys (ConfUtils.java:logGet(46)) - raft.server.log.segment.size.max = 67108864 (custom)
2025-04-23 04:29:33,848 [7e05a46c-0a2e-4cd7-9b48-a27584e21533-groupManagement] INFO  server.RaftServerConfigKeys (ConfUtils.java:logGet(46)) - raft.server.log.segment.cache.num.max = 2 (custom)
2025-04-23 04:29:33,848 [7e05a46c-0a2e-4cd7-9b48-a27584e21533-groupManagement] INFO  server.RaftServerConfigKeys (ConfUtils.java:logGet(46)) - raft.server.log.segment.cache.size.max = 200MB (=209715200) (default)
2025-04-23 04:29:33,848 [7e05a46c-0a2e-4cd7-9b48-a27584e21533-groupManagement] INFO  server.RaftServerConfigKeys (ConfUtils.java:logGet(46)) - raft.server.log.appender.buffer.byte-limit = 33554432 (custom)
2025-04-23 04:29:33,848 [7e05a46c-0a2e-4cd7-9b48-a27584e21533-groupManagement] INFO  util.AwaitToRun (AwaitToRun.java:start(81)) - Thread[#8816,7e05a46c-0a2e-4cd7-9b48-a27584e21533@group-0C9527091B91-cacheEviction-AwaitToRun,5,main] started
2025-04-23 04:29:33,848 [7e05a46c-0a2e-4cd7-9b48-a27584e21533-groupManagement] INFO  segmented.SegmentedRaftLogWorker (SegmentedRaftLogWorker.java:<init>(188)) - new 7e05a46c-0a2e-4cd7-9b48-a27584e21533@group-0C9527091B91-SegmentedRaftLogWorker for RaftStorageImpl:Storage Directory /home/runner/work/ozone/ozone/hadoop-ozone/integration-test/target/test-dir/MiniOzoneClusterImpl-e6c14afe-f26c-49b2-91d5-3d25694ec971/ozone-meta/datanode-1/ratis/bb0712ab-c5dc-4136-929d-0c9527091b91
2025-04-23 04:29:33,848 [EventQueue-OpenPipelineForHealthyPipelineSafeModeRule] INFO  safemode.SCMSafeModeManager (HealthyPipelineSafeModeRule.java:process(141)) - SCM in safe mode. Healthy pipelines reported count is 0, required healthy pipeline reported count is 1
2025-04-23 04:29:33,848 [7e05a46c-0a2e-4cd7-9b48-a27584e21533-groupManagement] INFO  server.RaftServerConfigKeys (ConfUtils.java:logGet(46)) - raft.server.log.queue.byte-limit = 4294967296 (custom)
2025-04-23 04:29:33,849 [7e05a46c-0a2e-4cd7-9b48-a27584e21533-groupManagement] INFO  server.RaftServerConfigKeys (ConfUtils.java:logGet(46)) - raft.server.log.queue.element-limit = 1024 (custom)
2025-04-23 04:29:33,849 [7e05a46c-0a2e-4cd7-9b48-a27584e21533-groupManagement] INFO  server.RaftServerConfigKeys (ConfUtils.java:logGet(46)) - raft.server.log.segment.size.max = 67108864 (custom)
2025-04-23 04:29:33,849 [7e05a46c-0a2e-4cd7-9b48-a27584e21533-groupManagement] INFO  server.RaftServerConfigKeys (ConfUtils.java:logGet(46)) - raft.server.log.preallocated.size = 4194304 (custom)
2025-04-23 04:29:33,849 [7e05a46c-0a2e-4cd7-9b48-a27584e21533-groupManagement] INFO  server.RaftServerConfigKeys (ConfUtils.java:logGet(46)) - raft.server.log.force.sync.num = 128 (default)
2025-04-23 04:29:33,849 [7e05a46c-0a2e-4cd7-9b48-a27584e21533-groupManagement] INFO  server.RaftServerConfigKeys (ConfUtils.java:logGet(46)) - raft.server.log.statemachine.data.sync = true (default)
2025-04-23 04:29:33,849 [7e05a46c-0a2e-4cd7-9b48-a27584e21533-groupManagement] INFO  server.RaftServerConfigKeys (ConfUtils.java:logGet(46)) - raft.server.log.statemachine.data.sync.timeout = 10s (default)
2025-04-23 04:29:33,849 [7e05a46c-0a2e-4cd7-9b48-a27584e21533-groupManagement] INFO  server.RaftServerConfigKeys (ConfUtils.java:logGet(46)) - raft.server.log.statemachine.data.sync.timeout.retry = 30 (custom)
2025-04-23 04:29:33,849 [7e05a46c-0a2e-4cd7-9b48-a27584e21533-groupManagement] INFO  server.RaftServerConfigKeys (ConfUtils.java:logGet(46)) - raft.server.log.write.buffer.size = 33554440 (custom)
2025-04-23 04:29:33,854 [7e05a46c-0a2e-4cd7-9b48-a27584e21533-groupManagement] INFO  server.RaftServerConfigKeys (ConfUtils.java:logGet(46)) - raft.server.log.appender.buffer.byte-limit = 33554432 (custom)
2025-04-23 04:29:33,855 [7e05a46c-0a2e-4cd7-9b48-a27584e21533-groupManagement] INFO  server.RaftServerConfigKeys (ConfUtils.java:logGet(46)) - raft.server.log.unsafe-flush.enabled = false (default)
2025-04-23 04:29:33,855 [7e05a46c-0a2e-4cd7-9b48-a27584e21533-groupManagement] INFO  server.RaftServerConfigKeys (ConfUtils.java:logGet(46)) - raft.server.log.async-flush.enabled = false (default)
2025-04-23 04:29:33,855 [7e05a46c-0a2e-4cd7-9b48-a27584e21533-groupManagement] INFO  server.RaftServerConfigKeys (ConfUtils.java:logGet(46)) - raft.server.log.statemachine.data.caching.enabled = true (custom)
2025-04-23 04:29:33,855 [7e05a46c-0a2e-4cd7-9b48-a27584e21533-groupManagement] INFO  segmented.SegmentedRaftLogWorker (SegmentedRaftLogWorker.java:lambda$new$0(139)) - 7e05a46c-0a2e-4cd7-9b48-a27584e21533@group-0C9527091B91-SegmentedRaftLogWorker: flushIndex: setUnconditionally 0 -> -1
2025-04-23 04:29:33,855 [7e05a46c-0a2e-4cd7-9b48-a27584e21533-groupManagement] INFO  segmented.SegmentedRaftLogWorker (SegmentedRaftLogWorker.java:lambda$new$0(139)) - 7e05a46c-0a2e-4cd7-9b48-a27584e21533@group-0C9527091B91-SegmentedRaftLogWorker: safeCacheEvictIndex: setUnconditionally 0 -> -1
2025-04-23 04:29:33,855 [7e05a46c-0a2e-4cd7-9b48-a27584e21533-groupManagement] INFO  server.RaftServer$Division (RaftServerImpl.java:start(391)) - 7e05a46c-0a2e-4cd7-9b48-a27584e21533@group-0C9527091B91: start as a follower, conf=conf: {index: -1, cur=peers:[8886420c-3c5d-4daa-85e6-40ee88a9c75a|127.0.0.1:15073, 7e05a46c-0a2e-4cd7-9b48-a27584e21533|127.0.0.1:15065, 3650021b-da01-4d18-aa96-198e06a80749|127.0.0.1:15081]|listeners:[], old=null}
2025-04-23 04:29:33,855 [7e05a46c-0a2e-4cd7-9b48-a27584e21533-groupManagement] INFO  server.RaftServer$Division (RaftServerImpl.java:setRole(378)) - 7e05a46c-0a2e-4cd7-9b48-a27584e21533@group-0C9527091B91: changes role from      null to FOLLOWER at term 0 for startAsFollower
2025-04-23 04:29:33,855 [7e05a46c-0a2e-4cd7-9b48-a27584e21533-groupManagement] INFO  impl.RoleInfo (RoleInfo.java:updateAndGet(148)) - 7e05a46c-0a2e-4cd7-9b48-a27584e21533: start 7e05a46c-0a2e-4cd7-9b48-a27584e21533@group-0C9527091B91-FollowerState
2025-04-23 04:29:33,856 [7e05a46c-0a2e-4cd7-9b48-a27584e21533@group-0C9527091B91-FollowerState] INFO  server.RaftServerConfigKeys (ConfUtils.java:logGet(46)) - raft.server.rpc.first-election.timeout.min = 1000ms (custom)
2025-04-23 04:29:33,856 [7e05a46c-0a2e-4cd7-9b48-a27584e21533@group-0C9527091B91-FollowerState] INFO  server.RaftServerConfigKeys (ConfUtils.java:logGet(46)) - raft.server.rpc.first-election.timeout.max = 1200ms (custom)
2025-04-23 04:29:33,856 [7e05a46c-0a2e-4cd7-9b48-a27584e21533-groupManagement] INFO  util.JmxRegister (JmxRegister.java:tryRegister(44)) - Successfully registered JMX Bean with object name Ratis:service=RaftServer,group=group-0C9527091B91,id=7e05a46c-0a2e-4cd7-9b48-a27584e21533
2025-04-23 04:29:33,856 [7e05a46c-0a2e-4cd7-9b48-a27584e21533-groupManagement] INFO  util.JmxRegister (JmxRegister.java:register(58)) - register mxBean class org.apache.ratis.server.impl.RaftServerJmxAdapter as Ratis:service=RaftServer,group=group-0C9527091B91,id=7e05a46c-0a2e-4cd7-9b48-a27584e21533
2025-04-23 04:29:33,856 [7e05a46c-0a2e-4cd7-9b48-a27584e21533-groupManagement] INFO  server.RaftServerConfigKeys (ConfUtils.java:logGet(46)) - raft.server.snapshot.trigger-when-stop.enabled = true (default)
2025-04-23 04:29:33,856 [7e05a46c-0a2e-4cd7-9b48-a27584e21533-groupManagement] INFO  server.RaftServerConfigKeys (ConfUtils.java:logGet(46)) - raft.server.snapshot.trigger-when-remove.enabled = true (default)
2025-04-23 04:29:33,856 [7e05a46c-0a2e-4cd7-9b48-a27584e21533-groupManagement] INFO  server.RaftServerConfigKeys (ConfUtils.java:logGet(46)) - raft.server.snapshot.auto.trigger.enabled = true (custom)
2025-04-23 04:29:33,856 [7e05a46c-0a2e-4cd7-9b48-a27584e21533-groupManagement] INFO  server.RaftServerConfigKeys (ConfUtils.java:logGet(46)) - raft.server.snapshot.auto.trigger.threshold = 100000 (custom)
2025-04-23 04:29:33,856 [7e05a46c-0a2e-4cd7-9b48-a27584e21533-groupManagement] INFO  server.RaftServerConfigKeys (ConfUtils.java:logGet(46)) - raft.server.snapshot.retention.file.num = 5 (custom)
2025-04-23 04:29:33,856 [7e05a46c-0a2e-4cd7-9b48-a27584e21533-groupManagement] INFO  server.RaftServerConfigKeys (ConfUtils.java:logGet(46)) - raft.server.log.purge.upto.snapshot.index = false (default)
2025-04-23 04:29:33,857 [7e05a46c-0a2e-4cd7-9b48-a27584e21533-groupManagement] INFO  server.RaftServer$Division (RaftServerImpl.java:start(405)) - 7e05a46c-0a2e-4cd7-9b48-a27584e21533@group-0C9527091B91: Successfully started.
2025-04-23 04:29:33,857 [7e05a46c-0a2e-4cd7-9b48-a27584e21533-PipelineCommandHandlerThread-0] INFO  ratis.XceiverServerRatis (XceiverServerRatis.java:addGroup(842)) - Created group PipelineID=bb0712ab-c5dc-4136-929d-0c9527091b91
2025-04-23 04:29:33,863 [grpc-default-executor-4] INFO  server.RaftServer (RaftServerProxy.java:addNew(100)) - 8886420c-3c5d-4daa-85e6-40ee88a9c75a: addNew group-0C9527091B91:[8886420c-3c5d-4daa-85e6-40ee88a9c75a|127.0.0.1:15073, 7e05a46c-0a2e-4cd7-9b48-a27584e21533|127.0.0.1:15065, 3650021b-da01-4d18-aa96-198e06a80749|127.0.0.1:15081] returns group-0C9527091B91:java.util.concurrent.CompletableFuture@3c37ede6[Not completed]
2025-04-23 04:29:33,864 [8886420c-3c5d-4daa-85e6-40ee88a9c75a-groupManagement] INFO  server.RaftServer$Division (RaftServerImpl.java:<init>(255)) - 8886420c-3c5d-4daa-85e6-40ee88a9c75a: new RaftServerImpl for group-0C9527091B91:[8886420c-3c5d-4daa-85e6-40ee88a9c75a|127.0.0.1:15073, 7e05a46c-0a2e-4cd7-9b48-a27584e21533|127.0.0.1:15065, 3650021b-da01-4d18-aa96-198e06a80749|127.0.0.1:15081] with ContainerStateMachine:uninitialized
2025-04-23 04:29:33,864 [8886420c-3c5d-4daa-85e6-40ee88a9c75a-groupManagement] INFO  server.RaftServerConfigKeys (ConfUtils.java:logGet(46)) - raft.server.rpc.timeout.min = 5s (custom)
2025-04-23 04:29:33,864 [8886420c-3c5d-4daa-85e6-40ee88a9c75a-groupManagement] INFO  server.RaftServerConfigKeys (ConfUtils.java:logGet(46)) - raft.server.rpc.timeout.max = 5200ms (custom)
2025-04-23 04:29:33,865 [8886420c-3c5d-4daa-85e6-40ee88a9c75a-groupManagement] INFO  server.RaftServerConfigKeys (ConfUtils.java:logGet(46)) - raft.server.rpc.sleep.time = 25ms (default)
2025-04-23 04:29:33,865 [8886420c-3c5d-4daa-85e6-40ee88a9c75a-groupManagement] INFO  server.RaftServerConfigKeys (ConfUtils.java:logGet(46)) - raft.server.rpc.slowness.timeout = 300s (custom)
2025-04-23 04:29:33,865 [8886420c-3c5d-4daa-85e6-40ee88a9c75a-groupManagement] INFO  server.RaftServerConfigKeys (ConfUtils.java:logGet(46)) - raft.server.leaderelection.leader.step-down.wait-time = 10s (default)
2025-04-23 04:29:33,865 [8886420c-3c5d-4daa-85e6-40ee88a9c75a-groupManagement] INFO  server.RaftServerConfigKeys (ConfUtils.java:logGet(46)) - raft.server.leaderelection.member.majority-add = false (default)
2025-04-23 04:29:33,865 [8886420c-3c5d-4daa-85e6-40ee88a9c75a-groupManagement] INFO  server.RaftServerConfigKeys (ConfUtils.java:logGet(46)) - raft.server.sleep.deviation.threshold = 300ms (default)
2025-04-23 04:29:33,865 [8886420c-3c5d-4daa-85e6-40ee88a9c75a-groupManagement] INFO  server.RaftServer$Division (ServerState.java:<init>(114)) - 8886420c-3c5d-4daa-85e6-40ee88a9c75a@group-0C9527091B91: ConfigurationManager, init=conf: {index: -1, cur=peers:[8886420c-3c5d-4daa-85e6-40ee88a9c75a|127.0.0.1:15073, 7e05a46c-0a2e-4cd7-9b48-a27584e21533|127.0.0.1:15065, 3650021b-da01-4d18-aa96-198e06a80749|127.0.0.1:15081]|listeners:[], old=null}, confs=<EMPTY_MAP>
2025-04-23 04:29:33,865 [8886420c-3c5d-4daa-85e6-40ee88a9c75a-groupManagement] INFO  server.RaftServerConfigKeys (ConfUtils.java:logGet(46)) - raft.server.notification.no-leader.timeout = 300s (custom)
2025-04-23 04:29:33,865 [8886420c-3c5d-4daa-85e6-40ee88a9c75a-groupManagement] INFO  server.RaftServerConfigKeys (ConfUtils.java:logGet(46)) - raft.server.read.timeout = 10s (default)
2025-04-23 04:29:33,865 [8886420c-3c5d-4daa-85e6-40ee88a9c75a-groupManagement] INFO  server.RaftServerConfigKeys (ConfUtils.java:logGet(46)) - raft.server.retrycache.expirytime = 600000ms (custom)
2025-04-23 04:29:33,865 [8886420c-3c5d-4daa-85e6-40ee88a9c75a-groupManagement] INFO  server.RaftServerConfigKeys (ConfUtils.java:logGet(46)) - raft.server.retrycache.statistics.expirytime = 100ms (default)
2025-04-23 04:29:33,865 [8886420c-3c5d-4daa-85e6-40ee88a9c75a-groupManagement] INFO  server.RaftServerConfigKeys (ConfUtils.java:logGet(46)) - raft.server.read.option = DEFAULT (default)
2025-04-23 04:29:33,865 [8886420c-3c5d-4daa-85e6-40ee88a9c75a-groupManagement] INFO  server.RaftServerConfigKeys (ConfUtils.java:logGet(46)) - raft.server.read.read-after-write-consistent.write-index-cache.expiry-time = 60s (default)
2025-04-23 04:29:33,867 [8886420c-3c5d-4daa-85e6-40ee88a9c75a-groupManagement] INFO  server.RaftServerConfigKeys (ConfUtils.java:logGet(46)) - raft.server.rpc.request.timeout = 60s (custom)
2025-04-23 04:29:33,867 [8886420c-3c5d-4daa-85e6-40ee88a9c75a-groupManagement] INFO  server.RaftServerConfigKeys (ConfUtils.java:logGet(46)) - raft.server.log.appender.install.snapshot.enabled = false (custom)
2025-04-23 04:29:33,867 [8886420c-3c5d-4daa-85e6-40ee88a9c75a-groupManagement] INFO  server.RaftServerConfigKeys (ConfUtils.java:logGet(46)) - raft.server.threadpool.server.cached = true (default)
2025-04-23 04:29:33,867 [8886420c-3c5d-4daa-85e6-40ee88a9c75a-groupManagement] INFO  server.RaftServerConfigKeys (ConfUtils.java:logGet(46)) - raft.server.threadpool.server.size = 0 (default)
2025-04-23 04:29:33,868 [8886420c-3c5d-4daa-85e6-40ee88a9c75a-groupManagement] INFO  server.RaftServerConfigKeys (ConfUtils.java:logGet(46)) - raft.server.threadpool.client.cached = true (default)
2025-04-23 04:29:33,868 [8886420c-3c5d-4daa-85e6-40ee88a9c75a-groupManagement] INFO  server.RaftServerConfigKeys (ConfUtils.java:logGet(46)) - raft.server.threadpool.client.size = 0 (default)
2025-04-23 04:29:33,868 [8886420c-3c5d-4daa-85e6-40ee88a9c75a-groupManagement] INFO  server.RaftServerConfigKeys (ConfUtils.java:logGet(46)) - raft.server.storage.free-space.min = 0MB (=0) (default)
2025-04-23 04:29:33,868 [8886420c-3c5d-4daa-85e6-40ee88a9c75a-groupManagement] INFO  server.RaftServerConfigKeys (ConfUtils.java:logGet(46)) - raft.server.log.corruption.policy = EXCEPTION (default)
2025-04-23 04:29:33,868 [8886420c-3c5d-4daa-85e6-40ee88a9c75a-groupManagement] INFO  server.RaftServerConfigKeys (ConfUtils.java:logGet(46)) - raft.server.storage.dir = [/home/runner/work/ozone/ozone/hadoop-ozone/integration-test/target/test-dir/MiniOzoneClusterImpl-e6c14afe-f26c-49b2-91d5-3d25694ec971/ozone-meta/datanode-2/ratis] (custom)
2025-04-23 04:29:33,868 [8886420c-3c5d-4daa-85e6-40ee88a9c75a-groupManagement] INFO  storage.RaftStorageDirectory (RaftStorageDirectoryImpl.java:analyzeStorage(138)) - The storage directory /home/runner/work/ozone/ozone/hadoop-ozone/integration-test/target/test-dir/MiniOzoneClusterImpl-e6c14afe-f26c-49b2-91d5-3d25694ec971/ozone-meta/datanode-2/ratis/bb0712ab-c5dc-4136-929d-0c9527091b91 does not exist. Creating ...
2025-04-23 04:29:33,871 [8886420c-3c5d-4daa-85e6-40ee88a9c75a-groupManagement] INFO  storage.RaftStorageDirectory (RaftStorageDirectoryImpl.java:tryLock(229)) - Lock on /home/runner/work/ozone/ozone/hadoop-ozone/integration-test/target/test-dir/MiniOzoneClusterImpl-e6c14afe-f26c-49b2-91d5-3d25694ec971/ozone-meta/datanode-2/ratis/bb0712ab-c5dc-4136-929d-0c9527091b91/in_use.lock acquired by nodename 129558@fv-az1441-587
2025-04-23 04:29:33,872 [8886420c-3c5d-4daa-85e6-40ee88a9c75a-groupManagement] INFO  storage.RaftStorage (RaftStorageImpl.java:format(98)) - Storage directory /home/runner/work/ozone/ozone/hadoop-ozone/integration-test/target/test-dir/MiniOzoneClusterImpl-e6c14afe-f26c-49b2-91d5-3d25694ec971/ozone-meta/datanode-2/ratis/bb0712ab-c5dc-4136-929d-0c9527091b91 has been successfully formatted.
2025-04-23 04:29:33,872 [8886420c-3c5d-4daa-85e6-40ee88a9c75a-groupManagement] INFO  ratis.ContainerStateMachine (ContainerStateMachine.java:initialize(339)) - 8886420c-3c5d-4daa-85e6-40ee88a9c75a: initialize group-0C9527091B91
2025-04-23 04:29:33,873 [8886420c-3c5d-4daa-85e6-40ee88a9c75a-groupManagement] INFO  ratis.ContainerStateMachine (ContainerStateMachine.java:loadSnapshot(347)) - group-0C9527091B91: The snapshot info is null. Setting the last applied index to:(t:0, i:~)
2025-04-23 04:29:33,873 [8886420c-3c5d-4daa-85e6-40ee88a9c75a-groupManagement] INFO  server.RaftServerConfigKeys (ConfUtils.java:logGet(46)) - raft.server.log.use.memory = false (default)
2025-04-23 04:29:33,873 [8886420c-3c5d-4daa-85e6-40ee88a9c75a-groupManagement] INFO  server.RaftServerConfigKeys (ConfUtils.java:logGet(46)) - raft.server.log.purge.gap = 1000000 (custom)
2025-04-23 04:29:33,873 [8886420c-3c5d-4daa-85e6-40ee88a9c75a-groupManagement] INFO  server.RaftServerConfigKeys (ConfUtils.java:logGet(46)) - raft.server.log.appender.buffer.byte-limit = 33554432 (custom)
2025-04-23 04:29:33,873 [8886420c-3c5d-4daa-85e6-40ee88a9c75a-groupManagement] INFO  server.RaftServerConfigKeys (ConfUtils.java:logGet(46)) - raft.server.log.statemachine.data.read.timeout = 1000ms (default)
2025-04-23 04:29:33,873 [8886420c-3c5d-4daa-85e6-40ee88a9c75a-groupManagement] INFO  server.RaftServerConfigKeys (ConfUtils.java:logGet(46)) - raft.server.log.purge.preservation.log.num = 0 (default)
2025-04-23 04:29:33,875 [8886420c-3c5d-4daa-85e6-40ee88a9c75a-groupManagement] INFO  server.RaftServerConfigKeys (ConfUtils.java:logGet(46)) - raft.server.log.segment.size.max = 67108864 (custom)
2025-04-23 04:29:33,875 [8886420c-3c5d-4daa-85e6-40ee88a9c75a-groupManagement] INFO  server.RaftServerConfigKeys (ConfUtils.java:logGet(46)) - raft.server.log.segment.cache.num.max = 2 (custom)
2025-04-23 04:29:33,875 [8886420c-3c5d-4daa-85e6-40ee88a9c75a-groupManagement] INFO  server.RaftServerConfigKeys (ConfUtils.java:logGet(46)) - raft.server.log.segment.cache.size.max = 200MB (=209715200) (default)
2025-04-23 04:29:33,875 [8886420c-3c5d-4daa-85e6-40ee88a9c75a-groupManagement] INFO  server.RaftServerConfigKeys (ConfUtils.java:logGet(46)) - raft.server.log.appender.buffer.byte-limit = 33554432 (custom)
2025-04-23 04:29:33,875 [8886420c-3c5d-4daa-85e6-40ee88a9c75a-groupManagement] INFO  util.AwaitToRun (AwaitToRun.java:start(81)) - Thread[#8821,8886420c-3c5d-4daa-85e6-40ee88a9c75a@group-0C9527091B91-cacheEviction-AwaitToRun,5,main] started
2025-04-23 04:29:33,875 [8886420c-3c5d-4daa-85e6-40ee88a9c75a-groupManagement] INFO  segmented.SegmentedRaftLogWorker (SegmentedRaftLogWorker.java:<init>(188)) - new 8886420c-3c5d-4daa-85e6-40ee88a9c75a@group-0C9527091B91-SegmentedRaftLogWorker for RaftStorageImpl:Storage Directory /home/runner/work/ozone/ozone/hadoop-ozone/integration-test/target/test-dir/MiniOzoneClusterImpl-e6c14afe-f26c-49b2-91d5-3d25694ec971/ozone-meta/datanode-2/ratis/bb0712ab-c5dc-4136-929d-0c9527091b91
2025-04-23 04:29:33,875 [8886420c-3c5d-4daa-85e6-40ee88a9c75a-groupManagement] INFO  server.RaftServerConfigKeys (ConfUtils.java:logGet(46)) - raft.server.log.queue.byte-limit = 4294967296 (custom)
2025-04-23 04:29:33,875 [8886420c-3c5d-4daa-85e6-40ee88a9c75a-groupManagement] INFO  server.RaftServerConfigKeys (ConfUtils.java:logGet(46)) - raft.server.log.queue.element-limit = 1024 (custom)
2025-04-23 04:29:33,875 [8886420c-3c5d-4daa-85e6-40ee88a9c75a-groupManagement] INFO  server.RaftServerConfigKeys (ConfUtils.java:logGet(46)) - raft.server.log.segment.size.max = 67108864 (custom)
2025-04-23 04:29:33,875 [8886420c-3c5d-4daa-85e6-40ee88a9c75a-groupManagement] INFO  server.RaftServerConfigKeys (ConfUtils.java:logGet(46)) - raft.server.log.preallocated.size = 4194304 (custom)
2025-04-23 04:29:33,875 [8886420c-3c5d-4daa-85e6-40ee88a9c75a-groupManagement] INFO  server.RaftServerConfigKeys (ConfUtils.java:logGet(46)) - raft.server.log.force.sync.num = 128 (default)
2025-04-23 04:29:33,875 [8886420c-3c5d-4daa-85e6-40ee88a9c75a-groupManagement] INFO  server.RaftServerConfigKeys (ConfUtils.java:logGet(46)) - raft.server.log.statemachine.data.sync = true (default)
2025-04-23 04:29:33,875 [8886420c-3c5d-4daa-85e6-40ee88a9c75a-groupManagement] INFO  server.RaftServerConfigKeys (ConfUtils.java:logGet(46)) - raft.server.log.statemachine.data.sync.timeout = 10s (default)
2025-04-23 04:29:33,875 [8886420c-3c5d-4daa-85e6-40ee88a9c75a-groupManagement] INFO  server.RaftServerConfigKeys (ConfUtils.java:logGet(46)) - raft.server.log.statemachine.data.sync.timeout.retry = 30 (custom)
2025-04-23 04:29:33,876 [8886420c-3c5d-4daa-85e6-40ee88a9c75a-groupManagement] INFO  server.RaftServerConfigKeys (ConfUtils.java:logGet(46)) - raft.server.log.write.buffer.size = 33554440 (custom)
2025-04-23 04:29:33,881 [8886420c-3c5d-4daa-85e6-40ee88a9c75a-groupManagement] INFO  server.RaftServerConfigKeys (ConfUtils.java:logGet(46)) - raft.server.log.appender.buffer.byte-limit = 33554432 (custom)
2025-04-23 04:29:33,881 [8886420c-3c5d-4daa-85e6-40ee88a9c75a-groupManagement] INFO  server.RaftServerConfigKeys (ConfUtils.java:logGet(46)) - raft.server.log.unsafe-flush.enabled = false (default)
2025-04-23 04:29:33,881 [8886420c-3c5d-4daa-85e6-40ee88a9c75a-groupManagement] INFO  server.RaftServerConfigKeys (ConfUtils.java:logGet(46)) - raft.server.log.async-flush.enabled = false (default)
2025-04-23 04:29:33,881 [8886420c-3c5d-4daa-85e6-40ee88a9c75a-groupManagement] INFO  server.RaftServerConfigKeys (ConfUtils.java:logGet(46)) - raft.server.log.statemachine.data.caching.enabled = true (custom)
2025-04-23 04:29:33,881 [8886420c-3c5d-4daa-85e6-40ee88a9c75a-groupManagement] INFO  segmented.SegmentedRaftLogWorker (SegmentedRaftLogWorker.java:lambda$new$0(139)) - 8886420c-3c5d-4daa-85e6-40ee88a9c75a@group-0C9527091B91-SegmentedRaftLogWorker: flushIndex: setUnconditionally 0 -> -1
2025-04-23 04:29:33,881 [8886420c-3c5d-4daa-85e6-40ee88a9c75a-groupManagement] INFO  segmented.SegmentedRaftLogWorker (SegmentedRaftLogWorker.java:lambda$new$0(139)) - 8886420c-3c5d-4daa-85e6-40ee88a9c75a@group-0C9527091B91-SegmentedRaftLogWorker: safeCacheEvictIndex: setUnconditionally 0 -> -1
2025-04-23 04:29:33,882 [8886420c-3c5d-4daa-85e6-40ee88a9c75a-groupManagement] INFO  server.RaftServer$Division (RaftServerImpl.java:start(391)) - 8886420c-3c5d-4daa-85e6-40ee88a9c75a@group-0C9527091B91: start as a follower, conf=conf: {index: -1, cur=peers:[8886420c-3c5d-4daa-85e6-40ee88a9c75a|127.0.0.1:15073, 7e05a46c-0a2e-4cd7-9b48-a27584e21533|127.0.0.1:15065, 3650021b-da01-4d18-aa96-198e06a80749|127.0.0.1:15081]|listeners:[], old=null}
2025-04-23 04:29:33,882 [8886420c-3c5d-4daa-85e6-40ee88a9c75a-groupManagement] INFO  server.RaftServer$Division (RaftServerImpl.java:setRole(378)) - 8886420c-3c5d-4daa-85e6-40ee88a9c75a@group-0C9527091B91: changes role from      null to FOLLOWER at term 0 for startAsFollower
2025-04-23 04:29:33,882 [8886420c-3c5d-4daa-85e6-40ee88a9c75a-groupManagement] INFO  impl.RoleInfo (RoleInfo.java:updateAndGet(148)) - 8886420c-3c5d-4daa-85e6-40ee88a9c75a: start 8886420c-3c5d-4daa-85e6-40ee88a9c75a@group-0C9527091B91-FollowerState
2025-04-23 04:29:33,882 [8886420c-3c5d-4daa-85e6-40ee88a9c75a@group-0C9527091B91-FollowerState] INFO  server.RaftServerConfigKeys (ConfUtils.java:logGet(46)) - raft.server.rpc.first-election.timeout.min = 1000ms (custom)
2025-04-23 04:29:33,882 [8886420c-3c5d-4daa-85e6-40ee88a9c75a@group-0C9527091B91-FollowerState] INFO  server.RaftServerConfigKeys (ConfUtils.java:logGet(46)) - raft.server.rpc.first-election.timeout.max = 1200ms (custom)
2025-04-23 04:29:33,882 [8886420c-3c5d-4daa-85e6-40ee88a9c75a-groupManagement] INFO  util.JmxRegister (JmxRegister.java:tryRegister(44)) - Successfully registered JMX Bean with object name Ratis:service=RaftServer,group=group-0C9527091B91,id=8886420c-3c5d-4daa-85e6-40ee88a9c75a
2025-04-23 04:29:33,882 [8886420c-3c5d-4daa-85e6-40ee88a9c75a-groupManagement] INFO  util.JmxRegister (JmxRegister.java:register(58)) - register mxBean class org.apache.ratis.server.impl.RaftServerJmxAdapter as Ratis:service=RaftServer,group=group-0C9527091B91,id=8886420c-3c5d-4daa-85e6-40ee88a9c75a
2025-04-23 04:29:33,882 [8886420c-3c5d-4daa-85e6-40ee88a9c75a-groupManagement] INFO  server.RaftServerConfigKeys (ConfUtils.java:logGet(46)) - raft.server.snapshot.trigger-when-stop.enabled = true (default)
2025-04-23 04:29:33,882 [8886420c-3c5d-4daa-85e6-40ee88a9c75a-groupManagement] INFO  server.RaftServerConfigKeys (ConfUtils.java:logGet(46)) - raft.server.snapshot.trigger-when-remove.enabled = true (default)
2025-04-23 04:29:33,882 [8886420c-3c5d-4daa-85e6-40ee88a9c75a-groupManagement] INFO  server.RaftServerConfigKeys (ConfUtils.java:logGet(46)) - raft.server.snapshot.auto.trigger.enabled = true (custom)
2025-04-23 04:29:33,883 [8886420c-3c5d-4daa-85e6-40ee88a9c75a-groupManagement] INFO  server.RaftServerConfigKeys (ConfUtils.java:logGet(46)) - raft.server.snapshot.auto.trigger.threshold = 100000 (custom)
2025-04-23 04:29:33,883 [8886420c-3c5d-4daa-85e6-40ee88a9c75a-groupManagement] INFO  server.RaftServerConfigKeys (ConfUtils.java:logGet(46)) - raft.server.snapshot.retention.file.num = 5 (custom)
2025-04-23 04:29:33,883 [8886420c-3c5d-4daa-85e6-40ee88a9c75a-groupManagement] INFO  server.RaftServerConfigKeys (ConfUtils.java:logGet(46)) - raft.server.log.purge.upto.snapshot.index = false (default)
2025-04-23 04:29:33,883 [8886420c-3c5d-4daa-85e6-40ee88a9c75a-groupManagement] INFO  server.RaftServer$Division (RaftServerImpl.java:start(405)) - 8886420c-3c5d-4daa-85e6-40ee88a9c75a@group-0C9527091B91: Successfully started.
2025-04-23 04:29:33,891 [grpc-default-executor-4] INFO  server.RaftServer (RaftServerProxy.java:addNew(100)) - 3650021b-da01-4d18-aa96-198e06a80749: addNew group-0C9527091B91:[8886420c-3c5d-4daa-85e6-40ee88a9c75a|127.0.0.1:15073, 7e05a46c-0a2e-4cd7-9b48-a27584e21533|127.0.0.1:15065, 3650021b-da01-4d18-aa96-198e06a80749|127.0.0.1:15081] returns group-0C9527091B91:java.util.concurrent.CompletableFuture@20aae523[Not completed]
2025-04-23 04:29:33,892 [3650021b-da01-4d18-aa96-198e06a80749-groupManagement] INFO  server.RaftServer$Division (RaftServerImpl.java:<init>(255)) - 3650021b-da01-4d18-aa96-198e06a80749: new RaftServerImpl for group-0C9527091B91:[8886420c-3c5d-4daa-85e6-40ee88a9c75a|127.0.0.1:15073, 7e05a46c-0a2e-4cd7-9b48-a27584e21533|127.0.0.1:15065, 3650021b-da01-4d18-aa96-198e06a80749|127.0.0.1:15081] with ContainerStateMachine:uninitialized
2025-04-23 04:29:33,892 [3650021b-da01-4d18-aa96-198e06a80749-groupManagement] INFO  server.RaftServerConfigKeys (ConfUtils.java:logGet(46)) - raft.server.rpc.timeout.min = 5s (custom)
2025-04-23 04:29:33,892 [3650021b-da01-4d18-aa96-198e06a80749-groupManagement] INFO  server.RaftServerConfigKeys (ConfUtils.java:logGet(46)) - raft.server.rpc.timeout.max = 5200ms (custom)
2025-04-23 04:29:33,892 [3650021b-da01-4d18-aa96-198e06a80749-groupManagement] INFO  server.RaftServerConfigKeys (ConfUtils.java:logGet(46)) - raft.server.rpc.sleep.time = 25ms (default)
2025-04-23 04:29:33,893 [3650021b-da01-4d18-aa96-198e06a80749-groupManagement] INFO  server.RaftServerConfigKeys (ConfUtils.java:logGet(46)) - raft.server.rpc.slowness.timeout = 300s (custom)
2025-04-23 04:29:33,893 [3650021b-da01-4d18-aa96-198e06a80749-groupManagement] INFO  server.RaftServerConfigKeys (ConfUtils.java:logGet(46)) - raft.server.leaderelection.leader.step-down.wait-time = 10s (default)
2025-04-23 04:29:33,893 [3650021b-da01-4d18-aa96-198e06a80749-groupManagement] INFO  server.RaftServerConfigKeys (ConfUtils.java:logGet(46)) - raft.server.leaderelection.member.majority-add = false (default)
2025-04-23 04:29:33,893 [3650021b-da01-4d18-aa96-198e06a80749-groupManagement] INFO  server.RaftServerConfigKeys (ConfUtils.java:logGet(46)) - raft.server.sleep.deviation.threshold = 300ms (default)
2025-04-23 04:29:33,893 [3650021b-da01-4d18-aa96-198e06a80749-groupManagement] INFO  server.RaftServer$Division (ServerState.java:<init>(114)) - 3650021b-da01-4d18-aa96-198e06a80749@group-0C9527091B91: ConfigurationManager, init=conf: {index: -1, cur=peers:[8886420c-3c5d-4daa-85e6-40ee88a9c75a|127.0.0.1:15073, 7e05a46c-0a2e-4cd7-9b48-a27584e21533|127.0.0.1:15065, 3650021b-da01-4d18-aa96-198e06a80749|127.0.0.1:15081]|listeners:[], old=null}, confs=<EMPTY_MAP>
2025-04-23 04:29:33,893 [3650021b-da01-4d18-aa96-198e06a80749-groupManagement] INFO  server.RaftServerConfigKeys (ConfUtils.java:logGet(46)) - raft.server.notification.no-leader.timeout = 300s (custom)
2025-04-23 04:29:33,893 [3650021b-da01-4d18-aa96-198e06a80749-groupManagement] INFO  server.RaftServerConfigKeys (ConfUtils.java:logGet(46)) - raft.server.read.timeout = 10s (default)
2025-04-23 04:29:33,893 [3650021b-da01-4d18-aa96-198e06a80749-groupManagement] INFO  server.RaftServerConfigKeys (ConfUtils.java:logGet(46)) - raft.server.retrycache.expirytime = 600000ms (custom)
2025-04-23 04:29:33,893 [3650021b-da01-4d18-aa96-198e06a80749-groupManagement] INFO  server.RaftServerConfigKeys (ConfUtils.java:logGet(46)) - raft.server.retrycache.statistics.expirytime = 100ms (default)
2025-04-23 04:29:33,893 [3650021b-da01-4d18-aa96-198e06a80749-groupManagement] INFO  server.RaftServerConfigKeys (ConfUtils.java:logGet(46)) - raft.server.read.option = DEFAULT (default)
2025-04-23 04:29:33,893 [3650021b-da01-4d18-aa96-198e06a80749-groupManagement] INFO  server.RaftServerConfigKeys (ConfUtils.java:logGet(46)) - raft.server.read.read-after-write-consistent.write-index-cache.expiry-time = 60s (default)
2025-04-23 04:29:33,895 [3650021b-da01-4d18-aa96-198e06a80749-groupManagement] INFO  server.RaftServerConfigKeys (ConfUtils.java:logGet(46)) - raft.server.rpc.request.timeout = 60s (custom)
2025-04-23 04:29:33,895 [3650021b-da01-4d18-aa96-198e06a80749-groupManagement] INFO  server.RaftServerConfigKeys (ConfUtils.java:logGet(46)) - raft.server.log.appender.install.snapshot.enabled = false (custom)
2025-04-23 04:29:33,895 [3650021b-da01-4d18-aa96-198e06a80749-groupManagement] INFO  server.RaftServerConfigKeys (ConfUtils.java:logGet(46)) - raft.server.threadpool.server.cached = true (default)
2025-04-23 04:29:33,895 [3650021b-da01-4d18-aa96-198e06a80749-groupManagement] INFO  server.RaftServerConfigKeys (ConfUtils.java:logGet(46)) - raft.server.threadpool.server.size = 0 (default)
2025-04-23 04:29:33,895 [3650021b-da01-4d18-aa96-198e06a80749-groupManagement] INFO  server.RaftServerConfigKeys (ConfUtils.java:logGet(46)) - raft.server.threadpool.client.cached = true (default)
2025-04-23 04:29:33,895 [3650021b-da01-4d18-aa96-198e06a80749-groupManagement] INFO  server.RaftServerConfigKeys (ConfUtils.java:logGet(46)) - raft.server.threadpool.client.size = 0 (default)
2025-04-23 04:29:33,895 [3650021b-da01-4d18-aa96-198e06a80749-groupManagement] INFO  server.RaftServerConfigKeys (ConfUtils.java:logGet(46)) - raft.server.storage.free-space.min = 0MB (=0) (default)
2025-04-23 04:29:33,895 [3650021b-da01-4d18-aa96-198e06a80749-groupManagement] INFO  server.RaftServerConfigKeys (ConfUtils.java:logGet(46)) - raft.server.log.corruption.policy = EXCEPTION (default)
2025-04-23 04:29:33,895 [3650021b-da01-4d18-aa96-198e06a80749-groupManagement] INFO  server.RaftServerConfigKeys (ConfUtils.java:logGet(46)) - raft.server.storage.dir = [/home/runner/work/ozone/ozone/hadoop-ozone/integration-test/target/test-dir/MiniOzoneClusterImpl-e6c14afe-f26c-49b2-91d5-3d25694ec971/ozone-meta/datanode-3/ratis] (custom)
2025-04-23 04:29:33,896 [3650021b-da01-4d18-aa96-198e06a80749-groupManagement] INFO  storage.RaftStorageDirectory (RaftStorageDirectoryImpl.java:analyzeStorage(138)) - The storage directory /home/runner/work/ozone/ozone/hadoop-ozone/integration-test/target/test-dir/MiniOzoneClusterImpl-e6c14afe-f26c-49b2-91d5-3d25694ec971/ozone-meta/datanode-3/ratis/bb0712ab-c5dc-4136-929d-0c9527091b91 does not exist. Creating ...
2025-04-23 04:29:33,898 [3650021b-da01-4d18-aa96-198e06a80749-groupManagement] INFO  storage.RaftStorageDirectory (RaftStorageDirectoryImpl.java:tryLock(229)) - Lock on /home/runner/work/ozone/ozone/hadoop-ozone/integration-test/target/test-dir/MiniOzoneClusterImpl-e6c14afe-f26c-49b2-91d5-3d25694ec971/ozone-meta/datanode-3/ratis/bb0712ab-c5dc-4136-929d-0c9527091b91/in_use.lock acquired by nodename 129558@fv-az1441-587
2025-04-23 04:29:33,899 [3650021b-da01-4d18-aa96-198e06a80749-groupManagement] INFO  storage.RaftStorage (RaftStorageImpl.java:format(98)) - Storage directory /home/runner/work/ozone/ozone/hadoop-ozone/integration-test/target/test-dir/MiniOzoneClusterImpl-e6c14afe-f26c-49b2-91d5-3d25694ec971/ozone-meta/datanode-3/ratis/bb0712ab-c5dc-4136-929d-0c9527091b91 has been successfully formatted.
2025-04-23 04:29:33,899 [3650021b-da01-4d18-aa96-198e06a80749-groupManagement] INFO  ratis.ContainerStateMachine (ContainerStateMachine.java:initialize(339)) - 3650021b-da01-4d18-aa96-198e06a80749: initialize group-0C9527091B91
2025-04-23 04:29:33,899 [3650021b-da01-4d18-aa96-198e06a80749-groupManagement] INFO  ratis.ContainerStateMachine (ContainerStateMachine.java:loadSnapshot(347)) - group-0C9527091B91: The snapshot info is null. Setting the last applied index to:(t:0, i:~)
2025-04-23 04:29:33,899 [3650021b-da01-4d18-aa96-198e06a80749-groupManagement] INFO  server.RaftServerConfigKeys (ConfUtils.java:logGet(46)) - raft.server.log.use.memory = false (default)
2025-04-23 04:29:33,899 [3650021b-da01-4d18-aa96-198e06a80749-groupManagement] INFO  server.RaftServerConfigKeys (ConfUtils.java:logGet(46)) - raft.server.log.purge.gap = 1000000 (custom)
2025-04-23 04:29:33,899 [3650021b-da01-4d18-aa96-198e06a80749-groupManagement] INFO  server.RaftServerConfigKeys (ConfUtils.java:logGet(46)) - raft.server.log.appender.buffer.byte-limit = 33554432 (custom)
2025-04-23 04:29:33,899 [3650021b-da01-4d18-aa96-198e06a80749-groupManagement] INFO  server.RaftServerConfigKeys (ConfUtils.java:logGet(46)) - raft.server.log.statemachine.data.read.timeout = 1000ms (default)
2025-04-23 04:29:33,899 [3650021b-da01-4d18-aa96-198e06a80749-groupManagement] INFO  server.RaftServerConfigKeys (ConfUtils.java:logGet(46)) - raft.server.log.purge.preservation.log.num = 0 (default)
2025-04-23 04:29:33,901 [3650021b-da01-4d18-aa96-198e06a80749-groupManagement] INFO  server.RaftServerConfigKeys (ConfUtils.java:logGet(46)) - raft.server.log.segment.size.max = 67108864 (custom)
2025-04-23 04:29:33,901 [3650021b-da01-4d18-aa96-198e06a80749-groupManagement] INFO  server.RaftServerConfigKeys (ConfUtils.java:logGet(46)) - raft.server.log.segment.cache.num.max = 2 (custom)
2025-04-23 04:29:33,901 [3650021b-da01-4d18-aa96-198e06a80749-groupManagement] INFO  server.RaftServerConfigKeys (ConfUtils.java:logGet(46)) - raft.server.log.segment.cache.size.max = 200MB (=209715200) (default)
2025-04-23 04:29:33,902 [3650021b-da01-4d18-aa96-198e06a80749-groupManagement] INFO  server.RaftServerConfigKeys (ConfUtils.java:logGet(46)) - raft.server.log.appender.buffer.byte-limit = 33554432 (custom)
2025-04-23 04:29:33,902 [3650021b-da01-4d18-aa96-198e06a80749-groupManagement] INFO  util.AwaitToRun (AwaitToRun.java:start(81)) - Thread[#8829,3650021b-da01-4d18-aa96-198e06a80749@group-0C9527091B91-cacheEviction-AwaitToRun,5,main] started
2025-04-23 04:29:33,902 [3650021b-da01-4d18-aa96-198e06a80749-groupManagement] INFO  segmented.SegmentedRaftLogWorker (SegmentedRaftLogWorker.java:<init>(188)) - new 3650021b-da01-4d18-aa96-198e06a80749@group-0C9527091B91-SegmentedRaftLogWorker for RaftStorageImpl:Storage Directory /home/runner/work/ozone/ozone/hadoop-ozone/integration-test/target/test-dir/MiniOzoneClusterImpl-e6c14afe-f26c-49b2-91d5-3d25694ec971/ozone-meta/datanode-3/ratis/bb0712ab-c5dc-4136-929d-0c9527091b91
2025-04-23 04:29:33,902 [3650021b-da01-4d18-aa96-198e06a80749-groupManagement] INFO  server.RaftServerConfigKeys (ConfUtils.java:logGet(46)) - raft.server.log.queue.byte-limit = 4294967296 (custom)
2025-04-23 04:29:33,902 [3650021b-da01-4d18-aa96-198e06a80749-groupManagement] INFO  server.RaftServerConfigKeys (ConfUtils.java:logGet(46)) - raft.server.log.queue.element-limit = 1024 (custom)
2025-04-23 04:29:33,902 [3650021b-da01-4d18-aa96-198e06a80749-groupManagement] INFO  server.RaftServerConfigKeys (ConfUtils.java:logGet(46)) - raft.server.log.segment.size.max = 67108864 (custom)
2025-04-23 04:29:33,902 [3650021b-da01-4d18-aa96-198e06a80749-groupManagement] INFO  server.RaftServerConfigKeys (ConfUtils.java:logGet(46)) - raft.server.log.preallocated.size = 4194304 (custom)
2025-04-23 04:29:33,902 [3650021b-da01-4d18-aa96-198e06a80749-groupManagement] INFO  server.RaftServerConfigKeys (ConfUtils.java:logGet(46)) - raft.server.log.force.sync.num = 128 (default)
2025-04-23 04:29:33,902 [3650021b-da01-4d18-aa96-198e06a80749-groupManagement] INFO  server.RaftServerConfigKeys (ConfUtils.java:logGet(46)) - raft.server.log.statemachine.data.sync = true (default)
2025-04-23 04:29:33,902 [3650021b-da01-4d18-aa96-198e06a80749-groupManagement] INFO  server.RaftServerConfigKeys (ConfUtils.java:logGet(46)) - raft.server.log.statemachine.data.sync.timeout = 10s (default)
2025-04-23 04:29:33,902 [3650021b-da01-4d18-aa96-198e06a80749-groupManagement] INFO  server.RaftServerConfigKeys (ConfUtils.java:logGet(46)) - raft.server.log.statemachine.data.sync.timeout.retry = 30 (custom)
2025-04-23 04:29:33,903 [3650021b-da01-4d18-aa96-198e06a80749-groupManagement] INFO  server.RaftServerConfigKeys (ConfUtils.java:logGet(46)) - raft.server.log.write.buffer.size = 33554440 (custom)
2025-04-23 04:29:33,907 [3650021b-da01-4d18-aa96-198e06a80749-groupManagement] INFO  server.RaftServerConfigKeys (ConfUtils.java:logGet(46)) - raft.server.log.appender.buffer.byte-limit = 33554432 (custom)
2025-04-23 04:29:33,907 [3650021b-da01-4d18-aa96-198e06a80749-groupManagement] INFO  server.RaftServerConfigKeys (ConfUtils.java:logGet(46)) - raft.server.log.unsafe-flush.enabled = false (default)
2025-04-23 04:29:33,907 [3650021b-da01-4d18-aa96-198e06a80749-groupManagement] INFO  server.RaftServerConfigKeys (ConfUtils.java:logGet(46)) - raft.server.log.async-flush.enabled = false (default)
2025-04-23 04:29:33,907 [3650021b-da01-4d18-aa96-198e06a80749-groupManagement] INFO  server.RaftServerConfigKeys (ConfUtils.java:logGet(46)) - raft.server.log.statemachine.data.caching.enabled = true (custom)
2025-04-23 04:29:33,908 [3650021b-da01-4d18-aa96-198e06a80749-groupManagement] INFO  segmented.SegmentedRaftLogWorker (SegmentedRaftLogWorker.java:lambda$new$0(139)) - 3650021b-da01-4d18-aa96-198e06a80749@group-0C9527091B91-SegmentedRaftLogWorker: flushIndex: setUnconditionally 0 -> -1
2025-04-23 04:29:33,908 [3650021b-da01-4d18-aa96-198e06a80749-groupManagement] INFO  segmented.SegmentedRaftLogWorker (SegmentedRaftLogWorker.java:lambda$new$0(139)) - 3650021b-da01-4d18-aa96-198e06a80749@group-0C9527091B91-SegmentedRaftLogWorker: safeCacheEvictIndex: setUnconditionally 0 -> -1
2025-04-23 04:29:33,908 [3650021b-da01-4d18-aa96-198e06a80749-groupManagement] INFO  server.RaftServer$Division (RaftServerImpl.java:start(391)) - 3650021b-da01-4d18-aa96-198e06a80749@group-0C9527091B91: start as a follower, conf=conf: {index: -1, cur=peers:[8886420c-3c5d-4daa-85e6-40ee88a9c75a|127.0.0.1:15073, 7e05a46c-0a2e-4cd7-9b48-a27584e21533|127.0.0.1:15065, 3650021b-da01-4d18-aa96-198e06a80749|127.0.0.1:15081]|listeners:[], old=null}
2025-04-23 04:29:33,908 [3650021b-da01-4d18-aa96-198e06a80749-groupManagement] INFO  server.RaftServer$Division (RaftServerImpl.java:setRole(378)) - 3650021b-da01-4d18-aa96-198e06a80749@group-0C9527091B91: changes role from      null to FOLLOWER at term 0 for startAsFollower
2025-04-23 04:29:33,908 [3650021b-da01-4d18-aa96-198e06a80749-groupManagement] INFO  impl.RoleInfo (RoleInfo.java:updateAndGet(148)) - 3650021b-da01-4d18-aa96-198e06a80749: start 3650021b-da01-4d18-aa96-198e06a80749@group-0C9527091B91-FollowerState
2025-04-23 04:29:33,909 [3650021b-da01-4d18-aa96-198e06a80749-groupManagement] INFO  util.JmxRegister (JmxRegister.java:tryRegister(44)) - Successfully registered JMX Bean with object name Ratis:service=RaftServer,group=group-0C9527091B91,id=3650021b-da01-4d18-aa96-198e06a80749
2025-04-23 04:29:33,909 [3650021b-da01-4d18-aa96-198e06a80749-groupManagement] INFO  util.JmxRegister (JmxRegister.java:register(58)) - register mxBean class org.apache.ratis.server.impl.RaftServerJmxAdapter as Ratis:service=RaftServer,group=group-0C9527091B91,id=3650021b-da01-4d18-aa96-198e06a80749
2025-04-23 04:29:33,909 [3650021b-da01-4d18-aa96-198e06a80749-groupManagement] INFO  server.RaftServerConfigKeys (ConfUtils.java:logGet(46)) - raft.server.snapshot.trigger-when-stop.enabled = true (default)
2025-04-23 04:29:33,909 [3650021b-da01-4d18-aa96-198e06a80749-groupManagement] INFO  server.RaftServerConfigKeys (ConfUtils.java:logGet(46)) - raft.server.snapshot.trigger-when-remove.enabled = true (default)
2025-04-23 04:29:33,909 [3650021b-da01-4d18-aa96-198e06a80749-groupManagement] INFO  server.RaftServerConfigKeys (ConfUtils.java:logGet(46)) - raft.server.snapshot.auto.trigger.enabled = true (custom)
2025-04-23 04:29:33,909 [3650021b-da01-4d18-aa96-198e06a80749-groupManagement] INFO  server.RaftServerConfigKeys (ConfUtils.java:logGet(46)) - raft.server.snapshot.auto.trigger.threshold = 100000 (custom)
2025-04-23 04:29:33,909 [3650021b-da01-4d18-aa96-198e06a80749-groupManagement] INFO  server.RaftServerConfigKeys (ConfUtils.java:logGet(46)) - raft.server.snapshot.retention.file.num = 5 (custom)
2025-04-23 04:29:33,909 [3650021b-da01-4d18-aa96-198e06a80749-groupManagement] INFO  server.RaftServerConfigKeys (ConfUtils.java:logGet(46)) - raft.server.log.purge.upto.snapshot.index = false (default)
2025-04-23 04:29:33,909 [3650021b-da01-4d18-aa96-198e06a80749@group-0C9527091B91-FollowerState] INFO  server.RaftServerConfigKeys (ConfUtils.java:logGet(46)) - raft.server.rpc.first-election.timeout.min = 1000ms (custom)
2025-04-23 04:29:33,909 [3650021b-da01-4d18-aa96-198e06a80749@group-0C9527091B91-FollowerState] INFO  server.RaftServerConfigKeys (ConfUtils.java:logGet(46)) - raft.server.rpc.first-election.timeout.max = 1200ms (custom)
2025-04-23 04:29:33,910 [3650021b-da01-4d18-aa96-198e06a80749-groupManagement] INFO  server.RaftServer$Division (RaftServerImpl.java:start(405)) - 3650021b-da01-4d18-aa96-198e06a80749@group-0C9527091B91: Successfully started.
2025-04-23 04:29:33,912 [7e05a46c-0a2e-4cd7-9b48-a27584e21533-PipelineCommandHandlerThread-0] INFO  commandhandler.CreatePipelineCommandHandler (CreatePipelineCommandHandler.java:lambda$handle$2(128)) - Created Pipeline RATIS THREE PipelineID=bb0712ab-c5dc-4136-929d-0c9527091b91.
2025-04-23 04:29:33,912 [7e05a46c-0a2e-4cd7-9b48-a27584e21533-PipelineCommandHandlerThread-0] INFO  server.RaftServer (RaftServerProxy.java:addNew(100)) - 7e05a46c-0a2e-4cd7-9b48-a27584e21533: addNew group-3ED3DE2382DA:[8886420c-3c5d-4daa-85e6-40ee88a9c75a|127.0.0.1:15073, 7e05a46c-0a2e-4cd7-9b48-a27584e21533|127.0.0.1:15065, 3650021b-da01-4d18-aa96-198e06a80749|127.0.0.1:15081] returns group-3ED3DE2382DA:java.util.concurrent.CompletableFuture@705dc312[Not completed]
2025-04-23 04:29:33,914 [7e05a46c-0a2e-4cd7-9b48-a27584e21533-groupManagement] INFO  server.RaftServer$Division (RaftServerImpl.java:<init>(255)) - 7e05a46c-0a2e-4cd7-9b48-a27584e21533: new RaftServerImpl for group-3ED3DE2382DA:[8886420c-3c5d-4daa-85e6-40ee88a9c75a|127.0.0.1:15073, 7e05a46c-0a2e-4cd7-9b48-a27584e21533|127.0.0.1:15065, 3650021b-da01-4d18-aa96-198e06a80749|127.0.0.1:15081] with ContainerStateMachine:uninitialized
2025-04-23 04:29:33,914 [7e05a46c-0a2e-4cd7-9b48-a27584e21533-groupManagement] INFO  server.RaftServerConfigKeys (ConfUtils.java:logGet(46)) - raft.server.rpc.timeout.min = 5s (custom)
2025-04-23 04:29:33,914 [7e05a46c-0a2e-4cd7-9b48-a27584e21533-groupManagement] INFO  server.RaftServerConfigKeys (ConfUtils.java:logGet(46)) - raft.server.rpc.timeout.max = 5200ms (custom)
2025-04-23 04:29:33,914 [7e05a46c-0a2e-4cd7-9b48-a27584e21533-groupManagement] INFO  server.RaftServerConfigKeys (ConfUtils.java:logGet(46)) - raft.server.rpc.sleep.time = 25ms (default)
2025-04-23 04:29:33,914 [7e05a46c-0a2e-4cd7-9b48-a27584e21533-groupManagement] INFO  server.RaftServerConfigKeys (ConfUtils.java:logGet(46)) - raft.server.rpc.slowness.timeout = 300s (custom)
2025-04-23 04:29:33,914 [7e05a46c-0a2e-4cd7-9b48-a27584e21533-groupManagement] INFO  server.RaftServerConfigKeys (ConfUtils.java:logGet(46)) - raft.server.leaderelection.leader.step-down.wait-time = 10s (default)
2025-04-23 04:29:33,914 [7e05a46c-0a2e-4cd7-9b48-a27584e21533-groupManagement] INFO  server.RaftServerConfigKeys (ConfUtils.java:logGet(46)) - raft.server.leaderelection.member.majority-add = false (default)
2025-04-23 04:29:33,914 [7e05a46c-0a2e-4cd7-9b48-a27584e21533-groupManagement] INFO  server.RaftServerConfigKeys (ConfUtils.java:logGet(46)) - raft.server.sleep.deviation.threshold = 300ms (default)
2025-04-23 04:29:33,914 [7e05a46c-0a2e-4cd7-9b48-a27584e21533-groupManagement] INFO  server.RaftServer$Division (ServerState.java:<init>(114)) - 7e05a46c-0a2e-4cd7-9b48-a27584e21533@group-3ED3DE2382DA: ConfigurationManager, init=conf: {index: -1, cur=peers:[8886420c-3c5d-4daa-85e6-40ee88a9c75a|127.0.0.1:15073, 7e05a46c-0a2e-4cd7-9b48-a27584e21533|127.0.0.1:15065, 3650021b-da01-4d18-aa96-198e06a80749|127.0.0.1:15081]|listeners:[], old=null}, confs=<EMPTY_MAP>
2025-04-23 04:29:33,915 [7e05a46c-0a2e-4cd7-9b48-a27584e21533-groupManagement] INFO  server.RaftServerConfigKeys (ConfUtils.java:logGet(46)) - raft.server.notification.no-leader.timeout = 300s (custom)
2025-04-23 04:29:33,915 [7e05a46c-0a2e-4cd7-9b48-a27584e21533-groupManagement] INFO  server.RaftServerConfigKeys (ConfUtils.java:logGet(46)) - raft.server.read.timeout = 10s (default)
2025-04-23 04:29:33,915 [7e05a46c-0a2e-4cd7-9b48-a27584e21533-groupManagement] INFO  server.RaftServerConfigKeys (ConfUtils.java:logGet(46)) - raft.server.retrycache.expirytime = 600000ms (custom)
2025-04-23 04:29:33,915 [7e05a46c-0a2e-4cd7-9b48-a27584e21533-groupManagement] INFO  server.RaftServerConfigKeys (ConfUtils.java:logGet(46)) - raft.server.retrycache.statistics.expirytime = 100ms (default)
2025-04-23 04:29:33,915 [7e05a46c-0a2e-4cd7-9b48-a27584e21533-groupManagement] INFO  server.RaftServerConfigKeys (ConfUtils.java:logGet(46)) - raft.server.read.option = DEFAULT (default)
2025-04-23 04:29:33,915 [7e05a46c-0a2e-4cd7-9b48-a27584e21533-groupManagement] INFO  server.RaftServerConfigKeys (ConfUtils.java:logGet(46)) - raft.server.read.read-after-write-consistent.write-index-cache.expiry-time = 60s (default)
2025-04-23 04:29:33,917 [7e05a46c-0a2e-4cd7-9b48-a27584e21533-groupManagement] INFO  server.RaftServerConfigKeys (ConfUtils.java:logGet(46)) - raft.server.rpc.request.timeout = 60s (custom)
2025-04-23 04:29:33,917 [7e05a46c-0a2e-4cd7-9b48-a27584e21533-groupManagement] INFO  server.RaftServerConfigKeys (ConfUtils.java:logGet(46)) - raft.server.log.appender.install.snapshot.enabled = false (custom)
2025-04-23 04:29:33,917 [7e05a46c-0a2e-4cd7-9b48-a27584e21533-groupManagement] INFO  server.RaftServerConfigKeys (ConfUtils.java:logGet(46)) - raft.server.threadpool.server.cached = true (default)
2025-04-23 04:29:33,917 [7e05a46c-0a2e-4cd7-9b48-a27584e21533-groupManagement] INFO  server.RaftServerConfigKeys (ConfUtils.java:logGet(46)) - raft.server.threadpool.server.size = 0 (default)
2025-04-23 04:29:33,917 [7e05a46c-0a2e-4cd7-9b48-a27584e21533-groupManagement] INFO  server.RaftServerConfigKeys (ConfUtils.java:logGet(46)) - raft.server.threadpool.client.cached = true (default)
2025-04-23 04:29:33,917 [7e05a46c-0a2e-4cd7-9b48-a27584e21533-groupManagement] INFO  server.RaftServerConfigKeys (ConfUtils.java:logGet(46)) - raft.server.threadpool.client.size = 0 (default)
2025-04-23 04:29:33,917 [7e05a46c-0a2e-4cd7-9b48-a27584e21533-groupManagement] INFO  server.RaftServerConfigKeys (ConfUtils.java:logGet(46)) - raft.server.storage.free-space.min = 0MB (=0) (default)
2025-04-23 04:29:33,917 [7e05a46c-0a2e-4cd7-9b48-a27584e21533-groupManagement] INFO  server.RaftServerConfigKeys (ConfUtils.java:logGet(46)) - raft.server.log.corruption.policy = EXCEPTION (default)
2025-04-23 04:29:33,917 [7e05a46c-0a2e-4cd7-9b48-a27584e21533-groupManagement] INFO  server.RaftServerConfigKeys (ConfUtils.java:logGet(46)) - raft.server.storage.dir = [/home/runner/work/ozone/ozone/hadoop-ozone/integration-test/target/test-dir/MiniOzoneClusterImpl-e6c14afe-f26c-49b2-91d5-3d25694ec971/ozone-meta/datanode-1/ratis] (custom)
2025-04-23 04:29:33,917 [7e05a46c-0a2e-4cd7-9b48-a27584e21533-groupManagement] INFO  storage.RaftStorageDirectory (RaftStorageDirectoryImpl.java:analyzeStorage(138)) - The storage directory /home/runner/work/ozone/ozone/hadoop-ozone/integration-test/target/test-dir/MiniOzoneClusterImpl-e6c14afe-f26c-49b2-91d5-3d25694ec971/ozone-meta/datanode-1/ratis/0ac6650d-8361-4de8-afa7-3ed3de2382da does not exist. Creating ...
2025-04-23 04:29:33,918 [7e05a46c-0a2e-4cd7-9b48-a27584e21533-groupManagement] INFO  storage.RaftStorageDirectory (RaftStorageDirectoryImpl.java:tryLock(229)) - Lock on /home/runner/work/ozone/ozone/hadoop-ozone/integration-test/target/test-dir/MiniOzoneClusterImpl-e6c14afe-f26c-49b2-91d5-3d25694ec971/ozone-meta/datanode-1/ratis/0ac6650d-8361-4de8-afa7-3ed3de2382da/in_use.lock acquired by nodename 129558@fv-az1441-587
2025-04-23 04:29:33,919 [7e05a46c-0a2e-4cd7-9b48-a27584e21533-groupManagement] INFO  storage.RaftStorage (RaftStorageImpl.java:format(98)) - Storage directory /home/runner/work/ozone/ozone/hadoop-ozone/integration-test/target/test-dir/MiniOzoneClusterImpl-e6c14afe-f26c-49b2-91d5-3d25694ec971/ozone-meta/datanode-1/ratis/0ac6650d-8361-4de8-afa7-3ed3de2382da has been successfully formatted.
2025-04-23 04:29:33,919 [7e05a46c-0a2e-4cd7-9b48-a27584e21533-groupManagement] INFO  ratis.ContainerStateMachine (ContainerStateMachine.java:initialize(339)) - 7e05a46c-0a2e-4cd7-9b48-a27584e21533: initialize group-3ED3DE2382DA
2025-04-23 04:29:33,919 [7e05a46c-0a2e-4cd7-9b48-a27584e21533-groupManagement] INFO  ratis.ContainerStateMachine (ContainerStateMachine.java:loadSnapshot(347)) - group-3ED3DE2382DA: The snapshot info is null. Setting the last applied index to:(t:0, i:~)
2025-04-23 04:29:33,919 [7e05a46c-0a2e-4cd7-9b48-a27584e21533-groupManagement] INFO  server.RaftServerConfigKeys (ConfUtils.java:logGet(46)) - raft.server.log.use.memory = false (default)
2025-04-23 04:29:33,919 [7e05a46c-0a2e-4cd7-9b48-a27584e21533-groupManagement] INFO  server.RaftServerConfigKeys (ConfUtils.java:logGet(46)) - raft.server.log.purge.gap = 1000000 (custom)
2025-04-23 04:29:33,919 [7e05a46c-0a2e-4cd7-9b48-a27584e21533-groupManagement] INFO  server.RaftServerConfigKeys (ConfUtils.java:logGet(46)) - raft.server.log.appender.buffer.byte-limit = 33554432 (custom)
2025-04-23 04:29:33,920 [7e05a46c-0a2e-4cd7-9b48-a27584e21533-groupManagement] INFO  server.RaftServerConfigKeys (ConfUtils.java:logGet(46)) - raft.server.log.statemachine.data.read.timeout = 1000ms (default)
2025-04-23 04:29:33,920 [7e05a46c-0a2e-4cd7-9b48-a27584e21533-groupManagement] INFO  server.RaftServerConfigKeys (ConfUtils.java:logGet(46)) - raft.server.log.purge.preservation.log.num = 0 (default)
2025-04-23 04:29:33,920 [EventQueue-OpenPipelineForHealthyPipelineSafeModeRule] INFO  safemode.SCMSafeModeManager (HealthyPipelineSafeModeRule.java:process(141)) - SCM in safe mode. Healthy pipelines reported count is 0, required healthy pipeline reported count is 1
2025-04-23 04:29:33,921 [7e05a46c-0a2e-4cd7-9b48-a27584e21533-groupManagement] INFO  server.RaftServerConfigKeys (ConfUtils.java:logGet(46)) - raft.server.log.segment.size.max = 67108864 (custom)
2025-04-23 04:29:33,921 [7e05a46c-0a2e-4cd7-9b48-a27584e21533-groupManagement] INFO  server.RaftServerConfigKeys (ConfUtils.java:logGet(46)) - raft.server.log.segment.cache.num.max = 2 (custom)
2025-04-23 04:29:33,921 [7e05a46c-0a2e-4cd7-9b48-a27584e21533-groupManagement] INFO  server.RaftServerConfigKeys (ConfUtils.java:logGet(46)) - raft.server.log.segment.cache.size.max = 200MB (=209715200) (default)
2025-04-23 04:29:33,921 [7e05a46c-0a2e-4cd7-9b48-a27584e21533-groupManagement] INFO  server.RaftServerConfigKeys (ConfUtils.java:logGet(46)) - raft.server.log.appender.buffer.byte-limit = 33554432 (custom)
2025-04-23 04:29:33,921 [7e05a46c-0a2e-4cd7-9b48-a27584e21533-groupManagement] INFO  util.AwaitToRun (AwaitToRun.java:start(81)) - Thread[#8836,7e05a46c-0a2e-4cd7-9b48-a27584e21533@group-3ED3DE2382DA-cacheEviction-AwaitToRun,5,main] started
2025-04-23 04:29:33,921 [7e05a46c-0a2e-4cd7-9b48-a27584e21533-groupManagement] INFO  segmented.SegmentedRaftLogWorker (SegmentedRaftLogWorker.java:<init>(188)) - new 7e05a46c-0a2e-4cd7-9b48-a27584e21533@group-3ED3DE2382DA-SegmentedRaftLogWorker for RaftStorageImpl:Storage Directory /home/runner/work/ozone/ozone/hadoop-ozone/integration-test/target/test-dir/MiniOzoneClusterImpl-e6c14afe-f26c-49b2-91d5-3d25694ec971/ozone-meta/datanode-1/ratis/0ac6650d-8361-4de8-afa7-3ed3de2382da
2025-04-23 04:29:33,921 [7e05a46c-0a2e-4cd7-9b48-a27584e21533-groupManagement] INFO  server.RaftServerConfigKeys (ConfUtils.java:logGet(46)) - raft.server.log.queue.byte-limit = 4294967296 (custom)
2025-04-23 04:29:33,921 [7e05a46c-0a2e-4cd7-9b48-a27584e21533-groupManagement] INFO  server.RaftServerConfigKeys (ConfUtils.java:logGet(46)) - raft.server.log.queue.element-limit = 1024 (custom)
2025-04-23 04:29:33,921 [7e05a46c-0a2e-4cd7-9b48-a27584e21533-groupManagement] INFO  server.RaftServerConfigKeys (ConfUtils.java:logGet(46)) - raft.server.log.segment.size.max = 67108864 (custom)
2025-04-23 04:29:33,921 [7e05a46c-0a2e-4cd7-9b48-a27584e21533-groupManagement] INFO  server.RaftServerConfigKeys (ConfUtils.java:logGet(46)) - raft.server.log.preallocated.size = 4194304 (custom)
2025-04-23 04:29:33,921 [7e05a46c-0a2e-4cd7-9b48-a27584e21533-groupManagement] INFO  server.RaftServerConfigKeys (ConfUtils.java:logGet(46)) - raft.server.log.force.sync.num = 128 (default)
2025-04-23 04:29:33,921 [7e05a46c-0a2e-4cd7-9b48-a27584e21533-groupManagement] INFO  server.RaftServerConfigKeys (ConfUtils.java:logGet(46)) - raft.server.log.statemachine.data.sync = true (default)
2025-04-23 04:29:33,921 [7e05a46c-0a2e-4cd7-9b48-a27584e21533-groupManagement] INFO  server.RaftServerConfigKeys (ConfUtils.java:logGet(46)) - raft.server.log.statemachine.data.sync.timeout = 10s (default)
2025-04-23 04:29:33,921 [7e05a46c-0a2e-4cd7-9b48-a27584e21533-groupManagement] INFO  server.RaftServerConfigKeys (ConfUtils.java:logGet(46)) - raft.server.log.statemachine.data.sync.timeout.retry = 30 (custom)
2025-04-23 04:29:33,922 [7e05a46c-0a2e-4cd7-9b48-a27584e21533-groupManagement] INFO  server.RaftServerConfigKeys (ConfUtils.java:logGet(46)) - raft.server.log.write.buffer.size = 33554440 (custom)
2025-04-23 04:29:33,926 [7e05a46c-0a2e-4cd7-9b48-a27584e21533-groupManagement] INFO  server.RaftServerConfigKeys (ConfUtils.java:logGet(46)) - raft.server.log.appender.buffer.byte-limit = 33554432 (custom)
2025-04-23 04:29:33,926 [7e05a46c-0a2e-4cd7-9b48-a27584e21533-groupManagement] INFO  server.RaftServerConfigKeys (ConfUtils.java:logGet(46)) - raft.server.log.unsafe-flush.enabled = false (default)
2025-04-23 04:29:33,926 [7e05a46c-0a2e-4cd7-9b48-a27584e21533-groupManagement] INFO  server.RaftServerConfigKeys (ConfUtils.java:logGet(46)) - raft.server.log.async-flush.enabled = false (default)
2025-04-23 04:29:33,926 [7e05a46c-0a2e-4cd7-9b48-a27584e21533-groupManagement] INFO  server.RaftServerConfigKeys (ConfUtils.java:logGet(46)) - raft.server.log.statemachine.data.caching.enabled = true (custom)
2025-04-23 04:29:33,926 [7e05a46c-0a2e-4cd7-9b48-a27584e21533-groupManagement] INFO  segmented.SegmentedRaftLogWorker (SegmentedRaftLogWorker.java:lambda$new$0(139)) - 7e05a46c-0a2e-4cd7-9b48-a27584e21533@group-3ED3DE2382DA-SegmentedRaftLogWorker: flushIndex: setUnconditionally 0 -> -1
2025-04-23 04:29:33,926 [7e05a46c-0a2e-4cd7-9b48-a27584e21533-groupManagement] INFO  segmented.SegmentedRaftLogWorker (SegmentedRaftLogWorker.java:lambda$new$0(139)) - 7e05a46c-0a2e-4cd7-9b48-a27584e21533@group-3ED3DE2382DA-SegmentedRaftLogWorker: safeCacheEvictIndex: setUnconditionally 0 -> -1
2025-04-23 04:29:33,926 [7e05a46c-0a2e-4cd7-9b48-a27584e21533-groupManagement] INFO  server.RaftServer$Division (RaftServerImpl.java:start(391)) - 7e05a46c-0a2e-4cd7-9b48-a27584e21533@group-3ED3DE2382DA: start as a follower, conf=conf: {index: -1, cur=peers:[8886420c-3c5d-4daa-85e6-40ee88a9c75a|127.0.0.1:15073, 7e05a46c-0a2e-4cd7-9b48-a27584e21533|127.0.0.1:15065, 3650021b-da01-4d18-aa96-198e06a80749|127.0.0.1:15081]|listeners:[], old=null}
2025-04-23 04:29:33,926 [7e05a46c-0a2e-4cd7-9b48-a27584e21533-groupManagement] INFO  server.RaftServer$Division (RaftServerImpl.java:setRole(378)) - 7e05a46c-0a2e-4cd7-9b48-a27584e21533@group-3ED3DE2382DA: changes role from      null to FOLLOWER at term 0 for startAsFollower
2025-04-23 04:29:33,926 [7e05a46c-0a2e-4cd7-9b48-a27584e21533-groupManagement] INFO  impl.RoleInfo (RoleInfo.java:updateAndGet(148)) - 7e05a46c-0a2e-4cd7-9b48-a27584e21533: start 7e05a46c-0a2e-4cd7-9b48-a27584e21533@group-3ED3DE2382DA-FollowerState
2025-04-23 04:29:33,927 [7e05a46c-0a2e-4cd7-9b48-a27584e21533@group-3ED3DE2382DA-FollowerState] INFO  server.RaftServerConfigKeys (ConfUtils.java:logGet(46)) - raft.server.rpc.first-election.timeout.min = 1000ms (custom)
2025-04-23 04:29:33,927 [7e05a46c-0a2e-4cd7-9b48-a27584e21533@group-3ED3DE2382DA-FollowerState] INFO  server.RaftServerConfigKeys (ConfUtils.java:logGet(46)) - raft.server.rpc.first-election.timeout.max = 1200ms (custom)
2025-04-23 04:29:33,927 [7e05a46c-0a2e-4cd7-9b48-a27584e21533-groupManagement] INFO  util.JmxRegister (JmxRegister.java:tryRegister(44)) - Successfully registered JMX Bean with object name Ratis:service=RaftServer,group=group-3ED3DE2382DA,id=7e05a46c-0a2e-4cd7-9b48-a27584e21533
2025-04-23 04:29:33,927 [7e05a46c-0a2e-4cd7-9b48-a27584e21533-groupManagement] INFO  util.JmxRegister (JmxRegister.java:register(58)) - register mxBean class org.apache.ratis.server.impl.RaftServerJmxAdapter as Ratis:service=RaftServer,group=group-3ED3DE2382DA,id=7e05a46c-0a2e-4cd7-9b48-a27584e21533
2025-04-23 04:29:33,927 [7e05a46c-0a2e-4cd7-9b48-a27584e21533-groupManagement] INFO  server.RaftServerConfigKeys (ConfUtils.java:logGet(46)) - raft.server.snapshot.trigger-when-stop.enabled = true (default)
2025-04-23 04:29:33,927 [7e05a46c-0a2e-4cd7-9b48-a27584e21533-groupManagement] INFO  server.RaftServerConfigKeys (ConfUtils.java:logGet(46)) - raft.server.snapshot.trigger-when-remove.enabled = true (default)
2025-04-23 04:29:33,927 [7e05a46c-0a2e-4cd7-9b48-a27584e21533-groupManagement] INFO  server.RaftServerConfigKeys (ConfUtils.java:logGet(46)) - raft.server.snapshot.auto.trigger.enabled = true (custom)
2025-04-23 04:29:33,927 [7e05a46c-0a2e-4cd7-9b48-a27584e21533-groupManagement] INFO  server.RaftServerConfigKeys (ConfUtils.java:logGet(46)) - raft.server.snapshot.auto.trigger.threshold = 100000 (custom)
2025-04-23 04:29:33,927 [7e05a46c-0a2e-4cd7-9b48-a27584e21533-groupManagement] INFO  server.RaftServerConfigKeys (ConfUtils.java:logGet(46)) - raft.server.snapshot.retention.file.num = 5 (custom)
2025-04-23 04:29:33,927 [7e05a46c-0a2e-4cd7-9b48-a27584e21533-groupManagement] INFO  server.RaftServerConfigKeys (ConfUtils.java:logGet(46)) - raft.server.log.purge.upto.snapshot.index = false (default)
2025-04-23 04:29:33,928 [7e05a46c-0a2e-4cd7-9b48-a27584e21533-groupManagement] INFO  server.RaftServer$Division (RaftServerImpl.java:start(405)) - 7e05a46c-0a2e-4cd7-9b48-a27584e21533@group-3ED3DE2382DA: Successfully started.
2025-04-23 04:29:33,928 [7e05a46c-0a2e-4cd7-9b48-a27584e21533-PipelineCommandHandlerThread-0] INFO  ratis.XceiverServerRatis (XceiverServerRatis.java:addGroup(842)) - Created group PipelineID=0ac6650d-8361-4de8-afa7-3ed3de2382da
2025-04-23 04:29:33,933 [grpc-default-executor-4] INFO  server.RaftServer (RaftServerProxy.java:addNew(100)) - 8886420c-3c5d-4daa-85e6-40ee88a9c75a: addNew group-3ED3DE2382DA:[8886420c-3c5d-4daa-85e6-40ee88a9c75a|127.0.0.1:15073, 7e05a46c-0a2e-4cd7-9b48-a27584e21533|127.0.0.1:15065, 3650021b-da01-4d18-aa96-198e06a80749|127.0.0.1:15081] returns group-3ED3DE2382DA:java.util.concurrent.CompletableFuture@662dc9ea[Not completed]
2025-04-23 04:29:33,935 [8886420c-3c5d-4daa-85e6-40ee88a9c75a-groupManagement] INFO  server.RaftServer$Division (RaftServerImpl.java:<init>(255)) - 8886420c-3c5d-4daa-85e6-40ee88a9c75a: new RaftServerImpl for group-3ED3DE2382DA:[8886420c-3c5d-4daa-85e6-40ee88a9c75a|127.0.0.1:15073, 7e05a46c-0a2e-4cd7-9b48-a27584e21533|127.0.0.1:15065, 3650021b-da01-4d18-aa96-198e06a80749|127.0.0.1:15081] with ContainerStateMachine:uninitialized
2025-04-23 04:29:33,935 [8886420c-3c5d-4daa-85e6-40ee88a9c75a-groupManagement] INFO  server.RaftServerConfigKeys (ConfUtils.java:logGet(46)) - raft.server.rpc.timeout.min = 5s (custom)
2025-04-23 04:29:33,935 [8886420c-3c5d-4daa-85e6-40ee88a9c75a-groupManagement] INFO  server.RaftServerConfigKeys (ConfUtils.java:logGet(46)) - raft.server.rpc.timeout.max = 5200ms (custom)
2025-04-23 04:29:33,936 [8886420c-3c5d-4daa-85e6-40ee88a9c75a-groupManagement] INFO  server.RaftServerConfigKeys (ConfUtils.java:logGet(46)) - raft.server.rpc.sleep.time = 25ms (default)
2025-04-23 04:29:33,936 [8886420c-3c5d-4daa-85e6-40ee88a9c75a-groupManagement] INFO  server.RaftServerConfigKeys (ConfUtils.java:logGet(46)) - raft.server.rpc.slowness.timeout = 300s (custom)
2025-04-23 04:29:33,936 [8886420c-3c5d-4daa-85e6-40ee88a9c75a-groupManagement] INFO  server.RaftServerConfigKeys (ConfUtils.java:logGet(46)) - raft.server.leaderelection.leader.step-down.wait-time = 10s (default)
2025-04-23 04:29:33,937 [8886420c-3c5d-4daa-85e6-40ee88a9c75a-groupManagement] INFO  server.RaftServerConfigKeys (ConfUtils.java:logGet(46)) - raft.server.leaderelection.member.majority-add = false (default)
2025-04-23 04:29:33,937 [8886420c-3c5d-4daa-85e6-40ee88a9c75a-groupManagement] INFO  server.RaftServerConfigKeys (ConfUtils.java:logGet(46)) - raft.server.sleep.deviation.threshold = 300ms (default)
2025-04-23 04:29:33,937 [8886420c-3c5d-4daa-85e6-40ee88a9c75a-groupManagement] INFO  server.RaftServer$Division (ServerState.java:<init>(114)) - 8886420c-3c5d-4daa-85e6-40ee88a9c75a@group-3ED3DE2382DA: ConfigurationManager, init=conf: {index: -1, cur=peers:[8886420c-3c5d-4daa-85e6-40ee88a9c75a|127.0.0.1:15073, 7e05a46c-0a2e-4cd7-9b48-a27584e21533|127.0.0.1:15065, 3650021b-da01-4d18-aa96-198e06a80749|127.0.0.1:15081]|listeners:[], old=null}, confs=<EMPTY_MAP>
2025-04-23 04:29:33,937 [8886420c-3c5d-4daa-85e6-40ee88a9c75a-groupManagement] INFO  server.RaftServerConfigKeys (ConfUtils.java:logGet(46)) - raft.server.notification.no-leader.timeout = 300s (custom)
2025-04-23 04:29:33,938 [8886420c-3c5d-4daa-85e6-40ee88a9c75a-groupManagement] INFO  server.RaftServerConfigKeys (ConfUtils.java:logGet(46)) - raft.server.read.timeout = 10s (default)
2025-04-23 04:29:33,938 [8886420c-3c5d-4daa-85e6-40ee88a9c75a-groupManagement] INFO  server.RaftServerConfigKeys (ConfUtils.java:logGet(46)) - raft.server.retrycache.expirytime = 600000ms (custom)
2025-04-23 04:29:33,938 [8886420c-3c5d-4daa-85e6-40ee88a9c75a-groupManagement] INFO  server.RaftServerConfigKeys (ConfUtils.java:logGet(46)) - raft.server.retrycache.statistics.expirytime = 100ms (default)
2025-04-23 04:29:33,938 [8886420c-3c5d-4daa-85e6-40ee88a9c75a-groupManagement] INFO  server.RaftServerConfigKeys (ConfUtils.java:logGet(46)) - raft.server.read.option = DEFAULT (default)
2025-04-23 04:29:33,938 [8886420c-3c5d-4daa-85e6-40ee88a9c75a-groupManagement] INFO  server.RaftServerConfigKeys (ConfUtils.java:logGet(46)) - raft.server.read.read-after-write-consistent.write-index-cache.expiry-time = 60s (default)
2025-04-23 04:29:33,941 [8886420c-3c5d-4daa-85e6-40ee88a9c75a-groupManagement] INFO  server.RaftServerConfigKeys (ConfUtils.java:logGet(46)) - raft.server.rpc.request.timeout = 60s (custom)
2025-04-23 04:29:33,941 [8886420c-3c5d-4daa-85e6-40ee88a9c75a-groupManagement] INFO  server.RaftServerConfigKeys (ConfUtils.java:logGet(46)) - raft.server.log.appender.install.snapshot.enabled = false (custom)
2025-04-23 04:29:33,941 [8886420c-3c5d-4daa-85e6-40ee88a9c75a-groupManagement] INFO  server.RaftServerConfigKeys (ConfUtils.java:logGet(46)) - raft.server.threadpool.server.cached = true (default)
2025-04-23 04:29:33,941 [8886420c-3c5d-4daa-85e6-40ee88a9c75a-groupManagement] INFO  server.RaftServerConfigKeys (ConfUtils.java:logGet(46)) - raft.server.threadpool.server.size = 0 (default)
2025-04-23 04:29:33,941 [8886420c-3c5d-4daa-85e6-40ee88a9c75a-groupManagement] INFO  server.RaftServerConfigKeys (ConfUtils.java:logGet(46)) - raft.server.threadpool.client.cached = true (default)
2025-04-23 04:29:33,941 [8886420c-3c5d-4daa-85e6-40ee88a9c75a-groupManagement] INFO  server.RaftServerConfigKeys (ConfUtils.java:logGet(46)) - raft.server.threadpool.client.size = 0 (default)
2025-04-23 04:29:33,941 [8886420c-3c5d-4daa-85e6-40ee88a9c75a-groupManagement] INFO  server.RaftServerConfigKeys (ConfUtils.java:logGet(46)) - raft.server.storage.free-space.min = 0MB (=0) (default)
2025-04-23 04:29:33,941 [8886420c-3c5d-4daa-85e6-40ee88a9c75a-groupManagement] INFO  server.RaftServerConfigKeys (ConfUtils.java:logGet(46)) - raft.server.log.corruption.policy = EXCEPTION (default)
2025-04-23 04:29:33,941 [8886420c-3c5d-4daa-85e6-40ee88a9c75a-groupManagement] INFO  server.RaftServerConfigKeys (ConfUtils.java:logGet(46)) - raft.server.storage.dir = [/home/runner/work/ozone/ozone/hadoop-ozone/integration-test/target/test-dir/MiniOzoneClusterImpl-e6c14afe-f26c-49b2-91d5-3d25694ec971/ozone-meta/datanode-2/ratis] (custom)
2025-04-23 04:29:33,941 [8886420c-3c5d-4daa-85e6-40ee88a9c75a-groupManagement] INFO  storage.RaftStorageDirectory (RaftStorageDirectoryImpl.java:analyzeStorage(138)) - The storage directory /home/runner/work/ozone/ozone/hadoop-ozone/integration-test/target/test-dir/MiniOzoneClusterImpl-e6c14afe-f26c-49b2-91d5-3d25694ec971/ozone-meta/datanode-2/ratis/0ac6650d-8361-4de8-afa7-3ed3de2382da does not exist. Creating ...
2025-04-23 04:29:33,942 [8886420c-3c5d-4daa-85e6-40ee88a9c75a-groupManagement] INFO  storage.RaftStorageDirectory (RaftStorageDirectoryImpl.java:tryLock(229)) - Lock on /home/runner/work/ozone/ozone/hadoop-ozone/integration-test/target/test-dir/MiniOzoneClusterImpl-e6c14afe-f26c-49b2-91d5-3d25694ec971/ozone-meta/datanode-2/ratis/0ac6650d-8361-4de8-afa7-3ed3de2382da/in_use.lock acquired by nodename 129558@fv-az1441-587
2025-04-23 04:29:33,943 [8886420c-3c5d-4daa-85e6-40ee88a9c75a-groupManagement] INFO  storage.RaftStorage (RaftStorageImpl.java:format(98)) - Storage directory /home/runner/work/ozone/ozone/hadoop-ozone/integration-test/target/test-dir/MiniOzoneClusterImpl-e6c14afe-f26c-49b2-91d5-3d25694ec971/ozone-meta/datanode-2/ratis/0ac6650d-8361-4de8-afa7-3ed3de2382da has been successfully formatted.
2025-04-23 04:29:33,944 [8886420c-3c5d-4daa-85e6-40ee88a9c75a-groupManagement] INFO  ratis.ContainerStateMachine (ContainerStateMachine.java:initialize(339)) - 8886420c-3c5d-4daa-85e6-40ee88a9c75a: initialize group-3ED3DE2382DA
2025-04-23 04:29:33,944 [8886420c-3c5d-4daa-85e6-40ee88a9c75a-groupManagement] INFO  ratis.ContainerStateMachine (ContainerStateMachine.java:loadSnapshot(347)) - group-3ED3DE2382DA: The snapshot info is null. Setting the last applied index to:(t:0, i:~)
2025-04-23 04:29:33,944 [8886420c-3c5d-4daa-85e6-40ee88a9c75a-groupManagement] INFO  server.RaftServerConfigKeys (ConfUtils.java:logGet(46)) - raft.server.log.use.memory = false (default)
2025-04-23 04:29:33,944 [8886420c-3c5d-4daa-85e6-40ee88a9c75a-groupManagement] INFO  server.RaftServerConfigKeys (ConfUtils.java:logGet(46)) - raft.server.log.purge.gap = 1000000 (custom)
2025-04-23 04:29:33,944 [8886420c-3c5d-4daa-85e6-40ee88a9c75a-groupManagement] INFO  server.RaftServerConfigKeys (ConfUtils.java:logGet(46)) - raft.server.log.appender.buffer.byte-limit = 33554432 (custom)
2025-04-23 04:29:33,944 [8886420c-3c5d-4daa-85e6-40ee88a9c75a-groupManagement] INFO  server.RaftServerConfigKeys (ConfUtils.java:logGet(46)) - raft.server.log.statemachine.data.read.timeout = 1000ms (default)
2025-04-23 04:29:33,944 [8886420c-3c5d-4daa-85e6-40ee88a9c75a-groupManagement] INFO  server.RaftServerConfigKeys (ConfUtils.java:logGet(46)) - raft.server.log.purge.preservation.log.num = 0 (default)
2025-04-23 04:29:33,945 [8886420c-3c5d-4daa-85e6-40ee88a9c75a-groupManagement] INFO  server.RaftServerConfigKeys (ConfUtils.java:logGet(46)) - raft.server.log.segment.size.max = 67108864 (custom)
2025-04-23 04:29:33,945 [8886420c-3c5d-4daa-85e6-40ee88a9c75a-groupManagement] INFO  server.RaftServerConfigKeys (ConfUtils.java:logGet(46)) - raft.server.log.segment.cache.num.max = 2 (custom)
2025-04-23 04:29:33,945 [8886420c-3c5d-4daa-85e6-40ee88a9c75a-groupManagement] INFO  server.RaftServerConfigKeys (ConfUtils.java:logGet(46)) - raft.server.log.segment.cache.size.max = 200MB (=209715200) (default)
2025-04-23 04:29:33,945 [8886420c-3c5d-4daa-85e6-40ee88a9c75a-groupManagement] INFO  server.RaftServerConfigKeys (ConfUtils.java:logGet(46)) - raft.server.log.appender.buffer.byte-limit = 33554432 (custom)
2025-04-23 04:29:33,948 [8886420c-3c5d-4daa-85e6-40ee88a9c75a-groupManagement] INFO  util.AwaitToRun (AwaitToRun.java:start(81)) - Thread[#8840,8886420c-3c5d-4daa-85e6-40ee88a9c75a@group-3ED3DE2382DA-cacheEviction-AwaitToRun,5,main] started
2025-04-23 04:29:33,948 [8886420c-3c5d-4daa-85e6-40ee88a9c75a-groupManagement] INFO  segmented.SegmentedRaftLogWorker (SegmentedRaftLogWorker.java:<init>(188)) - new 8886420c-3c5d-4daa-85e6-40ee88a9c75a@group-3ED3DE2382DA-SegmentedRaftLogWorker for RaftStorageImpl:Storage Directory /home/runner/work/ozone/ozone/hadoop-ozone/integration-test/target/test-dir/MiniOzoneClusterImpl-e6c14afe-f26c-49b2-91d5-3d25694ec971/ozone-meta/datanode-2/ratis/0ac6650d-8361-4de8-afa7-3ed3de2382da
2025-04-23 04:29:33,948 [8886420c-3c5d-4daa-85e6-40ee88a9c75a-groupManagement] INFO  server.RaftServerConfigKeys (ConfUtils.java:logGet(46)) - raft.server.log.queue.byte-limit = 4294967296 (custom)
2025-04-23 04:29:33,948 [8886420c-3c5d-4daa-85e6-40ee88a9c75a-groupManagement] INFO  server.RaftServerConfigKeys (ConfUtils.java:logGet(46)) - raft.server.log.queue.element-limit = 1024 (custom)
2025-04-23 04:29:33,948 [8886420c-3c5d-4daa-85e6-40ee88a9c75a-groupManagement] INFO  server.RaftServerConfigKeys (ConfUtils.java:logGet(46)) - raft.server.log.segment.size.max = 67108864 (custom)
2025-04-23 04:29:33,948 [8886420c-3c5d-4daa-85e6-40ee88a9c75a-groupManagement] INFO  server.RaftServerConfigKeys (ConfUtils.java:logGet(46)) - raft.server.log.preallocated.size = 4194304 (custom)
2025-04-23 04:29:33,949 [8886420c-3c5d-4daa-85e6-40ee88a9c75a-groupManagement] INFO  server.RaftServerConfigKeys (ConfUtils.java:logGet(46)) - raft.server.log.force.sync.num = 128 (default)
2025-04-23 04:29:33,949 [8886420c-3c5d-4daa-85e6-40ee88a9c75a-groupManagement] INFO  server.RaftServerConfigKeys (ConfUtils.java:logGet(46)) - raft.server.log.statemachine.data.sync = true (default)
2025-04-23 04:29:33,949 [8886420c-3c5d-4daa-85e6-40ee88a9c75a-groupManagement] INFO  server.RaftServerConfigKeys (ConfUtils.java:logGet(46)) - raft.server.log.statemachine.data.sync.timeout = 10s (default)
2025-04-23 04:29:33,949 [8886420c-3c5d-4daa-85e6-40ee88a9c75a-groupManagement] INFO  server.RaftServerConfigKeys (ConfUtils.java:logGet(46)) - raft.server.log.statemachine.data.sync.timeout.retry = 30 (custom)
2025-04-23 04:29:33,949 [8886420c-3c5d-4daa-85e6-40ee88a9c75a-groupManagement] INFO  server.RaftServerConfigKeys (ConfUtils.java:logGet(46)) - raft.server.log.write.buffer.size = 33554440 (custom)
2025-04-23 04:29:33,953 [8886420c-3c5d-4daa-85e6-40ee88a9c75a-groupManagement] INFO  server.RaftServerConfigKeys (ConfUtils.java:logGet(46)) - raft.server.log.appender.buffer.byte-limit = 33554432 (custom)
2025-04-23 04:29:33,953 [8886420c-3c5d-4daa-85e6-40ee88a9c75a-groupManagement] INFO  server.RaftServerConfigKeys (ConfUtils.java:logGet(46)) - raft.server.log.unsafe-flush.enabled = false (default)
2025-04-23 04:29:33,953 [8886420c-3c5d-4daa-85e6-40ee88a9c75a-groupManagement] INFO  server.RaftServerConfigKeys (ConfUtils.java:logGet(46)) - raft.server.log.async-flush.enabled = false (default)
2025-04-23 04:29:33,953 [8886420c-3c5d-4daa-85e6-40ee88a9c75a-groupManagement] INFO  server.RaftServerConfigKeys (ConfUtils.java:logGet(46)) - raft.server.log.statemachine.data.caching.enabled = true (custom)
2025-04-23 04:29:33,953 [8886420c-3c5d-4daa-85e6-40ee88a9c75a-groupManagement] INFO  segmented.SegmentedRaftLogWorker (SegmentedRaftLogWorker.java:lambda$new$0(139)) - 8886420c-3c5d-4daa-85e6-40ee88a9c75a@group-3ED3DE2382DA-SegmentedRaftLogWorker: flushIndex: setUnconditionally 0 -> -1
2025-04-23 04:29:33,953 [8886420c-3c5d-4daa-85e6-40ee88a9c75a-groupManagement] INFO  segmented.SegmentedRaftLogWorker (SegmentedRaftLogWorker.java:lambda$new$0(139)) - 8886420c-3c5d-4daa-85e6-40ee88a9c75a@group-3ED3DE2382DA-SegmentedRaftLogWorker: safeCacheEvictIndex: setUnconditionally 0 -> -1
2025-04-23 04:29:33,954 [8886420c-3c5d-4daa-85e6-40ee88a9c75a-groupManagement] INFO  server.RaftServer$Division (RaftServerImpl.java:start(391)) - 8886420c-3c5d-4daa-85e6-40ee88a9c75a@group-3ED3DE2382DA: start as a follower, conf=conf: {index: -1, cur=peers:[8886420c-3c5d-4daa-85e6-40ee88a9c75a|127.0.0.1:15073, 7e05a46c-0a2e-4cd7-9b48-a27584e21533|127.0.0.1:15065, 3650021b-da01-4d18-aa96-198e06a80749|127.0.0.1:15081]|listeners:[], old=null}
2025-04-23 04:29:33,954 [8886420c-3c5d-4daa-85e6-40ee88a9c75a-groupManagement] INFO  server.RaftServer$Division (RaftServerImpl.java:setRole(378)) - 8886420c-3c5d-4daa-85e6-40ee88a9c75a@group-3ED3DE2382DA: changes role from      null to FOLLOWER at term 0 for startAsFollower
2025-04-23 04:29:33,954 [8886420c-3c5d-4daa-85e6-40ee88a9c75a-groupManagement] INFO  impl.RoleInfo (RoleInfo.java:updateAndGet(148)) - 8886420c-3c5d-4daa-85e6-40ee88a9c75a: start 8886420c-3c5d-4daa-85e6-40ee88a9c75a@group-3ED3DE2382DA-FollowerState
2025-04-23 04:29:33,954 [8886420c-3c5d-4daa-85e6-40ee88a9c75a-groupManagement] INFO  util.JmxRegister (JmxRegister.java:tryRegister(44)) - Successfully registered JMX Bean with object name Ratis:service=RaftServer,group=group-3ED3DE2382DA,id=8886420c-3c5d-4daa-85e6-40ee88a9c75a
2025-04-23 04:29:33,954 [8886420c-3c5d-4daa-85e6-40ee88a9c75a-groupManagement] INFO  util.JmxRegister (JmxRegister.java:register(58)) - register mxBean class org.apache.ratis.server.impl.RaftServerJmxAdapter as Ratis:service=RaftServer,group=group-3ED3DE2382DA,id=8886420c-3c5d-4daa-85e6-40ee88a9c75a
2025-04-23 04:29:33,954 [8886420c-3c5d-4daa-85e6-40ee88a9c75a-groupManagement] INFO  server.RaftServerConfigKeys (ConfUtils.java:logGet(46)) - raft.server.snapshot.trigger-when-stop.enabled = true (default)
2025-04-23 04:29:33,954 [8886420c-3c5d-4daa-85e6-40ee88a9c75a-groupManagement] INFO  server.RaftServerConfigKeys (ConfUtils.java:logGet(46)) - raft.server.snapshot.trigger-when-remove.enabled = true (default)
2025-04-23 04:29:33,954 [8886420c-3c5d-4daa-85e6-40ee88a9c75a-groupManagement] INFO  server.RaftServerConfigKeys (ConfUtils.java:logGet(46)) - raft.server.snapshot.auto.trigger.enabled = true (custom)
2025-04-23 04:29:33,954 [8886420c-3c5d-4daa-85e6-40ee88a9c75a-groupManagement] INFO  server.RaftServerConfigKeys (ConfUtils.java:logGet(46)) - raft.server.snapshot.auto.trigger.threshold = 100000 (custom)
2025-04-23 04:29:33,954 [8886420c-3c5d-4daa-85e6-40ee88a9c75a-groupManagement] INFO  server.RaftServerConfigKeys (ConfUtils.java:logGet(46)) - raft.server.snapshot.retention.file.num = 5 (custom)
2025-04-23 04:29:33,954 [8886420c-3c5d-4daa-85e6-40ee88a9c75a-groupManagement] INFO  server.RaftServerConfigKeys (ConfUtils.java:logGet(46)) - raft.server.log.purge.upto.snapshot.index = false (default)
2025-04-23 04:29:33,954 [8886420c-3c5d-4daa-85e6-40ee88a9c75a@group-3ED3DE2382DA-FollowerState] INFO  server.RaftServerConfigKeys (ConfUtils.java:logGet(46)) - raft.server.rpc.first-election.timeout.min = 1000ms (custom)
2025-04-23 04:29:33,954 [8886420c-3c5d-4daa-85e6-40ee88a9c75a@group-3ED3DE2382DA-FollowerState] INFO  server.RaftServerConfigKeys (ConfUtils.java:logGet(46)) - raft.server.rpc.first-election.timeout.max = 1200ms (custom)
2025-04-23 04:29:33,955 [8886420c-3c5d-4daa-85e6-40ee88a9c75a-groupManagement] INFO  server.RaftServer$Division (RaftServerImpl.java:start(405)) - 8886420c-3c5d-4daa-85e6-40ee88a9c75a@group-3ED3DE2382DA: Successfully started.
2025-04-23 04:29:33,960 [grpc-default-executor-4] INFO  server.RaftServer (RaftServerProxy.java:addNew(100)) - 3650021b-da01-4d18-aa96-198e06a80749: addNew group-3ED3DE2382DA:[8886420c-3c5d-4daa-85e6-40ee88a9c75a|127.0.0.1:15073, 7e05a46c-0a2e-4cd7-9b48-a27584e21533|127.0.0.1:15065, 3650021b-da01-4d18-aa96-198e06a80749|127.0.0.1:15081] returns group-3ED3DE2382DA:java.util.concurrent.CompletableFuture@7e8dc11[Not completed]
2025-04-23 04:29:33,962 [3650021b-da01-4d18-aa96-198e06a80749-groupManagement] INFO  server.RaftServer$Division (RaftServerImpl.java:<init>(255)) - 3650021b-da01-4d18-aa96-198e06a80749: new RaftServerImpl for group-3ED3DE2382DA:[8886420c-3c5d-4daa-85e6-40ee88a9c75a|127.0.0.1:15073, 7e05a46c-0a2e-4cd7-9b48-a27584e21533|127.0.0.1:15065, 3650021b-da01-4d18-aa96-198e06a80749|127.0.0.1:15081] with ContainerStateMachine:uninitialized
2025-04-23 04:29:33,962 [3650021b-da01-4d18-aa96-198e06a80749-groupManagement] INFO  server.RaftServerConfigKeys (ConfUtils.java:logGet(46)) - raft.server.rpc.timeout.min = 5s (custom)
2025-04-23 04:29:33,962 [3650021b-da01-4d18-aa96-198e06a80749-groupManagement] INFO  server.RaftServerConfigKeys (ConfUtils.java:logGet(46)) - raft.server.rpc.timeout.max = 5200ms (custom)
2025-04-23 04:29:33,962 [3650021b-da01-4d18-aa96-198e06a80749-groupManagement] INFO  server.RaftServerConfigKeys (ConfUtils.java:logGet(46)) - raft.server.rpc.sleep.time = 25ms (default)
2025-04-23 04:29:33,962 [3650021b-da01-4d18-aa96-198e06a80749-groupManagement] INFO  server.RaftServerConfigKeys (ConfUtils.java:logGet(46)) - raft.server.rpc.slowness.timeout = 300s (custom)
2025-04-23 04:29:33,962 [3650021b-da01-4d18-aa96-198e06a80749-groupManagement] INFO  server.RaftServerConfigKeys (ConfUtils.java:logGet(46)) - raft.server.leaderelection.leader.step-down.wait-time = 10s (default)
2025-04-23 04:29:33,962 [3650021b-da01-4d18-aa96-198e06a80749-groupManagement] INFO  server.RaftServerConfigKeys (ConfUtils.java:logGet(46)) - raft.server.leaderelection.member.majority-add = false (default)
2025-04-23 04:29:33,962 [3650021b-da01-4d18-aa96-198e06a80749-groupManagement] INFO  server.RaftServerConfigKeys (ConfUtils.java:logGet(46)) - raft.server.sleep.deviation.threshold = 300ms (default)
2025-04-23 04:29:33,962 [3650021b-da01-4d18-aa96-198e06a80749-groupManagement] INFO  server.RaftServer$Division (ServerState.java:<init>(114)) - 3650021b-da01-4d18-aa96-198e06a80749@group-3ED3DE2382DA: ConfigurationManager, init=conf: {index: -1, cur=peers:[8886420c-3c5d-4daa-85e6-40ee88a9c75a|127.0.0.1:15073, 7e05a46c-0a2e-4cd7-9b48-a27584e21533|127.0.0.1:15065, 3650021b-da01-4d18-aa96-198e06a80749|127.0.0.1:15081]|listeners:[], old=null}, confs=<EMPTY_MAP>
2025-04-23 04:29:33,962 [3650021b-da01-4d18-aa96-198e06a80749-groupManagement] INFO  server.RaftServerConfigKeys (ConfUtils.java:logGet(46)) - raft.server.notification.no-leader.timeout = 300s (custom)
2025-04-23 04:29:33,962 [3650021b-da01-4d18-aa96-198e06a80749-groupManagement] INFO  server.RaftServerConfigKeys (ConfUtils.java:logGet(46)) - raft.server.read.timeout = 10s (default)
2025-04-23 04:29:33,962 [3650021b-da01-4d18-aa96-198e06a80749-groupManagement] INFO  server.RaftServerConfigKeys (ConfUtils.java:logGet(46)) - raft.server.retrycache.expirytime = 600000ms (custom)
2025-04-23 04:29:33,962 [3650021b-da01-4d18-aa96-198e06a80749-groupManagement] INFO  server.RaftServerConfigKeys (ConfUtils.java:logGet(46)) - raft.server.retrycache.statistics.expirytime = 100ms (default)
2025-04-23 04:29:33,963 [3650021b-da01-4d18-aa96-198e06a80749-groupManagement] INFO  server.RaftServerConfigKeys (ConfUtils.java:logGet(46)) - raft.server.read.option = DEFAULT (default)
2025-04-23 04:29:33,963 [3650021b-da01-4d18-aa96-198e06a80749-groupManagement] INFO  server.RaftServerConfigKeys (ConfUtils.java:logGet(46)) - raft.server.read.read-after-write-consistent.write-index-cache.expiry-time = 60s (default)
2025-04-23 04:29:33,965 [3650021b-da01-4d18-aa96-198e06a80749-groupManagement] INFO  server.RaftServerConfigKeys (ConfUtils.java:logGet(46)) - raft.server.rpc.request.timeout = 60s (custom)
2025-04-23 04:29:33,965 [3650021b-da01-4d18-aa96-198e06a80749-groupManagement] INFO  server.RaftServerConfigKeys (ConfUtils.java:logGet(46)) - raft.server.log.appender.install.snapshot.enabled = false (custom)
2025-04-23 04:29:33,965 [3650021b-da01-4d18-aa96-198e06a80749-groupManagement] INFO  server.RaftServerConfigKeys (ConfUtils.java:logGet(46)) - raft.server.threadpool.server.cached = true (default)
2025-04-23 04:29:33,965 [3650021b-da01-4d18-aa96-198e06a80749-groupManagement] INFO  server.RaftServerConfigKeys (ConfUtils.java:logGet(46)) - raft.server.threadpool.server.size = 0 (default)
2025-04-23 04:29:33,965 [3650021b-da01-4d18-aa96-198e06a80749-groupManagement] INFO  server.RaftServerConfigKeys (ConfUtils.java:logGet(46)) - raft.server.threadpool.client.cached = true (default)
2025-04-23 04:29:33,966 [3650021b-da01-4d18-aa96-198e06a80749-groupManagement] INFO  server.RaftServerConfigKeys (ConfUtils.java:logGet(46)) - raft.server.threadpool.client.size = 0 (default)
2025-04-23 04:29:33,966 [3650021b-da01-4d18-aa96-198e06a80749-groupManagement] INFO  server.RaftServerConfigKeys (ConfUtils.java:logGet(46)) - raft.server.storage.free-space.min = 0MB (=0) (default)
2025-04-23 04:29:33,966 [3650021b-da01-4d18-aa96-198e06a80749-groupManagement] INFO  server.RaftServerConfigKeys (ConfUtils.java:logGet(46)) - raft.server.log.corruption.policy = EXCEPTION (default)
2025-04-23 04:29:33,966 [3650021b-da01-4d18-aa96-198e06a80749-groupManagement] INFO  server.RaftServerConfigKeys (ConfUtils.java:logGet(46)) - raft.server.storage.dir = [/home/runner/work/ozone/ozone/hadoop-ozone/integration-test/target/test-dir/MiniOzoneClusterImpl-e6c14afe-f26c-49b2-91d5-3d25694ec971/ozone-meta/datanode-3/ratis] (custom)
2025-04-23 04:29:33,966 [3650021b-da01-4d18-aa96-198e06a80749-groupManagement] INFO  storage.RaftStorageDirectory (RaftStorageDirectoryImpl.java:analyzeStorage(138)) - The storage directory /home/runner/work/ozone/ozone/hadoop-ozone/integration-test/target/test-dir/MiniOzoneClusterImpl-e6c14afe-f26c-49b2-91d5-3d25694ec971/ozone-meta/datanode-3/ratis/0ac6650d-8361-4de8-afa7-3ed3de2382da does not exist. Creating ...
2025-04-23 04:29:33,967 [3650021b-da01-4d18-aa96-198e06a80749-groupManagement] INFO  storage.RaftStorageDirectory (RaftStorageDirectoryImpl.java:tryLock(229)) - Lock on /home/runner/work/ozone/ozone/hadoop-ozone/integration-test/target/test-dir/MiniOzoneClusterImpl-e6c14afe-f26c-49b2-91d5-3d25694ec971/ozone-meta/datanode-3/ratis/0ac6650d-8361-4de8-afa7-3ed3de2382da/in_use.lock acquired by nodename 129558@fv-az1441-587
2025-04-23 04:29:33,968 [3650021b-da01-4d18-aa96-198e06a80749-groupManagement] INFO  storage.RaftStorage (RaftStorageImpl.java:format(98)) - Storage directory /home/runner/work/ozone/ozone/hadoop-ozone/integration-test/target/test-dir/MiniOzoneClusterImpl-e6c14afe-f26c-49b2-91d5-3d25694ec971/ozone-meta/datanode-3/ratis/0ac6650d-8361-4de8-afa7-3ed3de2382da has been successfully formatted.
2025-04-23 04:29:33,969 [3650021b-da01-4d18-aa96-198e06a80749-groupManagement] INFO  ratis.ContainerStateMachine (ContainerStateMachine.java:initialize(339)) - 3650021b-da01-4d18-aa96-198e06a80749: initialize group-3ED3DE2382DA
2025-04-23 04:29:33,969 [3650021b-da01-4d18-aa96-198e06a80749-groupManagement] INFO  ratis.ContainerStateMachine (ContainerStateMachine.java:loadSnapshot(347)) - group-3ED3DE2382DA: The snapshot info is null. Setting the last applied index to:(t:0, i:~)
2025-04-23 04:29:33,969 [3650021b-da01-4d18-aa96-198e06a80749-groupManagement] INFO  server.RaftServerConfigKeys (ConfUtils.java:logGet(46)) - raft.server.log.use.memory = false (default)
2025-04-23 04:29:33,969 [3650021b-da01-4d18-aa96-198e06a80749-groupManagement] INFO  server.RaftServerConfigKeys (ConfUtils.java:logGet(46)) - raft.server.log.purge.gap = 1000000 (custom)
2025-04-23 04:29:33,969 [3650021b-da01-4d18-aa96-198e06a80749-groupManagement] INFO  server.RaftServerConfigKeys (ConfUtils.java:logGet(46)) - raft.server.log.appender.buffer.byte-limit = 33554432 (custom)
2025-04-23 04:29:33,969 [3650021b-da01-4d18-aa96-198e06a80749-groupManagement] INFO  server.RaftServerConfigKeys (ConfUtils.java:logGet(46)) - raft.server.log.statemachine.data.read.timeout = 1000ms (default)
2025-04-23 04:29:33,969 [3650021b-da01-4d18-aa96-198e06a80749-groupManagement] INFO  server.RaftServerConfigKeys (ConfUtils.java:logGet(46)) - raft.server.log.purge.preservation.log.num = 0 (default)
2025-04-23 04:29:33,970 [3650021b-da01-4d18-aa96-198e06a80749-groupManagement] INFO  server.RaftServerConfigKeys (ConfUtils.java:logGet(46)) - raft.server.log.segment.size.max = 67108864 (custom)
2025-04-23 04:29:33,971 [3650021b-da01-4d18-aa96-198e06a80749-groupManagement] INFO  server.RaftServerConfigKeys (ConfUtils.java:logGet(46)) - raft.server.log.segment.cache.num.max = 2 (custom)
2025-04-23 04:29:33,971 [3650021b-da01-4d18-aa96-198e06a80749-groupManagement] INFO  server.RaftServerConfigKeys (ConfUtils.java:logGet(46)) - raft.server.log.segment.cache.size.max = 200MB (=209715200) (default)
2025-04-23 04:29:33,971 [3650021b-da01-4d18-aa96-198e06a80749-groupManagement] INFO  server.RaftServerConfigKeys (ConfUtils.java:logGet(46)) - raft.server.log.appender.buffer.byte-limit = 33554432 (custom)
2025-04-23 04:29:33,971 [3650021b-da01-4d18-aa96-198e06a80749-groupManagement] INFO  util.AwaitToRun (AwaitToRun.java:start(81)) - Thread[#8847,3650021b-da01-4d18-aa96-198e06a80749@group-3ED3DE2382DA-cacheEviction-AwaitToRun,5,main] started
2025-04-23 04:29:33,971 [3650021b-da01-4d18-aa96-198e06a80749-groupManagement] INFO  segmented.SegmentedRaftLogWorker (SegmentedRaftLogWorker.java:<init>(188)) - new 3650021b-da01-4d18-aa96-198e06a80749@group-3ED3DE2382DA-SegmentedRaftLogWorker for RaftStorageImpl:Storage Directory /home/runner/work/ozone/ozone/hadoop-ozone/integration-test/target/test-dir/MiniOzoneClusterImpl-e6c14afe-f26c-49b2-91d5-3d25694ec971/ozone-meta/datanode-3/ratis/0ac6650d-8361-4de8-afa7-3ed3de2382da
2025-04-23 04:29:33,971 [3650021b-da01-4d18-aa96-198e06a80749-groupManagement] INFO  server.RaftServerConfigKeys (ConfUtils.java:logGet(46)) - raft.server.log.queue.byte-limit = 4294967296 (custom)
2025-04-23 04:29:33,971 [3650021b-da01-4d18-aa96-198e06a80749-groupManagement] INFO  server.RaftServerConfigKeys (ConfUtils.java:logGet(46)) - raft.server.log.queue.element-limit = 1024 (custom)
2025-04-23 04:29:33,971 [3650021b-da01-4d18-aa96-198e06a80749-groupManagement] INFO  server.RaftServerConfigKeys (ConfUtils.java:logGet(46)) - raft.server.log.segment.size.max = 67108864 (custom)
2025-04-23 04:29:33,971 [3650021b-da01-4d18-aa96-198e06a80749-groupManagement] INFO  server.RaftServerConfigKeys (ConfUtils.java:logGet(46)) - raft.server.log.preallocated.size = 4194304 (custom)
2025-04-23 04:29:33,971 [3650021b-da01-4d18-aa96-198e06a80749-groupManagement] INFO  server.RaftServerConfigKeys (ConfUtils.java:logGet(46)) - raft.server.log.force.sync.num = 128 (default)
2025-04-23 04:29:33,971 [3650021b-da01-4d18-aa96-198e06a80749-groupManagement] INFO  server.RaftServerConfigKeys (ConfUtils.java:logGet(46)) - raft.server.log.statemachine.data.sync = true (default)
2025-04-23 04:29:33,971 [3650021b-da01-4d18-aa96-198e06a80749-groupManagement] INFO  server.RaftServerConfigKeys (ConfUtils.java:logGet(46)) - raft.server.log.statemachine.data.sync.timeout = 10s (default)
2025-04-23 04:29:33,971 [3650021b-da01-4d18-aa96-198e06a80749-groupManagement] INFO  server.RaftServerConfigKeys (ConfUtils.java:logGet(46)) - raft.server.log.statemachine.data.sync.timeout.retry = 30 (custom)
2025-04-23 04:29:33,972 [3650021b-da01-4d18-aa96-198e06a80749-groupManagement] INFO  server.RaftServerConfigKeys (ConfUtils.java:logGet(46)) - raft.server.log.write.buffer.size = 33554440 (custom)
2025-04-23 04:29:33,977 [3650021b-da01-4d18-aa96-198e06a80749-groupManagement] INFO  server.RaftServerConfigKeys (ConfUtils.java:logGet(46)) - raft.server.log.appender.buffer.byte-limit = 33554432 (custom)
2025-04-23 04:29:33,978 [3650021b-da01-4d18-aa96-198e06a80749-groupManagement] INFO  server.RaftServerConfigKeys (ConfUtils.java:logGet(46)) - raft.server.log.unsafe-flush.enabled = false (default)
2025-04-23 04:29:33,978 [3650021b-da01-4d18-aa96-198e06a80749-groupManagement] INFO  server.RaftServerConfigKeys (ConfUtils.java:logGet(46)) - raft.server.log.async-flush.enabled = false (default)
2025-04-23 04:29:33,978 [3650021b-da01-4d18-aa96-198e06a80749-groupManagement] INFO  server.RaftServerConfigKeys (ConfUtils.java:logGet(46)) - raft.server.log.statemachine.data.caching.enabled = true (custom)
2025-04-23 04:29:33,978 [3650021b-da01-4d18-aa96-198e06a80749-groupManagement] INFO  segmented.SegmentedRaftLogWorker (SegmentedRaftLogWorker.java:lambda$new$0(139)) - 3650021b-da01-4d18-aa96-198e06a80749@group-3ED3DE2382DA-SegmentedRaftLogWorker: flushIndex: setUnconditionally 0 -> -1
2025-04-23 04:29:33,978 [3650021b-da01-4d18-aa96-198e06a80749-groupManagement] INFO  segmented.SegmentedRaftLogWorker (SegmentedRaftLogWorker.java:lambda$new$0(139)) - 3650021b-da01-4d18-aa96-198e06a80749@group-3ED3DE2382DA-SegmentedRaftLogWorker: safeCacheEvictIndex: setUnconditionally 0 -> -1
2025-04-23 04:29:33,978 [3650021b-da01-4d18-aa96-198e06a80749-groupManagement] INFO  server.RaftServer$Division (RaftServerImpl.java:start(391)) - 3650021b-da01-4d18-aa96-198e06a80749@group-3ED3DE2382DA: start as a follower, conf=conf: {index: -1, cur=peers:[8886420c-3c5d-4daa-85e6-40ee88a9c75a|127.0.0.1:15073, 7e05a46c-0a2e-4cd7-9b48-a27584e21533|127.0.0.1:15065, 3650021b-da01-4d18-aa96-198e06a80749|127.0.0.1:15081]|listeners:[], old=null}
2025-04-23 04:29:33,978 [3650021b-da01-4d18-aa96-198e06a80749-groupManagement] INFO  server.RaftServer$Division (RaftServerImpl.java:setRole(378)) - 3650021b-da01-4d18-aa96-198e06a80749@group-3ED3DE2382DA: changes role from      null to FOLLOWER at term 0 for startAsFollower
2025-04-23 04:29:33,979 [3650021b-da01-4d18-aa96-198e06a80749-groupManagement] INFO  impl.RoleInfo (RoleInfo.java:updateAndGet(148)) - 3650021b-da01-4d18-aa96-198e06a80749: start 3650021b-da01-4d18-aa96-198e06a80749@group-3ED3DE2382DA-FollowerState
2025-04-23 04:29:33,979 [3650021b-da01-4d18-aa96-198e06a80749@group-3ED3DE2382DA-FollowerState] INFO  server.RaftServerConfigKeys (ConfUtils.java:logGet(46)) - raft.server.rpc.first-election.timeout.min = 1000ms (custom)
2025-04-23 04:29:33,979 [3650021b-da01-4d18-aa96-198e06a80749@group-3ED3DE2382DA-FollowerState] INFO  server.RaftServerConfigKeys (ConfUtils.java:logGet(46)) - raft.server.rpc.first-election.timeout.max = 1200ms (custom)
2025-04-23 04:29:33,979 [3650021b-da01-4d18-aa96-198e06a80749-groupManagement] INFO  util.JmxRegister (JmxRegister.java:tryRegister(44)) - Successfully registered JMX Bean with object name Ratis:service=RaftServer,group=group-3ED3DE2382DA,id=3650021b-da01-4d18-aa96-198e06a80749
2025-04-23 04:29:33,979 [3650021b-da01-4d18-aa96-198e06a80749-groupManagement] INFO  util.JmxRegister (JmxRegister.java:register(58)) - register mxBean class org.apache.ratis.server.impl.RaftServerJmxAdapter as Ratis:service=RaftServer,group=group-3ED3DE2382DA,id=3650021b-da01-4d18-aa96-198e06a80749
2025-04-23 04:29:33,979 [3650021b-da01-4d18-aa96-198e06a80749-groupManagement] INFO  server.RaftServerConfigKeys (ConfUtils.java:logGet(46)) - raft.server.snapshot.trigger-when-stop.enabled = true (default)
2025-04-23 04:29:33,979 [3650021b-da01-4d18-aa96-198e06a80749-groupManagement] INFO  server.RaftServerConfigKeys (ConfUtils.java:logGet(46)) - raft.server.snapshot.trigger-when-remove.enabled = true (default)
2025-04-23 04:29:33,979 [3650021b-da01-4d18-aa96-198e06a80749-groupManagement] INFO  server.RaftServerConfigKeys (ConfUtils.java:logGet(46)) - raft.server.snapshot.auto.trigger.enabled = true (custom)
2025-04-23 04:29:33,979 [3650021b-da01-4d18-aa96-198e06a80749-groupManagement] INFO  server.RaftServerConfigKeys (ConfUtils.java:logGet(46)) - raft.server.snapshot.auto.trigger.threshold = 100000 (custom)
2025-04-23 04:29:33,979 [3650021b-da01-4d18-aa96-198e06a80749-groupManagement] INFO  server.RaftServerConfigKeys (ConfUtils.java:logGet(46)) - raft.server.snapshot.retention.file.num = 5 (custom)
2025-04-23 04:29:33,979 [3650021b-da01-4d18-aa96-198e06a80749-groupManagement] INFO  server.RaftServerConfigKeys (ConfUtils.java:logGet(46)) - raft.server.log.purge.upto.snapshot.index = false (default)
2025-04-23 04:29:33,980 [3650021b-da01-4d18-aa96-198e06a80749-groupManagement] INFO  server.RaftServer$Division (RaftServerImpl.java:start(405)) - 3650021b-da01-4d18-aa96-198e06a80749@group-3ED3DE2382DA: Successfully started.
2025-04-23 04:29:33,982 [7e05a46c-0a2e-4cd7-9b48-a27584e21533-PipelineCommandHandlerThread-0] INFO  commandhandler.CreatePipelineCommandHandler (CreatePipelineCommandHandler.java:lambda$handle$2(128)) - Created Pipeline RATIS THREE PipelineID=0ac6650d-8361-4de8-afa7-3ed3de2382da.
2025-04-23 04:29:34,013 [8886420c-3c5d-4daa-85e6-40ee88a9c75a-PipelineCommandHandlerThread-0] INFO  server.RaftServer (RaftServerProxy.java:addNew(100)) - 8886420c-3c5d-4daa-85e6-40ee88a9c75a: addNew group-69C579264E88:[8886420c-3c5d-4daa-85e6-40ee88a9c75a|127.0.0.1:15073] returns group-69C579264E88:java.util.concurrent.CompletableFuture@173821ba[Not completed]
2025-04-23 04:29:34,015 [8886420c-3c5d-4daa-85e6-40ee88a9c75a-groupManagement] INFO  server.RaftServer$Division (RaftServerImpl.java:<init>(255)) - 8886420c-3c5d-4daa-85e6-40ee88a9c75a: new RaftServerImpl for group-69C579264E88:[8886420c-3c5d-4daa-85e6-40ee88a9c75a|127.0.0.1:15073] with ContainerStateMachine:uninitialized
2025-04-23 04:29:34,015 [8886420c-3c5d-4daa-85e6-40ee88a9c75a-groupManagement] INFO  server.RaftServerConfigKeys (ConfUtils.java:logGet(46)) - raft.server.rpc.timeout.min = 5s (custom)
2025-04-23 04:29:34,015 [8886420c-3c5d-4daa-85e6-40ee88a9c75a-groupManagement] INFO  server.RaftServerConfigKeys (ConfUtils.java:logGet(46)) - raft.server.rpc.timeout.max = 5200ms (custom)
2025-04-23 04:29:34,015 [8886420c-3c5d-4daa-85e6-40ee88a9c75a-groupManagement] INFO  server.RaftServerConfigKeys (ConfUtils.java:logGet(46)) - raft.server.rpc.sleep.time = 25ms (default)
2025-04-23 04:29:34,015 [8886420c-3c5d-4daa-85e6-40ee88a9c75a-groupManagement] INFO  server.RaftServerConfigKeys (ConfUtils.java:logGet(46)) - raft.server.rpc.slowness.timeout = 300s (custom)
2025-04-23 04:29:34,015 [8886420c-3c5d-4daa-85e6-40ee88a9c75a-groupManagement] INFO  server.RaftServerConfigKeys (ConfUtils.java:logGet(46)) - raft.server.leaderelection.leader.step-down.wait-time = 10s (default)
2025-04-23 04:29:34,015 [8886420c-3c5d-4daa-85e6-40ee88a9c75a-groupManagement] INFO  server.RaftServerConfigKeys (ConfUtils.java:logGet(46)) - raft.server.leaderelection.member.majority-add = false (default)
2025-04-23 04:29:34,015 [8886420c-3c5d-4daa-85e6-40ee88a9c75a-groupManagement] INFO  server.RaftServerConfigKeys (ConfUtils.java:logGet(46)) - raft.server.sleep.deviation.threshold = 300ms (default)
2025-04-23 04:29:34,015 [8886420c-3c5d-4daa-85e6-40ee88a9c75a-groupManagement] INFO  server.RaftServer$Division (ServerState.java:<init>(114)) - 8886420c-3c5d-4daa-85e6-40ee88a9c75a@group-69C579264E88: ConfigurationManager, init=conf: {index: -1, cur=peers:[8886420c-3c5d-4daa-85e6-40ee88a9c75a|127.0.0.1:15073]|listeners:[], old=null}, confs=<EMPTY_MAP>
2025-04-23 04:29:34,015 [8886420c-3c5d-4daa-85e6-40ee88a9c75a-groupManagement] INFO  server.RaftServerConfigKeys (ConfUtils.java:logGet(46)) - raft.server.notification.no-leader.timeout = 300s (custom)
2025-04-23 04:29:34,015 [8886420c-3c5d-4daa-85e6-40ee88a9c75a-groupManagement] INFO  server.RaftServerConfigKeys (ConfUtils.java:logGet(46)) - raft.server.read.timeout = 10s (default)
2025-04-23 04:29:34,015 [8886420c-3c5d-4daa-85e6-40ee88a9c75a-groupManagement] INFO  server.RaftServerConfigKeys (ConfUtils.java:logGet(46)) - raft.server.retrycache.expirytime = 600000ms (custom)
2025-04-23 04:29:34,015 [8886420c-3c5d-4daa-85e6-40ee88a9c75a-groupManagement] INFO  server.RaftServerConfigKeys (ConfUtils.java:logGet(46)) - raft.server.retrycache.statistics.expirytime = 100ms (default)
2025-04-23 04:29:34,015 [8886420c-3c5d-4daa-85e6-40ee88a9c75a-groupManagement] INFO  server.RaftServerConfigKeys (ConfUtils.java:logGet(46)) - raft.server.read.option = DEFAULT (default)
2025-04-23 04:29:34,015 [8886420c-3c5d-4daa-85e6-40ee88a9c75a-groupManagement] INFO  server.RaftServerConfigKeys (ConfUtils.java:logGet(46)) - raft.server.read.read-after-write-consistent.write-index-cache.expiry-time = 60s (default)
2025-04-23 04:29:34,017 [8886420c-3c5d-4daa-85e6-40ee88a9c75a-groupManagement] INFO  server.RaftServerConfigKeys (ConfUtils.java:logGet(46)) - raft.server.rpc.request.timeout = 60s (custom)
2025-04-23 04:29:34,018 [8886420c-3c5d-4daa-85e6-40ee88a9c75a-groupManagement] INFO  server.RaftServerConfigKeys (ConfUtils.java:logGet(46)) - raft.server.log.appender.install.snapshot.enabled = false (custom)
2025-04-23 04:29:34,018 [8886420c-3c5d-4daa-85e6-40ee88a9c75a-groupManagement] INFO  server.RaftServerConfigKeys (ConfUtils.java:logGet(46)) - raft.server.threadpool.server.cached = true (default)
2025-04-23 04:29:34,018 [8886420c-3c5d-4daa-85e6-40ee88a9c75a-groupManagement] INFO  server.RaftServerConfigKeys (ConfUtils.java:logGet(46)) - raft.server.threadpool.server.size = 0 (default)
2025-04-23 04:29:34,018 [8886420c-3c5d-4daa-85e6-40ee88a9c75a-groupManagement] INFO  server.RaftServerConfigKeys (ConfUtils.java:logGet(46)) - raft.server.threadpool.client.cached = true (default)
2025-04-23 04:29:34,018 [8886420c-3c5d-4daa-85e6-40ee88a9c75a-groupManagement] INFO  server.RaftServerConfigKeys (ConfUtils.java:logGet(46)) - raft.server.threadpool.client.size = 0 (default)
2025-04-23 04:29:34,018 [8886420c-3c5d-4daa-85e6-40ee88a9c75a-groupManagement] INFO  server.RaftServerConfigKeys (ConfUtils.java:logGet(46)) - raft.server.storage.free-space.min = 0MB (=0) (default)
2025-04-23 04:29:34,018 [8886420c-3c5d-4daa-85e6-40ee88a9c75a-groupManagement] INFO  server.RaftServerConfigKeys (ConfUtils.java:logGet(46)) - raft.server.log.corruption.policy = EXCEPTION (default)
2025-04-23 04:29:34,018 [8886420c-3c5d-4daa-85e6-40ee88a9c75a-groupManagement] INFO  server.RaftServerConfigKeys (ConfUtils.java:logGet(46)) - raft.server.storage.dir = [/home/runner/work/ozone/ozone/hadoop-ozone/integration-test/target/test-dir/MiniOzoneClusterImpl-e6c14afe-f26c-49b2-91d5-3d25694ec971/ozone-meta/datanode-2/ratis] (custom)
2025-04-23 04:29:34,018 [8886420c-3c5d-4daa-85e6-40ee88a9c75a-groupManagement] INFO  storage.RaftStorageDirectory (RaftStorageDirectoryImpl.java:analyzeStorage(138)) - The storage directory /home/runner/work/ozone/ozone/hadoop-ozone/integration-test/target/test-dir/MiniOzoneClusterImpl-e6c14afe-f26c-49b2-91d5-3d25694ec971/ozone-meta/datanode-2/ratis/d97d70e8-a727-4d4b-aacb-69c579264e88 does not exist. Creating ...
2025-04-23 04:29:34,019 [8886420c-3c5d-4daa-85e6-40ee88a9c75a-groupManagement] INFO  storage.RaftStorageDirectory (RaftStorageDirectoryImpl.java:tryLock(229)) - Lock on /home/runner/work/ozone/ozone/hadoop-ozone/integration-test/target/test-dir/MiniOzoneClusterImpl-e6c14afe-f26c-49b2-91d5-3d25694ec971/ozone-meta/datanode-2/ratis/d97d70e8-a727-4d4b-aacb-69c579264e88/in_use.lock acquired by nodename 129558@fv-az1441-587
2025-04-23 04:29:34,020 [8886420c-3c5d-4daa-85e6-40ee88a9c75a-groupManagement] INFO  storage.RaftStorage (RaftStorageImpl.java:format(98)) - Storage directory /home/runner/work/ozone/ozone/hadoop-ozone/integration-test/target/test-dir/MiniOzoneClusterImpl-e6c14afe-f26c-49b2-91d5-3d25694ec971/ozone-meta/datanode-2/ratis/d97d70e8-a727-4d4b-aacb-69c579264e88 has been successfully formatted.
2025-04-23 04:29:34,020 [8886420c-3c5d-4daa-85e6-40ee88a9c75a-groupManagement] INFO  ratis.ContainerStateMachine (ContainerStateMachine.java:initialize(339)) - 8886420c-3c5d-4daa-85e6-40ee88a9c75a: initialize group-69C579264E88
2025-04-23 04:29:34,020 [8886420c-3c5d-4daa-85e6-40ee88a9c75a-groupManagement] INFO  ratis.ContainerStateMachine (ContainerStateMachine.java:loadSnapshot(347)) - group-69C579264E88: The snapshot info is null. Setting the last applied index to:(t:0, i:~)
2025-04-23 04:29:34,020 [8886420c-3c5d-4daa-85e6-40ee88a9c75a-groupManagement] INFO  server.RaftServerConfigKeys (ConfUtils.java:logGet(46)) - raft.server.log.use.memory = false (default)
2025-04-23 04:29:34,020 [8886420c-3c5d-4daa-85e6-40ee88a9c75a-groupManagement] INFO  server.RaftServerConfigKeys (ConfUtils.java:logGet(46)) - raft.server.log.purge.gap = 1000000 (custom)
2025-04-23 04:29:34,021 [8886420c-3c5d-4daa-85e6-40ee88a9c75a-groupManagement] INFO  server.RaftServerConfigKeys (ConfUtils.java:logGet(46)) - raft.server.log.appender.buffer.byte-limit = 33554432 (custom)
2025-04-23 04:29:34,021 [8886420c-3c5d-4daa-85e6-40ee88a9c75a-groupManagement] INFO  server.RaftServerConfigKeys (ConfUtils.java:logGet(46)) - raft.server.log.statemachine.data.read.timeout = 1000ms (default)
2025-04-23 04:29:34,021 [8886420c-3c5d-4daa-85e6-40ee88a9c75a-groupManagement] INFO  server.RaftServerConfigKeys (ConfUtils.java:logGet(46)) - raft.server.log.purge.preservation.log.num = 0 (default)
2025-04-23 04:29:34,022 [8886420c-3c5d-4daa-85e6-40ee88a9c75a-groupManagement] INFO  server.RaftServerConfigKeys (ConfUtils.java:logGet(46)) - raft.server.log.segment.size.max = 67108864 (custom)
2025-04-23 04:29:34,022 [8886420c-3c5d-4daa-85e6-40ee88a9c75a-groupManagement] INFO  server.RaftServerConfigKeys (ConfUtils.java:logGet(46)) - raft.server.log.segment.cache.num.max = 2 (custom)
2025-04-23 04:29:34,022 [8886420c-3c5d-4daa-85e6-40ee88a9c75a-groupManagement] INFO  server.RaftServerConfigKeys (ConfUtils.java:logGet(46)) - raft.server.log.segment.cache.size.max = 200MB (=209715200) (default)
2025-04-23 04:29:34,022 [8886420c-3c5d-4daa-85e6-40ee88a9c75a-groupManagement] INFO  server.RaftServerConfigKeys (ConfUtils.java:logGet(46)) - raft.server.log.appender.buffer.byte-limit = 33554432 (custom)
2025-04-23 04:29:34,022 [8886420c-3c5d-4daa-85e6-40ee88a9c75a-groupManagement] INFO  util.AwaitToRun (AwaitToRun.java:start(81)) - Thread[#8855,8886420c-3c5d-4daa-85e6-40ee88a9c75a@group-69C579264E88-cacheEviction-AwaitToRun,5,main] started
2025-04-23 04:29:34,022 [8886420c-3c5d-4daa-85e6-40ee88a9c75a-groupManagement] INFO  segmented.SegmentedRaftLogWorker (SegmentedRaftLogWorker.java:<init>(188)) - new 8886420c-3c5d-4daa-85e6-40ee88a9c75a@group-69C579264E88-SegmentedRaftLogWorker for RaftStorageImpl:Storage Directory /home/runner/work/ozone/ozone/hadoop-ozone/integration-test/target/test-dir/MiniOzoneClusterImpl-e6c14afe-f26c-49b2-91d5-3d25694ec971/ozone-meta/datanode-2/ratis/d97d70e8-a727-4d4b-aacb-69c579264e88
2025-04-23 04:29:34,022 [8886420c-3c5d-4daa-85e6-40ee88a9c75a-groupManagement] INFO  server.RaftServerConfigKeys (ConfUtils.java:logGet(46)) - raft.server.log.queue.byte-limit = 4294967296 (custom)
2025-04-23 04:29:34,022 [8886420c-3c5d-4daa-85e6-40ee88a9c75a-groupManagement] INFO  server.RaftServerConfigKeys (ConfUtils.java:logGet(46)) - raft.server.log.queue.element-limit = 1024 (custom)
2025-04-23 04:29:34,022 [8886420c-3c5d-4daa-85e6-40ee88a9c75a-groupManagement] INFO  server.RaftServerConfigKeys (ConfUtils.java:logGet(46)) - raft.server.log.segment.size.max = 67108864 (custom)
2025-04-23 04:29:34,022 [8886420c-3c5d-4daa-85e6-40ee88a9c75a-groupManagement] INFO  server.RaftServerConfigKeys (ConfUtils.java:logGet(46)) - raft.server.log.preallocated.size = 4194304 (custom)
2025-04-23 04:29:34,022 [8886420c-3c5d-4daa-85e6-40ee88a9c75a-groupManagement] INFO  server.RaftServerConfigKeys (ConfUtils.java:logGet(46)) - raft.server.log.force.sync.num = 128 (default)
2025-04-23 04:29:34,022 [8886420c-3c5d-4daa-85e6-40ee88a9c75a-groupManagement] INFO  server.RaftServerConfigKeys (ConfUtils.java:logGet(46)) - raft.server.log.statemachine.data.sync = true (default)
2025-04-23 04:29:34,023 [8886420c-3c5d-4daa-85e6-40ee88a9c75a-groupManagement] INFO  server.RaftServerConfigKeys (ConfUtils.java:logGet(46)) - raft.server.log.statemachine.data.sync.timeout = 10s (default)
2025-04-23 04:29:34,023 [8886420c-3c5d-4daa-85e6-40ee88a9c75a-groupManagement] INFO  server.RaftServerConfigKeys (ConfUtils.java:logGet(46)) - raft.server.log.statemachine.data.sync.timeout.retry = 30 (custom)
2025-04-23 04:29:34,023 [8886420c-3c5d-4daa-85e6-40ee88a9c75a-groupManagement] INFO  server.RaftServerConfigKeys (ConfUtils.java:logGet(46)) - raft.server.log.write.buffer.size = 33554440 (custom)
2025-04-23 04:29:34,025 [1763a5f8-9e33-4e4d-85c9-a44f9db01322@group-3D25694EC971-StateMachineUpdater] INFO  safemode.HealthyPipelineSafeModeRule (HealthyPipelineSafeModeRule.java:initializeRule(174)) - Refreshed total pipeline count is 0, healthy pipeline threshold count is 1
2025-04-23 04:29:34,025 [EventQueue-PipelineReportForPipelineReportHandler] INFO  pipeline.PipelineReportHandler (PipelineReportHandler.java:processPipelineReport(134)) - Opened pipeline PipelineID=d97d70e8-a727-4d4b-aacb-69c579264e88
2025-04-23 04:29:34,025 [EventQueue-OpenPipelineForHealthyPipelineSafeModeRule] INFO  safemode.SCMSafeModeManager (HealthyPipelineSafeModeRule.java:process(141)) - SCM in safe mode. Healthy pipelines reported count is 0, required healthy pipeline reported count is 1
2025-04-23 04:29:34,028 [8886420c-3c5d-4daa-85e6-40ee88a9c75a-groupManagement] INFO  server.RaftServerConfigKeys (ConfUtils.java:logGet(46)) - raft.server.log.appender.buffer.byte-limit = 33554432 (custom)
2025-04-23 04:29:34,028 [8886420c-3c5d-4daa-85e6-40ee88a9c75a-groupManagement] INFO  server.RaftServerConfigKeys (ConfUtils.java:logGet(46)) - raft.server.log.unsafe-flush.enabled = false (default)
2025-04-23 04:29:34,028 [8886420c-3c5d-4daa-85e6-40ee88a9c75a-groupManagement] INFO  server.RaftServerConfigKeys (ConfUtils.java:logGet(46)) - raft.server.log.async-flush.enabled = false (default)
2025-04-23 04:29:34,028 [8886420c-3c5d-4daa-85e6-40ee88a9c75a-groupManagement] INFO  server.RaftServerConfigKeys (ConfUtils.java:logGet(46)) - raft.server.log.statemachine.data.caching.enabled = true (custom)
2025-04-23 04:29:34,028 [8886420c-3c5d-4daa-85e6-40ee88a9c75a-groupManagement] INFO  segmented.SegmentedRaftLogWorker (SegmentedRaftLogWorker.java:lambda$new$0(139)) - 8886420c-3c5d-4daa-85e6-40ee88a9c75a@group-69C579264E88-SegmentedRaftLogWorker: flushIndex: setUnconditionally 0 -> -1
2025-04-23 04:29:34,028 [8886420c-3c5d-4daa-85e6-40ee88a9c75a-groupManagement] INFO  segmented.SegmentedRaftLogWorker (SegmentedRaftLogWorker.java:lambda$new$0(139)) - 8886420c-3c5d-4daa-85e6-40ee88a9c75a@group-69C579264E88-SegmentedRaftLogWorker: safeCacheEvictIndex: setUnconditionally 0 -> -1
2025-04-23 04:29:34,028 [8886420c-3c5d-4daa-85e6-40ee88a9c75a-groupManagement] INFO  server.RaftServer$Division (RaftServerImpl.java:start(391)) - 8886420c-3c5d-4daa-85e6-40ee88a9c75a@group-69C579264E88: start as a follower, conf=conf: {index: -1, cur=peers:[8886420c-3c5d-4daa-85e6-40ee88a9c75a|127.0.0.1:15073]|listeners:[], old=null}
2025-04-23 04:29:34,028 [8886420c-3c5d-4daa-85e6-40ee88a9c75a-groupManagement] INFO  server.RaftServer$Division (RaftServerImpl.java:setRole(378)) - 8886420c-3c5d-4daa-85e6-40ee88a9c75a@group-69C579264E88: changes role from      null to FOLLOWER at term 0 for startAsFollower
2025-04-23 04:29:34,028 [8886420c-3c5d-4daa-85e6-40ee88a9c75a-groupManagement] INFO  impl.RoleInfo (RoleInfo.java:updateAndGet(148)) - 8886420c-3c5d-4daa-85e6-40ee88a9c75a: start 8886420c-3c5d-4daa-85e6-40ee88a9c75a@group-69C579264E88-FollowerState
2025-04-23 04:29:34,029 [8886420c-3c5d-4daa-85e6-40ee88a9c75a-groupManagement] INFO  util.JmxRegister (JmxRegister.java:tryRegister(44)) - Successfully registered JMX Bean with object name Ratis:service=RaftServer,group=group-69C579264E88,id=8886420c-3c5d-4daa-85e6-40ee88a9c75a
2025-04-23 04:29:34,029 [8886420c-3c5d-4daa-85e6-40ee88a9c75a-groupManagement] INFO  util.JmxRegister (JmxRegister.java:register(58)) - register mxBean class org.apache.ratis.server.impl.RaftServerJmxAdapter as Ratis:service=RaftServer,group=group-69C579264E88,id=8886420c-3c5d-4daa-85e6-40ee88a9c75a
2025-04-23 04:29:34,029 [8886420c-3c5d-4daa-85e6-40ee88a9c75a-groupManagement] INFO  server.RaftServerConfigKeys (ConfUtils.java:logGet(46)) - raft.server.snapshot.trigger-when-stop.enabled = true (default)
2025-04-23 04:29:34,029 [8886420c-3c5d-4daa-85e6-40ee88a9c75a-groupManagement] INFO  server.RaftServerConfigKeys (ConfUtils.java:logGet(46)) - raft.server.snapshot.trigger-when-remove.enabled = true (default)
2025-04-23 04:29:34,029 [8886420c-3c5d-4daa-85e6-40ee88a9c75a-groupManagement] INFO  server.RaftServerConfigKeys (ConfUtils.java:logGet(46)) - raft.server.snapshot.auto.trigger.enabled = true (custom)
2025-04-23 04:29:34,029 [8886420c-3c5d-4daa-85e6-40ee88a9c75a-groupManagement] INFO  server.RaftServerConfigKeys (ConfUtils.java:logGet(46)) - raft.server.snapshot.auto.trigger.threshold = 100000 (custom)
2025-04-23 04:29:34,029 [8886420c-3c5d-4daa-85e6-40ee88a9c75a-groupManagement] INFO  server.RaftServerConfigKeys (ConfUtils.java:logGet(46)) - raft.server.snapshot.retention.file.num = 5 (custom)
2025-04-23 04:29:34,029 [8886420c-3c5d-4daa-85e6-40ee88a9c75a-groupManagement] INFO  server.RaftServerConfigKeys (ConfUtils.java:logGet(46)) - raft.server.log.purge.upto.snapshot.index = false (default)
2025-04-23 04:29:34,029 [8886420c-3c5d-4daa-85e6-40ee88a9c75a@group-69C579264E88-FollowerState] INFO  server.RaftServerConfigKeys (ConfUtils.java:logGet(46)) - raft.server.rpc.first-election.timeout.min = 1000ms (custom)
2025-04-23 04:29:34,029 [8886420c-3c5d-4daa-85e6-40ee88a9c75a@group-69C579264E88-FollowerState] INFO  server.RaftServerConfigKeys (ConfUtils.java:logGet(46)) - raft.server.rpc.first-election.timeout.max = 1200ms (custom)
2025-04-23 04:29:34,029 [8886420c-3c5d-4daa-85e6-40ee88a9c75a-groupManagement] INFO  server.RaftServer$Division (RaftServerImpl.java:start(405)) - 8886420c-3c5d-4daa-85e6-40ee88a9c75a@group-69C579264E88: Successfully started.
2025-04-23 04:29:34,029 [8886420c-3c5d-4daa-85e6-40ee88a9c75a-PipelineCommandHandlerThread-0] INFO  ratis.XceiverServerRatis (XceiverServerRatis.java:addGroup(842)) - Created group PipelineID=d97d70e8-a727-4d4b-aacb-69c579264e88
2025-04-23 04:29:34,029 [8886420c-3c5d-4daa-85e6-40ee88a9c75a-PipelineCommandHandlerThread-0] INFO  commandhandler.CreatePipelineCommandHandler (CreatePipelineCommandHandler.java:lambda$handle$2(128)) - Created Pipeline RATIS ONE PipelineID=d97d70e8-a727-4d4b-aacb-69c579264e88.
2025-04-23 04:29:34,215 [3650021b-da01-4d18-aa96-198e06a80749-PipelineCommandHandlerThread-0] INFO  server.RaftServer (RaftServerProxy.java:addNew(100)) - 3650021b-da01-4d18-aa96-198e06a80749: addNew group-975952952CED:[3650021b-da01-4d18-aa96-198e06a80749|127.0.0.1:15081] returns group-975952952CED:java.util.concurrent.CompletableFuture@4be3d11d[Not completed]
2025-04-23 04:29:34,216 [3650021b-da01-4d18-aa96-198e06a80749-groupManagement] INFO  server.RaftServer$Division (RaftServerImpl.java:<init>(255)) - 3650021b-da01-4d18-aa96-198e06a80749: new RaftServerImpl for group-975952952CED:[3650021b-da01-4d18-aa96-198e06a80749|127.0.0.1:15081] with ContainerStateMachine:uninitialized
2025-04-23 04:29:34,216 [3650021b-da01-4d18-aa96-198e06a80749-groupManagement] INFO  server.RaftServerConfigKeys (ConfUtils.java:logGet(46)) - raft.server.rpc.timeout.min = 5s (custom)
2025-04-23 04:29:34,216 [3650021b-da01-4d18-aa96-198e06a80749-groupManagement] INFO  server.RaftServerConfigKeys (ConfUtils.java:logGet(46)) - raft.server.rpc.timeout.max = 5200ms (custom)
2025-04-23 04:29:34,216 [3650021b-da01-4d18-aa96-198e06a80749-groupManagement] INFO  server.RaftServerConfigKeys (ConfUtils.java:logGet(46)) - raft.server.rpc.sleep.time = 25ms (default)
2025-04-23 04:29:34,216 [3650021b-da01-4d18-aa96-198e06a80749-groupManagement] INFO  server.RaftServerConfigKeys (ConfUtils.java:logGet(46)) - raft.server.rpc.slowness.timeout = 300s (custom)
2025-04-23 04:29:34,216 [3650021b-da01-4d18-aa96-198e06a80749-groupManagement] INFO  server.RaftServerConfigKeys (ConfUtils.java:logGet(46)) - raft.server.leaderelection.leader.step-down.wait-time = 10s (default)
2025-04-23 04:29:34,216 [3650021b-da01-4d18-aa96-198e06a80749-groupManagement] INFO  server.RaftServerConfigKeys (ConfUtils.java:logGet(46)) - raft.server.leaderelection.member.majority-add = false (default)
2025-04-23 04:29:34,216 [3650021b-da01-4d18-aa96-198e06a80749-groupManagement] INFO  server.RaftServerConfigKeys (ConfUtils.java:logGet(46)) - raft.server.sleep.deviation.threshold = 300ms (default)
2025-04-23 04:29:34,216 [3650021b-da01-4d18-aa96-198e06a80749-groupManagement] INFO  server.RaftServer$Division (ServerState.java:<init>(114)) - 3650021b-da01-4d18-aa96-198e06a80749@group-975952952CED: ConfigurationManager, init=conf: {index: -1, cur=peers:[3650021b-da01-4d18-aa96-198e06a80749|127.0.0.1:15081]|listeners:[], old=null}, confs=<EMPTY_MAP>
2025-04-23 04:29:34,216 [3650021b-da01-4d18-aa96-198e06a80749-groupManagement] INFO  server.RaftServerConfigKeys (ConfUtils.java:logGet(46)) - raft.server.notification.no-leader.timeout = 300s (custom)
2025-04-23 04:29:34,216 [3650021b-da01-4d18-aa96-198e06a80749-groupManagement] INFO  server.RaftServerConfigKeys (ConfUtils.java:logGet(46)) - raft.server.read.timeout = 10s (default)
2025-04-23 04:29:34,216 [3650021b-da01-4d18-aa96-198e06a80749-groupManagement] INFO  server.RaftServerConfigKeys (ConfUtils.java:logGet(46)) - raft.server.retrycache.expirytime = 600000ms (custom)
2025-04-23 04:29:34,216 [3650021b-da01-4d18-aa96-198e06a80749-groupManagement] INFO  server.RaftServerConfigKeys (ConfUtils.java:logGet(46)) - raft.server.retrycache.statistics.expirytime = 100ms (default)
2025-04-23 04:29:34,216 [3650021b-da01-4d18-aa96-198e06a80749-groupManagement] INFO  server.RaftServerConfigKeys (ConfUtils.java:logGet(46)) - raft.server.read.option = DEFAULT (default)
2025-04-23 04:29:34,216 [3650021b-da01-4d18-aa96-198e06a80749-groupManagement] INFO  server.RaftServerConfigKeys (ConfUtils.java:logGet(46)) - raft.server.read.read-after-write-consistent.write-index-cache.expiry-time = 60s (default)
2025-04-23 04:29:34,218 [3650021b-da01-4d18-aa96-198e06a80749-groupManagement] INFO  server.RaftServerConfigKeys (ConfUtils.java:logGet(46)) - raft.server.rpc.request.timeout = 60s (custom)
2025-04-23 04:29:34,218 [3650021b-da01-4d18-aa96-198e06a80749-groupManagement] INFO  server.RaftServerConfigKeys (ConfUtils.java:logGet(46)) - raft.server.log.appender.install.snapshot.enabled = false (custom)
2025-04-23 04:29:34,218 [3650021b-da01-4d18-aa96-198e06a80749-groupManagement] INFO  server.RaftServerConfigKeys (ConfUtils.java:logGet(46)) - raft.server.threadpool.server.cached = true (default)
2025-04-23 04:29:34,218 [3650021b-da01-4d18-aa96-198e06a80749-groupManagement] INFO  server.RaftServerConfigKeys (ConfUtils.java:logGet(46)) - raft.server.threadpool.server.size = 0 (default)
2025-04-23 04:29:34,218 [3650021b-da01-4d18-aa96-198e06a80749-groupManagement] INFO  server.RaftServerConfigKeys (ConfUtils.java:logGet(46)) - raft.server.threadpool.client.cached = true (default)
2025-04-23 04:29:34,218 [3650021b-da01-4d18-aa96-198e06a80749-groupManagement] INFO  server.RaftServerConfigKeys (ConfUtils.java:logGet(46)) - raft.server.threadpool.client.size = 0 (default)
2025-04-23 04:29:34,218 [3650021b-da01-4d18-aa96-198e06a80749-groupManagement] INFO  server.RaftServerConfigKeys (ConfUtils.java:logGet(46)) - raft.server.storage.free-space.min = 0MB (=0) (default)
2025-04-23 04:29:34,218 [3650021b-da01-4d18-aa96-198e06a80749-groupManagement] INFO  server.RaftServerConfigKeys (ConfUtils.java:logGet(46)) - raft.server.log.corruption.policy = EXCEPTION (default)
2025-04-23 04:29:34,218 [3650021b-da01-4d18-aa96-198e06a80749-groupManagement] INFO  server.RaftServerConfigKeys (ConfUtils.java:logGet(46)) - raft.server.storage.dir = [/home/runner/work/ozone/ozone/hadoop-ozone/integration-test/target/test-dir/MiniOzoneClusterImpl-e6c14afe-f26c-49b2-91d5-3d25694ec971/ozone-meta/datanode-3/ratis] (custom)
2025-04-23 04:29:34,218 [3650021b-da01-4d18-aa96-198e06a80749-groupManagement] INFO  storage.RaftStorageDirectory (RaftStorageDirectoryImpl.java:analyzeStorage(138)) - The storage directory /home/runner/work/ozone/ozone/hadoop-ozone/integration-test/target/test-dir/MiniOzoneClusterImpl-e6c14afe-f26c-49b2-91d5-3d25694ec971/ozone-meta/datanode-3/ratis/fe41d8d9-efaf-431c-a5e9-975952952ced does not exist. Creating ...
2025-04-23 04:29:34,219 [3650021b-da01-4d18-aa96-198e06a80749-groupManagement] INFO  storage.RaftStorageDirectory (RaftStorageDirectoryImpl.java:tryLock(229)) - Lock on /home/runner/work/ozone/ozone/hadoop-ozone/integration-test/target/test-dir/MiniOzoneClusterImpl-e6c14afe-f26c-49b2-91d5-3d25694ec971/ozone-meta/datanode-3/ratis/fe41d8d9-efaf-431c-a5e9-975952952ced/in_use.lock acquired by nodename 129558@fv-az1441-587
2025-04-23 04:29:34,220 [3650021b-da01-4d18-aa96-198e06a80749-groupManagement] INFO  storage.RaftStorage (RaftStorageImpl.java:format(98)) - Storage directory /home/runner/work/ozone/ozone/hadoop-ozone/integration-test/target/test-dir/MiniOzoneClusterImpl-e6c14afe-f26c-49b2-91d5-3d25694ec971/ozone-meta/datanode-3/ratis/fe41d8d9-efaf-431c-a5e9-975952952ced has been successfully formatted.
2025-04-23 04:29:34,221 [3650021b-da01-4d18-aa96-198e06a80749-groupManagement] INFO  ratis.ContainerStateMachine (ContainerStateMachine.java:initialize(339)) - 3650021b-da01-4d18-aa96-198e06a80749: initialize group-975952952CED
2025-04-23 04:29:34,221 [3650021b-da01-4d18-aa96-198e06a80749-groupManagement] INFO  ratis.ContainerStateMachine (ContainerStateMachine.java:loadSnapshot(347)) - group-975952952CED: The snapshot info is null. Setting the last applied index to:(t:0, i:~)
2025-04-23 04:29:34,221 [3650021b-da01-4d18-aa96-198e06a80749-groupManagement] INFO  server.RaftServerConfigKeys (ConfUtils.java:logGet(46)) - raft.server.log.use.memory = false (default)
2025-04-23 04:29:34,221 [3650021b-da01-4d18-aa96-198e06a80749-groupManagement] INFO  server.RaftServerConfigKeys (ConfUtils.java:logGet(46)) - raft.server.log.purge.gap = 1000000 (custom)
2025-04-23 04:29:34,221 [3650021b-da01-4d18-aa96-198e06a80749-groupManagement] INFO  server.RaftServerConfigKeys (ConfUtils.java:logGet(46)) - raft.server.log.appender.buffer.byte-limit = 33554432 (custom)
2025-04-23 04:29:34,221 [3650021b-da01-4d18-aa96-198e06a80749-groupManagement] INFO  server.RaftServerConfigKeys (ConfUtils.java:logGet(46)) - raft.server.log.statemachine.data.read.timeout = 1000ms (default)
2025-04-23 04:29:34,221 [3650021b-da01-4d18-aa96-198e06a80749-groupManagement] INFO  server.RaftServerConfigKeys (ConfUtils.java:logGet(46)) - raft.server.log.purge.preservation.log.num = 0 (default)
2025-04-23 04:29:34,222 [3650021b-da01-4d18-aa96-198e06a80749-groupManagement] INFO  server.RaftServerConfigKeys (ConfUtils.java:logGet(46)) - raft.server.log.segment.size.max = 67108864 (custom)
2025-04-23 04:29:34,222 [3650021b-da01-4d18-aa96-198e06a80749-groupManagement] INFO  server.RaftServerConfigKeys (ConfUtils.java:logGet(46)) - raft.server.log.segment.cache.num.max = 2 (custom)
2025-04-23 04:29:34,222 [3650021b-da01-4d18-aa96-198e06a80749-groupManagement] INFO  server.RaftServerConfigKeys (ConfUtils.java:logGet(46)) - raft.server.log.segment.cache.size.max = 200MB (=209715200) (default)
2025-04-23 04:29:34,222 [3650021b-da01-4d18-aa96-198e06a80749-groupManagement] INFO  server.RaftServerConfigKeys (ConfUtils.java:logGet(46)) - raft.server.log.appender.buffer.byte-limit = 33554432 (custom)
2025-04-23 04:29:34,222 [3650021b-da01-4d18-aa96-198e06a80749-groupManagement] INFO  util.AwaitToRun (AwaitToRun.java:start(81)) - Thread[#8860,3650021b-da01-4d18-aa96-198e06a80749@group-975952952CED-cacheEviction-AwaitToRun,5,main] started
2025-04-23 04:29:34,222 [3650021b-da01-4d18-aa96-198e06a80749-groupManagement] INFO  segmented.SegmentedRaftLogWorker (SegmentedRaftLogWorker.java:<init>(188)) - new 3650021b-da01-4d18-aa96-198e06a80749@group-975952952CED-SegmentedRaftLogWorker for RaftStorageImpl:Storage Directory /home/runner/work/ozone/ozone/hadoop-ozone/integration-test/target/test-dir/MiniOzoneClusterImpl-e6c14afe-f26c-49b2-91d5-3d25694ec971/ozone-meta/datanode-3/ratis/fe41d8d9-efaf-431c-a5e9-975952952ced
2025-04-23 04:29:34,222 [3650021b-da01-4d18-aa96-198e06a80749-groupManagement] INFO  server.RaftServerConfigKeys (ConfUtils.java:logGet(46)) - raft.server.log.queue.byte-limit = 4294967296 (custom)
2025-04-23 04:29:34,222 [3650021b-da01-4d18-aa96-198e06a80749-groupManagement] INFO  server.RaftServerConfigKeys (ConfUtils.java:logGet(46)) - raft.server.log.queue.element-limit = 1024 (custom)
2025-04-23 04:29:34,223 [3650021b-da01-4d18-aa96-198e06a80749-groupManagement] INFO  server.RaftServerConfigKeys (ConfUtils.java:logGet(46)) - raft.server.log.segment.size.max = 67108864 (custom)
2025-04-23 04:29:34,223 [3650021b-da01-4d18-aa96-198e06a80749-groupManagement] INFO  server.RaftServerConfigKeys (ConfUtils.java:logGet(46)) - raft.server.log.preallocated.size = 4194304 (custom)
2025-04-23 04:29:34,223 [3650021b-da01-4d18-aa96-198e06a80749-groupManagement] INFO  server.RaftServerConfigKeys (ConfUtils.java:logGet(46)) - raft.server.log.force.sync.num = 128 (default)
2025-04-23 04:29:34,223 [3650021b-da01-4d18-aa96-198e06a80749-groupManagement] INFO  server.RaftServerConfigKeys (ConfUtils.java:logGet(46)) - raft.server.log.statemachine.data.sync = true (default)
2025-04-23 04:29:34,223 [3650021b-da01-4d18-aa96-198e06a80749-groupManagement] INFO  server.RaftServerConfigKeys (ConfUtils.java:logGet(46)) - raft.server.log.statemachine.data.sync.timeout = 10s (default)
2025-04-23 04:29:34,223 [3650021b-da01-4d18-aa96-198e06a80749-groupManagement] INFO  server.RaftServerConfigKeys (ConfUtils.java:logGet(46)) - raft.server.log.statemachine.data.sync.timeout.retry = 30 (custom)
2025-04-23 04:29:34,223 [3650021b-da01-4d18-aa96-198e06a80749-groupManagement] INFO  server.RaftServerConfigKeys (ConfUtils.java:logGet(46)) - raft.server.log.write.buffer.size = 33554440 (custom)
2025-04-23 04:29:34,225 [1763a5f8-9e33-4e4d-85c9-a44f9db01322@group-3D25694EC971-StateMachineUpdater] INFO  safemode.HealthyPipelineSafeModeRule (HealthyPipelineSafeModeRule.java:initializeRule(174)) - Refreshed total pipeline count is 0, healthy pipeline threshold count is 1
2025-04-23 04:29:34,225 [EventQueue-PipelineReportForPipelineReportHandler] INFO  pipeline.PipelineReportHandler (PipelineReportHandler.java:processPipelineReport(134)) - Opened pipeline PipelineID=fe41d8d9-efaf-431c-a5e9-975952952ced
2025-04-23 04:29:34,225 [EventQueue-OpenPipelineForHealthyPipelineSafeModeRule] INFO  safemode.SCMSafeModeManager (HealthyPipelineSafeModeRule.java:process(141)) - SCM in safe mode. Healthy pipelines reported count is 0, required healthy pipeline reported count is 1
2025-04-23 04:29:34,228 [3650021b-da01-4d18-aa96-198e06a80749-groupManagement] INFO  server.RaftServerConfigKeys (ConfUtils.java:logGet(46)) - raft.server.log.appender.buffer.byte-limit = 33554432 (custom)
2025-04-23 04:29:34,228 [3650021b-da01-4d18-aa96-198e06a80749-groupManagement] INFO  server.RaftServerConfigKeys (ConfUtils.java:logGet(46)) - raft.server.log.unsafe-flush.enabled = false (default)
2025-04-23 04:29:34,228 [3650021b-da01-4d18-aa96-198e06a80749-groupManagement] INFO  server.RaftServerConfigKeys (ConfUtils.java:logGet(46)) - raft.server.log.async-flush.enabled = false (default)
2025-04-23 04:29:34,228 [3650021b-da01-4d18-aa96-198e06a80749-groupManagement] INFO  server.RaftServerConfigKeys (ConfUtils.java:logGet(46)) - raft.server.log.statemachine.data.caching.enabled = true (custom)
2025-04-23 04:29:34,228 [3650021b-da01-4d18-aa96-198e06a80749-groupManagement] INFO  segmented.SegmentedRaftLogWorker (SegmentedRaftLogWorker.java:lambda$new$0(139)) - 3650021b-da01-4d18-aa96-198e06a80749@group-975952952CED-SegmentedRaftLogWorker: flushIndex: setUnconditionally 0 -> -1
2025-04-23 04:29:34,228 [3650021b-da01-4d18-aa96-198e06a80749-groupManagement] INFO  segmented.SegmentedRaftLogWorker (SegmentedRaftLogWorker.java:lambda$new$0(139)) - 3650021b-da01-4d18-aa96-198e06a80749@group-975952952CED-SegmentedRaftLogWorker: safeCacheEvictIndex: setUnconditionally 0 -> -1
2025-04-23 04:29:34,228 [3650021b-da01-4d18-aa96-198e06a80749-groupManagement] INFO  server.RaftServer$Division (RaftServerImpl.java:start(391)) - 3650021b-da01-4d18-aa96-198e06a80749@group-975952952CED: start as a follower, conf=conf: {index: -1, cur=peers:[3650021b-da01-4d18-aa96-198e06a80749|127.0.0.1:15081]|listeners:[], old=null}
2025-04-23 04:29:34,228 [3650021b-da01-4d18-aa96-198e06a80749-groupManagement] INFO  server.RaftServer$Division (RaftServerImpl.java:setRole(378)) - 3650021b-da01-4d18-aa96-198e06a80749@group-975952952CED: changes role from      null to FOLLOWER at term 0 for startAsFollower
2025-04-23 04:29:34,228 [3650021b-da01-4d18-aa96-198e06a80749-groupManagement] INFO  impl.RoleInfo (RoleInfo.java:updateAndGet(148)) - 3650021b-da01-4d18-aa96-198e06a80749: start 3650021b-da01-4d18-aa96-198e06a80749@group-975952952CED-FollowerState
2025-04-23 04:29:34,229 [3650021b-da01-4d18-aa96-198e06a80749@group-975952952CED-FollowerState] INFO  server.RaftServerConfigKeys (ConfUtils.java:logGet(46)) - raft.server.rpc.first-election.timeout.min = 1000ms (custom)
2025-04-23 04:29:34,229 [3650021b-da01-4d18-aa96-198e06a80749@group-975952952CED-FollowerState] INFO  server.RaftServerConfigKeys (ConfUtils.java:logGet(46)) - raft.server.rpc.first-election.timeout.max = 1200ms (custom)
2025-04-23 04:29:34,229 [3650021b-da01-4d18-aa96-198e06a80749-groupManagement] INFO  util.JmxRegister (JmxRegister.java:tryRegister(44)) - Successfully registered JMX Bean with object name Ratis:service=RaftServer,group=group-975952952CED,id=3650021b-da01-4d18-aa96-198e06a80749
2025-04-23 04:29:34,229 [3650021b-da01-4d18-aa96-198e06a80749-groupManagement] INFO  util.JmxRegister (JmxRegister.java:register(58)) - register mxBean class org.apache.ratis.server.impl.RaftServerJmxAdapter as Ratis:service=RaftServer,group=group-975952952CED,id=3650021b-da01-4d18-aa96-198e06a80749
2025-04-23 04:29:34,229 [3650021b-da01-4d18-aa96-198e06a80749-groupManagement] INFO  server.RaftServerConfigKeys (ConfUtils.java:logGet(46)) - raft.server.snapshot.trigger-when-stop.enabled = true (default)
2025-04-23 04:29:34,229 [3650021b-da01-4d18-aa96-198e06a80749-groupManagement] INFO  server.RaftServerConfigKeys (ConfUtils.java:logGet(46)) - raft.server.snapshot.trigger-when-remove.enabled = true (default)
2025-04-23 04:29:34,229 [3650021b-da01-4d18-aa96-198e06a80749-groupManagement] INFO  server.RaftServerConfigKeys (ConfUtils.java:logGet(46)) - raft.server.snapshot.auto.trigger.enabled = true (custom)
2025-04-23 04:29:34,229 [3650021b-da01-4d18-aa96-198e06a80749-groupManagement] INFO  server.RaftServerConfigKeys (ConfUtils.java:logGet(46)) - raft.server.snapshot.auto.trigger.threshold = 100000 (custom)
2025-04-23 04:29:34,229 [3650021b-da01-4d18-aa96-198e06a80749-groupManagement] INFO  server.RaftServerConfigKeys (ConfUtils.java:logGet(46)) - raft.server.snapshot.retention.file.num = 5 (custom)
2025-04-23 04:29:34,229 [3650021b-da01-4d18-aa96-198e06a80749-groupManagement] INFO  server.RaftServerConfigKeys (ConfUtils.java:logGet(46)) - raft.server.log.purge.upto.snapshot.index = false (default)
2025-04-23 04:29:34,230 [3650021b-da01-4d18-aa96-198e06a80749-groupManagement] INFO  server.RaftServer$Division (RaftServerImpl.java:start(405)) - 3650021b-da01-4d18-aa96-198e06a80749@group-975952952CED: Successfully started.
2025-04-23 04:29:34,230 [3650021b-da01-4d18-aa96-198e06a80749-PipelineCommandHandlerThread-0] INFO  ratis.XceiverServerRatis (XceiverServerRatis.java:addGroup(842)) - Created group PipelineID=fe41d8d9-efaf-431c-a5e9-975952952ced
2025-04-23 04:29:34,230 [3650021b-da01-4d18-aa96-198e06a80749-PipelineCommandHandlerThread-0] INFO  commandhandler.CreatePipelineCommandHandler (CreatePipelineCommandHandler.java:lambda$handle$2(128)) - Created Pipeline RATIS ONE PipelineID=fe41d8d9-efaf-431c-a5e9-975952952ced.
2025-04-23 04:29:34,715 [main] INFO  ozone.MiniOzoneClusterImpl (MiniOzoneClusterImpl.java:lambda$waitForClusterToBeReady$0(190)) - Nodes are ready. Got 3 of 3 DN Heartbeats.
2025-04-23 04:29:34,715 [main] INFO  ozone.MiniOzoneClusterImpl (MiniOzoneClusterImpl.java:lambda$waitForClusterToBeReady$0(193)) - Waiting for cluster to exit safe mode
2025-04-23 04:29:34,716 [main] INFO  ozone.MiniOzoneClusterImpl (MiniOzoneClusterImpl.java:lambda$waitForClusterToBeReady$0(195)) - SCM became leader
2025-04-23 04:29:34,959 [7e05a46c-0a2e-4cd7-9b48-a27584e21533@group-0C9527091B91-FollowerState] INFO  impl.FollowerState (FollowerState.java:runImpl(161)) - 7e05a46c-0a2e-4cd7-9b48-a27584e21533@group-0C9527091B91-FollowerState: change to CANDIDATE, lastRpcElapsedTime:1103597201ns, electionTimeout:1103ms
2025-04-23 04:29:34,959 [7e05a46c-0a2e-4cd7-9b48-a27584e21533@group-0C9527091B91-FollowerState] INFO  impl.RoleInfo (RoleInfo.java:shutdownFollowerState(121)) - 7e05a46c-0a2e-4cd7-9b48-a27584e21533: shutdown 7e05a46c-0a2e-4cd7-9b48-a27584e21533@group-0C9527091B91-FollowerState
2025-04-23 04:29:34,959 [7e05a46c-0a2e-4cd7-9b48-a27584e21533@group-0C9527091B91-FollowerState] INFO  server.RaftServer$Division (RaftServerImpl.java:setRole(378)) - 7e05a46c-0a2e-4cd7-9b48-a27584e21533@group-0C9527091B91: changes role from  FOLLOWER to CANDIDATE at term 0 for changeToCandidate
2025-04-23 04:29:34,959 [7e05a46c-0a2e-4cd7-9b48-a27584e21533@group-0C9527091B91-FollowerState] INFO  server.RaftServerConfigKeys (ConfUtils.java:logGet(46)) - raft.server.leaderelection.pre-vote = true (default)
2025-04-23 04:29:34,959 [7e05a46c-0a2e-4cd7-9b48-a27584e21533@group-0C9527091B91-FollowerState] INFO  impl.RoleInfo (RoleInfo.java:updateAndGet(148)) - 7e05a46c-0a2e-4cd7-9b48-a27584e21533: start 7e05a46c-0a2e-4cd7-9b48-a27584e21533@group-0C9527091B91-LeaderElection37
2025-04-23 04:29:34,960 [7e05a46c-0a2e-4cd7-9b48-a27584e21533@group-0C9527091B91-LeaderElection37] INFO  impl.LeaderElection (LeaderElection.java:askForVotes(332)) - 7e05a46c-0a2e-4cd7-9b48-a27584e21533@group-0C9527091B91-LeaderElection37 PRE_VOTE round 0: submit vote requests at term 0 for conf: {index: -1, cur=peers:[8886420c-3c5d-4daa-85e6-40ee88a9c75a|127.0.0.1:15073, 7e05a46c-0a2e-4cd7-9b48-a27584e21533|127.0.0.1:15065, 3650021b-da01-4d18-aa96-198e06a80749|127.0.0.1:15081]|listeners:[], old=null}
2025-04-23 04:29:34,960 [7e05a46c-0a2e-4cd7-9b48-a27584e21533@group-0C9527091B91-LeaderElection37] INFO  server.RaftServerConfigKeys (ConfUtils.java:logGet(46)) - raft.server.rpc.first-election.timeout.min = 1000ms (custom)
2025-04-23 04:29:34,960 [7e05a46c-0a2e-4cd7-9b48-a27584e21533@group-0C9527091B91-LeaderElection37] INFO  server.RaftServerConfigKeys (ConfUtils.java:logGet(46)) - raft.server.rpc.first-election.timeout.max = 1200ms (custom)
2025-04-23 04:29:34,964 [7e05a46c-0a2e-4cd7-9b48-a27584e21533@group-0C9527091B91-LeaderElection37-1] INFO  server.GrpcServerProtocolClient (GrpcServerProtocolClient.java:<init>(65)) - Build channel for 8886420c-3c5d-4daa-85e6-40ee88a9c75a|127.0.0.1:15073
2025-04-23 04:29:34,966 [timer6] WARN  server.GrpcLogAppender (LogUtils.java:warn(121)) - omNode-1@group-523986131536->omNode-3-AppendLogResponseHandler: Failed appendEntries (Repeated 6 times in the last 5.001s): org.apache.ratis.thirdparty.io.grpc.StatusRuntimeException: UNAVAILABLE: io exception
2025-04-23 04:29:34,967 [grpc-default-executor-3] INFO  server.RaftServer$Division (RaftServerImpl.java:requestVote(1407)) - 8886420c-3c5d-4daa-85e6-40ee88a9c75a@group-0C9527091B91: receive requestVote(PRE_VOTE, 7e05a46c-0a2e-4cd7-9b48-a27584e21533, group-0C9527091B91, 0, (t:0, i:0))
2025-04-23 04:29:34,967 [grpc-default-executor-3] INFO  impl.VoteContext (VoteContext.java:log(49)) - 8886420c-3c5d-4daa-85e6-40ee88a9c75a@group-0C9527091B91-FOLLOWER: reject PRE_VOTE from 7e05a46c-0a2e-4cd7-9b48-a27584e21533: our priority 1 > candidate's priority 0
2025-04-23 04:29:34,967 [grpc-default-executor-3] INFO  server.RaftServer$Division (RaftServerImpl.java:requestVote(1441)) - 8886420c-3c5d-4daa-85e6-40ee88a9c75a@group-0C9527091B91 replies to PRE_VOTE vote request: 7e05a46c-0a2e-4cd7-9b48-a27584e21533<-8886420c-3c5d-4daa-85e6-40ee88a9c75a#0:FAIL-t0. Peer's state: 8886420c-3c5d-4daa-85e6-40ee88a9c75a@group-0C9527091B91:t0, leader=null, voted=, raftlog=Memoized:8886420c-3c5d-4daa-85e6-40ee88a9c75a@group-0C9527091B91-SegmentedRaftLog:OPENED:c-1:lastnull, conf=conf: {index: -1, cur=peers:[8886420c-3c5d-4daa-85e6-40ee88a9c75a|127.0.0.1:15073, 7e05a46c-0a2e-4cd7-9b48-a27584e21533|127.0.0.1:15065, 3650021b-da01-4d18-aa96-198e06a80749|127.0.0.1:15081]|listeners:[], old=null}
2025-04-23 04:29:34,967 [7e05a46c-0a2e-4cd7-9b48-a27584e21533@group-0C9527091B91-LeaderElection37-2] INFO  server.GrpcServerProtocolClient (GrpcServerProtocolClient.java:<init>(65)) - Build channel for 3650021b-da01-4d18-aa96-198e06a80749|127.0.0.1:15081
2025-04-23 04:29:34,967 [3650021b-da01-4d18-aa96-198e06a80749@group-0C9527091B91-FollowerState] INFO  impl.FollowerState (FollowerState.java:runImpl(161)) - 3650021b-da01-4d18-aa96-198e06a80749@group-0C9527091B91-FollowerState: change to CANDIDATE, lastRpcElapsedTime:1058961907ns, electionTimeout:1058ms
2025-04-23 04:29:34,967 [3650021b-da01-4d18-aa96-198e06a80749@group-0C9527091B91-FollowerState] INFO  impl.RoleInfo (RoleInfo.java:shutdownFollowerState(121)) - 3650021b-da01-4d18-aa96-198e06a80749: shutdown 3650021b-da01-4d18-aa96-198e06a80749@group-0C9527091B91-FollowerState
2025-04-23 04:29:34,967 [3650021b-da01-4d18-aa96-198e06a80749@group-0C9527091B91-FollowerState] INFO  server.RaftServer$Division (RaftServerImpl.java:setRole(378)) - 3650021b-da01-4d18-aa96-198e06a80749@group-0C9527091B91: changes role from  FOLLOWER to CANDIDATE at term 0 for changeToCandidate
2025-04-23 04:29:34,967 [3650021b-da01-4d18-aa96-198e06a80749@group-0C9527091B91-FollowerState] INFO  server.RaftServerConfigKeys (ConfUtils.java:logGet(46)) - raft.server.leaderelection.pre-vote = true (default)
2025-04-23 04:29:34,967 [3650021b-da01-4d18-aa96-198e06a80749@group-0C9527091B91-FollowerState] INFO  impl.RoleInfo (RoleInfo.java:updateAndGet(148)) - 3650021b-da01-4d18-aa96-198e06a80749: start 3650021b-da01-4d18-aa96-198e06a80749@group-0C9527091B91-LeaderElection38
2025-04-23 04:29:34,968 [7e05a46c-0a2e-4cd7-9b48-a27584e21533@group-0C9527091B91-LeaderElection37] INFO  impl.LeaderElection (LeaderElection.java:logAndReturn(90)) - 7e05a46c-0a2e-4cd7-9b48-a27584e21533@group-0C9527091B91-LeaderElection37: PRE_VOTE REJECTED received 1 response(s) and 0 exception(s):
2025-04-23 04:29:34,968 [7e05a46c-0a2e-4cd7-9b48-a27584e21533@group-0C9527091B91-LeaderElection37] INFO  impl.LeaderElection (LeaderElection.java:logAndReturn(94)) -   Response 0: 7e05a46c-0a2e-4cd7-9b48-a27584e21533<-8886420c-3c5d-4daa-85e6-40ee88a9c75a#0:FAIL-t0
2025-04-23 04:29:34,968 [7e05a46c-0a2e-4cd7-9b48-a27584e21533@group-0C9527091B91-LeaderElection37] INFO  impl.LeaderElection (LeaderElection.java:askForVotes(334)) - 7e05a46c-0a2e-4cd7-9b48-a27584e21533@group-0C9527091B91-LeaderElection37 PRE_VOTE round 0: result REJECTED
2025-04-23 04:29:34,968 [7e05a46c-0a2e-4cd7-9b48-a27584e21533@group-0C9527091B91-LeaderElection37] INFO  server.RaftServer$Division (RaftServerImpl.java:setRole(378)) - 7e05a46c-0a2e-4cd7-9b48-a27584e21533@group-0C9527091B91: changes role from CANDIDATE to FOLLOWER at term 0 for REJECTED
2025-04-23 04:29:34,968 [7e05a46c-0a2e-4cd7-9b48-a27584e21533@group-0C9527091B91-LeaderElection37] INFO  impl.RoleInfo (RoleInfo.java:shutdownLeaderElection(141)) - 7e05a46c-0a2e-4cd7-9b48-a27584e21533: shutdown 7e05a46c-0a2e-4cd7-9b48-a27584e21533@group-0C9527091B91-LeaderElection37
2025-04-23 04:29:34,968 [7e05a46c-0a2e-4cd7-9b48-a27584e21533@group-0C9527091B91-LeaderElection37] INFO  impl.RoleInfo (RoleInfo.java:updateAndGet(148)) - 7e05a46c-0a2e-4cd7-9b48-a27584e21533: start 7e05a46c-0a2e-4cd7-9b48-a27584e21533@group-0C9527091B91-FollowerState
2025-04-23 04:29:34,968 [3650021b-da01-4d18-aa96-198e06a80749@group-0C9527091B91-LeaderElection38] INFO  impl.LeaderElection (LeaderElection.java:askForVotes(332)) - 3650021b-da01-4d18-aa96-198e06a80749@group-0C9527091B91-LeaderElection38 PRE_VOTE round 0: submit vote requests at term 0 for conf: {index: -1, cur=peers:[8886420c-3c5d-4daa-85e6-40ee88a9c75a|127.0.0.1:15073, 7e05a46c-0a2e-4cd7-9b48-a27584e21533|127.0.0.1:15065, 3650021b-da01-4d18-aa96-198e06a80749|127.0.0.1:15081]|listeners:[], old=null}
2025-04-23 04:29:34,968 [7e05a46c-0a2e-4cd7-9b48-a27584e21533@group-0C9527091B91-LeaderElection37] INFO  server.RaftServer$Division (RaftServerImpl.java:setFirstElection(562)) - 7e05a46c-0a2e-4cd7-9b48-a27584e21533@group-0C9527091B91: set firstElectionSinceStartup to false for REJECTED
2025-04-23 04:29:34,969 [3650021b-da01-4d18-aa96-198e06a80749@group-0C9527091B91-LeaderElection38] INFO  server.RaftServerConfigKeys (ConfUtils.java:logGet(46)) - raft.server.rpc.first-election.timeout.min = 1000ms (custom)
2025-04-23 04:29:34,969 [3650021b-da01-4d18-aa96-198e06a80749@group-0C9527091B91-LeaderElection38] INFO  server.RaftServerConfigKeys (ConfUtils.java:logGet(46)) - raft.server.rpc.first-election.timeout.max = 1200ms (custom)
2025-04-23 04:29:34,969 [3650021b-da01-4d18-aa96-198e06a80749@group-0C9527091B91-LeaderElection38-2] INFO  server.GrpcServerProtocolClient (GrpcServerProtocolClient.java:<init>(65)) - Build channel for 7e05a46c-0a2e-4cd7-9b48-a27584e21533|127.0.0.1:15065
2025-04-23 04:29:34,969 [3650021b-da01-4d18-aa96-198e06a80749@group-0C9527091B91-LeaderElection38-1] INFO  server.GrpcServerProtocolClient (GrpcServerProtocolClient.java:<init>(65)) - Build channel for 8886420c-3c5d-4daa-85e6-40ee88a9c75a|127.0.0.1:15073
2025-04-23 04:29:34,971 [timer1] WARN  server.GrpcLogAppender (GrpcLogAppender.java:lambda$resetClient$1(221)) - omNode-1@group-523986131536->omNode-3-GrpcLogAppender: Follower failed (request=null, errorCount=6); keep nextIndex (1) unchanged and retry. (Repeated 5 times in the last 5.001s)
2025-04-23 04:29:34,972 [grpc-default-executor-3] INFO  server.RaftServer$Division (RaftServerImpl.java:requestVote(1407)) - 7e05a46c-0a2e-4cd7-9b48-a27584e21533@group-0C9527091B91: receive requestVote(PRE_VOTE, 3650021b-da01-4d18-aa96-198e06a80749, group-0C9527091B91, 0, (t:0, i:0))
2025-04-23 04:29:34,972 [grpc-default-executor-3] INFO  impl.VoteContext (VoteContext.java:log(49)) - 7e05a46c-0a2e-4cd7-9b48-a27584e21533@group-0C9527091B91-FOLLOWER: accept PRE_VOTE from 3650021b-da01-4d18-aa96-198e06a80749: our priority 0 <= candidate's priority 0
2025-04-23 04:29:34,972 [grpc-default-executor-4] INFO  server.RaftServer$Division (RaftServerImpl.java:requestVote(1407)) - 8886420c-3c5d-4daa-85e6-40ee88a9c75a@group-0C9527091B91: receive requestVote(PRE_VOTE, 3650021b-da01-4d18-aa96-198e06a80749, group-0C9527091B91, 0, (t:0, i:0))
2025-04-23 04:29:34,972 [grpc-default-executor-4] INFO  impl.VoteContext (VoteContext.java:log(49)) - 8886420c-3c5d-4daa-85e6-40ee88a9c75a@group-0C9527091B91-FOLLOWER: reject PRE_VOTE from 3650021b-da01-4d18-aa96-198e06a80749: our priority 1 > candidate's priority 0
2025-04-23 04:29:34,972 [grpc-default-executor-4] INFO  server.RaftServer$Division (RaftServerImpl.java:requestVote(1441)) - 8886420c-3c5d-4daa-85e6-40ee88a9c75a@group-0C9527091B91 replies to PRE_VOTE vote request: 3650021b-da01-4d18-aa96-198e06a80749<-8886420c-3c5d-4daa-85e6-40ee88a9c75a#0:FAIL-t0. Peer's state: 8886420c-3c5d-4daa-85e6-40ee88a9c75a@group-0C9527091B91:t0, leader=null, voted=, raftlog=Memoized:8886420c-3c5d-4daa-85e6-40ee88a9c75a@group-0C9527091B91-SegmentedRaftLog:OPENED:c-1:lastnull, conf=conf: {index: -1, cur=peers:[8886420c-3c5d-4daa-85e6-40ee88a9c75a|127.0.0.1:15073, 7e05a46c-0a2e-4cd7-9b48-a27584e21533|127.0.0.1:15065, 3650021b-da01-4d18-aa96-198e06a80749|127.0.0.1:15081]|listeners:[], old=null}
2025-04-23 04:29:34,972 [grpc-default-executor-3] INFO  server.RaftServer$Division (RaftServerImpl.java:requestVote(1441)) - 7e05a46c-0a2e-4cd7-9b48-a27584e21533@group-0C9527091B91 replies to PRE_VOTE vote request: 3650021b-da01-4d18-aa96-198e06a80749<-7e05a46c-0a2e-4cd7-9b48-a27584e21533#0:OK-t0. Peer's state: 7e05a46c-0a2e-4cd7-9b48-a27584e21533@group-0C9527091B91:t0, leader=null, voted=, raftlog=Memoized:7e05a46c-0a2e-4cd7-9b48-a27584e21533@group-0C9527091B91-SegmentedRaftLog:OPENED:c-1:lastnull, conf=conf: {index: -1, cur=peers:[8886420c-3c5d-4daa-85e6-40ee88a9c75a|127.0.0.1:15073, 7e05a46c-0a2e-4cd7-9b48-a27584e21533|127.0.0.1:15065, 3650021b-da01-4d18-aa96-198e06a80749|127.0.0.1:15081]|listeners:[], old=null}
2025-04-23 04:29:34,973 [3650021b-da01-4d18-aa96-198e06a80749@group-0C9527091B91-LeaderElection38] INFO  impl.LeaderElection (LeaderElection.java:logAndReturn(90)) - 3650021b-da01-4d18-aa96-198e06a80749@group-0C9527091B91-LeaderElection38: PRE_VOTE REJECTED received 2 response(s) and 0 exception(s):
2025-04-23 04:29:34,973 [3650021b-da01-4d18-aa96-198e06a80749@group-0C9527091B91-LeaderElection38] INFO  impl.LeaderElection (LeaderElection.java:logAndReturn(94)) -   Response 0: 3650021b-da01-4d18-aa96-198e06a80749<-8886420c-3c5d-4daa-85e6-40ee88a9c75a#0:FAIL-t0
2025-04-23 04:29:34,973 [3650021b-da01-4d18-aa96-198e06a80749@group-0C9527091B91-LeaderElection38] INFO  impl.LeaderElection (LeaderElection.java:logAndReturn(94)) -   Response 1: 3650021b-da01-4d18-aa96-198e06a80749<-7e05a46c-0a2e-4cd7-9b48-a27584e21533#0:OK-t0
2025-04-23 04:29:34,973 [3650021b-da01-4d18-aa96-198e06a80749@group-0C9527091B91-LeaderElection38] INFO  impl.LeaderElection (LeaderElection.java:askForVotes(334)) - 3650021b-da01-4d18-aa96-198e06a80749@group-0C9527091B91-LeaderElection38 PRE_VOTE round 0: result REJECTED
2025-04-23 04:29:34,973 [3650021b-da01-4d18-aa96-198e06a80749@group-0C9527091B91-LeaderElection38] INFO  server.RaftServer$Division (RaftServerImpl.java:setRole(378)) - 3650021b-da01-4d18-aa96-198e06a80749@group-0C9527091B91: changes role from CANDIDATE to FOLLOWER at term 0 for REJECTED
2025-04-23 04:29:34,973 [3650021b-da01-4d18-aa96-198e06a80749@group-0C9527091B91-LeaderElection38] INFO  impl.RoleInfo (RoleInfo.java:shutdownLeaderElection(141)) - 3650021b-da01-4d18-aa96-198e06a80749: shutdown 3650021b-da01-4d18-aa96-198e06a80749@group-0C9527091B91-LeaderElection38
2025-04-23 04:29:34,973 [3650021b-da01-4d18-aa96-198e06a80749@group-0C9527091B91-LeaderElection38] INFO  impl.RoleInfo (RoleInfo.java:updateAndGet(148)) - 3650021b-da01-4d18-aa96-198e06a80749: start 3650021b-da01-4d18-aa96-198e06a80749@group-0C9527091B91-FollowerState
2025-04-23 04:29:34,974 [3650021b-da01-4d18-aa96-198e06a80749@group-0C9527091B91-FollowerState] INFO  server.RaftServerConfigKeys (ConfUtils.java:logGet(46)) - raft.server.rpc.first-election.timeout.min = 1000ms (custom)
2025-04-23 04:29:34,974 [3650021b-da01-4d18-aa96-198e06a80749@group-0C9527091B91-FollowerState] INFO  server.RaftServerConfigKeys (ConfUtils.java:logGet(46)) - raft.server.rpc.first-election.timeout.max = 1200ms (custom)
2025-04-23 04:29:34,974 [3650021b-da01-4d18-aa96-198e06a80749@group-0C9527091B91-LeaderElection38] INFO  server.RaftServer$Division (RaftServerImpl.java:setFirstElection(562)) - 3650021b-da01-4d18-aa96-198e06a80749@group-0C9527091B91: set firstElectionSinceStartup to false for REJECTED
2025-04-23 04:29:34,986 [3650021b-da01-4d18-aa96-198e06a80749@group-3ED3DE2382DA-FollowerState] INFO  impl.FollowerState (FollowerState.java:runImpl(161)) - 3650021b-da01-4d18-aa96-198e06a80749@group-3ED3DE2382DA-FollowerState: change to CANDIDATE, lastRpcElapsedTime:1007435010ns, electionTimeout:1007ms
2025-04-23 04:29:34,986 [3650021b-da01-4d18-aa96-198e06a80749@group-3ED3DE2382DA-FollowerState] INFO  impl.RoleInfo (RoleInfo.java:shutdownFollowerState(121)) - 3650021b-da01-4d18-aa96-198e06a80749: shutdown 3650021b-da01-4d18-aa96-198e06a80749@group-3ED3DE2382DA-FollowerState
2025-04-23 04:29:34,986 [3650021b-da01-4d18-aa96-198e06a80749@group-3ED3DE2382DA-FollowerState] INFO  server.RaftServer$Division (RaftServerImpl.java:setRole(378)) - 3650021b-da01-4d18-aa96-198e06a80749@group-3ED3DE2382DA: changes role from  FOLLOWER to CANDIDATE at term 0 for changeToCandidate
2025-04-23 04:29:34,986 [3650021b-da01-4d18-aa96-198e06a80749@group-3ED3DE2382DA-FollowerState] INFO  server.RaftServerConfigKeys (ConfUtils.java:logGet(46)) - raft.server.leaderelection.pre-vote = true (default)
2025-04-23 04:29:34,986 [3650021b-da01-4d18-aa96-198e06a80749@group-3ED3DE2382DA-FollowerState] INFO  impl.RoleInfo (RoleInfo.java:updateAndGet(148)) - 3650021b-da01-4d18-aa96-198e06a80749: start 3650021b-da01-4d18-aa96-198e06a80749@group-3ED3DE2382DA-LeaderElection39
2025-04-23 04:29:34,986 [3650021b-da01-4d18-aa96-198e06a80749@group-3ED3DE2382DA-LeaderElection39] INFO  impl.LeaderElection (LeaderElection.java:askForVotes(332)) - 3650021b-da01-4d18-aa96-198e06a80749@group-3ED3DE2382DA-LeaderElection39 PRE_VOTE round 0: submit vote requests at term 0 for conf: {index: -1, cur=peers:[8886420c-3c5d-4daa-85e6-40ee88a9c75a|127.0.0.1:15073, 7e05a46c-0a2e-4cd7-9b48-a27584e21533|127.0.0.1:15065, 3650021b-da01-4d18-aa96-198e06a80749|127.0.0.1:15081]|listeners:[], old=null}
2025-04-23 04:29:34,987 [3650021b-da01-4d18-aa96-198e06a80749@group-3ED3DE2382DA-LeaderElection39] INFO  server.RaftServerConfigKeys (ConfUtils.java:logGet(46)) - raft.server.rpc.first-election.timeout.min = 1000ms (custom)
2025-04-23 04:29:34,987 [3650021b-da01-4d18-aa96-198e06a80749@group-3ED3DE2382DA-LeaderElection39] INFO  server.RaftServerConfigKeys (ConfUtils.java:logGet(46)) - raft.server.rpc.first-election.timeout.max = 1200ms (custom)
2025-04-23 04:29:34,987 [grpc-default-executor-4] INFO  server.RaftServer$Division (RaftServerImpl.java:requestVote(1407)) - 8886420c-3c5d-4daa-85e6-40ee88a9c75a@group-3ED3DE2382DA: receive requestVote(PRE_VOTE, 3650021b-da01-4d18-aa96-198e06a80749, group-3ED3DE2382DA, 0, (t:0, i:0))
2025-04-23 04:29:34,987 [grpc-default-executor-3] INFO  server.RaftServer$Division (RaftServerImpl.java:requestVote(1407)) - 7e05a46c-0a2e-4cd7-9b48-a27584e21533@group-3ED3DE2382DA: receive requestVote(PRE_VOTE, 3650021b-da01-4d18-aa96-198e06a80749, group-3ED3DE2382DA, 0, (t:0, i:0))
2025-04-23 04:29:34,987 [grpc-default-executor-4] INFO  impl.VoteContext (VoteContext.java:log(49)) - 8886420c-3c5d-4daa-85e6-40ee88a9c75a@group-3ED3DE2382DA-FOLLOWER: accept PRE_VOTE from 3650021b-da01-4d18-aa96-198e06a80749: our priority 0 <= candidate's priority 1
2025-04-23 04:29:34,988 [grpc-default-executor-3] INFO  impl.VoteContext (VoteContext.java:log(49)) - 7e05a46c-0a2e-4cd7-9b48-a27584e21533@group-3ED3DE2382DA-FOLLOWER: accept PRE_VOTE from 3650021b-da01-4d18-aa96-198e06a80749: our priority 0 <= candidate's priority 1
2025-04-23 04:29:34,988 [grpc-default-executor-3] INFO  server.RaftServer$Division (RaftServerImpl.java:requestVote(1441)) - 7e05a46c-0a2e-4cd7-9b48-a27584e21533@group-3ED3DE2382DA replies to PRE_VOTE vote request: 3650021b-da01-4d18-aa96-198e06a80749<-7e05a46c-0a2e-4cd7-9b48-a27584e21533#0:OK-t0. Peer's state: 7e05a46c-0a2e-4cd7-9b48-a27584e21533@group-3ED3DE2382DA:t0, leader=null, voted=, raftlog=Memoized:7e05a46c-0a2e-4cd7-9b48-a27584e21533@group-3ED3DE2382DA-SegmentedRaftLog:OPENED:c-1:lastnull, conf=conf: {index: -1, cur=peers:[8886420c-3c5d-4daa-85e6-40ee88a9c75a|127.0.0.1:15073, 7e05a46c-0a2e-4cd7-9b48-a27584e21533|127.0.0.1:15065, 3650021b-da01-4d18-aa96-198e06a80749|127.0.0.1:15081]|listeners:[], old=null}
2025-04-23 04:29:34,988 [grpc-default-executor-4] INFO  server.RaftServer$Division (RaftServerImpl.java:requestVote(1441)) - 8886420c-3c5d-4daa-85e6-40ee88a9c75a@group-3ED3DE2382DA replies to PRE_VOTE vote request: 3650021b-da01-4d18-aa96-198e06a80749<-8886420c-3c5d-4daa-85e6-40ee88a9c75a#0:OK-t0. Peer's state: 8886420c-3c5d-4daa-85e6-40ee88a9c75a@group-3ED3DE2382DA:t0, leader=null, voted=, raftlog=Memoized:8886420c-3c5d-4daa-85e6-40ee88a9c75a@group-3ED3DE2382DA-SegmentedRaftLog:OPENED:c-1:lastnull, conf=conf: {index: -1, cur=peers:[8886420c-3c5d-4daa-85e6-40ee88a9c75a|127.0.0.1:15073, 7e05a46c-0a2e-4cd7-9b48-a27584e21533|127.0.0.1:15065, 3650021b-da01-4d18-aa96-198e06a80749|127.0.0.1:15081]|listeners:[], old=null}
2025-04-23 04:29:34,988 [3650021b-da01-4d18-aa96-198e06a80749@group-3ED3DE2382DA-LeaderElection39] INFO  impl.LeaderElection (LeaderElection.java:logAndReturn(90)) - 3650021b-da01-4d18-aa96-198e06a80749@group-3ED3DE2382DA-LeaderElection39: PRE_VOTE PASSED received 1 response(s) and 0 exception(s):
2025-04-23 04:29:34,988 [3650021b-da01-4d18-aa96-198e06a80749@group-3ED3DE2382DA-LeaderElection39] INFO  impl.LeaderElection (LeaderElection.java:logAndReturn(94)) -   Response 0: 3650021b-da01-4d18-aa96-198e06a80749<-7e05a46c-0a2e-4cd7-9b48-a27584e21533#0:OK-t0
2025-04-23 04:29:34,988 [3650021b-da01-4d18-aa96-198e06a80749@group-3ED3DE2382DA-LeaderElection39] INFO  impl.LeaderElection (LeaderElection.java:askForVotes(334)) - 3650021b-da01-4d18-aa96-198e06a80749@group-3ED3DE2382DA-LeaderElection39 PRE_VOTE round 0: result PASSED
2025-04-23 04:29:34,990 [3650021b-da01-4d18-aa96-198e06a80749@group-3ED3DE2382DA-LeaderElection39] INFO  impl.LeaderElection (LeaderElection.java:askForVotes(332)) - 3650021b-da01-4d18-aa96-198e06a80749@group-3ED3DE2382DA-LeaderElection39 ELECTION round 0: submit vote requests at term 1 for conf: {index: -1, cur=peers:[8886420c-3c5d-4daa-85e6-40ee88a9c75a|127.0.0.1:15073, 7e05a46c-0a2e-4cd7-9b48-a27584e21533|127.0.0.1:15065, 3650021b-da01-4d18-aa96-198e06a80749|127.0.0.1:15081]|listeners:[], old=null}
2025-04-23 04:29:34,990 [3650021b-da01-4d18-aa96-198e06a80749@group-3ED3DE2382DA-LeaderElection39] INFO  server.RaftServerConfigKeys (ConfUtils.java:logGet(46)) - raft.server.rpc.first-election.timeout.min = 1000ms (custom)
2025-04-23 04:29:34,990 [3650021b-da01-4d18-aa96-198e06a80749@group-3ED3DE2382DA-LeaderElection39] INFO  server.RaftServerConfigKeys (ConfUtils.java:logGet(46)) - raft.server.rpc.first-election.timeout.max = 1200ms (custom)
2025-04-23 04:29:34,991 [grpc-default-executor-3] INFO  server.RaftServer$Division (RaftServerImpl.java:requestVote(1407)) - 7e05a46c-0a2e-4cd7-9b48-a27584e21533@group-3ED3DE2382DA: receive requestVote(ELECTION, 3650021b-da01-4d18-aa96-198e06a80749, group-3ED3DE2382DA, 1, (t:0, i:0))
2025-04-23 04:29:34,991 [grpc-default-executor-3] INFO  impl.VoteContext (VoteContext.java:log(49)) - 7e05a46c-0a2e-4cd7-9b48-a27584e21533@group-3ED3DE2382DA-FOLLOWER: accept ELECTION from 3650021b-da01-4d18-aa96-198e06a80749: our priority 0 <= candidate's priority 1
2025-04-23 04:29:34,991 [grpc-default-executor-4] INFO  server.RaftServer$Division (RaftServerImpl.java:requestVote(1407)) - 8886420c-3c5d-4daa-85e6-40ee88a9c75a@group-3ED3DE2382DA: receive requestVote(ELECTION, 3650021b-da01-4d18-aa96-198e06a80749, group-3ED3DE2382DA, 1, (t:0, i:0))
2025-04-23 04:29:34,991 [grpc-default-executor-3] INFO  server.RaftServer$Division (RaftServerImpl.java:setRole(378)) - 7e05a46c-0a2e-4cd7-9b48-a27584e21533@group-3ED3DE2382DA: changes role from  FOLLOWER to FOLLOWER at term 0 for candidate:3650021b-da01-4d18-aa96-198e06a80749
2025-04-23 04:29:34,991 [grpc-default-executor-3] INFO  impl.RoleInfo (RoleInfo.java:shutdownFollowerState(121)) - 7e05a46c-0a2e-4cd7-9b48-a27584e21533: shutdown 7e05a46c-0a2e-4cd7-9b48-a27584e21533@group-3ED3DE2382DA-FollowerState
2025-04-23 04:29:34,991 [grpc-default-executor-4] INFO  impl.VoteContext (VoteContext.java:log(49)) - 8886420c-3c5d-4daa-85e6-40ee88a9c75a@group-3ED3DE2382DA-FOLLOWER: accept ELECTION from 3650021b-da01-4d18-aa96-198e06a80749: our priority 0 <= candidate's priority 1
2025-04-23 04:29:34,991 [7e05a46c-0a2e-4cd7-9b48-a27584e21533@group-3ED3DE2382DA-FollowerState] INFO  impl.FollowerState (FollowerState.java:runImpl(170)) - 7e05a46c-0a2e-4cd7-9b48-a27584e21533@group-3ED3DE2382DA-FollowerState was interrupted
2025-04-23 04:29:34,991 [grpc-default-executor-3] INFO  impl.RoleInfo (RoleInfo.java:updateAndGet(148)) - 7e05a46c-0a2e-4cd7-9b48-a27584e21533: start 7e05a46c-0a2e-4cd7-9b48-a27584e21533@group-3ED3DE2382DA-FollowerState
2025-04-23 04:29:34,991 [grpc-default-executor-4] INFO  server.RaftServer$Division (RaftServerImpl.java:setRole(378)) - 8886420c-3c5d-4daa-85e6-40ee88a9c75a@group-3ED3DE2382DA: changes role from  FOLLOWER to FOLLOWER at term 0 for candidate:3650021b-da01-4d18-aa96-198e06a80749
2025-04-23 04:29:34,991 [grpc-default-executor-4] INFO  impl.RoleInfo (RoleInfo.java:shutdownFollowerState(121)) - 8886420c-3c5d-4daa-85e6-40ee88a9c75a: shutdown 8886420c-3c5d-4daa-85e6-40ee88a9c75a@group-3ED3DE2382DA-FollowerState
2025-04-23 04:29:34,991 [grpc-default-executor-3] INFO  server.RaftServer$Division (RaftServerImpl.java:setFirstElection(562)) - 7e05a46c-0a2e-4cd7-9b48-a27584e21533@group-3ED3DE2382DA: set firstElectionSinceStartup to false for candidate:3650021b-da01-4d18-aa96-198e06a80749
2025-04-23 04:29:34,991 [8886420c-3c5d-4daa-85e6-40ee88a9c75a@group-3ED3DE2382DA-FollowerState] INFO  impl.FollowerState (FollowerState.java:runImpl(170)) - 8886420c-3c5d-4daa-85e6-40ee88a9c75a@group-3ED3DE2382DA-FollowerState was interrupted
2025-04-23 04:29:34,991 [grpc-default-executor-4] INFO  impl.RoleInfo (RoleInfo.java:updateAndGet(148)) - 8886420c-3c5d-4daa-85e6-40ee88a9c75a: start 8886420c-3c5d-4daa-85e6-40ee88a9c75a@group-3ED3DE2382DA-FollowerState
2025-04-23 04:29:34,992 [grpc-default-executor-4] INFO  server.RaftServer$Division (RaftServerImpl.java:setFirstElection(562)) - 8886420c-3c5d-4daa-85e6-40ee88a9c75a@group-3ED3DE2382DA: set firstElectionSinceStartup to false for candidate:3650021b-da01-4d18-aa96-198e06a80749
2025-04-23 04:29:34,993 [grpc-default-executor-3] INFO  server.RaftServer$Division (RaftServerImpl.java:requestVote(1441)) - 7e05a46c-0a2e-4cd7-9b48-a27584e21533@group-3ED3DE2382DA replies to ELECTION vote request: 3650021b-da01-4d18-aa96-198e06a80749<-7e05a46c-0a2e-4cd7-9b48-a27584e21533#0:OK-t1. Peer's state: 7e05a46c-0a2e-4cd7-9b48-a27584e21533@group-3ED3DE2382DA:t1, leader=null, voted=3650021b-da01-4d18-aa96-198e06a80749, raftlog=Memoized:7e05a46c-0a2e-4cd7-9b48-a27584e21533@group-3ED3DE2382DA-SegmentedRaftLog:OPENED:c-1:lastnull, conf=conf: {index: -1, cur=peers:[8886420c-3c5d-4daa-85e6-40ee88a9c75a|127.0.0.1:15073, 7e05a46c-0a2e-4cd7-9b48-a27584e21533|127.0.0.1:15065, 3650021b-da01-4d18-aa96-198e06a80749|127.0.0.1:15081]|listeners:[], old=null}
2025-04-23 04:29:34,993 [grpc-default-executor-4] INFO  server.RaftServer$Division (RaftServerImpl.java:requestVote(1441)) - 8886420c-3c5d-4daa-85e6-40ee88a9c75a@group-3ED3DE2382DA replies to ELECTION vote request: 3650021b-da01-4d18-aa96-198e06a80749<-8886420c-3c5d-4daa-85e6-40ee88a9c75a#0:OK-t1. Peer's state: 8886420c-3c5d-4daa-85e6-40ee88a9c75a@group-3ED3DE2382DA:t1, leader=null, voted=3650021b-da01-4d18-aa96-198e06a80749, raftlog=Memoized:8886420c-3c5d-4daa-85e6-40ee88a9c75a@group-3ED3DE2382DA-SegmentedRaftLog:OPENED:c-1:lastnull, conf=conf: {index: -1, cur=peers:[8886420c-3c5d-4daa-85e6-40ee88a9c75a|127.0.0.1:15073, 7e05a46c-0a2e-4cd7-9b48-a27584e21533|127.0.0.1:15065, 3650021b-da01-4d18-aa96-198e06a80749|127.0.0.1:15081]|listeners:[], old=null}
2025-04-23 04:29:34,994 [3650021b-da01-4d18-aa96-198e06a80749@group-3ED3DE2382DA-LeaderElection39] INFO  impl.LeaderElection (LeaderElection.java:logAndReturn(90)) - 3650021b-da01-4d18-aa96-198e06a80749@group-3ED3DE2382DA-LeaderElection39: ELECTION PASSED received 1 response(s) and 0 exception(s):
2025-04-23 04:29:34,994 [3650021b-da01-4d18-aa96-198e06a80749@group-3ED3DE2382DA-LeaderElection39] INFO  impl.LeaderElection (LeaderElection.java:logAndReturn(94)) -   Response 0: 3650021b-da01-4d18-aa96-198e06a80749<-7e05a46c-0a2e-4cd7-9b48-a27584e21533#0:OK-t1
2025-04-23 04:29:34,994 [3650021b-da01-4d18-aa96-198e06a80749@group-3ED3DE2382DA-LeaderElection39] INFO  impl.LeaderElection (LeaderElection.java:askForVotes(334)) - 3650021b-da01-4d18-aa96-198e06a80749@group-3ED3DE2382DA-LeaderElection39 ELECTION round 0: result PASSED
2025-04-23 04:29:34,994 [3650021b-da01-4d18-aa96-198e06a80749@group-3ED3DE2382DA-LeaderElection39] INFO  impl.RoleInfo (RoleInfo.java:shutdownLeaderElection(141)) - 3650021b-da01-4d18-aa96-198e06a80749: shutdown 3650021b-da01-4d18-aa96-198e06a80749@group-3ED3DE2382DA-LeaderElection39
2025-04-23 04:29:34,994 [3650021b-da01-4d18-aa96-198e06a80749@group-3ED3DE2382DA-LeaderElection39] INFO  server.RaftServer$Division (RaftServerImpl.java:setRole(378)) - 3650021b-da01-4d18-aa96-198e06a80749@group-3ED3DE2382DA: changes role from CANDIDATE to LEADER at term 1 for changeToLeader
2025-04-23 04:29:34,994 [3650021b-da01-4d18-aa96-198e06a80749@group-3ED3DE2382DA-LeaderElection39] INFO  server.RaftServerConfigKeys (ConfUtils.java:logGet(46)) - raft.server.staging.catchup.gap = 1000 (default)
2025-04-23 04:29:34,994 [3650021b-da01-4d18-aa96-198e06a80749@group-3ED3DE2382DA-LeaderElection39] INFO  server.RaftServerConfigKeys (ConfUtils.java:logGet(46)) - raft.server.write.element-limit = 1024 (custom)
2025-04-23 04:29:34,994 [3650021b-da01-4d18-aa96-198e06a80749@group-3ED3DE2382DA-LeaderElection39] INFO  server.RaftServerConfigKeys (ConfUtils.java:logGet(46)) - raft.server.write.byte-limit = 1024 M (=1073741824) (custom)
2025-04-23 04:29:34,994 [3650021b-da01-4d18-aa96-198e06a80749@group-3ED3DE2382DA-LeaderElection39] INFO  server.RaftServerConfigKeys (ConfUtils.java:logGet(46)) - raft.server.watch.timeout = 30s (custom)
2025-04-23 04:29:34,994 [3650021b-da01-4d18-aa96-198e06a80749@group-3ED3DE2382DA-LeaderElection39] INFO  server.RaftServerConfigKeys (ConfUtils.java:logGet(46)) - raft.server.watch.timeout.denomination = 1s (default)
2025-04-23 04:29:34,994 [3650021b-da01-4d18-aa96-198e06a80749@group-3ED3DE2382DA-LeaderElection39] INFO  server.RaftServerConfigKeys (ConfUtils.java:logGet(46)) - raft.server.watch.element-limit = 65536 (default)
2025-04-23 04:29:34,995 [3650021b-da01-4d18-aa96-198e06a80749@group-3ED3DE2382DA-LeaderElection39] INFO  server.RaftServerConfigKeys (ConfUtils.java:logGet(46)) - raft.server.read.leader.lease.enabled = false (default)
2025-04-23 04:29:34,995 [3650021b-da01-4d18-aa96-198e06a80749@group-3ED3DE2382DA-LeaderElection39] INFO  server.RaftServerConfigKeys (ConfUtils.java:logGet(46)) - raft.server.read.leader.lease.timeout.ratio = 0.9 (default)
2025-04-23 04:29:34,995 [3650021b-da01-4d18-aa96-198e06a80749@group-3ED3DE2382DA-LeaderElection39] INFO  server.RaftServerConfigKeys (ConfUtils.java:logGet(46)) - raft.server.rpc.timeout.min = 5s (custom)
2025-04-23 04:29:34,995 [3650021b-da01-4d18-aa96-198e06a80749@group-3ED3DE2382DA-LeaderElection39] INFO  server.RaftServerConfigKeys (ConfUtils.java:logGet(46)) - raft.server.log.log-metadata.enabled = true (default)
2025-04-23 04:29:34,995 [3650021b-da01-4d18-aa96-198e06a80749@group-3ED3DE2382DA-LeaderElection39] INFO  server.RaftServerConfigKeys (ConfUtils.java:logGet(46)) - raft.server.write.element-limit = 1024 (custom)
2025-04-23 04:29:34,995 [3650021b-da01-4d18-aa96-198e06a80749@group-3ED3DE2382DA-LeaderElection39] INFO  server.RaftServerConfigKeys (ConfUtils.java:logGet(46)) - raft.server.write.follower.gap.ratio.max = -1.0 (default)
2025-04-23 04:29:34,995 [3650021b-da01-4d18-aa96-198e06a80749@group-3ED3DE2382DA-LeaderElection39] INFO  server.RaftServerConfigKeys (ConfUtils.java:logGet(46)) - raft.server.log.appender.snapshot.chunk.size.max = 16MB (=16777216) (default)
2025-04-23 04:29:34,995 [3650021b-da01-4d18-aa96-198e06a80749@group-3ED3DE2382DA-LeaderElection39] INFO  server.RaftServerConfigKeys (ConfUtils.java:logGet(46)) - raft.server.log.appender.buffer.byte-limit = 33554432 (custom)
2025-04-23 04:29:34,995 [3650021b-da01-4d18-aa96-198e06a80749@group-3ED3DE2382DA-LeaderElection39] INFO  server.RaftServerConfigKeys (ConfUtils.java:logGet(46)) - raft.server.log.appender.buffer.element-limit = 1024 (custom)
2025-04-23 04:29:34,995 [3650021b-da01-4d18-aa96-198e06a80749@group-3ED3DE2382DA-LeaderElection39] INFO  server.RaftServerConfigKeys (ConfUtils.java:logGet(46)) - raft.server.log.appender.wait-time.min = 0μs (custom)
2025-04-23 04:29:34,996 [3650021b-da01-4d18-aa96-198e06a80749@group-3ED3DE2382DA-LeaderElection39] INFO  grpc.GrpcConfigKeys (ConfUtils.java:logGet(46)) - raft.grpc.server.leader.outstanding.appends.max = 8 (default)
2025-04-23 04:29:34,996 [3650021b-da01-4d18-aa96-198e06a80749@group-3ED3DE2382DA-LeaderElection39] INFO  server.RaftServerConfigKeys (ConfUtils.java:logGet(46)) - raft.server.rpc.request.timeout = 60s (custom)
2025-04-23 04:29:34,996 [3650021b-da01-4d18-aa96-198e06a80749@group-3ED3DE2382DA-LeaderElection39] INFO  grpc.GrpcConfigKeys (ConfUtils.java:logGet(46)) - raft.grpc.server.install_snapshot.request.element-limit = 8 (default)
2025-04-23 04:29:34,996 [3650021b-da01-4d18-aa96-198e06a80749@group-3ED3DE2382DA-LeaderElection39] INFO  grpc.GrpcConfigKeys (ConfUtils.java:logGet(46)) - raft.grpc.server.install_snapshot.request.timeout = 3000ms (default)
2025-04-23 04:29:34,996 [3650021b-da01-4d18-aa96-198e06a80749@group-3ED3DE2382DA-LeaderElection39] INFO  grpc.GrpcConfigKeys (ConfUtils.java:logGet(46)) - raft.grpc.server.log-message.batch.duration = 5s (default)
2025-04-23 04:29:34,996 [3650021b-da01-4d18-aa96-198e06a80749@group-3ED3DE2382DA-LeaderElection39] INFO  server.RaftServerConfigKeys (ConfUtils.java:logGet(46)) - raft.server.log.appender.install.snapshot.enabled = false (custom)
2025-04-23 04:29:34,996 [3650021b-da01-4d18-aa96-198e06a80749@group-3ED3DE2382DA-LeaderElection39] INFO  grpc.GrpcConfigKeys (ConfUtils.java:logGet(46)) - raft.grpc.server.heartbeat.channel = true (default)
2025-04-23 04:29:34,996 [3650021b-da01-4d18-aa96-198e06a80749@group-3ED3DE2382DA-LeaderElection39] INFO  server.RaftServerConfigKeys (ConfUtils.java:logGet(46)) - raft.server.log.appender.snapshot.chunk.size.max = 16MB (=16777216) (default)
2025-04-23 04:29:34,996 [3650021b-da01-4d18-aa96-198e06a80749@group-3ED3DE2382DA-LeaderElection39] INFO  server.RaftServerConfigKeys (ConfUtils.java:logGet(46)) - raft.server.log.appender.buffer.byte-limit = 33554432 (custom)
2025-04-23 04:29:34,997 [3650021b-da01-4d18-aa96-198e06a80749@group-3ED3DE2382DA-LeaderElection39] INFO  server.RaftServerConfigKeys (ConfUtils.java:logGet(46)) - raft.server.log.appender.buffer.element-limit = 1024 (custom)
2025-04-23 04:29:34,997 [3650021b-da01-4d18-aa96-198e06a80749@group-3ED3DE2382DA-LeaderElection39] INFO  server.RaftServerConfigKeys (ConfUtils.java:logGet(46)) - raft.server.log.appender.wait-time.min = 0μs (custom)
2025-04-23 04:29:34,997 [3650021b-da01-4d18-aa96-198e06a80749@group-3ED3DE2382DA-LeaderElection39] INFO  grpc.GrpcConfigKeys (ConfUtils.java:logGet(46)) - raft.grpc.server.leader.outstanding.appends.max = 8 (default)
2025-04-23 04:29:34,997 [3650021b-da01-4d18-aa96-198e06a80749@group-3ED3DE2382DA-LeaderElection39] INFO  server.RaftServerConfigKeys (ConfUtils.java:logGet(46)) - raft.server.rpc.request.timeout = 60s (custom)
2025-04-23 04:29:34,997 [3650021b-da01-4d18-aa96-198e06a80749@group-3ED3DE2382DA-LeaderElection39] INFO  grpc.GrpcConfigKeys (ConfUtils.java:logGet(46)) - raft.grpc.server.install_snapshot.request.element-limit = 8 (default)
2025-04-23 04:29:34,997 [3650021b-da01-4d18-aa96-198e06a80749@group-3ED3DE2382DA-LeaderElection39] INFO  grpc.GrpcConfigKeys (ConfUtils.java:logGet(46)) - raft.grpc.server.install_snapshot.request.timeout = 3000ms (default)
2025-04-23 04:29:34,997 [3650021b-da01-4d18-aa96-198e06a80749@group-3ED3DE2382DA-LeaderElection39] INFO  grpc.GrpcConfigKeys (ConfUtils.java:logGet(46)) - raft.grpc.server.log-message.batch.duration = 5s (default)
2025-04-23 04:29:34,997 [3650021b-da01-4d18-aa96-198e06a80749@group-3ED3DE2382DA-LeaderElection39] INFO  server.RaftServerConfigKeys (ConfUtils.java:logGet(46)) - raft.server.log.appender.install.snapshot.enabled = false (custom)
2025-04-23 04:29:34,997 [3650021b-da01-4d18-aa96-198e06a80749@group-3ED3DE2382DA-LeaderElection39] INFO  grpc.GrpcConfigKeys (ConfUtils.java:logGet(46)) - raft.grpc.server.heartbeat.channel = true (default)
2025-04-23 04:29:34,997 [3650021b-da01-4d18-aa96-198e06a80749@group-3ED3DE2382DA-LeaderElection39] INFO  impl.RoleInfo (RoleInfo.java:updateAndGet(148)) - 3650021b-da01-4d18-aa96-198e06a80749: start 3650021b-da01-4d18-aa96-198e06a80749@group-3ED3DE2382DA-LeaderStateImpl
2025-04-23 04:29:34,997 [3650021b-da01-4d18-aa96-198e06a80749@group-3ED3DE2382DA-LeaderElection39] INFO  server.RaftServer$Division (RaftServerImpl.java:setFirstElection(562)) - 3650021b-da01-4d18-aa96-198e06a80749@group-3ED3DE2382DA: set firstElectionSinceStartup to false for becomeLeader
2025-04-23 04:29:34,997 [3650021b-da01-4d18-aa96-198e06a80749@group-3ED3DE2382DA-LeaderElection39] INFO  ratis.XceiverServerRatis (XceiverServerRatis.java:handleLeaderChangedNotification(942)) - Leader change notification received for group: group-3ED3DE2382DA with new leaderId: 3650021b-da01-4d18-aa96-198e06a80749
2025-04-23 04:29:34,997 [3650021b-da01-4d18-aa96-198e06a80749@group-3ED3DE2382DA-LeaderElection39] INFO  server.RaftServer$Division (ServerState.java:setLeader(272)) - 3650021b-da01-4d18-aa96-198e06a80749@group-3ED3DE2382DA: change Leader from null to 3650021b-da01-4d18-aa96-198e06a80749 at term 1 for becomeLeader, leader elected after 1034ms
2025-04-23 04:29:34,998 [3650021b-da01-4d18-aa96-198e06a80749@group-3ED3DE2382DA-LeaderElection39] INFO  segmented.SegmentedRaftLogWorker (SegmentedRaftLogWorker.java:startLogSegment(438)) - 3650021b-da01-4d18-aa96-198e06a80749@group-3ED3DE2382DA-SegmentedRaftLogWorker: Starting segment from index:0
2025-04-23 04:29:34,998 [3650021b-da01-4d18-aa96-198e06a80749@group-3ED3DE2382DA-LeaderElection39] INFO  server.RaftServer$Division (ServerState.java:setRaftConf(386)) - 3650021b-da01-4d18-aa96-198e06a80749@group-3ED3DE2382DA: set configuration conf: {index: 0, cur=peers:[8886420c-3c5d-4daa-85e6-40ee88a9c75a|127.0.0.1:15073, 7e05a46c-0a2e-4cd7-9b48-a27584e21533|127.0.0.1:15065, 3650021b-da01-4d18-aa96-198e06a80749|127.0.0.1:15081]|listeners:[], old=null}
2025-04-23 04:29:34,998 [3650021b-da01-4d18-aa96-198e06a80749@group-3ED3DE2382DA-SegmentedRaftLogWorker] INFO  segmented.BufferedWriteChannel (BufferedWriteChannel.java:open(61)) - open log_inprogress_0 at position 0
2025-04-23 04:29:35,001 [7e05a46c-0a2e-4cd7-9b48-a27584e21533@group-A5C62B28D023-FollowerState] INFO  impl.FollowerState (FollowerState.java:runImpl(161)) - 7e05a46c-0a2e-4cd7-9b48-a27584e21533@group-A5C62B28D023-FollowerState: change to CANDIDATE, lastRpcElapsedTime:1162990418ns, electionTimeout:1162ms
2025-04-23 04:29:35,001 [7e05a46c-0a2e-4cd7-9b48-a27584e21533@group-A5C62B28D023-FollowerState] INFO  impl.RoleInfo (RoleInfo.java:shutdownFollowerState(121)) - 7e05a46c-0a2e-4cd7-9b48-a27584e21533: shutdown 7e05a46c-0a2e-4cd7-9b48-a27584e21533@group-A5C62B28D023-FollowerState
2025-04-23 04:29:35,001 [7e05a46c-0a2e-4cd7-9b48-a27584e21533@group-A5C62B28D023-FollowerState] INFO  server.RaftServer$Division (RaftServerImpl.java:setRole(378)) - 7e05a46c-0a2e-4cd7-9b48-a27584e21533@group-A5C62B28D023: changes role from  FOLLOWER to CANDIDATE at term 0 for changeToCandidate
2025-04-23 04:29:35,001 [7e05a46c-0a2e-4cd7-9b48-a27584e21533@group-A5C62B28D023-FollowerState] INFO  server.RaftServerConfigKeys (ConfUtils.java:logGet(46)) - raft.server.leaderelection.pre-vote = true (default)
2025-04-23 04:29:35,001 [7e05a46c-0a2e-4cd7-9b48-a27584e21533@group-A5C62B28D023-FollowerState] INFO  impl.RoleInfo (RoleInfo.java:updateAndGet(148)) - 7e05a46c-0a2e-4cd7-9b48-a27584e21533: start 7e05a46c-0a2e-4cd7-9b48-a27584e21533@group-A5C62B28D023-LeaderElection40
2025-04-23 04:29:35,001 [EventQueue-OpenPipelineForHealthyPipelineSafeModeRule] INFO  safemode.SCMSafeModeManager (HealthyPipelineSafeModeRule.java:process(141)) - SCM in safe mode. Healthy pipelines reported count is 0, required healthy pipeline reported count is 1
2025-04-23 04:29:35,003 [7e05a46c-0a2e-4cd7-9b48-a27584e21533@group-A5C62B28D023-LeaderElection40] INFO  impl.LeaderElection (LeaderElection.java:askForVotes(332)) - 7e05a46c-0a2e-4cd7-9b48-a27584e21533@group-A5C62B28D023-LeaderElection40 PRE_VOTE round 0: submit vote requests at term 0 for conf: {index: -1, cur=peers:[7e05a46c-0a2e-4cd7-9b48-a27584e21533|127.0.0.1:15065]|listeners:[], old=null}
2025-04-23 04:29:35,003 [7e05a46c-0a2e-4cd7-9b48-a27584e21533@group-A5C62B28D023-LeaderElection40] INFO  impl.LeaderElection (LeaderElection.java:askForVotes(334)) - 7e05a46c-0a2e-4cd7-9b48-a27584e21533@group-A5C62B28D023-LeaderElection40 PRE_VOTE round 0: result PASSED (term=0)
2025-04-23 04:29:35,005 [1763a5f8-9e33-4e4d-85c9-a44f9db01322@group-3D25694EC971-StateMachineUpdater] INFO  safemode.HealthyPipelineSafeModeRule (HealthyPipelineSafeModeRule.java:initializeRule(174)) - Refreshed total pipeline count is 1, healthy pipeline threshold count is 1
2025-04-23 04:29:35,005 [EventQueue-PipelineReportForPipelineReportHandler] INFO  pipeline.PipelineReportHandler (PipelineReportHandler.java:processPipelineReport(134)) - Opened pipeline PipelineID=0ac6650d-8361-4de8-afa7-3ed3de2382da
2025-04-23 04:29:35,005 [EventQueue-OpenPipelineForHealthyPipelineSafeModeRule] INFO  safemode.SCMSafeModeManager (HealthyPipelineSafeModeRule.java:process(141)) - SCM in safe mode. Healthy pipelines reported count is 1, required healthy pipeline reported count is 1
2025-04-23 04:29:35,005 [EventQueue-OpenPipelineForHealthyPipelineSafeModeRule] INFO  safemode.SCMSafeModeManager (SCMSafeModeManager.java:validateSafeModeExitRules(186)) - HealthyPipelineSafeModeRule rule is successfully validated
2025-04-23 04:29:35,005 [EventQueue-OpenPipelineForHealthyPipelineSafeModeRule] INFO  safemode.SCMSafeModeManager (SCMSafeModeManager.java:validateSafeModeExitRules(201)) - ScmSafeModeManager, all rules are successfully validated
2025-04-23 04:29:35,005 [EventQueue-OpenPipelineForHealthyPipelineSafeModeRule] INFO  safemode.SCMSafeModeManager (SCMSafeModeManager.java:exitSafeMode(231)) - SCM exiting safe mode.
2025-04-23 04:29:35,006 [EventQueue-OpenPipelineForHealthyPipelineSafeModeRule] INFO  ha.SCMContext (SCMContext.java:updateSafeModeStatus(224)) - Update SafeModeStatus from SafeModeStatus{safeModeStatus=true, preCheckPassed=true} to SafeModeStatus{safeModeStatus=false, preCheckPassed=true}.
2025-04-23 04:29:35,006 [EventQueue-OpenPipelineForHealthyPipelineSafeModeRule] INFO  BackgroundPipelineScrubber (BackgroundSCMService.java:notifyStatusChanged(78)) - Service BackgroundPipelineScrubber transitions to RUNNING.
2025-04-23 04:29:35,006 [EventQueue-OpenPipelineForHealthyPipelineSafeModeRule] INFO  ExpiredContainerReplicaOpScrubber (BackgroundSCMService.java:notifyStatusChanged(78)) - Service ExpiredContainerReplicaOpScrubber transitions to RUNNING.
2025-04-23 04:29:35,006 [EventQueue-OpenPipelineForHealthyPipelineSafeModeRule] INFO  block.SCMBlockDeletingService (SCMBlockDeletingService.java:notifyStatusChanged(250)) - notifyStatusChanged:RUNNING
2025-04-23 04:29:35,006 [EventQueue-OpenPipelineForHealthyPipelineSafeModeRule] INFO  replication.ReplicationManager (ReplicationManager.java:notifyStatusChanged(1386)) - Service ReplicationManager transitions to RUNNING.
2025-04-23 04:29:35,006 [EventQueue-OpenPipelineForHealthyPipelineSafeModeRule] WARN  balancer.ContainerBalancer (ContainerBalancer.java:shouldRun(134)) - Could not find persisted configuration for ContainerBalancer when checking if ContainerBalancer should run. ContainerBalancer should not run now.
2025-04-23 04:29:35,006 [EventQueue-OpenPipelineForHealthyPipelineSafeModeRule] INFO  SCMHATransactionMonitor (BackgroundSCMService.java:notifyStatusChanged(78)) - Service SCMHATransactionMonitor transitions to RUNNING.
2025-04-23 04:29:35,007 [8886420c-3c5d-4daa-85e6-40ee88a9c75a-server-thread1] INFO  ratis.XceiverServerRatis (XceiverServerRatis.java:handleLeaderChangedNotification(942)) - Leader change notification received for group: group-3ED3DE2382DA with new leaderId: 3650021b-da01-4d18-aa96-198e06a80749
2025-04-23 04:29:35,007 [8886420c-3c5d-4daa-85e6-40ee88a9c75a-server-thread1] INFO  server.RaftServer$Division (ServerState.java:setLeader(272)) - 8886420c-3c5d-4daa-85e6-40ee88a9c75a@group-3ED3DE2382DA: change Leader from null to 3650021b-da01-4d18-aa96-198e06a80749 at term 1 for appendEntries, leader elected after 1069ms
2025-04-23 04:29:35,007 [7e05a46c-0a2e-4cd7-9b48-a27584e21533-server-thread1] INFO  ratis.XceiverServerRatis (XceiverServerRatis.java:handleLeaderChangedNotification(942)) - Leader change notification received for group: group-3ED3DE2382DA with new leaderId: 3650021b-da01-4d18-aa96-198e06a80749
2025-04-23 04:29:35,007 [7e05a46c-0a2e-4cd7-9b48-a27584e21533-server-thread1] INFO  server.RaftServer$Division (ServerState.java:setLeader(272)) - 7e05a46c-0a2e-4cd7-9b48-a27584e21533@group-3ED3DE2382DA: change Leader from null to 3650021b-da01-4d18-aa96-198e06a80749 at term 1 for appendEntries, leader elected after 1092ms
2025-04-23 04:29:35,008 [8886420c-3c5d-4daa-85e6-40ee88a9c75a-server-thread2] INFO  server.RaftServer$Division (ServerState.java:setRaftConf(386)) - 8886420c-3c5d-4daa-85e6-40ee88a9c75a@group-3ED3DE2382DA: set configuration conf: {index: 0, cur=peers:[8886420c-3c5d-4daa-85e6-40ee88a9c75a|127.0.0.1:15073, 7e05a46c-0a2e-4cd7-9b48-a27584e21533|127.0.0.1:15065, 3650021b-da01-4d18-aa96-198e06a80749|127.0.0.1:15081]|listeners:[], old=null}
2025-04-23 04:29:35,008 [8886420c-3c5d-4daa-85e6-40ee88a9c75a-server-thread2] INFO  segmented.SegmentedRaftLogWorker (SegmentedRaftLogWorker.java:startLogSegment(438)) - 8886420c-3c5d-4daa-85e6-40ee88a9c75a@group-3ED3DE2382DA-SegmentedRaftLogWorker: Starting segment from index:0
2025-04-23 04:29:35,008 [8886420c-3c5d-4daa-85e6-40ee88a9c75a@group-3ED3DE2382DA-SegmentedRaftLogWorker] INFO  segmented.BufferedWriteChannel (BufferedWriteChannel.java:open(61)) - open log_inprogress_0 at position 0
2025-04-23 04:29:35,008 [7e05a46c-0a2e-4cd7-9b48-a27584e21533@group-A5C62B28D023-LeaderElection40] INFO  impl.LeaderElection (LeaderElection.java:askForVotes(332)) - 7e05a46c-0a2e-4cd7-9b48-a27584e21533@group-A5C62B28D023-LeaderElection40 ELECTION round 0: submit vote requests at term 1 for conf: {index: -1, cur=peers:[7e05a46c-0a2e-4cd7-9b48-a27584e21533|127.0.0.1:15065]|listeners:[], old=null}
2025-04-23 04:29:35,008 [7e05a46c-0a2e-4cd7-9b48-a27584e21533@group-A5C62B28D023-LeaderElection40] INFO  impl.LeaderElection (LeaderElection.java:askForVotes(334)) - 7e05a46c-0a2e-4cd7-9b48-a27584e21533@group-A5C62B28D023-LeaderElection40 ELECTION round 0: result PASSED (term=1)
2025-04-23 04:29:35,008 [7e05a46c-0a2e-4cd7-9b48-a27584e21533@group-A5C62B28D023-LeaderElection40] INFO  impl.RoleInfo (RoleInfo.java:shutdownLeaderElection(141)) - 7e05a46c-0a2e-4cd7-9b48-a27584e21533: shutdown 7e05a46c-0a2e-4cd7-9b48-a27584e21533@group-A5C62B28D023-LeaderElection40
2025-04-23 04:29:35,009 [7e05a46c-0a2e-4cd7-9b48-a27584e21533@group-A5C62B28D023-LeaderElection40] INFO  server.RaftServer$Division (RaftServerImpl.java:setRole(378)) - 7e05a46c-0a2e-4cd7-9b48-a27584e21533@group-A5C62B28D023: changes role from CANDIDATE to LEADER at term 1 for changeToLeader
2025-04-23 04:29:35,009 [7e05a46c-0a2e-4cd7-9b48-a27584e21533@group-A5C62B28D023-LeaderElection40] INFO  server.RaftServerConfigKeys (ConfUtils.java:logGet(46)) - raft.server.staging.catchup.gap = 1000 (default)
2025-04-23 04:29:35,009 [7e05a46c-0a2e-4cd7-9b48-a27584e21533@group-A5C62B28D023-LeaderElection40] INFO  server.RaftServerConfigKeys (ConfUtils.java:logGet(46)) - raft.server.write.element-limit = 1024 (custom)
2025-04-23 04:29:35,009 [7e05a46c-0a2e-4cd7-9b48-a27584e21533@group-A5C62B28D023-LeaderElection40] INFO  server.RaftServerConfigKeys (ConfUtils.java:logGet(46)) - raft.server.write.byte-limit = 1024 M (=1073741824) (custom)
2025-04-23 04:29:35,009 [7e05a46c-0a2e-4cd7-9b48-a27584e21533-server-thread2] INFO  server.RaftServer$Division (ServerState.java:setRaftConf(386)) - 7e05a46c-0a2e-4cd7-9b48-a27584e21533@group-3ED3DE2382DA: set configuration conf: {index: 0, cur=peers:[8886420c-3c5d-4daa-85e6-40ee88a9c75a|127.0.0.1:15073, 7e05a46c-0a2e-4cd7-9b48-a27584e21533|127.0.0.1:15065, 3650021b-da01-4d18-aa96-198e06a80749|127.0.0.1:15081]|listeners:[], old=null}
2025-04-23 04:29:35,009 [7e05a46c-0a2e-4cd7-9b48-a27584e21533-server-thread2] INFO  segmented.SegmentedRaftLogWorker (SegmentedRaftLogWorker.java:startLogSegment(438)) - 7e05a46c-0a2e-4cd7-9b48-a27584e21533@group-3ED3DE2382DA-SegmentedRaftLogWorker: Starting segment from index:0
2025-04-23 04:29:35,009 [7e05a46c-0a2e-4cd7-9b48-a27584e21533@group-A5C62B28D023-LeaderElection40] INFO  server.RaftServerConfigKeys (ConfUtils.java:logGet(46)) - raft.server.watch.timeout = 30s (custom)
2025-04-23 04:29:35,009 [7e05a46c-0a2e-4cd7-9b48-a27584e21533@group-A5C62B28D023-LeaderElection40] INFO  server.RaftServerConfigKeys (ConfUtils.java:logGet(46)) - raft.server.watch.timeout.denomination = 1s (default)
2025-04-23 04:29:35,009 [7e05a46c-0a2e-4cd7-9b48-a27584e21533@group-A5C62B28D023-LeaderElection40] INFO  server.RaftServerConfigKeys (ConfUtils.java:logGet(46)) - raft.server.watch.element-limit = 65536 (default)
2025-04-23 04:29:35,010 [3650021b-da01-4d18-aa96-198e06a80749@group-3ED3DE2382DA-SegmentedRaftLogWorker] INFO  segmented.SegmentedRaftLogWorker (SegmentedRaftLogWorker.java:execute(644)) - 3650021b-da01-4d18-aa96-198e06a80749@group-3ED3DE2382DA-SegmentedRaftLogWorker: created new log segment /home/runner/work/ozone/ozone/hadoop-ozone/integration-test/target/test-dir/MiniOzoneClusterImpl-e6c14afe-f26c-49b2-91d5-3d25694ec971/ozone-meta/datanode-3/ratis/0ac6650d-8361-4de8-afa7-3ed3de2382da/current/log_inprogress_0
2025-04-23 04:29:35,010 [7e05a46c-0a2e-4cd7-9b48-a27584e21533@group-3ED3DE2382DA-SegmentedRaftLogWorker] INFO  segmented.BufferedWriteChannel (BufferedWriteChannel.java:open(61)) - open log_inprogress_0 at position 0
2025-04-23 04:29:35,011 [7e05a46c-0a2e-4cd7-9b48-a27584e21533@group-A5C62B28D023-LeaderElection40] INFO  server.RaftServerConfigKeys (ConfUtils.java:logGet(46)) - raft.server.read.leader.lease.enabled = false (default)
2025-04-23 04:29:35,011 [7e05a46c-0a2e-4cd7-9b48-a27584e21533@group-A5C62B28D023-LeaderElection40] INFO  server.RaftServerConfigKeys (ConfUtils.java:logGet(46)) - raft.server.read.leader.lease.timeout.ratio = 0.9 (default)
2025-04-23 04:29:35,011 [7e05a46c-0a2e-4cd7-9b48-a27584e21533@group-A5C62B28D023-LeaderElection40] INFO  server.RaftServerConfigKeys (ConfUtils.java:logGet(46)) - raft.server.rpc.timeout.min = 5s (custom)
2025-04-23 04:29:35,011 [7e05a46c-0a2e-4cd7-9b48-a27584e21533@group-A5C62B28D023-LeaderElection40] INFO  server.RaftServerConfigKeys (ConfUtils.java:logGet(46)) - raft.server.log.log-metadata.enabled = true (default)
2025-04-23 04:29:35,011 [7e05a46c-0a2e-4cd7-9b48-a27584e21533@group-A5C62B28D023-LeaderElection40] INFO  server.RaftServerConfigKeys (ConfUtils.java:logGet(46)) - raft.server.write.element-limit = 1024 (custom)
2025-04-23 04:29:35,011 [7e05a46c-0a2e-4cd7-9b48-a27584e21533@group-A5C62B28D023-LeaderElection40] INFO  server.RaftServerConfigKeys (ConfUtils.java:logGet(46)) - raft.server.write.follower.gap.ratio.max = -1.0 (default)
2025-04-23 04:29:35,011 [7e05a46c-0a2e-4cd7-9b48-a27584e21533@group-A5C62B28D023-LeaderElection40] INFO  impl.RoleInfo (RoleInfo.java:updateAndGet(148)) - 7e05a46c-0a2e-4cd7-9b48-a27584e21533: start 7e05a46c-0a2e-4cd7-9b48-a27584e21533@group-A5C62B28D023-LeaderStateImpl
2025-04-23 04:29:35,011 [7e05a46c-0a2e-4cd7-9b48-a27584e21533@group-A5C62B28D023-LeaderElection40] INFO  server.RaftServer$Division (RaftServerImpl.java:setFirstElection(562)) - 7e05a46c-0a2e-4cd7-9b48-a27584e21533@group-A5C62B28D023: set firstElectionSinceStartup to false for becomeLeader
2025-04-23 04:29:35,011 [7e05a46c-0a2e-4cd7-9b48-a27584e21533@group-A5C62B28D023-LeaderElection40] INFO  ratis.XceiverServerRatis (XceiverServerRatis.java:handleLeaderChangedNotification(942)) - Leader change notification received for group: group-A5C62B28D023 with new leaderId: 7e05a46c-0a2e-4cd7-9b48-a27584e21533
2025-04-23 04:29:35,012 [7e05a46c-0a2e-4cd7-9b48-a27584e21533@group-A5C62B28D023-LeaderElection40] INFO  server.RaftServer$Division (ServerState.java:setLeader(272)) - 7e05a46c-0a2e-4cd7-9b48-a27584e21533@group-A5C62B28D023: change Leader from null to 7e05a46c-0a2e-4cd7-9b48-a27584e21533 at term 1 for becomeLeader, leader elected after 1187ms
2025-04-23 04:29:35,012 [7e05a46c-0a2e-4cd7-9b48-a27584e21533@group-A5C62B28D023-LeaderElection40] INFO  segmented.SegmentedRaftLogWorker (SegmentedRaftLogWorker.java:startLogSegment(438)) - 7e05a46c-0a2e-4cd7-9b48-a27584e21533@group-A5C62B28D023-SegmentedRaftLogWorker: Starting segment from index:0
2025-04-23 04:29:35,012 [7e05a46c-0a2e-4cd7-9b48-a27584e21533@group-A5C62B28D023-LeaderElection40] INFO  server.RaftServer$Division (ServerState.java:setRaftConf(386)) - 7e05a46c-0a2e-4cd7-9b48-a27584e21533@group-A5C62B28D023: set configuration conf: {index: 0, cur=peers:[7e05a46c-0a2e-4cd7-9b48-a27584e21533|127.0.0.1:15065]|listeners:[], old=null}
2025-04-23 04:29:35,013 [7e05a46c-0a2e-4cd7-9b48-a27584e21533@group-A5C62B28D023-SegmentedRaftLogWorker] INFO  segmented.BufferedWriteChannel (BufferedWriteChannel.java:open(61)) - open log_inprogress_0 at position 0
2025-04-23 04:29:35,025 [7e05a46c-0a2e-4cd7-9b48-a27584e21533@group-3ED3DE2382DA-SegmentedRaftLogWorker] INFO  segmented.SegmentedRaftLogWorker (SegmentedRaftLogWorker.java:execute(644)) - 7e05a46c-0a2e-4cd7-9b48-a27584e21533@group-3ED3DE2382DA-SegmentedRaftLogWorker: created new log segment /home/runner/work/ozone/ozone/hadoop-ozone/integration-test/target/test-dir/MiniOzoneClusterImpl-e6c14afe-f26c-49b2-91d5-3d25694ec971/ozone-meta/datanode-1/ratis/0ac6650d-8361-4de8-afa7-3ed3de2382da/current/log_inprogress_0
2025-04-23 04:29:35,025 [8886420c-3c5d-4daa-85e6-40ee88a9c75a@group-3ED3DE2382DA-SegmentedRaftLogWorker] INFO  segmented.SegmentedRaftLogWorker (SegmentedRaftLogWorker.java:execute(644)) - 8886420c-3c5d-4daa-85e6-40ee88a9c75a@group-3ED3DE2382DA-SegmentedRaftLogWorker: created new log segment /home/runner/work/ozone/ozone/hadoop-ozone/integration-test/target/test-dir/MiniOzoneClusterImpl-e6c14afe-f26c-49b2-91d5-3d25694ec971/ozone-meta/datanode-2/ratis/0ac6650d-8361-4de8-afa7-3ed3de2382da/current/log_inprogress_0
2025-04-23 04:29:35,027 [7e05a46c-0a2e-4cd7-9b48-a27584e21533@group-A5C62B28D023-SegmentedRaftLogWorker] INFO  segmented.SegmentedRaftLogWorker (SegmentedRaftLogWorker.java:execute(644)) - 7e05a46c-0a2e-4cd7-9b48-a27584e21533@group-A5C62B28D023-SegmentedRaftLogWorker: created new log segment /home/runner/work/ozone/ozone/hadoop-ozone/integration-test/target/test-dir/MiniOzoneClusterImpl-e6c14afe-f26c-49b2-91d5-3d25694ec971/ozone-meta/datanode-1/ratis/092af254-35cf-4a24-9b74-a5c62b28d023/current/log_inprogress_0
2025-04-23 04:29:35,027 [3650021b-da01-4d18-aa96-198e06a80749@group-3ED3DE2382DA-StateMachineUpdater] INFO  server.RaftServer$Division (LeaderStateImpl.java:checkStartIndex(313)) - Leader 3650021b-da01-4d18-aa96-198e06a80749@group-3ED3DE2382DA-LeaderStateImpl is ready since appliedIndex == startIndex == 0
2025-04-23 04:29:35,028 [7e05a46c-0a2e-4cd7-9b48-a27584e21533@group-A5C62B28D023-StateMachineUpdater] INFO  server.RaftServer$Division (LeaderStateImpl.java:checkStartIndex(313)) - Leader 7e05a46c-0a2e-4cd7-9b48-a27584e21533@group-A5C62B28D023-LeaderStateImpl is ready since appliedIndex == startIndex == 0
2025-04-23 04:29:35,036 [8886420c-3c5d-4daa-85e6-40ee88a9c75a@group-0C9527091B91-FollowerState] INFO  impl.FollowerState (FollowerState.java:runImpl(161)) - 8886420c-3c5d-4daa-85e6-40ee88a9c75a@group-0C9527091B91-FollowerState: change to CANDIDATE, lastRpcElapsedTime:1154473075ns, electionTimeout:1154ms
2025-04-23 04:29:35,036 [8886420c-3c5d-4daa-85e6-40ee88a9c75a@group-0C9527091B91-FollowerState] INFO  impl.RoleInfo (RoleInfo.java:shutdownFollowerState(121)) - 8886420c-3c5d-4daa-85e6-40ee88a9c75a: shutdown 8886420c-3c5d-4daa-85e6-40ee88a9c75a@group-0C9527091B91-FollowerState
2025-04-23 04:29:35,036 [8886420c-3c5d-4daa-85e6-40ee88a9c75a@group-0C9527091B91-FollowerState] INFO  server.RaftServer$Division (RaftServerImpl.java:setRole(378)) - 8886420c-3c5d-4daa-85e6-40ee88a9c75a@group-0C9527091B91: changes role from  FOLLOWER to CANDIDATE at term 0 for changeToCandidate
2025-04-23 04:29:35,036 [8886420c-3c5d-4daa-85e6-40ee88a9c75a@group-0C9527091B91-FollowerState] INFO  server.RaftServerConfigKeys (ConfUtils.java:logGet(46)) - raft.server.leaderelection.pre-vote = true (default)
2025-04-23 04:29:35,037 [8886420c-3c5d-4daa-85e6-40ee88a9c75a@group-0C9527091B91-FollowerState] INFO  impl.RoleInfo (RoleInfo.java:updateAndGet(148)) - 8886420c-3c5d-4daa-85e6-40ee88a9c75a: start 8886420c-3c5d-4daa-85e6-40ee88a9c75a@group-0C9527091B91-LeaderElection41
2025-04-23 04:29:35,037 [8886420c-3c5d-4daa-85e6-40ee88a9c75a@group-0C9527091B91-LeaderElection41] INFO  impl.LeaderElection (LeaderElection.java:askForVotes(332)) - 8886420c-3c5d-4daa-85e6-40ee88a9c75a@group-0C9527091B91-LeaderElection41 PRE_VOTE round 0: submit vote requests at term 0 for conf: {index: -1, cur=peers:[8886420c-3c5d-4daa-85e6-40ee88a9c75a|127.0.0.1:15073, 7e05a46c-0a2e-4cd7-9b48-a27584e21533|127.0.0.1:15065, 3650021b-da01-4d18-aa96-198e06a80749|127.0.0.1:15081]|listeners:[], old=null}
2025-04-23 04:29:35,037 [8886420c-3c5d-4daa-85e6-40ee88a9c75a@group-0C9527091B91-LeaderElection41-1] INFO  server.GrpcServerProtocolClient (GrpcServerProtocolClient.java:<init>(65)) - Build channel for 7e05a46c-0a2e-4cd7-9b48-a27584e21533|127.0.0.1:15065
2025-04-23 04:29:35,037 [8886420c-3c5d-4daa-85e6-40ee88a9c75a@group-0C9527091B91-LeaderElection41] INFO  server.RaftServerConfigKeys (ConfUtils.java:logGet(46)) - raft.server.rpc.first-election.timeout.min = 1000ms (custom)
2025-04-23 04:29:35,037 [8886420c-3c5d-4daa-85e6-40ee88a9c75a@group-0C9527091B91-LeaderElection41-2] INFO  server.GrpcServerProtocolClient (GrpcServerProtocolClient.java:<init>(65)) - Build channel for 3650021b-da01-4d18-aa96-198e06a80749|127.0.0.1:15081
2025-04-23 04:29:35,037 [8886420c-3c5d-4daa-85e6-40ee88a9c75a@group-0C9527091B91-LeaderElection41] INFO  server.RaftServerConfigKeys (ConfUtils.java:logGet(46)) - raft.server.rpc.first-election.timeout.max = 1200ms (custom)
2025-04-23 04:29:35,040 [grpc-default-executor-0] INFO  server.RaftServer$Division (RaftServerImpl.java:requestVote(1407)) - 3650021b-da01-4d18-aa96-198e06a80749@group-0C9527091B91: receive requestVote(PRE_VOTE, 8886420c-3c5d-4daa-85e6-40ee88a9c75a, group-0C9527091B91, 0, (t:0, i:0))
2025-04-23 04:29:35,040 [grpc-default-executor-0] INFO  impl.VoteContext (VoteContext.java:log(49)) - 3650021b-da01-4d18-aa96-198e06a80749@group-0C9527091B91-FOLLOWER: accept PRE_VOTE from 8886420c-3c5d-4daa-85e6-40ee88a9c75a: our priority 0 <= candidate's priority 1
2025-04-23 04:29:35,040 [grpc-default-executor-4] INFO  server.RaftServer$Division (RaftServerImpl.java:requestVote(1407)) - 7e05a46c-0a2e-4cd7-9b48-a27584e21533@group-0C9527091B91: receive requestVote(PRE_VOTE, 8886420c-3c5d-4daa-85e6-40ee88a9c75a, group-0C9527091B91, 0, (t:0, i:0))
2025-04-23 04:29:35,041 [grpc-default-executor-0] INFO  server.RaftServer$Division (RaftServerImpl.java:requestVote(1441)) - 3650021b-da01-4d18-aa96-198e06a80749@group-0C9527091B91 replies to PRE_VOTE vote request: 8886420c-3c5d-4daa-85e6-40ee88a9c75a<-3650021b-da01-4d18-aa96-198e06a80749#0:OK-t0. Peer's state: 3650021b-da01-4d18-aa96-198e06a80749@group-0C9527091B91:t0, leader=null, voted=, raftlog=Memoized:3650021b-da01-4d18-aa96-198e06a80749@group-0C9527091B91-SegmentedRaftLog:OPENED:c-1:lastnull, conf=conf: {index: -1, cur=peers:[8886420c-3c5d-4daa-85e6-40ee88a9c75a|127.0.0.1:15073, 7e05a46c-0a2e-4cd7-9b48-a27584e21533|127.0.0.1:15065, 3650021b-da01-4d18-aa96-198e06a80749|127.0.0.1:15081]|listeners:[], old=null}
2025-04-23 04:29:35,041 [grpc-default-executor-4] INFO  impl.VoteContext (VoteContext.java:log(49)) - 7e05a46c-0a2e-4cd7-9b48-a27584e21533@group-0C9527091B91-FOLLOWER: accept PRE_VOTE from 8886420c-3c5d-4daa-85e6-40ee88a9c75a: our priority 0 <= candidate's priority 1
2025-04-23 04:29:35,041 [grpc-default-executor-4] INFO  server.RaftServer$Division (RaftServerImpl.java:requestVote(1441)) - 7e05a46c-0a2e-4cd7-9b48-a27584e21533@group-0C9527091B91 replies to PRE_VOTE vote request: 8886420c-3c5d-4daa-85e6-40ee88a9c75a<-7e05a46c-0a2e-4cd7-9b48-a27584e21533#0:OK-t0. Peer's state: 7e05a46c-0a2e-4cd7-9b48-a27584e21533@group-0C9527091B91:t0, leader=null, voted=, raftlog=Memoized:7e05a46c-0a2e-4cd7-9b48-a27584e21533@group-0C9527091B91-SegmentedRaftLog:OPENED:c-1:lastnull, conf=conf: {index: -1, cur=peers:[8886420c-3c5d-4daa-85e6-40ee88a9c75a|127.0.0.1:15073, 7e05a46c-0a2e-4cd7-9b48-a27584e21533|127.0.0.1:15065, 3650021b-da01-4d18-aa96-198e06a80749|127.0.0.1:15081]|listeners:[], old=null}
2025-04-23 04:29:35,041 [8886420c-3c5d-4daa-85e6-40ee88a9c75a@group-0C9527091B91-LeaderElection41] INFO  impl.LeaderElection (LeaderElection.java:logAndReturn(90)) - 8886420c-3c5d-4daa-85e6-40ee88a9c75a@group-0C9527091B91-LeaderElection41: PRE_VOTE PASSED received 1 response(s) and 0 exception(s):
2025-04-23 04:29:35,041 [8886420c-3c5d-4daa-85e6-40ee88a9c75a@group-0C9527091B91-LeaderElection41] INFO  impl.LeaderElection (LeaderElection.java:logAndReturn(94)) -   Response 0: 8886420c-3c5d-4daa-85e6-40ee88a9c75a<-3650021b-da01-4d18-aa96-198e06a80749#0:OK-t0
2025-04-23 04:29:35,041 [8886420c-3c5d-4daa-85e6-40ee88a9c75a@group-0C9527091B91-LeaderElection41] INFO  impl.LeaderElection (LeaderElection.java:askForVotes(334)) - 8886420c-3c5d-4daa-85e6-40ee88a9c75a@group-0C9527091B91-LeaderElection41 PRE_VOTE round 0: result PASSED
2025-04-23 04:29:35,043 [8886420c-3c5d-4daa-85e6-40ee88a9c75a@group-0C9527091B91-LeaderElection41] INFO  impl.LeaderElection (LeaderElection.java:askForVotes(332)) - 8886420c-3c5d-4daa-85e6-40ee88a9c75a@group-0C9527091B91-LeaderElection41 ELECTION round 0: submit vote requests at term 1 for conf: {index: -1, cur=peers:[8886420c-3c5d-4daa-85e6-40ee88a9c75a|127.0.0.1:15073, 7e05a46c-0a2e-4cd7-9b48-a27584e21533|127.0.0.1:15065, 3650021b-da01-4d18-aa96-198e06a80749|127.0.0.1:15081]|listeners:[], old=null}
2025-04-23 04:29:35,043 [8886420c-3c5d-4daa-85e6-40ee88a9c75a@group-0C9527091B91-LeaderElection41] INFO  server.RaftServerConfigKeys (ConfUtils.java:logGet(46)) - raft.server.rpc.first-election.timeout.min = 1000ms (custom)
2025-04-23 04:29:35,043 [8886420c-3c5d-4daa-85e6-40ee88a9c75a@group-0C9527091B91-LeaderElection41] INFO  server.RaftServerConfigKeys (ConfUtils.java:logGet(46)) - raft.server.rpc.first-election.timeout.max = 1200ms (custom)
2025-04-23 04:29:35,044 [grpc-default-executor-4] INFO  server.RaftServer$Division (RaftServerImpl.java:requestVote(1407)) - 7e05a46c-0a2e-4cd7-9b48-a27584e21533@group-0C9527091B91: receive requestVote(ELECTION, 8886420c-3c5d-4daa-85e6-40ee88a9c75a, group-0C9527091B91, 1, (t:0, i:0))
2025-04-23 04:29:35,044 [grpc-default-executor-4] INFO  impl.VoteContext (VoteContext.java:log(49)) - 7e05a46c-0a2e-4cd7-9b48-a27584e21533@group-0C9527091B91-FOLLOWER: accept ELECTION from 8886420c-3c5d-4daa-85e6-40ee88a9c75a: our priority 0 <= candidate's priority 1
2025-04-23 04:29:35,044 [grpc-default-executor-4] INFO  server.RaftServer$Division (RaftServerImpl.java:setRole(378)) - 7e05a46c-0a2e-4cd7-9b48-a27584e21533@group-0C9527091B91: changes role from  FOLLOWER to FOLLOWER at term 0 for candidate:8886420c-3c5d-4daa-85e6-40ee88a9c75a
2025-04-23 04:29:35,044 [grpc-default-executor-0] INFO  server.RaftServer$Division (RaftServerImpl.java:requestVote(1407)) - 3650021b-da01-4d18-aa96-198e06a80749@group-0C9527091B91: receive requestVote(ELECTION, 8886420c-3c5d-4daa-85e6-40ee88a9c75a, group-0C9527091B91, 1, (t:0, i:0))
2025-04-23 04:29:35,044 [grpc-default-executor-0] INFO  impl.VoteContext (VoteContext.java:log(49)) - 3650021b-da01-4d18-aa96-198e06a80749@group-0C9527091B91-FOLLOWER: accept ELECTION from 8886420c-3c5d-4daa-85e6-40ee88a9c75a: our priority 0 <= candidate's priority 1
2025-04-23 04:29:35,044 [grpc-default-executor-0] INFO  server.RaftServer$Division (RaftServerImpl.java:setRole(378)) - 3650021b-da01-4d18-aa96-198e06a80749@group-0C9527091B91: changes role from  FOLLOWER to FOLLOWER at term 0 for candidate:8886420c-3c5d-4daa-85e6-40ee88a9c75a
2025-04-23 04:29:35,044 [grpc-default-executor-0] INFO  impl.RoleInfo (RoleInfo.java:shutdownFollowerState(121)) - 3650021b-da01-4d18-aa96-198e06a80749: shutdown 3650021b-da01-4d18-aa96-198e06a80749@group-0C9527091B91-FollowerState
2025-04-23 04:29:35,044 [grpc-default-executor-0] INFO  impl.RoleInfo (RoleInfo.java:updateAndGet(148)) - 3650021b-da01-4d18-aa96-198e06a80749: start 3650021b-da01-4d18-aa96-198e06a80749@group-0C9527091B91-FollowerState
2025-04-23 04:29:35,044 [grpc-default-executor-4] INFO  impl.RoleInfo (RoleInfo.java:shutdownFollowerState(121)) - 7e05a46c-0a2e-4cd7-9b48-a27584e21533: shutdown 7e05a46c-0a2e-4cd7-9b48-a27584e21533@group-0C9527091B91-FollowerState
2025-04-23 04:29:35,044 [grpc-default-executor-4] INFO  impl.RoleInfo (RoleInfo.java:updateAndGet(148)) - 7e05a46c-0a2e-4cd7-9b48-a27584e21533: start 7e05a46c-0a2e-4cd7-9b48-a27584e21533@group-0C9527091B91-FollowerState
2025-04-23 04:29:35,045 [3650021b-da01-4d18-aa96-198e06a80749@group-0C9527091B91-FollowerState] INFO  impl.FollowerState (FollowerState.java:runImpl(170)) - 3650021b-da01-4d18-aa96-198e06a80749@group-0C9527091B91-FollowerState was interrupted
2025-04-23 04:29:35,045 [7e05a46c-0a2e-4cd7-9b48-a27584e21533@group-0C9527091B91-FollowerState] INFO  impl.FollowerState (FollowerState.java:runImpl(170)) - 7e05a46c-0a2e-4cd7-9b48-a27584e21533@group-0C9527091B91-FollowerState was interrupted
2025-04-23 04:29:35,047 [grpc-default-executor-4] INFO  server.RaftServer$Division (RaftServerImpl.java:requestVote(1441)) - 7e05a46c-0a2e-4cd7-9b48-a27584e21533@group-0C9527091B91 replies to ELECTION vote request: 8886420c-3c5d-4daa-85e6-40ee88a9c75a<-7e05a46c-0a2e-4cd7-9b48-a27584e21533#0:OK-t1. Peer's state: 7e05a46c-0a2e-4cd7-9b48-a27584e21533@group-0C9527091B91:t1, leader=null, voted=8886420c-3c5d-4daa-85e6-40ee88a9c75a, raftlog=Memoized:7e05a46c-0a2e-4cd7-9b48-a27584e21533@group-0C9527091B91-SegmentedRaftLog:OPENED:c-1:lastnull, conf=conf: {index: -1, cur=peers:[8886420c-3c5d-4daa-85e6-40ee88a9c75a|127.0.0.1:15073, 7e05a46c-0a2e-4cd7-9b48-a27584e21533|127.0.0.1:15065, 3650021b-da01-4d18-aa96-198e06a80749|127.0.0.1:15081]|listeners:[], old=null}
2025-04-23 04:29:35,047 [8886420c-3c5d-4daa-85e6-40ee88a9c75a@group-0C9527091B91-LeaderElection41] INFO  impl.LeaderElection (LeaderElection.java:logAndReturn(90)) - 8886420c-3c5d-4daa-85e6-40ee88a9c75a@group-0C9527091B91-LeaderElection41: ELECTION PASSED received 1 response(s) and 0 exception(s):
2025-04-23 04:29:35,047 [8886420c-3c5d-4daa-85e6-40ee88a9c75a@group-0C9527091B91-LeaderElection41] INFO  impl.LeaderElection (LeaderElection.java:logAndReturn(94)) -   Response 0: 8886420c-3c5d-4daa-85e6-40ee88a9c75a<-7e05a46c-0a2e-4cd7-9b48-a27584e21533#0:OK-t1
2025-04-23 04:29:35,047 [8886420c-3c5d-4daa-85e6-40ee88a9c75a@group-0C9527091B91-LeaderElection41] INFO  impl.LeaderElection (LeaderElection.java:askForVotes(334)) - 8886420c-3c5d-4daa-85e6-40ee88a9c75a@group-0C9527091B91-LeaderElection41 ELECTION round 0: result PASSED
2025-04-23 04:29:35,047 [8886420c-3c5d-4daa-85e6-40ee88a9c75a@group-0C9527091B91-LeaderElection41] INFO  impl.RoleInfo (RoleInfo.java:shutdownLeaderElection(141)) - 8886420c-3c5d-4daa-85e6-40ee88a9c75a: shutdown 8886420c-3c5d-4daa-85e6-40ee88a9c75a@group-0C9527091B91-LeaderElection41
2025-04-23 04:29:35,047 [8886420c-3c5d-4daa-85e6-40ee88a9c75a@group-0C9527091B91-LeaderElection41] INFO  server.RaftServer$Division (RaftServerImpl.java:setRole(378)) - 8886420c-3c5d-4daa-85e6-40ee88a9c75a@group-0C9527091B91: changes role from CANDIDATE to LEADER at term 1 for changeToLeader
2025-04-23 04:29:35,047 [grpc-default-executor-0] INFO  server.RaftServer$Division (RaftServerImpl.java:requestVote(1441)) - 3650021b-da01-4d18-aa96-198e06a80749@group-0C9527091B91 replies to ELECTION vote request: 8886420c-3c5d-4daa-85e6-40ee88a9c75a<-3650021b-da01-4d18-aa96-198e06a80749#0:OK-t1. Peer's state: 3650021b-da01-4d18-aa96-198e06a80749@group-0C9527091B91:t1, leader=null, voted=8886420c-3c5d-4daa-85e6-40ee88a9c75a, raftlog=Memoized:3650021b-da01-4d18-aa96-198e06a80749@group-0C9527091B91-SegmentedRaftLog:OPENED:c-1:lastnull, conf=conf: {index: -1, cur=peers:[8886420c-3c5d-4daa-85e6-40ee88a9c75a|127.0.0.1:15073, 7e05a46c-0a2e-4cd7-9b48-a27584e21533|127.0.0.1:15065, 3650021b-da01-4d18-aa96-198e06a80749|127.0.0.1:15081]|listeners:[], old=null}
2025-04-23 04:29:35,047 [8886420c-3c5d-4daa-85e6-40ee88a9c75a@group-0C9527091B91-LeaderElection41] INFO  server.RaftServerConfigKeys (ConfUtils.java:logGet(46)) - raft.server.staging.catchup.gap = 1000 (default)
2025-04-23 04:29:35,048 [8886420c-3c5d-4daa-85e6-40ee88a9c75a@group-0C9527091B91-LeaderElection41] INFO  server.RaftServerConfigKeys (ConfUtils.java:logGet(46)) - raft.server.write.element-limit = 1024 (custom)
2025-04-23 04:29:35,048 [8886420c-3c5d-4daa-85e6-40ee88a9c75a@group-0C9527091B91-LeaderElection41] INFO  server.RaftServerConfigKeys (ConfUtils.java:logGet(46)) - raft.server.write.byte-limit = 1024 M (=1073741824) (custom)
2025-04-23 04:29:35,049 [8886420c-3c5d-4daa-85e6-40ee88a9c75a@group-0C9527091B91-LeaderElection41] INFO  server.RaftServerConfigKeys (ConfUtils.java:logGet(46)) - raft.server.watch.timeout = 30s (custom)
2025-04-23 04:29:35,049 [8886420c-3c5d-4daa-85e6-40ee88a9c75a@group-0C9527091B91-LeaderElection41] INFO  server.RaftServerConfigKeys (ConfUtils.java:logGet(46)) - raft.server.watch.timeout.denomination = 1s (default)
2025-04-23 04:29:35,049 [8886420c-3c5d-4daa-85e6-40ee88a9c75a@group-0C9527091B91-LeaderElection41] INFO  server.RaftServerConfigKeys (ConfUtils.java:logGet(46)) - raft.server.watch.element-limit = 65536 (default)
2025-04-23 04:29:35,049 [8886420c-3c5d-4daa-85e6-40ee88a9c75a@group-0C9527091B91-LeaderElection41] INFO  server.RaftServerConfigKeys (ConfUtils.java:logGet(46)) - raft.server.read.leader.lease.enabled = false (default)
2025-04-23 04:29:35,049 [8886420c-3c5d-4daa-85e6-40ee88a9c75a@group-0C9527091B91-LeaderElection41] INFO  server.RaftServerConfigKeys (ConfUtils.java:logGet(46)) - raft.server.read.leader.lease.timeout.ratio = 0.9 (default)
2025-04-23 04:29:35,049 [8886420c-3c5d-4daa-85e6-40ee88a9c75a@group-0C9527091B91-LeaderElection41] INFO  server.RaftServerConfigKeys (ConfUtils.java:logGet(46)) - raft.server.rpc.timeout.min = 5s (custom)
2025-04-23 04:29:35,049 [8886420c-3c5d-4daa-85e6-40ee88a9c75a@group-0C9527091B91-LeaderElection41] INFO  server.RaftServerConfigKeys (ConfUtils.java:logGet(46)) - raft.server.log.log-metadata.enabled = true (default)
2025-04-23 04:29:35,049 [8886420c-3c5d-4daa-85e6-40ee88a9c75a@group-0C9527091B91-LeaderElection41] INFO  server.RaftServerConfigKeys (ConfUtils.java:logGet(46)) - raft.server.write.element-limit = 1024 (custom)
2025-04-23 04:29:35,049 [8886420c-3c5d-4daa-85e6-40ee88a9c75a@group-0C9527091B91-LeaderElection41] INFO  server.RaftServerConfigKeys (ConfUtils.java:logGet(46)) - raft.server.write.follower.gap.ratio.max = -1.0 (default)
2025-04-23 04:29:35,050 [8886420c-3c5d-4daa-85e6-40ee88a9c75a@group-0C9527091B91-LeaderElection41] INFO  server.RaftServerConfigKeys (ConfUtils.java:logGet(46)) - raft.server.log.appender.snapshot.chunk.size.max = 16MB (=16777216) (default)
2025-04-23 04:29:35,050 [8886420c-3c5d-4daa-85e6-40ee88a9c75a@group-0C9527091B91-LeaderElection41] INFO  server.RaftServerConfigKeys (ConfUtils.java:logGet(46)) - raft.server.log.appender.buffer.byte-limit = 33554432 (custom)
2025-04-23 04:29:35,050 [8886420c-3c5d-4daa-85e6-40ee88a9c75a@group-0C9527091B91-LeaderElection41] INFO  server.RaftServerConfigKeys (ConfUtils.java:logGet(46)) - raft.server.log.appender.buffer.element-limit = 1024 (custom)
2025-04-23 04:29:35,050 [8886420c-3c5d-4daa-85e6-40ee88a9c75a@group-0C9527091B91-LeaderElection41] INFO  server.RaftServerConfigKeys (ConfUtils.java:logGet(46)) - raft.server.log.appender.wait-time.min = 0μs (custom)
2025-04-23 04:29:35,050 [8886420c-3c5d-4daa-85e6-40ee88a9c75a@group-0C9527091B91-LeaderElection41] INFO  grpc.GrpcConfigKeys (ConfUtils.java:logGet(46)) - raft.grpc.server.leader.outstanding.appends.max = 8 (default)
2025-04-23 04:29:35,050 [8886420c-3c5d-4daa-85e6-40ee88a9c75a@group-0C9527091B91-LeaderElection41] INFO  server.RaftServerConfigKeys (ConfUtils.java:logGet(46)) - raft.server.rpc.request.timeout = 60s (custom)
2025-04-23 04:29:35,050 [8886420c-3c5d-4daa-85e6-40ee88a9c75a@group-0C9527091B91-LeaderElection41] INFO  grpc.GrpcConfigKeys (ConfUtils.java:logGet(46)) - raft.grpc.server.install_snapshot.request.element-limit = 8 (default)
2025-04-23 04:29:35,050 [8886420c-3c5d-4daa-85e6-40ee88a9c75a@group-0C9527091B91-LeaderElection41] INFO  grpc.GrpcConfigKeys (ConfUtils.java:logGet(46)) - raft.grpc.server.install_snapshot.request.timeout = 3000ms (default)
2025-04-23 04:29:35,050 [8886420c-3c5d-4daa-85e6-40ee88a9c75a@group-0C9527091B91-LeaderElection41] INFO  grpc.GrpcConfigKeys (ConfUtils.java:logGet(46)) - raft.grpc.server.log-message.batch.duration = 5s (default)
2025-04-23 04:29:35,050 [8886420c-3c5d-4daa-85e6-40ee88a9c75a@group-0C9527091B91-LeaderElection41] INFO  server.RaftServerConfigKeys (ConfUtils.java:logGet(46)) - raft.server.log.appender.install.snapshot.enabled = false (custom)
2025-04-23 04:29:35,050 [8886420c-3c5d-4daa-85e6-40ee88a9c75a@group-0C9527091B91-LeaderElection41] INFO  grpc.GrpcConfigKeys (ConfUtils.java:logGet(46)) - raft.grpc.server.heartbeat.channel = true (default)
2025-04-23 04:29:35,051 [8886420c-3c5d-4daa-85e6-40ee88a9c75a@group-0C9527091B91-LeaderElection41] INFO  server.RaftServerConfigKeys (ConfUtils.java:logGet(46)) - raft.server.log.appender.snapshot.chunk.size.max = 16MB (=16777216) (default)
2025-04-23 04:29:35,051 [8886420c-3c5d-4daa-85e6-40ee88a9c75a@group-0C9527091B91-LeaderElection41] INFO  server.RaftServerConfigKeys (ConfUtils.java:logGet(46)) - raft.server.log.appender.buffer.byte-limit = 33554432 (custom)
2025-04-23 04:29:35,051 [8886420c-3c5d-4daa-85e6-40ee88a9c75a@group-0C9527091B91-LeaderElection41] INFO  server.RaftServerConfigKeys (ConfUtils.java:logGet(46)) - raft.server.log.appender.buffer.element-limit = 1024 (custom)
2025-04-23 04:29:35,051 [8886420c-3c5d-4daa-85e6-40ee88a9c75a@group-0C9527091B91-LeaderElection41] INFO  server.RaftServerConfigKeys (ConfUtils.java:logGet(46)) - raft.server.log.appender.wait-time.min = 0μs (custom)
2025-04-23 04:29:35,051 [8886420c-3c5d-4daa-85e6-40ee88a9c75a@group-0C9527091B91-LeaderElection41] INFO  grpc.GrpcConfigKeys (ConfUtils.java:logGet(46)) - raft.grpc.server.leader.outstanding.appends.max = 8 (default)
2025-04-23 04:29:35,051 [8886420c-3c5d-4daa-85e6-40ee88a9c75a@group-0C9527091B91-LeaderElection41] INFO  server.RaftServerConfigKeys (ConfUtils.java:logGet(46)) - raft.server.rpc.request.timeout = 60s (custom)
2025-04-23 04:29:35,051 [8886420c-3c5d-4daa-85e6-40ee88a9c75a@group-0C9527091B91-LeaderElection41] INFO  grpc.GrpcConfigKeys (ConfUtils.java:logGet(46)) - raft.grpc.server.install_snapshot.request.element-limit = 8 (default)
2025-04-23 04:29:35,051 [8886420c-3c5d-4daa-85e6-40ee88a9c75a@group-0C9527091B91-LeaderElection41] INFO  grpc.GrpcConfigKeys (ConfUtils.java:logGet(46)) - raft.grpc.server.install_snapshot.request.timeout = 3000ms (default)
2025-04-23 04:29:35,051 [8886420c-3c5d-4daa-85e6-40ee88a9c75a@group-0C9527091B91-LeaderElection41] INFO  grpc.GrpcConfigKeys (ConfUtils.java:logGet(46)) - raft.grpc.server.log-message.batch.duration = 5s (default)
2025-04-23 04:29:35,051 [8886420c-3c5d-4daa-85e6-40ee88a9c75a@group-0C9527091B91-LeaderElection41] INFO  server.RaftServerConfigKeys (ConfUtils.java:logGet(46)) - raft.server.log.appender.install.snapshot.enabled = false (custom)
2025-04-23 04:29:35,051 [8886420c-3c5d-4daa-85e6-40ee88a9c75a@group-0C9527091B91-LeaderElection41] INFO  grpc.GrpcConfigKeys (ConfUtils.java:logGet(46)) - raft.grpc.server.heartbeat.channel = true (default)
2025-04-23 04:29:35,052 [8886420c-3c5d-4daa-85e6-40ee88a9c75a@group-0C9527091B91-LeaderElection41] INFO  impl.RoleInfo (RoleInfo.java:updateAndGet(148)) - 8886420c-3c5d-4daa-85e6-40ee88a9c75a: start 8886420c-3c5d-4daa-85e6-40ee88a9c75a@group-0C9527091B91-LeaderStateImpl
2025-04-23 04:29:35,052 [8886420c-3c5d-4daa-85e6-40ee88a9c75a@group-0C9527091B91-LeaderElection41] INFO  server.RaftServer$Division (RaftServerImpl.java:setFirstElection(562)) - 8886420c-3c5d-4daa-85e6-40ee88a9c75a@group-0C9527091B91: set firstElectionSinceStartup to false for becomeLeader
2025-04-23 04:29:35,052 [8886420c-3c5d-4daa-85e6-40ee88a9c75a@group-0C9527091B91-LeaderElection41] INFO  ratis.XceiverServerRatis (XceiverServerRatis.java:handleLeaderChangedNotification(942)) - Leader change notification received for group: group-0C9527091B91 with new leaderId: 8886420c-3c5d-4daa-85e6-40ee88a9c75a
2025-04-23 04:29:35,052 [8886420c-3c5d-4daa-85e6-40ee88a9c75a@group-0C9527091B91-LeaderElection41] INFO  server.RaftServer$Division (ServerState.java:setLeader(272)) - 8886420c-3c5d-4daa-85e6-40ee88a9c75a@group-0C9527091B91: change Leader from null to 8886420c-3c5d-4daa-85e6-40ee88a9c75a at term 1 for becomeLeader, leader elected after 1186ms
2025-04-23 04:29:35,052 [8886420c-3c5d-4daa-85e6-40ee88a9c75a@group-0C9527091B91-LeaderElection41] INFO  segmented.SegmentedRaftLogWorker (SegmentedRaftLogWorker.java:startLogSegment(438)) - 8886420c-3c5d-4daa-85e6-40ee88a9c75a@group-0C9527091B91-SegmentedRaftLogWorker: Starting segment from index:0
2025-04-23 04:29:35,052 [8886420c-3c5d-4daa-85e6-40ee88a9c75a@group-0C9527091B91-LeaderElection41] INFO  server.RaftServer$Division (ServerState.java:setRaftConf(386)) - 8886420c-3c5d-4daa-85e6-40ee88a9c75a@group-0C9527091B91: set configuration conf: {index: 0, cur=peers:[8886420c-3c5d-4daa-85e6-40ee88a9c75a|127.0.0.1:15073, 7e05a46c-0a2e-4cd7-9b48-a27584e21533|127.0.0.1:15065, 3650021b-da01-4d18-aa96-198e06a80749|127.0.0.1:15081]|listeners:[], old=null}
2025-04-23 04:29:35,052 [8886420c-3c5d-4daa-85e6-40ee88a9c75a@group-69C579264E88-FollowerState] INFO  impl.FollowerState (FollowerState.java:runImpl(161)) - 8886420c-3c5d-4daa-85e6-40ee88a9c75a@group-69C579264E88-FollowerState: change to CANDIDATE, lastRpcElapsedTime:1023930278ns, electionTimeout:1023ms
2025-04-23 04:29:35,052 [8886420c-3c5d-4daa-85e6-40ee88a9c75a@group-69C579264E88-FollowerState] INFO  impl.RoleInfo (RoleInfo.java:shutdownFollowerState(121)) - 8886420c-3c5d-4daa-85e6-40ee88a9c75a: shutdown 8886420c-3c5d-4daa-85e6-40ee88a9c75a@group-69C579264E88-FollowerState
2025-04-23 04:29:35,052 [8886420c-3c5d-4daa-85e6-40ee88a9c75a@group-69C579264E88-FollowerState] INFO  server.RaftServer$Division (RaftServerImpl.java:setRole(378)) - 8886420c-3c5d-4daa-85e6-40ee88a9c75a@group-69C579264E88: changes role from  FOLLOWER to CANDIDATE at term 0 for changeToCandidate
2025-04-23 04:29:35,052 [8886420c-3c5d-4daa-85e6-40ee88a9c75a@group-69C579264E88-FollowerState] INFO  server.RaftServerConfigKeys (ConfUtils.java:logGet(46)) - raft.server.leaderelection.pre-vote = true (default)
2025-04-23 04:29:35,052 [8886420c-3c5d-4daa-85e6-40ee88a9c75a@group-69C579264E88-FollowerState] INFO  impl.RoleInfo (RoleInfo.java:updateAndGet(148)) - 8886420c-3c5d-4daa-85e6-40ee88a9c75a: start 8886420c-3c5d-4daa-85e6-40ee88a9c75a@group-69C579264E88-LeaderElection42
2025-04-23 04:29:35,053 [8886420c-3c5d-4daa-85e6-40ee88a9c75a@group-0C9527091B91-SegmentedRaftLogWorker] INFO  segmented.BufferedWriteChannel (BufferedWriteChannel.java:open(61)) - open log_inprogress_0 at position 0
2025-04-23 04:29:35,057 [EventQueue-PipelineReportForPipelineReportHandler] INFO  pipeline.PipelineReportHandler (PipelineReportHandler.java:processPipelineReport(134)) - Opened pipeline PipelineID=bb0712ab-c5dc-4136-929d-0c9527091b91
2025-04-23 04:29:35,057 [8886420c-3c5d-4daa-85e6-40ee88a9c75a@group-69C579264E88-LeaderElection42] INFO  impl.LeaderElection (LeaderElection.java:askForVotes(332)) - 8886420c-3c5d-4daa-85e6-40ee88a9c75a@group-69C579264E88-LeaderElection42 PRE_VOTE round 0: submit vote requests at term 0 for conf: {index: -1, cur=peers:[8886420c-3c5d-4daa-85e6-40ee88a9c75a|127.0.0.1:15073]|listeners:[], old=null}
2025-04-23 04:29:35,057 [8886420c-3c5d-4daa-85e6-40ee88a9c75a@group-69C579264E88-LeaderElection42] INFO  impl.LeaderElection (LeaderElection.java:askForVotes(334)) - 8886420c-3c5d-4daa-85e6-40ee88a9c75a@group-69C579264E88-LeaderElection42 PRE_VOTE round 0: result PASSED (term=0)
2025-04-23 04:29:35,058 [7e05a46c-0a2e-4cd7-9b48-a27584e21533-server-thread1] INFO  ratis.XceiverServerRatis (XceiverServerRatis.java:handleLeaderChangedNotification(942)) - Leader change notification received for group: group-0C9527091B91 with new leaderId: 8886420c-3c5d-4daa-85e6-40ee88a9c75a
2025-04-23 04:29:35,058 [7e05a46c-0a2e-4cd7-9b48-a27584e21533-server-thread1] INFO  server.RaftServer$Division (ServerState.java:setLeader(272)) - 7e05a46c-0a2e-4cd7-9b48-a27584e21533@group-0C9527091B91: change Leader from null to 8886420c-3c5d-4daa-85e6-40ee88a9c75a at term 1 for appendEntries, leader elected after 1217ms
2025-04-23 04:29:35,059 [7e05a46c-0a2e-4cd7-9b48-a27584e21533-server-thread2] INFO  server.RaftServer$Division (ServerState.java:setRaftConf(386)) - 7e05a46c-0a2e-4cd7-9b48-a27584e21533@group-0C9527091B91: set configuration conf: {index: 0, cur=peers:[8886420c-3c5d-4daa-85e6-40ee88a9c75a|127.0.0.1:15073, 7e05a46c-0a2e-4cd7-9b48-a27584e21533|127.0.0.1:15065, 3650021b-da01-4d18-aa96-198e06a80749|127.0.0.1:15081]|listeners:[], old=null}
2025-04-23 04:29:35,059 [7e05a46c-0a2e-4cd7-9b48-a27584e21533-server-thread2] INFO  segmented.SegmentedRaftLogWorker (SegmentedRaftLogWorker.java:startLogSegment(438)) - 7e05a46c-0a2e-4cd7-9b48-a27584e21533@group-0C9527091B91-SegmentedRaftLogWorker: Starting segment from index:0
2025-04-23 04:29:35,059 [3650021b-da01-4d18-aa96-198e06a80749-server-thread1] INFO  ratis.XceiverServerRatis (XceiverServerRatis.java:handleLeaderChangedNotification(942)) - Leader change notification received for group: group-0C9527091B91 with new leaderId: 8886420c-3c5d-4daa-85e6-40ee88a9c75a
2025-04-23 04:29:35,059 [3650021b-da01-4d18-aa96-198e06a80749-server-thread1] INFO  server.RaftServer$Division (ServerState.java:setLeader(272)) - 3650021b-da01-4d18-aa96-198e06a80749@group-0C9527091B91: change Leader from null to 8886420c-3c5d-4daa-85e6-40ee88a9c75a at term 1 for appendEntries, leader elected after 1166ms
2025-04-23 04:29:35,059 [7e05a46c-0a2e-4cd7-9b48-a27584e21533@group-0C9527091B91-SegmentedRaftLogWorker] INFO  segmented.BufferedWriteChannel (BufferedWriteChannel.java:open(61)) - open log_inprogress_0 at position 0
2025-04-23 04:29:35,061 [3650021b-da01-4d18-aa96-198e06a80749-server-thread1] INFO  server.RaftServer$Division (ServerState.java:setRaftConf(386)) - 3650021b-da01-4d18-aa96-198e06a80749@group-0C9527091B91: set configuration conf: {index: 0, cur=peers:[8886420c-3c5d-4daa-85e6-40ee88a9c75a|127.0.0.1:15073, 7e05a46c-0a2e-4cd7-9b48-a27584e21533|127.0.0.1:15065, 3650021b-da01-4d18-aa96-198e06a80749|127.0.0.1:15081]|listeners:[], old=null}
2025-04-23 04:29:35,061 [3650021b-da01-4d18-aa96-198e06a80749-server-thread1] INFO  segmented.SegmentedRaftLogWorker (SegmentedRaftLogWorker.java:startLogSegment(438)) - 3650021b-da01-4d18-aa96-198e06a80749@group-0C9527091B91-SegmentedRaftLogWorker: Starting segment from index:0
2025-04-23 04:29:35,061 [3650021b-da01-4d18-aa96-198e06a80749@group-0C9527091B91-SegmentedRaftLogWorker] INFO  segmented.BufferedWriteChannel (BufferedWriteChannel.java:open(61)) - open log_inprogress_0 at position 0
2025-04-23 04:29:35,062 [8886420c-3c5d-4daa-85e6-40ee88a9c75a@group-0C9527091B91-SegmentedRaftLogWorker] INFO  segmented.SegmentedRaftLogWorker (SegmentedRaftLogWorker.java:execute(644)) - 8886420c-3c5d-4daa-85e6-40ee88a9c75a@group-0C9527091B91-SegmentedRaftLogWorker: created new log segment /home/runner/work/ozone/ozone/hadoop-ozone/integration-test/target/test-dir/MiniOzoneClusterImpl-e6c14afe-f26c-49b2-91d5-3d25694ec971/ozone-meta/datanode-2/ratis/bb0712ab-c5dc-4136-929d-0c9527091b91/current/log_inprogress_0
2025-04-23 04:29:35,063 [8886420c-3c5d-4daa-85e6-40ee88a9c75a@group-69C579264E88-LeaderElection42] INFO  impl.LeaderElection (LeaderElection.java:askForVotes(332)) - 8886420c-3c5d-4daa-85e6-40ee88a9c75a@group-69C579264E88-LeaderElection42 ELECTION round 0: submit vote requests at term 1 for conf: {index: -1, cur=peers:[8886420c-3c5d-4daa-85e6-40ee88a9c75a|127.0.0.1:15073]|listeners:[], old=null}
2025-04-23 04:29:35,063 [8886420c-3c5d-4daa-85e6-40ee88a9c75a@group-69C579264E88-LeaderElection42] INFO  impl.LeaderElection (LeaderElection.java:askForVotes(334)) - 8886420c-3c5d-4daa-85e6-40ee88a9c75a@group-69C579264E88-LeaderElection42 ELECTION round 0: result PASSED (term=1)
2025-04-23 04:29:35,063 [8886420c-3c5d-4daa-85e6-40ee88a9c75a@group-69C579264E88-LeaderElection42] INFO  impl.RoleInfo (RoleInfo.java:shutdownLeaderElection(141)) - 8886420c-3c5d-4daa-85e6-40ee88a9c75a: shutdown 8886420c-3c5d-4daa-85e6-40ee88a9c75a@group-69C579264E88-LeaderElection42
2025-04-23 04:29:35,063 [8886420c-3c5d-4daa-85e6-40ee88a9c75a@group-69C579264E88-LeaderElection42] INFO  server.RaftServer$Division (RaftServerImpl.java:setRole(378)) - 8886420c-3c5d-4daa-85e6-40ee88a9c75a@group-69C579264E88: changes role from CANDIDATE to LEADER at term 1 for changeToLeader
2025-04-23 04:29:35,063 [8886420c-3c5d-4daa-85e6-40ee88a9c75a@group-69C579264E88-LeaderElection42] INFO  server.RaftServerConfigKeys (ConfUtils.java:logGet(46)) - raft.server.staging.catchup.gap = 1000 (default)
2025-04-23 04:29:35,063 [8886420c-3c5d-4daa-85e6-40ee88a9c75a@group-69C579264E88-LeaderElection42] INFO  server.RaftServerConfigKeys (ConfUtils.java:logGet(46)) - raft.server.write.element-limit = 1024 (custom)
2025-04-23 04:29:35,064 [8886420c-3c5d-4daa-85e6-40ee88a9c75a@group-69C579264E88-LeaderElection42] INFO  server.RaftServerConfigKeys (ConfUtils.java:logGet(46)) - raft.server.write.byte-limit = 1024 M (=1073741824) (custom)
2025-04-23 04:29:35,064 [8886420c-3c5d-4daa-85e6-40ee88a9c75a@group-69C579264E88-LeaderElection42] INFO  server.RaftServerConfigKeys (ConfUtils.java:logGet(46)) - raft.server.watch.timeout = 30s (custom)
2025-04-23 04:29:35,064 [8886420c-3c5d-4daa-85e6-40ee88a9c75a@group-69C579264E88-LeaderElection42] INFO  server.RaftServerConfigKeys (ConfUtils.java:logGet(46)) - raft.server.watch.timeout.denomination = 1s (default)
2025-04-23 04:29:35,064 [8886420c-3c5d-4daa-85e6-40ee88a9c75a@group-69C579264E88-LeaderElection42] INFO  server.RaftServerConfigKeys (ConfUtils.java:logGet(46)) - raft.server.watch.element-limit = 65536 (default)
2025-04-23 04:29:35,064 [8886420c-3c5d-4daa-85e6-40ee88a9c75a@group-69C579264E88-LeaderElection42] INFO  server.RaftServerConfigKeys (ConfUtils.java:logGet(46)) - raft.server.read.leader.lease.enabled = false (default)
2025-04-23 04:29:35,064 [8886420c-3c5d-4daa-85e6-40ee88a9c75a@group-69C579264E88-LeaderElection42] INFO  server.RaftServerConfigKeys (ConfUtils.java:logGet(46)) - raft.server.read.leader.lease.timeout.ratio = 0.9 (default)
2025-04-23 04:29:35,064 [8886420c-3c5d-4daa-85e6-40ee88a9c75a@group-69C579264E88-LeaderElection42] INFO  server.RaftServerConfigKeys (ConfUtils.java:logGet(46)) - raft.server.rpc.timeout.min = 5s (custom)
2025-04-23 04:29:35,064 [8886420c-3c5d-4daa-85e6-40ee88a9c75a@group-69C579264E88-LeaderElection42] INFO  server.RaftServerConfigKeys (ConfUtils.java:logGet(46)) - raft.server.log.log-metadata.enabled = true (default)
2025-04-23 04:29:35,064 [8886420c-3c5d-4daa-85e6-40ee88a9c75a@group-69C579264E88-LeaderElection42] INFO  server.RaftServerConfigKeys (ConfUtils.java:logGet(46)) - raft.server.write.element-limit = 1024 (custom)
2025-04-23 04:29:35,064 [8886420c-3c5d-4daa-85e6-40ee88a9c75a@group-69C579264E88-LeaderElection42] INFO  server.RaftServerConfigKeys (ConfUtils.java:logGet(46)) - raft.server.write.follower.gap.ratio.max = -1.0 (default)
2025-04-23 04:29:35,064 [8886420c-3c5d-4daa-85e6-40ee88a9c75a@group-69C579264E88-LeaderElection42] INFO  impl.RoleInfo (RoleInfo.java:updateAndGet(148)) - 8886420c-3c5d-4daa-85e6-40ee88a9c75a: start 8886420c-3c5d-4daa-85e6-40ee88a9c75a@group-69C579264E88-LeaderStateImpl
2025-04-23 04:29:35,064 [8886420c-3c5d-4daa-85e6-40ee88a9c75a@group-69C579264E88-LeaderElection42] INFO  server.RaftServer$Division (RaftServerImpl.java:setFirstElection(562)) - 8886420c-3c5d-4daa-85e6-40ee88a9c75a@group-69C579264E88: set firstElectionSinceStartup to false for becomeLeader
2025-04-23 04:29:35,064 [8886420c-3c5d-4daa-85e6-40ee88a9c75a@group-69C579264E88-LeaderElection42] INFO  ratis.XceiverServerRatis (XceiverServerRatis.java:handleLeaderChangedNotification(942)) - Leader change notification received for group: group-69C579264E88 with new leaderId: 8886420c-3c5d-4daa-85e6-40ee88a9c75a
2025-04-23 04:29:35,065 [8886420c-3c5d-4daa-85e6-40ee88a9c75a@group-69C579264E88-LeaderElection42] INFO  server.RaftServer$Division (ServerState.java:setLeader(272)) - 8886420c-3c5d-4daa-85e6-40ee88a9c75a@group-69C579264E88: change Leader from null to 8886420c-3c5d-4daa-85e6-40ee88a9c75a at term 1 for becomeLeader, leader elected after 1049ms
2025-04-23 04:29:35,065 [8886420c-3c5d-4daa-85e6-40ee88a9c75a@group-69C579264E88-LeaderElection42] INFO  segmented.SegmentedRaftLogWorker (SegmentedRaftLogWorker.java:startLogSegment(438)) - 8886420c-3c5d-4daa-85e6-40ee88a9c75a@group-69C579264E88-SegmentedRaftLogWorker: Starting segment from index:0
2025-04-23 04:29:35,065 [8886420c-3c5d-4daa-85e6-40ee88a9c75a@group-69C579264E88-LeaderElection42] INFO  server.RaftServer$Division (ServerState.java:setRaftConf(386)) - 8886420c-3c5d-4daa-85e6-40ee88a9c75a@group-69C579264E88: set configuration conf: {index: 0, cur=peers:[8886420c-3c5d-4daa-85e6-40ee88a9c75a|127.0.0.1:15073]|listeners:[], old=null}
2025-04-23 04:29:35,066 [8886420c-3c5d-4daa-85e6-40ee88a9c75a@group-69C579264E88-SegmentedRaftLogWorker] INFO  segmented.BufferedWriteChannel (BufferedWriteChannel.java:open(61)) - open log_inprogress_0 at position 0
2025-04-23 04:29:35,075 [7e05a46c-0a2e-4cd7-9b48-a27584e21533@group-0C9527091B91-SegmentedRaftLogWorker] INFO  segmented.SegmentedRaftLogWorker (SegmentedRaftLogWorker.java:execute(644)) - 7e05a46c-0a2e-4cd7-9b48-a27584e21533@group-0C9527091B91-SegmentedRaftLogWorker: created new log segment /home/runner/work/ozone/ozone/hadoop-ozone/integration-test/target/test-dir/MiniOzoneClusterImpl-e6c14afe-f26c-49b2-91d5-3d25694ec971/ozone-meta/datanode-1/ratis/bb0712ab-c5dc-4136-929d-0c9527091b91/current/log_inprogress_0
2025-04-23 04:29:35,076 [3650021b-da01-4d18-aa96-198e06a80749@group-0C9527091B91-SegmentedRaftLogWorker] INFO  segmented.SegmentedRaftLogWorker (SegmentedRaftLogWorker.java:execute(644)) - 3650021b-da01-4d18-aa96-198e06a80749@group-0C9527091B91-SegmentedRaftLogWorker: created new log segment /home/runner/work/ozone/ozone/hadoop-ozone/integration-test/target/test-dir/MiniOzoneClusterImpl-e6c14afe-f26c-49b2-91d5-3d25694ec971/ozone-meta/datanode-3/ratis/bb0712ab-c5dc-4136-929d-0c9527091b91/current/log_inprogress_0
2025-04-23 04:29:35,076 [8886420c-3c5d-4daa-85e6-40ee88a9c75a@group-69C579264E88-SegmentedRaftLogWorker] INFO  segmented.SegmentedRaftLogWorker (SegmentedRaftLogWorker.java:execute(644)) - 8886420c-3c5d-4daa-85e6-40ee88a9c75a@group-69C579264E88-SegmentedRaftLogWorker: created new log segment /home/runner/work/ozone/ozone/hadoop-ozone/integration-test/target/test-dir/MiniOzoneClusterImpl-e6c14afe-f26c-49b2-91d5-3d25694ec971/ozone-meta/datanode-2/ratis/d97d70e8-a727-4d4b-aacb-69c579264e88/current/log_inprogress_0
2025-04-23 04:29:35,078 [8886420c-3c5d-4daa-85e6-40ee88a9c75a@group-69C579264E88-StateMachineUpdater] INFO  server.RaftServer$Division (LeaderStateImpl.java:checkStartIndex(313)) - Leader 8886420c-3c5d-4daa-85e6-40ee88a9c75a@group-69C579264E88-LeaderStateImpl is ready since appliedIndex == startIndex == 0
2025-04-23 04:29:35,078 [8886420c-3c5d-4daa-85e6-40ee88a9c75a@group-0C9527091B91-StateMachineUpdater] INFO  server.RaftServer$Division (LeaderStateImpl.java:checkStartIndex(313)) - Leader 8886420c-3c5d-4daa-85e6-40ee88a9c75a@group-0C9527091B91-LeaderStateImpl is ready since appliedIndex == startIndex == 0
2025-04-23 04:29:35,289 [3650021b-da01-4d18-aa96-198e06a80749@group-975952952CED-FollowerState] INFO  impl.FollowerState (FollowerState.java:runImpl(161)) - 3650021b-da01-4d18-aa96-198e06a80749@group-975952952CED-FollowerState: change to CANDIDATE, lastRpcElapsedTime:1060418194ns, electionTimeout:1060ms
2025-04-23 04:29:35,289 [3650021b-da01-4d18-aa96-198e06a80749@group-975952952CED-FollowerState] INFO  impl.RoleInfo (RoleInfo.java:shutdownFollowerState(121)) - 3650021b-da01-4d18-aa96-198e06a80749: shutdown 3650021b-da01-4d18-aa96-198e06a80749@group-975952952CED-FollowerState
2025-04-23 04:29:35,289 [3650021b-da01-4d18-aa96-198e06a80749@group-975952952CED-FollowerState] INFO  server.RaftServer$Division (RaftServerImpl.java:setRole(378)) - 3650021b-da01-4d18-aa96-198e06a80749@group-975952952CED: changes role from  FOLLOWER to CANDIDATE at term 0 for changeToCandidate
2025-04-23 04:29:35,289 [3650021b-da01-4d18-aa96-198e06a80749@group-975952952CED-FollowerState] INFO  server.RaftServerConfigKeys (ConfUtils.java:logGet(46)) - raft.server.leaderelection.pre-vote = true (default)
2025-04-23 04:29:35,289 [3650021b-da01-4d18-aa96-198e06a80749@group-975952952CED-FollowerState] INFO  impl.RoleInfo (RoleInfo.java:updateAndGet(148)) - 3650021b-da01-4d18-aa96-198e06a80749: start 3650021b-da01-4d18-aa96-198e06a80749@group-975952952CED-LeaderElection43
2025-04-23 04:29:35,289 [3650021b-da01-4d18-aa96-198e06a80749@group-975952952CED-LeaderElection43] INFO  impl.LeaderElection (LeaderElection.java:askForVotes(332)) - 3650021b-da01-4d18-aa96-198e06a80749@group-975952952CED-LeaderElection43 PRE_VOTE round 0: submit vote requests at term 0 for conf: {index: -1, cur=peers:[3650021b-da01-4d18-aa96-198e06a80749|127.0.0.1:15081]|listeners:[], old=null}
2025-04-23 04:29:35,289 [3650021b-da01-4d18-aa96-198e06a80749@group-975952952CED-LeaderElection43] INFO  impl.LeaderElection (LeaderElection.java:askForVotes(334)) - 3650021b-da01-4d18-aa96-198e06a80749@group-975952952CED-LeaderElection43 PRE_VOTE round 0: result PASSED (term=0)
2025-04-23 04:29:35,291 [3650021b-da01-4d18-aa96-198e06a80749@group-975952952CED-LeaderElection43] INFO  impl.LeaderElection (LeaderElection.java:askForVotes(332)) - 3650021b-da01-4d18-aa96-198e06a80749@group-975952952CED-LeaderElection43 ELECTION round 0: submit vote requests at term 1 for conf: {index: -1, cur=peers:[3650021b-da01-4d18-aa96-198e06a80749|127.0.0.1:15081]|listeners:[], old=null}
2025-04-23 04:29:35,291 [3650021b-da01-4d18-aa96-198e06a80749@group-975952952CED-LeaderElection43] INFO  impl.LeaderElection (LeaderElection.java:askForVotes(334)) - 3650021b-da01-4d18-aa96-198e06a80749@group-975952952CED-LeaderElection43 ELECTION round 0: result PASSED (term=1)
2025-04-23 04:29:35,291 [3650021b-da01-4d18-aa96-198e06a80749@group-975952952CED-LeaderElection43] INFO  impl.RoleInfo (RoleInfo.java:shutdownLeaderElection(141)) - 3650021b-da01-4d18-aa96-198e06a80749: shutdown 3650021b-da01-4d18-aa96-198e06a80749@group-975952952CED-LeaderElection43
2025-04-23 04:29:35,291 [3650021b-da01-4d18-aa96-198e06a80749@group-975952952CED-LeaderElection43] INFO  server.RaftServer$Division (RaftServerImpl.java:setRole(378)) - 3650021b-da01-4d18-aa96-198e06a80749@group-975952952CED: changes role from CANDIDATE to LEADER at term 1 for changeToLeader
2025-04-23 04:29:35,291 [3650021b-da01-4d18-aa96-198e06a80749@group-975952952CED-LeaderElection43] INFO  server.RaftServerConfigKeys (ConfUtils.java:logGet(46)) - raft.server.staging.catchup.gap = 1000 (default)
2025-04-23 04:29:35,291 [3650021b-da01-4d18-aa96-198e06a80749@group-975952952CED-LeaderElection43] INFO  server.RaftServerConfigKeys (ConfUtils.java:logGet(46)) - raft.server.write.element-limit = 1024 (custom)
2025-04-23 04:29:35,291 [3650021b-da01-4d18-aa96-198e06a80749@group-975952952CED-LeaderElection43] INFO  server.RaftServerConfigKeys (ConfUtils.java:logGet(46)) - raft.server.write.byte-limit = 1024 M (=1073741824) (custom)
2025-04-23 04:29:35,291 [3650021b-da01-4d18-aa96-198e06a80749@group-975952952CED-LeaderElection43] INFO  server.RaftServerConfigKeys (ConfUtils.java:logGet(46)) - raft.server.watch.timeout = 30s (custom)
2025-04-23 04:29:35,291 [3650021b-da01-4d18-aa96-198e06a80749@group-975952952CED-LeaderElection43] INFO  server.RaftServerConfigKeys (ConfUtils.java:logGet(46)) - raft.server.watch.timeout.denomination = 1s (default)
2025-04-23 04:29:35,291 [3650021b-da01-4d18-aa96-198e06a80749@group-975952952CED-LeaderElection43] INFO  server.RaftServerConfigKeys (ConfUtils.java:logGet(46)) - raft.server.watch.element-limit = 65536 (default)
2025-04-23 04:29:35,292 [3650021b-da01-4d18-aa96-198e06a80749@group-975952952CED-LeaderElection43] INFO  server.RaftServerConfigKeys (ConfUtils.java:logGet(46)) - raft.server.read.leader.lease.enabled = false (default)
2025-04-23 04:29:35,292 [3650021b-da01-4d18-aa96-198e06a80749@group-975952952CED-LeaderElection43] INFO  server.RaftServerConfigKeys (ConfUtils.java:logGet(46)) - raft.server.read.leader.lease.timeout.ratio = 0.9 (default)
2025-04-23 04:29:35,292 [3650021b-da01-4d18-aa96-198e06a80749@group-975952952CED-LeaderElection43] INFO  server.RaftServerConfigKeys (ConfUtils.java:logGet(46)) - raft.server.rpc.timeout.min = 5s (custom)
2025-04-23 04:29:35,292 [3650021b-da01-4d18-aa96-198e06a80749@group-975952952CED-LeaderElection43] INFO  server.RaftServerConfigKeys (ConfUtils.java:logGet(46)) - raft.server.log.log-metadata.enabled = true (default)
2025-04-23 04:29:35,292 [3650021b-da01-4d18-aa96-198e06a80749@group-975952952CED-LeaderElection43] INFO  server.RaftServerConfigKeys (ConfUtils.java:logGet(46)) - raft.server.write.element-limit = 1024 (custom)
2025-04-23 04:29:35,292 [3650021b-da01-4d18-aa96-198e06a80749@group-975952952CED-LeaderElection43] INFO  server.RaftServerConfigKeys (ConfUtils.java:logGet(46)) - raft.server.write.follower.gap.ratio.max = -1.0 (default)
2025-04-23 04:29:35,292 [3650021b-da01-4d18-aa96-198e06a80749@group-975952952CED-LeaderElection43] INFO  impl.RoleInfo (RoleInfo.java:updateAndGet(148)) - 3650021b-da01-4d18-aa96-198e06a80749: start 3650021b-da01-4d18-aa96-198e06a80749@group-975952952CED-LeaderStateImpl
2025-04-23 04:29:35,292 [3650021b-da01-4d18-aa96-198e06a80749@group-975952952CED-LeaderElection43] INFO  server.RaftServer$Division (RaftServerImpl.java:setFirstElection(562)) - 3650021b-da01-4d18-aa96-198e06a80749@group-975952952CED: set firstElectionSinceStartup to false for becomeLeader
2025-04-23 04:29:35,292 [3650021b-da01-4d18-aa96-198e06a80749@group-975952952CED-LeaderElection43] INFO  ratis.XceiverServerRatis (XceiverServerRatis.java:handleLeaderChangedNotification(942)) - Leader change notification received for group: group-975952952CED with new leaderId: 3650021b-da01-4d18-aa96-198e06a80749
2025-04-23 04:29:35,292 [3650021b-da01-4d18-aa96-198e06a80749@group-975952952CED-LeaderElection43] INFO  server.RaftServer$Division (ServerState.java:setLeader(272)) - 3650021b-da01-4d18-aa96-198e06a80749@group-975952952CED: change Leader from null to 3650021b-da01-4d18-aa96-198e06a80749 at term 1 for becomeLeader, leader elected after 1075ms
2025-04-23 04:29:35,292 [3650021b-da01-4d18-aa96-198e06a80749@group-975952952CED-LeaderElection43] INFO  segmented.SegmentedRaftLogWorker (SegmentedRaftLogWorker.java:startLogSegment(438)) - 3650021b-da01-4d18-aa96-198e06a80749@group-975952952CED-SegmentedRaftLogWorker: Starting segment from index:0
2025-04-23 04:29:35,292 [3650021b-da01-4d18-aa96-198e06a80749@group-975952952CED-LeaderElection43] INFO  server.RaftServer$Division (ServerState.java:setRaftConf(386)) - 3650021b-da01-4d18-aa96-198e06a80749@group-975952952CED: set configuration conf: {index: 0, cur=peers:[3650021b-da01-4d18-aa96-198e06a80749|127.0.0.1:15081]|listeners:[], old=null}
2025-04-23 04:29:35,293 [3650021b-da01-4d18-aa96-198e06a80749@group-975952952CED-SegmentedRaftLogWorker] INFO  segmented.BufferedWriteChannel (BufferedWriteChannel.java:open(61)) - open log_inprogress_0 at position 0
2025-04-23 04:29:35,301 [3650021b-da01-4d18-aa96-198e06a80749@group-975952952CED-SegmentedRaftLogWorker] INFO  segmented.SegmentedRaftLogWorker (SegmentedRaftLogWorker.java:execute(644)) - 3650021b-da01-4d18-aa96-198e06a80749@group-975952952CED-SegmentedRaftLogWorker: created new log segment /home/runner/work/ozone/ozone/hadoop-ozone/integration-test/target/test-dir/MiniOzoneClusterImpl-e6c14afe-f26c-49b2-91d5-3d25694ec971/ozone-meta/datanode-3/ratis/fe41d8d9-efaf-431c-a5e9-975952952ced/current/log_inprogress_0
2025-04-23 04:29:35,302 [3650021b-da01-4d18-aa96-198e06a80749@group-975952952CED-StateMachineUpdater] INFO  server.RaftServer$Division (LeaderStateImpl.java:checkStartIndex(313)) - Leader 3650021b-da01-4d18-aa96-198e06a80749@group-975952952CED-LeaderStateImpl is ready since appliedIndex == startIndex == 0
2025-04-23 04:29:35,716 [main] INFO  ozone.MiniOzoneClusterImpl (MiniOzoneClusterImpl.java:lambda$waitForClusterToBeReady$0(190)) - Nodes are ready. Got 3 of 3 DN Heartbeats.
2025-04-23 04:29:35,716 [main] INFO  ozone.MiniOzoneClusterImpl (MiniOzoneClusterImpl.java:lambda$waitForClusterToBeReady$0(193)) - Cluster exits safe mode
2025-04-23 04:29:35,716 [main] INFO  ozone.MiniOzoneClusterImpl (MiniOzoneClusterImpl.java:lambda$waitForClusterToBeReady$0(195)) - SCM became leader
2025-04-23 04:29:35,722 [main] INFO  rpc.RpcClient (RpcClient.java:createVolume(462)) - Creating Volume: volume64830, with user41505 as owner and space quota set to -1 bytes, counts quota set to -1
2025-04-23 04:29:35,737 [omNode-1-OMStateMachineApplyTransactionThread - 0] WARN  helpers.OzoneAclUtil (OzoneAclUtil.java:getDefaultAclList(77)) - Failed to get primary group from user user41505 (auth:SIMPLE)
2025-04-23 04:29:35,737 [omNode-2-OMStateMachineApplyTransactionThread - 0] WARN  helpers.OzoneAclUtil (OzoneAclUtil.java:getDefaultAclList(77)) - Failed to get primary group from user user41505 (auth:SIMPLE)
2025-04-23 04:29:35,737 [omNode-3-OMStateMachineApplyTransactionThread - 0] WARN  helpers.OzoneAclUtil (OzoneAclUtil.java:getDefaultAclList(77)) - Failed to get primary group from user user41505 (auth:SIMPLE)
2025-04-23 04:29:35,737 [omNode-1-OMStateMachineApplyTransactionThread - 0] INFO  volume.OMVolumeCreateRequest (OMVolumeCreateRequest.java:validateAndUpdateCache(203)) - created volume:volume64830 for user:user41505
2025-04-23 04:29:35,737 [omNode-3-OMStateMachineApplyTransactionThread - 0] INFO  volume.OMVolumeCreateRequest (OMVolumeCreateRequest.java:validateAndUpdateCache(203)) - created volume:volume64830 for user:user41505
2025-04-23 04:29:35,737 [omNode-2-OMStateMachineApplyTransactionThread - 0] INFO  volume.OMVolumeCreateRequest (OMVolumeCreateRequest.java:validateAndUpdateCache(203)) - created volume:volume64830 for user:user41505
2025-04-23 04:29:35,739 [main] INFO  rpc.RpcClient (RpcClient.java:createBucket(687)) - Creating Bucket: volume64830/bucket93421, with server-side default bucket layout, runner as owner, Versioning false, Storage Type set to DISK and Encryption set to false, Replication Type set to server-side default replication type, Namespace Quota set to -1, Space Quota set to -1 
2025-04-23 04:29:35,742 [omNode-1-OMStateMachineApplyTransactionThread - 0] INFO  bucket.OMBucketCreateRequest (OMBucketCreateRequest.java:validateAndUpdateCache(291)) - created bucket: bucket93421 of layout OBJECT_STORE in volume: volume64830
2025-04-23 04:29:35,743 [omNode-2-OMStateMachineApplyTransactionThread - 0] INFO  bucket.OMBucketCreateRequest (OMBucketCreateRequest.java:validateAndUpdateCache(291)) - created bucket: bucket93421 of layout OBJECT_STORE in volume: volume64830
2025-04-23 04:29:35,743 [omNode-3-OMStateMachineApplyTransactionThread - 0] INFO  bucket.OMBucketCreateRequest (OMBucketCreateRequest.java:validateAndUpdateCache(291)) - created bucket: bucket93421 of layout OBJECT_STORE in volume: volume64830
2025-04-23 04:29:35,747 [IPC Server handler 9 on default port 15043] INFO  ha.SequenceIdGenerator (SequenceIdGenerator.java:getNextId(143)) - Allocate a batch for containerId, change lastId from 0 to 1000.
2025-04-23 04:29:35,749 [1763a5f8-9e33-4e4d-85c9-a44f9db01322@group-3D25694EC971-StateMachineUpdater] WARN  ha.SequenceIdGenerator (SequenceIdGenerator.java:allocateBatch(256)) - Failed to allocate a batch for localId, expected lastId is 0, actual lastId is 115816896921600000.
2025-04-23 04:29:35,750 [IPC Server handler 9 on default port 15043] INFO  ha.SequenceIdGenerator (SequenceIdGenerator.java:getNextId(143)) - Allocate a batch for localId, change lastId from 115816896921600000 to 115816896921601000.
2025-04-23 04:29:35,955 [main] INFO  om.OzoneManager (OzoneManager.java:stop(2347)) - omNode-3[localhost:15056]: Stopping Ozone Manager
2025-04-23 04:29:35,955 [main] INFO  ipc.Server (Server.java:stop(3697)) - Stopping server on 15056
2025-04-23 04:29:35,957 [IPC Server listener on 15056] INFO  ipc.Server (Server.java:run(1585)) - Stopping IPC Server listener on 15056
2025-04-23 04:29:35,957 [IPC Server Responder] INFO  ipc.Server (Server.java:run(1718)) - Stopping IPC Server Responder
2025-04-23 04:29:35,957 [main] INFO  ratis.OzoneManagerRatisServer (OzoneManagerRatisServer.java:stop(634)) - Stopping org.apache.hadoop.ozone.om.ratis.OzoneManagerRatisServer@28bab9ba at port 15059
2025-04-23 04:29:35,957 [main] INFO  server.RaftServer (RaftServerProxy.java:lambda$close$9(417)) - omNode-3: close
2025-04-23 04:29:35,958 [main] INFO  server.GrpcService (GrpcService.java:closeImpl(343)) - omNode-3: shutdown server GrpcServerProtocolService now
2025-04-23 04:29:35,958 [omNode-3-impl-thread1] INFO  server.RaftServer$Division (RaftServerImpl.java:lambda$close$1(513)) - omNode-3@group-523986131536: shutdown
2025-04-23 04:29:35,958 [omNode-3-impl-thread1] INFO  util.JmxRegister (JmxRegister.java:unregister(74)) - Successfully un-registered JMX Bean with object name Ratis:service=RaftServer,group=group-523986131536,id=omNode-3
2025-04-23 04:29:35,958 [omNode-3-impl-thread1] INFO  impl.RoleInfo (RoleInfo.java:shutdownFollowerState(121)) - omNode-3: shutdown omNode-3@group-523986131536-FollowerState
2025-04-23 04:29:35,958 [omNode-3-impl-thread1] INFO  impl.StateMachineUpdater (StateMachineUpdater.java:stopAndJoin(164)) - omNode-3@group-523986131536-StateMachineUpdater: set stopIndex = 43
2025-04-23 04:29:35,958 [omNode-3@group-523986131536-FollowerState] INFO  impl.FollowerState (FollowerState.java:runImpl(170)) - omNode-3@group-523986131536-FollowerState was interrupted
2025-04-23 04:29:35,958 [grpc-default-executor-4] WARN  server.GrpcServerProtocolService (LogUtils.java:warn(121)) - omNode-3: APPEND_ENTRIES onError, lastRequest: omNode-1->omNode-3#1026-t1,previous=(t:1, i:43),leaderCommit=43,initializing? false,entries: size=1, first=(t:1, i:44), METADATAENTRY(c:43): org.apache.ratis.thirdparty.io.grpc.StatusRuntimeException: CANCELLED: client cancelled
2025-04-23 04:29:35,958 [grpc-default-executor-0] WARN  server.GrpcServerProtocolService (LogUtils.java:warn(121)) - omNode-3: APPEND_ENTRIES onError, lastRequest: null: org.apache.ratis.thirdparty.io.grpc.StatusRuntimeException: CANCELLED: client cancelled
2025-04-23 04:29:35,959 [grpc-default-executor-4] WARN  server.GrpcLogAppender (LogUtils.java:warn(121)) - omNode-1@group-523986131536->omNode-3-AppendLogResponseHandler: Failed appendEntries: org.apache.ratis.thirdparty.io.grpc.StatusRuntimeException: CANCELLED: RST_STREAM closed stream. HTTP/2 error code: CANCEL
2025-04-23 04:29:35,959 [grpc-default-executor-0] WARN  server.GrpcLogAppender (GrpcLogAppender.java:lambda$resetClient$1(221)) - omNode-1@group-523986131536->omNode-3-GrpcLogAppender: Follower failed (request=null, errorCount=1); keep nextIndex (45) unchanged and retry.
2025-04-23 04:29:35,960 [main] INFO  server.GrpcService (GrpcService.java:closeImpl(352)) - omNode-3: shutdown server GrpcServerProtocolService successfully
2025-04-23 04:29:35,991 [omNode-3@group-523986131536-StateMachineUpdater] INFO  ratis.OzoneManagerStateMachine (OzoneManagerStateMachine.java:takeSnapshotImpl(510)) - omNode-3: taking snapshot. applied = (t:1, i:43), skipped = 41, notified = (t:1, i:42), current snapshot index = (t:1, i:43), took 34 ms
2025-04-23 04:29:35,991 [omNode-3@group-523986131536-StateMachineUpdater] INFO  impl.StateMachineUpdater (StateMachineUpdater.java:takeSnapshot(303)) - omNode-3@group-523986131536-StateMachineUpdater: Took a snapshot at index 43
2025-04-23 04:29:35,992 [omNode-3@group-523986131536-StateMachineUpdater] INFO  impl.StateMachineUpdater (StateMachineUpdater.java:lambda$new$0(102)) - omNode-3@group-523986131536-StateMachineUpdater: snapshotIndex: updateIncreasingly -1 -> 43
2025-04-23 04:29:35,992 [omNode-3@group-523986131536-StateMachineUpdater] INFO  impl.StateMachineUpdater (StateMachineUpdater.java:stop(141)) - omNode-3@group-523986131536-StateMachineUpdater: closing OzoneManagerStateMachine, lastApplied=(t:1, i:43)
2025-04-23 04:29:35,992 [omNode-3@group-523986131536-StateMachineUpdater] INFO  ratis.OzoneManagerStateMachine (OzoneManagerStateMachine.java:close(550)) - Stopping OzoneManagerStateMachine:omNode-3:group-523986131536.
2025-04-23 04:29:35,992 [omNode-3@group-523986131536-StateMachineUpdater] INFO  ratis.OzoneManagerDoubleBuffer (OzoneManagerDoubleBuffer.java:stopDaemon(500)) - Stopping OMDoubleBuffer flush thread
2025-04-23 04:29:35,992 [omNode-3-OMDoubleBufferFlushThread] INFO  ratis.OzoneManagerDoubleBuffer (OzoneManagerDoubleBuffer.java:canFlush(559)) - OMDoubleBuffer flush thread omNode-3-OMDoubleBufferFlushThread is interrupted and will exit.
2025-04-23 04:29:35,992 [omNode-3@group-523986131536-cacheEviction-AwaitToRun] INFO  util.AwaitToRun (AwaitToRun.java:run(49)) - omNode-3@group-523986131536-cacheEviction-AwaitToRun-AwaitForSignal is interrupted
2025-04-23 04:29:36,955 [omNode-3-impl-thread1] INFO  segmented.SegmentedRaftLogWorker (SegmentedRaftLogWorker.java:close(252)) - omNode-3@group-523986131536-SegmentedRaftLogWorker close()
2025-04-23 04:29:36,956 [JvmPauseMonitor45] INFO  util.JvmPauseMonitor (JvmPauseMonitor.java:run(152)) - JvmPauseMonitor-omNode-3: Stopped
2025-04-23 04:29:36,956 [main] INFO  utils.BackgroundService (BackgroundService.java:shutdown(161)) - Shutting down service KeyDeletingService
2025-04-23 04:29:36,956 [main] INFO  utils.BackgroundService (BackgroundService.java:shutdown(161)) - Shutting down service DirectoryDeletingService
2025-04-23 04:29:36,957 [main] INFO  utils.BackgroundService (BackgroundService.java:shutdown(161)) - Shutting down service OpenKeyCleanupService
2025-04-23 04:29:36,958 [main] INFO  utils.BackgroundService (BackgroundService.java:shutdown(161)) - Shutting down service SstFilteringService
2025-04-23 04:29:36,958 [main] INFO  utils.BackgroundService (BackgroundService.java:shutdown(161)) - Shutting down service SnapshotDeletingService
2025-04-23 04:29:36,958 [main] INFO  utils.BackgroundService (BackgroundService.java:shutdown(161)) - Shutting down service MultipartUploadCleanupService
2025-04-23 04:29:36,959 [main] INFO  handler.ContextHandler (ContextHandler.java:doStop(1159)) - Stopped o.e.j.w.WebAppContext@34297904{ozoneManager,/,null,STOPPED}{file:/home/runner/work/ozone/ozone/hadoop-ozone/integration-test/target/test-classes/webapps/ozoneManager}
2025-04-23 04:29:36,960 [main] INFO  server.AbstractConnector (AbstractConnector.java:doStop(383)) - Stopped ServerConnector@23be9cbf{HTTP/1.1, (http/1.1)}{0.0.0.0:15057}
2025-04-23 04:29:36,960 [main] INFO  server.session (HouseKeeper.java:stopScavenging(149)) - node0 Stopped scavenging
2025-04-23 04:29:36,960 [main] INFO  handler.ContextHandler (ContextHandler.java:doStop(1159)) - Stopped o.e.j.s.ServletContextHandler@1858f81a{static,/static,file:///home/runner/work/ozone/ozone/hadoop-ozone/integration-test/target/test-classes/webapps/static,STOPPED}
2025-04-23 04:29:36,960 [main] INFO  handler.ContextHandler (ContextHandler.java:doStop(1159)) - Stopped o.e.j.s.ServletContextHandler@1f512acf{logs,/logs,file:///home/runner/work/ozone/ozone/hadoop-ozone/integration-test/target/log,STOPPED}
2025-04-23 04:29:36,961 [main] INFO  rocksdiff.RocksDBCheckpointDiffer (RocksDBCheckpointDiffer.java:close(304)) - Shutting down CompactionDagPruningService.
2025-04-23 04:29:36,963 [main] INFO  snapshot.SnapshotDiffManager (SnapshotDiffManager.java:closeExecutorService(1698)) - Shutting down executorService: 'SnapDiffExecutor'
2025-04-23 04:29:36,963 [main] INFO  utils.BackgroundService (BackgroundService.java:shutdown(161)) - Shutting down service SnapshotDiffCleanupService
2025-04-23 04:29:36,967 [grpc-default-executor-3] WARN  server.GrpcLogAppender (GrpcLogAppender.java:lambda$resetClient$1(221)) - omNode-1@group-523986131536->omNode-3-GrpcLogAppender: Follower failed (request=null, errorCount=9); keep nextIndex (46) unchanged and retry.
2025-04-23 04:29:36,970 [grpc-default-executor-4] WARN  server.GrpcLogAppender (GrpcLogAppender.java:lambda$resetClient$1(221)) - omNode-1@group-523986131536->omNode-3-GrpcLogAppender: Follower failed (request=null, errorCount=11); keep nextIndex (47) unchanged and retry.
2025-04-23 04:29:36,979 [grpc-default-executor-0] WARN  server.GrpcLogAppender (GrpcLogAppender.java:lambda$resetClient$1(221)) - omNode-1@group-523986131536->omNode-3-GrpcLogAppender: Follower failed (request=null, errorCount=13); keep nextIndex (48) unchanged and retry.
2025-04-23 04:29:36,982 [grpc-default-executor-3] WARN  server.GrpcLogAppender (GrpcLogAppender.java:lambda$resetClient$1(221)) - omNode-1@group-523986131536->omNode-3-GrpcLogAppender: Follower failed (request=null, errorCount=15); keep nextIndex (49) unchanged and retry.
2025-04-23 04:29:36,986 [grpc-default-executor-4] WARN  server.GrpcLogAppender (GrpcLogAppender.java:lambda$resetClient$1(221)) - omNode-1@group-523986131536->omNode-3-GrpcLogAppender: Follower failed (request=null, errorCount=17); keep nextIndex (50) unchanged and retry.
2025-04-23 04:29:36,987 [grpc-default-executor-4] WARN  server.GrpcLogAppender (GrpcLogAppender.java:lambda$resetClient$1(221)) - omNode-1@group-523986131536->omNode-3-GrpcLogAppender: Follower failed (request=null, errorCount=19); keep nextIndex (51) unchanged and retry.
2025-04-23 04:29:37,000 [grpc-default-executor-3] WARN  server.GrpcLogAppender (GrpcLogAppender.java:lambda$resetClient$1(221)) - omNode-1@group-523986131536->omNode-3-GrpcLogAppender: Follower failed (request=null, errorCount=21); keep nextIndex (52) unchanged and retry.
2025-04-23 04:29:37,002 [grpc-default-executor-4] WARN  server.GrpcLogAppender (GrpcLogAppender.java:lambda$resetClient$1(221)) - omNode-1@group-523986131536->omNode-3-GrpcLogAppender: Follower failed (request=null, errorCount=23); keep nextIndex (53) unchanged and retry.
2025-04-23 04:29:37,006 [grpc-default-executor-3] WARN  server.GrpcLogAppender (GrpcLogAppender.java:lambda$resetClient$1(221)) - omNode-1@group-523986131536->omNode-3-GrpcLogAppender: Follower failed (request=null, errorCount=25); keep nextIndex (54) unchanged and retry.
2025-04-23 04:29:37,008 [grpc-default-executor-4] WARN  server.GrpcLogAppender (GrpcLogAppender.java:lambda$resetClient$1(221)) - omNode-1@group-523986131536->omNode-3-GrpcLogAppender: Follower failed (request=null, errorCount=27); keep nextIndex (55) unchanged and retry.
2025-04-23 04:29:37,024 [omNode-2@group-523986131536-StateMachineUpdater] INFO  ratis.OzoneManagerStateMachine (OzoneManagerStateMachine.java:takeSnapshotImpl(510)) - omNode-2: taking snapshot. applied = (t:1, i:50), skipped = 49, notified = (t:1, i:50), current snapshot index = (t:1, i:50), took 24 ms
2025-04-23 04:29:37,024 [omNode-2@group-523986131536-StateMachineUpdater] INFO  impl.StateMachineUpdater (StateMachineUpdater.java:takeSnapshot(303)) - omNode-2@group-523986131536-StateMachineUpdater: Took a snapshot at index 50
2025-04-23 04:29:37,025 [omNode-2@group-523986131536-StateMachineUpdater] INFO  impl.StateMachineUpdater (StateMachineUpdater.java:lambda$new$0(102)) - omNode-2@group-523986131536-StateMachineUpdater: snapshotIndex: updateIncreasingly -1 -> 50
2025-04-23 04:29:37,025 [omNode-2@group-523986131536-StateMachineUpdater] INFO  raftlog.RaftLog (RaftLogBase.java:purge(325)) - omNode-2@group-523986131536-SegmentedRaftLog: purge 50
2025-04-23 04:29:37,025 [omNode-2@group-523986131536-StateMachineUpdater] INFO  raftlog.RaftLog (RaftLogBase.java:lambda$new$0(54)) - omNode-2@group-523986131536-SegmentedRaftLog: snapshotIndex: updateIncreasingly -1 -> 50
2025-04-23 04:29:37,025 [omNode-2@group-523986131536-StateMachineUpdater] INFO  raftlog.RaftLog (RaftLogBase.java:lambda$new$0(54)) - omNode-2@group-523986131536-SegmentedRaftLog: purgeIndex: updateToMax old=-1, new=50, updated? true
2025-04-23 04:29:37,027 [omNode-1@group-523986131536-StateMachineUpdater] INFO  ratis.OzoneManagerStateMachine (OzoneManagerStateMachine.java:takeSnapshotImpl(510)) - omNode-1: taking snapshot. applied = (t:1, i:51), skipped = 49, notified = (t:1, i:50), current snapshot index = (t:1, i:51), took 24 ms
2025-04-23 04:29:37,027 [omNode-1@group-523986131536-StateMachineUpdater] INFO  impl.StateMachineUpdater (StateMachineUpdater.java:takeSnapshot(303)) - omNode-1@group-523986131536-StateMachineUpdater: Took a snapshot at index 51
2025-04-23 04:29:37,027 [omNode-1@group-523986131536-StateMachineUpdater] INFO  impl.StateMachineUpdater (StateMachineUpdater.java:lambda$new$0(102)) - omNode-1@group-523986131536-StateMachineUpdater: snapshotIndex: updateIncreasingly -1 -> 51
2025-04-23 04:29:37,027 [omNode-1@group-523986131536-StateMachineUpdater] INFO  raftlog.RaftLog (RaftLogBase.java:purge(325)) - omNode-1@group-523986131536-SegmentedRaftLog: purge 51
2025-04-23 04:29:37,027 [omNode-1@group-523986131536-StateMachineUpdater] INFO  raftlog.RaftLog (RaftLogBase.java:lambda$new$0(54)) - omNode-1@group-523986131536-SegmentedRaftLog: snapshotIndex: updateIncreasingly -1 -> 51
2025-04-23 04:29:37,027 [omNode-1@group-523986131536-StateMachineUpdater] INFO  raftlog.RaftLog (RaftLogBase.java:lambda$new$0(54)) - omNode-1@group-523986131536-SegmentedRaftLog: purgeIndex: updateToMax old=-1, new=51, updated? true
2025-04-23 04:29:37,034 [grpc-default-executor-4] WARN  server.GrpcLogAppender (GrpcLogAppender.java:lambda$resetClient$1(221)) - omNode-1@group-523986131536->omNode-3-GrpcLogAppender: Follower failed (request=null, errorCount=29); keep nextIndex (56) unchanged and retry.
2025-04-23 04:29:37,036 [grpc-default-executor-3] WARN  server.GrpcLogAppender (GrpcLogAppender.java:lambda$resetClient$1(221)) - omNode-1@group-523986131536->omNode-3-GrpcLogAppender: Follower failed (request=null, errorCount=31); keep nextIndex (57) unchanged and retry.
2025-04-23 04:29:37,040 [grpc-default-executor-0] WARN  server.GrpcLogAppender (GrpcLogAppender.java:lambda$resetClient$1(221)) - omNode-1@group-523986131536->omNode-3-GrpcLogAppender: Follower failed (request=null, errorCount=33); keep nextIndex (58) unchanged and retry.
2025-04-23 04:29:37,042 [grpc-default-executor-3] WARN  server.GrpcLogAppender (GrpcLogAppender.java:lambda$resetClient$1(221)) - omNode-1@group-523986131536->omNode-3-GrpcLogAppender: Follower failed (request=null, errorCount=35); keep nextIndex (59) unchanged and retry.
2025-04-23 04:29:37,049 [grpc-default-executor-0] WARN  server.GrpcLogAppender (GrpcLogAppender.java:lambda$resetClient$1(221)) - omNode-1@group-523986131536->omNode-3-GrpcLogAppender: Follower failed (request=null, errorCount=37); keep nextIndex (60) unchanged and retry.
2025-04-23 04:29:37,052 [grpc-default-executor-3] WARN  server.GrpcLogAppender (GrpcLogAppender.java:lambda$resetClient$1(221)) - omNode-1@group-523986131536->omNode-3-GrpcLogAppender: Follower failed (request=null, errorCount=39); keep nextIndex (61) unchanged and retry.
2025-04-23 04:29:37,055 [grpc-default-executor-0] WARN  server.GrpcLogAppender (GrpcLogAppender.java:lambda$resetClient$1(221)) - omNode-1@group-523986131536->omNode-3-GrpcLogAppender: Follower failed (request=null, errorCount=41); keep nextIndex (62) unchanged and retry.
2025-04-23 04:29:37,057 [grpc-default-executor-4] WARN  server.GrpcLogAppender (GrpcLogAppender.java:lambda$resetClient$1(221)) - omNode-1@group-523986131536->omNode-3-GrpcLogAppender: Follower failed (request=null, errorCount=43); keep nextIndex (63) unchanged and retry.
2025-04-23 04:29:37,065 [grpc-default-executor-4] WARN  server.GrpcLogAppender (GrpcLogAppender.java:lambda$resetClient$1(221)) - omNode-1@group-523986131536->omNode-3-GrpcLogAppender: Follower failed (request=null, errorCount=45); keep nextIndex (64) unchanged and retry.
2025-04-23 04:29:37,066 [grpc-default-executor-3] WARN  server.GrpcLogAppender (GrpcLogAppender.java:lambda$resetClient$1(221)) - omNode-1@group-523986131536->omNode-3-GrpcLogAppender: Follower failed (request=null, errorCount=47); keep nextIndex (65) unchanged and retry.
2025-04-23 04:29:37,071 [grpc-default-executor-0] WARN  server.GrpcLogAppender (GrpcLogAppender.java:lambda$resetClient$1(221)) - omNode-1@group-523986131536->omNode-3-GrpcLogAppender: Follower failed (request=null, errorCount=49); keep nextIndex (66) unchanged and retry.
2025-04-23 04:29:37,073 [grpc-default-executor-3] WARN  server.GrpcLogAppender (GrpcLogAppender.java:lambda$resetClient$1(221)) - omNode-1@group-523986131536->omNode-3-GrpcLogAppender: Follower failed (request=null, errorCount=51); keep nextIndex (67) unchanged and retry.
2025-04-23 04:29:37,080 [grpc-default-executor-4] WARN  server.GrpcLogAppender (GrpcLogAppender.java:lambda$resetClient$1(221)) - omNode-1@group-523986131536->omNode-3-GrpcLogAppender: Follower failed (request=null, errorCount=53); keep nextIndex (68) unchanged and retry.
2025-04-23 04:29:37,083 [grpc-default-executor-3] WARN  server.GrpcLogAppender (GrpcLogAppender.java:lambda$resetClient$1(221)) - omNode-1@group-523986131536->omNode-3-GrpcLogAppender: Follower failed (request=null, errorCount=55); keep nextIndex (69) unchanged and retry.
2025-04-23 04:29:37,086 [grpc-default-executor-4] WARN  server.GrpcLogAppender (GrpcLogAppender.java:lambda$resetClient$1(221)) - omNode-1@group-523986131536->omNode-3-GrpcLogAppender: Follower failed (request=null, errorCount=57); keep nextIndex (70) unchanged and retry.
2025-04-23 04:29:37,088 [grpc-default-executor-0] WARN  server.GrpcLogAppender (GrpcLogAppender.java:lambda$resetClient$1(221)) - omNode-1@group-523986131536->omNode-3-GrpcLogAppender: Follower failed (request=null, errorCount=59); keep nextIndex (71) unchanged and retry.
2025-04-23 04:29:37,094 [grpc-default-executor-4] WARN  server.GrpcLogAppender (GrpcLogAppender.java:lambda$resetClient$1(221)) - omNode-1@group-523986131536->omNode-3-GrpcLogAppender: Follower failed (request=null, errorCount=61); keep nextIndex (72) unchanged and retry.
2025-04-23 04:29:37,096 [grpc-default-executor-0] WARN  server.GrpcLogAppender (GrpcLogAppender.java:lambda$resetClient$1(221)) - omNode-1@group-523986131536->omNode-3-GrpcLogAppender: Follower failed (request=null, errorCount=63); keep nextIndex (73) unchanged and retry.
2025-04-23 04:29:37,101 [grpc-default-executor-3] WARN  server.GrpcLogAppender (GrpcLogAppender.java:lambda$resetClient$1(221)) - omNode-1@group-523986131536->omNode-3-GrpcLogAppender: Follower failed (request=null, errorCount=65); keep nextIndex (74) unchanged and retry.
2025-04-23 04:29:37,102 [grpc-default-executor-0] WARN  server.GrpcLogAppender (GrpcLogAppender.java:lambda$resetClient$1(221)) - omNode-1@group-523986131536->omNode-3-GrpcLogAppender: Follower failed (request=null, errorCount=67); keep nextIndex (75) unchanged and retry.
2025-04-23 04:29:37,110 [grpc-default-executor-3] WARN  server.GrpcLogAppender (GrpcLogAppender.java:lambda$resetClient$1(221)) - omNode-1@group-523986131536->omNode-3-GrpcLogAppender: Follower failed (request=null, errorCount=69); keep nextIndex (76) unchanged and retry.
2025-04-23 04:29:37,111 [grpc-default-executor-4] WARN  server.GrpcLogAppender (GrpcLogAppender.java:lambda$resetClient$1(221)) - omNode-1@group-523986131536->omNode-3-GrpcLogAppender: Follower failed (request=null, errorCount=71); keep nextIndex (77) unchanged and retry.
2025-04-23 04:29:37,116 [grpc-default-executor-0] WARN  server.GrpcLogAppender (GrpcLogAppender.java:lambda$resetClient$1(221)) - omNode-1@group-523986131536->omNode-3-GrpcLogAppender: Follower failed (request=null, errorCount=73); keep nextIndex (78) unchanged and retry.
2025-04-23 04:29:37,118 [grpc-default-executor-4] WARN  server.GrpcLogAppender (GrpcLogAppender.java:lambda$resetClient$1(221)) - omNode-1@group-523986131536->omNode-3-GrpcLogAppender: Follower failed (request=null, errorCount=75); keep nextIndex (79) unchanged and retry.
2025-04-23 04:29:37,125 [grpc-default-executor-3] WARN  server.GrpcLogAppender (GrpcLogAppender.java:lambda$resetClient$1(221)) - omNode-1@group-523986131536->omNode-3-GrpcLogAppender: Follower failed (request=null, errorCount=77); keep nextIndex (80) unchanged and retry.
2025-04-23 04:29:37,128 [grpc-default-executor-0] WARN  server.GrpcLogAppender (GrpcLogAppender.java:lambda$resetClient$1(221)) - omNode-1@group-523986131536->omNode-3-GrpcLogAppender: Follower failed (request=null, errorCount=79); keep nextIndex (81) unchanged and retry.
2025-04-23 04:29:37,132 [grpc-default-executor-3] WARN  server.GrpcLogAppender (GrpcLogAppender.java:lambda$resetClient$1(221)) - omNode-1@group-523986131536->omNode-3-GrpcLogAppender: Follower failed (request=null, errorCount=81); keep nextIndex (82) unchanged and retry.
2025-04-23 04:29:37,134 [grpc-default-executor-3] WARN  server.GrpcLogAppender (GrpcLogAppender.java:lambda$resetClient$1(221)) - omNode-1@group-523986131536->omNode-3-GrpcLogAppender: Follower failed (request=null, errorCount=83); keep nextIndex (83) unchanged and retry.
2025-04-23 04:29:37,144 [grpc-default-executor-0] WARN  server.GrpcLogAppender (GrpcLogAppender.java:lambda$resetClient$1(221)) - omNode-1@group-523986131536->omNode-3-GrpcLogAppender: Follower failed (request=null, errorCount=85); keep nextIndex (84) unchanged and retry.
2025-04-23 04:29:37,148 [grpc-default-executor-3] WARN  server.GrpcLogAppender (GrpcLogAppender.java:lambda$resetClient$1(221)) - omNode-1@group-523986131536->omNode-3-GrpcLogAppender: Follower failed (request=null, errorCount=87); keep nextIndex (85) unchanged and retry.
2025-04-23 04:29:37,151 [grpc-default-executor-0] WARN  server.GrpcLogAppender (GrpcLogAppender.java:lambda$resetClient$1(221)) - omNode-1@group-523986131536->omNode-3-GrpcLogAppender: Follower failed (request=null, errorCount=89); keep nextIndex (86) unchanged and retry.
2025-04-23 04:29:37,153 [grpc-default-executor-4] WARN  server.GrpcLogAppender (GrpcLogAppender.java:lambda$resetClient$1(221)) - omNode-1@group-523986131536->omNode-3-GrpcLogAppender: Follower failed (request=null, errorCount=91); keep nextIndex (87) unchanged and retry.
2025-04-23 04:29:37,161 [grpc-default-executor-0] WARN  server.GrpcLogAppender (GrpcLogAppender.java:lambda$resetClient$1(221)) - omNode-1@group-523986131536->omNode-3-GrpcLogAppender: Follower failed (request=null, errorCount=93); keep nextIndex (88) unchanged and retry.
2025-04-23 04:29:37,162 [grpc-default-executor-4] WARN  server.GrpcLogAppender (GrpcLogAppender.java:lambda$resetClient$1(221)) - omNode-1@group-523986131536->omNode-3-GrpcLogAppender: Follower failed (request=null, errorCount=95); keep nextIndex (89) unchanged and retry.
2025-04-23 04:29:37,168 [grpc-default-executor-0] WARN  server.GrpcLogAppender (GrpcLogAppender.java:lambda$resetClient$1(221)) - omNode-1@group-523986131536->omNode-3-GrpcLogAppender: Follower failed (request=null, errorCount=97); keep nextIndex (90) unchanged and retry.
2025-04-23 04:29:37,169 [grpc-default-executor-4] WARN  server.GrpcLogAppender (GrpcLogAppender.java:lambda$resetClient$1(221)) - omNode-1@group-523986131536->omNode-3-GrpcLogAppender: Follower failed (request=null, errorCount=99); keep nextIndex (91) unchanged and retry.
2025-04-23 04:29:37,177 [grpc-default-executor-3] WARN  server.GrpcLogAppender (GrpcLogAppender.java:lambda$resetClient$1(221)) - omNode-1@group-523986131536->omNode-3-GrpcLogAppender: Follower failed (request=null, errorCount=101); keep nextIndex (92) unchanged and retry.
2025-04-23 04:29:37,179 [grpc-default-executor-4] WARN  server.GrpcLogAppender (GrpcLogAppender.java:lambda$resetClient$1(221)) - omNode-1@group-523986131536->omNode-3-GrpcLogAppender: Follower failed (request=null, errorCount=103); keep nextIndex (93) unchanged and retry.
2025-04-23 04:29:37,183 [grpc-default-executor-4] WARN  server.GrpcLogAppender (GrpcLogAppender.java:lambda$resetClient$1(221)) - omNode-1@group-523986131536->omNode-3-GrpcLogAppender: Follower failed (request=null, errorCount=105); keep nextIndex (94) unchanged and retry.
2025-04-23 04:29:37,188 [grpc-default-executor-3] WARN  server.GrpcLogAppender (GrpcLogAppender.java:lambda$resetClient$1(221)) - omNode-1@group-523986131536->omNode-3-GrpcLogAppender: Follower failed (request=null, errorCount=107); keep nextIndex (95) unchanged and retry.
2025-04-23 04:29:37,196 [grpc-default-executor-3] WARN  server.GrpcLogAppender (GrpcLogAppender.java:lambda$resetClient$1(221)) - omNode-1@group-523986131536->omNode-3-GrpcLogAppender: Follower failed (request=null, errorCount=109); keep nextIndex (96) unchanged and retry.
2025-04-23 04:29:37,198 [grpc-default-executor-4] WARN  server.GrpcLogAppender (GrpcLogAppender.java:lambda$resetClient$1(221)) - omNode-1@group-523986131536->omNode-3-GrpcLogAppender: Follower failed (request=null, errorCount=111); keep nextIndex (97) unchanged and retry.
2025-04-23 04:29:37,206 [grpc-default-executor-4] WARN  server.GrpcLogAppender (GrpcLogAppender.java:lambda$resetClient$1(221)) - omNode-1@group-523986131536->omNode-3-GrpcLogAppender: Follower failed (request=null, errorCount=113); keep nextIndex (98) unchanged and retry.
2025-04-23 04:29:37,209 [grpc-default-executor-0] WARN  server.GrpcLogAppender (GrpcLogAppender.java:lambda$resetClient$1(221)) - omNode-1@group-523986131536->omNode-3-GrpcLogAppender: Follower failed (request=null, errorCount=115); keep nextIndex (99) unchanged and retry.
2025-04-23 04:29:37,218 [grpc-default-executor-0] WARN  server.GrpcLogAppender (GrpcLogAppender.java:lambda$resetClient$1(221)) - omNode-1@group-523986131536->omNode-3-GrpcLogAppender: Follower failed (request=null, errorCount=119); keep nextIndex (100) unchanged and retry.
2025-04-23 04:29:37,222 [grpc-default-executor-3] WARN  server.GrpcLogAppender (GrpcLogAppender.java:lambda$resetClient$1(221)) - omNode-1@group-523986131536->omNode-3-GrpcLogAppender: Follower failed (request=null, errorCount=121); keep nextIndex (101) unchanged and retry.
2025-04-23 04:29:37,227 [grpc-default-executor-3] WARN  server.GrpcLogAppender (GrpcLogAppender.java:lambda$resetClient$1(221)) - omNode-1@group-523986131536->omNode-3-GrpcLogAppender: Follower failed (request=null, errorCount=123); keep nextIndex (102) unchanged and retry.
2025-04-23 04:29:37,229 [grpc-default-executor-3] WARN  server.GrpcLogAppender (GrpcLogAppender.java:lambda$resetClient$1(221)) - omNode-1@group-523986131536->omNode-3-GrpcLogAppender: Follower failed (request=null, errorCount=125); keep nextIndex (103) unchanged and retry.
2025-04-23 04:29:37,238 [grpc-default-executor-4] WARN  server.GrpcLogAppender (GrpcLogAppender.java:lambda$resetClient$1(221)) - omNode-1@group-523986131536->omNode-3-GrpcLogAppender: Follower failed (request=null, errorCount=127); keep nextIndex (104) unchanged and retry.
2025-04-23 04:29:37,242 [grpc-default-executor-3] WARN  server.GrpcLogAppender (GrpcLogAppender.java:lambda$resetClient$1(221)) - omNode-1@group-523986131536->omNode-3-GrpcLogAppender: Follower failed (request=null, errorCount=129); keep nextIndex (105) unchanged and retry.
2025-04-23 04:29:37,248 [grpc-default-executor-0] WARN  server.GrpcLogAppender (GrpcLogAppender.java:lambda$resetClient$1(221)) - omNode-1@group-523986131536->omNode-3-GrpcLogAppender: Follower failed (request=null, errorCount=131); keep nextIndex (106) unchanged and retry.
2025-04-23 04:29:37,248 [omNode-2@group-523986131536-StateMachineUpdater] INFO  ratis.OzoneManagerStateMachine (OzoneManagerStateMachine.java:takeSnapshotImpl(510)) - omNode-2: taking snapshot. applied = (t:1, i:100), skipped = 99, notified = (t:1, i:100), current snapshot index = (t:1, i:100), took 21 ms
2025-04-23 04:29:37,249 [omNode-2@group-523986131536-StateMachineUpdater] INFO  impl.StateMachineUpdater (StateMachineUpdater.java:takeSnapshot(303)) - omNode-2@group-523986131536-StateMachineUpdater: Took a snapshot at index 100
2025-04-23 04:29:37,249 [omNode-2@group-523986131536-StateMachineUpdater] INFO  impl.StateMachineUpdater (StateMachineUpdater.java:lambda$new$0(102)) - omNode-2@group-523986131536-StateMachineUpdater: snapshotIndex: updateIncreasingly 50 -> 100
2025-04-23 04:29:37,249 [omNode-2@group-523986131536-StateMachineUpdater] INFO  raftlog.RaftLog (RaftLogBase.java:purge(325)) - omNode-2@group-523986131536-SegmentedRaftLog: purge 100
2025-04-23 04:29:37,249 [omNode-2@group-523986131536-StateMachineUpdater] INFO  raftlog.RaftLog (RaftLogBase.java:lambda$new$0(54)) - omNode-2@group-523986131536-SegmentedRaftLog: snapshotIndex: updateIncreasingly 50 -> 100
2025-04-23 04:29:37,249 [omNode-2@group-523986131536-StateMachineUpdater] INFO  raftlog.RaftLog (RaftLogBase.java:lambda$new$0(54)) - omNode-2@group-523986131536-SegmentedRaftLog: purgeIndex: updateToMax old=50, new=100, updated? true
2025-04-23 04:29:37,250 [grpc-default-executor-3] WARN  server.GrpcLogAppender (GrpcLogAppender.java:lambda$resetClient$1(221)) - omNode-1@group-523986131536->omNode-3-GrpcLogAppender: Follower failed (request=null, errorCount=133); keep nextIndex (107) unchanged and retry.
2025-04-23 04:29:37,260 [omNode-1@group-523986131536-StateMachineUpdater] INFO  ratis.OzoneManagerStateMachine (OzoneManagerStateMachine.java:takeSnapshotImpl(510)) - omNode-1: taking snapshot. applied = (t:1, i:102), skipped = 101, notified = (t:1, i:102), current snapshot index = (t:1, i:102), took 18 ms
2025-04-23 04:29:37,260 [omNode-1@group-523986131536-StateMachineUpdater] INFO  impl.StateMachineUpdater (StateMachineUpdater.java:takeSnapshot(303)) - omNode-1@group-523986131536-StateMachineUpdater: Took a snapshot at index 102
2025-04-23 04:29:37,260 [omNode-1@group-523986131536-StateMachineUpdater] INFO  impl.StateMachineUpdater (StateMachineUpdater.java:lambda$new$0(102)) - omNode-1@group-523986131536-StateMachineUpdater: snapshotIndex: updateIncreasingly 51 -> 102
2025-04-23 04:29:37,260 [omNode-1@group-523986131536-StateMachineUpdater] INFO  raftlog.RaftLog (RaftLogBase.java:purge(325)) - omNode-1@group-523986131536-SegmentedRaftLog: purge 102
2025-04-23 04:29:37,260 [omNode-1@group-523986131536-StateMachineUpdater] INFO  raftlog.RaftLog (RaftLogBase.java:lambda$new$0(54)) - omNode-1@group-523986131536-SegmentedRaftLog: snapshotIndex: updateIncreasingly 51 -> 102
2025-04-23 04:29:37,260 [omNode-1@group-523986131536-StateMachineUpdater] INFO  raftlog.RaftLog (RaftLogBase.java:lambda$new$0(54)) - omNode-1@group-523986131536-SegmentedRaftLog: purgeIndex: updateToMax old=51, new=102, updated? true
2025-04-23 04:29:37,268 [grpc-default-executor-0] WARN  server.GrpcLogAppender (GrpcLogAppender.java:lambda$resetClient$1(221)) - omNode-1@group-523986131536->omNode-3-GrpcLogAppender: Follower failed (request=null, errorCount=135); keep nextIndex (108) unchanged and retry.
2025-04-23 04:29:37,271 [grpc-default-executor-4] WARN  server.GrpcLogAppender (GrpcLogAppender.java:lambda$resetClient$1(221)) - omNode-1@group-523986131536->omNode-3-GrpcLogAppender: Follower failed (request=null, errorCount=137); keep nextIndex (109) unchanged and retry.
2025-04-23 04:29:37,274 [grpc-default-executor-3] WARN  server.GrpcLogAppender (GrpcLogAppender.java:lambda$resetClient$1(221)) - omNode-1@group-523986131536->omNode-3-GrpcLogAppender: Follower failed (request=null, errorCount=139); keep nextIndex (110) unchanged and retry.
2025-04-23 04:29:37,275 [grpc-default-executor-0] WARN  server.GrpcLogAppender (GrpcLogAppender.java:lambda$resetClient$1(221)) - omNode-1@group-523986131536->omNode-3-GrpcLogAppender: Follower failed (request=null, errorCount=141); keep nextIndex (111) unchanged and retry.
2025-04-23 04:29:37,282 [grpc-default-executor-3] WARN  server.GrpcLogAppender (GrpcLogAppender.java:lambda$resetClient$1(221)) - omNode-1@group-523986131536->omNode-3-GrpcLogAppender: Follower failed (request=null, errorCount=143); keep nextIndex (112) unchanged and retry.
2025-04-23 04:29:37,284 [grpc-default-executor-3] WARN  server.GrpcLogAppender (GrpcLogAppender.java:lambda$resetClient$1(221)) - omNode-1@group-523986131536->omNode-3-GrpcLogAppender: Follower failed (request=null, errorCount=145); keep nextIndex (113) unchanged and retry.
2025-04-23 04:29:37,288 [grpc-default-executor-4] WARN  server.GrpcLogAppender (GrpcLogAppender.java:lambda$resetClient$1(221)) - omNode-1@group-523986131536->omNode-3-GrpcLogAppender: Follower failed (request=null, errorCount=147); keep nextIndex (114) unchanged and retry.
2025-04-23 04:29:37,308 [grpc-default-executor-3] WARN  server.GrpcLogAppender (GrpcLogAppender.java:lambda$resetClient$1(221)) - omNode-1@group-523986131536->omNode-3-GrpcLogAppender: Follower failed (request=null, errorCount=149); keep nextIndex (115) unchanged and retry.
2025-04-23 04:29:37,316 [grpc-default-executor-4] WARN  server.GrpcLogAppender (GrpcLogAppender.java:lambda$resetClient$1(221)) - omNode-1@group-523986131536->omNode-3-GrpcLogAppender: Follower failed (request=null, errorCount=151); keep nextIndex (116) unchanged and retry.
2025-04-23 04:29:37,317 [grpc-default-executor-0] WARN  server.GrpcLogAppender (GrpcLogAppender.java:lambda$resetClient$1(221)) - omNode-1@group-523986131536->omNode-3-GrpcLogAppender: Follower failed (request=null, errorCount=153); keep nextIndex (117) unchanged and retry.
2025-04-23 04:29:37,321 [grpc-default-executor-3] WARN  server.GrpcLogAppender (GrpcLogAppender.java:lambda$resetClient$1(221)) - omNode-1@group-523986131536->omNode-3-GrpcLogAppender: Follower failed (request=null, errorCount=155); keep nextIndex (118) unchanged and retry.
2025-04-23 04:29:37,323 [grpc-default-executor-4] WARN  server.GrpcLogAppender (GrpcLogAppender.java:lambda$resetClient$1(221)) - omNode-1@group-523986131536->omNode-3-GrpcLogAppender: Follower failed (request=null, errorCount=157); keep nextIndex (119) unchanged and retry.
2025-04-23 04:29:37,329 [grpc-default-executor-0] WARN  server.GrpcLogAppender (GrpcLogAppender.java:lambda$resetClient$1(221)) - omNode-1@group-523986131536->omNode-3-GrpcLogAppender: Follower failed (request=null, errorCount=159); keep nextIndex (120) unchanged and retry.
2025-04-23 04:29:37,331 [grpc-default-executor-3] WARN  server.GrpcLogAppender (GrpcLogAppender.java:lambda$resetClient$1(221)) - omNode-1@group-523986131536->omNode-3-GrpcLogAppender: Follower failed (request=null, errorCount=161); keep nextIndex (121) unchanged and retry.
2025-04-23 04:29:37,334 [grpc-default-executor-0] WARN  server.GrpcLogAppender (GrpcLogAppender.java:lambda$resetClient$1(221)) - omNode-1@group-523986131536->omNode-3-GrpcLogAppender: Follower failed (request=null, errorCount=163); keep nextIndex (122) unchanged and retry.
2025-04-23 04:29:37,335 [grpc-default-executor-3] WARN  server.GrpcLogAppender (GrpcLogAppender.java:lambda$resetClient$1(221)) - omNode-1@group-523986131536->omNode-3-GrpcLogAppender: Follower failed (request=null, errorCount=165); keep nextIndex (123) unchanged and retry.
2025-04-23 04:29:37,345 [grpc-default-executor-4] WARN  server.GrpcLogAppender (GrpcLogAppender.java:lambda$resetClient$1(221)) - omNode-1@group-523986131536->omNode-3-GrpcLogAppender: Follower failed (request=null, errorCount=167); keep nextIndex (124) unchanged and retry.
2025-04-23 04:29:37,347 [grpc-default-executor-4] WARN  server.GrpcLogAppender (GrpcLogAppender.java:lambda$resetClient$1(221)) - omNode-1@group-523986131536->omNode-3-GrpcLogAppender: Follower failed (request=null, errorCount=169); keep nextIndex (125) unchanged and retry.
2025-04-23 04:29:37,350 [grpc-default-executor-0] WARN  server.GrpcLogAppender (GrpcLogAppender.java:lambda$resetClient$1(221)) - omNode-1@group-523986131536->omNode-3-GrpcLogAppender: Follower failed (request=null, errorCount=171); keep nextIndex (126) unchanged and retry.
2025-04-23 04:29:37,353 [grpc-default-executor-4] WARN  server.GrpcLogAppender (GrpcLogAppender.java:lambda$resetClient$1(221)) - omNode-1@group-523986131536->omNode-3-GrpcLogAppender: Follower failed (request=null, errorCount=173); keep nextIndex (127) unchanged and retry.
2025-04-23 04:29:37,358 [grpc-default-executor-4] WARN  server.GrpcLogAppender (GrpcLogAppender.java:lambda$resetClient$1(221)) - omNode-1@group-523986131536->omNode-3-GrpcLogAppender: Follower failed (request=null, errorCount=175); keep nextIndex (128) unchanged and retry.
2025-04-23 04:29:37,361 [grpc-default-executor-0] WARN  server.GrpcLogAppender (GrpcLogAppender.java:lambda$resetClient$1(221)) - omNode-1@group-523986131536->omNode-3-GrpcLogAppender: Follower failed (request=null, errorCount=177); keep nextIndex (129) unchanged and retry.
2025-04-23 04:29:37,364 [grpc-default-executor-3] WARN  server.GrpcLogAppender (GrpcLogAppender.java:lambda$resetClient$1(221)) - omNode-1@group-523986131536->omNode-3-GrpcLogAppender: Follower failed (request=null, errorCount=179); keep nextIndex (130) unchanged and retry.
2025-04-23 04:29:37,366 [grpc-default-executor-4] WARN  server.GrpcLogAppender (GrpcLogAppender.java:lambda$resetClient$1(221)) - omNode-1@group-523986131536->omNode-3-GrpcLogAppender: Follower failed (request=null, errorCount=181); keep nextIndex (131) unchanged and retry.
2025-04-23 04:29:37,374 [grpc-default-executor-0] WARN  server.GrpcLogAppender (GrpcLogAppender.java:lambda$resetClient$1(221)) - omNode-1@group-523986131536->omNode-3-GrpcLogAppender: Follower failed (request=null, errorCount=183); keep nextIndex (132) unchanged and retry.
2025-04-23 04:29:37,375 [grpc-default-executor-4] WARN  server.GrpcLogAppender (GrpcLogAppender.java:lambda$resetClient$1(221)) - omNode-1@group-523986131536->omNode-3-GrpcLogAppender: Follower failed (request=null, errorCount=185); keep nextIndex (133) unchanged and retry.
2025-04-23 04:29:37,380 [grpc-default-executor-0] WARN  server.GrpcLogAppender (GrpcLogAppender.java:lambda$resetClient$1(221)) - omNode-1@group-523986131536->omNode-3-GrpcLogAppender: Follower failed (request=null, errorCount=187); keep nextIndex (134) unchanged and retry.
2025-04-23 04:29:37,382 [grpc-default-executor-4] WARN  server.GrpcLogAppender (GrpcLogAppender.java:lambda$resetClient$1(221)) - omNode-1@group-523986131536->omNode-3-GrpcLogAppender: Follower failed (request=null, errorCount=189); keep nextIndex (135) unchanged and retry.
2025-04-23 04:29:37,392 [grpc-default-executor-0] WARN  server.GrpcLogAppender (GrpcLogAppender.java:lambda$resetClient$1(221)) - omNode-1@group-523986131536->omNode-3-GrpcLogAppender: Follower failed (request=null, errorCount=191); keep nextIndex (136) unchanged and retry.
2025-04-23 04:29:37,395 [grpc-default-executor-3] WARN  server.GrpcLogAppender (GrpcLogAppender.java:lambda$resetClient$1(221)) - omNode-1@group-523986131536->omNode-3-GrpcLogAppender: Follower failed (request=null, errorCount=193); keep nextIndex (137) unchanged and retry.
2025-04-23 04:29:37,400 [grpc-default-executor-4] WARN  server.GrpcLogAppender (GrpcLogAppender.java:lambda$resetClient$1(221)) - omNode-1@group-523986131536->omNode-3-GrpcLogAppender: Follower failed (request=null, errorCount=195); keep nextIndex (138) unchanged and retry.
2025-04-23 04:29:37,402 [grpc-default-executor-0] WARN  server.GrpcLogAppender (GrpcLogAppender.java:lambda$resetClient$1(221)) - omNode-1@group-523986131536->omNode-3-GrpcLogAppender: Follower failed (request=null, errorCount=197); keep nextIndex (139) unchanged and retry.
2025-04-23 04:29:37,410 [grpc-default-executor-3] WARN  server.GrpcLogAppender (GrpcLogAppender.java:lambda$resetClient$1(221)) - omNode-1@group-523986131536->omNode-3-GrpcLogAppender: Follower failed (request=null, errorCount=199); keep nextIndex (140) unchanged and retry.
2025-04-23 04:29:37,412 [grpc-default-executor-4] WARN  server.GrpcLogAppender (GrpcLogAppender.java:lambda$resetClient$1(221)) - omNode-1@group-523986131536->omNode-3-GrpcLogAppender: Follower failed (request=null, errorCount=201); keep nextIndex (141) unchanged and retry.
2025-04-23 04:29:37,418 [grpc-default-executor-0] WARN  server.GrpcLogAppender (GrpcLogAppender.java:lambda$resetClient$1(221)) - omNode-1@group-523986131536->omNode-3-GrpcLogAppender: Follower failed (request=null, errorCount=203); keep nextIndex (142) unchanged and retry.
2025-04-23 04:29:37,419 [grpc-default-executor-2] WARN  server.GrpcLogAppender (GrpcLogAppender.java:lambda$resetClient$1(221)) - omNode-1@group-523986131536->omNode-3-GrpcLogAppender: Follower failed (request=null, errorCount=205); keep nextIndex (143) unchanged and retry.
2025-04-23 04:29:37,430 [grpc-default-executor-4] WARN  server.GrpcLogAppender (GrpcLogAppender.java:lambda$resetClient$1(221)) - omNode-1@group-523986131536->omNode-3-GrpcLogAppender: Follower failed (request=null, errorCount=207); keep nextIndex (144) unchanged and retry.
2025-04-23 04:29:37,432 [grpc-default-executor-2] WARN  server.GrpcLogAppender (GrpcLogAppender.java:lambda$resetClient$1(221)) - omNode-1@group-523986131536->omNode-3-GrpcLogAppender: Follower failed (request=null, errorCount=209); keep nextIndex (145) unchanged and retry.
2025-04-23 04:29:37,437 [grpc-default-executor-0] WARN  server.GrpcLogAppender (GrpcLogAppender.java:lambda$resetClient$1(221)) - omNode-1@group-523986131536->omNode-3-GrpcLogAppender: Follower failed (request=null, errorCount=211); keep nextIndex (146) unchanged and retry.
2025-04-23 04:29:37,438 [grpc-default-executor-0] WARN  server.GrpcLogAppender (GrpcLogAppender.java:lambda$resetClient$1(221)) - omNode-1@group-523986131536->omNode-3-GrpcLogAppender: Follower failed (request=null, errorCount=213); keep nextIndex (147) unchanged and retry.
2025-04-23 04:29:37,446 [grpc-default-executor-4] WARN  server.GrpcLogAppender (GrpcLogAppender.java:lambda$resetClient$1(221)) - omNode-1@group-523986131536->omNode-3-GrpcLogAppender: Follower failed (request=null, errorCount=215); keep nextIndex (148) unchanged and retry.
2025-04-23 04:29:37,447 [grpc-default-executor-0] WARN  server.GrpcLogAppender (GrpcLogAppender.java:lambda$resetClient$1(221)) - omNode-1@group-523986131536->omNode-3-GrpcLogAppender: Follower failed (request=null, errorCount=217); keep nextIndex (149) unchanged and retry.
2025-04-23 04:29:37,451 [grpc-default-executor-2] WARN  server.GrpcLogAppender (GrpcLogAppender.java:lambda$resetClient$1(221)) - omNode-1@group-523986131536->omNode-3-GrpcLogAppender: Follower failed (request=null, errorCount=219); keep nextIndex (150) unchanged and retry.
2025-04-23 04:29:37,452 [grpc-default-executor-4] WARN  server.GrpcLogAppender (GrpcLogAppender.java:lambda$resetClient$1(221)) - omNode-1@group-523986131536->omNode-3-GrpcLogAppender: Follower failed (request=null, errorCount=221); keep nextIndex (151) unchanged and retry.
2025-04-23 04:29:37,459 [grpc-default-executor-4] WARN  server.GrpcLogAppender (GrpcLogAppender.java:lambda$resetClient$1(221)) - omNode-1@group-523986131536->omNode-3-GrpcLogAppender: Follower failed (request=null, errorCount=223); keep nextIndex (152) unchanged and retry.
2025-04-23 04:29:37,460 [grpc-default-executor-2] WARN  server.GrpcLogAppender (GrpcLogAppender.java:lambda$resetClient$1(221)) - omNode-1@group-523986131536->omNode-3-GrpcLogAppender: Follower failed (request=null, errorCount=225); keep nextIndex (153) unchanged and retry.
2025-04-23 04:29:37,466 [grpc-default-executor-4] WARN  server.GrpcLogAppender (GrpcLogAppender.java:lambda$resetClient$1(221)) - omNode-1@group-523986131536->omNode-3-GrpcLogAppender: Follower failed (request=null, errorCount=229); keep nextIndex (155) unchanged and retry.
2025-04-23 04:29:37,475 [omNode-2@group-523986131536-StateMachineUpdater] INFO  ratis.OzoneManagerStateMachine (OzoneManagerStateMachine.java:takeSnapshotImpl(510)) - omNode-2: taking snapshot. applied = (t:1, i:150), skipped = 149, notified = (t:1, i:150), current snapshot index = (t:1, i:150), took 15 ms
2025-04-23 04:29:37,475 [omNode-2@group-523986131536-StateMachineUpdater] INFO  impl.StateMachineUpdater (StateMachineUpdater.java:takeSnapshot(303)) - omNode-2@group-523986131536-StateMachineUpdater: Took a snapshot at index 150
2025-04-23 04:29:37,475 [omNode-2@group-523986131536-StateMachineUpdater] INFO  impl.StateMachineUpdater (StateMachineUpdater.java:lambda$new$0(102)) - omNode-2@group-523986131536-StateMachineUpdater: snapshotIndex: updateIncreasingly 100 -> 150
2025-04-23 04:29:37,475 [omNode-2@group-523986131536-StateMachineUpdater] INFO  raftlog.RaftLog (RaftLogBase.java:purge(325)) - omNode-2@group-523986131536-SegmentedRaftLog: purge 150
2025-04-23 04:29:37,475 [omNode-2@group-523986131536-StateMachineUpdater] INFO  raftlog.RaftLog (RaftLogBase.java:lambda$new$0(54)) - omNode-2@group-523986131536-SegmentedRaftLog: snapshotIndex: updateIncreasingly 100 -> 150
2025-04-23 04:29:37,475 [omNode-2@group-523986131536-StateMachineUpdater] INFO  raftlog.RaftLog (RaftLogBase.java:lambda$new$0(54)) - omNode-2@group-523986131536-SegmentedRaftLog: purgeIndex: updateToMax old=100, new=150, updated? true
2025-04-23 04:29:37,476 [omNode-1@group-523986131536-StateMachineUpdater] INFO  ratis.OzoneManagerStateMachine (OzoneManagerStateMachine.java:takeSnapshotImpl(510)) - omNode-1: taking snapshot. applied = (t:1, i:152), skipped = 151, notified = (t:1, i:152), current snapshot index = (t:1, i:152), took 14 ms
2025-04-23 04:29:37,476 [omNode-1@group-523986131536-StateMachineUpdater] INFO  impl.StateMachineUpdater (StateMachineUpdater.java:takeSnapshot(303)) - omNode-1@group-523986131536-StateMachineUpdater: Took a snapshot at index 152
2025-04-23 04:29:37,476 [omNode-1@group-523986131536-StateMachineUpdater] INFO  impl.StateMachineUpdater (StateMachineUpdater.java:lambda$new$0(102)) - omNode-1@group-523986131536-StateMachineUpdater: snapshotIndex: updateIncreasingly 102 -> 152
2025-04-23 04:29:37,476 [omNode-1@group-523986131536-StateMachineUpdater] INFO  raftlog.RaftLog (RaftLogBase.java:purge(325)) - omNode-1@group-523986131536-SegmentedRaftLog: purge 152
2025-04-23 04:29:37,476 [omNode-1@group-523986131536-StateMachineUpdater] INFO  raftlog.RaftLog (RaftLogBase.java:lambda$new$0(54)) - omNode-1@group-523986131536-SegmentedRaftLog: snapshotIndex: updateIncreasingly 102 -> 152
2025-04-23 04:29:37,476 [omNode-1@group-523986131536-StateMachineUpdater] INFO  raftlog.RaftLog (RaftLogBase.java:lambda$new$0(54)) - omNode-1@group-523986131536-SegmentedRaftLog: purgeIndex: updateToMax old=102, new=152, updated? true
2025-04-23 04:29:37,483 [grpc-default-executor-2] WARN  server.GrpcLogAppender (GrpcLogAppender.java:lambda$resetClient$1(221)) - omNode-1@group-523986131536->omNode-3-GrpcLogAppender: Follower failed (request=null, errorCount=231); keep nextIndex (156) unchanged and retry.
2025-04-23 04:29:37,484 [grpc-default-executor-4] WARN  server.GrpcLogAppender (GrpcLogAppender.java:lambda$resetClient$1(221)) - omNode-1@group-523986131536->omNode-3-GrpcLogAppender: Follower failed (request=null, errorCount=233); keep nextIndex (157) unchanged and retry.
2025-04-23 04:29:37,488 [grpc-default-executor-0] WARN  server.GrpcLogAppender (GrpcLogAppender.java:lambda$resetClient$1(221)) - omNode-1@group-523986131536->omNode-3-GrpcLogAppender: Follower failed (request=null, errorCount=235); keep nextIndex (158) unchanged and retry.
2025-04-23 04:29:37,491 [grpc-default-executor-2] WARN  server.GrpcLogAppender (GrpcLogAppender.java:lambda$resetClient$1(221)) - omNode-1@group-523986131536->omNode-3-GrpcLogAppender: Follower failed (request=null, errorCount=237); keep nextIndex (159) unchanged and retry.
2025-04-23 04:29:37,498 [grpc-default-executor-0] WARN  server.GrpcLogAppender (GrpcLogAppender.java:lambda$resetClient$1(221)) - omNode-1@group-523986131536->omNode-3-GrpcLogAppender: Follower failed (request=null, errorCount=239); keep nextIndex (160) unchanged and retry.
2025-04-23 04:29:37,500 [grpc-default-executor-2] WARN  server.GrpcLogAppender (GrpcLogAppender.java:lambda$resetClient$1(221)) - omNode-1@group-523986131536->omNode-3-GrpcLogAppender: Follower failed (request=null, errorCount=241); keep nextIndex (161) unchanged and retry.
2025-04-23 04:29:37,504 [grpc-default-executor-4] WARN  server.GrpcLogAppender (GrpcLogAppender.java:lambda$resetClient$1(221)) - omNode-1@group-523986131536->omNode-3-GrpcLogAppender: Follower failed (request=null, errorCount=243); keep nextIndex (162) unchanged and retry.
2025-04-23 04:29:37,505 [grpc-default-executor-0] WARN  server.GrpcLogAppender (GrpcLogAppender.java:lambda$resetClient$1(221)) - omNode-1@group-523986131536->omNode-3-GrpcLogAppender: Follower failed (request=null, errorCount=245); keep nextIndex (163) unchanged and retry.
2025-04-23 04:29:37,512 [grpc-default-executor-2] WARN  server.GrpcLogAppender (GrpcLogAppender.java:lambda$resetClient$1(221)) - omNode-1@group-523986131536->omNode-3-GrpcLogAppender: Follower failed (request=null, errorCount=247); keep nextIndex (164) unchanged and retry.
2025-04-23 04:29:37,514 [grpc-default-executor-0] WARN  server.GrpcLogAppender (GrpcLogAppender.java:lambda$resetClient$1(221)) - omNode-1@group-523986131536->omNode-3-GrpcLogAppender: Follower failed (request=null, errorCount=249); keep nextIndex (165) unchanged and retry.
2025-04-23 04:29:37,517 [grpc-default-executor-4] WARN  server.GrpcLogAppender (GrpcLogAppender.java:lambda$resetClient$1(221)) - omNode-1@group-523986131536->omNode-3-GrpcLogAppender: Follower failed (request=null, errorCount=251); keep nextIndex (166) unchanged and retry.
2025-04-23 04:29:37,518 [grpc-default-executor-0] WARN  server.GrpcLogAppender (GrpcLogAppender.java:lambda$resetClient$1(221)) - omNode-1@group-523986131536->omNode-3-GrpcLogAppender: Follower failed (request=null, errorCount=253); keep nextIndex (167) unchanged and retry.
2025-04-23 04:29:37,525 [grpc-default-executor-0] WARN  server.GrpcLogAppender (GrpcLogAppender.java:lambda$resetClient$1(221)) - omNode-1@group-523986131536->omNode-3-GrpcLogAppender: Follower failed (request=null, errorCount=255); keep nextIndex (168) unchanged and retry.
2025-04-23 04:29:37,527 [grpc-default-executor-0] WARN  server.GrpcLogAppender (GrpcLogAppender.java:lambda$resetClient$1(221)) - omNode-1@group-523986131536->omNode-3-GrpcLogAppender: Follower failed (request=null, errorCount=257); keep nextIndex (169) unchanged and retry.
2025-04-23 04:29:37,531 [grpc-default-executor-4] WARN  server.GrpcLogAppender (GrpcLogAppender.java:lambda$resetClient$1(221)) - omNode-1@group-523986131536->omNode-3-GrpcLogAppender: Follower failed (request=null, errorCount=259); keep nextIndex (170) unchanged and retry.
2025-04-23 04:29:37,532 [grpc-default-executor-4] WARN  server.GrpcLogAppender (GrpcLogAppender.java:lambda$resetClient$1(221)) - omNode-1@group-523986131536->omNode-3-GrpcLogAppender: Follower failed (request=null, errorCount=261); keep nextIndex (171) unchanged and retry.
2025-04-23 04:29:37,539 [grpc-default-executor-0] WARN  server.GrpcLogAppender (GrpcLogAppender.java:lambda$resetClient$1(221)) - omNode-1@group-523986131536->omNode-3-GrpcLogAppender: Follower failed (request=null, errorCount=263); keep nextIndex (172) unchanged and retry.
2025-04-23 04:29:37,542 [grpc-default-executor-4] WARN  server.GrpcLogAppender (GrpcLogAppender.java:lambda$resetClient$1(221)) - omNode-1@group-523986131536->omNode-3-GrpcLogAppender: Follower failed (request=null, errorCount=265); keep nextIndex (173) unchanged and retry.
2025-04-23 04:29:37,547 [grpc-default-executor-0] WARN  server.GrpcLogAppender (GrpcLogAppender.java:lambda$resetClient$1(221)) - omNode-1@group-523986131536->omNode-3-GrpcLogAppender: Follower failed (request=null, errorCount=267); keep nextIndex (174) unchanged and retry.
2025-04-23 04:29:37,550 [grpc-default-executor-4] WARN  server.GrpcLogAppender (GrpcLogAppender.java:lambda$resetClient$1(221)) - omNode-1@group-523986131536->omNode-3-GrpcLogAppender: Follower failed (request=null, errorCount=269); keep nextIndex (175) unchanged and retry.
2025-04-23 04:29:37,558 [grpc-default-executor-4] WARN  server.GrpcLogAppender (GrpcLogAppender.java:lambda$resetClient$1(221)) - omNode-1@group-523986131536->omNode-3-GrpcLogAppender: Follower failed (request=null, errorCount=271); keep nextIndex (176) unchanged and retry.
2025-04-23 04:29:37,560 [grpc-default-executor-4] WARN  server.GrpcLogAppender (GrpcLogAppender.java:lambda$resetClient$1(221)) - omNode-1@group-523986131536->omNode-3-GrpcLogAppender: Follower failed (request=null, errorCount=273); keep nextIndex (177) unchanged and retry.
2025-04-23 04:29:37,564 [grpc-default-executor-2] WARN  server.GrpcLogAppender (GrpcLogAppender.java:lambda$resetClient$1(221)) - omNode-1@group-523986131536->omNode-3-GrpcLogAppender: Follower failed (request=null, errorCount=275); keep nextIndex (178) unchanged and retry.
2025-04-23 04:29:37,565 [grpc-default-executor-2] WARN  server.GrpcLogAppender (GrpcLogAppender.java:lambda$resetClient$1(221)) - omNode-1@group-523986131536->omNode-3-GrpcLogAppender: Follower failed (request=null, errorCount=277); keep nextIndex (179) unchanged and retry.
2025-04-23 04:29:37,574 [grpc-default-executor-2] WARN  server.GrpcLogAppender (GrpcLogAppender.java:lambda$resetClient$1(221)) - omNode-1@group-523986131536->omNode-3-GrpcLogAppender: Follower failed (request=null, errorCount=279); keep nextIndex (180) unchanged and retry.
2025-04-23 04:29:37,576 [grpc-default-executor-4] WARN  server.GrpcLogAppender (GrpcLogAppender.java:lambda$resetClient$1(221)) - omNode-1@group-523986131536->omNode-3-GrpcLogAppender: Follower failed (request=null, errorCount=281); keep nextIndex (181) unchanged and retry.
2025-04-23 04:29:37,579 [grpc-default-executor-2] WARN  server.GrpcLogAppender (GrpcLogAppender.java:lambda$resetClient$1(221)) - omNode-1@group-523986131536->omNode-3-GrpcLogAppender: Follower failed (request=null, errorCount=283); keep nextIndex (182) unchanged and retry.
2025-04-23 04:29:37,581 [grpc-default-executor-0] WARN  server.GrpcLogAppender (GrpcLogAppender.java:lambda$resetClient$1(221)) - omNode-1@group-523986131536->omNode-3-GrpcLogAppender: Follower failed (request=null, errorCount=285); keep nextIndex (183) unchanged and retry.
2025-04-23 04:29:37,587 [grpc-default-executor-0] WARN  server.GrpcLogAppender (GrpcLogAppender.java:lambda$resetClient$1(221)) - omNode-1@group-523986131536->omNode-3-GrpcLogAppender: Follower failed (request=null, errorCount=287); keep nextIndex (184) unchanged and retry.
2025-04-23 04:29:37,589 [grpc-default-executor-4] WARN  server.GrpcLogAppender (GrpcLogAppender.java:lambda$resetClient$1(221)) - omNode-1@group-523986131536->omNode-3-GrpcLogAppender: Follower failed (request=null, errorCount=289); keep nextIndex (185) unchanged and retry.
2025-04-23 04:29:37,593 [grpc-default-executor-4] WARN  server.GrpcLogAppender (GrpcLogAppender.java:lambda$resetClient$1(221)) - omNode-1@group-523986131536->omNode-3-GrpcLogAppender: Follower failed (request=null, errorCount=291); keep nextIndex (186) unchanged and retry.
2025-04-23 04:29:37,595 [grpc-default-executor-2] WARN  server.GrpcLogAppender (GrpcLogAppender.java:lambda$resetClient$1(221)) - omNode-1@group-523986131536->omNode-3-GrpcLogAppender: Follower failed (request=null, errorCount=293); keep nextIndex (187) unchanged and retry.
2025-04-23 04:29:37,602 [grpc-default-executor-2] WARN  server.GrpcLogAppender (GrpcLogAppender.java:lambda$resetClient$1(221)) - omNode-1@group-523986131536->omNode-3-GrpcLogAppender: Follower failed (request=null, errorCount=295); keep nextIndex (188) unchanged and retry.
2025-04-23 04:29:37,604 [grpc-default-executor-4] WARN  server.GrpcLogAppender (GrpcLogAppender.java:lambda$resetClient$1(221)) - omNode-1@group-523986131536->omNode-3-GrpcLogAppender: Follower failed (request=null, errorCount=297); keep nextIndex (189) unchanged and retry.
2025-04-23 04:29:37,609 [grpc-default-executor-4] WARN  server.GrpcLogAppender (GrpcLogAppender.java:lambda$resetClient$1(221)) - omNode-1@group-523986131536->omNode-3-GrpcLogAppender: Follower failed (request=null, errorCount=299); keep nextIndex (190) unchanged and retry.
2025-04-23 04:29:37,611 [grpc-default-executor-2] WARN  server.GrpcLogAppender (GrpcLogAppender.java:lambda$resetClient$1(221)) - omNode-1@group-523986131536->omNode-3-GrpcLogAppender: Follower failed (request=null, errorCount=301); keep nextIndex (191) unchanged and retry.
2025-04-23 04:29:37,619 [grpc-default-executor-2] WARN  server.GrpcLogAppender (GrpcLogAppender.java:lambda$resetClient$1(221)) - omNode-1@group-523986131536->omNode-3-GrpcLogAppender: Follower failed (request=null, errorCount=303); keep nextIndex (192) unchanged and retry.
2025-04-23 04:29:37,620 [grpc-default-executor-2] WARN  server.GrpcLogAppender (GrpcLogAppender.java:lambda$resetClient$1(221)) - omNode-1@group-523986131536->omNode-3-GrpcLogAppender: Follower failed (request=null, errorCount=305); keep nextIndex (193) unchanged and retry.
2025-04-23 04:29:37,627 [grpc-default-executor-0] WARN  server.GrpcLogAppender (GrpcLogAppender.java:lambda$resetClient$1(221)) - omNode-1@group-523986131536->omNode-3-GrpcLogAppender: Follower failed (request=null, errorCount=307); keep nextIndex (194) unchanged and retry.
2025-04-23 04:29:37,629 [grpc-default-executor-0] WARN  server.GrpcLogAppender (GrpcLogAppender.java:lambda$resetClient$1(221)) - omNode-1@group-523986131536->omNode-3-GrpcLogAppender: Follower failed (request=null, errorCount=309); keep nextIndex (195) unchanged and retry.
2025-04-23 04:29:37,638 [grpc-default-executor-0] WARN  server.GrpcLogAppender (GrpcLogAppender.java:lambda$resetClient$1(221)) - omNode-1@group-523986131536->omNode-3-GrpcLogAppender: Follower failed (request=null, errorCount=311); keep nextIndex (196) unchanged and retry.
2025-04-23 04:29:37,639 [grpc-default-executor-4] WARN  server.GrpcLogAppender (GrpcLogAppender.java:lambda$resetClient$1(221)) - omNode-1@group-523986131536->omNode-3-GrpcLogAppender: Follower failed (request=null, errorCount=313); keep nextIndex (197) unchanged and retry.
2025-04-23 04:29:37,646 [grpc-default-executor-0] WARN  server.GrpcLogAppender (GrpcLogAppender.java:lambda$resetClient$1(221)) - omNode-1@group-523986131536->omNode-3-GrpcLogAppender: Follower failed (request=null, errorCount=315); keep nextIndex (198) unchanged and retry.
2025-04-23 04:29:37,648 [grpc-default-executor-2] WARN  server.GrpcLogAppender (GrpcLogAppender.java:lambda$resetClient$1(221)) - omNode-1@group-523986131536->omNode-3-GrpcLogAppender: Follower failed (request=null, errorCount=317); keep nextIndex (199) unchanged and retry.
2025-04-23 04:29:37,656 [grpc-default-executor-0] WARN  server.GrpcLogAppender (GrpcLogAppender.java:lambda$resetClient$1(221)) - omNode-1@group-523986131536->omNode-3-GrpcLogAppender: Follower failed (request=null, errorCount=319); keep nextIndex (200) unchanged and retry.
2025-04-23 04:29:37,658 [grpc-default-executor-4] WARN  server.GrpcLogAppender (GrpcLogAppender.java:lambda$resetClient$1(221)) - omNode-1@group-523986131536->omNode-3-GrpcLogAppender: Follower failed (request=null, errorCount=321); keep nextIndex (201) unchanged and retry.
2025-04-23 04:29:37,663 [grpc-default-executor-0] WARN  server.GrpcLogAppender (GrpcLogAppender.java:lambda$resetClient$1(221)) - omNode-1@group-523986131536->omNode-3-GrpcLogAppender: Follower failed (request=null, errorCount=323); keep nextIndex (202) unchanged and retry.
2025-04-23 04:29:37,665 [grpc-default-executor-2] WARN  server.GrpcLogAppender (GrpcLogAppender.java:lambda$resetClient$1(221)) - omNode-1@group-523986131536->omNode-3-GrpcLogAppender: Follower failed (request=null, errorCount=325); keep nextIndex (203) unchanged and retry.
2025-04-23 04:29:37,679 [grpc-default-executor-0] WARN  server.GrpcLogAppender (GrpcLogAppender.java:lambda$resetClient$1(221)) - omNode-1@group-523986131536->omNode-3-GrpcLogAppender: Follower failed (request=null, errorCount=327); keep nextIndex (204) unchanged and retry.
2025-04-23 04:29:37,681 [grpc-default-executor-0] WARN  server.GrpcLogAppender (GrpcLogAppender.java:lambda$resetClient$1(221)) - omNode-1@group-523986131536->omNode-3-GrpcLogAppender: Follower failed (request=null, errorCount=329); keep nextIndex (205) unchanged and retry.
2025-04-23 04:29:37,692 [omNode-2@group-523986131536-StateMachineUpdater] INFO  ratis.OzoneManagerStateMachine (OzoneManagerStateMachine.java:takeSnapshotImpl(510)) - omNode-2: taking snapshot. applied = (t:1, i:200), skipped = 199, notified = (t:1, i:200), current snapshot index = (t:1, i:200), took 29 ms
2025-04-23 04:29:37,693 [omNode-2@group-523986131536-StateMachineUpdater] INFO  impl.StateMachineUpdater (StateMachineUpdater.java:takeSnapshot(303)) - omNode-2@group-523986131536-StateMachineUpdater: Took a snapshot at index 200
2025-04-23 04:29:37,693 [omNode-2@group-523986131536-StateMachineUpdater] INFO  impl.StateMachineUpdater (StateMachineUpdater.java:lambda$new$0(102)) - omNode-2@group-523986131536-StateMachineUpdater: snapshotIndex: updateIncreasingly 150 -> 200
2025-04-23 04:29:37,693 [omNode-2@group-523986131536-StateMachineUpdater] INFO  raftlog.RaftLog (RaftLogBase.java:purge(325)) - omNode-2@group-523986131536-SegmentedRaftLog: purge 200
2025-04-23 04:29:37,693 [omNode-2@group-523986131536-StateMachineUpdater] INFO  raftlog.RaftLog (RaftLogBase.java:lambda$new$0(54)) - omNode-2@group-523986131536-SegmentedRaftLog: snapshotIndex: updateIncreasingly 150 -> 200
2025-04-23 04:29:37,693 [omNode-2@group-523986131536-StateMachineUpdater] INFO  raftlog.RaftLog (RaftLogBase.java:lambda$new$0(54)) - omNode-2@group-523986131536-SegmentedRaftLog: purgeIndex: updateToMax old=150, new=200, updated? true
2025-04-23 04:29:37,695 [omNode-1@group-523986131536-StateMachineUpdater] INFO  ratis.OzoneManagerStateMachine (OzoneManagerStateMachine.java:takeSnapshotImpl(510)) - omNode-1: taking snapshot. applied = (t:1, i:202), skipped = 201, notified = (t:1, i:202), current snapshot index = (t:1, i:202), took 28 ms
2025-04-23 04:29:37,695 [omNode-1@group-523986131536-StateMachineUpdater] INFO  impl.StateMachineUpdater (StateMachineUpdater.java:takeSnapshot(303)) - omNode-1@group-523986131536-StateMachineUpdater: Took a snapshot at index 202
2025-04-23 04:29:37,695 [omNode-1@group-523986131536-StateMachineUpdater] INFO  impl.StateMachineUpdater (StateMachineUpdater.java:lambda$new$0(102)) - omNode-1@group-523986131536-StateMachineUpdater: snapshotIndex: updateIncreasingly 152 -> 202
2025-04-23 04:29:37,695 [omNode-1@group-523986131536-StateMachineUpdater] INFO  raftlog.RaftLog (RaftLogBase.java:purge(325)) - omNode-1@group-523986131536-SegmentedRaftLog: purge 202
2025-04-23 04:29:37,695 [omNode-1@group-523986131536-StateMachineUpdater] INFO  raftlog.RaftLog (RaftLogBase.java:lambda$new$0(54)) - omNode-1@group-523986131536-SegmentedRaftLog: snapshotIndex: updateIncreasingly 152 -> 202
2025-04-23 04:29:37,695 [omNode-1@group-523986131536-StateMachineUpdater] INFO  raftlog.RaftLog (RaftLogBase.java:lambda$new$0(54)) - omNode-1@group-523986131536-SegmentedRaftLog: purgeIndex: updateToMax old=152, new=202, updated? true
2025-04-23 04:29:37,699 [Thread-8326] WARN  rocksdiff.RocksDBCheckpointDiffer (RocksDBCheckpointDiffer.java:lambda$onCompactionCompleted$0(492)) - Input file not found in inflightCompactionsMap : /home/runner/work/ozone/ozone/hadoop-ozone/integration-test/target/test-dir/MiniOzoneClusterImpl-e6c14afe-f26c-49b2-91d5-3d25694ec971/omNode-2/om.db/000057.sst which should have been added on compactionBeginListener.
2025-04-23 04:29:37,699 [Thread-8326] WARN  rocksdiff.RocksDBCheckpointDiffer (RocksDBCheckpointDiffer.java:lambda$onCompactionCompleted$0(492)) - Input file not found in inflightCompactionsMap : /home/runner/work/ozone/ozone/hadoop-ozone/integration-test/target/test-dir/MiniOzoneClusterImpl-e6c14afe-f26c-49b2-91d5-3d25694ec971/omNode-2/om.db/000063.sst which should have been added on compactionBeginListener.
2025-04-23 04:29:37,699 [Thread-8326] WARN  rocksdiff.RocksDBCheckpointDiffer (RocksDBCheckpointDiffer.java:lambda$onCompactionCompleted$0(492)) - Input file not found in inflightCompactionsMap : /home/runner/work/ozone/ozone/hadoop-ozone/integration-test/target/test-dir/MiniOzoneClusterImpl-e6c14afe-f26c-49b2-91d5-3d25694ec971/omNode-2/om.db/000068.sst which should have been added on compactionBeginListener.
2025-04-23 04:29:37,699 [Thread-8326] WARN  rocksdiff.RocksDBCheckpointDiffer (RocksDBCheckpointDiffer.java:lambda$onCompactionCompleted$0(492)) - Input file not found in inflightCompactionsMap : /home/runner/work/ozone/ozone/hadoop-ozone/integration-test/target/test-dir/MiniOzoneClusterImpl-e6c14afe-f26c-49b2-91d5-3d25694ec971/omNode-2/om.db/000073.sst which should have been added on compactionBeginListener.
2025-04-23 04:29:37,702 [grpc-default-executor-4] WARN  server.GrpcLogAppender (GrpcLogAppender.java:lambda$resetClient$1(221)) - omNode-1@group-523986131536->omNode-3-GrpcLogAppender: Follower failed (request=null, errorCount=331); keep nextIndex (206) unchanged and retry.
2025-04-23 04:29:37,703 [Thread-8340] WARN  rocksdiff.RocksDBCheckpointDiffer (RocksDBCheckpointDiffer.java:lambda$onCompactionCompleted$0(492)) - Input file not found in inflightCompactionsMap : /home/runner/work/ozone/ozone/hadoop-ozone/integration-test/target/test-dir/MiniOzoneClusterImpl-e6c14afe-f26c-49b2-91d5-3d25694ec971/omNode-1/om.db/000068.sst which should have been added on compactionBeginListener.
2025-04-23 04:29:37,703 [Thread-8340] WARN  rocksdiff.RocksDBCheckpointDiffer (RocksDBCheckpointDiffer.java:lambda$onCompactionCompleted$0(492)) - Input file not found in inflightCompactionsMap : /home/runner/work/ozone/ozone/hadoop-ozone/integration-test/target/test-dir/MiniOzoneClusterImpl-e6c14afe-f26c-49b2-91d5-3d25694ec971/omNode-1/om.db/000063.sst which should have been added on compactionBeginListener.
2025-04-23 04:29:37,703 [Thread-8340] WARN  rocksdiff.RocksDBCheckpointDiffer (RocksDBCheckpointDiffer.java:lambda$onCompactionCompleted$0(492)) - Input file not found in inflightCompactionsMap : /home/runner/work/ozone/ozone/hadoop-ozone/integration-test/target/test-dir/MiniOzoneClusterImpl-e6c14afe-f26c-49b2-91d5-3d25694ec971/omNode-1/om.db/000057.sst which should have been added on compactionBeginListener.
2025-04-23 04:29:37,703 [Thread-8340] WARN  rocksdiff.RocksDBCheckpointDiffer (RocksDBCheckpointDiffer.java:lambda$onCompactionCompleted$0(492)) - Input file not found in inflightCompactionsMap : /home/runner/work/ozone/ozone/hadoop-ozone/integration-test/target/test-dir/MiniOzoneClusterImpl-e6c14afe-f26c-49b2-91d5-3d25694ec971/omNode-1/om.db/000074.sst which should have been added on compactionBeginListener.
2025-04-23 04:29:37,703 [grpc-default-executor-2] WARN  server.GrpcLogAppender (GrpcLogAppender.java:lambda$resetClient$1(221)) - omNode-1@group-523986131536->omNode-3-GrpcLogAppender: Follower failed (request=null, errorCount=333); keep nextIndex (207) unchanged and retry.
2025-04-23 04:29:37,714 [grpc-default-executor-4] WARN  server.GrpcLogAppender (GrpcLogAppender.java:lambda$resetClient$1(221)) - omNode-1@group-523986131536->omNode-3-GrpcLogAppender: Follower failed (request=null, errorCount=335); keep nextIndex (208) unchanged and retry.
2025-04-23 04:29:37,715 [grpc-default-executor-0] WARN  server.GrpcLogAppender (GrpcLogAppender.java:lambda$resetClient$1(221)) - omNode-1@group-523986131536->omNode-3-GrpcLogAppender: Follower failed (request=null, errorCount=337); keep nextIndex (209) unchanged and retry.
2025-04-23 04:29:37,722 [grpc-default-executor-2] WARN  server.GrpcLogAppender (GrpcLogAppender.java:lambda$resetClient$1(221)) - omNode-1@group-523986131536->omNode-3-GrpcLogAppender: Follower failed (request=null, errorCount=341); keep nextIndex (210) unchanged and retry.
2025-04-23 04:29:37,725 [grpc-default-executor-2] WARN  server.GrpcLogAppender (GrpcLogAppender.java:lambda$resetClient$1(221)) - omNode-1@group-523986131536->omNode-3-GrpcLogAppender: Follower failed (request=null, errorCount=343); keep nextIndex (211) unchanged and retry.
2025-04-23 04:29:37,731 [grpc-default-executor-4] WARN  server.GrpcLogAppender (GrpcLogAppender.java:lambda$resetClient$1(221)) - omNode-1@group-523986131536->omNode-3-GrpcLogAppender: Follower failed (request=null, errorCount=345); keep nextIndex (212) unchanged and retry.
2025-04-23 04:29:37,732 [grpc-default-executor-2] WARN  server.GrpcLogAppender (GrpcLogAppender.java:lambda$resetClient$1(221)) - omNode-1@group-523986131536->omNode-3-GrpcLogAppender: Follower failed (request=null, errorCount=347); keep nextIndex (213) unchanged and retry.
2025-04-23 04:29:37,737 [grpc-default-executor-0] WARN  server.GrpcLogAppender (GrpcLogAppender.java:lambda$resetClient$1(221)) - omNode-1@group-523986131536->omNode-3-GrpcLogAppender: Follower failed (request=null, errorCount=349); keep nextIndex (214) unchanged and retry.
2025-04-23 04:29:37,740 [grpc-default-executor-4] WARN  server.GrpcLogAppender (GrpcLogAppender.java:lambda$resetClient$1(221)) - omNode-1@group-523986131536->omNode-3-GrpcLogAppender: Follower failed (request=null, errorCount=351); keep nextIndex (215) unchanged and retry.
2025-04-23 04:29:37,747 [grpc-default-executor-2] WARN  server.GrpcLogAppender (GrpcLogAppender.java:lambda$resetClient$1(221)) - omNode-1@group-523986131536->omNode-3-GrpcLogAppender: Follower failed (request=null, errorCount=353); keep nextIndex (216) unchanged and retry.
2025-04-23 04:29:37,751 [grpc-default-executor-4] WARN  server.GrpcLogAppender (GrpcLogAppender.java:lambda$resetClient$1(221)) - omNode-1@group-523986131536->omNode-3-GrpcLogAppender: Follower failed (request=null, errorCount=355); keep nextIndex (217) unchanged and retry.
2025-04-23 04:29:37,755 [grpc-default-executor-2] WARN  server.GrpcLogAppender (GrpcLogAppender.java:lambda$resetClient$1(221)) - omNode-1@group-523986131536->omNode-3-GrpcLogAppender: Follower failed (request=null, errorCount=357); keep nextIndex (218) unchanged and retry.
2025-04-23 04:29:37,759 [grpc-default-executor-2] WARN  server.GrpcLogAppender (GrpcLogAppender.java:lambda$resetClient$1(221)) - omNode-1@group-523986131536->omNode-3-GrpcLogAppender: Follower failed (request=null, errorCount=359); keep nextIndex (219) unchanged and retry.
2025-04-23 04:29:37,766 [grpc-default-executor-0] WARN  server.GrpcLogAppender (GrpcLogAppender.java:lambda$resetClient$1(221)) - omNode-1@group-523986131536->omNode-3-GrpcLogAppender: Follower failed (request=null, errorCount=361); keep nextIndex (220) unchanged and retry.
2025-04-23 04:29:37,768 [grpc-default-executor-0] WARN  server.GrpcLogAppender (GrpcLogAppender.java:lambda$resetClient$1(221)) - omNode-1@group-523986131536->omNode-3-GrpcLogAppender: Follower failed (request=null, errorCount=363); keep nextIndex (221) unchanged and retry.
2025-04-23 04:29:37,773 [grpc-default-executor-0] WARN  server.GrpcLogAppender (GrpcLogAppender.java:lambda$resetClient$1(221)) - omNode-1@group-523986131536->omNode-3-GrpcLogAppender: Follower failed (request=null, errorCount=365); keep nextIndex (222) unchanged and retry.
2025-04-23 04:29:37,775 [grpc-default-executor-0] WARN  server.GrpcLogAppender (GrpcLogAppender.java:lambda$resetClient$1(221)) - omNode-1@group-523986131536->omNode-3-GrpcLogAppender: Follower failed (request=null, errorCount=367); keep nextIndex (223) unchanged and retry.
2025-04-23 04:29:37,783 [grpc-default-executor-0] WARN  server.GrpcLogAppender (GrpcLogAppender.java:lambda$resetClient$1(221)) - omNode-1@group-523986131536->omNode-3-GrpcLogAppender: Follower failed (request=null, errorCount=369); keep nextIndex (224) unchanged and retry.
2025-04-23 04:29:37,786 [grpc-default-executor-0] WARN  server.GrpcLogAppender (GrpcLogAppender.java:lambda$resetClient$1(221)) - omNode-1@group-523986131536->omNode-3-GrpcLogAppender: Follower failed (request=null, errorCount=371); keep nextIndex (225) unchanged and retry.
2025-04-23 04:29:37,791 [grpc-default-executor-4] WARN  server.GrpcLogAppender (GrpcLogAppender.java:lambda$resetClient$1(221)) - omNode-1@group-523986131536->omNode-3-GrpcLogAppender: Follower failed (request=null, errorCount=373); keep nextIndex (226) unchanged and retry.
2025-04-23 04:29:37,793 [grpc-default-executor-0] WARN  server.GrpcLogAppender (GrpcLogAppender.java:lambda$resetClient$1(221)) - omNode-1@group-523986131536->omNode-3-GrpcLogAppender: Follower failed (request=null, errorCount=375); keep nextIndex (227) unchanged and retry.
2025-04-23 04:29:37,801 [grpc-default-executor-0] WARN  server.GrpcLogAppender (GrpcLogAppender.java:lambda$resetClient$1(221)) - omNode-1@group-523986131536->omNode-3-GrpcLogAppender: Follower failed (request=null, errorCount=377); keep nextIndex (228) unchanged and retry.
2025-04-23 04:29:37,803 [grpc-default-executor-2] WARN  server.GrpcLogAppender (GrpcLogAppender.java:lambda$resetClient$1(221)) - omNode-1@group-523986131536->omNode-3-GrpcLogAppender: Follower failed (request=null, errorCount=379); keep nextIndex (229) unchanged and retry.
2025-04-23 04:29:37,808 [grpc-default-executor-0] WARN  server.GrpcLogAppender (GrpcLogAppender.java:lambda$resetClient$1(221)) - omNode-1@group-523986131536->omNode-3-GrpcLogAppender: Follower failed (request=null, errorCount=381); keep nextIndex (230) unchanged and retry.
2025-04-23 04:29:37,810 [grpc-default-executor-0] WARN  server.GrpcLogAppender (GrpcLogAppender.java:lambda$resetClient$1(221)) - omNode-1@group-523986131536->omNode-3-GrpcLogAppender: Follower failed (request=null, errorCount=383); keep nextIndex (231) unchanged and retry.
2025-04-23 04:29:37,820 [grpc-default-executor-0] WARN  server.GrpcLogAppender (GrpcLogAppender.java:lambda$resetClient$1(221)) - omNode-1@group-523986131536->omNode-3-GrpcLogAppender: Follower failed (request=null, errorCount=385); keep nextIndex (232) unchanged and retry.
2025-04-23 04:29:37,824 [grpc-default-executor-2] WARN  server.GrpcLogAppender (GrpcLogAppender.java:lambda$resetClient$1(221)) - omNode-1@group-523986131536->omNode-3-GrpcLogAppender: Follower failed (request=null, errorCount=387); keep nextIndex (233) unchanged and retry.
2025-04-23 04:29:37,829 [grpc-default-executor-4] WARN  server.GrpcLogAppender (GrpcLogAppender.java:lambda$resetClient$1(221)) - omNode-1@group-523986131536->omNode-3-GrpcLogAppender: Follower failed (request=null, errorCount=389); keep nextIndex (234) unchanged and retry.
2025-04-23 04:29:37,831 [grpc-default-executor-4] WARN  server.GrpcLogAppender (GrpcLogAppender.java:lambda$resetClient$1(221)) - omNode-1@group-523986131536->omNode-3-GrpcLogAppender: Follower failed (request=null, errorCount=391); keep nextIndex (235) unchanged and retry.
2025-04-23 04:29:37,840 [grpc-default-executor-4] WARN  server.GrpcLogAppender (GrpcLogAppender.java:lambda$resetClient$1(221)) - omNode-1@group-523986131536->omNode-3-GrpcLogAppender: Follower failed (request=null, errorCount=393); keep nextIndex (236) unchanged and retry.
2025-04-23 04:29:37,842 [grpc-default-executor-0] WARN  server.GrpcLogAppender (GrpcLogAppender.java:lambda$resetClient$1(221)) - omNode-1@group-523986131536->omNode-3-GrpcLogAppender: Follower failed (request=null, errorCount=395); keep nextIndex (237) unchanged and retry.
2025-04-23 04:29:37,848 [grpc-default-executor-4] WARN  server.GrpcLogAppender (GrpcLogAppender.java:lambda$resetClient$1(221)) - omNode-1@group-523986131536->omNode-3-GrpcLogAppender: Follower failed (request=null, errorCount=397); keep nextIndex (238) unchanged and retry.
2025-04-23 04:29:37,850 [grpc-default-executor-0] WARN  server.GrpcLogAppender (GrpcLogAppender.java:lambda$resetClient$1(221)) - omNode-1@group-523986131536->omNode-3-GrpcLogAppender: Follower failed (request=null, errorCount=399); keep nextIndex (239) unchanged and retry.
2025-04-23 04:29:37,860 [grpc-default-executor-0] WARN  server.GrpcLogAppender (GrpcLogAppender.java:lambda$resetClient$1(221)) - omNode-1@group-523986131536->omNode-3-GrpcLogAppender: Follower failed (request=null, errorCount=401); keep nextIndex (240) unchanged and retry.
2025-04-23 04:29:37,862 [grpc-default-executor-0] WARN  server.GrpcLogAppender (GrpcLogAppender.java:lambda$resetClient$1(221)) - omNode-1@group-523986131536->omNode-3-GrpcLogAppender: Follower failed (request=null, errorCount=403); keep nextIndex (241) unchanged and retry.
2025-04-23 04:29:37,867 [grpc-default-executor-2] WARN  server.GrpcLogAppender (GrpcLogAppender.java:lambda$resetClient$1(221)) - omNode-1@group-523986131536->omNode-3-GrpcLogAppender: Follower failed (request=null, errorCount=405); keep nextIndex (242) unchanged and retry.
2025-04-23 04:29:37,868 [grpc-default-executor-2] WARN  server.GrpcLogAppender (GrpcLogAppender.java:lambda$resetClient$1(221)) - omNode-1@group-523986131536->omNode-3-GrpcLogAppender: Follower failed (request=null, errorCount=407); keep nextIndex (243) unchanged and retry.
2025-04-23 04:29:37,877 [grpc-default-executor-0] WARN  server.GrpcLogAppender (GrpcLogAppender.java:lambda$resetClient$1(221)) - omNode-1@group-523986131536->omNode-3-GrpcLogAppender: Follower failed (request=null, errorCount=409); keep nextIndex (244) unchanged and retry.
2025-04-23 04:29:37,880 [grpc-default-executor-4] WARN  server.GrpcLogAppender (GrpcLogAppender.java:lambda$resetClient$1(221)) - omNode-1@group-523986131536->omNode-3-GrpcLogAppender: Follower failed (request=null, errorCount=411); keep nextIndex (245) unchanged and retry.
2025-04-23 04:29:37,885 [grpc-default-executor-4] WARN  server.GrpcLogAppender (GrpcLogAppender.java:lambda$resetClient$1(221)) - omNode-1@group-523986131536->omNode-3-GrpcLogAppender: Follower failed (request=null, errorCount=413); keep nextIndex (246) unchanged and retry.
2025-04-23 04:29:37,887 [grpc-default-executor-4] WARN  server.GrpcLogAppender (GrpcLogAppender.java:lambda$resetClient$1(221)) - omNode-1@group-523986131536->omNode-3-GrpcLogAppender: Follower failed (request=null, errorCount=415); keep nextIndex (247) unchanged and retry.
2025-04-23 04:29:37,896 [grpc-default-executor-2] WARN  server.GrpcLogAppender (GrpcLogAppender.java:lambda$resetClient$1(221)) - omNode-1@group-523986131536->omNode-3-GrpcLogAppender: Follower failed (request=null, errorCount=417); keep nextIndex (248) unchanged and retry.
2025-04-23 04:29:37,898 [grpc-default-executor-2] WARN  server.GrpcLogAppender (GrpcLogAppender.java:lambda$resetClient$1(221)) - omNode-1@group-523986131536->omNode-3-GrpcLogAppender: Follower failed (request=null, errorCount=419); keep nextIndex (249) unchanged and retry.
2025-04-23 04:29:37,903 [grpc-default-executor-0] WARN  server.GrpcLogAppender (GrpcLogAppender.java:lambda$resetClient$1(221)) - omNode-1@group-523986131536->omNode-3-GrpcLogAppender: Follower failed (request=null, errorCount=421); keep nextIndex (250) unchanged and retry.
2025-04-23 04:29:37,904 [grpc-default-executor-4] WARN  server.GrpcLogAppender (GrpcLogAppender.java:lambda$resetClient$1(221)) - omNode-1@group-523986131536->omNode-3-GrpcLogAppender: Follower failed (request=null, errorCount=423); keep nextIndex (251) unchanged and retry.
2025-04-23 04:29:37,914 [grpc-default-executor-2] WARN  server.GrpcLogAppender (GrpcLogAppender.java:lambda$resetClient$1(221)) - omNode-1@group-523986131536->omNode-3-GrpcLogAppender: Follower failed (request=null, errorCount=425); keep nextIndex (252) unchanged and retry.
2025-04-23 04:29:37,915 [grpc-default-executor-4] WARN  server.GrpcLogAppender (GrpcLogAppender.java:lambda$resetClient$1(221)) - omNode-1@group-523986131536->omNode-3-GrpcLogAppender: Follower failed (request=null, errorCount=427); keep nextIndex (253) unchanged and retry.
2025-04-23 04:29:37,920 [grpc-default-executor-4] WARN  server.GrpcLogAppender (GrpcLogAppender.java:lambda$resetClient$1(221)) - omNode-1@group-523986131536->omNode-3-GrpcLogAppender: Follower failed (request=null, errorCount=429); keep nextIndex (254) unchanged and retry.
2025-04-23 04:29:37,922 [grpc-default-executor-2] WARN  server.GrpcLogAppender (GrpcLogAppender.java:lambda$resetClient$1(221)) - omNode-1@group-523986131536->omNode-3-GrpcLogAppender: Follower failed (request=null, errorCount=431); keep nextIndex (255) unchanged and retry.
2025-04-23 04:29:37,930 [grpc-default-executor-0] WARN  server.GrpcLogAppender (GrpcLogAppender.java:lambda$resetClient$1(221)) - omNode-1@group-523986131536->omNode-3-GrpcLogAppender: Follower failed (request=null, errorCount=433); keep nextIndex (256) unchanged and retry.
2025-04-23 04:29:37,931 [grpc-default-executor-4] WARN  server.GrpcLogAppender (GrpcLogAppender.java:lambda$resetClient$1(221)) - omNode-1@group-523986131536->omNode-3-GrpcLogAppender: Follower failed (request=null, errorCount=435); keep nextIndex (257) unchanged and retry.
2025-04-23 04:29:37,933 [omNode-2@group-523986131536-StateMachineUpdater] INFO  ratis.OzoneManagerStateMachine (OzoneManagerStateMachine.java:takeSnapshotImpl(510)) - omNode-2: taking snapshot. applied = (t:1, i:250), skipped = 249, notified = (t:1, i:250), current snapshot index = (t:1, i:250), took 19 ms
2025-04-23 04:29:37,933 [omNode-2@group-523986131536-StateMachineUpdater] INFO  impl.StateMachineUpdater (StateMachineUpdater.java:takeSnapshot(303)) - omNode-2@group-523986131536-StateMachineUpdater: Took a snapshot at index 250
2025-04-23 04:29:37,933 [omNode-2@group-523986131536-StateMachineUpdater] INFO  impl.StateMachineUpdater (StateMachineUpdater.java:lambda$new$0(102)) - omNode-2@group-523986131536-StateMachineUpdater: snapshotIndex: updateIncreasingly 200 -> 250
2025-04-23 04:29:37,933 [omNode-2@group-523986131536-StateMachineUpdater] INFO  raftlog.RaftLog (RaftLogBase.java:purge(325)) - omNode-2@group-523986131536-SegmentedRaftLog: purge 250
2025-04-23 04:29:37,933 [omNode-2@group-523986131536-StateMachineUpdater] INFO  raftlog.RaftLog (RaftLogBase.java:lambda$new$0(54)) - omNode-2@group-523986131536-SegmentedRaftLog: snapshotIndex: updateIncreasingly 200 -> 250
2025-04-23 04:29:37,933 [omNode-2@group-523986131536-StateMachineUpdater] INFO  raftlog.RaftLog (RaftLogBase.java:lambda$new$0(54)) - omNode-2@group-523986131536-SegmentedRaftLog: purgeIndex: updateToMax old=200, new=250, updated? true
2025-04-23 04:29:37,942 [omNode-1@group-523986131536-StateMachineUpdater] INFO  ratis.OzoneManagerStateMachine (OzoneManagerStateMachine.java:takeSnapshotImpl(510)) - omNode-1: taking snapshot. applied = (t:1, i:253), skipped = 251, notified = (t:1, i:252), current snapshot index = (t:1, i:253), took 19 ms
2025-04-23 04:29:37,942 [omNode-1@group-523986131536-StateMachineUpdater] INFO  impl.StateMachineUpdater (StateMachineUpdater.java:takeSnapshot(303)) - omNode-1@group-523986131536-StateMachineUpdater: Took a snapshot at index 253
2025-04-23 04:29:37,942 [omNode-1@group-523986131536-StateMachineUpdater] INFO  impl.StateMachineUpdater (StateMachineUpdater.java:lambda$new$0(102)) - omNode-1@group-523986131536-StateMachineUpdater: snapshotIndex: updateIncreasingly 202 -> 253
2025-04-23 04:29:37,942 [omNode-1@group-523986131536-StateMachineUpdater] INFO  raftlog.RaftLog (RaftLogBase.java:purge(325)) - omNode-1@group-523986131536-SegmentedRaftLog: purge 253
2025-04-23 04:29:37,942 [omNode-1@group-523986131536-StateMachineUpdater] INFO  raftlog.RaftLog (RaftLogBase.java:lambda$new$0(54)) - omNode-1@group-523986131536-SegmentedRaftLog: snapshotIndex: updateIncreasingly 202 -> 253
2025-04-23 04:29:37,942 [omNode-1@group-523986131536-StateMachineUpdater] INFO  raftlog.RaftLog (RaftLogBase.java:lambda$new$0(54)) - omNode-1@group-523986131536-SegmentedRaftLog: purgeIndex: updateToMax old=202, new=253, updated? true
2025-04-23 04:29:37,946 [grpc-default-executor-2] WARN  server.GrpcLogAppender (GrpcLogAppender.java:lambda$resetClient$1(221)) - omNode-1@group-523986131536->omNode-3-GrpcLogAppender: Follower failed (request=null, errorCount=437); keep nextIndex (258) unchanged and retry.
2025-04-23 04:29:37,948 [grpc-default-executor-0] WARN  server.GrpcLogAppender (GrpcLogAppender.java:lambda$resetClient$1(221)) - omNode-1@group-523986131536->omNode-3-GrpcLogAppender: Follower failed (request=null, errorCount=439); keep nextIndex (259) unchanged and retry.
2025-04-23 04:29:37,953 [grpc-default-executor-4] WARN  server.GrpcLogAppender (GrpcLogAppender.java:lambda$resetClient$1(221)) - omNode-1@group-523986131536->omNode-3-GrpcLogAppender: Follower failed (request=null, errorCount=441); keep nextIndex (260) unchanged and retry.
2025-04-23 04:29:37,955 [grpc-default-executor-4] WARN  server.GrpcLogAppender (GrpcLogAppender.java:lambda$resetClient$1(221)) - omNode-1@group-523986131536->omNode-3-GrpcLogAppender: Follower failed (request=null, errorCount=443); keep nextIndex (261) unchanged and retry.
2025-04-23 04:29:37,959 [grpc-default-executor-0] WARN  server.GrpcLogAppender (GrpcLogAppender.java:lambda$resetClient$1(221)) - omNode-1@group-523986131536->omNode-3-GrpcLogAppender: Follower failed (request=null, errorCount=445); keep nextIndex (262) unchanged and retry.
2025-04-23 04:29:37,961 [grpc-default-executor-4] WARN  server.GrpcLogAppender (GrpcLogAppender.java:lambda$resetClient$1(221)) - omNode-1@group-523986131536->omNode-3-GrpcLogAppender: Follower failed (request=null, errorCount=447); keep nextIndex (263) unchanged and retry.
2025-04-23 04:29:37,968 [grpc-default-executor-0] WARN  server.GrpcLogAppender (GrpcLogAppender.java:lambda$resetClient$1(221)) - omNode-1@group-523986131536->omNode-3-GrpcLogAppender: Follower failed (request=null, errorCount=449); keep nextIndex (264) unchanged and retry.
2025-04-23 04:29:37,970 [grpc-default-executor-2] WARN  server.GrpcLogAppender (GrpcLogAppender.java:lambda$resetClient$1(221)) - omNode-1@group-523986131536->omNode-3-GrpcLogAppender: Follower failed (request=null, errorCount=451); keep nextIndex (265) unchanged and retry.
2025-04-23 04:29:37,977 [grpc-default-executor-0] WARN  server.GrpcLogAppender (GrpcLogAppender.java:lambda$resetClient$1(221)) - omNode-1@group-523986131536->omNode-3-GrpcLogAppender: Follower failed (request=null, errorCount=455); keep nextIndex (267) unchanged and retry.
2025-04-23 04:29:37,982 [grpc-default-executor-0] WARN  server.GrpcLogAppender (GrpcLogAppender.java:lambda$resetClient$1(221)) - omNode-1@group-523986131536->omNode-3-GrpcLogAppender: Follower failed (request=null, errorCount=457); keep nextIndex (268) unchanged and retry.
2025-04-23 04:29:37,984 [grpc-default-executor-4] WARN  server.GrpcLogAppender (GrpcLogAppender.java:lambda$resetClient$1(221)) - omNode-1@group-523986131536->omNode-3-GrpcLogAppender: Follower failed (request=null, errorCount=459); keep nextIndex (269) unchanged and retry.
2025-04-23 04:29:37,987 [grpc-default-executor-0] WARN  server.GrpcLogAppender (GrpcLogAppender.java:lambda$resetClient$1(221)) - omNode-1@group-523986131536->omNode-3-GrpcLogAppender: Follower failed (request=null, errorCount=461); keep nextIndex (270) unchanged and retry.
2025-04-23 04:29:37,989 [grpc-default-executor-4] WARN  server.GrpcLogAppender (GrpcLogAppender.java:lambda$resetClient$1(221)) - omNode-1@group-523986131536->omNode-3-GrpcLogAppender: Follower failed (request=null, errorCount=463); keep nextIndex (271) unchanged and retry.
2025-04-23 04:29:37,996 [grpc-default-executor-4] WARN  server.GrpcLogAppender (GrpcLogAppender.java:lambda$resetClient$1(221)) - omNode-1@group-523986131536->omNode-3-GrpcLogAppender: Follower failed (request=null, errorCount=465); keep nextIndex (272) unchanged and retry.
2025-04-23 04:29:37,998 [grpc-default-executor-2] WARN  server.GrpcLogAppender (GrpcLogAppender.java:lambda$resetClient$1(221)) - omNode-1@group-523986131536->omNode-3-GrpcLogAppender: Follower failed (request=null, errorCount=467); keep nextIndex (273) unchanged and retry.
2025-04-23 04:29:38,004 [grpc-default-executor-0] WARN  server.GrpcLogAppender (GrpcLogAppender.java:lambda$resetClient$1(221)) - omNode-1@group-523986131536->omNode-3-GrpcLogAppender: Follower failed (request=null, errorCount=469); keep nextIndex (274) unchanged and retry.
2025-04-23 04:29:38,005 [grpc-default-executor-2] WARN  server.GrpcLogAppender (GrpcLogAppender.java:lambda$resetClient$1(221)) - omNode-1@group-523986131536->omNode-3-GrpcLogAppender: Follower failed (request=null, errorCount=471); keep nextIndex (275) unchanged and retry.
2025-04-23 04:29:38,013 [grpc-default-executor-0] WARN  server.GrpcLogAppender (GrpcLogAppender.java:lambda$resetClient$1(221)) - omNode-1@group-523986131536->omNode-3-GrpcLogAppender: Follower failed (request=null, errorCount=473); keep nextIndex (276) unchanged and retry.
2025-04-23 04:29:38,016 [grpc-default-executor-0] WARN  server.GrpcLogAppender (GrpcLogAppender.java:lambda$resetClient$1(221)) - omNode-1@group-523986131536->omNode-3-GrpcLogAppender: Follower failed (request=null, errorCount=475); keep nextIndex (277) unchanged and retry.
2025-04-23 04:29:38,021 [grpc-default-executor-2] WARN  server.GrpcLogAppender (GrpcLogAppender.java:lambda$resetClient$1(221)) - omNode-1@group-523986131536->omNode-3-GrpcLogAppender: Follower failed (request=null, errorCount=477); keep nextIndex (278) unchanged and retry.
2025-04-23 04:29:38,023 [grpc-default-executor-0] WARN  server.GrpcLogAppender (GrpcLogAppender.java:lambda$resetClient$1(221)) - omNode-1@group-523986131536->omNode-3-GrpcLogAppender: Follower failed (request=null, errorCount=479); keep nextIndex (279) unchanged and retry.
2025-04-23 04:29:38,031 [grpc-default-executor-4] WARN  server.GrpcLogAppender (GrpcLogAppender.java:lambda$resetClient$1(221)) - omNode-1@group-523986131536->omNode-3-GrpcLogAppender: Follower failed (request=null, errorCount=481); keep nextIndex (280) unchanged and retry.
2025-04-23 04:29:38,032 [grpc-default-executor-2] WARN  server.GrpcLogAppender (GrpcLogAppender.java:lambda$resetClient$1(221)) - omNode-1@group-523986131536->omNode-3-GrpcLogAppender: Follower failed (request=null, errorCount=483); keep nextIndex (281) unchanged and retry.
2025-04-23 04:29:38,038 [grpc-default-executor-0] WARN  server.GrpcLogAppender (GrpcLogAppender.java:lambda$resetClient$1(221)) - omNode-1@group-523986131536->omNode-3-GrpcLogAppender: Follower failed (request=null, errorCount=485); keep nextIndex (282) unchanged and retry.
2025-04-23 04:29:38,040 [grpc-default-executor-4] WARN  server.GrpcLogAppender (GrpcLogAppender.java:lambda$resetClient$1(221)) - omNode-1@group-523986131536->omNode-3-GrpcLogAppender: Follower failed (request=null, errorCount=487); keep nextIndex (283) unchanged and retry.
2025-04-23 04:29:38,048 [grpc-default-executor-0] WARN  server.GrpcLogAppender (GrpcLogAppender.java:lambda$resetClient$1(221)) - omNode-1@group-523986131536->omNode-3-GrpcLogAppender: Follower failed (request=null, errorCount=489); keep nextIndex (284) unchanged and retry.
2025-04-23 04:29:38,049 [grpc-default-executor-4] WARN  server.GrpcLogAppender (GrpcLogAppender.java:lambda$resetClient$1(221)) - omNode-1@group-523986131536->omNode-3-GrpcLogAppender: Follower failed (request=null, errorCount=491); keep nextIndex (285) unchanged and retry.
2025-04-23 04:29:38,054 [grpc-default-executor-4] WARN  server.GrpcLogAppender (GrpcLogAppender.java:lambda$resetClient$1(221)) - omNode-1@group-523986131536->omNode-3-GrpcLogAppender: Follower failed (request=null, errorCount=493); keep nextIndex (286) unchanged and retry.
2025-04-23 04:29:38,056 [grpc-default-executor-4] WARN  server.GrpcLogAppender (GrpcLogAppender.java:lambda$resetClient$1(221)) - omNode-1@group-523986131536->omNode-3-GrpcLogAppender: Follower failed (request=null, errorCount=495); keep nextIndex (287) unchanged and retry.
2025-04-23 04:29:38,063 [grpc-default-executor-4] WARN  server.GrpcLogAppender (GrpcLogAppender.java:lambda$resetClient$1(221)) - omNode-1@group-523986131536->omNode-3-GrpcLogAppender: Follower failed (request=null, errorCount=497); keep nextIndex (288) unchanged and retry.
2025-04-23 04:29:38,066 [grpc-default-executor-0] WARN  server.GrpcLogAppender (GrpcLogAppender.java:lambda$resetClient$1(221)) - omNode-1@group-523986131536->omNode-3-GrpcLogAppender: Follower failed (request=null, errorCount=499); keep nextIndex (289) unchanged and retry.
2025-04-23 04:29:38,069 [grpc-default-executor-0] WARN  server.GrpcLogAppender (GrpcLogAppender.java:lambda$resetClient$1(221)) - omNode-1@group-523986131536->omNode-3-GrpcLogAppender: Follower failed (request=null, errorCount=501); keep nextIndex (290) unchanged and retry.
2025-04-23 04:29:38,071 [grpc-default-executor-0] WARN  server.GrpcLogAppender (GrpcLogAppender.java:lambda$resetClient$1(221)) - omNode-1@group-523986131536->omNode-3-GrpcLogAppender: Follower failed (request=null, errorCount=503); keep nextIndex (291) unchanged and retry.
2025-04-23 04:29:38,080 [grpc-default-executor-4] WARN  server.GrpcLogAppender (GrpcLogAppender.java:lambda$resetClient$1(221)) - omNode-1@group-523986131536->omNode-3-GrpcLogAppender: Follower failed (request=null, errorCount=505); keep nextIndex (292) unchanged and retry.
2025-04-23 04:29:38,082 [grpc-default-executor-2] WARN  server.GrpcLogAppender (GrpcLogAppender.java:lambda$resetClient$1(221)) - omNode-1@group-523986131536->omNode-3-GrpcLogAppender: Follower failed (request=null, errorCount=507); keep nextIndex (293) unchanged and retry.
2025-04-23 04:29:38,085 [grpc-default-executor-0] WARN  server.GrpcLogAppender (GrpcLogAppender.java:lambda$resetClient$1(221)) - omNode-1@group-523986131536->omNode-3-GrpcLogAppender: Follower failed (request=null, errorCount=509); keep nextIndex (294) unchanged and retry.
2025-04-23 04:29:38,087 [grpc-default-executor-4] WARN  server.GrpcLogAppender (GrpcLogAppender.java:lambda$resetClient$1(221)) - omNode-1@group-523986131536->omNode-3-GrpcLogAppender: Follower failed (request=null, errorCount=511); keep nextIndex (295) unchanged and retry.
2025-04-23 04:29:38,094 [grpc-default-executor-0] WARN  server.GrpcLogAppender (GrpcLogAppender.java:lambda$resetClient$1(221)) - omNode-1@group-523986131536->omNode-3-GrpcLogAppender: Follower failed (request=null, errorCount=513); keep nextIndex (296) unchanged and retry.
2025-04-23 04:29:38,097 [grpc-default-executor-2] WARN  server.GrpcLogAppender (GrpcLogAppender.java:lambda$resetClient$1(221)) - omNode-1@group-523986131536->omNode-3-GrpcLogAppender: Follower failed (request=null, errorCount=515); keep nextIndex (297) unchanged and retry.
2025-04-23 04:29:38,101 [grpc-default-executor-0] WARN  server.GrpcLogAppender (GrpcLogAppender.java:lambda$resetClient$1(221)) - omNode-1@group-523986131536->omNode-3-GrpcLogAppender: Follower failed (request=null, errorCount=517); keep nextIndex (298) unchanged and retry.
2025-04-23 04:29:38,103 [grpc-default-executor-0] WARN  server.GrpcLogAppender (GrpcLogAppender.java:lambda$resetClient$1(221)) - omNode-1@group-523986131536->omNode-3-GrpcLogAppender: Follower failed (request=null, errorCount=519); keep nextIndex (299) unchanged and retry.
2025-04-23 04:29:38,111 [grpc-default-executor-4] WARN  server.GrpcLogAppender (GrpcLogAppender.java:lambda$resetClient$1(221)) - omNode-1@group-523986131536->omNode-3-GrpcLogAppender: Follower failed (request=null, errorCount=521); keep nextIndex (300) unchanged and retry.
2025-04-23 04:29:38,113 [grpc-default-executor-4] WARN  server.GrpcLogAppender (GrpcLogAppender.java:lambda$resetClient$1(221)) - omNode-1@group-523986131536->omNode-3-GrpcLogAppender: Follower failed (request=null, errorCount=523); keep nextIndex (301) unchanged and retry.
2025-04-23 04:29:38,118 [grpc-default-executor-0] WARN  server.GrpcLogAppender (GrpcLogAppender.java:lambda$resetClient$1(221)) - omNode-1@group-523986131536->omNode-3-GrpcLogAppender: Follower failed (request=null, errorCount=525); keep nextIndex (302) unchanged and retry.
2025-04-23 04:29:38,120 [grpc-default-executor-2] WARN  server.GrpcLogAppender (GrpcLogAppender.java:lambda$resetClient$1(221)) - omNode-1@group-523986131536->omNode-3-GrpcLogAppender: Follower failed (request=null, errorCount=527); keep nextIndex (303) unchanged and retry.
2025-04-23 04:29:38,134 [grpc-default-executor-4] WARN  server.GrpcLogAppender (GrpcLogAppender.java:lambda$resetClient$1(221)) - omNode-1@group-523986131536->omNode-3-GrpcLogAppender: Follower failed (request=null, errorCount=529); keep nextIndex (304) unchanged and retry.
2025-04-23 04:29:38,136 [grpc-default-executor-4] WARN  server.GrpcLogAppender (GrpcLogAppender.java:lambda$resetClient$1(221)) - omNode-1@group-523986131536->omNode-3-GrpcLogAppender: Follower failed (request=null, errorCount=531); keep nextIndex (305) unchanged and retry.
2025-04-23 04:29:38,142 [grpc-default-executor-4] WARN  server.GrpcLogAppender (GrpcLogAppender.java:lambda$resetClient$1(221)) - omNode-1@group-523986131536->omNode-3-GrpcLogAppender: Follower failed (request=null, errorCount=533); keep nextIndex (306) unchanged and retry.
2025-04-23 04:29:38,144 [grpc-default-executor-2] WARN  server.GrpcLogAppender (GrpcLogAppender.java:lambda$resetClient$1(221)) - omNode-1@group-523986131536->omNode-3-GrpcLogAppender: Follower failed (request=null, errorCount=535); keep nextIndex (307) unchanged and retry.
2025-04-23 04:29:38,146 [omNode-2@group-523986131536-StateMachineUpdater] INFO  ratis.OzoneManagerStateMachine (OzoneManagerStateMachine.java:takeSnapshotImpl(510)) - omNode-2: taking snapshot. applied = (t:1, i:300), skipped = 299, notified = (t:1, i:300), current snapshot index = (t:1, i:300), took 26 ms
2025-04-23 04:29:38,146 [omNode-2@group-523986131536-StateMachineUpdater] INFO  impl.StateMachineUpdater (StateMachineUpdater.java:takeSnapshot(303)) - omNode-2@group-523986131536-StateMachineUpdater: Took a snapshot at index 300
2025-04-23 04:29:38,146 [omNode-2@group-523986131536-StateMachineUpdater] INFO  impl.StateMachineUpdater (StateMachineUpdater.java:lambda$new$0(102)) - omNode-2@group-523986131536-StateMachineUpdater: snapshotIndex: updateIncreasingly 250 -> 300
2025-04-23 04:29:38,146 [omNode-2@group-523986131536-StateMachineUpdater] INFO  raftlog.RaftLog (RaftLogBase.java:purge(325)) - omNode-2@group-523986131536-SegmentedRaftLog: purge 300
2025-04-23 04:29:38,146 [omNode-2@group-523986131536-StateMachineUpdater] INFO  raftlog.RaftLog (RaftLogBase.java:lambda$new$0(54)) - omNode-2@group-523986131536-SegmentedRaftLog: snapshotIndex: updateIncreasingly 250 -> 300
2025-04-23 04:29:38,146 [omNode-2@group-523986131536-StateMachineUpdater] INFO  raftlog.RaftLog (RaftLogBase.java:lambda$new$0(54)) - omNode-2@group-523986131536-SegmentedRaftLog: purgeIndex: updateToMax old=250, new=300, updated? true
2025-04-23 04:29:38,155 [grpc-default-executor-4] WARN  server.GrpcLogAppender (GrpcLogAppender.java:lambda$resetClient$1(221)) - omNode-1@group-523986131536->omNode-3-GrpcLogAppender: Follower failed (request=null, errorCount=537); keep nextIndex (308) unchanged and retry.
2025-04-23 04:29:38,157 [grpc-default-executor-0] WARN  server.GrpcLogAppender (GrpcLogAppender.java:lambda$resetClient$1(221)) - omNode-1@group-523986131536->omNode-3-GrpcLogAppender: Follower failed (request=null, errorCount=539); keep nextIndex (309) unchanged and retry.
2025-04-23 04:29:38,166 [omNode-1@group-523986131536-StateMachineUpdater] INFO  ratis.OzoneManagerStateMachine (OzoneManagerStateMachine.java:takeSnapshotImpl(510)) - omNode-1: taking snapshot. applied = (t:1, i:304), skipped = 303, notified = (t:1, i:304), current snapshot index = (t:1, i:304), took 22 ms
2025-04-23 04:29:38,166 [omNode-1@group-523986131536-StateMachineUpdater] INFO  impl.StateMachineUpdater (StateMachineUpdater.java:takeSnapshot(303)) - omNode-1@group-523986131536-StateMachineUpdater: Took a snapshot at index 304
2025-04-23 04:29:38,167 [omNode-1@group-523986131536-StateMachineUpdater] INFO  impl.StateMachineUpdater (StateMachineUpdater.java:lambda$new$0(102)) - omNode-1@group-523986131536-StateMachineUpdater: snapshotIndex: updateIncreasingly 253 -> 304
2025-04-23 04:29:38,167 [omNode-1@group-523986131536-StateMachineUpdater] INFO  raftlog.RaftLog (RaftLogBase.java:purge(325)) - omNode-1@group-523986131536-SegmentedRaftLog: purge 304
2025-04-23 04:29:38,167 [omNode-1@group-523986131536-StateMachineUpdater] INFO  raftlog.RaftLog (RaftLogBase.java:lambda$new$0(54)) - omNode-1@group-523986131536-SegmentedRaftLog: snapshotIndex: updateIncreasingly 253 -> 304
2025-04-23 04:29:38,167 [omNode-1@group-523986131536-StateMachineUpdater] INFO  raftlog.RaftLog (RaftLogBase.java:lambda$new$0(54)) - omNode-1@group-523986131536-SegmentedRaftLog: purgeIndex: updateToMax old=253, new=304, updated? true
2025-04-23 04:29:38,170 [grpc-default-executor-2] WARN  server.GrpcLogAppender (GrpcLogAppender.java:lambda$resetClient$1(221)) - omNode-1@group-523986131536->omNode-3-GrpcLogAppender: Follower failed (request=null, errorCount=541); keep nextIndex (310) unchanged and retry.
2025-04-23 04:29:38,172 [grpc-default-executor-0] WARN  server.GrpcLogAppender (GrpcLogAppender.java:lambda$resetClient$1(221)) - omNode-1@group-523986131536->omNode-3-GrpcLogAppender: Follower failed (request=null, errorCount=543); keep nextIndex (311) unchanged and retry.
2025-04-23 04:29:38,181 [grpc-default-executor-4] WARN  server.GrpcLogAppender (GrpcLogAppender.java:lambda$resetClient$1(221)) - omNode-1@group-523986131536->omNode-3-GrpcLogAppender: Follower failed (request=null, errorCount=545); keep nextIndex (312) unchanged and retry.
2025-04-23 04:29:38,184 [grpc-default-executor-2] WARN  server.GrpcLogAppender (GrpcLogAppender.java:lambda$resetClient$1(221)) - omNode-1@group-523986131536->omNode-3-GrpcLogAppender: Follower failed (request=null, errorCount=547); keep nextIndex (313) unchanged and retry.
2025-04-23 04:29:38,186 [grpc-default-executor-0] WARN  server.GrpcLogAppender (GrpcLogAppender.java:lambda$resetClient$1(221)) - omNode-1@group-523986131536->omNode-3-GrpcLogAppender: Follower failed (request=null, errorCount=549); keep nextIndex (314) unchanged and retry.
2025-04-23 04:29:38,189 [grpc-default-executor-2] WARN  server.GrpcLogAppender (GrpcLogAppender.java:lambda$resetClient$1(221)) - omNode-1@group-523986131536->omNode-3-GrpcLogAppender: Follower failed (request=null, errorCount=551); keep nextIndex (315) unchanged and retry.
2025-04-23 04:29:38,197 [grpc-default-executor-2] WARN  server.GrpcLogAppender (GrpcLogAppender.java:lambda$resetClient$1(221)) - omNode-1@group-523986131536->omNode-3-GrpcLogAppender: Follower failed (request=null, errorCount=553); keep nextIndex (316) unchanged and retry.
2025-04-23 04:29:38,201 [grpc-default-executor-0] WARN  server.GrpcLogAppender (GrpcLogAppender.java:lambda$resetClient$1(221)) - omNode-1@group-523986131536->omNode-3-GrpcLogAppender: Follower failed (request=null, errorCount=555); keep nextIndex (317) unchanged and retry.
2025-04-23 04:29:38,207 [grpc-default-executor-2] WARN  server.GrpcLogAppender (GrpcLogAppender.java:lambda$resetClient$1(221)) - omNode-1@group-523986131536->omNode-3-GrpcLogAppender: Follower failed (request=null, errorCount=557); keep nextIndex (318) unchanged and retry.
2025-04-23 04:29:38,209 [grpc-default-executor-0] WARN  server.GrpcLogAppender (GrpcLogAppender.java:lambda$resetClient$1(221)) - omNode-1@group-523986131536->omNode-3-GrpcLogAppender: Follower failed (request=null, errorCount=559); keep nextIndex (319) unchanged and retry.
2025-04-23 04:29:38,223 [grpc-default-executor-4] WARN  server.GrpcLogAppender (GrpcLogAppender.java:lambda$resetClient$1(221)) - omNode-1@group-523986131536->omNode-3-GrpcLogAppender: Follower failed (request=null, errorCount=561); keep nextIndex (320) unchanged and retry.
2025-04-23 04:29:38,225 [grpc-default-executor-0] WARN  server.GrpcLogAppender (GrpcLogAppender.java:lambda$resetClient$1(221)) - omNode-1@group-523986131536->omNode-3-GrpcLogAppender: Follower failed (request=null, errorCount=563); keep nextIndex (321) unchanged and retry.
2025-04-23 04:29:38,233 [grpc-default-executor-4] WARN  server.GrpcLogAppender (GrpcLogAppender.java:lambda$resetClient$1(221)) - omNode-1@group-523986131536->omNode-3-GrpcLogAppender: Follower failed (request=null, errorCount=567); keep nextIndex (323) unchanged and retry.
2025-04-23 04:29:38,241 [grpc-default-executor-0] WARN  server.GrpcLogAppender (GrpcLogAppender.java:lambda$resetClient$1(221)) - omNode-1@group-523986131536->omNode-3-GrpcLogAppender: Follower failed (request=null, errorCount=569); keep nextIndex (324) unchanged and retry.
2025-04-23 04:29:38,243 [grpc-default-executor-4] WARN  server.GrpcLogAppender (GrpcLogAppender.java:lambda$resetClient$1(221)) - omNode-1@group-523986131536->omNode-3-GrpcLogAppender: Follower failed (request=null, errorCount=571); keep nextIndex (325) unchanged and retry.
2025-04-23 04:29:38,247 [grpc-default-executor-2] WARN  server.GrpcLogAppender (GrpcLogAppender.java:lambda$resetClient$1(221)) - omNode-1@group-523986131536->omNode-3-GrpcLogAppender: Follower failed (request=null, errorCount=573); keep nextIndex (326) unchanged and retry.
2025-04-23 04:29:38,249 [grpc-default-executor-4] WARN  server.GrpcLogAppender (GrpcLogAppender.java:lambda$resetClient$1(221)) - omNode-1@group-523986131536->omNode-3-GrpcLogAppender: Follower failed (request=null, errorCount=575); keep nextIndex (327) unchanged and retry.
2025-04-23 04:29:38,257 [grpc-default-executor-2] WARN  server.GrpcLogAppender (GrpcLogAppender.java:lambda$resetClient$1(221)) - omNode-1@group-523986131536->omNode-3-GrpcLogAppender: Follower failed (request=null, errorCount=577); keep nextIndex (328) unchanged and retry.
2025-04-23 04:29:38,259 [grpc-default-executor-0] WARN  server.GrpcLogAppender (GrpcLogAppender.java:lambda$resetClient$1(221)) - omNode-1@group-523986131536->omNode-3-GrpcLogAppender: Follower failed (request=null, errorCount=579); keep nextIndex (329) unchanged and retry.
2025-04-23 04:29:38,265 [grpc-default-executor-4] WARN  server.GrpcLogAppender (GrpcLogAppender.java:lambda$resetClient$1(221)) - omNode-1@group-523986131536->omNode-3-GrpcLogAppender: Follower failed (request=null, errorCount=581); keep nextIndex (330) unchanged and retry.
2025-04-23 04:29:38,266 [grpc-default-executor-0] WARN  server.GrpcLogAppender (GrpcLogAppender.java:lambda$resetClient$1(221)) - omNode-1@group-523986131536->omNode-3-GrpcLogAppender: Follower failed (request=null, errorCount=583); keep nextIndex (331) unchanged and retry.
2025-04-23 04:29:38,276 [grpc-default-executor-4] WARN  server.GrpcLogAppender (GrpcLogAppender.java:lambda$resetClient$1(221)) - omNode-1@group-523986131536->omNode-3-GrpcLogAppender: Follower failed (request=null, errorCount=585); keep nextIndex (332) unchanged and retry.
2025-04-23 04:29:38,278 [grpc-default-executor-0] WARN  server.GrpcLogAppender (GrpcLogAppender.java:lambda$resetClient$1(221)) - omNode-1@group-523986131536->omNode-3-GrpcLogAppender: Follower failed (request=null, errorCount=587); keep nextIndex (333) unchanged and retry.
2025-04-23 04:29:38,283 [grpc-default-executor-2] WARN  server.GrpcLogAppender (GrpcLogAppender.java:lambda$resetClient$1(221)) - omNode-1@group-523986131536->omNode-3-GrpcLogAppender: Follower failed (request=null, errorCount=589); keep nextIndex (334) unchanged and retry.
2025-04-23 04:29:38,285 [grpc-default-executor-4] WARN  server.GrpcLogAppender (GrpcLogAppender.java:lambda$resetClient$1(221)) - omNode-1@group-523986131536->omNode-3-GrpcLogAppender: Follower failed (request=null, errorCount=591); keep nextIndex (335) unchanged and retry.
2025-04-23 04:29:38,293 [grpc-default-executor-2] WARN  server.GrpcLogAppender (GrpcLogAppender.java:lambda$resetClient$1(221)) - omNode-1@group-523986131536->omNode-3-GrpcLogAppender: Follower failed (request=null, errorCount=593); keep nextIndex (336) unchanged and retry.
2025-04-23 04:29:38,295 [grpc-default-executor-0] WARN  server.GrpcLogAppender (GrpcLogAppender.java:lambda$resetClient$1(221)) - omNode-1@group-523986131536->omNode-3-GrpcLogAppender: Follower failed (request=null, errorCount=595); keep nextIndex (337) unchanged and retry.
2025-04-23 04:29:38,299 [grpc-default-executor-4] WARN  server.GrpcLogAppender (GrpcLogAppender.java:lambda$resetClient$1(221)) - omNode-1@group-523986131536->omNode-3-GrpcLogAppender: Follower failed (request=null, errorCount=597); keep nextIndex (338) unchanged and retry.
2025-04-23 04:29:38,301 [grpc-default-executor-4] WARN  server.GrpcLogAppender (GrpcLogAppender.java:lambda$resetClient$1(221)) - omNode-1@group-523986131536->omNode-3-GrpcLogAppender: Follower failed (request=null, errorCount=599); keep nextIndex (339) unchanged and retry.
2025-04-23 04:29:38,310 [grpc-default-executor-0] WARN  server.GrpcLogAppender (GrpcLogAppender.java:lambda$resetClient$1(221)) - omNode-1@group-523986131536->omNode-3-GrpcLogAppender: Follower failed (request=null, errorCount=601); keep nextIndex (340) unchanged and retry.
2025-04-23 04:29:38,312 [grpc-default-executor-2] WARN  server.GrpcLogAppender (GrpcLogAppender.java:lambda$resetClient$1(221)) - omNode-1@group-523986131536->omNode-3-GrpcLogAppender: Follower failed (request=null, errorCount=603); keep nextIndex (341) unchanged and retry.
2025-04-23 04:29:38,318 [grpc-default-executor-4] WARN  server.GrpcLogAppender (GrpcLogAppender.java:lambda$resetClient$1(221)) - omNode-1@group-523986131536->omNode-3-GrpcLogAppender: Follower failed (request=null, errorCount=605); keep nextIndex (342) unchanged and retry.
2025-04-23 04:29:38,320 [grpc-default-executor-2] WARN  server.GrpcLogAppender (GrpcLogAppender.java:lambda$resetClient$1(221)) - omNode-1@group-523986131536->omNode-3-GrpcLogAppender: Follower failed (request=null, errorCount=607); keep nextIndex (343) unchanged and retry.
2025-04-23 04:29:38,332 [grpc-default-executor-4] WARN  server.GrpcLogAppender (GrpcLogAppender.java:lambda$resetClient$1(221)) - omNode-1@group-523986131536->omNode-3-GrpcLogAppender: Follower failed (request=null, errorCount=609); keep nextIndex (344) unchanged and retry.
2025-04-23 04:29:38,334 [grpc-default-executor-2] WARN  server.GrpcLogAppender (GrpcLogAppender.java:lambda$resetClient$1(221)) - omNode-1@group-523986131536->omNode-3-GrpcLogAppender: Follower failed (request=null, errorCount=611); keep nextIndex (345) unchanged and retry.
2025-04-23 04:29:38,338 [grpc-default-executor-4] WARN  server.GrpcLogAppender (GrpcLogAppender.java:lambda$resetClient$1(221)) - omNode-1@group-523986131536->omNode-3-GrpcLogAppender: Follower failed (request=null, errorCount=613); keep nextIndex (346) unchanged and retry.
2025-04-23 04:29:38,340 [grpc-default-executor-4] WARN  server.GrpcLogAppender (GrpcLogAppender.java:lambda$resetClient$1(221)) - omNode-1@group-523986131536->omNode-3-GrpcLogAppender: Follower failed (request=null, errorCount=615); keep nextIndex (347) unchanged and retry.
2025-04-23 04:29:38,351 [grpc-default-executor-0] WARN  server.GrpcLogAppender (GrpcLogAppender.java:lambda$resetClient$1(221)) - omNode-1@group-523986131536->omNode-3-GrpcLogAppender: Follower failed (request=null, errorCount=617); keep nextIndex (348) unchanged and retry.
2025-04-23 04:29:38,353 [grpc-default-executor-4] WARN  server.GrpcLogAppender (GrpcLogAppender.java:lambda$resetClient$1(221)) - omNode-1@group-523986131536->omNode-3-GrpcLogAppender: Follower failed (request=null, errorCount=619); keep nextIndex (349) unchanged and retry.
2025-04-23 04:29:38,358 [grpc-default-executor-0] WARN  server.GrpcLogAppender (GrpcLogAppender.java:lambda$resetClient$1(221)) - omNode-1@group-523986131536->omNode-3-GrpcLogAppender: Follower failed (request=null, errorCount=621); keep nextIndex (350) unchanged and retry.
2025-04-23 04:29:38,359 [grpc-default-executor-4] WARN  server.GrpcLogAppender (GrpcLogAppender.java:lambda$resetClient$1(221)) - omNode-1@group-523986131536->omNode-3-GrpcLogAppender: Follower failed (request=null, errorCount=623); keep nextIndex (351) unchanged and retry.
2025-04-23 04:29:38,367 [grpc-default-executor-2] WARN  server.GrpcLogAppender (GrpcLogAppender.java:lambda$resetClient$1(221)) - omNode-1@group-523986131536->omNode-3-GrpcLogAppender: Follower failed (request=null, errorCount=625); keep nextIndex (352) unchanged and retry.
2025-04-23 04:29:38,369 [grpc-default-executor-0] WARN  server.GrpcLogAppender (GrpcLogAppender.java:lambda$resetClient$1(221)) - omNode-1@group-523986131536->omNode-3-GrpcLogAppender: Follower failed (request=null, errorCount=627); keep nextIndex (353) unchanged and retry.
2025-04-23 04:29:38,375 [grpc-default-executor-4] WARN  server.GrpcLogAppender (GrpcLogAppender.java:lambda$resetClient$1(221)) - omNode-1@group-523986131536->omNode-3-GrpcLogAppender: Follower failed (request=null, errorCount=629); keep nextIndex (354) unchanged and retry.
2025-04-23 04:29:38,377 [grpc-default-executor-4] WARN  server.GrpcLogAppender (GrpcLogAppender.java:lambda$resetClient$1(221)) - omNode-1@group-523986131536->omNode-3-GrpcLogAppender: Follower failed (request=null, errorCount=631); keep nextIndex (355) unchanged and retry.
2025-04-23 04:29:38,385 [grpc-default-executor-2] WARN  server.GrpcLogAppender (GrpcLogAppender.java:lambda$resetClient$1(221)) - omNode-1@group-523986131536->omNode-3-GrpcLogAppender: Follower failed (request=null, errorCount=633); keep nextIndex (356) unchanged and retry.
2025-04-23 04:29:38,387 [grpc-default-executor-0] WARN  server.GrpcLogAppender (GrpcLogAppender.java:lambda$resetClient$1(221)) - omNode-1@group-523986131536->omNode-3-GrpcLogAppender: Follower failed (request=null, errorCount=635); keep nextIndex (357) unchanged and retry.
2025-04-23 04:29:38,395 [omNode-2@group-523986131536-StateMachineUpdater] INFO  ratis.OzoneManagerStateMachine (OzoneManagerStateMachine.java:takeSnapshotImpl(510)) - omNode-2: taking snapshot. applied = (t:1, i:350), skipped = 349, notified = (t:1, i:350), current snapshot index = (t:1, i:350), took 27 ms
2025-04-23 04:29:38,395 [omNode-2@group-523986131536-StateMachineUpdater] INFO  impl.StateMachineUpdater (StateMachineUpdater.java:takeSnapshot(303)) - omNode-2@group-523986131536-StateMachineUpdater: Took a snapshot at index 350
2025-04-23 04:29:38,395 [omNode-2@group-523986131536-StateMachineUpdater] INFO  impl.StateMachineUpdater (StateMachineUpdater.java:lambda$new$0(102)) - omNode-2@group-523986131536-StateMachineUpdater: snapshotIndex: updateIncreasingly 300 -> 350
2025-04-23 04:29:38,395 [omNode-2@group-523986131536-StateMachineUpdater] INFO  raftlog.RaftLog (RaftLogBase.java:purge(325)) - omNode-2@group-523986131536-SegmentedRaftLog: purge 350
2025-04-23 04:29:38,395 [omNode-2@group-523986131536-StateMachineUpdater] INFO  raftlog.RaftLog (RaftLogBase.java:lambda$new$0(54)) - omNode-2@group-523986131536-SegmentedRaftLog: snapshotIndex: updateIncreasingly 300 -> 350
2025-04-23 04:29:38,395 [omNode-2@group-523986131536-StateMachineUpdater] INFO  raftlog.RaftLog (RaftLogBase.java:lambda$new$0(54)) - omNode-2@group-523986131536-SegmentedRaftLog: purgeIndex: updateToMax old=300, new=350, updated? true
2025-04-23 04:29:38,396 [grpc-default-executor-4] WARN  server.GrpcLogAppender (GrpcLogAppender.java:lambda$resetClient$1(221)) - omNode-1@group-523986131536->omNode-3-GrpcLogAppender: Follower failed (request=null, errorCount=637); keep nextIndex (358) unchanged and retry.
2025-04-23 04:29:38,398 [grpc-default-executor-2] WARN  server.GrpcLogAppender (GrpcLogAppender.java:lambda$resetClient$1(221)) - omNode-1@group-523986131536->omNode-3-GrpcLogAppender: Follower failed (request=null, errorCount=639); keep nextIndex (359) unchanged and retry.
2025-04-23 04:29:38,409 [omNode-1@group-523986131536-StateMachineUpdater] INFO  ratis.OzoneManagerStateMachine (OzoneManagerStateMachine.java:takeSnapshotImpl(510)) - omNode-1: taking snapshot. applied = (t:1, i:354), skipped = 353, notified = (t:1, i:354), current snapshot index = (t:1, i:354), took 20 ms
2025-04-23 04:29:38,409 [omNode-1@group-523986131536-StateMachineUpdater] INFO  impl.StateMachineUpdater (StateMachineUpdater.java:takeSnapshot(303)) - omNode-1@group-523986131536-StateMachineUpdater: Took a snapshot at index 354
2025-04-23 04:29:38,409 [omNode-1@group-523986131536-StateMachineUpdater] INFO  impl.StateMachineUpdater (StateMachineUpdater.java:lambda$new$0(102)) - omNode-1@group-523986131536-StateMachineUpdater: snapshotIndex: updateIncreasingly 304 -> 354
2025-04-23 04:29:38,409 [omNode-1@group-523986131536-StateMachineUpdater] INFO  raftlog.RaftLog (RaftLogBase.java:purge(325)) - omNode-1@group-523986131536-SegmentedRaftLog: purge 354
2025-04-23 04:29:38,409 [omNode-1@group-523986131536-StateMachineUpdater] INFO  raftlog.RaftLog (RaftLogBase.java:lambda$new$0(54)) - omNode-1@group-523986131536-SegmentedRaftLog: snapshotIndex: updateIncreasingly 304 -> 354
2025-04-23 04:29:38,409 [omNode-1@group-523986131536-StateMachineUpdater] INFO  raftlog.RaftLog (RaftLogBase.java:lambda$new$0(54)) - omNode-1@group-523986131536-SegmentedRaftLog: purgeIndex: updateToMax old=304, new=354, updated? true
2025-04-23 04:29:38,418 [grpc-default-executor-4] WARN  server.GrpcLogAppender (GrpcLogAppender.java:lambda$resetClient$1(221)) - omNode-1@group-523986131536->omNode-3-GrpcLogAppender: Follower failed (request=null, errorCount=641); keep nextIndex (360) unchanged and retry.
2025-04-23 04:29:38,420 [grpc-default-executor-2] WARN  server.GrpcLogAppender (GrpcLogAppender.java:lambda$resetClient$1(221)) - omNode-1@group-523986131536->omNode-3-GrpcLogAppender: Follower failed (request=null, errorCount=643); keep nextIndex (361) unchanged and retry.
2025-04-23 04:29:38,424 [grpc-default-executor-4] WARN  server.GrpcLogAppender (GrpcLogAppender.java:lambda$resetClient$1(221)) - omNode-1@group-523986131536->omNode-3-GrpcLogAppender: Follower failed (request=null, errorCount=645); keep nextIndex (362) unchanged and retry.
2025-04-23 04:29:38,426 [grpc-default-executor-4] WARN  server.GrpcLogAppender (GrpcLogAppender.java:lambda$resetClient$1(221)) - omNode-1@group-523986131536->omNode-3-GrpcLogAppender: Follower failed (request=null, errorCount=647); keep nextIndex (363) unchanged and retry.
2025-04-23 04:29:38,434 [grpc-default-executor-2] WARN  server.GrpcLogAppender (GrpcLogAppender.java:lambda$resetClient$1(221)) - omNode-1@group-523986131536->omNode-3-GrpcLogAppender: Follower failed (request=null, errorCount=649); keep nextIndex (364) unchanged and retry.
2025-04-23 04:29:38,438 [grpc-default-executor-0] WARN  server.GrpcLogAppender (GrpcLogAppender.java:lambda$resetClient$1(221)) - omNode-1@group-523986131536->omNode-3-GrpcLogAppender: Follower failed (request=null, errorCount=651); keep nextIndex (365) unchanged and retry.
2025-04-23 04:29:38,440 [grpc-default-executor-0] WARN  server.GrpcLogAppender (GrpcLogAppender.java:lambda$resetClient$1(221)) - omNode-1@group-523986131536->omNode-3-GrpcLogAppender: Follower failed (request=null, errorCount=653); keep nextIndex (366) unchanged and retry.
2025-04-23 04:29:38,442 [grpc-default-executor-4] WARN  server.GrpcLogAppender (GrpcLogAppender.java:lambda$resetClient$1(221)) - omNode-1@group-523986131536->omNode-3-GrpcLogAppender: Follower failed (request=null, errorCount=655); keep nextIndex (367) unchanged and retry.
2025-04-23 04:29:38,449 [grpc-default-executor-2] WARN  server.GrpcLogAppender (GrpcLogAppender.java:lambda$resetClient$1(221)) - omNode-1@group-523986131536->omNode-3-GrpcLogAppender: Follower failed (request=null, errorCount=657); keep nextIndex (368) unchanged and retry.
2025-04-23 04:29:38,450 [grpc-default-executor-4] WARN  server.GrpcLogAppender (GrpcLogAppender.java:lambda$resetClient$1(221)) - omNode-1@group-523986131536->omNode-3-GrpcLogAppender: Follower failed (request=null, errorCount=659); keep nextIndex (369) unchanged and retry.
2025-04-23 04:29:38,457 [grpc-default-executor-4] WARN  server.GrpcLogAppender (GrpcLogAppender.java:lambda$resetClient$1(221)) - omNode-1@group-523986131536->omNode-3-GrpcLogAppender: Follower failed (request=null, errorCount=661); keep nextIndex (370) unchanged and retry.
2025-04-23 04:29:38,458 [grpc-default-executor-0] WARN  server.GrpcLogAppender (GrpcLogAppender.java:lambda$resetClient$1(221)) - omNode-1@group-523986131536->omNode-3-GrpcLogAppender: Follower failed (request=null, errorCount=663); keep nextIndex (371) unchanged and retry.
2025-04-23 04:29:38,466 [grpc-default-executor-2] WARN  server.GrpcLogAppender (GrpcLogAppender.java:lambda$resetClient$1(221)) - omNode-1@group-523986131536->omNode-3-GrpcLogAppender: Follower failed (request=null, errorCount=665); keep nextIndex (372) unchanged and retry.
2025-04-23 04:29:38,467 [grpc-default-executor-4] WARN  server.GrpcLogAppender (GrpcLogAppender.java:lambda$resetClient$1(221)) - omNode-1@group-523986131536->omNode-3-GrpcLogAppender: Follower failed (request=null, errorCount=667); keep nextIndex (373) unchanged and retry.
2025-04-23 04:29:38,472 [grpc-default-executor-4] WARN  server.GrpcLogAppender (GrpcLogAppender.java:lambda$resetClient$1(221)) - omNode-1@group-523986131536->omNode-3-GrpcLogAppender: Follower failed (request=null, errorCount=669); keep nextIndex (374) unchanged and retry.
2025-04-23 04:29:38,474 [grpc-default-executor-0] WARN  server.GrpcLogAppender (GrpcLogAppender.java:lambda$resetClient$1(221)) - omNode-1@group-523986131536->omNode-3-GrpcLogAppender: Follower failed (request=null, errorCount=671); keep nextIndex (375) unchanged and retry.
2025-04-23 04:29:38,484 [grpc-default-executor-2] WARN  server.GrpcLogAppender (GrpcLogAppender.java:lambda$resetClient$1(221)) - omNode-1@group-523986131536->omNode-3-GrpcLogAppender: Follower failed (request=null, errorCount=675); keep nextIndex (377) unchanged and retry.
2025-04-23 04:29:38,489 [grpc-default-executor-4] WARN  server.GrpcLogAppender (GrpcLogAppender.java:lambda$resetClient$1(221)) - omNode-1@group-523986131536->omNode-3-GrpcLogAppender: Follower failed (request=null, errorCount=677); keep nextIndex (378) unchanged and retry.
2025-04-23 04:29:38,493 [grpc-default-executor-2] WARN  server.GrpcLogAppender (GrpcLogAppender.java:lambda$resetClient$1(221)) - omNode-1@group-523986131536->omNode-3-GrpcLogAppender: Follower failed (request=null, errorCount=679); keep nextIndex (379) unchanged and retry.
2025-04-23 04:29:38,500 [grpc-default-executor-4] WARN  server.GrpcLogAppender (GrpcLogAppender.java:lambda$resetClient$1(221)) - omNode-1@group-523986131536->omNode-3-GrpcLogAppender: Follower failed (request=null, errorCount=681); keep nextIndex (380) unchanged and retry.
2025-04-23 04:29:38,503 [grpc-default-executor-0] WARN  server.GrpcLogAppender (GrpcLogAppender.java:lambda$resetClient$1(221)) - omNode-1@group-523986131536->omNode-3-GrpcLogAppender: Follower failed (request=null, errorCount=683); keep nextIndex (381) unchanged and retry.
2025-04-23 04:29:38,507 [grpc-default-executor-4] WARN  server.GrpcLogAppender (GrpcLogAppender.java:lambda$resetClient$1(221)) - omNode-1@group-523986131536->omNode-3-GrpcLogAppender: Follower failed (request=null, errorCount=685); keep nextIndex (382) unchanged and retry.
2025-04-23 04:29:38,509 [grpc-default-executor-0] WARN  server.GrpcLogAppender (GrpcLogAppender.java:lambda$resetClient$1(221)) - omNode-1@group-523986131536->omNode-3-GrpcLogAppender: Follower failed (request=null, errorCount=687); keep nextIndex (383) unchanged and retry.
2025-04-23 04:29:38,518 [grpc-default-executor-2] WARN  server.GrpcLogAppender (GrpcLogAppender.java:lambda$resetClient$1(221)) - omNode-1@group-523986131536->omNode-3-GrpcLogAppender: Follower failed (request=null, errorCount=689); keep nextIndex (384) unchanged and retry.
2025-04-23 04:29:38,520 [grpc-default-executor-0] WARN  server.GrpcLogAppender (GrpcLogAppender.java:lambda$resetClient$1(221)) - omNode-1@group-523986131536->omNode-3-GrpcLogAppender: Follower failed (request=null, errorCount=691); keep nextIndex (385) unchanged and retry.
2025-04-23 04:29:38,525 [grpc-default-executor-2] WARN  server.GrpcLogAppender (GrpcLogAppender.java:lambda$resetClient$1(221)) - omNode-1@group-523986131536->omNode-3-GrpcLogAppender: Follower failed (request=null, errorCount=693); keep nextIndex (386) unchanged and retry.
2025-04-23 04:29:38,527 [grpc-default-executor-2] WARN  server.GrpcLogAppender (GrpcLogAppender.java:lambda$resetClient$1(221)) - omNode-1@group-523986131536->omNode-3-GrpcLogAppender: Follower failed (request=null, errorCount=695); keep nextIndex (387) unchanged and retry.
2025-04-23 04:29:38,536 [grpc-default-executor-0] WARN  server.GrpcLogAppender (GrpcLogAppender.java:lambda$resetClient$1(221)) - omNode-1@group-523986131536->omNode-3-GrpcLogAppender: Follower failed (request=null, errorCount=697); keep nextIndex (388) unchanged and retry.
2025-04-23 04:29:38,538 [grpc-default-executor-2] WARN  server.GrpcLogAppender (GrpcLogAppender.java:lambda$resetClient$1(221)) - omNode-1@group-523986131536->omNode-3-GrpcLogAppender: Follower failed (request=null, errorCount=699); keep nextIndex (389) unchanged and retry.
2025-04-23 04:29:38,544 [grpc-default-executor-2] WARN  server.GrpcLogAppender (GrpcLogAppender.java:lambda$resetClient$1(221)) - omNode-1@group-523986131536->omNode-3-GrpcLogAppender: Follower failed (request=null, errorCount=701); keep nextIndex (390) unchanged and retry.
2025-04-23 04:29:38,546 [grpc-default-executor-0] WARN  server.GrpcLogAppender (GrpcLogAppender.java:lambda$resetClient$1(221)) - omNode-1@group-523986131536->omNode-3-GrpcLogAppender: Follower failed (request=null, errorCount=703); keep nextIndex (391) unchanged and retry.
2025-04-23 04:29:38,556 [grpc-default-executor-0] WARN  server.GrpcLogAppender (GrpcLogAppender.java:lambda$resetClient$1(221)) - omNode-1@group-523986131536->omNode-3-GrpcLogAppender: Follower failed (request=null, errorCount=705); keep nextIndex (392) unchanged and retry.
2025-04-23 04:29:38,557 [grpc-default-executor-2] WARN  server.GrpcLogAppender (GrpcLogAppender.java:lambda$resetClient$1(221)) - omNode-1@group-523986131536->omNode-3-GrpcLogAppender: Follower failed (request=null, errorCount=707); keep nextIndex (393) unchanged and retry.
2025-04-23 04:29:38,561 [grpc-default-executor-0] WARN  server.GrpcLogAppender (GrpcLogAppender.java:lambda$resetClient$1(221)) - omNode-1@group-523986131536->omNode-3-GrpcLogAppender: Follower failed (request=null, errorCount=709); keep nextIndex (394) unchanged and retry.
2025-04-23 04:29:38,564 [grpc-default-executor-2] WARN  server.GrpcLogAppender (GrpcLogAppender.java:lambda$resetClient$1(221)) - omNode-1@group-523986131536->omNode-3-GrpcLogAppender: Follower failed (request=null, errorCount=711); keep nextIndex (395) unchanged and retry.
2025-04-23 04:29:38,574 [grpc-default-executor-4] WARN  server.GrpcLogAppender (GrpcLogAppender.java:lambda$resetClient$1(221)) - omNode-1@group-523986131536->omNode-3-GrpcLogAppender: Follower failed (request=null, errorCount=713); keep nextIndex (396) unchanged and retry.
2025-04-23 04:29:38,576 [grpc-default-executor-2] WARN  server.GrpcLogAppender (GrpcLogAppender.java:lambda$resetClient$1(221)) - omNode-1@group-523986131536->omNode-3-GrpcLogAppender: Follower failed (request=null, errorCount=715); keep nextIndex (397) unchanged and retry.
2025-04-23 04:29:38,582 [grpc-default-executor-0] WARN  server.GrpcLogAppender (GrpcLogAppender.java:lambda$resetClient$1(221)) - omNode-1@group-523986131536->omNode-3-GrpcLogAppender: Follower failed (request=null, errorCount=717); keep nextIndex (398) unchanged and retry.
2025-04-23 04:29:38,584 [grpc-default-executor-0] WARN  server.GrpcLogAppender (GrpcLogAppender.java:lambda$resetClient$1(221)) - omNode-1@group-523986131536->omNode-3-GrpcLogAppender: Follower failed (request=null, errorCount=719); keep nextIndex (399) unchanged and retry.
2025-04-23 04:29:38,593 [grpc-default-executor-2] WARN  server.GrpcLogAppender (GrpcLogAppender.java:lambda$resetClient$1(221)) - omNode-1@group-523986131536->omNode-3-GrpcLogAppender: Follower failed (request=null, errorCount=721); keep nextIndex (400) unchanged and retry.
2025-04-23 04:29:38,594 [grpc-default-executor-4] WARN  server.GrpcLogAppender (GrpcLogAppender.java:lambda$resetClient$1(221)) - omNode-1@group-523986131536->omNode-3-GrpcLogAppender: Follower failed (request=null, errorCount=723); keep nextIndex (401) unchanged and retry.
2025-04-23 04:29:38,599 [grpc-default-executor-2] WARN  server.GrpcLogAppender (GrpcLogAppender.java:lambda$resetClient$1(221)) - omNode-1@group-523986131536->omNode-3-GrpcLogAppender: Follower failed (request=null, errorCount=725); keep nextIndex (402) unchanged and retry.
2025-04-23 04:29:38,601 [grpc-default-executor-0] WARN  server.GrpcLogAppender (GrpcLogAppender.java:lambda$resetClient$1(221)) - omNode-1@group-523986131536->omNode-3-GrpcLogAppender: Follower failed (request=null, errorCount=727); keep nextIndex (403) unchanged and retry.
2025-04-23 04:29:38,610 [grpc-default-executor-0] WARN  server.GrpcLogAppender (GrpcLogAppender.java:lambda$resetClient$1(221)) - omNode-1@group-523986131536->omNode-3-GrpcLogAppender: Follower failed (request=null, errorCount=729); keep nextIndex (404) unchanged and retry.
2025-04-23 04:29:38,614 [grpc-default-executor-2] WARN  server.GrpcLogAppender (GrpcLogAppender.java:lambda$resetClient$1(221)) - omNode-1@group-523986131536->omNode-3-GrpcLogAppender: Follower failed (request=null, errorCount=731); keep nextIndex (405) unchanged and retry.
2025-04-23 04:29:38,619 [grpc-default-executor-0] WARN  server.GrpcLogAppender (GrpcLogAppender.java:lambda$resetClient$1(221)) - omNode-1@group-523986131536->omNode-3-GrpcLogAppender: Follower failed (request=null, errorCount=733); keep nextIndex (406) unchanged and retry.
2025-04-23 04:29:38,621 [grpc-default-executor-0] WARN  server.GrpcLogAppender (GrpcLogAppender.java:lambda$resetClient$1(221)) - omNode-1@group-523986131536->omNode-3-GrpcLogAppender: Follower failed (request=null, errorCount=735); keep nextIndex (407) unchanged and retry.
2025-04-23 04:29:38,632 [omNode-2@group-523986131536-StateMachineUpdater] INFO  ratis.OzoneManagerStateMachine (OzoneManagerStateMachine.java:takeSnapshotImpl(510)) - omNode-2: taking snapshot. applied = (t:1, i:400), skipped = 399, notified = (t:1, i:400), current snapshot index = (t:1, i:400), took 33 ms
2025-04-23 04:29:38,633 [omNode-2@group-523986131536-StateMachineUpdater] INFO  impl.StateMachineUpdater (StateMachineUpdater.java:takeSnapshot(303)) - omNode-2@group-523986131536-StateMachineUpdater: Took a snapshot at index 400
2025-04-23 04:29:38,633 [omNode-2@group-523986131536-StateMachineUpdater] INFO  impl.StateMachineUpdater (StateMachineUpdater.java:lambda$new$0(102)) - omNode-2@group-523986131536-StateMachineUpdater: snapshotIndex: updateIncreasingly 350 -> 400
2025-04-23 04:29:38,633 [omNode-2@group-523986131536-StateMachineUpdater] INFO  raftlog.RaftLog (RaftLogBase.java:purge(325)) - omNode-2@group-523986131536-SegmentedRaftLog: purge 400
2025-04-23 04:29:38,633 [omNode-2@group-523986131536-StateMachineUpdater] INFO  raftlog.RaftLog (RaftLogBase.java:lambda$new$0(54)) - omNode-2@group-523986131536-SegmentedRaftLog: snapshotIndex: updateIncreasingly 350 -> 400
2025-04-23 04:29:38,633 [omNode-2@group-523986131536-StateMachineUpdater] INFO  raftlog.RaftLog (RaftLogBase.java:lambda$new$0(54)) - omNode-2@group-523986131536-SegmentedRaftLog: purgeIndex: updateToMax old=350, new=400, updated? true
2025-04-23 04:29:38,645 [Thread-8855] WARN  rocksdiff.RocksDBCheckpointDiffer (RocksDBCheckpointDiffer.java:lambda$onCompactionCompleted$0(492)) - Input file not found in inflightCompactionsMap : /home/runner/work/ozone/ozone/hadoop-ozone/integration-test/target/test-dir/MiniOzoneClusterImpl-e6c14afe-f26c-49b2-91d5-3d25694ec971/omNode-2/om.db/000096.sst which should have been added on compactionBeginListener.
2025-04-23 04:29:38,645 [Thread-8855] WARN  rocksdiff.RocksDBCheckpointDiffer (RocksDBCheckpointDiffer.java:lambda$onCompactionCompleted$0(492)) - Input file not found in inflightCompactionsMap : /home/runner/work/ozone/ozone/hadoop-ozone/integration-test/target/test-dir/MiniOzoneClusterImpl-e6c14afe-f26c-49b2-91d5-3d25694ec971/omNode-2/om.db/000079.sst which should have been added on compactionBeginListener.
2025-04-23 04:29:38,645 [Thread-8855] WARN  rocksdiff.RocksDBCheckpointDiffer (RocksDBCheckpointDiffer.java:lambda$onCompactionCompleted$0(492)) - Input file not found in inflightCompactionsMap : /home/runner/work/ozone/ozone/hadoop-ozone/integration-test/target/test-dir/MiniOzoneClusterImpl-e6c14afe-f26c-49b2-91d5-3d25694ec971/omNode-2/om.db/000084.sst which should have been added on compactionBeginListener.
2025-04-23 04:29:38,645 [Thread-8855] WARN  rocksdiff.RocksDBCheckpointDiffer (RocksDBCheckpointDiffer.java:lambda$onCompactionCompleted$0(492)) - Input file not found in inflightCompactionsMap : /home/runner/work/ozone/ozone/hadoop-ozone/integration-test/target/test-dir/MiniOzoneClusterImpl-e6c14afe-f26c-49b2-91d5-3d25694ec971/omNode-2/om.db/000089.sst which should have been added on compactionBeginListener.
2025-04-23 04:29:38,645 [Thread-8855] WARN  rocksdiff.RocksDBCheckpointDiffer (RocksDBCheckpointDiffer.java:lambda$onCompactionCompleted$0(492)) - Input file not found in inflightCompactionsMap : /home/runner/work/ozone/ozone/hadoop-ozone/integration-test/target/test-dir/MiniOzoneClusterImpl-e6c14afe-f26c-49b2-91d5-3d25694ec971/omNode-2/om.db/000074.sst which should have been added on compactionBeginListener.
2025-04-23 04:29:38,645 [omNode-1@group-523986131536-StateMachineUpdater] INFO  ratis.OzoneManagerStateMachine (OzoneManagerStateMachine.java:takeSnapshotImpl(510)) - omNode-1: taking snapshot. applied = (t:1, i:404), skipped = 403, notified = (t:1, i:404), current snapshot index = (t:1, i:404), took 29 ms
2025-04-23 04:29:38,645 [omNode-1@group-523986131536-StateMachineUpdater] INFO  impl.StateMachineUpdater (StateMachineUpdater.java:takeSnapshot(303)) - omNode-1@group-523986131536-StateMachineUpdater: Took a snapshot at index 404
2025-04-23 04:29:38,645 [omNode-1@group-523986131536-StateMachineUpdater] INFO  impl.StateMachineUpdater (StateMachineUpdater.java:lambda$new$0(102)) - omNode-1@group-523986131536-StateMachineUpdater: snapshotIndex: updateIncreasingly 354 -> 404
2025-04-23 04:29:38,645 [omNode-1@group-523986131536-StateMachineUpdater] INFO  raftlog.RaftLog (RaftLogBase.java:purge(325)) - omNode-1@group-523986131536-SegmentedRaftLog: purge 404
2025-04-23 04:29:38,645 [omNode-1@group-523986131536-StateMachineUpdater] INFO  raftlog.RaftLog (RaftLogBase.java:lambda$new$0(54)) - omNode-1@group-523986131536-SegmentedRaftLog: snapshotIndex: updateIncreasingly 354 -> 404
2025-04-23 04:29:38,645 [omNode-1@group-523986131536-StateMachineUpdater] INFO  raftlog.RaftLog (RaftLogBase.java:lambda$new$0(54)) - omNode-1@group-523986131536-SegmentedRaftLog: purgeIndex: updateToMax old=354, new=404, updated? true
2025-04-23 04:29:38,655 [grpc-default-executor-2] WARN  server.GrpcLogAppender (GrpcLogAppender.java:lambda$resetClient$1(221)) - omNode-1@group-523986131536->omNode-3-GrpcLogAppender: Follower failed (request=null, errorCount=737); keep nextIndex (408) unchanged and retry.
2025-04-23 04:29:38,655 [Thread-8905] WARN  rocksdiff.RocksDBCheckpointDiffer (RocksDBCheckpointDiffer.java:lambda$onCompactionCompleted$0(492)) - Input file not found in inflightCompactionsMap : /home/runner/work/ozone/ozone/hadoop-ozone/integration-test/target/test-dir/MiniOzoneClusterImpl-e6c14afe-f26c-49b2-91d5-3d25694ec971/omNode-1/om.db/000099.sst which should have been added on compactionBeginListener.
2025-04-23 04:29:38,655 [Thread-8905] WARN  rocksdiff.RocksDBCheckpointDiffer (RocksDBCheckpointDiffer.java:lambda$onCompactionCompleted$0(492)) - Input file not found in inflightCompactionsMap : /home/runner/work/ozone/ozone/hadoop-ozone/integration-test/target/test-dir/MiniOzoneClusterImpl-e6c14afe-f26c-49b2-91d5-3d25694ec971/omNode-1/om.db/000075.sst which should have been added on compactionBeginListener.
2025-04-23 04:29:38,655 [Thread-8905] WARN  rocksdiff.RocksDBCheckpointDiffer (RocksDBCheckpointDiffer.java:lambda$onCompactionCompleted$0(492)) - Input file not found in inflightCompactionsMap : /home/runner/work/ozone/ozone/hadoop-ozone/integration-test/target/test-dir/MiniOzoneClusterImpl-e6c14afe-f26c-49b2-91d5-3d25694ec971/omNode-1/om.db/000080.sst which should have been added on compactionBeginListener.
2025-04-23 04:29:38,655 [Thread-8905] WARN  rocksdiff.RocksDBCheckpointDiffer (RocksDBCheckpointDiffer.java:lambda$onCompactionCompleted$0(492)) - Input file not found in inflightCompactionsMap : /home/runner/work/ozone/ozone/hadoop-ozone/integration-test/target/test-dir/MiniOzoneClusterImpl-e6c14afe-f26c-49b2-91d5-3d25694ec971/omNode-1/om.db/000092.sst which should have been added on compactionBeginListener.
2025-04-23 04:29:38,655 [Thread-8905] WARN  rocksdiff.RocksDBCheckpointDiffer (RocksDBCheckpointDiffer.java:lambda$onCompactionCompleted$0(492)) - Input file not found in inflightCompactionsMap : /home/runner/work/ozone/ozone/hadoop-ozone/integration-test/target/test-dir/MiniOzoneClusterImpl-e6c14afe-f26c-49b2-91d5-3d25694ec971/omNode-1/om.db/000086.sst which should have been added on compactionBeginListener.
2025-04-23 04:29:38,656 [grpc-default-executor-4] WARN  server.GrpcLogAppender (GrpcLogAppender.java:lambda$resetClient$1(221)) - omNode-1@group-523986131536->omNode-3-GrpcLogAppender: Follower failed (request=null, errorCount=739); keep nextIndex (409) unchanged and retry.
2025-04-23 04:29:38,660 [grpc-default-executor-0] WARN  server.GrpcLogAppender (GrpcLogAppender.java:lambda$resetClient$1(221)) - omNode-1@group-523986131536->omNode-3-GrpcLogAppender: Follower failed (request=null, errorCount=741); keep nextIndex (410) unchanged and retry.
2025-04-23 04:29:38,662 [grpc-default-executor-2] WARN  server.GrpcLogAppender (GrpcLogAppender.java:lambda$resetClient$1(221)) - omNode-1@group-523986131536->omNode-3-GrpcLogAppender: Follower failed (request=null, errorCount=743); keep nextIndex (411) unchanged and retry.
2025-04-23 04:29:38,667 [grpc-default-executor-0] WARN  server.GrpcLogAppender (GrpcLogAppender.java:lambda$resetClient$1(221)) - omNode-1@group-523986131536->omNode-3-GrpcLogAppender: Follower failed (request=null, errorCount=745); keep nextIndex (412) unchanged and retry.
2025-04-23 04:29:38,668 [grpc-default-executor-0] WARN  server.GrpcLogAppender (GrpcLogAppender.java:lambda$resetClient$1(221)) - omNode-1@group-523986131536->omNode-3-GrpcLogAppender: Follower failed (request=null, errorCount=747); keep nextIndex (413) unchanged and retry.
2025-04-23 04:29:38,672 [grpc-default-executor-4] WARN  server.GrpcLogAppender (GrpcLogAppender.java:lambda$resetClient$1(221)) - omNode-1@group-523986131536->omNode-3-GrpcLogAppender: Follower failed (request=null, errorCount=749); keep nextIndex (414) unchanged and retry.
2025-04-23 04:29:38,674 [grpc-default-executor-0] WARN  server.GrpcLogAppender (GrpcLogAppender.java:lambda$resetClient$1(221)) - omNode-1@group-523986131536->omNode-3-GrpcLogAppender: Follower failed (request=null, errorCount=751); keep nextIndex (415) unchanged and retry.
2025-04-23 04:29:38,680 [grpc-default-executor-0] WARN  server.GrpcLogAppender (GrpcLogAppender.java:lambda$resetClient$1(221)) - omNode-1@group-523986131536->omNode-3-GrpcLogAppender: Follower failed (request=null, errorCount=753); keep nextIndex (416) unchanged and retry.
2025-04-23 04:29:38,681 [grpc-default-executor-2] WARN  server.GrpcLogAppender (GrpcLogAppender.java:lambda$resetClient$1(221)) - omNode-1@group-523986131536->omNode-3-GrpcLogAppender: Follower failed (request=null, errorCount=755); keep nextIndex (417) unchanged and retry.
2025-04-23 04:29:38,687 [grpc-default-executor-0] WARN  server.GrpcLogAppender (GrpcLogAppender.java:lambda$resetClient$1(221)) - omNode-1@group-523986131536->omNode-3-GrpcLogAppender: Follower failed (request=null, errorCount=757); keep nextIndex (418) unchanged and retry.
2025-04-23 04:29:38,689 [grpc-default-executor-2] WARN  server.GrpcLogAppender (GrpcLogAppender.java:lambda$resetClient$1(221)) - omNode-1@group-523986131536->omNode-3-GrpcLogAppender: Follower failed (request=null, errorCount=759); keep nextIndex (419) unchanged and retry.
2025-04-23 04:29:38,699 [grpc-default-executor-4] WARN  server.GrpcLogAppender (GrpcLogAppender.java:lambda$resetClient$1(221)) - omNode-1@group-523986131536->omNode-3-GrpcLogAppender: Follower failed (request=null, errorCount=761); keep nextIndex (420) unchanged and retry.
2025-04-23 04:29:38,700 [grpc-default-executor-2] WARN  server.GrpcLogAppender (GrpcLogAppender.java:lambda$resetClient$1(221)) - omNode-1@group-523986131536->omNode-3-GrpcLogAppender: Follower failed (request=null, errorCount=763); keep nextIndex (421) unchanged and retry.
2025-04-23 04:29:38,706 [grpc-default-executor-0] WARN  server.GrpcLogAppender (GrpcLogAppender.java:lambda$resetClient$1(221)) - omNode-1@group-523986131536->omNode-3-GrpcLogAppender: Follower failed (request=null, errorCount=765); keep nextIndex (422) unchanged and retry.
2025-04-23 04:29:38,708 [grpc-default-executor-4] WARN  server.GrpcLogAppender (GrpcLogAppender.java:lambda$resetClient$1(221)) - omNode-1@group-523986131536->omNode-3-GrpcLogAppender: Follower failed (request=null, errorCount=767); keep nextIndex (423) unchanged and retry.
2025-04-23 04:29:38,725 [grpc-default-executor-0] WARN  server.GrpcLogAppender (GrpcLogAppender.java:lambda$resetClient$1(221)) - omNode-1@group-523986131536->omNode-3-GrpcLogAppender: Follower failed (request=null, errorCount=769); keep nextIndex (424) unchanged and retry.
2025-04-23 04:29:38,726 [grpc-default-executor-4] WARN  server.GrpcLogAppender (GrpcLogAppender.java:lambda$resetClient$1(221)) - omNode-1@group-523986131536->omNode-3-GrpcLogAppender: Follower failed (request=null, errorCount=771); keep nextIndex (425) unchanged and retry.
2025-04-23 04:29:38,732 [grpc-default-executor-0] WARN  server.GrpcLogAppender (GrpcLogAppender.java:lambda$resetClient$1(221)) - omNode-1@group-523986131536->omNode-3-GrpcLogAppender: Follower failed (request=null, errorCount=773); keep nextIndex (426) unchanged and retry.
2025-04-23 04:29:38,744 [grpc-default-executor-2] WARN  server.GrpcLogAppender (GrpcLogAppender.java:lambda$resetClient$1(221)) - omNode-1@group-523986131536->omNode-3-GrpcLogAppender: Follower failed (request=null, errorCount=777); keep nextIndex (428) unchanged and retry.
2025-04-23 04:29:38,745 [grpc-default-executor-4] WARN  server.GrpcLogAppender (GrpcLogAppender.java:lambda$resetClient$1(221)) - omNode-1@group-523986131536->omNode-3-GrpcLogAppender: Follower failed (request=null, errorCount=779); keep nextIndex (429) unchanged and retry.
2025-04-23 04:29:38,751 [grpc-default-executor-4] WARN  server.GrpcLogAppender (GrpcLogAppender.java:lambda$resetClient$1(221)) - omNode-1@group-523986131536->omNode-3-GrpcLogAppender: Follower failed (request=null, errorCount=781); keep nextIndex (430) unchanged and retry.
2025-04-23 04:29:38,752 [grpc-default-executor-2] WARN  server.GrpcLogAppender (GrpcLogAppender.java:lambda$resetClient$1(221)) - omNode-1@group-523986131536->omNode-3-GrpcLogAppender: Follower failed (request=null, errorCount=783); keep nextIndex (431) unchanged and retry.
2025-04-23 04:29:38,762 [grpc-default-executor-4] WARN  server.GrpcLogAppender (GrpcLogAppender.java:lambda$resetClient$1(221)) - omNode-1@group-523986131536->omNode-3-GrpcLogAppender: Follower failed (request=null, errorCount=785); keep nextIndex (432) unchanged and retry.
2025-04-23 04:29:38,764 [grpc-default-executor-4] WARN  server.GrpcLogAppender (GrpcLogAppender.java:lambda$resetClient$1(221)) - omNode-1@group-523986131536->omNode-3-GrpcLogAppender: Follower failed (request=null, errorCount=787); keep nextIndex (433) unchanged and retry.
2025-04-23 04:29:38,769 [grpc-default-executor-2] WARN  server.GrpcLogAppender (GrpcLogAppender.java:lambda$resetClient$1(221)) - omNode-1@group-523986131536->omNode-3-GrpcLogAppender: Follower failed (request=null, errorCount=789); keep nextIndex (434) unchanged and retry.
2025-04-23 04:29:38,771 [grpc-default-executor-0] WARN  server.GrpcLogAppender (GrpcLogAppender.java:lambda$resetClient$1(221)) - omNode-1@group-523986131536->omNode-3-GrpcLogAppender: Follower failed (request=null, errorCount=791); keep nextIndex (435) unchanged and retry.
2025-04-23 04:29:38,781 [grpc-default-executor-2] WARN  server.GrpcLogAppender (GrpcLogAppender.java:lambda$resetClient$1(221)) - omNode-1@group-523986131536->omNode-3-GrpcLogAppender: Follower failed (request=null, errorCount=793); keep nextIndex (436) unchanged and retry.
2025-04-23 04:29:38,784 [grpc-default-executor-4] WARN  server.GrpcLogAppender (GrpcLogAppender.java:lambda$resetClient$1(221)) - omNode-1@group-523986131536->omNode-3-GrpcLogAppender: Follower failed (request=null, errorCount=795); keep nextIndex (437) unchanged and retry.
2025-04-23 04:29:38,787 [grpc-default-executor-0] WARN  server.GrpcLogAppender (GrpcLogAppender.java:lambda$resetClient$1(221)) - omNode-1@group-523986131536->omNode-3-GrpcLogAppender: Follower failed (request=null, errorCount=797); keep nextIndex (438) unchanged and retry.
2025-04-23 04:29:38,791 [grpc-default-executor-2] WARN  server.GrpcLogAppender (GrpcLogAppender.java:lambda$resetClient$1(221)) - omNode-1@group-523986131536->omNode-3-GrpcLogAppender: Follower failed (request=null, errorCount=799); keep nextIndex (439) unchanged and retry.
2025-04-23 04:29:38,799 [grpc-default-executor-0] WARN  server.GrpcLogAppender (GrpcLogAppender.java:lambda$resetClient$1(221)) - omNode-1@group-523986131536->omNode-3-GrpcLogAppender: Follower failed (request=null, errorCount=801); keep nextIndex (440) unchanged and retry.
2025-04-23 04:29:38,801 [grpc-default-executor-4] WARN  server.GrpcLogAppender (GrpcLogAppender.java:lambda$resetClient$1(221)) - omNode-1@group-523986131536->omNode-3-GrpcLogAppender: Follower failed (request=null, errorCount=803); keep nextIndex (441) unchanged and retry.
2025-04-23 04:29:38,806 [grpc-default-executor-4] WARN  server.GrpcLogAppender (GrpcLogAppender.java:lambda$resetClient$1(221)) - omNode-1@group-523986131536->omNode-3-GrpcLogAppender: Follower failed (request=null, errorCount=805); keep nextIndex (442) unchanged and retry.
2025-04-23 04:29:38,808 [grpc-default-executor-2] WARN  server.GrpcLogAppender (GrpcLogAppender.java:lambda$resetClient$1(221)) - omNode-1@group-523986131536->omNode-3-GrpcLogAppender: Follower failed (request=null, errorCount=807); keep nextIndex (443) unchanged and retry.
2025-04-23 04:29:38,818 [grpc-default-executor-4] WARN  server.GrpcLogAppender (GrpcLogAppender.java:lambda$resetClient$1(221)) - omNode-1@group-523986131536->omNode-3-GrpcLogAppender: Follower failed (request=null, errorCount=809); keep nextIndex (444) unchanged and retry.
2025-04-23 04:29:38,822 [grpc-default-executor-2] WARN  server.GrpcLogAppender (GrpcLogAppender.java:lambda$resetClient$1(221)) - omNode-1@group-523986131536->omNode-3-GrpcLogAppender: Follower failed (request=null, errorCount=811); keep nextIndex (445) unchanged and retry.
2025-04-23 04:29:38,825 [grpc-default-executor-4] WARN  server.GrpcLogAppender (GrpcLogAppender.java:lambda$resetClient$1(221)) - omNode-1@group-523986131536->omNode-3-GrpcLogAppender: Follower failed (request=null, errorCount=813); keep nextIndex (446) unchanged and retry.
2025-04-23 04:29:38,827 [grpc-default-executor-4] WARN  server.GrpcLogAppender (GrpcLogAppender.java:lambda$resetClient$1(221)) - omNode-1@group-523986131536->omNode-3-GrpcLogAppender: Follower failed (request=null, errorCount=815); keep nextIndex (447) unchanged and retry.
2025-04-23 04:29:38,837 [grpc-default-executor-4] WARN  server.GrpcLogAppender (GrpcLogAppender.java:lambda$resetClient$1(221)) - omNode-1@group-523986131536->omNode-3-GrpcLogAppender: Follower failed (request=null, errorCount=817); keep nextIndex (448) unchanged and retry.
2025-04-23 04:29:38,839 [grpc-default-executor-0] WARN  server.GrpcLogAppender (GrpcLogAppender.java:lambda$resetClient$1(221)) - omNode-1@group-523986131536->omNode-3-GrpcLogAppender: Follower failed (request=null, errorCount=819); keep nextIndex (449) unchanged and retry.
2025-04-23 04:29:38,843 [grpc-default-executor-2] WARN  server.GrpcLogAppender (GrpcLogAppender.java:lambda$resetClient$1(221)) - omNode-1@group-523986131536->omNode-3-GrpcLogAppender: Follower failed (request=null, errorCount=821); keep nextIndex (450) unchanged and retry.
2025-04-23 04:29:38,847 [grpc-default-executor-0] WARN  server.GrpcLogAppender (GrpcLogAppender.java:lambda$resetClient$1(221)) - omNode-1@group-523986131536->omNode-3-GrpcLogAppender: Follower failed (request=null, errorCount=823); keep nextIndex (451) unchanged and retry.
2025-04-23 04:29:38,858 [grpc-default-executor-2] WARN  server.GrpcLogAppender (GrpcLogAppender.java:lambda$resetClient$1(221)) - omNode-1@group-523986131536->omNode-3-GrpcLogAppender: Follower failed (request=null, errorCount=825); keep nextIndex (452) unchanged and retry.
2025-04-23 04:29:38,860 [grpc-default-executor-0] WARN  server.GrpcLogAppender (GrpcLogAppender.java:lambda$resetClient$1(221)) - omNode-1@group-523986131536->omNode-3-GrpcLogAppender: Follower failed (request=null, errorCount=827); keep nextIndex (453) unchanged and retry.
2025-04-23 04:29:38,866 [grpc-default-executor-2] WARN  server.GrpcLogAppender (GrpcLogAppender.java:lambda$resetClient$1(221)) - omNode-1@group-523986131536->omNode-3-GrpcLogAppender: Follower failed (request=null, errorCount=829); keep nextIndex (454) unchanged and retry.
2025-04-23 04:29:38,869 [grpc-default-executor-4] WARN  server.GrpcLogAppender (GrpcLogAppender.java:lambda$resetClient$1(221)) - omNode-1@group-523986131536->omNode-3-GrpcLogAppender: Follower failed (request=null, errorCount=831); keep nextIndex (455) unchanged and retry.
2025-04-23 04:29:38,881 [grpc-default-executor-2] WARN  server.GrpcLogAppender (GrpcLogAppender.java:lambda$resetClient$1(221)) - omNode-1@group-523986131536->omNode-3-GrpcLogAppender: Follower failed (request=null, errorCount=833); keep nextIndex (456) unchanged and retry.
2025-04-23 04:29:38,883 [grpc-default-executor-4] WARN  server.GrpcLogAppender (GrpcLogAppender.java:lambda$resetClient$1(221)) - omNode-1@group-523986131536->omNode-3-GrpcLogAppender: Follower failed (request=null, errorCount=835); keep nextIndex (457) unchanged and retry.
2025-04-23 04:29:38,890 [omNode-2@group-523986131536-StateMachineUpdater] INFO  ratis.OzoneManagerStateMachine (OzoneManagerStateMachine.java:takeSnapshotImpl(510)) - omNode-2: taking snapshot. applied = (t:1, i:450), skipped = 449, notified = (t:1, i:450), current snapshot index = (t:1, i:450), took 31 ms
2025-04-23 04:29:38,890 [omNode-2@group-523986131536-StateMachineUpdater] INFO  impl.StateMachineUpdater (StateMachineUpdater.java:takeSnapshot(303)) - omNode-2@group-523986131536-StateMachineUpdater: Took a snapshot at index 450
2025-04-23 04:29:38,891 [omNode-2@group-523986131536-StateMachineUpdater] INFO  impl.StateMachineUpdater (StateMachineUpdater.java:lambda$new$0(102)) - omNode-2@group-523986131536-StateMachineUpdater: snapshotIndex: updateIncreasingly 400 -> 450
2025-04-23 04:29:38,891 [omNode-2@group-523986131536-StateMachineUpdater] INFO  raftlog.RaftLog (RaftLogBase.java:purge(325)) - omNode-2@group-523986131536-SegmentedRaftLog: purge 450
2025-04-23 04:29:38,891 [omNode-2@group-523986131536-StateMachineUpdater] INFO  raftlog.RaftLog (RaftLogBase.java:lambda$new$0(54)) - omNode-2@group-523986131536-SegmentedRaftLog: snapshotIndex: updateIncreasingly 400 -> 450
2025-04-23 04:29:38,891 [omNode-2@group-523986131536-StateMachineUpdater] INFO  raftlog.RaftLog (RaftLogBase.java:lambda$new$0(54)) - omNode-2@group-523986131536-SegmentedRaftLog: purgeIndex: updateToMax old=400, new=450, updated? true
2025-04-23 04:29:38,897 [omNode-1@group-523986131536-StateMachineUpdater] INFO  ratis.OzoneManagerStateMachine (OzoneManagerStateMachine.java:takeSnapshotImpl(510)) - omNode-1: taking snapshot. applied = (t:1, i:454), skipped = 453, notified = (t:1, i:454), current snapshot index = (t:1, i:454), took 25 ms
2025-04-23 04:29:38,898 [omNode-1@group-523986131536-StateMachineUpdater] INFO  impl.StateMachineUpdater (StateMachineUpdater.java:takeSnapshot(303)) - omNode-1@group-523986131536-StateMachineUpdater: Took a snapshot at index 454
2025-04-23 04:29:38,898 [omNode-1@group-523986131536-StateMachineUpdater] INFO  impl.StateMachineUpdater (StateMachineUpdater.java:lambda$new$0(102)) - omNode-1@group-523986131536-StateMachineUpdater: snapshotIndex: updateIncreasingly 404 -> 454
2025-04-23 04:29:38,898 [omNode-1@group-523986131536-StateMachineUpdater] INFO  raftlog.RaftLog (RaftLogBase.java:purge(325)) - omNode-1@group-523986131536-SegmentedRaftLog: purge 454
2025-04-23 04:29:38,898 [omNode-1@group-523986131536-StateMachineUpdater] INFO  raftlog.RaftLog (RaftLogBase.java:lambda$new$0(54)) - omNode-1@group-523986131536-SegmentedRaftLog: snapshotIndex: updateIncreasingly 404 -> 454
2025-04-23 04:29:38,898 [omNode-1@group-523986131536-StateMachineUpdater] INFO  raftlog.RaftLog (RaftLogBase.java:lambda$new$0(54)) - omNode-1@group-523986131536-SegmentedRaftLog: purgeIndex: updateToMax old=404, new=454, updated? true
2025-04-23 04:29:38,904 [grpc-default-executor-0] WARN  server.GrpcLogAppender (GrpcLogAppender.java:lambda$resetClient$1(221)) - omNode-1@group-523986131536->omNode-3-GrpcLogAppender: Follower failed (request=null, errorCount=837); keep nextIndex (458) unchanged and retry.
2025-04-23 04:29:38,906 [grpc-default-executor-2] WARN  server.GrpcLogAppender (GrpcLogAppender.java:lambda$resetClient$1(221)) - omNode-1@group-523986131536->omNode-3-GrpcLogAppender: Follower failed (request=null, errorCount=839); keep nextIndex (459) unchanged and retry.
2025-04-23 04:29:38,916 [grpc-default-executor-2] WARN  server.GrpcLogAppender (GrpcLogAppender.java:lambda$resetClient$1(221)) - omNode-1@group-523986131536->omNode-3-GrpcLogAppender: Follower failed (request=null, errorCount=841); keep nextIndex (460) unchanged and retry.
2025-04-23 04:29:38,918 [grpc-default-executor-4] WARN  server.GrpcLogAppender (GrpcLogAppender.java:lambda$resetClient$1(221)) - omNode-1@group-523986131536->omNode-3-GrpcLogAppender: Follower failed (request=null, errorCount=843); keep nextIndex (461) unchanged and retry.
2025-04-23 04:29:38,923 [grpc-default-executor-2] WARN  server.GrpcLogAppender (GrpcLogAppender.java:lambda$resetClient$1(221)) - omNode-1@group-523986131536->omNode-3-GrpcLogAppender: Follower failed (request=null, errorCount=845); keep nextIndex (462) unchanged and retry.
2025-04-23 04:29:38,925 [grpc-default-executor-3] WARN  server.GrpcLogAppender (GrpcLogAppender.java:lambda$resetClient$1(221)) - omNode-1@group-523986131536->omNode-3-GrpcLogAppender: Follower failed (request=null, errorCount=847); keep nextIndex (463) unchanged and retry.
2025-04-23 04:29:38,935 [grpc-default-executor-2] WARN  server.GrpcLogAppender (GrpcLogAppender.java:lambda$resetClient$1(221)) - omNode-1@group-523986131536->omNode-3-GrpcLogAppender: Follower failed (request=null, errorCount=849); keep nextIndex (464) unchanged and retry.
2025-04-23 04:29:38,938 [grpc-default-executor-0] WARN  server.GrpcLogAppender (GrpcLogAppender.java:lambda$resetClient$1(221)) - omNode-1@group-523986131536->omNode-3-GrpcLogAppender: Follower failed (request=null, errorCount=851); keep nextIndex (465) unchanged and retry.
2025-04-23 04:29:38,943 [grpc-default-executor-4] WARN  server.GrpcLogAppender (GrpcLogAppender.java:lambda$resetClient$1(221)) - omNode-1@group-523986131536->omNode-3-GrpcLogAppender: Follower failed (request=null, errorCount=853); keep nextIndex (466) unchanged and retry.
2025-04-23 04:29:38,945 [grpc-default-executor-0] WARN  server.GrpcLogAppender (GrpcLogAppender.java:lambda$resetClient$1(221)) - omNode-1@group-523986131536->omNode-3-GrpcLogAppender: Follower failed (request=null, errorCount=855); keep nextIndex (467) unchanged and retry.
2025-04-23 04:29:38,956 [grpc-default-executor-0] WARN  server.GrpcLogAppender (GrpcLogAppender.java:lambda$resetClient$1(221)) - omNode-1@group-523986131536->omNode-3-GrpcLogAppender: Follower failed (request=null, errorCount=857); keep nextIndex (468) unchanged and retry.
2025-04-23 04:29:38,957 [grpc-default-executor-2] WARN  server.GrpcLogAppender (GrpcLogAppender.java:lambda$resetClient$1(221)) - omNode-1@group-523986131536->omNode-3-GrpcLogAppender: Follower failed (request=null, errorCount=859); keep nextIndex (469) unchanged and retry.
2025-04-23 04:29:38,963 [grpc-default-executor-4] WARN  server.GrpcLogAppender (GrpcLogAppender.java:lambda$resetClient$1(221)) - omNode-1@group-523986131536->omNode-3-GrpcLogAppender: Follower failed (request=null, errorCount=861); keep nextIndex (470) unchanged and retry.
2025-04-23 04:29:38,964 [grpc-default-executor-0] WARN  server.GrpcLogAppender (GrpcLogAppender.java:lambda$resetClient$1(221)) - omNode-1@group-523986131536->omNode-3-GrpcLogAppender: Follower failed (request=null, errorCount=863); keep nextIndex (471) unchanged and retry.
2025-04-23 04:29:38,974 [grpc-default-executor-4] WARN  server.GrpcLogAppender (GrpcLogAppender.java:lambda$resetClient$1(221)) - omNode-1@group-523986131536->omNode-3-GrpcLogAppender: Follower failed (request=null, errorCount=865); keep nextIndex (472) unchanged and retry.
2025-04-23 04:29:38,976 [grpc-default-executor-0] WARN  server.GrpcLogAppender (GrpcLogAppender.java:lambda$resetClient$1(221)) - omNode-1@group-523986131536->omNode-3-GrpcLogAppender: Follower failed (request=null, errorCount=867); keep nextIndex (473) unchanged and retry.
2025-04-23 04:29:38,981 [grpc-default-executor-4] WARN  server.GrpcLogAppender (GrpcLogAppender.java:lambda$resetClient$1(221)) - omNode-1@group-523986131536->omNode-3-GrpcLogAppender: Follower failed (request=null, errorCount=869); keep nextIndex (474) unchanged and retry.
2025-04-23 04:29:38,982 [grpc-default-executor-4] WARN  server.GrpcLogAppender (GrpcLogAppender.java:lambda$resetClient$1(221)) - omNode-1@group-523986131536->omNode-3-GrpcLogAppender: Follower failed (request=null, errorCount=871); keep nextIndex (475) unchanged and retry.
2025-04-23 04:29:38,993 [grpc-default-executor-3] WARN  server.GrpcLogAppender (GrpcLogAppender.java:lambda$resetClient$1(221)) - omNode-1@group-523986131536->omNode-3-GrpcLogAppender: Follower failed (request=null, errorCount=875); keep nextIndex (477) unchanged and retry.
2025-04-23 04:29:38,998 [grpc-default-executor-2] WARN  server.GrpcLogAppender (GrpcLogAppender.java:lambda$resetClient$1(221)) - omNode-1@group-523986131536->omNode-3-GrpcLogAppender: Follower failed (request=null, errorCount=877); keep nextIndex (478) unchanged and retry.
2025-04-23 04:29:39,000 [grpc-default-executor-2] WARN  server.GrpcLogAppender (GrpcLogAppender.java:lambda$resetClient$1(221)) - omNode-1@group-523986131536->omNode-3-GrpcLogAppender: Follower failed (request=null, errorCount=879); keep nextIndex (479) unchanged and retry.
2025-04-23 04:29:39,009 [grpc-default-executor-3] WARN  server.GrpcLogAppender (GrpcLogAppender.java:lambda$resetClient$1(221)) - omNode-1@group-523986131536->omNode-3-GrpcLogAppender: Follower failed (request=null, errorCount=881); keep nextIndex (480) unchanged and retry.
2025-04-23 04:29:39,010 [grpc-default-executor-2] WARN  server.GrpcLogAppender (GrpcLogAppender.java:lambda$resetClient$1(221)) - omNode-1@group-523986131536->omNode-3-GrpcLogAppender: Follower failed (request=null, errorCount=883); keep nextIndex (481) unchanged and retry.
2025-04-23 04:29:39,016 [grpc-default-executor-2] WARN  server.GrpcLogAppender (GrpcLogAppender.java:lambda$resetClient$1(221)) - omNode-1@group-523986131536->omNode-3-GrpcLogAppender: Follower failed (request=null, errorCount=885); keep nextIndex (482) unchanged and retry.
2025-04-23 04:29:39,020 [grpc-default-executor-2] WARN  server.GrpcLogAppender (GrpcLogAppender.java:lambda$resetClient$1(221)) - omNode-1@group-523986131536->omNode-3-GrpcLogAppender: Follower failed (request=null, errorCount=887); keep nextIndex (483) unchanged and retry.
2025-04-23 04:29:39,027 [grpc-default-executor-2] WARN  server.GrpcLogAppender (GrpcLogAppender.java:lambda$resetClient$1(221)) - omNode-1@group-523986131536->omNode-3-GrpcLogAppender: Follower failed (request=null, errorCount=889); keep nextIndex (484) unchanged and retry.
2025-04-23 04:29:39,029 [grpc-default-executor-3] WARN  server.GrpcLogAppender (GrpcLogAppender.java:lambda$resetClient$1(221)) - omNode-1@group-523986131536->omNode-3-GrpcLogAppender: Follower failed (request=null, errorCount=891); keep nextIndex (485) unchanged and retry.
2025-04-23 04:29:39,034 [grpc-default-executor-0] WARN  server.GrpcLogAppender (GrpcLogAppender.java:lambda$resetClient$1(221)) - omNode-1@group-523986131536->omNode-3-GrpcLogAppender: Follower failed (request=null, errorCount=893); keep nextIndex (486) unchanged and retry.
2025-04-23 04:29:39,036 [grpc-default-executor-3] WARN  server.GrpcLogAppender (GrpcLogAppender.java:lambda$resetClient$1(221)) - omNode-1@group-523986131536->omNode-3-GrpcLogAppender: Follower failed (request=null, errorCount=895); keep nextIndex (487) unchanged and retry.
2025-04-23 04:29:39,044 [grpc-default-executor-2] WARN  server.GrpcLogAppender (GrpcLogAppender.java:lambda$resetClient$1(221)) - omNode-1@group-523986131536->omNode-3-GrpcLogAppender: Follower failed (request=null, errorCount=897); keep nextIndex (488) unchanged and retry.
2025-04-23 04:29:39,048 [grpc-default-executor-2] WARN  server.GrpcLogAppender (GrpcLogAppender.java:lambda$resetClient$1(221)) - omNode-1@group-523986131536->omNode-3-GrpcLogAppender: Follower failed (request=null, errorCount=899); keep nextIndex (489) unchanged and retry.
2025-04-23 04:29:39,060 [grpc-default-executor-3] WARN  server.GrpcLogAppender (GrpcLogAppender.java:lambda$resetClient$1(221)) - omNode-1@group-523986131536->omNode-3-GrpcLogAppender: Follower failed (request=null, errorCount=901); keep nextIndex (490) unchanged and retry.
2025-04-23 04:29:39,063 [grpc-default-executor-3] WARN  server.GrpcLogAppender (GrpcLogAppender.java:lambda$resetClient$1(221)) - omNode-1@group-523986131536->omNode-3-GrpcLogAppender: Follower failed (request=null, errorCount=903); keep nextIndex (491) unchanged and retry.
2025-04-23 04:29:39,072 [grpc-default-executor-4] WARN  server.GrpcLogAppender (GrpcLogAppender.java:lambda$resetClient$1(221)) - omNode-1@group-523986131536->omNode-3-GrpcLogAppender: Follower failed (request=null, errorCount=905); keep nextIndex (492) unchanged and retry.
2025-04-23 04:29:39,074 [grpc-default-executor-3] WARN  server.GrpcLogAppender (GrpcLogAppender.java:lambda$resetClient$1(221)) - omNode-1@group-523986131536->omNode-3-GrpcLogAppender: Follower failed (request=null, errorCount=907); keep nextIndex (493) unchanged and retry.
2025-04-23 04:29:39,079 [grpc-default-executor-4] WARN  server.GrpcLogAppender (GrpcLogAppender.java:lambda$resetClient$1(221)) - omNode-1@group-523986131536->omNode-3-GrpcLogAppender: Follower failed (request=null, errorCount=909); keep nextIndex (494) unchanged and retry.
2025-04-23 04:29:39,080 [grpc-default-executor-2] WARN  server.GrpcLogAppender (GrpcLogAppender.java:lambda$resetClient$1(221)) - omNode-1@group-523986131536->omNode-3-GrpcLogAppender: Follower failed (request=null, errorCount=911); keep nextIndex (495) unchanged and retry.
2025-04-23 04:29:39,090 [grpc-default-executor-4] WARN  server.GrpcLogAppender (GrpcLogAppender.java:lambda$resetClient$1(221)) - omNode-1@group-523986131536->omNode-3-GrpcLogAppender: Follower failed (request=null, errorCount=913); keep nextIndex (496) unchanged and retry.
2025-04-23 04:29:39,093 [grpc-default-executor-2] WARN  server.GrpcLogAppender (GrpcLogAppender.java:lambda$resetClient$1(221)) - omNode-1@group-523986131536->omNode-3-GrpcLogAppender: Follower failed (request=null, errorCount=915); keep nextIndex (497) unchanged and retry.
2025-04-23 04:29:39,096 [grpc-default-executor-3] WARN  server.GrpcLogAppender (GrpcLogAppender.java:lambda$resetClient$1(221)) - omNode-1@group-523986131536->omNode-3-GrpcLogAppender: Follower failed (request=null, errorCount=917); keep nextIndex (498) unchanged and retry.
2025-04-23 04:29:39,097 [grpc-default-executor-2] WARN  server.GrpcLogAppender (GrpcLogAppender.java:lambda$resetClient$1(221)) - omNode-1@group-523986131536->omNode-3-GrpcLogAppender: Follower failed (request=null, errorCount=919); keep nextIndex (499) unchanged and retry.
2025-04-23 04:29:39,104 [grpc-default-executor-4] WARN  server.GrpcLogAppender (GrpcLogAppender.java:lambda$resetClient$1(221)) - omNode-1@group-523986131536->omNode-3-GrpcLogAppender: Follower failed (request=null, errorCount=921); keep nextIndex (500) unchanged and retry.
2025-04-23 04:29:39,107 [grpc-default-executor-3] WARN  server.GrpcLogAppender (GrpcLogAppender.java:lambda$resetClient$1(221)) - omNode-1@group-523986131536->omNode-3-GrpcLogAppender: Follower failed (request=null, errorCount=923); keep nextIndex (501) unchanged and retry.
2025-04-23 04:29:39,110 [grpc-default-executor-4] WARN  server.GrpcLogAppender (GrpcLogAppender.java:lambda$resetClient$1(221)) - omNode-1@group-523986131536->omNode-3-GrpcLogAppender: Follower failed (request=null, errorCount=925); keep nextIndex (502) unchanged and retry.
2025-04-23 04:29:39,112 [grpc-default-executor-3] WARN  server.GrpcLogAppender (GrpcLogAppender.java:lambda$resetClient$1(221)) - omNode-1@group-523986131536->omNode-3-GrpcLogAppender: Follower failed (request=null, errorCount=927); keep nextIndex (503) unchanged and retry.
2025-04-23 04:29:39,120 [grpc-default-executor-3] WARN  server.GrpcLogAppender (GrpcLogAppender.java:lambda$resetClient$1(221)) - omNode-1@group-523986131536->omNode-3-GrpcLogAppender: Follower failed (request=null, errorCount=929); keep nextIndex (504) unchanged and retry.
2025-04-23 04:29:39,123 [grpc-default-executor-2] WARN  server.GrpcLogAppender (GrpcLogAppender.java:lambda$resetClient$1(221)) - omNode-1@group-523986131536->omNode-3-GrpcLogAppender: Follower failed (request=null, errorCount=931); keep nextIndex (505) unchanged and retry.
2025-04-23 04:29:39,127 [grpc-default-executor-0] WARN  server.GrpcLogAppender (GrpcLogAppender.java:lambda$resetClient$1(221)) - omNode-1@group-523986131536->omNode-3-GrpcLogAppender: Follower failed (request=null, errorCount=933); keep nextIndex (506) unchanged and retry.
2025-04-23 04:29:39,130 [grpc-default-executor-0] WARN  server.GrpcLogAppender (GrpcLogAppender.java:lambda$resetClient$1(221)) - omNode-1@group-523986131536->omNode-3-GrpcLogAppender: Follower failed (request=null, errorCount=935); keep nextIndex (507) unchanged and retry.
2025-04-23 04:29:39,141 [grpc-default-executor-2] WARN  server.GrpcLogAppender (GrpcLogAppender.java:lambda$resetClient$1(221)) - omNode-1@group-523986131536->omNode-3-GrpcLogAppender: Follower failed (request=null, errorCount=937); keep nextIndex (508) unchanged and retry.
2025-04-23 04:29:39,143 [omNode-2@group-523986131536-StateMachineUpdater] INFO  ratis.OzoneManagerStateMachine (OzoneManagerStateMachine.java:takeSnapshotImpl(510)) - omNode-2: taking snapshot. applied = (t:1, i:500), skipped = 499, notified = (t:1, i:500), current snapshot index = (t:1, i:500), took 32 ms
2025-04-23 04:29:39,144 [omNode-2@group-523986131536-StateMachineUpdater] INFO  impl.StateMachineUpdater (StateMachineUpdater.java:takeSnapshot(303)) - omNode-2@group-523986131536-StateMachineUpdater: Took a snapshot at index 500
2025-04-23 04:29:39,145 [omNode-2@group-523986131536-StateMachineUpdater] INFO  impl.StateMachineUpdater (StateMachineUpdater.java:lambda$new$0(102)) - omNode-2@group-523986131536-StateMachineUpdater: snapshotIndex: updateIncreasingly 450 -> 500
2025-04-23 04:29:39,145 [omNode-2@group-523986131536-StateMachineUpdater] INFO  raftlog.RaftLog (RaftLogBase.java:purge(325)) - omNode-2@group-523986131536-SegmentedRaftLog: purge 500
2025-04-23 04:29:39,145 [omNode-2@group-523986131536-StateMachineUpdater] INFO  raftlog.RaftLog (RaftLogBase.java:lambda$new$0(54)) - omNode-2@group-523986131536-SegmentedRaftLog: snapshotIndex: updateIncreasingly 450 -> 500
2025-04-23 04:29:39,145 [omNode-2@group-523986131536-StateMachineUpdater] INFO  raftlog.RaftLog (RaftLogBase.java:lambda$new$0(54)) - omNode-2@group-523986131536-SegmentedRaftLog: purgeIndex: updateToMax old=450, new=500, updated? true
2025-04-23 04:29:39,144 [grpc-default-executor-3] WARN  server.GrpcLogAppender (GrpcLogAppender.java:lambda$resetClient$1(221)) - omNode-1@group-523986131536->omNode-3-GrpcLogAppender: Follower failed (request=null, errorCount=939); keep nextIndex (509) unchanged and retry.
2025-04-23 04:29:39,154 [omNode-1@group-523986131536-StateMachineUpdater] INFO  ratis.OzoneManagerStateMachine (OzoneManagerStateMachine.java:takeSnapshotImpl(510)) - omNode-1: taking snapshot. applied = (t:1, i:504), skipped = 503, notified = (t:1, i:504), current snapshot index = (t:1, i:504), took 23 ms
2025-04-23 04:29:39,155 [omNode-1@group-523986131536-StateMachineUpdater] INFO  impl.StateMachineUpdater (StateMachineUpdater.java:takeSnapshot(303)) - omNode-1@group-523986131536-StateMachineUpdater: Took a snapshot at index 504
2025-04-23 04:29:39,155 [omNode-1@group-523986131536-StateMachineUpdater] INFO  impl.StateMachineUpdater (StateMachineUpdater.java:lambda$new$0(102)) - omNode-1@group-523986131536-StateMachineUpdater: snapshotIndex: updateIncreasingly 454 -> 504
2025-04-23 04:29:39,155 [omNode-1@group-523986131536-StateMachineUpdater] INFO  raftlog.RaftLog (RaftLogBase.java:purge(325)) - omNode-1@group-523986131536-SegmentedRaftLog: purge 504
2025-04-23 04:29:39,155 [omNode-1@group-523986131536-StateMachineUpdater] INFO  raftlog.RaftLog (RaftLogBase.java:lambda$new$0(54)) - omNode-1@group-523986131536-SegmentedRaftLog: snapshotIndex: updateIncreasingly 454 -> 504
2025-04-23 04:29:39,155 [omNode-1@group-523986131536-StateMachineUpdater] INFO  raftlog.RaftLog (RaftLogBase.java:lambda$new$0(54)) - omNode-1@group-523986131536-SegmentedRaftLog: purgeIndex: updateToMax old=454, new=504, updated? true
2025-04-23 04:29:39,159 [grpc-default-executor-0] WARN  server.GrpcLogAppender (GrpcLogAppender.java:lambda$resetClient$1(221)) - omNode-1@group-523986131536->omNode-3-GrpcLogAppender: Follower failed (request=null, errorCount=941); keep nextIndex (510) unchanged and retry.
2025-04-23 04:29:39,161 [grpc-default-executor-0] WARN  server.GrpcLogAppender (GrpcLogAppender.java:lambda$resetClient$1(221)) - omNode-1@group-523986131536->omNode-3-GrpcLogAppender: Follower failed (request=null, errorCount=943); keep nextIndex (511) unchanged and retry.
2025-04-23 04:29:39,170 [grpc-default-executor-2] WARN  server.GrpcLogAppender (GrpcLogAppender.java:lambda$resetClient$1(221)) - omNode-1@group-523986131536->omNode-3-GrpcLogAppender: Follower failed (request=null, errorCount=945); keep nextIndex (512) unchanged and retry.
2025-04-23 04:29:39,171 [grpc-default-executor-3] WARN  server.GrpcLogAppender (GrpcLogAppender.java:lambda$resetClient$1(221)) - omNode-1@group-523986131536->omNode-3-GrpcLogAppender: Follower failed (request=null, errorCount=947); keep nextIndex (513) unchanged and retry.
2025-04-23 04:29:39,176 [grpc-default-executor-0] WARN  server.GrpcLogAppender (GrpcLogAppender.java:lambda$resetClient$1(221)) - omNode-1@group-523986131536->omNode-3-GrpcLogAppender: Follower failed (request=null, errorCount=949); keep nextIndex (514) unchanged and retry.
2025-04-23 04:29:39,179 [grpc-default-executor-2] WARN  server.GrpcLogAppender (GrpcLogAppender.java:lambda$resetClient$1(221)) - omNode-1@group-523986131536->omNode-3-GrpcLogAppender: Follower failed (request=null, errorCount=951); keep nextIndex (515) unchanged and retry.
2025-04-23 04:29:39,184 [grpc-default-executor-2] WARN  server.GrpcLogAppender (GrpcLogAppender.java:lambda$resetClient$1(221)) - omNode-1@group-523986131536->omNode-3-GrpcLogAppender: Follower failed (request=null, errorCount=953); keep nextIndex (516) unchanged and retry.
2025-04-23 04:29:39,186 [grpc-default-executor-0] WARN  server.GrpcLogAppender (GrpcLogAppender.java:lambda$resetClient$1(221)) - omNode-1@group-523986131536->omNode-3-GrpcLogAppender: Follower failed (request=null, errorCount=955); keep nextIndex (517) unchanged and retry.
2025-04-23 04:29:39,191 [grpc-default-executor-2] WARN  server.GrpcLogAppender (GrpcLogAppender.java:lambda$resetClient$1(221)) - omNode-1@group-523986131536->omNode-3-GrpcLogAppender: Follower failed (request=null, errorCount=957); keep nextIndex (518) unchanged and retry.
2025-04-23 04:29:39,193 [grpc-default-executor-0] WARN  server.GrpcLogAppender (GrpcLogAppender.java:lambda$resetClient$1(221)) - omNode-1@group-523986131536->omNode-3-GrpcLogAppender: Follower failed (request=null, errorCount=959); keep nextIndex (519) unchanged and retry.
2025-04-23 04:29:39,203 [grpc-default-executor-3] WARN  server.GrpcLogAppender (GrpcLogAppender.java:lambda$resetClient$1(221)) - omNode-1@group-523986131536->omNode-3-GrpcLogAppender: Follower failed (request=null, errorCount=961); keep nextIndex (520) unchanged and retry.
2025-04-23 04:29:39,206 [grpc-default-executor-2] WARN  server.GrpcLogAppender (GrpcLogAppender.java:lambda$resetClient$1(221)) - omNode-1@group-523986131536->omNode-3-GrpcLogAppender: Follower failed (request=null, errorCount=963); keep nextIndex (521) unchanged and retry.
2025-04-23 04:29:39,209 [grpc-default-executor-2] WARN  server.GrpcLogAppender (GrpcLogAppender.java:lambda$resetClient$1(221)) - omNode-1@group-523986131536->omNode-3-GrpcLogAppender: Follower failed (request=null, errorCount=965); keep nextIndex (522) unchanged and retry.
2025-04-23 04:29:39,211 [grpc-default-executor-3] WARN  server.GrpcLogAppender (GrpcLogAppender.java:lambda$resetClient$1(221)) - omNode-1@group-523986131536->omNode-3-GrpcLogAppender: Follower failed (request=null, errorCount=967); keep nextIndex (523) unchanged and retry.
2025-04-23 04:29:39,219 [grpc-default-executor-0] WARN  server.GrpcLogAppender (GrpcLogAppender.java:lambda$resetClient$1(221)) - omNode-1@group-523986131536->omNode-3-GrpcLogAppender: Follower failed (request=null, errorCount=969); keep nextIndex (524) unchanged and retry.
2025-04-23 04:29:39,222 [grpc-default-executor-3] WARN  server.GrpcLogAppender (GrpcLogAppender.java:lambda$resetClient$1(221)) - omNode-1@group-523986131536->omNode-3-GrpcLogAppender: Follower failed (request=null, errorCount=971); keep nextIndex (525) unchanged and retry.
2025-04-23 04:29:39,228 [grpc-default-executor-0] WARN  server.GrpcLogAppender (GrpcLogAppender.java:lambda$resetClient$1(221)) - omNode-1@group-523986131536->omNode-3-GrpcLogAppender: Follower failed (request=null, errorCount=973); keep nextIndex (526) unchanged and retry.
2025-04-23 04:29:39,230 [grpc-default-executor-2] WARN  server.GrpcLogAppender (GrpcLogAppender.java:lambda$resetClient$1(221)) - omNode-1@group-523986131536->omNode-3-GrpcLogAppender: Follower failed (request=null, errorCount=975); keep nextIndex (527) unchanged and retry.
2025-04-23 04:29:39,239 [grpc-default-executor-0] WARN  server.GrpcLogAppender (GrpcLogAppender.java:lambda$resetClient$1(221)) - omNode-1@group-523986131536->omNode-3-GrpcLogAppender: Follower failed (request=null, errorCount=977); keep nextIndex (528) unchanged and retry.
2025-04-23 04:29:39,242 [grpc-default-executor-3] WARN  server.GrpcLogAppender (GrpcLogAppender.java:lambda$resetClient$1(221)) - omNode-1@group-523986131536->omNode-3-GrpcLogAppender: Follower failed (request=null, errorCount=979); keep nextIndex (529) unchanged and retry.
2025-04-23 04:29:39,248 [grpc-default-executor-0] WARN  server.GrpcLogAppender (GrpcLogAppender.java:lambda$resetClient$1(221)) - omNode-1@group-523986131536->omNode-3-GrpcLogAppender: Follower failed (request=null, errorCount=985); keep nextIndex (530) unchanged and retry.
2025-04-23 04:29:39,250 [grpc-default-executor-2] WARN  server.GrpcLogAppender (GrpcLogAppender.java:lambda$resetClient$1(221)) - omNode-1@group-523986131536->omNode-3-GrpcLogAppender: Follower failed (request=null, errorCount=987); keep nextIndex (531) unchanged and retry.
2025-04-23 04:29:39,257 [grpc-default-executor-0] WARN  server.GrpcLogAppender (GrpcLogAppender.java:lambda$resetClient$1(221)) - omNode-1@group-523986131536->omNode-3-GrpcLogAppender: Follower failed (request=null, errorCount=989); keep nextIndex (532) unchanged and retry.
2025-04-23 04:29:39,259 [grpc-default-executor-0] WARN  server.GrpcLogAppender (GrpcLogAppender.java:lambda$resetClient$1(221)) - omNode-1@group-523986131536->omNode-3-GrpcLogAppender: Follower failed (request=null, errorCount=991); keep nextIndex (533) unchanged and retry.
2025-04-23 04:29:39,264 [grpc-default-executor-2] WARN  server.GrpcLogAppender (GrpcLogAppender.java:lambda$resetClient$1(221)) - omNode-1@group-523986131536->omNode-3-GrpcLogAppender: Follower failed (request=null, errorCount=993); keep nextIndex (534) unchanged and retry.
2025-04-23 04:29:39,268 [grpc-default-executor-3] WARN  server.GrpcLogAppender (GrpcLogAppender.java:lambda$resetClient$1(221)) - omNode-1@group-523986131536->omNode-3-GrpcLogAppender: Follower failed (request=null, errorCount=995); keep nextIndex (535) unchanged and retry.
2025-04-23 04:29:39,274 [grpc-default-executor-3] WARN  server.GrpcLogAppender (GrpcLogAppender.java:lambda$resetClient$1(221)) - omNode-1@group-523986131536->omNode-3-GrpcLogAppender: Follower failed (request=null, errorCount=997); keep nextIndex (536) unchanged and retry.
2025-04-23 04:29:39,276 [grpc-default-executor-3] WARN  server.GrpcLogAppender (GrpcLogAppender.java:lambda$resetClient$1(221)) - omNode-1@group-523986131536->omNode-3-GrpcLogAppender: Follower failed (request=null, errorCount=999); keep nextIndex (537) unchanged and retry.
2025-04-23 04:29:39,281 [grpc-default-executor-3] WARN  server.GrpcLogAppender (GrpcLogAppender.java:lambda$resetClient$1(221)) - omNode-1@group-523986131536->omNode-3-GrpcLogAppender: Follower failed (request=null, errorCount=1001); keep nextIndex (538) unchanged and retry.
2025-04-23 04:29:39,283 [grpc-default-executor-0] WARN  server.GrpcLogAppender (GrpcLogAppender.java:lambda$resetClient$1(221)) - omNode-1@group-523986131536->omNode-3-GrpcLogAppender: Follower failed (request=null, errorCount=1003); keep nextIndex (539) unchanged and retry.
2025-04-23 04:29:39,289 [grpc-default-executor-3] WARN  server.GrpcLogAppender (GrpcLogAppender.java:lambda$resetClient$1(221)) - omNode-1@group-523986131536->omNode-3-GrpcLogAppender: Follower failed (request=null, errorCount=1005); keep nextIndex (540) unchanged and retry.
2025-04-23 04:29:39,291 [grpc-default-executor-2] WARN  server.GrpcLogAppender (GrpcLogAppender.java:lambda$resetClient$1(221)) - omNode-1@group-523986131536->omNode-3-GrpcLogAppender: Follower failed (request=null, errorCount=1007); keep nextIndex (541) unchanged and retry.
2025-04-23 04:29:39,295 [grpc-default-executor-3] WARN  server.GrpcLogAppender (GrpcLogAppender.java:lambda$resetClient$1(221)) - omNode-1@group-523986131536->omNode-3-GrpcLogAppender: Follower failed (request=null, errorCount=1009); keep nextIndex (542) unchanged and retry.
2025-04-23 04:29:39,296 [grpc-default-executor-4] WARN  server.GrpcLogAppender (GrpcLogAppender.java:lambda$resetClient$1(221)) - omNode-1@group-523986131536->omNode-3-GrpcLogAppender: Follower failed (request=null, errorCount=1011); keep nextIndex (543) unchanged and retry.
2025-04-23 04:29:39,304 [grpc-default-executor-0] WARN  server.GrpcLogAppender (GrpcLogAppender.java:lambda$resetClient$1(221)) - omNode-1@group-523986131536->omNode-3-GrpcLogAppender: Follower failed (request=null, errorCount=1013); keep nextIndex (544) unchanged and retry.
2025-04-23 04:29:39,305 [grpc-default-executor-4] WARN  server.GrpcLogAppender (GrpcLogAppender.java:lambda$resetClient$1(221)) - omNode-1@group-523986131536->omNode-3-GrpcLogAppender: Follower failed (request=null, errorCount=1015); keep nextIndex (545) unchanged and retry.
2025-04-23 04:29:39,312 [main] INFO  om.OzoneManager (OzoneManager.java:restart(1878)) - OzoneManager RPC server is listening at localhost/127.0.0.1:15056
2025-04-23 04:29:39,312 [main] INFO  impl.MetricsSystemImpl (MetricsSystemImpl.java:init(158)) - OzoneManager metrics system started (again)
2025-04-23 04:29:39,328 [main] WARN  server.ServerUtils (ServerUtils.java:getDBPath(297)) - ozone.om.db.dirs is not configured. We recommend adding this setting. Falling back to ozone.metadata.dirs instead.
2025-04-23 04:29:39,378 [main] INFO  om.OzoneManager (OzoneManager.java:instantiateServices(933)) - S3 Multi-Tenancy is disabled
2025-04-23 04:29:39,379 [main] INFO  om.OmSnapshotManager (OmSnapshotManager.java:<init>(180)) - Ozone filesystem snapshot feature is enabled.
2025-04-23 04:29:39,379 [main] WARN  server.ServerUtils (ServerUtils.java:getDBPath(297)) - ozone.om.snapshot.diff.db.dir is not configured. We recommend adding this setting. Falling back to ozone.metadata.dirs instead.
2025-04-23 04:29:39,395 [main] WARN  server.ServerUtils (ServerUtils.java:getDefaultRatisDirectory(309)) - Storage directory for Ratis is not configured. It is a good idea to map this to an SSD disk. Falling back to ozone.metadata.dirs
2025-04-23 04:29:39,396 [main] INFO  server.RaftServerConfigKeys (ConfUtils.java:logGet(46)) - raft.server.log.appender.buffer.byte-limit = 4194304 (custom)
2025-04-23 04:29:39,396 [main] INFO  ratis.OzoneManagerRatisServer (OzoneManagerRatisServer.java:<init>(167)) - Instantiating OM Ratis server with groupID: om-service-test1 and peers: localhost:15059, localhost:15051, localhost:15055
2025-04-23 04:29:39,397 [main] INFO  ratis.OzoneManagerStateMachine (OzoneManagerStateMachine.java:loadSnapshotInfoFromDB(611)) - LastAppliedIndex is set from TransactionInfo from OM DB as (t:1, i:43)
2025-04-23 04:29:39,398 [main] INFO  server.RaftServer (ConfUtils.java:logGet(46)) - raft.rpc.type = GRPC (default)
2025-04-23 04:29:39,398 [main] INFO  grpc.GrpcConfigKeys (ConfUtils.java:logFallback(53)) - raft.grpc.admin.host = null (fallback to raft.grpc.server.host)
2025-04-23 04:29:39,398 [main] INFO  grpc.GrpcConfigKeys (ConfUtils.java:logFallback(53)) - raft.grpc.admin.port = 15059 (fallback to raft.grpc.server.port)
2025-04-23 04:29:39,398 [main] INFO  grpc.GrpcConfigKeys (ConfUtils.java:logFallback(53)) - raft.grpc.client.host = null (fallback to raft.grpc.server.host)
2025-04-23 04:29:39,398 [main] INFO  grpc.GrpcConfigKeys (ConfUtils.java:logFallback(53)) - raft.grpc.client.port = 15059 (fallback to raft.grpc.server.port)
2025-04-23 04:29:39,398 [main] INFO  grpc.GrpcConfigKeys (ConfUtils.java:logGet(46)) - raft.grpc.server.host = null (default)
2025-04-23 04:29:39,398 [main] INFO  grpc.GrpcConfigKeys (ConfUtils.java:logGet(46)) - raft.grpc.server.port = 15059 (custom)
2025-04-23 04:29:39,398 [main] INFO  server.GrpcService (ConfUtils.java:logGet(46)) - raft.grpc.message.size.max = 5242880 (custom)
2025-04-23 04:29:39,398 [main] INFO  server.GrpcService (ConfUtils.java:logGet(46)) - raft.grpc.flow.control.window = 1MB (=1048576) (default)
2025-04-23 04:29:39,398 [main] INFO  server.RaftServerConfigKeys (ConfUtils.java:logGet(46)) - raft.server.rpc.request.timeout = 3000ms (default)
2025-04-23 04:29:39,399 [main] INFO  grpc.GrpcConfigKeys (ConfUtils.java:logGet(46)) - raft.grpc.server.heartbeat.channel = true (default)
2025-04-23 04:29:39,399 [main] INFO  server.RaftServerConfigKeys (ConfUtils.java:logGet(46)) - raft.server.log.appender.buffer.byte-limit = 4194304 (custom)
2025-04-23 04:29:39,399 [main] INFO  grpc.GrpcConfigKeys (ConfUtils.java:logGet(46)) - raft.grpc.server.async.request.thread.pool.cached = true (default)
2025-04-23 04:29:39,399 [main] INFO  grpc.GrpcConfigKeys (ConfUtils.java:logGet(46)) - raft.grpc.server.async.request.thread.pool.size = 32 (default)
2025-04-23 04:29:39,400 [main] INFO  impl.DataStreamServerImpl (ConfUtils.java:logGet(46)) - raft.datastream.type = DISABLED (default)
2025-04-23 04:29:39,400 [main] INFO  server.RaftServerConfigKeys (ConfUtils.java:logGet(46)) - raft.server.sleep.deviation.threshold = 300ms (default)
2025-04-23 04:29:39,400 [main] INFO  server.RaftServerConfigKeys (ConfUtils.java:logGet(46)) - raft.server.close.threshold = 60s (default)
2025-04-23 04:29:39,400 [main] INFO  server.RaftServerConfigKeys (ConfUtils.java:logGet(46)) - raft.server.leaderelection.leader.step-down.wait-time = 10s (default)
2025-04-23 04:29:39,400 [main] INFO  server.RaftServerConfigKeys (ConfUtils.java:logGet(46)) - raft.server.storage.dir = [/home/runner/work/ozone/ozone/hadoop-ozone/integration-test/target/test-dir/MiniOzoneClusterImpl-e6c14afe-f26c-49b2-91d5-3d25694ec971/omNode-3/ratis] (custom)
2025-04-23 04:29:39,400 [main] INFO  server.RaftServerConfigKeys (ConfUtils.java:logGet(46)) - raft.server.threadpool.proxy.cached = true (default)
2025-04-23 04:29:39,400 [main] INFO  server.RaftServerConfigKeys (ConfUtils.java:logGet(46)) - raft.server.threadpool.proxy.size = 0 (default)
2025-04-23 04:29:39,401 [omNode-3-impl-thread1] INFO  server.RaftServer (RaftServerProxy.java:initGroupDir(265)) - omNode-3: found a subdirectory /home/runner/work/ozone/ozone/hadoop-ozone/integration-test/target/test-dir/MiniOzoneClusterImpl-e6c14afe-f26c-49b2-91d5-3d25694ec971/omNode-3/ratis/c9bc4cf4-3bc3-3c60-a66b-523986131536
2025-04-23 04:29:39,401 [main] INFO  server.RaftServer (RaftServerProxy.java:addNew(100)) - omNode-3: addNew group-523986131536:[omNode-3|localhost:15059, omNode-1|localhost:15051, omNode-2|localhost:15055] returns group-523986131536:java.util.concurrent.CompletableFuture@f6dca7b[Not completed]
2025-04-23 04:29:39,401 [main] INFO  om.OzoneManager (OzoneManager.java:initializeRatisServer(2303)) - OzoneManager Ratis server initialized at port 15059
2025-04-23 04:29:39,401 [main] INFO  ratis.OzoneManagerRatisServer (OzoneManagerRatisServer.java:start(628)) - Starting OzoneManagerRatisServer omNode-3 at port 15059
2025-04-23 04:29:39,401 [omNode-3-groupManagement] INFO  server.RaftServer$Division (RaftServerImpl.java:<init>(255)) - omNode-3: new RaftServerImpl for group-523986131536:[omNode-3|localhost:15059, omNode-1|localhost:15051, omNode-2|localhost:15055] with OzoneManagerStateMachine:uninitialized
2025-04-23 04:29:39,402 [omNode-3-groupManagement] INFO  server.RaftServerConfigKeys (ConfUtils.java:logGet(46)) - raft.server.rpc.timeout.min = 1s (custom)
2025-04-23 04:29:39,402 [omNode-3-groupManagement] INFO  server.RaftServerConfigKeys (ConfUtils.java:logGet(46)) - raft.server.rpc.timeout.max = 1200ms (custom)
2025-04-23 04:29:39,402 [omNode-3-groupManagement] INFO  server.RaftServerConfigKeys (ConfUtils.java:logGet(46)) - raft.server.rpc.sleep.time = 25ms (default)
2025-04-23 04:29:39,402 [omNode-3-groupManagement] INFO  server.RaftServerConfigKeys (ConfUtils.java:logGet(46)) - raft.server.rpc.slowness.timeout = 2s (custom)
2025-04-23 04:29:39,402 [omNode-3-groupManagement] INFO  server.RaftServerConfigKeys (ConfUtils.java:logGet(46)) - raft.server.leaderelection.leader.step-down.wait-time = 10s (default)
2025-04-23 04:29:39,402 [omNode-3-groupManagement] INFO  server.RaftServerConfigKeys (ConfUtils.java:logGet(46)) - raft.server.leaderelection.member.majority-add = false (default)
2025-04-23 04:29:39,402 [omNode-3-groupManagement] INFO  server.RaftServerConfigKeys (ConfUtils.java:logGet(46)) - raft.server.sleep.deviation.threshold = 300ms (default)
2025-04-23 04:29:39,402 [omNode-3-groupManagement] INFO  server.RaftServer$Division (ServerState.java:<init>(114)) - omNode-3@group-523986131536: ConfigurationManager, init=conf: {index: -1, cur=peers:[omNode-3|localhost:15059, omNode-1|localhost:15051, omNode-2|localhost:15055]|listeners:[], old=null}, confs=<EMPTY_MAP>
2025-04-23 04:29:39,402 [omNode-3-groupManagement] INFO  server.RaftServerConfigKeys (ConfUtils.java:logGet(46)) - raft.server.notification.no-leader.timeout = 2s (custom)
2025-04-23 04:29:39,402 [omNode-3-groupManagement] INFO  server.RaftServerConfigKeys (ConfUtils.java:logGet(46)) - raft.server.read.timeout = 10s (default)
2025-04-23 04:29:39,402 [omNode-3-groupManagement] INFO  server.RaftServerConfigKeys (ConfUtils.java:logGet(46)) - raft.server.retrycache.expirytime = 30000ms (custom)
2025-04-23 04:29:39,402 [omNode-3-groupManagement] INFO  server.RaftServerConfigKeys (ConfUtils.java:logGet(46)) - raft.server.retrycache.statistics.expirytime = 100ms (default)
2025-04-23 04:29:39,402 [omNode-3-groupManagement] INFO  server.RaftServerConfigKeys (ConfUtils.java:logGet(46)) - raft.server.read.option = DEFAULT (default)
2025-04-23 04:29:39,402 [omNode-3-groupManagement] INFO  server.RaftServerConfigKeys (ConfUtils.java:logGet(46)) - raft.server.read.read-after-write-consistent.write-index-cache.expiry-time = 60s (default)
2025-04-23 04:29:39,404 [omNode-3-groupManagement] INFO  server.RaftServerConfigKeys (ConfUtils.java:logGet(46)) - raft.server.rpc.request.timeout = 3000ms (default)
2025-04-23 04:29:39,404 [omNode-3-groupManagement] INFO  server.RaftServerConfigKeys (ConfUtils.java:logGet(46)) - raft.server.log.appender.install.snapshot.enabled = false (custom)
2025-04-23 04:29:39,404 [omNode-3-groupManagement] INFO  server.RaftServerConfigKeys (ConfUtils.java:logGet(46)) - raft.server.threadpool.server.cached = true (default)
2025-04-23 04:29:39,404 [omNode-3-groupManagement] INFO  server.RaftServerConfigKeys (ConfUtils.java:logGet(46)) - raft.server.threadpool.server.size = 0 (default)
2025-04-23 04:29:39,405 [omNode-3-groupManagement] INFO  server.RaftServerConfigKeys (ConfUtils.java:logGet(46)) - raft.server.threadpool.client.cached = true (default)
2025-04-23 04:29:39,405 [omNode-3-groupManagement] INFO  server.RaftServerConfigKeys (ConfUtils.java:logGet(46)) - raft.server.threadpool.client.size = 0 (default)
2025-04-23 04:29:39,405 [omNode-3-impl-thread1] INFO  server.RaftServerConfigKeys (ConfUtils.java:logGet(46)) - raft.server.storage.free-space.min = 0MB (=0) (default)
2025-04-23 04:29:39,405 [omNode-3-impl-thread1] INFO  server.RaftServerConfigKeys (ConfUtils.java:logGet(46)) - raft.server.log.corruption.policy = EXCEPTION (default)
2025-04-23 04:29:39,405 [omNode-3-impl-thread1] INFO  server.RaftServerConfigKeys (ConfUtils.java:logGet(46)) - raft.server.storage.dir = [/home/runner/work/ozone/ozone/hadoop-ozone/integration-test/target/test-dir/MiniOzoneClusterImpl-e6c14afe-f26c-49b2-91d5-3d25694ec971/omNode-3/ratis] (custom)
2025-04-23 04:29:39,406 [omNode-3-impl-thread1] INFO  storage.RaftStorageDirectory (RaftStorageDirectoryImpl.java:tryLock(229)) - Lock on /home/runner/work/ozone/ozone/hadoop-ozone/integration-test/target/test-dir/MiniOzoneClusterImpl-e6c14afe-f26c-49b2-91d5-3d25694ec971/omNode-3/ratis/c9bc4cf4-3bc3-3c60-a66b-523986131536/in_use.lock acquired by nodename 129558@fv-az1441-587
2025-04-23 04:29:39,406 [omNode-3-impl-thread1] INFO  storage.RaftStorage (RaftStorageImpl.java:analyzeAndRecoverStorage(118)) - Read RaftStorageMetadata{term=1, votedFor=} from /home/runner/work/ozone/ozone/hadoop-ozone/integration-test/target/test-dir/MiniOzoneClusterImpl-e6c14afe-f26c-49b2-91d5-3d25694ec971/omNode-3/ratis/c9bc4cf4-3bc3-3c60-a66b-523986131536/current/raft-meta
2025-04-23 04:29:39,406 [omNode-3-impl-thread1] INFO  server.RaftServer$Division (ServerState.java:setRaftConf(386)) - omNode-3@group-523986131536: set configuration conf: {index: 0, cur=peers:[omNode-3|localhost:15059, omNode-1|localhost:15051, omNode-2|localhost:15055]|listeners:[], old=null}
2025-04-23 04:29:39,406 [omNode-3-impl-thread1] INFO  ratis.OzoneManagerStateMachine (OzoneManagerStateMachine.java:lambda$0(138)) - omNode-3: initialize group-523986131536 with (t:1, i:43)
2025-04-23 04:29:39,406 [omNode-3-impl-thread1] INFO  server.RaftServerConfigKeys (ConfUtils.java:logGet(46)) - raft.server.log.use.memory = false (default)
2025-04-23 04:29:39,406 [omNode-3-impl-thread1] INFO  server.RaftServerConfigKeys (ConfUtils.java:logGet(46)) - raft.server.log.purge.gap = 50 (custom)
2025-04-23 04:29:39,406 [omNode-3-impl-thread1] INFO  server.RaftServerConfigKeys (ConfUtils.java:logGet(46)) - raft.server.log.appender.buffer.byte-limit = 4194304 (custom)
2025-04-23 04:29:39,407 [omNode-3-impl-thread1] INFO  server.RaftServerConfigKeys (ConfUtils.java:logGet(46)) - raft.server.log.statemachine.data.read.timeout = 1000ms (default)
2025-04-23 04:29:39,407 [omNode-3-impl-thread1] INFO  server.RaftServerConfigKeys (ConfUtils.java:logGet(46)) - raft.server.log.purge.preservation.log.num = 0 (default)
2025-04-23 04:29:39,408 [omNode-3-impl-thread1] INFO  server.RaftServerConfigKeys (ConfUtils.java:logGet(46)) - raft.server.log.segment.size.max = 4194304 (custom)
2025-04-23 04:29:39,408 [omNode-3-impl-thread1] INFO  server.RaftServerConfigKeys (ConfUtils.java:logGet(46)) - raft.server.log.segment.cache.num.max = 2 (custom)
2025-04-23 04:29:39,408 [omNode-3-impl-thread1] INFO  server.RaftServerConfigKeys (ConfUtils.java:logGet(46)) - raft.server.log.segment.cache.size.max = 200MB (=209715200) (default)
2025-04-23 04:29:39,408 [omNode-3-impl-thread1] INFO  server.RaftServerConfigKeys (ConfUtils.java:logGet(46)) - raft.server.log.appender.buffer.byte-limit = 4194304 (custom)
2025-04-23 04:29:39,408 [omNode-3-impl-thread1] INFO  util.AwaitToRun (AwaitToRun.java:start(81)) - Thread[#10355,omNode-3@group-523986131536-cacheEviction-AwaitToRun,5,main] started
2025-04-23 04:29:39,408 [omNode-3-impl-thread1] INFO  segmented.SegmentedRaftLogWorker (SegmentedRaftLogWorker.java:<init>(188)) - new omNode-3@group-523986131536-SegmentedRaftLogWorker for RaftStorageImpl:Storage Directory /home/runner/work/ozone/ozone/hadoop-ozone/integration-test/target/test-dir/MiniOzoneClusterImpl-e6c14afe-f26c-49b2-91d5-3d25694ec971/omNode-3/ratis/c9bc4cf4-3bc3-3c60-a66b-523986131536
2025-04-23 04:29:39,408 [omNode-3-impl-thread1] INFO  server.RaftServerConfigKeys (ConfUtils.java:logGet(46)) - raft.server.log.queue.byte-limit = 64MB (=67108864) (default)
2025-04-23 04:29:39,408 [omNode-3-impl-thread1] INFO  server.RaftServerConfigKeys (ConfUtils.java:logGet(46)) - raft.server.log.queue.element-limit = 4096 (default)
2025-04-23 04:29:39,408 [omNode-3-impl-thread1] INFO  server.RaftServerConfigKeys (ConfUtils.java:logGet(46)) - raft.server.log.segment.size.max = 4194304 (custom)
2025-04-23 04:29:39,408 [omNode-3-impl-thread1] INFO  server.RaftServerConfigKeys (ConfUtils.java:logGet(46)) - raft.server.log.preallocated.size = 4194304 (custom)
2025-04-23 04:29:39,408 [omNode-3-impl-thread1] INFO  server.RaftServerConfigKeys (ConfUtils.java:logGet(46)) - raft.server.log.force.sync.num = 128 (default)
2025-04-23 04:29:39,408 [omNode-3-impl-thread1] INFO  server.RaftServerConfigKeys (ConfUtils.java:logGet(46)) - raft.server.log.statemachine.data.sync = true (default)
2025-04-23 04:29:39,408 [omNode-3-impl-thread1] INFO  server.RaftServerConfigKeys (ConfUtils.java:logGet(46)) - raft.server.log.statemachine.data.sync.timeout = 10s (default)
2025-04-23 04:29:39,409 [omNode-3-impl-thread1] INFO  server.RaftServerConfigKeys (ConfUtils.java:logGet(46)) - raft.server.log.statemachine.data.sync.timeout.retry = -1 (default)
2025-04-23 04:29:39,409 [omNode-3-impl-thread1] INFO  server.RaftServerConfigKeys (ConfUtils.java:logGet(46)) - raft.server.log.write.buffer.size = 4194312 (custom)
2025-04-23 04:29:39,409 [omNode-3-impl-thread1] INFO  server.RaftServerConfigKeys (ConfUtils.java:logGet(46)) - raft.server.log.appender.buffer.byte-limit = 4194304 (custom)
2025-04-23 04:29:39,409 [omNode-3-impl-thread1] INFO  server.RaftServerConfigKeys (ConfUtils.java:logGet(46)) - raft.server.log.unsafe-flush.enabled = false (default)
2025-04-23 04:29:39,409 [omNode-3-impl-thread1] INFO  server.RaftServerConfigKeys (ConfUtils.java:logGet(46)) - raft.server.log.async-flush.enabled = false (default)
2025-04-23 04:29:39,409 [omNode-3-impl-thread1] INFO  server.RaftServerConfigKeys (ConfUtils.java:logGet(46)) - raft.server.log.statemachine.data.caching.enabled = false (default)
2025-04-23 04:29:39,410 [omNode-3-impl-thread1] INFO  server.RaftServer$Division (ServerState.java:setRaftConf(386)) - omNode-3@group-523986131536: set configuration conf: {index: 0, cur=peers:[omNode-3|localhost:15059, omNode-1|localhost:15051, omNode-2|localhost:15055]|listeners:[], old=null}
2025-04-23 04:29:39,410 [omNode-3-impl-thread1] INFO  segmented.LogSegment (LogSegment.java:loadSegment(171)) - Successfully read 45 entries from segment file /home/runner/work/ozone/ozone/hadoop-ozone/integration-test/target/test-dir/MiniOzoneClusterImpl-e6c14afe-f26c-49b2-91d5-3d25694ec971/omNode-3/ratis/c9bc4cf4-3bc3-3c60-a66b-523986131536/current/log_inprogress_0
2025-04-23 04:29:39,410 [omNode-3-impl-thread1] INFO  segmented.SegmentedRaftLogWorker (SegmentedRaftLogWorker.java:lambda$new$0(139)) - omNode-3@group-523986131536-SegmentedRaftLogWorker: flushIndex: setUnconditionally 0 -> 44
2025-04-23 04:29:39,410 [omNode-3-impl-thread1] INFO  segmented.SegmentedRaftLogWorker (SegmentedRaftLogWorker.java:lambda$new$0(139)) - omNode-3@group-523986131536-SegmentedRaftLogWorker: safeCacheEvictIndex: setUnconditionally 0 -> -1
2025-04-23 04:29:39,410 [omNode-3-impl-thread1] INFO  segmented.BufferedWriteChannel (BufferedWriteChannel.java:open(61)) - open log_inprogress_0 (append) at position 12774
2025-04-23 04:29:39,411 [omNode-3-impl-thread1] INFO  server.RaftServer$Division (RaftServerImpl.java:start(391)) - omNode-3@group-523986131536: start as a follower, conf=conf: {index: 0, cur=peers:[omNode-3|localhost:15059, omNode-1|localhost:15051, omNode-2|localhost:15055]|listeners:[], old=null}
2025-04-23 04:29:39,411 [omNode-3-impl-thread1] INFO  server.RaftServer$Division (RaftServerImpl.java:setRole(378)) - omNode-3@group-523986131536: changes role from      null to FOLLOWER at term 1 for startAsFollower
2025-04-23 04:29:39,411 [omNode-3-impl-thread1] INFO  impl.RoleInfo (RoleInfo.java:updateAndGet(148)) - omNode-3: start omNode-3@group-523986131536-FollowerState
2025-04-23 04:29:39,411 [omNode-3-impl-thread1] INFO  util.JmxRegister (JmxRegister.java:tryRegister(44)) - Successfully registered JMX Bean with object name Ratis:service=RaftServer,group=group-523986131536,id=omNode-3
2025-04-23 04:29:39,411 [omNode-3-impl-thread1] INFO  util.JmxRegister (JmxRegister.java:register(58)) - register mxBean class org.apache.ratis.server.impl.RaftServerJmxAdapter as Ratis:service=RaftServer,group=group-523986131536,id=omNode-3
2025-04-23 04:29:39,411 [omNode-3-impl-thread1] INFO  server.RaftServerConfigKeys (ConfUtils.java:logGet(46)) - raft.server.snapshot.trigger-when-stop.enabled = true (default)
2025-04-23 04:29:39,411 [omNode-3-impl-thread1] INFO  server.RaftServerConfigKeys (ConfUtils.java:logGet(46)) - raft.server.snapshot.trigger-when-remove.enabled = true (default)
2025-04-23 04:29:39,412 [omNode-3-impl-thread1] INFO  server.RaftServerConfigKeys (ConfUtils.java:logGet(46)) - raft.server.snapshot.auto.trigger.enabled = true (custom)
2025-04-23 04:29:39,412 [omNode-3-impl-thread1] INFO  server.RaftServerConfigKeys (ConfUtils.java:logGet(46)) - raft.server.snapshot.auto.trigger.threshold = 50 (custom)
2025-04-23 04:29:39,412 [omNode-3-impl-thread1] INFO  server.RaftServerConfigKeys (ConfUtils.java:logGet(46)) - raft.server.snapshot.retention.file.num = -1 (default)
2025-04-23 04:29:39,412 [omNode-3-impl-thread1] INFO  server.RaftServerConfigKeys (ConfUtils.java:logGet(46)) - raft.server.log.purge.upto.snapshot.index = true (custom)
2025-04-23 04:29:39,411 [omNode-3@group-523986131536-FollowerState] INFO  server.RaftServerConfigKeys (ConfUtils.java:logFallback(53)) - raft.server.rpc.first-election.timeout.min = 1s (fallback to raft.server.rpc.timeout.min)
2025-04-23 04:29:39,412 [omNode-3@group-523986131536-FollowerState] INFO  server.RaftServerConfigKeys (ConfUtils.java:logFallback(53)) - raft.server.rpc.first-election.timeout.max = 1200ms (fallback to raft.server.rpc.timeout.max)
2025-04-23 04:29:39,412 [omNode-3-impl-thread1] INFO  server.RaftServer$Division (RaftServerImpl.java:start(405)) - omNode-3@group-523986131536: Successfully started.
2025-04-23 04:29:39,413 [main] INFO  server.RaftServer (RaftServerProxy.java:startImpl(407)) - omNode-3: start RPC server
2025-04-23 04:29:39,414 [main] INFO  server.GrpcService (GrpcService.java:startImpl(334)) - omNode-3: GrpcService started, listening on 15059
2025-04-23 04:29:39,414 [main] INFO  om.OzoneManager (OzoneManager.java:getRpcServer(1360)) - Creating RPC Server
2025-04-23 04:29:39,416 [JvmPauseMonitor49] INFO  util.JvmPauseMonitor (JvmPauseMonitor.java:run(146)) - JvmPauseMonitor-omNode-3: Started
2025-04-23 04:29:39,854 [main] INFO  reflections.Reflections (Reflections.java:scan(219)) - Reflections took 439 ms to scan 22 urls, producing 61 keys and 7422 values
2025-04-23 04:29:39,855 [main] INFO  ipc.CallQueueManager (CallQueueManager.java:<init>(93)) - Using callQueue: class java.util.concurrent.LinkedBlockingQueue, queueCapacity: 2000, scheduler: class org.apache.hadoop.ipc.DefaultRpcScheduler, ipcBackoff: false, ipcFailOver: false.
2025-04-23 04:29:39,855 [main] INFO  ipc.Server (Server.java:<init>(1438)) - Listener at localhost:15056
2025-04-23 04:29:39,856 [Socket Reader #1 for port 15056] INFO  ipc.Server (Server.java:run(1474)) - Starting Socket Reader #1 for port 15056
2025-04-23 04:29:39,856 [Socket Reader #2 for port 15056] INFO  ipc.Server (Server.java:run(1474)) - Starting Socket Reader #2 for port 15056
2025-04-23 04:29:39,856 [Socket Reader #3 for port 15056] INFO  ipc.Server (Server.java:run(1474)) - Starting Socket Reader #3 for port 15056
2025-04-23 04:29:39,856 [Socket Reader #4 for port 15056] INFO  ipc.Server (Server.java:run(1474)) - Starting Socket Reader #4 for port 15056
2025-04-23 04:29:39,856 [Socket Reader #5 for port 15056] INFO  ipc.Server (Server.java:run(1474)) - Starting Socket Reader #5 for port 15056
2025-04-23 04:29:39,857 [Socket Reader #6 for port 15056] INFO  ipc.Server (Server.java:run(1474)) - Starting Socket Reader #6 for port 15056
2025-04-23 04:29:39,857 [Socket Reader #7 for port 15056] INFO  ipc.Server (Server.java:run(1474)) - Starting Socket Reader #7 for port 15056
2025-04-23 04:29:39,857 [Socket Reader #8 for port 15056] INFO  ipc.Server (Server.java:run(1474)) - Starting Socket Reader #8 for port 15056
2025-04-23 04:29:39,857 [Socket Reader #9 for port 15056] INFO  ipc.Server (Server.java:run(1474)) - Starting Socket Reader #9 for port 15056
2025-04-23 04:29:39,857 [Socket Reader #10 for port 15056] INFO  ipc.Server (Server.java:run(1474)) - Starting Socket Reader #10 for port 15056
2025-04-23 04:29:39,859 [main] INFO  http.BaseHttpServer (BaseHttpServer.java:newHttpServer2BuilderForOzone(229)) - Starting Web-server for ozoneManager at: http://0.0.0.0:15057
2025-04-23 04:29:39,859 [main] INFO  http.BaseHttpServer (BaseHttpServer.java:<init>(107)) - Hadoop Security Enabled: false Ozone Security Enabled: false Ozone HTTP Security Enabled: false 
2025-04-23 04:29:39,860 [main] WARN  server.AuthenticationFilter (AuthenticationFilter.java:constructSecretProvider(240)) - Unable to initialize FileSignerSecretProvider, falling back to use random secrets. Reason: Could not read signature secret file: /home/runner/hadoop-http-auth-signature-secret
2025-04-23 04:29:39,861 [main] INFO  http.HttpServer2 (HttpServer2.java:addGlobalFilter(1041)) - Added global filter 'safety' (class=org.apache.hadoop.hdds.server.http.HttpServer2$QuotingInputFilter)
2025-04-23 04:29:39,861 [main] INFO  http.HttpServer2 (HttpServer2.java:addFilter(1017)) - Added filter static_user_filter (class=org.apache.hadoop.http.lib.StaticUserWebFilter$StaticUserFilter) to context ozoneManager
2025-04-23 04:29:39,861 [main] INFO  http.HttpServer2 (HttpServer2.java:addFilter(1025)) - Added filter static_user_filter (class=org.apache.hadoop.http.lib.StaticUserWebFilter$StaticUserFilter) to context static
2025-04-23 04:29:39,862 [main] INFO  http.HttpServer2 (HttpServer2.java:addFilter(1025)) - Added filter static_user_filter (class=org.apache.hadoop.http.lib.StaticUserWebFilter$StaticUserFilter) to context logs
2025-04-23 04:29:39,862 [main] INFO  http.BaseHttpServer (BaseHttpServer.java:<init>(195)) - HTTP server of ozoneManager uses base directory /home/runner/work/ozone/ozone/hadoop-ozone/integration-test/target/test-dir/MiniOzoneClusterImpl-e6c14afe-f26c-49b2-91d5-3d25694ec971/omNode-3/webserver
2025-04-23 04:29:39,862 [main] INFO  http.HttpServer2 (HttpServer2.java:bindListener(1241)) - Jetty bound to port 15057
2025-04-23 04:29:39,862 [main] INFO  server.Server (Server.java:doStart(375)) - jetty-9.4.57.v20241219; built: 2025-01-08T21:24:30.412Z; git: df524e6b29271c2e09ba9aea83c18dc9db464a31; jvm 21.0.7+6-LTS
2025-04-23 04:29:39,864 [main] INFO  server.session (DefaultSessionIdManager.java:doStart(334)) - DefaultSessionIdManager workerName=node0
2025-04-23 04:29:39,864 [main] INFO  server.session (DefaultSessionIdManager.java:doStart(339)) - No SessionScavenger set, using defaults
2025-04-23 04:29:39,864 [main] INFO  server.session (HouseKeeper.java:startScavenging(132)) - node0 Scavenging every 660000ms
2025-04-23 04:29:39,865 [main] INFO  handler.ContextHandler (ContextHandler.java:doStart(921)) - Started o.e.j.s.ServletContextHandler@13f924c7{logs,/logs,file:///home/runner/work/ozone/ozone/hadoop-ozone/integration-test/target/log,AVAILABLE}
2025-04-23 04:29:39,865 [main] INFO  handler.ContextHandler (ContextHandler.java:doStart(921)) - Started o.e.j.s.ServletContextHandler@6ac167f6{static,/static,file:///home/runner/work/ozone/ozone/hadoop-ozone/integration-test/target/test-classes/webapps/static,AVAILABLE}
2025-04-23 04:29:39,868 [main] INFO  handler.ContextHandler (ContextHandler.java:doStart(921)) - Started o.e.j.w.WebAppContext@533c32ce{ozoneManager,/,file:///home/runner/work/ozone/ozone/hadoop-ozone/integration-test/target/test-classes/webapps/ozoneManager/,AVAILABLE}{file:/home/runner/work/ozone/ozone/hadoop-ozone/integration-test/target/test-classes/webapps/ozoneManager}
2025-04-23 04:29:39,869 [main] INFO  server.AbstractConnector (AbstractConnector.java:doStart(333)) - Started ServerConnector@621c5ce7{HTTP/1.1, (http/1.1)}{0.0.0.0:15057}
2025-04-23 04:29:39,869 [main] INFO  server.Server (Server.java:doStart(415)) - Started @183287ms
2025-04-23 04:29:39,869 [main] WARN  impl.MetricsSystemImpl (MetricsSystemImpl.java:register(279)) - Sink prometheus already exists!
2025-04-23 04:29:39,869 [main] INFO  http.BaseHttpServer (BaseHttpServer.java:updateConnectorAddress(360)) - HTTP server of ozoneManager listening at http://0.0.0.0:15057
2025-04-23 04:29:39,870 [IPC Server listener on 15056] INFO  ipc.Server (Server.java:run(1553)) - IPC Server listener on 15056: starting
2025-04-23 04:29:39,870 [IPC Server Responder] INFO  ipc.Server (Server.java:run(1713)) - IPC Server Responder: starting
2025-04-23 04:29:39,872 [main] INFO  om.OzoneManager (OzoneManager.java:startTrashEmptier(2257)) - Trash Interval set to 0. Files deleted won't move to trash
2025-04-23 04:29:40,521 [omNode-3@group-523986131536-FollowerState] INFO  impl.FollowerState (FollowerState.java:runImpl(161)) - omNode-3@group-523986131536-FollowerState: change to CANDIDATE, lastRpcElapsedTime:1110799917ns, electionTimeout:1109ms
2025-04-23 04:29:40,522 [omNode-3@group-523986131536-FollowerState] INFO  impl.RoleInfo (RoleInfo.java:shutdownFollowerState(121)) - omNode-3: shutdown omNode-3@group-523986131536-FollowerState
2025-04-23 04:29:40,522 [omNode-3@group-523986131536-FollowerState] INFO  server.RaftServer$Division (RaftServerImpl.java:setRole(378)) - omNode-3@group-523986131536: changes role from  FOLLOWER to CANDIDATE at term 1 for changeToCandidate
2025-04-23 04:29:40,522 [omNode-3@group-523986131536-FollowerState] INFO  server.RaftServerConfigKeys (ConfUtils.java:logGet(46)) - raft.server.leaderelection.pre-vote = true (default)
2025-04-23 04:29:40,522 [omNode-3@group-523986131536-FollowerState] INFO  impl.RoleInfo (RoleInfo.java:updateAndGet(148)) - omNode-3: start omNode-3@group-523986131536-LeaderElection44
2025-04-23 04:29:40,522 [omNode-3@group-523986131536-LeaderElection44] INFO  impl.LeaderElection (LeaderElection.java:askForVotes(332)) - omNode-3@group-523986131536-LeaderElection44 PRE_VOTE round 0: submit vote requests at term 1 for conf: {index: 0, cur=peers:[omNode-3|localhost:15059, omNode-1|localhost:15051, omNode-2|localhost:15055]|listeners:[], old=null}
2025-04-23 04:29:40,522 [omNode-3@group-523986131536-LeaderElection44-1] INFO  server.GrpcServerProtocolClient (GrpcServerProtocolClient.java:<init>(65)) - Build channel for omNode-1|localhost:15051
2025-04-23 04:29:40,523 [omNode-3@group-523986131536-LeaderElection44-2] INFO  server.GrpcServerProtocolClient (GrpcServerProtocolClient.java:<init>(65)) - Build channel for omNode-2|localhost:15055
2025-04-23 04:29:40,522 [omNode-3@group-523986131536-LeaderElection44] INFO  server.RaftServerConfigKeys (ConfUtils.java:logFallback(53)) - raft.server.rpc.first-election.timeout.min = 1s (fallback to raft.server.rpc.timeout.min)
2025-04-23 04:29:40,523 [omNode-3@group-523986131536-LeaderElection44] INFO  server.RaftServerConfigKeys (ConfUtils.java:logFallback(53)) - raft.server.rpc.first-election.timeout.max = 1200ms (fallback to raft.server.rpc.timeout.max)
2025-04-23 04:29:40,526 [grpc-default-executor-0] INFO  server.RaftServer$Division (RaftServerImpl.java:requestVote(1407)) - omNode-2@group-523986131536: receive requestVote(PRE_VOTE, omNode-3, group-523986131536, 1, (t:1, i:44))
2025-04-23 04:29:40,526 [grpc-default-executor-0] INFO  impl.VoteContext (VoteContext.java:log(49)) - omNode-2@group-523986131536-FOLLOWER: reject PRE_VOTE from omNode-3: this server is a follower and still has a valid leader omNode-1 different than the candidate omNode-3
2025-04-23 04:29:40,526 [grpc-default-executor-0] INFO  server.RaftServer$Division (RaftServerImpl.java:requestVote(1441)) - omNode-2@group-523986131536 replies to PRE_VOTE vote request: omNode-3<-omNode-2#0:FAIL-t1. Peer's state: omNode-2@group-523986131536:t1, leader=omNode-1, voted=omNode-1, raftlog=Memoized:omNode-2@group-523986131536-SegmentedRaftLog:OPENED:c544:last(t:1, i:544), conf=conf: {index: 0, cur=peers:[omNode-3|localhost:15059, omNode-1|localhost:15051, omNode-2|localhost:15055]|listeners:[], old=null}
2025-04-23 04:29:40,526 [grpc-default-executor-4] INFO  server.RaftServer$Division (RaftServerImpl.java:requestVote(1407)) - omNode-1@group-523986131536: receive requestVote(PRE_VOTE, omNode-3, group-523986131536, 1, (t:1, i:44))
2025-04-23 04:29:40,527 [grpc-default-executor-4] INFO  impl.VoteContext (VoteContext.java:log(49)) - omNode-1@group-523986131536-LEADER: reject PRE_VOTE from omNode-3: this server is the leader and still has leadership
2025-04-23 04:29:40,527 [grpc-default-executor-4] INFO  server.RaftServer$Division (RaftServerImpl.java:requestVote(1441)) - omNode-1@group-523986131536 replies to PRE_VOTE vote request: omNode-3<-omNode-1#0:FAIL-t1. Peer's state: omNode-1@group-523986131536:t1, leader=omNode-1, voted=omNode-1, raftlog=Memoized:omNode-1@group-523986131536-SegmentedRaftLog:OPENED:c544:last(t:1, i:544), conf=conf: {index: 0, cur=peers:[omNode-3|localhost:15059, omNode-1|localhost:15051, omNode-2|localhost:15055]|listeners:[], old=null}
2025-04-23 04:29:40,527 [omNode-3@group-523986131536-LeaderElection44] INFO  impl.LeaderElection (LeaderElection.java:logAndReturn(90)) - omNode-3@group-523986131536-LeaderElection44: PRE_VOTE REJECTED received 2 response(s) and 0 exception(s):
2025-04-23 04:29:40,527 [omNode-3@group-523986131536-LeaderElection44] INFO  impl.LeaderElection (LeaderElection.java:logAndReturn(94)) -   Response 0: omNode-3<-omNode-1#0:FAIL-t1
2025-04-23 04:29:40,527 [omNode-3@group-523986131536-LeaderElection44] INFO  impl.LeaderElection (LeaderElection.java:logAndReturn(94)) -   Response 1: omNode-3<-omNode-2#0:FAIL-t1
2025-04-23 04:29:40,527 [omNode-3@group-523986131536-LeaderElection44] INFO  impl.LeaderElection (LeaderElection.java:askForVotes(334)) - omNode-3@group-523986131536-LeaderElection44 PRE_VOTE round 0: result REJECTED
2025-04-23 04:29:40,528 [omNode-3@group-523986131536-LeaderElection44] INFO  server.RaftServer$Division (RaftServerImpl.java:setRole(378)) - omNode-3@group-523986131536: changes role from CANDIDATE to FOLLOWER at term 1 for REJECTED
2025-04-23 04:29:40,528 [omNode-3@group-523986131536-LeaderElection44] INFO  impl.RoleInfo (RoleInfo.java:shutdownLeaderElection(141)) - omNode-3: shutdown omNode-3@group-523986131536-LeaderElection44
2025-04-23 04:29:40,528 [omNode-3@group-523986131536-LeaderElection44] INFO  impl.RoleInfo (RoleInfo.java:updateAndGet(148)) - omNode-3: start omNode-3@group-523986131536-FollowerState
2025-04-23 04:29:40,528 [omNode-3@group-523986131536-FollowerState] INFO  server.RaftServerConfigKeys (ConfUtils.java:logFallback(53)) - raft.server.rpc.first-election.timeout.min = 1s (fallback to raft.server.rpc.timeout.min)
2025-04-23 04:29:40,528 [omNode-3@group-523986131536-FollowerState] INFO  server.RaftServerConfigKeys (ConfUtils.java:logFallback(53)) - raft.server.rpc.first-election.timeout.max = 1200ms (fallback to raft.server.rpc.timeout.max)
2025-04-23 04:29:40,528 [omNode-3@group-523986131536-LeaderElection44] INFO  server.RaftServer$Division (RaftServerImpl.java:setFirstElection(562)) - omNode-3@group-523986131536: set firstElectionSinceStartup to false for REJECTED
2025-04-23 04:29:40,960 [timer1] WARN  server.GrpcLogAppender (LogUtils.java:warn(121)) - omNode-1@group-523986131536->omNode-3-AppendLogResponseHandler: Failed appendEntries (Repeated 1018 times in the last 5.001s): org.apache.ratis.thirdparty.io.grpc.StatusRuntimeException: UNAVAILABLE: io exception
2025-04-23 04:29:40,960 [timer2] WARN  server.GrpcLogAppender (GrpcLogAppender.java:lambda$resetClient$1(221)) - omNode-1@group-523986131536->omNode-3-GrpcLogAppender: Follower failed (request=null, errorCount=8); keep nextIndex (45) unchanged and retry. (Repeated 8 times in the last 5.001s)
2025-04-23 04:29:41,728 [omNode-3@group-523986131536-FollowerState] INFO  impl.FollowerState (FollowerState.java:runImpl(161)) - omNode-3@group-523986131536-FollowerState: change to CANDIDATE, lastRpcElapsedTime:1200853685ns, electionTimeout:1200ms
2025-04-23 04:29:41,729 [omNode-3@group-523986131536-FollowerState] INFO  impl.RoleInfo (RoleInfo.java:shutdownFollowerState(121)) - omNode-3: shutdown omNode-3@group-523986131536-FollowerState
2025-04-23 04:29:41,729 [omNode-3@group-523986131536-FollowerState] INFO  server.RaftServer$Division (RaftServerImpl.java:setRole(378)) - omNode-3@group-523986131536: changes role from  FOLLOWER to CANDIDATE at term 1 for changeToCandidate
2025-04-23 04:29:41,729 [omNode-3@group-523986131536-FollowerState] INFO  server.RaftServerConfigKeys (ConfUtils.java:logGet(46)) - raft.server.leaderelection.pre-vote = true (default)
2025-04-23 04:29:41,729 [omNode-3@group-523986131536-FollowerState] INFO  impl.RoleInfo (RoleInfo.java:updateAndGet(148)) - omNode-3: start omNode-3@group-523986131536-LeaderElection45
2025-04-23 04:29:41,729 [omNode-3@group-523986131536-LeaderElection45] INFO  impl.LeaderElection (LeaderElection.java:askForVotes(332)) - omNode-3@group-523986131536-LeaderElection45 PRE_VOTE round 0: submit vote requests at term 1 for conf: {index: 0, cur=peers:[omNode-3|localhost:15059, omNode-1|localhost:15051, omNode-2|localhost:15055]|listeners:[], old=null}
2025-04-23 04:29:41,730 [grpc-default-executor-0] INFO  server.RaftServer$Division (RaftServerImpl.java:requestVote(1407)) - omNode-2@group-523986131536: receive requestVote(PRE_VOTE, omNode-3, group-523986131536, 1, (t:1, i:44))
2025-04-23 04:29:41,730 [grpc-default-executor-4] INFO  server.RaftServer$Division (RaftServerImpl.java:requestVote(1407)) - omNode-1@group-523986131536: receive requestVote(PRE_VOTE, omNode-3, group-523986131536, 1, (t:1, i:44))
2025-04-23 04:29:41,730 [grpc-default-executor-0] INFO  impl.VoteContext (VoteContext.java:log(49)) - omNode-2@group-523986131536-FOLLOWER: reject PRE_VOTE from omNode-3: this server is a follower and still has a valid leader omNode-1 different than the candidate omNode-3
2025-04-23 04:29:41,731 [grpc-default-executor-4] INFO  impl.VoteContext (VoteContext.java:log(49)) - omNode-1@group-523986131536-LEADER: reject PRE_VOTE from omNode-3: this server is the leader and still has leadership
2025-04-23 04:29:41,731 [grpc-default-executor-0] INFO  server.RaftServer$Division (RaftServerImpl.java:requestVote(1441)) - omNode-2@group-523986131536 replies to PRE_VOTE vote request: omNode-3<-omNode-2#0:FAIL-t1. Peer's state: omNode-2@group-523986131536:t1, leader=omNode-1, voted=omNode-1, raftlog=Memoized:omNode-2@group-523986131536-SegmentedRaftLog:OPENED:c544:last(t:1, i:544), conf=conf: {index: 0, cur=peers:[omNode-3|localhost:15059, omNode-1|localhost:15051, omNode-2|localhost:15055]|listeners:[], old=null}
2025-04-23 04:29:41,731 [grpc-default-executor-4] INFO  server.RaftServer$Division (RaftServerImpl.java:requestVote(1441)) - omNode-1@group-523986131536 replies to PRE_VOTE vote request: omNode-3<-omNode-1#0:FAIL-t1. Peer's state: omNode-1@group-523986131536:t1, leader=omNode-1, voted=omNode-1, raftlog=Memoized:omNode-1@group-523986131536-SegmentedRaftLog:OPENED:c544:last(t:1, i:544), conf=conf: {index: 0, cur=peers:[omNode-3|localhost:15059, omNode-1|localhost:15051, omNode-2|localhost:15055]|listeners:[], old=null}
2025-04-23 04:29:41,731 [omNode-3@group-523986131536-LeaderElection45] INFO  impl.LeaderElection (LeaderElection.java:logAndReturn(90)) - omNode-3@group-523986131536-LeaderElection45: PRE_VOTE REJECTED received 2 response(s) and 0 exception(s):
2025-04-23 04:29:41,731 [omNode-3@group-523986131536-LeaderElection45] INFO  impl.LeaderElection (LeaderElection.java:logAndReturn(94)) -   Response 0: omNode-3<-omNode-1#0:FAIL-t1
2025-04-23 04:29:41,731 [omNode-3@group-523986131536-LeaderElection45] INFO  impl.LeaderElection (LeaderElection.java:logAndReturn(94)) -   Response 1: omNode-3<-omNode-2#0:FAIL-t1
2025-04-23 04:29:41,731 [omNode-3@group-523986131536-LeaderElection45] INFO  impl.LeaderElection (LeaderElection.java:askForVotes(334)) - omNode-3@group-523986131536-LeaderElection45 PRE_VOTE round 0: result REJECTED
2025-04-23 04:29:41,731 [omNode-3@group-523986131536-LeaderElection45] INFO  server.RaftServer$Division (RaftServerImpl.java:setRole(378)) - omNode-3@group-523986131536: changes role from CANDIDATE to FOLLOWER at term 1 for REJECTED
2025-04-23 04:29:41,731 [omNode-3@group-523986131536-LeaderElection45] INFO  impl.RoleInfo (RoleInfo.java:shutdownLeaderElection(141)) - omNode-3: shutdown omNode-3@group-523986131536-LeaderElection45
2025-04-23 04:29:41,732 [omNode-3@group-523986131536-LeaderElection45] INFO  impl.RoleInfo (RoleInfo.java:updateAndGet(148)) - omNode-3: start omNode-3@group-523986131536-FollowerState
2025-04-23 04:29:41,968 [timer1] WARN  server.GrpcLogAppender (GrpcLogAppender.java:lambda$resetClient$1(221)) - omNode-1@group-523986131536->omNode-3-GrpcLogAppender: Follower failed (request=null, errorCount=10); keep nextIndex (46) unchanged and retry. (Repeated 2 times in the last 5.000s)
2025-04-23 04:29:41,970 [timer2] WARN  server.GrpcLogAppender (GrpcLogAppender.java:lambda$resetClient$1(221)) - omNode-1@group-523986131536->omNode-3-GrpcLogAppender: Follower failed (request=null, errorCount=12); keep nextIndex (47) unchanged and retry. (Repeated 2 times in the last 5.000s)
2025-04-23 04:29:41,979 [timer0] WARN  server.GrpcLogAppender (GrpcLogAppender.java:lambda$resetClient$1(221)) - omNode-1@group-523986131536->omNode-3-GrpcLogAppender: Follower failed (request=null, errorCount=14); keep nextIndex (48) unchanged and retry. (Repeated 2 times in the last 5.000s)
2025-04-23 04:29:41,982 [timer3] WARN  server.GrpcLogAppender (GrpcLogAppender.java:lambda$resetClient$1(221)) - omNode-1@group-523986131536->omNode-3-GrpcLogAppender: Follower failed (request=null, errorCount=16); keep nextIndex (49) unchanged and retry. (Repeated 2 times in the last 5.000s)
2025-04-23 04:29:41,987 [timer6] WARN  server.GrpcLogAppender (GrpcLogAppender.java:lambda$resetClient$1(221)) - omNode-1@group-523986131536->omNode-3-GrpcLogAppender: Follower failed (request=null, errorCount=18); keep nextIndex (50) unchanged and retry. (Repeated 2 times in the last 5.001s)
2025-04-23 04:29:41,987 [timer7] WARN  server.GrpcLogAppender (GrpcLogAppender.java:lambda$resetClient$1(221)) - omNode-1@group-523986131536->omNode-3-GrpcLogAppender: Follower failed (request=null, errorCount=20); keep nextIndex (51) unchanged and retry. (Repeated 2 times in the last 5.000s)
2025-04-23 04:29:42,000 [timer3] WARN  server.GrpcLogAppender (GrpcLogAppender.java:lambda$resetClient$1(221)) - omNode-1@group-523986131536->omNode-3-GrpcLogAppender: Follower failed (request=null, errorCount=22); keep nextIndex (52) unchanged and retry. (Repeated 2 times in the last 5.000s)
2025-04-23 04:29:42,002 [timer5] WARN  server.GrpcLogAppender (GrpcLogAppender.java:lambda$resetClient$1(221)) - omNode-1@group-523986131536->omNode-3-GrpcLogAppender: Follower failed (request=null, errorCount=24); keep nextIndex (53) unchanged and retry. (Repeated 2 times in the last 5.001s)
2025-04-23 04:29:42,007 [timer1] WARN  server.GrpcLogAppender (GrpcLogAppender.java:lambda$resetClient$1(221)) - omNode-1@group-523986131536->omNode-3-GrpcLogAppender: Follower failed (request=null, errorCount=26); keep nextIndex (54) unchanged and retry. (Repeated 2 times in the last 5.001s)
2025-04-23 04:29:42,008 [timer4] WARN  server.GrpcLogAppender (GrpcLogAppender.java:lambda$resetClient$1(221)) - omNode-1@group-523986131536->omNode-3-GrpcLogAppender: Follower failed (request=null, errorCount=28); keep nextIndex (55) unchanged and retry. (Repeated 2 times in the last 5.000s)
2025-04-23 04:29:42,034 [timer1] WARN  server.GrpcLogAppender (GrpcLogAppender.java:lambda$resetClient$1(221)) - omNode-1@group-523986131536->omNode-3-GrpcLogAppender: Follower failed (request=null, errorCount=30); keep nextIndex (56) unchanged and retry. (Repeated 2 times in the last 5.000s)
2025-04-23 04:29:42,036 [timer4] WARN  server.GrpcLogAppender (GrpcLogAppender.java:lambda$resetClient$1(221)) - omNode-1@group-523986131536->omNode-3-GrpcLogAppender: Follower failed (request=null, errorCount=32); keep nextIndex (57) unchanged and retry. (Repeated 2 times in the last 5.000s)
2025-04-23 04:29:42,040 [timer7] WARN  server.GrpcLogAppender (GrpcLogAppender.java:lambda$resetClient$1(221)) - omNode-1@group-523986131536->omNode-3-GrpcLogAppender: Follower failed (request=null, errorCount=34); keep nextIndex (58) unchanged and retry. (Repeated 2 times in the last 5.000s)
2025-04-23 04:29:42,042 [timer2] WARN  server.GrpcLogAppender (GrpcLogAppender.java:lambda$resetClient$1(221)) - omNode-1@group-523986131536->omNode-3-GrpcLogAppender: Follower failed (request=null, errorCount=36); keep nextIndex (59) unchanged and retry. (Repeated 2 times in the last 5.000s)
2025-04-23 04:29:42,049 [timer7] WARN  server.GrpcLogAppender (GrpcLogAppender.java:lambda$resetClient$1(221)) - omNode-1@group-523986131536->omNode-3-GrpcLogAppender: Follower failed (request=null, errorCount=38); keep nextIndex (60) unchanged and retry. (Repeated 2 times in the last 5.000s)
2025-04-23 04:29:42,052 [timer2] WARN  server.GrpcLogAppender (GrpcLogAppender.java:lambda$resetClient$1(221)) - omNode-1@group-523986131536->omNode-3-GrpcLogAppender: Follower failed (request=null, errorCount=40); keep nextIndex (61) unchanged and retry. (Repeated 2 times in the last 5.000s)
2025-04-23 04:29:42,055 [timer4] WARN  server.GrpcLogAppender (GrpcLogAppender.java:lambda$resetClient$1(221)) - omNode-1@group-523986131536->omNode-3-GrpcLogAppender: Follower failed (request=null, errorCount=42); keep nextIndex (62) unchanged and retry. (Repeated 2 times in the last 5.000s)
2025-04-23 04:29:42,057 [timer0] WARN  server.GrpcLogAppender (GrpcLogAppender.java:lambda$resetClient$1(221)) - omNode-1@group-523986131536->omNode-3-GrpcLogAppender: Follower failed (request=null, errorCount=44); keep nextIndex (63) unchanged and retry. (Repeated 2 times in the last 5.000s)
2025-04-23 04:29:42,065 [timer5] WARN  server.GrpcLogAppender (GrpcLogAppender.java:lambda$resetClient$1(221)) - omNode-1@group-523986131536->omNode-3-GrpcLogAppender: Follower failed (request=null, errorCount=46); keep nextIndex (64) unchanged and retry. (Repeated 2 times in the last 5.000s)
2025-04-23 04:29:42,066 [timer0] WARN  server.GrpcLogAppender (GrpcLogAppender.java:lambda$resetClient$1(221)) - omNode-1@group-523986131536->omNode-3-GrpcLogAppender: Follower failed (request=null, errorCount=48); keep nextIndex (65) unchanged and retry. (Repeated 2 times in the last 4.999s)
2025-04-23 04:29:42,071 [timer3] WARN  server.GrpcLogAppender (GrpcLogAppender.java:lambda$resetClient$1(221)) - omNode-1@group-523986131536->omNode-3-GrpcLogAppender: Follower failed (request=null, errorCount=50); keep nextIndex (66) unchanged and retry. (Repeated 2 times in the last 5.000s)
2025-04-23 04:29:42,073 [timer6] WARN  server.GrpcLogAppender (GrpcLogAppender.java:lambda$resetClient$1(221)) - omNode-1@group-523986131536->omNode-3-GrpcLogAppender: Follower failed (request=null, errorCount=52); keep nextIndex (67) unchanged and retry. (Repeated 2 times in the last 5.000s)
2025-04-23 04:29:42,080 [timer3] WARN  server.GrpcLogAppender (GrpcLogAppender.java:lambda$resetClient$1(221)) - omNode-1@group-523986131536->omNode-3-GrpcLogAppender: Follower failed (request=null, errorCount=54); keep nextIndex (68) unchanged and retry. (Repeated 2 times in the last 5.000s)
2025-04-23 04:29:42,083 [timer6] WARN  server.GrpcLogAppender (GrpcLogAppender.java:lambda$resetClient$1(221)) - omNode-1@group-523986131536->omNode-3-GrpcLogAppender: Follower failed (request=null, errorCount=56); keep nextIndex (69) unchanged and retry. (Repeated 2 times in the last 5.000s)
2025-04-23 04:29:42,086 [timer1] WARN  server.GrpcLogAppender (GrpcLogAppender.java:lambda$resetClient$1(221)) - omNode-1@group-523986131536->omNode-3-GrpcLogAppender: Follower failed (request=null, errorCount=58); keep nextIndex (70) unchanged and retry. (Repeated 2 times in the last 5.000s)
2025-04-23 04:29:42,088 [timer4] WARN  server.GrpcLogAppender (GrpcLogAppender.java:lambda$resetClient$1(221)) - omNode-1@group-523986131536->omNode-3-GrpcLogAppender: Follower failed (request=null, errorCount=60); keep nextIndex (71) unchanged and retry. (Repeated 2 times in the last 5.000s)
2025-04-23 04:29:42,094 [timer0] WARN  server.GrpcLogAppender (GrpcLogAppender.java:lambda$resetClient$1(221)) - omNode-1@group-523986131536->omNode-3-GrpcLogAppender: Follower failed (request=null, errorCount=62); keep nextIndex (72) unchanged and retry. (Repeated 2 times in the last 5.000s)
2025-04-23 04:29:42,096 [timer4] WARN  server.GrpcLogAppender (GrpcLogAppender.java:lambda$resetClient$1(221)) - omNode-1@group-523986131536->omNode-3-GrpcLogAppender: Follower failed (request=null, errorCount=64); keep nextIndex (73) unchanged and retry. (Repeated 2 times in the last 5.000s)
2025-04-23 04:29:42,101 [timer7] WARN  server.GrpcLogAppender (GrpcLogAppender.java:lambda$resetClient$1(221)) - omNode-1@group-523986131536->omNode-3-GrpcLogAppender: Follower failed (request=null, errorCount=66); keep nextIndex (74) unchanged and retry. (Repeated 2 times in the last 5.000s)
2025-04-23 04:29:42,102 [timer2] WARN  server.GrpcLogAppender (GrpcLogAppender.java:lambda$resetClient$1(221)) - omNode-1@group-523986131536->omNode-3-GrpcLogAppender: Follower failed (request=null, errorCount=68); keep nextIndex (75) unchanged and retry. (Repeated 2 times in the last 5.000s)
2025-04-23 04:29:42,110 [timer7] WARN  server.GrpcLogAppender (GrpcLogAppender.java:lambda$resetClient$1(221)) - omNode-1@group-523986131536->omNode-3-GrpcLogAppender: Follower failed (request=null, errorCount=70); keep nextIndex (76) unchanged and retry. (Repeated 2 times in the last 5.000s)
2025-04-23 04:29:42,111 [timer2] WARN  server.GrpcLogAppender (GrpcLogAppender.java:lambda$resetClient$1(221)) - omNode-1@group-523986131536->omNode-3-GrpcLogAppender: Follower failed (request=null, errorCount=72); keep nextIndex (77) unchanged and retry. (Repeated 2 times in the last 5.000s)
2025-04-23 04:29:42,116 [timer5] WARN  server.GrpcLogAppender (GrpcLogAppender.java:lambda$resetClient$1(221)) - omNode-1@group-523986131536->omNode-3-GrpcLogAppender: Follower failed (request=null, errorCount=74); keep nextIndex (78) unchanged and retry. (Repeated 2 times in the last 5.000s)
2025-04-23 04:29:42,118 [timer7] WARN  server.GrpcLogAppender (GrpcLogAppender.java:lambda$resetClient$1(221)) - omNode-1@group-523986131536->omNode-3-GrpcLogAppender: Follower failed (request=null, errorCount=76); keep nextIndex (79) unchanged and retry. (Repeated 2 times in the last 5.000s)
2025-04-23 04:29:42,126 [timer4] WARN  server.GrpcLogAppender (GrpcLogAppender.java:lambda$resetClient$1(221)) - omNode-1@group-523986131536->omNode-3-GrpcLogAppender: Follower failed (request=null, errorCount=78); keep nextIndex (80) unchanged and retry. (Repeated 2 times in the last 5.001s)
2025-04-23 04:29:42,128 [timer7] WARN  server.GrpcLogAppender (GrpcLogAppender.java:lambda$resetClient$1(221)) - omNode-1@group-523986131536->omNode-3-GrpcLogAppender: Follower failed (request=null, errorCount=80); keep nextIndex (81) unchanged and retry. (Repeated 2 times in the last 5.000s)
2025-04-23 04:29:42,132 [timer2] WARN  server.GrpcLogAppender (GrpcLogAppender.java:lambda$resetClient$1(221)) - omNode-1@group-523986131536->omNode-3-GrpcLogAppender: Follower failed (request=null, errorCount=82); keep nextIndex (82) unchanged and retry. (Repeated 2 times in the last 5.001s)
2025-04-23 04:29:42,134 [timer5] WARN  server.GrpcLogAppender (GrpcLogAppender.java:lambda$resetClient$1(221)) - omNode-1@group-523986131536->omNode-3-GrpcLogAppender: Follower failed (request=null, errorCount=84); keep nextIndex (83) unchanged and retry. (Repeated 2 times in the last 5.000s)
2025-04-23 04:29:42,144 [timer2] WARN  server.GrpcLogAppender (GrpcLogAppender.java:lambda$resetClient$1(221)) - omNode-1@group-523986131536->omNode-3-GrpcLogAppender: Follower failed (request=null, errorCount=86); keep nextIndex (84) unchanged and retry. (Repeated 2 times in the last 5.000s)
2025-04-23 04:29:42,149 [timer5] WARN  server.GrpcLogAppender (GrpcLogAppender.java:lambda$resetClient$1(221)) - omNode-1@group-523986131536->omNode-3-GrpcLogAppender: Follower failed (request=null, errorCount=88); keep nextIndex (85) unchanged and retry. (Repeated 2 times in the last 5.000s)
2025-04-23 04:29:42,151 [timer0] WARN  server.GrpcLogAppender (GrpcLogAppender.java:lambda$resetClient$1(221)) - omNode-1@group-523986131536->omNode-3-GrpcLogAppender: Follower failed (request=null, errorCount=90); keep nextIndex (86) unchanged and retry. (Repeated 2 times in the last 5.001s)
2025-04-23 04:29:42,153 [timer3] WARN  server.GrpcLogAppender (GrpcLogAppender.java:lambda$resetClient$1(221)) - omNode-1@group-523986131536->omNode-3-GrpcLogAppender: Follower failed (request=null, errorCount=92); keep nextIndex (87) unchanged and retry. (Repeated 2 times in the last 5.000s)
2025-04-23 04:29:42,161 [timer0] WARN  server.GrpcLogAppender (GrpcLogAppender.java:lambda$resetClient$1(221)) - omNode-1@group-523986131536->omNode-3-GrpcLogAppender: Follower failed (request=null, errorCount=94); keep nextIndex (88) unchanged and retry. (Repeated 2 times in the last 5.000s)
2025-04-23 04:29:42,163 [timer3] WARN  server.GrpcLogAppender (GrpcLogAppender.java:lambda$resetClient$1(221)) - omNode-1@group-523986131536->omNode-3-GrpcLogAppender: Follower failed (request=null, errorCount=96); keep nextIndex (89) unchanged and retry. (Repeated 2 times in the last 5.001s)
2025-04-23 04:29:42,168 [timer6] WARN  server.GrpcLogAppender (GrpcLogAppender.java:lambda$resetClient$1(221)) - omNode-1@group-523986131536->omNode-3-GrpcLogAppender: Follower failed (request=null, errorCount=98); keep nextIndex (90) unchanged and retry. (Repeated 2 times in the last 5.001s)
2025-04-23 04:29:42,169 [timer0] WARN  server.GrpcLogAppender (GrpcLogAppender.java:lambda$resetClient$1(221)) - omNode-1@group-523986131536->omNode-3-GrpcLogAppender: Follower failed (request=null, errorCount=100); keep nextIndex (91) unchanged and retry. (Repeated 2 times in the last 5.000s)
2025-04-23 04:29:42,177 [timer6] WARN  server.GrpcLogAppender (GrpcLogAppender.java:lambda$resetClient$1(221)) - omNode-1@group-523986131536->omNode-3-GrpcLogAppender: Follower failed (request=null, errorCount=102); keep nextIndex (92) unchanged and retry. (Repeated 2 times in the last 4.999s)
2025-04-23 04:29:42,179 [timer1] WARN  server.GrpcLogAppender (GrpcLogAppender.java:lambda$resetClient$1(221)) - omNode-1@group-523986131536->omNode-3-GrpcLogAppender: Follower failed (request=null, errorCount=104); keep nextIndex (93) unchanged and retry. (Repeated 2 times in the last 5.000s)
2025-04-23 04:29:42,183 [timer3] WARN  server.GrpcLogAppender (GrpcLogAppender.java:lambda$resetClient$1(221)) - omNode-1@group-523986131536->omNode-3-GrpcLogAppender: Follower failed (request=null, errorCount=106); keep nextIndex (94) unchanged and retry. (Repeated 2 times in the last 5.000s)
2025-04-23 04:29:42,188 [timer6] WARN  server.GrpcLogAppender (GrpcLogAppender.java:lambda$resetClient$1(221)) - omNode-1@group-523986131536->omNode-3-GrpcLogAppender: Follower failed (request=null, errorCount=108); keep nextIndex (95) unchanged and retry. (Repeated 2 times in the last 5.000s)
2025-04-23 04:29:42,196 [timer3] WARN  server.GrpcLogAppender (GrpcLogAppender.java:lambda$resetClient$1(221)) - omNode-1@group-523986131536->omNode-3-GrpcLogAppender: Follower failed (request=null, errorCount=110); keep nextIndex (96) unchanged and retry. (Repeated 2 times in the last 4.999s)
2025-04-23 04:29:42,199 [timer7] WARN  server.GrpcLogAppender (GrpcLogAppender.java:lambda$resetClient$1(221)) - omNode-1@group-523986131536->omNode-3-GrpcLogAppender: Follower failed (request=null, errorCount=112); keep nextIndex (97) unchanged and retry. (Repeated 2 times in the last 5.001s)
2025-04-23 04:29:42,206 [timer1] WARN  server.GrpcLogAppender (GrpcLogAppender.java:lambda$resetClient$1(221)) - omNode-1@group-523986131536->omNode-3-GrpcLogAppender: Follower failed (request=null, errorCount=114); keep nextIndex (98) unchanged and retry. (Repeated 2 times in the last 5.001s)
2025-04-23 04:29:42,209 [timer4] WARN  server.GrpcLogAppender (GrpcLogAppender.java:lambda$resetClient$1(221)) - omNode-1@group-523986131536->omNode-3-GrpcLogAppender: Follower failed (request=null, errorCount=118); keep nextIndex (99) unchanged and retry. (Repeated 4 times in the last 5.000s)
2025-04-23 04:29:42,218 [timer2] WARN  server.GrpcLogAppender (GrpcLogAppender.java:lambda$resetClient$1(221)) - omNode-1@group-523986131536->omNode-3-GrpcLogAppender: Follower failed (request=null, errorCount=120); keep nextIndex (100) unchanged and retry. (Repeated 2 times in the last 4.999s)
2025-04-23 04:29:42,222 [timer5] WARN  server.GrpcLogAppender (GrpcLogAppender.java:lambda$resetClient$1(221)) - omNode-1@group-523986131536->omNode-3-GrpcLogAppender: Follower failed (request=null, errorCount=122); keep nextIndex (101) unchanged and retry. (Repeated 2 times in the last 4.999s)
2025-04-23 04:29:42,228 [timer7] WARN  server.GrpcLogAppender (GrpcLogAppender.java:lambda$resetClient$1(221)) - omNode-1@group-523986131536->omNode-3-GrpcLogAppender: Follower failed (request=null, errorCount=124); keep nextIndex (102) unchanged and retry. (Repeated 2 times in the last 5.001s)
2025-04-23 04:29:42,229 [timer3] WARN  server.GrpcLogAppender (GrpcLogAppender.java:lambda$resetClient$1(221)) - omNode-1@group-523986131536->omNode-3-GrpcLogAppender: Follower failed (request=null, errorCount=126); keep nextIndex (103) unchanged and retry. (Repeated 2 times in the last 5.000s)
2025-04-23 04:29:42,239 [timer1] WARN  server.GrpcLogAppender (GrpcLogAppender.java:lambda$resetClient$1(221)) - omNode-1@group-523986131536->omNode-3-GrpcLogAppender: Follower failed (request=null, errorCount=128); keep nextIndex (104) unchanged and retry. (Repeated 2 times in the last 5.001s)
2025-04-23 04:29:42,242 [timer3] WARN  server.GrpcLogAppender (GrpcLogAppender.java:lambda$resetClient$1(221)) - omNode-1@group-523986131536->omNode-3-GrpcLogAppender: Follower failed (request=null, errorCount=130); keep nextIndex (105) unchanged and retry. (Repeated 2 times in the last 5.000s)
2025-04-23 04:29:42,248 [timer6] WARN  server.GrpcLogAppender (GrpcLogAppender.java:lambda$resetClient$1(221)) - omNode-1@group-523986131536->omNode-3-GrpcLogAppender: Follower failed (request=null, errorCount=132); keep nextIndex (106) unchanged and retry. (Repeated 2 times in the last 5.000s)
2025-04-23 04:29:42,250 [timer0] WARN  server.GrpcLogAppender (GrpcLogAppender.java:lambda$resetClient$1(221)) - omNode-1@group-523986131536->omNode-3-GrpcLogAppender: Follower failed (request=null, errorCount=134); keep nextIndex (107) unchanged and retry. (Repeated 2 times in the last 5.000s)
2025-04-23 04:29:42,268 [timer5] WARN  server.GrpcLogAppender (GrpcLogAppender.java:lambda$resetClient$1(221)) - omNode-1@group-523986131536->omNode-3-GrpcLogAppender: Follower failed (request=null, errorCount=136); keep nextIndex (108) unchanged and retry. (Repeated 2 times in the last 5.000s)
2025-04-23 04:29:42,271 [timer0] WARN  server.GrpcLogAppender (GrpcLogAppender.java:lambda$resetClient$1(221)) - omNode-1@group-523986131536->omNode-3-GrpcLogAppender: Follower failed (request=null, errorCount=138); keep nextIndex (109) unchanged and retry. (Repeated 2 times in the last 5.000s)
2025-04-23 04:29:42,274 [timer3] WARN  server.GrpcLogAppender (GrpcLogAppender.java:lambda$resetClient$1(221)) - omNode-1@group-523986131536->omNode-3-GrpcLogAppender: Follower failed (request=null, errorCount=140); keep nextIndex (110) unchanged and retry. (Repeated 2 times in the last 5.000s)
2025-04-23 04:29:42,275 [timer5] WARN  server.GrpcLogAppender (GrpcLogAppender.java:lambda$resetClient$1(221)) - omNode-1@group-523986131536->omNode-3-GrpcLogAppender: Follower failed (request=null, errorCount=142); keep nextIndex (111) unchanged and retry. (Repeated 2 times in the last 5.000s)
2025-04-23 04:29:42,283 [timer2] WARN  server.GrpcLogAppender (GrpcLogAppender.java:lambda$resetClient$1(221)) - omNode-1@group-523986131536->omNode-3-GrpcLogAppender: Follower failed (request=null, errorCount=144); keep nextIndex (112) unchanged and retry. (Repeated 2 times in the last 5.001s)
2025-04-23 04:29:42,284 [timer5] WARN  server.GrpcLogAppender (GrpcLogAppender.java:lambda$resetClient$1(221)) - omNode-1@group-523986131536->omNode-3-GrpcLogAppender: Follower failed (request=null, errorCount=146); keep nextIndex (113) unchanged and retry. (Repeated 2 times in the last 5.001s)
2025-04-23 04:29:42,290 [timer0] WARN  server.GrpcLogAppender (GrpcLogAppender.java:lambda$resetClient$1(221)) - omNode-1@group-523986131536->omNode-3-GrpcLogAppender: Follower failed (request=null, errorCount=148); keep nextIndex (114) unchanged and retry. (Repeated 2 times in the last 5.001s)
2025-04-23 04:29:42,308 [timer3] WARN  server.GrpcLogAppender (GrpcLogAppender.java:lambda$resetClient$1(221)) - omNode-1@group-523986131536->omNode-3-GrpcLogAppender: Follower failed (request=null, errorCount=150); keep nextIndex (115) unchanged and retry. (Repeated 2 times in the last 5.000s)
2025-04-23 04:29:42,316 [timer0] WARN  server.GrpcLogAppender (GrpcLogAppender.java:lambda$resetClient$1(221)) - omNode-1@group-523986131536->omNode-3-GrpcLogAppender: Follower failed (request=null, errorCount=152); keep nextIndex (116) unchanged and retry. (Repeated 2 times in the last 5.000s)
2025-04-23 04:29:42,317 [timer3] WARN  server.GrpcLogAppender (GrpcLogAppender.java:lambda$resetClient$1(221)) - omNode-1@group-523986131536->omNode-3-GrpcLogAppender: Follower failed (request=null, errorCount=154); keep nextIndex (117) unchanged and retry. (Repeated 2 times in the last 5.000s)
2025-04-23 04:29:42,321 [timer5] WARN  server.GrpcLogAppender (GrpcLogAppender.java:lambda$resetClient$1(221)) - omNode-1@group-523986131536->omNode-3-GrpcLogAppender: Follower failed (request=null, errorCount=156); keep nextIndex (118) unchanged and retry. (Repeated 2 times in the last 5.000s)
2025-04-23 04:29:42,323 [timer0] WARN  server.GrpcLogAppender (GrpcLogAppender.java:lambda$resetClient$1(221)) - omNode-1@group-523986131536->omNode-3-GrpcLogAppender: Follower failed (request=null, errorCount=158); keep nextIndex (119) unchanged and retry. (Repeated 2 times in the last 5.000s)
2025-04-23 04:29:42,329 [timer5] WARN  server.GrpcLogAppender (GrpcLogAppender.java:lambda$resetClient$1(221)) - omNode-1@group-523986131536->omNode-3-GrpcLogAppender: Follower failed (request=null, errorCount=160); keep nextIndex (120) unchanged and retry. (Repeated 2 times in the last 5.000s)
2025-04-23 04:29:42,331 [timer0] WARN  server.GrpcLogAppender (GrpcLogAppender.java:lambda$resetClient$1(221)) - omNode-1@group-523986131536->omNode-3-GrpcLogAppender: Follower failed (request=null, errorCount=162); keep nextIndex (121) unchanged and retry. (Repeated 2 times in the last 5.001s)
2025-04-23 04:29:42,334 [timer3] WARN  server.GrpcLogAppender (GrpcLogAppender.java:lambda$resetClient$1(221)) - omNode-1@group-523986131536->omNode-3-GrpcLogAppender: Follower failed (request=null, errorCount=164); keep nextIndex (122) unchanged and retry. (Repeated 2 times in the last 5.000s)
2025-04-23 04:29:42,336 [timer6] WARN  server.GrpcLogAppender (GrpcLogAppender.java:lambda$resetClient$1(221)) - omNode-1@group-523986131536->omNode-3-GrpcLogAppender: Follower failed (request=null, errorCount=166); keep nextIndex (123) unchanged and retry. (Repeated 2 times in the last 5.000s)
2025-04-23 04:29:42,345 [timer2] WARN  server.GrpcLogAppender (GrpcLogAppender.java:lambda$resetClient$1(221)) - omNode-1@group-523986131536->omNode-3-GrpcLogAppender: Follower failed (request=null, errorCount=168); keep nextIndex (124) unchanged and retry. (Repeated 2 times in the last 5.001s)
2025-04-23 04:29:42,347 [timer5] WARN  server.GrpcLogAppender (GrpcLogAppender.java:lambda$resetClient$1(221)) - omNode-1@group-523986131536->omNode-3-GrpcLogAppender: Follower failed (request=null, errorCount=170); keep nextIndex (125) unchanged and retry. (Repeated 2 times in the last 5.000s)
2025-04-23 04:29:42,350 [timer0] WARN  server.GrpcLogAppender (GrpcLogAppender.java:lambda$resetClient$1(221)) - omNode-1@group-523986131536->omNode-3-GrpcLogAppender: Follower failed (request=null, errorCount=172); keep nextIndex (126) unchanged and retry. (Repeated 2 times in the last 5.000s)
2025-04-23 04:29:42,353 [timer3] WARN  server.GrpcLogAppender (GrpcLogAppender.java:lambda$resetClient$1(221)) - omNode-1@group-523986131536->omNode-3-GrpcLogAppender: Follower failed (request=null, errorCount=174); keep nextIndex (127) unchanged and retry. (Repeated 2 times in the last 5.000s)
2025-04-23 04:29:42,359 [timer0] WARN  server.GrpcLogAppender (GrpcLogAppender.java:lambda$resetClient$1(221)) - omNode-1@group-523986131536->omNode-3-GrpcLogAppender: Follower failed (request=null, errorCount=176); keep nextIndex (128) unchanged and retry. (Repeated 2 times in the last 5.001s)
2025-04-23 04:29:42,361 [timer3] WARN  server.GrpcLogAppender (GrpcLogAppender.java:lambda$resetClient$1(221)) - omNode-1@group-523986131536->omNode-3-GrpcLogAppender: Follower failed (request=null, errorCount=178); keep nextIndex (129) unchanged and retry. (Repeated 2 times in the last 5.000s)
2025-04-23 04:29:42,364 [timer5] WARN  server.GrpcLogAppender (GrpcLogAppender.java:lambda$resetClient$1(221)) - omNode-1@group-523986131536->omNode-3-GrpcLogAppender: Follower failed (request=null, errorCount=180); keep nextIndex (130) unchanged and retry. (Repeated 2 times in the last 5.000s)
2025-04-23 04:29:42,367 [timer0] WARN  server.GrpcLogAppender (GrpcLogAppender.java:lambda$resetClient$1(221)) - omNode-1@group-523986131536->omNode-3-GrpcLogAppender: Follower failed (request=null, errorCount=182); keep nextIndex (131) unchanged and retry. (Repeated 2 times in the last 5.001s)
2025-04-23 04:29:42,374 [timer5] WARN  server.GrpcLogAppender (GrpcLogAppender.java:lambda$resetClient$1(221)) - omNode-1@group-523986131536->omNode-3-GrpcLogAppender: Follower failed (request=null, errorCount=184); keep nextIndex (132) unchanged and retry. (Repeated 2 times in the last 5.001s)
2025-04-23 04:29:42,375 [timer7] WARN  server.GrpcLogAppender (GrpcLogAppender.java:lambda$resetClient$1(221)) - omNode-1@group-523986131536->omNode-3-GrpcLogAppender: Follower failed (request=null, errorCount=186); keep nextIndex (133) unchanged and retry. (Repeated 2 times in the last 4.999s)
2025-04-23 04:29:42,380 [timer3] WARN  server.GrpcLogAppender (GrpcLogAppender.java:lambda$resetClient$1(221)) - omNode-1@group-523986131536->omNode-3-GrpcLogAppender: Follower failed (request=null, errorCount=188); keep nextIndex (134) unchanged and retry. (Repeated 2 times in the last 5.000s)
2025-04-23 04:29:42,382 [timer5] WARN  server.GrpcLogAppender (GrpcLogAppender.java:lambda$resetClient$1(221)) - omNode-1@group-523986131536->omNode-3-GrpcLogAppender: Follower failed (request=null, errorCount=190); keep nextIndex (135) unchanged and retry. (Repeated 2 times in the last 5.001s)
2025-04-23 04:29:42,393 [timer3] WARN  server.GrpcLogAppender (GrpcLogAppender.java:lambda$resetClient$1(221)) - omNode-1@group-523986131536->omNode-3-GrpcLogAppender: Follower failed (request=null, errorCount=192); keep nextIndex (136) unchanged and retry. (Repeated 2 times in the last 5.001s)
2025-04-23 04:29:42,395 [timer6] WARN  server.GrpcLogAppender (GrpcLogAppender.java:lambda$resetClient$1(221)) - omNode-1@group-523986131536->omNode-3-GrpcLogAppender: Follower failed (request=null, errorCount=194); keep nextIndex (137) unchanged and retry. (Repeated 2 times in the last 5.000s)
2025-04-23 04:29:42,400 [timer1] WARN  server.GrpcLogAppender (GrpcLogAppender.java:lambda$resetClient$1(221)) - omNode-1@group-523986131536->omNode-3-GrpcLogAppender: Follower failed (request=null, errorCount=196); keep nextIndex (138) unchanged and retry. (Repeated 2 times in the last 5.000s)
2025-04-23 04:29:42,402 [timer4] WARN  server.GrpcLogAppender (GrpcLogAppender.java:lambda$resetClient$1(221)) - omNode-1@group-523986131536->omNode-3-GrpcLogAppender: Follower failed (request=null, errorCount=198); keep nextIndex (139) unchanged and retry. (Repeated 2 times in the last 5.000s)
2025-04-23 04:29:42,410 [timer1] WARN  server.GrpcLogAppender (GrpcLogAppender.java:lambda$resetClient$1(221)) - omNode-1@group-523986131536->omNode-3-GrpcLogAppender: Follower failed (request=null, errorCount=200); keep nextIndex (140) unchanged and retry. (Repeated 2 times in the last 5.000s)
2025-04-23 04:29:42,412 [timer4] WARN  server.GrpcLogAppender (GrpcLogAppender.java:lambda$resetClient$1(221)) - omNode-1@group-523986131536->omNode-3-GrpcLogAppender: Follower failed (request=null, errorCount=202); keep nextIndex (141) unchanged and retry. (Repeated 2 times in the last 5.000s)
2025-04-23 04:29:42,418 [timer6] WARN  server.GrpcLogAppender (GrpcLogAppender.java:lambda$resetClient$1(221)) - omNode-1@group-523986131536->omNode-3-GrpcLogAppender: Follower failed (request=null, errorCount=204); keep nextIndex (142) unchanged and retry. (Repeated 2 times in the last 5.000s)
2025-04-23 04:29:42,419 [timer1] WARN  server.GrpcLogAppender (GrpcLogAppender.java:lambda$resetClient$1(221)) - omNode-1@group-523986131536->omNode-3-GrpcLogAppender: Follower failed (request=null, errorCount=206); keep nextIndex (143) unchanged and retry. (Repeated 2 times in the last 5.000s)
2025-04-23 04:29:42,430 [timer0] WARN  server.GrpcLogAppender (GrpcLogAppender.java:lambda$resetClient$1(221)) - omNode-1@group-523986131536->omNode-3-GrpcLogAppender: Follower failed (request=null, errorCount=208); keep nextIndex (144) unchanged and retry. (Repeated 2 times in the last 5.000s)
2025-04-23 04:29:42,433 [timer1] WARN  server.GrpcLogAppender (GrpcLogAppender.java:lambda$resetClient$1(221)) - omNode-1@group-523986131536->omNode-3-GrpcLogAppender: Follower failed (request=null, errorCount=210); keep nextIndex (145) unchanged and retry. (Repeated 2 times in the last 5.000s)
2025-04-23 04:29:42,437 [timer4] WARN  server.GrpcLogAppender (GrpcLogAppender.java:lambda$resetClient$1(221)) - omNode-1@group-523986131536->omNode-3-GrpcLogAppender: Follower failed (request=null, errorCount=212); keep nextIndex (146) unchanged and retry. (Repeated 2 times in the last 5.000s)
2025-04-23 04:29:42,439 [timer7] WARN  server.GrpcLogAppender (GrpcLogAppender.java:lambda$resetClient$1(221)) - omNode-1@group-523986131536->omNode-3-GrpcLogAppender: Follower failed (request=null, errorCount=214); keep nextIndex (147) unchanged and retry. (Repeated 2 times in the last 5.001s)
2025-04-23 04:29:42,446 [timer4] WARN  server.GrpcLogAppender (GrpcLogAppender.java:lambda$resetClient$1(221)) - omNode-1@group-523986131536->omNode-3-GrpcLogAppender: Follower failed (request=null, errorCount=216); keep nextIndex (148) unchanged and retry. (Repeated 2 times in the last 5.001s)
2025-04-23 04:29:42,447 [timer7] WARN  server.GrpcLogAppender (GrpcLogAppender.java:lambda$resetClient$1(221)) - omNode-1@group-523986131536->omNode-3-GrpcLogAppender: Follower failed (request=null, errorCount=218); keep nextIndex (149) unchanged and retry. (Repeated 2 times in the last 5.000s)
2025-04-23 04:29:42,451 [timer2] WARN  server.GrpcLogAppender (GrpcLogAppender.java:lambda$resetClient$1(221)) - omNode-1@group-523986131536->omNode-3-GrpcLogAppender: Follower failed (request=null, errorCount=220); keep nextIndex (150) unchanged and retry. (Repeated 2 times in the last 5.000s)
2025-04-23 04:29:42,452 [timer5] WARN  server.GrpcLogAppender (GrpcLogAppender.java:lambda$resetClient$1(221)) - omNode-1@group-523986131536->omNode-3-GrpcLogAppender: Follower failed (request=null, errorCount=222); keep nextIndex (151) unchanged and retry. (Repeated 2 times in the last 5.000s)
2025-04-23 04:29:42,459 [timer2] WARN  server.GrpcLogAppender (GrpcLogAppender.java:lambda$resetClient$1(221)) - omNode-1@group-523986131536->omNode-3-GrpcLogAppender: Follower failed (request=null, errorCount=224); keep nextIndex (152) unchanged and retry. (Repeated 2 times in the last 5.000s)
2025-04-23 04:29:42,460 [timer5] WARN  server.GrpcLogAppender (GrpcLogAppender.java:lambda$resetClient$1(221)) - omNode-1@group-523986131536->omNode-3-GrpcLogAppender: Follower failed (request=null, errorCount=228); keep nextIndex (153) unchanged and retry. (Repeated 4 times in the last 4.999s)
2025-04-23 04:29:42,466 [timer1] WARN  server.GrpcLogAppender (GrpcLogAppender.java:lambda$resetClient$1(221)) - omNode-1@group-523986131536->omNode-3-GrpcLogAppender: Follower failed (request=null, errorCount=230); keep nextIndex (155) unchanged and retry. (Repeated 2 times in the last 5.000s)
2025-04-23 04:29:42,483 [timer6] WARN  server.GrpcLogAppender (GrpcLogAppender.java:lambda$resetClient$1(221)) - omNode-1@group-523986131536->omNode-3-GrpcLogAppender: Follower failed (request=null, errorCount=232); keep nextIndex (156) unchanged and retry. (Repeated 2 times in the last 5.000s)
2025-04-23 04:29:42,484 [timer1] WARN  server.GrpcLogAppender (GrpcLogAppender.java:lambda$resetClient$1(221)) - omNode-1@group-523986131536->omNode-3-GrpcLogAppender: Follower failed (request=null, errorCount=234); keep nextIndex (157) unchanged and retry. (Repeated 2 times in the last 4.999s)
2025-04-23 04:29:42,489 [timer4] WARN  server.GrpcLogAppender (GrpcLogAppender.java:lambda$resetClient$1(221)) - omNode-1@group-523986131536->omNode-3-GrpcLogAppender: Follower failed (request=null, errorCount=236); keep nextIndex (158) unchanged and retry. (Repeated 2 times in the last 5.000s)
2025-04-23 04:29:42,491 [timer7] WARN  server.GrpcLogAppender (GrpcLogAppender.java:lambda$resetClient$1(221)) - omNode-1@group-523986131536->omNode-3-GrpcLogAppender: Follower failed (request=null, errorCount=238); keep nextIndex (159) unchanged and retry. (Repeated 2 times in the last 5.000s)
2025-04-23 04:29:42,498 [timer2] WARN  server.GrpcLogAppender (GrpcLogAppender.java:lambda$resetClient$1(221)) - omNode-1@group-523986131536->omNode-3-GrpcLogAppender: Follower failed (request=null, errorCount=240); keep nextIndex (160) unchanged and retry. (Repeated 2 times in the last 5.000s)
2025-04-23 04:29:42,500 [timer5] WARN  server.GrpcLogAppender (GrpcLogAppender.java:lambda$resetClient$1(221)) - omNode-1@group-523986131536->omNode-3-GrpcLogAppender: Follower failed (request=null, errorCount=242); keep nextIndex (161) unchanged and retry. (Repeated 2 times in the last 5.000s)
2025-04-23 04:29:42,504 [timer0] WARN  server.GrpcLogAppender (GrpcLogAppender.java:lambda$resetClient$1(221)) - omNode-1@group-523986131536->omNode-3-GrpcLogAppender: Follower failed (request=null, errorCount=244); keep nextIndex (162) unchanged and retry. (Repeated 2 times in the last 5.000s)
2025-04-23 04:29:42,506 [timer3] WARN  server.GrpcLogAppender (GrpcLogAppender.java:lambda$resetClient$1(221)) - omNode-1@group-523986131536->omNode-3-GrpcLogAppender: Follower failed (request=null, errorCount=246); keep nextIndex (163) unchanged and retry. (Repeated 2 times in the last 5.000s)
2025-04-23 04:29:42,512 [timer0] WARN  server.GrpcLogAppender (GrpcLogAppender.java:lambda$resetClient$1(221)) - omNode-1@group-523986131536->omNode-3-GrpcLogAppender: Follower failed (request=null, errorCount=248); keep nextIndex (164) unchanged and retry. (Repeated 2 times in the last 5.000s)
2025-04-23 04:29:42,514 [timer3] WARN  server.GrpcLogAppender (GrpcLogAppender.java:lambda$resetClient$1(221)) - omNode-1@group-523986131536->omNode-3-GrpcLogAppender: Follower failed (request=null, errorCount=250); keep nextIndex (165) unchanged and retry. (Repeated 2 times in the last 5.000s)
2025-04-23 04:29:42,517 [timer6] WARN  server.GrpcLogAppender (GrpcLogAppender.java:lambda$resetClient$1(221)) - omNode-1@group-523986131536->omNode-3-GrpcLogAppender: Follower failed (request=null, errorCount=252); keep nextIndex (166) unchanged and retry. (Repeated 2 times in the last 5.000s)
2025-04-23 04:29:42,519 [timer1] WARN  server.GrpcLogAppender (GrpcLogAppender.java:lambda$resetClient$1(221)) - omNode-1@group-523986131536->omNode-3-GrpcLogAppender: Follower failed (request=null, errorCount=254); keep nextIndex (167) unchanged and retry. (Repeated 2 times in the last 5.000s)
2025-04-23 04:29:42,525 [timer6] WARN  server.GrpcLogAppender (GrpcLogAppender.java:lambda$resetClient$1(221)) - omNode-1@group-523986131536->omNode-3-GrpcLogAppender: Follower failed (request=null, errorCount=256); keep nextIndex (168) unchanged and retry. (Repeated 2 times in the last 5.000s)
2025-04-23 04:29:42,527 [timer2] WARN  server.GrpcLogAppender (GrpcLogAppender.java:lambda$resetClient$1(221)) - omNode-1@group-523986131536->omNode-3-GrpcLogAppender: Follower failed (request=null, errorCount=258); keep nextIndex (169) unchanged and retry. (Repeated 2 times in the last 4.999s)
2025-04-23 04:29:42,532 [timer6] WARN  server.GrpcLogAppender (GrpcLogAppender.java:lambda$resetClient$1(221)) - omNode-1@group-523986131536->omNode-3-GrpcLogAppender: Follower failed (request=null, errorCount=260); keep nextIndex (170) unchanged and retry. (Repeated 2 times in the last 5.001s)
2025-04-23 04:29:42,532 [timer1] WARN  server.GrpcLogAppender (GrpcLogAppender.java:lambda$resetClient$1(221)) - omNode-1@group-523986131536->omNode-3-GrpcLogAppender: Follower failed (request=null, errorCount=262); keep nextIndex (171) unchanged and retry. (Repeated 2 times in the last 5.000s)
2025-04-23 04:29:42,539 [timer5] WARN  server.GrpcLogAppender (GrpcLogAppender.java:lambda$resetClient$1(221)) - omNode-1@group-523986131536->omNode-3-GrpcLogAppender: Follower failed (request=null, errorCount=264); keep nextIndex (172) unchanged and retry. (Repeated 2 times in the last 5.000s)
2025-04-23 04:29:42,543 [timer1] WARN  server.GrpcLogAppender (GrpcLogAppender.java:lambda$resetClient$1(221)) - omNode-1@group-523986131536->omNode-3-GrpcLogAppender: Follower failed (request=null, errorCount=266); keep nextIndex (173) unchanged and retry. (Repeated 2 times in the last 5.001s)
2025-04-23 04:29:42,548 [timer4] WARN  server.GrpcLogAppender (GrpcLogAppender.java:lambda$resetClient$1(221)) - omNode-1@group-523986131536->omNode-3-GrpcLogAppender: Follower failed (request=null, errorCount=268); keep nextIndex (174) unchanged and retry. (Repeated 2 times in the last 5.000s)
2025-04-23 04:29:42,550 [timer7] WARN  server.GrpcLogAppender (GrpcLogAppender.java:lambda$resetClient$1(221)) - omNode-1@group-523986131536->omNode-3-GrpcLogAppender: Follower failed (request=null, errorCount=270); keep nextIndex (175) unchanged and retry. (Repeated 2 times in the last 5.001s)
2025-04-23 04:29:42,558 [timer3] WARN  server.GrpcLogAppender (GrpcLogAppender.java:lambda$resetClient$1(221)) - omNode-1@group-523986131536->omNode-3-GrpcLogAppender: Follower failed (request=null, errorCount=272); keep nextIndex (176) unchanged and retry. (Repeated 2 times in the last 5.000s)
2025-04-23 04:29:42,560 [timer7] WARN  server.GrpcLogAppender (GrpcLogAppender.java:lambda$resetClient$1(221)) - omNode-1@group-523986131536->omNode-3-GrpcLogAppender: Follower failed (request=null, errorCount=274); keep nextIndex (177) unchanged and retry. (Repeated 2 times in the last 4.999s)
2025-04-23 04:29:42,564 [timer2] WARN  server.GrpcLogAppender (GrpcLogAppender.java:lambda$resetClient$1(221)) - omNode-1@group-523986131536->omNode-3-GrpcLogAppender: Follower failed (request=null, errorCount=276); keep nextIndex (178) unchanged and retry. (Repeated 2 times in the last 5.000s)
2025-04-23 04:29:42,565 [timer4] WARN  server.GrpcLogAppender (GrpcLogAppender.java:lambda$resetClient$1(221)) - omNode-1@group-523986131536->omNode-3-GrpcLogAppender: Follower failed (request=null, errorCount=278); keep nextIndex (179) unchanged and retry. (Repeated 2 times in the last 5.000s)
2025-04-23 04:29:42,574 [timer1] WARN  server.GrpcLogAppender (GrpcLogAppender.java:lambda$resetClient$1(221)) - omNode-1@group-523986131536->omNode-3-GrpcLogAppender: Follower failed (request=null, errorCount=280); keep nextIndex (180) unchanged and retry. (Repeated 2 times in the last 5.001s)
2025-04-23 04:29:42,576 [timer4] WARN  server.GrpcLogAppender (GrpcLogAppender.java:lambda$resetClient$1(221)) - omNode-1@group-523986131536->omNode-3-GrpcLogAppender: Follower failed (request=null, errorCount=282); keep nextIndex (181) unchanged and retry. (Repeated 2 times in the last 5.000s)
2025-04-23 04:29:42,579 [timer1] WARN  server.GrpcLogAppender (GrpcLogAppender.java:lambda$resetClient$1(221)) - omNode-1@group-523986131536->omNode-3-GrpcLogAppender: Follower failed (request=null, errorCount=284); keep nextIndex (182) unchanged and retry. (Repeated 2 times in the last 5.000s)
2025-04-23 04:29:42,581 [timer4] WARN  server.GrpcLogAppender (GrpcLogAppender.java:lambda$resetClient$1(221)) - omNode-1@group-523986131536->omNode-3-GrpcLogAppender: Follower failed (request=null, errorCount=286); keep nextIndex (183) unchanged and retry. (Repeated 2 times in the last 5.000s)
2025-04-23 04:29:42,588 [timer1] WARN  server.GrpcLogAppender (GrpcLogAppender.java:lambda$resetClient$1(221)) - omNode-1@group-523986131536->omNode-3-GrpcLogAppender: Follower failed (request=null, errorCount=288); keep nextIndex (184) unchanged and retry. (Repeated 2 times in the last 5.000s)
2025-04-23 04:29:42,589 [timer4] WARN  server.GrpcLogAppender (GrpcLogAppender.java:lambda$resetClient$1(221)) - omNode-1@group-523986131536->omNode-3-GrpcLogAppender: Follower failed (request=null, errorCount=290); keep nextIndex (185) unchanged and retry. (Repeated 2 times in the last 5.000s)
2025-04-23 04:29:42,593 [timer7] WARN  server.GrpcLogAppender (GrpcLogAppender.java:lambda$resetClient$1(221)) - omNode-1@group-523986131536->omNode-3-GrpcLogAppender: Follower failed (request=null, errorCount=292); keep nextIndex (186) unchanged and retry. (Repeated 2 times in the last 5.000s)
2025-04-23 04:29:42,595 [timer2] WARN  server.GrpcLogAppender (GrpcLogAppender.java:lambda$resetClient$1(221)) - omNode-1@group-523986131536->omNode-3-GrpcLogAppender: Follower failed (request=null, errorCount=294); keep nextIndex (187) unchanged and retry. (Repeated 2 times in the last 5.000s)
2025-04-23 04:29:42,602 [timer7] WARN  server.GrpcLogAppender (GrpcLogAppender.java:lambda$resetClient$1(221)) - omNode-1@group-523986131536->omNode-3-GrpcLogAppender: Follower failed (request=null, errorCount=296); keep nextIndex (188) unchanged and retry. (Repeated 2 times in the last 5.000s)
2025-04-23 04:29:42,605 [timer2] WARN  server.GrpcLogAppender (GrpcLogAppender.java:lambda$resetClient$1(221)) - omNode-1@group-523986131536->omNode-3-GrpcLogAppender: Follower failed (request=null, errorCount=298); keep nextIndex (189) unchanged and retry. (Repeated 2 times in the last 5.001s)
2025-04-23 04:29:42,610 [timer5] WARN  server.GrpcLogAppender (GrpcLogAppender.java:lambda$resetClient$1(221)) - omNode-1@group-523986131536->omNode-3-GrpcLogAppender: Follower failed (request=null, errorCount=300); keep nextIndex (190) unchanged and retry. (Repeated 2 times in the last 5.001s)
2025-04-23 04:29:42,611 [timer0] WARN  server.GrpcLogAppender (GrpcLogAppender.java:lambda$resetClient$1(221)) - omNode-1@group-523986131536->omNode-3-GrpcLogAppender: Follower failed (request=null, errorCount=302); keep nextIndex (191) unchanged and retry. (Repeated 2 times in the last 5.000s)
2025-04-23 04:29:42,619 [timer5] WARN  server.GrpcLogAppender (GrpcLogAppender.java:lambda$resetClient$1(221)) - omNode-1@group-523986131536->omNode-3-GrpcLogAppender: Follower failed (request=null, errorCount=304); keep nextIndex (192) unchanged and retry. (Repeated 2 times in the last 5.001s)
2025-04-23 04:29:42,620 [timer0] WARN  server.GrpcLogAppender (GrpcLogAppender.java:lambda$resetClient$1(221)) - omNode-1@group-523986131536->omNode-3-GrpcLogAppender: Follower failed (request=null, errorCount=306); keep nextIndex (193) unchanged and retry. (Repeated 2 times in the last 5.000s)
2025-04-23 04:29:42,627 [timer3] WARN  server.GrpcLogAppender (GrpcLogAppender.java:lambda$resetClient$1(221)) - omNode-1@group-523986131536->omNode-3-GrpcLogAppender: Follower failed (request=null, errorCount=308); keep nextIndex (194) unchanged and retry. (Repeated 2 times in the last 5.000s)
2025-04-23 04:29:42,629 [timer6] WARN  server.GrpcLogAppender (GrpcLogAppender.java:lambda$resetClient$1(221)) - omNode-1@group-523986131536->omNode-3-GrpcLogAppender: Follower failed (request=null, errorCount=310); keep nextIndex (195) unchanged and retry. (Repeated 2 times in the last 5.000s)
2025-04-23 04:29:42,638 [timer3] WARN  server.GrpcLogAppender (GrpcLogAppender.java:lambda$resetClient$1(221)) - omNode-1@group-523986131536->omNode-3-GrpcLogAppender: Follower failed (request=null, errorCount=312); keep nextIndex (196) unchanged and retry. (Repeated 2 times in the last 5.001s)
2025-04-23 04:29:42,639 [timer6] WARN  server.GrpcLogAppender (GrpcLogAppender.java:lambda$resetClient$1(221)) - omNode-1@group-523986131536->omNode-3-GrpcLogAppender: Follower failed (request=null, errorCount=314); keep nextIndex (197) unchanged and retry. (Repeated 2 times in the last 5.000s)
2025-04-23 04:29:42,646 [timer0] WARN  server.GrpcLogAppender (GrpcLogAppender.java:lambda$resetClient$1(221)) - omNode-1@group-523986131536->omNode-3-GrpcLogAppender: Follower failed (request=null, errorCount=316); keep nextIndex (198) unchanged and retry. (Repeated 2 times in the last 5.000s)
2025-04-23 04:29:42,648 [timer4] WARN  server.GrpcLogAppender (GrpcLogAppender.java:lambda$resetClient$1(221)) - omNode-1@group-523986131536->omNode-3-GrpcLogAppender: Follower failed (request=null, errorCount=318); keep nextIndex (199) unchanged and retry. (Repeated 2 times in the last 5.001s)
2025-04-23 04:29:42,657 [timer1] WARN  server.GrpcLogAppender (GrpcLogAppender.java:lambda$resetClient$1(221)) - omNode-1@group-523986131536->omNode-3-GrpcLogAppender: Follower failed (request=null, errorCount=320); keep nextIndex (200) unchanged and retry. (Repeated 2 times in the last 5.000s)
2025-04-23 04:29:42,659 [timer4] WARN  server.GrpcLogAppender (GrpcLogAppender.java:lambda$resetClient$1(221)) - omNode-1@group-523986131536->omNode-3-GrpcLogAppender: Follower failed (request=null, errorCount=322); keep nextIndex (201) unchanged and retry. (Repeated 2 times in the last 5.000s)
2025-04-23 04:29:42,663 [timer6] WARN  server.GrpcLogAppender (GrpcLogAppender.java:lambda$resetClient$1(221)) - omNode-1@group-523986131536->omNode-3-GrpcLogAppender: Follower failed (request=null, errorCount=324); keep nextIndex (202) unchanged and retry. (Repeated 2 times in the last 5.000s)
2025-04-23 04:29:42,665 [timer2] WARN  server.GrpcLogAppender (GrpcLogAppender.java:lambda$resetClient$1(221)) - omNode-1@group-523986131536->omNode-3-GrpcLogAppender: Follower failed (request=null, errorCount=326); keep nextIndex (203) unchanged and retry. (Repeated 2 times in the last 5.000s)
2025-04-23 04:29:42,679 [timer7] WARN  server.GrpcLogAppender (GrpcLogAppender.java:lambda$resetClient$1(221)) - omNode-1@group-523986131536->omNode-3-GrpcLogAppender: Follower failed (request=null, errorCount=328); keep nextIndex (204) unchanged and retry. (Repeated 2 times in the last 5.000s)
2025-04-23 04:29:42,681 [timer2] WARN  server.GrpcLogAppender (GrpcLogAppender.java:lambda$resetClient$1(221)) - omNode-1@group-523986131536->omNode-3-GrpcLogAppender: Follower failed (request=null, errorCount=330); keep nextIndex (205) unchanged and retry. (Repeated 2 times in the last 5.001s)
2025-04-23 04:29:42,702 [timer5] WARN  server.GrpcLogAppender (GrpcLogAppender.java:lambda$resetClient$1(221)) - omNode-1@group-523986131536->omNode-3-GrpcLogAppender: Follower failed (request=null, errorCount=332); keep nextIndex (206) unchanged and retry. (Repeated 2 times in the last 5.000s)
2025-04-23 04:29:42,705 [timer0] WARN  server.GrpcLogAppender (GrpcLogAppender.java:lambda$resetClient$1(221)) - omNode-1@group-523986131536->omNode-3-GrpcLogAppender: Follower failed (request=null, errorCount=334); keep nextIndex (207) unchanged and retry. (Repeated 2 times in the last 5.001s)
2025-04-23 04:29:42,714 [timer4] WARN  server.GrpcLogAppender (GrpcLogAppender.java:lambda$resetClient$1(221)) - omNode-1@group-523986131536->omNode-3-GrpcLogAppender: Follower failed (request=null, errorCount=336); keep nextIndex (208) unchanged and retry. (Repeated 2 times in the last 5.000s)
2025-04-23 04:29:42,715 [timer0] WARN  server.GrpcLogAppender (GrpcLogAppender.java:lambda$resetClient$1(221)) - omNode-1@group-523986131536->omNode-3-GrpcLogAppender: Follower failed (request=null, errorCount=340); keep nextIndex (209) unchanged and retry. (Repeated 4 times in the last 5.000s)
2025-04-23 04:29:42,723 [timer5] WARN  server.GrpcLogAppender (GrpcLogAppender.java:lambda$resetClient$1(221)) - omNode-1@group-523986131536->omNode-3-GrpcLogAppender: Follower failed (request=null, errorCount=342); keep nextIndex (210) unchanged and retry. (Repeated 2 times in the last 5.001s)
2025-04-23 04:29:42,725 [timer7] WARN  server.GrpcLogAppender (GrpcLogAppender.java:lambda$resetClient$1(221)) - omNode-1@group-523986131536->omNode-3-GrpcLogAppender: Follower failed (request=null, errorCount=344); keep nextIndex (211) unchanged and retry. (Repeated 2 times in the last 5.000s)
2025-04-23 04:29:42,731 [timer4] WARN  server.GrpcLogAppender (GrpcLogAppender.java:lambda$resetClient$1(221)) - omNode-1@group-523986131536->omNode-3-GrpcLogAppender: Follower failed (request=null, errorCount=346); keep nextIndex (212) unchanged and retry. (Repeated 2 times in the last 5.000s)
2025-04-23 04:29:42,733 [timer7] WARN  server.GrpcLogAppender (GrpcLogAppender.java:lambda$resetClient$1(221)) - omNode-1@group-523986131536->omNode-3-GrpcLogAppender: Follower failed (request=null, errorCount=348); keep nextIndex (213) unchanged and retry. (Repeated 2 times in the last 5.001s)
2025-04-23 04:29:42,738 [timer2] WARN  server.GrpcLogAppender (GrpcLogAppender.java:lambda$resetClient$1(221)) - omNode-1@group-523986131536->omNode-3-GrpcLogAppender: Follower failed (request=null, errorCount=350); keep nextIndex (214) unchanged and retry. (Repeated 2 times in the last 5.001s)
2025-04-23 04:29:42,741 [timer5] WARN  server.GrpcLogAppender (GrpcLogAppender.java:lambda$resetClient$1(221)) - omNode-1@group-523986131536->omNode-3-GrpcLogAppender: Follower failed (request=null, errorCount=352); keep nextIndex (215) unchanged and retry. (Repeated 2 times in the last 5.001s)
2025-04-23 04:29:42,747 [timer2] WARN  server.GrpcLogAppender (GrpcLogAppender.java:lambda$resetClient$1(221)) - omNode-1@group-523986131536->omNode-3-GrpcLogAppender: Follower failed (request=null, errorCount=354); keep nextIndex (216) unchanged and retry. (Repeated 2 times in the last 5.000s)
2025-04-23 04:29:42,751 [timer5] WARN  server.GrpcLogAppender (GrpcLogAppender.java:lambda$resetClient$1(221)) - omNode-1@group-523986131536->omNode-3-GrpcLogAppender: Follower failed (request=null, errorCount=356); keep nextIndex (217) unchanged and retry. (Repeated 2 times in the last 5.000s)
2025-04-23 04:29:42,755 [timer0] WARN  server.GrpcLogAppender (GrpcLogAppender.java:lambda$resetClient$1(221)) - omNode-1@group-523986131536->omNode-3-GrpcLogAppender: Follower failed (request=null, errorCount=358); keep nextIndex (218) unchanged and retry. (Repeated 2 times in the last 5.000s)
2025-04-23 04:29:42,759 [timer3] WARN  server.GrpcLogAppender (GrpcLogAppender.java:lambda$resetClient$1(221)) - omNode-1@group-523986131536->omNode-3-GrpcLogAppender: Follower failed (request=null, errorCount=360); keep nextIndex (219) unchanged and retry. (Repeated 2 times in the last 5.001s)
2025-04-23 04:29:42,767 [timer2] WARN  server.GrpcLogAppender (GrpcLogAppender.java:lambda$resetClient$1(221)) - omNode-1@group-523986131536->omNode-3-GrpcLogAppender: Follower failed (request=null, errorCount=362); keep nextIndex (220) unchanged and retry. (Repeated 2 times in the last 5.001s)
2025-04-23 04:29:42,768 [timer3] WARN  server.GrpcLogAppender (GrpcLogAppender.java:lambda$resetClient$1(221)) - omNode-1@group-523986131536->omNode-3-GrpcLogAppender: Follower failed (request=null, errorCount=364); keep nextIndex (221) unchanged and retry. (Repeated 2 times in the last 5.000s)
2025-04-23 04:29:42,773 [timer6] WARN  server.GrpcLogAppender (GrpcLogAppender.java:lambda$resetClient$1(221)) - omNode-1@group-523986131536->omNode-3-GrpcLogAppender: Follower failed (request=null, errorCount=366); keep nextIndex (222) unchanged and retry. (Repeated 2 times in the last 5.000s)
2025-04-23 04:29:42,775 [timer1] WARN  server.GrpcLogAppender (GrpcLogAppender.java:lambda$resetClient$1(221)) - omNode-1@group-523986131536->omNode-3-GrpcLogAppender: Follower failed (request=null, errorCount=368); keep nextIndex (223) unchanged and retry. (Repeated 2 times in the last 5.000s)
2025-04-23 04:29:42,784 [timer7] WARN  server.GrpcLogAppender (GrpcLogAppender.java:lambda$resetClient$1(221)) - omNode-1@group-523986131536->omNode-3-GrpcLogAppender: Follower failed (request=null, errorCount=370); keep nextIndex (224) unchanged and retry. (Repeated 2 times in the last 5.001s)
2025-04-23 04:29:42,787 [timer2] WARN  server.GrpcLogAppender (GrpcLogAppender.java:lambda$resetClient$1(221)) - omNode-1@group-523986131536->omNode-3-GrpcLogAppender: Follower failed (request=null, errorCount=372); keep nextIndex (225) unchanged and retry. (Repeated 2 times in the last 5.001s)
2025-04-23 04:29:42,792 [timer4] WARN  server.GrpcLogAppender (GrpcLogAppender.java:lambda$resetClient$1(221)) - omNode-1@group-523986131536->omNode-3-GrpcLogAppender: Follower failed (request=null, errorCount=374); keep nextIndex (226) unchanged and retry. (Repeated 2 times in the last 5.001s)
2025-04-23 04:29:42,795 [timer7] WARN  server.GrpcLogAppender (GrpcLogAppender.java:lambda$resetClient$1(221)) - omNode-1@group-523986131536->omNode-3-GrpcLogAppender: Follower failed (request=null, errorCount=376); keep nextIndex (227) unchanged and retry. (Repeated 2 times in the last 5.002s)
2025-04-23 04:29:42,801 [timer4] WARN  server.GrpcLogAppender (GrpcLogAppender.java:lambda$resetClient$1(221)) - omNode-1@group-523986131536->omNode-3-GrpcLogAppender: Follower failed (request=null, errorCount=378); keep nextIndex (228) unchanged and retry. (Repeated 2 times in the last 5.000s)
2025-04-23 04:29:42,803 [timer7] WARN  server.GrpcLogAppender (GrpcLogAppender.java:lambda$resetClient$1(221)) - omNode-1@group-523986131536->omNode-3-GrpcLogAppender: Follower failed (request=null, errorCount=380); keep nextIndex (229) unchanged and retry. (Repeated 2 times in the last 5.000s)
2025-04-23 04:29:42,809 [timer2] WARN  server.GrpcLogAppender (GrpcLogAppender.java:lambda$resetClient$1(221)) - omNode-1@group-523986131536->omNode-3-GrpcLogAppender: Follower failed (request=null, errorCount=382); keep nextIndex (230) unchanged and retry. (Repeated 2 times in the last 5.001s)
2025-04-23 04:29:42,810 [timer5] WARN  server.GrpcLogAppender (GrpcLogAppender.java:lambda$resetClient$1(221)) - omNode-1@group-523986131536->omNode-3-GrpcLogAppender: Follower failed (request=null, errorCount=384); keep nextIndex (231) unchanged and retry. (Repeated 2 times in the last 5.000s)
2025-04-23 04:29:42,820 [timer2] WARN  server.GrpcLogAppender (GrpcLogAppender.java:lambda$resetClient$1(221)) - omNode-1@group-523986131536->omNode-3-GrpcLogAppender: Follower failed (request=null, errorCount=386); keep nextIndex (232) unchanged and retry. (Repeated 2 times in the last 5.000s)
2025-04-23 04:29:42,825 [timer6] WARN  server.GrpcLogAppender (GrpcLogAppender.java:lambda$resetClient$1(221)) - omNode-1@group-523986131536->omNode-3-GrpcLogAppender: Follower failed (request=null, errorCount=388); keep nextIndex (233) unchanged and retry. (Repeated 2 times in the last 5.001s)
2025-04-23 04:29:42,829 [timer7] WARN  server.GrpcLogAppender (GrpcLogAppender.java:lambda$resetClient$1(221)) - omNode-1@group-523986131536->omNode-3-GrpcLogAppender: Follower failed (request=null, errorCount=390); keep nextIndex (234) unchanged and retry. (Repeated 2 times in the last 5.000s)
2025-04-23 04:29:42,832 [timer3] WARN  server.GrpcLogAppender (GrpcLogAppender.java:lambda$resetClient$1(221)) - omNode-1@group-523986131536->omNode-3-GrpcLogAppender: Follower failed (request=null, errorCount=392); keep nextIndex (235) unchanged and retry. (Repeated 2 times in the last 5.001s)
2025-04-23 04:29:42,840 [timer7] WARN  server.GrpcLogAppender (GrpcLogAppender.java:lambda$resetClient$1(221)) - omNode-1@group-523986131536->omNode-3-GrpcLogAppender: Follower failed (request=null, errorCount=394); keep nextIndex (236) unchanged and retry. (Repeated 2 times in the last 5.000s)
2025-04-23 04:29:42,842 [timer3] WARN  server.GrpcLogAppender (GrpcLogAppender.java:lambda$resetClient$1(221)) - omNode-1@group-523986131536->omNode-3-GrpcLogAppender: Follower failed (request=null, errorCount=396); keep nextIndex (237) unchanged and retry. (Repeated 2 times in the last 5.000s)
2025-04-23 04:29:42,848 [timer5] WARN  server.GrpcLogAppender (GrpcLogAppender.java:lambda$resetClient$1(221)) - omNode-1@group-523986131536->omNode-3-GrpcLogAppender: Follower failed (request=null, errorCount=398); keep nextIndex (238) unchanged and retry. (Repeated 2 times in the last 5.000s)
2025-04-23 04:29:42,850 [timer0] WARN  server.GrpcLogAppender (GrpcLogAppender.java:lambda$resetClient$1(221)) - omNode-1@group-523986131536->omNode-3-GrpcLogAppender: Follower failed (request=null, errorCount=400); keep nextIndex (239) unchanged and retry. (Repeated 2 times in the last 5.000s)
2025-04-23 04:29:42,854 [omNode-3@group-523986131536-FollowerState] INFO  impl.FollowerState (FollowerState.java:runImpl(161)) - omNode-3@group-523986131536-FollowerState: change to CANDIDATE, lastRpcElapsedTime:1122292314ns, electionTimeout:1122ms
2025-04-23 04:29:42,854 [omNode-3@group-523986131536-FollowerState] INFO  impl.RoleInfo (RoleInfo.java:shutdownFollowerState(121)) - omNode-3: shutdown omNode-3@group-523986131536-FollowerState
2025-04-23 04:29:42,854 [omNode-3@group-523986131536-FollowerState] INFO  server.RaftServer$Division (RaftServerImpl.java:setRole(378)) - omNode-3@group-523986131536: changes role from  FOLLOWER to CANDIDATE at term 1 for changeToCandidate
2025-04-23 04:29:42,854 [omNode-3@group-523986131536-FollowerState] INFO  server.RaftServerConfigKeys (ConfUtils.java:logGet(46)) - raft.server.leaderelection.pre-vote = true (default)
2025-04-23 04:29:42,854 [omNode-3@group-523986131536-FollowerState] INFO  impl.RoleInfo (RoleInfo.java:updateAndGet(148)) - omNode-3: start omNode-3@group-523986131536-LeaderElection46
2025-04-23 04:29:42,854 [omNode-3@group-523986131536-LeaderElection46] INFO  impl.LeaderElection (LeaderElection.java:askForVotes(332)) - omNode-3@group-523986131536-LeaderElection46 PRE_VOTE round 0: submit vote requests at term 1 for conf: {index: 0, cur=peers:[omNode-3|localhost:15059, omNode-1|localhost:15051, omNode-2|localhost:15055]|listeners:[], old=null}
2025-04-23 04:29:42,855 [grpc-default-executor-0] INFO  server.RaftServer$Division (RaftServerImpl.java:requestVote(1407)) - omNode-2@group-523986131536: receive requestVote(PRE_VOTE, omNode-3, group-523986131536, 1, (t:1, i:44))
2025-04-23 04:29:42,855 [grpc-default-executor-0] INFO  impl.VoteContext (VoteContext.java:log(49)) - omNode-2@group-523986131536-FOLLOWER: reject PRE_VOTE from omNode-3: this server is a follower and still has a valid leader omNode-1 different than the candidate omNode-3
2025-04-23 04:29:42,855 [grpc-default-executor-4] INFO  server.RaftServer$Division (RaftServerImpl.java:requestVote(1407)) - omNode-1@group-523986131536: receive requestVote(PRE_VOTE, omNode-3, group-523986131536, 1, (t:1, i:44))
2025-04-23 04:29:42,856 [grpc-default-executor-0] INFO  server.RaftServer$Division (RaftServerImpl.java:requestVote(1441)) - omNode-2@group-523986131536 replies to PRE_VOTE vote request: omNode-3<-omNode-2#0:FAIL-t1. Peer's state: omNode-2@group-523986131536:t1, leader=omNode-1, voted=omNode-1, raftlog=Memoized:omNode-2@group-523986131536-SegmentedRaftLog:OPENED:c544:last(t:1, i:544), conf=conf: {index: 0, cur=peers:[omNode-3|localhost:15059, omNode-1|localhost:15051, omNode-2|localhost:15055]|listeners:[], old=null}
2025-04-23 04:29:42,856 [grpc-default-executor-4] INFO  impl.VoteContext (VoteContext.java:log(49)) - omNode-1@group-523986131536-LEADER: reject PRE_VOTE from omNode-3: this server is the leader and still has leadership
2025-04-23 04:29:42,856 [grpc-default-executor-4] INFO  server.RaftServer$Division (RaftServerImpl.java:requestVote(1441)) - omNode-1@group-523986131536 replies to PRE_VOTE vote request: omNode-3<-omNode-1#0:FAIL-t1. Peer's state: omNode-1@group-523986131536:t1, leader=omNode-1, voted=omNode-1, raftlog=Memoized:omNode-1@group-523986131536-SegmentedRaftLog:OPENED:c544:last(t:1, i:544), conf=conf: {index: 0, cur=peers:[omNode-3|localhost:15059, omNode-1|localhost:15051, omNode-2|localhost:15055]|listeners:[], old=null}
2025-04-23 04:29:42,856 [omNode-3@group-523986131536-LeaderElection46] INFO  impl.LeaderElection (LeaderElection.java:logAndReturn(90)) - omNode-3@group-523986131536-LeaderElection46: PRE_VOTE REJECTED received 2 response(s) and 0 exception(s):
2025-04-23 04:29:42,856 [omNode-3@group-523986131536-LeaderElection46] INFO  impl.LeaderElection (LeaderElection.java:logAndReturn(94)) -   Response 0: omNode-3<-omNode-1#0:FAIL-t1
2025-04-23 04:29:42,856 [omNode-3@group-523986131536-LeaderElection46] INFO  impl.LeaderElection (LeaderElection.java:logAndReturn(94)) -   Response 1: omNode-3<-omNode-2#0:FAIL-t1
2025-04-23 04:29:42,856 [omNode-3@group-523986131536-LeaderElection46] INFO  impl.LeaderElection (LeaderElection.java:askForVotes(334)) - omNode-3@group-523986131536-LeaderElection46 PRE_VOTE round 0: result REJECTED
2025-04-23 04:29:42,856 [omNode-3@group-523986131536-LeaderElection46] INFO  server.RaftServer$Division (RaftServerImpl.java:setRole(378)) - omNode-3@group-523986131536: changes role from CANDIDATE to FOLLOWER at term 1 for REJECTED
2025-04-23 04:29:42,856 [omNode-3@group-523986131536-LeaderElection46] INFO  impl.RoleInfo (RoleInfo.java:shutdownLeaderElection(141)) - omNode-3: shutdown omNode-3@group-523986131536-LeaderElection46
2025-04-23 04:29:42,856 [omNode-3@group-523986131536-LeaderElection46] INFO  impl.RoleInfo (RoleInfo.java:updateAndGet(148)) - omNode-3: start omNode-3@group-523986131536-FollowerState
2025-04-23 04:29:42,860 [timer6] WARN  server.GrpcLogAppender (GrpcLogAppender.java:lambda$resetClient$1(221)) - omNode-1@group-523986131536->omNode-3-GrpcLogAppender: Follower failed (request=null, errorCount=402); keep nextIndex (240) unchanged and retry. (Repeated 2 times in the last 5.001s)
2025-04-23 04:29:42,862 [timer1] WARN  server.GrpcLogAppender (GrpcLogAppender.java:lambda$resetClient$1(221)) - omNode-1@group-523986131536->omNode-3-GrpcLogAppender: Follower failed (request=null, errorCount=404); keep nextIndex (241) unchanged and retry. (Repeated 2 times in the last 5.000s)
2025-04-23 04:29:42,867 [timer4] WARN  server.GrpcLogAppender (GrpcLogAppender.java:lambda$resetClient$1(221)) - omNode-1@group-523986131536->omNode-3-GrpcLogAppender: Follower failed (request=null, errorCount=406); keep nextIndex (242) unchanged and retry. (Repeated 2 times in the last 5.001s)
2025-04-23 04:29:42,868 [timer6] WARN  server.GrpcLogAppender (GrpcLogAppender.java:lambda$resetClient$1(221)) - omNode-1@group-523986131536->omNode-3-GrpcLogAppender: Follower failed (request=null, errorCount=408); keep nextIndex (243) unchanged and retry. (Repeated 2 times in the last 5.000s)
2025-04-23 04:29:42,877 [timer3] WARN  server.GrpcLogAppender (GrpcLogAppender.java:lambda$resetClient$1(221)) - omNode-1@group-523986131536->omNode-3-GrpcLogAppender: Follower failed (request=null, errorCount=410); keep nextIndex (244) unchanged and retry. (Repeated 2 times in the last 4.999s)
2025-04-23 04:29:42,880 [timer6] WARN  server.GrpcLogAppender (GrpcLogAppender.java:lambda$resetClient$1(221)) - omNode-1@group-523986131536->omNode-3-GrpcLogAppender: Follower failed (request=null, errorCount=412); keep nextIndex (245) unchanged and retry. (Repeated 2 times in the last 5.000s)
2025-04-23 04:29:42,885 [timer1] WARN  server.GrpcLogAppender (GrpcLogAppender.java:lambda$resetClient$1(221)) - omNode-1@group-523986131536->omNode-3-GrpcLogAppender: Follower failed (request=null, errorCount=414); keep nextIndex (246) unchanged and retry. (Repeated 2 times in the last 5.001s)
2025-04-23 04:29:42,887 [timer5] WARN  server.GrpcLogAppender (GrpcLogAppender.java:lambda$resetClient$1(221)) - omNode-1@group-523986131536->omNode-3-GrpcLogAppender: Follower failed (request=null, errorCount=416); keep nextIndex (247) unchanged and retry. (Repeated 2 times in the last 5.000s)
2025-04-23 04:29:42,897 [timer1] WARN  server.GrpcLogAppender (GrpcLogAppender.java:lambda$resetClient$1(221)) - omNode-1@group-523986131536->omNode-3-GrpcLogAppender: Follower failed (request=null, errorCount=418); keep nextIndex (248) unchanged and retry. (Repeated 2 times in the last 5.001s)
2025-04-23 04:29:42,898 [timer3] WARN  server.GrpcLogAppender (GrpcLogAppender.java:lambda$resetClient$1(221)) - omNode-1@group-523986131536->omNode-3-GrpcLogAppender: Follower failed (request=null, errorCount=420); keep nextIndex (249) unchanged and retry. (Repeated 2 times in the last 5.000s)
2025-04-23 04:29:42,903 [timer6] WARN  server.GrpcLogAppender (GrpcLogAppender.java:lambda$resetClient$1(221)) - omNode-1@group-523986131536->omNode-3-GrpcLogAppender: Follower failed (request=null, errorCount=422); keep nextIndex (250) unchanged and retry. (Repeated 2 times in the last 5.000s)
2025-04-23 04:29:42,904 [timer1] WARN  server.GrpcLogAppender (GrpcLogAppender.java:lambda$resetClient$1(221)) - omNode-1@group-523986131536->omNode-3-GrpcLogAppender: Follower failed (request=null, errorCount=424); keep nextIndex (251) unchanged and retry. (Repeated 2 times in the last 5.000s)
2025-04-23 04:29:42,914 [timer6] WARN  server.GrpcLogAppender (GrpcLogAppender.java:lambda$resetClient$1(221)) - omNode-1@group-523986131536->omNode-3-GrpcLogAppender: Follower failed (request=null, errorCount=426); keep nextIndex (252) unchanged and retry. (Repeated 2 times in the last 5.000s)
2025-04-23 04:29:42,915 [timer0] WARN  server.GrpcLogAppender (GrpcLogAppender.java:lambda$resetClient$1(221)) - omNode-1@group-523986131536->omNode-3-GrpcLogAppender: Follower failed (request=null, errorCount=428); keep nextIndex (253) unchanged and retry. (Repeated 2 times in the last 5.000s)
2025-04-23 04:29:42,920 [timer3] WARN  server.GrpcLogAppender (GrpcLogAppender.java:lambda$resetClient$1(221)) - omNode-1@group-523986131536->omNode-3-GrpcLogAppender: Follower failed (request=null, errorCount=430); keep nextIndex (254) unchanged and retry. (Repeated 2 times in the last 5.000s)
2025-04-23 04:29:42,922 [timer6] WARN  server.GrpcLogAppender (GrpcLogAppender.java:lambda$resetClient$1(221)) - omNode-1@group-523986131536->omNode-3-GrpcLogAppender: Follower failed (request=null, errorCount=432); keep nextIndex (255) unchanged and retry. (Repeated 2 times in the last 5.000s)
2025-04-23 04:29:42,930 [timer3] WARN  server.GrpcLogAppender (GrpcLogAppender.java:lambda$resetClient$1(221)) - omNode-1@group-523986131536->omNode-3-GrpcLogAppender: Follower failed (request=null, errorCount=434); keep nextIndex (256) unchanged and retry. (Repeated 2 times in the last 5.000s)
2025-04-23 04:29:42,931 [timer6] WARN  server.GrpcLogAppender (GrpcLogAppender.java:lambda$resetClient$1(221)) - omNode-1@group-523986131536->omNode-3-GrpcLogAppender: Follower failed (request=null, errorCount=436); keep nextIndex (257) unchanged and retry. (Repeated 2 times in the last 5.000s)
2025-04-23 04:29:42,947 [timer1] WARN  server.GrpcLogAppender (GrpcLogAppender.java:lambda$resetClient$1(221)) - omNode-1@group-523986131536->omNode-3-GrpcLogAppender: Follower failed (request=null, errorCount=438); keep nextIndex (258) unchanged and retry. (Repeated 2 times in the last 5.001s)
2025-04-23 04:29:42,948 [timer4] WARN  server.GrpcLogAppender (GrpcLogAppender.java:lambda$resetClient$1(221)) - omNode-1@group-523986131536->omNode-3-GrpcLogAppender: Follower failed (request=null, errorCount=440); keep nextIndex (259) unchanged and retry. (Repeated 2 times in the last 5.001s)
2025-04-23 04:29:42,954 [timer1] WARN  server.GrpcLogAppender (GrpcLogAppender.java:lambda$resetClient$1(221)) - omNode-1@group-523986131536->omNode-3-GrpcLogAppender: Follower failed (request=null, errorCount=442); keep nextIndex (260) unchanged and retry. (Repeated 2 times in the last 5.000s)
2025-04-23 04:29:42,956 [timer4] WARN  server.GrpcLogAppender (GrpcLogAppender.java:lambda$resetClient$1(221)) - omNode-1@group-523986131536->omNode-3-GrpcLogAppender: Follower failed (request=null, errorCount=444); keep nextIndex (261) unchanged and retry. (Repeated 2 times in the last 5.001s)
2025-04-23 04:29:42,959 [timer7] WARN  server.GrpcLogAppender (GrpcLogAppender.java:lambda$resetClient$1(221)) - omNode-1@group-523986131536->omNode-3-GrpcLogAppender: Follower failed (request=null, errorCount=446); keep nextIndex (262) unchanged and retry. (Repeated 2 times in the last 5.000s)
2025-04-23 04:29:42,961 [timer2] WARN  server.GrpcLogAppender (GrpcLogAppender.java:lambda$resetClient$1(221)) - omNode-1@group-523986131536->omNode-3-GrpcLogAppender: Follower failed (request=null, errorCount=448); keep nextIndex (263) unchanged and retry. (Repeated 2 times in the last 5.001s)
2025-04-23 04:29:42,968 [timer7] WARN  server.GrpcLogAppender (GrpcLogAppender.java:lambda$resetClient$1(221)) - omNode-1@group-523986131536->omNode-3-GrpcLogAppender: Follower failed (request=null, errorCount=450); keep nextIndex (264) unchanged and retry. (Repeated 2 times in the last 5.000s)
2025-04-23 04:29:42,971 [timer2] WARN  server.GrpcLogAppender (GrpcLogAppender.java:lambda$resetClient$1(221)) - omNode-1@group-523986131536->omNode-3-GrpcLogAppender: Follower failed (request=null, errorCount=454); keep nextIndex (265) unchanged and retry. (Repeated 4 times in the last 5.000s)
2025-04-23 04:29:42,978 [timer7] WARN  server.GrpcLogAppender (GrpcLogAppender.java:lambda$resetClient$1(221)) - omNode-1@group-523986131536->omNode-3-GrpcLogAppender: Follower failed (request=null, errorCount=456); keep nextIndex (267) unchanged and retry. (Repeated 2 times in the last 5.000s)
2025-04-23 04:29:42,983 [timer4] WARN  server.GrpcLogAppender (GrpcLogAppender.java:lambda$resetClient$1(221)) - omNode-1@group-523986131536->omNode-3-GrpcLogAppender: Follower failed (request=null, errorCount=458); keep nextIndex (268) unchanged and retry. (Repeated 2 times in the last 5.000s)
2025-04-23 04:29:42,984 [timer7] WARN  server.GrpcLogAppender (GrpcLogAppender.java:lambda$resetClient$1(221)) - omNode-1@group-523986131536->omNode-3-GrpcLogAppender: Follower failed (request=null, errorCount=460); keep nextIndex (269) unchanged and retry. (Repeated 2 times in the last 5.000s)
2025-04-23 04:29:42,987 [timer2] WARN  server.GrpcLogAppender (GrpcLogAppender.java:lambda$resetClient$1(221)) - omNode-1@group-523986131536->omNode-3-GrpcLogAppender: Follower failed (request=null, errorCount=462); keep nextIndex (270) unchanged and retry. (Repeated 2 times in the last 5.000s)
2025-04-23 04:29:42,990 [timer7] WARN  server.GrpcLogAppender (GrpcLogAppender.java:lambda$resetClient$1(221)) - omNode-1@group-523986131536->omNode-3-GrpcLogAppender: Follower failed (request=null, errorCount=464); keep nextIndex (271) unchanged and retry. (Repeated 2 times in the last 5.000s)
2025-04-23 04:29:42,996 [timer1] WARN  server.GrpcLogAppender (GrpcLogAppender.java:lambda$resetClient$1(221)) - omNode-1@group-523986131536->omNode-3-GrpcLogAppender: Follower failed (request=null, errorCount=466); keep nextIndex (272) unchanged and retry. (Repeated 2 times in the last 5.000s)
2025-04-23 04:29:42,998 [timer4] WARN  server.GrpcLogAppender (GrpcLogAppender.java:lambda$resetClient$1(221)) - omNode-1@group-523986131536->omNode-3-GrpcLogAppender: Follower failed (request=null, errorCount=468); keep nextIndex (273) unchanged and retry. (Repeated 2 times in the last 5.000s)
2025-04-23 04:29:43,004 [timer6] WARN  server.GrpcLogAppender (GrpcLogAppender.java:lambda$resetClient$1(221)) - omNode-1@group-523986131536->omNode-3-GrpcLogAppender: Follower failed (request=null, errorCount=470); keep nextIndex (274) unchanged and retry. (Repeated 2 times in the last 5.001s)
2025-04-23 04:29:43,006 [timer1] WARN  server.GrpcLogAppender (GrpcLogAppender.java:lambda$resetClient$1(221)) - omNode-1@group-523986131536->omNode-3-GrpcLogAppender: Follower failed (request=null, errorCount=472); keep nextIndex (275) unchanged and retry. (Repeated 2 times in the last 5.000s)
2025-04-23 04:29:43,013 [timer5] WARN  server.GrpcLogAppender (GrpcLogAppender.java:lambda$resetClient$1(221)) - omNode-1@group-523986131536->omNode-3-GrpcLogAppender: Follower failed (request=null, errorCount=474); keep nextIndex (276) unchanged and retry. (Repeated 2 times in the last 5.001s)
2025-04-23 04:29:43,016 [timer0] WARN  server.GrpcLogAppender (GrpcLogAppender.java:lambda$resetClient$1(221)) - omNode-1@group-523986131536->omNode-3-GrpcLogAppender: Follower failed (request=null, errorCount=476); keep nextIndex (277) unchanged and retry. (Repeated 2 times in the last 5.001s)
2025-04-23 04:29:43,021 [timer5] WARN  server.GrpcLogAppender (GrpcLogAppender.java:lambda$resetClient$1(221)) - omNode-1@group-523986131536->omNode-3-GrpcLogAppender: Follower failed (request=null, errorCount=478); keep nextIndex (278) unchanged and retry. (Repeated 2 times in the last 5.000s)
2025-04-23 04:29:43,024 [timer6] WARN  server.GrpcLogAppender (GrpcLogAppender.java:lambda$resetClient$1(221)) - omNode-1@group-523986131536->omNode-3-GrpcLogAppender: Follower failed (request=null, errorCount=480); keep nextIndex (279) unchanged and retry. (Repeated 2 times in the last 5.000s)
2025-04-23 04:29:43,031 [timer3] WARN  server.GrpcLogAppender (GrpcLogAppender.java:lambda$resetClient$1(221)) - omNode-1@group-523986131536->omNode-3-GrpcLogAppender: Follower failed (request=null, errorCount=482); keep nextIndex (280) unchanged and retry. (Repeated 2 times in the last 5.001s)
2025-04-23 04:29:43,032 [timer6] WARN  server.GrpcLogAppender (GrpcLogAppender.java:lambda$resetClient$1(221)) - omNode-1@group-523986131536->omNode-3-GrpcLogAppender: Follower failed (request=null, errorCount=484); keep nextIndex (281) unchanged and retry. (Repeated 2 times in the last 4.999s)
2025-04-23 04:29:43,038 [timer2] WARN  server.GrpcLogAppender (GrpcLogAppender.java:lambda$resetClient$1(221)) - omNode-1@group-523986131536->omNode-3-GrpcLogAppender: Follower failed (request=null, errorCount=486); keep nextIndex (282) unchanged and retry. (Repeated 2 times in the last 5.000s)
2025-04-23 04:29:43,040 [timer4] WARN  server.GrpcLogAppender (GrpcLogAppender.java:lambda$resetClient$1(221)) - omNode-1@group-523986131536->omNode-3-GrpcLogAppender: Follower failed (request=null, errorCount=488); keep nextIndex (283) unchanged and retry. (Repeated 2 times in the last 5.000s)
2025-04-23 04:29:43,048 [timer0] WARN  server.GrpcLogAppender (GrpcLogAppender.java:lambda$resetClient$1(221)) - omNode-1@group-523986131536->omNode-3-GrpcLogAppender: Follower failed (request=null, errorCount=490); keep nextIndex (284) unchanged and retry. (Repeated 2 times in the last 5.000s)
2025-04-23 04:29:43,049 [timer4] WARN  server.GrpcLogAppender (GrpcLogAppender.java:lambda$resetClient$1(221)) - omNode-1@group-523986131536->omNode-3-GrpcLogAppender: Follower failed (request=null, errorCount=492); keep nextIndex (285) unchanged and retry. (Repeated 2 times in the last 5.000s)
2025-04-23 04:29:43,054 [timer7] WARN  server.GrpcLogAppender (GrpcLogAppender.java:lambda$resetClient$1(221)) - omNode-1@group-523986131536->omNode-3-GrpcLogAppender: Follower failed (request=null, errorCount=494); keep nextIndex (286) unchanged and retry. (Repeated 2 times in the last 5.000s)
2025-04-23 04:29:43,056 [timer2] WARN  server.GrpcLogAppender (GrpcLogAppender.java:lambda$resetClient$1(221)) - omNode-1@group-523986131536->omNode-3-GrpcLogAppender: Follower failed (request=null, errorCount=496); keep nextIndex (287) unchanged and retry. (Repeated 2 times in the last 5.000s)
2025-04-23 04:29:43,063 [timer7] WARN  server.GrpcLogAppender (GrpcLogAppender.java:lambda$resetClient$1(221)) - omNode-1@group-523986131536->omNode-3-GrpcLogAppender: Follower failed (request=null, errorCount=498); keep nextIndex (288) unchanged and retry. (Repeated 2 times in the last 5.000s)
2025-04-23 04:29:43,067 [timer3] WARN  server.GrpcLogAppender (GrpcLogAppender.java:lambda$resetClient$1(221)) - omNode-1@group-523986131536->omNode-3-GrpcLogAppender: Follower failed (request=null, errorCount=500); keep nextIndex (289) unchanged and retry. (Repeated 2 times in the last 5.001s)
2025-04-23 04:29:43,071 [timer5] WARN  server.GrpcLogAppender (GrpcLogAppender.java:lambda$resetClient$1(221)) - omNode-1@group-523986131536->omNode-3-GrpcLogAppender: Follower failed (request=null, errorCount=502); keep nextIndex (290) unchanged and retry. (Repeated 2 times in the last 5.001s)
2025-04-23 04:29:43,071 [timer0] WARN  server.GrpcLogAppender (GrpcLogAppender.java:lambda$resetClient$1(221)) - omNode-1@group-523986131536->omNode-3-GrpcLogAppender: Follower failed (request=null, errorCount=504); keep nextIndex (291) unchanged and retry. (Repeated 2 times in the last 5.000s)
2025-04-23 04:29:43,080 [timer4] WARN  server.GrpcLogAppender (GrpcLogAppender.java:lambda$resetClient$1(221)) - omNode-1@group-523986131536->omNode-3-GrpcLogAppender: Follower failed (request=null, errorCount=506); keep nextIndex (292) unchanged and retry. (Repeated 2 times in the last 5.001s)
2025-04-23 04:29:43,082 [timer0] WARN  server.GrpcLogAppender (GrpcLogAppender.java:lambda$resetClient$1(221)) - omNode-1@group-523986131536->omNode-3-GrpcLogAppender: Follower failed (request=null, errorCount=508); keep nextIndex (293) unchanged and retry. (Repeated 2 times in the last 5.000s)
2025-04-23 04:29:43,085 [timer3] WARN  server.GrpcLogAppender (GrpcLogAppender.java:lambda$resetClient$1(221)) - omNode-1@group-523986131536->omNode-3-GrpcLogAppender: Follower failed (request=null, errorCount=510); keep nextIndex (294) unchanged and retry. (Repeated 2 times in the last 5.000s)
2025-04-23 04:29:43,087 [timer6] WARN  server.GrpcLogAppender (GrpcLogAppender.java:lambda$resetClient$1(221)) - omNode-1@group-523986131536->omNode-3-GrpcLogAppender: Follower failed (request=null, errorCount=512); keep nextIndex (295) unchanged and retry. (Repeated 2 times in the last 5.000s)
2025-04-23 04:29:43,095 [timer3] WARN  server.GrpcLogAppender (GrpcLogAppender.java:lambda$resetClient$1(221)) - omNode-1@group-523986131536->omNode-3-GrpcLogAppender: Follower failed (request=null, errorCount=514); keep nextIndex (296) unchanged and retry. (Repeated 2 times in the last 5.000s)
2025-04-23 04:29:43,097 [timer6] WARN  server.GrpcLogAppender (GrpcLogAppender.java:lambda$resetClient$1(221)) - omNode-1@group-523986131536->omNode-3-GrpcLogAppender: Follower failed (request=null, errorCount=516); keep nextIndex (297) unchanged and retry. (Repeated 2 times in the last 5.000s)
2025-04-23 04:29:43,101 [timer0] WARN  server.GrpcLogAppender (GrpcLogAppender.java:lambda$resetClient$1(221)) - omNode-1@group-523986131536->omNode-3-GrpcLogAppender: Follower failed (request=null, errorCount=518); keep nextIndex (298) unchanged and retry. (Repeated 2 times in the last 4.999s)
2025-04-23 04:29:43,104 [timer3] WARN  server.GrpcLogAppender (GrpcLogAppender.java:lambda$resetClient$1(221)) - omNode-1@group-523986131536->omNode-3-GrpcLogAppender: Follower failed (request=null, errorCount=520); keep nextIndex (299) unchanged and retry. (Repeated 2 times in the last 5.001s)
2025-04-23 04:29:43,111 [timer0] WARN  server.GrpcLogAppender (GrpcLogAppender.java:lambda$resetClient$1(221)) - omNode-1@group-523986131536->omNode-3-GrpcLogAppender: Follower failed (request=null, errorCount=522); keep nextIndex (300) unchanged and retry. (Repeated 2 times in the last 5.000s)
2025-04-23 04:29:43,113 [timer3] WARN  server.GrpcLogAppender (GrpcLogAppender.java:lambda$resetClient$1(221)) - omNode-1@group-523986131536->omNode-3-GrpcLogAppender: Follower failed (request=null, errorCount=524); keep nextIndex (301) unchanged and retry. (Repeated 2 times in the last 5.000s)
2025-04-23 04:29:43,118 [timer5] WARN  server.GrpcLogAppender (GrpcLogAppender.java:lambda$resetClient$1(221)) - omNode-1@group-523986131536->omNode-3-GrpcLogAppender: Follower failed (request=null, errorCount=526); keep nextIndex (302) unchanged and retry. (Repeated 2 times in the last 5.000s)
2025-04-23 04:29:43,121 [timer0] WARN  server.GrpcLogAppender (GrpcLogAppender.java:lambda$resetClient$1(221)) - omNode-1@group-523986131536->omNode-3-GrpcLogAppender: Follower failed (request=null, errorCount=528); keep nextIndex (303) unchanged and retry. (Repeated 2 times in the last 5.001s)
2025-04-23 04:29:43,134 [timer5] WARN  server.GrpcLogAppender (GrpcLogAppender.java:lambda$resetClient$1(221)) - omNode-1@group-523986131536->omNode-3-GrpcLogAppender: Follower failed (request=null, errorCount=530); keep nextIndex (304) unchanged and retry. (Repeated 2 times in the last 4.999s)
2025-04-23 04:29:43,136 [timer0] WARN  server.GrpcLogAppender (GrpcLogAppender.java:lambda$resetClient$1(221)) - omNode-1@group-523986131536->omNode-3-GrpcLogAppender: Follower failed (request=null, errorCount=532); keep nextIndex (305) unchanged and retry. (Repeated 2 times in the last 5.000s)
2025-04-23 04:29:43,142 [timer2] WARN  server.GrpcLogAppender (GrpcLogAppender.java:lambda$resetClient$1(221)) - omNode-1@group-523986131536->omNode-3-GrpcLogAppender: Follower failed (request=null, errorCount=534); keep nextIndex (306) unchanged and retry. (Repeated 2 times in the last 5.001s)
2025-04-23 04:29:43,144 [timer5] WARN  server.GrpcLogAppender (GrpcLogAppender.java:lambda$resetClient$1(221)) - omNode-1@group-523986131536->omNode-3-GrpcLogAppender: Follower failed (request=null, errorCount=536); keep nextIndex (307) unchanged and retry. (Repeated 2 times in the last 5.000s)
2025-04-23 04:29:43,155 [timer3] WARN  server.GrpcLogAppender (GrpcLogAppender.java:lambda$resetClient$1(221)) - omNode-1@group-523986131536->omNode-3-GrpcLogAppender: Follower failed (request=null, errorCount=538); keep nextIndex (308) unchanged and retry. (Repeated 2 times in the last 5.000s)
2025-04-23 04:29:43,157 [timer6] WARN  server.GrpcLogAppender (GrpcLogAppender.java:lambda$resetClient$1(221)) - omNode-1@group-523986131536->omNode-3-GrpcLogAppender: Follower failed (request=null, errorCount=540); keep nextIndex (309) unchanged and retry. (Repeated 2 times in the last 5.000s)
2025-04-23 04:29:43,170 [timer0] WARN  server.GrpcLogAppender (GrpcLogAppender.java:lambda$resetClient$1(221)) - omNode-1@group-523986131536->omNode-3-GrpcLogAppender: Follower failed (request=null, errorCount=542); keep nextIndex (310) unchanged and retry. (Repeated 2 times in the last 5.000s)
2025-04-23 04:29:43,172 [timer3] WARN  server.GrpcLogAppender (GrpcLogAppender.java:lambda$resetClient$1(221)) - omNode-1@group-523986131536->omNode-3-GrpcLogAppender: Follower failed (request=null, errorCount=544); keep nextIndex (311) unchanged and retry. (Repeated 2 times in the last 5.001s)
2025-04-23 04:29:43,181 [timer0] WARN  server.GrpcLogAppender (GrpcLogAppender.java:lambda$resetClient$1(221)) - omNode-1@group-523986131536->omNode-3-GrpcLogAppender: Follower failed (request=null, errorCount=546); keep nextIndex (312) unchanged and retry. (Repeated 2 times in the last 5.001s)
2025-04-23 04:29:43,184 [timer3] WARN  server.GrpcLogAppender (GrpcLogAppender.java:lambda$resetClient$1(221)) - omNode-1@group-523986131536->omNode-3-GrpcLogAppender: Follower failed (request=null, errorCount=548); keep nextIndex (313) unchanged and retry. (Repeated 2 times in the last 5.001s)
2025-04-23 04:29:43,186 [timer5] WARN  server.GrpcLogAppender (GrpcLogAppender.java:lambda$resetClient$1(221)) - omNode-1@group-523986131536->omNode-3-GrpcLogAppender: Follower failed (request=null, errorCount=550); keep nextIndex (314) unchanged and retry. (Repeated 2 times in the last 5.000s)
2025-04-23 04:29:43,190 [timer0] WARN  server.GrpcLogAppender (GrpcLogAppender.java:lambda$resetClient$1(221)) - omNode-1@group-523986131536->omNode-3-GrpcLogAppender: Follower failed (request=null, errorCount=552); keep nextIndex (315) unchanged and retry. (Repeated 2 times in the last 5.000s)
2025-04-23 04:29:43,197 [timer5] WARN  server.GrpcLogAppender (GrpcLogAppender.java:lambda$resetClient$1(221)) - omNode-1@group-523986131536->omNode-3-GrpcLogAppender: Follower failed (request=null, errorCount=554); keep nextIndex (316) unchanged and retry. (Repeated 2 times in the last 5.000s)
2025-04-23 04:29:43,202 [timer0] WARN  server.GrpcLogAppender (GrpcLogAppender.java:lambda$resetClient$1(221)) - omNode-1@group-523986131536->omNode-3-GrpcLogAppender: Follower failed (request=null, errorCount=556); keep nextIndex (317) unchanged and retry. (Repeated 2 times in the last 5.000s)
2025-04-23 04:29:43,208 [timer3] WARN  server.GrpcLogAppender (GrpcLogAppender.java:lambda$resetClient$1(221)) - omNode-1@group-523986131536->omNode-3-GrpcLogAppender: Follower failed (request=null, errorCount=558); keep nextIndex (318) unchanged and retry. (Repeated 2 times in the last 5.001s)
2025-04-23 04:29:43,209 [timer6] WARN  server.GrpcLogAppender (GrpcLogAppender.java:lambda$resetClient$1(221)) - omNode-1@group-523986131536->omNode-3-GrpcLogAppender: Follower failed (request=null, errorCount=560); keep nextIndex (319) unchanged and retry. (Repeated 2 times in the last 5.000s)
2025-04-23 04:29:43,223 [timer2] WARN  server.GrpcLogAppender (GrpcLogAppender.java:lambda$resetClient$1(221)) - omNode-1@group-523986131536->omNode-3-GrpcLogAppender: Follower failed (request=null, errorCount=562); keep nextIndex (320) unchanged and retry. (Repeated 2 times in the last 5.000s)
2025-04-23 04:29:43,226 [timer5] WARN  server.GrpcLogAppender (GrpcLogAppender.java:lambda$resetClient$1(221)) - omNode-1@group-523986131536->omNode-3-GrpcLogAppender: Follower failed (request=null, errorCount=566); keep nextIndex (321) unchanged and retry. (Repeated 4 times in the last 5.001s)
2025-04-23 04:29:43,233 [timer2] WARN  server.GrpcLogAppender (GrpcLogAppender.java:lambda$resetClient$1(221)) - omNode-1@group-523986131536->omNode-3-GrpcLogAppender: Follower failed (request=null, errorCount=568); keep nextIndex (323) unchanged and retry. (Repeated 2 times in the last 5.000s)
2025-04-23 04:29:43,241 [timer7] WARN  server.GrpcLogAppender (GrpcLogAppender.java:lambda$resetClient$1(221)) - omNode-1@group-523986131536->omNode-3-GrpcLogAppender: Follower failed (request=null, errorCount=570); keep nextIndex (324) unchanged and retry. (Repeated 2 times in the last 5.000s)
2025-04-23 04:29:43,244 [timer2] WARN  server.GrpcLogAppender (GrpcLogAppender.java:lambda$resetClient$1(221)) - omNode-1@group-523986131536->omNode-3-GrpcLogAppender: Follower failed (request=null, errorCount=572); keep nextIndex (325) unchanged and retry. (Repeated 2 times in the last 5.000s)
2025-04-23 04:29:43,247 [timer5] WARN  server.GrpcLogAppender (GrpcLogAppender.java:lambda$resetClient$1(221)) - omNode-1@group-523986131536->omNode-3-GrpcLogAppender: Follower failed (request=null, errorCount=574); keep nextIndex (326) unchanged and retry. (Repeated 2 times in the last 5.000s)
2025-04-23 04:29:43,249 [timer0] WARN  server.GrpcLogAppender (GrpcLogAppender.java:lambda$resetClient$1(221)) - omNode-1@group-523986131536->omNode-3-GrpcLogAppender: Follower failed (request=null, errorCount=576); keep nextIndex (327) unchanged and retry. (Repeated 2 times in the last 5.000s)
2025-04-23 04:29:43,258 [timer5] WARN  server.GrpcLogAppender (GrpcLogAppender.java:lambda$resetClient$1(221)) - omNode-1@group-523986131536->omNode-3-GrpcLogAppender: Follower failed (request=null, errorCount=578); keep nextIndex (328) unchanged and retry. (Repeated 2 times in the last 5.001s)
2025-04-23 04:29:43,259 [timer7] WARN  server.GrpcLogAppender (GrpcLogAppender.java:lambda$resetClient$1(221)) - omNode-1@group-523986131536->omNode-3-GrpcLogAppender: Follower failed (request=null, errorCount=580); keep nextIndex (329) unchanged and retry. (Repeated 2 times in the last 5.000s)
2025-04-23 04:29:43,265 [timer3] WARN  server.GrpcLogAppender (GrpcLogAppender.java:lambda$resetClient$1(221)) - omNode-1@group-523986131536->omNode-3-GrpcLogAppender: Follower failed (request=null, errorCount=582); keep nextIndex (330) unchanged and retry. (Repeated 2 times in the last 5.000s)
2025-04-23 04:29:43,266 [timer6] WARN  server.GrpcLogAppender (GrpcLogAppender.java:lambda$resetClient$1(221)) - omNode-1@group-523986131536->omNode-3-GrpcLogAppender: Follower failed (request=null, errorCount=584); keep nextIndex (331) unchanged and retry. (Repeated 2 times in the last 5.000s)
2025-04-23 04:29:43,276 [timer3] WARN  server.GrpcLogAppender (GrpcLogAppender.java:lambda$resetClient$1(221)) - omNode-1@group-523986131536->omNode-3-GrpcLogAppender: Follower failed (request=null, errorCount=586); keep nextIndex (332) unchanged and retry. (Repeated 2 times in the last 5.000s)
2025-04-23 04:29:43,278 [timer6] WARN  server.GrpcLogAppender (GrpcLogAppender.java:lambda$resetClient$1(221)) - omNode-1@group-523986131536->omNode-3-GrpcLogAppender: Follower failed (request=null, errorCount=588); keep nextIndex (333) unchanged and retry. (Repeated 2 times in the last 5.000s)
2025-04-23 04:29:43,283 [timer0] WARN  server.GrpcLogAppender (GrpcLogAppender.java:lambda$resetClient$1(221)) - omNode-1@group-523986131536->omNode-3-GrpcLogAppender: Follower failed (request=null, errorCount=590); keep nextIndex (334) unchanged and retry. (Repeated 2 times in the last 5.000s)
2025-04-23 04:29:43,285 [timer3] WARN  server.GrpcLogAppender (GrpcLogAppender.java:lambda$resetClient$1(221)) - omNode-1@group-523986131536->omNode-3-GrpcLogAppender: Follower failed (request=null, errorCount=592); keep nextIndex (335) unchanged and retry. (Repeated 2 times in the last 5.000s)
2025-04-23 04:29:43,293 [timer1] WARN  server.GrpcLogAppender (GrpcLogAppender.java:lambda$resetClient$1(221)) - omNode-1@group-523986131536->omNode-3-GrpcLogAppender: Follower failed (request=null, errorCount=594); keep nextIndex (336) unchanged and retry. (Repeated 2 times in the last 5.001s)
2025-04-23 04:29:43,295 [timer3] WARN  server.GrpcLogAppender (GrpcLogAppender.java:lambda$resetClient$1(221)) - omNode-1@group-523986131536->omNode-3-GrpcLogAppender: Follower failed (request=null, errorCount=596); keep nextIndex (337) unchanged and retry. (Repeated 2 times in the last 5.001s)
2025-04-23 04:29:43,299 [timer6] WARN  server.GrpcLogAppender (GrpcLogAppender.java:lambda$resetClient$1(221)) - omNode-1@group-523986131536->omNode-3-GrpcLogAppender: Follower failed (request=null, errorCount=598); keep nextIndex (338) unchanged and retry. (Repeated 2 times in the last 4.999s)
2025-04-23 04:29:43,301 [timer0] WARN  server.GrpcLogAppender (GrpcLogAppender.java:lambda$resetClient$1(221)) - omNode-1@group-523986131536->omNode-3-GrpcLogAppender: Follower failed (request=null, errorCount=600); keep nextIndex (339) unchanged and retry. (Repeated 2 times in the last 5.000s)
2025-04-23 04:29:43,310 [timer5] WARN  server.GrpcLogAppender (GrpcLogAppender.java:lambda$resetClient$1(221)) - omNode-1@group-523986131536->omNode-3-GrpcLogAppender: Follower failed (request=null, errorCount=602); keep nextIndex (340) unchanged and retry. (Repeated 2 times in the last 4.999s)
2025-04-23 04:29:43,312 [timer7] WARN  server.GrpcLogAppender (GrpcLogAppender.java:lambda$resetClient$1(221)) - omNode-1@group-523986131536->omNode-3-GrpcLogAppender: Follower failed (request=null, errorCount=604); keep nextIndex (341) unchanged and retry. (Repeated 2 times in the last 5.000s)
2025-04-23 04:29:43,318 [timer2] WARN  server.GrpcLogAppender (GrpcLogAppender.java:lambda$resetClient$1(221)) - omNode-1@group-523986131536->omNode-3-GrpcLogAppender: Follower failed (request=null, errorCount=606); keep nextIndex (342) unchanged and retry. (Repeated 2 times in the last 5.000s)
2025-04-23 04:29:43,320 [timer5] WARN  server.GrpcLogAppender (GrpcLogAppender.java:lambda$resetClient$1(221)) - omNode-1@group-523986131536->omNode-3-GrpcLogAppender: Follower failed (request=null, errorCount=608); keep nextIndex (343) unchanged and retry. (Repeated 2 times in the last 5.000s)
2025-04-23 04:29:43,332 [timer3] WARN  server.GrpcLogAppender (GrpcLogAppender.java:lambda$resetClient$1(221)) - omNode-1@group-523986131536->omNode-3-GrpcLogAppender: Follower failed (request=null, errorCount=610); keep nextIndex (344) unchanged and retry. (Repeated 2 times in the last 5.001s)
2025-04-23 04:29:43,334 [timer5] WARN  server.GrpcLogAppender (GrpcLogAppender.java:lambda$resetClient$1(221)) - omNode-1@group-523986131536->omNode-3-GrpcLogAppender: Follower failed (request=null, errorCount=612); keep nextIndex (345) unchanged and retry. (Repeated 2 times in the last 5.000s)
2025-04-23 04:29:43,338 [timer0] WARN  server.GrpcLogAppender (GrpcLogAppender.java:lambda$resetClient$1(221)) - omNode-1@group-523986131536->omNode-3-GrpcLogAppender: Follower failed (request=null, errorCount=614); keep nextIndex (346) unchanged and retry. (Repeated 2 times in the last 5.000s)
2025-04-23 04:29:43,341 [timer3] WARN  server.GrpcLogAppender (GrpcLogAppender.java:lambda$resetClient$1(221)) - omNode-1@group-523986131536->omNode-3-GrpcLogAppender: Follower failed (request=null, errorCount=616); keep nextIndex (347) unchanged and retry. (Repeated 2 times in the last 5.001s)
2025-04-23 04:29:43,351 [timer0] WARN  server.GrpcLogAppender (GrpcLogAppender.java:lambda$resetClient$1(221)) - omNode-1@group-523986131536->omNode-3-GrpcLogAppender: Follower failed (request=null, errorCount=618); keep nextIndex (348) unchanged and retry. (Repeated 2 times in the last 5.000s)
2025-04-23 04:29:43,354 [timer3] WARN  server.GrpcLogAppender (GrpcLogAppender.java:lambda$resetClient$1(221)) - omNode-1@group-523986131536->omNode-3-GrpcLogAppender: Follower failed (request=null, errorCount=620); keep nextIndex (349) unchanged and retry. (Repeated 2 times in the last 5.001s)
2025-04-23 04:29:43,358 [timer6] WARN  server.GrpcLogAppender (GrpcLogAppender.java:lambda$resetClient$1(221)) - omNode-1@group-523986131536->omNode-3-GrpcLogAppender: Follower failed (request=null, errorCount=622); keep nextIndex (350) unchanged and retry. (Repeated 2 times in the last 5.000s)
2025-04-23 04:29:43,359 [timer1] WARN  server.GrpcLogAppender (GrpcLogAppender.java:lambda$resetClient$1(221)) - omNode-1@group-523986131536->omNode-3-GrpcLogAppender: Follower failed (request=null, errorCount=624); keep nextIndex (351) unchanged and retry. (Repeated 2 times in the last 5.000s)
2025-04-23 04:29:43,367 [timer6] WARN  server.GrpcLogAppender (GrpcLogAppender.java:lambda$resetClient$1(221)) - omNode-1@group-523986131536->omNode-3-GrpcLogAppender: Follower failed (request=null, errorCount=626); keep nextIndex (352) unchanged and retry. (Repeated 2 times in the last 4.999s)
2025-04-23 04:29:43,369 [timer1] WARN  server.GrpcLogAppender (GrpcLogAppender.java:lambda$resetClient$1(221)) - omNode-1@group-523986131536->omNode-3-GrpcLogAppender: Follower failed (request=null, errorCount=628); keep nextIndex (353) unchanged and retry. (Repeated 2 times in the last 5.001s)
2025-04-23 04:29:43,375 [timer4] WARN  server.GrpcLogAppender (GrpcLogAppender.java:lambda$resetClient$1(221)) - omNode-1@group-523986131536->omNode-3-GrpcLogAppender: Follower failed (request=null, errorCount=630); keep nextIndex (354) unchanged and retry. (Repeated 2 times in the last 5.001s)
2025-04-23 04:29:43,377 [timer7] WARN  server.GrpcLogAppender (GrpcLogAppender.java:lambda$resetClient$1(221)) - omNode-1@group-523986131536->omNode-3-GrpcLogAppender: Follower failed (request=null, errorCount=632); keep nextIndex (355) unchanged and retry. (Repeated 2 times in the last 5.000s)
2025-04-23 04:29:43,385 [timer4] WARN  server.GrpcLogAppender (GrpcLogAppender.java:lambda$resetClient$1(221)) - omNode-1@group-523986131536->omNode-3-GrpcLogAppender: Follower failed (request=null, errorCount=634); keep nextIndex (356) unchanged and retry. (Repeated 2 times in the last 5.001s)
2025-04-23 04:29:43,387 [timer7] WARN  server.GrpcLogAppender (GrpcLogAppender.java:lambda$resetClient$1(221)) - omNode-1@group-523986131536->omNode-3-GrpcLogAppender: Follower failed (request=null, errorCount=636); keep nextIndex (357) unchanged and retry. (Repeated 2 times in the last 4.999s)
2025-04-23 04:29:43,396 [timer2] WARN  server.GrpcLogAppender (GrpcLogAppender.java:lambda$resetClient$1(221)) - omNode-1@group-523986131536->omNode-3-GrpcLogAppender: Follower failed (request=null, errorCount=638); keep nextIndex (358) unchanged and retry. (Repeated 2 times in the last 4.999s)
2025-04-23 04:29:43,399 [timer4] WARN  server.GrpcLogAppender (GrpcLogAppender.java:lambda$resetClient$1(221)) - omNode-1@group-523986131536->omNode-3-GrpcLogAppender: Follower failed (request=null, errorCount=640); keep nextIndex (359) unchanged and retry. (Repeated 2 times in the last 5.001s)
2025-04-23 04:29:43,419 [timer1] WARN  server.GrpcLogAppender (GrpcLogAppender.java:lambda$resetClient$1(221)) - omNode-1@group-523986131536->omNode-3-GrpcLogAppender: Follower failed (request=null, errorCount=642); keep nextIndex (360) unchanged and retry. (Repeated 2 times in the last 5.000s)
2025-04-23 04:29:43,420 [timer4] WARN  server.GrpcLogAppender (GrpcLogAppender.java:lambda$resetClient$1(221)) - omNode-1@group-523986131536->omNode-3-GrpcLogAppender: Follower failed (request=null, errorCount=644); keep nextIndex (361) unchanged and retry. (Repeated 2 times in the last 4.999s)
2025-04-23 04:29:43,424 [timer7] WARN  server.GrpcLogAppender (GrpcLogAppender.java:lambda$resetClient$1(221)) - omNode-1@group-523986131536->omNode-3-GrpcLogAppender: Follower failed (request=null, errorCount=646); keep nextIndex (362) unchanged and retry. (Repeated 2 times in the last 5.000s)
2025-04-23 04:29:43,426 [timer1] WARN  server.GrpcLogAppender (GrpcLogAppender.java:lambda$resetClient$1(221)) - omNode-1@group-523986131536->omNode-3-GrpcLogAppender: Follower failed (request=null, errorCount=648); keep nextIndex (363) unchanged and retry. (Repeated 2 times in the last 5.000s)
2025-04-23 04:29:43,434 [timer7] WARN  server.GrpcLogAppender (GrpcLogAppender.java:lambda$resetClient$1(221)) - omNode-1@group-523986131536->omNode-3-GrpcLogAppender: Follower failed (request=null, errorCount=650); keep nextIndex (364) unchanged and retry. (Repeated 2 times in the last 5.000s)
2025-04-23 04:29:43,438 [timer2] WARN  server.GrpcLogAppender (GrpcLogAppender.java:lambda$resetClient$1(221)) - omNode-1@group-523986131536->omNode-3-GrpcLogAppender: Follower failed (request=null, errorCount=652); keep nextIndex (365) unchanged and retry. (Repeated 2 times in the last 5.000s)
2025-04-23 04:29:43,440 [timer5] WARN  server.GrpcLogAppender (GrpcLogAppender.java:lambda$resetClient$1(221)) - omNode-1@group-523986131536->omNode-3-GrpcLogAppender: Follower failed (request=null, errorCount=654); keep nextIndex (366) unchanged and retry. (Repeated 2 times in the last 5.000s)
2025-04-23 04:29:43,443 [timer0] WARN  server.GrpcLogAppender (GrpcLogAppender.java:lambda$resetClient$1(221)) - omNode-1@group-523986131536->omNode-3-GrpcLogAppender: Follower failed (request=null, errorCount=656); keep nextIndex (367) unchanged and retry. (Repeated 2 times in the last 5.000s)
2025-04-23 04:29:43,449 [timer5] WARN  server.GrpcLogAppender (GrpcLogAppender.java:lambda$resetClient$1(221)) - omNode-1@group-523986131536->omNode-3-GrpcLogAppender: Follower failed (request=null, errorCount=658); keep nextIndex (368) unchanged and retry. (Repeated 2 times in the last 5.001s)
2025-04-23 04:29:43,451 [timer0] WARN  server.GrpcLogAppender (GrpcLogAppender.java:lambda$resetClient$1(221)) - omNode-1@group-523986131536->omNode-3-GrpcLogAppender: Follower failed (request=null, errorCount=660); keep nextIndex (369) unchanged and retry. (Repeated 2 times in the last 5.000s)
2025-04-23 04:29:43,457 [timer3] WARN  server.GrpcLogAppender (GrpcLogAppender.java:lambda$resetClient$1(221)) - omNode-1@group-523986131536->omNode-3-GrpcLogAppender: Follower failed (request=null, errorCount=662); keep nextIndex (370) unchanged and retry. (Repeated 2 times in the last 5.000s)
2025-04-23 04:29:43,458 [timer6] WARN  server.GrpcLogAppender (GrpcLogAppender.java:lambda$resetClient$1(221)) - omNode-1@group-523986131536->omNode-3-GrpcLogAppender: Follower failed (request=null, errorCount=664); keep nextIndex (371) unchanged and retry. (Repeated 2 times in the last 5.000s)
2025-04-23 04:29:43,466 [timer3] WARN  server.GrpcLogAppender (GrpcLogAppender.java:lambda$resetClient$1(221)) - omNode-1@group-523986131536->omNode-3-GrpcLogAppender: Follower failed (request=null, errorCount=666); keep nextIndex (372) unchanged and retry. (Repeated 2 times in the last 5.000s)
2025-04-23 04:29:43,468 [timer6] WARN  server.GrpcLogAppender (GrpcLogAppender.java:lambda$resetClient$1(221)) - omNode-1@group-523986131536->omNode-3-GrpcLogAppender: Follower failed (request=null, errorCount=668); keep nextIndex (373) unchanged and retry. (Repeated 2 times in the last 5.001s)
2025-04-23 04:29:43,472 [timer1] WARN  server.GrpcLogAppender (GrpcLogAppender.java:lambda$resetClient$1(221)) - omNode-1@group-523986131536->omNode-3-GrpcLogAppender: Follower failed (request=null, errorCount=670); keep nextIndex (374) unchanged and retry. (Repeated 2 times in the last 5.000s)
2025-04-23 04:29:43,474 [timer4] WARN  server.GrpcLogAppender (GrpcLogAppender.java:lambda$resetClient$1(221)) - omNode-1@group-523986131536->omNode-3-GrpcLogAppender: Follower failed (request=null, errorCount=674); keep nextIndex (375) unchanged and retry. (Repeated 4 times in the last 5.000s)
2025-04-23 04:29:43,484 [timer2] WARN  server.GrpcLogAppender (GrpcLogAppender.java:lambda$resetClient$1(221)) - omNode-1@group-523986131536->omNode-3-GrpcLogAppender: Follower failed (request=null, errorCount=676); keep nextIndex (377) unchanged and retry. (Repeated 2 times in the last 5.000s)
2025-04-23 04:29:43,489 [timer5] WARN  server.GrpcLogAppender (GrpcLogAppender.java:lambda$resetClient$1(221)) - omNode-1@group-523986131536->omNode-3-GrpcLogAppender: Follower failed (request=null, errorCount=678); keep nextIndex (378) unchanged and retry. (Repeated 2 times in the last 5.000s)
2025-04-23 04:29:43,493 [timer0] WARN  server.GrpcLogAppender (GrpcLogAppender.java:lambda$resetClient$1(221)) - omNode-1@group-523986131536->omNode-3-GrpcLogAppender: Follower failed (request=null, errorCount=680); keep nextIndex (379) unchanged and retry. (Repeated 2 times in the last 5.000s)
2025-04-23 04:29:43,502 [timer5] WARN  server.GrpcLogAppender (GrpcLogAppender.java:lambda$resetClient$1(221)) - omNode-1@group-523986131536->omNode-3-GrpcLogAppender: Follower failed (request=null, errorCount=682); keep nextIndex (380) unchanged and retry. (Repeated 2 times in the last 5.001s)
2025-04-23 04:29:43,503 [timer7] WARN  server.GrpcLogAppender (GrpcLogAppender.java:lambda$resetClient$1(221)) - omNode-1@group-523986131536->omNode-3-GrpcLogAppender: Follower failed (request=null, errorCount=684); keep nextIndex (381) unchanged and retry. (Repeated 2 times in the last 5.000s)
2025-04-23 04:29:43,508 [timer1] WARN  server.GrpcLogAppender (GrpcLogAppender.java:lambda$resetClient$1(221)) - omNode-1@group-523986131536->omNode-3-GrpcLogAppender: Follower failed (request=null, errorCount=686); keep nextIndex (382) unchanged and retry. (Repeated 2 times in the last 5.001s)
2025-04-23 04:29:43,509 [timer4] WARN  server.GrpcLogAppender (GrpcLogAppender.java:lambda$resetClient$1(221)) - omNode-1@group-523986131536->omNode-3-GrpcLogAppender: Follower failed (request=null, errorCount=688); keep nextIndex (383) unchanged and retry. (Repeated 2 times in the last 5.000s)
2025-04-23 04:29:43,518 [timer0] WARN  server.GrpcLogAppender (GrpcLogAppender.java:lambda$resetClient$1(221)) - omNode-1@group-523986131536->omNode-3-GrpcLogAppender: Follower failed (request=null, errorCount=690); keep nextIndex (384) unchanged and retry. (Repeated 2 times in the last 5.000s)
2025-04-23 04:29:43,520 [timer3] WARN  server.GrpcLogAppender (GrpcLogAppender.java:lambda$resetClient$1(221)) - omNode-1@group-523986131536->omNode-3-GrpcLogAppender: Follower failed (request=null, errorCount=692); keep nextIndex (385) unchanged and retry. (Repeated 2 times in the last 5.000s)
2025-04-23 04:29:43,525 [timer6] WARN  server.GrpcLogAppender (GrpcLogAppender.java:lambda$resetClient$1(221)) - omNode-1@group-523986131536->omNode-3-GrpcLogAppender: Follower failed (request=null, errorCount=694); keep nextIndex (386) unchanged and retry. (Repeated 2 times in the last 5.000s)
2025-04-23 04:29:43,527 [timer1] WARN  server.GrpcLogAppender (GrpcLogAppender.java:lambda$resetClient$1(221)) - omNode-1@group-523986131536->omNode-3-GrpcLogAppender: Follower failed (request=null, errorCount=696); keep nextIndex (387) unchanged and retry. (Repeated 2 times in the last 5.000s)
2025-04-23 04:29:43,537 [timer6] WARN  server.GrpcLogAppender (GrpcLogAppender.java:lambda$resetClient$1(221)) - omNode-1@group-523986131536->omNode-3-GrpcLogAppender: Follower failed (request=null, errorCount=698); keep nextIndex (388) unchanged and retry. (Repeated 2 times in the last 5.001s)
2025-04-23 04:29:43,538 [timer0] WARN  server.GrpcLogAppender (GrpcLogAppender.java:lambda$resetClient$1(221)) - omNode-1@group-523986131536->omNode-3-GrpcLogAppender: Follower failed (request=null, errorCount=700); keep nextIndex (389) unchanged and retry. (Repeated 2 times in the last 5.000s)
2025-04-23 04:29:43,545 [timer4] WARN  server.GrpcLogAppender (GrpcLogAppender.java:lambda$resetClient$1(221)) - omNode-1@group-523986131536->omNode-3-GrpcLogAppender: Follower failed (request=null, errorCount=702); keep nextIndex (390) unchanged and retry. (Repeated 2 times in the last 5.001s)
2025-04-23 04:29:43,547 [timer7] WARN  server.GrpcLogAppender (GrpcLogAppender.java:lambda$resetClient$1(221)) - omNode-1@group-523986131536->omNode-3-GrpcLogAppender: Follower failed (request=null, errorCount=704); keep nextIndex (391) unchanged and retry. (Repeated 2 times in the last 5.001s)
2025-04-23 04:29:43,556 [timer4] WARN  server.GrpcLogAppender (GrpcLogAppender.java:lambda$resetClient$1(221)) - omNode-1@group-523986131536->omNode-3-GrpcLogAppender: Follower failed (request=null, errorCount=706); keep nextIndex (392) unchanged and retry. (Repeated 2 times in the last 5.000s)
2025-04-23 04:29:43,557 [timer7] WARN  server.GrpcLogAppender (GrpcLogAppender.java:lambda$resetClient$1(221)) - omNode-1@group-523986131536->omNode-3-GrpcLogAppender: Follower failed (request=null, errorCount=708); keep nextIndex (393) unchanged and retry. (Repeated 2 times in the last 5.000s)
2025-04-23 04:29:43,562 [timer2] WARN  server.GrpcLogAppender (GrpcLogAppender.java:lambda$resetClient$1(221)) - omNode-1@group-523986131536->omNode-3-GrpcLogAppender: Follower failed (request=null, errorCount=710); keep nextIndex (394) unchanged and retry. (Repeated 2 times in the last 5.001s)
2025-04-23 04:29:43,564 [timer5] WARN  server.GrpcLogAppender (GrpcLogAppender.java:lambda$resetClient$1(221)) - omNode-1@group-523986131536->omNode-3-GrpcLogAppender: Follower failed (request=null, errorCount=712); keep nextIndex (395) unchanged and retry. (Repeated 2 times in the last 5.000s)
2025-04-23 04:29:43,575 [timer1] WARN  server.GrpcLogAppender (GrpcLogAppender.java:lambda$resetClient$1(221)) - omNode-1@group-523986131536->omNode-3-GrpcLogAppender: Follower failed (request=null, errorCount=714); keep nextIndex (396) unchanged and retry. (Repeated 2 times in the last 5.001s)
2025-04-23 04:29:43,576 [timer5] WARN  server.GrpcLogAppender (GrpcLogAppender.java:lambda$resetClient$1(221)) - omNode-1@group-523986131536->omNode-3-GrpcLogAppender: Follower failed (request=null, errorCount=716); keep nextIndex (397) unchanged and retry. (Repeated 2 times in the last 5.000s)
2025-04-23 04:29:43,582 [timer6] WARN  server.GrpcLogAppender (GrpcLogAppender.java:lambda$resetClient$1(221)) - omNode-1@group-523986131536->omNode-3-GrpcLogAppender: Follower failed (request=null, errorCount=718); keep nextIndex (398) unchanged and retry. (Repeated 2 times in the last 5.001s)
2025-04-23 04:29:43,584 [timer2] WARN  server.GrpcLogAppender (GrpcLogAppender.java:lambda$resetClient$1(221)) - omNode-1@group-523986131536->omNode-3-GrpcLogAppender: Follower failed (request=null, errorCount=720); keep nextIndex (399) unchanged and retry. (Repeated 2 times in the last 5.001s)
2025-04-23 04:29:43,594 [timer7] WARN  server.GrpcLogAppender (GrpcLogAppender.java:lambda$resetClient$1(221)) - omNode-1@group-523986131536->omNode-3-GrpcLogAppender: Follower failed (request=null, errorCount=722); keep nextIndex (400) unchanged and retry. (Repeated 2 times in the last 5.001s)
2025-04-23 04:29:43,594 [timer2] WARN  server.GrpcLogAppender (GrpcLogAppender.java:lambda$resetClient$1(221)) - omNode-1@group-523986131536->omNode-3-GrpcLogAppender: Follower failed (request=null, errorCount=724); keep nextIndex (401) unchanged and retry. (Repeated 2 times in the last 5.000s)
2025-04-23 04:29:43,599 [timer5] WARN  server.GrpcLogAppender (GrpcLogAppender.java:lambda$resetClient$1(221)) - omNode-1@group-523986131536->omNode-3-GrpcLogAppender: Follower failed (request=null, errorCount=726); keep nextIndex (402) unchanged and retry. (Repeated 2 times in the last 5.000s)
2025-04-23 04:29:43,602 [timer0] WARN  server.GrpcLogAppender (GrpcLogAppender.java:lambda$resetClient$1(221)) - omNode-1@group-523986131536->omNode-3-GrpcLogAppender: Follower failed (request=null, errorCount=728); keep nextIndex (403) unchanged and retry. (Repeated 2 times in the last 5.001s)
2025-04-23 04:29:43,611 [timer4] WARN  server.GrpcLogAppender (GrpcLogAppender.java:lambda$resetClient$1(221)) - omNode-1@group-523986131536->omNode-3-GrpcLogAppender: Follower failed (request=null, errorCount=730); keep nextIndex (404) unchanged and retry. (Repeated 2 times in the last 5.001s)
2025-04-23 04:29:43,614 [timer7] WARN  server.GrpcLogAppender (GrpcLogAppender.java:lambda$resetClient$1(221)) - omNode-1@group-523986131536->omNode-3-GrpcLogAppender: Follower failed (request=null, errorCount=732); keep nextIndex (405) unchanged and retry. (Repeated 2 times in the last 5.000s)
2025-04-23 04:29:43,620 [timer4] WARN  server.GrpcLogAppender (GrpcLogAppender.java:lambda$resetClient$1(221)) - omNode-1@group-523986131536->omNode-3-GrpcLogAppender: Follower failed (request=null, errorCount=734); keep nextIndex (406) unchanged and retry. (Repeated 2 times in the last 5.001s)
2025-04-23 04:29:43,621 [timer5] WARN  server.GrpcLogAppender (GrpcLogAppender.java:lambda$resetClient$1(221)) - omNode-1@group-523986131536->omNode-3-GrpcLogAppender: Follower failed (request=null, errorCount=736); keep nextIndex (407) unchanged and retry. (Repeated 2 times in the last 5.000s)
2025-04-23 04:29:43,656 [timer2] WARN  server.GrpcLogAppender (GrpcLogAppender.java:lambda$resetClient$1(221)) - omNode-1@group-523986131536->omNode-3-GrpcLogAppender: Follower failed (request=null, errorCount=738); keep nextIndex (408) unchanged and retry. (Repeated 2 times in the last 5.001s)
2025-04-23 04:29:43,656 [timer5] WARN  server.GrpcLogAppender (GrpcLogAppender.java:lambda$resetClient$1(221)) - omNode-1@group-523986131536->omNode-3-GrpcLogAppender: Follower failed (request=null, errorCount=740); keep nextIndex (409) unchanged and retry. (Repeated 2 times in the last 5.000s)
2025-04-23 04:29:43,660 [timer0] WARN  server.GrpcLogAppender (GrpcLogAppender.java:lambda$resetClient$1(221)) - omNode-1@group-523986131536->omNode-3-GrpcLogAppender: Follower failed (request=null, errorCount=742); keep nextIndex (410) unchanged and retry. (Repeated 2 times in the last 5.000s)
2025-04-23 04:29:43,662 [timer3] WARN  server.GrpcLogAppender (GrpcLogAppender.java:lambda$resetClient$1(221)) - omNode-1@group-523986131536->omNode-3-GrpcLogAppender: Follower failed (request=null, errorCount=744); keep nextIndex (411) unchanged and retry. (Repeated 2 times in the last 5.000s)
2025-04-23 04:29:43,667 [timer0] WARN  server.GrpcLogAppender (GrpcLogAppender.java:lambda$resetClient$1(221)) - omNode-1@group-523986131536->omNode-3-GrpcLogAppender: Follower failed (request=null, errorCount=746); keep nextIndex (412) unchanged and retry. (Repeated 2 times in the last 5.000s)
2025-04-23 04:29:43,668 [timer3] WARN  server.GrpcLogAppender (GrpcLogAppender.java:lambda$resetClient$1(221)) - omNode-1@group-523986131536->omNode-3-GrpcLogAppender: Follower failed (request=null, errorCount=748); keep nextIndex (413) unchanged and retry. (Repeated 2 times in the last 5.000s)
2025-04-23 04:29:43,672 [timer6] WARN  server.GrpcLogAppender (GrpcLogAppender.java:lambda$resetClient$1(221)) - omNode-1@group-523986131536->omNode-3-GrpcLogAppender: Follower failed (request=null, errorCount=750); keep nextIndex (414) unchanged and retry. (Repeated 2 times in the last 5.000s)
2025-04-23 04:29:43,674 [timer1] WARN  server.GrpcLogAppender (GrpcLogAppender.java:lambda$resetClient$1(221)) - omNode-1@group-523986131536->omNode-3-GrpcLogAppender: Follower failed (request=null, errorCount=752); keep nextIndex (415) unchanged and retry. (Repeated 2 times in the last 5.001s)
2025-04-23 04:29:43,680 [timer6] WARN  server.GrpcLogAppender (GrpcLogAppender.java:lambda$resetClient$1(221)) - omNode-1@group-523986131536->omNode-3-GrpcLogAppender: Follower failed (request=null, errorCount=754); keep nextIndex (416) unchanged and retry. (Repeated 2 times in the last 5.000s)
2025-04-23 04:29:43,681 [timer1] WARN  server.GrpcLogAppender (GrpcLogAppender.java:lambda$resetClient$1(221)) - omNode-1@group-523986131536->omNode-3-GrpcLogAppender: Follower failed (request=null, errorCount=756); keep nextIndex (417) unchanged and retry. (Repeated 2 times in the last 5.000s)
2025-04-23 04:29:43,688 [timer4] WARN  server.GrpcLogAppender (GrpcLogAppender.java:lambda$resetClient$1(221)) - omNode-1@group-523986131536->omNode-3-GrpcLogAppender: Follower failed (request=null, errorCount=758); keep nextIndex (418) unchanged and retry. (Repeated 2 times in the last 5.000s)
2025-04-23 04:29:43,689 [timer7] WARN  server.GrpcLogAppender (GrpcLogAppender.java:lambda$resetClient$1(221)) - omNode-1@group-523986131536->omNode-3-GrpcLogAppender: Follower failed (request=null, errorCount=760); keep nextIndex (419) unchanged and retry. (Repeated 2 times in the last 5.000s)
2025-04-23 04:29:43,699 [timer3] WARN  server.GrpcLogAppender (GrpcLogAppender.java:lambda$resetClient$1(221)) - omNode-1@group-523986131536->omNode-3-GrpcLogAppender: Follower failed (request=null, errorCount=762); keep nextIndex (420) unchanged and retry. (Repeated 2 times in the last 5.001s)
2025-04-23 04:29:43,700 [timer6] WARN  server.GrpcLogAppender (GrpcLogAppender.java:lambda$resetClient$1(221)) - omNode-1@group-523986131536->omNode-3-GrpcLogAppender: Follower failed (request=null, errorCount=764); keep nextIndex (421) unchanged and retry. (Repeated 2 times in the last 5.000s)
2025-04-23 04:29:43,706 [timer0] WARN  server.GrpcLogAppender (GrpcLogAppender.java:lambda$resetClient$1(221)) - omNode-1@group-523986131536->omNode-3-GrpcLogAppender: Follower failed (request=null, errorCount=766); keep nextIndex (422) unchanged and retry. (Repeated 2 times in the last 5.001s)
2025-04-23 04:29:43,708 [timer4] WARN  server.GrpcLogAppender (GrpcLogAppender.java:lambda$resetClient$1(221)) - omNode-1@group-523986131536->omNode-3-GrpcLogAppender: Follower failed (request=null, errorCount=768); keep nextIndex (423) unchanged and retry. (Repeated 2 times in the last 5.000s)
2025-04-23 04:29:43,725 [timer6] WARN  server.GrpcLogAppender (GrpcLogAppender.java:lambda$resetClient$1(221)) - omNode-1@group-523986131536->omNode-3-GrpcLogAppender: Follower failed (request=null, errorCount=770); keep nextIndex (424) unchanged and retry. (Repeated 2 times in the last 5.000s)
2025-04-23 04:29:43,726 [timer0] WARN  server.GrpcLogAppender (GrpcLogAppender.java:lambda$resetClient$1(221)) - omNode-1@group-523986131536->omNode-3-GrpcLogAppender: Follower failed (request=null, errorCount=772); keep nextIndex (425) unchanged and retry. (Repeated 2 times in the last 4.999s)
2025-04-23 04:29:43,733 [timer3] WARN  server.GrpcLogAppender (GrpcLogAppender.java:lambda$resetClient$1(221)) - omNode-1@group-523986131536->omNode-3-GrpcLogAppender: Follower failed (request=null, errorCount=776); keep nextIndex (426) unchanged and retry. (Repeated 4 times in the last 5.001s)
2025-04-23 04:29:43,744 [timer6] WARN  server.GrpcLogAppender (GrpcLogAppender.java:lambda$resetClient$1(221)) - omNode-1@group-523986131536->omNode-3-GrpcLogAppender: Follower failed (request=null, errorCount=778); keep nextIndex (428) unchanged and retry. (Repeated 2 times in the last 5.000s)
2025-04-23 04:29:43,745 [timer0] WARN  server.GrpcLogAppender (GrpcLogAppender.java:lambda$resetClient$1(221)) - omNode-1@group-523986131536->omNode-3-GrpcLogAppender: Follower failed (request=null, errorCount=780); keep nextIndex (429) unchanged and retry. (Repeated 2 times in the last 5.000s)
2025-04-23 04:29:43,751 [timer4] WARN  server.GrpcLogAppender (GrpcLogAppender.java:lambda$resetClient$1(221)) - omNode-1@group-523986131536->omNode-3-GrpcLogAppender: Follower failed (request=null, errorCount=782); keep nextIndex (430) unchanged and retry. (Repeated 2 times in the last 5.000s)
2025-04-23 04:29:43,752 [timer5] WARN  server.GrpcLogAppender (GrpcLogAppender.java:lambda$resetClient$1(221)) - omNode-1@group-523986131536->omNode-3-GrpcLogAppender: Follower failed (request=null, errorCount=784); keep nextIndex (431) unchanged and retry. (Repeated 2 times in the last 5.000s)
2025-04-23 04:29:43,762 [timer7] WARN  server.GrpcLogAppender (GrpcLogAppender.java:lambda$resetClient$1(221)) - omNode-1@group-523986131536->omNode-3-GrpcLogAppender: Follower failed (request=null, errorCount=786); keep nextIndex (432) unchanged and retry. (Repeated 2 times in the last 5.000s)
2025-04-23 04:29:43,764 [timer2] WARN  server.GrpcLogAppender (GrpcLogAppender.java:lambda$resetClient$1(221)) - omNode-1@group-523986131536->omNode-3-GrpcLogAppender: Follower failed (request=null, errorCount=788); keep nextIndex (433) unchanged and retry. (Repeated 2 times in the last 5.000s)
2025-04-23 04:29:43,769 [timer4] WARN  server.GrpcLogAppender (GrpcLogAppender.java:lambda$resetClient$1(221)) - omNode-1@group-523986131536->omNode-3-GrpcLogAppender: Follower failed (request=null, errorCount=790); keep nextIndex (434) unchanged and retry. (Repeated 2 times in the last 5.000s)
2025-04-23 04:29:43,771 [timer0] WARN  server.GrpcLogAppender (GrpcLogAppender.java:lambda$resetClient$1(221)) - omNode-1@group-523986131536->omNode-3-GrpcLogAppender: Follower failed (request=null, errorCount=792); keep nextIndex (435) unchanged and retry. (Repeated 2 times in the last 5.000s)
2025-04-23 04:29:43,781 [timer6] WARN  server.GrpcLogAppender (GrpcLogAppender.java:lambda$resetClient$1(221)) - omNode-1@group-523986131536->omNode-3-GrpcLogAppender: Follower failed (request=null, errorCount=794); keep nextIndex (436) unchanged and retry. (Repeated 2 times in the last 5.000s)
2025-04-23 04:29:43,784 [timer6] WARN  server.GrpcLogAppender (GrpcLogAppender.java:lambda$resetClient$1(221)) - omNode-1@group-523986131536->omNode-3-GrpcLogAppender: Follower failed (request=null, errorCount=796); keep nextIndex (437) unchanged and retry. (Repeated 2 times in the last 5.001s)
2025-04-23 04:29:43,787 [timer1] WARN  server.GrpcLogAppender (GrpcLogAppender.java:lambda$resetClient$1(221)) - omNode-1@group-523986131536->omNode-3-GrpcLogAppender: Follower failed (request=null, errorCount=798); keep nextIndex (438) unchanged and retry. (Repeated 2 times in the last 4.999s)
2025-04-23 04:29:43,791 [timer4] WARN  server.GrpcLogAppender (GrpcLogAppender.java:lambda$resetClient$1(221)) - omNode-1@group-523986131536->omNode-3-GrpcLogAppender: Follower failed (request=null, errorCount=800); keep nextIndex (439) unchanged and retry. (Repeated 2 times in the last 5.000s)
2025-04-23 04:29:43,799 [timer1] WARN  server.GrpcLogAppender (GrpcLogAppender.java:lambda$resetClient$1(221)) - omNode-1@group-523986131536->omNode-3-GrpcLogAppender: Follower failed (request=null, errorCount=802); keep nextIndex (440) unchanged and retry. (Repeated 2 times in the last 5.000s)
2025-04-23 04:29:43,801 [timer4] WARN  server.GrpcLogAppender (GrpcLogAppender.java:lambda$resetClient$1(221)) - omNode-1@group-523986131536->omNode-3-GrpcLogAppender: Follower failed (request=null, errorCount=804); keep nextIndex (441) unchanged and retry. (Repeated 2 times in the last 5.001s)
2025-04-23 04:29:43,806 [timer3] WARN  server.GrpcLogAppender (GrpcLogAppender.java:lambda$resetClient$1(221)) - omNode-1@group-523986131536->omNode-3-GrpcLogAppender: Follower failed (request=null, errorCount=806); keep nextIndex (442) unchanged and retry. (Repeated 2 times in the last 5.000s)
2025-04-23 04:29:43,808 [timer6] WARN  server.GrpcLogAppender (GrpcLogAppender.java:lambda$resetClient$1(221)) - omNode-1@group-523986131536->omNode-3-GrpcLogAppender: Follower failed (request=null, errorCount=808); keep nextIndex (443) unchanged and retry. (Repeated 2 times in the last 5.001s)
2025-04-23 04:29:43,818 [timer0] WARN  server.GrpcLogAppender (GrpcLogAppender.java:lambda$resetClient$1(221)) - omNode-1@group-523986131536->omNode-3-GrpcLogAppender: Follower failed (request=null, errorCount=810); keep nextIndex (444) unchanged and retry. (Repeated 2 times in the last 5.000s)
2025-04-23 04:29:43,822 [timer2] WARN  server.GrpcLogAppender (GrpcLogAppender.java:lambda$resetClient$1(221)) - omNode-1@group-523986131536->omNode-3-GrpcLogAppender: Follower failed (request=null, errorCount=812); keep nextIndex (445) unchanged and retry. (Repeated 2 times in the last 5.000s)
2025-04-23 04:29:43,825 [timer4] WARN  server.GrpcLogAppender (GrpcLogAppender.java:lambda$resetClient$1(221)) - omNode-1@group-523986131536->omNode-3-GrpcLogAppender: Follower failed (request=null, errorCount=814); keep nextIndex (446) unchanged and retry. (Repeated 2 times in the last 5.001s)
2025-04-23 04:29:43,827 [timer4] WARN  server.GrpcLogAppender (GrpcLogAppender.java:lambda$resetClient$1(221)) - omNode-1@group-523986131536->omNode-3-GrpcLogAppender: Follower failed (request=null, errorCount=816); keep nextIndex (447) unchanged and retry. (Repeated 2 times in the last 5.000s)
2025-04-23 04:29:43,837 [timer5] WARN  server.GrpcLogAppender (GrpcLogAppender.java:lambda$resetClient$1(221)) - omNode-1@group-523986131536->omNode-3-GrpcLogAppender: Follower failed (request=null, errorCount=818); keep nextIndex (448) unchanged and retry. (Repeated 2 times in the last 5.000s)
2025-04-23 04:29:43,839 [timer0] WARN  server.GrpcLogAppender (GrpcLogAppender.java:lambda$resetClient$1(221)) - omNode-1@group-523986131536->omNode-3-GrpcLogAppender: Follower failed (request=null, errorCount=820); keep nextIndex (449) unchanged and retry. (Repeated 2 times in the last 5.000s)
2025-04-23 04:29:43,844 [timer3] WARN  server.GrpcLogAppender (GrpcLogAppender.java:lambda$resetClient$1(221)) - omNode-1@group-523986131536->omNode-3-GrpcLogAppender: Follower failed (request=null, errorCount=822); keep nextIndex (450) unchanged and retry. (Repeated 2 times in the last 5.000s)
2025-04-23 04:29:43,848 [timer6] WARN  server.GrpcLogAppender (GrpcLogAppender.java:lambda$resetClient$1(221)) - omNode-1@group-523986131536->omNode-3-GrpcLogAppender: Follower failed (request=null, errorCount=824); keep nextIndex (451) unchanged and retry. (Repeated 2 times in the last 5.001s)
2025-04-23 04:29:43,858 [timer3] WARN  server.GrpcLogAppender (GrpcLogAppender.java:lambda$resetClient$1(221)) - omNode-1@group-523986131536->omNode-3-GrpcLogAppender: Follower failed (request=null, errorCount=826); keep nextIndex (452) unchanged and retry. (Repeated 2 times in the last 5.000s)
2025-04-23 04:29:43,860 [timer6] WARN  server.GrpcLogAppender (GrpcLogAppender.java:lambda$resetClient$1(221)) - omNode-1@group-523986131536->omNode-3-GrpcLogAppender: Follower failed (request=null, errorCount=828); keep nextIndex (453) unchanged and retry. (Repeated 2 times in the last 5.000s)
2025-04-23 04:29:43,866 [timer0] WARN  server.GrpcLogAppender (GrpcLogAppender.java:lambda$resetClient$1(221)) - omNode-1@group-523986131536->omNode-3-GrpcLogAppender: Follower failed (request=null, errorCount=830); keep nextIndex (454) unchanged and retry. (Repeated 2 times in the last 5.001s)
2025-04-23 04:29:43,869 [timer7] WARN  server.GrpcLogAppender (GrpcLogAppender.java:lambda$resetClient$1(221)) - omNode-1@group-523986131536->omNode-3-GrpcLogAppender: Follower failed (request=null, errorCount=832); keep nextIndex (455) unchanged and retry. (Repeated 2 times in the last 5.000s)
2025-04-23 04:29:43,882 [timer5] WARN  server.GrpcLogAppender (GrpcLogAppender.java:lambda$resetClient$1(221)) - omNode-1@group-523986131536->omNode-3-GrpcLogAppender: Follower failed (request=null, errorCount=834); keep nextIndex (456) unchanged and retry. (Repeated 2 times in the last 5.000s)
2025-04-23 04:29:43,883 [timer7] WARN  server.GrpcLogAppender (GrpcLogAppender.java:lambda$resetClient$1(221)) - omNode-1@group-523986131536->omNode-3-GrpcLogAppender: Follower failed (request=null, errorCount=836); keep nextIndex (457) unchanged and retry. (Repeated 2 times in the last 5.000s)
2025-04-23 04:29:43,904 [timer6] WARN  server.GrpcLogAppender (GrpcLogAppender.java:lambda$resetClient$1(221)) - omNode-1@group-523986131536->omNode-3-GrpcLogAppender: Follower failed (request=null, errorCount=838); keep nextIndex (458) unchanged and retry. (Repeated 2 times in the last 5.000s)
2025-04-23 04:29:43,907 [timer1] WARN  server.GrpcLogAppender (GrpcLogAppender.java:lambda$resetClient$1(221)) - omNode-1@group-523986131536->omNode-3-GrpcLogAppender: Follower failed (request=null, errorCount=840); keep nextIndex (459) unchanged and retry. (Repeated 2 times in the last 5.000s)
2025-04-23 04:29:43,917 [timer1] WARN  server.GrpcLogAppender (GrpcLogAppender.java:lambda$resetClient$1(221)) - omNode-1@group-523986131536->omNode-3-GrpcLogAppender: Follower failed (request=null, errorCount=842); keep nextIndex (460) unchanged and retry. (Repeated 2 times in the last 5.001s)
2025-04-23 04:29:43,918 [timer3] WARN  server.GrpcLogAppender (GrpcLogAppender.java:lambda$resetClient$1(221)) - omNode-1@group-523986131536->omNode-3-GrpcLogAppender: Follower failed (request=null, errorCount=844); keep nextIndex (461) unchanged and retry. (Repeated 2 times in the last 5.000s)
2025-04-23 04:29:43,923 [timer2] WARN  server.GrpcLogAppender (GrpcLogAppender.java:lambda$resetClient$1(221)) - omNode-1@group-523986131536->omNode-3-GrpcLogAppender: Follower failed (request=null, errorCount=846); keep nextIndex (462) unchanged and retry. (Repeated 2 times in the last 5.000s)
2025-04-23 04:29:43,925 [timer6] WARN  server.GrpcLogAppender (GrpcLogAppender.java:lambda$resetClient$1(221)) - omNode-1@group-523986131536->omNode-3-GrpcLogAppender: Follower failed (request=null, errorCount=848); keep nextIndex (463) unchanged and retry. (Repeated 2 times in the last 5.000s)
2025-04-23 04:29:43,936 [timer0] WARN  server.GrpcLogAppender (GrpcLogAppender.java:lambda$resetClient$1(221)) - omNode-1@group-523986131536->omNode-3-GrpcLogAppender: Follower failed (request=null, errorCount=850); keep nextIndex (464) unchanged and retry. (Repeated 2 times in the last 5.001s)
2025-04-23 04:29:43,938 [timer2] WARN  server.GrpcLogAppender (GrpcLogAppender.java:lambda$resetClient$1(221)) - omNode-1@group-523986131536->omNode-3-GrpcLogAppender: Follower failed (request=null, errorCount=852); keep nextIndex (465) unchanged and retry. (Repeated 2 times in the last 5.000s)
2025-04-23 04:29:43,943 [timer0] WARN  server.GrpcLogAppender (GrpcLogAppender.java:lambda$resetClient$1(221)) - omNode-1@group-523986131536->omNode-3-GrpcLogAppender: Follower failed (request=null, errorCount=854); keep nextIndex (466) unchanged and retry. (Repeated 2 times in the last 5.000s)
2025-04-23 04:29:43,945 [timer3] WARN  server.GrpcLogAppender (GrpcLogAppender.java:lambda$resetClient$1(221)) - omNode-1@group-523986131536->omNode-3-GrpcLogAppender: Follower failed (request=null, errorCount=856); keep nextIndex (467) unchanged and retry. (Repeated 2 times in the last 5.000s)
2025-04-23 04:29:43,956 [timer5] WARN  server.GrpcLogAppender (GrpcLogAppender.java:lambda$resetClient$1(221)) - omNode-1@group-523986131536->omNode-3-GrpcLogAppender: Follower failed (request=null, errorCount=858); keep nextIndex (468) unchanged and retry. (Repeated 2 times in the last 5.000s)
2025-04-23 04:29:43,957 [timer7] WARN  server.GrpcLogAppender (GrpcLogAppender.java:lambda$resetClient$1(221)) - omNode-1@group-523986131536->omNode-3-GrpcLogAppender: Follower failed (request=null, errorCount=860); keep nextIndex (469) unchanged and retry. (Repeated 2 times in the last 5.000s)
2025-04-23 04:29:43,963 [timer2] WARN  server.GrpcLogAppender (GrpcLogAppender.java:lambda$resetClient$1(221)) - omNode-1@group-523986131536->omNode-3-GrpcLogAppender: Follower failed (request=null, errorCount=862); keep nextIndex (470) unchanged and retry. (Repeated 2 times in the last 5.001s)
2025-04-23 04:29:43,964 [timer5] WARN  server.GrpcLogAppender (GrpcLogAppender.java:lambda$resetClient$1(221)) - omNode-1@group-523986131536->omNode-3-GrpcLogAppender: Follower failed (request=null, errorCount=864); keep nextIndex (471) unchanged and retry. (Repeated 2 times in the last 4.999s)
2025-04-23 04:29:43,975 [timer1] WARN  server.GrpcLogAppender (GrpcLogAppender.java:lambda$resetClient$1(221)) - omNode-1@group-523986131536->omNode-3-GrpcLogAppender: Follower failed (request=null, errorCount=866); keep nextIndex (472) unchanged and retry. (Repeated 2 times in the last 5.001s)
2025-04-23 04:29:43,976 [timer4] WARN  server.GrpcLogAppender (GrpcLogAppender.java:lambda$resetClient$1(221)) - omNode-1@group-523986131536->omNode-3-GrpcLogAppender: Follower failed (request=null, errorCount=868); keep nextIndex (473) unchanged and retry. (Repeated 2 times in the last 5.000s)
2025-04-23 04:29:43,981 [timer7] WARN  server.GrpcLogAppender (GrpcLogAppender.java:lambda$resetClient$1(221)) - omNode-1@group-523986131536->omNode-3-GrpcLogAppender: Follower failed (request=null, errorCount=870); keep nextIndex (474) unchanged and retry. (Repeated 2 times in the last 5.001s)
2025-04-23 04:29:43,982 [timer2] WARN  server.GrpcLogAppender (GrpcLogAppender.java:lambda$resetClient$1(221)) - omNode-1@group-523986131536->omNode-3-GrpcLogAppender: Follower failed (request=null, errorCount=874); keep nextIndex (475) unchanged and retry. (Repeated 4 times in the last 5.000s)
2025-04-23 04:29:43,993 [timer6] WARN  server.GrpcLogAppender (GrpcLogAppender.java:lambda$resetClient$1(221)) - omNode-1@group-523986131536->omNode-3-GrpcLogAppender: Follower failed (request=null, errorCount=876); keep nextIndex (477) unchanged and retry. (Repeated 2 times in the last 5.000s)
2025-04-23 04:29:43,998 [timer1] WARN  server.GrpcLogAppender (GrpcLogAppender.java:lambda$resetClient$1(221)) - omNode-1@group-523986131536->omNode-3-GrpcLogAppender: Follower failed (request=null, errorCount=878); keep nextIndex (478) unchanged and retry. (Repeated 2 times in the last 5.000s)
2025-04-23 04:29:44,000 [timer4] WARN  server.GrpcLogAppender (GrpcLogAppender.java:lambda$resetClient$1(221)) - omNode-1@group-523986131536->omNode-3-GrpcLogAppender: Follower failed (request=null, errorCount=880); keep nextIndex (479) unchanged and retry. (Repeated 2 times in the last 5.000s)
2025-04-23 04:29:44,009 [timer1] WARN  server.GrpcLogAppender (GrpcLogAppender.java:lambda$resetClient$1(221)) - omNode-1@group-523986131536->omNode-3-GrpcLogAppender: Follower failed (request=null, errorCount=882); keep nextIndex (480) unchanged and retry. (Repeated 2 times in the last 5.001s)
2025-04-23 04:29:44,011 [timer4] WARN  server.GrpcLogAppender (GrpcLogAppender.java:lambda$resetClient$1(221)) - omNode-1@group-523986131536->omNode-3-GrpcLogAppender: Follower failed (request=null, errorCount=884); keep nextIndex (481) unchanged and retry. (Repeated 2 times in the last 5.001s)
2025-04-23 04:29:44,017 [timer7] WARN  server.GrpcLogAppender (GrpcLogAppender.java:lambda$resetClient$1(221)) - omNode-1@group-523986131536->omNode-3-GrpcLogAppender: Follower failed (request=null, errorCount=886); keep nextIndex (482) unchanged and retry. (Repeated 2 times in the last 5.001s)
2025-04-23 04:29:44,020 [timer2] WARN  server.GrpcLogAppender (GrpcLogAppender.java:lambda$resetClient$1(221)) - omNode-1@group-523986131536->omNode-3-GrpcLogAppender: Follower failed (request=null, errorCount=888); keep nextIndex (483) unchanged and retry. (Repeated 2 times in the last 5.001s)
2025-04-23 04:29:44,027 [timer7] WARN  server.GrpcLogAppender (GrpcLogAppender.java:lambda$resetClient$1(221)) - omNode-1@group-523986131536->omNode-3-GrpcLogAppender: Follower failed (request=null, errorCount=890); keep nextIndex (484) unchanged and retry. (Repeated 2 times in the last 4.999s)
2025-04-23 04:29:44,029 [timer2] WARN  server.GrpcLogAppender (GrpcLogAppender.java:lambda$resetClient$1(221)) - omNode-1@group-523986131536->omNode-3-GrpcLogAppender: Follower failed (request=null, errorCount=892); keep nextIndex (485) unchanged and retry. (Repeated 2 times in the last 5.000s)
2025-04-23 04:29:44,034 [timer5] WARN  server.GrpcLogAppender (GrpcLogAppender.java:lambda$resetClient$1(221)) - omNode-1@group-523986131536->omNode-3-GrpcLogAppender: Follower failed (request=null, errorCount=894); keep nextIndex (486) unchanged and retry. (Repeated 2 times in the last 5.000s)
2025-04-23 04:29:44,036 [timer0] WARN  server.GrpcLogAppender (GrpcLogAppender.java:lambda$resetClient$1(221)) - omNode-1@group-523986131536->omNode-3-GrpcLogAppender: Follower failed (request=null, errorCount=896); keep nextIndex (487) unchanged and retry. (Repeated 2 times in the last 5.000s)
2025-04-23 04:29:44,045 [timer5] WARN  server.GrpcLogAppender (GrpcLogAppender.java:lambda$resetClient$1(221)) - omNode-1@group-523986131536->omNode-3-GrpcLogAppender: Follower failed (request=null, errorCount=898); keep nextIndex (488) unchanged and retry. (Repeated 2 times in the last 5.000s)
2025-04-23 04:29:44,049 [timer0] WARN  server.GrpcLogAppender (GrpcLogAppender.java:lambda$resetClient$1(221)) - omNode-1@group-523986131536->omNode-3-GrpcLogAppender: Follower failed (request=null, errorCount=900); keep nextIndex (489) unchanged and retry. (Repeated 2 times in the last 5.001s)
2025-04-23 04:29:44,051 [omNode-3@group-523986131536-FollowerState] INFO  impl.FollowerState (FollowerState.java:runImpl(161)) - omNode-3@group-523986131536-FollowerState: change to CANDIDATE, lastRpcElapsedTime:1194360312ns, electionTimeout:1194ms
2025-04-23 04:29:44,051 [omNode-3@group-523986131536-FollowerState] INFO  impl.RoleInfo (RoleInfo.java:shutdownFollowerState(121)) - omNode-3: shutdown omNode-3@group-523986131536-FollowerState
2025-04-23 04:29:44,051 [omNode-3@group-523986131536-FollowerState] INFO  server.RaftServer$Division (RaftServerImpl.java:setRole(378)) - omNode-3@group-523986131536: changes role from  FOLLOWER to CANDIDATE at term 1 for changeToCandidate
2025-04-23 04:29:44,051 [omNode-3@group-523986131536-FollowerState] INFO  server.RaftServerConfigKeys (ConfUtils.java:logGet(46)) - raft.server.leaderelection.pre-vote = true (default)
2025-04-23 04:29:44,051 [omNode-3@group-523986131536-FollowerState] INFO  impl.RoleInfo (RoleInfo.java:updateAndGet(148)) - omNode-3: start omNode-3@group-523986131536-LeaderElection47
2025-04-23 04:29:44,051 [omNode-3@group-523986131536-LeaderElection47] INFO  impl.LeaderElection (LeaderElection.java:askForVotes(332)) - omNode-3@group-523986131536-LeaderElection47 PRE_VOTE round 0: submit vote requests at term 1 for conf: {index: 0, cur=peers:[omNode-3|localhost:15059, omNode-1|localhost:15051, omNode-2|localhost:15055]|listeners:[], old=null}
2025-04-23 04:29:44,053 [grpc-default-executor-0] INFO  server.RaftServer$Division (RaftServerImpl.java:requestVote(1407)) - omNode-1@group-523986131536: receive requestVote(PRE_VOTE, omNode-3, group-523986131536, 1, (t:1, i:44))
2025-04-23 04:29:44,053 [grpc-default-executor-4] INFO  server.RaftServer$Division (RaftServerImpl.java:requestVote(1407)) - omNode-2@group-523986131536: receive requestVote(PRE_VOTE, omNode-3, group-523986131536, 1, (t:1, i:44))
2025-04-23 04:29:44,053 [grpc-default-executor-0] INFO  impl.VoteContext (VoteContext.java:log(49)) - omNode-1@group-523986131536-LEADER: reject PRE_VOTE from omNode-3: this server is the leader and still has leadership
2025-04-23 04:29:44,053 [grpc-default-executor-4] INFO  impl.VoteContext (VoteContext.java:log(49)) - omNode-2@group-523986131536-FOLLOWER: reject PRE_VOTE from omNode-3: this server is a follower and still has a valid leader omNode-1 different than the candidate omNode-3
2025-04-23 04:29:44,053 [grpc-default-executor-0] INFO  server.RaftServer$Division (RaftServerImpl.java:requestVote(1441)) - omNode-1@group-523986131536 replies to PRE_VOTE vote request: omNode-3<-omNode-1#0:FAIL-t1. Peer's state: omNode-1@group-523986131536:t1, leader=omNode-1, voted=omNode-1, raftlog=Memoized:omNode-1@group-523986131536-SegmentedRaftLog:OPENED:c544:last(t:1, i:544), conf=conf: {index: 0, cur=peers:[omNode-3|localhost:15059, omNode-1|localhost:15051, omNode-2|localhost:15055]|listeners:[], old=null}
2025-04-23 04:29:44,053 [grpc-default-executor-4] INFO  server.RaftServer$Division (RaftServerImpl.java:requestVote(1441)) - omNode-2@group-523986131536 replies to PRE_VOTE vote request: omNode-3<-omNode-2#0:FAIL-t1. Peer's state: omNode-2@group-523986131536:t1, leader=omNode-1, voted=omNode-1, raftlog=Memoized:omNode-2@group-523986131536-SegmentedRaftLog:OPENED:c544:last(t:1, i:544), conf=conf: {index: 0, cur=peers:[omNode-3|localhost:15059, omNode-1|localhost:15051, omNode-2|localhost:15055]|listeners:[], old=null}
2025-04-23 04:29:44,054 [omNode-3@group-523986131536-LeaderElection47] INFO  impl.LeaderElection (LeaderElection.java:logAndReturn(90)) - omNode-3@group-523986131536-LeaderElection47: PRE_VOTE REJECTED received 2 response(s) and 0 exception(s):
2025-04-23 04:29:44,054 [omNode-3@group-523986131536-LeaderElection47] INFO  impl.LeaderElection (LeaderElection.java:logAndReturn(94)) -   Response 0: omNode-3<-omNode-1#0:FAIL-t1
2025-04-23 04:29:44,054 [omNode-3@group-523986131536-LeaderElection47] INFO  impl.LeaderElection (LeaderElection.java:logAndReturn(94)) -   Response 1: omNode-3<-omNode-2#0:FAIL-t1
2025-04-23 04:29:44,054 [omNode-3@group-523986131536-LeaderElection47] INFO  impl.LeaderElection (LeaderElection.java:askForVotes(334)) - omNode-3@group-523986131536-LeaderElection47 PRE_VOTE round 0: result REJECTED
2025-04-23 04:29:44,054 [omNode-3@group-523986131536-LeaderElection47] INFO  server.RaftServer$Division (RaftServerImpl.java:setRole(378)) - omNode-3@group-523986131536: changes role from CANDIDATE to FOLLOWER at term 1 for REJECTED
2025-04-23 04:29:44,054 [omNode-3@group-523986131536-LeaderElection47] INFO  impl.RoleInfo (RoleInfo.java:shutdownLeaderElection(141)) - omNode-3: shutdown omNode-3@group-523986131536-LeaderElection47
2025-04-23 04:29:44,054 [omNode-3@group-523986131536-LeaderElection47] INFO  impl.RoleInfo (RoleInfo.java:updateAndGet(148)) - omNode-3: start omNode-3@group-523986131536-FollowerState
2025-04-23 04:29:44,061 [timer4] WARN  server.GrpcLogAppender (GrpcLogAppender.java:lambda$resetClient$1(221)) - omNode-1@group-523986131536->omNode-3-GrpcLogAppender: Follower failed (request=null, errorCount=902); keep nextIndex (490) unchanged and retry. (Repeated 2 times in the last 5.001s)
2025-04-23 04:29:44,063 [timer6] WARN  server.GrpcLogAppender (GrpcLogAppender.java:lambda$resetClient$1(221)) - omNode-1@group-523986131536->omNode-3-GrpcLogAppender: Follower failed (request=null, errorCount=904); keep nextIndex (491) unchanged and retry. (Repeated 2 times in the last 5.001s)
2025-04-23 04:29:44,072 [timer3] WARN  server.GrpcLogAppender (GrpcLogAppender.java:lambda$resetClient$1(221)) - omNode-1@group-523986131536->omNode-3-GrpcLogAppender: Follower failed (request=null, errorCount=906); keep nextIndex (492) unchanged and retry. (Repeated 2 times in the last 5.000s)
2025-04-23 04:29:44,074 [timer6] WARN  server.GrpcLogAppender (GrpcLogAppender.java:lambda$resetClient$1(221)) - omNode-1@group-523986131536->omNode-3-GrpcLogAppender: Follower failed (request=null, errorCount=908); keep nextIndex (493) unchanged and retry. (Repeated 2 times in the last 5.000s)
2025-04-23 04:29:44,080 [timer1] WARN  server.GrpcLogAppender (GrpcLogAppender.java:lambda$resetClient$1(221)) - omNode-1@group-523986131536->omNode-3-GrpcLogAppender: Follower failed (request=null, errorCount=910); keep nextIndex (494) unchanged and retry. (Repeated 2 times in the last 5.001s)
2025-04-23 04:29:44,081 [timer4] WARN  server.GrpcLogAppender (GrpcLogAppender.java:lambda$resetClient$1(221)) - omNode-1@group-523986131536->omNode-3-GrpcLogAppender: Follower failed (request=null, errorCount=912); keep nextIndex (495) unchanged and retry. (Repeated 2 times in the last 5.001s)
2025-04-23 04:29:44,090 [timer1] WARN  server.GrpcLogAppender (GrpcLogAppender.java:lambda$resetClient$1(221)) - omNode-1@group-523986131536->omNode-3-GrpcLogAppender: Follower failed (request=null, errorCount=914); keep nextIndex (496) unchanged and retry. (Repeated 2 times in the last 5.000s)
2025-04-23 04:29:44,094 [timer3] WARN  server.GrpcLogAppender (GrpcLogAppender.java:lambda$resetClient$1(221)) - omNode-1@group-523986131536->omNode-3-GrpcLogAppender: Follower failed (request=null, errorCount=916); keep nextIndex (497) unchanged and retry. (Repeated 2 times in the last 5.001s)
2025-04-23 04:29:44,097 [timer6] WARN  server.GrpcLogAppender (GrpcLogAppender.java:lambda$resetClient$1(221)) - omNode-1@group-523986131536->omNode-3-GrpcLogAppender: Follower failed (request=null, errorCount=918); keep nextIndex (498) unchanged and retry. (Repeated 2 times in the last 5.000s)
2025-04-23 04:29:44,097 [timer0] WARN  server.GrpcLogAppender (GrpcLogAppender.java:lambda$resetClient$1(221)) - omNode-1@group-523986131536->omNode-3-GrpcLogAppender: Follower failed (request=null, errorCount=920); keep nextIndex (499) unchanged and retry. (Repeated 2 times in the last 5.000s)
2025-04-23 04:29:44,105 [timer6] WARN  server.GrpcLogAppender (GrpcLogAppender.java:lambda$resetClient$1(221)) - omNode-1@group-523986131536->omNode-3-GrpcLogAppender: Follower failed (request=null, errorCount=922); keep nextIndex (500) unchanged and retry. (Repeated 2 times in the last 5.000s)
2025-04-23 04:29:44,108 [timer1] WARN  server.GrpcLogAppender (GrpcLogAppender.java:lambda$resetClient$1(221)) - omNode-1@group-523986131536->omNode-3-GrpcLogAppender: Follower failed (request=null, errorCount=924); keep nextIndex (501) unchanged and retry. (Repeated 2 times in the last 5.000s)
2025-04-23 04:29:44,110 [timer4] WARN  server.GrpcLogAppender (GrpcLogAppender.java:lambda$resetClient$1(221)) - omNode-1@group-523986131536->omNode-3-GrpcLogAppender: Follower failed (request=null, errorCount=926); keep nextIndex (502) unchanged and retry. (Repeated 2 times in the last 5.000s)
2025-04-23 04:29:44,112 [timer7] WARN  server.GrpcLogAppender (GrpcLogAppender.java:lambda$resetClient$1(221)) - omNode-1@group-523986131536->omNode-3-GrpcLogAppender: Follower failed (request=null, errorCount=928); keep nextIndex (503) unchanged and retry. (Repeated 2 times in the last 5.000s)
2025-04-23 04:29:44,122 [timer6] WARN  server.GrpcLogAppender (GrpcLogAppender.java:lambda$resetClient$1(221)) - omNode-1@group-523986131536->omNode-3-GrpcLogAppender: Follower failed (request=null, errorCount=930); keep nextIndex (504) unchanged and retry. (Repeated 2 times in the last 5.002s)
2025-04-23 04:29:44,123 [timer7] WARN  server.GrpcLogAppender (GrpcLogAppender.java:lambda$resetClient$1(221)) - omNode-1@group-523986131536->omNode-3-GrpcLogAppender: Follower failed (request=null, errorCount=932); keep nextIndex (505) unchanged and retry. (Repeated 2 times in the last 5.000s)
2025-04-23 04:29:44,127 [timer2] WARN  server.GrpcLogAppender (GrpcLogAppender.java:lambda$resetClient$1(221)) - omNode-1@group-523986131536->omNode-3-GrpcLogAppender: Follower failed (request=null, errorCount=934); keep nextIndex (506) unchanged and retry. (Repeated 2 times in the last 5.000s)
2025-04-23 04:29:44,130 [timer5] WARN  server.GrpcLogAppender (GrpcLogAppender.java:lambda$resetClient$1(221)) - omNode-1@group-523986131536->omNode-3-GrpcLogAppender: Follower failed (request=null, errorCount=936); keep nextIndex (507) unchanged and retry. (Repeated 2 times in the last 5.000s)
2025-04-23 04:29:44,141 [timer2] WARN  server.GrpcLogAppender (GrpcLogAppender.java:lambda$resetClient$1(221)) - omNode-1@group-523986131536->omNode-3-GrpcLogAppender: Follower failed (request=null, errorCount=938); keep nextIndex (508) unchanged and retry. (Repeated 2 times in the last 5.000s)
2025-04-23 04:29:44,145 [timer5] WARN  server.GrpcLogAppender (GrpcLogAppender.java:lambda$resetClient$1(221)) - omNode-1@group-523986131536->omNode-3-GrpcLogAppender: Follower failed (request=null, errorCount=940); keep nextIndex (509) unchanged and retry. (Repeated 2 times in the last 5.001s)
2025-04-23 04:29:44,160 [timer7] WARN  server.GrpcLogAppender (GrpcLogAppender.java:lambda$resetClient$1(221)) - omNode-1@group-523986131536->omNode-3-GrpcLogAppender: Follower failed (request=null, errorCount=942); keep nextIndex (510) unchanged and retry. (Repeated 2 times in the last 5.001s)
2025-04-23 04:29:44,161 [timer2] WARN  server.GrpcLogAppender (GrpcLogAppender.java:lambda$resetClient$1(221)) - omNode-1@group-523986131536->omNode-3-GrpcLogAppender: Follower failed (request=null, errorCount=944); keep nextIndex (511) unchanged and retry. (Repeated 2 times in the last 5.000s)
2025-04-23 04:29:44,170 [timer7] WARN  server.GrpcLogAppender (GrpcLogAppender.java:lambda$resetClient$1(221)) - omNode-1@group-523986131536->omNode-3-GrpcLogAppender: Follower failed (request=null, errorCount=946); keep nextIndex (512) unchanged and retry. (Repeated 2 times in the last 5.001s)
2025-04-23 04:29:44,172 [timer2] WARN  server.GrpcLogAppender (GrpcLogAppender.java:lambda$resetClient$1(221)) - omNode-1@group-523986131536->omNode-3-GrpcLogAppender: Follower failed (request=null, errorCount=948); keep nextIndex (513) unchanged and retry. (Repeated 2 times in the last 5.001s)
2025-04-23 04:29:44,176 [timer5] WARN  server.GrpcLogAppender (GrpcLogAppender.java:lambda$resetClient$1(221)) - omNode-1@group-523986131536->omNode-3-GrpcLogAppender: Follower failed (request=null, errorCount=950); keep nextIndex (514) unchanged and retry. (Repeated 2 times in the last 5.000s)
2025-04-23 04:29:44,179 [timer0] WARN  server.GrpcLogAppender (GrpcLogAppender.java:lambda$resetClient$1(221)) - omNode-1@group-523986131536->omNode-3-GrpcLogAppender: Follower failed (request=null, errorCount=952); keep nextIndex (515) unchanged and retry. (Repeated 2 times in the last 5.000s)
2025-04-23 04:29:44,185 [timer5] WARN  server.GrpcLogAppender (GrpcLogAppender.java:lambda$resetClient$1(221)) - omNode-1@group-523986131536->omNode-3-GrpcLogAppender: Follower failed (request=null, errorCount=954); keep nextIndex (516) unchanged and retry. (Repeated 2 times in the last 5.000s)
2025-04-23 04:29:44,186 [timer0] WARN  server.GrpcLogAppender (GrpcLogAppender.java:lambda$resetClient$1(221)) - omNode-1@group-523986131536->omNode-3-GrpcLogAppender: Follower failed (request=null, errorCount=956); keep nextIndex (517) unchanged and retry. (Repeated 2 times in the last 5.000s)
2025-04-23 04:29:44,191 [timer2] WARN  server.GrpcLogAppender (GrpcLogAppender.java:lambda$resetClient$1(221)) - omNode-1@group-523986131536->omNode-3-GrpcLogAppender: Follower failed (request=null, errorCount=958); keep nextIndex (518) unchanged and retry. (Repeated 2 times in the last 5.000s)
2025-04-23 04:29:44,194 [timer7] WARN  server.GrpcLogAppender (GrpcLogAppender.java:lambda$resetClient$1(221)) - omNode-1@group-523986131536->omNode-3-GrpcLogAppender: Follower failed (request=null, errorCount=960); keep nextIndex (519) unchanged and retry. (Repeated 2 times in the last 5.001s)
2025-04-23 04:29:44,203 [timer3] WARN  server.GrpcLogAppender (GrpcLogAppender.java:lambda$resetClient$1(221)) - omNode-1@group-523986131536->omNode-3-GrpcLogAppender: Follower failed (request=null, errorCount=962); keep nextIndex (520) unchanged and retry. (Repeated 2 times in the last 4.999s)
2025-04-23 04:29:44,206 [timer5] WARN  server.GrpcLogAppender (GrpcLogAppender.java:lambda$resetClient$1(221)) - omNode-1@group-523986131536->omNode-3-GrpcLogAppender: Follower failed (request=null, errorCount=964); keep nextIndex (521) unchanged and retry. (Repeated 2 times in the last 5.000s)
2025-04-23 04:29:44,209 [timer7] WARN  server.GrpcLogAppender (GrpcLogAppender.java:lambda$resetClient$1(221)) - omNode-1@group-523986131536->omNode-3-GrpcLogAppender: Follower failed (request=null, errorCount=966); keep nextIndex (522) unchanged and retry. (Repeated 2 times in the last 5.001s)
2025-04-23 04:29:44,211 [timer3] WARN  server.GrpcLogAppender (GrpcLogAppender.java:lambda$resetClient$1(221)) - omNode-1@group-523986131536->omNode-3-GrpcLogAppender: Follower failed (request=null, errorCount=968); keep nextIndex (523) unchanged and retry. (Repeated 2 times in the last 5.000s)
2025-04-23 04:29:44,220 [timer0] WARN  server.GrpcLogAppender (GrpcLogAppender.java:lambda$resetClient$1(221)) - omNode-1@group-523986131536->omNode-3-GrpcLogAppender: Follower failed (request=null, errorCount=970); keep nextIndex (524) unchanged and retry. (Repeated 2 times in the last 5.001s)
2025-04-23 04:29:44,222 [timer3] WARN  server.GrpcLogAppender (GrpcLogAppender.java:lambda$resetClient$1(221)) - omNode-1@group-523986131536->omNode-3-GrpcLogAppender: Follower failed (request=null, errorCount=972); keep nextIndex (525) unchanged and retry. (Repeated 2 times in the last 5.000s)
2025-04-23 04:29:44,228 [timer5] WARN  server.GrpcLogAppender (GrpcLogAppender.java:lambda$resetClient$1(221)) - omNode-1@group-523986131536->omNode-3-GrpcLogAppender: Follower failed (request=null, errorCount=974); keep nextIndex (526) unchanged and retry. (Repeated 2 times in the last 5.000s)
2025-04-23 04:29:44,231 [timer7] WARN  server.GrpcLogAppender (GrpcLogAppender.java:lambda$resetClient$1(221)) - omNode-1@group-523986131536->omNode-3-GrpcLogAppender: Follower failed (request=null, errorCount=976); keep nextIndex (527) unchanged and retry. (Repeated 2 times in the last 5.001s)
2025-04-23 04:29:44,239 [timer4] WARN  server.GrpcLogAppender (GrpcLogAppender.java:lambda$resetClient$1(221)) - omNode-1@group-523986131536->omNode-3-GrpcLogAppender: Follower failed (request=null, errorCount=978); keep nextIndex (528) unchanged and retry. (Repeated 2 times in the last 5.000s)
2025-04-23 04:29:44,242 [timer0] WARN  server.GrpcLogAppender (GrpcLogAppender.java:lambda$resetClient$1(221)) - omNode-1@group-523986131536->omNode-3-GrpcLogAppender: Follower failed (request=null, errorCount=984); keep nextIndex (529) unchanged and retry. (Repeated 6 times in the last 5.000s)
2025-04-23 04:29:44,248 [timer4] WARN  server.GrpcLogAppender (GrpcLogAppender.java:lambda$resetClient$1(221)) - omNode-1@group-523986131536->omNode-3-GrpcLogAppender: Follower failed (request=null, errorCount=986); keep nextIndex (530) unchanged and retry. (Repeated 2 times in the last 5.000s)
2025-04-23 04:29:44,250 [timer7] WARN  server.GrpcLogAppender (GrpcLogAppender.java:lambda$resetClient$1(221)) - omNode-1@group-523986131536->omNode-3-GrpcLogAppender: Follower failed (request=null, errorCount=988); keep nextIndex (531) unchanged and retry. (Repeated 2 times in the last 5.000s)
2025-04-23 04:29:44,257 [timer4] WARN  server.GrpcLogAppender (GrpcLogAppender.java:lambda$resetClient$1(221)) - omNode-1@group-523986131536->omNode-3-GrpcLogAppender: Follower failed (request=null, errorCount=990); keep nextIndex (532) unchanged and retry. (Repeated 2 times in the last 5.000s)
2025-04-23 04:29:44,260 [timer7] WARN  server.GrpcLogAppender (GrpcLogAppender.java:lambda$resetClient$1(221)) - omNode-1@group-523986131536->omNode-3-GrpcLogAppender: Follower failed (request=null, errorCount=992); keep nextIndex (533) unchanged and retry. (Repeated 2 times in the last 5.000s)
2025-04-23 04:29:44,264 [timer2] WARN  server.GrpcLogAppender (GrpcLogAppender.java:lambda$resetClient$1(221)) - omNode-1@group-523986131536->omNode-3-GrpcLogAppender: Follower failed (request=null, errorCount=994); keep nextIndex (534) unchanged and retry. (Repeated 2 times in the last 5.000s)
2025-04-23 04:29:44,268 [timer6] WARN  server.GrpcLogAppender (GrpcLogAppender.java:lambda$resetClient$1(221)) - omNode-1@group-523986131536->omNode-3-GrpcLogAppender: Follower failed (request=null, errorCount=996); keep nextIndex (535) unchanged and retry. (Repeated 2 times in the last 5.000s)
2025-04-23 04:29:44,274 [timer1] WARN  server.GrpcLogAppender (GrpcLogAppender.java:lambda$resetClient$1(221)) - omNode-1@group-523986131536->omNode-3-GrpcLogAppender: Follower failed (request=null, errorCount=998); keep nextIndex (536) unchanged and retry. (Repeated 2 times in the last 5.000s)
2025-04-23 04:29:44,276 [timer4] WARN  server.GrpcLogAppender (GrpcLogAppender.java:lambda$resetClient$1(221)) - omNode-1@group-523986131536->omNode-3-GrpcLogAppender: Follower failed (request=null, errorCount=1000); keep nextIndex (537) unchanged and retry. (Repeated 2 times in the last 5.000s)
2025-04-23 04:29:44,281 [timer7] WARN  server.GrpcLogAppender (GrpcLogAppender.java:lambda$resetClient$1(221)) - omNode-1@group-523986131536->omNode-3-GrpcLogAppender: Follower failed (request=null, errorCount=1002); keep nextIndex (538) unchanged and retry. (Repeated 2 times in the last 5.000s)
2025-04-23 04:29:44,284 [timer2] WARN  server.GrpcLogAppender (GrpcLogAppender.java:lambda$resetClient$1(221)) - omNode-1@group-523986131536->omNode-3-GrpcLogAppender: Follower failed (request=null, errorCount=1004); keep nextIndex (539) unchanged and retry. (Repeated 2 times in the last 5.001s)
2025-04-23 04:29:44,289 [timer7] WARN  server.GrpcLogAppender (GrpcLogAppender.java:lambda$resetClient$1(221)) - omNode-1@group-523986131536->omNode-3-GrpcLogAppender: Follower failed (request=null, errorCount=1006); keep nextIndex (540) unchanged and retry. (Repeated 2 times in the last 5.000s)
2025-04-23 04:29:44,291 [timer2] WARN  server.GrpcLogAppender (GrpcLogAppender.java:lambda$resetClient$1(221)) - omNode-1@group-523986131536->omNode-3-GrpcLogAppender: Follower failed (request=null, errorCount=1008); keep nextIndex (541) unchanged and retry. (Repeated 2 times in the last 5.000s)
2025-04-23 04:29:44,295 [timer5] WARN  server.GrpcLogAppender (GrpcLogAppender.java:lambda$resetClient$1(221)) - omNode-1@group-523986131536->omNode-3-GrpcLogAppender: Follower failed (request=null, errorCount=1010); keep nextIndex (542) unchanged and retry. (Repeated 2 times in the last 5.000s)
2025-04-23 04:29:44,297 [timer6] WARN  server.GrpcLogAppender (GrpcLogAppender.java:lambda$resetClient$1(221)) - omNode-1@group-523986131536->omNode-3-GrpcLogAppender: Follower failed (request=null, errorCount=1012); keep nextIndex (543) unchanged and retry. (Repeated 2 times in the last 5.001s)
2025-04-23 04:29:44,304 [timer3] WARN  server.GrpcLogAppender (GrpcLogAppender.java:lambda$resetClient$1(221)) - omNode-1@group-523986131536->omNode-3-GrpcLogAppender: Follower failed (request=null, errorCount=1014); keep nextIndex (544) unchanged and retry. (Repeated 2 times in the last 5.000s)
2025-04-23 04:29:44,305 [timer7] WARN  server.GrpcLogAppender (GrpcLogAppender.java:lambda$resetClient$1(221)) - omNode-1@group-523986131536->omNode-3-GrpcLogAppender: Follower failed (request=null, errorCount=1018); keep nextIndex (545) unchanged and retry. (Repeated 4 times in the last 5.000s)
2025-04-23 04:29:44,367 [omNode-3-server-thread1] INFO  ratis.OzoneManagerStateMachine (OzoneManagerStateMachine.java:notifyLeaderChanged(169)) - omNode-3@group-523986131536: leader changed to omNode-1
2025-04-23 04:29:44,368 [omNode-3-server-thread1] INFO  server.RaftServer$Division (ServerState.java:setLeader(272)) - omNode-3@group-523986131536: change Leader from null to omNode-1 at term 1 for appendEntries, leader elected after 4965ms
2025-04-23 04:29:44,368 [omNode-3-server-thread1] INFO  server.RaftServer$Division (RaftServerImpl.java:checkInconsistentAppendEntries(1648)) - omNode-3@group-523986131536: Failed appendEntries as previous log entry ((t:1, i:544)) is not found
2025-04-23 04:29:44,368 [omNode-3-server-thread1] INFO  server.RaftServer$Division (RaftServerImpl.java:appendEntriesAsync(1580)) - omNode-3@group-523986131536: appendEntries* reply omNode-1<-omNode-3#2775:FAIL-t1,INCONSISTENCY,nextIndex=45,followerCommit=43,matchIndex=-1
2025-04-23 04:29:44,368 [grpc-default-executor-4] WARN  server.GrpcLogAppender (GrpcLogAppender.java:onNextImpl(519)) - omNode-1@group-523986131536->omNode-3-AppendLogResponseHandler: received INCONSISTENCY reply with nextIndex 45, errorCount=1019, request=AppendEntriesRequest:cid=2775,entriesCount=0
2025-04-23 04:29:44,368 [grpc-default-executor-4] INFO  leader.FollowerInfo (FollowerInfoImpl.java:info(70)) - omNode-1@group-523986131536->omNode-3: setNextIndex nextIndex: updateUnconditionally 545 -> 45
2025-04-23 04:29:44,507 [omNode-3@group-523986131536-StateMachineUpdater] INFO  ratis.OzoneManagerStateMachine (OzoneManagerStateMachine.java:takeSnapshotImpl(510)) - omNode-3: taking snapshot. applied = (t:1, i:544), skipped = 543, notified = (t:1, i:544), current snapshot index = (t:1, i:544), took 13 ms
2025-04-23 04:29:44,507 [omNode-3@group-523986131536-StateMachineUpdater] INFO  impl.StateMachineUpdater (StateMachineUpdater.java:takeSnapshot(303)) - omNode-3@group-523986131536-StateMachineUpdater: Took a snapshot at index 544
2025-04-23 04:29:44,507 [omNode-3@group-523986131536-StateMachineUpdater] INFO  impl.StateMachineUpdater (StateMachineUpdater.java:lambda$new$0(102)) - omNode-3@group-523986131536-StateMachineUpdater: snapshotIndex: updateIncreasingly 43 -> 544
2025-04-23 04:29:44,507 [omNode-3@group-523986131536-StateMachineUpdater] INFO  raftlog.RaftLog (RaftLogBase.java:purge(325)) - omNode-3@group-523986131536-SegmentedRaftLog: purge 544
2025-04-23 04:29:44,507 [omNode-3@group-523986131536-StateMachineUpdater] INFO  raftlog.RaftLog (RaftLogBase.java:lambda$new$0(54)) - omNode-3@group-523986131536-SegmentedRaftLog: snapshotIndex: updateIncreasingly 43 -> 544
2025-04-23 04:29:44,507 [omNode-3@group-523986131536-StateMachineUpdater] INFO  raftlog.RaftLog (RaftLogBase.java:lambda$new$0(54)) - omNode-3@group-523986131536-SegmentedRaftLog: purgeIndex: updateToMax old=-1, new=544, updated? true
2025-04-23 04:29:44,646 [omNode-2@group-523986131536-StateMachineUpdater] INFO  ratis.OzoneManagerStateMachine (OzoneManagerStateMachine.java:takeSnapshotImpl(510)) - omNode-2: taking snapshot. applied = (t:1, i:550), skipped = 549, notified = (t:1, i:550), current snapshot index = (t:1, i:550), took 39 ms
2025-04-23 04:29:44,646 [omNode-2@group-523986131536-StateMachineUpdater] INFO  impl.StateMachineUpdater (StateMachineUpdater.java:takeSnapshot(303)) - omNode-2@group-523986131536-StateMachineUpdater: Took a snapshot at index 550
2025-04-23 04:29:44,646 [omNode-2@group-523986131536-StateMachineUpdater] INFO  impl.StateMachineUpdater (StateMachineUpdater.java:lambda$new$0(102)) - omNode-2@group-523986131536-StateMachineUpdater: snapshotIndex: updateIncreasingly 500 -> 550
2025-04-23 04:29:44,646 [omNode-2@group-523986131536-StateMachineUpdater] INFO  raftlog.RaftLog (RaftLogBase.java:purge(325)) - omNode-2@group-523986131536-SegmentedRaftLog: purge 550
2025-04-23 04:29:44,646 [omNode-2@group-523986131536-StateMachineUpdater] INFO  raftlog.RaftLog (RaftLogBase.java:lambda$new$0(54)) - omNode-2@group-523986131536-SegmentedRaftLog: snapshotIndex: updateIncreasingly 500 -> 550
2025-04-23 04:29:44,646 [omNode-2@group-523986131536-StateMachineUpdater] INFO  raftlog.RaftLog (RaftLogBase.java:lambda$new$0(54)) - omNode-2@group-523986131536-SegmentedRaftLog: purgeIndex: updateToMax old=500, new=550, updated? true
2025-04-23 04:29:44,655 [omNode-1@group-523986131536-StateMachineUpdater] INFO  ratis.OzoneManagerStateMachine (OzoneManagerStateMachine.java:takeSnapshotImpl(510)) - omNode-1: taking snapshot. applied = (t:1, i:554), skipped = 553, notified = (t:1, i:554), current snapshot index = (t:1, i:554), took 30 ms
2025-04-23 04:29:44,655 [omNode-1@group-523986131536-StateMachineUpdater] INFO  impl.StateMachineUpdater (StateMachineUpdater.java:takeSnapshot(303)) - omNode-1@group-523986131536-StateMachineUpdater: Took a snapshot at index 554
2025-04-23 04:29:44,655 [omNode-1@group-523986131536-StateMachineUpdater] INFO  impl.StateMachineUpdater (StateMachineUpdater.java:lambda$new$0(102)) - omNode-1@group-523986131536-StateMachineUpdater: snapshotIndex: updateIncreasingly 504 -> 554
2025-04-23 04:29:44,655 [omNode-1@group-523986131536-StateMachineUpdater] INFO  raftlog.RaftLog (RaftLogBase.java:purge(325)) - omNode-1@group-523986131536-SegmentedRaftLog: purge 554
2025-04-23 04:29:44,655 [omNode-1@group-523986131536-StateMachineUpdater] INFO  raftlog.RaftLog (RaftLogBase.java:lambda$new$0(54)) - omNode-1@group-523986131536-SegmentedRaftLog: snapshotIndex: updateIncreasingly 504 -> 554
2025-04-23 04:29:44,655 [omNode-1@group-523986131536-StateMachineUpdater] INFO  raftlog.RaftLog (RaftLogBase.java:lambda$new$0(54)) - omNode-1@group-523986131536-SegmentedRaftLog: purgeIndex: updateToMax old=504, new=554, updated? true
2025-04-23 04:29:44,752 [main] INFO  om.OzoneManager (OzoneManager.java:stop(2347)) - omNode-3[localhost:15056]: Stopping Ozone Manager
2025-04-23 04:29:44,752 [main] INFO  ipc.Server (Server.java:stop(3697)) - Stopping server on 15056
2025-04-23 04:29:44,754 [IPC Server listener on 15056] INFO  ipc.Server (Server.java:run(1585)) - Stopping IPC Server listener on 15056
2025-04-23 04:29:44,754 [IPC Server Responder] INFO  ipc.Server (Server.java:run(1718)) - Stopping IPC Server Responder
2025-04-23 04:29:44,754 [main] INFO  ratis.OzoneManagerRatisServer (OzoneManagerRatisServer.java:stop(634)) - Stopping org.apache.hadoop.ozone.om.ratis.OzoneManagerRatisServer@57a5f6f at port 15059
2025-04-23 04:29:44,755 [main] INFO  server.RaftServer (RaftServerProxy.java:lambda$close$9(417)) - omNode-3: close
2025-04-23 04:29:44,755 [main] INFO  server.GrpcService (GrpcService.java:closeImpl(343)) - omNode-3: shutdown server GrpcServerProtocolService now
2025-04-23 04:29:44,756 [grpc-default-executor-3] WARN  server.GrpcServerProtocolService (LogUtils.java:warn(121)) - omNode-3: APPEND_ENTRIES onError, lastRequest: null: org.apache.ratis.thirdparty.io.grpc.StatusRuntimeException: CANCELLED: client cancelled
2025-04-23 04:29:44,756 [grpc-default-executor-0] WARN  server.GrpcServerProtocolService (LogUtils.java:warn(121)) - omNode-3: APPEND_ENTRIES onError, lastRequest: omNode-1->omNode-3#2880-t1,previous=(t:1, i:583),leaderCommit=583,initializing? false,entries: size=1, first=(t:1, i:584), METADATAENTRY(c:583): org.apache.ratis.thirdparty.io.grpc.StatusRuntimeException: CANCELLED: client cancelled
2025-04-23 04:29:44,756 [grpc-default-executor-0] WARN  server.GrpcLogAppender (LogUtils.java:warn(121)) - omNode-1@group-523986131536->omNode-3-AppendLogResponseHandler: Failed appendEntries: org.apache.ratis.thirdparty.io.grpc.StatusRuntimeException: CANCELLED: RST_STREAM closed stream. HTTP/2 error code: CANCEL
2025-04-23 04:29:44,756 [grpc-default-executor-0] WARN  server.GrpcLogAppender (GrpcLogAppender.java:lambda$resetClient$1(221)) - omNode-1@group-523986131536->omNode-3-GrpcLogAppender: Follower failed (request=null, errorCount=1); keep nextIndex (585) unchanged and retry.
2025-04-23 04:29:44,756 [omNode-3-impl-thread1] INFO  server.RaftServer$Division (RaftServerImpl.java:lambda$close$1(513)) - omNode-3@group-523986131536: shutdown
2025-04-23 04:29:44,756 [omNode-3-impl-thread1] INFO  util.JmxRegister (JmxRegister.java:unregister(74)) - Successfully un-registered JMX Bean with object name Ratis:service=RaftServer,group=group-523986131536,id=omNode-3
2025-04-23 04:29:44,757 [omNode-3-impl-thread1] INFO  impl.RoleInfo (RoleInfo.java:shutdownFollowerState(121)) - omNode-3: shutdown omNode-3@group-523986131536-FollowerState
2025-04-23 04:29:44,757 [omNode-3-impl-thread1] INFO  impl.StateMachineUpdater (StateMachineUpdater.java:stopAndJoin(164)) - omNode-3@group-523986131536-StateMachineUpdater: set stopIndex = 583
2025-04-23 04:29:44,757 [omNode-3@group-523986131536-FollowerState] INFO  impl.FollowerState (FollowerState.java:runImpl(170)) - omNode-3@group-523986131536-FollowerState was interrupted
2025-04-23 04:29:44,757 [Thread-9341] INFO  server.GrpcServerProtocolClient (GrpcServerProtocolClient.java:close(105)) - omNode-1 Close channels
2025-04-23 04:29:44,758 [Thread-9342] INFO  server.GrpcServerProtocolClient (GrpcServerProtocolClient.java:close(105)) - omNode-2 Close channels
2025-04-23 04:29:44,759 [main] INFO  server.GrpcService (GrpcService.java:closeImpl(352)) - omNode-3: shutdown server GrpcServerProtocolService successfully
2025-04-23 04:29:44,770 [omNode-3@group-523986131536-StateMachineUpdater] INFO  ratis.OzoneManagerStateMachine (OzoneManagerStateMachine.java:takeSnapshotImpl(510)) - omNode-3: taking snapshot. applied = (t:1, i:583), skipped = 581, notified = (t:1, i:582), current snapshot index = (t:1, i:583), took 14 ms
2025-04-23 04:29:44,770 [omNode-3@group-523986131536-StateMachineUpdater] INFO  impl.StateMachineUpdater (StateMachineUpdater.java:takeSnapshot(303)) - omNode-3@group-523986131536-StateMachineUpdater: Took a snapshot at index 583
2025-04-23 04:29:44,771 [omNode-3@group-523986131536-StateMachineUpdater] INFO  impl.StateMachineUpdater (StateMachineUpdater.java:lambda$new$0(102)) - omNode-3@group-523986131536-StateMachineUpdater: snapshotIndex: updateIncreasingly 544 -> 583
2025-04-23 04:29:44,771 [omNode-3@group-523986131536-StateMachineUpdater] INFO  impl.StateMachineUpdater (StateMachineUpdater.java:stop(141)) - omNode-3@group-523986131536-StateMachineUpdater: closing OzoneManagerStateMachine, lastApplied=(t:1, i:583)
2025-04-23 04:29:44,771 [omNode-3@group-523986131536-StateMachineUpdater] INFO  ratis.OzoneManagerStateMachine (OzoneManagerStateMachine.java:close(550)) - Stopping OzoneManagerStateMachine:omNode-3:group-523986131536.
2025-04-23 04:29:44,771 [omNode-3@group-523986131536-StateMachineUpdater] INFO  ratis.OzoneManagerDoubleBuffer (OzoneManagerDoubleBuffer.java:stopDaemon(500)) - Stopping OMDoubleBuffer flush thread
2025-04-23 04:29:44,771 [omNode-3-OMDoubleBufferFlushThread] INFO  ratis.OzoneManagerDoubleBuffer (OzoneManagerDoubleBuffer.java:canFlush(559)) - OMDoubleBuffer flush thread omNode-3-OMDoubleBufferFlushThread is interrupted and will exit.
2025-04-23 04:29:44,771 [omNode-3@group-523986131536-cacheEviction-AwaitToRun] INFO  util.AwaitToRun (AwaitToRun.java:run(49)) - omNode-3@group-523986131536-cacheEviction-AwaitToRun-AwaitForSignal is interrupted
2025-04-23 04:29:45,751 [omNode-3-impl-thread1] INFO  segmented.SegmentedRaftLogWorker (SegmentedRaftLogWorker.java:close(252)) - omNode-3@group-523986131536-SegmentedRaftLogWorker close()
2025-04-23 04:29:45,751 [JvmPauseMonitor49] INFO  util.JvmPauseMonitor (JvmPauseMonitor.java:run(152)) - JvmPauseMonitor-omNode-3: Stopped
2025-04-23 04:29:45,751 [main] INFO  utils.BackgroundService (BackgroundService.java:shutdown(161)) - Shutting down service KeyDeletingService
2025-04-23 04:29:45,752 [main] INFO  utils.BackgroundService (BackgroundService.java:shutdown(161)) - Shutting down service DirectoryDeletingService
2025-04-23 04:29:45,753 [main] INFO  utils.BackgroundService (BackgroundService.java:shutdown(161)) - Shutting down service OpenKeyCleanupService
2025-04-23 04:29:45,753 [main] INFO  utils.BackgroundService (BackgroundService.java:shutdown(161)) - Shutting down service SstFilteringService
2025-04-23 04:29:45,753 [main] INFO  utils.BackgroundService (BackgroundService.java:shutdown(161)) - Shutting down service SnapshotDeletingService
2025-04-23 04:29:45,754 [main] INFO  utils.BackgroundService (BackgroundService.java:shutdown(161)) - Shutting down service MultipartUploadCleanupService
2025-04-23 04:29:45,754 [main] INFO  handler.ContextHandler (ContextHandler.java:doStop(1159)) - Stopped o.e.j.w.WebAppContext@533c32ce{ozoneManager,/,null,STOPPED}{file:/home/runner/work/ozone/ozone/hadoop-ozone/integration-test/target/test-classes/webapps/ozoneManager}
2025-04-23 04:29:45,755 [main] INFO  server.AbstractConnector (AbstractConnector.java:doStop(383)) - Stopped ServerConnector@621c5ce7{HTTP/1.1, (http/1.1)}{0.0.0.0:15057}
2025-04-23 04:29:45,755 [main] INFO  server.session (HouseKeeper.java:stopScavenging(149)) - node0 Stopped scavenging
2025-04-23 04:29:45,755 [main] INFO  handler.ContextHandler (ContextHandler.java:doStop(1159)) - Stopped o.e.j.s.ServletContextHandler@6ac167f6{static,/static,file:///home/runner/work/ozone/ozone/hadoop-ozone/integration-test/target/test-classes/webapps/static,STOPPED}
2025-04-23 04:29:45,755 [main] INFO  handler.ContextHandler (ContextHandler.java:doStop(1159)) - Stopped o.e.j.s.ServletContextHandler@13f924c7{logs,/logs,file:///home/runner/work/ozone/ozone/hadoop-ozone/integration-test/target/log,STOPPED}
2025-04-23 04:29:45,756 [main] INFO  rocksdiff.RocksDBCheckpointDiffer (RocksDBCheckpointDiffer.java:close(304)) - Shutting down CompactionDagPruningService.
2025-04-23 04:29:45,758 [main] INFO  snapshot.SnapshotDiffManager (SnapshotDiffManager.java:closeExecutorService(1698)) - Shutting down executorService: 'SnapDiffExecutor'
2025-04-23 04:29:45,758 [main] INFO  utils.BackgroundService (BackgroundService.java:shutdown(161)) - Shutting down service SnapshotDiffCleanupService
2025-04-23 04:29:45,759 [main] INFO  om.OzoneManager (OzoneManager.java:stop(2347)) - omNode-1[localhost:15048]: Stopping Ozone Manager
2025-04-23 04:29:45,759 [main] INFO  ipc.Server (Server.java:stop(3697)) - Stopping server on 15048
2025-04-23 04:29:45,760 [IPC Server listener on 15048] INFO  ipc.Server (Server.java:run(1585)) - Stopping IPC Server listener on 15048
2025-04-23 04:29:45,760 [IPC Server Responder] INFO  ipc.Server (Server.java:run(1718)) - Stopping IPC Server Responder
2025-04-23 04:29:45,761 [main] INFO  ratis.OzoneManagerRatisServer (OzoneManagerRatisServer.java:stop(634)) - Stopping org.apache.hadoop.ozone.om.ratis.OzoneManagerRatisServer@3e3fa124 at port 15051
2025-04-23 04:29:45,761 [main] INFO  server.RaftServer (RaftServerProxy.java:lambda$close$9(417)) - omNode-1: close
2025-04-23 04:29:45,761 [main] INFO  server.GrpcService (GrpcService.java:closeImpl(343)) - omNode-1: shutdown server GrpcServerProtocolService now
2025-04-23 04:29:45,761 [omNode-1-impl-thread1] INFO  server.RaftServer$Division (RaftServerImpl.java:lambda$close$1(513)) - omNode-1@group-523986131536: shutdown
2025-04-23 04:29:45,761 [omNode-1-impl-thread1] INFO  util.JmxRegister (JmxRegister.java:unregister(74)) - Successfully un-registered JMX Bean with object name Ratis:service=RaftServer,group=group-523986131536,id=omNode-1
2025-04-23 04:29:45,761 [omNode-1-impl-thread1] INFO  impl.RoleInfo (RoleInfo.java:shutdownLeaderState(103)) - omNode-1: shutdown omNode-1@group-523986131536-LeaderStateImpl
2025-04-23 04:29:45,761 [omNode-1@group-523986131536->omNode-2-GrpcLogAppender-LogAppenderDaemon] WARN  server.GrpcLogAppender (GrpcLogAppender.java:mayWait(293)) - omNode-1@group-523986131536->omNode-2-GrpcLogAppender: Wait interrupted by java.lang.InterruptedException
2025-04-23 04:29:45,761 [omNode-1@group-523986131536->omNode-3-GrpcLogAppender-LogAppenderDaemon] WARN  server.GrpcLogAppender (GrpcLogAppender.java:mayWait(293)) - omNode-1@group-523986131536->omNode-3-GrpcLogAppender: Wait interrupted by java.lang.InterruptedException
2025-04-23 04:29:45,762 [omNode-1-impl-thread1] INFO  impl.PendingRequests (PendingRequests.java:sendNotLeaderResponses(287)) - omNode-1@group-523986131536-PendingRequests: sendNotLeaderResponses
2025-04-23 04:29:45,762 [grpc-default-executor-3] INFO  server.GrpcServerProtocolService (GrpcServerProtocolService.java:onCompleted(157)) - omNode-2: Completed APPEND_ENTRIES, lastRequest: omNode-1->omNode-2#1080-t1,previous=(t:1, i:583),leaderCommit=583,initializing? false,entries: size=1, first=(t:1, i:584), METADATAENTRY(c:583)
2025-04-23 04:29:45,762 [grpc-default-executor-3] INFO  server.GrpcServerProtocolService (GrpcServerProtocolService.java:lambda$onCompleted$5(159)) - omNode-2: Completed APPEND_ENTRIES, lastReply: null
2025-04-23 04:29:45,762 [omNode-1-impl-thread1] INFO  impl.StateMachineUpdater (StateMachineUpdater.java:stopAndJoin(164)) - omNode-1@group-523986131536-StateMachineUpdater: set stopIndex = 584
2025-04-23 04:29:45,762 [Thread-9391] INFO  server.GrpcServerProtocolClient (GrpcServerProtocolClient.java:close(105)) - omNode-3 Close channels
2025-04-23 04:29:45,763 [grpc-default-executor-0] INFO  server.GrpcLogAppender (GrpcLogAppender.java:onCompleted(550)) - omNode-1@group-523986131536->omNode-2-AppendLogResponseHandler: follower responses appendEntries COMPLETED
2025-04-23 04:29:45,763 [Thread-9393] INFO  server.GrpcServerProtocolClient (GrpcServerProtocolClient.java:close(105)) - omNode-2 Close channels
2025-04-23 04:29:45,763 [grpc-default-executor-2] INFO  server.GrpcServerProtocolService (GrpcServerProtocolService.java:onCompleted(157)) - omNode-2: Completed APPEND_ENTRIES, lastRequest: null
2025-04-23 04:29:45,763 [grpc-default-executor-0] WARN  server.GrpcLogAppender (GrpcLogAppender.java:resetClient(230)) - omNode-1@group-523986131536->omNode-2-GrpcLogAppender: Failed to getClient for omNode-2
org.apache.ratis.protocol.exceptions.AlreadyClosedException: omNode-1 is already CLOSED
	at org.apache.ratis.util.PeerProxyMap$PeerAndProxy.getProxy(PeerProxyMap.java:67)
	at org.apache.ratis.util.PeerProxyMap.getProxy(PeerProxyMap.java:124)
	at org.apache.ratis.grpc.server.GrpcLogAppender.getClient(GrpcLogAppender.java:200)
	at org.apache.ratis.grpc.server.GrpcLogAppender.resetClient(GrpcLogAppender.java:205)
	at org.apache.ratis.grpc.server.GrpcLogAppender.access$800(GrpcLogAppender.java:64)
	at org.apache.ratis.grpc.server.GrpcLogAppender$AppendLogResponseHandler.onCompleted(GrpcLogAppender.java:551)
	at org.apache.ratis.thirdparty.io.grpc.stub.ClientCalls$StreamObserverToCallListenerAdapter.onClose(ClientCalls.java:479)
	at org.apache.ratis.thirdparty.io.grpc.internal.ClientCallImpl.closeObserver(ClientCallImpl.java:567)
	at org.apache.ratis.thirdparty.io.grpc.internal.ClientCallImpl.access$300(ClientCallImpl.java:71)
	at org.apache.ratis.thirdparty.io.grpc.internal.ClientCallImpl$ClientStreamListenerImpl$1StreamClosed.runInternal(ClientCallImpl.java:735)
	at org.apache.ratis.thirdparty.io.grpc.internal.ClientCallImpl$ClientStreamListenerImpl$1StreamClosed.runInContext(ClientCallImpl.java:716)
	at org.apache.ratis.thirdparty.io.grpc.internal.ContextRunnable.run(ContextRunnable.java:37)
	at org.apache.ratis.thirdparty.io.grpc.internal.SerializingExecutor.run(SerializingExecutor.java:133)
	at java.base/java.util.concurrent.ThreadPoolExecutor.runWorker(ThreadPoolExecutor.java:1144)
	at java.base/java.util.concurrent.ThreadPoolExecutor$Worker.run(ThreadPoolExecutor.java:642)
	at java.base/java.lang.Thread.run(Thread.java:1583)
2025-04-23 04:29:45,763 [grpc-default-executor-2] INFO  server.GrpcServerProtocolService (GrpcServerProtocolService.java:lambda$onCompleted$5(159)) - omNode-2: Completed APPEND_ENTRIES, lastReply: serverReply {
  requestorId: "omNode-1"
  replyId: "omNode-2"
  raftGroupId {
    id: "\311\274L\364;\303<`\246kR9\206\023\0256"
  }
  callId: 1085
  success: true
}
term: 1
nextIndex: 585
followerCommit: 584
matchIndex: 18446744073709551615
isHearbeat: true

2025-04-23 04:29:45,764 [grpc-default-executor-2] INFO  server.GrpcLogAppender (GrpcLogAppender.java:onCompleted(550)) - omNode-1@group-523986131536->omNode-2-AppendLogResponseHandler: follower responses appendEntries COMPLETED
2025-04-23 04:29:45,764 [grpc-default-executor-2] WARN  server.GrpcLogAppender (GrpcLogAppender.java:resetClient(230)) - omNode-1@group-523986131536->omNode-2-GrpcLogAppender: Failed to getClient for omNode-2
org.apache.ratis.protocol.exceptions.AlreadyClosedException: omNode-1 is already CLOSED
	at org.apache.ratis.util.PeerProxyMap$PeerAndProxy.getProxy(PeerProxyMap.java:67)
	at org.apache.ratis.util.PeerProxyMap.getProxy(PeerProxyMap.java:124)
	at org.apache.ratis.grpc.server.GrpcLogAppender.getClient(GrpcLogAppender.java:200)
	at org.apache.ratis.grpc.server.GrpcLogAppender.resetClient(GrpcLogAppender.java:205)
	at org.apache.ratis.grpc.server.GrpcLogAppender.access$800(GrpcLogAppender.java:64)
	at org.apache.ratis.grpc.server.GrpcLogAppender$AppendLogResponseHandler.onCompleted(GrpcLogAppender.java:551)
	at org.apache.ratis.thirdparty.io.grpc.stub.ClientCalls$StreamObserverToCallListenerAdapter.onClose(ClientCalls.java:479)
	at org.apache.ratis.thirdparty.io.grpc.internal.DelayedClientCall$DelayedListener$3.run(DelayedClientCall.java:489)
	at org.apache.ratis.thirdparty.io.grpc.internal.DelayedClientCall$DelayedListener.delayOrExecute(DelayedClientCall.java:453)
	at org.apache.ratis.thirdparty.io.grpc.internal.DelayedClientCall$DelayedListener.onClose(DelayedClientCall.java:486)
	at org.apache.ratis.thirdparty.io.grpc.internal.ClientCallImpl.closeObserver(ClientCallImpl.java:567)
	at org.apache.ratis.thirdparty.io.grpc.internal.ClientCallImpl.access$300(ClientCallImpl.java:71)
	at org.apache.ratis.thirdparty.io.grpc.internal.ClientCallImpl$ClientStreamListenerImpl$1StreamClosed.runInternal(ClientCallImpl.java:735)
	at org.apache.ratis.thirdparty.io.grpc.internal.ClientCallImpl$ClientStreamListenerImpl$1StreamClosed.runInContext(ClientCallImpl.java:716)
	at org.apache.ratis.thirdparty.io.grpc.internal.ContextRunnable.run(ContextRunnable.java:37)
	at org.apache.ratis.thirdparty.io.grpc.internal.SerializingExecutor.run(SerializingExecutor.java:133)
	at java.base/java.util.concurrent.ThreadPoolExecutor.runWorker(ThreadPoolExecutor.java:1144)
	at java.base/java.util.concurrent.ThreadPoolExecutor$Worker.run(ThreadPoolExecutor.java:642)
	at java.base/java.lang.Thread.run(Thread.java:1583)
2025-04-23 04:29:45,764 [main] INFO  server.GrpcService (GrpcService.java:closeImpl(352)) - omNode-1: shutdown server GrpcServerProtocolService successfully
2025-04-23 04:29:45,777 [omNode-1@group-523986131536-StateMachineUpdater] INFO  ratis.OzoneManagerStateMachine (OzoneManagerStateMachine.java:takeSnapshotImpl(510)) - omNode-1: taking snapshot. applied = (t:1, i:584), skipped = 583, notified = (t:1, i:584), current snapshot index = (t:1, i:584), took 16 ms
2025-04-23 04:29:45,777 [omNode-1@group-523986131536-StateMachineUpdater] INFO  impl.StateMachineUpdater (StateMachineUpdater.java:takeSnapshot(303)) - omNode-1@group-523986131536-StateMachineUpdater: Took a snapshot at index 584
2025-04-23 04:29:45,777 [omNode-1@group-523986131536-StateMachineUpdater] INFO  impl.StateMachineUpdater (StateMachineUpdater.java:lambda$new$0(102)) - omNode-1@group-523986131536-StateMachineUpdater: snapshotIndex: updateIncreasingly 554 -> 584
2025-04-23 04:29:45,778 [omNode-1@group-523986131536-StateMachineUpdater] INFO  impl.StateMachineUpdater (StateMachineUpdater.java:stop(141)) - omNode-1@group-523986131536-StateMachineUpdater: closing OzoneManagerStateMachine, lastApplied=(t:1, i:584)
2025-04-23 04:29:45,778 [omNode-1@group-523986131536-StateMachineUpdater] INFO  ratis.OzoneManagerStateMachine (OzoneManagerStateMachine.java:close(550)) - Stopping OzoneManagerStateMachine:omNode-1:group-523986131536.
2025-04-23 04:29:45,778 [omNode-1@group-523986131536-StateMachineUpdater] INFO  ratis.OzoneManagerDoubleBuffer (OzoneManagerDoubleBuffer.java:stopDaemon(500)) - Stopping OMDoubleBuffer flush thread
2025-04-23 04:29:45,778 [omNode-1-OMDoubleBufferFlushThread] INFO  ratis.OzoneManagerDoubleBuffer (OzoneManagerDoubleBuffer.java:canFlush(559)) - OMDoubleBuffer flush thread omNode-1-OMDoubleBufferFlushThread is interrupted and will exit.
2025-04-23 04:29:45,778 [omNode-1@group-523986131536-cacheEviction-AwaitToRun] INFO  util.AwaitToRun (AwaitToRun.java:run(49)) - omNode-1@group-523986131536-cacheEviction-AwaitToRun-AwaitForSignal is interrupted
2025-04-23 04:29:45,782 [Thread-9509] WARN  rocksdiff.RocksDBCheckpointDiffer (RocksDBCheckpointDiffer.java:lambda$onCompactionCompleted$0(492)) - Input file not found in inflightCompactionsMap : /home/runner/work/ozone/ozone/hadoop-ozone/integration-test/target/test-dir/MiniOzoneClusterImpl-e6c14afe-f26c-49b2-91d5-3d25694ec971/omNode-1/om.db/000110.sst which should have been added on compactionBeginListener.
2025-04-23 04:29:45,782 [Thread-9509] WARN  rocksdiff.RocksDBCheckpointDiffer (RocksDBCheckpointDiffer.java:lambda$onCompactionCompleted$0(492)) - Input file not found in inflightCompactionsMap : /home/runner/work/ozone/ozone/hadoop-ozone/integration-test/target/test-dir/MiniOzoneClusterImpl-e6c14afe-f26c-49b2-91d5-3d25694ec971/omNode-1/om.db/000116.sst which should have been added on compactionBeginListener.
2025-04-23 04:29:45,782 [Thread-9509] WARN  rocksdiff.RocksDBCheckpointDiffer (RocksDBCheckpointDiffer.java:lambda$onCompactionCompleted$0(492)) - Input file not found in inflightCompactionsMap : /home/runner/work/ozone/ozone/hadoop-ozone/integration-test/target/test-dir/MiniOzoneClusterImpl-e6c14afe-f26c-49b2-91d5-3d25694ec971/omNode-1/om.db/000123.sst which should have been added on compactionBeginListener.
2025-04-23 04:29:45,782 [Thread-9509] WARN  rocksdiff.RocksDBCheckpointDiffer (RocksDBCheckpointDiffer.java:lambda$onCompactionCompleted$0(492)) - Input file not found in inflightCompactionsMap : /home/runner/work/ozone/ozone/hadoop-ozone/integration-test/target/test-dir/MiniOzoneClusterImpl-e6c14afe-f26c-49b2-91d5-3d25694ec971/omNode-1/om.db/000105.sst which should have been added on compactionBeginListener.
2025-04-23 04:29:45,782 [Thread-9509] WARN  rocksdiff.RocksDBCheckpointDiffer (RocksDBCheckpointDiffer.java:lambda$onCompactionCompleted$0(492)) - Input file not found in inflightCompactionsMap : /home/runner/work/ozone/ozone/hadoop-ozone/integration-test/target/test-dir/MiniOzoneClusterImpl-e6c14afe-f26c-49b2-91d5-3d25694ec971/omNode-1/om.db/000100.sst which should have been added on compactionBeginListener.
2025-04-23 04:29:46,750 [omNode-1-impl-thread1] INFO  segmented.SegmentedRaftLogWorker (SegmentedRaftLogWorker.java:close(252)) - omNode-1@group-523986131536-SegmentedRaftLogWorker close()
2025-04-23 04:29:46,751 [JvmPauseMonitor43] INFO  util.JvmPauseMonitor (JvmPauseMonitor.java:run(152)) - JvmPauseMonitor-omNode-1: Stopped
2025-04-23 04:29:46,751 [main] INFO  utils.BackgroundService (BackgroundService.java:shutdown(161)) - Shutting down service KeyDeletingService
2025-04-23 04:29:46,751 [main] INFO  utils.BackgroundService (BackgroundService.java:shutdown(161)) - Shutting down service DirectoryDeletingService
2025-04-23 04:29:46,752 [main] INFO  utils.BackgroundService (BackgroundService.java:shutdown(161)) - Shutting down service OpenKeyCleanupService
2025-04-23 04:29:46,752 [main] INFO  utils.BackgroundService (BackgroundService.java:shutdown(161)) - Shutting down service SstFilteringService
2025-04-23 04:29:46,753 [main] INFO  utils.BackgroundService (BackgroundService.java:shutdown(161)) - Shutting down service SnapshotDeletingService
2025-04-23 04:29:46,753 [main] INFO  utils.BackgroundService (BackgroundService.java:shutdown(161)) - Shutting down service MultipartUploadCleanupService
2025-04-23 04:29:46,754 [main] INFO  handler.ContextHandler (ContextHandler.java:doStop(1159)) - Stopped o.e.j.w.WebAppContext@8f4c5c6{ozoneManager,/,null,STOPPED}{file:/home/runner/work/ozone/ozone/hadoop-ozone/integration-test/target/test-classes/webapps/ozoneManager}
2025-04-23 04:29:46,754 [main] INFO  server.AbstractConnector (AbstractConnector.java:doStop(383)) - Stopped ServerConnector@31470237{HTTP/1.1, (http/1.1)}{0.0.0.0:15049}
2025-04-23 04:29:46,754 [main] INFO  server.session (HouseKeeper.java:stopScavenging(149)) - node0 Stopped scavenging
2025-04-23 04:29:46,754 [main] INFO  handler.ContextHandler (ContextHandler.java:doStop(1159)) - Stopped o.e.j.s.ServletContextHandler@71319886{static,/static,file:///home/runner/work/ozone/ozone/hadoop-ozone/integration-test/target/test-classes/webapps/static,STOPPED}
2025-04-23 04:29:46,754 [main] INFO  handler.ContextHandler (ContextHandler.java:doStop(1159)) - Stopped o.e.j.s.ServletContextHandler@fa9f9d3{logs,/logs,file:///home/runner/work/ozone/ozone/hadoop-ozone/integration-test/target/log,STOPPED}
2025-04-23 04:29:46,755 [main] INFO  rocksdiff.RocksDBCheckpointDiffer (RocksDBCheckpointDiffer.java:close(304)) - Shutting down CompactionDagPruningService.
2025-04-23 04:29:46,757 [main] INFO  snapshot.SnapshotDiffManager (SnapshotDiffManager.java:closeExecutorService(1698)) - Shutting down executorService: 'SnapDiffExecutor'
2025-04-23 04:29:46,757 [main] INFO  utils.BackgroundService (BackgroundService.java:shutdown(161)) - Shutting down service SnapshotDiffCleanupService
2025-04-23 04:29:46,758 [main] INFO  om.OzoneManager (OzoneManager.java:stop(2347)) - omNode-2[localhost:15052]: Stopping Ozone Manager
2025-04-23 04:29:46,758 [main] INFO  ipc.Server (Server.java:stop(3697)) - Stopping server on 15052
2025-04-23 04:29:46,760 [IPC Server listener on 15052] INFO  ipc.Server (Server.java:run(1585)) - Stopping IPC Server listener on 15052
2025-04-23 04:29:46,760 [IPC Server Responder] INFO  ipc.Server (Server.java:run(1718)) - Stopping IPC Server Responder
2025-04-23 04:29:46,760 [main] INFO  ratis.OzoneManagerRatisServer (OzoneManagerRatisServer.java:stop(634)) - Stopping org.apache.hadoop.ozone.om.ratis.OzoneManagerRatisServer@4dd7d31d at port 15055
2025-04-23 04:29:46,760 [main] INFO  server.RaftServer (RaftServerProxy.java:lambda$close$9(417)) - omNode-2: close
2025-04-23 04:29:46,760 [main] INFO  server.GrpcService (GrpcService.java:closeImpl(343)) - omNode-2: shutdown server GrpcServerProtocolService now
2025-04-23 04:29:46,760 [omNode-2-impl-thread1] INFO  server.RaftServer$Division (RaftServerImpl.java:lambda$close$1(513)) - omNode-2@group-523986131536: shutdown
2025-04-23 04:29:46,761 [omNode-2-impl-thread1] INFO  util.JmxRegister (JmxRegister.java:unregister(74)) - Successfully un-registered JMX Bean with object name Ratis:service=RaftServer,group=group-523986131536,id=omNode-2
2025-04-23 04:29:46,761 [omNode-2-impl-thread1] INFO  impl.RoleInfo (RoleInfo.java:shutdownFollowerState(121)) - omNode-2: shutdown omNode-2@group-523986131536-FollowerState
2025-04-23 04:29:46,761 [omNode-2-impl-thread1] INFO  impl.StateMachineUpdater (StateMachineUpdater.java:stopAndJoin(164)) - omNode-2@group-523986131536-StateMachineUpdater: set stopIndex = 584
2025-04-23 04:29:46,761 [omNode-2@group-523986131536-FollowerState] INFO  impl.FollowerState (FollowerState.java:runImpl(170)) - omNode-2@group-523986131536-FollowerState was interrupted
2025-04-23 04:29:46,762 [main] INFO  server.GrpcService (GrpcService.java:closeImpl(352)) - omNode-2: shutdown server GrpcServerProtocolService successfully
2025-04-23 04:29:46,775 [omNode-2@group-523986131536-StateMachineUpdater] INFO  ratis.OzoneManagerStateMachine (OzoneManagerStateMachine.java:takeSnapshotImpl(510)) - omNode-2: taking snapshot. applied = (t:1, i:584), skipped = 583, notified = (t:1, i:584), current snapshot index = (t:1, i:584), took 14 ms
2025-04-23 04:29:46,775 [omNode-2@group-523986131536-StateMachineUpdater] INFO  impl.StateMachineUpdater (StateMachineUpdater.java:takeSnapshot(303)) - omNode-2@group-523986131536-StateMachineUpdater: Took a snapshot at index 584
2025-04-23 04:29:46,775 [omNode-2@group-523986131536-StateMachineUpdater] INFO  impl.StateMachineUpdater (StateMachineUpdater.java:lambda$new$0(102)) - omNode-2@group-523986131536-StateMachineUpdater: snapshotIndex: updateIncreasingly 550 -> 584
2025-04-23 04:29:46,775 [omNode-2@group-523986131536-StateMachineUpdater] INFO  impl.StateMachineUpdater (StateMachineUpdater.java:stop(141)) - omNode-2@group-523986131536-StateMachineUpdater: closing OzoneManagerStateMachine, lastApplied=(t:1, i:584)
2025-04-23 04:29:46,775 [omNode-2@group-523986131536-StateMachineUpdater] INFO  ratis.OzoneManagerStateMachine (OzoneManagerStateMachine.java:close(550)) - Stopping OzoneManagerStateMachine:omNode-2:group-523986131536.
2025-04-23 04:29:46,776 [omNode-2@group-523986131536-StateMachineUpdater] INFO  ratis.OzoneManagerDoubleBuffer (OzoneManagerDoubleBuffer.java:stopDaemon(500)) - Stopping OMDoubleBuffer flush thread
2025-04-23 04:29:46,776 [omNode-2-OMDoubleBufferFlushThread] INFO  ratis.OzoneManagerDoubleBuffer (OzoneManagerDoubleBuffer.java:canFlush(559)) - OMDoubleBuffer flush thread omNode-2-OMDoubleBufferFlushThread is interrupted and will exit.
2025-04-23 04:29:46,776 [omNode-2@group-523986131536-cacheEviction-AwaitToRun] INFO  util.AwaitToRun (AwaitToRun.java:run(49)) - omNode-2@group-523986131536-cacheEviction-AwaitToRun-AwaitForSignal is interrupted
2025-04-23 04:29:46,780 [Thread-9638] WARN  rocksdiff.RocksDBCheckpointDiffer (RocksDBCheckpointDiffer.java:lambda$onCompactionCompleted$0(492)) - Input file not found in inflightCompactionsMap : /home/runner/work/ozone/ozone/hadoop-ozone/integration-test/target/test-dir/MiniOzoneClusterImpl-e6c14afe-f26c-49b2-91d5-3d25694ec971/omNode-2/om.db/000119.sst which should have been added on compactionBeginListener.
2025-04-23 04:29:46,780 [Thread-9638] WARN  rocksdiff.RocksDBCheckpointDiffer (RocksDBCheckpointDiffer.java:lambda$onCompactionCompleted$0(492)) - Input file not found in inflightCompactionsMap : /home/runner/work/ozone/ozone/hadoop-ozone/integration-test/target/test-dir/MiniOzoneClusterImpl-e6c14afe-f26c-49b2-91d5-3d25694ec971/omNode-2/om.db/000107.sst which should have been added on compactionBeginListener.
2025-04-23 04:29:46,780 [Thread-9638] WARN  rocksdiff.RocksDBCheckpointDiffer (RocksDBCheckpointDiffer.java:lambda$onCompactionCompleted$0(492)) - Input file not found in inflightCompactionsMap : /home/runner/work/ozone/ozone/hadoop-ozone/integration-test/target/test-dir/MiniOzoneClusterImpl-e6c14afe-f26c-49b2-91d5-3d25694ec971/omNode-2/om.db/000097.sst which should have been added on compactionBeginListener.
2025-04-23 04:29:46,781 [Thread-9638] WARN  rocksdiff.RocksDBCheckpointDiffer (RocksDBCheckpointDiffer.java:lambda$onCompactionCompleted$0(492)) - Input file not found in inflightCompactionsMap : /home/runner/work/ozone/ozone/hadoop-ozone/integration-test/target/test-dir/MiniOzoneClusterImpl-e6c14afe-f26c-49b2-91d5-3d25694ec971/omNode-2/om.db/000102.sst which should have been added on compactionBeginListener.
2025-04-23 04:29:46,781 [Thread-9638] WARN  rocksdiff.RocksDBCheckpointDiffer (RocksDBCheckpointDiffer.java:lambda$onCompactionCompleted$0(492)) - Input file not found in inflightCompactionsMap : /home/runner/work/ozone/ozone/hadoop-ozone/integration-test/target/test-dir/MiniOzoneClusterImpl-e6c14afe-f26c-49b2-91d5-3d25694ec971/omNode-2/om.db/000112.sst which should have been added on compactionBeginListener.
2025-04-23 04:29:47,751 [omNode-2-impl-thread1] INFO  segmented.SegmentedRaftLogWorker (SegmentedRaftLogWorker.java:close(252)) - omNode-2@group-523986131536-SegmentedRaftLogWorker close()
2025-04-23 04:29:47,751 [JvmPauseMonitor44] INFO  util.JvmPauseMonitor (JvmPauseMonitor.java:run(152)) - JvmPauseMonitor-omNode-2: Stopped
2025-04-23 04:29:47,751 [main] INFO  utils.BackgroundService (BackgroundService.java:shutdown(161)) - Shutting down service KeyDeletingService
2025-04-23 04:29:47,752 [main] INFO  utils.BackgroundService (BackgroundService.java:shutdown(161)) - Shutting down service DirectoryDeletingService
2025-04-23 04:29:47,753 [main] INFO  utils.BackgroundService (BackgroundService.java:shutdown(161)) - Shutting down service OpenKeyCleanupService
2025-04-23 04:29:47,753 [main] INFO  utils.BackgroundService (BackgroundService.java:shutdown(161)) - Shutting down service SstFilteringService
2025-04-23 04:29:47,753 [main] INFO  utils.BackgroundService (BackgroundService.java:shutdown(161)) - Shutting down service SnapshotDeletingService
2025-04-23 04:29:47,753 [main] INFO  utils.BackgroundService (BackgroundService.java:shutdown(161)) - Shutting down service MultipartUploadCleanupService
2025-04-23 04:29:47,754 [main] INFO  handler.ContextHandler (ContextHandler.java:doStop(1159)) - Stopped o.e.j.w.WebAppContext@56547b5{ozoneManager,/,null,STOPPED}{file:/home/runner/work/ozone/ozone/hadoop-ozone/integration-test/target/test-classes/webapps/ozoneManager}
2025-04-23 04:29:47,755 [main] INFO  server.AbstractConnector (AbstractConnector.java:doStop(383)) - Stopped ServerConnector@31b95de8{HTTP/1.1, (http/1.1)}{0.0.0.0:15053}
2025-04-23 04:29:47,755 [main] INFO  server.session (HouseKeeper.java:stopScavenging(149)) - node0 Stopped scavenging
2025-04-23 04:29:47,755 [main] INFO  handler.ContextHandler (ContextHandler.java:doStop(1159)) - Stopped o.e.j.s.ServletContextHandler@1370bbde{static,/static,file:///home/runner/work/ozone/ozone/hadoop-ozone/integration-test/target/test-classes/webapps/static,STOPPED}
2025-04-23 04:29:47,755 [main] INFO  handler.ContextHandler (ContextHandler.java:doStop(1159)) - Stopped o.e.j.s.ServletContextHandler@453bfd5f{logs,/logs,file:///home/runner/work/ozone/ozone/hadoop-ozone/integration-test/target/log,STOPPED}
2025-04-23 04:29:47,756 [main] INFO  rocksdiff.RocksDBCheckpointDiffer (RocksDBCheckpointDiffer.java:close(304)) - Shutting down CompactionDagPruningService.
2025-04-23 04:29:47,758 [main] INFO  snapshot.SnapshotDiffManager (SnapshotDiffManager.java:closeExecutorService(1698)) - Shutting down executorService: 'SnapDiffExecutor'
2025-04-23 04:29:47,758 [main] INFO  utils.BackgroundService (BackgroundService.java:shutdown(161)) - Shutting down service SnapshotDiffCleanupService
2025-04-23 04:29:47,759 [main] INFO  om.OzoneManager (OzoneManager.java:restart(1878)) - OzoneManager RPC server is listening at localhost/127.0.0.1:15056
2025-04-23 04:29:47,759 [main] INFO  impl.MetricsSystemImpl (MetricsSystemImpl.java:init(158)) - OzoneManager metrics system started (again)
2025-04-23 04:29:47,771 [main] WARN  server.ServerUtils (ServerUtils.java:getDBPath(297)) - ozone.om.db.dirs is not configured. We recommend adding this setting. Falling back to ozone.metadata.dirs instead.
2025-04-23 04:29:47,809 [main] INFO  om.OzoneManager (OzoneManager.java:instantiateServices(933)) - S3 Multi-Tenancy is disabled
2025-04-23 04:29:47,809 [main] INFO  om.OmSnapshotManager (OmSnapshotManager.java:<init>(180)) - Ozone filesystem snapshot feature is enabled.
2025-04-23 04:29:47,810 [main] WARN  server.ServerUtils (ServerUtils.java:getDBPath(297)) - ozone.om.snapshot.diff.db.dir is not configured. We recommend adding this setting. Falling back to ozone.metadata.dirs instead.
2025-04-23 04:29:47,822 [main] WARN  server.ServerUtils (ServerUtils.java:getDefaultRatisDirectory(309)) - Storage directory for Ratis is not configured. It is a good idea to map this to an SSD disk. Falling back to ozone.metadata.dirs
2025-04-23 04:29:47,822 [main] INFO  server.RaftServerConfigKeys (ConfUtils.java:logGet(46)) - raft.server.log.appender.buffer.byte-limit = 4194304 (custom)
2025-04-23 04:29:47,823 [main] INFO  ratis.OzoneManagerRatisServer (OzoneManagerRatisServer.java:<init>(167)) - Instantiating OM Ratis server with groupID: om-service-test1 and peers: localhost:15059, localhost:15051, localhost:15055
2025-04-23 04:29:47,823 [main] INFO  ratis.OzoneManagerStateMachine (OzoneManagerStateMachine.java:loadSnapshotInfoFromDB(611)) - LastAppliedIndex is set from TransactionInfo from OM DB as (t:1, i:583)
2025-04-23 04:29:47,824 [main] INFO  server.RaftServer (ConfUtils.java:logGet(46)) - raft.rpc.type = GRPC (default)
2025-04-23 04:29:47,824 [main] INFO  grpc.GrpcConfigKeys (ConfUtils.java:logFallback(53)) - raft.grpc.admin.host = null (fallback to raft.grpc.server.host)
2025-04-23 04:29:47,824 [main] INFO  grpc.GrpcConfigKeys (ConfUtils.java:logFallback(53)) - raft.grpc.admin.port = 15059 (fallback to raft.grpc.server.port)
2025-04-23 04:29:47,824 [main] INFO  grpc.GrpcConfigKeys (ConfUtils.java:logFallback(53)) - raft.grpc.client.host = null (fallback to raft.grpc.server.host)
2025-04-23 04:29:47,824 [main] INFO  grpc.GrpcConfigKeys (ConfUtils.java:logFallback(53)) - raft.grpc.client.port = 15059 (fallback to raft.grpc.server.port)
2025-04-23 04:29:47,824 [main] INFO  grpc.GrpcConfigKeys (ConfUtils.java:logGet(46)) - raft.grpc.server.host = null (default)
2025-04-23 04:29:47,824 [main] INFO  grpc.GrpcConfigKeys (ConfUtils.java:logGet(46)) - raft.grpc.server.port = 15059 (custom)
2025-04-23 04:29:47,825 [main] INFO  server.GrpcService (ConfUtils.java:logGet(46)) - raft.grpc.message.size.max = 5242880 (custom)
2025-04-23 04:29:47,825 [main] INFO  server.GrpcService (ConfUtils.java:logGet(46)) - raft.grpc.flow.control.window = 1MB (=1048576) (default)
2025-04-23 04:29:47,825 [main] INFO  server.RaftServerConfigKeys (ConfUtils.java:logGet(46)) - raft.server.rpc.request.timeout = 3000ms (default)
2025-04-23 04:29:47,825 [main] INFO  grpc.GrpcConfigKeys (ConfUtils.java:logGet(46)) - raft.grpc.server.heartbeat.channel = true (default)
2025-04-23 04:29:47,825 [main] INFO  server.RaftServerConfigKeys (ConfUtils.java:logGet(46)) - raft.server.log.appender.buffer.byte-limit = 4194304 (custom)
2025-04-23 04:29:47,825 [main] INFO  grpc.GrpcConfigKeys (ConfUtils.java:logGet(46)) - raft.grpc.server.async.request.thread.pool.cached = true (default)
2025-04-23 04:29:47,825 [main] INFO  grpc.GrpcConfigKeys (ConfUtils.java:logGet(46)) - raft.grpc.server.async.request.thread.pool.size = 32 (default)
2025-04-23 04:29:47,826 [main] INFO  impl.DataStreamServerImpl (ConfUtils.java:logGet(46)) - raft.datastream.type = DISABLED (default)
2025-04-23 04:29:47,826 [main] INFO  server.RaftServerConfigKeys (ConfUtils.java:logGet(46)) - raft.server.sleep.deviation.threshold = 300ms (default)
2025-04-23 04:29:47,826 [main] INFO  server.RaftServerConfigKeys (ConfUtils.java:logGet(46)) - raft.server.close.threshold = 60s (default)
2025-04-23 04:29:47,826 [main] INFO  server.RaftServerConfigKeys (ConfUtils.java:logGet(46)) - raft.server.leaderelection.leader.step-down.wait-time = 10s (default)
2025-04-23 04:29:47,827 [main] INFO  server.RaftServerConfigKeys (ConfUtils.java:logGet(46)) - raft.server.storage.dir = [/home/runner/work/ozone/ozone/hadoop-ozone/integration-test/target/test-dir/MiniOzoneClusterImpl-e6c14afe-f26c-49b2-91d5-3d25694ec971/omNode-3/ratis] (custom)
2025-04-23 04:29:47,827 [main] INFO  server.RaftServerConfigKeys (ConfUtils.java:logGet(46)) - raft.server.threadpool.proxy.cached = true (default)
2025-04-23 04:29:47,827 [main] INFO  server.RaftServerConfigKeys (ConfUtils.java:logGet(46)) - raft.server.threadpool.proxy.size = 0 (default)
2025-04-23 04:29:47,827 [omNode-3-impl-thread1] INFO  server.RaftServer (RaftServerProxy.java:initGroupDir(265)) - omNode-3: found a subdirectory /home/runner/work/ozone/ozone/hadoop-ozone/integration-test/target/test-dir/MiniOzoneClusterImpl-e6c14afe-f26c-49b2-91d5-3d25694ec971/omNode-3/ratis/c9bc4cf4-3bc3-3c60-a66b-523986131536
2025-04-23 04:29:47,828 [main] INFO  server.RaftServer (RaftServerProxy.java:addNew(100)) - omNode-3: addNew group-523986131536:[omNode-3|localhost:15059, omNode-1|localhost:15051, omNode-2|localhost:15055] returns group-523986131536:java.util.concurrent.CompletableFuture@1ab2d91[Not completed]
2025-04-23 04:29:47,828 [omNode-3-groupManagement] INFO  server.RaftServer$Division (RaftServerImpl.java:<init>(255)) - omNode-3: new RaftServerImpl for group-523986131536:[omNode-3|localhost:15059, omNode-1|localhost:15051, omNode-2|localhost:15055] with OzoneManagerStateMachine:uninitialized
2025-04-23 04:29:47,828 [main] INFO  om.OzoneManager (OzoneManager.java:initializeRatisServer(2303)) - OzoneManager Ratis server initialized at port 15059
2025-04-23 04:29:47,828 [main] INFO  ratis.OzoneManagerRatisServer (OzoneManagerRatisServer.java:start(628)) - Starting OzoneManagerRatisServer omNode-3 at port 15059
2025-04-23 04:29:47,828 [omNode-3-groupManagement] INFO  server.RaftServerConfigKeys (ConfUtils.java:logGet(46)) - raft.server.rpc.timeout.min = 1s (custom)
2025-04-23 04:29:47,828 [omNode-3-groupManagement] INFO  server.RaftServerConfigKeys (ConfUtils.java:logGet(46)) - raft.server.rpc.timeout.max = 1200ms (custom)
2025-04-23 04:29:47,828 [omNode-3-groupManagement] INFO  server.RaftServerConfigKeys (ConfUtils.java:logGet(46)) - raft.server.rpc.sleep.time = 25ms (default)
2025-04-23 04:29:47,828 [omNode-3-groupManagement] INFO  server.RaftServerConfigKeys (ConfUtils.java:logGet(46)) - raft.server.rpc.slowness.timeout = 2s (custom)
2025-04-23 04:29:47,828 [omNode-3-groupManagement] INFO  server.RaftServerConfigKeys (ConfUtils.java:logGet(46)) - raft.server.leaderelection.leader.step-down.wait-time = 10s (default)
2025-04-23 04:29:47,828 [omNode-3-groupManagement] INFO  server.RaftServerConfigKeys (ConfUtils.java:logGet(46)) - raft.server.leaderelection.member.majority-add = false (default)
2025-04-23 04:29:47,828 [omNode-3-groupManagement] INFO  server.RaftServerConfigKeys (ConfUtils.java:logGet(46)) - raft.server.sleep.deviation.threshold = 300ms (default)
2025-04-23 04:29:47,828 [omNode-3-groupManagement] INFO  server.RaftServer$Division (ServerState.java:<init>(114)) - omNode-3@group-523986131536: ConfigurationManager, init=conf: {index: -1, cur=peers:[omNode-3|localhost:15059, omNode-1|localhost:15051, omNode-2|localhost:15055]|listeners:[], old=null}, confs=<EMPTY_MAP>
2025-04-23 04:29:47,828 [omNode-3-groupManagement] INFO  server.RaftServerConfigKeys (ConfUtils.java:logGet(46)) - raft.server.notification.no-leader.timeout = 2s (custom)
2025-04-23 04:29:47,828 [omNode-3-groupManagement] INFO  server.RaftServerConfigKeys (ConfUtils.java:logGet(46)) - raft.server.read.timeout = 10s (default)
2025-04-23 04:29:47,828 [omNode-3-groupManagement] INFO  server.RaftServerConfigKeys (ConfUtils.java:logGet(46)) - raft.server.retrycache.expirytime = 30000ms (custom)
2025-04-23 04:29:47,828 [omNode-3-groupManagement] INFO  server.RaftServerConfigKeys (ConfUtils.java:logGet(46)) - raft.server.retrycache.statistics.expirytime = 100ms (default)
2025-04-23 04:29:47,828 [omNode-3-groupManagement] INFO  server.RaftServerConfigKeys (ConfUtils.java:logGet(46)) - raft.server.read.option = DEFAULT (default)
2025-04-23 04:29:47,829 [omNode-3-groupManagement] INFO  server.RaftServerConfigKeys (ConfUtils.java:logGet(46)) - raft.server.read.read-after-write-consistent.write-index-cache.expiry-time = 60s (default)
2025-04-23 04:29:47,830 [omNode-3-groupManagement] INFO  server.RaftServerConfigKeys (ConfUtils.java:logGet(46)) - raft.server.rpc.request.timeout = 3000ms (default)
2025-04-23 04:29:47,830 [omNode-3-groupManagement] INFO  server.RaftServerConfigKeys (ConfUtils.java:logGet(46)) - raft.server.log.appender.install.snapshot.enabled = false (custom)
2025-04-23 04:29:47,830 [omNode-3-groupManagement] INFO  server.RaftServerConfigKeys (ConfUtils.java:logGet(46)) - raft.server.threadpool.server.cached = true (default)
2025-04-23 04:29:47,830 [omNode-3-groupManagement] INFO  server.RaftServerConfigKeys (ConfUtils.java:logGet(46)) - raft.server.threadpool.server.size = 0 (default)
2025-04-23 04:29:47,831 [omNode-3-groupManagement] INFO  server.RaftServerConfigKeys (ConfUtils.java:logGet(46)) - raft.server.threadpool.client.cached = true (default)
2025-04-23 04:29:47,831 [omNode-3-groupManagement] INFO  server.RaftServerConfigKeys (ConfUtils.java:logGet(46)) - raft.server.threadpool.client.size = 0 (default)
2025-04-23 04:29:47,831 [omNode-3-impl-thread1] INFO  server.RaftServerConfigKeys (ConfUtils.java:logGet(46)) - raft.server.storage.free-space.min = 0MB (=0) (default)
2025-04-23 04:29:47,831 [omNode-3-impl-thread1] INFO  server.RaftServerConfigKeys (ConfUtils.java:logGet(46)) - raft.server.log.corruption.policy = EXCEPTION (default)
2025-04-23 04:29:47,831 [omNode-3-impl-thread1] INFO  server.RaftServerConfigKeys (ConfUtils.java:logGet(46)) - raft.server.storage.dir = [/home/runner/work/ozone/ozone/hadoop-ozone/integration-test/target/test-dir/MiniOzoneClusterImpl-e6c14afe-f26c-49b2-91d5-3d25694ec971/omNode-3/ratis] (custom)
2025-04-23 04:29:47,832 [omNode-3-impl-thread1] INFO  storage.RaftStorageDirectory (RaftStorageDirectoryImpl.java:tryLock(229)) - Lock on /home/runner/work/ozone/ozone/hadoop-ozone/integration-test/target/test-dir/MiniOzoneClusterImpl-e6c14afe-f26c-49b2-91d5-3d25694ec971/omNode-3/ratis/c9bc4cf4-3bc3-3c60-a66b-523986131536/in_use.lock acquired by nodename 129558@fv-az1441-587
2025-04-23 04:29:47,832 [omNode-3-impl-thread1] INFO  storage.RaftStorage (RaftStorageImpl.java:analyzeAndRecoverStorage(118)) - Read RaftStorageMetadata{term=1, votedFor=} from /home/runner/work/ozone/ozone/hadoop-ozone/integration-test/target/test-dir/MiniOzoneClusterImpl-e6c14afe-f26c-49b2-91d5-3d25694ec971/omNode-3/ratis/c9bc4cf4-3bc3-3c60-a66b-523986131536/current/raft-meta
2025-04-23 04:29:47,832 [omNode-3-impl-thread1] INFO  server.RaftServer$Division (ServerState.java:setRaftConf(386)) - omNode-3@group-523986131536: set configuration conf: {index: 0, cur=peers:[omNode-3|localhost:15059, omNode-1|localhost:15051, omNode-2|localhost:15055]|listeners:[], old=null}
2025-04-23 04:29:47,832 [omNode-3-impl-thread1] INFO  ratis.OzoneManagerStateMachine (OzoneManagerStateMachine.java:lambda$0(138)) - omNode-3: initialize group-523986131536 with (t:1, i:583)
2025-04-23 04:29:47,832 [omNode-3-impl-thread1] INFO  server.RaftServerConfigKeys (ConfUtils.java:logGet(46)) - raft.server.log.use.memory = false (default)
2025-04-23 04:29:47,832 [omNode-3-impl-thread1] INFO  server.RaftServerConfigKeys (ConfUtils.java:logGet(46)) - raft.server.log.purge.gap = 50 (custom)
2025-04-23 04:29:47,832 [omNode-3-impl-thread1] INFO  server.RaftServerConfigKeys (ConfUtils.java:logGet(46)) - raft.server.log.appender.buffer.byte-limit = 4194304 (custom)
2025-04-23 04:29:47,832 [omNode-3-impl-thread1] INFO  server.RaftServerConfigKeys (ConfUtils.java:logGet(46)) - raft.server.log.statemachine.data.read.timeout = 1000ms (default)
2025-04-23 04:29:47,832 [omNode-3-impl-thread1] INFO  server.RaftServerConfigKeys (ConfUtils.java:logGet(46)) - raft.server.log.purge.preservation.log.num = 0 (default)
2025-04-23 04:29:47,833 [omNode-3-impl-thread1] INFO  server.RaftServerConfigKeys (ConfUtils.java:logGet(46)) - raft.server.log.segment.size.max = 4194304 (custom)
2025-04-23 04:29:47,833 [omNode-3-impl-thread1] INFO  server.RaftServerConfigKeys (ConfUtils.java:logGet(46)) - raft.server.log.segment.cache.num.max = 2 (custom)
2025-04-23 04:29:47,833 [omNode-3-impl-thread1] INFO  server.RaftServerConfigKeys (ConfUtils.java:logGet(46)) - raft.server.log.segment.cache.size.max = 200MB (=209715200) (default)
2025-04-23 04:29:47,833 [omNode-3-impl-thread1] INFO  server.RaftServerConfigKeys (ConfUtils.java:logGet(46)) - raft.server.log.appender.buffer.byte-limit = 4194304 (custom)
2025-04-23 04:29:47,834 [omNode-3-impl-thread1] INFO  util.AwaitToRun (AwaitToRun.java:start(81)) - Thread[#10931,omNode-3@group-523986131536-cacheEviction-AwaitToRun,5,main] started
2025-04-23 04:29:47,834 [omNode-3-impl-thread1] INFO  segmented.SegmentedRaftLogWorker (SegmentedRaftLogWorker.java:<init>(188)) - new omNode-3@group-523986131536-SegmentedRaftLogWorker for RaftStorageImpl:Storage Directory /home/runner/work/ozone/ozone/hadoop-ozone/integration-test/target/test-dir/MiniOzoneClusterImpl-e6c14afe-f26c-49b2-91d5-3d25694ec971/omNode-3/ratis/c9bc4cf4-3bc3-3c60-a66b-523986131536
2025-04-23 04:29:47,834 [omNode-3-impl-thread1] INFO  server.RaftServerConfigKeys (ConfUtils.java:logGet(46)) - raft.server.log.queue.byte-limit = 64MB (=67108864) (default)
2025-04-23 04:29:47,834 [omNode-3-impl-thread1] INFO  server.RaftServerConfigKeys (ConfUtils.java:logGet(46)) - raft.server.log.queue.element-limit = 4096 (default)
2025-04-23 04:29:47,834 [omNode-3-impl-thread1] INFO  server.RaftServerConfigKeys (ConfUtils.java:logGet(46)) - raft.server.log.segment.size.max = 4194304 (custom)
2025-04-23 04:29:47,834 [omNode-3-impl-thread1] INFO  server.RaftServerConfigKeys (ConfUtils.java:logGet(46)) - raft.server.log.preallocated.size = 4194304 (custom)
2025-04-23 04:29:47,834 [omNode-3-impl-thread1] INFO  server.RaftServerConfigKeys (ConfUtils.java:logGet(46)) - raft.server.log.force.sync.num = 128 (default)
2025-04-23 04:29:47,834 [omNode-3-impl-thread1] INFO  server.RaftServerConfigKeys (ConfUtils.java:logGet(46)) - raft.server.log.statemachine.data.sync = true (default)
2025-04-23 04:29:47,834 [omNode-3-impl-thread1] INFO  server.RaftServerConfigKeys (ConfUtils.java:logGet(46)) - raft.server.log.statemachine.data.sync.timeout = 10s (default)
2025-04-23 04:29:47,834 [omNode-3-impl-thread1] INFO  server.RaftServerConfigKeys (ConfUtils.java:logGet(46)) - raft.server.log.statemachine.data.sync.timeout.retry = -1 (default)
2025-04-23 04:29:47,834 [omNode-3-impl-thread1] INFO  server.RaftServerConfigKeys (ConfUtils.java:logGet(46)) - raft.server.log.write.buffer.size = 4194312 (custom)
2025-04-23 04:29:47,836 [omNode-3-impl-thread1] INFO  server.RaftServerConfigKeys (ConfUtils.java:logGet(46)) - raft.server.log.appender.buffer.byte-limit = 4194304 (custom)
2025-04-23 04:29:47,836 [omNode-3-impl-thread1] INFO  server.RaftServerConfigKeys (ConfUtils.java:logGet(46)) - raft.server.log.unsafe-flush.enabled = false (default)
2025-04-23 04:29:47,836 [omNode-3-impl-thread1] INFO  server.RaftServerConfigKeys (ConfUtils.java:logGet(46)) - raft.server.log.async-flush.enabled = false (default)
2025-04-23 04:29:47,836 [omNode-3-impl-thread1] INFO  server.RaftServerConfigKeys (ConfUtils.java:logGet(46)) - raft.server.log.statemachine.data.caching.enabled = false (default)
2025-04-23 04:29:47,836 [omNode-3-impl-thread1] INFO  server.RaftServer$Division (ServerState.java:setRaftConf(386)) - omNode-3@group-523986131536: set configuration conf: {index: 0, cur=peers:[omNode-3|localhost:15059, omNode-1|localhost:15051, omNode-2|localhost:15055]|listeners:[], old=null}
2025-04-23 04:29:47,840 [omNode-3-impl-thread1] INFO  segmented.LogSegment (LogSegment.java:loadSegment(171)) - Successfully read 585 entries from segment file /home/runner/work/ozone/ozone/hadoop-ozone/integration-test/target/test-dir/MiniOzoneClusterImpl-e6c14afe-f26c-49b2-91d5-3d25694ec971/omNode-3/ratis/c9bc4cf4-3bc3-3c60-a66b-523986131536/current/log_inprogress_0
2025-04-23 04:29:47,840 [omNode-3-impl-thread1] INFO  segmented.SegmentedRaftLogWorker (SegmentedRaftLogWorker.java:lambda$new$0(139)) - omNode-3@group-523986131536-SegmentedRaftLogWorker: flushIndex: setUnconditionally 0 -> 584
2025-04-23 04:29:47,840 [omNode-3-impl-thread1] INFO  segmented.SegmentedRaftLogWorker (SegmentedRaftLogWorker.java:lambda$new$0(139)) - omNode-3@group-523986131536-SegmentedRaftLogWorker: safeCacheEvictIndex: setUnconditionally 0 -> -1
2025-04-23 04:29:47,840 [omNode-3-impl-thread1] INFO  segmented.BufferedWriteChannel (BufferedWriteChannel.java:open(61)) - open log_inprogress_0 (append) at position 179282
2025-04-23 04:29:47,840 [omNode-3-impl-thread1] INFO  server.RaftServer$Division (RaftServerImpl.java:start(391)) - omNode-3@group-523986131536: start as a follower, conf=conf: {index: 0, cur=peers:[omNode-3|localhost:15059, omNode-1|localhost:15051, omNode-2|localhost:15055]|listeners:[], old=null}
2025-04-23 04:29:47,840 [omNode-3-impl-thread1] INFO  server.RaftServer$Division (RaftServerImpl.java:setRole(378)) - omNode-3@group-523986131536: changes role from      null to FOLLOWER at term 1 for startAsFollower
2025-04-23 04:29:47,840 [omNode-3-impl-thread1] INFO  impl.RoleInfo (RoleInfo.java:updateAndGet(148)) - omNode-3: start omNode-3@group-523986131536-FollowerState
2025-04-23 04:29:47,840 [omNode-3-impl-thread1] INFO  util.JmxRegister (JmxRegister.java:tryRegister(44)) - Successfully registered JMX Bean with object name Ratis:service=RaftServer,group=group-523986131536,id=omNode-3
2025-04-23 04:29:47,840 [omNode-3-impl-thread1] INFO  util.JmxRegister (JmxRegister.java:register(58)) - register mxBean class org.apache.ratis.server.impl.RaftServerJmxAdapter as Ratis:service=RaftServer,group=group-523986131536,id=omNode-3
2025-04-23 04:29:47,840 [omNode-3-impl-thread1] INFO  server.RaftServerConfigKeys (ConfUtils.java:logGet(46)) - raft.server.snapshot.trigger-when-stop.enabled = true (default)
2025-04-23 04:29:47,841 [omNode-3-impl-thread1] INFO  server.RaftServerConfigKeys (ConfUtils.java:logGet(46)) - raft.server.snapshot.trigger-when-remove.enabled = true (default)
2025-04-23 04:29:47,841 [omNode-3-impl-thread1] INFO  server.RaftServerConfigKeys (ConfUtils.java:logGet(46)) - raft.server.snapshot.auto.trigger.enabled = true (custom)
2025-04-23 04:29:47,841 [omNode-3-impl-thread1] INFO  server.RaftServerConfigKeys (ConfUtils.java:logGet(46)) - raft.server.snapshot.auto.trigger.threshold = 50 (custom)
2025-04-23 04:29:47,841 [omNode-3-impl-thread1] INFO  server.RaftServerConfigKeys (ConfUtils.java:logGet(46)) - raft.server.snapshot.retention.file.num = -1 (default)
2025-04-23 04:29:47,841 [omNode-3-impl-thread1] INFO  server.RaftServerConfigKeys (ConfUtils.java:logGet(46)) - raft.server.log.purge.upto.snapshot.index = true (custom)
2025-04-23 04:29:47,841 [omNode-3@group-523986131536-FollowerState] INFO  server.RaftServerConfigKeys (ConfUtils.java:logFallback(53)) - raft.server.rpc.first-election.timeout.min = 1s (fallback to raft.server.rpc.timeout.min)
2025-04-23 04:29:47,841 [omNode-3@group-523986131536-FollowerState] INFO  server.RaftServerConfigKeys (ConfUtils.java:logFallback(53)) - raft.server.rpc.first-election.timeout.max = 1200ms (fallback to raft.server.rpc.timeout.max)
2025-04-23 04:29:47,841 [omNode-3-impl-thread1] INFO  server.RaftServer$Division (RaftServerImpl.java:start(405)) - omNode-3@group-523986131536: Successfully started.
2025-04-23 04:29:47,841 [main] INFO  server.RaftServer (RaftServerProxy.java:startImpl(407)) - omNode-3: start RPC server
2025-04-23 04:29:47,842 [main] INFO  server.GrpcService (GrpcService.java:startImpl(334)) - omNode-3: GrpcService started, listening on 15059
2025-04-23 04:29:47,842 [main] INFO  om.OzoneManager (OzoneManager.java:getRpcServer(1360)) - Creating RPC Server
2025-04-23 04:29:47,842 [JvmPauseMonitor50] INFO  util.JvmPauseMonitor (JvmPauseMonitor.java:run(146)) - JvmPauseMonitor-omNode-3: Started
2025-04-23 04:29:48,160 [main] INFO  reflections.Reflections (Reflections.java:scan(219)) - Reflections took 317 ms to scan 22 urls, producing 61 keys and 7422 values
2025-04-23 04:29:48,161 [main] INFO  ipc.CallQueueManager (CallQueueManager.java:<init>(93)) - Using callQueue: class java.util.concurrent.LinkedBlockingQueue, queueCapacity: 2000, scheduler: class org.apache.hadoop.ipc.DefaultRpcScheduler, ipcBackoff: false, ipcFailOver: false.
2025-04-23 04:29:48,161 [main] INFO  ipc.Server (Server.java:<init>(1438)) - Listener at localhost:15056
2025-04-23 04:29:48,162 [Socket Reader #1 for port 15056] INFO  ipc.Server (Server.java:run(1474)) - Starting Socket Reader #1 for port 15056
2025-04-23 04:29:48,162 [Socket Reader #2 for port 15056] INFO  ipc.Server (Server.java:run(1474)) - Starting Socket Reader #2 for port 15056
2025-04-23 04:29:48,162 [Socket Reader #3 for port 15056] INFO  ipc.Server (Server.java:run(1474)) - Starting Socket Reader #3 for port 15056
2025-04-23 04:29:48,162 [Socket Reader #4 for port 15056] INFO  ipc.Server (Server.java:run(1474)) - Starting Socket Reader #4 for port 15056
2025-04-23 04:29:48,162 [Socket Reader #5 for port 15056] INFO  ipc.Server (Server.java:run(1474)) - Starting Socket Reader #5 for port 15056
2025-04-23 04:29:48,162 [Socket Reader #6 for port 15056] INFO  ipc.Server (Server.java:run(1474)) - Starting Socket Reader #6 for port 15056
2025-04-23 04:29:48,162 [Socket Reader #7 for port 15056] INFO  ipc.Server (Server.java:run(1474)) - Starting Socket Reader #7 for port 15056
2025-04-23 04:29:48,163 [Socket Reader #8 for port 15056] INFO  ipc.Server (Server.java:run(1474)) - Starting Socket Reader #8 for port 15056
2025-04-23 04:29:48,163 [Socket Reader #9 for port 15056] INFO  ipc.Server (Server.java:run(1474)) - Starting Socket Reader #9 for port 15056
2025-04-23 04:29:48,163 [Socket Reader #10 for port 15056] INFO  ipc.Server (Server.java:run(1474)) - Starting Socket Reader #10 for port 15056
2025-04-23 04:29:48,165 [main] INFO  http.BaseHttpServer (BaseHttpServer.java:newHttpServer2BuilderForOzone(229)) - Starting Web-server for ozoneManager at: http://0.0.0.0:15057
2025-04-23 04:29:48,165 [main] INFO  http.BaseHttpServer (BaseHttpServer.java:<init>(107)) - Hadoop Security Enabled: false Ozone Security Enabled: false Ozone HTTP Security Enabled: false 
2025-04-23 04:29:48,166 [main] WARN  server.AuthenticationFilter (AuthenticationFilter.java:constructSecretProvider(240)) - Unable to initialize FileSignerSecretProvider, falling back to use random secrets. Reason: Could not read signature secret file: /home/runner/hadoop-http-auth-signature-secret
2025-04-23 04:29:48,167 [main] INFO  http.HttpServer2 (HttpServer2.java:addGlobalFilter(1041)) - Added global filter 'safety' (class=org.apache.hadoop.hdds.server.http.HttpServer2$QuotingInputFilter)
2025-04-23 04:29:48,168 [main] INFO  http.HttpServer2 (HttpServer2.java:addFilter(1017)) - Added filter static_user_filter (class=org.apache.hadoop.http.lib.StaticUserWebFilter$StaticUserFilter) to context ozoneManager
2025-04-23 04:29:48,168 [main] INFO  http.HttpServer2 (HttpServer2.java:addFilter(1025)) - Added filter static_user_filter (class=org.apache.hadoop.http.lib.StaticUserWebFilter$StaticUserFilter) to context logs
2025-04-23 04:29:48,168 [main] INFO  http.HttpServer2 (HttpServer2.java:addFilter(1025)) - Added filter static_user_filter (class=org.apache.hadoop.http.lib.StaticUserWebFilter$StaticUserFilter) to context static
2025-04-23 04:29:48,168 [main] INFO  http.BaseHttpServer (BaseHttpServer.java:<init>(195)) - HTTP server of ozoneManager uses base directory /home/runner/work/ozone/ozone/hadoop-ozone/integration-test/target/test-dir/MiniOzoneClusterImpl-e6c14afe-f26c-49b2-91d5-3d25694ec971/omNode-3/webserver
2025-04-23 04:29:48,169 [main] INFO  http.HttpServer2 (HttpServer2.java:bindListener(1241)) - Jetty bound to port 15057
2025-04-23 04:29:48,169 [main] INFO  server.Server (Server.java:doStart(375)) - jetty-9.4.57.v20241219; built: 2025-01-08T21:24:30.412Z; git: df524e6b29271c2e09ba9aea83c18dc9db464a31; jvm 21.0.7+6-LTS
2025-04-23 04:29:48,170 [main] INFO  server.session (DefaultSessionIdManager.java:doStart(334)) - DefaultSessionIdManager workerName=node0
2025-04-23 04:29:48,170 [main] INFO  server.session (DefaultSessionIdManager.java:doStart(339)) - No SessionScavenger set, using defaults
2025-04-23 04:29:48,170 [main] INFO  server.session (HouseKeeper.java:startScavenging(132)) - node0 Scavenging every 660000ms
2025-04-23 04:29:48,171 [main] INFO  handler.ContextHandler (ContextHandler.java:doStart(921)) - Started o.e.j.s.ServletContextHandler@a1e14ac{logs,/logs,file:///home/runner/work/ozone/ozone/hadoop-ozone/integration-test/target/log,AVAILABLE}
2025-04-23 04:29:48,171 [main] INFO  handler.ContextHandler (ContextHandler.java:doStart(921)) - Started o.e.j.s.ServletContextHandler@1f7e6bec{static,/static,file:///home/runner/work/ozone/ozone/hadoop-ozone/integration-test/target/test-classes/webapps/static,AVAILABLE}
2025-04-23 04:29:48,174 [main] INFO  handler.ContextHandler (ContextHandler.java:doStart(921)) - Started o.e.j.w.WebAppContext@6e24bfc1{ozoneManager,/,file:///home/runner/work/ozone/ozone/hadoop-ozone/integration-test/target/test-classes/webapps/ozoneManager/,AVAILABLE}{file:/home/runner/work/ozone/ozone/hadoop-ozone/integration-test/target/test-classes/webapps/ozoneManager}
2025-04-23 04:29:48,175 [main] INFO  server.AbstractConnector (AbstractConnector.java:doStart(333)) - Started ServerConnector@2c0db223{HTTP/1.1, (http/1.1)}{0.0.0.0:15057}
2025-04-23 04:29:48,175 [main] INFO  server.Server (Server.java:doStart(415)) - Started @191594ms
2025-04-23 04:29:48,175 [main] WARN  impl.MetricsSystemImpl (MetricsSystemImpl.java:register(279)) - Sink prometheus already exists!
2025-04-23 04:29:48,175 [main] INFO  http.BaseHttpServer (BaseHttpServer.java:updateConnectorAddress(360)) - HTTP server of ozoneManager listening at http://0.0.0.0:15057
2025-04-23 04:29:48,176 [IPC Server Responder] INFO  ipc.Server (Server.java:run(1713)) - IPC Server Responder: starting
2025-04-23 04:29:48,176 [IPC Server listener on 15056] INFO  ipc.Server (Server.java:run(1553)) - IPC Server listener on 15056: starting
2025-04-23 04:29:48,178 [main] INFO  om.OzoneManager (OzoneManager.java:startTrashEmptier(2257)) - Trash Interval set to 0. Files deleted won't move to trash
2025-04-23 04:29:48,179 [main] INFO  om.OzoneManager (OzoneManager.java:restart(1878)) - OzoneManager RPC server is listening at localhost/127.0.0.1:15048
2025-04-23 04:29:48,179 [main] INFO  impl.MetricsSystemImpl (MetricsSystemImpl.java:init(158)) - OzoneManager metrics system started (again)
2025-04-23 04:29:48,190 [main] WARN  server.ServerUtils (ServerUtils.java:getDBPath(297)) - ozone.om.db.dirs is not configured. We recommend adding this setting. Falling back to ozone.metadata.dirs instead.
2025-04-23 04:29:48,224 [main] INFO  om.OzoneManager (OzoneManager.java:instantiateServices(933)) - S3 Multi-Tenancy is disabled
2025-04-23 04:29:48,225 [main] INFO  om.OmSnapshotManager (OmSnapshotManager.java:<init>(180)) - Ozone filesystem snapshot feature is enabled.
2025-04-23 04:29:48,225 [main] WARN  server.ServerUtils (ServerUtils.java:getDBPath(297)) - ozone.om.snapshot.diff.db.dir is not configured. We recommend adding this setting. Falling back to ozone.metadata.dirs instead.
2025-04-23 04:29:48,238 [main] WARN  dropwizard3.Dm3MetricRegistriesImpl (Dm3MetricRegistriesImpl.java:addReporterRegistration(114)) - New reporters are added after registries were created. Some metrics will be missing from the reporter. Please add reporter before adding any new registry.
2025-04-23 04:29:48,239 [main] WARN  dropwizard3.Dm3MetricRegistriesImpl (Dm3MetricRegistriesImpl.java:addReporterRegistration(114)) - New reporters are added after registries were created. Some metrics will be missing from the reporter. Please add reporter before adding any new registry.
2025-04-23 04:29:48,239 [main] WARN  server.ServerUtils (ServerUtils.java:getDefaultRatisDirectory(309)) - Storage directory for Ratis is not configured. It is a good idea to map this to an SSD disk. Falling back to ozone.metadata.dirs
2025-04-23 04:29:48,239 [main] INFO  server.RaftServerConfigKeys (ConfUtils.java:logGet(46)) - raft.server.log.appender.buffer.byte-limit = 4194304 (custom)
2025-04-23 04:29:48,240 [main] INFO  ratis.OzoneManagerRatisServer (OzoneManagerRatisServer.java:<init>(167)) - Instantiating OM Ratis server with groupID: om-service-test1 and peers: localhost:15051, localhost:15059, localhost:15055
2025-04-23 04:29:48,240 [main] INFO  ratis.OzoneManagerStateMachine (OzoneManagerStateMachine.java:loadSnapshotInfoFromDB(611)) - LastAppliedIndex is set from TransactionInfo from OM DB as (t:1, i:584)
2025-04-23 04:29:48,241 [main] INFO  server.RaftServer (ConfUtils.java:logGet(46)) - raft.rpc.type = GRPC (default)
2025-04-23 04:29:48,241 [main] INFO  grpc.GrpcConfigKeys (ConfUtils.java:logFallback(53)) - raft.grpc.admin.host = null (fallback to raft.grpc.server.host)
2025-04-23 04:29:48,241 [main] INFO  grpc.GrpcConfigKeys (ConfUtils.java:logFallback(53)) - raft.grpc.admin.port = 15051 (fallback to raft.grpc.server.port)
2025-04-23 04:29:48,241 [main] INFO  grpc.GrpcConfigKeys (ConfUtils.java:logFallback(53)) - raft.grpc.client.host = null (fallback to raft.grpc.server.host)
2025-04-23 04:29:48,241 [main] INFO  grpc.GrpcConfigKeys (ConfUtils.java:logFallback(53)) - raft.grpc.client.port = 15051 (fallback to raft.grpc.server.port)
2025-04-23 04:29:48,241 [main] INFO  grpc.GrpcConfigKeys (ConfUtils.java:logGet(46)) - raft.grpc.server.host = null (default)
2025-04-23 04:29:48,241 [main] INFO  grpc.GrpcConfigKeys (ConfUtils.java:logGet(46)) - raft.grpc.server.port = 15051 (custom)
2025-04-23 04:29:48,242 [main] INFO  server.GrpcService (ConfUtils.java:logGet(46)) - raft.grpc.message.size.max = 5242880 (custom)
2025-04-23 04:29:48,242 [main] INFO  server.GrpcService (ConfUtils.java:logGet(46)) - raft.grpc.flow.control.window = 1MB (=1048576) (default)
2025-04-23 04:29:48,242 [main] INFO  server.RaftServerConfigKeys (ConfUtils.java:logGet(46)) - raft.server.rpc.request.timeout = 3000ms (default)
2025-04-23 04:29:48,242 [main] INFO  grpc.GrpcConfigKeys (ConfUtils.java:logGet(46)) - raft.grpc.server.heartbeat.channel = true (default)
2025-04-23 04:29:48,242 [main] INFO  server.RaftServerConfigKeys (ConfUtils.java:logGet(46)) - raft.server.log.appender.buffer.byte-limit = 4194304 (custom)
2025-04-23 04:29:48,242 [main] INFO  grpc.GrpcConfigKeys (ConfUtils.java:logGet(46)) - raft.grpc.server.async.request.thread.pool.cached = true (default)
2025-04-23 04:29:48,242 [main] INFO  grpc.GrpcConfigKeys (ConfUtils.java:logGet(46)) - raft.grpc.server.async.request.thread.pool.size = 32 (default)
2025-04-23 04:29:48,243 [main] INFO  impl.DataStreamServerImpl (ConfUtils.java:logGet(46)) - raft.datastream.type = DISABLED (default)
2025-04-23 04:29:48,243 [main] INFO  server.RaftServerConfigKeys (ConfUtils.java:logGet(46)) - raft.server.sleep.deviation.threshold = 300ms (default)
2025-04-23 04:29:48,243 [main] INFO  server.RaftServerConfigKeys (ConfUtils.java:logGet(46)) - raft.server.close.threshold = 60s (default)
2025-04-23 04:29:48,243 [main] INFO  server.RaftServerConfigKeys (ConfUtils.java:logGet(46)) - raft.server.leaderelection.leader.step-down.wait-time = 10s (default)
2025-04-23 04:29:48,244 [main] INFO  server.RaftServerConfigKeys (ConfUtils.java:logGet(46)) - raft.server.storage.dir = [/home/runner/work/ozone/ozone/hadoop-ozone/integration-test/target/test-dir/MiniOzoneClusterImpl-e6c14afe-f26c-49b2-91d5-3d25694ec971/omNode-1/ratis] (custom)
2025-04-23 04:29:48,244 [main] INFO  server.RaftServerConfigKeys (ConfUtils.java:logGet(46)) - raft.server.threadpool.proxy.cached = true (default)
2025-04-23 04:29:48,244 [main] INFO  server.RaftServerConfigKeys (ConfUtils.java:logGet(46)) - raft.server.threadpool.proxy.size = 0 (default)
2025-04-23 04:29:48,247 [omNode-1-impl-thread1] INFO  server.RaftServer (RaftServerProxy.java:initGroupDir(265)) - omNode-1: found a subdirectory /home/runner/work/ozone/ozone/hadoop-ozone/integration-test/target/test-dir/MiniOzoneClusterImpl-e6c14afe-f26c-49b2-91d5-3d25694ec971/omNode-1/ratis/c9bc4cf4-3bc3-3c60-a66b-523986131536
2025-04-23 04:29:48,249 [main] INFO  server.RaftServer (RaftServerProxy.java:addNew(100)) - omNode-1: addNew group-523986131536:[omNode-3|localhost:15059, omNode-1|localhost:15051, omNode-2|localhost:15055] returns group-523986131536:java.util.concurrent.CompletableFuture@c17090c[Not completed]
2025-04-23 04:29:48,249 [main] INFO  om.OzoneManager (OzoneManager.java:initializeRatisServer(2303)) - OzoneManager Ratis server initialized at port 15051
2025-04-23 04:29:48,249 [main] INFO  ratis.OzoneManagerRatisServer (OzoneManagerRatisServer.java:start(628)) - Starting OzoneManagerRatisServer omNode-1 at port 15051
2025-04-23 04:29:48,250 [omNode-1-groupManagement] INFO  server.RaftServer$Division (RaftServerImpl.java:<init>(255)) - omNode-1: new RaftServerImpl for group-523986131536:[omNode-3|localhost:15059, omNode-1|localhost:15051, omNode-2|localhost:15055] with OzoneManagerStateMachine:uninitialized
2025-04-23 04:29:48,250 [omNode-1-groupManagement] INFO  server.RaftServerConfigKeys (ConfUtils.java:logGet(46)) - raft.server.rpc.timeout.min = 1s (custom)
2025-04-23 04:29:48,250 [omNode-1-groupManagement] INFO  server.RaftServerConfigKeys (ConfUtils.java:logGet(46)) - raft.server.rpc.timeout.max = 1200ms (custom)
2025-04-23 04:29:48,250 [omNode-1-groupManagement] INFO  server.RaftServerConfigKeys (ConfUtils.java:logGet(46)) - raft.server.rpc.sleep.time = 25ms (default)
2025-04-23 04:29:48,250 [omNode-1-groupManagement] INFO  server.RaftServerConfigKeys (ConfUtils.java:logGet(46)) - raft.server.rpc.slowness.timeout = 2s (custom)
2025-04-23 04:29:48,250 [omNode-1-groupManagement] INFO  server.RaftServerConfigKeys (ConfUtils.java:logGet(46)) - raft.server.leaderelection.leader.step-down.wait-time = 10s (default)
2025-04-23 04:29:48,250 [omNode-1-groupManagement] INFO  server.RaftServerConfigKeys (ConfUtils.java:logGet(46)) - raft.server.leaderelection.member.majority-add = false (default)
2025-04-23 04:29:48,250 [omNode-1-groupManagement] INFO  server.RaftServerConfigKeys (ConfUtils.java:logGet(46)) - raft.server.sleep.deviation.threshold = 300ms (default)
2025-04-23 04:29:48,250 [omNode-1-groupManagement] INFO  server.RaftServer$Division (ServerState.java:<init>(114)) - omNode-1@group-523986131536: ConfigurationManager, init=conf: {index: -1, cur=peers:[omNode-3|localhost:15059, omNode-1|localhost:15051, omNode-2|localhost:15055]|listeners:[], old=null}, confs=<EMPTY_MAP>
2025-04-23 04:29:48,250 [omNode-1-groupManagement] INFO  server.RaftServerConfigKeys (ConfUtils.java:logGet(46)) - raft.server.notification.no-leader.timeout = 2s (custom)
2025-04-23 04:29:48,250 [omNode-1-groupManagement] INFO  server.RaftServerConfigKeys (ConfUtils.java:logGet(46)) - raft.server.read.timeout = 10s (default)
2025-04-23 04:29:48,250 [omNode-1-groupManagement] INFO  server.RaftServerConfigKeys (ConfUtils.java:logGet(46)) - raft.server.retrycache.expirytime = 30000ms (custom)
2025-04-23 04:29:48,250 [omNode-1-groupManagement] INFO  server.RaftServerConfigKeys (ConfUtils.java:logGet(46)) - raft.server.retrycache.statistics.expirytime = 100ms (default)
2025-04-23 04:29:48,250 [omNode-1-groupManagement] INFO  server.RaftServerConfigKeys (ConfUtils.java:logGet(46)) - raft.server.read.option = DEFAULT (default)
2025-04-23 04:29:48,250 [omNode-1-groupManagement] INFO  server.RaftServerConfigKeys (ConfUtils.java:logGet(46)) - raft.server.read.read-after-write-consistent.write-index-cache.expiry-time = 60s (default)
2025-04-23 04:29:48,256 [omNode-1-groupManagement] INFO  server.RaftServerConfigKeys (ConfUtils.java:logGet(46)) - raft.server.rpc.request.timeout = 3000ms (default)
2025-04-23 04:29:48,256 [omNode-1-groupManagement] INFO  server.RaftServerConfigKeys (ConfUtils.java:logGet(46)) - raft.server.log.appender.install.snapshot.enabled = false (custom)
2025-04-23 04:29:48,256 [omNode-1-groupManagement] INFO  server.RaftServerConfigKeys (ConfUtils.java:logGet(46)) - raft.server.threadpool.server.cached = true (default)
2025-04-23 04:29:48,256 [omNode-1-groupManagement] INFO  server.RaftServerConfigKeys (ConfUtils.java:logGet(46)) - raft.server.threadpool.server.size = 0 (default)
2025-04-23 04:29:48,256 [omNode-1-groupManagement] INFO  server.RaftServerConfigKeys (ConfUtils.java:logGet(46)) - raft.server.threadpool.client.cached = true (default)
2025-04-23 04:29:48,256 [omNode-1-groupManagement] INFO  server.RaftServerConfigKeys (ConfUtils.java:logGet(46)) - raft.server.threadpool.client.size = 0 (default)
2025-04-23 04:29:48,256 [omNode-1-impl-thread1] INFO  server.RaftServerConfigKeys (ConfUtils.java:logGet(46)) - raft.server.storage.free-space.min = 0MB (=0) (default)
2025-04-23 04:29:48,256 [omNode-1-impl-thread1] INFO  server.RaftServerConfigKeys (ConfUtils.java:logGet(46)) - raft.server.log.corruption.policy = EXCEPTION (default)
2025-04-23 04:29:48,257 [omNode-1-impl-thread1] INFO  server.RaftServerConfigKeys (ConfUtils.java:logGet(46)) - raft.server.storage.dir = [/home/runner/work/ozone/ozone/hadoop-ozone/integration-test/target/test-dir/MiniOzoneClusterImpl-e6c14afe-f26c-49b2-91d5-3d25694ec971/omNode-1/ratis] (custom)
2025-04-23 04:29:48,258 [omNode-1-impl-thread1] INFO  storage.RaftStorageDirectory (RaftStorageDirectoryImpl.java:tryLock(229)) - Lock on /home/runner/work/ozone/ozone/hadoop-ozone/integration-test/target/test-dir/MiniOzoneClusterImpl-e6c14afe-f26c-49b2-91d5-3d25694ec971/omNode-1/ratis/c9bc4cf4-3bc3-3c60-a66b-523986131536/in_use.lock acquired by nodename 129558@fv-az1441-587
2025-04-23 04:29:48,259 [omNode-1-impl-thread1] INFO  storage.RaftStorage (RaftStorageImpl.java:analyzeAndRecoverStorage(118)) - Read RaftStorageMetadata{term=1, votedFor=omNode-1} from /home/runner/work/ozone/ozone/hadoop-ozone/integration-test/target/test-dir/MiniOzoneClusterImpl-e6c14afe-f26c-49b2-91d5-3d25694ec971/omNode-1/ratis/c9bc4cf4-3bc3-3c60-a66b-523986131536/current/raft-meta
2025-04-23 04:29:48,259 [omNode-1-impl-thread1] INFO  server.RaftServer$Division (ServerState.java:setRaftConf(386)) - omNode-1@group-523986131536: set configuration conf: {index: 0, cur=peers:[omNode-3|localhost:15059, omNode-1|localhost:15051, omNode-2|localhost:15055]|listeners:[], old=null}
2025-04-23 04:29:48,259 [omNode-1-impl-thread1] INFO  ratis.OzoneManagerStateMachine (OzoneManagerStateMachine.java:lambda$0(138)) - omNode-1: initialize group-523986131536 with (t:1, i:584)
2025-04-23 04:29:48,259 [omNode-1-impl-thread1] INFO  server.RaftServerConfigKeys (ConfUtils.java:logGet(46)) - raft.server.log.use.memory = false (default)
2025-04-23 04:29:48,259 [omNode-1-impl-thread1] INFO  server.RaftServerConfigKeys (ConfUtils.java:logGet(46)) - raft.server.log.purge.gap = 50 (custom)
2025-04-23 04:29:48,259 [omNode-1-impl-thread1] INFO  server.RaftServerConfigKeys (ConfUtils.java:logGet(46)) - raft.server.log.appender.buffer.byte-limit = 4194304 (custom)
2025-04-23 04:29:48,259 [omNode-1-impl-thread1] INFO  server.RaftServerConfigKeys (ConfUtils.java:logGet(46)) - raft.server.log.statemachine.data.read.timeout = 1000ms (default)
2025-04-23 04:29:48,259 [omNode-1-impl-thread1] INFO  server.RaftServerConfigKeys (ConfUtils.java:logGet(46)) - raft.server.log.purge.preservation.log.num = 0 (default)
2025-04-23 04:29:48,260 [omNode-1-impl-thread1] INFO  server.RaftServerConfigKeys (ConfUtils.java:logGet(46)) - raft.server.log.segment.size.max = 4194304 (custom)
2025-04-23 04:29:48,261 [omNode-1-impl-thread1] INFO  server.RaftServerConfigKeys (ConfUtils.java:logGet(46)) - raft.server.log.segment.cache.num.max = 2 (custom)
2025-04-23 04:29:48,261 [omNode-1-impl-thread1] INFO  server.RaftServerConfigKeys (ConfUtils.java:logGet(46)) - raft.server.log.segment.cache.size.max = 200MB (=209715200) (default)
2025-04-23 04:29:48,261 [omNode-1-impl-thread1] INFO  server.RaftServerConfigKeys (ConfUtils.java:logGet(46)) - raft.server.log.appender.buffer.byte-limit = 4194304 (custom)
2025-04-23 04:29:48,261 [omNode-1-impl-thread1] INFO  util.AwaitToRun (AwaitToRun.java:start(81)) - Thread[#11014,omNode-1@group-523986131536-cacheEviction-AwaitToRun,5,main] started
2025-04-23 04:29:48,261 [omNode-1-impl-thread1] INFO  segmented.SegmentedRaftLogWorker (SegmentedRaftLogWorker.java:<init>(188)) - new omNode-1@group-523986131536-SegmentedRaftLogWorker for RaftStorageImpl:Storage Directory /home/runner/work/ozone/ozone/hadoop-ozone/integration-test/target/test-dir/MiniOzoneClusterImpl-e6c14afe-f26c-49b2-91d5-3d25694ec971/omNode-1/ratis/c9bc4cf4-3bc3-3c60-a66b-523986131536
2025-04-23 04:29:48,261 [omNode-1-impl-thread1] INFO  server.RaftServerConfigKeys (ConfUtils.java:logGet(46)) - raft.server.log.queue.byte-limit = 64MB (=67108864) (default)
2025-04-23 04:29:48,261 [omNode-1-impl-thread1] INFO  server.RaftServerConfigKeys (ConfUtils.java:logGet(46)) - raft.server.log.queue.element-limit = 4096 (default)
2025-04-23 04:29:48,261 [omNode-1-impl-thread1] INFO  server.RaftServerConfigKeys (ConfUtils.java:logGet(46)) - raft.server.log.segment.size.max = 4194304 (custom)
2025-04-23 04:29:48,261 [omNode-1-impl-thread1] INFO  server.RaftServerConfigKeys (ConfUtils.java:logGet(46)) - raft.server.log.preallocated.size = 4194304 (custom)
2025-04-23 04:29:48,261 [omNode-1-impl-thread1] INFO  server.RaftServerConfigKeys (ConfUtils.java:logGet(46)) - raft.server.log.force.sync.num = 128 (default)
2025-04-23 04:29:48,261 [omNode-1-impl-thread1] INFO  server.RaftServerConfigKeys (ConfUtils.java:logGet(46)) - raft.server.log.statemachine.data.sync = true (default)
2025-04-23 04:29:48,261 [omNode-1-impl-thread1] INFO  server.RaftServerConfigKeys (ConfUtils.java:logGet(46)) - raft.server.log.statemachine.data.sync.timeout = 10s (default)
2025-04-23 04:29:48,261 [omNode-1-impl-thread1] INFO  server.RaftServerConfigKeys (ConfUtils.java:logGet(46)) - raft.server.log.statemachine.data.sync.timeout.retry = -1 (default)
2025-04-23 04:29:48,262 [omNode-1-impl-thread1] INFO  server.RaftServerConfigKeys (ConfUtils.java:logGet(46)) - raft.server.log.write.buffer.size = 4194312 (custom)
2025-04-23 04:29:48,262 [omNode-1-impl-thread1] INFO  server.RaftServerConfigKeys (ConfUtils.java:logGet(46)) - raft.server.log.appender.buffer.byte-limit = 4194304 (custom)
2025-04-23 04:29:48,262 [omNode-1-impl-thread1] INFO  server.RaftServerConfigKeys (ConfUtils.java:logGet(46)) - raft.server.log.unsafe-flush.enabled = false (default)
2025-04-23 04:29:48,262 [omNode-1-impl-thread1] INFO  server.RaftServerConfigKeys (ConfUtils.java:logGet(46)) - raft.server.log.async-flush.enabled = false (default)
2025-04-23 04:29:48,262 [omNode-1-impl-thread1] INFO  server.RaftServerConfigKeys (ConfUtils.java:logGet(46)) - raft.server.log.statemachine.data.caching.enabled = false (default)
2025-04-23 04:29:48,262 [omNode-1-impl-thread1] INFO  server.RaftServer$Division (ServerState.java:setRaftConf(386)) - omNode-1@group-523986131536: set configuration conf: {index: 0, cur=peers:[omNode-3|localhost:15059, omNode-1|localhost:15051, omNode-2|localhost:15055]|listeners:[], old=null}
2025-04-23 04:29:48,266 [omNode-1-impl-thread1] INFO  segmented.LogSegment (LogSegment.java:loadSegment(171)) - Successfully read 585 entries from segment file /home/runner/work/ozone/ozone/hadoop-ozone/integration-test/target/test-dir/MiniOzoneClusterImpl-e6c14afe-f26c-49b2-91d5-3d25694ec971/omNode-1/ratis/c9bc4cf4-3bc3-3c60-a66b-523986131536/current/log_inprogress_0
2025-04-23 04:29:48,266 [omNode-1-impl-thread1] INFO  segmented.SegmentedRaftLogWorker (SegmentedRaftLogWorker.java:lambda$new$0(139)) - omNode-1@group-523986131536-SegmentedRaftLogWorker: flushIndex: setUnconditionally 0 -> 584
2025-04-23 04:29:48,266 [omNode-1-impl-thread1] INFO  segmented.SegmentedRaftLogWorker (SegmentedRaftLogWorker.java:lambda$new$0(139)) - omNode-1@group-523986131536-SegmentedRaftLogWorker: safeCacheEvictIndex: setUnconditionally 0 -> -1
2025-04-23 04:29:48,266 [omNode-1-impl-thread1] INFO  segmented.BufferedWriteChannel (BufferedWriteChannel.java:open(61)) - open log_inprogress_0 (append) at position 179282
2025-04-23 04:29:48,266 [omNode-1-impl-thread1] INFO  server.RaftServer$Division (RaftServerImpl.java:start(391)) - omNode-1@group-523986131536: start as a follower, conf=conf: {index: 0, cur=peers:[omNode-3|localhost:15059, omNode-1|localhost:15051, omNode-2|localhost:15055]|listeners:[], old=null}
2025-04-23 04:29:48,266 [omNode-1-impl-thread1] INFO  server.RaftServer$Division (RaftServerImpl.java:setRole(378)) - omNode-1@group-523986131536: changes role from      null to FOLLOWER at term 1 for startAsFollower
2025-04-23 04:29:48,266 [omNode-1-impl-thread1] INFO  impl.RoleInfo (RoleInfo.java:updateAndGet(148)) - omNode-1: start omNode-1@group-523986131536-FollowerState
2025-04-23 04:29:48,266 [omNode-1@group-523986131536-FollowerState] INFO  server.RaftServerConfigKeys (ConfUtils.java:logFallback(53)) - raft.server.rpc.first-election.timeout.min = 1s (fallback to raft.server.rpc.timeout.min)
2025-04-23 04:29:48,266 [omNode-1@group-523986131536-FollowerState] INFO  server.RaftServerConfigKeys (ConfUtils.java:logFallback(53)) - raft.server.rpc.first-election.timeout.max = 1200ms (fallback to raft.server.rpc.timeout.max)
2025-04-23 04:29:48,267 [omNode-1-impl-thread1] INFO  util.JmxRegister (JmxRegister.java:tryRegister(44)) - Successfully registered JMX Bean with object name Ratis:service=RaftServer,group=group-523986131536,id=omNode-1
2025-04-23 04:29:48,267 [omNode-1-impl-thread1] INFO  util.JmxRegister (JmxRegister.java:register(58)) - register mxBean class org.apache.ratis.server.impl.RaftServerJmxAdapter as Ratis:service=RaftServer,group=group-523986131536,id=omNode-1
2025-04-23 04:29:48,267 [omNode-1-impl-thread1] INFO  server.RaftServerConfigKeys (ConfUtils.java:logGet(46)) - raft.server.snapshot.trigger-when-stop.enabled = true (default)
2025-04-23 04:29:48,267 [omNode-1-impl-thread1] INFO  server.RaftServerConfigKeys (ConfUtils.java:logGet(46)) - raft.server.snapshot.trigger-when-remove.enabled = true (default)
2025-04-23 04:29:48,267 [omNode-1-impl-thread1] INFO  server.RaftServerConfigKeys (ConfUtils.java:logGet(46)) - raft.server.snapshot.auto.trigger.enabled = true (custom)
2025-04-23 04:29:48,267 [omNode-1-impl-thread1] INFO  server.RaftServerConfigKeys (ConfUtils.java:logGet(46)) - raft.server.snapshot.auto.trigger.threshold = 50 (custom)
2025-04-23 04:29:48,267 [omNode-1-impl-thread1] INFO  server.RaftServerConfigKeys (ConfUtils.java:logGet(46)) - raft.server.snapshot.retention.file.num = -1 (default)
2025-04-23 04:29:48,267 [omNode-1-impl-thread1] INFO  server.RaftServerConfigKeys (ConfUtils.java:logGet(46)) - raft.server.log.purge.upto.snapshot.index = true (custom)
2025-04-23 04:29:48,267 [omNode-1-impl-thread1] INFO  server.RaftServer$Division (RaftServerImpl.java:start(405)) - omNode-1@group-523986131536: Successfully started.
2025-04-23 04:29:48,267 [main] INFO  server.RaftServer (RaftServerProxy.java:startImpl(407)) - omNode-1: start RPC server
2025-04-23 04:29:48,268 [main] INFO  server.GrpcService (GrpcService.java:startImpl(334)) - omNode-1: GrpcService started, listening on 15051
2025-04-23 04:29:48,268 [main] INFO  om.OzoneManager (OzoneManager.java:getRpcServer(1360)) - Creating RPC Server
2025-04-23 04:29:48,269 [JvmPauseMonitor51] INFO  util.JvmPauseMonitor (JvmPauseMonitor.java:run(146)) - JvmPauseMonitor-omNode-1: Started
2025-04-23 04:29:48,616 [main] INFO  reflections.Reflections (Reflections.java:scan(219)) - Reflections took 347 ms to scan 22 urls, producing 61 keys and 7422 values
2025-04-23 04:29:48,617 [main] INFO  ipc.CallQueueManager (CallQueueManager.java:<init>(93)) - Using callQueue: class java.util.concurrent.LinkedBlockingQueue, queueCapacity: 2000, scheduler: class org.apache.hadoop.ipc.DefaultRpcScheduler, ipcBackoff: false, ipcFailOver: false.
2025-04-23 04:29:48,617 [main] INFO  ipc.Server (Server.java:<init>(1438)) - Listener at localhost:15048
2025-04-23 04:29:48,618 [Socket Reader #1 for port 15048] INFO  ipc.Server (Server.java:run(1474)) - Starting Socket Reader #1 for port 15048
2025-04-23 04:29:48,618 [Socket Reader #2 for port 15048] INFO  ipc.Server (Server.java:run(1474)) - Starting Socket Reader #2 for port 15048
2025-04-23 04:29:48,618 [Socket Reader #3 for port 15048] INFO  ipc.Server (Server.java:run(1474)) - Starting Socket Reader #3 for port 15048
2025-04-23 04:29:48,618 [Socket Reader #4 for port 15048] INFO  ipc.Server (Server.java:run(1474)) - Starting Socket Reader #4 for port 15048
2025-04-23 04:29:48,618 [Socket Reader #5 for port 15048] INFO  ipc.Server (Server.java:run(1474)) - Starting Socket Reader #5 for port 15048
2025-04-23 04:29:48,618 [Socket Reader #6 for port 15048] INFO  ipc.Server (Server.java:run(1474)) - Starting Socket Reader #6 for port 15048
2025-04-23 04:29:48,619 [Socket Reader #7 for port 15048] INFO  ipc.Server (Server.java:run(1474)) - Starting Socket Reader #7 for port 15048
2025-04-23 04:29:48,619 [Socket Reader #8 for port 15048] INFO  ipc.Server (Server.java:run(1474)) - Starting Socket Reader #8 for port 15048
2025-04-23 04:29:48,619 [Socket Reader #9 for port 15048] INFO  ipc.Server (Server.java:run(1474)) - Starting Socket Reader #9 for port 15048
2025-04-23 04:29:48,619 [Socket Reader #10 for port 15048] INFO  ipc.Server (Server.java:run(1474)) - Starting Socket Reader #10 for port 15048
2025-04-23 04:29:48,621 [main] INFO  http.BaseHttpServer (BaseHttpServer.java:newHttpServer2BuilderForOzone(229)) - Starting Web-server for ozoneManager at: http://0.0.0.0:15049
2025-04-23 04:29:48,621 [main] INFO  http.BaseHttpServer (BaseHttpServer.java:<init>(107)) - Hadoop Security Enabled: false Ozone Security Enabled: false Ozone HTTP Security Enabled: false 
2025-04-23 04:29:48,622 [main] WARN  server.AuthenticationFilter (AuthenticationFilter.java:constructSecretProvider(240)) - Unable to initialize FileSignerSecretProvider, falling back to use random secrets. Reason: Could not read signature secret file: /home/runner/hadoop-http-auth-signature-secret
2025-04-23 04:29:48,623 [main] INFO  http.HttpServer2 (HttpServer2.java:addGlobalFilter(1041)) - Added global filter 'safety' (class=org.apache.hadoop.hdds.server.http.HttpServer2$QuotingInputFilter)
2025-04-23 04:29:48,624 [main] INFO  http.HttpServer2 (HttpServer2.java:addFilter(1017)) - Added filter static_user_filter (class=org.apache.hadoop.http.lib.StaticUserWebFilter$StaticUserFilter) to context ozoneManager
2025-04-23 04:29:48,624 [main] INFO  http.HttpServer2 (HttpServer2.java:addFilter(1025)) - Added filter static_user_filter (class=org.apache.hadoop.http.lib.StaticUserWebFilter$StaticUserFilter) to context logs
2025-04-23 04:29:48,624 [main] INFO  http.HttpServer2 (HttpServer2.java:addFilter(1025)) - Added filter static_user_filter (class=org.apache.hadoop.http.lib.StaticUserWebFilter$StaticUserFilter) to context static
2025-04-23 04:29:48,624 [main] INFO  http.BaseHttpServer (BaseHttpServer.java:<init>(195)) - HTTP server of ozoneManager uses base directory /home/runner/work/ozone/ozone/hadoop-ozone/integration-test/target/test-dir/MiniOzoneClusterImpl-e6c14afe-f26c-49b2-91d5-3d25694ec971/omNode-1/webserver
2025-04-23 04:29:48,624 [main] INFO  http.HttpServer2 (HttpServer2.java:bindListener(1241)) - Jetty bound to port 15049
2025-04-23 04:29:48,625 [main] INFO  server.Server (Server.java:doStart(375)) - jetty-9.4.57.v20241219; built: 2025-01-08T21:24:30.412Z; git: df524e6b29271c2e09ba9aea83c18dc9db464a31; jvm 21.0.7+6-LTS
2025-04-23 04:29:48,628 [main] INFO  server.session (DefaultSessionIdManager.java:doStart(334)) - DefaultSessionIdManager workerName=node0
2025-04-23 04:29:48,628 [main] INFO  server.session (DefaultSessionIdManager.java:doStart(339)) - No SessionScavenger set, using defaults
2025-04-23 04:29:48,628 [main] INFO  server.session (HouseKeeper.java:startScavenging(132)) - node0 Scavenging every 660000ms
2025-04-23 04:29:48,629 [main] INFO  handler.ContextHandler (ContextHandler.java:doStart(921)) - Started o.e.j.s.ServletContextHandler@37fc1e49{logs,/logs,file:///home/runner/work/ozone/ozone/hadoop-ozone/integration-test/target/log,AVAILABLE}
2025-04-23 04:29:48,629 [main] INFO  handler.ContextHandler (ContextHandler.java:doStart(921)) - Started o.e.j.s.ServletContextHandler@1cd0d186{static,/static,file:///home/runner/work/ozone/ozone/hadoop-ozone/integration-test/target/test-classes/webapps/static,AVAILABLE}
2025-04-23 04:29:48,634 [main] INFO  handler.ContextHandler (ContextHandler.java:doStart(921)) - Started o.e.j.w.WebAppContext@7d6b30a2{ozoneManager,/,file:///home/runner/work/ozone/ozone/hadoop-ozone/integration-test/target/test-classes/webapps/ozoneManager/,AVAILABLE}{file:/home/runner/work/ozone/ozone/hadoop-ozone/integration-test/target/test-classes/webapps/ozoneManager}
2025-04-23 04:29:48,634 [main] INFO  server.AbstractConnector (AbstractConnector.java:doStart(333)) - Started ServerConnector@b64106e{HTTP/1.1, (http/1.1)}{0.0.0.0:15049}
2025-04-23 04:29:48,634 [main] INFO  server.Server (Server.java:doStart(415)) - Started @192053ms
2025-04-23 04:29:48,635 [main] WARN  impl.MetricsSystemImpl (MetricsSystemImpl.java:register(279)) - Sink prometheus already exists!
2025-04-23 04:29:48,635 [main] INFO  http.BaseHttpServer (BaseHttpServer.java:updateConnectorAddress(360)) - HTTP server of ozoneManager listening at http://0.0.0.0:15049
2025-04-23 04:29:48,635 [IPC Server Responder] INFO  ipc.Server (Server.java:run(1713)) - IPC Server Responder: starting
2025-04-23 04:29:48,635 [IPC Server listener on 15048] INFO  ipc.Server (Server.java:run(1553)) - IPC Server listener on 15048: starting
2025-04-23 04:29:48,638 [main] INFO  om.OzoneManager (OzoneManager.java:startTrashEmptier(2257)) - Trash Interval set to 0. Files deleted won't move to trash
2025-04-23 04:29:48,638 [main] INFO  om.OzoneManager (OzoneManager.java:restart(1878)) - OzoneManager RPC server is listening at localhost/127.0.0.1:15052
2025-04-23 04:29:48,638 [main] INFO  impl.MetricsSystemImpl (MetricsSystemImpl.java:init(158)) - OzoneManager metrics system started (again)
2025-04-23 04:29:48,649 [main] WARN  server.ServerUtils (ServerUtils.java:getDBPath(297)) - ozone.om.db.dirs is not configured. We recommend adding this setting. Falling back to ozone.metadata.dirs instead.
2025-04-23 04:29:48,684 [main] INFO  om.OzoneManager (OzoneManager.java:instantiateServices(933)) - S3 Multi-Tenancy is disabled
2025-04-23 04:29:48,684 [main] INFO  om.OmSnapshotManager (OmSnapshotManager.java:<init>(180)) - Ozone filesystem snapshot feature is enabled.
2025-04-23 04:29:48,684 [main] WARN  server.ServerUtils (ServerUtils.java:getDBPath(297)) - ozone.om.snapshot.diff.db.dir is not configured. We recommend adding this setting. Falling back to ozone.metadata.dirs instead.
2025-04-23 04:29:48,696 [main] WARN  dropwizard3.Dm3MetricRegistriesImpl (Dm3MetricRegistriesImpl.java:addReporterRegistration(114)) - New reporters are added after registries were created. Some metrics will be missing from the reporter. Please add reporter before adding any new registry.
2025-04-23 04:29:48,696 [main] WARN  dropwizard3.Dm3MetricRegistriesImpl (Dm3MetricRegistriesImpl.java:addReporterRegistration(114)) - New reporters are added after registries were created. Some metrics will be missing from the reporter. Please add reporter before adding any new registry.
2025-04-23 04:29:48,696 [main] WARN  server.ServerUtils (ServerUtils.java:getDefaultRatisDirectory(309)) - Storage directory for Ratis is not configured. It is a good idea to map this to an SSD disk. Falling back to ozone.metadata.dirs
2025-04-23 04:29:48,696 [main] INFO  server.RaftServerConfigKeys (ConfUtils.java:logGet(46)) - raft.server.log.appender.buffer.byte-limit = 4194304 (custom)
2025-04-23 04:29:48,697 [main] INFO  ratis.OzoneManagerRatisServer (OzoneManagerRatisServer.java:<init>(167)) - Instantiating OM Ratis server with groupID: om-service-test1 and peers: localhost:15055, localhost:15059, localhost:15051
2025-04-23 04:29:48,697 [main] INFO  ratis.OzoneManagerStateMachine (OzoneManagerStateMachine.java:loadSnapshotInfoFromDB(611)) - LastAppliedIndex is set from TransactionInfo from OM DB as (t:1, i:584)
2025-04-23 04:29:48,697 [main] INFO  server.RaftServer (ConfUtils.java:logGet(46)) - raft.rpc.type = GRPC (default)
2025-04-23 04:29:48,697 [main] INFO  grpc.GrpcConfigKeys (ConfUtils.java:logFallback(53)) - raft.grpc.admin.host = null (fallback to raft.grpc.server.host)
2025-04-23 04:29:48,698 [main] INFO  grpc.GrpcConfigKeys (ConfUtils.java:logFallback(53)) - raft.grpc.admin.port = 15055 (fallback to raft.grpc.server.port)
2025-04-23 04:29:48,698 [main] INFO  grpc.GrpcConfigKeys (ConfUtils.java:logFallback(53)) - raft.grpc.client.host = null (fallback to raft.grpc.server.host)
2025-04-23 04:29:48,698 [main] INFO  grpc.GrpcConfigKeys (ConfUtils.java:logFallback(53)) - raft.grpc.client.port = 15055 (fallback to raft.grpc.server.port)
2025-04-23 04:29:48,698 [main] INFO  grpc.GrpcConfigKeys (ConfUtils.java:logGet(46)) - raft.grpc.server.host = null (default)
2025-04-23 04:29:48,698 [main] INFO  grpc.GrpcConfigKeys (ConfUtils.java:logGet(46)) - raft.grpc.server.port = 15055 (custom)
2025-04-23 04:29:48,698 [main] INFO  server.GrpcService (ConfUtils.java:logGet(46)) - raft.grpc.message.size.max = 5242880 (custom)
2025-04-23 04:29:48,698 [main] INFO  server.GrpcService (ConfUtils.java:logGet(46)) - raft.grpc.flow.control.window = 1MB (=1048576) (default)
2025-04-23 04:29:48,698 [main] INFO  server.RaftServerConfigKeys (ConfUtils.java:logGet(46)) - raft.server.rpc.request.timeout = 3000ms (default)
2025-04-23 04:29:48,698 [main] INFO  grpc.GrpcConfigKeys (ConfUtils.java:logGet(46)) - raft.grpc.server.heartbeat.channel = true (default)
2025-04-23 04:29:48,698 [main] INFO  server.RaftServerConfigKeys (ConfUtils.java:logGet(46)) - raft.server.log.appender.buffer.byte-limit = 4194304 (custom)
2025-04-23 04:29:48,698 [main] INFO  grpc.GrpcConfigKeys (ConfUtils.java:logGet(46)) - raft.grpc.server.async.request.thread.pool.cached = true (default)
2025-04-23 04:29:48,699 [main] INFO  grpc.GrpcConfigKeys (ConfUtils.java:logGet(46)) - raft.grpc.server.async.request.thread.pool.size = 32 (default)
2025-04-23 04:29:48,699 [main] INFO  impl.DataStreamServerImpl (ConfUtils.java:logGet(46)) - raft.datastream.type = DISABLED (default)
2025-04-23 04:29:48,699 [main] INFO  server.RaftServerConfigKeys (ConfUtils.java:logGet(46)) - raft.server.sleep.deviation.threshold = 300ms (default)
2025-04-23 04:29:48,699 [main] INFO  server.RaftServerConfigKeys (ConfUtils.java:logGet(46)) - raft.server.close.threshold = 60s (default)
2025-04-23 04:29:48,699 [main] INFO  server.RaftServerConfigKeys (ConfUtils.java:logGet(46)) - raft.server.leaderelection.leader.step-down.wait-time = 10s (default)
2025-04-23 04:29:48,700 [main] INFO  server.RaftServerConfigKeys (ConfUtils.java:logGet(46)) - raft.server.storage.dir = [/home/runner/work/ozone/ozone/hadoop-ozone/integration-test/target/test-dir/MiniOzoneClusterImpl-e6c14afe-f26c-49b2-91d5-3d25694ec971/omNode-2/ratis] (custom)
2025-04-23 04:29:48,700 [main] INFO  server.RaftServerConfigKeys (ConfUtils.java:logGet(46)) - raft.server.threadpool.proxy.cached = true (default)
2025-04-23 04:29:48,700 [main] INFO  server.RaftServerConfigKeys (ConfUtils.java:logGet(46)) - raft.server.threadpool.proxy.size = 0 (default)
2025-04-23 04:29:48,700 [omNode-2-impl-thread1] INFO  server.RaftServer (RaftServerProxy.java:initGroupDir(265)) - omNode-2: found a subdirectory /home/runner/work/ozone/ozone/hadoop-ozone/integration-test/target/test-dir/MiniOzoneClusterImpl-e6c14afe-f26c-49b2-91d5-3d25694ec971/omNode-2/ratis/c9bc4cf4-3bc3-3c60-a66b-523986131536
2025-04-23 04:29:48,700 [main] INFO  server.RaftServer (RaftServerProxy.java:addNew(100)) - omNode-2: addNew group-523986131536:[omNode-3|localhost:15059, omNode-1|localhost:15051, omNode-2|localhost:15055] returns group-523986131536:java.util.concurrent.CompletableFuture@1fc61272[Not completed]
2025-04-23 04:29:48,700 [omNode-2-groupManagement] INFO  server.RaftServer$Division (RaftServerImpl.java:<init>(255)) - omNode-2: new RaftServerImpl for group-523986131536:[omNode-3|localhost:15059, omNode-1|localhost:15051, omNode-2|localhost:15055] with OzoneManagerStateMachine:uninitialized
2025-04-23 04:29:48,701 [omNode-2-groupManagement] INFO  server.RaftServerConfigKeys (ConfUtils.java:logGet(46)) - raft.server.rpc.timeout.min = 1s (custom)
2025-04-23 04:29:48,701 [omNode-2-groupManagement] INFO  server.RaftServerConfigKeys (ConfUtils.java:logGet(46)) - raft.server.rpc.timeout.max = 1200ms (custom)
2025-04-23 04:29:48,701 [omNode-2-groupManagement] INFO  server.RaftServerConfigKeys (ConfUtils.java:logGet(46)) - raft.server.rpc.sleep.time = 25ms (default)
2025-04-23 04:29:48,701 [omNode-2-groupManagement] INFO  server.RaftServerConfigKeys (ConfUtils.java:logGet(46)) - raft.server.rpc.slowness.timeout = 2s (custom)
2025-04-23 04:29:48,701 [omNode-2-groupManagement] INFO  server.RaftServerConfigKeys (ConfUtils.java:logGet(46)) - raft.server.leaderelection.leader.step-down.wait-time = 10s (default)
2025-04-23 04:29:48,701 [omNode-2-groupManagement] INFO  server.RaftServerConfigKeys (ConfUtils.java:logGet(46)) - raft.server.leaderelection.member.majority-add = false (default)
2025-04-23 04:29:48,701 [omNode-2-groupManagement] INFO  server.RaftServerConfigKeys (ConfUtils.java:logGet(46)) - raft.server.sleep.deviation.threshold = 300ms (default)
2025-04-23 04:29:48,701 [omNode-2-groupManagement] INFO  server.RaftServer$Division (ServerState.java:<init>(114)) - omNode-2@group-523986131536: ConfigurationManager, init=conf: {index: -1, cur=peers:[omNode-3|localhost:15059, omNode-1|localhost:15051, omNode-2|localhost:15055]|listeners:[], old=null}, confs=<EMPTY_MAP>
2025-04-23 04:29:48,701 [omNode-2-groupManagement] INFO  server.RaftServerConfigKeys (ConfUtils.java:logGet(46)) - raft.server.notification.no-leader.timeout = 2s (custom)
2025-04-23 04:29:48,700 [main] INFO  om.OzoneManager (OzoneManager.java:initializeRatisServer(2303)) - OzoneManager Ratis server initialized at port 15055
2025-04-23 04:29:48,701 [main] INFO  ratis.OzoneManagerRatisServer (OzoneManagerRatisServer.java:start(628)) - Starting OzoneManagerRatisServer omNode-2 at port 15055
2025-04-23 04:29:48,701 [omNode-2-groupManagement] INFO  server.RaftServerConfigKeys (ConfUtils.java:logGet(46)) - raft.server.read.timeout = 10s (default)
2025-04-23 04:29:48,701 [omNode-2-groupManagement] INFO  server.RaftServerConfigKeys (ConfUtils.java:logGet(46)) - raft.server.retrycache.expirytime = 30000ms (custom)
2025-04-23 04:29:48,701 [omNode-2-groupManagement] INFO  server.RaftServerConfigKeys (ConfUtils.java:logGet(46)) - raft.server.retrycache.statistics.expirytime = 100ms (default)
2025-04-23 04:29:48,701 [omNode-2-groupManagement] INFO  server.RaftServerConfigKeys (ConfUtils.java:logGet(46)) - raft.server.read.option = DEFAULT (default)
2025-04-23 04:29:48,701 [omNode-2-groupManagement] INFO  server.RaftServerConfigKeys (ConfUtils.java:logGet(46)) - raft.server.read.read-after-write-consistent.write-index-cache.expiry-time = 60s (default)
2025-04-23 04:29:48,704 [omNode-2-groupManagement] INFO  server.RaftServerConfigKeys (ConfUtils.java:logGet(46)) - raft.server.rpc.request.timeout = 3000ms (default)
2025-04-23 04:29:48,704 [omNode-2-groupManagement] INFO  server.RaftServerConfigKeys (ConfUtils.java:logGet(46)) - raft.server.log.appender.install.snapshot.enabled = false (custom)
2025-04-23 04:29:48,704 [omNode-2-groupManagement] INFO  server.RaftServerConfigKeys (ConfUtils.java:logGet(46)) - raft.server.threadpool.server.cached = true (default)
2025-04-23 04:29:48,704 [omNode-2-groupManagement] INFO  server.RaftServerConfigKeys (ConfUtils.java:logGet(46)) - raft.server.threadpool.server.size = 0 (default)
2025-04-23 04:29:48,704 [omNode-2-groupManagement] INFO  server.RaftServerConfigKeys (ConfUtils.java:logGet(46)) - raft.server.threadpool.client.cached = true (default)
2025-04-23 04:29:48,704 [omNode-2-groupManagement] INFO  server.RaftServerConfigKeys (ConfUtils.java:logGet(46)) - raft.server.threadpool.client.size = 0 (default)
2025-04-23 04:29:48,704 [omNode-2-impl-thread1] INFO  server.RaftServerConfigKeys (ConfUtils.java:logGet(46)) - raft.server.storage.free-space.min = 0MB (=0) (default)
2025-04-23 04:29:48,704 [omNode-2-impl-thread1] INFO  server.RaftServerConfigKeys (ConfUtils.java:logGet(46)) - raft.server.log.corruption.policy = EXCEPTION (default)
2025-04-23 04:29:48,704 [omNode-2-impl-thread1] INFO  server.RaftServerConfigKeys (ConfUtils.java:logGet(46)) - raft.server.storage.dir = [/home/runner/work/ozone/ozone/hadoop-ozone/integration-test/target/test-dir/MiniOzoneClusterImpl-e6c14afe-f26c-49b2-91d5-3d25694ec971/omNode-2/ratis] (custom)
2025-04-23 04:29:48,705 [omNode-2-impl-thread1] INFO  storage.RaftStorageDirectory (RaftStorageDirectoryImpl.java:tryLock(229)) - Lock on /home/runner/work/ozone/ozone/hadoop-ozone/integration-test/target/test-dir/MiniOzoneClusterImpl-e6c14afe-f26c-49b2-91d5-3d25694ec971/omNode-2/ratis/c9bc4cf4-3bc3-3c60-a66b-523986131536/in_use.lock acquired by nodename 129558@fv-az1441-587
2025-04-23 04:29:48,706 [omNode-2-impl-thread1] INFO  storage.RaftStorage (RaftStorageImpl.java:analyzeAndRecoverStorage(118)) - Read RaftStorageMetadata{term=1, votedFor=omNode-1} from /home/runner/work/ozone/ozone/hadoop-ozone/integration-test/target/test-dir/MiniOzoneClusterImpl-e6c14afe-f26c-49b2-91d5-3d25694ec971/omNode-2/ratis/c9bc4cf4-3bc3-3c60-a66b-523986131536/current/raft-meta
2025-04-23 04:29:48,706 [omNode-2-impl-thread1] INFO  server.RaftServer$Division (ServerState.java:setRaftConf(386)) - omNode-2@group-523986131536: set configuration conf: {index: 0, cur=peers:[omNode-3|localhost:15059, omNode-1|localhost:15051, omNode-2|localhost:15055]|listeners:[], old=null}
2025-04-23 04:29:48,706 [omNode-2-impl-thread1] INFO  ratis.OzoneManagerStateMachine (OzoneManagerStateMachine.java:lambda$0(138)) - omNode-2: initialize group-523986131536 with (t:1, i:584)
2025-04-23 04:29:48,706 [omNode-2-impl-thread1] INFO  server.RaftServerConfigKeys (ConfUtils.java:logGet(46)) - raft.server.log.use.memory = false (default)
2025-04-23 04:29:48,706 [omNode-2-impl-thread1] INFO  server.RaftServerConfigKeys (ConfUtils.java:logGet(46)) - raft.server.log.purge.gap = 50 (custom)
2025-04-23 04:29:48,706 [omNode-2-impl-thread1] INFO  server.RaftServerConfigKeys (ConfUtils.java:logGet(46)) - raft.server.log.appender.buffer.byte-limit = 4194304 (custom)
2025-04-23 04:29:48,706 [omNode-2-impl-thread1] INFO  server.RaftServerConfigKeys (ConfUtils.java:logGet(46)) - raft.server.log.statemachine.data.read.timeout = 1000ms (default)
2025-04-23 04:29:48,706 [omNode-2-impl-thread1] INFO  server.RaftServerConfigKeys (ConfUtils.java:logGet(46)) - raft.server.log.purge.preservation.log.num = 0 (default)
2025-04-23 04:29:48,707 [omNode-2-impl-thread1] INFO  server.RaftServerConfigKeys (ConfUtils.java:logGet(46)) - raft.server.log.segment.size.max = 4194304 (custom)
2025-04-23 04:29:48,707 [omNode-2-impl-thread1] INFO  server.RaftServerConfigKeys (ConfUtils.java:logGet(46)) - raft.server.log.segment.cache.num.max = 2 (custom)
2025-04-23 04:29:48,707 [omNode-2-impl-thread1] INFO  server.RaftServerConfigKeys (ConfUtils.java:logGet(46)) - raft.server.log.segment.cache.size.max = 200MB (=209715200) (default)
2025-04-23 04:29:48,708 [omNode-2-impl-thread1] INFO  server.RaftServerConfigKeys (ConfUtils.java:logGet(46)) - raft.server.log.appender.buffer.byte-limit = 4194304 (custom)
2025-04-23 04:29:48,708 [omNode-2-impl-thread1] INFO  util.AwaitToRun (AwaitToRun.java:start(81)) - Thread[#11097,omNode-2@group-523986131536-cacheEviction-AwaitToRun,5,main] started
2025-04-23 04:29:48,708 [omNode-2-impl-thread1] INFO  segmented.SegmentedRaftLogWorker (SegmentedRaftLogWorker.java:<init>(188)) - new omNode-2@group-523986131536-SegmentedRaftLogWorker for RaftStorageImpl:Storage Directory /home/runner/work/ozone/ozone/hadoop-ozone/integration-test/target/test-dir/MiniOzoneClusterImpl-e6c14afe-f26c-49b2-91d5-3d25694ec971/omNode-2/ratis/c9bc4cf4-3bc3-3c60-a66b-523986131536
2025-04-23 04:29:48,708 [omNode-2-impl-thread1] INFO  server.RaftServerConfigKeys (ConfUtils.java:logGet(46)) - raft.server.log.queue.byte-limit = 64MB (=67108864) (default)
2025-04-23 04:29:48,708 [omNode-2-impl-thread1] INFO  server.RaftServerConfigKeys (ConfUtils.java:logGet(46)) - raft.server.log.queue.element-limit = 4096 (default)
2025-04-23 04:29:48,708 [omNode-2-impl-thread1] INFO  server.RaftServerConfigKeys (ConfUtils.java:logGet(46)) - raft.server.log.segment.size.max = 4194304 (custom)
2025-04-23 04:29:48,708 [omNode-2-impl-thread1] INFO  server.RaftServerConfigKeys (ConfUtils.java:logGet(46)) - raft.server.log.preallocated.size = 4194304 (custom)
2025-04-23 04:29:48,708 [omNode-2-impl-thread1] INFO  server.RaftServerConfigKeys (ConfUtils.java:logGet(46)) - raft.server.log.force.sync.num = 128 (default)
2025-04-23 04:29:48,708 [omNode-2-impl-thread1] INFO  server.RaftServerConfigKeys (ConfUtils.java:logGet(46)) - raft.server.log.statemachine.data.sync = true (default)
2025-04-23 04:29:48,708 [omNode-2-impl-thread1] INFO  server.RaftServerConfigKeys (ConfUtils.java:logGet(46)) - raft.server.log.statemachine.data.sync.timeout = 10s (default)
2025-04-23 04:29:48,708 [omNode-2-impl-thread1] INFO  server.RaftServerConfigKeys (ConfUtils.java:logGet(46)) - raft.server.log.statemachine.data.sync.timeout.retry = -1 (default)
2025-04-23 04:29:48,708 [omNode-2-impl-thread1] INFO  server.RaftServerConfigKeys (ConfUtils.java:logGet(46)) - raft.server.log.write.buffer.size = 4194312 (custom)
2025-04-23 04:29:48,709 [omNode-2-impl-thread1] INFO  server.RaftServerConfigKeys (ConfUtils.java:logGet(46)) - raft.server.log.appender.buffer.byte-limit = 4194304 (custom)
2025-04-23 04:29:48,709 [omNode-2-impl-thread1] INFO  server.RaftServerConfigKeys (ConfUtils.java:logGet(46)) - raft.server.log.unsafe-flush.enabled = false (default)
2025-04-23 04:29:48,709 [omNode-2-impl-thread1] INFO  server.RaftServerConfigKeys (ConfUtils.java:logGet(46)) - raft.server.log.async-flush.enabled = false (default)
2025-04-23 04:29:48,709 [omNode-2-impl-thread1] INFO  server.RaftServerConfigKeys (ConfUtils.java:logGet(46)) - raft.server.log.statemachine.data.caching.enabled = false (default)
2025-04-23 04:29:48,709 [omNode-2-impl-thread1] INFO  server.RaftServer$Division (ServerState.java:setRaftConf(386)) - omNode-2@group-523986131536: set configuration conf: {index: 0, cur=peers:[omNode-3|localhost:15059, omNode-1|localhost:15051, omNode-2|localhost:15055]|listeners:[], old=null}
2025-04-23 04:29:48,713 [omNode-2-impl-thread1] INFO  segmented.LogSegment (LogSegment.java:loadSegment(171)) - Successfully read 585 entries from segment file /home/runner/work/ozone/ozone/hadoop-ozone/integration-test/target/test-dir/MiniOzoneClusterImpl-e6c14afe-f26c-49b2-91d5-3d25694ec971/omNode-2/ratis/c9bc4cf4-3bc3-3c60-a66b-523986131536/current/log_inprogress_0
2025-04-23 04:29:48,713 [omNode-2-impl-thread1] INFO  segmented.SegmentedRaftLogWorker (SegmentedRaftLogWorker.java:lambda$new$0(139)) - omNode-2@group-523986131536-SegmentedRaftLogWorker: flushIndex: setUnconditionally 0 -> 584
2025-04-23 04:29:48,713 [omNode-2-impl-thread1] INFO  segmented.SegmentedRaftLogWorker (SegmentedRaftLogWorker.java:lambda$new$0(139)) - omNode-2@group-523986131536-SegmentedRaftLogWorker: safeCacheEvictIndex: setUnconditionally 0 -> -1
2025-04-23 04:29:48,713 [omNode-2-impl-thread1] INFO  segmented.BufferedWriteChannel (BufferedWriteChannel.java:open(61)) - open log_inprogress_0 (append) at position 179282
2025-04-23 04:29:48,713 [omNode-2-impl-thread1] INFO  server.RaftServer$Division (RaftServerImpl.java:start(391)) - omNode-2@group-523986131536: start as a follower, conf=conf: {index: 0, cur=peers:[omNode-3|localhost:15059, omNode-1|localhost:15051, omNode-2|localhost:15055]|listeners:[], old=null}
2025-04-23 04:29:48,713 [omNode-2-impl-thread1] INFO  server.RaftServer$Division (RaftServerImpl.java:setRole(378)) - omNode-2@group-523986131536: changes role from      null to FOLLOWER at term 1 for startAsFollower
2025-04-23 04:29:48,713 [omNode-2-impl-thread1] INFO  impl.RoleInfo (RoleInfo.java:updateAndGet(148)) - omNode-2: start omNode-2@group-523986131536-FollowerState
2025-04-23 04:29:48,714 [omNode-2-impl-thread1] INFO  util.JmxRegister (JmxRegister.java:tryRegister(44)) - Successfully registered JMX Bean with object name Ratis:service=RaftServer,group=group-523986131536,id=omNode-2
2025-04-23 04:29:48,714 [omNode-2@group-523986131536-FollowerState] INFO  server.RaftServerConfigKeys (ConfUtils.java:logFallback(53)) - raft.server.rpc.first-election.timeout.min = 1s (fallback to raft.server.rpc.timeout.min)
2025-04-23 04:29:48,714 [omNode-2@group-523986131536-FollowerState] INFO  server.RaftServerConfigKeys (ConfUtils.java:logFallback(53)) - raft.server.rpc.first-election.timeout.max = 1200ms (fallback to raft.server.rpc.timeout.max)
2025-04-23 04:29:48,714 [omNode-2-impl-thread1] INFO  util.JmxRegister (JmxRegister.java:register(58)) - register mxBean class org.apache.ratis.server.impl.RaftServerJmxAdapter as Ratis:service=RaftServer,group=group-523986131536,id=omNode-2
2025-04-23 04:29:48,714 [omNode-2-impl-thread1] INFO  server.RaftServerConfigKeys (ConfUtils.java:logGet(46)) - raft.server.snapshot.trigger-when-stop.enabled = true (default)
2025-04-23 04:29:48,714 [omNode-2-impl-thread1] INFO  server.RaftServerConfigKeys (ConfUtils.java:logGet(46)) - raft.server.snapshot.trigger-when-remove.enabled = true (default)
2025-04-23 04:29:48,714 [omNode-2-impl-thread1] INFO  server.RaftServerConfigKeys (ConfUtils.java:logGet(46)) - raft.server.snapshot.auto.trigger.enabled = true (custom)
2025-04-23 04:29:48,714 [omNode-2-impl-thread1] INFO  server.RaftServerConfigKeys (ConfUtils.java:logGet(46)) - raft.server.snapshot.auto.trigger.threshold = 50 (custom)
2025-04-23 04:29:48,714 [omNode-2-impl-thread1] INFO  server.RaftServerConfigKeys (ConfUtils.java:logGet(46)) - raft.server.snapshot.retention.file.num = -1 (default)
2025-04-23 04:29:48,714 [omNode-2-impl-thread1] INFO  server.RaftServerConfigKeys (ConfUtils.java:logGet(46)) - raft.server.log.purge.upto.snapshot.index = true (custom)
2025-04-23 04:29:48,715 [omNode-2-impl-thread1] INFO  server.RaftServer$Division (RaftServerImpl.java:start(405)) - omNode-2@group-523986131536: Successfully started.
2025-04-23 04:29:48,715 [main] INFO  server.RaftServer (RaftServerProxy.java:startImpl(407)) - omNode-2: start RPC server
2025-04-23 04:29:48,715 [main] INFO  server.GrpcService (GrpcService.java:startImpl(334)) - omNode-2: GrpcService started, listening on 15055
2025-04-23 04:29:48,716 [JvmPauseMonitor52] INFO  util.JvmPauseMonitor (JvmPauseMonitor.java:run(146)) - JvmPauseMonitor-omNode-2: Started
2025-04-23 04:29:48,716 [main] INFO  om.OzoneManager (OzoneManager.java:getRpcServer(1360)) - Creating RPC Server
2025-04-23 04:29:48,947 [omNode-3@group-523986131536-FollowerState] INFO  impl.FollowerState (FollowerState.java:runImpl(161)) - omNode-3@group-523986131536-FollowerState: change to CANDIDATE, lastRpcElapsedTime:1107200178ns, electionTimeout:1106ms
2025-04-23 04:29:48,948 [omNode-3@group-523986131536-FollowerState] INFO  impl.RoleInfo (RoleInfo.java:shutdownFollowerState(121)) - omNode-3: shutdown omNode-3@group-523986131536-FollowerState
2025-04-23 04:29:48,948 [omNode-3@group-523986131536-FollowerState] INFO  server.RaftServer$Division (RaftServerImpl.java:setRole(378)) - omNode-3@group-523986131536: changes role from  FOLLOWER to CANDIDATE at term 1 for changeToCandidate
2025-04-23 04:29:48,948 [omNode-3@group-523986131536-FollowerState] INFO  server.RaftServerConfigKeys (ConfUtils.java:logGet(46)) - raft.server.leaderelection.pre-vote = true (default)
2025-04-23 04:29:48,948 [omNode-3@group-523986131536-FollowerState] INFO  impl.RoleInfo (RoleInfo.java:updateAndGet(148)) - omNode-3: start omNode-3@group-523986131536-LeaderElection48
2025-04-23 04:29:48,948 [omNode-3@group-523986131536-LeaderElection48] INFO  impl.LeaderElection (LeaderElection.java:askForVotes(332)) - omNode-3@group-523986131536-LeaderElection48 PRE_VOTE round 0: submit vote requests at term 1 for conf: {index: 0, cur=peers:[omNode-3|localhost:15059, omNode-1|localhost:15051, omNode-2|localhost:15055]|listeners:[], old=null}
2025-04-23 04:29:48,949 [omNode-3@group-523986131536-LeaderElection48-1] INFO  server.GrpcServerProtocolClient (GrpcServerProtocolClient.java:<init>(65)) - Build channel for omNode-1|localhost:15051
2025-04-23 04:29:48,949 [omNode-3@group-523986131536-LeaderElection48-2] INFO  server.GrpcServerProtocolClient (GrpcServerProtocolClient.java:<init>(65)) - Build channel for omNode-2|localhost:15055
2025-04-23 04:29:48,951 [omNode-3@group-523986131536-LeaderElection48] INFO  server.RaftServerConfigKeys (ConfUtils.java:logFallback(53)) - raft.server.rpc.first-election.timeout.min = 1s (fallback to raft.server.rpc.timeout.min)
2025-04-23 04:29:48,951 [omNode-3@group-523986131536-LeaderElection48] INFO  server.RaftServerConfigKeys (ConfUtils.java:logFallback(53)) - raft.server.rpc.first-election.timeout.max = 1200ms (fallback to raft.server.rpc.timeout.max)
2025-04-23 04:29:48,954 [grpc-default-executor-0] INFO  server.RaftServer$Division (RaftServerImpl.java:requestVote(1407)) - omNode-1@group-523986131536: receive requestVote(PRE_VOTE, omNode-3, group-523986131536, 1, (t:1, i:584))
2025-04-23 04:29:48,954 [grpc-default-executor-0] INFO  impl.VoteContext (VoteContext.java:log(49)) - omNode-1@group-523986131536-FOLLOWER: accept PRE_VOTE from omNode-3: our priority 0 <= candidate's priority 0
2025-04-23 04:29:48,954 [grpc-default-executor-0] INFO  server.RaftServer$Division (RaftServerImpl.java:requestVote(1441)) - omNode-1@group-523986131536 replies to PRE_VOTE vote request: omNode-3<-omNode-1#0:OK-t1. Peer's state: omNode-1@group-523986131536:t1, leader=null, voted=omNode-1, raftlog=Memoized:omNode-1@group-523986131536-SegmentedRaftLog:OPENED:c584:last(t:1, i:584), conf=conf: {index: 0, cur=peers:[omNode-3|localhost:15059, omNode-1|localhost:15051, omNode-2|localhost:15055]|listeners:[], old=null}
2025-04-23 04:29:48,955 [omNode-3@group-523986131536-LeaderElection48] INFO  impl.LeaderElection (LeaderElection.java:logAndReturn(90)) - omNode-3@group-523986131536-LeaderElection48: PRE_VOTE PASSED received 1 response(s) and 0 exception(s):
2025-04-23 04:29:48,955 [omNode-3@group-523986131536-LeaderElection48] INFO  impl.LeaderElection (LeaderElection.java:logAndReturn(94)) -   Response 0: omNode-3<-omNode-1#0:OK-t1
2025-04-23 04:29:48,955 [omNode-3@group-523986131536-LeaderElection48] INFO  impl.LeaderElection (LeaderElection.java:askForVotes(334)) - omNode-3@group-523986131536-LeaderElection48 PRE_VOTE round 0: result PASSED
2025-04-23 04:29:48,955 [grpc-default-executor-0] INFO  server.RaftServer$Division (RaftServerImpl.java:requestVote(1407)) - omNode-2@group-523986131536: receive requestVote(PRE_VOTE, omNode-3, group-523986131536, 1, (t:1, i:584))
2025-04-23 04:29:48,956 [grpc-default-executor-0] INFO  impl.VoteContext (VoteContext.java:log(49)) - omNode-2@group-523986131536-FOLLOWER: accept PRE_VOTE from omNode-3: our priority 0 <= candidate's priority 0
2025-04-23 04:29:48,956 [grpc-default-executor-0] INFO  server.RaftServer$Division (RaftServerImpl.java:requestVote(1441)) - omNode-2@group-523986131536 replies to PRE_VOTE vote request: omNode-3<-omNode-2#0:OK-t1. Peer's state: omNode-2@group-523986131536:t1, leader=null, voted=omNode-1, raftlog=Memoized:omNode-2@group-523986131536-SegmentedRaftLog:OPENED:c584:last(t:1, i:584), conf=conf: {index: 0, cur=peers:[omNode-3|localhost:15059, omNode-1|localhost:15051, omNode-2|localhost:15055]|listeners:[], old=null}
2025-04-23 04:29:48,957 [omNode-3@group-523986131536-LeaderElection48] INFO  impl.LeaderElection (LeaderElection.java:askForVotes(332)) - omNode-3@group-523986131536-LeaderElection48 ELECTION round 0: submit vote requests at term 2 for conf: {index: 0, cur=peers:[omNode-3|localhost:15059, omNode-1|localhost:15051, omNode-2|localhost:15055]|listeners:[], old=null}
2025-04-23 04:29:48,958 [omNode-3@group-523986131536-LeaderElection48] INFO  server.RaftServerConfigKeys (ConfUtils.java:logFallback(53)) - raft.server.rpc.first-election.timeout.min = 1s (fallback to raft.server.rpc.timeout.min)
2025-04-23 04:29:48,958 [omNode-3@group-523986131536-LeaderElection48] INFO  server.RaftServerConfigKeys (ConfUtils.java:logFallback(53)) - raft.server.rpc.first-election.timeout.max = 1200ms (fallback to raft.server.rpc.timeout.max)
2025-04-23 04:29:48,958 [grpc-default-executor-0] INFO  server.RaftServer$Division (RaftServerImpl.java:requestVote(1407)) - omNode-1@group-523986131536: receive requestVote(ELECTION, omNode-3, group-523986131536, 2, (t:1, i:584))
2025-04-23 04:29:48,958 [grpc-default-executor-0] INFO  impl.VoteContext (VoteContext.java:log(49)) - omNode-1@group-523986131536-FOLLOWER: accept ELECTION from omNode-3: our priority 0 <= candidate's priority 0
2025-04-23 04:29:48,958 [grpc-default-executor-0] INFO  server.RaftServer$Division (RaftServerImpl.java:setRole(378)) - omNode-1@group-523986131536: changes role from  FOLLOWER to FOLLOWER at term 1 for candidate:omNode-3
2025-04-23 04:29:48,958 [grpc-default-executor-0] INFO  impl.RoleInfo (RoleInfo.java:shutdownFollowerState(121)) - omNode-1: shutdown omNode-1@group-523986131536-FollowerState
2025-04-23 04:29:48,959 [grpc-default-executor-0] INFO  impl.RoleInfo (RoleInfo.java:updateAndGet(148)) - omNode-1: start omNode-1@group-523986131536-FollowerState
2025-04-23 04:29:48,959 [grpc-default-executor-0] INFO  server.RaftServer$Division (RaftServerImpl.java:setFirstElection(562)) - omNode-1@group-523986131536: set firstElectionSinceStartup to false for candidate:omNode-3
2025-04-23 04:29:48,959 [grpc-default-executor-2] INFO  server.RaftServer$Division (RaftServerImpl.java:requestVote(1407)) - omNode-2@group-523986131536: receive requestVote(ELECTION, omNode-3, group-523986131536, 2, (t:1, i:584))
2025-04-23 04:29:48,959 [grpc-default-executor-2] INFO  impl.VoteContext (VoteContext.java:log(49)) - omNode-2@group-523986131536-FOLLOWER: accept ELECTION from omNode-3: our priority 0 <= candidate's priority 0
2025-04-23 04:29:48,959 [grpc-default-executor-2] INFO  server.RaftServer$Division (RaftServerImpl.java:setRole(378)) - omNode-2@group-523986131536: changes role from  FOLLOWER to FOLLOWER at term 1 for candidate:omNode-3
2025-04-23 04:29:48,959 [grpc-default-executor-2] INFO  impl.RoleInfo (RoleInfo.java:shutdownFollowerState(121)) - omNode-2: shutdown omNode-2@group-523986131536-FollowerState
2025-04-23 04:29:48,959 [grpc-default-executor-2] INFO  impl.RoleInfo (RoleInfo.java:updateAndGet(148)) - omNode-2: start omNode-2@group-523986131536-FollowerState
2025-04-23 04:29:48,959 [omNode-1@group-523986131536-FollowerState] INFO  impl.FollowerState (FollowerState.java:runImpl(170)) - omNode-1@group-523986131536-FollowerState was interrupted
2025-04-23 04:29:48,960 [omNode-2@group-523986131536-FollowerState] INFO  impl.FollowerState (FollowerState.java:runImpl(170)) - omNode-2@group-523986131536-FollowerState was interrupted
2025-04-23 04:29:48,960 [omNode-2@group-523986131536-FollowerState] INFO  server.RaftServerConfigKeys (ConfUtils.java:logFallback(53)) - raft.server.rpc.first-election.timeout.min = 1s (fallback to raft.server.rpc.timeout.min)
2025-04-23 04:29:48,960 [omNode-2@group-523986131536-FollowerState] INFO  server.RaftServerConfigKeys (ConfUtils.java:logFallback(53)) - raft.server.rpc.first-election.timeout.max = 1200ms (fallback to raft.server.rpc.timeout.max)
2025-04-23 04:29:48,960 [grpc-default-executor-2] INFO  server.RaftServer$Division (RaftServerImpl.java:setFirstElection(562)) - omNode-2@group-523986131536: set firstElectionSinceStartup to false for candidate:omNode-3
2025-04-23 04:29:48,960 [grpc-default-executor-0] INFO  server.RaftServer$Division (RaftServerImpl.java:requestVote(1441)) - omNode-1@group-523986131536 replies to ELECTION vote request: omNode-3<-omNode-1#0:OK-t2. Peer's state: omNode-1@group-523986131536:t2, leader=null, voted=omNode-3, raftlog=Memoized:omNode-1@group-523986131536-SegmentedRaftLog:OPENED:c584:last(t:1, i:584), conf=conf: {index: 0, cur=peers:[omNode-3|localhost:15059, omNode-1|localhost:15051, omNode-2|localhost:15055]|listeners:[], old=null}
2025-04-23 04:29:48,961 [omNode-3@group-523986131536-LeaderElection48] INFO  impl.LeaderElection (LeaderElection.java:logAndReturn(90)) - omNode-3@group-523986131536-LeaderElection48: ELECTION PASSED received 1 response(s) and 0 exception(s):
2025-04-23 04:29:48,961 [omNode-3@group-523986131536-LeaderElection48] INFO  impl.LeaderElection (LeaderElection.java:logAndReturn(94)) -   Response 0: omNode-3<-omNode-1#0:OK-t2
2025-04-23 04:29:48,961 [omNode-3@group-523986131536-LeaderElection48] INFO  impl.LeaderElection (LeaderElection.java:askForVotes(334)) - omNode-3@group-523986131536-LeaderElection48 ELECTION round 0: result PASSED
2025-04-23 04:29:48,961 [omNode-3@group-523986131536-LeaderElection48] INFO  impl.RoleInfo (RoleInfo.java:shutdownLeaderElection(141)) - omNode-3: shutdown omNode-3@group-523986131536-LeaderElection48
2025-04-23 04:29:48,961 [omNode-3@group-523986131536-LeaderElection48] INFO  server.RaftServer$Division (RaftServerImpl.java:setRole(378)) - omNode-3@group-523986131536: changes role from CANDIDATE to LEADER at term 2 for changeToLeader
2025-04-23 04:29:48,961 [omNode-3@group-523986131536-LeaderElection48] INFO  server.RaftServerConfigKeys (ConfUtils.java:logGet(46)) - raft.server.staging.catchup.gap = 1000 (default)
2025-04-23 04:29:48,962 [grpc-default-executor-2] INFO  server.RaftServer$Division (RaftServerImpl.java:requestVote(1441)) - omNode-2@group-523986131536 replies to ELECTION vote request: omNode-3<-omNode-2#0:OK-t2. Peer's state: omNode-2@group-523986131536:t2, leader=null, voted=omNode-3, raftlog=Memoized:omNode-2@group-523986131536-SegmentedRaftLog:OPENED:c584:last(t:1, i:584), conf=conf: {index: 0, cur=peers:[omNode-3|localhost:15059, omNode-1|localhost:15051, omNode-2|localhost:15055]|listeners:[], old=null}
2025-04-23 04:29:48,962 [omNode-3@group-523986131536-LeaderElection48] INFO  server.RaftServerConfigKeys (ConfUtils.java:logGet(46)) - raft.server.write.element-limit = 4096 (default)
2025-04-23 04:29:48,962 [omNode-3@group-523986131536-LeaderElection48] INFO  server.RaftServerConfigKeys (ConfUtils.java:logGet(46)) - raft.server.write.byte-limit = 64MB (=67108864) (default)
2025-04-23 04:29:48,962 [omNode-3@group-523986131536-LeaderElection48] INFO  server.RaftServerConfigKeys (ConfUtils.java:logGet(46)) - raft.server.watch.timeout = 10s (default)
2025-04-23 04:29:48,962 [omNode-3@group-523986131536-LeaderElection48] INFO  server.RaftServerConfigKeys (ConfUtils.java:logGet(46)) - raft.server.watch.timeout.denomination = 1s (default)
2025-04-23 04:29:48,962 [omNode-3@group-523986131536-LeaderElection48] INFO  server.RaftServerConfigKeys (ConfUtils.java:logGet(46)) - raft.server.watch.element-limit = 65536 (default)
2025-04-23 04:29:48,963 [omNode-3@group-523986131536-LeaderElection48] INFO  server.RaftServerConfigKeys (ConfUtils.java:logGet(46)) - raft.server.read.leader.lease.enabled = false (default)
2025-04-23 04:29:48,963 [omNode-3@group-523986131536-LeaderElection48] INFO  server.RaftServerConfigKeys (ConfUtils.java:logGet(46)) - raft.server.read.leader.lease.timeout.ratio = 0.9 (default)
2025-04-23 04:29:48,963 [omNode-3@group-523986131536-LeaderElection48] INFO  server.RaftServerConfigKeys (ConfUtils.java:logGet(46)) - raft.server.rpc.timeout.min = 1s (custom)
2025-04-23 04:29:48,963 [omNode-3@group-523986131536-LeaderElection48] INFO  server.RaftServerConfigKeys (ConfUtils.java:logGet(46)) - raft.server.log.log-metadata.enabled = true (default)
2025-04-23 04:29:48,963 [omNode-3@group-523986131536-LeaderElection48] INFO  server.RaftServerConfigKeys (ConfUtils.java:logGet(46)) - raft.server.write.element-limit = 4096 (default)
2025-04-23 04:29:48,963 [omNode-3@group-523986131536-LeaderElection48] INFO  server.RaftServerConfigKeys (ConfUtils.java:logGet(46)) - raft.server.write.follower.gap.ratio.max = -1.0 (default)
2025-04-23 04:29:48,963 [omNode-3@group-523986131536-LeaderElection48] INFO  server.RaftServerConfigKeys (ConfUtils.java:logGet(46)) - raft.server.log.appender.snapshot.chunk.size.max = 16MB (=16777216) (default)
2025-04-23 04:29:48,964 [omNode-3@group-523986131536-LeaderElection48] INFO  server.RaftServerConfigKeys (ConfUtils.java:logGet(46)) - raft.server.log.appender.buffer.byte-limit = 4194304 (custom)
2025-04-23 04:29:48,964 [omNode-3@group-523986131536-LeaderElection48] INFO  server.RaftServerConfigKeys (ConfUtils.java:logGet(46)) - raft.server.log.appender.buffer.element-limit = 1024 (custom)
2025-04-23 04:29:48,964 [omNode-3@group-523986131536-LeaderElection48] INFO  server.RaftServerConfigKeys (ConfUtils.java:logGet(46)) - raft.server.log.appender.wait-time.min = 0ms (custom)
2025-04-23 04:29:48,964 [omNode-3@group-523986131536-LeaderElection48] INFO  grpc.GrpcConfigKeys (ConfUtils.java:logGet(46)) - raft.grpc.server.leader.outstanding.appends.max = 8 (default)
2025-04-23 04:29:48,964 [omNode-3@group-523986131536-LeaderElection48] INFO  server.RaftServerConfigKeys (ConfUtils.java:logGet(46)) - raft.server.rpc.request.timeout = 3000ms (default)
2025-04-23 04:29:48,964 [omNode-3@group-523986131536-LeaderElection48] INFO  grpc.GrpcConfigKeys (ConfUtils.java:logGet(46)) - raft.grpc.server.install_snapshot.request.element-limit = 8 (default)
2025-04-23 04:29:48,964 [omNode-3@group-523986131536-LeaderElection48] INFO  grpc.GrpcConfigKeys (ConfUtils.java:logGet(46)) - raft.grpc.server.install_snapshot.request.timeout = 3000ms (default)
2025-04-23 04:29:48,964 [omNode-3@group-523986131536-LeaderElection48] INFO  grpc.GrpcConfigKeys (ConfUtils.java:logGet(46)) - raft.grpc.server.log-message.batch.duration = 5s (default)
2025-04-23 04:29:48,964 [omNode-3@group-523986131536-LeaderElection48] INFO  server.RaftServerConfigKeys (ConfUtils.java:logGet(46)) - raft.server.log.appender.install.snapshot.enabled = false (custom)
2025-04-23 04:29:48,964 [omNode-3@group-523986131536-LeaderElection48] INFO  grpc.GrpcConfigKeys (ConfUtils.java:logGet(46)) - raft.grpc.server.heartbeat.channel = true (default)
2025-04-23 04:29:48,965 [omNode-3@group-523986131536-LeaderElection48] INFO  server.RaftServerConfigKeys (ConfUtils.java:logGet(46)) - raft.server.log.appender.snapshot.chunk.size.max = 16MB (=16777216) (default)
2025-04-23 04:29:48,965 [omNode-3@group-523986131536-LeaderElection48] INFO  server.RaftServerConfigKeys (ConfUtils.java:logGet(46)) - raft.server.log.appender.buffer.byte-limit = 4194304 (custom)
2025-04-23 04:29:48,965 [omNode-3@group-523986131536-LeaderElection48] INFO  server.RaftServerConfigKeys (ConfUtils.java:logGet(46)) - raft.server.log.appender.buffer.element-limit = 1024 (custom)
2025-04-23 04:29:48,965 [omNode-3@group-523986131536-LeaderElection48] INFO  server.RaftServerConfigKeys (ConfUtils.java:logGet(46)) - raft.server.log.appender.wait-time.min = 0ms (custom)
2025-04-23 04:29:48,965 [omNode-3@group-523986131536-LeaderElection48] INFO  grpc.GrpcConfigKeys (ConfUtils.java:logGet(46)) - raft.grpc.server.leader.outstanding.appends.max = 8 (default)
2025-04-23 04:29:48,965 [omNode-3@group-523986131536-LeaderElection48] INFO  server.RaftServerConfigKeys (ConfUtils.java:logGet(46)) - raft.server.rpc.request.timeout = 3000ms (default)
2025-04-23 04:29:48,965 [omNode-3@group-523986131536-LeaderElection48] INFO  grpc.GrpcConfigKeys (ConfUtils.java:logGet(46)) - raft.grpc.server.install_snapshot.request.element-limit = 8 (default)
2025-04-23 04:29:48,965 [omNode-3@group-523986131536-LeaderElection48] INFO  grpc.GrpcConfigKeys (ConfUtils.java:logGet(46)) - raft.grpc.server.install_snapshot.request.timeout = 3000ms (default)
2025-04-23 04:29:48,965 [omNode-3@group-523986131536-LeaderElection48] INFO  grpc.GrpcConfigKeys (ConfUtils.java:logGet(46)) - raft.grpc.server.log-message.batch.duration = 5s (default)
2025-04-23 04:29:48,965 [omNode-3@group-523986131536-LeaderElection48] INFO  server.RaftServerConfigKeys (ConfUtils.java:logGet(46)) - raft.server.log.appender.install.snapshot.enabled = false (custom)
2025-04-23 04:29:48,965 [omNode-3@group-523986131536-LeaderElection48] INFO  grpc.GrpcConfigKeys (ConfUtils.java:logGet(46)) - raft.grpc.server.heartbeat.channel = true (default)
2025-04-23 04:29:48,965 [omNode-3@group-523986131536-LeaderElection48] INFO  impl.RoleInfo (RoleInfo.java:updateAndGet(148)) - omNode-3: start omNode-3@group-523986131536-LeaderStateImpl
2025-04-23 04:29:48,965 [omNode-3@group-523986131536-LeaderElection48] INFO  server.RaftServer$Division (RaftServerImpl.java:setFirstElection(562)) - omNode-3@group-523986131536: set firstElectionSinceStartup to false for becomeLeader
2025-04-23 04:29:48,966 [omNode-3@group-523986131536-LeaderElection48] INFO  ratis.OzoneManagerStateMachine (OzoneManagerStateMachine.java:notifyLeaderChanged(169)) - omNode-3@group-523986131536: leader changed to omNode-3
2025-04-23 04:29:48,966 [omNode-3@group-523986131536-LeaderElection48] INFO  server.RaftServer$Division (ServerState.java:setLeader(272)) - omNode-3@group-523986131536: change Leader from null to omNode-3 at term 2 for becomeLeader, leader elected after 1137ms
2025-04-23 04:29:48,966 [omNode-3@group-523986131536-LeaderElection48] INFO  segmented.SegmentedRaftLogWorker (SegmentedRaftLogWorker.java:rollLogSegment(443)) - omNode-3@group-523986131536-SegmentedRaftLogWorker: Rolling segment log-0_584 to index:584
2025-04-23 04:29:48,966 [omNode-3@group-523986131536-SegmentedRaftLogWorker] INFO  segmented.SegmentedRaftLogWorker (SegmentedRaftLogWorker.java:execute(601)) - omNode-3@group-523986131536-SegmentedRaftLogWorker: Rolled log segment from /home/runner/work/ozone/ozone/hadoop-ozone/integration-test/target/test-dir/MiniOzoneClusterImpl-e6c14afe-f26c-49b2-91d5-3d25694ec971/omNode-3/ratis/c9bc4cf4-3bc3-3c60-a66b-523986131536/current/log_inprogress_0 to /home/runner/work/ozone/ozone/hadoop-ozone/integration-test/target/test-dir/MiniOzoneClusterImpl-e6c14afe-f26c-49b2-91d5-3d25694ec971/omNode-3/ratis/c9bc4cf4-3bc3-3c60-a66b-523986131536/current/log_0-584
2025-04-23 04:29:48,967 [omNode-3@group-523986131536-SegmentedRaftLogWorker] INFO  segmented.BufferedWriteChannel (BufferedWriteChannel.java:open(61)) - open log_inprogress_585 at position 0
2025-04-23 04:29:48,967 [omNode-3@group-523986131536-LeaderElection48] INFO  server.RaftServer$Division (ServerState.java:setRaftConf(386)) - omNode-3@group-523986131536: set configuration conf: {index: 585, cur=peers:[omNode-3|localhost:15059, omNode-1|localhost:15051, omNode-2|localhost:15055]|listeners:[], old=null}
2025-04-23 04:29:48,972 [omNode-1-server-thread1] INFO  ratis.OzoneManagerStateMachine (OzoneManagerStateMachine.java:notifyLeaderChanged(169)) - omNode-1@group-523986131536: leader changed to omNode-3
2025-04-23 04:29:48,972 [omNode-1-server-thread1] INFO  server.RaftServer$Division (ServerState.java:setLeader(272)) - omNode-1@group-523986131536: change Leader from null to omNode-3 at term 2 for appendEntries, leader elected after 721ms
2025-04-23 04:29:48,972 [omNode-1-server-thread1] INFO  server.RaftServer$Division (ServerState.java:setRaftConf(386)) - omNode-1@group-523986131536: set configuration conf: {index: 585, cur=peers:[omNode-3|localhost:15059, omNode-1|localhost:15051, omNode-2|localhost:15055]|listeners:[], old=null}
2025-04-23 04:29:48,972 [omNode-1-server-thread1] INFO  segmented.SegmentedRaftLogWorker (SegmentedRaftLogWorker.java:rollLogSegment(443)) - omNode-1@group-523986131536-SegmentedRaftLogWorker: Rolling segment log-0_584 to index:584
2025-04-23 04:29:48,972 [omNode-1@group-523986131536-SegmentedRaftLogWorker] INFO  segmented.SegmentedRaftLogWorker (SegmentedRaftLogWorker.java:execute(601)) - omNode-1@group-523986131536-SegmentedRaftLogWorker: Rolled log segment from /home/runner/work/ozone/ozone/hadoop-ozone/integration-test/target/test-dir/MiniOzoneClusterImpl-e6c14afe-f26c-49b2-91d5-3d25694ec971/omNode-1/ratis/c9bc4cf4-3bc3-3c60-a66b-523986131536/current/log_inprogress_0 to /home/runner/work/ozone/ozone/hadoop-ozone/integration-test/target/test-dir/MiniOzoneClusterImpl-e6c14afe-f26c-49b2-91d5-3d25694ec971/omNode-1/ratis/c9bc4cf4-3bc3-3c60-a66b-523986131536/current/log_0-584
2025-04-23 04:29:48,973 [omNode-1@group-523986131536-SegmentedRaftLogWorker] INFO  segmented.BufferedWriteChannel (BufferedWriteChannel.java:open(61)) - open log_inprogress_585 at position 0
2025-04-23 04:29:48,976 [omNode-2-server-thread1] INFO  ratis.OzoneManagerStateMachine (OzoneManagerStateMachine.java:notifyLeaderChanged(169)) - omNode-2@group-523986131536: leader changed to omNode-3
2025-04-23 04:29:48,976 [omNode-2-server-thread1] INFO  server.RaftServer$Division (ServerState.java:setLeader(272)) - omNode-2@group-523986131536: change Leader from null to omNode-3 at term 2 for appendEntries, leader elected after 274ms
2025-04-23 04:29:48,976 [omNode-2-server-thread2] INFO  server.RaftServer$Division (ServerState.java:setRaftConf(386)) - omNode-2@group-523986131536: set configuration conf: {index: 585, cur=peers:[omNode-3|localhost:15059, omNode-1|localhost:15051, omNode-2|localhost:15055]|listeners:[], old=null}
2025-04-23 04:29:48,977 [omNode-2-server-thread2] INFO  segmented.SegmentedRaftLogWorker (SegmentedRaftLogWorker.java:rollLogSegment(443)) - omNode-2@group-523986131536-SegmentedRaftLogWorker: Rolling segment log-0_584 to index:584
2025-04-23 04:29:48,977 [omNode-2@group-523986131536-SegmentedRaftLogWorker] INFO  segmented.SegmentedRaftLogWorker (SegmentedRaftLogWorker.java:execute(601)) - omNode-2@group-523986131536-SegmentedRaftLogWorker: Rolled log segment from /home/runner/work/ozone/ozone/hadoop-ozone/integration-test/target/test-dir/MiniOzoneClusterImpl-e6c14afe-f26c-49b2-91d5-3d25694ec971/omNode-2/ratis/c9bc4cf4-3bc3-3c60-a66b-523986131536/current/log_inprogress_0 to /home/runner/work/ozone/ozone/hadoop-ozone/integration-test/target/test-dir/MiniOzoneClusterImpl-e6c14afe-f26c-49b2-91d5-3d25694ec971/omNode-2/ratis/c9bc4cf4-3bc3-3c60-a66b-523986131536/current/log_0-584
2025-04-23 04:29:48,978 [omNode-2@group-523986131536-SegmentedRaftLogWorker] INFO  segmented.BufferedWriteChannel (BufferedWriteChannel.java:open(61)) - open log_inprogress_585 at position 0
2025-04-23 04:29:48,982 [omNode-3@group-523986131536-SegmentedRaftLogWorker] INFO  segmented.SegmentedRaftLogWorker (SegmentedRaftLogWorker.java:execute(644)) - omNode-3@group-523986131536-SegmentedRaftLogWorker: created new log segment /home/runner/work/ozone/ozone/hadoop-ozone/integration-test/target/test-dir/MiniOzoneClusterImpl-e6c14afe-f26c-49b2-91d5-3d25694ec971/omNode-3/ratis/c9bc4cf4-3bc3-3c60-a66b-523986131536/current/log_inprogress_585
2025-04-23 04:29:48,983 [omNode-1@group-523986131536-SegmentedRaftLogWorker] INFO  segmented.SegmentedRaftLogWorker (SegmentedRaftLogWorker.java:execute(644)) - omNode-1@group-523986131536-SegmentedRaftLogWorker: created new log segment /home/runner/work/ozone/ozone/hadoop-ozone/integration-test/target/test-dir/MiniOzoneClusterImpl-e6c14afe-f26c-49b2-91d5-3d25694ec971/omNode-1/ratis/c9bc4cf4-3bc3-3c60-a66b-523986131536/current/log_inprogress_585
2025-04-23 04:29:48,988 [omNode-3@group-523986131536-StateMachineUpdater] INFO  ratis.OzoneManagerStateMachine (OzoneManagerStateMachine.java:notifyConfigurationChanged(231)) - notifyConfigurationChanged from Ratis: term=2, index=585, New Peer list: omNode-3(localhost:15059), omNode-1(localhost:15051), omNode-2(localhost:15055)
2025-04-23 04:29:48,989 [omNode-3@group-523986131536-StateMachineUpdater] INFO  server.RaftServer$Division (LeaderStateImpl.java:checkStartIndex(313)) - Leader omNode-3@group-523986131536-LeaderStateImpl is ready since appliedIndex == startIndex == 585
2025-04-23 04:29:48,989 [omNode-2@group-523986131536-SegmentedRaftLogWorker] INFO  segmented.SegmentedRaftLogWorker (SegmentedRaftLogWorker.java:execute(644)) - omNode-2@group-523986131536-SegmentedRaftLogWorker: created new log segment /home/runner/work/ozone/ozone/hadoop-ozone/integration-test/target/test-dir/MiniOzoneClusterImpl-e6c14afe-f26c-49b2-91d5-3d25694ec971/omNode-2/ratis/c9bc4cf4-3bc3-3c60-a66b-523986131536/current/log_inprogress_585
2025-04-23 04:29:48,989 [omNode-1@group-523986131536-StateMachineUpdater] INFO  ratis.OzoneManagerStateMachine (OzoneManagerStateMachine.java:notifyConfigurationChanged(231)) - notifyConfigurationChanged from Ratis: term=2, index=585, New Peer list: omNode-3(localhost:15059), omNode-1(localhost:15051), omNode-2(localhost:15055)
2025-04-23 04:29:48,991 [omNode-2@group-523986131536-StateMachineUpdater] INFO  ratis.OzoneManagerStateMachine (OzoneManagerStateMachine.java:notifyConfigurationChanged(231)) - notifyConfigurationChanged from Ratis: term=2, index=585, New Peer list: omNode-3(localhost:15059), omNode-1(localhost:15051), omNode-2(localhost:15055)
2025-04-23 04:29:49,079 [main] INFO  reflections.Reflections (Reflections.java:scan(219)) - Reflections took 363 ms to scan 22 urls, producing 61 keys and 7422 values
2025-04-23 04:29:49,080 [main] INFO  ipc.CallQueueManager (CallQueueManager.java:<init>(93)) - Using callQueue: class java.util.concurrent.LinkedBlockingQueue, queueCapacity: 2000, scheduler: class org.apache.hadoop.ipc.DefaultRpcScheduler, ipcBackoff: false, ipcFailOver: false.
2025-04-23 04:29:49,080 [main] INFO  ipc.Server (Server.java:<init>(1438)) - Listener at localhost:15052
2025-04-23 04:29:49,081 [Socket Reader #1 for port 15052] INFO  ipc.Server (Server.java:run(1474)) - Starting Socket Reader #1 for port 15052
2025-04-23 04:29:49,081 [Socket Reader #2 for port 15052] INFO  ipc.Server (Server.java:run(1474)) - Starting Socket Reader #2 for port 15052
2025-04-23 04:29:49,081 [Socket Reader #3 for port 15052] INFO  ipc.Server (Server.java:run(1474)) - Starting Socket Reader #3 for port 15052
2025-04-23 04:29:49,081 [Socket Reader #4 for port 15052] INFO  ipc.Server (Server.java:run(1474)) - Starting Socket Reader #4 for port 15052
2025-04-23 04:29:49,081 [Socket Reader #5 for port 15052] INFO  ipc.Server (Server.java:run(1474)) - Starting Socket Reader #5 for port 15052
2025-04-23 04:29:49,081 [Socket Reader #6 for port 15052] INFO  ipc.Server (Server.java:run(1474)) - Starting Socket Reader #6 for port 15052
2025-04-23 04:29:49,081 [Socket Reader #7 for port 15052] INFO  ipc.Server (Server.java:run(1474)) - Starting Socket Reader #7 for port 15052
2025-04-23 04:29:49,082 [Socket Reader #8 for port 15052] INFO  ipc.Server (Server.java:run(1474)) - Starting Socket Reader #8 for port 15052
2025-04-23 04:29:49,082 [Socket Reader #9 for port 15052] INFO  ipc.Server (Server.java:run(1474)) - Starting Socket Reader #9 for port 15052
2025-04-23 04:29:49,082 [Socket Reader #10 for port 15052] INFO  ipc.Server (Server.java:run(1474)) - Starting Socket Reader #10 for port 15052
2025-04-23 04:29:49,083 [main] INFO  http.BaseHttpServer (BaseHttpServer.java:newHttpServer2BuilderForOzone(229)) - Starting Web-server for ozoneManager at: http://0.0.0.0:15053
2025-04-23 04:29:49,083 [main] INFO  http.BaseHttpServer (BaseHttpServer.java:<init>(107)) - Hadoop Security Enabled: false Ozone Security Enabled: false Ozone HTTP Security Enabled: false 
2025-04-23 04:29:49,084 [main] WARN  server.AuthenticationFilter (AuthenticationFilter.java:constructSecretProvider(240)) - Unable to initialize FileSignerSecretProvider, falling back to use random secrets. Reason: Could not read signature secret file: /home/runner/hadoop-http-auth-signature-secret
2025-04-23 04:29:49,085 [main] INFO  http.HttpServer2 (HttpServer2.java:addGlobalFilter(1041)) - Added global filter 'safety' (class=org.apache.hadoop.hdds.server.http.HttpServer2$QuotingInputFilter)
2025-04-23 04:29:49,086 [main] INFO  http.HttpServer2 (HttpServer2.java:addFilter(1017)) - Added filter static_user_filter (class=org.apache.hadoop.http.lib.StaticUserWebFilter$StaticUserFilter) to context ozoneManager
2025-04-23 04:29:49,086 [main] INFO  http.HttpServer2 (HttpServer2.java:addFilter(1025)) - Added filter static_user_filter (class=org.apache.hadoop.http.lib.StaticUserWebFilter$StaticUserFilter) to context static
2025-04-23 04:29:49,086 [main] INFO  http.HttpServer2 (HttpServer2.java:addFilter(1025)) - Added filter static_user_filter (class=org.apache.hadoop.http.lib.StaticUserWebFilter$StaticUserFilter) to context logs
2025-04-23 04:29:49,086 [main] INFO  http.BaseHttpServer (BaseHttpServer.java:<init>(195)) - HTTP server of ozoneManager uses base directory /home/runner/work/ozone/ozone/hadoop-ozone/integration-test/target/test-dir/MiniOzoneClusterImpl-e6c14afe-f26c-49b2-91d5-3d25694ec971/omNode-2/webserver
2025-04-23 04:29:49,086 [main] INFO  http.HttpServer2 (HttpServer2.java:bindListener(1241)) - Jetty bound to port 15053
2025-04-23 04:29:49,086 [main] INFO  server.Server (Server.java:doStart(375)) - jetty-9.4.57.v20241219; built: 2025-01-08T21:24:30.412Z; git: df524e6b29271c2e09ba9aea83c18dc9db464a31; jvm 21.0.7+6-LTS
2025-04-23 04:29:49,087 [main] INFO  server.session (DefaultSessionIdManager.java:doStart(334)) - DefaultSessionIdManager workerName=node0
2025-04-23 04:29:49,087 [main] INFO  server.session (DefaultSessionIdManager.java:doStart(339)) - No SessionScavenger set, using defaults
2025-04-23 04:29:49,088 [main] INFO  server.session (HouseKeeper.java:startScavenging(132)) - node0 Scavenging every 660000ms
2025-04-23 04:29:49,088 [main] INFO  handler.ContextHandler (ContextHandler.java:doStart(921)) - Started o.e.j.s.ServletContextHandler@35d5262e{logs,/logs,file:///home/runner/work/ozone/ozone/hadoop-ozone/integration-test/target/log,AVAILABLE}
2025-04-23 04:29:49,088 [main] INFO  handler.ContextHandler (ContextHandler.java:doStart(921)) - Started o.e.j.s.ServletContextHandler@519c2def{static,/static,file:///home/runner/work/ozone/ozone/hadoop-ozone/integration-test/target/test-classes/webapps/static,AVAILABLE}
2025-04-23 04:29:49,091 [main] INFO  handler.ContextHandler (ContextHandler.java:doStart(921)) - Started o.e.j.w.WebAppContext@7050f94b{ozoneManager,/,file:///home/runner/work/ozone/ozone/hadoop-ozone/integration-test/target/test-classes/webapps/ozoneManager/,AVAILABLE}{file:/home/runner/work/ozone/ozone/hadoop-ozone/integration-test/target/test-classes/webapps/ozoneManager}
2025-04-23 04:29:49,092 [main] INFO  server.AbstractConnector (AbstractConnector.java:doStart(333)) - Started ServerConnector@3a14011d{HTTP/1.1, (http/1.1)}{0.0.0.0:15053}
2025-04-23 04:29:49,092 [main] INFO  server.Server (Server.java:doStart(415)) - Started @192511ms
2025-04-23 04:29:49,092 [main] WARN  impl.MetricsSystemImpl (MetricsSystemImpl.java:register(279)) - Sink prometheus already exists!
2025-04-23 04:29:49,092 [main] INFO  http.BaseHttpServer (BaseHttpServer.java:updateConnectorAddress(360)) - HTTP server of ozoneManager listening at http://0.0.0.0:15053
2025-04-23 04:29:49,093 [IPC Server Responder] INFO  ipc.Server (Server.java:run(1713)) - IPC Server Responder: starting
2025-04-23 04:29:49,093 [IPC Server listener on 15052] INFO  ipc.Server (Server.java:run(1553)) - IPC Server listener on 15052: starting
2025-04-23 04:29:49,095 [main] INFO  om.OzoneManager (OzoneManager.java:startTrashEmptier(2257)) - Trash Interval set to 0. Files deleted won't move to trash
]]></system-out>
  </testcase>
</testsuite>