<?xml version="1.0" encoding="UTF-8"?>
<testsuite xmlns:xsi="http://www.w3.org/2001/XMLSchema-instance" xsi:noNamespaceSchemaLocation="https://maven.apache.org/surefire/maven-surefire-plugin/xsd/surefire-test-report.xsd" name="org.apache.hadoop.ozone.client.rpc.TestFailureHandlingByClient" time="219.781" tests="5" errors="0" skipped="1" failures="1">
  <properties>
    <property name="awt.toolkit" value="sun.awt.X11.XToolkit"/>
    <property name="file.encoding.pkg" value="sun.io"/>
    <property name="java.specification.version" value="1.8"/>
    <property name="sun.cpu.isalist" value=""/>
    <property name="sun.jnu.encoding" value="ANSI_X3.4-1968"/>
    <property name="java.class.path" value="/github/workspace/mnt/ozone/hadoop-ozone/integration-test/target/test-classes:/github/workspace/mnt/ozone/hadoop-ozone/integration-test/target/classes:/home/user/.m2/repository/org/apache/hadoop/hadoop-ozone-common/0.6.0-SNAPSHOT/hadoop-ozone-common-0.6.0-SNAPSHOT.jar:/home/user/.m2/repository/org/apache/commons/commons-compress/1.4.1/commons-compress-1.4.1.jar:/home/user/.m2/repository/org/tukaani/xz/1.0/xz-1.0.jar:/home/user/.m2/repository/org/apache/hadoop/hadoop-hdds-common/0.6.0-SNAPSHOT/hadoop-hdds-common-0.6.0-SNAPSHOT.jar:/home/user/.m2/repository/info/picocli/picocli/3.9.6/picocli-3.9.6.jar:/home/user/.m2/repository/com/fasterxml/jackson/core/jackson-annotations/2.10.3/jackson-annotations-2.10.3.jar:/home/user/.m2/repository/javax/annotation/javax.annotation-api/1.2/javax.annotation-api-1.2.jar:/home/user/.m2/repository/org/apache/ratis/ratis-server/0.6.0-cac3336-SNAPSHOT/ratis-server-0.6.0-cac3336-SNAPSHOT.jar:/home/user/.m2/repository/org/apache/ratis/ratis-thirdparty-misc/0.4.0/ratis-thirdparty-misc-0.4.0.jar:/home/user/.m2/repository/org/apache/ratis/ratis-client/0.6.0-cac3336-SNAPSHOT/ratis-client-0.6.0-cac3336-SNAPSHOT.jar:/home/user/.m2/repository/org/apache/ratis/ratis-metrics/0.6.0-cac3336-SNAPSHOT/ratis-metrics-0.6.0-cac3336-SNAPSHOT.jar:/home/user/.m2/repository/org/apache/ratis/ratis-netty/0.6.0-cac3336-SNAPSHOT/ratis-netty-0.6.0-cac3336-SNAPSHOT.jar:/home/user/.m2/repository/org/apache/ratis/ratis-grpc/0.6.0-cac3336-SNAPSHOT/ratis-grpc-0.6.0-cac3336-SNAPSHOT.jar:/home/user/.m2/repository/org/apache/logging/log4j/log4j-api/2.11.0/log4j-api-2.11.0.jar:/home/user/.m2/repository/org/apache/logging/log4j/log4j-core/2.11.0/log4j-core-2.11.0.jar:/home/user/.m2/repository/com/lmax/disruptor/3.4.2/disruptor-3.4.2.jar:/home/user/.m2/repository/org/apache/commons/commons-pool2/2.6.0/commons-pool2-2.6.0.jar:/home/user/.m2/repository/org/bouncycastle/bcpkix-jdk15on/1.60/bcpkix-jdk15on-1.60.jar:/home/user/.m2/repository/commons-validator/commons-validator/1.6/commons-validator-1.6.jar:/home/user/.m2/repository/commons-digester/commons-digester/1.8.1/commons-digester-1.8.1.jar:/home/user/.m2/repository/io/jaegertracing/jaeger-client/1.2.0/jaeger-client-1.2.0.jar:/home/user/.m2/repository/io/jaegertracing/jaeger-thrift/1.2.0/jaeger-thrift-1.2.0.jar:/home/user/.m2/repository/org/apache/thrift/libthrift/0.13.0/libthrift-0.13.0.jar:/home/user/.m2/repository/com/squareup/okhttp3/okhttp/4.2.2/okhttp-4.2.2.jar:/home/user/.m2/repository/com/squareup/okio/okio/2.2.2/okio-2.2.2.jar:/home/user/.m2/repository/org/jetbrains/kotlin/kotlin-stdlib/1.3.50/kotlin-stdlib-1.3.50.jar:/home/user/.m2/repository/org/jetbrains/kotlin/kotlin-stdlib-common/1.3.50/kotlin-stdlib-common-1.3.50.jar:/home/user/.m2/repository/org/jetbrains/annotations/13.0/annotations-13.0.jar:/home/user/.m2/repository/io/jaegertracing/jaeger-core/1.2.0/jaeger-core-1.2.0.jar:/home/user/.m2/repository/io/jaegertracing/jaeger-tracerresolver/1.2.0/jaeger-tracerresolver-1.2.0.jar:/home/user/.m2/repository/io/opentracing/contrib/opentracing-tracerresolver/0.1.8/opentracing-tracerresolver-0.1.8.jar:/home/user/.m2/repository/io/opentracing/opentracing-util/0.33.0/opentracing-util-0.33.0.jar:/home/user/.m2/repository/io/opentracing/opentracing-api/0.33.0/opentracing-api-0.33.0.jar:/home/user/.m2/repository/io/opentracing/opentracing-noop/0.33.0/opentracing-noop-0.33.0.jar:/home/user/.m2/repository/org/apache/hadoop/hadoop-hdds-client/0.6.0-SNAPSHOT/hadoop-hdds-client-0.6.0-SNAPSHOT.jar:/home/user/.m2/repository/org/apache/hadoop/hadoop-hdds-test-utils/0.6.0-SNAPSHOT/hadoop-hdds-test-utils-0.6.0-SNAPSHOT.jar:/home/user/.m2/repository/com/google/guava/guava/28.2-jre/guava-28.2-jre.jar:/home/user/.m2/repository/com/google/guava/failureaccess/1.0.1/failureaccess-1.0.1.jar:/home/user/.m2/repository/com/google/guava/listenablefuture/9999.0-empty-to-avoid-conflict-with-guava/listenablefuture-9999.0-empty-to-avoid-conflict-with-guava.jar:/home/user/.m2/repository/com/google/code/findbugs/jsr305/3.0.0/jsr305-3.0.0.jar:/home/user/.m2/repository/org/checkerframework/checker-qual/2.10.0/checker-qual-2.10.0.jar:/home/user/.m2/repository/com/google/errorprone/error_prone_annotations/2.2.0/error_prone_annotations-2.2.0.jar:/home/user/.m2/repository/com/google/j2objc/j2objc-annotations/1.3/j2objc-annotations-1.3.jar:/home/user/.m2/repository/commons-io/commons-io/2.5/commons-io-2.5.jar:/home/user/.m2/repository/commons-logging/commons-logging/1.2/commons-logging-1.2.jar:/home/user/.m2/repository/log4j/log4j/1.2.17/log4j-1.2.17.jar:/home/user/.m2/repository/org/slf4j/slf4j-api/1.7.25/slf4j-api-1.7.25.jar:/home/user/.m2/repository/org/apache/hadoop/hadoop-hdds-server-scm/0.6.0-SNAPSHOT/hadoop-hdds-server-scm-0.6.0-SNAPSHOT.jar:/home/user/.m2/repository/org/apache/hadoop/hadoop-hdds-container-service/0.6.0-SNAPSHOT/hadoop-hdds-container-service-0.6.0-SNAPSHOT.jar:/home/user/.m2/repository/org/apache/hadoop/hadoop-hdds-hadoop-dependency-server/0.6.0-SNAPSHOT/hadoop-hdds-hadoop-dependency-server-0.6.0-SNAPSHOT.jar:/home/user/.m2/repository/org/apache/hadoop/hadoop-hdds-server-framework/0.6.0-SNAPSHOT/hadoop-hdds-server-framework-0.6.0-SNAPSHOT.jar:/home/user/.m2/repository/org/rocksdb/rocksdbjni/6.6.4/rocksdbjni-6.6.4.jar:/home/user/.m2/repository/io/prometheus/simpleclient_dropwizard/0.7.0/simpleclient_dropwizard-0.7.0.jar:/home/user/.m2/repository/io/prometheus/simpleclient/0.7.0/simpleclient-0.7.0.jar:/home/user/.m2/repository/io/prometheus/simpleclient_common/0.7.0/simpleclient_common-0.7.0.jar:/home/user/.m2/repository/com/fasterxml/jackson/datatype/jackson-datatype-jsr310/2.10.3/jackson-datatype-jsr310-2.10.3.jar:/home/user/.m2/repository/org/apache/hadoop/hadoop-hdds-docs/0.6.0-SNAPSHOT/hadoop-hdds-docs-0.6.0-SNAPSHOT.jar:/home/user/.m2/repository/io/dropwizard/metrics/metrics-core/3.2.4/metrics-core-3.2.4.jar:/home/user/.m2/repository/org/apache/hadoop/hadoop-hdfs-client/3.2.1/hadoop-hdfs-client-3.2.1.jar:/home/user/.m2/repository/org/bouncycastle/bcprov-jdk15on/1.60/bcprov-jdk15on-1.60.jar:/home/user/.m2/repository/org/apache/hadoop/hadoop-ozone-ozone-manager/0.6.0-SNAPSHOT/hadoop-ozone-ozone-manager-0.6.0-SNAPSHOT.jar:/home/user/.m2/repository/org/apache/hadoop/hadoop-minikdc/3.2.1/hadoop-minikdc-3.2.1.jar:/home/user/.m2/repository/org/apache/kerby/kerb-simplekdc/1.0.1/kerb-simplekdc-1.0.1.jar:/home/user/.m2/repository/org/apache/kerby/kerb-client/1.0.1/kerb-client-1.0.1.jar:/home/user/.m2/repository/org/apache/kerby/kerby-config/1.0.1/kerby-config-1.0.1.jar:/home/user/.m2/repository/org/apache/kerby/kerb-core/1.0.1/kerb-core-1.0.1.jar:/home/user/.m2/repository/org/apache/kerby/kerby-pkix/1.0.1/kerby-pkix-1.0.1.jar:/home/user/.m2/repository/org/apache/kerby/kerby-asn1/1.0.1/kerby-asn1-1.0.1.jar:/home/user/.m2/repository/org/apache/kerby/kerby-util/1.0.1/kerby-util-1.0.1.jar:/home/user/.m2/repository/org/apache/kerby/kerb-common/1.0.1/kerb-common-1.0.1.jar:/home/user/.m2/repository/org/apache/kerby/kerb-crypto/1.0.1/kerb-crypto-1.0.1.jar:/home/user/.m2/repository/org/apache/kerby/kerb-util/1.0.1/kerb-util-1.0.1.jar:/home/user/.m2/repository/org/apache/kerby/token-provider/1.0.1/token-provider-1.0.1.jar:/home/user/.m2/repository/org/apache/kerby/kerb-admin/1.0.1/kerb-admin-1.0.1.jar:/home/user/.m2/repository/org/apache/kerby/kerb-server/1.0.1/kerb-server-1.0.1.jar:/home/user/.m2/repository/org/apache/kerby/kerb-identity/1.0.1/kerb-identity-1.0.1.jar:/home/user/.m2/repository/org/apache/kerby/kerby-xdr/1.0.1/kerby-xdr-1.0.1.jar:/home/user/.m2/repository/org/slf4j/slf4j-log4j12/1.7.25/slf4j-log4j12-1.7.25.jar:/home/user/.m2/repository/org/apache/hadoop/hadoop-ozone-s3gateway/0.6.0-SNAPSHOT/hadoop-ozone-s3gateway-0.6.0-SNAPSHOT.jar:/home/user/.m2/repository/org/jboss/weld/servlet/weld-servlet/2.4.7.Final/weld-servlet-2.4.7.Final.jar:/home/user/.m2/repository/org/glassfish/jersey/containers/jersey-container-servlet-core/2.27/jersey-container-servlet-core-2.27.jar:/home/user/.m2/repository/org/glassfish/hk2/external/javax.inject/2.5.0-b42/javax.inject-2.5.0-b42.jar:/home/user/.m2/repository/org/glassfish/jersey/core/jersey-common/2.27/jersey-common-2.27.jar:/home/user/.m2/repository/org/glassfish/hk2/osgi-resource-locator/1.0.1/osgi-resource-locator-1.0.1.jar:/home/user/.m2/repository/javax/ws/rs/javax.ws.rs-api/2.1/javax.ws.rs-api-2.1.jar:/home/user/.m2/repository/org/glassfish/jersey/ext/cdi/jersey-cdi1x/2.27/jersey-cdi1x-2.27.jar:/home/user/.m2/repository/org/glassfish/jersey/inject/jersey-hk2/2.27/jersey-hk2-2.27.jar:/home/user/.m2/repository/org/glassfish/hk2/hk2-locator/2.5.0-b42/hk2-locator-2.5.0-b42.jar:/home/user/.m2/repository/org/javassist/javassist/3.22.0-CR2/javassist-3.22.0-CR2.jar:/home/user/.m2/repository/org/glassfish/hk2/hk2-api/2.5.0/hk2-api-2.5.0.jar:/home/user/.m2/repository/org/glassfish/hk2/external/jakarta.inject/2.5.0/jakarta.inject-2.5.0.jar:/home/user/.m2/repository/org/glassfish/hk2/hk2-utils/2.5.0/hk2-utils-2.5.0.jar:/home/user/.m2/repository/jakarta/annotation/jakarta.annotation-api/1.3.4/jakarta.annotation-api-1.3.4.jar:/home/user/.m2/repository/org/glassfish/hk2/external/aopalliance-repackaged/2.5.0/aopalliance-repackaged-2.5.0.jar:/home/user/.m2/repository/com/fasterxml/jackson/dataformat/jackson-dataformat-xml/2.10.3/jackson-dataformat-xml-2.10.3.jar:/home/user/.m2/repository/com/fasterxml/jackson/core/jackson-core/2.10.3/jackson-core-2.10.3.jar:/home/user/.m2/repository/com/fasterxml/jackson/module/jackson-module-jaxb-annotations/2.10.3/jackson-module-jaxb-annotations-2.10.3.jar:/home/user/.m2/repository/jakarta/xml/bind/jakarta.xml.bind-api/2.3.2/jakarta.xml.bind-api-2.3.2.jar:/home/user/.m2/repository/jakarta/activation/jakarta.activation-api/1.2.1/jakarta.activation-api-1.2.1.jar:/home/user/.m2/repository/org/codehaus/woodstox/stax2-api/3.1.4/stax2-api-3.1.4.jar:/home/user/.m2/repository/com/fasterxml/woodstox/woodstox-core/5.0.3/woodstox-core-5.0.3.jar:/home/user/.m2/repository/javax/enterprise/cdi-api/1.2/cdi-api-1.2.jar:/home/user/.m2/repository/javax/el/javax.el-api/3.0.0/javax.el-api-3.0.0.jar:/home/user/.m2/repository/javax/interceptor/javax.interceptor-api/1.2/javax.interceptor-api-1.2.jar:/home/user/.m2/repository/javax/inject/javax.inject/1/javax.inject-1.jar:/home/user/.m2/repository/com/sun/xml/bind/jaxb-impl/2.3.0.1/jaxb-impl-2.3.0.1.jar:/home/user/.m2/repository/com/sun/xml/bind/jaxb-core/2.3.0.1/jaxb-core-2.3.0.1.jar:/home/user/.m2/repository/javax/xml/bind/jaxb-api/2.3.0/jaxb-api-2.3.0.jar:/home/user/.m2/repository/javax/activation/activation/1.1.1/activation-1.1.1.jar:/home/user/.m2/repository/org/apache/hadoop/hadoop-ozone-csi/0.6.0-SNAPSHOT/hadoop-ozone-csi-0.6.0-SNAPSHOT.jar:/home/user/.m2/repository/com/google/protobuf/protobuf-java-util/3.11.0/protobuf-java-util-3.11.0.jar:/home/user/.m2/repository/com/google/code/gson/gson/2.2.4/gson-2.2.4.jar:/home/user/.m2/repository/org/apache/hadoop/hadoop-hdds-config/0.6.0-SNAPSHOT/hadoop-hdds-config-0.6.0-SNAPSHOT.jar:/home/user/.m2/repository/com/google/protobuf/protobuf-java/2.5.0/protobuf-java-2.5.0.jar:/home/user/.m2/repository/io/grpc/grpc-netty/1.28.1/grpc-netty-1.28.1.jar:/home/user/.m2/repository/io/grpc/grpc-core/1.28.1/grpc-core-1.28.1.jar:/home/user/.m2/repository/com/google/android/annotations/4.1.1.4/annotations-4.1.1.4.jar:/home/user/.m2/repository/io/perfmark/perfmark-api/0.19.0/perfmark-api-0.19.0.jar:/home/user/.m2/repository/io/netty/netty-codec-http2/4.1.45.Final/netty-codec-http2-4.1.45.Final.jar:/home/user/.m2/repository/io/netty/netty-codec/4.1.45.Final/netty-codec-4.1.45.Final.jar:/home/user/.m2/repository/io/netty/netty-handler/4.1.45.Final/netty-handler-4.1.45.Final.jar:/home/user/.m2/repository/io/netty/netty-codec-http/4.1.45.Final/netty-codec-http-4.1.45.Final.jar:/home/user/.m2/repository/io/netty/netty-handler-proxy/4.1.45.Final/netty-handler-proxy-4.1.45.Final.jar:/home/user/.m2/repository/io/netty/netty-codec-socks/4.1.45.Final/netty-codec-socks-4.1.45.Final.jar:/home/user/.m2/repository/io/netty/netty-transport-native-epoll/4.1.48.Final/netty-transport-native-epoll-4.1.48.Final.jar:/home/user/.m2/repository/io/netty/netty-common/4.1.48.Final/netty-common-4.1.48.Final.jar:/home/user/.m2/repository/io/netty/netty-buffer/4.1.48.Final/netty-buffer-4.1.48.Final.jar:/home/user/.m2/repository/io/netty/netty-transport/4.1.48.Final/netty-transport-4.1.48.Final.jar:/home/user/.m2/repository/io/netty/netty-resolver/4.1.48.Final/netty-resolver-4.1.48.Final.jar:/home/user/.m2/repository/io/netty/netty-transport-native-unix-common/4.1.48.Final/netty-transport-native-unix-common-4.1.48.Final.jar:/home/user/.m2/repository/io/grpc/grpc-protobuf/1.28.1/grpc-protobuf-1.28.1.jar:/home/user/.m2/repository/io/grpc/grpc-api/1.28.1/grpc-api-1.28.1.jar:/home/user/.m2/repository/io/grpc/grpc-context/1.28.1/grpc-context-1.28.1.jar:/home/user/.m2/repository/org/codehaus/mojo/animal-sniffer-annotations/1.18/animal-sniffer-annotations-1.18.jar:/home/user/.m2/repository/com/google/api/grpc/proto-google-common-protos/1.17.0/proto-google-common-protos-1.17.0.jar:/home/user/.m2/repository/io/grpc/grpc-protobuf-lite/1.28.1/grpc-protobuf-lite-1.28.1.jar:/home/user/.m2/repository/io/grpc/grpc-stub/1.28.1/grpc-stub-1.28.1.jar:/home/user/.m2/repository/org/apache/hadoop/hadoop-ozone-recon/0.6.0-SNAPSHOT/hadoop-ozone-recon-0.6.0-SNAPSHOT.jar:/home/user/.m2/repository/org/apache/hadoop/hadoop-ozone-reconcodegen/0.6.0-SNAPSHOT/hadoop-ozone-reconcodegen-0.6.0-SNAPSHOT.jar:/home/user/.m2/repository/com/google/inject/extensions/guice-multibindings/4.0/guice-multibindings-4.0.jar:/home/user/.m2/repository/com/google/inject/guice/4.0/guice-4.0.jar:/home/user/.m2/repository/aopalliance/aopalliance/1.0/aopalliance-1.0.jar:/home/user/.m2/repository/com/google/inject/extensions/guice-assistedinject/4.0/guice-assistedinject-4.0.jar:/home/user/.m2/repository/com/google/inject/extensions/guice-servlet/4.0/guice-servlet-4.0.jar:/home/user/.m2/repository/org/glassfish/jersey/containers/jersey-container-servlet/2.27/jersey-container-servlet-2.27.jar:/home/user/.m2/repository/org/glassfish/hk2/guice-bridge/2.5.0/guice-bridge-2.5.0.jar:/home/user/.m2/repository/org/glassfish/jersey/core/jersey-server/2.27/jersey-server-2.27.jar:/home/user/.m2/repository/org/glassfish/jersey/core/jersey-client/2.27/jersey-client-2.27.jar:/home/user/.m2/repository/org/glassfish/jersey/media/jersey-media-jaxb/2.27/jersey-media-jaxb-2.27.jar:/home/user/.m2/repository/javax/validation/validation-api/1.1.0.Final/validation-api-1.1.0.Final.jar:/home/user/.m2/repository/org/glassfish/jersey/media/jersey-media-json-jackson/2.27/jersey-media-json-jackson-2.27.jar:/home/user/.m2/repository/org/glassfish/jersey/ext/jersey-entity-filtering/2.27/jersey-entity-filtering-2.27.jar:/home/user/.m2/repository/org/jooq/jooq/3.11.10/jooq-3.11.10.jar:/home/user/.m2/repository/org/jooq/jooq-meta/3.11.10/jooq-meta-3.11.10.jar:/home/user/.m2/repository/org/jooq/jooq-codegen/3.11.10/jooq-codegen-3.11.10.jar:/home/user/.m2/repository/com/jolbox/bonecp/0.8.0.RELEASE/bonecp-0.8.0.RELEASE.jar:/home/user/.m2/repository/org/apache/derby/derby/10.14.2.0/derby-10.14.2.0.jar:/home/user/.m2/repository/org/xerial/sqlite-jdbc/3.25.2/sqlite-jdbc-3.25.2.jar:/home/user/.m2/repository/org/springframework/spring-jdbc/5.2.5.RELEASE/spring-jdbc-5.2.5.RELEASE.jar:/home/user/.m2/repository/org/springframework/spring-beans/5.2.5.RELEASE/spring-beans-5.2.5.RELEASE.jar:/home/user/.m2/repository/org/springframework/spring-core/5.2.5.RELEASE/spring-core-5.2.5.RELEASE.jar:/home/user/.m2/repository/org/springframework/spring-jcl/5.2.5.RELEASE/spring-jcl-5.2.5.RELEASE.jar:/home/user/.m2/repository/org/springframework/spring-tx/5.2.5.RELEASE/spring-tx-5.2.5.RELEASE.jar:/home/user/.m2/repository/org/apache/hadoop/hadoop-ozone-client/0.6.0-SNAPSHOT/hadoop-ozone-client-0.6.0-SNAPSHOT.jar:/home/user/.m2/repository/org/apache/hadoop/hadoop-ozone-filesystem/0.6.0-SNAPSHOT/hadoop-ozone-filesystem-0.6.0-SNAPSHOT.jar:/home/user/.m2/repository/org/apache/hadoop/hadoop-hdds-hadoop-dependency-client/0.6.0-SNAPSHOT/hadoop-hdds-hadoop-dependency-client-0.6.0-SNAPSHOT.jar:/home/user/.m2/repository/org/apache/hadoop/hadoop-ozone-tools/0.6.0-SNAPSHOT/hadoop-ozone-tools-0.6.0-SNAPSHOT.jar:/home/user/.m2/repository/org/apache/hadoop/hadoop-hdfs/3.2.1/hadoop-hdfs-3.2.1.jar:/home/user/.m2/repository/org/apache/ratis/ratis-tools/0.6.0-cac3336-SNAPSHOT/ratis-tools-0.6.0-cac3336-SNAPSHOT.jar:/home/user/.m2/repository/org/apache/ratis/ratis-proto/0.6.0-cac3336-SNAPSHOT/ratis-proto-0.6.0-cac3336-SNAPSHOT.jar:/home/user/.m2/repository/org/apache/ratis/ratis-common/0.6.0-cac3336-SNAPSHOT/ratis-common-0.6.0-cac3336-SNAPSHOT.jar:/home/user/.m2/repository/com/amazonaws/aws-java-sdk-core/1.11.615/aws-java-sdk-core-1.11.615.jar:/home/user/.m2/repository/org/apache/httpcomponents/httpclient/4.5.2/httpclient-4.5.2.jar:/home/user/.m2/repository/org/apache/httpcomponents/httpcore/4.4.4/httpcore-4.4.4.jar:/home/user/.m2/repository/software/amazon/ion/ion-java/1.0.2/ion-java-1.0.2.jar:/home/user/.m2/repository/com/fasterxml/jackson/dataformat/jackson-dataformat-cbor/2.10.3/jackson-dataformat-cbor-2.10.3.jar:/home/user/.m2/repository/joda-time/joda-time/2.8.1/joda-time-2.8.1.jar:/home/user/.m2/repository/com/amazonaws/aws-java-sdk-s3/1.11.615/aws-java-sdk-s3-1.11.615.jar:/home/user/.m2/repository/com/amazonaws/aws-java-sdk-kms/1.11.615/aws-java-sdk-kms-1.11.615.jar:/home/user/.m2/repository/com/amazonaws/jmespath-java/1.11.615/jmespath-java-1.11.615.jar:/home/user/.m2/repository/org/apache/hadoop/hadoop-hdds-tools/0.6.0-SNAPSHOT/hadoop-hdds-tools-0.6.0-SNAPSHOT.jar:/home/user/.m2/repository/commons-cli/commons-cli/1.2/commons-cli-1.2.jar:/home/user/.m2/repository/org/apache/commons/commons-lang3/3.7/commons-lang3-3.7.jar:/home/user/.m2/repository/org/apache/hadoop/hadoop-ozone-ozone-manager/0.6.0-SNAPSHOT/hadoop-ozone-ozone-manager-0.6.0-SNAPSHOT-tests.jar:/home/user/.m2/repository/junit/junit/4.11/junit-4.11.jar:/home/user/.m2/repository/org/hamcrest/hamcrest-core/1.3/hamcrest-core-1.3.jar:/home/user/.m2/repository/org/openjdk/jmh/jmh-core/1.19/jmh-core-1.19.jar:/home/user/.m2/repository/net/sf/jopt-simple/jopt-simple/4.6/jopt-simple-4.6.jar:/home/user/.m2/repository/org/apache/commons/commons-math3/3.1.1/commons-math3-3.1.1.jar:/home/user/.m2/repository/org/openjdk/jmh/jmh-generator-annprocess/1.19/jmh-generator-annprocess-1.19.jar:/home/user/.m2/repository/org/mockito/mockito-all/1.8.5/mockito-all-1.8.5.jar:/home/user/.m2/repository/org/apache/hadoop/hadoop-kms/3.2.1/hadoop-kms-3.2.1.jar:/home/user/.m2/repository/org/apache/hadoop/hadoop-auth/3.2.1/hadoop-auth-3.2.1.jar:/home/user/.m2/repository/com/nimbusds/nimbus-jose-jwt/7.9/nimbus-jose-jwt-7.9.jar:/home/user/.m2/repository/com/github/stephenc/jcip/jcip-annotations/1.0-1/jcip-annotations-1.0-1.jar:/home/user/.m2/repository/net/minidev/json-smart/2.3/json-smart-2.3.jar:/home/user/.m2/repository/net/minidev/accessors-smart/1.2/accessors-smart-1.2.jar:/home/user/.m2/repository/org/ow2/asm/asm/5.0.4/asm-5.0.4.jar:/home/user/.m2/repository/org/apache/zookeeper/zookeeper/3.4.13/zookeeper-3.4.13.jar:/home/user/.m2/repository/org/apache/yetus/audience-annotations/0.5.0/audience-annotations-0.5.0.jar:/home/user/.m2/repository/org/apache/curator/curator-framework/2.13.0/curator-framework-2.13.0.jar:/home/user/.m2/repository/com/sun/jersey/jersey-core/1.19/jersey-core-1.19.jar:/home/user/.m2/repository/javax/ws/rs/jsr311-api/1.1.1/jsr311-api-1.1.1.jar:/home/user/.m2/repository/com/sun/jersey/jersey-server/1.19/jersey-server-1.19.jar:/home/user/.m2/repository/javax/servlet/javax.servlet-api/3.1.0/javax.servlet-api-3.1.0.jar:/home/user/.m2/repository/org/eclipse/jetty/jetty-server/9.4.26.v20200117/jetty-server-9.4.26.v20200117.jar:/home/user/.m2/repository/org/eclipse/jetty/jetty-http/9.4.26.v20200117/jetty-http-9.4.26.v20200117.jar:/home/user/.m2/repository/org/eclipse/jetty/jetty-io/9.4.26.v20200117/jetty-io-9.4.26.v20200117.jar:/home/user/.m2/repository/org/eclipse/jetty/jetty-webapp/9.4.26.v20200117/jetty-webapp-9.4.26.v20200117.jar:/home/user/.m2/repository/org/eclipse/jetty/jetty-xml/9.4.26.v20200117/jetty-xml-9.4.26.v20200117.jar:/home/user/.m2/repository/org/eclipse/jetty/jetty-servlet/9.4.26.v20200117/jetty-servlet-9.4.26.v20200117.jar:/home/user/.m2/repository/org/eclipse/jetty/jetty-security/9.4.26.v20200117/jetty-security-9.4.26.v20200117.jar:/home/user/.m2/repository/org/apache/hadoop/hadoop-common/3.2.1/hadoop-common-3.2.1.jar:/home/user/.m2/repository/commons-net/commons-net/3.6/commons-net-3.6.jar:/home/user/.m2/repository/commons-collections/commons-collections/3.2.2/commons-collections-3.2.2.jar:/home/user/.m2/repository/com/sun/jersey/jersey-servlet/1.19/jersey-servlet-1.19.jar:/home/user/.m2/repository/com/sun/jersey/jersey-json/1.19/jersey-json-1.19.jar:/home/user/.m2/repository/org/codehaus/jettison/jettison/1.1/jettison-1.1.jar:/home/user/.m2/repository/org/codehaus/jackson/jackson-jaxrs/1.9.2/jackson-jaxrs-1.9.2.jar:/home/user/.m2/repository/org/codehaus/jackson/jackson-xc/1.9.2/jackson-xc-1.9.2.jar:/home/user/.m2/repository/commons-beanutils/commons-beanutils/1.9.4/commons-beanutils-1.9.4.jar:/home/user/.m2/repository/org/apache/commons/commons-configuration2/2.1.1/commons-configuration2-2.1.1.jar:/home/user/.m2/repository/org/apache/commons/commons-text/1.4/commons-text-1.4.jar:/home/user/.m2/repository/com/google/re2j/re2j/1.1/re2j-1.1.jar:/home/user/.m2/repository/com/jcraft/jsch/0.1.54/jsch-0.1.54.jar:/home/user/.m2/repository/org/apache/curator/curator-client/2.13.0/curator-client-2.13.0.jar:/home/user/.m2/repository/org/apache/curator/curator-recipes/2.13.0/curator-recipes-2.13.0.jar:/home/user/.m2/repository/dnsjava/dnsjava/2.1.7/dnsjava-2.1.7.jar:/home/user/.m2/repository/org/slf4j/jul-to-slf4j/1.7.25/jul-to-slf4j-1.7.25.jar:/home/user/.m2/repository/org/eclipse/jetty/jetty-util/9.4.26.v20200117/jetty-util-9.4.26.v20200117.jar:/home/user/.m2/repository/com/fasterxml/jackson/core/jackson-databind/2.10.3/jackson-databind-2.10.3.jar:/home/user/.m2/repository/org/apache/hadoop/hadoop-kms/3.2.1/hadoop-kms-3.2.1-tests.jar:/home/user/.m2/repository/org/apache/hadoop/hadoop-hdds-server-scm/0.6.0-SNAPSHOT/hadoop-hdds-server-scm-0.6.0-SNAPSHOT-tests.jar:/home/user/.m2/repository/org/apache/hadoop/hadoop-hdds-container-service/0.6.0-SNAPSHOT/hadoop-hdds-container-service-0.6.0-SNAPSHOT-tests.jar:/home/user/.m2/repository/org/apache/hadoop/hadoop-hdds-common/0.6.0-SNAPSHOT/hadoop-hdds-common-0.6.0-SNAPSHOT-tests.jar:/home/user/.m2/repository/org/yaml/snakeyaml/1.16/snakeyaml-1.16.jar:/home/user/.m2/repository/org/apache/hadoop/hadoop-hdds-hadoop-dependency-test/0.6.0-SNAPSHOT/hadoop-hdds-hadoop-dependency-test-0.6.0-SNAPSHOT.jar:/home/user/.m2/repository/org/apache/hadoop/hadoop-common/3.2.1/hadoop-common-3.2.1-tests.jar:/home/user/.m2/repository/javax/servlet/jsp/jsp-api/2.1/jsp-api-2.1.jar:/home/user/.m2/repository/org/apache/hadoop/hadoop-hdfs/3.2.1/hadoop-hdfs-3.2.1-tests.jar:/home/user/.m2/repository/org/eclipse/jetty/jetty-util-ajax/9.4.26.v20200117/jetty-util-ajax-9.4.26.v20200117.jar:/home/user/.m2/repository/commons-codec/commons-codec/1.11/commons-codec-1.11.jar:/home/user/.m2/repository/commons-daemon/commons-daemon/1.0.13/commons-daemon-1.0.13.jar:/home/user/.m2/repository/io/netty/netty/3.10.5.Final/netty-3.10.5.Final.jar:/home/user/.m2/repository/io/netty/netty-all/4.1.48.Final/netty-all-4.1.48.Final.jar:/home/user/.m2/repository/org/apache/htrace/htrace-core4/4.1.0-incubating/htrace-core4-4.1.0-incubating.jar:/home/user/.m2/repository/org/fusesource/leveldbjni/leveldbjni-all/1.8/leveldbjni-all-1.8.jar:/home/user/.m2/repository/org/apache/hadoop/hadoop-distcp/3.2.1/hadoop-distcp-3.2.1.jar:/home/user/.m2/repository/org/apache/hadoop/hadoop-mapreduce-client-jobclient/3.2.1/hadoop-mapreduce-client-jobclient-3.2.1.jar:/home/user/.m2/repository/org/apache/hadoop/hadoop-mapreduce-client-common/3.2.1/hadoop-mapreduce-client-common-3.2.1.jar:/home/user/.m2/repository/org/apache/hadoop/hadoop-yarn-common/3.2.1/hadoop-yarn-common-3.2.1.jar:/home/user/.m2/repository/org/apache/hadoop/hadoop-yarn-api/3.2.1/hadoop-yarn-api-3.2.1.jar:/home/user/.m2/repository/com/sun/jersey/jersey-client/1.19/jersey-client-1.19.jar:/home/user/.m2/repository/com/sun/jersey/contribs/jersey-guice/1.19/jersey-guice-1.19.jar:/home/user/.m2/repository/com/fasterxml/jackson/jaxrs/jackson-jaxrs-json-provider/2.10.3/jackson-jaxrs-json-provider-2.10.3.jar:/home/user/.m2/repository/com/fasterxml/jackson/jaxrs/jackson-jaxrs-base/2.10.3/jackson-jaxrs-base-2.10.3.jar:/home/user/.m2/repository/org/apache/hadoop/hadoop-yarn-client/3.2.1/hadoop-yarn-client-3.2.1.jar:/home/user/.m2/repository/org/apache/hadoop/hadoop-mapreduce-client-core/3.2.1/hadoop-mapreduce-client-core-3.2.1.jar:/home/user/.m2/repository/org/apache/avro/avro/1.7.7/avro-1.7.7.jar:/home/user/.m2/repository/org/codehaus/jackson/jackson-core-asl/1.9.13/jackson-core-asl-1.9.13.jar:/home/user/.m2/repository/org/codehaus/jackson/jackson-mapper-asl/1.9.13/jackson-mapper-asl-1.9.13.jar:/home/user/.m2/repository/com/thoughtworks/paranamer/paranamer/2.3/paranamer-2.3.jar:/home/user/.m2/repository/org/xerial/snappy/snappy-java/1.0.5/snappy-java-1.0.5.jar:/home/user/.m2/repository/org/apache/hadoop/hadoop-annotations/3.2.1/hadoop-annotations-3.2.1.jar:/usr/lib/jvm/java-1.8.0-openjdk-1.8.0.232.b09-0.el7_7.x86_64/jre/../lib/tools.jar:/home/user/.m2/repository/org/apache/hadoop/hadoop-distcp/3.2.1/hadoop-distcp-3.2.1-tests.jar:"/>
    <property name="java.vm.vendor" value="Oracle Corporation"/>
    <property name="sun.arch.data.model" value="64"/>
    <property name="test.build.dir" value="/github/workspace/mnt/ozone/hadoop-ozone/integration-test/target/test-dir"/>
    <property name="test.cache.data" value=""/>
    <property name="java.vendor.url" value="http://java.oracle.com/"/>
    <property name="user.timezone" value=""/>
    <property name="java.vm.specification.version" value="1.8"/>
    <property name="os.name" value="Linux"/>
    <property name="test.build.data" value="/github/workspace/mnt/ozone/hadoop-ozone/integration-test/target/test-dir"/>
    <property name="user.country" value="US"/>
    <property name="sun.java.launcher" value="SUN_STANDARD"/>
    <property name="sun.boot.library.path" value="/usr/lib/jvm/java-1.8.0-openjdk-1.8.0.232.b09-0.el7_7.x86_64/jre/lib/amd64"/>
    <property name="sun.java.command" value="/github/workspace/mnt/ozone/hadoop-ozone/integration-test/target/surefire/surefirebooter994002689822161451.jar /github/workspace/mnt/ozone/hadoop-ozone/integration-test/target/surefire 2020-05-27T19-22-12_624-jvmRun1 surefire3352443858738150283tmp surefire_6938554712182501698tmp"/>
    <property name="surefire.test.class.path" value="/github/workspace/mnt/ozone/hadoop-ozone/integration-test/target/test-classes:/github/workspace/mnt/ozone/hadoop-ozone/integration-test/target/classes:/home/user/.m2/repository/org/apache/hadoop/hadoop-ozone-common/0.6.0-SNAPSHOT/hadoop-ozone-common-0.6.0-SNAPSHOT.jar:/home/user/.m2/repository/org/apache/commons/commons-compress/1.4.1/commons-compress-1.4.1.jar:/home/user/.m2/repository/org/tukaani/xz/1.0/xz-1.0.jar:/home/user/.m2/repository/org/apache/hadoop/hadoop-hdds-common/0.6.0-SNAPSHOT/hadoop-hdds-common-0.6.0-SNAPSHOT.jar:/home/user/.m2/repository/info/picocli/picocli/3.9.6/picocli-3.9.6.jar:/home/user/.m2/repository/com/fasterxml/jackson/core/jackson-annotations/2.10.3/jackson-annotations-2.10.3.jar:/home/user/.m2/repository/javax/annotation/javax.annotation-api/1.2/javax.annotation-api-1.2.jar:/home/user/.m2/repository/org/apache/ratis/ratis-server/0.6.0-cac3336-SNAPSHOT/ratis-server-0.6.0-cac3336-SNAPSHOT.jar:/home/user/.m2/repository/org/apache/ratis/ratis-thirdparty-misc/0.4.0/ratis-thirdparty-misc-0.4.0.jar:/home/user/.m2/repository/org/apache/ratis/ratis-client/0.6.0-cac3336-SNAPSHOT/ratis-client-0.6.0-cac3336-SNAPSHOT.jar:/home/user/.m2/repository/org/apache/ratis/ratis-metrics/0.6.0-cac3336-SNAPSHOT/ratis-metrics-0.6.0-cac3336-SNAPSHOT.jar:/home/user/.m2/repository/org/apache/ratis/ratis-netty/0.6.0-cac3336-SNAPSHOT/ratis-netty-0.6.0-cac3336-SNAPSHOT.jar:/home/user/.m2/repository/org/apache/ratis/ratis-grpc/0.6.0-cac3336-SNAPSHOT/ratis-grpc-0.6.0-cac3336-SNAPSHOT.jar:/home/user/.m2/repository/org/apache/logging/log4j/log4j-api/2.11.0/log4j-api-2.11.0.jar:/home/user/.m2/repository/org/apache/logging/log4j/log4j-core/2.11.0/log4j-core-2.11.0.jar:/home/user/.m2/repository/com/lmax/disruptor/3.4.2/disruptor-3.4.2.jar:/home/user/.m2/repository/org/apache/commons/commons-pool2/2.6.0/commons-pool2-2.6.0.jar:/home/user/.m2/repository/org/bouncycastle/bcpkix-jdk15on/1.60/bcpkix-jdk15on-1.60.jar:/home/user/.m2/repository/commons-validator/commons-validator/1.6/commons-validator-1.6.jar:/home/user/.m2/repository/commons-digester/commons-digester/1.8.1/commons-digester-1.8.1.jar:/home/user/.m2/repository/io/jaegertracing/jaeger-client/1.2.0/jaeger-client-1.2.0.jar:/home/user/.m2/repository/io/jaegertracing/jaeger-thrift/1.2.0/jaeger-thrift-1.2.0.jar:/home/user/.m2/repository/org/apache/thrift/libthrift/0.13.0/libthrift-0.13.0.jar:/home/user/.m2/repository/com/squareup/okhttp3/okhttp/4.2.2/okhttp-4.2.2.jar:/home/user/.m2/repository/com/squareup/okio/okio/2.2.2/okio-2.2.2.jar:/home/user/.m2/repository/org/jetbrains/kotlin/kotlin-stdlib/1.3.50/kotlin-stdlib-1.3.50.jar:/home/user/.m2/repository/org/jetbrains/kotlin/kotlin-stdlib-common/1.3.50/kotlin-stdlib-common-1.3.50.jar:/home/user/.m2/repository/org/jetbrains/annotations/13.0/annotations-13.0.jar:/home/user/.m2/repository/io/jaegertracing/jaeger-core/1.2.0/jaeger-core-1.2.0.jar:/home/user/.m2/repository/io/jaegertracing/jaeger-tracerresolver/1.2.0/jaeger-tracerresolver-1.2.0.jar:/home/user/.m2/repository/io/opentracing/contrib/opentracing-tracerresolver/0.1.8/opentracing-tracerresolver-0.1.8.jar:/home/user/.m2/repository/io/opentracing/opentracing-util/0.33.0/opentracing-util-0.33.0.jar:/home/user/.m2/repository/io/opentracing/opentracing-api/0.33.0/opentracing-api-0.33.0.jar:/home/user/.m2/repository/io/opentracing/opentracing-noop/0.33.0/opentracing-noop-0.33.0.jar:/home/user/.m2/repository/org/apache/hadoop/hadoop-hdds-client/0.6.0-SNAPSHOT/hadoop-hdds-client-0.6.0-SNAPSHOT.jar:/home/user/.m2/repository/org/apache/hadoop/hadoop-hdds-test-utils/0.6.0-SNAPSHOT/hadoop-hdds-test-utils-0.6.0-SNAPSHOT.jar:/home/user/.m2/repository/com/google/guava/guava/28.2-jre/guava-28.2-jre.jar:/home/user/.m2/repository/com/google/guava/failureaccess/1.0.1/failureaccess-1.0.1.jar:/home/user/.m2/repository/com/google/guava/listenablefuture/9999.0-empty-to-avoid-conflict-with-guava/listenablefuture-9999.0-empty-to-avoid-conflict-with-guava.jar:/home/user/.m2/repository/com/google/code/findbugs/jsr305/3.0.0/jsr305-3.0.0.jar:/home/user/.m2/repository/org/checkerframework/checker-qual/2.10.0/checker-qual-2.10.0.jar:/home/user/.m2/repository/com/google/errorprone/error_prone_annotations/2.2.0/error_prone_annotations-2.2.0.jar:/home/user/.m2/repository/com/google/j2objc/j2objc-annotations/1.3/j2objc-annotations-1.3.jar:/home/user/.m2/repository/commons-io/commons-io/2.5/commons-io-2.5.jar:/home/user/.m2/repository/commons-logging/commons-logging/1.2/commons-logging-1.2.jar:/home/user/.m2/repository/log4j/log4j/1.2.17/log4j-1.2.17.jar:/home/user/.m2/repository/org/slf4j/slf4j-api/1.7.25/slf4j-api-1.7.25.jar:/home/user/.m2/repository/org/apache/hadoop/hadoop-hdds-server-scm/0.6.0-SNAPSHOT/hadoop-hdds-server-scm-0.6.0-SNAPSHOT.jar:/home/user/.m2/repository/org/apache/hadoop/hadoop-hdds-container-service/0.6.0-SNAPSHOT/hadoop-hdds-container-service-0.6.0-SNAPSHOT.jar:/home/user/.m2/repository/org/apache/hadoop/hadoop-hdds-hadoop-dependency-server/0.6.0-SNAPSHOT/hadoop-hdds-hadoop-dependency-server-0.6.0-SNAPSHOT.jar:/home/user/.m2/repository/org/apache/hadoop/hadoop-hdds-server-framework/0.6.0-SNAPSHOT/hadoop-hdds-server-framework-0.6.0-SNAPSHOT.jar:/home/user/.m2/repository/org/rocksdb/rocksdbjni/6.6.4/rocksdbjni-6.6.4.jar:/home/user/.m2/repository/io/prometheus/simpleclient_dropwizard/0.7.0/simpleclient_dropwizard-0.7.0.jar:/home/user/.m2/repository/io/prometheus/simpleclient/0.7.0/simpleclient-0.7.0.jar:/home/user/.m2/repository/io/prometheus/simpleclient_common/0.7.0/simpleclient_common-0.7.0.jar:/home/user/.m2/repository/com/fasterxml/jackson/datatype/jackson-datatype-jsr310/2.10.3/jackson-datatype-jsr310-2.10.3.jar:/home/user/.m2/repository/org/apache/hadoop/hadoop-hdds-docs/0.6.0-SNAPSHOT/hadoop-hdds-docs-0.6.0-SNAPSHOT.jar:/home/user/.m2/repository/io/dropwizard/metrics/metrics-core/3.2.4/metrics-core-3.2.4.jar:/home/user/.m2/repository/org/apache/hadoop/hadoop-hdfs-client/3.2.1/hadoop-hdfs-client-3.2.1.jar:/home/user/.m2/repository/org/bouncycastle/bcprov-jdk15on/1.60/bcprov-jdk15on-1.60.jar:/home/user/.m2/repository/org/apache/hadoop/hadoop-ozone-ozone-manager/0.6.0-SNAPSHOT/hadoop-ozone-ozone-manager-0.6.0-SNAPSHOT.jar:/home/user/.m2/repository/org/apache/hadoop/hadoop-minikdc/3.2.1/hadoop-minikdc-3.2.1.jar:/home/user/.m2/repository/org/apache/kerby/kerb-simplekdc/1.0.1/kerb-simplekdc-1.0.1.jar:/home/user/.m2/repository/org/apache/kerby/kerb-client/1.0.1/kerb-client-1.0.1.jar:/home/user/.m2/repository/org/apache/kerby/kerby-config/1.0.1/kerby-config-1.0.1.jar:/home/user/.m2/repository/org/apache/kerby/kerb-core/1.0.1/kerb-core-1.0.1.jar:/home/user/.m2/repository/org/apache/kerby/kerby-pkix/1.0.1/kerby-pkix-1.0.1.jar:/home/user/.m2/repository/org/apache/kerby/kerby-asn1/1.0.1/kerby-asn1-1.0.1.jar:/home/user/.m2/repository/org/apache/kerby/kerby-util/1.0.1/kerby-util-1.0.1.jar:/home/user/.m2/repository/org/apache/kerby/kerb-common/1.0.1/kerb-common-1.0.1.jar:/home/user/.m2/repository/org/apache/kerby/kerb-crypto/1.0.1/kerb-crypto-1.0.1.jar:/home/user/.m2/repository/org/apache/kerby/kerb-util/1.0.1/kerb-util-1.0.1.jar:/home/user/.m2/repository/org/apache/kerby/token-provider/1.0.1/token-provider-1.0.1.jar:/home/user/.m2/repository/org/apache/kerby/kerb-admin/1.0.1/kerb-admin-1.0.1.jar:/home/user/.m2/repository/org/apache/kerby/kerb-server/1.0.1/kerb-server-1.0.1.jar:/home/user/.m2/repository/org/apache/kerby/kerb-identity/1.0.1/kerb-identity-1.0.1.jar:/home/user/.m2/repository/org/apache/kerby/kerby-xdr/1.0.1/kerby-xdr-1.0.1.jar:/home/user/.m2/repository/org/slf4j/slf4j-log4j12/1.7.25/slf4j-log4j12-1.7.25.jar:/home/user/.m2/repository/org/apache/hadoop/hadoop-ozone-s3gateway/0.6.0-SNAPSHOT/hadoop-ozone-s3gateway-0.6.0-SNAPSHOT.jar:/home/user/.m2/repository/org/jboss/weld/servlet/weld-servlet/2.4.7.Final/weld-servlet-2.4.7.Final.jar:/home/user/.m2/repository/org/glassfish/jersey/containers/jersey-container-servlet-core/2.27/jersey-container-servlet-core-2.27.jar:/home/user/.m2/repository/org/glassfish/hk2/external/javax.inject/2.5.0-b42/javax.inject-2.5.0-b42.jar:/home/user/.m2/repository/org/glassfish/jersey/core/jersey-common/2.27/jersey-common-2.27.jar:/home/user/.m2/repository/org/glassfish/hk2/osgi-resource-locator/1.0.1/osgi-resource-locator-1.0.1.jar:/home/user/.m2/repository/javax/ws/rs/javax.ws.rs-api/2.1/javax.ws.rs-api-2.1.jar:/home/user/.m2/repository/org/glassfish/jersey/ext/cdi/jersey-cdi1x/2.27/jersey-cdi1x-2.27.jar:/home/user/.m2/repository/org/glassfish/jersey/inject/jersey-hk2/2.27/jersey-hk2-2.27.jar:/home/user/.m2/repository/org/glassfish/hk2/hk2-locator/2.5.0-b42/hk2-locator-2.5.0-b42.jar:/home/user/.m2/repository/org/javassist/javassist/3.22.0-CR2/javassist-3.22.0-CR2.jar:/home/user/.m2/repository/org/glassfish/hk2/hk2-api/2.5.0/hk2-api-2.5.0.jar:/home/user/.m2/repository/org/glassfish/hk2/external/jakarta.inject/2.5.0/jakarta.inject-2.5.0.jar:/home/user/.m2/repository/org/glassfish/hk2/hk2-utils/2.5.0/hk2-utils-2.5.0.jar:/home/user/.m2/repository/jakarta/annotation/jakarta.annotation-api/1.3.4/jakarta.annotation-api-1.3.4.jar:/home/user/.m2/repository/org/glassfish/hk2/external/aopalliance-repackaged/2.5.0/aopalliance-repackaged-2.5.0.jar:/home/user/.m2/repository/com/fasterxml/jackson/dataformat/jackson-dataformat-xml/2.10.3/jackson-dataformat-xml-2.10.3.jar:/home/user/.m2/repository/com/fasterxml/jackson/core/jackson-core/2.10.3/jackson-core-2.10.3.jar:/home/user/.m2/repository/com/fasterxml/jackson/module/jackson-module-jaxb-annotations/2.10.3/jackson-module-jaxb-annotations-2.10.3.jar:/home/user/.m2/repository/jakarta/xml/bind/jakarta.xml.bind-api/2.3.2/jakarta.xml.bind-api-2.3.2.jar:/home/user/.m2/repository/jakarta/activation/jakarta.activation-api/1.2.1/jakarta.activation-api-1.2.1.jar:/home/user/.m2/repository/org/codehaus/woodstox/stax2-api/3.1.4/stax2-api-3.1.4.jar:/home/user/.m2/repository/com/fasterxml/woodstox/woodstox-core/5.0.3/woodstox-core-5.0.3.jar:/home/user/.m2/repository/javax/enterprise/cdi-api/1.2/cdi-api-1.2.jar:/home/user/.m2/repository/javax/el/javax.el-api/3.0.0/javax.el-api-3.0.0.jar:/home/user/.m2/repository/javax/interceptor/javax.interceptor-api/1.2/javax.interceptor-api-1.2.jar:/home/user/.m2/repository/javax/inject/javax.inject/1/javax.inject-1.jar:/home/user/.m2/repository/com/sun/xml/bind/jaxb-impl/2.3.0.1/jaxb-impl-2.3.0.1.jar:/home/user/.m2/repository/com/sun/xml/bind/jaxb-core/2.3.0.1/jaxb-core-2.3.0.1.jar:/home/user/.m2/repository/javax/xml/bind/jaxb-api/2.3.0/jaxb-api-2.3.0.jar:/home/user/.m2/repository/javax/activation/activation/1.1.1/activation-1.1.1.jar:/home/user/.m2/repository/org/apache/hadoop/hadoop-ozone-csi/0.6.0-SNAPSHOT/hadoop-ozone-csi-0.6.0-SNAPSHOT.jar:/home/user/.m2/repository/com/google/protobuf/protobuf-java-util/3.11.0/protobuf-java-util-3.11.0.jar:/home/user/.m2/repository/com/google/code/gson/gson/2.2.4/gson-2.2.4.jar:/home/user/.m2/repository/org/apache/hadoop/hadoop-hdds-config/0.6.0-SNAPSHOT/hadoop-hdds-config-0.6.0-SNAPSHOT.jar:/home/user/.m2/repository/com/google/protobuf/protobuf-java/2.5.0/protobuf-java-2.5.0.jar:/home/user/.m2/repository/io/grpc/grpc-netty/1.28.1/grpc-netty-1.28.1.jar:/home/user/.m2/repository/io/grpc/grpc-core/1.28.1/grpc-core-1.28.1.jar:/home/user/.m2/repository/com/google/android/annotations/4.1.1.4/annotations-4.1.1.4.jar:/home/user/.m2/repository/io/perfmark/perfmark-api/0.19.0/perfmark-api-0.19.0.jar:/home/user/.m2/repository/io/netty/netty-codec-http2/4.1.45.Final/netty-codec-http2-4.1.45.Final.jar:/home/user/.m2/repository/io/netty/netty-codec/4.1.45.Final/netty-codec-4.1.45.Final.jar:/home/user/.m2/repository/io/netty/netty-handler/4.1.45.Final/netty-handler-4.1.45.Final.jar:/home/user/.m2/repository/io/netty/netty-codec-http/4.1.45.Final/netty-codec-http-4.1.45.Final.jar:/home/user/.m2/repository/io/netty/netty-handler-proxy/4.1.45.Final/netty-handler-proxy-4.1.45.Final.jar:/home/user/.m2/repository/io/netty/netty-codec-socks/4.1.45.Final/netty-codec-socks-4.1.45.Final.jar:/home/user/.m2/repository/io/netty/netty-transport-native-epoll/4.1.48.Final/netty-transport-native-epoll-4.1.48.Final.jar:/home/user/.m2/repository/io/netty/netty-common/4.1.48.Final/netty-common-4.1.48.Final.jar:/home/user/.m2/repository/io/netty/netty-buffer/4.1.48.Final/netty-buffer-4.1.48.Final.jar:/home/user/.m2/repository/io/netty/netty-transport/4.1.48.Final/netty-transport-4.1.48.Final.jar:/home/user/.m2/repository/io/netty/netty-resolver/4.1.48.Final/netty-resolver-4.1.48.Final.jar:/home/user/.m2/repository/io/netty/netty-transport-native-unix-common/4.1.48.Final/netty-transport-native-unix-common-4.1.48.Final.jar:/home/user/.m2/repository/io/grpc/grpc-protobuf/1.28.1/grpc-protobuf-1.28.1.jar:/home/user/.m2/repository/io/grpc/grpc-api/1.28.1/grpc-api-1.28.1.jar:/home/user/.m2/repository/io/grpc/grpc-context/1.28.1/grpc-context-1.28.1.jar:/home/user/.m2/repository/org/codehaus/mojo/animal-sniffer-annotations/1.18/animal-sniffer-annotations-1.18.jar:/home/user/.m2/repository/com/google/api/grpc/proto-google-common-protos/1.17.0/proto-google-common-protos-1.17.0.jar:/home/user/.m2/repository/io/grpc/grpc-protobuf-lite/1.28.1/grpc-protobuf-lite-1.28.1.jar:/home/user/.m2/repository/io/grpc/grpc-stub/1.28.1/grpc-stub-1.28.1.jar:/home/user/.m2/repository/org/apache/hadoop/hadoop-ozone-recon/0.6.0-SNAPSHOT/hadoop-ozone-recon-0.6.0-SNAPSHOT.jar:/home/user/.m2/repository/org/apache/hadoop/hadoop-ozone-reconcodegen/0.6.0-SNAPSHOT/hadoop-ozone-reconcodegen-0.6.0-SNAPSHOT.jar:/home/user/.m2/repository/com/google/inject/extensions/guice-multibindings/4.0/guice-multibindings-4.0.jar:/home/user/.m2/repository/com/google/inject/guice/4.0/guice-4.0.jar:/home/user/.m2/repository/aopalliance/aopalliance/1.0/aopalliance-1.0.jar:/home/user/.m2/repository/com/google/inject/extensions/guice-assistedinject/4.0/guice-assistedinject-4.0.jar:/home/user/.m2/repository/com/google/inject/extensions/guice-servlet/4.0/guice-servlet-4.0.jar:/home/user/.m2/repository/org/glassfish/jersey/containers/jersey-container-servlet/2.27/jersey-container-servlet-2.27.jar:/home/user/.m2/repository/org/glassfish/hk2/guice-bridge/2.5.0/guice-bridge-2.5.0.jar:/home/user/.m2/repository/org/glassfish/jersey/core/jersey-server/2.27/jersey-server-2.27.jar:/home/user/.m2/repository/org/glassfish/jersey/core/jersey-client/2.27/jersey-client-2.27.jar:/home/user/.m2/repository/org/glassfish/jersey/media/jersey-media-jaxb/2.27/jersey-media-jaxb-2.27.jar:/home/user/.m2/repository/javax/validation/validation-api/1.1.0.Final/validation-api-1.1.0.Final.jar:/home/user/.m2/repository/org/glassfish/jersey/media/jersey-media-json-jackson/2.27/jersey-media-json-jackson-2.27.jar:/home/user/.m2/repository/org/glassfish/jersey/ext/jersey-entity-filtering/2.27/jersey-entity-filtering-2.27.jar:/home/user/.m2/repository/org/jooq/jooq/3.11.10/jooq-3.11.10.jar:/home/user/.m2/repository/org/jooq/jooq-meta/3.11.10/jooq-meta-3.11.10.jar:/home/user/.m2/repository/org/jooq/jooq-codegen/3.11.10/jooq-codegen-3.11.10.jar:/home/user/.m2/repository/com/jolbox/bonecp/0.8.0.RELEASE/bonecp-0.8.0.RELEASE.jar:/home/user/.m2/repository/org/apache/derby/derby/10.14.2.0/derby-10.14.2.0.jar:/home/user/.m2/repository/org/xerial/sqlite-jdbc/3.25.2/sqlite-jdbc-3.25.2.jar:/home/user/.m2/repository/org/springframework/spring-jdbc/5.2.5.RELEASE/spring-jdbc-5.2.5.RELEASE.jar:/home/user/.m2/repository/org/springframework/spring-beans/5.2.5.RELEASE/spring-beans-5.2.5.RELEASE.jar:/home/user/.m2/repository/org/springframework/spring-core/5.2.5.RELEASE/spring-core-5.2.5.RELEASE.jar:/home/user/.m2/repository/org/springframework/spring-jcl/5.2.5.RELEASE/spring-jcl-5.2.5.RELEASE.jar:/home/user/.m2/repository/org/springframework/spring-tx/5.2.5.RELEASE/spring-tx-5.2.5.RELEASE.jar:/home/user/.m2/repository/org/apache/hadoop/hadoop-ozone-client/0.6.0-SNAPSHOT/hadoop-ozone-client-0.6.0-SNAPSHOT.jar:/home/user/.m2/repository/org/apache/hadoop/hadoop-ozone-filesystem/0.6.0-SNAPSHOT/hadoop-ozone-filesystem-0.6.0-SNAPSHOT.jar:/home/user/.m2/repository/org/apache/hadoop/hadoop-hdds-hadoop-dependency-client/0.6.0-SNAPSHOT/hadoop-hdds-hadoop-dependency-client-0.6.0-SNAPSHOT.jar:/home/user/.m2/repository/org/apache/hadoop/hadoop-ozone-tools/0.6.0-SNAPSHOT/hadoop-ozone-tools-0.6.0-SNAPSHOT.jar:/home/user/.m2/repository/org/apache/hadoop/hadoop-hdfs/3.2.1/hadoop-hdfs-3.2.1.jar:/home/user/.m2/repository/org/apache/ratis/ratis-tools/0.6.0-cac3336-SNAPSHOT/ratis-tools-0.6.0-cac3336-SNAPSHOT.jar:/home/user/.m2/repository/org/apache/ratis/ratis-proto/0.6.0-cac3336-SNAPSHOT/ratis-proto-0.6.0-cac3336-SNAPSHOT.jar:/home/user/.m2/repository/org/apache/ratis/ratis-common/0.6.0-cac3336-SNAPSHOT/ratis-common-0.6.0-cac3336-SNAPSHOT.jar:/home/user/.m2/repository/com/amazonaws/aws-java-sdk-core/1.11.615/aws-java-sdk-core-1.11.615.jar:/home/user/.m2/repository/org/apache/httpcomponents/httpclient/4.5.2/httpclient-4.5.2.jar:/home/user/.m2/repository/org/apache/httpcomponents/httpcore/4.4.4/httpcore-4.4.4.jar:/home/user/.m2/repository/software/amazon/ion/ion-java/1.0.2/ion-java-1.0.2.jar:/home/user/.m2/repository/com/fasterxml/jackson/dataformat/jackson-dataformat-cbor/2.10.3/jackson-dataformat-cbor-2.10.3.jar:/home/user/.m2/repository/joda-time/joda-time/2.8.1/joda-time-2.8.1.jar:/home/user/.m2/repository/com/amazonaws/aws-java-sdk-s3/1.11.615/aws-java-sdk-s3-1.11.615.jar:/home/user/.m2/repository/com/amazonaws/aws-java-sdk-kms/1.11.615/aws-java-sdk-kms-1.11.615.jar:/home/user/.m2/repository/com/amazonaws/jmespath-java/1.11.615/jmespath-java-1.11.615.jar:/home/user/.m2/repository/org/apache/hadoop/hadoop-hdds-tools/0.6.0-SNAPSHOT/hadoop-hdds-tools-0.6.0-SNAPSHOT.jar:/home/user/.m2/repository/commons-cli/commons-cli/1.2/commons-cli-1.2.jar:/home/user/.m2/repository/org/apache/commons/commons-lang3/3.7/commons-lang3-3.7.jar:/home/user/.m2/repository/org/apache/hadoop/hadoop-ozone-ozone-manager/0.6.0-SNAPSHOT/hadoop-ozone-ozone-manager-0.6.0-SNAPSHOT-tests.jar:/home/user/.m2/repository/junit/junit/4.11/junit-4.11.jar:/home/user/.m2/repository/org/hamcrest/hamcrest-core/1.3/hamcrest-core-1.3.jar:/home/user/.m2/repository/org/openjdk/jmh/jmh-core/1.19/jmh-core-1.19.jar:/home/user/.m2/repository/net/sf/jopt-simple/jopt-simple/4.6/jopt-simple-4.6.jar:/home/user/.m2/repository/org/apache/commons/commons-math3/3.1.1/commons-math3-3.1.1.jar:/home/user/.m2/repository/org/openjdk/jmh/jmh-generator-annprocess/1.19/jmh-generator-annprocess-1.19.jar:/home/user/.m2/repository/org/mockito/mockito-all/1.8.5/mockito-all-1.8.5.jar:/home/user/.m2/repository/org/apache/hadoop/hadoop-kms/3.2.1/hadoop-kms-3.2.1.jar:/home/user/.m2/repository/org/apache/hadoop/hadoop-auth/3.2.1/hadoop-auth-3.2.1.jar:/home/user/.m2/repository/com/nimbusds/nimbus-jose-jwt/7.9/nimbus-jose-jwt-7.9.jar:/home/user/.m2/repository/com/github/stephenc/jcip/jcip-annotations/1.0-1/jcip-annotations-1.0-1.jar:/home/user/.m2/repository/net/minidev/json-smart/2.3/json-smart-2.3.jar:/home/user/.m2/repository/net/minidev/accessors-smart/1.2/accessors-smart-1.2.jar:/home/user/.m2/repository/org/ow2/asm/asm/5.0.4/asm-5.0.4.jar:/home/user/.m2/repository/org/apache/zookeeper/zookeeper/3.4.13/zookeeper-3.4.13.jar:/home/user/.m2/repository/org/apache/yetus/audience-annotations/0.5.0/audience-annotations-0.5.0.jar:/home/user/.m2/repository/org/apache/curator/curator-framework/2.13.0/curator-framework-2.13.0.jar:/home/user/.m2/repository/com/sun/jersey/jersey-core/1.19/jersey-core-1.19.jar:/home/user/.m2/repository/javax/ws/rs/jsr311-api/1.1.1/jsr311-api-1.1.1.jar:/home/user/.m2/repository/com/sun/jersey/jersey-server/1.19/jersey-server-1.19.jar:/home/user/.m2/repository/javax/servlet/javax.servlet-api/3.1.0/javax.servlet-api-3.1.0.jar:/home/user/.m2/repository/org/eclipse/jetty/jetty-server/9.4.26.v20200117/jetty-server-9.4.26.v20200117.jar:/home/user/.m2/repository/org/eclipse/jetty/jetty-http/9.4.26.v20200117/jetty-http-9.4.26.v20200117.jar:/home/user/.m2/repository/org/eclipse/jetty/jetty-io/9.4.26.v20200117/jetty-io-9.4.26.v20200117.jar:/home/user/.m2/repository/org/eclipse/jetty/jetty-webapp/9.4.26.v20200117/jetty-webapp-9.4.26.v20200117.jar:/home/user/.m2/repository/org/eclipse/jetty/jetty-xml/9.4.26.v20200117/jetty-xml-9.4.26.v20200117.jar:/home/user/.m2/repository/org/eclipse/jetty/jetty-servlet/9.4.26.v20200117/jetty-servlet-9.4.26.v20200117.jar:/home/user/.m2/repository/org/eclipse/jetty/jetty-security/9.4.26.v20200117/jetty-security-9.4.26.v20200117.jar:/home/user/.m2/repository/org/apache/hadoop/hadoop-common/3.2.1/hadoop-common-3.2.1.jar:/home/user/.m2/repository/commons-net/commons-net/3.6/commons-net-3.6.jar:/home/user/.m2/repository/commons-collections/commons-collections/3.2.2/commons-collections-3.2.2.jar:/home/user/.m2/repository/com/sun/jersey/jersey-servlet/1.19/jersey-servlet-1.19.jar:/home/user/.m2/repository/com/sun/jersey/jersey-json/1.19/jersey-json-1.19.jar:/home/user/.m2/repository/org/codehaus/jettison/jettison/1.1/jettison-1.1.jar:/home/user/.m2/repository/org/codehaus/jackson/jackson-jaxrs/1.9.2/jackson-jaxrs-1.9.2.jar:/home/user/.m2/repository/org/codehaus/jackson/jackson-xc/1.9.2/jackson-xc-1.9.2.jar:/home/user/.m2/repository/commons-beanutils/commons-beanutils/1.9.4/commons-beanutils-1.9.4.jar:/home/user/.m2/repository/org/apache/commons/commons-configuration2/2.1.1/commons-configuration2-2.1.1.jar:/home/user/.m2/repository/org/apache/commons/commons-text/1.4/commons-text-1.4.jar:/home/user/.m2/repository/com/google/re2j/re2j/1.1/re2j-1.1.jar:/home/user/.m2/repository/com/jcraft/jsch/0.1.54/jsch-0.1.54.jar:/home/user/.m2/repository/org/apache/curator/curator-client/2.13.0/curator-client-2.13.0.jar:/home/user/.m2/repository/org/apache/curator/curator-recipes/2.13.0/curator-recipes-2.13.0.jar:/home/user/.m2/repository/dnsjava/dnsjava/2.1.7/dnsjava-2.1.7.jar:/home/user/.m2/repository/org/slf4j/jul-to-slf4j/1.7.25/jul-to-slf4j-1.7.25.jar:/home/user/.m2/repository/org/eclipse/jetty/jetty-util/9.4.26.v20200117/jetty-util-9.4.26.v20200117.jar:/home/user/.m2/repository/com/fasterxml/jackson/core/jackson-databind/2.10.3/jackson-databind-2.10.3.jar:/home/user/.m2/repository/org/apache/hadoop/hadoop-kms/3.2.1/hadoop-kms-3.2.1-tests.jar:/home/user/.m2/repository/org/apache/hadoop/hadoop-hdds-server-scm/0.6.0-SNAPSHOT/hadoop-hdds-server-scm-0.6.0-SNAPSHOT-tests.jar:/home/user/.m2/repository/org/apache/hadoop/hadoop-hdds-container-service/0.6.0-SNAPSHOT/hadoop-hdds-container-service-0.6.0-SNAPSHOT-tests.jar:/home/user/.m2/repository/org/apache/hadoop/hadoop-hdds-common/0.6.0-SNAPSHOT/hadoop-hdds-common-0.6.0-SNAPSHOT-tests.jar:/home/user/.m2/repository/org/yaml/snakeyaml/1.16/snakeyaml-1.16.jar:/home/user/.m2/repository/org/apache/hadoop/hadoop-hdds-hadoop-dependency-test/0.6.0-SNAPSHOT/hadoop-hdds-hadoop-dependency-test-0.6.0-SNAPSHOT.jar:/home/user/.m2/repository/org/apache/hadoop/hadoop-common/3.2.1/hadoop-common-3.2.1-tests.jar:/home/user/.m2/repository/javax/servlet/jsp/jsp-api/2.1/jsp-api-2.1.jar:/home/user/.m2/repository/org/apache/hadoop/hadoop-hdfs/3.2.1/hadoop-hdfs-3.2.1-tests.jar:/home/user/.m2/repository/org/eclipse/jetty/jetty-util-ajax/9.4.26.v20200117/jetty-util-ajax-9.4.26.v20200117.jar:/home/user/.m2/repository/commons-codec/commons-codec/1.11/commons-codec-1.11.jar:/home/user/.m2/repository/commons-daemon/commons-daemon/1.0.13/commons-daemon-1.0.13.jar:/home/user/.m2/repository/io/netty/netty/3.10.5.Final/netty-3.10.5.Final.jar:/home/user/.m2/repository/io/netty/netty-all/4.1.48.Final/netty-all-4.1.48.Final.jar:/home/user/.m2/repository/org/apache/htrace/htrace-core4/4.1.0-incubating/htrace-core4-4.1.0-incubating.jar:/home/user/.m2/repository/org/fusesource/leveldbjni/leveldbjni-all/1.8/leveldbjni-all-1.8.jar:/home/user/.m2/repository/org/apache/hadoop/hadoop-distcp/3.2.1/hadoop-distcp-3.2.1.jar:/home/user/.m2/repository/org/apache/hadoop/hadoop-mapreduce-client-jobclient/3.2.1/hadoop-mapreduce-client-jobclient-3.2.1.jar:/home/user/.m2/repository/org/apache/hadoop/hadoop-mapreduce-client-common/3.2.1/hadoop-mapreduce-client-common-3.2.1.jar:/home/user/.m2/repository/org/apache/hadoop/hadoop-yarn-common/3.2.1/hadoop-yarn-common-3.2.1.jar:/home/user/.m2/repository/org/apache/hadoop/hadoop-yarn-api/3.2.1/hadoop-yarn-api-3.2.1.jar:/home/user/.m2/repository/com/sun/jersey/jersey-client/1.19/jersey-client-1.19.jar:/home/user/.m2/repository/com/sun/jersey/contribs/jersey-guice/1.19/jersey-guice-1.19.jar:/home/user/.m2/repository/com/fasterxml/jackson/jaxrs/jackson-jaxrs-json-provider/2.10.3/jackson-jaxrs-json-provider-2.10.3.jar:/home/user/.m2/repository/com/fasterxml/jackson/jaxrs/jackson-jaxrs-base/2.10.3/jackson-jaxrs-base-2.10.3.jar:/home/user/.m2/repository/org/apache/hadoop/hadoop-yarn-client/3.2.1/hadoop-yarn-client-3.2.1.jar:/home/user/.m2/repository/org/apache/hadoop/hadoop-mapreduce-client-core/3.2.1/hadoop-mapreduce-client-core-3.2.1.jar:/home/user/.m2/repository/org/apache/avro/avro/1.7.7/avro-1.7.7.jar:/home/user/.m2/repository/org/codehaus/jackson/jackson-core-asl/1.9.13/jackson-core-asl-1.9.13.jar:/home/user/.m2/repository/org/codehaus/jackson/jackson-mapper-asl/1.9.13/jackson-mapper-asl-1.9.13.jar:/home/user/.m2/repository/com/thoughtworks/paranamer/paranamer/2.3/paranamer-2.3.jar:/home/user/.m2/repository/org/xerial/snappy/snappy-java/1.0.5/snappy-java-1.0.5.jar:/home/user/.m2/repository/org/apache/hadoop/hadoop-annotations/3.2.1/hadoop-annotations-3.2.1.jar:/usr/lib/jvm/java-1.8.0-openjdk-1.8.0.232.b09-0.el7_7.x86_64/jre/../lib/tools.jar:/home/user/.m2/repository/org/apache/hadoop/hadoop-distcp/3.2.1/hadoop-distcp-3.2.1-tests.jar:"/>
    <property name="sun.cpu.endian" value="little"/>
    <property name="user.home" value="/home/user"/>
    <property name="user.language" value="en"/>
    <property name="java.specification.vendor" value="Oracle Corporation"/>
    <property name="java.home" value="/usr/lib/jvm/java-1.8.0-openjdk-1.8.0.232.b09-0.el7_7.x86_64/jre"/>
    <property name="java.security.krb5.conf" value="/github/workspace/mnt/ozone/hadoop-ozone/integration-test/target/test-classes/krb5.conf"/>
    <property name="basedir" value="/github/workspace/mnt/ozone/hadoop-ozone/integration-test"/>
    <property name="file.separator" value="/"/>
    <property name="line.separator" value="&#10;"/>
    <property name="java.vm.specification.vendor" value="Oracle Corporation"/>
    <property name="java.specification.name" value="Java Platform API Specification"/>
    <property name="java.awt.graphicsenv" value="sun.awt.X11GraphicsEnvironment"/>
    <property name="surefire.real.class.path" value="/github/workspace/mnt/ozone/hadoop-ozone/integration-test/target/surefire/surefirebooter994002689822161451.jar:/home/user/.m2/repository/org/jacoco/org.jacoco.agent/0.8.5/org.jacoco.agent-0.8.5-runtime.jar"/>
    <property name="hadoop.log.dir" value="/github/workspace/mnt/ozone/hadoop-ozone/integration-test/target/log"/>
    <property name="sun.boot.class.path" value="/usr/lib/jvm/java-1.8.0-openjdk-1.8.0.232.b09-0.el7_7.x86_64/jre/lib/resources.jar:/usr/lib/jvm/java-1.8.0-openjdk-1.8.0.232.b09-0.el7_7.x86_64/jre/lib/rt.jar:/usr/lib/jvm/java-1.8.0-openjdk-1.8.0.232.b09-0.el7_7.x86_64/jre/lib/sunrsasign.jar:/usr/lib/jvm/java-1.8.0-openjdk-1.8.0.232.b09-0.el7_7.x86_64/jre/lib/jsse.jar:/usr/lib/jvm/java-1.8.0-openjdk-1.8.0.232.b09-0.el7_7.x86_64/jre/lib/jce.jar:/usr/lib/jvm/java-1.8.0-openjdk-1.8.0.232.b09-0.el7_7.x86_64/jre/lib/charsets.jar:/usr/lib/jvm/java-1.8.0-openjdk-1.8.0.232.b09-0.el7_7.x86_64/jre/lib/jfr.jar:/usr/lib/jvm/java-1.8.0-openjdk-1.8.0.232.b09-0.el7_7.x86_64/jre/classes"/>
    <property name="sun.management.compiler" value="HotSpot 64-Bit Tiered Compilers"/>
    <property name="java.runtime.version" value="1.8.0_232-b09"/>
    <property name="java.net.preferIPv4Stack" value="true"/>
    <property name="user.name" value="jenkins1001"/>
    <property name="path.separator" value=":"/>
    <property name="java.security.egd" value="file:///dev/urandom"/>
    <property name="os.version" value="5.3.0-1020-azure"/>
    <property name="java.endorsed.dirs" value="/usr/lib/jvm/java-1.8.0-openjdk-1.8.0.232.b09-0.el7_7.x86_64/jre/lib/endorsed"/>
    <property name="java.runtime.name" value="OpenJDK Runtime Environment"/>
    <property name="file.encoding" value="ANSI_X3.4-1968"/>
    <property name="java.vm.name" value="OpenJDK 64-Bit Server VM"/>
    <property name="test.build.webapps" value=""/>
    <property name="localRepository" value="/home/user/.m2/repository"/>
    <property name="java.vendor.url.bug" value="http://bugreport.sun.com/bugreport/"/>
    <property name="java.io.tmpdir" value="/tmp"/>
    <property name="require.test.libhadoop" value=""/>
    <property name="java.version" value="1.8.0_232"/>
    <property name="user.dir" value="/github/workspace/mnt/ozone/hadoop-ozone/integration-test"/>
    <property name="os.arch" value="amd64"/>
    <property name="java.vm.specification.name" value="Java Virtual Machine Specification"/>
    <property name="test.build.classes" value="/github/workspace/mnt/ozone/hadoop-ozone/integration-test/target/test-classes"/>
    <property name="java.awt.printerjob" value="sun.print.PSPrinterJob"/>
    <property name="sun.os.patch.level" value="unknown"/>
    <property name="hadoop.tmp.dir" value="/github/workspace/mnt/ozone/hadoop-ozone/integration-test/target/tmp"/>
    <property name="java.library.path" value="/usr/lib:/usr/java/packages/lib/amd64:/usr/lib64:/lib64:/lib:/usr/lib"/>
    <property name="java.vm.info" value="mixed mode"/>
    <property name="java.vendor" value="Oracle Corporation"/>
    <property name="java.vm.version" value="25.232-b09"/>
    <property name="java.ext.dirs" value="/usr/lib/jvm/java-1.8.0-openjdk-1.8.0.232.b09-0.el7_7.x86_64/jre/lib/ext:/usr/java/packages/lib/ext"/>
    <property name="sun.io.unicode.encoding" value="UnicodeLittle"/>
    <property name="java.class.version" value="52.0"/>
  </properties>
  <testcase name="testPipelineExclusionWithPipelineFailure" classname="org.apache.hadoop.ozone.client.rpc.TestFailureHandlingByClient" time="80.132">
    <failure type="java.lang.AssertionError">java.lang.AssertionError
	at org.junit.Assert.fail(Assert.java:86)
	at org.junit.Assert.assertTrue(Assert.java:41)
	at org.junit.Assert.assertTrue(Assert.java:52)
	at org.apache.hadoop.ozone.client.rpc.TestFailureHandlingByClient.testPipelineExclusionWithPipelineFailure(TestFailureHandlingByClient.java:402)
	at sun.reflect.NativeMethodAccessorImpl.invoke0(Native Method)
	at sun.reflect.NativeMethodAccessorImpl.invoke(NativeMethodAccessorImpl.java:62)
	at sun.reflect.DelegatingMethodAccessorImpl.invoke(DelegatingMethodAccessorImpl.java:43)
	at java.lang.reflect.Method.invoke(Method.java:498)
	at org.junit.runners.model.FrameworkMethod$1.runReflectiveCall(FrameworkMethod.java:47)
	at org.junit.internal.runners.model.ReflectiveCallable.run(ReflectiveCallable.java:12)
	at org.junit.runners.model.FrameworkMethod.invokeExplosively(FrameworkMethod.java:44)
	at org.junit.internal.runners.statements.InvokeMethod.evaluate(InvokeMethod.java:17)
	at org.junit.internal.runners.statements.RunAfters.evaluate(RunAfters.java:27)
	at org.junit.runners.ParentRunner.runLeaf(ParentRunner.java:271)
	at org.junit.runners.BlockJUnit4ClassRunner.runChild(BlockJUnit4ClassRunner.java:70)
	at org.junit.runners.BlockJUnit4ClassRunner.runChild(BlockJUnit4ClassRunner.java:50)
	at org.junit.runners.ParentRunner$3.run(ParentRunner.java:238)
	at org.junit.runners.ParentRunner$1.schedule(ParentRunner.java:63)
	at org.junit.runners.ParentRunner.runChildren(ParentRunner.java:236)
	at org.junit.runners.ParentRunner.access$000(ParentRunner.java:53)
	at org.junit.runners.ParentRunner$2.evaluate(ParentRunner.java:229)
	at org.junit.runners.ParentRunner.run(ParentRunner.java:309)
	at org.apache.maven.surefire.junit4.JUnit4Provider.execute(JUnit4Provider.java:365)
	at org.apache.maven.surefire.junit4.JUnit4Provider.executeWithRerun(JUnit4Provider.java:273)
	at org.apache.maven.surefire.junit4.JUnit4Provider.executeTestSet(JUnit4Provider.java:238)
	at org.apache.maven.surefire.junit4.JUnit4Provider.invoke(JUnit4Provider.java:159)
	at org.apache.maven.surefire.booter.ForkedBooter.invokeProviderInSameClassLoader(ForkedBooter.java:384)
	at org.apache.maven.surefire.booter.ForkedBooter.runSuitesInProcess(ForkedBooter.java:345)
	at org.apache.maven.surefire.booter.ForkedBooter.execute(ForkedBooter.java:126)
	at org.apache.maven.surefire.booter.ForkedBooter.main(ForkedBooter.java:418)
</failure>
    <system-out><![CDATA[2020-05-27 19:31:57,889 [main] WARN  server.ServerUtils (ServerUtils.java:getScmDbDir(148)) - ozone.scm.db.dirs is not configured. We recommend adding this setting. Falling back to ozone.metadata.dirs instead.
2020-05-27 19:31:58,000 [main] WARN  server.ServerUtils (ServerUtils.java:getScmDbDir(148)) - ozone.scm.db.dirs is not configured. We recommend adding this setting. Falling back to ozone.metadata.dirs instead.
2020-05-27 19:31:58,141 [main] WARN  db.DBStoreBuilder (DBStoreBuilder.java:createDBStoreBuilder(277)) - ozone.scm.db.dirs is not configured. We recommend adding this setting. Falling back to ozone.metadata.dirs instead.
2020-05-27 19:31:58,301 [main] INFO  net.NodeSchemaLoader (NodeSchemaLoader.java:loadSchemaFromFile(126)) - Loading file from sun.misc.CompoundEnumeration@13c3c1e1
2020-05-27 19:31:58,303 [main] INFO  net.NodeSchemaLoader (NodeSchemaLoader.java:loadSchema(172)) - Loading network topology layer schema file
2020-05-27 19:31:58,390 [main] INFO  node.SCMNodeManager (SCMNodeManager.java:<init>(116)) - Entering startup safe mode.
2020-05-27 19:31:58,465 [main] INFO  Configuration.deprecation (Configuration.java:logDeprecation(1395)) - hadoop.configured.node.mapping is deprecated. Instead, use net.topology.configured.node.mapping
2020-05-27 19:31:58,539 [main] INFO  algorithms.ContainerPlacementPolicyFactory (ContainerPlacementPolicyFactory.java:getPolicy(60)) - Create container placement policy of type org.apache.hadoop.hdds.scm.container.placement.algorithms.SCMContainerPlacementRandom
2020-05-27 19:31:58,584 [main] INFO  pipeline.SCMPipelineManager (SCMPipelineManager.java:initializePipelineState(158)) - No pipeline exists in current db
2020-05-27 19:31:58,682 [main] INFO  safemode.HealthyPipelineSafeModeRule (HealthyPipelineSafeModeRule.java:<init>(89)) - Total pipeline count is 0, healthy pipeline threshold count is 0
2020-05-27 19:31:58,687 [main] INFO  safemode.OneReplicaPipelineSafeModeRule (OneReplicaPipelineSafeModeRule.java:<init>(79)) - Total pipeline count is 0, pipeline's with at least one datanode reported threshold count is 0
2020-05-27 19:31:58,761 [RatisPipelineUtilsThread] ERROR pipeline.SCMPipelineManager (SCMPipelineManager.java:createPipeline(222)) - Failed to create pipeline of type RATIS and factor ONE. Exception: Cannot create pipeline of factor 1 using 0 nodes. Used 0 nodes. Healthy nodes 0
2020-05-27 19:31:59,119 [main] INFO  ipc.CallQueueManager (CallQueueManager.java:<init>(84)) - Using callQueue: class java.util.concurrent.LinkedBlockingQueue, queueCapacity: 2000, scheduler: class org.apache.hadoop.ipc.DefaultRpcScheduler, ipcBackoff: false.
2020-05-27 19:31:59,146 [Socket Reader #1 for port 0] INFO  ipc.Server (Server.java:run(1219)) - Starting Socket Reader #1 for port 0
2020-05-27 19:31:59,187 [Listener at 0.0.0.0/42781] INFO  ipc.CallQueueManager (CallQueueManager.java:<init>(84)) - Using callQueue: class java.util.concurrent.LinkedBlockingQueue, queueCapacity: 2000, scheduler: class org.apache.hadoop.ipc.DefaultRpcScheduler, ipcBackoff: false.
2020-05-27 19:31:59,188 [Socket Reader #1 for port 0] INFO  ipc.Server (Server.java:run(1219)) - Starting Socket Reader #1 for port 0
2020-05-27 19:31:59,201 [Listener at 0.0.0.0/41613] INFO  ipc.CallQueueManager (CallQueueManager.java:<init>(84)) - Using callQueue: class java.util.concurrent.LinkedBlockingQueue, queueCapacity: 2000, scheduler: class org.apache.hadoop.ipc.DefaultRpcScheduler, ipcBackoff: false.
2020-05-27 19:31:59,204 [Socket Reader #1 for port 0] INFO  ipc.Server (Server.java:run(1219)) - Starting Socket Reader #1 for port 0
2020-05-27 19:31:59,225 [Listener at 0.0.0.0/46763] INFO  http.BaseHttpServer (BaseHttpServer.java:newHttpServer2BuilderForOzone(205)) - Starting Web-server for scm at: http://0.0.0.0:0
2020-05-27 19:31:59,225 [Listener at 0.0.0.0/46763] INFO  http.BaseHttpServer (BaseHttpServer.java:<init>(106)) - Hadoop Security Enabled: false Ozone Security Enabled: false Ozone HTTP Security Enabled: false 
2020-05-27 19:31:59,252 [Listener at 0.0.0.0/46763] INFO  util.log (Log.java:initialized(169)) - Logging initialized @2489ms to org.eclipse.jetty.util.log.Slf4jLog
2020-05-27 19:31:59,401 [Listener at 0.0.0.0/46763] INFO  server.AuthenticationFilter (AuthenticationFilter.java:constructSecretProvider(240)) - Unable to initialize FileSignerSecretProvider, falling back to use random secrets.
2020-05-27 19:31:59,416 [Listener at 0.0.0.0/46763] WARN  http.HttpRequestLog (HttpRequestLog.java:getRequestLog(103)) - Jetty request log can only be enabled using Log4j
2020-05-27 19:31:59,423 [Listener at 0.0.0.0/46763] INFO  http.HttpServer2 (HttpServer2.java:addGlobalFilter(993)) - Added global filter 'safety' (class=org.apache.hadoop.hdds.server.http.HttpServer2$QuotingInputFilter)
2020-05-27 19:31:59,425 [Listener at 0.0.0.0/46763] INFO  http.HttpServer2 (HttpServer2.java:addFilter(969)) - Added filter authentication (class=org.apache.hadoop.security.authentication.server.AuthenticationFilter) to context scm
2020-05-27 19:31:59,426 [Listener at 0.0.0.0/46763] INFO  http.HttpServer2 (HttpServer2.java:addFilter(977)) - Added filter authentication (class=org.apache.hadoop.security.authentication.server.AuthenticationFilter) to context logs
2020-05-27 19:31:59,426 [Listener at 0.0.0.0/46763] INFO  http.HttpServer2 (HttpServer2.java:addFilter(977)) - Added filter authentication (class=org.apache.hadoop.security.authentication.server.AuthenticationFilter) to context static
2020-05-27 19:31:59,488 [Listener at 0.0.0.0/46763] INFO  server.StorageContainerManager (StorageContainerManager.java:start(781)) - StorageContainerLocationProtocol RPC server is listening at /0.0.0.0:46763
2020-05-27 19:31:59,550 [Listener at 0.0.0.0/46763] WARN  impl.MetricsConfig (MetricsConfig.java:loadFirst(134)) - Cannot locate configuration: tried hadoop-metrics2-storagecontainermanager.properties,hadoop-metrics2.properties
2020-05-27 19:31:59,564 [Listener at 0.0.0.0/46763] INFO  impl.MetricsSystemImpl (MetricsSystemImpl.java:startTimer(374)) - Scheduled Metric snapshot period at 10 second(s).
2020-05-27 19:31:59,564 [Listener at 0.0.0.0/46763] INFO  impl.MetricsSystemImpl (MetricsSystemImpl.java:start(191)) - StorageContainerManager metrics system started
2020-05-27 19:31:59,795 [Listener at 0.0.0.0/46763] INFO  server.SCMClientProtocolServer (SCMClientProtocolServer.java:start(157)) - RPC server for Client  is listening at /0.0.0.0:46763
2020-05-27 19:31:59,795 [IPC Server Responder] INFO  ipc.Server (Server.java:run(1460)) - IPC Server Responder: starting
2020-05-27 19:31:59,797 [IPC Server listener on 0] INFO  ipc.Server (Server.java:run(1298)) - IPC Server listener on 0: starting
2020-05-27 19:31:59,809 [Listener at 0.0.0.0/46763] INFO  server.StorageContainerManager (StorageContainerManager.java:start(793)) - ScmBlockLocationProtocol RPC server is listening at /0.0.0.0:41613
2020-05-27 19:31:59,809 [Listener at 0.0.0.0/46763] INFO  server.SCMBlockProtocolServer (SCMBlockProtocolServer.java:start(149)) - RPC server for Block Protocol is listening at /0.0.0.0:41613
2020-05-27 19:31:59,811 [IPC Server Responder] INFO  ipc.Server (Server.java:run(1460)) - IPC Server Responder: starting
2020-05-27 19:31:59,811 [IPC Server listener on 0] INFO  ipc.Server (Server.java:run(1298)) - IPC Server listener on 0: starting
2020-05-27 19:31:59,815 [Listener at 0.0.0.0/46763] INFO  server.StorageContainerManager (StorageContainerManager.java:start(799)) - ScmDatanodeProtocl RPC server is listening at /0.0.0.0:42781
2020-05-27 19:31:59,815 [Listener at 0.0.0.0/46763] INFO  server.SCMDatanodeProtocolServer (SCMDatanodeProtocolServer.java:start(172)) - RPC server for DataNodes is listening at /0.0.0.0:42781
2020-05-27 19:31:59,816 [IPC Server Responder] INFO  ipc.Server (Server.java:run(1460)) - IPC Server Responder: starting
2020-05-27 19:31:59,817 [IPC Server listener on 0] INFO  ipc.Server (Server.java:run(1298)) - IPC Server listener on 0: starting
2020-05-27 19:31:59,822 [Listener at 0.0.0.0/46763] INFO  http.HttpServer2 (HttpServer2.java:bindListener(1211)) - Jetty bound to port 36201
2020-05-27 19:31:59,823 [Listener at 0.0.0.0/46763] INFO  server.Server (Server.java:doStart(359)) - jetty-9.4.26.v20200117; built: 2020-01-17T12:35:33.676Z; git: 7b38981d25d14afb4a12ff1f2596756144edf695; jvm 1.8.0_232-b09
2020-05-27 19:31:59,854 [Listener at 0.0.0.0/46763] INFO  server.session (DefaultSessionIdManager.java:doStart(333)) - DefaultSessionIdManager workerName=node0
2020-05-27 19:31:59,855 [Listener at 0.0.0.0/46763] INFO  server.session (DefaultSessionIdManager.java:doStart(338)) - No SessionScavenger set, using defaults
2020-05-27 19:31:59,856 [Listener at 0.0.0.0/46763] INFO  server.session (HouseKeeper.java:startScavenging(140)) - node0 Scavenging every 600000ms
2020-05-27 19:31:59,872 [Listener at 0.0.0.0/46763] INFO  server.AuthenticationFilter (AuthenticationFilter.java:constructSecretProvider(240)) - Unable to initialize FileSignerSecretProvider, falling back to use random secrets.
2020-05-27 19:31:59,879 [Listener at 0.0.0.0/46763] INFO  handler.ContextHandler (ContextHandler.java:doStart(825)) - Started o.e.j.s.ServletContextHandler@29be997f{logs,/logs,file:///github/workspace/mnt/ozone/hadoop-ozone/integration-test/target/log,AVAILABLE}
2020-05-27 19:31:59,879 [Listener at 0.0.0.0/46763] INFO  handler.ContextHandler (ContextHandler.java:doStart(825)) - Started o.e.j.s.ServletContextHandler@23da79eb{static,/static,file:///github/workspace/mnt/ozone/hadoop-ozone/integration-test/target/test-classes/webapps/static,AVAILABLE}
2020-05-27 19:31:59,922 [Listener at 0.0.0.0/46763] INFO  handler.ContextHandler (ContextHandler.java:doStart(825)) - Started o.e.j.w.WebAppContext@184823ed{scm,/,file:///github/workspace/mnt/ozone/hadoop-ozone/integration-test/target/test-classes/webapps/scm/,AVAILABLE}{file:/github/workspace/mnt/ozone/hadoop-ozone/integration-test/target/test-classes/webapps/scm}
2020-05-27 19:31:59,931 [Listener at 0.0.0.0/46763] INFO  server.AbstractConnector (AbstractConnector.java:doStart(330)) - Started ServerConnector@40113163{HTTP/1.1,[http/1.1]}{0.0.0.0:36201}
2020-05-27 19:31:59,931 [Listener at 0.0.0.0/46763] INFO  server.Server (Server.java:doStart(399)) - Started @3169ms
2020-05-27 19:31:59,934 [Listener at 0.0.0.0/46763] INFO  impl.MetricsSinkAdapter (MetricsSinkAdapter.java:start(204)) - Sink prometheus started
2020-05-27 19:31:59,934 [Listener at 0.0.0.0/46763] INFO  impl.MetricsSystemImpl (MetricsSystemImpl.java:registerSink(301)) - Registered sink prometheus
2020-05-27 19:31:59,937 [Listener at 0.0.0.0/46763] INFO  http.BaseHttpServer (BaseHttpServer.java:updateConnectorAddress(325)) - HTTP server of scm listening at http://0.0.0.0:36201
2020-05-27 19:31:59,953 [Listener at 0.0.0.0/46763] WARN  server.ServerUtils (ServerUtils.java:getDBPath(225)) - ozone.om.db.dirs is not configured. We recommend adding this setting. Falling back to ozone.metadata.dirs instead.
2020-05-27 19:31:59,960 [org.apache.hadoop.util.JvmPauseMonitor$Monitor@62ade015] INFO  util.JvmPauseMonitor (JvmPauseMonitor.java:run(188)) - Starting JVM pause monitor
2020-05-27 19:32:00,063 [Listener at 0.0.0.0/46763] INFO  ha.OMHANodeDetails (OMHANodeDetails.java:loadOMHAConfig(104)) - ozone.om.internal.service.id is not defined, falling back to ozone.om.service.ids to find serviceID for OzoneManager if it is HA enabled cluster
2020-05-27 19:32:00,066 [Listener at 0.0.0.0/46763] INFO  ha.OMHANodeDetails (OMHANodeDetails.java:loadOMHAConfig(207)) - Configuration either no ozone.om.address set. Falling back to the default OM address /127.0.0.1:0
2020-05-27 19:32:00,067 [Listener at 0.0.0.0/46763] INFO  ha.OMHANodeDetails (OMHANodeDetails.java:getOMNodeDetails(237)) - OM Service ID is not set. Setting it to the default ID: omServiceIdDefault
2020-05-27 19:32:00,069 [Listener at 0.0.0.0/46763] WARN  server.ServerUtils (ServerUtils.java:getDBPath(225)) - ozone.om.db.dirs is not configured. We recommend adding this setting. Falling back to ozone.metadata.dirs instead.
2020-05-27 19:32:00,070 [Listener at 0.0.0.0/46763] WARN  server.ServerUtils (ServerUtils.java:getDBPath(225)) - ozone.om.db.dirs is not configured. We recommend adding this setting. Falling back to ozone.metadata.dirs instead.
2020-05-27 19:32:00,741 [Listener at 0.0.0.0/46763] WARN  server.ServerUtils (ServerUtils.java:getDBPath(225)) - ozone.om.db.dirs is not configured. We recommend adding this setting. Falling back to ozone.metadata.dirs instead.
2020-05-27 19:32:00,871 [Listener at 0.0.0.0/46763] INFO  ipc.CallQueueManager (CallQueueManager.java:<init>(84)) - Using callQueue: class java.util.concurrent.LinkedBlockingQueue, queueCapacity: 2000, scheduler: class org.apache.hadoop.ipc.DefaultRpcScheduler, ipcBackoff: false.
2020-05-27 19:32:00,876 [Socket Reader #1 for port 0] INFO  ipc.Server (Server.java:run(1219)) - Starting Socket Reader #1 for port 0
2020-05-27 19:32:00,901 [Listener at 127.0.0.1/45217] INFO  impl.MetricsSystemImpl (MetricsSystemImpl.java:init(158)) - OzoneManager metrics system started (again)
2020-05-27 19:32:00,902 [Listener at 127.0.0.1/45217] INFO  om.OzoneManager (OzoneManager.java:start(1097)) - OzoneManager RPC server is listening at localhost/127.0.0.1:45217
2020-05-27 19:32:00,923 [IPC Server Responder] INFO  ipc.Server (Server.java:run(1460)) - IPC Server Responder: starting
2020-05-27 19:32:00,924 [IPC Server listener on 0] INFO  ipc.Server (Server.java:run(1298)) - IPC Server listener on 0: starting
2020-05-27 19:32:00,940 [Listener at 127.0.0.1/45217] INFO  http.BaseHttpServer (BaseHttpServer.java:newHttpServer2BuilderForOzone(205)) - Starting Web-server for ozoneManager at: http://0.0.0.0:0
2020-05-27 19:32:00,940 [Listener at 127.0.0.1/45217] INFO  http.BaseHttpServer (BaseHttpServer.java:<init>(106)) - Hadoop Security Enabled: false Ozone Security Enabled: false Ozone HTTP Security Enabled: false 
2020-05-27 19:32:00,946 [Listener at 127.0.0.1/45217] INFO  server.AuthenticationFilter (AuthenticationFilter.java:constructSecretProvider(240)) - Unable to initialize FileSignerSecretProvider, falling back to use random secrets.
2020-05-27 19:32:00,946 [Listener at 127.0.0.1/45217] WARN  http.HttpRequestLog (HttpRequestLog.java:getRequestLog(103)) - Jetty request log can only be enabled using Log4j
2020-05-27 19:32:00,948 [Listener at 127.0.0.1/45217] INFO  http.HttpServer2 (HttpServer2.java:addGlobalFilter(993)) - Added global filter 'safety' (class=org.apache.hadoop.hdds.server.http.HttpServer2$QuotingInputFilter)
2020-05-27 19:32:00,949 [Listener at 127.0.0.1/45217] INFO  http.HttpServer2 (HttpServer2.java:addFilter(969)) - Added filter authentication (class=org.apache.hadoop.security.authentication.server.AuthenticationFilter) to context ozoneManager
2020-05-27 19:32:00,949 [Listener at 127.0.0.1/45217] INFO  http.HttpServer2 (HttpServer2.java:addFilter(977)) - Added filter authentication (class=org.apache.hadoop.security.authentication.server.AuthenticationFilter) to context logs
2020-05-27 19:32:00,949 [Listener at 127.0.0.1/45217] INFO  http.HttpServer2 (HttpServer2.java:addFilter(977)) - Added filter authentication (class=org.apache.hadoop.security.authentication.server.AuthenticationFilter) to context static
2020-05-27 19:32:00,953 [Listener at 127.0.0.1/45217] INFO  http.HttpServer2 (HttpServer2.java:bindListener(1211)) - Jetty bound to port 46115
2020-05-27 19:32:00,953 [Listener at 127.0.0.1/45217] INFO  server.Server (Server.java:doStart(359)) - jetty-9.4.26.v20200117; built: 2020-01-17T12:35:33.676Z; git: 7b38981d25d14afb4a12ff1f2596756144edf695; jvm 1.8.0_232-b09
2020-05-27 19:32:00,955 [Listener at 127.0.0.1/45217] INFO  server.session (DefaultSessionIdManager.java:doStart(333)) - DefaultSessionIdManager workerName=node0
2020-05-27 19:32:00,955 [Listener at 127.0.0.1/45217] INFO  server.session (DefaultSessionIdManager.java:doStart(338)) - No SessionScavenger set, using defaults
2020-05-27 19:32:00,956 [Listener at 127.0.0.1/45217] INFO  server.session (HouseKeeper.java:startScavenging(140)) - node0 Scavenging every 660000ms
2020-05-27 19:32:00,957 [Listener at 127.0.0.1/45217] INFO  server.AuthenticationFilter (AuthenticationFilter.java:constructSecretProvider(240)) - Unable to initialize FileSignerSecretProvider, falling back to use random secrets.
2020-05-27 19:32:00,957 [Listener at 127.0.0.1/45217] INFO  handler.ContextHandler (ContextHandler.java:doStart(825)) - Started o.e.j.s.ServletContextHandler@3ec62141{logs,/logs,file:///github/workspace/mnt/ozone/hadoop-ozone/integration-test/target/log,AVAILABLE}
2020-05-27 19:32:00,958 [Listener at 127.0.0.1/45217] INFO  handler.ContextHandler (ContextHandler.java:doStart(825)) - Started o.e.j.s.ServletContextHandler@7d43f1c9{static,/static,file:///github/workspace/mnt/ozone/hadoop-ozone/integration-test/target/test-classes/webapps/static,AVAILABLE}
2020-05-27 19:32:00,964 [Listener at 127.0.0.1/45217] INFO  handler.ContextHandler (ContextHandler.java:doStart(825)) - Started o.e.j.w.WebAppContext@1d6a22dd{ozoneManager,/,file:///github/workspace/mnt/ozone/hadoop-ozone/integration-test/target/test-classes/webapps/ozoneManager/,AVAILABLE}{file:/github/workspace/mnt/ozone/hadoop-ozone/integration-test/target/test-classes/webapps/ozoneManager}
2020-05-27 19:32:00,965 [Listener at 127.0.0.1/45217] INFO  server.AbstractConnector (AbstractConnector.java:doStart(330)) - Started ServerConnector@571c2ed8{HTTP/1.1,[http/1.1]}{0.0.0.0:46115}
2020-05-27 19:32:00,965 [Listener at 127.0.0.1/45217] INFO  server.Server (Server.java:doStart(399)) - Started @4202ms
2020-05-27 19:32:00,965 [Listener at 127.0.0.1/45217] WARN  impl.MetricsSystemImpl (MetricsSystemImpl.java:register(276)) - Sink prometheus already exists!
2020-05-27 19:32:00,968 [Listener at 127.0.0.1/45217] INFO  http.BaseHttpServer (BaseHttpServer.java:updateConnectorAddress(325)) - HTTP server of ozoneManager listening at http://0.0.0.0:46115
2020-05-27 19:32:00,976 [org.apache.hadoop.util.JvmPauseMonitor$Monitor@2ec156fb] INFO  util.JvmPauseMonitor (JvmPauseMonitor.java:run(188)) - Starting JVM pause monitor
2020-05-27 19:32:01,139 [Listener at 127.0.0.1/45217] INFO  metrics.MetricRegistries (MetricRegistriesLoader.java:load(64)) - Loaded MetricRegistries class org.apache.ratis.metrics.impl.MetricRegistriesImpl
2020-05-27 19:32:01,142 [Listener at 127.0.0.1/45217] INFO  impl.MetricsSystemImpl (MetricsSystemImpl.java:init(158)) - HddsDatanode metrics system started (again)
2020-05-27 19:32:01,147 [Listener at 127.0.0.1/45217] INFO  ozone.HddsDatanodeService (HddsDatanodeService.java:start(204)) - HddsDatanodeService host:97d0c8b5f382 ip:172.17.0.2
2020-05-27 19:32:01,198 [Listener at 127.0.0.1/45217] INFO  volume.HddsVolume (HddsVolume.java:<init>(176)) - Creating Volume: /github/workspace/mnt/ozone/hadoop-ozone/integration-test/target/test-dir/MiniOzoneClusterImpl-f0010636-4b6e-4820-a6ed-9dd9125fe66b/datanode-0/data-0/containers/hdds of storage type : DISK and capacity : 9223372036854775807
2020-05-27 19:32:01,200 [Listener at 127.0.0.1/45217] INFO  volume.MutableVolumeSet (MutableVolumeSet.java:initializeVolumeSet(181)) - Added Volume : /github/workspace/mnt/ozone/hadoop-ozone/integration-test/target/test-dir/MiniOzoneClusterImpl-f0010636-4b6e-4820-a6ed-9dd9125fe66b/datanode-0/data-0/containers/hdds to VolumeSet
2020-05-27 19:32:01,201 [Listener at 127.0.0.1/45217] INFO  volume.ThrottledAsyncChecker (ThrottledAsyncChecker.java:schedule(141)) - Scheduling a check for /github/workspace/mnt/ozone/hadoop-ozone/integration-test/target/test-dir/MiniOzoneClusterImpl-f0010636-4b6e-4820-a6ed-9dd9125fe66b/datanode-0/data-0/containers/hdds
2020-05-27 19:32:01,223 [Listener at 127.0.0.1/45217] INFO  volume.HddsVolumeChecker (HddsVolumeChecker.java:checkAllVolumes(200)) - Scheduled health check for volume /github/workspace/mnt/ozone/hadoop-ozone/integration-test/target/test-dir/MiniOzoneClusterImpl-f0010636-4b6e-4820-a6ed-9dd9125fe66b/datanode-0/data-0/containers/hdds
2020-05-27 19:32:01,388 [Listener at 127.0.0.1/45217] INFO  impl.RaftServerProxy (ConfUtils.java:logGet(44)) - raft.rpc.type = GRPC (default)
2020-05-27 19:32:01,456 [Listener at 127.0.0.1/45217] INFO  grpc.GrpcFactory (GrpcFactory.java:checkPooledByteBufAllocatorUseCacheForAllThreads(45)) - PERFORMANCE WARNING: useCacheForAllThreads is true that may cause Netty to create a lot garbage objects and, as a result, trigger GC.
	It is recommended to disable useCacheForAllThreads by setting -Dorg.apache.ratis.thirdparty.io.netty.allocator.useCacheForAllThreads=false in command line.
2020-05-27 19:32:01,461 [Listener at 127.0.0.1/45217] INFO  grpc.GrpcConfigKeys (ConfUtils.java:logGet(44)) - raft.grpc.server.port = 0 (default)
2020-05-27 19:32:01,463 [Listener at 127.0.0.1/45217] INFO  server.GrpcService (ConfUtils.java:logGet(44)) - raft.grpc.message.size.max = 32MB (=33554432) (custom)
2020-05-27 19:32:01,464 [Listener at 127.0.0.1/45217] INFO  server.RaftServerConfigKeys (ConfUtils.java:logGet(44)) - raft.server.log.appender.buffer.byte-limit = 33554432 (custom)
2020-05-27 19:32:01,465 [Listener at 127.0.0.1/45217] INFO  server.GrpcService (ConfUtils.java:logGet(44)) - raft.grpc.flow.control.window = 5MB (=5242880) (custom)
2020-05-27 19:32:01,466 [Listener at 127.0.0.1/45217] INFO  server.RaftServerConfigKeys (ConfUtils.java:logGet(44)) - raft.server.rpc.request.timeout = 3s (default)
2020-05-27 19:32:01,655 [Listener at 127.0.0.1/45217] INFO  server.RaftServerConfigKeys (ConfUtils.java:logGet(44)) - raft.server.storage.dir = [/github/workspace/mnt/ozone/hadoop-ozone/integration-test/target/test-dir/MiniOzoneClusterImpl-f0010636-4b6e-4820-a6ed-9dd9125fe66b/datanode-0/data/ratis] (custom)
2020-05-27 19:32:01,741 [Listener at 127.0.0.1/45217] INFO  http.BaseHttpServer (BaseHttpServer.java:newHttpServer2BuilderForOzone(205)) - Starting Web-server for hddsDatanode at: http://0.0.0.0:0
2020-05-27 19:32:01,741 [Listener at 127.0.0.1/45217] INFO  http.BaseHttpServer (BaseHttpServer.java:<init>(106)) - Hadoop Security Enabled: false Ozone Security Enabled: false Ozone HTTP Security Enabled: false 
2020-05-27 19:32:01,743 [Listener at 127.0.0.1/45217] INFO  server.AuthenticationFilter (AuthenticationFilter.java:constructSecretProvider(240)) - Unable to initialize FileSignerSecretProvider, falling back to use random secrets.
2020-05-27 19:32:01,743 [Listener at 127.0.0.1/45217] WARN  http.HttpRequestLog (HttpRequestLog.java:getRequestLog(103)) - Jetty request log can only be enabled using Log4j
2020-05-27 19:32:01,746 [Listener at 127.0.0.1/45217] INFO  http.HttpServer2 (HttpServer2.java:addGlobalFilter(993)) - Added global filter 'safety' (class=org.apache.hadoop.hdds.server.http.HttpServer2$QuotingInputFilter)
2020-05-27 19:32:01,747 [Listener at 127.0.0.1/45217] INFO  http.HttpServer2 (HttpServer2.java:addFilter(969)) - Added filter authentication (class=org.apache.hadoop.security.authentication.server.AuthenticationFilter) to context hddsDatanode
2020-05-27 19:32:01,747 [Listener at 127.0.0.1/45217] INFO  http.HttpServer2 (HttpServer2.java:addFilter(977)) - Added filter authentication (class=org.apache.hadoop.security.authentication.server.AuthenticationFilter) to context logs
2020-05-27 19:32:01,748 [Listener at 127.0.0.1/45217] INFO  http.HttpServer2 (HttpServer2.java:addFilter(977)) - Added filter authentication (class=org.apache.hadoop.security.authentication.server.AuthenticationFilter) to context static
2020-05-27 19:32:01,748 [Listener at 127.0.0.1/45217] INFO  http.HttpServer2 (HttpServer2.java:bindListener(1211)) - Jetty bound to port 45875
2020-05-27 19:32:01,748 [Listener at 127.0.0.1/45217] INFO  server.Server (Server.java:doStart(359)) - jetty-9.4.26.v20200117; built: 2020-01-17T12:35:33.676Z; git: 7b38981d25d14afb4a12ff1f2596756144edf695; jvm 1.8.0_232-b09
2020-05-27 19:32:01,756 [Listener at 127.0.0.1/45217] INFO  server.session (DefaultSessionIdManager.java:doStart(333)) - DefaultSessionIdManager workerName=node0
2020-05-27 19:32:01,757 [Listener at 127.0.0.1/45217] INFO  server.session (DefaultSessionIdManager.java:doStart(338)) - No SessionScavenger set, using defaults
2020-05-27 19:32:01,757 [Listener at 127.0.0.1/45217] INFO  server.session (HouseKeeper.java:startScavenging(140)) - node0 Scavenging every 600000ms
2020-05-27 19:32:01,758 [Listener at 127.0.0.1/45217] INFO  server.AuthenticationFilter (AuthenticationFilter.java:constructSecretProvider(240)) - Unable to initialize FileSignerSecretProvider, falling back to use random secrets.
2020-05-27 19:32:01,758 [Listener at 127.0.0.1/45217] INFO  handler.ContextHandler (ContextHandler.java:doStart(825)) - Started o.e.j.s.ServletContextHandler@139da216{logs,/logs,file:///github/workspace/mnt/ozone/hadoop-ozone/integration-test/target/log,AVAILABLE}
2020-05-27 19:32:01,759 [Listener at 127.0.0.1/45217] INFO  handler.ContextHandler (ContextHandler.java:doStart(825)) - Started o.e.j.s.ServletContextHandler@3ce067bd{static,/static,jar:file:/home/user/.m2/repository/org/apache/hadoop/hadoop-hdds-container-service/0.6.0-SNAPSHOT/hadoop-hdds-container-service-0.6.0-SNAPSHOT.jar!/webapps/static,AVAILABLE}
2020-05-27 19:32:01,801 [Listener at 127.0.0.1/45217] INFO  handler.ContextHandler (ContextHandler.java:doStart(825)) - Started o.e.j.w.WebAppContext@4f93303f{hddsDatanode,/,file:///tmp/jetty-0_0_0_0-45875-hadoop-hdds-container-service-0_6_0-SNAPSHOT_jar-_-any-2868735068232467776.dir/webapp/,AVAILABLE}{jar:file:/home/user/.m2/repository/org/apache/hadoop/hadoop-hdds-container-service/0.6.0-SNAPSHOT/hadoop-hdds-container-service-0.6.0-SNAPSHOT.jar!/webapps/hddsDatanode}
2020-05-27 19:32:01,803 [Listener at 127.0.0.1/45217] INFO  server.AbstractConnector (AbstractConnector.java:doStart(330)) - Started ServerConnector@7040d71{HTTP/1.1,[http/1.1]}{0.0.0.0:45875}
2020-05-27 19:32:01,803 [Listener at 127.0.0.1/45217] INFO  server.Server (Server.java:doStart(399)) - Started @5040ms
2020-05-27 19:32:01,803 [Listener at 127.0.0.1/45217] WARN  impl.MetricsSystemImpl (MetricsSystemImpl.java:register(276)) - Sink prometheus already exists!
2020-05-27 19:32:01,806 [Listener at 127.0.0.1/45217] INFO  http.BaseHttpServer (BaseHttpServer.java:updateConnectorAddress(325)) - HTTP server of hddsDatanode listening at http://0.0.0.0:45875
2020-05-27 19:32:01,812 [Listener at 127.0.0.1/45217] INFO  impl.MetricsSystemImpl (MetricsSystemImpl.java:init(158)) - HddsDatanode metrics system started (again)
2020-05-27 19:32:01,818 [Listener at 127.0.0.1/45217] INFO  ozone.HddsDatanodeService (HddsDatanodeService.java:start(204)) - HddsDatanodeService host:97d0c8b5f382 ip:172.17.0.2
2020-05-27 19:32:01,825 [Listener at 127.0.0.1/45217] INFO  volume.HddsVolume (HddsVolume.java:<init>(176)) - Creating Volume: /github/workspace/mnt/ozone/hadoop-ozone/integration-test/target/test-dir/MiniOzoneClusterImpl-f0010636-4b6e-4820-a6ed-9dd9125fe66b/datanode-1/data-0/containers/hdds of storage type : DISK and capacity : 9223372036854775807
2020-05-27 19:32:01,825 [Listener at 127.0.0.1/45217] INFO  volume.MutableVolumeSet (MutableVolumeSet.java:initializeVolumeSet(181)) - Added Volume : /github/workspace/mnt/ozone/hadoop-ozone/integration-test/target/test-dir/MiniOzoneClusterImpl-f0010636-4b6e-4820-a6ed-9dd9125fe66b/datanode-1/data-0/containers/hdds to VolumeSet
2020-05-27 19:32:01,851 [Listener at 127.0.0.1/45217] INFO  volume.ThrottledAsyncChecker (ThrottledAsyncChecker.java:schedule(141)) - Scheduling a check for /github/workspace/mnt/ozone/hadoop-ozone/integration-test/target/test-dir/MiniOzoneClusterImpl-f0010636-4b6e-4820-a6ed-9dd9125fe66b/datanode-1/data-0/containers/hdds
2020-05-27 19:32:01,857 [Listener at 127.0.0.1/45217] INFO  volume.HddsVolumeChecker (HddsVolumeChecker.java:checkAllVolumes(200)) - Scheduled health check for volume /github/workspace/mnt/ozone/hadoop-ozone/integration-test/target/test-dir/MiniOzoneClusterImpl-f0010636-4b6e-4820-a6ed-9dd9125fe66b/datanode-1/data-0/containers/hdds
2020-05-27 19:32:01,903 [Listener at 127.0.0.1/45217] INFO  impl.RaftServerProxy (ConfUtils.java:logGet(44)) - raft.rpc.type = GRPC (default)
2020-05-27 19:32:01,903 [Listener at 127.0.0.1/45217] INFO  grpc.GrpcFactory (GrpcFactory.java:checkPooledByteBufAllocatorUseCacheForAllThreads(45)) - PERFORMANCE WARNING: useCacheForAllThreads is true that may cause Netty to create a lot garbage objects and, as a result, trigger GC.
	It is recommended to disable useCacheForAllThreads by setting -Dorg.apache.ratis.thirdparty.io.netty.allocator.useCacheForAllThreads=false in command line.
2020-05-27 19:32:01,904 [Listener at 127.0.0.1/45217] INFO  grpc.GrpcConfigKeys (ConfUtils.java:logGet(44)) - raft.grpc.server.port = 0 (default)
2020-05-27 19:32:01,904 [Listener at 127.0.0.1/45217] INFO  server.GrpcService (ConfUtils.java:logGet(44)) - raft.grpc.message.size.max = 32MB (=33554432) (custom)
2020-05-27 19:32:01,904 [Listener at 127.0.0.1/45217] INFO  server.RaftServerConfigKeys (ConfUtils.java:logGet(44)) - raft.server.log.appender.buffer.byte-limit = 33554432 (custom)
2020-05-27 19:32:01,904 [Listener at 127.0.0.1/45217] INFO  server.GrpcService (ConfUtils.java:logGet(44)) - raft.grpc.flow.control.window = 5MB (=5242880) (custom)
2020-05-27 19:32:01,904 [Listener at 127.0.0.1/45217] INFO  server.RaftServerConfigKeys (ConfUtils.java:logGet(44)) - raft.server.rpc.request.timeout = 3s (default)
2020-05-27 19:32:01,909 [Listener at 127.0.0.1/45217] INFO  server.RaftServerConfigKeys (ConfUtils.java:logGet(44)) - raft.server.storage.dir = [/github/workspace/mnt/ozone/hadoop-ozone/integration-test/target/test-dir/MiniOzoneClusterImpl-f0010636-4b6e-4820-a6ed-9dd9125fe66b/datanode-1/data/ratis] (custom)
2020-05-27 19:32:01,912 [org.apache.hadoop.util.JvmPauseMonitor$Monitor@239556bb] INFO  util.JvmPauseMonitor (JvmPauseMonitor.java:run(188)) - Starting JVM pause monitor
2020-05-27 19:32:01,914 [Listener at 127.0.0.1/45217] INFO  http.BaseHttpServer (BaseHttpServer.java:newHttpServer2BuilderForOzone(205)) - Starting Web-server for hddsDatanode at: http://0.0.0.0:0
2020-05-27 19:32:01,914 [Listener at 127.0.0.1/45217] INFO  http.BaseHttpServer (BaseHttpServer.java:<init>(106)) - Hadoop Security Enabled: false Ozone Security Enabled: false Ozone HTTP Security Enabled: false 
2020-05-27 19:32:01,925 [Listener at 127.0.0.1/45217] INFO  server.AuthenticationFilter (AuthenticationFilter.java:constructSecretProvider(240)) - Unable to initialize FileSignerSecretProvider, falling back to use random secrets.
2020-05-27 19:32:01,932 [Listener at 127.0.0.1/45217] WARN  http.HttpRequestLog (HttpRequestLog.java:getRequestLog(103)) - Jetty request log can only be enabled using Log4j
2020-05-27 19:32:01,933 [Listener at 127.0.0.1/45217] INFO  http.HttpServer2 (HttpServer2.java:addGlobalFilter(993)) - Added global filter 'safety' (class=org.apache.hadoop.hdds.server.http.HttpServer2$QuotingInputFilter)
2020-05-27 19:32:01,934 [Listener at 127.0.0.1/45217] INFO  http.HttpServer2 (HttpServer2.java:addFilter(969)) - Added filter authentication (class=org.apache.hadoop.security.authentication.server.AuthenticationFilter) to context hddsDatanode
2020-05-27 19:32:01,934 [Listener at 127.0.0.1/45217] INFO  http.HttpServer2 (HttpServer2.java:addFilter(977)) - Added filter authentication (class=org.apache.hadoop.security.authentication.server.AuthenticationFilter) to context logs
2020-05-27 19:32:01,934 [Listener at 127.0.0.1/45217] INFO  http.HttpServer2 (HttpServer2.java:addFilter(977)) - Added filter authentication (class=org.apache.hadoop.security.authentication.server.AuthenticationFilter) to context static
2020-05-27 19:32:01,935 [Listener at 127.0.0.1/45217] INFO  http.HttpServer2 (HttpServer2.java:bindListener(1211)) - Jetty bound to port 41401
2020-05-27 19:32:01,935 [Listener at 127.0.0.1/45217] INFO  server.Server (Server.java:doStart(359)) - jetty-9.4.26.v20200117; built: 2020-01-17T12:35:33.676Z; git: 7b38981d25d14afb4a12ff1f2596756144edf695; jvm 1.8.0_232-b09
2020-05-27 19:32:01,986 [Listener at 127.0.0.1/45217] INFO  server.session (DefaultSessionIdManager.java:doStart(333)) - DefaultSessionIdManager workerName=node0
2020-05-27 19:32:01,986 [Listener at 127.0.0.1/45217] INFO  server.session (DefaultSessionIdManager.java:doStart(338)) - No SessionScavenger set, using defaults
2020-05-27 19:32:01,986 [Listener at 127.0.0.1/45217] INFO  server.session (HouseKeeper.java:startScavenging(140)) - node0 Scavenging every 660000ms
2020-05-27 19:32:01,997 [Listener at 127.0.0.1/45217] INFO  server.AuthenticationFilter (AuthenticationFilter.java:constructSecretProvider(240)) - Unable to initialize FileSignerSecretProvider, falling back to use random secrets.
2020-05-27 19:32:01,997 [Listener at 127.0.0.1/45217] INFO  handler.ContextHandler (ContextHandler.java:doStart(825)) - Started o.e.j.s.ServletContextHandler@3d00c2ae{logs,/logs,file:///github/workspace/mnt/ozone/hadoop-ozone/integration-test/target/log,AVAILABLE}
2020-05-27 19:32:01,998 [Listener at 127.0.0.1/45217] INFO  handler.ContextHandler (ContextHandler.java:doStart(825)) - Started o.e.j.s.ServletContextHandler@3eb7ff78{static,/static,jar:file:/home/user/.m2/repository/org/apache/hadoop/hadoop-hdds-container-service/0.6.0-SNAPSHOT/hadoop-hdds-container-service-0.6.0-SNAPSHOT.jar!/webapps/static,AVAILABLE}
2020-05-27 19:32:02,053 [Datanode State Machine Thread - 0] INFO  datanode.InitDatanodeState (InitDatanodeState.java:persistContainerDatanodeDetails(145)) - DatanodeDetails is persisted to /github/workspace/mnt/ozone/hadoop-ozone/integration-test/target/test-dir/MiniOzoneClusterImpl-f0010636-4b6e-4820-a6ed-9dd9125fe66b/datanode-0/meta/datanode.id
2020-05-27 19:32:02,053 [Listener at 127.0.0.1/45217] INFO  handler.ContextHandler (ContextHandler.java:doStart(825)) - Started o.e.j.w.WebAppContext@374712f8{hddsDatanode,/,file:///tmp/jetty-0_0_0_0-41401-hadoop-hdds-container-service-0_6_0-SNAPSHOT_jar-_-any-4547983971747015435.dir/webapp/,AVAILABLE}{jar:file:/home/user/.m2/repository/org/apache/hadoop/hadoop-hdds-container-service/0.6.0-SNAPSHOT/hadoop-hdds-container-service-0.6.0-SNAPSHOT.jar!/webapps/hddsDatanode}
2020-05-27 19:32:02,054 [Listener at 127.0.0.1/45217] INFO  server.AbstractConnector (AbstractConnector.java:doStart(330)) - Started ServerConnector@52ec5ba6{HTTP/1.1,[http/1.1]}{0.0.0.0:41401}
2020-05-27 19:32:02,055 [Listener at 127.0.0.1/45217] INFO  server.Server (Server.java:doStart(399)) - Started @5292ms
2020-05-27 19:32:02,055 [Listener at 127.0.0.1/45217] WARN  impl.MetricsSystemImpl (MetricsSystemImpl.java:register(276)) - Sink prometheus already exists!
2020-05-27 19:32:02,058 [Listener at 127.0.0.1/45217] INFO  http.BaseHttpServer (BaseHttpServer.java:updateConnectorAddress(325)) - HTTP server of hddsDatanode listening at http://0.0.0.0:41401
2020-05-27 19:32:02,060 [Listener at 127.0.0.1/45217] INFO  impl.MetricsSystemImpl (MetricsSystemImpl.java:init(158)) - HddsDatanode metrics system started (again)
2020-05-27 19:32:02,062 [Listener at 127.0.0.1/45217] INFO  ozone.HddsDatanodeService (HddsDatanodeService.java:start(204)) - HddsDatanodeService host:97d0c8b5f382 ip:172.17.0.2
2020-05-27 19:32:02,065 [Listener at 127.0.0.1/45217] INFO  volume.HddsVolume (HddsVolume.java:<init>(176)) - Creating Volume: /github/workspace/mnt/ozone/hadoop-ozone/integration-test/target/test-dir/MiniOzoneClusterImpl-f0010636-4b6e-4820-a6ed-9dd9125fe66b/datanode-2/data-0/containers/hdds of storage type : DISK and capacity : 9223372036854775807
2020-05-27 19:32:02,065 [Listener at 127.0.0.1/45217] INFO  volume.MutableVolumeSet (MutableVolumeSet.java:initializeVolumeSet(181)) - Added Volume : /github/workspace/mnt/ozone/hadoop-ozone/integration-test/target/test-dir/MiniOzoneClusterImpl-f0010636-4b6e-4820-a6ed-9dd9125fe66b/datanode-2/data-0/containers/hdds to VolumeSet
2020-05-27 19:32:02,065 [Listener at 127.0.0.1/45217] INFO  volume.ThrottledAsyncChecker (ThrottledAsyncChecker.java:schedule(141)) - Scheduling a check for /github/workspace/mnt/ozone/hadoop-ozone/integration-test/target/test-dir/MiniOzoneClusterImpl-f0010636-4b6e-4820-a6ed-9dd9125fe66b/datanode-2/data-0/containers/hdds
2020-05-27 19:32:02,066 [Listener at 127.0.0.1/45217] INFO  volume.HddsVolumeChecker (HddsVolumeChecker.java:checkAllVolumes(200)) - Scheduled health check for volume /github/workspace/mnt/ozone/hadoop-ozone/integration-test/target/test-dir/MiniOzoneClusterImpl-f0010636-4b6e-4820-a6ed-9dd9125fe66b/datanode-2/data-0/containers/hdds
2020-05-27 19:32:02,091 [Listener at 127.0.0.1/45217] INFO  impl.RaftServerProxy (ConfUtils.java:logGet(44)) - raft.rpc.type = GRPC (default)
2020-05-27 19:32:02,091 [Listener at 127.0.0.1/45217] INFO  grpc.GrpcFactory (GrpcFactory.java:checkPooledByteBufAllocatorUseCacheForAllThreads(45)) - PERFORMANCE WARNING: useCacheForAllThreads is true that may cause Netty to create a lot garbage objects and, as a result, trigger GC.
	It is recommended to disable useCacheForAllThreads by setting -Dorg.apache.ratis.thirdparty.io.netty.allocator.useCacheForAllThreads=false in command line.
2020-05-27 19:32:02,092 [Listener at 127.0.0.1/45217] INFO  grpc.GrpcConfigKeys (ConfUtils.java:logGet(44)) - raft.grpc.server.port = 0 (default)
2020-05-27 19:32:02,092 [Listener at 127.0.0.1/45217] INFO  server.GrpcService (ConfUtils.java:logGet(44)) - raft.grpc.message.size.max = 32MB (=33554432) (custom)
2020-05-27 19:32:02,092 [Listener at 127.0.0.1/45217] INFO  server.RaftServerConfigKeys (ConfUtils.java:logGet(44)) - raft.server.log.appender.buffer.byte-limit = 33554432 (custom)
2020-05-27 19:32:02,092 [Listener at 127.0.0.1/45217] INFO  server.GrpcService (ConfUtils.java:logGet(44)) - raft.grpc.flow.control.window = 5MB (=5242880) (custom)
2020-05-27 19:32:02,093 [Listener at 127.0.0.1/45217] INFO  server.RaftServerConfigKeys (ConfUtils.java:logGet(44)) - raft.server.rpc.request.timeout = 3s (default)
2020-05-27 19:32:02,094 [Listener at 127.0.0.1/45217] INFO  server.RaftServerConfigKeys (ConfUtils.java:logGet(44)) - raft.server.storage.dir = [/github/workspace/mnt/ozone/hadoop-ozone/integration-test/target/test-dir/MiniOzoneClusterImpl-f0010636-4b6e-4820-a6ed-9dd9125fe66b/datanode-2/data/ratis] (custom)
2020-05-27 19:32:02,097 [org.apache.hadoop.util.JvmPauseMonitor$Monitor@5dd7ff4f] INFO  util.JvmPauseMonitor (JvmPauseMonitor.java:run(188)) - Starting JVM pause monitor
2020-05-27 19:32:02,105 [Listener at 127.0.0.1/45217] INFO  http.BaseHttpServer (BaseHttpServer.java:newHttpServer2BuilderForOzone(205)) - Starting Web-server for hddsDatanode at: http://0.0.0.0:0
2020-05-27 19:32:02,105 [Listener at 127.0.0.1/45217] INFO  http.BaseHttpServer (BaseHttpServer.java:<init>(106)) - Hadoop Security Enabled: false Ozone Security Enabled: false Ozone HTTP Security Enabled: false 
2020-05-27 19:32:02,107 [Listener at 127.0.0.1/45217] INFO  server.AuthenticationFilter (AuthenticationFilter.java:constructSecretProvider(240)) - Unable to initialize FileSignerSecretProvider, falling back to use random secrets.
2020-05-27 19:32:02,108 [Listener at 127.0.0.1/45217] WARN  http.HttpRequestLog (HttpRequestLog.java:getRequestLog(103)) - Jetty request log can only be enabled using Log4j
2020-05-27 19:32:02,112 [Listener at 127.0.0.1/45217] INFO  http.HttpServer2 (HttpServer2.java:addGlobalFilter(993)) - Added global filter 'safety' (class=org.apache.hadoop.hdds.server.http.HttpServer2$QuotingInputFilter)
2020-05-27 19:32:02,110 [Datanode State Machine Thread - 0] INFO  datanode.InitDatanodeState (InitDatanodeState.java:persistContainerDatanodeDetails(145)) - DatanodeDetails is persisted to /github/workspace/mnt/ozone/hadoop-ozone/integration-test/target/test-dir/MiniOzoneClusterImpl-f0010636-4b6e-4820-a6ed-9dd9125fe66b/datanode-1/meta/datanode.id
2020-05-27 19:32:02,114 [Listener at 127.0.0.1/45217] INFO  http.HttpServer2 (HttpServer2.java:addFilter(969)) - Added filter authentication (class=org.apache.hadoop.security.authentication.server.AuthenticationFilter) to context hddsDatanode
2020-05-27 19:32:02,115 [Listener at 127.0.0.1/45217] INFO  http.HttpServer2 (HttpServer2.java:addFilter(977)) - Added filter authentication (class=org.apache.hadoop.security.authentication.server.AuthenticationFilter) to context logs
2020-05-27 19:32:02,115 [Listener at 127.0.0.1/45217] INFO  http.HttpServer2 (HttpServer2.java:addFilter(977)) - Added filter authentication (class=org.apache.hadoop.security.authentication.server.AuthenticationFilter) to context static
2020-05-27 19:32:02,116 [Listener at 127.0.0.1/45217] INFO  http.HttpServer2 (HttpServer2.java:bindListener(1211)) - Jetty bound to port 36171
2020-05-27 19:32:02,116 [Listener at 127.0.0.1/45217] INFO  server.Server (Server.java:doStart(359)) - jetty-9.4.26.v20200117; built: 2020-01-17T12:35:33.676Z; git: 7b38981d25d14afb4a12ff1f2596756144edf695; jvm 1.8.0_232-b09
2020-05-27 19:32:02,123 [Listener at 127.0.0.1/45217] INFO  server.session (DefaultSessionIdManager.java:doStart(333)) - DefaultSessionIdManager workerName=node0
2020-05-27 19:32:02,124 [Listener at 127.0.0.1/45217] INFO  server.session (DefaultSessionIdManager.java:doStart(338)) - No SessionScavenger set, using defaults
2020-05-27 19:32:02,124 [Listener at 127.0.0.1/45217] INFO  server.session (HouseKeeper.java:startScavenging(140)) - node0 Scavenging every 660000ms
2020-05-27 19:32:02,125 [Listener at 127.0.0.1/45217] INFO  server.AuthenticationFilter (AuthenticationFilter.java:constructSecretProvider(240)) - Unable to initialize FileSignerSecretProvider, falling back to use random secrets.
2020-05-27 19:32:02,126 [Listener at 127.0.0.1/45217] INFO  handler.ContextHandler (ContextHandler.java:doStart(825)) - Started o.e.j.s.ServletContextHandler@6a495d88{logs,/logs,file:///github/workspace/mnt/ozone/hadoop-ozone/integration-test/target/log,AVAILABLE}
2020-05-27 19:32:02,126 [Listener at 127.0.0.1/45217] INFO  handler.ContextHandler (ContextHandler.java:doStart(825)) - Started o.e.j.s.ServletContextHandler@51f31fad{static,/static,jar:file:/home/user/.m2/repository/org/apache/hadoop/hadoop-hdds-container-service/0.6.0-SNAPSHOT/hadoop-hdds-container-service-0.6.0-SNAPSHOT.jar!/webapps/static,AVAILABLE}
2020-05-27 19:32:02,154 [Listener at 127.0.0.1/45217] INFO  handler.ContextHandler (ContextHandler.java:doStart(825)) - Started o.e.j.w.WebAppContext@1c10eb3a{hddsDatanode,/,file:///tmp/jetty-0_0_0_0-36171-hadoop-hdds-container-service-0_6_0-SNAPSHOT_jar-_-any-4383642319949154497.dir/webapp/,AVAILABLE}{jar:file:/home/user/.m2/repository/org/apache/hadoop/hadoop-hdds-container-service/0.6.0-SNAPSHOT/hadoop-hdds-container-service-0.6.0-SNAPSHOT.jar!/webapps/hddsDatanode}
2020-05-27 19:32:02,155 [Listener at 127.0.0.1/45217] INFO  server.AbstractConnector (AbstractConnector.java:doStart(330)) - Started ServerConnector@b9c8678{HTTP/1.1,[http/1.1]}{0.0.0.0:36171}
2020-05-27 19:32:02,156 [Listener at 127.0.0.1/45217] INFO  server.Server (Server.java:doStart(399)) - Started @5393ms
2020-05-27 19:32:02,156 [Listener at 127.0.0.1/45217] WARN  impl.MetricsSystemImpl (MetricsSystemImpl.java:register(276)) - Sink prometheus already exists!
2020-05-27 19:32:02,160 [Listener at 127.0.0.1/45217] INFO  http.BaseHttpServer (BaseHttpServer.java:updateConnectorAddress(325)) - HTTP server of hddsDatanode listening at http://0.0.0.0:36171
2020-05-27 19:32:02,161 [Listener at 127.0.0.1/45217] INFO  impl.MetricsSystemImpl (MetricsSystemImpl.java:init(158)) - HddsDatanode metrics system started (again)
2020-05-27 19:32:02,164 [Listener at 127.0.0.1/45217] INFO  ozone.HddsDatanodeService (HddsDatanodeService.java:start(204)) - HddsDatanodeService host:97d0c8b5f382 ip:172.17.0.2
2020-05-27 19:32:02,165 [org.apache.hadoop.util.JvmPauseMonitor$Monitor@c15318c] INFO  util.JvmPauseMonitor (JvmPauseMonitor.java:run(188)) - Starting JVM pause monitor
2020-05-27 19:32:02,166 [Listener at 127.0.0.1/45217] INFO  volume.HddsVolume (HddsVolume.java:<init>(176)) - Creating Volume: /github/workspace/mnt/ozone/hadoop-ozone/integration-test/target/test-dir/MiniOzoneClusterImpl-f0010636-4b6e-4820-a6ed-9dd9125fe66b/datanode-3/data-0/containers/hdds of storage type : DISK and capacity : 9223372036854775807
2020-05-27 19:32:02,166 [Datanode State Machine Thread - 0] INFO  datanode.InitDatanodeState (InitDatanodeState.java:persistContainerDatanodeDetails(145)) - DatanodeDetails is persisted to /github/workspace/mnt/ozone/hadoop-ozone/integration-test/target/test-dir/MiniOzoneClusterImpl-f0010636-4b6e-4820-a6ed-9dd9125fe66b/datanode-2/meta/datanode.id
2020-05-27 19:32:02,167 [Listener at 127.0.0.1/45217] INFO  volume.MutableVolumeSet (MutableVolumeSet.java:initializeVolumeSet(181)) - Added Volume : /github/workspace/mnt/ozone/hadoop-ozone/integration-test/target/test-dir/MiniOzoneClusterImpl-f0010636-4b6e-4820-a6ed-9dd9125fe66b/datanode-3/data-0/containers/hdds to VolumeSet
2020-05-27 19:32:02,167 [Listener at 127.0.0.1/45217] INFO  volume.ThrottledAsyncChecker (ThrottledAsyncChecker.java:schedule(141)) - Scheduling a check for /github/workspace/mnt/ozone/hadoop-ozone/integration-test/target/test-dir/MiniOzoneClusterImpl-f0010636-4b6e-4820-a6ed-9dd9125fe66b/datanode-3/data-0/containers/hdds
2020-05-27 19:32:02,168 [Listener at 127.0.0.1/45217] INFO  volume.HddsVolumeChecker (HddsVolumeChecker.java:checkAllVolumes(200)) - Scheduled health check for volume /github/workspace/mnt/ozone/hadoop-ozone/integration-test/target/test-dir/MiniOzoneClusterImpl-f0010636-4b6e-4820-a6ed-9dd9125fe66b/datanode-3/data-0/containers/hdds
2020-05-27 19:32:02,189 [Listener at 127.0.0.1/45217] INFO  impl.RaftServerProxy (ConfUtils.java:logGet(44)) - raft.rpc.type = GRPC (default)
2020-05-27 19:32:02,190 [Listener at 127.0.0.1/45217] INFO  grpc.GrpcFactory (GrpcFactory.java:checkPooledByteBufAllocatorUseCacheForAllThreads(45)) - PERFORMANCE WARNING: useCacheForAllThreads is true that may cause Netty to create a lot garbage objects and, as a result, trigger GC.
	It is recommended to disable useCacheForAllThreads by setting -Dorg.apache.ratis.thirdparty.io.netty.allocator.useCacheForAllThreads=false in command line.
2020-05-27 19:32:02,190 [Listener at 127.0.0.1/45217] INFO  grpc.GrpcConfigKeys (ConfUtils.java:logGet(44)) - raft.grpc.server.port = 0 (default)
2020-05-27 19:32:02,190 [Listener at 127.0.0.1/45217] INFO  server.GrpcService (ConfUtils.java:logGet(44)) - raft.grpc.message.size.max = 32MB (=33554432) (custom)
2020-05-27 19:32:02,190 [Listener at 127.0.0.1/45217] INFO  server.RaftServerConfigKeys (ConfUtils.java:logGet(44)) - raft.server.log.appender.buffer.byte-limit = 33554432 (custom)
2020-05-27 19:32:02,190 [Listener at 127.0.0.1/45217] INFO  server.GrpcService (ConfUtils.java:logGet(44)) - raft.grpc.flow.control.window = 5MB (=5242880) (custom)
2020-05-27 19:32:02,191 [Listener at 127.0.0.1/45217] INFO  server.RaftServerConfigKeys (ConfUtils.java:logGet(44)) - raft.server.rpc.request.timeout = 3s (default)
2020-05-27 19:32:02,192 [Listener at 127.0.0.1/45217] INFO  server.RaftServerConfigKeys (ConfUtils.java:logGet(44)) - raft.server.storage.dir = [/github/workspace/mnt/ozone/hadoop-ozone/integration-test/target/test-dir/MiniOzoneClusterImpl-f0010636-4b6e-4820-a6ed-9dd9125fe66b/datanode-3/data/ratis] (custom)
2020-05-27 19:32:02,197 [Listener at 127.0.0.1/45217] INFO  http.BaseHttpServer (BaseHttpServer.java:newHttpServer2BuilderForOzone(205)) - Starting Web-server for hddsDatanode at: http://0.0.0.0:0
2020-05-27 19:32:02,197 [Listener at 127.0.0.1/45217] INFO  http.BaseHttpServer (BaseHttpServer.java:<init>(106)) - Hadoop Security Enabled: false Ozone Security Enabled: false Ozone HTTP Security Enabled: false 
2020-05-27 19:32:02,199 [Listener at 127.0.0.1/45217] INFO  server.AuthenticationFilter (AuthenticationFilter.java:constructSecretProvider(240)) - Unable to initialize FileSignerSecretProvider, falling back to use random secrets.
2020-05-27 19:32:02,200 [Listener at 127.0.0.1/45217] WARN  http.HttpRequestLog (HttpRequestLog.java:getRequestLog(103)) - Jetty request log can only be enabled using Log4j
2020-05-27 19:32:02,201 [Listener at 127.0.0.1/45217] INFO  http.HttpServer2 (HttpServer2.java:addGlobalFilter(993)) - Added global filter 'safety' (class=org.apache.hadoop.hdds.server.http.HttpServer2$QuotingInputFilter)
2020-05-27 19:32:02,202 [Listener at 127.0.0.1/45217] INFO  http.HttpServer2 (HttpServer2.java:addFilter(969)) - Added filter authentication (class=org.apache.hadoop.security.authentication.server.AuthenticationFilter) to context hddsDatanode
2020-05-27 19:32:02,202 [Listener at 127.0.0.1/45217] INFO  http.HttpServer2 (HttpServer2.java:addFilter(977)) - Added filter authentication (class=org.apache.hadoop.security.authentication.server.AuthenticationFilter) to context logs
2020-05-27 19:32:02,202 [Listener at 127.0.0.1/45217] INFO  http.HttpServer2 (HttpServer2.java:addFilter(977)) - Added filter authentication (class=org.apache.hadoop.security.authentication.server.AuthenticationFilter) to context static
2020-05-27 19:32:02,203 [Listener at 127.0.0.1/45217] INFO  http.HttpServer2 (HttpServer2.java:bindListener(1211)) - Jetty bound to port 32841
2020-05-27 19:32:02,203 [Listener at 127.0.0.1/45217] INFO  server.Server (Server.java:doStart(359)) - jetty-9.4.26.v20200117; built: 2020-01-17T12:35:33.676Z; git: 7b38981d25d14afb4a12ff1f2596756144edf695; jvm 1.8.0_232-b09
2020-05-27 19:32:02,205 [Listener at 127.0.0.1/45217] INFO  server.session (DefaultSessionIdManager.java:doStart(333)) - DefaultSessionIdManager workerName=node0
2020-05-27 19:32:02,205 [Listener at 127.0.0.1/45217] INFO  server.session (DefaultSessionIdManager.java:doStart(338)) - No SessionScavenger set, using defaults
2020-05-27 19:32:02,206 [Listener at 127.0.0.1/45217] INFO  server.session (HouseKeeper.java:startScavenging(140)) - node0 Scavenging every 660000ms
2020-05-27 19:32:02,207 [Listener at 127.0.0.1/45217] INFO  server.AuthenticationFilter (AuthenticationFilter.java:constructSecretProvider(240)) - Unable to initialize FileSignerSecretProvider, falling back to use random secrets.
2020-05-27 19:32:02,207 [Listener at 127.0.0.1/45217] INFO  handler.ContextHandler (ContextHandler.java:doStart(825)) - Started o.e.j.s.ServletContextHandler@6c289070{logs,/logs,file:///github/workspace/mnt/ozone/hadoop-ozone/integration-test/target/log,AVAILABLE}
2020-05-27 19:32:02,208 [Listener at 127.0.0.1/45217] INFO  handler.ContextHandler (ContextHandler.java:doStart(825)) - Started o.e.j.s.ServletContextHandler@2e41e0c{static,/static,jar:file:/home/user/.m2/repository/org/apache/hadoop/hadoop-hdds-container-service/0.6.0-SNAPSHOT/hadoop-hdds-container-service-0.6.0-SNAPSHOT.jar!/webapps/static,AVAILABLE}
2020-05-27 19:32:02,239 [Listener at 127.0.0.1/45217] INFO  handler.ContextHandler (ContextHandler.java:doStart(825)) - Started o.e.j.w.WebAppContext@538fb761{hddsDatanode,/,file:///tmp/jetty-0_0_0_0-32841-hadoop-hdds-container-service-0_6_0-SNAPSHOT_jar-_-any-8501478112486085379.dir/webapp/,AVAILABLE}{jar:file:/home/user/.m2/repository/org/apache/hadoop/hadoop-hdds-container-service/0.6.0-SNAPSHOT/hadoop-hdds-container-service-0.6.0-SNAPSHOT.jar!/webapps/hddsDatanode}
2020-05-27 19:32:02,243 [Listener at 127.0.0.1/45217] INFO  server.AbstractConnector (AbstractConnector.java:doStart(330)) - Started ServerConnector@54dc163a{HTTP/1.1,[http/1.1]}{0.0.0.0:32841}
2020-05-27 19:32:02,246 [Listener at 127.0.0.1/45217] INFO  server.Server (Server.java:doStart(399)) - Started @5483ms
2020-05-27 19:32:02,246 [Listener at 127.0.0.1/45217] WARN  impl.MetricsSystemImpl (MetricsSystemImpl.java:register(276)) - Sink prometheus already exists!
2020-05-27 19:32:02,249 [Listener at 127.0.0.1/45217] INFO  http.BaseHttpServer (BaseHttpServer.java:updateConnectorAddress(325)) - HTTP server of hddsDatanode listening at http://0.0.0.0:32841
2020-05-27 19:32:02,250 [Listener at 127.0.0.1/45217] INFO  impl.MetricsSystemImpl (MetricsSystemImpl.java:init(158)) - HddsDatanode metrics system started (again)
2020-05-27 19:32:02,251 [Listener at 127.0.0.1/45217] INFO  ozone.HddsDatanodeService (HddsDatanodeService.java:start(204)) - HddsDatanodeService host:97d0c8b5f382 ip:172.17.0.2
2020-05-27 19:32:02,263 [org.apache.hadoop.util.JvmPauseMonitor$Monitor@1e192f5c] INFO  util.JvmPauseMonitor (JvmPauseMonitor.java:run(188)) - Starting JVM pause monitor
2020-05-27 19:32:02,268 [Datanode State Machine Thread - 0] INFO  datanode.InitDatanodeState (InitDatanodeState.java:persistContainerDatanodeDetails(145)) - DatanodeDetails is persisted to /github/workspace/mnt/ozone/hadoop-ozone/integration-test/target/test-dir/MiniOzoneClusterImpl-f0010636-4b6e-4820-a6ed-9dd9125fe66b/datanode-3/meta/datanode.id
2020-05-27 19:32:02,266 [Listener at 127.0.0.1/45217] INFO  volume.HddsVolume (HddsVolume.java:<init>(176)) - Creating Volume: /github/workspace/mnt/ozone/hadoop-ozone/integration-test/target/test-dir/MiniOzoneClusterImpl-f0010636-4b6e-4820-a6ed-9dd9125fe66b/datanode-4/data-0/containers/hdds of storage type : DISK and capacity : 9223372036854775807
2020-05-27 19:32:02,268 [Listener at 127.0.0.1/45217] INFO  volume.MutableVolumeSet (MutableVolumeSet.java:initializeVolumeSet(181)) - Added Volume : /github/workspace/mnt/ozone/hadoop-ozone/integration-test/target/test-dir/MiniOzoneClusterImpl-f0010636-4b6e-4820-a6ed-9dd9125fe66b/datanode-4/data-0/containers/hdds to VolumeSet
2020-05-27 19:32:02,268 [Listener at 127.0.0.1/45217] INFO  volume.ThrottledAsyncChecker (ThrottledAsyncChecker.java:schedule(141)) - Scheduling a check for /github/workspace/mnt/ozone/hadoop-ozone/integration-test/target/test-dir/MiniOzoneClusterImpl-f0010636-4b6e-4820-a6ed-9dd9125fe66b/datanode-4/data-0/containers/hdds
2020-05-27 19:32:02,269 [Listener at 127.0.0.1/45217] INFO  volume.HddsVolumeChecker (HddsVolumeChecker.java:checkAllVolumes(200)) - Scheduled health check for volume /github/workspace/mnt/ozone/hadoop-ozone/integration-test/target/test-dir/MiniOzoneClusterImpl-f0010636-4b6e-4820-a6ed-9dd9125fe66b/datanode-4/data-0/containers/hdds
2020-05-27 19:32:02,290 [Listener at 127.0.0.1/45217] INFO  impl.RaftServerProxy (ConfUtils.java:logGet(44)) - raft.rpc.type = GRPC (default)
2020-05-27 19:32:02,291 [Listener at 127.0.0.1/45217] INFO  grpc.GrpcFactory (GrpcFactory.java:checkPooledByteBufAllocatorUseCacheForAllThreads(45)) - PERFORMANCE WARNING: useCacheForAllThreads is true that may cause Netty to create a lot garbage objects and, as a result, trigger GC.
	It is recommended to disable useCacheForAllThreads by setting -Dorg.apache.ratis.thirdparty.io.netty.allocator.useCacheForAllThreads=false in command line.
2020-05-27 19:32:02,291 [Listener at 127.0.0.1/45217] INFO  grpc.GrpcConfigKeys (ConfUtils.java:logGet(44)) - raft.grpc.server.port = 0 (default)
2020-05-27 19:32:02,291 [Listener at 127.0.0.1/45217] INFO  server.GrpcService (ConfUtils.java:logGet(44)) - raft.grpc.message.size.max = 32MB (=33554432) (custom)
2020-05-27 19:32:02,292 [Listener at 127.0.0.1/45217] INFO  server.RaftServerConfigKeys (ConfUtils.java:logGet(44)) - raft.server.log.appender.buffer.byte-limit = 33554432 (custom)
2020-05-27 19:32:02,292 [Listener at 127.0.0.1/45217] INFO  server.GrpcService (ConfUtils.java:logGet(44)) - raft.grpc.flow.control.window = 5MB (=5242880) (custom)
2020-05-27 19:32:02,292 [Listener at 127.0.0.1/45217] INFO  server.RaftServerConfigKeys (ConfUtils.java:logGet(44)) - raft.server.rpc.request.timeout = 3s (default)
2020-05-27 19:32:02,293 [Listener at 127.0.0.1/45217] INFO  server.RaftServerConfigKeys (ConfUtils.java:logGet(44)) - raft.server.storage.dir = [/github/workspace/mnt/ozone/hadoop-ozone/integration-test/target/test-dir/MiniOzoneClusterImpl-f0010636-4b6e-4820-a6ed-9dd9125fe66b/datanode-4/data/ratis] (custom)
2020-05-27 19:32:02,298 [Listener at 127.0.0.1/45217] INFO  http.BaseHttpServer (BaseHttpServer.java:newHttpServer2BuilderForOzone(205)) - Starting Web-server for hddsDatanode at: http://0.0.0.0:0
2020-05-27 19:32:02,299 [Listener at 127.0.0.1/45217] INFO  http.BaseHttpServer (BaseHttpServer.java:<init>(106)) - Hadoop Security Enabled: false Ozone Security Enabled: false Ozone HTTP Security Enabled: false 
2020-05-27 19:32:02,300 [Listener at 127.0.0.1/45217] INFO  server.AuthenticationFilter (AuthenticationFilter.java:constructSecretProvider(240)) - Unable to initialize FileSignerSecretProvider, falling back to use random secrets.
2020-05-27 19:32:02,301 [Listener at 127.0.0.1/45217] WARN  http.HttpRequestLog (HttpRequestLog.java:getRequestLog(103)) - Jetty request log can only be enabled using Log4j
2020-05-27 19:32:02,302 [Listener at 127.0.0.1/45217] INFO  http.HttpServer2 (HttpServer2.java:addGlobalFilter(993)) - Added global filter 'safety' (class=org.apache.hadoop.hdds.server.http.HttpServer2$QuotingInputFilter)
2020-05-27 19:32:02,303 [Listener at 127.0.0.1/45217] INFO  http.HttpServer2 (HttpServer2.java:addFilter(969)) - Added filter authentication (class=org.apache.hadoop.security.authentication.server.AuthenticationFilter) to context hddsDatanode
2020-05-27 19:32:02,303 [Listener at 127.0.0.1/45217] INFO  http.HttpServer2 (HttpServer2.java:addFilter(977)) - Added filter authentication (class=org.apache.hadoop.security.authentication.server.AuthenticationFilter) to context static
2020-05-27 19:32:02,303 [Listener at 127.0.0.1/45217] INFO  http.HttpServer2 (HttpServer2.java:addFilter(977)) - Added filter authentication (class=org.apache.hadoop.security.authentication.server.AuthenticationFilter) to context logs
2020-05-27 19:32:02,303 [Listener at 127.0.0.1/45217] INFO  http.HttpServer2 (HttpServer2.java:bindListener(1211)) - Jetty bound to port 38431
2020-05-27 19:32:02,303 [Listener at 127.0.0.1/45217] INFO  server.Server (Server.java:doStart(359)) - jetty-9.4.26.v20200117; built: 2020-01-17T12:35:33.676Z; git: 7b38981d25d14afb4a12ff1f2596756144edf695; jvm 1.8.0_232-b09
2020-05-27 19:32:02,308 [Listener at 127.0.0.1/45217] INFO  server.session (DefaultSessionIdManager.java:doStart(333)) - DefaultSessionIdManager workerName=node0
2020-05-27 19:32:02,309 [Listener at 127.0.0.1/45217] INFO  server.session (DefaultSessionIdManager.java:doStart(338)) - No SessionScavenger set, using defaults
2020-05-27 19:32:02,309 [Listener at 127.0.0.1/45217] INFO  server.session (HouseKeeper.java:startScavenging(140)) - node0 Scavenging every 600000ms
2020-05-27 19:32:02,310 [Listener at 127.0.0.1/45217] INFO  server.AuthenticationFilter (AuthenticationFilter.java:constructSecretProvider(240)) - Unable to initialize FileSignerSecretProvider, falling back to use random secrets.
2020-05-27 19:32:02,311 [Listener at 127.0.0.1/45217] INFO  handler.ContextHandler (ContextHandler.java:doStart(825)) - Started o.e.j.s.ServletContextHandler@281a54b{logs,/logs,file:///github/workspace/mnt/ozone/hadoop-ozone/integration-test/target/log,AVAILABLE}
2020-05-27 19:32:02,311 [Listener at 127.0.0.1/45217] INFO  handler.ContextHandler (ContextHandler.java:doStart(825)) - Started o.e.j.s.ServletContextHandler@763a72da{static,/static,jar:file:/home/user/.m2/repository/org/apache/hadoop/hadoop-hdds-container-service/0.6.0-SNAPSHOT/hadoop-hdds-container-service-0.6.0-SNAPSHOT.jar!/webapps/static,AVAILABLE}
2020-05-27 19:32:02,350 [Listener at 127.0.0.1/45217] INFO  handler.ContextHandler (ContextHandler.java:doStart(825)) - Started o.e.j.w.WebAppContext@631c6ef4{hddsDatanode,/,file:///tmp/jetty-0_0_0_0-38431-hadoop-hdds-container-service-0_6_0-SNAPSHOT_jar-_-any-2530893459181006146.dir/webapp/,AVAILABLE}{jar:file:/home/user/.m2/repository/org/apache/hadoop/hadoop-hdds-container-service/0.6.0-SNAPSHOT/hadoop-hdds-container-service-0.6.0-SNAPSHOT.jar!/webapps/hddsDatanode}
2020-05-27 19:32:02,354 [Listener at 127.0.0.1/45217] INFO  server.AbstractConnector (AbstractConnector.java:doStart(330)) - Started ServerConnector@2643c33f{HTTP/1.1,[http/1.1]}{0.0.0.0:38431}
2020-05-27 19:32:02,355 [Listener at 127.0.0.1/45217] INFO  server.Server (Server.java:doStart(399)) - Started @5592ms
2020-05-27 19:32:02,355 [Listener at 127.0.0.1/45217] WARN  impl.MetricsSystemImpl (MetricsSystemImpl.java:register(276)) - Sink prometheus already exists!
2020-05-27 19:32:02,362 [Listener at 127.0.0.1/45217] INFO  http.BaseHttpServer (BaseHttpServer.java:updateConnectorAddress(325)) - HTTP server of hddsDatanode listening at http://0.0.0.0:38431
2020-05-27 19:32:02,362 [Listener at 127.0.0.1/45217] INFO  impl.MetricsSystemImpl (MetricsSystemImpl.java:init(158)) - HddsDatanode metrics system started (again)
2020-05-27 19:32:02,366 [Listener at 127.0.0.1/45217] INFO  ozone.HddsDatanodeService (HddsDatanodeService.java:start(204)) - HddsDatanodeService host:97d0c8b5f382 ip:172.17.0.2
2020-05-27 19:32:02,367 [Datanode State Machine Thread - 0] INFO  datanode.InitDatanodeState (InitDatanodeState.java:persistContainerDatanodeDetails(145)) - DatanodeDetails is persisted to /github/workspace/mnt/ozone/hadoop-ozone/integration-test/target/test-dir/MiniOzoneClusterImpl-f0010636-4b6e-4820-a6ed-9dd9125fe66b/datanode-4/meta/datanode.id
2020-05-27 19:32:02,368 [org.apache.hadoop.util.JvmPauseMonitor$Monitor@600fd80b] INFO  util.JvmPauseMonitor (JvmPauseMonitor.java:run(188)) - Starting JVM pause monitor
2020-05-27 19:32:02,369 [Listener at 127.0.0.1/45217] INFO  volume.HddsVolume (HddsVolume.java:<init>(176)) - Creating Volume: /github/workspace/mnt/ozone/hadoop-ozone/integration-test/target/test-dir/MiniOzoneClusterImpl-f0010636-4b6e-4820-a6ed-9dd9125fe66b/datanode-5/data-0/containers/hdds of storage type : DISK and capacity : 9223372036854775807
2020-05-27 19:32:02,369 [Listener at 127.0.0.1/45217] INFO  volume.MutableVolumeSet (MutableVolumeSet.java:initializeVolumeSet(181)) - Added Volume : /github/workspace/mnt/ozone/hadoop-ozone/integration-test/target/test-dir/MiniOzoneClusterImpl-f0010636-4b6e-4820-a6ed-9dd9125fe66b/datanode-5/data-0/containers/hdds to VolumeSet
2020-05-27 19:32:02,370 [Listener at 127.0.0.1/45217] INFO  volume.ThrottledAsyncChecker (ThrottledAsyncChecker.java:schedule(141)) - Scheduling a check for /github/workspace/mnt/ozone/hadoop-ozone/integration-test/target/test-dir/MiniOzoneClusterImpl-f0010636-4b6e-4820-a6ed-9dd9125fe66b/datanode-5/data-0/containers/hdds
2020-05-27 19:32:02,371 [Listener at 127.0.0.1/45217] INFO  volume.HddsVolumeChecker (HddsVolumeChecker.java:checkAllVolumes(200)) - Scheduled health check for volume /github/workspace/mnt/ozone/hadoop-ozone/integration-test/target/test-dir/MiniOzoneClusterImpl-f0010636-4b6e-4820-a6ed-9dd9125fe66b/datanode-5/data-0/containers/hdds
2020-05-27 19:32:02,388 [Listener at 127.0.0.1/45217] INFO  impl.RaftServerProxy (ConfUtils.java:logGet(44)) - raft.rpc.type = GRPC (default)
2020-05-27 19:32:02,389 [Listener at 127.0.0.1/45217] INFO  grpc.GrpcFactory (GrpcFactory.java:checkPooledByteBufAllocatorUseCacheForAllThreads(45)) - PERFORMANCE WARNING: useCacheForAllThreads is true that may cause Netty to create a lot garbage objects and, as a result, trigger GC.
	It is recommended to disable useCacheForAllThreads by setting -Dorg.apache.ratis.thirdparty.io.netty.allocator.useCacheForAllThreads=false in command line.
2020-05-27 19:32:02,389 [Listener at 127.0.0.1/45217] INFO  grpc.GrpcConfigKeys (ConfUtils.java:logGet(44)) - raft.grpc.server.port = 0 (default)
2020-05-27 19:32:02,390 [Listener at 127.0.0.1/45217] INFO  server.GrpcService (ConfUtils.java:logGet(44)) - raft.grpc.message.size.max = 32MB (=33554432) (custom)
2020-05-27 19:32:02,391 [Listener at 127.0.0.1/45217] INFO  server.RaftServerConfigKeys (ConfUtils.java:logGet(44)) - raft.server.log.appender.buffer.byte-limit = 33554432 (custom)
2020-05-27 19:32:02,391 [Listener at 127.0.0.1/45217] INFO  server.GrpcService (ConfUtils.java:logGet(44)) - raft.grpc.flow.control.window = 5MB (=5242880) (custom)
2020-05-27 19:32:02,391 [Listener at 127.0.0.1/45217] INFO  server.RaftServerConfigKeys (ConfUtils.java:logGet(44)) - raft.server.rpc.request.timeout = 3s (default)
2020-05-27 19:32:02,392 [Listener at 127.0.0.1/45217] INFO  server.RaftServerConfigKeys (ConfUtils.java:logGet(44)) - raft.server.storage.dir = [/github/workspace/mnt/ozone/hadoop-ozone/integration-test/target/test-dir/MiniOzoneClusterImpl-f0010636-4b6e-4820-a6ed-9dd9125fe66b/datanode-5/data/ratis] (custom)
2020-05-27 19:32:02,397 [Listener at 127.0.0.1/45217] INFO  http.BaseHttpServer (BaseHttpServer.java:newHttpServer2BuilderForOzone(205)) - Starting Web-server for hddsDatanode at: http://0.0.0.0:0
2020-05-27 19:32:02,397 [Listener at 127.0.0.1/45217] INFO  http.BaseHttpServer (BaseHttpServer.java:<init>(106)) - Hadoop Security Enabled: false Ozone Security Enabled: false Ozone HTTP Security Enabled: false 
2020-05-27 19:32:02,399 [Listener at 127.0.0.1/45217] INFO  server.AuthenticationFilter (AuthenticationFilter.java:constructSecretProvider(240)) - Unable to initialize FileSignerSecretProvider, falling back to use random secrets.
2020-05-27 19:32:02,399 [Listener at 127.0.0.1/45217] WARN  http.HttpRequestLog (HttpRequestLog.java:getRequestLog(103)) - Jetty request log can only be enabled using Log4j
2020-05-27 19:32:02,400 [Listener at 127.0.0.1/45217] INFO  http.HttpServer2 (HttpServer2.java:addGlobalFilter(993)) - Added global filter 'safety' (class=org.apache.hadoop.hdds.server.http.HttpServer2$QuotingInputFilter)
2020-05-27 19:32:02,401 [Listener at 127.0.0.1/45217] INFO  http.HttpServer2 (HttpServer2.java:addFilter(969)) - Added filter authentication (class=org.apache.hadoop.security.authentication.server.AuthenticationFilter) to context hddsDatanode
2020-05-27 19:32:02,401 [Listener at 127.0.0.1/45217] INFO  http.HttpServer2 (HttpServer2.java:addFilter(977)) - Added filter authentication (class=org.apache.hadoop.security.authentication.server.AuthenticationFilter) to context logs
2020-05-27 19:32:02,401 [Listener at 127.0.0.1/45217] INFO  http.HttpServer2 (HttpServer2.java:addFilter(977)) - Added filter authentication (class=org.apache.hadoop.security.authentication.server.AuthenticationFilter) to context static
2020-05-27 19:32:02,402 [Listener at 127.0.0.1/45217] INFO  http.HttpServer2 (HttpServer2.java:bindListener(1211)) - Jetty bound to port 39835
2020-05-27 19:32:02,402 [Listener at 127.0.0.1/45217] INFO  server.Server (Server.java:doStart(359)) - jetty-9.4.26.v20200117; built: 2020-01-17T12:35:33.676Z; git: 7b38981d25d14afb4a12ff1f2596756144edf695; jvm 1.8.0_232-b09
2020-05-27 19:32:02,404 [Listener at 127.0.0.1/45217] INFO  server.session (DefaultSessionIdManager.java:doStart(333)) - DefaultSessionIdManager workerName=node0
2020-05-27 19:32:02,404 [Listener at 127.0.0.1/45217] INFO  server.session (DefaultSessionIdManager.java:doStart(338)) - No SessionScavenger set, using defaults
2020-05-27 19:32:02,404 [Listener at 127.0.0.1/45217] INFO  server.session (HouseKeeper.java:startScavenging(140)) - node0 Scavenging every 660000ms
2020-05-27 19:32:02,406 [Listener at 127.0.0.1/45217] INFO  server.AuthenticationFilter (AuthenticationFilter.java:constructSecretProvider(240)) - Unable to initialize FileSignerSecretProvider, falling back to use random secrets.
2020-05-27 19:32:02,407 [Listener at 127.0.0.1/45217] INFO  handler.ContextHandler (ContextHandler.java:doStart(825)) - Started o.e.j.s.ServletContextHandler@4d6f951a{logs,/logs,file:///github/workspace/mnt/ozone/hadoop-ozone/integration-test/target/log,AVAILABLE}
2020-05-27 19:32:02,407 [Listener at 127.0.0.1/45217] INFO  handler.ContextHandler (ContextHandler.java:doStart(825)) - Started o.e.j.s.ServletContextHandler@6ade4ac6{static,/static,jar:file:/home/user/.m2/repository/org/apache/hadoop/hadoop-hdds-container-service/0.6.0-SNAPSHOT/hadoop-hdds-container-service-0.6.0-SNAPSHOT.jar!/webapps/static,AVAILABLE}
2020-05-27 19:32:02,436 [Listener at 127.0.0.1/45217] INFO  handler.ContextHandler (ContextHandler.java:doStart(825)) - Started o.e.j.w.WebAppContext@1f50fe84{hddsDatanode,/,file:///tmp/jetty-0_0_0_0-39835-hadoop-hdds-container-service-0_6_0-SNAPSHOT_jar-_-any-3151920688216310941.dir/webapp/,AVAILABLE}{jar:file:/home/user/.m2/repository/org/apache/hadoop/hadoop-hdds-container-service/0.6.0-SNAPSHOT/hadoop-hdds-container-service-0.6.0-SNAPSHOT.jar!/webapps/hddsDatanode}
2020-05-27 19:32:02,438 [Listener at 127.0.0.1/45217] INFO  server.AbstractConnector (AbstractConnector.java:doStart(330)) - Started ServerConnector@72bef795{HTTP/1.1,[http/1.1]}{0.0.0.0:39835}
2020-05-27 19:32:02,438 [Listener at 127.0.0.1/45217] INFO  server.Server (Server.java:doStart(399)) - Started @5675ms
2020-05-27 19:32:02,438 [Listener at 127.0.0.1/45217] WARN  impl.MetricsSystemImpl (MetricsSystemImpl.java:register(276)) - Sink prometheus already exists!
2020-05-27 19:32:02,448 [Listener at 127.0.0.1/45217] INFO  http.BaseHttpServer (BaseHttpServer.java:updateConnectorAddress(325)) - HTTP server of hddsDatanode listening at http://0.0.0.0:39835
2020-05-27 19:32:02,449 [Listener at 127.0.0.1/45217] INFO  impl.MetricsSystemImpl (MetricsSystemImpl.java:init(158)) - HddsDatanode metrics system started (again)
2020-05-27 19:32:02,451 [Listener at 127.0.0.1/45217] INFO  ozone.HddsDatanodeService (HddsDatanodeService.java:start(204)) - HddsDatanodeService host:97d0c8b5f382 ip:172.17.0.2
2020-05-27 19:32:02,453 [Listener at 127.0.0.1/45217] INFO  volume.HddsVolume (HddsVolume.java:<init>(176)) - Creating Volume: /github/workspace/mnt/ozone/hadoop-ozone/integration-test/target/test-dir/MiniOzoneClusterImpl-f0010636-4b6e-4820-a6ed-9dd9125fe66b/datanode-6/data-0/containers/hdds of storage type : DISK and capacity : 9223372036854775807
2020-05-27 19:32:02,453 [Listener at 127.0.0.1/45217] INFO  volume.MutableVolumeSet (MutableVolumeSet.java:initializeVolumeSet(181)) - Added Volume : /github/workspace/mnt/ozone/hadoop-ozone/integration-test/target/test-dir/MiniOzoneClusterImpl-f0010636-4b6e-4820-a6ed-9dd9125fe66b/datanode-6/data-0/containers/hdds to VolumeSet
2020-05-27 19:32:02,454 [Listener at 127.0.0.1/45217] INFO  volume.ThrottledAsyncChecker (ThrottledAsyncChecker.java:schedule(141)) - Scheduling a check for /github/workspace/mnt/ozone/hadoop-ozone/integration-test/target/test-dir/MiniOzoneClusterImpl-f0010636-4b6e-4820-a6ed-9dd9125fe66b/datanode-6/data-0/containers/hdds
2020-05-27 19:32:02,455 [Listener at 127.0.0.1/45217] INFO  volume.HddsVolumeChecker (HddsVolumeChecker.java:checkAllVolumes(200)) - Scheduled health check for volume /github/workspace/mnt/ozone/hadoop-ozone/integration-test/target/test-dir/MiniOzoneClusterImpl-f0010636-4b6e-4820-a6ed-9dd9125fe66b/datanode-6/data-0/containers/hdds
2020-05-27 19:32:02,474 [Datanode State Machine Thread - 0] INFO  datanode.InitDatanodeState (InitDatanodeState.java:persistContainerDatanodeDetails(145)) - DatanodeDetails is persisted to /github/workspace/mnt/ozone/hadoop-ozone/integration-test/target/test-dir/MiniOzoneClusterImpl-f0010636-4b6e-4820-a6ed-9dd9125fe66b/datanode-5/meta/datanode.id
2020-05-27 19:32:02,475 [org.apache.hadoop.util.JvmPauseMonitor$Monitor@6cd66d4] INFO  util.JvmPauseMonitor (JvmPauseMonitor.java:run(188)) - Starting JVM pause monitor
2020-05-27 19:32:02,478 [Listener at 127.0.0.1/45217] INFO  impl.RaftServerProxy (ConfUtils.java:logGet(44)) - raft.rpc.type = GRPC (default)
2020-05-27 19:32:02,478 [Listener at 127.0.0.1/45217] INFO  grpc.GrpcFactory (GrpcFactory.java:checkPooledByteBufAllocatorUseCacheForAllThreads(45)) - PERFORMANCE WARNING: useCacheForAllThreads is true that may cause Netty to create a lot garbage objects and, as a result, trigger GC.
	It is recommended to disable useCacheForAllThreads by setting -Dorg.apache.ratis.thirdparty.io.netty.allocator.useCacheForAllThreads=false in command line.
2020-05-27 19:32:02,478 [Listener at 127.0.0.1/45217] INFO  grpc.GrpcConfigKeys (ConfUtils.java:logGet(44)) - raft.grpc.server.port = 0 (default)
2020-05-27 19:32:02,479 [Listener at 127.0.0.1/45217] INFO  server.GrpcService (ConfUtils.java:logGet(44)) - raft.grpc.message.size.max = 32MB (=33554432) (custom)
2020-05-27 19:32:02,479 [Listener at 127.0.0.1/45217] INFO  server.RaftServerConfigKeys (ConfUtils.java:logGet(44)) - raft.server.log.appender.buffer.byte-limit = 33554432 (custom)
2020-05-27 19:32:02,479 [Listener at 127.0.0.1/45217] INFO  server.GrpcService (ConfUtils.java:logGet(44)) - raft.grpc.flow.control.window = 5MB (=5242880) (custom)
2020-05-27 19:32:02,479 [Listener at 127.0.0.1/45217] INFO  server.RaftServerConfigKeys (ConfUtils.java:logGet(44)) - raft.server.rpc.request.timeout = 3s (default)
2020-05-27 19:32:02,480 [Listener at 127.0.0.1/45217] INFO  server.RaftServerConfigKeys (ConfUtils.java:logGet(44)) - raft.server.storage.dir = [/github/workspace/mnt/ozone/hadoop-ozone/integration-test/target/test-dir/MiniOzoneClusterImpl-f0010636-4b6e-4820-a6ed-9dd9125fe66b/datanode-6/data/ratis] (custom)
2020-05-27 19:32:02,485 [Listener at 127.0.0.1/45217] INFO  http.BaseHttpServer (BaseHttpServer.java:newHttpServer2BuilderForOzone(205)) - Starting Web-server for hddsDatanode at: http://0.0.0.0:0
2020-05-27 19:32:02,485 [Listener at 127.0.0.1/45217] INFO  http.BaseHttpServer (BaseHttpServer.java:<init>(106)) - Hadoop Security Enabled: false Ozone Security Enabled: false Ozone HTTP Security Enabled: false 
2020-05-27 19:32:02,486 [Listener at 127.0.0.1/45217] INFO  server.AuthenticationFilter (AuthenticationFilter.java:constructSecretProvider(240)) - Unable to initialize FileSignerSecretProvider, falling back to use random secrets.
2020-05-27 19:32:02,486 [Listener at 127.0.0.1/45217] WARN  http.HttpRequestLog (HttpRequestLog.java:getRequestLog(103)) - Jetty request log can only be enabled using Log4j
2020-05-27 19:32:02,487 [Listener at 127.0.0.1/45217] INFO  http.HttpServer2 (HttpServer2.java:addGlobalFilter(993)) - Added global filter 'safety' (class=org.apache.hadoop.hdds.server.http.HttpServer2$QuotingInputFilter)
2020-05-27 19:32:02,488 [Listener at 127.0.0.1/45217] INFO  http.HttpServer2 (HttpServer2.java:addFilter(969)) - Added filter authentication (class=org.apache.hadoop.security.authentication.server.AuthenticationFilter) to context hddsDatanode
2020-05-27 19:32:02,488 [Listener at 127.0.0.1/45217] INFO  http.HttpServer2 (HttpServer2.java:addFilter(977)) - Added filter authentication (class=org.apache.hadoop.security.authentication.server.AuthenticationFilter) to context logs
2020-05-27 19:32:02,488 [Listener at 127.0.0.1/45217] INFO  http.HttpServer2 (HttpServer2.java:addFilter(977)) - Added filter authentication (class=org.apache.hadoop.security.authentication.server.AuthenticationFilter) to context static
2020-05-27 19:32:02,489 [Listener at 127.0.0.1/45217] INFO  http.HttpServer2 (HttpServer2.java:bindListener(1211)) - Jetty bound to port 45837
2020-05-27 19:32:02,489 [Listener at 127.0.0.1/45217] INFO  server.Server (Server.java:doStart(359)) - jetty-9.4.26.v20200117; built: 2020-01-17T12:35:33.676Z; git: 7b38981d25d14afb4a12ff1f2596756144edf695; jvm 1.8.0_232-b09
2020-05-27 19:32:02,492 [Listener at 127.0.0.1/45217] INFO  server.session (DefaultSessionIdManager.java:doStart(333)) - DefaultSessionIdManager workerName=node0
2020-05-27 19:32:02,492 [Listener at 127.0.0.1/45217] INFO  server.session (DefaultSessionIdManager.java:doStart(338)) - No SessionScavenger set, using defaults
2020-05-27 19:32:02,492 [Listener at 127.0.0.1/45217] INFO  server.session (HouseKeeper.java:startScavenging(140)) - node0 Scavenging every 660000ms
2020-05-27 19:32:02,497 [Listener at 127.0.0.1/45217] INFO  server.AuthenticationFilter (AuthenticationFilter.java:constructSecretProvider(240)) - Unable to initialize FileSignerSecretProvider, falling back to use random secrets.
2020-05-27 19:32:02,498 [Listener at 127.0.0.1/45217] INFO  handler.ContextHandler (ContextHandler.java:doStart(825)) - Started o.e.j.s.ServletContextHandler@37e15055{logs,/logs,file:///github/workspace/mnt/ozone/hadoop-ozone/integration-test/target/log,AVAILABLE}
2020-05-27 19:32:02,498 [Listener at 127.0.0.1/45217] INFO  handler.ContextHandler (ContextHandler.java:doStart(825)) - Started o.e.j.s.ServletContextHandler@39adf4e6{static,/static,jar:file:/home/user/.m2/repository/org/apache/hadoop/hadoop-hdds-container-service/0.6.0-SNAPSHOT/hadoop-hdds-container-service-0.6.0-SNAPSHOT.jar!/webapps/static,AVAILABLE}
2020-05-27 19:32:02,534 [Listener at 127.0.0.1/45217] INFO  handler.ContextHandler (ContextHandler.java:doStart(825)) - Started o.e.j.w.WebAppContext@35c69e6b{hddsDatanode,/,file:///tmp/jetty-0_0_0_0-45837-hadoop-hdds-container-service-0_6_0-SNAPSHOT_jar-_-any-3331853302428303617.dir/webapp/,AVAILABLE}{jar:file:/home/user/.m2/repository/org/apache/hadoop/hadoop-hdds-container-service/0.6.0-SNAPSHOT/hadoop-hdds-container-service-0.6.0-SNAPSHOT.jar!/webapps/hddsDatanode}
2020-05-27 19:32:02,536 [Listener at 127.0.0.1/45217] INFO  server.AbstractConnector (AbstractConnector.java:doStart(330)) - Started ServerConnector@9742012{HTTP/1.1,[http/1.1]}{0.0.0.0:45837}
2020-05-27 19:32:02,537 [Listener at 127.0.0.1/45217] INFO  server.Server (Server.java:doStart(399)) - Started @5774ms
2020-05-27 19:32:02,537 [Listener at 127.0.0.1/45217] WARN  impl.MetricsSystemImpl (MetricsSystemImpl.java:register(276)) - Sink prometheus already exists!
2020-05-27 19:32:02,539 [Listener at 127.0.0.1/45217] INFO  http.BaseHttpServer (BaseHttpServer.java:updateConnectorAddress(325)) - HTTP server of hddsDatanode listening at http://0.0.0.0:45837
2020-05-27 19:32:02,541 [Listener at 127.0.0.1/45217] INFO  impl.MetricsSystemImpl (MetricsSystemImpl.java:init(158)) - HddsDatanode metrics system started (again)
2020-05-27 19:32:02,543 [Listener at 127.0.0.1/45217] INFO  ozone.HddsDatanodeService (HddsDatanodeService.java:start(204)) - HddsDatanodeService host:97d0c8b5f382 ip:172.17.0.2
2020-05-27 19:32:02,569 [org.apache.hadoop.util.JvmPauseMonitor$Monitor@e95c6d4] INFO  util.JvmPauseMonitor (JvmPauseMonitor.java:run(188)) - Starting JVM pause monitor
2020-05-27 19:32:02,570 [Listener at 127.0.0.1/45217] INFO  volume.HddsVolume (HddsVolume.java:<init>(176)) - Creating Volume: /github/workspace/mnt/ozone/hadoop-ozone/integration-test/target/test-dir/MiniOzoneClusterImpl-f0010636-4b6e-4820-a6ed-9dd9125fe66b/datanode-7/data-0/containers/hdds of storage type : DISK and capacity : 9223372036854775807
2020-05-27 19:32:02,570 [Listener at 127.0.0.1/45217] INFO  volume.MutableVolumeSet (MutableVolumeSet.java:initializeVolumeSet(181)) - Added Volume : /github/workspace/mnt/ozone/hadoop-ozone/integration-test/target/test-dir/MiniOzoneClusterImpl-f0010636-4b6e-4820-a6ed-9dd9125fe66b/datanode-7/data-0/containers/hdds to VolumeSet
2020-05-27 19:32:02,570 [Listener at 127.0.0.1/45217] INFO  volume.ThrottledAsyncChecker (ThrottledAsyncChecker.java:schedule(141)) - Scheduling a check for /github/workspace/mnt/ozone/hadoop-ozone/integration-test/target/test-dir/MiniOzoneClusterImpl-f0010636-4b6e-4820-a6ed-9dd9125fe66b/datanode-7/data-0/containers/hdds
2020-05-27 19:32:02,572 [Listener at 127.0.0.1/45217] INFO  volume.HddsVolumeChecker (HddsVolumeChecker.java:checkAllVolumes(200)) - Scheduled health check for volume /github/workspace/mnt/ozone/hadoop-ozone/integration-test/target/test-dir/MiniOzoneClusterImpl-f0010636-4b6e-4820-a6ed-9dd9125fe66b/datanode-7/data-0/containers/hdds
2020-05-27 19:32:02,587 [Datanode State Machine Thread - 0] INFO  datanode.InitDatanodeState (InitDatanodeState.java:persistContainerDatanodeDetails(145)) - DatanodeDetails is persisted to /github/workspace/mnt/ozone/hadoop-ozone/integration-test/target/test-dir/MiniOzoneClusterImpl-f0010636-4b6e-4820-a6ed-9dd9125fe66b/datanode-6/meta/datanode.id
2020-05-27 19:32:02,601 [Listener at 127.0.0.1/45217] INFO  impl.RaftServerProxy (ConfUtils.java:logGet(44)) - raft.rpc.type = GRPC (default)
2020-05-27 19:32:02,602 [Listener at 127.0.0.1/45217] INFO  grpc.GrpcFactory (GrpcFactory.java:checkPooledByteBufAllocatorUseCacheForAllThreads(45)) - PERFORMANCE WARNING: useCacheForAllThreads is true that may cause Netty to create a lot garbage objects and, as a result, trigger GC.
	It is recommended to disable useCacheForAllThreads by setting -Dorg.apache.ratis.thirdparty.io.netty.allocator.useCacheForAllThreads=false in command line.
2020-05-27 19:32:02,602 [Listener at 127.0.0.1/45217] INFO  grpc.GrpcConfigKeys (ConfUtils.java:logGet(44)) - raft.grpc.server.port = 0 (default)
2020-05-27 19:32:02,602 [Listener at 127.0.0.1/45217] INFO  server.GrpcService (ConfUtils.java:logGet(44)) - raft.grpc.message.size.max = 32MB (=33554432) (custom)
2020-05-27 19:32:02,602 [Listener at 127.0.0.1/45217] INFO  server.RaftServerConfigKeys (ConfUtils.java:logGet(44)) - raft.server.log.appender.buffer.byte-limit = 33554432 (custom)
2020-05-27 19:32:02,602 [Listener at 127.0.0.1/45217] INFO  server.GrpcService (ConfUtils.java:logGet(44)) - raft.grpc.flow.control.window = 5MB (=5242880) (custom)
2020-05-27 19:32:02,603 [Listener at 127.0.0.1/45217] INFO  server.RaftServerConfigKeys (ConfUtils.java:logGet(44)) - raft.server.rpc.request.timeout = 3s (default)
2020-05-27 19:32:02,604 [Listener at 127.0.0.1/45217] INFO  server.RaftServerConfigKeys (ConfUtils.java:logGet(44)) - raft.server.storage.dir = [/github/workspace/mnt/ozone/hadoop-ozone/integration-test/target/test-dir/MiniOzoneClusterImpl-f0010636-4b6e-4820-a6ed-9dd9125fe66b/datanode-7/data/ratis] (custom)
2020-05-27 19:32:02,608 [Listener at 127.0.0.1/45217] INFO  http.BaseHttpServer (BaseHttpServer.java:newHttpServer2BuilderForOzone(205)) - Starting Web-server for hddsDatanode at: http://0.0.0.0:0
2020-05-27 19:32:02,609 [Listener at 127.0.0.1/45217] INFO  http.BaseHttpServer (BaseHttpServer.java:<init>(106)) - Hadoop Security Enabled: false Ozone Security Enabled: false Ozone HTTP Security Enabled: false 
2020-05-27 19:32:02,610 [Listener at 127.0.0.1/45217] INFO  server.AuthenticationFilter (AuthenticationFilter.java:constructSecretProvider(240)) - Unable to initialize FileSignerSecretProvider, falling back to use random secrets.
2020-05-27 19:32:02,610 [Listener at 127.0.0.1/45217] WARN  http.HttpRequestLog (HttpRequestLog.java:getRequestLog(103)) - Jetty request log can only be enabled using Log4j
2020-05-27 19:32:02,611 [Listener at 127.0.0.1/45217] INFO  http.HttpServer2 (HttpServer2.java:addGlobalFilter(993)) - Added global filter 'safety' (class=org.apache.hadoop.hdds.server.http.HttpServer2$QuotingInputFilter)
2020-05-27 19:32:02,612 [Listener at 127.0.0.1/45217] INFO  http.HttpServer2 (HttpServer2.java:addFilter(969)) - Added filter authentication (class=org.apache.hadoop.security.authentication.server.AuthenticationFilter) to context hddsDatanode
2020-05-27 19:32:02,612 [Listener at 127.0.0.1/45217] INFO  http.HttpServer2 (HttpServer2.java:addFilter(977)) - Added filter authentication (class=org.apache.hadoop.security.authentication.server.AuthenticationFilter) to context static
2020-05-27 19:32:02,612 [Listener at 127.0.0.1/45217] INFO  http.HttpServer2 (HttpServer2.java:addFilter(977)) - Added filter authentication (class=org.apache.hadoop.security.authentication.server.AuthenticationFilter) to context logs
2020-05-27 19:32:02,613 [Listener at 127.0.0.1/45217] INFO  http.HttpServer2 (HttpServer2.java:bindListener(1211)) - Jetty bound to port 40773
2020-05-27 19:32:02,613 [Listener at 127.0.0.1/45217] INFO  server.Server (Server.java:doStart(359)) - jetty-9.4.26.v20200117; built: 2020-01-17T12:35:33.676Z; git: 7b38981d25d14afb4a12ff1f2596756144edf695; jvm 1.8.0_232-b09
2020-05-27 19:32:02,615 [Listener at 127.0.0.1/45217] INFO  server.session (DefaultSessionIdManager.java:doStart(333)) - DefaultSessionIdManager workerName=node0
2020-05-27 19:32:02,615 [Listener at 127.0.0.1/45217] INFO  server.session (DefaultSessionIdManager.java:doStart(338)) - No SessionScavenger set, using defaults
2020-05-27 19:32:02,616 [Listener at 127.0.0.1/45217] INFO  server.session (HouseKeeper.java:startScavenging(140)) - node0 Scavenging every 600000ms
2020-05-27 19:32:02,616 [Listener at 127.0.0.1/45217] INFO  server.AuthenticationFilter (AuthenticationFilter.java:constructSecretProvider(240)) - Unable to initialize FileSignerSecretProvider, falling back to use random secrets.
2020-05-27 19:32:02,618 [Listener at 127.0.0.1/45217] INFO  handler.ContextHandler (ContextHandler.java:doStart(825)) - Started o.e.j.s.ServletContextHandler@6b5c4b75{logs,/logs,file:///github/workspace/mnt/ozone/hadoop-ozone/integration-test/target/log,AVAILABLE}
2020-05-27 19:32:02,618 [Listener at 127.0.0.1/45217] INFO  handler.ContextHandler (ContextHandler.java:doStart(825)) - Started o.e.j.s.ServletContextHandler@2e53f980{static,/static,jar:file:/home/user/.m2/repository/org/apache/hadoop/hadoop-hdds-container-service/0.6.0-SNAPSHOT/hadoop-hdds-container-service-0.6.0-SNAPSHOT.jar!/webapps/static,AVAILABLE}
2020-05-27 19:32:02,646 [Listener at 127.0.0.1/45217] INFO  handler.ContextHandler (ContextHandler.java:doStart(825)) - Started o.e.j.w.WebAppContext@6d224921{hddsDatanode,/,file:///tmp/jetty-0_0_0_0-40773-hadoop-hdds-container-service-0_6_0-SNAPSHOT_jar-_-any-5795334212629638582.dir/webapp/,AVAILABLE}{jar:file:/home/user/.m2/repository/org/apache/hadoop/hadoop-hdds-container-service/0.6.0-SNAPSHOT/hadoop-hdds-container-service-0.6.0-SNAPSHOT.jar!/webapps/hddsDatanode}
2020-05-27 19:32:02,650 [Listener at 127.0.0.1/45217] INFO  server.AbstractConnector (AbstractConnector.java:doStart(330)) - Started ServerConnector@509d999c{HTTP/1.1,[http/1.1]}{0.0.0.0:40773}
2020-05-27 19:32:02,650 [Listener at 127.0.0.1/45217] INFO  server.Server (Server.java:doStart(399)) - Started @5887ms
2020-05-27 19:32:02,650 [Listener at 127.0.0.1/45217] WARN  impl.MetricsSystemImpl (MetricsSystemImpl.java:register(276)) - Sink prometheus already exists!
2020-05-27 19:32:02,653 [Listener at 127.0.0.1/45217] INFO  http.BaseHttpServer (BaseHttpServer.java:updateConnectorAddress(325)) - HTTP server of hddsDatanode listening at http://0.0.0.0:40773
2020-05-27 19:32:02,656 [Listener at 127.0.0.1/45217] INFO  impl.MetricsSystemImpl (MetricsSystemImpl.java:init(158)) - HddsDatanode metrics system started (again)
2020-05-27 19:32:02,659 [Listener at 127.0.0.1/45217] INFO  ozone.HddsDatanodeService (HddsDatanodeService.java:start(204)) - HddsDatanodeService host:97d0c8b5f382 ip:172.17.0.2
2020-05-27 19:32:02,660 [Listener at 127.0.0.1/45217] INFO  volume.HddsVolume (HddsVolume.java:<init>(176)) - Creating Volume: /github/workspace/mnt/ozone/hadoop-ozone/integration-test/target/test-dir/MiniOzoneClusterImpl-f0010636-4b6e-4820-a6ed-9dd9125fe66b/datanode-8/data-0/containers/hdds of storage type : DISK and capacity : 9223372036854775807
2020-05-27 19:32:02,660 [Listener at 127.0.0.1/45217] INFO  volume.MutableVolumeSet (MutableVolumeSet.java:initializeVolumeSet(181)) - Added Volume : /github/workspace/mnt/ozone/hadoop-ozone/integration-test/target/test-dir/MiniOzoneClusterImpl-f0010636-4b6e-4820-a6ed-9dd9125fe66b/datanode-8/data-0/containers/hdds to VolumeSet
2020-05-27 19:32:02,660 [Listener at 127.0.0.1/45217] INFO  volume.ThrottledAsyncChecker (ThrottledAsyncChecker.java:schedule(141)) - Scheduling a check for /github/workspace/mnt/ozone/hadoop-ozone/integration-test/target/test-dir/MiniOzoneClusterImpl-f0010636-4b6e-4820-a6ed-9dd9125fe66b/datanode-8/data-0/containers/hdds
2020-05-27 19:32:02,661 [org.apache.hadoop.util.JvmPauseMonitor$Monitor@2b49c845] INFO  util.JvmPauseMonitor (JvmPauseMonitor.java:run(188)) - Starting JVM pause monitor
2020-05-27 19:32:02,662 [Listener at 127.0.0.1/45217] INFO  volume.HddsVolumeChecker (HddsVolumeChecker.java:checkAllVolumes(200)) - Scheduled health check for volume /github/workspace/mnt/ozone/hadoop-ozone/integration-test/target/test-dir/MiniOzoneClusterImpl-f0010636-4b6e-4820-a6ed-9dd9125fe66b/datanode-8/data-0/containers/hdds
2020-05-27 19:32:02,663 [Datanode State Machine Thread - 0] INFO  datanode.InitDatanodeState (InitDatanodeState.java:persistContainerDatanodeDetails(145)) - DatanodeDetails is persisted to /github/workspace/mnt/ozone/hadoop-ozone/integration-test/target/test-dir/MiniOzoneClusterImpl-f0010636-4b6e-4820-a6ed-9dd9125fe66b/datanode-7/meta/datanode.id
2020-05-27 19:32:02,676 [Listener at 127.0.0.1/45217] INFO  impl.RaftServerProxy (ConfUtils.java:logGet(44)) - raft.rpc.type = GRPC (default)
2020-05-27 19:32:02,677 [Listener at 127.0.0.1/45217] INFO  grpc.GrpcFactory (GrpcFactory.java:checkPooledByteBufAllocatorUseCacheForAllThreads(45)) - PERFORMANCE WARNING: useCacheForAllThreads is true that may cause Netty to create a lot garbage objects and, as a result, trigger GC.
	It is recommended to disable useCacheForAllThreads by setting -Dorg.apache.ratis.thirdparty.io.netty.allocator.useCacheForAllThreads=false in command line.
2020-05-27 19:32:02,677 [Listener at 127.0.0.1/45217] INFO  grpc.GrpcConfigKeys (ConfUtils.java:logGet(44)) - raft.grpc.server.port = 0 (default)
2020-05-27 19:32:02,677 [Listener at 127.0.0.1/45217] INFO  server.GrpcService (ConfUtils.java:logGet(44)) - raft.grpc.message.size.max = 32MB (=33554432) (custom)
2020-05-27 19:32:02,677 [Listener at 127.0.0.1/45217] INFO  server.RaftServerConfigKeys (ConfUtils.java:logGet(44)) - raft.server.log.appender.buffer.byte-limit = 33554432 (custom)
2020-05-27 19:32:02,677 [Listener at 127.0.0.1/45217] INFO  server.GrpcService (ConfUtils.java:logGet(44)) - raft.grpc.flow.control.window = 5MB (=5242880) (custom)
2020-05-27 19:32:02,678 [Listener at 127.0.0.1/45217] INFO  server.RaftServerConfigKeys (ConfUtils.java:logGet(44)) - raft.server.rpc.request.timeout = 3s (default)
2020-05-27 19:32:02,679 [Listener at 127.0.0.1/45217] INFO  server.RaftServerConfigKeys (ConfUtils.java:logGet(44)) - raft.server.storage.dir = [/github/workspace/mnt/ozone/hadoop-ozone/integration-test/target/test-dir/MiniOzoneClusterImpl-f0010636-4b6e-4820-a6ed-9dd9125fe66b/datanode-8/data/ratis] (custom)
2020-05-27 19:32:02,683 [Listener at 127.0.0.1/45217] INFO  http.BaseHttpServer (BaseHttpServer.java:newHttpServer2BuilderForOzone(205)) - Starting Web-server for hddsDatanode at: http://0.0.0.0:0
2020-05-27 19:32:02,683 [Listener at 127.0.0.1/45217] INFO  http.BaseHttpServer (BaseHttpServer.java:<init>(106)) - Hadoop Security Enabled: false Ozone Security Enabled: false Ozone HTTP Security Enabled: false 
2020-05-27 19:32:02,684 [Listener at 127.0.0.1/45217] INFO  server.AuthenticationFilter (AuthenticationFilter.java:constructSecretProvider(240)) - Unable to initialize FileSignerSecretProvider, falling back to use random secrets.
2020-05-27 19:32:02,688 [Listener at 127.0.0.1/45217] WARN  http.HttpRequestLog (HttpRequestLog.java:getRequestLog(103)) - Jetty request log can only be enabled using Log4j
2020-05-27 19:32:02,690 [Listener at 127.0.0.1/45217] INFO  http.HttpServer2 (HttpServer2.java:addGlobalFilter(993)) - Added global filter 'safety' (class=org.apache.hadoop.hdds.server.http.HttpServer2$QuotingInputFilter)
2020-05-27 19:32:02,691 [Listener at 127.0.0.1/45217] INFO  http.HttpServer2 (HttpServer2.java:addFilter(969)) - Added filter authentication (class=org.apache.hadoop.security.authentication.server.AuthenticationFilter) to context hddsDatanode
2020-05-27 19:32:02,691 [Listener at 127.0.0.1/45217] INFO  http.HttpServer2 (HttpServer2.java:addFilter(977)) - Added filter authentication (class=org.apache.hadoop.security.authentication.server.AuthenticationFilter) to context logs
2020-05-27 19:32:02,691 [Listener at 127.0.0.1/45217] INFO  http.HttpServer2 (HttpServer2.java:addFilter(977)) - Added filter authentication (class=org.apache.hadoop.security.authentication.server.AuthenticationFilter) to context static
2020-05-27 19:32:02,692 [Listener at 127.0.0.1/45217] INFO  http.HttpServer2 (HttpServer2.java:bindListener(1211)) - Jetty bound to port 38445
2020-05-27 19:32:02,692 [Listener at 127.0.0.1/45217] INFO  server.Server (Server.java:doStart(359)) - jetty-9.4.26.v20200117; built: 2020-01-17T12:35:33.676Z; git: 7b38981d25d14afb4a12ff1f2596756144edf695; jvm 1.8.0_232-b09
2020-05-27 19:32:02,696 [Listener at 127.0.0.1/45217] INFO  server.session (DefaultSessionIdManager.java:doStart(333)) - DefaultSessionIdManager workerName=node0
2020-05-27 19:32:02,696 [Listener at 127.0.0.1/45217] INFO  server.session (DefaultSessionIdManager.java:doStart(338)) - No SessionScavenger set, using defaults
2020-05-27 19:32:02,697 [Listener at 127.0.0.1/45217] INFO  server.session (HouseKeeper.java:startScavenging(140)) - node0 Scavenging every 600000ms
2020-05-27 19:32:02,697 [Listener at 127.0.0.1/45217] INFO  server.AuthenticationFilter (AuthenticationFilter.java:constructSecretProvider(240)) - Unable to initialize FileSignerSecretProvider, falling back to use random secrets.
2020-05-27 19:32:02,698 [Listener at 127.0.0.1/45217] INFO  handler.ContextHandler (ContextHandler.java:doStart(825)) - Started o.e.j.s.ServletContextHandler@41f3f64{logs,/logs,file:///github/workspace/mnt/ozone/hadoop-ozone/integration-test/target/log,AVAILABLE}
2020-05-27 19:32:02,698 [Listener at 127.0.0.1/45217] INFO  handler.ContextHandler (ContextHandler.java:doStart(825)) - Started o.e.j.s.ServletContextHandler@3956df0a{static,/static,jar:file:/home/user/.m2/repository/org/apache/hadoop/hadoop-hdds-container-service/0.6.0-SNAPSHOT/hadoop-hdds-container-service-0.6.0-SNAPSHOT.jar!/webapps/static,AVAILABLE}
2020-05-27 19:32:02,725 [Listener at 127.0.0.1/45217] INFO  handler.ContextHandler (ContextHandler.java:doStart(825)) - Started o.e.j.w.WebAppContext@2fad50f2{hddsDatanode,/,file:///tmp/jetty-0_0_0_0-38445-hadoop-hdds-container-service-0_6_0-SNAPSHOT_jar-_-any-1098019644862481719.dir/webapp/,AVAILABLE}{jar:file:/home/user/.m2/repository/org/apache/hadoop/hadoop-hdds-container-service/0.6.0-SNAPSHOT/hadoop-hdds-container-service-0.6.0-SNAPSHOT.jar!/webapps/hddsDatanode}
2020-05-27 19:32:02,726 [Listener at 127.0.0.1/45217] INFO  server.AbstractConnector (AbstractConnector.java:doStart(330)) - Started ServerConnector@d3929ba{HTTP/1.1,[http/1.1]}{0.0.0.0:38445}
2020-05-27 19:32:02,727 [Listener at 127.0.0.1/45217] INFO  server.Server (Server.java:doStart(399)) - Started @5964ms
2020-05-27 19:32:02,727 [Listener at 127.0.0.1/45217] WARN  impl.MetricsSystemImpl (MetricsSystemImpl.java:register(276)) - Sink prometheus already exists!
2020-05-27 19:32:02,745 [Listener at 127.0.0.1/45217] INFO  http.BaseHttpServer (BaseHttpServer.java:updateConnectorAddress(325)) - HTTP server of hddsDatanode listening at http://0.0.0.0:38445
2020-05-27 19:32:02,746 [Listener at 127.0.0.1/45217] INFO  impl.MetricsSystemImpl (MetricsSystemImpl.java:init(158)) - HddsDatanode metrics system started (again)
2020-05-27 19:32:02,748 [Listener at 127.0.0.1/45217] INFO  ozone.HddsDatanodeService (HddsDatanodeService.java:start(204)) - HddsDatanodeService host:97d0c8b5f382 ip:172.17.0.2
2020-05-27 19:32:02,749 [Listener at 127.0.0.1/45217] INFO  volume.HddsVolume (HddsVolume.java:<init>(176)) - Creating Volume: /github/workspace/mnt/ozone/hadoop-ozone/integration-test/target/test-dir/MiniOzoneClusterImpl-f0010636-4b6e-4820-a6ed-9dd9125fe66b/datanode-9/data-0/containers/hdds of storage type : DISK and capacity : 9223372036854775807
2020-05-27 19:32:02,749 [Listener at 127.0.0.1/45217] INFO  volume.MutableVolumeSet (MutableVolumeSet.java:initializeVolumeSet(181)) - Added Volume : /github/workspace/mnt/ozone/hadoop-ozone/integration-test/target/test-dir/MiniOzoneClusterImpl-f0010636-4b6e-4820-a6ed-9dd9125fe66b/datanode-9/data-0/containers/hdds to VolumeSet
2020-05-27 19:32:02,750 [Listener at 127.0.0.1/45217] INFO  volume.ThrottledAsyncChecker (ThrottledAsyncChecker.java:schedule(141)) - Scheduling a check for /github/workspace/mnt/ozone/hadoop-ozone/integration-test/target/test-dir/MiniOzoneClusterImpl-f0010636-4b6e-4820-a6ed-9dd9125fe66b/datanode-9/data-0/containers/hdds
2020-05-27 19:32:02,751 [Listener at 127.0.0.1/45217] INFO  volume.HddsVolumeChecker (HddsVolumeChecker.java:checkAllVolumes(200)) - Scheduled health check for volume /github/workspace/mnt/ozone/hadoop-ozone/integration-test/target/test-dir/MiniOzoneClusterImpl-f0010636-4b6e-4820-a6ed-9dd9125fe66b/datanode-9/data-0/containers/hdds
2020-05-27 19:32:02,764 [org.apache.hadoop.util.JvmPauseMonitor$Monitor@76046307] INFO  util.JvmPauseMonitor (JvmPauseMonitor.java:run(188)) - Starting JVM pause monitor
2020-05-27 19:32:02,770 [Datanode State Machine Thread - 0] INFO  datanode.InitDatanodeState (InitDatanodeState.java:persistContainerDatanodeDetails(145)) - DatanodeDetails is persisted to /github/workspace/mnt/ozone/hadoop-ozone/integration-test/target/test-dir/MiniOzoneClusterImpl-f0010636-4b6e-4820-a6ed-9dd9125fe66b/datanode-8/meta/datanode.id
2020-05-27 19:32:02,773 [Listener at 127.0.0.1/45217] INFO  impl.RaftServerProxy (ConfUtils.java:logGet(44)) - raft.rpc.type = GRPC (default)
2020-05-27 19:32:02,773 [Listener at 127.0.0.1/45217] INFO  grpc.GrpcFactory (GrpcFactory.java:checkPooledByteBufAllocatorUseCacheForAllThreads(45)) - PERFORMANCE WARNING: useCacheForAllThreads is true that may cause Netty to create a lot garbage objects and, as a result, trigger GC.
	It is recommended to disable useCacheForAllThreads by setting -Dorg.apache.ratis.thirdparty.io.netty.allocator.useCacheForAllThreads=false in command line.
2020-05-27 19:32:02,773 [Listener at 127.0.0.1/45217] INFO  grpc.GrpcConfigKeys (ConfUtils.java:logGet(44)) - raft.grpc.server.port = 0 (default)
2020-05-27 19:32:02,773 [Listener at 127.0.0.1/45217] INFO  server.GrpcService (ConfUtils.java:logGet(44)) - raft.grpc.message.size.max = 32MB (=33554432) (custom)
2020-05-27 19:32:02,773 [Listener at 127.0.0.1/45217] INFO  server.RaftServerConfigKeys (ConfUtils.java:logGet(44)) - raft.server.log.appender.buffer.byte-limit = 33554432 (custom)
2020-05-27 19:32:02,773 [Listener at 127.0.0.1/45217] INFO  server.GrpcService (ConfUtils.java:logGet(44)) - raft.grpc.flow.control.window = 5MB (=5242880) (custom)
2020-05-27 19:32:02,773 [Listener at 127.0.0.1/45217] INFO  server.RaftServerConfigKeys (ConfUtils.java:logGet(44)) - raft.server.rpc.request.timeout = 3s (default)
2020-05-27 19:32:02,774 [Listener at 127.0.0.1/45217] INFO  server.RaftServerConfigKeys (ConfUtils.java:logGet(44)) - raft.server.storage.dir = [/github/workspace/mnt/ozone/hadoop-ozone/integration-test/target/test-dir/MiniOzoneClusterImpl-f0010636-4b6e-4820-a6ed-9dd9125fe66b/datanode-9/data/ratis] (custom)
2020-05-27 19:32:02,779 [Listener at 127.0.0.1/45217] INFO  http.BaseHttpServer (BaseHttpServer.java:newHttpServer2BuilderForOzone(205)) - Starting Web-server for hddsDatanode at: http://0.0.0.0:0
2020-05-27 19:32:02,779 [Listener at 127.0.0.1/45217] INFO  http.BaseHttpServer (BaseHttpServer.java:<init>(106)) - Hadoop Security Enabled: false Ozone Security Enabled: false Ozone HTTP Security Enabled: false 
2020-05-27 19:32:02,781 [Listener at 127.0.0.1/45217] INFO  server.AuthenticationFilter (AuthenticationFilter.java:constructSecretProvider(240)) - Unable to initialize FileSignerSecretProvider, falling back to use random secrets.
2020-05-27 19:32:02,782 [Listener at 127.0.0.1/45217] WARN  http.HttpRequestLog (HttpRequestLog.java:getRequestLog(103)) - Jetty request log can only be enabled using Log4j
2020-05-27 19:32:02,782 [Listener at 127.0.0.1/45217] INFO  http.HttpServer2 (HttpServer2.java:addGlobalFilter(993)) - Added global filter 'safety' (class=org.apache.hadoop.hdds.server.http.HttpServer2$QuotingInputFilter)
2020-05-27 19:32:02,783 [Listener at 127.0.0.1/45217] INFO  http.HttpServer2 (HttpServer2.java:addFilter(969)) - Added filter authentication (class=org.apache.hadoop.security.authentication.server.AuthenticationFilter) to context hddsDatanode
2020-05-27 19:32:02,783 [Listener at 127.0.0.1/45217] INFO  http.HttpServer2 (HttpServer2.java:addFilter(977)) - Added filter authentication (class=org.apache.hadoop.security.authentication.server.AuthenticationFilter) to context static
2020-05-27 19:32:02,783 [Listener at 127.0.0.1/45217] INFO  http.HttpServer2 (HttpServer2.java:addFilter(977)) - Added filter authentication (class=org.apache.hadoop.security.authentication.server.AuthenticationFilter) to context logs
2020-05-27 19:32:02,784 [Listener at 127.0.0.1/45217] INFO  http.HttpServer2 (HttpServer2.java:bindListener(1211)) - Jetty bound to port 35875
2020-05-27 19:32:02,784 [Listener at 127.0.0.1/45217] INFO  server.Server (Server.java:doStart(359)) - jetty-9.4.26.v20200117; built: 2020-01-17T12:35:33.676Z; git: 7b38981d25d14afb4a12ff1f2596756144edf695; jvm 1.8.0_232-b09
2020-05-27 19:32:02,786 [Listener at 127.0.0.1/45217] INFO  server.session (DefaultSessionIdManager.java:doStart(333)) - DefaultSessionIdManager workerName=node0
2020-05-27 19:32:02,787 [Listener at 127.0.0.1/45217] INFO  server.session (DefaultSessionIdManager.java:doStart(338)) - No SessionScavenger set, using defaults
2020-05-27 19:32:02,787 [Listener at 127.0.0.1/45217] INFO  server.session (HouseKeeper.java:startScavenging(140)) - node0 Scavenging every 600000ms
2020-05-27 19:32:02,788 [Listener at 127.0.0.1/45217] INFO  server.AuthenticationFilter (AuthenticationFilter.java:constructSecretProvider(240)) - Unable to initialize FileSignerSecretProvider, falling back to use random secrets.
2020-05-27 19:32:02,789 [Listener at 127.0.0.1/45217] INFO  handler.ContextHandler (ContextHandler.java:doStart(825)) - Started o.e.j.s.ServletContextHandler@311eb725{logs,/logs,file:///github/workspace/mnt/ozone/hadoop-ozone/integration-test/target/log,AVAILABLE}
2020-05-27 19:32:02,789 [Listener at 127.0.0.1/45217] INFO  handler.ContextHandler (ContextHandler.java:doStart(825)) - Started o.e.j.s.ServletContextHandler@6c4a1980{static,/static,jar:file:/home/user/.m2/repository/org/apache/hadoop/hadoop-hdds-container-service/0.6.0-SNAPSHOT/hadoop-hdds-container-service-0.6.0-SNAPSHOT.jar!/webapps/static,AVAILABLE}
2020-05-27 19:32:02,822 [Listener at 127.0.0.1/45217] INFO  handler.ContextHandler (ContextHandler.java:doStart(825)) - Started o.e.j.w.WebAppContext@4dfbe8c2{hddsDatanode,/,file:///tmp/jetty-0_0_0_0-35875-hadoop-hdds-container-service-0_6_0-SNAPSHOT_jar-_-any-8571834199141936960.dir/webapp/,AVAILABLE}{jar:file:/home/user/.m2/repository/org/apache/hadoop/hadoop-hdds-container-service/0.6.0-SNAPSHOT/hadoop-hdds-container-service-0.6.0-SNAPSHOT.jar!/webapps/hddsDatanode}
2020-05-27 19:32:02,825 [Listener at 127.0.0.1/45217] INFO  server.AbstractConnector (AbstractConnector.java:doStart(330)) - Started ServerConnector@3619bc9e{HTTP/1.1,[http/1.1]}{0.0.0.0:35875}
2020-05-27 19:32:02,826 [Listener at 127.0.0.1/45217] INFO  server.Server (Server.java:doStart(399)) - Started @6063ms
2020-05-27 19:32:02,826 [Listener at 127.0.0.1/45217] WARN  impl.MetricsSystemImpl (MetricsSystemImpl.java:register(276)) - Sink prometheus already exists!
2020-05-27 19:32:02,832 [Listener at 127.0.0.1/45217] INFO  http.BaseHttpServer (BaseHttpServer.java:updateConnectorAddress(325)) - HTTP server of hddsDatanode listening at http://0.0.0.0:35875
2020-05-27 19:32:02,833 [Listener at 127.0.0.1/45217] INFO  ozone.MiniOzoneClusterImpl (MiniOzoneClusterImpl.java:lambda$waitForClusterToBeReady$0(177)) - Waiting for nodes to be ready. Got 0 of 10 DN Heartbeats.
2020-05-27 19:32:02,833 [Listener at 127.0.0.1/45217] INFO  ozone.MiniOzoneClusterImpl (MiniOzoneClusterImpl.java:lambda$waitForClusterToBeReady$0(180)) - Waiting for cluster to exit safe mode
2020-05-27 19:32:02,840 [org.apache.hadoop.util.JvmPauseMonitor$Monitor@39cad39e] INFO  util.JvmPauseMonitor (JvmPauseMonitor.java:run(188)) - Starting JVM pause monitor
2020-05-27 19:32:02,842 [Datanode State Machine Thread - 0] INFO  datanode.InitDatanodeState (InitDatanodeState.java:persistContainerDatanodeDetails(145)) - DatanodeDetails is persisted to /github/workspace/mnt/ozone/hadoop-ozone/integration-test/target/test-dir/MiniOzoneClusterImpl-f0010636-4b6e-4820-a6ed-9dd9125fe66b/datanode-9/meta/datanode.id
2020-05-27 19:32:03,833 [Listener at 127.0.0.1/45217] INFO  ozone.MiniOzoneClusterImpl (MiniOzoneClusterImpl.java:lambda$waitForClusterToBeReady$0(177)) - Waiting for nodes to be ready. Got 0 of 10 DN Heartbeats.
2020-05-27 19:32:03,833 [Listener at 127.0.0.1/45217] INFO  ozone.MiniOzoneClusterImpl (MiniOzoneClusterImpl.java:lambda$waitForClusterToBeReady$0(180)) - Waiting for cluster to exit safe mode
2020-05-27 19:32:03,974 [Datanode State Machine Thread - 0] INFO  ozoneimpl.OzoneContainer (OzoneContainer.java:start(232)) - Attempting to start container services.
2020-05-27 19:32:03,976 [Datanode State Machine Thread - 0] INFO  ozoneimpl.OzoneContainer (OzoneContainer.java:startContainerScrub(196)) - Background container scanner has been disabled.
2020-05-27 19:32:03,976 [Datanode State Machine Thread - 0] INFO  ratis.XceiverServerRatis (XceiverServerRatis.java:start(425)) - Starting XceiverServerRatis 7aed9675-d015-411c-894d-27da46c364a7 at port 0
2020-05-27 19:32:03,991 [Datanode State Machine Thread - 0] INFO  impl.RaftServerProxy (RaftServerProxy.java:lambda$start$3(299)) - 7aed9675-d015-411c-894d-27da46c364a7: start RPC server
2020-05-27 19:32:04,050 [Datanode State Machine Thread - 0] INFO  server.GrpcService (GrpcService.java:startImpl(159)) - 7aed9675-d015-411c-894d-27da46c364a7: GrpcService started, listening on 0.0.0.0/0.0.0.0:39715
2020-05-27 19:32:04,050 [Datanode State Machine Thread - 0] INFO  ratis.XceiverServerRatis (XceiverServerRatis.java:start(437)) - XceiverServerRatis 7aed9675-d015-411c-894d-27da46c364a7 is started using port 39715
2020-05-27 19:32:04,054 [Datanode State Machine Thread - 0] INFO  server.XceiverServerGrpc (XceiverServerGrpc.java:start(145)) - XceiverServerGrpc 7aed9675-d015-411c-894d-27da46c364a7 is started using port 34545
2020-05-27 19:32:04,100 [Datanode State Machine Thread - 0] INFO  ozoneimpl.OzoneContainer (OzoneContainer.java:start(232)) - Attempting to start container services.
2020-05-27 19:32:04,104 [Datanode State Machine Thread - 0] INFO  ozoneimpl.OzoneContainer (OzoneContainer.java:startContainerScrub(196)) - Background container scanner has been disabled.
2020-05-27 19:32:04,105 [Datanode State Machine Thread - 0] INFO  ratis.XceiverServerRatis (XceiverServerRatis.java:start(425)) - Starting XceiverServerRatis 8517f1c7-f3e1-454a-ad82-74e7a1dbb9de at port 0
2020-05-27 19:32:04,107 [Datanode State Machine Thread - 0] INFO  impl.RaftServerProxy (RaftServerProxy.java:lambda$start$3(299)) - 8517f1c7-f3e1-454a-ad82-74e7a1dbb9de: start RPC server
2020-05-27 19:32:04,117 [Datanode State Machine Thread - 0] INFO  server.GrpcService (GrpcService.java:startImpl(159)) - 8517f1c7-f3e1-454a-ad82-74e7a1dbb9de: GrpcService started, listening on 0.0.0.0/0.0.0.0:39899
2020-05-27 19:32:04,117 [Datanode State Machine Thread - 0] INFO  ratis.XceiverServerRatis (XceiverServerRatis.java:start(437)) - XceiverServerRatis 8517f1c7-f3e1-454a-ad82-74e7a1dbb9de is started using port 39899
2020-05-27 19:32:04,119 [Datanode State Machine Thread - 0] INFO  server.XceiverServerGrpc (XceiverServerGrpc.java:start(145)) - XceiverServerGrpc 8517f1c7-f3e1-454a-ad82-74e7a1dbb9de is started using port 35495
2020-05-27 19:32:04,168 [Datanode State Machine Thread - 0] INFO  ozoneimpl.OzoneContainer (OzoneContainer.java:start(232)) - Attempting to start container services.
2020-05-27 19:32:04,168 [Datanode State Machine Thread - 0] INFO  ozoneimpl.OzoneContainer (OzoneContainer.java:startContainerScrub(196)) - Background container scanner has been disabled.
2020-05-27 19:32:04,168 [Datanode State Machine Thread - 0] INFO  ratis.XceiverServerRatis (XceiverServerRatis.java:start(425)) - Starting XceiverServerRatis ca2c986f-4912-4d51-86c7-28829081ffa0 at port 0
2020-05-27 19:32:04,172 [Datanode State Machine Thread - 0] INFO  impl.RaftServerProxy (RaftServerProxy.java:lambda$start$3(299)) - ca2c986f-4912-4d51-86c7-28829081ffa0: start RPC server
2020-05-27 19:32:04,185 [Datanode State Machine Thread - 0] INFO  server.GrpcService (GrpcService.java:startImpl(159)) - ca2c986f-4912-4d51-86c7-28829081ffa0: GrpcService started, listening on 0.0.0.0/0.0.0.0:37767
2020-05-27 19:32:04,185 [Datanode State Machine Thread - 0] INFO  ratis.XceiverServerRatis (XceiverServerRatis.java:start(437)) - XceiverServerRatis ca2c986f-4912-4d51-86c7-28829081ffa0 is started using port 37767
2020-05-27 19:32:04,186 [Datanode State Machine Thread - 0] INFO  server.XceiverServerGrpc (XceiverServerGrpc.java:start(145)) - XceiverServerGrpc ca2c986f-4912-4d51-86c7-28829081ffa0 is started using port 43045
2020-05-27 19:32:04,268 [Datanode State Machine Thread - 0] INFO  ozoneimpl.OzoneContainer (OzoneContainer.java:start(232)) - Attempting to start container services.
2020-05-27 19:32:04,268 [Datanode State Machine Thread - 0] INFO  ozoneimpl.OzoneContainer (OzoneContainer.java:startContainerScrub(196)) - Background container scanner has been disabled.
2020-05-27 19:32:04,268 [Datanode State Machine Thread - 0] INFO  ratis.XceiverServerRatis (XceiverServerRatis.java:start(425)) - Starting XceiverServerRatis 43a73f06-de32-4f2e-9dfd-3dbd6ac88803 at port 0
2020-05-27 19:32:04,271 [Datanode State Machine Thread - 0] INFO  impl.RaftServerProxy (RaftServerProxy.java:lambda$start$3(299)) - 43a73f06-de32-4f2e-9dfd-3dbd6ac88803: start RPC server
2020-05-27 19:32:04,272 [Datanode State Machine Thread - 0] INFO  server.GrpcService (GrpcService.java:startImpl(159)) - 43a73f06-de32-4f2e-9dfd-3dbd6ac88803: GrpcService started, listening on 0.0.0.0/0.0.0.0:43883
2020-05-27 19:32:04,272 [Datanode State Machine Thread - 0] INFO  ratis.XceiverServerRatis (XceiverServerRatis.java:start(437)) - XceiverServerRatis 43a73f06-de32-4f2e-9dfd-3dbd6ac88803 is started using port 43883
2020-05-27 19:32:04,274 [Datanode State Machine Thread - 0] INFO  server.XceiverServerGrpc (XceiverServerGrpc.java:start(145)) - XceiverServerGrpc 43a73f06-de32-4f2e-9dfd-3dbd6ac88803 is started using port 39323
2020-05-27 19:32:04,369 [Datanode State Machine Thread - 0] INFO  ozoneimpl.OzoneContainer (OzoneContainer.java:start(232)) - Attempting to start container services.
2020-05-27 19:32:04,369 [Datanode State Machine Thread - 0] INFO  ozoneimpl.OzoneContainer (OzoneContainer.java:startContainerScrub(196)) - Background container scanner has been disabled.
2020-05-27 19:32:04,370 [Datanode State Machine Thread - 0] INFO  ratis.XceiverServerRatis (XceiverServerRatis.java:start(425)) - Starting XceiverServerRatis 7d59b1d8-9c1a-4986-8068-ccaafcba6925 at port 0
2020-05-27 19:32:04,371 [Datanode State Machine Thread - 0] INFO  impl.RaftServerProxy (RaftServerProxy.java:lambda$start$3(299)) - 7d59b1d8-9c1a-4986-8068-ccaafcba6925: start RPC server
2020-05-27 19:32:04,373 [Datanode State Machine Thread - 0] INFO  server.GrpcService (GrpcService.java:startImpl(159)) - 7d59b1d8-9c1a-4986-8068-ccaafcba6925: GrpcService started, listening on 0.0.0.0/0.0.0.0:37367
2020-05-27 19:32:04,373 [Datanode State Machine Thread - 0] INFO  ratis.XceiverServerRatis (XceiverServerRatis.java:start(437)) - XceiverServerRatis 7d59b1d8-9c1a-4986-8068-ccaafcba6925 is started using port 37367
2020-05-27 19:32:04,375 [Datanode State Machine Thread - 0] INFO  server.XceiverServerGrpc (XceiverServerGrpc.java:start(145)) - XceiverServerGrpc 7d59b1d8-9c1a-4986-8068-ccaafcba6925 is started using port 39673
2020-05-27 19:32:04,476 [Datanode State Machine Thread - 0] INFO  ozoneimpl.OzoneContainer (OzoneContainer.java:start(232)) - Attempting to start container services.
2020-05-27 19:32:04,477 [Datanode State Machine Thread - 0] INFO  ozoneimpl.OzoneContainer (OzoneContainer.java:startContainerScrub(196)) - Background container scanner has been disabled.
2020-05-27 19:32:04,477 [Datanode State Machine Thread - 0] INFO  ratis.XceiverServerRatis (XceiverServerRatis.java:start(425)) - Starting XceiverServerRatis f8fa1989-8a4e-41f2-9266-8404362eecef at port 0
2020-05-27 19:32:04,478 [Datanode State Machine Thread - 0] INFO  impl.RaftServerProxy (RaftServerProxy.java:lambda$start$3(299)) - f8fa1989-8a4e-41f2-9266-8404362eecef: start RPC server
2020-05-27 19:32:04,479 [Datanode State Machine Thread - 0] INFO  server.GrpcService (GrpcService.java:startImpl(159)) - f8fa1989-8a4e-41f2-9266-8404362eecef: GrpcService started, listening on 0.0.0.0/0.0.0.0:34811
2020-05-27 19:32:04,479 [Datanode State Machine Thread - 0] INFO  ratis.XceiverServerRatis (XceiverServerRatis.java:start(437)) - XceiverServerRatis f8fa1989-8a4e-41f2-9266-8404362eecef is started using port 34811
2020-05-27 19:32:04,480 [Datanode State Machine Thread - 0] INFO  server.XceiverServerGrpc (XceiverServerGrpc.java:start(145)) - XceiverServerGrpc f8fa1989-8a4e-41f2-9266-8404362eecef is started using port 43087
2020-05-27 19:32:04,575 [Datanode State Machine Thread - 0] INFO  ozoneimpl.OzoneContainer (OzoneContainer.java:start(232)) - Attempting to start container services.
2020-05-27 19:32:04,575 [Datanode State Machine Thread - 0] INFO  ozoneimpl.OzoneContainer (OzoneContainer.java:startContainerScrub(196)) - Background container scanner has been disabled.
2020-05-27 19:32:04,575 [Datanode State Machine Thread - 0] INFO  ratis.XceiverServerRatis (XceiverServerRatis.java:start(425)) - Starting XceiverServerRatis f1f3a69c-d257-43b6-814a-48c5022c930f at port 0
2020-05-27 19:32:04,577 [Datanode State Machine Thread - 0] INFO  impl.RaftServerProxy (RaftServerProxy.java:lambda$start$3(299)) - f1f3a69c-d257-43b6-814a-48c5022c930f: start RPC server
2020-05-27 19:32:04,578 [Datanode State Machine Thread - 0] INFO  server.GrpcService (GrpcService.java:startImpl(159)) - f1f3a69c-d257-43b6-814a-48c5022c930f: GrpcService started, listening on 0.0.0.0/0.0.0.0:43147
2020-05-27 19:32:04,579 [Datanode State Machine Thread - 0] INFO  ratis.XceiverServerRatis (XceiverServerRatis.java:start(437)) - XceiverServerRatis f1f3a69c-d257-43b6-814a-48c5022c930f is started using port 43147
2020-05-27 19:32:04,580 [Datanode State Machine Thread - 0] INFO  server.XceiverServerGrpc (XceiverServerGrpc.java:start(145)) - XceiverServerGrpc f1f3a69c-d257-43b6-814a-48c5022c930f is started using port 38211
2020-05-27 19:32:04,665 [Datanode State Machine Thread - 0] INFO  ozoneimpl.OzoneContainer (OzoneContainer.java:start(232)) - Attempting to start container services.
2020-05-27 19:32:04,666 [Datanode State Machine Thread - 0] INFO  ozoneimpl.OzoneContainer (OzoneContainer.java:startContainerScrub(196)) - Background container scanner has been disabled.
2020-05-27 19:32:04,666 [Datanode State Machine Thread - 0] INFO  ratis.XceiverServerRatis (XceiverServerRatis.java:start(425)) - Starting XceiverServerRatis 0ab43432-34fe-4306-a50d-0ea23314de87 at port 0
2020-05-27 19:32:04,667 [Datanode State Machine Thread - 0] INFO  impl.RaftServerProxy (RaftServerProxy.java:lambda$start$3(299)) - 0ab43432-34fe-4306-a50d-0ea23314de87: start RPC server
2020-05-27 19:32:04,669 [Datanode State Machine Thread - 0] INFO  server.GrpcService (GrpcService.java:startImpl(159)) - 0ab43432-34fe-4306-a50d-0ea23314de87: GrpcService started, listening on 0.0.0.0/0.0.0.0:42819
2020-05-27 19:32:04,669 [Datanode State Machine Thread - 0] INFO  ratis.XceiverServerRatis (XceiverServerRatis.java:start(437)) - XceiverServerRatis 0ab43432-34fe-4306-a50d-0ea23314de87 is started using port 42819
2020-05-27 19:32:04,670 [Datanode State Machine Thread - 0] INFO  server.XceiverServerGrpc (XceiverServerGrpc.java:start(145)) - XceiverServerGrpc 0ab43432-34fe-4306-a50d-0ea23314de87 is started using port 34333
2020-05-27 19:32:04,768 [Datanode State Machine Thread - 0] INFO  ozoneimpl.OzoneContainer (OzoneContainer.java:start(232)) - Attempting to start container services.
2020-05-27 19:32:04,768 [Datanode State Machine Thread - 0] INFO  ozoneimpl.OzoneContainer (OzoneContainer.java:startContainerScrub(196)) - Background container scanner has been disabled.
2020-05-27 19:32:04,768 [Datanode State Machine Thread - 0] INFO  ratis.XceiverServerRatis (XceiverServerRatis.java:start(425)) - Starting XceiverServerRatis 98c33ea6-fb47-41c3-bd3d-1c17f3427380 at port 0
2020-05-27 19:32:04,769 [Datanode State Machine Thread - 0] INFO  impl.RaftServerProxy (RaftServerProxy.java:lambda$start$3(299)) - 98c33ea6-fb47-41c3-bd3d-1c17f3427380: start RPC server
2020-05-27 19:32:04,771 [Datanode State Machine Thread - 0] INFO  server.GrpcService (GrpcService.java:startImpl(159)) - 98c33ea6-fb47-41c3-bd3d-1c17f3427380: GrpcService started, listening on 0.0.0.0/0.0.0.0:32845
2020-05-27 19:32:04,771 [Datanode State Machine Thread - 0] INFO  ratis.XceiverServerRatis (XceiverServerRatis.java:start(437)) - XceiverServerRatis 98c33ea6-fb47-41c3-bd3d-1c17f3427380 is started using port 32845
2020-05-27 19:32:04,772 [Datanode State Machine Thread - 0] INFO  server.XceiverServerGrpc (XceiverServerGrpc.java:start(145)) - XceiverServerGrpc 98c33ea6-fb47-41c3-bd3d-1c17f3427380 is started using port 44321
2020-05-27 19:32:04,834 [Listener at 127.0.0.1/45217] INFO  ozone.MiniOzoneClusterImpl (MiniOzoneClusterImpl.java:lambda$waitForClusterToBeReady$0(177)) - Waiting for nodes to be ready. Got 0 of 10 DN Heartbeats.
2020-05-27 19:32:04,834 [Listener at 127.0.0.1/45217] INFO  ozone.MiniOzoneClusterImpl (MiniOzoneClusterImpl.java:lambda$waitForClusterToBeReady$0(180)) - Waiting for cluster to exit safe mode
2020-05-27 19:32:04,844 [Datanode State Machine Thread - 0] INFO  ozoneimpl.OzoneContainer (OzoneContainer.java:start(232)) - Attempting to start container services.
2020-05-27 19:32:04,844 [Datanode State Machine Thread - 0] INFO  ozoneimpl.OzoneContainer (OzoneContainer.java:startContainerScrub(196)) - Background container scanner has been disabled.
2020-05-27 19:32:04,844 [Datanode State Machine Thread - 0] INFO  ratis.XceiverServerRatis (XceiverServerRatis.java:start(425)) - Starting XceiverServerRatis c8b07204-1f01-416a-8b12-65edb182c14b at port 0
2020-05-27 19:32:04,845 [Datanode State Machine Thread - 0] INFO  impl.RaftServerProxy (RaftServerProxy.java:lambda$start$3(299)) - c8b07204-1f01-416a-8b12-65edb182c14b: start RPC server
2020-05-27 19:32:04,846 [Datanode State Machine Thread - 0] INFO  server.GrpcService (GrpcService.java:startImpl(159)) - c8b07204-1f01-416a-8b12-65edb182c14b: GrpcService started, listening on 0.0.0.0/0.0.0.0:36541
2020-05-27 19:32:04,847 [Datanode State Machine Thread - 0] INFO  ratis.XceiverServerRatis (XceiverServerRatis.java:start(437)) - XceiverServerRatis c8b07204-1f01-416a-8b12-65edb182c14b is started using port 36541
2020-05-27 19:32:04,851 [Datanode State Machine Thread - 0] INFO  server.XceiverServerGrpc (XceiverServerGrpc.java:start(145)) - XceiverServerGrpc c8b07204-1f01-416a-8b12-65edb182c14b is started using port 43761
2020-05-27 19:32:05,834 [Listener at 127.0.0.1/45217] INFO  ozone.MiniOzoneClusterImpl (MiniOzoneClusterImpl.java:lambda$waitForClusterToBeReady$0(177)) - Waiting for nodes to be ready. Got 0 of 10 DN Heartbeats.
2020-05-27 19:32:05,834 [Listener at 127.0.0.1/45217] INFO  ozone.MiniOzoneClusterImpl (MiniOzoneClusterImpl.java:lambda$waitForClusterToBeReady$0(180)) - Waiting for cluster to exit safe mode
2020-05-27 19:32:05,930 [IPC Server handler 1 on default port 42781] INFO  net.NetworkTopology (NetworkTopologyImpl.java:add(111)) - Added a new node: /rack1/7aed9675-d015-411c-894d-27da46c364a7
2020-05-27 19:32:05,930 [IPC Server handler 1 on default port 42781] INFO  node.SCMNodeManager (SCMNodeManager.java:register(268)) - Registered Data node : 7aed9675-d015-411c-894d-27da46c364a7{ip: 172.17.0.2, host: 97d0c8b5f382, networkLocation: /rack1, certSerialId: null}
2020-05-27 19:32:05,936 [EventQueue-NodeRegistrationContainerReportForDataNodeSafeModeRule] INFO  safemode.SCMSafeModeManager (DataNodeSafeModeRule.java:process(71)) - SCM in safe mode. 1 DataNodes registered, 1 required.
2020-05-27 19:32:05,937 [EventQueue-NodeRegistrationContainerReportForDataNodeSafeModeRule] INFO  safemode.SCMSafeModeManager (SCMSafeModeManager.java:validateSafeModeExitRules(213)) - DataNodeSafeModeRule rule is successfully validated
2020-05-27 19:32:05,937 [EventQueue-NodeRegistrationContainerReportForDataNodeSafeModeRule] INFO  safemode.SCMSafeModeManager (SCMSafeModeManager.java:completePreCheck(241)) - All SCM safe mode pre check rules have passed
2020-05-27 19:32:05,941 [EventQueue-NodeRegistrationContainerReportForContainerSafeModeRule] INFO  safemode.SCMSafeModeManager (SCMSafeModeManager.java:validateSafeModeExitRules(213)) - ContainerSafeModeRule rule is successfully validated
2020-05-27 19:32:05,946 [RatisPipelineUtilsThread] INFO  pipeline.RatisPipelineProvider (RatisPipelineProvider.java:lambda$create$0(138)) - Sending CreatePipelineCommand for pipeline:PipelineID=bb0351a3-ccf2-43a4-8e0a-3fc468e53593 to datanode:7aed9675-d015-411c-894d-27da46c364a7
2020-05-27 19:32:05,960 [RatisPipelineUtilsThread] INFO  pipeline.PipelineStateManager (PipelineStateManager.java:addPipeline(54)) - Created pipeline Pipeline[ Id: bb0351a3-ccf2-43a4-8e0a-3fc468e53593, Nodes: 7aed9675-d015-411c-894d-27da46c364a7{ip: 172.17.0.2, host: 97d0c8b5f382, networkLocation: /rack1, certSerialId: null}, Type:RATIS, Factor:ONE, State:ALLOCATED, leaderId:null, CreationTimestamp2020-05-27T19:32:05.943Z]
2020-05-27 19:32:05,964 [RatisPipelineUtilsThread] ERROR pipeline.SCMPipelineManager (SCMPipelineManager.java:createPipeline(222)) - Failed to create pipeline of type RATIS and factor ONE. Exception: Cannot create pipeline of factor 1 using 0 nodes. Used 1 nodes. Healthy nodes 1
2020-05-27 19:32:05,965 [RatisPipelineUtilsThread] WARN  pipeline.PipelinePlacementPolicy (PipelinePlacementPolicy.java:filterViableNodes(133)) - Pipeline creation failed due to no sufficient healthy datanodes. Required 3. Found 1.
2020-05-27 19:32:05,965 [RatisPipelineUtilsThread] ERROR pipeline.SCMPipelineManager (SCMPipelineManager.java:createPipeline(222)) - Failed to create pipeline of type RATIS and factor THREE. Exception: Pipeline creation failed due to no sufficient healthy datanodes. Required 3. Found 1.
2020-05-27 19:32:06,100 [IPC Server handler 2 on default port 42781] INFO  net.NetworkTopology (NetworkTopologyImpl.java:add(111)) - Added a new node: /rack1/8517f1c7-f3e1-454a-ad82-74e7a1dbb9de
2020-05-27 19:32:06,100 [IPC Server handler 2 on default port 42781] INFO  node.SCMNodeManager (SCMNodeManager.java:register(268)) - Registered Data node : 8517f1c7-f3e1-454a-ad82-74e7a1dbb9de{ip: 172.17.0.2, host: 97d0c8b5f382, networkLocation: /rack1, certSerialId: null}
2020-05-27 19:32:06,100 [EventQueue-NodeRegistrationContainerReportForDataNodeSafeModeRule] INFO  safemode.SCMSafeModeManager (SCMSafeModeManager.java:validateSafeModeExitRules(213)) - DataNodeSafeModeRule rule is successfully validated
2020-05-27 19:32:06,100 [EventQueue-NodeRegistrationContainerReportForContainerSafeModeRule] INFO  safemode.SCMSafeModeManager (SCMSafeModeManager.java:validateSafeModeExitRules(213)) - ContainerSafeModeRule rule is successfully validated
2020-05-27 19:32:06,101 [RatisPipelineUtilsThread] INFO  pipeline.RatisPipelineProvider (RatisPipelineProvider.java:lambda$create$0(138)) - Sending CreatePipelineCommand for pipeline:PipelineID=ab5c7280-efe6-43b4-8a14-7dd91c2e09de to datanode:8517f1c7-f3e1-454a-ad82-74e7a1dbb9de
2020-05-27 19:32:06,101 [RatisPipelineUtilsThread] INFO  pipeline.PipelineStateManager (PipelineStateManager.java:addPipeline(54)) - Created pipeline Pipeline[ Id: ab5c7280-efe6-43b4-8a14-7dd91c2e09de, Nodes: 8517f1c7-f3e1-454a-ad82-74e7a1dbb9de{ip: 172.17.0.2, host: 97d0c8b5f382, networkLocation: /rack1, certSerialId: null}, Type:RATIS, Factor:ONE, State:ALLOCATED, leaderId:null, CreationTimestamp2020-05-27T19:32:06.101Z]
2020-05-27 19:32:06,102 [RatisPipelineUtilsThread] ERROR pipeline.SCMPipelineManager (SCMPipelineManager.java:createPipeline(222)) - Failed to create pipeline of type RATIS and factor ONE. Exception: Cannot create pipeline of factor 1 using 0 nodes. Used 2 nodes. Healthy nodes 2
2020-05-27 19:32:06,102 [RatisPipelineUtilsThread] WARN  pipeline.PipelinePlacementPolicy (PipelinePlacementPolicy.java:filterViableNodes(133)) - Pipeline creation failed due to no sufficient healthy datanodes. Required 3. Found 2.
2020-05-27 19:32:06,102 [RatisPipelineUtilsThread] ERROR pipeline.SCMPipelineManager (SCMPipelineManager.java:createPipeline(222)) - Failed to create pipeline of type RATIS and factor THREE. Exception: Pipeline creation failed due to no sufficient healthy datanodes. Required 3. Found 2.
2020-05-27 19:32:06,166 [IPC Server handler 4 on default port 42781] INFO  net.NetworkTopology (NetworkTopologyImpl.java:add(111)) - Added a new node: /rack1/ca2c986f-4912-4d51-86c7-28829081ffa0
2020-05-27 19:32:06,166 [IPC Server handler 4 on default port 42781] INFO  node.SCMNodeManager (SCMNodeManager.java:register(268)) - Registered Data node : ca2c986f-4912-4d51-86c7-28829081ffa0{ip: 172.17.0.2, host: 97d0c8b5f382, networkLocation: /rack1, certSerialId: null}
2020-05-27 19:32:06,166 [EventQueue-NodeRegistrationContainerReportForContainerSafeModeRule] INFO  safemode.SCMSafeModeManager (SCMSafeModeManager.java:validateSafeModeExitRules(213)) - ContainerSafeModeRule rule is successfully validated
2020-05-27 19:32:06,166 [EventQueue-NodeRegistrationContainerReportForDataNodeSafeModeRule] INFO  safemode.SCMSafeModeManager (SCMSafeModeManager.java:validateSafeModeExitRules(213)) - DataNodeSafeModeRule rule is successfully validated
2020-05-27 19:32:06,167 [RatisPipelineUtilsThread] INFO  pipeline.RatisPipelineProvider (RatisPipelineProvider.java:lambda$create$0(138)) - Sending CreatePipelineCommand for pipeline:PipelineID=b55256d3-e68c-43b5-9a71-ca1c0f714b29 to datanode:ca2c986f-4912-4d51-86c7-28829081ffa0
2020-05-27 19:32:06,167 [RatisPipelineUtilsThread] INFO  pipeline.PipelineStateManager (PipelineStateManager.java:addPipeline(54)) - Created pipeline Pipeline[ Id: b55256d3-e68c-43b5-9a71-ca1c0f714b29, Nodes: ca2c986f-4912-4d51-86c7-28829081ffa0{ip: 172.17.0.2, host: 97d0c8b5f382, networkLocation: /rack1, certSerialId: null}, Type:RATIS, Factor:ONE, State:ALLOCATED, leaderId:null, CreationTimestamp2020-05-27T19:32:06.167Z]
2020-05-27 19:32:06,168 [RatisPipelineUtilsThread] ERROR pipeline.SCMPipelineManager (SCMPipelineManager.java:createPipeline(222)) - Failed to create pipeline of type RATIS and factor ONE. Exception: Cannot create pipeline of factor 1 using 0 nodes. Used 3 nodes. Healthy nodes 3
2020-05-27 19:32:06,172 [RatisPipelineUtilsThread] INFO  pipeline.RatisPipelineProvider (RatisPipelineProvider.java:lambda$create$0(138)) - Sending CreatePipelineCommand for pipeline:PipelineID=536519cf-b774-478c-afba-84e8a371d2c6 to datanode:7aed9675-d015-411c-894d-27da46c364a7
2020-05-27 19:32:06,172 [RatisPipelineUtilsThread] INFO  pipeline.RatisPipelineProvider (RatisPipelineProvider.java:lambda$create$0(138)) - Sending CreatePipelineCommand for pipeline:PipelineID=536519cf-b774-478c-afba-84e8a371d2c6 to datanode:ca2c986f-4912-4d51-86c7-28829081ffa0
2020-05-27 19:32:06,172 [RatisPipelineUtilsThread] INFO  pipeline.RatisPipelineProvider (RatisPipelineProvider.java:lambda$create$0(138)) - Sending CreatePipelineCommand for pipeline:PipelineID=536519cf-b774-478c-afba-84e8a371d2c6 to datanode:8517f1c7-f3e1-454a-ad82-74e7a1dbb9de
2020-05-27 19:32:06,173 [RatisPipelineUtilsThread] INFO  pipeline.PipelineStateManager (PipelineStateManager.java:addPipeline(54)) - Created pipeline Pipeline[ Id: 536519cf-b774-478c-afba-84e8a371d2c6, Nodes: 7aed9675-d015-411c-894d-27da46c364a7{ip: 172.17.0.2, host: 97d0c8b5f382, networkLocation: /rack1, certSerialId: null}ca2c986f-4912-4d51-86c7-28829081ffa0{ip: 172.17.0.2, host: 97d0c8b5f382, networkLocation: /rack1, certSerialId: null}8517f1c7-f3e1-454a-ad82-74e7a1dbb9de{ip: 172.17.0.2, host: 97d0c8b5f382, networkLocation: /rack1, certSerialId: null}, Type:RATIS, Factor:THREE, State:ALLOCATED, leaderId:null, CreationTimestamp2020-05-27T19:32:06.172Z]
2020-05-27 19:32:06,173 [RatisPipelineUtilsThread] ERROR pipeline.SCMPipelineManager (SCMPipelineManager.java:createPipeline(222)) - Failed to create pipeline of type RATIS and factor THREE. Exception: Pipeline creation failed because nodes are engaged in other pipelines and every node can only be engaged in max 2 pipelines. Required 3. Found 0
2020-05-27 19:32:06,265 [IPC Server handler 3 on default port 42781] INFO  net.NetworkTopology (NetworkTopologyImpl.java:add(111)) - Added a new node: /rack1/43a73f06-de32-4f2e-9dfd-3dbd6ac88803
2020-05-27 19:32:06,266 [IPC Server handler 3 on default port 42781] INFO  node.SCMNodeManager (SCMNodeManager.java:register(268)) - Registered Data node : 43a73f06-de32-4f2e-9dfd-3dbd6ac88803{ip: 172.17.0.2, host: 97d0c8b5f382, networkLocation: /rack1, certSerialId: null}
2020-05-27 19:32:06,266 [EventQueue-NodeRegistrationContainerReportForContainerSafeModeRule] INFO  safemode.SCMSafeModeManager (SCMSafeModeManager.java:validateSafeModeExitRules(213)) - ContainerSafeModeRule rule is successfully validated
2020-05-27 19:32:06,267 [EventQueue-NodeRegistrationContainerReportForDataNodeSafeModeRule] INFO  safemode.SCMSafeModeManager (SCMSafeModeManager.java:validateSafeModeExitRules(213)) - DataNodeSafeModeRule rule is successfully validated
2020-05-27 19:32:06,267 [RatisPipelineUtilsThread] INFO  pipeline.RatisPipelineProvider (RatisPipelineProvider.java:lambda$create$0(138)) - Sending CreatePipelineCommand for pipeline:PipelineID=0811533e-8f25-4cab-acfc-06a4d39d8215 to datanode:43a73f06-de32-4f2e-9dfd-3dbd6ac88803
2020-05-27 19:32:06,267 [RatisPipelineUtilsThread] INFO  pipeline.PipelineStateManager (PipelineStateManager.java:addPipeline(54)) - Created pipeline Pipeline[ Id: 0811533e-8f25-4cab-acfc-06a4d39d8215, Nodes: 43a73f06-de32-4f2e-9dfd-3dbd6ac88803{ip: 172.17.0.2, host: 97d0c8b5f382, networkLocation: /rack1, certSerialId: null}, Type:RATIS, Factor:ONE, State:ALLOCATED, leaderId:null, CreationTimestamp2020-05-27T19:32:06.267Z]
2020-05-27 19:32:06,268 [RatisPipelineUtilsThread] ERROR pipeline.SCMPipelineManager (SCMPipelineManager.java:createPipeline(222)) - Failed to create pipeline of type RATIS and factor ONE. Exception: Cannot create pipeline of factor 1 using 0 nodes. Used 4 nodes. Healthy nodes 4
2020-05-27 19:32:06,268 [RatisPipelineUtilsThread] ERROR pipeline.SCMPipelineManager (SCMPipelineManager.java:createPipeline(222)) - Failed to create pipeline of type RATIS and factor THREE. Exception: Pipeline creation failed because nodes are engaged in other pipelines and every node can only be engaged in max 2 pipelines. Required 3. Found 1
2020-05-27 19:32:06,368 [IPC Server handler 5 on default port 42781] INFO  net.NetworkTopology (NetworkTopologyImpl.java:add(111)) - Added a new node: /rack1/7d59b1d8-9c1a-4986-8068-ccaafcba6925
2020-05-27 19:32:06,368 [IPC Server handler 5 on default port 42781] INFO  node.SCMNodeManager (SCMNodeManager.java:register(268)) - Registered Data node : 7d59b1d8-9c1a-4986-8068-ccaafcba6925{ip: 172.17.0.2, host: 97d0c8b5f382, networkLocation: /rack1, certSerialId: null}
2020-05-27 19:32:06,368 [EventQueue-NodeRegistrationContainerReportForContainerSafeModeRule] INFO  safemode.SCMSafeModeManager (SCMSafeModeManager.java:validateSafeModeExitRules(213)) - ContainerSafeModeRule rule is successfully validated
2020-05-27 19:32:06,369 [EventQueue-NodeRegistrationContainerReportForDataNodeSafeModeRule] INFO  safemode.SCMSafeModeManager (SCMSafeModeManager.java:validateSafeModeExitRules(213)) - DataNodeSafeModeRule rule is successfully validated
2020-05-27 19:32:06,370 [RatisPipelineUtilsThread] INFO  pipeline.RatisPipelineProvider (RatisPipelineProvider.java:lambda$create$0(138)) - Sending CreatePipelineCommand for pipeline:PipelineID=ccb19cd2-0da5-404e-8a0b-1c4162f2f3aa to datanode:7d59b1d8-9c1a-4986-8068-ccaafcba6925
2020-05-27 19:32:06,370 [RatisPipelineUtilsThread] INFO  pipeline.PipelineStateManager (PipelineStateManager.java:addPipeline(54)) - Created pipeline Pipeline[ Id: ccb19cd2-0da5-404e-8a0b-1c4162f2f3aa, Nodes: 7d59b1d8-9c1a-4986-8068-ccaafcba6925{ip: 172.17.0.2, host: 97d0c8b5f382, networkLocation: /rack1, certSerialId: null}, Type:RATIS, Factor:ONE, State:ALLOCATED, leaderId:null, CreationTimestamp2020-05-27T19:32:06.370Z]
2020-05-27 19:32:06,371 [RatisPipelineUtilsThread] ERROR pipeline.SCMPipelineManager (SCMPipelineManager.java:createPipeline(222)) - Failed to create pipeline of type RATIS and factor ONE. Exception: Cannot create pipeline of factor 1 using 0 nodes. Used 5 nodes. Healthy nodes 5
2020-05-27 19:32:06,371 [RatisPipelineUtilsThread] ERROR pipeline.SCMPipelineManager (SCMPipelineManager.java:createPipeline(222)) - Failed to create pipeline of type RATIS and factor THREE. Exception: Pipeline creation failed because nodes are engaged in other pipelines and every node can only be engaged in max 2 pipelines. Required 3. Found 2
2020-05-27 19:32:06,474 [IPC Server handler 11 on default port 42781] INFO  net.NetworkTopology (NetworkTopologyImpl.java:add(111)) - Added a new node: /rack1/f8fa1989-8a4e-41f2-9266-8404362eecef
2020-05-27 19:32:06,474 [IPC Server handler 11 on default port 42781] INFO  node.SCMNodeManager (SCMNodeManager.java:register(268)) - Registered Data node : f8fa1989-8a4e-41f2-9266-8404362eecef{ip: 172.17.0.2, host: 97d0c8b5f382, networkLocation: /rack1, certSerialId: null}
2020-05-27 19:32:06,474 [EventQueue-NodeRegistrationContainerReportForContainerSafeModeRule] INFO  safemode.SCMSafeModeManager (SCMSafeModeManager.java:validateSafeModeExitRules(213)) - ContainerSafeModeRule rule is successfully validated
2020-05-27 19:32:06,474 [EventQueue-NodeRegistrationContainerReportForDataNodeSafeModeRule] INFO  safemode.SCMSafeModeManager (SCMSafeModeManager.java:validateSafeModeExitRules(213)) - DataNodeSafeModeRule rule is successfully validated
2020-05-27 19:32:06,475 [RatisPipelineUtilsThread] INFO  pipeline.RatisPipelineProvider (RatisPipelineProvider.java:lambda$create$0(138)) - Sending CreatePipelineCommand for pipeline:PipelineID=495c6792-a5b8-4647-9a4b-004f80cfad86 to datanode:f8fa1989-8a4e-41f2-9266-8404362eecef
2020-05-27 19:32:06,475 [RatisPipelineUtilsThread] INFO  pipeline.PipelineStateManager (PipelineStateManager.java:addPipeline(54)) - Created pipeline Pipeline[ Id: 495c6792-a5b8-4647-9a4b-004f80cfad86, Nodes: f8fa1989-8a4e-41f2-9266-8404362eecef{ip: 172.17.0.2, host: 97d0c8b5f382, networkLocation: /rack1, certSerialId: null}, Type:RATIS, Factor:ONE, State:ALLOCATED, leaderId:null, CreationTimestamp2020-05-27T19:32:06.475Z]
2020-05-27 19:32:06,476 [RatisPipelineUtilsThread] ERROR pipeline.SCMPipelineManager (SCMPipelineManager.java:createPipeline(222)) - Failed to create pipeline of type RATIS and factor ONE. Exception: Cannot create pipeline of factor 1 using 0 nodes. Used 6 nodes. Healthy nodes 6
2020-05-27 19:32:06,476 [RatisPipelineUtilsThread] INFO  pipeline.RatisPipelineProvider (RatisPipelineProvider.java:lambda$create$0(138)) - Sending CreatePipelineCommand for pipeline:PipelineID=b243c757-4de3-4a1e-8241-edfbbf01c07b to datanode:7d59b1d8-9c1a-4986-8068-ccaafcba6925
2020-05-27 19:32:06,478 [RatisPipelineUtilsThread] INFO  pipeline.RatisPipelineProvider (RatisPipelineProvider.java:lambda$create$0(138)) - Sending CreatePipelineCommand for pipeline:PipelineID=b243c757-4de3-4a1e-8241-edfbbf01c07b to datanode:43a73f06-de32-4f2e-9dfd-3dbd6ac88803
2020-05-27 19:32:06,478 [RatisPipelineUtilsThread] INFO  pipeline.RatisPipelineProvider (RatisPipelineProvider.java:lambda$create$0(138)) - Sending CreatePipelineCommand for pipeline:PipelineID=b243c757-4de3-4a1e-8241-edfbbf01c07b to datanode:f8fa1989-8a4e-41f2-9266-8404362eecef
2020-05-27 19:32:06,478 [RatisPipelineUtilsThread] INFO  pipeline.PipelineStateManager (PipelineStateManager.java:addPipeline(54)) - Created pipeline Pipeline[ Id: b243c757-4de3-4a1e-8241-edfbbf01c07b, Nodes: 7d59b1d8-9c1a-4986-8068-ccaafcba6925{ip: 172.17.0.2, host: 97d0c8b5f382, networkLocation: /rack1, certSerialId: null}43a73f06-de32-4f2e-9dfd-3dbd6ac88803{ip: 172.17.0.2, host: 97d0c8b5f382, networkLocation: /rack1, certSerialId: null}f8fa1989-8a4e-41f2-9266-8404362eecef{ip: 172.17.0.2, host: 97d0c8b5f382, networkLocation: /rack1, certSerialId: null}, Type:RATIS, Factor:THREE, State:ALLOCATED, leaderId:null, CreationTimestamp2020-05-27T19:32:06.476Z]
2020-05-27 19:32:06,478 [RatisPipelineUtilsThread] ERROR pipeline.SCMPipelineManager (SCMPipelineManager.java:createPipeline(222)) - Failed to create pipeline of type RATIS and factor THREE. Exception: Pipeline creation failed because nodes are engaged in other pipelines and every node can only be engaged in max 2 pipelines. Required 3. Found 0
2020-05-27 19:32:06,573 [IPC Server handler 10 on default port 42781] INFO  net.NetworkTopology (NetworkTopologyImpl.java:add(111)) - Added a new node: /rack1/f1f3a69c-d257-43b6-814a-48c5022c930f
2020-05-27 19:32:06,577 [IPC Server handler 10 on default port 42781] INFO  node.SCMNodeManager (SCMNodeManager.java:register(268)) - Registered Data node : f1f3a69c-d257-43b6-814a-48c5022c930f{ip: 172.17.0.2, host: 97d0c8b5f382, networkLocation: /rack1, certSerialId: null}
2020-05-27 19:32:06,578 [EventQueue-NodeRegistrationContainerReportForContainerSafeModeRule] INFO  safemode.SCMSafeModeManager (SCMSafeModeManager.java:validateSafeModeExitRules(213)) - ContainerSafeModeRule rule is successfully validated
2020-05-27 19:32:06,578 [EventQueue-NodeRegistrationContainerReportForDataNodeSafeModeRule] INFO  safemode.SCMSafeModeManager (SCMSafeModeManager.java:validateSafeModeExitRules(213)) - DataNodeSafeModeRule rule is successfully validated
2020-05-27 19:32:06,578 [RatisPipelineUtilsThread] INFO  pipeline.RatisPipelineProvider (RatisPipelineProvider.java:lambda$create$0(138)) - Sending CreatePipelineCommand for pipeline:PipelineID=1929558f-afe2-4b71-a1bc-4eb50fef8eb3 to datanode:f1f3a69c-d257-43b6-814a-48c5022c930f
2020-05-27 19:32:06,579 [RatisPipelineUtilsThread] INFO  pipeline.PipelineStateManager (PipelineStateManager.java:addPipeline(54)) - Created pipeline Pipeline[ Id: 1929558f-afe2-4b71-a1bc-4eb50fef8eb3, Nodes: f1f3a69c-d257-43b6-814a-48c5022c930f{ip: 172.17.0.2, host: 97d0c8b5f382, networkLocation: /rack1, certSerialId: null}, Type:RATIS, Factor:ONE, State:ALLOCATED, leaderId:null, CreationTimestamp2020-05-27T19:32:06.578Z]
2020-05-27 19:32:06,579 [RatisPipelineUtilsThread] ERROR pipeline.SCMPipelineManager (SCMPipelineManager.java:createPipeline(222)) - Failed to create pipeline of type RATIS and factor ONE. Exception: Cannot create pipeline of factor 1 using 0 nodes. Used 7 nodes. Healthy nodes 7
2020-05-27 19:32:06,580 [RatisPipelineUtilsThread] ERROR pipeline.SCMPipelineManager (SCMPipelineManager.java:createPipeline(222)) - Failed to create pipeline of type RATIS and factor THREE. Exception: Pipeline creation failed because nodes are engaged in other pipelines and every node can only be engaged in max 2 pipelines. Required 3. Found 1
2020-05-27 19:32:06,664 [IPC Server handler 12 on default port 42781] INFO  net.NetworkTopology (NetworkTopologyImpl.java:add(111)) - Added a new node: /rack1/0ab43432-34fe-4306-a50d-0ea23314de87
2020-05-27 19:32:06,664 [IPC Server handler 12 on default port 42781] INFO  node.SCMNodeManager (SCMNodeManager.java:register(268)) - Registered Data node : 0ab43432-34fe-4306-a50d-0ea23314de87{ip: 172.17.0.2, host: 97d0c8b5f382, networkLocation: /rack1, certSerialId: null}
2020-05-27 19:32:06,664 [EventQueue-NodeRegistrationContainerReportForDataNodeSafeModeRule] INFO  safemode.SCMSafeModeManager (SCMSafeModeManager.java:validateSafeModeExitRules(213)) - DataNodeSafeModeRule rule is successfully validated
2020-05-27 19:32:06,664 [EventQueue-NodeRegistrationContainerReportForContainerSafeModeRule] INFO  safemode.SCMSafeModeManager (SCMSafeModeManager.java:validateSafeModeExitRules(213)) - ContainerSafeModeRule rule is successfully validated
2020-05-27 19:32:06,665 [RatisPipelineUtilsThread] INFO  pipeline.RatisPipelineProvider (RatisPipelineProvider.java:lambda$create$0(138)) - Sending CreatePipelineCommand for pipeline:PipelineID=e3927293-5b49-4344-86f7-5f290258dc4a to datanode:0ab43432-34fe-4306-a50d-0ea23314de87
2020-05-27 19:32:06,665 [RatisPipelineUtilsThread] INFO  pipeline.PipelineStateManager (PipelineStateManager.java:addPipeline(54)) - Created pipeline Pipeline[ Id: e3927293-5b49-4344-86f7-5f290258dc4a, Nodes: 0ab43432-34fe-4306-a50d-0ea23314de87{ip: 172.17.0.2, host: 97d0c8b5f382, networkLocation: /rack1, certSerialId: null}, Type:RATIS, Factor:ONE, State:ALLOCATED, leaderId:null, CreationTimestamp2020-05-27T19:32:06.665Z]
2020-05-27 19:32:06,666 [RatisPipelineUtilsThread] ERROR pipeline.SCMPipelineManager (SCMPipelineManager.java:createPipeline(222)) - Failed to create pipeline of type RATIS and factor ONE. Exception: Cannot create pipeline of factor 1 using 0 nodes. Used 8 nodes. Healthy nodes 8
2020-05-27 19:32:06,666 [RatisPipelineUtilsThread] ERROR pipeline.SCMPipelineManager (SCMPipelineManager.java:createPipeline(222)) - Failed to create pipeline of type RATIS and factor THREE. Exception: Pipeline creation failed because nodes are engaged in other pipelines and every node can only be engaged in max 2 pipelines. Required 3. Found 2
2020-05-27 19:32:06,769 [IPC Server handler 8 on default port 42781] INFO  net.NetworkTopology (NetworkTopologyImpl.java:add(111)) - Added a new node: /rack1/98c33ea6-fb47-41c3-bd3d-1c17f3427380
2020-05-27 19:32:06,769 [IPC Server handler 8 on default port 42781] INFO  node.SCMNodeManager (SCMNodeManager.java:register(268)) - Registered Data node : 98c33ea6-fb47-41c3-bd3d-1c17f3427380{ip: 172.17.0.2, host: 97d0c8b5f382, networkLocation: /rack1, certSerialId: null}
2020-05-27 19:32:06,769 [RatisPipelineUtilsThread] INFO  pipeline.RatisPipelineProvider (RatisPipelineProvider.java:lambda$create$0(138)) - Sending CreatePipelineCommand for pipeline:PipelineID=97e9f1ac-6d89-4715-a322-dae41532bafe to datanode:98c33ea6-fb47-41c3-bd3d-1c17f3427380
2020-05-27 19:32:06,770 [EventQueue-NodeRegistrationContainerReportForContainerSafeModeRule] INFO  safemode.SCMSafeModeManager (SCMSafeModeManager.java:validateSafeModeExitRules(213)) - ContainerSafeModeRule rule is successfully validated
2020-05-27 19:32:06,770 [EventQueue-NodeRegistrationContainerReportForDataNodeSafeModeRule] INFO  safemode.SCMSafeModeManager (SCMSafeModeManager.java:validateSafeModeExitRules(213)) - DataNodeSafeModeRule rule is successfully validated
2020-05-27 19:32:06,770 [RatisPipelineUtilsThread] INFO  pipeline.PipelineStateManager (PipelineStateManager.java:addPipeline(54)) - Created pipeline Pipeline[ Id: 97e9f1ac-6d89-4715-a322-dae41532bafe, Nodes: 98c33ea6-fb47-41c3-bd3d-1c17f3427380{ip: 172.17.0.2, host: 97d0c8b5f382, networkLocation: /rack1, certSerialId: null}, Type:RATIS, Factor:ONE, State:ALLOCATED, leaderId:null, CreationTimestamp2020-05-27T19:32:06.769Z]
2020-05-27 19:32:06,771 [RatisPipelineUtilsThread] ERROR pipeline.SCMPipelineManager (SCMPipelineManager.java:createPipeline(222)) - Failed to create pipeline of type RATIS and factor ONE. Exception: Cannot create pipeline of factor 1 using 0 nodes. Used 9 nodes. Healthy nodes 9
2020-05-27 19:32:06,771 [RatisPipelineUtilsThread] INFO  pipeline.RatisPipelineProvider (RatisPipelineProvider.java:lambda$create$0(138)) - Sending CreatePipelineCommand for pipeline:PipelineID=f4cf136f-dea7-4e47-9282-08dde34c77d1 to datanode:f1f3a69c-d257-43b6-814a-48c5022c930f
2020-05-27 19:32:06,771 [RatisPipelineUtilsThread] INFO  pipeline.RatisPipelineProvider (RatisPipelineProvider.java:lambda$create$0(138)) - Sending CreatePipelineCommand for pipeline:PipelineID=f4cf136f-dea7-4e47-9282-08dde34c77d1 to datanode:0ab43432-34fe-4306-a50d-0ea23314de87
2020-05-27 19:32:06,772 [RatisPipelineUtilsThread] INFO  pipeline.RatisPipelineProvider (RatisPipelineProvider.java:lambda$create$0(138)) - Sending CreatePipelineCommand for pipeline:PipelineID=f4cf136f-dea7-4e47-9282-08dde34c77d1 to datanode:98c33ea6-fb47-41c3-bd3d-1c17f3427380
2020-05-27 19:32:06,772 [RatisPipelineUtilsThread] INFO  pipeline.PipelineStateManager (PipelineStateManager.java:addPipeline(54)) - Created pipeline Pipeline[ Id: f4cf136f-dea7-4e47-9282-08dde34c77d1, Nodes: f1f3a69c-d257-43b6-814a-48c5022c930f{ip: 172.17.0.2, host: 97d0c8b5f382, networkLocation: /rack1, certSerialId: null}0ab43432-34fe-4306-a50d-0ea23314de87{ip: 172.17.0.2, host: 97d0c8b5f382, networkLocation: /rack1, certSerialId: null}98c33ea6-fb47-41c3-bd3d-1c17f3427380{ip: 172.17.0.2, host: 97d0c8b5f382, networkLocation: /rack1, certSerialId: null}, Type:RATIS, Factor:THREE, State:ALLOCATED, leaderId:null, CreationTimestamp2020-05-27T19:32:06.771Z]
2020-05-27 19:32:06,772 [RatisPipelineUtilsThread] ERROR pipeline.SCMPipelineManager (SCMPipelineManager.java:createPipeline(222)) - Failed to create pipeline of type RATIS and factor THREE. Exception: Pipeline creation failed because nodes are engaged in other pipelines and every node can only be engaged in max 2 pipelines. Required 3. Found 0
2020-05-27 19:32:06,835 [Listener at 127.0.0.1/45217] INFO  ozone.MiniOzoneClusterImpl (MiniOzoneClusterImpl.java:lambda$waitForClusterToBeReady$0(177)) - Waiting for nodes to be ready. Got 9 of 10 DN Heartbeats.
2020-05-27 19:32:06,836 [Listener at 127.0.0.1/45217] INFO  ozone.MiniOzoneClusterImpl (MiniOzoneClusterImpl.java:lambda$waitForClusterToBeReady$0(180)) - Waiting for cluster to exit safe mode
2020-05-27 19:32:06,844 [IPC Server handler 16 on default port 42781] INFO  net.NetworkTopology (NetworkTopologyImpl.java:add(111)) - Added a new node: /rack1/c8b07204-1f01-416a-8b12-65edb182c14b
2020-05-27 19:32:06,844 [IPC Server handler 16 on default port 42781] INFO  node.SCMNodeManager (SCMNodeManager.java:register(268)) - Registered Data node : c8b07204-1f01-416a-8b12-65edb182c14b{ip: 172.17.0.2, host: 97d0c8b5f382, networkLocation: /rack1, certSerialId: null}
2020-05-27 19:32:06,844 [EventQueue-NodeRegistrationContainerReportForContainerSafeModeRule] INFO  safemode.SCMSafeModeManager (SCMSafeModeManager.java:validateSafeModeExitRules(213)) - ContainerSafeModeRule rule is successfully validated
2020-05-27 19:32:06,844 [RatisPipelineUtilsThread] INFO  pipeline.RatisPipelineProvider (RatisPipelineProvider.java:lambda$create$0(138)) - Sending CreatePipelineCommand for pipeline:PipelineID=3c0a9589-746f-44c5-b22a-6f7adb4e949f to datanode:c8b07204-1f01-416a-8b12-65edb182c14b
2020-05-27 19:32:06,844 [EventQueue-NodeRegistrationContainerReportForDataNodeSafeModeRule] INFO  safemode.SCMSafeModeManager (SCMSafeModeManager.java:validateSafeModeExitRules(213)) - DataNodeSafeModeRule rule is successfully validated
2020-05-27 19:32:06,845 [RatisPipelineUtilsThread] INFO  pipeline.PipelineStateManager (PipelineStateManager.java:addPipeline(54)) - Created pipeline Pipeline[ Id: 3c0a9589-746f-44c5-b22a-6f7adb4e949f, Nodes: c8b07204-1f01-416a-8b12-65edb182c14b{ip: 172.17.0.2, host: 97d0c8b5f382, networkLocation: /rack1, certSerialId: null}, Type:RATIS, Factor:ONE, State:ALLOCATED, leaderId:null, CreationTimestamp2020-05-27T19:32:06.844Z]
2020-05-27 19:32:06,846 [RatisPipelineUtilsThread] ERROR pipeline.SCMPipelineManager (SCMPipelineManager.java:createPipeline(222)) - Failed to create pipeline of type RATIS and factor ONE. Exception: Cannot create pipeline of factor 1 using 0 nodes. Used 10 nodes. Healthy nodes 10
2020-05-27 19:32:06,846 [RatisPipelineUtilsThread] ERROR pipeline.SCMPipelineManager (SCMPipelineManager.java:createPipeline(222)) - Failed to create pipeline of type RATIS and factor THREE. Exception: Pipeline creation failed because nodes are engaged in other pipelines and every node can only be engaged in max 2 pipelines. Required 3. Found 1
2020-05-27 19:32:07,836 [Listener at 127.0.0.1/45217] INFO  ozone.MiniOzoneClusterImpl (MiniOzoneClusterImpl.java:lambda$waitForClusterToBeReady$0(177)) - Nodes are ready. Got 10 of 10 DN Heartbeats.
2020-05-27 19:32:07,836 [Listener at 127.0.0.1/45217] INFO  ozone.MiniOzoneClusterImpl (MiniOzoneClusterImpl.java:lambda$waitForClusterToBeReady$0(180)) - Waiting for cluster to exit safe mode
2020-05-27 19:32:08,836 [Listener at 127.0.0.1/45217] INFO  ozone.MiniOzoneClusterImpl (MiniOzoneClusterImpl.java:lambda$waitForClusterToBeReady$0(177)) - Nodes are ready. Got 10 of 10 DN Heartbeats.
2020-05-27 19:32:08,837 [Listener at 127.0.0.1/45217] INFO  ozone.MiniOzoneClusterImpl (MiniOzoneClusterImpl.java:lambda$waitForClusterToBeReady$0(180)) - Waiting for cluster to exit safe mode
2020-05-27 19:32:08,924 [Command processor thread] INFO  impl.RaftServerProxy (RaftServerProxy.java:addNew(89)) - 7aed9675-d015-411c-894d-27da46c364a7: addNew group-3FC468E53593:[7aed9675-d015-411c-894d-27da46c364a7:172.17.0.2:39715] returns group-3FC468E53593:java.util.concurrent.CompletableFuture@3c5c54e0[Not completed]
2020-05-27 19:32:08,961 [pool-35-thread-1] INFO  impl.RaftServerImpl (RaftServerImpl.java:<init>(98)) - 7aed9675-d015-411c-894d-27da46c364a7: new RaftServerImpl for group-3FC468E53593:[7aed9675-d015-411c-894d-27da46c364a7:172.17.0.2:39715] with ContainerStateMachine:uninitialized
2020-05-27 19:32:08,963 [pool-35-thread-1] INFO  server.RaftServerConfigKeys (ConfUtils.java:logGet(44)) - raft.server.rpc.timeout.min = 1s (custom)
2020-05-27 19:32:08,964 [pool-35-thread-1] INFO  server.RaftServerConfigKeys (ConfUtils.java:logGet(44)) - raft.server.rpc.timeout.max = 1200ms (custom)
2020-05-27 19:32:08,964 [pool-35-thread-1] INFO  server.RaftServerConfigKeys (ConfUtils.java:logGet(44)) - raft.server.rpcslowness.timeout = 300s (custom)
2020-05-27 19:32:08,965 [pool-35-thread-1] INFO  server.RaftServerConfigKeys (ConfUtils.java:logGet(44)) - raft.server.sleep.deviation.threshold = 300 (default)
2020-05-27 19:32:08,966 [pool-35-thread-1] INFO  server.RaftServerConfigKeys (ConfUtils.java:logGet(44)) - raft.server.log.appender.install.snapshot.enabled = false (custom)
2020-05-27 19:32:08,972 [pool-35-thread-1] INFO  impl.RaftServerImpl (ServerState.java:<init>(103)) - 7aed9675-d015-411c-894d-27da46c364a7@group-3FC468E53593: ConfigurationManager, init=-1: [7aed9675-d015-411c-894d-27da46c364a7:172.17.0.2:39715], old=null, confs=<EMPTY_MAP>
2020-05-27 19:32:08,973 [pool-35-thread-1] INFO  server.RaftServerConfigKeys (ConfUtils.java:logGet(44)) - raft.server.storage.dir = [/github/workspace/mnt/ozone/hadoop-ozone/integration-test/target/test-dir/MiniOzoneClusterImpl-f0010636-4b6e-4820-a6ed-9dd9125fe66b/datanode-0/data/ratis] (custom)
2020-05-27 19:32:08,980 [pool-35-thread-1] INFO  server.RaftServerConfigKeys (ConfUtils.java:logGet(44)) - raft.server.log.corruption.policy = EXCEPTION (default)
2020-05-27 19:32:08,982 [pool-35-thread-1] INFO  storage.RaftStorageDirectory (RaftStorageDirectory.java:analyzeStorage(261)) - The storage directory /github/workspace/mnt/ozone/hadoop-ozone/integration-test/target/test-dir/MiniOzoneClusterImpl-f0010636-4b6e-4820-a6ed-9dd9125fe66b/datanode-0/data/ratis/bb0351a3-ccf2-43a4-8e0a-3fc468e53593 does not exist. Creating ...
2020-05-27 19:32:08,986 [pool-35-thread-1] INFO  storage.RaftStorageDirectory (RaftStorageDirectory.java:tryLock(343)) - Lock on /github/workspace/mnt/ozone/hadoop-ozone/integration-test/target/test-dir/MiniOzoneClusterImpl-f0010636-4b6e-4820-a6ed-9dd9125fe66b/datanode-0/data/ratis/bb0351a3-ccf2-43a4-8e0a-3fc468e53593/in_use.lock acquired by nodename 10525@97d0c8b5f382
2020-05-27 19:32:08,989 [pool-35-thread-1] INFO  storage.RaftStorage (RaftStorage.java:format(84)) - Storage directory /github/workspace/mnt/ozone/hadoop-ozone/integration-test/target/test-dir/MiniOzoneClusterImpl-f0010636-4b6e-4820-a6ed-9dd9125fe66b/datanode-0/data/ratis/bb0351a3-ccf2-43a4-8e0a-3fc468e53593 has been successfully formatted.
2020-05-27 19:32:08,994 [pool-35-thread-1] INFO  ratis.ContainerStateMachine (ContainerStateMachine.java:loadSnapshot(226)) - group-3FC468E53593: The snapshot info is null. Setting the last applied indexto:(t:0, i:~)
2020-05-27 19:32:08,994 [pool-35-thread-1] INFO  server.RaftServerConfigKeys (ConfUtils.java:logGet(44)) - raft.server.notification.no-leader.timeout = 60s (default)
2020-05-27 19:32:08,998 [pool-35-thread-1] INFO  server.RaftServerConfigKeys (ConfUtils.java:logGet(44)) - raft.server.log.use.memory = false (default)
2020-05-27 19:32:09,002 [pool-35-thread-1] INFO  server.RaftServerConfigKeys (ConfUtils.java:logGet(44)) - raft.server.log.purge.gap = 1000000 (custom)
2020-05-27 19:32:09,002 [pool-35-thread-1] INFO  server.RaftServerConfigKeys (ConfUtils.java:logGet(44)) - raft.server.log.appender.buffer.byte-limit = 33554432 (custom)
2020-05-27 19:32:09,005 [pool-35-thread-1] INFO  server.RaftServerConfigKeys (ConfUtils.java:logGet(44)) - raft.server.log.segment.size.max = 1048576 (custom)
2020-05-27 19:32:09,008 [pool-35-thread-1] INFO  metrics.RatisMetrics (RatisMetrics.java:lambda$create$0(39)) - Creating Metrics Registry : ratis.log_worker.7aed9675-d015-411c-894d-27da46c364a7
2020-05-27 19:32:09,023 [pool-35-thread-1] INFO  server.RaftServerConfigKeys (ConfUtils.java:logGet(44)) - raft.server.log.segment.cache.num.max = 2 (custom)
2020-05-27 19:32:09,026 [EventQueue-PipelineReportForPipelineReportHandler] INFO  pipeline.PipelineStateManager (PipelineStateManager.java:openPipeline(131)) - Pipeline Pipeline[ Id: bb0351a3-ccf2-43a4-8e0a-3fc468e53593, Nodes: 7aed9675-d015-411c-894d-27da46c364a7{ip: 172.17.0.2, host: 97d0c8b5f382, networkLocation: /rack1, certSerialId: null}, Type:RATIS, Factor:ONE, State:ALLOCATED, leaderId:7aed9675-d015-411c-894d-27da46c364a7, CreationTimestamp2020-05-27T19:32:05.943Z] moved to OPEN state
2020-05-27 19:32:09,028 [EventQueue-OpenPipelineForOneReplicaPipelineSafeModeRule] INFO  safemode.SCMSafeModeManager (SCMSafeModeManager.java:validateSafeModeExitRules(213)) - AtleastOneDatanodeReportedRule rule is successfully validated
2020-05-27 19:32:09,029 [EventQueue-OpenPipelineForHealthyPipelineSafeModeRule] INFO  safemode.SCMSafeModeManager (HealthyPipelineSafeModeRule.java:process(132)) - SCM in safe mode. Healthy pipelines reported count is 0, required healthy pipeline reported count is 1
2020-05-27 19:32:09,038 [pool-35-thread-1] INFO  segmented.SegmentedRaftLogWorker (SegmentedRaftLogWorker.java:<init>(176)) - new 7aed9675-d015-411c-894d-27da46c364a7@group-3FC468E53593-SegmentedRaftLogWorker for RaftStorage:Storage Directory /github/workspace/mnt/ozone/hadoop-ozone/integration-test/target/test-dir/MiniOzoneClusterImpl-f0010636-4b6e-4820-a6ed-9dd9125fe66b/datanode-0/data/ratis/bb0351a3-ccf2-43a4-8e0a-3fc468e53593
2020-05-27 19:32:09,039 [pool-35-thread-1] INFO  server.RaftServerConfigKeys (ConfUtils.java:logGet(44)) - raft.server.log.queue.byte-limit = 2147483647 (custom)
2020-05-27 19:32:09,039 [pool-35-thread-1] INFO  server.RaftServerConfigKeys (ConfUtils.java:logGet(44)) - raft.server.log.queue.element-limit = 1024 (custom)
2020-05-27 19:32:09,040 [pool-35-thread-1] INFO  server.RaftServerConfigKeys (ConfUtils.java:logGet(44)) - raft.server.log.segment.size.max = 1048576 (custom)
2020-05-27 19:32:09,041 [pool-35-thread-1] INFO  server.RaftServerConfigKeys (ConfUtils.java:logGet(44)) - raft.server.log.preallocated.size = 16384 (custom)
2020-05-27 19:32:09,042 [pool-35-thread-1] INFO  server.RaftServerConfigKeys (ConfUtils.java:logGet(44)) - raft.server.log.write.buffer.size = 1048576 (custom)
2020-05-27 19:32:09,042 [pool-35-thread-1] INFO  server.RaftServerConfigKeys (ConfUtils.java:logGet(44)) - raft.server.log.force.sync.num = 128 (default)
2020-05-27 19:32:09,044 [pool-35-thread-1] INFO  server.RaftServerConfigKeys (ConfUtils.java:logGet(44)) - raft.server.log.statemachine.data.sync = true (default)
2020-05-27 19:32:09,044 [pool-35-thread-1] INFO  server.RaftServerConfigKeys (ConfUtils.java:logGet(44)) - raft.server.log.statemachine.data.sync.timeout = 10s (default)
2020-05-27 19:32:09,044 [pool-35-thread-1] INFO  server.RaftServerConfigKeys (ConfUtils.java:logGet(44)) - raft.server.log.statemachine.data.sync.timeout.retry = -1 (default)
2020-05-27 19:32:09,064 [pool-35-thread-1] INFO  server.RaftServerConfigKeys (ConfUtils.java:logGet(44)) - raft.server.log.statemachine.data.caching.enabled = true (custom)
2020-05-27 19:32:09,074 [pool-35-thread-1] INFO  segmented.SegmentedRaftLogWorker (SegmentedRaftLogWorker.java:lambda$new$0(129)) - 7aed9675-d015-411c-894d-27da46c364a7@group-3FC468E53593-SegmentedRaftLogWorker: flushIndex: setUnconditionally 0 -> -1
2020-05-27 19:32:09,079 [pool-35-thread-1] INFO  server.RaftServerConfigKeys (ConfUtils.java:logGet(44)) - raft.server.snapshot.auto.trigger.enabled = true (custom)
2020-05-27 19:32:09,079 [pool-35-thread-1] INFO  server.RaftServerConfigKeys (ConfUtils.java:logGet(44)) - raft.server.snapshot.auto.trigger.threshold = 10000 (custom)
2020-05-27 19:32:09,080 [pool-35-thread-1] INFO  server.RaftServerConfigKeys (ConfUtils.java:logGet(44)) - raft.server.snapshot.retention.file.num = 5 (custom)
2020-05-27 19:32:09,080 [pool-35-thread-1] INFO  server.RaftServerConfigKeys (ConfUtils.java:logGet(44)) - raft.server.log.purge.upto.snapshot.index = false (default)
2020-05-27 19:32:09,080 [pool-35-thread-1] INFO  server.RaftServerConfigKeys (ConfUtils.java:logGet(44)) - raft.server.retrycache.expirytime = 600000ms (custom)
2020-05-27 19:32:09,100 [Command processor thread] INFO  impl.RaftServerProxy (RaftServerProxy.java:addNew(89)) - 8517f1c7-f3e1-454a-ad82-74e7a1dbb9de: addNew group-7DD91C2E09DE:[8517f1c7-f3e1-454a-ad82-74e7a1dbb9de:172.17.0.2:39899] returns group-7DD91C2E09DE:java.util.concurrent.CompletableFuture@569453f6[Not completed]
2020-05-27 19:32:09,107 [pool-35-thread-1] INFO  metrics.RatisMetrics (RatisMetrics.java:lambda$create$0(39)) - Creating Metrics Registry : ratis.leader_election.7aed9675-d015-411c-894d-27da46c364a7@group-3FC468E53593
2020-05-27 19:32:09,114 [pool-35-thread-1] INFO  metrics.RatisMetrics (RatisMetrics.java:lambda$create$0(39)) - Creating Metrics Registry : ratis.server.7aed9675-d015-411c-894d-27da46c364a7@group-3FC468E53593
2020-05-27 19:32:09,118 [pool-51-thread-1] INFO  impl.RaftServerImpl (RaftServerImpl.java:<init>(98)) - 8517f1c7-f3e1-454a-ad82-74e7a1dbb9de: new RaftServerImpl for group-7DD91C2E09DE:[8517f1c7-f3e1-454a-ad82-74e7a1dbb9de:172.17.0.2:39899] with ContainerStateMachine:uninitialized
2020-05-27 19:32:09,139 [pool-35-thread-1] INFO  impl.RaftServerImpl (RaftServerImpl.java:start(184)) - 7aed9675-d015-411c-894d-27da46c364a7@group-3FC468E53593: start as a follower, conf=-1: [7aed9675-d015-411c-894d-27da46c364a7:172.17.0.2:39715], old=null
2020-05-27 19:32:09,142 [pool-51-thread-1] INFO  server.RaftServerConfigKeys (ConfUtils.java:logGet(44)) - raft.server.rpc.timeout.min = 1s (custom)
2020-05-27 19:32:09,142 [pool-51-thread-1] INFO  server.RaftServerConfigKeys (ConfUtils.java:logGet(44)) - raft.server.rpc.timeout.max = 1200ms (custom)
2020-05-27 19:32:09,142 [pool-51-thread-1] INFO  server.RaftServerConfigKeys (ConfUtils.java:logGet(44)) - raft.server.rpcslowness.timeout = 300s (custom)
2020-05-27 19:32:09,142 [pool-51-thread-1] INFO  server.RaftServerConfigKeys (ConfUtils.java:logGet(44)) - raft.server.sleep.deviation.threshold = 300 (default)
2020-05-27 19:32:09,142 [pool-51-thread-1] INFO  server.RaftServerConfigKeys (ConfUtils.java:logGet(44)) - raft.server.log.appender.install.snapshot.enabled = false (custom)
2020-05-27 19:32:09,189 [pool-51-thread-1] INFO  impl.RaftServerImpl (ServerState.java:<init>(103)) - 8517f1c7-f3e1-454a-ad82-74e7a1dbb9de@group-7DD91C2E09DE: ConfigurationManager, init=-1: [8517f1c7-f3e1-454a-ad82-74e7a1dbb9de:172.17.0.2:39899], old=null, confs=<EMPTY_MAP>
2020-05-27 19:32:09,189 [pool-51-thread-1] INFO  server.RaftServerConfigKeys (ConfUtils.java:logGet(44)) - raft.server.storage.dir = [/github/workspace/mnt/ozone/hadoop-ozone/integration-test/target/test-dir/MiniOzoneClusterImpl-f0010636-4b6e-4820-a6ed-9dd9125fe66b/datanode-1/data/ratis] (custom)
2020-05-27 19:32:09,189 [pool-51-thread-1] INFO  server.RaftServerConfigKeys (ConfUtils.java:logGet(44)) - raft.server.log.corruption.policy = EXCEPTION (default)
2020-05-27 19:32:09,192 [pool-35-thread-1] INFO  impl.RaftServerImpl (RaftServerImpl.java:setRole(173)) - 7aed9675-d015-411c-894d-27da46c364a7@group-3FC468E53593: changes role from      null to FOLLOWER at term 0 for startAsFollower
2020-05-27 19:32:09,193 [pool-35-thread-1] INFO  impl.RoleInfo (RoleInfo.java:updateAndGet(143)) - 7aed9675-d015-411c-894d-27da46c364a7: start FollowerState
2020-05-27 19:32:09,195 [pool-35-thread-1] INFO  util.JmxRegister (JmxRegister.java:tryRegister(44)) - Successfully registered JMX Bean with object name Ratis:service=RaftServer,group=group-3FC468E53593,id=7aed9675-d015-411c-894d-27da46c364a7
2020-05-27 19:32:09,196 [pool-35-thread-1] INFO  metrics.RatisMetrics (RatisMetrics.java:lambda$create$0(39)) - Creating Metrics Registry : ratis.state_machine.7aed9675-d015-411c-894d-27da46c364a7@group-3FC468E53593
2020-05-27 19:32:09,189 [pool-51-thread-1] INFO  storage.RaftStorageDirectory (RaftStorageDirectory.java:analyzeStorage(261)) - The storage directory /github/workspace/mnt/ozone/hadoop-ozone/integration-test/target/test-dir/MiniOzoneClusterImpl-f0010636-4b6e-4820-a6ed-9dd9125fe66b/datanode-1/data/ratis/ab5c7280-efe6-43b4-8a14-7dd91c2e09de does not exist. Creating ...
2020-05-27 19:32:09,212 [pool-51-thread-1] INFO  storage.RaftStorageDirectory (RaftStorageDirectory.java:tryLock(343)) - Lock on /github/workspace/mnt/ozone/hadoop-ozone/integration-test/target/test-dir/MiniOzoneClusterImpl-f0010636-4b6e-4820-a6ed-9dd9125fe66b/datanode-1/data/ratis/ab5c7280-efe6-43b4-8a14-7dd91c2e09de/in_use.lock acquired by nodename 10525@97d0c8b5f382
2020-05-27 19:32:09,222 [Command processor thread] INFO  impl.RaftServerProxy (RaftServerProxy.java:addNew(89)) - ca2c986f-4912-4d51-86c7-28829081ffa0: addNew group-CA1C0F714B29:[ca2c986f-4912-4d51-86c7-28829081ffa0:172.17.0.2:37767] returns group-CA1C0F714B29:java.util.concurrent.CompletableFuture@323b4ec2[Not completed]
2020-05-27 19:32:09,213 [pool-51-thread-1] INFO  storage.RaftStorage (RaftStorage.java:format(84)) - Storage directory /github/workspace/mnt/ozone/hadoop-ozone/integration-test/target/test-dir/MiniOzoneClusterImpl-f0010636-4b6e-4820-a6ed-9dd9125fe66b/datanode-1/data/ratis/ab5c7280-efe6-43b4-8a14-7dd91c2e09de has been successfully formatted.
2020-05-27 19:32:09,224 [pool-51-thread-1] INFO  ratis.ContainerStateMachine (ContainerStateMachine.java:loadSnapshot(226)) - group-7DD91C2E09DE: The snapshot info is null. Setting the last applied indexto:(t:0, i:~)
2020-05-27 19:32:09,225 [pool-51-thread-1] INFO  server.RaftServerConfigKeys (ConfUtils.java:logGet(44)) - raft.server.notification.no-leader.timeout = 60s (default)
2020-05-27 19:32:09,225 [pool-51-thread-1] INFO  server.RaftServerConfigKeys (ConfUtils.java:logGet(44)) - raft.server.log.use.memory = false (default)
2020-05-27 19:32:09,225 [pool-51-thread-1] INFO  server.RaftServerConfigKeys (ConfUtils.java:logGet(44)) - raft.server.log.purge.gap = 1000000 (custom)
2020-05-27 19:32:09,225 [pool-51-thread-1] INFO  server.RaftServerConfigKeys (ConfUtils.java:logGet(44)) - raft.server.log.appender.buffer.byte-limit = 33554432 (custom)
2020-05-27 19:32:09,225 [pool-51-thread-1] INFO  server.RaftServerConfigKeys (ConfUtils.java:logGet(44)) - raft.server.log.segment.size.max = 1048576 (custom)
2020-05-27 19:32:09,225 [pool-51-thread-1] INFO  metrics.RatisMetrics (RatisMetrics.java:lambda$create$0(39)) - Creating Metrics Registry : ratis.log_worker.8517f1c7-f3e1-454a-ad82-74e7a1dbb9de
2020-05-27 19:32:09,226 [pool-51-thread-1] INFO  server.RaftServerConfigKeys (ConfUtils.java:logGet(44)) - raft.server.log.segment.cache.num.max = 2 (custom)
2020-05-27 19:32:09,227 [pool-51-thread-1] INFO  segmented.SegmentedRaftLogWorker (SegmentedRaftLogWorker.java:<init>(176)) - new 8517f1c7-f3e1-454a-ad82-74e7a1dbb9de@group-7DD91C2E09DE-SegmentedRaftLogWorker for RaftStorage:Storage Directory /github/workspace/mnt/ozone/hadoop-ozone/integration-test/target/test-dir/MiniOzoneClusterImpl-f0010636-4b6e-4820-a6ed-9dd9125fe66b/datanode-1/data/ratis/ab5c7280-efe6-43b4-8a14-7dd91c2e09de
2020-05-27 19:32:09,227 [pool-51-thread-1] INFO  server.RaftServerConfigKeys (ConfUtils.java:logGet(44)) - raft.server.log.queue.byte-limit = 2147483647 (custom)
2020-05-27 19:32:09,227 [pool-51-thread-1] INFO  server.RaftServerConfigKeys (ConfUtils.java:logGet(44)) - raft.server.log.queue.element-limit = 1024 (custom)
2020-05-27 19:32:09,227 [pool-51-thread-1] INFO  server.RaftServerConfigKeys (ConfUtils.java:logGet(44)) - raft.server.log.segment.size.max = 1048576 (custom)
2020-05-27 19:32:09,227 [pool-51-thread-1] INFO  server.RaftServerConfigKeys (ConfUtils.java:logGet(44)) - raft.server.log.preallocated.size = 16384 (custom)
2020-05-27 19:32:09,228 [pool-51-thread-1] INFO  server.RaftServerConfigKeys (ConfUtils.java:logGet(44)) - raft.server.log.write.buffer.size = 1048576 (custom)
2020-05-27 19:32:09,228 [pool-51-thread-1] INFO  server.RaftServerConfigKeys (ConfUtils.java:logGet(44)) - raft.server.log.force.sync.num = 128 (default)
2020-05-27 19:32:09,228 [pool-51-thread-1] INFO  server.RaftServerConfigKeys (ConfUtils.java:logGet(44)) - raft.server.log.statemachine.data.sync = true (default)
2020-05-27 19:32:09,228 [pool-51-thread-1] INFO  server.RaftServerConfigKeys (ConfUtils.java:logGet(44)) - raft.server.log.statemachine.data.sync.timeout = 10s (default)
2020-05-27 19:32:09,228 [pool-51-thread-1] INFO  server.RaftServerConfigKeys (ConfUtils.java:logGet(44)) - raft.server.log.statemachine.data.sync.timeout.retry = -1 (default)
2020-05-27 19:32:09,230 [Command processor thread] INFO  commandhandler.CreatePipelineCommandHandler (CreatePipelineCommandHandler.java:handle(109)) - Created Pipeline RATIS ONE #id: "bb0351a3-ccf2-43a4-8e0a-3fc468e53593"
.
2020-05-27 19:32:09,231 [Command processor thread] INFO  impl.RaftServerProxy (RaftServerProxy.java:addNew(89)) - 7aed9675-d015-411c-894d-27da46c364a7: addNew group-84E8A371D2C6:[7aed9675-d015-411c-894d-27da46c364a7:172.17.0.2:39715, ca2c986f-4912-4d51-86c7-28829081ffa0:172.17.0.2:37767, 8517f1c7-f3e1-454a-ad82-74e7a1dbb9de:172.17.0.2:39899] returns group-84E8A371D2C6:java.util.concurrent.CompletableFuture@6bfd70c3[Not completed]
2020-05-27 19:32:09,231 [EventQueue-PipelineReportForPipelineReportHandler] INFO  pipeline.PipelineStateManager (PipelineStateManager.java:openPipeline(131)) - Pipeline Pipeline[ Id: ab5c7280-efe6-43b4-8a14-7dd91c2e09de, Nodes: 8517f1c7-f3e1-454a-ad82-74e7a1dbb9de{ip: 172.17.0.2, host: 97d0c8b5f382, networkLocation: /rack1, certSerialId: null}, Type:RATIS, Factor:ONE, State:ALLOCATED, leaderId:8517f1c7-f3e1-454a-ad82-74e7a1dbb9de, CreationTimestamp2020-05-27T19:32:06.101Z] moved to OPEN state
2020-05-27 19:32:09,231 [EventQueue-OpenPipelineForOneReplicaPipelineSafeModeRule] INFO  safemode.SCMSafeModeManager (SCMSafeModeManager.java:validateSafeModeExitRules(213)) - AtleastOneDatanodeReportedRule rule is successfully validated
2020-05-27 19:32:09,231 [EventQueue-OpenPipelineForHealthyPipelineSafeModeRule] INFO  safemode.SCMSafeModeManager (HealthyPipelineSafeModeRule.java:process(132)) - SCM in safe mode. Healthy pipelines reported count is 0, required healthy pipeline reported count is 1
2020-05-27 19:32:09,235 [pool-51-thread-1] INFO  server.RaftServerConfigKeys (ConfUtils.java:logGet(44)) - raft.server.log.statemachine.data.caching.enabled = true (custom)
2020-05-27 19:32:09,245 [pool-51-thread-1] INFO  segmented.SegmentedRaftLogWorker (SegmentedRaftLogWorker.java:lambda$new$0(129)) - 8517f1c7-f3e1-454a-ad82-74e7a1dbb9de@group-7DD91C2E09DE-SegmentedRaftLogWorker: flushIndex: setUnconditionally 0 -> -1
2020-05-27 19:32:09,246 [pool-51-thread-1] INFO  server.RaftServerConfigKeys (ConfUtils.java:logGet(44)) - raft.server.snapshot.auto.trigger.enabled = true (custom)
2020-05-27 19:32:09,246 [pool-51-thread-1] INFO  server.RaftServerConfigKeys (ConfUtils.java:logGet(44)) - raft.server.snapshot.auto.trigger.threshold = 10000 (custom)
2020-05-27 19:32:09,246 [pool-51-thread-1] INFO  server.RaftServerConfigKeys (ConfUtils.java:logGet(44)) - raft.server.snapshot.retention.file.num = 5 (custom)
2020-05-27 19:32:09,246 [pool-51-thread-1] INFO  server.RaftServerConfigKeys (ConfUtils.java:logGet(44)) - raft.server.log.purge.upto.snapshot.index = false (default)
2020-05-27 19:32:09,246 [pool-51-thread-1] INFO  server.RaftServerConfigKeys (ConfUtils.java:logGet(44)) - raft.server.retrycache.expirytime = 600000ms (custom)
2020-05-27 19:32:09,248 [pool-51-thread-1] INFO  metrics.RatisMetrics (RatisMetrics.java:lambda$create$0(39)) - Creating Metrics Registry : ratis.leader_election.8517f1c7-f3e1-454a-ad82-74e7a1dbb9de@group-7DD91C2E09DE
2020-05-27 19:32:09,249 [pool-51-thread-1] INFO  metrics.RatisMetrics (RatisMetrics.java:lambda$create$0(39)) - Creating Metrics Registry : ratis.server.8517f1c7-f3e1-454a-ad82-74e7a1dbb9de@group-7DD91C2E09DE
2020-05-27 19:32:09,251 [pool-51-thread-1] INFO  impl.RaftServerImpl (RaftServerImpl.java:start(184)) - 8517f1c7-f3e1-454a-ad82-74e7a1dbb9de@group-7DD91C2E09DE: start as a follower, conf=-1: [8517f1c7-f3e1-454a-ad82-74e7a1dbb9de:172.17.0.2:39899], old=null
2020-05-27 19:32:09,251 [pool-51-thread-1] INFO  impl.RaftServerImpl (RaftServerImpl.java:setRole(173)) - 8517f1c7-f3e1-454a-ad82-74e7a1dbb9de@group-7DD91C2E09DE: changes role from      null to FOLLOWER at term 0 for startAsFollower
2020-05-27 19:32:09,251 [pool-51-thread-1] INFO  impl.RoleInfo (RoleInfo.java:updateAndGet(143)) - 8517f1c7-f3e1-454a-ad82-74e7a1dbb9de: start FollowerState
2020-05-27 19:32:09,257 [pool-51-thread-1] INFO  util.JmxRegister (JmxRegister.java:tryRegister(44)) - Successfully registered JMX Bean with object name Ratis:service=RaftServer,group=group-7DD91C2E09DE,id=8517f1c7-f3e1-454a-ad82-74e7a1dbb9de
2020-05-27 19:32:09,259 [pool-51-thread-1] INFO  metrics.RatisMetrics (RatisMetrics.java:lambda$create$0(39)) - Creating Metrics Registry : ratis.state_machine.8517f1c7-f3e1-454a-ad82-74e7a1dbb9de@group-7DD91C2E09DE
2020-05-27 19:32:09,268 [Command processor thread] INFO  impl.RaftServerProxy (RaftServerProxy.java:addNew(89)) - 43a73f06-de32-4f2e-9dfd-3dbd6ac88803: addNew group-06A4D39D8215:[43a73f06-de32-4f2e-9dfd-3dbd6ac88803:172.17.0.2:43883] returns group-06A4D39D8215:java.util.concurrent.CompletableFuture@51b70e57[Not completed]
2020-05-27 19:32:09,274 [Command processor thread] INFO  commandhandler.CreatePipelineCommandHandler (CreatePipelineCommandHandler.java:handle(109)) - Created Pipeline RATIS ONE #id: "ab5c7280-efe6-43b4-8a14-7dd91c2e09de"
.
2020-05-27 19:32:09,285 [Command processor thread] INFO  impl.RaftServerProxy (RaftServerProxy.java:addNew(89)) - 8517f1c7-f3e1-454a-ad82-74e7a1dbb9de: addNew group-84E8A371D2C6:[7aed9675-d015-411c-894d-27da46c364a7:172.17.0.2:39715, ca2c986f-4912-4d51-86c7-28829081ffa0:172.17.0.2:37767, 8517f1c7-f3e1-454a-ad82-74e7a1dbb9de:172.17.0.2:39899] returns group-84E8A371D2C6:java.util.concurrent.CompletableFuture@52abddfc[Not completed]
2020-05-27 19:32:09,290 [pool-35-thread-1] INFO  impl.RaftServerImpl (RaftServerImpl.java:<init>(98)) - 7aed9675-d015-411c-894d-27da46c364a7: new RaftServerImpl for group-84E8A371D2C6:[7aed9675-d015-411c-894d-27da46c364a7:172.17.0.2:39715, ca2c986f-4912-4d51-86c7-28829081ffa0:172.17.0.2:37767, 8517f1c7-f3e1-454a-ad82-74e7a1dbb9de:172.17.0.2:39899] with ContainerStateMachine:uninitialized
2020-05-27 19:32:09,290 [pool-35-thread-1] INFO  server.RaftServerConfigKeys (ConfUtils.java:logGet(44)) - raft.server.rpc.timeout.min = 1s (custom)
2020-05-27 19:32:09,290 [pool-35-thread-1] INFO  server.RaftServerConfigKeys (ConfUtils.java:logGet(44)) - raft.server.rpc.timeout.max = 1200ms (custom)
2020-05-27 19:32:09,291 [pool-35-thread-1] INFO  server.RaftServerConfigKeys (ConfUtils.java:logGet(44)) - raft.server.rpcslowness.timeout = 300s (custom)
2020-05-27 19:32:09,291 [pool-35-thread-1] INFO  server.RaftServerConfigKeys (ConfUtils.java:logGet(44)) - raft.server.sleep.deviation.threshold = 300 (default)
2020-05-27 19:32:09,291 [pool-35-thread-1] INFO  server.RaftServerConfigKeys (ConfUtils.java:logGet(44)) - raft.server.log.appender.install.snapshot.enabled = false (custom)
2020-05-27 19:32:09,291 [pool-35-thread-1] INFO  impl.RaftServerImpl (ServerState.java:<init>(103)) - 7aed9675-d015-411c-894d-27da46c364a7@group-84E8A371D2C6: ConfigurationManager, init=-1: [7aed9675-d015-411c-894d-27da46c364a7:172.17.0.2:39715, ca2c986f-4912-4d51-86c7-28829081ffa0:172.17.0.2:37767, 8517f1c7-f3e1-454a-ad82-74e7a1dbb9de:172.17.0.2:39899], old=null, confs=<EMPTY_MAP>
2020-05-27 19:32:09,291 [pool-35-thread-1] INFO  server.RaftServerConfigKeys (ConfUtils.java:logGet(44)) - raft.server.storage.dir = [/github/workspace/mnt/ozone/hadoop-ozone/integration-test/target/test-dir/MiniOzoneClusterImpl-f0010636-4b6e-4820-a6ed-9dd9125fe66b/datanode-0/data/ratis] (custom)
2020-05-27 19:32:09,291 [pool-35-thread-1] INFO  server.RaftServerConfigKeys (ConfUtils.java:logGet(44)) - raft.server.log.corruption.policy = EXCEPTION (default)
2020-05-27 19:32:09,291 [pool-35-thread-1] INFO  storage.RaftStorageDirectory (RaftStorageDirectory.java:analyzeStorage(261)) - The storage directory /github/workspace/mnt/ozone/hadoop-ozone/integration-test/target/test-dir/MiniOzoneClusterImpl-f0010636-4b6e-4820-a6ed-9dd9125fe66b/datanode-0/data/ratis/536519cf-b774-478c-afba-84e8a371d2c6 does not exist. Creating ...
2020-05-27 19:32:09,293 [pool-51-thread-1] INFO  impl.RaftServerImpl (RaftServerImpl.java:<init>(98)) - 8517f1c7-f3e1-454a-ad82-74e7a1dbb9de: new RaftServerImpl for group-84E8A371D2C6:[7aed9675-d015-411c-894d-27da46c364a7:172.17.0.2:39715, ca2c986f-4912-4d51-86c7-28829081ffa0:172.17.0.2:37767, 8517f1c7-f3e1-454a-ad82-74e7a1dbb9de:172.17.0.2:39899] with ContainerStateMachine:uninitialized
2020-05-27 19:32:09,293 [pool-51-thread-1] INFO  server.RaftServerConfigKeys (ConfUtils.java:logGet(44)) - raft.server.rpc.timeout.min = 1s (custom)
2020-05-27 19:32:09,293 [pool-51-thread-1] INFO  server.RaftServerConfigKeys (ConfUtils.java:logGet(44)) - raft.server.rpc.timeout.max = 1200ms (custom)
2020-05-27 19:32:09,293 [pool-51-thread-1] INFO  server.RaftServerConfigKeys (ConfUtils.java:logGet(44)) - raft.server.rpcslowness.timeout = 300s (custom)
2020-05-27 19:32:09,293 [pool-51-thread-1] INFO  server.RaftServerConfigKeys (ConfUtils.java:logGet(44)) - raft.server.sleep.deviation.threshold = 300 (default)
2020-05-27 19:32:09,293 [pool-51-thread-1] INFO  server.RaftServerConfigKeys (ConfUtils.java:logGet(44)) - raft.server.log.appender.install.snapshot.enabled = false (custom)
2020-05-27 19:32:09,293 [pool-51-thread-1] INFO  impl.RaftServerImpl (ServerState.java:<init>(103)) - 8517f1c7-f3e1-454a-ad82-74e7a1dbb9de@group-84E8A371D2C6: ConfigurationManager, init=-1: [7aed9675-d015-411c-894d-27da46c364a7:172.17.0.2:39715, ca2c986f-4912-4d51-86c7-28829081ffa0:172.17.0.2:37767, 8517f1c7-f3e1-454a-ad82-74e7a1dbb9de:172.17.0.2:39899], old=null, confs=<EMPTY_MAP>
2020-05-27 19:32:09,293 [pool-51-thread-1] INFO  server.RaftServerConfigKeys (ConfUtils.java:logGet(44)) - raft.server.storage.dir = [/github/workspace/mnt/ozone/hadoop-ozone/integration-test/target/test-dir/MiniOzoneClusterImpl-f0010636-4b6e-4820-a6ed-9dd9125fe66b/datanode-1/data/ratis] (custom)
2020-05-27 19:32:09,296 [pool-51-thread-1] INFO  server.RaftServerConfigKeys (ConfUtils.java:logGet(44)) - raft.server.log.corruption.policy = EXCEPTION (default)
2020-05-27 19:32:09,296 [pool-51-thread-1] INFO  storage.RaftStorageDirectory (RaftStorageDirectory.java:analyzeStorage(261)) - The storage directory /github/workspace/mnt/ozone/hadoop-ozone/integration-test/target/test-dir/MiniOzoneClusterImpl-f0010636-4b6e-4820-a6ed-9dd9125fe66b/datanode-1/data/ratis/536519cf-b774-478c-afba-84e8a371d2c6 does not exist. Creating ...
2020-05-27 19:32:09,295 [pool-35-thread-1] INFO  storage.RaftStorageDirectory (RaftStorageDirectory.java:tryLock(343)) - Lock on /github/workspace/mnt/ozone/hadoop-ozone/integration-test/target/test-dir/MiniOzoneClusterImpl-f0010636-4b6e-4820-a6ed-9dd9125fe66b/datanode-0/data/ratis/536519cf-b774-478c-afba-84e8a371d2c6/in_use.lock acquired by nodename 10525@97d0c8b5f382
2020-05-27 19:32:09,295 [pool-67-thread-1] INFO  impl.RaftServerImpl (RaftServerImpl.java:<init>(98)) - ca2c986f-4912-4d51-86c7-28829081ffa0: new RaftServerImpl for group-CA1C0F714B29:[ca2c986f-4912-4d51-86c7-28829081ffa0:172.17.0.2:37767] with ContainerStateMachine:uninitialized
2020-05-27 19:32:09,294 [pool-83-thread-1] INFO  impl.RaftServerImpl (RaftServerImpl.java:<init>(98)) - 43a73f06-de32-4f2e-9dfd-3dbd6ac88803: new RaftServerImpl for group-06A4D39D8215:[43a73f06-de32-4f2e-9dfd-3dbd6ac88803:172.17.0.2:43883] with ContainerStateMachine:uninitialized
2020-05-27 19:32:09,298 [pool-67-thread-1] INFO  server.RaftServerConfigKeys (ConfUtils.java:logGet(44)) - raft.server.rpc.timeout.min = 1s (custom)
2020-05-27 19:32:09,298 [pool-35-thread-1] INFO  storage.RaftStorage (RaftStorage.java:format(84)) - Storage directory /github/workspace/mnt/ozone/hadoop-ozone/integration-test/target/test-dir/MiniOzoneClusterImpl-f0010636-4b6e-4820-a6ed-9dd9125fe66b/datanode-0/data/ratis/536519cf-b774-478c-afba-84e8a371d2c6 has been successfully formatted.
2020-05-27 19:32:09,298 [pool-67-thread-1] INFO  server.RaftServerConfigKeys (ConfUtils.java:logGet(44)) - raft.server.rpc.timeout.max = 1200ms (custom)
2020-05-27 19:32:09,298 [pool-83-thread-1] INFO  server.RaftServerConfigKeys (ConfUtils.java:logGet(44)) - raft.server.rpc.timeout.min = 1s (custom)
2020-05-27 19:32:09,298 [pool-67-thread-1] INFO  server.RaftServerConfigKeys (ConfUtils.java:logGet(44)) - raft.server.rpcslowness.timeout = 300s (custom)
2020-05-27 19:32:09,298 [pool-83-thread-1] INFO  server.RaftServerConfigKeys (ConfUtils.java:logGet(44)) - raft.server.rpc.timeout.max = 1200ms (custom)
2020-05-27 19:32:09,298 [pool-83-thread-1] INFO  server.RaftServerConfigKeys (ConfUtils.java:logGet(44)) - raft.server.rpcslowness.timeout = 300s (custom)
2020-05-27 19:32:09,298 [pool-83-thread-1] INFO  server.RaftServerConfigKeys (ConfUtils.java:logGet(44)) - raft.server.sleep.deviation.threshold = 300 (default)
2020-05-27 19:32:09,298 [pool-83-thread-1] INFO  server.RaftServerConfigKeys (ConfUtils.java:logGet(44)) - raft.server.log.appender.install.snapshot.enabled = false (custom)
2020-05-27 19:32:09,298 [pool-67-thread-1] INFO  server.RaftServerConfigKeys (ConfUtils.java:logGet(44)) - raft.server.sleep.deviation.threshold = 300 (default)
2020-05-27 19:32:09,298 [pool-67-thread-1] INFO  server.RaftServerConfigKeys (ConfUtils.java:logGet(44)) - raft.server.log.appender.install.snapshot.enabled = false (custom)
2020-05-27 19:32:09,299 [pool-67-thread-1] INFO  impl.RaftServerImpl (ServerState.java:<init>(103)) - ca2c986f-4912-4d51-86c7-28829081ffa0@group-CA1C0F714B29: ConfigurationManager, init=-1: [ca2c986f-4912-4d51-86c7-28829081ffa0:172.17.0.2:37767], old=null, confs=<EMPTY_MAP>
2020-05-27 19:32:09,299 [pool-51-thread-1] INFO  storage.RaftStorageDirectory (RaftStorageDirectory.java:tryLock(343)) - Lock on /github/workspace/mnt/ozone/hadoop-ozone/integration-test/target/test-dir/MiniOzoneClusterImpl-f0010636-4b6e-4820-a6ed-9dd9125fe66b/datanode-1/data/ratis/536519cf-b774-478c-afba-84e8a371d2c6/in_use.lock acquired by nodename 10525@97d0c8b5f382
2020-05-27 19:32:09,298 [pool-83-thread-1] INFO  impl.RaftServerImpl (ServerState.java:<init>(103)) - 43a73f06-de32-4f2e-9dfd-3dbd6ac88803@group-06A4D39D8215: ConfigurationManager, init=-1: [43a73f06-de32-4f2e-9dfd-3dbd6ac88803:172.17.0.2:43883], old=null, confs=<EMPTY_MAP>
2020-05-27 19:32:09,299 [pool-83-thread-1] INFO  server.RaftServerConfigKeys (ConfUtils.java:logGet(44)) - raft.server.storage.dir = [/github/workspace/mnt/ozone/hadoop-ozone/integration-test/target/test-dir/MiniOzoneClusterImpl-f0010636-4b6e-4820-a6ed-9dd9125fe66b/datanode-3/data/ratis] (custom)
2020-05-27 19:32:09,300 [pool-83-thread-1] INFO  server.RaftServerConfigKeys (ConfUtils.java:logGet(44)) - raft.server.log.corruption.policy = EXCEPTION (default)
2020-05-27 19:32:09,300 [pool-83-thread-1] INFO  storage.RaftStorageDirectory (RaftStorageDirectory.java:analyzeStorage(261)) - The storage directory /github/workspace/mnt/ozone/hadoop-ozone/integration-test/target/test-dir/MiniOzoneClusterImpl-f0010636-4b6e-4820-a6ed-9dd9125fe66b/datanode-3/data/ratis/0811533e-8f25-4cab-acfc-06a4d39d8215 does not exist. Creating ...
2020-05-27 19:32:09,298 [pool-35-thread-1] INFO  ratis.ContainerStateMachine (ContainerStateMachine.java:loadSnapshot(226)) - group-84E8A371D2C6: The snapshot info is null. Setting the last applied indexto:(t:0, i:~)
2020-05-27 19:32:09,300 [pool-35-thread-1] INFO  server.RaftServerConfigKeys (ConfUtils.java:logGet(44)) - raft.server.notification.no-leader.timeout = 60s (default)
2020-05-27 19:32:09,300 [pool-35-thread-1] INFO  server.RaftServerConfigKeys (ConfUtils.java:logGet(44)) - raft.server.log.use.memory = false (default)
2020-05-27 19:32:09,301 [pool-35-thread-1] INFO  server.RaftServerConfigKeys (ConfUtils.java:logGet(44)) - raft.server.log.purge.gap = 1000000 (custom)
2020-05-27 19:32:09,301 [pool-35-thread-1] INFO  server.RaftServerConfigKeys (ConfUtils.java:logGet(44)) - raft.server.log.appender.buffer.byte-limit = 33554432 (custom)
2020-05-27 19:32:09,304 [pool-35-thread-1] INFO  server.RaftServerConfigKeys (ConfUtils.java:logGet(44)) - raft.server.log.segment.size.max = 1048576 (custom)
2020-05-27 19:32:09,304 [pool-35-thread-1] INFO  server.RaftServerConfigKeys (ConfUtils.java:logGet(44)) - raft.server.log.segment.cache.num.max = 2 (custom)
2020-05-27 19:32:09,304 [pool-35-thread-1] INFO  segmented.SegmentedRaftLogWorker (SegmentedRaftLogWorker.java:<init>(176)) - new 7aed9675-d015-411c-894d-27da46c364a7@group-84E8A371D2C6-SegmentedRaftLogWorker for RaftStorage:Storage Directory /github/workspace/mnt/ozone/hadoop-ozone/integration-test/target/test-dir/MiniOzoneClusterImpl-f0010636-4b6e-4820-a6ed-9dd9125fe66b/datanode-0/data/ratis/536519cf-b774-478c-afba-84e8a371d2c6
2020-05-27 19:32:09,299 [pool-67-thread-1] INFO  server.RaftServerConfigKeys (ConfUtils.java:logGet(44)) - raft.server.storage.dir = [/github/workspace/mnt/ozone/hadoop-ozone/integration-test/target/test-dir/MiniOzoneClusterImpl-f0010636-4b6e-4820-a6ed-9dd9125fe66b/datanode-2/data/ratis] (custom)
2020-05-27 19:32:09,301 [pool-51-thread-1] INFO  storage.RaftStorage (RaftStorage.java:format(84)) - Storage directory /github/workspace/mnt/ozone/hadoop-ozone/integration-test/target/test-dir/MiniOzoneClusterImpl-f0010636-4b6e-4820-a6ed-9dd9125fe66b/datanode-1/data/ratis/536519cf-b774-478c-afba-84e8a371d2c6 has been successfully formatted.
2020-05-27 19:32:09,305 [pool-67-thread-1] INFO  server.RaftServerConfigKeys (ConfUtils.java:logGet(44)) - raft.server.log.corruption.policy = EXCEPTION (default)
2020-05-27 19:32:09,305 [pool-51-thread-1] INFO  ratis.ContainerStateMachine (ContainerStateMachine.java:loadSnapshot(226)) - group-84E8A371D2C6: The snapshot info is null. Setting the last applied indexto:(t:0, i:~)
2020-05-27 19:32:09,305 [pool-67-thread-1] INFO  storage.RaftStorageDirectory (RaftStorageDirectory.java:analyzeStorage(261)) - The storage directory /github/workspace/mnt/ozone/hadoop-ozone/integration-test/target/test-dir/MiniOzoneClusterImpl-f0010636-4b6e-4820-a6ed-9dd9125fe66b/datanode-2/data/ratis/b55256d3-e68c-43b5-9a71-ca1c0f714b29 does not exist. Creating ...
2020-05-27 19:32:09,305 [pool-51-thread-1] INFO  server.RaftServerConfigKeys (ConfUtils.java:logGet(44)) - raft.server.notification.no-leader.timeout = 60s (default)
2020-05-27 19:32:09,305 [pool-51-thread-1] INFO  server.RaftServerConfigKeys (ConfUtils.java:logGet(44)) - raft.server.log.use.memory = false (default)
2020-05-27 19:32:09,305 [pool-51-thread-1] INFO  server.RaftServerConfigKeys (ConfUtils.java:logGet(44)) - raft.server.log.purge.gap = 1000000 (custom)
2020-05-27 19:32:09,306 [pool-51-thread-1] INFO  server.RaftServerConfigKeys (ConfUtils.java:logGet(44)) - raft.server.log.appender.buffer.byte-limit = 33554432 (custom)
2020-05-27 19:32:09,306 [pool-51-thread-1] INFO  server.RaftServerConfigKeys (ConfUtils.java:logGet(44)) - raft.server.log.segment.size.max = 1048576 (custom)
2020-05-27 19:32:09,306 [pool-35-thread-1] INFO  server.RaftServerConfigKeys (ConfUtils.java:logGet(44)) - raft.server.log.queue.byte-limit = 2147483647 (custom)
2020-05-27 19:32:09,306 [pool-35-thread-1] INFO  server.RaftServerConfigKeys (ConfUtils.java:logGet(44)) - raft.server.log.queue.element-limit = 1024 (custom)
2020-05-27 19:32:09,306 [pool-35-thread-1] INFO  server.RaftServerConfigKeys (ConfUtils.java:logGet(44)) - raft.server.log.segment.size.max = 1048576 (custom)
2020-05-27 19:32:09,306 [pool-35-thread-1] INFO  server.RaftServerConfigKeys (ConfUtils.java:logGet(44)) - raft.server.log.preallocated.size = 16384 (custom)
2020-05-27 19:32:09,306 [pool-35-thread-1] INFO  server.RaftServerConfigKeys (ConfUtils.java:logGet(44)) - raft.server.log.write.buffer.size = 1048576 (custom)
2020-05-27 19:32:09,306 [pool-83-thread-1] INFO  storage.RaftStorageDirectory (RaftStorageDirectory.java:tryLock(343)) - Lock on /github/workspace/mnt/ozone/hadoop-ozone/integration-test/target/test-dir/MiniOzoneClusterImpl-f0010636-4b6e-4820-a6ed-9dd9125fe66b/datanode-3/data/ratis/0811533e-8f25-4cab-acfc-06a4d39d8215/in_use.lock acquired by nodename 10525@97d0c8b5f382
2020-05-27 19:32:09,306 [pool-51-thread-1] INFO  server.RaftServerConfigKeys (ConfUtils.java:logGet(44)) - raft.server.log.segment.cache.num.max = 2 (custom)
2020-05-27 19:32:09,306 [pool-51-thread-1] INFO  segmented.SegmentedRaftLogWorker (SegmentedRaftLogWorker.java:<init>(176)) - new 8517f1c7-f3e1-454a-ad82-74e7a1dbb9de@group-84E8A371D2C6-SegmentedRaftLogWorker for RaftStorage:Storage Directory /github/workspace/mnt/ozone/hadoop-ozone/integration-test/target/test-dir/MiniOzoneClusterImpl-f0010636-4b6e-4820-a6ed-9dd9125fe66b/datanode-1/data/ratis/536519cf-b774-478c-afba-84e8a371d2c6
2020-05-27 19:32:09,306 [pool-35-thread-1] INFO  server.RaftServerConfigKeys (ConfUtils.java:logGet(44)) - raft.server.log.force.sync.num = 128 (default)
2020-05-27 19:32:09,307 [pool-51-thread-1] INFO  server.RaftServerConfigKeys (ConfUtils.java:logGet(44)) - raft.server.log.queue.byte-limit = 2147483647 (custom)
2020-05-27 19:32:09,307 [pool-35-thread-1] INFO  server.RaftServerConfigKeys (ConfUtils.java:logGet(44)) - raft.server.log.statemachine.data.sync = true (default)
2020-05-27 19:32:09,307 [pool-35-thread-1] INFO  server.RaftServerConfigKeys (ConfUtils.java:logGet(44)) - raft.server.log.statemachine.data.sync.timeout = 10s (default)
2020-05-27 19:32:09,307 [pool-35-thread-1] INFO  server.RaftServerConfigKeys (ConfUtils.java:logGet(44)) - raft.server.log.statemachine.data.sync.timeout.retry = -1 (default)
2020-05-27 19:32:09,307 [pool-51-thread-1] INFO  server.RaftServerConfigKeys (ConfUtils.java:logGet(44)) - raft.server.log.queue.element-limit = 1024 (custom)
2020-05-27 19:32:09,307 [pool-51-thread-1] INFO  server.RaftServerConfigKeys (ConfUtils.java:logGet(44)) - raft.server.log.segment.size.max = 1048576 (custom)
2020-05-27 19:32:09,307 [pool-51-thread-1] INFO  server.RaftServerConfigKeys (ConfUtils.java:logGet(44)) - raft.server.log.preallocated.size = 16384 (custom)
2020-05-27 19:32:09,308 [pool-51-thread-1] INFO  server.RaftServerConfigKeys (ConfUtils.java:logGet(44)) - raft.server.log.write.buffer.size = 1048576 (custom)
2020-05-27 19:32:09,308 [pool-51-thread-1] INFO  server.RaftServerConfigKeys (ConfUtils.java:logGet(44)) - raft.server.log.force.sync.num = 128 (default)
2020-05-27 19:32:09,308 [pool-51-thread-1] INFO  server.RaftServerConfigKeys (ConfUtils.java:logGet(44)) - raft.server.log.statemachine.data.sync = true (default)
2020-05-27 19:32:09,308 [pool-51-thread-1] INFO  server.RaftServerConfigKeys (ConfUtils.java:logGet(44)) - raft.server.log.statemachine.data.sync.timeout = 10s (default)
2020-05-27 19:32:09,308 [pool-35-thread-1] INFO  server.RaftServerConfigKeys (ConfUtils.java:logGet(44)) - raft.server.log.statemachine.data.caching.enabled = true (custom)
2020-05-27 19:32:09,308 [pool-51-thread-1] INFO  server.RaftServerConfigKeys (ConfUtils.java:logGet(44)) - raft.server.log.statemachine.data.sync.timeout.retry = -1 (default)
2020-05-27 19:32:09,308 [pool-67-thread-1] INFO  storage.RaftStorageDirectory (RaftStorageDirectory.java:tryLock(343)) - Lock on /github/workspace/mnt/ozone/hadoop-ozone/integration-test/target/test-dir/MiniOzoneClusterImpl-f0010636-4b6e-4820-a6ed-9dd9125fe66b/datanode-2/data/ratis/b55256d3-e68c-43b5-9a71-ca1c0f714b29/in_use.lock acquired by nodename 10525@97d0c8b5f382
2020-05-27 19:32:09,309 [pool-51-thread-1] INFO  server.RaftServerConfigKeys (ConfUtils.java:logGet(44)) - raft.server.log.statemachine.data.caching.enabled = true (custom)
2020-05-27 19:32:09,309 [pool-35-thread-1] INFO  segmented.SegmentedRaftLogWorker (SegmentedRaftLogWorker.java:lambda$new$0(129)) - 7aed9675-d015-411c-894d-27da46c364a7@group-84E8A371D2C6-SegmentedRaftLogWorker: flushIndex: setUnconditionally 0 -> -1
2020-05-27 19:32:09,309 [pool-51-thread-1] INFO  segmented.SegmentedRaftLogWorker (SegmentedRaftLogWorker.java:lambda$new$0(129)) - 8517f1c7-f3e1-454a-ad82-74e7a1dbb9de@group-84E8A371D2C6-SegmentedRaftLogWorker: flushIndex: setUnconditionally 0 -> -1
2020-05-27 19:32:09,310 [pool-67-thread-1] INFO  storage.RaftStorage (RaftStorage.java:format(84)) - Storage directory /github/workspace/mnt/ozone/hadoop-ozone/integration-test/target/test-dir/MiniOzoneClusterImpl-f0010636-4b6e-4820-a6ed-9dd9125fe66b/datanode-2/data/ratis/b55256d3-e68c-43b5-9a71-ca1c0f714b29 has been successfully formatted.
2020-05-27 19:32:09,310 [pool-83-thread-1] INFO  storage.RaftStorage (RaftStorage.java:format(84)) - Storage directory /github/workspace/mnt/ozone/hadoop-ozone/integration-test/target/test-dir/MiniOzoneClusterImpl-f0010636-4b6e-4820-a6ed-9dd9125fe66b/datanode-3/data/ratis/0811533e-8f25-4cab-acfc-06a4d39d8215 has been successfully formatted.
2020-05-27 19:32:09,311 [pool-35-thread-1] INFO  server.RaftServerConfigKeys (ConfUtils.java:logGet(44)) - raft.server.snapshot.auto.trigger.enabled = true (custom)
2020-05-27 19:32:09,311 [pool-35-thread-1] INFO  server.RaftServerConfigKeys (ConfUtils.java:logGet(44)) - raft.server.snapshot.auto.trigger.threshold = 10000 (custom)
2020-05-27 19:32:09,311 [pool-35-thread-1] INFO  server.RaftServerConfigKeys (ConfUtils.java:logGet(44)) - raft.server.snapshot.retention.file.num = 5 (custom)
2020-05-27 19:32:09,311 [pool-35-thread-1] INFO  server.RaftServerConfigKeys (ConfUtils.java:logGet(44)) - raft.server.log.purge.upto.snapshot.index = false (default)
2020-05-27 19:32:09,311 [pool-35-thread-1] INFO  server.RaftServerConfigKeys (ConfUtils.java:logGet(44)) - raft.server.retrycache.expirytime = 600000ms (custom)
2020-05-27 19:32:09,311 [pool-35-thread-1] INFO  metrics.RatisMetrics (RatisMetrics.java:lambda$create$0(39)) - Creating Metrics Registry : ratis.leader_election.7aed9675-d015-411c-894d-27da46c364a7@group-84E8A371D2C6
2020-05-27 19:32:09,318 [pool-83-thread-1] INFO  ratis.ContainerStateMachine (ContainerStateMachine.java:loadSnapshot(226)) - group-06A4D39D8215: The snapshot info is null. Setting the last applied indexto:(t:0, i:~)
2020-05-27 19:32:09,318 [pool-83-thread-1] INFO  server.RaftServerConfigKeys (ConfUtils.java:logGet(44)) - raft.server.notification.no-leader.timeout = 60s (default)
2020-05-27 19:32:09,318 [pool-83-thread-1] INFO  server.RaftServerConfigKeys (ConfUtils.java:logGet(44)) - raft.server.log.use.memory = false (default)
2020-05-27 19:32:09,318 [pool-83-thread-1] INFO  server.RaftServerConfigKeys (ConfUtils.java:logGet(44)) - raft.server.log.purge.gap = 1000000 (custom)
2020-05-27 19:32:09,318 [pool-83-thread-1] INFO  server.RaftServerConfigKeys (ConfUtils.java:logGet(44)) - raft.server.log.appender.buffer.byte-limit = 33554432 (custom)
2020-05-27 19:32:09,318 [pool-51-thread-1] INFO  server.RaftServerConfigKeys (ConfUtils.java:logGet(44)) - raft.server.snapshot.auto.trigger.enabled = true (custom)
2020-05-27 19:32:09,318 [pool-51-thread-1] INFO  server.RaftServerConfigKeys (ConfUtils.java:logGet(44)) - raft.server.snapshot.auto.trigger.threshold = 10000 (custom)
2020-05-27 19:32:09,318 [pool-51-thread-1] INFO  server.RaftServerConfigKeys (ConfUtils.java:logGet(44)) - raft.server.snapshot.retention.file.num = 5 (custom)
2020-05-27 19:32:09,318 [pool-51-thread-1] INFO  server.RaftServerConfigKeys (ConfUtils.java:logGet(44)) - raft.server.log.purge.upto.snapshot.index = false (default)
2020-05-27 19:32:09,318 [pool-51-thread-1] INFO  server.RaftServerConfigKeys (ConfUtils.java:logGet(44)) - raft.server.retrycache.expirytime = 600000ms (custom)
2020-05-27 19:32:09,318 [pool-51-thread-1] INFO  metrics.RatisMetrics (RatisMetrics.java:lambda$create$0(39)) - Creating Metrics Registry : ratis.leader_election.8517f1c7-f3e1-454a-ad82-74e7a1dbb9de@group-84E8A371D2C6
2020-05-27 19:32:09,318 [pool-83-thread-1] INFO  server.RaftServerConfigKeys (ConfUtils.java:logGet(44)) - raft.server.log.segment.size.max = 1048576 (custom)
2020-05-27 19:32:09,318 [pool-67-thread-1] INFO  ratis.ContainerStateMachine (ContainerStateMachine.java:loadSnapshot(226)) - group-CA1C0F714B29: The snapshot info is null. Setting the last applied indexto:(t:0, i:~)
2020-05-27 19:32:09,319 [pool-83-thread-1] INFO  metrics.RatisMetrics (RatisMetrics.java:lambda$create$0(39)) - Creating Metrics Registry : ratis.log_worker.43a73f06-de32-4f2e-9dfd-3dbd6ac88803
2020-05-27 19:32:09,319 [pool-67-thread-1] INFO  server.RaftServerConfigKeys (ConfUtils.java:logGet(44)) - raft.server.notification.no-leader.timeout = 60s (default)
2020-05-27 19:32:09,319 [pool-67-thread-1] INFO  server.RaftServerConfigKeys (ConfUtils.java:logGet(44)) - raft.server.log.use.memory = false (default)
2020-05-27 19:32:09,319 [pool-67-thread-1] INFO  server.RaftServerConfigKeys (ConfUtils.java:logGet(44)) - raft.server.log.purge.gap = 1000000 (custom)
2020-05-27 19:32:09,320 [pool-67-thread-1] INFO  server.RaftServerConfigKeys (ConfUtils.java:logGet(44)) - raft.server.log.appender.buffer.byte-limit = 33554432 (custom)
2020-05-27 19:32:09,320 [pool-67-thread-1] INFO  server.RaftServerConfigKeys (ConfUtils.java:logGet(44)) - raft.server.log.segment.size.max = 1048576 (custom)
2020-05-27 19:32:09,320 [pool-67-thread-1] INFO  metrics.RatisMetrics (RatisMetrics.java:lambda$create$0(39)) - Creating Metrics Registry : ratis.log_worker.ca2c986f-4912-4d51-86c7-28829081ffa0
2020-05-27 19:32:09,320 [pool-35-thread-1] INFO  metrics.RatisMetrics (RatisMetrics.java:lambda$create$0(39)) - Creating Metrics Registry : ratis.server.7aed9675-d015-411c-894d-27da46c364a7@group-84E8A371D2C6
2020-05-27 19:32:09,320 [pool-83-thread-1] INFO  server.RaftServerConfigKeys (ConfUtils.java:logGet(44)) - raft.server.log.segment.cache.num.max = 2 (custom)
2020-05-27 19:32:09,320 [pool-83-thread-1] INFO  segmented.SegmentedRaftLogWorker (SegmentedRaftLogWorker.java:<init>(176)) - new 43a73f06-de32-4f2e-9dfd-3dbd6ac88803@group-06A4D39D8215-SegmentedRaftLogWorker for RaftStorage:Storage Directory /github/workspace/mnt/ozone/hadoop-ozone/integration-test/target/test-dir/MiniOzoneClusterImpl-f0010636-4b6e-4820-a6ed-9dd9125fe66b/datanode-3/data/ratis/0811533e-8f25-4cab-acfc-06a4d39d8215
2020-05-27 19:32:09,320 [pool-83-thread-1] INFO  server.RaftServerConfigKeys (ConfUtils.java:logGet(44)) - raft.server.log.queue.byte-limit = 2147483647 (custom)
2020-05-27 19:32:09,320 [pool-83-thread-1] INFO  server.RaftServerConfigKeys (ConfUtils.java:logGet(44)) - raft.server.log.queue.element-limit = 1024 (custom)
2020-05-27 19:32:09,320 [pool-83-thread-1] INFO  server.RaftServerConfigKeys (ConfUtils.java:logGet(44)) - raft.server.log.segment.size.max = 1048576 (custom)
2020-05-27 19:32:09,321 [pool-83-thread-1] INFO  server.RaftServerConfigKeys (ConfUtils.java:logGet(44)) - raft.server.log.preallocated.size = 16384 (custom)
2020-05-27 19:32:09,321 [pool-83-thread-1] INFO  server.RaftServerConfigKeys (ConfUtils.java:logGet(44)) - raft.server.log.write.buffer.size = 1048576 (custom)
2020-05-27 19:32:09,321 [pool-83-thread-1] INFO  server.RaftServerConfigKeys (ConfUtils.java:logGet(44)) - raft.server.log.force.sync.num = 128 (default)
2020-05-27 19:32:09,321 [pool-83-thread-1] INFO  server.RaftServerConfigKeys (ConfUtils.java:logGet(44)) - raft.server.log.statemachine.data.sync = true (default)
2020-05-27 19:32:09,321 [pool-83-thread-1] INFO  server.RaftServerConfigKeys (ConfUtils.java:logGet(44)) - raft.server.log.statemachine.data.sync.timeout = 10s (default)
2020-05-27 19:32:09,321 [pool-83-thread-1] INFO  server.RaftServerConfigKeys (ConfUtils.java:logGet(44)) - raft.server.log.statemachine.data.sync.timeout.retry = -1 (default)
2020-05-27 19:32:09,323 [pool-51-thread-1] INFO  metrics.RatisMetrics (RatisMetrics.java:lambda$create$0(39)) - Creating Metrics Registry : ratis.server.8517f1c7-f3e1-454a-ad82-74e7a1dbb9de@group-84E8A371D2C6
2020-05-27 19:32:09,329 [pool-35-thread-1] INFO  impl.RaftServerImpl (RaftServerImpl.java:start(184)) - 7aed9675-d015-411c-894d-27da46c364a7@group-84E8A371D2C6: start as a follower, conf=-1: [7aed9675-d015-411c-894d-27da46c364a7:172.17.0.2:39715, ca2c986f-4912-4d51-86c7-28829081ffa0:172.17.0.2:37767, 8517f1c7-f3e1-454a-ad82-74e7a1dbb9de:172.17.0.2:39899], old=null
2020-05-27 19:32:09,329 [pool-35-thread-1] INFO  impl.RaftServerImpl (RaftServerImpl.java:setRole(173)) - 7aed9675-d015-411c-894d-27da46c364a7@group-84E8A371D2C6: changes role from      null to FOLLOWER at term 0 for startAsFollower
2020-05-27 19:32:09,329 [pool-35-thread-1] INFO  impl.RoleInfo (RoleInfo.java:updateAndGet(143)) - 7aed9675-d015-411c-894d-27da46c364a7: start FollowerState
2020-05-27 19:32:09,330 [pool-51-thread-1] INFO  impl.RaftServerImpl (RaftServerImpl.java:start(184)) - 8517f1c7-f3e1-454a-ad82-74e7a1dbb9de@group-84E8A371D2C6: start as a follower, conf=-1: [7aed9675-d015-411c-894d-27da46c364a7:172.17.0.2:39715, ca2c986f-4912-4d51-86c7-28829081ffa0:172.17.0.2:37767, 8517f1c7-f3e1-454a-ad82-74e7a1dbb9de:172.17.0.2:39899], old=null
2020-05-27 19:32:09,330 [pool-51-thread-1] INFO  impl.RaftServerImpl (RaftServerImpl.java:setRole(173)) - 8517f1c7-f3e1-454a-ad82-74e7a1dbb9de@group-84E8A371D2C6: changes role from      null to FOLLOWER at term 0 for startAsFollower
2020-05-27 19:32:09,331 [pool-83-thread-1] INFO  server.RaftServerConfigKeys (ConfUtils.java:logGet(44)) - raft.server.log.statemachine.data.caching.enabled = true (custom)
2020-05-27 19:32:09,331 [pool-83-thread-1] INFO  segmented.SegmentedRaftLogWorker (SegmentedRaftLogWorker.java:lambda$new$0(129)) - 43a73f06-de32-4f2e-9dfd-3dbd6ac88803@group-06A4D39D8215-SegmentedRaftLogWorker: flushIndex: setUnconditionally 0 -> -1
2020-05-27 19:32:09,332 [pool-35-thread-1] INFO  util.JmxRegister (JmxRegister.java:tryRegister(44)) - Successfully registered JMX Bean with object name Ratis:service=RaftServer,group=group-84E8A371D2C6,id=7aed9675-d015-411c-894d-27da46c364a7
2020-05-27 19:32:09,332 [pool-35-thread-1] INFO  metrics.RatisMetrics (RatisMetrics.java:lambda$create$0(39)) - Creating Metrics Registry : ratis.state_machine.7aed9675-d015-411c-894d-27da46c364a7@group-84E8A371D2C6
2020-05-27 19:32:09,351 [pool-67-thread-1] INFO  server.RaftServerConfigKeys (ConfUtils.java:logGet(44)) - raft.server.log.segment.cache.num.max = 2 (custom)
2020-05-27 19:32:09,351 [pool-67-thread-1] INFO  segmented.SegmentedRaftLogWorker (SegmentedRaftLogWorker.java:<init>(176)) - new ca2c986f-4912-4d51-86c7-28829081ffa0@group-CA1C0F714B29-SegmentedRaftLogWorker for RaftStorage:Storage Directory /github/workspace/mnt/ozone/hadoop-ozone/integration-test/target/test-dir/MiniOzoneClusterImpl-f0010636-4b6e-4820-a6ed-9dd9125fe66b/datanode-2/data/ratis/b55256d3-e68c-43b5-9a71-ca1c0f714b29
2020-05-27 19:32:09,351 [pool-67-thread-1] INFO  server.RaftServerConfigKeys (ConfUtils.java:logGet(44)) - raft.server.log.queue.byte-limit = 2147483647 (custom)
2020-05-27 19:32:09,351 [pool-67-thread-1] INFO  server.RaftServerConfigKeys (ConfUtils.java:logGet(44)) - raft.server.log.queue.element-limit = 1024 (custom)
2020-05-27 19:32:09,351 [pool-67-thread-1] INFO  server.RaftServerConfigKeys (ConfUtils.java:logGet(44)) - raft.server.log.segment.size.max = 1048576 (custom)
2020-05-27 19:32:09,351 [pool-67-thread-1] INFO  server.RaftServerConfigKeys (ConfUtils.java:logGet(44)) - raft.server.log.preallocated.size = 16384 (custom)
2020-05-27 19:32:09,351 [pool-67-thread-1] INFO  server.RaftServerConfigKeys (ConfUtils.java:logGet(44)) - raft.server.log.write.buffer.size = 1048576 (custom)
2020-05-27 19:32:09,351 [pool-67-thread-1] INFO  server.RaftServerConfigKeys (ConfUtils.java:logGet(44)) - raft.server.log.force.sync.num = 128 (default)
2020-05-27 19:32:09,351 [pool-67-thread-1] INFO  server.RaftServerConfigKeys (ConfUtils.java:logGet(44)) - raft.server.log.statemachine.data.sync = true (default)
2020-05-27 19:32:09,351 [pool-67-thread-1] INFO  server.RaftServerConfigKeys (ConfUtils.java:logGet(44)) - raft.server.log.statemachine.data.sync.timeout = 10s (default)
2020-05-27 19:32:09,351 [pool-51-thread-1] INFO  impl.RoleInfo (RoleInfo.java:updateAndGet(143)) - 8517f1c7-f3e1-454a-ad82-74e7a1dbb9de: start FollowerState
2020-05-27 19:32:09,351 [pool-83-thread-1] INFO  server.RaftServerConfigKeys (ConfUtils.java:logGet(44)) - raft.server.snapshot.auto.trigger.enabled = true (custom)
2020-05-27 19:32:09,352 [pool-83-thread-1] INFO  server.RaftServerConfigKeys (ConfUtils.java:logGet(44)) - raft.server.snapshot.auto.trigger.threshold = 10000 (custom)
2020-05-27 19:32:09,352 [pool-83-thread-1] INFO  server.RaftServerConfigKeys (ConfUtils.java:logGet(44)) - raft.server.snapshot.retention.file.num = 5 (custom)
2020-05-27 19:32:09,352 [pool-83-thread-1] INFO  server.RaftServerConfigKeys (ConfUtils.java:logGet(44)) - raft.server.log.purge.upto.snapshot.index = false (default)
2020-05-27 19:32:09,352 [pool-51-thread-1] INFO  util.JmxRegister (JmxRegister.java:tryRegister(44)) - Successfully registered JMX Bean with object name Ratis:service=RaftServer,group=group-84E8A371D2C6,id=8517f1c7-f3e1-454a-ad82-74e7a1dbb9de
2020-05-27 19:32:09,351 [pool-67-thread-1] INFO  server.RaftServerConfigKeys (ConfUtils.java:logGet(44)) - raft.server.log.statemachine.data.sync.timeout.retry = -1 (default)
2020-05-27 19:32:09,352 [pool-51-thread-1] INFO  metrics.RatisMetrics (RatisMetrics.java:lambda$create$0(39)) - Creating Metrics Registry : ratis.state_machine.8517f1c7-f3e1-454a-ad82-74e7a1dbb9de@group-84E8A371D2C6
2020-05-27 19:32:09,358 [pool-83-thread-1] INFO  server.RaftServerConfigKeys (ConfUtils.java:logGet(44)) - raft.server.retrycache.expirytime = 600000ms (custom)
2020-05-27 19:32:09,358 [pool-83-thread-1] INFO  metrics.RatisMetrics (RatisMetrics.java:lambda$create$0(39)) - Creating Metrics Registry : ratis.leader_election.43a73f06-de32-4f2e-9dfd-3dbd6ac88803@group-06A4D39D8215
2020-05-27 19:32:09,359 [pool-83-thread-1] INFO  metrics.RatisMetrics (RatisMetrics.java:lambda$create$0(39)) - Creating Metrics Registry : ratis.server.43a73f06-de32-4f2e-9dfd-3dbd6ac88803@group-06A4D39D8215
2020-05-27 19:32:09,360 [EventQueue-PipelineReportForPipelineReportHandler] INFO  pipeline.PipelineStateManager (PipelineStateManager.java:openPipeline(131)) - Pipeline Pipeline[ Id: 0811533e-8f25-4cab-acfc-06a4d39d8215, Nodes: 43a73f06-de32-4f2e-9dfd-3dbd6ac88803{ip: 172.17.0.2, host: 97d0c8b5f382, networkLocation: /rack1, certSerialId: null}, Type:RATIS, Factor:ONE, State:ALLOCATED, leaderId:43a73f06-de32-4f2e-9dfd-3dbd6ac88803, CreationTimestamp2020-05-27T19:32:06.267Z] moved to OPEN state
2020-05-27 19:32:09,361 [EventQueue-OpenPipelineForOneReplicaPipelineSafeModeRule] INFO  safemode.SCMSafeModeManager (SCMSafeModeManager.java:validateSafeModeExitRules(213)) - AtleastOneDatanodeReportedRule rule is successfully validated
2020-05-27 19:32:09,361 [EventQueue-OpenPipelineForHealthyPipelineSafeModeRule] INFO  safemode.SCMSafeModeManager (HealthyPipelineSafeModeRule.java:process(132)) - SCM in safe mode. Healthy pipelines reported count is 0, required healthy pipeline reported count is 1
2020-05-27 19:32:09,362 [pool-67-thread-1] INFO  server.RaftServerConfigKeys (ConfUtils.java:logGet(44)) - raft.server.log.statemachine.data.caching.enabled = true (custom)
2020-05-27 19:32:09,364 [pool-67-thread-1] INFO  segmented.SegmentedRaftLogWorker (SegmentedRaftLogWorker.java:lambda$new$0(129)) - ca2c986f-4912-4d51-86c7-28829081ffa0@group-CA1C0F714B29-SegmentedRaftLogWorker: flushIndex: setUnconditionally 0 -> -1
2020-05-27 19:32:09,366 [pool-83-thread-1] INFO  impl.RaftServerImpl (RaftServerImpl.java:start(184)) - 43a73f06-de32-4f2e-9dfd-3dbd6ac88803@group-06A4D39D8215: start as a follower, conf=-1: [43a73f06-de32-4f2e-9dfd-3dbd6ac88803:172.17.0.2:43883], old=null
2020-05-27 19:32:09,366 [pool-83-thread-1] INFO  impl.RaftServerImpl (RaftServerImpl.java:setRole(173)) - 43a73f06-de32-4f2e-9dfd-3dbd6ac88803@group-06A4D39D8215: changes role from      null to FOLLOWER at term 0 for startAsFollower
2020-05-27 19:32:09,375 [Command processor thread] INFO  impl.RaftServerProxy (RaftServerProxy.java:addNew(89)) - 7d59b1d8-9c1a-4986-8068-ccaafcba6925: addNew group-1C4162F2F3AA:[7d59b1d8-9c1a-4986-8068-ccaafcba6925:172.17.0.2:37367] returns group-1C4162F2F3AA:java.util.concurrent.CompletableFuture@7251a517[Not completed]
2020-05-27 19:32:09,376 [EventQueue-PipelineReportForPipelineReportHandler] INFO  pipeline.PipelineStateManager (PipelineStateManager.java:openPipeline(131)) - Pipeline Pipeline[ Id: b55256d3-e68c-43b5-9a71-ca1c0f714b29, Nodes: ca2c986f-4912-4d51-86c7-28829081ffa0{ip: 172.17.0.2, host: 97d0c8b5f382, networkLocation: /rack1, certSerialId: null}, Type:RATIS, Factor:ONE, State:ALLOCATED, leaderId:ca2c986f-4912-4d51-86c7-28829081ffa0, CreationTimestamp2020-05-27T19:32:06.167Z] moved to OPEN state
2020-05-27 19:32:09,376 [EventQueue-OpenPipelineForOneReplicaPipelineSafeModeRule] INFO  safemode.SCMSafeModeManager (SCMSafeModeManager.java:validateSafeModeExitRules(213)) - AtleastOneDatanodeReportedRule rule is successfully validated
2020-05-27 19:32:09,376 [EventQueue-OpenPipelineForHealthyPipelineSafeModeRule] INFO  safemode.SCMSafeModeManager (HealthyPipelineSafeModeRule.java:process(132)) - SCM in safe mode. Healthy pipelines reported count is 0, required healthy pipeline reported count is 1
2020-05-27 19:32:09,378 [pool-99-thread-1] INFO  impl.RaftServerImpl (RaftServerImpl.java:<init>(98)) - 7d59b1d8-9c1a-4986-8068-ccaafcba6925: new RaftServerImpl for group-1C4162F2F3AA:[7d59b1d8-9c1a-4986-8068-ccaafcba6925:172.17.0.2:37367] with ContainerStateMachine:uninitialized
2020-05-27 19:32:09,378 [pool-83-thread-1] INFO  impl.RoleInfo (RoleInfo.java:updateAndGet(143)) - 43a73f06-de32-4f2e-9dfd-3dbd6ac88803: start FollowerState
2020-05-27 19:32:09,382 [pool-83-thread-1] INFO  util.JmxRegister (JmxRegister.java:tryRegister(44)) - Successfully registered JMX Bean with object name Ratis:service=RaftServer,group=group-06A4D39D8215,id=43a73f06-de32-4f2e-9dfd-3dbd6ac88803
2020-05-27 19:32:09,382 [pool-83-thread-1] INFO  metrics.RatisMetrics (RatisMetrics.java:lambda$create$0(39)) - Creating Metrics Registry : ratis.state_machine.43a73f06-de32-4f2e-9dfd-3dbd6ac88803@group-06A4D39D8215
2020-05-27 19:32:09,388 [Command processor thread] INFO  commandhandler.CreatePipelineCommandHandler (CreatePipelineCommandHandler.java:handle(109)) - Created Pipeline RATIS ONE #id: "0811533e-8f25-4cab-acfc-06a4d39d8215"
.
2020-05-27 19:32:09,388 [pool-67-thread-1] INFO  server.RaftServerConfigKeys (ConfUtils.java:logGet(44)) - raft.server.snapshot.auto.trigger.enabled = true (custom)
2020-05-27 19:32:09,388 [pool-67-thread-1] INFO  server.RaftServerConfigKeys (ConfUtils.java:logGet(44)) - raft.server.snapshot.auto.trigger.threshold = 10000 (custom)
2020-05-27 19:32:09,392 [pool-67-thread-1] INFO  server.RaftServerConfigKeys (ConfUtils.java:logGet(44)) - raft.server.snapshot.retention.file.num = 5 (custom)
2020-05-27 19:32:09,393 [pool-67-thread-1] INFO  server.RaftServerConfigKeys (ConfUtils.java:logGet(44)) - raft.server.log.purge.upto.snapshot.index = false (default)
2020-05-27 19:32:09,393 [pool-67-thread-1] INFO  server.RaftServerConfigKeys (ConfUtils.java:logGet(44)) - raft.server.retrycache.expirytime = 600000ms (custom)
2020-05-27 19:32:09,393 [pool-67-thread-1] INFO  metrics.RatisMetrics (RatisMetrics.java:lambda$create$0(39)) - Creating Metrics Registry : ratis.leader_election.ca2c986f-4912-4d51-86c7-28829081ffa0@group-CA1C0F714B29
2020-05-27 19:32:09,394 [pool-67-thread-1] INFO  metrics.RatisMetrics (RatisMetrics.java:lambda$create$0(39)) - Creating Metrics Registry : ratis.server.ca2c986f-4912-4d51-86c7-28829081ffa0@group-CA1C0F714B29
2020-05-27 19:32:09,395 [pool-99-thread-1] INFO  server.RaftServerConfigKeys (ConfUtils.java:logGet(44)) - raft.server.rpc.timeout.min = 1s (custom)
2020-05-27 19:32:09,395 [pool-67-thread-1] INFO  impl.RaftServerImpl (RaftServerImpl.java:start(184)) - ca2c986f-4912-4d51-86c7-28829081ffa0@group-CA1C0F714B29: start as a follower, conf=-1: [ca2c986f-4912-4d51-86c7-28829081ffa0:172.17.0.2:37767], old=null
2020-05-27 19:32:09,395 [pool-99-thread-1] INFO  server.RaftServerConfigKeys (ConfUtils.java:logGet(44)) - raft.server.rpc.timeout.max = 1200ms (custom)
2020-05-27 19:32:09,395 [pool-67-thread-1] INFO  impl.RaftServerImpl (RaftServerImpl.java:setRole(173)) - ca2c986f-4912-4d51-86c7-28829081ffa0@group-CA1C0F714B29: changes role from      null to FOLLOWER at term 0 for startAsFollower
2020-05-27 19:32:09,399 [pool-67-thread-1] INFO  impl.RoleInfo (RoleInfo.java:updateAndGet(143)) - ca2c986f-4912-4d51-86c7-28829081ffa0: start FollowerState
2020-05-27 19:32:09,398 [pool-83-thread-1] INFO  impl.RaftServerImpl (RaftServerImpl.java:<init>(98)) - 43a73f06-de32-4f2e-9dfd-3dbd6ac88803: new RaftServerImpl for group-EDFBBF01C07B:[43a73f06-de32-4f2e-9dfd-3dbd6ac88803:172.17.0.2:43883, f8fa1989-8a4e-41f2-9266-8404362eecef:172.17.0.2:34811, 7d59b1d8-9c1a-4986-8068-ccaafcba6925:172.17.0.2:37367] with ContainerStateMachine:uninitialized
2020-05-27 19:32:09,396 [Command processor thread] INFO  impl.RaftServerProxy (RaftServerProxy.java:addNew(89)) - 43a73f06-de32-4f2e-9dfd-3dbd6ac88803: addNew group-EDFBBF01C07B:[43a73f06-de32-4f2e-9dfd-3dbd6ac88803:172.17.0.2:43883, f8fa1989-8a4e-41f2-9266-8404362eecef:172.17.0.2:34811, 7d59b1d8-9c1a-4986-8068-ccaafcba6925:172.17.0.2:37367] returns group-EDFBBF01C07B:java.util.concurrent.CompletableFuture@558880b9[Not completed]
2020-05-27 19:32:09,395 [pool-99-thread-1] INFO  server.RaftServerConfigKeys (ConfUtils.java:logGet(44)) - raft.server.rpcslowness.timeout = 300s (custom)
2020-05-27 19:32:09,401 [pool-99-thread-1] INFO  server.RaftServerConfigKeys (ConfUtils.java:logGet(44)) - raft.server.sleep.deviation.threshold = 300 (default)
2020-05-27 19:32:09,401 [pool-99-thread-1] INFO  server.RaftServerConfigKeys (ConfUtils.java:logGet(44)) - raft.server.log.appender.install.snapshot.enabled = false (custom)
2020-05-27 19:32:09,402 [pool-99-thread-1] INFO  impl.RaftServerImpl (ServerState.java:<init>(103)) - 7d59b1d8-9c1a-4986-8068-ccaafcba6925@group-1C4162F2F3AA: ConfigurationManager, init=-1: [7d59b1d8-9c1a-4986-8068-ccaafcba6925:172.17.0.2:37367], old=null, confs=<EMPTY_MAP>
2020-05-27 19:32:09,402 [pool-99-thread-1] INFO  server.RaftServerConfigKeys (ConfUtils.java:logGet(44)) - raft.server.storage.dir = [/github/workspace/mnt/ozone/hadoop-ozone/integration-test/target/test-dir/MiniOzoneClusterImpl-f0010636-4b6e-4820-a6ed-9dd9125fe66b/datanode-4/data/ratis] (custom)
2020-05-27 19:32:09,402 [pool-99-thread-1] INFO  server.RaftServerConfigKeys (ConfUtils.java:logGet(44)) - raft.server.log.corruption.policy = EXCEPTION (default)
2020-05-27 19:32:09,402 [pool-99-thread-1] INFO  storage.RaftStorageDirectory (RaftStorageDirectory.java:analyzeStorage(261)) - The storage directory /github/workspace/mnt/ozone/hadoop-ozone/integration-test/target/test-dir/MiniOzoneClusterImpl-f0010636-4b6e-4820-a6ed-9dd9125fe66b/datanode-4/data/ratis/ccb19cd2-0da5-404e-8a0b-1c4162f2f3aa does not exist. Creating ...
2020-05-27 19:32:09,399 [pool-83-thread-1] INFO  server.RaftServerConfigKeys (ConfUtils.java:logGet(44)) - raft.server.rpc.timeout.min = 1s (custom)
2020-05-27 19:32:09,403 [pool-83-thread-1] INFO  server.RaftServerConfigKeys (ConfUtils.java:logGet(44)) - raft.server.rpc.timeout.max = 1200ms (custom)
2020-05-27 19:32:09,403 [pool-67-thread-1] INFO  util.JmxRegister (JmxRegister.java:tryRegister(44)) - Successfully registered JMX Bean with object name Ratis:service=RaftServer,group=group-CA1C0F714B29,id=ca2c986f-4912-4d51-86c7-28829081ffa0
2020-05-27 19:32:09,403 [pool-67-thread-1] INFO  metrics.RatisMetrics (RatisMetrics.java:lambda$create$0(39)) - Creating Metrics Registry : ratis.state_machine.ca2c986f-4912-4d51-86c7-28829081ffa0@group-CA1C0F714B29
2020-05-27 19:32:09,403 [pool-83-thread-1] INFO  server.RaftServerConfigKeys (ConfUtils.java:logGet(44)) - raft.server.rpcslowness.timeout = 300s (custom)
2020-05-27 19:32:09,403 [pool-83-thread-1] INFO  server.RaftServerConfigKeys (ConfUtils.java:logGet(44)) - raft.server.sleep.deviation.threshold = 300 (default)
2020-05-27 19:32:09,403 [pool-83-thread-1] INFO  server.RaftServerConfigKeys (ConfUtils.java:logGet(44)) - raft.server.log.appender.install.snapshot.enabled = false (custom)
2020-05-27 19:32:09,403 [pool-83-thread-1] INFO  impl.RaftServerImpl (ServerState.java:<init>(103)) - 43a73f06-de32-4f2e-9dfd-3dbd6ac88803@group-EDFBBF01C07B: ConfigurationManager, init=-1: [43a73f06-de32-4f2e-9dfd-3dbd6ac88803:172.17.0.2:43883, f8fa1989-8a4e-41f2-9266-8404362eecef:172.17.0.2:34811, 7d59b1d8-9c1a-4986-8068-ccaafcba6925:172.17.0.2:37367], old=null, confs=<EMPTY_MAP>
2020-05-27 19:32:09,404 [pool-83-thread-1] INFO  server.RaftServerConfigKeys (ConfUtils.java:logGet(44)) - raft.server.storage.dir = [/github/workspace/mnt/ozone/hadoop-ozone/integration-test/target/test-dir/MiniOzoneClusterImpl-f0010636-4b6e-4820-a6ed-9dd9125fe66b/datanode-3/data/ratis] (custom)
2020-05-27 19:32:09,403 [pool-99-thread-1] INFO  storage.RaftStorageDirectory (RaftStorageDirectory.java:tryLock(343)) - Lock on /github/workspace/mnt/ozone/hadoop-ozone/integration-test/target/test-dir/MiniOzoneClusterImpl-f0010636-4b6e-4820-a6ed-9dd9125fe66b/datanode-4/data/ratis/ccb19cd2-0da5-404e-8a0b-1c4162f2f3aa/in_use.lock acquired by nodename 10525@97d0c8b5f382
2020-05-27 19:32:09,404 [pool-83-thread-1] INFO  server.RaftServerConfigKeys (ConfUtils.java:logGet(44)) - raft.server.log.corruption.policy = EXCEPTION (default)
2020-05-27 19:32:09,404 [pool-83-thread-1] INFO  storage.RaftStorageDirectory (RaftStorageDirectory.java:analyzeStorage(261)) - The storage directory /github/workspace/mnt/ozone/hadoop-ozone/integration-test/target/test-dir/MiniOzoneClusterImpl-f0010636-4b6e-4820-a6ed-9dd9125fe66b/datanode-3/data/ratis/b243c757-4de3-4a1e-8241-edfbbf01c07b does not exist. Creating ...
2020-05-27 19:32:09,406 [Command processor thread] INFO  commandhandler.CreatePipelineCommandHandler (CreatePipelineCommandHandler.java:handle(109)) - Created Pipeline RATIS ONE #id: "b55256d3-e68c-43b5-9a71-ca1c0f714b29"
.
2020-05-27 19:32:09,407 [Command processor thread] INFO  impl.RaftServerProxy (RaftServerProxy.java:addNew(89)) - ca2c986f-4912-4d51-86c7-28829081ffa0: addNew group-84E8A371D2C6:[7aed9675-d015-411c-894d-27da46c364a7:172.17.0.2:39715, ca2c986f-4912-4d51-86c7-28829081ffa0:172.17.0.2:37767, 8517f1c7-f3e1-454a-ad82-74e7a1dbb9de:172.17.0.2:39899] returns group-84E8A371D2C6:java.util.concurrent.CompletableFuture@3604dc5d[Not completed]
2020-05-27 19:32:09,408 [pool-67-thread-1] INFO  impl.RaftServerImpl (RaftServerImpl.java:<init>(98)) - ca2c986f-4912-4d51-86c7-28829081ffa0: new RaftServerImpl for group-84E8A371D2C6:[7aed9675-d015-411c-894d-27da46c364a7:172.17.0.2:39715, ca2c986f-4912-4d51-86c7-28829081ffa0:172.17.0.2:37767, 8517f1c7-f3e1-454a-ad82-74e7a1dbb9de:172.17.0.2:39899] with ContainerStateMachine:uninitialized
2020-05-27 19:32:09,408 [pool-67-thread-1] INFO  server.RaftServerConfigKeys (ConfUtils.java:logGet(44)) - raft.server.rpc.timeout.min = 1s (custom)
2020-05-27 19:32:09,408 [pool-67-thread-1] INFO  server.RaftServerConfigKeys (ConfUtils.java:logGet(44)) - raft.server.rpc.timeout.max = 1200ms (custom)
2020-05-27 19:32:09,408 [pool-67-thread-1] INFO  server.RaftServerConfigKeys (ConfUtils.java:logGet(44)) - raft.server.rpcslowness.timeout = 300s (custom)
2020-05-27 19:32:09,408 [pool-67-thread-1] INFO  server.RaftServerConfigKeys (ConfUtils.java:logGet(44)) - raft.server.sleep.deviation.threshold = 300 (default)
2020-05-27 19:32:09,408 [pool-67-thread-1] INFO  server.RaftServerConfigKeys (ConfUtils.java:logGet(44)) - raft.server.log.appender.install.snapshot.enabled = false (custom)
2020-05-27 19:32:09,408 [pool-67-thread-1] INFO  impl.RaftServerImpl (ServerState.java:<init>(103)) - ca2c986f-4912-4d51-86c7-28829081ffa0@group-84E8A371D2C6: ConfigurationManager, init=-1: [7aed9675-d015-411c-894d-27da46c364a7:172.17.0.2:39715, ca2c986f-4912-4d51-86c7-28829081ffa0:172.17.0.2:37767, 8517f1c7-f3e1-454a-ad82-74e7a1dbb9de:172.17.0.2:39899], old=null, confs=<EMPTY_MAP>
2020-05-27 19:32:09,408 [pool-67-thread-1] INFO  server.RaftServerConfigKeys (ConfUtils.java:logGet(44)) - raft.server.storage.dir = [/github/workspace/mnt/ozone/hadoop-ozone/integration-test/target/test-dir/MiniOzoneClusterImpl-f0010636-4b6e-4820-a6ed-9dd9125fe66b/datanode-2/data/ratis] (custom)
2020-05-27 19:32:09,409 [pool-67-thread-1] INFO  server.RaftServerConfigKeys (ConfUtils.java:logGet(44)) - raft.server.log.corruption.policy = EXCEPTION (default)
2020-05-27 19:32:09,409 [pool-67-thread-1] INFO  storage.RaftStorageDirectory (RaftStorageDirectory.java:analyzeStorage(261)) - The storage directory /github/workspace/mnt/ozone/hadoop-ozone/integration-test/target/test-dir/MiniOzoneClusterImpl-f0010636-4b6e-4820-a6ed-9dd9125fe66b/datanode-2/data/ratis/536519cf-b774-478c-afba-84e8a371d2c6 does not exist. Creating ...
2020-05-27 19:32:09,409 [pool-99-thread-1] INFO  storage.RaftStorage (RaftStorage.java:format(84)) - Storage directory /github/workspace/mnt/ozone/hadoop-ozone/integration-test/target/test-dir/MiniOzoneClusterImpl-f0010636-4b6e-4820-a6ed-9dd9125fe66b/datanode-4/data/ratis/ccb19cd2-0da5-404e-8a0b-1c4162f2f3aa has been successfully formatted.
2020-05-27 19:32:09,409 [pool-83-thread-1] INFO  storage.RaftStorageDirectory (RaftStorageDirectory.java:tryLock(343)) - Lock on /github/workspace/mnt/ozone/hadoop-ozone/integration-test/target/test-dir/MiniOzoneClusterImpl-f0010636-4b6e-4820-a6ed-9dd9125fe66b/datanode-3/data/ratis/b243c757-4de3-4a1e-8241-edfbbf01c07b/in_use.lock acquired by nodename 10525@97d0c8b5f382
2020-05-27 19:32:09,413 [pool-99-thread-1] INFO  ratis.ContainerStateMachine (ContainerStateMachine.java:loadSnapshot(226)) - group-1C4162F2F3AA: The snapshot info is null. Setting the last applied indexto:(t:0, i:~)
2020-05-27 19:32:09,413 [pool-99-thread-1] INFO  server.RaftServerConfigKeys (ConfUtils.java:logGet(44)) - raft.server.notification.no-leader.timeout = 60s (default)
2020-05-27 19:32:09,413 [pool-99-thread-1] INFO  server.RaftServerConfigKeys (ConfUtils.java:logGet(44)) - raft.server.log.use.memory = false (default)
2020-05-27 19:32:09,413 [pool-99-thread-1] INFO  server.RaftServerConfigKeys (ConfUtils.java:logGet(44)) - raft.server.log.purge.gap = 1000000 (custom)
2020-05-27 19:32:09,413 [pool-99-thread-1] INFO  server.RaftServerConfigKeys (ConfUtils.java:logGet(44)) - raft.server.log.appender.buffer.byte-limit = 33554432 (custom)
2020-05-27 19:32:09,413 [pool-99-thread-1] INFO  server.RaftServerConfigKeys (ConfUtils.java:logGet(44)) - raft.server.log.segment.size.max = 1048576 (custom)
2020-05-27 19:32:09,413 [pool-99-thread-1] INFO  metrics.RatisMetrics (RatisMetrics.java:lambda$create$0(39)) - Creating Metrics Registry : ratis.log_worker.7d59b1d8-9c1a-4986-8068-ccaafcba6925
2020-05-27 19:32:09,414 [pool-99-thread-1] INFO  server.RaftServerConfigKeys (ConfUtils.java:logGet(44)) - raft.server.log.segment.cache.num.max = 2 (custom)
2020-05-27 19:32:09,414 [pool-99-thread-1] INFO  segmented.SegmentedRaftLogWorker (SegmentedRaftLogWorker.java:<init>(176)) - new 7d59b1d8-9c1a-4986-8068-ccaafcba6925@group-1C4162F2F3AA-SegmentedRaftLogWorker for RaftStorage:Storage Directory /github/workspace/mnt/ozone/hadoop-ozone/integration-test/target/test-dir/MiniOzoneClusterImpl-f0010636-4b6e-4820-a6ed-9dd9125fe66b/datanode-4/data/ratis/ccb19cd2-0da5-404e-8a0b-1c4162f2f3aa
2020-05-27 19:32:09,414 [pool-99-thread-1] INFO  server.RaftServerConfigKeys (ConfUtils.java:logGet(44)) - raft.server.log.queue.byte-limit = 2147483647 (custom)
2020-05-27 19:32:09,414 [pool-99-thread-1] INFO  server.RaftServerConfigKeys (ConfUtils.java:logGet(44)) - raft.server.log.queue.element-limit = 1024 (custom)
2020-05-27 19:32:09,414 [pool-99-thread-1] INFO  server.RaftServerConfigKeys (ConfUtils.java:logGet(44)) - raft.server.log.segment.size.max = 1048576 (custom)
2020-05-27 19:32:09,414 [pool-99-thread-1] INFO  server.RaftServerConfigKeys (ConfUtils.java:logGet(44)) - raft.server.log.preallocated.size = 16384 (custom)
2020-05-27 19:32:09,414 [pool-99-thread-1] INFO  server.RaftServerConfigKeys (ConfUtils.java:logGet(44)) - raft.server.log.write.buffer.size = 1048576 (custom)
2020-05-27 19:32:09,414 [pool-99-thread-1] INFO  server.RaftServerConfigKeys (ConfUtils.java:logGet(44)) - raft.server.log.force.sync.num = 128 (default)
2020-05-27 19:32:09,414 [pool-99-thread-1] INFO  server.RaftServerConfigKeys (ConfUtils.java:logGet(44)) - raft.server.log.statemachine.data.sync = true (default)
2020-05-27 19:32:09,414 [pool-99-thread-1] INFO  server.RaftServerConfigKeys (ConfUtils.java:logGet(44)) - raft.server.log.statemachine.data.sync.timeout = 10s (default)
2020-05-27 19:32:09,415 [pool-99-thread-1] INFO  server.RaftServerConfigKeys (ConfUtils.java:logGet(44)) - raft.server.log.statemachine.data.sync.timeout.retry = -1 (default)
2020-05-27 19:32:09,416 [pool-99-thread-1] INFO  server.RaftServerConfigKeys (ConfUtils.java:logGet(44)) - raft.server.log.statemachine.data.caching.enabled = true (custom)
2020-05-27 19:32:09,417 [pool-67-thread-1] INFO  storage.RaftStorageDirectory (RaftStorageDirectory.java:tryLock(343)) - Lock on /github/workspace/mnt/ozone/hadoop-ozone/integration-test/target/test-dir/MiniOzoneClusterImpl-f0010636-4b6e-4820-a6ed-9dd9125fe66b/datanode-2/data/ratis/536519cf-b774-478c-afba-84e8a371d2c6/in_use.lock acquired by nodename 10525@97d0c8b5f382
2020-05-27 19:32:09,417 [EventQueue-PipelineReportForPipelineReportHandler] INFO  pipeline.PipelineStateManager (PipelineStateManager.java:openPipeline(131)) - Pipeline Pipeline[ Id: ccb19cd2-0da5-404e-8a0b-1c4162f2f3aa, Nodes: 7d59b1d8-9c1a-4986-8068-ccaafcba6925{ip: 172.17.0.2, host: 97d0c8b5f382, networkLocation: /rack1, certSerialId: null}, Type:RATIS, Factor:ONE, State:ALLOCATED, leaderId:7d59b1d8-9c1a-4986-8068-ccaafcba6925, CreationTimestamp2020-05-27T19:32:06.370Z] moved to OPEN state
2020-05-27 19:32:09,417 [EventQueue-OpenPipelineForOneReplicaPipelineSafeModeRule] INFO  safemode.SCMSafeModeManager (SCMSafeModeManager.java:validateSafeModeExitRules(213)) - AtleastOneDatanodeReportedRule rule is successfully validated
2020-05-27 19:32:09,417 [EventQueue-OpenPipelineForHealthyPipelineSafeModeRule] INFO  safemode.SCMSafeModeManager (HealthyPipelineSafeModeRule.java:process(132)) - SCM in safe mode. Healthy pipelines reported count is 0, required healthy pipeline reported count is 1
2020-05-27 19:32:09,418 [pool-83-thread-1] INFO  storage.RaftStorage (RaftStorage.java:format(84)) - Storage directory /github/workspace/mnt/ozone/hadoop-ozone/integration-test/target/test-dir/MiniOzoneClusterImpl-f0010636-4b6e-4820-a6ed-9dd9125fe66b/datanode-3/data/ratis/b243c757-4de3-4a1e-8241-edfbbf01c07b has been successfully formatted.
2020-05-27 19:32:09,419 [pool-83-thread-1] INFO  ratis.ContainerStateMachine (ContainerStateMachine.java:loadSnapshot(226)) - group-EDFBBF01C07B: The snapshot info is null. Setting the last applied indexto:(t:0, i:~)
2020-05-27 19:32:09,419 [pool-83-thread-1] INFO  server.RaftServerConfigKeys (ConfUtils.java:logGet(44)) - raft.server.notification.no-leader.timeout = 60s (default)
2020-05-27 19:32:09,419 [pool-83-thread-1] INFO  server.RaftServerConfigKeys (ConfUtils.java:logGet(44)) - raft.server.log.use.memory = false (default)
2020-05-27 19:32:09,419 [pool-83-thread-1] INFO  server.RaftServerConfigKeys (ConfUtils.java:logGet(44)) - raft.server.log.purge.gap = 1000000 (custom)
2020-05-27 19:32:09,419 [pool-83-thread-1] INFO  server.RaftServerConfigKeys (ConfUtils.java:logGet(44)) - raft.server.log.appender.buffer.byte-limit = 33554432 (custom)
2020-05-27 19:32:09,419 [pool-83-thread-1] INFO  server.RaftServerConfigKeys (ConfUtils.java:logGet(44)) - raft.server.log.segment.size.max = 1048576 (custom)
2020-05-27 19:32:09,420 [pool-83-thread-1] INFO  server.RaftServerConfigKeys (ConfUtils.java:logGet(44)) - raft.server.log.segment.cache.num.max = 2 (custom)
2020-05-27 19:32:09,420 [pool-83-thread-1] INFO  segmented.SegmentedRaftLogWorker (SegmentedRaftLogWorker.java:<init>(176)) - new 43a73f06-de32-4f2e-9dfd-3dbd6ac88803@group-EDFBBF01C07B-SegmentedRaftLogWorker for RaftStorage:Storage Directory /github/workspace/mnt/ozone/hadoop-ozone/integration-test/target/test-dir/MiniOzoneClusterImpl-f0010636-4b6e-4820-a6ed-9dd9125fe66b/datanode-3/data/ratis/b243c757-4de3-4a1e-8241-edfbbf01c07b
2020-05-27 19:32:09,420 [pool-83-thread-1] INFO  server.RaftServerConfigKeys (ConfUtils.java:logGet(44)) - raft.server.log.queue.byte-limit = 2147483647 (custom)
2020-05-27 19:32:09,420 [pool-83-thread-1] INFO  server.RaftServerConfigKeys (ConfUtils.java:logGet(44)) - raft.server.log.queue.element-limit = 1024 (custom)
2020-05-27 19:32:09,420 [pool-83-thread-1] INFO  server.RaftServerConfigKeys (ConfUtils.java:logGet(44)) - raft.server.log.segment.size.max = 1048576 (custom)
2020-05-27 19:32:09,420 [pool-83-thread-1] INFO  server.RaftServerConfigKeys (ConfUtils.java:logGet(44)) - raft.server.log.preallocated.size = 16384 (custom)
2020-05-27 19:32:09,420 [pool-83-thread-1] INFO  server.RaftServerConfigKeys (ConfUtils.java:logGet(44)) - raft.server.log.write.buffer.size = 1048576 (custom)
2020-05-27 19:32:09,420 [pool-83-thread-1] INFO  server.RaftServerConfigKeys (ConfUtils.java:logGet(44)) - raft.server.log.force.sync.num = 128 (default)
2020-05-27 19:32:09,420 [pool-83-thread-1] INFO  server.RaftServerConfigKeys (ConfUtils.java:logGet(44)) - raft.server.log.statemachine.data.sync = true (default)
2020-05-27 19:32:09,421 [pool-83-thread-1] INFO  server.RaftServerConfigKeys (ConfUtils.java:logGet(44)) - raft.server.log.statemachine.data.sync.timeout = 10s (default)
2020-05-27 19:32:09,421 [pool-83-thread-1] INFO  server.RaftServerConfigKeys (ConfUtils.java:logGet(44)) - raft.server.log.statemachine.data.sync.timeout.retry = -1 (default)
2020-05-27 19:32:09,421 [pool-83-thread-1] INFO  server.RaftServerConfigKeys (ConfUtils.java:logGet(44)) - raft.server.log.statemachine.data.caching.enabled = true (custom)
2020-05-27 19:32:09,419 [pool-67-thread-1] INFO  storage.RaftStorage (RaftStorage.java:format(84)) - Storage directory /github/workspace/mnt/ozone/hadoop-ozone/integration-test/target/test-dir/MiniOzoneClusterImpl-f0010636-4b6e-4820-a6ed-9dd9125fe66b/datanode-2/data/ratis/536519cf-b774-478c-afba-84e8a371d2c6 has been successfully formatted.
2020-05-27 19:32:09,421 [pool-67-thread-1] INFO  ratis.ContainerStateMachine (ContainerStateMachine.java:loadSnapshot(226)) - group-84E8A371D2C6: The snapshot info is null. Setting the last applied indexto:(t:0, i:~)
2020-05-27 19:32:09,422 [pool-67-thread-1] INFO  server.RaftServerConfigKeys (ConfUtils.java:logGet(44)) - raft.server.notification.no-leader.timeout = 60s (default)
2020-05-27 19:32:09,422 [pool-67-thread-1] INFO  server.RaftServerConfigKeys (ConfUtils.java:logGet(44)) - raft.server.log.use.memory = false (default)
2020-05-27 19:32:09,422 [pool-67-thread-1] INFO  server.RaftServerConfigKeys (ConfUtils.java:logGet(44)) - raft.server.log.purge.gap = 1000000 (custom)
2020-05-27 19:32:09,422 [pool-67-thread-1] INFO  server.RaftServerConfigKeys (ConfUtils.java:logGet(44)) - raft.server.log.appender.buffer.byte-limit = 33554432 (custom)
2020-05-27 19:32:09,422 [pool-67-thread-1] INFO  server.RaftServerConfigKeys (ConfUtils.java:logGet(44)) - raft.server.log.segment.size.max = 1048576 (custom)
2020-05-27 19:32:09,422 [pool-67-thread-1] INFO  server.RaftServerConfigKeys (ConfUtils.java:logGet(44)) - raft.server.log.segment.cache.num.max = 2 (custom)
2020-05-27 19:32:09,422 [pool-67-thread-1] INFO  segmented.SegmentedRaftLogWorker (SegmentedRaftLogWorker.java:<init>(176)) - new ca2c986f-4912-4d51-86c7-28829081ffa0@group-84E8A371D2C6-SegmentedRaftLogWorker for RaftStorage:Storage Directory /github/workspace/mnt/ozone/hadoop-ozone/integration-test/target/test-dir/MiniOzoneClusterImpl-f0010636-4b6e-4820-a6ed-9dd9125fe66b/datanode-2/data/ratis/536519cf-b774-478c-afba-84e8a371d2c6
2020-05-27 19:32:09,422 [pool-67-thread-1] INFO  server.RaftServerConfigKeys (ConfUtils.java:logGet(44)) - raft.server.log.queue.byte-limit = 2147483647 (custom)
2020-05-27 19:32:09,422 [pool-67-thread-1] INFO  server.RaftServerConfigKeys (ConfUtils.java:logGet(44)) - raft.server.log.queue.element-limit = 1024 (custom)
2020-05-27 19:32:09,422 [pool-67-thread-1] INFO  server.RaftServerConfigKeys (ConfUtils.java:logGet(44)) - raft.server.log.segment.size.max = 1048576 (custom)
2020-05-27 19:32:09,422 [pool-67-thread-1] INFO  server.RaftServerConfigKeys (ConfUtils.java:logGet(44)) - raft.server.log.preallocated.size = 16384 (custom)
2020-05-27 19:32:09,422 [pool-67-thread-1] INFO  server.RaftServerConfigKeys (ConfUtils.java:logGet(44)) - raft.server.log.write.buffer.size = 1048576 (custom)
2020-05-27 19:32:09,423 [pool-67-thread-1] INFO  server.RaftServerConfigKeys (ConfUtils.java:logGet(44)) - raft.server.log.force.sync.num = 128 (default)
2020-05-27 19:32:09,423 [pool-67-thread-1] INFO  server.RaftServerConfigKeys (ConfUtils.java:logGet(44)) - raft.server.log.statemachine.data.sync = true (default)
2020-05-27 19:32:09,423 [pool-67-thread-1] INFO  server.RaftServerConfigKeys (ConfUtils.java:logGet(44)) - raft.server.log.statemachine.data.sync.timeout = 10s (default)
2020-05-27 19:32:09,423 [pool-67-thread-1] INFO  server.RaftServerConfigKeys (ConfUtils.java:logGet(44)) - raft.server.log.statemachine.data.sync.timeout.retry = -1 (default)
2020-05-27 19:32:09,423 [pool-67-thread-1] INFO  server.RaftServerConfigKeys (ConfUtils.java:logGet(44)) - raft.server.log.statemachine.data.caching.enabled = true (custom)
2020-05-27 19:32:09,423 [pool-67-thread-1] INFO  segmented.SegmentedRaftLogWorker (SegmentedRaftLogWorker.java:lambda$new$0(129)) - ca2c986f-4912-4d51-86c7-28829081ffa0@group-84E8A371D2C6-SegmentedRaftLogWorker: flushIndex: setUnconditionally 0 -> -1
2020-05-27 19:32:09,424 [pool-99-thread-1] INFO  segmented.SegmentedRaftLogWorker (SegmentedRaftLogWorker.java:lambda$new$0(129)) - 7d59b1d8-9c1a-4986-8068-ccaafcba6925@group-1C4162F2F3AA-SegmentedRaftLogWorker: flushIndex: setUnconditionally 0 -> -1
2020-05-27 19:32:09,424 [pool-83-thread-1] INFO  segmented.SegmentedRaftLogWorker (SegmentedRaftLogWorker.java:lambda$new$0(129)) - 43a73f06-de32-4f2e-9dfd-3dbd6ac88803@group-EDFBBF01C07B-SegmentedRaftLogWorker: flushIndex: setUnconditionally 0 -> -1
2020-05-27 19:32:09,436 [pool-67-thread-1] INFO  server.RaftServerConfigKeys (ConfUtils.java:logGet(44)) - raft.server.snapshot.auto.trigger.enabled = true (custom)
2020-05-27 19:32:09,436 [pool-67-thread-1] INFO  server.RaftServerConfigKeys (ConfUtils.java:logGet(44)) - raft.server.snapshot.auto.trigger.threshold = 10000 (custom)
2020-05-27 19:32:09,436 [pool-67-thread-1] INFO  server.RaftServerConfigKeys (ConfUtils.java:logGet(44)) - raft.server.snapshot.retention.file.num = 5 (custom)
2020-05-27 19:32:09,437 [pool-67-thread-1] INFO  server.RaftServerConfigKeys (ConfUtils.java:logGet(44)) - raft.server.log.purge.upto.snapshot.index = false (default)
2020-05-27 19:32:09,437 [pool-83-thread-1] INFO  server.RaftServerConfigKeys (ConfUtils.java:logGet(44)) - raft.server.snapshot.auto.trigger.enabled = true (custom)
2020-05-27 19:32:09,437 [pool-83-thread-1] INFO  server.RaftServerConfigKeys (ConfUtils.java:logGet(44)) - raft.server.snapshot.auto.trigger.threshold = 10000 (custom)
2020-05-27 19:32:09,437 [pool-83-thread-1] INFO  server.RaftServerConfigKeys (ConfUtils.java:logGet(44)) - raft.server.snapshot.retention.file.num = 5 (custom)
2020-05-27 19:32:09,437 [pool-83-thread-1] INFO  server.RaftServerConfigKeys (ConfUtils.java:logGet(44)) - raft.server.log.purge.upto.snapshot.index = false (default)
2020-05-27 19:32:09,445 [pool-83-thread-1] INFO  server.RaftServerConfigKeys (ConfUtils.java:logGet(44)) - raft.server.retrycache.expirytime = 600000ms (custom)
2020-05-27 19:32:09,446 [pool-83-thread-1] INFO  metrics.RatisMetrics (RatisMetrics.java:lambda$create$0(39)) - Creating Metrics Registry : ratis.leader_election.43a73f06-de32-4f2e-9dfd-3dbd6ac88803@group-EDFBBF01C07B
2020-05-27 19:32:09,446 [pool-83-thread-1] INFO  metrics.RatisMetrics (RatisMetrics.java:lambda$create$0(39)) - Creating Metrics Registry : ratis.server.43a73f06-de32-4f2e-9dfd-3dbd6ac88803@group-EDFBBF01C07B
2020-05-27 19:32:09,447 [pool-83-thread-1] INFO  impl.RaftServerImpl (RaftServerImpl.java:start(184)) - 43a73f06-de32-4f2e-9dfd-3dbd6ac88803@group-EDFBBF01C07B: start as a follower, conf=-1: [43a73f06-de32-4f2e-9dfd-3dbd6ac88803:172.17.0.2:43883, f8fa1989-8a4e-41f2-9266-8404362eecef:172.17.0.2:34811, 7d59b1d8-9c1a-4986-8068-ccaafcba6925:172.17.0.2:37367], old=null
2020-05-27 19:32:09,447 [pool-83-thread-1] INFO  impl.RaftServerImpl (RaftServerImpl.java:setRole(173)) - 43a73f06-de32-4f2e-9dfd-3dbd6ac88803@group-EDFBBF01C07B: changes role from      null to FOLLOWER at term 0 for startAsFollower
2020-05-27 19:32:09,447 [pool-83-thread-1] INFO  impl.RoleInfo (RoleInfo.java:updateAndGet(143)) - 43a73f06-de32-4f2e-9dfd-3dbd6ac88803: start FollowerState
2020-05-27 19:32:09,445 [pool-67-thread-1] INFO  server.RaftServerConfigKeys (ConfUtils.java:logGet(44)) - raft.server.retrycache.expirytime = 600000ms (custom)
2020-05-27 19:32:09,448 [pool-67-thread-1] INFO  metrics.RatisMetrics (RatisMetrics.java:lambda$create$0(39)) - Creating Metrics Registry : ratis.leader_election.ca2c986f-4912-4d51-86c7-28829081ffa0@group-84E8A371D2C6
2020-05-27 19:32:09,448 [pool-67-thread-1] INFO  metrics.RatisMetrics (RatisMetrics.java:lambda$create$0(39)) - Creating Metrics Registry : ratis.server.ca2c986f-4912-4d51-86c7-28829081ffa0@group-84E8A371D2C6
2020-05-27 19:32:09,449 [pool-67-thread-1] INFO  impl.RaftServerImpl (RaftServerImpl.java:start(184)) - ca2c986f-4912-4d51-86c7-28829081ffa0@group-84E8A371D2C6: start as a follower, conf=-1: [7aed9675-d015-411c-894d-27da46c364a7:172.17.0.2:39715, ca2c986f-4912-4d51-86c7-28829081ffa0:172.17.0.2:37767, 8517f1c7-f3e1-454a-ad82-74e7a1dbb9de:172.17.0.2:39899], old=null
2020-05-27 19:32:09,449 [pool-67-thread-1] INFO  impl.RaftServerImpl (RaftServerImpl.java:setRole(173)) - ca2c986f-4912-4d51-86c7-28829081ffa0@group-84E8A371D2C6: changes role from      null to FOLLOWER at term 0 for startAsFollower
2020-05-27 19:32:09,456 [pool-83-thread-1] INFO  util.JmxRegister (JmxRegister.java:tryRegister(44)) - Successfully registered JMX Bean with object name Ratis:service=RaftServer,group=group-EDFBBF01C07B,id=43a73f06-de32-4f2e-9dfd-3dbd6ac88803
2020-05-27 19:32:09,456 [pool-83-thread-1] INFO  metrics.RatisMetrics (RatisMetrics.java:lambda$create$0(39)) - Creating Metrics Registry : ratis.state_machine.43a73f06-de32-4f2e-9dfd-3dbd6ac88803@group-EDFBBF01C07B
2020-05-27 19:32:09,459 [pool-67-thread-1] INFO  impl.RoleInfo (RoleInfo.java:updateAndGet(143)) - ca2c986f-4912-4d51-86c7-28829081ffa0: start FollowerState
2020-05-27 19:32:09,459 [pool-99-thread-1] INFO  server.RaftServerConfigKeys (ConfUtils.java:logGet(44)) - raft.server.snapshot.auto.trigger.enabled = true (custom)
2020-05-27 19:32:09,460 [pool-99-thread-1] INFO  server.RaftServerConfigKeys (ConfUtils.java:logGet(44)) - raft.server.snapshot.auto.trigger.threshold = 10000 (custom)
2020-05-27 19:32:09,460 [pool-99-thread-1] INFO  server.RaftServerConfigKeys (ConfUtils.java:logGet(44)) - raft.server.snapshot.retention.file.num = 5 (custom)
2020-05-27 19:32:09,460 [pool-99-thread-1] INFO  server.RaftServerConfigKeys (ConfUtils.java:logGet(44)) - raft.server.log.purge.upto.snapshot.index = false (default)
2020-05-27 19:32:09,468 [pool-99-thread-1] INFO  server.RaftServerConfigKeys (ConfUtils.java:logGet(44)) - raft.server.retrycache.expirytime = 600000ms (custom)
2020-05-27 19:32:09,468 [pool-67-thread-1] INFO  util.JmxRegister (JmxRegister.java:tryRegister(44)) - Successfully registered JMX Bean with object name Ratis:service=RaftServer,group=group-84E8A371D2C6,id=ca2c986f-4912-4d51-86c7-28829081ffa0
2020-05-27 19:32:09,468 [pool-99-thread-1] INFO  metrics.RatisMetrics (RatisMetrics.java:lambda$create$0(39)) - Creating Metrics Registry : ratis.leader_election.7d59b1d8-9c1a-4986-8068-ccaafcba6925@group-1C4162F2F3AA
2020-05-27 19:32:09,468 [pool-67-thread-1] INFO  metrics.RatisMetrics (RatisMetrics.java:lambda$create$0(39)) - Creating Metrics Registry : ratis.state_machine.ca2c986f-4912-4d51-86c7-28829081ffa0@group-84E8A371D2C6
2020-05-27 19:32:09,470 [pool-99-thread-1] INFO  metrics.RatisMetrics (RatisMetrics.java:lambda$create$0(39)) - Creating Metrics Registry : ratis.server.7d59b1d8-9c1a-4986-8068-ccaafcba6925@group-1C4162F2F3AA
2020-05-27 19:32:09,472 [pool-99-thread-1] INFO  impl.RaftServerImpl (RaftServerImpl.java:start(184)) - 7d59b1d8-9c1a-4986-8068-ccaafcba6925@group-1C4162F2F3AA: start as a follower, conf=-1: [7d59b1d8-9c1a-4986-8068-ccaafcba6925:172.17.0.2:37367], old=null
2020-05-27 19:32:09,474 [pool-99-thread-1] INFO  impl.RaftServerImpl (RaftServerImpl.java:setRole(173)) - 7d59b1d8-9c1a-4986-8068-ccaafcba6925@group-1C4162F2F3AA: changes role from      null to FOLLOWER at term 0 for startAsFollower
2020-05-27 19:32:09,478 [pool-99-thread-1] INFO  impl.RoleInfo (RoleInfo.java:updateAndGet(143)) - 7d59b1d8-9c1a-4986-8068-ccaafcba6925: start FollowerState
2020-05-27 19:32:09,479 [pool-99-thread-1] INFO  util.JmxRegister (JmxRegister.java:tryRegister(44)) - Successfully registered JMX Bean with object name Ratis:service=RaftServer,group=group-1C4162F2F3AA,id=7d59b1d8-9c1a-4986-8068-ccaafcba6925
2020-05-27 19:32:09,479 [pool-99-thread-1] INFO  metrics.RatisMetrics (RatisMetrics.java:lambda$create$0(39)) - Creating Metrics Registry : ratis.state_machine.7d59b1d8-9c1a-4986-8068-ccaafcba6925@group-1C4162F2F3AA
2020-05-27 19:32:09,480 [Command processor thread] INFO  impl.RaftServerProxy (RaftServerProxy.java:addNew(89)) - f8fa1989-8a4e-41f2-9266-8404362eecef: addNew group-004F80CFAD86:[f8fa1989-8a4e-41f2-9266-8404362eecef:172.17.0.2:34811] returns group-004F80CFAD86:java.util.concurrent.CompletableFuture@7b80e23d[Not completed]
2020-05-27 19:32:09,481 [Command processor thread] INFO  commandhandler.CreatePipelineCommandHandler (CreatePipelineCommandHandler.java:handle(109)) - Created Pipeline RATIS ONE #id: "ccb19cd2-0da5-404e-8a0b-1c4162f2f3aa"
.
2020-05-27 19:32:09,481 [Command processor thread] INFO  impl.RaftServerProxy (RaftServerProxy.java:addNew(89)) - 7d59b1d8-9c1a-4986-8068-ccaafcba6925: addNew group-EDFBBF01C07B:[43a73f06-de32-4f2e-9dfd-3dbd6ac88803:172.17.0.2:43883, f8fa1989-8a4e-41f2-9266-8404362eecef:172.17.0.2:34811, 7d59b1d8-9c1a-4986-8068-ccaafcba6925:172.17.0.2:37367] returns group-EDFBBF01C07B:java.util.concurrent.CompletableFuture@766e3f85[Not completed]
2020-05-27 19:32:09,482 [pool-115-thread-1] INFO  impl.RaftServerImpl (RaftServerImpl.java:<init>(98)) - f8fa1989-8a4e-41f2-9266-8404362eecef: new RaftServerImpl for group-004F80CFAD86:[f8fa1989-8a4e-41f2-9266-8404362eecef:172.17.0.2:34811] with ContainerStateMachine:uninitialized
2020-05-27 19:32:09,486 [pool-99-thread-1] INFO  impl.RaftServerImpl (RaftServerImpl.java:<init>(98)) - 7d59b1d8-9c1a-4986-8068-ccaafcba6925: new RaftServerImpl for group-EDFBBF01C07B:[43a73f06-de32-4f2e-9dfd-3dbd6ac88803:172.17.0.2:43883, f8fa1989-8a4e-41f2-9266-8404362eecef:172.17.0.2:34811, 7d59b1d8-9c1a-4986-8068-ccaafcba6925:172.17.0.2:37367] with ContainerStateMachine:uninitialized
2020-05-27 19:32:09,486 [pool-99-thread-1] INFO  server.RaftServerConfigKeys (ConfUtils.java:logGet(44)) - raft.server.rpc.timeout.min = 1s (custom)
2020-05-27 19:32:09,486 [pool-99-thread-1] INFO  server.RaftServerConfigKeys (ConfUtils.java:logGet(44)) - raft.server.rpc.timeout.max = 1200ms (custom)
2020-05-27 19:32:09,486 [pool-99-thread-1] INFO  server.RaftServerConfigKeys (ConfUtils.java:logGet(44)) - raft.server.rpcslowness.timeout = 300s (custom)
2020-05-27 19:32:09,486 [pool-99-thread-1] INFO  server.RaftServerConfigKeys (ConfUtils.java:logGet(44)) - raft.server.sleep.deviation.threshold = 300 (default)
2020-05-27 19:32:09,486 [pool-99-thread-1] INFO  server.RaftServerConfigKeys (ConfUtils.java:logGet(44)) - raft.server.log.appender.install.snapshot.enabled = false (custom)
2020-05-27 19:32:09,486 [pool-99-thread-1] INFO  impl.RaftServerImpl (ServerState.java:<init>(103)) - 7d59b1d8-9c1a-4986-8068-ccaafcba6925@group-EDFBBF01C07B: ConfigurationManager, init=-1: [43a73f06-de32-4f2e-9dfd-3dbd6ac88803:172.17.0.2:43883, f8fa1989-8a4e-41f2-9266-8404362eecef:172.17.0.2:34811, 7d59b1d8-9c1a-4986-8068-ccaafcba6925:172.17.0.2:37367], old=null, confs=<EMPTY_MAP>
2020-05-27 19:32:09,486 [pool-99-thread-1] INFO  server.RaftServerConfigKeys (ConfUtils.java:logGet(44)) - raft.server.storage.dir = [/github/workspace/mnt/ozone/hadoop-ozone/integration-test/target/test-dir/MiniOzoneClusterImpl-f0010636-4b6e-4820-a6ed-9dd9125fe66b/datanode-4/data/ratis] (custom)
2020-05-27 19:32:09,487 [pool-99-thread-1] INFO  server.RaftServerConfigKeys (ConfUtils.java:logGet(44)) - raft.server.log.corruption.policy = EXCEPTION (default)
2020-05-27 19:32:09,487 [pool-99-thread-1] INFO  storage.RaftStorageDirectory (RaftStorageDirectory.java:analyzeStorage(261)) - The storage directory /github/workspace/mnt/ozone/hadoop-ozone/integration-test/target/test-dir/MiniOzoneClusterImpl-f0010636-4b6e-4820-a6ed-9dd9125fe66b/datanode-4/data/ratis/b243c757-4de3-4a1e-8241-edfbbf01c07b does not exist. Creating ...
2020-05-27 19:32:09,489 [pool-99-thread-1] INFO  storage.RaftStorageDirectory (RaftStorageDirectory.java:tryLock(343)) - Lock on /github/workspace/mnt/ozone/hadoop-ozone/integration-test/target/test-dir/MiniOzoneClusterImpl-f0010636-4b6e-4820-a6ed-9dd9125fe66b/datanode-4/data/ratis/b243c757-4de3-4a1e-8241-edfbbf01c07b/in_use.lock acquired by nodename 10525@97d0c8b5f382
2020-05-27 19:32:09,490 [pool-99-thread-1] INFO  storage.RaftStorage (RaftStorage.java:format(84)) - Storage directory /github/workspace/mnt/ozone/hadoop-ozone/integration-test/target/test-dir/MiniOzoneClusterImpl-f0010636-4b6e-4820-a6ed-9dd9125fe66b/datanode-4/data/ratis/b243c757-4de3-4a1e-8241-edfbbf01c07b has been successfully formatted.
2020-05-27 19:32:09,490 [pool-115-thread-1] INFO  server.RaftServerConfigKeys (ConfUtils.java:logGet(44)) - raft.server.rpc.timeout.min = 1s (custom)
2020-05-27 19:32:09,491 [pool-115-thread-1] INFO  server.RaftServerConfigKeys (ConfUtils.java:logGet(44)) - raft.server.rpc.timeout.max = 1200ms (custom)
2020-05-27 19:32:09,491 [pool-115-thread-1] INFO  server.RaftServerConfigKeys (ConfUtils.java:logGet(44)) - raft.server.rpcslowness.timeout = 300s (custom)
2020-05-27 19:32:09,491 [pool-115-thread-1] INFO  server.RaftServerConfigKeys (ConfUtils.java:logGet(44)) - raft.server.sleep.deviation.threshold = 300 (default)
2020-05-27 19:32:09,492 [pool-115-thread-1] INFO  server.RaftServerConfigKeys (ConfUtils.java:logGet(44)) - raft.server.log.appender.install.snapshot.enabled = false (custom)
2020-05-27 19:32:09,492 [pool-115-thread-1] INFO  impl.RaftServerImpl (ServerState.java:<init>(103)) - f8fa1989-8a4e-41f2-9266-8404362eecef@group-004F80CFAD86: ConfigurationManager, init=-1: [f8fa1989-8a4e-41f2-9266-8404362eecef:172.17.0.2:34811], old=null, confs=<EMPTY_MAP>
2020-05-27 19:32:09,492 [pool-115-thread-1] INFO  server.RaftServerConfigKeys (ConfUtils.java:logGet(44)) - raft.server.storage.dir = [/github/workspace/mnt/ozone/hadoop-ozone/integration-test/target/test-dir/MiniOzoneClusterImpl-f0010636-4b6e-4820-a6ed-9dd9125fe66b/datanode-5/data/ratis] (custom)
2020-05-27 19:32:09,492 [pool-115-thread-1] INFO  server.RaftServerConfigKeys (ConfUtils.java:logGet(44)) - raft.server.log.corruption.policy = EXCEPTION (default)
2020-05-27 19:32:09,497 [pool-115-thread-1] INFO  storage.RaftStorageDirectory (RaftStorageDirectory.java:analyzeStorage(261)) - The storage directory /github/workspace/mnt/ozone/hadoop-ozone/integration-test/target/test-dir/MiniOzoneClusterImpl-f0010636-4b6e-4820-a6ed-9dd9125fe66b/datanode-5/data/ratis/495c6792-a5b8-4647-9a4b-004f80cfad86 does not exist. Creating ...
2020-05-27 19:32:09,498 [pool-99-thread-1] INFO  ratis.ContainerStateMachine (ContainerStateMachine.java:loadSnapshot(226)) - group-EDFBBF01C07B: The snapshot info is null. Setting the last applied indexto:(t:0, i:~)
2020-05-27 19:32:09,500 [pool-99-thread-1] INFO  server.RaftServerConfigKeys (ConfUtils.java:logGet(44)) - raft.server.notification.no-leader.timeout = 60s (default)
2020-05-27 19:32:09,500 [pool-99-thread-1] INFO  server.RaftServerConfigKeys (ConfUtils.java:logGet(44)) - raft.server.log.use.memory = false (default)
2020-05-27 19:32:09,500 [pool-99-thread-1] INFO  server.RaftServerConfigKeys (ConfUtils.java:logGet(44)) - raft.server.log.purge.gap = 1000000 (custom)
2020-05-27 19:32:09,501 [pool-99-thread-1] INFO  server.RaftServerConfigKeys (ConfUtils.java:logGet(44)) - raft.server.log.appender.buffer.byte-limit = 33554432 (custom)
2020-05-27 19:32:09,501 [pool-99-thread-1] INFO  server.RaftServerConfigKeys (ConfUtils.java:logGet(44)) - raft.server.log.segment.size.max = 1048576 (custom)
2020-05-27 19:32:09,501 [pool-99-thread-1] INFO  server.RaftServerConfigKeys (ConfUtils.java:logGet(44)) - raft.server.log.segment.cache.num.max = 2 (custom)
2020-05-27 19:32:09,501 [pool-99-thread-1] INFO  segmented.SegmentedRaftLogWorker (SegmentedRaftLogWorker.java:<init>(176)) - new 7d59b1d8-9c1a-4986-8068-ccaafcba6925@group-EDFBBF01C07B-SegmentedRaftLogWorker for RaftStorage:Storage Directory /github/workspace/mnt/ozone/hadoop-ozone/integration-test/target/test-dir/MiniOzoneClusterImpl-f0010636-4b6e-4820-a6ed-9dd9125fe66b/datanode-4/data/ratis/b243c757-4de3-4a1e-8241-edfbbf01c07b
2020-05-27 19:32:09,501 [pool-99-thread-1] INFO  server.RaftServerConfigKeys (ConfUtils.java:logGet(44)) - raft.server.log.queue.byte-limit = 2147483647 (custom)
2020-05-27 19:32:09,501 [pool-99-thread-1] INFO  server.RaftServerConfigKeys (ConfUtils.java:logGet(44)) - raft.server.log.queue.element-limit = 1024 (custom)
2020-05-27 19:32:09,502 [pool-99-thread-1] INFO  server.RaftServerConfigKeys (ConfUtils.java:logGet(44)) - raft.server.log.segment.size.max = 1048576 (custom)
2020-05-27 19:32:09,502 [pool-99-thread-1] INFO  server.RaftServerConfigKeys (ConfUtils.java:logGet(44)) - raft.server.log.preallocated.size = 16384 (custom)
2020-05-27 19:32:09,502 [pool-99-thread-1] INFO  server.RaftServerConfigKeys (ConfUtils.java:logGet(44)) - raft.server.log.write.buffer.size = 1048576 (custom)
2020-05-27 19:32:09,502 [pool-99-thread-1] INFO  server.RaftServerConfigKeys (ConfUtils.java:logGet(44)) - raft.server.log.force.sync.num = 128 (default)
2020-05-27 19:32:09,502 [pool-99-thread-1] INFO  server.RaftServerConfigKeys (ConfUtils.java:logGet(44)) - raft.server.log.statemachine.data.sync = true (default)
2020-05-27 19:32:09,502 [pool-99-thread-1] INFO  server.RaftServerConfigKeys (ConfUtils.java:logGet(44)) - raft.server.log.statemachine.data.sync.timeout = 10s (default)
2020-05-27 19:32:09,502 [pool-99-thread-1] INFO  server.RaftServerConfigKeys (ConfUtils.java:logGet(44)) - raft.server.log.statemachine.data.sync.timeout.retry = -1 (default)
2020-05-27 19:32:09,503 [pool-99-thread-1] INFO  server.RaftServerConfigKeys (ConfUtils.java:logGet(44)) - raft.server.log.statemachine.data.caching.enabled = true (custom)
2020-05-27 19:32:09,500 [pool-115-thread-1] INFO  storage.RaftStorageDirectory (RaftStorageDirectory.java:tryLock(343)) - Lock on /github/workspace/mnt/ozone/hadoop-ozone/integration-test/target/test-dir/MiniOzoneClusterImpl-f0010636-4b6e-4820-a6ed-9dd9125fe66b/datanode-5/data/ratis/495c6792-a5b8-4647-9a4b-004f80cfad86/in_use.lock acquired by nodename 10525@97d0c8b5f382
2020-05-27 19:32:09,505 [pool-115-thread-1] INFO  storage.RaftStorage (RaftStorage.java:format(84)) - Storage directory /github/workspace/mnt/ozone/hadoop-ozone/integration-test/target/test-dir/MiniOzoneClusterImpl-f0010636-4b6e-4820-a6ed-9dd9125fe66b/datanode-5/data/ratis/495c6792-a5b8-4647-9a4b-004f80cfad86 has been successfully formatted.
2020-05-27 19:32:09,509 [pool-115-thread-1] INFO  ratis.ContainerStateMachine (ContainerStateMachine.java:loadSnapshot(226)) - group-004F80CFAD86: The snapshot info is null. Setting the last applied indexto:(t:0, i:~)
2020-05-27 19:32:09,509 [pool-115-thread-1] INFO  server.RaftServerConfigKeys (ConfUtils.java:logGet(44)) - raft.server.notification.no-leader.timeout = 60s (default)
2020-05-27 19:32:09,509 [pool-115-thread-1] INFO  server.RaftServerConfigKeys (ConfUtils.java:logGet(44)) - raft.server.log.use.memory = false (default)
2020-05-27 19:32:09,509 [pool-115-thread-1] INFO  server.RaftServerConfigKeys (ConfUtils.java:logGet(44)) - raft.server.log.purge.gap = 1000000 (custom)
2020-05-27 19:32:09,509 [pool-115-thread-1] INFO  server.RaftServerConfigKeys (ConfUtils.java:logGet(44)) - raft.server.log.appender.buffer.byte-limit = 33554432 (custom)
2020-05-27 19:32:09,509 [pool-115-thread-1] INFO  server.RaftServerConfigKeys (ConfUtils.java:logGet(44)) - raft.server.log.segment.size.max = 1048576 (custom)
2020-05-27 19:32:09,509 [pool-115-thread-1] INFO  metrics.RatisMetrics (RatisMetrics.java:lambda$create$0(39)) - Creating Metrics Registry : ratis.log_worker.f8fa1989-8a4e-41f2-9266-8404362eecef
2020-05-27 19:32:09,509 [pool-99-thread-1] INFO  segmented.SegmentedRaftLogWorker (SegmentedRaftLogWorker.java:lambda$new$0(129)) - 7d59b1d8-9c1a-4986-8068-ccaafcba6925@group-EDFBBF01C07B-SegmentedRaftLogWorker: flushIndex: setUnconditionally 0 -> -1
2020-05-27 19:32:09,510 [pool-115-thread-1] INFO  server.RaftServerConfigKeys (ConfUtils.java:logGet(44)) - raft.server.log.segment.cache.num.max = 2 (custom)
2020-05-27 19:32:09,510 [pool-99-thread-1] INFO  server.RaftServerConfigKeys (ConfUtils.java:logGet(44)) - raft.server.snapshot.auto.trigger.enabled = true (custom)
2020-05-27 19:32:09,510 [pool-99-thread-1] INFO  server.RaftServerConfigKeys (ConfUtils.java:logGet(44)) - raft.server.snapshot.auto.trigger.threshold = 10000 (custom)
2020-05-27 19:32:09,511 [pool-99-thread-1] INFO  server.RaftServerConfigKeys (ConfUtils.java:logGet(44)) - raft.server.snapshot.retention.file.num = 5 (custom)
2020-05-27 19:32:09,511 [pool-99-thread-1] INFO  server.RaftServerConfigKeys (ConfUtils.java:logGet(44)) - raft.server.log.purge.upto.snapshot.index = false (default)
2020-05-27 19:32:09,511 [pool-99-thread-1] INFO  server.RaftServerConfigKeys (ConfUtils.java:logGet(44)) - raft.server.retrycache.expirytime = 600000ms (custom)
2020-05-27 19:32:09,511 [pool-99-thread-1] INFO  metrics.RatisMetrics (RatisMetrics.java:lambda$create$0(39)) - Creating Metrics Registry : ratis.leader_election.7d59b1d8-9c1a-4986-8068-ccaafcba6925@group-EDFBBF01C07B
2020-05-27 19:32:09,512 [pool-99-thread-1] INFO  metrics.RatisMetrics (RatisMetrics.java:lambda$create$0(39)) - Creating Metrics Registry : ratis.server.7d59b1d8-9c1a-4986-8068-ccaafcba6925@group-EDFBBF01C07B
2020-05-27 19:32:09,513 [pool-99-thread-1] INFO  impl.RaftServerImpl (RaftServerImpl.java:start(184)) - 7d59b1d8-9c1a-4986-8068-ccaafcba6925@group-EDFBBF01C07B: start as a follower, conf=-1: [43a73f06-de32-4f2e-9dfd-3dbd6ac88803:172.17.0.2:43883, f8fa1989-8a4e-41f2-9266-8404362eecef:172.17.0.2:34811, 7d59b1d8-9c1a-4986-8068-ccaafcba6925:172.17.0.2:37367], old=null
2020-05-27 19:32:09,513 [pool-99-thread-1] INFO  impl.RaftServerImpl (RaftServerImpl.java:setRole(173)) - 7d59b1d8-9c1a-4986-8068-ccaafcba6925@group-EDFBBF01C07B: changes role from      null to FOLLOWER at term 0 for startAsFollower
2020-05-27 19:32:09,513 [pool-99-thread-1] INFO  impl.RoleInfo (RoleInfo.java:updateAndGet(143)) - 7d59b1d8-9c1a-4986-8068-ccaafcba6925: start FollowerState
2020-05-27 19:32:09,510 [pool-115-thread-1] INFO  segmented.SegmentedRaftLogWorker (SegmentedRaftLogWorker.java:<init>(176)) - new f8fa1989-8a4e-41f2-9266-8404362eecef@group-004F80CFAD86-SegmentedRaftLogWorker for RaftStorage:Storage Directory /github/workspace/mnt/ozone/hadoop-ozone/integration-test/target/test-dir/MiniOzoneClusterImpl-f0010636-4b6e-4820-a6ed-9dd9125fe66b/datanode-5/data/ratis/495c6792-a5b8-4647-9a4b-004f80cfad86
2020-05-27 19:32:09,513 [pool-115-thread-1] INFO  server.RaftServerConfigKeys (ConfUtils.java:logGet(44)) - raft.server.log.queue.byte-limit = 2147483647 (custom)
2020-05-27 19:32:09,513 [pool-115-thread-1] INFO  server.RaftServerConfigKeys (ConfUtils.java:logGet(44)) - raft.server.log.queue.element-limit = 1024 (custom)
2020-05-27 19:32:09,513 [pool-115-thread-1] INFO  server.RaftServerConfigKeys (ConfUtils.java:logGet(44)) - raft.server.log.segment.size.max = 1048576 (custom)
2020-05-27 19:32:09,513 [pool-115-thread-1] INFO  server.RaftServerConfigKeys (ConfUtils.java:logGet(44)) - raft.server.log.preallocated.size = 16384 (custom)
2020-05-27 19:32:09,513 [pool-115-thread-1] INFO  server.RaftServerConfigKeys (ConfUtils.java:logGet(44)) - raft.server.log.write.buffer.size = 1048576 (custom)
2020-05-27 19:32:09,514 [pool-115-thread-1] INFO  server.RaftServerConfigKeys (ConfUtils.java:logGet(44)) - raft.server.log.force.sync.num = 128 (default)
2020-05-27 19:32:09,514 [EventQueue-PipelineReportForPipelineReportHandler] INFO  pipeline.PipelineStateManager (PipelineStateManager.java:openPipeline(131)) - Pipeline Pipeline[ Id: 495c6792-a5b8-4647-9a4b-004f80cfad86, Nodes: f8fa1989-8a4e-41f2-9266-8404362eecef{ip: 172.17.0.2, host: 97d0c8b5f382, networkLocation: /rack1, certSerialId: null}, Type:RATIS, Factor:ONE, State:ALLOCATED, leaderId:f8fa1989-8a4e-41f2-9266-8404362eecef, CreationTimestamp2020-05-27T19:32:06.475Z] moved to OPEN state
2020-05-27 19:32:09,514 [pool-115-thread-1] INFO  server.RaftServerConfigKeys (ConfUtils.java:logGet(44)) - raft.server.log.statemachine.data.sync = true (default)
2020-05-27 19:32:09,514 [pool-115-thread-1] INFO  server.RaftServerConfigKeys (ConfUtils.java:logGet(44)) - raft.server.log.statemachine.data.sync.timeout = 10s (default)
2020-05-27 19:32:09,514 [EventQueue-OpenPipelineForOneReplicaPipelineSafeModeRule] INFO  safemode.SCMSafeModeManager (SCMSafeModeManager.java:validateSafeModeExitRules(213)) - AtleastOneDatanodeReportedRule rule is successfully validated
2020-05-27 19:32:09,514 [EventQueue-OpenPipelineForHealthyPipelineSafeModeRule] INFO  safemode.SCMSafeModeManager (HealthyPipelineSafeModeRule.java:process(132)) - SCM in safe mode. Healthy pipelines reported count is 0, required healthy pipeline reported count is 1
2020-05-27 19:32:09,514 [pool-115-thread-1] INFO  server.RaftServerConfigKeys (ConfUtils.java:logGet(44)) - raft.server.log.statemachine.data.sync.timeout.retry = -1 (default)
2020-05-27 19:32:09,517 [pool-99-thread-1] INFO  util.JmxRegister (JmxRegister.java:tryRegister(44)) - Successfully registered JMX Bean with object name Ratis:service=RaftServer,group=group-EDFBBF01C07B,id=7d59b1d8-9c1a-4986-8068-ccaafcba6925
2020-05-27 19:32:09,517 [pool-99-thread-1] INFO  metrics.RatisMetrics (RatisMetrics.java:lambda$create$0(39)) - Creating Metrics Registry : ratis.state_machine.7d59b1d8-9c1a-4986-8068-ccaafcba6925@group-EDFBBF01C07B
2020-05-27 19:32:09,523 [pool-115-thread-1] INFO  server.RaftServerConfigKeys (ConfUtils.java:logGet(44)) - raft.server.log.statemachine.data.caching.enabled = true (custom)
2020-05-27 19:32:09,523 [pool-115-thread-1] INFO  segmented.SegmentedRaftLogWorker (SegmentedRaftLogWorker.java:lambda$new$0(129)) - f8fa1989-8a4e-41f2-9266-8404362eecef@group-004F80CFAD86-SegmentedRaftLogWorker: flushIndex: setUnconditionally 0 -> -1
2020-05-27 19:32:09,528 [pool-115-thread-1] INFO  server.RaftServerConfigKeys (ConfUtils.java:logGet(44)) - raft.server.snapshot.auto.trigger.enabled = true (custom)
2020-05-27 19:32:09,528 [pool-115-thread-1] INFO  server.RaftServerConfigKeys (ConfUtils.java:logGet(44)) - raft.server.snapshot.auto.trigger.threshold = 10000 (custom)
2020-05-27 19:32:09,528 [pool-115-thread-1] INFO  server.RaftServerConfigKeys (ConfUtils.java:logGet(44)) - raft.server.snapshot.retention.file.num = 5 (custom)
2020-05-27 19:32:09,528 [pool-115-thread-1] INFO  server.RaftServerConfigKeys (ConfUtils.java:logGet(44)) - raft.server.log.purge.upto.snapshot.index = false (default)
2020-05-27 19:32:09,529 [pool-115-thread-1] INFO  server.RaftServerConfigKeys (ConfUtils.java:logGet(44)) - raft.server.retrycache.expirytime = 600000ms (custom)
2020-05-27 19:32:09,529 [pool-115-thread-1] INFO  metrics.RatisMetrics (RatisMetrics.java:lambda$create$0(39)) - Creating Metrics Registry : ratis.leader_election.f8fa1989-8a4e-41f2-9266-8404362eecef@group-004F80CFAD86
2020-05-27 19:32:09,529 [pool-115-thread-1] INFO  metrics.RatisMetrics (RatisMetrics.java:lambda$create$0(39)) - Creating Metrics Registry : ratis.server.f8fa1989-8a4e-41f2-9266-8404362eecef@group-004F80CFAD86
2020-05-27 19:32:09,531 [pool-115-thread-1] INFO  impl.RaftServerImpl (RaftServerImpl.java:start(184)) - f8fa1989-8a4e-41f2-9266-8404362eecef@group-004F80CFAD86: start as a follower, conf=-1: [f8fa1989-8a4e-41f2-9266-8404362eecef:172.17.0.2:34811], old=null
2020-05-27 19:32:09,531 [pool-115-thread-1] INFO  impl.RaftServerImpl (RaftServerImpl.java:setRole(173)) - f8fa1989-8a4e-41f2-9266-8404362eecef@group-004F80CFAD86: changes role from      null to FOLLOWER at term 0 for startAsFollower
2020-05-27 19:32:09,531 [pool-115-thread-1] INFO  impl.RoleInfo (RoleInfo.java:updateAndGet(143)) - f8fa1989-8a4e-41f2-9266-8404362eecef: start FollowerState
2020-05-27 19:32:09,533 [pool-115-thread-1] INFO  util.JmxRegister (JmxRegister.java:tryRegister(44)) - Successfully registered JMX Bean with object name Ratis:service=RaftServer,group=group-004F80CFAD86,id=f8fa1989-8a4e-41f2-9266-8404362eecef
2020-05-27 19:32:09,534 [pool-115-thread-1] INFO  metrics.RatisMetrics (RatisMetrics.java:lambda$create$0(39)) - Creating Metrics Registry : ratis.state_machine.f8fa1989-8a4e-41f2-9266-8404362eecef@group-004F80CFAD86
2020-05-27 19:32:09,552 [Command processor thread] INFO  commandhandler.CreatePipelineCommandHandler (CreatePipelineCommandHandler.java:handle(109)) - Created Pipeline RATIS ONE #id: "495c6792-a5b8-4647-9a4b-004f80cfad86"
.
2020-05-27 19:32:09,553 [Command processor thread] INFO  impl.RaftServerProxy (RaftServerProxy.java:addNew(89)) - f8fa1989-8a4e-41f2-9266-8404362eecef: addNew group-EDFBBF01C07B:[43a73f06-de32-4f2e-9dfd-3dbd6ac88803:172.17.0.2:43883, f8fa1989-8a4e-41f2-9266-8404362eecef:172.17.0.2:34811, 7d59b1d8-9c1a-4986-8068-ccaafcba6925:172.17.0.2:37367] returns group-EDFBBF01C07B:java.util.concurrent.CompletableFuture@7fbf7995[Not completed]
2020-05-27 19:32:09,555 [pool-115-thread-1] INFO  impl.RaftServerImpl (RaftServerImpl.java:<init>(98)) - f8fa1989-8a4e-41f2-9266-8404362eecef: new RaftServerImpl for group-EDFBBF01C07B:[43a73f06-de32-4f2e-9dfd-3dbd6ac88803:172.17.0.2:43883, f8fa1989-8a4e-41f2-9266-8404362eecef:172.17.0.2:34811, 7d59b1d8-9c1a-4986-8068-ccaafcba6925:172.17.0.2:37367] with ContainerStateMachine:uninitialized
2020-05-27 19:32:09,555 [pool-115-thread-1] INFO  server.RaftServerConfigKeys (ConfUtils.java:logGet(44)) - raft.server.rpc.timeout.min = 1s (custom)
2020-05-27 19:32:09,555 [pool-115-thread-1] INFO  server.RaftServerConfigKeys (ConfUtils.java:logGet(44)) - raft.server.rpc.timeout.max = 1200ms (custom)
2020-05-27 19:32:09,555 [pool-115-thread-1] INFO  server.RaftServerConfigKeys (ConfUtils.java:logGet(44)) - raft.server.rpcslowness.timeout = 300s (custom)
2020-05-27 19:32:09,555 [pool-115-thread-1] INFO  server.RaftServerConfigKeys (ConfUtils.java:logGet(44)) - raft.server.sleep.deviation.threshold = 300 (default)
2020-05-27 19:32:09,555 [pool-115-thread-1] INFO  server.RaftServerConfigKeys (ConfUtils.java:logGet(44)) - raft.server.log.appender.install.snapshot.enabled = false (custom)
2020-05-27 19:32:09,555 [pool-115-thread-1] INFO  impl.RaftServerImpl (ServerState.java:<init>(103)) - f8fa1989-8a4e-41f2-9266-8404362eecef@group-EDFBBF01C07B: ConfigurationManager, init=-1: [43a73f06-de32-4f2e-9dfd-3dbd6ac88803:172.17.0.2:43883, f8fa1989-8a4e-41f2-9266-8404362eecef:172.17.0.2:34811, 7d59b1d8-9c1a-4986-8068-ccaafcba6925:172.17.0.2:37367], old=null, confs=<EMPTY_MAP>
2020-05-27 19:32:09,555 [pool-115-thread-1] INFO  server.RaftServerConfigKeys (ConfUtils.java:logGet(44)) - raft.server.storage.dir = [/github/workspace/mnt/ozone/hadoop-ozone/integration-test/target/test-dir/MiniOzoneClusterImpl-f0010636-4b6e-4820-a6ed-9dd9125fe66b/datanode-5/data/ratis] (custom)
2020-05-27 19:32:09,555 [pool-115-thread-1] INFO  server.RaftServerConfigKeys (ConfUtils.java:logGet(44)) - raft.server.log.corruption.policy = EXCEPTION (default)
2020-05-27 19:32:09,555 [pool-115-thread-1] INFO  storage.RaftStorageDirectory (RaftStorageDirectory.java:analyzeStorage(261)) - The storage directory /github/workspace/mnt/ozone/hadoop-ozone/integration-test/target/test-dir/MiniOzoneClusterImpl-f0010636-4b6e-4820-a6ed-9dd9125fe66b/datanode-5/data/ratis/b243c757-4de3-4a1e-8241-edfbbf01c07b does not exist. Creating ...
2020-05-27 19:32:09,557 [pool-115-thread-1] INFO  storage.RaftStorageDirectory (RaftStorageDirectory.java:tryLock(343)) - Lock on /github/workspace/mnt/ozone/hadoop-ozone/integration-test/target/test-dir/MiniOzoneClusterImpl-f0010636-4b6e-4820-a6ed-9dd9125fe66b/datanode-5/data/ratis/b243c757-4de3-4a1e-8241-edfbbf01c07b/in_use.lock acquired by nodename 10525@97d0c8b5f382
2020-05-27 19:32:09,560 [pool-115-thread-1] INFO  storage.RaftStorage (RaftStorage.java:format(84)) - Storage directory /github/workspace/mnt/ozone/hadoop-ozone/integration-test/target/test-dir/MiniOzoneClusterImpl-f0010636-4b6e-4820-a6ed-9dd9125fe66b/datanode-5/data/ratis/b243c757-4de3-4a1e-8241-edfbbf01c07b has been successfully formatted.
2020-05-27 19:32:09,562 [pool-115-thread-1] INFO  ratis.ContainerStateMachine (ContainerStateMachine.java:loadSnapshot(226)) - group-EDFBBF01C07B: The snapshot info is null. Setting the last applied indexto:(t:0, i:~)
2020-05-27 19:32:09,562 [pool-115-thread-1] INFO  server.RaftServerConfigKeys (ConfUtils.java:logGet(44)) - raft.server.notification.no-leader.timeout = 60s (default)
2020-05-27 19:32:09,563 [pool-115-thread-1] INFO  server.RaftServerConfigKeys (ConfUtils.java:logGet(44)) - raft.server.log.use.memory = false (default)
2020-05-27 19:32:09,563 [pool-115-thread-1] INFO  server.RaftServerConfigKeys (ConfUtils.java:logGet(44)) - raft.server.log.purge.gap = 1000000 (custom)
2020-05-27 19:32:09,563 [pool-115-thread-1] INFO  server.RaftServerConfigKeys (ConfUtils.java:logGet(44)) - raft.server.log.appender.buffer.byte-limit = 33554432 (custom)
2020-05-27 19:32:09,563 [pool-115-thread-1] INFO  server.RaftServerConfigKeys (ConfUtils.java:logGet(44)) - raft.server.log.segment.size.max = 1048576 (custom)
2020-05-27 19:32:09,563 [pool-115-thread-1] INFO  server.RaftServerConfigKeys (ConfUtils.java:logGet(44)) - raft.server.log.segment.cache.num.max = 2 (custom)
2020-05-27 19:32:09,563 [pool-115-thread-1] INFO  segmented.SegmentedRaftLogWorker (SegmentedRaftLogWorker.java:<init>(176)) - new f8fa1989-8a4e-41f2-9266-8404362eecef@group-EDFBBF01C07B-SegmentedRaftLogWorker for RaftStorage:Storage Directory /github/workspace/mnt/ozone/hadoop-ozone/integration-test/target/test-dir/MiniOzoneClusterImpl-f0010636-4b6e-4820-a6ed-9dd9125fe66b/datanode-5/data/ratis/b243c757-4de3-4a1e-8241-edfbbf01c07b
2020-05-27 19:32:09,563 [pool-115-thread-1] INFO  server.RaftServerConfigKeys (ConfUtils.java:logGet(44)) - raft.server.log.queue.byte-limit = 2147483647 (custom)
2020-05-27 19:32:09,563 [pool-115-thread-1] INFO  server.RaftServerConfigKeys (ConfUtils.java:logGet(44)) - raft.server.log.queue.element-limit = 1024 (custom)
2020-05-27 19:32:09,563 [pool-115-thread-1] INFO  server.RaftServerConfigKeys (ConfUtils.java:logGet(44)) - raft.server.log.segment.size.max = 1048576 (custom)
2020-05-27 19:32:09,563 [pool-115-thread-1] INFO  server.RaftServerConfigKeys (ConfUtils.java:logGet(44)) - raft.server.log.preallocated.size = 16384 (custom)
2020-05-27 19:32:09,563 [pool-115-thread-1] INFO  server.RaftServerConfigKeys (ConfUtils.java:logGet(44)) - raft.server.log.write.buffer.size = 1048576 (custom)
2020-05-27 19:32:09,563 [pool-115-thread-1] INFO  server.RaftServerConfigKeys (ConfUtils.java:logGet(44)) - raft.server.log.force.sync.num = 128 (default)
2020-05-27 19:32:09,563 [pool-115-thread-1] INFO  server.RaftServerConfigKeys (ConfUtils.java:logGet(44)) - raft.server.log.statemachine.data.sync = true (default)
2020-05-27 19:32:09,563 [pool-115-thread-1] INFO  server.RaftServerConfigKeys (ConfUtils.java:logGet(44)) - raft.server.log.statemachine.data.sync.timeout = 10s (default)
2020-05-27 19:32:09,564 [pool-115-thread-1] INFO  server.RaftServerConfigKeys (ConfUtils.java:logGet(44)) - raft.server.log.statemachine.data.sync.timeout.retry = -1 (default)
2020-05-27 19:32:09,564 [pool-115-thread-1] INFO  server.RaftServerConfigKeys (ConfUtils.java:logGet(44)) - raft.server.log.statemachine.data.caching.enabled = true (custom)
2020-05-27 19:32:09,574 [pool-115-thread-1] INFO  segmented.SegmentedRaftLogWorker (SegmentedRaftLogWorker.java:lambda$new$0(129)) - f8fa1989-8a4e-41f2-9266-8404362eecef@group-EDFBBF01C07B-SegmentedRaftLogWorker: flushIndex: setUnconditionally 0 -> -1
2020-05-27 19:32:09,574 [pool-115-thread-1] INFO  server.RaftServerConfigKeys (ConfUtils.java:logGet(44)) - raft.server.snapshot.auto.trigger.enabled = true (custom)
2020-05-27 19:32:09,574 [pool-115-thread-1] INFO  server.RaftServerConfigKeys (ConfUtils.java:logGet(44)) - raft.server.snapshot.auto.trigger.threshold = 10000 (custom)
2020-05-27 19:32:09,575 [pool-115-thread-1] INFO  server.RaftServerConfigKeys (ConfUtils.java:logGet(44)) - raft.server.snapshot.retention.file.num = 5 (custom)
2020-05-27 19:32:09,575 [pool-115-thread-1] INFO  server.RaftServerConfigKeys (ConfUtils.java:logGet(44)) - raft.server.log.purge.upto.snapshot.index = false (default)
2020-05-27 19:32:09,575 [pool-115-thread-1] INFO  server.RaftServerConfigKeys (ConfUtils.java:logGet(44)) - raft.server.retrycache.expirytime = 600000ms (custom)
2020-05-27 19:32:09,575 [pool-115-thread-1] INFO  metrics.RatisMetrics (RatisMetrics.java:lambda$create$0(39)) - Creating Metrics Registry : ratis.leader_election.f8fa1989-8a4e-41f2-9266-8404362eecef@group-EDFBBF01C07B
2020-05-27 19:32:09,576 [pool-115-thread-1] INFO  metrics.RatisMetrics (RatisMetrics.java:lambda$create$0(39)) - Creating Metrics Registry : ratis.server.f8fa1989-8a4e-41f2-9266-8404362eecef@group-EDFBBF01C07B
2020-05-27 19:32:09,582 [pool-115-thread-1] INFO  impl.RaftServerImpl (RaftServerImpl.java:start(184)) - f8fa1989-8a4e-41f2-9266-8404362eecef@group-EDFBBF01C07B: start as a follower, conf=-1: [43a73f06-de32-4f2e-9dfd-3dbd6ac88803:172.17.0.2:43883, f8fa1989-8a4e-41f2-9266-8404362eecef:172.17.0.2:34811, 7d59b1d8-9c1a-4986-8068-ccaafcba6925:172.17.0.2:37367], old=null
2020-05-27 19:32:09,582 [pool-115-thread-1] INFO  impl.RaftServerImpl (RaftServerImpl.java:setRole(173)) - f8fa1989-8a4e-41f2-9266-8404362eecef@group-EDFBBF01C07B: changes role from      null to FOLLOWER at term 0 for startAsFollower
2020-05-27 19:32:09,583 [Command processor thread] INFO  impl.RaftServerProxy (RaftServerProxy.java:addNew(89)) - f1f3a69c-d257-43b6-814a-48c5022c930f: addNew group-4EB50FEF8EB3:[f1f3a69c-d257-43b6-814a-48c5022c930f:172.17.0.2:43147] returns group-4EB50FEF8EB3:java.util.concurrent.CompletableFuture@267c9e58[Not completed]
2020-05-27 19:32:09,588 [pool-115-thread-1] INFO  impl.RoleInfo (RoleInfo.java:updateAndGet(143)) - f8fa1989-8a4e-41f2-9266-8404362eecef: start FollowerState
2020-05-27 19:32:09,595 [pool-115-thread-1] INFO  util.JmxRegister (JmxRegister.java:tryRegister(44)) - Successfully registered JMX Bean with object name Ratis:service=RaftServer,group=group-EDFBBF01C07B,id=f8fa1989-8a4e-41f2-9266-8404362eecef
2020-05-27 19:32:09,595 [pool-115-thread-1] INFO  metrics.RatisMetrics (RatisMetrics.java:lambda$create$0(39)) - Creating Metrics Registry : ratis.state_machine.f8fa1989-8a4e-41f2-9266-8404362eecef@group-EDFBBF01C07B
2020-05-27 19:32:09,678 [Command processor thread] INFO  impl.RaftServerProxy (RaftServerProxy.java:addNew(89)) - 0ab43432-34fe-4306-a50d-0ea23314de87: addNew group-5F290258DC4A:[0ab43432-34fe-4306-a50d-0ea23314de87:172.17.0.2:42819] returns group-5F290258DC4A:java.util.concurrent.CompletableFuture@278ca19e[Not completed]
2020-05-27 19:32:09,774 [Command processor thread] INFO  impl.RaftServerProxy (RaftServerProxy.java:addNew(89)) - 98c33ea6-fb47-41c3-bd3d-1c17f3427380: addNew group-DAE41532BAFE:[98c33ea6-fb47-41c3-bd3d-1c17f3427380:172.17.0.2:32845] returns group-DAE41532BAFE:java.util.concurrent.CompletableFuture@1d7851c5[Not completed]
2020-05-27 19:32:09,837 [Listener at 127.0.0.1/45217] INFO  ozone.MiniOzoneClusterImpl (MiniOzoneClusterImpl.java:lambda$waitForClusterToBeReady$0(177)) - Nodes are ready. Got 10 of 10 DN Heartbeats.
2020-05-27 19:32:09,837 [Listener at 127.0.0.1/45217] INFO  ozone.MiniOzoneClusterImpl (MiniOzoneClusterImpl.java:lambda$waitForClusterToBeReady$0(180)) - Waiting for cluster to exit safe mode
2020-05-27 19:32:09,839 [pool-163-thread-1] INFO  impl.RaftServerImpl (RaftServerImpl.java:<init>(98)) - 98c33ea6-fb47-41c3-bd3d-1c17f3427380: new RaftServerImpl for group-DAE41532BAFE:[98c33ea6-fb47-41c3-bd3d-1c17f3427380:172.17.0.2:32845] with ContainerStateMachine:uninitialized
2020-05-27 19:32:09,840 [pool-147-thread-1] INFO  impl.RaftServerImpl (RaftServerImpl.java:<init>(98)) - 0ab43432-34fe-4306-a50d-0ea23314de87: new RaftServerImpl for group-5F290258DC4A:[0ab43432-34fe-4306-a50d-0ea23314de87:172.17.0.2:42819] with ContainerStateMachine:uninitialized
2020-05-27 19:32:09,840 [pool-131-thread-1] INFO  impl.RaftServerImpl (RaftServerImpl.java:<init>(98)) - f1f3a69c-d257-43b6-814a-48c5022c930f: new RaftServerImpl for group-4EB50FEF8EB3:[f1f3a69c-d257-43b6-814a-48c5022c930f:172.17.0.2:43147] with ContainerStateMachine:uninitialized
2020-05-27 19:32:09,862 [pool-163-thread-1] INFO  server.RaftServerConfigKeys (ConfUtils.java:logGet(44)) - raft.server.rpc.timeout.min = 1s (custom)
2020-05-27 19:32:09,862 [pool-163-thread-1] INFO  server.RaftServerConfigKeys (ConfUtils.java:logGet(44)) - raft.server.rpc.timeout.max = 1200ms (custom)
2020-05-27 19:32:09,862 [pool-163-thread-1] INFO  server.RaftServerConfigKeys (ConfUtils.java:logGet(44)) - raft.server.rpcslowness.timeout = 300s (custom)
2020-05-27 19:32:09,862 [pool-163-thread-1] INFO  server.RaftServerConfigKeys (ConfUtils.java:logGet(44)) - raft.server.sleep.deviation.threshold = 300 (default)
2020-05-27 19:32:09,862 [pool-163-thread-1] INFO  server.RaftServerConfigKeys (ConfUtils.java:logGet(44)) - raft.server.log.appender.install.snapshot.enabled = false (custom)
2020-05-27 19:32:09,862 [pool-163-thread-1] INFO  impl.RaftServerImpl (ServerState.java:<init>(103)) - 98c33ea6-fb47-41c3-bd3d-1c17f3427380@group-DAE41532BAFE: ConfigurationManager, init=-1: [98c33ea6-fb47-41c3-bd3d-1c17f3427380:172.17.0.2:32845], old=null, confs=<EMPTY_MAP>
2020-05-27 19:32:09,862 [pool-163-thread-1] INFO  server.RaftServerConfigKeys (ConfUtils.java:logGet(44)) - raft.server.storage.dir = [/github/workspace/mnt/ozone/hadoop-ozone/integration-test/target/test-dir/MiniOzoneClusterImpl-f0010636-4b6e-4820-a6ed-9dd9125fe66b/datanode-8/data/ratis] (custom)
2020-05-27 19:32:09,862 [pool-163-thread-1] INFO  server.RaftServerConfigKeys (ConfUtils.java:logGet(44)) - raft.server.log.corruption.policy = EXCEPTION (default)
2020-05-27 19:32:09,863 [pool-163-thread-1] INFO  storage.RaftStorageDirectory (RaftStorageDirectory.java:analyzeStorage(261)) - The storage directory /github/workspace/mnt/ozone/hadoop-ozone/integration-test/target/test-dir/MiniOzoneClusterImpl-f0010636-4b6e-4820-a6ed-9dd9125fe66b/datanode-8/data/ratis/97e9f1ac-6d89-4715-a322-dae41532bafe does not exist. Creating ...
2020-05-27 19:32:09,863 [pool-147-thread-1] INFO  server.RaftServerConfigKeys (ConfUtils.java:logGet(44)) - raft.server.rpc.timeout.min = 1s (custom)
2020-05-27 19:32:09,863 [pool-147-thread-1] INFO  server.RaftServerConfigKeys (ConfUtils.java:logGet(44)) - raft.server.rpc.timeout.max = 1200ms (custom)
2020-05-27 19:32:09,864 [pool-147-thread-1] INFO  server.RaftServerConfigKeys (ConfUtils.java:logGet(44)) - raft.server.rpcslowness.timeout = 300s (custom)
2020-05-27 19:32:09,864 [pool-147-thread-1] INFO  server.RaftServerConfigKeys (ConfUtils.java:logGet(44)) - raft.server.sleep.deviation.threshold = 300 (default)
2020-05-27 19:32:09,864 [pool-147-thread-1] INFO  server.RaftServerConfigKeys (ConfUtils.java:logGet(44)) - raft.server.log.appender.install.snapshot.enabled = false (custom)
2020-05-27 19:32:09,864 [pool-147-thread-1] INFO  impl.RaftServerImpl (ServerState.java:<init>(103)) - 0ab43432-34fe-4306-a50d-0ea23314de87@group-5F290258DC4A: ConfigurationManager, init=-1: [0ab43432-34fe-4306-a50d-0ea23314de87:172.17.0.2:42819], old=null, confs=<EMPTY_MAP>
2020-05-27 19:32:09,864 [pool-147-thread-1] INFO  server.RaftServerConfigKeys (ConfUtils.java:logGet(44)) - raft.server.storage.dir = [/github/workspace/mnt/ozone/hadoop-ozone/integration-test/target/test-dir/MiniOzoneClusterImpl-f0010636-4b6e-4820-a6ed-9dd9125fe66b/datanode-7/data/ratis] (custom)
2020-05-27 19:32:09,864 [pool-147-thread-1] INFO  server.RaftServerConfigKeys (ConfUtils.java:logGet(44)) - raft.server.log.corruption.policy = EXCEPTION (default)
2020-05-27 19:32:09,864 [pool-147-thread-1] INFO  storage.RaftStorageDirectory (RaftStorageDirectory.java:analyzeStorage(261)) - The storage directory /github/workspace/mnt/ozone/hadoop-ozone/integration-test/target/test-dir/MiniOzoneClusterImpl-f0010636-4b6e-4820-a6ed-9dd9125fe66b/datanode-7/data/ratis/e3927293-5b49-4344-86f7-5f290258dc4a does not exist. Creating ...
2020-05-27 19:32:09,863 [pool-131-thread-1] INFO  server.RaftServerConfigKeys (ConfUtils.java:logGet(44)) - raft.server.rpc.timeout.min = 1s (custom)
2020-05-27 19:32:09,865 [pool-131-thread-1] INFO  server.RaftServerConfigKeys (ConfUtils.java:logGet(44)) - raft.server.rpc.timeout.max = 1200ms (custom)
2020-05-27 19:32:09,865 [pool-131-thread-1] INFO  server.RaftServerConfigKeys (ConfUtils.java:logGet(44)) - raft.server.rpcslowness.timeout = 300s (custom)
2020-05-27 19:32:09,865 [pool-131-thread-1] INFO  server.RaftServerConfigKeys (ConfUtils.java:logGet(44)) - raft.server.sleep.deviation.threshold = 300 (default)
2020-05-27 19:32:09,865 [pool-131-thread-1] INFO  server.RaftServerConfigKeys (ConfUtils.java:logGet(44)) - raft.server.log.appender.install.snapshot.enabled = false (custom)
2020-05-27 19:32:09,865 [pool-131-thread-1] INFO  impl.RaftServerImpl (ServerState.java:<init>(103)) - f1f3a69c-d257-43b6-814a-48c5022c930f@group-4EB50FEF8EB3: ConfigurationManager, init=-1: [f1f3a69c-d257-43b6-814a-48c5022c930f:172.17.0.2:43147], old=null, confs=<EMPTY_MAP>
2020-05-27 19:32:09,865 [pool-131-thread-1] INFO  server.RaftServerConfigKeys (ConfUtils.java:logGet(44)) - raft.server.storage.dir = [/github/workspace/mnt/ozone/hadoop-ozone/integration-test/target/test-dir/MiniOzoneClusterImpl-f0010636-4b6e-4820-a6ed-9dd9125fe66b/datanode-6/data/ratis] (custom)
2020-05-27 19:32:09,866 [pool-131-thread-1] INFO  server.RaftServerConfigKeys (ConfUtils.java:logGet(44)) - raft.server.log.corruption.policy = EXCEPTION (default)
2020-05-27 19:32:09,866 [pool-131-thread-1] INFO  storage.RaftStorageDirectory (RaftStorageDirectory.java:analyzeStorage(261)) - The storage directory /github/workspace/mnt/ozone/hadoop-ozone/integration-test/target/test-dir/MiniOzoneClusterImpl-f0010636-4b6e-4820-a6ed-9dd9125fe66b/datanode-6/data/ratis/1929558f-afe2-4b71-a1bc-4eb50fef8eb3 does not exist. Creating ...
2020-05-27 19:32:09,866 [Command processor thread] INFO  impl.RaftServerProxy (RaftServerProxy.java:addNew(89)) - c8b07204-1f01-416a-8b12-65edb182c14b: addNew group-6F7ADB4E949F:[c8b07204-1f01-416a-8b12-65edb182c14b:172.17.0.2:36541] returns group-6F7ADB4E949F:java.util.concurrent.CompletableFuture@3c6f005f[Not completed]
2020-05-27 19:32:09,868 [pool-131-thread-1] INFO  storage.RaftStorageDirectory (RaftStorageDirectory.java:tryLock(343)) - Lock on /github/workspace/mnt/ozone/hadoop-ozone/integration-test/target/test-dir/MiniOzoneClusterImpl-f0010636-4b6e-4820-a6ed-9dd9125fe66b/datanode-6/data/ratis/1929558f-afe2-4b71-a1bc-4eb50fef8eb3/in_use.lock acquired by nodename 10525@97d0c8b5f382
2020-05-27 19:32:09,868 [pool-147-thread-1] INFO  storage.RaftStorageDirectory (RaftStorageDirectory.java:tryLock(343)) - Lock on /github/workspace/mnt/ozone/hadoop-ozone/integration-test/target/test-dir/MiniOzoneClusterImpl-f0010636-4b6e-4820-a6ed-9dd9125fe66b/datanode-7/data/ratis/e3927293-5b49-4344-86f7-5f290258dc4a/in_use.lock acquired by nodename 10525@97d0c8b5f382
2020-05-27 19:32:09,869 [pool-163-thread-1] INFO  storage.RaftStorageDirectory (RaftStorageDirectory.java:tryLock(343)) - Lock on /github/workspace/mnt/ozone/hadoop-ozone/integration-test/target/test-dir/MiniOzoneClusterImpl-f0010636-4b6e-4820-a6ed-9dd9125fe66b/datanode-8/data/ratis/97e9f1ac-6d89-4715-a322-dae41532bafe/in_use.lock acquired by nodename 10525@97d0c8b5f382
2020-05-27 19:32:09,878 [pool-131-thread-1] INFO  storage.RaftStorage (RaftStorage.java:format(84)) - Storage directory /github/workspace/mnt/ozone/hadoop-ozone/integration-test/target/test-dir/MiniOzoneClusterImpl-f0010636-4b6e-4820-a6ed-9dd9125fe66b/datanode-6/data/ratis/1929558f-afe2-4b71-a1bc-4eb50fef8eb3 has been successfully formatted.
2020-05-27 19:32:09,878 [pool-147-thread-1] INFO  storage.RaftStorage (RaftStorage.java:format(84)) - Storage directory /github/workspace/mnt/ozone/hadoop-ozone/integration-test/target/test-dir/MiniOzoneClusterImpl-f0010636-4b6e-4820-a6ed-9dd9125fe66b/datanode-7/data/ratis/e3927293-5b49-4344-86f7-5f290258dc4a has been successfully formatted.
2020-05-27 19:32:09,879 [pool-163-thread-1] INFO  storage.RaftStorage (RaftStorage.java:format(84)) - Storage directory /github/workspace/mnt/ozone/hadoop-ozone/integration-test/target/test-dir/MiniOzoneClusterImpl-f0010636-4b6e-4820-a6ed-9dd9125fe66b/datanode-8/data/ratis/97e9f1ac-6d89-4715-a322-dae41532bafe has been successfully formatted.
2020-05-27 19:32:09,880 [pool-179-thread-1] INFO  impl.RaftServerImpl (RaftServerImpl.java:<init>(98)) - c8b07204-1f01-416a-8b12-65edb182c14b: new RaftServerImpl for group-6F7ADB4E949F:[c8b07204-1f01-416a-8b12-65edb182c14b:172.17.0.2:36541] with ContainerStateMachine:uninitialized
2020-05-27 19:32:09,896 [pool-131-thread-1] INFO  ratis.ContainerStateMachine (ContainerStateMachine.java:loadSnapshot(226)) - group-4EB50FEF8EB3: The snapshot info is null. Setting the last applied indexto:(t:0, i:~)
2020-05-27 19:32:09,896 [pool-131-thread-1] INFO  server.RaftServerConfigKeys (ConfUtils.java:logGet(44)) - raft.server.notification.no-leader.timeout = 60s (default)
2020-05-27 19:32:09,896 [pool-131-thread-1] INFO  server.RaftServerConfigKeys (ConfUtils.java:logGet(44)) - raft.server.log.use.memory = false (default)
2020-05-27 19:32:09,897 [pool-131-thread-1] INFO  server.RaftServerConfigKeys (ConfUtils.java:logGet(44)) - raft.server.log.purge.gap = 1000000 (custom)
2020-05-27 19:32:09,897 [pool-131-thread-1] INFO  server.RaftServerConfigKeys (ConfUtils.java:logGet(44)) - raft.server.log.appender.buffer.byte-limit = 33554432 (custom)
2020-05-27 19:32:09,897 [pool-131-thread-1] INFO  server.RaftServerConfigKeys (ConfUtils.java:logGet(44)) - raft.server.log.segment.size.max = 1048576 (custom)
2020-05-27 19:32:09,897 [pool-131-thread-1] INFO  metrics.RatisMetrics (RatisMetrics.java:lambda$create$0(39)) - Creating Metrics Registry : ratis.log_worker.f1f3a69c-d257-43b6-814a-48c5022c930f
2020-05-27 19:32:09,897 [pool-131-thread-1] INFO  server.RaftServerConfigKeys (ConfUtils.java:logGet(44)) - raft.server.log.segment.cache.num.max = 2 (custom)
2020-05-27 19:32:09,897 [pool-131-thread-1] INFO  segmented.SegmentedRaftLogWorker (SegmentedRaftLogWorker.java:<init>(176)) - new f1f3a69c-d257-43b6-814a-48c5022c930f@group-4EB50FEF8EB3-SegmentedRaftLogWorker for RaftStorage:Storage Directory /github/workspace/mnt/ozone/hadoop-ozone/integration-test/target/test-dir/MiniOzoneClusterImpl-f0010636-4b6e-4820-a6ed-9dd9125fe66b/datanode-6/data/ratis/1929558f-afe2-4b71-a1bc-4eb50fef8eb3
2020-05-27 19:32:09,897 [pool-131-thread-1] INFO  server.RaftServerConfigKeys (ConfUtils.java:logGet(44)) - raft.server.log.queue.byte-limit = 2147483647 (custom)
2020-05-27 19:32:09,897 [pool-131-thread-1] INFO  server.RaftServerConfigKeys (ConfUtils.java:logGet(44)) - raft.server.log.queue.element-limit = 1024 (custom)
2020-05-27 19:32:09,897 [pool-131-thread-1] INFO  server.RaftServerConfigKeys (ConfUtils.java:logGet(44)) - raft.server.log.segment.size.max = 1048576 (custom)
2020-05-27 19:32:09,898 [pool-131-thread-1] INFO  server.RaftServerConfigKeys (ConfUtils.java:logGet(44)) - raft.server.log.preallocated.size = 16384 (custom)
2020-05-27 19:32:09,898 [pool-131-thread-1] INFO  server.RaftServerConfigKeys (ConfUtils.java:logGet(44)) - raft.server.log.write.buffer.size = 1048576 (custom)
2020-05-27 19:32:09,898 [pool-131-thread-1] INFO  server.RaftServerConfigKeys (ConfUtils.java:logGet(44)) - raft.server.log.force.sync.num = 128 (default)
2020-05-27 19:32:09,898 [pool-131-thread-1] INFO  server.RaftServerConfigKeys (ConfUtils.java:logGet(44)) - raft.server.log.statemachine.data.sync = true (default)
2020-05-27 19:32:09,898 [pool-131-thread-1] INFO  server.RaftServerConfigKeys (ConfUtils.java:logGet(44)) - raft.server.log.statemachine.data.sync.timeout = 10s (default)
2020-05-27 19:32:09,898 [pool-131-thread-1] INFO  server.RaftServerConfigKeys (ConfUtils.java:logGet(44)) - raft.server.log.statemachine.data.sync.timeout.retry = -1 (default)
2020-05-27 19:32:09,900 [pool-131-thread-1] INFO  server.RaftServerConfigKeys (ConfUtils.java:logGet(44)) - raft.server.log.statemachine.data.caching.enabled = true (custom)
2020-05-27 19:32:09,900 [pool-147-thread-1] INFO  ratis.ContainerStateMachine (ContainerStateMachine.java:loadSnapshot(226)) - group-5F290258DC4A: The snapshot info is null. Setting the last applied indexto:(t:0, i:~)
2020-05-27 19:32:09,900 [pool-147-thread-1] INFO  server.RaftServerConfigKeys (ConfUtils.java:logGet(44)) - raft.server.notification.no-leader.timeout = 60s (default)
2020-05-27 19:32:09,900 [pool-147-thread-1] INFO  server.RaftServerConfigKeys (ConfUtils.java:logGet(44)) - raft.server.log.use.memory = false (default)
2020-05-27 19:32:09,900 [pool-147-thread-1] INFO  server.RaftServerConfigKeys (ConfUtils.java:logGet(44)) - raft.server.log.purge.gap = 1000000 (custom)
2020-05-27 19:32:09,901 [pool-147-thread-1] INFO  server.RaftServerConfigKeys (ConfUtils.java:logGet(44)) - raft.server.log.appender.buffer.byte-limit = 33554432 (custom)
2020-05-27 19:32:09,901 [pool-147-thread-1] INFO  server.RaftServerConfigKeys (ConfUtils.java:logGet(44)) - raft.server.log.segment.size.max = 1048576 (custom)
2020-05-27 19:32:09,901 [pool-147-thread-1] INFO  metrics.RatisMetrics (RatisMetrics.java:lambda$create$0(39)) - Creating Metrics Registry : ratis.log_worker.0ab43432-34fe-4306-a50d-0ea23314de87
2020-05-27 19:32:09,901 [pool-147-thread-1] INFO  server.RaftServerConfigKeys (ConfUtils.java:logGet(44)) - raft.server.log.segment.cache.num.max = 2 (custom)
2020-05-27 19:32:09,901 [pool-147-thread-1] INFO  segmented.SegmentedRaftLogWorker (SegmentedRaftLogWorker.java:<init>(176)) - new 0ab43432-34fe-4306-a50d-0ea23314de87@group-5F290258DC4A-SegmentedRaftLogWorker for RaftStorage:Storage Directory /github/workspace/mnt/ozone/hadoop-ozone/integration-test/target/test-dir/MiniOzoneClusterImpl-f0010636-4b6e-4820-a6ed-9dd9125fe66b/datanode-7/data/ratis/e3927293-5b49-4344-86f7-5f290258dc4a
2020-05-27 19:32:09,901 [pool-147-thread-1] INFO  server.RaftServerConfigKeys (ConfUtils.java:logGet(44)) - raft.server.log.queue.byte-limit = 2147483647 (custom)
2020-05-27 19:32:09,901 [pool-147-thread-1] INFO  server.RaftServerConfigKeys (ConfUtils.java:logGet(44)) - raft.server.log.queue.element-limit = 1024 (custom)
2020-05-27 19:32:09,902 [pool-147-thread-1] INFO  server.RaftServerConfigKeys (ConfUtils.java:logGet(44)) - raft.server.log.segment.size.max = 1048576 (custom)
2020-05-27 19:32:09,902 [pool-147-thread-1] INFO  server.RaftServerConfigKeys (ConfUtils.java:logGet(44)) - raft.server.log.preallocated.size = 16384 (custom)
2020-05-27 19:32:09,902 [pool-147-thread-1] INFO  server.RaftServerConfigKeys (ConfUtils.java:logGet(44)) - raft.server.log.write.buffer.size = 1048576 (custom)
2020-05-27 19:32:09,902 [pool-147-thread-1] INFO  server.RaftServerConfigKeys (ConfUtils.java:logGet(44)) - raft.server.log.force.sync.num = 128 (default)
2020-05-27 19:32:09,902 [pool-147-thread-1] INFO  server.RaftServerConfigKeys (ConfUtils.java:logGet(44)) - raft.server.log.statemachine.data.sync = true (default)
2020-05-27 19:32:09,902 [pool-147-thread-1] INFO  server.RaftServerConfigKeys (ConfUtils.java:logGet(44)) - raft.server.log.statemachine.data.sync.timeout = 10s (default)
2020-05-27 19:32:09,902 [pool-147-thread-1] INFO  server.RaftServerConfigKeys (ConfUtils.java:logGet(44)) - raft.server.log.statemachine.data.sync.timeout.retry = -1 (default)
2020-05-27 19:32:09,904 [pool-147-thread-1] INFO  server.RaftServerConfigKeys (ConfUtils.java:logGet(44)) - raft.server.log.statemachine.data.caching.enabled = true (custom)
2020-05-27 19:32:09,904 [pool-163-thread-1] INFO  ratis.ContainerStateMachine (ContainerStateMachine.java:loadSnapshot(226)) - group-DAE41532BAFE: The snapshot info is null. Setting the last applied indexto:(t:0, i:~)
2020-05-27 19:32:09,904 [pool-163-thread-1] INFO  server.RaftServerConfigKeys (ConfUtils.java:logGet(44)) - raft.server.notification.no-leader.timeout = 60s (default)
2020-05-27 19:32:09,904 [pool-163-thread-1] INFO  server.RaftServerConfigKeys (ConfUtils.java:logGet(44)) - raft.server.log.use.memory = false (default)
2020-05-27 19:32:09,905 [pool-163-thread-1] INFO  server.RaftServerConfigKeys (ConfUtils.java:logGet(44)) - raft.server.log.purge.gap = 1000000 (custom)
2020-05-27 19:32:09,905 [pool-163-thread-1] INFO  server.RaftServerConfigKeys (ConfUtils.java:logGet(44)) - raft.server.log.appender.buffer.byte-limit = 33554432 (custom)
2020-05-27 19:32:09,905 [pool-163-thread-1] INFO  server.RaftServerConfigKeys (ConfUtils.java:logGet(44)) - raft.server.log.segment.size.max = 1048576 (custom)
2020-05-27 19:32:09,905 [pool-163-thread-1] INFO  metrics.RatisMetrics (RatisMetrics.java:lambda$create$0(39)) - Creating Metrics Registry : ratis.log_worker.98c33ea6-fb47-41c3-bd3d-1c17f3427380
2020-05-27 19:32:09,905 [pool-163-thread-1] INFO  server.RaftServerConfigKeys (ConfUtils.java:logGet(44)) - raft.server.log.segment.cache.num.max = 2 (custom)
2020-05-27 19:32:09,905 [pool-163-thread-1] INFO  segmented.SegmentedRaftLogWorker (SegmentedRaftLogWorker.java:<init>(176)) - new 98c33ea6-fb47-41c3-bd3d-1c17f3427380@group-DAE41532BAFE-SegmentedRaftLogWorker for RaftStorage:Storage Directory /github/workspace/mnt/ozone/hadoop-ozone/integration-test/target/test-dir/MiniOzoneClusterImpl-f0010636-4b6e-4820-a6ed-9dd9125fe66b/datanode-8/data/ratis/97e9f1ac-6d89-4715-a322-dae41532bafe
2020-05-27 19:32:09,905 [pool-163-thread-1] INFO  server.RaftServerConfigKeys (ConfUtils.java:logGet(44)) - raft.server.log.queue.byte-limit = 2147483647 (custom)
2020-05-27 19:32:09,905 [pool-163-thread-1] INFO  server.RaftServerConfigKeys (ConfUtils.java:logGet(44)) - raft.server.log.queue.element-limit = 1024 (custom)
2020-05-27 19:32:09,905 [pool-163-thread-1] INFO  server.RaftServerConfigKeys (ConfUtils.java:logGet(44)) - raft.server.log.segment.size.max = 1048576 (custom)
2020-05-27 19:32:09,905 [pool-163-thread-1] INFO  server.RaftServerConfigKeys (ConfUtils.java:logGet(44)) - raft.server.log.preallocated.size = 16384 (custom)
2020-05-27 19:32:09,905 [pool-163-thread-1] INFO  server.RaftServerConfigKeys (ConfUtils.java:logGet(44)) - raft.server.log.write.buffer.size = 1048576 (custom)
2020-05-27 19:32:09,906 [pool-163-thread-1] INFO  server.RaftServerConfigKeys (ConfUtils.java:logGet(44)) - raft.server.log.force.sync.num = 128 (default)
2020-05-27 19:32:09,906 [pool-163-thread-1] INFO  server.RaftServerConfigKeys (ConfUtils.java:logGet(44)) - raft.server.log.statemachine.data.sync = true (default)
2020-05-27 19:32:09,906 [pool-163-thread-1] INFO  server.RaftServerConfigKeys (ConfUtils.java:logGet(44)) - raft.server.log.statemachine.data.sync.timeout = 10s (default)
2020-05-27 19:32:09,906 [pool-163-thread-1] INFO  server.RaftServerConfigKeys (ConfUtils.java:logGet(44)) - raft.server.log.statemachine.data.sync.timeout.retry = -1 (default)
2020-05-27 19:32:09,906 [EventQueue-PipelineReportForPipelineReportHandler] INFO  pipeline.PipelineStateManager (PipelineStateManager.java:openPipeline(131)) - Pipeline Pipeline[ Id: 97e9f1ac-6d89-4715-a322-dae41532bafe, Nodes: 98c33ea6-fb47-41c3-bd3d-1c17f3427380{ip: 172.17.0.2, host: 97d0c8b5f382, networkLocation: /rack1, certSerialId: null}, Type:RATIS, Factor:ONE, State:ALLOCATED, leaderId:98c33ea6-fb47-41c3-bd3d-1c17f3427380, CreationTimestamp2020-05-27T19:32:06.769Z] moved to OPEN state
2020-05-27 19:32:09,906 [EventQueue-OpenPipelineForOneReplicaPipelineSafeModeRule] INFO  safemode.SCMSafeModeManager (SCMSafeModeManager.java:validateSafeModeExitRules(213)) - AtleastOneDatanodeReportedRule rule is successfully validated
2020-05-27 19:32:09,907 [EventQueue-OpenPipelineForHealthyPipelineSafeModeRule] INFO  safemode.SCMSafeModeManager (HealthyPipelineSafeModeRule.java:process(132)) - SCM in safe mode. Healthy pipelines reported count is 0, required healthy pipeline reported count is 1
2020-05-27 19:32:09,908 [pool-163-thread-1] INFO  server.RaftServerConfigKeys (ConfUtils.java:logGet(44)) - raft.server.log.statemachine.data.caching.enabled = true (custom)
2020-05-27 19:32:09,908 [pool-163-thread-1] INFO  segmented.SegmentedRaftLogWorker (SegmentedRaftLogWorker.java:lambda$new$0(129)) - 98c33ea6-fb47-41c3-bd3d-1c17f3427380@group-DAE41532BAFE-SegmentedRaftLogWorker: flushIndex: setUnconditionally 0 -> -1
2020-05-27 19:32:09,909 [EventQueue-PipelineReportForPipelineReportHandler] INFO  pipeline.PipelineStateManager (PipelineStateManager.java:openPipeline(131)) - Pipeline Pipeline[ Id: 1929558f-afe2-4b71-a1bc-4eb50fef8eb3, Nodes: f1f3a69c-d257-43b6-814a-48c5022c930f{ip: 172.17.0.2, host: 97d0c8b5f382, networkLocation: /rack1, certSerialId: null}, Type:RATIS, Factor:ONE, State:ALLOCATED, leaderId:f1f3a69c-d257-43b6-814a-48c5022c930f, CreationTimestamp2020-05-27T19:32:06.578Z] moved to OPEN state
2020-05-27 19:32:09,909 [EventQueue-OpenPipelineForHealthyPipelineSafeModeRule] INFO  safemode.SCMSafeModeManager (HealthyPipelineSafeModeRule.java:process(132)) - SCM in safe mode. Healthy pipelines reported count is 0, required healthy pipeline reported count is 1
2020-05-27 19:32:09,909 [EventQueue-OpenPipelineForOneReplicaPipelineSafeModeRule] INFO  safemode.SCMSafeModeManager (SCMSafeModeManager.java:validateSafeModeExitRules(213)) - AtleastOneDatanodeReportedRule rule is successfully validated
2020-05-27 19:32:09,910 [EventQueue-PipelineReportForPipelineReportHandler] INFO  pipeline.PipelineStateManager (PipelineStateManager.java:openPipeline(131)) - Pipeline Pipeline[ Id: e3927293-5b49-4344-86f7-5f290258dc4a, Nodes: 0ab43432-34fe-4306-a50d-0ea23314de87{ip: 172.17.0.2, host: 97d0c8b5f382, networkLocation: /rack1, certSerialId: null}, Type:RATIS, Factor:ONE, State:ALLOCATED, leaderId:0ab43432-34fe-4306-a50d-0ea23314de87, CreationTimestamp2020-05-27T19:32:06.665Z] moved to OPEN state
2020-05-27 19:32:09,910 [pool-147-thread-1] INFO  segmented.SegmentedRaftLogWorker (SegmentedRaftLogWorker.java:lambda$new$0(129)) - 0ab43432-34fe-4306-a50d-0ea23314de87@group-5F290258DC4A-SegmentedRaftLogWorker: flushIndex: setUnconditionally 0 -> -1
2020-05-27 19:32:09,911 [EventQueue-OpenPipelineForHealthyPipelineSafeModeRule] INFO  safemode.SCMSafeModeManager (HealthyPipelineSafeModeRule.java:process(132)) - SCM in safe mode. Healthy pipelines reported count is 0, required healthy pipeline reported count is 1
2020-05-27 19:32:09,911 [pool-131-thread-1] INFO  segmented.SegmentedRaftLogWorker (SegmentedRaftLogWorker.java:lambda$new$0(129)) - f1f3a69c-d257-43b6-814a-48c5022c930f@group-4EB50FEF8EB3-SegmentedRaftLogWorker: flushIndex: setUnconditionally 0 -> -1
2020-05-27 19:32:09,910 [pool-179-thread-1] INFO  server.RaftServerConfigKeys (ConfUtils.java:logGet(44)) - raft.server.rpc.timeout.min = 1s (custom)
2020-05-27 19:32:09,911 [pool-179-thread-1] INFO  server.RaftServerConfigKeys (ConfUtils.java:logGet(44)) - raft.server.rpc.timeout.max = 1200ms (custom)
2020-05-27 19:32:09,911 [EventQueue-OpenPipelineForOneReplicaPipelineSafeModeRule] INFO  safemode.SCMSafeModeManager (SCMSafeModeManager.java:validateSafeModeExitRules(213)) - AtleastOneDatanodeReportedRule rule is successfully validated
2020-05-27 19:32:09,911 [pool-179-thread-1] INFO  server.RaftServerConfigKeys (ConfUtils.java:logGet(44)) - raft.server.rpcslowness.timeout = 300s (custom)
2020-05-27 19:32:09,911 [pool-179-thread-1] INFO  server.RaftServerConfigKeys (ConfUtils.java:logGet(44)) - raft.server.sleep.deviation.threshold = 300 (default)
2020-05-27 19:32:09,911 [pool-179-thread-1] INFO  server.RaftServerConfigKeys (ConfUtils.java:logGet(44)) - raft.server.log.appender.install.snapshot.enabled = false (custom)
2020-05-27 19:32:09,911 [pool-179-thread-1] INFO  impl.RaftServerImpl (ServerState.java:<init>(103)) - c8b07204-1f01-416a-8b12-65edb182c14b@group-6F7ADB4E949F: ConfigurationManager, init=-1: [c8b07204-1f01-416a-8b12-65edb182c14b:172.17.0.2:36541], old=null, confs=<EMPTY_MAP>
2020-05-27 19:32:09,912 [pool-179-thread-1] INFO  server.RaftServerConfigKeys (ConfUtils.java:logGet(44)) - raft.server.storage.dir = [/github/workspace/mnt/ozone/hadoop-ozone/integration-test/target/test-dir/MiniOzoneClusterImpl-f0010636-4b6e-4820-a6ed-9dd9125fe66b/datanode-9/data/ratis] (custom)
2020-05-27 19:32:09,912 [pool-179-thread-1] INFO  server.RaftServerConfigKeys (ConfUtils.java:logGet(44)) - raft.server.log.corruption.policy = EXCEPTION (default)
2020-05-27 19:32:09,912 [pool-179-thread-1] INFO  storage.RaftStorageDirectory (RaftStorageDirectory.java:analyzeStorage(261)) - The storage directory /github/workspace/mnt/ozone/hadoop-ozone/integration-test/target/test-dir/MiniOzoneClusterImpl-f0010636-4b6e-4820-a6ed-9dd9125fe66b/datanode-9/data/ratis/3c0a9589-746f-44c5-b22a-6f7adb4e949f does not exist. Creating ...
2020-05-27 19:32:09,913 [pool-179-thread-1] INFO  storage.RaftStorageDirectory (RaftStorageDirectory.java:tryLock(343)) - Lock on /github/workspace/mnt/ozone/hadoop-ozone/integration-test/target/test-dir/MiniOzoneClusterImpl-f0010636-4b6e-4820-a6ed-9dd9125fe66b/datanode-9/data/ratis/3c0a9589-746f-44c5-b22a-6f7adb4e949f/in_use.lock acquired by nodename 10525@97d0c8b5f382
2020-05-27 19:32:09,915 [pool-179-thread-1] INFO  storage.RaftStorage (RaftStorage.java:format(84)) - Storage directory /github/workspace/mnt/ozone/hadoop-ozone/integration-test/target/test-dir/MiniOzoneClusterImpl-f0010636-4b6e-4820-a6ed-9dd9125fe66b/datanode-9/data/ratis/3c0a9589-746f-44c5-b22a-6f7adb4e949f has been successfully formatted.
2020-05-27 19:32:09,916 [pool-163-thread-1] INFO  server.RaftServerConfigKeys (ConfUtils.java:logGet(44)) - raft.server.snapshot.auto.trigger.enabled = true (custom)
2020-05-27 19:32:09,916 [pool-163-thread-1] INFO  server.RaftServerConfigKeys (ConfUtils.java:logGet(44)) - raft.server.snapshot.auto.trigger.threshold = 10000 (custom)
2020-05-27 19:32:09,916 [pool-163-thread-1] INFO  server.RaftServerConfigKeys (ConfUtils.java:logGet(44)) - raft.server.snapshot.retention.file.num = 5 (custom)
2020-05-27 19:32:09,917 [pool-163-thread-1] INFO  server.RaftServerConfigKeys (ConfUtils.java:logGet(44)) - raft.server.log.purge.upto.snapshot.index = false (default)
2020-05-27 19:32:09,917 [pool-163-thread-1] INFO  server.RaftServerConfigKeys (ConfUtils.java:logGet(44)) - raft.server.retrycache.expirytime = 600000ms (custom)
2020-05-27 19:32:09,917 [pool-163-thread-1] INFO  metrics.RatisMetrics (RatisMetrics.java:lambda$create$0(39)) - Creating Metrics Registry : ratis.leader_election.98c33ea6-fb47-41c3-bd3d-1c17f3427380@group-DAE41532BAFE
2020-05-27 19:32:09,917 [pool-163-thread-1] INFO  metrics.RatisMetrics (RatisMetrics.java:lambda$create$0(39)) - Creating Metrics Registry : ratis.server.98c33ea6-fb47-41c3-bd3d-1c17f3427380@group-DAE41532BAFE
2020-05-27 19:32:09,918 [pool-163-thread-1] INFO  impl.RaftServerImpl (RaftServerImpl.java:start(184)) - 98c33ea6-fb47-41c3-bd3d-1c17f3427380@group-DAE41532BAFE: start as a follower, conf=-1: [98c33ea6-fb47-41c3-bd3d-1c17f3427380:172.17.0.2:32845], old=null
2020-05-27 19:32:09,918 [pool-163-thread-1] INFO  impl.RaftServerImpl (RaftServerImpl.java:setRole(173)) - 98c33ea6-fb47-41c3-bd3d-1c17f3427380@group-DAE41532BAFE: changes role from      null to FOLLOWER at term 0 for startAsFollower
2020-05-27 19:32:09,918 [pool-163-thread-1] INFO  impl.RoleInfo (RoleInfo.java:updateAndGet(143)) - 98c33ea6-fb47-41c3-bd3d-1c17f3427380: start FollowerState
2020-05-27 19:32:09,921 [pool-163-thread-1] INFO  util.JmxRegister (JmxRegister.java:tryRegister(44)) - Successfully registered JMX Bean with object name Ratis:service=RaftServer,group=group-DAE41532BAFE,id=98c33ea6-fb47-41c3-bd3d-1c17f3427380
2020-05-27 19:32:09,921 [pool-163-thread-1] INFO  metrics.RatisMetrics (RatisMetrics.java:lambda$create$0(39)) - Creating Metrics Registry : ratis.state_machine.98c33ea6-fb47-41c3-bd3d-1c17f3427380@group-DAE41532BAFE
2020-05-27 19:32:09,925 [Command processor thread] INFO  commandhandler.CreatePipelineCommandHandler (CreatePipelineCommandHandler.java:handle(109)) - Created Pipeline RATIS ONE #id: "97e9f1ac-6d89-4715-a322-dae41532bafe"
.
2020-05-27 19:32:09,925 [Command processor thread] INFO  impl.RaftServerProxy (RaftServerProxy.java:addNew(89)) - 98c33ea6-fb47-41c3-bd3d-1c17f3427380: addNew group-08DDE34C77D1:[f1f3a69c-d257-43b6-814a-48c5022c930f:172.17.0.2:43147, 98c33ea6-fb47-41c3-bd3d-1c17f3427380:172.17.0.2:32845, 0ab43432-34fe-4306-a50d-0ea23314de87:172.17.0.2:42819] returns group-08DDE34C77D1:java.util.concurrent.CompletableFuture@1947d6b2[Not completed]
2020-05-27 19:32:09,939 [pool-179-thread-1] INFO  ratis.ContainerStateMachine (ContainerStateMachine.java:loadSnapshot(226)) - group-6F7ADB4E949F: The snapshot info is null. Setting the last applied indexto:(t:0, i:~)
2020-05-27 19:32:09,940 [pool-179-thread-1] INFO  server.RaftServerConfigKeys (ConfUtils.java:logGet(44)) - raft.server.notification.no-leader.timeout = 60s (default)
2020-05-27 19:32:09,940 [pool-179-thread-1] INFO  server.RaftServerConfigKeys (ConfUtils.java:logGet(44)) - raft.server.log.use.memory = false (default)
2020-05-27 19:32:09,941 [pool-179-thread-1] INFO  server.RaftServerConfigKeys (ConfUtils.java:logGet(44)) - raft.server.log.purge.gap = 1000000 (custom)
2020-05-27 19:32:09,941 [pool-179-thread-1] INFO  server.RaftServerConfigKeys (ConfUtils.java:logGet(44)) - raft.server.log.appender.buffer.byte-limit = 33554432 (custom)
2020-05-27 19:32:09,941 [pool-179-thread-1] INFO  server.RaftServerConfigKeys (ConfUtils.java:logGet(44)) - raft.server.log.segment.size.max = 1048576 (custom)
2020-05-27 19:32:09,941 [pool-179-thread-1] INFO  metrics.RatisMetrics (RatisMetrics.java:lambda$create$0(39)) - Creating Metrics Registry : ratis.log_worker.c8b07204-1f01-416a-8b12-65edb182c14b
2020-05-27 19:32:09,928 [pool-147-thread-1] INFO  server.RaftServerConfigKeys (ConfUtils.java:logGet(44)) - raft.server.snapshot.auto.trigger.enabled = true (custom)
2020-05-27 19:32:09,941 [pool-147-thread-1] INFO  server.RaftServerConfigKeys (ConfUtils.java:logGet(44)) - raft.server.snapshot.auto.trigger.threshold = 10000 (custom)
2020-05-27 19:32:09,941 [pool-147-thread-1] INFO  server.RaftServerConfigKeys (ConfUtils.java:logGet(44)) - raft.server.snapshot.retention.file.num = 5 (custom)
2020-05-27 19:32:09,941 [pool-147-thread-1] INFO  server.RaftServerConfigKeys (ConfUtils.java:logGet(44)) - raft.server.log.purge.upto.snapshot.index = false (default)
2020-05-27 19:32:09,941 [pool-147-thread-1] INFO  server.RaftServerConfigKeys (ConfUtils.java:logGet(44)) - raft.server.retrycache.expirytime = 600000ms (custom)
2020-05-27 19:32:09,941 [pool-147-thread-1] INFO  metrics.RatisMetrics (RatisMetrics.java:lambda$create$0(39)) - Creating Metrics Registry : ratis.leader_election.0ab43432-34fe-4306-a50d-0ea23314de87@group-5F290258DC4A
2020-05-27 19:32:09,942 [pool-147-thread-1] INFO  metrics.RatisMetrics (RatisMetrics.java:lambda$create$0(39)) - Creating Metrics Registry : ratis.server.0ab43432-34fe-4306-a50d-0ea23314de87@group-5F290258DC4A
2020-05-27 19:32:09,928 [pool-131-thread-1] INFO  server.RaftServerConfigKeys (ConfUtils.java:logGet(44)) - raft.server.snapshot.auto.trigger.enabled = true (custom)
2020-05-27 19:32:09,941 [pool-163-thread-1] INFO  impl.RaftServerImpl (RaftServerImpl.java:<init>(98)) - 98c33ea6-fb47-41c3-bd3d-1c17f3427380: new RaftServerImpl for group-08DDE34C77D1:[f1f3a69c-d257-43b6-814a-48c5022c930f:172.17.0.2:43147, 98c33ea6-fb47-41c3-bd3d-1c17f3427380:172.17.0.2:32845, 0ab43432-34fe-4306-a50d-0ea23314de87:172.17.0.2:42819] with ContainerStateMachine:uninitialized
2020-05-27 19:32:09,943 [pool-131-thread-1] INFO  server.RaftServerConfigKeys (ConfUtils.java:logGet(44)) - raft.server.snapshot.auto.trigger.threshold = 10000 (custom)
2020-05-27 19:32:09,943 [pool-163-thread-1] INFO  server.RaftServerConfigKeys (ConfUtils.java:logGet(44)) - raft.server.rpc.timeout.min = 1s (custom)
2020-05-27 19:32:09,943 [pool-131-thread-1] INFO  server.RaftServerConfigKeys (ConfUtils.java:logGet(44)) - raft.server.snapshot.retention.file.num = 5 (custom)
2020-05-27 19:32:09,943 [pool-131-thread-1] INFO  server.RaftServerConfigKeys (ConfUtils.java:logGet(44)) - raft.server.log.purge.upto.snapshot.index = false (default)
2020-05-27 19:32:09,943 [pool-163-thread-1] INFO  server.RaftServerConfigKeys (ConfUtils.java:logGet(44)) - raft.server.rpc.timeout.max = 1200ms (custom)
2020-05-27 19:32:09,943 [pool-131-thread-1] INFO  server.RaftServerConfigKeys (ConfUtils.java:logGet(44)) - raft.server.retrycache.expirytime = 600000ms (custom)
2020-05-27 19:32:09,943 [pool-163-thread-1] INFO  server.RaftServerConfigKeys (ConfUtils.java:logGet(44)) - raft.server.rpcslowness.timeout = 300s (custom)
2020-05-27 19:32:09,943 [pool-131-thread-1] INFO  metrics.RatisMetrics (RatisMetrics.java:lambda$create$0(39)) - Creating Metrics Registry : ratis.leader_election.f1f3a69c-d257-43b6-814a-48c5022c930f@group-4EB50FEF8EB3
2020-05-27 19:32:09,943 [pool-163-thread-1] INFO  server.RaftServerConfigKeys (ConfUtils.java:logGet(44)) - raft.server.sleep.deviation.threshold = 300 (default)
2020-05-27 19:32:09,943 [pool-163-thread-1] INFO  server.RaftServerConfigKeys (ConfUtils.java:logGet(44)) - raft.server.log.appender.install.snapshot.enabled = false (custom)
2020-05-27 19:32:09,943 [pool-163-thread-1] INFO  impl.RaftServerImpl (ServerState.java:<init>(103)) - 98c33ea6-fb47-41c3-bd3d-1c17f3427380@group-08DDE34C77D1: ConfigurationManager, init=-1: [f1f3a69c-d257-43b6-814a-48c5022c930f:172.17.0.2:43147, 98c33ea6-fb47-41c3-bd3d-1c17f3427380:172.17.0.2:32845, 0ab43432-34fe-4306-a50d-0ea23314de87:172.17.0.2:42819], old=null, confs=<EMPTY_MAP>
2020-05-27 19:32:09,944 [pool-163-thread-1] INFO  server.RaftServerConfigKeys (ConfUtils.java:logGet(44)) - raft.server.storage.dir = [/github/workspace/mnt/ozone/hadoop-ozone/integration-test/target/test-dir/MiniOzoneClusterImpl-f0010636-4b6e-4820-a6ed-9dd9125fe66b/datanode-8/data/ratis] (custom)
2020-05-27 19:32:09,944 [pool-131-thread-1] INFO  metrics.RatisMetrics (RatisMetrics.java:lambda$create$0(39)) - Creating Metrics Registry : ratis.server.f1f3a69c-d257-43b6-814a-48c5022c930f@group-4EB50FEF8EB3
2020-05-27 19:32:09,944 [pool-163-thread-1] INFO  server.RaftServerConfigKeys (ConfUtils.java:logGet(44)) - raft.server.log.corruption.policy = EXCEPTION (default)
2020-05-27 19:32:09,944 [pool-163-thread-1] INFO  storage.RaftStorageDirectory (RaftStorageDirectory.java:analyzeStorage(261)) - The storage directory /github/workspace/mnt/ozone/hadoop-ozone/integration-test/target/test-dir/MiniOzoneClusterImpl-f0010636-4b6e-4820-a6ed-9dd9125fe66b/datanode-8/data/ratis/f4cf136f-dea7-4e47-9282-08dde34c77d1 does not exist. Creating ...
2020-05-27 19:32:09,945 [pool-163-thread-1] INFO  storage.RaftStorageDirectory (RaftStorageDirectory.java:tryLock(343)) - Lock on /github/workspace/mnt/ozone/hadoop-ozone/integration-test/target/test-dir/MiniOzoneClusterImpl-f0010636-4b6e-4820-a6ed-9dd9125fe66b/datanode-8/data/ratis/f4cf136f-dea7-4e47-9282-08dde34c77d1/in_use.lock acquired by nodename 10525@97d0c8b5f382
2020-05-27 19:32:09,947 [pool-163-thread-1] INFO  storage.RaftStorage (RaftStorage.java:format(84)) - Storage directory /github/workspace/mnt/ozone/hadoop-ozone/integration-test/target/test-dir/MiniOzoneClusterImpl-f0010636-4b6e-4820-a6ed-9dd9125fe66b/datanode-8/data/ratis/f4cf136f-dea7-4e47-9282-08dde34c77d1 has been successfully formatted.
2020-05-27 19:32:09,947 [pool-163-thread-1] INFO  ratis.ContainerStateMachine (ContainerStateMachine.java:loadSnapshot(226)) - group-08DDE34C77D1: The snapshot info is null. Setting the last applied indexto:(t:0, i:~)
2020-05-27 19:32:09,947 [pool-163-thread-1] INFO  server.RaftServerConfigKeys (ConfUtils.java:logGet(44)) - raft.server.notification.no-leader.timeout = 60s (default)
2020-05-27 19:32:09,947 [pool-163-thread-1] INFO  server.RaftServerConfigKeys (ConfUtils.java:logGet(44)) - raft.server.log.use.memory = false (default)
2020-05-27 19:32:09,947 [pool-163-thread-1] INFO  server.RaftServerConfigKeys (ConfUtils.java:logGet(44)) - raft.server.log.purge.gap = 1000000 (custom)
2020-05-27 19:32:09,947 [pool-163-thread-1] INFO  server.RaftServerConfigKeys (ConfUtils.java:logGet(44)) - raft.server.log.appender.buffer.byte-limit = 33554432 (custom)
2020-05-27 19:32:09,947 [pool-163-thread-1] INFO  server.RaftServerConfigKeys (ConfUtils.java:logGet(44)) - raft.server.log.segment.size.max = 1048576 (custom)
2020-05-27 19:32:09,947 [pool-163-thread-1] INFO  server.RaftServerConfigKeys (ConfUtils.java:logGet(44)) - raft.server.log.segment.cache.num.max = 2 (custom)
2020-05-27 19:32:09,948 [pool-163-thread-1] INFO  segmented.SegmentedRaftLogWorker (SegmentedRaftLogWorker.java:<init>(176)) - new 98c33ea6-fb47-41c3-bd3d-1c17f3427380@group-08DDE34C77D1-SegmentedRaftLogWorker for RaftStorage:Storage Directory /github/workspace/mnt/ozone/hadoop-ozone/integration-test/target/test-dir/MiniOzoneClusterImpl-f0010636-4b6e-4820-a6ed-9dd9125fe66b/datanode-8/data/ratis/f4cf136f-dea7-4e47-9282-08dde34c77d1
2020-05-27 19:32:09,948 [pool-163-thread-1] INFO  server.RaftServerConfigKeys (ConfUtils.java:logGet(44)) - raft.server.log.queue.byte-limit = 2147483647 (custom)
2020-05-27 19:32:09,948 [pool-163-thread-1] INFO  server.RaftServerConfigKeys (ConfUtils.java:logGet(44)) - raft.server.log.queue.element-limit = 1024 (custom)
2020-05-27 19:32:09,948 [pool-163-thread-1] INFO  server.RaftServerConfigKeys (ConfUtils.java:logGet(44)) - raft.server.log.segment.size.max = 1048576 (custom)
2020-05-27 19:32:09,948 [pool-163-thread-1] INFO  server.RaftServerConfigKeys (ConfUtils.java:logGet(44)) - raft.server.log.preallocated.size = 16384 (custom)
2020-05-27 19:32:09,948 [pool-163-thread-1] INFO  server.RaftServerConfigKeys (ConfUtils.java:logGet(44)) - raft.server.log.write.buffer.size = 1048576 (custom)
2020-05-27 19:32:09,948 [pool-131-thread-1] INFO  impl.RaftServerImpl (RaftServerImpl.java:start(184)) - f1f3a69c-d257-43b6-814a-48c5022c930f@group-4EB50FEF8EB3: start as a follower, conf=-1: [f1f3a69c-d257-43b6-814a-48c5022c930f:172.17.0.2:43147], old=null
2020-05-27 19:32:09,948 [pool-131-thread-1] INFO  impl.RaftServerImpl (RaftServerImpl.java:setRole(173)) - f1f3a69c-d257-43b6-814a-48c5022c930f@group-4EB50FEF8EB3: changes role from      null to FOLLOWER at term 0 for startAsFollower
2020-05-27 19:32:09,948 [pool-131-thread-1] INFO  impl.RoleInfo (RoleInfo.java:updateAndGet(143)) - f1f3a69c-d257-43b6-814a-48c5022c930f: start FollowerState
2020-05-27 19:32:09,949 [pool-147-thread-1] INFO  impl.RaftServerImpl (RaftServerImpl.java:start(184)) - 0ab43432-34fe-4306-a50d-0ea23314de87@group-5F290258DC4A: start as a follower, conf=-1: [0ab43432-34fe-4306-a50d-0ea23314de87:172.17.0.2:42819], old=null
2020-05-27 19:32:09,949 [pool-147-thread-1] INFO  impl.RaftServerImpl (RaftServerImpl.java:setRole(173)) - 0ab43432-34fe-4306-a50d-0ea23314de87@group-5F290258DC4A: changes role from      null to FOLLOWER at term 0 for startAsFollower
2020-05-27 19:32:09,949 [pool-179-thread-1] INFO  server.RaftServerConfigKeys (ConfUtils.java:logGet(44)) - raft.server.log.segment.cache.num.max = 2 (custom)
2020-05-27 19:32:09,949 [pool-179-thread-1] INFO  segmented.SegmentedRaftLogWorker (SegmentedRaftLogWorker.java:<init>(176)) - new c8b07204-1f01-416a-8b12-65edb182c14b@group-6F7ADB4E949F-SegmentedRaftLogWorker for RaftStorage:Storage Directory /github/workspace/mnt/ozone/hadoop-ozone/integration-test/target/test-dir/MiniOzoneClusterImpl-f0010636-4b6e-4820-a6ed-9dd9125fe66b/datanode-9/data/ratis/3c0a9589-746f-44c5-b22a-6f7adb4e949f
2020-05-27 19:32:09,949 [pool-179-thread-1] INFO  server.RaftServerConfigKeys (ConfUtils.java:logGet(44)) - raft.server.log.queue.byte-limit = 2147483647 (custom)
2020-05-27 19:32:09,949 [pool-179-thread-1] INFO  server.RaftServerConfigKeys (ConfUtils.java:logGet(44)) - raft.server.log.queue.element-limit = 1024 (custom)
2020-05-27 19:32:09,949 [pool-179-thread-1] INFO  server.RaftServerConfigKeys (ConfUtils.java:logGet(44)) - raft.server.log.segment.size.max = 1048576 (custom)
2020-05-27 19:32:09,950 [pool-179-thread-1] INFO  server.RaftServerConfigKeys (ConfUtils.java:logGet(44)) - raft.server.log.preallocated.size = 16384 (custom)
2020-05-27 19:32:09,950 [pool-179-thread-1] INFO  server.RaftServerConfigKeys (ConfUtils.java:logGet(44)) - raft.server.log.write.buffer.size = 1048576 (custom)
2020-05-27 19:32:09,950 [pool-179-thread-1] INFO  server.RaftServerConfigKeys (ConfUtils.java:logGet(44)) - raft.server.log.force.sync.num = 128 (default)
2020-05-27 19:32:09,950 [pool-179-thread-1] INFO  server.RaftServerConfigKeys (ConfUtils.java:logGet(44)) - raft.server.log.statemachine.data.sync = true (default)
2020-05-27 19:32:09,950 [pool-179-thread-1] INFO  server.RaftServerConfigKeys (ConfUtils.java:logGet(44)) - raft.server.log.statemachine.data.sync.timeout = 10s (default)
2020-05-27 19:32:09,950 [pool-179-thread-1] INFO  server.RaftServerConfigKeys (ConfUtils.java:logGet(44)) - raft.server.log.statemachine.data.sync.timeout.retry = -1 (default)
2020-05-27 19:32:09,948 [pool-163-thread-1] INFO  server.RaftServerConfigKeys (ConfUtils.java:logGet(44)) - raft.server.log.force.sync.num = 128 (default)
2020-05-27 19:32:09,951 [pool-163-thread-1] INFO  server.RaftServerConfigKeys (ConfUtils.java:logGet(44)) - raft.server.log.statemachine.data.sync = true (default)
2020-05-27 19:32:09,951 [pool-163-thread-1] INFO  server.RaftServerConfigKeys (ConfUtils.java:logGet(44)) - raft.server.log.statemachine.data.sync.timeout = 10s (default)
2020-05-27 19:32:09,951 [pool-163-thread-1] INFO  server.RaftServerConfigKeys (ConfUtils.java:logGet(44)) - raft.server.log.statemachine.data.sync.timeout.retry = -1 (default)
2020-05-27 19:32:09,950 [EventQueue-PipelineReportForPipelineReportHandler] INFO  pipeline.PipelineStateManager (PipelineStateManager.java:openPipeline(131)) - Pipeline Pipeline[ Id: 3c0a9589-746f-44c5-b22a-6f7adb4e949f, Nodes: c8b07204-1f01-416a-8b12-65edb182c14b{ip: 172.17.0.2, host: 97d0c8b5f382, networkLocation: /rack1, certSerialId: null}, Type:RATIS, Factor:ONE, State:ALLOCATED, leaderId:c8b07204-1f01-416a-8b12-65edb182c14b, CreationTimestamp2020-05-27T19:32:06.844Z] moved to OPEN state
2020-05-27 19:32:09,951 [EventQueue-OpenPipelineForOneReplicaPipelineSafeModeRule] INFO  safemode.SCMSafeModeManager (SCMSafeModeManager.java:validateSafeModeExitRules(213)) - AtleastOneDatanodeReportedRule rule is successfully validated
2020-05-27 19:32:09,952 [EventQueue-OpenPipelineForHealthyPipelineSafeModeRule] INFO  safemode.SCMSafeModeManager (HealthyPipelineSafeModeRule.java:process(132)) - SCM in safe mode. Healthy pipelines reported count is 0, required healthy pipeline reported count is 1
2020-05-27 19:32:09,958 [pool-163-thread-1] INFO  server.RaftServerConfigKeys (ConfUtils.java:logGet(44)) - raft.server.log.statemachine.data.caching.enabled = true (custom)
2020-05-27 19:32:09,958 [pool-163-thread-1] INFO  segmented.SegmentedRaftLogWorker (SegmentedRaftLogWorker.java:lambda$new$0(129)) - 98c33ea6-fb47-41c3-bd3d-1c17f3427380@group-08DDE34C77D1-SegmentedRaftLogWorker: flushIndex: setUnconditionally 0 -> -1
2020-05-27 19:32:09,959 [pool-131-thread-1] INFO  util.JmxRegister (JmxRegister.java:tryRegister(44)) - Successfully registered JMX Bean with object name Ratis:service=RaftServer,group=group-4EB50FEF8EB3,id=f1f3a69c-d257-43b6-814a-48c5022c930f
2020-05-27 19:32:09,959 [pool-131-thread-1] INFO  metrics.RatisMetrics (RatisMetrics.java:lambda$create$0(39)) - Creating Metrics Registry : ratis.state_machine.f1f3a69c-d257-43b6-814a-48c5022c930f@group-4EB50FEF8EB3
2020-05-27 19:32:09,959 [pool-179-thread-1] INFO  server.RaftServerConfigKeys (ConfUtils.java:logGet(44)) - raft.server.log.statemachine.data.caching.enabled = true (custom)
2020-05-27 19:32:09,960 [pool-179-thread-1] INFO  segmented.SegmentedRaftLogWorker (SegmentedRaftLogWorker.java:lambda$new$0(129)) - c8b07204-1f01-416a-8b12-65edb182c14b@group-6F7ADB4E949F-SegmentedRaftLogWorker: flushIndex: setUnconditionally 0 -> -1
2020-05-27 19:32:09,980 [pool-163-thread-1] INFO  server.RaftServerConfigKeys (ConfUtils.java:logGet(44)) - raft.server.snapshot.auto.trigger.enabled = true (custom)
2020-05-27 19:32:09,980 [pool-163-thread-1] INFO  server.RaftServerConfigKeys (ConfUtils.java:logGet(44)) - raft.server.snapshot.auto.trigger.threshold = 10000 (custom)
2020-05-27 19:32:09,980 [pool-163-thread-1] INFO  server.RaftServerConfigKeys (ConfUtils.java:logGet(44)) - raft.server.snapshot.retention.file.num = 5 (custom)
2020-05-27 19:32:09,981 [pool-163-thread-1] INFO  server.RaftServerConfigKeys (ConfUtils.java:logGet(44)) - raft.server.log.purge.upto.snapshot.index = false (default)
2020-05-27 19:32:09,981 [pool-163-thread-1] INFO  server.RaftServerConfigKeys (ConfUtils.java:logGet(44)) - raft.server.retrycache.expirytime = 600000ms (custom)
2020-05-27 19:32:09,981 [pool-163-thread-1] INFO  metrics.RatisMetrics (RatisMetrics.java:lambda$create$0(39)) - Creating Metrics Registry : ratis.leader_election.98c33ea6-fb47-41c3-bd3d-1c17f3427380@group-08DDE34C77D1
2020-05-27 19:32:09,982 [pool-163-thread-1] INFO  metrics.RatisMetrics (RatisMetrics.java:lambda$create$0(39)) - Creating Metrics Registry : ratis.server.98c33ea6-fb47-41c3-bd3d-1c17f3427380@group-08DDE34C77D1
2020-05-27 19:32:09,982 [pool-163-thread-1] INFO  impl.RaftServerImpl (RaftServerImpl.java:start(184)) - 98c33ea6-fb47-41c3-bd3d-1c17f3427380@group-08DDE34C77D1: start as a follower, conf=-1: [f1f3a69c-d257-43b6-814a-48c5022c930f:172.17.0.2:43147, 98c33ea6-fb47-41c3-bd3d-1c17f3427380:172.17.0.2:32845, 0ab43432-34fe-4306-a50d-0ea23314de87:172.17.0.2:42819], old=null
2020-05-27 19:32:09,983 [pool-163-thread-1] INFO  impl.RaftServerImpl (RaftServerImpl.java:setRole(173)) - 98c33ea6-fb47-41c3-bd3d-1c17f3427380@group-08DDE34C77D1: changes role from      null to FOLLOWER at term 0 for startAsFollower
2020-05-27 19:32:09,983 [pool-163-thread-1] INFO  impl.RoleInfo (RoleInfo.java:updateAndGet(143)) - 98c33ea6-fb47-41c3-bd3d-1c17f3427380: start FollowerState
2020-05-27 19:32:09,984 [pool-163-thread-1] INFO  util.JmxRegister (JmxRegister.java:tryRegister(44)) - Successfully registered JMX Bean with object name Ratis:service=RaftServer,group=group-08DDE34C77D1,id=98c33ea6-fb47-41c3-bd3d-1c17f3427380
2020-05-27 19:32:09,984 [pool-163-thread-1] INFO  metrics.RatisMetrics (RatisMetrics.java:lambda$create$0(39)) - Creating Metrics Registry : ratis.state_machine.98c33ea6-fb47-41c3-bd3d-1c17f3427380@group-08DDE34C77D1
2020-05-27 19:32:09,989 [pool-147-thread-1] INFO  impl.RoleInfo (RoleInfo.java:updateAndGet(143)) - 0ab43432-34fe-4306-a50d-0ea23314de87: start FollowerState
2020-05-27 19:32:09,998 [pool-147-thread-1] INFO  util.JmxRegister (JmxRegister.java:tryRegister(44)) - Successfully registered JMX Bean with object name Ratis:service=RaftServer,group=group-5F290258DC4A,id=0ab43432-34fe-4306-a50d-0ea23314de87
2020-05-27 19:32:09,998 [pool-147-thread-1] INFO  metrics.RatisMetrics (RatisMetrics.java:lambda$create$0(39)) - Creating Metrics Registry : ratis.state_machine.0ab43432-34fe-4306-a50d-0ea23314de87@group-5F290258DC4A
2020-05-27 19:32:10,010 [Command processor thread] INFO  commandhandler.CreatePipelineCommandHandler (CreatePipelineCommandHandler.java:handle(109)) - Created Pipeline RATIS ONE #id: "e3927293-5b49-4344-86f7-5f290258dc4a"
.
2020-05-27 19:32:10,010 [Command processor thread] INFO  impl.RaftServerProxy (RaftServerProxy.java:addNew(89)) - 0ab43432-34fe-4306-a50d-0ea23314de87: addNew group-08DDE34C77D1:[f1f3a69c-d257-43b6-814a-48c5022c930f:172.17.0.2:43147, 98c33ea6-fb47-41c3-bd3d-1c17f3427380:172.17.0.2:32845, 0ab43432-34fe-4306-a50d-0ea23314de87:172.17.0.2:42819] returns group-08DDE34C77D1:java.util.concurrent.CompletableFuture@23b321b7[Not completed]
2020-05-27 19:32:10,013 [pool-147-thread-1] INFO  impl.RaftServerImpl (RaftServerImpl.java:<init>(98)) - 0ab43432-34fe-4306-a50d-0ea23314de87: new RaftServerImpl for group-08DDE34C77D1:[f1f3a69c-d257-43b6-814a-48c5022c930f:172.17.0.2:43147, 98c33ea6-fb47-41c3-bd3d-1c17f3427380:172.17.0.2:32845, 0ab43432-34fe-4306-a50d-0ea23314de87:172.17.0.2:42819] with ContainerStateMachine:uninitialized
2020-05-27 19:32:10,013 [pool-147-thread-1] INFO  server.RaftServerConfigKeys (ConfUtils.java:logGet(44)) - raft.server.rpc.timeout.min = 1s (custom)
2020-05-27 19:32:10,013 [pool-147-thread-1] INFO  server.RaftServerConfigKeys (ConfUtils.java:logGet(44)) - raft.server.rpc.timeout.max = 1200ms (custom)
2020-05-27 19:32:10,013 [pool-147-thread-1] INFO  server.RaftServerConfigKeys (ConfUtils.java:logGet(44)) - raft.server.rpcslowness.timeout = 300s (custom)
2020-05-27 19:32:10,013 [pool-147-thread-1] INFO  server.RaftServerConfigKeys (ConfUtils.java:logGet(44)) - raft.server.sleep.deviation.threshold = 300 (default)
2020-05-27 19:32:10,013 [pool-179-thread-1] INFO  server.RaftServerConfigKeys (ConfUtils.java:logGet(44)) - raft.server.snapshot.auto.trigger.enabled = true (custom)
2020-05-27 19:32:10,013 [pool-179-thread-1] INFO  server.RaftServerConfigKeys (ConfUtils.java:logGet(44)) - raft.server.snapshot.auto.trigger.threshold = 10000 (custom)
2020-05-27 19:32:10,013 [pool-179-thread-1] INFO  server.RaftServerConfigKeys (ConfUtils.java:logGet(44)) - raft.server.snapshot.retention.file.num = 5 (custom)
2020-05-27 19:32:10,013 [pool-179-thread-1] INFO  server.RaftServerConfigKeys (ConfUtils.java:logGet(44)) - raft.server.log.purge.upto.snapshot.index = false (default)
2020-05-27 19:32:10,014 [pool-179-thread-1] INFO  server.RaftServerConfigKeys (ConfUtils.java:logGet(44)) - raft.server.retrycache.expirytime = 600000ms (custom)
2020-05-27 19:32:10,029 [pool-179-thread-1] INFO  metrics.RatisMetrics (RatisMetrics.java:lambda$create$0(39)) - Creating Metrics Registry : ratis.leader_election.c8b07204-1f01-416a-8b12-65edb182c14b@group-6F7ADB4E949F
2020-05-27 19:32:10,030 [pool-179-thread-1] INFO  metrics.RatisMetrics (RatisMetrics.java:lambda$create$0(39)) - Creating Metrics Registry : ratis.server.c8b07204-1f01-416a-8b12-65edb182c14b@group-6F7ADB4E949F
2020-05-27 19:32:10,013 [pool-147-thread-1] INFO  server.RaftServerConfigKeys (ConfUtils.java:logGet(44)) - raft.server.log.appender.install.snapshot.enabled = false (custom)
2020-05-27 19:32:10,031 [pool-147-thread-1] INFO  impl.RaftServerImpl (ServerState.java:<init>(103)) - 0ab43432-34fe-4306-a50d-0ea23314de87@group-08DDE34C77D1: ConfigurationManager, init=-1: [f1f3a69c-d257-43b6-814a-48c5022c930f:172.17.0.2:43147, 98c33ea6-fb47-41c3-bd3d-1c17f3427380:172.17.0.2:32845, 0ab43432-34fe-4306-a50d-0ea23314de87:172.17.0.2:42819], old=null, confs=<EMPTY_MAP>
2020-05-27 19:32:10,031 [pool-147-thread-1] INFO  server.RaftServerConfigKeys (ConfUtils.java:logGet(44)) - raft.server.storage.dir = [/github/workspace/mnt/ozone/hadoop-ozone/integration-test/target/test-dir/MiniOzoneClusterImpl-f0010636-4b6e-4820-a6ed-9dd9125fe66b/datanode-7/data/ratis] (custom)
2020-05-27 19:32:10,031 [pool-179-thread-1] INFO  impl.RaftServerImpl (RaftServerImpl.java:start(184)) - c8b07204-1f01-416a-8b12-65edb182c14b@group-6F7ADB4E949F: start as a follower, conf=-1: [c8b07204-1f01-416a-8b12-65edb182c14b:172.17.0.2:36541], old=null
2020-05-27 19:32:10,032 [Command processor thread] INFO  commandhandler.CreatePipelineCommandHandler (CreatePipelineCommandHandler.java:handle(109)) - Created Pipeline RATIS ONE #id: "1929558f-afe2-4b71-a1bc-4eb50fef8eb3"
.
2020-05-27 19:32:10,032 [Command processor thread] INFO  impl.RaftServerProxy (RaftServerProxy.java:addNew(89)) - f1f3a69c-d257-43b6-814a-48c5022c930f: addNew group-08DDE34C77D1:[f1f3a69c-d257-43b6-814a-48c5022c930f:172.17.0.2:43147, 98c33ea6-fb47-41c3-bd3d-1c17f3427380:172.17.0.2:32845, 0ab43432-34fe-4306-a50d-0ea23314de87:172.17.0.2:42819] returns group-08DDE34C77D1:java.util.concurrent.CompletableFuture@22431e4f[Not completed]
2020-05-27 19:32:10,033 [pool-179-thread-1] INFO  impl.RaftServerImpl (RaftServerImpl.java:setRole(173)) - c8b07204-1f01-416a-8b12-65edb182c14b@group-6F7ADB4E949F: changes role from      null to FOLLOWER at term 0 for startAsFollower
2020-05-27 19:32:10,033 [pool-179-thread-1] INFO  impl.RoleInfo (RoleInfo.java:updateAndGet(143)) - c8b07204-1f01-416a-8b12-65edb182c14b: start FollowerState
2020-05-27 19:32:10,036 [pool-131-thread-1] INFO  impl.RaftServerImpl (RaftServerImpl.java:<init>(98)) - f1f3a69c-d257-43b6-814a-48c5022c930f: new RaftServerImpl for group-08DDE34C77D1:[f1f3a69c-d257-43b6-814a-48c5022c930f:172.17.0.2:43147, 98c33ea6-fb47-41c3-bd3d-1c17f3427380:172.17.0.2:32845, 0ab43432-34fe-4306-a50d-0ea23314de87:172.17.0.2:42819] with ContainerStateMachine:uninitialized
2020-05-27 19:32:10,036 [pool-131-thread-1] INFO  server.RaftServerConfigKeys (ConfUtils.java:logGet(44)) - raft.server.rpc.timeout.min = 1s (custom)
2020-05-27 19:32:10,036 [pool-131-thread-1] INFO  server.RaftServerConfigKeys (ConfUtils.java:logGet(44)) - raft.server.rpc.timeout.max = 1200ms (custom)
2020-05-27 19:32:10,036 [pool-131-thread-1] INFO  server.RaftServerConfigKeys (ConfUtils.java:logGet(44)) - raft.server.rpcslowness.timeout = 300s (custom)
2020-05-27 19:32:10,036 [pool-131-thread-1] INFO  server.RaftServerConfigKeys (ConfUtils.java:logGet(44)) - raft.server.sleep.deviation.threshold = 300 (default)
2020-05-27 19:32:10,036 [pool-131-thread-1] INFO  server.RaftServerConfigKeys (ConfUtils.java:logGet(44)) - raft.server.log.appender.install.snapshot.enabled = false (custom)
2020-05-27 19:32:10,037 [pool-131-thread-1] INFO  impl.RaftServerImpl (ServerState.java:<init>(103)) - f1f3a69c-d257-43b6-814a-48c5022c930f@group-08DDE34C77D1: ConfigurationManager, init=-1: [f1f3a69c-d257-43b6-814a-48c5022c930f:172.17.0.2:43147, 98c33ea6-fb47-41c3-bd3d-1c17f3427380:172.17.0.2:32845, 0ab43432-34fe-4306-a50d-0ea23314de87:172.17.0.2:42819], old=null, confs=<EMPTY_MAP>
2020-05-27 19:32:10,037 [pool-131-thread-1] INFO  server.RaftServerConfigKeys (ConfUtils.java:logGet(44)) - raft.server.storage.dir = [/github/workspace/mnt/ozone/hadoop-ozone/integration-test/target/test-dir/MiniOzoneClusterImpl-f0010636-4b6e-4820-a6ed-9dd9125fe66b/datanode-6/data/ratis] (custom)
2020-05-27 19:32:10,037 [pool-131-thread-1] INFO  server.RaftServerConfigKeys (ConfUtils.java:logGet(44)) - raft.server.log.corruption.policy = EXCEPTION (default)
2020-05-27 19:32:10,037 [pool-131-thread-1] INFO  storage.RaftStorageDirectory (RaftStorageDirectory.java:analyzeStorage(261)) - The storage directory /github/workspace/mnt/ozone/hadoop-ozone/integration-test/target/test-dir/MiniOzoneClusterImpl-f0010636-4b6e-4820-a6ed-9dd9125fe66b/datanode-6/data/ratis/f4cf136f-dea7-4e47-9282-08dde34c77d1 does not exist. Creating ...
2020-05-27 19:32:10,031 [pool-147-thread-1] INFO  server.RaftServerConfigKeys (ConfUtils.java:logGet(44)) - raft.server.log.corruption.policy = EXCEPTION (default)
2020-05-27 19:32:10,036 [pool-179-thread-1] INFO  util.JmxRegister (JmxRegister.java:tryRegister(44)) - Successfully registered JMX Bean with object name Ratis:service=RaftServer,group=group-6F7ADB4E949F,id=c8b07204-1f01-416a-8b12-65edb182c14b
2020-05-27 19:32:10,038 [pool-179-thread-1] INFO  metrics.RatisMetrics (RatisMetrics.java:lambda$create$0(39)) - Creating Metrics Registry : ratis.state_machine.c8b07204-1f01-416a-8b12-65edb182c14b@group-6F7ADB4E949F
2020-05-27 19:32:10,038 [pool-147-thread-1] INFO  storage.RaftStorageDirectory (RaftStorageDirectory.java:analyzeStorage(261)) - The storage directory /github/workspace/mnt/ozone/hadoop-ozone/integration-test/target/test-dir/MiniOzoneClusterImpl-f0010636-4b6e-4820-a6ed-9dd9125fe66b/datanode-7/data/ratis/f4cf136f-dea7-4e47-9282-08dde34c77d1 does not exist. Creating ...
2020-05-27 19:32:10,039 [pool-131-thread-1] INFO  storage.RaftStorageDirectory (RaftStorageDirectory.java:tryLock(343)) - Lock on /github/workspace/mnt/ozone/hadoop-ozone/integration-test/target/test-dir/MiniOzoneClusterImpl-f0010636-4b6e-4820-a6ed-9dd9125fe66b/datanode-6/data/ratis/f4cf136f-dea7-4e47-9282-08dde34c77d1/in_use.lock acquired by nodename 10525@97d0c8b5f382
2020-05-27 19:32:10,040 [pool-147-thread-1] INFO  storage.RaftStorageDirectory (RaftStorageDirectory.java:tryLock(343)) - Lock on /github/workspace/mnt/ozone/hadoop-ozone/integration-test/target/test-dir/MiniOzoneClusterImpl-f0010636-4b6e-4820-a6ed-9dd9125fe66b/datanode-7/data/ratis/f4cf136f-dea7-4e47-9282-08dde34c77d1/in_use.lock acquired by nodename 10525@97d0c8b5f382
2020-05-27 19:32:10,040 [pool-131-thread-1] INFO  storage.RaftStorage (RaftStorage.java:format(84)) - Storage directory /github/workspace/mnt/ozone/hadoop-ozone/integration-test/target/test-dir/MiniOzoneClusterImpl-f0010636-4b6e-4820-a6ed-9dd9125fe66b/datanode-6/data/ratis/f4cf136f-dea7-4e47-9282-08dde34c77d1 has been successfully formatted.
2020-05-27 19:32:10,043 [Command processor thread] INFO  commandhandler.CreatePipelineCommandHandler (CreatePipelineCommandHandler.java:handle(109)) - Created Pipeline RATIS ONE #id: "3c0a9589-746f-44c5-b22a-6f7adb4e949f"
.
2020-05-27 19:32:10,044 [pool-131-thread-1] INFO  ratis.ContainerStateMachine (ContainerStateMachine.java:loadSnapshot(226)) - group-08DDE34C77D1: The snapshot info is null. Setting the last applied indexto:(t:0, i:~)
2020-05-27 19:32:10,044 [pool-131-thread-1] INFO  server.RaftServerConfigKeys (ConfUtils.java:logGet(44)) - raft.server.notification.no-leader.timeout = 60s (default)
2020-05-27 19:32:10,044 [pool-131-thread-1] INFO  server.RaftServerConfigKeys (ConfUtils.java:logGet(44)) - raft.server.log.use.memory = false (default)
2020-05-27 19:32:10,044 [pool-131-thread-1] INFO  server.RaftServerConfigKeys (ConfUtils.java:logGet(44)) - raft.server.log.purge.gap = 1000000 (custom)
2020-05-27 19:32:10,044 [pool-131-thread-1] INFO  server.RaftServerConfigKeys (ConfUtils.java:logGet(44)) - raft.server.log.appender.buffer.byte-limit = 33554432 (custom)
2020-05-27 19:32:10,045 [pool-131-thread-1] INFO  server.RaftServerConfigKeys (ConfUtils.java:logGet(44)) - raft.server.log.segment.size.max = 1048576 (custom)
2020-05-27 19:32:10,045 [pool-131-thread-1] INFO  server.RaftServerConfigKeys (ConfUtils.java:logGet(44)) - raft.server.log.segment.cache.num.max = 2 (custom)
2020-05-27 19:32:10,045 [pool-131-thread-1] INFO  segmented.SegmentedRaftLogWorker (SegmentedRaftLogWorker.java:<init>(176)) - new f1f3a69c-d257-43b6-814a-48c5022c930f@group-08DDE34C77D1-SegmentedRaftLogWorker for RaftStorage:Storage Directory /github/workspace/mnt/ozone/hadoop-ozone/integration-test/target/test-dir/MiniOzoneClusterImpl-f0010636-4b6e-4820-a6ed-9dd9125fe66b/datanode-6/data/ratis/f4cf136f-dea7-4e47-9282-08dde34c77d1
2020-05-27 19:32:10,045 [pool-131-thread-1] INFO  server.RaftServerConfigKeys (ConfUtils.java:logGet(44)) - raft.server.log.queue.byte-limit = 2147483647 (custom)
2020-05-27 19:32:10,045 [pool-131-thread-1] INFO  server.RaftServerConfigKeys (ConfUtils.java:logGet(44)) - raft.server.log.queue.element-limit = 1024 (custom)
2020-05-27 19:32:10,045 [pool-131-thread-1] INFO  server.RaftServerConfigKeys (ConfUtils.java:logGet(44)) - raft.server.log.segment.size.max = 1048576 (custom)
2020-05-27 19:32:10,045 [pool-131-thread-1] INFO  server.RaftServerConfigKeys (ConfUtils.java:logGet(44)) - raft.server.log.preallocated.size = 16384 (custom)
2020-05-27 19:32:10,045 [pool-131-thread-1] INFO  server.RaftServerConfigKeys (ConfUtils.java:logGet(44)) - raft.server.log.write.buffer.size = 1048576 (custom)
2020-05-27 19:32:10,045 [pool-131-thread-1] INFO  server.RaftServerConfigKeys (ConfUtils.java:logGet(44)) - raft.server.log.force.sync.num = 128 (default)
2020-05-27 19:32:10,046 [pool-131-thread-1] INFO  server.RaftServerConfigKeys (ConfUtils.java:logGet(44)) - raft.server.log.statemachine.data.sync = true (default)
2020-05-27 19:32:10,046 [pool-131-thread-1] INFO  server.RaftServerConfigKeys (ConfUtils.java:logGet(44)) - raft.server.log.statemachine.data.sync.timeout = 10s (default)
2020-05-27 19:32:10,046 [pool-131-thread-1] INFO  server.RaftServerConfigKeys (ConfUtils.java:logGet(44)) - raft.server.log.statemachine.data.sync.timeout.retry = -1 (default)
2020-05-27 19:32:10,046 [pool-131-thread-1] INFO  server.RaftServerConfigKeys (ConfUtils.java:logGet(44)) - raft.server.log.statemachine.data.caching.enabled = true (custom)
2020-05-27 19:32:10,046 [pool-131-thread-1] INFO  segmented.SegmentedRaftLogWorker (SegmentedRaftLogWorker.java:lambda$new$0(129)) - f1f3a69c-d257-43b6-814a-48c5022c930f@group-08DDE34C77D1-SegmentedRaftLogWorker: flushIndex: setUnconditionally 0 -> -1
2020-05-27 19:32:10,051 [pool-131-thread-1] INFO  server.RaftServerConfigKeys (ConfUtils.java:logGet(44)) - raft.server.snapshot.auto.trigger.enabled = true (custom)
2020-05-27 19:32:10,051 [pool-131-thread-1] INFO  server.RaftServerConfigKeys (ConfUtils.java:logGet(44)) - raft.server.snapshot.auto.trigger.threshold = 10000 (custom)
2020-05-27 19:32:10,051 [pool-131-thread-1] INFO  server.RaftServerConfigKeys (ConfUtils.java:logGet(44)) - raft.server.snapshot.retention.file.num = 5 (custom)
2020-05-27 19:32:10,051 [pool-131-thread-1] INFO  server.RaftServerConfigKeys (ConfUtils.java:logGet(44)) - raft.server.log.purge.upto.snapshot.index = false (default)
2020-05-27 19:32:10,051 [pool-131-thread-1] INFO  server.RaftServerConfigKeys (ConfUtils.java:logGet(44)) - raft.server.retrycache.expirytime = 600000ms (custom)
2020-05-27 19:32:10,051 [pool-131-thread-1] INFO  metrics.RatisMetrics (RatisMetrics.java:lambda$create$0(39)) - Creating Metrics Registry : ratis.leader_election.f1f3a69c-d257-43b6-814a-48c5022c930f@group-08DDE34C77D1
2020-05-27 19:32:10,052 [pool-131-thread-1] INFO  metrics.RatisMetrics (RatisMetrics.java:lambda$create$0(39)) - Creating Metrics Registry : ratis.server.f1f3a69c-d257-43b6-814a-48c5022c930f@group-08DDE34C77D1
2020-05-27 19:32:10,053 [pool-131-thread-1] INFO  impl.RaftServerImpl (RaftServerImpl.java:start(184)) - f1f3a69c-d257-43b6-814a-48c5022c930f@group-08DDE34C77D1: start as a follower, conf=-1: [f1f3a69c-d257-43b6-814a-48c5022c930f:172.17.0.2:43147, 98c33ea6-fb47-41c3-bd3d-1c17f3427380:172.17.0.2:32845, 0ab43432-34fe-4306-a50d-0ea23314de87:172.17.0.2:42819], old=null
2020-05-27 19:32:10,053 [pool-131-thread-1] INFO  impl.RaftServerImpl (RaftServerImpl.java:setRole(173)) - f1f3a69c-d257-43b6-814a-48c5022c930f@group-08DDE34C77D1: changes role from      null to FOLLOWER at term 0 for startAsFollower
2020-05-27 19:32:10,053 [pool-131-thread-1] INFO  impl.RoleInfo (RoleInfo.java:updateAndGet(143)) - f1f3a69c-d257-43b6-814a-48c5022c930f: start FollowerState
2020-05-27 19:32:10,054 [pool-147-thread-1] INFO  storage.RaftStorage (RaftStorage.java:format(84)) - Storage directory /github/workspace/mnt/ozone/hadoop-ozone/integration-test/target/test-dir/MiniOzoneClusterImpl-f0010636-4b6e-4820-a6ed-9dd9125fe66b/datanode-7/data/ratis/f4cf136f-dea7-4e47-9282-08dde34c77d1 has been successfully formatted.
2020-05-27 19:32:10,054 [pool-147-thread-1] INFO  ratis.ContainerStateMachine (ContainerStateMachine.java:loadSnapshot(226)) - group-08DDE34C77D1: The snapshot info is null. Setting the last applied indexto:(t:0, i:~)
2020-05-27 19:32:10,054 [pool-147-thread-1] INFO  server.RaftServerConfigKeys (ConfUtils.java:logGet(44)) - raft.server.notification.no-leader.timeout = 60s (default)
2020-05-27 19:32:10,054 [pool-147-thread-1] INFO  server.RaftServerConfigKeys (ConfUtils.java:logGet(44)) - raft.server.log.use.memory = false (default)
2020-05-27 19:32:10,054 [pool-147-thread-1] INFO  server.RaftServerConfigKeys (ConfUtils.java:logGet(44)) - raft.server.log.purge.gap = 1000000 (custom)
2020-05-27 19:32:10,054 [pool-147-thread-1] INFO  server.RaftServerConfigKeys (ConfUtils.java:logGet(44)) - raft.server.log.appender.buffer.byte-limit = 33554432 (custom)
2020-05-27 19:32:10,054 [pool-147-thread-1] INFO  server.RaftServerConfigKeys (ConfUtils.java:logGet(44)) - raft.server.log.segment.size.max = 1048576 (custom)
2020-05-27 19:32:10,054 [pool-147-thread-1] INFO  server.RaftServerConfigKeys (ConfUtils.java:logGet(44)) - raft.server.log.segment.cache.num.max = 2 (custom)
2020-05-27 19:32:10,055 [pool-147-thread-1] INFO  segmented.SegmentedRaftLogWorker (SegmentedRaftLogWorker.java:<init>(176)) - new 0ab43432-34fe-4306-a50d-0ea23314de87@group-08DDE34C77D1-SegmentedRaftLogWorker for RaftStorage:Storage Directory /github/workspace/mnt/ozone/hadoop-ozone/integration-test/target/test-dir/MiniOzoneClusterImpl-f0010636-4b6e-4820-a6ed-9dd9125fe66b/datanode-7/data/ratis/f4cf136f-dea7-4e47-9282-08dde34c77d1
2020-05-27 19:32:10,055 [pool-147-thread-1] INFO  server.RaftServerConfigKeys (ConfUtils.java:logGet(44)) - raft.server.log.queue.byte-limit = 2147483647 (custom)
2020-05-27 19:32:10,055 [pool-147-thread-1] INFO  server.RaftServerConfigKeys (ConfUtils.java:logGet(44)) - raft.server.log.queue.element-limit = 1024 (custom)
2020-05-27 19:32:10,055 [pool-147-thread-1] INFO  server.RaftServerConfigKeys (ConfUtils.java:logGet(44)) - raft.server.log.segment.size.max = 1048576 (custom)
2020-05-27 19:32:10,055 [pool-147-thread-1] INFO  server.RaftServerConfigKeys (ConfUtils.java:logGet(44)) - raft.server.log.preallocated.size = 16384 (custom)
2020-05-27 19:32:10,055 [pool-147-thread-1] INFO  server.RaftServerConfigKeys (ConfUtils.java:logGet(44)) - raft.server.log.write.buffer.size = 1048576 (custom)
2020-05-27 19:32:10,055 [pool-147-thread-1] INFO  server.RaftServerConfigKeys (ConfUtils.java:logGet(44)) - raft.server.log.force.sync.num = 128 (default)
2020-05-27 19:32:10,055 [pool-147-thread-1] INFO  server.RaftServerConfigKeys (ConfUtils.java:logGet(44)) - raft.server.log.statemachine.data.sync = true (default)
2020-05-27 19:32:10,055 [pool-147-thread-1] INFO  server.RaftServerConfigKeys (ConfUtils.java:logGet(44)) - raft.server.log.statemachine.data.sync.timeout = 10s (default)
2020-05-27 19:32:10,055 [pool-147-thread-1] INFO  server.RaftServerConfigKeys (ConfUtils.java:logGet(44)) - raft.server.log.statemachine.data.sync.timeout.retry = -1 (default)
2020-05-27 19:32:10,056 [pool-147-thread-1] INFO  server.RaftServerConfigKeys (ConfUtils.java:logGet(44)) - raft.server.log.statemachine.data.caching.enabled = true (custom)
2020-05-27 19:32:10,056 [pool-147-thread-1] INFO  segmented.SegmentedRaftLogWorker (SegmentedRaftLogWorker.java:lambda$new$0(129)) - 0ab43432-34fe-4306-a50d-0ea23314de87@group-08DDE34C77D1-SegmentedRaftLogWorker: flushIndex: setUnconditionally 0 -> -1
2020-05-27 19:32:10,058 [pool-131-thread-1] INFO  util.JmxRegister (JmxRegister.java:tryRegister(44)) - Successfully registered JMX Bean with object name Ratis:service=RaftServer,group=group-08DDE34C77D1,id=f1f3a69c-d257-43b6-814a-48c5022c930f
2020-05-27 19:32:10,058 [pool-131-thread-1] INFO  metrics.RatisMetrics (RatisMetrics.java:lambda$create$0(39)) - Creating Metrics Registry : ratis.state_machine.f1f3a69c-d257-43b6-814a-48c5022c930f@group-08DDE34C77D1
2020-05-27 19:32:10,062 [pool-147-thread-1] INFO  server.RaftServerConfigKeys (ConfUtils.java:logGet(44)) - raft.server.snapshot.auto.trigger.enabled = true (custom)
2020-05-27 19:32:10,062 [pool-147-thread-1] INFO  server.RaftServerConfigKeys (ConfUtils.java:logGet(44)) - raft.server.snapshot.auto.trigger.threshold = 10000 (custom)
2020-05-27 19:32:10,062 [pool-147-thread-1] INFO  server.RaftServerConfigKeys (ConfUtils.java:logGet(44)) - raft.server.snapshot.retention.file.num = 5 (custom)
2020-05-27 19:32:10,062 [pool-147-thread-1] INFO  server.RaftServerConfigKeys (ConfUtils.java:logGet(44)) - raft.server.log.purge.upto.snapshot.index = false (default)
2020-05-27 19:32:10,062 [pool-147-thread-1] INFO  server.RaftServerConfigKeys (ConfUtils.java:logGet(44)) - raft.server.retrycache.expirytime = 600000ms (custom)
2020-05-27 19:32:10,062 [pool-147-thread-1] INFO  metrics.RatisMetrics (RatisMetrics.java:lambda$create$0(39)) - Creating Metrics Registry : ratis.leader_election.0ab43432-34fe-4306-a50d-0ea23314de87@group-08DDE34C77D1
2020-05-27 19:32:10,063 [pool-147-thread-1] INFO  metrics.RatisMetrics (RatisMetrics.java:lambda$create$0(39)) - Creating Metrics Registry : ratis.server.0ab43432-34fe-4306-a50d-0ea23314de87@group-08DDE34C77D1
2020-05-27 19:32:10,064 [pool-147-thread-1] INFO  impl.RaftServerImpl (RaftServerImpl.java:start(184)) - 0ab43432-34fe-4306-a50d-0ea23314de87@group-08DDE34C77D1: start as a follower, conf=-1: [f1f3a69c-d257-43b6-814a-48c5022c930f:172.17.0.2:43147, 98c33ea6-fb47-41c3-bd3d-1c17f3427380:172.17.0.2:32845, 0ab43432-34fe-4306-a50d-0ea23314de87:172.17.0.2:42819], old=null
2020-05-27 19:32:10,064 [pool-147-thread-1] INFO  impl.RaftServerImpl (RaftServerImpl.java:setRole(173)) - 0ab43432-34fe-4306-a50d-0ea23314de87@group-08DDE34C77D1: changes role from      null to FOLLOWER at term 0 for startAsFollower
2020-05-27 19:32:10,064 [pool-147-thread-1] INFO  impl.RoleInfo (RoleInfo.java:updateAndGet(143)) - 0ab43432-34fe-4306-a50d-0ea23314de87: start FollowerState
2020-05-27 19:32:10,071 [pool-147-thread-1] INFO  util.JmxRegister (JmxRegister.java:tryRegister(44)) - Successfully registered JMX Bean with object name Ratis:service=RaftServer,group=group-08DDE34C77D1,id=0ab43432-34fe-4306-a50d-0ea23314de87
2020-05-27 19:32:10,071 [pool-147-thread-1] INFO  metrics.RatisMetrics (RatisMetrics.java:lambda$create$0(39)) - Creating Metrics Registry : ratis.state_machine.0ab43432-34fe-4306-a50d-0ea23314de87@group-08DDE34C77D1
2020-05-27 19:32:10,279 [Thread-271] INFO  impl.FollowerState (FollowerState.java:run(108)) - 8517f1c7-f3e1-454a-ad82-74e7a1dbb9de@group-7DD91C2E09DE-FollowerState: change to CANDIDATE, lastRpcTime:1025ms, electionTimeout:1018ms
2020-05-27 19:32:10,280 [Thread-271] INFO  impl.RoleInfo (RoleInfo.java:shutdownFollowerState(121)) - 8517f1c7-f3e1-454a-ad82-74e7a1dbb9de: shutdown FollowerState
2020-05-27 19:32:10,280 [Thread-271] INFO  impl.RaftServerImpl (RaftServerImpl.java:setRole(173)) - 8517f1c7-f3e1-454a-ad82-74e7a1dbb9de@group-7DD91C2E09DE: changes role from  FOLLOWER to CANDIDATE at term 0 for changeToCandidate
2020-05-27 19:32:10,285 [Thread-271] INFO  impl.RoleInfo (RoleInfo.java:updateAndGet(143)) - 8517f1c7-f3e1-454a-ad82-74e7a1dbb9de: start LeaderElection
2020-05-27 19:32:10,298 [Thread-269] INFO  impl.FollowerState (FollowerState.java:run(108)) - 7aed9675-d015-411c-894d-27da46c364a7@group-3FC468E53593-FollowerState: change to CANDIDATE, lastRpcTime:1104ms, electionTimeout:1081ms
2020-05-27 19:32:10,303 [Thread-269] INFO  impl.RoleInfo (RoleInfo.java:shutdownFollowerState(121)) - 7aed9675-d015-411c-894d-27da46c364a7: shutdown FollowerState
2020-05-27 19:32:10,303 [Thread-269] INFO  impl.RaftServerImpl (RaftServerImpl.java:setRole(173)) - 7aed9675-d015-411c-894d-27da46c364a7@group-3FC468E53593: changes role from  FOLLOWER to CANDIDATE at term 0 for changeToCandidate
2020-05-27 19:32:10,303 [Thread-269] INFO  impl.RoleInfo (RoleInfo.java:updateAndGet(143)) - 7aed9675-d015-411c-894d-27da46c364a7: start LeaderElection
2020-05-27 19:32:10,307 [8517f1c7-f3e1-454a-ad82-74e7a1dbb9de@group-7DD91C2E09DE-LeaderElection1] INFO  impl.LeaderElection (LeaderElection.java:askForVotes(206)) - 8517f1c7-f3e1-454a-ad82-74e7a1dbb9de@group-7DD91C2E09DE-LeaderElection1: begin an election at term 1 for -1: [8517f1c7-f3e1-454a-ad82-74e7a1dbb9de:172.17.0.2:39899], old=null
2020-05-27 19:32:10,308 [8517f1c7-f3e1-454a-ad82-74e7a1dbb9de@group-7DD91C2E09DE-LeaderElection1] INFO  impl.RoleInfo (RoleInfo.java:shutdownLeaderElection(134)) - 8517f1c7-f3e1-454a-ad82-74e7a1dbb9de: shutdown LeaderElection
2020-05-27 19:32:10,309 [8517f1c7-f3e1-454a-ad82-74e7a1dbb9de@group-7DD91C2E09DE-LeaderElection1] INFO  impl.RaftServerImpl (RaftServerImpl.java:setRole(173)) - 8517f1c7-f3e1-454a-ad82-74e7a1dbb9de@group-7DD91C2E09DE: changes role from CANDIDATE to LEADER at term 1 for changeToLeader
2020-05-27 19:32:10,309 [8517f1c7-f3e1-454a-ad82-74e7a1dbb9de@group-7DD91C2E09DE-LeaderElection1] INFO  ratis.XceiverServerRatis (XceiverServerRatis.java:handleLeaderChangedNotification(762)) - Leader change notification received for group: group-7DD91C2E09DE with new leaderId: 8517f1c7-f3e1-454a-ad82-74e7a1dbb9de
2020-05-27 19:32:10,309 [8517f1c7-f3e1-454a-ad82-74e7a1dbb9de@group-7DD91C2E09DE-LeaderElection1] INFO  impl.RaftServerImpl (ServerState.java:setLeader(255)) - 8517f1c7-f3e1-454a-ad82-74e7a1dbb9de@group-7DD91C2E09DE: change Leader from null to 8517f1c7-f3e1-454a-ad82-74e7a1dbb9de at term 1 for becomeLeader, leader elected after 1084ms
2020-05-27 19:32:10,324 [8517f1c7-f3e1-454a-ad82-74e7a1dbb9de@group-7DD91C2E09DE-LeaderElection1] INFO  server.RaftServerConfigKeys (ConfUtils.java:logGet(44)) - raft.server.staging.catchup.gap = 1000 (default)
2020-05-27 19:32:10,329 [8517f1c7-f3e1-454a-ad82-74e7a1dbb9de@group-7DD91C2E09DE-LeaderElection1] INFO  server.RaftServerConfigKeys (ConfUtils.java:logGet(44)) - raft.server.rpc.sleep.time = 25ms (default)
2020-05-27 19:32:10,329 [7aed9675-d015-411c-894d-27da46c364a7@group-3FC468E53593-LeaderElection2] INFO  impl.LeaderElection (LeaderElection.java:askForVotes(206)) - 7aed9675-d015-411c-894d-27da46c364a7@group-3FC468E53593-LeaderElection2: begin an election at term 1 for -1: [7aed9675-d015-411c-894d-27da46c364a7:172.17.0.2:39715], old=null
2020-05-27 19:32:10,333 [7aed9675-d015-411c-894d-27da46c364a7@group-3FC468E53593-LeaderElection2] INFO  impl.RoleInfo (RoleInfo.java:shutdownLeaderElection(134)) - 7aed9675-d015-411c-894d-27da46c364a7: shutdown LeaderElection
2020-05-27 19:32:10,333 [7aed9675-d015-411c-894d-27da46c364a7@group-3FC468E53593-LeaderElection2] INFO  impl.RaftServerImpl (RaftServerImpl.java:setRole(173)) - 7aed9675-d015-411c-894d-27da46c364a7@group-3FC468E53593: changes role from CANDIDATE to LEADER at term 1 for changeToLeader
2020-05-27 19:32:10,333 [7aed9675-d015-411c-894d-27da46c364a7@group-3FC468E53593-LeaderElection2] INFO  ratis.XceiverServerRatis (XceiverServerRatis.java:handleLeaderChangedNotification(762)) - Leader change notification received for group: group-3FC468E53593 with new leaderId: 7aed9675-d015-411c-894d-27da46c364a7
2020-05-27 19:32:10,333 [7aed9675-d015-411c-894d-27da46c364a7@group-3FC468E53593-LeaderElection2] INFO  impl.RaftServerImpl (ServerState.java:setLeader(255)) - 7aed9675-d015-411c-894d-27da46c364a7@group-3FC468E53593: change Leader from null to 7aed9675-d015-411c-894d-27da46c364a7 at term 1 for becomeLeader, leader elected after 1339ms
2020-05-27 19:32:10,334 [7aed9675-d015-411c-894d-27da46c364a7@group-3FC468E53593-LeaderElection2] INFO  server.RaftServerConfigKeys (ConfUtils.java:logGet(44)) - raft.server.staging.catchup.gap = 1000 (default)
2020-05-27 19:32:10,334 [7aed9675-d015-411c-894d-27da46c364a7@group-3FC468E53593-LeaderElection2] INFO  server.RaftServerConfigKeys (ConfUtils.java:logGet(44)) - raft.server.rpc.sleep.time = 25ms (default)
2020-05-27 19:32:10,347 [7aed9675-d015-411c-894d-27da46c364a7@group-3FC468E53593-LeaderElection2] INFO  metrics.RatisMetrics (RatisMetrics.java:lambda$create$0(39)) - Creating Metrics Registry : ratis.log_appender.7aed9675-d015-411c-894d-27da46c364a7@group-3FC468E53593
2020-05-27 19:32:10,348 [8517f1c7-f3e1-454a-ad82-74e7a1dbb9de@group-7DD91C2E09DE-LeaderElection1] INFO  metrics.RatisMetrics (RatisMetrics.java:lambda$create$0(39)) - Creating Metrics Registry : ratis.log_appender.8517f1c7-f3e1-454a-ad82-74e7a1dbb9de@group-7DD91C2E09DE
2020-05-27 19:32:10,354 [Command processor thread] INFO  commandhandler.CreatePipelineCommandHandler (CreatePipelineCommandHandler.java:handle(109)) - Created Pipeline RATIS THREE #id: "f4cf136f-dea7-4e47-9282-08dde34c77d1"
.
2020-05-27 19:32:10,358 [7aed9675-d015-411c-894d-27da46c364a7@group-3FC468E53593-LeaderElection2] INFO  server.RaftServerConfigKeys (ConfUtils.java:logGet(44)) - raft.server.write.element-limit = 1024 (custom)
2020-05-27 19:32:10,358 [7aed9675-d015-411c-894d-27da46c364a7@group-3FC468E53593-LeaderElection2] INFO  server.RaftServerConfigKeys (ConfUtils.java:logGet(44)) - raft.server.write.byte-limit = 1073741824 (custom)
2020-05-27 19:32:10,361 [8517f1c7-f3e1-454a-ad82-74e7a1dbb9de@group-7DD91C2E09DE-LeaderElection1] INFO  server.RaftServerConfigKeys (ConfUtils.java:logGet(44)) - raft.server.write.element-limit = 1024 (custom)
2020-05-27 19:32:10,361 [8517f1c7-f3e1-454a-ad82-74e7a1dbb9de@group-7DD91C2E09DE-LeaderElection1] INFO  server.RaftServerConfigKeys (ConfUtils.java:logGet(44)) - raft.server.write.byte-limit = 1073741824 (custom)
2020-05-27 19:32:10,373 [8517f1c7-f3e1-454a-ad82-74e7a1dbb9de@group-7DD91C2E09DE-LeaderElection1] INFO  server.RaftServerConfigKeys (ConfUtils.java:logGet(44)) - raft.server.watch.timeout = 3s (custom)
2020-05-27 19:32:10,373 [8517f1c7-f3e1-454a-ad82-74e7a1dbb9de@group-7DD91C2E09DE-LeaderElection1] INFO  server.RaftServerConfigKeys (ConfUtils.java:logGet(44)) - raft.server.watch.timeout.denomination = 1s (default)
2020-05-27 19:32:10,374 [8517f1c7-f3e1-454a-ad82-74e7a1dbb9de@group-7DD91C2E09DE-LeaderElection1] INFO  server.RaftServerConfigKeys (ConfUtils.java:logGet(44)) - raft.server.watch.element-limit = 65536 (default)
2020-05-27 19:32:10,374 [7aed9675-d015-411c-894d-27da46c364a7@group-3FC468E53593-LeaderElection2] INFO  server.RaftServerConfigKeys (ConfUtils.java:logGet(44)) - raft.server.watch.timeout = 3s (custom)
2020-05-27 19:32:10,377 [7aed9675-d015-411c-894d-27da46c364a7@group-3FC468E53593-LeaderElection2] INFO  server.RaftServerConfigKeys (ConfUtils.java:logGet(44)) - raft.server.watch.timeout.denomination = 1s (default)
2020-05-27 19:32:10,377 [7aed9675-d015-411c-894d-27da46c364a7@group-3FC468E53593-LeaderElection2] INFO  server.RaftServerConfigKeys (ConfUtils.java:logGet(44)) - raft.server.watch.element-limit = 65536 (default)
2020-05-27 19:32:10,382 [7aed9675-d015-411c-894d-27da46c364a7@group-3FC468E53593-LeaderElection2] INFO  impl.RoleInfo (RoleInfo.java:updateAndGet(143)) - 7aed9675-d015-411c-894d-27da46c364a7: start LeaderState
2020-05-27 19:32:10,383 [8517f1c7-f3e1-454a-ad82-74e7a1dbb9de@group-7DD91C2E09DE-LeaderElection1] INFO  impl.RoleInfo (RoleInfo.java:updateAndGet(143)) - 8517f1c7-f3e1-454a-ad82-74e7a1dbb9de: start LeaderState
2020-05-27 19:32:10,406 [Thread-274] INFO  impl.FollowerState (FollowerState.java:run(108)) - 7aed9675-d015-411c-894d-27da46c364a7@group-84E8A371D2C6-FollowerState: change to CANDIDATE, lastRpcTime:1077ms, electionTimeout:1073ms
2020-05-27 19:32:10,407 [Thread-274] INFO  impl.RoleInfo (RoleInfo.java:shutdownFollowerState(121)) - 7aed9675-d015-411c-894d-27da46c364a7: shutdown FollowerState
2020-05-27 19:32:10,407 [Thread-274] INFO  impl.RaftServerImpl (RaftServerImpl.java:setRole(173)) - 7aed9675-d015-411c-894d-27da46c364a7@group-84E8A371D2C6: changes role from  FOLLOWER to CANDIDATE at term 0 for changeToCandidate
2020-05-27 19:32:10,407 [Thread-274] INFO  impl.RoleInfo (RoleInfo.java:updateAndGet(143)) - 7aed9675-d015-411c-894d-27da46c364a7: start LeaderElection
2020-05-27 19:32:10,413 [Command processor thread] INFO  commandhandler.CreatePipelineCommandHandler (CreatePipelineCommandHandler.java:handle(109)) - Created Pipeline RATIS THREE #id: "f4cf136f-dea7-4e47-9282-08dde34c77d1"
.
2020-05-27 19:32:10,420 [Thread-277] INFO  impl.FollowerState (FollowerState.java:run(108)) - 43a73f06-de32-4f2e-9dfd-3dbd6ac88803@group-06A4D39D8215-FollowerState: change to CANDIDATE, lastRpcTime:1041ms, electionTimeout:1032ms
2020-05-27 19:32:10,420 [Thread-277] INFO  impl.RoleInfo (RoleInfo.java:shutdownFollowerState(121)) - 43a73f06-de32-4f2e-9dfd-3dbd6ac88803: shutdown FollowerState
2020-05-27 19:32:10,420 [Thread-277] INFO  impl.RaftServerImpl (RaftServerImpl.java:setRole(173)) - 43a73f06-de32-4f2e-9dfd-3dbd6ac88803@group-06A4D39D8215: changes role from  FOLLOWER to CANDIDATE at term 0 for changeToCandidate
2020-05-27 19:32:10,420 [Thread-277] INFO  impl.RoleInfo (RoleInfo.java:updateAndGet(143)) - 43a73f06-de32-4f2e-9dfd-3dbd6ac88803: start LeaderElection
2020-05-27 19:32:10,426 [Thread-275] INFO  impl.FollowerState (FollowerState.java:run(108)) - 8517f1c7-f3e1-454a-ad82-74e7a1dbb9de@group-84E8A371D2C6-FollowerState: change to CANDIDATE, lastRpcTime:1074ms, electionTimeout:1048ms
2020-05-27 19:32:10,426 [Thread-275] INFO  impl.RoleInfo (RoleInfo.java:shutdownFollowerState(121)) - 8517f1c7-f3e1-454a-ad82-74e7a1dbb9de: shutdown FollowerState
2020-05-27 19:32:10,426 [Thread-275] INFO  impl.RaftServerImpl (RaftServerImpl.java:setRole(173)) - 8517f1c7-f3e1-454a-ad82-74e7a1dbb9de@group-84E8A371D2C6: changes role from  FOLLOWER to CANDIDATE at term 0 for changeToCandidate
2020-05-27 19:32:10,426 [Thread-275] INFO  impl.RoleInfo (RoleInfo.java:updateAndGet(143)) - 8517f1c7-f3e1-454a-ad82-74e7a1dbb9de: start LeaderElection
2020-05-27 19:32:10,434 [7aed9675-d015-411c-894d-27da46c364a7@group-84E8A371D2C6-LeaderElection3] INFO  impl.LeaderElection (LeaderElection.java:askForVotes(206)) - 7aed9675-d015-411c-894d-27da46c364a7@group-84E8A371D2C6-LeaderElection3: begin an election at term 1 for -1: [7aed9675-d015-411c-894d-27da46c364a7:172.17.0.2:39715, ca2c986f-4912-4d51-86c7-28829081ffa0:172.17.0.2:37767, 8517f1c7-f3e1-454a-ad82-74e7a1dbb9de:172.17.0.2:39899], old=null
2020-05-27 19:32:10,451 [7aed9675-d015-411c-894d-27da46c364a7@group-3FC468E53593-LeaderElection2] INFO  segmented.SegmentedRaftLogWorker (SegmentedRaftLogWorker.java:startLogSegment(391)) - 7aed9675-d015-411c-894d-27da46c364a7@group-3FC468E53593-SegmentedRaftLogWorker: Starting segment from index:0
2020-05-27 19:32:10,451 [8517f1c7-f3e1-454a-ad82-74e7a1dbb9de@group-7DD91C2E09DE-LeaderElection1] INFO  segmented.SegmentedRaftLogWorker (SegmentedRaftLogWorker.java:startLogSegment(391)) - 8517f1c7-f3e1-454a-ad82-74e7a1dbb9de@group-7DD91C2E09DE-SegmentedRaftLogWorker: Starting segment from index:0
2020-05-27 19:32:10,463 [8517f1c7-f3e1-454a-ad82-74e7a1dbb9de@group-84E8A371D2C6-LeaderElection5] INFO  impl.LeaderElection (LeaderElection.java:askForVotes(206)) - 8517f1c7-f3e1-454a-ad82-74e7a1dbb9de@group-84E8A371D2C6-LeaderElection5: begin an election at term 1 for -1: [7aed9675-d015-411c-894d-27da46c364a7:172.17.0.2:39715, ca2c986f-4912-4d51-86c7-28829081ffa0:172.17.0.2:37767, 8517f1c7-f3e1-454a-ad82-74e7a1dbb9de:172.17.0.2:39899], old=null
2020-05-27 19:32:10,465 [43a73f06-de32-4f2e-9dfd-3dbd6ac88803@group-06A4D39D8215-LeaderElection4] INFO  impl.LeaderElection (LeaderElection.java:askForVotes(206)) - 43a73f06-de32-4f2e-9dfd-3dbd6ac88803@group-06A4D39D8215-LeaderElection4: begin an election at term 1 for -1: [43a73f06-de32-4f2e-9dfd-3dbd6ac88803:172.17.0.2:43883], old=null
2020-05-27 19:32:10,465 [43a73f06-de32-4f2e-9dfd-3dbd6ac88803@group-06A4D39D8215-LeaderElection4] INFO  impl.RoleInfo (RoleInfo.java:shutdownLeaderElection(134)) - 43a73f06-de32-4f2e-9dfd-3dbd6ac88803: shutdown LeaderElection
2020-05-27 19:32:10,465 [43a73f06-de32-4f2e-9dfd-3dbd6ac88803@group-06A4D39D8215-LeaderElection4] INFO  impl.RaftServerImpl (RaftServerImpl.java:setRole(173)) - 43a73f06-de32-4f2e-9dfd-3dbd6ac88803@group-06A4D39D8215: changes role from CANDIDATE to LEADER at term 1 for changeToLeader
2020-05-27 19:32:10,465 [43a73f06-de32-4f2e-9dfd-3dbd6ac88803@group-06A4D39D8215-LeaderElection4] INFO  ratis.XceiverServerRatis (XceiverServerRatis.java:handleLeaderChangedNotification(762)) - Leader change notification received for group: group-06A4D39D8215 with new leaderId: 43a73f06-de32-4f2e-9dfd-3dbd6ac88803
2020-05-27 19:32:10,466 [43a73f06-de32-4f2e-9dfd-3dbd6ac88803@group-06A4D39D8215-LeaderElection4] INFO  impl.RaftServerImpl (ServerState.java:setLeader(255)) - 43a73f06-de32-4f2e-9dfd-3dbd6ac88803@group-06A4D39D8215: change Leader from null to 43a73f06-de32-4f2e-9dfd-3dbd6ac88803 at term 1 for becomeLeader, leader elected after 1147ms
2020-05-27 19:32:10,466 [43a73f06-de32-4f2e-9dfd-3dbd6ac88803@group-06A4D39D8215-LeaderElection4] INFO  server.RaftServerConfigKeys (ConfUtils.java:logGet(44)) - raft.server.staging.catchup.gap = 1000 (default)
2020-05-27 19:32:10,466 [43a73f06-de32-4f2e-9dfd-3dbd6ac88803@group-06A4D39D8215-LeaderElection4] INFO  server.RaftServerConfigKeys (ConfUtils.java:logGet(44)) - raft.server.rpc.sleep.time = 25ms (default)
2020-05-27 19:32:10,466 [43a73f06-de32-4f2e-9dfd-3dbd6ac88803@group-06A4D39D8215-LeaderElection4] INFO  metrics.RatisMetrics (RatisMetrics.java:lambda$create$0(39)) - Creating Metrics Registry : ratis.log_appender.43a73f06-de32-4f2e-9dfd-3dbd6ac88803@group-06A4D39D8215
2020-05-27 19:32:10,466 [43a73f06-de32-4f2e-9dfd-3dbd6ac88803@group-06A4D39D8215-LeaderElection4] INFO  server.RaftServerConfigKeys (ConfUtils.java:logGet(44)) - raft.server.write.element-limit = 1024 (custom)
2020-05-27 19:32:10,466 [43a73f06-de32-4f2e-9dfd-3dbd6ac88803@group-06A4D39D8215-LeaderElection4] INFO  server.RaftServerConfigKeys (ConfUtils.java:logGet(44)) - raft.server.write.byte-limit = 1073741824 (custom)
2020-05-27 19:32:10,473 [43a73f06-de32-4f2e-9dfd-3dbd6ac88803@group-06A4D39D8215-LeaderElection4] INFO  server.RaftServerConfigKeys (ConfUtils.java:logGet(44)) - raft.server.watch.timeout = 3s (custom)
2020-05-27 19:32:10,473 [43a73f06-de32-4f2e-9dfd-3dbd6ac88803@group-06A4D39D8215-LeaderElection4] INFO  server.RaftServerConfigKeys (ConfUtils.java:logGet(44)) - raft.server.watch.timeout.denomination = 1s (default)
2020-05-27 19:32:10,473 [43a73f06-de32-4f2e-9dfd-3dbd6ac88803@group-06A4D39D8215-LeaderElection4] INFO  server.RaftServerConfigKeys (ConfUtils.java:logGet(44)) - raft.server.watch.element-limit = 65536 (default)
2020-05-27 19:32:10,474 [43a73f06-de32-4f2e-9dfd-3dbd6ac88803@group-06A4D39D8215-LeaderElection4] INFO  impl.RoleInfo (RoleInfo.java:updateAndGet(143)) - 43a73f06-de32-4f2e-9dfd-3dbd6ac88803: start LeaderState
2020-05-27 19:32:10,474 [43a73f06-de32-4f2e-9dfd-3dbd6ac88803@group-06A4D39D8215-LeaderElection4] INFO  segmented.SegmentedRaftLogWorker (SegmentedRaftLogWorker.java:startLogSegment(391)) - 43a73f06-de32-4f2e-9dfd-3dbd6ac88803@group-06A4D39D8215-SegmentedRaftLogWorker: Starting segment from index:0
2020-05-27 19:32:10,475 [8517f1c7-f3e1-454a-ad82-74e7a1dbb9de@group-7DD91C2E09DE-LeaderElection1] INFO  impl.RaftServerImpl (ServerState.java:setRaftConf(356)) - 8517f1c7-f3e1-454a-ad82-74e7a1dbb9de@group-7DD91C2E09DE: set configuration 0: [8517f1c7-f3e1-454a-ad82-74e7a1dbb9de:172.17.0.2:39899], old=null at 0
2020-05-27 19:32:10,476 [Command processor thread] INFO  commandhandler.CreatePipelineCommandHandler (CreatePipelineCommandHandler.java:handle(109)) - Created Pipeline RATIS THREE #id: "b243c757-4de3-4a1e-8241-edfbbf01c07b"
.
2020-05-27 19:32:10,491 [43a73f06-de32-4f2e-9dfd-3dbd6ac88803@group-06A4D39D8215-LeaderElection4] INFO  impl.RaftServerImpl (ServerState.java:setRaftConf(356)) - 43a73f06-de32-4f2e-9dfd-3dbd6ac88803@group-06A4D39D8215: set configuration 0: [43a73f06-de32-4f2e-9dfd-3dbd6ac88803:172.17.0.2:43883], old=null at 0
2020-05-27 19:32:10,494 [Command processor thread] INFO  commandhandler.CreatePipelineCommandHandler (CreatePipelineCommandHandler.java:handle(109)) - Created Pipeline RATIS THREE #id: "536519cf-b774-478c-afba-84e8a371d2c6"
.
2020-05-27 19:32:10,496 [7aed9675-d015-411c-894d-27da46c364a7@group-3FC468E53593-LeaderElection2] INFO  impl.RaftServerImpl (ServerState.java:setRaftConf(356)) - 7aed9675-d015-411c-894d-27da46c364a7@group-3FC468E53593: set configuration 0: [7aed9675-d015-411c-894d-27da46c364a7:172.17.0.2:39715], old=null at 0
2020-05-27 19:32:10,500 [Command processor thread] INFO  commandhandler.CreatePipelineCommandHandler (CreatePipelineCommandHandler.java:handle(109)) - Created Pipeline RATIS THREE #id: "536519cf-b774-478c-afba-84e8a371d2c6"
.
2020-05-27 19:32:10,500 [Command processor thread] INFO  commandhandler.CreatePipelineCommandHandler (CreatePipelineCommandHandler.java:handle(109)) - Created Pipeline RATIS THREE #id: "536519cf-b774-478c-afba-84e8a371d2c6"
.
2020-05-27 19:32:10,501 [Command processor thread] INFO  commandhandler.CreatePipelineCommandHandler (CreatePipelineCommandHandler.java:handle(109)) - Created Pipeline RATIS THREE #id: "f4cf136f-dea7-4e47-9282-08dde34c77d1"
.
2020-05-27 19:32:10,515 [grpc-default-executor-6] INFO  impl.RaftServerImpl (RaftServerImpl.java:setRole(173)) - ca2c986f-4912-4d51-86c7-28829081ffa0@group-84E8A371D2C6: changes role from  FOLLOWER to FOLLOWER at term 1 for recognizeCandidate:7aed9675-d015-411c-894d-27da46c364a7
2020-05-27 19:32:10,516 [grpc-default-executor-6] INFO  impl.RoleInfo (RoleInfo.java:shutdownFollowerState(121)) - ca2c986f-4912-4d51-86c7-28829081ffa0: shutdown FollowerState
2020-05-27 19:32:10,516 [grpc-default-executor-6] INFO  impl.RoleInfo (RoleInfo.java:updateAndGet(143)) - ca2c986f-4912-4d51-86c7-28829081ffa0: start FollowerState
2020-05-27 19:32:10,516 [Thread-283] INFO  impl.FollowerState (FollowerState.java:run(117)) - ca2c986f-4912-4d51-86c7-28829081ffa0@group-84E8A371D2C6-FollowerState was interrupted: java.lang.InterruptedException: sleep interrupted
2020-05-27 19:32:10,523 [Command processor thread] INFO  commandhandler.CreatePipelineCommandHandler (CreatePipelineCommandHandler.java:handle(109)) - Created Pipeline RATIS THREE #id: "b243c757-4de3-4a1e-8241-edfbbf01c07b"
.
2020-05-27 19:32:10,524 [Command processor thread] INFO  commandhandler.CreatePipelineCommandHandler (CreatePipelineCommandHandler.java:handle(109)) - Created Pipeline RATIS THREE #id: "b243c757-4de3-4a1e-8241-edfbbf01c07b"
.
2020-05-27 19:32:10,550 [8517f1c7-f3e1-454a-ad82-74e7a1dbb9de@group-84E8A371D2C6-LeaderElection5] INFO  impl.LeaderElection (LeaderElection.java:logAndReturn(61)) - 8517f1c7-f3e1-454a-ad82-74e7a1dbb9de@group-84E8A371D2C6-LeaderElection5: Election REJECTED; received 2 response(s) [8517f1c7-f3e1-454a-ad82-74e7a1dbb9de<-7aed9675-d015-411c-894d-27da46c364a7#0:FAIL-t1, 8517f1c7-f3e1-454a-ad82-74e7a1dbb9de<-ca2c986f-4912-4d51-86c7-28829081ffa0#0:FAIL-t1] and 0 exception(s); 8517f1c7-f3e1-454a-ad82-74e7a1dbb9de@group-84E8A371D2C6:t1, leader=null, voted=8517f1c7-f3e1-454a-ad82-74e7a1dbb9de, raftlog=8517f1c7-f3e1-454a-ad82-74e7a1dbb9de@group-84E8A371D2C6-SegmentedRaftLog:OPENED:c-1,f-1,i0, conf=-1: [7aed9675-d015-411c-894d-27da46c364a7:172.17.0.2:39715, ca2c986f-4912-4d51-86c7-28829081ffa0:172.17.0.2:37767, 8517f1c7-f3e1-454a-ad82-74e7a1dbb9de:172.17.0.2:39899], old=null
2020-05-27 19:32:10,551 [8517f1c7-f3e1-454a-ad82-74e7a1dbb9de@group-84E8A371D2C6-LeaderElection5] INFO  impl.RaftServerImpl (RaftServerImpl.java:setRole(173)) - 8517f1c7-f3e1-454a-ad82-74e7a1dbb9de@group-84E8A371D2C6: changes role from CANDIDATE to FOLLOWER at term 1 for DISCOVERED_A_NEW_TERM
2020-05-27 19:32:10,551 [8517f1c7-f3e1-454a-ad82-74e7a1dbb9de@group-84E8A371D2C6-LeaderElection5] INFO  impl.RoleInfo (RoleInfo.java:shutdownLeaderElection(134)) - 8517f1c7-f3e1-454a-ad82-74e7a1dbb9de: shutdown LeaderElection
2020-05-27 19:32:10,551 [8517f1c7-f3e1-454a-ad82-74e7a1dbb9de@group-84E8A371D2C6-LeaderElection5] INFO  impl.RoleInfo (RoleInfo.java:updateAndGet(143)) - 8517f1c7-f3e1-454a-ad82-74e7a1dbb9de: start FollowerState
2020-05-27 19:32:10,552 [7aed9675-d015-411c-894d-27da46c364a7@group-84E8A371D2C6-LeaderElection3] INFO  impl.LeaderElection (LeaderElection.java:logAndReturn(61)) - 7aed9675-d015-411c-894d-27da46c364a7@group-84E8A371D2C6-LeaderElection3: Election PASSED; received 2 response(s) [7aed9675-d015-411c-894d-27da46c364a7<-ca2c986f-4912-4d51-86c7-28829081ffa0#0:OK-t1, 7aed9675-d015-411c-894d-27da46c364a7<-8517f1c7-f3e1-454a-ad82-74e7a1dbb9de#0:FAIL-t1] and 0 exception(s); 7aed9675-d015-411c-894d-27da46c364a7@group-84E8A371D2C6:t1, leader=null, voted=7aed9675-d015-411c-894d-27da46c364a7, raftlog=7aed9675-d015-411c-894d-27da46c364a7@group-84E8A371D2C6-SegmentedRaftLog:OPENED:c-1,f-1,i0, conf=-1: [7aed9675-d015-411c-894d-27da46c364a7:172.17.0.2:39715, ca2c986f-4912-4d51-86c7-28829081ffa0:172.17.0.2:37767, 8517f1c7-f3e1-454a-ad82-74e7a1dbb9de:172.17.0.2:39899], old=null
2020-05-27 19:32:10,554 [7aed9675-d015-411c-894d-27da46c364a7@group-84E8A371D2C6-LeaderElection3] INFO  impl.RoleInfo (RoleInfo.java:shutdownLeaderElection(134)) - 7aed9675-d015-411c-894d-27da46c364a7: shutdown LeaderElection
2020-05-27 19:32:10,554 [7aed9675-d015-411c-894d-27da46c364a7@group-84E8A371D2C6-LeaderElection3] INFO  impl.RaftServerImpl (RaftServerImpl.java:setRole(173)) - 7aed9675-d015-411c-894d-27da46c364a7@group-84E8A371D2C6: changes role from CANDIDATE to LEADER at term 1 for changeToLeader
2020-05-27 19:32:10,554 [7aed9675-d015-411c-894d-27da46c364a7@group-84E8A371D2C6-LeaderElection3] INFO  ratis.XceiverServerRatis (XceiverServerRatis.java:handleLeaderChangedNotification(762)) - Leader change notification received for group: group-84E8A371D2C6 with new leaderId: 7aed9675-d015-411c-894d-27da46c364a7
2020-05-27 19:32:10,554 [7aed9675-d015-411c-894d-27da46c364a7@group-84E8A371D2C6-LeaderElection3] INFO  impl.RaftServerImpl (ServerState.java:setLeader(255)) - 7aed9675-d015-411c-894d-27da46c364a7@group-84E8A371D2C6: change Leader from null to 7aed9675-d015-411c-894d-27da46c364a7 at term 1 for becomeLeader, leader elected after 1253ms
2020-05-27 19:32:10,554 [7aed9675-d015-411c-894d-27da46c364a7@group-84E8A371D2C6-LeaderElection3] INFO  server.RaftServerConfigKeys (ConfUtils.java:logGet(44)) - raft.server.staging.catchup.gap = 1000 (default)
2020-05-27 19:32:10,554 [7aed9675-d015-411c-894d-27da46c364a7@group-84E8A371D2C6-LeaderElection3] INFO  server.RaftServerConfigKeys (ConfUtils.java:logGet(44)) - raft.server.rpc.sleep.time = 25ms (default)
2020-05-27 19:32:10,555 [7aed9675-d015-411c-894d-27da46c364a7@group-84E8A371D2C6-LeaderElection3] INFO  metrics.RatisMetrics (RatisMetrics.java:lambda$create$0(39)) - Creating Metrics Registry : ratis.log_appender.7aed9675-d015-411c-894d-27da46c364a7@group-84E8A371D2C6
2020-05-27 19:32:10,555 [7aed9675-d015-411c-894d-27da46c364a7@group-84E8A371D2C6-LeaderElection3] INFO  server.RaftServerConfigKeys (ConfUtils.java:logGet(44)) - raft.server.write.element-limit = 1024 (custom)
2020-05-27 19:32:10,555 [7aed9675-d015-411c-894d-27da46c364a7@group-84E8A371D2C6-LeaderElection3] INFO  server.RaftServerConfigKeys (ConfUtils.java:logGet(44)) - raft.server.write.byte-limit = 1073741824 (custom)
2020-05-27 19:32:10,556 [7aed9675-d015-411c-894d-27da46c364a7@group-84E8A371D2C6-LeaderElection3] INFO  server.RaftServerConfigKeys (ConfUtils.java:logGet(44)) - raft.server.watch.timeout = 3s (custom)
2020-05-27 19:32:10,556 [7aed9675-d015-411c-894d-27da46c364a7@group-84E8A371D2C6-LeaderElection3] INFO  server.RaftServerConfigKeys (ConfUtils.java:logGet(44)) - raft.server.watch.timeout.denomination = 1s (default)
2020-05-27 19:32:10,556 [7aed9675-d015-411c-894d-27da46c364a7@group-84E8A371D2C6-LeaderElection3] INFO  server.RaftServerConfigKeys (ConfUtils.java:logGet(44)) - raft.server.watch.element-limit = 65536 (default)
2020-05-27 19:32:10,557 [EventQueue-PipelineReportForPipelineReportHandler] INFO  pipeline.PipelineStateManager (PipelineStateManager.java:openPipeline(131)) - Pipeline Pipeline[ Id: 536519cf-b774-478c-afba-84e8a371d2c6, Nodes: 7aed9675-d015-411c-894d-27da46c364a7{ip: 172.17.0.2, host: 97d0c8b5f382, networkLocation: /rack1, certSerialId: null}ca2c986f-4912-4d51-86c7-28829081ffa0{ip: 172.17.0.2, host: 97d0c8b5f382, networkLocation: /rack1, certSerialId: null}8517f1c7-f3e1-454a-ad82-74e7a1dbb9de{ip: 172.17.0.2, host: 97d0c8b5f382, networkLocation: /rack1, certSerialId: null}, Type:RATIS, Factor:THREE, State:ALLOCATED, leaderId:7aed9675-d015-411c-894d-27da46c364a7, CreationTimestamp2020-05-27T19:32:06.172Z] moved to OPEN state
2020-05-27 19:32:10,558 [Thread-279] INFO  impl.FollowerState (FollowerState.java:run(108)) - ca2c986f-4912-4d51-86c7-28829081ffa0@group-CA1C0F714B29-FollowerState: change to CANDIDATE, lastRpcTime:1158ms, electionTimeout:1149ms
2020-05-27 19:32:10,560 [EventQueue-OpenPipelineForOneReplicaPipelineSafeModeRule] INFO  safemode.SCMSafeModeManager (SCMSafeModeManager.java:validateSafeModeExitRules(213)) - AtleastOneDatanodeReportedRule rule is successfully validated
2020-05-27 19:32:10,557 [Thread-287] INFO  impl.FollowerState (FollowerState.java:run(108)) - 7d59b1d8-9c1a-4986-8068-ccaafcba6925@group-EDFBBF01C07B-FollowerState: change to CANDIDATE, lastRpcTime:1044ms, electionTimeout:1039ms
2020-05-27 19:32:10,564 [Thread-287] INFO  impl.RoleInfo (RoleInfo.java:shutdownFollowerState(121)) - 7d59b1d8-9c1a-4986-8068-ccaafcba6925: shutdown FollowerState
2020-05-27 19:32:10,564 [Thread-287] INFO  impl.RaftServerImpl (RaftServerImpl.java:setRole(173)) - 7d59b1d8-9c1a-4986-8068-ccaafcba6925@group-EDFBBF01C07B: changes role from  FOLLOWER to CANDIDATE at term 0 for changeToCandidate
2020-05-27 19:32:10,564 [Thread-287] INFO  impl.RoleInfo (RoleInfo.java:updateAndGet(143)) - 7d59b1d8-9c1a-4986-8068-ccaafcba6925: start LeaderElection
2020-05-27 19:32:10,561 [Thread-279] INFO  impl.RoleInfo (RoleInfo.java:shutdownFollowerState(121)) - ca2c986f-4912-4d51-86c7-28829081ffa0: shutdown FollowerState
2020-05-27 19:32:10,561 [EventQueue-OpenPipelineForHealthyPipelineSafeModeRule] INFO  safemode.SCMSafeModeManager (HealthyPipelineSafeModeRule.java:process(132)) - SCM in safe mode. Healthy pipelines reported count is 1, required healthy pipeline reported count is 1
2020-05-27 19:32:10,564 [EventQueue-OpenPipelineForHealthyPipelineSafeModeRule] INFO  safemode.SCMSafeModeManager (SCMSafeModeManager.java:validateSafeModeExitRules(213)) - HealthyPipelineSafeModeRule rule is successfully validated
2020-05-27 19:32:10,564 [EventQueue-OpenPipelineForHealthyPipelineSafeModeRule] INFO  safemode.SCMSafeModeManager (SCMSafeModeManager.java:validateSafeModeExitRules(227)) - ScmSafeModeManager, all rules are successfully validated
2020-05-27 19:32:10,564 [Thread-279] INFO  impl.RaftServerImpl (RaftServerImpl.java:setRole(173)) - ca2c986f-4912-4d51-86c7-28829081ffa0@group-CA1C0F714B29: changes role from  FOLLOWER to CANDIDATE at term 0 for changeToCandidate
2020-05-27 19:32:10,564 [EventQueue-OpenPipelineForHealthyPipelineSafeModeRule] INFO  safemode.SCMSafeModeManager (SCMSafeModeManager.java:exitSafeMode(256)) - SCM exiting safe mode.
2020-05-27 19:32:10,568 [Thread-289] INFO  impl.FollowerState (FollowerState.java:run(108)) - f8fa1989-8a4e-41f2-9266-8404362eecef@group-004F80CFAD86-FollowerState: change to CANDIDATE, lastRpcTime:1036ms, electionTimeout:1014ms
2020-05-27 19:32:10,568 [Thread-289] INFO  impl.RoleInfo (RoleInfo.java:shutdownFollowerState(121)) - f8fa1989-8a4e-41f2-9266-8404362eecef: shutdown FollowerState
2020-05-27 19:32:10,568 [Thread-289] INFO  impl.RaftServerImpl (RaftServerImpl.java:setRole(173)) - f8fa1989-8a4e-41f2-9266-8404362eecef@group-004F80CFAD86: changes role from  FOLLOWER to CANDIDATE at term 0 for changeToCandidate
2020-05-27 19:32:10,568 [Thread-289] INFO  impl.RoleInfo (RoleInfo.java:updateAndGet(143)) - f8fa1989-8a4e-41f2-9266-8404362eecef: start LeaderElection
2020-05-27 19:32:10,574 [Thread-279] INFO  impl.RoleInfo (RoleInfo.java:updateAndGet(143)) - ca2c986f-4912-4d51-86c7-28829081ffa0: start LeaderElection
2020-05-27 19:32:10,574 [Thread-282] INFO  impl.FollowerState (FollowerState.java:run(108)) - 43a73f06-de32-4f2e-9dfd-3dbd6ac88803@group-EDFBBF01C07B-FollowerState: change to CANDIDATE, lastRpcTime:1126ms, electionTimeout:1106ms
2020-05-27 19:32:10,575 [7aed9675-d015-411c-894d-27da46c364a7@group-84E8A371D2C6-LeaderElection3] INFO  server.RaftServerConfigKeys (ConfUtils.java:logGet(44)) - raft.server.log.appender.snapshot.chunk.size.max = 16MB (=16777216) (default)
2020-05-27 19:32:10,575 [7aed9675-d015-411c-894d-27da46c364a7@group-84E8A371D2C6-LeaderElection3] INFO  server.RaftServerConfigKeys (ConfUtils.java:logGet(44)) - raft.server.log.appender.buffer.byte-limit = 33554432 (custom)
2020-05-27 19:32:10,575 [7aed9675-d015-411c-894d-27da46c364a7@group-84E8A371D2C6-LeaderElection3] INFO  server.RaftServerConfigKeys (ConfUtils.java:logGet(44)) - raft.server.log.appender.buffer.element-limit = 1 (custom)
2020-05-27 19:32:10,579 [Thread-282] INFO  impl.RoleInfo (RoleInfo.java:shutdownFollowerState(121)) - 43a73f06-de32-4f2e-9dfd-3dbd6ac88803: shutdown FollowerState
2020-05-27 19:32:10,579 [Thread-282] INFO  impl.RaftServerImpl (RaftServerImpl.java:setRole(173)) - 43a73f06-de32-4f2e-9dfd-3dbd6ac88803@group-EDFBBF01C07B: changes role from  FOLLOWER to CANDIDATE at term 0 for changeToCandidate
2020-05-27 19:32:10,579 [Thread-282] INFO  impl.RoleInfo (RoleInfo.java:updateAndGet(143)) - 43a73f06-de32-4f2e-9dfd-3dbd6ac88803: start LeaderElection
2020-05-27 19:32:10,581 [7d59b1d8-9c1a-4986-8068-ccaafcba6925@group-EDFBBF01C07B-LeaderElection6] INFO  impl.LeaderElection (LeaderElection.java:askForVotes(206)) - 7d59b1d8-9c1a-4986-8068-ccaafcba6925@group-EDFBBF01C07B-LeaderElection6: begin an election at term 1 for -1: [43a73f06-de32-4f2e-9dfd-3dbd6ac88803:172.17.0.2:43883, f8fa1989-8a4e-41f2-9266-8404362eecef:172.17.0.2:34811, 7d59b1d8-9c1a-4986-8068-ccaafcba6925:172.17.0.2:37367], old=null
2020-05-27 19:32:10,578 [7aed9675-d015-411c-894d-27da46c364a7@group-84E8A371D2C6-LeaderElection3] INFO  grpc.GrpcConfigKeys (ConfUtils.java:logGet(44)) - raft.grpc.server.leader.outstanding.appends.max = 128 (default)
2020-05-27 19:32:10,592 [7aed9675-d015-411c-894d-27da46c364a7@group-84E8A371D2C6-LeaderElection3] INFO  server.RaftServerConfigKeys (ConfUtils.java:logGet(44)) - raft.server.rpc.request.timeout = 3s (default)
2020-05-27 19:32:10,592 [7aed9675-d015-411c-894d-27da46c364a7@group-84E8A371D2C6-LeaderElection3] INFO  server.RaftServerConfigKeys (ConfUtils.java:logGet(44)) - raft.server.log.appender.install.snapshot.enabled = false (custom)
2020-05-27 19:32:10,600 [7aed9675-d015-411c-894d-27da46c364a7@group-84E8A371D2C6-LeaderElection3] INFO  server.RaftServerConfigKeys (ConfUtils.java:logGet(44)) - raft.server.log.appender.snapshot.chunk.size.max = 16MB (=16777216) (default)
2020-05-27 19:32:10,602 [7aed9675-d015-411c-894d-27da46c364a7@group-84E8A371D2C6-LeaderElection3] INFO  server.RaftServerConfigKeys (ConfUtils.java:logGet(44)) - raft.server.log.appender.buffer.byte-limit = 33554432 (custom)
2020-05-27 19:32:10,603 [grpc-default-executor-6] INFO  impl.RaftServerImpl (RaftServerImpl.java:setRole(173)) - 43a73f06-de32-4f2e-9dfd-3dbd6ac88803@group-EDFBBF01C07B: changes role from CANDIDATE to FOLLOWER at term 1 for recognizeCandidate:7d59b1d8-9c1a-4986-8068-ccaafcba6925
2020-05-27 19:32:10,603 [grpc-default-executor-6] INFO  impl.RoleInfo (RoleInfo.java:shutdownLeaderElection(134)) - 43a73f06-de32-4f2e-9dfd-3dbd6ac88803: shutdown LeaderElection
2020-05-27 19:32:10,604 [grpc-default-executor-6] INFO  impl.RoleInfo (RoleInfo.java:updateAndGet(143)) - 43a73f06-de32-4f2e-9dfd-3dbd6ac88803: start FollowerState
2020-05-27 19:32:10,606 [7aed9675-d015-411c-894d-27da46c364a7@group-84E8A371D2C6-LeaderElection3] INFO  server.RaftServerConfigKeys (ConfUtils.java:logGet(44)) - raft.server.log.appender.buffer.element-limit = 1 (custom)
2020-05-27 19:32:10,606 [f8fa1989-8a4e-41f2-9266-8404362eecef@group-004F80CFAD86-LeaderElection8] INFO  impl.LeaderElection (LeaderElection.java:askForVotes(206)) - f8fa1989-8a4e-41f2-9266-8404362eecef@group-004F80CFAD86-LeaderElection8: begin an election at term 1 for -1: [f8fa1989-8a4e-41f2-9266-8404362eecef:172.17.0.2:34811], old=null
2020-05-27 19:32:10,606 [f8fa1989-8a4e-41f2-9266-8404362eecef@group-004F80CFAD86-LeaderElection8] INFO  impl.RoleInfo (RoleInfo.java:shutdownLeaderElection(134)) - f8fa1989-8a4e-41f2-9266-8404362eecef: shutdown LeaderElection
2020-05-27 19:32:10,606 [f8fa1989-8a4e-41f2-9266-8404362eecef@group-004F80CFAD86-LeaderElection8] INFO  impl.RaftServerImpl (RaftServerImpl.java:setRole(173)) - f8fa1989-8a4e-41f2-9266-8404362eecef@group-004F80CFAD86: changes role from CANDIDATE to LEADER at term 1 for changeToLeader
2020-05-27 19:32:10,606 [f8fa1989-8a4e-41f2-9266-8404362eecef@group-004F80CFAD86-LeaderElection8] INFO  ratis.XceiverServerRatis (XceiverServerRatis.java:handleLeaderChangedNotification(762)) - Leader change notification received for group: group-004F80CFAD86 with new leaderId: f8fa1989-8a4e-41f2-9266-8404362eecef
2020-05-27 19:32:10,607 [ca2c986f-4912-4d51-86c7-28829081ffa0@group-CA1C0F714B29-LeaderElection7] INFO  impl.LeaderElection (LeaderElection.java:askForVotes(206)) - ca2c986f-4912-4d51-86c7-28829081ffa0@group-CA1C0F714B29-LeaderElection7: begin an election at term 1 for -1: [ca2c986f-4912-4d51-86c7-28829081ffa0:172.17.0.2:37767], old=null
2020-05-27 19:32:10,607 [ca2c986f-4912-4d51-86c7-28829081ffa0@group-CA1C0F714B29-LeaderElection7] INFO  impl.RoleInfo (RoleInfo.java:shutdownLeaderElection(134)) - ca2c986f-4912-4d51-86c7-28829081ffa0: shutdown LeaderElection
2020-05-27 19:32:10,607 [ca2c986f-4912-4d51-86c7-28829081ffa0@group-CA1C0F714B29-LeaderElection7] INFO  impl.RaftServerImpl (RaftServerImpl.java:setRole(173)) - ca2c986f-4912-4d51-86c7-28829081ffa0@group-CA1C0F714B29: changes role from CANDIDATE to LEADER at term 1 for changeToLeader
2020-05-27 19:32:10,607 [ca2c986f-4912-4d51-86c7-28829081ffa0@group-CA1C0F714B29-LeaderElection7] INFO  ratis.XceiverServerRatis (XceiverServerRatis.java:handleLeaderChangedNotification(762)) - Leader change notification received for group: group-CA1C0F714B29 with new leaderId: ca2c986f-4912-4d51-86c7-28829081ffa0
2020-05-27 19:32:10,617 [ca2c986f-4912-4d51-86c7-28829081ffa0@group-CA1C0F714B29-LeaderElection7] INFO  impl.RaftServerImpl (ServerState.java:setLeader(255)) - ca2c986f-4912-4d51-86c7-28829081ffa0@group-CA1C0F714B29: change Leader from null to ca2c986f-4912-4d51-86c7-28829081ffa0 at term 1 for becomeLeader, leader elected after 1287ms
2020-05-27 19:32:10,617 [ca2c986f-4912-4d51-86c7-28829081ffa0@group-CA1C0F714B29-LeaderElection7] INFO  server.RaftServerConfigKeys (ConfUtils.java:logGet(44)) - raft.server.staging.catchup.gap = 1000 (default)
2020-05-27 19:32:10,617 [ca2c986f-4912-4d51-86c7-28829081ffa0@group-CA1C0F714B29-LeaderElection7] INFO  server.RaftServerConfigKeys (ConfUtils.java:logGet(44)) - raft.server.rpc.sleep.time = 25ms (default)
2020-05-27 19:32:10,618 [ca2c986f-4912-4d51-86c7-28829081ffa0@group-CA1C0F714B29-LeaderElection7] INFO  metrics.RatisMetrics (RatisMetrics.java:lambda$create$0(39)) - Creating Metrics Registry : ratis.log_appender.ca2c986f-4912-4d51-86c7-28829081ffa0@group-CA1C0F714B29
2020-05-27 19:32:10,618 [ca2c986f-4912-4d51-86c7-28829081ffa0@group-CA1C0F714B29-LeaderElection7] INFO  server.RaftServerConfigKeys (ConfUtils.java:logGet(44)) - raft.server.write.element-limit = 1024 (custom)
2020-05-27 19:32:10,618 [ca2c986f-4912-4d51-86c7-28829081ffa0@group-CA1C0F714B29-LeaderElection7] INFO  server.RaftServerConfigKeys (ConfUtils.java:logGet(44)) - raft.server.write.byte-limit = 1073741824 (custom)
2020-05-27 19:32:10,618 [ca2c986f-4912-4d51-86c7-28829081ffa0@group-CA1C0F714B29-LeaderElection7] INFO  server.RaftServerConfigKeys (ConfUtils.java:logGet(44)) - raft.server.watch.timeout = 3s (custom)
2020-05-27 19:32:10,618 [ca2c986f-4912-4d51-86c7-28829081ffa0@group-CA1C0F714B29-LeaderElection7] INFO  server.RaftServerConfigKeys (ConfUtils.java:logGet(44)) - raft.server.watch.timeout.denomination = 1s (default)
2020-05-27 19:32:10,618 [ca2c986f-4912-4d51-86c7-28829081ffa0@group-CA1C0F714B29-LeaderElection7] INFO  server.RaftServerConfigKeys (ConfUtils.java:logGet(44)) - raft.server.watch.element-limit = 65536 (default)
2020-05-27 19:32:10,619 [ca2c986f-4912-4d51-86c7-28829081ffa0@group-CA1C0F714B29-LeaderElection7] INFO  impl.RoleInfo (RoleInfo.java:updateAndGet(143)) - ca2c986f-4912-4d51-86c7-28829081ffa0: start LeaderState
2020-05-27 19:32:10,619 [ca2c986f-4912-4d51-86c7-28829081ffa0@group-CA1C0F714B29-LeaderElection7] INFO  segmented.SegmentedRaftLogWorker (SegmentedRaftLogWorker.java:startLogSegment(391)) - ca2c986f-4912-4d51-86c7-28829081ffa0@group-CA1C0F714B29-SegmentedRaftLogWorker: Starting segment from index:0
2020-05-27 19:32:10,623 [ca2c986f-4912-4d51-86c7-28829081ffa0@group-CA1C0F714B29-LeaderElection7] INFO  impl.RaftServerImpl (ServerState.java:setRaftConf(356)) - ca2c986f-4912-4d51-86c7-28829081ffa0@group-CA1C0F714B29: set configuration 0: [ca2c986f-4912-4d51-86c7-28829081ffa0:172.17.0.2:37767], old=null at 0
2020-05-27 19:32:10,623 [f8fa1989-8a4e-41f2-9266-8404362eecef@group-004F80CFAD86-LeaderElection8] INFO  impl.RaftServerImpl (ServerState.java:setLeader(255)) - f8fa1989-8a4e-41f2-9266-8404362eecef@group-004F80CFAD86: change Leader from null to f8fa1989-8a4e-41f2-9266-8404362eecef at term 1 for becomeLeader, leader elected after 1097ms
2020-05-27 19:32:10,623 [f8fa1989-8a4e-41f2-9266-8404362eecef@group-004F80CFAD86-LeaderElection8] INFO  server.RaftServerConfigKeys (ConfUtils.java:logGet(44)) - raft.server.staging.catchup.gap = 1000 (default)
2020-05-27 19:32:10,623 [f8fa1989-8a4e-41f2-9266-8404362eecef@group-004F80CFAD86-LeaderElection8] INFO  server.RaftServerConfigKeys (ConfUtils.java:logGet(44)) - raft.server.rpc.sleep.time = 25ms (default)
2020-05-27 19:32:10,624 [43a73f06-de32-4f2e-9dfd-3dbd6ac88803@group-EDFBBF01C07B-LeaderElection9] INFO  impl.LeaderElection (LeaderElection.java:askForVotes(206)) - 43a73f06-de32-4f2e-9dfd-3dbd6ac88803@group-EDFBBF01C07B-LeaderElection9: begin an election at term 2 for -1: [43a73f06-de32-4f2e-9dfd-3dbd6ac88803:172.17.0.2:43883, f8fa1989-8a4e-41f2-9266-8404362eecef:172.17.0.2:34811, 7d59b1d8-9c1a-4986-8068-ccaafcba6925:172.17.0.2:37367], old=null
2020-05-27 19:32:10,624 [7aed9675-d015-411c-894d-27da46c364a7@group-84E8A371D2C6-LeaderElection3] INFO  grpc.GrpcConfigKeys (ConfUtils.java:logGet(44)) - raft.grpc.server.leader.outstanding.appends.max = 128 (default)
2020-05-27 19:32:10,624 [7aed9675-d015-411c-894d-27da46c364a7@group-84E8A371D2C6-LeaderElection3] INFO  server.RaftServerConfigKeys (ConfUtils.java:logGet(44)) - raft.server.rpc.request.timeout = 3s (default)
2020-05-27 19:32:10,624 [7aed9675-d015-411c-894d-27da46c364a7@group-84E8A371D2C6-LeaderElection3] INFO  server.RaftServerConfigKeys (ConfUtils.java:logGet(44)) - raft.server.log.appender.install.snapshot.enabled = false (custom)
2020-05-27 19:32:10,626 [7aed9675-d015-411c-894d-27da46c364a7@group-84E8A371D2C6-LeaderElection3] INFO  impl.RoleInfo (RoleInfo.java:updateAndGet(143)) - 7aed9675-d015-411c-894d-27da46c364a7: start LeaderState
2020-05-27 19:32:10,626 [7aed9675-d015-411c-894d-27da46c364a7@group-84E8A371D2C6-LeaderElection3] INFO  segmented.SegmentedRaftLogWorker (SegmentedRaftLogWorker.java:startLogSegment(391)) - 7aed9675-d015-411c-894d-27da46c364a7@group-84E8A371D2C6-SegmentedRaftLogWorker: Starting segment from index:0
2020-05-27 19:32:10,644 [7aed9675-d015-411c-894d-27da46c364a7@group-84E8A371D2C6-LeaderElection3] INFO  impl.RaftServerImpl (ServerState.java:setRaftConf(356)) - 7aed9675-d015-411c-894d-27da46c364a7@group-84E8A371D2C6: set configuration 0: [7aed9675-d015-411c-894d-27da46c364a7:172.17.0.2:39715, ca2c986f-4912-4d51-86c7-28829081ffa0:172.17.0.2:37767, 8517f1c7-f3e1-454a-ad82-74e7a1dbb9de:172.17.0.2:39899], old=null at 0
2020-05-27 19:32:10,646 [f8fa1989-8a4e-41f2-9266-8404362eecef@group-004F80CFAD86-LeaderElection8] INFO  metrics.RatisMetrics (RatisMetrics.java:lambda$create$0(39)) - Creating Metrics Registry : ratis.log_appender.f8fa1989-8a4e-41f2-9266-8404362eecef@group-004F80CFAD86
2020-05-27 19:32:10,646 [f8fa1989-8a4e-41f2-9266-8404362eecef@group-004F80CFAD86-LeaderElection8] INFO  server.RaftServerConfigKeys (ConfUtils.java:logGet(44)) - raft.server.write.element-limit = 1024 (custom)
2020-05-27 19:32:10,646 [f8fa1989-8a4e-41f2-9266-8404362eecef@group-004F80CFAD86-LeaderElection8] INFO  server.RaftServerConfigKeys (ConfUtils.java:logGet(44)) - raft.server.write.byte-limit = 1073741824 (custom)
2020-05-27 19:32:10,646 [grpc-default-executor-0] INFO  impl.RaftServerImpl (RaftServerImpl.java:setRole(173)) - f8fa1989-8a4e-41f2-9266-8404362eecef@group-EDFBBF01C07B: changes role from  FOLLOWER to FOLLOWER at term 1 for recognizeCandidate:7d59b1d8-9c1a-4986-8068-ccaafcba6925
2020-05-27 19:32:10,646 [grpc-default-executor-0] INFO  impl.RoleInfo (RoleInfo.java:shutdownFollowerState(121)) - f8fa1989-8a4e-41f2-9266-8404362eecef: shutdown FollowerState
2020-05-27 19:32:10,651 [grpc-default-executor-0] INFO  impl.RoleInfo (RoleInfo.java:updateAndGet(143)) - f8fa1989-8a4e-41f2-9266-8404362eecef: start FollowerState
2020-05-27 19:32:10,651 [Thread-291] INFO  impl.FollowerState (FollowerState.java:run(117)) - f8fa1989-8a4e-41f2-9266-8404362eecef@group-EDFBBF01C07B-FollowerState was interrupted: java.lang.InterruptedException: sleep interrupted
2020-05-27 19:32:10,648 [43a73f06-de32-4f2e-9dfd-3dbd6ac88803@group-EDFBBF01C07B-LeaderElection9] INFO  impl.LeaderElection (LeaderElection.java:logAndReturn(61)) - 43a73f06-de32-4f2e-9dfd-3dbd6ac88803@group-EDFBBF01C07B-LeaderElection9: Election REJECTED; received 0 response(s) [] and 0 exception(s); 43a73f06-de32-4f2e-9dfd-3dbd6ac88803@group-EDFBBF01C07B:t2, leader=null, voted=43a73f06-de32-4f2e-9dfd-3dbd6ac88803, raftlog=43a73f06-de32-4f2e-9dfd-3dbd6ac88803@group-EDFBBF01C07B-SegmentedRaftLog:OPENED:c-1,f-1,i0, conf=-1: [43a73f06-de32-4f2e-9dfd-3dbd6ac88803:172.17.0.2:43883, f8fa1989-8a4e-41f2-9266-8404362eecef:172.17.0.2:34811, 7d59b1d8-9c1a-4986-8068-ccaafcba6925:172.17.0.2:37367], old=null
2020-05-27 19:32:10,667 [Thread-285] INFO  impl.FollowerState (FollowerState.java:run(108)) - 7d59b1d8-9c1a-4986-8068-ccaafcba6925@group-1C4162F2F3AA-FollowerState: change to CANDIDATE, lastRpcTime:1188ms, electionTimeout:1186ms
2020-05-27 19:32:10,670 [Thread-285] INFO  impl.RoleInfo (RoleInfo.java:shutdownFollowerState(121)) - 7d59b1d8-9c1a-4986-8068-ccaafcba6925: shutdown FollowerState
2020-05-27 19:32:10,670 [Thread-285] INFO  impl.RaftServerImpl (RaftServerImpl.java:setRole(173)) - 7d59b1d8-9c1a-4986-8068-ccaafcba6925@group-1C4162F2F3AA: changes role from  FOLLOWER to CANDIDATE at term 0 for changeToCandidate
2020-05-27 19:32:10,670 [Thread-285] INFO  impl.RoleInfo (RoleInfo.java:updateAndGet(143)) - 7d59b1d8-9c1a-4986-8068-ccaafcba6925: start LeaderElection
2020-05-27 19:32:10,670 [f8fa1989-8a4e-41f2-9266-8404362eecef@group-004F80CFAD86-LeaderElection8] INFO  server.RaftServerConfigKeys (ConfUtils.java:logGet(44)) - raft.server.watch.timeout = 3s (custom)
2020-05-27 19:32:10,685 [f8fa1989-8a4e-41f2-9266-8404362eecef@group-004F80CFAD86-LeaderElection8] INFO  server.RaftServerConfigKeys (ConfUtils.java:logGet(44)) - raft.server.watch.timeout.denomination = 1s (default)
2020-05-27 19:32:10,685 [f8fa1989-8a4e-41f2-9266-8404362eecef@group-004F80CFAD86-LeaderElection8] INFO  server.RaftServerConfigKeys (ConfUtils.java:logGet(44)) - raft.server.watch.element-limit = 65536 (default)
2020-05-27 19:32:10,686 [f8fa1989-8a4e-41f2-9266-8404362eecef@group-004F80CFAD86-LeaderElection8] INFO  impl.RoleInfo (RoleInfo.java:updateAndGet(143)) - f8fa1989-8a4e-41f2-9266-8404362eecef: start LeaderState
2020-05-27 19:32:10,686 [f8fa1989-8a4e-41f2-9266-8404362eecef@group-004F80CFAD86-LeaderElection8] INFO  segmented.SegmentedRaftLogWorker (SegmentedRaftLogWorker.java:startLogSegment(391)) - f8fa1989-8a4e-41f2-9266-8404362eecef@group-004F80CFAD86-SegmentedRaftLogWorker: Starting segment from index:0
2020-05-27 19:32:10,679 [grpc-default-executor-4] INFO  ratis.XceiverServerRatis (XceiverServerRatis.java:handleLeaderChangedNotification(762)) - Leader change notification received for group: group-84E8A371D2C6 with new leaderId: 7aed9675-d015-411c-894d-27da46c364a7
2020-05-27 19:32:10,687 [grpc-default-executor-4] INFO  impl.RaftServerImpl (ServerState.java:setLeader(255)) - 8517f1c7-f3e1-454a-ad82-74e7a1dbb9de@group-84E8A371D2C6: change Leader from null to 7aed9675-d015-411c-894d-27da46c364a7 at term 1 for appendEntries, leader elected after 1373ms
2020-05-27 19:32:10,688 [f8fa1989-8a4e-41f2-9266-8404362eecef@group-004F80CFAD86-LeaderElection8] INFO  impl.RaftServerImpl (ServerState.java:setRaftConf(356)) - f8fa1989-8a4e-41f2-9266-8404362eecef@group-004F80CFAD86: set configuration 0: [f8fa1989-8a4e-41f2-9266-8404362eecef:172.17.0.2:34811], old=null at 0
2020-05-27 19:32:10,704 [7d59b1d8-9c1a-4986-8068-ccaafcba6925@group-EDFBBF01C07B-LeaderElection6] INFO  impl.LeaderElection (LeaderElection.java:logAndReturn(61)) - 7d59b1d8-9c1a-4986-8068-ccaafcba6925@group-EDFBBF01C07B-LeaderElection6: Election PASSED; received 2 response(s) [7d59b1d8-9c1a-4986-8068-ccaafcba6925<-43a73f06-de32-4f2e-9dfd-3dbd6ac88803#0:FAIL-t1, 7d59b1d8-9c1a-4986-8068-ccaafcba6925<-f8fa1989-8a4e-41f2-9266-8404362eecef#0:OK-t1] and 0 exception(s); 7d59b1d8-9c1a-4986-8068-ccaafcba6925@group-EDFBBF01C07B:t1, leader=null, voted=7d59b1d8-9c1a-4986-8068-ccaafcba6925, raftlog=7d59b1d8-9c1a-4986-8068-ccaafcba6925@group-EDFBBF01C07B-SegmentedRaftLog:OPENED:c-1,f-1,i0, conf=-1: [43a73f06-de32-4f2e-9dfd-3dbd6ac88803:172.17.0.2:43883, f8fa1989-8a4e-41f2-9266-8404362eecef:172.17.0.2:34811, 7d59b1d8-9c1a-4986-8068-ccaafcba6925:172.17.0.2:37367], old=null
2020-05-27 19:32:10,704 [7d59b1d8-9c1a-4986-8068-ccaafcba6925@group-EDFBBF01C07B-LeaderElection6] INFO  impl.RoleInfo (RoleInfo.java:shutdownLeaderElection(134)) - 7d59b1d8-9c1a-4986-8068-ccaafcba6925: shutdown LeaderElection
2020-05-27 19:32:10,705 [7d59b1d8-9c1a-4986-8068-ccaafcba6925@group-EDFBBF01C07B-LeaderElection6] INFO  impl.RaftServerImpl (RaftServerImpl.java:setRole(173)) - 7d59b1d8-9c1a-4986-8068-ccaafcba6925@group-EDFBBF01C07B: changes role from CANDIDATE to LEADER at term 1 for changeToLeader
2020-05-27 19:32:10,705 [7d59b1d8-9c1a-4986-8068-ccaafcba6925@group-EDFBBF01C07B-LeaderElection6] INFO  ratis.XceiverServerRatis (XceiverServerRatis.java:handleLeaderChangedNotification(762)) - Leader change notification received for group: group-EDFBBF01C07B with new leaderId: 7d59b1d8-9c1a-4986-8068-ccaafcba6925
2020-05-27 19:32:10,705 [7d59b1d8-9c1a-4986-8068-ccaafcba6925@group-EDFBBF01C07B-LeaderElection6] INFO  impl.RaftServerImpl (ServerState.java:setLeader(255)) - 7d59b1d8-9c1a-4986-8068-ccaafcba6925@group-EDFBBF01C07B: change Leader from null to 7d59b1d8-9c1a-4986-8068-ccaafcba6925 at term 1 for becomeLeader, leader elected after 1204ms
2020-05-27 19:32:10,705 [7d59b1d8-9c1a-4986-8068-ccaafcba6925@group-EDFBBF01C07B-LeaderElection6] INFO  server.RaftServerConfigKeys (ConfUtils.java:logGet(44)) - raft.server.staging.catchup.gap = 1000 (default)
2020-05-27 19:32:10,705 [7d59b1d8-9c1a-4986-8068-ccaafcba6925@group-EDFBBF01C07B-LeaderElection6] INFO  server.RaftServerConfigKeys (ConfUtils.java:logGet(44)) - raft.server.rpc.sleep.time = 25ms (default)
2020-05-27 19:32:10,705 [7d59b1d8-9c1a-4986-8068-ccaafcba6925@group-EDFBBF01C07B-LeaderElection6] INFO  metrics.RatisMetrics (RatisMetrics.java:lambda$create$0(39)) - Creating Metrics Registry : ratis.log_appender.7d59b1d8-9c1a-4986-8068-ccaafcba6925@group-EDFBBF01C07B
2020-05-27 19:32:10,705 [7d59b1d8-9c1a-4986-8068-ccaafcba6925@group-EDFBBF01C07B-LeaderElection6] INFO  server.RaftServerConfigKeys (ConfUtils.java:logGet(44)) - raft.server.write.element-limit = 1024 (custom)
2020-05-27 19:32:10,706 [7d59b1d8-9c1a-4986-8068-ccaafcba6925@group-EDFBBF01C07B-LeaderElection6] INFO  server.RaftServerConfigKeys (ConfUtils.java:logGet(44)) - raft.server.write.byte-limit = 1073741824 (custom)
2020-05-27 19:32:10,706 [7d59b1d8-9c1a-4986-8068-ccaafcba6925@group-EDFBBF01C07B-LeaderElection6] INFO  server.RaftServerConfigKeys (ConfUtils.java:logGet(44)) - raft.server.watch.timeout = 3s (custom)
2020-05-27 19:32:10,706 [7d59b1d8-9c1a-4986-8068-ccaafcba6925@group-EDFBBF01C07B-LeaderElection6] INFO  server.RaftServerConfigKeys (ConfUtils.java:logGet(44)) - raft.server.watch.timeout.denomination = 1s (default)
2020-05-27 19:32:10,706 [7d59b1d8-9c1a-4986-8068-ccaafcba6925@group-EDFBBF01C07B-LeaderElection6] INFO  server.RaftServerConfigKeys (ConfUtils.java:logGet(44)) - raft.server.watch.element-limit = 65536 (default)
2020-05-27 19:32:10,706 [7d59b1d8-9c1a-4986-8068-ccaafcba6925@group-EDFBBF01C07B-LeaderElection6] INFO  server.RaftServerConfigKeys (ConfUtils.java:logGet(44)) - raft.server.log.appender.snapshot.chunk.size.max = 16MB (=16777216) (default)
2020-05-27 19:32:10,707 [7d59b1d8-9c1a-4986-8068-ccaafcba6925@group-EDFBBF01C07B-LeaderElection6] INFO  server.RaftServerConfigKeys (ConfUtils.java:logGet(44)) - raft.server.log.appender.buffer.byte-limit = 33554432 (custom)
2020-05-27 19:32:10,707 [7d59b1d8-9c1a-4986-8068-ccaafcba6925@group-EDFBBF01C07B-LeaderElection6] INFO  server.RaftServerConfigKeys (ConfUtils.java:logGet(44)) - raft.server.log.appender.buffer.element-limit = 1 (custom)
2020-05-27 19:32:10,707 [7d59b1d8-9c1a-4986-8068-ccaafcba6925@group-EDFBBF01C07B-LeaderElection6] INFO  grpc.GrpcConfigKeys (ConfUtils.java:logGet(44)) - raft.grpc.server.leader.outstanding.appends.max = 128 (default)
2020-05-27 19:32:10,707 [7d59b1d8-9c1a-4986-8068-ccaafcba6925@group-EDFBBF01C07B-LeaderElection6] INFO  server.RaftServerConfigKeys (ConfUtils.java:logGet(44)) - raft.server.rpc.request.timeout = 3s (default)
2020-05-27 19:32:10,707 [7d59b1d8-9c1a-4986-8068-ccaafcba6925@group-EDFBBF01C07B-LeaderElection6] INFO  server.RaftServerConfigKeys (ConfUtils.java:logGet(44)) - raft.server.log.appender.install.snapshot.enabled = false (custom)
2020-05-27 19:32:10,709 [EventQueue-PipelineReportForPipelineReportHandler] INFO  pipeline.PipelineStateManager (PipelineStateManager.java:openPipeline(131)) - Pipeline Pipeline[ Id: b243c757-4de3-4a1e-8241-edfbbf01c07b, Nodes: 7d59b1d8-9c1a-4986-8068-ccaafcba6925{ip: 172.17.0.2, host: 97d0c8b5f382, networkLocation: /rack1, certSerialId: null}43a73f06-de32-4f2e-9dfd-3dbd6ac88803{ip: 172.17.0.2, host: 97d0c8b5f382, networkLocation: /rack1, certSerialId: null}f8fa1989-8a4e-41f2-9266-8404362eecef{ip: 172.17.0.2, host: 97d0c8b5f382, networkLocation: /rack1, certSerialId: null}, Type:RATIS, Factor:THREE, State:ALLOCATED, leaderId:7d59b1d8-9c1a-4986-8068-ccaafcba6925, CreationTimestamp2020-05-27T19:32:06.476Z] moved to OPEN state
2020-05-27 19:32:10,721 [7d59b1d8-9c1a-4986-8068-ccaafcba6925@group-1C4162F2F3AA-LeaderElection10] INFO  impl.LeaderElection (LeaderElection.java:askForVotes(206)) - 7d59b1d8-9c1a-4986-8068-ccaafcba6925@group-1C4162F2F3AA-LeaderElection10: begin an election at term 1 for -1: [7d59b1d8-9c1a-4986-8068-ccaafcba6925:172.17.0.2:37367], old=null
2020-05-27 19:32:10,721 [7d59b1d8-9c1a-4986-8068-ccaafcba6925@group-1C4162F2F3AA-LeaderElection10] INFO  impl.RoleInfo (RoleInfo.java:shutdownLeaderElection(134)) - 7d59b1d8-9c1a-4986-8068-ccaafcba6925: shutdown LeaderElection
2020-05-27 19:32:10,722 [7d59b1d8-9c1a-4986-8068-ccaafcba6925@group-1C4162F2F3AA-LeaderElection10] INFO  impl.RaftServerImpl (RaftServerImpl.java:setRole(173)) - 7d59b1d8-9c1a-4986-8068-ccaafcba6925@group-1C4162F2F3AA: changes role from CANDIDATE to LEADER at term 1 for changeToLeader
2020-05-27 19:32:10,722 [7d59b1d8-9c1a-4986-8068-ccaafcba6925@group-1C4162F2F3AA-LeaderElection10] INFO  ratis.XceiverServerRatis (XceiverServerRatis.java:handleLeaderChangedNotification(762)) - Leader change notification received for group: group-1C4162F2F3AA with new leaderId: 7d59b1d8-9c1a-4986-8068-ccaafcba6925
2020-05-27 19:32:10,722 [7d59b1d8-9c1a-4986-8068-ccaafcba6925@group-1C4162F2F3AA-LeaderElection10] INFO  impl.RaftServerImpl (ServerState.java:setLeader(255)) - 7d59b1d8-9c1a-4986-8068-ccaafcba6925@group-1C4162F2F3AA: change Leader from null to 7d59b1d8-9c1a-4986-8068-ccaafcba6925 at term 1 for becomeLeader, leader elected after 1308ms
2020-05-27 19:32:10,722 [7d59b1d8-9c1a-4986-8068-ccaafcba6925@group-1C4162F2F3AA-LeaderElection10] INFO  server.RaftServerConfigKeys (ConfUtils.java:logGet(44)) - raft.server.staging.catchup.gap = 1000 (default)
2020-05-27 19:32:10,722 [7d59b1d8-9c1a-4986-8068-ccaafcba6925@group-1C4162F2F3AA-LeaderElection10] INFO  server.RaftServerConfigKeys (ConfUtils.java:logGet(44)) - raft.server.rpc.sleep.time = 25ms (default)
2020-05-27 19:32:10,723 [7d59b1d8-9c1a-4986-8068-ccaafcba6925@group-1C4162F2F3AA-LeaderElection10] INFO  metrics.RatisMetrics (RatisMetrics.java:lambda$create$0(39)) - Creating Metrics Registry : ratis.log_appender.7d59b1d8-9c1a-4986-8068-ccaafcba6925@group-1C4162F2F3AA
2020-05-27 19:32:10,723 [7d59b1d8-9c1a-4986-8068-ccaafcba6925@group-1C4162F2F3AA-LeaderElection10] INFO  server.RaftServerConfigKeys (ConfUtils.java:logGet(44)) - raft.server.write.element-limit = 1024 (custom)
2020-05-27 19:32:10,723 [7d59b1d8-9c1a-4986-8068-ccaafcba6925@group-1C4162F2F3AA-LeaderElection10] INFO  server.RaftServerConfigKeys (ConfUtils.java:logGet(44)) - raft.server.write.byte-limit = 1073741824 (custom)
2020-05-27 19:32:10,724 [7d59b1d8-9c1a-4986-8068-ccaafcba6925@group-1C4162F2F3AA-LeaderElection10] INFO  server.RaftServerConfigKeys (ConfUtils.java:logGet(44)) - raft.server.watch.timeout = 3s (custom)
2020-05-27 19:32:10,724 [7d59b1d8-9c1a-4986-8068-ccaafcba6925@group-1C4162F2F3AA-LeaderElection10] INFO  server.RaftServerConfigKeys (ConfUtils.java:logGet(44)) - raft.server.watch.timeout.denomination = 1s (default)
2020-05-27 19:32:10,724 [7d59b1d8-9c1a-4986-8068-ccaafcba6925@group-1C4162F2F3AA-LeaderElection10] INFO  server.RaftServerConfigKeys (ConfUtils.java:logGet(44)) - raft.server.watch.element-limit = 65536 (default)
2020-05-27 19:32:10,731 [grpc-default-executor-4] INFO  impl.RaftServerImpl (ServerState.java:setRaftConf(356)) - 8517f1c7-f3e1-454a-ad82-74e7a1dbb9de@group-84E8A371D2C6: set configuration 0: [7aed9675-d015-411c-894d-27da46c364a7:172.17.0.2:39715, ca2c986f-4912-4d51-86c7-28829081ffa0:172.17.0.2:37767, 8517f1c7-f3e1-454a-ad82-74e7a1dbb9de:172.17.0.2:39899], old=null at 0
2020-05-27 19:32:10,734 [grpc-default-executor-0] INFO  impl.RaftServerImpl (RaftServerImpl.java:setRole(173)) - f8fa1989-8a4e-41f2-9266-8404362eecef@group-EDFBBF01C07B: changes role from  FOLLOWER to FOLLOWER at term 2 for recognizeCandidate:43a73f06-de32-4f2e-9dfd-3dbd6ac88803
2020-05-27 19:32:10,734 [grpc-default-executor-4] INFO  segmented.SegmentedRaftLogWorker (SegmentedRaftLogWorker.java:startLogSegment(391)) - 8517f1c7-f3e1-454a-ad82-74e7a1dbb9de@group-84E8A371D2C6-SegmentedRaftLogWorker: Starting segment from index:0
2020-05-27 19:32:10,713 [7d59b1d8-9c1a-4986-8068-ccaafcba6925@group-EDFBBF01C07B-LeaderElection6] INFO  server.RaftServerConfigKeys (ConfUtils.java:logGet(44)) - raft.server.log.appender.snapshot.chunk.size.max = 16MB (=16777216) (default)
2020-05-27 19:32:10,734 [grpc-default-executor-0] INFO  impl.RoleInfo (RoleInfo.java:shutdownFollowerState(121)) - f8fa1989-8a4e-41f2-9266-8404362eecef: shutdown FollowerState
2020-05-27 19:32:10,735 [grpc-default-executor-0] INFO  impl.RoleInfo (RoleInfo.java:updateAndGet(143)) - f8fa1989-8a4e-41f2-9266-8404362eecef: start FollowerState
2020-05-27 19:32:10,735 [Thread-353] INFO  impl.FollowerState (FollowerState.java:run(117)) - f8fa1989-8a4e-41f2-9266-8404362eecef@group-EDFBBF01C07B-FollowerState was interrupted: java.lang.InterruptedException: sleep interrupted
2020-05-27 19:32:10,731 [7d59b1d8-9c1a-4986-8068-ccaafcba6925@group-1C4162F2F3AA-LeaderElection10] INFO  impl.RoleInfo (RoleInfo.java:updateAndGet(143)) - 7d59b1d8-9c1a-4986-8068-ccaafcba6925: start LeaderState
2020-05-27 19:32:10,742 [grpc-default-executor-6] INFO  ratis.XceiverServerRatis (XceiverServerRatis.java:handleLeaderChangedNotification(762)) - Leader change notification received for group: group-84E8A371D2C6 with new leaderId: 7aed9675-d015-411c-894d-27da46c364a7
2020-05-27 19:32:10,742 [grpc-default-executor-6] INFO  impl.RaftServerImpl (ServerState.java:setLeader(255)) - ca2c986f-4912-4d51-86c7-28829081ffa0@group-84E8A371D2C6: change Leader from null to 7aed9675-d015-411c-894d-27da46c364a7 at term 1 for appendEntries, leader elected after 1320ms
2020-05-27 19:32:10,750 [grpc-default-executor-6] INFO  impl.RaftServerImpl (ServerState.java:setRaftConf(356)) - ca2c986f-4912-4d51-86c7-28829081ffa0@group-84E8A371D2C6: set configuration 0: [7aed9675-d015-411c-894d-27da46c364a7:172.17.0.2:39715, ca2c986f-4912-4d51-86c7-28829081ffa0:172.17.0.2:37767, 8517f1c7-f3e1-454a-ad82-74e7a1dbb9de:172.17.0.2:39899], old=null at 0
2020-05-27 19:32:10,751 [grpc-default-executor-6] INFO  segmented.SegmentedRaftLogWorker (SegmentedRaftLogWorker.java:startLogSegment(391)) - ca2c986f-4912-4d51-86c7-28829081ffa0@group-84E8A371D2C6-SegmentedRaftLogWorker: Starting segment from index:0
2020-05-27 19:32:10,751 [7d59b1d8-9c1a-4986-8068-ccaafcba6925@group-1C4162F2F3AA-LeaderElection10] INFO  segmented.SegmentedRaftLogWorker (SegmentedRaftLogWorker.java:startLogSegment(391)) - 7d59b1d8-9c1a-4986-8068-ccaafcba6925@group-1C4162F2F3AA-SegmentedRaftLogWorker: Starting segment from index:0
2020-05-27 19:32:10,751 [7d59b1d8-9c1a-4986-8068-ccaafcba6925@group-EDFBBF01C07B-LeaderElection6] INFO  server.RaftServerConfigKeys (ConfUtils.java:logGet(44)) - raft.server.log.appender.buffer.byte-limit = 33554432 (custom)
2020-05-27 19:32:10,752 [7d59b1d8-9c1a-4986-8068-ccaafcba6925@group-EDFBBF01C07B-LeaderElection6] INFO  server.RaftServerConfigKeys (ConfUtils.java:logGet(44)) - raft.server.log.appender.buffer.element-limit = 1 (custom)
2020-05-27 19:32:10,752 [7d59b1d8-9c1a-4986-8068-ccaafcba6925@group-1C4162F2F3AA-LeaderElection10] INFO  impl.RaftServerImpl (ServerState.java:setRaftConf(356)) - 7d59b1d8-9c1a-4986-8068-ccaafcba6925@group-1C4162F2F3AA: set configuration 0: [7d59b1d8-9c1a-4986-8068-ccaafcba6925:172.17.0.2:37367], old=null at 0
2020-05-27 19:32:10,760 [7d59b1d8-9c1a-4986-8068-ccaafcba6925@group-EDFBBF01C07B-LeaderElection6] INFO  grpc.GrpcConfigKeys (ConfUtils.java:logGet(44)) - raft.grpc.server.leader.outstanding.appends.max = 128 (default)
2020-05-27 19:32:10,761 [7d59b1d8-9c1a-4986-8068-ccaafcba6925@group-EDFBBF01C07B-LeaderElection6] INFO  server.RaftServerConfigKeys (ConfUtils.java:logGet(44)) - raft.server.rpc.request.timeout = 3s (default)
2020-05-27 19:32:10,761 [7d59b1d8-9c1a-4986-8068-ccaafcba6925@group-EDFBBF01C07B-LeaderElection6] INFO  server.RaftServerConfigKeys (ConfUtils.java:logGet(44)) - raft.server.log.appender.install.snapshot.enabled = false (custom)
2020-05-27 19:32:10,762 [7d59b1d8-9c1a-4986-8068-ccaafcba6925@group-EDFBBF01C07B-LeaderElection6] INFO  impl.RoleInfo (RoleInfo.java:updateAndGet(143)) - 7d59b1d8-9c1a-4986-8068-ccaafcba6925: start LeaderState
2020-05-27 19:32:10,763 [7d59b1d8-9c1a-4986-8068-ccaafcba6925@group-EDFBBF01C07B-LeaderElection6] INFO  segmented.SegmentedRaftLogWorker (SegmentedRaftLogWorker.java:startLogSegment(391)) - 7d59b1d8-9c1a-4986-8068-ccaafcba6925@group-EDFBBF01C07B-SegmentedRaftLogWorker: Starting segment from index:0
2020-05-27 19:32:10,763 [7d59b1d8-9c1a-4986-8068-ccaafcba6925@group-EDFBBF01C07B-LeaderElection6] INFO  impl.RaftServerImpl (ServerState.java:setRaftConf(356)) - 7d59b1d8-9c1a-4986-8068-ccaafcba6925@group-EDFBBF01C07B: set configuration 0: [43a73f06-de32-4f2e-9dfd-3dbd6ac88803:172.17.0.2:43883, f8fa1989-8a4e-41f2-9266-8404362eecef:172.17.0.2:34811, 7d59b1d8-9c1a-4986-8068-ccaafcba6925:172.17.0.2:37367], old=null at 0
2020-05-27 19:32:10,772 [grpc-default-executor-0] INFO  impl.RaftServerImpl (ServerState.java:setLeader(255)) - 7d59b1d8-9c1a-4986-8068-ccaafcba6925@group-EDFBBF01C07B: change Leader from 7d59b1d8-9c1a-4986-8068-ccaafcba6925 to null at term 2 for updateCurrentTerm
2020-05-27 19:32:10,772 [grpc-default-executor-0] INFO  impl.RaftServerImpl (RaftServerImpl.java:setRole(173)) - 7d59b1d8-9c1a-4986-8068-ccaafcba6925@group-EDFBBF01C07B: changes role from    LEADER to FOLLOWER at term 2 for recognizeCandidate:43a73f06-de32-4f2e-9dfd-3dbd6ac88803
2020-05-27 19:32:10,772 [grpc-default-executor-0] INFO  impl.RoleInfo (RoleInfo.java:shutdownLeaderState(104)) - 7d59b1d8-9c1a-4986-8068-ccaafcba6925: shutdown LeaderState
2020-05-27 19:32:10,773 [grpc-default-executor-0] INFO  impl.PendingRequests (PendingRequests.java:sendNotLeaderResponses(242)) - 7d59b1d8-9c1a-4986-8068-ccaafcba6925@group-EDFBBF01C07B-PendingRequests: sendNotLeaderResponses
2020-05-27 19:32:10,774 [grpc-default-executor-0] INFO  metrics.RatisMetrics (RatisMetrics.java:unregister(46)) - Unregistering Metrics Registry : ratis.log_appender.7d59b1d8-9c1a-4986-8068-ccaafcba6925@group-EDFBBF01C07B
2020-05-27 19:32:10,775 [grpc-default-executor-0] INFO  impl.RoleInfo (RoleInfo.java:updateAndGet(143)) - 7d59b1d8-9c1a-4986-8068-ccaafcba6925: start FollowerState
2020-05-27 19:32:10,829 [7aed9675-d015-411c-894d-27da46c364a7@group-84E8A371D2C6-SegmentedRaftLogWorker] INFO  segmented.SegmentedRaftLogWorker (SegmentedRaftLogWorker.java:execute(583)) - 7aed9675-d015-411c-894d-27da46c364a7@group-84E8A371D2C6-SegmentedRaftLogWorker: created new log segment /github/workspace/mnt/ozone/hadoop-ozone/integration-test/target/test-dir/MiniOzoneClusterImpl-f0010636-4b6e-4820-a6ed-9dd9125fe66b/datanode-0/data/ratis/536519cf-b774-478c-afba-84e8a371d2c6/current/log_inprogress_0
2020-05-27 19:32:10,829 [ca2c986f-4912-4d51-86c7-28829081ffa0@group-84E8A371D2C6-SegmentedRaftLogWorker] INFO  segmented.SegmentedRaftLogWorker (SegmentedRaftLogWorker.java:execute(583)) - ca2c986f-4912-4d51-86c7-28829081ffa0@group-84E8A371D2C6-SegmentedRaftLogWorker: created new log segment /github/workspace/mnt/ozone/hadoop-ozone/integration-test/target/test-dir/MiniOzoneClusterImpl-f0010636-4b6e-4820-a6ed-9dd9125fe66b/datanode-2/data/ratis/536519cf-b774-478c-afba-84e8a371d2c6/current/log_inprogress_0
2020-05-27 19:32:10,830 [f8fa1989-8a4e-41f2-9266-8404362eecef@group-004F80CFAD86-SegmentedRaftLogWorker] INFO  segmented.SegmentedRaftLogWorker (SegmentedRaftLogWorker.java:execute(583)) - f8fa1989-8a4e-41f2-9266-8404362eecef@group-004F80CFAD86-SegmentedRaftLogWorker: created new log segment /github/workspace/mnt/ozone/hadoop-ozone/integration-test/target/test-dir/MiniOzoneClusterImpl-f0010636-4b6e-4820-a6ed-9dd9125fe66b/datanode-5/data/ratis/495c6792-a5b8-4647-9a4b-004f80cfad86/current/log_inprogress_0
2020-05-27 19:32:10,830 [ca2c986f-4912-4d51-86c7-28829081ffa0@group-CA1C0F714B29-SegmentedRaftLogWorker] INFO  segmented.SegmentedRaftLogWorker (SegmentedRaftLogWorker.java:execute(583)) - ca2c986f-4912-4d51-86c7-28829081ffa0@group-CA1C0F714B29-SegmentedRaftLogWorker: created new log segment /github/workspace/mnt/ozone/hadoop-ozone/integration-test/target/test-dir/MiniOzoneClusterImpl-f0010636-4b6e-4820-a6ed-9dd9125fe66b/datanode-2/data/ratis/b55256d3-e68c-43b5-9a71-ca1c0f714b29/current/log_inprogress_0
2020-05-27 19:32:10,831 [7d59b1d8-9c1a-4986-8068-ccaafcba6925@group-1C4162F2F3AA-SegmentedRaftLogWorker] INFO  segmented.SegmentedRaftLogWorker (SegmentedRaftLogWorker.java:execute(583)) - 7d59b1d8-9c1a-4986-8068-ccaafcba6925@group-1C4162F2F3AA-SegmentedRaftLogWorker: created new log segment /github/workspace/mnt/ozone/hadoop-ozone/integration-test/target/test-dir/MiniOzoneClusterImpl-f0010636-4b6e-4820-a6ed-9dd9125fe66b/datanode-4/data/ratis/ccb19cd2-0da5-404e-8a0b-1c4162f2f3aa/current/log_inprogress_0
2020-05-27 19:32:10,831 [8517f1c7-f3e1-454a-ad82-74e7a1dbb9de@group-7DD91C2E09DE-SegmentedRaftLogWorker] INFO  segmented.SegmentedRaftLogWorker (SegmentedRaftLogWorker.java:execute(583)) - 8517f1c7-f3e1-454a-ad82-74e7a1dbb9de@group-7DD91C2E09DE-SegmentedRaftLogWorker: created new log segment /github/workspace/mnt/ozone/hadoop-ozone/integration-test/target/test-dir/MiniOzoneClusterImpl-f0010636-4b6e-4820-a6ed-9dd9125fe66b/datanode-1/data/ratis/ab5c7280-efe6-43b4-8a14-7dd91c2e09de/current/log_inprogress_0
2020-05-27 19:32:10,831 [43a73f06-de32-4f2e-9dfd-3dbd6ac88803@group-06A4D39D8215-SegmentedRaftLogWorker] INFO  segmented.SegmentedRaftLogWorker (SegmentedRaftLogWorker.java:execute(583)) - 43a73f06-de32-4f2e-9dfd-3dbd6ac88803@group-06A4D39D8215-SegmentedRaftLogWorker: created new log segment /github/workspace/mnt/ozone/hadoop-ozone/integration-test/target/test-dir/MiniOzoneClusterImpl-f0010636-4b6e-4820-a6ed-9dd9125fe66b/datanode-3/data/ratis/0811533e-8f25-4cab-acfc-06a4d39d8215/current/log_inprogress_0
2020-05-27 19:32:10,831 [7d59b1d8-9c1a-4986-8068-ccaafcba6925@group-EDFBBF01C07B-SegmentedRaftLogWorker] INFO  segmented.SegmentedRaftLogWorker (SegmentedRaftLogWorker.java:execute(583)) - 7d59b1d8-9c1a-4986-8068-ccaafcba6925@group-EDFBBF01C07B-SegmentedRaftLogWorker: created new log segment /github/workspace/mnt/ozone/hadoop-ozone/integration-test/target/test-dir/MiniOzoneClusterImpl-f0010636-4b6e-4820-a6ed-9dd9125fe66b/datanode-4/data/ratis/b243c757-4de3-4a1e-8241-edfbbf01c07b/current/log_inprogress_0
2020-05-27 19:32:10,831 [8517f1c7-f3e1-454a-ad82-74e7a1dbb9de@group-84E8A371D2C6-SegmentedRaftLogWorker] INFO  segmented.SegmentedRaftLogWorker (SegmentedRaftLogWorker.java:execute(583)) - 8517f1c7-f3e1-454a-ad82-74e7a1dbb9de@group-84E8A371D2C6-SegmentedRaftLogWorker: created new log segment /github/workspace/mnt/ozone/hadoop-ozone/integration-test/target/test-dir/MiniOzoneClusterImpl-f0010636-4b6e-4820-a6ed-9dd9125fe66b/datanode-1/data/ratis/536519cf-b774-478c-afba-84e8a371d2c6/current/log_inprogress_0
2020-05-27 19:32:10,839 [Listener at 127.0.0.1/45217] INFO  ozone.MiniOzoneClusterImpl (MiniOzoneClusterImpl.java:lambda$waitForClusterToBeReady$0(177)) - Nodes are ready. Got 10 of 10 DN Heartbeats.
2020-05-27 19:32:10,839 [Listener at 127.0.0.1/45217] INFO  ozone.MiniOzoneClusterImpl (MiniOzoneClusterImpl.java:lambda$waitForClusterToBeReady$0(180)) - Cluster exits safe mode
2020-05-27 19:32:10,841 [7aed9675-d015-411c-894d-27da46c364a7@group-3FC468E53593-SegmentedRaftLogWorker] INFO  segmented.SegmentedRaftLogWorker (SegmentedRaftLogWorker.java:execute(583)) - 7aed9675-d015-411c-894d-27da46c364a7@group-3FC468E53593-SegmentedRaftLogWorker: created new log segment /github/workspace/mnt/ozone/hadoop-ozone/integration-test/target/test-dir/MiniOzoneClusterImpl-f0010636-4b6e-4820-a6ed-9dd9125fe66b/datanode-0/data/ratis/bb0351a3-ccf2-43a4-8e0a-3fc468e53593/current/log_inprogress_0
2020-05-27 19:32:11,030 [Thread-293] INFO  impl.FollowerState (FollowerState.java:run(108)) - 98c33ea6-fb47-41c3-bd3d-1c17f3427380@group-DAE41532BAFE-FollowerState: change to CANDIDATE, lastRpcTime:1111ms, electionTimeout:1101ms
2020-05-27 19:32:11,041 [Thread-297] INFO  impl.FollowerState (FollowerState.java:run(108)) - 0ab43432-34fe-4306-a50d-0ea23314de87@group-5F290258DC4A-FollowerState: change to CANDIDATE, lastRpcTime:1051ms, electionTimeout:1043ms
2020-05-27 19:32:11,051 [Thread-297] INFO  impl.RoleInfo (RoleInfo.java:shutdownFollowerState(121)) - 0ab43432-34fe-4306-a50d-0ea23314de87: shutdown FollowerState
2020-05-27 19:32:11,051 [Thread-297] INFO  impl.RaftServerImpl (RaftServerImpl.java:setRole(173)) - 0ab43432-34fe-4306-a50d-0ea23314de87@group-5F290258DC4A: changes role from  FOLLOWER to CANDIDATE at term 0 for changeToCandidate
2020-05-27 19:32:11,051 [Thread-297] INFO  impl.RoleInfo (RoleInfo.java:updateAndGet(143)) - 0ab43432-34fe-4306-a50d-0ea23314de87: start LeaderElection
2020-05-27 19:32:11,052 [Thread-293] INFO  impl.RoleInfo (RoleInfo.java:shutdownFollowerState(121)) - 98c33ea6-fb47-41c3-bd3d-1c17f3427380: shutdown FollowerState
2020-05-27 19:32:11,052 [Thread-293] INFO  impl.RaftServerImpl (RaftServerImpl.java:setRole(173)) - 98c33ea6-fb47-41c3-bd3d-1c17f3427380@group-DAE41532BAFE: changes role from  FOLLOWER to CANDIDATE at term 0 for changeToCandidate
2020-05-27 19:32:11,053 [Thread-293] INFO  impl.RoleInfo (RoleInfo.java:updateAndGet(143)) - 98c33ea6-fb47-41c3-bd3d-1c17f3427380: start LeaderElection
2020-05-27 19:32:11,073 [0ab43432-34fe-4306-a50d-0ea23314de87@group-5F290258DC4A-LeaderElection11] INFO  impl.LeaderElection (LeaderElection.java:askForVotes(206)) - 0ab43432-34fe-4306-a50d-0ea23314de87@group-5F290258DC4A-LeaderElection11: begin an election at term 1 for -1: [0ab43432-34fe-4306-a50d-0ea23314de87:172.17.0.2:42819], old=null
2020-05-27 19:32:11,073 [0ab43432-34fe-4306-a50d-0ea23314de87@group-5F290258DC4A-LeaderElection11] INFO  impl.RoleInfo (RoleInfo.java:shutdownLeaderElection(134)) - 0ab43432-34fe-4306-a50d-0ea23314de87: shutdown LeaderElection
2020-05-27 19:32:11,073 [0ab43432-34fe-4306-a50d-0ea23314de87@group-5F290258DC4A-LeaderElection11] INFO  impl.RaftServerImpl (RaftServerImpl.java:setRole(173)) - 0ab43432-34fe-4306-a50d-0ea23314de87@group-5F290258DC4A: changes role from CANDIDATE to LEADER at term 1 for changeToLeader
2020-05-27 19:32:11,073 [0ab43432-34fe-4306-a50d-0ea23314de87@group-5F290258DC4A-LeaderElection11] INFO  ratis.XceiverServerRatis (XceiverServerRatis.java:handleLeaderChangedNotification(762)) - Leader change notification received for group: group-5F290258DC4A with new leaderId: 0ab43432-34fe-4306-a50d-0ea23314de87
2020-05-27 19:32:11,073 [0ab43432-34fe-4306-a50d-0ea23314de87@group-5F290258DC4A-LeaderElection11] INFO  impl.RaftServerImpl (ServerState.java:setLeader(255)) - 0ab43432-34fe-4306-a50d-0ea23314de87@group-5F290258DC4A: change Leader from null to 0ab43432-34fe-4306-a50d-0ea23314de87 at term 1 for becomeLeader, leader elected after 1172ms
2020-05-27 19:32:11,074 [0ab43432-34fe-4306-a50d-0ea23314de87@group-5F290258DC4A-LeaderElection11] INFO  server.RaftServerConfigKeys (ConfUtils.java:logGet(44)) - raft.server.staging.catchup.gap = 1000 (default)
2020-05-27 19:32:11,074 [0ab43432-34fe-4306-a50d-0ea23314de87@group-5F290258DC4A-LeaderElection11] INFO  server.RaftServerConfigKeys (ConfUtils.java:logGet(44)) - raft.server.rpc.sleep.time = 25ms (default)
2020-05-27 19:32:11,074 [0ab43432-34fe-4306-a50d-0ea23314de87@group-5F290258DC4A-LeaderElection11] INFO  metrics.RatisMetrics (RatisMetrics.java:lambda$create$0(39)) - Creating Metrics Registry : ratis.log_appender.0ab43432-34fe-4306-a50d-0ea23314de87@group-5F290258DC4A
2020-05-27 19:32:11,074 [0ab43432-34fe-4306-a50d-0ea23314de87@group-5F290258DC4A-LeaderElection11] INFO  server.RaftServerConfigKeys (ConfUtils.java:logGet(44)) - raft.server.write.element-limit = 1024 (custom)
2020-05-27 19:32:11,074 [0ab43432-34fe-4306-a50d-0ea23314de87@group-5F290258DC4A-LeaderElection11] INFO  server.RaftServerConfigKeys (ConfUtils.java:logGet(44)) - raft.server.write.byte-limit = 1073741824 (custom)
2020-05-27 19:32:11,074 [0ab43432-34fe-4306-a50d-0ea23314de87@group-5F290258DC4A-LeaderElection11] INFO  server.RaftServerConfigKeys (ConfUtils.java:logGet(44)) - raft.server.watch.timeout = 3s (custom)
2020-05-27 19:32:11,074 [0ab43432-34fe-4306-a50d-0ea23314de87@group-5F290258DC4A-LeaderElection11] INFO  server.RaftServerConfigKeys (ConfUtils.java:logGet(44)) - raft.server.watch.timeout.denomination = 1s (default)
2020-05-27 19:32:11,075 [0ab43432-34fe-4306-a50d-0ea23314de87@group-5F290258DC4A-LeaderElection11] INFO  server.RaftServerConfigKeys (ConfUtils.java:logGet(44)) - raft.server.watch.element-limit = 65536 (default)
2020-05-27 19:32:11,075 [0ab43432-34fe-4306-a50d-0ea23314de87@group-5F290258DC4A-LeaderElection11] INFO  impl.RoleInfo (RoleInfo.java:updateAndGet(143)) - 0ab43432-34fe-4306-a50d-0ea23314de87: start LeaderState
2020-05-27 19:32:11,075 [98c33ea6-fb47-41c3-bd3d-1c17f3427380@group-DAE41532BAFE-LeaderElection12] INFO  impl.LeaderElection (LeaderElection.java:askForVotes(206)) - 98c33ea6-fb47-41c3-bd3d-1c17f3427380@group-DAE41532BAFE-LeaderElection12: begin an election at term 1 for -1: [98c33ea6-fb47-41c3-bd3d-1c17f3427380:172.17.0.2:32845], old=null
2020-05-27 19:32:11,075 [98c33ea6-fb47-41c3-bd3d-1c17f3427380@group-DAE41532BAFE-LeaderElection12] INFO  impl.RoleInfo (RoleInfo.java:shutdownLeaderElection(134)) - 98c33ea6-fb47-41c3-bd3d-1c17f3427380: shutdown LeaderElection
2020-05-27 19:32:11,075 [98c33ea6-fb47-41c3-bd3d-1c17f3427380@group-DAE41532BAFE-LeaderElection12] INFO  impl.RaftServerImpl (RaftServerImpl.java:setRole(173)) - 98c33ea6-fb47-41c3-bd3d-1c17f3427380@group-DAE41532BAFE: changes role from CANDIDATE to LEADER at term 1 for changeToLeader
2020-05-27 19:32:11,075 [98c33ea6-fb47-41c3-bd3d-1c17f3427380@group-DAE41532BAFE-LeaderElection12] INFO  ratis.XceiverServerRatis (XceiverServerRatis.java:handleLeaderChangedNotification(762)) - Leader change notification received for group: group-DAE41532BAFE with new leaderId: 98c33ea6-fb47-41c3-bd3d-1c17f3427380
2020-05-27 19:32:11,075 [0ab43432-34fe-4306-a50d-0ea23314de87@group-5F290258DC4A-LeaderElection11] INFO  segmented.SegmentedRaftLogWorker (SegmentedRaftLogWorker.java:startLogSegment(391)) - 0ab43432-34fe-4306-a50d-0ea23314de87@group-5F290258DC4A-SegmentedRaftLogWorker: Starting segment from index:0
2020-05-27 19:32:11,076 [0ab43432-34fe-4306-a50d-0ea23314de87@group-5F290258DC4A-SegmentedRaftLogWorker] INFO  segmented.SegmentedRaftLogWorker (SegmentedRaftLogWorker.java:execute(583)) - 0ab43432-34fe-4306-a50d-0ea23314de87@group-5F290258DC4A-SegmentedRaftLogWorker: created new log segment /github/workspace/mnt/ozone/hadoop-ozone/integration-test/target/test-dir/MiniOzoneClusterImpl-f0010636-4b6e-4820-a6ed-9dd9125fe66b/datanode-7/data/ratis/e3927293-5b49-4344-86f7-5f290258dc4a/current/log_inprogress_0
2020-05-27 19:32:11,075 [98c33ea6-fb47-41c3-bd3d-1c17f3427380@group-DAE41532BAFE-LeaderElection12] INFO  impl.RaftServerImpl (ServerState.java:setLeader(255)) - 98c33ea6-fb47-41c3-bd3d-1c17f3427380@group-DAE41532BAFE: change Leader from null to 98c33ea6-fb47-41c3-bd3d-1c17f3427380 at term 1 for becomeLeader, leader elected after 1170ms
2020-05-27 19:32:11,077 [98c33ea6-fb47-41c3-bd3d-1c17f3427380@group-DAE41532BAFE-LeaderElection12] INFO  server.RaftServerConfigKeys (ConfUtils.java:logGet(44)) - raft.server.staging.catchup.gap = 1000 (default)
2020-05-27 19:32:11,077 [98c33ea6-fb47-41c3-bd3d-1c17f3427380@group-DAE41532BAFE-LeaderElection12] INFO  server.RaftServerConfigKeys (ConfUtils.java:logGet(44)) - raft.server.rpc.sleep.time = 25ms (default)
2020-05-27 19:32:11,082 [0ab43432-34fe-4306-a50d-0ea23314de87@group-5F290258DC4A-LeaderElection11] INFO  impl.RaftServerImpl (ServerState.java:setRaftConf(356)) - 0ab43432-34fe-4306-a50d-0ea23314de87@group-5F290258DC4A: set configuration 0: [0ab43432-34fe-4306-a50d-0ea23314de87:172.17.0.2:42819], old=null at 0
2020-05-27 19:32:11,082 [98c33ea6-fb47-41c3-bd3d-1c17f3427380@group-DAE41532BAFE-LeaderElection12] INFO  metrics.RatisMetrics (RatisMetrics.java:lambda$create$0(39)) - Creating Metrics Registry : ratis.log_appender.98c33ea6-fb47-41c3-bd3d-1c17f3427380@group-DAE41532BAFE
2020-05-27 19:32:11,082 [98c33ea6-fb47-41c3-bd3d-1c17f3427380@group-DAE41532BAFE-LeaderElection12] INFO  server.RaftServerConfigKeys (ConfUtils.java:logGet(44)) - raft.server.write.element-limit = 1024 (custom)
2020-05-27 19:32:11,082 [98c33ea6-fb47-41c3-bd3d-1c17f3427380@group-DAE41532BAFE-LeaderElection12] INFO  server.RaftServerConfigKeys (ConfUtils.java:logGet(44)) - raft.server.write.byte-limit = 1073741824 (custom)
2020-05-27 19:32:11,082 [98c33ea6-fb47-41c3-bd3d-1c17f3427380@group-DAE41532BAFE-LeaderElection12] INFO  server.RaftServerConfigKeys (ConfUtils.java:logGet(44)) - raft.server.watch.timeout = 3s (custom)
2020-05-27 19:32:11,082 [98c33ea6-fb47-41c3-bd3d-1c17f3427380@group-DAE41532BAFE-LeaderElection12] INFO  server.RaftServerConfigKeys (ConfUtils.java:logGet(44)) - raft.server.watch.timeout.denomination = 1s (default)
2020-05-27 19:32:11,082 [98c33ea6-fb47-41c3-bd3d-1c17f3427380@group-DAE41532BAFE-LeaderElection12] INFO  server.RaftServerConfigKeys (ConfUtils.java:logGet(44)) - raft.server.watch.element-limit = 65536 (default)
2020-05-27 19:32:11,083 [98c33ea6-fb47-41c3-bd3d-1c17f3427380@group-DAE41532BAFE-LeaderElection12] INFO  impl.RoleInfo (RoleInfo.java:updateAndGet(143)) - 98c33ea6-fb47-41c3-bd3d-1c17f3427380: start LeaderState
2020-05-27 19:32:11,083 [98c33ea6-fb47-41c3-bd3d-1c17f3427380@group-DAE41532BAFE-LeaderElection12] INFO  segmented.SegmentedRaftLogWorker (SegmentedRaftLogWorker.java:startLogSegment(391)) - 98c33ea6-fb47-41c3-bd3d-1c17f3427380@group-DAE41532BAFE-SegmentedRaftLogWorker: Starting segment from index:0
2020-05-27 19:32:11,084 [98c33ea6-fb47-41c3-bd3d-1c17f3427380@group-DAE41532BAFE-SegmentedRaftLogWorker] INFO  segmented.SegmentedRaftLogWorker (SegmentedRaftLogWorker.java:execute(583)) - 98c33ea6-fb47-41c3-bd3d-1c17f3427380@group-DAE41532BAFE-SegmentedRaftLogWorker: created new log segment /github/workspace/mnt/ozone/hadoop-ozone/integration-test/target/test-dir/MiniOzoneClusterImpl-f0010636-4b6e-4820-a6ed-9dd9125fe66b/datanode-8/data/ratis/97e9f1ac-6d89-4715-a322-dae41532bafe/current/log_inprogress_0
2020-05-27 19:32:11,095 [98c33ea6-fb47-41c3-bd3d-1c17f3427380@group-DAE41532BAFE-LeaderElection12] INFO  impl.RaftServerImpl (ServerState.java:setRaftConf(356)) - 98c33ea6-fb47-41c3-bd3d-1c17f3427380@group-DAE41532BAFE: set configuration 0: [98c33ea6-fb47-41c3-bd3d-1c17f3427380:172.17.0.2:32845], old=null at 0
2020-05-27 19:32:11,106 [Thread-305] INFO  impl.FollowerState (FollowerState.java:run(108)) - 0ab43432-34fe-4306-a50d-0ea23314de87@group-08DDE34C77D1-FollowerState: change to CANDIDATE, lastRpcTime:1041ms, electionTimeout:1033ms
2020-05-27 19:32:11,106 [Thread-305] INFO  impl.RoleInfo (RoleInfo.java:shutdownFollowerState(121)) - 0ab43432-34fe-4306-a50d-0ea23314de87: shutdown FollowerState
2020-05-27 19:32:11,106 [Thread-305] INFO  impl.RaftServerImpl (RaftServerImpl.java:setRole(173)) - 0ab43432-34fe-4306-a50d-0ea23314de87@group-08DDE34C77D1: changes role from  FOLLOWER to CANDIDATE at term 0 for changeToCandidate
2020-05-27 19:32:11,106 [Thread-305] INFO  impl.RoleInfo (RoleInfo.java:updateAndGet(143)) - 0ab43432-34fe-4306-a50d-0ea23314de87: start LeaderElection
2020-05-27 19:32:11,113 [Thread-296] INFO  impl.FollowerState (FollowerState.java:run(108)) - f1f3a69c-d257-43b6-814a-48c5022c930f@group-4EB50FEF8EB3-FollowerState: change to CANDIDATE, lastRpcTime:1164ms, electionTimeout:1153ms
2020-05-27 19:32:11,113 [Thread-296] INFO  impl.RoleInfo (RoleInfo.java:shutdownFollowerState(121)) - f1f3a69c-d257-43b6-814a-48c5022c930f: shutdown FollowerState
2020-05-27 19:32:11,113 [Thread-296] INFO  impl.RaftServerImpl (RaftServerImpl.java:setRole(173)) - f1f3a69c-d257-43b6-814a-48c5022c930f@group-4EB50FEF8EB3: changes role from  FOLLOWER to CANDIDATE at term 0 for changeToCandidate
2020-05-27 19:32:11,121 [Thread-296] INFO  impl.RoleInfo (RoleInfo.java:updateAndGet(143)) - f1f3a69c-d257-43b6-814a-48c5022c930f: start LeaderElection
2020-05-27 19:32:11,131 [0ab43432-34fe-4306-a50d-0ea23314de87@group-08DDE34C77D1-LeaderElection13] INFO  impl.LeaderElection (LeaderElection.java:askForVotes(206)) - 0ab43432-34fe-4306-a50d-0ea23314de87@group-08DDE34C77D1-LeaderElection13: begin an election at term 1 for -1: [f1f3a69c-d257-43b6-814a-48c5022c930f:172.17.0.2:43147, 98c33ea6-fb47-41c3-bd3d-1c17f3427380:172.17.0.2:32845, 0ab43432-34fe-4306-a50d-0ea23314de87:172.17.0.2:42819], old=null
2020-05-27 19:32:11,133 [f1f3a69c-d257-43b6-814a-48c5022c930f@group-4EB50FEF8EB3-LeaderElection14] INFO  impl.LeaderElection (LeaderElection.java:askForVotes(206)) - f1f3a69c-d257-43b6-814a-48c5022c930f@group-4EB50FEF8EB3-LeaderElection14: begin an election at term 1 for -1: [f1f3a69c-d257-43b6-814a-48c5022c930f:172.17.0.2:43147], old=null
2020-05-27 19:32:11,133 [f1f3a69c-d257-43b6-814a-48c5022c930f@group-4EB50FEF8EB3-LeaderElection14] INFO  impl.RoleInfo (RoleInfo.java:shutdownLeaderElection(134)) - f1f3a69c-d257-43b6-814a-48c5022c930f: shutdown LeaderElection
2020-05-27 19:32:11,133 [f1f3a69c-d257-43b6-814a-48c5022c930f@group-4EB50FEF8EB3-LeaderElection14] INFO  impl.RaftServerImpl (RaftServerImpl.java:setRole(173)) - f1f3a69c-d257-43b6-814a-48c5022c930f@group-4EB50FEF8EB3: changes role from CANDIDATE to LEADER at term 1 for changeToLeader
2020-05-27 19:32:11,133 [f1f3a69c-d257-43b6-814a-48c5022c930f@group-4EB50FEF8EB3-LeaderElection14] INFO  ratis.XceiverServerRatis (XceiverServerRatis.java:handleLeaderChangedNotification(762)) - Leader change notification received for group: group-4EB50FEF8EB3 with new leaderId: f1f3a69c-d257-43b6-814a-48c5022c930f
2020-05-27 19:32:11,135 [f1f3a69c-d257-43b6-814a-48c5022c930f@group-4EB50FEF8EB3-LeaderElection14] INFO  impl.RaftServerImpl (ServerState.java:setLeader(255)) - f1f3a69c-d257-43b6-814a-48c5022c930f@group-4EB50FEF8EB3: change Leader from null to f1f3a69c-d257-43b6-814a-48c5022c930f at term 1 for becomeLeader, leader elected after 1236ms
2020-05-27 19:32:11,135 [f1f3a69c-d257-43b6-814a-48c5022c930f@group-4EB50FEF8EB3-LeaderElection14] INFO  server.RaftServerConfigKeys (ConfUtils.java:logGet(44)) - raft.server.staging.catchup.gap = 1000 (default)
2020-05-27 19:32:11,135 [f1f3a69c-d257-43b6-814a-48c5022c930f@group-4EB50FEF8EB3-LeaderElection14] INFO  server.RaftServerConfigKeys (ConfUtils.java:logGet(44)) - raft.server.rpc.sleep.time = 25ms (default)
2020-05-27 19:32:11,135 [f1f3a69c-d257-43b6-814a-48c5022c930f@group-4EB50FEF8EB3-LeaderElection14] INFO  metrics.RatisMetrics (RatisMetrics.java:lambda$create$0(39)) - Creating Metrics Registry : ratis.log_appender.f1f3a69c-d257-43b6-814a-48c5022c930f@group-4EB50FEF8EB3
2020-05-27 19:32:11,135 [f1f3a69c-d257-43b6-814a-48c5022c930f@group-4EB50FEF8EB3-LeaderElection14] INFO  server.RaftServerConfigKeys (ConfUtils.java:logGet(44)) - raft.server.write.element-limit = 1024 (custom)
2020-05-27 19:32:11,135 [f1f3a69c-d257-43b6-814a-48c5022c930f@group-4EB50FEF8EB3-LeaderElection14] INFO  server.RaftServerConfigKeys (ConfUtils.java:logGet(44)) - raft.server.write.byte-limit = 1073741824 (custom)
2020-05-27 19:32:11,136 [f1f3a69c-d257-43b6-814a-48c5022c930f@group-4EB50FEF8EB3-LeaderElection14] INFO  server.RaftServerConfigKeys (ConfUtils.java:logGet(44)) - raft.server.watch.timeout = 3s (custom)
2020-05-27 19:32:11,136 [f1f3a69c-d257-43b6-814a-48c5022c930f@group-4EB50FEF8EB3-LeaderElection14] INFO  server.RaftServerConfigKeys (ConfUtils.java:logGet(44)) - raft.server.watch.timeout.denomination = 1s (default)
2020-05-27 19:32:11,136 [f1f3a69c-d257-43b6-814a-48c5022c930f@group-4EB50FEF8EB3-LeaderElection14] INFO  server.RaftServerConfigKeys (ConfUtils.java:logGet(44)) - raft.server.watch.element-limit = 65536 (default)
2020-05-27 19:32:11,136 [f1f3a69c-d257-43b6-814a-48c5022c930f@group-4EB50FEF8EB3-LeaderElection14] INFO  impl.RoleInfo (RoleInfo.java:updateAndGet(143)) - f1f3a69c-d257-43b6-814a-48c5022c930f: start LeaderState
2020-05-27 19:32:11,136 [f1f3a69c-d257-43b6-814a-48c5022c930f@group-4EB50FEF8EB3-LeaderElection14] INFO  segmented.SegmentedRaftLogWorker (SegmentedRaftLogWorker.java:startLogSegment(391)) - f1f3a69c-d257-43b6-814a-48c5022c930f@group-4EB50FEF8EB3-SegmentedRaftLogWorker: Starting segment from index:0
2020-05-27 19:32:11,138 [f1f3a69c-d257-43b6-814a-48c5022c930f@group-4EB50FEF8EB3-SegmentedRaftLogWorker] INFO  segmented.SegmentedRaftLogWorker (SegmentedRaftLogWorker.java:execute(583)) - f1f3a69c-d257-43b6-814a-48c5022c930f@group-4EB50FEF8EB3-SegmentedRaftLogWorker: created new log segment /github/workspace/mnt/ozone/hadoop-ozone/integration-test/target/test-dir/MiniOzoneClusterImpl-f0010636-4b6e-4820-a6ed-9dd9125fe66b/datanode-6/data/ratis/1929558f-afe2-4b71-a1bc-4eb50fef8eb3/current/log_inprogress_0
2020-05-27 19:32:11,142 [f1f3a69c-d257-43b6-814a-48c5022c930f@group-4EB50FEF8EB3-LeaderElection14] INFO  impl.RaftServerImpl (ServerState.java:setRaftConf(356)) - f1f3a69c-d257-43b6-814a-48c5022c930f@group-4EB50FEF8EB3: set configuration 0: [f1f3a69c-d257-43b6-814a-48c5022c930f:172.17.0.2:43147], old=null at 0
2020-05-27 19:32:11,168 [Thread-301] INFO  impl.FollowerState (FollowerState.java:run(108)) - c8b07204-1f01-416a-8b12-65edb182c14b@group-6F7ADB4E949F-FollowerState: change to CANDIDATE, lastRpcTime:1134ms, electionTimeout:1131ms
2020-05-27 19:32:11,168 [Thread-299] INFO  impl.FollowerState (FollowerState.java:run(108)) - 98c33ea6-fb47-41c3-bd3d-1c17f3427380@group-08DDE34C77D1-FollowerState: change to CANDIDATE, lastRpcTime:1184ms, electionTimeout:1174ms
2020-05-27 19:32:11,168 [Thread-301] INFO  impl.RoleInfo (RoleInfo.java:shutdownFollowerState(121)) - c8b07204-1f01-416a-8b12-65edb182c14b: shutdown FollowerState
2020-05-27 19:32:11,168 [Thread-301] INFO  impl.RaftServerImpl (RaftServerImpl.java:setRole(173)) - c8b07204-1f01-416a-8b12-65edb182c14b@group-6F7ADB4E949F: changes role from  FOLLOWER to CANDIDATE at term 0 for changeToCandidate
2020-05-27 19:32:11,168 [Thread-299] INFO  impl.RoleInfo (RoleInfo.java:shutdownFollowerState(121)) - 98c33ea6-fb47-41c3-bd3d-1c17f3427380: shutdown FollowerState
2020-05-27 19:32:11,168 [Thread-301] INFO  impl.RoleInfo (RoleInfo.java:updateAndGet(143)) - c8b07204-1f01-416a-8b12-65edb182c14b: start LeaderElection
2020-05-27 19:32:11,168 [Thread-299] INFO  impl.RaftServerImpl (RaftServerImpl.java:setRole(173)) - 98c33ea6-fb47-41c3-bd3d-1c17f3427380@group-08DDE34C77D1: changes role from  FOLLOWER to CANDIDATE at term 0 for changeToCandidate
2020-05-27 19:32:11,176 [Thread-299] INFO  impl.RoleInfo (RoleInfo.java:updateAndGet(143)) - 98c33ea6-fb47-41c3-bd3d-1c17f3427380: start LeaderElection
2020-05-27 19:32:11,200 [grpc-default-executor-6] INFO  impl.RaftServerImpl (RaftServerImpl.java:setRole(173)) - f1f3a69c-d257-43b6-814a-48c5022c930f@group-08DDE34C77D1: changes role from  FOLLOWER to FOLLOWER at term 1 for recognizeCandidate:0ab43432-34fe-4306-a50d-0ea23314de87
2020-05-27 19:32:11,205 [grpc-default-executor-6] INFO  impl.RoleInfo (RoleInfo.java:shutdownFollowerState(121)) - f1f3a69c-d257-43b6-814a-48c5022c930f: shutdown FollowerState
2020-05-27 19:32:11,205 [grpc-default-executor-0] INFO  impl.RaftServerImpl (RaftServerImpl.java:setRole(173)) - 98c33ea6-fb47-41c3-bd3d-1c17f3427380@group-08DDE34C77D1: changes role from CANDIDATE to FOLLOWER at term 1 for recognizeCandidate:0ab43432-34fe-4306-a50d-0ea23314de87
2020-05-27 19:32:11,206 [grpc-default-executor-0] INFO  impl.RoleInfo (RoleInfo.java:shutdownLeaderElection(134)) - 98c33ea6-fb47-41c3-bd3d-1c17f3427380: shutdown LeaderElection
2020-05-27 19:32:11,206 [grpc-default-executor-0] INFO  impl.RoleInfo (RoleInfo.java:updateAndGet(143)) - 98c33ea6-fb47-41c3-bd3d-1c17f3427380: start FollowerState
2020-05-27 19:32:11,205 [grpc-default-executor-6] INFO  impl.RoleInfo (RoleInfo.java:updateAndGet(143)) - f1f3a69c-d257-43b6-814a-48c5022c930f: start FollowerState
2020-05-27 19:32:11,206 [Thread-303] INFO  impl.FollowerState (FollowerState.java:run(117)) - f1f3a69c-d257-43b6-814a-48c5022c930f@group-08DDE34C77D1-FollowerState was interrupted: java.lang.InterruptedException: sleep interrupted
2020-05-27 19:32:11,207 [c8b07204-1f01-416a-8b12-65edb182c14b@group-6F7ADB4E949F-LeaderElection15] INFO  impl.LeaderElection (LeaderElection.java:askForVotes(206)) - c8b07204-1f01-416a-8b12-65edb182c14b@group-6F7ADB4E949F-LeaderElection15: begin an election at term 1 for -1: [c8b07204-1f01-416a-8b12-65edb182c14b:172.17.0.2:36541], old=null
2020-05-27 19:32:11,207 [c8b07204-1f01-416a-8b12-65edb182c14b@group-6F7ADB4E949F-LeaderElection15] INFO  impl.RoleInfo (RoleInfo.java:shutdownLeaderElection(134)) - c8b07204-1f01-416a-8b12-65edb182c14b: shutdown LeaderElection
2020-05-27 19:32:11,207 [c8b07204-1f01-416a-8b12-65edb182c14b@group-6F7ADB4E949F-LeaderElection15] INFO  impl.RaftServerImpl (RaftServerImpl.java:setRole(173)) - c8b07204-1f01-416a-8b12-65edb182c14b@group-6F7ADB4E949F: changes role from CANDIDATE to LEADER at term 1 for changeToLeader
2020-05-27 19:32:11,207 [c8b07204-1f01-416a-8b12-65edb182c14b@group-6F7ADB4E949F-LeaderElection15] INFO  ratis.XceiverServerRatis (XceiverServerRatis.java:handleLeaderChangedNotification(762)) - Leader change notification received for group: group-6F7ADB4E949F with new leaderId: c8b07204-1f01-416a-8b12-65edb182c14b
2020-05-27 19:32:11,216 [c8b07204-1f01-416a-8b12-65edb182c14b@group-6F7ADB4E949F-LeaderElection15] INFO  impl.RaftServerImpl (ServerState.java:setLeader(255)) - c8b07204-1f01-416a-8b12-65edb182c14b@group-6F7ADB4E949F: change Leader from null to c8b07204-1f01-416a-8b12-65edb182c14b at term 1 for becomeLeader, leader elected after 1267ms
2020-05-27 19:32:11,223 [c8b07204-1f01-416a-8b12-65edb182c14b@group-6F7ADB4E949F-LeaderElection15] INFO  server.RaftServerConfigKeys (ConfUtils.java:logGet(44)) - raft.server.staging.catchup.gap = 1000 (default)
2020-05-27 19:32:11,223 [c8b07204-1f01-416a-8b12-65edb182c14b@group-6F7ADB4E949F-LeaderElection15] INFO  server.RaftServerConfigKeys (ConfUtils.java:logGet(44)) - raft.server.rpc.sleep.time = 25ms (default)
2020-05-27 19:32:11,223 [c8b07204-1f01-416a-8b12-65edb182c14b@group-6F7ADB4E949F-LeaderElection15] INFO  metrics.RatisMetrics (RatisMetrics.java:lambda$create$0(39)) - Creating Metrics Registry : ratis.log_appender.c8b07204-1f01-416a-8b12-65edb182c14b@group-6F7ADB4E949F
2020-05-27 19:32:11,223 [c8b07204-1f01-416a-8b12-65edb182c14b@group-6F7ADB4E949F-LeaderElection15] INFO  server.RaftServerConfigKeys (ConfUtils.java:logGet(44)) - raft.server.write.element-limit = 1024 (custom)
2020-05-27 19:32:11,223 [c8b07204-1f01-416a-8b12-65edb182c14b@group-6F7ADB4E949F-LeaderElection15] INFO  server.RaftServerConfigKeys (ConfUtils.java:logGet(44)) - raft.server.write.byte-limit = 1073741824 (custom)
2020-05-27 19:32:11,223 [c8b07204-1f01-416a-8b12-65edb182c14b@group-6F7ADB4E949F-LeaderElection15] INFO  server.RaftServerConfigKeys (ConfUtils.java:logGet(44)) - raft.server.watch.timeout = 3s (custom)
2020-05-27 19:32:11,224 [c8b07204-1f01-416a-8b12-65edb182c14b@group-6F7ADB4E949F-LeaderElection15] INFO  server.RaftServerConfigKeys (ConfUtils.java:logGet(44)) - raft.server.watch.timeout.denomination = 1s (default)
2020-05-27 19:32:11,224 [c8b07204-1f01-416a-8b12-65edb182c14b@group-6F7ADB4E949F-LeaderElection15] INFO  server.RaftServerConfigKeys (ConfUtils.java:logGet(44)) - raft.server.watch.element-limit = 65536 (default)
2020-05-27 19:32:11,224 [c8b07204-1f01-416a-8b12-65edb182c14b@group-6F7ADB4E949F-LeaderElection15] INFO  impl.RoleInfo (RoleInfo.java:updateAndGet(143)) - c8b07204-1f01-416a-8b12-65edb182c14b: start LeaderState
2020-05-27 19:32:11,224 [c8b07204-1f01-416a-8b12-65edb182c14b@group-6F7ADB4E949F-LeaderElection15] INFO  segmented.SegmentedRaftLogWorker (SegmentedRaftLogWorker.java:startLogSegment(391)) - c8b07204-1f01-416a-8b12-65edb182c14b@group-6F7ADB4E949F-SegmentedRaftLogWorker: Starting segment from index:0
2020-05-27 19:32:11,224 [98c33ea6-fb47-41c3-bd3d-1c17f3427380@group-08DDE34C77D1-LeaderElection16] INFO  impl.LeaderElection (LeaderElection.java:askForVotes(206)) - 98c33ea6-fb47-41c3-bd3d-1c17f3427380@group-08DDE34C77D1-LeaderElection16: begin an election at term 2 for -1: [f1f3a69c-d257-43b6-814a-48c5022c930f:172.17.0.2:43147, 98c33ea6-fb47-41c3-bd3d-1c17f3427380:172.17.0.2:32845, 0ab43432-34fe-4306-a50d-0ea23314de87:172.17.0.2:42819], old=null
2020-05-27 19:32:11,227 [c8b07204-1f01-416a-8b12-65edb182c14b@group-6F7ADB4E949F-SegmentedRaftLogWorker] INFO  segmented.SegmentedRaftLogWorker (SegmentedRaftLogWorker.java:execute(583)) - c8b07204-1f01-416a-8b12-65edb182c14b@group-6F7ADB4E949F-SegmentedRaftLogWorker: created new log segment /github/workspace/mnt/ozone/hadoop-ozone/integration-test/target/test-dir/MiniOzoneClusterImpl-f0010636-4b6e-4820-a6ed-9dd9125fe66b/datanode-9/data/ratis/3c0a9589-746f-44c5-b22a-6f7adb4e949f/current/log_inprogress_0
2020-05-27 19:32:11,236 [c8b07204-1f01-416a-8b12-65edb182c14b@group-6F7ADB4E949F-LeaderElection15] INFO  impl.RaftServerImpl (ServerState.java:setRaftConf(356)) - c8b07204-1f01-416a-8b12-65edb182c14b@group-6F7ADB4E949F: set configuration 0: [c8b07204-1f01-416a-8b12-65edb182c14b:172.17.0.2:36541], old=null at 0
2020-05-27 19:32:11,236 [0ab43432-34fe-4306-a50d-0ea23314de87@group-08DDE34C77D1-LeaderElection13] INFO  impl.LeaderElection (LeaderElection.java:logAndReturn(61)) - 0ab43432-34fe-4306-a50d-0ea23314de87@group-08DDE34C77D1-LeaderElection13: Election PASSED; received 1 response(s) [0ab43432-34fe-4306-a50d-0ea23314de87<-f1f3a69c-d257-43b6-814a-48c5022c930f#0:OK-t1] and 0 exception(s); 0ab43432-34fe-4306-a50d-0ea23314de87@group-08DDE34C77D1:t1, leader=null, voted=0ab43432-34fe-4306-a50d-0ea23314de87, raftlog=0ab43432-34fe-4306-a50d-0ea23314de87@group-08DDE34C77D1-SegmentedRaftLog:OPENED:c-1,f-1,i0, conf=-1: [f1f3a69c-d257-43b6-814a-48c5022c930f:172.17.0.2:43147, 98c33ea6-fb47-41c3-bd3d-1c17f3427380:172.17.0.2:32845, 0ab43432-34fe-4306-a50d-0ea23314de87:172.17.0.2:42819], old=null
2020-05-27 19:32:11,254 [98c33ea6-fb47-41c3-bd3d-1c17f3427380@group-08DDE34C77D1-LeaderElection16] INFO  impl.LeaderElection (LeaderElection.java:logAndReturn(61)) - 98c33ea6-fb47-41c3-bd3d-1c17f3427380@group-08DDE34C77D1-LeaderElection16: Election REJECTED; received 0 response(s) [] and 0 exception(s); 98c33ea6-fb47-41c3-bd3d-1c17f3427380@group-08DDE34C77D1:t2, leader=null, voted=98c33ea6-fb47-41c3-bd3d-1c17f3427380, raftlog=98c33ea6-fb47-41c3-bd3d-1c17f3427380@group-08DDE34C77D1-SegmentedRaftLog:OPENED:c-1,f-1,i0, conf=-1: [f1f3a69c-d257-43b6-814a-48c5022c930f:172.17.0.2:43147, 98c33ea6-fb47-41c3-bd3d-1c17f3427380:172.17.0.2:32845, 0ab43432-34fe-4306-a50d-0ea23314de87:172.17.0.2:42819], old=null
2020-05-27 19:32:11,277 [0ab43432-34fe-4306-a50d-0ea23314de87@group-08DDE34C77D1-LeaderElection13] INFO  impl.RoleInfo (RoleInfo.java:shutdownLeaderElection(134)) - 0ab43432-34fe-4306-a50d-0ea23314de87: shutdown LeaderElection
2020-05-27 19:32:11,305 [0ab43432-34fe-4306-a50d-0ea23314de87@group-08DDE34C77D1-LeaderElection13] INFO  impl.RaftServerImpl (RaftServerImpl.java:setRole(173)) - 0ab43432-34fe-4306-a50d-0ea23314de87@group-08DDE34C77D1: changes role from CANDIDATE to LEADER at term 1 for changeToLeader
2020-05-27 19:32:11,305 [0ab43432-34fe-4306-a50d-0ea23314de87@group-08DDE34C77D1-LeaderElection13] INFO  ratis.XceiverServerRatis (XceiverServerRatis.java:handleLeaderChangedNotification(762)) - Leader change notification received for group: group-08DDE34C77D1 with new leaderId: 0ab43432-34fe-4306-a50d-0ea23314de87
2020-05-27 19:32:11,305 [0ab43432-34fe-4306-a50d-0ea23314de87@group-08DDE34C77D1-LeaderElection13] INFO  impl.RaftServerImpl (ServerState.java:setLeader(255)) - 0ab43432-34fe-4306-a50d-0ea23314de87@group-08DDE34C77D1: change Leader from null to 0ab43432-34fe-4306-a50d-0ea23314de87 at term 1 for becomeLeader, leader elected after 1251ms
2020-05-27 19:32:11,306 [0ab43432-34fe-4306-a50d-0ea23314de87@group-08DDE34C77D1-LeaderElection13] INFO  server.RaftServerConfigKeys (ConfUtils.java:logGet(44)) - raft.server.staging.catchup.gap = 1000 (default)
2020-05-27 19:32:11,306 [0ab43432-34fe-4306-a50d-0ea23314de87@group-08DDE34C77D1-LeaderElection13] INFO  server.RaftServerConfigKeys (ConfUtils.java:logGet(44)) - raft.server.rpc.sleep.time = 25ms (default)
2020-05-27 19:32:11,306 [0ab43432-34fe-4306-a50d-0ea23314de87@group-08DDE34C77D1-LeaderElection13] INFO  metrics.RatisMetrics (RatisMetrics.java:lambda$create$0(39)) - Creating Metrics Registry : ratis.log_appender.0ab43432-34fe-4306-a50d-0ea23314de87@group-08DDE34C77D1
2020-05-27 19:32:11,306 [0ab43432-34fe-4306-a50d-0ea23314de87@group-08DDE34C77D1-LeaderElection13] INFO  server.RaftServerConfigKeys (ConfUtils.java:logGet(44)) - raft.server.write.element-limit = 1024 (custom)
2020-05-27 19:32:11,306 [0ab43432-34fe-4306-a50d-0ea23314de87@group-08DDE34C77D1-LeaderElection13] INFO  server.RaftServerConfigKeys (ConfUtils.java:logGet(44)) - raft.server.write.byte-limit = 1073741824 (custom)
2020-05-27 19:32:11,307 [0ab43432-34fe-4306-a50d-0ea23314de87@group-08DDE34C77D1-LeaderElection13] INFO  server.RaftServerConfigKeys (ConfUtils.java:logGet(44)) - raft.server.watch.timeout = 3s (custom)
2020-05-27 19:32:11,307 [0ab43432-34fe-4306-a50d-0ea23314de87@group-08DDE34C77D1-LeaderElection13] INFO  server.RaftServerConfigKeys (ConfUtils.java:logGet(44)) - raft.server.watch.timeout.denomination = 1s (default)
2020-05-27 19:32:11,307 [0ab43432-34fe-4306-a50d-0ea23314de87@group-08DDE34C77D1-LeaderElection13] INFO  server.RaftServerConfigKeys (ConfUtils.java:logGet(44)) - raft.server.watch.element-limit = 65536 (default)
2020-05-27 19:32:11,307 [0ab43432-34fe-4306-a50d-0ea23314de87@group-08DDE34C77D1-LeaderElection13] INFO  server.RaftServerConfigKeys (ConfUtils.java:logGet(44)) - raft.server.log.appender.snapshot.chunk.size.max = 16MB (=16777216) (default)
2020-05-27 19:32:11,307 [0ab43432-34fe-4306-a50d-0ea23314de87@group-08DDE34C77D1-LeaderElection13] INFO  server.RaftServerConfigKeys (ConfUtils.java:logGet(44)) - raft.server.log.appender.buffer.byte-limit = 33554432 (custom)
2020-05-27 19:32:11,307 [0ab43432-34fe-4306-a50d-0ea23314de87@group-08DDE34C77D1-LeaderElection13] INFO  server.RaftServerConfigKeys (ConfUtils.java:logGet(44)) - raft.server.log.appender.buffer.element-limit = 1 (custom)
2020-05-27 19:32:11,307 [0ab43432-34fe-4306-a50d-0ea23314de87@group-08DDE34C77D1-LeaderElection13] INFO  grpc.GrpcConfigKeys (ConfUtils.java:logGet(44)) - raft.grpc.server.leader.outstanding.appends.max = 128 (default)
2020-05-27 19:32:11,307 [0ab43432-34fe-4306-a50d-0ea23314de87@group-08DDE34C77D1-LeaderElection13] INFO  server.RaftServerConfigKeys (ConfUtils.java:logGet(44)) - raft.server.rpc.request.timeout = 3s (default)
2020-05-27 19:32:11,308 [0ab43432-34fe-4306-a50d-0ea23314de87@group-08DDE34C77D1-LeaderElection13] INFO  server.RaftServerConfigKeys (ConfUtils.java:logGet(44)) - raft.server.log.appender.install.snapshot.enabled = false (custom)
2020-05-27 19:32:11,310 [EventQueue-PipelineReportForPipelineReportHandler] INFO  pipeline.PipelineStateManager (PipelineStateManager.java:openPipeline(131)) - Pipeline Pipeline[ Id: f4cf136f-dea7-4e47-9282-08dde34c77d1, Nodes: f1f3a69c-d257-43b6-814a-48c5022c930f{ip: 172.17.0.2, host: 97d0c8b5f382, networkLocation: /rack1, certSerialId: null}0ab43432-34fe-4306-a50d-0ea23314de87{ip: 172.17.0.2, host: 97d0c8b5f382, networkLocation: /rack1, certSerialId: null}98c33ea6-fb47-41c3-bd3d-1c17f3427380{ip: 172.17.0.2, host: 97d0c8b5f382, networkLocation: /rack1, certSerialId: null}, Type:RATIS, Factor:THREE, State:ALLOCATED, leaderId:0ab43432-34fe-4306-a50d-0ea23314de87, CreationTimestamp2020-05-27T19:32:06.771Z] moved to OPEN state
2020-05-27 19:32:11,323 [grpc-default-executor-6] INFO  impl.RaftServerImpl (RaftServerImpl.java:setRole(173)) - f1f3a69c-d257-43b6-814a-48c5022c930f@group-08DDE34C77D1: changes role from  FOLLOWER to FOLLOWER at term 2 for recognizeCandidate:98c33ea6-fb47-41c3-bd3d-1c17f3427380
2020-05-27 19:32:11,323 [grpc-default-executor-6] INFO  impl.RoleInfo (RoleInfo.java:shutdownFollowerState(121)) - f1f3a69c-d257-43b6-814a-48c5022c930f: shutdown FollowerState
2020-05-27 19:32:11,323 [grpc-default-executor-6] INFO  impl.RoleInfo (RoleInfo.java:updateAndGet(143)) - f1f3a69c-d257-43b6-814a-48c5022c930f: start FollowerState
2020-05-27 19:32:11,322 [0ab43432-34fe-4306-a50d-0ea23314de87@group-08DDE34C77D1-LeaderElection13] INFO  server.RaftServerConfigKeys (ConfUtils.java:logGet(44)) - raft.server.log.appender.snapshot.chunk.size.max = 16MB (=16777216) (default)
2020-05-27 19:32:11,323 [Thread-377] INFO  impl.FollowerState (FollowerState.java:run(117)) - f1f3a69c-d257-43b6-814a-48c5022c930f@group-08DDE34C77D1-FollowerState was interrupted: java.lang.InterruptedException: sleep interrupted
2020-05-27 19:32:11,328 [0ab43432-34fe-4306-a50d-0ea23314de87@group-08DDE34C77D1-LeaderElection13] INFO  server.RaftServerConfigKeys (ConfUtils.java:logGet(44)) - raft.server.log.appender.buffer.byte-limit = 33554432 (custom)
2020-05-27 19:32:11,329 [0ab43432-34fe-4306-a50d-0ea23314de87@group-08DDE34C77D1-LeaderElection13] INFO  server.RaftServerConfigKeys (ConfUtils.java:logGet(44)) - raft.server.log.appender.buffer.element-limit = 1 (custom)
2020-05-27 19:32:11,329 [0ab43432-34fe-4306-a50d-0ea23314de87@group-08DDE34C77D1-LeaderElection13] INFO  grpc.GrpcConfigKeys (ConfUtils.java:logGet(44)) - raft.grpc.server.leader.outstanding.appends.max = 128 (default)
2020-05-27 19:32:11,329 [0ab43432-34fe-4306-a50d-0ea23314de87@group-08DDE34C77D1-LeaderElection13] INFO  server.RaftServerConfigKeys (ConfUtils.java:logGet(44)) - raft.server.rpc.request.timeout = 3s (default)
2020-05-27 19:32:11,329 [0ab43432-34fe-4306-a50d-0ea23314de87@group-08DDE34C77D1-LeaderElection13] INFO  server.RaftServerConfigKeys (ConfUtils.java:logGet(44)) - raft.server.log.appender.install.snapshot.enabled = false (custom)
2020-05-27 19:32:11,330 [0ab43432-34fe-4306-a50d-0ea23314de87@group-08DDE34C77D1-LeaderElection13] INFO  impl.RoleInfo (RoleInfo.java:updateAndGet(143)) - 0ab43432-34fe-4306-a50d-0ea23314de87: start LeaderState
2020-05-27 19:32:11,330 [0ab43432-34fe-4306-a50d-0ea23314de87@group-08DDE34C77D1-LeaderElection13] INFO  segmented.SegmentedRaftLogWorker (SegmentedRaftLogWorker.java:startLogSegment(391)) - 0ab43432-34fe-4306-a50d-0ea23314de87@group-08DDE34C77D1-SegmentedRaftLogWorker: Starting segment from index:0
2020-05-27 19:32:11,334 [0ab43432-34fe-4306-a50d-0ea23314de87@group-08DDE34C77D1-SegmentedRaftLogWorker] INFO  segmented.SegmentedRaftLogWorker (SegmentedRaftLogWorker.java:execute(583)) - 0ab43432-34fe-4306-a50d-0ea23314de87@group-08DDE34C77D1-SegmentedRaftLogWorker: created new log segment /github/workspace/mnt/ozone/hadoop-ozone/integration-test/target/test-dir/MiniOzoneClusterImpl-f0010636-4b6e-4820-a6ed-9dd9125fe66b/datanode-7/data/ratis/f4cf136f-dea7-4e47-9282-08dde34c77d1/current/log_inprogress_0
2020-05-27 19:32:11,353 [0ab43432-34fe-4306-a50d-0ea23314de87@group-08DDE34C77D1-LeaderElection13] INFO  impl.RaftServerImpl (ServerState.java:setRaftConf(356)) - 0ab43432-34fe-4306-a50d-0ea23314de87@group-08DDE34C77D1: set configuration 0: [f1f3a69c-d257-43b6-814a-48c5022c930f:172.17.0.2:43147, 98c33ea6-fb47-41c3-bd3d-1c17f3427380:172.17.0.2:32845, 0ab43432-34fe-4306-a50d-0ea23314de87:172.17.0.2:42819], old=null at 0
2020-05-27 19:32:11,362 [grpc-default-executor-0] INFO  impl.RaftServerImpl (ServerState.java:setLeader(255)) - 0ab43432-34fe-4306-a50d-0ea23314de87@group-08DDE34C77D1: change Leader from 0ab43432-34fe-4306-a50d-0ea23314de87 to null at term 2 for updateCurrentTerm
2020-05-27 19:32:11,362 [grpc-default-executor-0] INFO  impl.RaftServerImpl (RaftServerImpl.java:setRole(173)) - 0ab43432-34fe-4306-a50d-0ea23314de87@group-08DDE34C77D1: changes role from    LEADER to FOLLOWER at term 2 for recognizeCandidate:98c33ea6-fb47-41c3-bd3d-1c17f3427380
2020-05-27 19:32:11,362 [grpc-default-executor-0] INFO  impl.RoleInfo (RoleInfo.java:shutdownLeaderState(104)) - 0ab43432-34fe-4306-a50d-0ea23314de87: shutdown LeaderState
2020-05-27 19:32:11,396 [org.apache.ratis.server.impl.LogAppender$AppenderDaemon$$Lambda$438/1007750772@7df4d215] WARN  server.GrpcLogAppender (GrpcLogAppender.java:mayWait(153)) - 0ab43432-34fe-4306-a50d-0ea23314de87@group-08DDE34C77D1->f1f3a69c-d257-43b6-814a-48c5022c930f-GrpcLogAppender: Wait interrupted by java.lang.InterruptedException
2020-05-27 19:32:11,415 [grpc-default-executor-6] INFO  server.GrpcServerProtocolService (GrpcServerProtocolService.java:onCompleted(137)) - f1f3a69c-d257-43b6-814a-48c5022c930f: Completed APPEND_ENTRIES, lastRequest: 0ab43432-34fe-4306-a50d-0ea23314de87->f1f3a69c-d257-43b6-814a-48c5022c930f#1-t1, previous=(t:0, i:0), leaderCommit=-1, initializing? false, entries: size=1, first=(t:1, i:0), CONFIGURATIONENTRY
2020-05-27 19:32:11,416 [grpc-default-executor-0] INFO  impl.PendingRequests (PendingRequests.java:sendNotLeaderResponses(242)) - 0ab43432-34fe-4306-a50d-0ea23314de87@group-08DDE34C77D1-PendingRequests: sendNotLeaderResponses
2020-05-27 19:32:11,416 [grpc-default-executor-0] INFO  metrics.RatisMetrics (RatisMetrics.java:unregister(46)) - Unregistering Metrics Registry : ratis.log_appender.0ab43432-34fe-4306-a50d-0ea23314de87@group-08DDE34C77D1
2020-05-27 19:32:11,416 [grpc-default-executor-0] INFO  impl.RoleInfo (RoleInfo.java:updateAndGet(143)) - 0ab43432-34fe-4306-a50d-0ea23314de87: start FollowerState
2020-05-27 19:32:11,416 [org.apache.ratis.server.impl.LogAppender$AppenderDaemon$$Lambda$438/1007750772@2396e4ed] WARN  server.GrpcLogAppender (GrpcLogAppender.java:mayWait(153)) - 0ab43432-34fe-4306-a50d-0ea23314de87@group-08DDE34C77D1->98c33ea6-fb47-41c3-bd3d-1c17f3427380-GrpcLogAppender: Wait interrupted by java.lang.InterruptedException
2020-05-27 19:32:11,422 [grpc-default-executor-6] INFO  server.GrpcServerProtocolService (GrpcServerProtocolService.java:onCompleted(137)) - 98c33ea6-fb47-41c3-bd3d-1c17f3427380: Completed APPEND_ENTRIES, lastRequest: 0ab43432-34fe-4306-a50d-0ea23314de87->98c33ea6-fb47-41c3-bd3d-1c17f3427380#1-t1, previous=(t:0, i:0), leaderCommit=-1, initializing? false, entries: size=1, first=(t:1, i:0), CONFIGURATIONENTRY
2020-05-27 19:32:11,426 [grpc-default-executor-4] INFO  server.GrpcLogAppender (GrpcLogAppender.java:onCompleted(309)) - 0ab43432-34fe-4306-a50d-0ea23314de87@group-08DDE34C77D1->f1f3a69c-d257-43b6-814a-48c5022c930f-AppendLogResponseHandler: follower responses appendEntries COMPLETED
2020-05-27 19:32:11,427 [grpc-default-executor-7] INFO  server.GrpcLogAppender (GrpcLogAppender.java:onCompleted(309)) - 0ab43432-34fe-4306-a50d-0ea23314de87@group-08DDE34C77D1->98c33ea6-fb47-41c3-bd3d-1c17f3427380-AppendLogResponseHandler: follower responses appendEntries COMPLETED
2020-05-27 19:32:11,445 [grpc-default-executor-4] INFO  impl.FollowerInfo (FollowerInfo.java:lambda$new$0(50)) - 0ab43432-34fe-4306-a50d-0ea23314de87@group-08DDE34C77D1->f1f3a69c-d257-43b6-814a-48c5022c930f: nextIndex: updateUnconditionally 1 -> 0
2020-05-27 19:32:11,448 [grpc-default-executor-7] INFO  impl.FollowerInfo (FollowerInfo.java:lambda$new$0(50)) - 0ab43432-34fe-4306-a50d-0ea23314de87@group-08DDE34C77D1->98c33ea6-fb47-41c3-bd3d-1c17f3427380: nextIndex: updateUnconditionally 1 -> 0
2020-05-27 19:32:11,815 [Thread-347] INFO  impl.FollowerState (FollowerState.java:run(108)) - 43a73f06-de32-4f2e-9dfd-3dbd6ac88803@group-EDFBBF01C07B-FollowerState: change to CANDIDATE, lastRpcTime:1211ms, electionTimeout:1177ms
2020-05-27 19:32:11,815 [Thread-347] INFO  impl.RoleInfo (RoleInfo.java:shutdownFollowerState(121)) - 43a73f06-de32-4f2e-9dfd-3dbd6ac88803: shutdown FollowerState
2020-05-27 19:32:11,816 [Thread-347] INFO  impl.RaftServerImpl (RaftServerImpl.java:setRole(173)) - 43a73f06-de32-4f2e-9dfd-3dbd6ac88803@group-EDFBBF01C07B: changes role from  FOLLOWER to CANDIDATE at term 2 for changeToCandidate
2020-05-27 19:32:11,816 [Thread-347] INFO  impl.RoleInfo (RoleInfo.java:updateAndGet(143)) - 43a73f06-de32-4f2e-9dfd-3dbd6ac88803: start LeaderElection
2020-05-27 19:32:11,823 [Thread-363] INFO  impl.FollowerState (FollowerState.java:run(108)) - 7d59b1d8-9c1a-4986-8068-ccaafcba6925@group-EDFBBF01C07B-FollowerState: change to CANDIDATE, lastRpcTime:1048ms, electionTimeout:1039ms
2020-05-27 19:32:11,823 [Thread-363] INFO  impl.RoleInfo (RoleInfo.java:shutdownFollowerState(121)) - 7d59b1d8-9c1a-4986-8068-ccaafcba6925: shutdown FollowerState
2020-05-27 19:32:11,823 [Thread-363] INFO  impl.RaftServerImpl (RaftServerImpl.java:setRole(173)) - 7d59b1d8-9c1a-4986-8068-ccaafcba6925@group-EDFBBF01C07B: changes role from  FOLLOWER to CANDIDATE at term 2 for changeToCandidate
2020-05-27 19:32:11,824 [Thread-360] INFO  impl.FollowerState (FollowerState.java:run(108)) - f8fa1989-8a4e-41f2-9266-8404362eecef@group-EDFBBF01C07B-FollowerState: change to CANDIDATE, lastRpcTime:1089ms, electionTimeout:1062ms
2020-05-27 19:32:11,824 [Thread-363] INFO  impl.RoleInfo (RoleInfo.java:updateAndGet(143)) - 7d59b1d8-9c1a-4986-8068-ccaafcba6925: start LeaderElection
2020-05-27 19:32:11,824 [Thread-360] INFO  impl.RoleInfo (RoleInfo.java:shutdownFollowerState(121)) - f8fa1989-8a4e-41f2-9266-8404362eecef: shutdown FollowerState
2020-05-27 19:32:11,825 [Thread-360] INFO  impl.RaftServerImpl (RaftServerImpl.java:setRole(173)) - f8fa1989-8a4e-41f2-9266-8404362eecef@group-EDFBBF01C07B: changes role from  FOLLOWER to CANDIDATE at term 2 for changeToCandidate
2020-05-27 19:32:11,825 [Thread-360] INFO  impl.RoleInfo (RoleInfo.java:updateAndGet(143)) - f8fa1989-8a4e-41f2-9266-8404362eecef: start LeaderElection
2020-05-27 19:32:11,826 [43a73f06-de32-4f2e-9dfd-3dbd6ac88803@group-EDFBBF01C07B-LeaderElection17] INFO  impl.LeaderElection (LeaderElection.java:askForVotes(206)) - 43a73f06-de32-4f2e-9dfd-3dbd6ac88803@group-EDFBBF01C07B-LeaderElection17: begin an election at term 3 for -1: [43a73f06-de32-4f2e-9dfd-3dbd6ac88803:172.17.0.2:43883, f8fa1989-8a4e-41f2-9266-8404362eecef:172.17.0.2:34811, 7d59b1d8-9c1a-4986-8068-ccaafcba6925:172.17.0.2:37367], old=null
2020-05-27 19:32:11,827 [7d59b1d8-9c1a-4986-8068-ccaafcba6925@group-EDFBBF01C07B-LeaderElection18] INFO  impl.LeaderElection (LeaderElection.java:askForVotes(206)) - 7d59b1d8-9c1a-4986-8068-ccaafcba6925@group-EDFBBF01C07B-LeaderElection18: begin an election at term 3 for 0: [43a73f06-de32-4f2e-9dfd-3dbd6ac88803:172.17.0.2:43883, f8fa1989-8a4e-41f2-9266-8404362eecef:172.17.0.2:34811, 7d59b1d8-9c1a-4986-8068-ccaafcba6925:172.17.0.2:37367], old=null
2020-05-27 19:32:11,829 [f8fa1989-8a4e-41f2-9266-8404362eecef@group-EDFBBF01C07B-LeaderElection19] INFO  impl.LeaderElection (LeaderElection.java:askForVotes(206)) - f8fa1989-8a4e-41f2-9266-8404362eecef@group-EDFBBF01C07B-LeaderElection19: begin an election at term 3 for -1: [43a73f06-de32-4f2e-9dfd-3dbd6ac88803:172.17.0.2:43883, f8fa1989-8a4e-41f2-9266-8404362eecef:172.17.0.2:34811, 7d59b1d8-9c1a-4986-8068-ccaafcba6925:172.17.0.2:37367], old=null
2020-05-27 19:32:11,865 [43a73f06-de32-4f2e-9dfd-3dbd6ac88803@group-EDFBBF01C07B-LeaderElection17] INFO  impl.LeaderElection (LeaderElection.java:logAndReturn(61)) - 43a73f06-de32-4f2e-9dfd-3dbd6ac88803@group-EDFBBF01C07B-LeaderElection17: Election REJECTED; received 2 response(s) [43a73f06-de32-4f2e-9dfd-3dbd6ac88803<-f8fa1989-8a4e-41f2-9266-8404362eecef#0:FAIL-t3, 43a73f06-de32-4f2e-9dfd-3dbd6ac88803<-7d59b1d8-9c1a-4986-8068-ccaafcba6925#0:FAIL-t3] and 0 exception(s); 43a73f06-de32-4f2e-9dfd-3dbd6ac88803@group-EDFBBF01C07B:t3, leader=null, voted=43a73f06-de32-4f2e-9dfd-3dbd6ac88803, raftlog=43a73f06-de32-4f2e-9dfd-3dbd6ac88803@group-EDFBBF01C07B-SegmentedRaftLog:OPENED:c-1,f-1,i0, conf=-1: [43a73f06-de32-4f2e-9dfd-3dbd6ac88803:172.17.0.2:43883, f8fa1989-8a4e-41f2-9266-8404362eecef:172.17.0.2:34811, 7d59b1d8-9c1a-4986-8068-ccaafcba6925:172.17.0.2:37367], old=null
2020-05-27 19:32:11,865 [43a73f06-de32-4f2e-9dfd-3dbd6ac88803@group-EDFBBF01C07B-LeaderElection17] INFO  impl.RaftServerImpl (RaftServerImpl.java:setRole(173)) - 43a73f06-de32-4f2e-9dfd-3dbd6ac88803@group-EDFBBF01C07B: changes role from CANDIDATE to FOLLOWER at term 3 for DISCOVERED_A_NEW_TERM
2020-05-27 19:32:11,865 [43a73f06-de32-4f2e-9dfd-3dbd6ac88803@group-EDFBBF01C07B-LeaderElection17] INFO  impl.RoleInfo (RoleInfo.java:shutdownLeaderElection(134)) - 43a73f06-de32-4f2e-9dfd-3dbd6ac88803: shutdown LeaderElection
2020-05-27 19:32:11,865 [43a73f06-de32-4f2e-9dfd-3dbd6ac88803@group-EDFBBF01C07B-LeaderElection17] INFO  impl.RoleInfo (RoleInfo.java:updateAndGet(143)) - 43a73f06-de32-4f2e-9dfd-3dbd6ac88803: start FollowerState
2020-05-27 19:32:11,866 [7d59b1d8-9c1a-4986-8068-ccaafcba6925@group-EDFBBF01C07B-LeaderElection18] INFO  impl.LeaderElection (LeaderElection.java:logAndReturn(61)) - 7d59b1d8-9c1a-4986-8068-ccaafcba6925@group-EDFBBF01C07B-LeaderElection18: Election REJECTED; received 2 response(s) [7d59b1d8-9c1a-4986-8068-ccaafcba6925<-43a73f06-de32-4f2e-9dfd-3dbd6ac88803#0:FAIL-t3, 7d59b1d8-9c1a-4986-8068-ccaafcba6925<-f8fa1989-8a4e-41f2-9266-8404362eecef#0:FAIL-t3] and 0 exception(s); 7d59b1d8-9c1a-4986-8068-ccaafcba6925@group-EDFBBF01C07B:t3, leader=null, voted=7d59b1d8-9c1a-4986-8068-ccaafcba6925, raftlog=7d59b1d8-9c1a-4986-8068-ccaafcba6925@group-EDFBBF01C07B-SegmentedRaftLog:OPENED:c-1,f0,i0, conf=0: [43a73f06-de32-4f2e-9dfd-3dbd6ac88803:172.17.0.2:43883, f8fa1989-8a4e-41f2-9266-8404362eecef:172.17.0.2:34811, 7d59b1d8-9c1a-4986-8068-ccaafcba6925:172.17.0.2:37367], old=null
2020-05-27 19:32:11,873 [7d59b1d8-9c1a-4986-8068-ccaafcba6925@group-EDFBBF01C07B-LeaderElection18] INFO  impl.RaftServerImpl (RaftServerImpl.java:setRole(173)) - 7d59b1d8-9c1a-4986-8068-ccaafcba6925@group-EDFBBF01C07B: changes role from CANDIDATE to FOLLOWER at term 3 for DISCOVERED_A_NEW_TERM
2020-05-27 19:32:11,873 [7d59b1d8-9c1a-4986-8068-ccaafcba6925@group-EDFBBF01C07B-LeaderElection18] INFO  impl.RoleInfo (RoleInfo.java:shutdownLeaderElection(134)) - 7d59b1d8-9c1a-4986-8068-ccaafcba6925: shutdown LeaderElection
2020-05-27 19:32:11,873 [7d59b1d8-9c1a-4986-8068-ccaafcba6925@group-EDFBBF01C07B-LeaderElection18] INFO  impl.RoleInfo (RoleInfo.java:updateAndGet(143)) - 7d59b1d8-9c1a-4986-8068-ccaafcba6925: start FollowerState
2020-05-27 19:32:11,876 [f8fa1989-8a4e-41f2-9266-8404362eecef@group-EDFBBF01C07B-LeaderElection19] INFO  impl.LeaderElection (LeaderElection.java:logAndReturn(61)) - f8fa1989-8a4e-41f2-9266-8404362eecef@group-EDFBBF01C07B-LeaderElection19: Election REJECTED; received 2 response(s) [f8fa1989-8a4e-41f2-9266-8404362eecef<-43a73f06-de32-4f2e-9dfd-3dbd6ac88803#0:FAIL-t3, f8fa1989-8a4e-41f2-9266-8404362eecef<-7d59b1d8-9c1a-4986-8068-ccaafcba6925#0:FAIL-t3] and 0 exception(s); f8fa1989-8a4e-41f2-9266-8404362eecef@group-EDFBBF01C07B:t3, leader=null, voted=f8fa1989-8a4e-41f2-9266-8404362eecef, raftlog=f8fa1989-8a4e-41f2-9266-8404362eecef@group-EDFBBF01C07B-SegmentedRaftLog:OPENED:c-1,f-1,i0, conf=-1: [43a73f06-de32-4f2e-9dfd-3dbd6ac88803:172.17.0.2:43883, f8fa1989-8a4e-41f2-9266-8404362eecef:172.17.0.2:34811, 7d59b1d8-9c1a-4986-8068-ccaafcba6925:172.17.0.2:37367], old=null
2020-05-27 19:32:11,877 [f8fa1989-8a4e-41f2-9266-8404362eecef@group-EDFBBF01C07B-LeaderElection19] INFO  impl.RaftServerImpl (RaftServerImpl.java:setRole(173)) - f8fa1989-8a4e-41f2-9266-8404362eecef@group-EDFBBF01C07B: changes role from CANDIDATE to FOLLOWER at term 3 for DISCOVERED_A_NEW_TERM
2020-05-27 19:32:11,878 [f8fa1989-8a4e-41f2-9266-8404362eecef@group-EDFBBF01C07B-LeaderElection19] INFO  impl.RoleInfo (RoleInfo.java:shutdownLeaderElection(134)) - f8fa1989-8a4e-41f2-9266-8404362eecef: shutdown LeaderElection
2020-05-27 19:32:11,878 [f8fa1989-8a4e-41f2-9266-8404362eecef@group-EDFBBF01C07B-LeaderElection19] INFO  impl.RoleInfo (RoleInfo.java:updateAndGet(143)) - f8fa1989-8a4e-41f2-9266-8404362eecef: start FollowerState
2020-05-27 19:32:11,894 [Listener at 127.0.0.1/45217] INFO  rpc.RpcClient (RpcClient.java:createVolume(310)) - Creating Volume: datanodefailurehandlingtest, with jenkins1001 as owner.
2020-05-27 19:32:11,971 [IPC Server handler 12 on default port 45217] INFO  volume.OMVolumeCreateRequest (OMVolumeCreateRequest.java:validateAndUpdateCache(204)) - created volume:datanodefailurehandlingtest for user:jenkins1001
2020-05-27 19:32:11,987 [Listener at 127.0.0.1/45217] INFO  rpc.RpcClient (RpcClient.java:createBucket(450)) - Creating Bucket: datanodefailurehandlingtest/datanodefailurehandlingtest, with Versioning false and Storage Type set to DISK and Encryption set to false 
2020-05-27 19:32:12,179 [Listener at 127.0.0.1/45217] INFO  impl.MetricsSystemImpl (MetricsSystemImpl.java:init(158)) - XceiverClientMetrics metrics system started (again)
2020-05-27 19:32:12,334 [Thread-378] INFO  impl.FollowerState (FollowerState.java:run(108)) - 98c33ea6-fb47-41c3-bd3d-1c17f3427380@group-08DDE34C77D1-FollowerState: change to CANDIDATE, lastRpcTime:1128ms, electionTimeout:1113ms
2020-05-27 19:32:12,334 [Thread-378] INFO  impl.RoleInfo (RoleInfo.java:shutdownFollowerState(121)) - 98c33ea6-fb47-41c3-bd3d-1c17f3427380: shutdown FollowerState
2020-05-27 19:32:12,334 [Thread-378] INFO  impl.RaftServerImpl (RaftServerImpl.java:setRole(173)) - 98c33ea6-fb47-41c3-bd3d-1c17f3427380@group-08DDE34C77D1: changes role from  FOLLOWER to CANDIDATE at term 2 for changeToCandidate
2020-05-27 19:32:12,334 [Thread-378] INFO  impl.RoleInfo (RoleInfo.java:updateAndGet(143)) - 98c33ea6-fb47-41c3-bd3d-1c17f3427380: start LeaderElection
2020-05-27 19:32:12,348 [98c33ea6-fb47-41c3-bd3d-1c17f3427380@group-08DDE34C77D1-LeaderElection20] INFO  impl.LeaderElection (LeaderElection.java:askForVotes(206)) - 98c33ea6-fb47-41c3-bd3d-1c17f3427380@group-08DDE34C77D1-LeaderElection20: begin an election at term 3 for -1: [f1f3a69c-d257-43b6-814a-48c5022c930f:172.17.0.2:43147, 98c33ea6-fb47-41c3-bd3d-1c17f3427380:172.17.0.2:32845, 0ab43432-34fe-4306-a50d-0ea23314de87:172.17.0.2:42819], old=null
2020-05-27 19:32:12,394 [grpc-default-executor-6] INFO  impl.RaftServerImpl (RaftServerImpl.java:setRole(173)) - 0ab43432-34fe-4306-a50d-0ea23314de87@group-08DDE34C77D1: changes role from  FOLLOWER to FOLLOWER at term 3 for recognizeCandidate:98c33ea6-fb47-41c3-bd3d-1c17f3427380
2020-05-27 19:32:12,394 [grpc-default-executor-6] INFO  impl.RoleInfo (RoleInfo.java:shutdownFollowerState(121)) - 0ab43432-34fe-4306-a50d-0ea23314de87: shutdown FollowerState
2020-05-27 19:32:12,394 [grpc-default-executor-6] INFO  impl.RoleInfo (RoleInfo.java:updateAndGet(143)) - 0ab43432-34fe-4306-a50d-0ea23314de87: start FollowerState
2020-05-27 19:32:12,394 [Thread-388] INFO  impl.FollowerState (FollowerState.java:run(117)) - 0ab43432-34fe-4306-a50d-0ea23314de87@group-08DDE34C77D1-FollowerState was interrupted: java.lang.InterruptedException: sleep interrupted
2020-05-27 19:32:12,402 [grpc-default-executor-4] INFO  impl.RaftServerImpl (RaftServerImpl.java:setRole(173)) - f1f3a69c-d257-43b6-814a-48c5022c930f@group-08DDE34C77D1: changes role from  FOLLOWER to FOLLOWER at term 3 for recognizeCandidate:98c33ea6-fb47-41c3-bd3d-1c17f3427380
2020-05-27 19:32:12,402 [grpc-default-executor-4] INFO  impl.RoleInfo (RoleInfo.java:shutdownFollowerState(121)) - f1f3a69c-d257-43b6-814a-48c5022c930f: shutdown FollowerState
2020-05-27 19:32:12,403 [grpc-default-executor-4] INFO  impl.RoleInfo (RoleInfo.java:updateAndGet(143)) - f1f3a69c-d257-43b6-814a-48c5022c930f: start FollowerState
2020-05-27 19:32:12,403 [Thread-384] INFO  impl.FollowerState (FollowerState.java:run(117)) - f1f3a69c-d257-43b6-814a-48c5022c930f@group-08DDE34C77D1-FollowerState was interrupted: java.lang.InterruptedException: sleep interrupted
2020-05-27 19:32:12,407 [98c33ea6-fb47-41c3-bd3d-1c17f3427380@group-08DDE34C77D1-LeaderElection20] INFO  impl.LeaderElection (LeaderElection.java:logAndReturn(61)) - 98c33ea6-fb47-41c3-bd3d-1c17f3427380@group-08DDE34C77D1-LeaderElection20: Election PASSED; received 2 response(s) [98c33ea6-fb47-41c3-bd3d-1c17f3427380<-f1f3a69c-d257-43b6-814a-48c5022c930f#0:OK-t3, 98c33ea6-fb47-41c3-bd3d-1c17f3427380<-0ab43432-34fe-4306-a50d-0ea23314de87#0:FAIL-t3] and 0 exception(s); 98c33ea6-fb47-41c3-bd3d-1c17f3427380@group-08DDE34C77D1:t3, leader=null, voted=98c33ea6-fb47-41c3-bd3d-1c17f3427380, raftlog=98c33ea6-fb47-41c3-bd3d-1c17f3427380@group-08DDE34C77D1-SegmentedRaftLog:OPENED:c-1,f-1,i0, conf=-1: [f1f3a69c-d257-43b6-814a-48c5022c930f:172.17.0.2:43147, 98c33ea6-fb47-41c3-bd3d-1c17f3427380:172.17.0.2:32845, 0ab43432-34fe-4306-a50d-0ea23314de87:172.17.0.2:42819], old=null
2020-05-27 19:32:12,407 [98c33ea6-fb47-41c3-bd3d-1c17f3427380@group-08DDE34C77D1-LeaderElection20] INFO  impl.RoleInfo (RoleInfo.java:shutdownLeaderElection(134)) - 98c33ea6-fb47-41c3-bd3d-1c17f3427380: shutdown LeaderElection
2020-05-27 19:32:12,407 [98c33ea6-fb47-41c3-bd3d-1c17f3427380@group-08DDE34C77D1-LeaderElection20] INFO  impl.RaftServerImpl (RaftServerImpl.java:setRole(173)) - 98c33ea6-fb47-41c3-bd3d-1c17f3427380@group-08DDE34C77D1: changes role from CANDIDATE to LEADER at term 3 for changeToLeader
2020-05-27 19:32:12,407 [98c33ea6-fb47-41c3-bd3d-1c17f3427380@group-08DDE34C77D1-LeaderElection20] INFO  ratis.XceiverServerRatis (XceiverServerRatis.java:handleLeaderChangedNotification(762)) - Leader change notification received for group: group-08DDE34C77D1 with new leaderId: 98c33ea6-fb47-41c3-bd3d-1c17f3427380
2020-05-27 19:32:12,407 [98c33ea6-fb47-41c3-bd3d-1c17f3427380@group-08DDE34C77D1-LeaderElection20] INFO  impl.RaftServerImpl (ServerState.java:setLeader(255)) - 98c33ea6-fb47-41c3-bd3d-1c17f3427380@group-08DDE34C77D1: change Leader from null to 98c33ea6-fb47-41c3-bd3d-1c17f3427380 at term 3 for becomeLeader, leader elected after 2459ms
2020-05-27 19:32:12,407 [98c33ea6-fb47-41c3-bd3d-1c17f3427380@group-08DDE34C77D1-LeaderElection20] INFO  server.RaftServerConfigKeys (ConfUtils.java:logGet(44)) - raft.server.staging.catchup.gap = 1000 (default)
2020-05-27 19:32:12,407 [98c33ea6-fb47-41c3-bd3d-1c17f3427380@group-08DDE34C77D1-LeaderElection20] INFO  server.RaftServerConfigKeys (ConfUtils.java:logGet(44)) - raft.server.rpc.sleep.time = 25ms (default)
2020-05-27 19:32:12,407 [98c33ea6-fb47-41c3-bd3d-1c17f3427380@group-08DDE34C77D1-LeaderElection20] INFO  metrics.RatisMetrics (RatisMetrics.java:lambda$create$0(39)) - Creating Metrics Registry : ratis.log_appender.98c33ea6-fb47-41c3-bd3d-1c17f3427380@group-08DDE34C77D1
2020-05-27 19:32:12,408 [98c33ea6-fb47-41c3-bd3d-1c17f3427380@group-08DDE34C77D1-LeaderElection20] INFO  server.RaftServerConfigKeys (ConfUtils.java:logGet(44)) - raft.server.write.element-limit = 1024 (custom)
2020-05-27 19:32:12,408 [98c33ea6-fb47-41c3-bd3d-1c17f3427380@group-08DDE34C77D1-LeaderElection20] INFO  server.RaftServerConfigKeys (ConfUtils.java:logGet(44)) - raft.server.write.byte-limit = 1073741824 (custom)
2020-05-27 19:32:12,408 [98c33ea6-fb47-41c3-bd3d-1c17f3427380@group-08DDE34C77D1-LeaderElection20] INFO  server.RaftServerConfigKeys (ConfUtils.java:logGet(44)) - raft.server.watch.timeout = 3s (custom)
2020-05-27 19:32:12,408 [98c33ea6-fb47-41c3-bd3d-1c17f3427380@group-08DDE34C77D1-LeaderElection20] INFO  server.RaftServerConfigKeys (ConfUtils.java:logGet(44)) - raft.server.watch.timeout.denomination = 1s (default)
2020-05-27 19:32:12,409 [98c33ea6-fb47-41c3-bd3d-1c17f3427380@group-08DDE34C77D1-LeaderElection20] INFO  server.RaftServerConfigKeys (ConfUtils.java:logGet(44)) - raft.server.watch.element-limit = 65536 (default)
2020-05-27 19:32:12,409 [98c33ea6-fb47-41c3-bd3d-1c17f3427380@group-08DDE34C77D1-LeaderElection20] INFO  server.RaftServerConfigKeys (ConfUtils.java:logGet(44)) - raft.server.log.appender.snapshot.chunk.size.max = 16MB (=16777216) (default)
2020-05-27 19:32:12,409 [98c33ea6-fb47-41c3-bd3d-1c17f3427380@group-08DDE34C77D1-LeaderElection20] INFO  server.RaftServerConfigKeys (ConfUtils.java:logGet(44)) - raft.server.log.appender.buffer.byte-limit = 33554432 (custom)
2020-05-27 19:32:12,409 [98c33ea6-fb47-41c3-bd3d-1c17f3427380@group-08DDE34C77D1-LeaderElection20] INFO  server.RaftServerConfigKeys (ConfUtils.java:logGet(44)) - raft.server.log.appender.buffer.element-limit = 1 (custom)
2020-05-27 19:32:12,413 [98c33ea6-fb47-41c3-bd3d-1c17f3427380@group-08DDE34C77D1-LeaderElection20] INFO  grpc.GrpcConfigKeys (ConfUtils.java:logGet(44)) - raft.grpc.server.leader.outstanding.appends.max = 128 (default)
2020-05-27 19:32:12,413 [98c33ea6-fb47-41c3-bd3d-1c17f3427380@group-08DDE34C77D1-LeaderElection20] INFO  server.RaftServerConfigKeys (ConfUtils.java:logGet(44)) - raft.server.rpc.request.timeout = 3s (default)
2020-05-27 19:32:12,413 [98c33ea6-fb47-41c3-bd3d-1c17f3427380@group-08DDE34C77D1-LeaderElection20] INFO  server.RaftServerConfigKeys (ConfUtils.java:logGet(44)) - raft.server.log.appender.install.snapshot.enabled = false (custom)
2020-05-27 19:32:12,414 [98c33ea6-fb47-41c3-bd3d-1c17f3427380@group-08DDE34C77D1-LeaderElection20] INFO  server.RaftServerConfigKeys (ConfUtils.java:logGet(44)) - raft.server.log.appender.snapshot.chunk.size.max = 16MB (=16777216) (default)
2020-05-27 19:32:12,414 [98c33ea6-fb47-41c3-bd3d-1c17f3427380@group-08DDE34C77D1-LeaderElection20] INFO  server.RaftServerConfigKeys (ConfUtils.java:logGet(44)) - raft.server.log.appender.buffer.byte-limit = 33554432 (custom)
2020-05-27 19:32:12,415 [98c33ea6-fb47-41c3-bd3d-1c17f3427380@group-08DDE34C77D1-LeaderElection20] INFO  server.RaftServerConfigKeys (ConfUtils.java:logGet(44)) - raft.server.log.appender.buffer.element-limit = 1 (custom)
2020-05-27 19:32:12,415 [98c33ea6-fb47-41c3-bd3d-1c17f3427380@group-08DDE34C77D1-LeaderElection20] INFO  grpc.GrpcConfigKeys (ConfUtils.java:logGet(44)) - raft.grpc.server.leader.outstanding.appends.max = 128 (default)
2020-05-27 19:32:12,415 [98c33ea6-fb47-41c3-bd3d-1c17f3427380@group-08DDE34C77D1-LeaderElection20] INFO  server.RaftServerConfigKeys (ConfUtils.java:logGet(44)) - raft.server.rpc.request.timeout = 3s (default)
2020-05-27 19:32:12,415 [98c33ea6-fb47-41c3-bd3d-1c17f3427380@group-08DDE34C77D1-LeaderElection20] INFO  server.RaftServerConfigKeys (ConfUtils.java:logGet(44)) - raft.server.log.appender.install.snapshot.enabled = false (custom)
2020-05-27 19:32:12,416 [98c33ea6-fb47-41c3-bd3d-1c17f3427380@group-08DDE34C77D1-LeaderElection20] INFO  impl.RoleInfo (RoleInfo.java:updateAndGet(143)) - 98c33ea6-fb47-41c3-bd3d-1c17f3427380: start LeaderState
2020-05-27 19:32:12,416 [98c33ea6-fb47-41c3-bd3d-1c17f3427380@group-08DDE34C77D1-LeaderElection20] INFO  segmented.SegmentedRaftLogWorker (SegmentedRaftLogWorker.java:startLogSegment(391)) - 98c33ea6-fb47-41c3-bd3d-1c17f3427380@group-08DDE34C77D1-SegmentedRaftLogWorker: Starting segment from index:0
2020-05-27 19:32:12,418 [98c33ea6-fb47-41c3-bd3d-1c17f3427380@group-08DDE34C77D1-SegmentedRaftLogWorker] INFO  segmented.SegmentedRaftLogWorker (SegmentedRaftLogWorker.java:execute(583)) - 98c33ea6-fb47-41c3-bd3d-1c17f3427380@group-08DDE34C77D1-SegmentedRaftLogWorker: created new log segment /github/workspace/mnt/ozone/hadoop-ozone/integration-test/target/test-dir/MiniOzoneClusterImpl-f0010636-4b6e-4820-a6ed-9dd9125fe66b/datanode-8/data/ratis/f4cf136f-dea7-4e47-9282-08dde34c77d1/current/log_inprogress_0
2020-05-27 19:32:12,429 [grpc-default-executor-6] INFO  ratis.XceiverServerRatis (XceiverServerRatis.java:handleLeaderChangedNotification(762)) - Leader change notification received for group: group-08DDE34C77D1 with new leaderId: 98c33ea6-fb47-41c3-bd3d-1c17f3427380
2020-05-27 19:32:12,433 [grpc-default-executor-6] INFO  impl.RaftServerImpl (ServerState.java:setLeader(255)) - 0ab43432-34fe-4306-a50d-0ea23314de87@group-08DDE34C77D1: change Leader from null to 98c33ea6-fb47-41c3-bd3d-1c17f3427380 at term 3 for appendEntries, leader elected after 1067ms
2020-05-27 19:32:12,428 [98c33ea6-fb47-41c3-bd3d-1c17f3427380@group-08DDE34C77D1-LeaderElection20] INFO  impl.RaftServerImpl (ServerState.java:setRaftConf(356)) - 98c33ea6-fb47-41c3-bd3d-1c17f3427380@group-08DDE34C77D1: set configuration 0: [f1f3a69c-d257-43b6-814a-48c5022c930f:172.17.0.2:43147, 98c33ea6-fb47-41c3-bd3d-1c17f3427380:172.17.0.2:32845, 0ab43432-34fe-4306-a50d-0ea23314de87:172.17.0.2:42819], old=null at 0
2020-05-27 19:32:12,426 [grpc-default-executor-7] INFO  ratis.XceiverServerRatis (XceiverServerRatis.java:handleLeaderChangedNotification(762)) - Leader change notification received for group: group-08DDE34C77D1 with new leaderId: 98c33ea6-fb47-41c3-bd3d-1c17f3427380
2020-05-27 19:32:12,433 [grpc-default-executor-7] INFO  impl.RaftServerImpl (ServerState.java:setLeader(255)) - f1f3a69c-d257-43b6-814a-48c5022c930f@group-08DDE34C77D1: change Leader from null to 98c33ea6-fb47-41c3-bd3d-1c17f3427380 at term 3 for appendEntries, leader elected after 2382ms
2020-05-27 19:32:12,434 [grpc-default-executor-6] INFO  impl.RaftServerImpl (ServerState.java:setRaftConf(356)) - 0ab43432-34fe-4306-a50d-0ea23314de87@group-08DDE34C77D1: set configuration 0: [f1f3a69c-d257-43b6-814a-48c5022c930f:172.17.0.2:43147, 98c33ea6-fb47-41c3-bd3d-1c17f3427380:172.17.0.2:32845, 0ab43432-34fe-4306-a50d-0ea23314de87:172.17.0.2:42819], old=null at 0
2020-05-27 19:32:12,437 [grpc-default-executor-7] INFO  impl.RaftServerImpl (ServerState.java:setRaftConf(356)) - f1f3a69c-d257-43b6-814a-48c5022c930f@group-08DDE34C77D1: set configuration 0: [f1f3a69c-d257-43b6-814a-48c5022c930f:172.17.0.2:43147, 98c33ea6-fb47-41c3-bd3d-1c17f3427380:172.17.0.2:32845, 0ab43432-34fe-4306-a50d-0ea23314de87:172.17.0.2:42819], old=null at 0
2020-05-27 19:32:12,437 [grpc-default-executor-7] INFO  segmented.SegmentedRaftLogWorker (SegmentedRaftLogWorker.java:startLogSegment(391)) - f1f3a69c-d257-43b6-814a-48c5022c930f@group-08DDE34C77D1-SegmentedRaftLogWorker: Starting segment from index:0
2020-05-27 19:32:12,438 [f1f3a69c-d257-43b6-814a-48c5022c930f@group-08DDE34C77D1-SegmentedRaftLogWorker] INFO  segmented.SegmentedRaftLogWorker (SegmentedRaftLogWorker.java:execute(583)) - f1f3a69c-d257-43b6-814a-48c5022c930f@group-08DDE34C77D1-SegmentedRaftLogWorker: created new log segment /github/workspace/mnt/ozone/hadoop-ozone/integration-test/target/test-dir/MiniOzoneClusterImpl-f0010636-4b6e-4820-a6ed-9dd9125fe66b/datanode-6/data/ratis/f4cf136f-dea7-4e47-9282-08dde34c77d1/current/log_inprogress_0
2020-05-27 19:32:12,438 [grpc-default-executor-6] INFO  segmented.SegmentedRaftLogWorker (SegmentedRaftLogWorker.java:truncate(407)) - 0ab43432-34fe-4306-a50d-0ea23314de87@group-08DDE34C77D1-SegmentedRaftLogWorker: Truncating segments toTruncate: null
  toDelete: [(0, 0) isOpen? true, length=0, newEndIndex=-1], start index 0
2020-05-27 19:32:12,439 [grpc-default-executor-6] INFO  segmented.SegmentedRaftLogWorker (SegmentedRaftLogWorker.java:startLogSegment(391)) - 0ab43432-34fe-4306-a50d-0ea23314de87@group-08DDE34C77D1-SegmentedRaftLogWorker: Starting segment from index:0
2020-05-27 19:32:12,440 [0ab43432-34fe-4306-a50d-0ea23314de87@group-08DDE34C77D1-SegmentedRaftLogWorker] INFO  segmented.SegmentedRaftLogWorker (SegmentedRaftLogWorker.java:execute(650)) - 0ab43432-34fe-4306-a50d-0ea23314de87@group-08DDE34C77D1-SegmentedRaftLogWorker: Deleted log file /github/workspace/mnt/ozone/hadoop-ozone/integration-test/target/test-dir/MiniOzoneClusterImpl-f0010636-4b6e-4820-a6ed-9dd9125fe66b/datanode-7/data/ratis/f4cf136f-dea7-4e47-9282-08dde34c77d1/current/log_inprogress_0
2020-05-27 19:32:12,440 [0ab43432-34fe-4306-a50d-0ea23314de87@group-08DDE34C77D1-SegmentedRaftLogWorker] INFO  segmented.SegmentedRaftLogWorker (SegmentedRaftLogWorker.java:lambda$new$0(129)) - 0ab43432-34fe-4306-a50d-0ea23314de87@group-08DDE34C77D1-SegmentedRaftLogWorker: flushIndex: setUnconditionally 0 -> -1
2020-05-27 19:32:12,441 [0ab43432-34fe-4306-a50d-0ea23314de87@group-08DDE34C77D1-SegmentedRaftLogWorker] INFO  segmented.SegmentedRaftLogWorker (SegmentedRaftLogWorker.java:execute(583)) - 0ab43432-34fe-4306-a50d-0ea23314de87@group-08DDE34C77D1-SegmentedRaftLogWorker: created new log segment /github/workspace/mnt/ozone/hadoop-ozone/integration-test/target/test-dir/MiniOzoneClusterImpl-f0010636-4b6e-4820-a6ed-9dd9125fe66b/datanode-7/data/ratis/f4cf136f-dea7-4e47-9282-08dde34c77d1/current/log_inprogress_0
2020-05-27 19:32:12,952 [Thread-402] INFO  impl.FollowerState (FollowerState.java:run(108)) - f8fa1989-8a4e-41f2-9266-8404362eecef@group-EDFBBF01C07B-FollowerState: change to CANDIDATE, lastRpcTime:1073ms, electionTimeout:1069ms
2020-05-27 19:32:12,952 [Thread-402] INFO  impl.RoleInfo (RoleInfo.java:shutdownFollowerState(121)) - f8fa1989-8a4e-41f2-9266-8404362eecef: shutdown FollowerState
2020-05-27 19:32:12,952 [Thread-402] INFO  impl.RaftServerImpl (RaftServerImpl.java:setRole(173)) - f8fa1989-8a4e-41f2-9266-8404362eecef@group-EDFBBF01C07B: changes role from  FOLLOWER to CANDIDATE at term 3 for changeToCandidate
2020-05-27 19:32:12,952 [Thread-402] INFO  impl.RoleInfo (RoleInfo.java:updateAndGet(143)) - f8fa1989-8a4e-41f2-9266-8404362eecef: start LeaderElection
2020-05-27 19:32:12,956 [f8fa1989-8a4e-41f2-9266-8404362eecef@group-EDFBBF01C07B-LeaderElection21] INFO  impl.LeaderElection (LeaderElection.java:askForVotes(206)) - f8fa1989-8a4e-41f2-9266-8404362eecef@group-EDFBBF01C07B-LeaderElection21: begin an election at term 4 for -1: [43a73f06-de32-4f2e-9dfd-3dbd6ac88803:172.17.0.2:43883, f8fa1989-8a4e-41f2-9266-8404362eecef:172.17.0.2:34811, 7d59b1d8-9c1a-4986-8068-ccaafcba6925:172.17.0.2:37367], old=null
2020-05-27 19:32:12,959 [grpc-default-executor-6] INFO  impl.RaftServerImpl (RaftServerImpl.java:setRole(173)) - 43a73f06-de32-4f2e-9dfd-3dbd6ac88803@group-EDFBBF01C07B: changes role from  FOLLOWER to FOLLOWER at term 4 for recognizeCandidate:f8fa1989-8a4e-41f2-9266-8404362eecef
2020-05-27 19:32:12,959 [grpc-default-executor-6] INFO  impl.RoleInfo (RoleInfo.java:shutdownFollowerState(121)) - 43a73f06-de32-4f2e-9dfd-3dbd6ac88803: shutdown FollowerState
2020-05-27 19:32:12,959 [grpc-default-executor-6] INFO  impl.RoleInfo (RoleInfo.java:updateAndGet(143)) - 43a73f06-de32-4f2e-9dfd-3dbd6ac88803: start FollowerState
2020-05-27 19:32:12,959 [Thread-400] INFO  impl.FollowerState (FollowerState.java:run(117)) - 43a73f06-de32-4f2e-9dfd-3dbd6ac88803@group-EDFBBF01C07B-FollowerState was interrupted: java.lang.InterruptedException: sleep interrupted
2020-05-27 19:32:12,960 [grpc-default-executor-7] INFO  impl.RaftServerImpl (RaftServerImpl.java:setRole(173)) - 7d59b1d8-9c1a-4986-8068-ccaafcba6925@group-EDFBBF01C07B: changes role from  FOLLOWER to FOLLOWER at term 4 for recognizeCandidate:f8fa1989-8a4e-41f2-9266-8404362eecef
2020-05-27 19:32:12,961 [grpc-default-executor-7] INFO  impl.RoleInfo (RoleInfo.java:shutdownFollowerState(121)) - 7d59b1d8-9c1a-4986-8068-ccaafcba6925: shutdown FollowerState
2020-05-27 19:32:12,961 [grpc-default-executor-7] INFO  impl.RoleInfo (RoleInfo.java:updateAndGet(143)) - 7d59b1d8-9c1a-4986-8068-ccaafcba6925: start FollowerState
2020-05-27 19:32:12,961 [Thread-401] INFO  impl.FollowerState (FollowerState.java:run(117)) - 7d59b1d8-9c1a-4986-8068-ccaafcba6925@group-EDFBBF01C07B-FollowerState was interrupted: java.lang.InterruptedException: sleep interrupted
2020-05-27 19:32:12,967 [f8fa1989-8a4e-41f2-9266-8404362eecef@group-EDFBBF01C07B-LeaderElection21] INFO  impl.LeaderElection (LeaderElection.java:logAndReturn(61)) - f8fa1989-8a4e-41f2-9266-8404362eecef@group-EDFBBF01C07B-LeaderElection21: Election PASSED; received 1 response(s) [f8fa1989-8a4e-41f2-9266-8404362eecef<-43a73f06-de32-4f2e-9dfd-3dbd6ac88803#0:OK-t4] and 0 exception(s); f8fa1989-8a4e-41f2-9266-8404362eecef@group-EDFBBF01C07B:t4, leader=null, voted=f8fa1989-8a4e-41f2-9266-8404362eecef, raftlog=f8fa1989-8a4e-41f2-9266-8404362eecef@group-EDFBBF01C07B-SegmentedRaftLog:OPENED:c-1,f-1,i0, conf=-1: [43a73f06-de32-4f2e-9dfd-3dbd6ac88803:172.17.0.2:43883, f8fa1989-8a4e-41f2-9266-8404362eecef:172.17.0.2:34811, 7d59b1d8-9c1a-4986-8068-ccaafcba6925:172.17.0.2:37367], old=null
2020-05-27 19:32:12,967 [f8fa1989-8a4e-41f2-9266-8404362eecef@group-EDFBBF01C07B-LeaderElection21] INFO  impl.RoleInfo (RoleInfo.java:shutdownLeaderElection(134)) - f8fa1989-8a4e-41f2-9266-8404362eecef: shutdown LeaderElection
2020-05-27 19:32:12,967 [f8fa1989-8a4e-41f2-9266-8404362eecef@group-EDFBBF01C07B-LeaderElection21] INFO  impl.RaftServerImpl (RaftServerImpl.java:setRole(173)) - f8fa1989-8a4e-41f2-9266-8404362eecef@group-EDFBBF01C07B: changes role from CANDIDATE to LEADER at term 4 for changeToLeader
2020-05-27 19:32:12,967 [f8fa1989-8a4e-41f2-9266-8404362eecef@group-EDFBBF01C07B-LeaderElection21] INFO  ratis.XceiverServerRatis (XceiverServerRatis.java:handleLeaderChangedNotification(762)) - Leader change notification received for group: group-EDFBBF01C07B with new leaderId: f8fa1989-8a4e-41f2-9266-8404362eecef
2020-05-27 19:32:12,968 [f8fa1989-8a4e-41f2-9266-8404362eecef@group-EDFBBF01C07B-LeaderElection21] INFO  impl.RaftServerImpl (ServerState.java:setLeader(255)) - f8fa1989-8a4e-41f2-9266-8404362eecef@group-EDFBBF01C07B: change Leader from null to f8fa1989-8a4e-41f2-9266-8404362eecef at term 4 for becomeLeader, leader elected after 3404ms
2020-05-27 19:32:12,968 [f8fa1989-8a4e-41f2-9266-8404362eecef@group-EDFBBF01C07B-LeaderElection21] INFO  server.RaftServerConfigKeys (ConfUtils.java:logGet(44)) - raft.server.staging.catchup.gap = 1000 (default)
2020-05-27 19:32:12,968 [f8fa1989-8a4e-41f2-9266-8404362eecef@group-EDFBBF01C07B-LeaderElection21] INFO  server.RaftServerConfigKeys (ConfUtils.java:logGet(44)) - raft.server.rpc.sleep.time = 25ms (default)
2020-05-27 19:32:12,968 [f8fa1989-8a4e-41f2-9266-8404362eecef@group-EDFBBF01C07B-LeaderElection21] INFO  metrics.RatisMetrics (RatisMetrics.java:lambda$create$0(39)) - Creating Metrics Registry : ratis.log_appender.f8fa1989-8a4e-41f2-9266-8404362eecef@group-EDFBBF01C07B
2020-05-27 19:32:12,970 [f8fa1989-8a4e-41f2-9266-8404362eecef@group-EDFBBF01C07B-LeaderElection21] INFO  server.RaftServerConfigKeys (ConfUtils.java:logGet(44)) - raft.server.write.element-limit = 1024 (custom)
2020-05-27 19:32:12,970 [f8fa1989-8a4e-41f2-9266-8404362eecef@group-EDFBBF01C07B-LeaderElection21] INFO  server.RaftServerConfigKeys (ConfUtils.java:logGet(44)) - raft.server.write.byte-limit = 1073741824 (custom)
2020-05-27 19:32:12,971 [f8fa1989-8a4e-41f2-9266-8404362eecef@group-EDFBBF01C07B-LeaderElection21] INFO  server.RaftServerConfigKeys (ConfUtils.java:logGet(44)) - raft.server.watch.timeout = 3s (custom)
2020-05-27 19:32:12,971 [f8fa1989-8a4e-41f2-9266-8404362eecef@group-EDFBBF01C07B-LeaderElection21] INFO  server.RaftServerConfigKeys (ConfUtils.java:logGet(44)) - raft.server.watch.timeout.denomination = 1s (default)
2020-05-27 19:32:12,971 [f8fa1989-8a4e-41f2-9266-8404362eecef@group-EDFBBF01C07B-LeaderElection21] INFO  server.RaftServerConfigKeys (ConfUtils.java:logGet(44)) - raft.server.watch.element-limit = 65536 (default)
2020-05-27 19:32:12,971 [f8fa1989-8a4e-41f2-9266-8404362eecef@group-EDFBBF01C07B-LeaderElection21] INFO  server.RaftServerConfigKeys (ConfUtils.java:logGet(44)) - raft.server.log.appender.snapshot.chunk.size.max = 16MB (=16777216) (default)
2020-05-27 19:32:12,972 [f8fa1989-8a4e-41f2-9266-8404362eecef@group-EDFBBF01C07B-LeaderElection21] INFO  server.RaftServerConfigKeys (ConfUtils.java:logGet(44)) - raft.server.log.appender.buffer.byte-limit = 33554432 (custom)
2020-05-27 19:32:12,972 [f8fa1989-8a4e-41f2-9266-8404362eecef@group-EDFBBF01C07B-LeaderElection21] INFO  server.RaftServerConfigKeys (ConfUtils.java:logGet(44)) - raft.server.log.appender.buffer.element-limit = 1 (custom)
2020-05-27 19:32:12,972 [f8fa1989-8a4e-41f2-9266-8404362eecef@group-EDFBBF01C07B-LeaderElection21] INFO  grpc.GrpcConfigKeys (ConfUtils.java:logGet(44)) - raft.grpc.server.leader.outstanding.appends.max = 128 (default)
2020-05-27 19:32:12,972 [f8fa1989-8a4e-41f2-9266-8404362eecef@group-EDFBBF01C07B-LeaderElection21] INFO  server.RaftServerConfigKeys (ConfUtils.java:logGet(44)) - raft.server.rpc.request.timeout = 3s (default)
2020-05-27 19:32:12,972 [f8fa1989-8a4e-41f2-9266-8404362eecef@group-EDFBBF01C07B-LeaderElection21] INFO  server.RaftServerConfigKeys (ConfUtils.java:logGet(44)) - raft.server.log.appender.install.snapshot.enabled = false (custom)
2020-05-27 19:32:12,976 [f8fa1989-8a4e-41f2-9266-8404362eecef@group-EDFBBF01C07B-LeaderElection21] INFO  server.RaftServerConfigKeys (ConfUtils.java:logGet(44)) - raft.server.log.appender.snapshot.chunk.size.max = 16MB (=16777216) (default)
2020-05-27 19:32:12,976 [f8fa1989-8a4e-41f2-9266-8404362eecef@group-EDFBBF01C07B-LeaderElection21] INFO  server.RaftServerConfigKeys (ConfUtils.java:logGet(44)) - raft.server.log.appender.buffer.byte-limit = 33554432 (custom)
2020-05-27 19:32:12,976 [f8fa1989-8a4e-41f2-9266-8404362eecef@group-EDFBBF01C07B-LeaderElection21] INFO  server.RaftServerConfigKeys (ConfUtils.java:logGet(44)) - raft.server.log.appender.buffer.element-limit = 1 (custom)
2020-05-27 19:32:12,976 [f8fa1989-8a4e-41f2-9266-8404362eecef@group-EDFBBF01C07B-LeaderElection21] INFO  grpc.GrpcConfigKeys (ConfUtils.java:logGet(44)) - raft.grpc.server.leader.outstanding.appends.max = 128 (default)
2020-05-27 19:32:12,976 [f8fa1989-8a4e-41f2-9266-8404362eecef@group-EDFBBF01C07B-LeaderElection21] INFO  server.RaftServerConfigKeys (ConfUtils.java:logGet(44)) - raft.server.rpc.request.timeout = 3s (default)
2020-05-27 19:32:12,976 [f8fa1989-8a4e-41f2-9266-8404362eecef@group-EDFBBF01C07B-LeaderElection21] INFO  server.RaftServerConfigKeys (ConfUtils.java:logGet(44)) - raft.server.log.appender.install.snapshot.enabled = false (custom)
2020-05-27 19:32:12,977 [f8fa1989-8a4e-41f2-9266-8404362eecef@group-EDFBBF01C07B-LeaderElection21] INFO  impl.RoleInfo (RoleInfo.java:updateAndGet(143)) - f8fa1989-8a4e-41f2-9266-8404362eecef: start LeaderState
2020-05-27 19:32:12,978 [f8fa1989-8a4e-41f2-9266-8404362eecef@group-EDFBBF01C07B-LeaderElection21] INFO  segmented.SegmentedRaftLogWorker (SegmentedRaftLogWorker.java:startLogSegment(391)) - f8fa1989-8a4e-41f2-9266-8404362eecef@group-EDFBBF01C07B-SegmentedRaftLogWorker: Starting segment from index:0
2020-05-27 19:32:12,979 [f8fa1989-8a4e-41f2-9266-8404362eecef@group-EDFBBF01C07B-SegmentedRaftLogWorker] INFO  segmented.SegmentedRaftLogWorker (SegmentedRaftLogWorker.java:execute(583)) - f8fa1989-8a4e-41f2-9266-8404362eecef@group-EDFBBF01C07B-SegmentedRaftLogWorker: created new log segment /github/workspace/mnt/ozone/hadoop-ozone/integration-test/target/test-dir/MiniOzoneClusterImpl-f0010636-4b6e-4820-a6ed-9dd9125fe66b/datanode-5/data/ratis/b243c757-4de3-4a1e-8241-edfbbf01c07b/current/log_inprogress_0
2020-05-27 19:32:12,981 [f8fa1989-8a4e-41f2-9266-8404362eecef@group-EDFBBF01C07B-LeaderElection21] INFO  impl.RaftServerImpl (ServerState.java:setRaftConf(356)) - f8fa1989-8a4e-41f2-9266-8404362eecef@group-EDFBBF01C07B: set configuration 0: [43a73f06-de32-4f2e-9dfd-3dbd6ac88803:172.17.0.2:43883, f8fa1989-8a4e-41f2-9266-8404362eecef:172.17.0.2:34811, 7d59b1d8-9c1a-4986-8068-ccaafcba6925:172.17.0.2:37367], old=null at 0
2020-05-27 19:32:12,981 [grpc-default-executor-6] INFO  ratis.XceiverServerRatis (XceiverServerRatis.java:handleLeaderChangedNotification(762)) - Leader change notification received for group: group-EDFBBF01C07B with new leaderId: f8fa1989-8a4e-41f2-9266-8404362eecef
2020-05-27 19:32:12,982 [grpc-default-executor-6] INFO  impl.RaftServerImpl (ServerState.java:setLeader(255)) - 43a73f06-de32-4f2e-9dfd-3dbd6ac88803@group-EDFBBF01C07B: change Leader from null to f8fa1989-8a4e-41f2-9266-8404362eecef at term 4 for appendEntries, leader elected after 3562ms
2020-05-27 19:32:12,983 [grpc-default-executor-6] INFO  impl.RaftServerImpl (ServerState.java:setRaftConf(356)) - 43a73f06-de32-4f2e-9dfd-3dbd6ac88803@group-EDFBBF01C07B: set configuration 0: [43a73f06-de32-4f2e-9dfd-3dbd6ac88803:172.17.0.2:43883, f8fa1989-8a4e-41f2-9266-8404362eecef:172.17.0.2:34811, 7d59b1d8-9c1a-4986-8068-ccaafcba6925:172.17.0.2:37367], old=null at 0
2020-05-27 19:32:12,984 [grpc-default-executor-6] INFO  segmented.SegmentedRaftLogWorker (SegmentedRaftLogWorker.java:startLogSegment(391)) - 43a73f06-de32-4f2e-9dfd-3dbd6ac88803@group-EDFBBF01C07B-SegmentedRaftLogWorker: Starting segment from index:0
2020-05-27 19:32:12,985 [43a73f06-de32-4f2e-9dfd-3dbd6ac88803@group-EDFBBF01C07B-SegmentedRaftLogWorker] INFO  segmented.SegmentedRaftLogWorker (SegmentedRaftLogWorker.java:execute(583)) - 43a73f06-de32-4f2e-9dfd-3dbd6ac88803@group-EDFBBF01C07B-SegmentedRaftLogWorker: created new log segment /github/workspace/mnt/ozone/hadoop-ozone/integration-test/target/test-dir/MiniOzoneClusterImpl-f0010636-4b6e-4820-a6ed-9dd9125fe66b/datanode-3/data/ratis/b243c757-4de3-4a1e-8241-edfbbf01c07b/current/log_inprogress_0
2020-05-27 19:32:12,990 [grpc-default-executor-7] INFO  ratis.XceiverServerRatis (XceiverServerRatis.java:handleLeaderChangedNotification(762)) - Leader change notification received for group: group-EDFBBF01C07B with new leaderId: f8fa1989-8a4e-41f2-9266-8404362eecef
2020-05-27 19:32:12,990 [grpc-default-executor-7] INFO  impl.RaftServerImpl (ServerState.java:setLeader(255)) - 7d59b1d8-9c1a-4986-8068-ccaafcba6925@group-EDFBBF01C07B: change Leader from null to f8fa1989-8a4e-41f2-9266-8404362eecef at term 4 for appendEntries, leader elected after 2217ms
2020-05-27 19:32:12,995 [grpc-default-executor-7] INFO  impl.RaftServerImpl (ServerState.java:setRaftConf(356)) - 7d59b1d8-9c1a-4986-8068-ccaafcba6925@group-EDFBBF01C07B: set configuration 0: [43a73f06-de32-4f2e-9dfd-3dbd6ac88803:172.17.0.2:43883, f8fa1989-8a4e-41f2-9266-8404362eecef:172.17.0.2:34811, 7d59b1d8-9c1a-4986-8068-ccaafcba6925:172.17.0.2:37367], old=null at 0
2020-05-27 19:32:12,996 [grpc-default-executor-7] INFO  segmented.SegmentedRaftLogWorker (SegmentedRaftLogWorker.java:truncate(407)) - 7d59b1d8-9c1a-4986-8068-ccaafcba6925@group-EDFBBF01C07B-SegmentedRaftLogWorker: Truncating segments toTruncate: null
  toDelete: [(0, 0) isOpen? true, length=0, newEndIndex=-1], start index 0
2020-05-27 19:32:12,996 [grpc-default-executor-7] INFO  segmented.SegmentedRaftLogWorker (SegmentedRaftLogWorker.java:startLogSegment(391)) - 7d59b1d8-9c1a-4986-8068-ccaafcba6925@group-EDFBBF01C07B-SegmentedRaftLogWorker: Starting segment from index:0
2020-05-27 19:32:12,996 [7d59b1d8-9c1a-4986-8068-ccaafcba6925@group-EDFBBF01C07B-SegmentedRaftLogWorker] INFO  segmented.SegmentedRaftLogWorker (SegmentedRaftLogWorker.java:execute(650)) - 7d59b1d8-9c1a-4986-8068-ccaafcba6925@group-EDFBBF01C07B-SegmentedRaftLogWorker: Deleted log file /github/workspace/mnt/ozone/hadoop-ozone/integration-test/target/test-dir/MiniOzoneClusterImpl-f0010636-4b6e-4820-a6ed-9dd9125fe66b/datanode-4/data/ratis/b243c757-4de3-4a1e-8241-edfbbf01c07b/current/log_inprogress_0
2020-05-27 19:32:12,996 [7d59b1d8-9c1a-4986-8068-ccaafcba6925@group-EDFBBF01C07B-SegmentedRaftLogWorker] INFO  segmented.SegmentedRaftLogWorker (SegmentedRaftLogWorker.java:lambda$new$0(129)) - 7d59b1d8-9c1a-4986-8068-ccaafcba6925@group-EDFBBF01C07B-SegmentedRaftLogWorker: flushIndex: setUnconditionally 0 -> -1
2020-05-27 19:32:12,997 [7d59b1d8-9c1a-4986-8068-ccaafcba6925@group-EDFBBF01C07B-SegmentedRaftLogWorker] INFO  segmented.SegmentedRaftLogWorker (SegmentedRaftLogWorker.java:execute(583)) - 7d59b1d8-9c1a-4986-8068-ccaafcba6925@group-EDFBBF01C07B-SegmentedRaftLogWorker: created new log segment /github/workspace/mnt/ozone/hadoop-ozone/integration-test/target/test-dir/MiniOzoneClusterImpl-f0010636-4b6e-4820-a6ed-9dd9125fe66b/datanode-4/data/ratis/b243c757-4de3-4a1e-8241-edfbbf01c07b/current/log_inprogress_0
2020-05-27 19:32:13,582 [EventQueue-Delayed safe mode statusForReplicationManager] INFO  container.ReplicationManager (ReplicationManager.java:start(167)) - Starting Replication Monitor Thread.
2020-05-27 19:32:13,585 [ReplicationMonitor] INFO  container.ReplicationManager (ReplicationManager.java:run(230)) - Replication Monitor Thread took 2 milliseconds for processing 1 containers.
2020-05-27 19:32:13,585 [EventQueue-CloseContainerForCloseContainerEventHandler] INFO  container.CloseContainerEventHandler (CloseContainerEventHandler.java:onMessage(61)) - Close container Event triggered for container : #1
2020-05-27 19:32:14,640 [RatisApplyTransactionExecutor 1] INFO  interfaces.Container (KeyValueContainer.java:flushAndSyncDB(387)) - Container 1 is synced with bcsId 2.
2020-05-27 19:32:14,640 [RatisApplyTransactionExecutor 1] INFO  interfaces.Container (KeyValueContainer.java:flushAndSyncDB(387)) - Container 1 is synced with bcsId 2.
2020-05-27 19:32:14,641 [RatisApplyTransactionExecutor 1] INFO  interfaces.Container (KeyValueContainer.java:flushAndSyncDB(387)) - Container 1 is synced with bcsId 2.
2020-05-27 19:32:14,641 [RatisApplyTransactionExecutor 1] INFO  interfaces.Container (KeyValueContainer.java:flushAndSyncDB(387)) - Container 1 is synced with bcsId 2.
2020-05-27 19:32:14,640 [RatisApplyTransactionExecutor 1] INFO  interfaces.Container (KeyValueContainer.java:flushAndSyncDB(387)) - Container 1 is synced with bcsId 2.
2020-05-27 19:32:14,644 [RatisApplyTransactionExecutor 1] INFO  interfaces.Container (KeyValueContainer.java:flushAndSyncDB(387)) - Container 1 is synced with bcsId 2.
2020-05-27 19:32:14,649 [RatisApplyTransactionExecutor 1] INFO  interfaces.Container (KeyValueContainer.java:close(325)) - Container 1 is closed with bcsId 2.
2020-05-27 19:32:14,649 [Datanode State Machine Thread - 0] INFO  statemachine.DatanodeStateMachine (DatanodeStateMachine.java:lambda$startDaemon$0(376)) - Ozone container server started.
2020-05-27 19:32:14,650 [RatisApplyTransactionExecutor 1] INFO  interfaces.Container (KeyValueContainer.java:close(325)) - Container 1 is closed with bcsId 2.
2020-05-27 19:32:14,650 [RatisApplyTransactionExecutor 1] INFO  interfaces.Container (KeyValueContainer.java:close(325)) - Container 1 is closed with bcsId 2.
2020-05-27 19:32:14,655 [EventQueue-IncrementalContainerReportForIncrementalContainerReportHandler] INFO  container.IncrementalContainerReportHandler (AbstractContainerReportHandler.java:updateContainerState(178)) - Moving container #1 to CLOSED state, datanode 43a73f06-de32-4f2e-9dfd-3dbd6ac88803{ip: 172.17.0.2, host: 97d0c8b5f382, networkLocation: /rack1, certSerialId: null} reported CLOSED replica.
2020-05-27 19:32:18,789 [Listener at 127.0.0.1/45217] INFO  ozoneimpl.OzoneContainer (OzoneContainer.java:stop(246)) - Attempting to stop container services.
2020-05-27 19:32:18,789 [Listener at 127.0.0.1/45217] INFO  impl.RaftServerProxy (RaftServerProxy.java:lambda$close$4(314)) - 7d59b1d8-9c1a-4986-8068-ccaafcba6925: close
2020-05-27 19:32:18,791 [Listener at 127.0.0.1/45217] INFO  impl.RaftServerImpl (RaftServerImpl.java:lambda$shutdown$3(250)) - 7d59b1d8-9c1a-4986-8068-ccaafcba6925@group-EDFBBF01C07B: shutdown
2020-05-27 19:32:18,791 [Listener at 127.0.0.1/45217] INFO  util.JmxRegister (JmxRegister.java:unregister(73)) - Successfully un-registered JMX Bean with object name Ratis:service=RaftServer,group=group-EDFBBF01C07B,id=7d59b1d8-9c1a-4986-8068-ccaafcba6925
2020-05-27 19:32:18,791 [Listener at 127.0.0.1/45217] INFO  impl.RoleInfo (RoleInfo.java:shutdownFollowerState(121)) - 7d59b1d8-9c1a-4986-8068-ccaafcba6925: shutdown FollowerState
2020-05-27 19:32:18,791 [Listener at 127.0.0.1/45217] INFO  impl.StateMachineUpdater (StateMachineUpdater.java:stopAndJoin(142)) - 7d59b1d8-9c1a-4986-8068-ccaafcba6925@group-EDFBBF01C07B-StateMachineUpdater: set stopIndex = 5
2020-05-27 19:32:18,791 [Thread-431] INFO  impl.FollowerState (FollowerState.java:run(117)) - 7d59b1d8-9c1a-4986-8068-ccaafcba6925@group-EDFBBF01C07B-FollowerState was interrupted: java.lang.InterruptedException: sleep interrupted
2020-05-27 19:32:18,793 [7d59b1d8-9c1a-4986-8068-ccaafcba6925@group-EDFBBF01C07B-StateMachineUpdater] INFO  ratis.ContainerStateMachine (ContainerStateMachine.java:takeSnapshot(288)) - group-EDFBBF01C07B: Taking a snapshot at:(t:4, i:5) file /github/workspace/mnt/ozone/hadoop-ozone/integration-test/target/test-dir/MiniOzoneClusterImpl-f0010636-4b6e-4820-a6ed-9dd9125fe66b/datanode-4/data/ratis/b243c757-4de3-4a1e-8241-edfbbf01c07b/sm/snapshot.4_5
2020-05-27 19:32:18,804 [7d59b1d8-9c1a-4986-8068-ccaafcba6925@group-EDFBBF01C07B-StateMachineUpdater] INFO  ratis.ContainerStateMachine (ContainerStateMachine.java:takeSnapshot(299)) - group-EDFBBF01C07B: Finished taking a snapshot at:(t:4, i:5) file:/github/workspace/mnt/ozone/hadoop-ozone/integration-test/target/test-dir/MiniOzoneClusterImpl-f0010636-4b6e-4820-a6ed-9dd9125fe66b/datanode-4/data/ratis/b243c757-4de3-4a1e-8241-edfbbf01c07b/sm/snapshot.4_5 time:12
2020-05-27 19:32:18,806 [7d59b1d8-9c1a-4986-8068-ccaafcba6925@group-EDFBBF01C07B-StateMachineUpdater] INFO  impl.StateMachineUpdater (StateMachineUpdater.java:takeSnapshot(277)) - 7d59b1d8-9c1a-4986-8068-ccaafcba6925@group-EDFBBF01C07B-StateMachineUpdater: Took a snapshot at index 5
2020-05-27 19:32:18,808 [7d59b1d8-9c1a-4986-8068-ccaafcba6925@group-EDFBBF01C07B-StateMachineUpdater] INFO  impl.StateMachineUpdater (StateMachineUpdater.java:lambda$new$0(87)) - 7d59b1d8-9c1a-4986-8068-ccaafcba6925@group-EDFBBF01C07B-StateMachineUpdater: snapshotIndex: updateIncreasingly -1 -> 5
2020-05-27 19:32:18,814 [7d59b1d8-9c1a-4986-8068-ccaafcba6925@group-EDFBBF01C07B-StateMachineUpdater] INFO  metrics.RatisMetrics (RatisMetrics.java:unregister(46)) - Unregistering Metrics Registry : ratis.state_machine.7d59b1d8-9c1a-4986-8068-ccaafcba6925@group-EDFBBF01C07B
2020-05-27 19:32:18,814 [Listener at 127.0.0.1/45217] INFO  impl.RaftServerImpl (ServerState.java:close(387)) - 7d59b1d8-9c1a-4986-8068-ccaafcba6925@group-EDFBBF01C07B: closes. applyIndex: 5
2020-05-27 19:32:18,815 [7d59b1d8-9c1a-4986-8068-ccaafcba6925@group-EDFBBF01C07B-SegmentedRaftLogWorker] INFO  segmented.SegmentedRaftLogWorker (SegmentedRaftLogWorker.java:run(321)) - 7d59b1d8-9c1a-4986-8068-ccaafcba6925@group-EDFBBF01C07B-SegmentedRaftLogWorker was interrupted, exiting. There are 0 tasks remaining in the queue.
2020-05-27 19:32:18,816 [Listener at 127.0.0.1/45217] INFO  segmented.SegmentedRaftLogWorker (SegmentedRaftLogWorker.java:close(229)) - 7d59b1d8-9c1a-4986-8068-ccaafcba6925@group-EDFBBF01C07B-SegmentedRaftLogWorker close()
2020-05-27 19:32:18,818 [Listener at 127.0.0.1/45217] INFO  metrics.RatisMetrics (RatisMetrics.java:unregister(46)) - Unregistering Metrics Registry : ratis.log_worker.7d59b1d8-9c1a-4986-8068-ccaafcba6925
2020-05-27 19:32:18,818 [Listener at 127.0.0.1/45217] INFO  metrics.RatisMetrics (RatisMetrics.java:unregister(46)) - Unregistering Metrics Registry : ratis.leader_election.7d59b1d8-9c1a-4986-8068-ccaafcba6925@group-EDFBBF01C07B
2020-05-27 19:32:18,818 [Listener at 127.0.0.1/45217] INFO  metrics.RatisMetrics (RatisMetrics.java:unregister(46)) - Unregistering Metrics Registry : ratis.server.7d59b1d8-9c1a-4986-8068-ccaafcba6925@group-EDFBBF01C07B
2020-05-27 19:32:18,818 [Listener at 127.0.0.1/45217] INFO  impl.RaftServerImpl (RaftServerImpl.java:lambda$shutdown$3(250)) - 7d59b1d8-9c1a-4986-8068-ccaafcba6925@group-1C4162F2F3AA: shutdown
2020-05-27 19:32:18,818 [Listener at 127.0.0.1/45217] INFO  util.JmxRegister (JmxRegister.java:unregister(73)) - Successfully un-registered JMX Bean with object name Ratis:service=RaftServer,group=group-1C4162F2F3AA,id=7d59b1d8-9c1a-4986-8068-ccaafcba6925
2020-05-27 19:32:18,818 [Listener at 127.0.0.1/45217] INFO  impl.RoleInfo (RoleInfo.java:shutdownLeaderState(104)) - 7d59b1d8-9c1a-4986-8068-ccaafcba6925: shutdown LeaderState
2020-05-27 19:32:18,819 [Listener at 127.0.0.1/45217] INFO  impl.PendingRequests (PendingRequests.java:sendNotLeaderResponses(242)) - 7d59b1d8-9c1a-4986-8068-ccaafcba6925@group-1C4162F2F3AA-PendingRequests: sendNotLeaderResponses
2020-05-27 19:32:18,819 [Listener at 127.0.0.1/45217] INFO  metrics.RatisMetrics (RatisMetrics.java:unregister(46)) - Unregistering Metrics Registry : ratis.log_appender.7d59b1d8-9c1a-4986-8068-ccaafcba6925@group-1C4162F2F3AA
2020-05-27 19:32:18,819 [Listener at 127.0.0.1/45217] INFO  impl.StateMachineUpdater (StateMachineUpdater.java:stopAndJoin(142)) - 7d59b1d8-9c1a-4986-8068-ccaafcba6925@group-1C4162F2F3AA-StateMachineUpdater: set stopIndex = 0
2020-05-27 19:32:18,819 [7d59b1d8-9c1a-4986-8068-ccaafcba6925@group-1C4162F2F3AA-StateMachineUpdater] INFO  ratis.ContainerStateMachine (ContainerStateMachine.java:takeSnapshot(288)) - group-1C4162F2F3AA: Taking a snapshot at:(t:1, i:0) file /github/workspace/mnt/ozone/hadoop-ozone/integration-test/target/test-dir/MiniOzoneClusterImpl-f0010636-4b6e-4820-a6ed-9dd9125fe66b/datanode-4/data/ratis/ccb19cd2-0da5-404e-8a0b-1c4162f2f3aa/sm/snapshot.1_0
2020-05-27 19:32:18,821 [7d59b1d8-9c1a-4986-8068-ccaafcba6925@group-1C4162F2F3AA-StateMachineUpdater] INFO  ratis.ContainerStateMachine (ContainerStateMachine.java:takeSnapshot(299)) - group-1C4162F2F3AA: Finished taking a snapshot at:(t:1, i:0) file:/github/workspace/mnt/ozone/hadoop-ozone/integration-test/target/test-dir/MiniOzoneClusterImpl-f0010636-4b6e-4820-a6ed-9dd9125fe66b/datanode-4/data/ratis/ccb19cd2-0da5-404e-8a0b-1c4162f2f3aa/sm/snapshot.1_0 time:2
2020-05-27 19:32:18,821 [7d59b1d8-9c1a-4986-8068-ccaafcba6925@group-1C4162F2F3AA-StateMachineUpdater] INFO  impl.StateMachineUpdater (StateMachineUpdater.java:takeSnapshot(277)) - 7d59b1d8-9c1a-4986-8068-ccaafcba6925@group-1C4162F2F3AA-StateMachineUpdater: Took a snapshot at index 0
2020-05-27 19:32:18,821 [7d59b1d8-9c1a-4986-8068-ccaafcba6925@group-1C4162F2F3AA-StateMachineUpdater] INFO  impl.StateMachineUpdater (StateMachineUpdater.java:lambda$new$0(87)) - 7d59b1d8-9c1a-4986-8068-ccaafcba6925@group-1C4162F2F3AA-StateMachineUpdater: snapshotIndex: updateIncreasingly -1 -> 0
2020-05-27 19:32:18,821 [7d59b1d8-9c1a-4986-8068-ccaafcba6925@group-1C4162F2F3AA-StateMachineUpdater] INFO  metrics.RatisMetrics (RatisMetrics.java:unregister(46)) - Unregistering Metrics Registry : ratis.state_machine.7d59b1d8-9c1a-4986-8068-ccaafcba6925@group-1C4162F2F3AA
2020-05-27 19:32:18,822 [Listener at 127.0.0.1/45217] INFO  impl.RaftServerImpl (ServerState.java:close(387)) - 7d59b1d8-9c1a-4986-8068-ccaafcba6925@group-1C4162F2F3AA: closes. applyIndex: 0
2020-05-27 19:32:18,822 [7d59b1d8-9c1a-4986-8068-ccaafcba6925@group-1C4162F2F3AA-SegmentedRaftLogWorker] INFO  segmented.SegmentedRaftLogWorker (SegmentedRaftLogWorker.java:run(321)) - 7d59b1d8-9c1a-4986-8068-ccaafcba6925@group-1C4162F2F3AA-SegmentedRaftLogWorker was interrupted, exiting. There are 0 tasks remaining in the queue.
2020-05-27 19:32:18,823 [Listener at 127.0.0.1/45217] INFO  segmented.SegmentedRaftLogWorker (SegmentedRaftLogWorker.java:close(229)) - 7d59b1d8-9c1a-4986-8068-ccaafcba6925@group-1C4162F2F3AA-SegmentedRaftLogWorker close()
2020-05-27 19:32:18,826 [Listener at 127.0.0.1/45217] INFO  metrics.RatisMetrics (RatisMetrics.java:unregister(46)) - Unregistering Metrics Registry : ratis.log_worker.7d59b1d8-9c1a-4986-8068-ccaafcba6925
2020-05-27 19:32:18,826 [Listener at 127.0.0.1/45217] INFO  metrics.RatisMetrics (RatisMetrics.java:unregister(46)) - Unregistering Metrics Registry : ratis.leader_election.7d59b1d8-9c1a-4986-8068-ccaafcba6925@group-1C4162F2F3AA
2020-05-27 19:32:18,827 [Listener at 127.0.0.1/45217] INFO  metrics.RatisMetrics (RatisMetrics.java:unregister(46)) - Unregistering Metrics Registry : ratis.server.7d59b1d8-9c1a-4986-8068-ccaafcba6925@group-1C4162F2F3AA
2020-05-27 19:32:18,827 [Listener at 127.0.0.1/45217] INFO  server.GrpcService (GrpcService.java:closeImpl(165)) - 7d59b1d8-9c1a-4986-8068-ccaafcba6925: shutdown server with port 37367 now
2020-05-27 19:32:18,833 [grpc-default-executor-4] WARN  server.GrpcServerProtocolService (LogUtils.java:warn(122)) - 7d59b1d8-9c1a-4986-8068-ccaafcba6925: installSnapshot onError, lastRequest: f8fa1989-8a4e-41f2-9266-8404362eecef->7d59b1d8-9c1a-4986-8068-ccaafcba6925#8-t4, previous=(t:4, i:4), leaderCommit=4, initializing? false, entries: size=1, first=(t:4, i:5), METADATAENTRY(c:4): org.apache.ratis.thirdparty.io.grpc.StatusRuntimeException: CANCELLED: cancelled before receiving half close
2020-05-27 19:32:18,836 [grpc-default-executor-0] WARN  server.GrpcLogAppender (LogUtils.java:warn(122)) - f8fa1989-8a4e-41f2-9266-8404362eecef@group-EDFBBF01C07B->7d59b1d8-9c1a-4986-8068-ccaafcba6925-AppendLogResponseHandler: Failed appendEntries: org.apache.ratis.thirdparty.io.grpc.StatusRuntimeException: CANCELLED: HTTP/2 error code: CANCEL
Received Rst Stream
2020-05-27 19:32:18,847 [Listener at 127.0.0.1/45217] INFO  server.GrpcService (GrpcService.java:closeImpl(173)) - 7d59b1d8-9c1a-4986-8068-ccaafcba6925: shutdown server with port 37367 successfully
2020-05-27 19:32:18,848 [grpc-default-executor-0] INFO  impl.FollowerInfo (FollowerInfo.java:lambda$new$0(50)) - f8fa1989-8a4e-41f2-9266-8404362eecef@group-EDFBBF01C07B->7d59b1d8-9c1a-4986-8068-ccaafcba6925: nextIndex: updateUnconditionally 6 -> 5
2020-05-27 19:32:18,851 [Listener at 127.0.0.1/45217] INFO  utils.BackgroundService (BackgroundService.java:shutdown(157)) - Shutting down service BlockDeletingService
2020-05-27 19:32:18,853 [Listener at 127.0.0.1/45217] INFO  statemachine.DatanodeStateMachine (DatanodeStateMachine.java:stopDaemon(424)) - Ozone container server stopped.
2020-05-27 19:32:18,856 [Listener at 127.0.0.1/45217] INFO  handler.ContextHandler (ContextHandler.java:doStop(1016)) - Stopped o.e.j.w.WebAppContext@631c6ef4{hddsDatanode,/,null,UNAVAILABLE}{jar:file:/home/user/.m2/repository/org/apache/hadoop/hadoop-hdds-container-service/0.6.0-SNAPSHOT/hadoop-hdds-container-service-0.6.0-SNAPSHOT.jar!/webapps/hddsDatanode}
2020-05-27 19:32:18,861 [Listener at 127.0.0.1/45217] INFO  server.AbstractConnector (AbstractConnector.java:doStop(380)) - Stopped ServerConnector@2643c33f{HTTP/1.1,[http/1.1]}{0.0.0.0:0}
2020-05-27 19:32:18,861 [Listener at 127.0.0.1/45217] INFO  server.session (HouseKeeper.java:stopScavenging(158)) - node0 Stopped scavenging
2020-05-27 19:32:18,864 [Listener at 127.0.0.1/45217] INFO  handler.ContextHandler (ContextHandler.java:doStop(1016)) - Stopped o.e.j.s.ServletContextHandler@763a72da{static,/static,jar:file:/home/user/.m2/repository/org/apache/hadoop/hadoop-hdds-container-service/0.6.0-SNAPSHOT/hadoop-hdds-container-service-0.6.0-SNAPSHOT.jar!/webapps/static,UNAVAILABLE}
2020-05-27 19:32:18,864 [Listener at 127.0.0.1/45217] INFO  handler.ContextHandler (ContextHandler.java:doStop(1016)) - Stopped o.e.j.s.ServletContextHandler@281a54b{logs,/logs,file:///github/workspace/mnt/ozone/hadoop-ozone/integration-test/target/log,UNAVAILABLE}
2020-05-27 19:32:19,182 [grpc-default-executor-4] WARN  server.GrpcLogAppender (LogUtils.java:warn(122)) - f8fa1989-8a4e-41f2-9266-8404362eecef@group-EDFBBF01C07B->7d59b1d8-9c1a-4986-8068-ccaafcba6925-AppendLogResponseHandler: Failed appendEntries: org.apache.ratis.thirdparty.io.grpc.StatusRuntimeException: UNAVAILABLE: io exception
2020-05-27 19:32:19,190 [grpc-default-executor-4] INFO  impl.FollowerInfo (FollowerInfo.java:lambda$new$0(50)) - f8fa1989-8a4e-41f2-9266-8404362eecef@group-EDFBBF01C07B->7d59b1d8-9c1a-4986-8068-ccaafcba6925: nextIndex: updateUnconditionally 6 -> 5
2020-05-27 19:32:19,652 [Datanode State Machine Thread - 0] INFO  statemachine.DatanodeStateMachine (DatanodeStateMachine.java:lambda$startDaemon$0(376)) - Ozone container server started.
2020-05-27 19:32:19,679 [grpc-default-executor-4] WARN  server.GrpcLogAppender (LogUtils.java:warn(122)) - f8fa1989-8a4e-41f2-9266-8404362eecef@group-EDFBBF01C07B->7d59b1d8-9c1a-4986-8068-ccaafcba6925-AppendLogResponseHandler: Failed appendEntries: org.apache.ratis.thirdparty.io.grpc.StatusRuntimeException: UNAVAILABLE: io exception
2020-05-27 19:32:19,681 [grpc-default-executor-4] INFO  impl.FollowerInfo (FollowerInfo.java:lambda$new$0(50)) - f8fa1989-8a4e-41f2-9266-8404362eecef@group-EDFBBF01C07B->7d59b1d8-9c1a-4986-8068-ccaafcba6925: nextIndex: updateUnconditionally 6 -> 5
2020-05-27 19:32:20,181 [grpc-default-executor-0] WARN  server.GrpcLogAppender (LogUtils.java:warn(122)) - f8fa1989-8a4e-41f2-9266-8404362eecef@group-EDFBBF01C07B->7d59b1d8-9c1a-4986-8068-ccaafcba6925-AppendLogResponseHandler: Failed appendEntries: org.apache.ratis.thirdparty.io.grpc.StatusRuntimeException: UNAVAILABLE: io exception
2020-05-27 19:32:20,183 [grpc-default-executor-0] INFO  impl.FollowerInfo (FollowerInfo.java:lambda$new$0(50)) - f8fa1989-8a4e-41f2-9266-8404362eecef@group-EDFBBF01C07B->7d59b1d8-9c1a-4986-8068-ccaafcba6925: nextIndex: updateUnconditionally 6 -> 5
2020-05-27 19:32:20,683 [grpc-default-executor-4] WARN  server.GrpcLogAppender (LogUtils.java:warn(122)) - f8fa1989-8a4e-41f2-9266-8404362eecef@group-EDFBBF01C07B->7d59b1d8-9c1a-4986-8068-ccaafcba6925-AppendLogResponseHandler: Failed appendEntries: org.apache.ratis.thirdparty.io.grpc.StatusRuntimeException: UNAVAILABLE: io exception
2020-05-27 19:32:20,685 [grpc-default-executor-4] INFO  impl.FollowerInfo (FollowerInfo.java:lambda$new$0(50)) - f8fa1989-8a4e-41f2-9266-8404362eecef@group-EDFBBF01C07B->7d59b1d8-9c1a-4986-8068-ccaafcba6925: nextIndex: updateUnconditionally 6 -> 5
2020-05-27 19:32:21,186 [grpc-default-executor-0] WARN  server.GrpcLogAppender (LogUtils.java:warn(122)) - f8fa1989-8a4e-41f2-9266-8404362eecef@group-EDFBBF01C07B->7d59b1d8-9c1a-4986-8068-ccaafcba6925-AppendLogResponseHandler: Failed appendEntries: org.apache.ratis.thirdparty.io.grpc.StatusRuntimeException: UNAVAILABLE: io exception
2020-05-27 19:32:21,188 [grpc-default-executor-0] INFO  impl.FollowerInfo (FollowerInfo.java:lambda$new$0(50)) - f8fa1989-8a4e-41f2-9266-8404362eecef@group-EDFBBF01C07B->7d59b1d8-9c1a-4986-8068-ccaafcba6925: nextIndex: updateUnconditionally 6 -> 5
2020-05-27 19:32:21,688 [grpc-default-executor-4] WARN  server.GrpcLogAppender (LogUtils.java:warn(122)) - f8fa1989-8a4e-41f2-9266-8404362eecef@group-EDFBBF01C07B->7d59b1d8-9c1a-4986-8068-ccaafcba6925-AppendLogResponseHandler: Failed appendEntries: org.apache.ratis.thirdparty.io.grpc.StatusRuntimeException: UNAVAILABLE: io exception
2020-05-27 19:32:21,690 [grpc-default-executor-4] INFO  impl.FollowerInfo (FollowerInfo.java:lambda$new$0(50)) - f8fa1989-8a4e-41f2-9266-8404362eecef@group-EDFBBF01C07B->7d59b1d8-9c1a-4986-8068-ccaafcba6925: nextIndex: updateUnconditionally 6 -> 5
2020-05-27 19:32:22,190 [grpc-default-executor-0] WARN  server.GrpcLogAppender (LogUtils.java:warn(122)) - f8fa1989-8a4e-41f2-9266-8404362eecef@group-EDFBBF01C07B->7d59b1d8-9c1a-4986-8068-ccaafcba6925-AppendLogResponseHandler: Failed appendEntries: org.apache.ratis.thirdparty.io.grpc.StatusRuntimeException: UNAVAILABLE: io exception
2020-05-27 19:32:22,192 [grpc-default-executor-0] INFO  impl.FollowerInfo (FollowerInfo.java:lambda$new$0(50)) - f8fa1989-8a4e-41f2-9266-8404362eecef@group-EDFBBF01C07B->7d59b1d8-9c1a-4986-8068-ccaafcba6925: nextIndex: updateUnconditionally 6 -> 5
2020-05-27 19:32:22,692 [grpc-default-executor-4] WARN  server.GrpcLogAppender (LogUtils.java:warn(122)) - f8fa1989-8a4e-41f2-9266-8404362eecef@group-EDFBBF01C07B->7d59b1d8-9c1a-4986-8068-ccaafcba6925-AppendLogResponseHandler: Failed appendEntries: org.apache.ratis.thirdparty.io.grpc.StatusRuntimeException: UNAVAILABLE: io exception
2020-05-27 19:32:22,694 [grpc-default-executor-4] INFO  impl.FollowerInfo (FollowerInfo.java:lambda$new$0(50)) - f8fa1989-8a4e-41f2-9266-8404362eecef@group-EDFBBF01C07B->7d59b1d8-9c1a-4986-8068-ccaafcba6925: nextIndex: updateUnconditionally 6 -> 5
2020-05-27 19:32:23,194 [grpc-default-executor-0] WARN  server.GrpcLogAppender (LogUtils.java:warn(122)) - f8fa1989-8a4e-41f2-9266-8404362eecef@group-EDFBBF01C07B->7d59b1d8-9c1a-4986-8068-ccaafcba6925-AppendLogResponseHandler: Failed appendEntries: org.apache.ratis.thirdparty.io.grpc.StatusRuntimeException: UNAVAILABLE: io exception
2020-05-27 19:32:23,196 [grpc-default-executor-0] INFO  impl.FollowerInfo (FollowerInfo.java:lambda$new$0(50)) - f8fa1989-8a4e-41f2-9266-8404362eecef@group-EDFBBF01C07B->7d59b1d8-9c1a-4986-8068-ccaafcba6925: nextIndex: updateUnconditionally 6 -> 5
2020-05-27 19:32:23,695 [grpc-default-executor-4] WARN  server.GrpcLogAppender (LogUtils.java:warn(122)) - f8fa1989-8a4e-41f2-9266-8404362eecef@group-EDFBBF01C07B->7d59b1d8-9c1a-4986-8068-ccaafcba6925-AppendLogResponseHandler: Failed appendEntries: org.apache.ratis.thirdparty.io.grpc.StatusRuntimeException: UNAVAILABLE: io exception
2020-05-27 19:32:23,697 [grpc-default-executor-4] INFO  impl.FollowerInfo (FollowerInfo.java:lambda$new$0(50)) - f8fa1989-8a4e-41f2-9266-8404362eecef@group-EDFBBF01C07B->7d59b1d8-9c1a-4986-8068-ccaafcba6925: nextIndex: updateUnconditionally 6 -> 5
2020-05-27 19:32:23,866 [Listener at 127.0.0.1/45217] INFO  ozoneimpl.OzoneContainer (OzoneContainer.java:stop(246)) - Attempting to stop container services.
2020-05-27 19:32:23,866 [Listener at 127.0.0.1/45217] INFO  impl.RaftServerProxy (RaftServerProxy.java:lambda$close$4(314)) - 43a73f06-de32-4f2e-9dfd-3dbd6ac88803: close
2020-05-27 19:32:23,867 [Listener at 127.0.0.1/45217] INFO  impl.RaftServerImpl (RaftServerImpl.java:lambda$shutdown$3(250)) - 43a73f06-de32-4f2e-9dfd-3dbd6ac88803@group-06A4D39D8215: shutdown
2020-05-27 19:32:23,867 [ForkJoinPool.commonPool-worker-1] INFO  impl.RaftServerImpl (RaftServerImpl.java:lambda$shutdown$3(250)) - 43a73f06-de32-4f2e-9dfd-3dbd6ac88803@group-EDFBBF01C07B: shutdown
2020-05-27 19:32:23,868 [ForkJoinPool.commonPool-worker-1] INFO  util.JmxRegister (JmxRegister.java:unregister(73)) - Successfully un-registered JMX Bean with object name Ratis:service=RaftServer,group=group-EDFBBF01C07B,id=43a73f06-de32-4f2e-9dfd-3dbd6ac88803
2020-05-27 19:32:23,868 [ForkJoinPool.commonPool-worker-1] INFO  impl.RoleInfo (RoleInfo.java:shutdownFollowerState(121)) - 43a73f06-de32-4f2e-9dfd-3dbd6ac88803: shutdown FollowerState
2020-05-27 19:32:23,867 [Listener at 127.0.0.1/45217] INFO  util.JmxRegister (JmxRegister.java:unregister(73)) - Successfully un-registered JMX Bean with object name Ratis:service=RaftServer,group=group-06A4D39D8215,id=43a73f06-de32-4f2e-9dfd-3dbd6ac88803
2020-05-27 19:32:23,868 [Listener at 127.0.0.1/45217] INFO  impl.RoleInfo (RoleInfo.java:shutdownLeaderState(104)) - 43a73f06-de32-4f2e-9dfd-3dbd6ac88803: shutdown LeaderState
2020-05-27 19:32:23,868 [Thread-430] INFO  impl.FollowerState (FollowerState.java:run(117)) - 43a73f06-de32-4f2e-9dfd-3dbd6ac88803@group-EDFBBF01C07B-FollowerState was interrupted: java.lang.InterruptedException: sleep interrupted
2020-05-27 19:32:23,868 [ForkJoinPool.commonPool-worker-1] INFO  impl.StateMachineUpdater (StateMachineUpdater.java:stopAndJoin(142)) - 43a73f06-de32-4f2e-9dfd-3dbd6ac88803@group-EDFBBF01C07B-StateMachineUpdater: set stopIndex = 5
2020-05-27 19:32:23,868 [43a73f06-de32-4f2e-9dfd-3dbd6ac88803@group-EDFBBF01C07B-StateMachineUpdater] INFO  ratis.ContainerStateMachine (ContainerStateMachine.java:takeSnapshot(288)) - group-EDFBBF01C07B: Taking a snapshot at:(t:4, i:5) file /github/workspace/mnt/ozone/hadoop-ozone/integration-test/target/test-dir/MiniOzoneClusterImpl-f0010636-4b6e-4820-a6ed-9dd9125fe66b/datanode-3/data/ratis/b243c757-4de3-4a1e-8241-edfbbf01c07b/sm/snapshot.4_5
2020-05-27 19:32:23,873 [Listener at 127.0.0.1/45217] INFO  impl.PendingRequests (PendingRequests.java:sendNotLeaderResponses(242)) - 43a73f06-de32-4f2e-9dfd-3dbd6ac88803@group-06A4D39D8215-PendingRequests: sendNotLeaderResponses
2020-05-27 19:32:23,873 [Listener at 127.0.0.1/45217] INFO  metrics.RatisMetrics (RatisMetrics.java:unregister(46)) - Unregistering Metrics Registry : ratis.log_appender.43a73f06-de32-4f2e-9dfd-3dbd6ac88803@group-06A4D39D8215
2020-05-27 19:32:23,874 [43a73f06-de32-4f2e-9dfd-3dbd6ac88803@group-06A4D39D8215-StateMachineUpdater] INFO  ratis.ContainerStateMachine (ContainerStateMachine.java:takeSnapshot(288)) - group-06A4D39D8215: Taking a snapshot at:(t:1, i:0) file /github/workspace/mnt/ozone/hadoop-ozone/integration-test/target/test-dir/MiniOzoneClusterImpl-f0010636-4b6e-4820-a6ed-9dd9125fe66b/datanode-3/data/ratis/0811533e-8f25-4cab-acfc-06a4d39d8215/sm/snapshot.1_0
2020-05-27 19:32:23,875 [43a73f06-de32-4f2e-9dfd-3dbd6ac88803@group-EDFBBF01C07B-StateMachineUpdater] INFO  ratis.ContainerStateMachine (ContainerStateMachine.java:takeSnapshot(299)) - group-EDFBBF01C07B: Finished taking a snapshot at:(t:4, i:5) file:/github/workspace/mnt/ozone/hadoop-ozone/integration-test/target/test-dir/MiniOzoneClusterImpl-f0010636-4b6e-4820-a6ed-9dd9125fe66b/datanode-3/data/ratis/b243c757-4de3-4a1e-8241-edfbbf01c07b/sm/snapshot.4_5 time:7
2020-05-27 19:32:23,876 [43a73f06-de32-4f2e-9dfd-3dbd6ac88803@group-06A4D39D8215-StateMachineUpdater] INFO  ratis.ContainerStateMachine (ContainerStateMachine.java:takeSnapshot(299)) - group-06A4D39D8215: Finished taking a snapshot at:(t:1, i:0) file:/github/workspace/mnt/ozone/hadoop-ozone/integration-test/target/test-dir/MiniOzoneClusterImpl-f0010636-4b6e-4820-a6ed-9dd9125fe66b/datanode-3/data/ratis/0811533e-8f25-4cab-acfc-06a4d39d8215/sm/snapshot.1_0 time:2
2020-05-27 19:32:23,876 [43a73f06-de32-4f2e-9dfd-3dbd6ac88803@group-06A4D39D8215-StateMachineUpdater] INFO  impl.StateMachineUpdater (StateMachineUpdater.java:takeSnapshot(277)) - 43a73f06-de32-4f2e-9dfd-3dbd6ac88803@group-06A4D39D8215-StateMachineUpdater: Took a snapshot at index 0
2020-05-27 19:32:23,876 [43a73f06-de32-4f2e-9dfd-3dbd6ac88803@group-06A4D39D8215-StateMachineUpdater] INFO  impl.StateMachineUpdater (StateMachineUpdater.java:lambda$new$0(87)) - 43a73f06-de32-4f2e-9dfd-3dbd6ac88803@group-06A4D39D8215-StateMachineUpdater: snapshotIndex: updateIncreasingly -1 -> 0
2020-05-27 19:32:23,876 [43a73f06-de32-4f2e-9dfd-3dbd6ac88803@group-06A4D39D8215-StateMachineUpdater] INFO  metrics.RatisMetrics (RatisMetrics.java:unregister(46)) - Unregistering Metrics Registry : ratis.state_machine.43a73f06-de32-4f2e-9dfd-3dbd6ac88803@group-06A4D39D8215
2020-05-27 19:32:23,878 [43a73f06-de32-4f2e-9dfd-3dbd6ac88803@group-EDFBBF01C07B-StateMachineUpdater] INFO  impl.StateMachineUpdater (StateMachineUpdater.java:takeSnapshot(277)) - 43a73f06-de32-4f2e-9dfd-3dbd6ac88803@group-EDFBBF01C07B-StateMachineUpdater: Took a snapshot at index 5
2020-05-27 19:32:23,878 [43a73f06-de32-4f2e-9dfd-3dbd6ac88803@group-EDFBBF01C07B-StateMachineUpdater] INFO  impl.StateMachineUpdater (StateMachineUpdater.java:lambda$new$0(87)) - 43a73f06-de32-4f2e-9dfd-3dbd6ac88803@group-EDFBBF01C07B-StateMachineUpdater: snapshotIndex: updateIncreasingly -1 -> 5
2020-05-27 19:32:23,879 [Listener at 127.0.0.1/45217] INFO  impl.StateMachineUpdater (StateMachineUpdater.java:stopAndJoin(142)) - 43a73f06-de32-4f2e-9dfd-3dbd6ac88803@group-06A4D39D8215-StateMachineUpdater: set stopIndex = 0
2020-05-27 19:32:23,879 [Listener at 127.0.0.1/45217] INFO  impl.RaftServerImpl (ServerState.java:close(387)) - 43a73f06-de32-4f2e-9dfd-3dbd6ac88803@group-06A4D39D8215: closes. applyIndex: 0
2020-05-27 19:32:23,879 [43a73f06-de32-4f2e-9dfd-3dbd6ac88803@group-EDFBBF01C07B-StateMachineUpdater] INFO  metrics.RatisMetrics (RatisMetrics.java:unregister(46)) - Unregistering Metrics Registry : ratis.state_machine.43a73f06-de32-4f2e-9dfd-3dbd6ac88803@group-EDFBBF01C07B
2020-05-27 19:32:23,880 [43a73f06-de32-4f2e-9dfd-3dbd6ac88803@group-06A4D39D8215-SegmentedRaftLogWorker] INFO  segmented.SegmentedRaftLogWorker (SegmentedRaftLogWorker.java:run(321)) - 43a73f06-de32-4f2e-9dfd-3dbd6ac88803@group-06A4D39D8215-SegmentedRaftLogWorker was interrupted, exiting. There are 0 tasks remaining in the queue.
2020-05-27 19:32:23,880 [ForkJoinPool.commonPool-worker-1] INFO  impl.RaftServerImpl (ServerState.java:close(387)) - 43a73f06-de32-4f2e-9dfd-3dbd6ac88803@group-EDFBBF01C07B: closes. applyIndex: 5
2020-05-27 19:32:23,881 [43a73f06-de32-4f2e-9dfd-3dbd6ac88803@group-EDFBBF01C07B-SegmentedRaftLogWorker] INFO  segmented.SegmentedRaftLogWorker (SegmentedRaftLogWorker.java:run(321)) - 43a73f06-de32-4f2e-9dfd-3dbd6ac88803@group-EDFBBF01C07B-SegmentedRaftLogWorker was interrupted, exiting. There are 0 tasks remaining in the queue.
2020-05-27 19:32:23,881 [Listener at 127.0.0.1/45217] INFO  segmented.SegmentedRaftLogWorker (SegmentedRaftLogWorker.java:close(229)) - 43a73f06-de32-4f2e-9dfd-3dbd6ac88803@group-06A4D39D8215-SegmentedRaftLogWorker close()
2020-05-27 19:32:23,882 [Listener at 127.0.0.1/45217] INFO  metrics.RatisMetrics (RatisMetrics.java:unregister(46)) - Unregistering Metrics Registry : ratis.log_worker.43a73f06-de32-4f2e-9dfd-3dbd6ac88803
2020-05-27 19:32:23,882 [Listener at 127.0.0.1/45217] INFO  metrics.RatisMetrics (RatisMetrics.java:unregister(46)) - Unregistering Metrics Registry : ratis.leader_election.43a73f06-de32-4f2e-9dfd-3dbd6ac88803@group-06A4D39D8215
2020-05-27 19:32:23,882 [Listener at 127.0.0.1/45217] INFO  metrics.RatisMetrics (RatisMetrics.java:unregister(46)) - Unregistering Metrics Registry : ratis.server.43a73f06-de32-4f2e-9dfd-3dbd6ac88803@group-06A4D39D8215
2020-05-27 19:32:23,883 [ForkJoinPool.commonPool-worker-1] INFO  segmented.SegmentedRaftLogWorker (SegmentedRaftLogWorker.java:close(229)) - 43a73f06-de32-4f2e-9dfd-3dbd6ac88803@group-EDFBBF01C07B-SegmentedRaftLogWorker close()
2020-05-27 19:32:23,883 [ForkJoinPool.commonPool-worker-1] INFO  metrics.RatisMetrics (RatisMetrics.java:unregister(46)) - Unregistering Metrics Registry : ratis.log_worker.43a73f06-de32-4f2e-9dfd-3dbd6ac88803
2020-05-27 19:32:23,883 [ForkJoinPool.commonPool-worker-1] INFO  metrics.RatisMetrics (RatisMetrics.java:unregister(46)) - Unregistering Metrics Registry : ratis.leader_election.43a73f06-de32-4f2e-9dfd-3dbd6ac88803@group-EDFBBF01C07B
2020-05-27 19:32:23,883 [ForkJoinPool.commonPool-worker-1] INFO  metrics.RatisMetrics (RatisMetrics.java:unregister(46)) - Unregistering Metrics Registry : ratis.server.43a73f06-de32-4f2e-9dfd-3dbd6ac88803@group-EDFBBF01C07B
2020-05-27 19:32:23,884 [Listener at 127.0.0.1/45217] INFO  server.GrpcService (GrpcService.java:closeImpl(165)) - 43a73f06-de32-4f2e-9dfd-3dbd6ac88803: shutdown server with port 43883 now
2020-05-27 19:32:23,885 [grpc-default-executor-7] WARN  server.GrpcLogAppender (LogUtils.java:warn(122)) - f8fa1989-8a4e-41f2-9266-8404362eecef@group-EDFBBF01C07B->43a73f06-de32-4f2e-9dfd-3dbd6ac88803-AppendLogResponseHandler: Failed appendEntries: org.apache.ratis.thirdparty.io.grpc.StatusRuntimeException: CANCELLED: HTTP/2 error code: CANCEL
Received Rst Stream
2020-05-27 19:32:23,885 [grpc-default-executor-0] WARN  server.GrpcServerProtocolService (LogUtils.java:warn(122)) - 43a73f06-de32-4f2e-9dfd-3dbd6ac88803: installSnapshot onError, lastRequest: f8fa1989-8a4e-41f2-9266-8404362eecef->43a73f06-de32-4f2e-9dfd-3dbd6ac88803#8-t4, previous=(t:4, i:4), leaderCommit=4, initializing? false, entries: size=1, first=(t:4, i:5), METADATAENTRY(c:4): org.apache.ratis.thirdparty.io.grpc.StatusRuntimeException: CANCELLED: cancelled before receiving half close
2020-05-27 19:32:23,892 [grpc-default-executor-7] INFO  impl.FollowerInfo (FollowerInfo.java:lambda$new$0(50)) - f8fa1989-8a4e-41f2-9266-8404362eecef@group-EDFBBF01C07B->43a73f06-de32-4f2e-9dfd-3dbd6ac88803: nextIndex: updateUnconditionally 6 -> 5
2020-05-27 19:32:23,893 [Listener at 127.0.0.1/45217] INFO  server.GrpcService (GrpcService.java:closeImpl(173)) - 43a73f06-de32-4f2e-9dfd-3dbd6ac88803: shutdown server with port 43883 successfully
2020-05-27 19:32:23,894 [Listener at 127.0.0.1/45217] INFO  utils.BackgroundService (BackgroundService.java:shutdown(157)) - Shutting down service BlockDeletingService
2020-05-27 19:32:23,896 [Listener at 127.0.0.1/45217] INFO  statemachine.DatanodeStateMachine (DatanodeStateMachine.java:stopDaemon(424)) - Ozone container server stopped.
2020-05-27 19:32:23,896 [Listener at 127.0.0.1/45217] INFO  handler.ContextHandler (ContextHandler.java:doStop(1016)) - Stopped o.e.j.w.WebAppContext@538fb761{hddsDatanode,/,null,UNAVAILABLE}{jar:file:/home/user/.m2/repository/org/apache/hadoop/hadoop-hdds-container-service/0.6.0-SNAPSHOT/hadoop-hdds-container-service-0.6.0-SNAPSHOT.jar!/webapps/hddsDatanode}
2020-05-27 19:32:23,897 [Listener at 127.0.0.1/45217] INFO  server.AbstractConnector (AbstractConnector.java:doStop(380)) - Stopped ServerConnector@54dc163a{HTTP/1.1,[http/1.1]}{0.0.0.0:0}
2020-05-27 19:32:23,897 [Listener at 127.0.0.1/45217] INFO  server.session (HouseKeeper.java:stopScavenging(158)) - node0 Stopped scavenging
2020-05-27 19:32:23,898 [Listener at 127.0.0.1/45217] INFO  handler.ContextHandler (ContextHandler.java:doStop(1016)) - Stopped o.e.j.s.ServletContextHandler@2e41e0c{static,/static,jar:file:/home/user/.m2/repository/org/apache/hadoop/hadoop-hdds-container-service/0.6.0-SNAPSHOT/hadoop-hdds-container-service-0.6.0-SNAPSHOT.jar!/webapps/static,UNAVAILABLE}
2020-05-27 19:32:23,898 [Listener at 127.0.0.1/45217] INFO  handler.ContextHandler (ContextHandler.java:doStop(1016)) - Stopped o.e.j.s.ServletContextHandler@6c289070{logs,/logs,file:///github/workspace/mnt/ozone/hadoop-ozone/integration-test/target/log,UNAVAILABLE}
19:32:23.924 [grpc-default-executor-0] ERROR DNAudit - user=null | ip=null | op=WRITE_CHUNK {blockData=conID: 1 locID: 104242081435877376 bcsId: 2} | ret=FAILURE
org.apache.hadoop.hdds.scm.container.common.helpers.ContainerNotOpenException: Container 1 in CLOSED state
	at org.apache.hadoop.ozone.container.common.impl.HddsDispatcher.validateContainerCommand(HddsDispatcher.java:478) ~[hadoop-hdds-container-service-0.6.0-SNAPSHOT.jar:?]
	at org.apache.hadoop.ozone.container.common.transport.server.ratis.ContainerStateMachine.startTransaction(ContainerStateMachine.java:314) ~[hadoop-hdds-container-service-0.6.0-SNAPSHOT.jar:?]
	at org.apache.ratis.server.impl.RaftServerImpl.submitClientRequestAsync(RaftServerImpl.java:609) ~[ratis-server-0.6.0-cac3336-SNAPSHOT.jar:0.6.0-cac3336-SNAPSHOT]
	at org.apache.ratis.server.impl.RaftServerProxy.lambda$submitClientRequestAsync$7(RaftServerProxy.java:333) ~[ratis-server-0.6.0-cac3336-SNAPSHOT.jar:0.6.0-cac3336-SNAPSHOT]
	at org.apache.ratis.server.impl.RaftServerProxy.lambda$null$5(RaftServerProxy.java:328) ~[ratis-server-0.6.0-cac3336-SNAPSHOT.jar:0.6.0-cac3336-SNAPSHOT]
	at org.apache.ratis.util.JavaUtils.callAsUnchecked(JavaUtils.java:109) ~[ratis-common-0.6.0-cac3336-SNAPSHOT.jar:0.6.0-cac3336-SNAPSHOT]
	at org.apache.ratis.server.impl.RaftServerProxy.lambda$submitRequest$6(RaftServerProxy.java:328) ~[ratis-server-0.6.0-cac3336-SNAPSHOT.jar:0.6.0-cac3336-SNAPSHOT]
	at java.util.concurrent.CompletableFuture.uniComposeStage(CompletableFuture.java:995) ~[?:1.8.0_232]
	at java.util.concurrent.CompletableFuture.thenCompose(CompletableFuture.java:2137) ~[?:1.8.0_232]
	at org.apache.ratis.server.impl.RaftServerProxy.submitRequest(RaftServerProxy.java:327) ~[ratis-server-0.6.0-cac3336-SNAPSHOT.jar:0.6.0-cac3336-SNAPSHOT]
	at org.apache.ratis.server.impl.RaftServerProxy.submitClientRequestAsync(RaftServerProxy.java:333) ~[ratis-server-0.6.0-cac3336-SNAPSHOT.jar:0.6.0-cac3336-SNAPSHOT]
	at org.apache.ratis.grpc.client.GrpcClientProtocolService$RequestStreamObserver.processClientRequest(GrpcClientProtocolService.java:225) ~[ratis-grpc-0.6.0-cac3336-SNAPSHOT.jar:0.6.0-cac3336-SNAPSHOT]
	at org.apache.ratis.grpc.client.GrpcClientProtocolService$OrderedRequestStreamObserver.processClientRequest(GrpcClientProtocolService.java:331) ~[ratis-grpc-0.6.0-cac3336-SNAPSHOT.jar:0.6.0-cac3336-SNAPSHOT]
	at org.apache.ratis.util.SlidingWindow$Server.processRequestsFromHead(SlidingWindow.java:429) [ratis-common-0.6.0-cac3336-SNAPSHOT.jar:0.6.0-cac3336-SNAPSHOT]
	at org.apache.ratis.util.SlidingWindow$Server.receivedRequest(SlidingWindow.java:421) [ratis-common-0.6.0-cac3336-SNAPSHOT.jar:0.6.0-cac3336-SNAPSHOT]
	at org.apache.ratis.grpc.client.GrpcClientProtocolService$OrderedRequestStreamObserver.processClientRequest(GrpcClientProtocolService.java:355) [ratis-grpc-0.6.0-cac3336-SNAPSHOT.jar:0.6.0-cac3336-SNAPSHOT]
	at org.apache.ratis.grpc.client.GrpcClientProtocolService$RequestStreamObserver.onNext(GrpcClientProtocolService.java:245) [ratis-grpc-0.6.0-cac3336-SNAPSHOT.jar:0.6.0-cac3336-SNAPSHOT]
	at org.apache.ratis.grpc.client.GrpcClientProtocolService$RequestStreamObserver.onNext(GrpcClientProtocolService.java:168) [ratis-grpc-0.6.0-cac3336-SNAPSHOT.jar:0.6.0-cac3336-SNAPSHOT]
	at org.apache.ratis.thirdparty.io.grpc.stub.ServerCalls$StreamingServerCallHandler$StreamingServerCallListener.onMessage(ServerCalls.java:251) [ratis-thirdparty-misc-0.4.0.jar:0.4.0]
	at org.apache.ratis.thirdparty.io.grpc.internal.ServerCallImpl$ServerStreamListenerImpl.messagesAvailableInternal(ServerCallImpl.java:309) [ratis-thirdparty-misc-0.4.0.jar:0.4.0]
	at org.apache.ratis.thirdparty.io.grpc.internal.ServerCallImpl$ServerStreamListenerImpl.messagesAvailable(ServerCallImpl.java:292) [ratis-thirdparty-misc-0.4.0.jar:0.4.0]
	at org.apache.ratis.thirdparty.io.grpc.internal.ServerImpl$JumpToApplicationThreadServerStreamListener$1MessagesAvailable.runInContext(ServerImpl.java:782) [ratis-thirdparty-misc-0.4.0.jar:0.4.0]
	at org.apache.ratis.thirdparty.io.grpc.internal.ContextRunnable.run(ContextRunnable.java:37) [ratis-thirdparty-misc-0.4.0.jar:0.4.0]
	at org.apache.ratis.thirdparty.io.grpc.internal.SerializingExecutor.run(SerializingExecutor.java:123) [ratis-thirdparty-misc-0.4.0.jar:0.4.0]
	at java.util.concurrent.ThreadPoolExecutor.runWorker(ThreadPoolExecutor.java:1149) [?:1.8.0_232]
	at java.util.concurrent.ThreadPoolExecutor$Worker.run(ThreadPoolExecutor.java:624) [?:1.8.0_232]
	at java.lang.Thread.run(Thread.java:748) [?:1.8.0_232]
19:32:23.942 [grpc-default-executor-0] ERROR DNAudit - user=null | ip=null | op=PUT_BLOCK {blockData=[blockId=conID: 1 locID: 104242081435877376 bcsId: 0,size=2097152]} | ret=FAILURE
org.apache.hadoop.hdds.scm.container.common.helpers.ContainerNotOpenException: Container 1 in CLOSED state
	at org.apache.hadoop.ozone.container.common.impl.HddsDispatcher.validateContainerCommand(HddsDispatcher.java:478) ~[hadoop-hdds-container-service-0.6.0-SNAPSHOT.jar:?]
	at org.apache.hadoop.ozone.container.common.transport.server.ratis.ContainerStateMachine.startTransaction(ContainerStateMachine.java:314) ~[hadoop-hdds-container-service-0.6.0-SNAPSHOT.jar:?]
	at org.apache.ratis.server.impl.RaftServerImpl.submitClientRequestAsync(RaftServerImpl.java:609) ~[ratis-server-0.6.0-cac3336-SNAPSHOT.jar:0.6.0-cac3336-SNAPSHOT]
	at org.apache.ratis.server.impl.RaftServerProxy.lambda$submitClientRequestAsync$7(RaftServerProxy.java:333) ~[ratis-server-0.6.0-cac3336-SNAPSHOT.jar:0.6.0-cac3336-SNAPSHOT]
	at org.apache.ratis.server.impl.RaftServerProxy.lambda$null$5(RaftServerProxy.java:328) ~[ratis-server-0.6.0-cac3336-SNAPSHOT.jar:0.6.0-cac3336-SNAPSHOT]
	at org.apache.ratis.util.JavaUtils.callAsUnchecked(JavaUtils.java:109) ~[ratis-common-0.6.0-cac3336-SNAPSHOT.jar:0.6.0-cac3336-SNAPSHOT]
	at org.apache.ratis.server.impl.RaftServerProxy.lambda$submitRequest$6(RaftServerProxy.java:328) ~[ratis-server-0.6.0-cac3336-SNAPSHOT.jar:0.6.0-cac3336-SNAPSHOT]
	at java.util.concurrent.CompletableFuture.uniComposeStage(CompletableFuture.java:995) ~[?:1.8.0_232]
	at java.util.concurrent.CompletableFuture.thenCompose(CompletableFuture.java:2137) ~[?:1.8.0_232]
	at org.apache.ratis.server.impl.RaftServerProxy.submitRequest(RaftServerProxy.java:327) ~[ratis-server-0.6.0-cac3336-SNAPSHOT.jar:0.6.0-cac3336-SNAPSHOT]
	at org.apache.ratis.server.impl.RaftServerProxy.submitClientRequestAsync(RaftServerProxy.java:333) ~[ratis-server-0.6.0-cac3336-SNAPSHOT.jar:0.6.0-cac3336-SNAPSHOT]
	at org.apache.ratis.grpc.client.GrpcClientProtocolService$RequestStreamObserver.processClientRequest(GrpcClientProtocolService.java:225) ~[ratis-grpc-0.6.0-cac3336-SNAPSHOT.jar:0.6.0-cac3336-SNAPSHOT]
	at org.apache.ratis.grpc.client.GrpcClientProtocolService$OrderedRequestStreamObserver.processClientRequest(GrpcClientProtocolService.java:331) ~[ratis-grpc-0.6.0-cac3336-SNAPSHOT.jar:0.6.0-cac3336-SNAPSHOT]
	at org.apache.ratis.util.SlidingWindow$Server.processRequestsFromHead(SlidingWindow.java:429) [ratis-common-0.6.0-cac3336-SNAPSHOT.jar:0.6.0-cac3336-SNAPSHOT]
	at org.apache.ratis.util.SlidingWindow$Server.receivedRequest(SlidingWindow.java:421) [ratis-common-0.6.0-cac3336-SNAPSHOT.jar:0.6.0-cac3336-SNAPSHOT]
	at org.apache.ratis.grpc.client.GrpcClientProtocolService$OrderedRequestStreamObserver.processClientRequest(GrpcClientProtocolService.java:355) [ratis-grpc-0.6.0-cac3336-SNAPSHOT.jar:0.6.0-cac3336-SNAPSHOT]
	at org.apache.ratis.grpc.client.GrpcClientProtocolService$RequestStreamObserver.onNext(GrpcClientProtocolService.java:245) [ratis-grpc-0.6.0-cac3336-SNAPSHOT.jar:0.6.0-cac3336-SNAPSHOT]
	at org.apache.ratis.grpc.client.GrpcClientProtocolService$RequestStreamObserver.onNext(GrpcClientProtocolService.java:168) [ratis-grpc-0.6.0-cac3336-SNAPSHOT.jar:0.6.0-cac3336-SNAPSHOT]
	at org.apache.ratis.thirdparty.io.grpc.stub.ServerCalls$StreamingServerCallHandler$StreamingServerCallListener.onMessage(ServerCalls.java:251) [ratis-thirdparty-misc-0.4.0.jar:0.4.0]
	at org.apache.ratis.thirdparty.io.grpc.internal.ServerCallImpl$ServerStreamListenerImpl.messagesAvailableInternal(ServerCallImpl.java:309) [ratis-thirdparty-misc-0.4.0.jar:0.4.0]
	at org.apache.ratis.thirdparty.io.grpc.internal.ServerCallImpl$ServerStreamListenerImpl.messagesAvailable(ServerCallImpl.java:292) [ratis-thirdparty-misc-0.4.0.jar:0.4.0]
	at org.apache.ratis.thirdparty.io.grpc.internal.ServerImpl$JumpToApplicationThreadServerStreamListener$1MessagesAvailable.runInContext(ServerImpl.java:782) [ratis-thirdparty-misc-0.4.0.jar:0.4.0]
	at org.apache.ratis.thirdparty.io.grpc.internal.ContextRunnable.run(ContextRunnable.java:37) [ratis-thirdparty-misc-0.4.0.jar:0.4.0]
	at org.apache.ratis.thirdparty.io.grpc.internal.SerializingExecutor.run(SerializingExecutor.java:123) [ratis-thirdparty-misc-0.4.0.jar:0.4.0]
	at java.util.concurrent.ThreadPoolExecutor.runWorker(ThreadPoolExecutor.java:1149) [?:1.8.0_232]
	at java.util.concurrent.ThreadPoolExecutor$Worker.run(ThreadPoolExecutor.java:624) [?:1.8.0_232]
	at java.lang.Thread.run(Thread.java:748) [?:1.8.0_232]
19:32:23.971 [grpc-default-executor-7] ERROR DNAudit - user=null | ip=null | op=WRITE_CHUNK {blockData=conID: 1 locID: 104242081435877376 bcsId: 2} | ret=FAILURE
org.apache.hadoop.hdds.scm.container.common.helpers.ContainerNotOpenException: Container 1 in CLOSED state
	at org.apache.hadoop.ozone.container.common.impl.HddsDispatcher.validateContainerCommand(HddsDispatcher.java:478) ~[hadoop-hdds-container-service-0.6.0-SNAPSHOT.jar:?]
	at org.apache.hadoop.ozone.container.common.transport.server.ratis.ContainerStateMachine.startTransaction(ContainerStateMachine.java:314) ~[hadoop-hdds-container-service-0.6.0-SNAPSHOT.jar:?]
	at org.apache.ratis.server.impl.RaftServerImpl.submitClientRequestAsync(RaftServerImpl.java:609) ~[ratis-server-0.6.0-cac3336-SNAPSHOT.jar:0.6.0-cac3336-SNAPSHOT]
	at org.apache.ratis.server.impl.RaftServerProxy.lambda$submitClientRequestAsync$7(RaftServerProxy.java:333) ~[ratis-server-0.6.0-cac3336-SNAPSHOT.jar:0.6.0-cac3336-SNAPSHOT]
	at org.apache.ratis.server.impl.RaftServerProxy.lambda$null$5(RaftServerProxy.java:328) ~[ratis-server-0.6.0-cac3336-SNAPSHOT.jar:0.6.0-cac3336-SNAPSHOT]
	at org.apache.ratis.util.JavaUtils.callAsUnchecked(JavaUtils.java:109) ~[ratis-common-0.6.0-cac3336-SNAPSHOT.jar:0.6.0-cac3336-SNAPSHOT]
	at org.apache.ratis.server.impl.RaftServerProxy.lambda$submitRequest$6(RaftServerProxy.java:328) ~[ratis-server-0.6.0-cac3336-SNAPSHOT.jar:0.6.0-cac3336-SNAPSHOT]
	at java.util.concurrent.CompletableFuture.uniComposeStage(CompletableFuture.java:995) ~[?:1.8.0_232]
	at java.util.concurrent.CompletableFuture.thenCompose(CompletableFuture.java:2137) ~[?:1.8.0_232]
	at org.apache.ratis.server.impl.RaftServerProxy.submitRequest(RaftServerProxy.java:327) ~[ratis-server-0.6.0-cac3336-SNAPSHOT.jar:0.6.0-cac3336-SNAPSHOT]
	at org.apache.ratis.server.impl.RaftServerProxy.submitClientRequestAsync(RaftServerProxy.java:333) ~[ratis-server-0.6.0-cac3336-SNAPSHOT.jar:0.6.0-cac3336-SNAPSHOT]
	at org.apache.ratis.grpc.client.GrpcClientProtocolService$RequestStreamObserver.processClientRequest(GrpcClientProtocolService.java:225) ~[ratis-grpc-0.6.0-cac3336-SNAPSHOT.jar:0.6.0-cac3336-SNAPSHOT]
	at org.apache.ratis.grpc.client.GrpcClientProtocolService$OrderedRequestStreamObserver.processClientRequest(GrpcClientProtocolService.java:331) ~[ratis-grpc-0.6.0-cac3336-SNAPSHOT.jar:0.6.0-cac3336-SNAPSHOT]
	at org.apache.ratis.util.SlidingWindow$Server.processRequestsFromHead(SlidingWindow.java:429) [ratis-common-0.6.0-cac3336-SNAPSHOT.jar:0.6.0-cac3336-SNAPSHOT]
	at org.apache.ratis.util.SlidingWindow$Server.receivedRequest(SlidingWindow.java:421) [ratis-common-0.6.0-cac3336-SNAPSHOT.jar:0.6.0-cac3336-SNAPSHOT]
	at org.apache.ratis.grpc.client.GrpcClientProtocolService$OrderedRequestStreamObserver.processClientRequest(GrpcClientProtocolService.java:355) [ratis-grpc-0.6.0-cac3336-SNAPSHOT.jar:0.6.0-cac3336-SNAPSHOT]
	at org.apache.ratis.grpc.client.GrpcClientProtocolService$RequestStreamObserver.onNext(GrpcClientProtocolService.java:245) [ratis-grpc-0.6.0-cac3336-SNAPSHOT.jar:0.6.0-cac3336-SNAPSHOT]
	at org.apache.ratis.grpc.client.GrpcClientProtocolService$RequestStreamObserver.onNext(GrpcClientProtocolService.java:168) [ratis-grpc-0.6.0-cac3336-SNAPSHOT.jar:0.6.0-cac3336-SNAPSHOT]
	at org.apache.ratis.thirdparty.io.grpc.stub.ServerCalls$StreamingServerCallHandler$StreamingServerCallListener.onMessage(ServerCalls.java:251) [ratis-thirdparty-misc-0.4.0.jar:0.4.0]
	at org.apache.ratis.thirdparty.io.grpc.internal.ServerCallImpl$ServerStreamListenerImpl.messagesAvailableInternal(ServerCallImpl.java:309) [ratis-thirdparty-misc-0.4.0.jar:0.4.0]
	at org.apache.ratis.thirdparty.io.grpc.internal.ServerCallImpl$ServerStreamListenerImpl.messagesAvailable(ServerCallImpl.java:292) [ratis-thirdparty-misc-0.4.0.jar:0.4.0]
	at org.apache.ratis.thirdparty.io.grpc.internal.ServerImpl$JumpToApplicationThreadServerStreamListener$1MessagesAvailable.runInContext(ServerImpl.java:782) [ratis-thirdparty-misc-0.4.0.jar:0.4.0]
	at org.apache.ratis.thirdparty.io.grpc.internal.ContextRunnable.run(ContextRunnable.java:37) [ratis-thirdparty-misc-0.4.0.jar:0.4.0]
	at org.apache.ratis.thirdparty.io.grpc.internal.SerializingExecutor.run(SerializingExecutor.java:123) [ratis-thirdparty-misc-0.4.0.jar:0.4.0]
	at java.util.concurrent.ThreadPoolExecutor.runWorker(ThreadPoolExecutor.java:1149) [?:1.8.0_232]
	at java.util.concurrent.ThreadPoolExecutor$Worker.run(ThreadPoolExecutor.java:624) [?:1.8.0_232]
	at java.lang.Thread.run(Thread.java:748) [?:1.8.0_232]
2020-05-27 19:32:24,010 [Listener at 127.0.0.1/45217] INFO  io.BlockOutputStreamEntryPool (BlockOutputStreamEntryPool.java:allocateNewBlock(284)) - Allocating block with ExcludeList {datanodes = [], containerIds = [#1], pipelineIds = []}
2020-05-27 19:32:24,094 [grpc-default-executor-4] WARN  server.GrpcLogAppender (LogUtils.java:warn(122)) - f8fa1989-8a4e-41f2-9266-8404362eecef@group-EDFBBF01C07B->43a73f06-de32-4f2e-9dfd-3dbd6ac88803-AppendLogResponseHandler: Failed appendEntries: org.apache.ratis.thirdparty.io.grpc.StatusRuntimeException: UNAVAILABLE: io exception
2020-05-27 19:32:24,096 [grpc-default-executor-4] INFO  impl.FollowerInfo (FollowerInfo.java:lambda$new$0(50)) - f8fa1989-8a4e-41f2-9266-8404362eecef@group-EDFBBF01C07B->43a73f06-de32-4f2e-9dfd-3dbd6ac88803: nextIndex: updateUnconditionally 6 -> 5
2020-05-27 19:32:24,097 [grpc-default-executor-4] WARN  server.GrpcLogAppender (LogUtils.java:warn(122)) - f8fa1989-8a4e-41f2-9266-8404362eecef@group-EDFBBF01C07B->7d59b1d8-9c1a-4986-8068-ccaafcba6925-AppendLogResponseHandler: Failed appendEntries: org.apache.ratis.thirdparty.io.grpc.StatusRuntimeException: UNAVAILABLE: io exception
2020-05-27 19:32:24,101 [grpc-default-executor-4] INFO  impl.FollowerInfo (FollowerInfo.java:lambda$new$0(50)) - f8fa1989-8a4e-41f2-9266-8404362eecef@group-EDFBBF01C07B->7d59b1d8-9c1a-4986-8068-ccaafcba6925: nextIndex: updateUnconditionally 6 -> 5
2020-05-27 19:32:24,105 [grpc-default-executor-0] WARN  server.GrpcLogAppender (LogUtils.java:warn(122)) - f8fa1989-8a4e-41f2-9266-8404362eecef@group-EDFBBF01C07B->7d59b1d8-9c1a-4986-8068-ccaafcba6925-AppendLogResponseHandler: Failed appendEntries: org.apache.ratis.thirdparty.io.grpc.StatusRuntimeException: UNAVAILABLE: io exception
2020-05-27 19:32:24,106 [grpc-default-executor-0] INFO  impl.FollowerInfo (FollowerInfo.java:lambda$new$0(50)) - f8fa1989-8a4e-41f2-9266-8404362eecef@group-EDFBBF01C07B->7d59b1d8-9c1a-4986-8068-ccaafcba6925: nextIndex: updateUnconditionally 6 -> 5
2020-05-27 19:32:24,107 [grpc-default-executor-4] WARN  server.GrpcLogAppender (LogUtils.java:warn(122)) - f8fa1989-8a4e-41f2-9266-8404362eecef@group-EDFBBF01C07B->43a73f06-de32-4f2e-9dfd-3dbd6ac88803-AppendLogResponseHandler: Failed appendEntries: org.apache.ratis.thirdparty.io.grpc.StatusRuntimeException: UNAVAILABLE: io exception
2020-05-27 19:32:24,116 [grpc-default-executor-4] INFO  impl.FollowerInfo (FollowerInfo.java:lambda$new$0(50)) - f8fa1989-8a4e-41f2-9266-8404362eecef@group-EDFBBF01C07B->43a73f06-de32-4f2e-9dfd-3dbd6ac88803: nextIndex: updateUnconditionally 6 -> 5
2020-05-27 19:32:24,607 [grpc-default-executor-4] WARN  server.GrpcLogAppender (LogUtils.java:warn(122)) - f8fa1989-8a4e-41f2-9266-8404362eecef@group-EDFBBF01C07B->7d59b1d8-9c1a-4986-8068-ccaafcba6925-AppendLogResponseHandler: Failed appendEntries: org.apache.ratis.thirdparty.io.grpc.StatusRuntimeException: UNAVAILABLE: io exception
2020-05-27 19:32:24,611 [grpc-default-executor-4] INFO  impl.FollowerInfo (FollowerInfo.java:lambda$new$0(50)) - f8fa1989-8a4e-41f2-9266-8404362eecef@group-EDFBBF01C07B->7d59b1d8-9c1a-4986-8068-ccaafcba6925: nextIndex: updateUnconditionally 6 -> 5
2020-05-27 19:32:24,611 [grpc-default-executor-0] WARN  server.GrpcLogAppender (LogUtils.java:warn(122)) - f8fa1989-8a4e-41f2-9266-8404362eecef@group-EDFBBF01C07B->43a73f06-de32-4f2e-9dfd-3dbd6ac88803-AppendLogResponseHandler: Failed appendEntries: org.apache.ratis.thirdparty.io.grpc.StatusRuntimeException: UNAVAILABLE: io exception
2020-05-27 19:32:24,612 [grpc-default-executor-0] INFO  impl.FollowerInfo (FollowerInfo.java:lambda$new$0(50)) - f8fa1989-8a4e-41f2-9266-8404362eecef@group-EDFBBF01C07B->43a73f06-de32-4f2e-9dfd-3dbd6ac88803: nextIndex: updateUnconditionally 6 -> 5
2020-05-27 19:32:25,109 [grpc-default-executor-7] WARN  server.GrpcLogAppender (LogUtils.java:warn(122)) - f8fa1989-8a4e-41f2-9266-8404362eecef@group-EDFBBF01C07B->7d59b1d8-9c1a-4986-8068-ccaafcba6925-AppendLogResponseHandler: Failed appendEntries: org.apache.ratis.thirdparty.io.grpc.StatusRuntimeException: UNAVAILABLE: io exception
2020-05-27 19:32:25,109 [grpc-default-executor-4] WARN  server.GrpcLogAppender (LogUtils.java:warn(122)) - f8fa1989-8a4e-41f2-9266-8404362eecef@group-EDFBBF01C07B->43a73f06-de32-4f2e-9dfd-3dbd6ac88803-AppendLogResponseHandler: Failed appendEntries: org.apache.ratis.thirdparty.io.grpc.StatusRuntimeException: UNAVAILABLE: io exception
2020-05-27 19:32:25,113 [grpc-default-executor-7] INFO  impl.FollowerInfo (FollowerInfo.java:lambda$new$0(50)) - f8fa1989-8a4e-41f2-9266-8404362eecef@group-EDFBBF01C07B->7d59b1d8-9c1a-4986-8068-ccaafcba6925: nextIndex: updateUnconditionally 6 -> 5
2020-05-27 19:32:25,115 [grpc-default-executor-4] INFO  impl.FollowerInfo (FollowerInfo.java:lambda$new$0(50)) - f8fa1989-8a4e-41f2-9266-8404362eecef@group-EDFBBF01C07B->43a73f06-de32-4f2e-9dfd-3dbd6ac88803: nextIndex: updateUnconditionally 6 -> 5
2020-05-27 19:32:25,612 [grpc-default-executor-7] WARN  server.GrpcLogAppender (LogUtils.java:warn(122)) - f8fa1989-8a4e-41f2-9266-8404362eecef@group-EDFBBF01C07B->43a73f06-de32-4f2e-9dfd-3dbd6ac88803-AppendLogResponseHandler: Failed appendEntries: org.apache.ratis.thirdparty.io.grpc.StatusRuntimeException: UNAVAILABLE: io exception
2020-05-27 19:32:25,613 [grpc-default-executor-7] INFO  impl.FollowerInfo (FollowerInfo.java:lambda$new$0(50)) - f8fa1989-8a4e-41f2-9266-8404362eecef@group-EDFBBF01C07B->43a73f06-de32-4f2e-9dfd-3dbd6ac88803: nextIndex: updateUnconditionally 6 -> 5
2020-05-27 19:32:25,617 [grpc-default-executor-4] WARN  server.GrpcLogAppender (LogUtils.java:warn(122)) - f8fa1989-8a4e-41f2-9266-8404362eecef@group-EDFBBF01C07B->7d59b1d8-9c1a-4986-8068-ccaafcba6925-AppendLogResponseHandler: Failed appendEntries: org.apache.ratis.thirdparty.io.grpc.StatusRuntimeException: UNAVAILABLE: io exception
2020-05-27 19:32:25,618 [grpc-default-executor-4] INFO  impl.FollowerInfo (FollowerInfo.java:lambda$new$0(50)) - f8fa1989-8a4e-41f2-9266-8404362eecef@group-EDFBBF01C07B->7d59b1d8-9c1a-4986-8068-ccaafcba6925: nextIndex: updateUnconditionally 6 -> 5
2020-05-27 19:32:26,115 [grpc-default-executor-0] WARN  server.GrpcLogAppender (LogUtils.java:warn(122)) - f8fa1989-8a4e-41f2-9266-8404362eecef@group-EDFBBF01C07B->7d59b1d8-9c1a-4986-8068-ccaafcba6925-AppendLogResponseHandler: Failed appendEntries: org.apache.ratis.thirdparty.io.grpc.StatusRuntimeException: UNAVAILABLE: io exception
2020-05-27 19:32:26,116 [grpc-default-executor-4] WARN  server.GrpcLogAppender (LogUtils.java:warn(122)) - f8fa1989-8a4e-41f2-9266-8404362eecef@group-EDFBBF01C07B->43a73f06-de32-4f2e-9dfd-3dbd6ac88803-AppendLogResponseHandler: Failed appendEntries: org.apache.ratis.thirdparty.io.grpc.StatusRuntimeException: UNAVAILABLE: io exception
2020-05-27 19:32:26,117 [grpc-default-executor-0] INFO  impl.FollowerInfo (FollowerInfo.java:lambda$new$0(50)) - f8fa1989-8a4e-41f2-9266-8404362eecef@group-EDFBBF01C07B->7d59b1d8-9c1a-4986-8068-ccaafcba6925: nextIndex: updateUnconditionally 6 -> 5
2020-05-27 19:32:26,118 [grpc-default-executor-4] INFO  impl.FollowerInfo (FollowerInfo.java:lambda$new$0(50)) - f8fa1989-8a4e-41f2-9266-8404362eecef@group-EDFBBF01C07B->43a73f06-de32-4f2e-9dfd-3dbd6ac88803: nextIndex: updateUnconditionally 6 -> 5
2020-05-27 19:32:26,616 [grpc-default-executor-0] WARN  server.GrpcLogAppender (LogUtils.java:warn(122)) - f8fa1989-8a4e-41f2-9266-8404362eecef@group-EDFBBF01C07B->7d59b1d8-9c1a-4986-8068-ccaafcba6925-AppendLogResponseHandler: Failed appendEntries: org.apache.ratis.thirdparty.io.grpc.StatusRuntimeException: UNAVAILABLE: io exception
2020-05-27 19:32:26,617 [grpc-default-executor-0] INFO  impl.FollowerInfo (FollowerInfo.java:lambda$new$0(50)) - f8fa1989-8a4e-41f2-9266-8404362eecef@group-EDFBBF01C07B->7d59b1d8-9c1a-4986-8068-ccaafcba6925: nextIndex: updateUnconditionally 6 -> 5
2020-05-27 19:32:26,620 [grpc-default-executor-4] WARN  server.GrpcLogAppender (LogUtils.java:warn(122)) - f8fa1989-8a4e-41f2-9266-8404362eecef@group-EDFBBF01C07B->43a73f06-de32-4f2e-9dfd-3dbd6ac88803-AppendLogResponseHandler: Failed appendEntries: org.apache.ratis.thirdparty.io.grpc.StatusRuntimeException: UNAVAILABLE: io exception
2020-05-27 19:32:26,621 [grpc-default-executor-4] INFO  impl.FollowerInfo (FollowerInfo.java:lambda$new$0(50)) - f8fa1989-8a4e-41f2-9266-8404362eecef@group-EDFBBF01C07B->43a73f06-de32-4f2e-9dfd-3dbd6ac88803: nextIndex: updateUnconditionally 6 -> 5
2020-05-27 19:32:27,121 [grpc-default-executor-0] WARN  server.GrpcLogAppender (LogUtils.java:warn(122)) - f8fa1989-8a4e-41f2-9266-8404362eecef@group-EDFBBF01C07B->7d59b1d8-9c1a-4986-8068-ccaafcba6925-AppendLogResponseHandler: Failed appendEntries: org.apache.ratis.thirdparty.io.grpc.StatusRuntimeException: UNAVAILABLE: io exception
2020-05-27 19:32:27,122 [grpc-default-executor-0] INFO  impl.FollowerInfo (FollowerInfo.java:lambda$new$0(50)) - f8fa1989-8a4e-41f2-9266-8404362eecef@group-EDFBBF01C07B->7d59b1d8-9c1a-4986-8068-ccaafcba6925: nextIndex: updateUnconditionally 6 -> 5
2020-05-27 19:32:27,123 [grpc-default-executor-4] WARN  server.GrpcLogAppender (LogUtils.java:warn(122)) - f8fa1989-8a4e-41f2-9266-8404362eecef@group-EDFBBF01C07B->43a73f06-de32-4f2e-9dfd-3dbd6ac88803-AppendLogResponseHandler: Failed appendEntries: org.apache.ratis.thirdparty.io.grpc.StatusRuntimeException: UNAVAILABLE: io exception
2020-05-27 19:32:27,124 [grpc-default-executor-4] INFO  impl.FollowerInfo (FollowerInfo.java:lambda$new$0(50)) - f8fa1989-8a4e-41f2-9266-8404362eecef@group-EDFBBF01C07B->43a73f06-de32-4f2e-9dfd-3dbd6ac88803: nextIndex: updateUnconditionally 6 -> 5
2020-05-27 19:32:27,621 [grpc-default-executor-0] WARN  server.GrpcLogAppender (LogUtils.java:warn(122)) - f8fa1989-8a4e-41f2-9266-8404362eecef@group-EDFBBF01C07B->7d59b1d8-9c1a-4986-8068-ccaafcba6925-AppendLogResponseHandler: Failed appendEntries: org.apache.ratis.thirdparty.io.grpc.StatusRuntimeException: UNAVAILABLE: io exception
2020-05-27 19:32:27,623 [grpc-default-executor-0] INFO  impl.FollowerInfo (FollowerInfo.java:lambda$new$0(50)) - f8fa1989-8a4e-41f2-9266-8404362eecef@group-EDFBBF01C07B->7d59b1d8-9c1a-4986-8068-ccaafcba6925: nextIndex: updateUnconditionally 6 -> 5
2020-05-27 19:32:27,624 [grpc-default-executor-0] WARN  server.GrpcLogAppender (LogUtils.java:warn(122)) - f8fa1989-8a4e-41f2-9266-8404362eecef@group-EDFBBF01C07B->43a73f06-de32-4f2e-9dfd-3dbd6ac88803-AppendLogResponseHandler: Failed appendEntries: org.apache.ratis.thirdparty.io.grpc.StatusRuntimeException: UNAVAILABLE: io exception
2020-05-27 19:32:27,625 [grpc-default-executor-0] INFO  impl.FollowerInfo (FollowerInfo.java:lambda$new$0(50)) - f8fa1989-8a4e-41f2-9266-8404362eecef@group-EDFBBF01C07B->43a73f06-de32-4f2e-9dfd-3dbd6ac88803: nextIndex: updateUnconditionally 6 -> 5
2020-05-27 19:32:28,126 [grpc-default-executor-4] WARN  server.GrpcLogAppender (LogUtils.java:warn(122)) - f8fa1989-8a4e-41f2-9266-8404362eecef@group-EDFBBF01C07B->43a73f06-de32-4f2e-9dfd-3dbd6ac88803-AppendLogResponseHandler: Failed appendEntries: org.apache.ratis.thirdparty.io.grpc.StatusRuntimeException: UNAVAILABLE: io exception
2020-05-27 19:32:28,129 [grpc-default-executor-4] INFO  impl.FollowerInfo (FollowerInfo.java:lambda$new$0(50)) - f8fa1989-8a4e-41f2-9266-8404362eecef@group-EDFBBF01C07B->43a73f06-de32-4f2e-9dfd-3dbd6ac88803: nextIndex: updateUnconditionally 6 -> 5
2020-05-27 19:32:28,129 [grpc-default-executor-0] WARN  server.GrpcLogAppender (LogUtils.java:warn(122)) - f8fa1989-8a4e-41f2-9266-8404362eecef@group-EDFBBF01C07B->7d59b1d8-9c1a-4986-8068-ccaafcba6925-AppendLogResponseHandler: Failed appendEntries: org.apache.ratis.thirdparty.io.grpc.StatusRuntimeException: UNAVAILABLE: io exception
2020-05-27 19:32:28,130 [grpc-default-executor-0] INFO  impl.FollowerInfo (FollowerInfo.java:lambda$new$0(50)) - f8fa1989-8a4e-41f2-9266-8404362eecef@group-EDFBBF01C07B->7d59b1d8-9c1a-4986-8068-ccaafcba6925: nextIndex: updateUnconditionally 6 -> 5
2020-05-27 19:32:28,627 [grpc-default-executor-4] WARN  server.GrpcLogAppender (LogUtils.java:warn(122)) - f8fa1989-8a4e-41f2-9266-8404362eecef@group-EDFBBF01C07B->43a73f06-de32-4f2e-9dfd-3dbd6ac88803-AppendLogResponseHandler: Failed appendEntries: org.apache.ratis.thirdparty.io.grpc.StatusRuntimeException: UNAVAILABLE: io exception
2020-05-27 19:32:28,628 [grpc-default-executor-4] INFO  impl.FollowerInfo (FollowerInfo.java:lambda$new$0(50)) - f8fa1989-8a4e-41f2-9266-8404362eecef@group-EDFBBF01C07B->43a73f06-de32-4f2e-9dfd-3dbd6ac88803: nextIndex: updateUnconditionally 6 -> 5
2020-05-27 19:32:28,632 [grpc-default-executor-0] WARN  server.GrpcLogAppender (LogUtils.java:warn(122)) - f8fa1989-8a4e-41f2-9266-8404362eecef@group-EDFBBF01C07B->7d59b1d8-9c1a-4986-8068-ccaafcba6925-AppendLogResponseHandler: Failed appendEntries: org.apache.ratis.thirdparty.io.grpc.StatusRuntimeException: UNAVAILABLE: io exception
2020-05-27 19:32:28,632 [grpc-default-executor-0] INFO  impl.FollowerInfo (FollowerInfo.java:lambda$new$0(50)) - f8fa1989-8a4e-41f2-9266-8404362eecef@group-EDFBBF01C07B->7d59b1d8-9c1a-4986-8068-ccaafcba6925: nextIndex: updateUnconditionally 6 -> 5
2020-05-27 19:32:29,130 [grpc-default-executor-4] WARN  server.GrpcLogAppender (LogUtils.java:warn(122)) - f8fa1989-8a4e-41f2-9266-8404362eecef@group-EDFBBF01C07B->43a73f06-de32-4f2e-9dfd-3dbd6ac88803-AppendLogResponseHandler: Failed appendEntries: org.apache.ratis.thirdparty.io.grpc.StatusRuntimeException: UNAVAILABLE: io exception
2020-05-27 19:32:29,130 [grpc-default-executor-4] INFO  impl.FollowerInfo (FollowerInfo.java:lambda$new$0(50)) - f8fa1989-8a4e-41f2-9266-8404362eecef@group-EDFBBF01C07B->43a73f06-de32-4f2e-9dfd-3dbd6ac88803: nextIndex: updateUnconditionally 6 -> 5
2020-05-27 19:32:29,133 [grpc-default-executor-0] WARN  server.GrpcLogAppender (LogUtils.java:warn(122)) - f8fa1989-8a4e-41f2-9266-8404362eecef@group-EDFBBF01C07B->7d59b1d8-9c1a-4986-8068-ccaafcba6925-AppendLogResponseHandler: Failed appendEntries: org.apache.ratis.thirdparty.io.grpc.StatusRuntimeException: UNAVAILABLE: io exception
2020-05-27 19:32:29,133 [grpc-default-executor-0] INFO  impl.FollowerInfo (FollowerInfo.java:lambda$new$0(50)) - f8fa1989-8a4e-41f2-9266-8404362eecef@group-EDFBBF01C07B->7d59b1d8-9c1a-4986-8068-ccaafcba6925: nextIndex: updateUnconditionally 6 -> 5
2020-05-27 19:32:29,631 [grpc-default-executor-4] WARN  server.GrpcLogAppender (LogUtils.java:warn(122)) - f8fa1989-8a4e-41f2-9266-8404362eecef@group-EDFBBF01C07B->43a73f06-de32-4f2e-9dfd-3dbd6ac88803-AppendLogResponseHandler: Failed appendEntries: org.apache.ratis.thirdparty.io.grpc.StatusRuntimeException: UNAVAILABLE: io exception
2020-05-27 19:32:29,632 [grpc-default-executor-4] INFO  impl.FollowerInfo (FollowerInfo.java:lambda$new$0(50)) - f8fa1989-8a4e-41f2-9266-8404362eecef@group-EDFBBF01C07B->43a73f06-de32-4f2e-9dfd-3dbd6ac88803: nextIndex: updateUnconditionally 6 -> 5
2020-05-27 19:32:29,634 [grpc-default-executor-0] WARN  server.GrpcLogAppender (LogUtils.java:warn(122)) - f8fa1989-8a4e-41f2-9266-8404362eecef@group-EDFBBF01C07B->7d59b1d8-9c1a-4986-8068-ccaafcba6925-AppendLogResponseHandler: Failed appendEntries: org.apache.ratis.thirdparty.io.grpc.StatusRuntimeException: UNAVAILABLE: io exception
2020-05-27 19:32:29,635 [grpc-default-executor-0] INFO  impl.FollowerInfo (FollowerInfo.java:lambda$new$0(50)) - f8fa1989-8a4e-41f2-9266-8404362eecef@group-EDFBBF01C07B->7d59b1d8-9c1a-4986-8068-ccaafcba6925: nextIndex: updateUnconditionally 6 -> 5
2020-05-27 19:32:30,134 [grpc-default-executor-4] WARN  server.GrpcLogAppender (LogUtils.java:warn(122)) - f8fa1989-8a4e-41f2-9266-8404362eecef@group-EDFBBF01C07B->43a73f06-de32-4f2e-9dfd-3dbd6ac88803-AppendLogResponseHandler: Failed appendEntries: org.apache.ratis.thirdparty.io.grpc.StatusRuntimeException: UNAVAILABLE: io exception
2020-05-27 19:32:30,134 [grpc-default-executor-4] INFO  impl.FollowerInfo (FollowerInfo.java:lambda$new$0(50)) - f8fa1989-8a4e-41f2-9266-8404362eecef@group-EDFBBF01C07B->43a73f06-de32-4f2e-9dfd-3dbd6ac88803: nextIndex: updateUnconditionally 6 -> 5
2020-05-27 19:32:30,136 [grpc-default-executor-0] WARN  server.GrpcLogAppender (LogUtils.java:warn(122)) - f8fa1989-8a4e-41f2-9266-8404362eecef@group-EDFBBF01C07B->7d59b1d8-9c1a-4986-8068-ccaafcba6925-AppendLogResponseHandler: Failed appendEntries: org.apache.ratis.thirdparty.io.grpc.StatusRuntimeException: UNAVAILABLE: io exception
2020-05-27 19:32:30,136 [grpc-default-executor-0] INFO  impl.FollowerInfo (FollowerInfo.java:lambda$new$0(50)) - f8fa1989-8a4e-41f2-9266-8404362eecef@group-EDFBBF01C07B->7d59b1d8-9c1a-4986-8068-ccaafcba6925: nextIndex: updateUnconditionally 6 -> 5
2020-05-27 19:32:30,642 [grpc-default-executor-0] WARN  server.GrpcLogAppender (LogUtils.java:warn(122)) - f8fa1989-8a4e-41f2-9266-8404362eecef@group-EDFBBF01C07B->43a73f06-de32-4f2e-9dfd-3dbd6ac88803-AppendLogResponseHandler: Failed appendEntries: org.apache.ratis.thirdparty.io.grpc.StatusRuntimeException: UNAVAILABLE: io exception
2020-05-27 19:32:30,643 [grpc-default-executor-0] INFO  impl.FollowerInfo (FollowerInfo.java:lambda$new$0(50)) - f8fa1989-8a4e-41f2-9266-8404362eecef@group-EDFBBF01C07B->43a73f06-de32-4f2e-9dfd-3dbd6ac88803: nextIndex: updateUnconditionally 6 -> 5
2020-05-27 19:32:30,643 [grpc-default-executor-0] WARN  server.GrpcLogAppender (LogUtils.java:warn(122)) - f8fa1989-8a4e-41f2-9266-8404362eecef@group-EDFBBF01C07B->7d59b1d8-9c1a-4986-8068-ccaafcba6925-AppendLogResponseHandler: Failed appendEntries: org.apache.ratis.thirdparty.io.grpc.StatusRuntimeException: UNAVAILABLE: io exception
2020-05-27 19:32:30,643 [grpc-default-executor-0] INFO  impl.FollowerInfo (FollowerInfo.java:lambda$new$0(50)) - f8fa1989-8a4e-41f2-9266-8404362eecef@group-EDFBBF01C07B->7d59b1d8-9c1a-4986-8068-ccaafcba6925: nextIndex: updateUnconditionally 6 -> 5
2020-05-27 19:32:31,137 [grpc-default-executor-4] WARN  server.GrpcLogAppender (LogUtils.java:warn(122)) - f8fa1989-8a4e-41f2-9266-8404362eecef@group-EDFBBF01C07B->43a73f06-de32-4f2e-9dfd-3dbd6ac88803-AppendLogResponseHandler: Failed appendEntries: org.apache.ratis.thirdparty.io.grpc.StatusRuntimeException: UNAVAILABLE: io exception
2020-05-27 19:32:31,138 [grpc-default-executor-4] INFO  impl.FollowerInfo (FollowerInfo.java:lambda$new$0(50)) - f8fa1989-8a4e-41f2-9266-8404362eecef@group-EDFBBF01C07B->43a73f06-de32-4f2e-9dfd-3dbd6ac88803: nextIndex: updateUnconditionally 6 -> 5
2020-05-27 19:32:31,144 [grpc-default-executor-0] WARN  server.GrpcLogAppender (LogUtils.java:warn(122)) - f8fa1989-8a4e-41f2-9266-8404362eecef@group-EDFBBF01C07B->7d59b1d8-9c1a-4986-8068-ccaafcba6925-AppendLogResponseHandler: Failed appendEntries: org.apache.ratis.thirdparty.io.grpc.StatusRuntimeException: UNAVAILABLE: io exception
2020-05-27 19:32:31,145 [grpc-default-executor-0] INFO  impl.FollowerInfo (FollowerInfo.java:lambda$new$0(50)) - f8fa1989-8a4e-41f2-9266-8404362eecef@group-EDFBBF01C07B->7d59b1d8-9c1a-4986-8068-ccaafcba6925: nextIndex: updateUnconditionally 6 -> 5
2020-05-27 19:32:31,639 [grpc-default-executor-4] WARN  server.GrpcLogAppender (LogUtils.java:warn(122)) - f8fa1989-8a4e-41f2-9266-8404362eecef@group-EDFBBF01C07B->43a73f06-de32-4f2e-9dfd-3dbd6ac88803-AppendLogResponseHandler: Failed appendEntries: org.apache.ratis.thirdparty.io.grpc.StatusRuntimeException: UNAVAILABLE: io exception
2020-05-27 19:32:31,639 [grpc-default-executor-4] INFO  impl.FollowerInfo (FollowerInfo.java:lambda$new$0(50)) - f8fa1989-8a4e-41f2-9266-8404362eecef@group-EDFBBF01C07B->43a73f06-de32-4f2e-9dfd-3dbd6ac88803: nextIndex: updateUnconditionally 6 -> 5
2020-05-27 19:32:31,645 [grpc-default-executor-0] WARN  server.GrpcLogAppender (LogUtils.java:warn(122)) - f8fa1989-8a4e-41f2-9266-8404362eecef@group-EDFBBF01C07B->7d59b1d8-9c1a-4986-8068-ccaafcba6925-AppendLogResponseHandler: Failed appendEntries: org.apache.ratis.thirdparty.io.grpc.StatusRuntimeException: UNAVAILABLE: io exception
2020-05-27 19:32:31,645 [grpc-default-executor-0] INFO  impl.FollowerInfo (FollowerInfo.java:lambda$new$0(50)) - f8fa1989-8a4e-41f2-9266-8404362eecef@group-EDFBBF01C07B->7d59b1d8-9c1a-4986-8068-ccaafcba6925: nextIndex: updateUnconditionally 6 -> 5
2020-05-27 19:32:32,142 [grpc-default-executor-4] WARN  server.GrpcLogAppender (LogUtils.java:warn(122)) - f8fa1989-8a4e-41f2-9266-8404362eecef@group-EDFBBF01C07B->43a73f06-de32-4f2e-9dfd-3dbd6ac88803-AppendLogResponseHandler: Failed appendEntries: org.apache.ratis.thirdparty.io.grpc.StatusRuntimeException: UNAVAILABLE: io exception
2020-05-27 19:32:32,142 [grpc-default-executor-4] INFO  impl.FollowerInfo (FollowerInfo.java:lambda$new$0(50)) - f8fa1989-8a4e-41f2-9266-8404362eecef@group-EDFBBF01C07B->43a73f06-de32-4f2e-9dfd-3dbd6ac88803: nextIndex: updateUnconditionally 6 -> 5
2020-05-27 19:32:32,147 [grpc-default-executor-0] WARN  server.GrpcLogAppender (LogUtils.java:warn(122)) - f8fa1989-8a4e-41f2-9266-8404362eecef@group-EDFBBF01C07B->7d59b1d8-9c1a-4986-8068-ccaafcba6925-AppendLogResponseHandler: Failed appendEntries: org.apache.ratis.thirdparty.io.grpc.StatusRuntimeException: UNAVAILABLE: io exception
2020-05-27 19:32:32,147 [grpc-default-executor-0] INFO  impl.FollowerInfo (FollowerInfo.java:lambda$new$0(50)) - f8fa1989-8a4e-41f2-9266-8404362eecef@group-EDFBBF01C07B->7d59b1d8-9c1a-4986-8068-ccaafcba6925: nextIndex: updateUnconditionally 6 -> 5
2020-05-27 19:32:32,644 [grpc-default-executor-0] WARN  server.GrpcLogAppender (LogUtils.java:warn(122)) - f8fa1989-8a4e-41f2-9266-8404362eecef@group-EDFBBF01C07B->43a73f06-de32-4f2e-9dfd-3dbd6ac88803-AppendLogResponseHandler: Failed appendEntries: org.apache.ratis.thirdparty.io.grpc.StatusRuntimeException: UNAVAILABLE: io exception
2020-05-27 19:32:32,645 [grpc-default-executor-0] INFO  impl.FollowerInfo (FollowerInfo.java:lambda$new$0(50)) - f8fa1989-8a4e-41f2-9266-8404362eecef@group-EDFBBF01C07B->43a73f06-de32-4f2e-9dfd-3dbd6ac88803: nextIndex: updateUnconditionally 6 -> 5
2020-05-27 19:32:32,649 [grpc-default-executor-4] WARN  server.GrpcLogAppender (LogUtils.java:warn(122)) - f8fa1989-8a4e-41f2-9266-8404362eecef@group-EDFBBF01C07B->7d59b1d8-9c1a-4986-8068-ccaafcba6925-AppendLogResponseHandler: Failed appendEntries: org.apache.ratis.thirdparty.io.grpc.StatusRuntimeException: UNAVAILABLE: io exception
2020-05-27 19:32:32,649 [grpc-default-executor-4] INFO  impl.FollowerInfo (FollowerInfo.java:lambda$new$0(50)) - f8fa1989-8a4e-41f2-9266-8404362eecef@group-EDFBBF01C07B->7d59b1d8-9c1a-4986-8068-ccaafcba6925: nextIndex: updateUnconditionally 6 -> 5
2020-05-27 19:32:33,150 [grpc-default-executor-4] WARN  server.GrpcLogAppender (LogUtils.java:warn(122)) - f8fa1989-8a4e-41f2-9266-8404362eecef@group-EDFBBF01C07B->7d59b1d8-9c1a-4986-8068-ccaafcba6925-AppendLogResponseHandler: Failed appendEntries: org.apache.ratis.thirdparty.io.grpc.StatusRuntimeException: UNAVAILABLE: io exception
2020-05-27 19:32:33,150 [grpc-default-executor-4] INFO  impl.FollowerInfo (FollowerInfo.java:lambda$new$0(50)) - f8fa1989-8a4e-41f2-9266-8404362eecef@group-EDFBBF01C07B->7d59b1d8-9c1a-4986-8068-ccaafcba6925: nextIndex: updateUnconditionally 6 -> 5
2020-05-27 19:32:33,151 [grpc-default-executor-4] WARN  server.GrpcLogAppender (LogUtils.java:warn(122)) - f8fa1989-8a4e-41f2-9266-8404362eecef@group-EDFBBF01C07B->43a73f06-de32-4f2e-9dfd-3dbd6ac88803-AppendLogResponseHandler: Failed appendEntries: org.apache.ratis.thirdparty.io.grpc.StatusRuntimeException: UNAVAILABLE: io exception
2020-05-27 19:32:33,151 [grpc-default-executor-4] INFO  impl.FollowerInfo (FollowerInfo.java:lambda$new$0(50)) - f8fa1989-8a4e-41f2-9266-8404362eecef@group-EDFBBF01C07B->43a73f06-de32-4f2e-9dfd-3dbd6ac88803: nextIndex: updateUnconditionally 5 -> 4
2020-05-27 19:32:33,154 [grpc-default-executor-4] WARN  server.GrpcLogAppender (LogUtils.java:warn(122)) - f8fa1989-8a4e-41f2-9266-8404362eecef@group-EDFBBF01C07B->43a73f06-de32-4f2e-9dfd-3dbd6ac88803-AppendLogResponseHandler: Failed appendEntries: org.apache.ratis.thirdparty.io.grpc.StatusRuntimeException: UNAVAILABLE: io exception
2020-05-27 19:32:33,154 [grpc-default-executor-4] INFO  impl.FollowerInfo (FollowerInfo.java:lambda$new$0(50)) - f8fa1989-8a4e-41f2-9266-8404362eecef@group-EDFBBF01C07B->43a73f06-de32-4f2e-9dfd-3dbd6ac88803: nextIndex: updateUnconditionally 5 -> 4
2020-05-27 19:32:33,157 [grpc-default-executor-4] WARN  server.GrpcLogAppender (LogUtils.java:warn(122)) - f8fa1989-8a4e-41f2-9266-8404362eecef@group-EDFBBF01C07B->43a73f06-de32-4f2e-9dfd-3dbd6ac88803-AppendLogResponseHandler: Failed appendEntries: org.apache.ratis.thirdparty.io.grpc.StatusRuntimeException: UNAVAILABLE: io exception
2020-05-27 19:32:33,157 [grpc-default-executor-4] INFO  impl.FollowerInfo (FollowerInfo.java:lambda$new$0(50)) - f8fa1989-8a4e-41f2-9266-8404362eecef@group-EDFBBF01C07B->43a73f06-de32-4f2e-9dfd-3dbd6ac88803: nextIndex: updateUnconditionally 5 -> 4
2020-05-27 19:32:33,159 [grpc-default-executor-4] WARN  server.GrpcLogAppender (LogUtils.java:warn(122)) - f8fa1989-8a4e-41f2-9266-8404362eecef@group-EDFBBF01C07B->43a73f06-de32-4f2e-9dfd-3dbd6ac88803-AppendLogResponseHandler: Failed appendEntries: org.apache.ratis.thirdparty.io.grpc.StatusRuntimeException: UNAVAILABLE: io exception
2020-05-27 19:32:33,160 [grpc-default-executor-4] INFO  impl.FollowerInfo (FollowerInfo.java:lambda$new$0(50)) - f8fa1989-8a4e-41f2-9266-8404362eecef@group-EDFBBF01C07B->43a73f06-de32-4f2e-9dfd-3dbd6ac88803: nextIndex: updateUnconditionally 5 -> 4
2020-05-27 19:32:33,162 [grpc-default-executor-4] WARN  server.GrpcLogAppender (LogUtils.java:warn(122)) - f8fa1989-8a4e-41f2-9266-8404362eecef@group-EDFBBF01C07B->43a73f06-de32-4f2e-9dfd-3dbd6ac88803-AppendLogResponseHandler: Failed appendEntries: org.apache.ratis.thirdparty.io.grpc.StatusRuntimeException: UNAVAILABLE: io exception
2020-05-27 19:32:33,162 [grpc-default-executor-4] INFO  impl.FollowerInfo (FollowerInfo.java:lambda$new$0(50)) - f8fa1989-8a4e-41f2-9266-8404362eecef@group-EDFBBF01C07B->43a73f06-de32-4f2e-9dfd-3dbd6ac88803: nextIndex: updateUnconditionally 5 -> 4
2020-05-27 19:32:33,165 [grpc-default-executor-4] WARN  server.GrpcLogAppender (LogUtils.java:warn(122)) - f8fa1989-8a4e-41f2-9266-8404362eecef@group-EDFBBF01C07B->43a73f06-de32-4f2e-9dfd-3dbd6ac88803-AppendLogResponseHandler: Failed appendEntries: org.apache.ratis.thirdparty.io.grpc.StatusRuntimeException: UNAVAILABLE: io exception
2020-05-27 19:32:33,165 [grpc-default-executor-4] INFO  impl.FollowerInfo (FollowerInfo.java:lambda$new$0(50)) - f8fa1989-8a4e-41f2-9266-8404362eecef@group-EDFBBF01C07B->43a73f06-de32-4f2e-9dfd-3dbd6ac88803: nextIndex: updateUnconditionally 5 -> 4
2020-05-27 19:32:33,168 [grpc-default-executor-4] WARN  server.GrpcLogAppender (LogUtils.java:warn(122)) - f8fa1989-8a4e-41f2-9266-8404362eecef@group-EDFBBF01C07B->43a73f06-de32-4f2e-9dfd-3dbd6ac88803-AppendLogResponseHandler: Failed appendEntries: org.apache.ratis.thirdparty.io.grpc.StatusRuntimeException: UNAVAILABLE: io exception
2020-05-27 19:32:33,168 [grpc-default-executor-4] INFO  impl.FollowerInfo (FollowerInfo.java:lambda$new$0(50)) - f8fa1989-8a4e-41f2-9266-8404362eecef@group-EDFBBF01C07B->43a73f06-de32-4f2e-9dfd-3dbd6ac88803: nextIndex: updateUnconditionally 5 -> 4
2020-05-27 19:32:33,652 [grpc-default-executor-7] WARN  server.GrpcLogAppender (LogUtils.java:warn(122)) - f8fa1989-8a4e-41f2-9266-8404362eecef@group-EDFBBF01C07B->7d59b1d8-9c1a-4986-8068-ccaafcba6925-AppendLogResponseHandler: Failed appendEntries: org.apache.ratis.thirdparty.io.grpc.StatusRuntimeException: UNAVAILABLE: io exception
2020-05-27 19:32:33,652 [grpc-default-executor-7] INFO  impl.FollowerInfo (FollowerInfo.java:lambda$new$0(50)) - f8fa1989-8a4e-41f2-9266-8404362eecef@group-EDFBBF01C07B->7d59b1d8-9c1a-4986-8068-ccaafcba6925: nextIndex: updateUnconditionally 6 -> 5
2020-05-27 19:32:33,671 [grpc-default-executor-4] WARN  server.GrpcLogAppender (LogUtils.java:warn(122)) - f8fa1989-8a4e-41f2-9266-8404362eecef@group-EDFBBF01C07B->43a73f06-de32-4f2e-9dfd-3dbd6ac88803-AppendLogResponseHandler: Failed appendEntries: org.apache.ratis.thirdparty.io.grpc.StatusRuntimeException: UNAVAILABLE: io exception
2020-05-27 19:32:33,671 [grpc-default-executor-4] INFO  impl.FollowerInfo (FollowerInfo.java:lambda$new$0(50)) - f8fa1989-8a4e-41f2-9266-8404362eecef@group-EDFBBF01C07B->43a73f06-de32-4f2e-9dfd-3dbd6ac88803: nextIndex: updateUnconditionally 5 -> 4
2020-05-27 19:32:34,154 [grpc-default-executor-7] WARN  server.GrpcLogAppender (LogUtils.java:warn(122)) - f8fa1989-8a4e-41f2-9266-8404362eecef@group-EDFBBF01C07B->7d59b1d8-9c1a-4986-8068-ccaafcba6925-AppendLogResponseHandler: Failed appendEntries: org.apache.ratis.thirdparty.io.grpc.StatusRuntimeException: UNAVAILABLE: io exception
2020-05-27 19:32:34,155 [grpc-default-executor-7] INFO  impl.FollowerInfo (FollowerInfo.java:lambda$new$0(50)) - f8fa1989-8a4e-41f2-9266-8404362eecef@group-EDFBBF01C07B->7d59b1d8-9c1a-4986-8068-ccaafcba6925: nextIndex: updateUnconditionally 6 -> 5
2020-05-27 19:32:34,173 [grpc-default-executor-4] WARN  server.GrpcLogAppender (LogUtils.java:warn(122)) - f8fa1989-8a4e-41f2-9266-8404362eecef@group-EDFBBF01C07B->43a73f06-de32-4f2e-9dfd-3dbd6ac88803-AppendLogResponseHandler: Failed appendEntries: org.apache.ratis.thirdparty.io.grpc.StatusRuntimeException: UNAVAILABLE: io exception
2020-05-27 19:32:34,173 [grpc-default-executor-4] INFO  impl.FollowerInfo (FollowerInfo.java:lambda$new$0(50)) - f8fa1989-8a4e-41f2-9266-8404362eecef@group-EDFBBF01C07B->43a73f06-de32-4f2e-9dfd-3dbd6ac88803: nextIndex: updateUnconditionally 5 -> 4
2020-05-27 19:32:34,657 [grpc-default-executor-7] WARN  server.GrpcLogAppender (LogUtils.java:warn(122)) - f8fa1989-8a4e-41f2-9266-8404362eecef@group-EDFBBF01C07B->7d59b1d8-9c1a-4986-8068-ccaafcba6925-AppendLogResponseHandler: Failed appendEntries: org.apache.ratis.thirdparty.io.grpc.StatusRuntimeException: UNAVAILABLE: io exception
2020-05-27 19:32:34,658 [grpc-default-executor-7] INFO  impl.FollowerInfo (FollowerInfo.java:lambda$new$0(50)) - f8fa1989-8a4e-41f2-9266-8404362eecef@group-EDFBBF01C07B->7d59b1d8-9c1a-4986-8068-ccaafcba6925: nextIndex: updateUnconditionally 6 -> 5
2020-05-27 19:32:34,674 [grpc-default-executor-4] WARN  server.GrpcLogAppender (LogUtils.java:warn(122)) - f8fa1989-8a4e-41f2-9266-8404362eecef@group-EDFBBF01C07B->43a73f06-de32-4f2e-9dfd-3dbd6ac88803-AppendLogResponseHandler: Failed appendEntries: org.apache.ratis.thirdparty.io.grpc.StatusRuntimeException: UNAVAILABLE: io exception
2020-05-27 19:32:34,675 [grpc-default-executor-4] INFO  impl.FollowerInfo (FollowerInfo.java:lambda$new$0(50)) - f8fa1989-8a4e-41f2-9266-8404362eecef@group-EDFBBF01C07B->43a73f06-de32-4f2e-9dfd-3dbd6ac88803: nextIndex: updateUnconditionally 5 -> 4
2020-05-27 19:32:35,160 [grpc-default-executor-4] WARN  server.GrpcLogAppender (LogUtils.java:warn(122)) - f8fa1989-8a4e-41f2-9266-8404362eecef@group-EDFBBF01C07B->7d59b1d8-9c1a-4986-8068-ccaafcba6925-AppendLogResponseHandler: Failed appendEntries: org.apache.ratis.thirdparty.io.grpc.StatusRuntimeException: UNAVAILABLE: io exception
2020-05-27 19:32:35,160 [grpc-default-executor-4] INFO  impl.FollowerInfo (FollowerInfo.java:lambda$new$0(50)) - f8fa1989-8a4e-41f2-9266-8404362eecef@group-EDFBBF01C07B->7d59b1d8-9c1a-4986-8068-ccaafcba6925: nextIndex: updateUnconditionally 6 -> 5
2020-05-27 19:32:35,176 [grpc-default-executor-7] WARN  server.GrpcLogAppender (LogUtils.java:warn(122)) - f8fa1989-8a4e-41f2-9266-8404362eecef@group-EDFBBF01C07B->43a73f06-de32-4f2e-9dfd-3dbd6ac88803-AppendLogResponseHandler: Failed appendEntries: org.apache.ratis.thirdparty.io.grpc.StatusRuntimeException: UNAVAILABLE: io exception
2020-05-27 19:32:35,176 [grpc-default-executor-7] INFO  impl.FollowerInfo (FollowerInfo.java:lambda$new$0(50)) - f8fa1989-8a4e-41f2-9266-8404362eecef@group-EDFBBF01C07B->43a73f06-de32-4f2e-9dfd-3dbd6ac88803: nextIndex: updateUnconditionally 5 -> 4
2020-05-27 19:32:35,662 [grpc-default-executor-4] WARN  server.GrpcLogAppender (LogUtils.java:warn(122)) - f8fa1989-8a4e-41f2-9266-8404362eecef@group-EDFBBF01C07B->7d59b1d8-9c1a-4986-8068-ccaafcba6925-AppendLogResponseHandler: Failed appendEntries: org.apache.ratis.thirdparty.io.grpc.StatusRuntimeException: UNAVAILABLE: io exception
2020-05-27 19:32:35,663 [grpc-default-executor-4] INFO  impl.FollowerInfo (FollowerInfo.java:lambda$new$0(50)) - f8fa1989-8a4e-41f2-9266-8404362eecef@group-EDFBBF01C07B->7d59b1d8-9c1a-4986-8068-ccaafcba6925: nextIndex: updateUnconditionally 6 -> 5
2020-05-27 19:32:35,678 [grpc-default-executor-7] WARN  server.GrpcLogAppender (LogUtils.java:warn(122)) - f8fa1989-8a4e-41f2-9266-8404362eecef@group-EDFBBF01C07B->43a73f06-de32-4f2e-9dfd-3dbd6ac88803-AppendLogResponseHandler: Failed appendEntries: org.apache.ratis.thirdparty.io.grpc.StatusRuntimeException: UNAVAILABLE: io exception
2020-05-27 19:32:35,678 [grpc-default-executor-7] INFO  impl.FollowerInfo (FollowerInfo.java:lambda$new$0(50)) - f8fa1989-8a4e-41f2-9266-8404362eecef@group-EDFBBF01C07B->43a73f06-de32-4f2e-9dfd-3dbd6ac88803: nextIndex: updateUnconditionally 5 -> 4
2020-05-27 19:32:36,164 [grpc-default-executor-7] WARN  server.GrpcLogAppender (LogUtils.java:warn(122)) - f8fa1989-8a4e-41f2-9266-8404362eecef@group-EDFBBF01C07B->7d59b1d8-9c1a-4986-8068-ccaafcba6925-AppendLogResponseHandler: Failed appendEntries: org.apache.ratis.thirdparty.io.grpc.StatusRuntimeException: UNAVAILABLE: io exception
2020-05-27 19:32:36,164 [grpc-default-executor-7] INFO  impl.FollowerInfo (FollowerInfo.java:lambda$new$0(50)) - f8fa1989-8a4e-41f2-9266-8404362eecef@group-EDFBBF01C07B->7d59b1d8-9c1a-4986-8068-ccaafcba6925: nextIndex: updateUnconditionally 6 -> 5
2020-05-27 19:32:36,179 [grpc-default-executor-4] WARN  server.GrpcLogAppender (LogUtils.java:warn(122)) - f8fa1989-8a4e-41f2-9266-8404362eecef@group-EDFBBF01C07B->43a73f06-de32-4f2e-9dfd-3dbd6ac88803-AppendLogResponseHandler: Failed appendEntries: org.apache.ratis.thirdparty.io.grpc.StatusRuntimeException: UNAVAILABLE: io exception
2020-05-27 19:32:36,179 [grpc-default-executor-4] INFO  impl.FollowerInfo (FollowerInfo.java:lambda$new$0(50)) - f8fa1989-8a4e-41f2-9266-8404362eecef@group-EDFBBF01C07B->43a73f06-de32-4f2e-9dfd-3dbd6ac88803: nextIndex: updateUnconditionally 5 -> 4
2020-05-27 19:32:36,666 [grpc-default-executor-4] WARN  server.GrpcLogAppender (LogUtils.java:warn(122)) - f8fa1989-8a4e-41f2-9266-8404362eecef@group-EDFBBF01C07B->7d59b1d8-9c1a-4986-8068-ccaafcba6925-AppendLogResponseHandler: Failed appendEntries: org.apache.ratis.thirdparty.io.grpc.StatusRuntimeException: UNAVAILABLE: io exception
2020-05-27 19:32:36,666 [grpc-default-executor-4] INFO  impl.FollowerInfo (FollowerInfo.java:lambda$new$0(50)) - f8fa1989-8a4e-41f2-9266-8404362eecef@group-EDFBBF01C07B->7d59b1d8-9c1a-4986-8068-ccaafcba6925: nextIndex: updateUnconditionally 6 -> 5
2020-05-27 19:32:36,680 [grpc-default-executor-7] WARN  server.GrpcLogAppender (LogUtils.java:warn(122)) - f8fa1989-8a4e-41f2-9266-8404362eecef@group-EDFBBF01C07B->43a73f06-de32-4f2e-9dfd-3dbd6ac88803-AppendLogResponseHandler: Failed appendEntries: org.apache.ratis.thirdparty.io.grpc.StatusRuntimeException: UNAVAILABLE: io exception
2020-05-27 19:32:36,680 [grpc-default-executor-7] INFO  impl.FollowerInfo (FollowerInfo.java:lambda$new$0(50)) - f8fa1989-8a4e-41f2-9266-8404362eecef@group-EDFBBF01C07B->43a73f06-de32-4f2e-9dfd-3dbd6ac88803: nextIndex: updateUnconditionally 5 -> 4
2020-05-27 19:32:37,168 [grpc-default-executor-4] WARN  server.GrpcLogAppender (LogUtils.java:warn(122)) - f8fa1989-8a4e-41f2-9266-8404362eecef@group-EDFBBF01C07B->7d59b1d8-9c1a-4986-8068-ccaafcba6925-AppendLogResponseHandler: Failed appendEntries: org.apache.ratis.thirdparty.io.grpc.StatusRuntimeException: UNAVAILABLE: io exception
2020-05-27 19:32:37,169 [grpc-default-executor-4] INFO  impl.FollowerInfo (FollowerInfo.java:lambda$new$0(50)) - f8fa1989-8a4e-41f2-9266-8404362eecef@group-EDFBBF01C07B->7d59b1d8-9c1a-4986-8068-ccaafcba6925: nextIndex: updateUnconditionally 6 -> 5
2020-05-27 19:32:37,182 [grpc-default-executor-7] WARN  server.GrpcLogAppender (LogUtils.java:warn(122)) - f8fa1989-8a4e-41f2-9266-8404362eecef@group-EDFBBF01C07B->43a73f06-de32-4f2e-9dfd-3dbd6ac88803-AppendLogResponseHandler: Failed appendEntries: org.apache.ratis.thirdparty.io.grpc.StatusRuntimeException: UNAVAILABLE: io exception
2020-05-27 19:32:37,182 [grpc-default-executor-7] INFO  impl.FollowerInfo (FollowerInfo.java:lambda$new$0(50)) - f8fa1989-8a4e-41f2-9266-8404362eecef@group-EDFBBF01C07B->43a73f06-de32-4f2e-9dfd-3dbd6ac88803: nextIndex: updateUnconditionally 5 -> 4
2020-05-27 19:32:37,671 [grpc-default-executor-7] WARN  server.GrpcLogAppender (LogUtils.java:warn(122)) - f8fa1989-8a4e-41f2-9266-8404362eecef@group-EDFBBF01C07B->7d59b1d8-9c1a-4986-8068-ccaafcba6925-AppendLogResponseHandler: Failed appendEntries: org.apache.ratis.thirdparty.io.grpc.StatusRuntimeException: UNAVAILABLE: io exception
2020-05-27 19:32:37,671 [grpc-default-executor-7] INFO  impl.FollowerInfo (FollowerInfo.java:lambda$new$0(50)) - f8fa1989-8a4e-41f2-9266-8404362eecef@group-EDFBBF01C07B->7d59b1d8-9c1a-4986-8068-ccaafcba6925: nextIndex: updateUnconditionally 6 -> 5
2020-05-27 19:32:37,683 [grpc-default-executor-4] WARN  server.GrpcLogAppender (LogUtils.java:warn(122)) - f8fa1989-8a4e-41f2-9266-8404362eecef@group-EDFBBF01C07B->43a73f06-de32-4f2e-9dfd-3dbd6ac88803-AppendLogResponseHandler: Failed appendEntries: org.apache.ratis.thirdparty.io.grpc.StatusRuntimeException: UNAVAILABLE: io exception
2020-05-27 19:32:37,683 [grpc-default-executor-4] INFO  impl.FollowerInfo (FollowerInfo.java:lambda$new$0(50)) - f8fa1989-8a4e-41f2-9266-8404362eecef@group-EDFBBF01C07B->43a73f06-de32-4f2e-9dfd-3dbd6ac88803: nextIndex: updateUnconditionally 5 -> 4
2020-05-27 19:32:38,173 [grpc-default-executor-4] WARN  server.GrpcLogAppender (LogUtils.java:warn(122)) - f8fa1989-8a4e-41f2-9266-8404362eecef@group-EDFBBF01C07B->7d59b1d8-9c1a-4986-8068-ccaafcba6925-AppendLogResponseHandler: Failed appendEntries: org.apache.ratis.thirdparty.io.grpc.StatusRuntimeException: UNAVAILABLE: io exception
2020-05-27 19:32:38,173 [grpc-default-executor-4] INFO  impl.FollowerInfo (FollowerInfo.java:lambda$new$0(50)) - f8fa1989-8a4e-41f2-9266-8404362eecef@group-EDFBBF01C07B->7d59b1d8-9c1a-4986-8068-ccaafcba6925: nextIndex: updateUnconditionally 6 -> 5
2020-05-27 19:32:38,184 [grpc-default-executor-7] WARN  server.GrpcLogAppender (LogUtils.java:warn(122)) - f8fa1989-8a4e-41f2-9266-8404362eecef@group-EDFBBF01C07B->43a73f06-de32-4f2e-9dfd-3dbd6ac88803-AppendLogResponseHandler: Failed appendEntries: org.apache.ratis.thirdparty.io.grpc.StatusRuntimeException: UNAVAILABLE: io exception
2020-05-27 19:32:38,184 [grpc-default-executor-7] INFO  impl.FollowerInfo (FollowerInfo.java:lambda$new$0(50)) - f8fa1989-8a4e-41f2-9266-8404362eecef@group-EDFBBF01C07B->43a73f06-de32-4f2e-9dfd-3dbd6ac88803: nextIndex: updateUnconditionally 5 -> 4
2020-05-27 19:32:38,675 [grpc-default-executor-7] WARN  server.GrpcLogAppender (LogUtils.java:warn(122)) - f8fa1989-8a4e-41f2-9266-8404362eecef@group-EDFBBF01C07B->7d59b1d8-9c1a-4986-8068-ccaafcba6925-AppendLogResponseHandler: Failed appendEntries: org.apache.ratis.thirdparty.io.grpc.StatusRuntimeException: UNAVAILABLE: io exception
2020-05-27 19:32:38,675 [grpc-default-executor-7] INFO  impl.FollowerInfo (FollowerInfo.java:lambda$new$0(50)) - f8fa1989-8a4e-41f2-9266-8404362eecef@group-EDFBBF01C07B->7d59b1d8-9c1a-4986-8068-ccaafcba6925: nextIndex: updateUnconditionally 6 -> 5
2020-05-27 19:32:38,686 [grpc-default-executor-4] WARN  server.GrpcLogAppender (LogUtils.java:warn(122)) - f8fa1989-8a4e-41f2-9266-8404362eecef@group-EDFBBF01C07B->43a73f06-de32-4f2e-9dfd-3dbd6ac88803-AppendLogResponseHandler: Failed appendEntries: org.apache.ratis.thirdparty.io.grpc.StatusRuntimeException: UNAVAILABLE: io exception
2020-05-27 19:32:38,686 [grpc-default-executor-4] INFO  impl.FollowerInfo (FollowerInfo.java:lambda$new$0(50)) - f8fa1989-8a4e-41f2-9266-8404362eecef@group-EDFBBF01C07B->43a73f06-de32-4f2e-9dfd-3dbd6ac88803: nextIndex: updateUnconditionally 5 -> 4
2020-05-27 19:32:39,177 [grpc-default-executor-4] WARN  server.GrpcLogAppender (LogUtils.java:warn(122)) - f8fa1989-8a4e-41f2-9266-8404362eecef@group-EDFBBF01C07B->7d59b1d8-9c1a-4986-8068-ccaafcba6925-AppendLogResponseHandler: Failed appendEntries: org.apache.ratis.thirdparty.io.grpc.StatusRuntimeException: UNAVAILABLE: io exception
2020-05-27 19:32:39,177 [grpc-default-executor-4] INFO  impl.FollowerInfo (FollowerInfo.java:lambda$new$0(50)) - f8fa1989-8a4e-41f2-9266-8404362eecef@group-EDFBBF01C07B->7d59b1d8-9c1a-4986-8068-ccaafcba6925: nextIndex: updateUnconditionally 6 -> 5
2020-05-27 19:32:39,188 [grpc-default-executor-7] WARN  server.GrpcLogAppender (LogUtils.java:warn(122)) - f8fa1989-8a4e-41f2-9266-8404362eecef@group-EDFBBF01C07B->43a73f06-de32-4f2e-9dfd-3dbd6ac88803-AppendLogResponseHandler: Failed appendEntries: org.apache.ratis.thirdparty.io.grpc.StatusRuntimeException: UNAVAILABLE: io exception
2020-05-27 19:32:39,189 [grpc-default-executor-7] INFO  impl.FollowerInfo (FollowerInfo.java:lambda$new$0(50)) - f8fa1989-8a4e-41f2-9266-8404362eecef@group-EDFBBF01C07B->43a73f06-de32-4f2e-9dfd-3dbd6ac88803: nextIndex: updateUnconditionally 5 -> 4
2020-05-27 19:32:39,700 [grpc-default-executor-4] WARN  server.GrpcLogAppender (LogUtils.java:warn(122)) - f8fa1989-8a4e-41f2-9266-8404362eecef@group-EDFBBF01C07B->7d59b1d8-9c1a-4986-8068-ccaafcba6925-AppendLogResponseHandler: Failed appendEntries: org.apache.ratis.thirdparty.io.grpc.StatusRuntimeException: UNAVAILABLE: io exception
2020-05-27 19:32:39,700 [grpc-default-executor-4] INFO  impl.FollowerInfo (FollowerInfo.java:lambda$new$0(50)) - f8fa1989-8a4e-41f2-9266-8404362eecef@group-EDFBBF01C07B->7d59b1d8-9c1a-4986-8068-ccaafcba6925: nextIndex: updateUnconditionally 6 -> 5
2020-05-27 19:32:39,707 [grpc-default-executor-7] WARN  server.GrpcLogAppender (LogUtils.java:warn(122)) - f8fa1989-8a4e-41f2-9266-8404362eecef@group-EDFBBF01C07B->43a73f06-de32-4f2e-9dfd-3dbd6ac88803-AppendLogResponseHandler: Failed appendEntries: org.apache.ratis.thirdparty.io.grpc.StatusRuntimeException: UNAVAILABLE: io exception
2020-05-27 19:32:39,707 [grpc-default-executor-7] INFO  impl.FollowerInfo (FollowerInfo.java:lambda$new$0(50)) - f8fa1989-8a4e-41f2-9266-8404362eecef@group-EDFBBF01C07B->43a73f06-de32-4f2e-9dfd-3dbd6ac88803: nextIndex: updateUnconditionally 5 -> 4
2020-05-27 19:32:40,203 [grpc-default-executor-7] WARN  server.GrpcLogAppender (LogUtils.java:warn(122)) - f8fa1989-8a4e-41f2-9266-8404362eecef@group-EDFBBF01C07B->7d59b1d8-9c1a-4986-8068-ccaafcba6925-AppendLogResponseHandler: Failed appendEntries: org.apache.ratis.thirdparty.io.grpc.StatusRuntimeException: UNAVAILABLE: io exception
2020-05-27 19:32:40,203 [grpc-default-executor-7] INFO  impl.FollowerInfo (FollowerInfo.java:lambda$new$0(50)) - f8fa1989-8a4e-41f2-9266-8404362eecef@group-EDFBBF01C07B->7d59b1d8-9c1a-4986-8068-ccaafcba6925: nextIndex: updateUnconditionally 6 -> 5
2020-05-27 19:32:40,208 [grpc-default-executor-4] WARN  server.GrpcLogAppender (LogUtils.java:warn(122)) - f8fa1989-8a4e-41f2-9266-8404362eecef@group-EDFBBF01C07B->43a73f06-de32-4f2e-9dfd-3dbd6ac88803-AppendLogResponseHandler: Failed appendEntries: org.apache.ratis.thirdparty.io.grpc.StatusRuntimeException: UNAVAILABLE: io exception
2020-05-27 19:32:40,208 [grpc-default-executor-4] INFO  impl.FollowerInfo (FollowerInfo.java:lambda$new$0(50)) - f8fa1989-8a4e-41f2-9266-8404362eecef@group-EDFBBF01C07B->43a73f06-de32-4f2e-9dfd-3dbd6ac88803: nextIndex: updateUnconditionally 5 -> 4
2020-05-27 19:32:40,705 [grpc-default-executor-7] WARN  server.GrpcLogAppender (LogUtils.java:warn(122)) - f8fa1989-8a4e-41f2-9266-8404362eecef@group-EDFBBF01C07B->7d59b1d8-9c1a-4986-8068-ccaafcba6925-AppendLogResponseHandler: Failed appendEntries: org.apache.ratis.thirdparty.io.grpc.StatusRuntimeException: UNAVAILABLE: io exception
2020-05-27 19:32:40,705 [grpc-default-executor-7] INFO  impl.FollowerInfo (FollowerInfo.java:lambda$new$0(50)) - f8fa1989-8a4e-41f2-9266-8404362eecef@group-EDFBBF01C07B->7d59b1d8-9c1a-4986-8068-ccaafcba6925: nextIndex: updateUnconditionally 6 -> 5
2020-05-27 19:32:40,709 [grpc-default-executor-4] WARN  server.GrpcLogAppender (LogUtils.java:warn(122)) - f8fa1989-8a4e-41f2-9266-8404362eecef@group-EDFBBF01C07B->43a73f06-de32-4f2e-9dfd-3dbd6ac88803-AppendLogResponseHandler: Failed appendEntries: org.apache.ratis.thirdparty.io.grpc.StatusRuntimeException: UNAVAILABLE: io exception
2020-05-27 19:32:40,710 [grpc-default-executor-4] INFO  impl.FollowerInfo (FollowerInfo.java:lambda$new$0(50)) - f8fa1989-8a4e-41f2-9266-8404362eecef@group-EDFBBF01C07B->43a73f06-de32-4f2e-9dfd-3dbd6ac88803: nextIndex: updateUnconditionally 5 -> 4
2020-05-27 19:32:41,208 [grpc-default-executor-0] WARN  server.GrpcLogAppender (LogUtils.java:warn(122)) - f8fa1989-8a4e-41f2-9266-8404362eecef@group-EDFBBF01C07B->7d59b1d8-9c1a-4986-8068-ccaafcba6925-AppendLogResponseHandler: Failed appendEntries: org.apache.ratis.thirdparty.io.grpc.StatusRuntimeException: UNAVAILABLE: io exception
2020-05-27 19:32:41,208 [grpc-default-executor-0] INFO  impl.FollowerInfo (FollowerInfo.java:lambda$new$0(50)) - f8fa1989-8a4e-41f2-9266-8404362eecef@group-EDFBBF01C07B->7d59b1d8-9c1a-4986-8068-ccaafcba6925: nextIndex: updateUnconditionally 6 -> 5
2020-05-27 19:32:41,213 [grpc-default-executor-7] WARN  server.GrpcLogAppender (LogUtils.java:warn(122)) - f8fa1989-8a4e-41f2-9266-8404362eecef@group-EDFBBF01C07B->43a73f06-de32-4f2e-9dfd-3dbd6ac88803-AppendLogResponseHandler: Failed appendEntries: org.apache.ratis.thirdparty.io.grpc.StatusRuntimeException: UNAVAILABLE: io exception
2020-05-27 19:32:41,214 [grpc-default-executor-7] INFO  impl.FollowerInfo (FollowerInfo.java:lambda$new$0(50)) - f8fa1989-8a4e-41f2-9266-8404362eecef@group-EDFBBF01C07B->43a73f06-de32-4f2e-9dfd-3dbd6ac88803: nextIndex: updateUnconditionally 5 -> 4
2020-05-27 19:32:41,709 [grpc-default-executor-0] WARN  server.GrpcLogAppender (LogUtils.java:warn(122)) - f8fa1989-8a4e-41f2-9266-8404362eecef@group-EDFBBF01C07B->7d59b1d8-9c1a-4986-8068-ccaafcba6925-AppendLogResponseHandler: Failed appendEntries: org.apache.ratis.thirdparty.io.grpc.StatusRuntimeException: UNAVAILABLE: io exception
2020-05-27 19:32:41,709 [grpc-default-executor-0] INFO  impl.FollowerInfo (FollowerInfo.java:lambda$new$0(50)) - f8fa1989-8a4e-41f2-9266-8404362eecef@group-EDFBBF01C07B->7d59b1d8-9c1a-4986-8068-ccaafcba6925: nextIndex: updateUnconditionally 6 -> 5
2020-05-27 19:32:41,714 [grpc-default-executor-7] WARN  server.GrpcLogAppender (LogUtils.java:warn(122)) - f8fa1989-8a4e-41f2-9266-8404362eecef@group-EDFBBF01C07B->43a73f06-de32-4f2e-9dfd-3dbd6ac88803-AppendLogResponseHandler: Failed appendEntries: org.apache.ratis.thirdparty.io.grpc.StatusRuntimeException: UNAVAILABLE: io exception
2020-05-27 19:32:41,714 [grpc-default-executor-7] INFO  impl.FollowerInfo (FollowerInfo.java:lambda$new$0(50)) - f8fa1989-8a4e-41f2-9266-8404362eecef@group-EDFBBF01C07B->43a73f06-de32-4f2e-9dfd-3dbd6ac88803: nextIndex: updateUnconditionally 5 -> 4
2020-05-27 19:32:42,211 [grpc-default-executor-0] WARN  server.GrpcLogAppender (LogUtils.java:warn(122)) - f8fa1989-8a4e-41f2-9266-8404362eecef@group-EDFBBF01C07B->7d59b1d8-9c1a-4986-8068-ccaafcba6925-AppendLogResponseHandler: Failed appendEntries: org.apache.ratis.thirdparty.io.grpc.StatusRuntimeException: UNAVAILABLE: io exception
2020-05-27 19:32:42,211 [grpc-default-executor-0] INFO  impl.FollowerInfo (FollowerInfo.java:lambda$new$0(50)) - f8fa1989-8a4e-41f2-9266-8404362eecef@group-EDFBBF01C07B->7d59b1d8-9c1a-4986-8068-ccaafcba6925: nextIndex: updateUnconditionally 6 -> 5
2020-05-27 19:32:42,215 [grpc-default-executor-7] WARN  server.GrpcLogAppender (LogUtils.java:warn(122)) - f8fa1989-8a4e-41f2-9266-8404362eecef@group-EDFBBF01C07B->43a73f06-de32-4f2e-9dfd-3dbd6ac88803-AppendLogResponseHandler: Failed appendEntries: org.apache.ratis.thirdparty.io.grpc.StatusRuntimeException: UNAVAILABLE: io exception
2020-05-27 19:32:42,215 [grpc-default-executor-7] INFO  impl.FollowerInfo (FollowerInfo.java:lambda$new$0(50)) - f8fa1989-8a4e-41f2-9266-8404362eecef@group-EDFBBF01C07B->43a73f06-de32-4f2e-9dfd-3dbd6ac88803: nextIndex: updateUnconditionally 5 -> 4
2020-05-27 19:32:42,713 [grpc-default-executor-0] WARN  server.GrpcLogAppender (LogUtils.java:warn(122)) - f8fa1989-8a4e-41f2-9266-8404362eecef@group-EDFBBF01C07B->7d59b1d8-9c1a-4986-8068-ccaafcba6925-AppendLogResponseHandler: Failed appendEntries: org.apache.ratis.thirdparty.io.grpc.StatusRuntimeException: UNAVAILABLE: io exception
2020-05-27 19:32:42,713 [grpc-default-executor-0] INFO  impl.FollowerInfo (FollowerInfo.java:lambda$new$0(50)) - f8fa1989-8a4e-41f2-9266-8404362eecef@group-EDFBBF01C07B->7d59b1d8-9c1a-4986-8068-ccaafcba6925: nextIndex: updateUnconditionally 6 -> 5
2020-05-27 19:32:42,717 [grpc-default-executor-7] WARN  server.GrpcLogAppender (LogUtils.java:warn(122)) - f8fa1989-8a4e-41f2-9266-8404362eecef@group-EDFBBF01C07B->43a73f06-de32-4f2e-9dfd-3dbd6ac88803-AppendLogResponseHandler: Failed appendEntries: org.apache.ratis.thirdparty.io.grpc.StatusRuntimeException: UNAVAILABLE: io exception
2020-05-27 19:32:42,717 [grpc-default-executor-7] INFO  impl.FollowerInfo (FollowerInfo.java:lambda$new$0(50)) - f8fa1989-8a4e-41f2-9266-8404362eecef@group-EDFBBF01C07B->43a73f06-de32-4f2e-9dfd-3dbd6ac88803: nextIndex: updateUnconditionally 5 -> 4
2020-05-27 19:32:43,215 [grpc-default-executor-7] WARN  server.GrpcLogAppender (LogUtils.java:warn(122)) - f8fa1989-8a4e-41f2-9266-8404362eecef@group-EDFBBF01C07B->7d59b1d8-9c1a-4986-8068-ccaafcba6925-AppendLogResponseHandler: Failed appendEntries: org.apache.ratis.thirdparty.io.grpc.StatusRuntimeException: UNAVAILABLE: io exception
2020-05-27 19:32:43,215 [grpc-default-executor-7] INFO  impl.FollowerInfo (FollowerInfo.java:lambda$new$0(50)) - f8fa1989-8a4e-41f2-9266-8404362eecef@group-EDFBBF01C07B->7d59b1d8-9c1a-4986-8068-ccaafcba6925: nextIndex: updateUnconditionally 6 -> 5
2020-05-27 19:32:43,217 [grpc-default-executor-0] WARN  server.GrpcLogAppender (LogUtils.java:warn(122)) - f8fa1989-8a4e-41f2-9266-8404362eecef@group-EDFBBF01C07B->43a73f06-de32-4f2e-9dfd-3dbd6ac88803-AppendLogResponseHandler: Failed appendEntries: org.apache.ratis.thirdparty.io.grpc.StatusRuntimeException: UNAVAILABLE: io exception
2020-05-27 19:32:43,217 [grpc-default-executor-0] INFO  impl.FollowerInfo (FollowerInfo.java:lambda$new$0(50)) - f8fa1989-8a4e-41f2-9266-8404362eecef@group-EDFBBF01C07B->43a73f06-de32-4f2e-9dfd-3dbd6ac88803: nextIndex: updateUnconditionally 5 -> 4
2020-05-27 19:32:43,717 [grpc-default-executor-0] WARN  server.GrpcLogAppender (LogUtils.java:warn(122)) - f8fa1989-8a4e-41f2-9266-8404362eecef@group-EDFBBF01C07B->7d59b1d8-9c1a-4986-8068-ccaafcba6925-AppendLogResponseHandler: Failed appendEntries: org.apache.ratis.thirdparty.io.grpc.StatusRuntimeException: UNAVAILABLE: io exception
2020-05-27 19:32:43,717 [grpc-default-executor-0] INFO  impl.FollowerInfo (FollowerInfo.java:lambda$new$0(50)) - f8fa1989-8a4e-41f2-9266-8404362eecef@group-EDFBBF01C07B->7d59b1d8-9c1a-4986-8068-ccaafcba6925: nextIndex: updateUnconditionally 6 -> 5
2020-05-27 19:32:43,721 [grpc-default-executor-4] WARN  server.GrpcLogAppender (LogUtils.java:warn(122)) - f8fa1989-8a4e-41f2-9266-8404362eecef@group-EDFBBF01C07B->43a73f06-de32-4f2e-9dfd-3dbd6ac88803-AppendLogResponseHandler: Failed appendEntries: org.apache.ratis.thirdparty.io.grpc.StatusRuntimeException: UNAVAILABLE: io exception
2020-05-27 19:32:43,721 [grpc-default-executor-4] INFO  impl.FollowerInfo (FollowerInfo.java:lambda$new$0(50)) - f8fa1989-8a4e-41f2-9266-8404362eecef@group-EDFBBF01C07B->43a73f06-de32-4f2e-9dfd-3dbd6ac88803: nextIndex: updateUnconditionally 5 -> 4
2020-05-27 19:32:44,219 [grpc-default-executor-4] WARN  server.GrpcLogAppender (LogUtils.java:warn(122)) - f8fa1989-8a4e-41f2-9266-8404362eecef@group-EDFBBF01C07B->7d59b1d8-9c1a-4986-8068-ccaafcba6925-AppendLogResponseHandler: Failed appendEntries: org.apache.ratis.thirdparty.io.grpc.StatusRuntimeException: UNAVAILABLE: io exception
2020-05-27 19:32:44,220 [grpc-default-executor-4] INFO  impl.FollowerInfo (FollowerInfo.java:lambda$new$0(50)) - f8fa1989-8a4e-41f2-9266-8404362eecef@group-EDFBBF01C07B->7d59b1d8-9c1a-4986-8068-ccaafcba6925: nextIndex: updateUnconditionally 6 -> 5
2020-05-27 19:32:44,223 [grpc-default-executor-0] WARN  server.GrpcLogAppender (LogUtils.java:warn(122)) - f8fa1989-8a4e-41f2-9266-8404362eecef@group-EDFBBF01C07B->43a73f06-de32-4f2e-9dfd-3dbd6ac88803-AppendLogResponseHandler: Failed appendEntries: org.apache.ratis.thirdparty.io.grpc.StatusRuntimeException: UNAVAILABLE: io exception
2020-05-27 19:32:44,223 [grpc-default-executor-0] INFO  impl.FollowerInfo (FollowerInfo.java:lambda$new$0(50)) - f8fa1989-8a4e-41f2-9266-8404362eecef@group-EDFBBF01C07B->43a73f06-de32-4f2e-9dfd-3dbd6ac88803: nextIndex: updateUnconditionally 5 -> 4
2020-05-27 19:32:44,721 [grpc-default-executor-0] WARN  server.GrpcLogAppender (LogUtils.java:warn(122)) - f8fa1989-8a4e-41f2-9266-8404362eecef@group-EDFBBF01C07B->7d59b1d8-9c1a-4986-8068-ccaafcba6925-AppendLogResponseHandler: Failed appendEntries: org.apache.ratis.thirdparty.io.grpc.StatusRuntimeException: UNAVAILABLE: io exception
2020-05-27 19:32:44,722 [grpc-default-executor-0] INFO  impl.FollowerInfo (FollowerInfo.java:lambda$new$0(50)) - f8fa1989-8a4e-41f2-9266-8404362eecef@group-EDFBBF01C07B->7d59b1d8-9c1a-4986-8068-ccaafcba6925: nextIndex: updateUnconditionally 6 -> 5
2020-05-27 19:32:44,724 [grpc-default-executor-4] WARN  server.GrpcLogAppender (LogUtils.java:warn(122)) - f8fa1989-8a4e-41f2-9266-8404362eecef@group-EDFBBF01C07B->43a73f06-de32-4f2e-9dfd-3dbd6ac88803-AppendLogResponseHandler: Failed appendEntries: org.apache.ratis.thirdparty.io.grpc.StatusRuntimeException: UNAVAILABLE: io exception
2020-05-27 19:32:44,724 [grpc-default-executor-4] INFO  impl.FollowerInfo (FollowerInfo.java:lambda$new$0(50)) - f8fa1989-8a4e-41f2-9266-8404362eecef@group-EDFBBF01C07B->43a73f06-de32-4f2e-9dfd-3dbd6ac88803: nextIndex: updateUnconditionally 5 -> 4
2020-05-27 19:32:45,223 [grpc-default-executor-0] WARN  server.GrpcLogAppender (LogUtils.java:warn(122)) - f8fa1989-8a4e-41f2-9266-8404362eecef@group-EDFBBF01C07B->7d59b1d8-9c1a-4986-8068-ccaafcba6925-AppendLogResponseHandler: Failed appendEntries: org.apache.ratis.thirdparty.io.grpc.StatusRuntimeException: UNAVAILABLE: io exception
2020-05-27 19:32:45,224 [grpc-default-executor-0] INFO  impl.FollowerInfo (FollowerInfo.java:lambda$new$0(50)) - f8fa1989-8a4e-41f2-9266-8404362eecef@group-EDFBBF01C07B->7d59b1d8-9c1a-4986-8068-ccaafcba6925: nextIndex: updateUnconditionally 6 -> 5
2020-05-27 19:32:45,226 [grpc-default-executor-4] WARN  server.GrpcLogAppender (LogUtils.java:warn(122)) - f8fa1989-8a4e-41f2-9266-8404362eecef@group-EDFBBF01C07B->43a73f06-de32-4f2e-9dfd-3dbd6ac88803-AppendLogResponseHandler: Failed appendEntries: org.apache.ratis.thirdparty.io.grpc.StatusRuntimeException: UNAVAILABLE: io exception
2020-05-27 19:32:45,227 [grpc-default-executor-4] INFO  impl.FollowerInfo (FollowerInfo.java:lambda$new$0(50)) - f8fa1989-8a4e-41f2-9266-8404362eecef@group-EDFBBF01C07B->43a73f06-de32-4f2e-9dfd-3dbd6ac88803: nextIndex: updateUnconditionally 5 -> 4
2020-05-27 19:32:45,727 [grpc-default-executor-0] WARN  server.GrpcLogAppender (LogUtils.java:warn(122)) - f8fa1989-8a4e-41f2-9266-8404362eecef@group-EDFBBF01C07B->7d59b1d8-9c1a-4986-8068-ccaafcba6925-AppendLogResponseHandler: Failed appendEntries: org.apache.ratis.thirdparty.io.grpc.StatusRuntimeException: UNAVAILABLE: io exception
2020-05-27 19:32:45,727 [grpc-default-executor-0] INFO  impl.FollowerInfo (FollowerInfo.java:lambda$new$0(50)) - f8fa1989-8a4e-41f2-9266-8404362eecef@group-EDFBBF01C07B->7d59b1d8-9c1a-4986-8068-ccaafcba6925: nextIndex: updateUnconditionally 6 -> 5
2020-05-27 19:32:45,728 [grpc-default-executor-4] WARN  server.GrpcLogAppender (LogUtils.java:warn(122)) - f8fa1989-8a4e-41f2-9266-8404362eecef@group-EDFBBF01C07B->43a73f06-de32-4f2e-9dfd-3dbd6ac88803-AppendLogResponseHandler: Failed appendEntries: org.apache.ratis.thirdparty.io.grpc.StatusRuntimeException: UNAVAILABLE: io exception
2020-05-27 19:32:45,728 [grpc-default-executor-4] INFO  impl.FollowerInfo (FollowerInfo.java:lambda$new$0(50)) - f8fa1989-8a4e-41f2-9266-8404362eecef@group-EDFBBF01C07B->43a73f06-de32-4f2e-9dfd-3dbd6ac88803: nextIndex: updateUnconditionally 5 -> 4
2020-05-27 19:32:46,229 [grpc-default-executor-7] WARN  server.GrpcLogAppender (LogUtils.java:warn(122)) - f8fa1989-8a4e-41f2-9266-8404362eecef@group-EDFBBF01C07B->43a73f06-de32-4f2e-9dfd-3dbd6ac88803-AppendLogResponseHandler: Failed appendEntries: org.apache.ratis.thirdparty.io.grpc.StatusRuntimeException: UNAVAILABLE: io exception
2020-05-27 19:32:46,230 [grpc-default-executor-7] INFO  impl.FollowerInfo (FollowerInfo.java:lambda$new$0(50)) - f8fa1989-8a4e-41f2-9266-8404362eecef@group-EDFBBF01C07B->43a73f06-de32-4f2e-9dfd-3dbd6ac88803: nextIndex: updateUnconditionally 5 -> 4
2020-05-27 19:32:46,230 [grpc-default-executor-7] WARN  server.GrpcLogAppender (LogUtils.java:warn(122)) - f8fa1989-8a4e-41f2-9266-8404362eecef@group-EDFBBF01C07B->7d59b1d8-9c1a-4986-8068-ccaafcba6925-AppendLogResponseHandler: Failed appendEntries: org.apache.ratis.thirdparty.io.grpc.StatusRuntimeException: UNAVAILABLE: io exception
2020-05-27 19:32:46,230 [grpc-default-executor-7] INFO  impl.FollowerInfo (FollowerInfo.java:lambda$new$0(50)) - f8fa1989-8a4e-41f2-9266-8404362eecef@group-EDFBBF01C07B->7d59b1d8-9c1a-4986-8068-ccaafcba6925: nextIndex: updateUnconditionally 6 -> 5
2020-05-27 19:32:46,731 [grpc-default-executor-4] WARN  server.GrpcLogAppender (LogUtils.java:warn(122)) - f8fa1989-8a4e-41f2-9266-8404362eecef@group-EDFBBF01C07B->7d59b1d8-9c1a-4986-8068-ccaafcba6925-AppendLogResponseHandler: Failed appendEntries: org.apache.ratis.thirdparty.io.grpc.StatusRuntimeException: UNAVAILABLE: io exception
2020-05-27 19:32:46,731 [grpc-default-executor-4] INFO  impl.FollowerInfo (FollowerInfo.java:lambda$new$0(50)) - f8fa1989-8a4e-41f2-9266-8404362eecef@group-EDFBBF01C07B->7d59b1d8-9c1a-4986-8068-ccaafcba6925: nextIndex: updateUnconditionally 6 -> 5
2020-05-27 19:32:46,731 [grpc-default-executor-0] WARN  server.GrpcLogAppender (LogUtils.java:warn(122)) - f8fa1989-8a4e-41f2-9266-8404362eecef@group-EDFBBF01C07B->43a73f06-de32-4f2e-9dfd-3dbd6ac88803-AppendLogResponseHandler: Failed appendEntries: org.apache.ratis.thirdparty.io.grpc.StatusRuntimeException: UNAVAILABLE: io exception
2020-05-27 19:32:46,731 [grpc-default-executor-0] INFO  impl.FollowerInfo (FollowerInfo.java:lambda$new$0(50)) - f8fa1989-8a4e-41f2-9266-8404362eecef@group-EDFBBF01C07B->43a73f06-de32-4f2e-9dfd-3dbd6ac88803: nextIndex: updateUnconditionally 5 -> 4
2020-05-27 19:32:47,233 [grpc-default-executor-7] WARN  server.GrpcLogAppender (LogUtils.java:warn(122)) - f8fa1989-8a4e-41f2-9266-8404362eecef@group-EDFBBF01C07B->7d59b1d8-9c1a-4986-8068-ccaafcba6925-AppendLogResponseHandler: Failed appendEntries: org.apache.ratis.thirdparty.io.grpc.StatusRuntimeException: UNAVAILABLE: io exception
2020-05-27 19:32:47,233 [grpc-default-executor-4] WARN  server.GrpcLogAppender (LogUtils.java:warn(122)) - f8fa1989-8a4e-41f2-9266-8404362eecef@group-EDFBBF01C07B->43a73f06-de32-4f2e-9dfd-3dbd6ac88803-AppendLogResponseHandler: Failed appendEntries: org.apache.ratis.thirdparty.io.grpc.StatusRuntimeException: UNAVAILABLE: io exception
2020-05-27 19:32:47,233 [grpc-default-executor-7] INFO  impl.FollowerInfo (FollowerInfo.java:lambda$new$0(50)) - f8fa1989-8a4e-41f2-9266-8404362eecef@group-EDFBBF01C07B->7d59b1d8-9c1a-4986-8068-ccaafcba6925: nextIndex: updateUnconditionally 6 -> 5
2020-05-27 19:32:47,233 [grpc-default-executor-4] INFO  impl.FollowerInfo (FollowerInfo.java:lambda$new$0(50)) - f8fa1989-8a4e-41f2-9266-8404362eecef@group-EDFBBF01C07B->43a73f06-de32-4f2e-9dfd-3dbd6ac88803: nextIndex: updateUnconditionally 5 -> 4
2020-05-27 19:32:47,735 [grpc-default-executor-4] WARN  server.GrpcLogAppender (LogUtils.java:warn(122)) - f8fa1989-8a4e-41f2-9266-8404362eecef@group-EDFBBF01C07B->43a73f06-de32-4f2e-9dfd-3dbd6ac88803-AppendLogResponseHandler: Failed appendEntries: org.apache.ratis.thirdparty.io.grpc.StatusRuntimeException: UNAVAILABLE: io exception
2020-05-27 19:32:47,735 [grpc-default-executor-4] INFO  impl.FollowerInfo (FollowerInfo.java:lambda$new$0(50)) - f8fa1989-8a4e-41f2-9266-8404362eecef@group-EDFBBF01C07B->43a73f06-de32-4f2e-9dfd-3dbd6ac88803: nextIndex: updateUnconditionally 5 -> 4
2020-05-27 19:32:47,735 [grpc-default-executor-0] WARN  server.GrpcLogAppender (LogUtils.java:warn(122)) - f8fa1989-8a4e-41f2-9266-8404362eecef@group-EDFBBF01C07B->7d59b1d8-9c1a-4986-8068-ccaafcba6925-AppendLogResponseHandler: Failed appendEntries: org.apache.ratis.thirdparty.io.grpc.StatusRuntimeException: UNAVAILABLE: io exception
2020-05-27 19:32:47,735 [grpc-default-executor-0] INFO  impl.FollowerInfo (FollowerInfo.java:lambda$new$0(50)) - f8fa1989-8a4e-41f2-9266-8404362eecef@group-EDFBBF01C07B->7d59b1d8-9c1a-4986-8068-ccaafcba6925: nextIndex: updateUnconditionally 6 -> 5
2020-05-27 19:32:48,237 [grpc-default-executor-4] WARN  server.GrpcLogAppender (LogUtils.java:warn(122)) - f8fa1989-8a4e-41f2-9266-8404362eecef@group-EDFBBF01C07B->7d59b1d8-9c1a-4986-8068-ccaafcba6925-AppendLogResponseHandler: Failed appendEntries: org.apache.ratis.thirdparty.io.grpc.StatusRuntimeException: UNAVAILABLE: io exception
2020-05-27 19:32:48,237 [grpc-default-executor-4] INFO  impl.FollowerInfo (FollowerInfo.java:lambda$new$0(50)) - f8fa1989-8a4e-41f2-9266-8404362eecef@group-EDFBBF01C07B->7d59b1d8-9c1a-4986-8068-ccaafcba6925: nextIndex: updateUnconditionally 6 -> 5
2020-05-27 19:32:48,238 [grpc-default-executor-0] WARN  server.GrpcLogAppender (LogUtils.java:warn(122)) - f8fa1989-8a4e-41f2-9266-8404362eecef@group-EDFBBF01C07B->43a73f06-de32-4f2e-9dfd-3dbd6ac88803-AppendLogResponseHandler: Failed appendEntries: org.apache.ratis.thirdparty.io.grpc.StatusRuntimeException: UNAVAILABLE: io exception
2020-05-27 19:32:48,238 [grpc-default-executor-0] INFO  impl.FollowerInfo (FollowerInfo.java:lambda$new$0(50)) - f8fa1989-8a4e-41f2-9266-8404362eecef@group-EDFBBF01C07B->43a73f06-de32-4f2e-9dfd-3dbd6ac88803: nextIndex: updateUnconditionally 5 -> 4
2020-05-27 19:32:48,740 [grpc-default-executor-4] WARN  server.GrpcLogAppender (LogUtils.java:warn(122)) - f8fa1989-8a4e-41f2-9266-8404362eecef@group-EDFBBF01C07B->43a73f06-de32-4f2e-9dfd-3dbd6ac88803-AppendLogResponseHandler: Failed appendEntries: org.apache.ratis.thirdparty.io.grpc.StatusRuntimeException: UNAVAILABLE: io exception
2020-05-27 19:32:48,740 [grpc-default-executor-4] INFO  impl.FollowerInfo (FollowerInfo.java:lambda$new$0(50)) - f8fa1989-8a4e-41f2-9266-8404362eecef@group-EDFBBF01C07B->43a73f06-de32-4f2e-9dfd-3dbd6ac88803: nextIndex: updateUnconditionally 5 -> 4
2020-05-27 19:32:48,740 [grpc-default-executor-0] WARN  server.GrpcLogAppender (LogUtils.java:warn(122)) - f8fa1989-8a4e-41f2-9266-8404362eecef@group-EDFBBF01C07B->7d59b1d8-9c1a-4986-8068-ccaafcba6925-AppendLogResponseHandler: Failed appendEntries: org.apache.ratis.thirdparty.io.grpc.StatusRuntimeException: UNAVAILABLE: io exception
2020-05-27 19:32:48,741 [grpc-default-executor-0] INFO  impl.FollowerInfo (FollowerInfo.java:lambda$new$0(50)) - f8fa1989-8a4e-41f2-9266-8404362eecef@group-EDFBBF01C07B->7d59b1d8-9c1a-4986-8068-ccaafcba6925: nextIndex: updateUnconditionally 6 -> 5
2020-05-27 19:32:49,241 [grpc-default-executor-7] WARN  server.GrpcLogAppender (LogUtils.java:warn(122)) - f8fa1989-8a4e-41f2-9266-8404362eecef@group-EDFBBF01C07B->7d59b1d8-9c1a-4986-8068-ccaafcba6925-AppendLogResponseHandler: Failed appendEntries: org.apache.ratis.thirdparty.io.grpc.StatusRuntimeException: UNAVAILABLE: io exception
2020-05-27 19:32:49,241 [grpc-default-executor-7] INFO  impl.FollowerInfo (FollowerInfo.java:lambda$new$0(50)) - f8fa1989-8a4e-41f2-9266-8404362eecef@group-EDFBBF01C07B->7d59b1d8-9c1a-4986-8068-ccaafcba6925: nextIndex: updateUnconditionally 6 -> 5
2020-05-27 19:32:49,241 [grpc-default-executor-4] WARN  server.GrpcLogAppender (LogUtils.java:warn(122)) - f8fa1989-8a4e-41f2-9266-8404362eecef@group-EDFBBF01C07B->43a73f06-de32-4f2e-9dfd-3dbd6ac88803-AppendLogResponseHandler: Failed appendEntries: org.apache.ratis.thirdparty.io.grpc.StatusRuntimeException: UNAVAILABLE: io exception
2020-05-27 19:32:49,241 [grpc-default-executor-4] INFO  impl.FollowerInfo (FollowerInfo.java:lambda$new$0(50)) - f8fa1989-8a4e-41f2-9266-8404362eecef@group-EDFBBF01C07B->43a73f06-de32-4f2e-9dfd-3dbd6ac88803: nextIndex: updateUnconditionally 5 -> 4
2020-05-27 19:32:49,743 [grpc-default-executor-0] WARN  server.GrpcLogAppender (LogUtils.java:warn(122)) - f8fa1989-8a4e-41f2-9266-8404362eecef@group-EDFBBF01C07B->43a73f06-de32-4f2e-9dfd-3dbd6ac88803-AppendLogResponseHandler: Failed appendEntries: org.apache.ratis.thirdparty.io.grpc.StatusRuntimeException: UNAVAILABLE: io exception
2020-05-27 19:32:49,744 [grpc-default-executor-0] INFO  impl.FollowerInfo (FollowerInfo.java:lambda$new$0(50)) - f8fa1989-8a4e-41f2-9266-8404362eecef@group-EDFBBF01C07B->43a73f06-de32-4f2e-9dfd-3dbd6ac88803: nextIndex: updateUnconditionally 5 -> 4
2020-05-27 19:32:49,744 [grpc-default-executor-0] WARN  server.GrpcLogAppender (LogUtils.java:warn(122)) - f8fa1989-8a4e-41f2-9266-8404362eecef@group-EDFBBF01C07B->7d59b1d8-9c1a-4986-8068-ccaafcba6925-AppendLogResponseHandler: Failed appendEntries: org.apache.ratis.thirdparty.io.grpc.StatusRuntimeException: UNAVAILABLE: io exception
2020-05-27 19:32:49,744 [grpc-default-executor-0] INFO  impl.FollowerInfo (FollowerInfo.java:lambda$new$0(50)) - f8fa1989-8a4e-41f2-9266-8404362eecef@group-EDFBBF01C07B->7d59b1d8-9c1a-4986-8068-ccaafcba6925: nextIndex: updateUnconditionally 6 -> 5
2020-05-27 19:32:50,245 [grpc-default-executor-7] WARN  server.GrpcLogAppender (LogUtils.java:warn(122)) - f8fa1989-8a4e-41f2-9266-8404362eecef@group-EDFBBF01C07B->43a73f06-de32-4f2e-9dfd-3dbd6ac88803-AppendLogResponseHandler: Failed appendEntries: org.apache.ratis.thirdparty.io.grpc.StatusRuntimeException: UNAVAILABLE: io exception
2020-05-27 19:32:50,245 [grpc-default-executor-7] INFO  impl.FollowerInfo (FollowerInfo.java:lambda$new$0(50)) - f8fa1989-8a4e-41f2-9266-8404362eecef@group-EDFBBF01C07B->43a73f06-de32-4f2e-9dfd-3dbd6ac88803: nextIndex: updateUnconditionally 5 -> 4
2020-05-27 19:32:50,245 [grpc-default-executor-4] WARN  server.GrpcLogAppender (LogUtils.java:warn(122)) - f8fa1989-8a4e-41f2-9266-8404362eecef@group-EDFBBF01C07B->7d59b1d8-9c1a-4986-8068-ccaafcba6925-AppendLogResponseHandler: Failed appendEntries: org.apache.ratis.thirdparty.io.grpc.StatusRuntimeException: UNAVAILABLE: io exception
2020-05-27 19:32:50,247 [grpc-default-executor-4] INFO  impl.FollowerInfo (FollowerInfo.java:lambda$new$0(50)) - f8fa1989-8a4e-41f2-9266-8404362eecef@group-EDFBBF01C07B->7d59b1d8-9c1a-4986-8068-ccaafcba6925: nextIndex: updateUnconditionally 6 -> 5
2020-05-27 19:32:50,747 [grpc-default-executor-0] WARN  server.GrpcLogAppender (LogUtils.java:warn(122)) - f8fa1989-8a4e-41f2-9266-8404362eecef@group-EDFBBF01C07B->7d59b1d8-9c1a-4986-8068-ccaafcba6925-AppendLogResponseHandler: Failed appendEntries: org.apache.ratis.thirdparty.io.grpc.StatusRuntimeException: UNAVAILABLE: io exception
2020-05-27 19:32:50,747 [grpc-default-executor-6] WARN  server.GrpcLogAppender (LogUtils.java:warn(122)) - f8fa1989-8a4e-41f2-9266-8404362eecef@group-EDFBBF01C07B->43a73f06-de32-4f2e-9dfd-3dbd6ac88803-AppendLogResponseHandler: Failed appendEntries: org.apache.ratis.thirdparty.io.grpc.StatusRuntimeException: UNAVAILABLE: io exception
2020-05-27 19:32:50,747 [grpc-default-executor-0] INFO  impl.FollowerInfo (FollowerInfo.java:lambda$new$0(50)) - f8fa1989-8a4e-41f2-9266-8404362eecef@group-EDFBBF01C07B->7d59b1d8-9c1a-4986-8068-ccaafcba6925: nextIndex: updateUnconditionally 6 -> 5
2020-05-27 19:32:50,747 [grpc-default-executor-6] INFO  impl.FollowerInfo (FollowerInfo.java:lambda$new$0(50)) - f8fa1989-8a4e-41f2-9266-8404362eecef@group-EDFBBF01C07B->43a73f06-de32-4f2e-9dfd-3dbd6ac88803: nextIndex: updateUnconditionally 5 -> 4
2020-05-27 19:32:51,250 [grpc-default-executor-4] WARN  server.GrpcLogAppender (LogUtils.java:warn(122)) - f8fa1989-8a4e-41f2-9266-8404362eecef@group-EDFBBF01C07B->7d59b1d8-9c1a-4986-8068-ccaafcba6925-AppendLogResponseHandler: Failed appendEntries: org.apache.ratis.thirdparty.io.grpc.StatusRuntimeException: UNAVAILABLE: io exception
2020-05-27 19:32:51,250 [grpc-default-executor-4] INFO  impl.FollowerInfo (FollowerInfo.java:lambda$new$0(50)) - f8fa1989-8a4e-41f2-9266-8404362eecef@group-EDFBBF01C07B->7d59b1d8-9c1a-4986-8068-ccaafcba6925: nextIndex: updateUnconditionally 6 -> 5
2020-05-27 19:32:51,251 [grpc-default-executor-4] WARN  server.GrpcLogAppender (LogUtils.java:warn(122)) - f8fa1989-8a4e-41f2-9266-8404362eecef@group-EDFBBF01C07B->43a73f06-de32-4f2e-9dfd-3dbd6ac88803-AppendLogResponseHandler: Failed appendEntries: org.apache.ratis.thirdparty.io.grpc.StatusRuntimeException: UNAVAILABLE: io exception
2020-05-27 19:32:51,251 [grpc-default-executor-4] INFO  impl.FollowerInfo (FollowerInfo.java:lambda$new$0(50)) - f8fa1989-8a4e-41f2-9266-8404362eecef@group-EDFBBF01C07B->43a73f06-de32-4f2e-9dfd-3dbd6ac88803: nextIndex: updateUnconditionally 5 -> 4
2020-05-27 19:32:51,753 [grpc-default-executor-0] WARN  server.GrpcLogAppender (LogUtils.java:warn(122)) - f8fa1989-8a4e-41f2-9266-8404362eecef@group-EDFBBF01C07B->7d59b1d8-9c1a-4986-8068-ccaafcba6925-AppendLogResponseHandler: Failed appendEntries: org.apache.ratis.thirdparty.io.grpc.StatusRuntimeException: UNAVAILABLE: io exception
2020-05-27 19:32:51,753 [grpc-default-executor-0] INFO  impl.FollowerInfo (FollowerInfo.java:lambda$new$0(50)) - f8fa1989-8a4e-41f2-9266-8404362eecef@group-EDFBBF01C07B->7d59b1d8-9c1a-4986-8068-ccaafcba6925: nextIndex: updateUnconditionally 6 -> 5
2020-05-27 19:32:51,753 [grpc-default-executor-0] WARN  server.GrpcLogAppender (LogUtils.java:warn(122)) - f8fa1989-8a4e-41f2-9266-8404362eecef@group-EDFBBF01C07B->43a73f06-de32-4f2e-9dfd-3dbd6ac88803-AppendLogResponseHandler: Failed appendEntries: org.apache.ratis.thirdparty.io.grpc.StatusRuntimeException: UNAVAILABLE: io exception
2020-05-27 19:32:51,753 [grpc-default-executor-0] INFO  impl.FollowerInfo (FollowerInfo.java:lambda$new$0(50)) - f8fa1989-8a4e-41f2-9266-8404362eecef@group-EDFBBF01C07B->43a73f06-de32-4f2e-9dfd-3dbd6ac88803: nextIndex: updateUnconditionally 5 -> 4
2020-05-27 19:32:52,255 [grpc-default-executor-6] WARN  server.GrpcLogAppender (LogUtils.java:warn(122)) - f8fa1989-8a4e-41f2-9266-8404362eecef@group-EDFBBF01C07B->7d59b1d8-9c1a-4986-8068-ccaafcba6925-AppendLogResponseHandler: Failed appendEntries: org.apache.ratis.thirdparty.io.grpc.StatusRuntimeException: UNAVAILABLE: io exception
2020-05-27 19:32:52,255 [grpc-default-executor-4] WARN  server.GrpcLogAppender (LogUtils.java:warn(122)) - f8fa1989-8a4e-41f2-9266-8404362eecef@group-EDFBBF01C07B->43a73f06-de32-4f2e-9dfd-3dbd6ac88803-AppendLogResponseHandler: Failed appendEntries: org.apache.ratis.thirdparty.io.grpc.StatusRuntimeException: UNAVAILABLE: io exception
2020-05-27 19:32:52,255 [grpc-default-executor-6] INFO  impl.FollowerInfo (FollowerInfo.java:lambda$new$0(50)) - f8fa1989-8a4e-41f2-9266-8404362eecef@group-EDFBBF01C07B->7d59b1d8-9c1a-4986-8068-ccaafcba6925: nextIndex: updateUnconditionally 6 -> 5
2020-05-27 19:32:52,255 [grpc-default-executor-4] INFO  impl.FollowerInfo (FollowerInfo.java:lambda$new$0(50)) - f8fa1989-8a4e-41f2-9266-8404362eecef@group-EDFBBF01C07B->43a73f06-de32-4f2e-9dfd-3dbd6ac88803: nextIndex: updateUnconditionally 5 -> 4
2020-05-27 19:32:52,757 [grpc-default-executor-4] WARN  server.GrpcLogAppender (LogUtils.java:warn(122)) - f8fa1989-8a4e-41f2-9266-8404362eecef@group-EDFBBF01C07B->43a73f06-de32-4f2e-9dfd-3dbd6ac88803-AppendLogResponseHandler: Failed appendEntries: org.apache.ratis.thirdparty.io.grpc.StatusRuntimeException: UNAVAILABLE: io exception
2020-05-27 19:32:52,757 [grpc-default-executor-0] WARN  server.GrpcLogAppender (LogUtils.java:warn(122)) - f8fa1989-8a4e-41f2-9266-8404362eecef@group-EDFBBF01C07B->7d59b1d8-9c1a-4986-8068-ccaafcba6925-AppendLogResponseHandler: Failed appendEntries: org.apache.ratis.thirdparty.io.grpc.StatusRuntimeException: UNAVAILABLE: io exception
2020-05-27 19:32:52,758 [grpc-default-executor-4] INFO  impl.FollowerInfo (FollowerInfo.java:lambda$new$0(50)) - f8fa1989-8a4e-41f2-9266-8404362eecef@group-EDFBBF01C07B->43a73f06-de32-4f2e-9dfd-3dbd6ac88803: nextIndex: updateUnconditionally 5 -> 4
2020-05-27 19:32:52,758 [grpc-default-executor-0] INFO  impl.FollowerInfo (FollowerInfo.java:lambda$new$0(50)) - f8fa1989-8a4e-41f2-9266-8404362eecef@group-EDFBBF01C07B->7d59b1d8-9c1a-4986-8068-ccaafcba6925: nextIndex: updateUnconditionally 6 -> 5
2020-05-27 19:32:53,259 [grpc-default-executor-7] WARN  server.GrpcLogAppender (LogUtils.java:warn(122)) - f8fa1989-8a4e-41f2-9266-8404362eecef@group-EDFBBF01C07B->7d59b1d8-9c1a-4986-8068-ccaafcba6925-AppendLogResponseHandler: Failed appendEntries: org.apache.ratis.thirdparty.io.grpc.StatusRuntimeException: UNAVAILABLE: io exception
2020-05-27 19:32:53,259 [grpc-default-executor-6] WARN  server.GrpcLogAppender (LogUtils.java:warn(122)) - f8fa1989-8a4e-41f2-9266-8404362eecef@group-EDFBBF01C07B->43a73f06-de32-4f2e-9dfd-3dbd6ac88803-AppendLogResponseHandler: Failed appendEntries: org.apache.ratis.thirdparty.io.grpc.StatusRuntimeException: UNAVAILABLE: io exception
2020-05-27 19:32:53,259 [grpc-default-executor-7] INFO  impl.FollowerInfo (FollowerInfo.java:lambda$new$0(50)) - f8fa1989-8a4e-41f2-9266-8404362eecef@group-EDFBBF01C07B->7d59b1d8-9c1a-4986-8068-ccaafcba6925: nextIndex: updateUnconditionally 6 -> 5
2020-05-27 19:32:53,259 [grpc-default-executor-6] INFO  impl.FollowerInfo (FollowerInfo.java:lambda$new$0(50)) - f8fa1989-8a4e-41f2-9266-8404362eecef@group-EDFBBF01C07B->43a73f06-de32-4f2e-9dfd-3dbd6ac88803: nextIndex: updateUnconditionally 5 -> 4
2020-05-27 19:32:53,761 [grpc-default-executor-4] WARN  server.GrpcLogAppender (LogUtils.java:warn(122)) - f8fa1989-8a4e-41f2-9266-8404362eecef@group-EDFBBF01C07B->43a73f06-de32-4f2e-9dfd-3dbd6ac88803-AppendLogResponseHandler: Failed appendEntries: org.apache.ratis.thirdparty.io.grpc.StatusRuntimeException: UNAVAILABLE: io exception
2020-05-27 19:32:53,761 [grpc-default-executor-4] INFO  impl.FollowerInfo (FollowerInfo.java:lambda$new$0(50)) - f8fa1989-8a4e-41f2-9266-8404362eecef@group-EDFBBF01C07B->43a73f06-de32-4f2e-9dfd-3dbd6ac88803: nextIndex: updateUnconditionally 5 -> 4
2020-05-27 19:32:53,761 [grpc-default-executor-7] WARN  server.GrpcLogAppender (LogUtils.java:warn(122)) - f8fa1989-8a4e-41f2-9266-8404362eecef@group-EDFBBF01C07B->7d59b1d8-9c1a-4986-8068-ccaafcba6925-AppendLogResponseHandler: Failed appendEntries: org.apache.ratis.thirdparty.io.grpc.StatusRuntimeException: UNAVAILABLE: io exception
2020-05-27 19:32:53,761 [grpc-default-executor-7] INFO  impl.FollowerInfo (FollowerInfo.java:lambda$new$0(50)) - f8fa1989-8a4e-41f2-9266-8404362eecef@group-EDFBBF01C07B->7d59b1d8-9c1a-4986-8068-ccaafcba6925: nextIndex: updateUnconditionally 6 -> 5
2020-05-27 19:32:54,263 [grpc-default-executor-6] WARN  server.GrpcLogAppender (LogUtils.java:warn(122)) - f8fa1989-8a4e-41f2-9266-8404362eecef@group-EDFBBF01C07B->7d59b1d8-9c1a-4986-8068-ccaafcba6925-AppendLogResponseHandler: Failed appendEntries: org.apache.ratis.thirdparty.io.grpc.StatusRuntimeException: UNAVAILABLE: io exception
2020-05-27 19:32:54,263 [grpc-default-executor-6] INFO  impl.FollowerInfo (FollowerInfo.java:lambda$new$0(50)) - f8fa1989-8a4e-41f2-9266-8404362eecef@group-EDFBBF01C07B->7d59b1d8-9c1a-4986-8068-ccaafcba6925: nextIndex: updateUnconditionally 6 -> 5
2020-05-27 19:32:54,264 [grpc-default-executor-6] WARN  server.GrpcLogAppender (LogUtils.java:warn(122)) - f8fa1989-8a4e-41f2-9266-8404362eecef@group-EDFBBF01C07B->43a73f06-de32-4f2e-9dfd-3dbd6ac88803-AppendLogResponseHandler: Failed appendEntries: org.apache.ratis.thirdparty.io.grpc.StatusRuntimeException: UNAVAILABLE: io exception
2020-05-27 19:32:54,264 [grpc-default-executor-6] INFO  impl.FollowerInfo (FollowerInfo.java:lambda$new$0(50)) - f8fa1989-8a4e-41f2-9266-8404362eecef@group-EDFBBF01C07B->43a73f06-de32-4f2e-9dfd-3dbd6ac88803: nextIndex: updateUnconditionally 5 -> 4
2020-05-27 19:32:54,765 [grpc-default-executor-4] WARN  server.GrpcLogAppender (LogUtils.java:warn(122)) - f8fa1989-8a4e-41f2-9266-8404362eecef@group-EDFBBF01C07B->7d59b1d8-9c1a-4986-8068-ccaafcba6925-AppendLogResponseHandler: Failed appendEntries: org.apache.ratis.thirdparty.io.grpc.StatusRuntimeException: UNAVAILABLE: io exception
2020-05-27 19:32:54,765 [grpc-default-executor-0] WARN  server.GrpcLogAppender (LogUtils.java:warn(122)) - f8fa1989-8a4e-41f2-9266-8404362eecef@group-EDFBBF01C07B->43a73f06-de32-4f2e-9dfd-3dbd6ac88803-AppendLogResponseHandler: Failed appendEntries: org.apache.ratis.thirdparty.io.grpc.StatusRuntimeException: UNAVAILABLE: io exception
2020-05-27 19:32:54,765 [grpc-default-executor-4] INFO  impl.FollowerInfo (FollowerInfo.java:lambda$new$0(50)) - f8fa1989-8a4e-41f2-9266-8404362eecef@group-EDFBBF01C07B->7d59b1d8-9c1a-4986-8068-ccaafcba6925: nextIndex: updateUnconditionally 6 -> 5
2020-05-27 19:32:54,765 [grpc-default-executor-0] INFO  impl.FollowerInfo (FollowerInfo.java:lambda$new$0(50)) - f8fa1989-8a4e-41f2-9266-8404362eecef@group-EDFBBF01C07B->43a73f06-de32-4f2e-9dfd-3dbd6ac88803: nextIndex: updateUnconditionally 5 -> 4
2020-05-27 19:32:55,267 [grpc-default-executor-4] WARN  server.GrpcLogAppender (LogUtils.java:warn(122)) - f8fa1989-8a4e-41f2-9266-8404362eecef@group-EDFBBF01C07B->7d59b1d8-9c1a-4986-8068-ccaafcba6925-AppendLogResponseHandler: Failed appendEntries: org.apache.ratis.thirdparty.io.grpc.StatusRuntimeException: UNAVAILABLE: io exception
2020-05-27 19:32:55,267 [grpc-default-executor-4] INFO  impl.FollowerInfo (FollowerInfo.java:lambda$new$0(50)) - f8fa1989-8a4e-41f2-9266-8404362eecef@group-EDFBBF01C07B->7d59b1d8-9c1a-4986-8068-ccaafcba6925: nextIndex: updateUnconditionally 6 -> 5
2020-05-27 19:32:55,268 [grpc-default-executor-0] WARN  server.GrpcLogAppender (LogUtils.java:warn(122)) - f8fa1989-8a4e-41f2-9266-8404362eecef@group-EDFBBF01C07B->43a73f06-de32-4f2e-9dfd-3dbd6ac88803-AppendLogResponseHandler: Failed appendEntries: org.apache.ratis.thirdparty.io.grpc.StatusRuntimeException: UNAVAILABLE: io exception
2020-05-27 19:32:55,268 [grpc-default-executor-0] INFO  impl.FollowerInfo (FollowerInfo.java:lambda$new$0(50)) - f8fa1989-8a4e-41f2-9266-8404362eecef@group-EDFBBF01C07B->43a73f06-de32-4f2e-9dfd-3dbd6ac88803: nextIndex: updateUnconditionally 5 -> 4
2020-05-27 19:32:55,769 [grpc-default-executor-6] WARN  server.GrpcLogAppender (LogUtils.java:warn(122)) - f8fa1989-8a4e-41f2-9266-8404362eecef@group-EDFBBF01C07B->43a73f06-de32-4f2e-9dfd-3dbd6ac88803-AppendLogResponseHandler: Failed appendEntries: org.apache.ratis.thirdparty.io.grpc.StatusRuntimeException: UNAVAILABLE: io exception
2020-05-27 19:32:55,769 [grpc-default-executor-6] INFO  impl.FollowerInfo (FollowerInfo.java:lambda$new$0(50)) - f8fa1989-8a4e-41f2-9266-8404362eecef@group-EDFBBF01C07B->43a73f06-de32-4f2e-9dfd-3dbd6ac88803: nextIndex: updateUnconditionally 5 -> 4
2020-05-27 19:32:55,770 [grpc-default-executor-6] WARN  server.GrpcLogAppender (LogUtils.java:warn(122)) - f8fa1989-8a4e-41f2-9266-8404362eecef@group-EDFBBF01C07B->7d59b1d8-9c1a-4986-8068-ccaafcba6925-AppendLogResponseHandler: Failed appendEntries: org.apache.ratis.thirdparty.io.grpc.StatusRuntimeException: UNAVAILABLE: io exception
2020-05-27 19:32:55,770 [grpc-default-executor-6] INFO  impl.FollowerInfo (FollowerInfo.java:lambda$new$0(50)) - f8fa1989-8a4e-41f2-9266-8404362eecef@group-EDFBBF01C07B->7d59b1d8-9c1a-4986-8068-ccaafcba6925: nextIndex: updateUnconditionally 6 -> 5
2020-05-27 19:32:56,271 [grpc-default-executor-0] WARN  server.GrpcLogAppender (LogUtils.java:warn(122)) - f8fa1989-8a4e-41f2-9266-8404362eecef@group-EDFBBF01C07B->7d59b1d8-9c1a-4986-8068-ccaafcba6925-AppendLogResponseHandler: Failed appendEntries: org.apache.ratis.thirdparty.io.grpc.StatusRuntimeException: UNAVAILABLE: io exception
2020-05-27 19:32:56,272 [grpc-default-executor-0] INFO  impl.FollowerInfo (FollowerInfo.java:lambda$new$0(50)) - f8fa1989-8a4e-41f2-9266-8404362eecef@group-EDFBBF01C07B->7d59b1d8-9c1a-4986-8068-ccaafcba6925: nextIndex: updateUnconditionally 6 -> 5
2020-05-27 19:32:56,272 [grpc-default-executor-0] WARN  server.GrpcLogAppender (LogUtils.java:warn(122)) - f8fa1989-8a4e-41f2-9266-8404362eecef@group-EDFBBF01C07B->43a73f06-de32-4f2e-9dfd-3dbd6ac88803-AppendLogResponseHandler: Failed appendEntries: org.apache.ratis.thirdparty.io.grpc.StatusRuntimeException: UNAVAILABLE: io exception
2020-05-27 19:32:56,273 [grpc-default-executor-0] INFO  impl.FollowerInfo (FollowerInfo.java:lambda$new$0(50)) - f8fa1989-8a4e-41f2-9266-8404362eecef@group-EDFBBF01C07B->43a73f06-de32-4f2e-9dfd-3dbd6ac88803: nextIndex: updateUnconditionally 5 -> 4
2020-05-27 19:32:56,774 [grpc-default-executor-4] WARN  server.GrpcLogAppender (LogUtils.java:warn(122)) - f8fa1989-8a4e-41f2-9266-8404362eecef@group-EDFBBF01C07B->7d59b1d8-9c1a-4986-8068-ccaafcba6925-AppendLogResponseHandler: Failed appendEntries: org.apache.ratis.thirdparty.io.grpc.StatusRuntimeException: UNAVAILABLE: io exception
2020-05-27 19:32:56,775 [grpc-default-executor-4] INFO  impl.FollowerInfo (FollowerInfo.java:lambda$new$0(50)) - f8fa1989-8a4e-41f2-9266-8404362eecef@group-EDFBBF01C07B->7d59b1d8-9c1a-4986-8068-ccaafcba6925: nextIndex: updateUnconditionally 6 -> 5
2020-05-27 19:32:56,776 [grpc-default-executor-0] WARN  server.GrpcLogAppender (LogUtils.java:warn(122)) - f8fa1989-8a4e-41f2-9266-8404362eecef@group-EDFBBF01C07B->43a73f06-de32-4f2e-9dfd-3dbd6ac88803-AppendLogResponseHandler: Failed appendEntries: org.apache.ratis.thirdparty.io.grpc.StatusRuntimeException: UNAVAILABLE: io exception
2020-05-27 19:32:56,776 [grpc-default-executor-0] INFO  impl.FollowerInfo (FollowerInfo.java:lambda$new$0(50)) - f8fa1989-8a4e-41f2-9266-8404362eecef@group-EDFBBF01C07B->43a73f06-de32-4f2e-9dfd-3dbd6ac88803: nextIndex: updateUnconditionally 5 -> 4
2020-05-27 19:32:57,179 [Listener at 127.0.0.1/45217] WARN  io.KeyOutputStream (KeyOutputStream.java:handleException(298)) - Encountered exception java.io.IOException: Unexpected Storage Container Exception: java.util.concurrent.CompletionException: java.util.concurrent.CompletionException: org.apache.ratis.protocol.RaftRetryFailureException: Failed RaftClientRequest:client-E6EAFE1EF345->7d59b1d8-9c1a-4986-8068-ccaafcba6925@group-EDFBBF01C07B, cid=25, seq=2*, RW, cmdType: WriteChunk
traceID: ""
containerID: 2
datanodeUuid: "7d59b1d8-9c1a-4986-8068-ccaafcba6925"
writeChunk {
  blockID {
    containerID: 2
    localID: 104242082220212226
    blockCommitSequenceId: 0
  }
  chunkData {
    chunkName: "104242082220212226_chunk_1"
    offset: 0
    len: 1048576
    checksumData {
      type: CRC32
      bytesPerChecksum: 1048576
      checksums: "\374L_\263"
    }
  }
}
, data.size=1048576 for 10 attempts with RetryLimited(maxAttempts=10, sleepTime=1000ms) on the pipeline Pipeline[ Id: b243c757-4de3-4a1e-8241-edfbbf01c07b, Nodes: 7d59b1d8-9c1a-4986-8068-ccaafcba6925{ip: 172.17.0.2, host: 97d0c8b5f382, networkLocation: /rack1, certSerialId: null}43a73f06-de32-4f2e-9dfd-3dbd6ac88803{ip: 172.17.0.2, host: 97d0c8b5f382, networkLocation: /rack1, certSerialId: null}f8fa1989-8a4e-41f2-9266-8404362eecef{ip: 172.17.0.2, host: 97d0c8b5f382, networkLocation: /rack1, certSerialId: null}, Type:RATIS, Factor:THREE, State:OPEN, leaderId:f8fa1989-8a4e-41f2-9266-8404362eecef, CreationTimestamp2020-05-27T19:32:06.476Z]. The last committed block length is 0, uncommitted data length is 2097152 retry count 1
2020-05-27 19:32:57,179 [Listener at 127.0.0.1/45217] INFO  io.BlockOutputStreamEntryPool (BlockOutputStreamEntryPool.java:allocateNewBlock(284)) - Allocating block with ExcludeList {datanodes = [], containerIds = [#1], pipelineIds = [PipelineID=b243c757-4de3-4a1e-8241-edfbbf01c07b]}
2020-05-27 19:32:57,278 [grpc-default-executor-4] WARN  server.GrpcLogAppender (LogUtils.java:warn(122)) - f8fa1989-8a4e-41f2-9266-8404362eecef@group-EDFBBF01C07B->7d59b1d8-9c1a-4986-8068-ccaafcba6925-AppendLogResponseHandler: Failed appendEntries: org.apache.ratis.thirdparty.io.grpc.StatusRuntimeException: UNAVAILABLE: io exception
2020-05-27 19:32:57,301 [grpc-default-executor-4] INFO  impl.FollowerInfo (FollowerInfo.java:lambda$new$0(50)) - f8fa1989-8a4e-41f2-9266-8404362eecef@group-EDFBBF01C07B->7d59b1d8-9c1a-4986-8068-ccaafcba6925: nextIndex: updateUnconditionally 6 -> 5
2020-05-27 19:32:57,278 [grpc-default-executor-6] WARN  server.GrpcLogAppender (LogUtils.java:warn(122)) - f8fa1989-8a4e-41f2-9266-8404362eecef@group-EDFBBF01C07B->43a73f06-de32-4f2e-9dfd-3dbd6ac88803-AppendLogResponseHandler: Failed appendEntries: org.apache.ratis.thirdparty.io.grpc.StatusRuntimeException: UNAVAILABLE: io exception
2020-05-27 19:32:57,302 [grpc-default-executor-6] INFO  impl.FollowerInfo (FollowerInfo.java:lambda$new$0(50)) - f8fa1989-8a4e-41f2-9266-8404362eecef@group-EDFBBF01C07B->43a73f06-de32-4f2e-9dfd-3dbd6ac88803: nextIndex: updateUnconditionally 5 -> 4
2020-05-27 19:32:57,356 [Listener at 127.0.0.1/45217] INFO  ozone.MiniOzoneClusterImpl (MiniOzoneClusterImpl.java:shutdown(387)) - Shutting down the Mini Ozone Cluster
2020-05-27 19:32:57,356 [Listener at 127.0.0.1/45217] INFO  ozone.MiniOzoneClusterImpl (MiniOzoneClusterImpl.java:stop(402)) - Stopping the Mini Ozone Cluster
2020-05-27 19:32:57,356 [Listener at 127.0.0.1/45217] INFO  ozone.MiniOzoneClusterImpl (MiniOzoneClusterImpl.java:stopOM(484)) - Stopping the OzoneManager
2020-05-27 19:32:57,356 [Listener at 127.0.0.1/45217] INFO  ipc.Server (Server.java:stop(3359)) - Stopping server on 45217
2020-05-27 19:32:57,358 [IPC Server listener on 0] INFO  ipc.Server (Server.java:run(1330)) - Stopping IPC Server listener on 0
2020-05-27 19:32:57,359 [IPC Server Responder] INFO  ipc.Server (Server.java:run(1465)) - Stopping IPC Server Responder
2020-05-27 19:32:57,359 [Listener at 127.0.0.1/45217] INFO  ratis.OzoneManagerDoubleBuffer (OzoneManagerDoubleBuffer.java:stop(343)) - Stopping OMDoubleBuffer flush thread
2020-05-27 19:32:57,360 [OMDoubleBufferFlushThread] INFO  ratis.OzoneManagerDoubleBuffer (OzoneManagerDoubleBuffer.java:flushTransactions(275)) - OMDoubleBuffer flush thread OMDoubleBufferFlushThread is interrupted and will exit. OMDoubleBufferFlushThread
2020-05-27 19:32:57,360 [Listener at 127.0.0.1/45217] INFO  utils.BackgroundService (BackgroundService.java:shutdown(157)) - Shutting down service KeyDeletingService
2020-05-27 19:32:57,361 [Listener at 127.0.0.1/45217] INFO  handler.ContextHandler (ContextHandler.java:doStop(1016)) - Stopped o.e.j.w.WebAppContext@1d6a22dd{ozoneManager,/,null,UNAVAILABLE}{file:/github/workspace/mnt/ozone/hadoop-ozone/integration-test/target/test-classes/webapps/ozoneManager}
2020-05-27 19:32:57,361 [Listener at 127.0.0.1/45217] INFO  server.AbstractConnector (AbstractConnector.java:doStop(380)) - Stopped ServerConnector@571c2ed8{HTTP/1.1,[http/1.1]}{0.0.0.0:0}
2020-05-27 19:32:57,362 [Listener at 127.0.0.1/45217] INFO  server.session (HouseKeeper.java:stopScavenging(158)) - node0 Stopped scavenging
2020-05-27 19:32:57,362 [Listener at 127.0.0.1/45217] INFO  handler.ContextHandler (ContextHandler.java:doStop(1016)) - Stopped o.e.j.s.ServletContextHandler@7d43f1c9{static,/static,file:///github/workspace/mnt/ozone/hadoop-ozone/integration-test/target/test-classes/webapps/static,UNAVAILABLE}
2020-05-27 19:32:57,362 [Listener at 127.0.0.1/45217] INFO  handler.ContextHandler (ContextHandler.java:doStop(1016)) - Stopped o.e.j.s.ServletContextHandler@3ec62141{logs,/logs,file:///github/workspace/mnt/ozone/hadoop-ozone/integration-test/target/log,UNAVAILABLE}
2020-05-27 19:32:57,364 [Listener at 127.0.0.1/45217] INFO  ozone.MiniOzoneClusterImpl (MiniOzoneClusterImpl.java:stopDatanodes(461)) - Stopping the HddsDatanodes
2020-05-27 19:32:57,777 [grpc-default-executor-7] WARN  server.GrpcLogAppender (LogUtils.java:warn(122)) - f8fa1989-8a4e-41f2-9266-8404362eecef@group-EDFBBF01C07B->43a73f06-de32-4f2e-9dfd-3dbd6ac88803-AppendLogResponseHandler: Failed appendEntries: org.apache.ratis.thirdparty.io.grpc.StatusRuntimeException: UNAVAILABLE: io exception
2020-05-27 19:32:57,778 [grpc-default-executor-7] INFO  impl.FollowerInfo (FollowerInfo.java:lambda$new$0(50)) - f8fa1989-8a4e-41f2-9266-8404362eecef@group-EDFBBF01C07B->43a73f06-de32-4f2e-9dfd-3dbd6ac88803: nextIndex: updateUnconditionally 5 -> 4
2020-05-27 19:32:57,778 [grpc-default-executor-6] WARN  server.GrpcLogAppender (LogUtils.java:warn(122)) - f8fa1989-8a4e-41f2-9266-8404362eecef@group-EDFBBF01C07B->7d59b1d8-9c1a-4986-8068-ccaafcba6925-AppendLogResponseHandler: Failed appendEntries: org.apache.ratis.thirdparty.io.grpc.StatusRuntimeException: UNAVAILABLE: io exception
2020-05-27 19:32:57,779 [grpc-default-executor-6] INFO  impl.FollowerInfo (FollowerInfo.java:lambda$new$0(50)) - f8fa1989-8a4e-41f2-9266-8404362eecef@group-EDFBBF01C07B->7d59b1d8-9c1a-4986-8068-ccaafcba6925: nextIndex: updateUnconditionally 6 -> 5
2020-05-27 19:32:58,129 [Datanode State Machine Thread - 0] INFO  statemachine.DatanodeStateMachine (DatanodeStateMachine.java:lambda$startDaemon$0(376)) - Ozone container server started.
2020-05-27 19:32:58,271 [Datanode State Machine Thread - 0] INFO  statemachine.DatanodeStateMachine (DatanodeStateMachine.java:lambda$startDaemon$0(376)) - Ozone container server started.
2020-05-27 19:32:58,280 [grpc-default-executor-4] WARN  server.GrpcLogAppender (LogUtils.java:warn(122)) - f8fa1989-8a4e-41f2-9266-8404362eecef@group-EDFBBF01C07B->43a73f06-de32-4f2e-9dfd-3dbd6ac88803-AppendLogResponseHandler: Failed appendEntries: org.apache.ratis.thirdparty.io.grpc.StatusRuntimeException: UNAVAILABLE: io exception
2020-05-27 19:32:58,280 [grpc-default-executor-7] WARN  server.GrpcLogAppender (LogUtils.java:warn(122)) - f8fa1989-8a4e-41f2-9266-8404362eecef@group-EDFBBF01C07B->7d59b1d8-9c1a-4986-8068-ccaafcba6925-AppendLogResponseHandler: Failed appendEntries: org.apache.ratis.thirdparty.io.grpc.StatusRuntimeException: UNAVAILABLE: io exception
2020-05-27 19:32:58,280 [grpc-default-executor-4] INFO  impl.FollowerInfo (FollowerInfo.java:lambda$new$0(50)) - f8fa1989-8a4e-41f2-9266-8404362eecef@group-EDFBBF01C07B->43a73f06-de32-4f2e-9dfd-3dbd6ac88803: nextIndex: updateUnconditionally 5 -> 4
2020-05-27 19:32:58,280 [grpc-default-executor-7] INFO  impl.FollowerInfo (FollowerInfo.java:lambda$new$0(50)) - f8fa1989-8a4e-41f2-9266-8404362eecef@group-EDFBBF01C07B->7d59b1d8-9c1a-4986-8068-ccaafcba6925: nextIndex: updateUnconditionally 6 -> 5
2020-05-27 19:32:58,782 [grpc-default-executor-6] WARN  server.GrpcLogAppender (LogUtils.java:warn(122)) - f8fa1989-8a4e-41f2-9266-8404362eecef@group-EDFBBF01C07B->43a73f06-de32-4f2e-9dfd-3dbd6ac88803-AppendLogResponseHandler: Failed appendEntries: org.apache.ratis.thirdparty.io.grpc.StatusRuntimeException: UNAVAILABLE: io exception
2020-05-27 19:32:58,782 [grpc-default-executor-6] INFO  impl.FollowerInfo (FollowerInfo.java:lambda$new$0(50)) - f8fa1989-8a4e-41f2-9266-8404362eecef@group-EDFBBF01C07B->43a73f06-de32-4f2e-9dfd-3dbd6ac88803: nextIndex: updateUnconditionally 5 -> 4
2020-05-27 19:32:58,784 [grpc-default-executor-7] WARN  server.GrpcLogAppender (LogUtils.java:warn(122)) - f8fa1989-8a4e-41f2-9266-8404362eecef@group-EDFBBF01C07B->7d59b1d8-9c1a-4986-8068-ccaafcba6925-AppendLogResponseHandler: Failed appendEntries: org.apache.ratis.thirdparty.io.grpc.StatusRuntimeException: UNAVAILABLE: io exception
2020-05-27 19:32:58,784 [grpc-default-executor-7] INFO  impl.FollowerInfo (FollowerInfo.java:lambda$new$0(50)) - f8fa1989-8a4e-41f2-9266-8404362eecef@group-EDFBBF01C07B->7d59b1d8-9c1a-4986-8068-ccaafcba6925: nextIndex: updateUnconditionally 6 -> 5
2020-05-27 19:32:59,283 [grpc-default-executor-4] WARN  server.GrpcLogAppender (LogUtils.java:warn(122)) - f8fa1989-8a4e-41f2-9266-8404362eecef@group-EDFBBF01C07B->43a73f06-de32-4f2e-9dfd-3dbd6ac88803-AppendLogResponseHandler: Failed appendEntries: org.apache.ratis.thirdparty.io.grpc.StatusRuntimeException: UNAVAILABLE: io exception
2020-05-27 19:32:59,283 [grpc-default-executor-4] INFO  impl.FollowerInfo (FollowerInfo.java:lambda$new$0(50)) - f8fa1989-8a4e-41f2-9266-8404362eecef@group-EDFBBF01C07B->43a73f06-de32-4f2e-9dfd-3dbd6ac88803: nextIndex: updateUnconditionally 5 -> 4
2020-05-27 19:32:59,284 [grpc-default-executor-7] WARN  server.GrpcLogAppender (LogUtils.java:warn(122)) - f8fa1989-8a4e-41f2-9266-8404362eecef@group-EDFBBF01C07B->7d59b1d8-9c1a-4986-8068-ccaafcba6925-AppendLogResponseHandler: Failed appendEntries: org.apache.ratis.thirdparty.io.grpc.StatusRuntimeException: UNAVAILABLE: io exception
2020-05-27 19:32:59,284 [grpc-default-executor-7] INFO  impl.FollowerInfo (FollowerInfo.java:lambda$new$0(50)) - f8fa1989-8a4e-41f2-9266-8404362eecef@group-EDFBBF01C07B->7d59b1d8-9c1a-4986-8068-ccaafcba6925: nextIndex: updateUnconditionally 6 -> 5
2020-05-27 19:32:59,786 [grpc-default-executor-6] WARN  server.GrpcLogAppender (LogUtils.java:warn(122)) - f8fa1989-8a4e-41f2-9266-8404362eecef@group-EDFBBF01C07B->43a73f06-de32-4f2e-9dfd-3dbd6ac88803-AppendLogResponseHandler: Failed appendEntries: org.apache.ratis.thirdparty.io.grpc.StatusRuntimeException: UNAVAILABLE: io exception
2020-05-27 19:32:59,787 [grpc-default-executor-6] INFO  impl.FollowerInfo (FollowerInfo.java:lambda$new$0(50)) - f8fa1989-8a4e-41f2-9266-8404362eecef@group-EDFBBF01C07B->43a73f06-de32-4f2e-9dfd-3dbd6ac88803: nextIndex: updateUnconditionally 5 -> 4
2020-05-27 19:32:59,787 [grpc-default-executor-4] WARN  server.GrpcLogAppender (LogUtils.java:warn(122)) - f8fa1989-8a4e-41f2-9266-8404362eecef@group-EDFBBF01C07B->7d59b1d8-9c1a-4986-8068-ccaafcba6925-AppendLogResponseHandler: Failed appendEntries: org.apache.ratis.thirdparty.io.grpc.StatusRuntimeException: UNAVAILABLE: io exception
2020-05-27 19:32:59,787 [grpc-default-executor-4] INFO  impl.FollowerInfo (FollowerInfo.java:lambda$new$0(50)) - f8fa1989-8a4e-41f2-9266-8404362eecef@group-EDFBBF01C07B->7d59b1d8-9c1a-4986-8068-ccaafcba6925: nextIndex: updateUnconditionally 6 -> 5
2020-05-27 19:33:00,287 [grpc-default-executor-4] WARN  server.GrpcLogAppender (LogUtils.java:warn(122)) - f8fa1989-8a4e-41f2-9266-8404362eecef@group-EDFBBF01C07B->43a73f06-de32-4f2e-9dfd-3dbd6ac88803-AppendLogResponseHandler: Failed appendEntries: org.apache.ratis.thirdparty.io.grpc.StatusRuntimeException: UNAVAILABLE: io exception
2020-05-27 19:33:00,287 [grpc-default-executor-4] INFO  impl.FollowerInfo (FollowerInfo.java:lambda$new$0(50)) - f8fa1989-8a4e-41f2-9266-8404362eecef@group-EDFBBF01C07B->43a73f06-de32-4f2e-9dfd-3dbd6ac88803: nextIndex: updateUnconditionally 5 -> 4
2020-05-27 19:33:00,287 [grpc-default-executor-4] WARN  server.GrpcLogAppender (LogUtils.java:warn(122)) - f8fa1989-8a4e-41f2-9266-8404362eecef@group-EDFBBF01C07B->7d59b1d8-9c1a-4986-8068-ccaafcba6925-AppendLogResponseHandler: Failed appendEntries: org.apache.ratis.thirdparty.io.grpc.StatusRuntimeException: UNAVAILABLE: io exception
2020-05-27 19:33:00,288 [grpc-default-executor-4] INFO  impl.FollowerInfo (FollowerInfo.java:lambda$new$0(50)) - f8fa1989-8a4e-41f2-9266-8404362eecef@group-EDFBBF01C07B->7d59b1d8-9c1a-4986-8068-ccaafcba6925: nextIndex: updateUnconditionally 6 -> 5
2020-05-27 19:33:00,789 [grpc-default-executor-6] WARN  server.GrpcLogAppender (LogUtils.java:warn(122)) - f8fa1989-8a4e-41f2-9266-8404362eecef@group-EDFBBF01C07B->7d59b1d8-9c1a-4986-8068-ccaafcba6925-AppendLogResponseHandler: Failed appendEntries: org.apache.ratis.thirdparty.io.grpc.StatusRuntimeException: UNAVAILABLE: io exception
2020-05-27 19:33:00,789 [grpc-default-executor-6] INFO  impl.FollowerInfo (FollowerInfo.java:lambda$new$0(50)) - f8fa1989-8a4e-41f2-9266-8404362eecef@group-EDFBBF01C07B->7d59b1d8-9c1a-4986-8068-ccaafcba6925: nextIndex: updateUnconditionally 6 -> 5
2020-05-27 19:33:00,790 [grpc-default-executor-4] WARN  server.GrpcLogAppender (LogUtils.java:warn(122)) - f8fa1989-8a4e-41f2-9266-8404362eecef@group-EDFBBF01C07B->43a73f06-de32-4f2e-9dfd-3dbd6ac88803-AppendLogResponseHandler: Failed appendEntries: org.apache.ratis.thirdparty.io.grpc.StatusRuntimeException: UNAVAILABLE: io exception
2020-05-27 19:33:00,790 [grpc-default-executor-4] INFO  impl.FollowerInfo (FollowerInfo.java:lambda$new$0(50)) - f8fa1989-8a4e-41f2-9266-8404362eecef@group-EDFBBF01C07B->43a73f06-de32-4f2e-9dfd-3dbd6ac88803: nextIndex: updateUnconditionally 5 -> 4
2020-05-27 19:33:01,291 [grpc-default-executor-7] WARN  server.GrpcLogAppender (LogUtils.java:warn(122)) - f8fa1989-8a4e-41f2-9266-8404362eecef@group-EDFBBF01C07B->7d59b1d8-9c1a-4986-8068-ccaafcba6925-AppendLogResponseHandler: Failed appendEntries: org.apache.ratis.thirdparty.io.grpc.StatusRuntimeException: UNAVAILABLE: io exception
2020-05-27 19:33:01,292 [grpc-default-executor-7] INFO  impl.FollowerInfo (FollowerInfo.java:lambda$new$0(50)) - f8fa1989-8a4e-41f2-9266-8404362eecef@group-EDFBBF01C07B->7d59b1d8-9c1a-4986-8068-ccaafcba6925: nextIndex: updateUnconditionally 6 -> 5
2020-05-27 19:33:01,292 [grpc-default-executor-0] WARN  server.GrpcLogAppender (LogUtils.java:warn(122)) - f8fa1989-8a4e-41f2-9266-8404362eecef@group-EDFBBF01C07B->43a73f06-de32-4f2e-9dfd-3dbd6ac88803-AppendLogResponseHandler: Failed appendEntries: org.apache.ratis.thirdparty.io.grpc.StatusRuntimeException: UNAVAILABLE: io exception
2020-05-27 19:33:01,292 [grpc-default-executor-0] INFO  impl.FollowerInfo (FollowerInfo.java:lambda$new$0(50)) - f8fa1989-8a4e-41f2-9266-8404362eecef@group-EDFBBF01C07B->43a73f06-de32-4f2e-9dfd-3dbd6ac88803: nextIndex: updateUnconditionally 5 -> 4
2020-05-27 19:33:01,793 [grpc-default-executor-4] WARN  server.GrpcLogAppender (LogUtils.java:warn(122)) - f8fa1989-8a4e-41f2-9266-8404362eecef@group-EDFBBF01C07B->43a73f06-de32-4f2e-9dfd-3dbd6ac88803-AppendLogResponseHandler: Failed appendEntries: org.apache.ratis.thirdparty.io.grpc.StatusRuntimeException: UNAVAILABLE: io exception
2020-05-27 19:33:01,794 [grpc-default-executor-4] INFO  impl.FollowerInfo (FollowerInfo.java:lambda$new$0(50)) - f8fa1989-8a4e-41f2-9266-8404362eecef@group-EDFBBF01C07B->43a73f06-de32-4f2e-9dfd-3dbd6ac88803: nextIndex: updateUnconditionally 5 -> 4
2020-05-27 19:33:01,794 [grpc-default-executor-4] WARN  server.GrpcLogAppender (LogUtils.java:warn(122)) - f8fa1989-8a4e-41f2-9266-8404362eecef@group-EDFBBF01C07B->7d59b1d8-9c1a-4986-8068-ccaafcba6925-AppendLogResponseHandler: Failed appendEntries: org.apache.ratis.thirdparty.io.grpc.StatusRuntimeException: UNAVAILABLE: io exception
2020-05-27 19:33:01,794 [grpc-default-executor-4] INFO  impl.FollowerInfo (FollowerInfo.java:lambda$new$0(50)) - f8fa1989-8a4e-41f2-9266-8404362eecef@group-EDFBBF01C07B->7d59b1d8-9c1a-4986-8068-ccaafcba6925: nextIndex: updateUnconditionally 6 -> 5
2020-05-27 19:33:02,296 [grpc-default-executor-0] WARN  server.GrpcLogAppender (LogUtils.java:warn(122)) - f8fa1989-8a4e-41f2-9266-8404362eecef@group-EDFBBF01C07B->43a73f06-de32-4f2e-9dfd-3dbd6ac88803-AppendLogResponseHandler: Failed appendEntries: org.apache.ratis.thirdparty.io.grpc.StatusRuntimeException: UNAVAILABLE: io exception
2020-05-27 19:33:02,297 [grpc-default-executor-0] INFO  impl.FollowerInfo (FollowerInfo.java:lambda$new$0(50)) - f8fa1989-8a4e-41f2-9266-8404362eecef@group-EDFBBF01C07B->43a73f06-de32-4f2e-9dfd-3dbd6ac88803: nextIndex: updateUnconditionally 5 -> 4
2020-05-27 19:33:02,298 [grpc-default-executor-0] WARN  server.GrpcLogAppender (LogUtils.java:warn(122)) - f8fa1989-8a4e-41f2-9266-8404362eecef@group-EDFBBF01C07B->7d59b1d8-9c1a-4986-8068-ccaafcba6925-AppendLogResponseHandler: Failed appendEntries: org.apache.ratis.thirdparty.io.grpc.StatusRuntimeException: UNAVAILABLE: io exception
2020-05-27 19:33:02,298 [grpc-default-executor-0] INFO  impl.FollowerInfo (FollowerInfo.java:lambda$new$0(50)) - f8fa1989-8a4e-41f2-9266-8404362eecef@group-EDFBBF01C07B->7d59b1d8-9c1a-4986-8068-ccaafcba6925: nextIndex: updateUnconditionally 6 -> 5
2020-05-27 19:33:02,365 [ForkJoinPool.commonPool-worker-0] INFO  ozoneimpl.OzoneContainer (OzoneContainer.java:stop(246)) - Attempting to stop container services.
2020-05-27 19:33:02,366 [Listener at 127.0.0.1/45217] INFO  ozoneimpl.OzoneContainer (OzoneContainer.java:stop(246)) - Attempting to stop container services.
2020-05-27 19:33:02,366 [Listener at 127.0.0.1/45217] INFO  impl.RaftServerProxy (RaftServerProxy.java:lambda$close$4(314)) - f8fa1989-8a4e-41f2-9266-8404362eecef: close
2020-05-27 19:33:02,366 [ForkJoinPool.commonPool-worker-0] INFO  impl.RaftServerProxy (RaftServerProxy.java:lambda$close$4(314)) - ca2c986f-4912-4d51-86c7-28829081ffa0: close
2020-05-27 19:33:02,366 [Listener at 127.0.0.1/45217] INFO  impl.RaftServerImpl (RaftServerImpl.java:lambda$shutdown$3(250)) - f8fa1989-8a4e-41f2-9266-8404362eecef@group-EDFBBF01C07B: shutdown
2020-05-27 19:33:02,366 [ForkJoinPool.commonPool-worker-0] INFO  impl.RaftServerImpl (RaftServerImpl.java:lambda$shutdown$3(250)) - ca2c986f-4912-4d51-86c7-28829081ffa0@group-84E8A371D2C6: shutdown
2020-05-27 19:33:02,366 [Listener at 127.0.0.1/45217] INFO  util.JmxRegister (JmxRegister.java:unregister(73)) - Successfully un-registered JMX Bean with object name Ratis:service=RaftServer,group=group-EDFBBF01C07B,id=f8fa1989-8a4e-41f2-9266-8404362eecef
2020-05-27 19:33:02,367 [Listener at 127.0.0.1/45217] INFO  impl.RoleInfo (RoleInfo.java:shutdownLeaderState(104)) - f8fa1989-8a4e-41f2-9266-8404362eecef: shutdown LeaderState
2020-05-27 19:33:02,367 [ForkJoinPool.commonPool-worker-0] INFO  util.JmxRegister (JmxRegister.java:unregister(73)) - Successfully un-registered JMX Bean with object name Ratis:service=RaftServer,group=group-84E8A371D2C6,id=ca2c986f-4912-4d51-86c7-28829081ffa0
2020-05-27 19:33:02,369 [ForkJoinPool.commonPool-worker-0] INFO  impl.RoleInfo (RoleInfo.java:shutdownFollowerState(121)) - ca2c986f-4912-4d51-86c7-28829081ffa0: shutdown FollowerState
2020-05-27 19:33:02,369 [ForkJoinPool.commonPool-worker-0] INFO  impl.StateMachineUpdater (StateMachineUpdater.java:stopAndJoin(142)) - ca2c986f-4912-4d51-86c7-28829081ffa0@group-84E8A371D2C6-StateMachineUpdater: set stopIndex = 6
2020-05-27 19:33:02,369 [Thread-336] INFO  impl.FollowerState (FollowerState.java:run(117)) - ca2c986f-4912-4d51-86c7-28829081ffa0@group-84E8A371D2C6-FollowerState was interrupted: java.lang.InterruptedException: sleep interrupted
2020-05-27 19:33:02,368 [org.apache.ratis.server.impl.LogAppender$AppenderDaemon$$Lambda$438/1007750772@28a0a174] WARN  server.GrpcLogAppender (GrpcLogAppender.java:mayWait(153)) - f8fa1989-8a4e-41f2-9266-8404362eecef@group-EDFBBF01C07B->7d59b1d8-9c1a-4986-8068-ccaafcba6925-GrpcLogAppender: Wait interrupted by java.lang.InterruptedException
2020-05-27 19:33:02,368 [Listener at 127.0.0.1/45217] INFO  impl.PendingRequests (PendingRequests.java:sendNotLeaderResponses(242)) - f8fa1989-8a4e-41f2-9266-8404362eecef@group-EDFBBF01C07B-PendingRequests: sendNotLeaderResponses
2020-05-27 19:33:02,368 [org.apache.ratis.server.impl.LogAppender$AppenderDaemon$$Lambda$438/1007750772@1086110c] WARN  server.GrpcLogAppender (GrpcLogAppender.java:mayWait(153)) - f8fa1989-8a4e-41f2-9266-8404362eecef@group-EDFBBF01C07B->43a73f06-de32-4f2e-9dfd-3dbd6ac88803-GrpcLogAppender: Wait interrupted by java.lang.InterruptedException
2020-05-27 19:33:02,369 [ca2c986f-4912-4d51-86c7-28829081ffa0@group-84E8A371D2C6-StateMachineUpdater] INFO  ratis.ContainerStateMachine (ContainerStateMachine.java:takeSnapshot(288)) - group-84E8A371D2C6: Taking a snapshot at:(t:1, i:6) file /github/workspace/mnt/ozone/hadoop-ozone/integration-test/target/test-dir/MiniOzoneClusterImpl-f0010636-4b6e-4820-a6ed-9dd9125fe66b/datanode-2/data/ratis/536519cf-b774-478c-afba-84e8a371d2c6/sm/snapshot.1_6
2020-05-27 19:33:02,371 [ca2c986f-4912-4d51-86c7-28829081ffa0@group-84E8A371D2C6-StateMachineUpdater] INFO  ratis.ContainerStateMachine (ContainerStateMachine.java:takeSnapshot(299)) - group-84E8A371D2C6: Finished taking a snapshot at:(t:1, i:6) file:/github/workspace/mnt/ozone/hadoop-ozone/integration-test/target/test-dir/MiniOzoneClusterImpl-f0010636-4b6e-4820-a6ed-9dd9125fe66b/datanode-2/data/ratis/536519cf-b774-478c-afba-84e8a371d2c6/sm/snapshot.1_6 time:3
2020-05-27 19:33:02,372 [ca2c986f-4912-4d51-86c7-28829081ffa0@group-84E8A371D2C6-StateMachineUpdater] INFO  impl.StateMachineUpdater (StateMachineUpdater.java:takeSnapshot(277)) - ca2c986f-4912-4d51-86c7-28829081ffa0@group-84E8A371D2C6-StateMachineUpdater: Took a snapshot at index 6
2020-05-27 19:33:02,372 [ca2c986f-4912-4d51-86c7-28829081ffa0@group-84E8A371D2C6-StateMachineUpdater] INFO  impl.StateMachineUpdater (StateMachineUpdater.java:lambda$new$0(87)) - ca2c986f-4912-4d51-86c7-28829081ffa0@group-84E8A371D2C6-StateMachineUpdater: snapshotIndex: updateIncreasingly -1 -> 6
2020-05-27 19:33:02,374 [ca2c986f-4912-4d51-86c7-28829081ffa0@group-84E8A371D2C6-StateMachineUpdater] INFO  metrics.RatisMetrics (RatisMetrics.java:unregister(46)) - Unregistering Metrics Registry : ratis.state_machine.ca2c986f-4912-4d51-86c7-28829081ffa0@group-84E8A371D2C6
2020-05-27 19:33:02,374 [Listener at 127.0.0.1/45217] INFO  metrics.RatisMetrics (RatisMetrics.java:unregister(46)) - Unregistering Metrics Registry : ratis.log_appender.f8fa1989-8a4e-41f2-9266-8404362eecef@group-EDFBBF01C07B
2020-05-27 19:33:02,374 [Listener at 127.0.0.1/45217] INFO  impl.StateMachineUpdater (StateMachineUpdater.java:stopAndJoin(142)) - f8fa1989-8a4e-41f2-9266-8404362eecef@group-EDFBBF01C07B-StateMachineUpdater: set stopIndex = 5
2020-05-27 19:33:02,375 [ForkJoinPool.commonPool-worker-0] INFO  impl.RaftServerImpl (ServerState.java:close(387)) - ca2c986f-4912-4d51-86c7-28829081ffa0@group-84E8A371D2C6: closes. applyIndex: 6
2020-05-27 19:33:02,375 [f8fa1989-8a4e-41f2-9266-8404362eecef@group-EDFBBF01C07B-StateMachineUpdater] INFO  ratis.ContainerStateMachine (ContainerStateMachine.java:takeSnapshot(288)) - group-EDFBBF01C07B: Taking a snapshot at:(t:4, i:5) file /github/workspace/mnt/ozone/hadoop-ozone/integration-test/target/test-dir/MiniOzoneClusterImpl-f0010636-4b6e-4820-a6ed-9dd9125fe66b/datanode-5/data/ratis/b243c757-4de3-4a1e-8241-edfbbf01c07b/sm/snapshot.4_5
2020-05-27 19:33:02,376 [ca2c986f-4912-4d51-86c7-28829081ffa0@group-84E8A371D2C6-SegmentedRaftLogWorker] INFO  segmented.SegmentedRaftLogWorker (SegmentedRaftLogWorker.java:run(321)) - ca2c986f-4912-4d51-86c7-28829081ffa0@group-84E8A371D2C6-SegmentedRaftLogWorker was interrupted, exiting. There are 0 tasks remaining in the queue.
2020-05-27 19:33:02,377 [ForkJoinPool.commonPool-worker-0] INFO  segmented.SegmentedRaftLogWorker (SegmentedRaftLogWorker.java:close(229)) - ca2c986f-4912-4d51-86c7-28829081ffa0@group-84E8A371D2C6-SegmentedRaftLogWorker close()
2020-05-27 19:33:02,378 [ForkJoinPool.commonPool-worker-0] INFO  metrics.RatisMetrics (RatisMetrics.java:unregister(46)) - Unregistering Metrics Registry : ratis.log_worker.ca2c986f-4912-4d51-86c7-28829081ffa0
2020-05-27 19:33:02,378 [ForkJoinPool.commonPool-worker-0] INFO  metrics.RatisMetrics (RatisMetrics.java:unregister(46)) - Unregistering Metrics Registry : ratis.leader_election.ca2c986f-4912-4d51-86c7-28829081ffa0@group-84E8A371D2C6
2020-05-27 19:33:02,378 [ForkJoinPool.commonPool-worker-0] INFO  metrics.RatisMetrics (RatisMetrics.java:unregister(46)) - Unregistering Metrics Registry : ratis.server.ca2c986f-4912-4d51-86c7-28829081ffa0@group-84E8A371D2C6
2020-05-27 19:33:02,378 [ForkJoinPool.commonPool-worker-0] INFO  impl.RaftServerImpl (RaftServerImpl.java:lambda$shutdown$3(250)) - ca2c986f-4912-4d51-86c7-28829081ffa0@group-CA1C0F714B29: shutdown
2020-05-27 19:33:02,378 [ForkJoinPool.commonPool-worker-0] INFO  util.JmxRegister (JmxRegister.java:unregister(73)) - Successfully un-registered JMX Bean with object name Ratis:service=RaftServer,group=group-CA1C0F714B29,id=ca2c986f-4912-4d51-86c7-28829081ffa0
2020-05-27 19:33:02,378 [ForkJoinPool.commonPool-worker-0] INFO  impl.RoleInfo (RoleInfo.java:shutdownLeaderState(104)) - ca2c986f-4912-4d51-86c7-28829081ffa0: shutdown LeaderState
2020-05-27 19:33:02,379 [ForkJoinPool.commonPool-worker-0] INFO  impl.PendingRequests (PendingRequests.java:sendNotLeaderResponses(242)) - ca2c986f-4912-4d51-86c7-28829081ffa0@group-CA1C0F714B29-PendingRequests: sendNotLeaderResponses
2020-05-27 19:33:02,379 [ForkJoinPool.commonPool-worker-0] INFO  metrics.RatisMetrics (RatisMetrics.java:unregister(46)) - Unregistering Metrics Registry : ratis.log_appender.ca2c986f-4912-4d51-86c7-28829081ffa0@group-CA1C0F714B29
2020-05-27 19:33:02,379 [ForkJoinPool.commonPool-worker-0] INFO  impl.StateMachineUpdater (StateMachineUpdater.java:stopAndJoin(142)) - ca2c986f-4912-4d51-86c7-28829081ffa0@group-CA1C0F714B29-StateMachineUpdater: set stopIndex = 0
2020-05-27 19:33:02,380 [ca2c986f-4912-4d51-86c7-28829081ffa0@group-CA1C0F714B29-StateMachineUpdater] INFO  ratis.ContainerStateMachine (ContainerStateMachine.java:takeSnapshot(288)) - group-CA1C0F714B29: Taking a snapshot at:(t:1, i:0) file /github/workspace/mnt/ozone/hadoop-ozone/integration-test/target/test-dir/MiniOzoneClusterImpl-f0010636-4b6e-4820-a6ed-9dd9125fe66b/datanode-2/data/ratis/b55256d3-e68c-43b5-9a71-ca1c0f714b29/sm/snapshot.1_0
2020-05-27 19:33:02,380 [ca2c986f-4912-4d51-86c7-28829081ffa0@group-CA1C0F714B29-StateMachineUpdater] INFO  ratis.ContainerStateMachine (ContainerStateMachine.java:takeSnapshot(299)) - group-CA1C0F714B29: Finished taking a snapshot at:(t:1, i:0) file:/github/workspace/mnt/ozone/hadoop-ozone/integration-test/target/test-dir/MiniOzoneClusterImpl-f0010636-4b6e-4820-a6ed-9dd9125fe66b/datanode-2/data/ratis/b55256d3-e68c-43b5-9a71-ca1c0f714b29/sm/snapshot.1_0 time:1
2020-05-27 19:33:02,381 [ca2c986f-4912-4d51-86c7-28829081ffa0@group-CA1C0F714B29-StateMachineUpdater] INFO  impl.StateMachineUpdater (StateMachineUpdater.java:takeSnapshot(277)) - ca2c986f-4912-4d51-86c7-28829081ffa0@group-CA1C0F714B29-StateMachineUpdater: Took a snapshot at index 0
2020-05-27 19:33:02,381 [ca2c986f-4912-4d51-86c7-28829081ffa0@group-CA1C0F714B29-StateMachineUpdater] INFO  impl.StateMachineUpdater (StateMachineUpdater.java:lambda$new$0(87)) - ca2c986f-4912-4d51-86c7-28829081ffa0@group-CA1C0F714B29-StateMachineUpdater: snapshotIndex: updateIncreasingly -1 -> 0
2020-05-27 19:33:02,381 [ca2c986f-4912-4d51-86c7-28829081ffa0@group-CA1C0F714B29-StateMachineUpdater] INFO  metrics.RatisMetrics (RatisMetrics.java:unregister(46)) - Unregistering Metrics Registry : ratis.state_machine.ca2c986f-4912-4d51-86c7-28829081ffa0@group-CA1C0F714B29
2020-05-27 19:33:02,381 [ForkJoinPool.commonPool-worker-0] INFO  impl.RaftServerImpl (ServerState.java:close(387)) - ca2c986f-4912-4d51-86c7-28829081ffa0@group-CA1C0F714B29: closes. applyIndex: 0
2020-05-27 19:33:02,381 [ca2c986f-4912-4d51-86c7-28829081ffa0@group-CA1C0F714B29-SegmentedRaftLogWorker] INFO  segmented.SegmentedRaftLogWorker (SegmentedRaftLogWorker.java:run(321)) - ca2c986f-4912-4d51-86c7-28829081ffa0@group-CA1C0F714B29-SegmentedRaftLogWorker was interrupted, exiting. There are 0 tasks remaining in the queue.
2020-05-27 19:33:02,382 [ForkJoinPool.commonPool-worker-0] INFO  segmented.SegmentedRaftLogWorker (SegmentedRaftLogWorker.java:close(229)) - ca2c986f-4912-4d51-86c7-28829081ffa0@group-CA1C0F714B29-SegmentedRaftLogWorker close()
2020-05-27 19:33:02,384 [ForkJoinPool.commonPool-worker-0] INFO  metrics.RatisMetrics (RatisMetrics.java:unregister(46)) - Unregistering Metrics Registry : ratis.log_worker.ca2c986f-4912-4d51-86c7-28829081ffa0
2020-05-27 19:33:02,384 [ForkJoinPool.commonPool-worker-0] INFO  metrics.RatisMetrics (RatisMetrics.java:unregister(46)) - Unregistering Metrics Registry : ratis.leader_election.ca2c986f-4912-4d51-86c7-28829081ffa0@group-CA1C0F714B29
2020-05-27 19:33:02,384 [ForkJoinPool.commonPool-worker-0] INFO  metrics.RatisMetrics (RatisMetrics.java:unregister(46)) - Unregistering Metrics Registry : ratis.server.ca2c986f-4912-4d51-86c7-28829081ffa0@group-CA1C0F714B29
2020-05-27 19:33:02,384 [ForkJoinPool.commonPool-worker-0] INFO  server.GrpcService (GrpcService.java:closeImpl(165)) - ca2c986f-4912-4d51-86c7-28829081ffa0: shutdown server with port 37767 now
2020-05-27 19:33:02,387 [grpc-default-executor-7] WARN  server.GrpcServerProtocolService (LogUtils.java:warn(122)) - ca2c986f-4912-4d51-86c7-28829081ffa0: installSnapshot onError, lastRequest: 7aed9675-d015-411c-894d-27da46c364a7->ca2c986f-4912-4d51-86c7-28829081ffa0#99-t1, previous=(t:1, i:5), leaderCommit=4, initializing? false, entries: size=1, first=(t:1, i:6), METADATAENTRY(c:4): org.apache.ratis.thirdparty.io.grpc.StatusRuntimeException: CANCELLED: cancelled before receiving half close
2020-05-27 19:33:02,388 [grpc-default-executor-7] WARN  server.GrpcLogAppender (LogUtils.java:warn(122)) - 7aed9675-d015-411c-894d-27da46c364a7@group-84E8A371D2C6->ca2c986f-4912-4d51-86c7-28829081ffa0-AppendLogResponseHandler: Failed appendEntries: org.apache.ratis.thirdparty.io.grpc.StatusRuntimeException: CANCELLED: HTTP/2 error code: CANCEL
Received Rst Stream
2020-05-27 19:33:02,389 [grpc-default-executor-7] INFO  impl.FollowerInfo (FollowerInfo.java:lambda$new$0(50)) - 7aed9675-d015-411c-894d-27da46c364a7@group-84E8A371D2C6->ca2c986f-4912-4d51-86c7-28829081ffa0: nextIndex: updateUnconditionally 7 -> 6
2020-05-27 19:33:02,389 [ForkJoinPool.commonPool-worker-0] INFO  server.GrpcService (GrpcService.java:closeImpl(173)) - ca2c986f-4912-4d51-86c7-28829081ffa0: shutdown server with port 37767 successfully
2020-05-27 19:33:02,390 [f8fa1989-8a4e-41f2-9266-8404362eecef@group-EDFBBF01C07B-StateMachineUpdater] INFO  ratis.ContainerStateMachine (ContainerStateMachine.java:takeSnapshot(299)) - group-EDFBBF01C07B: Finished taking a snapshot at:(t:4, i:5) file:/github/workspace/mnt/ozone/hadoop-ozone/integration-test/target/test-dir/MiniOzoneClusterImpl-f0010636-4b6e-4820-a6ed-9dd9125fe66b/datanode-5/data/ratis/b243c757-4de3-4a1e-8241-edfbbf01c07b/sm/snapshot.4_5 time:15
2020-05-27 19:33:02,390 [f8fa1989-8a4e-41f2-9266-8404362eecef@group-EDFBBF01C07B-StateMachineUpdater] INFO  impl.StateMachineUpdater (StateMachineUpdater.java:takeSnapshot(277)) - f8fa1989-8a4e-41f2-9266-8404362eecef@group-EDFBBF01C07B-StateMachineUpdater: Took a snapshot at index 5
2020-05-27 19:33:02,390 [f8fa1989-8a4e-41f2-9266-8404362eecef@group-EDFBBF01C07B-StateMachineUpdater] INFO  impl.StateMachineUpdater (StateMachineUpdater.java:lambda$new$0(87)) - f8fa1989-8a4e-41f2-9266-8404362eecef@group-EDFBBF01C07B-StateMachineUpdater: snapshotIndex: updateIncreasingly -1 -> 5
2020-05-27 19:33:02,390 [f8fa1989-8a4e-41f2-9266-8404362eecef@group-EDFBBF01C07B-StateMachineUpdater] INFO  metrics.RatisMetrics (RatisMetrics.java:unregister(46)) - Unregistering Metrics Registry : ratis.state_machine.f8fa1989-8a4e-41f2-9266-8404362eecef@group-EDFBBF01C07B
2020-05-27 19:33:02,390 [Listener at 127.0.0.1/45217] INFO  impl.RaftServerImpl (ServerState.java:close(387)) - f8fa1989-8a4e-41f2-9266-8404362eecef@group-EDFBBF01C07B: closes. applyIndex: 5
2020-05-27 19:33:02,391 [f8fa1989-8a4e-41f2-9266-8404362eecef@group-EDFBBF01C07B-SegmentedRaftLogWorker] INFO  segmented.SegmentedRaftLogWorker (SegmentedRaftLogWorker.java:run(321)) - f8fa1989-8a4e-41f2-9266-8404362eecef@group-EDFBBF01C07B-SegmentedRaftLogWorker was interrupted, exiting. There are 0 tasks remaining in the queue.
2020-05-27 19:33:02,394 [Listener at 127.0.0.1/45217] INFO  segmented.SegmentedRaftLogWorker (SegmentedRaftLogWorker.java:close(229)) - f8fa1989-8a4e-41f2-9266-8404362eecef@group-EDFBBF01C07B-SegmentedRaftLogWorker close()
2020-05-27 19:33:02,394 [ForkJoinPool.commonPool-worker-0] INFO  utils.BackgroundService (BackgroundService.java:shutdown(157)) - Shutting down service BlockDeletingService
2020-05-27 19:33:02,396 [Listener at 127.0.0.1/45217] INFO  metrics.RatisMetrics (RatisMetrics.java:unregister(46)) - Unregistering Metrics Registry : ratis.log_worker.f8fa1989-8a4e-41f2-9266-8404362eecef
2020-05-27 19:33:02,396 [Listener at 127.0.0.1/45217] INFO  metrics.RatisMetrics (RatisMetrics.java:unregister(46)) - Unregistering Metrics Registry : ratis.leader_election.f8fa1989-8a4e-41f2-9266-8404362eecef@group-EDFBBF01C07B
2020-05-27 19:33:02,396 [Listener at 127.0.0.1/45217] INFO  metrics.RatisMetrics (RatisMetrics.java:unregister(46)) - Unregistering Metrics Registry : ratis.server.f8fa1989-8a4e-41f2-9266-8404362eecef@group-EDFBBF01C07B
2020-05-27 19:33:02,396 [Listener at 127.0.0.1/45217] INFO  impl.RaftServerImpl (RaftServerImpl.java:lambda$shutdown$3(250)) - f8fa1989-8a4e-41f2-9266-8404362eecef@group-004F80CFAD86: shutdown
2020-05-27 19:33:02,397 [Listener at 127.0.0.1/45217] INFO  util.JmxRegister (JmxRegister.java:unregister(73)) - Successfully un-registered JMX Bean with object name Ratis:service=RaftServer,group=group-004F80CFAD86,id=f8fa1989-8a4e-41f2-9266-8404362eecef
2020-05-27 19:33:02,397 [Listener at 127.0.0.1/45217] INFO  impl.RoleInfo (RoleInfo.java:shutdownLeaderState(104)) - f8fa1989-8a4e-41f2-9266-8404362eecef: shutdown LeaderState
2020-05-27 19:33:02,397 [Listener at 127.0.0.1/45217] INFO  impl.PendingRequests (PendingRequests.java:sendNotLeaderResponses(242)) - f8fa1989-8a4e-41f2-9266-8404362eecef@group-004F80CFAD86-PendingRequests: sendNotLeaderResponses
2020-05-27 19:33:02,397 [Listener at 127.0.0.1/45217] INFO  metrics.RatisMetrics (RatisMetrics.java:unregister(46)) - Unregistering Metrics Registry : ratis.log_appender.f8fa1989-8a4e-41f2-9266-8404362eecef@group-004F80CFAD86
2020-05-27 19:33:02,397 [Listener at 127.0.0.1/45217] INFO  impl.StateMachineUpdater (StateMachineUpdater.java:stopAndJoin(142)) - f8fa1989-8a4e-41f2-9266-8404362eecef@group-004F80CFAD86-StateMachineUpdater: set stopIndex = 0
2020-05-27 19:33:02,398 [ForkJoinPool.commonPool-worker-0] INFO  statemachine.DatanodeStateMachine (DatanodeStateMachine.java:stopDaemon(424)) - Ozone container server stopped.
2020-05-27 19:33:02,398 [f8fa1989-8a4e-41f2-9266-8404362eecef@group-004F80CFAD86-StateMachineUpdater] INFO  ratis.ContainerStateMachine (ContainerStateMachine.java:takeSnapshot(288)) - group-004F80CFAD86: Taking a snapshot at:(t:1, i:0) file /github/workspace/mnt/ozone/hadoop-ozone/integration-test/target/test-dir/MiniOzoneClusterImpl-f0010636-4b6e-4820-a6ed-9dd9125fe66b/datanode-5/data/ratis/495c6792-a5b8-4647-9a4b-004f80cfad86/sm/snapshot.1_0
2020-05-27 19:33:02,400 [f8fa1989-8a4e-41f2-9266-8404362eecef@group-004F80CFAD86-StateMachineUpdater] INFO  ratis.ContainerStateMachine (ContainerStateMachine.java:takeSnapshot(299)) - group-004F80CFAD86: Finished taking a snapshot at:(t:1, i:0) file:/github/workspace/mnt/ozone/hadoop-ozone/integration-test/target/test-dir/MiniOzoneClusterImpl-f0010636-4b6e-4820-a6ed-9dd9125fe66b/datanode-5/data/ratis/495c6792-a5b8-4647-9a4b-004f80cfad86/sm/snapshot.1_0 time:2
2020-05-27 19:33:02,400 [f8fa1989-8a4e-41f2-9266-8404362eecef@group-004F80CFAD86-StateMachineUpdater] INFO  impl.StateMachineUpdater (StateMachineUpdater.java:takeSnapshot(277)) - f8fa1989-8a4e-41f2-9266-8404362eecef@group-004F80CFAD86-StateMachineUpdater: Took a snapshot at index 0
2020-05-27 19:33:02,400 [f8fa1989-8a4e-41f2-9266-8404362eecef@group-004F80CFAD86-StateMachineUpdater] INFO  impl.StateMachineUpdater (StateMachineUpdater.java:lambda$new$0(87)) - f8fa1989-8a4e-41f2-9266-8404362eecef@group-004F80CFAD86-StateMachineUpdater: snapshotIndex: updateIncreasingly -1 -> 0
2020-05-27 19:33:02,401 [f8fa1989-8a4e-41f2-9266-8404362eecef@group-004F80CFAD86-StateMachineUpdater] INFO  metrics.RatisMetrics (RatisMetrics.java:unregister(46)) - Unregistering Metrics Registry : ratis.state_machine.f8fa1989-8a4e-41f2-9266-8404362eecef@group-004F80CFAD86
2020-05-27 19:33:02,401 [Listener at 127.0.0.1/45217] INFO  impl.RaftServerImpl (ServerState.java:close(387)) - f8fa1989-8a4e-41f2-9266-8404362eecef@group-004F80CFAD86: closes. applyIndex: 0
2020-05-27 19:33:02,401 [f8fa1989-8a4e-41f2-9266-8404362eecef@group-004F80CFAD86-SegmentedRaftLogWorker] INFO  segmented.SegmentedRaftLogWorker (SegmentedRaftLogWorker.java:run(321)) - f8fa1989-8a4e-41f2-9266-8404362eecef@group-004F80CFAD86-SegmentedRaftLogWorker was interrupted, exiting. There are 0 tasks remaining in the queue.
2020-05-27 19:33:02,403 [Listener at 127.0.0.1/45217] INFO  segmented.SegmentedRaftLogWorker (SegmentedRaftLogWorker.java:close(229)) - f8fa1989-8a4e-41f2-9266-8404362eecef@group-004F80CFAD86-SegmentedRaftLogWorker close()
2020-05-27 19:33:02,408 [Listener at 127.0.0.1/45217] INFO  metrics.RatisMetrics (RatisMetrics.java:unregister(46)) - Unregistering Metrics Registry : ratis.log_worker.f8fa1989-8a4e-41f2-9266-8404362eecef
2020-05-27 19:33:02,408 [ForkJoinPool.commonPool-worker-0] INFO  handler.ContextHandler (ContextHandler.java:doStop(1016)) - Stopped o.e.j.w.WebAppContext@1c10eb3a{hddsDatanode,/,null,UNAVAILABLE}{jar:file:/home/user/.m2/repository/org/apache/hadoop/hadoop-hdds-container-service/0.6.0-SNAPSHOT/hadoop-hdds-container-service-0.6.0-SNAPSHOT.jar!/webapps/hddsDatanode}
2020-05-27 19:33:02,409 [Listener at 127.0.0.1/45217] INFO  metrics.RatisMetrics (RatisMetrics.java:unregister(46)) - Unregistering Metrics Registry : ratis.leader_election.f8fa1989-8a4e-41f2-9266-8404362eecef@group-004F80CFAD86
2020-05-27 19:33:02,409 [Listener at 127.0.0.1/45217] INFO  metrics.RatisMetrics (RatisMetrics.java:unregister(46)) - Unregistering Metrics Registry : ratis.server.f8fa1989-8a4e-41f2-9266-8404362eecef@group-004F80CFAD86
2020-05-27 19:33:02,409 [Listener at 127.0.0.1/45217] INFO  server.GrpcService (GrpcService.java:closeImpl(165)) - f8fa1989-8a4e-41f2-9266-8404362eecef: shutdown server with port 34811 now
2020-05-27 19:33:02,411 [Listener at 127.0.0.1/45217] INFO  server.GrpcService (GrpcService.java:closeImpl(173)) - f8fa1989-8a4e-41f2-9266-8404362eecef: shutdown server with port 34811 successfully
2020-05-27 19:33:02,411 [ForkJoinPool.commonPool-worker-0] INFO  server.AbstractConnector (AbstractConnector.java:doStop(380)) - Stopped ServerConnector@b9c8678{HTTP/1.1,[http/1.1]}{0.0.0.0:0}
2020-05-27 19:33:02,411 [Listener at 127.0.0.1/45217] INFO  utils.BackgroundService (BackgroundService.java:shutdown(157)) - Shutting down service BlockDeletingService
2020-05-27 19:33:02,412 [ForkJoinPool.commonPool-worker-0] INFO  server.session (HouseKeeper.java:stopScavenging(158)) - node0 Stopped scavenging
2020-05-27 19:33:02,413 [ForkJoinPool.commonPool-worker-0] INFO  handler.ContextHandler (ContextHandler.java:doStop(1016)) - Stopped o.e.j.s.ServletContextHandler@51f31fad{static,/static,jar:file:/home/user/.m2/repository/org/apache/hadoop/hadoop-hdds-container-service/0.6.0-SNAPSHOT/hadoop-hdds-container-service-0.6.0-SNAPSHOT.jar!/webapps/static,UNAVAILABLE}
2020-05-27 19:33:02,414 [ForkJoinPool.commonPool-worker-0] INFO  handler.ContextHandler (ContextHandler.java:doStop(1016)) - Stopped o.e.j.s.ServletContextHandler@6a495d88{logs,/logs,file:///github/workspace/mnt/ozone/hadoop-ozone/integration-test/target/log,UNAVAILABLE}
2020-05-27 19:33:02,415 [Listener at 127.0.0.1/45217] INFO  statemachine.DatanodeStateMachine (DatanodeStateMachine.java:stopDaemon(424)) - Ozone container server stopped.
2020-05-27 19:33:02,416 [Listener at 127.0.0.1/45217] INFO  handler.ContextHandler (ContextHandler.java:doStop(1016)) - Stopped o.e.j.w.WebAppContext@1f50fe84{hddsDatanode,/,null,UNAVAILABLE}{jar:file:/home/user/.m2/repository/org/apache/hadoop/hadoop-hdds-container-service/0.6.0-SNAPSHOT/hadoop-hdds-container-service-0.6.0-SNAPSHOT.jar!/webapps/hddsDatanode}
2020-05-27 19:33:02,417 [Listener at 127.0.0.1/45217] INFO  server.AbstractConnector (AbstractConnector.java:doStop(380)) - Stopped ServerConnector@72bef795{HTTP/1.1,[http/1.1]}{0.0.0.0:0}
2020-05-27 19:33:02,417 [Listener at 127.0.0.1/45217] INFO  server.session (HouseKeeper.java:stopScavenging(158)) - node0 Stopped scavenging
2020-05-27 19:33:02,418 [Listener at 127.0.0.1/45217] INFO  handler.ContextHandler (ContextHandler.java:doStop(1016)) - Stopped o.e.j.s.ServletContextHandler@6ade4ac6{static,/static,jar:file:/home/user/.m2/repository/org/apache/hadoop/hadoop-hdds-container-service/0.6.0-SNAPSHOT/hadoop-hdds-container-service-0.6.0-SNAPSHOT.jar!/webapps/static,UNAVAILABLE}
2020-05-27 19:33:02,418 [Listener at 127.0.0.1/45217] INFO  handler.ContextHandler (ContextHandler.java:doStop(1016)) - Stopped o.e.j.s.ServletContextHandler@4d6f951a{logs,/logs,file:///github/workspace/mnt/ozone/hadoop-ozone/integration-test/target/log,UNAVAILABLE}
2020-05-27 19:33:02,837 [grpc-default-executor-0] WARN  server.GrpcLogAppender (LogUtils.java:warn(122)) - 7aed9675-d015-411c-894d-27da46c364a7@group-84E8A371D2C6->ca2c986f-4912-4d51-86c7-28829081ffa0-AppendLogResponseHandler: Failed appendEntries: org.apache.ratis.thirdparty.io.grpc.StatusRuntimeException: UNAVAILABLE: io exception
2020-05-27 19:33:02,837 [grpc-default-executor-0] INFO  impl.FollowerInfo (FollowerInfo.java:lambda$new$0(50)) - 7aed9675-d015-411c-894d-27da46c364a7@group-84E8A371D2C6->ca2c986f-4912-4d51-86c7-28829081ffa0: nextIndex: updateUnconditionally 7 -> 6
2020-05-27 19:33:03,157 [Datanode State Machine Thread - 0] INFO  statemachine.DatanodeStateMachine (DatanodeStateMachine.java:lambda$startDaemon$0(376)) - Ozone container server started.
2020-05-27 19:33:03,275 [Datanode State Machine Thread - 0] INFO  statemachine.DatanodeStateMachine (DatanodeStateMachine.java:lambda$startDaemon$0(376)) - Ozone container server started.
2020-05-27 19:33:03,339 [grpc-default-executor-7] WARN  server.GrpcLogAppender (LogUtils.java:warn(122)) - 7aed9675-d015-411c-894d-27da46c364a7@group-84E8A371D2C6->ca2c986f-4912-4d51-86c7-28829081ffa0-AppendLogResponseHandler: Failed appendEntries: org.apache.ratis.thirdparty.io.grpc.StatusRuntimeException: UNAVAILABLE: io exception
2020-05-27 19:33:03,339 [grpc-default-executor-7] INFO  impl.FollowerInfo (FollowerInfo.java:lambda$new$0(50)) - 7aed9675-d015-411c-894d-27da46c364a7@group-84E8A371D2C6->ca2c986f-4912-4d51-86c7-28829081ffa0: nextIndex: updateUnconditionally 7 -> 6
2020-05-27 19:33:03,841 [grpc-default-executor-0] WARN  server.GrpcLogAppender (LogUtils.java:warn(122)) - 7aed9675-d015-411c-894d-27da46c364a7@group-84E8A371D2C6->ca2c986f-4912-4d51-86c7-28829081ffa0-AppendLogResponseHandler: Failed appendEntries: org.apache.ratis.thirdparty.io.grpc.StatusRuntimeException: UNAVAILABLE: io exception
2020-05-27 19:33:03,842 [grpc-default-executor-0] INFO  impl.FollowerInfo (FollowerInfo.java:lambda$new$0(50)) - 7aed9675-d015-411c-894d-27da46c364a7@group-84E8A371D2C6->ca2c986f-4912-4d51-86c7-28829081ffa0: nextIndex: updateUnconditionally 7 -> 6
2020-05-27 19:33:04,343 [grpc-default-executor-7] WARN  server.GrpcLogAppender (LogUtils.java:warn(122)) - 7aed9675-d015-411c-894d-27da46c364a7@group-84E8A371D2C6->ca2c986f-4912-4d51-86c7-28829081ffa0-AppendLogResponseHandler: Failed appendEntries: org.apache.ratis.thirdparty.io.grpc.StatusRuntimeException: UNAVAILABLE: io exception
2020-05-27 19:33:04,344 [grpc-default-executor-7] INFO  impl.FollowerInfo (FollowerInfo.java:lambda$new$0(50)) - 7aed9675-d015-411c-894d-27da46c364a7@group-84E8A371D2C6->ca2c986f-4912-4d51-86c7-28829081ffa0: nextIndex: updateUnconditionally 7 -> 6
2020-05-27 19:33:04,845 [grpc-default-executor-0] WARN  server.GrpcLogAppender (LogUtils.java:warn(122)) - 7aed9675-d015-411c-894d-27da46c364a7@group-84E8A371D2C6->ca2c986f-4912-4d51-86c7-28829081ffa0-AppendLogResponseHandler: Failed appendEntries: org.apache.ratis.thirdparty.io.grpc.StatusRuntimeException: UNAVAILABLE: io exception
2020-05-27 19:33:04,845 [grpc-default-executor-0] INFO  impl.FollowerInfo (FollowerInfo.java:lambda$new$0(50)) - 7aed9675-d015-411c-894d-27da46c364a7@group-84E8A371D2C6->ca2c986f-4912-4d51-86c7-28829081ffa0: nextIndex: updateUnconditionally 7 -> 6
2020-05-27 19:33:05,347 [grpc-default-executor-7] WARN  server.GrpcLogAppender (LogUtils.java:warn(122)) - 7aed9675-d015-411c-894d-27da46c364a7@group-84E8A371D2C6->ca2c986f-4912-4d51-86c7-28829081ffa0-AppendLogResponseHandler: Failed appendEntries: org.apache.ratis.thirdparty.io.grpc.StatusRuntimeException: UNAVAILABLE: io exception
2020-05-27 19:33:05,348 [grpc-default-executor-7] INFO  impl.FollowerInfo (FollowerInfo.java:lambda$new$0(50)) - 7aed9675-d015-411c-894d-27da46c364a7@group-84E8A371D2C6->ca2c986f-4912-4d51-86c7-28829081ffa0: nextIndex: updateUnconditionally 7 -> 6
2020-05-27 19:33:05,849 [grpc-default-executor-0] WARN  server.GrpcLogAppender (LogUtils.java:warn(122)) - 7aed9675-d015-411c-894d-27da46c364a7@group-84E8A371D2C6->ca2c986f-4912-4d51-86c7-28829081ffa0-AppendLogResponseHandler: Failed appendEntries: org.apache.ratis.thirdparty.io.grpc.StatusRuntimeException: UNAVAILABLE: io exception
2020-05-27 19:33:05,849 [grpc-default-executor-0] INFO  impl.FollowerInfo (FollowerInfo.java:lambda$new$0(50)) - 7aed9675-d015-411c-894d-27da46c364a7@group-84E8A371D2C6->ca2c986f-4912-4d51-86c7-28829081ffa0: nextIndex: updateUnconditionally 7 -> 6
2020-05-27 19:33:06,351 [grpc-default-executor-7] WARN  server.GrpcLogAppender (LogUtils.java:warn(122)) - 7aed9675-d015-411c-894d-27da46c364a7@group-84E8A371D2C6->ca2c986f-4912-4d51-86c7-28829081ffa0-AppendLogResponseHandler: Failed appendEntries: org.apache.ratis.thirdparty.io.grpc.StatusRuntimeException: UNAVAILABLE: io exception
2020-05-27 19:33:06,351 [grpc-default-executor-7] INFO  impl.FollowerInfo (FollowerInfo.java:lambda$new$0(50)) - 7aed9675-d015-411c-894d-27da46c364a7@group-84E8A371D2C6->ca2c986f-4912-4d51-86c7-28829081ffa0: nextIndex: updateUnconditionally 7 -> 6
2020-05-27 19:33:06,853 [grpc-default-executor-0] WARN  server.GrpcLogAppender (LogUtils.java:warn(122)) - 7aed9675-d015-411c-894d-27da46c364a7@group-84E8A371D2C6->ca2c986f-4912-4d51-86c7-28829081ffa0-AppendLogResponseHandler: Failed appendEntries: org.apache.ratis.thirdparty.io.grpc.StatusRuntimeException: UNAVAILABLE: io exception
2020-05-27 19:33:06,853 [grpc-default-executor-0] INFO  impl.FollowerInfo (FollowerInfo.java:lambda$new$0(50)) - 7aed9675-d015-411c-894d-27da46c364a7@group-84E8A371D2C6->ca2c986f-4912-4d51-86c7-28829081ffa0: nextIndex: updateUnconditionally 7 -> 6
2020-05-27 19:33:07,355 [grpc-default-executor-7] WARN  server.GrpcLogAppender (LogUtils.java:warn(122)) - 7aed9675-d015-411c-894d-27da46c364a7@group-84E8A371D2C6->ca2c986f-4912-4d51-86c7-28829081ffa0-AppendLogResponseHandler: Failed appendEntries: org.apache.ratis.thirdparty.io.grpc.StatusRuntimeException: UNAVAILABLE: io exception
2020-05-27 19:33:07,355 [grpc-default-executor-7] INFO  impl.FollowerInfo (FollowerInfo.java:lambda$new$0(50)) - 7aed9675-d015-411c-894d-27da46c364a7@group-84E8A371D2C6->ca2c986f-4912-4d51-86c7-28829081ffa0: nextIndex: updateUnconditionally 7 -> 6
2020-05-27 19:33:07,417 [ForkJoinPool.commonPool-worker-0] INFO  ozoneimpl.OzoneContainer (OzoneContainer.java:stop(246)) - Attempting to stop container services.
2020-05-27 19:33:07,417 [ForkJoinPool.commonPool-worker-0] INFO  impl.RaftServerProxy (RaftServerProxy.java:lambda$close$4(314)) - 7aed9675-d015-411c-894d-27da46c364a7: close
2020-05-27 19:33:07,418 [ForkJoinPool.commonPool-worker-0] INFO  impl.RaftServerImpl (RaftServerImpl.java:lambda$shutdown$3(250)) - 7aed9675-d015-411c-894d-27da46c364a7@group-84E8A371D2C6: shutdown
2020-05-27 19:33:07,418 [ForkJoinPool.commonPool-worker-0] INFO  util.JmxRegister (JmxRegister.java:unregister(73)) - Successfully un-registered JMX Bean with object name Ratis:service=RaftServer,group=group-84E8A371D2C6,id=7aed9675-d015-411c-894d-27da46c364a7
2020-05-27 19:33:07,418 [ForkJoinPool.commonPool-worker-0] INFO  impl.RoleInfo (RoleInfo.java:shutdownLeaderState(104)) - 7aed9675-d015-411c-894d-27da46c364a7: shutdown LeaderState
2020-05-27 19:33:07,419 [org.apache.ratis.server.impl.LogAppender$AppenderDaemon$$Lambda$438/1007750772@32768fa4] WARN  server.GrpcLogAppender (GrpcLogAppender.java:mayWait(153)) - 7aed9675-d015-411c-894d-27da46c364a7@group-84E8A371D2C6->ca2c986f-4912-4d51-86c7-28829081ffa0-GrpcLogAppender: Wait interrupted by java.lang.InterruptedException
2020-05-27 19:33:07,419 [ForkJoinPool.commonPool-worker-0] INFO  impl.PendingRequests (PendingRequests.java:sendNotLeaderResponses(242)) - 7aed9675-d015-411c-894d-27da46c364a7@group-84E8A371D2C6-PendingRequests: sendNotLeaderResponses
2020-05-27 19:33:07,420 [Listener at 127.0.0.1/45217] INFO  ozoneimpl.OzoneContainer (OzoneContainer.java:stop(246)) - Attempting to stop container services.
2020-05-27 19:33:07,420 [org.apache.ratis.server.impl.LogAppender$AppenderDaemon$$Lambda$438/1007750772@694b597d] WARN  server.GrpcLogAppender (GrpcLogAppender.java:mayWait(153)) - 7aed9675-d015-411c-894d-27da46c364a7@group-84E8A371D2C6->8517f1c7-f3e1-454a-ad82-74e7a1dbb9de-GrpcLogAppender: Wait interrupted by java.lang.InterruptedException
2020-05-27 19:33:07,421 [Listener at 127.0.0.1/45217] INFO  impl.RaftServerProxy (RaftServerProxy.java:lambda$close$4(314)) - f1f3a69c-d257-43b6-814a-48c5022c930f: close
2020-05-27 19:33:07,421 [grpc-default-executor-7] INFO  server.GrpcServerProtocolService (GrpcServerProtocolService.java:onCompleted(137)) - 8517f1c7-f3e1-454a-ad82-74e7a1dbb9de: Completed APPEND_ENTRIES, lastRequest: 7aed9675-d015-411c-894d-27da46c364a7->8517f1c7-f3e1-454a-ad82-74e7a1dbb9de#99-t1, previous=(t:1, i:5), leaderCommit=4, initializing? false, entries: size=1, first=(t:1, i:6), METADATAENTRY(c:4)
2020-05-27 19:33:07,422 [grpc-default-executor-0] INFO  server.GrpcLogAppender (GrpcLogAppender.java:onCompleted(309)) - 7aed9675-d015-411c-894d-27da46c364a7@group-84E8A371D2C6->8517f1c7-f3e1-454a-ad82-74e7a1dbb9de-AppendLogResponseHandler: follower responses appendEntries COMPLETED
2020-05-27 19:33:07,422 [Listener at 127.0.0.1/45217] INFO  impl.RaftServerImpl (RaftServerImpl.java:lambda$shutdown$3(250)) - f1f3a69c-d257-43b6-814a-48c5022c930f@group-4EB50FEF8EB3: shutdown
2020-05-27 19:33:07,423 [Listener at 127.0.0.1/45217] INFO  util.JmxRegister (JmxRegister.java:unregister(73)) - Successfully un-registered JMX Bean with object name Ratis:service=RaftServer,group=group-4EB50FEF8EB3,id=f1f3a69c-d257-43b6-814a-48c5022c930f
2020-05-27 19:33:07,423 [Listener at 127.0.0.1/45217] INFO  impl.RoleInfo (RoleInfo.java:shutdownLeaderState(104)) - f1f3a69c-d257-43b6-814a-48c5022c930f: shutdown LeaderState
2020-05-27 19:33:07,423 [grpc-default-executor-0] INFO  impl.FollowerInfo (FollowerInfo.java:lambda$new$0(50)) - 7aed9675-d015-411c-894d-27da46c364a7@group-84E8A371D2C6->8517f1c7-f3e1-454a-ad82-74e7a1dbb9de: nextIndex: updateUnconditionally 7 -> 6
2020-05-27 19:33:07,424 [ForkJoinPool.commonPool-worker-0] INFO  metrics.RatisMetrics (RatisMetrics.java:unregister(46)) - Unregistering Metrics Registry : ratis.log_appender.7aed9675-d015-411c-894d-27da46c364a7@group-84E8A371D2C6
2020-05-27 19:33:07,424 [ForkJoinPool.commonPool-worker-0] INFO  impl.StateMachineUpdater (StateMachineUpdater.java:stopAndJoin(142)) - 7aed9675-d015-411c-894d-27da46c364a7@group-84E8A371D2C6-StateMachineUpdater: set stopIndex = 6
2020-05-27 19:33:07,425 [7aed9675-d015-411c-894d-27da46c364a7@group-84E8A371D2C6-StateMachineUpdater] INFO  ratis.ContainerStateMachine (ContainerStateMachine.java:takeSnapshot(288)) - group-84E8A371D2C6: Taking a snapshot at:(t:1, i:6) file /github/workspace/mnt/ozone/hadoop-ozone/integration-test/target/test-dir/MiniOzoneClusterImpl-f0010636-4b6e-4820-a6ed-9dd9125fe66b/datanode-0/data/ratis/536519cf-b774-478c-afba-84e8a371d2c6/sm/snapshot.1_6
2020-05-27 19:33:07,424 [Listener at 127.0.0.1/45217] INFO  impl.PendingRequests (PendingRequests.java:sendNotLeaderResponses(242)) - f1f3a69c-d257-43b6-814a-48c5022c930f@group-4EB50FEF8EB3-PendingRequests: sendNotLeaderResponses
2020-05-27 19:33:07,427 [7aed9675-d015-411c-894d-27da46c364a7@group-84E8A371D2C6-StateMachineUpdater] INFO  ratis.ContainerStateMachine (ContainerStateMachine.java:takeSnapshot(299)) - group-84E8A371D2C6: Finished taking a snapshot at:(t:1, i:6) file:/github/workspace/mnt/ozone/hadoop-ozone/integration-test/target/test-dir/MiniOzoneClusterImpl-f0010636-4b6e-4820-a6ed-9dd9125fe66b/datanode-0/data/ratis/536519cf-b774-478c-afba-84e8a371d2c6/sm/snapshot.1_6 time:2
2020-05-27 19:33:07,427 [Listener at 127.0.0.1/45217] INFO  metrics.RatisMetrics (RatisMetrics.java:unregister(46)) - Unregistering Metrics Registry : ratis.log_appender.f1f3a69c-d257-43b6-814a-48c5022c930f@group-4EB50FEF8EB3
2020-05-27 19:33:07,427 [7aed9675-d015-411c-894d-27da46c364a7@group-84E8A371D2C6-StateMachineUpdater] INFO  impl.StateMachineUpdater (StateMachineUpdater.java:takeSnapshot(277)) - 7aed9675-d015-411c-894d-27da46c364a7@group-84E8A371D2C6-StateMachineUpdater: Took a snapshot at index 6
2020-05-27 19:33:07,427 [7aed9675-d015-411c-894d-27da46c364a7@group-84E8A371D2C6-StateMachineUpdater] INFO  impl.StateMachineUpdater (StateMachineUpdater.java:lambda$new$0(87)) - 7aed9675-d015-411c-894d-27da46c364a7@group-84E8A371D2C6-StateMachineUpdater: snapshotIndex: updateIncreasingly -1 -> 6
2020-05-27 19:33:07,427 [7aed9675-d015-411c-894d-27da46c364a7@group-84E8A371D2C6-StateMachineUpdater] INFO  metrics.RatisMetrics (RatisMetrics.java:unregister(46)) - Unregistering Metrics Registry : ratis.state_machine.7aed9675-d015-411c-894d-27da46c364a7@group-84E8A371D2C6
2020-05-27 19:33:07,427 [f1f3a69c-d257-43b6-814a-48c5022c930f@group-4EB50FEF8EB3-StateMachineUpdater] INFO  ratis.ContainerStateMachine (ContainerStateMachine.java:takeSnapshot(288)) - group-4EB50FEF8EB3: Taking a snapshot at:(t:1, i:0) file /github/workspace/mnt/ozone/hadoop-ozone/integration-test/target/test-dir/MiniOzoneClusterImpl-f0010636-4b6e-4820-a6ed-9dd9125fe66b/datanode-6/data/ratis/1929558f-afe2-4b71-a1bc-4eb50fef8eb3/sm/snapshot.1_0
2020-05-27 19:33:07,428 [ForkJoinPool.commonPool-worker-0] INFO  impl.RaftServerImpl (ServerState.java:close(387)) - 7aed9675-d015-411c-894d-27da46c364a7@group-84E8A371D2C6: closes. applyIndex: 6
2020-05-27 19:33:07,428 [Listener at 127.0.0.1/45217] INFO  impl.StateMachineUpdater (StateMachineUpdater.java:stopAndJoin(142)) - f1f3a69c-d257-43b6-814a-48c5022c930f@group-4EB50FEF8EB3-StateMachineUpdater: set stopIndex = 0
2020-05-27 19:33:07,428 [f1f3a69c-d257-43b6-814a-48c5022c930f@group-4EB50FEF8EB3-StateMachineUpdater] INFO  ratis.ContainerStateMachine (ContainerStateMachine.java:takeSnapshot(299)) - group-4EB50FEF8EB3: Finished taking a snapshot at:(t:1, i:0) file:/github/workspace/mnt/ozone/hadoop-ozone/integration-test/target/test-dir/MiniOzoneClusterImpl-f0010636-4b6e-4820-a6ed-9dd9125fe66b/datanode-6/data/ratis/1929558f-afe2-4b71-a1bc-4eb50fef8eb3/sm/snapshot.1_0 time:1
2020-05-27 19:33:07,428 [7aed9675-d015-411c-894d-27da46c364a7@group-84E8A371D2C6-SegmentedRaftLogWorker] INFO  segmented.SegmentedRaftLogWorker (SegmentedRaftLogWorker.java:run(321)) - 7aed9675-d015-411c-894d-27da46c364a7@group-84E8A371D2C6-SegmentedRaftLogWorker was interrupted, exiting. There are 0 tasks remaining in the queue.
2020-05-27 19:33:07,429 [f1f3a69c-d257-43b6-814a-48c5022c930f@group-4EB50FEF8EB3-StateMachineUpdater] INFO  impl.StateMachineUpdater (StateMachineUpdater.java:takeSnapshot(277)) - f1f3a69c-d257-43b6-814a-48c5022c930f@group-4EB50FEF8EB3-StateMachineUpdater: Took a snapshot at index 0
2020-05-27 19:33:07,429 [f1f3a69c-d257-43b6-814a-48c5022c930f@group-4EB50FEF8EB3-StateMachineUpdater] INFO  impl.StateMachineUpdater (StateMachineUpdater.java:lambda$new$0(87)) - f1f3a69c-d257-43b6-814a-48c5022c930f@group-4EB50FEF8EB3-StateMachineUpdater: snapshotIndex: updateIncreasingly -1 -> 0
2020-05-27 19:33:07,429 [f1f3a69c-d257-43b6-814a-48c5022c930f@group-4EB50FEF8EB3-StateMachineUpdater] INFO  metrics.RatisMetrics (RatisMetrics.java:unregister(46)) - Unregistering Metrics Registry : ratis.state_machine.f1f3a69c-d257-43b6-814a-48c5022c930f@group-4EB50FEF8EB3
2020-05-27 19:33:07,437 [Listener at 127.0.0.1/45217] INFO  impl.RaftServerImpl (ServerState.java:close(387)) - f1f3a69c-d257-43b6-814a-48c5022c930f@group-4EB50FEF8EB3: closes. applyIndex: 0
2020-05-27 19:33:07,437 [f1f3a69c-d257-43b6-814a-48c5022c930f@group-4EB50FEF8EB3-SegmentedRaftLogWorker] INFO  segmented.SegmentedRaftLogWorker (SegmentedRaftLogWorker.java:run(321)) - f1f3a69c-d257-43b6-814a-48c5022c930f@group-4EB50FEF8EB3-SegmentedRaftLogWorker was interrupted, exiting. There are 0 tasks remaining in the queue.
2020-05-27 19:33:07,437 [ForkJoinPool.commonPool-worker-0] INFO  segmented.SegmentedRaftLogWorker (SegmentedRaftLogWorker.java:close(229)) - 7aed9675-d015-411c-894d-27da46c364a7@group-84E8A371D2C6-SegmentedRaftLogWorker close()
2020-05-27 19:33:07,438 [Listener at 127.0.0.1/45217] INFO  segmented.SegmentedRaftLogWorker (SegmentedRaftLogWorker.java:close(229)) - f1f3a69c-d257-43b6-814a-48c5022c930f@group-4EB50FEF8EB3-SegmentedRaftLogWorker close()
2020-05-27 19:33:07,445 [ForkJoinPool.commonPool-worker-0] INFO  metrics.RatisMetrics (RatisMetrics.java:unregister(46)) - Unregistering Metrics Registry : ratis.log_worker.7aed9675-d015-411c-894d-27da46c364a7
2020-05-27 19:33:07,445 [ForkJoinPool.commonPool-worker-0] INFO  metrics.RatisMetrics (RatisMetrics.java:unregister(46)) - Unregistering Metrics Registry : ratis.leader_election.7aed9675-d015-411c-894d-27da46c364a7@group-84E8A371D2C6
2020-05-27 19:33:07,445 [ForkJoinPool.commonPool-worker-0] INFO  metrics.RatisMetrics (RatisMetrics.java:unregister(46)) - Unregistering Metrics Registry : ratis.server.7aed9675-d015-411c-894d-27da46c364a7@group-84E8A371D2C6
2020-05-27 19:33:07,445 [ForkJoinPool.commonPool-worker-0] INFO  impl.RaftServerImpl (RaftServerImpl.java:lambda$shutdown$3(250)) - 7aed9675-d015-411c-894d-27da46c364a7@group-3FC468E53593: shutdown
2020-05-27 19:33:07,445 [ForkJoinPool.commonPool-worker-0] INFO  util.JmxRegister (JmxRegister.java:unregister(73)) - Successfully un-registered JMX Bean with object name Ratis:service=RaftServer,group=group-3FC468E53593,id=7aed9675-d015-411c-894d-27da46c364a7
2020-05-27 19:33:07,446 [ForkJoinPool.commonPool-worker-0] INFO  impl.RoleInfo (RoleInfo.java:shutdownLeaderState(104)) - 7aed9675-d015-411c-894d-27da46c364a7: shutdown LeaderState
2020-05-27 19:33:07,446 [ForkJoinPool.commonPool-worker-0] INFO  impl.PendingRequests (PendingRequests.java:sendNotLeaderResponses(242)) - 7aed9675-d015-411c-894d-27da46c364a7@group-3FC468E53593-PendingRequests: sendNotLeaderResponses
2020-05-27 19:33:07,446 [ForkJoinPool.commonPool-worker-0] INFO  metrics.RatisMetrics (RatisMetrics.java:unregister(46)) - Unregistering Metrics Registry : ratis.log_appender.7aed9675-d015-411c-894d-27da46c364a7@group-3FC468E53593
2020-05-27 19:33:07,446 [ForkJoinPool.commonPool-worker-0] INFO  impl.StateMachineUpdater (StateMachineUpdater.java:stopAndJoin(142)) - 7aed9675-d015-411c-894d-27da46c364a7@group-3FC468E53593-StateMachineUpdater: set stopIndex = 0
2020-05-27 19:33:07,446 [7aed9675-d015-411c-894d-27da46c364a7@group-3FC468E53593-StateMachineUpdater] INFO  ratis.ContainerStateMachine (ContainerStateMachine.java:takeSnapshot(288)) - group-3FC468E53593: Taking a snapshot at:(t:1, i:0) file /github/workspace/mnt/ozone/hadoop-ozone/integration-test/target/test-dir/MiniOzoneClusterImpl-f0010636-4b6e-4820-a6ed-9dd9125fe66b/datanode-0/data/ratis/bb0351a3-ccf2-43a4-8e0a-3fc468e53593/sm/snapshot.1_0
2020-05-27 19:33:07,448 [Listener at 127.0.0.1/45217] INFO  metrics.RatisMetrics (RatisMetrics.java:unregister(46)) - Unregistering Metrics Registry : ratis.log_worker.f1f3a69c-d257-43b6-814a-48c5022c930f
2020-05-27 19:33:07,448 [Listener at 127.0.0.1/45217] INFO  metrics.RatisMetrics (RatisMetrics.java:unregister(46)) - Unregistering Metrics Registry : ratis.leader_election.f1f3a69c-d257-43b6-814a-48c5022c930f@group-4EB50FEF8EB3
2020-05-27 19:33:07,448 [Listener at 127.0.0.1/45217] INFO  metrics.RatisMetrics (RatisMetrics.java:unregister(46)) - Unregistering Metrics Registry : ratis.server.f1f3a69c-d257-43b6-814a-48c5022c930f@group-4EB50FEF8EB3
2020-05-27 19:33:07,448 [Listener at 127.0.0.1/45217] INFO  impl.RaftServerImpl (RaftServerImpl.java:lambda$shutdown$3(250)) - f1f3a69c-d257-43b6-814a-48c5022c930f@group-08DDE34C77D1: shutdown
2020-05-27 19:33:07,448 [Listener at 127.0.0.1/45217] INFO  util.JmxRegister (JmxRegister.java:unregister(73)) - Successfully un-registered JMX Bean with object name Ratis:service=RaftServer,group=group-08DDE34C77D1,id=f1f3a69c-d257-43b6-814a-48c5022c930f
2020-05-27 19:33:07,448 [Listener at 127.0.0.1/45217] INFO  impl.RoleInfo (RoleInfo.java:shutdownFollowerState(121)) - f1f3a69c-d257-43b6-814a-48c5022c930f: shutdown FollowerState
2020-05-27 19:33:07,449 [Thread-412] INFO  impl.FollowerState (FollowerState.java:run(117)) - f1f3a69c-d257-43b6-814a-48c5022c930f@group-08DDE34C77D1-FollowerState was interrupted: java.lang.InterruptedException: sleep interrupted
2020-05-27 19:33:07,449 [f1f3a69c-d257-43b6-814a-48c5022c930f@group-08DDE34C77D1-StateMachineUpdater] INFO  ratis.ContainerStateMachine (ContainerStateMachine.java:takeSnapshot(288)) - group-08DDE34C77D1: Taking a snapshot at:(t:3, i:0) file /github/workspace/mnt/ozone/hadoop-ozone/integration-test/target/test-dir/MiniOzoneClusterImpl-f0010636-4b6e-4820-a6ed-9dd9125fe66b/datanode-6/data/ratis/f4cf136f-dea7-4e47-9282-08dde34c77d1/sm/snapshot.3_0
2020-05-27 19:33:07,449 [Listener at 127.0.0.1/45217] INFO  impl.StateMachineUpdater (StateMachineUpdater.java:stopAndJoin(142)) - f1f3a69c-d257-43b6-814a-48c5022c930f@group-08DDE34C77D1-StateMachineUpdater: set stopIndex = 0
2020-05-27 19:33:07,449 [7aed9675-d015-411c-894d-27da46c364a7@group-3FC468E53593-StateMachineUpdater] INFO  ratis.ContainerStateMachine (ContainerStateMachine.java:takeSnapshot(299)) - group-3FC468E53593: Finished taking a snapshot at:(t:1, i:0) file:/github/workspace/mnt/ozone/hadoop-ozone/integration-test/target/test-dir/MiniOzoneClusterImpl-f0010636-4b6e-4820-a6ed-9dd9125fe66b/datanode-0/data/ratis/bb0351a3-ccf2-43a4-8e0a-3fc468e53593/sm/snapshot.1_0 time:1
2020-05-27 19:33:07,450 [7aed9675-d015-411c-894d-27da46c364a7@group-3FC468E53593-StateMachineUpdater] INFO  impl.StateMachineUpdater (StateMachineUpdater.java:takeSnapshot(277)) - 7aed9675-d015-411c-894d-27da46c364a7@group-3FC468E53593-StateMachineUpdater: Took a snapshot at index 0
2020-05-27 19:33:07,450 [7aed9675-d015-411c-894d-27da46c364a7@group-3FC468E53593-StateMachineUpdater] INFO  impl.StateMachineUpdater (StateMachineUpdater.java:lambda$new$0(87)) - 7aed9675-d015-411c-894d-27da46c364a7@group-3FC468E53593-StateMachineUpdater: snapshotIndex: updateIncreasingly -1 -> 0
2020-05-27 19:33:07,450 [7aed9675-d015-411c-894d-27da46c364a7@group-3FC468E53593-StateMachineUpdater] INFO  metrics.RatisMetrics (RatisMetrics.java:unregister(46)) - Unregistering Metrics Registry : ratis.state_machine.7aed9675-d015-411c-894d-27da46c364a7@group-3FC468E53593
2020-05-27 19:33:07,450 [f1f3a69c-d257-43b6-814a-48c5022c930f@group-08DDE34C77D1-StateMachineUpdater] INFO  ratis.ContainerStateMachine (ContainerStateMachine.java:takeSnapshot(299)) - group-08DDE34C77D1: Finished taking a snapshot at:(t:3, i:0) file:/github/workspace/mnt/ozone/hadoop-ozone/integration-test/target/test-dir/MiniOzoneClusterImpl-f0010636-4b6e-4820-a6ed-9dd9125fe66b/datanode-6/data/ratis/f4cf136f-dea7-4e47-9282-08dde34c77d1/sm/snapshot.3_0 time:1
2020-05-27 19:33:07,451 [f1f3a69c-d257-43b6-814a-48c5022c930f@group-08DDE34C77D1-StateMachineUpdater] INFO  impl.StateMachineUpdater (StateMachineUpdater.java:takeSnapshot(277)) - f1f3a69c-d257-43b6-814a-48c5022c930f@group-08DDE34C77D1-StateMachineUpdater: Took a snapshot at index 0
2020-05-27 19:33:07,451 [f1f3a69c-d257-43b6-814a-48c5022c930f@group-08DDE34C77D1-StateMachineUpdater] INFO  impl.StateMachineUpdater (StateMachineUpdater.java:lambda$new$0(87)) - f1f3a69c-d257-43b6-814a-48c5022c930f@group-08DDE34C77D1-StateMachineUpdater: snapshotIndex: updateIncreasingly -1 -> 0
2020-05-27 19:33:07,451 [f1f3a69c-d257-43b6-814a-48c5022c930f@group-08DDE34C77D1-StateMachineUpdater] INFO  metrics.RatisMetrics (RatisMetrics.java:unregister(46)) - Unregistering Metrics Registry : ratis.state_machine.f1f3a69c-d257-43b6-814a-48c5022c930f@group-08DDE34C77D1
2020-05-27 19:33:07,451 [ForkJoinPool.commonPool-worker-0] INFO  impl.RaftServerImpl (ServerState.java:close(387)) - 7aed9675-d015-411c-894d-27da46c364a7@group-3FC468E53593: closes. applyIndex: 0
2020-05-27 19:33:07,452 [7aed9675-d015-411c-894d-27da46c364a7@group-3FC468E53593-SegmentedRaftLogWorker] INFO  segmented.SegmentedRaftLogWorker (SegmentedRaftLogWorker.java:run(321)) - 7aed9675-d015-411c-894d-27da46c364a7@group-3FC468E53593-SegmentedRaftLogWorker was interrupted, exiting. There are 0 tasks remaining in the queue.
2020-05-27 19:33:07,452 [Listener at 127.0.0.1/45217] INFO  impl.RaftServerImpl (ServerState.java:close(387)) - f1f3a69c-d257-43b6-814a-48c5022c930f@group-08DDE34C77D1: closes. applyIndex: 0
2020-05-27 19:33:07,455 [ForkJoinPool.commonPool-worker-0] INFO  segmented.SegmentedRaftLogWorker (SegmentedRaftLogWorker.java:close(229)) - 7aed9675-d015-411c-894d-27da46c364a7@group-3FC468E53593-SegmentedRaftLogWorker close()
2020-05-27 19:33:07,459 [f1f3a69c-d257-43b6-814a-48c5022c930f@group-08DDE34C77D1-SegmentedRaftLogWorker] INFO  segmented.SegmentedRaftLogWorker (SegmentedRaftLogWorker.java:run(321)) - f1f3a69c-d257-43b6-814a-48c5022c930f@group-08DDE34C77D1-SegmentedRaftLogWorker was interrupted, exiting. There are 0 tasks remaining in the queue.
2020-05-27 19:33:07,459 [Listener at 127.0.0.1/45217] INFO  segmented.SegmentedRaftLogWorker (SegmentedRaftLogWorker.java:close(229)) - f1f3a69c-d257-43b6-814a-48c5022c930f@group-08DDE34C77D1-SegmentedRaftLogWorker close()
2020-05-27 19:33:07,460 [ForkJoinPool.commonPool-worker-0] INFO  metrics.RatisMetrics (RatisMetrics.java:unregister(46)) - Unregistering Metrics Registry : ratis.log_worker.7aed9675-d015-411c-894d-27da46c364a7
2020-05-27 19:33:07,460 [ForkJoinPool.commonPool-worker-0] INFO  metrics.RatisMetrics (RatisMetrics.java:unregister(46)) - Unregistering Metrics Registry : ratis.leader_election.7aed9675-d015-411c-894d-27da46c364a7@group-3FC468E53593
2020-05-27 19:33:07,460 [ForkJoinPool.commonPool-worker-0] INFO  metrics.RatisMetrics (RatisMetrics.java:unregister(46)) - Unregistering Metrics Registry : ratis.server.7aed9675-d015-411c-894d-27da46c364a7@group-3FC468E53593
2020-05-27 19:33:07,460 [ForkJoinPool.commonPool-worker-0] INFO  server.GrpcService (GrpcService.java:closeImpl(165)) - 7aed9675-d015-411c-894d-27da46c364a7: shutdown server with port 39715 now
2020-05-27 19:33:07,461 [Listener at 127.0.0.1/45217] INFO  metrics.RatisMetrics (RatisMetrics.java:unregister(46)) - Unregistering Metrics Registry : ratis.log_worker.f1f3a69c-d257-43b6-814a-48c5022c930f
2020-05-27 19:33:07,461 [Listener at 127.0.0.1/45217] INFO  metrics.RatisMetrics (RatisMetrics.java:unregister(46)) - Unregistering Metrics Registry : ratis.leader_election.f1f3a69c-d257-43b6-814a-48c5022c930f@group-08DDE34C77D1
2020-05-27 19:33:07,462 [Listener at 127.0.0.1/45217] INFO  metrics.RatisMetrics (RatisMetrics.java:unregister(46)) - Unregistering Metrics Registry : ratis.server.f1f3a69c-d257-43b6-814a-48c5022c930f@group-08DDE34C77D1
2020-05-27 19:33:07,462 [Listener at 127.0.0.1/45217] INFO  server.GrpcService (GrpcService.java:closeImpl(165)) - f1f3a69c-d257-43b6-814a-48c5022c930f: shutdown server with port 43147 now
2020-05-27 19:33:07,461 [ForkJoinPool.commonPool-worker-0] INFO  server.GrpcService (GrpcService.java:closeImpl(173)) - 7aed9675-d015-411c-894d-27da46c364a7: shutdown server with port 39715 successfully
2020-05-27 19:33:07,464 [grpc-default-executor-7] WARN  client.GrpcClientProtocolService (LogUtils.java:warn(122)) - 1-UnorderedRequestStreamObserver1: onError: org.apache.ratis.thirdparty.io.grpc.StatusRuntimeException: CANCELLED: cancelled before receiving half close
2020-05-27 19:33:07,465 [Listener at 127.0.0.1/45217] INFO  server.GrpcService (GrpcService.java:closeImpl(173)) - f1f3a69c-d257-43b6-814a-48c5022c930f: shutdown server with port 43147 successfully
2020-05-27 19:33:07,465 [grpc-default-executor-0] WARN  server.GrpcServerProtocolService (LogUtils.java:warn(122)) - f1f3a69c-d257-43b6-814a-48c5022c930f: installSnapshot onError, lastRequest: 98c33ea6-fb47-41c3-bd3d-1c17f3427380->f1f3a69c-d257-43b6-814a-48c5022c930f#1-t3, previous=(t:0, i:0), leaderCommit=-1, initializing? false, entries: size=1, first=(t:3, i:0), CONFIGURATIONENTRY: org.apache.ratis.thirdparty.io.grpc.StatusRuntimeException: CANCELLED: cancelled before receiving half close
2020-05-27 19:33:07,466 [Listener at 127.0.0.1/45217] INFO  utils.BackgroundService (BackgroundService.java:shutdown(157)) - Shutting down service BlockDeletingService
2020-05-27 19:33:07,467 [grpc-default-executor-7] WARN  server.GrpcLogAppender (LogUtils.java:warn(122)) - 98c33ea6-fb47-41c3-bd3d-1c17f3427380@group-08DDE34C77D1->f1f3a69c-d257-43b6-814a-48c5022c930f-AppendLogResponseHandler: Failed appendEntries: org.apache.ratis.thirdparty.io.grpc.StatusRuntimeException: CANCELLED: HTTP/2 error code: CANCEL
Received Rst Stream
2020-05-27 19:33:07,467 [ForkJoinPool.commonPool-worker-0] INFO  utils.BackgroundService (BackgroundService.java:shutdown(157)) - Shutting down service BlockDeletingService
2020-05-27 19:33:07,469 [grpc-default-executor-7] INFO  impl.FollowerInfo (FollowerInfo.java:lambda$new$0(50)) - 98c33ea6-fb47-41c3-bd3d-1c17f3427380@group-08DDE34C77D1->f1f3a69c-d257-43b6-814a-48c5022c930f: nextIndex: updateUnconditionally 1 -> 0
2020-05-27 19:33:07,475 [Listener at 127.0.0.1/45217] INFO  statemachine.DatanodeStateMachine (DatanodeStateMachine.java:stopDaemon(424)) - Ozone container server stopped.
2020-05-27 19:33:07,476 [Listener at 127.0.0.1/45217] INFO  handler.ContextHandler (ContextHandler.java:doStop(1016)) - Stopped o.e.j.w.WebAppContext@35c69e6b{hddsDatanode,/,null,UNAVAILABLE}{jar:file:/home/user/.m2/repository/org/apache/hadoop/hadoop-hdds-container-service/0.6.0-SNAPSHOT/hadoop-hdds-container-service-0.6.0-SNAPSHOT.jar!/webapps/hddsDatanode}
2020-05-27 19:33:07,477 [Listener at 127.0.0.1/45217] INFO  server.AbstractConnector (AbstractConnector.java:doStop(380)) - Stopped ServerConnector@9742012{HTTP/1.1,[http/1.1]}{0.0.0.0:0}
2020-05-27 19:33:07,477 [Listener at 127.0.0.1/45217] INFO  server.session (HouseKeeper.java:stopScavenging(158)) - node0 Stopped scavenging
2020-05-27 19:33:07,477 [Listener at 127.0.0.1/45217] INFO  handler.ContextHandler (ContextHandler.java:doStop(1016)) - Stopped o.e.j.s.ServletContextHandler@39adf4e6{static,/static,jar:file:/home/user/.m2/repository/org/apache/hadoop/hadoop-hdds-container-service/0.6.0-SNAPSHOT/hadoop-hdds-container-service-0.6.0-SNAPSHOT.jar!/webapps/static,UNAVAILABLE}
2020-05-27 19:33:07,478 [Listener at 127.0.0.1/45217] INFO  handler.ContextHandler (ContextHandler.java:doStop(1016)) - Stopped o.e.j.s.ServletContextHandler@37e15055{logs,/logs,file:///github/workspace/mnt/ozone/hadoop-ozone/integration-test/target/log,UNAVAILABLE}
2020-05-27 19:33:07,479 [ForkJoinPool.commonPool-worker-0] INFO  statemachine.DatanodeStateMachine (DatanodeStateMachine.java:stopDaemon(424)) - Ozone container server stopped.
2020-05-27 19:33:07,491 [ForkJoinPool.commonPool-worker-0] INFO  handler.ContextHandler (ContextHandler.java:doStop(1016)) - Stopped o.e.j.w.WebAppContext@4f93303f{hddsDatanode,/,null,UNAVAILABLE}{jar:file:/home/user/.m2/repository/org/apache/hadoop/hadoop-hdds-container-service/0.6.0-SNAPSHOT/hadoop-hdds-container-service-0.6.0-SNAPSHOT.jar!/webapps/hddsDatanode}
2020-05-27 19:33:07,492 [ForkJoinPool.commonPool-worker-0] INFO  server.AbstractConnector (AbstractConnector.java:doStop(380)) - Stopped ServerConnector@7040d71{HTTP/1.1,[http/1.1]}{0.0.0.0:0}
2020-05-27 19:33:07,492 [ForkJoinPool.commonPool-worker-0] INFO  server.session (HouseKeeper.java:stopScavenging(158)) - node0 Stopped scavenging
2020-05-27 19:33:07,494 [ForkJoinPool.commonPool-worker-0] INFO  handler.ContextHandler (ContextHandler.java:doStop(1016)) - Stopped o.e.j.s.ServletContextHandler@3ce067bd{static,/static,jar:file:/home/user/.m2/repository/org/apache/hadoop/hadoop-hdds-container-service/0.6.0-SNAPSHOT/hadoop-hdds-container-service-0.6.0-SNAPSHOT.jar!/webapps/static,UNAVAILABLE}
2020-05-27 19:33:07,495 [ForkJoinPool.commonPool-worker-0] INFO  handler.ContextHandler (ContextHandler.java:doStop(1016)) - Stopped o.e.j.s.ServletContextHandler@139da216{logs,/logs,file:///github/workspace/mnt/ozone/hadoop-ozone/integration-test/target/log,UNAVAILABLE}
2020-05-27 19:33:07,716 [grpc-default-executor-4] WARN  server.GrpcLogAppender (LogUtils.java:warn(122)) - 98c33ea6-fb47-41c3-bd3d-1c17f3427380@group-08DDE34C77D1->f1f3a69c-d257-43b6-814a-48c5022c930f-AppendLogResponseHandler: Failed appendEntries: org.apache.ratis.thirdparty.io.grpc.StatusRuntimeException: UNAVAILABLE: io exception
2020-05-27 19:33:07,716 [grpc-default-executor-4] INFO  impl.FollowerInfo (FollowerInfo.java:lambda$new$0(50)) - 98c33ea6-fb47-41c3-bd3d-1c17f3427380@group-08DDE34C77D1->f1f3a69c-d257-43b6-814a-48c5022c930f: nextIndex: updateUnconditionally 1 -> 0
2020-05-27 19:33:08,217 [grpc-default-executor-7] WARN  server.GrpcLogAppender (LogUtils.java:warn(122)) - 98c33ea6-fb47-41c3-bd3d-1c17f3427380@group-08DDE34C77D1->f1f3a69c-d257-43b6-814a-48c5022c930f-AppendLogResponseHandler: Failed appendEntries: org.apache.ratis.thirdparty.io.grpc.StatusRuntimeException: UNAVAILABLE: io exception
2020-05-27 19:33:08,218 [grpc-default-executor-7] INFO  impl.FollowerInfo (FollowerInfo.java:lambda$new$0(50)) - 98c33ea6-fb47-41c3-bd3d-1c17f3427380@group-08DDE34C77D1->f1f3a69c-d257-43b6-814a-48c5022c930f: nextIndex: updateUnconditionally 1 -> 0
2020-05-27 19:33:08,272 [Datanode State Machine Thread - 0] INFO  statemachine.DatanodeStateMachine (DatanodeStateMachine.java:lambda$startDaemon$0(376)) - Ozone container server started.
2020-05-27 19:33:08,420 [Datanode State Machine Thread - 0] INFO  statemachine.DatanodeStateMachine (DatanodeStateMachine.java:lambda$startDaemon$0(376)) - Ozone container server started.
2020-05-27 19:33:08,719 [grpc-default-executor-7] WARN  server.GrpcLogAppender (LogUtils.java:warn(122)) - 98c33ea6-fb47-41c3-bd3d-1c17f3427380@group-08DDE34C77D1->f1f3a69c-d257-43b6-814a-48c5022c930f-AppendLogResponseHandler: Failed appendEntries: org.apache.ratis.thirdparty.io.grpc.StatusRuntimeException: UNAVAILABLE: io exception
2020-05-27 19:33:08,720 [grpc-default-executor-7] INFO  impl.FollowerInfo (FollowerInfo.java:lambda$new$0(50)) - 98c33ea6-fb47-41c3-bd3d-1c17f3427380@group-08DDE34C77D1->f1f3a69c-d257-43b6-814a-48c5022c930f: nextIndex: updateUnconditionally 1 -> 0
2020-05-27 19:33:09,193 [Thread-337] INFO  impl.FollowerState (FollowerState.java:run(108)) - 8517f1c7-f3e1-454a-ad82-74e7a1dbb9de@group-84E8A371D2C6-FollowerState: change to CANDIDATE, lastRpcTime:1825ms, electionTimeout:1111ms
2020-05-27 19:33:09,193 [Thread-337] INFO  impl.RoleInfo (RoleInfo.java:shutdownFollowerState(121)) - 8517f1c7-f3e1-454a-ad82-74e7a1dbb9de: shutdown FollowerState
2020-05-27 19:33:09,193 [Thread-337] INFO  impl.RaftServerImpl (RaftServerImpl.java:setRole(173)) - 8517f1c7-f3e1-454a-ad82-74e7a1dbb9de@group-84E8A371D2C6: changes role from  FOLLOWER to CANDIDATE at term 1 for changeToCandidate
2020-05-27 19:33:09,194 [Thread-337] INFO  impl.RoleInfo (RoleInfo.java:updateAndGet(143)) - 8517f1c7-f3e1-454a-ad82-74e7a1dbb9de: start LeaderElection
2020-05-27 19:33:09,194 [8517f1c7-f3e1-454a-ad82-74e7a1dbb9de@group-84E8A371D2C6-LeaderElection22] INFO  impl.RaftServerImpl (ServerState.java:setLeader(255)) - 8517f1c7-f3e1-454a-ad82-74e7a1dbb9de@group-84E8A371D2C6: change Leader from 7aed9675-d015-411c-894d-27da46c364a7 to null at term 1 for initElection
2020-05-27 19:33:09,197 [8517f1c7-f3e1-454a-ad82-74e7a1dbb9de@group-84E8A371D2C6-LeaderElection22] INFO  impl.LeaderElection (LeaderElection.java:askForVotes(206)) - 8517f1c7-f3e1-454a-ad82-74e7a1dbb9de@group-84E8A371D2C6-LeaderElection22: begin an election at term 2 for 0: [7aed9675-d015-411c-894d-27da46c364a7:172.17.0.2:39715, ca2c986f-4912-4d51-86c7-28829081ffa0:172.17.0.2:37767, 8517f1c7-f3e1-454a-ad82-74e7a1dbb9de:172.17.0.2:39899], old=null
2020-05-27 19:33:09,201 [8517f1c7-f3e1-454a-ad82-74e7a1dbb9de@group-84E8A371D2C6-LeaderElection22] INFO  impl.LeaderElection (LogUtils.java:infoOrTrace(137)) - 8517f1c7-f3e1-454a-ad82-74e7a1dbb9de@group-84E8A371D2C6-LeaderElection22 got exception when requesting votes: java.util.concurrent.ExecutionException: org.apache.ratis.thirdparty.io.grpc.StatusRuntimeException: UNAVAILABLE: io exception
2020-05-27 19:33:09,201 [8517f1c7-f3e1-454a-ad82-74e7a1dbb9de@group-84E8A371D2C6-LeaderElection22] INFO  impl.LeaderElection (LogUtils.java:infoOrTrace(137)) - 8517f1c7-f3e1-454a-ad82-74e7a1dbb9de@group-84E8A371D2C6-LeaderElection22 got exception when requesting votes: java.util.concurrent.ExecutionException: org.apache.ratis.thirdparty.io.grpc.StatusRuntimeException: UNAVAILABLE: io exception
2020-05-27 19:33:09,201 [8517f1c7-f3e1-454a-ad82-74e7a1dbb9de@group-84E8A371D2C6-LeaderElection22] INFO  impl.LeaderElection (LeaderElection.java:logAndReturn(61)) - 8517f1c7-f3e1-454a-ad82-74e7a1dbb9de@group-84E8A371D2C6-LeaderElection22: Election REJECTED; received 0 response(s) [] and 2 exception(s); 8517f1c7-f3e1-454a-ad82-74e7a1dbb9de@group-84E8A371D2C6:t2, leader=null, voted=8517f1c7-f3e1-454a-ad82-74e7a1dbb9de, raftlog=8517f1c7-f3e1-454a-ad82-74e7a1dbb9de@group-84E8A371D2C6-SegmentedRaftLog:OPENED:c6,f6,i6, conf=0: [7aed9675-d015-411c-894d-27da46c364a7:172.17.0.2:39715, ca2c986f-4912-4d51-86c7-28829081ffa0:172.17.0.2:37767, 8517f1c7-f3e1-454a-ad82-74e7a1dbb9de:172.17.0.2:39899], old=null
2020-05-27 19:33:09,202 [8517f1c7-f3e1-454a-ad82-74e7a1dbb9de@group-84E8A371D2C6-LeaderElection22] INFO  impl.LeaderElection (LogUtils.java:infoOrTrace(137)) -   Exception 0: java.util.concurrent.ExecutionException: org.apache.ratis.thirdparty.io.grpc.StatusRuntimeException: UNAVAILABLE: io exception
2020-05-27 19:33:09,202 [8517f1c7-f3e1-454a-ad82-74e7a1dbb9de@group-84E8A371D2C6-LeaderElection22] INFO  impl.LeaderElection (LogUtils.java:infoOrTrace(137)) -   Exception 1: java.util.concurrent.ExecutionException: org.apache.ratis.thirdparty.io.grpc.StatusRuntimeException: UNAVAILABLE: io exception
2020-05-27 19:33:09,202 [8517f1c7-f3e1-454a-ad82-74e7a1dbb9de@group-84E8A371D2C6-LeaderElection22] INFO  impl.RaftServerImpl (RaftServerImpl.java:setRole(173)) - 8517f1c7-f3e1-454a-ad82-74e7a1dbb9de@group-84E8A371D2C6: changes role from CANDIDATE to FOLLOWER at term 2 for DISCOVERED_A_NEW_TERM
2020-05-27 19:33:09,202 [8517f1c7-f3e1-454a-ad82-74e7a1dbb9de@group-84E8A371D2C6-LeaderElection22] INFO  impl.RoleInfo (RoleInfo.java:shutdownLeaderElection(134)) - 8517f1c7-f3e1-454a-ad82-74e7a1dbb9de: shutdown LeaderElection
2020-05-27 19:33:09,202 [8517f1c7-f3e1-454a-ad82-74e7a1dbb9de@group-84E8A371D2C6-LeaderElection22] INFO  impl.RoleInfo (RoleInfo.java:updateAndGet(143)) - 8517f1c7-f3e1-454a-ad82-74e7a1dbb9de: start FollowerState
2020-05-27 19:33:09,221 [grpc-default-executor-4] WARN  server.GrpcLogAppender (LogUtils.java:warn(122)) - 98c33ea6-fb47-41c3-bd3d-1c17f3427380@group-08DDE34C77D1->f1f3a69c-d257-43b6-814a-48c5022c930f-AppendLogResponseHandler: Failed appendEntries: org.apache.ratis.thirdparty.io.grpc.StatusRuntimeException: UNAVAILABLE: io exception
2020-05-27 19:33:09,222 [grpc-default-executor-4] INFO  impl.FollowerInfo (FollowerInfo.java:lambda$new$0(50)) - 98c33ea6-fb47-41c3-bd3d-1c17f3427380@group-08DDE34C77D1->f1f3a69c-d257-43b6-814a-48c5022c930f: nextIndex: updateUnconditionally 1 -> 0
2020-05-27 19:33:09,723 [grpc-default-executor-7] WARN  server.GrpcLogAppender (LogUtils.java:warn(122)) - 98c33ea6-fb47-41c3-bd3d-1c17f3427380@group-08DDE34C77D1->f1f3a69c-d257-43b6-814a-48c5022c930f-AppendLogResponseHandler: Failed appendEntries: org.apache.ratis.thirdparty.io.grpc.StatusRuntimeException: UNAVAILABLE: io exception
2020-05-27 19:33:09,723 [grpc-default-executor-7] INFO  impl.FollowerInfo (FollowerInfo.java:lambda$new$0(50)) - 98c33ea6-fb47-41c3-bd3d-1c17f3427380@group-08DDE34C77D1->f1f3a69c-d257-43b6-814a-48c5022c930f: nextIndex: updateUnconditionally 1 -> 0
2020-05-27 19:33:10,225 [grpc-default-executor-4] WARN  server.GrpcLogAppender (LogUtils.java:warn(122)) - 98c33ea6-fb47-41c3-bd3d-1c17f3427380@group-08DDE34C77D1->f1f3a69c-d257-43b6-814a-48c5022c930f-AppendLogResponseHandler: Failed appendEntries: org.apache.ratis.thirdparty.io.grpc.StatusRuntimeException: UNAVAILABLE: io exception
2020-05-27 19:33:10,226 [grpc-default-executor-4] INFO  impl.FollowerInfo (FollowerInfo.java:lambda$new$0(50)) - 98c33ea6-fb47-41c3-bd3d-1c17f3427380@group-08DDE34C77D1->f1f3a69c-d257-43b6-814a-48c5022c930f: nextIndex: updateUnconditionally 1 -> 0
2020-05-27 19:33:10,322 [Thread-970] INFO  impl.FollowerState (FollowerState.java:run(108)) - 8517f1c7-f3e1-454a-ad82-74e7a1dbb9de@group-84E8A371D2C6-FollowerState: change to CANDIDATE, lastRpcTime:1119ms, electionTimeout:1119ms
2020-05-27 19:33:10,322 [Thread-970] INFO  impl.RoleInfo (RoleInfo.java:shutdownFollowerState(121)) - 8517f1c7-f3e1-454a-ad82-74e7a1dbb9de: shutdown FollowerState
2020-05-27 19:33:10,322 [Thread-970] INFO  impl.RaftServerImpl (RaftServerImpl.java:setRole(173)) - 8517f1c7-f3e1-454a-ad82-74e7a1dbb9de@group-84E8A371D2C6: changes role from  FOLLOWER to CANDIDATE at term 2 for changeToCandidate
2020-05-27 19:33:10,322 [Thread-970] INFO  impl.RoleInfo (RoleInfo.java:updateAndGet(143)) - 8517f1c7-f3e1-454a-ad82-74e7a1dbb9de: start LeaderElection
2020-05-27 19:33:10,325 [8517f1c7-f3e1-454a-ad82-74e7a1dbb9de@group-84E8A371D2C6-LeaderElection23] INFO  impl.LeaderElection (LeaderElection.java:askForVotes(206)) - 8517f1c7-f3e1-454a-ad82-74e7a1dbb9de@group-84E8A371D2C6-LeaderElection23: begin an election at term 3 for 0: [7aed9675-d015-411c-894d-27da46c364a7:172.17.0.2:39715, ca2c986f-4912-4d51-86c7-28829081ffa0:172.17.0.2:37767, 8517f1c7-f3e1-454a-ad82-74e7a1dbb9de:172.17.0.2:39899], old=null
2020-05-27 19:33:10,326 [8517f1c7-f3e1-454a-ad82-74e7a1dbb9de@group-84E8A371D2C6-LeaderElection23] INFO  impl.LeaderElection (LogUtils.java:infoOrTrace(137)) - 8517f1c7-f3e1-454a-ad82-74e7a1dbb9de@group-84E8A371D2C6-LeaderElection23 got exception when requesting votes: java.util.concurrent.ExecutionException: org.apache.ratis.thirdparty.io.grpc.StatusRuntimeException: UNAVAILABLE: io exception
2020-05-27 19:33:10,326 [8517f1c7-f3e1-454a-ad82-74e7a1dbb9de@group-84E8A371D2C6-LeaderElection23] INFO  impl.LeaderElection (LogUtils.java:infoOrTrace(137)) - 8517f1c7-f3e1-454a-ad82-74e7a1dbb9de@group-84E8A371D2C6-LeaderElection23 got exception when requesting votes: java.util.concurrent.ExecutionException: org.apache.ratis.thirdparty.io.grpc.StatusRuntimeException: UNAVAILABLE: io exception
2020-05-27 19:33:10,326 [8517f1c7-f3e1-454a-ad82-74e7a1dbb9de@group-84E8A371D2C6-LeaderElection23] INFO  impl.LeaderElection (LeaderElection.java:logAndReturn(61)) - 8517f1c7-f3e1-454a-ad82-74e7a1dbb9de@group-84E8A371D2C6-LeaderElection23: Election REJECTED; received 0 response(s) [] and 2 exception(s); 8517f1c7-f3e1-454a-ad82-74e7a1dbb9de@group-84E8A371D2C6:t3, leader=null, voted=8517f1c7-f3e1-454a-ad82-74e7a1dbb9de, raftlog=8517f1c7-f3e1-454a-ad82-74e7a1dbb9de@group-84E8A371D2C6-SegmentedRaftLog:OPENED:c6,f6,i6, conf=0: [7aed9675-d015-411c-894d-27da46c364a7:172.17.0.2:39715, ca2c986f-4912-4d51-86c7-28829081ffa0:172.17.0.2:37767, 8517f1c7-f3e1-454a-ad82-74e7a1dbb9de:172.17.0.2:39899], old=null
2020-05-27 19:33:10,327 [8517f1c7-f3e1-454a-ad82-74e7a1dbb9de@group-84E8A371D2C6-LeaderElection23] INFO  impl.LeaderElection (LogUtils.java:infoOrTrace(137)) -   Exception 0: java.util.concurrent.ExecutionException: org.apache.ratis.thirdparty.io.grpc.StatusRuntimeException: UNAVAILABLE: io exception
2020-05-27 19:33:10,327 [8517f1c7-f3e1-454a-ad82-74e7a1dbb9de@group-84E8A371D2C6-LeaderElection23] INFO  impl.LeaderElection (LogUtils.java:infoOrTrace(137)) -   Exception 1: java.util.concurrent.ExecutionException: org.apache.ratis.thirdparty.io.grpc.StatusRuntimeException: UNAVAILABLE: io exception
2020-05-27 19:33:10,327 [8517f1c7-f3e1-454a-ad82-74e7a1dbb9de@group-84E8A371D2C6-LeaderElection23] INFO  impl.RaftServerImpl (RaftServerImpl.java:setRole(173)) - 8517f1c7-f3e1-454a-ad82-74e7a1dbb9de@group-84E8A371D2C6: changes role from CANDIDATE to FOLLOWER at term 3 for DISCOVERED_A_NEW_TERM
2020-05-27 19:33:10,327 [8517f1c7-f3e1-454a-ad82-74e7a1dbb9de@group-84E8A371D2C6-LeaderElection23] INFO  impl.RoleInfo (RoleInfo.java:shutdownLeaderElection(134)) - 8517f1c7-f3e1-454a-ad82-74e7a1dbb9de: shutdown LeaderElection
2020-05-27 19:33:10,327 [8517f1c7-f3e1-454a-ad82-74e7a1dbb9de@group-84E8A371D2C6-LeaderElection23] INFO  impl.RoleInfo (RoleInfo.java:updateAndGet(143)) - 8517f1c7-f3e1-454a-ad82-74e7a1dbb9de: start FollowerState
2020-05-27 19:33:10,728 [grpc-default-executor-7] WARN  server.GrpcLogAppender (LogUtils.java:warn(122)) - 98c33ea6-fb47-41c3-bd3d-1c17f3427380@group-08DDE34C77D1->f1f3a69c-d257-43b6-814a-48c5022c930f-AppendLogResponseHandler: Failed appendEntries: org.apache.ratis.thirdparty.io.grpc.StatusRuntimeException: UNAVAILABLE: io exception
2020-05-27 19:33:10,730 [grpc-default-executor-7] INFO  impl.FollowerInfo (FollowerInfo.java:lambda$new$0(50)) - 98c33ea6-fb47-41c3-bd3d-1c17f3427380@group-08DDE34C77D1->f1f3a69c-d257-43b6-814a-48c5022c930f: nextIndex: updateUnconditionally 1 -> 0
2020-05-27 19:33:11,230 [grpc-default-executor-4] WARN  server.GrpcLogAppender (LogUtils.java:warn(122)) - 98c33ea6-fb47-41c3-bd3d-1c17f3427380@group-08DDE34C77D1->f1f3a69c-d257-43b6-814a-48c5022c930f-AppendLogResponseHandler: Failed appendEntries: org.apache.ratis.thirdparty.io.grpc.StatusRuntimeException: UNAVAILABLE: io exception
2020-05-27 19:33:11,231 [grpc-default-executor-4] INFO  impl.FollowerInfo (FollowerInfo.java:lambda$new$0(50)) - 98c33ea6-fb47-41c3-bd3d-1c17f3427380@group-08DDE34C77D1->f1f3a69c-d257-43b6-814a-48c5022c930f: nextIndex: updateUnconditionally 1 -> 0
2020-05-27 19:33:11,453 [Thread-977] INFO  impl.FollowerState (FollowerState.java:run(108)) - 8517f1c7-f3e1-454a-ad82-74e7a1dbb9de@group-84E8A371D2C6-FollowerState: change to CANDIDATE, lastRpcTime:1126ms, electionTimeout:1126ms
2020-05-27 19:33:11,454 [Thread-977] INFO  impl.RoleInfo (RoleInfo.java:shutdownFollowerState(121)) - 8517f1c7-f3e1-454a-ad82-74e7a1dbb9de: shutdown FollowerState
2020-05-27 19:33:11,454 [Thread-977] INFO  impl.RaftServerImpl (RaftServerImpl.java:setRole(173)) - 8517f1c7-f3e1-454a-ad82-74e7a1dbb9de@group-84E8A371D2C6: changes role from  FOLLOWER to CANDIDATE at term 3 for changeToCandidate
2020-05-27 19:33:11,454 [Thread-977] INFO  impl.RoleInfo (RoleInfo.java:updateAndGet(143)) - 8517f1c7-f3e1-454a-ad82-74e7a1dbb9de: start LeaderElection
2020-05-27 19:33:11,456 [8517f1c7-f3e1-454a-ad82-74e7a1dbb9de@group-84E8A371D2C6-LeaderElection24] INFO  impl.LeaderElection (LeaderElection.java:askForVotes(206)) - 8517f1c7-f3e1-454a-ad82-74e7a1dbb9de@group-84E8A371D2C6-LeaderElection24: begin an election at term 4 for 0: [7aed9675-d015-411c-894d-27da46c364a7:172.17.0.2:39715, ca2c986f-4912-4d51-86c7-28829081ffa0:172.17.0.2:37767, 8517f1c7-f3e1-454a-ad82-74e7a1dbb9de:172.17.0.2:39899], old=null
2020-05-27 19:33:11,457 [8517f1c7-f3e1-454a-ad82-74e7a1dbb9de@group-84E8A371D2C6-LeaderElection24] INFO  impl.LeaderElection (LogUtils.java:infoOrTrace(137)) - 8517f1c7-f3e1-454a-ad82-74e7a1dbb9de@group-84E8A371D2C6-LeaderElection24 got exception when requesting votes: java.util.concurrent.ExecutionException: org.apache.ratis.thirdparty.io.grpc.StatusRuntimeException: UNAVAILABLE: io exception
2020-05-27 19:33:11,457 [8517f1c7-f3e1-454a-ad82-74e7a1dbb9de@group-84E8A371D2C6-LeaderElection24] INFO  impl.LeaderElection (LogUtils.java:infoOrTrace(137)) - 8517f1c7-f3e1-454a-ad82-74e7a1dbb9de@group-84E8A371D2C6-LeaderElection24 got exception when requesting votes: java.util.concurrent.ExecutionException: org.apache.ratis.thirdparty.io.grpc.StatusRuntimeException: UNAVAILABLE: io exception
2020-05-27 19:33:11,458 [8517f1c7-f3e1-454a-ad82-74e7a1dbb9de@group-84E8A371D2C6-LeaderElection24] INFO  impl.LeaderElection (LeaderElection.java:logAndReturn(61)) - 8517f1c7-f3e1-454a-ad82-74e7a1dbb9de@group-84E8A371D2C6-LeaderElection24: Election REJECTED; received 0 response(s) [] and 2 exception(s); 8517f1c7-f3e1-454a-ad82-74e7a1dbb9de@group-84E8A371D2C6:t4, leader=null, voted=8517f1c7-f3e1-454a-ad82-74e7a1dbb9de, raftlog=8517f1c7-f3e1-454a-ad82-74e7a1dbb9de@group-84E8A371D2C6-SegmentedRaftLog:OPENED:c6,f6,i6, conf=0: [7aed9675-d015-411c-894d-27da46c364a7:172.17.0.2:39715, ca2c986f-4912-4d51-86c7-28829081ffa0:172.17.0.2:37767, 8517f1c7-f3e1-454a-ad82-74e7a1dbb9de:172.17.0.2:39899], old=null
2020-05-27 19:33:11,458 [8517f1c7-f3e1-454a-ad82-74e7a1dbb9de@group-84E8A371D2C6-LeaderElection24] INFO  impl.LeaderElection (LogUtils.java:infoOrTrace(137)) -   Exception 0: java.util.concurrent.ExecutionException: org.apache.ratis.thirdparty.io.grpc.StatusRuntimeException: UNAVAILABLE: io exception
2020-05-27 19:33:11,458 [8517f1c7-f3e1-454a-ad82-74e7a1dbb9de@group-84E8A371D2C6-LeaderElection24] INFO  impl.LeaderElection (LogUtils.java:infoOrTrace(137)) -   Exception 1: java.util.concurrent.ExecutionException: org.apache.ratis.thirdparty.io.grpc.StatusRuntimeException: UNAVAILABLE: io exception
2020-05-27 19:33:11,458 [8517f1c7-f3e1-454a-ad82-74e7a1dbb9de@group-84E8A371D2C6-LeaderElection24] INFO  impl.RaftServerImpl (RaftServerImpl.java:setRole(173)) - 8517f1c7-f3e1-454a-ad82-74e7a1dbb9de@group-84E8A371D2C6: changes role from CANDIDATE to FOLLOWER at term 4 for DISCOVERED_A_NEW_TERM
2020-05-27 19:33:11,458 [8517f1c7-f3e1-454a-ad82-74e7a1dbb9de@group-84E8A371D2C6-LeaderElection24] INFO  impl.RoleInfo (RoleInfo.java:shutdownLeaderElection(134)) - 8517f1c7-f3e1-454a-ad82-74e7a1dbb9de: shutdown LeaderElection
2020-05-27 19:33:11,458 [8517f1c7-f3e1-454a-ad82-74e7a1dbb9de@group-84E8A371D2C6-LeaderElection24] INFO  impl.RoleInfo (RoleInfo.java:updateAndGet(143)) - 8517f1c7-f3e1-454a-ad82-74e7a1dbb9de: start FollowerState
2020-05-27 19:33:11,732 [grpc-default-executor-7] WARN  server.GrpcLogAppender (LogUtils.java:warn(122)) - 98c33ea6-fb47-41c3-bd3d-1c17f3427380@group-08DDE34C77D1->f1f3a69c-d257-43b6-814a-48c5022c930f-AppendLogResponseHandler: Failed appendEntries: org.apache.ratis.thirdparty.io.grpc.StatusRuntimeException: UNAVAILABLE: io exception
2020-05-27 19:33:11,733 [grpc-default-executor-7] INFO  impl.FollowerInfo (FollowerInfo.java:lambda$new$0(50)) - 98c33ea6-fb47-41c3-bd3d-1c17f3427380@group-08DDE34C77D1->f1f3a69c-d257-43b6-814a-48c5022c930f: nextIndex: updateUnconditionally 1 -> 0
2020-05-27 19:33:12,233 [grpc-default-executor-4] WARN  server.GrpcLogAppender (LogUtils.java:warn(122)) - 98c33ea6-fb47-41c3-bd3d-1c17f3427380@group-08DDE34C77D1->f1f3a69c-d257-43b6-814a-48c5022c930f-AppendLogResponseHandler: Failed appendEntries: org.apache.ratis.thirdparty.io.grpc.StatusRuntimeException: UNAVAILABLE: io exception
2020-05-27 19:33:12,234 [grpc-default-executor-4] INFO  impl.FollowerInfo (FollowerInfo.java:lambda$new$0(50)) - 98c33ea6-fb47-41c3-bd3d-1c17f3427380@group-08DDE34C77D1->f1f3a69c-d257-43b6-814a-48c5022c930f: nextIndex: updateUnconditionally 1 -> 0
2020-05-27 19:33:12,479 [Listener at 127.0.0.1/45217] INFO  ozoneimpl.OzoneContainer (OzoneContainer.java:stop(246)) - Attempting to stop container services.
2020-05-27 19:33:12,480 [Listener at 127.0.0.1/45217] INFO  impl.RaftServerProxy (RaftServerProxy.java:lambda$close$4(314)) - 98c33ea6-fb47-41c3-bd3d-1c17f3427380: close
2020-05-27 19:33:12,480 [Listener at 127.0.0.1/45217] INFO  impl.RaftServerImpl (RaftServerImpl.java:lambda$shutdown$3(250)) - 98c33ea6-fb47-41c3-bd3d-1c17f3427380@group-08DDE34C77D1: shutdown
2020-05-27 19:33:12,480 [Listener at 127.0.0.1/45217] INFO  util.JmxRegister (JmxRegister.java:unregister(73)) - Successfully un-registered JMX Bean with object name Ratis:service=RaftServer,group=group-08DDE34C77D1,id=98c33ea6-fb47-41c3-bd3d-1c17f3427380
2020-05-27 19:33:12,481 [Listener at 127.0.0.1/45217] INFO  impl.RoleInfo (RoleInfo.java:shutdownLeaderState(104)) - 98c33ea6-fb47-41c3-bd3d-1c17f3427380: shutdown LeaderState
2020-05-27 19:33:12,481 [org.apache.ratis.server.impl.LogAppender$AppenderDaemon$$Lambda$438/1007750772@37be197e] WARN  server.GrpcLogAppender (GrpcLogAppender.java:mayWait(153)) - 98c33ea6-fb47-41c3-bd3d-1c17f3427380@group-08DDE34C77D1->f1f3a69c-d257-43b6-814a-48c5022c930f-GrpcLogAppender: Wait interrupted by java.lang.InterruptedException
2020-05-27 19:33:12,482 [org.apache.ratis.server.impl.LogAppender$AppenderDaemon$$Lambda$438/1007750772@1ca4ac4b] WARN  server.GrpcLogAppender (GrpcLogAppender.java:mayWait(153)) - 98c33ea6-fb47-41c3-bd3d-1c17f3427380@group-08DDE34C77D1->0ab43432-34fe-4306-a50d-0ea23314de87-GrpcLogAppender: Wait interrupted by java.lang.InterruptedException
2020-05-27 19:33:12,482 [Listener at 127.0.0.1/45217] INFO  impl.PendingRequests (PendingRequests.java:sendNotLeaderResponses(242)) - 98c33ea6-fb47-41c3-bd3d-1c17f3427380@group-08DDE34C77D1-PendingRequests: sendNotLeaderResponses
2020-05-27 19:33:12,482 [Listener at 127.0.0.1/45217] INFO  metrics.RatisMetrics (RatisMetrics.java:unregister(46)) - Unregistering Metrics Registry : ratis.log_appender.98c33ea6-fb47-41c3-bd3d-1c17f3427380@group-08DDE34C77D1
2020-05-27 19:33:12,483 [grpc-default-executor-4] INFO  server.GrpcServerProtocolService (GrpcServerProtocolService.java:onCompleted(137)) - 0ab43432-34fe-4306-a50d-0ea23314de87: Completed APPEND_ENTRIES, lastRequest: 98c33ea6-fb47-41c3-bd3d-1c17f3427380->0ab43432-34fe-4306-a50d-0ea23314de87#1-t3, previous=(t:0, i:0), leaderCommit=-1, initializing? false, entries: size=1, first=(t:3, i:0), CONFIGURATIONENTRY
2020-05-27 19:33:12,483 [98c33ea6-fb47-41c3-bd3d-1c17f3427380@group-08DDE34C77D1-StateMachineUpdater] INFO  ratis.ContainerStateMachine (ContainerStateMachine.java:takeSnapshot(288)) - group-08DDE34C77D1: Taking a snapshot at:(t:3, i:0) file /github/workspace/mnt/ozone/hadoop-ozone/integration-test/target/test-dir/MiniOzoneClusterImpl-f0010636-4b6e-4820-a6ed-9dd9125fe66b/datanode-8/data/ratis/f4cf136f-dea7-4e47-9282-08dde34c77d1/sm/snapshot.3_0
2020-05-27 19:33:12,483 [Listener at 127.0.0.1/45217] INFO  impl.StateMachineUpdater (StateMachineUpdater.java:stopAndJoin(142)) - 98c33ea6-fb47-41c3-bd3d-1c17f3427380@group-08DDE34C77D1-StateMachineUpdater: set stopIndex = 0
2020-05-27 19:33:12,484 [grpc-default-executor-7] INFO  server.GrpcLogAppender (GrpcLogAppender.java:onCompleted(309)) - 98c33ea6-fb47-41c3-bd3d-1c17f3427380@group-08DDE34C77D1->0ab43432-34fe-4306-a50d-0ea23314de87-AppendLogResponseHandler: follower responses appendEntries COMPLETED
2020-05-27 19:33:12,484 [98c33ea6-fb47-41c3-bd3d-1c17f3427380@group-08DDE34C77D1-StateMachineUpdater] INFO  ratis.ContainerStateMachine (ContainerStateMachine.java:takeSnapshot(299)) - group-08DDE34C77D1: Finished taking a snapshot at:(t:3, i:0) file:/github/workspace/mnt/ozone/hadoop-ozone/integration-test/target/test-dir/MiniOzoneClusterImpl-f0010636-4b6e-4820-a6ed-9dd9125fe66b/datanode-8/data/ratis/f4cf136f-dea7-4e47-9282-08dde34c77d1/sm/snapshot.3_0 time:1
2020-05-27 19:33:12,484 [98c33ea6-fb47-41c3-bd3d-1c17f3427380@group-08DDE34C77D1-StateMachineUpdater] INFO  impl.StateMachineUpdater (StateMachineUpdater.java:takeSnapshot(277)) - 98c33ea6-fb47-41c3-bd3d-1c17f3427380@group-08DDE34C77D1-StateMachineUpdater: Took a snapshot at index 0
2020-05-27 19:33:12,484 [98c33ea6-fb47-41c3-bd3d-1c17f3427380@group-08DDE34C77D1-StateMachineUpdater] INFO  impl.StateMachineUpdater (StateMachineUpdater.java:lambda$new$0(87)) - 98c33ea6-fb47-41c3-bd3d-1c17f3427380@group-08DDE34C77D1-StateMachineUpdater: snapshotIndex: updateIncreasingly -1 -> 0
2020-05-27 19:33:12,484 [98c33ea6-fb47-41c3-bd3d-1c17f3427380@group-08DDE34C77D1-StateMachineUpdater] INFO  metrics.RatisMetrics (RatisMetrics.java:unregister(46)) - Unregistering Metrics Registry : ratis.state_machine.98c33ea6-fb47-41c3-bd3d-1c17f3427380@group-08DDE34C77D1
2020-05-27 19:33:12,485 [Listener at 127.0.0.1/45217] INFO  impl.RaftServerImpl (ServerState.java:close(387)) - 98c33ea6-fb47-41c3-bd3d-1c17f3427380@group-08DDE34C77D1: closes. applyIndex: 0
2020-05-27 19:33:12,485 [98c33ea6-fb47-41c3-bd3d-1c17f3427380@group-08DDE34C77D1-SegmentedRaftLogWorker] INFO  segmented.SegmentedRaftLogWorker (SegmentedRaftLogWorker.java:run(321)) - 98c33ea6-fb47-41c3-bd3d-1c17f3427380@group-08DDE34C77D1-SegmentedRaftLogWorker was interrupted, exiting. There are 0 tasks remaining in the queue.
2020-05-27 19:33:12,485 [Listener at 127.0.0.1/45217] INFO  segmented.SegmentedRaftLogWorker (SegmentedRaftLogWorker.java:close(229)) - 98c33ea6-fb47-41c3-bd3d-1c17f3427380@group-08DDE34C77D1-SegmentedRaftLogWorker close()
2020-05-27 19:33:12,486 [grpc-default-executor-7] INFO  impl.FollowerInfo (FollowerInfo.java:lambda$new$0(50)) - 98c33ea6-fb47-41c3-bd3d-1c17f3427380@group-08DDE34C77D1->0ab43432-34fe-4306-a50d-0ea23314de87: nextIndex: updateUnconditionally 1 -> 0
2020-05-27 19:33:12,486 [Listener at 127.0.0.1/45217] INFO  metrics.RatisMetrics (RatisMetrics.java:unregister(46)) - Unregistering Metrics Registry : ratis.log_worker.98c33ea6-fb47-41c3-bd3d-1c17f3427380
2020-05-27 19:33:12,487 [Listener at 127.0.0.1/45217] INFO  metrics.RatisMetrics (RatisMetrics.java:unregister(46)) - Unregistering Metrics Registry : ratis.leader_election.98c33ea6-fb47-41c3-bd3d-1c17f3427380@group-08DDE34C77D1
2020-05-27 19:33:12,487 [Listener at 127.0.0.1/45217] INFO  metrics.RatisMetrics (RatisMetrics.java:unregister(46)) - Unregistering Metrics Registry : ratis.server.98c33ea6-fb47-41c3-bd3d-1c17f3427380@group-08DDE34C77D1
2020-05-27 19:33:12,487 [Listener at 127.0.0.1/45217] INFO  impl.RaftServerImpl (RaftServerImpl.java:lambda$shutdown$3(250)) - 98c33ea6-fb47-41c3-bd3d-1c17f3427380@group-DAE41532BAFE: shutdown
2020-05-27 19:33:12,487 [Listener at 127.0.0.1/45217] INFO  util.JmxRegister (JmxRegister.java:unregister(73)) - Successfully un-registered JMX Bean with object name Ratis:service=RaftServer,group=group-DAE41532BAFE,id=98c33ea6-fb47-41c3-bd3d-1c17f3427380
2020-05-27 19:33:12,487 [Listener at 127.0.0.1/45217] INFO  impl.RoleInfo (RoleInfo.java:shutdownLeaderState(104)) - 98c33ea6-fb47-41c3-bd3d-1c17f3427380: shutdown LeaderState
2020-05-27 19:33:12,488 [Listener at 127.0.0.1/45217] INFO  impl.PendingRequests (PendingRequests.java:sendNotLeaderResponses(242)) - 98c33ea6-fb47-41c3-bd3d-1c17f3427380@group-DAE41532BAFE-PendingRequests: sendNotLeaderResponses
2020-05-27 19:33:12,488 [Listener at 127.0.0.1/45217] INFO  metrics.RatisMetrics (RatisMetrics.java:unregister(46)) - Unregistering Metrics Registry : ratis.log_appender.98c33ea6-fb47-41c3-bd3d-1c17f3427380@group-DAE41532BAFE
2020-05-27 19:33:12,488 [Listener at 127.0.0.1/45217] INFO  impl.StateMachineUpdater (StateMachineUpdater.java:stopAndJoin(142)) - 98c33ea6-fb47-41c3-bd3d-1c17f3427380@group-DAE41532BAFE-StateMachineUpdater: set stopIndex = 0
2020-05-27 19:33:12,488 [98c33ea6-fb47-41c3-bd3d-1c17f3427380@group-DAE41532BAFE-StateMachineUpdater] INFO  ratis.ContainerStateMachine (ContainerStateMachine.java:takeSnapshot(288)) - group-DAE41532BAFE: Taking a snapshot at:(t:1, i:0) file /github/workspace/mnt/ozone/hadoop-ozone/integration-test/target/test-dir/MiniOzoneClusterImpl-f0010636-4b6e-4820-a6ed-9dd9125fe66b/datanode-8/data/ratis/97e9f1ac-6d89-4715-a322-dae41532bafe/sm/snapshot.1_0
2020-05-27 19:33:12,492 [98c33ea6-fb47-41c3-bd3d-1c17f3427380@group-DAE41532BAFE-StateMachineUpdater] INFO  ratis.ContainerStateMachine (ContainerStateMachine.java:takeSnapshot(299)) - group-DAE41532BAFE: Finished taking a snapshot at:(t:1, i:0) file:/github/workspace/mnt/ozone/hadoop-ozone/integration-test/target/test-dir/MiniOzoneClusterImpl-f0010636-4b6e-4820-a6ed-9dd9125fe66b/datanode-8/data/ratis/97e9f1ac-6d89-4715-a322-dae41532bafe/sm/snapshot.1_0 time:3
2020-05-27 19:33:12,493 [98c33ea6-fb47-41c3-bd3d-1c17f3427380@group-DAE41532BAFE-StateMachineUpdater] INFO  impl.StateMachineUpdater (StateMachineUpdater.java:takeSnapshot(277)) - 98c33ea6-fb47-41c3-bd3d-1c17f3427380@group-DAE41532BAFE-StateMachineUpdater: Took a snapshot at index 0
2020-05-27 19:33:12,493 [98c33ea6-fb47-41c3-bd3d-1c17f3427380@group-DAE41532BAFE-StateMachineUpdater] INFO  impl.StateMachineUpdater (StateMachineUpdater.java:lambda$new$0(87)) - 98c33ea6-fb47-41c3-bd3d-1c17f3427380@group-DAE41532BAFE-StateMachineUpdater: snapshotIndex: updateIncreasingly -1 -> 0
2020-05-27 19:33:12,493 [98c33ea6-fb47-41c3-bd3d-1c17f3427380@group-DAE41532BAFE-StateMachineUpdater] INFO  metrics.RatisMetrics (RatisMetrics.java:unregister(46)) - Unregistering Metrics Registry : ratis.state_machine.98c33ea6-fb47-41c3-bd3d-1c17f3427380@group-DAE41532BAFE
2020-05-27 19:33:12,493 [Listener at 127.0.0.1/45217] INFO  impl.RaftServerImpl (ServerState.java:close(387)) - 98c33ea6-fb47-41c3-bd3d-1c17f3427380@group-DAE41532BAFE: closes. applyIndex: 0
2020-05-27 19:33:12,494 [98c33ea6-fb47-41c3-bd3d-1c17f3427380@group-DAE41532BAFE-SegmentedRaftLogWorker] INFO  segmented.SegmentedRaftLogWorker (SegmentedRaftLogWorker.java:run(321)) - 98c33ea6-fb47-41c3-bd3d-1c17f3427380@group-DAE41532BAFE-SegmentedRaftLogWorker was interrupted, exiting. There are 0 tasks remaining in the queue.
2020-05-27 19:33:12,494 [Listener at 127.0.0.1/45217] INFO  segmented.SegmentedRaftLogWorker (SegmentedRaftLogWorker.java:close(229)) - 98c33ea6-fb47-41c3-bd3d-1c17f3427380@group-DAE41532BAFE-SegmentedRaftLogWorker close()
2020-05-27 19:33:12,496 [Listener at 127.0.0.1/45217] INFO  metrics.RatisMetrics (RatisMetrics.java:unregister(46)) - Unregistering Metrics Registry : ratis.log_worker.98c33ea6-fb47-41c3-bd3d-1c17f3427380
2020-05-27 19:33:12,496 [Listener at 127.0.0.1/45217] INFO  metrics.RatisMetrics (RatisMetrics.java:unregister(46)) - Unregistering Metrics Registry : ratis.leader_election.98c33ea6-fb47-41c3-bd3d-1c17f3427380@group-DAE41532BAFE
2020-05-27 19:33:12,497 [ForkJoinPool.commonPool-worker-0] INFO  ozoneimpl.OzoneContainer (OzoneContainer.java:stop(246)) - Attempting to stop container services.
2020-05-27 19:33:12,497 [Listener at 127.0.0.1/45217] INFO  metrics.RatisMetrics (RatisMetrics.java:unregister(46)) - Unregistering Metrics Registry : ratis.server.98c33ea6-fb47-41c3-bd3d-1c17f3427380@group-DAE41532BAFE
2020-05-27 19:33:12,497 [ForkJoinPool.commonPool-worker-0] INFO  impl.RaftServerProxy (RaftServerProxy.java:lambda$close$4(314)) - 8517f1c7-f3e1-454a-ad82-74e7a1dbb9de: close
2020-05-27 19:33:12,498 [ForkJoinPool.commonPool-worker-0] INFO  impl.RaftServerImpl (RaftServerImpl.java:lambda$shutdown$3(250)) - 8517f1c7-f3e1-454a-ad82-74e7a1dbb9de@group-7DD91C2E09DE: shutdown
2020-05-27 19:33:12,498 [ForkJoinPool.commonPool-worker-0] INFO  util.JmxRegister (JmxRegister.java:unregister(73)) - Successfully un-registered JMX Bean with object name Ratis:service=RaftServer,group=group-7DD91C2E09DE,id=8517f1c7-f3e1-454a-ad82-74e7a1dbb9de
2020-05-27 19:33:12,498 [ForkJoinPool.commonPool-worker-0] INFO  impl.RoleInfo (RoleInfo.java:shutdownLeaderState(104)) - 8517f1c7-f3e1-454a-ad82-74e7a1dbb9de: shutdown LeaderState
2020-05-27 19:33:12,498 [ForkJoinPool.commonPool-worker-0] INFO  impl.PendingRequests (PendingRequests.java:sendNotLeaderResponses(242)) - 8517f1c7-f3e1-454a-ad82-74e7a1dbb9de@group-7DD91C2E09DE-PendingRequests: sendNotLeaderResponses
2020-05-27 19:33:12,498 [ForkJoinPool.commonPool-worker-0] INFO  metrics.RatisMetrics (RatisMetrics.java:unregister(46)) - Unregistering Metrics Registry : ratis.log_appender.8517f1c7-f3e1-454a-ad82-74e7a1dbb9de@group-7DD91C2E09DE
2020-05-27 19:33:12,498 [ForkJoinPool.commonPool-worker-0] INFO  impl.StateMachineUpdater (StateMachineUpdater.java:stopAndJoin(142)) - 8517f1c7-f3e1-454a-ad82-74e7a1dbb9de@group-7DD91C2E09DE-StateMachineUpdater: set stopIndex = 0
2020-05-27 19:33:12,499 [8517f1c7-f3e1-454a-ad82-74e7a1dbb9de@group-7DD91C2E09DE-StateMachineUpdater] INFO  ratis.ContainerStateMachine (ContainerStateMachine.java:takeSnapshot(288)) - group-7DD91C2E09DE: Taking a snapshot at:(t:1, i:0) file /github/workspace/mnt/ozone/hadoop-ozone/integration-test/target/test-dir/MiniOzoneClusterImpl-f0010636-4b6e-4820-a6ed-9dd9125fe66b/datanode-1/data/ratis/ab5c7280-efe6-43b4-8a14-7dd91c2e09de/sm/snapshot.1_0
2020-05-27 19:33:12,499 [Listener at 127.0.0.1/45217] INFO  server.GrpcService (GrpcService.java:closeImpl(165)) - 98c33ea6-fb47-41c3-bd3d-1c17f3427380: shutdown server with port 32845 now
2020-05-27 19:33:12,500 [8517f1c7-f3e1-454a-ad82-74e7a1dbb9de@group-7DD91C2E09DE-StateMachineUpdater] INFO  ratis.ContainerStateMachine (ContainerStateMachine.java:takeSnapshot(299)) - group-7DD91C2E09DE: Finished taking a snapshot at:(t:1, i:0) file:/github/workspace/mnt/ozone/hadoop-ozone/integration-test/target/test-dir/MiniOzoneClusterImpl-f0010636-4b6e-4820-a6ed-9dd9125fe66b/datanode-1/data/ratis/ab5c7280-efe6-43b4-8a14-7dd91c2e09de/sm/snapshot.1_0 time:1
2020-05-27 19:33:12,500 [8517f1c7-f3e1-454a-ad82-74e7a1dbb9de@group-7DD91C2E09DE-StateMachineUpdater] INFO  impl.StateMachineUpdater (StateMachineUpdater.java:takeSnapshot(277)) - 8517f1c7-f3e1-454a-ad82-74e7a1dbb9de@group-7DD91C2E09DE-StateMachineUpdater: Took a snapshot at index 0
2020-05-27 19:33:12,500 [8517f1c7-f3e1-454a-ad82-74e7a1dbb9de@group-7DD91C2E09DE-StateMachineUpdater] INFO  impl.StateMachineUpdater (StateMachineUpdater.java:lambda$new$0(87)) - 8517f1c7-f3e1-454a-ad82-74e7a1dbb9de@group-7DD91C2E09DE-StateMachineUpdater: snapshotIndex: updateIncreasingly -1 -> 0
2020-05-27 19:33:12,500 [8517f1c7-f3e1-454a-ad82-74e7a1dbb9de@group-7DD91C2E09DE-StateMachineUpdater] INFO  metrics.RatisMetrics (RatisMetrics.java:unregister(46)) - Unregistering Metrics Registry : ratis.state_machine.8517f1c7-f3e1-454a-ad82-74e7a1dbb9de@group-7DD91C2E09DE
2020-05-27 19:33:12,500 [ForkJoinPool.commonPool-worker-0] INFO  impl.RaftServerImpl (ServerState.java:close(387)) - 8517f1c7-f3e1-454a-ad82-74e7a1dbb9de@group-7DD91C2E09DE: closes. applyIndex: 0
2020-05-27 19:33:12,501 [8517f1c7-f3e1-454a-ad82-74e7a1dbb9de@group-7DD91C2E09DE-SegmentedRaftLogWorker] INFO  segmented.SegmentedRaftLogWorker (SegmentedRaftLogWorker.java:run(321)) - 8517f1c7-f3e1-454a-ad82-74e7a1dbb9de@group-7DD91C2E09DE-SegmentedRaftLogWorker was interrupted, exiting. There are 0 tasks remaining in the queue.
2020-05-27 19:33:12,501 [ForkJoinPool.commonPool-worker-0] INFO  segmented.SegmentedRaftLogWorker (SegmentedRaftLogWorker.java:close(229)) - 8517f1c7-f3e1-454a-ad82-74e7a1dbb9de@group-7DD91C2E09DE-SegmentedRaftLogWorker close()
2020-05-27 19:33:12,508 [Listener at 127.0.0.1/45217] INFO  server.GrpcService (GrpcService.java:closeImpl(173)) - 98c33ea6-fb47-41c3-bd3d-1c17f3427380: shutdown server with port 32845 successfully
2020-05-27 19:33:12,508 [ForkJoinPool.commonPool-worker-0] INFO  metrics.RatisMetrics (RatisMetrics.java:unregister(46)) - Unregistering Metrics Registry : ratis.log_worker.8517f1c7-f3e1-454a-ad82-74e7a1dbb9de
2020-05-27 19:33:12,509 [ForkJoinPool.commonPool-worker-0] INFO  metrics.RatisMetrics (RatisMetrics.java:unregister(46)) - Unregistering Metrics Registry : ratis.leader_election.8517f1c7-f3e1-454a-ad82-74e7a1dbb9de@group-7DD91C2E09DE
2020-05-27 19:33:12,510 [ForkJoinPool.commonPool-worker-0] INFO  metrics.RatisMetrics (RatisMetrics.java:unregister(46)) - Unregistering Metrics Registry : ratis.server.8517f1c7-f3e1-454a-ad82-74e7a1dbb9de@group-7DD91C2E09DE
2020-05-27 19:33:12,510 [ForkJoinPool.commonPool-worker-0] INFO  impl.RaftServerImpl (RaftServerImpl.java:lambda$shutdown$3(250)) - 8517f1c7-f3e1-454a-ad82-74e7a1dbb9de@group-84E8A371D2C6: shutdown
2020-05-27 19:33:12,510 [ForkJoinPool.commonPool-worker-0] INFO  util.JmxRegister (JmxRegister.java:unregister(73)) - Successfully un-registered JMX Bean with object name Ratis:service=RaftServer,group=group-84E8A371D2C6,id=8517f1c7-f3e1-454a-ad82-74e7a1dbb9de
2020-05-27 19:33:12,510 [ForkJoinPool.commonPool-worker-0] INFO  impl.RoleInfo (RoleInfo.java:shutdownFollowerState(121)) - 8517f1c7-f3e1-454a-ad82-74e7a1dbb9de: shutdown FollowerState
2020-05-27 19:33:12,509 [Listener at 127.0.0.1/45217] INFO  utils.BackgroundService (BackgroundService.java:shutdown(157)) - Shutting down service BlockDeletingService
2020-05-27 19:33:12,510 [Thread-983] INFO  impl.FollowerState (FollowerState.java:run(117)) - 8517f1c7-f3e1-454a-ad82-74e7a1dbb9de@group-84E8A371D2C6-FollowerState was interrupted: java.lang.InterruptedException: sleep interrupted
2020-05-27 19:33:12,511 [8517f1c7-f3e1-454a-ad82-74e7a1dbb9de@group-84E8A371D2C6-StateMachineUpdater] INFO  ratis.ContainerStateMachine (ContainerStateMachine.java:takeSnapshot(288)) - group-84E8A371D2C6: Taking a snapshot at:(t:1, i:6) file /github/workspace/mnt/ozone/hadoop-ozone/integration-test/target/test-dir/MiniOzoneClusterImpl-f0010636-4b6e-4820-a6ed-9dd9125fe66b/datanode-1/data/ratis/536519cf-b774-478c-afba-84e8a371d2c6/sm/snapshot.1_6
2020-05-27 19:33:12,511 [ForkJoinPool.commonPool-worker-0] INFO  impl.StateMachineUpdater (StateMachineUpdater.java:stopAndJoin(142)) - 8517f1c7-f3e1-454a-ad82-74e7a1dbb9de@group-84E8A371D2C6-StateMachineUpdater: set stopIndex = 6
2020-05-27 19:33:12,513 [8517f1c7-f3e1-454a-ad82-74e7a1dbb9de@group-84E8A371D2C6-StateMachineUpdater] INFO  ratis.ContainerStateMachine (ContainerStateMachine.java:takeSnapshot(299)) - group-84E8A371D2C6: Finished taking a snapshot at:(t:1, i:6) file:/github/workspace/mnt/ozone/hadoop-ozone/integration-test/target/test-dir/MiniOzoneClusterImpl-f0010636-4b6e-4820-a6ed-9dd9125fe66b/datanode-1/data/ratis/536519cf-b774-478c-afba-84e8a371d2c6/sm/snapshot.1_6 time:2
2020-05-27 19:33:12,513 [8517f1c7-f3e1-454a-ad82-74e7a1dbb9de@group-84E8A371D2C6-StateMachineUpdater] INFO  impl.StateMachineUpdater (StateMachineUpdater.java:takeSnapshot(277)) - 8517f1c7-f3e1-454a-ad82-74e7a1dbb9de@group-84E8A371D2C6-StateMachineUpdater: Took a snapshot at index 6
2020-05-27 19:33:12,514 [8517f1c7-f3e1-454a-ad82-74e7a1dbb9de@group-84E8A371D2C6-StateMachineUpdater] INFO  impl.StateMachineUpdater (StateMachineUpdater.java:lambda$new$0(87)) - 8517f1c7-f3e1-454a-ad82-74e7a1dbb9de@group-84E8A371D2C6-StateMachineUpdater: snapshotIndex: updateIncreasingly -1 -> 6
2020-05-27 19:33:12,514 [8517f1c7-f3e1-454a-ad82-74e7a1dbb9de@group-84E8A371D2C6-StateMachineUpdater] INFO  metrics.RatisMetrics (RatisMetrics.java:unregister(46)) - Unregistering Metrics Registry : ratis.state_machine.8517f1c7-f3e1-454a-ad82-74e7a1dbb9de@group-84E8A371D2C6
2020-05-27 19:33:12,516 [ForkJoinPool.commonPool-worker-0] INFO  impl.RaftServerImpl (ServerState.java:close(387)) - 8517f1c7-f3e1-454a-ad82-74e7a1dbb9de@group-84E8A371D2C6: closes. applyIndex: 6
2020-05-27 19:33:12,516 [8517f1c7-f3e1-454a-ad82-74e7a1dbb9de@group-84E8A371D2C6-SegmentedRaftLogWorker] INFO  segmented.SegmentedRaftLogWorker (SegmentedRaftLogWorker.java:run(321)) - 8517f1c7-f3e1-454a-ad82-74e7a1dbb9de@group-84E8A371D2C6-SegmentedRaftLogWorker was interrupted, exiting. There are 0 tasks remaining in the queue.
2020-05-27 19:33:12,517 [ForkJoinPool.commonPool-worker-0] INFO  segmented.SegmentedRaftLogWorker (SegmentedRaftLogWorker.java:close(229)) - 8517f1c7-f3e1-454a-ad82-74e7a1dbb9de@group-84E8A371D2C6-SegmentedRaftLogWorker close()
2020-05-27 19:33:12,519 [ForkJoinPool.commonPool-worker-0] INFO  metrics.RatisMetrics (RatisMetrics.java:unregister(46)) - Unregistering Metrics Registry : ratis.log_worker.8517f1c7-f3e1-454a-ad82-74e7a1dbb9de
2020-05-27 19:33:12,519 [ForkJoinPool.commonPool-worker-0] INFO  metrics.RatisMetrics (RatisMetrics.java:unregister(46)) - Unregistering Metrics Registry : ratis.leader_election.8517f1c7-f3e1-454a-ad82-74e7a1dbb9de@group-84E8A371D2C6
2020-05-27 19:33:12,519 [ForkJoinPool.commonPool-worker-0] INFO  metrics.RatisMetrics (RatisMetrics.java:unregister(46)) - Unregistering Metrics Registry : ratis.server.8517f1c7-f3e1-454a-ad82-74e7a1dbb9de@group-84E8A371D2C6
2020-05-27 19:33:12,519 [ForkJoinPool.commonPool-worker-0] INFO  server.GrpcService (GrpcService.java:closeImpl(165)) - 8517f1c7-f3e1-454a-ad82-74e7a1dbb9de: shutdown server with port 39899 now
2020-05-27 19:33:12,520 [ForkJoinPool.commonPool-worker-0] INFO  server.GrpcService (GrpcService.java:closeImpl(173)) - 8517f1c7-f3e1-454a-ad82-74e7a1dbb9de: shutdown server with port 39899 successfully
2020-05-27 19:33:12,521 [Listener at 127.0.0.1/45217] INFO  statemachine.DatanodeStateMachine (DatanodeStateMachine.java:stopDaemon(424)) - Ozone container server stopped.
2020-05-27 19:33:12,522 [Listener at 127.0.0.1/45217] INFO  handler.ContextHandler (ContextHandler.java:doStop(1016)) - Stopped o.e.j.w.WebAppContext@2fad50f2{hddsDatanode,/,null,UNAVAILABLE}{jar:file:/home/user/.m2/repository/org/apache/hadoop/hadoop-hdds-container-service/0.6.0-SNAPSHOT/hadoop-hdds-container-service-0.6.0-SNAPSHOT.jar!/webapps/hddsDatanode}
2020-05-27 19:33:12,523 [Listener at 127.0.0.1/45217] INFO  server.AbstractConnector (AbstractConnector.java:doStop(380)) - Stopped ServerConnector@d3929ba{HTTP/1.1,[http/1.1]}{0.0.0.0:0}
2020-05-27 19:33:12,523 [Listener at 127.0.0.1/45217] INFO  server.session (HouseKeeper.java:stopScavenging(158)) - node0 Stopped scavenging
2020-05-27 19:33:12,523 [Listener at 127.0.0.1/45217] INFO  handler.ContextHandler (ContextHandler.java:doStop(1016)) - Stopped o.e.j.s.ServletContextHandler@3956df0a{static,/static,jar:file:/home/user/.m2/repository/org/apache/hadoop/hadoop-hdds-container-service/0.6.0-SNAPSHOT/hadoop-hdds-container-service-0.6.0-SNAPSHOT.jar!/webapps/static,UNAVAILABLE}
2020-05-27 19:33:12,524 [Listener at 127.0.0.1/45217] INFO  handler.ContextHandler (ContextHandler.java:doStop(1016)) - Stopped o.e.j.s.ServletContextHandler@41f3f64{logs,/logs,file:///github/workspace/mnt/ozone/hadoop-ozone/integration-test/target/log,UNAVAILABLE}
2020-05-27 19:33:12,524 [ForkJoinPool.commonPool-worker-0] INFO  utils.BackgroundService (BackgroundService.java:shutdown(157)) - Shutting down service BlockDeletingService
2020-05-27 19:33:12,527 [ForkJoinPool.commonPool-worker-0] INFO  statemachine.DatanodeStateMachine (DatanodeStateMachine.java:stopDaemon(424)) - Ozone container server stopped.
2020-05-27 19:33:12,529 [ForkJoinPool.commonPool-worker-0] INFO  handler.ContextHandler (ContextHandler.java:doStop(1016)) - Stopped o.e.j.w.WebAppContext@374712f8{hddsDatanode,/,null,UNAVAILABLE}{jar:file:/home/user/.m2/repository/org/apache/hadoop/hadoop-hdds-container-service/0.6.0-SNAPSHOT/hadoop-hdds-container-service-0.6.0-SNAPSHOT.jar!/webapps/hddsDatanode}
2020-05-27 19:33:12,530 [ForkJoinPool.commonPool-worker-0] INFO  server.AbstractConnector (AbstractConnector.java:doStop(380)) - Stopped ServerConnector@52ec5ba6{HTTP/1.1,[http/1.1]}{0.0.0.0:0}
2020-05-27 19:33:12,530 [ForkJoinPool.commonPool-worker-0] INFO  server.session (HouseKeeper.java:stopScavenging(158)) - node0 Stopped scavenging
2020-05-27 19:33:12,531 [ForkJoinPool.commonPool-worker-0] INFO  handler.ContextHandler (ContextHandler.java:doStop(1016)) - Stopped o.e.j.s.ServletContextHandler@3eb7ff78{static,/static,jar:file:/home/user/.m2/repository/org/apache/hadoop/hadoop-hdds-container-service/0.6.0-SNAPSHOT/hadoop-hdds-container-service-0.6.0-SNAPSHOT.jar!/webapps/static,UNAVAILABLE}
2020-05-27 19:33:12,532 [ForkJoinPool.commonPool-worker-0] INFO  handler.ContextHandler (ContextHandler.java:doStop(1016)) - Stopped o.e.j.s.ServletContextHandler@3d00c2ae{logs,/logs,file:///github/workspace/mnt/ozone/hadoop-ozone/integration-test/target/log,UNAVAILABLE}
2020-05-27 19:33:13,226 [Datanode State Machine Thread - 0] INFO  statemachine.DatanodeStateMachine (DatanodeStateMachine.java:lambda$startDaemon$0(376)) - Ozone container server started.
2020-05-27 19:33:13,316 [Datanode State Machine Thread - 0] INFO  statemachine.DatanodeStateMachine (DatanodeStateMachine.java:lambda$startDaemon$0(376)) - Ozone container server started.
2020-05-27 19:33:13,549 [Thread-411] INFO  impl.FollowerState (FollowerState.java:run(108)) - 0ab43432-34fe-4306-a50d-0ea23314de87@group-08DDE34C77D1-FollowerState: change to CANDIDATE, lastRpcTime:1309ms, electionTimeout:1040ms
2020-05-27 19:33:13,549 [Thread-411] INFO  impl.RoleInfo (RoleInfo.java:shutdownFollowerState(121)) - 0ab43432-34fe-4306-a50d-0ea23314de87: shutdown FollowerState
2020-05-27 19:33:13,549 [Thread-411] INFO  impl.RaftServerImpl (RaftServerImpl.java:setRole(173)) - 0ab43432-34fe-4306-a50d-0ea23314de87@group-08DDE34C77D1: changes role from  FOLLOWER to CANDIDATE at term 3 for changeToCandidate
2020-05-27 19:33:13,549 [Thread-411] INFO  impl.RoleInfo (RoleInfo.java:updateAndGet(143)) - 0ab43432-34fe-4306-a50d-0ea23314de87: start LeaderElection
2020-05-27 19:33:13,550 [0ab43432-34fe-4306-a50d-0ea23314de87@group-08DDE34C77D1-LeaderElection25] INFO  impl.RaftServerImpl (ServerState.java:setLeader(255)) - 0ab43432-34fe-4306-a50d-0ea23314de87@group-08DDE34C77D1: change Leader from 98c33ea6-fb47-41c3-bd3d-1c17f3427380 to null at term 3 for initElection
2020-05-27 19:33:13,552 [0ab43432-34fe-4306-a50d-0ea23314de87@group-08DDE34C77D1-LeaderElection25] INFO  impl.LeaderElection (LeaderElection.java:askForVotes(206)) - 0ab43432-34fe-4306-a50d-0ea23314de87@group-08DDE34C77D1-LeaderElection25: begin an election at term 4 for 0: [f1f3a69c-d257-43b6-814a-48c5022c930f:172.17.0.2:43147, 98c33ea6-fb47-41c3-bd3d-1c17f3427380:172.17.0.2:32845, 0ab43432-34fe-4306-a50d-0ea23314de87:172.17.0.2:42819], old=null
2020-05-27 19:33:13,556 [0ab43432-34fe-4306-a50d-0ea23314de87@group-08DDE34C77D1-LeaderElection25] INFO  impl.LeaderElection (LogUtils.java:infoOrTrace(137)) - 0ab43432-34fe-4306-a50d-0ea23314de87@group-08DDE34C77D1-LeaderElection25 got exception when requesting votes: java.util.concurrent.ExecutionException: org.apache.ratis.thirdparty.io.grpc.StatusRuntimeException: UNAVAILABLE: io exception
2020-05-27 19:33:13,556 [0ab43432-34fe-4306-a50d-0ea23314de87@group-08DDE34C77D1-LeaderElection25] INFO  impl.LeaderElection (LogUtils.java:infoOrTrace(137)) - 0ab43432-34fe-4306-a50d-0ea23314de87@group-08DDE34C77D1-LeaderElection25 got exception when requesting votes: java.util.concurrent.ExecutionException: org.apache.ratis.thirdparty.io.grpc.StatusRuntimeException: UNAVAILABLE: io exception
2020-05-27 19:33:13,556 [0ab43432-34fe-4306-a50d-0ea23314de87@group-08DDE34C77D1-LeaderElection25] INFO  impl.LeaderElection (LeaderElection.java:logAndReturn(61)) - 0ab43432-34fe-4306-a50d-0ea23314de87@group-08DDE34C77D1-LeaderElection25: Election REJECTED; received 0 response(s) [] and 2 exception(s); 0ab43432-34fe-4306-a50d-0ea23314de87@group-08DDE34C77D1:t4, leader=null, voted=0ab43432-34fe-4306-a50d-0ea23314de87, raftlog=0ab43432-34fe-4306-a50d-0ea23314de87@group-08DDE34C77D1-SegmentedRaftLog:OPENED:c0,f0,i0, conf=0: [f1f3a69c-d257-43b6-814a-48c5022c930f:172.17.0.2:43147, 98c33ea6-fb47-41c3-bd3d-1c17f3427380:172.17.0.2:32845, 0ab43432-34fe-4306-a50d-0ea23314de87:172.17.0.2:42819], old=null
2020-05-27 19:33:13,557 [0ab43432-34fe-4306-a50d-0ea23314de87@group-08DDE34C77D1-LeaderElection25] INFO  impl.LeaderElection (LogUtils.java:infoOrTrace(137)) -   Exception 0: java.util.concurrent.ExecutionException: org.apache.ratis.thirdparty.io.grpc.StatusRuntimeException: UNAVAILABLE: io exception
2020-05-27 19:33:13,557 [0ab43432-34fe-4306-a50d-0ea23314de87@group-08DDE34C77D1-LeaderElection25] INFO  impl.LeaderElection (LogUtils.java:infoOrTrace(137)) -   Exception 1: java.util.concurrent.ExecutionException: org.apache.ratis.thirdparty.io.grpc.StatusRuntimeException: UNAVAILABLE: io exception
2020-05-27 19:33:13,557 [0ab43432-34fe-4306-a50d-0ea23314de87@group-08DDE34C77D1-LeaderElection25] INFO  impl.RaftServerImpl (RaftServerImpl.java:setRole(173)) - 0ab43432-34fe-4306-a50d-0ea23314de87@group-08DDE34C77D1: changes role from CANDIDATE to FOLLOWER at term 4 for DISCOVERED_A_NEW_TERM
2020-05-27 19:33:13,557 [0ab43432-34fe-4306-a50d-0ea23314de87@group-08DDE34C77D1-LeaderElection25] INFO  impl.RoleInfo (RoleInfo.java:shutdownLeaderElection(134)) - 0ab43432-34fe-4306-a50d-0ea23314de87: shutdown LeaderElection
2020-05-27 19:33:13,557 [0ab43432-34fe-4306-a50d-0ea23314de87@group-08DDE34C77D1-LeaderElection25] INFO  impl.RoleInfo (RoleInfo.java:updateAndGet(143)) - 0ab43432-34fe-4306-a50d-0ea23314de87: start FollowerState
2020-05-27 19:33:14,666 [Thread-989] INFO  impl.FollowerState (FollowerState.java:run(108)) - 0ab43432-34fe-4306-a50d-0ea23314de87@group-08DDE34C77D1-FollowerState: change to CANDIDATE, lastRpcTime:1108ms, electionTimeout:1106ms
2020-05-27 19:33:14,666 [Thread-989] INFO  impl.RoleInfo (RoleInfo.java:shutdownFollowerState(121)) - 0ab43432-34fe-4306-a50d-0ea23314de87: shutdown FollowerState
2020-05-27 19:33:14,666 [Thread-989] INFO  impl.RaftServerImpl (RaftServerImpl.java:setRole(173)) - 0ab43432-34fe-4306-a50d-0ea23314de87@group-08DDE34C77D1: changes role from  FOLLOWER to CANDIDATE at term 4 for changeToCandidate
2020-05-27 19:33:14,666 [Thread-989] INFO  impl.RoleInfo (RoleInfo.java:updateAndGet(143)) - 0ab43432-34fe-4306-a50d-0ea23314de87: start LeaderElection
2020-05-27 19:33:14,669 [0ab43432-34fe-4306-a50d-0ea23314de87@group-08DDE34C77D1-LeaderElection26] INFO  impl.LeaderElection (LeaderElection.java:askForVotes(206)) - 0ab43432-34fe-4306-a50d-0ea23314de87@group-08DDE34C77D1-LeaderElection26: begin an election at term 5 for 0: [f1f3a69c-d257-43b6-814a-48c5022c930f:172.17.0.2:43147, 98c33ea6-fb47-41c3-bd3d-1c17f3427380:172.17.0.2:32845, 0ab43432-34fe-4306-a50d-0ea23314de87:172.17.0.2:42819], old=null
2020-05-27 19:33:14,669 [0ab43432-34fe-4306-a50d-0ea23314de87@group-08DDE34C77D1-LeaderElection26] INFO  impl.LeaderElection (LogUtils.java:infoOrTrace(137)) - 0ab43432-34fe-4306-a50d-0ea23314de87@group-08DDE34C77D1-LeaderElection26 got exception when requesting votes: java.util.concurrent.ExecutionException: org.apache.ratis.thirdparty.io.grpc.StatusRuntimeException: UNAVAILABLE: io exception
2020-05-27 19:33:14,669 [0ab43432-34fe-4306-a50d-0ea23314de87@group-08DDE34C77D1-LeaderElection26] INFO  impl.LeaderElection (LogUtils.java:infoOrTrace(137)) - 0ab43432-34fe-4306-a50d-0ea23314de87@group-08DDE34C77D1-LeaderElection26 got exception when requesting votes: java.util.concurrent.ExecutionException: org.apache.ratis.thirdparty.io.grpc.StatusRuntimeException: UNAVAILABLE: io exception
2020-05-27 19:33:14,669 [0ab43432-34fe-4306-a50d-0ea23314de87@group-08DDE34C77D1-LeaderElection26] INFO  impl.LeaderElection (LeaderElection.java:logAndReturn(61)) - 0ab43432-34fe-4306-a50d-0ea23314de87@group-08DDE34C77D1-LeaderElection26: Election REJECTED; received 0 response(s) [] and 2 exception(s); 0ab43432-34fe-4306-a50d-0ea23314de87@group-08DDE34C77D1:t5, leader=null, voted=0ab43432-34fe-4306-a50d-0ea23314de87, raftlog=0ab43432-34fe-4306-a50d-0ea23314de87@group-08DDE34C77D1-SegmentedRaftLog:OPENED:c0,f0,i0, conf=0: [f1f3a69c-d257-43b6-814a-48c5022c930f:172.17.0.2:43147, 98c33ea6-fb47-41c3-bd3d-1c17f3427380:172.17.0.2:32845, 0ab43432-34fe-4306-a50d-0ea23314de87:172.17.0.2:42819], old=null
2020-05-27 19:33:14,669 [0ab43432-34fe-4306-a50d-0ea23314de87@group-08DDE34C77D1-LeaderElection26] INFO  impl.LeaderElection (LogUtils.java:infoOrTrace(137)) -   Exception 0: java.util.concurrent.ExecutionException: org.apache.ratis.thirdparty.io.grpc.StatusRuntimeException: UNAVAILABLE: io exception
2020-05-27 19:33:14,669 [0ab43432-34fe-4306-a50d-0ea23314de87@group-08DDE34C77D1-LeaderElection26] INFO  impl.LeaderElection (LogUtils.java:infoOrTrace(137)) -   Exception 1: java.util.concurrent.ExecutionException: org.apache.ratis.thirdparty.io.grpc.StatusRuntimeException: UNAVAILABLE: io exception
2020-05-27 19:33:14,670 [0ab43432-34fe-4306-a50d-0ea23314de87@group-08DDE34C77D1-LeaderElection26] INFO  impl.RaftServerImpl (RaftServerImpl.java:setRole(173)) - 0ab43432-34fe-4306-a50d-0ea23314de87@group-08DDE34C77D1: changes role from CANDIDATE to FOLLOWER at term 5 for DISCOVERED_A_NEW_TERM
2020-05-27 19:33:14,670 [0ab43432-34fe-4306-a50d-0ea23314de87@group-08DDE34C77D1-LeaderElection26] INFO  impl.RoleInfo (RoleInfo.java:shutdownLeaderElection(134)) - 0ab43432-34fe-4306-a50d-0ea23314de87: shutdown LeaderElection
2020-05-27 19:33:14,670 [0ab43432-34fe-4306-a50d-0ea23314de87@group-08DDE34C77D1-LeaderElection26] INFO  impl.RoleInfo (RoleInfo.java:updateAndGet(143)) - 0ab43432-34fe-4306-a50d-0ea23314de87: start FollowerState
2020-05-27 19:33:15,784 [Thread-993] INFO  impl.FollowerState (FollowerState.java:run(108)) - 0ab43432-34fe-4306-a50d-0ea23314de87@group-08DDE34C77D1-FollowerState: change to CANDIDATE, lastRpcTime:1114ms, electionTimeout:1114ms
2020-05-27 19:33:15,785 [Thread-993] INFO  impl.RoleInfo (RoleInfo.java:shutdownFollowerState(121)) - 0ab43432-34fe-4306-a50d-0ea23314de87: shutdown FollowerState
2020-05-27 19:33:15,785 [Thread-993] INFO  impl.RaftServerImpl (RaftServerImpl.java:setRole(173)) - 0ab43432-34fe-4306-a50d-0ea23314de87@group-08DDE34C77D1: changes role from  FOLLOWER to CANDIDATE at term 5 for changeToCandidate
2020-05-27 19:33:15,785 [Thread-993] INFO  impl.RoleInfo (RoleInfo.java:updateAndGet(143)) - 0ab43432-34fe-4306-a50d-0ea23314de87: start LeaderElection
2020-05-27 19:33:15,789 [0ab43432-34fe-4306-a50d-0ea23314de87@group-08DDE34C77D1-LeaderElection27] INFO  impl.LeaderElection (LeaderElection.java:askForVotes(206)) - 0ab43432-34fe-4306-a50d-0ea23314de87@group-08DDE34C77D1-LeaderElection27: begin an election at term 6 for 0: [f1f3a69c-d257-43b6-814a-48c5022c930f:172.17.0.2:43147, 98c33ea6-fb47-41c3-bd3d-1c17f3427380:172.17.0.2:32845, 0ab43432-34fe-4306-a50d-0ea23314de87:172.17.0.2:42819], old=null
2020-05-27 19:33:15,790 [0ab43432-34fe-4306-a50d-0ea23314de87@group-08DDE34C77D1-LeaderElection27] INFO  impl.LeaderElection (LogUtils.java:infoOrTrace(137)) - 0ab43432-34fe-4306-a50d-0ea23314de87@group-08DDE34C77D1-LeaderElection27 got exception when requesting votes: java.util.concurrent.ExecutionException: org.apache.ratis.thirdparty.io.grpc.StatusRuntimeException: UNAVAILABLE: io exception
2020-05-27 19:33:15,790 [0ab43432-34fe-4306-a50d-0ea23314de87@group-08DDE34C77D1-LeaderElection27] INFO  impl.LeaderElection (LogUtils.java:infoOrTrace(137)) - 0ab43432-34fe-4306-a50d-0ea23314de87@group-08DDE34C77D1-LeaderElection27 got exception when requesting votes: java.util.concurrent.ExecutionException: org.apache.ratis.thirdparty.io.grpc.StatusRuntimeException: UNAVAILABLE: io exception
2020-05-27 19:33:15,790 [0ab43432-34fe-4306-a50d-0ea23314de87@group-08DDE34C77D1-LeaderElection27] INFO  impl.LeaderElection (LeaderElection.java:logAndReturn(61)) - 0ab43432-34fe-4306-a50d-0ea23314de87@group-08DDE34C77D1-LeaderElection27: Election REJECTED; received 0 response(s) [] and 2 exception(s); 0ab43432-34fe-4306-a50d-0ea23314de87@group-08DDE34C77D1:t6, leader=null, voted=0ab43432-34fe-4306-a50d-0ea23314de87, raftlog=0ab43432-34fe-4306-a50d-0ea23314de87@group-08DDE34C77D1-SegmentedRaftLog:OPENED:c0,f0,i0, conf=0: [f1f3a69c-d257-43b6-814a-48c5022c930f:172.17.0.2:43147, 98c33ea6-fb47-41c3-bd3d-1c17f3427380:172.17.0.2:32845, 0ab43432-34fe-4306-a50d-0ea23314de87:172.17.0.2:42819], old=null
2020-05-27 19:33:15,790 [0ab43432-34fe-4306-a50d-0ea23314de87@group-08DDE34C77D1-LeaderElection27] INFO  impl.LeaderElection (LogUtils.java:infoOrTrace(137)) -   Exception 0: java.util.concurrent.ExecutionException: org.apache.ratis.thirdparty.io.grpc.StatusRuntimeException: UNAVAILABLE: io exception
2020-05-27 19:33:15,790 [0ab43432-34fe-4306-a50d-0ea23314de87@group-08DDE34C77D1-LeaderElection27] INFO  impl.LeaderElection (LogUtils.java:infoOrTrace(137)) -   Exception 1: java.util.concurrent.ExecutionException: org.apache.ratis.thirdparty.io.grpc.StatusRuntimeException: UNAVAILABLE: io exception
2020-05-27 19:33:15,790 [0ab43432-34fe-4306-a50d-0ea23314de87@group-08DDE34C77D1-LeaderElection27] INFO  impl.RaftServerImpl (RaftServerImpl.java:setRole(173)) - 0ab43432-34fe-4306-a50d-0ea23314de87@group-08DDE34C77D1: changes role from CANDIDATE to FOLLOWER at term 6 for DISCOVERED_A_NEW_TERM
2020-05-27 19:33:15,790 [0ab43432-34fe-4306-a50d-0ea23314de87@group-08DDE34C77D1-LeaderElection27] INFO  impl.RoleInfo (RoleInfo.java:shutdownLeaderElection(134)) - 0ab43432-34fe-4306-a50d-0ea23314de87: shutdown LeaderElection
2020-05-27 19:33:15,790 [0ab43432-34fe-4306-a50d-0ea23314de87@group-08DDE34C77D1-LeaderElection27] INFO  impl.RoleInfo (RoleInfo.java:updateAndGet(143)) - 0ab43432-34fe-4306-a50d-0ea23314de87: start FollowerState
2020-05-27 19:33:16,908 [Thread-997] INFO  impl.FollowerState (FollowerState.java:run(108)) - 0ab43432-34fe-4306-a50d-0ea23314de87@group-08DDE34C77D1-FollowerState: change to CANDIDATE, lastRpcTime:1117ms, electionTimeout:1117ms
2020-05-27 19:33:16,909 [Thread-997] INFO  impl.RoleInfo (RoleInfo.java:shutdownFollowerState(121)) - 0ab43432-34fe-4306-a50d-0ea23314de87: shutdown FollowerState
2020-05-27 19:33:16,909 [Thread-997] INFO  impl.RaftServerImpl (RaftServerImpl.java:setRole(173)) - 0ab43432-34fe-4306-a50d-0ea23314de87@group-08DDE34C77D1: changes role from  FOLLOWER to CANDIDATE at term 6 for changeToCandidate
2020-05-27 19:33:16,909 [Thread-997] INFO  impl.RoleInfo (RoleInfo.java:updateAndGet(143)) - 0ab43432-34fe-4306-a50d-0ea23314de87: start LeaderElection
2020-05-27 19:33:16,912 [0ab43432-34fe-4306-a50d-0ea23314de87@group-08DDE34C77D1-LeaderElection28] INFO  impl.LeaderElection (LeaderElection.java:askForVotes(206)) - 0ab43432-34fe-4306-a50d-0ea23314de87@group-08DDE34C77D1-LeaderElection28: begin an election at term 7 for 0: [f1f3a69c-d257-43b6-814a-48c5022c930f:172.17.0.2:43147, 98c33ea6-fb47-41c3-bd3d-1c17f3427380:172.17.0.2:32845, 0ab43432-34fe-4306-a50d-0ea23314de87:172.17.0.2:42819], old=null
2020-05-27 19:33:16,912 [0ab43432-34fe-4306-a50d-0ea23314de87@group-08DDE34C77D1-LeaderElection28] INFO  impl.LeaderElection (LogUtils.java:infoOrTrace(137)) - 0ab43432-34fe-4306-a50d-0ea23314de87@group-08DDE34C77D1-LeaderElection28 got exception when requesting votes: java.util.concurrent.ExecutionException: org.apache.ratis.thirdparty.io.grpc.StatusRuntimeException: UNAVAILABLE: io exception
2020-05-27 19:33:16,912 [0ab43432-34fe-4306-a50d-0ea23314de87@group-08DDE34C77D1-LeaderElection28] INFO  impl.LeaderElection (LogUtils.java:infoOrTrace(137)) - 0ab43432-34fe-4306-a50d-0ea23314de87@group-08DDE34C77D1-LeaderElection28 got exception when requesting votes: java.util.concurrent.ExecutionException: org.apache.ratis.thirdparty.io.grpc.StatusRuntimeException: UNAVAILABLE: io exception
2020-05-27 19:33:16,912 [0ab43432-34fe-4306-a50d-0ea23314de87@group-08DDE34C77D1-LeaderElection28] INFO  impl.LeaderElection (LeaderElection.java:logAndReturn(61)) - 0ab43432-34fe-4306-a50d-0ea23314de87@group-08DDE34C77D1-LeaderElection28: Election REJECTED; received 0 response(s) [] and 2 exception(s); 0ab43432-34fe-4306-a50d-0ea23314de87@group-08DDE34C77D1:t7, leader=null, voted=0ab43432-34fe-4306-a50d-0ea23314de87, raftlog=0ab43432-34fe-4306-a50d-0ea23314de87@group-08DDE34C77D1-SegmentedRaftLog:OPENED:c0,f0,i0, conf=0: [f1f3a69c-d257-43b6-814a-48c5022c930f:172.17.0.2:43147, 98c33ea6-fb47-41c3-bd3d-1c17f3427380:172.17.0.2:32845, 0ab43432-34fe-4306-a50d-0ea23314de87:172.17.0.2:42819], old=null
2020-05-27 19:33:16,912 [0ab43432-34fe-4306-a50d-0ea23314de87@group-08DDE34C77D1-LeaderElection28] INFO  impl.LeaderElection (LogUtils.java:infoOrTrace(137)) -   Exception 0: java.util.concurrent.ExecutionException: org.apache.ratis.thirdparty.io.grpc.StatusRuntimeException: UNAVAILABLE: io exception
2020-05-27 19:33:16,912 [0ab43432-34fe-4306-a50d-0ea23314de87@group-08DDE34C77D1-LeaderElection28] INFO  impl.LeaderElection (LogUtils.java:infoOrTrace(137)) -   Exception 1: java.util.concurrent.ExecutionException: org.apache.ratis.thirdparty.io.grpc.StatusRuntimeException: UNAVAILABLE: io exception
2020-05-27 19:33:16,913 [0ab43432-34fe-4306-a50d-0ea23314de87@group-08DDE34C77D1-LeaderElection28] INFO  impl.RaftServerImpl (RaftServerImpl.java:setRole(173)) - 0ab43432-34fe-4306-a50d-0ea23314de87@group-08DDE34C77D1: changes role from CANDIDATE to FOLLOWER at term 7 for DISCOVERED_A_NEW_TERM
2020-05-27 19:33:16,913 [0ab43432-34fe-4306-a50d-0ea23314de87@group-08DDE34C77D1-LeaderElection28] INFO  impl.RoleInfo (RoleInfo.java:shutdownLeaderElection(134)) - 0ab43432-34fe-4306-a50d-0ea23314de87: shutdown LeaderElection
2020-05-27 19:33:16,913 [0ab43432-34fe-4306-a50d-0ea23314de87@group-08DDE34C77D1-LeaderElection28] INFO  impl.RoleInfo (RoleInfo.java:updateAndGet(143)) - 0ab43432-34fe-4306-a50d-0ea23314de87: start FollowerState
2020-05-27 19:33:17,526 [Listener at 127.0.0.1/45217] INFO  ozoneimpl.OzoneContainer (OzoneContainer.java:stop(246)) - Attempting to stop container services.
2020-05-27 19:33:17,527 [Listener at 127.0.0.1/45217] INFO  impl.RaftServerProxy (RaftServerProxy.java:lambda$close$4(314)) - c8b07204-1f01-416a-8b12-65edb182c14b: close
2020-05-27 19:33:17,527 [Listener at 127.0.0.1/45217] INFO  impl.RaftServerImpl (RaftServerImpl.java:lambda$shutdown$3(250)) - c8b07204-1f01-416a-8b12-65edb182c14b@group-6F7ADB4E949F: shutdown
2020-05-27 19:33:17,527 [Listener at 127.0.0.1/45217] INFO  util.JmxRegister (JmxRegister.java:unregister(73)) - Successfully un-registered JMX Bean with object name Ratis:service=RaftServer,group=group-6F7ADB4E949F,id=c8b07204-1f01-416a-8b12-65edb182c14b
2020-05-27 19:33:17,527 [Listener at 127.0.0.1/45217] INFO  impl.RoleInfo (RoleInfo.java:shutdownLeaderState(104)) - c8b07204-1f01-416a-8b12-65edb182c14b: shutdown LeaderState
2020-05-27 19:33:17,528 [Listener at 127.0.0.1/45217] INFO  impl.PendingRequests (PendingRequests.java:sendNotLeaderResponses(242)) - c8b07204-1f01-416a-8b12-65edb182c14b@group-6F7ADB4E949F-PendingRequests: sendNotLeaderResponses
2020-05-27 19:33:17,528 [Listener at 127.0.0.1/45217] INFO  metrics.RatisMetrics (RatisMetrics.java:unregister(46)) - Unregistering Metrics Registry : ratis.log_appender.c8b07204-1f01-416a-8b12-65edb182c14b@group-6F7ADB4E949F
2020-05-27 19:33:17,528 [Listener at 127.0.0.1/45217] INFO  impl.StateMachineUpdater (StateMachineUpdater.java:stopAndJoin(142)) - c8b07204-1f01-416a-8b12-65edb182c14b@group-6F7ADB4E949F-StateMachineUpdater: set stopIndex = 0
2020-05-27 19:33:17,529 [c8b07204-1f01-416a-8b12-65edb182c14b@group-6F7ADB4E949F-StateMachineUpdater] INFO  ratis.ContainerStateMachine (ContainerStateMachine.java:takeSnapshot(288)) - group-6F7ADB4E949F: Taking a snapshot at:(t:1, i:0) file /github/workspace/mnt/ozone/hadoop-ozone/integration-test/target/test-dir/MiniOzoneClusterImpl-f0010636-4b6e-4820-a6ed-9dd9125fe66b/datanode-9/data/ratis/3c0a9589-746f-44c5-b22a-6f7adb4e949f/sm/snapshot.1_0
2020-05-27 19:33:17,530 [c8b07204-1f01-416a-8b12-65edb182c14b@group-6F7ADB4E949F-StateMachineUpdater] INFO  ratis.ContainerStateMachine (ContainerStateMachine.java:takeSnapshot(299)) - group-6F7ADB4E949F: Finished taking a snapshot at:(t:1, i:0) file:/github/workspace/mnt/ozone/hadoop-ozone/integration-test/target/test-dir/MiniOzoneClusterImpl-f0010636-4b6e-4820-a6ed-9dd9125fe66b/datanode-9/data/ratis/3c0a9589-746f-44c5-b22a-6f7adb4e949f/sm/snapshot.1_0 time:1
2020-05-27 19:33:17,530 [c8b07204-1f01-416a-8b12-65edb182c14b@group-6F7ADB4E949F-StateMachineUpdater] INFO  impl.StateMachineUpdater (StateMachineUpdater.java:takeSnapshot(277)) - c8b07204-1f01-416a-8b12-65edb182c14b@group-6F7ADB4E949F-StateMachineUpdater: Took a snapshot at index 0
2020-05-27 19:33:17,530 [c8b07204-1f01-416a-8b12-65edb182c14b@group-6F7ADB4E949F-StateMachineUpdater] INFO  impl.StateMachineUpdater (StateMachineUpdater.java:lambda$new$0(87)) - c8b07204-1f01-416a-8b12-65edb182c14b@group-6F7ADB4E949F-StateMachineUpdater: snapshotIndex: updateIncreasingly -1 -> 0
2020-05-27 19:33:17,530 [c8b07204-1f01-416a-8b12-65edb182c14b@group-6F7ADB4E949F-StateMachineUpdater] INFO  metrics.RatisMetrics (RatisMetrics.java:unregister(46)) - Unregistering Metrics Registry : ratis.state_machine.c8b07204-1f01-416a-8b12-65edb182c14b@group-6F7ADB4E949F
2020-05-27 19:33:17,530 [Listener at 127.0.0.1/45217] INFO  impl.RaftServerImpl (ServerState.java:close(387)) - c8b07204-1f01-416a-8b12-65edb182c14b@group-6F7ADB4E949F: closes. applyIndex: 0
2020-05-27 19:33:17,531 [c8b07204-1f01-416a-8b12-65edb182c14b@group-6F7ADB4E949F-SegmentedRaftLogWorker] INFO  segmented.SegmentedRaftLogWorker (SegmentedRaftLogWorker.java:run(321)) - c8b07204-1f01-416a-8b12-65edb182c14b@group-6F7ADB4E949F-SegmentedRaftLogWorker was interrupted, exiting. There are 0 tasks remaining in the queue.
2020-05-27 19:33:17,531 [Listener at 127.0.0.1/45217] INFO  segmented.SegmentedRaftLogWorker (SegmentedRaftLogWorker.java:close(229)) - c8b07204-1f01-416a-8b12-65edb182c14b@group-6F7ADB4E949F-SegmentedRaftLogWorker close()
2020-05-27 19:33:17,532 [Listener at 127.0.0.1/45217] INFO  metrics.RatisMetrics (RatisMetrics.java:unregister(46)) - Unregistering Metrics Registry : ratis.log_worker.c8b07204-1f01-416a-8b12-65edb182c14b
2020-05-27 19:33:17,532 [Listener at 127.0.0.1/45217] INFO  metrics.RatisMetrics (RatisMetrics.java:unregister(46)) - Unregistering Metrics Registry : ratis.leader_election.c8b07204-1f01-416a-8b12-65edb182c14b@group-6F7ADB4E949F
2020-05-27 19:33:17,532 [Listener at 127.0.0.1/45217] INFO  metrics.RatisMetrics (RatisMetrics.java:unregister(46)) - Unregistering Metrics Registry : ratis.server.c8b07204-1f01-416a-8b12-65edb182c14b@group-6F7ADB4E949F
2020-05-27 19:33:17,533 [Listener at 127.0.0.1/45217] INFO  server.GrpcService (GrpcService.java:closeImpl(165)) - c8b07204-1f01-416a-8b12-65edb182c14b: shutdown server with port 36541 now
2020-05-27 19:33:17,533 [Listener at 127.0.0.1/45217] INFO  server.GrpcService (GrpcService.java:closeImpl(173)) - c8b07204-1f01-416a-8b12-65edb182c14b: shutdown server with port 36541 successfully
2020-05-27 19:33:17,534 [Listener at 127.0.0.1/45217] INFO  utils.BackgroundService (BackgroundService.java:shutdown(157)) - Shutting down service BlockDeletingService
2020-05-27 19:33:17,536 [Listener at 127.0.0.1/45217] INFO  statemachine.DatanodeStateMachine (DatanodeStateMachine.java:stopDaemon(424)) - Ozone container server stopped.
2020-05-27 19:33:17,537 [Listener at 127.0.0.1/45217] INFO  handler.ContextHandler (ContextHandler.java:doStop(1016)) - Stopped o.e.j.w.WebAppContext@4dfbe8c2{hddsDatanode,/,null,UNAVAILABLE}{jar:file:/home/user/.m2/repository/org/apache/hadoop/hadoop-hdds-container-service/0.6.0-SNAPSHOT/hadoop-hdds-container-service-0.6.0-SNAPSHOT.jar!/webapps/hddsDatanode}
2020-05-27 19:33:17,537 [Listener at 127.0.0.1/45217] INFO  server.AbstractConnector (AbstractConnector.java:doStop(380)) - Stopped ServerConnector@3619bc9e{HTTP/1.1,[http/1.1]}{0.0.0.0:0}
2020-05-27 19:33:17,538 [Listener at 127.0.0.1/45217] INFO  server.session (HouseKeeper.java:stopScavenging(158)) - node0 Stopped scavenging
2020-05-27 19:33:17,538 [Listener at 127.0.0.1/45217] INFO  handler.ContextHandler (ContextHandler.java:doStop(1016)) - Stopped o.e.j.s.ServletContextHandler@6c4a1980{static,/static,jar:file:/home/user/.m2/repository/org/apache/hadoop/hadoop-hdds-container-service/0.6.0-SNAPSHOT/hadoop-hdds-container-service-0.6.0-SNAPSHOT.jar!/webapps/static,UNAVAILABLE}
2020-05-27 19:33:17,538 [ForkJoinPool.commonPool-worker-0] INFO  ozoneimpl.OzoneContainer (OzoneContainer.java:stop(246)) - Attempting to stop container services.
2020-05-27 19:33:17,539 [ForkJoinPool.commonPool-worker-0] INFO  impl.RaftServerProxy (RaftServerProxy.java:lambda$close$4(314)) - 0ab43432-34fe-4306-a50d-0ea23314de87: close
2020-05-27 19:33:17,539 [ForkJoinPool.commonPool-worker-0] INFO  impl.RaftServerImpl (RaftServerImpl.java:lambda$shutdown$3(250)) - 0ab43432-34fe-4306-a50d-0ea23314de87@group-5F290258DC4A: shutdown
2020-05-27 19:33:17,539 [ForkJoinPool.commonPool-worker-0] INFO  util.JmxRegister (JmxRegister.java:unregister(73)) - Successfully un-registered JMX Bean with object name Ratis:service=RaftServer,group=group-5F290258DC4A,id=0ab43432-34fe-4306-a50d-0ea23314de87
2020-05-27 19:33:17,539 [ForkJoinPool.commonPool-worker-0] INFO  impl.RoleInfo (RoleInfo.java:shutdownLeaderState(104)) - 0ab43432-34fe-4306-a50d-0ea23314de87: shutdown LeaderState
2020-05-27 19:33:17,539 [ForkJoinPool.commonPool-worker-0] INFO  impl.PendingRequests (PendingRequests.java:sendNotLeaderResponses(242)) - 0ab43432-34fe-4306-a50d-0ea23314de87@group-5F290258DC4A-PendingRequests: sendNotLeaderResponses
2020-05-27 19:33:17,539 [ForkJoinPool.commonPool-worker-0] INFO  metrics.RatisMetrics (RatisMetrics.java:unregister(46)) - Unregistering Metrics Registry : ratis.log_appender.0ab43432-34fe-4306-a50d-0ea23314de87@group-5F290258DC4A
2020-05-27 19:33:17,539 [ForkJoinPool.commonPool-worker-0] INFO  impl.StateMachineUpdater (StateMachineUpdater.java:stopAndJoin(142)) - 0ab43432-34fe-4306-a50d-0ea23314de87@group-5F290258DC4A-StateMachineUpdater: set stopIndex = 0
2020-05-27 19:33:17,540 [0ab43432-34fe-4306-a50d-0ea23314de87@group-5F290258DC4A-StateMachineUpdater] INFO  ratis.ContainerStateMachine (ContainerStateMachine.java:takeSnapshot(288)) - group-5F290258DC4A: Taking a snapshot at:(t:1, i:0) file /github/workspace/mnt/ozone/hadoop-ozone/integration-test/target/test-dir/MiniOzoneClusterImpl-f0010636-4b6e-4820-a6ed-9dd9125fe66b/datanode-7/data/ratis/e3927293-5b49-4344-86f7-5f290258dc4a/sm/snapshot.1_0
2020-05-27 19:33:17,540 [Listener at 127.0.0.1/45217] INFO  handler.ContextHandler (ContextHandler.java:doStop(1016)) - Stopped o.e.j.s.ServletContextHandler@311eb725{logs,/logs,file:///github/workspace/mnt/ozone/hadoop-ozone/integration-test/target/log,UNAVAILABLE}
2020-05-27 19:33:17,540 [0ab43432-34fe-4306-a50d-0ea23314de87@group-5F290258DC4A-StateMachineUpdater] INFO  ratis.ContainerStateMachine (ContainerStateMachine.java:takeSnapshot(299)) - group-5F290258DC4A: Finished taking a snapshot at:(t:1, i:0) file:/github/workspace/mnt/ozone/hadoop-ozone/integration-test/target/test-dir/MiniOzoneClusterImpl-f0010636-4b6e-4820-a6ed-9dd9125fe66b/datanode-7/data/ratis/e3927293-5b49-4344-86f7-5f290258dc4a/sm/snapshot.1_0 time:1
2020-05-27 19:33:17,541 [0ab43432-34fe-4306-a50d-0ea23314de87@group-5F290258DC4A-StateMachineUpdater] INFO  impl.StateMachineUpdater (StateMachineUpdater.java:takeSnapshot(277)) - 0ab43432-34fe-4306-a50d-0ea23314de87@group-5F290258DC4A-StateMachineUpdater: Took a snapshot at index 0
2020-05-27 19:33:17,541 [0ab43432-34fe-4306-a50d-0ea23314de87@group-5F290258DC4A-StateMachineUpdater] INFO  impl.StateMachineUpdater (StateMachineUpdater.java:lambda$new$0(87)) - 0ab43432-34fe-4306-a50d-0ea23314de87@group-5F290258DC4A-StateMachineUpdater: snapshotIndex: updateIncreasingly -1 -> 0
2020-05-27 19:33:17,541 [0ab43432-34fe-4306-a50d-0ea23314de87@group-5F290258DC4A-StateMachineUpdater] INFO  metrics.RatisMetrics (RatisMetrics.java:unregister(46)) - Unregistering Metrics Registry : ratis.state_machine.0ab43432-34fe-4306-a50d-0ea23314de87@group-5F290258DC4A
2020-05-27 19:33:17,541 [ForkJoinPool.commonPool-worker-0] INFO  impl.RaftServerImpl (ServerState.java:close(387)) - 0ab43432-34fe-4306-a50d-0ea23314de87@group-5F290258DC4A: closes. applyIndex: 0
2020-05-27 19:33:17,541 [0ab43432-34fe-4306-a50d-0ea23314de87@group-5F290258DC4A-SegmentedRaftLogWorker] INFO  segmented.SegmentedRaftLogWorker (SegmentedRaftLogWorker.java:run(321)) - 0ab43432-34fe-4306-a50d-0ea23314de87@group-5F290258DC4A-SegmentedRaftLogWorker was interrupted, exiting. There are 0 tasks remaining in the queue.
2020-05-27 19:33:17,541 [ForkJoinPool.commonPool-worker-0] INFO  segmented.SegmentedRaftLogWorker (SegmentedRaftLogWorker.java:close(229)) - 0ab43432-34fe-4306-a50d-0ea23314de87@group-5F290258DC4A-SegmentedRaftLogWorker close()
2020-05-27 19:33:17,542 [ForkJoinPool.commonPool-worker-0] INFO  metrics.RatisMetrics (RatisMetrics.java:unregister(46)) - Unregistering Metrics Registry : ratis.log_worker.0ab43432-34fe-4306-a50d-0ea23314de87
2020-05-27 19:33:17,542 [ForkJoinPool.commonPool-worker-0] INFO  metrics.RatisMetrics (RatisMetrics.java:unregister(46)) - Unregistering Metrics Registry : ratis.leader_election.0ab43432-34fe-4306-a50d-0ea23314de87@group-5F290258DC4A
2020-05-27 19:33:17,542 [ForkJoinPool.commonPool-worker-0] INFO  metrics.RatisMetrics (RatisMetrics.java:unregister(46)) - Unregistering Metrics Registry : ratis.server.0ab43432-34fe-4306-a50d-0ea23314de87@group-5F290258DC4A
2020-05-27 19:33:17,542 [ForkJoinPool.commonPool-worker-0] INFO  impl.RaftServerImpl (RaftServerImpl.java:lambda$shutdown$3(250)) - 0ab43432-34fe-4306-a50d-0ea23314de87@group-08DDE34C77D1: shutdown
2020-05-27 19:33:17,542 [ForkJoinPool.commonPool-worker-0] INFO  util.JmxRegister (JmxRegister.java:unregister(73)) - Successfully un-registered JMX Bean with object name Ratis:service=RaftServer,group=group-08DDE34C77D1,id=0ab43432-34fe-4306-a50d-0ea23314de87
2020-05-27 19:33:17,543 [ForkJoinPool.commonPool-worker-0] INFO  impl.RoleInfo (RoleInfo.java:shutdownFollowerState(121)) - 0ab43432-34fe-4306-a50d-0ea23314de87: shutdown FollowerState
2020-05-27 19:33:17,543 [ForkJoinPool.commonPool-worker-0] INFO  impl.StateMachineUpdater (StateMachineUpdater.java:stopAndJoin(142)) - 0ab43432-34fe-4306-a50d-0ea23314de87@group-08DDE34C77D1-StateMachineUpdater: set stopIndex = 0
2020-05-27 19:33:17,543 [0ab43432-34fe-4306-a50d-0ea23314de87@group-08DDE34C77D1-StateMachineUpdater] INFO  ratis.ContainerStateMachine (ContainerStateMachine.java:takeSnapshot(288)) - group-08DDE34C77D1: Taking a snapshot at:(t:3, i:0) file /github/workspace/mnt/ozone/hadoop-ozone/integration-test/target/test-dir/MiniOzoneClusterImpl-f0010636-4b6e-4820-a6ed-9dd9125fe66b/datanode-7/data/ratis/f4cf136f-dea7-4e47-9282-08dde34c77d1/sm/snapshot.3_0
2020-05-27 19:33:17,543 [Thread-1001] INFO  impl.FollowerState (FollowerState.java:run(117)) - 0ab43432-34fe-4306-a50d-0ea23314de87@group-08DDE34C77D1-FollowerState was interrupted: java.lang.InterruptedException: sleep interrupted
2020-05-27 19:33:17,544 [0ab43432-34fe-4306-a50d-0ea23314de87@group-08DDE34C77D1-StateMachineUpdater] INFO  ratis.ContainerStateMachine (ContainerStateMachine.java:takeSnapshot(299)) - group-08DDE34C77D1: Finished taking a snapshot at:(t:3, i:0) file:/github/workspace/mnt/ozone/hadoop-ozone/integration-test/target/test-dir/MiniOzoneClusterImpl-f0010636-4b6e-4820-a6ed-9dd9125fe66b/datanode-7/data/ratis/f4cf136f-dea7-4e47-9282-08dde34c77d1/sm/snapshot.3_0 time:1
2020-05-27 19:33:17,544 [0ab43432-34fe-4306-a50d-0ea23314de87@group-08DDE34C77D1-StateMachineUpdater] INFO  impl.StateMachineUpdater (StateMachineUpdater.java:takeSnapshot(277)) - 0ab43432-34fe-4306-a50d-0ea23314de87@group-08DDE34C77D1-StateMachineUpdater: Took a snapshot at index 0
2020-05-27 19:33:17,544 [0ab43432-34fe-4306-a50d-0ea23314de87@group-08DDE34C77D1-StateMachineUpdater] INFO  impl.StateMachineUpdater (StateMachineUpdater.java:lambda$new$0(87)) - 0ab43432-34fe-4306-a50d-0ea23314de87@group-08DDE34C77D1-StateMachineUpdater: snapshotIndex: updateIncreasingly -1 -> 0
2020-05-27 19:33:17,544 [0ab43432-34fe-4306-a50d-0ea23314de87@group-08DDE34C77D1-StateMachineUpdater] INFO  metrics.RatisMetrics (RatisMetrics.java:unregister(46)) - Unregistering Metrics Registry : ratis.state_machine.0ab43432-34fe-4306-a50d-0ea23314de87@group-08DDE34C77D1
2020-05-27 19:33:17,544 [ForkJoinPool.commonPool-worker-0] INFO  impl.RaftServerImpl (ServerState.java:close(387)) - 0ab43432-34fe-4306-a50d-0ea23314de87@group-08DDE34C77D1: closes. applyIndex: 0
2020-05-27 19:33:17,544 [0ab43432-34fe-4306-a50d-0ea23314de87@group-08DDE34C77D1-SegmentedRaftLogWorker] INFO  segmented.SegmentedRaftLogWorker (SegmentedRaftLogWorker.java:run(321)) - 0ab43432-34fe-4306-a50d-0ea23314de87@group-08DDE34C77D1-SegmentedRaftLogWorker was interrupted, exiting. There are 0 tasks remaining in the queue.
2020-05-27 19:33:17,545 [ForkJoinPool.commonPool-worker-0] INFO  segmented.SegmentedRaftLogWorker (SegmentedRaftLogWorker.java:close(229)) - 0ab43432-34fe-4306-a50d-0ea23314de87@group-08DDE34C77D1-SegmentedRaftLogWorker close()
2020-05-27 19:33:17,545 [ForkJoinPool.commonPool-worker-0] INFO  metrics.RatisMetrics (RatisMetrics.java:unregister(46)) - Unregistering Metrics Registry : ratis.log_worker.0ab43432-34fe-4306-a50d-0ea23314de87
2020-05-27 19:33:17,545 [ForkJoinPool.commonPool-worker-0] INFO  metrics.RatisMetrics (RatisMetrics.java:unregister(46)) - Unregistering Metrics Registry : ratis.leader_election.0ab43432-34fe-4306-a50d-0ea23314de87@group-08DDE34C77D1
2020-05-27 19:33:17,545 [ForkJoinPool.commonPool-worker-0] INFO  metrics.RatisMetrics (RatisMetrics.java:unregister(46)) - Unregistering Metrics Registry : ratis.server.0ab43432-34fe-4306-a50d-0ea23314de87@group-08DDE34C77D1
2020-05-27 19:33:17,545 [ForkJoinPool.commonPool-worker-0] INFO  server.GrpcService (GrpcService.java:closeImpl(165)) - 0ab43432-34fe-4306-a50d-0ea23314de87: shutdown server with port 42819 now
2020-05-27 19:33:17,546 [ForkJoinPool.commonPool-worker-0] INFO  server.GrpcService (GrpcService.java:closeImpl(173)) - 0ab43432-34fe-4306-a50d-0ea23314de87: shutdown server with port 42819 successfully
2020-05-27 19:33:17,551 [ForkJoinPool.commonPool-worker-0] INFO  utils.BackgroundService (BackgroundService.java:shutdown(157)) - Shutting down service BlockDeletingService
2020-05-27 19:33:17,553 [ForkJoinPool.commonPool-worker-0] INFO  statemachine.DatanodeStateMachine (DatanodeStateMachine.java:stopDaemon(424)) - Ozone container server stopped.
2020-05-27 19:33:17,559 [ForkJoinPool.commonPool-worker-0] INFO  handler.ContextHandler (ContextHandler.java:doStop(1016)) - Stopped o.e.j.w.WebAppContext@6d224921{hddsDatanode,/,null,UNAVAILABLE}{jar:file:/home/user/.m2/repository/org/apache/hadoop/hadoop-hdds-container-service/0.6.0-SNAPSHOT/hadoop-hdds-container-service-0.6.0-SNAPSHOT.jar!/webapps/hddsDatanode}
2020-05-27 19:33:17,560 [ForkJoinPool.commonPool-worker-0] INFO  server.AbstractConnector (AbstractConnector.java:doStop(380)) - Stopped ServerConnector@509d999c{HTTP/1.1,[http/1.1]}{0.0.0.0:0}
2020-05-27 19:33:17,560 [ForkJoinPool.commonPool-worker-0] INFO  server.session (HouseKeeper.java:stopScavenging(158)) - node0 Stopped scavenging
2020-05-27 19:33:17,561 [ForkJoinPool.commonPool-worker-0] INFO  handler.ContextHandler (ContextHandler.java:doStop(1016)) - Stopped o.e.j.s.ServletContextHandler@2e53f980{static,/static,jar:file:/home/user/.m2/repository/org/apache/hadoop/hadoop-hdds-container-service/0.6.0-SNAPSHOT/hadoop-hdds-container-service-0.6.0-SNAPSHOT.jar!/webapps/static,UNAVAILABLE}
2020-05-27 19:33:17,562 [ForkJoinPool.commonPool-worker-0] INFO  handler.ContextHandler (ContextHandler.java:doStop(1016)) - Stopped o.e.j.s.ServletContextHandler@6b5c4b75{logs,/logs,file:///github/workspace/mnt/ozone/hadoop-ozone/integration-test/target/log,UNAVAILABLE}
2020-05-27 19:33:17,564 [Listener at 127.0.0.1/45217] INFO  ozone.MiniOzoneClusterImpl (MiniOzoneClusterImpl.java:stopSCM(476)) - Stopping the StorageContainerManager
2020-05-27 19:33:17,564 [Listener at 127.0.0.1/45217] INFO  server.StorageContainerManager (StorageContainerManager.java:stop(824)) - Stopping Replication Manager Service.
2020-05-27 19:33:17,565 [Listener at 127.0.0.1/45217] INFO  container.ReplicationManager (ReplicationManager.java:stop(208)) - Stopping Replication Monitor Thread.
2020-05-27 19:33:17,565 [Listener at 127.0.0.1/45217] INFO  server.StorageContainerManager (StorageContainerManager.java:stop(831)) - Stopping Lease Manager of the command watchers
2020-05-27 19:33:17,565 [CommandWatcher-LeaseManager#LeaseMonitor] ERROR lease.LeaseManager (LeaseManager.java:run(238)) - Execution was interrupted 
java.lang.InterruptedException: sleep interrupted
	at java.lang.Thread.sleep(Native Method)
	at org.apache.hadoop.ozone.lease.LeaseManager$LeaseMonitor.run(LeaseManager.java:234)
	at java.lang.Thread.run(Thread.java:748)
2020-05-27 19:33:17,566 [Listener at 127.0.0.1/45217] INFO  server.StorageContainerManager (StorageContainerManager.java:stop(838)) - Stopping datanode service RPC server
2020-05-27 19:33:17,567 [Listener at 127.0.0.1/45217] INFO  server.SCMDatanodeProtocolServer (SCMDatanodeProtocolServer.java:stop(361)) - Stopping the RPC server for DataNodes
2020-05-27 19:33:17,567 [Listener at 127.0.0.1/45217] INFO  ipc.Server (Server.java:stop(3359)) - Stopping server on 42781
2020-05-27 19:33:17,569 [IPC Server listener on 0] INFO  ipc.Server (Server.java:run(1330)) - Stopping IPC Server listener on 0
2020-05-27 19:33:17,569 [IPC Server Responder] INFO  ipc.Server (Server.java:run(1465)) - Stopping IPC Server Responder
2020-05-27 19:33:17,572 [SCM Heartbeat Processing Thread - 0] WARN  node.NodeStateManager (NodeStateManager.java:scheduleNextHealthCheck(661)) - Current Thread is interrupted, shutting down HB processing thread for Node Manager.
2020-05-27 19:33:17,573 [Listener at 127.0.0.1/45217] INFO  server.StorageContainerManager (StorageContainerManager.java:stop(846)) - Stopping block service RPC server
2020-05-27 19:33:17,573 [Listener at 127.0.0.1/45217] INFO  server.SCMBlockProtocolServer (SCMBlockProtocolServer.java:stop(158)) - Stopping the RPC server for Block Protocol
2020-05-27 19:33:17,573 [Listener at 127.0.0.1/45217] INFO  ipc.Server (Server.java:stop(3359)) - Stopping server on 41613
2020-05-27 19:33:17,575 [IPC Server listener on 0] INFO  ipc.Server (Server.java:run(1330)) - Stopping IPC Server listener on 0
2020-05-27 19:33:17,575 [IPC Server Responder] INFO  ipc.Server (Server.java:run(1465)) - Stopping IPC Server Responder
2020-05-27 19:33:17,575 [Listener at 127.0.0.1/45217] INFO  server.StorageContainerManager (StorageContainerManager.java:stop(853)) - Stopping the StorageContainerLocationProtocol RPC server
2020-05-27 19:33:17,575 [Listener at 127.0.0.1/45217] INFO  server.SCMClientProtocolServer (SCMClientProtocolServer.java:stop(166)) - Stopping the RPC server for Client Protocol
2020-05-27 19:33:17,575 [Listener at 127.0.0.1/45217] INFO  ipc.Server (Server.java:stop(3359)) - Stopping server on 46763
2020-05-27 19:33:17,577 [IPC Server listener on 0] INFO  ipc.Server (Server.java:run(1330)) - Stopping IPC Server listener on 0
2020-05-27 19:33:17,577 [IPC Server Responder] INFO  ipc.Server (Server.java:run(1465)) - Stopping IPC Server Responder
2020-05-27 19:33:17,580 [Listener at 127.0.0.1/45217] INFO  server.StorageContainerManager (StorageContainerManager.java:stop(860)) - Stopping Storage Container Manager HTTP server.
2020-05-27 19:33:17,580 [Listener at 127.0.0.1/45217] INFO  handler.ContextHandler (ContextHandler.java:doStop(1016)) - Stopped o.e.j.w.WebAppContext@184823ed{scm,/,null,UNAVAILABLE}{file:/github/workspace/mnt/ozone/hadoop-ozone/integration-test/target/test-classes/webapps/scm}
2020-05-27 19:33:17,582 [Listener at 127.0.0.1/45217] INFO  server.AbstractConnector (AbstractConnector.java:doStop(380)) - Stopped ServerConnector@40113163{HTTP/1.1,[http/1.1]}{0.0.0.0:0}
2020-05-27 19:33:17,583 [Listener at 127.0.0.1/45217] INFO  server.session (HouseKeeper.java:stopScavenging(158)) - node0 Stopped scavenging
2020-05-27 19:33:17,583 [Listener at 127.0.0.1/45217] INFO  handler.ContextHandler (ContextHandler.java:doStop(1016)) - Stopped o.e.j.s.ServletContextHandler@23da79eb{static,/static,file:///github/workspace/mnt/ozone/hadoop-ozone/integration-test/target/test-classes/webapps/static,UNAVAILABLE}
2020-05-27 19:33:17,583 [Listener at 127.0.0.1/45217] INFO  handler.ContextHandler (ContextHandler.java:doStop(1016)) - Stopped o.e.j.s.ServletContextHandler@29be997f{logs,/logs,file:///github/workspace/mnt/ozone/hadoop-ozone/integration-test/target/log,UNAVAILABLE}
2020-05-27 19:33:17,585 [Listener at 127.0.0.1/45217] INFO  server.StorageContainerManager (StorageContainerManager.java:stop(871)) - Stopping Block Manager Service.
2020-05-27 19:33:17,585 [Listener at 127.0.0.1/45217] INFO  utils.BackgroundService (BackgroundService.java:shutdown(157)) - Shutting down service SCMBlockDeletingService
2020-05-27 19:33:17,585 [Listener at 127.0.0.1/45217] INFO  utils.BackgroundService (BackgroundService.java:shutdown(157)) - Shutting down service SCMBlockDeletingService
2020-05-27 19:33:17,586 [Listener at 127.0.0.1/45217] INFO  server.StorageContainerManager (StorageContainerManager.java:stop(896)) - Stopping SCM Event Queue.
2020-05-27 19:33:17,591 [Listener at 127.0.0.1/45217] INFO  impl.MetricsSystemImpl (MetricsSystemImpl.java:stop(210)) - Stopping XceiverClientMetrics metrics system...
2020-05-27 19:33:17,599 [prometheus] INFO  impl.MetricsSinkAdapter (MetricsSinkAdapter.java:publishMetricsFromQueue(141)) - prometheus thread interrupted.
2020-05-27 19:33:17,599 [Listener at 127.0.0.1/45217] INFO  impl.MetricsSystemImpl (MetricsSystemImpl.java:stop(216)) - XceiverClientMetrics metrics system stopped.
]]></system-out>
    <system-err><![CDATA[ERROR StatusLogger No Log4j 2 configuration file found. Using default configuration (logging only errors to the console), or user programmatically provided configurations. Set system property 'log4j2.debug' to show Log4j 2 internal initialization logging. See https://logging.apache.org/log4j/2.x/manual/configuration.html for instructions on how to configure Log4j 2
May 27, 2020 7:32:18 PM org.apache.ratis.thirdparty.io.grpc.internal.SerializingExecutor run
SEVERE: Exception while executing runnable org.apache.ratis.thirdparty.io.grpc.internal.ServerImpl$JumpToApplicationThreadServerStreamListener$1Closed@7d52e210
org.apache.ratis.thirdparty.io.grpc.StatusRuntimeException: CANCELLED: call already cancelled
	at org.apache.ratis.thirdparty.io.grpc.Status.asRuntimeException(Status.java:524)
	at org.apache.ratis.thirdparty.io.grpc.stub.ServerCalls$ServerCallStreamObserverImpl.onCompleted(ServerCalls.java:368)
	at org.apache.ratis.grpc.server.GrpcServerProtocolService$ServerRequestStreamObserver.onError(GrpcServerProtocolService.java:145)
	at org.apache.ratis.thirdparty.io.grpc.stub.ServerCalls$StreamingServerCallHandler$StreamingServerCallListener.onCancel(ServerCalls.java:272)
	at org.apache.ratis.thirdparty.io.grpc.internal.ServerCallImpl$ServerStreamListenerImpl.closedInternal(ServerCallImpl.java:353)
	at org.apache.ratis.thirdparty.io.grpc.internal.ServerCallImpl$ServerStreamListenerImpl.closed(ServerCallImpl.java:341)
	at org.apache.ratis.thirdparty.io.grpc.internal.ServerImpl$JumpToApplicationThreadServerStreamListener$1Closed.runInContext(ServerImpl.java:867)
	at org.apache.ratis.thirdparty.io.grpc.internal.ContextRunnable.run(ContextRunnable.java:37)
	at org.apache.ratis.thirdparty.io.grpc.internal.SerializingExecutor.run(SerializingExecutor.java:123)
	at java.util.concurrent.ThreadPoolExecutor.runWorker(ThreadPoolExecutor.java:1149)
	at java.util.concurrent.ThreadPoolExecutor$Worker.run(ThreadPoolExecutor.java:624)
	at java.lang.Thread.run(Thread.java:748)

May 27, 2020 7:32:23 PM org.apache.ratis.thirdparty.io.grpc.internal.SerializingExecutor run
SEVERE: Exception while executing runnable org.apache.ratis.thirdparty.io.grpc.internal.ServerImpl$JumpToApplicationThreadServerStreamListener$1Closed@71491eb3
org.apache.ratis.thirdparty.io.grpc.StatusRuntimeException: CANCELLED: call already cancelled
	at org.apache.ratis.thirdparty.io.grpc.Status.asRuntimeException(Status.java:524)
	at org.apache.ratis.thirdparty.io.grpc.stub.ServerCalls$ServerCallStreamObserverImpl.onCompleted(ServerCalls.java:368)
	at org.apache.ratis.grpc.server.GrpcServerProtocolService$ServerRequestStreamObserver.onError(GrpcServerProtocolService.java:145)
	at org.apache.ratis.thirdparty.io.grpc.stub.ServerCalls$StreamingServerCallHandler$StreamingServerCallListener.onCancel(ServerCalls.java:272)
	at org.apache.ratis.thirdparty.io.grpc.internal.ServerCallImpl$ServerStreamListenerImpl.closedInternal(ServerCallImpl.java:353)
	at org.apache.ratis.thirdparty.io.grpc.internal.ServerCallImpl$ServerStreamListenerImpl.closed(ServerCallImpl.java:341)
	at org.apache.ratis.thirdparty.io.grpc.internal.ServerImpl$JumpToApplicationThreadServerStreamListener$1Closed.runInContext(ServerImpl.java:867)
	at org.apache.ratis.thirdparty.io.grpc.internal.ContextRunnable.run(ContextRunnable.java:37)
	at org.apache.ratis.thirdparty.io.grpc.internal.SerializingExecutor.run(SerializingExecutor.java:123)
	at java.util.concurrent.ThreadPoolExecutor.runWorker(ThreadPoolExecutor.java:1149)
	at java.util.concurrent.ThreadPoolExecutor$Worker.run(ThreadPoolExecutor.java:624)
	at java.lang.Thread.run(Thread.java:748)

May 27, 2020 7:33:02 PM org.apache.ratis.thirdparty.io.grpc.internal.SerializingExecutor run
SEVERE: Exception while executing runnable org.apache.ratis.thirdparty.io.grpc.internal.ServerImpl$JumpToApplicationThreadServerStreamListener$1Closed@2304bf0f
org.apache.ratis.thirdparty.io.grpc.StatusRuntimeException: CANCELLED: call already cancelled
	at org.apache.ratis.thirdparty.io.grpc.Status.asRuntimeException(Status.java:524)
	at org.apache.ratis.thirdparty.io.grpc.stub.ServerCalls$ServerCallStreamObserverImpl.onCompleted(ServerCalls.java:368)
	at org.apache.ratis.grpc.server.GrpcServerProtocolService$ServerRequestStreamObserver.onError(GrpcServerProtocolService.java:145)
	at org.apache.ratis.thirdparty.io.grpc.stub.ServerCalls$StreamingServerCallHandler$StreamingServerCallListener.onCancel(ServerCalls.java:272)
	at org.apache.ratis.thirdparty.io.grpc.internal.ServerCallImpl$ServerStreamListenerImpl.closedInternal(ServerCallImpl.java:353)
	at org.apache.ratis.thirdparty.io.grpc.internal.ServerCallImpl$ServerStreamListenerImpl.closed(ServerCallImpl.java:341)
	at org.apache.ratis.thirdparty.io.grpc.internal.ServerImpl$JumpToApplicationThreadServerStreamListener$1Closed.runInContext(ServerImpl.java:867)
	at org.apache.ratis.thirdparty.io.grpc.internal.ContextRunnable.run(ContextRunnable.java:37)
	at org.apache.ratis.thirdparty.io.grpc.internal.SerializingExecutor.run(SerializingExecutor.java:123)
	at java.util.concurrent.ThreadPoolExecutor.runWorker(ThreadPoolExecutor.java:1149)
	at java.util.concurrent.ThreadPoolExecutor$Worker.run(ThreadPoolExecutor.java:624)
	at java.lang.Thread.run(Thread.java:748)

May 27, 2020 7:33:07 PM org.apache.ratis.thirdparty.io.grpc.internal.SerializingExecutor run
SEVERE: Exception while executing runnable org.apache.ratis.thirdparty.io.grpc.internal.ServerImpl$JumpToApplicationThreadServerStreamListener$1Closed@5b53da16
org.apache.ratis.thirdparty.io.grpc.StatusRuntimeException: CANCELLED: call already cancelled
	at org.apache.ratis.thirdparty.io.grpc.Status.asRuntimeException(Status.java:524)
	at org.apache.ratis.thirdparty.io.grpc.stub.ServerCalls$ServerCallStreamObserverImpl.onCompleted(ServerCalls.java:368)
	at org.apache.ratis.grpc.server.GrpcServerProtocolService$ServerRequestStreamObserver.onError(GrpcServerProtocolService.java:145)
	at org.apache.ratis.thirdparty.io.grpc.stub.ServerCalls$StreamingServerCallHandler$StreamingServerCallListener.onCancel(ServerCalls.java:272)
	at org.apache.ratis.thirdparty.io.grpc.internal.ServerCallImpl$ServerStreamListenerImpl.closedInternal(ServerCallImpl.java:353)
	at org.apache.ratis.thirdparty.io.grpc.internal.ServerCallImpl$ServerStreamListenerImpl.closed(ServerCallImpl.java:341)
	at org.apache.ratis.thirdparty.io.grpc.internal.ServerImpl$JumpToApplicationThreadServerStreamListener$1Closed.runInContext(ServerImpl.java:867)
	at org.apache.ratis.thirdparty.io.grpc.internal.ContextRunnable.run(ContextRunnable.java:37)
	at org.apache.ratis.thirdparty.io.grpc.internal.SerializingExecutor.run(SerializingExecutor.java:123)
	at java.util.concurrent.ThreadPoolExecutor.runWorker(ThreadPoolExecutor.java:1149)
	at java.util.concurrent.ThreadPoolExecutor$Worker.run(ThreadPoolExecutor.java:624)
	at java.lang.Thread.run(Thread.java:748)

]]></system-err>
  </testcase>
  <testcase name="testContainerExclusionWithClosedContainerException" classname="org.apache.hadoop.ozone.client.rpc.TestFailureHandlingByClient" time="37.877"/>
  <testcase name="testWriteSmallFile" classname="org.apache.hadoop.ozone.client.rpc.TestFailureHandlingByClient" time="53.806"/>
  <testcase name="testBlockWritesWithDnFailures" classname="org.apache.hadoop.ozone.client.rpc.TestFailureHandlingByClient" time="47.831"/>
  <testcase name="testDatanodeExclusionWithMajorityCommit" classname="org.apache.hadoop.ozone.client.rpc.TestFailureHandlingByClient" time="0">
    <skipped message="HDDS-3298"/>
  </testcase>
</testsuite>