<?xml version="1.0" encoding="UTF-8"?>
<testsuite xmlns:xsi="http://www.w3.org/2001/XMLSchema-instance" xsi:noNamespaceSchemaLocation="https://maven.apache.org/surefire/maven-surefire-plugin/xsd/surefire-test-report-3.0.xsd" version="3.0" name="org.apache.hadoop.ozone.scm.pipeline.TestPipelineManagerMXBean" time="26.625" tests="1" errors="0" skipped="0" failures="1">
  <properties>
    <property name="awt.toolkit" value="sun.awt.X11.XToolkit"/>
    <property name="file.encoding.pkg" value="sun.io"/>
    <property name="java.specification.version" value="1.8"/>
    <property name="sun.cpu.isalist" value=""/>
    <property name="sun.jnu.encoding" value="UTF-8"/>
    <property name="java.class.path" value="/home/runner/work/ozone/ozone/hadoop-ozone/integration-test/target/test-classes:/home/runner/work/ozone/ozone/hadoop-ozone/integration-test/target/classes:/home/runner/.m2/repository/org/apache/ozone/ozone-common/1.4.0-SNAPSHOT/ozone-common-1.4.0-SNAPSHOT.jar:/home/runner/.m2/repository/io/grpc/grpc-netty/1.51.1/grpc-netty-1.51.1.jar:/home/runner/.m2/repository/io/grpc/grpc-core/1.51.1/grpc-core-1.51.1.jar:/home/runner/.m2/repository/com/google/android/annotations/4.1.1.4/annotations-4.1.1.4.jar:/home/runner/.m2/repository/org/codehaus/mojo/animal-sniffer-annotations/1.21/animal-sniffer-annotations-1.21.jar:/home/runner/.m2/repository/com/google/errorprone/error_prone_annotations/2.2.0/error_prone_annotations-2.2.0.jar:/home/runner/.m2/repository/io/perfmark/perfmark-api/0.25.0/perfmark-api-0.25.0.jar:/home/runner/.m2/repository/io/netty/netty-codec-http2/4.1.86.Final/netty-codec-http2-4.1.86.Final.jar:/home/runner/.m2/repository/io/netty/netty-common/4.1.86.Final/netty-common-4.1.86.Final.jar:/home/runner/.m2/repository/io/netty/netty-buffer/4.1.86.Final/netty-buffer-4.1.86.Final.jar:/home/runner/.m2/repository/io/netty/netty-codec-http/4.1.86.Final/netty-codec-http-4.1.86.Final.jar:/home/runner/.m2/repository/io/netty/netty-handler-proxy/4.1.86.Final/netty-handler-proxy-4.1.86.Final.jar:/home/runner/.m2/repository/io/netty/netty-codec-socks/4.1.86.Final/netty-codec-socks-4.1.86.Final.jar:/home/runner/.m2/repository/io/netty/netty-tcnative-boringssl-static/2.0.54.Final/netty-tcnative-boringssl-static-2.0.54.Final.jar:/home/runner/.m2/repository/io/netty/netty-tcnative-classes/2.0.54.Final/netty-tcnative-classes-2.0.54.Final.jar:/home/runner/.m2/repository/io/netty/netty-tcnative-boringssl-static/2.0.54.Final/netty-tcnative-boringssl-static-2.0.54.Final-linux-x86_64.jar:/home/runner/.m2/repository/io/netty/netty-tcnative-boringssl-static/2.0.54.Final/netty-tcnative-boringssl-static-2.0.54.Final-linux-aarch_64.jar:/home/runner/.m2/repository/io/netty/netty-tcnative-boringssl-static/2.0.54.Final/netty-tcnative-boringssl-static-2.0.54.Final-osx-x86_64.jar:/home/runner/.m2/repository/io/netty/netty-tcnative-boringssl-static/2.0.54.Final/netty-tcnative-boringssl-static-2.0.54.Final-osx-aarch_64.jar:/home/runner/.m2/repository/io/netty/netty-tcnative-boringssl-static/2.0.54.Final/netty-tcnative-boringssl-static-2.0.54.Final-windows-x86_64.jar:/home/runner/.m2/repository/org/apache/commons/commons-compress/1.21/commons-compress-1.21.jar:/home/runner/.m2/repository/org/apache/ozone/hdds-common/1.4.0-SNAPSHOT/hdds-common-1.4.0-SNAPSHOT.jar:/home/runner/.m2/repository/org/apache/ozone/hdds-client/1.4.0-SNAPSHOT/hdds-client-1.4.0-SNAPSHOT.jar:/home/runner/.m2/repository/org/apache/ozone/ozone-interface-client/1.4.0-SNAPSHOT/ozone-interface-client-1.4.0-SNAPSHOT.jar:/home/runner/.m2/repository/org/apache/ozone/hdds-test-utils/1.4.0-SNAPSHOT/hdds-test-utils-1.4.0-SNAPSHOT.jar:/home/runner/.m2/repository/com/google/guava/guava/31.1-jre/guava-31.1-jre.jar:/home/runner/.m2/repository/com/google/guava/failureaccess/1.0.1/failureaccess-1.0.1.jar:/home/runner/.m2/repository/com/google/guava/listenablefuture/9999.0-empty-to-avoid-conflict-with-guava/listenablefuture-9999.0-empty-to-avoid-conflict-with-guava.jar:/home/runner/.m2/repository/com/google/code/findbugs/jsr305/3.0.0/jsr305-3.0.0.jar:/home/runner/.m2/repository/org/checkerframework/checker-qual/3.12.0/checker-qual-3.12.0.jar:/home/runner/.m2/repository/com/google/j2objc/j2objc-annotations/1.3/j2objc-annotations-1.3.jar:/home/runner/.m2/repository/commons-io/commons-io/2.11.0/commons-io-2.11.0.jar:/home/runner/.m2/repository/commons-logging/commons-logging/1.2/commons-logging-1.2.jar:/home/runner/.m2/repository/ch/qos/reload4j/reload4j/1.2.22/reload4j-1.2.22.jar:/home/runner/.m2/repository/org/slf4j/slf4j-api/1.7.36/slf4j-api-1.7.36.jar:/home/runner/.m2/repository/org/apache/ozone/hdds-server-scm/1.4.0-SNAPSHOT/hdds-server-scm-1.4.0-SNAPSHOT.jar:/home/runner/.m2/repository/org/apache/ozone/hdds-container-service/1.4.0-SNAPSHOT/hdds-container-service-1.4.0-SNAPSHOT.jar:/home/runner/.m2/repository/org/apache/ozone/hdds-hadoop-dependency-server/1.4.0-SNAPSHOT/hdds-hadoop-dependency-server-1.4.0-SNAPSHOT.jar:/home/runner/.m2/repository/org/apache/hadoop/hadoop-hdfs/3.3.4/hadoop-hdfs-3.3.4.jar:/home/runner/.m2/repository/commons-daemon/commons-daemon/1.0.13/commons-daemon-1.0.13.jar:/home/runner/.m2/repository/org/apache/ozone/hdds-server-framework/1.4.0-SNAPSHOT/hdds-server-framework-1.4.0-SNAPSHOT.jar:/home/runner/.m2/repository/io/dropwizard/metrics/metrics-core/3.2.4/metrics-core-3.2.4.jar:/home/runner/.m2/repository/org/apache/commons/commons-text/1.4/commons-text-1.4.jar:/home/runner/.m2/repository/org/apache/hadoop/hadoop-hdfs-client/3.3.4/hadoop-hdfs-client-3.3.4.jar:/home/runner/.m2/repository/com/squareup/okhttp3/okhttp/4.9.3/okhttp-4.9.3.jar:/home/runner/.m2/repository/com/squareup/okio/okio/2.8.0/okio-2.8.0.jar:/home/runner/.m2/repository/org/jetbrains/kotlin/kotlin-stdlib-common/1.6.21/kotlin-stdlib-common-1.6.21.jar:/home/runner/.m2/repository/org/bouncycastle/bcprov-jdk15on/1.67/bcprov-jdk15on-1.67.jar:/home/runner/.m2/repository/com/google/protobuf/protobuf-java/2.5.0/protobuf-java-2.5.0.jar:/home/runner/.m2/repository/org/apache/ozone/hdds-server-framework/1.4.0-SNAPSHOT/hdds-server-framework-1.4.0-SNAPSHOT-tests.jar:/home/runner/.m2/repository/org/apache/ozone/hdds-interface-server/1.4.0-SNAPSHOT/hdds-interface-server-1.4.0-SNAPSHOT.jar:/home/runner/.m2/repository/org/apache/ozone/hdds-interface-admin/1.4.0-SNAPSHOT/hdds-interface-admin-1.4.0-SNAPSHOT.jar:/home/runner/.m2/repository/org/apache/ozone/hdds-managed-rocksdb/1.4.0-SNAPSHOT/hdds-managed-rocksdb-1.4.0-SNAPSHOT.jar:/home/runner/.m2/repository/org/rocksdb/rocksdbjni/7.7.3/rocksdbjni-7.7.3.jar:/home/runner/.m2/repository/org/slf4j/slf4j-reload4j/1.7.36/slf4j-reload4j-1.7.36.jar:/home/runner/.m2/repository/org/apache/commons/commons-configuration2/2.1.1/commons-configuration2-2.1.1.jar:/home/runner/.m2/repository/org/apache/logging/log4j/log4j-core/2.17.1/log4j-core-2.17.1.jar:/home/runner/.m2/repository/com/lmax/disruptor/3.4.2/disruptor-3.4.2.jar:/home/runner/.m2/repository/org/eclipse/jetty/jetty-util/9.4.49.v20220914/jetty-util-9.4.49.v20220914.jar:/home/runner/.m2/repository/org/eclipse/jetty/jetty-server/9.4.49.v20220914/jetty-server-9.4.49.v20220914.jar:/home/runner/.m2/repository/org/eclipse/jetty/jetty-http/9.4.49.v20220914/jetty-http-9.4.49.v20220914.jar:/home/runner/.m2/repository/org/eclipse/jetty/jetty-io/9.4.49.v20220914/jetty-io-9.4.49.v20220914.jar:/home/runner/.m2/repository/org/eclipse/jetty/jetty-servlet/9.4.49.v20220914/jetty-servlet-9.4.49.v20220914.jar:/home/runner/.m2/repository/org/eclipse/jetty/jetty-security/9.4.49.v20220914/jetty-security-9.4.49.v20220914.jar:/home/runner/.m2/repository/org/eclipse/jetty/jetty-util-ajax/9.4.49.v20220914/jetty-util-ajax-9.4.49.v20220914.jar:/home/runner/.m2/repository/org/eclipse/jetty/jetty-webapp/9.4.49.v20220914/jetty-webapp-9.4.49.v20220914.jar:/home/runner/.m2/repository/org/eclipse/jetty/jetty-xml/9.4.49.v20220914/jetty-xml-9.4.49.v20220914.jar:/home/runner/.m2/repository/org/apache/ratis/ratis-server/2.4.2-8b8bdda-SNAPSHOT/ratis-server-2.4.2-8b8bdda-SNAPSHOT.jar:/home/runner/.m2/repository/org/apache/ratis/ratis-thirdparty-misc/1.0.3/ratis-thirdparty-misc-1.0.3.jar:/home/runner/.m2/repository/org/apache/ratis/ratis-proto/2.4.2-8b8bdda-SNAPSHOT/ratis-proto-2.4.2-8b8bdda-SNAPSHOT.jar:/home/runner/.m2/repository/org/apache/ratis/ratis-common/2.4.2-8b8bdda-SNAPSHOT/ratis-common-2.4.2-8b8bdda-SNAPSHOT.jar:/home/runner/.m2/repository/org/apache/ratis/ratis-client/2.4.2-8b8bdda-SNAPSHOT/ratis-client-2.4.2-8b8bdda-SNAPSHOT.jar:/home/runner/.m2/repository/org/apache/ratis/ratis-server-api/2.4.2-8b8bdda-SNAPSHOT/ratis-server-api-2.4.2-8b8bdda-SNAPSHOT.jar:/home/runner/.m2/repository/org/apache/ratis/ratis-metrics/2.4.2-8b8bdda-SNAPSHOT/ratis-metrics-2.4.2-8b8bdda-SNAPSHOT.jar:/home/runner/.m2/repository/io/prometheus/simpleclient_dropwizard/0.7.0/simpleclient_dropwizard-0.7.0.jar:/home/runner/.m2/repository/io/prometheus/simpleclient/0.7.0/simpleclient-0.7.0.jar:/home/runner/.m2/repository/io/prometheus/simpleclient_common/0.7.0/simpleclient_common-0.7.0.jar:/home/runner/.m2/repository/com/fasterxml/jackson/datatype/jackson-datatype-jsr310/2.13.4/jackson-datatype-jsr310-2.13.4.jar:/home/runner/.m2/repository/com/fasterxml/jackson/core/jackson-core/2.13.4/jackson-core-2.13.4.jar:/home/runner/.m2/repository/com/github/spotbugs/spotbugs-annotations/3.1.12/spotbugs-annotations-3.1.12.jar:/home/runner/.m2/repository/org/apache/ozone/rocksdb-checkpoint-differ/1.4.0-SNAPSHOT/rocksdb-checkpoint-differ-1.4.0-SNAPSHOT.jar:/home/runner/.m2/repository/org/awaitility/awaitility/4.2.0/awaitility-4.2.0.jar:/home/runner/.m2/repository/org/hamcrest/hamcrest/2.1/hamcrest-2.1.jar:/home/runner/.m2/repository/org/apache/ozone/ozone-manager/1.4.0-SNAPSHOT/ozone-manager-1.4.0-SNAPSHOT.jar:/home/runner/.m2/repository/org/aspectj/aspectjrt/1.9.7/aspectjrt-1.9.7.jar:/home/runner/.m2/repository/org/aspectj/aspectjweaver/1.9.7/aspectjweaver-1.9.7.jar:/home/runner/.m2/repository/org/apache/ozone/hdds-interface-client/1.4.0-SNAPSHOT/hdds-interface-client-1.4.0-SNAPSHOT.jar:/home/runner/.m2/repository/org/apache/hadoop/thirdparty/hadoop-shaded-protobuf_3_7/1.1.1/hadoop-shaded-protobuf_3_7-1.1.1.jar:/home/runner/.m2/repository/org/apache/ozone/ozone-interface-storage/1.4.0-SNAPSHOT/ozone-interface-storage-1.4.0-SNAPSHOT.jar:/home/runner/.m2/repository/org/reflections/reflections/0.9.11/reflections-0.9.11.jar:/home/runner/.m2/repository/com/sun/jersey/jersey-client/1.19/jersey-client-1.19.jar:/home/runner/.m2/repository/org/apache/ranger/ranger-intg/2.3.0/ranger-intg-2.3.0.jar:/home/runner/.m2/repository/org/apache/ranger/ranger-plugins-common/2.3.0/ranger-plugins-common-2.3.0.jar:/home/runner/.m2/repository/commons-lang/commons-lang/2.6/commons-lang-2.6.jar:/home/runner/.m2/repository/org/apache/ranger/ranger-plugins-cred/2.3.0/ranger-plugins-cred-2.3.0.jar:/home/runner/.m2/repository/org/apache/ranger/ranger-plugins-audit/2.3.0/ranger-plugins-audit-2.3.0.jar:/home/runner/.m2/repository/org/eclipse/jetty/jetty-client/9.4.49.v20220914/jetty-client-9.4.49.v20220914.jar:/home/runner/.m2/repository/org/apache/httpcomponents/httpmime/4.5.6/httpmime-4.5.6.jar:/home/runner/.m2/repository/org/apache/httpcomponents/httpcore-nio/4.4.13/httpcore-nio-4.4.13.jar:/home/runner/.m2/repository/org/apache/httpcomponents/httpasyncclient/4.1.3/httpasyncclient-4.1.3.jar:/home/runner/.m2/repository/com/carrotsearch/hppc/0.8.0/hppc-0.8.0.jar:/home/runner/.m2/repository/org/apache/orc/orc-core/1.5.8/orc-core-1.5.8.jar:/home/runner/.m2/repository/net/java/dev/jna/jna/5.2.0/jna-5.2.0.jar:/home/runner/.m2/repository/net/java/dev/jna/jna-platform/5.2.0/jna-platform-5.2.0.jar:/home/runner/.m2/repository/com/kstruct/gethostname4j/0.0.2/gethostname4j-0.0.2.jar:/home/runner/.m2/repository/org/apache/ranger/ranger-plugin-classloader/2.3.0/ranger-plugin-classloader-2.3.0.jar:/home/runner/.m2/repository/org/apache/hadoop/hadoop-minikdc/3.3.4/hadoop-minikdc-3.3.4.jar:/home/runner/.m2/repository/org/apache/kerby/kerb-simplekdc/1.0.1/kerb-simplekdc-1.0.1.jar:/home/runner/.m2/repository/org/apache/kerby/kerb-client/1.0.1/kerb-client-1.0.1.jar:/home/runner/.m2/repository/org/apache/kerby/kerby-config/1.0.1/kerby-config-1.0.1.jar:/home/runner/.m2/repository/org/apache/kerby/kerb-common/1.0.1/kerb-common-1.0.1.jar:/home/runner/.m2/repository/org/apache/kerby/kerb-crypto/1.0.1/kerb-crypto-1.0.1.jar:/home/runner/.m2/repository/org/apache/kerby/kerb-util/1.0.1/kerb-util-1.0.1.jar:/home/runner/.m2/repository/org/apache/kerby/token-provider/1.0.1/token-provider-1.0.1.jar:/home/runner/.m2/repository/org/apache/kerby/kerb-admin/1.0.1/kerb-admin-1.0.1.jar:/home/runner/.m2/repository/org/apache/kerby/kerb-server/1.0.1/kerb-server-1.0.1.jar:/home/runner/.m2/repository/org/apache/kerby/kerb-identity/1.0.1/kerb-identity-1.0.1.jar:/home/runner/.m2/repository/org/apache/kerby/kerby-xdr/1.0.1/kerby-xdr-1.0.1.jar:/home/runner/.m2/repository/org/apache/ozone/ozone-s3gateway/1.4.0-SNAPSHOT/ozone-s3gateway-1.4.0-SNAPSHOT.jar:/home/runner/.m2/repository/org/javassist/javassist/3.21.0-GA/javassist-3.21.0-GA.jar:/home/runner/.m2/repository/org/jboss/weld/servlet/weld-servlet-shaded/3.1.9.Final/weld-servlet-shaded-3.1.9.Final.jar:/home/runner/.m2/repository/org/glassfish/jersey/containers/jersey-container-servlet-core/2.34/jersey-container-servlet-core-2.34.jar:/home/runner/.m2/repository/org/glassfish/hk2/external/jakarta.inject/2.6.1/jakarta.inject-2.6.1.jar:/home/runner/.m2/repository/org/glassfish/jersey/core/jersey-common/2.34/jersey-common-2.34.jar:/home/runner/.m2/repository/jakarta/ws/rs/jakarta.ws.rs-api/2.1.6/jakarta.ws.rs-api-2.1.6.jar:/home/runner/.m2/repository/org/glassfish/jersey/ext/cdi/jersey-cdi1x/2.34/jersey-cdi1x-2.34.jar:/home/runner/.m2/repository/org/glassfish/jersey/inject/jersey-hk2/2.34/jersey-hk2-2.34.jar:/home/runner/.m2/repository/org/glassfish/hk2/hk2-locator/2.6.1/hk2-locator-2.6.1.jar:/home/runner/.m2/repository/org/glassfish/jersey/media/jersey-media-jaxb/2.34/jersey-media-jaxb-2.34.jar:/home/runner/.m2/repository/org/glassfish/hk2/osgi-resource-locator/1.0.3/osgi-resource-locator-1.0.3.jar:/home/runner/.m2/repository/org/glassfish/hk2/hk2-api/2.5.0/hk2-api-2.5.0.jar:/home/runner/.m2/repository/org/glassfish/hk2/hk2-utils/2.5.0/hk2-utils-2.5.0.jar:/home/runner/.m2/repository/org/glassfish/hk2/external/aopalliance-repackaged/2.5.0/aopalliance-repackaged-2.5.0.jar:/home/runner/.m2/repository/com/fasterxml/jackson/dataformat/jackson-dataformat-xml/2.13.4/jackson-dataformat-xml-2.13.4.jar:/home/runner/.m2/repository/org/codehaus/woodstox/stax2-api/4.2.1/stax2-api-4.2.1.jar:/home/runner/.m2/repository/com/fasterxml/woodstox/woodstox-core/5.4.0/woodstox-core-5.4.0.jar:/home/runner/.m2/repository/com/fasterxml/jackson/module/jackson-module-jaxb-annotations/2.13.4/jackson-module-jaxb-annotations-2.13.4.jar:/home/runner/.m2/repository/jakarta/xml/bind/jakarta.xml.bind-api/2.3.3/jakarta.xml.bind-api-2.3.3.jar:/home/runner/.m2/repository/jakarta/activation/jakarta.activation-api/1.2.2/jakarta.activation-api-1.2.2.jar:/home/runner/.m2/repository/javax/enterprise/cdi-api/2.0/cdi-api-2.0.jar:/home/runner/.m2/repository/javax/el/javax.el-api/3.0.0/javax.el-api-3.0.0.jar:/home/runner/.m2/repository/javax/interceptor/javax.interceptor-api/1.2/javax.interceptor-api-1.2.jar:/home/runner/.m2/repository/javax/inject/javax.inject/1/javax.inject-1.jar:/home/runner/.m2/repository/javax/xml/bind/jaxb-api/2.3.0/jaxb-api-2.3.0.jar:/home/runner/.m2/repository/org/glassfish/jaxb/jaxb-runtime/2.3.0.1/jaxb-runtime-2.3.0.1.jar:/home/runner/.m2/repository/org/glassfish/jaxb/jaxb-core/2.3.0.1/jaxb-core-2.3.0.1.jar:/home/runner/.m2/repository/org/glassfish/jaxb/txw2/2.3.0.1/txw2-2.3.0.1.jar:/home/runner/.m2/repository/com/sun/istack/istack-commons-runtime/3.0.5/istack-commons-runtime-3.0.5.jar:/home/runner/.m2/repository/org/jvnet/staxex/stax-ex/1.7.8/stax-ex-1.7.8.jar:/home/runner/.m2/repository/com/sun/xml/fastinfoset/FastInfoset/1.2.13/FastInfoset-1.2.13.jar:/home/runner/.m2/repository/javax/activation/activation/1.1.1/activation-1.1.1.jar:/home/runner/.m2/repository/io/grpc/grpc-protobuf/1.51.1/grpc-protobuf-1.51.1.jar:/home/runner/.m2/repository/io/grpc/grpc-api/1.51.1/grpc-api-1.51.1.jar:/home/runner/.m2/repository/io/grpc/grpc-context/1.51.1/grpc-context-1.51.1.jar:/home/runner/.m2/repository/com/google/api/grpc/proto-google-common-protos/2.9.0/proto-google-common-protos-2.9.0.jar:/home/runner/.m2/repository/io/grpc/grpc-protobuf-lite/1.51.1/grpc-protobuf-lite-1.51.1.jar:/home/runner/.m2/repository/io/grpc/grpc-stub/1.51.1/grpc-stub-1.51.1.jar:/home/runner/.m2/repository/io/netty/netty-transport/4.1.86.Final/netty-transport-4.1.86.Final.jar:/home/runner/.m2/repository/io/netty/netty-resolver/4.1.86.Final/netty-resolver-4.1.86.Final.jar:/home/runner/.m2/repository/org/apache/ozone/ozone-csi/1.4.0-SNAPSHOT/ozone-csi-1.4.0-SNAPSHOT.jar:/home/runner/.m2/repository/com/google/protobuf/protobuf-java-util/3.19.6/protobuf-java-util-3.19.6.jar:/home/runner/.m2/repository/com/google/code/gson/gson/2.9.0/gson-2.9.0.jar:/home/runner/.m2/repository/org/apache/ozone/hdds-config/1.4.0-SNAPSHOT/hdds-config-1.4.0-SNAPSHOT.jar:/home/runner/.m2/repository/io/netty/netty-transport-native-epoll/4.1.86.Final/netty-transport-native-epoll-4.1.86.Final-linux-x86_64.jar:/home/runner/.m2/repository/io/netty/netty-transport-classes-epoll/4.1.86.Final/netty-transport-classes-epoll-4.1.86.Final.jar:/home/runner/.m2/repository/io/netty/netty-transport-native-unix-common/4.1.86.Final/netty-transport-native-unix-common-4.1.86.Final.jar:/home/runner/.m2/repository/org/apache/ozone/ozone-recon/1.4.0-SNAPSHOT/ozone-recon-1.4.0-SNAPSHOT.jar:/home/runner/.m2/repository/org/apache/ozone/ozone-reconcodegen/1.4.0-SNAPSHOT/ozone-reconcodegen-1.4.0-SNAPSHOT.jar:/home/runner/.m2/repository/com/google/inject/guice/5.1.0/guice-5.1.0.jar:/home/runner/.m2/repository/aopalliance/aopalliance/1.0/aopalliance-1.0.jar:/home/runner/.m2/repository/com/google/inject/extensions/guice-assistedinject/5.1.0/guice-assistedinject-5.1.0.jar:/home/runner/.m2/repository/com/google/inject/extensions/guice-servlet/5.1.0/guice-servlet-5.1.0.jar:/home/runner/.m2/repository/org/glassfish/jersey/containers/jersey-container-servlet/2.34/jersey-container-servlet-2.34.jar:/home/runner/.m2/repository/org/glassfish/hk2/guice-bridge/2.5.0/guice-bridge-2.5.0.jar:/home/runner/.m2/repository/org/glassfish/jersey/core/jersey-server/2.34/jersey-server-2.34.jar:/home/runner/.m2/repository/org/glassfish/jersey/core/jersey-client/2.34/jersey-client-2.34.jar:/home/runner/.m2/repository/jakarta/annotation/jakarta.annotation-api/1.3.5/jakarta.annotation-api-1.3.5.jar:/home/runner/.m2/repository/jakarta/validation/jakarta.validation-api/2.0.2/jakarta.validation-api-2.0.2.jar:/home/runner/.m2/repository/org/glassfish/jersey/media/jersey-media-json-jackson/2.34/jersey-media-json-jackson-2.34.jar:/home/runner/.m2/repository/org/glassfish/jersey/ext/jersey-entity-filtering/2.34/jersey-entity-filtering-2.34.jar:/home/runner/.m2/repository/org/jooq/jooq/3.11.10/jooq-3.11.10.jar:/home/runner/.m2/repository/org/jooq/jooq-meta/3.11.10/jooq-meta-3.11.10.jar:/home/runner/.m2/repository/org/jooq/jooq-codegen/3.11.10/jooq-codegen-3.11.10.jar:/home/runner/.m2/repository/com/jolbox/bonecp/0.8.0.RELEASE/bonecp-0.8.0.RELEASE.jar:/home/runner/.m2/repository/org/apache/derby/derby/10.14.2.0/derby-10.14.2.0.jar:/home/runner/.m2/repository/org/xerial/sqlite-jdbc/3.25.2/sqlite-jdbc-3.25.2.jar:/home/runner/.m2/repository/org/springframework/spring-jdbc/5.3.23/spring-jdbc-5.3.23.jar:/home/runner/.m2/repository/org/springframework/spring-beans/5.3.23/spring-beans-5.3.23.jar:/home/runner/.m2/repository/org/springframework/spring-core/5.3.23/spring-core-5.3.23.jar:/home/runner/.m2/repository/org/springframework/spring-jcl/5.3.23/spring-jcl-5.3.23.jar:/home/runner/.m2/repository/org/springframework/spring-tx/5.3.23/spring-tx-5.3.23.jar:/home/runner/.m2/repository/org/apache/ozone/ozone-client/1.4.0-SNAPSHOT/ozone-client-1.4.0-SNAPSHOT.jar:/home/runner/.m2/repository/org/apache/ozone/hdds-erasurecode/1.4.0-SNAPSHOT/hdds-erasurecode-1.4.0-SNAPSHOT.jar:/home/runner/.m2/repository/org/apache/ozone/ozone-filesystem/1.4.0-SNAPSHOT/ozone-filesystem-1.4.0-SNAPSHOT.jar:/home/runner/.m2/repository/org/apache/ozone/ozone-filesystem-common/1.4.0-SNAPSHOT/ozone-filesystem-common-1.4.0-SNAPSHOT.jar:/home/runner/.m2/repository/org/apache/ozone/ozone-tools/1.4.0-SNAPSHOT/ozone-tools-1.4.0-SNAPSHOT.jar:/home/runner/.m2/repository/com/amazonaws/aws-java-sdk-core/1.12.261/aws-java-sdk-core-1.12.261.jar:/home/runner/.m2/repository/org/apache/httpcomponents/httpclient/4.5.13/httpclient-4.5.13.jar:/home/runner/.m2/repository/org/apache/httpcomponents/httpcore/4.4.13/httpcore-4.4.13.jar:/home/runner/.m2/repository/software/amazon/ion/ion-java/1.0.2/ion-java-1.0.2.jar:/home/runner/.m2/repository/com/fasterxml/jackson/dataformat/jackson-dataformat-cbor/2.13.4/jackson-dataformat-cbor-2.13.4.jar:/home/runner/.m2/repository/joda-time/joda-time/2.10.6/joda-time-2.10.6.jar:/home/runner/.m2/repository/com/amazonaws/aws-java-sdk-s3/1.12.261/aws-java-sdk-s3-1.12.261.jar:/home/runner/.m2/repository/com/amazonaws/aws-java-sdk-kms/1.12.261/aws-java-sdk-kms-1.12.261.jar:/home/runner/.m2/repository/com/amazonaws/jmespath-java/1.12.261/jmespath-java-1.12.261.jar:/home/runner/.m2/repository/org/kohsuke/metainf-services/metainf-services/1.8/metainf-services-1.8.jar:/home/runner/.m2/repository/org/apache/ozone/hdds-tools/1.4.0-SNAPSHOT/hdds-tools-1.4.0-SNAPSHOT.jar:/home/runner/.m2/repository/org/apache/ratis/ratis-tools/2.4.2-8b8bdda-SNAPSHOT/ratis-tools-2.4.2-8b8bdda-SNAPSHOT.jar:/home/runner/.m2/repository/commons-cli/commons-cli/1.2/commons-cli-1.2.jar:/home/runner/.m2/repository/org/apache/commons/commons-lang3/3.7/commons-lang3-3.7.jar:/home/runner/.m2/repository/org/apache/ozone/ozone-manager/1.4.0-SNAPSHOT/ozone-manager-1.4.0-SNAPSHOT-tests.jar:/home/runner/.m2/repository/org/apache/ozone/hdds-common/1.4.0-SNAPSHOT/hdds-common-1.4.0-SNAPSHOT-tests.jar:/home/runner/.m2/repository/org/apache/ozone/hdds-hadoop-dependency-client/1.4.0-SNAPSHOT/hdds-hadoop-dependency-client-1.4.0-SNAPSHOT.jar:/home/runner/.m2/repository/info/picocli/picocli/4.6.1/picocli-4.6.1.jar:/home/runner/.m2/repository/com/fasterxml/jackson/core/jackson-annotations/2.13.4/jackson-annotations-2.13.4.jar:/home/runner/.m2/repository/org/apache/ozone/hdds-annotation-processing/1.4.0-SNAPSHOT/hdds-annotation-processing-1.4.0-SNAPSHOT.jar:/home/runner/.m2/repository/javax/annotation/javax.annotation-api/1.2/javax.annotation-api-1.2.jar:/home/runner/.m2/repository/org/apache/ratis/ratis-netty/2.4.2-8b8bdda-SNAPSHOT/ratis-netty-2.4.2-8b8bdda-SNAPSHOT.jar:/home/runner/.m2/repository/org/apache/ratis/ratis-grpc/2.4.2-8b8bdda-SNAPSHOT/ratis-grpc-2.4.2-8b8bdda-SNAPSHOT.jar:/home/runner/.m2/repository/org/apache/logging/log4j/log4j-api/2.17.1/log4j-api-2.17.1.jar:/home/runner/.m2/repository/org/apache/commons/commons-pool2/2.6.0/commons-pool2-2.6.0.jar:/home/runner/.m2/repository/org/bouncycastle/bcpkix-jdk15on/1.67/bcpkix-jdk15on-1.67.jar:/home/runner/.m2/repository/commons-validator/commons-validator/1.6/commons-validator-1.6.jar:/home/runner/.m2/repository/commons-beanutils/commons-beanutils/1.9.4/commons-beanutils-1.9.4.jar:/home/runner/.m2/repository/commons-digester/commons-digester/1.8.1/commons-digester-1.8.1.jar:/home/runner/.m2/repository/commons-collections/commons-collections/3.2.2/commons-collections-3.2.2.jar:/home/runner/.m2/repository/io/jaegertracing/jaeger-client/1.6.0/jaeger-client-1.6.0.jar:/home/runner/.m2/repository/io/jaegertracing/jaeger-thrift/1.6.0/jaeger-thrift-1.6.0.jar:/home/runner/.m2/repository/org/apache/thrift/libthrift/0.14.1/libthrift-0.14.1.jar:/home/runner/.m2/repository/io/jaegertracing/jaeger-core/1.6.0/jaeger-core-1.6.0.jar:/home/runner/.m2/repository/io/jaegertracing/jaeger-tracerresolver/1.6.0/jaeger-tracerresolver-1.6.0.jar:/home/runner/.m2/repository/io/opentracing/contrib/opentracing-tracerresolver/0.1.8/opentracing-tracerresolver-0.1.8.jar:/home/runner/.m2/repository/org/jetbrains/kotlin/kotlin-stdlib/1.6.21/kotlin-stdlib-1.6.21.jar:/home/runner/.m2/repository/org/jetbrains/annotations/13.0/annotations-13.0.jar:/home/runner/.m2/repository/io/opentracing/opentracing-util/0.33.0/opentracing-util-0.33.0.jar:/home/runner/.m2/repository/io/opentracing/opentracing-api/0.33.0/opentracing-api-0.33.0.jar:/home/runner/.m2/repository/io/opentracing/opentracing-noop/0.33.0/opentracing-noop-0.33.0.jar:/home/runner/.m2/repository/org/yaml/snakeyaml/2.0/snakeyaml-2.0.jar:/home/runner/.m2/repository/junit/junit/4.13.1/junit-4.13.1.jar:/home/runner/.m2/repository/org/hamcrest/hamcrest-core/1.3/hamcrest-core-1.3.jar:/home/runner/.m2/repository/org/junit/jupiter/junit-jupiter-api/5.8.2/junit-jupiter-api-5.8.2.jar:/home/runner/.m2/repository/org/opentest4j/opentest4j/1.2.0/opentest4j-1.2.0.jar:/home/runner/.m2/repository/org/junit/platform/junit-platform-commons/1.8.2/junit-platform-commons-1.8.2.jar:/home/runner/.m2/repository/org/apiguardian/apiguardian-api/1.1.2/apiguardian-api-1.1.2.jar:/home/runner/.m2/repository/org/junit/jupiter/junit-jupiter-params/5.8.2/junit-jupiter-params-5.8.2.jar:/home/runner/.m2/repository/org/junit/jupiter/junit-jupiter-migrationsupport/5.8.2/junit-jupiter-migrationsupport-5.8.2.jar:/home/runner/.m2/repository/org/junit/jupiter/junit-jupiter-engine/5.8.2/junit-jupiter-engine-5.8.2.jar:/home/runner/.m2/repository/org/junit/platform/junit-platform-engine/1.8.2/junit-platform-engine-1.8.2.jar:/home/runner/.m2/repository/org/junit/vintage/junit-vintage-engine/5.8.2/junit-vintage-engine-5.8.2.jar:/home/runner/.m2/repository/org/junit/platform/junit-platform-launcher/1.8.2/junit-platform-launcher-1.8.2.jar:/home/runner/.m2/repository/org/mockito/mockito-core/2.28.2/mockito-core-2.28.2.jar:/home/runner/.m2/repository/net/bytebuddy/byte-buddy/1.9.10/byte-buddy-1.9.10.jar:/home/runner/.m2/repository/net/bytebuddy/byte-buddy-agent/1.9.10/byte-buddy-agent-1.9.10.jar:/home/runner/.m2/repository/org/objenesis/objenesis/1.0/objenesis-1.0.jar:/home/runner/.m2/repository/org/apache/hadoop/hadoop-kms/3.3.4/hadoop-kms-3.3.4.jar:/home/runner/.m2/repository/org/apache/hadoop/hadoop-auth/3.3.4/hadoop-auth-3.3.4.jar:/home/runner/.m2/repository/com/nimbusds/nimbus-jose-jwt/9.8.1/nimbus-jose-jwt-9.8.1.jar:/home/runner/.m2/repository/com/github/stephenc/jcip/jcip-annotations/1.0-1/jcip-annotations-1.0-1.jar:/home/runner/.m2/repository/net/minidev/json-smart/2.4.7/json-smart-2.4.7.jar:/home/runner/.m2/repository/net/minidev/accessors-smart/2.4.7/accessors-smart-2.4.7.jar:/home/runner/.m2/repository/org/ow2/asm/asm/5.0.4/asm-5.0.4.jar:/home/runner/.m2/repository/org/apache/zookeeper/zookeeper/3.5.6/zookeeper-3.5.6.jar:/home/runner/.m2/repository/org/apache/zookeeper/zookeeper-jute/3.5.6/zookeeper-jute-3.5.6.jar:/home/runner/.m2/repository/org/apache/yetus/audience-annotations/0.5.0/audience-annotations-0.5.0.jar:/home/runner/.m2/repository/org/apache/curator/curator-framework/4.2.0/curator-framework-4.2.0.jar:/home/runner/.m2/repository/org/apache/hadoop/thirdparty/hadoop-shaded-guava/1.1.1/hadoop-shaded-guava-1.1.1.jar:/home/runner/.m2/repository/com/sun/jersey/jersey-core/1.19/jersey-core-1.19.jar:/home/runner/.m2/repository/javax/ws/rs/jsr311-api/1.1.1/jsr311-api-1.1.1.jar:/home/runner/.m2/repository/com/sun/jersey/jersey-server/1.19/jersey-server-1.19.jar:/home/runner/.m2/repository/javax/servlet/javax.servlet-api/3.1.0/javax.servlet-api-3.1.0.jar:/home/runner/.m2/repository/org/apache/hadoop/hadoop-common/3.3.4/hadoop-common-3.3.4.jar:/home/runner/.m2/repository/org/apache/commons/commons-math3/3.1.1/commons-math3-3.1.1.jar:/home/runner/.m2/repository/commons-net/commons-net/3.9.0/commons-net-3.9.0.jar:/home/runner/.m2/repository/com/sun/jersey/jersey-servlet/1.19/jersey-servlet-1.19.jar:/home/runner/.m2/repository/com/sun/jersey/jersey-json/1.19/jersey-json-1.19.jar:/home/runner/.m2/repository/org/codehaus/jettison/jettison/1.1/jettison-1.1.jar:/home/runner/.m2/repository/com/sun/xml/bind/jaxb-impl/2.2.3-1/jaxb-impl-2.2.3-1.jar:/home/runner/.m2/repository/org/codehaus/jackson/jackson-jaxrs/1.9.2/jackson-jaxrs-1.9.2.jar:/home/runner/.m2/repository/org/codehaus/jackson/jackson-xc/1.9.2/jackson-xc-1.9.2.jar:/home/runner/.m2/repository/com/google/re2j/re2j/1.1/re2j-1.1.jar:/home/runner/.m2/repository/com/jcraft/jsch/0.1.54/jsch-0.1.54.jar:/home/runner/.m2/repository/org/apache/curator/curator-client/4.2.0/curator-client-4.2.0.jar:/home/runner/.m2/repository/org/apache/curator/curator-recipes/4.2.0/curator-recipes-4.2.0.jar:/home/runner/.m2/repository/org/apache/kerby/kerb-core/1.0.1/kerb-core-1.0.1.jar:/home/runner/.m2/repository/org/apache/kerby/kerby-pkix/1.0.1/kerby-pkix-1.0.1.jar:/home/runner/.m2/repository/org/apache/kerby/kerby-asn1/1.0.1/kerby-asn1-1.0.1.jar:/home/runner/.m2/repository/org/apache/kerby/kerby-util/1.0.1/kerby-util-1.0.1.jar:/home/runner/.m2/repository/dnsjava/dnsjava/2.1.7/dnsjava-2.1.7.jar:/home/runner/.m2/repository/org/xerial/snappy/snappy-java/1.1.8.2/snappy-java-1.1.8.2.jar:/home/runner/.m2/repository/com/fasterxml/jackson/core/jackson-databind/2.13.4.2/jackson-databind-2.13.4.2.jar:/home/runner/.m2/repository/org/apache/hadoop/hadoop-kms/3.3.4/hadoop-kms-3.3.4-tests.jar:/home/runner/.m2/repository/org/apache/ozone/hdds-server-scm/1.4.0-SNAPSHOT/hdds-server-scm-1.4.0-SNAPSHOT-tests.jar:/home/runner/.m2/repository/org/apache/ozone/hdds-container-service/1.4.0-SNAPSHOT/hdds-container-service-1.4.0-SNAPSHOT-tests.jar:/home/runner/.m2/repository/com/github/luben/zstd-jni/1.5.2-5/zstd-jni-1.5.2-5.jar:/home/runner/.m2/repository/commons-codec/commons-codec/1.15/commons-codec-1.15.jar:/home/runner/.m2/repository/io/netty/netty-codec/4.1.86.Final/netty-codec-4.1.86.Final.jar:/home/runner/.m2/repository/io/netty/netty-handler/4.1.86.Final/netty-handler-4.1.86.Final.jar:/home/runner/.m2/repository/org/apache/ozone/hdds-hadoop-dependency-test/1.4.0-SNAPSHOT/hdds-hadoop-dependency-test-1.4.0-SNAPSHOT.jar:/home/runner/.m2/repository/org/apache/hadoop/hadoop-common/3.3.4/hadoop-common-3.3.4-tests.jar:/home/runner/.m2/repository/org/apache/hadoop/hadoop-hdfs/3.3.4/hadoop-hdfs-3.3.4-tests.jar:/home/runner/.m2/repository/org/assertj/assertj-core/3.12.2/assertj-core-3.12.2.jar:/home/runner/.m2/repository/org/apache/hadoop/hadoop-distcp/3.3.4/hadoop-distcp-3.3.4.jar:/home/runner/.m2/repository/org/apache/hadoop/hadoop-mapreduce-client-jobclient/3.3.4/hadoop-mapreduce-client-jobclient-3.3.4.jar:/home/runner/.m2/repository/org/apache/hadoop/hadoop-mapreduce-client-common/3.3.4/hadoop-mapreduce-client-common-3.3.4.jar:/home/runner/.m2/repository/org/apache/hadoop/hadoop-yarn-common/3.3.4/hadoop-yarn-common-3.3.4.jar:/home/runner/.m2/repository/org/apache/hadoop/hadoop-yarn-api/3.3.4/hadoop-yarn-api-3.3.4.jar:/home/runner/.m2/repository/com/sun/jersey/contribs/jersey-guice/1.19/jersey-guice-1.19.jar:/home/runner/.m2/repository/com/fasterxml/jackson/jaxrs/jackson-jaxrs-json-provider/2.13.4/jackson-jaxrs-json-provider-2.13.4.jar:/home/runner/.m2/repository/com/fasterxml/jackson/jaxrs/jackson-jaxrs-base/2.13.4/jackson-jaxrs-base-2.13.4.jar:/home/runner/.m2/repository/org/apache/hadoop/hadoop-yarn-client/3.3.4/hadoop-yarn-client-3.3.4.jar:/home/runner/.m2/repository/org/eclipse/jetty/websocket/websocket-client/9.4.43.v20210629/websocket-client-9.4.43.v20210629.jar:/home/runner/.m2/repository/org/eclipse/jetty/websocket/websocket-common/9.4.43.v20210629/websocket-common-9.4.43.v20210629.jar:/home/runner/.m2/repository/org/eclipse/jetty/websocket/websocket-api/9.4.43.v20210629/websocket-api-9.4.43.v20210629.jar:/home/runner/.m2/repository/org/jline/jline/3.9.0/jline-3.9.0.jar:/home/runner/.m2/repository/org/apache/hadoop/hadoop-mapreduce-client-core/3.3.4/hadoop-mapreduce-client-core-3.3.4.jar:/home/runner/.m2/repository/org/apache/avro/avro/1.7.7/avro-1.7.7.jar:/home/runner/.m2/repository/org/codehaus/jackson/jackson-core-asl/1.9.13/jackson-core-asl-1.9.13.jar:/home/runner/.m2/repository/org/codehaus/jackson/jackson-mapper-asl/1.9.13/jackson-mapper-asl-1.9.13.jar:/home/runner/.m2/repository/com/thoughtworks/paranamer/paranamer/2.3/paranamer-2.3.jar:/home/runner/.m2/repository/org/apache/hadoop/hadoop-annotations/3.3.4/hadoop-annotations-3.3.4.jar:/usr/lib/jvm/temurin-8-jdk-amd64/jre/../lib/tools.jar:/home/runner/.m2/repository/io/netty/netty/3.10.6.Final/netty-3.10.6.Final.jar:/home/runner/.m2/repository/org/apache/hadoop/hadoop-distcp/3.3.4/hadoop-distcp-3.3.4-tests.jar:/home/runner/.m2/repository/org/slf4j/jul-to-slf4j/1.7.36/jul-to-slf4j-1.7.36.jar:"/>
    <property name="java.vm.vendor" value="Temurin"/>
    <property name="sun.arch.data.model" value="64"/>
    <property name="test.build.dir" value="/home/runner/work/ozone/ozone/hadoop-ozone/integration-test/target/test-dir"/>
    <property name="test.cache.data" value=""/>
    <property name="java.vendor.url" value="https://adoptium.net/"/>
    <property name="user.timezone" value="Etc/UTC"/>
    <property name="java.vm.specification.version" value="1.8"/>
    <property name="os.name" value="Linux"/>
    <property name="test.build.data" value="/home/runner/work/ozone/ozone/hadoop-ozone/integration-test/target/test-dir"/>
    <property name="sun.java.launcher" value="SUN_STANDARD"/>
    <property name="sun.boot.library.path" value="/usr/lib/jvm/temurin-8-jdk-amd64/jre/lib/amd64"/>
    <property name="sun.java.command" value="/home/runner/work/ozone/ozone/hadoop-ozone/integration-test/target/surefire/surefirebooter4967458894226028837.jar /home/runner/work/ozone/ozone/hadoop-ozone/integration-test/target/surefire 2023-03-25T05-54-55_821-jvmRun1 surefire7511668990914848249tmp surefire_126881974410107513968tmp"/>
    <property name="surefire.test.class.path" value="/home/runner/work/ozone/ozone/hadoop-ozone/integration-test/target/test-classes:/home/runner/work/ozone/ozone/hadoop-ozone/integration-test/target/classes:/home/runner/.m2/repository/org/apache/ozone/ozone-common/1.4.0-SNAPSHOT/ozone-common-1.4.0-SNAPSHOT.jar:/home/runner/.m2/repository/io/grpc/grpc-netty/1.51.1/grpc-netty-1.51.1.jar:/home/runner/.m2/repository/io/grpc/grpc-core/1.51.1/grpc-core-1.51.1.jar:/home/runner/.m2/repository/com/google/android/annotations/4.1.1.4/annotations-4.1.1.4.jar:/home/runner/.m2/repository/org/codehaus/mojo/animal-sniffer-annotations/1.21/animal-sniffer-annotations-1.21.jar:/home/runner/.m2/repository/com/google/errorprone/error_prone_annotations/2.2.0/error_prone_annotations-2.2.0.jar:/home/runner/.m2/repository/io/perfmark/perfmark-api/0.25.0/perfmark-api-0.25.0.jar:/home/runner/.m2/repository/io/netty/netty-codec-http2/4.1.86.Final/netty-codec-http2-4.1.86.Final.jar:/home/runner/.m2/repository/io/netty/netty-common/4.1.86.Final/netty-common-4.1.86.Final.jar:/home/runner/.m2/repository/io/netty/netty-buffer/4.1.86.Final/netty-buffer-4.1.86.Final.jar:/home/runner/.m2/repository/io/netty/netty-codec-http/4.1.86.Final/netty-codec-http-4.1.86.Final.jar:/home/runner/.m2/repository/io/netty/netty-handler-proxy/4.1.86.Final/netty-handler-proxy-4.1.86.Final.jar:/home/runner/.m2/repository/io/netty/netty-codec-socks/4.1.86.Final/netty-codec-socks-4.1.86.Final.jar:/home/runner/.m2/repository/io/netty/netty-tcnative-boringssl-static/2.0.54.Final/netty-tcnative-boringssl-static-2.0.54.Final.jar:/home/runner/.m2/repository/io/netty/netty-tcnative-classes/2.0.54.Final/netty-tcnative-classes-2.0.54.Final.jar:/home/runner/.m2/repository/io/netty/netty-tcnative-boringssl-static/2.0.54.Final/netty-tcnative-boringssl-static-2.0.54.Final-linux-x86_64.jar:/home/runner/.m2/repository/io/netty/netty-tcnative-boringssl-static/2.0.54.Final/netty-tcnative-boringssl-static-2.0.54.Final-linux-aarch_64.jar:/home/runner/.m2/repository/io/netty/netty-tcnative-boringssl-static/2.0.54.Final/netty-tcnative-boringssl-static-2.0.54.Final-osx-x86_64.jar:/home/runner/.m2/repository/io/netty/netty-tcnative-boringssl-static/2.0.54.Final/netty-tcnative-boringssl-static-2.0.54.Final-osx-aarch_64.jar:/home/runner/.m2/repository/io/netty/netty-tcnative-boringssl-static/2.0.54.Final/netty-tcnative-boringssl-static-2.0.54.Final-windows-x86_64.jar:/home/runner/.m2/repository/org/apache/commons/commons-compress/1.21/commons-compress-1.21.jar:/home/runner/.m2/repository/org/apache/ozone/hdds-common/1.4.0-SNAPSHOT/hdds-common-1.4.0-SNAPSHOT.jar:/home/runner/.m2/repository/org/apache/ozone/hdds-client/1.4.0-SNAPSHOT/hdds-client-1.4.0-SNAPSHOT.jar:/home/runner/.m2/repository/org/apache/ozone/ozone-interface-client/1.4.0-SNAPSHOT/ozone-interface-client-1.4.0-SNAPSHOT.jar:/home/runner/.m2/repository/org/apache/ozone/hdds-test-utils/1.4.0-SNAPSHOT/hdds-test-utils-1.4.0-SNAPSHOT.jar:/home/runner/.m2/repository/com/google/guava/guava/31.1-jre/guava-31.1-jre.jar:/home/runner/.m2/repository/com/google/guava/failureaccess/1.0.1/failureaccess-1.0.1.jar:/home/runner/.m2/repository/com/google/guava/listenablefuture/9999.0-empty-to-avoid-conflict-with-guava/listenablefuture-9999.0-empty-to-avoid-conflict-with-guava.jar:/home/runner/.m2/repository/com/google/code/findbugs/jsr305/3.0.0/jsr305-3.0.0.jar:/home/runner/.m2/repository/org/checkerframework/checker-qual/3.12.0/checker-qual-3.12.0.jar:/home/runner/.m2/repository/com/google/j2objc/j2objc-annotations/1.3/j2objc-annotations-1.3.jar:/home/runner/.m2/repository/commons-io/commons-io/2.11.0/commons-io-2.11.0.jar:/home/runner/.m2/repository/commons-logging/commons-logging/1.2/commons-logging-1.2.jar:/home/runner/.m2/repository/ch/qos/reload4j/reload4j/1.2.22/reload4j-1.2.22.jar:/home/runner/.m2/repository/org/slf4j/slf4j-api/1.7.36/slf4j-api-1.7.36.jar:/home/runner/.m2/repository/org/apache/ozone/hdds-server-scm/1.4.0-SNAPSHOT/hdds-server-scm-1.4.0-SNAPSHOT.jar:/home/runner/.m2/repository/org/apache/ozone/hdds-container-service/1.4.0-SNAPSHOT/hdds-container-service-1.4.0-SNAPSHOT.jar:/home/runner/.m2/repository/org/apache/ozone/hdds-hadoop-dependency-server/1.4.0-SNAPSHOT/hdds-hadoop-dependency-server-1.4.0-SNAPSHOT.jar:/home/runner/.m2/repository/org/apache/hadoop/hadoop-hdfs/3.3.4/hadoop-hdfs-3.3.4.jar:/home/runner/.m2/repository/commons-daemon/commons-daemon/1.0.13/commons-daemon-1.0.13.jar:/home/runner/.m2/repository/org/apache/ozone/hdds-server-framework/1.4.0-SNAPSHOT/hdds-server-framework-1.4.0-SNAPSHOT.jar:/home/runner/.m2/repository/io/dropwizard/metrics/metrics-core/3.2.4/metrics-core-3.2.4.jar:/home/runner/.m2/repository/org/apache/commons/commons-text/1.4/commons-text-1.4.jar:/home/runner/.m2/repository/org/apache/hadoop/hadoop-hdfs-client/3.3.4/hadoop-hdfs-client-3.3.4.jar:/home/runner/.m2/repository/com/squareup/okhttp3/okhttp/4.9.3/okhttp-4.9.3.jar:/home/runner/.m2/repository/com/squareup/okio/okio/2.8.0/okio-2.8.0.jar:/home/runner/.m2/repository/org/jetbrains/kotlin/kotlin-stdlib-common/1.6.21/kotlin-stdlib-common-1.6.21.jar:/home/runner/.m2/repository/org/bouncycastle/bcprov-jdk15on/1.67/bcprov-jdk15on-1.67.jar:/home/runner/.m2/repository/com/google/protobuf/protobuf-java/2.5.0/protobuf-java-2.5.0.jar:/home/runner/.m2/repository/org/apache/ozone/hdds-server-framework/1.4.0-SNAPSHOT/hdds-server-framework-1.4.0-SNAPSHOT-tests.jar:/home/runner/.m2/repository/org/apache/ozone/hdds-interface-server/1.4.0-SNAPSHOT/hdds-interface-server-1.4.0-SNAPSHOT.jar:/home/runner/.m2/repository/org/apache/ozone/hdds-interface-admin/1.4.0-SNAPSHOT/hdds-interface-admin-1.4.0-SNAPSHOT.jar:/home/runner/.m2/repository/org/apache/ozone/hdds-managed-rocksdb/1.4.0-SNAPSHOT/hdds-managed-rocksdb-1.4.0-SNAPSHOT.jar:/home/runner/.m2/repository/org/rocksdb/rocksdbjni/7.7.3/rocksdbjni-7.7.3.jar:/home/runner/.m2/repository/org/slf4j/slf4j-reload4j/1.7.36/slf4j-reload4j-1.7.36.jar:/home/runner/.m2/repository/org/apache/commons/commons-configuration2/2.1.1/commons-configuration2-2.1.1.jar:/home/runner/.m2/repository/org/apache/logging/log4j/log4j-core/2.17.1/log4j-core-2.17.1.jar:/home/runner/.m2/repository/com/lmax/disruptor/3.4.2/disruptor-3.4.2.jar:/home/runner/.m2/repository/org/eclipse/jetty/jetty-util/9.4.49.v20220914/jetty-util-9.4.49.v20220914.jar:/home/runner/.m2/repository/org/eclipse/jetty/jetty-server/9.4.49.v20220914/jetty-server-9.4.49.v20220914.jar:/home/runner/.m2/repository/org/eclipse/jetty/jetty-http/9.4.49.v20220914/jetty-http-9.4.49.v20220914.jar:/home/runner/.m2/repository/org/eclipse/jetty/jetty-io/9.4.49.v20220914/jetty-io-9.4.49.v20220914.jar:/home/runner/.m2/repository/org/eclipse/jetty/jetty-servlet/9.4.49.v20220914/jetty-servlet-9.4.49.v20220914.jar:/home/runner/.m2/repository/org/eclipse/jetty/jetty-security/9.4.49.v20220914/jetty-security-9.4.49.v20220914.jar:/home/runner/.m2/repository/org/eclipse/jetty/jetty-util-ajax/9.4.49.v20220914/jetty-util-ajax-9.4.49.v20220914.jar:/home/runner/.m2/repository/org/eclipse/jetty/jetty-webapp/9.4.49.v20220914/jetty-webapp-9.4.49.v20220914.jar:/home/runner/.m2/repository/org/eclipse/jetty/jetty-xml/9.4.49.v20220914/jetty-xml-9.4.49.v20220914.jar:/home/runner/.m2/repository/org/apache/ratis/ratis-server/2.4.2-8b8bdda-SNAPSHOT/ratis-server-2.4.2-8b8bdda-SNAPSHOT.jar:/home/runner/.m2/repository/org/apache/ratis/ratis-thirdparty-misc/1.0.3/ratis-thirdparty-misc-1.0.3.jar:/home/runner/.m2/repository/org/apache/ratis/ratis-proto/2.4.2-8b8bdda-SNAPSHOT/ratis-proto-2.4.2-8b8bdda-SNAPSHOT.jar:/home/runner/.m2/repository/org/apache/ratis/ratis-common/2.4.2-8b8bdda-SNAPSHOT/ratis-common-2.4.2-8b8bdda-SNAPSHOT.jar:/home/runner/.m2/repository/org/apache/ratis/ratis-client/2.4.2-8b8bdda-SNAPSHOT/ratis-client-2.4.2-8b8bdda-SNAPSHOT.jar:/home/runner/.m2/repository/org/apache/ratis/ratis-server-api/2.4.2-8b8bdda-SNAPSHOT/ratis-server-api-2.4.2-8b8bdda-SNAPSHOT.jar:/home/runner/.m2/repository/org/apache/ratis/ratis-metrics/2.4.2-8b8bdda-SNAPSHOT/ratis-metrics-2.4.2-8b8bdda-SNAPSHOT.jar:/home/runner/.m2/repository/io/prometheus/simpleclient_dropwizard/0.7.0/simpleclient_dropwizard-0.7.0.jar:/home/runner/.m2/repository/io/prometheus/simpleclient/0.7.0/simpleclient-0.7.0.jar:/home/runner/.m2/repository/io/prometheus/simpleclient_common/0.7.0/simpleclient_common-0.7.0.jar:/home/runner/.m2/repository/com/fasterxml/jackson/datatype/jackson-datatype-jsr310/2.13.4/jackson-datatype-jsr310-2.13.4.jar:/home/runner/.m2/repository/com/fasterxml/jackson/core/jackson-core/2.13.4/jackson-core-2.13.4.jar:/home/runner/.m2/repository/com/github/spotbugs/spotbugs-annotations/3.1.12/spotbugs-annotations-3.1.12.jar:/home/runner/.m2/repository/org/apache/ozone/rocksdb-checkpoint-differ/1.4.0-SNAPSHOT/rocksdb-checkpoint-differ-1.4.0-SNAPSHOT.jar:/home/runner/.m2/repository/org/awaitility/awaitility/4.2.0/awaitility-4.2.0.jar:/home/runner/.m2/repository/org/hamcrest/hamcrest/2.1/hamcrest-2.1.jar:/home/runner/.m2/repository/org/apache/ozone/ozone-manager/1.4.0-SNAPSHOT/ozone-manager-1.4.0-SNAPSHOT.jar:/home/runner/.m2/repository/org/aspectj/aspectjrt/1.9.7/aspectjrt-1.9.7.jar:/home/runner/.m2/repository/org/aspectj/aspectjweaver/1.9.7/aspectjweaver-1.9.7.jar:/home/runner/.m2/repository/org/apache/ozone/hdds-interface-client/1.4.0-SNAPSHOT/hdds-interface-client-1.4.0-SNAPSHOT.jar:/home/runner/.m2/repository/org/apache/hadoop/thirdparty/hadoop-shaded-protobuf_3_7/1.1.1/hadoop-shaded-protobuf_3_7-1.1.1.jar:/home/runner/.m2/repository/org/apache/ozone/ozone-interface-storage/1.4.0-SNAPSHOT/ozone-interface-storage-1.4.0-SNAPSHOT.jar:/home/runner/.m2/repository/org/reflections/reflections/0.9.11/reflections-0.9.11.jar:/home/runner/.m2/repository/com/sun/jersey/jersey-client/1.19/jersey-client-1.19.jar:/home/runner/.m2/repository/org/apache/ranger/ranger-intg/2.3.0/ranger-intg-2.3.0.jar:/home/runner/.m2/repository/org/apache/ranger/ranger-plugins-common/2.3.0/ranger-plugins-common-2.3.0.jar:/home/runner/.m2/repository/commons-lang/commons-lang/2.6/commons-lang-2.6.jar:/home/runner/.m2/repository/org/apache/ranger/ranger-plugins-cred/2.3.0/ranger-plugins-cred-2.3.0.jar:/home/runner/.m2/repository/org/apache/ranger/ranger-plugins-audit/2.3.0/ranger-plugins-audit-2.3.0.jar:/home/runner/.m2/repository/org/eclipse/jetty/jetty-client/9.4.49.v20220914/jetty-client-9.4.49.v20220914.jar:/home/runner/.m2/repository/org/apache/httpcomponents/httpmime/4.5.6/httpmime-4.5.6.jar:/home/runner/.m2/repository/org/apache/httpcomponents/httpcore-nio/4.4.13/httpcore-nio-4.4.13.jar:/home/runner/.m2/repository/org/apache/httpcomponents/httpasyncclient/4.1.3/httpasyncclient-4.1.3.jar:/home/runner/.m2/repository/com/carrotsearch/hppc/0.8.0/hppc-0.8.0.jar:/home/runner/.m2/repository/org/apache/orc/orc-core/1.5.8/orc-core-1.5.8.jar:/home/runner/.m2/repository/net/java/dev/jna/jna/5.2.0/jna-5.2.0.jar:/home/runner/.m2/repository/net/java/dev/jna/jna-platform/5.2.0/jna-platform-5.2.0.jar:/home/runner/.m2/repository/com/kstruct/gethostname4j/0.0.2/gethostname4j-0.0.2.jar:/home/runner/.m2/repository/org/apache/ranger/ranger-plugin-classloader/2.3.0/ranger-plugin-classloader-2.3.0.jar:/home/runner/.m2/repository/org/apache/hadoop/hadoop-minikdc/3.3.4/hadoop-minikdc-3.3.4.jar:/home/runner/.m2/repository/org/apache/kerby/kerb-simplekdc/1.0.1/kerb-simplekdc-1.0.1.jar:/home/runner/.m2/repository/org/apache/kerby/kerb-client/1.0.1/kerb-client-1.0.1.jar:/home/runner/.m2/repository/org/apache/kerby/kerby-config/1.0.1/kerby-config-1.0.1.jar:/home/runner/.m2/repository/org/apache/kerby/kerb-common/1.0.1/kerb-common-1.0.1.jar:/home/runner/.m2/repository/org/apache/kerby/kerb-crypto/1.0.1/kerb-crypto-1.0.1.jar:/home/runner/.m2/repository/org/apache/kerby/kerb-util/1.0.1/kerb-util-1.0.1.jar:/home/runner/.m2/repository/org/apache/kerby/token-provider/1.0.1/token-provider-1.0.1.jar:/home/runner/.m2/repository/org/apache/kerby/kerb-admin/1.0.1/kerb-admin-1.0.1.jar:/home/runner/.m2/repository/org/apache/kerby/kerb-server/1.0.1/kerb-server-1.0.1.jar:/home/runner/.m2/repository/org/apache/kerby/kerb-identity/1.0.1/kerb-identity-1.0.1.jar:/home/runner/.m2/repository/org/apache/kerby/kerby-xdr/1.0.1/kerby-xdr-1.0.1.jar:/home/runner/.m2/repository/org/apache/ozone/ozone-s3gateway/1.4.0-SNAPSHOT/ozone-s3gateway-1.4.0-SNAPSHOT.jar:/home/runner/.m2/repository/org/javassist/javassist/3.21.0-GA/javassist-3.21.0-GA.jar:/home/runner/.m2/repository/org/jboss/weld/servlet/weld-servlet-shaded/3.1.9.Final/weld-servlet-shaded-3.1.9.Final.jar:/home/runner/.m2/repository/org/glassfish/jersey/containers/jersey-container-servlet-core/2.34/jersey-container-servlet-core-2.34.jar:/home/runner/.m2/repository/org/glassfish/hk2/external/jakarta.inject/2.6.1/jakarta.inject-2.6.1.jar:/home/runner/.m2/repository/org/glassfish/jersey/core/jersey-common/2.34/jersey-common-2.34.jar:/home/runner/.m2/repository/jakarta/ws/rs/jakarta.ws.rs-api/2.1.6/jakarta.ws.rs-api-2.1.6.jar:/home/runner/.m2/repository/org/glassfish/jersey/ext/cdi/jersey-cdi1x/2.34/jersey-cdi1x-2.34.jar:/home/runner/.m2/repository/org/glassfish/jersey/inject/jersey-hk2/2.34/jersey-hk2-2.34.jar:/home/runner/.m2/repository/org/glassfish/hk2/hk2-locator/2.6.1/hk2-locator-2.6.1.jar:/home/runner/.m2/repository/org/glassfish/jersey/media/jersey-media-jaxb/2.34/jersey-media-jaxb-2.34.jar:/home/runner/.m2/repository/org/glassfish/hk2/osgi-resource-locator/1.0.3/osgi-resource-locator-1.0.3.jar:/home/runner/.m2/repository/org/glassfish/hk2/hk2-api/2.5.0/hk2-api-2.5.0.jar:/home/runner/.m2/repository/org/glassfish/hk2/hk2-utils/2.5.0/hk2-utils-2.5.0.jar:/home/runner/.m2/repository/org/glassfish/hk2/external/aopalliance-repackaged/2.5.0/aopalliance-repackaged-2.5.0.jar:/home/runner/.m2/repository/com/fasterxml/jackson/dataformat/jackson-dataformat-xml/2.13.4/jackson-dataformat-xml-2.13.4.jar:/home/runner/.m2/repository/org/codehaus/woodstox/stax2-api/4.2.1/stax2-api-4.2.1.jar:/home/runner/.m2/repository/com/fasterxml/woodstox/woodstox-core/5.4.0/woodstox-core-5.4.0.jar:/home/runner/.m2/repository/com/fasterxml/jackson/module/jackson-module-jaxb-annotations/2.13.4/jackson-module-jaxb-annotations-2.13.4.jar:/home/runner/.m2/repository/jakarta/xml/bind/jakarta.xml.bind-api/2.3.3/jakarta.xml.bind-api-2.3.3.jar:/home/runner/.m2/repository/jakarta/activation/jakarta.activation-api/1.2.2/jakarta.activation-api-1.2.2.jar:/home/runner/.m2/repository/javax/enterprise/cdi-api/2.0/cdi-api-2.0.jar:/home/runner/.m2/repository/javax/el/javax.el-api/3.0.0/javax.el-api-3.0.0.jar:/home/runner/.m2/repository/javax/interceptor/javax.interceptor-api/1.2/javax.interceptor-api-1.2.jar:/home/runner/.m2/repository/javax/inject/javax.inject/1/javax.inject-1.jar:/home/runner/.m2/repository/javax/xml/bind/jaxb-api/2.3.0/jaxb-api-2.3.0.jar:/home/runner/.m2/repository/org/glassfish/jaxb/jaxb-runtime/2.3.0.1/jaxb-runtime-2.3.0.1.jar:/home/runner/.m2/repository/org/glassfish/jaxb/jaxb-core/2.3.0.1/jaxb-core-2.3.0.1.jar:/home/runner/.m2/repository/org/glassfish/jaxb/txw2/2.3.0.1/txw2-2.3.0.1.jar:/home/runner/.m2/repository/com/sun/istack/istack-commons-runtime/3.0.5/istack-commons-runtime-3.0.5.jar:/home/runner/.m2/repository/org/jvnet/staxex/stax-ex/1.7.8/stax-ex-1.7.8.jar:/home/runner/.m2/repository/com/sun/xml/fastinfoset/FastInfoset/1.2.13/FastInfoset-1.2.13.jar:/home/runner/.m2/repository/javax/activation/activation/1.1.1/activation-1.1.1.jar:/home/runner/.m2/repository/io/grpc/grpc-protobuf/1.51.1/grpc-protobuf-1.51.1.jar:/home/runner/.m2/repository/io/grpc/grpc-api/1.51.1/grpc-api-1.51.1.jar:/home/runner/.m2/repository/io/grpc/grpc-context/1.51.1/grpc-context-1.51.1.jar:/home/runner/.m2/repository/com/google/api/grpc/proto-google-common-protos/2.9.0/proto-google-common-protos-2.9.0.jar:/home/runner/.m2/repository/io/grpc/grpc-protobuf-lite/1.51.1/grpc-protobuf-lite-1.51.1.jar:/home/runner/.m2/repository/io/grpc/grpc-stub/1.51.1/grpc-stub-1.51.1.jar:/home/runner/.m2/repository/io/netty/netty-transport/4.1.86.Final/netty-transport-4.1.86.Final.jar:/home/runner/.m2/repository/io/netty/netty-resolver/4.1.86.Final/netty-resolver-4.1.86.Final.jar:/home/runner/.m2/repository/org/apache/ozone/ozone-csi/1.4.0-SNAPSHOT/ozone-csi-1.4.0-SNAPSHOT.jar:/home/runner/.m2/repository/com/google/protobuf/protobuf-java-util/3.19.6/protobuf-java-util-3.19.6.jar:/home/runner/.m2/repository/com/google/code/gson/gson/2.9.0/gson-2.9.0.jar:/home/runner/.m2/repository/org/apache/ozone/hdds-config/1.4.0-SNAPSHOT/hdds-config-1.4.0-SNAPSHOT.jar:/home/runner/.m2/repository/io/netty/netty-transport-native-epoll/4.1.86.Final/netty-transport-native-epoll-4.1.86.Final-linux-x86_64.jar:/home/runner/.m2/repository/io/netty/netty-transport-classes-epoll/4.1.86.Final/netty-transport-classes-epoll-4.1.86.Final.jar:/home/runner/.m2/repository/io/netty/netty-transport-native-unix-common/4.1.86.Final/netty-transport-native-unix-common-4.1.86.Final.jar:/home/runner/.m2/repository/org/apache/ozone/ozone-recon/1.4.0-SNAPSHOT/ozone-recon-1.4.0-SNAPSHOT.jar:/home/runner/.m2/repository/org/apache/ozone/ozone-reconcodegen/1.4.0-SNAPSHOT/ozone-reconcodegen-1.4.0-SNAPSHOT.jar:/home/runner/.m2/repository/com/google/inject/guice/5.1.0/guice-5.1.0.jar:/home/runner/.m2/repository/aopalliance/aopalliance/1.0/aopalliance-1.0.jar:/home/runner/.m2/repository/com/google/inject/extensions/guice-assistedinject/5.1.0/guice-assistedinject-5.1.0.jar:/home/runner/.m2/repository/com/google/inject/extensions/guice-servlet/5.1.0/guice-servlet-5.1.0.jar:/home/runner/.m2/repository/org/glassfish/jersey/containers/jersey-container-servlet/2.34/jersey-container-servlet-2.34.jar:/home/runner/.m2/repository/org/glassfish/hk2/guice-bridge/2.5.0/guice-bridge-2.5.0.jar:/home/runner/.m2/repository/org/glassfish/jersey/core/jersey-server/2.34/jersey-server-2.34.jar:/home/runner/.m2/repository/org/glassfish/jersey/core/jersey-client/2.34/jersey-client-2.34.jar:/home/runner/.m2/repository/jakarta/annotation/jakarta.annotation-api/1.3.5/jakarta.annotation-api-1.3.5.jar:/home/runner/.m2/repository/jakarta/validation/jakarta.validation-api/2.0.2/jakarta.validation-api-2.0.2.jar:/home/runner/.m2/repository/org/glassfish/jersey/media/jersey-media-json-jackson/2.34/jersey-media-json-jackson-2.34.jar:/home/runner/.m2/repository/org/glassfish/jersey/ext/jersey-entity-filtering/2.34/jersey-entity-filtering-2.34.jar:/home/runner/.m2/repository/org/jooq/jooq/3.11.10/jooq-3.11.10.jar:/home/runner/.m2/repository/org/jooq/jooq-meta/3.11.10/jooq-meta-3.11.10.jar:/home/runner/.m2/repository/org/jooq/jooq-codegen/3.11.10/jooq-codegen-3.11.10.jar:/home/runner/.m2/repository/com/jolbox/bonecp/0.8.0.RELEASE/bonecp-0.8.0.RELEASE.jar:/home/runner/.m2/repository/org/apache/derby/derby/10.14.2.0/derby-10.14.2.0.jar:/home/runner/.m2/repository/org/xerial/sqlite-jdbc/3.25.2/sqlite-jdbc-3.25.2.jar:/home/runner/.m2/repository/org/springframework/spring-jdbc/5.3.23/spring-jdbc-5.3.23.jar:/home/runner/.m2/repository/org/springframework/spring-beans/5.3.23/spring-beans-5.3.23.jar:/home/runner/.m2/repository/org/springframework/spring-core/5.3.23/spring-core-5.3.23.jar:/home/runner/.m2/repository/org/springframework/spring-jcl/5.3.23/spring-jcl-5.3.23.jar:/home/runner/.m2/repository/org/springframework/spring-tx/5.3.23/spring-tx-5.3.23.jar:/home/runner/.m2/repository/org/apache/ozone/ozone-client/1.4.0-SNAPSHOT/ozone-client-1.4.0-SNAPSHOT.jar:/home/runner/.m2/repository/org/apache/ozone/hdds-erasurecode/1.4.0-SNAPSHOT/hdds-erasurecode-1.4.0-SNAPSHOT.jar:/home/runner/.m2/repository/org/apache/ozone/ozone-filesystem/1.4.0-SNAPSHOT/ozone-filesystem-1.4.0-SNAPSHOT.jar:/home/runner/.m2/repository/org/apache/ozone/ozone-filesystem-common/1.4.0-SNAPSHOT/ozone-filesystem-common-1.4.0-SNAPSHOT.jar:/home/runner/.m2/repository/org/apache/ozone/ozone-tools/1.4.0-SNAPSHOT/ozone-tools-1.4.0-SNAPSHOT.jar:/home/runner/.m2/repository/com/amazonaws/aws-java-sdk-core/1.12.261/aws-java-sdk-core-1.12.261.jar:/home/runner/.m2/repository/org/apache/httpcomponents/httpclient/4.5.13/httpclient-4.5.13.jar:/home/runner/.m2/repository/org/apache/httpcomponents/httpcore/4.4.13/httpcore-4.4.13.jar:/home/runner/.m2/repository/software/amazon/ion/ion-java/1.0.2/ion-java-1.0.2.jar:/home/runner/.m2/repository/com/fasterxml/jackson/dataformat/jackson-dataformat-cbor/2.13.4/jackson-dataformat-cbor-2.13.4.jar:/home/runner/.m2/repository/joda-time/joda-time/2.10.6/joda-time-2.10.6.jar:/home/runner/.m2/repository/com/amazonaws/aws-java-sdk-s3/1.12.261/aws-java-sdk-s3-1.12.261.jar:/home/runner/.m2/repository/com/amazonaws/aws-java-sdk-kms/1.12.261/aws-java-sdk-kms-1.12.261.jar:/home/runner/.m2/repository/com/amazonaws/jmespath-java/1.12.261/jmespath-java-1.12.261.jar:/home/runner/.m2/repository/org/kohsuke/metainf-services/metainf-services/1.8/metainf-services-1.8.jar:/home/runner/.m2/repository/org/apache/ozone/hdds-tools/1.4.0-SNAPSHOT/hdds-tools-1.4.0-SNAPSHOT.jar:/home/runner/.m2/repository/org/apache/ratis/ratis-tools/2.4.2-8b8bdda-SNAPSHOT/ratis-tools-2.4.2-8b8bdda-SNAPSHOT.jar:/home/runner/.m2/repository/commons-cli/commons-cli/1.2/commons-cli-1.2.jar:/home/runner/.m2/repository/org/apache/commons/commons-lang3/3.7/commons-lang3-3.7.jar:/home/runner/.m2/repository/org/apache/ozone/ozone-manager/1.4.0-SNAPSHOT/ozone-manager-1.4.0-SNAPSHOT-tests.jar:/home/runner/.m2/repository/org/apache/ozone/hdds-common/1.4.0-SNAPSHOT/hdds-common-1.4.0-SNAPSHOT-tests.jar:/home/runner/.m2/repository/org/apache/ozone/hdds-hadoop-dependency-client/1.4.0-SNAPSHOT/hdds-hadoop-dependency-client-1.4.0-SNAPSHOT.jar:/home/runner/.m2/repository/info/picocli/picocli/4.6.1/picocli-4.6.1.jar:/home/runner/.m2/repository/com/fasterxml/jackson/core/jackson-annotations/2.13.4/jackson-annotations-2.13.4.jar:/home/runner/.m2/repository/org/apache/ozone/hdds-annotation-processing/1.4.0-SNAPSHOT/hdds-annotation-processing-1.4.0-SNAPSHOT.jar:/home/runner/.m2/repository/javax/annotation/javax.annotation-api/1.2/javax.annotation-api-1.2.jar:/home/runner/.m2/repository/org/apache/ratis/ratis-netty/2.4.2-8b8bdda-SNAPSHOT/ratis-netty-2.4.2-8b8bdda-SNAPSHOT.jar:/home/runner/.m2/repository/org/apache/ratis/ratis-grpc/2.4.2-8b8bdda-SNAPSHOT/ratis-grpc-2.4.2-8b8bdda-SNAPSHOT.jar:/home/runner/.m2/repository/org/apache/logging/log4j/log4j-api/2.17.1/log4j-api-2.17.1.jar:/home/runner/.m2/repository/org/apache/commons/commons-pool2/2.6.0/commons-pool2-2.6.0.jar:/home/runner/.m2/repository/org/bouncycastle/bcpkix-jdk15on/1.67/bcpkix-jdk15on-1.67.jar:/home/runner/.m2/repository/commons-validator/commons-validator/1.6/commons-validator-1.6.jar:/home/runner/.m2/repository/commons-beanutils/commons-beanutils/1.9.4/commons-beanutils-1.9.4.jar:/home/runner/.m2/repository/commons-digester/commons-digester/1.8.1/commons-digester-1.8.1.jar:/home/runner/.m2/repository/commons-collections/commons-collections/3.2.2/commons-collections-3.2.2.jar:/home/runner/.m2/repository/io/jaegertracing/jaeger-client/1.6.0/jaeger-client-1.6.0.jar:/home/runner/.m2/repository/io/jaegertracing/jaeger-thrift/1.6.0/jaeger-thrift-1.6.0.jar:/home/runner/.m2/repository/org/apache/thrift/libthrift/0.14.1/libthrift-0.14.1.jar:/home/runner/.m2/repository/io/jaegertracing/jaeger-core/1.6.0/jaeger-core-1.6.0.jar:/home/runner/.m2/repository/io/jaegertracing/jaeger-tracerresolver/1.6.0/jaeger-tracerresolver-1.6.0.jar:/home/runner/.m2/repository/io/opentracing/contrib/opentracing-tracerresolver/0.1.8/opentracing-tracerresolver-0.1.8.jar:/home/runner/.m2/repository/org/jetbrains/kotlin/kotlin-stdlib/1.6.21/kotlin-stdlib-1.6.21.jar:/home/runner/.m2/repository/org/jetbrains/annotations/13.0/annotations-13.0.jar:/home/runner/.m2/repository/io/opentracing/opentracing-util/0.33.0/opentracing-util-0.33.0.jar:/home/runner/.m2/repository/io/opentracing/opentracing-api/0.33.0/opentracing-api-0.33.0.jar:/home/runner/.m2/repository/io/opentracing/opentracing-noop/0.33.0/opentracing-noop-0.33.0.jar:/home/runner/.m2/repository/org/yaml/snakeyaml/2.0/snakeyaml-2.0.jar:/home/runner/.m2/repository/junit/junit/4.13.1/junit-4.13.1.jar:/home/runner/.m2/repository/org/hamcrest/hamcrest-core/1.3/hamcrest-core-1.3.jar:/home/runner/.m2/repository/org/junit/jupiter/junit-jupiter-api/5.8.2/junit-jupiter-api-5.8.2.jar:/home/runner/.m2/repository/org/opentest4j/opentest4j/1.2.0/opentest4j-1.2.0.jar:/home/runner/.m2/repository/org/junit/platform/junit-platform-commons/1.8.2/junit-platform-commons-1.8.2.jar:/home/runner/.m2/repository/org/apiguardian/apiguardian-api/1.1.2/apiguardian-api-1.1.2.jar:/home/runner/.m2/repository/org/junit/jupiter/junit-jupiter-params/5.8.2/junit-jupiter-params-5.8.2.jar:/home/runner/.m2/repository/org/junit/jupiter/junit-jupiter-migrationsupport/5.8.2/junit-jupiter-migrationsupport-5.8.2.jar:/home/runner/.m2/repository/org/junit/jupiter/junit-jupiter-engine/5.8.2/junit-jupiter-engine-5.8.2.jar:/home/runner/.m2/repository/org/junit/platform/junit-platform-engine/1.8.2/junit-platform-engine-1.8.2.jar:/home/runner/.m2/repository/org/junit/vintage/junit-vintage-engine/5.8.2/junit-vintage-engine-5.8.2.jar:/home/runner/.m2/repository/org/junit/platform/junit-platform-launcher/1.8.2/junit-platform-launcher-1.8.2.jar:/home/runner/.m2/repository/org/mockito/mockito-core/2.28.2/mockito-core-2.28.2.jar:/home/runner/.m2/repository/net/bytebuddy/byte-buddy/1.9.10/byte-buddy-1.9.10.jar:/home/runner/.m2/repository/net/bytebuddy/byte-buddy-agent/1.9.10/byte-buddy-agent-1.9.10.jar:/home/runner/.m2/repository/org/objenesis/objenesis/1.0/objenesis-1.0.jar:/home/runner/.m2/repository/org/apache/hadoop/hadoop-kms/3.3.4/hadoop-kms-3.3.4.jar:/home/runner/.m2/repository/org/apache/hadoop/hadoop-auth/3.3.4/hadoop-auth-3.3.4.jar:/home/runner/.m2/repository/com/nimbusds/nimbus-jose-jwt/9.8.1/nimbus-jose-jwt-9.8.1.jar:/home/runner/.m2/repository/com/github/stephenc/jcip/jcip-annotations/1.0-1/jcip-annotations-1.0-1.jar:/home/runner/.m2/repository/net/minidev/json-smart/2.4.7/json-smart-2.4.7.jar:/home/runner/.m2/repository/net/minidev/accessors-smart/2.4.7/accessors-smart-2.4.7.jar:/home/runner/.m2/repository/org/ow2/asm/asm/5.0.4/asm-5.0.4.jar:/home/runner/.m2/repository/org/apache/zookeeper/zookeeper/3.5.6/zookeeper-3.5.6.jar:/home/runner/.m2/repository/org/apache/zookeeper/zookeeper-jute/3.5.6/zookeeper-jute-3.5.6.jar:/home/runner/.m2/repository/org/apache/yetus/audience-annotations/0.5.0/audience-annotations-0.5.0.jar:/home/runner/.m2/repository/org/apache/curator/curator-framework/4.2.0/curator-framework-4.2.0.jar:/home/runner/.m2/repository/org/apache/hadoop/thirdparty/hadoop-shaded-guava/1.1.1/hadoop-shaded-guava-1.1.1.jar:/home/runner/.m2/repository/com/sun/jersey/jersey-core/1.19/jersey-core-1.19.jar:/home/runner/.m2/repository/javax/ws/rs/jsr311-api/1.1.1/jsr311-api-1.1.1.jar:/home/runner/.m2/repository/com/sun/jersey/jersey-server/1.19/jersey-server-1.19.jar:/home/runner/.m2/repository/javax/servlet/javax.servlet-api/3.1.0/javax.servlet-api-3.1.0.jar:/home/runner/.m2/repository/org/apache/hadoop/hadoop-common/3.3.4/hadoop-common-3.3.4.jar:/home/runner/.m2/repository/org/apache/commons/commons-math3/3.1.1/commons-math3-3.1.1.jar:/home/runner/.m2/repository/commons-net/commons-net/3.9.0/commons-net-3.9.0.jar:/home/runner/.m2/repository/com/sun/jersey/jersey-servlet/1.19/jersey-servlet-1.19.jar:/home/runner/.m2/repository/com/sun/jersey/jersey-json/1.19/jersey-json-1.19.jar:/home/runner/.m2/repository/org/codehaus/jettison/jettison/1.1/jettison-1.1.jar:/home/runner/.m2/repository/com/sun/xml/bind/jaxb-impl/2.2.3-1/jaxb-impl-2.2.3-1.jar:/home/runner/.m2/repository/org/codehaus/jackson/jackson-jaxrs/1.9.2/jackson-jaxrs-1.9.2.jar:/home/runner/.m2/repository/org/codehaus/jackson/jackson-xc/1.9.2/jackson-xc-1.9.2.jar:/home/runner/.m2/repository/com/google/re2j/re2j/1.1/re2j-1.1.jar:/home/runner/.m2/repository/com/jcraft/jsch/0.1.54/jsch-0.1.54.jar:/home/runner/.m2/repository/org/apache/curator/curator-client/4.2.0/curator-client-4.2.0.jar:/home/runner/.m2/repository/org/apache/curator/curator-recipes/4.2.0/curator-recipes-4.2.0.jar:/home/runner/.m2/repository/org/apache/kerby/kerb-core/1.0.1/kerb-core-1.0.1.jar:/home/runner/.m2/repository/org/apache/kerby/kerby-pkix/1.0.1/kerby-pkix-1.0.1.jar:/home/runner/.m2/repository/org/apache/kerby/kerby-asn1/1.0.1/kerby-asn1-1.0.1.jar:/home/runner/.m2/repository/org/apache/kerby/kerby-util/1.0.1/kerby-util-1.0.1.jar:/home/runner/.m2/repository/dnsjava/dnsjava/2.1.7/dnsjava-2.1.7.jar:/home/runner/.m2/repository/org/xerial/snappy/snappy-java/1.1.8.2/snappy-java-1.1.8.2.jar:/home/runner/.m2/repository/com/fasterxml/jackson/core/jackson-databind/2.13.4.2/jackson-databind-2.13.4.2.jar:/home/runner/.m2/repository/org/apache/hadoop/hadoop-kms/3.3.4/hadoop-kms-3.3.4-tests.jar:/home/runner/.m2/repository/org/apache/ozone/hdds-server-scm/1.4.0-SNAPSHOT/hdds-server-scm-1.4.0-SNAPSHOT-tests.jar:/home/runner/.m2/repository/org/apache/ozone/hdds-container-service/1.4.0-SNAPSHOT/hdds-container-service-1.4.0-SNAPSHOT-tests.jar:/home/runner/.m2/repository/com/github/luben/zstd-jni/1.5.2-5/zstd-jni-1.5.2-5.jar:/home/runner/.m2/repository/commons-codec/commons-codec/1.15/commons-codec-1.15.jar:/home/runner/.m2/repository/io/netty/netty-codec/4.1.86.Final/netty-codec-4.1.86.Final.jar:/home/runner/.m2/repository/io/netty/netty-handler/4.1.86.Final/netty-handler-4.1.86.Final.jar:/home/runner/.m2/repository/org/apache/ozone/hdds-hadoop-dependency-test/1.4.0-SNAPSHOT/hdds-hadoop-dependency-test-1.4.0-SNAPSHOT.jar:/home/runner/.m2/repository/org/apache/hadoop/hadoop-common/3.3.4/hadoop-common-3.3.4-tests.jar:/home/runner/.m2/repository/org/apache/hadoop/hadoop-hdfs/3.3.4/hadoop-hdfs-3.3.4-tests.jar:/home/runner/.m2/repository/org/assertj/assertj-core/3.12.2/assertj-core-3.12.2.jar:/home/runner/.m2/repository/org/apache/hadoop/hadoop-distcp/3.3.4/hadoop-distcp-3.3.4.jar:/home/runner/.m2/repository/org/apache/hadoop/hadoop-mapreduce-client-jobclient/3.3.4/hadoop-mapreduce-client-jobclient-3.3.4.jar:/home/runner/.m2/repository/org/apache/hadoop/hadoop-mapreduce-client-common/3.3.4/hadoop-mapreduce-client-common-3.3.4.jar:/home/runner/.m2/repository/org/apache/hadoop/hadoop-yarn-common/3.3.4/hadoop-yarn-common-3.3.4.jar:/home/runner/.m2/repository/org/apache/hadoop/hadoop-yarn-api/3.3.4/hadoop-yarn-api-3.3.4.jar:/home/runner/.m2/repository/com/sun/jersey/contribs/jersey-guice/1.19/jersey-guice-1.19.jar:/home/runner/.m2/repository/com/fasterxml/jackson/jaxrs/jackson-jaxrs-json-provider/2.13.4/jackson-jaxrs-json-provider-2.13.4.jar:/home/runner/.m2/repository/com/fasterxml/jackson/jaxrs/jackson-jaxrs-base/2.13.4/jackson-jaxrs-base-2.13.4.jar:/home/runner/.m2/repository/org/apache/hadoop/hadoop-yarn-client/3.3.4/hadoop-yarn-client-3.3.4.jar:/home/runner/.m2/repository/org/eclipse/jetty/websocket/websocket-client/9.4.43.v20210629/websocket-client-9.4.43.v20210629.jar:/home/runner/.m2/repository/org/eclipse/jetty/websocket/websocket-common/9.4.43.v20210629/websocket-common-9.4.43.v20210629.jar:/home/runner/.m2/repository/org/eclipse/jetty/websocket/websocket-api/9.4.43.v20210629/websocket-api-9.4.43.v20210629.jar:/home/runner/.m2/repository/org/jline/jline/3.9.0/jline-3.9.0.jar:/home/runner/.m2/repository/org/apache/hadoop/hadoop-mapreduce-client-core/3.3.4/hadoop-mapreduce-client-core-3.3.4.jar:/home/runner/.m2/repository/org/apache/avro/avro/1.7.7/avro-1.7.7.jar:/home/runner/.m2/repository/org/codehaus/jackson/jackson-core-asl/1.9.13/jackson-core-asl-1.9.13.jar:/home/runner/.m2/repository/org/codehaus/jackson/jackson-mapper-asl/1.9.13/jackson-mapper-asl-1.9.13.jar:/home/runner/.m2/repository/com/thoughtworks/paranamer/paranamer/2.3/paranamer-2.3.jar:/home/runner/.m2/repository/org/apache/hadoop/hadoop-annotations/3.3.4/hadoop-annotations-3.3.4.jar:/usr/lib/jvm/temurin-8-jdk-amd64/jre/../lib/tools.jar:/home/runner/.m2/repository/io/netty/netty/3.10.6.Final/netty-3.10.6.Final.jar:/home/runner/.m2/repository/org/apache/hadoop/hadoop-distcp/3.3.4/hadoop-distcp-3.3.4-tests.jar:/home/runner/.m2/repository/org/slf4j/jul-to-slf4j/1.7.36/jul-to-slf4j-1.7.36.jar:"/>
    <property name="sun.cpu.endian" value="little"/>
    <property name="user.home" value="/home/runner"/>
    <property name="user.language" value="en"/>
    <property name="java.specification.vendor" value="Oracle Corporation"/>
    <property name="java.home" value="/usr/lib/jvm/temurin-8-jdk-amd64/jre"/>
    <property name="java.security.krb5.conf" value="/home/runner/work/ozone/ozone/hadoop-ozone/integration-test/target/test-classes/krb5.conf"/>
    <property name="basedir" value="/home/runner/work/ozone/ozone/hadoop-ozone/integration-test"/>
    <property name="file.separator" value="/"/>
    <property name="line.separator" value="&#10;"/>
    <property name="java.vm.specification.vendor" value="Oracle Corporation"/>
    <property name="java.specification.name" value="Java Platform API Specification"/>
    <property name="java.awt.graphicsenv" value="sun.awt.X11GraphicsEnvironment"/>
    <property name="skip.installnpx" value="true"/>
    <property name="surefire.real.class.path" value="/home/runner/work/ozone/ozone/hadoop-ozone/integration-test/target/surefire/surefirebooter4967458894226028837.jar:/home/runner/.m2/repository/org/jacoco/org.jacoco.agent/0.8.5/org.jacoco.agent-0.8.5-runtime.jar"/>
    <property name="hadoop.log.dir" value="/home/runner/work/ozone/ozone/hadoop-ozone/integration-test/target/log"/>
    <property name="sun.boot.class.path" value="/usr/lib/jvm/temurin-8-jdk-amd64/jre/lib/resources.jar:/usr/lib/jvm/temurin-8-jdk-amd64/jre/lib/rt.jar:/usr/lib/jvm/temurin-8-jdk-amd64/jre/lib/sunrsasign.jar:/usr/lib/jvm/temurin-8-jdk-amd64/jre/lib/jsse.jar:/usr/lib/jvm/temurin-8-jdk-amd64/jre/lib/jce.jar:/usr/lib/jvm/temurin-8-jdk-amd64/jre/lib/charsets.jar:/usr/lib/jvm/temurin-8-jdk-amd64/jre/lib/jfr.jar:/usr/lib/jvm/temurin-8-jdk-amd64/jre/classes"/>
    <property name="sun.management.compiler" value="HotSpot 64-Bit Tiered Compilers"/>
    <property name="skip.npx" value="true"/>
    <property name="java.runtime.version" value="1.8.0_362-b09"/>
    <property name="java.net.preferIPv4Stack" value="true"/>
    <property name="user.name" value="runner"/>
    <property name="path.separator" value=":"/>
    <property name="java.security.egd" value="file:///dev/urandom"/>
    <property name="os.version" value="5.15.0-1034-azure"/>
    <property name="java.endorsed.dirs" value="/usr/lib/jvm/temurin-8-jdk-amd64/jre/lib/endorsed"/>
    <property name="java.runtime.name" value="OpenJDK Runtime Environment"/>
    <property name="file.encoding" value="UTF-8"/>
    <property name="java.vm.name" value="OpenJDK 64-Bit Server VM"/>
    <property name="test.build.webapps" value=""/>
    <property name="localRepository" value="/home/runner/.m2/repository"/>
    <property name="jetty.git.hash" value="4231a3b2e4cb8548a412a789936d640a97b1aa0a"/>
    <property name="java.vendor.url.bug" value="https://github.com/adoptium/adoptium-support/issues"/>
    <property name="java.io.tmpdir" value="/tmp"/>
    <property name="require.test.libhadoop" value=""/>
    <property name="java.version" value="1.8.0_362"/>
    <property name="user.dir" value="/home/runner/work/ozone/ozone/hadoop-ozone/integration-test"/>
    <property name="os.arch" value="amd64"/>
    <property name="java.vm.specification.name" value="Java Virtual Machine Specification"/>
    <property name="test.build.classes" value="/home/runner/work/ozone/ozone/hadoop-ozone/integration-test/target/test-classes"/>
    <property name="java.awt.printerjob" value="sun.print.PSPrinterJob"/>
    <property name="sun.os.patch.level" value="unknown"/>
    <property name="org.apache.ratis.thirdparty.io.netty.allocator.useCacheForAllThreads" value="false"/>
    <property name="hadoop.tmp.dir" value="/home/runner/work/ozone/ozone/hadoop-ozone/integration-test/target/tmp"/>
    <property name="java.library.path" value="/usr/java/packages/lib/amd64:/usr/lib64:/lib64:/lib:/usr/lib"/>
    <property name="java.vm.info" value="mixed mode"/>
    <property name="java.vendor" value="Temurin"/>
    <property name="java.vm.version" value="25.362-b09"/>
    <property name="java.specification.maintenance.version" value="4"/>
    <property name="java.ext.dirs" value="/usr/lib/jvm/temurin-8-jdk-amd64/jre/lib/ext:/usr/java/packages/lib/ext"/>
    <property name="sun.io.unicode.encoding" value="UnicodeLittle"/>
    <property name="java.class.version" value="52.0"/>
  </properties>
  <testcase name="testPipelineInfo" classname="org.apache.hadoop.ozone.scm.pipeline.TestPipelineManagerMXBean" time="26.585">
    <failure type="org.opentest4j.AssertionFailedError"><![CDATA[org.opentest4j.AssertionFailedError: expected: <0> but was: <1>
	at org.junit.jupiter.api.AssertionUtils.fail(AssertionUtils.java:55)
	at org.junit.jupiter.api.AssertionUtils.failNotEqual(AssertionUtils.java:62)
	at org.junit.jupiter.api.AssertEquals.assertEquals(AssertEquals.java:166)
	at org.junit.jupiter.api.AssertEquals.assertEquals(AssertEquals.java:161)
	at org.junit.jupiter.api.Assertions.assertEquals(Assertions.java:628)
	at org.apache.hadoop.ozone.scm.pipeline.TestPipelineManagerMXBean.verifyEquals(TestPipelineManagerMXBean.java:89)
	at org.apache.hadoop.ozone.scm.pipeline.TestPipelineManagerMXBean.testPipelineInfo(TestPipelineManagerMXBean.java:73)
	at sun.reflect.NativeMethodAccessorImpl.invoke0(Native Method)
	at sun.reflect.NativeMethodAccessorImpl.invoke(NativeMethodAccessorImpl.java:62)
	at sun.reflect.DelegatingMethodAccessorImpl.invoke(DelegatingMethodAccessorImpl.java:43)
	at java.lang.reflect.Method.invoke(Method.java:498)
	at org.junit.platform.commons.util.ReflectionUtils.invokeMethod(ReflectionUtils.java:725)
	at org.junit.jupiter.engine.execution.MethodInvocation.proceed(MethodInvocation.java:60)
	at org.junit.jupiter.engine.execution.InvocationInterceptorChain$ValidatingInvocation.proceed(InvocationInterceptorChain.java:131)
	at org.junit.jupiter.engine.extension.TimeoutInvocation.proceed(TimeoutInvocation.java:46)
	at org.junit.jupiter.engine.extension.TimeoutExtension.intercept(TimeoutExtension.java:149)
	at org.junit.jupiter.engine.extension.TimeoutExtension.interceptTestableMethod(TimeoutExtension.java:140)
	at org.junit.jupiter.engine.extension.TimeoutExtension.interceptTestMethod(TimeoutExtension.java:84)
	at org.junit.jupiter.engine.execution.ExecutableInvoker$ReflectiveInterceptorCall.lambda$ofVoidMethod$0(ExecutableInvoker.java:115)
	at org.junit.jupiter.engine.execution.ExecutableInvoker.lambda$invoke$0(ExecutableInvoker.java:105)
	at org.junit.jupiter.engine.execution.InvocationInterceptorChain$InterceptedInvocation.proceed(InvocationInterceptorChain.java:106)
	at org.junit.jupiter.engine.execution.InvocationInterceptorChain.proceed(InvocationInterceptorChain.java:64)
	at org.junit.jupiter.engine.execution.InvocationInterceptorChain.chainAndInvoke(InvocationInterceptorChain.java:45)
	at org.junit.jupiter.engine.execution.InvocationInterceptorChain.invoke(InvocationInterceptorChain.java:37)
	at org.junit.jupiter.engine.execution.ExecutableInvoker.invoke(ExecutableInvoker.java:104)
	at org.junit.jupiter.engine.execution.ExecutableInvoker.invoke(ExecutableInvoker.java:98)
	at org.junit.jupiter.engine.descriptor.TestMethodTestDescriptor.lambda$invokeTestMethod$7(TestMethodTestDescriptor.java:214)
	at org.junit.platform.engine.support.hierarchical.ThrowableCollector.execute(ThrowableCollector.java:73)
	at org.junit.jupiter.engine.descriptor.TestMethodTestDescriptor.invokeTestMethod(TestMethodTestDescriptor.java:210)
	at org.junit.jupiter.engine.descriptor.TestMethodTestDescriptor.execute(TestMethodTestDescriptor.java:135)
	at org.junit.jupiter.engine.descriptor.TestMethodTestDescriptor.execute(TestMethodTestDescriptor.java:66)
	at org.junit.platform.engine.support.hierarchical.NodeTestTask.lambda$executeRecursively$6(NodeTestTask.java:151)
	at org.junit.platform.engine.support.hierarchical.ThrowableCollector.execute(ThrowableCollector.java:73)
	at org.junit.platform.engine.support.hierarchical.NodeTestTask.lambda$executeRecursively$8(NodeTestTask.java:141)
	at org.junit.platform.engine.support.hierarchical.Node.around(Node.java:137)
	at org.junit.platform.engine.support.hierarchical.NodeTestTask.lambda$executeRecursively$9(NodeTestTask.java:139)
	at org.junit.platform.engine.support.hierarchical.ThrowableCollector.execute(ThrowableCollector.java:73)
	at org.junit.platform.engine.support.hierarchical.NodeTestTask.executeRecursively(NodeTestTask.java:138)
	at org.junit.platform.engine.support.hierarchical.NodeTestTask.execute(NodeTestTask.java:95)
	at java.util.ArrayList.forEach(ArrayList.java:1259)
	at org.junit.platform.engine.support.hierarchical.SameThreadHierarchicalTestExecutorService.invokeAll(SameThreadHierarchicalTestExecutorService.java:41)
	at org.junit.platform.engine.support.hierarchical.NodeTestTask.lambda$executeRecursively$6(NodeTestTask.java:155)
	at org.junit.platform.engine.support.hierarchical.ThrowableCollector.execute(ThrowableCollector.java:73)
	at org.junit.platform.engine.support.hierarchical.NodeTestTask.lambda$executeRecursively$8(NodeTestTask.java:141)
	at org.junit.platform.engine.support.hierarchical.Node.around(Node.java:137)
	at org.junit.platform.engine.support.hierarchical.NodeTestTask.lambda$executeRecursively$9(NodeTestTask.java:139)
	at org.junit.platform.engine.support.hierarchical.ThrowableCollector.execute(ThrowableCollector.java:73)
	at org.junit.platform.engine.support.hierarchical.NodeTestTask.executeRecursively(NodeTestTask.java:138)
	at org.junit.platform.engine.support.hierarchical.NodeTestTask.execute(NodeTestTask.java:95)
	at java.util.ArrayList.forEach(ArrayList.java:1259)
	at org.junit.platform.engine.support.hierarchical.SameThreadHierarchicalTestExecutorService.invokeAll(SameThreadHierarchicalTestExecutorService.java:41)
	at org.junit.platform.engine.support.hierarchical.NodeTestTask.lambda$executeRecursively$6(NodeTestTask.java:155)
	at org.junit.platform.engine.support.hierarchical.ThrowableCollector.execute(ThrowableCollector.java:73)
	at org.junit.platform.engine.support.hierarchical.NodeTestTask.lambda$executeRecursively$8(NodeTestTask.java:141)
	at org.junit.platform.engine.support.hierarchical.Node.around(Node.java:137)
	at org.junit.platform.engine.support.hierarchical.NodeTestTask.lambda$executeRecursively$9(NodeTestTask.java:139)
	at org.junit.platform.engine.support.hierarchical.ThrowableCollector.execute(ThrowableCollector.java:73)
	at org.junit.platform.engine.support.hierarchical.NodeTestTask.executeRecursively(NodeTestTask.java:138)
	at org.junit.platform.engine.support.hierarchical.NodeTestTask.execute(NodeTestTask.java:95)
	at org.junit.platform.engine.support.hierarchical.SameThreadHierarchicalTestExecutorService.submit(SameThreadHierarchicalTestExecutorService.java:35)
	at org.junit.platform.engine.support.hierarchical.HierarchicalTestExecutor.execute(HierarchicalTestExecutor.java:57)
	at org.junit.platform.engine.support.hierarchical.HierarchicalTestEngine.execute(HierarchicalTestEngine.java:54)
	at org.junit.platform.launcher.core.EngineExecutionOrchestrator.execute(EngineExecutionOrchestrator.java:107)
	at org.junit.platform.launcher.core.EngineExecutionOrchestrator.execute(EngineExecutionOrchestrator.java:88)
	at org.junit.platform.launcher.core.EngineExecutionOrchestrator.lambda$execute$0(EngineExecutionOrchestrator.java:54)
	at org.junit.platform.launcher.core.EngineExecutionOrchestrator.withInterceptedStreams(EngineExecutionOrchestrator.java:67)
	at org.junit.platform.launcher.core.EngineExecutionOrchestrator.execute(EngineExecutionOrchestrator.java:52)
	at org.junit.platform.launcher.core.DefaultLauncher.execute(DefaultLauncher.java:114)
	at org.junit.platform.launcher.core.DefaultLauncher.execute(DefaultLauncher.java:86)
	at org.junit.platform.launcher.core.DefaultLauncherSession$DelegatingLauncher.execute(DefaultLauncherSession.java:86)
	at org.junit.platform.launcher.core.SessionPerRequestLauncher.execute(SessionPerRequestLauncher.java:53)
	at org.apache.maven.surefire.junitplatform.JUnitPlatformProvider.execute(JUnitPlatformProvider.java:188)
	at org.apache.maven.surefire.junitplatform.JUnitPlatformProvider.invokeAllTests(JUnitPlatformProvider.java:154)
	at org.apache.maven.surefire.junitplatform.JUnitPlatformProvider.invoke(JUnitPlatformProvider.java:124)
	at org.apache.maven.surefire.booter.ForkedBooter.runSuitesInProcess(ForkedBooter.java:428)
	at org.apache.maven.surefire.booter.ForkedBooter.execute(ForkedBooter.java:162)
	at org.apache.maven.surefire.booter.ForkedBooter.run(ForkedBooter.java:562)
	at org.apache.maven.surefire.booter.ForkedBooter.main(ForkedBooter.java:548)
]]></failure>
    <system-out><![CDATA[2023-03-25 06:06:22,358 [main] WARN  server.ServerUtils (ServerUtils.java:getScmDbDir(148)) - ozone.scm.db.dirs is not configured. We recommend adding this setting. Falling back to ozone.metadata.dirs instead.
2023-03-25 06:06:22,517 [main] WARN  server.ServerUtils (ServerUtils.java:getScmDbDir(148)) - ozone.scm.db.dirs is not configured. We recommend adding this setting. Falling back to ozone.metadata.dirs instead.
2023-03-25 06:06:22,524 [main] INFO  ha.SCMHANodeDetails (SCMHANodeDetails.java:loadSCMHAConfig(209)) - ServiceID for StorageContainerManager is null
2023-03-25 06:06:22,536 [main] WARN  ha.SCMHANodeDetails (SCMHANodeDetails.java:validateSCMHAConfig(182)) - Invalid config ozone.scm.ratis.enable. The config was not specified, but the default value true conflicts with the expected config value false. Falling back to the expected value. Current State of SCM: SCM is running in Non-HA without Ratis Ratis SCM -> Non Ratis SCM or Non HA SCM -> HA SCM is not supported
2023-03-25 06:06:22,537 [main] INFO  ha.SCMHANodeDetails (SCMHANodeDetails.java:loadSCMHAConfig(214)) - ozone.scm.default.service.id is not defined, falling back to ozone.scm.service.ids to find serviceID for StorageContainerManager if it is HA enabled cluster
2023-03-25 06:06:23,062 [main] WARN  utils.HAUtils (HAUtils.java:getMetaDir(342)) - ozone.scm.db.dirs is not configured. We recommend adding this setting. Falling back to ozone.metadata.dirs instead.
2023-03-25 06:06:23,281 [main] WARN  db.DBStoreBuilder (DBStoreBuilder.java:applyDBDefinition(172)) - ozone.scm.db.dirs is not configured. We recommend adding this setting. Falling back to ozone.metadata.dirs instead.
2023-03-25 06:06:23,528 [main] INFO  net.NodeSchemaLoader (NodeSchemaLoader.java:loadSchemaFromFile(129)) - Loading schema from [jar:file:/home/runner/.m2/repository/org/apache/ozone/hdds-common/1.4.0-SNAPSHOT/hdds-common-1.4.0-SNAPSHOT.jar!/network-topology-default.xml]
2023-03-25 06:06:23,530 [main] INFO  net.NodeSchemaLoader (NodeSchemaLoader.java:loadSchema(176)) - Loading network topology layer schema file
2023-03-25 06:06:23,581 [main] INFO  metrics.MetricRegistries (MetricRegistriesLoader.java:load(64)) - Loaded MetricRegistries class org.apache.ratis.metrics.impl.MetricRegistriesImpl
2023-03-25 06:06:23,592 [main] INFO  upgrade.AbstractLayoutVersionManager (AbstractLayoutVersionManager.java:init(83)) - Initializing Layout version manager with metadata layout = DATANODE_SCHEMA_V3 (version = 4), software layout = DATANODE_SCHEMA_V3 (version = 4)
2023-03-25 06:06:23,883 [main] INFO  reflections.Reflections (Reflections.java:scan(232)) - Reflections took 190 ms to scan 7 urls, producing 155 keys and 368 values 
2023-03-25 06:06:24,013 [main] INFO  ha.SequenceIdGenerator (SequenceIdGenerator.java:upgradeToSequenceId(349)) - upgrade localId to 111677748019200000
2023-03-25 06:06:24,014 [main] INFO  ha.SequenceIdGenerator (SequenceIdGenerator.java:upgradeToSequenceId(359)) - upgrade delTxnId to 0
2023-03-25 06:06:24,024 [main] INFO  ha.SequenceIdGenerator (SequenceIdGenerator.java:upgradeToSequenceId(376)) - upgrade containerId to 0
2023-03-25 06:06:24,025 [main] INFO  ha.SequenceIdGenerator (SequenceIdGenerator.java:<init>(220)) - Init the HA SequenceIdGenerator.
2023-03-25 06:06:24,084 [main] WARN  server.ServerUtils (ServerUtils.java:sanitizeUserArgs(73)) - ozone.scm.stale.node.interval value = 300000 is larger than max = 100000 based on the key value of ozone.scm.heartbeat.thread.interval, reset to the max value 100000.
2023-03-25 06:06:24,085 [main] WARN  server.ServerUtils (ServerUtils.java:sanitizeUserArgs(73)) - ozone.scm.stale.node.interval value = 300000 is larger than max = 100000 based on the key value of ozone.scm.heartbeat.thread.interval, reset to the max value 100000.
2023-03-25 06:06:24,103 [main] INFO  node.SCMNodeManager (SCMNodeManager.java:<init>(156)) - Entering startup safe mode.
2023-03-25 06:06:24,179 [main] INFO  algorithms.ContainerPlacementPolicyFactory (ContainerPlacementPolicyFactory.java:getPolicyInternal(86)) - Create container placement policy of type org.apache.hadoop.hdds.scm.container.placement.algorithms.SCMContainerPlacementRandom
2023-03-25 06:06:24,183 [main] INFO  algorithms.ContainerPlacementPolicyFactory (ContainerPlacementPolicyFactory.java:getPolicyInternal(86)) - Create container placement policy of type org.apache.hadoop.hdds.scm.container.placement.algorithms.SCMContainerPlacementRackScatter
2023-03-25 06:06:24,193 [main] INFO  pipeline.PipelineStateManagerImpl (PipelineStateManagerImpl.java:initialize(78)) - No pipeline exists in current db
2023-03-25 06:06:24,234 [main] INFO  algorithms.LeaderChoosePolicyFactory (LeaderChoosePolicyFactory.java:getPolicy(57)) - Create leader choose policy of type org.apache.hadoop.hdds.scm.pipeline.leader.choose.algorithms.MinLeaderCountChoosePolicy
2023-03-25 06:06:24,235 [main] INFO  algorithms.ContainerPlacementPolicyFactory (ContainerPlacementPolicyFactory.java:getPolicyInternal(86)) - Create container placement policy of type org.apache.hadoop.hdds.scm.container.placement.algorithms.SCMContainerPlacementRackScatter
2023-03-25 06:06:24,243 [main] INFO  ha.SCMServiceManager (SCMServiceManager.java:register(42)) - Registering service BackgroundPipelineCreator.
2023-03-25 06:06:24,243 [main] INFO  pipeline.BackgroundPipelineCreator (BackgroundPipelineCreator.java:start(124)) - Starting RatisPipelineUtilsThread.
2023-03-25 06:06:24,250 [main] INFO  BackgroundPipelineScrubber (BackgroundSCMService.java:start(68)) - Starting BackgroundPipelineScrubber Service.
2023-03-25 06:06:24,263 [main] INFO  ha.SCMServiceManager (SCMServiceManager.java:register(42)) - Registering service BackgroundPipelineScrubber.
2023-03-25 06:06:24,270 [main] INFO  ExpiredContainerReplicaOpScrubber (BackgroundSCMService.java:start(68)) - Starting ExpiredContainerReplicaOpScrubber Service.
2023-03-25 06:06:24,271 [main] INFO  ha.SCMServiceManager (SCMServiceManager.java:register(42)) - Registering service ExpiredContainerReplicaOpScrubber.
2023-03-25 06:06:24,327 [main] INFO  algorithms.PipelineChoosePolicyFactory (PipelineChoosePolicyFactory.java:createPipelineChoosePolicyFromClass(73)) - Create pipeline choose policy of type org.apache.hadoop.hdds.scm.pipeline.choose.algorithms.RandomPipelineChoosePolicy
2023-03-25 06:06:24,347 [main] INFO  ha.SCMServiceManager (SCMServiceManager.java:register(42)) - Registering service SCMBlockDeletingService.
2023-03-25 06:06:24,417 [main] INFO  replication.ReplicationManager (ReplicationManager.java:start(277)) - Starting Replication Monitor Thread.
2023-03-25 06:06:24,427 [main] INFO  ha.SCMServiceManager (SCMServiceManager.java:register(42)) - Registering service ReplicationManager.
2023-03-25 06:06:24,430 [ReplicationMonitor] INFO  replication.ReplicationManager (ReplicationManager.java:processAll(352)) - Replication Manager is not ready to run until 3000ms after safemode exit
2023-03-25 06:06:24,439 [main] INFO  safemode.ContainerSafeModeRule (ContainerSafeModeRule.java:<init>(89)) - containers with one replica threshold count 0
2023-03-25 06:06:24,446 [main] INFO  safemode.HealthyPipelineSafeModeRule (HealthyPipelineSafeModeRule.java:initializeRule(169)) - Total pipeline count is 0, healthy pipeline threshold count is 1
2023-03-25 06:06:24,449 [main] INFO  safemode.OneReplicaPipelineSafeModeRule (OneReplicaPipelineSafeModeRule.java:initializeRule(180)) - Total pipeline count is 0, pipeline's with at least one datanode reported threshold count is 0
2023-03-25 06:06:24,499 [main] INFO  server.StorageContainerManager (StorageContainerManager.java:<init>(398)) - SCM start with adminUsers: [runner]
2023-03-25 06:06:24,820 [main] INFO  audit.AuditLogger (AuditLogger.java:refreshDebugCmdSet(126)) - Refresh DebugCmdSet for SCMAudit to [].
2023-03-25 06:06:24,857 [main] INFO  ipc.CallQueueManager (CallQueueManager.java:<init>(90)) - Using callQueue: class java.util.concurrent.LinkedBlockingQueue, queueCapacity: 2000, scheduler: class org.apache.hadoop.ipc.DefaultRpcScheduler, ipcBackoff: false.
2023-03-25 06:06:24,903 [Socket Reader #1 for port 0] INFO  ipc.Server (Server.java:run(1273)) - Starting Socket Reader #1 for port 0
2023-03-25 06:06:24,978 [Listener at 0.0.0.0/33123] INFO  audit.AuditLogger (AuditLogger.java:refreshDebugCmdSet(126)) - Refresh DebugCmdSet for SCMAudit to [].
2023-03-25 06:06:24,985 [Listener at 0.0.0.0/33123] INFO  ipc.CallQueueManager (CallQueueManager.java:<init>(90)) - Using callQueue: class java.util.concurrent.LinkedBlockingQueue, queueCapacity: 2000, scheduler: class org.apache.hadoop.ipc.DefaultRpcScheduler, ipcBackoff: false.
2023-03-25 06:06:24,987 [Socket Reader #1 for port 0] INFO  ipc.Server (Server.java:run(1273)) - Starting Socket Reader #1 for port 0
2023-03-25 06:06:25,050 [Listener at 0.0.0.0/39183] INFO  audit.AuditLogger (AuditLogger.java:refreshDebugCmdSet(126)) - Refresh DebugCmdSet for SCMAudit to [].
2023-03-25 06:06:25,062 [Listener at 0.0.0.0/39183] INFO  ipc.CallQueueManager (CallQueueManager.java:<init>(90)) - Using callQueue: class java.util.concurrent.LinkedBlockingQueue, queueCapacity: 2000, scheduler: class org.apache.hadoop.ipc.DefaultRpcScheduler, ipcBackoff: false.
2023-03-25 06:06:25,064 [Socket Reader #1 for port 0] INFO  ipc.Server (Server.java:run(1273)) - Starting Socket Reader #1 for port 0
2023-03-25 06:06:25,204 [Listener at 0.0.0.0/45177] INFO  ha.SCMServiceManager (SCMServiceManager.java:register(42)) - Registering service ContainerBalancer.
2023-03-25 06:06:25,209 [Listener at 0.0.0.0/45177] INFO  server.StorageContainerManager (StorageContainerManager.java:<init>(415)) - 
Container Balancer status:
Key                            Value
Running                        true
Container Balancer Configuration values:
Key                                                Value
Threshold                                          10
Max Datanodes to Involve per Iteration(percent)    20
Max Size to Move per Iteration                     500GB
Max Size Entering Target per Iteration             26GB
Max Size Leaving Source per Iteration              26GB

2023-03-25 06:06:25,211 [Listener at 0.0.0.0/45177] INFO  ha.SCMContext (SCMContext.java:updateSafeModeStatus(228)) - Update SafeModeStatus from SafeModeStatus{safeModeStatus=true, preCheckPassed=false} to SafeModeStatus{safeModeStatus=true, preCheckPassed=false}.
2023-03-25 06:06:25,220 [Listener at 0.0.0.0/45177] INFO  server.StorageContainerManager (StorageContainerManager.java:start(1449)) - StorageContainerLocationProtocol RPC server is listening at /0.0.0.0:45177
2023-03-25 06:06:25,301 [Listener at 0.0.0.0/45177] WARN  impl.MetricsConfig (MetricsConfig.java:loadFirst(136)) - Cannot locate configuration: tried hadoop-metrics2-storagecontainermanager.properties,hadoop-metrics2.properties
2023-03-25 06:06:25,318 [Listener at 0.0.0.0/45177] INFO  impl.MetricsSystemImpl (MetricsSystemImpl.java:startTimer(378)) - Scheduled Metric snapshot period at 10 second(s).
2023-03-25 06:06:25,318 [Listener at 0.0.0.0/45177] INFO  impl.MetricsSystemImpl (MetricsSystemImpl.java:start(191)) - StorageContainerManager metrics system started
2023-03-25 06:06:25,604 [Listener at 0.0.0.0/45177] INFO  server.SCMClientProtocolServer (SCMClientProtocolServer.java:start(197)) - RPC server for Client  is listening at /0.0.0.0:45177
2023-03-25 06:06:25,604 [IPC Server Responder] INFO  ipc.Server (Server.java:run(1512)) - IPC Server Responder: starting
2023-03-25 06:06:25,607 [IPC Server listener on 0] INFO  ipc.Server (Server.java:run(1352)) - IPC Server listener on 0: starting
2023-03-25 06:06:25,650 [Listener at 0.0.0.0/45177] INFO  server.StorageContainerManager (StorageContainerManager.java:start(1463)) - ScmBlockLocationProtocol RPC server is listening at /0.0.0.0:39183
2023-03-25 06:06:25,650 [Listener at 0.0.0.0/45177] INFO  server.SCMBlockProtocolServer (SCMBlockProtocolServer.java:start(152)) - RPC server for Block Protocol is listening at /0.0.0.0:39183
2023-03-25 06:06:25,651 [IPC Server Responder] INFO  ipc.Server (Server.java:run(1512)) - IPC Server Responder: starting
2023-03-25 06:06:25,652 [IPC Server listener on 0] INFO  ipc.Server (Server.java:run(1352)) - IPC Server listener on 0: starting
2023-03-25 06:06:25,656 [Listener at 0.0.0.0/45177] INFO  server.SCMDatanodeProtocolServer (SCMDatanodeProtocolServer.java:start(193)) - ScmDatanodeProtocol RPC server for DataNodes is listening at /0.0.0.0:33123
2023-03-25 06:06:25,657 [IPC Server Responder] INFO  ipc.Server (Server.java:run(1512)) - IPC Server Responder: starting
2023-03-25 06:06:25,657 [IPC Server listener on 0] INFO  ipc.Server (Server.java:run(1352)) - IPC Server listener on 0: starting
2023-03-25 06:06:25,688 [org.apache.hadoop.util.JvmPauseMonitor$Monitor@75d0cac6] INFO  util.JvmPauseMonitor (JvmPauseMonitor.java:run(188)) - Starting JVM pause monitor
2023-03-25 06:06:25,696 [Listener at 0.0.0.0/45177] INFO  http.BaseHttpServer (BaseHttpServer.java:newHttpServer2BuilderForOzone(224)) - Starting Web-server for scm at: http://0.0.0.0:0
2023-03-25 06:06:25,696 [Listener at 0.0.0.0/45177] INFO  http.BaseHttpServer (BaseHttpServer.java:<init>(111)) - Hadoop Security Enabled: false Ozone Security Enabled: false Ozone HTTP Security Enabled: false 
2023-03-25 06:06:25,722 [Listener at 0.0.0.0/45177] INFO  util.log (Log.java:initialized(170)) - Logging initialized @4917ms to org.eclipse.jetty.util.log.Slf4jLog
2023-03-25 06:06:25,825 [Listener at 0.0.0.0/45177] WARN  server.AuthenticationFilter (AuthenticationFilter.java:constructSecretProvider(240)) - Unable to initialize FileSignerSecretProvider, falling back to use random secrets. Reason: Could not read signature secret file: /home/runner/hadoop-http-auth-signature-secret
2023-03-25 06:06:25,832 [Listener at 0.0.0.0/45177] WARN  http.HttpRequestLog (HttpRequestLog.java:getRequestLog(103)) - Jetty request log can only be enabled using Log4j
2023-03-25 06:06:25,841 [Listener at 0.0.0.0/45177] INFO  http.HttpServer2 (HttpServer2.java:addGlobalFilter(1031)) - Added global filter 'safety' (class=org.apache.hadoop.hdds.server.http.HttpServer2$QuotingInputFilter)
2023-03-25 06:06:25,844 [Listener at 0.0.0.0/45177] INFO  http.HttpServer2 (HttpServer2.java:addFilter(1007)) - Added filter static_user_filter (class=org.apache.hadoop.http.lib.StaticUserWebFilter$StaticUserFilter) to context scm
2023-03-25 06:06:25,844 [Listener at 0.0.0.0/45177] INFO  http.HttpServer2 (HttpServer2.java:addFilter(1015)) - Added filter static_user_filter (class=org.apache.hadoop.http.lib.StaticUserWebFilter$StaticUserFilter) to context static
2023-03-25 06:06:25,845 [Listener at 0.0.0.0/45177] INFO  http.HttpServer2 (HttpServer2.java:addFilter(1015)) - Added filter static_user_filter (class=org.apache.hadoop.http.lib.StaticUserWebFilter$StaticUserFilter) to context logs
2023-03-25 06:06:25,884 [Listener at 0.0.0.0/45177] INFO  http.BaseHttpServer (BaseHttpServer.java:<init>(190)) - HTTP server of scm uses base directory /home/runner/work/ozone/ozone/hadoop-ozone/integration-test/target/test-dir/MiniOzoneClusterImpl-a610bbfc-ad57-4888-ac65-e976b37cd1f3/ozone-meta/webserver
2023-03-25 06:06:25,885 [Listener at 0.0.0.0/45177] INFO  http.HttpServer2 (HttpServer2.java:bindListener(1250)) - Jetty bound to port 43337
2023-03-25 06:06:25,886 [Listener at 0.0.0.0/45177] INFO  server.Server (Server.java:doStart(375)) - jetty-9.4.49.v20220914; built: 2022-09-14T01:07:36.601Z; git: 4231a3b2e4cb8548a412a789936d640a97b1aa0a; jvm 1.8.0_362-b09
2023-03-25 06:06:25,912 [Listener at 0.0.0.0/45177] INFO  server.session (DefaultSessionIdManager.java:doStart(334)) - DefaultSessionIdManager workerName=node0
2023-03-25 06:06:25,913 [Listener at 0.0.0.0/45177] INFO  server.session (DefaultSessionIdManager.java:doStart(339)) - No SessionScavenger set, using defaults
2023-03-25 06:06:25,915 [Listener at 0.0.0.0/45177] INFO  server.session (HouseKeeper.java:startScavenging(132)) - node0 Scavenging every 600000ms
2023-03-25 06:06:25,927 [Listener at 0.0.0.0/45177] INFO  handler.ContextHandler (ContextHandler.java:doStart(921)) - Started o.e.j.s.ServletContextHandler@65871cfd{logs,/logs,file:///home/runner/work/ozone/ozone/hadoop-ozone/integration-test/target/log,AVAILABLE}
2023-03-25 06:06:25,928 [Listener at 0.0.0.0/45177] INFO  handler.ContextHandler (ContextHandler.java:doStart(921)) - Started o.e.j.s.ServletContextHandler@2be208db{static,/static,file:///home/runner/work/ozone/ozone/hadoop-ozone/integration-test/target/test-classes/webapps/static,AVAILABLE}
2023-03-25 06:06:25,978 [Listener at 0.0.0.0/45177] INFO  handler.ContextHandler (ContextHandler.java:doStart(921)) - Started o.e.j.w.WebAppContext@134ec0f3{scm,/,file:///home/runner/work/ozone/ozone/hadoop-ozone/integration-test/target/test-classes/webapps/scm/,AVAILABLE}{file:/home/runner/work/ozone/ozone/hadoop-ozone/integration-test/target/test-classes/webapps/scm}
2023-03-25 06:06:25,988 [Listener at 0.0.0.0/45177] INFO  server.AbstractConnector (AbstractConnector.java:doStart(333)) - Started ServerConnector@22e253c7{HTTP/1.1, (http/1.1)}{0.0.0.0:43337}
2023-03-25 06:06:25,988 [Listener at 0.0.0.0/45177] INFO  server.Server (Server.java:doStart(415)) - Started @5183ms
2023-03-25 06:06:25,992 [Listener at 0.0.0.0/45177] INFO  impl.MetricsSinkAdapter (MetricsSinkAdapter.java:start(204)) - Sink prometheus started
2023-03-25 06:06:25,992 [Listener at 0.0.0.0/45177] INFO  impl.MetricsSystemImpl (MetricsSystemImpl.java:registerSink(305)) - Registered sink prometheus
2023-03-25 06:06:26,003 [Listener at 0.0.0.0/45177] INFO  http.BaseHttpServer (BaseHttpServer.java:updateConnectorAddress(344)) - HTTP server of scm listening at http://0.0.0.0:43337
2023-03-25 06:06:26,006 [Listener at 0.0.0.0/45177] WARN  server.ServerUtils (ServerUtils.java:getDBPath(225)) - ozone.om.db.dirs is not configured. We recommend adding this setting. Falling back to ozone.metadata.dirs instead.
2023-03-25 06:06:26,103 [Listener at 0.0.0.0/45177] INFO  audit.AuditLogger (AuditLogger.java:refreshDebugCmdSet(126)) - Refresh DebugCmdSet for OMAudit to [].
2023-03-25 06:06:26,180 [Listener at 0.0.0.0/45177] INFO  ha.OMHANodeDetails (OMHANodeDetails.java:loadOMHAConfig(115)) - ozone.om.internal.service.id is not defined, falling back to ozone.om.service.ids to find serviceID for OzoneManager if it is HA enabled cluster
2023-03-25 06:06:26,184 [Listener at 0.0.0.0/45177] INFO  ha.OMHANodeDetails (OMHANodeDetails.java:loadOMHAConfig(226)) - Configuration does not have ozone.om.address set. Falling back to the default OM address /127.0.0.1:0
2023-03-25 06:06:26,184 [Listener at 0.0.0.0/45177] INFO  ha.OMHANodeDetails (OMHANodeDetails.java:getOMNodeDetailsForNonHA(254)) - OM Service ID is not set. Setting it to the default ID: omServiceIdDefault
2023-03-25 06:06:26,184 [Listener at 0.0.0.0/45177] INFO  ha.OMHANodeDetails (OMHANodeDetails.java:getOMNodeDetailsForNonHA(261)) - OM Node ID is not set. Setting it to the default ID: om1
2023-03-25 06:06:26,188 [Listener at 0.0.0.0/45177] WARN  server.ServerUtils (ServerUtils.java:getDBPath(225)) - ozone.om.db.dirs is not configured. We recommend adding this setting. Falling back to ozone.metadata.dirs instead.
2023-03-25 06:06:26,191 [Listener at 0.0.0.0/45177] INFO  upgrade.AbstractLayoutVersionManager (AbstractLayoutVersionManager.java:init(83)) - Initializing Layout version manager with metadata layout = MULTITENANCY_SCHEMA (version = 3), software layout = MULTITENANCY_SCHEMA (version = 3)
2023-03-25 06:06:26,272 [Listener at 0.0.0.0/45177] INFO  reflections.Reflections (Reflections.java:scan(232)) - Reflections took 76 ms to scan 2 urls, producing 168 keys and 466 values [using 2 cores]
2023-03-25 06:06:26,282 [Listener at 0.0.0.0/45177] INFO  upgrade.OMLayoutVersionManager (OMLayoutVersionManager.java:lambda$0(115)) - Skipping Upgrade Action MockOmUpgradeAction since it has been finalized.
2023-03-25 06:06:26,286 [Listener at 0.0.0.0/45177] WARN  server.ServerUtils (ServerUtils.java:getDBPath(225)) - ozone.om.db.dirs is not configured. We recommend adding this setting. Falling back to ozone.metadata.dirs instead.
2023-03-25 06:06:26,449 [Listener at 0.0.0.0/45177] INFO  proxy.SCMBlockLocationFailoverProxyProvider (SCMBlockLocationFailoverProxyProvider.java:<init>(114)) - Created block location fail-over proxy with 1 nodes: [nodeId=scmNodeId,nodeAddress=/0.0.0.0:39183]
2023-03-25 06:06:26,487 [Listener at 0.0.0.0/45177] INFO  proxy.SCMBlockLocationFailoverProxyProvider (SCMBlockLocationFailoverProxyProvider.java:<init>(114)) - Created block location fail-over proxy with 1 nodes: [nodeId=scmNodeId,nodeAddress=/0.0.0.0:39183]
2023-03-25 06:06:26,700 [Listener at 0.0.0.0/45177] INFO  om.OzoneManager (OzoneManager.java:<init>(620)) - OM start with adminUsers: [runner]
2023-03-25 06:06:26,742 [Listener at 0.0.0.0/45177] WARN  server.ServerUtils (ServerUtils.java:getDBPath(225)) - ozone.om.db.dirs is not configured. We recommend adding this setting. Falling back to ozone.metadata.dirs instead.
2023-03-25 06:06:26,752 [Listener at 0.0.0.0/45177] INFO  codec.OmKeyInfoCodec (OmKeyInfoCodec.java:<init>(49)) - OmKeyInfoCodec ignorePipeline = true
2023-03-25 06:06:26,753 [Listener at 0.0.0.0/45177] INFO  codec.RepeatedOmKeyInfoCodec (RepeatedOmKeyInfoCodec.java:<init>(41)) - RepeatedOmKeyInfoCodec ignorePipeline = true
2023-03-25 06:06:27,029 [Listener at 0.0.0.0/45177] INFO  om.OzoneManager (OzoneManager.java:instantiateServices(750)) - S3 Multi-Tenancy is disabled
2023-03-25 06:06:27,063 [Listener at 0.0.0.0/45177] WARN  server.ServerUtils (ServerUtils.java:getDBPath(225)) - ozone.om.snapshot.diff.db.dir is not configured. We recommend adding this setting. Falling back to ozone.metadata.dirs instead.
2023-03-25 06:06:27,170 [Listener at 0.0.0.0/45177] INFO  om.OzoneManager (OzoneManager.java:addS3GVolumeToDB(4226)) - Created Volume s3v With Owner runner required for S3Gateway operations.
2023-03-25 06:06:27,244 [Listener at 0.0.0.0/45177] WARN  server.ServerUtils (ServerUtils.java:getDefaultRatisDirectory(237)) - Storage directory for Ratis is not configured. It is a good idea to map this to an SSD disk. Falling back to ozone.metadata.dirs
2023-03-25 06:06:27,244 [Listener at 0.0.0.0/45177] WARN  utils.OzoneManagerRatisUtils (OzoneManagerRatisUtils.java:getOMRatisSnapshotDirectory(447)) - ozone.om.ratis.snapshot.dir is not configured. Falling back to ozone.metadata.dirs config
2023-03-25 06:06:27,270 [Listener at 0.0.0.0/45177] WARN  server.ServerUtils (ServerUtils.java:getDefaultRatisDirectory(237)) - Storage directory for Ratis is not configured. It is a good idea to map this to an SSD disk. Falling back to ozone.metadata.dirs
2023-03-25 06:06:27,311 [Listener at 0.0.0.0/45177] INFO  ratis.OzoneManagerRatisServer (OzoneManagerRatisServer.java:<init>(163)) - Instantiating OM Ratis server with groupID: omServiceIdDefault and peers: localhost:9872
2023-03-25 06:06:27,321 [Listener at 0.0.0.0/45177] INFO  ratis.OzoneManagerStateMachine (OzoneManagerStateMachine.java:loadSnapshotInfoFromDB(636)) - LastAppliedIndex is set from TransactionInfo from OM DB as (t:0, i:~)
2023-03-25 06:06:27,386 [Listener at 0.0.0.0/45177] INFO  server.RaftServer (ConfUtils.java:logGet(46)) - raft.rpc.type = GRPC (default)
2023-03-25 06:06:27,470 [Listener at 0.0.0.0/45177] INFO  grpc.GrpcConfigKeys (ConfUtils.java:logFallback(53)) - raft.grpc.admin.host = null (fallback to raft.grpc.server.host)
2023-03-25 06:06:27,473 [Listener at 0.0.0.0/45177] INFO  grpc.GrpcConfigKeys (ConfUtils.java:logFallback(53)) - raft.grpc.admin.port = 9872 (fallback to raft.grpc.server.port)
2023-03-25 06:06:27,474 [Listener at 0.0.0.0/45177] INFO  grpc.GrpcConfigKeys (ConfUtils.java:logFallback(53)) - raft.grpc.client.host = null (fallback to raft.grpc.server.host)
2023-03-25 06:06:27,475 [Listener at 0.0.0.0/45177] INFO  grpc.GrpcConfigKeys (ConfUtils.java:logFallback(53)) - raft.grpc.client.port = 9872 (fallback to raft.grpc.server.port)
2023-03-25 06:06:27,476 [Listener at 0.0.0.0/45177] INFO  grpc.GrpcConfigKeys (ConfUtils.java:logGet(46)) - raft.grpc.server.host = null (default)
2023-03-25 06:06:27,477 [Listener at 0.0.0.0/45177] INFO  grpc.GrpcConfigKeys (ConfUtils.java:logGet(46)) - raft.grpc.server.port = 9872 (custom)
2023-03-25 06:06:27,480 [Listener at 0.0.0.0/45177] INFO  server.GrpcService (ConfUtils.java:logGet(46)) - raft.grpc.message.size.max = 33554432 (custom)
2023-03-25 06:06:27,481 [Listener at 0.0.0.0/45177] INFO  server.RaftServerConfigKeys (ConfUtils.java:logGet(46)) - raft.server.log.appender.buffer.byte-limit = 33554432 (custom)
2023-03-25 06:06:27,482 [Listener at 0.0.0.0/45177] INFO  server.GrpcService (ConfUtils.java:logGet(46)) - raft.grpc.flow.control.window = 1MB (=1048576) (default)
2023-03-25 06:06:27,484 [Listener at 0.0.0.0/45177] INFO  server.RaftServerConfigKeys (ConfUtils.java:logGet(46)) - raft.server.rpc.request.timeout = 3000ms (default)
2023-03-25 06:06:27,498 [Listener at 0.0.0.0/45177] INFO  grpc.GrpcConfigKeys (ConfUtils.java:logGet(46)) - raft.grpc.server.heartbeat.channel = true (default)
2023-03-25 06:06:27,503 [Listener at 0.0.0.0/45177] INFO  grpc.GrpcConfigKeys (ConfUtils.java:logGet(46)) - raft.grpc.server.async.request.thread.pool.cached = true (default)
2023-03-25 06:06:27,504 [Listener at 0.0.0.0/45177] INFO  grpc.GrpcConfigKeys (ConfUtils.java:logGet(46)) - raft.grpc.server.async.request.thread.pool.size = 32 (default)
2023-03-25 06:06:27,757 [Listener at 0.0.0.0/45177] INFO  impl.DataStreamServerImpl (ConfUtils.java:logGet(46)) - raft.datastream.type = DISABLED (default)
2023-03-25 06:06:27,760 [Listener at 0.0.0.0/45177] INFO  server.RaftServerConfigKeys (ConfUtils.java:logGet(46)) - raft.server.threadpool.proxy.cached = true (default)
2023-03-25 06:06:27,762 [Listener at 0.0.0.0/45177] INFO  server.RaftServerConfigKeys (ConfUtils.java:logGet(46)) - raft.server.threadpool.proxy.size = 0 (default)
2023-03-25 06:06:27,762 [Listener at 0.0.0.0/45177] INFO  server.RaftServerConfigKeys (ConfUtils.java:logGet(46)) - raft.server.rpc.slowness.timeout = 120s (custom)
2023-03-25 06:06:27,762 [Listener at 0.0.0.0/45177] INFO  server.RaftServerConfigKeys (ConfUtils.java:logGet(46)) - raft.server.leaderelection.leader.step-down.wait-time = 10s (default)
2023-03-25 06:06:27,766 [Listener at 0.0.0.0/45177] INFO  server.RaftServerConfigKeys (ConfUtils.java:logGet(46)) - raft.server.storage.dir = [/home/runner/work/ozone/ozone/hadoop-ozone/integration-test/target/test-dir/MiniOzoneClusterImpl-a610bbfc-ad57-4888-ac65-e976b37cd1f3/ozone-meta/ratis] (custom)
2023-03-25 06:06:27,775 [Listener at 0.0.0.0/45177] INFO  server.RaftServer (RaftServerProxy.java:addNew(96)) - om1: addNew group-C5BA1605619E:[om1|rpc:localhost:9872|priority:0|startupRole:FOLLOWER] returns group-C5BA1605619E:java.util.concurrent.CompletableFuture@e74903f[Not completed]
2023-03-25 06:06:27,776 [Listener at 0.0.0.0/45177] INFO  om.OzoneManager (OzoneManager.java:initializeRatisServer(2097)) - OzoneManager Ratis server initialized at port 9872
2023-03-25 06:06:27,779 [Listener at 0.0.0.0/45177] INFO  om.OzoneManager (OzoneManager.java:getRpcServer(1133)) - Creating RPC Server
2023-03-25 06:06:27,820 [pool-57-thread-1] INFO  server.RaftServer$Division (RaftServerImpl.java:<init>(195)) - om1: new RaftServerImpl for group-C5BA1605619E:[om1|rpc:localhost:9872|priority:0|startupRole:FOLLOWER] with OzoneManagerStateMachine:uninitialized
2023-03-25 06:06:27,826 [pool-57-thread-1] INFO  server.RaftServerConfigKeys (ConfUtils.java:logGet(46)) - raft.server.rpc.timeout.min = 1s (custom)
2023-03-25 06:06:27,827 [pool-57-thread-1] INFO  server.RaftServerConfigKeys (ConfUtils.java:logGet(46)) - raft.server.rpc.timeout.max = 1200ms (custom)
2023-03-25 06:06:27,827 [pool-57-thread-1] INFO  server.RaftServerConfigKeys (ConfUtils.java:logGet(46)) - raft.server.rpc.sleep.time = 25ms (default)
2023-03-25 06:06:27,827 [pool-57-thread-1] INFO  server.RaftServerConfigKeys (ConfUtils.java:logGet(46)) - raft.server.rpc.slowness.timeout = 120s (custom)
2023-03-25 06:06:27,827 [pool-57-thread-1] INFO  server.RaftServerConfigKeys (ConfUtils.java:logGet(46)) - raft.server.leaderelection.leader.step-down.wait-time = 10s (default)
2023-03-25 06:06:27,827 [pool-57-thread-1] INFO  server.RaftServerConfigKeys (ConfUtils.java:logGet(46)) - raft.server.sleep.deviation.threshold = 300ms (default)
2023-03-25 06:06:27,844 [pool-57-thread-1] INFO  server.RaftServer$Division (ServerState.java:<init>(118)) - om1@group-C5BA1605619E: ConfigurationManager, init=-1: peers:[om1|rpc:localhost:9872|priority:0|startupRole:FOLLOWER]|listeners:[], old=null, confs=<EMPTY_MAP>
2023-03-25 06:06:27,844 [pool-57-thread-1] INFO  server.RaftServerConfigKeys (ConfUtils.java:logGet(46)) - raft.server.storage.dir = [/home/runner/work/ozone/ozone/hadoop-ozone/integration-test/target/test-dir/MiniOzoneClusterImpl-a610bbfc-ad57-4888-ac65-e976b37cd1f3/ozone-meta/ratis] (custom)
2023-03-25 06:06:27,860 [pool-57-thread-1] INFO  server.RaftServerConfigKeys (ConfUtils.java:logGet(46)) - raft.server.log.corruption.policy = EXCEPTION (default)
2023-03-25 06:06:27,861 [pool-57-thread-1] INFO  server.RaftServerConfigKeys (ConfUtils.java:logGet(46)) - raft.server.storage.free-space.min = 0MB (=0) (default)
2023-03-25 06:06:27,888 [pool-57-thread-1] INFO  server.RaftServerConfigKeys (ConfUtils.java:logGet(46)) - raft.server.notification.no-leader.timeout = 120s (custom)
2023-03-25 06:06:27,892 [pool-57-thread-1] INFO  server.RaftServerConfigKeys (ConfUtils.java:logGet(46)) - raft.server.retrycache.expirytime = 300s (custom)
2023-03-25 06:06:27,893 [pool-57-thread-1] INFO  server.RaftServerConfigKeys (ConfUtils.java:logGet(46)) - raft.server.retrycache.statistics.expirytime = 100μs (default)
2023-03-25 06:06:28,102 [pool-57-thread-1] INFO  server.RaftServerConfigKeys (ConfUtils.java:logGet(46)) - raft.server.log.appender.install.snapshot.enabled = false (custom)
2023-03-25 06:06:28,102 [pool-57-thread-1] INFO  server.RaftServerConfigKeys (ConfUtils.java:logGet(46)) - raft.server.threadpool.server.cached = true (default)
2023-03-25 06:06:28,103 [pool-57-thread-1] INFO  server.RaftServerConfigKeys (ConfUtils.java:logGet(46)) - raft.server.threadpool.server.size = 0 (default)
2023-03-25 06:06:28,115 [pool-57-thread-1] INFO  server.RaftServerConfigKeys (ConfUtils.java:logGet(46)) - raft.server.threadpool.client.cached = true (default)
2023-03-25 06:06:28,116 [pool-57-thread-1] INFO  server.RaftServerConfigKeys (ConfUtils.java:logGet(46)) - raft.server.threadpool.client.size = 0 (default)
2023-03-25 06:06:28,748 [Listener at 0.0.0.0/45177] INFO  reflections.Reflections (Reflections.java:scan(232)) - Reflections took 863 ms to scan 19 urls, producing 68 keys and 4979 values [using 2 cores]
2023-03-25 06:06:29,142 [Listener at 0.0.0.0/45177] INFO  ipc.CallQueueManager (CallQueueManager.java:<init>(90)) - Using callQueue: class java.util.concurrent.LinkedBlockingQueue, queueCapacity: 2000, scheduler: class org.apache.hadoop.ipc.DefaultRpcScheduler, ipcBackoff: false.
2023-03-25 06:06:29,143 [Socket Reader #1 for port 0] INFO  ipc.Server (Server.java:run(1273)) - Starting Socket Reader #1 for port 0
2023-03-25 06:06:29,193 [Listener at 127.0.0.1/39073] INFO  impl.MetricsSystemImpl (MetricsSystemImpl.java:init(158)) - OzoneManager metrics system started (again)
2023-03-25 06:06:29,219 [Listener at 127.0.0.1/39073] INFO  om.OzoneManager (OzoneManager.java:start(1554)) - OzoneManager RPC server is listening at localhost/127.0.0.1:39073
2023-03-25 06:06:29,219 [Listener at 127.0.0.1/39073] INFO  ratis.OzoneManagerRatisServer (OzoneManagerRatisServer.java:start(558)) - Starting OzoneManagerRatisServer om1 at port 9872
2023-03-25 06:06:29,224 [om1-impl-thread1] INFO  storage.RaftStorageDirectory (RaftStorageDirectoryImpl.java:analyzeStorage(137)) - The storage directory /home/runner/work/ozone/ozone/hadoop-ozone/integration-test/target/test-dir/MiniOzoneClusterImpl-a610bbfc-ad57-4888-ac65-e976b37cd1f3/ozone-meta/ratis/bf265839-605b-3f16-9796-c5ba1605619e does not exist. Creating ...
2023-03-25 06:06:29,230 [om1-impl-thread1] INFO  storage.RaftStorageDirectory (RaftStorageDirectoryImpl.java:tryLock(231)) - Lock on /home/runner/work/ozone/ozone/hadoop-ozone/integration-test/target/test-dir/MiniOzoneClusterImpl-a610bbfc-ad57-4888-ac65-e976b37cd1f3/ozone-meta/ratis/bf265839-605b-3f16-9796-c5ba1605619e/in_use.lock acquired by nodename 22552@fv-az342-96
2023-03-25 06:06:29,237 [om1-impl-thread1] INFO  storage.RaftStorage (RaftStorageImpl.java:format(96)) - Storage directory /home/runner/work/ozone/ozone/hadoop-ozone/integration-test/target/test-dir/MiniOzoneClusterImpl-a610bbfc-ad57-4888-ac65-e976b37cd1f3/ozone-meta/ratis/bf265839-605b-3f16-9796-c5ba1605619e has been successfully formatted.
2023-03-25 06:06:29,240 [om1-impl-thread1] INFO  server.RaftServerConfigKeys (ConfUtils.java:logGet(46)) - raft.server.log.use.memory = false (default)
2023-03-25 06:06:29,249 [om1-impl-thread1] INFO  server.RaftServerConfigKeys (ConfUtils.java:logGet(46)) - raft.server.log.purge.gap = 1000000 (custom)
2023-03-25 06:06:29,249 [om1-impl-thread1] INFO  server.RaftServerConfigKeys (ConfUtils.java:logGet(46)) - raft.server.log.appender.buffer.byte-limit = 33554432 (custom)
2023-03-25 06:06:29,251 [om1-impl-thread1] INFO  server.RaftServerConfigKeys (ConfUtils.java:logGet(46)) - raft.server.log.statemachine.data.read.timeout = 1000ms (default)
2023-03-25 06:06:29,252 [om1-impl-thread1] INFO  server.RaftServerConfigKeys (ConfUtils.java:logGet(46)) - raft.server.log.purge.preservation.log.num = 0 (default)
2023-03-25 06:06:29,255 [om1-impl-thread1] INFO  server.RaftServerConfigKeys (ConfUtils.java:logGet(46)) - raft.server.log.segment.size.max = 4194304 (custom)
2023-03-25 06:06:29,262 [om1-impl-thread1] INFO  server.RaftServerConfigKeys (ConfUtils.java:logGet(46)) - raft.server.log.segment.cache.num.max = 2 (custom)
2023-03-25 06:06:29,263 [om1-impl-thread1] INFO  server.RaftServerConfigKeys (ConfUtils.java:logGet(46)) - raft.server.log.segment.cache.size.max = 200MB (=209715200) (default)
2023-03-25 06:06:29,270 [om1-impl-thread1] INFO  segmented.SegmentedRaftLogWorker (SegmentedRaftLogWorker.java:<init>(189)) - new om1@group-C5BA1605619E-SegmentedRaftLogWorker for RaftStorageImpl:Storage Directory /home/runner/work/ozone/ozone/hadoop-ozone/integration-test/target/test-dir/MiniOzoneClusterImpl-a610bbfc-ad57-4888-ac65-e976b37cd1f3/ozone-meta/ratis/bf265839-605b-3f16-9796-c5ba1605619e
2023-03-25 06:06:29,270 [om1-impl-thread1] INFO  server.RaftServerConfigKeys (ConfUtils.java:logGet(46)) - raft.server.log.queue.byte-limit = 64MB (=67108864) (default)
2023-03-25 06:06:29,271 [om1-impl-thread1] INFO  server.RaftServerConfigKeys (ConfUtils.java:logGet(46)) - raft.server.log.queue.element-limit = 4096 (default)
2023-03-25 06:06:29,272 [om1-impl-thread1] INFO  server.RaftServerConfigKeys (ConfUtils.java:logGet(46)) - raft.server.log.segment.size.max = 4194304 (custom)
2023-03-25 06:06:29,273 [om1-impl-thread1] INFO  server.RaftServerConfigKeys (ConfUtils.java:logGet(46)) - raft.server.log.preallocated.size = 4194304 (custom)
2023-03-25 06:06:29,273 [om1-impl-thread1] INFO  server.RaftServerConfigKeys (ConfUtils.java:logGet(46)) - raft.server.log.force.sync.num = 128 (default)
2023-03-25 06:06:29,274 [om1-impl-thread1] INFO  server.RaftServerConfigKeys (ConfUtils.java:logGet(46)) - raft.server.log.statemachine.data.sync = true (default)
2023-03-25 06:06:29,275 [om1-impl-thread1] INFO  server.RaftServerConfigKeys (ConfUtils.java:logGet(46)) - raft.server.log.statemachine.data.sync.timeout = 10s (default)
2023-03-25 06:06:29,275 [om1-impl-thread1] INFO  server.RaftServerConfigKeys (ConfUtils.java:logGet(46)) - raft.server.log.statemachine.data.sync.timeout.retry = -1 (default)
2023-03-25 06:06:29,288 [om1-impl-thread1] INFO  server.RaftServerConfigKeys (ConfUtils.java:logGet(46)) - raft.server.log.write.buffer.size = 64KB (=65536) (default)
2023-03-25 06:06:29,289 [om1-impl-thread1] INFO  server.RaftServerConfigKeys (ConfUtils.java:logGet(46)) - raft.server.log.appender.buffer.byte-limit = 33554432 (custom)
2023-03-25 06:06:29,296 [om1-impl-thread1] INFO  server.RaftServerConfigKeys (ConfUtils.java:logGet(46)) - raft.server.log.unsafe-flush.enabled = false (default)
2023-03-25 06:06:29,297 [om1-impl-thread1] INFO  server.RaftServerConfigKeys (ConfUtils.java:logGet(46)) - raft.server.log.async-flush.enabled = false (default)
2023-03-25 06:06:29,297 [om1-impl-thread1] INFO  server.RaftServerConfigKeys (ConfUtils.java:logGet(46)) - raft.server.log.statemachine.data.caching.enabled = false (default)
2023-03-25 06:06:29,308 [om1-impl-thread1] INFO  segmented.SegmentedRaftLogWorker (SegmentedRaftLogWorker.java:lambda$new$0(135)) - om1@group-C5BA1605619E-SegmentedRaftLogWorker: flushIndex: setUnconditionally 0 -> -1
2023-03-25 06:06:29,308 [om1-impl-thread1] INFO  segmented.SegmentedRaftLogWorker (SegmentedRaftLogWorker.java:lambda$new$0(135)) - om1@group-C5BA1605619E-SegmentedRaftLogWorker: safeCacheEvictIndex: setUnconditionally 0 -> -1
2023-03-25 06:06:29,310 [om1-impl-thread1] INFO  server.RaftServer$Division (RaftServerImpl.java:start(334)) - om1@group-C5BA1605619E: start as a follower, conf=-1: peers:[om1|rpc:localhost:9872|priority:0|startupRole:FOLLOWER]|listeners:[], old=null
2023-03-25 06:06:29,315 [om1-impl-thread1] INFO  server.RaftServer$Division (RaftServerImpl.java:setRole(321)) - om1@group-C5BA1605619E: changes role from      null to FOLLOWER at term 0 for startAsFollower
2023-03-25 06:06:29,318 [om1-impl-thread1] INFO  impl.RoleInfo (RoleInfo.java:updateAndGet(139)) - om1: start om1@group-C5BA1605619E-FollowerState
2023-03-25 06:06:29,319 [om1@group-C5BA1605619E-FollowerState] INFO  server.RaftServerConfigKeys (ConfUtils.java:logFallback(53)) - raft.server.rpc.first-election.timeout.min = 1s (fallback to raft.server.rpc.timeout.min)
2023-03-25 06:06:29,319 [om1@group-C5BA1605619E-FollowerState] INFO  server.RaftServerConfigKeys (ConfUtils.java:logFallback(53)) - raft.server.rpc.first-election.timeout.max = 1200ms (fallback to raft.server.rpc.timeout.max)
2023-03-25 06:06:29,320 [om1-impl-thread1] INFO  util.JmxRegister (JmxRegister.java:tryRegister(44)) - Successfully registered JMX Bean with object name Ratis:service=RaftServer,group=group-C5BA1605619E,id=om1
2023-03-25 06:06:29,322 [om1-impl-thread1] INFO  server.RaftServerConfigKeys (ConfUtils.java:logGet(46)) - raft.server.snapshot.auto.trigger.enabled = true (custom)
2023-03-25 06:06:29,322 [om1-impl-thread1] INFO  server.RaftServerConfigKeys (ConfUtils.java:logGet(46)) - raft.server.snapshot.auto.trigger.threshold = 400000 (default)
2023-03-25 06:06:29,323 [om1-impl-thread1] INFO  server.RaftServerConfigKeys (ConfUtils.java:logGet(46)) - raft.server.snapshot.retention.file.num = -1 (default)
2023-03-25 06:06:29,323 [om1-impl-thread1] INFO  server.RaftServerConfigKeys (ConfUtils.java:logGet(46)) - raft.server.log.purge.upto.snapshot.index = true (custom)
2023-03-25 06:06:29,328 [Listener at 127.0.0.1/39073] INFO  server.RaftServer (RaftServerProxy.java:startImpl(393)) - om1: start RPC server
2023-03-25 06:06:29,390 [Listener at 127.0.0.1/39073] INFO  server.GrpcService (GrpcService.java:startImpl(262)) - om1: GrpcService started, listening on 9872
2023-03-25 06:06:29,396 [Listener at 127.0.0.1/39073] INFO  om.OzoneManager (OzoneManager.java:start(1570)) - Version File has different layout version (3) than OM DB (null). That is expected if this OM has never been finalized to a newer layout version.
2023-03-25 06:06:29,399 [JvmPauseMonitor0] INFO  util.JvmPauseMonitor (JvmPauseMonitor.java:run(105)) - JvmPauseMonitor-om1: Started
2023-03-25 06:06:29,432 [Listener at 127.0.0.1/39073] INFO  http.BaseHttpServer (BaseHttpServer.java:newHttpServer2BuilderForOzone(224)) - Starting Web-server for ozoneManager at: http://0.0.0.0:0
2023-03-25 06:06:29,432 [Listener at 127.0.0.1/39073] INFO  http.BaseHttpServer (BaseHttpServer.java:<init>(111)) - Hadoop Security Enabled: false Ozone Security Enabled: false Ozone HTTP Security Enabled: false 
2023-03-25 06:06:29,434 [Listener at 127.0.0.1/39073] WARN  server.AuthenticationFilter (AuthenticationFilter.java:constructSecretProvider(240)) - Unable to initialize FileSignerSecretProvider, falling back to use random secrets. Reason: Could not read signature secret file: /home/runner/hadoop-http-auth-signature-secret
2023-03-25 06:06:29,440 [Listener at 127.0.0.1/39073] WARN  http.HttpRequestLog (HttpRequestLog.java:getRequestLog(103)) - Jetty request log can only be enabled using Log4j
2023-03-25 06:06:29,443 [Listener at 127.0.0.1/39073] INFO  http.HttpServer2 (HttpServer2.java:addGlobalFilter(1031)) - Added global filter 'safety' (class=org.apache.hadoop.hdds.server.http.HttpServer2$QuotingInputFilter)
2023-03-25 06:06:29,444 [Listener at 127.0.0.1/39073] INFO  http.HttpServer2 (HttpServer2.java:addFilter(1007)) - Added filter static_user_filter (class=org.apache.hadoop.http.lib.StaticUserWebFilter$StaticUserFilter) to context ozoneManager
2023-03-25 06:06:29,444 [Listener at 127.0.0.1/39073] INFO  http.HttpServer2 (HttpServer2.java:addFilter(1015)) - Added filter static_user_filter (class=org.apache.hadoop.http.lib.StaticUserWebFilter$StaticUserFilter) to context logs
2023-03-25 06:06:29,444 [Listener at 127.0.0.1/39073] INFO  http.HttpServer2 (HttpServer2.java:addFilter(1015)) - Added filter static_user_filter (class=org.apache.hadoop.http.lib.StaticUserWebFilter$StaticUserFilter) to context static
2023-03-25 06:06:29,446 [Listener at 127.0.0.1/39073] INFO  http.BaseHttpServer (BaseHttpServer.java:<init>(190)) - HTTP server of ozoneManager uses base directory /home/runner/work/ozone/ozone/hadoop-ozone/integration-test/target/test-dir/MiniOzoneClusterImpl-a610bbfc-ad57-4888-ac65-e976b37cd1f3/ozone-meta/webserver
2023-03-25 06:06:29,447 [Listener at 127.0.0.1/39073] INFO  http.HttpServer2 (HttpServer2.java:bindListener(1250)) - Jetty bound to port 37007
2023-03-25 06:06:29,448 [Listener at 127.0.0.1/39073] INFO  server.Server (Server.java:doStart(375)) - jetty-9.4.49.v20220914; built: 2022-09-14T01:07:36.601Z; git: 4231a3b2e4cb8548a412a789936d640a97b1aa0a; jvm 1.8.0_362-b09
2023-03-25 06:06:29,452 [Listener at 127.0.0.1/39073] INFO  server.session (DefaultSessionIdManager.java:doStart(334)) - DefaultSessionIdManager workerName=node0
2023-03-25 06:06:29,452 [Listener at 127.0.0.1/39073] INFO  server.session (DefaultSessionIdManager.java:doStart(339)) - No SessionScavenger set, using defaults
2023-03-25 06:06:29,452 [Listener at 127.0.0.1/39073] INFO  server.session (HouseKeeper.java:startScavenging(132)) - node0 Scavenging every 660000ms
2023-03-25 06:06:29,453 [Listener at 127.0.0.1/39073] INFO  handler.ContextHandler (ContextHandler.java:doStart(921)) - Started o.e.j.s.ServletContextHandler@21dc5e0b{logs,/logs,file:///home/runner/work/ozone/ozone/hadoop-ozone/integration-test/target/log,AVAILABLE}
2023-03-25 06:06:29,455 [Listener at 127.0.0.1/39073] INFO  handler.ContextHandler (ContextHandler.java:doStart(921)) - Started o.e.j.s.ServletContextHandler@79a4865e{static,/static,file:///home/runner/work/ozone/ozone/hadoop-ozone/integration-test/target/test-classes/webapps/static,AVAILABLE}
2023-03-25 06:06:29,465 [Listener at 127.0.0.1/39073] INFO  handler.ContextHandler (ContextHandler.java:doStart(921)) - Started o.e.j.w.WebAppContext@6700ec4e{ozoneManager,/,file:///home/runner/work/ozone/ozone/hadoop-ozone/integration-test/target/test-classes/webapps/ozoneManager/,AVAILABLE}{file:/home/runner/work/ozone/ozone/hadoop-ozone/integration-test/target/test-classes/webapps/ozoneManager}
2023-03-25 06:06:29,469 [Listener at 127.0.0.1/39073] INFO  server.AbstractConnector (AbstractConnector.java:doStart(333)) - Started ServerConnector@3dbf2603{HTTP/1.1, (http/1.1)}{0.0.0.0:37007}
2023-03-25 06:06:29,469 [Listener at 127.0.0.1/39073] INFO  server.Server (Server.java:doStart(415)) - Started @8664ms
2023-03-25 06:06:29,469 [Listener at 127.0.0.1/39073] WARN  impl.MetricsSystemImpl (MetricsSystemImpl.java:register(279)) - Sink prometheus already exists!
2023-03-25 06:06:29,470 [Listener at 127.0.0.1/39073] INFO  http.BaseHttpServer (BaseHttpServer.java:updateConnectorAddress(344)) - HTTP server of ozoneManager listening at http://0.0.0.0:37007
2023-03-25 06:06:29,470 [IPC Server Responder] INFO  ipc.Server (Server.java:run(1512)) - IPC Server Responder: starting
2023-03-25 06:06:29,472 [IPC Server listener on 0] INFO  ipc.Server (Server.java:run(1352)) - IPC Server listener on 0: starting
2023-03-25 06:06:29,477 [Listener at 127.0.0.1/39073] INFO  om.OzoneManager (OzoneManager.java:startTrashEmptier(2041)) - Trash Interval set to 0. Files deleted won't move to trash
2023-03-25 06:06:29,486 [org.apache.hadoop.util.JvmPauseMonitor$Monitor@69597fb3] INFO  util.JvmPauseMonitor (JvmPauseMonitor.java:run(188)) - Starting JVM pause monitor
2023-03-25 06:06:29,649 [Listener at 127.0.0.1/39073] WARN  impl.MetricRegistriesImpl (MetricRegistriesImpl.java:addReporterRegistration(111)) - New reporters are added after registries were created. Some metrics will be missing from the reporter. Please add reporter before adding any new registry.
2023-03-25 06:06:29,649 [Listener at 127.0.0.1/39073] WARN  impl.MetricRegistriesImpl (MetricRegistriesImpl.java:addReporterRegistration(111)) - New reporters are added after registries were created. Some metrics will be missing from the reporter. Please add reporter before adding any new registry.
2023-03-25 06:06:29,649 [Listener at 127.0.0.1/39073] INFO  impl.MetricsSystemImpl (MetricsSystemImpl.java:init(158)) - HddsDatanode metrics system started (again)
2023-03-25 06:06:29,670 [Listener at 127.0.0.1/39073] INFO  ozone.HddsDatanodeService (HddsDatanodeService.java:start(249)) - HddsDatanodeService host:fv-az342-96.ten1ctqyofdufjlm0zzjrrfxse.dx.internal.cloudapp.net ip:10.1.0.6
2023-03-25 06:06:29,712 [Listener at 127.0.0.1/39073] INFO  upgrade.AbstractLayoutVersionManager (AbstractLayoutVersionManager.java:init(83)) - Initializing Layout version manager with metadata layout = DATANODE_SCHEMA_V3 (version = 4), software layout = DATANODE_SCHEMA_V3 (version = 4)
2023-03-25 06:06:29,776 [Listener at 127.0.0.1/39073] INFO  reflections.Reflections (Reflections.java:scan(232)) - Reflections took 62 ms to scan 7 urls, producing 155 keys and 368 values 
2023-03-25 06:06:29,781 [Listener at 127.0.0.1/39073] INFO  statemachine.DatanodeStateMachine (DatanodeStateMachine.java:getEndPointTaskThreadPoolSize(260)) - Datanode State Machine Task Thread Pool size 2
2023-03-25 06:06:29,851 [Listener at 127.0.0.1/39073] INFO  volume.HddsVolume (HddsVolume.java:<init>(130)) - Creating HddsVolume: /home/runner/work/ozone/ozone/hadoop-ozone/integration-test/target/test-dir/MiniOzoneClusterImpl-a610bbfc-ad57-4888-ac65-e976b37cd1f3/datanode-0/data-0/containers/hdds of storage type : DISK capacity : 9223372036854775807
2023-03-25 06:06:29,854 [Listener at 127.0.0.1/39073] INFO  volume.MutableVolumeSet (MutableVolumeSet.java:initializeVolumeSet(175)) - Added Volume : /home/runner/work/ozone/ozone/hadoop-ozone/integration-test/target/test-dir/MiniOzoneClusterImpl-a610bbfc-ad57-4888-ac65-e976b37cd1f3/datanode-0/data-0/containers/hdds to VolumeSet
2023-03-25 06:06:29,856 [Listener at 127.0.0.1/39073] INFO  volume.ThrottledAsyncChecker (ThrottledAsyncChecker.java:schedule(141)) - Scheduling a check for /home/runner/work/ozone/ozone/hadoop-ozone/integration-test/target/test-dir/MiniOzoneClusterImpl-a610bbfc-ad57-4888-ac65-e976b37cd1f3/datanode-0/data-0/containers/hdds
2023-03-25 06:06:29,880 [Listener at 127.0.0.1/39073] INFO  volume.StorageVolumeChecker (StorageVolumeChecker.java:checkAllVolumes(202)) - Scheduled health check for volume /home/runner/work/ozone/ozone/hadoop-ozone/integration-test/target/test-dir/MiniOzoneClusterImpl-a610bbfc-ad57-4888-ac65-e976b37cd1f3/datanode-0/data-0/containers/hdds
2023-03-25 06:06:29,900 [Listener at 127.0.0.1/39073] INFO  volume.MutableVolumeSet (MutableVolumeSet.java:initializeVolumeSet(175)) - Added Volume : /home/runner/work/ozone/ozone/hadoop-ozone/integration-test/target/test-dir/MiniOzoneClusterImpl-a610bbfc-ad57-4888-ac65-e976b37cd1f3/datanode-0/data/ratis to VolumeSet
2023-03-25 06:06:29,900 [Listener at 127.0.0.1/39073] INFO  volume.ThrottledAsyncChecker (ThrottledAsyncChecker.java:schedule(141)) - Scheduling a check for /home/runner/work/ozone/ozone/hadoop-ozone/integration-test/target/test-dir/MiniOzoneClusterImpl-a610bbfc-ad57-4888-ac65-e976b37cd1f3/datanode-0/data/ratis
2023-03-25 06:06:29,900 [Listener at 127.0.0.1/39073] INFO  volume.StorageVolumeChecker (StorageVolumeChecker.java:checkAllVolumes(202)) - Scheduled health check for volume /home/runner/work/ozone/ozone/hadoop-ozone/integration-test/target/test-dir/MiniOzoneClusterImpl-a610bbfc-ad57-4888-ac65-e976b37cd1f3/datanode-0/data/ratis
2023-03-25 06:06:29,928 [Thread-137] INFO  ozoneimpl.ContainerReader (ContainerReader.java:readVolume(175)) - Finish verifying containers on volume /home/runner/work/ozone/ozone/hadoop-ozone/integration-test/target/test-dir/MiniOzoneClusterImpl-a610bbfc-ad57-4888-ac65-e976b37cd1f3/datanode-0/data-0/containers/hdds
2023-03-25 06:06:29,928 [Listener at 127.0.0.1/39073] INFO  ozoneimpl.OzoneContainer (OzoneContainer.java:buildContainerSet(307)) - Build ContainerSet costs 0s
2023-03-25 06:06:29,981 [Listener at 127.0.0.1/39073] INFO  audit.AuditLogger (AuditLogger.java:refreshDebugCmdSet(126)) - Refresh DebugCmdSet for DNAudit to [].
2023-03-25 06:06:30,018 [Listener at 127.0.0.1/39073] INFO  server.RaftServer (ConfUtils.java:logGet(46)) - raft.rpc.type = GRPC (default)
2023-03-25 06:06:30,018 [Listener at 127.0.0.1/39073] INFO  grpc.GrpcConfigKeys (ConfUtils.java:logFallback(53)) - raft.grpc.admin.host = null (fallback to raft.grpc.server.host)
2023-03-25 06:06:30,018 [Listener at 127.0.0.1/39073] INFO  grpc.GrpcConfigKeys (ConfUtils.java:logGet(46)) - raft.grpc.admin.port = 0 (custom)
2023-03-25 06:06:30,019 [Listener at 127.0.0.1/39073] INFO  grpc.GrpcConfigKeys (ConfUtils.java:logFallback(53)) - raft.grpc.client.host = null (fallback to raft.grpc.server.host)
2023-03-25 06:06:30,019 [Listener at 127.0.0.1/39073] INFO  grpc.GrpcConfigKeys (ConfUtils.java:logGet(46)) - raft.grpc.client.port = 0 (custom)
2023-03-25 06:06:30,019 [Listener at 127.0.0.1/39073] INFO  grpc.GrpcConfigKeys (ConfUtils.java:logGet(46)) - raft.grpc.server.host = null (default)
2023-03-25 06:06:30,019 [Listener at 127.0.0.1/39073] INFO  grpc.GrpcConfigKeys (ConfUtils.java:logGet(46)) - raft.grpc.server.port = 0 (default)
2023-03-25 06:06:30,020 [Listener at 127.0.0.1/39073] INFO  server.GrpcService (ConfUtils.java:logGet(46)) - raft.grpc.message.size.max = 32MB (=33554432) (custom)
2023-03-25 06:06:30,020 [Listener at 127.0.0.1/39073] INFO  server.RaftServerConfigKeys (ConfUtils.java:logGet(46)) - raft.server.log.appender.buffer.byte-limit = 33554432 (custom)
2023-03-25 06:06:30,020 [Listener at 127.0.0.1/39073] INFO  server.GrpcService (ConfUtils.java:logGet(46)) - raft.grpc.flow.control.window = 5MB (=5242880) (custom)
2023-03-25 06:06:30,020 [Listener at 127.0.0.1/39073] INFO  server.RaftServerConfigKeys (ConfUtils.java:logGet(46)) - raft.server.rpc.request.timeout = 60s (custom)
2023-03-25 06:06:30,021 [Listener at 127.0.0.1/39073] INFO  grpc.GrpcConfigKeys (ConfUtils.java:logGet(46)) - raft.grpc.server.heartbeat.channel = true (default)
2023-03-25 06:06:30,021 [Listener at 127.0.0.1/39073] INFO  grpc.GrpcConfigKeys (ConfUtils.java:logGet(46)) - raft.grpc.server.async.request.thread.pool.cached = true (default)
2023-03-25 06:06:30,021 [Listener at 127.0.0.1/39073] INFO  grpc.GrpcConfigKeys (ConfUtils.java:logGet(46)) - raft.grpc.server.async.request.thread.pool.size = 32 (default)
2023-03-25 06:06:30,023 [Listener at 127.0.0.1/39073] INFO  impl.DataStreamServerImpl (ConfUtils.java:logGet(46)) - raft.datastream.type = NETTY (custom)
2023-03-25 06:06:30,033 [Listener at 127.0.0.1/39073] INFO  server.RaftServerConfigKeys (ConfUtils.java:logGet(46)) - raft.server.data-stream.async.request.thread.pool.cached = false (default)
2023-03-25 06:06:30,034 [Listener at 127.0.0.1/39073] INFO  server.RaftServerConfigKeys (ConfUtils.java:logGet(46)) - raft.server.data-stream.async.request.thread.pool.size = 20 (custom)
2023-03-25 06:06:30,035 [Listener at 127.0.0.1/39073] INFO  server.RaftServerConfigKeys (ConfUtils.java:logGet(46)) - raft.server.data-stream.async.write.thread.pool.size = 16 (default)
2023-03-25 06:06:30,036 [Listener at 127.0.0.1/39073] INFO  server.RaftServerConfigKeys (ConfUtils.java:logGet(46)) - raft.server.data-stream.client.pool.size = 10 (default)
2023-03-25 06:06:30,039 [Listener at 127.0.0.1/39073] INFO  netty.NettyConfigKeys$DataStream (ConfUtils.java:logGet(46)) - raft.netty.dataStream.server.use-epoll = false (default)
2023-03-25 06:06:30,040 [Listener at 127.0.0.1/39073] INFO  netty.NettyConfigKeys$DataStream (ConfUtils.java:logGet(46)) - raft.netty.dataStream.server.boss-group.size = 0 (default)
2023-03-25 06:06:30,047 [Listener at 127.0.0.1/39073] INFO  netty.NettyConfigKeys$DataStream (ConfUtils.java:logGet(46)) - raft.netty.dataStream.server.worker-group.size = 0 (default)
2023-03-25 06:06:30,049 [Listener at 127.0.0.1/39073] INFO  netty.NettyConfigKeys$DataStream (ConfUtils.java:logGet(46)) - raft.netty.dataStream.server.tls.conf = null (default)
2023-03-25 06:06:30,050 [Listener at 127.0.0.1/39073] INFO  netty.NettyConfigKeys$DataStream (ConfUtils.java:logGet(46)) - raft.netty.dataStream.host = null (default)
2023-03-25 06:06:30,051 [Listener at 127.0.0.1/39073] INFO  netty.NettyConfigKeys$DataStream (ConfUtils.java:logGet(46)) - raft.netty.dataStream.port = 0 (default)
2023-03-25 06:06:30,062 [Listener at 127.0.0.1/39073] INFO  server.RaftServerConfigKeys (ConfUtils.java:logGet(46)) - raft.server.threadpool.proxy.cached = true (default)
2023-03-25 06:06:30,063 [Listener at 127.0.0.1/39073] INFO  server.RaftServerConfigKeys (ConfUtils.java:logGet(46)) - raft.server.threadpool.proxy.size = 0 (default)
2023-03-25 06:06:30,063 [Listener at 127.0.0.1/39073] INFO  server.RaftServerConfigKeys (ConfUtils.java:logGet(46)) - raft.server.rpc.slowness.timeout = 300s (custom)
2023-03-25 06:06:30,063 [Listener at 127.0.0.1/39073] INFO  server.RaftServerConfigKeys (ConfUtils.java:logGet(46)) - raft.server.leaderelection.leader.step-down.wait-time = 10s (default)
2023-03-25 06:06:30,064 [Listener at 127.0.0.1/39073] INFO  server.RaftServerConfigKeys (ConfUtils.java:logGet(46)) - raft.server.storage.dir = [/home/runner/work/ozone/ozone/hadoop-ozone/integration-test/target/test-dir/MiniOzoneClusterImpl-a610bbfc-ad57-4888-ac65-e976b37cd1f3/datanode-0/data/ratis] (custom)
2023-03-25 06:06:30,087 [f6b1a8fb-84e0-4eb5-ac02-8b85f50e4e44-NettyServerStreamRpc-bossGroup--thread1] INFO  logging.LoggingHandler (AbstractInternalLogger.java:log(148)) - [id: 0x21495118] REGISTERED
2023-03-25 06:06:30,088 [f6b1a8fb-84e0-4eb5-ac02-8b85f50e4e44-NettyServerStreamRpc-bossGroup--thread1] INFO  logging.LoggingHandler (AbstractInternalLogger.java:log(148)) - [id: 0x21495118] BIND: 0.0.0.0/0.0.0.0:0
2023-03-25 06:06:30,089 [f6b1a8fb-84e0-4eb5-ac02-8b85f50e4e44-NettyServerStreamRpc-bossGroup--thread1] INFO  logging.LoggingHandler (AbstractInternalLogger.java:log(148)) - [id: 0x21495118, L:/0:0:0:0:0:0:0:0:38061] ACTIVE
2023-03-25 06:06:30,100 [Listener at 127.0.0.1/39073] INFO  server.XceiverServerGrpc (XceiverServerGrpc.java:<init>(132)) - GrpcServer channel type EpollServerSocketChannel
2023-03-25 06:06:30,184 [Listener at 127.0.0.1/39073] INFO  http.BaseHttpServer (BaseHttpServer.java:newHttpServer2BuilderForOzone(224)) - Starting Web-server for hddsDatanode at: http://0.0.0.0:0
2023-03-25 06:06:30,184 [Listener at 127.0.0.1/39073] INFO  http.BaseHttpServer (BaseHttpServer.java:<init>(111)) - Hadoop Security Enabled: false Ozone Security Enabled: false Ozone HTTP Security Enabled: false 
2023-03-25 06:06:30,186 [Listener at 127.0.0.1/39073] WARN  server.AuthenticationFilter (AuthenticationFilter.java:constructSecretProvider(240)) - Unable to initialize FileSignerSecretProvider, falling back to use random secrets. Reason: Could not read signature secret file: /home/runner/hadoop-http-auth-signature-secret
2023-03-25 06:06:30,187 [Listener at 127.0.0.1/39073] WARN  http.HttpRequestLog (HttpRequestLog.java:getRequestLog(103)) - Jetty request log can only be enabled using Log4j
2023-03-25 06:06:30,190 [Listener at 127.0.0.1/39073] INFO  http.HttpServer2 (HttpServer2.java:addGlobalFilter(1031)) - Added global filter 'safety' (class=org.apache.hadoop.hdds.server.http.HttpServer2$QuotingInputFilter)
2023-03-25 06:06:30,191 [Listener at 127.0.0.1/39073] INFO  http.HttpServer2 (HttpServer2.java:addFilter(1007)) - Added filter static_user_filter (class=org.apache.hadoop.http.lib.StaticUserWebFilter$StaticUserFilter) to context hddsDatanode
2023-03-25 06:06:30,191 [Listener at 127.0.0.1/39073] INFO  http.HttpServer2 (HttpServer2.java:addFilter(1015)) - Added filter static_user_filter (class=org.apache.hadoop.http.lib.StaticUserWebFilter$StaticUserFilter) to context static
2023-03-25 06:06:30,191 [Listener at 127.0.0.1/39073] INFO  http.HttpServer2 (HttpServer2.java:addFilter(1015)) - Added filter static_user_filter (class=org.apache.hadoop.http.lib.StaticUserWebFilter$StaticUserFilter) to context logs
2023-03-25 06:06:30,193 [Listener at 127.0.0.1/39073] INFO  http.BaseHttpServer (BaseHttpServer.java:<init>(190)) - HTTP server of hddsDatanode uses base directory /home/runner/work/ozone/ozone/hadoop-ozone/integration-test/target/test-dir/MiniOzoneClusterImpl-a610bbfc-ad57-4888-ac65-e976b37cd1f3/datanode-0/meta/webserver
2023-03-25 06:06:30,193 [Listener at 127.0.0.1/39073] INFO  http.HttpServer2 (HttpServer2.java:bindListener(1250)) - Jetty bound to port 44523
2023-03-25 06:06:30,193 [Listener at 127.0.0.1/39073] INFO  server.Server (Server.java:doStart(375)) - jetty-9.4.49.v20220914; built: 2022-09-14T01:07:36.601Z; git: 4231a3b2e4cb8548a412a789936d640a97b1aa0a; jvm 1.8.0_362-b09
2023-03-25 06:06:30,200 [Listener at 127.0.0.1/39073] INFO  server.session (DefaultSessionIdManager.java:doStart(334)) - DefaultSessionIdManager workerName=node0
2023-03-25 06:06:30,200 [Listener at 127.0.0.1/39073] INFO  server.session (DefaultSessionIdManager.java:doStart(339)) - No SessionScavenger set, using defaults
2023-03-25 06:06:30,200 [Listener at 127.0.0.1/39073] INFO  server.session (HouseKeeper.java:startScavenging(132)) - node0 Scavenging every 660000ms
2023-03-25 06:06:30,201 [Listener at 127.0.0.1/39073] INFO  handler.ContextHandler (ContextHandler.java:doStart(921)) - Started o.e.j.s.ServletContextHandler@6a4d03d5{logs,/logs,file:///home/runner/work/ozone/ozone/hadoop-ozone/integration-test/target/log,AVAILABLE}
2023-03-25 06:06:30,202 [Listener at 127.0.0.1/39073] INFO  handler.ContextHandler (ContextHandler.java:doStart(921)) - Started o.e.j.s.ServletContextHandler@4aaefbce{static,/static,jar:file:/home/runner/.m2/repository/org/apache/ozone/hdds-container-service/1.4.0-SNAPSHOT/hdds-container-service-1.4.0-SNAPSHOT.jar!/webapps/static,AVAILABLE}
2023-03-25 06:06:30,461 [om1@group-C5BA1605619E-FollowerState] INFO  impl.FollowerState (FollowerState.java:run(143)) - om1@group-C5BA1605619E-FollowerState: change to CANDIDATE, lastRpcElapsedTime:1143482634ns, electionTimeout:1141ms
2023-03-25 06:06:30,462 [om1@group-C5BA1605619E-FollowerState] INFO  impl.RoleInfo (RoleInfo.java:shutdownFollowerState(110)) - om1: shutdown om1@group-C5BA1605619E-FollowerState
2023-03-25 06:06:30,463 [om1@group-C5BA1605619E-FollowerState] INFO  server.RaftServer$Division (RaftServerImpl.java:setRole(321)) - om1@group-C5BA1605619E: changes role from  FOLLOWER to CANDIDATE at term 0 for changeToCandidate
2023-03-25 06:06:30,464 [Listener at 127.0.0.1/39073] INFO  handler.ContextHandler (ContextHandler.java:doStart(921)) - Started o.e.j.w.WebAppContext@40c253bd{hddsDatanode,/,file:///home/runner/work/ozone/ozone/hadoop-ozone/integration-test/target/test-dir/MiniOzoneClusterImpl-a610bbfc-ad57-4888-ac65-e976b37cd1f3/datanode-0/meta/webserver/jetty-0_0_0_0-44523-hdds-container-service-1_4_0-SNAPSHOT_jar-_-any-6216654754260981291/webapp/,AVAILABLE}{jar:file:/home/runner/.m2/repository/org/apache/ozone/hdds-container-service/1.4.0-SNAPSHOT/hdds-container-service-1.4.0-SNAPSHOT.jar!/webapps/hddsDatanode}
2023-03-25 06:06:30,467 [om1@group-C5BA1605619E-FollowerState] INFO  server.RaftServerConfigKeys (ConfUtils.java:logGet(46)) - raft.server.leaderelection.pre-vote = true (default)
2023-03-25 06:06:30,467 [om1@group-C5BA1605619E-FollowerState] INFO  impl.RoleInfo (RoleInfo.java:updateAndGet(139)) - om1: start om1@group-C5BA1605619E-LeaderElection1
2023-03-25 06:06:30,472 [Listener at 127.0.0.1/39073] INFO  server.AbstractConnector (AbstractConnector.java:doStart(333)) - Started ServerConnector@787c4ed3{HTTP/1.1, (http/1.1)}{0.0.0.0:44523}
2023-03-25 06:06:30,473 [Listener at 127.0.0.1/39073] INFO  server.Server (Server.java:doStart(415)) - Started @9668ms
2023-03-25 06:06:30,473 [Listener at 127.0.0.1/39073] WARN  impl.MetricsSystemImpl (MetricsSystemImpl.java:register(279)) - Sink prometheus already exists!
2023-03-25 06:06:30,474 [Listener at 127.0.0.1/39073] INFO  http.BaseHttpServer (BaseHttpServer.java:updateConnectorAddress(344)) - HTTP server of hddsDatanode listening at http://0.0.0.0:44523
2023-03-25 06:06:30,477 [Listener at 127.0.0.1/39073] WARN  impl.MetricRegistriesImpl (MetricRegistriesImpl.java:addReporterRegistration(111)) - New reporters are added after registries were created. Some metrics will be missing from the reporter. Please add reporter before adding any new registry.
2023-03-25 06:06:30,477 [Listener at 127.0.0.1/39073] WARN  impl.MetricRegistriesImpl (MetricRegistriesImpl.java:addReporterRegistration(111)) - New reporters are added after registries were created. Some metrics will be missing from the reporter. Please add reporter before adding any new registry.
2023-03-25 06:06:30,477 [Listener at 127.0.0.1/39073] INFO  impl.MetricsSystemImpl (MetricsSystemImpl.java:init(158)) - HddsDatanode metrics system started (again)
2023-03-25 06:06:30,484 [om1@group-C5BA1605619E-LeaderElection1] INFO  impl.LeaderElection (LeaderElection.java:askForVotes(312)) - om1@group-C5BA1605619E-LeaderElection1 PRE_VOTE round 0: submit vote requests at term 0 for -1: peers:[om1|rpc:localhost:9872|priority:0|startupRole:FOLLOWER]|listeners:[], old=null
2023-03-25 06:06:30,485 [om1@group-C5BA1605619E-LeaderElection1] INFO  impl.LeaderElection (LeaderElection.java:askForVotes(314)) - om1@group-C5BA1605619E-LeaderElection1 PRE_VOTE round 0: result PASSED (term=0)
2023-03-25 06:06:30,485 [Datanode State Machine Daemon Thread] INFO  statemachine.DatanodeStateMachine (DatanodeStateMachine.java:lambda$startDaemon$0(517)) - Ozone container server started.
2023-03-25 06:06:30,496 [om1@group-C5BA1605619E-LeaderElection1] INFO  impl.LeaderElection (LeaderElection.java:askForVotes(312)) - om1@group-C5BA1605619E-LeaderElection1 ELECTION round 0: submit vote requests at term 1 for -1: peers:[om1|rpc:localhost:9872|priority:0|startupRole:FOLLOWER]|listeners:[], old=null
2023-03-25 06:06:30,497 [om1@group-C5BA1605619E-LeaderElection1] INFO  impl.LeaderElection (LeaderElection.java:askForVotes(314)) - om1@group-C5BA1605619E-LeaderElection1 ELECTION round 0: result PASSED (term=1)
2023-03-25 06:06:30,497 [om1@group-C5BA1605619E-LeaderElection1] INFO  impl.RoleInfo (RoleInfo.java:shutdownLeaderElection(130)) - om1: shutdown om1@group-C5BA1605619E-LeaderElection1
2023-03-25 06:06:30,497 [om1@group-C5BA1605619E-LeaderElection1] INFO  server.RaftServer$Division (RaftServerImpl.java:setRole(321)) - om1@group-C5BA1605619E: changes role from CANDIDATE to LEADER at term 1 for changeToLeader
2023-03-25 06:06:30,504 [Listener at 127.0.0.1/39073] INFO  ozone.HddsDatanodeService (HddsDatanodeService.java:start(249)) - HddsDatanodeService host:fv-az342-96.ten1ctqyofdufjlm0zzjrrfxse.dx.internal.cloudapp.net ip:10.1.0.6
2023-03-25 06:06:30,507 [om1@group-C5BA1605619E-LeaderElection1] INFO  server.RaftServer$Division (ServerState.java:setLeader(313)) - om1@group-C5BA1605619E: change Leader from null to om1 at term 1 for becomeLeader, leader elected after 2618ms
2023-03-25 06:06:30,529 [om1@group-C5BA1605619E-LeaderElection1] INFO  server.RaftServerConfigKeys (ConfUtils.java:logGet(46)) - raft.server.staging.catchup.gap = 1000 (default)
2023-03-25 06:06:30,539 [org.apache.hadoop.util.JvmPauseMonitor$Monitor@7fe65009] INFO  util.JvmPauseMonitor (JvmPauseMonitor.java:run(188)) - Starting JVM pause monitor
2023-03-25 06:06:30,545 [om1@group-C5BA1605619E-LeaderElection1] INFO  server.RaftServerConfigKeys (ConfUtils.java:logGet(46)) - raft.server.write.element-limit = 4096 (default)
2023-03-25 06:06:30,547 [om1@group-C5BA1605619E-LeaderElection1] INFO  server.RaftServerConfigKeys (ConfUtils.java:logGet(46)) - raft.server.write.byte-limit = 64MB (=67108864) (default)
2023-03-25 06:06:30,553 [Listener at 127.0.0.1/39073] INFO  upgrade.AbstractLayoutVersionManager (AbstractLayoutVersionManager.java:init(83)) - Initializing Layout version manager with metadata layout = DATANODE_SCHEMA_V3 (version = 4), software layout = DATANODE_SCHEMA_V3 (version = 4)
2023-03-25 06:06:30,563 [om1@group-C5BA1605619E-LeaderElection1] INFO  server.RaftServerConfigKeys (ConfUtils.java:logGet(46)) - raft.server.watch.timeout = 10s (default)
2023-03-25 06:06:30,563 [om1@group-C5BA1605619E-LeaderElection1] INFO  server.RaftServerConfigKeys (ConfUtils.java:logGet(46)) - raft.server.watch.timeout.denomination = 1s (default)
2023-03-25 06:06:30,564 [om1@group-C5BA1605619E-LeaderElection1] INFO  server.RaftServerConfigKeys (ConfUtils.java:logGet(46)) - raft.server.watch.element-limit = 65536 (default)
2023-03-25 06:06:30,573 [om1@group-C5BA1605619E-LeaderElection1] INFO  server.RaftServerConfigKeys (ConfUtils.java:logGet(46)) - raft.server.write.element-limit = 4096 (default)
2023-03-25 06:06:30,580 [om1@group-C5BA1605619E-LeaderElection1] INFO  server.RaftServerConfigKeys (ConfUtils.java:logGet(46)) - raft.server.write.follower.gap.ratio.max = -1.0 (default)
2023-03-25 06:06:30,590 [om1@group-C5BA1605619E-LeaderElection1] INFO  impl.RoleInfo (RoleInfo.java:updateAndGet(139)) - om1: start om1@group-C5BA1605619E-LeaderStateImpl
2023-03-25 06:06:30,650 [om1@group-C5BA1605619E-LeaderElection1] INFO  segmented.SegmentedRaftLogWorker (SegmentedRaftLogWorker.java:startLogSegment(452)) - om1@group-C5BA1605619E-SegmentedRaftLogWorker: Starting segment from index:0
2023-03-25 06:06:30,714 [Listener at 127.0.0.1/39073] INFO  reflections.Reflections (Reflections.java:scan(232)) - Reflections took 159 ms to scan 7 urls, producing 155 keys and 368 values 
2023-03-25 06:06:30,720 [Listener at 127.0.0.1/39073] INFO  statemachine.DatanodeStateMachine (DatanodeStateMachine.java:getEndPointTaskThreadPoolSize(260)) - Datanode State Machine Task Thread Pool size 2
2023-03-25 06:06:30,733 [Listener at 127.0.0.1/39073] INFO  volume.HddsVolume (HddsVolume.java:<init>(130)) - Creating HddsVolume: /home/runner/work/ozone/ozone/hadoop-ozone/integration-test/target/test-dir/MiniOzoneClusterImpl-a610bbfc-ad57-4888-ac65-e976b37cd1f3/datanode-1/data-0/containers/hdds of storage type : DISK capacity : 9223372036854775807
2023-03-25 06:06:30,734 [Listener at 127.0.0.1/39073] INFO  volume.MutableVolumeSet (MutableVolumeSet.java:initializeVolumeSet(175)) - Added Volume : /home/runner/work/ozone/ozone/hadoop-ozone/integration-test/target/test-dir/MiniOzoneClusterImpl-a610bbfc-ad57-4888-ac65-e976b37cd1f3/datanode-1/data-0/containers/hdds to VolumeSet
2023-03-25 06:06:30,734 [Listener at 127.0.0.1/39073] INFO  volume.ThrottledAsyncChecker (ThrottledAsyncChecker.java:schedule(141)) - Scheduling a check for /home/runner/work/ozone/ozone/hadoop-ozone/integration-test/target/test-dir/MiniOzoneClusterImpl-a610bbfc-ad57-4888-ac65-e976b37cd1f3/datanode-1/data-0/containers/hdds
2023-03-25 06:06:30,745 [om1@group-C5BA1605619E-LeaderElection1] INFO  server.RaftServer$Division (ServerState.java:setRaftConf(430)) - om1@group-C5BA1605619E: set configuration 0: peers:[om1|rpc:localhost:9872|admin:|client:|dataStream:|priority:0|startupRole:FOLLOWER]|listeners:[], old=null
2023-03-25 06:06:30,746 [Listener at 127.0.0.1/39073] INFO  volume.StorageVolumeChecker (StorageVolumeChecker.java:checkAllVolumes(202)) - Scheduled health check for volume /home/runner/work/ozone/ozone/hadoop-ozone/integration-test/target/test-dir/MiniOzoneClusterImpl-a610bbfc-ad57-4888-ac65-e976b37cd1f3/datanode-1/data-0/containers/hdds
2023-03-25 06:06:30,793 [Listener at 127.0.0.1/39073] INFO  volume.MutableVolumeSet (MutableVolumeSet.java:initializeVolumeSet(175)) - Added Volume : /home/runner/work/ozone/ozone/hadoop-ozone/integration-test/target/test-dir/MiniOzoneClusterImpl-a610bbfc-ad57-4888-ac65-e976b37cd1f3/datanode-1/data/ratis to VolumeSet
2023-03-25 06:06:30,794 [Listener at 127.0.0.1/39073] INFO  volume.ThrottledAsyncChecker (ThrottledAsyncChecker.java:schedule(141)) - Scheduling a check for /home/runner/work/ozone/ozone/hadoop-ozone/integration-test/target/test-dir/MiniOzoneClusterImpl-a610bbfc-ad57-4888-ac65-e976b37cd1f3/datanode-1/data/ratis
2023-03-25 06:06:30,795 [Listener at 127.0.0.1/39073] INFO  volume.StorageVolumeChecker (StorageVolumeChecker.java:checkAllVolumes(202)) - Scheduled health check for volume /home/runner/work/ozone/ozone/hadoop-ozone/integration-test/target/test-dir/MiniOzoneClusterImpl-a610bbfc-ad57-4888-ac65-e976b37cd1f3/datanode-1/data/ratis
2023-03-25 06:06:30,830 [Thread-153] INFO  ozoneimpl.ContainerReader (ContainerReader.java:readVolume(175)) - Finish verifying containers on volume /home/runner/work/ozone/ozone/hadoop-ozone/integration-test/target/test-dir/MiniOzoneClusterImpl-a610bbfc-ad57-4888-ac65-e976b37cd1f3/datanode-1/data-0/containers/hdds
2023-03-25 06:06:30,833 [Listener at 127.0.0.1/39073] INFO  ozoneimpl.OzoneContainer (OzoneContainer.java:buildContainerSet(307)) - Build ContainerSet costs 0s
2023-03-25 06:06:30,837 [Listener at 127.0.0.1/39073] INFO  server.RaftServer (ConfUtils.java:logGet(46)) - raft.rpc.type = GRPC (default)
2023-03-25 06:06:30,838 [Listener at 127.0.0.1/39073] INFO  grpc.GrpcConfigKeys (ConfUtils.java:logFallback(53)) - raft.grpc.admin.host = null (fallback to raft.grpc.server.host)
2023-03-25 06:06:30,838 [Listener at 127.0.0.1/39073] INFO  grpc.GrpcConfigKeys (ConfUtils.java:logGet(46)) - raft.grpc.admin.port = 0 (custom)
2023-03-25 06:06:30,838 [Listener at 127.0.0.1/39073] INFO  grpc.GrpcConfigKeys (ConfUtils.java:logFallback(53)) - raft.grpc.client.host = null (fallback to raft.grpc.server.host)
2023-03-25 06:06:30,838 [Listener at 127.0.0.1/39073] INFO  grpc.GrpcConfigKeys (ConfUtils.java:logGet(46)) - raft.grpc.client.port = 0 (custom)
2023-03-25 06:06:30,839 [Listener at 127.0.0.1/39073] INFO  grpc.GrpcConfigKeys (ConfUtils.java:logGet(46)) - raft.grpc.server.host = null (default)
2023-03-25 06:06:30,839 [Listener at 127.0.0.1/39073] INFO  grpc.GrpcConfigKeys (ConfUtils.java:logGet(46)) - raft.grpc.server.port = 0 (default)
2023-03-25 06:06:30,839 [Listener at 127.0.0.1/39073] INFO  server.GrpcService (ConfUtils.java:logGet(46)) - raft.grpc.message.size.max = 32MB (=33554432) (custom)
2023-03-25 06:06:30,839 [Listener at 127.0.0.1/39073] INFO  server.RaftServerConfigKeys (ConfUtils.java:logGet(46)) - raft.server.log.appender.buffer.byte-limit = 33554432 (custom)
2023-03-25 06:06:30,840 [Listener at 127.0.0.1/39073] INFO  server.GrpcService (ConfUtils.java:logGet(46)) - raft.grpc.flow.control.window = 5MB (=5242880) (custom)
2023-03-25 06:06:30,840 [Listener at 127.0.0.1/39073] INFO  server.RaftServerConfigKeys (ConfUtils.java:logGet(46)) - raft.server.rpc.request.timeout = 60s (custom)
2023-03-25 06:06:30,840 [Listener at 127.0.0.1/39073] INFO  grpc.GrpcConfigKeys (ConfUtils.java:logGet(46)) - raft.grpc.server.heartbeat.channel = true (default)
2023-03-25 06:06:30,840 [Listener at 127.0.0.1/39073] INFO  grpc.GrpcConfigKeys (ConfUtils.java:logGet(46)) - raft.grpc.server.async.request.thread.pool.cached = true (default)
2023-03-25 06:06:30,841 [Listener at 127.0.0.1/39073] INFO  grpc.GrpcConfigKeys (ConfUtils.java:logGet(46)) - raft.grpc.server.async.request.thread.pool.size = 32 (default)
2023-03-25 06:06:30,842 [Listener at 127.0.0.1/39073] INFO  impl.DataStreamServerImpl (ConfUtils.java:logGet(46)) - raft.datastream.type = NETTY (custom)
2023-03-25 06:06:30,842 [Listener at 127.0.0.1/39073] INFO  server.RaftServerConfigKeys (ConfUtils.java:logGet(46)) - raft.server.data-stream.async.request.thread.pool.cached = false (default)
2023-03-25 06:06:30,843 [Listener at 127.0.0.1/39073] INFO  server.RaftServerConfigKeys (ConfUtils.java:logGet(46)) - raft.server.data-stream.async.request.thread.pool.size = 20 (custom)
2023-03-25 06:06:30,843 [Listener at 127.0.0.1/39073] INFO  server.RaftServerConfigKeys (ConfUtils.java:logGet(46)) - raft.server.data-stream.async.write.thread.pool.size = 16 (default)
2023-03-25 06:06:30,843 [Listener at 127.0.0.1/39073] INFO  server.RaftServerConfigKeys (ConfUtils.java:logGet(46)) - raft.server.data-stream.client.pool.size = 10 (default)
2023-03-25 06:06:30,843 [Listener at 127.0.0.1/39073] INFO  netty.NettyConfigKeys$DataStream (ConfUtils.java:logGet(46)) - raft.netty.dataStream.server.use-epoll = false (default)
2023-03-25 06:06:30,844 [Listener at 127.0.0.1/39073] INFO  netty.NettyConfigKeys$DataStream (ConfUtils.java:logGet(46)) - raft.netty.dataStream.server.boss-group.size = 0 (default)
2023-03-25 06:06:30,844 [Listener at 127.0.0.1/39073] INFO  netty.NettyConfigKeys$DataStream (ConfUtils.java:logGet(46)) - raft.netty.dataStream.server.worker-group.size = 0 (default)
2023-03-25 06:06:30,845 [Listener at 127.0.0.1/39073] INFO  netty.NettyConfigKeys$DataStream (ConfUtils.java:logGet(46)) - raft.netty.dataStream.server.tls.conf = null (default)
2023-03-25 06:06:30,845 [Listener at 127.0.0.1/39073] INFO  netty.NettyConfigKeys$DataStream (ConfUtils.java:logGet(46)) - raft.netty.dataStream.host = null (default)
2023-03-25 06:06:30,845 [Listener at 127.0.0.1/39073] INFO  netty.NettyConfigKeys$DataStream (ConfUtils.java:logGet(46)) - raft.netty.dataStream.port = 0 (default)
2023-03-25 06:06:30,846 [Listener at 127.0.0.1/39073] INFO  server.RaftServerConfigKeys (ConfUtils.java:logGet(46)) - raft.server.threadpool.proxy.cached = true (default)
2023-03-25 06:06:30,846 [Listener at 127.0.0.1/39073] INFO  server.RaftServerConfigKeys (ConfUtils.java:logGet(46)) - raft.server.threadpool.proxy.size = 0 (default)
2023-03-25 06:06:30,846 [Listener at 127.0.0.1/39073] INFO  server.RaftServerConfigKeys (ConfUtils.java:logGet(46)) - raft.server.rpc.slowness.timeout = 300s (custom)
2023-03-25 06:06:30,846 [Listener at 127.0.0.1/39073] INFO  server.RaftServerConfigKeys (ConfUtils.java:logGet(46)) - raft.server.leaderelection.leader.step-down.wait-time = 10s (default)
2023-03-25 06:06:30,847 [Listener at 127.0.0.1/39073] INFO  server.RaftServerConfigKeys (ConfUtils.java:logGet(46)) - raft.server.storage.dir = [/home/runner/work/ozone/ozone/hadoop-ozone/integration-test/target/test-dir/MiniOzoneClusterImpl-a610bbfc-ad57-4888-ac65-e976b37cd1f3/datanode-1/data/ratis] (custom)
2023-03-25 06:06:30,853 [Listener at 127.0.0.1/39073] INFO  server.XceiverServerGrpc (XceiverServerGrpc.java:<init>(132)) - GrpcServer channel type EpollServerSocketChannel
2023-03-25 06:06:30,856 [629483a1-ee77-4219-bfbf-43723208929e-NettyServerStreamRpc-bossGroup--thread1] INFO  logging.LoggingHandler (AbstractInternalLogger.java:log(148)) - [id: 0xffc4f6dc] REGISTERED
2023-03-25 06:06:30,858 [629483a1-ee77-4219-bfbf-43723208929e-NettyServerStreamRpc-bossGroup--thread1] INFO  logging.LoggingHandler (AbstractInternalLogger.java:log(148)) - [id: 0xffc4f6dc] BIND: 0.0.0.0/0.0.0.0:0
2023-03-25 06:06:30,859 [629483a1-ee77-4219-bfbf-43723208929e-NettyServerStreamRpc-bossGroup--thread1] INFO  logging.LoggingHandler (AbstractInternalLogger.java:log(148)) - [id: 0xffc4f6dc, L:/0:0:0:0:0:0:0:0:43849] ACTIVE
2023-03-25 06:06:30,871 [om1@group-C5BA1605619E-SegmentedRaftLogWorker] INFO  segmented.SegmentedRaftLogWorker (SegmentedRaftLogWorker.java:execute(656)) - om1@group-C5BA1605619E-SegmentedRaftLogWorker: created new log segment /home/runner/work/ozone/ozone/hadoop-ozone/integration-test/target/test-dir/MiniOzoneClusterImpl-a610bbfc-ad57-4888-ac65-e976b37cd1f3/ozone-meta/ratis/bf265839-605b-3f16-9796-c5ba1605619e/current/log_inprogress_0
2023-03-25 06:06:30,876 [Listener at 127.0.0.1/39073] INFO  http.BaseHttpServer (BaseHttpServer.java:newHttpServer2BuilderForOzone(224)) - Starting Web-server for hddsDatanode at: http://0.0.0.0:0
2023-03-25 06:06:30,877 [Listener at 127.0.0.1/39073] INFO  http.BaseHttpServer (BaseHttpServer.java:<init>(111)) - Hadoop Security Enabled: false Ozone Security Enabled: false Ozone HTTP Security Enabled: false 
2023-03-25 06:06:30,878 [Listener at 127.0.0.1/39073] WARN  server.AuthenticationFilter (AuthenticationFilter.java:constructSecretProvider(240)) - Unable to initialize FileSignerSecretProvider, falling back to use random secrets. Reason: Could not read signature secret file: /home/runner/hadoop-http-auth-signature-secret
2023-03-25 06:06:30,882 [Listener at 127.0.0.1/39073] WARN  http.HttpRequestLog (HttpRequestLog.java:getRequestLog(103)) - Jetty request log can only be enabled using Log4j
2023-03-25 06:06:30,884 [Listener at 127.0.0.1/39073] INFO  http.HttpServer2 (HttpServer2.java:addGlobalFilter(1031)) - Added global filter 'safety' (class=org.apache.hadoop.hdds.server.http.HttpServer2$QuotingInputFilter)
2023-03-25 06:06:30,885 [Listener at 127.0.0.1/39073] INFO  http.HttpServer2 (HttpServer2.java:addFilter(1007)) - Added filter static_user_filter (class=org.apache.hadoop.http.lib.StaticUserWebFilter$StaticUserFilter) to context hddsDatanode
2023-03-25 06:06:30,885 [Listener at 127.0.0.1/39073] INFO  http.HttpServer2 (HttpServer2.java:addFilter(1015)) - Added filter static_user_filter (class=org.apache.hadoop.http.lib.StaticUserWebFilter$StaticUserFilter) to context logs
2023-03-25 06:06:30,885 [Listener at 127.0.0.1/39073] INFO  http.HttpServer2 (HttpServer2.java:addFilter(1015)) - Added filter static_user_filter (class=org.apache.hadoop.http.lib.StaticUserWebFilter$StaticUserFilter) to context static
2023-03-25 06:06:30,886 [Listener at 127.0.0.1/39073] INFO  http.BaseHttpServer (BaseHttpServer.java:<init>(190)) - HTTP server of hddsDatanode uses base directory /home/runner/work/ozone/ozone/hadoop-ozone/integration-test/target/test-dir/MiniOzoneClusterImpl-a610bbfc-ad57-4888-ac65-e976b37cd1f3/datanode-1/meta/webserver
2023-03-25 06:06:30,886 [Listener at 127.0.0.1/39073] INFO  http.HttpServer2 (HttpServer2.java:bindListener(1250)) - Jetty bound to port 33119
2023-03-25 06:06:30,887 [Listener at 127.0.0.1/39073] INFO  server.Server (Server.java:doStart(375)) - jetty-9.4.49.v20220914; built: 2022-09-14T01:07:36.601Z; git: 4231a3b2e4cb8548a412a789936d640a97b1aa0a; jvm 1.8.0_362-b09
2023-03-25 06:06:30,897 [Datanode State Machine Task Thread - 0] INFO  datanode.InitDatanodeState (InitDatanodeState.java:persistContainerDatanodeDetails(138)) - DatanodeDetails is persisted to /home/runner/work/ozone/ozone/hadoop-ozone/integration-test/target/test-dir/MiniOzoneClusterImpl-a610bbfc-ad57-4888-ac65-e976b37cd1f3/datanode-0/meta/datanode.id
2023-03-25 06:06:30,908 [Listener at 127.0.0.1/39073] INFO  server.session (DefaultSessionIdManager.java:doStart(334)) - DefaultSessionIdManager workerName=node0
2023-03-25 06:06:30,908 [Listener at 127.0.0.1/39073] INFO  server.session (DefaultSessionIdManager.java:doStart(339)) - No SessionScavenger set, using defaults
2023-03-25 06:06:30,909 [Listener at 127.0.0.1/39073] INFO  server.session (HouseKeeper.java:startScavenging(132)) - node0 Scavenging every 660000ms
2023-03-25 06:06:30,910 [Listener at 127.0.0.1/39073] INFO  handler.ContextHandler (ContextHandler.java:doStart(921)) - Started o.e.j.s.ServletContextHandler@6338d778{logs,/logs,file:///home/runner/work/ozone/ozone/hadoop-ozone/integration-test/target/log,AVAILABLE}
2023-03-25 06:06:30,911 [Listener at 127.0.0.1/39073] INFO  handler.ContextHandler (ContextHandler.java:doStart(921)) - Started o.e.j.s.ServletContextHandler@60157e9c{static,/static,jar:file:/home/runner/.m2/repository/org/apache/ozone/hdds-container-service/1.4.0-SNAPSHOT/hdds-container-service-1.4.0-SNAPSHOT.jar!/webapps/static,AVAILABLE}
2023-03-25 06:06:31,040 [om1@group-C5BA1605619E-StateMachineUpdater] INFO  ratis.OzoneManagerStateMachine (OzoneManagerStateMachine.java:notifyConfigurationChanged(192)) - Received Configuration change notification from Ratis. New Peer list:
[id: "om1"
address: "localhost:9872"
startupRole: FOLLOWER
]
2023-03-25 06:06:31,191 [Listener at 127.0.0.1/39073] INFO  handler.ContextHandler (ContextHandler.java:doStart(921)) - Started o.e.j.w.WebAppContext@6ae8efc6{hddsDatanode,/,file:///home/runner/work/ozone/ozone/hadoop-ozone/integration-test/target/test-dir/MiniOzoneClusterImpl-a610bbfc-ad57-4888-ac65-e976b37cd1f3/datanode-1/meta/webserver/jetty-0_0_0_0-33119-hdds-container-service-1_4_0-SNAPSHOT_jar-_-any-3393375387615341931/webapp/,AVAILABLE}{jar:file:/home/runner/.m2/repository/org/apache/ozone/hdds-container-service/1.4.0-SNAPSHOT/hdds-container-service-1.4.0-SNAPSHOT.jar!/webapps/hddsDatanode}
2023-03-25 06:06:31,194 [Listener at 127.0.0.1/39073] INFO  server.AbstractConnector (AbstractConnector.java:doStart(333)) - Started ServerConnector@72309bc{HTTP/1.1, (http/1.1)}{0.0.0.0:33119}
2023-03-25 06:06:31,195 [Listener at 127.0.0.1/39073] INFO  server.Server (Server.java:doStart(415)) - Started @10390ms
2023-03-25 06:06:31,195 [Listener at 127.0.0.1/39073] WARN  impl.MetricsSystemImpl (MetricsSystemImpl.java:register(279)) - Sink prometheus already exists!
2023-03-25 06:06:31,196 [Listener at 127.0.0.1/39073] INFO  http.BaseHttpServer (BaseHttpServer.java:updateConnectorAddress(344)) - HTTP server of hddsDatanode listening at http://0.0.0.0:33119
2023-03-25 06:06:31,200 [Listener at 127.0.0.1/39073] WARN  impl.MetricRegistriesImpl (MetricRegistriesImpl.java:addReporterRegistration(111)) - New reporters are added after registries were created. Some metrics will be missing from the reporter. Please add reporter before adding any new registry.
2023-03-25 06:06:31,200 [Listener at 127.0.0.1/39073] WARN  impl.MetricRegistriesImpl (MetricRegistriesImpl.java:addReporterRegistration(111)) - New reporters are added after registries were created. Some metrics will be missing from the reporter. Please add reporter before adding any new registry.
2023-03-25 06:06:31,200 [Listener at 127.0.0.1/39073] INFO  impl.MetricsSystemImpl (MetricsSystemImpl.java:init(158)) - HddsDatanode metrics system started (again)
2023-03-25 06:06:31,205 [Datanode State Machine Daemon Thread] INFO  statemachine.DatanodeStateMachine (DatanodeStateMachine.java:lambda$startDaemon$0(517)) - Ozone container server started.
2023-03-25 06:06:31,224 [org.apache.hadoop.util.JvmPauseMonitor$Monitor@310c230d] INFO  util.JvmPauseMonitor (JvmPauseMonitor.java:run(188)) - Starting JVM pause monitor
2023-03-25 06:06:31,227 [Listener at 127.0.0.1/39073] INFO  ozone.HddsDatanodeService (HddsDatanodeService.java:start(249)) - HddsDatanodeService host:fv-az342-96.ten1ctqyofdufjlm0zzjrrfxse.dx.internal.cloudapp.net ip:10.1.0.6
2023-03-25 06:06:31,240 [Datanode State Machine Task Thread - 0] INFO  datanode.InitDatanodeState (InitDatanodeState.java:persistContainerDatanodeDetails(138)) - DatanodeDetails is persisted to /home/runner/work/ozone/ozone/hadoop-ozone/integration-test/target/test-dir/MiniOzoneClusterImpl-a610bbfc-ad57-4888-ac65-e976b37cd1f3/datanode-1/meta/datanode.id
2023-03-25 06:06:31,268 [Listener at 127.0.0.1/39073] INFO  upgrade.AbstractLayoutVersionManager (AbstractLayoutVersionManager.java:init(83)) - Initializing Layout version manager with metadata layout = DATANODE_SCHEMA_V3 (version = 4), software layout = DATANODE_SCHEMA_V3 (version = 4)
2023-03-25 06:06:31,387 [Listener at 127.0.0.1/39073] INFO  reflections.Reflections (Reflections.java:scan(232)) - Reflections took 117 ms to scan 7 urls, producing 155 keys and 368 values 
2023-03-25 06:06:31,392 [Listener at 127.0.0.1/39073] INFO  statemachine.DatanodeStateMachine (DatanodeStateMachine.java:getEndPointTaskThreadPoolSize(260)) - Datanode State Machine Task Thread Pool size 2
2023-03-25 06:06:31,396 [Listener at 127.0.0.1/39073] INFO  volume.HddsVolume (HddsVolume.java:<init>(130)) - Creating HddsVolume: /home/runner/work/ozone/ozone/hadoop-ozone/integration-test/target/test-dir/MiniOzoneClusterImpl-a610bbfc-ad57-4888-ac65-e976b37cd1f3/datanode-2/data-0/containers/hdds of storage type : DISK capacity : 9223372036854775807
2023-03-25 06:06:31,396 [Listener at 127.0.0.1/39073] INFO  volume.MutableVolumeSet (MutableVolumeSet.java:initializeVolumeSet(175)) - Added Volume : /home/runner/work/ozone/ozone/hadoop-ozone/integration-test/target/test-dir/MiniOzoneClusterImpl-a610bbfc-ad57-4888-ac65-e976b37cd1f3/datanode-2/data-0/containers/hdds to VolumeSet
2023-03-25 06:06:31,396 [Listener at 127.0.0.1/39073] INFO  volume.ThrottledAsyncChecker (ThrottledAsyncChecker.java:schedule(141)) - Scheduling a check for /home/runner/work/ozone/ozone/hadoop-ozone/integration-test/target/test-dir/MiniOzoneClusterImpl-a610bbfc-ad57-4888-ac65-e976b37cd1f3/datanode-2/data-0/containers/hdds
2023-03-25 06:06:31,398 [Listener at 127.0.0.1/39073] INFO  volume.StorageVolumeChecker (StorageVolumeChecker.java:checkAllVolumes(202)) - Scheduled health check for volume /home/runner/work/ozone/ozone/hadoop-ozone/integration-test/target/test-dir/MiniOzoneClusterImpl-a610bbfc-ad57-4888-ac65-e976b37cd1f3/datanode-2/data-0/containers/hdds
2023-03-25 06:06:31,415 [Listener at 127.0.0.1/39073] INFO  volume.MutableVolumeSet (MutableVolumeSet.java:initializeVolumeSet(175)) - Added Volume : /home/runner/work/ozone/ozone/hadoop-ozone/integration-test/target/test-dir/MiniOzoneClusterImpl-a610bbfc-ad57-4888-ac65-e976b37cd1f3/datanode-2/data/ratis to VolumeSet
2023-03-25 06:06:31,416 [Listener at 127.0.0.1/39073] INFO  volume.ThrottledAsyncChecker (ThrottledAsyncChecker.java:schedule(141)) - Scheduling a check for /home/runner/work/ozone/ozone/hadoop-ozone/integration-test/target/test-dir/MiniOzoneClusterImpl-a610bbfc-ad57-4888-ac65-e976b37cd1f3/datanode-2/data/ratis
2023-03-25 06:06:31,417 [Listener at 127.0.0.1/39073] INFO  volume.StorageVolumeChecker (StorageVolumeChecker.java:checkAllVolumes(202)) - Scheduled health check for volume /home/runner/work/ozone/ozone/hadoop-ozone/integration-test/target/test-dir/MiniOzoneClusterImpl-a610bbfc-ad57-4888-ac65-e976b37cd1f3/datanode-2/data/ratis
2023-03-25 06:06:31,431 [Thread-167] INFO  ozoneimpl.ContainerReader (ContainerReader.java:readVolume(175)) - Finish verifying containers on volume /home/runner/work/ozone/ozone/hadoop-ozone/integration-test/target/test-dir/MiniOzoneClusterImpl-a610bbfc-ad57-4888-ac65-e976b37cd1f3/datanode-2/data-0/containers/hdds
2023-03-25 06:06:31,431 [Listener at 127.0.0.1/39073] INFO  ozoneimpl.OzoneContainer (OzoneContainer.java:buildContainerSet(307)) - Build ContainerSet costs 0s
2023-03-25 06:06:31,437 [Listener at 127.0.0.1/39073] INFO  server.RaftServer (ConfUtils.java:logGet(46)) - raft.rpc.type = GRPC (default)
2023-03-25 06:06:31,437 [Listener at 127.0.0.1/39073] INFO  grpc.GrpcConfigKeys (ConfUtils.java:logFallback(53)) - raft.grpc.admin.host = null (fallback to raft.grpc.server.host)
2023-03-25 06:06:31,437 [Listener at 127.0.0.1/39073] INFO  grpc.GrpcConfigKeys (ConfUtils.java:logGet(46)) - raft.grpc.admin.port = 0 (custom)
2023-03-25 06:06:31,438 [Listener at 127.0.0.1/39073] INFO  grpc.GrpcConfigKeys (ConfUtils.java:logFallback(53)) - raft.grpc.client.host = null (fallback to raft.grpc.server.host)
2023-03-25 06:06:31,438 [Listener at 127.0.0.1/39073] INFO  grpc.GrpcConfigKeys (ConfUtils.java:logGet(46)) - raft.grpc.client.port = 0 (custom)
2023-03-25 06:06:31,438 [Listener at 127.0.0.1/39073] INFO  grpc.GrpcConfigKeys (ConfUtils.java:logGet(46)) - raft.grpc.server.host = null (default)
2023-03-25 06:06:31,438 [Listener at 127.0.0.1/39073] INFO  grpc.GrpcConfigKeys (ConfUtils.java:logGet(46)) - raft.grpc.server.port = 0 (default)
2023-03-25 06:06:31,438 [Listener at 127.0.0.1/39073] INFO  server.GrpcService (ConfUtils.java:logGet(46)) - raft.grpc.message.size.max = 32MB (=33554432) (custom)
2023-03-25 06:06:31,439 [Listener at 127.0.0.1/39073] INFO  server.RaftServerConfigKeys (ConfUtils.java:logGet(46)) - raft.server.log.appender.buffer.byte-limit = 33554432 (custom)
2023-03-25 06:06:31,439 [Listener at 127.0.0.1/39073] INFO  server.GrpcService (ConfUtils.java:logGet(46)) - raft.grpc.flow.control.window = 5MB (=5242880) (custom)
2023-03-25 06:06:31,439 [Listener at 127.0.0.1/39073] INFO  server.RaftServerConfigKeys (ConfUtils.java:logGet(46)) - raft.server.rpc.request.timeout = 60s (custom)
2023-03-25 06:06:31,440 [Listener at 127.0.0.1/39073] INFO  grpc.GrpcConfigKeys (ConfUtils.java:logGet(46)) - raft.grpc.server.heartbeat.channel = true (default)
2023-03-25 06:06:31,440 [Listener at 127.0.0.1/39073] INFO  grpc.GrpcConfigKeys (ConfUtils.java:logGet(46)) - raft.grpc.server.async.request.thread.pool.cached = true (default)
2023-03-25 06:06:31,440 [Listener at 127.0.0.1/39073] INFO  grpc.GrpcConfigKeys (ConfUtils.java:logGet(46)) - raft.grpc.server.async.request.thread.pool.size = 32 (default)
2023-03-25 06:06:31,442 [Listener at 127.0.0.1/39073] INFO  impl.DataStreamServerImpl (ConfUtils.java:logGet(46)) - raft.datastream.type = NETTY (custom)
2023-03-25 06:06:31,442 [Listener at 127.0.0.1/39073] INFO  server.RaftServerConfigKeys (ConfUtils.java:logGet(46)) - raft.server.data-stream.async.request.thread.pool.cached = false (default)
2023-03-25 06:06:31,443 [Listener at 127.0.0.1/39073] INFO  server.RaftServerConfigKeys (ConfUtils.java:logGet(46)) - raft.server.data-stream.async.request.thread.pool.size = 20 (custom)
2023-03-25 06:06:31,443 [Listener at 127.0.0.1/39073] INFO  server.RaftServerConfigKeys (ConfUtils.java:logGet(46)) - raft.server.data-stream.async.write.thread.pool.size = 16 (default)
2023-03-25 06:06:31,444 [Listener at 127.0.0.1/39073] INFO  server.RaftServerConfigKeys (ConfUtils.java:logGet(46)) - raft.server.data-stream.client.pool.size = 10 (default)
2023-03-25 06:06:31,444 [Listener at 127.0.0.1/39073] INFO  netty.NettyConfigKeys$DataStream (ConfUtils.java:logGet(46)) - raft.netty.dataStream.server.use-epoll = false (default)
2023-03-25 06:06:31,444 [Listener at 127.0.0.1/39073] INFO  netty.NettyConfigKeys$DataStream (ConfUtils.java:logGet(46)) - raft.netty.dataStream.server.boss-group.size = 0 (default)
2023-03-25 06:06:31,446 [Listener at 127.0.0.1/39073] INFO  netty.NettyConfigKeys$DataStream (ConfUtils.java:logGet(46)) - raft.netty.dataStream.server.worker-group.size = 0 (default)
2023-03-25 06:06:31,446 [Listener at 127.0.0.1/39073] INFO  netty.NettyConfigKeys$DataStream (ConfUtils.java:logGet(46)) - raft.netty.dataStream.server.tls.conf = null (default)
2023-03-25 06:06:31,447 [Listener at 127.0.0.1/39073] INFO  netty.NettyConfigKeys$DataStream (ConfUtils.java:logGet(46)) - raft.netty.dataStream.host = null (default)
2023-03-25 06:06:31,447 [Listener at 127.0.0.1/39073] INFO  netty.NettyConfigKeys$DataStream (ConfUtils.java:logGet(46)) - raft.netty.dataStream.port = 0 (default)
2023-03-25 06:06:31,448 [Listener at 127.0.0.1/39073] INFO  server.RaftServerConfigKeys (ConfUtils.java:logGet(46)) - raft.server.threadpool.proxy.cached = true (default)
2023-03-25 06:06:31,448 [Listener at 127.0.0.1/39073] INFO  server.RaftServerConfigKeys (ConfUtils.java:logGet(46)) - raft.server.threadpool.proxy.size = 0 (default)
2023-03-25 06:06:31,448 [Listener at 127.0.0.1/39073] INFO  server.RaftServerConfigKeys (ConfUtils.java:logGet(46)) - raft.server.rpc.slowness.timeout = 300s (custom)
2023-03-25 06:06:31,448 [Listener at 127.0.0.1/39073] INFO  server.RaftServerConfigKeys (ConfUtils.java:logGet(46)) - raft.server.leaderelection.leader.step-down.wait-time = 10s (default)
2023-03-25 06:06:31,449 [Listener at 127.0.0.1/39073] INFO  server.RaftServerConfigKeys (ConfUtils.java:logGet(46)) - raft.server.storage.dir = [/home/runner/work/ozone/ozone/hadoop-ozone/integration-test/target/test-dir/MiniOzoneClusterImpl-a610bbfc-ad57-4888-ac65-e976b37cd1f3/datanode-2/data/ratis] (custom)
2023-03-25 06:06:31,461 [Listener at 127.0.0.1/39073] INFO  server.XceiverServerGrpc (XceiverServerGrpc.java:<init>(132)) - GrpcServer channel type EpollServerSocketChannel
2023-03-25 06:06:31,472 [Listener at 127.0.0.1/39073] INFO  http.BaseHttpServer (BaseHttpServer.java:newHttpServer2BuilderForOzone(224)) - Starting Web-server for hddsDatanode at: http://0.0.0.0:0
2023-03-25 06:06:31,472 [Listener at 127.0.0.1/39073] INFO  http.BaseHttpServer (BaseHttpServer.java:<init>(111)) - Hadoop Security Enabled: false Ozone Security Enabled: false Ozone HTTP Security Enabled: false 
2023-03-25 06:06:31,474 [Listener at 127.0.0.1/39073] WARN  server.AuthenticationFilter (AuthenticationFilter.java:constructSecretProvider(240)) - Unable to initialize FileSignerSecretProvider, falling back to use random secrets. Reason: Could not read signature secret file: /home/runner/hadoop-http-auth-signature-secret
2023-03-25 06:06:31,475 [Listener at 127.0.0.1/39073] WARN  http.HttpRequestLog (HttpRequestLog.java:getRequestLog(103)) - Jetty request log can only be enabled using Log4j
2023-03-25 06:06:31,477 [Listener at 127.0.0.1/39073] INFO  http.HttpServer2 (HttpServer2.java:addGlobalFilter(1031)) - Added global filter 'safety' (class=org.apache.hadoop.hdds.server.http.HttpServer2$QuotingInputFilter)
2023-03-25 06:06:31,488 [Listener at 127.0.0.1/39073] INFO  http.HttpServer2 (HttpServer2.java:addFilter(1007)) - Added filter static_user_filter (class=org.apache.hadoop.http.lib.StaticUserWebFilter$StaticUserFilter) to context hddsDatanode
2023-03-25 06:06:31,488 [Listener at 127.0.0.1/39073] INFO  http.HttpServer2 (HttpServer2.java:addFilter(1015)) - Added filter static_user_filter (class=org.apache.hadoop.http.lib.StaticUserWebFilter$StaticUserFilter) to context logs
2023-03-25 06:06:31,488 [Listener at 127.0.0.1/39073] INFO  http.HttpServer2 (HttpServer2.java:addFilter(1015)) - Added filter static_user_filter (class=org.apache.hadoop.http.lib.StaticUserWebFilter$StaticUserFilter) to context static
2023-03-25 06:06:31,489 [Listener at 127.0.0.1/39073] INFO  http.BaseHttpServer (BaseHttpServer.java:<init>(190)) - HTTP server of hddsDatanode uses base directory /home/runner/work/ozone/ozone/hadoop-ozone/integration-test/target/test-dir/MiniOzoneClusterImpl-a610bbfc-ad57-4888-ac65-e976b37cd1f3/datanode-2/meta/webserver
2023-03-25 06:06:31,489 [Listener at 127.0.0.1/39073] INFO  http.HttpServer2 (HttpServer2.java:bindListener(1250)) - Jetty bound to port 39401
2023-03-25 06:06:31,490 [Listener at 127.0.0.1/39073] INFO  server.Server (Server.java:doStart(375)) - jetty-9.4.49.v20220914; built: 2022-09-14T01:07:36.601Z; git: 4231a3b2e4cb8548a412a789936d640a97b1aa0a; jvm 1.8.0_362-b09
2023-03-25 06:06:31,490 [e611d9bf-2564-4d9e-ba20-e3ff9cd9361f-NettyServerStreamRpc-bossGroup--thread1] INFO  logging.LoggingHandler (AbstractInternalLogger.java:log(148)) - [id: 0x8d4bbcb6] REGISTERED
2023-03-25 06:06:31,490 [e611d9bf-2564-4d9e-ba20-e3ff9cd9361f-NettyServerStreamRpc-bossGroup--thread1] INFO  logging.LoggingHandler (AbstractInternalLogger.java:log(148)) - [id: 0x8d4bbcb6] BIND: 0.0.0.0/0.0.0.0:0
2023-03-25 06:06:31,490 [e611d9bf-2564-4d9e-ba20-e3ff9cd9361f-NettyServerStreamRpc-bossGroup--thread1] INFO  logging.LoggingHandler (AbstractInternalLogger.java:log(148)) - [id: 0x8d4bbcb6, L:/0:0:0:0:0:0:0:0:43565] ACTIVE
2023-03-25 06:06:31,493 [Listener at 127.0.0.1/39073] INFO  server.session (DefaultSessionIdManager.java:doStart(334)) - DefaultSessionIdManager workerName=node0
2023-03-25 06:06:31,493 [Listener at 127.0.0.1/39073] INFO  server.session (DefaultSessionIdManager.java:doStart(339)) - No SessionScavenger set, using defaults
2023-03-25 06:06:31,493 [Listener at 127.0.0.1/39073] INFO  server.session (HouseKeeper.java:startScavenging(132)) - node0 Scavenging every 600000ms
2023-03-25 06:06:31,494 [Listener at 127.0.0.1/39073] INFO  handler.ContextHandler (ContextHandler.java:doStart(921)) - Started o.e.j.s.ServletContextHandler@7d06a187{logs,/logs,file:///home/runner/work/ozone/ozone/hadoop-ozone/integration-test/target/log,AVAILABLE}
2023-03-25 06:06:31,495 [Listener at 127.0.0.1/39073] INFO  handler.ContextHandler (ContextHandler.java:doStart(921)) - Started o.e.j.s.ServletContextHandler@68628047{static,/static,jar:file:/home/runner/.m2/repository/org/apache/ozone/hdds-container-service/1.4.0-SNAPSHOT/hdds-container-service-1.4.0-SNAPSHOT.jar!/webapps/static,AVAILABLE}
2023-03-25 06:06:31,744 [Listener at 127.0.0.1/39073] INFO  handler.ContextHandler (ContextHandler.java:doStart(921)) - Started o.e.j.w.WebAppContext@b4530ca{hddsDatanode,/,file:///home/runner/work/ozone/ozone/hadoop-ozone/integration-test/target/test-dir/MiniOzoneClusterImpl-a610bbfc-ad57-4888-ac65-e976b37cd1f3/datanode-2/meta/webserver/jetty-0_0_0_0-39401-hdds-container-service-1_4_0-SNAPSHOT_jar-_-any-2396406082691051214/webapp/,AVAILABLE}{jar:file:/home/runner/.m2/repository/org/apache/ozone/hdds-container-service/1.4.0-SNAPSHOT/hdds-container-service-1.4.0-SNAPSHOT.jar!/webapps/hddsDatanode}
2023-03-25 06:06:31,747 [Listener at 127.0.0.1/39073] INFO  server.AbstractConnector (AbstractConnector.java:doStart(333)) - Started ServerConnector@303d3936{HTTP/1.1, (http/1.1)}{0.0.0.0:39401}
2023-03-25 06:06:31,747 [Listener at 127.0.0.1/39073] INFO  server.Server (Server.java:doStart(415)) - Started @10943ms
2023-03-25 06:06:31,748 [Listener at 127.0.0.1/39073] WARN  impl.MetricsSystemImpl (MetricsSystemImpl.java:register(279)) - Sink prometheus already exists!
2023-03-25 06:06:31,748 [Listener at 127.0.0.1/39073] INFO  http.BaseHttpServer (BaseHttpServer.java:updateConnectorAddress(344)) - HTTP server of hddsDatanode listening at http://0.0.0.0:39401
2023-03-25 06:06:31,751 [Listener at 127.0.0.1/39073] INFO  ozone.MiniOzoneClusterImpl (MiniOzoneClusterImpl.java:lambda$waitForClusterToBeReady$0(222)) - Waiting for nodes to be ready. Got 0 of 3 DN Heartbeats.
2023-03-25 06:06:31,751 [Listener at 127.0.0.1/39073] INFO  ozone.MiniOzoneClusterImpl (MiniOzoneClusterImpl.java:lambda$waitForClusterToBeReady$0(225)) - Waiting for cluster to exit safe mode
2023-03-25 06:06:31,752 [Listener at 127.0.0.1/39073] INFO  ozone.MiniOzoneClusterImpl (MiniOzoneClusterImpl.java:lambda$waitForClusterToBeReady$0(227)) - SCM became leader
2023-03-25 06:06:31,752 [Datanode State Machine Daemon Thread] INFO  statemachine.DatanodeStateMachine (DatanodeStateMachine.java:lambda$startDaemon$0(517)) - Ozone container server started.
2023-03-25 06:06:31,777 [org.apache.hadoop.util.JvmPauseMonitor$Monitor@78561b1b] INFO  util.JvmPauseMonitor (JvmPauseMonitor.java:run(188)) - Starting JVM pause monitor
2023-03-25 06:06:31,780 [Datanode State Machine Task Thread - 0] INFO  datanode.InitDatanodeState (InitDatanodeState.java:persistContainerDatanodeDetails(138)) - DatanodeDetails is persisted to /home/runner/work/ozone/ozone/hadoop-ozone/integration-test/target/test-dir/MiniOzoneClusterImpl-a610bbfc-ad57-4888-ac65-e976b37cd1f3/datanode-2/meta/datanode.id
2023-03-25 06:06:32,688 [EndpointStateMachine task thread for /0.0.0.0:33123 - 0 ] INFO  utils.DatanodeStoreCache (DatanodeStoreCache.java:addDB(58)) - Added db /home/runner/work/ozone/ozone/hadoop-ozone/integration-test/target/test-dir/MiniOzoneClusterImpl-a610bbfc-ad57-4888-ac65-e976b37cd1f3/datanode-0/data-0/containers/hdds/a610bbfc-ad57-4888-ac65-e976b37cd1f3/DS-423e8ca0-afdd-45c1-9659-a49d9faf7e27/container.db to cache
2023-03-25 06:06:32,688 [EndpointStateMachine task thread for /0.0.0.0:33123 - 0 ] INFO  volume.HddsVolume (HddsVolume.java:createDbStore(350)) - SchemaV3 db is created and loaded at /home/runner/work/ozone/ozone/hadoop-ozone/integration-test/target/test-dir/MiniOzoneClusterImpl-a610bbfc-ad57-4888-ac65-e976b37cd1f3/datanode-0/data-0/containers/hdds/a610bbfc-ad57-4888-ac65-e976b37cd1f3/DS-423e8ca0-afdd-45c1-9659-a49d9faf7e27/container.db for volume DS-423e8ca0-afdd-45c1-9659-a49d9faf7e27
2023-03-25 06:06:32,691 [EndpointStateMachine task thread for /0.0.0.0:33123 - 0 ] INFO  ozoneimpl.OzoneContainer (OzoneContainer.java:start(401)) - Attempting to start container services.
2023-03-25 06:06:32,694 [EndpointStateMachine task thread for /0.0.0.0:33123 - 0 ] INFO  ozoneimpl.OzoneContainer (OzoneContainer.java:startContainerScrub(318)) - Scheduled background container scanners and the on-demand container scanner have been disabled.
2023-03-25 06:06:32,696 [EndpointStateMachine task thread for /0.0.0.0:33123 - 0 ] INFO  replication.ReplicationServer (ReplicationServer.java:start(109)) - ReplicationServer is started using port 36201
2023-03-25 06:06:32,700 [EndpointStateMachine task thread for /0.0.0.0:33123 - 0 ] INFO  ratis.XceiverServerRatis (XceiverServerRatis.java:start(518)) - Starting XceiverServerRatis f6b1a8fb-84e0-4eb5-ac02-8b85f50e4e44
2023-03-25 06:06:32,707 [EndpointStateMachine task thread for /0.0.0.0:33123 - 0 ] INFO  server.RaftServer (RaftServerProxy.java:startImpl(393)) - f6b1a8fb-84e0-4eb5-ac02-8b85f50e4e44: start RPC server
2023-03-25 06:06:32,710 [EndpointStateMachine task thread for /0.0.0.0:33123 - 0 ] INFO  server.GrpcService (GrpcService.java:startImpl(262)) - f6b1a8fb-84e0-4eb5-ac02-8b85f50e4e44: GrpcService started, listening on 36457
2023-03-25 06:06:32,712 [EndpointStateMachine task thread for /0.0.0.0:33123 - 0 ] INFO  ratis.XceiverServerRatis (XceiverServerRatis.java:getRealPort(544)) - XceiverServerRatis f6b1a8fb-84e0-4eb5-ac02-8b85f50e4e44 is started using port 36457 for RATIS
2023-03-25 06:06:32,712 [EndpointStateMachine task thread for /0.0.0.0:33123 - 0 ] INFO  ratis.XceiverServerRatis (XceiverServerRatis.java:getRealPort(544)) - XceiverServerRatis f6b1a8fb-84e0-4eb5-ac02-8b85f50e4e44 is started using port 36457 for RATIS_ADMIN
2023-03-25 06:06:32,712 [EndpointStateMachine task thread for /0.0.0.0:33123 - 0 ] INFO  ratis.XceiverServerRatis (XceiverServerRatis.java:getRealPort(544)) - XceiverServerRatis f6b1a8fb-84e0-4eb5-ac02-8b85f50e4e44 is started using port 36457 for RATIS_SERVER
2023-03-25 06:06:32,713 [EndpointStateMachine task thread for /0.0.0.0:33123 - 0 ] INFO  ratis.XceiverServerRatis (XceiverServerRatis.java:getRealPort(544)) - XceiverServerRatis f6b1a8fb-84e0-4eb5-ac02-8b85f50e4e44 is started using port 38061 for RATIS_DATASTREAM
2023-03-25 06:06:32,713 [JvmPauseMonitor1] INFO  util.JvmPauseMonitor (JvmPauseMonitor.java:run(105)) - JvmPauseMonitor-f6b1a8fb-84e0-4eb5-ac02-8b85f50e4e44: Started
2023-03-25 06:06:32,716 [EndpointStateMachine task thread for /0.0.0.0:33123 - 0 ] INFO  server.XceiverServerGrpc (XceiverServerGrpc.java:start(180)) - XceiverServerGrpc f6b1a8fb-84e0-4eb5-ac02-8b85f50e4e44 is started using port 35157
2023-03-25 06:06:32,725 [BlockDeletingService#0] INFO  interfaces.ContainerDeletionChoosingPolicyTemplate (ContainerDeletionChoosingPolicyTemplate.java:chooseContainerForBlockDeletion(83)) - Chosen 0/5000 blocks from 0 candidate containers.
2023-03-25 06:06:32,752 [Listener at 127.0.0.1/39073] INFO  ozone.MiniOzoneClusterImpl (MiniOzoneClusterImpl.java:lambda$waitForClusterToBeReady$0(222)) - Waiting for nodes to be ready. Got 0 of 3 DN Heartbeats.
2023-03-25 06:06:32,752 [Listener at 127.0.0.1/39073] INFO  ozone.MiniOzoneClusterImpl (MiniOzoneClusterImpl.java:lambda$waitForClusterToBeReady$0(225)) - Waiting for cluster to exit safe mode
2023-03-25 06:06:32,752 [Listener at 127.0.0.1/39073] INFO  ozone.MiniOzoneClusterImpl (MiniOzoneClusterImpl.java:lambda$waitForClusterToBeReady$0(227)) - SCM became leader
2023-03-25 06:06:33,271 [EndpointStateMachine task thread for /0.0.0.0:33123 - 0 ] INFO  utils.DatanodeStoreCache (DatanodeStoreCache.java:addDB(58)) - Added db /home/runner/work/ozone/ozone/hadoop-ozone/integration-test/target/test-dir/MiniOzoneClusterImpl-a610bbfc-ad57-4888-ac65-e976b37cd1f3/datanode-1/data-0/containers/hdds/a610bbfc-ad57-4888-ac65-e976b37cd1f3/DS-0ac5cb6c-9971-45ab-9858-16ef52a68fd0/container.db to cache
2023-03-25 06:06:33,272 [EndpointStateMachine task thread for /0.0.0.0:33123 - 0 ] INFO  volume.HddsVolume (HddsVolume.java:createDbStore(350)) - SchemaV3 db is created and loaded at /home/runner/work/ozone/ozone/hadoop-ozone/integration-test/target/test-dir/MiniOzoneClusterImpl-a610bbfc-ad57-4888-ac65-e976b37cd1f3/datanode-1/data-0/containers/hdds/a610bbfc-ad57-4888-ac65-e976b37cd1f3/DS-0ac5cb6c-9971-45ab-9858-16ef52a68fd0/container.db for volume DS-0ac5cb6c-9971-45ab-9858-16ef52a68fd0
2023-03-25 06:06:33,274 [EndpointStateMachine task thread for /0.0.0.0:33123 - 0 ] INFO  ozoneimpl.OzoneContainer (OzoneContainer.java:start(401)) - Attempting to start container services.
2023-03-25 06:06:33,274 [EndpointStateMachine task thread for /0.0.0.0:33123 - 0 ] INFO  ozoneimpl.OzoneContainer (OzoneContainer.java:startContainerScrub(318)) - Scheduled background container scanners and the on-demand container scanner have been disabled.
2023-03-25 06:06:33,276 [EndpointStateMachine task thread for /0.0.0.0:33123 - 0 ] INFO  replication.ReplicationServer (ReplicationServer.java:start(109)) - ReplicationServer is started using port 38953
2023-03-25 06:06:33,277 [EndpointStateMachine task thread for /0.0.0.0:33123 - 0 ] INFO  ratis.XceiverServerRatis (XceiverServerRatis.java:start(518)) - Starting XceiverServerRatis 629483a1-ee77-4219-bfbf-43723208929e
2023-03-25 06:06:33,278 [EndpointStateMachine task thread for /0.0.0.0:33123 - 0 ] INFO  server.RaftServer (RaftServerProxy.java:startImpl(393)) - 629483a1-ee77-4219-bfbf-43723208929e: start RPC server
2023-03-25 06:06:33,280 [EndpointStateMachine task thread for /0.0.0.0:33123 - 0 ] INFO  server.GrpcService (GrpcService.java:startImpl(262)) - 629483a1-ee77-4219-bfbf-43723208929e: GrpcService started, listening on 46597
2023-03-25 06:06:33,280 [EndpointStateMachine task thread for /0.0.0.0:33123 - 0 ] INFO  ratis.XceiverServerRatis (XceiverServerRatis.java:getRealPort(544)) - XceiverServerRatis 629483a1-ee77-4219-bfbf-43723208929e is started using port 46597 for RATIS
2023-03-25 06:06:33,281 [EndpointStateMachine task thread for /0.0.0.0:33123 - 0 ] INFO  ratis.XceiverServerRatis (XceiverServerRatis.java:getRealPort(544)) - XceiverServerRatis 629483a1-ee77-4219-bfbf-43723208929e is started using port 46597 for RATIS_ADMIN
2023-03-25 06:06:33,281 [EndpointStateMachine task thread for /0.0.0.0:33123 - 0 ] INFO  ratis.XceiverServerRatis (XceiverServerRatis.java:getRealPort(544)) - XceiverServerRatis 629483a1-ee77-4219-bfbf-43723208929e is started using port 46597 for RATIS_SERVER
2023-03-25 06:06:33,281 [EndpointStateMachine task thread for /0.0.0.0:33123 - 0 ] INFO  ratis.XceiverServerRatis (XceiverServerRatis.java:getRealPort(544)) - XceiverServerRatis 629483a1-ee77-4219-bfbf-43723208929e is started using port 43849 for RATIS_DATASTREAM
2023-03-25 06:06:33,287 [JvmPauseMonitor2] INFO  util.JvmPauseMonitor (JvmPauseMonitor.java:run(105)) - JvmPauseMonitor-629483a1-ee77-4219-bfbf-43723208929e: Started
2023-03-25 06:06:33,292 [EndpointStateMachine task thread for /0.0.0.0:33123 - 0 ] INFO  server.XceiverServerGrpc (XceiverServerGrpc.java:start(180)) - XceiverServerGrpc 629483a1-ee77-4219-bfbf-43723208929e is started using port 33465
2023-03-25 06:06:33,298 [BlockDeletingService#0] INFO  interfaces.ContainerDeletionChoosingPolicyTemplate (ContainerDeletionChoosingPolicyTemplate.java:chooseContainerForBlockDeletion(83)) - Chosen 0/5000 blocks from 0 candidate containers.
2023-03-25 06:06:33,753 [Listener at 127.0.0.1/39073] INFO  ozone.MiniOzoneClusterImpl (MiniOzoneClusterImpl.java:lambda$waitForClusterToBeReady$0(222)) - Waiting for nodes to be ready. Got 0 of 3 DN Heartbeats.
2023-03-25 06:06:33,753 [Listener at 127.0.0.1/39073] INFO  ozone.MiniOzoneClusterImpl (MiniOzoneClusterImpl.java:lambda$waitForClusterToBeReady$0(225)) - Waiting for cluster to exit safe mode
2023-03-25 06:06:33,753 [Listener at 127.0.0.1/39073] INFO  ozone.MiniOzoneClusterImpl (MiniOzoneClusterImpl.java:lambda$waitForClusterToBeReady$0(227)) - SCM became leader
2023-03-25 06:06:33,831 [EndpointStateMachine task thread for /0.0.0.0:33123 - 0 ] INFO  utils.DatanodeStoreCache (DatanodeStoreCache.java:addDB(58)) - Added db /home/runner/work/ozone/ozone/hadoop-ozone/integration-test/target/test-dir/MiniOzoneClusterImpl-a610bbfc-ad57-4888-ac65-e976b37cd1f3/datanode-2/data-0/containers/hdds/a610bbfc-ad57-4888-ac65-e976b37cd1f3/DS-31ac7491-4788-4994-81f9-9d9737f61127/container.db to cache
2023-03-25 06:06:33,831 [EndpointStateMachine task thread for /0.0.0.0:33123 - 0 ] INFO  volume.HddsVolume (HddsVolume.java:createDbStore(350)) - SchemaV3 db is created and loaded at /home/runner/work/ozone/ozone/hadoop-ozone/integration-test/target/test-dir/MiniOzoneClusterImpl-a610bbfc-ad57-4888-ac65-e976b37cd1f3/datanode-2/data-0/containers/hdds/a610bbfc-ad57-4888-ac65-e976b37cd1f3/DS-31ac7491-4788-4994-81f9-9d9737f61127/container.db for volume DS-31ac7491-4788-4994-81f9-9d9737f61127
2023-03-25 06:06:33,832 [EndpointStateMachine task thread for /0.0.0.0:33123 - 0 ] INFO  ozoneimpl.OzoneContainer (OzoneContainer.java:start(401)) - Attempting to start container services.
2023-03-25 06:06:33,833 [EndpointStateMachine task thread for /0.0.0.0:33123 - 0 ] INFO  ozoneimpl.OzoneContainer (OzoneContainer.java:startContainerScrub(318)) - Scheduled background container scanners and the on-demand container scanner have been disabled.
2023-03-25 06:06:33,835 [EndpointStateMachine task thread for /0.0.0.0:33123 - 0 ] INFO  replication.ReplicationServer (ReplicationServer.java:start(109)) - ReplicationServer is started using port 43759
2023-03-25 06:06:33,836 [EndpointStateMachine task thread for /0.0.0.0:33123 - 0 ] INFO  ratis.XceiverServerRatis (XceiverServerRatis.java:start(518)) - Starting XceiverServerRatis e611d9bf-2564-4d9e-ba20-e3ff9cd9361f
2023-03-25 06:06:33,837 [EndpointStateMachine task thread for /0.0.0.0:33123 - 0 ] INFO  server.RaftServer (RaftServerProxy.java:startImpl(393)) - e611d9bf-2564-4d9e-ba20-e3ff9cd9361f: start RPC server
2023-03-25 06:06:33,845 [EndpointStateMachine task thread for /0.0.0.0:33123 - 0 ] INFO  server.GrpcService (GrpcService.java:startImpl(262)) - e611d9bf-2564-4d9e-ba20-e3ff9cd9361f: GrpcService started, listening on 37191
2023-03-25 06:06:33,845 [EndpointStateMachine task thread for /0.0.0.0:33123 - 0 ] INFO  ratis.XceiverServerRatis (XceiverServerRatis.java:getRealPort(544)) - XceiverServerRatis e611d9bf-2564-4d9e-ba20-e3ff9cd9361f is started using port 37191 for RATIS
2023-03-25 06:06:33,845 [JvmPauseMonitor3] INFO  util.JvmPauseMonitor (JvmPauseMonitor.java:run(105)) - JvmPauseMonitor-e611d9bf-2564-4d9e-ba20-e3ff9cd9361f: Started
2023-03-25 06:06:33,845 [EndpointStateMachine task thread for /0.0.0.0:33123 - 0 ] INFO  ratis.XceiverServerRatis (XceiverServerRatis.java:getRealPort(544)) - XceiverServerRatis e611d9bf-2564-4d9e-ba20-e3ff9cd9361f is started using port 37191 for RATIS_ADMIN
2023-03-25 06:06:33,846 [EndpointStateMachine task thread for /0.0.0.0:33123 - 0 ] INFO  ratis.XceiverServerRatis (XceiverServerRatis.java:getRealPort(544)) - XceiverServerRatis e611d9bf-2564-4d9e-ba20-e3ff9cd9361f is started using port 37191 for RATIS_SERVER
2023-03-25 06:06:33,846 [EndpointStateMachine task thread for /0.0.0.0:33123 - 0 ] INFO  ratis.XceiverServerRatis (XceiverServerRatis.java:getRealPort(544)) - XceiverServerRatis e611d9bf-2564-4d9e-ba20-e3ff9cd9361f is started using port 43565 for RATIS_DATASTREAM
2023-03-25 06:06:33,853 [EndpointStateMachine task thread for /0.0.0.0:33123 - 0 ] INFO  server.XceiverServerGrpc (XceiverServerGrpc.java:start(180)) - XceiverServerGrpc e611d9bf-2564-4d9e-ba20-e3ff9cd9361f is started using port 38461
2023-03-25 06:06:33,855 [BlockDeletingService#0] INFO  interfaces.ContainerDeletionChoosingPolicyTemplate (ContainerDeletionChoosingPolicyTemplate.java:chooseContainerForBlockDeletion(83)) - Chosen 0/5000 blocks from 0 candidate containers.
2023-03-25 06:06:34,570 [IPC Server handler 1 on default port 33123] INFO  net.NetworkTopologyImpl (NetworkTopologyImpl.java:add(112)) - Added a new node: /default-rack/f6b1a8fb-84e0-4eb5-ac02-8b85f50e4e44
2023-03-25 06:06:34,573 [IPC Server handler 1 on default port 33123] INFO  node.SCMNodeManager (SCMNodeManager.java:register(404)) - Registered Data node : f6b1a8fb-84e0-4eb5-ac02-8b85f50e4e44{ip: 10.1.0.6, host: fv-az342-96.ten1ctqyofdufjlm0zzjrrfxse.dx.internal.cloudapp.net, ports: [REPLICATION=36201, RATIS=36457, RATIS_ADMIN=36457, RATIS_SERVER=36457, RATIS_DATASTREAM=38061, STANDALONE=35157], networkLocation: /default-rack, certSerialId: null, persistedOpState: null, persistedOpStateExpiryEpochSec: 0}
2023-03-25 06:06:34,580 [EventQueue-NodeRegistrationContainerReportForDataNodeSafeModeRule] INFO  safemode.SCMSafeModeManager (DataNodeSafeModeRule.java:process(71)) - SCM in safe mode. 1 DataNodes registered, 3 required.
2023-03-25 06:06:34,580 [EventQueue-NewNodeForNewNodeHandler] INFO  pipeline.BackgroundPipelineCreator (BackgroundPipelineCreator.java:notifyEventTriggered(276)) - trigger a one-shot run on RatisPipelineUtilsThread.
2023-03-25 06:06:34,586 [EventQueue-NodeRegistrationContainerReportForContainerSafeModeRule] INFO  safemode.SCMSafeModeManager (SCMSafeModeManager.java:validateSafeModeExitRules(200)) - ContainerSafeModeRule rule is successfully validated
2023-03-25 06:06:34,591 [EventQueue-PipelineReportForOneReplicaPipelineSafeModeRule] INFO  safemode.SCMSafeModeManager (SCMSafeModeManager.java:validateSafeModeExitRules(200)) - AtleastOneDatanodeReportedRule rule is successfully validated
2023-03-25 06:06:34,594 [RatisPipelineUtilsThread - 0] INFO  pipeline.RatisPipelineProvider (RatisPipelineProvider.java:lambda$create$0(206)) - Sending CreatePipelineCommand for pipeline:PipelineID=d9cfc6bb-c574-4036-a5ab-00feacdfe61d to datanode:f6b1a8fb-84e0-4eb5-ac02-8b85f50e4e44
2023-03-25 06:06:34,607 [RatisPipelineUtilsThread - 0] INFO  pipeline.PipelineStateManagerImpl (PipelineStateManagerImpl.java:addPipeline(103)) - Created pipeline Pipeline[ Id: d9cfc6bb-c574-4036-a5ab-00feacdfe61d, Nodes: f6b1a8fb-84e0-4eb5-ac02-8b85f50e4e44(fv-az342-96.ten1ctqyofdufjlm0zzjrrfxse.dx.internal.cloudapp.net/10.1.0.6), ReplicationConfig: RATIS/ONE, State:ALLOCATED, leaderId:, CreationTimestamp2023-03-25T06:06:34.593Z[Etc/UTC]].
2023-03-25 06:06:34,754 [Listener at 127.0.0.1/39073] INFO  ozone.MiniOzoneClusterImpl (MiniOzoneClusterImpl.java:lambda$waitForClusterToBeReady$0(222)) - Waiting for nodes to be ready. Got 1 of 3 DN Heartbeats.
2023-03-25 06:06:34,754 [Listener at 127.0.0.1/39073] INFO  ozone.MiniOzoneClusterImpl (MiniOzoneClusterImpl.java:lambda$waitForClusterToBeReady$0(225)) - Waiting for cluster to exit safe mode
2023-03-25 06:06:34,755 [Listener at 127.0.0.1/39073] INFO  ozone.MiniOzoneClusterImpl (MiniOzoneClusterImpl.java:lambda$waitForClusterToBeReady$0(227)) - SCM became leader
2023-03-25 06:06:35,228 [IPC Server handler 1 on default port 33123] INFO  net.NetworkTopologyImpl (NetworkTopologyImpl.java:add(112)) - Added a new node: /default-rack/629483a1-ee77-4219-bfbf-43723208929e
2023-03-25 06:06:35,228 [IPC Server handler 1 on default port 33123] INFO  node.SCMNodeManager (SCMNodeManager.java:register(404)) - Registered Data node : 629483a1-ee77-4219-bfbf-43723208929e{ip: 10.1.0.6, host: fv-az342-96.ten1ctqyofdufjlm0zzjrrfxse.dx.internal.cloudapp.net, ports: [REPLICATION=38953, RATIS=46597, RATIS_ADMIN=46597, RATIS_SERVER=46597, RATIS_DATASTREAM=43849, STANDALONE=33465], networkLocation: /default-rack, certSerialId: null, persistedOpState: null, persistedOpStateExpiryEpochSec: 0}
2023-03-25 06:06:35,229 [EventQueue-NewNodeForNewNodeHandler] INFO  pipeline.BackgroundPipelineCreator (BackgroundPipelineCreator.java:notifyEventTriggered(276)) - trigger a one-shot run on RatisPipelineUtilsThread.
2023-03-25 06:06:35,229 [EventQueue-NodeRegistrationContainerReportForDataNodeSafeModeRule] INFO  safemode.SCMSafeModeManager (DataNodeSafeModeRule.java:process(71)) - SCM in safe mode. 2 DataNodes registered, 3 required.
2023-03-25 06:06:35,231 [RatisPipelineUtilsThread - 0] INFO  pipeline.RatisPipelineProvider (RatisPipelineProvider.java:lambda$create$0(206)) - Sending CreatePipelineCommand for pipeline:PipelineID=f8f6cff0-1ab0-4f6b-85eb-c880f8d117e6 to datanode:629483a1-ee77-4219-bfbf-43723208929e
2023-03-25 06:06:35,231 [RatisPipelineUtilsThread - 0] INFO  pipeline.PipelineStateManagerImpl (PipelineStateManagerImpl.java:addPipeline(103)) - Created pipeline Pipeline[ Id: f8f6cff0-1ab0-4f6b-85eb-c880f8d117e6, Nodes: 629483a1-ee77-4219-bfbf-43723208929e(fv-az342-96.ten1ctqyofdufjlm0zzjrrfxse.dx.internal.cloudapp.net/10.1.0.6), ReplicationConfig: RATIS/ONE, State:ALLOCATED, leaderId:, CreationTimestamp2023-03-25T06:06:35.230Z[Etc/UTC]].
2023-03-25 06:06:35,755 [Listener at 127.0.0.1/39073] INFO  ozone.MiniOzoneClusterImpl (MiniOzoneClusterImpl.java:lambda$waitForClusterToBeReady$0(222)) - Waiting for nodes to be ready. Got 2 of 3 DN Heartbeats.
2023-03-25 06:06:35,755 [Listener at 127.0.0.1/39073] INFO  ozone.MiniOzoneClusterImpl (MiniOzoneClusterImpl.java:lambda$waitForClusterToBeReady$0(225)) - Waiting for cluster to exit safe mode
2023-03-25 06:06:35,756 [Listener at 127.0.0.1/39073] INFO  ozone.MiniOzoneClusterImpl (MiniOzoneClusterImpl.java:lambda$waitForClusterToBeReady$0(227)) - SCM became leader
2023-03-25 06:06:35,779 [IPC Server handler 0 on default port 33123] INFO  net.NetworkTopologyImpl (NetworkTopologyImpl.java:add(112)) - Added a new node: /default-rack/e611d9bf-2564-4d9e-ba20-e3ff9cd9361f
2023-03-25 06:06:35,779 [IPC Server handler 0 on default port 33123] INFO  node.SCMNodeManager (SCMNodeManager.java:register(404)) - Registered Data node : e611d9bf-2564-4d9e-ba20-e3ff9cd9361f{ip: 10.1.0.6, host: fv-az342-96.ten1ctqyofdufjlm0zzjrrfxse.dx.internal.cloudapp.net, ports: [REPLICATION=43759, RATIS=37191, RATIS_ADMIN=37191, RATIS_SERVER=37191, RATIS_DATASTREAM=43565, STANDALONE=38461], networkLocation: /default-rack, certSerialId: null, persistedOpState: null, persistedOpStateExpiryEpochSec: 0}
2023-03-25 06:06:35,780 [EventQueue-NewNodeForNewNodeHandler] INFO  pipeline.BackgroundPipelineCreator (BackgroundPipelineCreator.java:notifyEventTriggered(276)) - trigger a one-shot run on RatisPipelineUtilsThread.
2023-03-25 06:06:35,780 [EventQueue-NodeRegistrationContainerReportForDataNodeSafeModeRule] INFO  safemode.SCMSafeModeManager (DataNodeSafeModeRule.java:process(71)) - SCM in safe mode. 3 DataNodes registered, 3 required.
2023-03-25 06:06:35,780 [EventQueue-NodeRegistrationContainerReportForDataNodeSafeModeRule] INFO  safemode.SCMSafeModeManager (SCMSafeModeManager.java:validateSafeModeExitRules(200)) - DataNodeSafeModeRule rule is successfully validated
2023-03-25 06:06:35,780 [EventQueue-NodeRegistrationContainerReportForDataNodeSafeModeRule] INFO  safemode.SCMSafeModeManager (SCMSafeModeManager.java:completePreCheck(229)) - All SCM safe mode pre check rules have passed
2023-03-25 06:06:35,780 [EventQueue-NodeRegistrationContainerReportForDataNodeSafeModeRule] INFO  ha.SCMContext (SCMContext.java:updateSafeModeStatus(228)) - Update SafeModeStatus from SafeModeStatus{safeModeStatus=true, preCheckPassed=false} to SafeModeStatus{safeModeStatus=true, preCheckPassed=true}.
2023-03-25 06:06:35,781 [RatisPipelineUtilsThread - 0] INFO  pipeline.RatisPipelineProvider (RatisPipelineProvider.java:lambda$create$0(206)) - Sending CreatePipelineCommand for pipeline:PipelineID=c6c67895-233c-4c58-8bdf-d01a20eba513 to datanode:e611d9bf-2564-4d9e-ba20-e3ff9cd9361f
2023-03-25 06:06:35,781 [EventQueue-NodeRegistrationContainerReportForDataNodeSafeModeRule] INFO  pipeline.BackgroundPipelineCreator (BackgroundPipelineCreator.java:notifyEventTriggered(276)) - trigger a one-shot run on RatisPipelineUtilsThread.
2023-03-25 06:06:35,782 [RatisPipelineUtilsThread - 0] INFO  pipeline.PipelineStateManagerImpl (PipelineStateManagerImpl.java:addPipeline(103)) - Created pipeline Pipeline[ Id: c6c67895-233c-4c58-8bdf-d01a20eba513, Nodes: e611d9bf-2564-4d9e-ba20-e3ff9cd9361f(fv-az342-96.ten1ctqyofdufjlm0zzjrrfxse.dx.internal.cloudapp.net/10.1.0.6), ReplicationConfig: RATIS/ONE, State:ALLOCATED, leaderId:, CreationTimestamp2023-03-25T06:06:35.781Z[Etc/UTC]].
2023-03-25 06:06:35,788 [RatisPipelineUtilsThread - 0] INFO  pipeline.RatisPipelineProvider (RatisPipelineProvider.java:lambda$create$0(206)) - Sending CreatePipelineCommand for pipeline:PipelineID=e15fedd1-d5cd-4fa7-a2c9-7deeb221616f to datanode:e611d9bf-2564-4d9e-ba20-e3ff9cd9361f
2023-03-25 06:06:35,788 [RatisPipelineUtilsThread - 0] INFO  pipeline.RatisPipelineProvider (RatisPipelineProvider.java:lambda$create$0(206)) - Sending CreatePipelineCommand for pipeline:PipelineID=e15fedd1-d5cd-4fa7-a2c9-7deeb221616f to datanode:f6b1a8fb-84e0-4eb5-ac02-8b85f50e4e44
2023-03-25 06:06:35,788 [RatisPipelineUtilsThread - 0] INFO  pipeline.RatisPipelineProvider (RatisPipelineProvider.java:lambda$create$0(206)) - Sending CreatePipelineCommand for pipeline:PipelineID=e15fedd1-d5cd-4fa7-a2c9-7deeb221616f to datanode:629483a1-ee77-4219-bfbf-43723208929e
2023-03-25 06:06:35,789 [RatisPipelineUtilsThread - 0] INFO  pipeline.PipelineStateManagerImpl (PipelineStateManagerImpl.java:addPipeline(103)) - Created pipeline Pipeline[ Id: e15fedd1-d5cd-4fa7-a2c9-7deeb221616f, Nodes: e611d9bf-2564-4d9e-ba20-e3ff9cd9361f(fv-az342-96.ten1ctqyofdufjlm0zzjrrfxse.dx.internal.cloudapp.net/10.1.0.6)f6b1a8fb-84e0-4eb5-ac02-8b85f50e4e44(fv-az342-96.ten1ctqyofdufjlm0zzjrrfxse.dx.internal.cloudapp.net/10.1.0.6)629483a1-ee77-4219-bfbf-43723208929e(fv-az342-96.ten1ctqyofdufjlm0zzjrrfxse.dx.internal.cloudapp.net/10.1.0.6), ReplicationConfig: RATIS/THREE, State:ALLOCATED, leaderId:, CreationTimestamp2023-03-25T06:06:35.788Z[Etc/UTC]].
2023-03-25 06:06:35,791 [RatisPipelineUtilsThread - 0] INFO  pipeline.RatisPipelineProvider (RatisPipelineProvider.java:lambda$create$0(206)) - Sending CreatePipelineCommand for pipeline:PipelineID=ac3d57e5-3f29-4911-8f31-7f05cb352d84 to datanode:f6b1a8fb-84e0-4eb5-ac02-8b85f50e4e44
2023-03-25 06:06:35,791 [RatisPipelineUtilsThread - 0] INFO  pipeline.RatisPipelineProvider (RatisPipelineProvider.java:lambda$create$0(206)) - Sending CreatePipelineCommand for pipeline:PipelineID=ac3d57e5-3f29-4911-8f31-7f05cb352d84 to datanode:629483a1-ee77-4219-bfbf-43723208929e
2023-03-25 06:06:35,791 [RatisPipelineUtilsThread - 0] INFO  pipeline.RatisPipelineProvider (RatisPipelineProvider.java:lambda$create$0(206)) - Sending CreatePipelineCommand for pipeline:PipelineID=ac3d57e5-3f29-4911-8f31-7f05cb352d84 to datanode:e611d9bf-2564-4d9e-ba20-e3ff9cd9361f
2023-03-25 06:06:35,792 [RatisPipelineUtilsThread - 0] INFO  pipeline.PipelineStateManagerImpl (PipelineStateManagerImpl.java:addPipeline(103)) - Created pipeline Pipeline[ Id: ac3d57e5-3f29-4911-8f31-7f05cb352d84, Nodes: f6b1a8fb-84e0-4eb5-ac02-8b85f50e4e44(fv-az342-96.ten1ctqyofdufjlm0zzjrrfxse.dx.internal.cloudapp.net/10.1.0.6)629483a1-ee77-4219-bfbf-43723208929e(fv-az342-96.ten1ctqyofdufjlm0zzjrrfxse.dx.internal.cloudapp.net/10.1.0.6)e611d9bf-2564-4d9e-ba20-e3ff9cd9361f(fv-az342-96.ten1ctqyofdufjlm0zzjrrfxse.dx.internal.cloudapp.net/10.1.0.6), ReplicationConfig: RATIS/THREE, State:ALLOCATED, leaderId:, CreationTimestamp2023-03-25T06:06:35.791Z[Etc/UTC]].
2023-03-25 06:06:35,793 [RatisPipelineUtilsThread - 0] INFO  pipeline.PipelineManagerImpl (PipelineManagerImpl.java:recordMetricsForPipeline(826)) - Pipeline: PipelineID=ac3d57e5-3f29-4911-8f31-7f05cb352d84 contains same datanodes as previous pipelines: PipelineID=e15fedd1-d5cd-4fa7-a2c9-7deeb221616f nodeIds: f6b1a8fb-84e0-4eb5-ac02-8b85f50e4e44, 629483a1-ee77-4219-bfbf-43723208929e, e611d9bf-2564-4d9e-ba20-e3ff9cd9361f
2023-03-25 06:06:35,793 [RatisPipelineUtilsThread - 0] WARN  pipeline.PipelinePlacementPolicy (PipelinePlacementPolicy.java:filterViableNodes(160)) - Pipeline creation failed due to no sufficient healthy datanodes. Required 3. Found 0. Excluded 3.
2023-03-25 06:06:35,794 [RatisPipelineUtilsThread - 0] WARN  pipeline.PipelinePlacementPolicy (PipelinePlacementPolicy.java:filterViableNodes(160)) - Pipeline creation failed due to no sufficient healthy datanodes. Required 3. Found 0. Excluded 3.
2023-03-25 06:06:36,756 [Listener at 127.0.0.1/39073] INFO  ozone.MiniOzoneClusterImpl (MiniOzoneClusterImpl.java:lambda$waitForClusterToBeReady$0(222)) - Nodes are ready. Got 3 of 3 DN Heartbeats.
2023-03-25 06:06:36,757 [Listener at 127.0.0.1/39073] INFO  ozone.MiniOzoneClusterImpl (MiniOzoneClusterImpl.java:lambda$waitForClusterToBeReady$0(225)) - Waiting for cluster to exit safe mode
2023-03-25 06:06:36,757 [Listener at 127.0.0.1/39073] INFO  ozone.MiniOzoneClusterImpl (MiniOzoneClusterImpl.java:lambda$waitForClusterToBeReady$0(227)) - SCM became leader
2023-03-25 06:06:37,561 [Command processor thread] INFO  server.RaftServer (RaftServerProxy.java:addNew(96)) - f6b1a8fb-84e0-4eb5-ac02-8b85f50e4e44: addNew group-00FEACDFE61D:[f6b1a8fb-84e0-4eb5-ac02-8b85f50e4e44|rpc:10.1.0.6:36457|dataStream:10.1.0.6:38061|priority:1|startupRole:FOLLOWER] returns group-00FEACDFE61D:java.util.concurrent.CompletableFuture@bc5fe2f[Not completed]
2023-03-25 06:06:37,574 [pool-74-thread-1] INFO  server.RaftServer$Division (RaftServerImpl.java:<init>(195)) - f6b1a8fb-84e0-4eb5-ac02-8b85f50e4e44: new RaftServerImpl for group-00FEACDFE61D:[f6b1a8fb-84e0-4eb5-ac02-8b85f50e4e44|rpc:10.1.0.6:36457|dataStream:10.1.0.6:38061|priority:1|startupRole:FOLLOWER] with ContainerStateMachine:uninitialized
2023-03-25 06:06:37,575 [pool-74-thread-1] INFO  server.RaftServerConfigKeys (ConfUtils.java:logGet(46)) - raft.server.rpc.timeout.min = 5s (custom)
2023-03-25 06:06:37,575 [pool-74-thread-1] INFO  server.RaftServerConfigKeys (ConfUtils.java:logGet(46)) - raft.server.rpc.timeout.max = 5200ms (custom)
2023-03-25 06:06:37,575 [pool-74-thread-1] INFO  server.RaftServerConfigKeys (ConfUtils.java:logGet(46)) - raft.server.rpc.sleep.time = 25ms (default)
2023-03-25 06:06:37,575 [pool-74-thread-1] INFO  server.RaftServerConfigKeys (ConfUtils.java:logGet(46)) - raft.server.rpc.slowness.timeout = 300s (custom)
2023-03-25 06:06:37,575 [pool-74-thread-1] INFO  server.RaftServerConfigKeys (ConfUtils.java:logGet(46)) - raft.server.leaderelection.leader.step-down.wait-time = 10s (default)
2023-03-25 06:06:37,575 [pool-74-thread-1] INFO  server.RaftServerConfigKeys (ConfUtils.java:logGet(46)) - raft.server.sleep.deviation.threshold = 300ms (default)
2023-03-25 06:06:37,575 [pool-74-thread-1] INFO  server.RaftServer$Division (ServerState.java:<init>(118)) - f6b1a8fb-84e0-4eb5-ac02-8b85f50e4e44@group-00FEACDFE61D: ConfigurationManager, init=-1: peers:[f6b1a8fb-84e0-4eb5-ac02-8b85f50e4e44|rpc:10.1.0.6:36457|dataStream:10.1.0.6:38061|priority:1|startupRole:FOLLOWER]|listeners:[], old=null, confs=<EMPTY_MAP>
2023-03-25 06:06:37,575 [pool-74-thread-1] INFO  server.RaftServerConfigKeys (ConfUtils.java:logGet(46)) - raft.server.storage.dir = [/home/runner/work/ozone/ozone/hadoop-ozone/integration-test/target/test-dir/MiniOzoneClusterImpl-a610bbfc-ad57-4888-ac65-e976b37cd1f3/datanode-0/data/ratis] (custom)
2023-03-25 06:06:37,575 [pool-74-thread-1] INFO  server.RaftServerConfigKeys (ConfUtils.java:logGet(46)) - raft.server.log.corruption.policy = EXCEPTION (default)
2023-03-25 06:06:37,576 [pool-74-thread-1] INFO  server.RaftServerConfigKeys (ConfUtils.java:logGet(46)) - raft.server.storage.free-space.min = 0MB (=0) (default)
2023-03-25 06:06:37,576 [pool-74-thread-1] INFO  server.RaftServerConfigKeys (ConfUtils.java:logGet(46)) - raft.server.notification.no-leader.timeout = 300s (custom)
2023-03-25 06:06:37,576 [pool-74-thread-1] INFO  server.RaftServerConfigKeys (ConfUtils.java:logGet(46)) - raft.server.retrycache.expirytime = 600000ms (custom)
2023-03-25 06:06:37,576 [pool-74-thread-1] INFO  server.RaftServerConfigKeys (ConfUtils.java:logGet(46)) - raft.server.retrycache.statistics.expirytime = 100μs (default)
2023-03-25 06:06:37,578 [pool-74-thread-1] INFO  server.RaftServerConfigKeys (ConfUtils.java:logGet(46)) - raft.server.log.appender.install.snapshot.enabled = false (custom)
2023-03-25 06:06:37,578 [pool-74-thread-1] INFO  server.RaftServerConfigKeys (ConfUtils.java:logGet(46)) - raft.server.threadpool.server.cached = true (default)
2023-03-25 06:06:37,578 [pool-74-thread-1] INFO  server.RaftServerConfigKeys (ConfUtils.java:logGet(46)) - raft.server.threadpool.server.size = 0 (default)
2023-03-25 06:06:37,579 [pool-74-thread-1] INFO  server.RaftServerConfigKeys (ConfUtils.java:logGet(46)) - raft.server.threadpool.client.cached = true (default)
2023-03-25 06:06:37,579 [pool-74-thread-1] INFO  server.RaftServerConfigKeys (ConfUtils.java:logGet(46)) - raft.server.threadpool.client.size = 0 (default)
2023-03-25 06:06:37,579 [pool-74-thread-1] INFO  storage.RaftStorageDirectory (RaftStorageDirectoryImpl.java:analyzeStorage(137)) - The storage directory /home/runner/work/ozone/ozone/hadoop-ozone/integration-test/target/test-dir/MiniOzoneClusterImpl-a610bbfc-ad57-4888-ac65-e976b37cd1f3/datanode-0/data/ratis/d9cfc6bb-c574-4036-a5ab-00feacdfe61d does not exist. Creating ...
2023-03-25 06:06:37,581 [pool-74-thread-1] INFO  storage.RaftStorageDirectory (RaftStorageDirectoryImpl.java:tryLock(231)) - Lock on /home/runner/work/ozone/ozone/hadoop-ozone/integration-test/target/test-dir/MiniOzoneClusterImpl-a610bbfc-ad57-4888-ac65-e976b37cd1f3/datanode-0/data/ratis/d9cfc6bb-c574-4036-a5ab-00feacdfe61d/in_use.lock acquired by nodename 22552@fv-az342-96
2023-03-25 06:06:37,584 [pool-74-thread-1] INFO  storage.RaftStorage (RaftStorageImpl.java:format(96)) - Storage directory /home/runner/work/ozone/ozone/hadoop-ozone/integration-test/target/test-dir/MiniOzoneClusterImpl-a610bbfc-ad57-4888-ac65-e976b37cd1f3/datanode-0/data/ratis/d9cfc6bb-c574-4036-a5ab-00feacdfe61d has been successfully formatted.
2023-03-25 06:06:37,595 [pool-74-thread-1] INFO  ratis.ContainerStateMachine (ContainerStateMachine.java:loadSnapshot(262)) - group-00FEACDFE61D: The snapshot info is null. Setting the last applied indexto:(t:0, i:~)
2023-03-25 06:06:37,596 [pool-74-thread-1] INFO  server.RaftServerConfigKeys (ConfUtils.java:logGet(46)) - raft.server.log.use.memory = false (default)
2023-03-25 06:06:37,596 [pool-74-thread-1] INFO  server.RaftServerConfigKeys (ConfUtils.java:logGet(46)) - raft.server.log.purge.gap = 1000000 (custom)
2023-03-25 06:06:37,596 [pool-74-thread-1] INFO  server.RaftServerConfigKeys (ConfUtils.java:logGet(46)) - raft.server.log.appender.buffer.byte-limit = 33554432 (custom)
2023-03-25 06:06:37,596 [pool-74-thread-1] INFO  server.RaftServerConfigKeys (ConfUtils.java:logGet(46)) - raft.server.log.statemachine.data.read.timeout = 1000ms (default)
2023-03-25 06:06:37,596 [pool-74-thread-1] INFO  server.RaftServerConfigKeys (ConfUtils.java:logGet(46)) - raft.server.log.purge.preservation.log.num = 0 (default)
2023-03-25 06:06:37,596 [pool-74-thread-1] INFO  server.RaftServerConfigKeys (ConfUtils.java:logGet(46)) - raft.server.log.segment.size.max = 1048576 (custom)
2023-03-25 06:06:37,598 [pool-74-thread-1] INFO  server.RaftServerConfigKeys (ConfUtils.java:logGet(46)) - raft.server.log.segment.cache.num.max = 2 (custom)
2023-03-25 06:06:37,598 [pool-74-thread-1] INFO  server.RaftServerConfigKeys (ConfUtils.java:logGet(46)) - raft.server.log.segment.cache.size.max = 200MB (=209715200) (default)
2023-03-25 06:06:37,598 [pool-74-thread-1] INFO  segmented.SegmentedRaftLogWorker (SegmentedRaftLogWorker.java:<init>(189)) - new f6b1a8fb-84e0-4eb5-ac02-8b85f50e4e44@group-00FEACDFE61D-SegmentedRaftLogWorker for RaftStorageImpl:Storage Directory /home/runner/work/ozone/ozone/hadoop-ozone/integration-test/target/test-dir/MiniOzoneClusterImpl-a610bbfc-ad57-4888-ac65-e976b37cd1f3/datanode-0/data/ratis/d9cfc6bb-c574-4036-a5ab-00feacdfe61d
2023-03-25 06:06:37,598 [pool-74-thread-1] INFO  server.RaftServerConfigKeys (ConfUtils.java:logGet(46)) - raft.server.log.queue.byte-limit = 4294967296 (custom)
2023-03-25 06:06:37,598 [pool-74-thread-1] INFO  server.RaftServerConfigKeys (ConfUtils.java:logGet(46)) - raft.server.log.queue.element-limit = 1024 (custom)
2023-03-25 06:06:37,600 [pool-74-thread-1] INFO  server.RaftServerConfigKeys (ConfUtils.java:logGet(46)) - raft.server.log.segment.size.max = 1048576 (custom)
2023-03-25 06:06:37,600 [pool-74-thread-1] INFO  server.RaftServerConfigKeys (ConfUtils.java:logGet(46)) - raft.server.log.preallocated.size = 16384 (custom)
2023-03-25 06:06:37,600 [pool-74-thread-1] INFO  server.RaftServerConfigKeys (ConfUtils.java:logGet(46)) - raft.server.log.force.sync.num = 128 (default)
2023-03-25 06:06:37,600 [pool-74-thread-1] INFO  server.RaftServerConfigKeys (ConfUtils.java:logGet(46)) - raft.server.log.statemachine.data.sync = true (default)
2023-03-25 06:06:37,600 [pool-74-thread-1] INFO  server.RaftServerConfigKeys (ConfUtils.java:logGet(46)) - raft.server.log.statemachine.data.sync.timeout = 10s (default)
2023-03-25 06:06:37,600 [pool-74-thread-1] INFO  server.RaftServerConfigKeys (ConfUtils.java:logGet(46)) - raft.server.log.statemachine.data.sync.timeout.retry = -1 (default)
2023-03-25 06:06:37,604 [pool-74-thread-1] INFO  server.RaftServerConfigKeys (ConfUtils.java:logGet(46)) - raft.server.log.write.buffer.size = 1048576 (custom)
2023-03-25 06:06:37,605 [pool-74-thread-1] INFO  server.RaftServerConfigKeys (ConfUtils.java:logGet(46)) - raft.server.log.appender.buffer.byte-limit = 33554432 (custom)
2023-03-25 06:06:37,615 [pool-74-thread-1] INFO  server.RaftServerConfigKeys (ConfUtils.java:logGet(46)) - raft.server.log.unsafe-flush.enabled = false (default)
2023-03-25 06:06:37,615 [pool-74-thread-1] INFO  server.RaftServerConfigKeys (ConfUtils.java:logGet(46)) - raft.server.log.async-flush.enabled = false (default)
2023-03-25 06:06:37,617 [pool-74-thread-1] INFO  server.RaftServerConfigKeys (ConfUtils.java:logGet(46)) - raft.server.log.statemachine.data.caching.enabled = true (custom)
2023-03-25 06:06:37,617 [EventQueue-PipelineReportForPipelineReportHandler] INFO  pipeline.PipelineManagerImpl (PipelineManagerImpl.java:openPipeline(367)) - Pipeline Pipeline[ Id: d9cfc6bb-c574-4036-a5ab-00feacdfe61d, Nodes: f6b1a8fb-84e0-4eb5-ac02-8b85f50e4e44(fv-az342-96.ten1ctqyofdufjlm0zzjrrfxse.dx.internal.cloudapp.net/10.1.0.6), ReplicationConfig: RATIS/ONE, State:ALLOCATED, leaderId:f6b1a8fb-84e0-4eb5-ac02-8b85f50e4e44, CreationTimestamp2023-03-25T06:06:34.593Z[Etc/UTC]] moved to OPEN state
2023-03-25 06:06:37,617 [pool-74-thread-1] INFO  segmented.SegmentedRaftLogWorker (SegmentedRaftLogWorker.java:lambda$new$0(135)) - f6b1a8fb-84e0-4eb5-ac02-8b85f50e4e44@group-00FEACDFE61D-SegmentedRaftLogWorker: flushIndex: setUnconditionally 0 -> -1
2023-03-25 06:06:37,617 [pool-74-thread-1] INFO  segmented.SegmentedRaftLogWorker (SegmentedRaftLogWorker.java:lambda$new$0(135)) - f6b1a8fb-84e0-4eb5-ac02-8b85f50e4e44@group-00FEACDFE61D-SegmentedRaftLogWorker: safeCacheEvictIndex: setUnconditionally 0 -> -1
2023-03-25 06:06:37,626 [pool-74-thread-1] INFO  server.RaftServer$Division (RaftServerImpl.java:start(334)) - f6b1a8fb-84e0-4eb5-ac02-8b85f50e4e44@group-00FEACDFE61D: start as a follower, conf=-1: peers:[f6b1a8fb-84e0-4eb5-ac02-8b85f50e4e44|rpc:10.1.0.6:36457|dataStream:10.1.0.6:38061|priority:1|startupRole:FOLLOWER]|listeners:[], old=null
2023-03-25 06:06:37,626 [pool-74-thread-1] INFO  server.RaftServer$Division (RaftServerImpl.java:setRole(321)) - f6b1a8fb-84e0-4eb5-ac02-8b85f50e4e44@group-00FEACDFE61D: changes role from      null to FOLLOWER at term 0 for startAsFollower
2023-03-25 06:06:37,626 [pool-74-thread-1] INFO  impl.RoleInfo (RoleInfo.java:updateAndGet(139)) - f6b1a8fb-84e0-4eb5-ac02-8b85f50e4e44: start f6b1a8fb-84e0-4eb5-ac02-8b85f50e4e44@group-00FEACDFE61D-FollowerState
2023-03-25 06:06:37,626 [EventQueue-OpenPipelineForHealthyPipelineSafeModeRule] INFO  safemode.SCMSafeModeManager (HealthyPipelineSafeModeRule.java:process(137)) - SCM in safe mode. Healthy pipelines reported count is 0, required healthy pipeline reported count is 1
2023-03-25 06:06:37,627 [f6b1a8fb-84e0-4eb5-ac02-8b85f50e4e44@group-00FEACDFE61D-FollowerState] INFO  server.RaftServerConfigKeys (ConfUtils.java:logFallback(53)) - raft.server.rpc.first-election.timeout.min = 5s (fallback to raft.server.rpc.timeout.min)
2023-03-25 06:06:37,627 [f6b1a8fb-84e0-4eb5-ac02-8b85f50e4e44@group-00FEACDFE61D-FollowerState] INFO  server.RaftServerConfigKeys (ConfUtils.java:logFallback(53)) - raft.server.rpc.first-election.timeout.max = 5200ms (fallback to raft.server.rpc.timeout.max)
2023-03-25 06:06:37,626 [pool-74-thread-1] INFO  util.JmxRegister (JmxRegister.java:tryRegister(44)) - Successfully registered JMX Bean with object name Ratis:service=RaftServer,group=group-00FEACDFE61D,id=f6b1a8fb-84e0-4eb5-ac02-8b85f50e4e44
2023-03-25 06:06:37,628 [pool-74-thread-1] INFO  server.RaftServerConfigKeys (ConfUtils.java:logGet(46)) - raft.server.snapshot.auto.trigger.enabled = true (custom)
2023-03-25 06:06:37,628 [pool-74-thread-1] INFO  server.RaftServerConfigKeys (ConfUtils.java:logGet(46)) - raft.server.snapshot.auto.trigger.threshold = 10000 (custom)
2023-03-25 06:06:37,628 [pool-74-thread-1] INFO  server.RaftServerConfigKeys (ConfUtils.java:logGet(46)) - raft.server.snapshot.retention.file.num = 5 (custom)
2023-03-25 06:06:37,628 [pool-74-thread-1] INFO  server.RaftServerConfigKeys (ConfUtils.java:logGet(46)) - raft.server.log.purge.upto.snapshot.index = false (default)
2023-03-25 06:06:37,640 [Command processor thread] INFO  ratis.XceiverServerRatis (XceiverServerRatis.java:addGroup(807)) - Created group PipelineID=d9cfc6bb-c574-4036-a5ab-00feacdfe61d
2023-03-25 06:06:37,641 [Command processor thread] INFO  commandhandler.CreatePipelineCommandHandler (CreatePipelineCommandHandler.java:handle(113)) - Created Pipeline RATIS ONE PipelineID=d9cfc6bb-c574-4036-a5ab-00feacdfe61d.
2023-03-25 06:06:37,641 [Command processor thread] INFO  server.RaftServer (RaftServerProxy.java:addNew(96)) - f6b1a8fb-84e0-4eb5-ac02-8b85f50e4e44: addNew group-7DEEB221616F:[e611d9bf-2564-4d9e-ba20-e3ff9cd9361f|rpc:10.1.0.6:37191|dataStream:10.1.0.6:43565|priority:0|startupRole:FOLLOWER, 629483a1-ee77-4219-bfbf-43723208929e|rpc:10.1.0.6:46597|dataStream:10.1.0.6:43849|priority:1|startupRole:FOLLOWER, f6b1a8fb-84e0-4eb5-ac02-8b85f50e4e44|rpc:10.1.0.6:36457|dataStream:10.1.0.6:38061|priority:0|startupRole:FOLLOWER] returns group-7DEEB221616F:java.util.concurrent.CompletableFuture@52a5896d[Not completed]
2023-03-25 06:06:37,647 [pool-74-thread-1] INFO  server.RaftServer$Division (RaftServerImpl.java:<init>(195)) - f6b1a8fb-84e0-4eb5-ac02-8b85f50e4e44: new RaftServerImpl for group-7DEEB221616F:[e611d9bf-2564-4d9e-ba20-e3ff9cd9361f|rpc:10.1.0.6:37191|dataStream:10.1.0.6:43565|priority:0|startupRole:FOLLOWER, 629483a1-ee77-4219-bfbf-43723208929e|rpc:10.1.0.6:46597|dataStream:10.1.0.6:43849|priority:1|startupRole:FOLLOWER, f6b1a8fb-84e0-4eb5-ac02-8b85f50e4e44|rpc:10.1.0.6:36457|dataStream:10.1.0.6:38061|priority:0|startupRole:FOLLOWER] with ContainerStateMachine:uninitialized
2023-03-25 06:06:37,647 [pool-74-thread-1] INFO  server.RaftServerConfigKeys (ConfUtils.java:logGet(46)) - raft.server.rpc.timeout.min = 5s (custom)
2023-03-25 06:06:37,647 [pool-74-thread-1] INFO  server.RaftServerConfigKeys (ConfUtils.java:logGet(46)) - raft.server.rpc.timeout.max = 5200ms (custom)
2023-03-25 06:06:37,654 [pool-74-thread-1] INFO  server.RaftServerConfigKeys (ConfUtils.java:logGet(46)) - raft.server.rpc.sleep.time = 25ms (default)
2023-03-25 06:06:37,654 [pool-74-thread-1] INFO  server.RaftServerConfigKeys (ConfUtils.java:logGet(46)) - raft.server.rpc.slowness.timeout = 300s (custom)
2023-03-25 06:06:37,654 [pool-74-thread-1] INFO  server.RaftServerConfigKeys (ConfUtils.java:logGet(46)) - raft.server.leaderelection.leader.step-down.wait-time = 10s (default)
2023-03-25 06:06:37,654 [pool-74-thread-1] INFO  server.RaftServerConfigKeys (ConfUtils.java:logGet(46)) - raft.server.sleep.deviation.threshold = 300ms (default)
2023-03-25 06:06:37,654 [pool-74-thread-1] INFO  server.RaftServer$Division (ServerState.java:<init>(118)) - f6b1a8fb-84e0-4eb5-ac02-8b85f50e4e44@group-7DEEB221616F: ConfigurationManager, init=-1: peers:[e611d9bf-2564-4d9e-ba20-e3ff9cd9361f|rpc:10.1.0.6:37191|dataStream:10.1.0.6:43565|priority:0|startupRole:FOLLOWER, 629483a1-ee77-4219-bfbf-43723208929e|rpc:10.1.0.6:46597|dataStream:10.1.0.6:43849|priority:1|startupRole:FOLLOWER, f6b1a8fb-84e0-4eb5-ac02-8b85f50e4e44|rpc:10.1.0.6:36457|dataStream:10.1.0.6:38061|priority:0|startupRole:FOLLOWER]|listeners:[], old=null, confs=<EMPTY_MAP>
2023-03-25 06:06:37,654 [pool-74-thread-1] INFO  server.RaftServerConfigKeys (ConfUtils.java:logGet(46)) - raft.server.storage.dir = [/home/runner/work/ozone/ozone/hadoop-ozone/integration-test/target/test-dir/MiniOzoneClusterImpl-a610bbfc-ad57-4888-ac65-e976b37cd1f3/datanode-0/data/ratis] (custom)
2023-03-25 06:06:37,654 [pool-74-thread-1] INFO  server.RaftServerConfigKeys (ConfUtils.java:logGet(46)) - raft.server.log.corruption.policy = EXCEPTION (default)
2023-03-25 06:06:37,654 [pool-74-thread-1] INFO  server.RaftServerConfigKeys (ConfUtils.java:logGet(46)) - raft.server.storage.free-space.min = 0MB (=0) (default)
2023-03-25 06:06:37,654 [pool-74-thread-1] INFO  server.RaftServerConfigKeys (ConfUtils.java:logGet(46)) - raft.server.notification.no-leader.timeout = 300s (custom)
2023-03-25 06:06:37,655 [pool-74-thread-1] INFO  server.RaftServerConfigKeys (ConfUtils.java:logGet(46)) - raft.server.retrycache.expirytime = 600000ms (custom)
2023-03-25 06:06:37,655 [pool-74-thread-1] INFO  server.RaftServerConfigKeys (ConfUtils.java:logGet(46)) - raft.server.retrycache.statistics.expirytime = 100μs (default)
2023-03-25 06:06:37,657 [pool-74-thread-1] INFO  server.RaftServerConfigKeys (ConfUtils.java:logGet(46)) - raft.server.log.appender.install.snapshot.enabled = false (custom)
2023-03-25 06:06:37,657 [pool-74-thread-1] INFO  server.RaftServerConfigKeys (ConfUtils.java:logGet(46)) - raft.server.threadpool.server.cached = true (default)
2023-03-25 06:06:37,657 [pool-74-thread-1] INFO  server.RaftServerConfigKeys (ConfUtils.java:logGet(46)) - raft.server.threadpool.server.size = 0 (default)
2023-03-25 06:06:37,657 [pool-74-thread-1] INFO  server.RaftServerConfigKeys (ConfUtils.java:logGet(46)) - raft.server.threadpool.client.cached = true (default)
2023-03-25 06:06:37,657 [pool-74-thread-1] INFO  server.RaftServerConfigKeys (ConfUtils.java:logGet(46)) - raft.server.threadpool.client.size = 0 (default)
2023-03-25 06:06:37,657 [pool-74-thread-1] INFO  storage.RaftStorageDirectory (RaftStorageDirectoryImpl.java:analyzeStorage(137)) - The storage directory /home/runner/work/ozone/ozone/hadoop-ozone/integration-test/target/test-dir/MiniOzoneClusterImpl-a610bbfc-ad57-4888-ac65-e976b37cd1f3/datanode-0/data/ratis/e15fedd1-d5cd-4fa7-a2c9-7deeb221616f does not exist. Creating ...
2023-03-25 06:06:37,661 [pool-74-thread-1] INFO  storage.RaftStorageDirectory (RaftStorageDirectoryImpl.java:tryLock(231)) - Lock on /home/runner/work/ozone/ozone/hadoop-ozone/integration-test/target/test-dir/MiniOzoneClusterImpl-a610bbfc-ad57-4888-ac65-e976b37cd1f3/datanode-0/data/ratis/e15fedd1-d5cd-4fa7-a2c9-7deeb221616f/in_use.lock acquired by nodename 22552@fv-az342-96
2023-03-25 06:06:37,663 [pool-74-thread-1] INFO  storage.RaftStorage (RaftStorageImpl.java:format(96)) - Storage directory /home/runner/work/ozone/ozone/hadoop-ozone/integration-test/target/test-dir/MiniOzoneClusterImpl-a610bbfc-ad57-4888-ac65-e976b37cd1f3/datanode-0/data/ratis/e15fedd1-d5cd-4fa7-a2c9-7deeb221616f has been successfully formatted.
2023-03-25 06:06:37,664 [pool-74-thread-1] INFO  ratis.ContainerStateMachine (ContainerStateMachine.java:loadSnapshot(262)) - group-7DEEB221616F: The snapshot info is null. Setting the last applied indexto:(t:0, i:~)
2023-03-25 06:06:37,664 [pool-74-thread-1] INFO  server.RaftServerConfigKeys (ConfUtils.java:logGet(46)) - raft.server.log.use.memory = false (default)
2023-03-25 06:06:37,664 [pool-74-thread-1] INFO  server.RaftServerConfigKeys (ConfUtils.java:logGet(46)) - raft.server.log.purge.gap = 1000000 (custom)
2023-03-25 06:06:37,664 [pool-74-thread-1] INFO  server.RaftServerConfigKeys (ConfUtils.java:logGet(46)) - raft.server.log.appender.buffer.byte-limit = 33554432 (custom)
2023-03-25 06:06:37,664 [pool-74-thread-1] INFO  server.RaftServerConfigKeys (ConfUtils.java:logGet(46)) - raft.server.log.statemachine.data.read.timeout = 1000ms (default)
2023-03-25 06:06:37,664 [pool-74-thread-1] INFO  server.RaftServerConfigKeys (ConfUtils.java:logGet(46)) - raft.server.log.purge.preservation.log.num = 0 (default)
2023-03-25 06:06:37,664 [pool-74-thread-1] INFO  server.RaftServerConfigKeys (ConfUtils.java:logGet(46)) - raft.server.log.segment.size.max = 1048576 (custom)
2023-03-25 06:06:37,679 [pool-74-thread-1] INFO  server.RaftServerConfigKeys (ConfUtils.java:logGet(46)) - raft.server.log.segment.cache.num.max = 2 (custom)
2023-03-25 06:06:37,679 [pool-74-thread-1] INFO  server.RaftServerConfigKeys (ConfUtils.java:logGet(46)) - raft.server.log.segment.cache.size.max = 200MB (=209715200) (default)
2023-03-25 06:06:37,679 [pool-74-thread-1] INFO  segmented.SegmentedRaftLogWorker (SegmentedRaftLogWorker.java:<init>(189)) - new f6b1a8fb-84e0-4eb5-ac02-8b85f50e4e44@group-7DEEB221616F-SegmentedRaftLogWorker for RaftStorageImpl:Storage Directory /home/runner/work/ozone/ozone/hadoop-ozone/integration-test/target/test-dir/MiniOzoneClusterImpl-a610bbfc-ad57-4888-ac65-e976b37cd1f3/datanode-0/data/ratis/e15fedd1-d5cd-4fa7-a2c9-7deeb221616f
2023-03-25 06:06:37,679 [pool-74-thread-1] INFO  server.RaftServerConfigKeys (ConfUtils.java:logGet(46)) - raft.server.log.queue.byte-limit = 4294967296 (custom)
2023-03-25 06:06:37,679 [pool-74-thread-1] INFO  server.RaftServerConfigKeys (ConfUtils.java:logGet(46)) - raft.server.log.queue.element-limit = 1024 (custom)
2023-03-25 06:06:37,679 [pool-74-thread-1] INFO  server.RaftServerConfigKeys (ConfUtils.java:logGet(46)) - raft.server.log.segment.size.max = 1048576 (custom)
2023-03-25 06:06:37,679 [pool-74-thread-1] INFO  server.RaftServerConfigKeys (ConfUtils.java:logGet(46)) - raft.server.log.preallocated.size = 16384 (custom)
2023-03-25 06:06:37,679 [pool-74-thread-1] INFO  server.RaftServerConfigKeys (ConfUtils.java:logGet(46)) - raft.server.log.force.sync.num = 128 (default)
2023-03-25 06:06:37,679 [pool-74-thread-1] INFO  server.RaftServerConfigKeys (ConfUtils.java:logGet(46)) - raft.server.log.statemachine.data.sync = true (default)
2023-03-25 06:06:37,679 [pool-74-thread-1] INFO  server.RaftServerConfigKeys (ConfUtils.java:logGet(46)) - raft.server.log.statemachine.data.sync.timeout = 10s (default)
2023-03-25 06:06:37,680 [pool-74-thread-1] INFO  server.RaftServerConfigKeys (ConfUtils.java:logGet(46)) - raft.server.log.statemachine.data.sync.timeout.retry = -1 (default)
2023-03-25 06:06:37,681 [pool-74-thread-1] INFO  server.RaftServerConfigKeys (ConfUtils.java:logGet(46)) - raft.server.log.write.buffer.size = 1048576 (custom)
2023-03-25 06:06:37,682 [pool-74-thread-1] INFO  server.RaftServerConfigKeys (ConfUtils.java:logGet(46)) - raft.server.log.appender.buffer.byte-limit = 33554432 (custom)
2023-03-25 06:06:37,683 [EventQueue-OpenPipelineForHealthyPipelineSafeModeRule] INFO  safemode.SCMSafeModeManager (HealthyPipelineSafeModeRule.java:process(137)) - SCM in safe mode. Healthy pipelines reported count is 0, required healthy pipeline reported count is 1
2023-03-25 06:06:37,690 [pool-74-thread-1] INFO  server.RaftServerConfigKeys (ConfUtils.java:logGet(46)) - raft.server.log.unsafe-flush.enabled = false (default)
2023-03-25 06:06:37,690 [pool-74-thread-1] INFO  server.RaftServerConfigKeys (ConfUtils.java:logGet(46)) - raft.server.log.async-flush.enabled = false (default)
2023-03-25 06:06:37,690 [pool-74-thread-1] INFO  server.RaftServerConfigKeys (ConfUtils.java:logGet(46)) - raft.server.log.statemachine.data.caching.enabled = true (custom)
2023-03-25 06:06:37,690 [pool-74-thread-1] INFO  segmented.SegmentedRaftLogWorker (SegmentedRaftLogWorker.java:lambda$new$0(135)) - f6b1a8fb-84e0-4eb5-ac02-8b85f50e4e44@group-7DEEB221616F-SegmentedRaftLogWorker: flushIndex: setUnconditionally 0 -> -1
2023-03-25 06:06:37,690 [pool-74-thread-1] INFO  segmented.SegmentedRaftLogWorker (SegmentedRaftLogWorker.java:lambda$new$0(135)) - f6b1a8fb-84e0-4eb5-ac02-8b85f50e4e44@group-7DEEB221616F-SegmentedRaftLogWorker: safeCacheEvictIndex: setUnconditionally 0 -> -1
2023-03-25 06:06:37,690 [pool-74-thread-1] INFO  server.RaftServer$Division (RaftServerImpl.java:start(334)) - f6b1a8fb-84e0-4eb5-ac02-8b85f50e4e44@group-7DEEB221616F: start as a follower, conf=-1: peers:[e611d9bf-2564-4d9e-ba20-e3ff9cd9361f|rpc:10.1.0.6:37191|dataStream:10.1.0.6:43565|priority:0|startupRole:FOLLOWER, 629483a1-ee77-4219-bfbf-43723208929e|rpc:10.1.0.6:46597|dataStream:10.1.0.6:43849|priority:1|startupRole:FOLLOWER, f6b1a8fb-84e0-4eb5-ac02-8b85f50e4e44|rpc:10.1.0.6:36457|dataStream:10.1.0.6:38061|priority:0|startupRole:FOLLOWER]|listeners:[], old=null
2023-03-25 06:06:37,690 [pool-74-thread-1] INFO  server.RaftServer$Division (RaftServerImpl.java:setRole(321)) - f6b1a8fb-84e0-4eb5-ac02-8b85f50e4e44@group-7DEEB221616F: changes role from      null to FOLLOWER at term 0 for startAsFollower
2023-03-25 06:06:37,690 [pool-74-thread-1] INFO  impl.RoleInfo (RoleInfo.java:updateAndGet(139)) - f6b1a8fb-84e0-4eb5-ac02-8b85f50e4e44: start f6b1a8fb-84e0-4eb5-ac02-8b85f50e4e44@group-7DEEB221616F-FollowerState
2023-03-25 06:06:37,691 [pool-74-thread-1] INFO  util.JmxRegister (JmxRegister.java:tryRegister(44)) - Successfully registered JMX Bean with object name Ratis:service=RaftServer,group=group-7DEEB221616F,id=f6b1a8fb-84e0-4eb5-ac02-8b85f50e4e44
2023-03-25 06:06:37,691 [pool-74-thread-1] INFO  server.RaftServerConfigKeys (ConfUtils.java:logGet(46)) - raft.server.snapshot.auto.trigger.enabled = true (custom)
2023-03-25 06:06:37,691 [pool-74-thread-1] INFO  server.RaftServerConfigKeys (ConfUtils.java:logGet(46)) - raft.server.snapshot.auto.trigger.threshold = 10000 (custom)
2023-03-25 06:06:37,691 [pool-74-thread-1] INFO  server.RaftServerConfigKeys (ConfUtils.java:logGet(46)) - raft.server.snapshot.retention.file.num = 5 (custom)
2023-03-25 06:06:37,692 [pool-74-thread-1] INFO  server.RaftServerConfigKeys (ConfUtils.java:logGet(46)) - raft.server.log.purge.upto.snapshot.index = false (default)
2023-03-25 06:06:37,692 [f6b1a8fb-84e0-4eb5-ac02-8b85f50e4e44@group-7DEEB221616F-FollowerState] INFO  server.RaftServerConfigKeys (ConfUtils.java:logFallback(53)) - raft.server.rpc.first-election.timeout.min = 5s (fallback to raft.server.rpc.timeout.min)
2023-03-25 06:06:37,693 [Command processor thread] INFO  ratis.XceiverServerRatis (XceiverServerRatis.java:addGroup(807)) - Created group PipelineID=e15fedd1-d5cd-4fa7-a2c9-7deeb221616f
2023-03-25 06:06:37,703 [f6b1a8fb-84e0-4eb5-ac02-8b85f50e4e44@group-7DEEB221616F-FollowerState] INFO  server.RaftServerConfigKeys (ConfUtils.java:logFallback(53)) - raft.server.rpc.first-election.timeout.max = 5200ms (fallback to raft.server.rpc.timeout.max)
2023-03-25 06:06:37,758 [Listener at 127.0.0.1/39073] INFO  ozone.MiniOzoneClusterImpl (MiniOzoneClusterImpl.java:lambda$waitForClusterToBeReady$0(222)) - Nodes are ready. Got 3 of 3 DN Heartbeats.
2023-03-25 06:06:37,758 [Listener at 127.0.0.1/39073] INFO  ozone.MiniOzoneClusterImpl (MiniOzoneClusterImpl.java:lambda$waitForClusterToBeReady$0(225)) - Waiting for cluster to exit safe mode
2023-03-25 06:06:37,758 [Listener at 127.0.0.1/39073] INFO  ozone.MiniOzoneClusterImpl (MiniOzoneClusterImpl.java:lambda$waitForClusterToBeReady$0(227)) - SCM became leader
2023-03-25 06:06:38,126 [grpc-default-executor-0] INFO  server.RaftServer (RaftServerProxy.java:addNew(96)) - e611d9bf-2564-4d9e-ba20-e3ff9cd9361f: addNew group-7DEEB221616F:[e611d9bf-2564-4d9e-ba20-e3ff9cd9361f|rpc:10.1.0.6:37191|dataStream:10.1.0.6:43565|priority:0|startupRole:FOLLOWER, 629483a1-ee77-4219-bfbf-43723208929e|rpc:10.1.0.6:46597|dataStream:10.1.0.6:43849|priority:1|startupRole:FOLLOWER, f6b1a8fb-84e0-4eb5-ac02-8b85f50e4e44|rpc:10.1.0.6:36457|dataStream:10.1.0.6:38061|priority:0|startupRole:FOLLOWER] returns group-7DEEB221616F:java.util.concurrent.CompletableFuture@6f35d52[Not completed]
2023-03-25 06:06:38,133 [pool-118-thread-1] INFO  server.RaftServer$Division (RaftServerImpl.java:<init>(195)) - e611d9bf-2564-4d9e-ba20-e3ff9cd9361f: new RaftServerImpl for group-7DEEB221616F:[e611d9bf-2564-4d9e-ba20-e3ff9cd9361f|rpc:10.1.0.6:37191|dataStream:10.1.0.6:43565|priority:0|startupRole:FOLLOWER, 629483a1-ee77-4219-bfbf-43723208929e|rpc:10.1.0.6:46597|dataStream:10.1.0.6:43849|priority:1|startupRole:FOLLOWER, f6b1a8fb-84e0-4eb5-ac02-8b85f50e4e44|rpc:10.1.0.6:36457|dataStream:10.1.0.6:38061|priority:0|startupRole:FOLLOWER] with ContainerStateMachine:uninitialized
2023-03-25 06:06:38,134 [pool-118-thread-1] INFO  server.RaftServerConfigKeys (ConfUtils.java:logGet(46)) - raft.server.rpc.timeout.min = 5s (custom)
2023-03-25 06:06:38,134 [pool-118-thread-1] INFO  server.RaftServerConfigKeys (ConfUtils.java:logGet(46)) - raft.server.rpc.timeout.max = 5200ms (custom)
2023-03-25 06:06:38,134 [pool-118-thread-1] INFO  server.RaftServerConfigKeys (ConfUtils.java:logGet(46)) - raft.server.rpc.sleep.time = 25ms (default)
2023-03-25 06:06:38,134 [pool-118-thread-1] INFO  server.RaftServerConfigKeys (ConfUtils.java:logGet(46)) - raft.server.rpc.slowness.timeout = 300s (custom)
2023-03-25 06:06:38,134 [pool-118-thread-1] INFO  server.RaftServerConfigKeys (ConfUtils.java:logGet(46)) - raft.server.leaderelection.leader.step-down.wait-time = 10s (default)
2023-03-25 06:06:38,135 [pool-118-thread-1] INFO  server.RaftServerConfigKeys (ConfUtils.java:logGet(46)) - raft.server.sleep.deviation.threshold = 300ms (default)
2023-03-25 06:06:38,135 [pool-118-thread-1] INFO  server.RaftServer$Division (ServerState.java:<init>(118)) - e611d9bf-2564-4d9e-ba20-e3ff9cd9361f@group-7DEEB221616F: ConfigurationManager, init=-1: peers:[e611d9bf-2564-4d9e-ba20-e3ff9cd9361f|rpc:10.1.0.6:37191|dataStream:10.1.0.6:43565|priority:0|startupRole:FOLLOWER, 629483a1-ee77-4219-bfbf-43723208929e|rpc:10.1.0.6:46597|dataStream:10.1.0.6:43849|priority:1|startupRole:FOLLOWER, f6b1a8fb-84e0-4eb5-ac02-8b85f50e4e44|rpc:10.1.0.6:36457|dataStream:10.1.0.6:38061|priority:0|startupRole:FOLLOWER]|listeners:[], old=null, confs=<EMPTY_MAP>
2023-03-25 06:06:38,135 [pool-118-thread-1] INFO  server.RaftServerConfigKeys (ConfUtils.java:logGet(46)) - raft.server.storage.dir = [/home/runner/work/ozone/ozone/hadoop-ozone/integration-test/target/test-dir/MiniOzoneClusterImpl-a610bbfc-ad57-4888-ac65-e976b37cd1f3/datanode-2/data/ratis] (custom)
2023-03-25 06:06:38,136 [pool-118-thread-1] INFO  server.RaftServerConfigKeys (ConfUtils.java:logGet(46)) - raft.server.log.corruption.policy = EXCEPTION (default)
2023-03-25 06:06:38,136 [pool-118-thread-1] INFO  server.RaftServerConfigKeys (ConfUtils.java:logGet(46)) - raft.server.storage.free-space.min = 0MB (=0) (default)
2023-03-25 06:06:38,136 [pool-118-thread-1] INFO  server.RaftServerConfigKeys (ConfUtils.java:logGet(46)) - raft.server.notification.no-leader.timeout = 300s (custom)
2023-03-25 06:06:38,136 [pool-118-thread-1] INFO  server.RaftServerConfigKeys (ConfUtils.java:logGet(46)) - raft.server.retrycache.expirytime = 600000ms (custom)
2023-03-25 06:06:38,136 [pool-118-thread-1] INFO  server.RaftServerConfigKeys (ConfUtils.java:logGet(46)) - raft.server.retrycache.statistics.expirytime = 100μs (default)
2023-03-25 06:06:38,139 [pool-118-thread-1] INFO  server.RaftServerConfigKeys (ConfUtils.java:logGet(46)) - raft.server.log.appender.install.snapshot.enabled = false (custom)
2023-03-25 06:06:38,139 [pool-118-thread-1] INFO  server.RaftServerConfigKeys (ConfUtils.java:logGet(46)) - raft.server.threadpool.server.cached = true (default)
2023-03-25 06:06:38,139 [pool-118-thread-1] INFO  server.RaftServerConfigKeys (ConfUtils.java:logGet(46)) - raft.server.threadpool.server.size = 0 (default)
2023-03-25 06:06:38,139 [pool-118-thread-1] INFO  server.RaftServerConfigKeys (ConfUtils.java:logGet(46)) - raft.server.threadpool.client.cached = true (default)
2023-03-25 06:06:38,139 [pool-118-thread-1] INFO  server.RaftServerConfigKeys (ConfUtils.java:logGet(46)) - raft.server.threadpool.client.size = 0 (default)
2023-03-25 06:06:38,139 [pool-118-thread-1] INFO  storage.RaftStorageDirectory (RaftStorageDirectoryImpl.java:analyzeStorage(137)) - The storage directory /home/runner/work/ozone/ozone/hadoop-ozone/integration-test/target/test-dir/MiniOzoneClusterImpl-a610bbfc-ad57-4888-ac65-e976b37cd1f3/datanode-2/data/ratis/e15fedd1-d5cd-4fa7-a2c9-7deeb221616f does not exist. Creating ...
2023-03-25 06:06:38,141 [pool-118-thread-1] INFO  storage.RaftStorageDirectory (RaftStorageDirectoryImpl.java:tryLock(231)) - Lock on /home/runner/work/ozone/ozone/hadoop-ozone/integration-test/target/test-dir/MiniOzoneClusterImpl-a610bbfc-ad57-4888-ac65-e976b37cd1f3/datanode-2/data/ratis/e15fedd1-d5cd-4fa7-a2c9-7deeb221616f/in_use.lock acquired by nodename 22552@fv-az342-96
2023-03-25 06:06:38,143 [pool-118-thread-1] INFO  storage.RaftStorage (RaftStorageImpl.java:format(96)) - Storage directory /home/runner/work/ozone/ozone/hadoop-ozone/integration-test/target/test-dir/MiniOzoneClusterImpl-a610bbfc-ad57-4888-ac65-e976b37cd1f3/datanode-2/data/ratis/e15fedd1-d5cd-4fa7-a2c9-7deeb221616f has been successfully formatted.
2023-03-25 06:06:38,144 [pool-118-thread-1] INFO  ratis.ContainerStateMachine (ContainerStateMachine.java:loadSnapshot(262)) - group-7DEEB221616F: The snapshot info is null. Setting the last applied indexto:(t:0, i:~)
2023-03-25 06:06:38,146 [pool-118-thread-1] INFO  server.RaftServerConfigKeys (ConfUtils.java:logGet(46)) - raft.server.log.use.memory = false (default)
2023-03-25 06:06:38,146 [pool-118-thread-1] INFO  server.RaftServerConfigKeys (ConfUtils.java:logGet(46)) - raft.server.log.purge.gap = 1000000 (custom)
2023-03-25 06:06:38,147 [pool-118-thread-1] INFO  server.RaftServerConfigKeys (ConfUtils.java:logGet(46)) - raft.server.log.appender.buffer.byte-limit = 33554432 (custom)
2023-03-25 06:06:38,147 [pool-118-thread-1] INFO  server.RaftServerConfigKeys (ConfUtils.java:logGet(46)) - raft.server.log.statemachine.data.read.timeout = 1000ms (default)
2023-03-25 06:06:38,147 [pool-118-thread-1] INFO  server.RaftServerConfigKeys (ConfUtils.java:logGet(46)) - raft.server.log.purge.preservation.log.num = 0 (default)
2023-03-25 06:06:38,147 [pool-118-thread-1] INFO  server.RaftServerConfigKeys (ConfUtils.java:logGet(46)) - raft.server.log.segment.size.max = 1048576 (custom)
2023-03-25 06:06:38,149 [pool-118-thread-1] INFO  server.RaftServerConfigKeys (ConfUtils.java:logGet(46)) - raft.server.log.segment.cache.num.max = 2 (custom)
2023-03-25 06:06:38,149 [pool-118-thread-1] INFO  server.RaftServerConfigKeys (ConfUtils.java:logGet(46)) - raft.server.log.segment.cache.size.max = 200MB (=209715200) (default)
2023-03-25 06:06:38,149 [pool-118-thread-1] INFO  segmented.SegmentedRaftLogWorker (SegmentedRaftLogWorker.java:<init>(189)) - new e611d9bf-2564-4d9e-ba20-e3ff9cd9361f@group-7DEEB221616F-SegmentedRaftLogWorker for RaftStorageImpl:Storage Directory /home/runner/work/ozone/ozone/hadoop-ozone/integration-test/target/test-dir/MiniOzoneClusterImpl-a610bbfc-ad57-4888-ac65-e976b37cd1f3/datanode-2/data/ratis/e15fedd1-d5cd-4fa7-a2c9-7deeb221616f
2023-03-25 06:06:38,149 [pool-118-thread-1] INFO  server.RaftServerConfigKeys (ConfUtils.java:logGet(46)) - raft.server.log.queue.byte-limit = 4294967296 (custom)
2023-03-25 06:06:38,149 [pool-118-thread-1] INFO  server.RaftServerConfigKeys (ConfUtils.java:logGet(46)) - raft.server.log.queue.element-limit = 1024 (custom)
2023-03-25 06:06:38,149 [pool-118-thread-1] INFO  server.RaftServerConfigKeys (ConfUtils.java:logGet(46)) - raft.server.log.segment.size.max = 1048576 (custom)
2023-03-25 06:06:38,149 [pool-118-thread-1] INFO  server.RaftServerConfigKeys (ConfUtils.java:logGet(46)) - raft.server.log.preallocated.size = 16384 (custom)
2023-03-25 06:06:38,149 [pool-118-thread-1] INFO  server.RaftServerConfigKeys (ConfUtils.java:logGet(46)) - raft.server.log.force.sync.num = 128 (default)
2023-03-25 06:06:38,149 [pool-118-thread-1] INFO  server.RaftServerConfigKeys (ConfUtils.java:logGet(46)) - raft.server.log.statemachine.data.sync = true (default)
2023-03-25 06:06:38,150 [pool-118-thread-1] INFO  server.RaftServerConfigKeys (ConfUtils.java:logGet(46)) - raft.server.log.statemachine.data.sync.timeout = 10s (default)
2023-03-25 06:06:38,150 [pool-118-thread-1] INFO  server.RaftServerConfigKeys (ConfUtils.java:logGet(46)) - raft.server.log.statemachine.data.sync.timeout.retry = -1 (default)
2023-03-25 06:06:38,151 [pool-118-thread-1] INFO  server.RaftServerConfigKeys (ConfUtils.java:logGet(46)) - raft.server.log.write.buffer.size = 1048576 (custom)
2023-03-25 06:06:38,152 [pool-118-thread-1] INFO  server.RaftServerConfigKeys (ConfUtils.java:logGet(46)) - raft.server.log.appender.buffer.byte-limit = 33554432 (custom)
2023-03-25 06:06:38,159 [pool-118-thread-1] INFO  server.RaftServerConfigKeys (ConfUtils.java:logGet(46)) - raft.server.log.unsafe-flush.enabled = false (default)
2023-03-25 06:06:38,159 [pool-118-thread-1] INFO  server.RaftServerConfigKeys (ConfUtils.java:logGet(46)) - raft.server.log.async-flush.enabled = false (default)
2023-03-25 06:06:38,159 [pool-118-thread-1] INFO  server.RaftServerConfigKeys (ConfUtils.java:logGet(46)) - raft.server.log.statemachine.data.caching.enabled = true (custom)
2023-03-25 06:06:38,160 [pool-118-thread-1] INFO  segmented.SegmentedRaftLogWorker (SegmentedRaftLogWorker.java:lambda$new$0(135)) - e611d9bf-2564-4d9e-ba20-e3ff9cd9361f@group-7DEEB221616F-SegmentedRaftLogWorker: flushIndex: setUnconditionally 0 -> -1
2023-03-25 06:06:38,160 [pool-118-thread-1] INFO  segmented.SegmentedRaftLogWorker (SegmentedRaftLogWorker.java:lambda$new$0(135)) - e611d9bf-2564-4d9e-ba20-e3ff9cd9361f@group-7DEEB221616F-SegmentedRaftLogWorker: safeCacheEvictIndex: setUnconditionally 0 -> -1
2023-03-25 06:06:38,160 [pool-118-thread-1] INFO  server.RaftServer$Division (RaftServerImpl.java:start(334)) - e611d9bf-2564-4d9e-ba20-e3ff9cd9361f@group-7DEEB221616F: start as a follower, conf=-1: peers:[e611d9bf-2564-4d9e-ba20-e3ff9cd9361f|rpc:10.1.0.6:37191|dataStream:10.1.0.6:43565|priority:0|startupRole:FOLLOWER, 629483a1-ee77-4219-bfbf-43723208929e|rpc:10.1.0.6:46597|dataStream:10.1.0.6:43849|priority:1|startupRole:FOLLOWER, f6b1a8fb-84e0-4eb5-ac02-8b85f50e4e44|rpc:10.1.0.6:36457|dataStream:10.1.0.6:38061|priority:0|startupRole:FOLLOWER]|listeners:[], old=null
2023-03-25 06:06:38,160 [pool-118-thread-1] INFO  server.RaftServer$Division (RaftServerImpl.java:setRole(321)) - e611d9bf-2564-4d9e-ba20-e3ff9cd9361f@group-7DEEB221616F: changes role from      null to FOLLOWER at term 0 for startAsFollower
2023-03-25 06:06:38,160 [pool-118-thread-1] INFO  impl.RoleInfo (RoleInfo.java:updateAndGet(139)) - e611d9bf-2564-4d9e-ba20-e3ff9cd9361f: start e611d9bf-2564-4d9e-ba20-e3ff9cd9361f@group-7DEEB221616F-FollowerState
2023-03-25 06:06:38,161 [pool-118-thread-1] INFO  util.JmxRegister (JmxRegister.java:tryRegister(44)) - Successfully registered JMX Bean with object name Ratis:service=RaftServer,group=group-7DEEB221616F,id=e611d9bf-2564-4d9e-ba20-e3ff9cd9361f
2023-03-25 06:06:38,162 [pool-118-thread-1] INFO  server.RaftServerConfigKeys (ConfUtils.java:logGet(46)) - raft.server.snapshot.auto.trigger.enabled = true (custom)
2023-03-25 06:06:38,162 [pool-118-thread-1] INFO  server.RaftServerConfigKeys (ConfUtils.java:logGet(46)) - raft.server.snapshot.auto.trigger.threshold = 10000 (custom)
2023-03-25 06:06:38,162 [pool-118-thread-1] INFO  server.RaftServerConfigKeys (ConfUtils.java:logGet(46)) - raft.server.snapshot.retention.file.num = 5 (custom)
2023-03-25 06:06:38,162 [pool-118-thread-1] INFO  server.RaftServerConfigKeys (ConfUtils.java:logGet(46)) - raft.server.log.purge.upto.snapshot.index = false (default)
2023-03-25 06:06:38,165 [e611d9bf-2564-4d9e-ba20-e3ff9cd9361f@group-7DEEB221616F-FollowerState] INFO  server.RaftServerConfigKeys (ConfUtils.java:logFallback(53)) - raft.server.rpc.first-election.timeout.min = 5s (fallback to raft.server.rpc.timeout.min)
2023-03-25 06:06:38,166 [e611d9bf-2564-4d9e-ba20-e3ff9cd9361f@group-7DEEB221616F-FollowerState] INFO  server.RaftServerConfigKeys (ConfUtils.java:logFallback(53)) - raft.server.rpc.first-election.timeout.max = 5200ms (fallback to raft.server.rpc.timeout.max)
2023-03-25 06:06:38,233 [Command processor thread] INFO  server.RaftServer (RaftServerProxy.java:addNew(96)) - 629483a1-ee77-4219-bfbf-43723208929e: addNew group-C880F8D117E6:[629483a1-ee77-4219-bfbf-43723208929e|rpc:10.1.0.6:46597|dataStream:10.1.0.6:43849|priority:1|startupRole:FOLLOWER] returns group-C880F8D117E6:java.util.concurrent.CompletableFuture@1d479bfd[Not completed]
2023-03-25 06:06:38,242 [pool-96-thread-1] INFO  server.RaftServer$Division (RaftServerImpl.java:<init>(195)) - 629483a1-ee77-4219-bfbf-43723208929e: new RaftServerImpl for group-C880F8D117E6:[629483a1-ee77-4219-bfbf-43723208929e|rpc:10.1.0.6:46597|dataStream:10.1.0.6:43849|priority:1|startupRole:FOLLOWER] with ContainerStateMachine:uninitialized
2023-03-25 06:06:38,243 [pool-96-thread-1] INFO  server.RaftServerConfigKeys (ConfUtils.java:logGet(46)) - raft.server.rpc.timeout.min = 5s (custom)
2023-03-25 06:06:38,243 [pool-96-thread-1] INFO  server.RaftServerConfigKeys (ConfUtils.java:logGet(46)) - raft.server.rpc.timeout.max = 5200ms (custom)
2023-03-25 06:06:38,243 [pool-96-thread-1] INFO  server.RaftServerConfigKeys (ConfUtils.java:logGet(46)) - raft.server.rpc.sleep.time = 25ms (default)
2023-03-25 06:06:38,243 [pool-96-thread-1] INFO  server.RaftServerConfigKeys (ConfUtils.java:logGet(46)) - raft.server.rpc.slowness.timeout = 300s (custom)
2023-03-25 06:06:38,243 [pool-96-thread-1] INFO  server.RaftServerConfigKeys (ConfUtils.java:logGet(46)) - raft.server.leaderelection.leader.step-down.wait-time = 10s (default)
2023-03-25 06:06:38,243 [pool-96-thread-1] INFO  server.RaftServerConfigKeys (ConfUtils.java:logGet(46)) - raft.server.sleep.deviation.threshold = 300ms (default)
2023-03-25 06:06:38,243 [pool-96-thread-1] INFO  server.RaftServer$Division (ServerState.java:<init>(118)) - 629483a1-ee77-4219-bfbf-43723208929e@group-C880F8D117E6: ConfigurationManager, init=-1: peers:[629483a1-ee77-4219-bfbf-43723208929e|rpc:10.1.0.6:46597|dataStream:10.1.0.6:43849|priority:1|startupRole:FOLLOWER]|listeners:[], old=null, confs=<EMPTY_MAP>
2023-03-25 06:06:38,243 [pool-96-thread-1] INFO  server.RaftServerConfigKeys (ConfUtils.java:logGet(46)) - raft.server.storage.dir = [/home/runner/work/ozone/ozone/hadoop-ozone/integration-test/target/test-dir/MiniOzoneClusterImpl-a610bbfc-ad57-4888-ac65-e976b37cd1f3/datanode-1/data/ratis] (custom)
2023-03-25 06:06:38,244 [pool-96-thread-1] INFO  server.RaftServerConfigKeys (ConfUtils.java:logGet(46)) - raft.server.log.corruption.policy = EXCEPTION (default)
2023-03-25 06:06:38,244 [pool-96-thread-1] INFO  server.RaftServerConfigKeys (ConfUtils.java:logGet(46)) - raft.server.storage.free-space.min = 0MB (=0) (default)
2023-03-25 06:06:38,244 [pool-96-thread-1] INFO  server.RaftServerConfigKeys (ConfUtils.java:logGet(46)) - raft.server.notification.no-leader.timeout = 300s (custom)
2023-03-25 06:06:38,244 [pool-96-thread-1] INFO  server.RaftServerConfigKeys (ConfUtils.java:logGet(46)) - raft.server.retrycache.expirytime = 600000ms (custom)
2023-03-25 06:06:38,244 [pool-96-thread-1] INFO  server.RaftServerConfigKeys (ConfUtils.java:logGet(46)) - raft.server.retrycache.statistics.expirytime = 100μs (default)
2023-03-25 06:06:38,246 [pool-96-thread-1] INFO  server.RaftServerConfigKeys (ConfUtils.java:logGet(46)) - raft.server.log.appender.install.snapshot.enabled = false (custom)
2023-03-25 06:06:38,246 [pool-96-thread-1] INFO  server.RaftServerConfigKeys (ConfUtils.java:logGet(46)) - raft.server.threadpool.server.cached = true (default)
2023-03-25 06:06:38,246 [pool-96-thread-1] INFO  server.RaftServerConfigKeys (ConfUtils.java:logGet(46)) - raft.server.threadpool.server.size = 0 (default)
2023-03-25 06:06:38,246 [pool-96-thread-1] INFO  server.RaftServerConfigKeys (ConfUtils.java:logGet(46)) - raft.server.threadpool.client.cached = true (default)
2023-03-25 06:06:38,246 [pool-96-thread-1] INFO  server.RaftServerConfigKeys (ConfUtils.java:logGet(46)) - raft.server.threadpool.client.size = 0 (default)
2023-03-25 06:06:38,246 [pool-96-thread-1] INFO  storage.RaftStorageDirectory (RaftStorageDirectoryImpl.java:analyzeStorage(137)) - The storage directory /home/runner/work/ozone/ozone/hadoop-ozone/integration-test/target/test-dir/MiniOzoneClusterImpl-a610bbfc-ad57-4888-ac65-e976b37cd1f3/datanode-1/data/ratis/f8f6cff0-1ab0-4f6b-85eb-c880f8d117e6 does not exist. Creating ...
2023-03-25 06:06:38,248 [grpc-default-executor-0] INFO  server.RaftServer (RaftServerProxy.java:addNew(96)) - 629483a1-ee77-4219-bfbf-43723208929e: addNew group-7DEEB221616F:[e611d9bf-2564-4d9e-ba20-e3ff9cd9361f|rpc:10.1.0.6:37191|dataStream:10.1.0.6:43565|priority:0|startupRole:FOLLOWER, 629483a1-ee77-4219-bfbf-43723208929e|rpc:10.1.0.6:46597|dataStream:10.1.0.6:43849|priority:1|startupRole:FOLLOWER, f6b1a8fb-84e0-4eb5-ac02-8b85f50e4e44|rpc:10.1.0.6:36457|dataStream:10.1.0.6:38061|priority:0|startupRole:FOLLOWER] returns group-7DEEB221616F:java.util.concurrent.CompletableFuture@6565dfcc[Not completed]
2023-03-25 06:06:38,249 [pool-96-thread-1] INFO  storage.RaftStorageDirectory (RaftStorageDirectoryImpl.java:tryLock(231)) - Lock on /home/runner/work/ozone/ozone/hadoop-ozone/integration-test/target/test-dir/MiniOzoneClusterImpl-a610bbfc-ad57-4888-ac65-e976b37cd1f3/datanode-1/data/ratis/f8f6cff0-1ab0-4f6b-85eb-c880f8d117e6/in_use.lock acquired by nodename 22552@fv-az342-96
2023-03-25 06:06:38,251 [pool-96-thread-1] INFO  storage.RaftStorage (RaftStorageImpl.java:format(96)) - Storage directory /home/runner/work/ozone/ozone/hadoop-ozone/integration-test/target/test-dir/MiniOzoneClusterImpl-a610bbfc-ad57-4888-ac65-e976b37cd1f3/datanode-1/data/ratis/f8f6cff0-1ab0-4f6b-85eb-c880f8d117e6 has been successfully formatted.
2023-03-25 06:06:38,252 [pool-96-thread-1] INFO  ratis.ContainerStateMachine (ContainerStateMachine.java:loadSnapshot(262)) - group-C880F8D117E6: The snapshot info is null. Setting the last applied indexto:(t:0, i:~)
2023-03-25 06:06:38,255 [EventQueue-PipelineReportForPipelineReportHandler] INFO  pipeline.PipelineManagerImpl (PipelineManagerImpl.java:openPipeline(367)) - Pipeline Pipeline[ Id: f8f6cff0-1ab0-4f6b-85eb-c880f8d117e6, Nodes: 629483a1-ee77-4219-bfbf-43723208929e(fv-az342-96.ten1ctqyofdufjlm0zzjrrfxse.dx.internal.cloudapp.net/10.1.0.6), ReplicationConfig: RATIS/ONE, State:ALLOCATED, leaderId:629483a1-ee77-4219-bfbf-43723208929e, CreationTimestamp2023-03-25T06:06:35.230Z[Etc/UTC]] moved to OPEN state
2023-03-25 06:06:38,257 [pool-96-thread-1] INFO  server.RaftServerConfigKeys (ConfUtils.java:logGet(46)) - raft.server.log.use.memory = false (default)
2023-03-25 06:06:38,257 [pool-96-thread-1] INFO  server.RaftServerConfigKeys (ConfUtils.java:logGet(46)) - raft.server.log.purge.gap = 1000000 (custom)
2023-03-25 06:06:38,257 [pool-96-thread-1] INFO  server.RaftServerConfigKeys (ConfUtils.java:logGet(46)) - raft.server.log.appender.buffer.byte-limit = 33554432 (custom)
2023-03-25 06:06:38,257 [pool-96-thread-1] INFO  server.RaftServerConfigKeys (ConfUtils.java:logGet(46)) - raft.server.log.statemachine.data.read.timeout = 1000ms (default)
2023-03-25 06:06:38,257 [pool-96-thread-1] INFO  server.RaftServerConfigKeys (ConfUtils.java:logGet(46)) - raft.server.log.purge.preservation.log.num = 0 (default)
2023-03-25 06:06:38,257 [EventQueue-OpenPipelineForHealthyPipelineSafeModeRule] INFO  safemode.SCMSafeModeManager (HealthyPipelineSafeModeRule.java:process(137)) - SCM in safe mode. Healthy pipelines reported count is 0, required healthy pipeline reported count is 1
2023-03-25 06:06:38,258 [pool-96-thread-1] INFO  server.RaftServerConfigKeys (ConfUtils.java:logGet(46)) - raft.server.log.segment.size.max = 1048576 (custom)
2023-03-25 06:06:38,258 [pool-96-thread-1] INFO  server.RaftServerConfigKeys (ConfUtils.java:logGet(46)) - raft.server.log.segment.cache.num.max = 2 (custom)
2023-03-25 06:06:38,258 [pool-96-thread-1] INFO  server.RaftServerConfigKeys (ConfUtils.java:logGet(46)) - raft.server.log.segment.cache.size.max = 200MB (=209715200) (default)
2023-03-25 06:06:38,258 [pool-96-thread-1] INFO  segmented.SegmentedRaftLogWorker (SegmentedRaftLogWorker.java:<init>(189)) - new 629483a1-ee77-4219-bfbf-43723208929e@group-C880F8D117E6-SegmentedRaftLogWorker for RaftStorageImpl:Storage Directory /home/runner/work/ozone/ozone/hadoop-ozone/integration-test/target/test-dir/MiniOzoneClusterImpl-a610bbfc-ad57-4888-ac65-e976b37cd1f3/datanode-1/data/ratis/f8f6cff0-1ab0-4f6b-85eb-c880f8d117e6
2023-03-25 06:06:38,258 [pool-96-thread-1] INFO  server.RaftServerConfigKeys (ConfUtils.java:logGet(46)) - raft.server.log.queue.byte-limit = 4294967296 (custom)
2023-03-25 06:06:38,258 [pool-96-thread-1] INFO  server.RaftServerConfigKeys (ConfUtils.java:logGet(46)) - raft.server.log.queue.element-limit = 1024 (custom)
2023-03-25 06:06:38,258 [pool-96-thread-1] INFO  server.RaftServerConfigKeys (ConfUtils.java:logGet(46)) - raft.server.log.segment.size.max = 1048576 (custom)
2023-03-25 06:06:38,259 [pool-96-thread-1] INFO  server.RaftServerConfigKeys (ConfUtils.java:logGet(46)) - raft.server.log.preallocated.size = 16384 (custom)
2023-03-25 06:06:38,259 [pool-96-thread-1] INFO  server.RaftServerConfigKeys (ConfUtils.java:logGet(46)) - raft.server.log.force.sync.num = 128 (default)
2023-03-25 06:06:38,259 [pool-96-thread-1] INFO  server.RaftServerConfigKeys (ConfUtils.java:logGet(46)) - raft.server.log.statemachine.data.sync = true (default)
2023-03-25 06:06:38,259 [pool-96-thread-1] INFO  server.RaftServerConfigKeys (ConfUtils.java:logGet(46)) - raft.server.log.statemachine.data.sync.timeout = 10s (default)
2023-03-25 06:06:38,259 [pool-96-thread-1] INFO  server.RaftServerConfigKeys (ConfUtils.java:logGet(46)) - raft.server.log.statemachine.data.sync.timeout.retry = -1 (default)
2023-03-25 06:06:38,260 [pool-96-thread-1] INFO  server.RaftServerConfigKeys (ConfUtils.java:logGet(46)) - raft.server.log.write.buffer.size = 1048576 (custom)
2023-03-25 06:06:38,261 [pool-96-thread-1] INFO  server.RaftServerConfigKeys (ConfUtils.java:logGet(46)) - raft.server.log.appender.buffer.byte-limit = 33554432 (custom)
2023-03-25 06:06:38,267 [pool-96-thread-1] INFO  server.RaftServerConfigKeys (ConfUtils.java:logGet(46)) - raft.server.log.unsafe-flush.enabled = false (default)
2023-03-25 06:06:38,267 [pool-96-thread-1] INFO  server.RaftServerConfigKeys (ConfUtils.java:logGet(46)) - raft.server.log.async-flush.enabled = false (default)
2023-03-25 06:06:38,268 [pool-96-thread-1] INFO  server.RaftServerConfigKeys (ConfUtils.java:logGet(46)) - raft.server.log.statemachine.data.caching.enabled = true (custom)
2023-03-25 06:06:38,271 [pool-96-thread-1] INFO  segmented.SegmentedRaftLogWorker (SegmentedRaftLogWorker.java:lambda$new$0(135)) - 629483a1-ee77-4219-bfbf-43723208929e@group-C880F8D117E6-SegmentedRaftLogWorker: flushIndex: setUnconditionally 0 -> -1
2023-03-25 06:06:38,271 [pool-96-thread-1] INFO  segmented.SegmentedRaftLogWorker (SegmentedRaftLogWorker.java:lambda$new$0(135)) - 629483a1-ee77-4219-bfbf-43723208929e@group-C880F8D117E6-SegmentedRaftLogWorker: safeCacheEvictIndex: setUnconditionally 0 -> -1
2023-03-25 06:06:38,274 [pool-96-thread-1] INFO  server.RaftServer$Division (RaftServerImpl.java:start(334)) - 629483a1-ee77-4219-bfbf-43723208929e@group-C880F8D117E6: start as a follower, conf=-1: peers:[629483a1-ee77-4219-bfbf-43723208929e|rpc:10.1.0.6:46597|dataStream:10.1.0.6:43849|priority:1|startupRole:FOLLOWER]|listeners:[], old=null
2023-03-25 06:06:38,274 [pool-96-thread-1] INFO  server.RaftServer$Division (RaftServerImpl.java:setRole(321)) - 629483a1-ee77-4219-bfbf-43723208929e@group-C880F8D117E6: changes role from      null to FOLLOWER at term 0 for startAsFollower
2023-03-25 06:06:38,275 [pool-96-thread-1] INFO  impl.RoleInfo (RoleInfo.java:updateAndGet(139)) - 629483a1-ee77-4219-bfbf-43723208929e: start 629483a1-ee77-4219-bfbf-43723208929e@group-C880F8D117E6-FollowerState
2023-03-25 06:06:38,275 [629483a1-ee77-4219-bfbf-43723208929e@group-C880F8D117E6-FollowerState] INFO  server.RaftServerConfigKeys (ConfUtils.java:logFallback(53)) - raft.server.rpc.first-election.timeout.min = 5s (fallback to raft.server.rpc.timeout.min)
2023-03-25 06:06:38,275 [pool-96-thread-1] INFO  util.JmxRegister (JmxRegister.java:tryRegister(44)) - Successfully registered JMX Bean with object name Ratis:service=RaftServer,group=group-C880F8D117E6,id=629483a1-ee77-4219-bfbf-43723208929e
2023-03-25 06:06:38,275 [629483a1-ee77-4219-bfbf-43723208929e@group-C880F8D117E6-FollowerState] INFO  server.RaftServerConfigKeys (ConfUtils.java:logFallback(53)) - raft.server.rpc.first-election.timeout.max = 5200ms (fallback to raft.server.rpc.timeout.max)
2023-03-25 06:06:38,275 [pool-96-thread-1] INFO  server.RaftServerConfigKeys (ConfUtils.java:logGet(46)) - raft.server.snapshot.auto.trigger.enabled = true (custom)
2023-03-25 06:06:38,275 [pool-96-thread-1] INFO  server.RaftServerConfigKeys (ConfUtils.java:logGet(46)) - raft.server.snapshot.auto.trigger.threshold = 10000 (custom)
2023-03-25 06:06:38,276 [pool-96-thread-1] INFO  server.RaftServerConfigKeys (ConfUtils.java:logGet(46)) - raft.server.snapshot.retention.file.num = 5 (custom)
2023-03-25 06:06:38,276 [pool-96-thread-1] INFO  server.RaftServerConfigKeys (ConfUtils.java:logGet(46)) - raft.server.log.purge.upto.snapshot.index = false (default)
2023-03-25 06:06:38,279 [Command processor thread] INFO  ratis.XceiverServerRatis (XceiverServerRatis.java:addGroup(807)) - Created group PipelineID=f8f6cff0-1ab0-4f6b-85eb-c880f8d117e6
2023-03-25 06:06:38,279 [Command processor thread] INFO  commandhandler.CreatePipelineCommandHandler (CreatePipelineCommandHandler.java:handle(113)) - Created Pipeline RATIS ONE PipelineID=f8f6cff0-1ab0-4f6b-85eb-c880f8d117e6.
2023-03-25 06:06:38,281 [Command processor thread] INFO  server.RaftServer (RaftServerProxy.java:addNew(96)) - 629483a1-ee77-4219-bfbf-43723208929e: addNew group-7F05CB352D84:[e611d9bf-2564-4d9e-ba20-e3ff9cd9361f|rpc:10.1.0.6:37191|dataStream:10.1.0.6:43565|priority:0|startupRole:FOLLOWER, 629483a1-ee77-4219-bfbf-43723208929e|rpc:10.1.0.6:46597|dataStream:10.1.0.6:43849|priority:0|startupRole:FOLLOWER, f6b1a8fb-84e0-4eb5-ac02-8b85f50e4e44|rpc:10.1.0.6:36457|dataStream:10.1.0.6:38061|priority:1|startupRole:FOLLOWER] returns group-7F05CB352D84:java.util.concurrent.CompletableFuture@19780c8d[Not completed]
2023-03-25 06:06:38,282 [pool-96-thread-1] INFO  server.RaftServer$Division (RaftServerImpl.java:<init>(195)) - 629483a1-ee77-4219-bfbf-43723208929e: new RaftServerImpl for group-7DEEB221616F:[e611d9bf-2564-4d9e-ba20-e3ff9cd9361f|rpc:10.1.0.6:37191|dataStream:10.1.0.6:43565|priority:0|startupRole:FOLLOWER, 629483a1-ee77-4219-bfbf-43723208929e|rpc:10.1.0.6:46597|dataStream:10.1.0.6:43849|priority:1|startupRole:FOLLOWER, f6b1a8fb-84e0-4eb5-ac02-8b85f50e4e44|rpc:10.1.0.6:36457|dataStream:10.1.0.6:38061|priority:0|startupRole:FOLLOWER] with ContainerStateMachine:uninitialized
2023-03-25 06:06:38,283 [pool-96-thread-1] INFO  server.RaftServerConfigKeys (ConfUtils.java:logGet(46)) - raft.server.rpc.timeout.min = 5s (custom)
2023-03-25 06:06:38,283 [pool-96-thread-1] INFO  server.RaftServerConfigKeys (ConfUtils.java:logGet(46)) - raft.server.rpc.timeout.max = 5200ms (custom)
2023-03-25 06:06:38,283 [pool-96-thread-1] INFO  server.RaftServerConfigKeys (ConfUtils.java:logGet(46)) - raft.server.rpc.sleep.time = 25ms (default)
2023-03-25 06:06:38,283 [pool-96-thread-1] INFO  server.RaftServerConfigKeys (ConfUtils.java:logGet(46)) - raft.server.rpc.slowness.timeout = 300s (custom)
2023-03-25 06:06:38,283 [pool-96-thread-1] INFO  server.RaftServerConfigKeys (ConfUtils.java:logGet(46)) - raft.server.leaderelection.leader.step-down.wait-time = 10s (default)
2023-03-25 06:06:38,283 [pool-96-thread-1] INFO  server.RaftServerConfigKeys (ConfUtils.java:logGet(46)) - raft.server.sleep.deviation.threshold = 300ms (default)
2023-03-25 06:06:38,283 [pool-96-thread-1] INFO  server.RaftServer$Division (ServerState.java:<init>(118)) - 629483a1-ee77-4219-bfbf-43723208929e@group-7DEEB221616F: ConfigurationManager, init=-1: peers:[e611d9bf-2564-4d9e-ba20-e3ff9cd9361f|rpc:10.1.0.6:37191|dataStream:10.1.0.6:43565|priority:0|startupRole:FOLLOWER, 629483a1-ee77-4219-bfbf-43723208929e|rpc:10.1.0.6:46597|dataStream:10.1.0.6:43849|priority:1|startupRole:FOLLOWER, f6b1a8fb-84e0-4eb5-ac02-8b85f50e4e44|rpc:10.1.0.6:36457|dataStream:10.1.0.6:38061|priority:0|startupRole:FOLLOWER]|listeners:[], old=null, confs=<EMPTY_MAP>
2023-03-25 06:06:38,283 [pool-96-thread-1] INFO  server.RaftServerConfigKeys (ConfUtils.java:logGet(46)) - raft.server.storage.dir = [/home/runner/work/ozone/ozone/hadoop-ozone/integration-test/target/test-dir/MiniOzoneClusterImpl-a610bbfc-ad57-4888-ac65-e976b37cd1f3/datanode-1/data/ratis] (custom)
2023-03-25 06:06:38,283 [pool-96-thread-1] INFO  server.RaftServerConfigKeys (ConfUtils.java:logGet(46)) - raft.server.log.corruption.policy = EXCEPTION (default)
2023-03-25 06:06:38,283 [pool-96-thread-1] INFO  server.RaftServerConfigKeys (ConfUtils.java:logGet(46)) - raft.server.storage.free-space.min = 0MB (=0) (default)
2023-03-25 06:06:38,284 [pool-96-thread-1] INFO  server.RaftServerConfigKeys (ConfUtils.java:logGet(46)) - raft.server.notification.no-leader.timeout = 300s (custom)
2023-03-25 06:06:38,284 [pool-96-thread-1] INFO  server.RaftServerConfigKeys (ConfUtils.java:logGet(46)) - raft.server.retrycache.expirytime = 600000ms (custom)
2023-03-25 06:06:38,284 [pool-96-thread-1] INFO  server.RaftServerConfigKeys (ConfUtils.java:logGet(46)) - raft.server.retrycache.statistics.expirytime = 100μs (default)
2023-03-25 06:06:38,296 [pool-96-thread-1] INFO  server.RaftServerConfigKeys (ConfUtils.java:logGet(46)) - raft.server.log.appender.install.snapshot.enabled = false (custom)
2023-03-25 06:06:38,296 [pool-96-thread-1] INFO  server.RaftServerConfigKeys (ConfUtils.java:logGet(46)) - raft.server.threadpool.server.cached = true (default)
2023-03-25 06:06:38,296 [pool-96-thread-1] INFO  server.RaftServerConfigKeys (ConfUtils.java:logGet(46)) - raft.server.threadpool.server.size = 0 (default)
2023-03-25 06:06:38,296 [pool-96-thread-1] INFO  server.RaftServerConfigKeys (ConfUtils.java:logGet(46)) - raft.server.threadpool.client.cached = true (default)
2023-03-25 06:06:38,296 [pool-96-thread-1] INFO  server.RaftServerConfigKeys (ConfUtils.java:logGet(46)) - raft.server.threadpool.client.size = 0 (default)
2023-03-25 06:06:38,297 [pool-96-thread-1] INFO  server.RaftServer$Division (RaftServerImpl.java:<init>(195)) - 629483a1-ee77-4219-bfbf-43723208929e: new RaftServerImpl for group-7F05CB352D84:[e611d9bf-2564-4d9e-ba20-e3ff9cd9361f|rpc:10.1.0.6:37191|dataStream:10.1.0.6:43565|priority:0|startupRole:FOLLOWER, 629483a1-ee77-4219-bfbf-43723208929e|rpc:10.1.0.6:46597|dataStream:10.1.0.6:43849|priority:0|startupRole:FOLLOWER, f6b1a8fb-84e0-4eb5-ac02-8b85f50e4e44|rpc:10.1.0.6:36457|dataStream:10.1.0.6:38061|priority:1|startupRole:FOLLOWER] with ContainerStateMachine:uninitialized
2023-03-25 06:06:38,297 [pool-96-thread-1] INFO  server.RaftServerConfigKeys (ConfUtils.java:logGet(46)) - raft.server.rpc.timeout.min = 5s (custom)
2023-03-25 06:06:38,297 [pool-96-thread-1] INFO  server.RaftServerConfigKeys (ConfUtils.java:logGet(46)) - raft.server.rpc.timeout.max = 5200ms (custom)
2023-03-25 06:06:38,297 [pool-96-thread-1] INFO  server.RaftServerConfigKeys (ConfUtils.java:logGet(46)) - raft.server.rpc.sleep.time = 25ms (default)
2023-03-25 06:06:38,298 [pool-96-thread-1] INFO  server.RaftServerConfigKeys (ConfUtils.java:logGet(46)) - raft.server.rpc.slowness.timeout = 300s (custom)
2023-03-25 06:06:38,298 [pool-96-thread-1] INFO  server.RaftServerConfigKeys (ConfUtils.java:logGet(46)) - raft.server.leaderelection.leader.step-down.wait-time = 10s (default)
2023-03-25 06:06:38,298 [pool-96-thread-1] INFO  server.RaftServerConfigKeys (ConfUtils.java:logGet(46)) - raft.server.sleep.deviation.threshold = 300ms (default)
2023-03-25 06:06:38,298 [pool-96-thread-1] INFO  server.RaftServer$Division (ServerState.java:<init>(118)) - 629483a1-ee77-4219-bfbf-43723208929e@group-7F05CB352D84: ConfigurationManager, init=-1: peers:[e611d9bf-2564-4d9e-ba20-e3ff9cd9361f|rpc:10.1.0.6:37191|dataStream:10.1.0.6:43565|priority:0|startupRole:FOLLOWER, 629483a1-ee77-4219-bfbf-43723208929e|rpc:10.1.0.6:46597|dataStream:10.1.0.6:43849|priority:0|startupRole:FOLLOWER, f6b1a8fb-84e0-4eb5-ac02-8b85f50e4e44|rpc:10.1.0.6:36457|dataStream:10.1.0.6:38061|priority:1|startupRole:FOLLOWER]|listeners:[], old=null, confs=<EMPTY_MAP>
2023-03-25 06:06:38,298 [pool-96-thread-1] INFO  server.RaftServerConfigKeys (ConfUtils.java:logGet(46)) - raft.server.storage.dir = [/home/runner/work/ozone/ozone/hadoop-ozone/integration-test/target/test-dir/MiniOzoneClusterImpl-a610bbfc-ad57-4888-ac65-e976b37cd1f3/datanode-1/data/ratis] (custom)
2023-03-25 06:06:38,298 [pool-96-thread-1] INFO  server.RaftServerConfigKeys (ConfUtils.java:logGet(46)) - raft.server.log.corruption.policy = EXCEPTION (default)
2023-03-25 06:06:38,298 [pool-96-thread-1] INFO  server.RaftServerConfigKeys (ConfUtils.java:logGet(46)) - raft.server.storage.free-space.min = 0MB (=0) (default)
2023-03-25 06:06:38,298 [pool-96-thread-1] INFO  server.RaftServerConfigKeys (ConfUtils.java:logGet(46)) - raft.server.notification.no-leader.timeout = 300s (custom)
2023-03-25 06:06:38,298 [pool-96-thread-1] INFO  server.RaftServerConfigKeys (ConfUtils.java:logGet(46)) - raft.server.retrycache.expirytime = 600000ms (custom)
2023-03-25 06:06:38,298 [pool-96-thread-1] INFO  server.RaftServerConfigKeys (ConfUtils.java:logGet(46)) - raft.server.retrycache.statistics.expirytime = 100μs (default)
2023-03-25 06:06:38,299 [pool-96-thread-1] INFO  server.RaftServerConfigKeys (ConfUtils.java:logGet(46)) - raft.server.log.appender.install.snapshot.enabled = false (custom)
2023-03-25 06:06:38,299 [pool-96-thread-1] INFO  server.RaftServerConfigKeys (ConfUtils.java:logGet(46)) - raft.server.threadpool.server.cached = true (default)
2023-03-25 06:06:38,299 [pool-96-thread-1] INFO  server.RaftServerConfigKeys (ConfUtils.java:logGet(46)) - raft.server.threadpool.server.size = 0 (default)
2023-03-25 06:06:38,299 [pool-96-thread-1] INFO  server.RaftServerConfigKeys (ConfUtils.java:logGet(46)) - raft.server.threadpool.client.cached = true (default)
2023-03-25 06:06:38,300 [pool-96-thread-1] INFO  server.RaftServerConfigKeys (ConfUtils.java:logGet(46)) - raft.server.threadpool.client.size = 0 (default)
2023-03-25 06:06:38,300 [pool-96-thread-1] INFO  storage.RaftStorageDirectory (RaftStorageDirectoryImpl.java:analyzeStorage(137)) - The storage directory /home/runner/work/ozone/ozone/hadoop-ozone/integration-test/target/test-dir/MiniOzoneClusterImpl-a610bbfc-ad57-4888-ac65-e976b37cd1f3/datanode-1/data/ratis/e15fedd1-d5cd-4fa7-a2c9-7deeb221616f does not exist. Creating ...
2023-03-25 06:06:38,304 [pool-96-thread-1] INFO  storage.RaftStorageDirectory (RaftStorageDirectoryImpl.java:tryLock(231)) - Lock on /home/runner/work/ozone/ozone/hadoop-ozone/integration-test/target/test-dir/MiniOzoneClusterImpl-a610bbfc-ad57-4888-ac65-e976b37cd1f3/datanode-1/data/ratis/e15fedd1-d5cd-4fa7-a2c9-7deeb221616f/in_use.lock acquired by nodename 22552@fv-az342-96
2023-03-25 06:06:38,306 [pool-96-thread-1] INFO  storage.RaftStorage (RaftStorageImpl.java:format(96)) - Storage directory /home/runner/work/ozone/ozone/hadoop-ozone/integration-test/target/test-dir/MiniOzoneClusterImpl-a610bbfc-ad57-4888-ac65-e976b37cd1f3/datanode-1/data/ratis/e15fedd1-d5cd-4fa7-a2c9-7deeb221616f has been successfully formatted.
2023-03-25 06:06:38,306 [pool-96-thread-1] INFO  ratis.ContainerStateMachine (ContainerStateMachine.java:loadSnapshot(262)) - group-7DEEB221616F: The snapshot info is null. Setting the last applied indexto:(t:0, i:~)
2023-03-25 06:06:38,306 [pool-96-thread-1] INFO  server.RaftServerConfigKeys (ConfUtils.java:logGet(46)) - raft.server.log.use.memory = false (default)
2023-03-25 06:06:38,307 [pool-96-thread-1] INFO  server.RaftServerConfigKeys (ConfUtils.java:logGet(46)) - raft.server.log.purge.gap = 1000000 (custom)
2023-03-25 06:06:38,307 [pool-96-thread-1] INFO  server.RaftServerConfigKeys (ConfUtils.java:logGet(46)) - raft.server.log.appender.buffer.byte-limit = 33554432 (custom)
2023-03-25 06:06:38,307 [pool-96-thread-1] INFO  server.RaftServerConfigKeys (ConfUtils.java:logGet(46)) - raft.server.log.statemachine.data.read.timeout = 1000ms (default)
2023-03-25 06:06:38,307 [pool-96-thread-1] INFO  server.RaftServerConfigKeys (ConfUtils.java:logGet(46)) - raft.server.log.purge.preservation.log.num = 0 (default)
2023-03-25 06:06:38,307 [pool-96-thread-1] INFO  server.RaftServerConfigKeys (ConfUtils.java:logGet(46)) - raft.server.log.segment.size.max = 1048576 (custom)
2023-03-25 06:06:38,312 [pool-96-thread-1] INFO  server.RaftServerConfigKeys (ConfUtils.java:logGet(46)) - raft.server.log.segment.cache.num.max = 2 (custom)
2023-03-25 06:06:38,312 [pool-96-thread-1] INFO  server.RaftServerConfigKeys (ConfUtils.java:logGet(46)) - raft.server.log.segment.cache.size.max = 200MB (=209715200) (default)
2023-03-25 06:06:38,313 [EventQueue-OpenPipelineForHealthyPipelineSafeModeRule] INFO  safemode.SCMSafeModeManager (HealthyPipelineSafeModeRule.java:process(137)) - SCM in safe mode. Healthy pipelines reported count is 0, required healthy pipeline reported count is 1
2023-03-25 06:06:38,319 [pool-96-thread-1] INFO  segmented.SegmentedRaftLogWorker (SegmentedRaftLogWorker.java:<init>(189)) - new 629483a1-ee77-4219-bfbf-43723208929e@group-7DEEB221616F-SegmentedRaftLogWorker for RaftStorageImpl:Storage Directory /home/runner/work/ozone/ozone/hadoop-ozone/integration-test/target/test-dir/MiniOzoneClusterImpl-a610bbfc-ad57-4888-ac65-e976b37cd1f3/datanode-1/data/ratis/e15fedd1-d5cd-4fa7-a2c9-7deeb221616f
2023-03-25 06:06:38,320 [pool-96-thread-1] INFO  server.RaftServerConfigKeys (ConfUtils.java:logGet(46)) - raft.server.log.queue.byte-limit = 4294967296 (custom)
2023-03-25 06:06:38,320 [pool-96-thread-1] INFO  server.RaftServerConfigKeys (ConfUtils.java:logGet(46)) - raft.server.log.queue.element-limit = 1024 (custom)
2023-03-25 06:06:38,320 [pool-96-thread-1] INFO  server.RaftServerConfigKeys (ConfUtils.java:logGet(46)) - raft.server.log.segment.size.max = 1048576 (custom)
2023-03-25 06:06:38,320 [pool-96-thread-1] INFO  server.RaftServerConfigKeys (ConfUtils.java:logGet(46)) - raft.server.log.preallocated.size = 16384 (custom)
2023-03-25 06:06:38,320 [pool-96-thread-1] INFO  server.RaftServerConfigKeys (ConfUtils.java:logGet(46)) - raft.server.log.force.sync.num = 128 (default)
2023-03-25 06:06:38,320 [pool-96-thread-1] INFO  server.RaftServerConfigKeys (ConfUtils.java:logGet(46)) - raft.server.log.statemachine.data.sync = true (default)
2023-03-25 06:06:38,320 [pool-96-thread-1] INFO  server.RaftServerConfigKeys (ConfUtils.java:logGet(46)) - raft.server.log.statemachine.data.sync.timeout = 10s (default)
2023-03-25 06:06:38,320 [pool-96-thread-1] INFO  server.RaftServerConfigKeys (ConfUtils.java:logGet(46)) - raft.server.log.statemachine.data.sync.timeout.retry = -1 (default)
2023-03-25 06:06:38,321 [pool-96-thread-1] INFO  server.RaftServerConfigKeys (ConfUtils.java:logGet(46)) - raft.server.log.write.buffer.size = 1048576 (custom)
2023-03-25 06:06:38,322 [pool-96-thread-1] INFO  server.RaftServerConfigKeys (ConfUtils.java:logGet(46)) - raft.server.log.appender.buffer.byte-limit = 33554432 (custom)
2023-03-25 06:06:38,559 [pool-96-thread-1] INFO  server.RaftServerConfigKeys (ConfUtils.java:logGet(46)) - raft.server.log.unsafe-flush.enabled = false (default)
2023-03-25 06:06:38,562 [JvmPauseMonitor3] WARN  util.JvmPauseMonitor (JvmPauseMonitor.java:detectPause(126)) - JvmPauseMonitor-e611d9bf-2564-4d9e-ba20-e3ff9cd9361f: Detected pause in JVM or host machine (eg GC): pause of approximately 213927582ns.
GC pool 'PS MarkSweep' had collection(s): count=1 time=162ms
GC pool 'PS Scavenge' had collection(s): count=1 time=66ms
2023-03-25 06:06:38,562 [JvmPauseMonitor0] WARN  util.JvmPauseMonitor (JvmPauseMonitor.java:detectPause(126)) - JvmPauseMonitor-om1: Detected pause in JVM or host machine (eg GC): pause of approximately 150827586ns.
GC pool 'PS MarkSweep' had collection(s): count=1 time=162ms
GC pool 'PS Scavenge' had collection(s): count=1 time=66ms
2023-03-25 06:06:38,570 [pool-96-thread-1] INFO  server.RaftServerConfigKeys (ConfUtils.java:logGet(46)) - raft.server.log.async-flush.enabled = false (default)
2023-03-25 06:06:38,570 [pool-96-thread-1] INFO  server.RaftServerConfigKeys (ConfUtils.java:logGet(46)) - raft.server.log.statemachine.data.caching.enabled = true (custom)
2023-03-25 06:06:38,571 [pool-96-thread-1] INFO  segmented.SegmentedRaftLogWorker (SegmentedRaftLogWorker.java:lambda$new$0(135)) - 629483a1-ee77-4219-bfbf-43723208929e@group-7DEEB221616F-SegmentedRaftLogWorker: flushIndex: setUnconditionally 0 -> -1
2023-03-25 06:06:38,571 [pool-96-thread-1] INFO  segmented.SegmentedRaftLogWorker (SegmentedRaftLogWorker.java:lambda$new$0(135)) - 629483a1-ee77-4219-bfbf-43723208929e@group-7DEEB221616F-SegmentedRaftLogWorker: safeCacheEvictIndex: setUnconditionally 0 -> -1
2023-03-25 06:06:38,579 [pool-96-thread-1] INFO  server.RaftServer$Division (RaftServerImpl.java:start(334)) - 629483a1-ee77-4219-bfbf-43723208929e@group-7DEEB221616F: start as a follower, conf=-1: peers:[e611d9bf-2564-4d9e-ba20-e3ff9cd9361f|rpc:10.1.0.6:37191|dataStream:10.1.0.6:43565|priority:0|startupRole:FOLLOWER, 629483a1-ee77-4219-bfbf-43723208929e|rpc:10.1.0.6:46597|dataStream:10.1.0.6:43849|priority:1|startupRole:FOLLOWER, f6b1a8fb-84e0-4eb5-ac02-8b85f50e4e44|rpc:10.1.0.6:36457|dataStream:10.1.0.6:38061|priority:0|startupRole:FOLLOWER]|listeners:[], old=null
2023-03-25 06:06:38,579 [pool-96-thread-1] INFO  server.RaftServer$Division (RaftServerImpl.java:setRole(321)) - 629483a1-ee77-4219-bfbf-43723208929e@group-7DEEB221616F: changes role from      null to FOLLOWER at term 0 for startAsFollower
2023-03-25 06:06:38,580 [pool-96-thread-1] INFO  impl.RoleInfo (RoleInfo.java:updateAndGet(139)) - 629483a1-ee77-4219-bfbf-43723208929e: start 629483a1-ee77-4219-bfbf-43723208929e@group-7DEEB221616F-FollowerState
2023-03-25 06:06:38,586 [629483a1-ee77-4219-bfbf-43723208929e@group-7DEEB221616F-FollowerState] INFO  server.RaftServerConfigKeys (ConfUtils.java:logFallback(53)) - raft.server.rpc.first-election.timeout.min = 5s (fallback to raft.server.rpc.timeout.min)
2023-03-25 06:06:38,587 [629483a1-ee77-4219-bfbf-43723208929e@group-7DEEB221616F-FollowerState] INFO  server.RaftServerConfigKeys (ConfUtils.java:logFallback(53)) - raft.server.rpc.first-election.timeout.max = 5200ms (fallback to raft.server.rpc.timeout.max)
2023-03-25 06:06:38,587 [pool-96-thread-1] INFO  util.JmxRegister (JmxRegister.java:tryRegister(44)) - Successfully registered JMX Bean with object name Ratis:service=RaftServer,group=group-7DEEB221616F,id=629483a1-ee77-4219-bfbf-43723208929e
2023-03-25 06:06:38,587 [pool-96-thread-1] INFO  server.RaftServerConfigKeys (ConfUtils.java:logGet(46)) - raft.server.snapshot.auto.trigger.enabled = true (custom)
2023-03-25 06:06:38,587 [pool-96-thread-1] INFO  server.RaftServerConfigKeys (ConfUtils.java:logGet(46)) - raft.server.snapshot.auto.trigger.threshold = 10000 (custom)
2023-03-25 06:06:38,587 [pool-96-thread-1] INFO  server.RaftServerConfigKeys (ConfUtils.java:logGet(46)) - raft.server.snapshot.retention.file.num = 5 (custom)
2023-03-25 06:06:38,587 [pool-96-thread-1] INFO  server.RaftServerConfigKeys (ConfUtils.java:logGet(46)) - raft.server.log.purge.upto.snapshot.index = false (default)
2023-03-25 06:06:38,589 [pool-96-thread-1] INFO  storage.RaftStorageDirectory (RaftStorageDirectoryImpl.java:analyzeStorage(137)) - The storage directory /home/runner/work/ozone/ozone/hadoop-ozone/integration-test/target/test-dir/MiniOzoneClusterImpl-a610bbfc-ad57-4888-ac65-e976b37cd1f3/datanode-1/data/ratis/ac3d57e5-3f29-4911-8f31-7f05cb352d84 does not exist. Creating ...
2023-03-25 06:06:38,592 [pool-96-thread-1] INFO  storage.RaftStorageDirectory (RaftStorageDirectoryImpl.java:tryLock(231)) - Lock on /home/runner/work/ozone/ozone/hadoop-ozone/integration-test/target/test-dir/MiniOzoneClusterImpl-a610bbfc-ad57-4888-ac65-e976b37cd1f3/datanode-1/data/ratis/ac3d57e5-3f29-4911-8f31-7f05cb352d84/in_use.lock acquired by nodename 22552@fv-az342-96
2023-03-25 06:06:38,594 [pool-96-thread-1] INFO  storage.RaftStorage (RaftStorageImpl.java:format(96)) - Storage directory /home/runner/work/ozone/ozone/hadoop-ozone/integration-test/target/test-dir/MiniOzoneClusterImpl-a610bbfc-ad57-4888-ac65-e976b37cd1f3/datanode-1/data/ratis/ac3d57e5-3f29-4911-8f31-7f05cb352d84 has been successfully formatted.
2023-03-25 06:06:38,594 [pool-96-thread-1] INFO  ratis.ContainerStateMachine (ContainerStateMachine.java:loadSnapshot(262)) - group-7F05CB352D84: The snapshot info is null. Setting the last applied indexto:(t:0, i:~)
2023-03-25 06:06:38,594 [pool-96-thread-1] INFO  server.RaftServerConfigKeys (ConfUtils.java:logGet(46)) - raft.server.log.use.memory = false (default)
2023-03-25 06:06:38,595 [pool-96-thread-1] INFO  server.RaftServerConfigKeys (ConfUtils.java:logGet(46)) - raft.server.log.purge.gap = 1000000 (custom)
2023-03-25 06:06:38,595 [pool-96-thread-1] INFO  server.RaftServerConfigKeys (ConfUtils.java:logGet(46)) - raft.server.log.appender.buffer.byte-limit = 33554432 (custom)
2023-03-25 06:06:38,595 [pool-96-thread-1] INFO  server.RaftServerConfigKeys (ConfUtils.java:logGet(46)) - raft.server.log.statemachine.data.read.timeout = 1000ms (default)
2023-03-25 06:06:38,595 [pool-96-thread-1] INFO  server.RaftServerConfigKeys (ConfUtils.java:logGet(46)) - raft.server.log.purge.preservation.log.num = 0 (default)
2023-03-25 06:06:38,595 [pool-96-thread-1] INFO  server.RaftServerConfigKeys (ConfUtils.java:logGet(46)) - raft.server.log.segment.size.max = 1048576 (custom)
2023-03-25 06:06:38,596 [pool-96-thread-1] INFO  server.RaftServerConfigKeys (ConfUtils.java:logGet(46)) - raft.server.log.segment.cache.num.max = 2 (custom)
2023-03-25 06:06:38,598 [EventQueue-OpenPipelineForHealthyPipelineSafeModeRule] INFO  safemode.SCMSafeModeManager (HealthyPipelineSafeModeRule.java:process(137)) - SCM in safe mode. Healthy pipelines reported count is 0, required healthy pipeline reported count is 1
2023-03-25 06:06:38,600 [pool-96-thread-1] INFO  server.RaftServerConfigKeys (ConfUtils.java:logGet(46)) - raft.server.log.segment.cache.size.max = 200MB (=209715200) (default)
2023-03-25 06:06:38,600 [pool-96-thread-1] INFO  segmented.SegmentedRaftLogWorker (SegmentedRaftLogWorker.java:<init>(189)) - new 629483a1-ee77-4219-bfbf-43723208929e@group-7F05CB352D84-SegmentedRaftLogWorker for RaftStorageImpl:Storage Directory /home/runner/work/ozone/ozone/hadoop-ozone/integration-test/target/test-dir/MiniOzoneClusterImpl-a610bbfc-ad57-4888-ac65-e976b37cd1f3/datanode-1/data/ratis/ac3d57e5-3f29-4911-8f31-7f05cb352d84
2023-03-25 06:06:38,600 [pool-96-thread-1] INFO  server.RaftServerConfigKeys (ConfUtils.java:logGet(46)) - raft.server.log.queue.byte-limit = 4294967296 (custom)
2023-03-25 06:06:38,600 [pool-96-thread-1] INFO  server.RaftServerConfigKeys (ConfUtils.java:logGet(46)) - raft.server.log.queue.element-limit = 1024 (custom)
2023-03-25 06:06:38,600 [pool-96-thread-1] INFO  server.RaftServerConfigKeys (ConfUtils.java:logGet(46)) - raft.server.log.segment.size.max = 1048576 (custom)
2023-03-25 06:06:38,602 [pool-96-thread-1] INFO  server.RaftServerConfigKeys (ConfUtils.java:logGet(46)) - raft.server.log.preallocated.size = 16384 (custom)
2023-03-25 06:06:38,602 [pool-96-thread-1] INFO  server.RaftServerConfigKeys (ConfUtils.java:logGet(46)) - raft.server.log.force.sync.num = 128 (default)
2023-03-25 06:06:38,602 [pool-96-thread-1] INFO  server.RaftServerConfigKeys (ConfUtils.java:logGet(46)) - raft.server.log.statemachine.data.sync = true (default)
2023-03-25 06:06:38,602 [pool-96-thread-1] INFO  server.RaftServerConfigKeys (ConfUtils.java:logGet(46)) - raft.server.log.statemachine.data.sync.timeout = 10s (default)
2023-03-25 06:06:38,602 [pool-96-thread-1] INFO  server.RaftServerConfigKeys (ConfUtils.java:logGet(46)) - raft.server.log.statemachine.data.sync.timeout.retry = -1 (default)
2023-03-25 06:06:38,603 [pool-96-thread-1] INFO  server.RaftServerConfigKeys (ConfUtils.java:logGet(46)) - raft.server.log.write.buffer.size = 1048576 (custom)
2023-03-25 06:06:38,601 [Command processor thread] INFO  commandhandler.CreatePipelineCommandHandler (CreatePipelineCommandHandler.java:handle(113)) - Created Pipeline RATIS THREE PipelineID=e15fedd1-d5cd-4fa7-a2c9-7deeb221616f.
2023-03-25 06:06:38,603 [Command processor thread] INFO  server.RaftServer (RaftServerProxy.java:addNew(96)) - f6b1a8fb-84e0-4eb5-ac02-8b85f50e4e44: addNew group-7F05CB352D84:[e611d9bf-2564-4d9e-ba20-e3ff9cd9361f|rpc:10.1.0.6:37191|dataStream:10.1.0.6:43565|priority:0|startupRole:FOLLOWER, 629483a1-ee77-4219-bfbf-43723208929e|rpc:10.1.0.6:46597|dataStream:10.1.0.6:43849|priority:0|startupRole:FOLLOWER, f6b1a8fb-84e0-4eb5-ac02-8b85f50e4e44|rpc:10.1.0.6:36457|dataStream:10.1.0.6:38061|priority:1|startupRole:FOLLOWER] returns group-7F05CB352D84:java.util.concurrent.CompletableFuture@1b6963e9[Not completed]
2023-03-25 06:06:38,604 [pool-96-thread-1] INFO  server.RaftServerConfigKeys (ConfUtils.java:logGet(46)) - raft.server.log.appender.buffer.byte-limit = 33554432 (custom)
2023-03-25 06:06:38,605 [pool-74-thread-1] INFO  server.RaftServer$Division (RaftServerImpl.java:<init>(195)) - f6b1a8fb-84e0-4eb5-ac02-8b85f50e4e44: new RaftServerImpl for group-7F05CB352D84:[e611d9bf-2564-4d9e-ba20-e3ff9cd9361f|rpc:10.1.0.6:37191|dataStream:10.1.0.6:43565|priority:0|startupRole:FOLLOWER, 629483a1-ee77-4219-bfbf-43723208929e|rpc:10.1.0.6:46597|dataStream:10.1.0.6:43849|priority:0|startupRole:FOLLOWER, f6b1a8fb-84e0-4eb5-ac02-8b85f50e4e44|rpc:10.1.0.6:36457|dataStream:10.1.0.6:38061|priority:1|startupRole:FOLLOWER] with ContainerStateMachine:uninitialized
2023-03-25 06:06:38,611 [pool-74-thread-1] INFO  server.RaftServerConfigKeys (ConfUtils.java:logGet(46)) - raft.server.rpc.timeout.min = 5s (custom)
2023-03-25 06:06:38,611 [pool-96-thread-1] INFO  server.RaftServerConfigKeys (ConfUtils.java:logGet(46)) - raft.server.log.unsafe-flush.enabled = false (default)
2023-03-25 06:06:38,611 [pool-74-thread-1] INFO  server.RaftServerConfigKeys (ConfUtils.java:logGet(46)) - raft.server.rpc.timeout.max = 5200ms (custom)
2023-03-25 06:06:38,612 [pool-96-thread-1] INFO  server.RaftServerConfigKeys (ConfUtils.java:logGet(46)) - raft.server.log.async-flush.enabled = false (default)
2023-03-25 06:06:38,612 [pool-74-thread-1] INFO  server.RaftServerConfigKeys (ConfUtils.java:logGet(46)) - raft.server.rpc.sleep.time = 25ms (default)
2023-03-25 06:06:38,612 [pool-96-thread-1] INFO  server.RaftServerConfigKeys (ConfUtils.java:logGet(46)) - raft.server.log.statemachine.data.caching.enabled = true (custom)
2023-03-25 06:06:38,612 [pool-74-thread-1] INFO  server.RaftServerConfigKeys (ConfUtils.java:logGet(46)) - raft.server.rpc.slowness.timeout = 300s (custom)
2023-03-25 06:06:38,612 [pool-74-thread-1] INFO  server.RaftServerConfigKeys (ConfUtils.java:logGet(46)) - raft.server.leaderelection.leader.step-down.wait-time = 10s (default)
2023-03-25 06:06:38,612 [pool-74-thread-1] INFO  server.RaftServerConfigKeys (ConfUtils.java:logGet(46)) - raft.server.sleep.deviation.threshold = 300ms (default)
2023-03-25 06:06:38,612 [pool-74-thread-1] INFO  server.RaftServer$Division (ServerState.java:<init>(118)) - f6b1a8fb-84e0-4eb5-ac02-8b85f50e4e44@group-7F05CB352D84: ConfigurationManager, init=-1: peers:[e611d9bf-2564-4d9e-ba20-e3ff9cd9361f|rpc:10.1.0.6:37191|dataStream:10.1.0.6:43565|priority:0|startupRole:FOLLOWER, 629483a1-ee77-4219-bfbf-43723208929e|rpc:10.1.0.6:46597|dataStream:10.1.0.6:43849|priority:0|startupRole:FOLLOWER, f6b1a8fb-84e0-4eb5-ac02-8b85f50e4e44|rpc:10.1.0.6:36457|dataStream:10.1.0.6:38061|priority:1|startupRole:FOLLOWER]|listeners:[], old=null, confs=<EMPTY_MAP>
2023-03-25 06:06:38,613 [pool-74-thread-1] INFO  server.RaftServerConfigKeys (ConfUtils.java:logGet(46)) - raft.server.storage.dir = [/home/runner/work/ozone/ozone/hadoop-ozone/integration-test/target/test-dir/MiniOzoneClusterImpl-a610bbfc-ad57-4888-ac65-e976b37cd1f3/datanode-0/data/ratis] (custom)
2023-03-25 06:06:38,613 [pool-74-thread-1] INFO  server.RaftServerConfigKeys (ConfUtils.java:logGet(46)) - raft.server.log.corruption.policy = EXCEPTION (default)
2023-03-25 06:06:38,613 [pool-74-thread-1] INFO  server.RaftServerConfigKeys (ConfUtils.java:logGet(46)) - raft.server.storage.free-space.min = 0MB (=0) (default)
2023-03-25 06:06:38,613 [pool-74-thread-1] INFO  server.RaftServerConfigKeys (ConfUtils.java:logGet(46)) - raft.server.notification.no-leader.timeout = 300s (custom)
2023-03-25 06:06:38,613 [pool-74-thread-1] INFO  server.RaftServerConfigKeys (ConfUtils.java:logGet(46)) - raft.server.retrycache.expirytime = 600000ms (custom)
2023-03-25 06:06:38,613 [pool-74-thread-1] INFO  server.RaftServerConfigKeys (ConfUtils.java:logGet(46)) - raft.server.retrycache.statistics.expirytime = 100μs (default)
2023-03-25 06:06:38,612 [pool-96-thread-1] INFO  segmented.SegmentedRaftLogWorker (SegmentedRaftLogWorker.java:lambda$new$0(135)) - 629483a1-ee77-4219-bfbf-43723208929e@group-7F05CB352D84-SegmentedRaftLogWorker: flushIndex: setUnconditionally 0 -> -1
2023-03-25 06:06:38,616 [pool-96-thread-1] INFO  segmented.SegmentedRaftLogWorker (SegmentedRaftLogWorker.java:lambda$new$0(135)) - 629483a1-ee77-4219-bfbf-43723208929e@group-7F05CB352D84-SegmentedRaftLogWorker: safeCacheEvictIndex: setUnconditionally 0 -> -1
2023-03-25 06:06:38,615 [pool-74-thread-1] INFO  server.RaftServerConfigKeys (ConfUtils.java:logGet(46)) - raft.server.log.appender.install.snapshot.enabled = false (custom)
2023-03-25 06:06:38,616 [pool-74-thread-1] INFO  server.RaftServerConfigKeys (ConfUtils.java:logGet(46)) - raft.server.threadpool.server.cached = true (default)
2023-03-25 06:06:38,616 [pool-74-thread-1] INFO  server.RaftServerConfigKeys (ConfUtils.java:logGet(46)) - raft.server.threadpool.server.size = 0 (default)
2023-03-25 06:06:38,616 [pool-74-thread-1] INFO  server.RaftServerConfigKeys (ConfUtils.java:logGet(46)) - raft.server.threadpool.client.cached = true (default)
2023-03-25 06:06:38,616 [pool-74-thread-1] INFO  server.RaftServerConfigKeys (ConfUtils.java:logGet(46)) - raft.server.threadpool.client.size = 0 (default)
2023-03-25 06:06:38,616 [pool-74-thread-1] INFO  storage.RaftStorageDirectory (RaftStorageDirectoryImpl.java:analyzeStorage(137)) - The storage directory /home/runner/work/ozone/ozone/hadoop-ozone/integration-test/target/test-dir/MiniOzoneClusterImpl-a610bbfc-ad57-4888-ac65-e976b37cd1f3/datanode-0/data/ratis/ac3d57e5-3f29-4911-8f31-7f05cb352d84 does not exist. Creating ...
2023-03-25 06:06:38,620 [pool-74-thread-1] INFO  storage.RaftStorageDirectory (RaftStorageDirectoryImpl.java:tryLock(231)) - Lock on /home/runner/work/ozone/ozone/hadoop-ozone/integration-test/target/test-dir/MiniOzoneClusterImpl-a610bbfc-ad57-4888-ac65-e976b37cd1f3/datanode-0/data/ratis/ac3d57e5-3f29-4911-8f31-7f05cb352d84/in_use.lock acquired by nodename 22552@fv-az342-96
2023-03-25 06:06:38,621 [pool-96-thread-1] INFO  server.RaftServer$Division (RaftServerImpl.java:start(334)) - 629483a1-ee77-4219-bfbf-43723208929e@group-7F05CB352D84: start as a follower, conf=-1: peers:[e611d9bf-2564-4d9e-ba20-e3ff9cd9361f|rpc:10.1.0.6:37191|dataStream:10.1.0.6:43565|priority:0|startupRole:FOLLOWER, 629483a1-ee77-4219-bfbf-43723208929e|rpc:10.1.0.6:46597|dataStream:10.1.0.6:43849|priority:0|startupRole:FOLLOWER, f6b1a8fb-84e0-4eb5-ac02-8b85f50e4e44|rpc:10.1.0.6:36457|dataStream:10.1.0.6:38061|priority:1|startupRole:FOLLOWER]|listeners:[], old=null
2023-03-25 06:06:38,621 [pool-96-thread-1] INFO  server.RaftServer$Division (RaftServerImpl.java:setRole(321)) - 629483a1-ee77-4219-bfbf-43723208929e@group-7F05CB352D84: changes role from      null to FOLLOWER at term 0 for startAsFollower
2023-03-25 06:06:38,621 [pool-96-thread-1] INFO  impl.RoleInfo (RoleInfo.java:updateAndGet(139)) - 629483a1-ee77-4219-bfbf-43723208929e: start 629483a1-ee77-4219-bfbf-43723208929e@group-7F05CB352D84-FollowerState
2023-03-25 06:06:38,622 [pool-96-thread-1] INFO  util.JmxRegister (JmxRegister.java:tryRegister(44)) - Successfully registered JMX Bean with object name Ratis:service=RaftServer,group=group-7F05CB352D84,id=629483a1-ee77-4219-bfbf-43723208929e
2023-03-25 06:06:38,623 [pool-96-thread-1] INFO  server.RaftServerConfigKeys (ConfUtils.java:logGet(46)) - raft.server.snapshot.auto.trigger.enabled = true (custom)
2023-03-25 06:06:38,623 [pool-96-thread-1] INFO  server.RaftServerConfigKeys (ConfUtils.java:logGet(46)) - raft.server.snapshot.auto.trigger.threshold = 10000 (custom)
2023-03-25 06:06:38,623 [pool-96-thread-1] INFO  server.RaftServerConfigKeys (ConfUtils.java:logGet(46)) - raft.server.snapshot.retention.file.num = 5 (custom)
2023-03-25 06:06:38,623 [pool-96-thread-1] INFO  server.RaftServerConfigKeys (ConfUtils.java:logGet(46)) - raft.server.log.purge.upto.snapshot.index = false (default)
2023-03-25 06:06:38,623 [pool-74-thread-1] INFO  storage.RaftStorage (RaftStorageImpl.java:format(96)) - Storage directory /home/runner/work/ozone/ozone/hadoop-ozone/integration-test/target/test-dir/MiniOzoneClusterImpl-a610bbfc-ad57-4888-ac65-e976b37cd1f3/datanode-0/data/ratis/ac3d57e5-3f29-4911-8f31-7f05cb352d84 has been successfully formatted.
2023-03-25 06:06:38,628 [pool-74-thread-1] INFO  ratis.ContainerStateMachine (ContainerStateMachine.java:loadSnapshot(262)) - group-7F05CB352D84: The snapshot info is null. Setting the last applied indexto:(t:0, i:~)
2023-03-25 06:06:38,628 [pool-74-thread-1] INFO  server.RaftServerConfigKeys (ConfUtils.java:logGet(46)) - raft.server.log.use.memory = false (default)
2023-03-25 06:06:38,628 [pool-74-thread-1] INFO  server.RaftServerConfigKeys (ConfUtils.java:logGet(46)) - raft.server.log.purge.gap = 1000000 (custom)
2023-03-25 06:06:38,628 [pool-74-thread-1] INFO  server.RaftServerConfigKeys (ConfUtils.java:logGet(46)) - raft.server.log.appender.buffer.byte-limit = 33554432 (custom)
2023-03-25 06:06:38,628 [pool-74-thread-1] INFO  server.RaftServerConfigKeys (ConfUtils.java:logGet(46)) - raft.server.log.statemachine.data.read.timeout = 1000ms (default)
2023-03-25 06:06:38,628 [pool-74-thread-1] INFO  server.RaftServerConfigKeys (ConfUtils.java:logGet(46)) - raft.server.log.purge.preservation.log.num = 0 (default)
2023-03-25 06:06:38,629 [pool-74-thread-1] INFO  server.RaftServerConfigKeys (ConfUtils.java:logGet(46)) - raft.server.log.segment.size.max = 1048576 (custom)
2023-03-25 06:06:38,629 [pool-74-thread-1] INFO  server.RaftServerConfigKeys (ConfUtils.java:logGet(46)) - raft.server.log.segment.cache.num.max = 2 (custom)
2023-03-25 06:06:38,629 [pool-74-thread-1] INFO  server.RaftServerConfigKeys (ConfUtils.java:logGet(46)) - raft.server.log.segment.cache.size.max = 200MB (=209715200) (default)
2023-03-25 06:06:38,629 [pool-74-thread-1] INFO  segmented.SegmentedRaftLogWorker (SegmentedRaftLogWorker.java:<init>(189)) - new f6b1a8fb-84e0-4eb5-ac02-8b85f50e4e44@group-7F05CB352D84-SegmentedRaftLogWorker for RaftStorageImpl:Storage Directory /home/runner/work/ozone/ozone/hadoop-ozone/integration-test/target/test-dir/MiniOzoneClusterImpl-a610bbfc-ad57-4888-ac65-e976b37cd1f3/datanode-0/data/ratis/ac3d57e5-3f29-4911-8f31-7f05cb352d84
2023-03-25 06:06:38,629 [pool-74-thread-1] INFO  server.RaftServerConfigKeys (ConfUtils.java:logGet(46)) - raft.server.log.queue.byte-limit = 4294967296 (custom)
2023-03-25 06:06:38,629 [pool-74-thread-1] INFO  server.RaftServerConfigKeys (ConfUtils.java:logGet(46)) - raft.server.log.queue.element-limit = 1024 (custom)
2023-03-25 06:06:38,629 [pool-74-thread-1] INFO  server.RaftServerConfigKeys (ConfUtils.java:logGet(46)) - raft.server.log.segment.size.max = 1048576 (custom)
2023-03-25 06:06:38,630 [pool-74-thread-1] INFO  server.RaftServerConfigKeys (ConfUtils.java:logGet(46)) - raft.server.log.preallocated.size = 16384 (custom)
2023-03-25 06:06:38,631 [pool-74-thread-1] INFO  server.RaftServerConfigKeys (ConfUtils.java:logGet(46)) - raft.server.log.force.sync.num = 128 (default)
2023-03-25 06:06:38,631 [pool-74-thread-1] INFO  server.RaftServerConfigKeys (ConfUtils.java:logGet(46)) - raft.server.log.statemachine.data.sync = true (default)
2023-03-25 06:06:38,631 [pool-74-thread-1] INFO  server.RaftServerConfigKeys (ConfUtils.java:logGet(46)) - raft.server.log.statemachine.data.sync.timeout = 10s (default)
2023-03-25 06:06:38,631 [pool-74-thread-1] INFO  server.RaftServerConfigKeys (ConfUtils.java:logGet(46)) - raft.server.log.statemachine.data.sync.timeout.retry = -1 (default)
2023-03-25 06:06:38,632 [pool-74-thread-1] INFO  server.RaftServerConfigKeys (ConfUtils.java:logGet(46)) - raft.server.log.write.buffer.size = 1048576 (custom)
2023-03-25 06:06:38,633 [pool-74-thread-1] INFO  server.RaftServerConfigKeys (ConfUtils.java:logGet(46)) - raft.server.log.appender.buffer.byte-limit = 33554432 (custom)
2023-03-25 06:06:38,624 [629483a1-ee77-4219-bfbf-43723208929e@group-7F05CB352D84-FollowerState] INFO  server.RaftServerConfigKeys (ConfUtils.java:logFallback(53)) - raft.server.rpc.first-election.timeout.min = 5s (fallback to raft.server.rpc.timeout.min)
2023-03-25 06:06:38,641 [629483a1-ee77-4219-bfbf-43723208929e@group-7F05CB352D84-FollowerState] INFO  server.RaftServerConfigKeys (ConfUtils.java:logFallback(53)) - raft.server.rpc.first-election.timeout.max = 5200ms (fallback to raft.server.rpc.timeout.max)
2023-03-25 06:06:38,630 [Command processor thread] INFO  ratis.XceiverServerRatis (XceiverServerRatis.java:addGroup(807)) - Created group PipelineID=ac3d57e5-3f29-4911-8f31-7f05cb352d84
2023-03-25 06:06:38,642 [EventQueue-OpenPipelineForHealthyPipelineSafeModeRule] INFO  safemode.SCMSafeModeManager (HealthyPipelineSafeModeRule.java:process(137)) - SCM in safe mode. Healthy pipelines reported count is 0, required healthy pipeline reported count is 1
2023-03-25 06:06:38,644 [pool-74-thread-1] INFO  server.RaftServerConfigKeys (ConfUtils.java:logGet(46)) - raft.server.log.unsafe-flush.enabled = false (default)
2023-03-25 06:06:38,644 [pool-74-thread-1] INFO  server.RaftServerConfigKeys (ConfUtils.java:logGet(46)) - raft.server.log.async-flush.enabled = false (default)
2023-03-25 06:06:38,645 [pool-74-thread-1] INFO  server.RaftServerConfigKeys (ConfUtils.java:logGet(46)) - raft.server.log.statemachine.data.caching.enabled = true (custom)
2023-03-25 06:06:38,647 [pool-74-thread-1] INFO  segmented.SegmentedRaftLogWorker (SegmentedRaftLogWorker.java:lambda$new$0(135)) - f6b1a8fb-84e0-4eb5-ac02-8b85f50e4e44@group-7F05CB352D84-SegmentedRaftLogWorker: flushIndex: setUnconditionally 0 -> -1
2023-03-25 06:06:38,647 [pool-74-thread-1] INFO  segmented.SegmentedRaftLogWorker (SegmentedRaftLogWorker.java:lambda$new$0(135)) - f6b1a8fb-84e0-4eb5-ac02-8b85f50e4e44@group-7F05CB352D84-SegmentedRaftLogWorker: safeCacheEvictIndex: setUnconditionally 0 -> -1
2023-03-25 06:06:38,648 [pool-74-thread-1] INFO  server.RaftServer$Division (RaftServerImpl.java:start(334)) - f6b1a8fb-84e0-4eb5-ac02-8b85f50e4e44@group-7F05CB352D84: start as a follower, conf=-1: peers:[e611d9bf-2564-4d9e-ba20-e3ff9cd9361f|rpc:10.1.0.6:37191|dataStream:10.1.0.6:43565|priority:0|startupRole:FOLLOWER, 629483a1-ee77-4219-bfbf-43723208929e|rpc:10.1.0.6:46597|dataStream:10.1.0.6:43849|priority:0|startupRole:FOLLOWER, f6b1a8fb-84e0-4eb5-ac02-8b85f50e4e44|rpc:10.1.0.6:36457|dataStream:10.1.0.6:38061|priority:1|startupRole:FOLLOWER]|listeners:[], old=null
2023-03-25 06:06:38,648 [pool-74-thread-1] INFO  server.RaftServer$Division (RaftServerImpl.java:setRole(321)) - f6b1a8fb-84e0-4eb5-ac02-8b85f50e4e44@group-7F05CB352D84: changes role from      null to FOLLOWER at term 0 for startAsFollower
2023-03-25 06:06:38,648 [pool-74-thread-1] INFO  impl.RoleInfo (RoleInfo.java:updateAndGet(139)) - f6b1a8fb-84e0-4eb5-ac02-8b85f50e4e44: start f6b1a8fb-84e0-4eb5-ac02-8b85f50e4e44@group-7F05CB352D84-FollowerState
2023-03-25 06:06:38,648 [pool-74-thread-1] INFO  util.JmxRegister (JmxRegister.java:tryRegister(44)) - Successfully registered JMX Bean with object name Ratis:service=RaftServer,group=group-7F05CB352D84,id=f6b1a8fb-84e0-4eb5-ac02-8b85f50e4e44
2023-03-25 06:06:38,648 [pool-74-thread-1] INFO  server.RaftServerConfigKeys (ConfUtils.java:logGet(46)) - raft.server.snapshot.auto.trigger.enabled = true (custom)
2023-03-25 06:06:38,648 [pool-74-thread-1] INFO  server.RaftServerConfigKeys (ConfUtils.java:logGet(46)) - raft.server.snapshot.auto.trigger.threshold = 10000 (custom)
2023-03-25 06:06:38,648 [pool-74-thread-1] INFO  server.RaftServerConfigKeys (ConfUtils.java:logGet(46)) - raft.server.snapshot.retention.file.num = 5 (custom)
2023-03-25 06:06:38,649 [pool-74-thread-1] INFO  server.RaftServerConfigKeys (ConfUtils.java:logGet(46)) - raft.server.log.purge.upto.snapshot.index = false (default)
2023-03-25 06:06:38,649 [f6b1a8fb-84e0-4eb5-ac02-8b85f50e4e44@group-7F05CB352D84-FollowerState] INFO  server.RaftServerConfigKeys (ConfUtils.java:logFallback(53)) - raft.server.rpc.first-election.timeout.min = 5s (fallback to raft.server.rpc.timeout.min)
2023-03-25 06:06:38,651 [Command processor thread] INFO  ratis.XceiverServerRatis (XceiverServerRatis.java:addGroup(807)) - Created group PipelineID=ac3d57e5-3f29-4911-8f31-7f05cb352d84
2023-03-25 06:06:38,662 [f6b1a8fb-84e0-4eb5-ac02-8b85f50e4e44@group-7F05CB352D84-FollowerState] INFO  server.RaftServerConfigKeys (ConfUtils.java:logFallback(53)) - raft.server.rpc.first-election.timeout.max = 5200ms (fallback to raft.server.rpc.timeout.max)
2023-03-25 06:06:38,744 [grpc-default-executor-0] INFO  server.RaftServer (RaftServerProxy.java:addNew(96)) - e611d9bf-2564-4d9e-ba20-e3ff9cd9361f: addNew group-7F05CB352D84:[e611d9bf-2564-4d9e-ba20-e3ff9cd9361f|rpc:10.1.0.6:37191|dataStream:10.1.0.6:43565|priority:0|startupRole:FOLLOWER, 629483a1-ee77-4219-bfbf-43723208929e|rpc:10.1.0.6:46597|dataStream:10.1.0.6:43849|priority:0|startupRole:FOLLOWER, f6b1a8fb-84e0-4eb5-ac02-8b85f50e4e44|rpc:10.1.0.6:36457|dataStream:10.1.0.6:38061|priority:1|startupRole:FOLLOWER] returns group-7F05CB352D84:java.util.concurrent.CompletableFuture@6357ee6[Not completed]
2023-03-25 06:06:38,746 [pool-118-thread-1] INFO  server.RaftServer$Division (RaftServerImpl.java:<init>(195)) - e611d9bf-2564-4d9e-ba20-e3ff9cd9361f: new RaftServerImpl for group-7F05CB352D84:[e611d9bf-2564-4d9e-ba20-e3ff9cd9361f|rpc:10.1.0.6:37191|dataStream:10.1.0.6:43565|priority:0|startupRole:FOLLOWER, 629483a1-ee77-4219-bfbf-43723208929e|rpc:10.1.0.6:46597|dataStream:10.1.0.6:43849|priority:0|startupRole:FOLLOWER, f6b1a8fb-84e0-4eb5-ac02-8b85f50e4e44|rpc:10.1.0.6:36457|dataStream:10.1.0.6:38061|priority:1|startupRole:FOLLOWER] with ContainerStateMachine:uninitialized
2023-03-25 06:06:38,747 [pool-118-thread-1] INFO  server.RaftServerConfigKeys (ConfUtils.java:logGet(46)) - raft.server.rpc.timeout.min = 5s (custom)
2023-03-25 06:06:38,747 [pool-118-thread-1] INFO  server.RaftServerConfigKeys (ConfUtils.java:logGet(46)) - raft.server.rpc.timeout.max = 5200ms (custom)
2023-03-25 06:06:38,747 [pool-118-thread-1] INFO  server.RaftServerConfigKeys (ConfUtils.java:logGet(46)) - raft.server.rpc.sleep.time = 25ms (default)
2023-03-25 06:06:38,747 [pool-118-thread-1] INFO  server.RaftServerConfigKeys (ConfUtils.java:logGet(46)) - raft.server.rpc.slowness.timeout = 300s (custom)
2023-03-25 06:06:38,747 [pool-118-thread-1] INFO  server.RaftServerConfigKeys (ConfUtils.java:logGet(46)) - raft.server.leaderelection.leader.step-down.wait-time = 10s (default)
2023-03-25 06:06:38,747 [pool-118-thread-1] INFO  server.RaftServerConfigKeys (ConfUtils.java:logGet(46)) - raft.server.sleep.deviation.threshold = 300ms (default)
2023-03-25 06:06:38,747 [pool-118-thread-1] INFO  server.RaftServer$Division (ServerState.java:<init>(118)) - e611d9bf-2564-4d9e-ba20-e3ff9cd9361f@group-7F05CB352D84: ConfigurationManager, init=-1: peers:[e611d9bf-2564-4d9e-ba20-e3ff9cd9361f|rpc:10.1.0.6:37191|dataStream:10.1.0.6:43565|priority:0|startupRole:FOLLOWER, 629483a1-ee77-4219-bfbf-43723208929e|rpc:10.1.0.6:46597|dataStream:10.1.0.6:43849|priority:0|startupRole:FOLLOWER, f6b1a8fb-84e0-4eb5-ac02-8b85f50e4e44|rpc:10.1.0.6:36457|dataStream:10.1.0.6:38061|priority:1|startupRole:FOLLOWER]|listeners:[], old=null, confs=<EMPTY_MAP>
2023-03-25 06:06:38,747 [pool-118-thread-1] INFO  server.RaftServerConfigKeys (ConfUtils.java:logGet(46)) - raft.server.storage.dir = [/home/runner/work/ozone/ozone/hadoop-ozone/integration-test/target/test-dir/MiniOzoneClusterImpl-a610bbfc-ad57-4888-ac65-e976b37cd1f3/datanode-2/data/ratis] (custom)
2023-03-25 06:06:38,747 [pool-118-thread-1] INFO  server.RaftServerConfigKeys (ConfUtils.java:logGet(46)) - raft.server.log.corruption.policy = EXCEPTION (default)
2023-03-25 06:06:38,747 [pool-118-thread-1] INFO  server.RaftServerConfigKeys (ConfUtils.java:logGet(46)) - raft.server.storage.free-space.min = 0MB (=0) (default)
2023-03-25 06:06:38,748 [pool-118-thread-1] INFO  server.RaftServerConfigKeys (ConfUtils.java:logGet(46)) - raft.server.notification.no-leader.timeout = 300s (custom)
2023-03-25 06:06:38,748 [pool-118-thread-1] INFO  server.RaftServerConfigKeys (ConfUtils.java:logGet(46)) - raft.server.retrycache.expirytime = 600000ms (custom)
2023-03-25 06:06:38,748 [pool-118-thread-1] INFO  server.RaftServerConfigKeys (ConfUtils.java:logGet(46)) - raft.server.retrycache.statistics.expirytime = 100μs (default)
2023-03-25 06:06:38,749 [pool-118-thread-1] INFO  server.RaftServerConfigKeys (ConfUtils.java:logGet(46)) - raft.server.log.appender.install.snapshot.enabled = false (custom)
2023-03-25 06:06:38,749 [pool-118-thread-1] INFO  server.RaftServerConfigKeys (ConfUtils.java:logGet(46)) - raft.server.threadpool.server.cached = true (default)
2023-03-25 06:06:38,749 [pool-118-thread-1] INFO  server.RaftServerConfigKeys (ConfUtils.java:logGet(46)) - raft.server.threadpool.server.size = 0 (default)
2023-03-25 06:06:38,749 [pool-118-thread-1] INFO  server.RaftServerConfigKeys (ConfUtils.java:logGet(46)) - raft.server.threadpool.client.cached = true (default)
2023-03-25 06:06:38,749 [pool-118-thread-1] INFO  server.RaftServerConfigKeys (ConfUtils.java:logGet(46)) - raft.server.threadpool.client.size = 0 (default)
2023-03-25 06:06:38,749 [pool-118-thread-1] INFO  storage.RaftStorageDirectory (RaftStorageDirectoryImpl.java:analyzeStorage(137)) - The storage directory /home/runner/work/ozone/ozone/hadoop-ozone/integration-test/target/test-dir/MiniOzoneClusterImpl-a610bbfc-ad57-4888-ac65-e976b37cd1f3/datanode-2/data/ratis/ac3d57e5-3f29-4911-8f31-7f05cb352d84 does not exist. Creating ...
2023-03-25 06:06:38,751 [pool-118-thread-1] INFO  storage.RaftStorageDirectory (RaftStorageDirectoryImpl.java:tryLock(231)) - Lock on /home/runner/work/ozone/ozone/hadoop-ozone/integration-test/target/test-dir/MiniOzoneClusterImpl-a610bbfc-ad57-4888-ac65-e976b37cd1f3/datanode-2/data/ratis/ac3d57e5-3f29-4911-8f31-7f05cb352d84/in_use.lock acquired by nodename 22552@fv-az342-96
2023-03-25 06:06:38,757 [pool-118-thread-1] INFO  storage.RaftStorage (RaftStorageImpl.java:format(96)) - Storage directory /home/runner/work/ozone/ozone/hadoop-ozone/integration-test/target/test-dir/MiniOzoneClusterImpl-a610bbfc-ad57-4888-ac65-e976b37cd1f3/datanode-2/data/ratis/ac3d57e5-3f29-4911-8f31-7f05cb352d84 has been successfully formatted.
2023-03-25 06:06:38,758 [pool-118-thread-1] INFO  ratis.ContainerStateMachine (ContainerStateMachine.java:loadSnapshot(262)) - group-7F05CB352D84: The snapshot info is null. Setting the last applied indexto:(t:0, i:~)
2023-03-25 06:06:38,758 [pool-118-thread-1] INFO  server.RaftServerConfigKeys (ConfUtils.java:logGet(46)) - raft.server.log.use.memory = false (default)
2023-03-25 06:06:38,761 [Listener at 127.0.0.1/39073] INFO  ozone.MiniOzoneClusterImpl (MiniOzoneClusterImpl.java:lambda$waitForClusterToBeReady$0(222)) - Nodes are ready. Got 3 of 3 DN Heartbeats.
2023-03-25 06:06:38,764 [Listener at 127.0.0.1/39073] INFO  ozone.MiniOzoneClusterImpl (MiniOzoneClusterImpl.java:lambda$waitForClusterToBeReady$0(225)) - Waiting for cluster to exit safe mode
2023-03-25 06:06:38,764 [Listener at 127.0.0.1/39073] INFO  ozone.MiniOzoneClusterImpl (MiniOzoneClusterImpl.java:lambda$waitForClusterToBeReady$0(227)) - SCM became leader
2023-03-25 06:06:38,761 [pool-118-thread-1] INFO  server.RaftServerConfigKeys (ConfUtils.java:logGet(46)) - raft.server.log.purge.gap = 1000000 (custom)
2023-03-25 06:06:38,765 [pool-118-thread-1] INFO  server.RaftServerConfigKeys (ConfUtils.java:logGet(46)) - raft.server.log.appender.buffer.byte-limit = 33554432 (custom)
2023-03-25 06:06:38,765 [pool-118-thread-1] INFO  server.RaftServerConfigKeys (ConfUtils.java:logGet(46)) - raft.server.log.statemachine.data.read.timeout = 1000ms (default)
2023-03-25 06:06:38,765 [pool-118-thread-1] INFO  server.RaftServerConfigKeys (ConfUtils.java:logGet(46)) - raft.server.log.purge.preservation.log.num = 0 (default)
2023-03-25 06:06:38,765 [pool-118-thread-1] INFO  server.RaftServerConfigKeys (ConfUtils.java:logGet(46)) - raft.server.log.segment.size.max = 1048576 (custom)
2023-03-25 06:06:38,766 [pool-118-thread-1] INFO  server.RaftServerConfigKeys (ConfUtils.java:logGet(46)) - raft.server.log.segment.cache.num.max = 2 (custom)
2023-03-25 06:06:38,766 [pool-118-thread-1] INFO  server.RaftServerConfigKeys (ConfUtils.java:logGet(46)) - raft.server.log.segment.cache.size.max = 200MB (=209715200) (default)
2023-03-25 06:06:38,766 [pool-118-thread-1] INFO  segmented.SegmentedRaftLogWorker (SegmentedRaftLogWorker.java:<init>(189)) - new e611d9bf-2564-4d9e-ba20-e3ff9cd9361f@group-7F05CB352D84-SegmentedRaftLogWorker for RaftStorageImpl:Storage Directory /home/runner/work/ozone/ozone/hadoop-ozone/integration-test/target/test-dir/MiniOzoneClusterImpl-a610bbfc-ad57-4888-ac65-e976b37cd1f3/datanode-2/data/ratis/ac3d57e5-3f29-4911-8f31-7f05cb352d84
2023-03-25 06:06:38,766 [pool-118-thread-1] INFO  server.RaftServerConfigKeys (ConfUtils.java:logGet(46)) - raft.server.log.queue.byte-limit = 4294967296 (custom)
2023-03-25 06:06:38,766 [pool-118-thread-1] INFO  server.RaftServerConfigKeys (ConfUtils.java:logGet(46)) - raft.server.log.queue.element-limit = 1024 (custom)
2023-03-25 06:06:38,766 [pool-118-thread-1] INFO  server.RaftServerConfigKeys (ConfUtils.java:logGet(46)) - raft.server.log.segment.size.max = 1048576 (custom)
2023-03-25 06:06:38,766 [pool-118-thread-1] INFO  server.RaftServerConfigKeys (ConfUtils.java:logGet(46)) - raft.server.log.preallocated.size = 16384 (custom)
2023-03-25 06:06:38,766 [pool-118-thread-1] INFO  server.RaftServerConfigKeys (ConfUtils.java:logGet(46)) - raft.server.log.force.sync.num = 128 (default)
2023-03-25 06:06:38,766 [pool-118-thread-1] INFO  server.RaftServerConfigKeys (ConfUtils.java:logGet(46)) - raft.server.log.statemachine.data.sync = true (default)
2023-03-25 06:06:38,766 [pool-118-thread-1] INFO  server.RaftServerConfigKeys (ConfUtils.java:logGet(46)) - raft.server.log.statemachine.data.sync.timeout = 10s (default)
2023-03-25 06:06:38,766 [pool-118-thread-1] INFO  server.RaftServerConfigKeys (ConfUtils.java:logGet(46)) - raft.server.log.statemachine.data.sync.timeout.retry = -1 (default)
2023-03-25 06:06:38,773 [pool-118-thread-1] INFO  server.RaftServerConfigKeys (ConfUtils.java:logGet(46)) - raft.server.log.write.buffer.size = 1048576 (custom)
2023-03-25 06:06:38,773 [pool-118-thread-1] INFO  server.RaftServerConfigKeys (ConfUtils.java:logGet(46)) - raft.server.log.appender.buffer.byte-limit = 33554432 (custom)
2023-03-25 06:06:38,777 [Command processor thread] INFO  server.RaftServer (RaftServerProxy.java:addNew(96)) - e611d9bf-2564-4d9e-ba20-e3ff9cd9361f: addNew group-D01A20EBA513:[e611d9bf-2564-4d9e-ba20-e3ff9cd9361f|rpc:10.1.0.6:37191|dataStream:10.1.0.6:43565|priority:1|startupRole:FOLLOWER] returns group-D01A20EBA513:java.util.concurrent.CompletableFuture@4b1a147c[Not completed]
2023-03-25 06:06:38,783 [pool-118-thread-1] INFO  server.RaftServerConfigKeys (ConfUtils.java:logGet(46)) - raft.server.log.unsafe-flush.enabled = false (default)
2023-03-25 06:06:38,783 [pool-118-thread-1] INFO  server.RaftServerConfigKeys (ConfUtils.java:logGet(46)) - raft.server.log.async-flush.enabled = false (default)
2023-03-25 06:06:38,783 [pool-118-thread-1] INFO  server.RaftServerConfigKeys (ConfUtils.java:logGet(46)) - raft.server.log.statemachine.data.caching.enabled = true (custom)
2023-03-25 06:06:38,789 [Command processor thread] INFO  commandhandler.CreatePipelineCommandHandler (CreatePipelineCommandHandler.java:handle(113)) - Created Pipeline RATIS THREE PipelineID=ac3d57e5-3f29-4911-8f31-7f05cb352d84.
2023-03-25 06:06:38,789 [pool-118-thread-1] INFO  segmented.SegmentedRaftLogWorker (SegmentedRaftLogWorker.java:lambda$new$0(135)) - e611d9bf-2564-4d9e-ba20-e3ff9cd9361f@group-7F05CB352D84-SegmentedRaftLogWorker: flushIndex: setUnconditionally 0 -> -1
2023-03-25 06:06:38,790 [pool-118-thread-1] INFO  segmented.SegmentedRaftLogWorker (SegmentedRaftLogWorker.java:lambda$new$0(135)) - e611d9bf-2564-4d9e-ba20-e3ff9cd9361f@group-7F05CB352D84-SegmentedRaftLogWorker: safeCacheEvictIndex: setUnconditionally 0 -> -1
2023-03-25 06:06:38,791 [pool-118-thread-1] INFO  server.RaftServer$Division (RaftServerImpl.java:start(334)) - e611d9bf-2564-4d9e-ba20-e3ff9cd9361f@group-7F05CB352D84: start as a follower, conf=-1: peers:[e611d9bf-2564-4d9e-ba20-e3ff9cd9361f|rpc:10.1.0.6:37191|dataStream:10.1.0.6:43565|priority:0|startupRole:FOLLOWER, 629483a1-ee77-4219-bfbf-43723208929e|rpc:10.1.0.6:46597|dataStream:10.1.0.6:43849|priority:0|startupRole:FOLLOWER, f6b1a8fb-84e0-4eb5-ac02-8b85f50e4e44|rpc:10.1.0.6:36457|dataStream:10.1.0.6:38061|priority:1|startupRole:FOLLOWER]|listeners:[], old=null
2023-03-25 06:06:38,791 [pool-118-thread-1] INFO  server.RaftServer$Division (RaftServerImpl.java:setRole(321)) - e611d9bf-2564-4d9e-ba20-e3ff9cd9361f@group-7F05CB352D84: changes role from      null to FOLLOWER at term 0 for startAsFollower
2023-03-25 06:06:38,791 [pool-118-thread-1] INFO  impl.RoleInfo (RoleInfo.java:updateAndGet(139)) - e611d9bf-2564-4d9e-ba20-e3ff9cd9361f: start e611d9bf-2564-4d9e-ba20-e3ff9cd9361f@group-7F05CB352D84-FollowerState
2023-03-25 06:06:38,791 [e611d9bf-2564-4d9e-ba20-e3ff9cd9361f@group-7F05CB352D84-FollowerState] INFO  server.RaftServerConfigKeys (ConfUtils.java:logFallback(53)) - raft.server.rpc.first-election.timeout.min = 5s (fallback to raft.server.rpc.timeout.min)
2023-03-25 06:06:38,792 [e611d9bf-2564-4d9e-ba20-e3ff9cd9361f@group-7F05CB352D84-FollowerState] INFO  server.RaftServerConfigKeys (ConfUtils.java:logFallback(53)) - raft.server.rpc.first-election.timeout.max = 5200ms (fallback to raft.server.rpc.timeout.max)
2023-03-25 06:06:38,793 [pool-118-thread-1] INFO  util.JmxRegister (JmxRegister.java:tryRegister(44)) - Successfully registered JMX Bean with object name Ratis:service=RaftServer,group=group-7F05CB352D84,id=e611d9bf-2564-4d9e-ba20-e3ff9cd9361f
2023-03-25 06:06:38,794 [pool-118-thread-1] INFO  server.RaftServerConfigKeys (ConfUtils.java:logGet(46)) - raft.server.snapshot.auto.trigger.enabled = true (custom)
2023-03-25 06:06:38,794 [pool-118-thread-1] INFO  server.RaftServerConfigKeys (ConfUtils.java:logGet(46)) - raft.server.snapshot.auto.trigger.threshold = 10000 (custom)
2023-03-25 06:06:38,794 [pool-118-thread-1] INFO  server.RaftServerConfigKeys (ConfUtils.java:logGet(46)) - raft.server.snapshot.retention.file.num = 5 (custom)
2023-03-25 06:06:38,794 [pool-118-thread-1] INFO  server.RaftServerConfigKeys (ConfUtils.java:logGet(46)) - raft.server.log.purge.upto.snapshot.index = false (default)
2023-03-25 06:06:38,799 [pool-118-thread-1] INFO  server.RaftServer$Division (RaftServerImpl.java:<init>(195)) - e611d9bf-2564-4d9e-ba20-e3ff9cd9361f: new RaftServerImpl for group-D01A20EBA513:[e611d9bf-2564-4d9e-ba20-e3ff9cd9361f|rpc:10.1.0.6:37191|dataStream:10.1.0.6:43565|priority:1|startupRole:FOLLOWER] with ContainerStateMachine:uninitialized
2023-03-25 06:06:38,802 [pool-118-thread-1] INFO  server.RaftServerConfigKeys (ConfUtils.java:logGet(46)) - raft.server.rpc.timeout.min = 5s (custom)
2023-03-25 06:06:38,802 [pool-118-thread-1] INFO  server.RaftServerConfigKeys (ConfUtils.java:logGet(46)) - raft.server.rpc.timeout.max = 5200ms (custom)
2023-03-25 06:06:38,802 [pool-118-thread-1] INFO  server.RaftServerConfigKeys (ConfUtils.java:logGet(46)) - raft.server.rpc.sleep.time = 25ms (default)
2023-03-25 06:06:38,803 [Command processor thread] INFO  commandhandler.CreatePipelineCommandHandler (CreatePipelineCommandHandler.java:handle(113)) - Created Pipeline RATIS THREE PipelineID=ac3d57e5-3f29-4911-8f31-7f05cb352d84.
2023-03-25 06:06:38,804 [pool-118-thread-1] INFO  server.RaftServerConfigKeys (ConfUtils.java:logGet(46)) - raft.server.rpc.slowness.timeout = 300s (custom)
2023-03-25 06:06:38,805 [pool-118-thread-1] INFO  server.RaftServerConfigKeys (ConfUtils.java:logGet(46)) - raft.server.leaderelection.leader.step-down.wait-time = 10s (default)
2023-03-25 06:06:38,805 [pool-118-thread-1] INFO  server.RaftServerConfigKeys (ConfUtils.java:logGet(46)) - raft.server.sleep.deviation.threshold = 300ms (default)
2023-03-25 06:06:38,805 [pool-118-thread-1] INFO  server.RaftServer$Division (ServerState.java:<init>(118)) - e611d9bf-2564-4d9e-ba20-e3ff9cd9361f@group-D01A20EBA513: ConfigurationManager, init=-1: peers:[e611d9bf-2564-4d9e-ba20-e3ff9cd9361f|rpc:10.1.0.6:37191|dataStream:10.1.0.6:43565|priority:1|startupRole:FOLLOWER]|listeners:[], old=null, confs=<EMPTY_MAP>
2023-03-25 06:06:38,805 [pool-118-thread-1] INFO  server.RaftServerConfigKeys (ConfUtils.java:logGet(46)) - raft.server.storage.dir = [/home/runner/work/ozone/ozone/hadoop-ozone/integration-test/target/test-dir/MiniOzoneClusterImpl-a610bbfc-ad57-4888-ac65-e976b37cd1f3/datanode-2/data/ratis] (custom)
2023-03-25 06:06:38,805 [pool-118-thread-1] INFO  server.RaftServerConfigKeys (ConfUtils.java:logGet(46)) - raft.server.log.corruption.policy = EXCEPTION (default)
2023-03-25 06:06:38,805 [pool-118-thread-1] INFO  server.RaftServerConfigKeys (ConfUtils.java:logGet(46)) - raft.server.storage.free-space.min = 0MB (=0) (default)
2023-03-25 06:06:38,807 [pool-118-thread-1] INFO  server.RaftServerConfigKeys (ConfUtils.java:logGet(46)) - raft.server.notification.no-leader.timeout = 300s (custom)
2023-03-25 06:06:38,807 [pool-118-thread-1] INFO  server.RaftServerConfigKeys (ConfUtils.java:logGet(46)) - raft.server.retrycache.expirytime = 600000ms (custom)
2023-03-25 06:06:38,807 [pool-118-thread-1] INFO  server.RaftServerConfigKeys (ConfUtils.java:logGet(46)) - raft.server.retrycache.statistics.expirytime = 100μs (default)
2023-03-25 06:06:38,809 [pool-118-thread-1] INFO  server.RaftServerConfigKeys (ConfUtils.java:logGet(46)) - raft.server.log.appender.install.snapshot.enabled = false (custom)
2023-03-25 06:06:38,809 [pool-118-thread-1] INFO  server.RaftServerConfigKeys (ConfUtils.java:logGet(46)) - raft.server.threadpool.server.cached = true (default)
2023-03-25 06:06:38,809 [pool-118-thread-1] INFO  server.RaftServerConfigKeys (ConfUtils.java:logGet(46)) - raft.server.threadpool.server.size = 0 (default)
2023-03-25 06:06:38,810 [pool-118-thread-1] INFO  server.RaftServerConfigKeys (ConfUtils.java:logGet(46)) - raft.server.threadpool.client.cached = true (default)
2023-03-25 06:06:38,810 [pool-118-thread-1] INFO  server.RaftServerConfigKeys (ConfUtils.java:logGet(46)) - raft.server.threadpool.client.size = 0 (default)
2023-03-25 06:06:38,811 [pool-118-thread-1] INFO  storage.RaftStorageDirectory (RaftStorageDirectoryImpl.java:analyzeStorage(137)) - The storage directory /home/runner/work/ozone/ozone/hadoop-ozone/integration-test/target/test-dir/MiniOzoneClusterImpl-a610bbfc-ad57-4888-ac65-e976b37cd1f3/datanode-2/data/ratis/c6c67895-233c-4c58-8bdf-d01a20eba513 does not exist. Creating ...
2023-03-25 06:06:38,813 [pool-118-thread-1] INFO  storage.RaftStorageDirectory (RaftStorageDirectoryImpl.java:tryLock(231)) - Lock on /home/runner/work/ozone/ozone/hadoop-ozone/integration-test/target/test-dir/MiniOzoneClusterImpl-a610bbfc-ad57-4888-ac65-e976b37cd1f3/datanode-2/data/ratis/c6c67895-233c-4c58-8bdf-d01a20eba513/in_use.lock acquired by nodename 22552@fv-az342-96
2023-03-25 06:06:38,815 [pool-118-thread-1] INFO  storage.RaftStorage (RaftStorageImpl.java:format(96)) - Storage directory /home/runner/work/ozone/ozone/hadoop-ozone/integration-test/target/test-dir/MiniOzoneClusterImpl-a610bbfc-ad57-4888-ac65-e976b37cd1f3/datanode-2/data/ratis/c6c67895-233c-4c58-8bdf-d01a20eba513 has been successfully formatted.
2023-03-25 06:06:38,817 [pool-118-thread-1] INFO  ratis.ContainerStateMachine (ContainerStateMachine.java:loadSnapshot(262)) - group-D01A20EBA513: The snapshot info is null. Setting the last applied indexto:(t:0, i:~)
2023-03-25 06:06:38,817 [pool-118-thread-1] INFO  server.RaftServerConfigKeys (ConfUtils.java:logGet(46)) - raft.server.log.use.memory = false (default)
2023-03-25 06:06:38,817 [pool-118-thread-1] INFO  server.RaftServerConfigKeys (ConfUtils.java:logGet(46)) - raft.server.log.purge.gap = 1000000 (custom)
2023-03-25 06:06:38,817 [pool-118-thread-1] INFO  server.RaftServerConfigKeys (ConfUtils.java:logGet(46)) - raft.server.log.appender.buffer.byte-limit = 33554432 (custom)
2023-03-25 06:06:38,817 [pool-118-thread-1] INFO  server.RaftServerConfigKeys (ConfUtils.java:logGet(46)) - raft.server.log.statemachine.data.read.timeout = 1000ms (default)
2023-03-25 06:06:38,817 [pool-118-thread-1] INFO  server.RaftServerConfigKeys (ConfUtils.java:logGet(46)) - raft.server.log.purge.preservation.log.num = 0 (default)
2023-03-25 06:06:38,818 [EventQueue-PipelineReportForPipelineReportHandler] INFO  pipeline.PipelineManagerImpl (PipelineManagerImpl.java:openPipeline(367)) - Pipeline Pipeline[ Id: c6c67895-233c-4c58-8bdf-d01a20eba513, Nodes: e611d9bf-2564-4d9e-ba20-e3ff9cd9361f(fv-az342-96.ten1ctqyofdufjlm0zzjrrfxse.dx.internal.cloudapp.net/10.1.0.6), ReplicationConfig: RATIS/ONE, State:ALLOCATED, leaderId:e611d9bf-2564-4d9e-ba20-e3ff9cd9361f, CreationTimestamp2023-03-25T06:06:35.781Z[Etc/UTC]] moved to OPEN state
2023-03-25 06:06:38,819 [EventQueue-OpenPipelineForHealthyPipelineSafeModeRule] INFO  safemode.SCMSafeModeManager (HealthyPipelineSafeModeRule.java:process(137)) - SCM in safe mode. Healthy pipelines reported count is 0, required healthy pipeline reported count is 1
2023-03-25 06:06:38,819 [pool-118-thread-1] INFO  server.RaftServerConfigKeys (ConfUtils.java:logGet(46)) - raft.server.log.segment.size.max = 1048576 (custom)
2023-03-25 06:06:38,820 [pool-118-thread-1] INFO  server.RaftServerConfigKeys (ConfUtils.java:logGet(46)) - raft.server.log.segment.cache.num.max = 2 (custom)
2023-03-25 06:06:38,820 [pool-118-thread-1] INFO  server.RaftServerConfigKeys (ConfUtils.java:logGet(46)) - raft.server.log.segment.cache.size.max = 200MB (=209715200) (default)
2023-03-25 06:06:38,820 [pool-118-thread-1] INFO  segmented.SegmentedRaftLogWorker (SegmentedRaftLogWorker.java:<init>(189)) - new e611d9bf-2564-4d9e-ba20-e3ff9cd9361f@group-D01A20EBA513-SegmentedRaftLogWorker for RaftStorageImpl:Storage Directory /home/runner/work/ozone/ozone/hadoop-ozone/integration-test/target/test-dir/MiniOzoneClusterImpl-a610bbfc-ad57-4888-ac65-e976b37cd1f3/datanode-2/data/ratis/c6c67895-233c-4c58-8bdf-d01a20eba513
2023-03-25 06:06:38,820 [pool-118-thread-1] INFO  server.RaftServerConfigKeys (ConfUtils.java:logGet(46)) - raft.server.log.queue.byte-limit = 4294967296 (custom)
2023-03-25 06:06:38,820 [pool-118-thread-1] INFO  server.RaftServerConfigKeys (ConfUtils.java:logGet(46)) - raft.server.log.queue.element-limit = 1024 (custom)
2023-03-25 06:06:38,820 [pool-118-thread-1] INFO  server.RaftServerConfigKeys (ConfUtils.java:logGet(46)) - raft.server.log.segment.size.max = 1048576 (custom)
2023-03-25 06:06:38,820 [pool-118-thread-1] INFO  server.RaftServerConfigKeys (ConfUtils.java:logGet(46)) - raft.server.log.preallocated.size = 16384 (custom)
2023-03-25 06:06:38,820 [pool-118-thread-1] INFO  server.RaftServerConfigKeys (ConfUtils.java:logGet(46)) - raft.server.log.force.sync.num = 128 (default)
2023-03-25 06:06:38,820 [pool-118-thread-1] INFO  server.RaftServerConfigKeys (ConfUtils.java:logGet(46)) - raft.server.log.statemachine.data.sync = true (default)
2023-03-25 06:06:38,820 [pool-118-thread-1] INFO  server.RaftServerConfigKeys (ConfUtils.java:logGet(46)) - raft.server.log.statemachine.data.sync.timeout = 10s (default)
2023-03-25 06:06:38,820 [pool-118-thread-1] INFO  server.RaftServerConfigKeys (ConfUtils.java:logGet(46)) - raft.server.log.statemachine.data.sync.timeout.retry = -1 (default)
2023-03-25 06:06:38,821 [pool-118-thread-1] INFO  server.RaftServerConfigKeys (ConfUtils.java:logGet(46)) - raft.server.log.write.buffer.size = 1048576 (custom)
2023-03-25 06:06:38,822 [pool-118-thread-1] INFO  server.RaftServerConfigKeys (ConfUtils.java:logGet(46)) - raft.server.log.appender.buffer.byte-limit = 33554432 (custom)
2023-03-25 06:06:38,829 [pool-118-thread-1] INFO  server.RaftServerConfigKeys (ConfUtils.java:logGet(46)) - raft.server.log.unsafe-flush.enabled = false (default)
2023-03-25 06:06:38,829 [pool-118-thread-1] INFO  server.RaftServerConfigKeys (ConfUtils.java:logGet(46)) - raft.server.log.async-flush.enabled = false (default)
2023-03-25 06:06:38,829 [pool-118-thread-1] INFO  server.RaftServerConfigKeys (ConfUtils.java:logGet(46)) - raft.server.log.statemachine.data.caching.enabled = true (custom)
2023-03-25 06:06:38,829 [pool-118-thread-1] INFO  segmented.SegmentedRaftLogWorker (SegmentedRaftLogWorker.java:lambda$new$0(135)) - e611d9bf-2564-4d9e-ba20-e3ff9cd9361f@group-D01A20EBA513-SegmentedRaftLogWorker: flushIndex: setUnconditionally 0 -> -1
2023-03-25 06:06:38,829 [pool-118-thread-1] INFO  segmented.SegmentedRaftLogWorker (SegmentedRaftLogWorker.java:lambda$new$0(135)) - e611d9bf-2564-4d9e-ba20-e3ff9cd9361f@group-D01A20EBA513-SegmentedRaftLogWorker: safeCacheEvictIndex: setUnconditionally 0 -> -1
2023-03-25 06:06:38,829 [pool-118-thread-1] INFO  server.RaftServer$Division (RaftServerImpl.java:start(334)) - e611d9bf-2564-4d9e-ba20-e3ff9cd9361f@group-D01A20EBA513: start as a follower, conf=-1: peers:[e611d9bf-2564-4d9e-ba20-e3ff9cd9361f|rpc:10.1.0.6:37191|dataStream:10.1.0.6:43565|priority:1|startupRole:FOLLOWER]|listeners:[], old=null
2023-03-25 06:06:38,829 [pool-118-thread-1] INFO  server.RaftServer$Division (RaftServerImpl.java:setRole(321)) - e611d9bf-2564-4d9e-ba20-e3ff9cd9361f@group-D01A20EBA513: changes role from      null to FOLLOWER at term 0 for startAsFollower
2023-03-25 06:06:38,829 [pool-118-thread-1] INFO  impl.RoleInfo (RoleInfo.java:updateAndGet(139)) - e611d9bf-2564-4d9e-ba20-e3ff9cd9361f: start e611d9bf-2564-4d9e-ba20-e3ff9cd9361f@group-D01A20EBA513-FollowerState
2023-03-25 06:06:38,830 [e611d9bf-2564-4d9e-ba20-e3ff9cd9361f@group-D01A20EBA513-FollowerState] INFO  server.RaftServerConfigKeys (ConfUtils.java:logFallback(53)) - raft.server.rpc.first-election.timeout.min = 5s (fallback to raft.server.rpc.timeout.min)
2023-03-25 06:06:38,830 [pool-118-thread-1] INFO  util.JmxRegister (JmxRegister.java:tryRegister(44)) - Successfully registered JMX Bean with object name Ratis:service=RaftServer,group=group-D01A20EBA513,id=e611d9bf-2564-4d9e-ba20-e3ff9cd9361f
2023-03-25 06:06:38,830 [e611d9bf-2564-4d9e-ba20-e3ff9cd9361f@group-D01A20EBA513-FollowerState] INFO  server.RaftServerConfigKeys (ConfUtils.java:logFallback(53)) - raft.server.rpc.first-election.timeout.max = 5200ms (fallback to raft.server.rpc.timeout.max)
2023-03-25 06:06:38,830 [pool-118-thread-1] INFO  server.RaftServerConfigKeys (ConfUtils.java:logGet(46)) - raft.server.snapshot.auto.trigger.enabled = true (custom)
2023-03-25 06:06:38,830 [pool-118-thread-1] INFO  server.RaftServerConfigKeys (ConfUtils.java:logGet(46)) - raft.server.snapshot.auto.trigger.threshold = 10000 (custom)
2023-03-25 06:06:38,830 [pool-118-thread-1] INFO  server.RaftServerConfigKeys (ConfUtils.java:logGet(46)) - raft.server.snapshot.retention.file.num = 5 (custom)
2023-03-25 06:06:38,830 [pool-118-thread-1] INFO  server.RaftServerConfigKeys (ConfUtils.java:logGet(46)) - raft.server.log.purge.upto.snapshot.index = false (default)
2023-03-25 06:06:38,831 [Command processor thread] INFO  ratis.XceiverServerRatis (XceiverServerRatis.java:addGroup(807)) - Created group PipelineID=c6c67895-233c-4c58-8bdf-d01a20eba513
2023-03-25 06:06:38,831 [Command processor thread] INFO  commandhandler.CreatePipelineCommandHandler (CreatePipelineCommandHandler.java:handle(113)) - Created Pipeline RATIS ONE PipelineID=c6c67895-233c-4c58-8bdf-d01a20eba513.
2023-03-25 06:06:39,765 [Listener at 127.0.0.1/39073] INFO  ozone.MiniOzoneClusterImpl (MiniOzoneClusterImpl.java:lambda$waitForClusterToBeReady$0(222)) - Nodes are ready. Got 3 of 3 DN Heartbeats.
2023-03-25 06:06:39,765 [Listener at 127.0.0.1/39073] INFO  ozone.MiniOzoneClusterImpl (MiniOzoneClusterImpl.java:lambda$waitForClusterToBeReady$0(225)) - Waiting for cluster to exit safe mode
2023-03-25 06:06:39,765 [Listener at 127.0.0.1/39073] INFO  ozone.MiniOzoneClusterImpl (MiniOzoneClusterImpl.java:lambda$waitForClusterToBeReady$0(227)) - SCM became leader
2023-03-25 06:06:40,766 [Listener at 127.0.0.1/39073] INFO  ozone.MiniOzoneClusterImpl (MiniOzoneClusterImpl.java:lambda$waitForClusterToBeReady$0(222)) - Nodes are ready. Got 3 of 3 DN Heartbeats.
2023-03-25 06:06:40,766 [Listener at 127.0.0.1/39073] INFO  ozone.MiniOzoneClusterImpl (MiniOzoneClusterImpl.java:lambda$waitForClusterToBeReady$0(225)) - Waiting for cluster to exit safe mode
2023-03-25 06:06:40,766 [Listener at 127.0.0.1/39073] INFO  ozone.MiniOzoneClusterImpl (MiniOzoneClusterImpl.java:lambda$waitForClusterToBeReady$0(227)) - SCM became leader
2023-03-25 06:06:41,767 [Listener at 127.0.0.1/39073] INFO  ozone.MiniOzoneClusterImpl (MiniOzoneClusterImpl.java:lambda$waitForClusterToBeReady$0(222)) - Nodes are ready. Got 3 of 3 DN Heartbeats.
2023-03-25 06:06:41,767 [Listener at 127.0.0.1/39073] INFO  ozone.MiniOzoneClusterImpl (MiniOzoneClusterImpl.java:lambda$waitForClusterToBeReady$0(225)) - Waiting for cluster to exit safe mode
2023-03-25 06:06:41,767 [Listener at 127.0.0.1/39073] INFO  ozone.MiniOzoneClusterImpl (MiniOzoneClusterImpl.java:lambda$waitForClusterToBeReady$0(227)) - SCM became leader
2023-03-25 06:06:42,768 [Listener at 127.0.0.1/39073] INFO  ozone.MiniOzoneClusterImpl (MiniOzoneClusterImpl.java:lambda$waitForClusterToBeReady$0(222)) - Nodes are ready. Got 3 of 3 DN Heartbeats.
2023-03-25 06:06:42,768 [Listener at 127.0.0.1/39073] INFO  ozone.MiniOzoneClusterImpl (MiniOzoneClusterImpl.java:lambda$waitForClusterToBeReady$0(225)) - Waiting for cluster to exit safe mode
2023-03-25 06:06:42,768 [Listener at 127.0.0.1/39073] INFO  ozone.MiniOzoneClusterImpl (MiniOzoneClusterImpl.java:lambda$waitForClusterToBeReady$0(227)) - SCM became leader
2023-03-25 06:06:42,826 [f6b1a8fb-84e0-4eb5-ac02-8b85f50e4e44@group-00FEACDFE61D-FollowerState] INFO  impl.FollowerState (FollowerState.java:run(143)) - f6b1a8fb-84e0-4eb5-ac02-8b85f50e4e44@group-00FEACDFE61D-FollowerState: change to CANDIDATE, lastRpcElapsedTime:5200565184ns, electionTimeout:5199ms
2023-03-25 06:06:42,827 [f6b1a8fb-84e0-4eb5-ac02-8b85f50e4e44@group-00FEACDFE61D-FollowerState] INFO  impl.RoleInfo (RoleInfo.java:shutdownFollowerState(110)) - f6b1a8fb-84e0-4eb5-ac02-8b85f50e4e44: shutdown f6b1a8fb-84e0-4eb5-ac02-8b85f50e4e44@group-00FEACDFE61D-FollowerState
2023-03-25 06:06:42,827 [f6b1a8fb-84e0-4eb5-ac02-8b85f50e4e44@group-00FEACDFE61D-FollowerState] INFO  server.RaftServer$Division (RaftServerImpl.java:setRole(321)) - f6b1a8fb-84e0-4eb5-ac02-8b85f50e4e44@group-00FEACDFE61D: changes role from  FOLLOWER to CANDIDATE at term 0 for changeToCandidate
2023-03-25 06:06:42,828 [f6b1a8fb-84e0-4eb5-ac02-8b85f50e4e44@group-00FEACDFE61D-FollowerState] INFO  server.RaftServerConfigKeys (ConfUtils.java:logGet(46)) - raft.server.leaderelection.pre-vote = true (default)
2023-03-25 06:06:42,828 [f6b1a8fb-84e0-4eb5-ac02-8b85f50e4e44@group-00FEACDFE61D-FollowerState] INFO  impl.RoleInfo (RoleInfo.java:updateAndGet(139)) - f6b1a8fb-84e0-4eb5-ac02-8b85f50e4e44: start f6b1a8fb-84e0-4eb5-ac02-8b85f50e4e44@group-00FEACDFE61D-LeaderElection2
2023-03-25 06:06:42,830 [f6b1a8fb-84e0-4eb5-ac02-8b85f50e4e44@group-00FEACDFE61D-LeaderElection2] INFO  impl.LeaderElection (LeaderElection.java:askForVotes(312)) - f6b1a8fb-84e0-4eb5-ac02-8b85f50e4e44@group-00FEACDFE61D-LeaderElection2 PRE_VOTE round 0: submit vote requests at term 0 for -1: peers:[f6b1a8fb-84e0-4eb5-ac02-8b85f50e4e44|rpc:10.1.0.6:36457|dataStream:10.1.0.6:38061|priority:1|startupRole:FOLLOWER]|listeners:[], old=null
2023-03-25 06:06:42,830 [f6b1a8fb-84e0-4eb5-ac02-8b85f50e4e44@group-00FEACDFE61D-LeaderElection2] INFO  impl.LeaderElection (LeaderElection.java:askForVotes(314)) - f6b1a8fb-84e0-4eb5-ac02-8b85f50e4e44@group-00FEACDFE61D-LeaderElection2 PRE_VOTE round 0: result PASSED (term=0)
2023-03-25 06:06:42,832 [f6b1a8fb-84e0-4eb5-ac02-8b85f50e4e44@group-00FEACDFE61D-LeaderElection2] INFO  impl.LeaderElection (LeaderElection.java:askForVotes(312)) - f6b1a8fb-84e0-4eb5-ac02-8b85f50e4e44@group-00FEACDFE61D-LeaderElection2 ELECTION round 0: submit vote requests at term 1 for -1: peers:[f6b1a8fb-84e0-4eb5-ac02-8b85f50e4e44|rpc:10.1.0.6:36457|dataStream:10.1.0.6:38061|priority:1|startupRole:FOLLOWER]|listeners:[], old=null
2023-03-25 06:06:42,832 [f6b1a8fb-84e0-4eb5-ac02-8b85f50e4e44@group-00FEACDFE61D-LeaderElection2] INFO  impl.LeaderElection (LeaderElection.java:askForVotes(314)) - f6b1a8fb-84e0-4eb5-ac02-8b85f50e4e44@group-00FEACDFE61D-LeaderElection2 ELECTION round 0: result PASSED (term=1)
2023-03-25 06:06:42,832 [f6b1a8fb-84e0-4eb5-ac02-8b85f50e4e44@group-00FEACDFE61D-LeaderElection2] INFO  impl.RoleInfo (RoleInfo.java:shutdownLeaderElection(130)) - f6b1a8fb-84e0-4eb5-ac02-8b85f50e4e44: shutdown f6b1a8fb-84e0-4eb5-ac02-8b85f50e4e44@group-00FEACDFE61D-LeaderElection2
2023-03-25 06:06:42,832 [f6b1a8fb-84e0-4eb5-ac02-8b85f50e4e44@group-00FEACDFE61D-LeaderElection2] INFO  server.RaftServer$Division (RaftServerImpl.java:setRole(321)) - f6b1a8fb-84e0-4eb5-ac02-8b85f50e4e44@group-00FEACDFE61D: changes role from CANDIDATE to LEADER at term 1 for changeToLeader
2023-03-25 06:06:42,832 [f6b1a8fb-84e0-4eb5-ac02-8b85f50e4e44@group-00FEACDFE61D-LeaderElection2] INFO  ratis.XceiverServerRatis (XceiverServerRatis.java:handleLeaderChangedNotification(905)) - Leader change notification received for group: group-00FEACDFE61D with new leaderId: f6b1a8fb-84e0-4eb5-ac02-8b85f50e4e44
2023-03-25 06:06:42,832 [f6b1a8fb-84e0-4eb5-ac02-8b85f50e4e44@group-00FEACDFE61D-LeaderElection2] INFO  server.RaftServer$Division (ServerState.java:setLeader(313)) - f6b1a8fb-84e0-4eb5-ac02-8b85f50e4e44@group-00FEACDFE61D: change Leader from null to f6b1a8fb-84e0-4eb5-ac02-8b85f50e4e44 at term 1 for becomeLeader, leader elected after 5256ms
2023-03-25 06:06:42,833 [f6b1a8fb-84e0-4eb5-ac02-8b85f50e4e44@group-00FEACDFE61D-LeaderElection2] INFO  server.RaftServerConfigKeys (ConfUtils.java:logGet(46)) - raft.server.staging.catchup.gap = 1000 (default)
2023-03-25 06:06:42,833 [f6b1a8fb-84e0-4eb5-ac02-8b85f50e4e44@group-00FEACDFE61D-LeaderElection2] INFO  server.RaftServerConfigKeys (ConfUtils.java:logGet(46)) - raft.server.write.element-limit = 1024 (custom)
2023-03-25 06:06:42,833 [f6b1a8fb-84e0-4eb5-ac02-8b85f50e4e44@group-00FEACDFE61D-LeaderElection2] INFO  server.RaftServerConfigKeys (ConfUtils.java:logGet(46)) - raft.server.write.byte-limit = 1024 M (=1073741824) (custom)
2023-03-25 06:06:42,836 [EventQueue-OpenPipelineForHealthyPipelineSafeModeRule] INFO  safemode.SCMSafeModeManager (HealthyPipelineSafeModeRule.java:process(137)) - SCM in safe mode. Healthy pipelines reported count is 0, required healthy pipeline reported count is 1
2023-03-25 06:06:42,837 [f6b1a8fb-84e0-4eb5-ac02-8b85f50e4e44@group-00FEACDFE61D-LeaderElection2] INFO  server.RaftServerConfigKeys (ConfUtils.java:logGet(46)) - raft.server.watch.timeout = 180s (custom)
2023-03-25 06:06:42,838 [f6b1a8fb-84e0-4eb5-ac02-8b85f50e4e44@group-00FEACDFE61D-LeaderElection2] INFO  server.RaftServerConfigKeys (ConfUtils.java:logGet(46)) - raft.server.watch.timeout.denomination = 1s (default)
2023-03-25 06:06:42,838 [f6b1a8fb-84e0-4eb5-ac02-8b85f50e4e44@group-00FEACDFE61D-LeaderElection2] INFO  server.RaftServerConfigKeys (ConfUtils.java:logGet(46)) - raft.server.watch.element-limit = 65536 (default)
2023-03-25 06:06:42,838 [f6b1a8fb-84e0-4eb5-ac02-8b85f50e4e44@group-00FEACDFE61D-LeaderElection2] INFO  server.RaftServerConfigKeys (ConfUtils.java:logGet(46)) - raft.server.write.element-limit = 1024 (custom)
2023-03-25 06:06:42,838 [f6b1a8fb-84e0-4eb5-ac02-8b85f50e4e44@group-00FEACDFE61D-LeaderElection2] INFO  server.RaftServerConfigKeys (ConfUtils.java:logGet(46)) - raft.server.write.follower.gap.ratio.max = -1.0 (default)
2023-03-25 06:06:42,838 [f6b1a8fb-84e0-4eb5-ac02-8b85f50e4e44@group-00FEACDFE61D-LeaderElection2] INFO  impl.RoleInfo (RoleInfo.java:updateAndGet(139)) - f6b1a8fb-84e0-4eb5-ac02-8b85f50e4e44: start f6b1a8fb-84e0-4eb5-ac02-8b85f50e4e44@group-00FEACDFE61D-LeaderStateImpl
2023-03-25 06:06:42,838 [f6b1a8fb-84e0-4eb5-ac02-8b85f50e4e44@group-00FEACDFE61D-LeaderElection2] INFO  segmented.SegmentedRaftLogWorker (SegmentedRaftLogWorker.java:startLogSegment(452)) - f6b1a8fb-84e0-4eb5-ac02-8b85f50e4e44@group-00FEACDFE61D-SegmentedRaftLogWorker: Starting segment from index:0
2023-03-25 06:06:42,841 [f6b1a8fb-84e0-4eb5-ac02-8b85f50e4e44@group-00FEACDFE61D-SegmentedRaftLogWorker] INFO  segmented.SegmentedRaftLogWorker (SegmentedRaftLogWorker.java:execute(656)) - f6b1a8fb-84e0-4eb5-ac02-8b85f50e4e44@group-00FEACDFE61D-SegmentedRaftLogWorker: created new log segment /home/runner/work/ozone/ozone/hadoop-ozone/integration-test/target/test-dir/MiniOzoneClusterImpl-a610bbfc-ad57-4888-ac65-e976b37cd1f3/datanode-0/data/ratis/d9cfc6bb-c574-4036-a5ab-00feacdfe61d/current/log_inprogress_0
2023-03-25 06:06:42,848 [f6b1a8fb-84e0-4eb5-ac02-8b85f50e4e44@group-00FEACDFE61D-LeaderElection2] INFO  server.RaftServer$Division (ServerState.java:setRaftConf(430)) - f6b1a8fb-84e0-4eb5-ac02-8b85f50e4e44@group-00FEACDFE61D: set configuration 0: peers:[f6b1a8fb-84e0-4eb5-ac02-8b85f50e4e44|rpc:10.1.0.6:36457|dataStream:10.1.0.6:38061|priority:1|startupRole:FOLLOWER]|listeners:[], old=null
2023-03-25 06:06:42,863 [f6b1a8fb-84e0-4eb5-ac02-8b85f50e4e44@group-7DEEB221616F-FollowerState] INFO  impl.FollowerState (FollowerState.java:run(143)) - f6b1a8fb-84e0-4eb5-ac02-8b85f50e4e44@group-7DEEB221616F-FollowerState: change to CANDIDATE, lastRpcElapsedTime:5172833741ns, electionTimeout:5160ms
2023-03-25 06:06:42,864 [f6b1a8fb-84e0-4eb5-ac02-8b85f50e4e44@group-7DEEB221616F-FollowerState] INFO  impl.RoleInfo (RoleInfo.java:shutdownFollowerState(110)) - f6b1a8fb-84e0-4eb5-ac02-8b85f50e4e44: shutdown f6b1a8fb-84e0-4eb5-ac02-8b85f50e4e44@group-7DEEB221616F-FollowerState
2023-03-25 06:06:42,864 [f6b1a8fb-84e0-4eb5-ac02-8b85f50e4e44@group-7DEEB221616F-FollowerState] INFO  server.RaftServer$Division (RaftServerImpl.java:setRole(321)) - f6b1a8fb-84e0-4eb5-ac02-8b85f50e4e44@group-7DEEB221616F: changes role from  FOLLOWER to CANDIDATE at term 0 for changeToCandidate
2023-03-25 06:06:42,865 [f6b1a8fb-84e0-4eb5-ac02-8b85f50e4e44@group-7DEEB221616F-FollowerState] INFO  server.RaftServerConfigKeys (ConfUtils.java:logGet(46)) - raft.server.leaderelection.pre-vote = true (default)
2023-03-25 06:06:42,865 [f6b1a8fb-84e0-4eb5-ac02-8b85f50e4e44@group-7DEEB221616F-FollowerState] INFO  impl.RoleInfo (RoleInfo.java:updateAndGet(139)) - f6b1a8fb-84e0-4eb5-ac02-8b85f50e4e44: start f6b1a8fb-84e0-4eb5-ac02-8b85f50e4e44@group-7DEEB221616F-LeaderElection3
2023-03-25 06:06:42,870 [f6b1a8fb-84e0-4eb5-ac02-8b85f50e4e44@group-7DEEB221616F-LeaderElection3] INFO  impl.LeaderElection (LeaderElection.java:askForVotes(312)) - f6b1a8fb-84e0-4eb5-ac02-8b85f50e4e44@group-7DEEB221616F-LeaderElection3 PRE_VOTE round 0: submit vote requests at term 0 for -1: peers:[e611d9bf-2564-4d9e-ba20-e3ff9cd9361f|rpc:10.1.0.6:37191|dataStream:10.1.0.6:43565|priority:0|startupRole:FOLLOWER, 629483a1-ee77-4219-bfbf-43723208929e|rpc:10.1.0.6:46597|dataStream:10.1.0.6:43849|priority:1|startupRole:FOLLOWER, f6b1a8fb-84e0-4eb5-ac02-8b85f50e4e44|rpc:10.1.0.6:36457|dataStream:10.1.0.6:38061|priority:0|startupRole:FOLLOWER]|listeners:[], old=null
2023-03-25 06:06:42,876 [f6b1a8fb-84e0-4eb5-ac02-8b85f50e4e44@group-7DEEB221616F-LeaderElection3-1] INFO  server.GrpcServerProtocolClient (GrpcServerProtocolClient.java:<init>(63)) - Build channel for e611d9bf-2564-4d9e-ba20-e3ff9cd9361f
2023-03-25 06:06:42,880 [f6b1a8fb-84e0-4eb5-ac02-8b85f50e4e44@group-7DEEB221616F-LeaderElection3] INFO  server.RaftServerConfigKeys (ConfUtils.java:logFallback(53)) - raft.server.rpc.first-election.timeout.min = 5s (fallback to raft.server.rpc.timeout.min)
2023-03-25 06:06:42,880 [f6b1a8fb-84e0-4eb5-ac02-8b85f50e4e44@group-7DEEB221616F-LeaderElection3] INFO  server.RaftServerConfigKeys (ConfUtils.java:logFallback(53)) - raft.server.rpc.first-election.timeout.max = 5200ms (fallback to raft.server.rpc.timeout.max)
2023-03-25 06:06:42,885 [f6b1a8fb-84e0-4eb5-ac02-8b85f50e4e44@group-7DEEB221616F-LeaderElection3-2] INFO  server.GrpcServerProtocolClient (GrpcServerProtocolClient.java:<init>(63)) - Build channel for 629483a1-ee77-4219-bfbf-43723208929e
2023-03-25 06:06:42,900 [grpc-default-executor-0] INFO  server.RaftServer$Division (RaftServerImpl.java:requestVote(1218)) - e611d9bf-2564-4d9e-ba20-e3ff9cd9361f@group-7DEEB221616F: receive requestVote(PRE_VOTE, f6b1a8fb-84e0-4eb5-ac02-8b85f50e4e44, group-7DEEB221616F, 0, (t:0, i:0))
2023-03-25 06:06:42,902 [grpc-default-executor-0] INFO  impl.VoteContext (VoteContext.java:log(49)) - e611d9bf-2564-4d9e-ba20-e3ff9cd9361f@group-7DEEB221616F-FOLLOWER: accept PRE_VOTE from f6b1a8fb-84e0-4eb5-ac02-8b85f50e4e44: our priority 0 <= candidate's priority 0
2023-03-25 06:06:42,923 [grpc-default-executor-0] INFO  server.RaftServer$Division (RaftServerImpl.java:requestVote(1251)) - e611d9bf-2564-4d9e-ba20-e3ff9cd9361f@group-7DEEB221616F replies to PRE_VOTE vote request: f6b1a8fb-84e0-4eb5-ac02-8b85f50e4e44<-e611d9bf-2564-4d9e-ba20-e3ff9cd9361f#0:OK-t0. Peer's state: e611d9bf-2564-4d9e-ba20-e3ff9cd9361f@group-7DEEB221616F:t0, leader=null, voted=, raftlog=Memoized:e611d9bf-2564-4d9e-ba20-e3ff9cd9361f@group-7DEEB221616F-SegmentedRaftLog:OPENED:c-1, conf=-1: peers:[e611d9bf-2564-4d9e-ba20-e3ff9cd9361f|rpc:10.1.0.6:37191|dataStream:10.1.0.6:43565|priority:0|startupRole:FOLLOWER, 629483a1-ee77-4219-bfbf-43723208929e|rpc:10.1.0.6:46597|dataStream:10.1.0.6:43849|priority:1|startupRole:FOLLOWER, f6b1a8fb-84e0-4eb5-ac02-8b85f50e4e44|rpc:10.1.0.6:36457|dataStream:10.1.0.6:38061|priority:0|startupRole:FOLLOWER]|listeners:[], old=null
2023-03-25 06:06:42,923 [grpc-default-executor-1] INFO  server.RaftServer$Division (RaftServerImpl.java:requestVote(1218)) - 629483a1-ee77-4219-bfbf-43723208929e@group-7DEEB221616F: receive requestVote(PRE_VOTE, f6b1a8fb-84e0-4eb5-ac02-8b85f50e4e44, group-7DEEB221616F, 0, (t:0, i:0))
2023-03-25 06:06:42,925 [grpc-default-executor-1] INFO  impl.VoteContext (VoteContext.java:log(49)) - 629483a1-ee77-4219-bfbf-43723208929e@group-7DEEB221616F-FOLLOWER: reject PRE_VOTE from f6b1a8fb-84e0-4eb5-ac02-8b85f50e4e44: our priority 1 > candidate's priority 0
2023-03-25 06:06:42,926 [grpc-default-executor-1] INFO  server.RaftServer$Division (RaftServerImpl.java:requestVote(1251)) - 629483a1-ee77-4219-bfbf-43723208929e@group-7DEEB221616F replies to PRE_VOTE vote request: f6b1a8fb-84e0-4eb5-ac02-8b85f50e4e44<-629483a1-ee77-4219-bfbf-43723208929e#0:FAIL-t0. Peer's state: 629483a1-ee77-4219-bfbf-43723208929e@group-7DEEB221616F:t0, leader=null, voted=, raftlog=Memoized:629483a1-ee77-4219-bfbf-43723208929e@group-7DEEB221616F-SegmentedRaftLog:OPENED:c-1, conf=-1: peers:[e611d9bf-2564-4d9e-ba20-e3ff9cd9361f|rpc:10.1.0.6:37191|dataStream:10.1.0.6:43565|priority:0|startupRole:FOLLOWER, 629483a1-ee77-4219-bfbf-43723208929e|rpc:10.1.0.6:46597|dataStream:10.1.0.6:43849|priority:1|startupRole:FOLLOWER, f6b1a8fb-84e0-4eb5-ac02-8b85f50e4e44|rpc:10.1.0.6:36457|dataStream:10.1.0.6:38061|priority:0|startupRole:FOLLOWER]|listeners:[], old=null
2023-03-25 06:06:42,931 [f6b1a8fb-84e0-4eb5-ac02-8b85f50e4e44@group-7DEEB221616F-LeaderElection3] INFO  impl.LeaderElection (LeaderElection.java:logAndReturn(90)) - f6b1a8fb-84e0-4eb5-ac02-8b85f50e4e44@group-7DEEB221616F-LeaderElection3: PRE_VOTE REJECTED received 2 response(s) and 0 exception(s):
2023-03-25 06:06:42,931 [f6b1a8fb-84e0-4eb5-ac02-8b85f50e4e44@group-7DEEB221616F-LeaderElection3] INFO  impl.LeaderElection (LeaderElection.java:logAndReturn(94)) -   Response 0: f6b1a8fb-84e0-4eb5-ac02-8b85f50e4e44<-e611d9bf-2564-4d9e-ba20-e3ff9cd9361f#0:OK-t0
2023-03-25 06:06:42,931 [f6b1a8fb-84e0-4eb5-ac02-8b85f50e4e44@group-7DEEB221616F-LeaderElection3] INFO  impl.LeaderElection (LeaderElection.java:logAndReturn(94)) -   Response 1: f6b1a8fb-84e0-4eb5-ac02-8b85f50e4e44<-629483a1-ee77-4219-bfbf-43723208929e#0:FAIL-t0
2023-03-25 06:06:42,931 [f6b1a8fb-84e0-4eb5-ac02-8b85f50e4e44@group-7DEEB221616F-LeaderElection3] INFO  impl.LeaderElection (LeaderElection.java:askForVotes(314)) - f6b1a8fb-84e0-4eb5-ac02-8b85f50e4e44@group-7DEEB221616F-LeaderElection3 PRE_VOTE round 0: result REJECTED
2023-03-25 06:06:42,932 [f6b1a8fb-84e0-4eb5-ac02-8b85f50e4e44@group-7DEEB221616F-LeaderElection3] INFO  server.RaftServer$Division (RaftServerImpl.java:setRole(321)) - f6b1a8fb-84e0-4eb5-ac02-8b85f50e4e44@group-7DEEB221616F: changes role from CANDIDATE to FOLLOWER at term 0 for REJECTED
2023-03-25 06:06:42,932 [f6b1a8fb-84e0-4eb5-ac02-8b85f50e4e44@group-7DEEB221616F-LeaderElection3] INFO  impl.RoleInfo (RoleInfo.java:shutdownLeaderElection(130)) - f6b1a8fb-84e0-4eb5-ac02-8b85f50e4e44: shutdown f6b1a8fb-84e0-4eb5-ac02-8b85f50e4e44@group-7DEEB221616F-LeaderElection3
2023-03-25 06:06:42,932 [f6b1a8fb-84e0-4eb5-ac02-8b85f50e4e44@group-7DEEB221616F-LeaderElection3] INFO  impl.RoleInfo (RoleInfo.java:updateAndGet(139)) - f6b1a8fb-84e0-4eb5-ac02-8b85f50e4e44: start f6b1a8fb-84e0-4eb5-ac02-8b85f50e4e44@group-7DEEB221616F-FollowerState
2023-03-25 06:06:42,940 [f6b1a8fb-84e0-4eb5-ac02-8b85f50e4e44@group-7DEEB221616F-FollowerState] INFO  server.RaftServerConfigKeys (ConfUtils.java:logFallback(53)) - raft.server.rpc.first-election.timeout.min = 5s (fallback to raft.server.rpc.timeout.min)
2023-03-25 06:06:42,942 [f6b1a8fb-84e0-4eb5-ac02-8b85f50e4e44@group-7DEEB221616F-FollowerState] INFO  server.RaftServerConfigKeys (ConfUtils.java:logFallback(53)) - raft.server.rpc.first-election.timeout.max = 5200ms (fallback to raft.server.rpc.timeout.max)
2023-03-25 06:06:43,278 [629483a1-ee77-4219-bfbf-43723208929e@group-C880F8D117E6-FollowerState] INFO  impl.FollowerState (FollowerState.java:run(143)) - 629483a1-ee77-4219-bfbf-43723208929e@group-C880F8D117E6-FollowerState: change to CANDIDATE, lastRpcElapsedTime:5003143285ns, electionTimeout:5002ms
2023-03-25 06:06:43,279 [629483a1-ee77-4219-bfbf-43723208929e@group-C880F8D117E6-FollowerState] INFO  impl.RoleInfo (RoleInfo.java:shutdownFollowerState(110)) - 629483a1-ee77-4219-bfbf-43723208929e: shutdown 629483a1-ee77-4219-bfbf-43723208929e@group-C880F8D117E6-FollowerState
2023-03-25 06:06:43,280 [629483a1-ee77-4219-bfbf-43723208929e@group-C880F8D117E6-FollowerState] INFO  server.RaftServer$Division (RaftServerImpl.java:setRole(321)) - 629483a1-ee77-4219-bfbf-43723208929e@group-C880F8D117E6: changes role from  FOLLOWER to CANDIDATE at term 0 for changeToCandidate
2023-03-25 06:06:43,280 [629483a1-ee77-4219-bfbf-43723208929e@group-C880F8D117E6-FollowerState] INFO  server.RaftServerConfigKeys (ConfUtils.java:logGet(46)) - raft.server.leaderelection.pre-vote = true (default)
2023-03-25 06:06:43,280 [629483a1-ee77-4219-bfbf-43723208929e@group-C880F8D117E6-FollowerState] INFO  impl.RoleInfo (RoleInfo.java:updateAndGet(139)) - 629483a1-ee77-4219-bfbf-43723208929e: start 629483a1-ee77-4219-bfbf-43723208929e@group-C880F8D117E6-LeaderElection4
2023-03-25 06:06:43,282 [629483a1-ee77-4219-bfbf-43723208929e@group-C880F8D117E6-LeaderElection4] INFO  impl.LeaderElection (LeaderElection.java:askForVotes(312)) - 629483a1-ee77-4219-bfbf-43723208929e@group-C880F8D117E6-LeaderElection4 PRE_VOTE round 0: submit vote requests at term 0 for -1: peers:[629483a1-ee77-4219-bfbf-43723208929e|rpc:10.1.0.6:46597|dataStream:10.1.0.6:43849|priority:1|startupRole:FOLLOWER]|listeners:[], old=null
2023-03-25 06:06:43,282 [629483a1-ee77-4219-bfbf-43723208929e@group-C880F8D117E6-LeaderElection4] INFO  impl.LeaderElection (LeaderElection.java:askForVotes(314)) - 629483a1-ee77-4219-bfbf-43723208929e@group-C880F8D117E6-LeaderElection4 PRE_VOTE round 0: result PASSED (term=0)
2023-03-25 06:06:43,284 [629483a1-ee77-4219-bfbf-43723208929e@group-C880F8D117E6-LeaderElection4] INFO  impl.LeaderElection (LeaderElection.java:askForVotes(312)) - 629483a1-ee77-4219-bfbf-43723208929e@group-C880F8D117E6-LeaderElection4 ELECTION round 0: submit vote requests at term 1 for -1: peers:[629483a1-ee77-4219-bfbf-43723208929e|rpc:10.1.0.6:46597|dataStream:10.1.0.6:43849|priority:1|startupRole:FOLLOWER]|listeners:[], old=null
2023-03-25 06:06:43,284 [629483a1-ee77-4219-bfbf-43723208929e@group-C880F8D117E6-LeaderElection4] INFO  impl.LeaderElection (LeaderElection.java:askForVotes(314)) - 629483a1-ee77-4219-bfbf-43723208929e@group-C880F8D117E6-LeaderElection4 ELECTION round 0: result PASSED (term=1)
2023-03-25 06:06:43,284 [629483a1-ee77-4219-bfbf-43723208929e@group-C880F8D117E6-LeaderElection4] INFO  impl.RoleInfo (RoleInfo.java:shutdownLeaderElection(130)) - 629483a1-ee77-4219-bfbf-43723208929e: shutdown 629483a1-ee77-4219-bfbf-43723208929e@group-C880F8D117E6-LeaderElection4
2023-03-25 06:06:43,284 [629483a1-ee77-4219-bfbf-43723208929e@group-C880F8D117E6-LeaderElection4] INFO  server.RaftServer$Division (RaftServerImpl.java:setRole(321)) - 629483a1-ee77-4219-bfbf-43723208929e@group-C880F8D117E6: changes role from CANDIDATE to LEADER at term 1 for changeToLeader
2023-03-25 06:06:43,284 [629483a1-ee77-4219-bfbf-43723208929e@group-C880F8D117E6-LeaderElection4] INFO  ratis.XceiverServerRatis (XceiverServerRatis.java:handleLeaderChangedNotification(905)) - Leader change notification received for group: group-C880F8D117E6 with new leaderId: 629483a1-ee77-4219-bfbf-43723208929e
2023-03-25 06:06:43,284 [629483a1-ee77-4219-bfbf-43723208929e@group-C880F8D117E6-LeaderElection4] INFO  server.RaftServer$Division (ServerState.java:setLeader(313)) - 629483a1-ee77-4219-bfbf-43723208929e@group-C880F8D117E6: change Leader from null to 629483a1-ee77-4219-bfbf-43723208929e at term 1 for becomeLeader, leader elected after 5040ms
2023-03-25 06:06:43,284 [629483a1-ee77-4219-bfbf-43723208929e@group-C880F8D117E6-LeaderElection4] INFO  server.RaftServerConfigKeys (ConfUtils.java:logGet(46)) - raft.server.staging.catchup.gap = 1000 (default)
2023-03-25 06:06:43,285 [629483a1-ee77-4219-bfbf-43723208929e@group-C880F8D117E6-LeaderElection4] INFO  server.RaftServerConfigKeys (ConfUtils.java:logGet(46)) - raft.server.write.element-limit = 1024 (custom)
2023-03-25 06:06:43,285 [629483a1-ee77-4219-bfbf-43723208929e@group-C880F8D117E6-LeaderElection4] INFO  server.RaftServerConfigKeys (ConfUtils.java:logGet(46)) - raft.server.write.byte-limit = 1024 M (=1073741824) (custom)
2023-03-25 06:06:43,286 [629483a1-ee77-4219-bfbf-43723208929e@group-C880F8D117E6-LeaderElection4] INFO  server.RaftServerConfigKeys (ConfUtils.java:logGet(46)) - raft.server.watch.timeout = 180s (custom)
2023-03-25 06:06:43,286 [629483a1-ee77-4219-bfbf-43723208929e@group-C880F8D117E6-LeaderElection4] INFO  server.RaftServerConfigKeys (ConfUtils.java:logGet(46)) - raft.server.watch.timeout.denomination = 1s (default)
2023-03-25 06:06:43,286 [629483a1-ee77-4219-bfbf-43723208929e@group-C880F8D117E6-LeaderElection4] INFO  server.RaftServerConfigKeys (ConfUtils.java:logGet(46)) - raft.server.watch.element-limit = 65536 (default)
2023-03-25 06:06:43,286 [629483a1-ee77-4219-bfbf-43723208929e@group-C880F8D117E6-LeaderElection4] INFO  server.RaftServerConfigKeys (ConfUtils.java:logGet(46)) - raft.server.write.element-limit = 1024 (custom)
2023-03-25 06:06:43,287 [EventQueue-OpenPipelineForHealthyPipelineSafeModeRule] INFO  safemode.SCMSafeModeManager (HealthyPipelineSafeModeRule.java:process(137)) - SCM in safe mode. Healthy pipelines reported count is 0, required healthy pipeline reported count is 1
2023-03-25 06:06:43,288 [629483a1-ee77-4219-bfbf-43723208929e@group-C880F8D117E6-LeaderElection4] INFO  server.RaftServerConfigKeys (ConfUtils.java:logGet(46)) - raft.server.write.follower.gap.ratio.max = -1.0 (default)
2023-03-25 06:06:43,288 [629483a1-ee77-4219-bfbf-43723208929e@group-C880F8D117E6-LeaderElection4] INFO  impl.RoleInfo (RoleInfo.java:updateAndGet(139)) - 629483a1-ee77-4219-bfbf-43723208929e: start 629483a1-ee77-4219-bfbf-43723208929e@group-C880F8D117E6-LeaderStateImpl
2023-03-25 06:06:43,289 [629483a1-ee77-4219-bfbf-43723208929e@group-C880F8D117E6-LeaderElection4] INFO  segmented.SegmentedRaftLogWorker (SegmentedRaftLogWorker.java:startLogSegment(452)) - 629483a1-ee77-4219-bfbf-43723208929e@group-C880F8D117E6-SegmentedRaftLogWorker: Starting segment from index:0
2023-03-25 06:06:43,290 [629483a1-ee77-4219-bfbf-43723208929e@group-C880F8D117E6-LeaderElection4] INFO  server.RaftServer$Division (ServerState.java:setRaftConf(430)) - 629483a1-ee77-4219-bfbf-43723208929e@group-C880F8D117E6: set configuration 0: peers:[629483a1-ee77-4219-bfbf-43723208929e|rpc:10.1.0.6:46597|dataStream:10.1.0.6:43849|priority:1|startupRole:FOLLOWER]|listeners:[], old=null
2023-03-25 06:06:43,291 [629483a1-ee77-4219-bfbf-43723208929e@group-C880F8D117E6-SegmentedRaftLogWorker] INFO  segmented.SegmentedRaftLogWorker (SegmentedRaftLogWorker.java:execute(656)) - 629483a1-ee77-4219-bfbf-43723208929e@group-C880F8D117E6-SegmentedRaftLogWorker: created new log segment /home/runner/work/ozone/ozone/hadoop-ozone/integration-test/target/test-dir/MiniOzoneClusterImpl-a610bbfc-ad57-4888-ac65-e976b37cd1f3/datanode-1/data/ratis/f8f6cff0-1ab0-4f6b-85eb-c880f8d117e6/current/log_inprogress_0
2023-03-25 06:06:43,294 [e611d9bf-2564-4d9e-ba20-e3ff9cd9361f@group-7DEEB221616F-FollowerState] INFO  server.RaftServerConfigKeys (ConfUtils.java:logFallback(53)) - raft.server.rpc.first-election.timeout.min = 5s (fallback to raft.server.rpc.timeout.min)
2023-03-25 06:06:43,294 [e611d9bf-2564-4d9e-ba20-e3ff9cd9361f@group-7DEEB221616F-FollowerState] INFO  server.RaftServerConfigKeys (ConfUtils.java:logFallback(53)) - raft.server.rpc.first-election.timeout.max = 5200ms (fallback to raft.server.rpc.timeout.max)
2023-03-25 06:06:43,660 [629483a1-ee77-4219-bfbf-43723208929e@group-7F05CB352D84-FollowerState] INFO  impl.FollowerState (FollowerState.java:run(143)) - 629483a1-ee77-4219-bfbf-43723208929e@group-7F05CB352D84-FollowerState: change to CANDIDATE, lastRpcElapsedTime:5039309939ns, electionTimeout:5019ms
2023-03-25 06:06:43,660 [629483a1-ee77-4219-bfbf-43723208929e@group-7F05CB352D84-FollowerState] INFO  impl.RoleInfo (RoleInfo.java:shutdownFollowerState(110)) - 629483a1-ee77-4219-bfbf-43723208929e: shutdown 629483a1-ee77-4219-bfbf-43723208929e@group-7F05CB352D84-FollowerState
2023-03-25 06:06:43,661 [629483a1-ee77-4219-bfbf-43723208929e@group-7F05CB352D84-FollowerState] INFO  server.RaftServer$Division (RaftServerImpl.java:setRole(321)) - 629483a1-ee77-4219-bfbf-43723208929e@group-7F05CB352D84: changes role from  FOLLOWER to CANDIDATE at term 0 for changeToCandidate
2023-03-25 06:06:43,663 [629483a1-ee77-4219-bfbf-43723208929e@group-7DEEB221616F-FollowerState] INFO  impl.FollowerState (FollowerState.java:run(143)) - 629483a1-ee77-4219-bfbf-43723208929e@group-7DEEB221616F-FollowerState: change to CANDIDATE, lastRpcElapsedTime:5083880307ns, electionTimeout:5076ms
2023-03-25 06:06:43,664 [629483a1-ee77-4219-bfbf-43723208929e@group-7DEEB221616F-FollowerState] INFO  impl.RoleInfo (RoleInfo.java:shutdownFollowerState(110)) - 629483a1-ee77-4219-bfbf-43723208929e: shutdown 629483a1-ee77-4219-bfbf-43723208929e@group-7DEEB221616F-FollowerState
2023-03-25 06:06:43,664 [629483a1-ee77-4219-bfbf-43723208929e@group-7DEEB221616F-FollowerState] INFO  server.RaftServer$Division (RaftServerImpl.java:setRole(321)) - 629483a1-ee77-4219-bfbf-43723208929e@group-7DEEB221616F: changes role from  FOLLOWER to CANDIDATE at term 0 for changeToCandidate
2023-03-25 06:06:43,664 [629483a1-ee77-4219-bfbf-43723208929e@group-7DEEB221616F-FollowerState] INFO  server.RaftServerConfigKeys (ConfUtils.java:logGet(46)) - raft.server.leaderelection.pre-vote = true (default)
2023-03-25 06:06:43,664 [629483a1-ee77-4219-bfbf-43723208929e@group-7DEEB221616F-FollowerState] INFO  impl.RoleInfo (RoleInfo.java:updateAndGet(139)) - 629483a1-ee77-4219-bfbf-43723208929e: start 629483a1-ee77-4219-bfbf-43723208929e@group-7DEEB221616F-LeaderElection6
2023-03-25 06:06:43,664 [629483a1-ee77-4219-bfbf-43723208929e@group-7F05CB352D84-FollowerState] INFO  server.RaftServerConfigKeys (ConfUtils.java:logGet(46)) - raft.server.leaderelection.pre-vote = true (default)
2023-03-25 06:06:43,664 [629483a1-ee77-4219-bfbf-43723208929e@group-7F05CB352D84-FollowerState] INFO  impl.RoleInfo (RoleInfo.java:updateAndGet(139)) - 629483a1-ee77-4219-bfbf-43723208929e: start 629483a1-ee77-4219-bfbf-43723208929e@group-7F05CB352D84-LeaderElection5
2023-03-25 06:06:43,665 [629483a1-ee77-4219-bfbf-43723208929e@group-7DEEB221616F-LeaderElection6] INFO  impl.LeaderElection (LeaderElection.java:askForVotes(312)) - 629483a1-ee77-4219-bfbf-43723208929e@group-7DEEB221616F-LeaderElection6 PRE_VOTE round 0: submit vote requests at term 0 for -1: peers:[e611d9bf-2564-4d9e-ba20-e3ff9cd9361f|rpc:10.1.0.6:37191|dataStream:10.1.0.6:43565|priority:0|startupRole:FOLLOWER, 629483a1-ee77-4219-bfbf-43723208929e|rpc:10.1.0.6:46597|dataStream:10.1.0.6:43849|priority:1|startupRole:FOLLOWER, f6b1a8fb-84e0-4eb5-ac02-8b85f50e4e44|rpc:10.1.0.6:36457|dataStream:10.1.0.6:38061|priority:0|startupRole:FOLLOWER]|listeners:[], old=null
2023-03-25 06:06:43,666 [629483a1-ee77-4219-bfbf-43723208929e@group-7F05CB352D84-LeaderElection5] INFO  impl.LeaderElection (LeaderElection.java:askForVotes(312)) - 629483a1-ee77-4219-bfbf-43723208929e@group-7F05CB352D84-LeaderElection5 PRE_VOTE round 0: submit vote requests at term 0 for -1: peers:[e611d9bf-2564-4d9e-ba20-e3ff9cd9361f|rpc:10.1.0.6:37191|dataStream:10.1.0.6:43565|priority:0|startupRole:FOLLOWER, 629483a1-ee77-4219-bfbf-43723208929e|rpc:10.1.0.6:46597|dataStream:10.1.0.6:43849|priority:0|startupRole:FOLLOWER, f6b1a8fb-84e0-4eb5-ac02-8b85f50e4e44|rpc:10.1.0.6:36457|dataStream:10.1.0.6:38061|priority:1|startupRole:FOLLOWER]|listeners:[], old=null
2023-03-25 06:06:43,667 [629483a1-ee77-4219-bfbf-43723208929e@group-7DEEB221616F-LeaderElection6] INFO  server.RaftServerConfigKeys (ConfUtils.java:logFallback(53)) - raft.server.rpc.first-election.timeout.min = 5s (fallback to raft.server.rpc.timeout.min)
2023-03-25 06:06:43,668 [629483a1-ee77-4219-bfbf-43723208929e@group-7DEEB221616F-LeaderElection6] INFO  server.RaftServerConfigKeys (ConfUtils.java:logFallback(53)) - raft.server.rpc.first-election.timeout.max = 5200ms (fallback to raft.server.rpc.timeout.max)
2023-03-25 06:06:43,668 [629483a1-ee77-4219-bfbf-43723208929e@group-7F05CB352D84-LeaderElection5] INFO  server.RaftServerConfigKeys (ConfUtils.java:logFallback(53)) - raft.server.rpc.first-election.timeout.min = 5s (fallback to raft.server.rpc.timeout.min)
2023-03-25 06:06:43,672 [629483a1-ee77-4219-bfbf-43723208929e@group-7F05CB352D84-LeaderElection5] INFO  server.RaftServerConfigKeys (ConfUtils.java:logFallback(53)) - raft.server.rpc.first-election.timeout.max = 5200ms (fallback to raft.server.rpc.timeout.max)
2023-03-25 06:06:43,672 [629483a1-ee77-4219-bfbf-43723208929e@group-7DEEB221616F-LeaderElection6-2] INFO  server.GrpcServerProtocolClient (GrpcServerProtocolClient.java:<init>(63)) - Build channel for f6b1a8fb-84e0-4eb5-ac02-8b85f50e4e44
2023-03-25 06:06:43,675 [629483a1-ee77-4219-bfbf-43723208929e@group-7DEEB221616F-LeaderElection6-1] INFO  server.GrpcServerProtocolClient (GrpcServerProtocolClient.java:<init>(63)) - Build channel for e611d9bf-2564-4d9e-ba20-e3ff9cd9361f
2023-03-25 06:06:43,698 [grpc-default-executor-1] INFO  server.RaftServer$Division (RaftServerImpl.java:requestVote(1218)) - e611d9bf-2564-4d9e-ba20-e3ff9cd9361f@group-7DEEB221616F: receive requestVote(PRE_VOTE, 629483a1-ee77-4219-bfbf-43723208929e, group-7DEEB221616F, 0, (t:0, i:0))
2023-03-25 06:06:43,698 [grpc-default-executor-1] INFO  impl.VoteContext (VoteContext.java:log(49)) - e611d9bf-2564-4d9e-ba20-e3ff9cd9361f@group-7DEEB221616F-FOLLOWER: accept PRE_VOTE from 629483a1-ee77-4219-bfbf-43723208929e: our priority 0 <= candidate's priority 1
2023-03-25 06:06:43,698 [grpc-default-executor-1] INFO  server.RaftServer$Division (RaftServerImpl.java:requestVote(1251)) - e611d9bf-2564-4d9e-ba20-e3ff9cd9361f@group-7DEEB221616F replies to PRE_VOTE vote request: 629483a1-ee77-4219-bfbf-43723208929e<-e611d9bf-2564-4d9e-ba20-e3ff9cd9361f#0:OK-t0. Peer's state: e611d9bf-2564-4d9e-ba20-e3ff9cd9361f@group-7DEEB221616F:t0, leader=null, voted=, raftlog=Memoized:e611d9bf-2564-4d9e-ba20-e3ff9cd9361f@group-7DEEB221616F-SegmentedRaftLog:OPENED:c-1, conf=-1: peers:[e611d9bf-2564-4d9e-ba20-e3ff9cd9361f|rpc:10.1.0.6:37191|dataStream:10.1.0.6:43565|priority:0|startupRole:FOLLOWER, 629483a1-ee77-4219-bfbf-43723208929e|rpc:10.1.0.6:46597|dataStream:10.1.0.6:43849|priority:1|startupRole:FOLLOWER, f6b1a8fb-84e0-4eb5-ac02-8b85f50e4e44|rpc:10.1.0.6:36457|dataStream:10.1.0.6:38061|priority:0|startupRole:FOLLOWER]|listeners:[], old=null
2023-03-25 06:06:43,702 [grpc-default-executor-0] INFO  server.RaftServer$Division (RaftServerImpl.java:requestVote(1218)) - e611d9bf-2564-4d9e-ba20-e3ff9cd9361f@group-7F05CB352D84: receive requestVote(PRE_VOTE, 629483a1-ee77-4219-bfbf-43723208929e, group-7F05CB352D84, 0, (t:0, i:0))
2023-03-25 06:06:43,702 [grpc-default-executor-0] INFO  impl.VoteContext (VoteContext.java:log(49)) - e611d9bf-2564-4d9e-ba20-e3ff9cd9361f@group-7F05CB352D84-FOLLOWER: accept PRE_VOTE from 629483a1-ee77-4219-bfbf-43723208929e: our priority 0 <= candidate's priority 0
2023-03-25 06:06:43,702 [grpc-default-executor-0] INFO  server.RaftServer$Division (RaftServerImpl.java:requestVote(1251)) - e611d9bf-2564-4d9e-ba20-e3ff9cd9361f@group-7F05CB352D84 replies to PRE_VOTE vote request: 629483a1-ee77-4219-bfbf-43723208929e<-e611d9bf-2564-4d9e-ba20-e3ff9cd9361f#0:OK-t0. Peer's state: e611d9bf-2564-4d9e-ba20-e3ff9cd9361f@group-7F05CB352D84:t0, leader=null, voted=, raftlog=Memoized:e611d9bf-2564-4d9e-ba20-e3ff9cd9361f@group-7F05CB352D84-SegmentedRaftLog:OPENED:c-1, conf=-1: peers:[e611d9bf-2564-4d9e-ba20-e3ff9cd9361f|rpc:10.1.0.6:37191|dataStream:10.1.0.6:43565|priority:0|startupRole:FOLLOWER, 629483a1-ee77-4219-bfbf-43723208929e|rpc:10.1.0.6:46597|dataStream:10.1.0.6:43849|priority:0|startupRole:FOLLOWER, f6b1a8fb-84e0-4eb5-ac02-8b85f50e4e44|rpc:10.1.0.6:36457|dataStream:10.1.0.6:38061|priority:1|startupRole:FOLLOWER]|listeners:[], old=null
2023-03-25 06:06:43,703 [f6b1a8fb-84e0-4eb5-ac02-8b85f50e4e44@group-7F05CB352D84-FollowerState] INFO  impl.FollowerState (FollowerState.java:run(143)) - f6b1a8fb-84e0-4eb5-ac02-8b85f50e4e44@group-7F05CB352D84-FollowerState: change to CANDIDATE, lastRpcElapsedTime:5055477964ns, electionTimeout:5041ms
2023-03-25 06:06:43,704 [f6b1a8fb-84e0-4eb5-ac02-8b85f50e4e44@group-7F05CB352D84-FollowerState] INFO  impl.RoleInfo (RoleInfo.java:shutdownFollowerState(110)) - f6b1a8fb-84e0-4eb5-ac02-8b85f50e4e44: shutdown f6b1a8fb-84e0-4eb5-ac02-8b85f50e4e44@group-7F05CB352D84-FollowerState
2023-03-25 06:06:43,704 [f6b1a8fb-84e0-4eb5-ac02-8b85f50e4e44@group-7F05CB352D84-FollowerState] INFO  server.RaftServer$Division (RaftServerImpl.java:setRole(321)) - f6b1a8fb-84e0-4eb5-ac02-8b85f50e4e44@group-7F05CB352D84: changes role from  FOLLOWER to CANDIDATE at term 0 for changeToCandidate
2023-03-25 06:06:43,705 [f6b1a8fb-84e0-4eb5-ac02-8b85f50e4e44@group-7F05CB352D84-FollowerState] INFO  server.RaftServerConfigKeys (ConfUtils.java:logGet(46)) - raft.server.leaderelection.pre-vote = true (default)
2023-03-25 06:06:43,705 [f6b1a8fb-84e0-4eb5-ac02-8b85f50e4e44@group-7F05CB352D84-FollowerState] INFO  impl.RoleInfo (RoleInfo.java:updateAndGet(139)) - f6b1a8fb-84e0-4eb5-ac02-8b85f50e4e44: start f6b1a8fb-84e0-4eb5-ac02-8b85f50e4e44@group-7F05CB352D84-LeaderElection7
2023-03-25 06:06:43,712 [629483a1-ee77-4219-bfbf-43723208929e@group-7DEEB221616F-LeaderElection6] INFO  impl.LeaderElection (LeaderElection.java:logAndReturn(90)) - 629483a1-ee77-4219-bfbf-43723208929e@group-7DEEB221616F-LeaderElection6: PRE_VOTE PASSED received 1 response(s) and 0 exception(s):
2023-03-25 06:06:43,713 [629483a1-ee77-4219-bfbf-43723208929e@group-7DEEB221616F-LeaderElection6] INFO  impl.LeaderElection (LeaderElection.java:logAndReturn(94)) -   Response 0: 629483a1-ee77-4219-bfbf-43723208929e<-e611d9bf-2564-4d9e-ba20-e3ff9cd9361f#0:OK-t0
2023-03-25 06:06:43,713 [629483a1-ee77-4219-bfbf-43723208929e@group-7DEEB221616F-LeaderElection6] INFO  impl.LeaderElection (LeaderElection.java:askForVotes(314)) - 629483a1-ee77-4219-bfbf-43723208929e@group-7DEEB221616F-LeaderElection6 PRE_VOTE round 0: result PASSED
2023-03-25 06:06:43,712 [grpc-default-executor-1] INFO  server.RaftServer$Division (RaftServerImpl.java:requestVote(1218)) - f6b1a8fb-84e0-4eb5-ac02-8b85f50e4e44@group-7F05CB352D84: receive requestVote(PRE_VOTE, 629483a1-ee77-4219-bfbf-43723208929e, group-7F05CB352D84, 0, (t:0, i:0))
2023-03-25 06:06:43,715 [629483a1-ee77-4219-bfbf-43723208929e@group-7DEEB221616F-LeaderElection6] INFO  impl.LeaderElection (LeaderElection.java:askForVotes(312)) - 629483a1-ee77-4219-bfbf-43723208929e@group-7DEEB221616F-LeaderElection6 ELECTION round 0: submit vote requests at term 1 for -1: peers:[e611d9bf-2564-4d9e-ba20-e3ff9cd9361f|rpc:10.1.0.6:37191|dataStream:10.1.0.6:43565|priority:0|startupRole:FOLLOWER, 629483a1-ee77-4219-bfbf-43723208929e|rpc:10.1.0.6:46597|dataStream:10.1.0.6:43849|priority:1|startupRole:FOLLOWER, f6b1a8fb-84e0-4eb5-ac02-8b85f50e4e44|rpc:10.1.0.6:36457|dataStream:10.1.0.6:38061|priority:0|startupRole:FOLLOWER]|listeners:[], old=null
2023-03-25 06:06:43,718 [629483a1-ee77-4219-bfbf-43723208929e@group-7DEEB221616F-LeaderElection6] INFO  server.RaftServerConfigKeys (ConfUtils.java:logFallback(53)) - raft.server.rpc.first-election.timeout.min = 5s (fallback to raft.server.rpc.timeout.min)
2023-03-25 06:06:43,718 [629483a1-ee77-4219-bfbf-43723208929e@group-7DEEB221616F-LeaderElection6] INFO  server.RaftServerConfigKeys (ConfUtils.java:logFallback(53)) - raft.server.rpc.first-election.timeout.max = 5200ms (fallback to raft.server.rpc.timeout.max)
2023-03-25 06:06:43,721 [grpc-default-executor-1] INFO  impl.VoteContext (VoteContext.java:log(49)) - f6b1a8fb-84e0-4eb5-ac02-8b85f50e4e44@group-7F05CB352D84-CANDIDATE: reject PRE_VOTE from 629483a1-ee77-4219-bfbf-43723208929e: our priority 1 > candidate's priority 0
2023-03-25 06:06:43,723 [grpc-default-executor-1] INFO  server.RaftServer$Division (RaftServerImpl.java:requestVote(1251)) - f6b1a8fb-84e0-4eb5-ac02-8b85f50e4e44@group-7F05CB352D84 replies to PRE_VOTE vote request: 629483a1-ee77-4219-bfbf-43723208929e<-f6b1a8fb-84e0-4eb5-ac02-8b85f50e4e44#0:FAIL-t0. Peer's state: f6b1a8fb-84e0-4eb5-ac02-8b85f50e4e44@group-7F05CB352D84:t0, leader=null, voted=, raftlog=Memoized:f6b1a8fb-84e0-4eb5-ac02-8b85f50e4e44@group-7F05CB352D84-SegmentedRaftLog:OPENED:c-1, conf=-1: peers:[e611d9bf-2564-4d9e-ba20-e3ff9cd9361f|rpc:10.1.0.6:37191|dataStream:10.1.0.6:43565|priority:0|startupRole:FOLLOWER, 629483a1-ee77-4219-bfbf-43723208929e|rpc:10.1.0.6:46597|dataStream:10.1.0.6:43849|priority:0|startupRole:FOLLOWER, f6b1a8fb-84e0-4eb5-ac02-8b85f50e4e44|rpc:10.1.0.6:36457|dataStream:10.1.0.6:38061|priority:1|startupRole:FOLLOWER]|listeners:[], old=null
2023-03-25 06:06:43,723 [f6b1a8fb-84e0-4eb5-ac02-8b85f50e4e44@group-7F05CB352D84-LeaderElection7] INFO  impl.LeaderElection (LeaderElection.java:askForVotes(312)) - f6b1a8fb-84e0-4eb5-ac02-8b85f50e4e44@group-7F05CB352D84-LeaderElection7 PRE_VOTE round 0: submit vote requests at term 0 for -1: peers:[e611d9bf-2564-4d9e-ba20-e3ff9cd9361f|rpc:10.1.0.6:37191|dataStream:10.1.0.6:43565|priority:0|startupRole:FOLLOWER, 629483a1-ee77-4219-bfbf-43723208929e|rpc:10.1.0.6:46597|dataStream:10.1.0.6:43849|priority:0|startupRole:FOLLOWER, f6b1a8fb-84e0-4eb5-ac02-8b85f50e4e44|rpc:10.1.0.6:36457|dataStream:10.1.0.6:38061|priority:1|startupRole:FOLLOWER]|listeners:[], old=null
2023-03-25 06:06:43,723 [grpc-default-executor-0] INFO  server.RaftServer$Division (RaftServerImpl.java:requestVote(1218)) - f6b1a8fb-84e0-4eb5-ac02-8b85f50e4e44@group-7DEEB221616F: receive requestVote(ELECTION, 629483a1-ee77-4219-bfbf-43723208929e, group-7DEEB221616F, 1, (t:0, i:0))
2023-03-25 06:06:43,725 [grpc-default-executor-0] INFO  impl.VoteContext (VoteContext.java:log(49)) - f6b1a8fb-84e0-4eb5-ac02-8b85f50e4e44@group-7DEEB221616F-FOLLOWER: accept ELECTION from 629483a1-ee77-4219-bfbf-43723208929e: our priority 0 <= candidate's priority 1
2023-03-25 06:06:43,725 [grpc-default-executor-0] INFO  server.RaftServer$Division (RaftServerImpl.java:setRole(321)) - f6b1a8fb-84e0-4eb5-ac02-8b85f50e4e44@group-7DEEB221616F: changes role from  FOLLOWER to FOLLOWER at term 1 for candidate:629483a1-ee77-4219-bfbf-43723208929e
2023-03-25 06:06:43,725 [grpc-default-executor-0] INFO  impl.RoleInfo (RoleInfo.java:shutdownFollowerState(110)) - f6b1a8fb-84e0-4eb5-ac02-8b85f50e4e44: shutdown f6b1a8fb-84e0-4eb5-ac02-8b85f50e4e44@group-7DEEB221616F-FollowerState
2023-03-25 06:06:43,722 [grpc-default-executor-2] INFO  server.RaftServer$Division (RaftServerImpl.java:requestVote(1218)) - e611d9bf-2564-4d9e-ba20-e3ff9cd9361f@group-7DEEB221616F: receive requestVote(ELECTION, 629483a1-ee77-4219-bfbf-43723208929e, group-7DEEB221616F, 1, (t:0, i:0))
2023-03-25 06:06:43,729 [grpc-default-executor-2] INFO  impl.VoteContext (VoteContext.java:log(49)) - e611d9bf-2564-4d9e-ba20-e3ff9cd9361f@group-7DEEB221616F-FOLLOWER: accept ELECTION from 629483a1-ee77-4219-bfbf-43723208929e: our priority 0 <= candidate's priority 1
2023-03-25 06:06:43,729 [grpc-default-executor-2] INFO  server.RaftServer$Division (RaftServerImpl.java:setRole(321)) - e611d9bf-2564-4d9e-ba20-e3ff9cd9361f@group-7DEEB221616F: changes role from  FOLLOWER to FOLLOWER at term 1 for candidate:629483a1-ee77-4219-bfbf-43723208929e
2023-03-25 06:06:43,729 [grpc-default-executor-2] INFO  impl.RoleInfo (RoleInfo.java:shutdownFollowerState(110)) - e611d9bf-2564-4d9e-ba20-e3ff9cd9361f: shutdown e611d9bf-2564-4d9e-ba20-e3ff9cd9361f@group-7DEEB221616F-FollowerState
2023-03-25 06:06:43,729 [f6b1a8fb-84e0-4eb5-ac02-8b85f50e4e44@group-7DEEB221616F-FollowerState] INFO  impl.FollowerState (FollowerState.java:run(152)) - f6b1a8fb-84e0-4eb5-ac02-8b85f50e4e44@group-7DEEB221616F-FollowerState was interrupted
2023-03-25 06:06:43,729 [grpc-default-executor-0] INFO  impl.RoleInfo (RoleInfo.java:updateAndGet(139)) - f6b1a8fb-84e0-4eb5-ac02-8b85f50e4e44: start f6b1a8fb-84e0-4eb5-ac02-8b85f50e4e44@group-7DEEB221616F-FollowerState
2023-03-25 06:06:43,725 [629483a1-ee77-4219-bfbf-43723208929e@group-7F05CB352D84-LeaderElection5] INFO  impl.LeaderElection (LeaderElection.java:logAndReturn(90)) - 629483a1-ee77-4219-bfbf-43723208929e@group-7F05CB352D84-LeaderElection5: PRE_VOTE REJECTED received 2 response(s) and 0 exception(s):
2023-03-25 06:06:43,730 [629483a1-ee77-4219-bfbf-43723208929e@group-7F05CB352D84-LeaderElection5] INFO  impl.LeaderElection (LeaderElection.java:logAndReturn(94)) -   Response 0: 629483a1-ee77-4219-bfbf-43723208929e<-e611d9bf-2564-4d9e-ba20-e3ff9cd9361f#0:OK-t0
2023-03-25 06:06:43,730 [629483a1-ee77-4219-bfbf-43723208929e@group-7F05CB352D84-LeaderElection5] INFO  impl.LeaderElection (LeaderElection.java:logAndReturn(94)) -   Response 1: 629483a1-ee77-4219-bfbf-43723208929e<-f6b1a8fb-84e0-4eb5-ac02-8b85f50e4e44#0:FAIL-t0
2023-03-25 06:06:43,724 [grpc-default-executor-3] INFO  server.RaftServer$Division (RaftServerImpl.java:requestVote(1218)) - f6b1a8fb-84e0-4eb5-ac02-8b85f50e4e44@group-7DEEB221616F: receive requestVote(PRE_VOTE, 629483a1-ee77-4219-bfbf-43723208929e, group-7DEEB221616F, 0, (t:0, i:0))
2023-03-25 06:06:43,734 [629483a1-ee77-4219-bfbf-43723208929e@group-7F05CB352D84-LeaderElection5] INFO  impl.LeaderElection (LeaderElection.java:askForVotes(314)) - 629483a1-ee77-4219-bfbf-43723208929e@group-7F05CB352D84-LeaderElection5 PRE_VOTE round 0: result REJECTED
2023-03-25 06:06:43,734 [629483a1-ee77-4219-bfbf-43723208929e@group-7F05CB352D84-LeaderElection5] INFO  server.RaftServer$Division (RaftServerImpl.java:setRole(321)) - 629483a1-ee77-4219-bfbf-43723208929e@group-7F05CB352D84: changes role from CANDIDATE to FOLLOWER at term 0 for REJECTED
2023-03-25 06:06:43,734 [629483a1-ee77-4219-bfbf-43723208929e@group-7F05CB352D84-LeaderElection5] INFO  impl.RoleInfo (RoleInfo.java:shutdownLeaderElection(130)) - 629483a1-ee77-4219-bfbf-43723208929e: shutdown 629483a1-ee77-4219-bfbf-43723208929e@group-7F05CB352D84-LeaderElection5
2023-03-25 06:06:43,734 [629483a1-ee77-4219-bfbf-43723208929e@group-7F05CB352D84-LeaderElection5] INFO  impl.RoleInfo (RoleInfo.java:updateAndGet(139)) - 629483a1-ee77-4219-bfbf-43723208929e: start 629483a1-ee77-4219-bfbf-43723208929e@group-7F05CB352D84-FollowerState
2023-03-25 06:06:43,735 [629483a1-ee77-4219-bfbf-43723208929e@group-7F05CB352D84-FollowerState] INFO  server.RaftServerConfigKeys (ConfUtils.java:logFallback(53)) - raft.server.rpc.first-election.timeout.min = 5s (fallback to raft.server.rpc.timeout.min)
2023-03-25 06:06:43,736 [629483a1-ee77-4219-bfbf-43723208929e@group-7F05CB352D84-FollowerState] INFO  server.RaftServerConfigKeys (ConfUtils.java:logFallback(53)) - raft.server.rpc.first-election.timeout.max = 5200ms (fallback to raft.server.rpc.timeout.max)
2023-03-25 06:06:43,736 [f6b1a8fb-84e0-4eb5-ac02-8b85f50e4e44@group-7DEEB221616F-FollowerState] INFO  server.RaftServerConfigKeys (ConfUtils.java:logFallback(53)) - raft.server.rpc.first-election.timeout.min = 5s (fallback to raft.server.rpc.timeout.min)
2023-03-25 06:06:43,736 [f6b1a8fb-84e0-4eb5-ac02-8b85f50e4e44@group-7DEEB221616F-FollowerState] INFO  server.RaftServerConfigKeys (ConfUtils.java:logFallback(53)) - raft.server.rpc.first-election.timeout.max = 5200ms (fallback to raft.server.rpc.timeout.max)
2023-03-25 06:06:43,736 [grpc-default-executor-2] INFO  impl.RoleInfo (RoleInfo.java:updateAndGet(139)) - e611d9bf-2564-4d9e-ba20-e3ff9cd9361f: start e611d9bf-2564-4d9e-ba20-e3ff9cd9361f@group-7DEEB221616F-FollowerState
2023-03-25 06:06:43,736 [e611d9bf-2564-4d9e-ba20-e3ff9cd9361f@group-7DEEB221616F-FollowerState] INFO  impl.FollowerState (FollowerState.java:run(152)) - e611d9bf-2564-4d9e-ba20-e3ff9cd9361f@group-7DEEB221616F-FollowerState was interrupted
2023-03-25 06:06:43,740 [f6b1a8fb-84e0-4eb5-ac02-8b85f50e4e44@group-7F05CB352D84-LeaderElection7] INFO  server.RaftServerConfigKeys (ConfUtils.java:logFallback(53)) - raft.server.rpc.first-election.timeout.min = 5s (fallback to raft.server.rpc.timeout.min)
2023-03-25 06:06:43,740 [f6b1a8fb-84e0-4eb5-ac02-8b85f50e4e44@group-7F05CB352D84-LeaderElection7] INFO  server.RaftServerConfigKeys (ConfUtils.java:logFallback(53)) - raft.server.rpc.first-election.timeout.max = 5200ms (fallback to raft.server.rpc.timeout.max)
2023-03-25 06:06:43,741 [grpc-default-executor-0] INFO  server.RaftServer$Division (RaftServerImpl.java:requestVote(1251)) - f6b1a8fb-84e0-4eb5-ac02-8b85f50e4e44@group-7DEEB221616F replies to ELECTION vote request: 629483a1-ee77-4219-bfbf-43723208929e<-f6b1a8fb-84e0-4eb5-ac02-8b85f50e4e44#0:OK-t1. Peer's state: f6b1a8fb-84e0-4eb5-ac02-8b85f50e4e44@group-7DEEB221616F:t1, leader=null, voted=629483a1-ee77-4219-bfbf-43723208929e, raftlog=Memoized:f6b1a8fb-84e0-4eb5-ac02-8b85f50e4e44@group-7DEEB221616F-SegmentedRaftLog:OPENED:c-1, conf=-1: peers:[e611d9bf-2564-4d9e-ba20-e3ff9cd9361f|rpc:10.1.0.6:37191|dataStream:10.1.0.6:43565|priority:0|startupRole:FOLLOWER, 629483a1-ee77-4219-bfbf-43723208929e|rpc:10.1.0.6:46597|dataStream:10.1.0.6:43849|priority:1|startupRole:FOLLOWER, f6b1a8fb-84e0-4eb5-ac02-8b85f50e4e44|rpc:10.1.0.6:36457|dataStream:10.1.0.6:38061|priority:0|startupRole:FOLLOWER]|listeners:[], old=null
2023-03-25 06:06:43,742 [grpc-default-executor-2] INFO  server.RaftServer$Division (RaftServerImpl.java:requestVote(1251)) - e611d9bf-2564-4d9e-ba20-e3ff9cd9361f@group-7DEEB221616F replies to ELECTION vote request: 629483a1-ee77-4219-bfbf-43723208929e<-e611d9bf-2564-4d9e-ba20-e3ff9cd9361f#0:OK-t1. Peer's state: e611d9bf-2564-4d9e-ba20-e3ff9cd9361f@group-7DEEB221616F:t1, leader=null, voted=629483a1-ee77-4219-bfbf-43723208929e, raftlog=Memoized:e611d9bf-2564-4d9e-ba20-e3ff9cd9361f@group-7DEEB221616F-SegmentedRaftLog:OPENED:c-1, conf=-1: peers:[e611d9bf-2564-4d9e-ba20-e3ff9cd9361f|rpc:10.1.0.6:37191|dataStream:10.1.0.6:43565|priority:0|startupRole:FOLLOWER, 629483a1-ee77-4219-bfbf-43723208929e|rpc:10.1.0.6:46597|dataStream:10.1.0.6:43849|priority:1|startupRole:FOLLOWER, f6b1a8fb-84e0-4eb5-ac02-8b85f50e4e44|rpc:10.1.0.6:36457|dataStream:10.1.0.6:38061|priority:0|startupRole:FOLLOWER]|listeners:[], old=null
2023-03-25 06:06:43,743 [grpc-default-executor-3] INFO  impl.VoteContext (VoteContext.java:log(49)) - f6b1a8fb-84e0-4eb5-ac02-8b85f50e4e44@group-7DEEB221616F-FOLLOWER: accept PRE_VOTE from 629483a1-ee77-4219-bfbf-43723208929e: our priority 0 <= candidate's priority 1
2023-03-25 06:06:43,744 [grpc-default-executor-3] INFO  server.RaftServer$Division (RaftServerImpl.java:requestVote(1251)) - f6b1a8fb-84e0-4eb5-ac02-8b85f50e4e44@group-7DEEB221616F replies to PRE_VOTE vote request: 629483a1-ee77-4219-bfbf-43723208929e<-f6b1a8fb-84e0-4eb5-ac02-8b85f50e4e44#0:OK-t1. Peer's state: f6b1a8fb-84e0-4eb5-ac02-8b85f50e4e44@group-7DEEB221616F:t1, leader=null, voted=629483a1-ee77-4219-bfbf-43723208929e, raftlog=Memoized:f6b1a8fb-84e0-4eb5-ac02-8b85f50e4e44@group-7DEEB221616F-SegmentedRaftLog:OPENED:c-1, conf=-1: peers:[e611d9bf-2564-4d9e-ba20-e3ff9cd9361f|rpc:10.1.0.6:37191|dataStream:10.1.0.6:43565|priority:0|startupRole:FOLLOWER, 629483a1-ee77-4219-bfbf-43723208929e|rpc:10.1.0.6:46597|dataStream:10.1.0.6:43849|priority:1|startupRole:FOLLOWER, f6b1a8fb-84e0-4eb5-ac02-8b85f50e4e44|rpc:10.1.0.6:36457|dataStream:10.1.0.6:38061|priority:0|startupRole:FOLLOWER]|listeners:[], old=null
2023-03-25 06:06:43,746 [629483a1-ee77-4219-bfbf-43723208929e@group-7DEEB221616F-LeaderElection6] INFO  impl.LeaderElection (LeaderElection.java:logAndReturn(90)) - 629483a1-ee77-4219-bfbf-43723208929e@group-7DEEB221616F-LeaderElection6: ELECTION PASSED received 1 response(s) and 0 exception(s):
2023-03-25 06:06:43,749 [629483a1-ee77-4219-bfbf-43723208929e@group-7DEEB221616F-LeaderElection6] INFO  impl.LeaderElection (LeaderElection.java:logAndReturn(94)) -   Response 0: 629483a1-ee77-4219-bfbf-43723208929e<-e611d9bf-2564-4d9e-ba20-e3ff9cd9361f#0:OK-t1
2023-03-25 06:06:43,749 [629483a1-ee77-4219-bfbf-43723208929e@group-7DEEB221616F-LeaderElection6] INFO  impl.LeaderElection (LeaderElection.java:askForVotes(314)) - 629483a1-ee77-4219-bfbf-43723208929e@group-7DEEB221616F-LeaderElection6 ELECTION round 0: result PASSED
2023-03-25 06:06:43,749 [grpc-default-executor-3] INFO  server.RaftServer$Division (RaftServerImpl.java:requestVote(1218)) - e611d9bf-2564-4d9e-ba20-e3ff9cd9361f@group-7F05CB352D84: receive requestVote(PRE_VOTE, f6b1a8fb-84e0-4eb5-ac02-8b85f50e4e44, group-7F05CB352D84, 0, (t:0, i:0))
2023-03-25 06:06:43,749 [grpc-default-executor-2] INFO  server.RaftServer$Division (RaftServerImpl.java:requestVote(1218)) - 629483a1-ee77-4219-bfbf-43723208929e@group-7F05CB352D84: receive requestVote(PRE_VOTE, f6b1a8fb-84e0-4eb5-ac02-8b85f50e4e44, group-7F05CB352D84, 0, (t:0, i:0))
2023-03-25 06:06:43,749 [629483a1-ee77-4219-bfbf-43723208929e@group-7DEEB221616F-LeaderElection6] INFO  impl.RoleInfo (RoleInfo.java:shutdownLeaderElection(130)) - 629483a1-ee77-4219-bfbf-43723208929e: shutdown 629483a1-ee77-4219-bfbf-43723208929e@group-7DEEB221616F-LeaderElection6
2023-03-25 06:06:43,751 [629483a1-ee77-4219-bfbf-43723208929e@group-7DEEB221616F-LeaderElection6] INFO  server.RaftServer$Division (RaftServerImpl.java:setRole(321)) - 629483a1-ee77-4219-bfbf-43723208929e@group-7DEEB221616F: changes role from CANDIDATE to LEADER at term 1 for changeToLeader
2023-03-25 06:06:43,751 [629483a1-ee77-4219-bfbf-43723208929e@group-7DEEB221616F-LeaderElection6] INFO  ratis.XceiverServerRatis (XceiverServerRatis.java:handleLeaderChangedNotification(905)) - Leader change notification received for group: group-7DEEB221616F with new leaderId: 629483a1-ee77-4219-bfbf-43723208929e
2023-03-25 06:06:43,751 [629483a1-ee77-4219-bfbf-43723208929e@group-7DEEB221616F-LeaderElection6] INFO  server.RaftServer$Division (ServerState.java:setLeader(313)) - 629483a1-ee77-4219-bfbf-43723208929e@group-7DEEB221616F: change Leader from null to 629483a1-ee77-4219-bfbf-43723208929e at term 1 for becomeLeader, leader elected after 5467ms
2023-03-25 06:06:43,751 [629483a1-ee77-4219-bfbf-43723208929e@group-7DEEB221616F-LeaderElection6] INFO  server.RaftServerConfigKeys (ConfUtils.java:logGet(46)) - raft.server.staging.catchup.gap = 1000 (default)
2023-03-25 06:06:43,751 [629483a1-ee77-4219-bfbf-43723208929e@group-7DEEB221616F-LeaderElection6] INFO  server.RaftServerConfigKeys (ConfUtils.java:logGet(46)) - raft.server.write.element-limit = 1024 (custom)
2023-03-25 06:06:43,752 [629483a1-ee77-4219-bfbf-43723208929e@group-7DEEB221616F-LeaderElection6] INFO  server.RaftServerConfigKeys (ConfUtils.java:logGet(46)) - raft.server.write.byte-limit = 1024 M (=1073741824) (custom)
2023-03-25 06:06:43,752 [629483a1-ee77-4219-bfbf-43723208929e@group-7DEEB221616F-LeaderElection6] INFO  server.RaftServerConfigKeys (ConfUtils.java:logGet(46)) - raft.server.watch.timeout = 180s (custom)
2023-03-25 06:06:43,752 [629483a1-ee77-4219-bfbf-43723208929e@group-7DEEB221616F-LeaderElection6] INFO  server.RaftServerConfigKeys (ConfUtils.java:logGet(46)) - raft.server.watch.timeout.denomination = 1s (default)
2023-03-25 06:06:43,752 [629483a1-ee77-4219-bfbf-43723208929e@group-7DEEB221616F-LeaderElection6] INFO  server.RaftServerConfigKeys (ConfUtils.java:logGet(46)) - raft.server.watch.element-limit = 65536 (default)
2023-03-25 06:06:43,752 [629483a1-ee77-4219-bfbf-43723208929e@group-7DEEB221616F-LeaderElection6] INFO  server.RaftServerConfigKeys (ConfUtils.java:logGet(46)) - raft.server.write.element-limit = 1024 (custom)
2023-03-25 06:06:43,752 [629483a1-ee77-4219-bfbf-43723208929e@group-7DEEB221616F-LeaderElection6] INFO  server.RaftServerConfigKeys (ConfUtils.java:logGet(46)) - raft.server.write.follower.gap.ratio.max = -1.0 (default)
2023-03-25 06:06:43,750 [grpc-default-executor-2] INFO  impl.VoteContext (VoteContext.java:log(49)) - 629483a1-ee77-4219-bfbf-43723208929e@group-7F05CB352D84-FOLLOWER: accept PRE_VOTE from f6b1a8fb-84e0-4eb5-ac02-8b85f50e4e44: our priority 0 <= candidate's priority 1
2023-03-25 06:06:43,755 [grpc-default-executor-2] INFO  server.RaftServer$Division (RaftServerImpl.java:requestVote(1251)) - 629483a1-ee77-4219-bfbf-43723208929e@group-7F05CB352D84 replies to PRE_VOTE vote request: f6b1a8fb-84e0-4eb5-ac02-8b85f50e4e44<-629483a1-ee77-4219-bfbf-43723208929e#0:OK-t0. Peer's state: 629483a1-ee77-4219-bfbf-43723208929e@group-7F05CB352D84:t0, leader=null, voted=, raftlog=Memoized:629483a1-ee77-4219-bfbf-43723208929e@group-7F05CB352D84-SegmentedRaftLog:OPENED:c-1, conf=-1: peers:[e611d9bf-2564-4d9e-ba20-e3ff9cd9361f|rpc:10.1.0.6:37191|dataStream:10.1.0.6:43565|priority:0|startupRole:FOLLOWER, 629483a1-ee77-4219-bfbf-43723208929e|rpc:10.1.0.6:46597|dataStream:10.1.0.6:43849|priority:0|startupRole:FOLLOWER, f6b1a8fb-84e0-4eb5-ac02-8b85f50e4e44|rpc:10.1.0.6:36457|dataStream:10.1.0.6:38061|priority:1|startupRole:FOLLOWER]|listeners:[], old=null
2023-03-25 06:06:43,751 [e611d9bf-2564-4d9e-ba20-e3ff9cd9361f@group-7DEEB221616F-FollowerState] INFO  server.RaftServerConfigKeys (ConfUtils.java:logFallback(53)) - raft.server.rpc.first-election.timeout.min = 5s (fallback to raft.server.rpc.timeout.min)
2023-03-25 06:06:43,756 [e611d9bf-2564-4d9e-ba20-e3ff9cd9361f@group-7DEEB221616F-FollowerState] INFO  server.RaftServerConfigKeys (ConfUtils.java:logFallback(53)) - raft.server.rpc.first-election.timeout.max = 5200ms (fallback to raft.server.rpc.timeout.max)
2023-03-25 06:06:43,757 [f6b1a8fb-84e0-4eb5-ac02-8b85f50e4e44@group-7F05CB352D84-LeaderElection7] INFO  impl.LeaderElection (LeaderElection.java:logAndReturn(90)) - f6b1a8fb-84e0-4eb5-ac02-8b85f50e4e44@group-7F05CB352D84-LeaderElection7: PRE_VOTE PASSED received 1 response(s) and 0 exception(s):
2023-03-25 06:06:43,758 [f6b1a8fb-84e0-4eb5-ac02-8b85f50e4e44@group-7F05CB352D84-LeaderElection7] INFO  impl.LeaderElection (LeaderElection.java:logAndReturn(94)) -   Response 0: f6b1a8fb-84e0-4eb5-ac02-8b85f50e4e44<-629483a1-ee77-4219-bfbf-43723208929e#0:OK-t0
2023-03-25 06:06:43,758 [f6b1a8fb-84e0-4eb5-ac02-8b85f50e4e44@group-7F05CB352D84-LeaderElection7] INFO  impl.LeaderElection (LeaderElection.java:askForVotes(314)) - f6b1a8fb-84e0-4eb5-ac02-8b85f50e4e44@group-7F05CB352D84-LeaderElection7 PRE_VOTE round 0: result PASSED
2023-03-25 06:06:43,758 [grpc-default-executor-3] INFO  impl.VoteContext (VoteContext.java:log(49)) - e611d9bf-2564-4d9e-ba20-e3ff9cd9361f@group-7F05CB352D84-FOLLOWER: accept PRE_VOTE from f6b1a8fb-84e0-4eb5-ac02-8b85f50e4e44: our priority 0 <= candidate's priority 1
2023-03-25 06:06:43,759 [grpc-default-executor-3] INFO  server.RaftServer$Division (RaftServerImpl.java:requestVote(1251)) - e611d9bf-2564-4d9e-ba20-e3ff9cd9361f@group-7F05CB352D84 replies to PRE_VOTE vote request: f6b1a8fb-84e0-4eb5-ac02-8b85f50e4e44<-e611d9bf-2564-4d9e-ba20-e3ff9cd9361f#0:OK-t0. Peer's state: e611d9bf-2564-4d9e-ba20-e3ff9cd9361f@group-7F05CB352D84:t0, leader=null, voted=, raftlog=Memoized:e611d9bf-2564-4d9e-ba20-e3ff9cd9361f@group-7F05CB352D84-SegmentedRaftLog:OPENED:c-1, conf=-1: peers:[e611d9bf-2564-4d9e-ba20-e3ff9cd9361f|rpc:10.1.0.6:37191|dataStream:10.1.0.6:43565|priority:0|startupRole:FOLLOWER, 629483a1-ee77-4219-bfbf-43723208929e|rpc:10.1.0.6:46597|dataStream:10.1.0.6:43849|priority:0|startupRole:FOLLOWER, f6b1a8fb-84e0-4eb5-ac02-8b85f50e4e44|rpc:10.1.0.6:36457|dataStream:10.1.0.6:38061|priority:1|startupRole:FOLLOWER]|listeners:[], old=null
2023-03-25 06:06:43,760 [f6b1a8fb-84e0-4eb5-ac02-8b85f50e4e44@group-7F05CB352D84-LeaderElection7] INFO  impl.LeaderElection (LeaderElection.java:askForVotes(312)) - f6b1a8fb-84e0-4eb5-ac02-8b85f50e4e44@group-7F05CB352D84-LeaderElection7 ELECTION round 0: submit vote requests at term 1 for -1: peers:[e611d9bf-2564-4d9e-ba20-e3ff9cd9361f|rpc:10.1.0.6:37191|dataStream:10.1.0.6:43565|priority:0|startupRole:FOLLOWER, 629483a1-ee77-4219-bfbf-43723208929e|rpc:10.1.0.6:46597|dataStream:10.1.0.6:43849|priority:0|startupRole:FOLLOWER, f6b1a8fb-84e0-4eb5-ac02-8b85f50e4e44|rpc:10.1.0.6:36457|dataStream:10.1.0.6:38061|priority:1|startupRole:FOLLOWER]|listeners:[], old=null
2023-03-25 06:06:43,762 [EventQueue-PipelineReportForPipelineReportHandler] INFO  pipeline.PipelineManagerImpl (PipelineManagerImpl.java:openPipeline(367)) - Pipeline Pipeline[ Id: e15fedd1-d5cd-4fa7-a2c9-7deeb221616f, Nodes: e611d9bf-2564-4d9e-ba20-e3ff9cd9361f(fv-az342-96.ten1ctqyofdufjlm0zzjrrfxse.dx.internal.cloudapp.net/10.1.0.6)f6b1a8fb-84e0-4eb5-ac02-8b85f50e4e44(fv-az342-96.ten1ctqyofdufjlm0zzjrrfxse.dx.internal.cloudapp.net/10.1.0.6)629483a1-ee77-4219-bfbf-43723208929e(fv-az342-96.ten1ctqyofdufjlm0zzjrrfxse.dx.internal.cloudapp.net/10.1.0.6), ReplicationConfig: RATIS/THREE, State:ALLOCATED, leaderId:629483a1-ee77-4219-bfbf-43723208929e, CreationTimestamp2023-03-25T06:06:35.788Z[Etc/UTC]] moved to OPEN state
2023-03-25 06:06:43,762 [EventQueue-OpenPipelineForHealthyPipelineSafeModeRule] INFO  safemode.SCMSafeModeManager (HealthyPipelineSafeModeRule.java:process(137)) - SCM in safe mode. Healthy pipelines reported count is 0, required healthy pipeline reported count is 1
2023-03-25 06:06:43,770 [EventQueue-OpenPipelineForHealthyPipelineSafeModeRule] INFO  safemode.SCMSafeModeManager (HealthyPipelineSafeModeRule.java:process(137)) - SCM in safe mode. Healthy pipelines reported count is 1, required healthy pipeline reported count is 1
2023-03-25 06:06:43,770 [EventQueue-OpenPipelineForHealthyPipelineSafeModeRule] INFO  safemode.SCMSafeModeManager (SCMSafeModeManager.java:validateSafeModeExitRules(200)) - HealthyPipelineSafeModeRule rule is successfully validated
2023-03-25 06:06:43,770 [EventQueue-OpenPipelineForHealthyPipelineSafeModeRule] INFO  safemode.SCMSafeModeManager (SCMSafeModeManager.java:validateSafeModeExitRules(215)) - ScmSafeModeManager, all rules are successfully validated
2023-03-25 06:06:43,770 [EventQueue-OpenPipelineForHealthyPipelineSafeModeRule] INFO  safemode.SCMSafeModeManager (SCMSafeModeManager.java:exitSafeMode(244)) - SCM exiting safe mode.
2023-03-25 06:06:43,770 [EventQueue-OpenPipelineForHealthyPipelineSafeModeRule] INFO  ha.SCMContext (SCMContext.java:updateSafeModeStatus(228)) - Update SafeModeStatus from SafeModeStatus{safeModeStatus=true, preCheckPassed=true} to SafeModeStatus{safeModeStatus=false, preCheckPassed=true}.
2023-03-25 06:06:43,770 [EventQueue-OpenPipelineForHealthyPipelineSafeModeRule] INFO  pipeline.BackgroundPipelineCreator (BackgroundPipelineCreator.java:notifyStatusChanged(254)) - Service BackgroundPipelineCreator transitions to RUNNING.
2023-03-25 06:06:43,771 [EventQueue-OpenPipelineForHealthyPipelineSafeModeRule] INFO  BackgroundPipelineScrubber (BackgroundSCMService.java:notifyStatusChanged(82)) - Service BackgroundPipelineScrubber transitions to RUNNING.
2023-03-25 06:06:43,771 [EventQueue-OpenPipelineForHealthyPipelineSafeModeRule] INFO  ExpiredContainerReplicaOpScrubber (BackgroundSCMService.java:notifyStatusChanged(82)) - Service ExpiredContainerReplicaOpScrubber transitions to RUNNING.
2023-03-25 06:06:43,771 [EventQueue-OpenPipelineForHealthyPipelineSafeModeRule] INFO  replication.ReplicationManager (ReplicationManager.java:notifyStatusChanged(1255)) - Service ReplicationManager transitions to RUNNING.
2023-03-25 06:06:43,774 [Listener at 127.0.0.1/39073] INFO  ozone.MiniOzoneClusterImpl (MiniOzoneClusterImpl.java:lambda$waitForClusterToBeReady$0(222)) - Nodes are ready. Got 3 of 3 DN Heartbeats.
2023-03-25 06:06:43,777 [Listener at 127.0.0.1/39073] INFO  ozone.MiniOzoneClusterImpl (MiniOzoneClusterImpl.java:lambda$waitForClusterToBeReady$0(225)) - Cluster exits safe mode
2023-03-25 06:06:43,777 [Listener at 127.0.0.1/39073] INFO  ozone.MiniOzoneClusterImpl (MiniOzoneClusterImpl.java:lambda$waitForClusterToBeReady$0(227)) - SCM became leader
2023-03-25 06:06:43,777 [629483a1-ee77-4219-bfbf-43723208929e@group-7DEEB221616F-LeaderElection6] INFO  server.RaftServerConfigKeys (ConfUtils.java:logGet(46)) - raft.server.log.appender.snapshot.chunk.size.max = 16MB (=16777216) (default)
2023-03-25 06:06:43,778 [629483a1-ee77-4219-bfbf-43723208929e@group-7DEEB221616F-LeaderElection6] INFO  server.RaftServerConfigKeys (ConfUtils.java:logGet(46)) - raft.server.log.appender.buffer.byte-limit = 33554432 (custom)
2023-03-25 06:06:43,778 [629483a1-ee77-4219-bfbf-43723208929e@group-7DEEB221616F-LeaderElection6] INFO  server.RaftServerConfigKeys (ConfUtils.java:logGet(46)) - raft.server.log.appender.buffer.element-limit = 1 (custom)
2023-03-25 06:06:43,776 [EventQueue-OpenPipelineForHealthyPipelineSafeModeRule] WARN  balancer.ContainerBalancer (ContainerBalancer.java:shouldRun(131)) - Could not find persisted configuration for ContainerBalancer when checking if ContainerBalancer should run. ContainerBalancer should not run now.
2023-03-25 06:06:43,775 [f6b1a8fb-84e0-4eb5-ac02-8b85f50e4e44@group-7F05CB352D84-LeaderElection7] INFO  server.RaftServerConfigKeys (ConfUtils.java:logFallback(53)) - raft.server.rpc.first-election.timeout.min = 5s (fallback to raft.server.rpc.timeout.min)
2023-03-25 06:06:43,790 [f6b1a8fb-84e0-4eb5-ac02-8b85f50e4e44@group-7F05CB352D84-LeaderElection7] INFO  server.RaftServerConfigKeys (ConfUtils.java:logFallback(53)) - raft.server.rpc.first-election.timeout.max = 5200ms (fallback to raft.server.rpc.timeout.max)
2023-03-25 06:06:43,786 [grpc-default-executor-3] INFO  server.RaftServer$Division (RaftServerImpl.java:requestVote(1218)) - 629483a1-ee77-4219-bfbf-43723208929e@group-7F05CB352D84: receive requestVote(ELECTION, f6b1a8fb-84e0-4eb5-ac02-8b85f50e4e44, group-7F05CB352D84, 1, (t:0, i:0))
2023-03-25 06:06:43,791 [grpc-default-executor-3] INFO  impl.VoteContext (VoteContext.java:log(49)) - 629483a1-ee77-4219-bfbf-43723208929e@group-7F05CB352D84-FOLLOWER: accept ELECTION from f6b1a8fb-84e0-4eb5-ac02-8b85f50e4e44: our priority 0 <= candidate's priority 1
2023-03-25 06:06:43,791 [grpc-default-executor-3] INFO  server.RaftServer$Division (RaftServerImpl.java:setRole(321)) - 629483a1-ee77-4219-bfbf-43723208929e@group-7F05CB352D84: changes role from  FOLLOWER to FOLLOWER at term 1 for candidate:f6b1a8fb-84e0-4eb5-ac02-8b85f50e4e44
2023-03-25 06:06:43,791 [grpc-default-executor-3] INFO  impl.RoleInfo (RoleInfo.java:shutdownFollowerState(110)) - 629483a1-ee77-4219-bfbf-43723208929e: shutdown 629483a1-ee77-4219-bfbf-43723208929e@group-7F05CB352D84-FollowerState
2023-03-25 06:06:43,792 [grpc-default-executor-3] INFO  impl.RoleInfo (RoleInfo.java:updateAndGet(139)) - 629483a1-ee77-4219-bfbf-43723208929e: start 629483a1-ee77-4219-bfbf-43723208929e@group-7F05CB352D84-FollowerState
2023-03-25 06:06:43,792 [629483a1-ee77-4219-bfbf-43723208929e@group-7F05CB352D84-FollowerState] INFO  impl.FollowerState (FollowerState.java:run(152)) - 629483a1-ee77-4219-bfbf-43723208929e@group-7F05CB352D84-FollowerState was interrupted
2023-03-25 06:06:43,792 [grpc-default-executor-2] INFO  server.RaftServer$Division (RaftServerImpl.java:requestVote(1218)) - e611d9bf-2564-4d9e-ba20-e3ff9cd9361f@group-7F05CB352D84: receive requestVote(ELECTION, f6b1a8fb-84e0-4eb5-ac02-8b85f50e4e44, group-7F05CB352D84, 1, (t:0, i:0))
2023-03-25 06:06:43,792 [grpc-default-executor-2] INFO  impl.VoteContext (VoteContext.java:log(49)) - e611d9bf-2564-4d9e-ba20-e3ff9cd9361f@group-7F05CB352D84-FOLLOWER: accept ELECTION from f6b1a8fb-84e0-4eb5-ac02-8b85f50e4e44: our priority 0 <= candidate's priority 1
2023-03-25 06:06:43,792 [grpc-default-executor-2] INFO  server.RaftServer$Division (RaftServerImpl.java:setRole(321)) - e611d9bf-2564-4d9e-ba20-e3ff9cd9361f@group-7F05CB352D84: changes role from  FOLLOWER to FOLLOWER at term 1 for candidate:f6b1a8fb-84e0-4eb5-ac02-8b85f50e4e44
2023-03-25 06:06:43,792 [grpc-default-executor-2] INFO  impl.RoleInfo (RoleInfo.java:shutdownFollowerState(110)) - e611d9bf-2564-4d9e-ba20-e3ff9cd9361f: shutdown e611d9bf-2564-4d9e-ba20-e3ff9cd9361f@group-7F05CB352D84-FollowerState
2023-03-25 06:06:43,794 [grpc-default-executor-2] INFO  impl.RoleInfo (RoleInfo.java:updateAndGet(139)) - e611d9bf-2564-4d9e-ba20-e3ff9cd9361f: start e611d9bf-2564-4d9e-ba20-e3ff9cd9361f@group-7F05CB352D84-FollowerState
2023-03-25 06:06:43,794 [grpc-default-executor-3] INFO  server.RaftServer$Division (RaftServerImpl.java:requestVote(1251)) - 629483a1-ee77-4219-bfbf-43723208929e@group-7F05CB352D84 replies to ELECTION vote request: f6b1a8fb-84e0-4eb5-ac02-8b85f50e4e44<-629483a1-ee77-4219-bfbf-43723208929e#0:OK-t1. Peer's state: 629483a1-ee77-4219-bfbf-43723208929e@group-7F05CB352D84:t1, leader=null, voted=f6b1a8fb-84e0-4eb5-ac02-8b85f50e4e44, raftlog=Memoized:629483a1-ee77-4219-bfbf-43723208929e@group-7F05CB352D84-SegmentedRaftLog:OPENED:c-1, conf=-1: peers:[e611d9bf-2564-4d9e-ba20-e3ff9cd9361f|rpc:10.1.0.6:37191|dataStream:10.1.0.6:43565|priority:0|startupRole:FOLLOWER, 629483a1-ee77-4219-bfbf-43723208929e|rpc:10.1.0.6:46597|dataStream:10.1.0.6:43849|priority:0|startupRole:FOLLOWER, f6b1a8fb-84e0-4eb5-ac02-8b85f50e4e44|rpc:10.1.0.6:36457|dataStream:10.1.0.6:38061|priority:1|startupRole:FOLLOWER]|listeners:[], old=null
2023-03-25 06:06:43,795 [e611d9bf-2564-4d9e-ba20-e3ff9cd9361f@group-7F05CB352D84-FollowerState] INFO  server.RaftServerConfigKeys (ConfUtils.java:logFallback(53)) - raft.server.rpc.first-election.timeout.min = 5s (fallback to raft.server.rpc.timeout.min)
2023-03-25 06:06:43,794 [e611d9bf-2564-4d9e-ba20-e3ff9cd9361f@group-7F05CB352D84-FollowerState] INFO  impl.FollowerState (FollowerState.java:run(152)) - e611d9bf-2564-4d9e-ba20-e3ff9cd9361f@group-7F05CB352D84-FollowerState was interrupted
2023-03-25 06:06:43,803 [grpc-default-executor-2] INFO  server.RaftServer$Division (RaftServerImpl.java:requestVote(1251)) - e611d9bf-2564-4d9e-ba20-e3ff9cd9361f@group-7F05CB352D84 replies to ELECTION vote request: f6b1a8fb-84e0-4eb5-ac02-8b85f50e4e44<-e611d9bf-2564-4d9e-ba20-e3ff9cd9361f#0:OK-t1. Peer's state: e611d9bf-2564-4d9e-ba20-e3ff9cd9361f@group-7F05CB352D84:t1, leader=null, voted=f6b1a8fb-84e0-4eb5-ac02-8b85f50e4e44, raftlog=Memoized:e611d9bf-2564-4d9e-ba20-e3ff9cd9361f@group-7F05CB352D84-SegmentedRaftLog:OPENED:c-1, conf=-1: peers:[e611d9bf-2564-4d9e-ba20-e3ff9cd9361f|rpc:10.1.0.6:37191|dataStream:10.1.0.6:43565|priority:0|startupRole:FOLLOWER, 629483a1-ee77-4219-bfbf-43723208929e|rpc:10.1.0.6:46597|dataStream:10.1.0.6:43849|priority:0|startupRole:FOLLOWER, f6b1a8fb-84e0-4eb5-ac02-8b85f50e4e44|rpc:10.1.0.6:36457|dataStream:10.1.0.6:38061|priority:1|startupRole:FOLLOWER]|listeners:[], old=null
2023-03-25 06:06:43,803 [f6b1a8fb-84e0-4eb5-ac02-8b85f50e4e44@group-7F05CB352D84-LeaderElection7] INFO  impl.LeaderElection (LeaderElection.java:logAndReturn(90)) - f6b1a8fb-84e0-4eb5-ac02-8b85f50e4e44@group-7F05CB352D84-LeaderElection7: ELECTION PASSED received 1 response(s) and 0 exception(s):
2023-03-25 06:06:43,805 [f6b1a8fb-84e0-4eb5-ac02-8b85f50e4e44@group-7F05CB352D84-LeaderElection7] INFO  impl.LeaderElection (LeaderElection.java:logAndReturn(94)) -   Response 0: f6b1a8fb-84e0-4eb5-ac02-8b85f50e4e44<-629483a1-ee77-4219-bfbf-43723208929e#0:OK-t1
2023-03-25 06:06:43,805 [f6b1a8fb-84e0-4eb5-ac02-8b85f50e4e44@group-7F05CB352D84-LeaderElection7] INFO  impl.LeaderElection (LeaderElection.java:askForVotes(314)) - f6b1a8fb-84e0-4eb5-ac02-8b85f50e4e44@group-7F05CB352D84-LeaderElection7 ELECTION round 0: result PASSED
2023-03-25 06:06:43,805 [f6b1a8fb-84e0-4eb5-ac02-8b85f50e4e44@group-7F05CB352D84-LeaderElection7] INFO  impl.RoleInfo (RoleInfo.java:shutdownLeaderElection(130)) - f6b1a8fb-84e0-4eb5-ac02-8b85f50e4e44: shutdown f6b1a8fb-84e0-4eb5-ac02-8b85f50e4e44@group-7F05CB352D84-LeaderElection7
2023-03-25 06:06:43,806 [f6b1a8fb-84e0-4eb5-ac02-8b85f50e4e44@group-7F05CB352D84-LeaderElection7] INFO  server.RaftServer$Division (RaftServerImpl.java:setRole(321)) - f6b1a8fb-84e0-4eb5-ac02-8b85f50e4e44@group-7F05CB352D84: changes role from CANDIDATE to LEADER at term 1 for changeToLeader
2023-03-25 06:06:43,806 [f6b1a8fb-84e0-4eb5-ac02-8b85f50e4e44@group-7F05CB352D84-LeaderElection7] INFO  ratis.XceiverServerRatis (XceiverServerRatis.java:handleLeaderChangedNotification(905)) - Leader change notification received for group: group-7F05CB352D84 with new leaderId: f6b1a8fb-84e0-4eb5-ac02-8b85f50e4e44
2023-03-25 06:06:43,806 [f6b1a8fb-84e0-4eb5-ac02-8b85f50e4e44@group-7F05CB352D84-LeaderElection7] INFO  server.RaftServer$Division (ServerState.java:setLeader(313)) - f6b1a8fb-84e0-4eb5-ac02-8b85f50e4e44@group-7F05CB352D84: change Leader from null to f6b1a8fb-84e0-4eb5-ac02-8b85f50e4e44 at term 1 for becomeLeader, leader elected after 5192ms
2023-03-25 06:06:43,806 [f6b1a8fb-84e0-4eb5-ac02-8b85f50e4e44@group-7F05CB352D84-LeaderElection7] INFO  server.RaftServerConfigKeys (ConfUtils.java:logGet(46)) - raft.server.staging.catchup.gap = 1000 (default)
2023-03-25 06:06:43,806 [f6b1a8fb-84e0-4eb5-ac02-8b85f50e4e44@group-7F05CB352D84-LeaderElection7] INFO  server.RaftServerConfigKeys (ConfUtils.java:logGet(46)) - raft.server.write.element-limit = 1024 (custom)
2023-03-25 06:06:43,806 [f6b1a8fb-84e0-4eb5-ac02-8b85f50e4e44@group-7F05CB352D84-LeaderElection7] INFO  server.RaftServerConfigKeys (ConfUtils.java:logGet(46)) - raft.server.write.byte-limit = 1024 M (=1073741824) (custom)
2023-03-25 06:06:43,807 [f6b1a8fb-84e0-4eb5-ac02-8b85f50e4e44@group-7F05CB352D84-LeaderElection7] INFO  server.RaftServerConfigKeys (ConfUtils.java:logGet(46)) - raft.server.watch.timeout = 180s (custom)
2023-03-25 06:06:43,807 [f6b1a8fb-84e0-4eb5-ac02-8b85f50e4e44@group-7F05CB352D84-LeaderElection7] INFO  server.RaftServerConfigKeys (ConfUtils.java:logGet(46)) - raft.server.watch.timeout.denomination = 1s (default)
2023-03-25 06:06:43,807 [f6b1a8fb-84e0-4eb5-ac02-8b85f50e4e44@group-7F05CB352D84-LeaderElection7] INFO  server.RaftServerConfigKeys (ConfUtils.java:logGet(46)) - raft.server.watch.element-limit = 65536 (default)
2023-03-25 06:06:43,809 [f6b1a8fb-84e0-4eb5-ac02-8b85f50e4e44@group-7F05CB352D84-LeaderElection7] INFO  server.RaftServerConfigKeys (ConfUtils.java:logGet(46)) - raft.server.write.element-limit = 1024 (custom)
2023-03-25 06:06:43,809 [f6b1a8fb-84e0-4eb5-ac02-8b85f50e4e44@group-7F05CB352D84-LeaderElection7] INFO  server.RaftServerConfigKeys (ConfUtils.java:logGet(46)) - raft.server.write.follower.gap.ratio.max = -1.0 (default)
2023-03-25 06:06:43,809 [f6b1a8fb-84e0-4eb5-ac02-8b85f50e4e44@group-7F05CB352D84-LeaderElection7] INFO  server.RaftServerConfigKeys (ConfUtils.java:logGet(46)) - raft.server.log.appender.snapshot.chunk.size.max = 16MB (=16777216) (default)
2023-03-25 06:06:43,810 [f6b1a8fb-84e0-4eb5-ac02-8b85f50e4e44@group-7F05CB352D84-LeaderElection7] INFO  server.RaftServerConfigKeys (ConfUtils.java:logGet(46)) - raft.server.log.appender.buffer.byte-limit = 33554432 (custom)
2023-03-25 06:06:43,810 [f6b1a8fb-84e0-4eb5-ac02-8b85f50e4e44@group-7F05CB352D84-LeaderElection7] INFO  server.RaftServerConfigKeys (ConfUtils.java:logGet(46)) - raft.server.log.appender.buffer.element-limit = 1 (custom)
2023-03-25 06:06:43,799 [629483a1-ee77-4219-bfbf-43723208929e@group-7F05CB352D84-FollowerState] INFO  server.RaftServerConfigKeys (ConfUtils.java:logFallback(53)) - raft.server.rpc.first-election.timeout.min = 5s (fallback to raft.server.rpc.timeout.min)
2023-03-25 06:06:43,810 [629483a1-ee77-4219-bfbf-43723208929e@group-7F05CB352D84-FollowerState] INFO  server.RaftServerConfigKeys (ConfUtils.java:logFallback(53)) - raft.server.rpc.first-election.timeout.max = 5200ms (fallback to raft.server.rpc.timeout.max)
2023-03-25 06:06:43,802 [e611d9bf-2564-4d9e-ba20-e3ff9cd9361f@group-7F05CB352D84-FollowerState] INFO  server.RaftServerConfigKeys (ConfUtils.java:logFallback(53)) - raft.server.rpc.first-election.timeout.max = 5200ms (fallback to raft.server.rpc.timeout.max)
2023-03-25 06:06:43,800 [629483a1-ee77-4219-bfbf-43723208929e@group-7DEEB221616F-LeaderElection6] INFO  grpc.GrpcConfigKeys (ConfUtils.java:logGet(46)) - raft.grpc.server.leader.outstanding.appends.max = 128 (default)
2023-03-25 06:06:43,812 [EventQueue-PipelineReportForPipelineReportHandler] INFO  pipeline.PipelineManagerImpl (PipelineManagerImpl.java:openPipeline(367)) - Pipeline Pipeline[ Id: ac3d57e5-3f29-4911-8f31-7f05cb352d84, Nodes: f6b1a8fb-84e0-4eb5-ac02-8b85f50e4e44(fv-az342-96.ten1ctqyofdufjlm0zzjrrfxse.dx.internal.cloudapp.net/10.1.0.6)629483a1-ee77-4219-bfbf-43723208929e(fv-az342-96.ten1ctqyofdufjlm0zzjrrfxse.dx.internal.cloudapp.net/10.1.0.6)e611d9bf-2564-4d9e-ba20-e3ff9cd9361f(fv-az342-96.ten1ctqyofdufjlm0zzjrrfxse.dx.internal.cloudapp.net/10.1.0.6), ReplicationConfig: RATIS/THREE, State:ALLOCATED, leaderId:f6b1a8fb-84e0-4eb5-ac02-8b85f50e4e44, CreationTimestamp2023-03-25T06:06:35.791Z[Etc/UTC]] moved to OPEN state
2023-03-25 06:06:43,816 [629483a1-ee77-4219-bfbf-43723208929e@group-7DEEB221616F-LeaderElection6] INFO  server.RaftServerConfigKeys (ConfUtils.java:logGet(46)) - raft.server.rpc.request.timeout = 60s (custom)
2023-03-25 06:06:43,816 [629483a1-ee77-4219-bfbf-43723208929e@group-7DEEB221616F-LeaderElection6] INFO  server.RaftServerConfigKeys (ConfUtils.java:logGet(46)) - raft.server.log.appender.install.snapshot.enabled = false (custom)
2023-03-25 06:06:43,814 [f6b1a8fb-84e0-4eb5-ac02-8b85f50e4e44@group-7F05CB352D84-LeaderElection7] INFO  grpc.GrpcConfigKeys (ConfUtils.java:logGet(46)) - raft.grpc.server.leader.outstanding.appends.max = 128 (default)
2023-03-25 06:06:43,820 [629483a1-ee77-4219-bfbf-43723208929e@group-7DEEB221616F-LeaderElection6] INFO  grpc.GrpcConfigKeys (ConfUtils.java:logGet(46)) - raft.grpc.server.heartbeat.channel = true (default)
2023-03-25 06:06:43,820 [f6b1a8fb-84e0-4eb5-ac02-8b85f50e4e44@group-7F05CB352D84-LeaderElection7] INFO  server.RaftServerConfigKeys (ConfUtils.java:logGet(46)) - raft.server.rpc.request.timeout = 60s (custom)
2023-03-25 06:06:43,821 [629483a1-ee77-4219-bfbf-43723208929e@group-7DEEB221616F-LeaderElection6] INFO  server.RaftServerConfigKeys (ConfUtils.java:logGet(46)) - raft.server.log.appender.wait-time.min = 10ms (default)
2023-03-25 06:06:43,821 [f6b1a8fb-84e0-4eb5-ac02-8b85f50e4e44@group-7F05CB352D84-LeaderElection7] INFO  server.RaftServerConfigKeys (ConfUtils.java:logGet(46)) - raft.server.log.appender.install.snapshot.enabled = false (custom)
2023-03-25 06:06:43,821 [f6b1a8fb-84e0-4eb5-ac02-8b85f50e4e44@group-7F05CB352D84-LeaderElection7] INFO  grpc.GrpcConfigKeys (ConfUtils.java:logGet(46)) - raft.grpc.server.heartbeat.channel = true (default)
2023-03-25 06:06:43,821 [f6b1a8fb-84e0-4eb5-ac02-8b85f50e4e44@group-7F05CB352D84-LeaderElection7] INFO  server.RaftServerConfigKeys (ConfUtils.java:logGet(46)) - raft.server.log.appender.wait-time.min = 10ms (default)
2023-03-25 06:06:43,824 [f6b1a8fb-84e0-4eb5-ac02-8b85f50e4e44@group-7F05CB352D84-LeaderElection7] INFO  server.RaftServerConfigKeys (ConfUtils.java:logGet(46)) - raft.server.log.appender.snapshot.chunk.size.max = 16MB (=16777216) (default)
2023-03-25 06:06:43,824 [629483a1-ee77-4219-bfbf-43723208929e@group-7DEEB221616F-LeaderElection6] INFO  server.RaftServerConfigKeys (ConfUtils.java:logGet(46)) - raft.server.log.appender.snapshot.chunk.size.max = 16MB (=16777216) (default)
2023-03-25 06:06:43,824 [f6b1a8fb-84e0-4eb5-ac02-8b85f50e4e44@group-7F05CB352D84-LeaderElection7] INFO  server.RaftServerConfigKeys (ConfUtils.java:logGet(46)) - raft.server.log.appender.buffer.byte-limit = 33554432 (custom)
2023-03-25 06:06:43,824 [f6b1a8fb-84e0-4eb5-ac02-8b85f50e4e44@group-7F05CB352D84-LeaderElection7] INFO  server.RaftServerConfigKeys (ConfUtils.java:logGet(46)) - raft.server.log.appender.buffer.element-limit = 1 (custom)
2023-03-25 06:06:43,824 [f6b1a8fb-84e0-4eb5-ac02-8b85f50e4e44@group-7F05CB352D84-LeaderElection7] INFO  grpc.GrpcConfigKeys (ConfUtils.java:logGet(46)) - raft.grpc.server.leader.outstanding.appends.max = 128 (default)
2023-03-25 06:06:43,825 [f6b1a8fb-84e0-4eb5-ac02-8b85f50e4e44@group-7F05CB352D84-LeaderElection7] INFO  server.RaftServerConfigKeys (ConfUtils.java:logGet(46)) - raft.server.rpc.request.timeout = 60s (custom)
2023-03-25 06:06:43,824 [629483a1-ee77-4219-bfbf-43723208929e@group-7DEEB221616F-LeaderElection6] INFO  server.RaftServerConfigKeys (ConfUtils.java:logGet(46)) - raft.server.log.appender.buffer.byte-limit = 33554432 (custom)
2023-03-25 06:06:43,825 [f6b1a8fb-84e0-4eb5-ac02-8b85f50e4e44@group-7F05CB352D84-LeaderElection7] INFO  server.RaftServerConfigKeys (ConfUtils.java:logGet(46)) - raft.server.log.appender.install.snapshot.enabled = false (custom)
2023-03-25 06:06:43,825 [f6b1a8fb-84e0-4eb5-ac02-8b85f50e4e44@group-7F05CB352D84-LeaderElection7] INFO  grpc.GrpcConfigKeys (ConfUtils.java:logGet(46)) - raft.grpc.server.heartbeat.channel = true (default)
2023-03-25 06:06:43,825 [f6b1a8fb-84e0-4eb5-ac02-8b85f50e4e44@group-7F05CB352D84-LeaderElection7] INFO  server.RaftServerConfigKeys (ConfUtils.java:logGet(46)) - raft.server.log.appender.wait-time.min = 10ms (default)
2023-03-25 06:06:43,825 [629483a1-ee77-4219-bfbf-43723208929e@group-7DEEB221616F-LeaderElection6] INFO  server.RaftServerConfigKeys (ConfUtils.java:logGet(46)) - raft.server.log.appender.buffer.element-limit = 1 (custom)
2023-03-25 06:06:43,826 [629483a1-ee77-4219-bfbf-43723208929e@group-7DEEB221616F-LeaderElection6] INFO  grpc.GrpcConfigKeys (ConfUtils.java:logGet(46)) - raft.grpc.server.leader.outstanding.appends.max = 128 (default)
2023-03-25 06:06:43,826 [629483a1-ee77-4219-bfbf-43723208929e@group-7DEEB221616F-LeaderElection6] INFO  server.RaftServerConfigKeys (ConfUtils.java:logGet(46)) - raft.server.rpc.request.timeout = 60s (custom)
2023-03-25 06:06:43,826 [629483a1-ee77-4219-bfbf-43723208929e@group-7DEEB221616F-LeaderElection6] INFO  server.RaftServerConfigKeys (ConfUtils.java:logGet(46)) - raft.server.log.appender.install.snapshot.enabled = false (custom)
2023-03-25 06:06:43,826 [629483a1-ee77-4219-bfbf-43723208929e@group-7DEEB221616F-LeaderElection6] INFO  grpc.GrpcConfigKeys (ConfUtils.java:logGet(46)) - raft.grpc.server.heartbeat.channel = true (default)
2023-03-25 06:06:43,826 [629483a1-ee77-4219-bfbf-43723208929e@group-7DEEB221616F-LeaderElection6] INFO  server.RaftServerConfigKeys (ConfUtils.java:logGet(46)) - raft.server.log.appender.wait-time.min = 10ms (default)
2023-03-25 06:06:43,827 [629483a1-ee77-4219-bfbf-43723208929e@group-7DEEB221616F-LeaderElection6] INFO  impl.RoleInfo (RoleInfo.java:updateAndGet(139)) - 629483a1-ee77-4219-bfbf-43723208929e: start 629483a1-ee77-4219-bfbf-43723208929e@group-7DEEB221616F-LeaderStateImpl
2023-03-25 06:06:43,826 [f6b1a8fb-84e0-4eb5-ac02-8b85f50e4e44@group-7F05CB352D84-LeaderElection7] INFO  impl.RoleInfo (RoleInfo.java:updateAndGet(139)) - f6b1a8fb-84e0-4eb5-ac02-8b85f50e4e44: start f6b1a8fb-84e0-4eb5-ac02-8b85f50e4e44@group-7F05CB352D84-LeaderStateImpl
2023-03-25 06:06:43,827 [f6b1a8fb-84e0-4eb5-ac02-8b85f50e4e44@group-7F05CB352D84-LeaderElection7] INFO  segmented.SegmentedRaftLogWorker (SegmentedRaftLogWorker.java:startLogSegment(452)) - f6b1a8fb-84e0-4eb5-ac02-8b85f50e4e44@group-7F05CB352D84-SegmentedRaftLogWorker: Starting segment from index:0
2023-03-25 06:06:43,829 [629483a1-ee77-4219-bfbf-43723208929e@group-7DEEB221616F-LeaderElection6] INFO  segmented.SegmentedRaftLogWorker (SegmentedRaftLogWorker.java:startLogSegment(452)) - 629483a1-ee77-4219-bfbf-43723208929e@group-7DEEB221616F-SegmentedRaftLogWorker: Starting segment from index:0
2023-03-25 06:06:43,829 [f6b1a8fb-84e0-4eb5-ac02-8b85f50e4e44@group-7F05CB352D84-SegmentedRaftLogWorker] INFO  segmented.SegmentedRaftLogWorker (SegmentedRaftLogWorker.java:execute(656)) - f6b1a8fb-84e0-4eb5-ac02-8b85f50e4e44@group-7F05CB352D84-SegmentedRaftLogWorker: created new log segment /home/runner/work/ozone/ozone/hadoop-ozone/integration-test/target/test-dir/MiniOzoneClusterImpl-a610bbfc-ad57-4888-ac65-e976b37cd1f3/datanode-0/data/ratis/ac3d57e5-3f29-4911-8f31-7f05cb352d84/current/log_inprogress_0
2023-03-25 06:06:43,835 [629483a1-ee77-4219-bfbf-43723208929e@group-7DEEB221616F-SegmentedRaftLogWorker] INFO  segmented.SegmentedRaftLogWorker (SegmentedRaftLogWorker.java:execute(656)) - 629483a1-ee77-4219-bfbf-43723208929e@group-7DEEB221616F-SegmentedRaftLogWorker: created new log segment /home/runner/work/ozone/ozone/hadoop-ozone/integration-test/target/test-dir/MiniOzoneClusterImpl-a610bbfc-ad57-4888-ac65-e976b37cd1f3/datanode-1/data/ratis/e15fedd1-d5cd-4fa7-a2c9-7deeb221616f/current/log_inprogress_0
2023-03-25 06:06:43,848 [Listener at 127.0.0.1/39073] INFO  ozone.MiniOzoneClusterImpl (MiniOzoneClusterImpl.java:shutdown(455)) - Shutting down the Mini Ozone Cluster
2023-03-25 06:06:43,849 [Listener at 127.0.0.1/39073] INFO  ozone.MiniOzoneClusterImpl (MiniOzoneClusterImpl.java:stop(471)) - Stopping the Mini Ozone Cluster
2023-03-25 06:06:43,849 [Listener at 127.0.0.1/39073] INFO  ozone.MiniOzoneClusterImpl (MiniOzoneClusterImpl.java:stopOM(553)) - Stopping the OzoneManager
2023-03-25 06:06:43,850 [Listener at 127.0.0.1/39073] INFO  om.OzoneManager (OzoneManager.java:stop(2156)) - om1[localhost:0]: Stopping Ozone Manager
2023-03-25 06:06:43,850 [Listener at 127.0.0.1/39073] INFO  ipc.Server (Server.java:stop(3428)) - Stopping server on 39073
2023-03-25 06:06:43,859 [f6b1a8fb-84e0-4eb5-ac02-8b85f50e4e44@group-7F05CB352D84-LeaderElection7] INFO  server.RaftServer$Division (ServerState.java:setRaftConf(430)) - f6b1a8fb-84e0-4eb5-ac02-8b85f50e4e44@group-7F05CB352D84: set configuration 0: peers:[e611d9bf-2564-4d9e-ba20-e3ff9cd9361f|rpc:10.1.0.6:37191|dataStream:10.1.0.6:43565|priority:0|startupRole:FOLLOWER, 629483a1-ee77-4219-bfbf-43723208929e|rpc:10.1.0.6:46597|dataStream:10.1.0.6:43849|priority:0|startupRole:FOLLOWER, f6b1a8fb-84e0-4eb5-ac02-8b85f50e4e44|rpc:10.1.0.6:36457|dataStream:10.1.0.6:38061|priority:1|startupRole:FOLLOWER]|listeners:[], old=null
2023-03-25 06:06:43,874 [629483a1-ee77-4219-bfbf-43723208929e@group-7DEEB221616F-LeaderElection6] INFO  server.RaftServer$Division (ServerState.java:setRaftConf(430)) - 629483a1-ee77-4219-bfbf-43723208929e@group-7DEEB221616F: set configuration 0: peers:[e611d9bf-2564-4d9e-ba20-e3ff9cd9361f|rpc:10.1.0.6:37191|dataStream:10.1.0.6:43565|priority:0|startupRole:FOLLOWER, 629483a1-ee77-4219-bfbf-43723208929e|rpc:10.1.0.6:46597|dataStream:10.1.0.6:43849|priority:1|startupRole:FOLLOWER, f6b1a8fb-84e0-4eb5-ac02-8b85f50e4e44|rpc:10.1.0.6:36457|dataStream:10.1.0.6:38061|priority:0|startupRole:FOLLOWER]|listeners:[], old=null
2023-03-25 06:06:43,889 [IPC Server listener on 0] INFO  ipc.Server (Server.java:run(1384)) - Stopping IPC Server listener on 0
2023-03-25 06:06:43,891 [Listener at 127.0.0.1/39073] INFO  server.RaftServer (RaftServerProxy.java:lambda$close$6(409)) - om1: close
2023-03-25 06:06:43,909 [Listener at 127.0.0.1/39073] INFO  server.GrpcService (GrpcService.java:closeImpl(271)) - om1: shutdown server GrpcServerProtocolService now
2023-03-25 06:06:43,889 [IPC Server Responder] INFO  ipc.Server (Server.java:run(1517)) - Stopping IPC Server Responder
2023-03-25 06:06:43,909 [om1-impl-thread1] INFO  server.RaftServer$Division (RaftServerImpl.java:lambda$close$4(458)) - om1@group-C5BA1605619E: shutdown
2023-03-25 06:06:43,909 [om1-impl-thread1] INFO  util.JmxRegister (JmxRegister.java:unregister(73)) - Successfully un-registered JMX Bean with object name Ratis:service=RaftServer,group=group-C5BA1605619E,id=om1
2023-03-25 06:06:43,910 [om1-impl-thread1] INFO  impl.RoleInfo (RoleInfo.java:shutdownLeaderState(93)) - om1: shutdown om1@group-C5BA1605619E-LeaderStateImpl
2023-03-25 06:06:43,910 [om1-impl-thread1] INFO  impl.PendingRequests (PendingRequests.java:sendNotLeaderResponses(282)) - om1@group-C5BA1605619E-PendingRequests: sendNotLeaderResponses
2023-03-25 06:06:43,911 [om1-impl-thread1] INFO  impl.StateMachineUpdater (StateMachineUpdater.java:stopAndJoin(153)) - om1@group-C5BA1605619E-StateMachineUpdater: set stopIndex = 0
2023-03-25 06:06:43,899 [e611d9bf-2564-4d9e-ba20-e3ff9cd9361f@group-D01A20EBA513-FollowerState] INFO  impl.FollowerState (FollowerState.java:run(143)) - e611d9bf-2564-4d9e-ba20-e3ff9cd9361f@group-D01A20EBA513-FollowerState: change to CANDIDATE, lastRpcElapsedTime:5069733686ns, electionTimeout:5069ms
2023-03-25 06:06:43,916 [om1@group-C5BA1605619E-StateMachineUpdater] INFO  ratis.OzoneManagerStateMachine (OzoneManagerStateMachine.java:takeSnapshot(445)) - Current Snapshot Index (t:1, i:0)
2023-03-25 06:06:43,916 [e611d9bf-2564-4d9e-ba20-e3ff9cd9361f@group-D01A20EBA513-FollowerState] INFO  impl.RoleInfo (RoleInfo.java:shutdownFollowerState(110)) - e611d9bf-2564-4d9e-ba20-e3ff9cd9361f: shutdown e611d9bf-2564-4d9e-ba20-e3ff9cd9361f@group-D01A20EBA513-FollowerState
2023-03-25 06:06:43,916 [e611d9bf-2564-4d9e-ba20-e3ff9cd9361f@group-D01A20EBA513-FollowerState] INFO  server.RaftServer$Division (RaftServerImpl.java:setRole(321)) - e611d9bf-2564-4d9e-ba20-e3ff9cd9361f@group-D01A20EBA513: changes role from  FOLLOWER to CANDIDATE at term 0 for changeToCandidate
2023-03-25 06:06:43,923 [Listener at 127.0.0.1/39073] INFO  server.GrpcService (GrpcService.java:closeImpl(280)) - om1: shutdown server GrpcServerProtocolService successfully
2023-03-25 06:06:43,927 [e611d9bf-2564-4d9e-ba20-e3ff9cd9361f@group-D01A20EBA513-FollowerState] INFO  server.RaftServerConfigKeys (ConfUtils.java:logGet(46)) - raft.server.leaderelection.pre-vote = true (default)
2023-03-25 06:06:43,927 [e611d9bf-2564-4d9e-ba20-e3ff9cd9361f@group-D01A20EBA513-FollowerState] INFO  impl.RoleInfo (RoleInfo.java:updateAndGet(139)) - e611d9bf-2564-4d9e-ba20-e3ff9cd9361f: start e611d9bf-2564-4d9e-ba20-e3ff9cd9361f@group-D01A20EBA513-LeaderElection8
2023-03-25 06:06:43,930 [e611d9bf-2564-4d9e-ba20-e3ff9cd9361f-server-thread1] INFO  ratis.XceiverServerRatis (XceiverServerRatis.java:handleLeaderChangedNotification(905)) - Leader change notification received for group: group-7F05CB352D84 with new leaderId: f6b1a8fb-84e0-4eb5-ac02-8b85f50e4e44
2023-03-25 06:06:43,930 [e611d9bf-2564-4d9e-ba20-e3ff9cd9361f-server-thread1] INFO  server.RaftServer$Division (ServerState.java:setLeader(313)) - e611d9bf-2564-4d9e-ba20-e3ff9cd9361f@group-7F05CB352D84: change Leader from null to f6b1a8fb-84e0-4eb5-ac02-8b85f50e4e44 at term 1 for appendEntries, leader elected after 5182ms
2023-03-25 06:06:43,930 [e611d9bf-2564-4d9e-ba20-e3ff9cd9361f-server-thread2] INFO  ratis.XceiverServerRatis (XceiverServerRatis.java:handleLeaderChangedNotification(905)) - Leader change notification received for group: group-7DEEB221616F with new leaderId: 629483a1-ee77-4219-bfbf-43723208929e
2023-03-25 06:06:43,930 [e611d9bf-2564-4d9e-ba20-e3ff9cd9361f-server-thread2] INFO  server.RaftServer$Division (ServerState.java:setLeader(313)) - e611d9bf-2564-4d9e-ba20-e3ff9cd9361f@group-7DEEB221616F: change Leader from null to 629483a1-ee77-4219-bfbf-43723208929e at term 1 for appendEntries, leader elected after 5794ms
2023-03-25 06:06:43,934 [f6b1a8fb-84e0-4eb5-ac02-8b85f50e4e44-server-thread1] INFO  ratis.XceiverServerRatis (XceiverServerRatis.java:handleLeaderChangedNotification(905)) - Leader change notification received for group: group-7DEEB221616F with new leaderId: 629483a1-ee77-4219-bfbf-43723208929e
2023-03-25 06:06:43,935 [f6b1a8fb-84e0-4eb5-ac02-8b85f50e4e44-server-thread1] INFO  server.RaftServer$Division (ServerState.java:setLeader(313)) - f6b1a8fb-84e0-4eb5-ac02-8b85f50e4e44@group-7DEEB221616F: change Leader from null to 629483a1-ee77-4219-bfbf-43723208929e at term 1 for appendEntries, leader elected after 6279ms
2023-03-25 06:06:43,940 [e611d9bf-2564-4d9e-ba20-e3ff9cd9361f@group-D01A20EBA513-LeaderElection8] INFO  impl.LeaderElection (LeaderElection.java:askForVotes(312)) - e611d9bf-2564-4d9e-ba20-e3ff9cd9361f@group-D01A20EBA513-LeaderElection8 PRE_VOTE round 0: submit vote requests at term 0 for -1: peers:[e611d9bf-2564-4d9e-ba20-e3ff9cd9361f|rpc:10.1.0.6:37191|dataStream:10.1.0.6:43565|priority:1|startupRole:FOLLOWER]|listeners:[], old=null
2023-03-25 06:06:43,940 [e611d9bf-2564-4d9e-ba20-e3ff9cd9361f@group-D01A20EBA513-LeaderElection8] INFO  impl.LeaderElection (LeaderElection.java:askForVotes(314)) - e611d9bf-2564-4d9e-ba20-e3ff9cd9361f@group-D01A20EBA513-LeaderElection8 PRE_VOTE round 0: result PASSED (term=0)
2023-03-25 06:06:43,941 [e611d9bf-2564-4d9e-ba20-e3ff9cd9361f@group-D01A20EBA513-LeaderElection8] INFO  impl.LeaderElection (LeaderElection.java:askForVotes(312)) - e611d9bf-2564-4d9e-ba20-e3ff9cd9361f@group-D01A20EBA513-LeaderElection8 ELECTION round 0: submit vote requests at term 1 for -1: peers:[e611d9bf-2564-4d9e-ba20-e3ff9cd9361f|rpc:10.1.0.6:37191|dataStream:10.1.0.6:43565|priority:1|startupRole:FOLLOWER]|listeners:[], old=null
2023-03-25 06:06:43,942 [e611d9bf-2564-4d9e-ba20-e3ff9cd9361f@group-D01A20EBA513-LeaderElection8] INFO  impl.LeaderElection (LeaderElection.java:askForVotes(314)) - e611d9bf-2564-4d9e-ba20-e3ff9cd9361f@group-D01A20EBA513-LeaderElection8 ELECTION round 0: result PASSED (term=1)
2023-03-25 06:06:43,942 [e611d9bf-2564-4d9e-ba20-e3ff9cd9361f@group-D01A20EBA513-LeaderElection8] INFO  impl.RoleInfo (RoleInfo.java:shutdownLeaderElection(130)) - e611d9bf-2564-4d9e-ba20-e3ff9cd9361f: shutdown e611d9bf-2564-4d9e-ba20-e3ff9cd9361f@group-D01A20EBA513-LeaderElection8
2023-03-25 06:06:43,942 [e611d9bf-2564-4d9e-ba20-e3ff9cd9361f@group-D01A20EBA513-LeaderElection8] INFO  server.RaftServer$Division (RaftServerImpl.java:setRole(321)) - e611d9bf-2564-4d9e-ba20-e3ff9cd9361f@group-D01A20EBA513: changes role from CANDIDATE to LEADER at term 1 for changeToLeader
2023-03-25 06:06:43,942 [e611d9bf-2564-4d9e-ba20-e3ff9cd9361f@group-D01A20EBA513-LeaderElection8] INFO  ratis.XceiverServerRatis (XceiverServerRatis.java:handleLeaderChangedNotification(905)) - Leader change notification received for group: group-D01A20EBA513 with new leaderId: e611d9bf-2564-4d9e-ba20-e3ff9cd9361f
2023-03-25 06:06:43,944 [e611d9bf-2564-4d9e-ba20-e3ff9cd9361f@group-D01A20EBA513-LeaderElection8] INFO  server.RaftServer$Division (ServerState.java:setLeader(313)) - e611d9bf-2564-4d9e-ba20-e3ff9cd9361f@group-D01A20EBA513: change Leader from null to e611d9bf-2564-4d9e-ba20-e3ff9cd9361f at term 1 for becomeLeader, leader elected after 5135ms
2023-03-25 06:06:43,944 [e611d9bf-2564-4d9e-ba20-e3ff9cd9361f@group-D01A20EBA513-LeaderElection8] INFO  server.RaftServerConfigKeys (ConfUtils.java:logGet(46)) - raft.server.staging.catchup.gap = 1000 (default)
2023-03-25 06:06:43,945 [e611d9bf-2564-4d9e-ba20-e3ff9cd9361f-server-thread1] INFO  server.RaftServer$Division (ServerState.java:setRaftConf(430)) - e611d9bf-2564-4d9e-ba20-e3ff9cd9361f@group-7F05CB352D84: set configuration 0: peers:[e611d9bf-2564-4d9e-ba20-e3ff9cd9361f|rpc:10.1.0.6:37191|dataStream:10.1.0.6:43565|priority:0|startupRole:FOLLOWER, 629483a1-ee77-4219-bfbf-43723208929e|rpc:10.1.0.6:46597|dataStream:10.1.0.6:43849|priority:0|startupRole:FOLLOWER, f6b1a8fb-84e0-4eb5-ac02-8b85f50e4e44|rpc:10.1.0.6:36457|dataStream:10.1.0.6:38061|priority:1|startupRole:FOLLOWER]|listeners:[], old=null
2023-03-25 06:06:43,946 [e611d9bf-2564-4d9e-ba20-e3ff9cd9361f-server-thread1] INFO  segmented.SegmentedRaftLogWorker (SegmentedRaftLogWorker.java:startLogSegment(452)) - e611d9bf-2564-4d9e-ba20-e3ff9cd9361f@group-7F05CB352D84-SegmentedRaftLogWorker: Starting segment from index:0
2023-03-25 06:06:43,947 [629483a1-ee77-4219-bfbf-43723208929e-server-thread2] INFO  ratis.XceiverServerRatis (XceiverServerRatis.java:handleLeaderChangedNotification(905)) - Leader change notification received for group: group-7F05CB352D84 with new leaderId: f6b1a8fb-84e0-4eb5-ac02-8b85f50e4e44
2023-03-25 06:06:43,947 [e611d9bf-2564-4d9e-ba20-e3ff9cd9361f@group-7F05CB352D84-SegmentedRaftLogWorker] INFO  segmented.SegmentedRaftLogWorker (SegmentedRaftLogWorker.java:execute(656)) - e611d9bf-2564-4d9e-ba20-e3ff9cd9361f@group-7F05CB352D84-SegmentedRaftLogWorker: created new log segment /home/runner/work/ozone/ozone/hadoop-ozone/integration-test/target/test-dir/MiniOzoneClusterImpl-a610bbfc-ad57-4888-ac65-e976b37cd1f3/datanode-2/data/ratis/ac3d57e5-3f29-4911-8f31-7f05cb352d84/current/log_inprogress_0
2023-03-25 06:06:43,947 [e611d9bf-2564-4d9e-ba20-e3ff9cd9361f-server-thread2] INFO  server.RaftServer$Division (ServerState.java:setRaftConf(430)) - e611d9bf-2564-4d9e-ba20-e3ff9cd9361f@group-7DEEB221616F: set configuration 0: peers:[e611d9bf-2564-4d9e-ba20-e3ff9cd9361f|rpc:10.1.0.6:37191|dataStream:10.1.0.6:43565|priority:0|startupRole:FOLLOWER, 629483a1-ee77-4219-bfbf-43723208929e|rpc:10.1.0.6:46597|dataStream:10.1.0.6:43849|priority:1|startupRole:FOLLOWER, f6b1a8fb-84e0-4eb5-ac02-8b85f50e4e44|rpc:10.1.0.6:36457|dataStream:10.1.0.6:38061|priority:0|startupRole:FOLLOWER]|listeners:[], old=null
2023-03-25 06:06:43,947 [e611d9bf-2564-4d9e-ba20-e3ff9cd9361f-server-thread2] INFO  segmented.SegmentedRaftLogWorker (SegmentedRaftLogWorker.java:startLogSegment(452)) - e611d9bf-2564-4d9e-ba20-e3ff9cd9361f@group-7DEEB221616F-SegmentedRaftLogWorker: Starting segment from index:0
2023-03-25 06:06:43,955 [629483a1-ee77-4219-bfbf-43723208929e-server-thread2] INFO  server.RaftServer$Division (ServerState.java:setLeader(313)) - 629483a1-ee77-4219-bfbf-43723208929e@group-7F05CB352D84: change Leader from null to f6b1a8fb-84e0-4eb5-ac02-8b85f50e4e44 at term 1 for appendEntries, leader elected after 5648ms
2023-03-25 06:06:43,955 [e611d9bf-2564-4d9e-ba20-e3ff9cd9361f@group-7DEEB221616F-SegmentedRaftLogWorker] INFO  segmented.SegmentedRaftLogWorker (SegmentedRaftLogWorker.java:execute(656)) - e611d9bf-2564-4d9e-ba20-e3ff9cd9361f@group-7DEEB221616F-SegmentedRaftLogWorker: created new log segment /home/runner/work/ozone/ozone/hadoop-ozone/integration-test/target/test-dir/MiniOzoneClusterImpl-a610bbfc-ad57-4888-ac65-e976b37cd1f3/datanode-2/data/ratis/e15fedd1-d5cd-4fa7-a2c9-7deeb221616f/current/log_inprogress_0
2023-03-25 06:06:43,958 [f6b1a8fb-84e0-4eb5-ac02-8b85f50e4e44-server-thread1] INFO  server.RaftServer$Division (ServerState.java:setRaftConf(430)) - f6b1a8fb-84e0-4eb5-ac02-8b85f50e4e44@group-7DEEB221616F: set configuration 0: peers:[e611d9bf-2564-4d9e-ba20-e3ff9cd9361f|rpc:10.1.0.6:37191|dataStream:10.1.0.6:43565|priority:0|startupRole:FOLLOWER, 629483a1-ee77-4219-bfbf-43723208929e|rpc:10.1.0.6:46597|dataStream:10.1.0.6:43849|priority:1|startupRole:FOLLOWER, f6b1a8fb-84e0-4eb5-ac02-8b85f50e4e44|rpc:10.1.0.6:36457|dataStream:10.1.0.6:38061|priority:0|startupRole:FOLLOWER]|listeners:[], old=null
2023-03-25 06:06:43,958 [f6b1a8fb-84e0-4eb5-ac02-8b85f50e4e44-server-thread1] INFO  segmented.SegmentedRaftLogWorker (SegmentedRaftLogWorker.java:startLogSegment(452)) - f6b1a8fb-84e0-4eb5-ac02-8b85f50e4e44@group-7DEEB221616F-SegmentedRaftLogWorker: Starting segment from index:0
2023-03-25 06:06:43,962 [f6b1a8fb-84e0-4eb5-ac02-8b85f50e4e44@group-7DEEB221616F-SegmentedRaftLogWorker] INFO  segmented.SegmentedRaftLogWorker (SegmentedRaftLogWorker.java:execute(656)) - f6b1a8fb-84e0-4eb5-ac02-8b85f50e4e44@group-7DEEB221616F-SegmentedRaftLogWorker: created new log segment /home/runner/work/ozone/ozone/hadoop-ozone/integration-test/target/test-dir/MiniOzoneClusterImpl-a610bbfc-ad57-4888-ac65-e976b37cd1f3/datanode-0/data/ratis/e15fedd1-d5cd-4fa7-a2c9-7deeb221616f/current/log_inprogress_0
2023-03-25 06:06:43,966 [e611d9bf-2564-4d9e-ba20-e3ff9cd9361f@group-D01A20EBA513-LeaderElection8] INFO  server.RaftServerConfigKeys (ConfUtils.java:logGet(46)) - raft.server.write.element-limit = 1024 (custom)
2023-03-25 06:06:43,966 [e611d9bf-2564-4d9e-ba20-e3ff9cd9361f@group-D01A20EBA513-LeaderElection8] INFO  server.RaftServerConfigKeys (ConfUtils.java:logGet(46)) - raft.server.write.byte-limit = 1024 M (=1073741824) (custom)
2023-03-25 06:06:43,967 [e611d9bf-2564-4d9e-ba20-e3ff9cd9361f@group-D01A20EBA513-LeaderElection8] INFO  server.RaftServerConfigKeys (ConfUtils.java:logGet(46)) - raft.server.watch.timeout = 180s (custom)
2023-03-25 06:06:43,967 [e611d9bf-2564-4d9e-ba20-e3ff9cd9361f@group-D01A20EBA513-LeaderElection8] INFO  server.RaftServerConfigKeys (ConfUtils.java:logGet(46)) - raft.server.watch.timeout.denomination = 1s (default)
2023-03-25 06:06:43,967 [e611d9bf-2564-4d9e-ba20-e3ff9cd9361f@group-D01A20EBA513-LeaderElection8] INFO  server.RaftServerConfigKeys (ConfUtils.java:logGet(46)) - raft.server.watch.element-limit = 65536 (default)
2023-03-25 06:06:43,967 [e611d9bf-2564-4d9e-ba20-e3ff9cd9361f@group-D01A20EBA513-LeaderElection8] INFO  server.RaftServerConfigKeys (ConfUtils.java:logGet(46)) - raft.server.write.element-limit = 1024 (custom)
2023-03-25 06:06:43,967 [e611d9bf-2564-4d9e-ba20-e3ff9cd9361f@group-D01A20EBA513-LeaderElection8] INFO  server.RaftServerConfigKeys (ConfUtils.java:logGet(46)) - raft.server.write.follower.gap.ratio.max = -1.0 (default)
2023-03-25 06:06:43,967 [e611d9bf-2564-4d9e-ba20-e3ff9cd9361f@group-D01A20EBA513-LeaderElection8] INFO  impl.RoleInfo (RoleInfo.java:updateAndGet(139)) - e611d9bf-2564-4d9e-ba20-e3ff9cd9361f: start e611d9bf-2564-4d9e-ba20-e3ff9cd9361f@group-D01A20EBA513-LeaderStateImpl
2023-03-25 06:06:43,967 [e611d9bf-2564-4d9e-ba20-e3ff9cd9361f@group-D01A20EBA513-LeaderElection8] INFO  segmented.SegmentedRaftLogWorker (SegmentedRaftLogWorker.java:startLogSegment(452)) - e611d9bf-2564-4d9e-ba20-e3ff9cd9361f@group-D01A20EBA513-SegmentedRaftLogWorker: Starting segment from index:0
2023-03-25 06:06:43,969 [e611d9bf-2564-4d9e-ba20-e3ff9cd9361f@group-D01A20EBA513-SegmentedRaftLogWorker] INFO  segmented.SegmentedRaftLogWorker (SegmentedRaftLogWorker.java:execute(656)) - e611d9bf-2564-4d9e-ba20-e3ff9cd9361f@group-D01A20EBA513-SegmentedRaftLogWorker: created new log segment /home/runner/work/ozone/ozone/hadoop-ozone/integration-test/target/test-dir/MiniOzoneClusterImpl-a610bbfc-ad57-4888-ac65-e976b37cd1f3/datanode-2/data/ratis/c6c67895-233c-4c58-8bdf-d01a20eba513/current/log_inprogress_0
2023-03-25 06:06:43,976 [e611d9bf-2564-4d9e-ba20-e3ff9cd9361f@group-D01A20EBA513-LeaderElection8] INFO  server.RaftServer$Division (ServerState.java:setRaftConf(430)) - e611d9bf-2564-4d9e-ba20-e3ff9cd9361f@group-D01A20EBA513: set configuration 0: peers:[e611d9bf-2564-4d9e-ba20-e3ff9cd9361f|rpc:10.1.0.6:37191|dataStream:10.1.0.6:43565|priority:1|startupRole:FOLLOWER]|listeners:[], old=null
2023-03-25 06:06:43,977 [629483a1-ee77-4219-bfbf-43723208929e-server-thread1] INFO  server.RaftServer$Division (ServerState.java:setRaftConf(430)) - 629483a1-ee77-4219-bfbf-43723208929e@group-7F05CB352D84: set configuration 0: peers:[e611d9bf-2564-4d9e-ba20-e3ff9cd9361f|rpc:10.1.0.6:37191|dataStream:10.1.0.6:43565|priority:0|startupRole:FOLLOWER, 629483a1-ee77-4219-bfbf-43723208929e|rpc:10.1.0.6:46597|dataStream:10.1.0.6:43849|priority:0|startupRole:FOLLOWER, f6b1a8fb-84e0-4eb5-ac02-8b85f50e4e44|rpc:10.1.0.6:36457|dataStream:10.1.0.6:38061|priority:1|startupRole:FOLLOWER]|listeners:[], old=null
2023-03-25 06:06:43,977 [629483a1-ee77-4219-bfbf-43723208929e-server-thread1] INFO  segmented.SegmentedRaftLogWorker (SegmentedRaftLogWorker.java:startLogSegment(452)) - 629483a1-ee77-4219-bfbf-43723208929e@group-7F05CB352D84-SegmentedRaftLogWorker: Starting segment from index:0
2023-03-25 06:06:43,984 [629483a1-ee77-4219-bfbf-43723208929e@group-7F05CB352D84-SegmentedRaftLogWorker] INFO  segmented.SegmentedRaftLogWorker (SegmentedRaftLogWorker.java:execute(656)) - 629483a1-ee77-4219-bfbf-43723208929e@group-7F05CB352D84-SegmentedRaftLogWorker: created new log segment /home/runner/work/ozone/ozone/hadoop-ozone/integration-test/target/test-dir/MiniOzoneClusterImpl-a610bbfc-ad57-4888-ac65-e976b37cd1f3/datanode-1/data/ratis/ac3d57e5-3f29-4911-8f31-7f05cb352d84/current/log_inprogress_0
2023-03-25 06:06:43,991 [om1@group-C5BA1605619E-StateMachineUpdater] INFO  impl.StateMachineUpdater (StateMachineUpdater.java:takeSnapshot(287)) - om1@group-C5BA1605619E-StateMachineUpdater: Took a snapshot at index 0
2023-03-25 06:06:44,003 [om1@group-C5BA1605619E-StateMachineUpdater] INFO  impl.StateMachineUpdater (StateMachineUpdater.java:lambda$new$0(92)) - om1@group-C5BA1605619E-StateMachineUpdater: snapshotIndex: updateIncreasingly -1 -> 0
2023-03-25 06:06:44,003 [om1@group-C5BA1605619E-StateMachineUpdater] INFO  ratis.OzoneManagerStateMachine (OzoneManagerStateMachine.java:close(499)) - StateMachine has shutdown. Shutdown OzoneManager if not already shutdown.
2023-03-25 06:06:44,003 [om1@group-C5BA1605619E-StateMachineUpdater] INFO  ratis.OzoneManagerDoubleBuffer (OzoneManagerDoubleBuffer.java:stopDaemon(540)) - Stopping OMDoubleBuffer flush thread
2023-03-25 06:06:44,003 [OMDoubleBufferFlushThread] INFO  ratis.OzoneManagerDoubleBuffer (OzoneManagerDoubleBuffer.java:canFlush(625)) - OMDoubleBuffer flush thread OMDoubleBufferFlushThread is interrupted and will exit.
2023-03-25 06:06:44,006 [om1-impl-thread1] INFO  server.RaftServer$Division (ServerState.java:close(466)) - om1@group-C5BA1605619E: closes. applyIndex: 0
2023-03-25 06:06:44,007 [om1@group-C5BA1605619E-SegmentedRaftLogWorker] INFO  segmented.SegmentedRaftLogWorker (SegmentedRaftLogWorker.java:run(347)) - om1@group-C5BA1605619E-SegmentedRaftLogWorker was interrupted, exiting. There are 0 tasks remaining in the queue.
2023-03-25 06:06:44,009 [om1-impl-thread1] INFO  segmented.SegmentedRaftLogWorker (SegmentedRaftLogWorker.java:close(257)) - om1@group-C5BA1605619E-SegmentedRaftLogWorker close()
2023-03-25 06:06:44,009 [JvmPauseMonitor0] INFO  util.JvmPauseMonitor (JvmPauseMonitor.java:run(111)) - JvmPauseMonitor-om1: Stopped
2023-03-25 06:06:44,009 [Listener at 127.0.0.1/39073] INFO  ratis.OzoneManagerStateMachine (OzoneManagerStateMachine.java:close(499)) - StateMachine has shutdown. Shutdown OzoneManager if not already shutdown.
2023-03-25 06:06:44,009 [Listener at 127.0.0.1/39073] INFO  ratis.OzoneManagerDoubleBuffer (OzoneManagerDoubleBuffer.java:stopDaemon(549)) - OMDoubleBuffer flush thread is not running.
2023-03-25 06:06:44,010 [Listener at 127.0.0.1/39073] INFO  utils.BackgroundService (BackgroundService.java:shutdown(141)) - Shutting down service KeyDeletingService
2023-03-25 06:06:44,010 [Listener at 127.0.0.1/39073] INFO  utils.BackgroundService (BackgroundService.java:shutdown(141)) - Shutting down service DirectoryDeletingService
2023-03-25 06:06:44,011 [Listener at 127.0.0.1/39073] INFO  utils.BackgroundService (BackgroundService.java:shutdown(141)) - Shutting down service OpenKeyCleanupService
2023-03-25 06:06:44,011 [Listener at 127.0.0.1/39073] INFO  utils.BackgroundService (BackgroundService.java:shutdown(141)) - Shutting down service SstFilteringService
2023-03-25 06:06:44,011 [Listener at 127.0.0.1/39073] INFO  utils.BackgroundService (BackgroundService.java:shutdown(141)) - Shutting down service SnapshotDeletingService
2023-03-25 06:06:44,014 [Listener at 127.0.0.1/39073] INFO  handler.ContextHandler (ContextHandler.java:doStop(1159)) - Stopped o.e.j.w.WebAppContext@6700ec4e{ozoneManager,/,null,STOPPED}{file:/home/runner/work/ozone/ozone/hadoop-ozone/integration-test/target/test-classes/webapps/ozoneManager}
2023-03-25 06:06:44,017 [Listener at 127.0.0.1/39073] INFO  server.AbstractConnector (AbstractConnector.java:doStop(383)) - Stopped ServerConnector@3dbf2603{HTTP/1.1, (http/1.1)}{0.0.0.0:0}
2023-03-25 06:06:44,018 [Listener at 127.0.0.1/39073] INFO  server.session (HouseKeeper.java:stopScavenging(149)) - node0 Stopped scavenging
2023-03-25 06:06:44,018 [Listener at 127.0.0.1/39073] INFO  handler.ContextHandler (ContextHandler.java:doStop(1159)) - Stopped o.e.j.s.ServletContextHandler@79a4865e{static,/static,file:///home/runner/work/ozone/ozone/hadoop-ozone/integration-test/target/test-classes/webapps/static,STOPPED}
2023-03-25 06:06:44,018 [Listener at 127.0.0.1/39073] INFO  handler.ContextHandler (ContextHandler.java:doStop(1159)) - Stopped o.e.j.s.ServletContextHandler@21dc5e0b{logs,/logs,file:///home/runner/work/ozone/ozone/hadoop-ozone/integration-test/target/log,STOPPED}
2023-03-25 06:06:44,029 [Listener at 127.0.0.1/39073] INFO  ozone.MiniOzoneClusterImpl (MiniOzoneClusterImpl.java:stopDatanodes(530)) - Stopping the HddsDatanodes
2023-03-25 06:06:44,039 [Listener at 127.0.0.1/39073] INFO  ozoneimpl.OzoneContainer (OzoneContainer.java:stop(423)) - Attempting to stop container services.
2023-03-25 06:06:44,040 [ForkJoinPool.commonPool-worker-1] INFO  ozoneimpl.OzoneContainer (OzoneContainer.java:stop(423)) - Attempting to stop container services.
2023-03-25 06:06:44,040 [Listener at 127.0.0.1/39073] INFO  server.RaftServer (RaftServerProxy.java:lambda$close$6(409)) - 629483a1-ee77-4219-bfbf-43723208929e: close
2023-03-25 06:06:44,040 [629483a1-ee77-4219-bfbf-43723208929e-impl-thread1] INFO  server.RaftServer$Division (RaftServerImpl.java:lambda$close$4(458)) - 629483a1-ee77-4219-bfbf-43723208929e@group-C880F8D117E6: shutdown
2023-03-25 06:06:44,041 [629483a1-ee77-4219-bfbf-43723208929e-impl-thread1] INFO  util.JmxRegister (JmxRegister.java:unregister(73)) - Successfully un-registered JMX Bean with object name Ratis:service=RaftServer,group=group-C880F8D117E6,id=629483a1-ee77-4219-bfbf-43723208929e
2023-03-25 06:06:44,041 [629483a1-ee77-4219-bfbf-43723208929e-impl-thread1] INFO  impl.RoleInfo (RoleInfo.java:shutdownLeaderState(93)) - 629483a1-ee77-4219-bfbf-43723208929e: shutdown 629483a1-ee77-4219-bfbf-43723208929e@group-C880F8D117E6-LeaderStateImpl
2023-03-25 06:06:44,041 [Listener at 127.0.0.1/39073] INFO  server.GrpcService (GrpcService.java:closeImpl(271)) - 629483a1-ee77-4219-bfbf-43723208929e: shutdown server GrpcServerProtocolService now
2023-03-25 06:06:44,041 [629483a1-ee77-4219-bfbf-43723208929e-impl-thread2] INFO  server.RaftServer$Division (RaftServerImpl.java:lambda$close$4(458)) - 629483a1-ee77-4219-bfbf-43723208929e@group-7F05CB352D84: shutdown
2023-03-25 06:06:44,042 [629483a1-ee77-4219-bfbf-43723208929e-impl-thread2] INFO  util.JmxRegister (JmxRegister.java:unregister(73)) - Successfully un-registered JMX Bean with object name Ratis:service=RaftServer,group=group-7F05CB352D84,id=629483a1-ee77-4219-bfbf-43723208929e
2023-03-25 06:06:44,042 [629483a1-ee77-4219-bfbf-43723208929e-impl-thread2] INFO  impl.RoleInfo (RoleInfo.java:shutdownFollowerState(110)) - 629483a1-ee77-4219-bfbf-43723208929e: shutdown 629483a1-ee77-4219-bfbf-43723208929e@group-7F05CB352D84-FollowerState
2023-03-25 06:06:44,042 [629483a1-ee77-4219-bfbf-43723208929e-impl-thread2] INFO  impl.StateMachineUpdater (StateMachineUpdater.java:stopAndJoin(153)) - 629483a1-ee77-4219-bfbf-43723208929e@group-7F05CB352D84-StateMachineUpdater: set stopIndex = 0
2023-03-25 06:06:44,042 [629483a1-ee77-4219-bfbf-43723208929e-impl-thread3] INFO  server.RaftServer$Division (RaftServerImpl.java:lambda$close$4(458)) - 629483a1-ee77-4219-bfbf-43723208929e@group-7DEEB221616F: shutdown
2023-03-25 06:06:44,042 [629483a1-ee77-4219-bfbf-43723208929e-impl-thread3] INFO  util.JmxRegister (JmxRegister.java:unregister(73)) - Successfully un-registered JMX Bean with object name Ratis:service=RaftServer,group=group-7DEEB221616F,id=629483a1-ee77-4219-bfbf-43723208929e
2023-03-25 06:06:44,042 [629483a1-ee77-4219-bfbf-43723208929e-impl-thread3] INFO  impl.RoleInfo (RoleInfo.java:shutdownLeaderState(93)) - 629483a1-ee77-4219-bfbf-43723208929e: shutdown 629483a1-ee77-4219-bfbf-43723208929e@group-7DEEB221616F-LeaderStateImpl
2023-03-25 06:06:44,042 [629483a1-ee77-4219-bfbf-43723208929e@group-7F05CB352D84-StateMachineUpdater] INFO  ratis.ContainerStateMachine (ContainerStateMachine.java:takeSnapshot(330)) - group-7F05CB352D84: Taking a snapshot at:(t:1, i:0) file /home/runner/work/ozone/ozone/hadoop-ozone/integration-test/target/test-dir/MiniOzoneClusterImpl-a610bbfc-ad57-4888-ac65-e976b37cd1f3/datanode-1/data/ratis/ac3d57e5-3f29-4911-8f31-7f05cb352d84/sm/snapshot.1_0
2023-03-25 06:06:44,042 [629483a1-ee77-4219-bfbf-43723208929e@group-7DEEB221616F->e611d9bf-2564-4d9e-ba20-e3ff9cd9361f-GrpcLogAppender-LogAppenderDaemon] WARN  server.GrpcLogAppender (GrpcLogAppender.java:mayWait(200)) - 629483a1-ee77-4219-bfbf-43723208929e@group-7DEEB221616F->e611d9bf-2564-4d9e-ba20-e3ff9cd9361f-GrpcLogAppender: Wait interrupted by java.lang.InterruptedException
2023-03-25 06:06:44,044 [629483a1-ee77-4219-bfbf-43723208929e-impl-thread3] INFO  impl.PendingRequests (PendingRequests.java:sendNotLeaderResponses(282)) - 629483a1-ee77-4219-bfbf-43723208929e@group-7DEEB221616F-PendingRequests: sendNotLeaderResponses
2023-03-25 06:06:44,044 [629483a1-ee77-4219-bfbf-43723208929e@group-7DEEB221616F-StateMachineUpdater] INFO  ratis.ContainerStateMachine (ContainerStateMachine.java:takeSnapshot(330)) - group-7DEEB221616F: Taking a snapshot at:(t:1, i:0) file /home/runner/work/ozone/ozone/hadoop-ozone/integration-test/target/test-dir/MiniOzoneClusterImpl-a610bbfc-ad57-4888-ac65-e976b37cd1f3/datanode-1/data/ratis/e15fedd1-d5cd-4fa7-a2c9-7deeb221616f/sm/snapshot.1_0
2023-03-25 06:06:44,045 [629483a1-ee77-4219-bfbf-43723208929e-impl-thread3] INFO  impl.StateMachineUpdater (StateMachineUpdater.java:stopAndJoin(153)) - 629483a1-ee77-4219-bfbf-43723208929e@group-7DEEB221616F-StateMachineUpdater: set stopIndex = 0
2023-03-25 06:06:44,046 [grpc-default-executor-3] INFO  server.GrpcServerProtocolService (GrpcServerProtocolService.java:onCompleted(143)) - e611d9bf-2564-4d9e-ba20-e3ff9cd9361f: Completed APPEND_ENTRIES, lastRequest: 629483a1-ee77-4219-bfbf-43723208929e->e611d9bf-2564-4d9e-ba20-e3ff9cd9361f#1-t1,previous=(t:0, i:0),leaderCommit=0,initializing? true,entries: size=1, first=(t:1, i:0), CONFIGURATIONENTRY(current:id: "e611d9bf-2564-4d9e-ba20-e3ff9cd9361f"
address: "10.1.0.6:37191"
dataStreamAddress: "10.1.0.6:43565"
clientAddress: "10.1.0.6:37191"
adminAddress: "10.1.0.6:37191"
startupRole: FOLLOWER
,id: "629483a1-ee77-4219-bfbf-43723208929e"
address: "10.1.0.6:46597"
priority: 1
dataStreamAddress: "10.1.0.6:43849"
clientAddress: "10.1.0.6:46597"
adminAddress: "10.1.0.6:46597"
startupRole: FOLLOWER
,id: "f6b1a8fb-84e0-4eb5-ac02-8b85f50e4e44"
address: "10.1.0.6:36457"
dataStreamAddress: "10.1.0.6:38061"
clientAddress: "10.1.0.6:36457"
adminAddress: "10.1.0.6:36457"
startupRole: FOLLOWER
, old:)
2023-03-25 06:06:44,046 [629483a1-ee77-4219-bfbf-43723208929e@group-7F05CB352D84-FollowerState] INFO  impl.FollowerState (FollowerState.java:run(152)) - 629483a1-ee77-4219-bfbf-43723208929e@group-7F05CB352D84-FollowerState was interrupted
2023-03-25 06:06:44,046 [ForkJoinPool.commonPool-worker-1] INFO  server.RaftServer (RaftServerProxy.java:lambda$close$6(409)) - f6b1a8fb-84e0-4eb5-ac02-8b85f50e4e44: close
2023-03-25 06:06:44,046 [f6b1a8fb-84e0-4eb5-ac02-8b85f50e4e44-impl-thread1] INFO  server.RaftServer$Division (RaftServerImpl.java:lambda$close$4(458)) - f6b1a8fb-84e0-4eb5-ac02-8b85f50e4e44@group-00FEACDFE61D: shutdown
2023-03-25 06:06:44,046 [f6b1a8fb-84e0-4eb5-ac02-8b85f50e4e44-impl-thread1] INFO  util.JmxRegister (JmxRegister.java:unregister(73)) - Successfully un-registered JMX Bean with object name Ratis:service=RaftServer,group=group-00FEACDFE61D,id=f6b1a8fb-84e0-4eb5-ac02-8b85f50e4e44
2023-03-25 06:06:44,046 [f6b1a8fb-84e0-4eb5-ac02-8b85f50e4e44-impl-thread1] INFO  impl.RoleInfo (RoleInfo.java:shutdownLeaderState(93)) - f6b1a8fb-84e0-4eb5-ac02-8b85f50e4e44: shutdown f6b1a8fb-84e0-4eb5-ac02-8b85f50e4e44@group-00FEACDFE61D-LeaderStateImpl
2023-03-25 06:06:44,041 [629483a1-ee77-4219-bfbf-43723208929e-impl-thread1] INFO  impl.PendingRequests (PendingRequests.java:sendNotLeaderResponses(282)) - 629483a1-ee77-4219-bfbf-43723208929e@group-C880F8D117E6-PendingRequests: sendNotLeaderResponses
2023-03-25 06:06:44,046 [f6b1a8fb-84e0-4eb5-ac02-8b85f50e4e44-impl-thread1] INFO  impl.PendingRequests (PendingRequests.java:sendNotLeaderResponses(282)) - f6b1a8fb-84e0-4eb5-ac02-8b85f50e4e44@group-00FEACDFE61D-PendingRequests: sendNotLeaderResponses
2023-03-25 06:06:44,047 [629483a1-ee77-4219-bfbf-43723208929e-impl-thread1] INFO  impl.StateMachineUpdater (StateMachineUpdater.java:stopAndJoin(153)) - 629483a1-ee77-4219-bfbf-43723208929e@group-C880F8D117E6-StateMachineUpdater: set stopIndex = 0
2023-03-25 06:06:44,047 [629483a1-ee77-4219-bfbf-43723208929e@group-C880F8D117E6-StateMachineUpdater] INFO  ratis.ContainerStateMachine (ContainerStateMachine.java:takeSnapshot(330)) - group-C880F8D117E6: Taking a snapshot at:(t:1, i:0) file /home/runner/work/ozone/ozone/hadoop-ozone/integration-test/target/test-dir/MiniOzoneClusterImpl-a610bbfc-ad57-4888-ac65-e976b37cd1f3/datanode-1/data/ratis/f8f6cff0-1ab0-4f6b-85eb-c880f8d117e6/sm/snapshot.1_0
2023-03-25 06:06:44,047 [f6b1a8fb-84e0-4eb5-ac02-8b85f50e4e44-impl-thread1] INFO  impl.StateMachineUpdater (StateMachineUpdater.java:stopAndJoin(153)) - f6b1a8fb-84e0-4eb5-ac02-8b85f50e4e44@group-00FEACDFE61D-StateMachineUpdater: set stopIndex = 0
2023-03-25 06:06:44,048 [f6b1a8fb-84e0-4eb5-ac02-8b85f50e4e44@group-00FEACDFE61D-StateMachineUpdater] INFO  ratis.ContainerStateMachine (ContainerStateMachine.java:takeSnapshot(330)) - group-00FEACDFE61D: Taking a snapshot at:(t:1, i:0) file /home/runner/work/ozone/ozone/hadoop-ozone/integration-test/target/test-dir/MiniOzoneClusterImpl-a610bbfc-ad57-4888-ac65-e976b37cd1f3/datanode-0/data/ratis/d9cfc6bb-c574-4036-a5ab-00feacdfe61d/sm/snapshot.1_0
2023-03-25 06:06:44,050 [f6b1a8fb-84e0-4eb5-ac02-8b85f50e4e44-impl-thread2] INFO  server.RaftServer$Division (RaftServerImpl.java:lambda$close$4(458)) - f6b1a8fb-84e0-4eb5-ac02-8b85f50e4e44@group-7F05CB352D84: shutdown
2023-03-25 06:06:44,051 [f6b1a8fb-84e0-4eb5-ac02-8b85f50e4e44-impl-thread2] INFO  util.JmxRegister (JmxRegister.java:unregister(73)) - Successfully un-registered JMX Bean with object name Ratis:service=RaftServer,group=group-7F05CB352D84,id=f6b1a8fb-84e0-4eb5-ac02-8b85f50e4e44
2023-03-25 06:06:44,051 [f6b1a8fb-84e0-4eb5-ac02-8b85f50e4e44-impl-thread2] INFO  impl.RoleInfo (RoleInfo.java:shutdownLeaderState(93)) - f6b1a8fb-84e0-4eb5-ac02-8b85f50e4e44: shutdown f6b1a8fb-84e0-4eb5-ac02-8b85f50e4e44@group-7F05CB352D84-LeaderStateImpl
2023-03-25 06:06:44,052 [ForkJoinPool.commonPool-worker-1] INFO  server.GrpcService (GrpcService.java:closeImpl(271)) - f6b1a8fb-84e0-4eb5-ac02-8b85f50e4e44: shutdown server GrpcServerProtocolService now
2023-03-25 06:06:44,044 [629483a1-ee77-4219-bfbf-43723208929e@group-7DEEB221616F->f6b1a8fb-84e0-4eb5-ac02-8b85f50e4e44-GrpcLogAppender-LogAppenderDaemon] WARN  server.GrpcLogAppender (GrpcLogAppender.java:mayWait(200)) - 629483a1-ee77-4219-bfbf-43723208929e@group-7DEEB221616F->f6b1a8fb-84e0-4eb5-ac02-8b85f50e4e44-GrpcLogAppender: Wait interrupted by java.lang.InterruptedException
2023-03-25 06:06:44,046 [grpc-default-executor-0] INFO  server.GrpcServerProtocolService (GrpcServerProtocolService.java:onCompleted(143)) - e611d9bf-2564-4d9e-ba20-e3ff9cd9361f: Completed APPEND_ENTRIES, lastRequest: null
2023-03-25 06:06:44,052 [Listener at 127.0.0.1/39073] INFO  server.GrpcServerProtocolClient (GrpcServerProtocolClient.java:close(101)) - e611d9bf-2564-4d9e-ba20-e3ff9cd9361f Close channels
2023-03-25 06:06:44,051 [grpc-default-executor-6] INFO  server.GrpcLogAppender (GrpcLogAppender.java:onCompleted(415)) - 629483a1-ee77-4219-bfbf-43723208929e@group-7DEEB221616F->e611d9bf-2564-4d9e-ba20-e3ff9cd9361f-AppendLogResponseHandler: follower responses appendEntries COMPLETED
2023-03-25 06:06:44,054 [grpc-default-executor-6] WARN  server.GrpcLogAppender (GrpcLogAppender.java:resetClient(137)) - 629483a1-ee77-4219-bfbf-43723208929e@group-7DEEB221616F->e611d9bf-2564-4d9e-ba20-e3ff9cd9361f-GrpcLogAppender: Failed to getClient for e611d9bf-2564-4d9e-ba20-e3ff9cd9361f
org.apache.ratis.protocol.exceptions.AlreadyClosedException: 629483a1-ee77-4219-bfbf-43723208929e is already CLOSED
	at org.apache.ratis.util.PeerProxyMap$PeerAndProxy.getProxy(PeerProxyMap.java:61)
	at org.apache.ratis.util.PeerProxyMap.getProxy(PeerProxyMap.java:115)
	at org.apache.ratis.grpc.server.GrpcLogAppender.getClient(GrpcLogAppender.java:116)
	at org.apache.ratis.grpc.server.GrpcLogAppender.resetClient(GrpcLogAppender.java:121)
	at org.apache.ratis.grpc.server.GrpcLogAppender.access$500(GrpcLogAppender.java:58)
	at org.apache.ratis.grpc.server.GrpcLogAppender$AppendLogResponseHandler.onCompleted(GrpcLogAppender.java:416)
	at org.apache.ratis.thirdparty.io.grpc.stub.ClientCalls$StreamObserverToCallListenerAdapter.onClose(ClientCalls.java:485)
	at org.apache.ratis.thirdparty.io.grpc.internal.ClientCallImpl.closeObserver(ClientCallImpl.java:562)
	at org.apache.ratis.thirdparty.io.grpc.internal.ClientCallImpl.access$300(ClientCallImpl.java:70)
	at org.apache.ratis.thirdparty.io.grpc.internal.ClientCallImpl$ClientStreamListenerImpl$1StreamClosed.runInternal(ClientCallImpl.java:743)
	at org.apache.ratis.thirdparty.io.grpc.internal.ClientCallImpl$ClientStreamListenerImpl$1StreamClosed.runInContext(ClientCallImpl.java:722)
	at org.apache.ratis.thirdparty.io.grpc.internal.ContextRunnable.run(ContextRunnable.java:37)
	at org.apache.ratis.thirdparty.io.grpc.internal.SerializingExecutor.run(SerializingExecutor.java:133)
	at java.util.concurrent.ThreadPoolExecutor.runWorker(ThreadPoolExecutor.java:1149)
	at java.util.concurrent.ThreadPoolExecutor$Worker.run(ThreadPoolExecutor.java:624)
	at java.lang.Thread.run(Thread.java:750)
2023-03-25 06:06:44,059 [f6b1a8fb-84e0-4eb5-ac02-8b85f50e4e44@group-7F05CB352D84->e611d9bf-2564-4d9e-ba20-e3ff9cd9361f-GrpcLogAppender-LogAppenderDaemon] WARN  server.GrpcLogAppender (GrpcLogAppender.java:mayWait(200)) - f6b1a8fb-84e0-4eb5-ac02-8b85f50e4e44@group-7F05CB352D84->e611d9bf-2564-4d9e-ba20-e3ff9cd9361f-GrpcLogAppender: Wait interrupted by java.lang.InterruptedException
2023-03-25 06:06:44,057 [f6b1a8fb-84e0-4eb5-ac02-8b85f50e4e44-impl-thread2] INFO  impl.PendingRequests (PendingRequests.java:sendNotLeaderResponses(282)) - f6b1a8fb-84e0-4eb5-ac02-8b85f50e4e44@group-7F05CB352D84-PendingRequests: sendNotLeaderResponses
2023-03-25 06:06:44,080 [f6b1a8fb-84e0-4eb5-ac02-8b85f50e4e44-impl-thread2] INFO  impl.StateMachineUpdater (StateMachineUpdater.java:stopAndJoin(153)) - f6b1a8fb-84e0-4eb5-ac02-8b85f50e4e44@group-7F05CB352D84-StateMachineUpdater: set stopIndex = 0
2023-03-25 06:06:44,080 [f6b1a8fb-84e0-4eb5-ac02-8b85f50e4e44-impl-thread3] INFO  server.RaftServer$Division (RaftServerImpl.java:lambda$close$4(458)) - f6b1a8fb-84e0-4eb5-ac02-8b85f50e4e44@group-7DEEB221616F: shutdown
2023-03-25 06:06:44,080 [f6b1a8fb-84e0-4eb5-ac02-8b85f50e4e44-impl-thread3] INFO  util.JmxRegister (JmxRegister.java:unregister(73)) - Successfully un-registered JMX Bean with object name Ratis:service=RaftServer,group=group-7DEEB221616F,id=f6b1a8fb-84e0-4eb5-ac02-8b85f50e4e44
2023-03-25 06:06:44,057 [f6b1a8fb-84e0-4eb5-ac02-8b85f50e4e44@group-7F05CB352D84->629483a1-ee77-4219-bfbf-43723208929e-GrpcLogAppender-LogAppenderDaemon] WARN  server.GrpcLogAppender (GrpcLogAppender.java:mayWait(200)) - f6b1a8fb-84e0-4eb5-ac02-8b85f50e4e44@group-7F05CB352D84->629483a1-ee77-4219-bfbf-43723208929e-GrpcLogAppender: Wait interrupted by java.lang.InterruptedException
2023-03-25 06:06:44,080 [f6b1a8fb-84e0-4eb5-ac02-8b85f50e4e44@group-7F05CB352D84-StateMachineUpdater] INFO  ratis.ContainerStateMachine (ContainerStateMachine.java:takeSnapshot(330)) - group-7F05CB352D84: Taking a snapshot at:(t:1, i:0) file /home/runner/work/ozone/ozone/hadoop-ozone/integration-test/target/test-dir/MiniOzoneClusterImpl-a610bbfc-ad57-4888-ac65-e976b37cd1f3/datanode-0/data/ratis/ac3d57e5-3f29-4911-8f31-7f05cb352d84/sm/snapshot.1_0
2023-03-25 06:06:44,076 [grpc-default-executor-2] INFO  server.GrpcServerProtocolService (GrpcServerProtocolService.java:onCompleted(143)) - f6b1a8fb-84e0-4eb5-ac02-8b85f50e4e44: Completed APPEND_ENTRIES, lastRequest: 629483a1-ee77-4219-bfbf-43723208929e->f6b1a8fb-84e0-4eb5-ac02-8b85f50e4e44#1-t1,previous=(t:0, i:0),leaderCommit=0,initializing? true,entries: size=1, first=(t:1, i:0), CONFIGURATIONENTRY(current:id: "e611d9bf-2564-4d9e-ba20-e3ff9cd9361f"
address: "10.1.0.6:37191"
dataStreamAddress: "10.1.0.6:43565"
clientAddress: "10.1.0.6:37191"
adminAddress: "10.1.0.6:37191"
startupRole: FOLLOWER
,id: "629483a1-ee77-4219-bfbf-43723208929e"
address: "10.1.0.6:46597"
priority: 1
dataStreamAddress: "10.1.0.6:43849"
clientAddress: "10.1.0.6:46597"
adminAddress: "10.1.0.6:46597"
startupRole: FOLLOWER
,id: "f6b1a8fb-84e0-4eb5-ac02-8b85f50e4e44"
address: "10.1.0.6:36457"
dataStreamAddress: "10.1.0.6:38061"
clientAddress: "10.1.0.6:36457"
adminAddress: "10.1.0.6:36457"
startupRole: FOLLOWER
, old:)
2023-03-25 06:06:44,074 [grpc-default-executor-6] INFO  server.GrpcLogAppender (GrpcLogAppender.java:onCompleted(415)) - 629483a1-ee77-4219-bfbf-43723208929e@group-7DEEB221616F->e611d9bf-2564-4d9e-ba20-e3ff9cd9361f-AppendLogResponseHandler: follower responses appendEntries COMPLETED
2023-03-25 06:06:44,081 [grpc-default-executor-6] WARN  server.GrpcLogAppender (GrpcLogAppender.java:resetClient(137)) - 629483a1-ee77-4219-bfbf-43723208929e@group-7DEEB221616F->e611d9bf-2564-4d9e-ba20-e3ff9cd9361f-GrpcLogAppender: Failed to getClient for e611d9bf-2564-4d9e-ba20-e3ff9cd9361f
org.apache.ratis.protocol.exceptions.AlreadyClosedException: 629483a1-ee77-4219-bfbf-43723208929e is already CLOSED
	at org.apache.ratis.util.PeerProxyMap$PeerAndProxy.getProxy(PeerProxyMap.java:61)
	at org.apache.ratis.util.PeerProxyMap.getProxy(PeerProxyMap.java:115)
	at org.apache.ratis.grpc.server.GrpcLogAppender.getClient(GrpcLogAppender.java:116)
	at org.apache.ratis.grpc.server.GrpcLogAppender.resetClient(GrpcLogAppender.java:121)
	at org.apache.ratis.grpc.server.GrpcLogAppender.access$500(GrpcLogAppender.java:58)
	at org.apache.ratis.grpc.server.GrpcLogAppender$AppendLogResponseHandler.onCompleted(GrpcLogAppender.java:416)
	at org.apache.ratis.thirdparty.io.grpc.stub.ClientCalls$StreamObserverToCallListenerAdapter.onClose(ClientCalls.java:485)
	at org.apache.ratis.thirdparty.io.grpc.internal.ClientCallImpl.closeObserver(ClientCallImpl.java:562)
	at org.apache.ratis.thirdparty.io.grpc.internal.ClientCallImpl.access$300(ClientCallImpl.java:70)
	at org.apache.ratis.thirdparty.io.grpc.internal.ClientCallImpl$ClientStreamListenerImpl$1StreamClosed.runInternal(ClientCallImpl.java:743)
	at org.apache.ratis.thirdparty.io.grpc.internal.ClientCallImpl$ClientStreamListenerImpl$1StreamClosed.runInContext(ClientCallImpl.java:722)
	at org.apache.ratis.thirdparty.io.grpc.internal.ContextRunnable.run(ContextRunnable.java:37)
	at org.apache.ratis.thirdparty.io.grpc.internal.SerializingExecutor.run(SerializingExecutor.java:133)
	at java.util.concurrent.ThreadPoolExecutor.runWorker(ThreadPoolExecutor.java:1149)
	at java.util.concurrent.ThreadPoolExecutor$Worker.run(ThreadPoolExecutor.java:624)
	at java.lang.Thread.run(Thread.java:750)
2023-03-25 06:06:44,073 [grpc-default-executor-4] INFO  server.GrpcServerProtocolService (GrpcServerProtocolService.java:onCompleted(143)) - e611d9bf-2564-4d9e-ba20-e3ff9cd9361f: Completed APPEND_ENTRIES, lastRequest: null
2023-03-25 06:06:44,073 [grpc-default-executor-8] INFO  server.GrpcServerProtocolService (GrpcServerProtocolService.java:onCompleted(143)) - f6b1a8fb-84e0-4eb5-ac02-8b85f50e4e44: Completed APPEND_ENTRIES, lastRequest: null
2023-03-25 06:06:44,082 [grpc-default-executor-4] INFO  server.GrpcLogAppender (GrpcLogAppender.java:onError(404)) - f6b1a8fb-84e0-4eb5-ac02-8b85f50e4e44@group-7F05CB352D84->629483a1-ee77-4219-bfbf-43723208929e-GrpcLogAppender is already stopped
2023-03-25 06:06:44,072 [grpc-default-executor-0] WARN  server.GrpcServerProtocolService (LogUtils.java:warn(122)) - 629483a1-ee77-4219-bfbf-43723208929e: installSnapshot onError, lastRequest: f6b1a8fb-84e0-4eb5-ac02-8b85f50e4e44->629483a1-ee77-4219-bfbf-43723208929e#1-t1,previous=(t:0, i:0),leaderCommit=0,initializing? true,entries: size=1, first=(t:1, i:0), CONFIGURATIONENTRY(current:id: "e611d9bf-2564-4d9e-ba20-e3ff9cd9361f"
address: "10.1.0.6:37191"
dataStreamAddress: "10.1.0.6:43565"
clientAddress: "10.1.0.6:37191"
adminAddress: "10.1.0.6:37191"
startupRole: FOLLOWER
,id: "629483a1-ee77-4219-bfbf-43723208929e"
address: "10.1.0.6:46597"
dataStreamAddress: "10.1.0.6:43849"
clientAddress: "10.1.0.6:46597"
adminAddress: "10.1.0.6:46597"
startupRole: FOLLOWER
,id: "f6b1a8fb-84e0-4eb5-ac02-8b85f50e4e44"
address: "10.1.0.6:36457"
priority: 1
dataStreamAddress: "10.1.0.6:38061"
clientAddress: "10.1.0.6:36457"
adminAddress: "10.1.0.6:36457"
startupRole: FOLLOWER
, old:): org.apache.ratis.thirdparty.io.grpc.StatusRuntimeException: CANCELLED: client cancelled
2023-03-25 06:06:44,071 [grpc-default-executor-1] WARN  server.GrpcServerProtocolService (LogUtils.java:warn(122)) - 629483a1-ee77-4219-bfbf-43723208929e: installSnapshot onError, lastRequest: null: org.apache.ratis.thirdparty.io.grpc.StatusRuntimeException: CANCELLED: client cancelled
2023-03-25 06:06:44,085 [f6b1a8fb-84e0-4eb5-ac02-8b85f50e4e44-impl-thread3] INFO  impl.RoleInfo (RoleInfo.java:shutdownFollowerState(110)) - f6b1a8fb-84e0-4eb5-ac02-8b85f50e4e44: shutdown f6b1a8fb-84e0-4eb5-ac02-8b85f50e4e44@group-7DEEB221616F-FollowerState
2023-03-25 06:06:44,088 [f6b1a8fb-84e0-4eb5-ac02-8b85f50e4e44-impl-thread3] INFO  impl.StateMachineUpdater (StateMachineUpdater.java:stopAndJoin(153)) - f6b1a8fb-84e0-4eb5-ac02-8b85f50e4e44@group-7DEEB221616F-StateMachineUpdater: set stopIndex = 0
2023-03-25 06:06:44,088 [f6b1a8fb-84e0-4eb5-ac02-8b85f50e4e44@group-7DEEB221616F-FollowerState] INFO  impl.FollowerState (FollowerState.java:run(152)) - f6b1a8fb-84e0-4eb5-ac02-8b85f50e4e44@group-7DEEB221616F-FollowerState was interrupted
2023-03-25 06:06:44,088 [f6b1a8fb-84e0-4eb5-ac02-8b85f50e4e44@group-7DEEB221616F-StateMachineUpdater] INFO  ratis.ContainerStateMachine (ContainerStateMachine.java:takeSnapshot(330)) - group-7DEEB221616F: Taking a snapshot at:(t:1, i:0) file /home/runner/work/ozone/ozone/hadoop-ozone/integration-test/target/test-dir/MiniOzoneClusterImpl-a610bbfc-ad57-4888-ac65-e976b37cd1f3/datanode-0/data/ratis/e15fedd1-d5cd-4fa7-a2c9-7deeb221616f/sm/snapshot.1_0
2023-03-25 06:06:44,091 [ForkJoinPool.commonPool-worker-1] INFO  server.GrpcServerProtocolClient (GrpcServerProtocolClient.java:close(101)) - e611d9bf-2564-4d9e-ba20-e3ff9cd9361f Close channels
2023-03-25 06:06:44,091 [grpc-default-executor-4] INFO  server.GrpcLogAppender (GrpcLogAppender.java:onError(404)) - f6b1a8fb-84e0-4eb5-ac02-8b85f50e4e44@group-7F05CB352D84->629483a1-ee77-4219-bfbf-43723208929e-GrpcLogAppender is already stopped
2023-03-25 06:06:44,094 [grpc-default-executor-4] INFO  server.GrpcServerProtocolService (GrpcServerProtocolService.java:onCompleted(143)) - e611d9bf-2564-4d9e-ba20-e3ff9cd9361f: Completed APPEND_ENTRIES, lastRequest: f6b1a8fb-84e0-4eb5-ac02-8b85f50e4e44->e611d9bf-2564-4d9e-ba20-e3ff9cd9361f#1-t1,previous=(t:0, i:0),leaderCommit=0,initializing? true,entries: size=1, first=(t:1, i:0), CONFIGURATIONENTRY(current:id: "e611d9bf-2564-4d9e-ba20-e3ff9cd9361f"
address: "10.1.0.6:37191"
dataStreamAddress: "10.1.0.6:43565"
clientAddress: "10.1.0.6:37191"
adminAddress: "10.1.0.6:37191"
startupRole: FOLLOWER
,id: "629483a1-ee77-4219-bfbf-43723208929e"
address: "10.1.0.6:46597"
dataStreamAddress: "10.1.0.6:43849"
clientAddress: "10.1.0.6:46597"
adminAddress: "10.1.0.6:46597"
startupRole: FOLLOWER
,id: "f6b1a8fb-84e0-4eb5-ac02-8b85f50e4e44"
address: "10.1.0.6:36457"
priority: 1
dataStreamAddress: "10.1.0.6:38061"
clientAddress: "10.1.0.6:36457"
adminAddress: "10.1.0.6:36457"
startupRole: FOLLOWER
, old:)
2023-03-25 06:06:44,099 [grpc-default-executor-2] INFO  server.GrpcLogAppender (GrpcLogAppender.java:onError(404)) - 629483a1-ee77-4219-bfbf-43723208929e@group-7DEEB221616F->f6b1a8fb-84e0-4eb5-ac02-8b85f50e4e44-GrpcLogAppender is already stopped
2023-03-25 06:06:44,099 [grpc-default-executor-2] INFO  server.GrpcLogAppender (GrpcLogAppender.java:onCompleted(415)) - f6b1a8fb-84e0-4eb5-ac02-8b85f50e4e44@group-7F05CB352D84->e611d9bf-2564-4d9e-ba20-e3ff9cd9361f-AppendLogResponseHandler: follower responses appendEntries COMPLETED
2023-03-25 06:06:44,100 [grpc-default-executor-2] WARN  server.GrpcLogAppender (GrpcLogAppender.java:resetClient(137)) - f6b1a8fb-84e0-4eb5-ac02-8b85f50e4e44@group-7F05CB352D84->e611d9bf-2564-4d9e-ba20-e3ff9cd9361f-GrpcLogAppender: Failed to getClient for e611d9bf-2564-4d9e-ba20-e3ff9cd9361f
org.apache.ratis.protocol.exceptions.AlreadyClosedException: f6b1a8fb-84e0-4eb5-ac02-8b85f50e4e44 is already CLOSED
	at org.apache.ratis.util.PeerProxyMap$PeerAndProxy.getProxy(PeerProxyMap.java:61)
	at org.apache.ratis.util.PeerProxyMap.getProxy(PeerProxyMap.java:115)
	at org.apache.ratis.grpc.server.GrpcLogAppender.getClient(GrpcLogAppender.java:116)
	at org.apache.ratis.grpc.server.GrpcLogAppender.resetClient(GrpcLogAppender.java:121)
	at org.apache.ratis.grpc.server.GrpcLogAppender.access$500(GrpcLogAppender.java:58)
	at org.apache.ratis.grpc.server.GrpcLogAppender$AppendLogResponseHandler.onCompleted(GrpcLogAppender.java:416)
	at org.apache.ratis.thirdparty.io.grpc.stub.ClientCalls$StreamObserverToCallListenerAdapter.onClose(ClientCalls.java:485)
	at org.apache.ratis.thirdparty.io.grpc.internal.ClientCallImpl.closeObserver(ClientCallImpl.java:562)
	at org.apache.ratis.thirdparty.io.grpc.internal.ClientCallImpl.access$300(ClientCallImpl.java:70)
	at org.apache.ratis.thirdparty.io.grpc.internal.ClientCallImpl$ClientStreamListenerImpl$1StreamClosed.runInternal(ClientCallImpl.java:743)
	at org.apache.ratis.thirdparty.io.grpc.internal.ClientCallImpl$ClientStreamListenerImpl$1StreamClosed.runInContext(ClientCallImpl.java:722)
	at org.apache.ratis.thirdparty.io.grpc.internal.ContextRunnable.run(ContextRunnable.java:37)
	at org.apache.ratis.thirdparty.io.grpc.internal.SerializingExecutor.run(SerializingExecutor.java:133)
	at java.util.concurrent.ThreadPoolExecutor.runWorker(ThreadPoolExecutor.java:1149)
	at java.util.concurrent.ThreadPoolExecutor$Worker.run(ThreadPoolExecutor.java:624)
	at java.lang.Thread.run(Thread.java:750)
2023-03-25 06:06:44,100 [grpc-default-executor-2] INFO  server.GrpcLogAppender (GrpcLogAppender.java:onCompleted(415)) - f6b1a8fb-84e0-4eb5-ac02-8b85f50e4e44@group-7F05CB352D84->e611d9bf-2564-4d9e-ba20-e3ff9cd9361f-AppendLogResponseHandler: follower responses appendEntries COMPLETED
2023-03-25 06:06:44,100 [grpc-default-executor-2] WARN  server.GrpcLogAppender (GrpcLogAppender.java:resetClient(137)) - f6b1a8fb-84e0-4eb5-ac02-8b85f50e4e44@group-7F05CB352D84->e611d9bf-2564-4d9e-ba20-e3ff9cd9361f-GrpcLogAppender: Failed to getClient for e611d9bf-2564-4d9e-ba20-e3ff9cd9361f
org.apache.ratis.protocol.exceptions.AlreadyClosedException: f6b1a8fb-84e0-4eb5-ac02-8b85f50e4e44 is already CLOSED
	at org.apache.ratis.util.PeerProxyMap$PeerAndProxy.getProxy(PeerProxyMap.java:61)
	at org.apache.ratis.util.PeerProxyMap.getProxy(PeerProxyMap.java:115)
	at org.apache.ratis.grpc.server.GrpcLogAppender.getClient(GrpcLogAppender.java:116)
	at org.apache.ratis.grpc.server.GrpcLogAppender.resetClient(GrpcLogAppender.java:121)
	at org.apache.ratis.grpc.server.GrpcLogAppender.access$500(GrpcLogAppender.java:58)
	at org.apache.ratis.grpc.server.GrpcLogAppender$AppendLogResponseHandler.onCompleted(GrpcLogAppender.java:416)
	at org.apache.ratis.thirdparty.io.grpc.stub.ClientCalls$StreamObserverToCallListenerAdapter.onClose(ClientCalls.java:485)
	at org.apache.ratis.thirdparty.io.grpc.internal.ClientCallImpl.closeObserver(ClientCallImpl.java:562)
	at org.apache.ratis.thirdparty.io.grpc.internal.ClientCallImpl.access$300(ClientCallImpl.java:70)
	at org.apache.ratis.thirdparty.io.grpc.internal.ClientCallImpl$ClientStreamListenerImpl$1StreamClosed.runInternal(ClientCallImpl.java:743)
	at org.apache.ratis.thirdparty.io.grpc.internal.ClientCallImpl$ClientStreamListenerImpl$1StreamClosed.runInContext(ClientCallImpl.java:722)
	at org.apache.ratis.thirdparty.io.grpc.internal.ContextRunnable.run(ContextRunnable.java:37)
	at org.apache.ratis.thirdparty.io.grpc.internal.SerializingExecutor.run(SerializingExecutor.java:133)
	at java.util.concurrent.ThreadPoolExecutor.runWorker(ThreadPoolExecutor.java:1149)
	at java.util.concurrent.ThreadPoolExecutor$Worker.run(ThreadPoolExecutor.java:624)
	at java.lang.Thread.run(Thread.java:750)
2023-03-25 06:06:44,101 [Listener at 127.0.0.1/39073] INFO  server.GrpcServerProtocolClient (GrpcServerProtocolClient.java:close(101)) - f6b1a8fb-84e0-4eb5-ac02-8b85f50e4e44 Close channels
2023-03-25 06:06:44,102 [grpc-default-executor-3] INFO  server.GrpcLogAppender (GrpcLogAppender.java:onError(404)) - 629483a1-ee77-4219-bfbf-43723208929e@group-7DEEB221616F->f6b1a8fb-84e0-4eb5-ac02-8b85f50e4e44-GrpcLogAppender is already stopped
2023-03-25 06:06:44,116 [Listener at 127.0.0.1/39073] INFO  server.GrpcService (GrpcService.java:closeImpl(280)) - 629483a1-ee77-4219-bfbf-43723208929e: shutdown server GrpcServerProtocolService successfully
2023-03-25 06:06:44,117 [ForkJoinPool.commonPool-worker-1] INFO  server.GrpcServerProtocolClient (GrpcServerProtocolClient.java:close(101)) - 629483a1-ee77-4219-bfbf-43723208929e Close channels
2023-03-25 06:06:44,117 [629483a1-ee77-4219-bfbf-43723208929e-NettyServerStreamRpc-bossGroup--thread1] INFO  logging.LoggingHandler (AbstractInternalLogger.java:log(148)) - [id: 0xffc4f6dc, L:/0:0:0:0:0:0:0:0:43849] CLOSE
2023-03-25 06:06:44,117 [629483a1-ee77-4219-bfbf-43723208929e-NettyServerStreamRpc-bossGroup--thread1] INFO  logging.LoggingHandler (AbstractInternalLogger.java:log(148)) - [id: 0xffc4f6dc, L:/0:0:0:0:0:0:0:0:43849] INACTIVE
2023-03-25 06:06:44,117 [629483a1-ee77-4219-bfbf-43723208929e-NettyServerStreamRpc-bossGroup--thread1] INFO  logging.LoggingHandler (AbstractInternalLogger.java:log(148)) - [id: 0xffc4f6dc, L:/0:0:0:0:0:0:0:0:43849] UNREGISTERED
2023-03-25 06:06:44,132 [ForkJoinPool.commonPool-worker-1] INFO  server.GrpcService (GrpcService.java:closeImpl(280)) - f6b1a8fb-84e0-4eb5-ac02-8b85f50e4e44: shutdown server GrpcServerProtocolService successfully
2023-03-25 06:06:44,133 [f6b1a8fb-84e0-4eb5-ac02-8b85f50e4e44-NettyServerStreamRpc-bossGroup--thread1] INFO  logging.LoggingHandler (AbstractInternalLogger.java:log(148)) - [id: 0x21495118, L:/0:0:0:0:0:0:0:0:38061] CLOSE
2023-03-25 06:06:44,134 [f6b1a8fb-84e0-4eb5-ac02-8b85f50e4e44-NettyServerStreamRpc-bossGroup--thread1] INFO  logging.LoggingHandler (AbstractInternalLogger.java:log(148)) - [id: 0x21495118, L:/0:0:0:0:0:0:0:0:38061] INACTIVE
2023-03-25 06:06:44,134 [f6b1a8fb-84e0-4eb5-ac02-8b85f50e4e44-NettyServerStreamRpc-bossGroup--thread1] INFO  logging.LoggingHandler (AbstractInternalLogger.java:log(148)) - [id: 0x21495118, L:/0:0:0:0:0:0:0:0:38061] UNREGISTERED
2023-03-25 06:06:44,150 [f6b1a8fb-84e0-4eb5-ac02-8b85f50e4e44@group-7DEEB221616F-StateMachineUpdater] INFO  ratis.ContainerStateMachine (ContainerStateMachine.java:takeSnapshot(341)) - group-7DEEB221616F: Finished taking a snapshot at:(t:1, i:0) file:/home/runner/work/ozone/ozone/hadoop-ozone/integration-test/target/test-dir/MiniOzoneClusterImpl-a610bbfc-ad57-4888-ac65-e976b37cd1f3/datanode-0/data/ratis/e15fedd1-d5cd-4fa7-a2c9-7deeb221616f/sm/snapshot.1_0 took: 62 ms
2023-03-25 06:06:44,150 [629483a1-ee77-4219-bfbf-43723208929e@group-C880F8D117E6-StateMachineUpdater] INFO  ratis.ContainerStateMachine (ContainerStateMachine.java:takeSnapshot(341)) - group-C880F8D117E6: Finished taking a snapshot at:(t:1, i:0) file:/home/runner/work/ozone/ozone/hadoop-ozone/integration-test/target/test-dir/MiniOzoneClusterImpl-a610bbfc-ad57-4888-ac65-e976b37cd1f3/datanode-1/data/ratis/f8f6cff0-1ab0-4f6b-85eb-c880f8d117e6/sm/snapshot.1_0 took: 103 ms
2023-03-25 06:06:44,150 [f6b1a8fb-84e0-4eb5-ac02-8b85f50e4e44@group-7F05CB352D84-StateMachineUpdater] INFO  ratis.ContainerStateMachine (ContainerStateMachine.java:takeSnapshot(341)) - group-7F05CB352D84: Finished taking a snapshot at:(t:1, i:0) file:/home/runner/work/ozone/ozone/hadoop-ozone/integration-test/target/test-dir/MiniOzoneClusterImpl-a610bbfc-ad57-4888-ac65-e976b37cd1f3/datanode-0/data/ratis/ac3d57e5-3f29-4911-8f31-7f05cb352d84/sm/snapshot.1_0 took: 70 ms
2023-03-25 06:06:44,150 [629483a1-ee77-4219-bfbf-43723208929e@group-7F05CB352D84-StateMachineUpdater] INFO  ratis.ContainerStateMachine (ContainerStateMachine.java:takeSnapshot(341)) - group-7F05CB352D84: Finished taking a snapshot at:(t:1, i:0) file:/home/runner/work/ozone/ozone/hadoop-ozone/integration-test/target/test-dir/MiniOzoneClusterImpl-a610bbfc-ad57-4888-ac65-e976b37cd1f3/datanode-1/data/ratis/ac3d57e5-3f29-4911-8f31-7f05cb352d84/sm/snapshot.1_0 took: 108 ms
2023-03-25 06:06:44,151 [629483a1-ee77-4219-bfbf-43723208929e@group-7DEEB221616F-StateMachineUpdater] INFO  ratis.ContainerStateMachine (ContainerStateMachine.java:takeSnapshot(341)) - group-7DEEB221616F: Finished taking a snapshot at:(t:1, i:0) file:/home/runner/work/ozone/ozone/hadoop-ozone/integration-test/target/test-dir/MiniOzoneClusterImpl-a610bbfc-ad57-4888-ac65-e976b37cd1f3/datanode-1/data/ratis/e15fedd1-d5cd-4fa7-a2c9-7deeb221616f/sm/snapshot.1_0 took: 107 ms
2023-03-25 06:06:44,152 [f6b1a8fb-84e0-4eb5-ac02-8b85f50e4e44@group-00FEACDFE61D-StateMachineUpdater] INFO  ratis.ContainerStateMachine (ContainerStateMachine.java:takeSnapshot(341)) - group-00FEACDFE61D: Finished taking a snapshot at:(t:1, i:0) file:/home/runner/work/ozone/ozone/hadoop-ozone/integration-test/target/test-dir/MiniOzoneClusterImpl-a610bbfc-ad57-4888-ac65-e976b37cd1f3/datanode-0/data/ratis/d9cfc6bb-c574-4036-a5ab-00feacdfe61d/sm/snapshot.1_0 took: 104 ms
2023-03-25 06:06:44,153 [f6b1a8fb-84e0-4eb5-ac02-8b85f50e4e44@group-7DEEB221616F-StateMachineUpdater] INFO  impl.StateMachineUpdater (StateMachineUpdater.java:takeSnapshot(287)) - f6b1a8fb-84e0-4eb5-ac02-8b85f50e4e44@group-7DEEB221616F-StateMachineUpdater: Took a snapshot at index 0
2023-03-25 06:06:44,153 [f6b1a8fb-84e0-4eb5-ac02-8b85f50e4e44@group-7DEEB221616F-StateMachineUpdater] INFO  impl.StateMachineUpdater (StateMachineUpdater.java:lambda$new$0(92)) - f6b1a8fb-84e0-4eb5-ac02-8b85f50e4e44@group-7DEEB221616F-StateMachineUpdater: snapshotIndex: updateIncreasingly -1 -> 0
2023-03-25 06:06:44,154 [f6b1a8fb-84e0-4eb5-ac02-8b85f50e4e44@group-00FEACDFE61D-StateMachineUpdater] INFO  impl.StateMachineUpdater (StateMachineUpdater.java:takeSnapshot(287)) - f6b1a8fb-84e0-4eb5-ac02-8b85f50e4e44@group-00FEACDFE61D-StateMachineUpdater: Took a snapshot at index 0
2023-03-25 06:06:44,154 [f6b1a8fb-84e0-4eb5-ac02-8b85f50e4e44@group-00FEACDFE61D-StateMachineUpdater] INFO  impl.StateMachineUpdater (StateMachineUpdater.java:lambda$new$0(92)) - f6b1a8fb-84e0-4eb5-ac02-8b85f50e4e44@group-00FEACDFE61D-StateMachineUpdater: snapshotIndex: updateIncreasingly -1 -> 0
2023-03-25 06:06:44,154 [629483a1-ee77-4219-bfbf-43723208929e@group-7DEEB221616F-StateMachineUpdater] INFO  impl.StateMachineUpdater (StateMachineUpdater.java:takeSnapshot(287)) - 629483a1-ee77-4219-bfbf-43723208929e@group-7DEEB221616F-StateMachineUpdater: Took a snapshot at index 0
2023-03-25 06:06:44,154 [629483a1-ee77-4219-bfbf-43723208929e@group-7F05CB352D84-StateMachineUpdater] INFO  impl.StateMachineUpdater (StateMachineUpdater.java:takeSnapshot(287)) - 629483a1-ee77-4219-bfbf-43723208929e@group-7F05CB352D84-StateMachineUpdater: Took a snapshot at index 0
2023-03-25 06:06:44,155 [f6b1a8fb-84e0-4eb5-ac02-8b85f50e4e44@group-7F05CB352D84-StateMachineUpdater] INFO  impl.StateMachineUpdater (StateMachineUpdater.java:takeSnapshot(287)) - f6b1a8fb-84e0-4eb5-ac02-8b85f50e4e44@group-7F05CB352D84-StateMachineUpdater: Took a snapshot at index 0
2023-03-25 06:06:44,155 [f6b1a8fb-84e0-4eb5-ac02-8b85f50e4e44@group-7F05CB352D84-StateMachineUpdater] INFO  impl.StateMachineUpdater (StateMachineUpdater.java:lambda$new$0(92)) - f6b1a8fb-84e0-4eb5-ac02-8b85f50e4e44@group-7F05CB352D84-StateMachineUpdater: snapshotIndex: updateIncreasingly -1 -> 0
2023-03-25 06:06:44,155 [629483a1-ee77-4219-bfbf-43723208929e@group-C880F8D117E6-StateMachineUpdater] INFO  impl.StateMachineUpdater (StateMachineUpdater.java:takeSnapshot(287)) - 629483a1-ee77-4219-bfbf-43723208929e@group-C880F8D117E6-StateMachineUpdater: Took a snapshot at index 0
2023-03-25 06:06:44,154 [629483a1-ee77-4219-bfbf-43723208929e@group-7DEEB221616F-StateMachineUpdater] INFO  impl.StateMachineUpdater (StateMachineUpdater.java:lambda$new$0(92)) - 629483a1-ee77-4219-bfbf-43723208929e@group-7DEEB221616F-StateMachineUpdater: snapshotIndex: updateIncreasingly -1 -> 0
2023-03-25 06:06:44,155 [629483a1-ee77-4219-bfbf-43723208929e@group-C880F8D117E6-StateMachineUpdater] INFO  impl.StateMachineUpdater (StateMachineUpdater.java:lambda$new$0(92)) - 629483a1-ee77-4219-bfbf-43723208929e@group-C880F8D117E6-StateMachineUpdater: snapshotIndex: updateIncreasingly -1 -> 0
2023-03-25 06:06:44,155 [629483a1-ee77-4219-bfbf-43723208929e@group-7F05CB352D84-StateMachineUpdater] INFO  impl.StateMachineUpdater (StateMachineUpdater.java:lambda$new$0(92)) - 629483a1-ee77-4219-bfbf-43723208929e@group-7F05CB352D84-StateMachineUpdater: snapshotIndex: updateIncreasingly -1 -> 0
2023-03-25 06:06:44,162 [f6b1a8fb-84e0-4eb5-ac02-8b85f50e4e44-impl-thread3] INFO  server.RaftServer$Division (ServerState.java:close(466)) - f6b1a8fb-84e0-4eb5-ac02-8b85f50e4e44@group-7DEEB221616F: closes. applyIndex: 0
2023-03-25 06:06:44,162 [f6b1a8fb-84e0-4eb5-ac02-8b85f50e4e44@group-7DEEB221616F-SegmentedRaftLogWorker] INFO  segmented.SegmentedRaftLogWorker (SegmentedRaftLogWorker.java:run(347)) - f6b1a8fb-84e0-4eb5-ac02-8b85f50e4e44@group-7DEEB221616F-SegmentedRaftLogWorker was interrupted, exiting. There are 0 tasks remaining in the queue.
2023-03-25 06:06:44,163 [f6b1a8fb-84e0-4eb5-ac02-8b85f50e4e44-impl-thread2] INFO  server.RaftServer$Division (ServerState.java:close(466)) - f6b1a8fb-84e0-4eb5-ac02-8b85f50e4e44@group-7F05CB352D84: closes. applyIndex: 0
2023-03-25 06:06:44,163 [f6b1a8fb-84e0-4eb5-ac02-8b85f50e4e44-impl-thread1] INFO  server.RaftServer$Division (ServerState.java:close(466)) - f6b1a8fb-84e0-4eb5-ac02-8b85f50e4e44@group-00FEACDFE61D: closes. applyIndex: 0
2023-03-25 06:06:44,163 [f6b1a8fb-84e0-4eb5-ac02-8b85f50e4e44@group-7F05CB352D84-SegmentedRaftLogWorker] INFO  segmented.SegmentedRaftLogWorker (SegmentedRaftLogWorker.java:run(347)) - f6b1a8fb-84e0-4eb5-ac02-8b85f50e4e44@group-7F05CB352D84-SegmentedRaftLogWorker was interrupted, exiting. There are 0 tasks remaining in the queue.
2023-03-25 06:06:44,163 [f6b1a8fb-84e0-4eb5-ac02-8b85f50e4e44@group-00FEACDFE61D-SegmentedRaftLogWorker] INFO  segmented.SegmentedRaftLogWorker (SegmentedRaftLogWorker.java:run(347)) - f6b1a8fb-84e0-4eb5-ac02-8b85f50e4e44@group-00FEACDFE61D-SegmentedRaftLogWorker was interrupted, exiting. There are 0 tasks remaining in the queue.
2023-03-25 06:06:44,164 [629483a1-ee77-4219-bfbf-43723208929e-impl-thread3] INFO  server.RaftServer$Division (ServerState.java:close(466)) - 629483a1-ee77-4219-bfbf-43723208929e@group-7DEEB221616F: closes. applyIndex: 0
2023-03-25 06:06:44,165 [629483a1-ee77-4219-bfbf-43723208929e@group-7DEEB221616F-SegmentedRaftLogWorker] INFO  segmented.SegmentedRaftLogWorker (SegmentedRaftLogWorker.java:run(347)) - 629483a1-ee77-4219-bfbf-43723208929e@group-7DEEB221616F-SegmentedRaftLogWorker was interrupted, exiting. There are 0 tasks remaining in the queue.
2023-03-25 06:06:44,165 [629483a1-ee77-4219-bfbf-43723208929e-impl-thread2] INFO  server.RaftServer$Division (ServerState.java:close(466)) - 629483a1-ee77-4219-bfbf-43723208929e@group-7F05CB352D84: closes. applyIndex: 0
2023-03-25 06:06:44,165 [629483a1-ee77-4219-bfbf-43723208929e@group-7F05CB352D84-SegmentedRaftLogWorker] INFO  segmented.SegmentedRaftLogWorker (SegmentedRaftLogWorker.java:run(347)) - 629483a1-ee77-4219-bfbf-43723208929e@group-7F05CB352D84-SegmentedRaftLogWorker was interrupted, exiting. There are 0 tasks remaining in the queue.
2023-03-25 06:06:44,165 [629483a1-ee77-4219-bfbf-43723208929e-impl-thread1] INFO  server.RaftServer$Division (ServerState.java:close(466)) - 629483a1-ee77-4219-bfbf-43723208929e@group-C880F8D117E6: closes. applyIndex: 0
2023-03-25 06:06:44,166 [629483a1-ee77-4219-bfbf-43723208929e@group-C880F8D117E6-SegmentedRaftLogWorker] INFO  segmented.SegmentedRaftLogWorker (SegmentedRaftLogWorker.java:run(347)) - 629483a1-ee77-4219-bfbf-43723208929e@group-C880F8D117E6-SegmentedRaftLogWorker was interrupted, exiting. There are 0 tasks remaining in the queue.
2023-03-25 06:06:44,167 [629483a1-ee77-4219-bfbf-43723208929e-impl-thread3] INFO  segmented.SegmentedRaftLogWorker (SegmentedRaftLogWorker.java:close(257)) - 629483a1-ee77-4219-bfbf-43723208929e@group-7DEEB221616F-SegmentedRaftLogWorker close()
2023-03-25 06:06:44,167 [f6b1a8fb-84e0-4eb5-ac02-8b85f50e4e44-impl-thread1] INFO  segmented.SegmentedRaftLogWorker (SegmentedRaftLogWorker.java:close(257)) - f6b1a8fb-84e0-4eb5-ac02-8b85f50e4e44@group-00FEACDFE61D-SegmentedRaftLogWorker close()
2023-03-25 06:06:44,167 [f6b1a8fb-84e0-4eb5-ac02-8b85f50e4e44-impl-thread2] INFO  segmented.SegmentedRaftLogWorker (SegmentedRaftLogWorker.java:close(257)) - f6b1a8fb-84e0-4eb5-ac02-8b85f50e4e44@group-7F05CB352D84-SegmentedRaftLogWorker close()
2023-03-25 06:06:44,167 [f6b1a8fb-84e0-4eb5-ac02-8b85f50e4e44-impl-thread3] INFO  segmented.SegmentedRaftLogWorker (SegmentedRaftLogWorker.java:close(257)) - f6b1a8fb-84e0-4eb5-ac02-8b85f50e4e44@group-7DEEB221616F-SegmentedRaftLogWorker close()
2023-03-25 06:06:44,167 [629483a1-ee77-4219-bfbf-43723208929e-impl-thread2] INFO  segmented.SegmentedRaftLogWorker (SegmentedRaftLogWorker.java:close(257)) - 629483a1-ee77-4219-bfbf-43723208929e@group-7F05CB352D84-SegmentedRaftLogWorker close()
2023-03-25 06:06:44,168 [629483a1-ee77-4219-bfbf-43723208929e-impl-thread1] INFO  segmented.SegmentedRaftLogWorker (SegmentedRaftLogWorker.java:close(257)) - 629483a1-ee77-4219-bfbf-43723208929e@group-C880F8D117E6-SegmentedRaftLogWorker close()
2023-03-25 06:06:44,172 [JvmPauseMonitor2] INFO  util.JvmPauseMonitor (JvmPauseMonitor.java:run(111)) - JvmPauseMonitor-629483a1-ee77-4219-bfbf-43723208929e: Stopped
2023-03-25 06:06:44,172 [JvmPauseMonitor1] INFO  util.JvmPauseMonitor (JvmPauseMonitor.java:run(111)) - JvmPauseMonitor-f6b1a8fb-84e0-4eb5-ac02-8b85f50e4e44: Stopped
2023-03-25 06:06:46,206 [Listener at 127.0.0.1/39073] INFO  volume.HddsVolume (HddsVolume.java:closeDbStore(437)) - SchemaV3 db is stopped at /home/runner/work/ozone/ozone/hadoop-ozone/integration-test/target/test-dir/MiniOzoneClusterImpl-a610bbfc-ad57-4888-ac65-e976b37cd1f3/datanode-1/data-0/containers/hdds/a610bbfc-ad57-4888-ac65-e976b37cd1f3/DS-0ac5cb6c-9971-45ab-9858-16ef52a68fd0/container.db for volume DS-0ac5cb6c-9971-45ab-9858-16ef52a68fd0
2023-03-25 06:06:46,207 [Listener at 127.0.0.1/39073] INFO  utils.BackgroundService (BackgroundService.java:shutdown(141)) - Shutting down service BlockDeletingService
2023-03-25 06:06:46,208 [Listener at 127.0.0.1/39073] INFO  utils.BackgroundService (BackgroundService.java:shutdown(141)) - Shutting down service StaleRecoveringContainerScrubbingService
2023-03-25 06:06:46,211 [ForkJoinPool.commonPool-worker-1] INFO  volume.HddsVolume (HddsVolume.java:closeDbStore(437)) - SchemaV3 db is stopped at /home/runner/work/ozone/ozone/hadoop-ozone/integration-test/target/test-dir/MiniOzoneClusterImpl-a610bbfc-ad57-4888-ac65-e976b37cd1f3/datanode-0/data-0/containers/hdds/a610bbfc-ad57-4888-ac65-e976b37cd1f3/DS-423e8ca0-afdd-45c1-9659-a49d9faf7e27/container.db for volume DS-423e8ca0-afdd-45c1-9659-a49d9faf7e27
2023-03-25 06:06:46,211 [Listener at 127.0.0.1/39073] INFO  statemachine.DatanodeStateMachine (DatanodeStateMachine.java:stopDaemon(601)) - Ozone container server stopped.
2023-03-25 06:06:46,212 [ForkJoinPool.commonPool-worker-1] INFO  utils.BackgroundService (BackgroundService.java:shutdown(141)) - Shutting down service BlockDeletingService
2023-03-25 06:06:46,213 [ForkJoinPool.commonPool-worker-1] INFO  utils.BackgroundService (BackgroundService.java:shutdown(141)) - Shutting down service StaleRecoveringContainerScrubbingService
2023-03-25 06:06:46,216 [ForkJoinPool.commonPool-worker-1] INFO  statemachine.DatanodeStateMachine (DatanodeStateMachine.java:stopDaemon(601)) - Ozone container server stopped.
2023-03-25 06:06:46,232 [ForkJoinPool.commonPool-worker-1] INFO  handler.ContextHandler (ContextHandler.java:doStop(1159)) - Stopped o.e.j.w.WebAppContext@40c253bd{hddsDatanode,/,null,STOPPED}{jar:file:/home/runner/.m2/repository/org/apache/ozone/hdds-container-service/1.4.0-SNAPSHOT/hdds-container-service-1.4.0-SNAPSHOT.jar!/webapps/hddsDatanode}
2023-03-25 06:06:46,233 [ForkJoinPool.commonPool-worker-1] INFO  server.AbstractConnector (AbstractConnector.java:doStop(383)) - Stopped ServerConnector@787c4ed3{HTTP/1.1, (http/1.1)}{0.0.0.0:0}
2023-03-25 06:06:46,233 [Listener at 127.0.0.1/39073] INFO  handler.ContextHandler (ContextHandler.java:doStop(1159)) - Stopped o.e.j.w.WebAppContext@6ae8efc6{hddsDatanode,/,null,STOPPED}{jar:file:/home/runner/.m2/repository/org/apache/ozone/hdds-container-service/1.4.0-SNAPSHOT/hdds-container-service-1.4.0-SNAPSHOT.jar!/webapps/hddsDatanode}
2023-03-25 06:06:46,234 [ForkJoinPool.commonPool-worker-1] INFO  server.session (HouseKeeper.java:stopScavenging(149)) - node0 Stopped scavenging
2023-03-25 06:06:46,237 [Listener at 127.0.0.1/39073] INFO  server.AbstractConnector (AbstractConnector.java:doStop(383)) - Stopped ServerConnector@72309bc{HTTP/1.1, (http/1.1)}{0.0.0.0:0}
2023-03-25 06:06:46,237 [Listener at 127.0.0.1/39073] INFO  server.session (HouseKeeper.java:stopScavenging(149)) - node0 Stopped scavenging
2023-03-25 06:06:46,237 [Listener at 127.0.0.1/39073] INFO  handler.ContextHandler (ContextHandler.java:doStop(1159)) - Stopped o.e.j.s.ServletContextHandler@60157e9c{static,/static,jar:file:/home/runner/.m2/repository/org/apache/ozone/hdds-container-service/1.4.0-SNAPSHOT/hdds-container-service-1.4.0-SNAPSHOT.jar!/webapps/static,STOPPED}
2023-03-25 06:06:46,237 [ForkJoinPool.commonPool-worker-1] INFO  handler.ContextHandler (ContextHandler.java:doStop(1159)) - Stopped o.e.j.s.ServletContextHandler@4aaefbce{static,/static,jar:file:/home/runner/.m2/repository/org/apache/ozone/hdds-container-service/1.4.0-SNAPSHOT/hdds-container-service-1.4.0-SNAPSHOT.jar!/webapps/static,STOPPED}
2023-03-25 06:06:46,238 [Listener at 127.0.0.1/39073] INFO  handler.ContextHandler (ContextHandler.java:doStop(1159)) - Stopped o.e.j.s.ServletContextHandler@6338d778{logs,/logs,file:///home/runner/work/ozone/ozone/hadoop-ozone/integration-test/target/log,STOPPED}
2023-03-25 06:06:46,238 [ForkJoinPool.commonPool-worker-1] INFO  handler.ContextHandler (ContextHandler.java:doStop(1159)) - Stopped o.e.j.s.ServletContextHandler@6a4d03d5{logs,/logs,file:///home/runner/work/ozone/ozone/hadoop-ozone/integration-test/target/log,STOPPED}
2023-03-25 06:06:46,245 [ForkJoinPool.commonPool-worker-1] INFO  ozoneimpl.OzoneContainer (OzoneContainer.java:stop(423)) - Attempting to stop container services.
2023-03-25 06:06:46,246 [ForkJoinPool.commonPool-worker-1] INFO  server.RaftServer (RaftServerProxy.java:lambda$close$6(409)) - e611d9bf-2564-4d9e-ba20-e3ff9cd9361f: close
2023-03-25 06:06:46,246 [e611d9bf-2564-4d9e-ba20-e3ff9cd9361f-impl-thread1] INFO  server.RaftServer$Division (RaftServerImpl.java:lambda$close$4(458)) - e611d9bf-2564-4d9e-ba20-e3ff9cd9361f@group-7F05CB352D84: shutdown
2023-03-25 06:06:46,247 [e611d9bf-2564-4d9e-ba20-e3ff9cd9361f-impl-thread1] INFO  util.JmxRegister (JmxRegister.java:unregister(73)) - Successfully un-registered JMX Bean with object name Ratis:service=RaftServer,group=group-7F05CB352D84,id=e611d9bf-2564-4d9e-ba20-e3ff9cd9361f
2023-03-25 06:06:46,247 [e611d9bf-2564-4d9e-ba20-e3ff9cd9361f-impl-thread1] INFO  impl.RoleInfo (RoleInfo.java:shutdownFollowerState(110)) - e611d9bf-2564-4d9e-ba20-e3ff9cd9361f: shutdown e611d9bf-2564-4d9e-ba20-e3ff9cd9361f@group-7F05CB352D84-FollowerState
2023-03-25 06:06:46,247 [e611d9bf-2564-4d9e-ba20-e3ff9cd9361f-impl-thread1] INFO  impl.StateMachineUpdater (StateMachineUpdater.java:stopAndJoin(153)) - e611d9bf-2564-4d9e-ba20-e3ff9cd9361f@group-7F05CB352D84-StateMachineUpdater: set stopIndex = 0
2023-03-25 06:06:46,247 [e611d9bf-2564-4d9e-ba20-e3ff9cd9361f@group-7F05CB352D84-FollowerState] INFO  impl.FollowerState (FollowerState.java:run(152)) - e611d9bf-2564-4d9e-ba20-e3ff9cd9361f@group-7F05CB352D84-FollowerState was interrupted
2023-03-25 06:06:46,247 [e611d9bf-2564-4d9e-ba20-e3ff9cd9361f@group-7F05CB352D84-StateMachineUpdater] INFO  ratis.ContainerStateMachine (ContainerStateMachine.java:takeSnapshot(330)) - group-7F05CB352D84: Taking a snapshot at:(t:1, i:0) file /home/runner/work/ozone/ozone/hadoop-ozone/integration-test/target/test-dir/MiniOzoneClusterImpl-a610bbfc-ad57-4888-ac65-e976b37cd1f3/datanode-2/data/ratis/ac3d57e5-3f29-4911-8f31-7f05cb352d84/sm/snapshot.1_0
2023-03-25 06:06:46,248 [e611d9bf-2564-4d9e-ba20-e3ff9cd9361f-impl-thread2] INFO  server.RaftServer$Division (RaftServerImpl.java:lambda$close$4(458)) - e611d9bf-2564-4d9e-ba20-e3ff9cd9361f@group-D01A20EBA513: shutdown
2023-03-25 06:06:46,248 [e611d9bf-2564-4d9e-ba20-e3ff9cd9361f-impl-thread2] INFO  util.JmxRegister (JmxRegister.java:unregister(73)) - Successfully un-registered JMX Bean with object name Ratis:service=RaftServer,group=group-D01A20EBA513,id=e611d9bf-2564-4d9e-ba20-e3ff9cd9361f
2023-03-25 06:06:46,248 [e611d9bf-2564-4d9e-ba20-e3ff9cd9361f-impl-thread2] INFO  impl.RoleInfo (RoleInfo.java:shutdownLeaderState(93)) - e611d9bf-2564-4d9e-ba20-e3ff9cd9361f: shutdown e611d9bf-2564-4d9e-ba20-e3ff9cd9361f@group-D01A20EBA513-LeaderStateImpl
2023-03-25 06:06:46,249 [e611d9bf-2564-4d9e-ba20-e3ff9cd9361f-impl-thread2] INFO  impl.PendingRequests (PendingRequests.java:sendNotLeaderResponses(282)) - e611d9bf-2564-4d9e-ba20-e3ff9cd9361f@group-D01A20EBA513-PendingRequests: sendNotLeaderResponses
2023-03-25 06:06:46,249 [e611d9bf-2564-4d9e-ba20-e3ff9cd9361f@group-7F05CB352D84-StateMachineUpdater] INFO  ratis.ContainerStateMachine (ContainerStateMachine.java:takeSnapshot(341)) - group-7F05CB352D84: Finished taking a snapshot at:(t:1, i:0) file:/home/runner/work/ozone/ozone/hadoop-ozone/integration-test/target/test-dir/MiniOzoneClusterImpl-a610bbfc-ad57-4888-ac65-e976b37cd1f3/datanode-2/data/ratis/ac3d57e5-3f29-4911-8f31-7f05cb352d84/sm/snapshot.1_0 took: 2 ms
2023-03-25 06:06:46,250 [e611d9bf-2564-4d9e-ba20-e3ff9cd9361f@group-7F05CB352D84-StateMachineUpdater] INFO  impl.StateMachineUpdater (StateMachineUpdater.java:takeSnapshot(287)) - e611d9bf-2564-4d9e-ba20-e3ff9cd9361f@group-7F05CB352D84-StateMachineUpdater: Took a snapshot at index 0
2023-03-25 06:06:46,250 [e611d9bf-2564-4d9e-ba20-e3ff9cd9361f@group-7F05CB352D84-StateMachineUpdater] INFO  impl.StateMachineUpdater (StateMachineUpdater.java:lambda$new$0(92)) - e611d9bf-2564-4d9e-ba20-e3ff9cd9361f@group-7F05CB352D84-StateMachineUpdater: snapshotIndex: updateIncreasingly -1 -> 0
2023-03-25 06:06:46,250 [e611d9bf-2564-4d9e-ba20-e3ff9cd9361f-impl-thread1] INFO  server.RaftServer$Division (ServerState.java:close(466)) - e611d9bf-2564-4d9e-ba20-e3ff9cd9361f@group-7F05CB352D84: closes. applyIndex: 0
2023-03-25 06:06:46,251 [e611d9bf-2564-4d9e-ba20-e3ff9cd9361f@group-D01A20EBA513-StateMachineUpdater] INFO  ratis.ContainerStateMachine (ContainerStateMachine.java:takeSnapshot(330)) - group-D01A20EBA513: Taking a snapshot at:(t:1, i:0) file /home/runner/work/ozone/ozone/hadoop-ozone/integration-test/target/test-dir/MiniOzoneClusterImpl-a610bbfc-ad57-4888-ac65-e976b37cd1f3/datanode-2/data/ratis/c6c67895-233c-4c58-8bdf-d01a20eba513/sm/snapshot.1_0
2023-03-25 06:06:46,251 [e611d9bf-2564-4d9e-ba20-e3ff9cd9361f-impl-thread2] INFO  impl.StateMachineUpdater (StateMachineUpdater.java:stopAndJoin(153)) - e611d9bf-2564-4d9e-ba20-e3ff9cd9361f@group-D01A20EBA513-StateMachineUpdater: set stopIndex = 0
2023-03-25 06:06:46,252 [e611d9bf-2564-4d9e-ba20-e3ff9cd9361f@group-7F05CB352D84-SegmentedRaftLogWorker] INFO  segmented.SegmentedRaftLogWorker (SegmentedRaftLogWorker.java:run(347)) - e611d9bf-2564-4d9e-ba20-e3ff9cd9361f@group-7F05CB352D84-SegmentedRaftLogWorker was interrupted, exiting. There are 0 tasks remaining in the queue.
2023-03-25 06:06:46,252 [e611d9bf-2564-4d9e-ba20-e3ff9cd9361f-impl-thread3] INFO  server.RaftServer$Division (RaftServerImpl.java:lambda$close$4(458)) - e611d9bf-2564-4d9e-ba20-e3ff9cd9361f@group-7DEEB221616F: shutdown
2023-03-25 06:06:46,252 [e611d9bf-2564-4d9e-ba20-e3ff9cd9361f@group-D01A20EBA513-StateMachineUpdater] INFO  ratis.ContainerStateMachine (ContainerStateMachine.java:takeSnapshot(341)) - group-D01A20EBA513: Finished taking a snapshot at:(t:1, i:0) file:/home/runner/work/ozone/ozone/hadoop-ozone/integration-test/target/test-dir/MiniOzoneClusterImpl-a610bbfc-ad57-4888-ac65-e976b37cd1f3/datanode-2/data/ratis/c6c67895-233c-4c58-8bdf-d01a20eba513/sm/snapshot.1_0 took: 1 ms
2023-03-25 06:06:46,253 [e611d9bf-2564-4d9e-ba20-e3ff9cd9361f-impl-thread3] INFO  util.JmxRegister (JmxRegister.java:unregister(73)) - Successfully un-registered JMX Bean with object name Ratis:service=RaftServer,group=group-7DEEB221616F,id=e611d9bf-2564-4d9e-ba20-e3ff9cd9361f
2023-03-25 06:06:46,252 [e611d9bf-2564-4d9e-ba20-e3ff9cd9361f-impl-thread1] INFO  segmented.SegmentedRaftLogWorker (SegmentedRaftLogWorker.java:close(257)) - e611d9bf-2564-4d9e-ba20-e3ff9cd9361f@group-7F05CB352D84-SegmentedRaftLogWorker close()
2023-03-25 06:06:46,253 [e611d9bf-2564-4d9e-ba20-e3ff9cd9361f@group-D01A20EBA513-StateMachineUpdater] INFO  impl.StateMachineUpdater (StateMachineUpdater.java:takeSnapshot(287)) - e611d9bf-2564-4d9e-ba20-e3ff9cd9361f@group-D01A20EBA513-StateMachineUpdater: Took a snapshot at index 0
2023-03-25 06:06:46,253 [e611d9bf-2564-4d9e-ba20-e3ff9cd9361f-impl-thread3] INFO  impl.RoleInfo (RoleInfo.java:shutdownFollowerState(110)) - e611d9bf-2564-4d9e-ba20-e3ff9cd9361f: shutdown e611d9bf-2564-4d9e-ba20-e3ff9cd9361f@group-7DEEB221616F-FollowerState
2023-03-25 06:06:46,253 [ForkJoinPool.commonPool-worker-1] INFO  server.GrpcService (GrpcService.java:closeImpl(271)) - e611d9bf-2564-4d9e-ba20-e3ff9cd9361f: shutdown server GrpcServerProtocolService now
2023-03-25 06:06:46,253 [e611d9bf-2564-4d9e-ba20-e3ff9cd9361f@group-7DEEB221616F-FollowerState] INFO  impl.FollowerState (FollowerState.java:run(152)) - e611d9bf-2564-4d9e-ba20-e3ff9cd9361f@group-7DEEB221616F-FollowerState was interrupted
2023-03-25 06:06:46,253 [e611d9bf-2564-4d9e-ba20-e3ff9cd9361f-impl-thread3] INFO  impl.StateMachineUpdater (StateMachineUpdater.java:stopAndJoin(153)) - e611d9bf-2564-4d9e-ba20-e3ff9cd9361f@group-7DEEB221616F-StateMachineUpdater: set stopIndex = 0
2023-03-25 06:06:46,254 [e611d9bf-2564-4d9e-ba20-e3ff9cd9361f@group-7DEEB221616F-StateMachineUpdater] INFO  ratis.ContainerStateMachine (ContainerStateMachine.java:takeSnapshot(330)) - group-7DEEB221616F: Taking a snapshot at:(t:1, i:0) file /home/runner/work/ozone/ozone/hadoop-ozone/integration-test/target/test-dir/MiniOzoneClusterImpl-a610bbfc-ad57-4888-ac65-e976b37cd1f3/datanode-2/data/ratis/e15fedd1-d5cd-4fa7-a2c9-7deeb221616f/sm/snapshot.1_0
2023-03-25 06:06:46,253 [e611d9bf-2564-4d9e-ba20-e3ff9cd9361f@group-D01A20EBA513-StateMachineUpdater] INFO  impl.StateMachineUpdater (StateMachineUpdater.java:lambda$new$0(92)) - e611d9bf-2564-4d9e-ba20-e3ff9cd9361f@group-D01A20EBA513-StateMachineUpdater: snapshotIndex: updateIncreasingly -1 -> 0
2023-03-25 06:06:46,256 [e611d9bf-2564-4d9e-ba20-e3ff9cd9361f-impl-thread2] INFO  server.RaftServer$Division (ServerState.java:close(466)) - e611d9bf-2564-4d9e-ba20-e3ff9cd9361f@group-D01A20EBA513: closes. applyIndex: 0
2023-03-25 06:06:46,256 [ForkJoinPool.commonPool-worker-1] INFO  server.GrpcService (GrpcService.java:closeImpl(280)) - e611d9bf-2564-4d9e-ba20-e3ff9cd9361f: shutdown server GrpcServerProtocolService successfully
2023-03-25 06:06:46,257 [e611d9bf-2564-4d9e-ba20-e3ff9cd9361f@group-D01A20EBA513-SegmentedRaftLogWorker] INFO  segmented.SegmentedRaftLogWorker (SegmentedRaftLogWorker.java:run(347)) - e611d9bf-2564-4d9e-ba20-e3ff9cd9361f@group-D01A20EBA513-SegmentedRaftLogWorker was interrupted, exiting. There are 0 tasks remaining in the queue.
2023-03-25 06:06:46,255 [e611d9bf-2564-4d9e-ba20-e3ff9cd9361f@group-7DEEB221616F-StateMachineUpdater] INFO  ratis.ContainerStateMachine (ContainerStateMachine.java:takeSnapshot(341)) - group-7DEEB221616F: Finished taking a snapshot at:(t:1, i:0) file:/home/runner/work/ozone/ozone/hadoop-ozone/integration-test/target/test-dir/MiniOzoneClusterImpl-a610bbfc-ad57-4888-ac65-e976b37cd1f3/datanode-2/data/ratis/e15fedd1-d5cd-4fa7-a2c9-7deeb221616f/sm/snapshot.1_0 took: 1 ms
2023-03-25 06:06:46,257 [e611d9bf-2564-4d9e-ba20-e3ff9cd9361f-NettyServerStreamRpc-bossGroup--thread1] INFO  logging.LoggingHandler (AbstractInternalLogger.java:log(148)) - [id: 0x8d4bbcb6, L:/0:0:0:0:0:0:0:0:43565] CLOSE
2023-03-25 06:06:46,257 [e611d9bf-2564-4d9e-ba20-e3ff9cd9361f@group-7DEEB221616F-StateMachineUpdater] INFO  impl.StateMachineUpdater (StateMachineUpdater.java:takeSnapshot(287)) - e611d9bf-2564-4d9e-ba20-e3ff9cd9361f@group-7DEEB221616F-StateMachineUpdater: Took a snapshot at index 0
2023-03-25 06:06:46,257 [e611d9bf-2564-4d9e-ba20-e3ff9cd9361f@group-7DEEB221616F-StateMachineUpdater] INFO  impl.StateMachineUpdater (StateMachineUpdater.java:lambda$new$0(92)) - e611d9bf-2564-4d9e-ba20-e3ff9cd9361f@group-7DEEB221616F-StateMachineUpdater: snapshotIndex: updateIncreasingly -1 -> 0
2023-03-25 06:06:46,257 [e611d9bf-2564-4d9e-ba20-e3ff9cd9361f-NettyServerStreamRpc-bossGroup--thread1] INFO  logging.LoggingHandler (AbstractInternalLogger.java:log(148)) - [id: 0x8d4bbcb6, L:/0:0:0:0:0:0:0:0:43565] INACTIVE
2023-03-25 06:06:46,257 [e611d9bf-2564-4d9e-ba20-e3ff9cd9361f-NettyServerStreamRpc-bossGroup--thread1] INFO  logging.LoggingHandler (AbstractInternalLogger.java:log(148)) - [id: 0x8d4bbcb6, L:/0:0:0:0:0:0:0:0:43565] UNREGISTERED
2023-03-25 06:06:46,257 [e611d9bf-2564-4d9e-ba20-e3ff9cd9361f-impl-thread3] INFO  server.RaftServer$Division (ServerState.java:close(466)) - e611d9bf-2564-4d9e-ba20-e3ff9cd9361f@group-7DEEB221616F: closes. applyIndex: 0
2023-03-25 06:06:46,258 [e611d9bf-2564-4d9e-ba20-e3ff9cd9361f@group-7DEEB221616F-SegmentedRaftLogWorker] INFO  segmented.SegmentedRaftLogWorker (SegmentedRaftLogWorker.java:run(347)) - e611d9bf-2564-4d9e-ba20-e3ff9cd9361f@group-7DEEB221616F-SegmentedRaftLogWorker was interrupted, exiting. There are 0 tasks remaining in the queue.
2023-03-25 06:06:46,259 [e611d9bf-2564-4d9e-ba20-e3ff9cd9361f-impl-thread2] INFO  segmented.SegmentedRaftLogWorker (SegmentedRaftLogWorker.java:close(257)) - e611d9bf-2564-4d9e-ba20-e3ff9cd9361f@group-D01A20EBA513-SegmentedRaftLogWorker close()
2023-03-25 06:06:46,259 [e611d9bf-2564-4d9e-ba20-e3ff9cd9361f-impl-thread3] INFO  segmented.SegmentedRaftLogWorker (SegmentedRaftLogWorker.java:close(257)) - e611d9bf-2564-4d9e-ba20-e3ff9cd9361f@group-7DEEB221616F-SegmentedRaftLogWorker close()
2023-03-25 06:06:46,264 [JvmPauseMonitor3] INFO  util.JvmPauseMonitor (JvmPauseMonitor.java:run(111)) - JvmPauseMonitor-e611d9bf-2564-4d9e-ba20-e3ff9cd9361f: Stopped
2023-03-25 06:06:48,274 [ForkJoinPool.commonPool-worker-1] INFO  volume.HddsVolume (HddsVolume.java:closeDbStore(437)) - SchemaV3 db is stopped at /home/runner/work/ozone/ozone/hadoop-ozone/integration-test/target/test-dir/MiniOzoneClusterImpl-a610bbfc-ad57-4888-ac65-e976b37cd1f3/datanode-2/data-0/containers/hdds/a610bbfc-ad57-4888-ac65-e976b37cd1f3/DS-31ac7491-4788-4994-81f9-9d9737f61127/container.db for volume DS-31ac7491-4788-4994-81f9-9d9737f61127
2023-03-25 06:06:48,275 [ForkJoinPool.commonPool-worker-1] INFO  utils.BackgroundService (BackgroundService.java:shutdown(141)) - Shutting down service BlockDeletingService
2023-03-25 06:06:48,276 [ForkJoinPool.commonPool-worker-1] INFO  utils.BackgroundService (BackgroundService.java:shutdown(141)) - Shutting down service StaleRecoveringContainerScrubbingService
2023-03-25 06:06:48,277 [ForkJoinPool.commonPool-worker-1] INFO  statemachine.DatanodeStateMachine (DatanodeStateMachine.java:stopDaemon(601)) - Ozone container server stopped.
2023-03-25 06:06:48,291 [ForkJoinPool.commonPool-worker-1] INFO  handler.ContextHandler (ContextHandler.java:doStop(1159)) - Stopped o.e.j.w.WebAppContext@b4530ca{hddsDatanode,/,null,STOPPED}{jar:file:/home/runner/.m2/repository/org/apache/ozone/hdds-container-service/1.4.0-SNAPSHOT/hdds-container-service-1.4.0-SNAPSHOT.jar!/webapps/hddsDatanode}
2023-03-25 06:06:48,293 [ForkJoinPool.commonPool-worker-1] INFO  server.AbstractConnector (AbstractConnector.java:doStop(383)) - Stopped ServerConnector@303d3936{HTTP/1.1, (http/1.1)}{0.0.0.0:0}
2023-03-25 06:06:48,293 [ForkJoinPool.commonPool-worker-1] INFO  server.session (HouseKeeper.java:stopScavenging(149)) - node0 Stopped scavenging
2023-03-25 06:06:48,295 [ForkJoinPool.commonPool-worker-1] INFO  handler.ContextHandler (ContextHandler.java:doStop(1159)) - Stopped o.e.j.s.ServletContextHandler@68628047{static,/static,jar:file:/home/runner/.m2/repository/org/apache/ozone/hdds-container-service/1.4.0-SNAPSHOT/hdds-container-service-1.4.0-SNAPSHOT.jar!/webapps/static,STOPPED}
2023-03-25 06:06:48,296 [ForkJoinPool.commonPool-worker-1] INFO  handler.ContextHandler (ContextHandler.java:doStop(1159)) - Stopped o.e.j.s.ServletContextHandler@7d06a187{logs,/logs,file:///home/runner/work/ozone/ozone/hadoop-ozone/integration-test/target/log,STOPPED}
2023-03-25 06:06:48,300 [Listener at 127.0.0.1/39073] INFO  ozone.MiniOzoneClusterImpl (MiniOzoneClusterImpl.java:stopSCM(545)) - Stopping the StorageContainerManager
2023-03-25 06:06:48,300 [Listener at 127.0.0.1/39073] INFO  server.StorageContainerManager (StorageContainerManager.java:stop(1544)) - Container Balancer is not running.
2023-03-25 06:06:48,300 [Listener at 127.0.0.1/39073] INFO  server.StorageContainerManager (StorageContainerManager.java:stop(1551)) - Stopping Replication Manager Service.
2023-03-25 06:06:48,301 [Listener at 127.0.0.1/39073] INFO  replication.ReplicationManager (ReplicationManager.java:stop(310)) - Stopping Replication Monitor Thread.
2023-03-25 06:06:48,301 [Under Replicated Processor] WARN  replication.UnhealthyReplicationProcessor (UnhealthyReplicationProcessor.java:run(146)) - Under Replicated Processor interrupted. Exiting...
2023-03-25 06:06:48,301 [Listener at 127.0.0.1/39073] INFO  server.StorageContainerManager (StorageContainerManager.java:stop(1558)) - Stopping the Datanode Admin Monitor.
2023-03-25 06:06:48,301 [ReplicationMonitor] INFO  replication.ReplicationManager (ReplicationManager.java:run(880)) - Replication Monitor Thread is stopped
2023-03-25 06:06:48,301 [Listener at 127.0.0.1/39073] INFO  server.StorageContainerManager (StorageContainerManager.java:stop(1565)) - Stopping datanode service RPC server
2023-03-25 06:06:48,301 [Listener at 127.0.0.1/39073] INFO  server.SCMDatanodeProtocolServer (SCMDatanodeProtocolServer.java:stop(424)) - Stopping the RPC server for DataNodes
2023-03-25 06:06:48,301 [Over Replicated Processor] WARN  replication.UnhealthyReplicationProcessor (UnhealthyReplicationProcessor.java:run(146)) - Over Replicated Processor interrupted. Exiting...
2023-03-25 06:06:48,301 [Listener at 127.0.0.1/39073] INFO  ipc.Server (Server.java:stop(3428)) - Stopping server on 33123
2023-03-25 06:06:48,303 [IPC Server Responder] INFO  ipc.Server (Server.java:run(1517)) - Stopping IPC Server Responder
2023-03-25 06:06:48,303 [IPC Server listener on 0] INFO  ipc.Server (Server.java:run(1384)) - Stopping IPC Server listener on 0
2023-03-25 06:06:48,398 [SCM Heartbeat Processing Thread - 0] WARN  node.NodeStateManager (NodeStateManager.java:scheduleNextHealthCheck(870)) - Current Thread is interrupted, shutting down HB processing thread for Node Manager.
2023-03-25 06:06:48,398 [Listener at 127.0.0.1/39073] INFO  server.StorageContainerManager (StorageContainerManager.java:stop(1573)) - Stopping block service RPC server
2023-03-25 06:06:48,399 [Listener at 127.0.0.1/39073] INFO  server.SCMBlockProtocolServer (SCMBlockProtocolServer.java:stop(161)) - Stopping the RPC server for Block Protocol
2023-03-25 06:06:48,399 [Listener at 127.0.0.1/39073] INFO  ipc.Server (Server.java:stop(3428)) - Stopping server on 39183
2023-03-25 06:06:48,400 [IPC Server listener on 0] INFO  ipc.Server (Server.java:run(1384)) - Stopping IPC Server listener on 0
2023-03-25 06:06:48,402 [IPC Server Responder] INFO  ipc.Server (Server.java:run(1517)) - Stopping IPC Server Responder
2023-03-25 06:06:48,402 [Listener at 127.0.0.1/39073] INFO  server.StorageContainerManager (StorageContainerManager.java:stop(1580)) - Stopping the StorageContainerLocationProtocol RPC server
2023-03-25 06:06:48,402 [Listener at 127.0.0.1/39073] INFO  server.SCMClientProtocolServer (SCMClientProtocolServer.java:stop(206)) - Stopping the RPC server for Client Protocol
2023-03-25 06:06:48,402 [Listener at 127.0.0.1/39073] INFO  ipc.Server (Server.java:stop(3428)) - Stopping server on 45177
2023-03-25 06:06:48,403 [IPC Server listener on 0] INFO  ipc.Server (Server.java:run(1384)) - Stopping IPC Server listener on 0
2023-03-25 06:06:48,404 [IPC Server Responder] INFO  ipc.Server (Server.java:run(1517)) - Stopping IPC Server Responder
2023-03-25 06:06:48,404 [Listener at 127.0.0.1/39073] INFO  server.StorageContainerManager (StorageContainerManager.java:stop(1587)) - Stopping Storage Container Manager HTTP server.
2023-03-25 06:06:48,407 [Listener at 127.0.0.1/39073] INFO  handler.ContextHandler (ContextHandler.java:doStop(1159)) - Stopped o.e.j.w.WebAppContext@134ec0f3{scm,/,null,STOPPED}{file:/home/runner/work/ozone/ozone/hadoop-ozone/integration-test/target/test-classes/webapps/scm}
2023-03-25 06:06:48,408 [Listener at 127.0.0.1/39073] INFO  server.AbstractConnector (AbstractConnector.java:doStop(383)) - Stopped ServerConnector@22e253c7{HTTP/1.1, (http/1.1)}{0.0.0.0:0}
2023-03-25 06:06:48,409 [Listener at 127.0.0.1/39073] INFO  server.session (HouseKeeper.java:stopScavenging(149)) - node0 Stopped scavenging
2023-03-25 06:06:48,410 [Listener at 127.0.0.1/39073] INFO  handler.ContextHandler (ContextHandler.java:doStop(1159)) - Stopped o.e.j.s.ServletContextHandler@2be208db{static,/static,file:///home/runner/work/ozone/ozone/hadoop-ozone/integration-test/target/test-classes/webapps/static,STOPPED}
2023-03-25 06:06:48,410 [Listener at 127.0.0.1/39073] INFO  handler.ContextHandler (ContextHandler.java:doStop(1159)) - Stopped o.e.j.s.ServletContextHandler@65871cfd{logs,/logs,file:///home/runner/work/ozone/ozone/hadoop-ozone/integration-test/target/log,STOPPED}
2023-03-25 06:06:48,412 [Listener at 127.0.0.1/39073] INFO  server.StorageContainerManager (StorageContainerManager.java:stop(1595)) - Stopping SCM LayoutVersionManager Service.
2023-03-25 06:06:48,413 [Listener at 127.0.0.1/39073] INFO  server.StorageContainerManager (StorageContainerManager.java:stop(1603)) - Stopping Block Manager Service.
2023-03-25 06:06:48,413 [Listener at 127.0.0.1/39073] INFO  utils.BackgroundService (BackgroundService.java:shutdown(141)) - Shutting down service SCMBlockDeletingService
2023-03-25 06:06:48,413 [Listener at 127.0.0.1/39073] INFO  utils.BackgroundService (BackgroundService.java:shutdown(141)) - Shutting down service SCMBlockDeletingService
2023-03-25 06:06:48,414 [Listener at 127.0.0.1/39073] INFO  server.StorageContainerManager (StorageContainerManager.java:stop(1625)) - Stopping SCM Event Queue.
2023-03-25 06:06:48,418 [Listener at 127.0.0.1/39073] INFO  server.StorageContainerManager (StorageContainerManager.java:stop(1636)) - Stopping SCM HA services.
2023-03-25 06:06:48,418 [Listener at 127.0.0.1/39073] INFO  pipeline.BackgroundPipelineCreator (BackgroundPipelineCreator.java:stop(149)) - Stopping RatisPipelineUtilsThread.
2023-03-25 06:06:48,418 [RatisPipelineUtilsThread - 0] WARN  pipeline.BackgroundPipelineCreator (BackgroundPipelineCreator.java:run(180)) - RatisPipelineUtilsThread is interrupted.
2023-03-25 06:06:48,418 [BackgroundPipelineScrubberThread] WARN  BackgroundPipelineScrubber (BackgroundSCMService.java:run(115)) - BackgroundPipelineScrubber is interrupted, exit
2023-03-25 06:06:48,418 [Listener at 127.0.0.1/39073] INFO  BackgroundPipelineScrubber (BackgroundSCMService.java:stop(131)) - Stopping BackgroundPipelineScrubber Service.
2023-03-25 06:06:48,419 [Listener at 127.0.0.1/39073] INFO  impl.MetricsSystemImpl (MetricsSystemImpl.java:stop(210)) - Stopping HddsDatanode metrics system...
2023-03-25 06:06:48,422 [prometheus] INFO  impl.MetricsSinkAdapter (MetricsSinkAdapter.java:publishMetricsFromQueue(141)) - prometheus thread interrupted.
2023-03-25 06:06:48,422 [Listener at 127.0.0.1/39073] INFO  impl.MetricsSystemImpl (MetricsSystemImpl.java:stop(216)) - HddsDatanode metrics system stopped.
2023-03-25 06:06:48,423 [Listener at 127.0.0.1/39073] WARN  pipeline.BackgroundPipelineCreator (BackgroundPipelineCreator.java:stop(145)) - RatisPipelineUtilsThread is not running, just ignore.
2023-03-25 06:06:48,423 [Listener at 127.0.0.1/39073] INFO  BackgroundPipelineScrubber (BackgroundSCMService.java:stop(126)) - BackgroundPipelineScrubber Service is not running, skip stop.
2023-03-25 06:06:48,423 [Listener at 127.0.0.1/39073] INFO  ExpiredContainerReplicaOpScrubber (BackgroundSCMService.java:stop(131)) - Stopping ExpiredContainerReplicaOpScrubber Service.
2023-03-25 06:06:48,423 [ExpiredContainerReplicaOpScrubberThread] WARN  ExpiredContainerReplicaOpScrubber (BackgroundSCMService.java:run(115)) - ExpiredContainerReplicaOpScrubber is interrupted, exit
2023-03-25 06:06:48,423 [Listener at 127.0.0.1/39073] INFO  utils.BackgroundService (BackgroundService.java:shutdown(141)) - Shutting down service SCMBlockDeletingService
2023-03-25 06:06:48,424 [Listener at 127.0.0.1/39073] INFO  replication.ReplicationManager (ReplicationManager.java:stop(320)) - Replication Monitor Thread is not running.
2023-03-25 06:06:48,424 [Listener at 127.0.0.1/39073] WARN  balancer.ContainerBalancer (ContainerBalancer.java:stop(322)) - Cannot stop Container Balancer because it's not running or stopping
2023-03-25 06:06:48,424 [Listener at 127.0.0.1/39073] INFO  server.StorageContainerManager (StorageContainerManager.java:stop(1654)) - Stopping SCM MetadataStore.
]]></system-out>
  </testcase>
</testsuite>