<?xml version="1.0" encoding="UTF-8"?>
<testsuite xmlns:xsi="http://www.w3.org/2001/XMLSchema-instance" xsi:noNamespaceSchemaLocation="https://maven.apache.org/surefire/maven-surefire-plugin/xsd/surefire-test-report.xsd" name="org.apache.hadoop.ozone.TestMiniOzoneCluster" time="222.935" tests="5" errors="1" skipped="0" failures="0">
  <properties>
    <property name="awt.toolkit" value="sun.awt.X11.XToolkit"/>
    <property name="file.encoding.pkg" value="sun.io"/>
    <property name="java.specification.version" value="1.8"/>
    <property name="sun.cpu.isalist" value=""/>
    <property name="sun.jnu.encoding" value="UTF-8"/>
    <property name="java.class.path" value="/home/runner/work/ozone/ozone/hadoop-ozone/integration-test/target/test-classes:/home/runner/work/ozone/ozone/hadoop-ozone/integration-test/target/classes:/home/runner/.m2/repository/org/apache/ozone/ozone-common/1.3.0-SNAPSHOT/ozone-common-1.3.0-SNAPSHOT.jar:/home/runner/.m2/repository/org/apache/commons/commons-compress/1.21/commons-compress-1.21.jar:/home/runner/.m2/repository/org/apache/ozone/hdds-common/1.3.0-SNAPSHOT/hdds-common-1.3.0-SNAPSHOT.jar:/home/runner/.m2/repository/org/apache/ozone/hdds-client/1.3.0-SNAPSHOT/hdds-client-1.3.0-SNAPSHOT.jar:/home/runner/.m2/repository/org/apache/ozone/ozone-interface-client/1.3.0-SNAPSHOT/ozone-interface-client-1.3.0-SNAPSHOT.jar:/home/runner/.m2/repository/org/apache/ozone/hdds-test-utils/1.3.0-SNAPSHOT/hdds-test-utils-1.3.0-SNAPSHOT.jar:/home/runner/.m2/repository/com/google/guava/guava/30.1.1-jre/guava-30.1.1-jre.jar:/home/runner/.m2/repository/com/google/guava/failureaccess/1.0.1/failureaccess-1.0.1.jar:/home/runner/.m2/repository/com/google/guava/listenablefuture/9999.0-empty-to-avoid-conflict-with-guava/listenablefuture-9999.0-empty-to-avoid-conflict-with-guava.jar:/home/runner/.m2/repository/com/google/code/findbugs/jsr305/3.0.0/jsr305-3.0.0.jar:/home/runner/.m2/repository/org/checkerframework/checker-qual/3.8.0/checker-qual-3.8.0.jar:/home/runner/.m2/repository/com/google/errorprone/error_prone_annotations/2.2.0/error_prone_annotations-2.2.0.jar:/home/runner/.m2/repository/com/google/j2objc/j2objc-annotations/1.3/j2objc-annotations-1.3.jar:/home/runner/.m2/repository/commons-io/commons-io/2.11.0/commons-io-2.11.0.jar:/home/runner/.m2/repository/commons-logging/commons-logging/1.2/commons-logging-1.2.jar:/home/runner/.m2/repository/log4j/log4j/1.2.17/log4j-1.2.17.jar:/home/runner/.m2/repository/org/slf4j/slf4j-api/1.7.30/slf4j-api-1.7.30.jar:/home/runner/.m2/repository/org/apache/ozone/hdds-server-scm/1.3.0-SNAPSHOT/hdds-server-scm-1.3.0-SNAPSHOT.jar:/home/runner/.m2/repository/org/apache/ozone/hdds-container-service/1.3.0-SNAPSHOT/hdds-container-service-1.3.0-SNAPSHOT.jar:/home/runner/.m2/repository/org/apache/ozone/hdds-hadoop-dependency-server/1.3.0-SNAPSHOT/hdds-hadoop-dependency-server-1.3.0-SNAPSHOT.jar:/home/runner/.m2/repository/org/apache/hadoop/hadoop-hdfs/3.3.1/hadoop-hdfs-3.3.1.jar:/home/runner/.m2/repository/org/apache/ozone/hdds-server-framework/1.3.0-SNAPSHOT/hdds-server-framework-1.3.0-SNAPSHOT.jar:/home/runner/.m2/repository/org/apache/ozone/hdds-interface-server/1.3.0-SNAPSHOT/hdds-interface-server-1.3.0-SNAPSHOT.jar:/home/runner/.m2/repository/org/eclipse/jetty/jetty-servlet/9.4.43.v20210629/jetty-servlet-9.4.43.v20210629.jar:/home/runner/.m2/repository/org/eclipse/jetty/jetty-security/9.4.43.v20210629/jetty-security-9.4.43.v20210629.jar:/home/runner/.m2/repository/org/rocksdb/rocksdbjni/6.25.3/rocksdbjni-6.25.3.jar:/home/runner/.m2/repository/io/prometheus/simpleclient_dropwizard/0.7.0/simpleclient_dropwizard-0.7.0.jar:/home/runner/.m2/repository/io/prometheus/simpleclient/0.7.0/simpleclient-0.7.0.jar:/home/runner/.m2/repository/io/prometheus/simpleclient_common/0.7.0/simpleclient_common-0.7.0.jar:/home/runner/.m2/repository/com/fasterxml/jackson/datatype/jackson-datatype-jsr310/2.12.1/jackson-datatype-jsr310-2.12.1.jar:/home/runner/.m2/repository/io/dropwizard/metrics/metrics-core/3.2.4/metrics-core-3.2.4.jar:/home/runner/.m2/repository/org/apache/hadoop/hadoop-hdfs-client/3.3.1/hadoop-hdfs-client-3.3.1.jar:/home/runner/.m2/repository/org/bouncycastle/bcprov-jdk15on/1.67/bcprov-jdk15on-1.67.jar:/home/runner/.m2/repository/com/google/protobuf/protobuf-java/2.5.0/protobuf-java-2.5.0.jar:/home/runner/.m2/repository/org/apache/ozone/ozone-manager/1.3.0-SNAPSHOT/ozone-manager-1.3.0-SNAPSHOT.jar:/home/runner/.m2/repository/org/aspectj/aspectjrt/1.9.7/aspectjrt-1.9.7.jar:/home/runner/.m2/repository/org/aspectj/aspectjweaver/1.9.7/aspectjweaver-1.9.7.jar:/home/runner/.m2/repository/org/apache/ozone/hdds-interface-client/1.3.0-SNAPSHOT/hdds-interface-client-1.3.0-SNAPSHOT.jar:/home/runner/.m2/repository/org/apache/hadoop/thirdparty/hadoop-shaded-protobuf_3_7/1.1.1/hadoop-shaded-protobuf_3_7-1.1.1.jar:/home/runner/.m2/repository/org/apache/ozone/ozone-interface-storage/1.3.0-SNAPSHOT/ozone-interface-storage-1.3.0-SNAPSHOT.jar:/home/runner/.m2/repository/org/reflections/reflections/0.9.11/reflections-0.9.11.jar:/home/runner/.m2/repository/org/apache/hadoop/hadoop-minikdc/3.3.1/hadoop-minikdc-3.3.1.jar:/home/runner/.m2/repository/org/apache/kerby/kerb-simplekdc/1.0.1/kerb-simplekdc-1.0.1.jar:/home/runner/.m2/repository/org/apache/kerby/kerb-client/1.0.1/kerb-client-1.0.1.jar:/home/runner/.m2/repository/org/apache/kerby/kerby-config/1.0.1/kerby-config-1.0.1.jar:/home/runner/.m2/repository/org/apache/kerby/kerb-common/1.0.1/kerb-common-1.0.1.jar:/home/runner/.m2/repository/org/apache/kerby/kerb-crypto/1.0.1/kerb-crypto-1.0.1.jar:/home/runner/.m2/repository/org/apache/kerby/kerb-util/1.0.1/kerb-util-1.0.1.jar:/home/runner/.m2/repository/org/apache/kerby/token-provider/1.0.1/token-provider-1.0.1.jar:/home/runner/.m2/repository/org/apache/kerby/kerb-admin/1.0.1/kerb-admin-1.0.1.jar:/home/runner/.m2/repository/org/apache/kerby/kerb-server/1.0.1/kerb-server-1.0.1.jar:/home/runner/.m2/repository/org/apache/kerby/kerb-identity/1.0.1/kerb-identity-1.0.1.jar:/home/runner/.m2/repository/org/apache/kerby/kerby-xdr/1.0.1/kerby-xdr-1.0.1.jar:/home/runner/.m2/repository/org/slf4j/slf4j-log4j12/1.7.30/slf4j-log4j12-1.7.30.jar:/home/runner/.m2/repository/org/apache/ozone/ozone-s3gateway/1.3.0-SNAPSHOT/ozone-s3gateway-1.3.0-SNAPSHOT.jar:/home/runner/.m2/repository/org/javassist/javassist/3.21.0-GA/javassist-3.21.0-GA.jar:/home/runner/.m2/repository/org/jboss/weld/servlet/weld-servlet/2.4.7.Final/weld-servlet-2.4.7.Final.jar:/home/runner/.m2/repository/org/glassfish/jersey/containers/jersey-container-servlet-core/2.33/jersey-container-servlet-core-2.33.jar:/home/runner/.m2/repository/org/glassfish/hk2/external/jakarta.inject/2.6.1/jakarta.inject-2.6.1.jar:/home/runner/.m2/repository/org/glassfish/jersey/core/jersey-common/2.33/jersey-common-2.33.jar:/home/runner/.m2/repository/jakarta/ws/rs/jakarta.ws.rs-api/2.1.6/jakarta.ws.rs-api-2.1.6.jar:/home/runner/.m2/repository/org/glassfish/jersey/ext/cdi/jersey-cdi1x/2.33/jersey-cdi1x-2.33.jar:/home/runner/.m2/repository/org/glassfish/jersey/inject/jersey-hk2/2.33/jersey-hk2-2.33.jar:/home/runner/.m2/repository/org/glassfish/hk2/hk2-locator/2.6.1/hk2-locator-2.6.1.jar:/home/runner/.m2/repository/org/glassfish/jersey/media/jersey-media-jaxb/2.33/jersey-media-jaxb-2.33.jar:/home/runner/.m2/repository/org/glassfish/hk2/osgi-resource-locator/1.0.3/osgi-resource-locator-1.0.3.jar:/home/runner/.m2/repository/org/glassfish/hk2/hk2-api/2.5.0/hk2-api-2.5.0.jar:/home/runner/.m2/repository/org/glassfish/hk2/hk2-utils/2.5.0/hk2-utils-2.5.0.jar:/home/runner/.m2/repository/org/glassfish/hk2/external/aopalliance-repackaged/2.5.0/aopalliance-repackaged-2.5.0.jar:/home/runner/.m2/repository/com/fasterxml/jackson/dataformat/jackson-dataformat-xml/2.12.1/jackson-dataformat-xml-2.12.1.jar:/home/runner/.m2/repository/com/fasterxml/jackson/core/jackson-core/2.12.1/jackson-core-2.12.1.jar:/home/runner/.m2/repository/com/fasterxml/jackson/module/jackson-module-jaxb-annotations/2.12.1/jackson-module-jaxb-annotations-2.12.1.jar:/home/runner/.m2/repository/jakarta/xml/bind/jakarta.xml.bind-api/2.3.2/jakarta.xml.bind-api-2.3.2.jar:/home/runner/.m2/repository/org/codehaus/woodstox/stax2-api/3.1.4/stax2-api-3.1.4.jar:/home/runner/.m2/repository/com/fasterxml/woodstox/woodstox-core/5.0.3/woodstox-core-5.0.3.jar:/home/runner/.m2/repository/javax/enterprise/cdi-api/1.2/cdi-api-1.2.jar:/home/runner/.m2/repository/javax/el/javax.el-api/3.0.0/javax.el-api-3.0.0.jar:/home/runner/.m2/repository/javax/interceptor/javax.interceptor-api/1.2/javax.interceptor-api-1.2.jar:/home/runner/.m2/repository/javax/inject/javax.inject/1/javax.inject-1.jar:/home/runner/.m2/repository/javax/xml/bind/jaxb-api/2.3.0/jaxb-api-2.3.0.jar:/home/runner/.m2/repository/org/glassfish/jaxb/jaxb-runtime/2.3.0.1/jaxb-runtime-2.3.0.1.jar:/home/runner/.m2/repository/org/glassfish/jaxb/jaxb-core/2.3.0.1/jaxb-core-2.3.0.1.jar:/home/runner/.m2/repository/org/glassfish/jaxb/txw2/2.3.0.1/txw2-2.3.0.1.jar:/home/runner/.m2/repository/com/sun/istack/istack-commons-runtime/3.0.5/istack-commons-runtime-3.0.5.jar:/home/runner/.m2/repository/org/jvnet/staxex/stax-ex/1.7.8/stax-ex-1.7.8.jar:/home/runner/.m2/repository/com/sun/xml/fastinfoset/FastInfoset/1.2.13/FastInfoset-1.2.13.jar:/home/runner/.m2/repository/javax/activation/activation/1.1.1/activation-1.1.1.jar:/home/runner/.m2/repository/org/apache/ozone/ozone-csi/1.3.0-SNAPSHOT/ozone-csi-1.3.0-SNAPSHOT.jar:/home/runner/.m2/repository/com/google/protobuf/protobuf-java-util/3.12.0/protobuf-java-util-3.12.0.jar:/home/runner/.m2/repository/com/google/code/gson/gson/2.2.4/gson-2.2.4.jar:/home/runner/.m2/repository/org/apache/ozone/hdds-config/1.3.0-SNAPSHOT/hdds-config-1.3.0-SNAPSHOT.jar:/home/runner/.m2/repository/io/grpc/grpc-netty/1.33.0/grpc-netty-1.33.0.jar:/home/runner/.m2/repository/io/grpc/grpc-core/1.33.0/grpc-core-1.33.0.jar:/home/runner/.m2/repository/com/google/android/annotations/4.1.1.4/annotations-4.1.1.4.jar:/home/runner/.m2/repository/io/netty/netty-codec-http2/4.1.63.Final/netty-codec-http2-4.1.63.Final.jar:/home/runner/.m2/repository/io/netty/netty-codec-http/4.1.63.Final/netty-codec-http-4.1.63.Final.jar:/home/runner/.m2/repository/io/netty/netty-handler-proxy/4.1.63.Final/netty-handler-proxy-4.1.63.Final.jar:/home/runner/.m2/repository/io/netty/netty-codec-socks/4.1.63.Final/netty-codec-socks-4.1.63.Final.jar:/home/runner/.m2/repository/io/perfmark/perfmark-api/0.19.0/perfmark-api-0.19.0.jar:/home/runner/.m2/repository/org/codehaus/mojo/animal-sniffer-annotations/1.18/animal-sniffer-annotations-1.18.jar:/home/runner/.m2/repository/io/netty/netty-transport-native-epoll/4.1.63.Final/netty-transport-native-epoll-4.1.63.Final.jar:/home/runner/.m2/repository/io/netty/netty-common/4.1.63.Final/netty-common-4.1.63.Final.jar:/home/runner/.m2/repository/io/netty/netty-buffer/4.1.63.Final/netty-buffer-4.1.63.Final.jar:/home/runner/.m2/repository/io/netty/netty-transport-native-unix-common/4.1.63.Final/netty-transport-native-unix-common-4.1.63.Final.jar:/home/runner/.m2/repository/io/grpc/grpc-protobuf/1.33.0/grpc-protobuf-1.33.0.jar:/home/runner/.m2/repository/io/grpc/grpc-api/1.33.0/grpc-api-1.33.0.jar:/home/runner/.m2/repository/io/grpc/grpc-context/1.33.0/grpc-context-1.33.0.jar:/home/runner/.m2/repository/com/google/api/grpc/proto-google-common-protos/1.17.0/proto-google-common-protos-1.17.0.jar:/home/runner/.m2/repository/io/grpc/grpc-protobuf-lite/1.33.0/grpc-protobuf-lite-1.33.0.jar:/home/runner/.m2/repository/io/grpc/grpc-stub/1.33.0/grpc-stub-1.33.0.jar:/home/runner/.m2/repository/org/apache/ozone/ozone-recon/1.3.0-SNAPSHOT/ozone-recon-1.3.0-SNAPSHOT.jar:/home/runner/.m2/repository/org/apache/ozone/ozone-reconcodegen/1.3.0-SNAPSHOT/ozone-reconcodegen-1.3.0-SNAPSHOT.jar:/home/runner/.m2/repository/com/google/inject/extensions/guice-multibindings/4.0/guice-multibindings-4.0.jar:/home/runner/.m2/repository/com/google/inject/guice/4.0/guice-4.0.jar:/home/runner/.m2/repository/aopalliance/aopalliance/1.0/aopalliance-1.0.jar:/home/runner/.m2/repository/com/google/inject/extensions/guice-assistedinject/4.0/guice-assistedinject-4.0.jar:/home/runner/.m2/repository/com/google/inject/extensions/guice-servlet/4.0/guice-servlet-4.0.jar:/home/runner/.m2/repository/org/glassfish/jersey/containers/jersey-container-servlet/2.33/jersey-container-servlet-2.33.jar:/home/runner/.m2/repository/org/glassfish/hk2/guice-bridge/2.5.0/guice-bridge-2.5.0.jar:/home/runner/.m2/repository/org/glassfish/jersey/core/jersey-server/2.33/jersey-server-2.33.jar:/home/runner/.m2/repository/org/glassfish/jersey/core/jersey-client/2.33/jersey-client-2.33.jar:/home/runner/.m2/repository/jakarta/annotation/jakarta.annotation-api/1.3.5/jakarta.annotation-api-1.3.5.jar:/home/runner/.m2/repository/jakarta/validation/jakarta.validation-api/2.0.2/jakarta.validation-api-2.0.2.jar:/home/runner/.m2/repository/org/glassfish/jersey/media/jersey-media-json-jackson/2.33/jersey-media-json-jackson-2.33.jar:/home/runner/.m2/repository/org/glassfish/jersey/ext/jersey-entity-filtering/2.33/jersey-entity-filtering-2.33.jar:/home/runner/.m2/repository/org/jooq/jooq/3.11.10/jooq-3.11.10.jar:/home/runner/.m2/repository/org/jooq/jooq-meta/3.11.10/jooq-meta-3.11.10.jar:/home/runner/.m2/repository/org/jooq/jooq-codegen/3.11.10/jooq-codegen-3.11.10.jar:/home/runner/.m2/repository/com/jolbox/bonecp/0.8.0.RELEASE/bonecp-0.8.0.RELEASE.jar:/home/runner/.m2/repository/org/apache/derby/derby/10.14.2.0/derby-10.14.2.0.jar:/home/runner/.m2/repository/org/xerial/sqlite-jdbc/3.25.2/sqlite-jdbc-3.25.2.jar:/home/runner/.m2/repository/org/springframework/spring-jdbc/5.2.18.RELEASE/spring-jdbc-5.2.18.RELEASE.jar:/home/runner/.m2/repository/org/springframework/spring-beans/5.2.18.RELEASE/spring-beans-5.2.18.RELEASE.jar:/home/runner/.m2/repository/org/springframework/spring-core/5.2.18.RELEASE/spring-core-5.2.18.RELEASE.jar:/home/runner/.m2/repository/org/springframework/spring-jcl/5.2.18.RELEASE/spring-jcl-5.2.18.RELEASE.jar:/home/runner/.m2/repository/org/springframework/spring-tx/5.2.18.RELEASE/spring-tx-5.2.18.RELEASE.jar:/home/runner/.m2/repository/org/apache/ozone/ozone-client/1.3.0-SNAPSHOT/ozone-client-1.3.0-SNAPSHOT.jar:/home/runner/.m2/repository/org/apache/ozone/ozone-filesystem/1.3.0-SNAPSHOT/ozone-filesystem-1.3.0-SNAPSHOT.jar:/home/runner/.m2/repository/org/apache/ozone/ozone-filesystem-common/1.3.0-SNAPSHOT/ozone-filesystem-common-1.3.0-SNAPSHOT.jar:/home/runner/.m2/repository/org/apache/ozone/ozone-tools/1.3.0-SNAPSHOT/ozone-tools-1.3.0-SNAPSHOT.jar:/home/runner/.m2/repository/org/apache/ratis/ratis-tools/2.2.0/ratis-tools-2.2.0.jar:/home/runner/.m2/repository/com/amazonaws/aws-java-sdk-core/1.12.124/aws-java-sdk-core-1.12.124.jar:/home/runner/.m2/repository/org/apache/httpcomponents/httpclient/4.5.13/httpclient-4.5.13.jar:/home/runner/.m2/repository/org/apache/httpcomponents/httpcore/4.4.13/httpcore-4.4.13.jar:/home/runner/.m2/repository/software/amazon/ion/ion-java/1.0.2/ion-java-1.0.2.jar:/home/runner/.m2/repository/com/fasterxml/jackson/dataformat/jackson-dataformat-cbor/2.12.1/jackson-dataformat-cbor-2.12.1.jar:/home/runner/.m2/repository/joda-time/joda-time/2.8.1/joda-time-2.8.1.jar:/home/runner/.m2/repository/com/amazonaws/aws-java-sdk-s3/1.12.124/aws-java-sdk-s3-1.12.124.jar:/home/runner/.m2/repository/com/amazonaws/aws-java-sdk-kms/1.12.124/aws-java-sdk-kms-1.12.124.jar:/home/runner/.m2/repository/com/amazonaws/jmespath-java/1.12.124/jmespath-java-1.12.124.jar:/home/runner/.m2/repository/org/kohsuke/metainf-services/metainf-services/1.8/metainf-services-1.8.jar:/home/runner/.m2/repository/org/apache/ozone/hdds-tools/1.3.0-SNAPSHOT/hdds-tools-1.3.0-SNAPSHOT.jar:/home/runner/.m2/repository/commons-cli/commons-cli/1.2/commons-cli-1.2.jar:/home/runner/.m2/repository/org/apache/commons/commons-lang3/3.7/commons-lang3-3.7.jar:/home/runner/.m2/repository/org/apache/ozone/ozone-manager/1.3.0-SNAPSHOT/ozone-manager-1.3.0-SNAPSHOT-tests.jar:/home/runner/.m2/repository/org/apache/ozone/hdds-common/1.3.0-SNAPSHOT/hdds-common-1.3.0-SNAPSHOT-tests.jar:/home/runner/.m2/repository/org/apache/ozone/hdds-hadoop-dependency-client/1.3.0-SNAPSHOT/hdds-hadoop-dependency-client-1.3.0-SNAPSHOT.jar:/home/runner/.m2/repository/info/picocli/picocli/4.6.1/picocli-4.6.1.jar:/home/runner/.m2/repository/com/fasterxml/jackson/core/jackson-annotations/2.12.1/jackson-annotations-2.12.1.jar:/home/runner/.m2/repository/javax/annotation/javax.annotation-api/1.2/javax.annotation-api-1.2.jar:/home/runner/.m2/repository/org/apache/ratis/ratis-server/2.2.0/ratis-server-2.2.0.jar:/home/runner/.m2/repository/org/apache/ratis/ratis-client/2.2.0/ratis-client-2.2.0.jar:/home/runner/.m2/repository/org/apache/ratis/ratis-server-api/2.2.0/ratis-server-api-2.2.0.jar:/home/runner/.m2/repository/org/apache/ratis/ratis-metrics/2.2.0/ratis-metrics-2.2.0.jar:/home/runner/.m2/repository/org/apache/ratis/ratis-netty/2.2.0/ratis-netty-2.2.0.jar:/home/runner/.m2/repository/org/apache/ratis/ratis-grpc/2.2.0/ratis-grpc-2.2.0.jar:/home/runner/.m2/repository/org/apache/logging/log4j/log4j-api/2.17.1/log4j-api-2.17.1.jar:/home/runner/.m2/repository/org/apache/logging/log4j/log4j-core/2.17.1/log4j-core-2.17.1.jar:/home/runner/.m2/repository/com/lmax/disruptor/3.4.2/disruptor-3.4.2.jar:/home/runner/.m2/repository/org/apache/commons/commons-pool2/2.6.0/commons-pool2-2.6.0.jar:/home/runner/.m2/repository/org/bouncycastle/bcpkix-jdk15on/1.67/bcpkix-jdk15on-1.67.jar:/home/runner/.m2/repository/commons-validator/commons-validator/1.6/commons-validator-1.6.jar:/home/runner/.m2/repository/commons-beanutils/commons-beanutils/1.9.4/commons-beanutils-1.9.4.jar:/home/runner/.m2/repository/commons-digester/commons-digester/1.8.1/commons-digester-1.8.1.jar:/home/runner/.m2/repository/commons-collections/commons-collections/3.2.2/commons-collections-3.2.2.jar:/home/runner/.m2/repository/io/jaegertracing/jaeger-client/1.6.0/jaeger-client-1.6.0.jar:/home/runner/.m2/repository/io/jaegertracing/jaeger-thrift/1.6.0/jaeger-thrift-1.6.0.jar:/home/runner/.m2/repository/org/apache/thrift/libthrift/0.14.1/libthrift-0.14.1.jar:/home/runner/.m2/repository/com/squareup/okhttp3/okhttp/4.9.0/okhttp-4.9.0.jar:/home/runner/.m2/repository/com/squareup/okio/okio/2.8.0/okio-2.8.0.jar:/home/runner/.m2/repository/io/jaegertracing/jaeger-core/1.6.0/jaeger-core-1.6.0.jar:/home/runner/.m2/repository/io/jaegertracing/jaeger-tracerresolver/1.6.0/jaeger-tracerresolver-1.6.0.jar:/home/runner/.m2/repository/io/opentracing/contrib/opentracing-tracerresolver/0.1.8/opentracing-tracerresolver-0.1.8.jar:/home/runner/.m2/repository/org/jetbrains/kotlin/kotlin-stdlib/1.4.31/kotlin-stdlib-1.4.31.jar:/home/runner/.m2/repository/org/jetbrains/kotlin/kotlin-stdlib-common/1.4.31/kotlin-stdlib-common-1.4.31.jar:/home/runner/.m2/repository/org/jetbrains/annotations/13.0/annotations-13.0.jar:/home/runner/.m2/repository/io/opentracing/opentracing-util/0.33.0/opentracing-util-0.33.0.jar:/home/runner/.m2/repository/io/opentracing/opentracing-api/0.33.0/opentracing-api-0.33.0.jar:/home/runner/.m2/repository/io/opentracing/opentracing-noop/0.33.0/opentracing-noop-0.33.0.jar:/home/runner/.m2/repository/org/yaml/snakeyaml/1.26/snakeyaml-1.26.jar:/home/runner/.m2/repository/org/apache/ozone/hdds-interface-admin/1.3.0-SNAPSHOT/hdds-interface-admin-1.3.0-SNAPSHOT.jar:/home/runner/.m2/repository/junit/junit/4.13.1/junit-4.13.1.jar:/home/runner/.m2/repository/org/hamcrest/hamcrest-core/1.3/hamcrest-core-1.3.jar:/home/runner/.m2/repository/org/junit/jupiter/junit-jupiter-api/5.7.0/junit-jupiter-api-5.7.0.jar:/home/runner/.m2/repository/org/apiguardian/apiguardian-api/1.1.0/apiguardian-api-1.1.0.jar:/home/runner/.m2/repository/org/opentest4j/opentest4j/1.2.0/opentest4j-1.2.0.jar:/home/runner/.m2/repository/org/junit/platform/junit-platform-commons/1.7.0/junit-platform-commons-1.7.0.jar:/home/runner/.m2/repository/org/junit/jupiter/junit-jupiter-engine/5.7.0/junit-jupiter-engine-5.7.0.jar:/home/runner/.m2/repository/org/junit/platform/junit-platform-engine/1.7.0/junit-platform-engine-1.7.0.jar:/home/runner/.m2/repository/org/junit/vintage/junit-vintage-engine/5.7.0/junit-vintage-engine-5.7.0.jar:/home/runner/.m2/repository/org/junit/platform/junit-platform-launcher/1.7.0/junit-platform-launcher-1.7.0.jar:/home/runner/.m2/repository/org/mockito/mockito-core/2.28.2/mockito-core-2.28.2.jar:/home/runner/.m2/repository/net/bytebuddy/byte-buddy/1.9.10/byte-buddy-1.9.10.jar:/home/runner/.m2/repository/net/bytebuddy/byte-buddy-agent/1.9.10/byte-buddy-agent-1.9.10.jar:/home/runner/.m2/repository/org/objenesis/objenesis/1.0/objenesis-1.0.jar:/home/runner/.m2/repository/org/apache/hadoop/hadoop-kms/3.3.1/hadoop-kms-3.3.1.jar:/home/runner/.m2/repository/org/apache/hadoop/hadoop-auth/3.3.1/hadoop-auth-3.3.1.jar:/home/runner/.m2/repository/com/nimbusds/nimbus-jose-jwt/7.9/nimbus-jose-jwt-7.9.jar:/home/runner/.m2/repository/com/github/stephenc/jcip/jcip-annotations/1.0-1/jcip-annotations-1.0-1.jar:/home/runner/.m2/repository/net/minidev/json-smart/2.3.1/json-smart-2.3.1.jar:/home/runner/.m2/repository/net/minidev/accessors-smart/2.3.1/accessors-smart-2.3.1.jar:/home/runner/.m2/repository/org/ow2/asm/asm/5.0.4/asm-5.0.4.jar:/home/runner/.m2/repository/org/apache/zookeeper/zookeeper/3.5.6/zookeeper-3.5.6.jar:/home/runner/.m2/repository/org/apache/zookeeper/zookeeper-jute/3.5.6/zookeeper-jute-3.5.6.jar:/home/runner/.m2/repository/org/apache/yetus/audience-annotations/0.5.0/audience-annotations-0.5.0.jar:/home/runner/.m2/repository/org/apache/curator/curator-framework/4.2.0/curator-framework-4.2.0.jar:/home/runner/.m2/repository/org/apache/hadoop/thirdparty/hadoop-shaded-guava/1.1.1/hadoop-shaded-guava-1.1.1.jar:/home/runner/.m2/repository/com/sun/jersey/jersey-core/1.19/jersey-core-1.19.jar:/home/runner/.m2/repository/javax/ws/rs/jsr311-api/1.1.1/jsr311-api-1.1.1.jar:/home/runner/.m2/repository/com/sun/jersey/jersey-server/1.19/jersey-server-1.19.jar:/home/runner/.m2/repository/javax/servlet/javax.servlet-api/3.1.0/javax.servlet-api-3.1.0.jar:/home/runner/.m2/repository/org/eclipse/jetty/jetty-server/9.4.43.v20210629/jetty-server-9.4.43.v20210629.jar:/home/runner/.m2/repository/org/eclipse/jetty/jetty-http/9.4.43.v20210629/jetty-http-9.4.43.v20210629.jar:/home/runner/.m2/repository/org/eclipse/jetty/jetty-io/9.4.43.v20210629/jetty-io-9.4.43.v20210629.jar:/home/runner/.m2/repository/org/eclipse/jetty/jetty-webapp/9.4.43.v20210629/jetty-webapp-9.4.43.v20210629.jar:/home/runner/.m2/repository/org/eclipse/jetty/jetty-xml/9.4.43.v20210629/jetty-xml-9.4.43.v20210629.jar:/home/runner/.m2/repository/org/apache/hadoop/hadoop-common/3.3.1/hadoop-common-3.3.1.jar:/home/runner/.m2/repository/org/apache/commons/commons-math3/3.1.1/commons-math3-3.1.1.jar:/home/runner/.m2/repository/commons-net/commons-net/3.6/commons-net-3.6.jar:/home/runner/.m2/repository/jakarta/activation/jakarta.activation-api/1.2.1/jakarta.activation-api-1.2.1.jar:/home/runner/.m2/repository/com/sun/jersey/jersey-servlet/1.19/jersey-servlet-1.19.jar:/home/runner/.m2/repository/com/sun/jersey/jersey-json/1.19/jersey-json-1.19.jar:/home/runner/.m2/repository/org/codehaus/jettison/jettison/1.1/jettison-1.1.jar:/home/runner/.m2/repository/com/sun/xml/bind/jaxb-impl/2.2.3-1/jaxb-impl-2.2.3-1.jar:/home/runner/.m2/repository/org/codehaus/jackson/jackson-jaxrs/1.9.2/jackson-jaxrs-1.9.2.jar:/home/runner/.m2/repository/org/codehaus/jackson/jackson-xc/1.9.2/jackson-xc-1.9.2.jar:/home/runner/.m2/repository/org/apache/commons/commons-configuration2/2.1.1/commons-configuration2-2.1.1.jar:/home/runner/.m2/repository/org/apache/commons/commons-text/1.4/commons-text-1.4.jar:/home/runner/.m2/repository/com/google/re2j/re2j/1.1/re2j-1.1.jar:/home/runner/.m2/repository/com/jcraft/jsch/0.1.54/jsch-0.1.54.jar:/home/runner/.m2/repository/org/apache/curator/curator-client/4.2.0/curator-client-4.2.0.jar:/home/runner/.m2/repository/org/apache/curator/curator-recipes/4.2.0/curator-recipes-4.2.0.jar:/home/runner/.m2/repository/org/apache/kerby/kerb-core/1.0.1/kerb-core-1.0.1.jar:/home/runner/.m2/repository/org/apache/kerby/kerby-pkix/1.0.1/kerby-pkix-1.0.1.jar:/home/runner/.m2/repository/org/apache/kerby/kerby-asn1/1.0.1/kerby-asn1-1.0.1.jar:/home/runner/.m2/repository/org/apache/kerby/kerby-util/1.0.1/kerby-util-1.0.1.jar:/home/runner/.m2/repository/dnsjava/dnsjava/2.1.7/dnsjava-2.1.7.jar:/home/runner/.m2/repository/org/xerial/snappy/snappy-java/1.1.8.2/snappy-java-1.1.8.2.jar:/home/runner/.m2/repository/org/slf4j/jul-to-slf4j/1.7.30/jul-to-slf4j-1.7.30.jar:/home/runner/.m2/repository/org/eclipse/jetty/jetty-util/9.4.43.v20210629/jetty-util-9.4.43.v20210629.jar:/home/runner/.m2/repository/com/fasterxml/jackson/core/jackson-databind/2.12.1/jackson-databind-2.12.1.jar:/home/runner/.m2/repository/org/apache/hadoop/hadoop-kms/3.3.1/hadoop-kms-3.3.1-tests.jar:/home/runner/.m2/repository/org/apache/ozone/hdds-server-scm/1.3.0-SNAPSHOT/hdds-server-scm-1.3.0-SNAPSHOT-tests.jar:/home/runner/.m2/repository/org/apache/ozone/hdds-container-service/1.3.0-SNAPSHOT/hdds-container-service-1.3.0-SNAPSHOT-tests.jar:/home/runner/.m2/repository/commons-codec/commons-codec/1.11/commons-codec-1.11.jar:/home/runner/.m2/repository/io/netty/netty-transport/4.1.63.Final/netty-transport-4.1.63.Final.jar:/home/runner/.m2/repository/io/netty/netty-resolver/4.1.63.Final/netty-resolver-4.1.63.Final.jar:/home/runner/.m2/repository/io/netty/netty-codec/4.1.63.Final/netty-codec-4.1.63.Final.jar:/home/runner/.m2/repository/io/netty/netty-handler/4.1.63.Final/netty-handler-4.1.63.Final.jar:/home/runner/.m2/repository/org/apache/ozone/hdds-hadoop-dependency-test/1.3.0-SNAPSHOT/hdds-hadoop-dependency-test-1.3.0-SNAPSHOT.jar:/home/runner/.m2/repository/org/apache/hadoop/hadoop-common/3.3.1/hadoop-common-3.3.1-tests.jar:/home/runner/.m2/repository/org/assertj/assertj-core/3.12.2/assertj-core-3.12.2.jar:/home/runner/.m2/repository/org/apache/hadoop/hadoop-hdfs/3.3.1/hadoop-hdfs-3.3.1-tests.jar:/home/runner/.m2/repository/org/eclipse/jetty/jetty-util-ajax/9.4.43.v20210629/jetty-util-ajax-9.4.43.v20210629.jar:/home/runner/.m2/repository/commons-daemon/commons-daemon/1.0.13/commons-daemon-1.0.13.jar:/home/runner/.m2/repository/io/netty/netty/3.10.6.Final/netty-3.10.6.Final.jar:/home/runner/.m2/repository/io/netty/netty-all/4.1.63.Final/netty-all-4.1.63.Final.jar:/home/runner/.m2/repository/org/apache/htrace/htrace-core4/4.1.0-incubating/htrace-core4-4.1.0-incubating.jar:/home/runner/.m2/repository/org/fusesource/leveldbjni/leveldbjni-all/1.8/leveldbjni-all-1.8.jar:/home/runner/.m2/repository/org/apache/hadoop/hadoop-distcp/3.3.1/hadoop-distcp-3.3.1.jar:/home/runner/.m2/repository/org/apache/hadoop/hadoop-mapreduce-client-jobclient/3.3.1/hadoop-mapreduce-client-jobclient-3.3.1.jar:/home/runner/.m2/repository/org/apache/hadoop/hadoop-mapreduce-client-common/3.3.1/hadoop-mapreduce-client-common-3.3.1.jar:/home/runner/.m2/repository/org/apache/hadoop/hadoop-yarn-common/3.3.1/hadoop-yarn-common-3.3.1.jar:/home/runner/.m2/repository/org/apache/hadoop/hadoop-yarn-api/3.3.1/hadoop-yarn-api-3.3.1.jar:/home/runner/.m2/repository/com/sun/jersey/jersey-client/1.19/jersey-client-1.19.jar:/home/runner/.m2/repository/com/sun/jersey/contribs/jersey-guice/1.19/jersey-guice-1.19.jar:/home/runner/.m2/repository/com/fasterxml/jackson/jaxrs/jackson-jaxrs-json-provider/2.12.1/jackson-jaxrs-json-provider-2.12.1.jar:/home/runner/.m2/repository/com/fasterxml/jackson/jaxrs/jackson-jaxrs-base/2.12.1/jackson-jaxrs-base-2.12.1.jar:/home/runner/.m2/repository/org/apache/hadoop/hadoop-yarn-client/3.3.1/hadoop-yarn-client-3.3.1.jar:/home/runner/.m2/repository/org/eclipse/jetty/websocket/websocket-client/9.4.40.v20210413/websocket-client-9.4.40.v20210413.jar:/home/runner/.m2/repository/org/eclipse/jetty/jetty-client/9.4.40.v20210413/jetty-client-9.4.40.v20210413.jar:/home/runner/.m2/repository/org/eclipse/jetty/websocket/websocket-common/9.4.40.v20210413/websocket-common-9.4.40.v20210413.jar:/home/runner/.m2/repository/org/eclipse/jetty/websocket/websocket-api/9.4.40.v20210413/websocket-api-9.4.40.v20210413.jar:/home/runner/.m2/repository/org/jline/jline/3.9.0/jline-3.9.0.jar:/home/runner/.m2/repository/org/apache/hadoop/hadoop-mapreduce-client-core/3.3.1/hadoop-mapreduce-client-core-3.3.1.jar:/home/runner/.m2/repository/org/apache/avro/avro/1.7.7/avro-1.7.7.jar:/home/runner/.m2/repository/org/codehaus/jackson/jackson-core-asl/1.9.13/jackson-core-asl-1.9.13.jar:/home/runner/.m2/repository/org/codehaus/jackson/jackson-mapper-asl/1.9.13/jackson-mapper-asl-1.9.13.jar:/home/runner/.m2/repository/com/thoughtworks/paranamer/paranamer/2.3/paranamer-2.3.jar:/home/runner/.m2/repository/org/apache/hadoop/hadoop-annotations/3.3.1/hadoop-annotations-3.3.1.jar:/usr/lib/jvm/temurin-8-jdk-amd64/jre/../lib/tools.jar:/home/runner/.m2/repository/org/apache/hadoop/hadoop-distcp/3.3.1/hadoop-distcp-3.3.1-tests.jar:/home/runner/.m2/repository/org/apache/ratis/ratis-common/2.2.0/ratis-common-2.2.0.jar:/home/runner/.m2/repository/org/apache/ratis/ratis-thirdparty-misc/0.7.0/ratis-thirdparty-misc-0.7.0.jar:/home/runner/.m2/repository/org/apache/ratis/ratis-proto/2.2.0/ratis-proto-2.2.0.jar:"/>
    <property name="java.vm.vendor" value="Temurin"/>
    <property name="sun.arch.data.model" value="64"/>
    <property name="test.build.dir" value="/home/runner/work/ozone/ozone/hadoop-ozone/integration-test/target/test-dir"/>
    <property name="test.cache.data" value=""/>
    <property name="java.vendor.url" value="https://adoptium.net/"/>
    <property name="user.timezone" value=""/>
    <property name="java.vm.specification.version" value="1.8"/>
    <property name="os.name" value="Linux"/>
    <property name="test.build.data" value="/home/runner/work/ozone/ozone/hadoop-ozone/integration-test/target/test-dir"/>
    <property name="sun.java.launcher" value="SUN_STANDARD"/>
    <property name="sun.boot.library.path" value="/usr/lib/jvm/temurin-8-jdk-amd64/jre/lib/amd64"/>
    <property name="sun.java.command" value="/home/runner/work/ozone/ozone/hadoop-ozone/integration-test/target/surefire/surefirebooter560759361328638945.jar /home/runner/work/ozone/ozone/hadoop-ozone/integration-test/target/surefire 2022-02-07T00-53-53_114-jvmRun1 surefire4924665115073489783tmp surefire_158595812613176451652tmp"/>
    <property name="surefire.test.class.path" value="/home/runner/work/ozone/ozone/hadoop-ozone/integration-test/target/test-classes:/home/runner/work/ozone/ozone/hadoop-ozone/integration-test/target/classes:/home/runner/.m2/repository/org/apache/ozone/ozone-common/1.3.0-SNAPSHOT/ozone-common-1.3.0-SNAPSHOT.jar:/home/runner/.m2/repository/org/apache/commons/commons-compress/1.21/commons-compress-1.21.jar:/home/runner/.m2/repository/org/apache/ozone/hdds-common/1.3.0-SNAPSHOT/hdds-common-1.3.0-SNAPSHOT.jar:/home/runner/.m2/repository/org/apache/ozone/hdds-client/1.3.0-SNAPSHOT/hdds-client-1.3.0-SNAPSHOT.jar:/home/runner/.m2/repository/org/apache/ozone/ozone-interface-client/1.3.0-SNAPSHOT/ozone-interface-client-1.3.0-SNAPSHOT.jar:/home/runner/.m2/repository/org/apache/ozone/hdds-test-utils/1.3.0-SNAPSHOT/hdds-test-utils-1.3.0-SNAPSHOT.jar:/home/runner/.m2/repository/com/google/guava/guava/30.1.1-jre/guava-30.1.1-jre.jar:/home/runner/.m2/repository/com/google/guava/failureaccess/1.0.1/failureaccess-1.0.1.jar:/home/runner/.m2/repository/com/google/guava/listenablefuture/9999.0-empty-to-avoid-conflict-with-guava/listenablefuture-9999.0-empty-to-avoid-conflict-with-guava.jar:/home/runner/.m2/repository/com/google/code/findbugs/jsr305/3.0.0/jsr305-3.0.0.jar:/home/runner/.m2/repository/org/checkerframework/checker-qual/3.8.0/checker-qual-3.8.0.jar:/home/runner/.m2/repository/com/google/errorprone/error_prone_annotations/2.2.0/error_prone_annotations-2.2.0.jar:/home/runner/.m2/repository/com/google/j2objc/j2objc-annotations/1.3/j2objc-annotations-1.3.jar:/home/runner/.m2/repository/commons-io/commons-io/2.11.0/commons-io-2.11.0.jar:/home/runner/.m2/repository/commons-logging/commons-logging/1.2/commons-logging-1.2.jar:/home/runner/.m2/repository/log4j/log4j/1.2.17/log4j-1.2.17.jar:/home/runner/.m2/repository/org/slf4j/slf4j-api/1.7.30/slf4j-api-1.7.30.jar:/home/runner/.m2/repository/org/apache/ozone/hdds-server-scm/1.3.0-SNAPSHOT/hdds-server-scm-1.3.0-SNAPSHOT.jar:/home/runner/.m2/repository/org/apache/ozone/hdds-container-service/1.3.0-SNAPSHOT/hdds-container-service-1.3.0-SNAPSHOT.jar:/home/runner/.m2/repository/org/apache/ozone/hdds-hadoop-dependency-server/1.3.0-SNAPSHOT/hdds-hadoop-dependency-server-1.3.0-SNAPSHOT.jar:/home/runner/.m2/repository/org/apache/hadoop/hadoop-hdfs/3.3.1/hadoop-hdfs-3.3.1.jar:/home/runner/.m2/repository/org/apache/ozone/hdds-server-framework/1.3.0-SNAPSHOT/hdds-server-framework-1.3.0-SNAPSHOT.jar:/home/runner/.m2/repository/org/apache/ozone/hdds-interface-server/1.3.0-SNAPSHOT/hdds-interface-server-1.3.0-SNAPSHOT.jar:/home/runner/.m2/repository/org/eclipse/jetty/jetty-servlet/9.4.43.v20210629/jetty-servlet-9.4.43.v20210629.jar:/home/runner/.m2/repository/org/eclipse/jetty/jetty-security/9.4.43.v20210629/jetty-security-9.4.43.v20210629.jar:/home/runner/.m2/repository/org/rocksdb/rocksdbjni/6.25.3/rocksdbjni-6.25.3.jar:/home/runner/.m2/repository/io/prometheus/simpleclient_dropwizard/0.7.0/simpleclient_dropwizard-0.7.0.jar:/home/runner/.m2/repository/io/prometheus/simpleclient/0.7.0/simpleclient-0.7.0.jar:/home/runner/.m2/repository/io/prometheus/simpleclient_common/0.7.0/simpleclient_common-0.7.0.jar:/home/runner/.m2/repository/com/fasterxml/jackson/datatype/jackson-datatype-jsr310/2.12.1/jackson-datatype-jsr310-2.12.1.jar:/home/runner/.m2/repository/io/dropwizard/metrics/metrics-core/3.2.4/metrics-core-3.2.4.jar:/home/runner/.m2/repository/org/apache/hadoop/hadoop-hdfs-client/3.3.1/hadoop-hdfs-client-3.3.1.jar:/home/runner/.m2/repository/org/bouncycastle/bcprov-jdk15on/1.67/bcprov-jdk15on-1.67.jar:/home/runner/.m2/repository/com/google/protobuf/protobuf-java/2.5.0/protobuf-java-2.5.0.jar:/home/runner/.m2/repository/org/apache/ozone/ozone-manager/1.3.0-SNAPSHOT/ozone-manager-1.3.0-SNAPSHOT.jar:/home/runner/.m2/repository/org/aspectj/aspectjrt/1.9.7/aspectjrt-1.9.7.jar:/home/runner/.m2/repository/org/aspectj/aspectjweaver/1.9.7/aspectjweaver-1.9.7.jar:/home/runner/.m2/repository/org/apache/ozone/hdds-interface-client/1.3.0-SNAPSHOT/hdds-interface-client-1.3.0-SNAPSHOT.jar:/home/runner/.m2/repository/org/apache/hadoop/thirdparty/hadoop-shaded-protobuf_3_7/1.1.1/hadoop-shaded-protobuf_3_7-1.1.1.jar:/home/runner/.m2/repository/org/apache/ozone/ozone-interface-storage/1.3.0-SNAPSHOT/ozone-interface-storage-1.3.0-SNAPSHOT.jar:/home/runner/.m2/repository/org/reflections/reflections/0.9.11/reflections-0.9.11.jar:/home/runner/.m2/repository/org/apache/hadoop/hadoop-minikdc/3.3.1/hadoop-minikdc-3.3.1.jar:/home/runner/.m2/repository/org/apache/kerby/kerb-simplekdc/1.0.1/kerb-simplekdc-1.0.1.jar:/home/runner/.m2/repository/org/apache/kerby/kerb-client/1.0.1/kerb-client-1.0.1.jar:/home/runner/.m2/repository/org/apache/kerby/kerby-config/1.0.1/kerby-config-1.0.1.jar:/home/runner/.m2/repository/org/apache/kerby/kerb-common/1.0.1/kerb-common-1.0.1.jar:/home/runner/.m2/repository/org/apache/kerby/kerb-crypto/1.0.1/kerb-crypto-1.0.1.jar:/home/runner/.m2/repository/org/apache/kerby/kerb-util/1.0.1/kerb-util-1.0.1.jar:/home/runner/.m2/repository/org/apache/kerby/token-provider/1.0.1/token-provider-1.0.1.jar:/home/runner/.m2/repository/org/apache/kerby/kerb-admin/1.0.1/kerb-admin-1.0.1.jar:/home/runner/.m2/repository/org/apache/kerby/kerb-server/1.0.1/kerb-server-1.0.1.jar:/home/runner/.m2/repository/org/apache/kerby/kerb-identity/1.0.1/kerb-identity-1.0.1.jar:/home/runner/.m2/repository/org/apache/kerby/kerby-xdr/1.0.1/kerby-xdr-1.0.1.jar:/home/runner/.m2/repository/org/slf4j/slf4j-log4j12/1.7.30/slf4j-log4j12-1.7.30.jar:/home/runner/.m2/repository/org/apache/ozone/ozone-s3gateway/1.3.0-SNAPSHOT/ozone-s3gateway-1.3.0-SNAPSHOT.jar:/home/runner/.m2/repository/org/javassist/javassist/3.21.0-GA/javassist-3.21.0-GA.jar:/home/runner/.m2/repository/org/jboss/weld/servlet/weld-servlet/2.4.7.Final/weld-servlet-2.4.7.Final.jar:/home/runner/.m2/repository/org/glassfish/jersey/containers/jersey-container-servlet-core/2.33/jersey-container-servlet-core-2.33.jar:/home/runner/.m2/repository/org/glassfish/hk2/external/jakarta.inject/2.6.1/jakarta.inject-2.6.1.jar:/home/runner/.m2/repository/org/glassfish/jersey/core/jersey-common/2.33/jersey-common-2.33.jar:/home/runner/.m2/repository/jakarta/ws/rs/jakarta.ws.rs-api/2.1.6/jakarta.ws.rs-api-2.1.6.jar:/home/runner/.m2/repository/org/glassfish/jersey/ext/cdi/jersey-cdi1x/2.33/jersey-cdi1x-2.33.jar:/home/runner/.m2/repository/org/glassfish/jersey/inject/jersey-hk2/2.33/jersey-hk2-2.33.jar:/home/runner/.m2/repository/org/glassfish/hk2/hk2-locator/2.6.1/hk2-locator-2.6.1.jar:/home/runner/.m2/repository/org/glassfish/jersey/media/jersey-media-jaxb/2.33/jersey-media-jaxb-2.33.jar:/home/runner/.m2/repository/org/glassfish/hk2/osgi-resource-locator/1.0.3/osgi-resource-locator-1.0.3.jar:/home/runner/.m2/repository/org/glassfish/hk2/hk2-api/2.5.0/hk2-api-2.5.0.jar:/home/runner/.m2/repository/org/glassfish/hk2/hk2-utils/2.5.0/hk2-utils-2.5.0.jar:/home/runner/.m2/repository/org/glassfish/hk2/external/aopalliance-repackaged/2.5.0/aopalliance-repackaged-2.5.0.jar:/home/runner/.m2/repository/com/fasterxml/jackson/dataformat/jackson-dataformat-xml/2.12.1/jackson-dataformat-xml-2.12.1.jar:/home/runner/.m2/repository/com/fasterxml/jackson/core/jackson-core/2.12.1/jackson-core-2.12.1.jar:/home/runner/.m2/repository/com/fasterxml/jackson/module/jackson-module-jaxb-annotations/2.12.1/jackson-module-jaxb-annotations-2.12.1.jar:/home/runner/.m2/repository/jakarta/xml/bind/jakarta.xml.bind-api/2.3.2/jakarta.xml.bind-api-2.3.2.jar:/home/runner/.m2/repository/org/codehaus/woodstox/stax2-api/3.1.4/stax2-api-3.1.4.jar:/home/runner/.m2/repository/com/fasterxml/woodstox/woodstox-core/5.0.3/woodstox-core-5.0.3.jar:/home/runner/.m2/repository/javax/enterprise/cdi-api/1.2/cdi-api-1.2.jar:/home/runner/.m2/repository/javax/el/javax.el-api/3.0.0/javax.el-api-3.0.0.jar:/home/runner/.m2/repository/javax/interceptor/javax.interceptor-api/1.2/javax.interceptor-api-1.2.jar:/home/runner/.m2/repository/javax/inject/javax.inject/1/javax.inject-1.jar:/home/runner/.m2/repository/javax/xml/bind/jaxb-api/2.3.0/jaxb-api-2.3.0.jar:/home/runner/.m2/repository/org/glassfish/jaxb/jaxb-runtime/2.3.0.1/jaxb-runtime-2.3.0.1.jar:/home/runner/.m2/repository/org/glassfish/jaxb/jaxb-core/2.3.0.1/jaxb-core-2.3.0.1.jar:/home/runner/.m2/repository/org/glassfish/jaxb/txw2/2.3.0.1/txw2-2.3.0.1.jar:/home/runner/.m2/repository/com/sun/istack/istack-commons-runtime/3.0.5/istack-commons-runtime-3.0.5.jar:/home/runner/.m2/repository/org/jvnet/staxex/stax-ex/1.7.8/stax-ex-1.7.8.jar:/home/runner/.m2/repository/com/sun/xml/fastinfoset/FastInfoset/1.2.13/FastInfoset-1.2.13.jar:/home/runner/.m2/repository/javax/activation/activation/1.1.1/activation-1.1.1.jar:/home/runner/.m2/repository/org/apache/ozone/ozone-csi/1.3.0-SNAPSHOT/ozone-csi-1.3.0-SNAPSHOT.jar:/home/runner/.m2/repository/com/google/protobuf/protobuf-java-util/3.12.0/protobuf-java-util-3.12.0.jar:/home/runner/.m2/repository/com/google/code/gson/gson/2.2.4/gson-2.2.4.jar:/home/runner/.m2/repository/org/apache/ozone/hdds-config/1.3.0-SNAPSHOT/hdds-config-1.3.0-SNAPSHOT.jar:/home/runner/.m2/repository/io/grpc/grpc-netty/1.33.0/grpc-netty-1.33.0.jar:/home/runner/.m2/repository/io/grpc/grpc-core/1.33.0/grpc-core-1.33.0.jar:/home/runner/.m2/repository/com/google/android/annotations/4.1.1.4/annotations-4.1.1.4.jar:/home/runner/.m2/repository/io/netty/netty-codec-http2/4.1.63.Final/netty-codec-http2-4.1.63.Final.jar:/home/runner/.m2/repository/io/netty/netty-codec-http/4.1.63.Final/netty-codec-http-4.1.63.Final.jar:/home/runner/.m2/repository/io/netty/netty-handler-proxy/4.1.63.Final/netty-handler-proxy-4.1.63.Final.jar:/home/runner/.m2/repository/io/netty/netty-codec-socks/4.1.63.Final/netty-codec-socks-4.1.63.Final.jar:/home/runner/.m2/repository/io/perfmark/perfmark-api/0.19.0/perfmark-api-0.19.0.jar:/home/runner/.m2/repository/org/codehaus/mojo/animal-sniffer-annotations/1.18/animal-sniffer-annotations-1.18.jar:/home/runner/.m2/repository/io/netty/netty-transport-native-epoll/4.1.63.Final/netty-transport-native-epoll-4.1.63.Final.jar:/home/runner/.m2/repository/io/netty/netty-common/4.1.63.Final/netty-common-4.1.63.Final.jar:/home/runner/.m2/repository/io/netty/netty-buffer/4.1.63.Final/netty-buffer-4.1.63.Final.jar:/home/runner/.m2/repository/io/netty/netty-transport-native-unix-common/4.1.63.Final/netty-transport-native-unix-common-4.1.63.Final.jar:/home/runner/.m2/repository/io/grpc/grpc-protobuf/1.33.0/grpc-protobuf-1.33.0.jar:/home/runner/.m2/repository/io/grpc/grpc-api/1.33.0/grpc-api-1.33.0.jar:/home/runner/.m2/repository/io/grpc/grpc-context/1.33.0/grpc-context-1.33.0.jar:/home/runner/.m2/repository/com/google/api/grpc/proto-google-common-protos/1.17.0/proto-google-common-protos-1.17.0.jar:/home/runner/.m2/repository/io/grpc/grpc-protobuf-lite/1.33.0/grpc-protobuf-lite-1.33.0.jar:/home/runner/.m2/repository/io/grpc/grpc-stub/1.33.0/grpc-stub-1.33.0.jar:/home/runner/.m2/repository/org/apache/ozone/ozone-recon/1.3.0-SNAPSHOT/ozone-recon-1.3.0-SNAPSHOT.jar:/home/runner/.m2/repository/org/apache/ozone/ozone-reconcodegen/1.3.0-SNAPSHOT/ozone-reconcodegen-1.3.0-SNAPSHOT.jar:/home/runner/.m2/repository/com/google/inject/extensions/guice-multibindings/4.0/guice-multibindings-4.0.jar:/home/runner/.m2/repository/com/google/inject/guice/4.0/guice-4.0.jar:/home/runner/.m2/repository/aopalliance/aopalliance/1.0/aopalliance-1.0.jar:/home/runner/.m2/repository/com/google/inject/extensions/guice-assistedinject/4.0/guice-assistedinject-4.0.jar:/home/runner/.m2/repository/com/google/inject/extensions/guice-servlet/4.0/guice-servlet-4.0.jar:/home/runner/.m2/repository/org/glassfish/jersey/containers/jersey-container-servlet/2.33/jersey-container-servlet-2.33.jar:/home/runner/.m2/repository/org/glassfish/hk2/guice-bridge/2.5.0/guice-bridge-2.5.0.jar:/home/runner/.m2/repository/org/glassfish/jersey/core/jersey-server/2.33/jersey-server-2.33.jar:/home/runner/.m2/repository/org/glassfish/jersey/core/jersey-client/2.33/jersey-client-2.33.jar:/home/runner/.m2/repository/jakarta/annotation/jakarta.annotation-api/1.3.5/jakarta.annotation-api-1.3.5.jar:/home/runner/.m2/repository/jakarta/validation/jakarta.validation-api/2.0.2/jakarta.validation-api-2.0.2.jar:/home/runner/.m2/repository/org/glassfish/jersey/media/jersey-media-json-jackson/2.33/jersey-media-json-jackson-2.33.jar:/home/runner/.m2/repository/org/glassfish/jersey/ext/jersey-entity-filtering/2.33/jersey-entity-filtering-2.33.jar:/home/runner/.m2/repository/org/jooq/jooq/3.11.10/jooq-3.11.10.jar:/home/runner/.m2/repository/org/jooq/jooq-meta/3.11.10/jooq-meta-3.11.10.jar:/home/runner/.m2/repository/org/jooq/jooq-codegen/3.11.10/jooq-codegen-3.11.10.jar:/home/runner/.m2/repository/com/jolbox/bonecp/0.8.0.RELEASE/bonecp-0.8.0.RELEASE.jar:/home/runner/.m2/repository/org/apache/derby/derby/10.14.2.0/derby-10.14.2.0.jar:/home/runner/.m2/repository/org/xerial/sqlite-jdbc/3.25.2/sqlite-jdbc-3.25.2.jar:/home/runner/.m2/repository/org/springframework/spring-jdbc/5.2.18.RELEASE/spring-jdbc-5.2.18.RELEASE.jar:/home/runner/.m2/repository/org/springframework/spring-beans/5.2.18.RELEASE/spring-beans-5.2.18.RELEASE.jar:/home/runner/.m2/repository/org/springframework/spring-core/5.2.18.RELEASE/spring-core-5.2.18.RELEASE.jar:/home/runner/.m2/repository/org/springframework/spring-jcl/5.2.18.RELEASE/spring-jcl-5.2.18.RELEASE.jar:/home/runner/.m2/repository/org/springframework/spring-tx/5.2.18.RELEASE/spring-tx-5.2.18.RELEASE.jar:/home/runner/.m2/repository/org/apache/ozone/ozone-client/1.3.0-SNAPSHOT/ozone-client-1.3.0-SNAPSHOT.jar:/home/runner/.m2/repository/org/apache/ozone/ozone-filesystem/1.3.0-SNAPSHOT/ozone-filesystem-1.3.0-SNAPSHOT.jar:/home/runner/.m2/repository/org/apache/ozone/ozone-filesystem-common/1.3.0-SNAPSHOT/ozone-filesystem-common-1.3.0-SNAPSHOT.jar:/home/runner/.m2/repository/org/apache/ozone/ozone-tools/1.3.0-SNAPSHOT/ozone-tools-1.3.0-SNAPSHOT.jar:/home/runner/.m2/repository/org/apache/ratis/ratis-tools/2.2.0/ratis-tools-2.2.0.jar:/home/runner/.m2/repository/com/amazonaws/aws-java-sdk-core/1.12.124/aws-java-sdk-core-1.12.124.jar:/home/runner/.m2/repository/org/apache/httpcomponents/httpclient/4.5.13/httpclient-4.5.13.jar:/home/runner/.m2/repository/org/apache/httpcomponents/httpcore/4.4.13/httpcore-4.4.13.jar:/home/runner/.m2/repository/software/amazon/ion/ion-java/1.0.2/ion-java-1.0.2.jar:/home/runner/.m2/repository/com/fasterxml/jackson/dataformat/jackson-dataformat-cbor/2.12.1/jackson-dataformat-cbor-2.12.1.jar:/home/runner/.m2/repository/joda-time/joda-time/2.8.1/joda-time-2.8.1.jar:/home/runner/.m2/repository/com/amazonaws/aws-java-sdk-s3/1.12.124/aws-java-sdk-s3-1.12.124.jar:/home/runner/.m2/repository/com/amazonaws/aws-java-sdk-kms/1.12.124/aws-java-sdk-kms-1.12.124.jar:/home/runner/.m2/repository/com/amazonaws/jmespath-java/1.12.124/jmespath-java-1.12.124.jar:/home/runner/.m2/repository/org/kohsuke/metainf-services/metainf-services/1.8/metainf-services-1.8.jar:/home/runner/.m2/repository/org/apache/ozone/hdds-tools/1.3.0-SNAPSHOT/hdds-tools-1.3.0-SNAPSHOT.jar:/home/runner/.m2/repository/commons-cli/commons-cli/1.2/commons-cli-1.2.jar:/home/runner/.m2/repository/org/apache/commons/commons-lang3/3.7/commons-lang3-3.7.jar:/home/runner/.m2/repository/org/apache/ozone/ozone-manager/1.3.0-SNAPSHOT/ozone-manager-1.3.0-SNAPSHOT-tests.jar:/home/runner/.m2/repository/org/apache/ozone/hdds-common/1.3.0-SNAPSHOT/hdds-common-1.3.0-SNAPSHOT-tests.jar:/home/runner/.m2/repository/org/apache/ozone/hdds-hadoop-dependency-client/1.3.0-SNAPSHOT/hdds-hadoop-dependency-client-1.3.0-SNAPSHOT.jar:/home/runner/.m2/repository/info/picocli/picocli/4.6.1/picocli-4.6.1.jar:/home/runner/.m2/repository/com/fasterxml/jackson/core/jackson-annotations/2.12.1/jackson-annotations-2.12.1.jar:/home/runner/.m2/repository/javax/annotation/javax.annotation-api/1.2/javax.annotation-api-1.2.jar:/home/runner/.m2/repository/org/apache/ratis/ratis-server/2.2.0/ratis-server-2.2.0.jar:/home/runner/.m2/repository/org/apache/ratis/ratis-client/2.2.0/ratis-client-2.2.0.jar:/home/runner/.m2/repository/org/apache/ratis/ratis-server-api/2.2.0/ratis-server-api-2.2.0.jar:/home/runner/.m2/repository/org/apache/ratis/ratis-metrics/2.2.0/ratis-metrics-2.2.0.jar:/home/runner/.m2/repository/org/apache/ratis/ratis-netty/2.2.0/ratis-netty-2.2.0.jar:/home/runner/.m2/repository/org/apache/ratis/ratis-grpc/2.2.0/ratis-grpc-2.2.0.jar:/home/runner/.m2/repository/org/apache/logging/log4j/log4j-api/2.17.1/log4j-api-2.17.1.jar:/home/runner/.m2/repository/org/apache/logging/log4j/log4j-core/2.17.1/log4j-core-2.17.1.jar:/home/runner/.m2/repository/com/lmax/disruptor/3.4.2/disruptor-3.4.2.jar:/home/runner/.m2/repository/org/apache/commons/commons-pool2/2.6.0/commons-pool2-2.6.0.jar:/home/runner/.m2/repository/org/bouncycastle/bcpkix-jdk15on/1.67/bcpkix-jdk15on-1.67.jar:/home/runner/.m2/repository/commons-validator/commons-validator/1.6/commons-validator-1.6.jar:/home/runner/.m2/repository/commons-beanutils/commons-beanutils/1.9.4/commons-beanutils-1.9.4.jar:/home/runner/.m2/repository/commons-digester/commons-digester/1.8.1/commons-digester-1.8.1.jar:/home/runner/.m2/repository/commons-collections/commons-collections/3.2.2/commons-collections-3.2.2.jar:/home/runner/.m2/repository/io/jaegertracing/jaeger-client/1.6.0/jaeger-client-1.6.0.jar:/home/runner/.m2/repository/io/jaegertracing/jaeger-thrift/1.6.0/jaeger-thrift-1.6.0.jar:/home/runner/.m2/repository/org/apache/thrift/libthrift/0.14.1/libthrift-0.14.1.jar:/home/runner/.m2/repository/com/squareup/okhttp3/okhttp/4.9.0/okhttp-4.9.0.jar:/home/runner/.m2/repository/com/squareup/okio/okio/2.8.0/okio-2.8.0.jar:/home/runner/.m2/repository/io/jaegertracing/jaeger-core/1.6.0/jaeger-core-1.6.0.jar:/home/runner/.m2/repository/io/jaegertracing/jaeger-tracerresolver/1.6.0/jaeger-tracerresolver-1.6.0.jar:/home/runner/.m2/repository/io/opentracing/contrib/opentracing-tracerresolver/0.1.8/opentracing-tracerresolver-0.1.8.jar:/home/runner/.m2/repository/org/jetbrains/kotlin/kotlin-stdlib/1.4.31/kotlin-stdlib-1.4.31.jar:/home/runner/.m2/repository/org/jetbrains/kotlin/kotlin-stdlib-common/1.4.31/kotlin-stdlib-common-1.4.31.jar:/home/runner/.m2/repository/org/jetbrains/annotations/13.0/annotations-13.0.jar:/home/runner/.m2/repository/io/opentracing/opentracing-util/0.33.0/opentracing-util-0.33.0.jar:/home/runner/.m2/repository/io/opentracing/opentracing-api/0.33.0/opentracing-api-0.33.0.jar:/home/runner/.m2/repository/io/opentracing/opentracing-noop/0.33.0/opentracing-noop-0.33.0.jar:/home/runner/.m2/repository/org/yaml/snakeyaml/1.26/snakeyaml-1.26.jar:/home/runner/.m2/repository/org/apache/ozone/hdds-interface-admin/1.3.0-SNAPSHOT/hdds-interface-admin-1.3.0-SNAPSHOT.jar:/home/runner/.m2/repository/junit/junit/4.13.1/junit-4.13.1.jar:/home/runner/.m2/repository/org/hamcrest/hamcrest-core/1.3/hamcrest-core-1.3.jar:/home/runner/.m2/repository/org/junit/jupiter/junit-jupiter-api/5.7.0/junit-jupiter-api-5.7.0.jar:/home/runner/.m2/repository/org/apiguardian/apiguardian-api/1.1.0/apiguardian-api-1.1.0.jar:/home/runner/.m2/repository/org/opentest4j/opentest4j/1.2.0/opentest4j-1.2.0.jar:/home/runner/.m2/repository/org/junit/platform/junit-platform-commons/1.7.0/junit-platform-commons-1.7.0.jar:/home/runner/.m2/repository/org/junit/jupiter/junit-jupiter-engine/5.7.0/junit-jupiter-engine-5.7.0.jar:/home/runner/.m2/repository/org/junit/platform/junit-platform-engine/1.7.0/junit-platform-engine-1.7.0.jar:/home/runner/.m2/repository/org/junit/vintage/junit-vintage-engine/5.7.0/junit-vintage-engine-5.7.0.jar:/home/runner/.m2/repository/org/junit/platform/junit-platform-launcher/1.7.0/junit-platform-launcher-1.7.0.jar:/home/runner/.m2/repository/org/mockito/mockito-core/2.28.2/mockito-core-2.28.2.jar:/home/runner/.m2/repository/net/bytebuddy/byte-buddy/1.9.10/byte-buddy-1.9.10.jar:/home/runner/.m2/repository/net/bytebuddy/byte-buddy-agent/1.9.10/byte-buddy-agent-1.9.10.jar:/home/runner/.m2/repository/org/objenesis/objenesis/1.0/objenesis-1.0.jar:/home/runner/.m2/repository/org/apache/hadoop/hadoop-kms/3.3.1/hadoop-kms-3.3.1.jar:/home/runner/.m2/repository/org/apache/hadoop/hadoop-auth/3.3.1/hadoop-auth-3.3.1.jar:/home/runner/.m2/repository/com/nimbusds/nimbus-jose-jwt/7.9/nimbus-jose-jwt-7.9.jar:/home/runner/.m2/repository/com/github/stephenc/jcip/jcip-annotations/1.0-1/jcip-annotations-1.0-1.jar:/home/runner/.m2/repository/net/minidev/json-smart/2.3.1/json-smart-2.3.1.jar:/home/runner/.m2/repository/net/minidev/accessors-smart/2.3.1/accessors-smart-2.3.1.jar:/home/runner/.m2/repository/org/ow2/asm/asm/5.0.4/asm-5.0.4.jar:/home/runner/.m2/repository/org/apache/zookeeper/zookeeper/3.5.6/zookeeper-3.5.6.jar:/home/runner/.m2/repository/org/apache/zookeeper/zookeeper-jute/3.5.6/zookeeper-jute-3.5.6.jar:/home/runner/.m2/repository/org/apache/yetus/audience-annotations/0.5.0/audience-annotations-0.5.0.jar:/home/runner/.m2/repository/org/apache/curator/curator-framework/4.2.0/curator-framework-4.2.0.jar:/home/runner/.m2/repository/org/apache/hadoop/thirdparty/hadoop-shaded-guava/1.1.1/hadoop-shaded-guava-1.1.1.jar:/home/runner/.m2/repository/com/sun/jersey/jersey-core/1.19/jersey-core-1.19.jar:/home/runner/.m2/repository/javax/ws/rs/jsr311-api/1.1.1/jsr311-api-1.1.1.jar:/home/runner/.m2/repository/com/sun/jersey/jersey-server/1.19/jersey-server-1.19.jar:/home/runner/.m2/repository/javax/servlet/javax.servlet-api/3.1.0/javax.servlet-api-3.1.0.jar:/home/runner/.m2/repository/org/eclipse/jetty/jetty-server/9.4.43.v20210629/jetty-server-9.4.43.v20210629.jar:/home/runner/.m2/repository/org/eclipse/jetty/jetty-http/9.4.43.v20210629/jetty-http-9.4.43.v20210629.jar:/home/runner/.m2/repository/org/eclipse/jetty/jetty-io/9.4.43.v20210629/jetty-io-9.4.43.v20210629.jar:/home/runner/.m2/repository/org/eclipse/jetty/jetty-webapp/9.4.43.v20210629/jetty-webapp-9.4.43.v20210629.jar:/home/runner/.m2/repository/org/eclipse/jetty/jetty-xml/9.4.43.v20210629/jetty-xml-9.4.43.v20210629.jar:/home/runner/.m2/repository/org/apache/hadoop/hadoop-common/3.3.1/hadoop-common-3.3.1.jar:/home/runner/.m2/repository/org/apache/commons/commons-math3/3.1.1/commons-math3-3.1.1.jar:/home/runner/.m2/repository/commons-net/commons-net/3.6/commons-net-3.6.jar:/home/runner/.m2/repository/jakarta/activation/jakarta.activation-api/1.2.1/jakarta.activation-api-1.2.1.jar:/home/runner/.m2/repository/com/sun/jersey/jersey-servlet/1.19/jersey-servlet-1.19.jar:/home/runner/.m2/repository/com/sun/jersey/jersey-json/1.19/jersey-json-1.19.jar:/home/runner/.m2/repository/org/codehaus/jettison/jettison/1.1/jettison-1.1.jar:/home/runner/.m2/repository/com/sun/xml/bind/jaxb-impl/2.2.3-1/jaxb-impl-2.2.3-1.jar:/home/runner/.m2/repository/org/codehaus/jackson/jackson-jaxrs/1.9.2/jackson-jaxrs-1.9.2.jar:/home/runner/.m2/repository/org/codehaus/jackson/jackson-xc/1.9.2/jackson-xc-1.9.2.jar:/home/runner/.m2/repository/org/apache/commons/commons-configuration2/2.1.1/commons-configuration2-2.1.1.jar:/home/runner/.m2/repository/org/apache/commons/commons-text/1.4/commons-text-1.4.jar:/home/runner/.m2/repository/com/google/re2j/re2j/1.1/re2j-1.1.jar:/home/runner/.m2/repository/com/jcraft/jsch/0.1.54/jsch-0.1.54.jar:/home/runner/.m2/repository/org/apache/curator/curator-client/4.2.0/curator-client-4.2.0.jar:/home/runner/.m2/repository/org/apache/curator/curator-recipes/4.2.0/curator-recipes-4.2.0.jar:/home/runner/.m2/repository/org/apache/kerby/kerb-core/1.0.1/kerb-core-1.0.1.jar:/home/runner/.m2/repository/org/apache/kerby/kerby-pkix/1.0.1/kerby-pkix-1.0.1.jar:/home/runner/.m2/repository/org/apache/kerby/kerby-asn1/1.0.1/kerby-asn1-1.0.1.jar:/home/runner/.m2/repository/org/apache/kerby/kerby-util/1.0.1/kerby-util-1.0.1.jar:/home/runner/.m2/repository/dnsjava/dnsjava/2.1.7/dnsjava-2.1.7.jar:/home/runner/.m2/repository/org/xerial/snappy/snappy-java/1.1.8.2/snappy-java-1.1.8.2.jar:/home/runner/.m2/repository/org/slf4j/jul-to-slf4j/1.7.30/jul-to-slf4j-1.7.30.jar:/home/runner/.m2/repository/org/eclipse/jetty/jetty-util/9.4.43.v20210629/jetty-util-9.4.43.v20210629.jar:/home/runner/.m2/repository/com/fasterxml/jackson/core/jackson-databind/2.12.1/jackson-databind-2.12.1.jar:/home/runner/.m2/repository/org/apache/hadoop/hadoop-kms/3.3.1/hadoop-kms-3.3.1-tests.jar:/home/runner/.m2/repository/org/apache/ozone/hdds-server-scm/1.3.0-SNAPSHOT/hdds-server-scm-1.3.0-SNAPSHOT-tests.jar:/home/runner/.m2/repository/org/apache/ozone/hdds-container-service/1.3.0-SNAPSHOT/hdds-container-service-1.3.0-SNAPSHOT-tests.jar:/home/runner/.m2/repository/commons-codec/commons-codec/1.11/commons-codec-1.11.jar:/home/runner/.m2/repository/io/netty/netty-transport/4.1.63.Final/netty-transport-4.1.63.Final.jar:/home/runner/.m2/repository/io/netty/netty-resolver/4.1.63.Final/netty-resolver-4.1.63.Final.jar:/home/runner/.m2/repository/io/netty/netty-codec/4.1.63.Final/netty-codec-4.1.63.Final.jar:/home/runner/.m2/repository/io/netty/netty-handler/4.1.63.Final/netty-handler-4.1.63.Final.jar:/home/runner/.m2/repository/org/apache/ozone/hdds-hadoop-dependency-test/1.3.0-SNAPSHOT/hdds-hadoop-dependency-test-1.3.0-SNAPSHOT.jar:/home/runner/.m2/repository/org/apache/hadoop/hadoop-common/3.3.1/hadoop-common-3.3.1-tests.jar:/home/runner/.m2/repository/org/assertj/assertj-core/3.12.2/assertj-core-3.12.2.jar:/home/runner/.m2/repository/org/apache/hadoop/hadoop-hdfs/3.3.1/hadoop-hdfs-3.3.1-tests.jar:/home/runner/.m2/repository/org/eclipse/jetty/jetty-util-ajax/9.4.43.v20210629/jetty-util-ajax-9.4.43.v20210629.jar:/home/runner/.m2/repository/commons-daemon/commons-daemon/1.0.13/commons-daemon-1.0.13.jar:/home/runner/.m2/repository/io/netty/netty/3.10.6.Final/netty-3.10.6.Final.jar:/home/runner/.m2/repository/io/netty/netty-all/4.1.63.Final/netty-all-4.1.63.Final.jar:/home/runner/.m2/repository/org/apache/htrace/htrace-core4/4.1.0-incubating/htrace-core4-4.1.0-incubating.jar:/home/runner/.m2/repository/org/fusesource/leveldbjni/leveldbjni-all/1.8/leveldbjni-all-1.8.jar:/home/runner/.m2/repository/org/apache/hadoop/hadoop-distcp/3.3.1/hadoop-distcp-3.3.1.jar:/home/runner/.m2/repository/org/apache/hadoop/hadoop-mapreduce-client-jobclient/3.3.1/hadoop-mapreduce-client-jobclient-3.3.1.jar:/home/runner/.m2/repository/org/apache/hadoop/hadoop-mapreduce-client-common/3.3.1/hadoop-mapreduce-client-common-3.3.1.jar:/home/runner/.m2/repository/org/apache/hadoop/hadoop-yarn-common/3.3.1/hadoop-yarn-common-3.3.1.jar:/home/runner/.m2/repository/org/apache/hadoop/hadoop-yarn-api/3.3.1/hadoop-yarn-api-3.3.1.jar:/home/runner/.m2/repository/com/sun/jersey/jersey-client/1.19/jersey-client-1.19.jar:/home/runner/.m2/repository/com/sun/jersey/contribs/jersey-guice/1.19/jersey-guice-1.19.jar:/home/runner/.m2/repository/com/fasterxml/jackson/jaxrs/jackson-jaxrs-json-provider/2.12.1/jackson-jaxrs-json-provider-2.12.1.jar:/home/runner/.m2/repository/com/fasterxml/jackson/jaxrs/jackson-jaxrs-base/2.12.1/jackson-jaxrs-base-2.12.1.jar:/home/runner/.m2/repository/org/apache/hadoop/hadoop-yarn-client/3.3.1/hadoop-yarn-client-3.3.1.jar:/home/runner/.m2/repository/org/eclipse/jetty/websocket/websocket-client/9.4.40.v20210413/websocket-client-9.4.40.v20210413.jar:/home/runner/.m2/repository/org/eclipse/jetty/jetty-client/9.4.40.v20210413/jetty-client-9.4.40.v20210413.jar:/home/runner/.m2/repository/org/eclipse/jetty/websocket/websocket-common/9.4.40.v20210413/websocket-common-9.4.40.v20210413.jar:/home/runner/.m2/repository/org/eclipse/jetty/websocket/websocket-api/9.4.40.v20210413/websocket-api-9.4.40.v20210413.jar:/home/runner/.m2/repository/org/jline/jline/3.9.0/jline-3.9.0.jar:/home/runner/.m2/repository/org/apache/hadoop/hadoop-mapreduce-client-core/3.3.1/hadoop-mapreduce-client-core-3.3.1.jar:/home/runner/.m2/repository/org/apache/avro/avro/1.7.7/avro-1.7.7.jar:/home/runner/.m2/repository/org/codehaus/jackson/jackson-core-asl/1.9.13/jackson-core-asl-1.9.13.jar:/home/runner/.m2/repository/org/codehaus/jackson/jackson-mapper-asl/1.9.13/jackson-mapper-asl-1.9.13.jar:/home/runner/.m2/repository/com/thoughtworks/paranamer/paranamer/2.3/paranamer-2.3.jar:/home/runner/.m2/repository/org/apache/hadoop/hadoop-annotations/3.3.1/hadoop-annotations-3.3.1.jar:/usr/lib/jvm/temurin-8-jdk-amd64/jre/../lib/tools.jar:/home/runner/.m2/repository/org/apache/hadoop/hadoop-distcp/3.3.1/hadoop-distcp-3.3.1-tests.jar:/home/runner/.m2/repository/org/apache/ratis/ratis-common/2.2.0/ratis-common-2.2.0.jar:/home/runner/.m2/repository/org/apache/ratis/ratis-thirdparty-misc/0.7.0/ratis-thirdparty-misc-0.7.0.jar:/home/runner/.m2/repository/org/apache/ratis/ratis-proto/2.2.0/ratis-proto-2.2.0.jar:"/>
    <property name="sun.cpu.endian" value="little"/>
    <property name="user.home" value="/home/runner"/>
    <property name="user.language" value="en"/>
    <property name="java.specification.vendor" value="Oracle Corporation"/>
    <property name="java.home" value="/usr/lib/jvm/temurin-8-jdk-amd64/jre"/>
    <property name="java.security.krb5.conf" value="/home/runner/work/ozone/ozone/hadoop-ozone/integration-test/target/test-classes/krb5.conf"/>
    <property name="basedir" value="/home/runner/work/ozone/ozone/hadoop-ozone/integration-test"/>
    <property name="file.separator" value="/"/>
    <property name="line.separator" value="&#10;"/>
    <property name="java.vm.specification.vendor" value="Oracle Corporation"/>
    <property name="java.specification.name" value="Java Platform API Specification"/>
    <property name="java.awt.graphicsenv" value="sun.awt.X11GraphicsEnvironment"/>
    <property name="skip.installnpx" value="true"/>
    <property name="surefire.real.class.path" value="/home/runner/work/ozone/ozone/hadoop-ozone/integration-test/target/surefire/surefirebooter560759361328638945.jar:/home/runner/.m2/repository/org/jacoco/org.jacoco.agent/0.8.5/org.jacoco.agent-0.8.5-runtime.jar"/>
    <property name="hadoop.log.dir" value="/home/runner/work/ozone/ozone/hadoop-ozone/integration-test/target/log"/>
    <property name="sun.boot.class.path" value="/usr/lib/jvm/temurin-8-jdk-amd64/jre/lib/resources.jar:/usr/lib/jvm/temurin-8-jdk-amd64/jre/lib/rt.jar:/usr/lib/jvm/temurin-8-jdk-amd64/jre/lib/sunrsasign.jar:/usr/lib/jvm/temurin-8-jdk-amd64/jre/lib/jsse.jar:/usr/lib/jvm/temurin-8-jdk-amd64/jre/lib/jce.jar:/usr/lib/jvm/temurin-8-jdk-amd64/jre/lib/charsets.jar:/usr/lib/jvm/temurin-8-jdk-amd64/jre/lib/jfr.jar:/usr/lib/jvm/temurin-8-jdk-amd64/jre/classes"/>
    <property name="sun.management.compiler" value="HotSpot 64-Bit Tiered Compilers"/>
    <property name="skip.npx" value="true"/>
    <property name="java.runtime.version" value="1.8.0_312-b07"/>
    <property name="java.net.preferIPv4Stack" value="true"/>
    <property name="user.name" value="runner"/>
    <property name="path.separator" value=":"/>
    <property name="java.security.egd" value="file:///dev/urandom"/>
    <property name="os.version" value="5.4.0-1068-azure"/>
    <property name="java.endorsed.dirs" value="/usr/lib/jvm/temurin-8-jdk-amd64/jre/lib/endorsed"/>
    <property name="java.runtime.name" value="OpenJDK Runtime Environment"/>
    <property name="file.encoding" value="UTF-8"/>
    <property name="java.vm.name" value="OpenJDK 64-Bit Server VM"/>
    <property name="test.build.webapps" value=""/>
    <property name="localRepository" value="/home/runner/.m2/repository"/>
    <property name="java.vendor.url.bug" value="https://github.com/adoptium/adoptium-support/issues"/>
    <property name="java.io.tmpdir" value="/tmp"/>
    <property name="require.test.libhadoop" value=""/>
    <property name="java.version" value="1.8.0_312"/>
    <property name="user.dir" value="/home/runner/work/ozone/ozone/hadoop-ozone/integration-test"/>
    <property name="os.arch" value="amd64"/>
    <property name="java.vm.specification.name" value="Java Virtual Machine Specification"/>
    <property name="test.build.classes" value="/home/runner/work/ozone/ozone/hadoop-ozone/integration-test/target/test-classes"/>
    <property name="java.awt.printerjob" value="sun.print.PSPrinterJob"/>
    <property name="sun.os.patch.level" value="unknown"/>
    <property name="hadoop.tmp.dir" value="/home/runner/work/ozone/ozone/hadoop-ozone/integration-test/target/tmp"/>
    <property name="java.library.path" value="/usr/java/packages/lib/amd64:/usr/lib64:/lib64:/lib:/usr/lib"/>
    <property name="java.vm.info" value="mixed mode"/>
    <property name="java.vendor" value="Temurin"/>
    <property name="java.vm.version" value="25.312-b07"/>
    <property name="java.ext.dirs" value="/usr/lib/jvm/temurin-8-jdk-amd64/jre/lib/ext:/usr/java/packages/lib/ext"/>
    <property name="sun.io.unicode.encoding" value="UnicodeLittle"/>
    <property name="java.class.version" value="52.0"/>
  </properties>
  <testcase name="testMultipleDataDirs" classname="org.apache.hadoop.ozone.TestMiniOzoneCluster" time="30.546"/>
  <testcase name="testStartMultipleDatanodes" classname="org.apache.hadoop.ozone.TestMiniOzoneCluster" time="80.337">
    <error message="test timed out after 60000 milliseconds" type="org.junit.runners.model.TestTimedOutException">org.junit.runners.model.TestTimedOutException: test timed out after 60000 milliseconds
	at java.lang.Thread.sleep(Native Method)
	at org.apache.ozone.test.GenericTestUtils.waitFor(GenericTestUtils.java:218)
	at org.apache.hadoop.ozone.MiniOzoneClusterImpl.waitForClusterToBeReady(MiniOzoneClusterImpl.java:212)
	at org.apache.hadoop.ozone.TestMiniOzoneCluster.testStartMultipleDatanodes(TestMiniOzoneCluster.java:119)
	at sun.reflect.NativeMethodAccessorImpl.invoke0(Native Method)
	at sun.reflect.NativeMethodAccessorImpl.invoke(NativeMethodAccessorImpl.java:62)
	at sun.reflect.DelegatingMethodAccessorImpl.invoke(DelegatingMethodAccessorImpl.java:43)
	at java.lang.reflect.Method.invoke(Method.java:498)
	at org.junit.runners.model.FrameworkMethod$1.runReflectiveCall(FrameworkMethod.java:59)
	at org.junit.internal.runners.model.ReflectiveCallable.run(ReflectiveCallable.java:12)
	at org.junit.runners.model.FrameworkMethod.invokeExplosively(FrameworkMethod.java:56)
	at org.junit.internal.runners.statements.InvokeMethod.evaluate(InvokeMethod.java:17)
	at org.junit.internal.runners.statements.FailOnTimeout$CallableStatement.call(FailOnTimeout.java:288)
	at org.junit.internal.runners.statements.FailOnTimeout$CallableStatement.call(FailOnTimeout.java:282)
	at java.util.concurrent.FutureTask.run(FutureTask.java:266)
	at java.lang.Thread.run(Thread.java:748)
</error>
    <system-out><![CDATA[2022-02-07 01:11:52,484 [Time-limited test] WARN  server.ServerUtils (ServerUtils.java:getScmDbDir(148)) - ozone.scm.db.dirs is not configured. We recommend adding this setting. Falling back to ozone.metadata.dirs instead.
2022-02-07 01:11:52,488 [Time-limited test] INFO  ha.SCMHANodeDetails (SCMHANodeDetails.java:loadSCMHAConfig(157)) - ServiceID for StorageContainerManager is null
2022-02-07 01:11:52,488 [Time-limited test] INFO  ha.SCMHANodeDetails (SCMHANodeDetails.java:loadSCMHAConfig(162)) - ozone.scm.default.service.id is not defined, falling back to ozone.scm.service.ids to find serviceID for StorageContainerManager if it is HA enabled cluster
2022-02-07 01:11:52,492 [Time-limited test] INFO  server.RaftServer (ConfUtils.java:logGet(44)) - raft.rpc.type = GRPC (default)
2022-02-07 01:11:52,492 [Time-limited test] INFO  grpc.GrpcFactory (GrpcFactory.java:checkPooledByteBufAllocatorUseCacheForAllThreads(48)) - PERFORMANCE WARNING: useCacheForAllThreads is true that may cause Netty to create a lot garbage objects and, as a result, trigger GC.
	It is recommended to disable useCacheForAllThreads by setting -Dorg.apache.ratis.thirdparty.io.netty.allocator.useCacheForAllThreads=false in command line.
2022-02-07 01:11:52,492 [Time-limited test] INFO  grpc.GrpcConfigKeys (ConfUtils.java:logGet(44)) - raft.grpc.admin.port = -1 (default)
2022-02-07 01:11:52,492 [Time-limited test] INFO  grpc.GrpcConfigKeys (ConfUtils.java:logGet(44)) - raft.grpc.server.port = 9894 (custom)
2022-02-07 01:11:52,492 [Time-limited test] INFO  grpc.GrpcConfigKeys (ConfUtils.java:logGet(44)) - raft.grpc.client.port = -1 (default)
2022-02-07 01:11:52,492 [Time-limited test] INFO  grpc.GrpcConfigKeys (ConfUtils.java:logGet(44)) - raft.grpc.server.port = 9894 (custom)
2022-02-07 01:11:52,493 [Time-limited test] INFO  grpc.GrpcConfigKeys (ConfUtils.java:logGet(44)) - raft.grpc.server.port = 9894 (custom)
2022-02-07 01:11:52,493 [Time-limited test] INFO  server.GrpcService (ConfUtils.java:logGet(44)) - raft.grpc.message.size.max = 32m (=33554432) (custom)
2022-02-07 01:11:52,493 [Time-limited test] INFO  server.RaftServerConfigKeys (ConfUtils.java:logGet(44)) - raft.server.log.appender.buffer.byte-limit = 33554432 (custom)
2022-02-07 01:11:52,493 [Time-limited test] INFO  server.GrpcService (ConfUtils.java:logGet(44)) - raft.grpc.flow.control.window = 1MB (=1048576) (default)
2022-02-07 01:11:52,493 [Time-limited test] INFO  server.RaftServerConfigKeys (ConfUtils.java:logGet(44)) - raft.server.rpc.request.timeout = 30000ms (custom)
2022-02-07 01:11:52,494 [Time-limited test] INFO  impl.DataStreamServerImpl (ConfUtils.java:logGet(44)) - raft.datastream.type = DISABLED (default)
2022-02-07 01:11:52,494 [Time-limited test] INFO  server.RaftServerConfigKeys (ConfUtils.java:logGet(44)) - raft.server.rpc.slowness.timeout = 120000ms (custom)
2022-02-07 01:11:52,494 [Time-limited test] INFO  server.RaftServerConfigKeys (ConfUtils.java:logGet(44)) - raft.server.leaderelection.leader.step-down.wait-time = 10s (default)
2022-02-07 01:11:52,495 [Time-limited test] INFO  server.RaftServerConfigKeys (ConfUtils.java:logGet(44)) - raft.server.storage.dir = [/home/runner/work/ozone/ozone/hadoop-ozone/integration-test/target/test-dir/MiniOzoneClusterImpl-bf974671-0ee4-44cd-a16a-aba150e4f4c7/ozone-meta/scm-ha] (custom)
2022-02-07 01:11:52,502 [Time-limited test] INFO  server.RaftServer (RaftServerProxy.java:addNew(95)) - 86291b25-4585-4db4-8d7d-b3c8a3a17a2e: addNew group-ABA150E4F4C7:[86291b25-4585-4db4-8d7d-b3c8a3a17a2e|rpc:fv-az12-249:9894|priority:0] returns group-ABA150E4F4C7:java.util.concurrent.CompletableFuture@2d2717b8[Not completed]
2022-02-07 01:11:52,507 [pool-78-thread-1] INFO  server.RaftServer$Division (RaftServerImpl.java:<init>(184)) - 86291b25-4585-4db4-8d7d-b3c8a3a17a2e: new RaftServerImpl for group-ABA150E4F4C7:[86291b25-4585-4db4-8d7d-b3c8a3a17a2e|rpc:fv-az12-249:9894|priority:0] with SCMStateMachine:uninitialized
2022-02-07 01:11:52,507 [pool-78-thread-1] INFO  server.RaftServerConfigKeys (ConfUtils.java:logGet(44)) - raft.server.rpc.timeout.min = 5000ms (custom)
2022-02-07 01:11:52,507 [pool-78-thread-1] INFO  server.RaftServerConfigKeys (ConfUtils.java:logGet(44)) - raft.server.rpc.timeout.max = 5200ms (custom)
2022-02-07 01:11:52,507 [pool-78-thread-1] INFO  server.RaftServerConfigKeys (ConfUtils.java:logGet(44)) - raft.server.rpc.sleep.time = 25ms (default)
2022-02-07 01:11:52,507 [pool-78-thread-1] INFO  server.RaftServerConfigKeys (ConfUtils.java:logGet(44)) - raft.server.rpc.slowness.timeout = 120000ms (custom)
2022-02-07 01:11:52,507 [pool-78-thread-1] INFO  server.RaftServerConfigKeys (ConfUtils.java:logGet(44)) - raft.server.leaderelection.leader.step-down.wait-time = 10s (default)
2022-02-07 01:11:52,507 [pool-78-thread-1] INFO  server.RaftServerConfigKeys (ConfUtils.java:logGet(44)) - raft.server.sleep.deviation.threshold = 300ms (default)
2022-02-07 01:11:52,507 [pool-78-thread-1] INFO  server.RaftServerConfigKeys (ConfUtils.java:logGet(44)) - raft.server.log.appender.install.snapshot.enabled = false (custom)
2022-02-07 01:11:52,508 [pool-78-thread-1] INFO  server.RaftServer$Division (ServerState.java:<init>(105)) - 86291b25-4585-4db4-8d7d-b3c8a3a17a2e@group-ABA150E4F4C7: ConfigurationManager, init=-1: [86291b25-4585-4db4-8d7d-b3c8a3a17a2e|rpc:fv-az12-249:9894|priority:0], old=null, confs=<EMPTY_MAP>
2022-02-07 01:11:52,508 [pool-78-thread-1] INFO  server.RaftServerConfigKeys (ConfUtils.java:logGet(44)) - raft.server.storage.dir = [/home/runner/work/ozone/ozone/hadoop-ozone/integration-test/target/test-dir/MiniOzoneClusterImpl-bf974671-0ee4-44cd-a16a-aba150e4f4c7/ozone-meta/scm-ha] (custom)
2022-02-07 01:11:52,508 [pool-78-thread-1] INFO  server.RaftServerConfigKeys (ConfUtils.java:logGet(44)) - raft.server.log.corruption.policy = EXCEPTION (default)
2022-02-07 01:11:52,508 [pool-78-thread-1] INFO  server.RaftServerConfigKeys (ConfUtils.java:logGet(44)) - raft.server.storage.free-space.min = 0MB (=0) (default)
2022-02-07 01:11:52,508 [pool-78-thread-1] INFO  storage.RaftStorageDirectory (RaftStorageDirectoryImpl.java:analyzeStorage(135)) - The storage directory /home/runner/work/ozone/ozone/hadoop-ozone/integration-test/target/test-dir/MiniOzoneClusterImpl-bf974671-0ee4-44cd-a16a-aba150e4f4c7/ozone-meta/scm-ha/bf974671-0ee4-44cd-a16a-aba150e4f4c7 does not exist. Creating ...
2022-02-07 01:11:52,517 [pool-78-thread-1] INFO  storage.RaftStorageDirectory (RaftStorageDirectoryImpl.java:tryLock(230)) - Lock on /home/runner/work/ozone/ozone/hadoop-ozone/integration-test/target/test-dir/MiniOzoneClusterImpl-bf974671-0ee4-44cd-a16a-aba150e4f4c7/ozone-meta/scm-ha/bf974671-0ee4-44cd-a16a-aba150e4f4c7/in_use.lock acquired by nodename 24381@fv-az12-249
2022-02-07 01:11:52,527 [pool-78-thread-1] INFO  storage.RaftStorage (RaftStorageImpl.java:format(89)) - Storage directory /home/runner/work/ozone/ozone/hadoop-ozone/integration-test/target/test-dir/MiniOzoneClusterImpl-bf974671-0ee4-44cd-a16a-aba150e4f4c7/ozone-meta/scm-ha/bf974671-0ee4-44cd-a16a-aba150e4f4c7 has been successfully formatted.
2022-02-07 01:11:52,527 [pool-78-thread-1] INFO  server.RaftServerConfigKeys (ConfUtils.java:logGet(44)) - raft.server.notification.no-leader.timeout = 60s (default)
2022-02-07 01:11:52,527 [pool-78-thread-1] INFO  server.RaftServerConfigKeys (ConfUtils.java:logGet(44)) - raft.server.log.use.memory = false (default)
2022-02-07 01:11:52,527 [pool-78-thread-1] INFO  server.RaftServerConfigKeys (ConfUtils.java:logGet(44)) - raft.server.log.purge.gap = 1000000 (custom)
2022-02-07 01:11:52,527 [pool-78-thread-1] INFO  server.RaftServerConfigKeys (ConfUtils.java:logGet(44)) - raft.server.log.appender.buffer.byte-limit = 33554432 (custom)
2022-02-07 01:11:52,528 [pool-78-thread-1] INFO  server.RaftServerConfigKeys (ConfUtils.java:logGet(44)) - raft.server.log.segment.size.max = 4194304 (custom)
2022-02-07 01:11:52,528 [pool-78-thread-1] INFO  server.RaftServerConfigKeys (ConfUtils.java:logGet(44)) - raft.server.log.segment.cache.num.max = 2 (custom)
2022-02-07 01:11:52,528 [pool-78-thread-1] INFO  server.RaftServerConfigKeys (ConfUtils.java:logGet(44)) - raft.server.log.segment.cache.size.max = 200MB (=209715200) (default)
2022-02-07 01:11:52,528 [pool-78-thread-1] INFO  segmented.SegmentedRaftLogWorker (SegmentedRaftLogWorker.java:<init>(182)) - new 86291b25-4585-4db4-8d7d-b3c8a3a17a2e@group-ABA150E4F4C7-SegmentedRaftLogWorker for RaftStorageImpl:Storage Directory /home/runner/work/ozone/ozone/hadoop-ozone/integration-test/target/test-dir/MiniOzoneClusterImpl-bf974671-0ee4-44cd-a16a-aba150e4f4c7/ozone-meta/scm-ha/bf974671-0ee4-44cd-a16a-aba150e4f4c7
2022-02-07 01:11:52,528 [pool-78-thread-1] INFO  server.RaftServerConfigKeys (ConfUtils.java:logGet(44)) - raft.server.log.queue.byte-limit = 64MB (=67108864) (default)
2022-02-07 01:11:52,528 [pool-78-thread-1] INFO  server.RaftServerConfigKeys (ConfUtils.java:logGet(44)) - raft.server.log.queue.element-limit = 4096 (default)
2022-02-07 01:11:52,528 [pool-78-thread-1] INFO  server.RaftServerConfigKeys (ConfUtils.java:logGet(44)) - raft.server.log.segment.size.max = 4194304 (custom)
2022-02-07 01:11:52,528 [pool-78-thread-1] INFO  server.RaftServerConfigKeys (ConfUtils.java:logGet(44)) - raft.server.log.preallocated.size = 4194304 (custom)
2022-02-07 01:11:52,528 [pool-78-thread-1] INFO  server.RaftServerConfigKeys (ConfUtils.java:logGet(44)) - raft.server.log.force.sync.num = 128 (default)
2022-02-07 01:11:52,528 [pool-78-thread-1] INFO  server.RaftServerConfigKeys (ConfUtils.java:logGet(44)) - raft.server.log.statemachine.data.sync = true (default)
2022-02-07 01:11:52,528 [pool-78-thread-1] INFO  server.RaftServerConfigKeys (ConfUtils.java:logGet(44)) - raft.server.log.statemachine.data.sync.timeout = 10s (default)
2022-02-07 01:11:52,528 [pool-78-thread-1] INFO  server.RaftServerConfigKeys (ConfUtils.java:logGet(44)) - raft.server.log.statemachine.data.sync.timeout.retry = -1 (default)
2022-02-07 01:11:52,529 [pool-78-thread-1] INFO  server.RaftServerConfigKeys (ConfUtils.java:logGet(44)) - raft.server.log.write.buffer.size = 64KB (=65536) (default)
2022-02-07 01:11:52,529 [pool-78-thread-1] INFO  server.RaftServerConfigKeys (ConfUtils.java:logGet(44)) - raft.server.log.statemachine.data.caching.enabled = false (default)
2022-02-07 01:11:52,529 [pool-78-thread-1] INFO  segmented.SegmentedRaftLogWorker (SegmentedRaftLogWorker.java:lambda$new$0(133)) - 86291b25-4585-4db4-8d7d-b3c8a3a17a2e@group-ABA150E4F4C7-SegmentedRaftLogWorker: flushIndex: setUnconditionally 0 -> -1
2022-02-07 01:11:52,530 [pool-78-thread-1] INFO  segmented.SegmentedRaftLogWorker (SegmentedRaftLogWorker.java:lambda$new$0(133)) - 86291b25-4585-4db4-8d7d-b3c8a3a17a2e@group-ABA150E4F4C7-SegmentedRaftLogWorker: safeCacheEvictIndex: setUnconditionally 0 -> -1
2022-02-07 01:11:52,534 [pool-78-thread-1] INFO  server.RaftServerConfigKeys (ConfUtils.java:logGet(44)) - raft.server.snapshot.auto.trigger.enabled = true (custom)
2022-02-07 01:11:52,535 [pool-78-thread-1] INFO  server.RaftServerConfigKeys (ConfUtils.java:logGet(44)) - raft.server.snapshot.auto.trigger.threshold = 1000 (custom)
2022-02-07 01:11:52,535 [pool-78-thread-1] INFO  server.RaftServerConfigKeys (ConfUtils.java:logGet(44)) - raft.server.snapshot.retention.file.num = -1 (default)
2022-02-07 01:11:52,535 [pool-78-thread-1] INFO  server.RaftServerConfigKeys (ConfUtils.java:logGet(44)) - raft.server.log.purge.upto.snapshot.index = false (default)
2022-02-07 01:11:52,535 [pool-78-thread-1] INFO  server.RaftServerConfigKeys (ConfUtils.java:logGet(44)) - raft.server.retrycache.expirytime = 60000ms (default)
2022-02-07 01:11:52,535 [pool-78-thread-1] INFO  server.RaftServerConfigKeys (ConfUtils.java:logGet(44)) - raft.server.retrycache.statistics.expirytime = 100μs (default)
2022-02-07 01:11:52,538 [Time-limited test] INFO  server.RaftServer$Division (RaftServerImpl.java:start(301)) - 86291b25-4585-4db4-8d7d-b3c8a3a17a2e@group-ABA150E4F4C7: start as a follower, conf=-1: [86291b25-4585-4db4-8d7d-b3c8a3a17a2e|rpc:fv-az12-249:9894|priority:0], old=null
2022-02-07 01:11:52,538 [Time-limited test] INFO  server.RaftServer$Division (RaftServerImpl.java:setRole(290)) - 86291b25-4585-4db4-8d7d-b3c8a3a17a2e@group-ABA150E4F4C7: changes role from      null to FOLLOWER at term 0 for startAsFollower
2022-02-07 01:11:52,538 [Time-limited test] INFO  impl.RoleInfo (RoleInfo.java:updateAndGet(130)) - 86291b25-4585-4db4-8d7d-b3c8a3a17a2e: start 86291b25-4585-4db4-8d7d-b3c8a3a17a2e@group-ABA150E4F4C7-FollowerState
2022-02-07 01:11:52,543 [Time-limited test] INFO  util.JmxRegister (JmxRegister.java:tryRegister(44)) - Successfully registered JMX Bean with object name Ratis:service=RaftServer,group=group-ABA150E4F4C7,id=86291b25-4585-4db4-8d7d-b3c8a3a17a2e
2022-02-07 01:11:52,543 [Time-limited test] INFO  server.RaftServer (RaftServerProxy.java:lambda$start$5(374)) - 86291b25-4585-4db4-8d7d-b3c8a3a17a2e: start RPC server
2022-02-07 01:11:52,545 [Time-limited test] INFO  server.GrpcService (GrpcService.java:startImpl(253)) - 86291b25-4585-4db4-8d7d-b3c8a3a17a2e: GrpcService started, listening on 9894
2022-02-07 01:11:52,545 [org.apache.ratis.util.JvmPauseMonitor$$Lambda$431/1288267183@80a7337] INFO  util.JvmPauseMonitor (JvmPauseMonitor.java:run(103)) - JvmPauseMonitor-86291b25-4585-4db4-8d7d-b3c8a3a17a2e: Started
2022-02-07 01:11:57,651 [86291b25-4585-4db4-8d7d-b3c8a3a17a2e@group-ABA150E4F4C7-FollowerState] INFO  impl.FollowerState (FollowerState.java:run(134)) - 86291b25-4585-4db4-8d7d-b3c8a3a17a2e@group-ABA150E4F4C7-FollowerState: change to CANDIDATE, lastRpcElapsedTime:5113593748ns, electionTimeout:5108ms
2022-02-07 01:11:57,652 [86291b25-4585-4db4-8d7d-b3c8a3a17a2e@group-ABA150E4F4C7-FollowerState] INFO  impl.RoleInfo (RoleInfo.java:shutdownFollowerState(108)) - 86291b25-4585-4db4-8d7d-b3c8a3a17a2e: shutdown 86291b25-4585-4db4-8d7d-b3c8a3a17a2e@group-ABA150E4F4C7-FollowerState
2022-02-07 01:11:57,652 [86291b25-4585-4db4-8d7d-b3c8a3a17a2e@group-ABA150E4F4C7-FollowerState] INFO  server.RaftServer$Division (RaftServerImpl.java:setRole(290)) - 86291b25-4585-4db4-8d7d-b3c8a3a17a2e@group-ABA150E4F4C7: changes role from  FOLLOWER to CANDIDATE at term 0 for changeToCandidate
2022-02-07 01:11:57,652 [86291b25-4585-4db4-8d7d-b3c8a3a17a2e@group-ABA150E4F4C7-FollowerState] INFO  server.RaftServerConfigKeys (ConfUtils.java:logGet(44)) - raft.server.leaderelection.pre-vote = false (custom)
2022-02-07 01:11:57,652 [86291b25-4585-4db4-8d7d-b3c8a3a17a2e@group-ABA150E4F4C7-FollowerState] INFO  impl.RoleInfo (RoleInfo.java:updateAndGet(130)) - 86291b25-4585-4db4-8d7d-b3c8a3a17a2e: start 86291b25-4585-4db4-8d7d-b3c8a3a17a2e@group-ABA150E4F4C7-LeaderElection4
2022-02-07 01:11:57,659 [86291b25-4585-4db4-8d7d-b3c8a3a17a2e@group-ABA150E4F4C7-LeaderElection4] INFO  impl.LeaderElection (LeaderElection.java:askForVotes(306)) - 86291b25-4585-4db4-8d7d-b3c8a3a17a2e@group-ABA150E4F4C7-LeaderElection4 ELECTION round 0: submit vote requests at term 1 for -1: [86291b25-4585-4db4-8d7d-b3c8a3a17a2e|rpc:fv-az12-249:9894|priority:0], old=null
2022-02-07 01:11:57,659 [86291b25-4585-4db4-8d7d-b3c8a3a17a2e@group-ABA150E4F4C7-LeaderElection4] INFO  impl.LeaderElection (LeaderElection.java:askForVotes(308)) - 86291b25-4585-4db4-8d7d-b3c8a3a17a2e@group-ABA150E4F4C7-LeaderElection4 ELECTION round 0: result PASSED (term=1)
2022-02-07 01:11:57,659 [86291b25-4585-4db4-8d7d-b3c8a3a17a2e@group-ABA150E4F4C7-LeaderElection4] INFO  impl.RoleInfo (RoleInfo.java:shutdownLeaderElection(121)) - 86291b25-4585-4db4-8d7d-b3c8a3a17a2e: shutdown 86291b25-4585-4db4-8d7d-b3c8a3a17a2e@group-ABA150E4F4C7-LeaderElection4
2022-02-07 01:11:57,659 [86291b25-4585-4db4-8d7d-b3c8a3a17a2e@group-ABA150E4F4C7-LeaderElection4] INFO  server.RaftServer$Division (RaftServerImpl.java:setRole(290)) - 86291b25-4585-4db4-8d7d-b3c8a3a17a2e@group-ABA150E4F4C7: changes role from CANDIDATE to LEADER at term 1 for changeToLeader
2022-02-07 01:11:57,659 [86291b25-4585-4db4-8d7d-b3c8a3a17a2e@group-ABA150E4F4C7-LeaderElection4] INFO  server.RaftServer$Division (ServerState.java:setLeader(285)) - 86291b25-4585-4db4-8d7d-b3c8a3a17a2e@group-ABA150E4F4C7: change Leader from null to 86291b25-4585-4db4-8d7d-b3c8a3a17a2e at term 1 for becomeLeader, leader elected after 5132ms
2022-02-07 01:11:57,660 [86291b25-4585-4db4-8d7d-b3c8a3a17a2e@group-ABA150E4F4C7-LeaderElection4] INFO  server.RaftServerConfigKeys (ConfUtils.java:logGet(44)) - raft.server.staging.catchup.gap = 1000 (default)
2022-02-07 01:11:57,661 [86291b25-4585-4db4-8d7d-b3c8a3a17a2e@group-ABA150E4F4C7-LeaderElection4] INFO  server.RaftServerConfigKeys (ConfUtils.java:logGet(44)) - raft.server.write.element-limit = 4096 (default)
2022-02-07 01:11:57,661 [86291b25-4585-4db4-8d7d-b3c8a3a17a2e@group-ABA150E4F4C7-LeaderElection4] INFO  server.RaftServerConfigKeys (ConfUtils.java:logGet(44)) - raft.server.write.byte-limit = 64MB (=67108864) (default)
2022-02-07 01:11:57,662 [86291b25-4585-4db4-8d7d-b3c8a3a17a2e@group-ABA150E4F4C7-LeaderElection4] INFO  server.RaftServerConfigKeys (ConfUtils.java:logGet(44)) - raft.server.watch.timeout = 10s (default)
2022-02-07 01:11:57,662 [86291b25-4585-4db4-8d7d-b3c8a3a17a2e@group-ABA150E4F4C7-LeaderElection4] INFO  server.RaftServerConfigKeys (ConfUtils.java:logGet(44)) - raft.server.watch.timeout.denomination = 1s (default)
2022-02-07 01:11:57,662 [86291b25-4585-4db4-8d7d-b3c8a3a17a2e@group-ABA150E4F4C7-LeaderElection4] INFO  server.RaftServerConfigKeys (ConfUtils.java:logGet(44)) - raft.server.watch.element-limit = 65536 (default)
2022-02-07 01:11:57,662 [86291b25-4585-4db4-8d7d-b3c8a3a17a2e@group-ABA150E4F4C7-LeaderElection4] INFO  server.RaftServerConfigKeys (ConfUtils.java:logGet(44)) - raft.server.write.element-limit = 4096 (default)
2022-02-07 01:11:57,663 [86291b25-4585-4db4-8d7d-b3c8a3a17a2e@group-ABA150E4F4C7-LeaderElection4] INFO  server.RaftServerConfigKeys (ConfUtils.java:logGet(44)) - raft.server.write.follower.gap.ratio.max = -1.0 (default)
2022-02-07 01:11:57,663 [86291b25-4585-4db4-8d7d-b3c8a3a17a2e@group-ABA150E4F4C7-LeaderElection4] INFO  impl.RoleInfo (RoleInfo.java:updateAndGet(130)) - 86291b25-4585-4db4-8d7d-b3c8a3a17a2e: start 86291b25-4585-4db4-8d7d-b3c8a3a17a2e@group-ABA150E4F4C7-LeaderStateImpl
2022-02-07 01:11:57,663 [86291b25-4585-4db4-8d7d-b3c8a3a17a2e@group-ABA150E4F4C7-LeaderElection4] INFO  segmented.SegmentedRaftLogWorker (SegmentedRaftLogWorker.java:startLogSegment(394)) - 86291b25-4585-4db4-8d7d-b3c8a3a17a2e@group-ABA150E4F4C7-SegmentedRaftLogWorker: Starting segment from index:0
2022-02-07 01:11:57,669 [86291b25-4585-4db4-8d7d-b3c8a3a17a2e@group-ABA150E4F4C7-LeaderElection4] INFO  server.RaftServer$Division (ServerState.java:setRaftConf(387)) - 86291b25-4585-4db4-8d7d-b3c8a3a17a2e@group-ABA150E4F4C7: set configuration 0: [86291b25-4585-4db4-8d7d-b3c8a3a17a2e|rpc:fv-az12-249:9894|admin:|client:|dataStream:|priority:0], old=null
2022-02-07 01:11:57,673 [86291b25-4585-4db4-8d7d-b3c8a3a17a2e@group-ABA150E4F4C7-SegmentedRaftLogWorker] INFO  segmented.SegmentedRaftLogWorker (SegmentedRaftLogWorker.java:execute(601)) - 86291b25-4585-4db4-8d7d-b3c8a3a17a2e@group-ABA150E4F4C7-SegmentedRaftLogWorker: created new log segment /home/runner/work/ozone/ozone/hadoop-ozone/integration-test/target/test-dir/MiniOzoneClusterImpl-bf974671-0ee4-44cd-a16a-aba150e4f4c7/ozone-meta/scm-ha/bf974671-0ee4-44cd-a16a-aba150e4f4c7/current/log_inprogress_0
2022-02-07 01:11:58,547 [Time-limited test] INFO  server.RaftServer (RaftServerProxy.java:lambda$close$6(391)) - 86291b25-4585-4db4-8d7d-b3c8a3a17a2e: close
2022-02-07 01:11:58,547 [Time-limited test] INFO  server.RaftServer$Division (RaftServerImpl.java:lambda$close$4(412)) - 86291b25-4585-4db4-8d7d-b3c8a3a17a2e@group-ABA150E4F4C7: shutdown
2022-02-07 01:11:58,547 [Time-limited test] INFO  util.JmxRegister (JmxRegister.java:unregister(73)) - Successfully un-registered JMX Bean with object name Ratis:service=RaftServer,group=group-ABA150E4F4C7,id=86291b25-4585-4db4-8d7d-b3c8a3a17a2e
2022-02-07 01:11:58,547 [Time-limited test] INFO  impl.RoleInfo (RoleInfo.java:shutdownLeaderState(91)) - 86291b25-4585-4db4-8d7d-b3c8a3a17a2e: shutdown 86291b25-4585-4db4-8d7d-b3c8a3a17a2e@group-ABA150E4F4C7-LeaderStateImpl
2022-02-07 01:11:58,548 [Time-limited test] INFO  impl.PendingRequests (PendingRequests.java:sendNotLeaderResponses(282)) - 86291b25-4585-4db4-8d7d-b3c8a3a17a2e@group-ABA150E4F4C7-PendingRequests: sendNotLeaderResponses
2022-02-07 01:11:58,549 [86291b25-4585-4db4-8d7d-b3c8a3a17a2e@group-ABA150E4F4C7-StateMachineUpdater] INFO  impl.StateMachineUpdater (StateMachineUpdater.java:takeSnapshot(281)) - 86291b25-4585-4db4-8d7d-b3c8a3a17a2e@group-ABA150E4F4C7-StateMachineUpdater: Took a snapshot at index 0
2022-02-07 01:11:58,549 [86291b25-4585-4db4-8d7d-b3c8a3a17a2e@group-ABA150E4F4C7-StateMachineUpdater] INFO  impl.StateMachineUpdater (StateMachineUpdater.java:lambda$new$0(89)) - 86291b25-4585-4db4-8d7d-b3c8a3a17a2e@group-ABA150E4F4C7-StateMachineUpdater: snapshotIndex: updateIncreasingly -1 -> 0
2022-02-07 01:11:58,549 [Time-limited test] INFO  impl.StateMachineUpdater (StateMachineUpdater.java:stopAndJoin(149)) - 86291b25-4585-4db4-8d7d-b3c8a3a17a2e@group-ABA150E4F4C7-StateMachineUpdater: set stopIndex = 0
2022-02-07 01:11:58,550 [Time-limited test] INFO  server.RaftServer$Division (ServerState.java:close(419)) - 86291b25-4585-4db4-8d7d-b3c8a3a17a2e@group-ABA150E4F4C7: closes. applyIndex: 0
2022-02-07 01:11:58,550 [86291b25-4585-4db4-8d7d-b3c8a3a17a2e@group-ABA150E4F4C7-SegmentedRaftLogWorker] INFO  segmented.SegmentedRaftLogWorker (SegmentedRaftLogWorker.java:run(327)) - 86291b25-4585-4db4-8d7d-b3c8a3a17a2e@group-ABA150E4F4C7-SegmentedRaftLogWorker was interrupted, exiting. There are 0 tasks remaining in the queue.
2022-02-07 01:11:58,551 [Time-limited test] INFO  segmented.SegmentedRaftLogWorker (SegmentedRaftLogWorker.java:close(237)) - 86291b25-4585-4db4-8d7d-b3c8a3a17a2e@group-ABA150E4F4C7-SegmentedRaftLogWorker close()
2022-02-07 01:11:58,552 [Time-limited test] INFO  server.GrpcService (GrpcService.java:closeImpl(262)) - 86291b25-4585-4db4-8d7d-b3c8a3a17a2e: shutdown server with port 9894 now
2022-02-07 01:11:58,554 [Time-limited test] INFO  server.GrpcService (GrpcService.java:closeImpl(271)) - 86291b25-4585-4db4-8d7d-b3c8a3a17a2e: shutdown server with port 9894 successfully
2022-02-07 01:11:58,554 [org.apache.ratis.util.JvmPauseMonitor$$Lambda$431/1288267183@80a7337] INFO  util.JvmPauseMonitor (JvmPauseMonitor.java:run(109)) - JvmPauseMonitor-86291b25-4585-4db4-8d7d-b3c8a3a17a2e: Stopped
2022-02-07 01:11:58,554 [Time-limited test] INFO  ha.SCMHANodeDetails (SCMHANodeDetails.java:loadSCMHAConfig(157)) - ServiceID for StorageContainerManager is null
2022-02-07 01:11:58,554 [Time-limited test] INFO  ha.SCMHANodeDetails (SCMHANodeDetails.java:loadSCMHAConfig(162)) - ozone.scm.default.service.id is not defined, falling back to ozone.scm.service.ids to find serviceID for StorageContainerManager if it is HA enabled cluster
2022-02-07 01:11:58,556 [Time-limited test] WARN  server.ServerUtils (ServerUtils.java:getScmDbDir(148)) - ozone.scm.db.dirs is not configured. We recommend adding this setting. Falling back to ozone.metadata.dirs instead.
2022-02-07 01:11:58,557 [Time-limited test] INFO  upgrade.AbstractLayoutVersionManager (AbstractLayoutVersionManager.java:init(79)) - Initializing Layout version manager with metadata layout = SCM_HA (version = 2), software layout = SCM_HA (version = 2)
2022-02-07 01:11:58,647 [Time-limited test] INFO  reflections.Reflections (Reflections.java:scan(232)) - Reflections took 85 ms to scan 7 urls, producing 119 keys and 279 values 
2022-02-07 01:11:58,649 [Time-limited test] WARN  utils.HAUtils (HAUtils.java:getMetaDir(342)) - ozone.scm.db.dirs is not configured. We recommend adding this setting. Falling back to ozone.metadata.dirs instead.
2022-02-07 01:11:58,650 [Time-limited test] WARN  db.DBStoreBuilder (DBStoreBuilder.java:applyDBDefinition(145)) - ozone.scm.db.dirs is not configured. We recommend adding this setting. Falling back to ozone.metadata.dirs instead.
2022-02-07 01:11:58,724 [Time-limited test] INFO  net.NodeSchemaLoader (NodeSchemaLoader.java:loadSchemaFromFile(129)) - Loading schema from [jar:file:/home/runner/.m2/repository/org/apache/ozone/hdds-common/1.3.0-SNAPSHOT/hdds-common-1.3.0-SNAPSHOT.jar!/network-topology-default.xml]
2022-02-07 01:11:58,724 [Time-limited test] INFO  net.NodeSchemaLoader (NodeSchemaLoader.java:loadSchema(176)) - Loading network topology layer schema file
2022-02-07 01:11:58,730 [Time-limited test] INFO  ha.SCMRatisServerImpl (SCMRatisServerImpl.java:<init>(87)) - starting Raft server for scm:86291b25-4585-4db4-8d7d-b3c8a3a17a2e
2022-02-07 01:11:58,731 [Time-limited test] INFO  server.RaftServer (ConfUtils.java:logGet(44)) - raft.rpc.type = GRPC (default)
2022-02-07 01:11:58,731 [Time-limited test] INFO  grpc.GrpcFactory (GrpcFactory.java:checkPooledByteBufAllocatorUseCacheForAllThreads(48)) - PERFORMANCE WARNING: useCacheForAllThreads is true that may cause Netty to create a lot garbage objects and, as a result, trigger GC.
	It is recommended to disable useCacheForAllThreads by setting -Dorg.apache.ratis.thirdparty.io.netty.allocator.useCacheForAllThreads=false in command line.
2022-02-07 01:11:58,732 [Time-limited test] INFO  grpc.GrpcConfigKeys (ConfUtils.java:logGet(44)) - raft.grpc.admin.port = -1 (default)
2022-02-07 01:11:58,732 [Time-limited test] INFO  grpc.GrpcConfigKeys (ConfUtils.java:logGet(44)) - raft.grpc.server.port = 9894 (custom)
2022-02-07 01:11:58,732 [Time-limited test] INFO  grpc.GrpcConfigKeys (ConfUtils.java:logGet(44)) - raft.grpc.client.port = -1 (default)
2022-02-07 01:11:58,732 [Time-limited test] INFO  grpc.GrpcConfigKeys (ConfUtils.java:logGet(44)) - raft.grpc.server.port = 9894 (custom)
2022-02-07 01:11:58,732 [Time-limited test] INFO  grpc.GrpcConfigKeys (ConfUtils.java:logGet(44)) - raft.grpc.server.port = 9894 (custom)
2022-02-07 01:11:58,732 [Time-limited test] INFO  server.GrpcService (ConfUtils.java:logGet(44)) - raft.grpc.message.size.max = 32m (=33554432) (custom)
2022-02-07 01:11:58,732 [Time-limited test] INFO  server.RaftServerConfigKeys (ConfUtils.java:logGet(44)) - raft.server.log.appender.buffer.byte-limit = 33554432 (custom)
2022-02-07 01:11:58,732 [Time-limited test] INFO  server.GrpcService (ConfUtils.java:logGet(44)) - raft.grpc.flow.control.window = 1MB (=1048576) (default)
2022-02-07 01:11:58,732 [Time-limited test] INFO  server.RaftServerConfigKeys (ConfUtils.java:logGet(44)) - raft.server.rpc.request.timeout = 30000ms (custom)
2022-02-07 01:11:58,733 [Time-limited test] INFO  impl.DataStreamServerImpl (ConfUtils.java:logGet(44)) - raft.datastream.type = DISABLED (default)
2022-02-07 01:11:58,734 [Time-limited test] INFO  server.RaftServerConfigKeys (ConfUtils.java:logGet(44)) - raft.server.rpc.slowness.timeout = 120000ms (custom)
2022-02-07 01:11:58,734 [Time-limited test] INFO  server.RaftServerConfigKeys (ConfUtils.java:logGet(44)) - raft.server.leaderelection.leader.step-down.wait-time = 10s (default)
2022-02-07 01:11:58,734 [Time-limited test] INFO  server.RaftServerConfigKeys (ConfUtils.java:logGet(44)) - raft.server.storage.dir = [/home/runner/work/ozone/ozone/hadoop-ozone/integration-test/target/test-dir/MiniOzoneClusterImpl-bf974671-0ee4-44cd-a16a-aba150e4f4c7/ozone-meta/scm-ha] (custom)
2022-02-07 01:11:58,734 [Time-limited test] INFO  server.RaftServer (RaftServerProxy.java:lambda$null$1(235)) - 86291b25-4585-4db4-8d7d-b3c8a3a17a2e: found a subdirectory /home/runner/work/ozone/ozone/hadoop-ozone/integration-test/target/test-dir/MiniOzoneClusterImpl-bf974671-0ee4-44cd-a16a-aba150e4f4c7/ozone-meta/scm-ha/bf974671-0ee4-44cd-a16a-aba150e4f4c7
2022-02-07 01:11:58,734 [Time-limited test] INFO  server.RaftServer (RaftServerProxy.java:addNew(95)) - 86291b25-4585-4db4-8d7d-b3c8a3a17a2e: addNew group-ABA150E4F4C7:[] returns group-ABA150E4F4C7:java.util.concurrent.CompletableFuture@37f3ac90[Not completed]
2022-02-07 01:11:58,735 [pool-91-thread-1] INFO  server.RaftServer$Division (RaftServerImpl.java:<init>(184)) - 86291b25-4585-4db4-8d7d-b3c8a3a17a2e: new RaftServerImpl for group-ABA150E4F4C7:[] with SCMStateMachine:uninitialized
2022-02-07 01:11:58,735 [pool-91-thread-1] INFO  server.RaftServerConfigKeys (ConfUtils.java:logGet(44)) - raft.server.rpc.timeout.min = 5000ms (custom)
2022-02-07 01:11:58,735 [pool-91-thread-1] INFO  server.RaftServerConfigKeys (ConfUtils.java:logGet(44)) - raft.server.rpc.timeout.max = 5200ms (custom)
2022-02-07 01:11:58,736 [pool-91-thread-1] INFO  server.RaftServerConfigKeys (ConfUtils.java:logGet(44)) - raft.server.rpc.sleep.time = 25ms (default)
2022-02-07 01:11:58,736 [pool-91-thread-1] INFO  server.RaftServerConfigKeys (ConfUtils.java:logGet(44)) - raft.server.rpc.slowness.timeout = 120000ms (custom)
2022-02-07 01:11:58,736 [pool-91-thread-1] INFO  server.RaftServerConfigKeys (ConfUtils.java:logGet(44)) - raft.server.leaderelection.leader.step-down.wait-time = 10s (default)
2022-02-07 01:11:58,739 [pool-91-thread-1] INFO  server.RaftServerConfigKeys (ConfUtils.java:logGet(44)) - raft.server.sleep.deviation.threshold = 300ms (default)
2022-02-07 01:11:58,739 [pool-91-thread-1] INFO  server.RaftServerConfigKeys (ConfUtils.java:logGet(44)) - raft.server.log.appender.install.snapshot.enabled = false (custom)
2022-02-07 01:11:58,739 [pool-91-thread-1] INFO  server.RaftServer$Division (ServerState.java:<init>(105)) - 86291b25-4585-4db4-8d7d-b3c8a3a17a2e@group-ABA150E4F4C7: ConfigurationManager, init=-1: [], old=null, confs=<EMPTY_MAP>
2022-02-07 01:11:58,739 [pool-91-thread-1] INFO  server.RaftServerConfigKeys (ConfUtils.java:logGet(44)) - raft.server.storage.dir = [/home/runner/work/ozone/ozone/hadoop-ozone/integration-test/target/test-dir/MiniOzoneClusterImpl-bf974671-0ee4-44cd-a16a-aba150e4f4c7/ozone-meta/scm-ha] (custom)
2022-02-07 01:11:58,740 [pool-91-thread-1] INFO  server.RaftServerConfigKeys (ConfUtils.java:logGet(44)) - raft.server.log.corruption.policy = EXCEPTION (default)
2022-02-07 01:11:58,740 [pool-91-thread-1] INFO  server.RaftServerConfigKeys (ConfUtils.java:logGet(44)) - raft.server.storage.free-space.min = 0MB (=0) (default)
2022-02-07 01:11:58,741 [pool-91-thread-1] INFO  storage.RaftStorageDirectory (RaftStorageDirectoryImpl.java:tryLock(230)) - Lock on /home/runner/work/ozone/ozone/hadoop-ozone/integration-test/target/test-dir/MiniOzoneClusterImpl-bf974671-0ee4-44cd-a16a-aba150e4f4c7/ozone-meta/scm-ha/bf974671-0ee4-44cd-a16a-aba150e4f4c7/in_use.lock acquired by nodename 24381@fv-az12-249
2022-02-07 01:11:58,741 [pool-91-thread-1] INFO  storage.RaftStorage (RaftStorageImpl.java:analyzeAndRecoverStorage(110)) - Read RaftStorageMetadata{term=1, votedFor=86291b25-4585-4db4-8d7d-b3c8a3a17a2e} from /home/runner/work/ozone/ozone/hadoop-ozone/integration-test/target/test-dir/MiniOzoneClusterImpl-bf974671-0ee4-44cd-a16a-aba150e4f4c7/ozone-meta/scm-ha/bf974671-0ee4-44cd-a16a-aba150e4f4c7/current/raft-meta
2022-02-07 01:11:58,742 [pool-91-thread-1] INFO  server.RaftServer$Division (ServerState.java:setRaftConf(387)) - 86291b25-4585-4db4-8d7d-b3c8a3a17a2e@group-ABA150E4F4C7: set configuration 0: [86291b25-4585-4db4-8d7d-b3c8a3a17a2e|rpc:fv-az12-249:9894|admin:|client:|dataStream:|priority:0], old=null
2022-02-07 01:11:58,742 [pool-91-thread-1] INFO  server.RaftServerConfigKeys (ConfUtils.java:logGet(44)) - raft.server.notification.no-leader.timeout = 60s (default)
2022-02-07 01:11:58,742 [pool-91-thread-1] INFO  server.RaftServerConfigKeys (ConfUtils.java:logGet(44)) - raft.server.log.use.memory = false (default)
2022-02-07 01:11:58,742 [pool-91-thread-1] INFO  server.RaftServerConfigKeys (ConfUtils.java:logGet(44)) - raft.server.log.purge.gap = 1000000 (custom)
2022-02-07 01:11:58,742 [pool-91-thread-1] INFO  server.RaftServerConfigKeys (ConfUtils.java:logGet(44)) - raft.server.log.appender.buffer.byte-limit = 33554432 (custom)
2022-02-07 01:11:58,743 [pool-91-thread-1] INFO  server.RaftServerConfigKeys (ConfUtils.java:logGet(44)) - raft.server.log.segment.size.max = 4194304 (custom)
2022-02-07 01:11:58,744 [pool-91-thread-1] INFO  server.RaftServerConfigKeys (ConfUtils.java:logGet(44)) - raft.server.log.segment.cache.num.max = 2 (custom)
2022-02-07 01:11:58,744 [pool-91-thread-1] INFO  server.RaftServerConfigKeys (ConfUtils.java:logGet(44)) - raft.server.log.segment.cache.size.max = 200MB (=209715200) (default)
2022-02-07 01:11:58,744 [pool-91-thread-1] INFO  segmented.SegmentedRaftLogWorker (SegmentedRaftLogWorker.java:<init>(182)) - new 86291b25-4585-4db4-8d7d-b3c8a3a17a2e@group-ABA150E4F4C7-SegmentedRaftLogWorker for RaftStorageImpl:Storage Directory /home/runner/work/ozone/ozone/hadoop-ozone/integration-test/target/test-dir/MiniOzoneClusterImpl-bf974671-0ee4-44cd-a16a-aba150e4f4c7/ozone-meta/scm-ha/bf974671-0ee4-44cd-a16a-aba150e4f4c7
2022-02-07 01:11:58,744 [pool-91-thread-1] INFO  server.RaftServerConfigKeys (ConfUtils.java:logGet(44)) - raft.server.log.queue.byte-limit = 64MB (=67108864) (default)
2022-02-07 01:11:58,744 [pool-91-thread-1] INFO  server.RaftServerConfigKeys (ConfUtils.java:logGet(44)) - raft.server.log.queue.element-limit = 4096 (default)
2022-02-07 01:11:58,744 [pool-91-thread-1] INFO  server.RaftServerConfigKeys (ConfUtils.java:logGet(44)) - raft.server.log.segment.size.max = 4194304 (custom)
2022-02-07 01:11:58,745 [pool-91-thread-1] INFO  server.RaftServerConfigKeys (ConfUtils.java:logGet(44)) - raft.server.log.preallocated.size = 4194304 (custom)
2022-02-07 01:11:58,745 [pool-91-thread-1] INFO  server.RaftServerConfigKeys (ConfUtils.java:logGet(44)) - raft.server.log.force.sync.num = 128 (default)
2022-02-07 01:11:58,745 [pool-91-thread-1] INFO  server.RaftServerConfigKeys (ConfUtils.java:logGet(44)) - raft.server.log.statemachine.data.sync = true (default)
2022-02-07 01:11:58,745 [pool-91-thread-1] INFO  server.RaftServerConfigKeys (ConfUtils.java:logGet(44)) - raft.server.log.statemachine.data.sync.timeout = 10s (default)
2022-02-07 01:11:58,745 [pool-91-thread-1] INFO  server.RaftServerConfigKeys (ConfUtils.java:logGet(44)) - raft.server.log.statemachine.data.sync.timeout.retry = -1 (default)
2022-02-07 01:11:58,750 [pool-91-thread-1] INFO  server.RaftServerConfigKeys (ConfUtils.java:logGet(44)) - raft.server.log.write.buffer.size = 64KB (=65536) (default)
2022-02-07 01:11:58,751 [pool-91-thread-1] INFO  server.RaftServerConfigKeys (ConfUtils.java:logGet(44)) - raft.server.log.statemachine.data.caching.enabled = false (default)
2022-02-07 01:11:58,753 [pool-91-thread-1] INFO  server.RaftServer$Division (ServerState.java:setRaftConf(387)) - 86291b25-4585-4db4-8d7d-b3c8a3a17a2e@group-ABA150E4F4C7: set configuration 0: [86291b25-4585-4db4-8d7d-b3c8a3a17a2e|rpc:fv-az12-249:9894|admin:|client:|dataStream:|priority:0], old=null
2022-02-07 01:11:58,753 [pool-91-thread-1] INFO  segmented.LogSegment (LogSegment.java:loadSegment(173)) - Successfully read 1 entries from segment file /home/runner/work/ozone/ozone/hadoop-ozone/integration-test/target/test-dir/MiniOzoneClusterImpl-bf974671-0ee4-44cd-a16a-aba150e4f4c7/ozone-meta/scm-ha/bf974671-0ee4-44cd-a16a-aba150e4f4c7/current/log_inprogress_0
2022-02-07 01:11:58,753 [pool-91-thread-1] INFO  segmented.SegmentedRaftLogWorker (SegmentedRaftLogWorker.java:lambda$new$0(133)) - 86291b25-4585-4db4-8d7d-b3c8a3a17a2e@group-ABA150E4F4C7-SegmentedRaftLogWorker: flushIndex: setUnconditionally 0 -> 0
2022-02-07 01:11:58,753 [pool-91-thread-1] INFO  segmented.SegmentedRaftLogWorker (SegmentedRaftLogWorker.java:lambda$new$0(133)) - 86291b25-4585-4db4-8d7d-b3c8a3a17a2e@group-ABA150E4F4C7-SegmentedRaftLogWorker: safeCacheEvictIndex: setUnconditionally 0 -> -1
2022-02-07 01:11:58,753 [pool-91-thread-1] INFO  server.RaftServerConfigKeys (ConfUtils.java:logGet(44)) - raft.server.snapshot.auto.trigger.enabled = true (custom)
2022-02-07 01:11:58,753 [pool-91-thread-1] INFO  server.RaftServerConfigKeys (ConfUtils.java:logGet(44)) - raft.server.snapshot.auto.trigger.threshold = 1000 (custom)
2022-02-07 01:11:58,753 [pool-91-thread-1] INFO  server.RaftServerConfigKeys (ConfUtils.java:logGet(44)) - raft.server.snapshot.retention.file.num = -1 (default)
2022-02-07 01:11:58,753 [pool-91-thread-1] INFO  server.RaftServerConfigKeys (ConfUtils.java:logGet(44)) - raft.server.log.purge.upto.snapshot.index = false (default)
2022-02-07 01:11:58,753 [pool-91-thread-1] INFO  server.RaftServerConfigKeys (ConfUtils.java:logGet(44)) - raft.server.retrycache.expirytime = 60000ms (default)
2022-02-07 01:11:58,754 [pool-91-thread-1] INFO  server.RaftServerConfigKeys (ConfUtils.java:logGet(44)) - raft.server.retrycache.statistics.expirytime = 100μs (default)
2022-02-07 01:11:58,756 [Time-limited test] INFO  ha.SCMSnapshotProvider (SCMSnapshotProvider.java:<init>(66)) - Initializing SCM Snapshot Provider
2022-02-07 01:11:58,756 [Time-limited test] WARN  server.ServerUtils (ServerUtils.java:getDefaultRatisDirectory(237)) - Storage directory for Ratis is not configured. It is a good idea to map this to an SSD disk. Falling back to ozone.metadata.dirs
2022-02-07 01:11:58,756 [Time-limited test] WARN  ha.SCMHAUtils (SCMHAUtils.java:getSCMRatisSnapshotDirectory(146)) - SCM snapshot dir is not configured. Falling back to ozone.metadata.dirs config
2022-02-07 01:11:58,759 [Time-limited test] INFO  ha.SequenceIdGenerator (SequenceIdGenerator.java:upgradeToSequenceId(347)) - upgrade localId to 109611004723200000
2022-02-07 01:11:58,759 [Time-limited test] INFO  ha.SequenceIdGenerator (SequenceIdGenerator.java:upgradeToSequenceId(357)) - upgrade delTxnId to 0
2022-02-07 01:11:58,759 [Time-limited test] INFO  ha.SequenceIdGenerator (SequenceIdGenerator.java:upgradeToSequenceId(371)) - upgrade containerId to 0
2022-02-07 01:11:58,759 [Time-limited test] INFO  ha.SequenceIdGenerator (SequenceIdGenerator.java:<init>(218)) - Init the HA SequenceIdGenerator.
2022-02-07 01:11:58,759 [Time-limited test] WARN  server.ServerUtils (ServerUtils.java:sanitizeUserArgs(73)) - ozone.scm.stale.node.interval value = 300000 is larger than max = 100000 based on the key value of ozone.scm.heartbeat.thread.interval, reset to the max value 100000.
2022-02-07 01:11:58,759 [Time-limited test] WARN  server.ServerUtils (ServerUtils.java:sanitizeUserArgs(73)) - ozone.scm.stale.node.interval value = 300000 is larger than max = 100000 based on the key value of ozone.scm.heartbeat.thread.interval, reset to the max value 100000.
2022-02-07 01:11:58,762 [Time-limited test] INFO  node.SCMNodeManager (SCMNodeManager.java:<init>(144)) - Entering startup safe mode.
2022-02-07 01:11:58,770 [Time-limited test] INFO  algorithms.ContainerPlacementPolicyFactory (ContainerPlacementPolicyFactory.java:getPolicy(60)) - Create container placement policy of type org.apache.hadoop.hdds.scm.container.placement.algorithms.SCMContainerPlacementRandom
2022-02-07 01:11:58,771 [Time-limited test] INFO  pipeline.PipelineStateManagerImpl (PipelineStateManagerImpl.java:initialize(78)) - No pipeline exists in current db
2022-02-07 01:11:58,771 [Time-limited test] INFO  algorithms.LeaderChoosePolicyFactory (LeaderChoosePolicyFactory.java:getPolicy(57)) - Create leader choose policy of type org.apache.hadoop.hdds.scm.pipeline.leader.choose.algorithms.MinLeaderCountChoosePolicy
2022-02-07 01:11:58,771 [Time-limited test] INFO  ha.SCMServiceManager (SCMServiceManager.java:register(43)) - Registering service BackgroundPipelineCreator.
2022-02-07 01:11:58,771 [Time-limited test] INFO  pipeline.BackgroundPipelineCreator (BackgroundPipelineCreator.java:start(130)) - Starting RatisPipelineUtilsThread.
2022-02-07 01:11:58,779 [Time-limited test] INFO  algorithms.PipelineChoosePolicyFactory (PipelineChoosePolicyFactory.java:createPipelineChoosePolicyFromClass(73)) - Create pipeline choose policy of type org.apache.hadoop.hdds.scm.pipeline.choose.algorithms.RandomPipelineChoosePolicy
2022-02-07 01:11:58,780 [Time-limited test] INFO  ha.SCMServiceManager (SCMServiceManager.java:register(43)) - Registering service SCMBlockDeletingService.
2022-02-07 01:11:58,780 [Time-limited test] INFO  ha.SCMServiceManager (SCMServiceManager.java:register(43)) - Registering service ReplicationManager.
2022-02-07 01:11:58,780 [Time-limited test] INFO  container.ReplicationManager (ReplicationManager.java:start(326)) - Starting Replication Monitor Thread.
2022-02-07 01:11:58,781 [Time-limited test] INFO  safemode.ContainerSafeModeRule (ContainerSafeModeRule.java:<init>(89)) - containers with one replica threshold count 0
2022-02-07 01:11:58,781 [Time-limited test] INFO  safemode.HealthyPipelineSafeModeRule (HealthyPipelineSafeModeRule.java:initializeRule(156)) - Total pipeline count is 0, healthy pipeline threshold count is 1
2022-02-07 01:11:58,781 [Time-limited test] INFO  safemode.OneReplicaPipelineSafeModeRule (OneReplicaPipelineSafeModeRule.java:initializeRule(180)) - Total pipeline count is 0, pipeline's with at least one datanode reported threshold count is 0
2022-02-07 01:11:58,795 [ReplicationMonitor] INFO  container.ReplicationManager (ReplicationManager.java:processAll(374)) - Replication Manager is not ready to run until 3000ms after safemode exit
2022-02-07 01:11:58,795 [Time-limited test] INFO  ipc.CallQueueManager (CallQueueManager.java:<init>(90)) - Using callQueue: class java.util.concurrent.LinkedBlockingQueue, queueCapacity: 2000, scheduler: class org.apache.hadoop.ipc.DefaultRpcScheduler, ipcBackoff: false.
2022-02-07 01:11:58,796 [Socket Reader #1 for port 0] INFO  ipc.Server (Server.java:run(1265)) - Starting Socket Reader #1 for port 0
2022-02-07 01:11:58,797 [Listener at 0.0.0.0/45141] INFO  ipc.CallQueueManager (CallQueueManager.java:<init>(90)) - Using callQueue: class java.util.concurrent.LinkedBlockingQueue, queueCapacity: 2000, scheduler: class org.apache.hadoop.ipc.DefaultRpcScheduler, ipcBackoff: false.
2022-02-07 01:11:58,800 [Socket Reader #1 for port 0] INFO  ipc.Server (Server.java:run(1265)) - Starting Socket Reader #1 for port 0
2022-02-07 01:11:58,800 [Listener at 0.0.0.0/45325] INFO  ipc.CallQueueManager (CallQueueManager.java:<init>(90)) - Using callQueue: class java.util.concurrent.LinkedBlockingQueue, queueCapacity: 2000, scheduler: class org.apache.hadoop.ipc.DefaultRpcScheduler, ipcBackoff: false.
2022-02-07 01:11:58,808 [Socket Reader #1 for port 0] INFO  ipc.Server (Server.java:run(1265)) - Starting Socket Reader #1 for port 0
2022-02-07 01:11:58,866 [Listener at 0.0.0.0/36735] INFO  algorithms.ContainerPlacementPolicyFactory (ContainerPlacementPolicyFactory.java:getPolicy(60)) - Create container placement policy of type org.apache.hadoop.hdds.scm.container.placement.algorithms.SCMContainerPlacementRandom
2022-02-07 01:11:58,867 [Listener at 0.0.0.0/36735] INFO  server.StorageContainerManager (StorageContainerManager.java:<init>(388)) - 
Container Balancer status:
Key                            Value
Running                        false
Container Balancer Configuration values:
Key                                                Value
Threshold                                          10
Max Datanodes to Involve per Iteration(percent)    20
Max Size to Move per Iteration                     500GB
Max Size Entering Target per Iteration             26GB
Max Size Leaving Source per Iteration              26GB

2022-02-07 01:11:58,867 [Listener at 0.0.0.0/36735] WARN  events.EventQueue (EventQueue.java:fireEvent(194)) - No event handler registered for event TypedEvent{payloadType=SafeModeStatus, name='Safe mode status'}
2022-02-07 01:11:58,867 [Listener at 0.0.0.0/36735] INFO  ha.SCMContext (SCMContext.java:updateSafeModeStatus(211)) - Update SafeModeStatus from SafeModeStatus{safeModeStatus=true, preCheckPassed=false} to SafeModeStatus{safeModeStatus=true, preCheckPassed=false}.
2022-02-07 01:11:58,868 [Listener at 0.0.0.0/36735] INFO  server.StorageContainerManager (StorageContainerManager.java:start(1303)) - StorageContainerLocationProtocol RPC server is listening at /0.0.0.0:36735
2022-02-07 01:11:58,868 [Listener at 0.0.0.0/36735] INFO  ha.SCMRatisServerImpl (SCMRatisServerImpl.java:start(177)) - starting ratis server 0.0.0.0:9894
2022-02-07 01:11:58,868 [Listener at 0.0.0.0/36735] INFO  server.RaftServer$Division (RaftServerImpl.java:start(301)) - 86291b25-4585-4db4-8d7d-b3c8a3a17a2e@group-ABA150E4F4C7: start as a follower, conf=0: [86291b25-4585-4db4-8d7d-b3c8a3a17a2e|rpc:fv-az12-249:9894|admin:|client:|dataStream:|priority:0], old=null
2022-02-07 01:11:58,868 [Listener at 0.0.0.0/36735] INFO  server.RaftServer$Division (RaftServerImpl.java:setRole(290)) - 86291b25-4585-4db4-8d7d-b3c8a3a17a2e@group-ABA150E4F4C7: changes role from      null to FOLLOWER at term 1 for startAsFollower
2022-02-07 01:11:58,868 [Listener at 0.0.0.0/36735] INFO  impl.RoleInfo (RoleInfo.java:updateAndGet(130)) - 86291b25-4585-4db4-8d7d-b3c8a3a17a2e: start 86291b25-4585-4db4-8d7d-b3c8a3a17a2e@group-ABA150E4F4C7-FollowerState
2022-02-07 01:11:58,871 [Listener at 0.0.0.0/36735] INFO  util.JmxRegister (JmxRegister.java:tryRegister(44)) - Successfully registered JMX Bean with object name Ratis:service=RaftServer,group=group-ABA150E4F4C7,id=86291b25-4585-4db4-8d7d-b3c8a3a17a2e
2022-02-07 01:11:58,871 [Listener at 0.0.0.0/36735] INFO  server.RaftServer (RaftServerProxy.java:lambda$start$5(374)) - 86291b25-4585-4db4-8d7d-b3c8a3a17a2e: start RPC server
2022-02-07 01:11:58,873 [Listener at 0.0.0.0/36735] INFO  server.GrpcService (GrpcService.java:startImpl(253)) - 86291b25-4585-4db4-8d7d-b3c8a3a17a2e: GrpcService started, listening on 9894
2022-02-07 01:11:58,878 [Listener at 0.0.0.0/36735] INFO  ha.SCMHAManagerImpl (SCMHAManagerImpl.java:start(121)) -  scm role is FOLLOWER peers [86291b25-4585-4db4-8d7d-b3c8a3a17a2e|rpc:fv-az12-249:9894|admin:|client:|dataStream:|priority:0]
2022-02-07 01:11:58,879 [Listener at 0.0.0.0/36735] INFO  ha.InterSCMGrpcService (InterSCMGrpcProtocolService.java:start(94)) - Starting SCM Grpc Service at port 9895
2022-02-07 01:11:58,884 [Listener at 0.0.0.0/36735] WARN  impl.MetricsConfig (MetricsConfig.java:loadFirst(136)) - Cannot locate configuration: tried hadoop-metrics2-storagecontainermanager.properties,hadoop-metrics2.properties
2022-02-07 01:11:58,887 [Listener at 0.0.0.0/36735] INFO  impl.MetricsSystemImpl (MetricsSystemImpl.java:startTimer(378)) - Scheduled Metric snapshot period at 10 second(s).
2022-02-07 01:11:58,887 [Listener at 0.0.0.0/36735] INFO  impl.MetricsSystemImpl (MetricsSystemImpl.java:start(191)) - StorageContainerManager metrics system started
2022-02-07 01:11:58,892 [org.apache.ratis.util.JvmPauseMonitor$$Lambda$431/1288267183@268c2e86] INFO  util.JvmPauseMonitor (JvmPauseMonitor.java:run(103)) - JvmPauseMonitor-86291b25-4585-4db4-8d7d-b3c8a3a17a2e: Started
2022-02-07 01:11:58,893 [Listener at 0.0.0.0/36735] INFO  impl.MetricsSinkAdapter (MetricsSinkAdapter.java:start(204)) - Sink prometheus started
2022-02-07 01:11:58,895 [Listener at 0.0.0.0/36735] INFO  impl.MetricsSystemImpl (MetricsSystemImpl.java:registerSink(305)) - Registered sink prometheus
2022-02-07 01:11:58,927 [Listener at 0.0.0.0/36735] INFO  server.SCMClientProtocolServer (SCMClientProtocolServer.java:start(165)) - RPC server for Client  is listening at /0.0.0.0:36735
2022-02-07 01:11:58,932 [IPC Server Responder] INFO  ipc.Server (Server.java:run(1507)) - IPC Server Responder: starting
2022-02-07 01:11:58,932 [IPC Server listener on 0] INFO  ipc.Server (Server.java:run(1344)) - IPC Server listener on 0: starting
2022-02-07 01:11:58,951 [Listener at 0.0.0.0/36735] INFO  server.StorageContainerManager (StorageContainerManager.java:start(1318)) - ScmBlockLocationProtocol RPC server is listening at /0.0.0.0:45325
2022-02-07 01:11:58,951 [Listener at 0.0.0.0/36735] INFO  server.SCMBlockProtocolServer (SCMBlockProtocolServer.java:start(151)) - RPC server for Block Protocol is listening at /0.0.0.0:45325
2022-02-07 01:11:58,952 [IPC Server Responder] INFO  ipc.Server (Server.java:run(1507)) - IPC Server Responder: starting
2022-02-07 01:11:58,952 [IPC Server listener on 0] INFO  ipc.Server (Server.java:run(1344)) - IPC Server listener on 0: starting
2022-02-07 01:11:58,963 [Listener at 0.0.0.0/36735] INFO  http.BaseHttpServer (BaseHttpServer.java:newHttpServer2BuilderForOzone(209)) - Starting Web-server for scm at: http://0.0.0.0:0
2022-02-07 01:11:58,963 [org.apache.hadoop.util.JvmPauseMonitor$Monitor@1ece0680] INFO  util.JvmPauseMonitor (JvmPauseMonitor.java:run(188)) - Starting JVM pause monitor
2022-02-07 01:11:58,963 [Listener at 0.0.0.0/36735] INFO  http.BaseHttpServer (BaseHttpServer.java:<init>(107)) - Hadoop Security Enabled: false Ozone Security Enabled: false Ozone HTTP Security Enabled: false 
2022-02-07 01:11:58,964 [Listener at 0.0.0.0/36735] INFO  server.AuthenticationFilter (AuthenticationFilter.java:constructSecretProvider(240)) - Unable to initialize FileSignerSecretProvider, falling back to use random secrets.
2022-02-07 01:11:58,968 [Listener at 0.0.0.0/36735] WARN  http.HttpRequestLog (HttpRequestLog.java:getRequestLog(103)) - Jetty request log can only be enabled using Log4j
2022-02-07 01:11:58,969 [Listener at 0.0.0.0/36735] INFO  http.HttpServer2 (HttpServer2.java:addGlobalFilter(1030)) - Added global filter 'safety' (class=org.apache.hadoop.hdds.server.http.HttpServer2$QuotingInputFilter)
2022-02-07 01:11:58,970 [Listener at 0.0.0.0/36735] INFO  http.HttpServer2 (HttpServer2.java:addFilter(1006)) - Added filter static_user_filter (class=org.apache.hadoop.http.lib.StaticUserWebFilter$StaticUserFilter) to context scm
2022-02-07 01:11:58,970 [Listener at 0.0.0.0/36735] INFO  http.HttpServer2 (HttpServer2.java:addFilter(1014)) - Added filter static_user_filter (class=org.apache.hadoop.http.lib.StaticUserWebFilter$StaticUserFilter) to context logs
2022-02-07 01:11:58,970 [Listener at 0.0.0.0/36735] INFO  http.HttpServer2 (HttpServer2.java:addFilter(1014)) - Added filter static_user_filter (class=org.apache.hadoop.http.lib.StaticUserWebFilter$StaticUserFilter) to context static
2022-02-07 01:11:58,970 [Listener at 0.0.0.0/36735] INFO  http.HttpServer2 (HttpServer2.java:bindListener(1249)) - Jetty bound to port 37759
2022-02-07 01:11:58,970 [Listener at 0.0.0.0/36735] INFO  server.Server (Server.java:doStart(375)) - jetty-9.4.43.v20210629; built: 2021-06-30T11:07:22.254Z; git: 526006ecfa3af7f1a27ef3a288e2bef7ea9dd7e8; jvm 1.8.0_312-b07
2022-02-07 01:11:58,979 [Listener at 0.0.0.0/36735] INFO  server.session (DefaultSessionIdManager.java:doStart(334)) - DefaultSessionIdManager workerName=node0
2022-02-07 01:11:58,979 [Listener at 0.0.0.0/36735] INFO  server.session (DefaultSessionIdManager.java:doStart(339)) - No SessionScavenger set, using defaults
2022-02-07 01:11:58,979 [Listener at 0.0.0.0/36735] INFO  server.session (HouseKeeper.java:startScavenging(132)) - node0 Scavenging every 600000ms
2022-02-07 01:11:58,980 [Listener at 0.0.0.0/36735] INFO  handler.ContextHandler (ContextHandler.java:doStart(915)) - Started o.e.j.s.ServletContextHandler@1b258c86{logs,/logs,file:///home/runner/work/ozone/ozone/hadoop-ozone/integration-test/target/log,AVAILABLE}
2022-02-07 01:11:58,985 [Listener at 0.0.0.0/36735] INFO  handler.ContextHandler (ContextHandler.java:doStart(915)) - Started o.e.j.s.ServletContextHandler@45760fec{static,/static,file:///home/runner/work/ozone/ozone/hadoop-ozone/integration-test/target/test-classes/webapps/static,AVAILABLE}
2022-02-07 01:11:58,989 [Listener at 0.0.0.0/36735] INFO  handler.ContextHandler (ContextHandler.java:doStart(915)) - Started o.e.j.w.WebAppContext@55debb7e{scm,/,file:///home/runner/work/ozone/ozone/hadoop-ozone/integration-test/target/test-classes/webapps/scm/,AVAILABLE}{file:/home/runner/work/ozone/ozone/hadoop-ozone/integration-test/target/test-classes/webapps/scm}
2022-02-07 01:11:58,992 [Listener at 0.0.0.0/36735] INFO  server.AbstractConnector (AbstractConnector.java:doStart(331)) - Started ServerConnector@f8d9594{HTTP/1.1, (http/1.1)}{0.0.0.0:37759}
2022-02-07 01:11:58,992 [Listener at 0.0.0.0/36735] INFO  server.Server (Server.java:doStart(415)) - Started @38203ms
2022-02-07 01:11:58,992 [Listener at 0.0.0.0/36735] WARN  impl.MetricsSystemImpl (MetricsSystemImpl.java:register(279)) - Sink prometheus already exists!
2022-02-07 01:11:58,993 [Listener at 0.0.0.0/36735] INFO  http.BaseHttpServer (BaseHttpServer.java:updateConnectorAddress(329)) - HTTP server of scm listening at http://0.0.0.0:37759
2022-02-07 01:11:58,993 [Listener at 0.0.0.0/36735] WARN  server.ServerUtils (ServerUtils.java:getDBPath(225)) - ozone.om.db.dirs is not configured. We recommend adding this setting. Falling back to ozone.metadata.dirs instead.
2022-02-07 01:11:58,995 [Listener at 0.0.0.0/36735] INFO  ha.OMHANodeDetails (OMHANodeDetails.java:loadOMHAConfig(112)) - ozone.om.internal.service.id is not defined, falling back to ozone.om.service.ids to find serviceID for OzoneManager if it is HA enabled cluster
2022-02-07 01:11:58,995 [Listener at 0.0.0.0/36735] INFO  ha.OMHANodeDetails (OMHANodeDetails.java:loadOMHAConfig(218)) - Configuration does not have ozone.om.address set. Falling back to the default OM address /127.0.0.1:0
2022-02-07 01:11:58,995 [Listener at 0.0.0.0/36735] INFO  ha.OMHANodeDetails (OMHANodeDetails.java:getOMNodeDetailsForNonHA(246)) - OM Service ID is not set. Setting it to the default ID: omServiceIdDefault
2022-02-07 01:11:58,995 [Listener at 0.0.0.0/36735] INFO  ha.OMHANodeDetails (OMHANodeDetails.java:getOMNodeDetailsForNonHA(253)) - OM Node ID is not set. Setting it to the default ID: om1
2022-02-07 01:11:58,997 [Listener at 0.0.0.0/36735] WARN  server.ServerUtils (ServerUtils.java:getDBPath(225)) - ozone.om.db.dirs is not configured. We recommend adding this setting. Falling back to ozone.metadata.dirs instead.
2022-02-07 01:11:58,998 [Listener at 0.0.0.0/36735] INFO  upgrade.AbstractLayoutVersionManager (AbstractLayoutVersionManager.java:init(79)) - Initializing Layout version manager with metadata layout = INITIAL_VERSION (version = 0), software layout = INITIAL_VERSION (version = 0)
2022-02-07 01:11:59,055 [Listener at 0.0.0.0/36735] INFO  reflections.Reflections (Reflections.java:scan(232)) - Reflections took 55 ms to scan 2 urls, producing 133 keys and 348 values [using 2 cores]
2022-02-07 01:11:59,055 [Listener at 0.0.0.0/36735] INFO  upgrade.OMLayoutVersionManager (OMLayoutVersionManager.java:lambda$0(115)) - Skipping Upgrade Action MockOmUpgradeAction since it has been finalized.
2022-02-07 01:11:59,055 [Listener at 0.0.0.0/36735] WARN  server.ServerUtils (ServerUtils.java:getDBPath(225)) - ozone.om.db.dirs is not configured. We recommend adding this setting. Falling back to ozone.metadata.dirs instead.
2022-02-07 01:12:01,077 [Listener at 0.0.0.0/36735] INFO  retry.RetryInvocationHandler (RetryInvocationHandler.java:log(411)) - com.google.protobuf.ServiceException: org.apache.hadoop.ipc.RemoteException(org.apache.hadoop.hdds.ratis.ServerNotLeaderException): Server:86291b25-4585-4db4-8d7d-b3c8a3a17a2e is not the leader. Could not determine the leader node.
	at org.apache.hadoop.hdds.ratis.ServerNotLeaderException.convertToNotLeaderException(ServerNotLeaderException.java:109)
	at org.apache.hadoop.hdds.scm.ha.RatisUtil.checkRatisException(RatisUtil.java:245)
	at org.apache.hadoop.hdds.scm.protocol.ScmBlockLocationProtocolServerSideTranslatorPB.send(ScmBlockLocationProtocolServerSideTranslatorPB.java:108)
	at org.apache.hadoop.hdds.protocol.proto.ScmBlockLocationProtocolProtos$ScmBlockLocationProtocolService$2.callBlockingMethod(ScmBlockLocationProtocolProtos.java:13937)
	at org.apache.hadoop.ipc.ProtobufRpcEngine$Server.processCall(ProtobufRpcEngine.java:466)
	at org.apache.hadoop.ipc.ProtobufRpcEngine2$Server$ProtoBufRpcInvoker.call(ProtobufRpcEngine2.java:574)
	at org.apache.hadoop.ipc.ProtobufRpcEngine2$Server$ProtoBufRpcInvoker.call(ProtobufRpcEngine2.java:552)
	at org.apache.hadoop.ipc.RPC$Server.call(RPC.java:1093)
	at org.apache.hadoop.ipc.Server$RpcCall.run(Server.java:1035)
	at org.apache.hadoop.ipc.Server$RpcCall.run(Server.java:963)
	at java.security.AccessController.doPrivileged(Native Method)
	at javax.security.auth.Subject.doAs(Subject.java:422)
	at org.apache.hadoop.security.UserGroupInformation.doAs(UserGroupInformation.java:1878)
	at org.apache.hadoop.ipc.Server$Handler.run(Server.java:2966)
, while invoking $Proxy44.send over nodeId=scmNodeId,nodeAddress=/0.0.0.0:45325 after 1 failover attempts. Trying to failover after sleeping for 2000ms.
2022-02-07 01:12:03,082 [Listener at 0.0.0.0/36735] INFO  retry.RetryInvocationHandler (RetryInvocationHandler.java:log(411)) - com.google.protobuf.ServiceException: org.apache.hadoop.ipc.RemoteException(org.apache.hadoop.hdds.ratis.ServerNotLeaderException): Server:86291b25-4585-4db4-8d7d-b3c8a3a17a2e is not the leader. Could not determine the leader node.
	at org.apache.hadoop.hdds.ratis.ServerNotLeaderException.convertToNotLeaderException(ServerNotLeaderException.java:109)
	at org.apache.hadoop.hdds.scm.ha.RatisUtil.checkRatisException(RatisUtil.java:245)
	at org.apache.hadoop.hdds.scm.protocol.ScmBlockLocationProtocolServerSideTranslatorPB.send(ScmBlockLocationProtocolServerSideTranslatorPB.java:108)
	at org.apache.hadoop.hdds.protocol.proto.ScmBlockLocationProtocolProtos$ScmBlockLocationProtocolService$2.callBlockingMethod(ScmBlockLocationProtocolProtos.java:13937)
	at org.apache.hadoop.ipc.ProtobufRpcEngine$Server.processCall(ProtobufRpcEngine.java:466)
	at org.apache.hadoop.ipc.ProtobufRpcEngine2$Server$ProtoBufRpcInvoker.call(ProtobufRpcEngine2.java:574)
	at org.apache.hadoop.ipc.ProtobufRpcEngine2$Server$ProtoBufRpcInvoker.call(ProtobufRpcEngine2.java:552)
	at org.apache.hadoop.ipc.RPC$Server.call(RPC.java:1093)
	at org.apache.hadoop.ipc.Server$RpcCall.run(Server.java:1035)
	at org.apache.hadoop.ipc.Server$RpcCall.run(Server.java:963)
	at java.security.AccessController.doPrivileged(Native Method)
	at javax.security.auth.Subject.doAs(Subject.java:422)
	at org.apache.hadoop.security.UserGroupInformation.doAs(UserGroupInformation.java:1878)
	at org.apache.hadoop.ipc.Server$Handler.run(Server.java:2966)
, while invoking $Proxy44.send over nodeId=scmNodeId,nodeAddress=/0.0.0.0:45325 after 2 failover attempts. Trying to failover after sleeping for 2000ms.
2022-02-07 01:12:04,014 [86291b25-4585-4db4-8d7d-b3c8a3a17a2e@group-ABA150E4F4C7-FollowerState] INFO  impl.FollowerState (FollowerState.java:run(134)) - 86291b25-4585-4db4-8d7d-b3c8a3a17a2e@group-ABA150E4F4C7-FollowerState: change to CANDIDATE, lastRpcElapsedTime:5145544533ns, electionTimeout:5134ms
2022-02-07 01:12:04,015 [86291b25-4585-4db4-8d7d-b3c8a3a17a2e@group-ABA150E4F4C7-FollowerState] INFO  impl.RoleInfo (RoleInfo.java:shutdownFollowerState(108)) - 86291b25-4585-4db4-8d7d-b3c8a3a17a2e: shutdown 86291b25-4585-4db4-8d7d-b3c8a3a17a2e@group-ABA150E4F4C7-FollowerState
2022-02-07 01:12:04,015 [86291b25-4585-4db4-8d7d-b3c8a3a17a2e@group-ABA150E4F4C7-FollowerState] INFO  server.RaftServer$Division (RaftServerImpl.java:setRole(290)) - 86291b25-4585-4db4-8d7d-b3c8a3a17a2e@group-ABA150E4F4C7: changes role from  FOLLOWER to CANDIDATE at term 1 for changeToCandidate
2022-02-07 01:12:04,015 [86291b25-4585-4db4-8d7d-b3c8a3a17a2e@group-ABA150E4F4C7-FollowerState] INFO  server.RaftServerConfigKeys (ConfUtils.java:logGet(44)) - raft.server.leaderelection.pre-vote = false (custom)
2022-02-07 01:12:04,015 [86291b25-4585-4db4-8d7d-b3c8a3a17a2e@group-ABA150E4F4C7-FollowerState] INFO  impl.RoleInfo (RoleInfo.java:updateAndGet(130)) - 86291b25-4585-4db4-8d7d-b3c8a3a17a2e: start 86291b25-4585-4db4-8d7d-b3c8a3a17a2e@group-ABA150E4F4C7-LeaderElection5
2022-02-07 01:12:04,022 [86291b25-4585-4db4-8d7d-b3c8a3a17a2e@group-ABA150E4F4C7-LeaderElection5] INFO  impl.LeaderElection (LeaderElection.java:askForVotes(306)) - 86291b25-4585-4db4-8d7d-b3c8a3a17a2e@group-ABA150E4F4C7-LeaderElection5 ELECTION round 0: submit vote requests at term 2 for 0: [86291b25-4585-4db4-8d7d-b3c8a3a17a2e|rpc:fv-az12-249:9894|admin:|client:|dataStream:|priority:0], old=null
2022-02-07 01:12:04,022 [86291b25-4585-4db4-8d7d-b3c8a3a17a2e@group-ABA150E4F4C7-LeaderElection5] INFO  impl.LeaderElection (LeaderElection.java:askForVotes(308)) - 86291b25-4585-4db4-8d7d-b3c8a3a17a2e@group-ABA150E4F4C7-LeaderElection5 ELECTION round 0: result PASSED (term=2)
2022-02-07 01:12:04,022 [86291b25-4585-4db4-8d7d-b3c8a3a17a2e@group-ABA150E4F4C7-LeaderElection5] INFO  impl.RoleInfo (RoleInfo.java:shutdownLeaderElection(121)) - 86291b25-4585-4db4-8d7d-b3c8a3a17a2e: shutdown 86291b25-4585-4db4-8d7d-b3c8a3a17a2e@group-ABA150E4F4C7-LeaderElection5
2022-02-07 01:12:04,023 [86291b25-4585-4db4-8d7d-b3c8a3a17a2e@group-ABA150E4F4C7-LeaderElection5] INFO  server.RaftServer$Division (RaftServerImpl.java:setRole(290)) - 86291b25-4585-4db4-8d7d-b3c8a3a17a2e@group-ABA150E4F4C7: changes role from CANDIDATE to LEADER at term 2 for changeToLeader
2022-02-07 01:12:04,023 [86291b25-4585-4db4-8d7d-b3c8a3a17a2e@group-ABA150E4F4C7-LeaderElection5] INFO  ha.SCMStateMachine (SCMStateMachine.java:notifyLeaderChanged(259)) - current SCM becomes leader of term 2.
2022-02-07 01:12:04,023 [86291b25-4585-4db4-8d7d-b3c8a3a17a2e@group-ABA150E4F4C7-LeaderElection5] INFO  ha.SCMContext (SCMContext.java:updateLeaderAndTerm(90)) - update <isLeader,term> from <false,0> to <true,2>
2022-02-07 01:12:04,030 [86291b25-4585-4db4-8d7d-b3c8a3a17a2e@group-ABA150E4F4C7-LeaderElection5] INFO  server.RaftServer$Division (ServerState.java:setLeader(285)) - 86291b25-4585-4db4-8d7d-b3c8a3a17a2e@group-ABA150E4F4C7: change Leader from null to 86291b25-4585-4db4-8d7d-b3c8a3a17a2e at term 2 for becomeLeader, leader elected after 5280ms
2022-02-07 01:12:04,031 [86291b25-4585-4db4-8d7d-b3c8a3a17a2e@group-ABA150E4F4C7-LeaderElection5] INFO  server.RaftServerConfigKeys (ConfUtils.java:logGet(44)) - raft.server.staging.catchup.gap = 1000 (default)
2022-02-07 01:12:04,032 [86291b25-4585-4db4-8d7d-b3c8a3a17a2e@group-ABA150E4F4C7-LeaderElection5] INFO  server.RaftServerConfigKeys (ConfUtils.java:logGet(44)) - raft.server.write.element-limit = 4096 (default)
2022-02-07 01:12:04,032 [86291b25-4585-4db4-8d7d-b3c8a3a17a2e@group-ABA150E4F4C7-LeaderElection5] INFO  server.RaftServerConfigKeys (ConfUtils.java:logGet(44)) - raft.server.write.byte-limit = 64MB (=67108864) (default)
2022-02-07 01:12:04,035 [86291b25-4585-4db4-8d7d-b3c8a3a17a2e@group-ABA150E4F4C7-LeaderElection5] INFO  server.RaftServerConfigKeys (ConfUtils.java:logGet(44)) - raft.server.watch.timeout = 10s (default)
2022-02-07 01:12:04,035 [86291b25-4585-4db4-8d7d-b3c8a3a17a2e@group-ABA150E4F4C7-LeaderElection5] INFO  server.RaftServerConfigKeys (ConfUtils.java:logGet(44)) - raft.server.watch.timeout.denomination = 1s (default)
2022-02-07 01:12:04,036 [86291b25-4585-4db4-8d7d-b3c8a3a17a2e@group-ABA150E4F4C7-LeaderElection5] INFO  server.RaftServerConfigKeys (ConfUtils.java:logGet(44)) - raft.server.watch.element-limit = 65536 (default)
2022-02-07 01:12:04,043 [86291b25-4585-4db4-8d7d-b3c8a3a17a2e@group-ABA150E4F4C7-LeaderElection5] INFO  server.RaftServerConfigKeys (ConfUtils.java:logGet(44)) - raft.server.write.element-limit = 4096 (default)
2022-02-07 01:12:04,044 [86291b25-4585-4db4-8d7d-b3c8a3a17a2e@group-ABA150E4F4C7-LeaderElection5] INFO  server.RaftServerConfigKeys (ConfUtils.java:logGet(44)) - raft.server.write.follower.gap.ratio.max = -1.0 (default)
2022-02-07 01:12:04,044 [86291b25-4585-4db4-8d7d-b3c8a3a17a2e@group-ABA150E4F4C7-LeaderElection5] INFO  impl.RoleInfo (RoleInfo.java:updateAndGet(130)) - 86291b25-4585-4db4-8d7d-b3c8a3a17a2e: start 86291b25-4585-4db4-8d7d-b3c8a3a17a2e@group-ABA150E4F4C7-LeaderStateImpl
2022-02-07 01:12:04,044 [86291b25-4585-4db4-8d7d-b3c8a3a17a2e@group-ABA150E4F4C7-LeaderElection5] INFO  segmented.SegmentedRaftLogWorker (SegmentedRaftLogWorker.java:rollLogSegment(399)) - 86291b25-4585-4db4-8d7d-b3c8a3a17a2e@group-ABA150E4F4C7-SegmentedRaftLogWorker: Rolling segment log-0_0 to index:0
2022-02-07 01:12:04,045 [86291b25-4585-4db4-8d7d-b3c8a3a17a2e@group-ABA150E4F4C7-SegmentedRaftLogWorker] INFO  segmented.SegmentedRaftLogWorker (SegmentedRaftLogWorker.java:execute(558)) - 86291b25-4585-4db4-8d7d-b3c8a3a17a2e@group-ABA150E4F4C7-SegmentedRaftLogWorker: Rolled log segment from /home/runner/work/ozone/ozone/hadoop-ozone/integration-test/target/test-dir/MiniOzoneClusterImpl-bf974671-0ee4-44cd-a16a-aba150e4f4c7/ozone-meta/scm-ha/bf974671-0ee4-44cd-a16a-aba150e4f4c7/current/log_inprogress_0 to /home/runner/work/ozone/ozone/hadoop-ozone/integration-test/target/test-dir/MiniOzoneClusterImpl-bf974671-0ee4-44cd-a16a-aba150e4f4c7/ozone-meta/scm-ha/bf974671-0ee4-44cd-a16a-aba150e4f4c7/current/log_0-0
2022-02-07 01:12:04,054 [86291b25-4585-4db4-8d7d-b3c8a3a17a2e@group-ABA150E4F4C7-LeaderElection5] INFO  server.RaftServer$Division (ServerState.java:setRaftConf(387)) - 86291b25-4585-4db4-8d7d-b3c8a3a17a2e@group-ABA150E4F4C7: set configuration 1: [86291b25-4585-4db4-8d7d-b3c8a3a17a2e|rpc:fv-az12-249:9894|admin:|client:|dataStream:|priority:0], old=null
2022-02-07 01:12:04,055 [86291b25-4585-4db4-8d7d-b3c8a3a17a2e@group-ABA150E4F4C7-SegmentedRaftLogWorker] INFO  segmented.SegmentedRaftLogWorker (SegmentedRaftLogWorker.java:execute(601)) - 86291b25-4585-4db4-8d7d-b3c8a3a17a2e@group-ABA150E4F4C7-SegmentedRaftLogWorker: created new log segment /home/runner/work/ozone/ozone/hadoop-ozone/integration-test/target/test-dir/MiniOzoneClusterImpl-bf974671-0ee4-44cd-a16a-aba150e4f4c7/ozone-meta/scm-ha/bf974671-0ee4-44cd-a16a-aba150e4f4c7/current/log_inprogress_1
2022-02-07 01:12:04,062 [86291b25-4585-4db4-8d7d-b3c8a3a17a2e@group-ABA150E4F4C7-StateMachineUpdater] INFO  ha.SCMContext (SCMContext.java:setLeaderReady(117)) - update <isLeaderReady> from <false> to <true>
2022-02-07 01:12:04,063 [86291b25-4585-4db4-8d7d-b3c8a3a17a2e@group-ABA150E4F4C7-StateMachineUpdater] INFO  pipeline.BackgroundPipelineCreator (BackgroundPipelineCreator.java:notifyStatusChanged(264)) - Service BackgroundPipelineCreator transitions to RUNNING.
2022-02-07 01:12:04,063 [86291b25-4585-4db4-8d7d-b3c8a3a17a2e@group-ABA150E4F4C7-StateMachineUpdater] INFO  safemode.HealthyPipelineSafeModeRule (HealthyPipelineSafeModeRule.java:initializeRule(152)) - Refreshed total pipeline count is 0, healthy pipeline threshold count is 1
2022-02-07 01:12:04,064 [86291b25-4585-4db4-8d7d-b3c8a3a17a2e@group-ABA150E4F4C7-StateMachineUpdater] INFO  safemode.ContainerSafeModeRule (ContainerSafeModeRule.java:reInitializeRule(177)) - Refreshed one replica container threshold 0, currentThreshold 0
2022-02-07 01:12:04,064 [86291b25-4585-4db4-8d7d-b3c8a3a17a2e@group-ABA150E4F4C7-StateMachineUpdater] INFO  safemode.OneReplicaPipelineSafeModeRule (OneReplicaPipelineSafeModeRule.java:initializeRule(176)) - Refreshed Total pipeline count is 0, pipeline's with at least one datanode reported threshold count is 0
2022-02-07 01:12:04,064 [86291b25-4585-4db4-8d7d-b3c8a3a17a2e@group-ABA150E4F4C7-StateMachineUpdater] INFO  server.SCMDatanodeProtocolServer (SCMDatanodeProtocolServer.java:start(181)) - ScmDatanodeProtocol RPC server for DataNodes is listening at /0.0.0.0:45141
2022-02-07 01:12:04,071 [IPC Server Responder] INFO  ipc.Server (Server.java:run(1507)) - IPC Server Responder: starting
2022-02-07 01:12:04,074 [IPC Server listener on 0] INFO  ipc.Server (Server.java:run(1344)) - IPC Server listener on 0: starting
2022-02-07 01:12:05,085 [Listener at 0.0.0.0/36735] WARN  server.ServerUtils (ServerUtils.java:getDBPath(225)) - ozone.om.db.dirs is not configured. We recommend adding this setting. Falling back to ozone.metadata.dirs instead.
2022-02-07 01:12:05,086 [Listener at 0.0.0.0/36735] INFO  codec.OmKeyInfoCodec (OmKeyInfoCodec.java:<init>(50)) - OmKeyInfoCodec ignorePipeline = true
2022-02-07 01:12:05,086 [Listener at 0.0.0.0/36735] INFO  codec.RepeatedOmKeyInfoCodec (RepeatedOmKeyInfoCodec.java:<init>(42)) - RepeatedOmKeyInfoCodec ignorePipeline = true
2022-02-07 01:12:05,210 [Listener at 0.0.0.0/36735] INFO  om.OzoneManager (OzoneManager.java:addS3GVolumeToDB(3732)) - Created Volume s3v With Owner runner required for S3Gateway operations.
2022-02-07 01:12:05,211 [Listener at 0.0.0.0/36735] WARN  server.ServerUtils (ServerUtils.java:getDefaultRatisDirectory(237)) - Storage directory for Ratis is not configured. It is a good idea to map this to an SSD disk. Falling back to ozone.metadata.dirs
2022-02-07 01:12:05,211 [Listener at 0.0.0.0/36735] WARN  utils.OzoneManagerRatisUtils (OzoneManagerRatisUtils.java:getOMRatisSnapshotDirectory(330)) - ozone.om.ratis.snapshot.dir is not configured. Falling back to ozone.metadata.dirs config
2022-02-07 01:12:05,212 [Listener at 0.0.0.0/36735] WARN  impl.MetricRegistriesImpl (MetricRegistriesImpl.java:addReporterRegistration(111)) - New reporters are added after registries were created. Some metrics will be missing from the reporter. Please add reporter before adding any new registry.
2022-02-07 01:12:05,212 [Listener at 0.0.0.0/36735] WARN  impl.MetricRegistriesImpl (MetricRegistriesImpl.java:addReporterRegistration(111)) - New reporters are added after registries were created. Some metrics will be missing from the reporter. Please add reporter before adding any new registry.
2022-02-07 01:12:05,212 [Listener at 0.0.0.0/36735] WARN  server.ServerUtils (ServerUtils.java:getDefaultRatisDirectory(237)) - Storage directory for Ratis is not configured. It is a good idea to map this to an SSD disk. Falling back to ozone.metadata.dirs
2022-02-07 01:12:05,213 [Listener at 0.0.0.0/36735] INFO  ratis.OzoneManagerRatisServer (OzoneManagerRatisServer.java:<init>(159)) - Instantiating OM Ratis server with groupID: omServiceIdDefault and peers: localhost:9872
2022-02-07 01:12:05,213 [Listener at 0.0.0.0/36735] INFO  ratis.OzoneManagerStateMachine (OzoneManagerStateMachine.java:loadSnapshotInfoFromDB(605)) - LastAppliedIndex is set from TransactionInfo from OM DB as (t:0, i:~)
2022-02-07 01:12:05,215 [Listener at 0.0.0.0/36735] INFO  server.RaftServer (ConfUtils.java:logGet(44)) - raft.rpc.type = GRPC (default)
2022-02-07 01:12:05,215 [Listener at 0.0.0.0/36735] INFO  grpc.GrpcFactory (GrpcFactory.java:checkPooledByteBufAllocatorUseCacheForAllThreads(48)) - PERFORMANCE WARNING: useCacheForAllThreads is true that may cause Netty to create a lot garbage objects and, as a result, trigger GC.
	It is recommended to disable useCacheForAllThreads by setting -Dorg.apache.ratis.thirdparty.io.netty.allocator.useCacheForAllThreads=false in command line.
2022-02-07 01:12:05,215 [Listener at 0.0.0.0/36735] INFO  grpc.GrpcConfigKeys (ConfUtils.java:logGet(44)) - raft.grpc.admin.port = -1 (default)
2022-02-07 01:12:05,215 [Listener at 0.0.0.0/36735] INFO  grpc.GrpcConfigKeys (ConfUtils.java:logGet(44)) - raft.grpc.server.port = 9872 (custom)
2022-02-07 01:12:05,215 [Listener at 0.0.0.0/36735] INFO  grpc.GrpcConfigKeys (ConfUtils.java:logGet(44)) - raft.grpc.client.port = -1 (default)
2022-02-07 01:12:05,215 [Listener at 0.0.0.0/36735] INFO  grpc.GrpcConfigKeys (ConfUtils.java:logGet(44)) - raft.grpc.server.port = 9872 (custom)
2022-02-07 01:12:05,215 [Listener at 0.0.0.0/36735] INFO  grpc.GrpcConfigKeys (ConfUtils.java:logGet(44)) - raft.grpc.server.port = 9872 (custom)
2022-02-07 01:12:05,215 [Listener at 0.0.0.0/36735] INFO  server.GrpcService (ConfUtils.java:logGet(44)) - raft.grpc.message.size.max = 33554432 (custom)
2022-02-07 01:12:05,215 [Listener at 0.0.0.0/36735] INFO  server.RaftServerConfigKeys (ConfUtils.java:logGet(44)) - raft.server.log.appender.buffer.byte-limit = 33554432 (custom)
2022-02-07 01:12:05,215 [Listener at 0.0.0.0/36735] INFO  server.GrpcService (ConfUtils.java:logGet(44)) - raft.grpc.flow.control.window = 1MB (=1048576) (default)
2022-02-07 01:12:05,215 [Listener at 0.0.0.0/36735] INFO  server.RaftServerConfigKeys (ConfUtils.java:logGet(44)) - raft.server.rpc.request.timeout = 3000ms (default)
2022-02-07 01:12:05,216 [Listener at 0.0.0.0/36735] INFO  impl.DataStreamServerImpl (ConfUtils.java:logGet(44)) - raft.datastream.type = DISABLED (default)
2022-02-07 01:12:05,217 [Listener at 0.0.0.0/36735] INFO  server.RaftServerConfigKeys (ConfUtils.java:logGet(44)) - raft.server.rpc.slowness.timeout = 120s (custom)
2022-02-07 01:12:05,217 [Listener at 0.0.0.0/36735] INFO  server.RaftServerConfigKeys (ConfUtils.java:logGet(44)) - raft.server.leaderelection.leader.step-down.wait-time = 10s (default)
2022-02-07 01:12:05,217 [Listener at 0.0.0.0/36735] INFO  server.RaftServerConfigKeys (ConfUtils.java:logGet(44)) - raft.server.storage.dir = [/home/runner/work/ozone/ozone/hadoop-ozone/integration-test/target/test-dir/MiniOzoneClusterImpl-bf974671-0ee4-44cd-a16a-aba150e4f4c7/ozone-meta/ratis] (custom)
2022-02-07 01:12:05,218 [Listener at 0.0.0.0/36735] INFO  server.RaftServer (RaftServerProxy.java:addNew(95)) - om1: addNew group-C5BA1605619E:[om1|rpc:localhost:9872|priority:0] returns group-C5BA1605619E:java.util.concurrent.CompletableFuture@2e3ce607[Not completed]
2022-02-07 01:12:05,219 [Listener at 0.0.0.0/36735] INFO  om.OzoneManager (OzoneManager.java:initializeRatisServer(1834)) - OzoneManager Ratis server initialized at port 9872
2022-02-07 01:12:05,222 [Listener at 0.0.0.0/36735] INFO  ipc.CallQueueManager (CallQueueManager.java:<init>(90)) - Using callQueue: class java.util.concurrent.LinkedBlockingQueue, queueCapacity: 2000, scheduler: class org.apache.hadoop.ipc.DefaultRpcScheduler, ipcBackoff: false.
2022-02-07 01:12:05,224 [pool-117-thread-1] INFO  server.RaftServer$Division (RaftServerImpl.java:<init>(184)) - om1: new RaftServerImpl for group-C5BA1605619E:[om1|rpc:localhost:9872|priority:0] with OzoneManagerStateMachine:uninitialized
2022-02-07 01:12:05,231 [pool-117-thread-1] INFO  server.RaftServerConfigKeys (ConfUtils.java:logGet(44)) - raft.server.rpc.timeout.min = 1s (custom)
2022-02-07 01:12:05,231 [pool-117-thread-1] INFO  server.RaftServerConfigKeys (ConfUtils.java:logGet(44)) - raft.server.rpc.timeout.max = 1200ms (custom)
2022-02-07 01:12:05,231 [pool-117-thread-1] INFO  server.RaftServerConfigKeys (ConfUtils.java:logGet(44)) - raft.server.rpc.sleep.time = 25ms (default)
2022-02-07 01:12:05,231 [pool-117-thread-1] INFO  server.RaftServerConfigKeys (ConfUtils.java:logGet(44)) - raft.server.rpc.slowness.timeout = 120s (custom)
2022-02-07 01:12:05,231 [pool-117-thread-1] INFO  server.RaftServerConfigKeys (ConfUtils.java:logGet(44)) - raft.server.leaderelection.leader.step-down.wait-time = 10s (default)
2022-02-07 01:12:05,231 [pool-117-thread-1] INFO  server.RaftServerConfigKeys (ConfUtils.java:logGet(44)) - raft.server.sleep.deviation.threshold = 300ms (default)
2022-02-07 01:12:05,231 [pool-117-thread-1] INFO  server.RaftServerConfigKeys (ConfUtils.java:logGet(44)) - raft.server.log.appender.install.snapshot.enabled = false (custom)
2022-02-07 01:12:05,231 [pool-117-thread-1] INFO  server.RaftServer$Division (ServerState.java:<init>(105)) - om1@group-C5BA1605619E: ConfigurationManager, init=-1: [om1|rpc:localhost:9872|priority:0], old=null, confs=<EMPTY_MAP>
2022-02-07 01:12:05,231 [pool-117-thread-1] INFO  server.RaftServerConfigKeys (ConfUtils.java:logGet(44)) - raft.server.storage.dir = [/home/runner/work/ozone/ozone/hadoop-ozone/integration-test/target/test-dir/MiniOzoneClusterImpl-bf974671-0ee4-44cd-a16a-aba150e4f4c7/ozone-meta/ratis] (custom)
2022-02-07 01:12:05,232 [pool-117-thread-1] INFO  server.RaftServerConfigKeys (ConfUtils.java:logGet(44)) - raft.server.log.corruption.policy = EXCEPTION (default)
2022-02-07 01:12:05,232 [pool-117-thread-1] INFO  server.RaftServerConfigKeys (ConfUtils.java:logGet(44)) - raft.server.storage.free-space.min = 0MB (=0) (default)
2022-02-07 01:12:05,232 [pool-117-thread-1] INFO  storage.RaftStorageDirectory (RaftStorageDirectoryImpl.java:analyzeStorage(135)) - The storage directory /home/runner/work/ozone/ozone/hadoop-ozone/integration-test/target/test-dir/MiniOzoneClusterImpl-bf974671-0ee4-44cd-a16a-aba150e4f4c7/ozone-meta/ratis/bf265839-605b-3f16-9796-c5ba1605619e does not exist. Creating ...
2022-02-07 01:12:05,233 [pool-117-thread-1] INFO  storage.RaftStorageDirectory (RaftStorageDirectoryImpl.java:tryLock(230)) - Lock on /home/runner/work/ozone/ozone/hadoop-ozone/integration-test/target/test-dir/MiniOzoneClusterImpl-bf974671-0ee4-44cd-a16a-aba150e4f4c7/ozone-meta/ratis/bf265839-605b-3f16-9796-c5ba1605619e/in_use.lock acquired by nodename 24381@fv-az12-249
2022-02-07 01:12:05,234 [pool-117-thread-1] INFO  storage.RaftStorage (RaftStorageImpl.java:format(89)) - Storage directory /home/runner/work/ozone/ozone/hadoop-ozone/integration-test/target/test-dir/MiniOzoneClusterImpl-bf974671-0ee4-44cd-a16a-aba150e4f4c7/ozone-meta/ratis/bf265839-605b-3f16-9796-c5ba1605619e has been successfully formatted.
2022-02-07 01:12:05,235 [pool-117-thread-1] INFO  server.RaftServerConfigKeys (ConfUtils.java:logGet(44)) - raft.server.notification.no-leader.timeout = 120s (custom)
2022-02-07 01:12:05,235 [pool-117-thread-1] INFO  server.RaftServerConfigKeys (ConfUtils.java:logGet(44)) - raft.server.log.use.memory = false (default)
2022-02-07 01:12:05,235 [pool-117-thread-1] INFO  server.RaftServerConfigKeys (ConfUtils.java:logGet(44)) - raft.server.log.purge.gap = 1000000 (custom)
2022-02-07 01:12:05,236 [pool-117-thread-1] INFO  server.RaftServerConfigKeys (ConfUtils.java:logGet(44)) - raft.server.log.appender.buffer.byte-limit = 33554432 (custom)
2022-02-07 01:12:05,238 [pool-117-thread-1] INFO  server.RaftServerConfigKeys (ConfUtils.java:logGet(44)) - raft.server.log.segment.size.max = 4194304 (custom)
2022-02-07 01:12:05,238 [pool-117-thread-1] INFO  server.RaftServerConfigKeys (ConfUtils.java:logGet(44)) - raft.server.log.segment.cache.num.max = 2 (custom)
2022-02-07 01:12:05,239 [pool-117-thread-1] INFO  server.RaftServerConfigKeys (ConfUtils.java:logGet(44)) - raft.server.log.segment.cache.size.max = 200MB (=209715200) (default)
2022-02-07 01:12:05,239 [pool-117-thread-1] INFO  segmented.SegmentedRaftLogWorker (SegmentedRaftLogWorker.java:<init>(182)) - new om1@group-C5BA1605619E-SegmentedRaftLogWorker for RaftStorageImpl:Storage Directory /home/runner/work/ozone/ozone/hadoop-ozone/integration-test/target/test-dir/MiniOzoneClusterImpl-bf974671-0ee4-44cd-a16a-aba150e4f4c7/ozone-meta/ratis/bf265839-605b-3f16-9796-c5ba1605619e
2022-02-07 01:12:05,239 [pool-117-thread-1] INFO  server.RaftServerConfigKeys (ConfUtils.java:logGet(44)) - raft.server.log.queue.byte-limit = 64MB (=67108864) (default)
2022-02-07 01:12:05,239 [pool-117-thread-1] INFO  server.RaftServerConfigKeys (ConfUtils.java:logGet(44)) - raft.server.log.queue.element-limit = 4096 (default)
2022-02-07 01:12:05,239 [pool-117-thread-1] INFO  server.RaftServerConfigKeys (ConfUtils.java:logGet(44)) - raft.server.log.segment.size.max = 4194304 (custom)
2022-02-07 01:12:05,239 [pool-117-thread-1] INFO  server.RaftServerConfigKeys (ConfUtils.java:logGet(44)) - raft.server.log.preallocated.size = 4194304 (custom)
2022-02-07 01:12:05,239 [pool-117-thread-1] INFO  server.RaftServerConfigKeys (ConfUtils.java:logGet(44)) - raft.server.log.force.sync.num = 128 (default)
2022-02-07 01:12:05,239 [pool-117-thread-1] INFO  server.RaftServerConfigKeys (ConfUtils.java:logGet(44)) - raft.server.log.statemachine.data.sync = true (default)
2022-02-07 01:12:05,239 [pool-117-thread-1] INFO  server.RaftServerConfigKeys (ConfUtils.java:logGet(44)) - raft.server.log.statemachine.data.sync.timeout = 10s (default)
2022-02-07 01:12:05,239 [pool-117-thread-1] INFO  server.RaftServerConfigKeys (ConfUtils.java:logGet(44)) - raft.server.log.statemachine.data.sync.timeout.retry = -1 (default)
2022-02-07 01:12:05,242 [Socket Reader #1 for port 0] INFO  ipc.Server (Server.java:run(1265)) - Starting Socket Reader #1 for port 0
2022-02-07 01:12:05,253 [pool-117-thread-1] INFO  server.RaftServerConfigKeys (ConfUtils.java:logGet(44)) - raft.server.log.write.buffer.size = 64KB (=65536) (default)
2022-02-07 01:12:05,254 [pool-117-thread-1] INFO  server.RaftServerConfigKeys (ConfUtils.java:logGet(44)) - raft.server.log.statemachine.data.caching.enabled = false (default)
2022-02-07 01:12:05,255 [pool-117-thread-1] INFO  segmented.SegmentedRaftLogWorker (SegmentedRaftLogWorker.java:lambda$new$0(133)) - om1@group-C5BA1605619E-SegmentedRaftLogWorker: flushIndex: setUnconditionally 0 -> -1
2022-02-07 01:12:05,262 [pool-117-thread-1] INFO  segmented.SegmentedRaftLogWorker (SegmentedRaftLogWorker.java:lambda$new$0(133)) - om1@group-C5BA1605619E-SegmentedRaftLogWorker: safeCacheEvictIndex: setUnconditionally 0 -> -1
2022-02-07 01:12:05,262 [pool-117-thread-1] INFO  server.RaftServerConfigKeys (ConfUtils.java:logGet(44)) - raft.server.snapshot.auto.trigger.enabled = true (custom)
2022-02-07 01:12:05,262 [pool-117-thread-1] INFO  server.RaftServerConfigKeys (ConfUtils.java:logGet(44)) - raft.server.snapshot.auto.trigger.threshold = 400000 (default)
2022-02-07 01:12:05,262 [pool-117-thread-1] INFO  server.RaftServerConfigKeys (ConfUtils.java:logGet(44)) - raft.server.snapshot.retention.file.num = -1 (default)
2022-02-07 01:12:05,262 [pool-117-thread-1] INFO  server.RaftServerConfigKeys (ConfUtils.java:logGet(44)) - raft.server.log.purge.upto.snapshot.index = true (custom)
2022-02-07 01:12:05,262 [pool-117-thread-1] INFO  server.RaftServerConfigKeys (ConfUtils.java:logGet(44)) - raft.server.retrycache.expirytime = 300s (custom)
2022-02-07 01:12:05,263 [pool-117-thread-1] INFO  server.RaftServerConfigKeys (ConfUtils.java:logGet(44)) - raft.server.retrycache.statistics.expirytime = 100μs (default)
2022-02-07 01:12:05,274 [Listener at 127.0.0.1/33291] INFO  impl.MetricsSystemImpl (MetricsSystemImpl.java:init(158)) - OzoneManager metrics system started (again)
2022-02-07 01:12:05,285 [Listener at 127.0.0.1/33291] INFO  om.OzoneManager (OzoneManager.java:start(1365)) - OzoneManager RPC server is listening at localhost/127.0.0.1:33291
2022-02-07 01:12:05,285 [Listener at 127.0.0.1/33291] INFO  ratis.OzoneManagerRatisServer (OzoneManagerRatisServer.java:start(554)) - Starting OzoneManagerRatisServer om1 at port 9872
2022-02-07 01:12:05,285 [Listener at 127.0.0.1/33291] INFO  server.RaftServer$Division (RaftServerImpl.java:start(301)) - om1@group-C5BA1605619E: start as a follower, conf=-1: [om1|rpc:localhost:9872|priority:0], old=null
2022-02-07 01:12:05,285 [Listener at 127.0.0.1/33291] INFO  server.RaftServer$Division (RaftServerImpl.java:setRole(290)) - om1@group-C5BA1605619E: changes role from      null to FOLLOWER at term 0 for startAsFollower
2022-02-07 01:12:05,285 [Listener at 127.0.0.1/33291] INFO  impl.RoleInfo (RoleInfo.java:updateAndGet(130)) - om1: start om1@group-C5BA1605619E-FollowerState
2022-02-07 01:12:05,285 [Listener at 127.0.0.1/33291] INFO  util.JmxRegister (JmxRegister.java:tryRegister(44)) - Successfully registered JMX Bean with object name Ratis:service=RaftServer,group=group-C5BA1605619E,id=om1
2022-02-07 01:12:05,287 [Listener at 127.0.0.1/33291] INFO  server.RaftServer (RaftServerProxy.java:lambda$start$5(374)) - om1: start RPC server
2022-02-07 01:12:05,291 [Listener at 127.0.0.1/33291] INFO  server.GrpcService (GrpcService.java:startImpl(253)) - om1: GrpcService started, listening on 9872
2022-02-07 01:12:05,292 [Listener at 127.0.0.1/33291] INFO  om.OzoneManager (OzoneManager.java:start(1381)) - Version File has different layout version (0) than OM DB (null). That is expected if this OM has never been finalized to a newer layout version.
2022-02-07 01:12:05,292 [org.apache.ratis.util.JvmPauseMonitor$$Lambda$431/1288267183@58caa296] INFO  util.JvmPauseMonitor (JvmPauseMonitor.java:run(103)) - JvmPauseMonitor-om1: Started
2022-02-07 01:12:05,296 [Listener at 127.0.0.1/33291] INFO  http.BaseHttpServer (BaseHttpServer.java:newHttpServer2BuilderForOzone(209)) - Starting Web-server for ozoneManager at: http://0.0.0.0:0
2022-02-07 01:12:05,296 [Listener at 127.0.0.1/33291] INFO  http.BaseHttpServer (BaseHttpServer.java:<init>(107)) - Hadoop Security Enabled: false Ozone Security Enabled: false Ozone HTTP Security Enabled: false 
2022-02-07 01:12:05,298 [Listener at 127.0.0.1/33291] INFO  server.AuthenticationFilter (AuthenticationFilter.java:constructSecretProvider(240)) - Unable to initialize FileSignerSecretProvider, falling back to use random secrets.
2022-02-07 01:12:05,303 [Listener at 127.0.0.1/33291] WARN  http.HttpRequestLog (HttpRequestLog.java:getRequestLog(103)) - Jetty request log can only be enabled using Log4j
2022-02-07 01:12:05,304 [Listener at 127.0.0.1/33291] INFO  http.HttpServer2 (HttpServer2.java:addGlobalFilter(1030)) - Added global filter 'safety' (class=org.apache.hadoop.hdds.server.http.HttpServer2$QuotingInputFilter)
2022-02-07 01:12:05,305 [Listener at 127.0.0.1/33291] INFO  http.HttpServer2 (HttpServer2.java:addFilter(1006)) - Added filter static_user_filter (class=org.apache.hadoop.http.lib.StaticUserWebFilter$StaticUserFilter) to context ozoneManager
2022-02-07 01:12:05,305 [Listener at 127.0.0.1/33291] INFO  http.HttpServer2 (HttpServer2.java:addFilter(1014)) - Added filter static_user_filter (class=org.apache.hadoop.http.lib.StaticUserWebFilter$StaticUserFilter) to context static
2022-02-07 01:12:05,305 [Listener at 127.0.0.1/33291] INFO  http.HttpServer2 (HttpServer2.java:addFilter(1014)) - Added filter static_user_filter (class=org.apache.hadoop.http.lib.StaticUserWebFilter$StaticUserFilter) to context logs
2022-02-07 01:12:05,305 [Listener at 127.0.0.1/33291] INFO  http.HttpServer2 (HttpServer2.java:bindListener(1249)) - Jetty bound to port 45899
2022-02-07 01:12:05,305 [Listener at 127.0.0.1/33291] INFO  server.Server (Server.java:doStart(375)) - jetty-9.4.43.v20210629; built: 2021-06-30T11:07:22.254Z; git: 526006ecfa3af7f1a27ef3a288e2bef7ea9dd7e8; jvm 1.8.0_312-b07
2022-02-07 01:12:05,316 [Listener at 127.0.0.1/33291] INFO  server.session (DefaultSessionIdManager.java:doStart(334)) - DefaultSessionIdManager workerName=node0
2022-02-07 01:12:05,316 [Listener at 127.0.0.1/33291] INFO  server.session (DefaultSessionIdManager.java:doStart(339)) - No SessionScavenger set, using defaults
2022-02-07 01:12:05,316 [Listener at 127.0.0.1/33291] INFO  server.session (HouseKeeper.java:startScavenging(132)) - node0 Scavenging every 660000ms
2022-02-07 01:12:05,317 [Listener at 127.0.0.1/33291] INFO  handler.ContextHandler (ContextHandler.java:doStart(915)) - Started o.e.j.s.ServletContextHandler@64e8c39c{logs,/logs,file:///home/runner/work/ozone/ozone/hadoop-ozone/integration-test/target/log,AVAILABLE}
2022-02-07 01:12:05,317 [Listener at 127.0.0.1/33291] INFO  handler.ContextHandler (ContextHandler.java:doStart(915)) - Started o.e.j.s.ServletContextHandler@1b88437b{static,/static,file:///home/runner/work/ozone/ozone/hadoop-ozone/integration-test/target/test-classes/webapps/static,AVAILABLE}
2022-02-07 01:12:05,320 [Listener at 127.0.0.1/33291] INFO  handler.ContextHandler (ContextHandler.java:doStart(915)) - Started o.e.j.w.WebAppContext@6dc0cfcd{ozoneManager,/,file:///home/runner/work/ozone/ozone/hadoop-ozone/integration-test/target/test-classes/webapps/ozoneManager/,AVAILABLE}{file:/home/runner/work/ozone/ozone/hadoop-ozone/integration-test/target/test-classes/webapps/ozoneManager}
2022-02-07 01:12:05,323 [Listener at 127.0.0.1/33291] INFO  server.AbstractConnector (AbstractConnector.java:doStart(331)) - Started ServerConnector@1d2ea3a5{HTTP/1.1, (http/1.1)}{0.0.0.0:45899}
2022-02-07 01:12:05,324 [Listener at 127.0.0.1/33291] INFO  server.Server (Server.java:doStart(415)) - Started @44535ms
2022-02-07 01:12:05,324 [Listener at 127.0.0.1/33291] WARN  impl.MetricsSystemImpl (MetricsSystemImpl.java:register(279)) - Sink prometheus already exists!
2022-02-07 01:12:05,324 [Listener at 127.0.0.1/33291] INFO  http.BaseHttpServer (BaseHttpServer.java:updateConnectorAddress(329)) - HTTP server of ozoneManager listening at http://0.0.0.0:45899
2022-02-07 01:12:05,325 [IPC Server Responder] INFO  ipc.Server (Server.java:run(1507)) - IPC Server Responder: starting
2022-02-07 01:12:05,325 [IPC Server listener on 0] INFO  ipc.Server (Server.java:run(1344)) - IPC Server listener on 0: starting
2022-02-07 01:12:05,328 [Listener at 127.0.0.1/33291] INFO  om.OzoneManager (OzoneManager.java:startTrashEmptier(1792)) - Trash Interval set to 0. Files deleted will not move to trash
2022-02-07 01:12:05,334 [org.apache.hadoop.util.JvmPauseMonitor$Monitor@689494ea] INFO  util.JvmPauseMonitor (JvmPauseMonitor.java:run(188)) - Starting JVM pause monitor
2022-02-07 01:12:05,339 [Listener at 127.0.0.1/33291] WARN  impl.MetricRegistriesImpl (MetricRegistriesImpl.java:addReporterRegistration(111)) - New reporters are added after registries were created. Some metrics will be missing from the reporter. Please add reporter before adding any new registry.
2022-02-07 01:12:05,346 [Listener at 127.0.0.1/33291] WARN  impl.MetricRegistriesImpl (MetricRegistriesImpl.java:addReporterRegistration(111)) - New reporters are added after registries were created. Some metrics will be missing from the reporter. Please add reporter before adding any new registry.
2022-02-07 01:12:05,346 [Listener at 127.0.0.1/33291] INFO  impl.MetricsSystemImpl (MetricsSystemImpl.java:init(158)) - HddsDatanode metrics system started (again)
2022-02-07 01:12:05,365 [Listener at 127.0.0.1/33291] INFO  ozone.HddsDatanodeService (HddsDatanodeService.java:start(234)) - HddsDatanodeService host:fv-az12-249.exdb2aeach2ezidoxz41lk3bwg.cx.internal.cloudapp.net ip:10.1.0.96
2022-02-07 01:12:05,385 [Listener at 127.0.0.1/33291] INFO  upgrade.AbstractLayoutVersionManager (AbstractLayoutVersionManager.java:init(79)) - Initializing Layout version manager with metadata layout = SCM_HA (version = 2), software layout = SCM_HA (version = 2)
2022-02-07 01:12:05,422 [Listener at 127.0.0.1/33291] INFO  reflections.Reflections (Reflections.java:scan(232)) - Reflections took 36 ms to scan 7 urls, producing 119 keys and 279 values 
2022-02-07 01:12:05,424 [Listener at 127.0.0.1/33291] INFO  statemachine.DatanodeStateMachine (DatanodeStateMachine.java:getEndPointTaskThreadPoolSize(222)) - Datanode State Machine Task Thread Pool size 2
2022-02-07 01:12:05,426 [Listener at 127.0.0.1/33291] INFO  volume.HddsVolume (HddsVolume.java:<init>(120)) - Creating HddsVolume: /home/runner/work/ozone/ozone/hadoop-ozone/integration-test/target/test-dir/MiniOzoneClusterImpl-bf974671-0ee4-44cd-a16a-aba150e4f4c7/datanode-0/data-0/containers/hdds of storage type : DISK capacity : 9223372036854775807
2022-02-07 01:12:05,426 [Listener at 127.0.0.1/33291] INFO  volume.MutableVolumeSet (MutableVolumeSet.java:initializeVolumeSet(168)) - Added Volume : /home/runner/work/ozone/ozone/hadoop-ozone/integration-test/target/test-dir/MiniOzoneClusterImpl-bf974671-0ee4-44cd-a16a-aba150e4f4c7/datanode-0/data-0/containers/hdds to VolumeSet
2022-02-07 01:12:05,426 [Listener at 127.0.0.1/33291] INFO  volume.ThrottledAsyncChecker (ThrottledAsyncChecker.java:schedule(141)) - Scheduling a check for /home/runner/work/ozone/ozone/hadoop-ozone/integration-test/target/test-dir/MiniOzoneClusterImpl-bf974671-0ee4-44cd-a16a-aba150e4f4c7/datanode-0/data-0/containers/hdds
2022-02-07 01:12:05,427 [Listener at 127.0.0.1/33291] INFO  volume.StorageVolumeChecker (StorageVolumeChecker.java:checkAllVolumes(202)) - Scheduled health check for volume /home/runner/work/ozone/ozone/hadoop-ozone/integration-test/target/test-dir/MiniOzoneClusterImpl-bf974671-0ee4-44cd-a16a-aba150e4f4c7/datanode-0/data-0/containers/hdds
2022-02-07 01:12:05,439 [Listener at 127.0.0.1/33291] INFO  volume.MutableVolumeSet (MutableVolumeSet.java:initializeVolumeSet(168)) - Added Volume : /home/runner/work/ozone/ozone/hadoop-ozone/integration-test/target/test-dir/MiniOzoneClusterImpl-bf974671-0ee4-44cd-a16a-aba150e4f4c7/datanode-0/data/ratis to VolumeSet
2022-02-07 01:12:05,442 [Listener at 127.0.0.1/33291] INFO  volume.ThrottledAsyncChecker (ThrottledAsyncChecker.java:schedule(141)) - Scheduling a check for /home/runner/work/ozone/ozone/hadoop-ozone/integration-test/target/test-dir/MiniOzoneClusterImpl-bf974671-0ee4-44cd-a16a-aba150e4f4c7/datanode-0/data/ratis
2022-02-07 01:12:05,443 [Listener at 127.0.0.1/33291] INFO  volume.StorageVolumeChecker (StorageVolumeChecker.java:checkAllVolumes(202)) - Scheduled health check for volume /home/runner/work/ozone/ozone/hadoop-ozone/integration-test/target/test-dir/MiniOzoneClusterImpl-bf974671-0ee4-44cd-a16a-aba150e4f4c7/datanode-0/data/ratis
2022-02-07 01:12:05,475 [Thread-299] INFO  ozoneimpl.ContainerReader (ContainerReader.java:readVolume(172)) - Finish verifying containers on volume /home/runner/work/ozone/ozone/hadoop-ozone/integration-test/target/test-dir/MiniOzoneClusterImpl-bf974671-0ee4-44cd-a16a-aba150e4f4c7/datanode-0/data-0/containers/hdds
2022-02-07 01:12:05,475 [Listener at 127.0.0.1/33291] INFO  ozoneimpl.OzoneContainer (OzoneContainer.java:buildContainerSet(237)) - Build ContainerSet costs 0s
2022-02-07 01:12:05,478 [Listener at 127.0.0.1/33291] INFO  server.RaftServer (ConfUtils.java:logGet(44)) - raft.rpc.type = GRPC (default)
2022-02-07 01:12:05,478 [Listener at 127.0.0.1/33291] INFO  grpc.GrpcFactory (GrpcFactory.java:checkPooledByteBufAllocatorUseCacheForAllThreads(48)) - PERFORMANCE WARNING: useCacheForAllThreads is true that may cause Netty to create a lot garbage objects and, as a result, trigger GC.
	It is recommended to disable useCacheForAllThreads by setting -Dorg.apache.ratis.thirdparty.io.netty.allocator.useCacheForAllThreads=false in command line.
2022-02-07 01:12:05,478 [Listener at 127.0.0.1/33291] INFO  grpc.GrpcConfigKeys (ConfUtils.java:logGet(44)) - raft.grpc.admin.port = 0 (custom)
2022-02-07 01:12:05,478 [Listener at 127.0.0.1/33291] INFO  grpc.GrpcConfigKeys (ConfUtils.java:logGet(44)) - raft.grpc.client.port = 0 (custom)
2022-02-07 01:12:05,478 [Listener at 127.0.0.1/33291] INFO  grpc.GrpcConfigKeys (ConfUtils.java:logGet(44)) - raft.grpc.server.port = 0 (default)
2022-02-07 01:12:05,478 [Listener at 127.0.0.1/33291] INFO  server.GrpcService (ConfUtils.java:logGet(44)) - raft.grpc.message.size.max = 32MB (=33554432) (custom)
2022-02-07 01:12:05,478 [Listener at 127.0.0.1/33291] INFO  server.RaftServerConfigKeys (ConfUtils.java:logGet(44)) - raft.server.log.appender.buffer.byte-limit = 33554432 (custom)
2022-02-07 01:12:05,478 [Listener at 127.0.0.1/33291] INFO  server.GrpcService (ConfUtils.java:logGet(44)) - raft.grpc.flow.control.window = 5MB (=5242880) (custom)
2022-02-07 01:12:05,478 [Listener at 127.0.0.1/33291] INFO  server.RaftServerConfigKeys (ConfUtils.java:logGet(44)) - raft.server.rpc.request.timeout = 60s (custom)
2022-02-07 01:12:05,480 [Listener at 127.0.0.1/33291] INFO  impl.DataStreamServerImpl (ConfUtils.java:logGet(44)) - raft.datastream.type = DISABLED (default)
2022-02-07 01:12:05,480 [Listener at 127.0.0.1/33291] INFO  server.RaftServerConfigKeys (ConfUtils.java:logGet(44)) - raft.server.rpc.slowness.timeout = 300s (custom)
2022-02-07 01:12:05,480 [Listener at 127.0.0.1/33291] INFO  server.RaftServerConfigKeys (ConfUtils.java:logGet(44)) - raft.server.leaderelection.leader.step-down.wait-time = 10s (default)
2022-02-07 01:12:05,480 [Listener at 127.0.0.1/33291] INFO  server.RaftServerConfigKeys (ConfUtils.java:logGet(44)) - raft.server.storage.dir = [/home/runner/work/ozone/ozone/hadoop-ozone/integration-test/target/test-dir/MiniOzoneClusterImpl-bf974671-0ee4-44cd-a16a-aba150e4f4c7/datanode-0/data/ratis] (custom)
2022-02-07 01:12:05,481 [Listener at 127.0.0.1/33291] INFO  server.XceiverServerGrpc (XceiverServerGrpc.java:<init>(132)) - GrpcServer channel type EpollServerSocketChannel
2022-02-07 01:12:05,495 [Listener at 127.0.0.1/33291] INFO  http.BaseHttpServer (BaseHttpServer.java:newHttpServer2BuilderForOzone(209)) - Starting Web-server for hddsDatanode at: http://0.0.0.0:0
2022-02-07 01:12:05,495 [Listener at 127.0.0.1/33291] INFO  http.BaseHttpServer (BaseHttpServer.java:<init>(107)) - Hadoop Security Enabled: false Ozone Security Enabled: false Ozone HTTP Security Enabled: false 
2022-02-07 01:12:05,497 [Listener at 127.0.0.1/33291] INFO  server.AuthenticationFilter (AuthenticationFilter.java:constructSecretProvider(240)) - Unable to initialize FileSignerSecretProvider, falling back to use random secrets.
2022-02-07 01:12:05,500 [Listener at 127.0.0.1/33291] WARN  http.HttpRequestLog (HttpRequestLog.java:getRequestLog(103)) - Jetty request log can only be enabled using Log4j
2022-02-07 01:12:05,500 [Listener at 127.0.0.1/33291] INFO  http.HttpServer2 (HttpServer2.java:addGlobalFilter(1030)) - Added global filter 'safety' (class=org.apache.hadoop.hdds.server.http.HttpServer2$QuotingInputFilter)
2022-02-07 01:12:05,501 [Listener at 127.0.0.1/33291] INFO  http.HttpServer2 (HttpServer2.java:addFilter(1006)) - Added filter static_user_filter (class=org.apache.hadoop.http.lib.StaticUserWebFilter$StaticUserFilter) to context hddsDatanode
2022-02-07 01:12:05,501 [Listener at 127.0.0.1/33291] INFO  http.HttpServer2 (HttpServer2.java:addFilter(1014)) - Added filter static_user_filter (class=org.apache.hadoop.http.lib.StaticUserWebFilter$StaticUserFilter) to context static
2022-02-07 01:12:05,501 [Listener at 127.0.0.1/33291] INFO  http.HttpServer2 (HttpServer2.java:addFilter(1014)) - Added filter static_user_filter (class=org.apache.hadoop.http.lib.StaticUserWebFilter$StaticUserFilter) to context logs
2022-02-07 01:12:05,502 [Listener at 127.0.0.1/33291] INFO  http.HttpServer2 (HttpServer2.java:bindListener(1249)) - Jetty bound to port 38551
2022-02-07 01:12:05,502 [Listener at 127.0.0.1/33291] INFO  server.Server (Server.java:doStart(375)) - jetty-9.4.43.v20210629; built: 2021-06-30T11:07:22.254Z; git: 526006ecfa3af7f1a27ef3a288e2bef7ea9dd7e8; jvm 1.8.0_312-b07
2022-02-07 01:12:05,504 [Listener at 127.0.0.1/33291] INFO  server.session (DefaultSessionIdManager.java:doStart(334)) - DefaultSessionIdManager workerName=node0
2022-02-07 01:12:05,504 [Listener at 127.0.0.1/33291] INFO  server.session (DefaultSessionIdManager.java:doStart(339)) - No SessionScavenger set, using defaults
2022-02-07 01:12:05,504 [Listener at 127.0.0.1/33291] INFO  server.session (HouseKeeper.java:startScavenging(132)) - node0 Scavenging every 660000ms
2022-02-07 01:12:05,505 [Listener at 127.0.0.1/33291] INFO  handler.ContextHandler (ContextHandler.java:doStart(915)) - Started o.e.j.s.ServletContextHandler@41ec3371{logs,/logs,file:///home/runner/work/ozone/ozone/hadoop-ozone/integration-test/target/log,AVAILABLE}
2022-02-07 01:12:05,505 [Listener at 127.0.0.1/33291] INFO  handler.ContextHandler (ContextHandler.java:doStart(915)) - Started o.e.j.s.ServletContextHandler@2a5ef78d{static,/static,jar:file:/home/runner/.m2/repository/org/apache/ozone/hdds-container-service/1.3.0-SNAPSHOT/hdds-container-service-1.3.0-SNAPSHOT.jar!/webapps/static,AVAILABLE}
2022-02-07 01:12:05,551 [Listener at 127.0.0.1/33291] INFO  handler.ContextHandler (ContextHandler.java:doStart(915)) - Started o.e.j.w.WebAppContext@2052a7b3{hddsDatanode,/,file:///tmp/jetty-0_0_0_0-38551-hdds-container-service-1_3_0-SNAPSHOT_jar-_-any-1919659608081497217/webapp/,AVAILABLE}{jar:file:/home/runner/.m2/repository/org/apache/ozone/hdds-container-service/1.3.0-SNAPSHOT/hdds-container-service-1.3.0-SNAPSHOT.jar!/webapps/hddsDatanode}
2022-02-07 01:12:05,552 [Listener at 127.0.0.1/33291] INFO  server.AbstractConnector (AbstractConnector.java:doStart(331)) - Started ServerConnector@58f6ab0b{HTTP/1.1, (http/1.1)}{0.0.0.0:38551}
2022-02-07 01:12:05,552 [Listener at 127.0.0.1/33291] INFO  server.Server (Server.java:doStart(415)) - Started @44763ms
2022-02-07 01:12:05,552 [Listener at 127.0.0.1/33291] WARN  impl.MetricsSystemImpl (MetricsSystemImpl.java:register(279)) - Sink prometheus already exists!
2022-02-07 01:12:05,553 [Listener at 127.0.0.1/33291] INFO  http.BaseHttpServer (BaseHttpServer.java:updateConnectorAddress(329)) - HTTP server of hddsDatanode listening at http://0.0.0.0:38551
2022-02-07 01:12:05,555 [Listener at 127.0.0.1/33291] WARN  impl.MetricRegistriesImpl (MetricRegistriesImpl.java:addReporterRegistration(111)) - New reporters are added after registries were created. Some metrics will be missing from the reporter. Please add reporter before adding any new registry.
2022-02-07 01:12:05,555 [Listener at 127.0.0.1/33291] WARN  impl.MetricRegistriesImpl (MetricRegistriesImpl.java:addReporterRegistration(111)) - New reporters are added after registries were created. Some metrics will be missing from the reporter. Please add reporter before adding any new registry.
2022-02-07 01:12:05,555 [Listener at 127.0.0.1/33291] INFO  impl.MetricsSystemImpl (MetricsSystemImpl.java:init(158)) - HddsDatanode metrics system started (again)
2022-02-07 01:12:05,566 [Datanode State Machine Daemon Thread] INFO  statemachine.DatanodeStateMachine (DatanodeStateMachine.java:lambda$startDaemon$0(470)) - Ozone container server started.
2022-02-07 01:12:05,575 [Listener at 127.0.0.1/33291] INFO  ozone.HddsDatanodeService (HddsDatanodeService.java:start(234)) - HddsDatanodeService host:fv-az12-249.exdb2aeach2ezidoxz41lk3bwg.cx.internal.cloudapp.net ip:10.1.0.96
2022-02-07 01:12:05,583 [org.apache.hadoop.util.JvmPauseMonitor$Monitor@64dd25f9] INFO  util.JvmPauseMonitor (JvmPauseMonitor.java:run(188)) - Starting JVM pause monitor
2022-02-07 01:12:05,589 [Datanode State Machine Task Thread - 0] INFO  datanode.InitDatanodeState (InitDatanodeState.java:persistContainerDatanodeDetails(145)) - DatanodeDetails is persisted to /home/runner/work/ozone/ozone/hadoop-ozone/integration-test/target/test-dir/MiniOzoneClusterImpl-bf974671-0ee4-44cd-a16a-aba150e4f4c7/datanode-0/meta/datanode.id
2022-02-07 01:12:05,602 [Listener at 127.0.0.1/33291] INFO  upgrade.AbstractLayoutVersionManager (AbstractLayoutVersionManager.java:init(79)) - Initializing Layout version manager with metadata layout = SCM_HA (version = 2), software layout = SCM_HA (version = 2)
2022-02-07 01:12:05,666 [Listener at 127.0.0.1/33291] INFO  reflections.Reflections (Reflections.java:scan(232)) - Reflections took 62 ms to scan 7 urls, producing 119 keys and 279 values 
2022-02-07 01:12:05,672 [Listener at 127.0.0.1/33291] INFO  statemachine.DatanodeStateMachine (DatanodeStateMachine.java:getEndPointTaskThreadPoolSize(222)) - Datanode State Machine Task Thread Pool size 2
2022-02-07 01:12:05,679 [Listener at 127.0.0.1/33291] INFO  volume.HddsVolume (HddsVolume.java:<init>(120)) - Creating HddsVolume: /home/runner/work/ozone/ozone/hadoop-ozone/integration-test/target/test-dir/MiniOzoneClusterImpl-bf974671-0ee4-44cd-a16a-aba150e4f4c7/datanode-1/data-0/containers/hdds of storage type : DISK capacity : 9223372036854775807
2022-02-07 01:12:05,680 [Listener at 127.0.0.1/33291] INFO  volume.MutableVolumeSet (MutableVolumeSet.java:initializeVolumeSet(168)) - Added Volume : /home/runner/work/ozone/ozone/hadoop-ozone/integration-test/target/test-dir/MiniOzoneClusterImpl-bf974671-0ee4-44cd-a16a-aba150e4f4c7/datanode-1/data-0/containers/hdds to VolumeSet
2022-02-07 01:12:05,680 [Listener at 127.0.0.1/33291] INFO  volume.ThrottledAsyncChecker (ThrottledAsyncChecker.java:schedule(141)) - Scheduling a check for /home/runner/work/ozone/ozone/hadoop-ozone/integration-test/target/test-dir/MiniOzoneClusterImpl-bf974671-0ee4-44cd-a16a-aba150e4f4c7/datanode-1/data-0/containers/hdds
2022-02-07 01:12:05,694 [Listener at 127.0.0.1/33291] INFO  volume.StorageVolumeChecker (StorageVolumeChecker.java:checkAllVolumes(202)) - Scheduled health check for volume /home/runner/work/ozone/ozone/hadoop-ozone/integration-test/target/test-dir/MiniOzoneClusterImpl-bf974671-0ee4-44cd-a16a-aba150e4f4c7/datanode-1/data-0/containers/hdds
2022-02-07 01:12:05,718 [Listener at 127.0.0.1/33291] INFO  volume.MutableVolumeSet (MutableVolumeSet.java:initializeVolumeSet(168)) - Added Volume : /home/runner/work/ozone/ozone/hadoop-ozone/integration-test/target/test-dir/MiniOzoneClusterImpl-bf974671-0ee4-44cd-a16a-aba150e4f4c7/datanode-1/data/ratis to VolumeSet
2022-02-07 01:12:05,722 [Listener at 127.0.0.1/33291] INFO  volume.ThrottledAsyncChecker (ThrottledAsyncChecker.java:schedule(141)) - Scheduling a check for /home/runner/work/ozone/ozone/hadoop-ozone/integration-test/target/test-dir/MiniOzoneClusterImpl-bf974671-0ee4-44cd-a16a-aba150e4f4c7/datanode-1/data/ratis
2022-02-07 01:12:05,723 [Listener at 127.0.0.1/33291] INFO  volume.StorageVolumeChecker (StorageVolumeChecker.java:checkAllVolumes(202)) - Scheduled health check for volume /home/runner/work/ozone/ozone/hadoop-ozone/integration-test/target/test-dir/MiniOzoneClusterImpl-bf974671-0ee4-44cd-a16a-aba150e4f4c7/datanode-1/data/ratis
2022-02-07 01:12:05,733 [Thread-311] INFO  ozoneimpl.ContainerReader (ContainerReader.java:readVolume(172)) - Finish verifying containers on volume /home/runner/work/ozone/ozone/hadoop-ozone/integration-test/target/test-dir/MiniOzoneClusterImpl-bf974671-0ee4-44cd-a16a-aba150e4f4c7/datanode-1/data-0/containers/hdds
2022-02-07 01:12:05,733 [Listener at 127.0.0.1/33291] INFO  ozoneimpl.OzoneContainer (OzoneContainer.java:buildContainerSet(237)) - Build ContainerSet costs 0s
2022-02-07 01:12:05,736 [Listener at 127.0.0.1/33291] INFO  server.RaftServer (ConfUtils.java:logGet(44)) - raft.rpc.type = GRPC (default)
2022-02-07 01:12:05,736 [Listener at 127.0.0.1/33291] INFO  grpc.GrpcFactory (GrpcFactory.java:checkPooledByteBufAllocatorUseCacheForAllThreads(48)) - PERFORMANCE WARNING: useCacheForAllThreads is true that may cause Netty to create a lot garbage objects and, as a result, trigger GC.
	It is recommended to disable useCacheForAllThreads by setting -Dorg.apache.ratis.thirdparty.io.netty.allocator.useCacheForAllThreads=false in command line.
2022-02-07 01:12:05,736 [Listener at 127.0.0.1/33291] INFO  grpc.GrpcConfigKeys (ConfUtils.java:logGet(44)) - raft.grpc.admin.port = 0 (custom)
2022-02-07 01:12:05,736 [Listener at 127.0.0.1/33291] INFO  grpc.GrpcConfigKeys (ConfUtils.java:logGet(44)) - raft.grpc.client.port = 0 (custom)
2022-02-07 01:12:05,736 [Listener at 127.0.0.1/33291] INFO  grpc.GrpcConfigKeys (ConfUtils.java:logGet(44)) - raft.grpc.server.port = 0 (default)
2022-02-07 01:12:05,736 [Listener at 127.0.0.1/33291] INFO  server.GrpcService (ConfUtils.java:logGet(44)) - raft.grpc.message.size.max = 32MB (=33554432) (custom)
2022-02-07 01:12:05,736 [Listener at 127.0.0.1/33291] INFO  server.RaftServerConfigKeys (ConfUtils.java:logGet(44)) - raft.server.log.appender.buffer.byte-limit = 33554432 (custom)
2022-02-07 01:12:05,737 [Listener at 127.0.0.1/33291] INFO  server.GrpcService (ConfUtils.java:logGet(44)) - raft.grpc.flow.control.window = 5MB (=5242880) (custom)
2022-02-07 01:12:05,737 [Listener at 127.0.0.1/33291] INFO  server.RaftServerConfigKeys (ConfUtils.java:logGet(44)) - raft.server.rpc.request.timeout = 60s (custom)
2022-02-07 01:12:05,738 [Listener at 127.0.0.1/33291] INFO  impl.DataStreamServerImpl (ConfUtils.java:logGet(44)) - raft.datastream.type = DISABLED (default)
2022-02-07 01:12:05,738 [Listener at 127.0.0.1/33291] INFO  server.RaftServerConfigKeys (ConfUtils.java:logGet(44)) - raft.server.rpc.slowness.timeout = 300s (custom)
2022-02-07 01:12:05,738 [Listener at 127.0.0.1/33291] INFO  server.RaftServerConfigKeys (ConfUtils.java:logGet(44)) - raft.server.leaderelection.leader.step-down.wait-time = 10s (default)
2022-02-07 01:12:05,738 [Listener at 127.0.0.1/33291] INFO  server.RaftServerConfigKeys (ConfUtils.java:logGet(44)) - raft.server.storage.dir = [/home/runner/work/ozone/ozone/hadoop-ozone/integration-test/target/test-dir/MiniOzoneClusterImpl-bf974671-0ee4-44cd-a16a-aba150e4f4c7/datanode-1/data/ratis] (custom)
2022-02-07 01:12:05,740 [Listener at 127.0.0.1/33291] INFO  server.XceiverServerGrpc (XceiverServerGrpc.java:<init>(132)) - GrpcServer channel type EpollServerSocketChannel
2022-02-07 01:12:05,744 [Listener at 127.0.0.1/33291] INFO  http.BaseHttpServer (BaseHttpServer.java:newHttpServer2BuilderForOzone(209)) - Starting Web-server for hddsDatanode at: http://0.0.0.0:0
2022-02-07 01:12:05,744 [Listener at 127.0.0.1/33291] INFO  http.BaseHttpServer (BaseHttpServer.java:<init>(107)) - Hadoop Security Enabled: false Ozone Security Enabled: false Ozone HTTP Security Enabled: false 
2022-02-07 01:12:05,745 [Listener at 127.0.0.1/33291] INFO  server.AuthenticationFilter (AuthenticationFilter.java:constructSecretProvider(240)) - Unable to initialize FileSignerSecretProvider, falling back to use random secrets.
2022-02-07 01:12:05,746 [Listener at 127.0.0.1/33291] WARN  http.HttpRequestLog (HttpRequestLog.java:getRequestLog(103)) - Jetty request log can only be enabled using Log4j
2022-02-07 01:12:05,751 [Listener at 127.0.0.1/33291] INFO  http.HttpServer2 (HttpServer2.java:addGlobalFilter(1030)) - Added global filter 'safety' (class=org.apache.hadoop.hdds.server.http.HttpServer2$QuotingInputFilter)
2022-02-07 01:12:05,752 [Listener at 127.0.0.1/33291] INFO  http.HttpServer2 (HttpServer2.java:addFilter(1006)) - Added filter static_user_filter (class=org.apache.hadoop.http.lib.StaticUserWebFilter$StaticUserFilter) to context hddsDatanode
2022-02-07 01:12:05,752 [Listener at 127.0.0.1/33291] INFO  http.HttpServer2 (HttpServer2.java:addFilter(1014)) - Added filter static_user_filter (class=org.apache.hadoop.http.lib.StaticUserWebFilter$StaticUserFilter) to context static
2022-02-07 01:12:05,752 [Listener at 127.0.0.1/33291] INFO  http.HttpServer2 (HttpServer2.java:addFilter(1014)) - Added filter static_user_filter (class=org.apache.hadoop.http.lib.StaticUserWebFilter$StaticUserFilter) to context logs
2022-02-07 01:12:05,753 [Listener at 127.0.0.1/33291] INFO  http.HttpServer2 (HttpServer2.java:bindListener(1249)) - Jetty bound to port 37669
2022-02-07 01:12:05,753 [Listener at 127.0.0.1/33291] INFO  server.Server (Server.java:doStart(375)) - jetty-9.4.43.v20210629; built: 2021-06-30T11:07:22.254Z; git: 526006ecfa3af7f1a27ef3a288e2bef7ea9dd7e8; jvm 1.8.0_312-b07
2022-02-07 01:12:05,815 [Listener at 127.0.0.1/33291] INFO  server.session (DefaultSessionIdManager.java:doStart(334)) - DefaultSessionIdManager workerName=node0
2022-02-07 01:12:05,815 [Listener at 127.0.0.1/33291] INFO  server.session (DefaultSessionIdManager.java:doStart(339)) - No SessionScavenger set, using defaults
2022-02-07 01:12:05,815 [Listener at 127.0.0.1/33291] INFO  server.session (HouseKeeper.java:startScavenging(132)) - node0 Scavenging every 600000ms
2022-02-07 01:12:05,819 [Listener at 127.0.0.1/33291] INFO  handler.ContextHandler (ContextHandler.java:doStart(915)) - Started o.e.j.s.ServletContextHandler@1c203368{logs,/logs,file:///home/runner/work/ozone/ozone/hadoop-ozone/integration-test/target/log,AVAILABLE}
2022-02-07 01:12:05,819 [Listener at 127.0.0.1/33291] INFO  handler.ContextHandler (ContextHandler.java:doStart(915)) - Started o.e.j.s.ServletContextHandler@144bc489{static,/static,jar:file:/home/runner/.m2/repository/org/apache/ozone/hdds-container-service/1.3.0-SNAPSHOT/hdds-container-service-1.3.0-SNAPSHOT.jar!/webapps/static,AVAILABLE}
2022-02-07 01:12:05,897 [Listener at 127.0.0.1/33291] INFO  handler.ContextHandler (ContextHandler.java:doStart(915)) - Started o.e.j.w.WebAppContext@124d3ea3{hddsDatanode,/,file:///tmp/jetty-0_0_0_0-37669-hdds-container-service-1_3_0-SNAPSHOT_jar-_-any-6851194145454713522/webapp/,AVAILABLE}{jar:file:/home/runner/.m2/repository/org/apache/ozone/hdds-container-service/1.3.0-SNAPSHOT/hdds-container-service-1.3.0-SNAPSHOT.jar!/webapps/hddsDatanode}
2022-02-07 01:12:05,903 [Listener at 127.0.0.1/33291] INFO  server.AbstractConnector (AbstractConnector.java:doStart(331)) - Started ServerConnector@69ef7ccc{HTTP/1.1, (http/1.1)}{0.0.0.0:37669}
2022-02-07 01:12:05,904 [Listener at 127.0.0.1/33291] INFO  server.Server (Server.java:doStart(415)) - Started @45115ms
2022-02-07 01:12:05,904 [Listener at 127.0.0.1/33291] WARN  impl.MetricsSystemImpl (MetricsSystemImpl.java:register(279)) - Sink prometheus already exists!
2022-02-07 01:12:05,904 [Listener at 127.0.0.1/33291] INFO  http.BaseHttpServer (BaseHttpServer.java:updateConnectorAddress(329)) - HTTP server of hddsDatanode listening at http://0.0.0.0:37669
2022-02-07 01:12:05,910 [Listener at 127.0.0.1/33291] WARN  impl.MetricRegistriesImpl (MetricRegistriesImpl.java:addReporterRegistration(111)) - New reporters are added after registries were created. Some metrics will be missing from the reporter. Please add reporter before adding any new registry.
2022-02-07 01:12:05,910 [Listener at 127.0.0.1/33291] WARN  impl.MetricRegistriesImpl (MetricRegistriesImpl.java:addReporterRegistration(111)) - New reporters are added after registries were created. Some metrics will be missing from the reporter. Please add reporter before adding any new registry.
2022-02-07 01:12:05,910 [Listener at 127.0.0.1/33291] INFO  impl.MetricsSystemImpl (MetricsSystemImpl.java:init(158)) - HddsDatanode metrics system started (again)
2022-02-07 01:12:05,910 [Datanode State Machine Daemon Thread] INFO  statemachine.DatanodeStateMachine (DatanodeStateMachine.java:lambda$startDaemon$0(470)) - Ozone container server started.
2022-02-07 01:12:05,916 [org.apache.hadoop.util.JvmPauseMonitor$Monitor@77cb99fe] INFO  util.JvmPauseMonitor (JvmPauseMonitor.java:run(188)) - Starting JVM pause monitor
2022-02-07 01:12:05,922 [Listener at 127.0.0.1/33291] INFO  ozone.HddsDatanodeService (HddsDatanodeService.java:start(234)) - HddsDatanodeService host:fv-az12-249.exdb2aeach2ezidoxz41lk3bwg.cx.internal.cloudapp.net ip:10.1.0.96
2022-02-07 01:12:05,930 [Datanode State Machine Task Thread - 0] INFO  datanode.InitDatanodeState (InitDatanodeState.java:persistContainerDatanodeDetails(145)) - DatanodeDetails is persisted to /home/runner/work/ozone/ozone/hadoop-ozone/integration-test/target/test-dir/MiniOzoneClusterImpl-bf974671-0ee4-44cd-a16a-aba150e4f4c7/datanode-1/meta/datanode.id
2022-02-07 01:12:05,962 [Listener at 127.0.0.1/33291] INFO  upgrade.AbstractLayoutVersionManager (AbstractLayoutVersionManager.java:init(79)) - Initializing Layout version manager with metadata layout = SCM_HA (version = 2), software layout = SCM_HA (version = 2)
2022-02-07 01:12:06,038 [Listener at 127.0.0.1/33291] INFO  reflections.Reflections (Reflections.java:scan(232)) - Reflections took 73 ms to scan 7 urls, producing 119 keys and 279 values 
2022-02-07 01:12:06,046 [Listener at 127.0.0.1/33291] INFO  statemachine.DatanodeStateMachine (DatanodeStateMachine.java:getEndPointTaskThreadPoolSize(222)) - Datanode State Machine Task Thread Pool size 2
2022-02-07 01:12:06,054 [Listener at 127.0.0.1/33291] INFO  volume.HddsVolume (HddsVolume.java:<init>(120)) - Creating HddsVolume: /home/runner/work/ozone/ozone/hadoop-ozone/integration-test/target/test-dir/MiniOzoneClusterImpl-bf974671-0ee4-44cd-a16a-aba150e4f4c7/datanode-2/data-0/containers/hdds of storage type : DISK capacity : 9223372036854775807
2022-02-07 01:12:06,054 [Listener at 127.0.0.1/33291] INFO  volume.MutableVolumeSet (MutableVolumeSet.java:initializeVolumeSet(168)) - Added Volume : /home/runner/work/ozone/ozone/hadoop-ozone/integration-test/target/test-dir/MiniOzoneClusterImpl-bf974671-0ee4-44cd-a16a-aba150e4f4c7/datanode-2/data-0/containers/hdds to VolumeSet
2022-02-07 01:12:06,055 [Listener at 127.0.0.1/33291] INFO  volume.ThrottledAsyncChecker (ThrottledAsyncChecker.java:schedule(141)) - Scheduling a check for /home/runner/work/ozone/ozone/hadoop-ozone/integration-test/target/test-dir/MiniOzoneClusterImpl-bf974671-0ee4-44cd-a16a-aba150e4f4c7/datanode-2/data-0/containers/hdds
2022-02-07 01:12:06,057 [Listener at 127.0.0.1/33291] INFO  volume.StorageVolumeChecker (StorageVolumeChecker.java:checkAllVolumes(202)) - Scheduled health check for volume /home/runner/work/ozone/ozone/hadoop-ozone/integration-test/target/test-dir/MiniOzoneClusterImpl-bf974671-0ee4-44cd-a16a-aba150e4f4c7/datanode-2/data-0/containers/hdds
2022-02-07 01:12:06,068 [Listener at 127.0.0.1/33291] INFO  volume.MutableVolumeSet (MutableVolumeSet.java:initializeVolumeSet(168)) - Added Volume : /home/runner/work/ozone/ozone/hadoop-ozone/integration-test/target/test-dir/MiniOzoneClusterImpl-bf974671-0ee4-44cd-a16a-aba150e4f4c7/datanode-2/data/ratis to VolumeSet
2022-02-07 01:12:06,069 [Listener at 127.0.0.1/33291] INFO  volume.ThrottledAsyncChecker (ThrottledAsyncChecker.java:schedule(141)) - Scheduling a check for /home/runner/work/ozone/ozone/hadoop-ozone/integration-test/target/test-dir/MiniOzoneClusterImpl-bf974671-0ee4-44cd-a16a-aba150e4f4c7/datanode-2/data/ratis
2022-02-07 01:12:06,069 [Listener at 127.0.0.1/33291] INFO  volume.StorageVolumeChecker (StorageVolumeChecker.java:checkAllVolumes(202)) - Scheduled health check for volume /home/runner/work/ozone/ozone/hadoop-ozone/integration-test/target/test-dir/MiniOzoneClusterImpl-bf974671-0ee4-44cd-a16a-aba150e4f4c7/datanode-2/data/ratis
2022-02-07 01:12:06,086 [Thread-323] INFO  ozoneimpl.ContainerReader (ContainerReader.java:readVolume(172)) - Finish verifying containers on volume /home/runner/work/ozone/ozone/hadoop-ozone/integration-test/target/test-dir/MiniOzoneClusterImpl-bf974671-0ee4-44cd-a16a-aba150e4f4c7/datanode-2/data-0/containers/hdds
2022-02-07 01:12:06,086 [Listener at 127.0.0.1/33291] INFO  ozoneimpl.OzoneContainer (OzoneContainer.java:buildContainerSet(237)) - Build ContainerSet costs 0s
2022-02-07 01:12:06,090 [Listener at 127.0.0.1/33291] INFO  server.RaftServer (ConfUtils.java:logGet(44)) - raft.rpc.type = GRPC (default)
2022-02-07 01:12:06,093 [Listener at 127.0.0.1/33291] INFO  grpc.GrpcFactory (GrpcFactory.java:checkPooledByteBufAllocatorUseCacheForAllThreads(48)) - PERFORMANCE WARNING: useCacheForAllThreads is true that may cause Netty to create a lot garbage objects and, as a result, trigger GC.
	It is recommended to disable useCacheForAllThreads by setting -Dorg.apache.ratis.thirdparty.io.netty.allocator.useCacheForAllThreads=false in command line.
2022-02-07 01:12:06,093 [Listener at 127.0.0.1/33291] INFO  grpc.GrpcConfigKeys (ConfUtils.java:logGet(44)) - raft.grpc.admin.port = 0 (custom)
2022-02-07 01:12:06,093 [Listener at 127.0.0.1/33291] INFO  grpc.GrpcConfigKeys (ConfUtils.java:logGet(44)) - raft.grpc.client.port = 0 (custom)
2022-02-07 01:12:06,093 [Listener at 127.0.0.1/33291] INFO  grpc.GrpcConfigKeys (ConfUtils.java:logGet(44)) - raft.grpc.server.port = 0 (default)
2022-02-07 01:12:06,094 [Listener at 127.0.0.1/33291] INFO  server.GrpcService (ConfUtils.java:logGet(44)) - raft.grpc.message.size.max = 32MB (=33554432) (custom)
2022-02-07 01:12:06,094 [Listener at 127.0.0.1/33291] INFO  server.RaftServerConfigKeys (ConfUtils.java:logGet(44)) - raft.server.log.appender.buffer.byte-limit = 33554432 (custom)
2022-02-07 01:12:06,094 [Listener at 127.0.0.1/33291] INFO  server.GrpcService (ConfUtils.java:logGet(44)) - raft.grpc.flow.control.window = 5MB (=5242880) (custom)
2022-02-07 01:12:06,094 [Listener at 127.0.0.1/33291] INFO  server.RaftServerConfigKeys (ConfUtils.java:logGet(44)) - raft.server.rpc.request.timeout = 60s (custom)
2022-02-07 01:12:06,095 [Listener at 127.0.0.1/33291] INFO  impl.DataStreamServerImpl (ConfUtils.java:logGet(44)) - raft.datastream.type = DISABLED (default)
2022-02-07 01:12:06,095 [Listener at 127.0.0.1/33291] INFO  server.RaftServerConfigKeys (ConfUtils.java:logGet(44)) - raft.server.rpc.slowness.timeout = 300s (custom)
2022-02-07 01:12:06,095 [Listener at 127.0.0.1/33291] INFO  server.RaftServerConfigKeys (ConfUtils.java:logGet(44)) - raft.server.leaderelection.leader.step-down.wait-time = 10s (default)
2022-02-07 01:12:06,096 [Listener at 127.0.0.1/33291] INFO  server.RaftServerConfigKeys (ConfUtils.java:logGet(44)) - raft.server.storage.dir = [/home/runner/work/ozone/ozone/hadoop-ozone/integration-test/target/test-dir/MiniOzoneClusterImpl-bf974671-0ee4-44cd-a16a-aba150e4f4c7/datanode-2/data/ratis] (custom)
2022-02-07 01:12:06,097 [Listener at 127.0.0.1/33291] INFO  server.XceiverServerGrpc (XceiverServerGrpc.java:<init>(132)) - GrpcServer channel type EpollServerSocketChannel
2022-02-07 01:12:06,101 [Listener at 127.0.0.1/33291] INFO  http.BaseHttpServer (BaseHttpServer.java:newHttpServer2BuilderForOzone(209)) - Starting Web-server for hddsDatanode at: http://0.0.0.0:0
2022-02-07 01:12:06,101 [Listener at 127.0.0.1/33291] INFO  http.BaseHttpServer (BaseHttpServer.java:<init>(107)) - Hadoop Security Enabled: false Ozone Security Enabled: false Ozone HTTP Security Enabled: false 
2022-02-07 01:12:06,102 [Listener at 127.0.0.1/33291] INFO  server.AuthenticationFilter (AuthenticationFilter.java:constructSecretProvider(240)) - Unable to initialize FileSignerSecretProvider, falling back to use random secrets.
2022-02-07 01:12:06,106 [Listener at 127.0.0.1/33291] WARN  http.HttpRequestLog (HttpRequestLog.java:getRequestLog(103)) - Jetty request log can only be enabled using Log4j
2022-02-07 01:12:06,108 [Listener at 127.0.0.1/33291] INFO  http.HttpServer2 (HttpServer2.java:addGlobalFilter(1030)) - Added global filter 'safety' (class=org.apache.hadoop.hdds.server.http.HttpServer2$QuotingInputFilter)
2022-02-07 01:12:06,108 [Listener at 127.0.0.1/33291] INFO  http.HttpServer2 (HttpServer2.java:addFilter(1006)) - Added filter static_user_filter (class=org.apache.hadoop.http.lib.StaticUserWebFilter$StaticUserFilter) to context hddsDatanode
2022-02-07 01:12:06,109 [Listener at 127.0.0.1/33291] INFO  http.HttpServer2 (HttpServer2.java:addFilter(1014)) - Added filter static_user_filter (class=org.apache.hadoop.http.lib.StaticUserWebFilter$StaticUserFilter) to context static
2022-02-07 01:12:06,109 [Listener at 127.0.0.1/33291] INFO  http.HttpServer2 (HttpServer2.java:addFilter(1014)) - Added filter static_user_filter (class=org.apache.hadoop.http.lib.StaticUserWebFilter$StaticUserFilter) to context logs
2022-02-07 01:12:06,109 [Listener at 127.0.0.1/33291] INFO  http.HttpServer2 (HttpServer2.java:bindListener(1249)) - Jetty bound to port 33217
2022-02-07 01:12:06,110 [Listener at 127.0.0.1/33291] INFO  server.Server (Server.java:doStart(375)) - jetty-9.4.43.v20210629; built: 2021-06-30T11:07:22.254Z; git: 526006ecfa3af7f1a27ef3a288e2bef7ea9dd7e8; jvm 1.8.0_312-b07
2022-02-07 01:12:06,111 [Listener at 127.0.0.1/33291] INFO  server.session (DefaultSessionIdManager.java:doStart(334)) - DefaultSessionIdManager workerName=node0
2022-02-07 01:12:06,111 [Listener at 127.0.0.1/33291] INFO  server.session (DefaultSessionIdManager.java:doStart(339)) - No SessionScavenger set, using defaults
2022-02-07 01:12:06,111 [Listener at 127.0.0.1/33291] INFO  server.session (HouseKeeper.java:startScavenging(132)) - node0 Scavenging every 600000ms
2022-02-07 01:12:06,112 [Listener at 127.0.0.1/33291] INFO  handler.ContextHandler (ContextHandler.java:doStart(915)) - Started o.e.j.s.ServletContextHandler@73eea2d5{logs,/logs,file:///home/runner/work/ozone/ozone/hadoop-ozone/integration-test/target/log,AVAILABLE}
2022-02-07 01:12:06,112 [Listener at 127.0.0.1/33291] INFO  handler.ContextHandler (ContextHandler.java:doStart(915)) - Started o.e.j.s.ServletContextHandler@728748ee{static,/static,jar:file:/home/runner/.m2/repository/org/apache/ozone/hdds-container-service/1.3.0-SNAPSHOT/hdds-container-service-1.3.0-SNAPSHOT.jar!/webapps/static,AVAILABLE}
2022-02-07 01:12:06,172 [Listener at 127.0.0.1/33291] INFO  handler.ContextHandler (ContextHandler.java:doStart(915)) - Started o.e.j.w.WebAppContext@6b483391{hddsDatanode,/,file:///tmp/jetty-0_0_0_0-33217-hdds-container-service-1_3_0-SNAPSHOT_jar-_-any-3533651157781086596/webapp/,AVAILABLE}{jar:file:/home/runner/.m2/repository/org/apache/ozone/hdds-container-service/1.3.0-SNAPSHOT/hdds-container-service-1.3.0-SNAPSHOT.jar!/webapps/hddsDatanode}
2022-02-07 01:12:06,174 [Listener at 127.0.0.1/33291] INFO  server.AbstractConnector (AbstractConnector.java:doStart(331)) - Started ServerConnector@4766f3dc{HTTP/1.1, (http/1.1)}{0.0.0.0:33217}
2022-02-07 01:12:06,175 [Listener at 127.0.0.1/33291] INFO  server.Server (Server.java:doStart(415)) - Started @45386ms
2022-02-07 01:12:06,175 [Listener at 127.0.0.1/33291] WARN  impl.MetricsSystemImpl (MetricsSystemImpl.java:register(279)) - Sink prometheus already exists!
2022-02-07 01:12:06,175 [Listener at 127.0.0.1/33291] INFO  http.BaseHttpServer (BaseHttpServer.java:updateConnectorAddress(329)) - HTTP server of hddsDatanode listening at http://0.0.0.0:33217
2022-02-07 01:12:06,177 [Listener at 127.0.0.1/33291] INFO  ozone.MiniOzoneClusterImpl (MiniOzoneClusterImpl.java:lambda$waitForClusterToBeReady$0(219)) - Waiting for nodes to be ready. Got 0 of 3 DN Heartbeats.
2022-02-07 01:12:06,177 [Listener at 127.0.0.1/33291] INFO  ozone.MiniOzoneClusterImpl (MiniOzoneClusterImpl.java:lambda$waitForClusterToBeReady$0(222)) - Waiting for cluster to exit safe mode
2022-02-07 01:12:06,177 [Listener at 127.0.0.1/33291] INFO  ozone.MiniOzoneClusterImpl (MiniOzoneClusterImpl.java:lambda$waitForClusterToBeReady$0(224)) - SCM became leader
2022-02-07 01:12:06,177 [Datanode State Machine Daemon Thread] INFO  statemachine.DatanodeStateMachine (DatanodeStateMachine.java:lambda$startDaemon$0(470)) - Ozone container server started.
2022-02-07 01:12:06,199 [org.apache.hadoop.util.JvmPauseMonitor$Monitor@64d7d754] INFO  util.JvmPauseMonitor (JvmPauseMonitor.java:run(188)) - Starting JVM pause monitor
2022-02-07 01:12:06,206 [Datanode State Machine Task Thread - 0] INFO  datanode.InitDatanodeState (InitDatanodeState.java:persistContainerDatanodeDetails(145)) - DatanodeDetails is persisted to /home/runner/work/ozone/ozone/hadoop-ozone/integration-test/target/test-dir/MiniOzoneClusterImpl-bf974671-0ee4-44cd-a16a-aba150e4f4c7/datanode-2/meta/datanode.id
2022-02-07 01:12:06,454 [om1@group-C5BA1605619E-FollowerState] INFO  impl.FollowerState (FollowerState.java:run(134)) - om1@group-C5BA1605619E-FollowerState: change to CANDIDATE, lastRpcElapsedTime:1169245320ns, electionTimeout:1159ms
2022-02-07 01:12:06,455 [om1@group-C5BA1605619E-FollowerState] INFO  impl.RoleInfo (RoleInfo.java:shutdownFollowerState(108)) - om1: shutdown om1@group-C5BA1605619E-FollowerState
2022-02-07 01:12:06,455 [om1@group-C5BA1605619E-FollowerState] INFO  server.RaftServer$Division (RaftServerImpl.java:setRole(290)) - om1@group-C5BA1605619E: changes role from  FOLLOWER to CANDIDATE at term 0 for changeToCandidate
2022-02-07 01:12:06,455 [om1@group-C5BA1605619E-FollowerState] INFO  server.RaftServerConfigKeys (ConfUtils.java:logGet(44)) - raft.server.leaderelection.pre-vote = false (custom)
2022-02-07 01:12:06,455 [om1@group-C5BA1605619E-FollowerState] INFO  impl.RoleInfo (RoleInfo.java:updateAndGet(130)) - om1: start om1@group-C5BA1605619E-LeaderElection6
2022-02-07 01:12:06,458 [om1@group-C5BA1605619E-LeaderElection6] INFO  impl.LeaderElection (LeaderElection.java:askForVotes(306)) - om1@group-C5BA1605619E-LeaderElection6 ELECTION round 0: submit vote requests at term 1 for -1: [om1|rpc:localhost:9872|priority:0], old=null
2022-02-07 01:12:06,459 [om1@group-C5BA1605619E-LeaderElection6] INFO  impl.LeaderElection (LeaderElection.java:askForVotes(308)) - om1@group-C5BA1605619E-LeaderElection6 ELECTION round 0: result PASSED (term=1)
2022-02-07 01:12:06,459 [om1@group-C5BA1605619E-LeaderElection6] INFO  impl.RoleInfo (RoleInfo.java:shutdownLeaderElection(121)) - om1: shutdown om1@group-C5BA1605619E-LeaderElection6
2022-02-07 01:12:06,459 [om1@group-C5BA1605619E-LeaderElection6] INFO  server.RaftServer$Division (RaftServerImpl.java:setRole(290)) - om1@group-C5BA1605619E: changes role from CANDIDATE to LEADER at term 1 for changeToLeader
2022-02-07 01:12:06,459 [om1@group-C5BA1605619E-LeaderElection6] INFO  server.RaftServer$Division (ServerState.java:setLeader(285)) - om1@group-C5BA1605619E: change Leader from null to om1 at term 1 for becomeLeader, leader elected after 1224ms
2022-02-07 01:12:06,459 [om1@group-C5BA1605619E-LeaderElection6] INFO  server.RaftServerConfigKeys (ConfUtils.java:logGet(44)) - raft.server.staging.catchup.gap = 1000 (default)
2022-02-07 01:12:06,459 [om1@group-C5BA1605619E-LeaderElection6] INFO  server.RaftServerConfigKeys (ConfUtils.java:logGet(44)) - raft.server.write.element-limit = 4096 (default)
2022-02-07 01:12:06,460 [om1@group-C5BA1605619E-LeaderElection6] INFO  server.RaftServerConfigKeys (ConfUtils.java:logGet(44)) - raft.server.write.byte-limit = 64MB (=67108864) (default)
2022-02-07 01:12:06,460 [om1@group-C5BA1605619E-LeaderElection6] INFO  server.RaftServerConfigKeys (ConfUtils.java:logGet(44)) - raft.server.watch.timeout = 10s (default)
2022-02-07 01:12:06,460 [om1@group-C5BA1605619E-LeaderElection6] INFO  server.RaftServerConfigKeys (ConfUtils.java:logGet(44)) - raft.server.watch.timeout.denomination = 1s (default)
2022-02-07 01:12:06,460 [om1@group-C5BA1605619E-LeaderElection6] INFO  server.RaftServerConfigKeys (ConfUtils.java:logGet(44)) - raft.server.watch.element-limit = 65536 (default)
2022-02-07 01:12:06,460 [om1@group-C5BA1605619E-LeaderElection6] INFO  server.RaftServerConfigKeys (ConfUtils.java:logGet(44)) - raft.server.write.element-limit = 4096 (default)
2022-02-07 01:12:06,461 [om1@group-C5BA1605619E-LeaderElection6] INFO  server.RaftServerConfigKeys (ConfUtils.java:logGet(44)) - raft.server.write.follower.gap.ratio.max = -1.0 (default)
2022-02-07 01:12:06,461 [om1@group-C5BA1605619E-LeaderElection6] INFO  impl.RoleInfo (RoleInfo.java:updateAndGet(130)) - om1: start om1@group-C5BA1605619E-LeaderStateImpl
2022-02-07 01:12:06,462 [om1@group-C5BA1605619E-LeaderElection6] INFO  segmented.SegmentedRaftLogWorker (SegmentedRaftLogWorker.java:startLogSegment(394)) - om1@group-C5BA1605619E-SegmentedRaftLogWorker: Starting segment from index:0
2022-02-07 01:12:06,475 [om1@group-C5BA1605619E-LeaderElection6] INFO  server.RaftServer$Division (ServerState.java:setRaftConf(387)) - om1@group-C5BA1605619E: set configuration 0: [om1|rpc:localhost:9872|admin:|client:|dataStream:|priority:0], old=null
2022-02-07 01:12:06,476 [om1@group-C5BA1605619E-SegmentedRaftLogWorker] INFO  segmented.SegmentedRaftLogWorker (SegmentedRaftLogWorker.java:execute(601)) - om1@group-C5BA1605619E-SegmentedRaftLogWorker: created new log segment /home/runner/work/ozone/ozone/hadoop-ozone/integration-test/target/test-dir/MiniOzoneClusterImpl-bf974671-0ee4-44cd-a16a-aba150e4f4c7/ozone-meta/ratis/bf265839-605b-3f16-9796-c5ba1605619e/current/log_inprogress_0
2022-02-07 01:12:06,479 [om1@group-C5BA1605619E-StateMachineUpdater] INFO  ratis.OzoneManagerStateMachine (OzoneManagerStateMachine.java:notifyConfigurationChanged(188)) - Received Configuration change notification from Ratis. New Peer list:
[id: "om1"
address: "localhost:9872"
]
2022-02-07 01:12:07,177 [Listener at 127.0.0.1/33291] INFO  ozone.MiniOzoneClusterImpl (MiniOzoneClusterImpl.java:lambda$waitForClusterToBeReady$0(219)) - Waiting for nodes to be ready. Got 0 of 3 DN Heartbeats.
2022-02-07 01:12:07,178 [Listener at 127.0.0.1/33291] INFO  ozone.MiniOzoneClusterImpl (MiniOzoneClusterImpl.java:lambda$waitForClusterToBeReady$0(222)) - Waiting for cluster to exit safe mode
2022-02-07 01:12:07,178 [Listener at 127.0.0.1/33291] INFO  ozone.MiniOzoneClusterImpl (MiniOzoneClusterImpl.java:lambda$waitForClusterToBeReady$0(224)) - SCM became leader
2022-02-07 01:12:07,599 [EndpointStateMachine task thread for /0.0.0.0:45141 - 0 ] INFO  ozoneimpl.OzoneContainer (OzoneContainer.java:start(315)) - Attempting to start container services.
2022-02-07 01:12:07,599 [EndpointStateMachine task thread for /0.0.0.0:45141 - 0 ] INFO  ozoneimpl.OzoneContainer (OzoneContainer.java:startContainerScrub(250)) - Background container scanner has been disabled.
2022-02-07 01:12:07,604 [EndpointStateMachine task thread for /0.0.0.0:45141 - 0 ] INFO  replication.ReplicationServer (ReplicationServer.java:start(111)) - ReplicationServer is started using port 45461
2022-02-07 01:12:07,606 [EndpointStateMachine task thread for /0.0.0.0:45141 - 0 ] INFO  ratis.XceiverServerRatis (XceiverServerRatis.java:start(484)) - Starting XceiverServerRatis 73449ac0-f7ab-4a13-95e2-c884dfff8ef3
2022-02-07 01:12:07,607 [EndpointStateMachine task thread for /0.0.0.0:45141 - 0 ] INFO  server.RaftServer (RaftServerProxy.java:lambda$start$5(374)) - 73449ac0-f7ab-4a13-95e2-c884dfff8ef3: start RPC server
2022-02-07 01:12:07,612 [EndpointStateMachine task thread for /0.0.0.0:45141 - 0 ] INFO  server.GrpcService (GrpcService.java:startImpl(253)) - 73449ac0-f7ab-4a13-95e2-c884dfff8ef3: GrpcService started, listening on 36719
2022-02-07 01:12:07,614 [EndpointStateMachine task thread for /0.0.0.0:45141 - 0 ] INFO  ratis.XceiverServerRatis (XceiverServerRatis.java:getRealPort(505)) - XceiverServerRatis 73449ac0-f7ab-4a13-95e2-c884dfff8ef3 is started using port 36719 for RATIS
2022-02-07 01:12:07,614 [EndpointStateMachine task thread for /0.0.0.0:45141 - 0 ] INFO  ratis.XceiverServerRatis (XceiverServerRatis.java:getRealPort(505)) - XceiverServerRatis 73449ac0-f7ab-4a13-95e2-c884dfff8ef3 is started using port 36719 for RATIS_ADMIN
2022-02-07 01:12:07,615 [EndpointStateMachine task thread for /0.0.0.0:45141 - 0 ] INFO  ratis.XceiverServerRatis (XceiverServerRatis.java:getRealPort(505)) - XceiverServerRatis 73449ac0-f7ab-4a13-95e2-c884dfff8ef3 is started using port 36719 for RATIS_SERVER
2022-02-07 01:12:07,615 [org.apache.ratis.util.JvmPauseMonitor$$Lambda$431/1288267183@2e43a12c] INFO  util.JvmPauseMonitor (JvmPauseMonitor.java:run(103)) - JvmPauseMonitor-73449ac0-f7ab-4a13-95e2-c884dfff8ef3: Started
2022-02-07 01:12:07,616 [EndpointStateMachine task thread for /0.0.0.0:45141 - 0 ] INFO  server.XceiverServerGrpc (XceiverServerGrpc.java:start(180)) - XceiverServerGrpc 73449ac0-f7ab-4a13-95e2-c884dfff8ef3 is started using port 44633
2022-02-07 01:12:07,928 [EndpointStateMachine task thread for /0.0.0.0:45141 - 0 ] INFO  ozoneimpl.OzoneContainer (OzoneContainer.java:start(315)) - Attempting to start container services.
2022-02-07 01:12:07,931 [EndpointStateMachine task thread for /0.0.0.0:45141 - 0 ] INFO  ozoneimpl.OzoneContainer (OzoneContainer.java:startContainerScrub(250)) - Background container scanner has been disabled.
2022-02-07 01:12:07,932 [EndpointStateMachine task thread for /0.0.0.0:45141 - 0 ] INFO  replication.ReplicationServer (ReplicationServer.java:start(111)) - ReplicationServer is started using port 34021
2022-02-07 01:12:07,932 [EndpointStateMachine task thread for /0.0.0.0:45141 - 0 ] INFO  ratis.XceiverServerRatis (XceiverServerRatis.java:start(484)) - Starting XceiverServerRatis 9f9d0b70-d7d3-413f-b2b0-b1a7eeb17962
2022-02-07 01:12:07,939 [EndpointStateMachine task thread for /0.0.0.0:45141 - 0 ] INFO  server.RaftServer (RaftServerProxy.java:lambda$start$5(374)) - 9f9d0b70-d7d3-413f-b2b0-b1a7eeb17962: start RPC server
2022-02-07 01:12:07,943 [EndpointStateMachine task thread for /0.0.0.0:45141 - 0 ] INFO  server.GrpcService (GrpcService.java:startImpl(253)) - 9f9d0b70-d7d3-413f-b2b0-b1a7eeb17962: GrpcService started, listening on 40481
2022-02-07 01:12:07,944 [EndpointStateMachine task thread for /0.0.0.0:45141 - 0 ] INFO  ratis.XceiverServerRatis (XceiverServerRatis.java:getRealPort(505)) - XceiverServerRatis 9f9d0b70-d7d3-413f-b2b0-b1a7eeb17962 is started using port 40481 for RATIS
2022-02-07 01:12:07,944 [EndpointStateMachine task thread for /0.0.0.0:45141 - 0 ] INFO  ratis.XceiverServerRatis (XceiverServerRatis.java:getRealPort(505)) - XceiverServerRatis 9f9d0b70-d7d3-413f-b2b0-b1a7eeb17962 is started using port 40481 for RATIS_ADMIN
2022-02-07 01:12:07,944 [EndpointStateMachine task thread for /0.0.0.0:45141 - 0 ] INFO  ratis.XceiverServerRatis (XceiverServerRatis.java:getRealPort(505)) - XceiverServerRatis 9f9d0b70-d7d3-413f-b2b0-b1a7eeb17962 is started using port 40481 for RATIS_SERVER
2022-02-07 01:12:07,945 [org.apache.ratis.util.JvmPauseMonitor$$Lambda$431/1288267183@55e563d9] INFO  util.JvmPauseMonitor (JvmPauseMonitor.java:run(103)) - JvmPauseMonitor-9f9d0b70-d7d3-413f-b2b0-b1a7eeb17962: Started
2022-02-07 01:12:07,946 [EndpointStateMachine task thread for /0.0.0.0:45141 - 0 ] INFO  server.XceiverServerGrpc (XceiverServerGrpc.java:start(180)) - XceiverServerGrpc 9f9d0b70-d7d3-413f-b2b0-b1a7eeb17962 is started using port 41489
2022-02-07 01:12:08,178 [Listener at 127.0.0.1/33291] INFO  ozone.MiniOzoneClusterImpl (MiniOzoneClusterImpl.java:lambda$waitForClusterToBeReady$0(219)) - Waiting for nodes to be ready. Got 0 of 3 DN Heartbeats.
2022-02-07 01:12:08,178 [Listener at 127.0.0.1/33291] INFO  ozone.MiniOzoneClusterImpl (MiniOzoneClusterImpl.java:lambda$waitForClusterToBeReady$0(222)) - Waiting for cluster to exit safe mode
2022-02-07 01:12:08,178 [Listener at 127.0.0.1/33291] INFO  ozone.MiniOzoneClusterImpl (MiniOzoneClusterImpl.java:lambda$waitForClusterToBeReady$0(224)) - SCM became leader
2022-02-07 01:12:08,203 [EndpointStateMachine task thread for /0.0.0.0:45141 - 0 ] INFO  ozoneimpl.OzoneContainer (OzoneContainer.java:start(315)) - Attempting to start container services.
2022-02-07 01:12:08,205 [EndpointStateMachine task thread for /0.0.0.0:45141 - 0 ] INFO  ozoneimpl.OzoneContainer (OzoneContainer.java:startContainerScrub(250)) - Background container scanner has been disabled.
2022-02-07 01:12:08,206 [EndpointStateMachine task thread for /0.0.0.0:45141 - 0 ] INFO  replication.ReplicationServer (ReplicationServer.java:start(111)) - ReplicationServer is started using port 40619
2022-02-07 01:12:08,207 [EndpointStateMachine task thread for /0.0.0.0:45141 - 0 ] INFO  ratis.XceiverServerRatis (XceiverServerRatis.java:start(484)) - Starting XceiverServerRatis ef2c9b8c-8b3b-4184-8870-dd68248b0ad2
2022-02-07 01:12:08,211 [EndpointStateMachine task thread for /0.0.0.0:45141 - 0 ] INFO  server.RaftServer (RaftServerProxy.java:lambda$start$5(374)) - ef2c9b8c-8b3b-4184-8870-dd68248b0ad2: start RPC server
2022-02-07 01:12:08,216 [EndpointStateMachine task thread for /0.0.0.0:45141 - 0 ] INFO  server.GrpcService (GrpcService.java:startImpl(253)) - ef2c9b8c-8b3b-4184-8870-dd68248b0ad2: GrpcService started, listening on 43333
2022-02-07 01:12:08,218 [EndpointStateMachine task thread for /0.0.0.0:45141 - 0 ] INFO  ratis.XceiverServerRatis (XceiverServerRatis.java:getRealPort(505)) - XceiverServerRatis ef2c9b8c-8b3b-4184-8870-dd68248b0ad2 is started using port 43333 for RATIS
2022-02-07 01:12:08,219 [EndpointStateMachine task thread for /0.0.0.0:45141 - 0 ] INFO  ratis.XceiverServerRatis (XceiverServerRatis.java:getRealPort(505)) - XceiverServerRatis ef2c9b8c-8b3b-4184-8870-dd68248b0ad2 is started using port 43333 for RATIS_ADMIN
2022-02-07 01:12:08,219 [EndpointStateMachine task thread for /0.0.0.0:45141 - 0 ] INFO  ratis.XceiverServerRatis (XceiverServerRatis.java:getRealPort(505)) - XceiverServerRatis ef2c9b8c-8b3b-4184-8870-dd68248b0ad2 is started using port 43333 for RATIS_SERVER
2022-02-07 01:12:08,222 [org.apache.ratis.util.JvmPauseMonitor$$Lambda$431/1288267183@6424ade] INFO  util.JvmPauseMonitor (JvmPauseMonitor.java:run(103)) - JvmPauseMonitor-ef2c9b8c-8b3b-4184-8870-dd68248b0ad2: Started
2022-02-07 01:12:08,223 [EndpointStateMachine task thread for /0.0.0.0:45141 - 0 ] INFO  server.XceiverServerGrpc (XceiverServerGrpc.java:start(180)) - XceiverServerGrpc ef2c9b8c-8b3b-4184-8870-dd68248b0ad2 is started using port 40863
2022-02-07 01:12:09,179 [Listener at 127.0.0.1/33291] INFO  ozone.MiniOzoneClusterImpl (MiniOzoneClusterImpl.java:lambda$waitForClusterToBeReady$0(219)) - Waiting for nodes to be ready. Got 0 of 3 DN Heartbeats.
2022-02-07 01:12:09,179 [Listener at 127.0.0.1/33291] INFO  ozone.MiniOzoneClusterImpl (MiniOzoneClusterImpl.java:lambda$waitForClusterToBeReady$0(222)) - Waiting for cluster to exit safe mode
2022-02-07 01:12:09,179 [Listener at 127.0.0.1/33291] INFO  ozone.MiniOzoneClusterImpl (MiniOzoneClusterImpl.java:lambda$waitForClusterToBeReady$0(224)) - SCM became leader
2022-02-07 01:12:09,587 [IPC Server handler 4 on default port 45141] INFO  net.NetworkTopologyImpl (NetworkTopologyImpl.java:add(112)) - Added a new node: /default-rack/73449ac0-f7ab-4a13-95e2-c884dfff8ef3
2022-02-07 01:12:09,587 [IPC Server handler 4 on default port 45141] INFO  node.SCMNodeManager (SCMNodeManager.java:register(389)) - Registered Data node : 73449ac0-f7ab-4a13-95e2-c884dfff8ef3{ip: 10.1.0.96, host: fv-az12-249.exdb2aeach2ezidoxz41lk3bwg.cx.internal.cloudapp.net, ports: [REPLICATION=45461, RATIS=36719, RATIS_ADMIN=36719, RATIS_SERVER=36719, STANDALONE=44633], networkLocation: /default-rack, certSerialId: null, persistedOpState: null, persistedOpStateExpiryEpochSec: 0}
2022-02-07 01:12:09,589 [EventQueue-NewNodeForNewNodeHandler] INFO  pipeline.BackgroundPipelineCreator (BackgroundPipelineCreator.java:notifyEventTriggered(285)) - trigger a one-shot run on RatisPipelineUtilsThread.
2022-02-07 01:12:09,589 [RatisPipelineUtilsThread - 0] INFO  pipeline.RatisPipelineProvider (RatisPipelineProvider.java:lambda$create$0(183)) - Sending CreatePipelineCommand for pipeline:PipelineID=f23a270c-5d28-4539-aae4-5b2583497080 to datanode:73449ac0-f7ab-4a13-95e2-c884dfff8ef3
2022-02-07 01:12:09,590 [EventQueue-NodeRegistrationContainerReportForDataNodeSafeModeRule] INFO  safemode.SCMSafeModeManager (DataNodeSafeModeRule.java:process(71)) - SCM in safe mode. 1 DataNodes registered, 3 required.
2022-02-07 01:12:09,595 [EventQueue-NodeRegistrationContainerReportForContainerSafeModeRule] INFO  safemode.SCMSafeModeManager (SCMSafeModeManager.java:validateSafeModeExitRules(204)) - ContainerSafeModeRule rule is successfully validated
2022-02-07 01:12:09,595 [EventQueue-PipelineReportForOneReplicaPipelineSafeModeRule] INFO  safemode.SCMSafeModeManager (SCMSafeModeManager.java:validateSafeModeExitRules(204)) - AtleastOneDatanodeReportedRule rule is successfully validated
2022-02-07 01:12:09,617 [86291b25-4585-4db4-8d7d-b3c8a3a17a2e@group-ABA150E4F4C7-StateMachineUpdater] INFO  pipeline.PipelineStateManagerImpl (PipelineStateManagerImpl.java:addPipeline(101)) - Created pipeline Pipeline[ Id: f23a270c-5d28-4539-aae4-5b2583497080, Nodes: 73449ac0-f7ab-4a13-95e2-c884dfff8ef3{ip: 10.1.0.96, host: fv-az12-249.exdb2aeach2ezidoxz41lk3bwg.cx.internal.cloudapp.net, ports: [REPLICATION=45461, RATIS=36719, RATIS_ADMIN=36719, RATIS_SERVER=36719, STANDALONE=44633], networkLocation: /default-rack, certSerialId: null, persistedOpState: IN_SERVICE, persistedOpStateExpiryEpochSec: 0}, ReplicationConfig: RATIS/ONE, State:ALLOCATED, leaderId:, CreationTimestamp2022-02-07T01:12:09.589Z[Etc/UTC]].
2022-02-07 01:12:09,617 [86291b25-4585-4db4-8d7d-b3c8a3a17a2e@group-ABA150E4F4C7-StateMachineUpdater] INFO  safemode.HealthyPipelineSafeModeRule (HealthyPipelineSafeModeRule.java:initializeRule(152)) - Refreshed total pipeline count is 0, healthy pipeline threshold count is 1
2022-02-07 01:12:09,920 [IPC Server handler 7 on default port 45141] INFO  net.NetworkTopologyImpl (NetworkTopologyImpl.java:add(112)) - Added a new node: /default-rack/9f9d0b70-d7d3-413f-b2b0-b1a7eeb17962
2022-02-07 01:12:09,921 [IPC Server handler 7 on default port 45141] INFO  node.SCMNodeManager (SCMNodeManager.java:register(389)) - Registered Data node : 9f9d0b70-d7d3-413f-b2b0-b1a7eeb17962{ip: 10.1.0.96, host: fv-az12-249.exdb2aeach2ezidoxz41lk3bwg.cx.internal.cloudapp.net, ports: [REPLICATION=34021, RATIS=40481, RATIS_ADMIN=40481, RATIS_SERVER=40481, STANDALONE=41489], networkLocation: /default-rack, certSerialId: null, persistedOpState: null, persistedOpStateExpiryEpochSec: 0}
2022-02-07 01:12:09,921 [EventQueue-NewNodeForNewNodeHandler] INFO  pipeline.BackgroundPipelineCreator (BackgroundPipelineCreator.java:notifyEventTriggered(285)) - trigger a one-shot run on RatisPipelineUtilsThread.
2022-02-07 01:12:09,922 [EventQueue-NodeRegistrationContainerReportForDataNodeSafeModeRule] INFO  safemode.SCMSafeModeManager (DataNodeSafeModeRule.java:process(71)) - SCM in safe mode. 2 DataNodes registered, 3 required.
2022-02-07 01:12:09,927 [RatisPipelineUtilsThread - 0] INFO  pipeline.RatisPipelineProvider (RatisPipelineProvider.java:lambda$create$0(183)) - Sending CreatePipelineCommand for pipeline:PipelineID=fbf27227-d23f-4283-ba4e-399d0ffe117b to datanode:9f9d0b70-d7d3-413f-b2b0-b1a7eeb17962
2022-02-07 01:12:09,929 [86291b25-4585-4db4-8d7d-b3c8a3a17a2e@group-ABA150E4F4C7-StateMachineUpdater] INFO  pipeline.PipelineStateManagerImpl (PipelineStateManagerImpl.java:addPipeline(101)) - Created pipeline Pipeline[ Id: fbf27227-d23f-4283-ba4e-399d0ffe117b, Nodes: 9f9d0b70-d7d3-413f-b2b0-b1a7eeb17962{ip: 10.1.0.96, host: fv-az12-249.exdb2aeach2ezidoxz41lk3bwg.cx.internal.cloudapp.net, ports: [REPLICATION=34021, RATIS=40481, RATIS_ADMIN=40481, RATIS_SERVER=40481, STANDALONE=41489], networkLocation: /default-rack, certSerialId: null, persistedOpState: IN_SERVICE, persistedOpStateExpiryEpochSec: 0}, ReplicationConfig: RATIS/ONE, State:ALLOCATED, leaderId:, CreationTimestamp2022-02-07T01:12:09.927Z[Etc/UTC]].
2022-02-07 01:12:09,929 [86291b25-4585-4db4-8d7d-b3c8a3a17a2e@group-ABA150E4F4C7-StateMachineUpdater] INFO  safemode.HealthyPipelineSafeModeRule (HealthyPipelineSafeModeRule.java:initializeRule(152)) - Refreshed total pipeline count is 0, healthy pipeline threshold count is 1
2022-02-07 01:12:10,179 [Listener at 127.0.0.1/33291] INFO  ozone.MiniOzoneClusterImpl (MiniOzoneClusterImpl.java:lambda$waitForClusterToBeReady$0(219)) - Waiting for nodes to be ready. Got 2 of 3 DN Heartbeats.
2022-02-07 01:12:10,180 [Listener at 127.0.0.1/33291] INFO  ozone.MiniOzoneClusterImpl (MiniOzoneClusterImpl.java:lambda$waitForClusterToBeReady$0(222)) - Waiting for cluster to exit safe mode
2022-02-07 01:12:10,180 [Listener at 127.0.0.1/33291] INFO  ozone.MiniOzoneClusterImpl (MiniOzoneClusterImpl.java:lambda$waitForClusterToBeReady$0(224)) - SCM became leader
2022-02-07 01:12:10,201 [IPC Server handler 3 on default port 45141] INFO  net.NetworkTopologyImpl (NetworkTopologyImpl.java:add(112)) - Added a new node: /default-rack/ef2c9b8c-8b3b-4184-8870-dd68248b0ad2
2022-02-07 01:12:10,201 [IPC Server handler 3 on default port 45141] INFO  node.SCMNodeManager (SCMNodeManager.java:register(389)) - Registered Data node : ef2c9b8c-8b3b-4184-8870-dd68248b0ad2{ip: 10.1.0.96, host: fv-az12-249.exdb2aeach2ezidoxz41lk3bwg.cx.internal.cloudapp.net, ports: [REPLICATION=40619, RATIS=43333, RATIS_ADMIN=43333, RATIS_SERVER=43333, STANDALONE=40863], networkLocation: /default-rack, certSerialId: null, persistedOpState: null, persistedOpStateExpiryEpochSec: 0}
2022-02-07 01:12:10,203 [EventQueue-NewNodeForNewNodeHandler] INFO  pipeline.BackgroundPipelineCreator (BackgroundPipelineCreator.java:notifyEventTriggered(285)) - trigger a one-shot run on RatisPipelineUtilsThread.
2022-02-07 01:12:10,203 [RatisPipelineUtilsThread - 0] INFO  pipeline.RatisPipelineProvider (RatisPipelineProvider.java:lambda$create$0(183)) - Sending CreatePipelineCommand for pipeline:PipelineID=e4a05495-a327-4d7c-9936-e47898148bc9 to datanode:ef2c9b8c-8b3b-4184-8870-dd68248b0ad2
2022-02-07 01:12:10,203 [EventQueue-NodeRegistrationContainerReportForDataNodeSafeModeRule] INFO  safemode.SCMSafeModeManager (DataNodeSafeModeRule.java:process(71)) - SCM in safe mode. 3 DataNodes registered, 3 required.
2022-02-07 01:12:10,203 [EventQueue-NodeRegistrationContainerReportForDataNodeSafeModeRule] INFO  safemode.SCMSafeModeManager (SCMSafeModeManager.java:validateSafeModeExitRules(204)) - DataNodeSafeModeRule rule is successfully validated
2022-02-07 01:12:10,203 [EventQueue-NodeRegistrationContainerReportForDataNodeSafeModeRule] INFO  safemode.SCMSafeModeManager (SCMSafeModeManager.java:completePreCheck(233)) - All SCM safe mode pre check rules have passed
2022-02-07 01:12:10,203 [EventQueue-NodeRegistrationContainerReportForDataNodeSafeModeRule] WARN  events.EventQueue (EventQueue.java:fireEvent(194)) - No event handler registered for event TypedEvent{payloadType=SafeModeStatus, name='Safe mode status'}
2022-02-07 01:12:10,203 [EventQueue-NodeRegistrationContainerReportForDataNodeSafeModeRule] INFO  ha.SCMContext (SCMContext.java:updateSafeModeStatus(211)) - Update SafeModeStatus from SafeModeStatus{safeModeStatus=true, preCheckPassed=false} to SafeModeStatus{safeModeStatus=true, preCheckPassed=true}.
2022-02-07 01:12:10,203 [EventQueue-NodeRegistrationContainerReportForDataNodeSafeModeRule] INFO  pipeline.BackgroundPipelineCreator (BackgroundPipelineCreator.java:notifyEventTriggered(285)) - trigger a one-shot run on RatisPipelineUtilsThread.
2022-02-07 01:12:10,206 [86291b25-4585-4db4-8d7d-b3c8a3a17a2e@group-ABA150E4F4C7-StateMachineUpdater] INFO  pipeline.PipelineStateManagerImpl (PipelineStateManagerImpl.java:addPipeline(101)) - Created pipeline Pipeline[ Id: e4a05495-a327-4d7c-9936-e47898148bc9, Nodes: ef2c9b8c-8b3b-4184-8870-dd68248b0ad2{ip: 10.1.0.96, host: fv-az12-249.exdb2aeach2ezidoxz41lk3bwg.cx.internal.cloudapp.net, ports: [REPLICATION=40619, RATIS=43333, RATIS_ADMIN=43333, RATIS_SERVER=43333, STANDALONE=40863], networkLocation: /default-rack, certSerialId: null, persistedOpState: IN_SERVICE, persistedOpStateExpiryEpochSec: 0}, ReplicationConfig: RATIS/ONE, State:ALLOCATED, leaderId:, CreationTimestamp2022-02-07T01:12:10.203Z[Etc/UTC]].
2022-02-07 01:12:10,206 [86291b25-4585-4db4-8d7d-b3c8a3a17a2e@group-ABA150E4F4C7-StateMachineUpdater] INFO  safemode.HealthyPipelineSafeModeRule (HealthyPipelineSafeModeRule.java:initializeRule(152)) - Refreshed total pipeline count is 0, healthy pipeline threshold count is 1
2022-02-07 01:12:10,209 [RatisPipelineUtilsThread - 0] INFO  pipeline.RatisPipelineProvider (RatisPipelineProvider.java:lambda$create$0(183)) - Sending CreatePipelineCommand for pipeline:PipelineID=8fc19f52-9f09-4eb4-8aa0-be58d53da770 to datanode:73449ac0-f7ab-4a13-95e2-c884dfff8ef3
2022-02-07 01:12:10,210 [RatisPipelineUtilsThread - 0] INFO  pipeline.RatisPipelineProvider (RatisPipelineProvider.java:lambda$create$0(183)) - Sending CreatePipelineCommand for pipeline:PipelineID=8fc19f52-9f09-4eb4-8aa0-be58d53da770 to datanode:ef2c9b8c-8b3b-4184-8870-dd68248b0ad2
2022-02-07 01:12:10,210 [RatisPipelineUtilsThread - 0] INFO  pipeline.RatisPipelineProvider (RatisPipelineProvider.java:lambda$create$0(183)) - Sending CreatePipelineCommand for pipeline:PipelineID=8fc19f52-9f09-4eb4-8aa0-be58d53da770 to datanode:9f9d0b70-d7d3-413f-b2b0-b1a7eeb17962
2022-02-07 01:12:10,213 [86291b25-4585-4db4-8d7d-b3c8a3a17a2e@group-ABA150E4F4C7-StateMachineUpdater] INFO  pipeline.PipelineStateManagerImpl (PipelineStateManagerImpl.java:addPipeline(101)) - Created pipeline Pipeline[ Id: 8fc19f52-9f09-4eb4-8aa0-be58d53da770, Nodes: 73449ac0-f7ab-4a13-95e2-c884dfff8ef3{ip: 10.1.0.96, host: fv-az12-249.exdb2aeach2ezidoxz41lk3bwg.cx.internal.cloudapp.net, ports: [REPLICATION=45461, RATIS=36719, RATIS_ADMIN=36719, RATIS_SERVER=36719, STANDALONE=44633], networkLocation: /default-rack, certSerialId: null, persistedOpState: IN_SERVICE, persistedOpStateExpiryEpochSec: 0}ef2c9b8c-8b3b-4184-8870-dd68248b0ad2{ip: 10.1.0.96, host: fv-az12-249.exdb2aeach2ezidoxz41lk3bwg.cx.internal.cloudapp.net, ports: [REPLICATION=40619, RATIS=43333, RATIS_ADMIN=43333, RATIS_SERVER=43333, STANDALONE=40863], networkLocation: /default-rack, certSerialId: null, persistedOpState: IN_SERVICE, persistedOpStateExpiryEpochSec: 0}9f9d0b70-d7d3-413f-b2b0-b1a7eeb17962{ip: 10.1.0.96, host: fv-az12-249.exdb2aeach2ezidoxz41lk3bwg.cx.internal.cloudapp.net, ports: [REPLICATION=34021, RATIS=40481, RATIS_ADMIN=40481, RATIS_SERVER=40481, STANDALONE=41489], networkLocation: /default-rack, certSerialId: null, persistedOpState: IN_SERVICE, persistedOpStateExpiryEpochSec: 0}, ReplicationConfig: RATIS/THREE, State:ALLOCATED, leaderId:, CreationTimestamp2022-02-07T01:12:10.209Z[Etc/UTC]].
2022-02-07 01:12:10,213 [86291b25-4585-4db4-8d7d-b3c8a3a17a2e@group-ABA150E4F4C7-StateMachineUpdater] INFO  safemode.HealthyPipelineSafeModeRule (HealthyPipelineSafeModeRule.java:initializeRule(152)) - Refreshed total pipeline count is 0, healthy pipeline threshold count is 1
2022-02-07 01:12:11,181 [Listener at 127.0.0.1/33291] INFO  ozone.MiniOzoneClusterImpl (MiniOzoneClusterImpl.java:lambda$waitForClusterToBeReady$0(219)) - Nodes are ready. Got 3 of 3 DN Heartbeats.
2022-02-07 01:12:11,182 [Listener at 127.0.0.1/33291] INFO  ozone.MiniOzoneClusterImpl (MiniOzoneClusterImpl.java:lambda$waitForClusterToBeReady$0(222)) - Waiting for cluster to exit safe mode
2022-02-07 01:12:11,182 [Listener at 127.0.0.1/33291] INFO  ozone.MiniOzoneClusterImpl (MiniOzoneClusterImpl.java:lambda$waitForClusterToBeReady$0(224)) - SCM became leader
2022-02-07 01:12:12,182 [Listener at 127.0.0.1/33291] INFO  ozone.MiniOzoneClusterImpl (MiniOzoneClusterImpl.java:lambda$waitForClusterToBeReady$0(219)) - Nodes are ready. Got 3 of 3 DN Heartbeats.
2022-02-07 01:12:12,182 [Listener at 127.0.0.1/33291] INFO  ozone.MiniOzoneClusterImpl (MiniOzoneClusterImpl.java:lambda$waitForClusterToBeReady$0(222)) - Waiting for cluster to exit safe mode
2022-02-07 01:12:12,182 [Listener at 127.0.0.1/33291] INFO  ozone.MiniOzoneClusterImpl (MiniOzoneClusterImpl.java:lambda$waitForClusterToBeReady$0(224)) - SCM became leader
2022-02-07 01:12:12,588 [Command processor thread] INFO  server.RaftServer (RaftServerProxy.java:addNew(95)) - 73449ac0-f7ab-4a13-95e2-c884dfff8ef3: addNew group-5B2583497080:[73449ac0-f7ab-4a13-95e2-c884dfff8ef3|rpc:10.1.0.96:36719|priority:1] returns group-5B2583497080:java.util.concurrent.CompletableFuture@67628420[Not completed]
2022-02-07 01:12:12,603 [pool-130-thread-1] INFO  server.RaftServer$Division (RaftServerImpl.java:<init>(184)) - 73449ac0-f7ab-4a13-95e2-c884dfff8ef3: new RaftServerImpl for group-5B2583497080:[73449ac0-f7ab-4a13-95e2-c884dfff8ef3|rpc:10.1.0.96:36719|priority:1] with ContainerStateMachine:uninitialized
2022-02-07 01:12:12,606 [pool-130-thread-1] INFO  server.RaftServerConfigKeys (ConfUtils.java:logGet(44)) - raft.server.rpc.timeout.min = 5s (custom)
2022-02-07 01:12:12,607 [pool-130-thread-1] INFO  server.RaftServerConfigKeys (ConfUtils.java:logGet(44)) - raft.server.rpc.timeout.max = 5200ms (custom)
2022-02-07 01:12:12,607 [pool-130-thread-1] INFO  server.RaftServerConfigKeys (ConfUtils.java:logGet(44)) - raft.server.rpc.sleep.time = 25ms (default)
2022-02-07 01:12:12,607 [pool-130-thread-1] INFO  server.RaftServerConfigKeys (ConfUtils.java:logGet(44)) - raft.server.rpc.slowness.timeout = 300s (custom)
2022-02-07 01:12:12,607 [pool-130-thread-1] INFO  server.RaftServerConfigKeys (ConfUtils.java:logGet(44)) - raft.server.leaderelection.leader.step-down.wait-time = 10s (default)
2022-02-07 01:12:12,607 [pool-130-thread-1] INFO  server.RaftServerConfigKeys (ConfUtils.java:logGet(44)) - raft.server.sleep.deviation.threshold = 300ms (default)
2022-02-07 01:12:12,607 [pool-130-thread-1] INFO  server.RaftServerConfigKeys (ConfUtils.java:logGet(44)) - raft.server.log.appender.install.snapshot.enabled = false (custom)
2022-02-07 01:12:12,607 [pool-130-thread-1] INFO  server.RaftServer$Division (ServerState.java:<init>(105)) - 73449ac0-f7ab-4a13-95e2-c884dfff8ef3@group-5B2583497080: ConfigurationManager, init=-1: [73449ac0-f7ab-4a13-95e2-c884dfff8ef3|rpc:10.1.0.96:36719|priority:1], old=null, confs=<EMPTY_MAP>
2022-02-07 01:12:12,607 [pool-130-thread-1] INFO  server.RaftServerConfigKeys (ConfUtils.java:logGet(44)) - raft.server.storage.dir = [/home/runner/work/ozone/ozone/hadoop-ozone/integration-test/target/test-dir/MiniOzoneClusterImpl-bf974671-0ee4-44cd-a16a-aba150e4f4c7/datanode-0/data/ratis] (custom)
2022-02-07 01:12:12,608 [pool-130-thread-1] INFO  server.RaftServerConfigKeys (ConfUtils.java:logGet(44)) - raft.server.log.corruption.policy = EXCEPTION (default)
2022-02-07 01:12:12,608 [pool-130-thread-1] INFO  server.RaftServerConfigKeys (ConfUtils.java:logGet(44)) - raft.server.storage.free-space.min = 0MB (=0) (default)
2022-02-07 01:12:12,608 [pool-130-thread-1] INFO  storage.RaftStorageDirectory (RaftStorageDirectoryImpl.java:analyzeStorage(135)) - The storage directory /home/runner/work/ozone/ozone/hadoop-ozone/integration-test/target/test-dir/MiniOzoneClusterImpl-bf974671-0ee4-44cd-a16a-aba150e4f4c7/datanode-0/data/ratis/f23a270c-5d28-4539-aae4-5b2583497080 does not exist. Creating ...
2022-02-07 01:12:12,609 [pool-130-thread-1] INFO  storage.RaftStorageDirectory (RaftStorageDirectoryImpl.java:tryLock(230)) - Lock on /home/runner/work/ozone/ozone/hadoop-ozone/integration-test/target/test-dir/MiniOzoneClusterImpl-bf974671-0ee4-44cd-a16a-aba150e4f4c7/datanode-0/data/ratis/f23a270c-5d28-4539-aae4-5b2583497080/in_use.lock acquired by nodename 24381@fv-az12-249
2022-02-07 01:12:12,610 [pool-130-thread-1] INFO  storage.RaftStorage (RaftStorageImpl.java:format(89)) - Storage directory /home/runner/work/ozone/ozone/hadoop-ozone/integration-test/target/test-dir/MiniOzoneClusterImpl-bf974671-0ee4-44cd-a16a-aba150e4f4c7/datanode-0/data/ratis/f23a270c-5d28-4539-aae4-5b2583497080 has been successfully formatted.
2022-02-07 01:12:12,624 [pool-130-thread-1] INFO  ratis.ContainerStateMachine (ContainerStateMachine.java:loadSnapshot(231)) - group-5B2583497080: The snapshot info is null. Setting the last applied indexto:(t:0, i:~)
2022-02-07 01:12:12,624 [pool-130-thread-1] INFO  server.RaftServerConfigKeys (ConfUtils.java:logGet(44)) - raft.server.notification.no-leader.timeout = 300s (custom)
2022-02-07 01:12:12,625 [pool-130-thread-1] INFO  server.RaftServerConfigKeys (ConfUtils.java:logGet(44)) - raft.server.log.use.memory = false (default)
2022-02-07 01:12:12,625 [pool-130-thread-1] INFO  server.RaftServerConfigKeys (ConfUtils.java:logGet(44)) - raft.server.log.purge.gap = 1000000 (custom)
2022-02-07 01:12:12,625 [pool-130-thread-1] INFO  server.RaftServerConfigKeys (ConfUtils.java:logGet(44)) - raft.server.log.appender.buffer.byte-limit = 33554432 (custom)
2022-02-07 01:12:12,625 [pool-130-thread-1] INFO  server.RaftServerConfigKeys (ConfUtils.java:logGet(44)) - raft.server.log.segment.size.max = 1048576 (custom)
2022-02-07 01:12:12,626 [pool-130-thread-1] INFO  server.RaftServerConfigKeys (ConfUtils.java:logGet(44)) - raft.server.log.segment.cache.num.max = 2 (custom)
2022-02-07 01:12:12,626 [pool-130-thread-1] INFO  server.RaftServerConfigKeys (ConfUtils.java:logGet(44)) - raft.server.log.segment.cache.size.max = 200MB (=209715200) (default)
2022-02-07 01:12:12,626 [pool-130-thread-1] INFO  segmented.SegmentedRaftLogWorker (SegmentedRaftLogWorker.java:<init>(182)) - new 73449ac0-f7ab-4a13-95e2-c884dfff8ef3@group-5B2583497080-SegmentedRaftLogWorker for RaftStorageImpl:Storage Directory /home/runner/work/ozone/ozone/hadoop-ozone/integration-test/target/test-dir/MiniOzoneClusterImpl-bf974671-0ee4-44cd-a16a-aba150e4f4c7/datanode-0/data/ratis/f23a270c-5d28-4539-aae4-5b2583497080
2022-02-07 01:12:12,626 [pool-130-thread-1] INFO  server.RaftServerConfigKeys (ConfUtils.java:logGet(44)) - raft.server.log.queue.byte-limit = 2147483647 (custom)
2022-02-07 01:12:12,626 [pool-130-thread-1] INFO  server.RaftServerConfigKeys (ConfUtils.java:logGet(44)) - raft.server.log.queue.element-limit = 1024 (custom)
2022-02-07 01:12:12,626 [pool-130-thread-1] INFO  server.RaftServerConfigKeys (ConfUtils.java:logGet(44)) - raft.server.log.segment.size.max = 1048576 (custom)
2022-02-07 01:12:12,626 [pool-130-thread-1] INFO  server.RaftServerConfigKeys (ConfUtils.java:logGet(44)) - raft.server.log.preallocated.size = 16384 (custom)
2022-02-07 01:12:12,626 [pool-130-thread-1] INFO  server.RaftServerConfigKeys (ConfUtils.java:logGet(44)) - raft.server.log.force.sync.num = 128 (default)
2022-02-07 01:12:12,626 [pool-130-thread-1] INFO  server.RaftServerConfigKeys (ConfUtils.java:logGet(44)) - raft.server.log.statemachine.data.sync = true (default)
2022-02-07 01:12:12,626 [pool-130-thread-1] INFO  server.RaftServerConfigKeys (ConfUtils.java:logGet(44)) - raft.server.log.statemachine.data.sync.timeout = 10s (default)
2022-02-07 01:12:12,626 [pool-130-thread-1] INFO  server.RaftServerConfigKeys (ConfUtils.java:logGet(44)) - raft.server.log.statemachine.data.sync.timeout.retry = -1 (default)
2022-02-07 01:12:12,627 [pool-130-thread-1] INFO  server.RaftServerConfigKeys (ConfUtils.java:logGet(44)) - raft.server.log.write.buffer.size = 1048576 (custom)
2022-02-07 01:12:12,627 [pool-130-thread-1] INFO  server.RaftServerConfigKeys (ConfUtils.java:logGet(44)) - raft.server.log.statemachine.data.caching.enabled = true (custom)
2022-02-07 01:12:12,628 [pool-130-thread-1] INFO  segmented.SegmentedRaftLogWorker (SegmentedRaftLogWorker.java:lambda$new$0(133)) - 73449ac0-f7ab-4a13-95e2-c884dfff8ef3@group-5B2583497080-SegmentedRaftLogWorker: flushIndex: setUnconditionally 0 -> -1
2022-02-07 01:12:12,628 [pool-130-thread-1] INFO  segmented.SegmentedRaftLogWorker (SegmentedRaftLogWorker.java:lambda$new$0(133)) - 73449ac0-f7ab-4a13-95e2-c884dfff8ef3@group-5B2583497080-SegmentedRaftLogWorker: safeCacheEvictIndex: setUnconditionally 0 -> -1
2022-02-07 01:12:12,628 [pool-130-thread-1] INFO  server.RaftServerConfigKeys (ConfUtils.java:logGet(44)) - raft.server.snapshot.auto.trigger.enabled = true (custom)
2022-02-07 01:12:12,634 [pool-130-thread-1] INFO  server.RaftServerConfigKeys (ConfUtils.java:logGet(44)) - raft.server.snapshot.auto.trigger.threshold = 10000 (custom)
2022-02-07 01:12:12,635 [pool-130-thread-1] INFO  server.RaftServerConfigKeys (ConfUtils.java:logGet(44)) - raft.server.snapshot.retention.file.num = 5 (custom)
2022-02-07 01:12:12,635 [pool-130-thread-1] INFO  server.RaftServerConfigKeys (ConfUtils.java:logGet(44)) - raft.server.log.purge.upto.snapshot.index = false (default)
2022-02-07 01:12:12,635 [pool-130-thread-1] INFO  server.RaftServerConfigKeys (ConfUtils.java:logGet(44)) - raft.server.retrycache.expirytime = 600000ms (custom)
2022-02-07 01:12:12,635 [pool-130-thread-1] INFO  server.RaftServerConfigKeys (ConfUtils.java:logGet(44)) - raft.server.retrycache.statistics.expirytime = 100μs (default)
2022-02-07 01:12:12,636 [EventQueue-PipelineReportForPipelineReportHandler] INFO  pipeline.PipelineManagerImpl (PipelineManagerImpl.java:openPipeline(291)) - Pipeline Pipeline[ Id: f23a270c-5d28-4539-aae4-5b2583497080, Nodes: 73449ac0-f7ab-4a13-95e2-c884dfff8ef3{ip: 10.1.0.96, host: fv-az12-249.exdb2aeach2ezidoxz41lk3bwg.cx.internal.cloudapp.net, ports: [REPLICATION=45461, RATIS=36719, RATIS_ADMIN=36719, RATIS_SERVER=36719, STANDALONE=44633], networkLocation: /default-rack, certSerialId: null, persistedOpState: IN_SERVICE, persistedOpStateExpiryEpochSec: 0}, ReplicationConfig: RATIS/ONE, State:ALLOCATED, leaderId:73449ac0-f7ab-4a13-95e2-c884dfff8ef3, CreationTimestamp2022-02-07T01:12:09.589Z[Etc/UTC]] moved to OPEN state
2022-02-07 01:12:12,636 [pool-130-thread-1] INFO  server.RaftServer$Division (RaftServerImpl.java:start(301)) - 73449ac0-f7ab-4a13-95e2-c884dfff8ef3@group-5B2583497080: start as a follower, conf=-1: [73449ac0-f7ab-4a13-95e2-c884dfff8ef3|rpc:10.1.0.96:36719|priority:1], old=null
2022-02-07 01:12:12,636 [pool-130-thread-1] INFO  server.RaftServer$Division (RaftServerImpl.java:setRole(290)) - 73449ac0-f7ab-4a13-95e2-c884dfff8ef3@group-5B2583497080: changes role from      null to FOLLOWER at term 0 for startAsFollower
2022-02-07 01:12:12,636 [pool-130-thread-1] INFO  impl.RoleInfo (RoleInfo.java:updateAndGet(130)) - 73449ac0-f7ab-4a13-95e2-c884dfff8ef3: start 73449ac0-f7ab-4a13-95e2-c884dfff8ef3@group-5B2583497080-FollowerState
2022-02-07 01:12:12,639 [pool-130-thread-1] INFO  util.JmxRegister (JmxRegister.java:tryRegister(44)) - Successfully registered JMX Bean with object name Ratis:service=RaftServer,group=group-5B2583497080,id=73449ac0-f7ab-4a13-95e2-c884dfff8ef3
2022-02-07 01:12:12,648 [Command processor thread] INFO  ratis.XceiverServerRatis (XceiverServerRatis.java:addGroup(768)) - Created group PipelineID=f23a270c-5d28-4539-aae4-5b2583497080
2022-02-07 01:12:12,649 [Command processor thread] INFO  commandhandler.CreatePipelineCommandHandler (CreatePipelineCommandHandler.java:handle(106)) - Created Pipeline RATIS ONE PipelineID=f23a270c-5d28-4539-aae4-5b2583497080.
2022-02-07 01:12:12,649 [Command processor thread] INFO  server.RaftServer (RaftServerProxy.java:addNew(95)) - 73449ac0-f7ab-4a13-95e2-c884dfff8ef3: addNew group-BE58D53DA770:[9f9d0b70-d7d3-413f-b2b0-b1a7eeb17962|rpc:10.1.0.96:40481|priority:1, 73449ac0-f7ab-4a13-95e2-c884dfff8ef3|rpc:10.1.0.96:36719|priority:0, ef2c9b8c-8b3b-4184-8870-dd68248b0ad2|rpc:10.1.0.96:43333|priority:0] returns group-BE58D53DA770:java.util.concurrent.CompletableFuture@462ffe0c[Not completed]
2022-02-07 01:12:12,650 [pool-130-thread-1] INFO  server.RaftServer$Division (RaftServerImpl.java:<init>(184)) - 73449ac0-f7ab-4a13-95e2-c884dfff8ef3: new RaftServerImpl for group-BE58D53DA770:[9f9d0b70-d7d3-413f-b2b0-b1a7eeb17962|rpc:10.1.0.96:40481|priority:1, 73449ac0-f7ab-4a13-95e2-c884dfff8ef3|rpc:10.1.0.96:36719|priority:0, ef2c9b8c-8b3b-4184-8870-dd68248b0ad2|rpc:10.1.0.96:43333|priority:0] with ContainerStateMachine:uninitialized
2022-02-07 01:12:12,650 [pool-130-thread-1] INFO  server.RaftServerConfigKeys (ConfUtils.java:logGet(44)) - raft.server.rpc.timeout.min = 5s (custom)
2022-02-07 01:12:12,650 [86291b25-4585-4db4-8d7d-b3c8a3a17a2e@group-ABA150E4F4C7-StateMachineUpdater] INFO  safemode.HealthyPipelineSafeModeRule (HealthyPipelineSafeModeRule.java:initializeRule(152)) - Refreshed total pipeline count is 0, healthy pipeline threshold count is 1
2022-02-07 01:12:12,650 [pool-130-thread-1] INFO  server.RaftServerConfigKeys (ConfUtils.java:logGet(44)) - raft.server.rpc.timeout.max = 5200ms (custom)
2022-02-07 01:12:12,650 [pool-130-thread-1] INFO  server.RaftServerConfigKeys (ConfUtils.java:logGet(44)) - raft.server.rpc.sleep.time = 25ms (default)
2022-02-07 01:12:12,650 [pool-130-thread-1] INFO  server.RaftServerConfigKeys (ConfUtils.java:logGet(44)) - raft.server.rpc.slowness.timeout = 300s (custom)
2022-02-07 01:12:12,651 [pool-130-thread-1] INFO  server.RaftServerConfigKeys (ConfUtils.java:logGet(44)) - raft.server.leaderelection.leader.step-down.wait-time = 10s (default)
2022-02-07 01:12:12,651 [pool-130-thread-1] INFO  server.RaftServerConfigKeys (ConfUtils.java:logGet(44)) - raft.server.sleep.deviation.threshold = 300ms (default)
2022-02-07 01:12:12,651 [pool-130-thread-1] INFO  server.RaftServerConfigKeys (ConfUtils.java:logGet(44)) - raft.server.log.appender.install.snapshot.enabled = false (custom)
2022-02-07 01:12:12,651 [pool-130-thread-1] INFO  server.RaftServer$Division (ServerState.java:<init>(105)) - 73449ac0-f7ab-4a13-95e2-c884dfff8ef3@group-BE58D53DA770: ConfigurationManager, init=-1: [9f9d0b70-d7d3-413f-b2b0-b1a7eeb17962|rpc:10.1.0.96:40481|priority:1, 73449ac0-f7ab-4a13-95e2-c884dfff8ef3|rpc:10.1.0.96:36719|priority:0, ef2c9b8c-8b3b-4184-8870-dd68248b0ad2|rpc:10.1.0.96:43333|priority:0], old=null, confs=<EMPTY_MAP>
2022-02-07 01:12:12,651 [pool-130-thread-1] INFO  server.RaftServerConfigKeys (ConfUtils.java:logGet(44)) - raft.server.storage.dir = [/home/runner/work/ozone/ozone/hadoop-ozone/integration-test/target/test-dir/MiniOzoneClusterImpl-bf974671-0ee4-44cd-a16a-aba150e4f4c7/datanode-0/data/ratis] (custom)
2022-02-07 01:12:12,655 [pool-130-thread-1] INFO  server.RaftServerConfigKeys (ConfUtils.java:logGet(44)) - raft.server.log.corruption.policy = EXCEPTION (default)
2022-02-07 01:12:12,655 [pool-130-thread-1] INFO  server.RaftServerConfigKeys (ConfUtils.java:logGet(44)) - raft.server.storage.free-space.min = 0MB (=0) (default)
2022-02-07 01:12:12,655 [pool-130-thread-1] INFO  storage.RaftStorageDirectory (RaftStorageDirectoryImpl.java:analyzeStorage(135)) - The storage directory /home/runner/work/ozone/ozone/hadoop-ozone/integration-test/target/test-dir/MiniOzoneClusterImpl-bf974671-0ee4-44cd-a16a-aba150e4f4c7/datanode-0/data/ratis/8fc19f52-9f09-4eb4-8aa0-be58d53da770 does not exist. Creating ...
2022-02-07 01:12:12,656 [pool-130-thread-1] INFO  storage.RaftStorageDirectory (RaftStorageDirectoryImpl.java:tryLock(230)) - Lock on /home/runner/work/ozone/ozone/hadoop-ozone/integration-test/target/test-dir/MiniOzoneClusterImpl-bf974671-0ee4-44cd-a16a-aba150e4f4c7/datanode-0/data/ratis/8fc19f52-9f09-4eb4-8aa0-be58d53da770/in_use.lock acquired by nodename 24381@fv-az12-249
2022-02-07 01:12:12,657 [pool-130-thread-1] INFO  storage.RaftStorage (RaftStorageImpl.java:format(89)) - Storage directory /home/runner/work/ozone/ozone/hadoop-ozone/integration-test/target/test-dir/MiniOzoneClusterImpl-bf974671-0ee4-44cd-a16a-aba150e4f4c7/datanode-0/data/ratis/8fc19f52-9f09-4eb4-8aa0-be58d53da770 has been successfully formatted.
2022-02-07 01:12:12,657 [pool-130-thread-1] INFO  ratis.ContainerStateMachine (ContainerStateMachine.java:loadSnapshot(231)) - group-BE58D53DA770: The snapshot info is null. Setting the last applied indexto:(t:0, i:~)
2022-02-07 01:12:12,657 [pool-130-thread-1] INFO  server.RaftServerConfigKeys (ConfUtils.java:logGet(44)) - raft.server.notification.no-leader.timeout = 300s (custom)
2022-02-07 01:12:12,658 [pool-130-thread-1] INFO  server.RaftServerConfigKeys (ConfUtils.java:logGet(44)) - raft.server.log.use.memory = false (default)
2022-02-07 01:12:12,658 [pool-130-thread-1] INFO  server.RaftServerConfigKeys (ConfUtils.java:logGet(44)) - raft.server.log.purge.gap = 1000000 (custom)
2022-02-07 01:12:12,658 [pool-130-thread-1] INFO  server.RaftServerConfigKeys (ConfUtils.java:logGet(44)) - raft.server.log.appender.buffer.byte-limit = 33554432 (custom)
2022-02-07 01:12:12,658 [pool-130-thread-1] INFO  server.RaftServerConfigKeys (ConfUtils.java:logGet(44)) - raft.server.log.segment.size.max = 1048576 (custom)
2022-02-07 01:12:12,658 [pool-130-thread-1] INFO  server.RaftServerConfigKeys (ConfUtils.java:logGet(44)) - raft.server.log.segment.cache.num.max = 2 (custom)
2022-02-07 01:12:12,658 [pool-130-thread-1] INFO  server.RaftServerConfigKeys (ConfUtils.java:logGet(44)) - raft.server.log.segment.cache.size.max = 200MB (=209715200) (default)
2022-02-07 01:12:12,658 [pool-130-thread-1] INFO  segmented.SegmentedRaftLogWorker (SegmentedRaftLogWorker.java:<init>(182)) - new 73449ac0-f7ab-4a13-95e2-c884dfff8ef3@group-BE58D53DA770-SegmentedRaftLogWorker for RaftStorageImpl:Storage Directory /home/runner/work/ozone/ozone/hadoop-ozone/integration-test/target/test-dir/MiniOzoneClusterImpl-bf974671-0ee4-44cd-a16a-aba150e4f4c7/datanode-0/data/ratis/8fc19f52-9f09-4eb4-8aa0-be58d53da770
2022-02-07 01:12:12,658 [pool-130-thread-1] INFO  server.RaftServerConfigKeys (ConfUtils.java:logGet(44)) - raft.server.log.queue.byte-limit = 2147483647 (custom)
2022-02-07 01:12:12,665 [pool-130-thread-1] INFO  server.RaftServerConfigKeys (ConfUtils.java:logGet(44)) - raft.server.log.queue.element-limit = 1024 (custom)
2022-02-07 01:12:12,665 [pool-130-thread-1] INFO  server.RaftServerConfigKeys (ConfUtils.java:logGet(44)) - raft.server.log.segment.size.max = 1048576 (custom)
2022-02-07 01:12:12,665 [pool-130-thread-1] INFO  server.RaftServerConfigKeys (ConfUtils.java:logGet(44)) - raft.server.log.preallocated.size = 16384 (custom)
2022-02-07 01:12:12,665 [pool-130-thread-1] INFO  server.RaftServerConfigKeys (ConfUtils.java:logGet(44)) - raft.server.log.force.sync.num = 128 (default)
2022-02-07 01:12:12,665 [pool-130-thread-1] INFO  server.RaftServerConfigKeys (ConfUtils.java:logGet(44)) - raft.server.log.statemachine.data.sync = true (default)
2022-02-07 01:12:12,666 [pool-130-thread-1] INFO  server.RaftServerConfigKeys (ConfUtils.java:logGet(44)) - raft.server.log.statemachine.data.sync.timeout = 10s (default)
2022-02-07 01:12:12,666 [pool-130-thread-1] INFO  server.RaftServerConfigKeys (ConfUtils.java:logGet(44)) - raft.server.log.statemachine.data.sync.timeout.retry = -1 (default)
2022-02-07 01:12:12,666 [EventQueue-OpenPipelineForHealthyPipelineSafeModeRule] INFO  safemode.SCMSafeModeManager (HealthyPipelineSafeModeRule.java:process(124)) - SCM in safe mode. Healthy pipelines reported count is 0, required healthy pipeline reported count is 1
2022-02-07 01:12:12,668 [pool-130-thread-1] INFO  server.RaftServerConfigKeys (ConfUtils.java:logGet(44)) - raft.server.log.write.buffer.size = 1048576 (custom)
2022-02-07 01:12:12,669 [pool-130-thread-1] INFO  server.RaftServerConfigKeys (ConfUtils.java:logGet(44)) - raft.server.log.statemachine.data.caching.enabled = true (custom)
2022-02-07 01:12:12,669 [pool-130-thread-1] INFO  segmented.SegmentedRaftLogWorker (SegmentedRaftLogWorker.java:lambda$new$0(133)) - 73449ac0-f7ab-4a13-95e2-c884dfff8ef3@group-BE58D53DA770-SegmentedRaftLogWorker: flushIndex: setUnconditionally 0 -> -1
2022-02-07 01:12:12,669 [pool-130-thread-1] INFO  segmented.SegmentedRaftLogWorker (SegmentedRaftLogWorker.java:lambda$new$0(133)) - 73449ac0-f7ab-4a13-95e2-c884dfff8ef3@group-BE58D53DA770-SegmentedRaftLogWorker: safeCacheEvictIndex: setUnconditionally 0 -> -1
2022-02-07 01:12:12,669 [EventQueue-OpenPipelineForHealthyPipelineSafeModeRule] INFO  safemode.SCMSafeModeManager (HealthyPipelineSafeModeRule.java:process(124)) - SCM in safe mode. Healthy pipelines reported count is 0, required healthy pipeline reported count is 1
2022-02-07 01:12:12,678 [pool-130-thread-1] INFO  server.RaftServerConfigKeys (ConfUtils.java:logGet(44)) - raft.server.snapshot.auto.trigger.enabled = true (custom)
2022-02-07 01:12:12,679 [pool-130-thread-1] INFO  server.RaftServerConfigKeys (ConfUtils.java:logGet(44)) - raft.server.snapshot.auto.trigger.threshold = 10000 (custom)
2022-02-07 01:12:12,679 [pool-130-thread-1] INFO  server.RaftServerConfigKeys (ConfUtils.java:logGet(44)) - raft.server.snapshot.retention.file.num = 5 (custom)
2022-02-07 01:12:12,679 [pool-130-thread-1] INFO  server.RaftServerConfigKeys (ConfUtils.java:logGet(44)) - raft.server.log.purge.upto.snapshot.index = false (default)
2022-02-07 01:12:12,679 [pool-130-thread-1] INFO  server.RaftServerConfigKeys (ConfUtils.java:logGet(44)) - raft.server.retrycache.expirytime = 600000ms (custom)
2022-02-07 01:12:12,679 [pool-130-thread-1] INFO  server.RaftServerConfigKeys (ConfUtils.java:logGet(44)) - raft.server.retrycache.statistics.expirytime = 100μs (default)
2022-02-07 01:12:12,680 [pool-130-thread-1] INFO  server.RaftServer$Division (RaftServerImpl.java:start(301)) - 73449ac0-f7ab-4a13-95e2-c884dfff8ef3@group-BE58D53DA770: start as a follower, conf=-1: [9f9d0b70-d7d3-413f-b2b0-b1a7eeb17962|rpc:10.1.0.96:40481|priority:1, 73449ac0-f7ab-4a13-95e2-c884dfff8ef3|rpc:10.1.0.96:36719|priority:0, ef2c9b8c-8b3b-4184-8870-dd68248b0ad2|rpc:10.1.0.96:43333|priority:0], old=null
2022-02-07 01:12:12,680 [pool-130-thread-1] INFO  server.RaftServer$Division (RaftServerImpl.java:setRole(290)) - 73449ac0-f7ab-4a13-95e2-c884dfff8ef3@group-BE58D53DA770: changes role from      null to FOLLOWER at term 0 for startAsFollower
2022-02-07 01:12:12,680 [pool-130-thread-1] INFO  impl.RoleInfo (RoleInfo.java:updateAndGet(130)) - 73449ac0-f7ab-4a13-95e2-c884dfff8ef3: start 73449ac0-f7ab-4a13-95e2-c884dfff8ef3@group-BE58D53DA770-FollowerState
2022-02-07 01:12:12,687 [pool-130-thread-1] INFO  util.JmxRegister (JmxRegister.java:tryRegister(44)) - Successfully registered JMX Bean with object name Ratis:service=RaftServer,group=group-BE58D53DA770,id=73449ac0-f7ab-4a13-95e2-c884dfff8ef3
2022-02-07 01:12:12,695 [Command processor thread] INFO  ratis.XceiverServerRatis (XceiverServerRatis.java:addGroup(768)) - Created group PipelineID=8fc19f52-9f09-4eb4-8aa0-be58d53da770
2022-02-07 01:12:12,918 [Command processor thread] INFO  server.RaftServer (RaftServerProxy.java:addNew(95)) - 9f9d0b70-d7d3-413f-b2b0-b1a7eeb17962: addNew group-399D0FFE117B:[9f9d0b70-d7d3-413f-b2b0-b1a7eeb17962|rpc:10.1.0.96:40481|priority:1] returns group-399D0FFE117B:java.util.concurrent.CompletableFuture@4d6d622a[Not completed]
2022-02-07 01:12:12,937 [pool-151-thread-1] INFO  server.RaftServer$Division (RaftServerImpl.java:<init>(184)) - 9f9d0b70-d7d3-413f-b2b0-b1a7eeb17962: new RaftServerImpl for group-399D0FFE117B:[9f9d0b70-d7d3-413f-b2b0-b1a7eeb17962|rpc:10.1.0.96:40481|priority:1] with ContainerStateMachine:uninitialized
2022-02-07 01:12:12,938 [pool-151-thread-1] INFO  server.RaftServerConfigKeys (ConfUtils.java:logGet(44)) - raft.server.rpc.timeout.min = 5s (custom)
2022-02-07 01:12:12,938 [pool-151-thread-1] INFO  server.RaftServerConfigKeys (ConfUtils.java:logGet(44)) - raft.server.rpc.timeout.max = 5200ms (custom)
2022-02-07 01:12:12,938 [pool-151-thread-1] INFO  server.RaftServerConfigKeys (ConfUtils.java:logGet(44)) - raft.server.rpc.sleep.time = 25ms (default)
2022-02-07 01:12:12,939 [pool-151-thread-1] INFO  server.RaftServerConfigKeys (ConfUtils.java:logGet(44)) - raft.server.rpc.slowness.timeout = 300s (custom)
2022-02-07 01:12:12,939 [pool-151-thread-1] INFO  server.RaftServerConfigKeys (ConfUtils.java:logGet(44)) - raft.server.leaderelection.leader.step-down.wait-time = 10s (default)
2022-02-07 01:12:12,939 [pool-151-thread-1] INFO  server.RaftServerConfigKeys (ConfUtils.java:logGet(44)) - raft.server.sleep.deviation.threshold = 300ms (default)
2022-02-07 01:12:12,939 [pool-151-thread-1] INFO  server.RaftServerConfigKeys (ConfUtils.java:logGet(44)) - raft.server.log.appender.install.snapshot.enabled = false (custom)
2022-02-07 01:12:12,939 [pool-151-thread-1] INFO  server.RaftServer$Division (ServerState.java:<init>(105)) - 9f9d0b70-d7d3-413f-b2b0-b1a7eeb17962@group-399D0FFE117B: ConfigurationManager, init=-1: [9f9d0b70-d7d3-413f-b2b0-b1a7eeb17962|rpc:10.1.0.96:40481|priority:1], old=null, confs=<EMPTY_MAP>
2022-02-07 01:12:12,939 [pool-151-thread-1] INFO  server.RaftServerConfigKeys (ConfUtils.java:logGet(44)) - raft.server.storage.dir = [/home/runner/work/ozone/ozone/hadoop-ozone/integration-test/target/test-dir/MiniOzoneClusterImpl-bf974671-0ee4-44cd-a16a-aba150e4f4c7/datanode-1/data/ratis] (custom)
2022-02-07 01:12:12,939 [pool-151-thread-1] INFO  server.RaftServerConfigKeys (ConfUtils.java:logGet(44)) - raft.server.log.corruption.policy = EXCEPTION (default)
2022-02-07 01:12:12,939 [pool-151-thread-1] INFO  server.RaftServerConfigKeys (ConfUtils.java:logGet(44)) - raft.server.storage.free-space.min = 0MB (=0) (default)
2022-02-07 01:12:12,940 [pool-151-thread-1] INFO  storage.RaftStorageDirectory (RaftStorageDirectoryImpl.java:analyzeStorage(135)) - The storage directory /home/runner/work/ozone/ozone/hadoop-ozone/integration-test/target/test-dir/MiniOzoneClusterImpl-bf974671-0ee4-44cd-a16a-aba150e4f4c7/datanode-1/data/ratis/fbf27227-d23f-4283-ba4e-399d0ffe117b does not exist. Creating ...
2022-02-07 01:12:12,941 [pool-151-thread-1] INFO  storage.RaftStorageDirectory (RaftStorageDirectoryImpl.java:tryLock(230)) - Lock on /home/runner/work/ozone/ozone/hadoop-ozone/integration-test/target/test-dir/MiniOzoneClusterImpl-bf974671-0ee4-44cd-a16a-aba150e4f4c7/datanode-1/data/ratis/fbf27227-d23f-4283-ba4e-399d0ffe117b/in_use.lock acquired by nodename 24381@fv-az12-249
2022-02-07 01:12:12,942 [pool-151-thread-1] INFO  storage.RaftStorage (RaftStorageImpl.java:format(89)) - Storage directory /home/runner/work/ozone/ozone/hadoop-ozone/integration-test/target/test-dir/MiniOzoneClusterImpl-bf974671-0ee4-44cd-a16a-aba150e4f4c7/datanode-1/data/ratis/fbf27227-d23f-4283-ba4e-399d0ffe117b has been successfully formatted.
2022-02-07 01:12:12,943 [pool-151-thread-1] INFO  ratis.ContainerStateMachine (ContainerStateMachine.java:loadSnapshot(231)) - group-399D0FFE117B: The snapshot info is null. Setting the last applied indexto:(t:0, i:~)
2022-02-07 01:12:12,945 [pool-151-thread-1] INFO  server.RaftServerConfigKeys (ConfUtils.java:logGet(44)) - raft.server.notification.no-leader.timeout = 300s (custom)
2022-02-07 01:12:12,945 [pool-151-thread-1] INFO  server.RaftServerConfigKeys (ConfUtils.java:logGet(44)) - raft.server.log.use.memory = false (default)
2022-02-07 01:12:12,945 [pool-151-thread-1] INFO  server.RaftServerConfigKeys (ConfUtils.java:logGet(44)) - raft.server.log.purge.gap = 1000000 (custom)
2022-02-07 01:12:12,945 [pool-151-thread-1] INFO  server.RaftServerConfigKeys (ConfUtils.java:logGet(44)) - raft.server.log.appender.buffer.byte-limit = 33554432 (custom)
2022-02-07 01:12:12,945 [pool-151-thread-1] INFO  server.RaftServerConfigKeys (ConfUtils.java:logGet(44)) - raft.server.log.segment.size.max = 1048576 (custom)
2022-02-07 01:12:12,946 [pool-151-thread-1] INFO  server.RaftServerConfigKeys (ConfUtils.java:logGet(44)) - raft.server.log.segment.cache.num.max = 2 (custom)
2022-02-07 01:12:12,946 [pool-151-thread-1] INFO  server.RaftServerConfigKeys (ConfUtils.java:logGet(44)) - raft.server.log.segment.cache.size.max = 200MB (=209715200) (default)
2022-02-07 01:12:12,946 [pool-151-thread-1] INFO  segmented.SegmentedRaftLogWorker (SegmentedRaftLogWorker.java:<init>(182)) - new 9f9d0b70-d7d3-413f-b2b0-b1a7eeb17962@group-399D0FFE117B-SegmentedRaftLogWorker for RaftStorageImpl:Storage Directory /home/runner/work/ozone/ozone/hadoop-ozone/integration-test/target/test-dir/MiniOzoneClusterImpl-bf974671-0ee4-44cd-a16a-aba150e4f4c7/datanode-1/data/ratis/fbf27227-d23f-4283-ba4e-399d0ffe117b
2022-02-07 01:12:12,946 [pool-151-thread-1] INFO  server.RaftServerConfigKeys (ConfUtils.java:logGet(44)) - raft.server.log.queue.byte-limit = 2147483647 (custom)
2022-02-07 01:12:12,946 [pool-151-thread-1] INFO  server.RaftServerConfigKeys (ConfUtils.java:logGet(44)) - raft.server.log.queue.element-limit = 1024 (custom)
2022-02-07 01:12:12,946 [pool-151-thread-1] INFO  server.RaftServerConfigKeys (ConfUtils.java:logGet(44)) - raft.server.log.segment.size.max = 1048576 (custom)
2022-02-07 01:12:12,946 [pool-151-thread-1] INFO  server.RaftServerConfigKeys (ConfUtils.java:logGet(44)) - raft.server.log.preallocated.size = 16384 (custom)
2022-02-07 01:12:12,946 [pool-151-thread-1] INFO  server.RaftServerConfigKeys (ConfUtils.java:logGet(44)) - raft.server.log.force.sync.num = 128 (default)
2022-02-07 01:12:12,946 [pool-151-thread-1] INFO  server.RaftServerConfigKeys (ConfUtils.java:logGet(44)) - raft.server.log.statemachine.data.sync = true (default)
2022-02-07 01:12:12,946 [pool-151-thread-1] INFO  server.RaftServerConfigKeys (ConfUtils.java:logGet(44)) - raft.server.log.statemachine.data.sync.timeout = 10s (default)
2022-02-07 01:12:12,946 [pool-151-thread-1] INFO  server.RaftServerConfigKeys (ConfUtils.java:logGet(44)) - raft.server.log.statemachine.data.sync.timeout.retry = -1 (default)
2022-02-07 01:12:12,948 [EventQueue-PipelineReportForPipelineReportHandler] INFO  pipeline.PipelineManagerImpl (PipelineManagerImpl.java:openPipeline(291)) - Pipeline Pipeline[ Id: fbf27227-d23f-4283-ba4e-399d0ffe117b, Nodes: 9f9d0b70-d7d3-413f-b2b0-b1a7eeb17962{ip: 10.1.0.96, host: fv-az12-249.exdb2aeach2ezidoxz41lk3bwg.cx.internal.cloudapp.net, ports: [REPLICATION=34021, RATIS=40481, RATIS_ADMIN=40481, RATIS_SERVER=40481, STANDALONE=41489], networkLocation: /default-rack, certSerialId: null, persistedOpState: IN_SERVICE, persistedOpStateExpiryEpochSec: 0}, ReplicationConfig: RATIS/ONE, State:ALLOCATED, leaderId:9f9d0b70-d7d3-413f-b2b0-b1a7eeb17962, CreationTimestamp2022-02-07T01:12:09.927Z[Etc/UTC]] moved to OPEN state
2022-02-07 01:12:12,950 [86291b25-4585-4db4-8d7d-b3c8a3a17a2e@group-ABA150E4F4C7-StateMachineUpdater] INFO  safemode.HealthyPipelineSafeModeRule (HealthyPipelineSafeModeRule.java:initializeRule(152)) - Refreshed total pipeline count is 0, healthy pipeline threshold count is 1
2022-02-07 01:12:12,954 [EventQueue-OpenPipelineForHealthyPipelineSafeModeRule] INFO  safemode.SCMSafeModeManager (HealthyPipelineSafeModeRule.java:process(124)) - SCM in safe mode. Healthy pipelines reported count is 0, required healthy pipeline reported count is 1
2022-02-07 01:12:12,957 [pool-151-thread-1] INFO  server.RaftServerConfigKeys (ConfUtils.java:logGet(44)) - raft.server.log.write.buffer.size = 1048576 (custom)
2022-02-07 01:12:12,957 [pool-151-thread-1] INFO  server.RaftServerConfigKeys (ConfUtils.java:logGet(44)) - raft.server.log.statemachine.data.caching.enabled = true (custom)
2022-02-07 01:12:12,958 [pool-151-thread-1] INFO  segmented.SegmentedRaftLogWorker (SegmentedRaftLogWorker.java:lambda$new$0(133)) - 9f9d0b70-d7d3-413f-b2b0-b1a7eeb17962@group-399D0FFE117B-SegmentedRaftLogWorker: flushIndex: setUnconditionally 0 -> -1
2022-02-07 01:12:12,958 [pool-151-thread-1] INFO  segmented.SegmentedRaftLogWorker (SegmentedRaftLogWorker.java:lambda$new$0(133)) - 9f9d0b70-d7d3-413f-b2b0-b1a7eeb17962@group-399D0FFE117B-SegmentedRaftLogWorker: safeCacheEvictIndex: setUnconditionally 0 -> -1
2022-02-07 01:12:12,970 [pool-151-thread-1] INFO  server.RaftServerConfigKeys (ConfUtils.java:logGet(44)) - raft.server.snapshot.auto.trigger.enabled = true (custom)
2022-02-07 01:12:12,971 [pool-151-thread-1] INFO  server.RaftServerConfigKeys (ConfUtils.java:logGet(44)) - raft.server.snapshot.auto.trigger.threshold = 10000 (custom)
2022-02-07 01:12:12,971 [pool-151-thread-1] INFO  server.RaftServerConfigKeys (ConfUtils.java:logGet(44)) - raft.server.snapshot.retention.file.num = 5 (custom)
2022-02-07 01:12:12,971 [pool-151-thread-1] INFO  server.RaftServerConfigKeys (ConfUtils.java:logGet(44)) - raft.server.log.purge.upto.snapshot.index = false (default)
2022-02-07 01:12:12,971 [pool-151-thread-1] INFO  server.RaftServerConfigKeys (ConfUtils.java:logGet(44)) - raft.server.retrycache.expirytime = 600000ms (custom)
2022-02-07 01:12:12,971 [pool-151-thread-1] INFO  server.RaftServerConfigKeys (ConfUtils.java:logGet(44)) - raft.server.retrycache.statistics.expirytime = 100μs (default)
2022-02-07 01:12:12,972 [pool-151-thread-1] INFO  server.RaftServer$Division (RaftServerImpl.java:start(301)) - 9f9d0b70-d7d3-413f-b2b0-b1a7eeb17962@group-399D0FFE117B: start as a follower, conf=-1: [9f9d0b70-d7d3-413f-b2b0-b1a7eeb17962|rpc:10.1.0.96:40481|priority:1], old=null
2022-02-07 01:12:12,972 [pool-151-thread-1] INFO  server.RaftServer$Division (RaftServerImpl.java:setRole(290)) - 9f9d0b70-d7d3-413f-b2b0-b1a7eeb17962@group-399D0FFE117B: changes role from      null to FOLLOWER at term 0 for startAsFollower
2022-02-07 01:12:12,972 [pool-151-thread-1] INFO  impl.RoleInfo (RoleInfo.java:updateAndGet(130)) - 9f9d0b70-d7d3-413f-b2b0-b1a7eeb17962: start 9f9d0b70-d7d3-413f-b2b0-b1a7eeb17962@group-399D0FFE117B-FollowerState
2022-02-07 01:12:12,983 [pool-151-thread-1] INFO  util.JmxRegister (JmxRegister.java:tryRegister(44)) - Successfully registered JMX Bean with object name Ratis:service=RaftServer,group=group-399D0FFE117B,id=9f9d0b70-d7d3-413f-b2b0-b1a7eeb17962
2022-02-07 01:12:12,995 [Command processor thread] INFO  ratis.XceiverServerRatis (XceiverServerRatis.java:addGroup(768)) - Created group PipelineID=fbf27227-d23f-4283-ba4e-399d0ffe117b
2022-02-07 01:12:12,995 [Command processor thread] INFO  commandhandler.CreatePipelineCommandHandler (CreatePipelineCommandHandler.java:handle(106)) - Created Pipeline RATIS ONE PipelineID=fbf27227-d23f-4283-ba4e-399d0ffe117b.
2022-02-07 01:12:12,999 [Command processor thread] INFO  server.RaftServer (RaftServerProxy.java:addNew(95)) - 9f9d0b70-d7d3-413f-b2b0-b1a7eeb17962: addNew group-BE58D53DA770:[9f9d0b70-d7d3-413f-b2b0-b1a7eeb17962|rpc:10.1.0.96:40481|priority:1, 73449ac0-f7ab-4a13-95e2-c884dfff8ef3|rpc:10.1.0.96:36719|priority:0, ef2c9b8c-8b3b-4184-8870-dd68248b0ad2|rpc:10.1.0.96:43333|priority:0] returns group-BE58D53DA770:java.util.concurrent.CompletableFuture@4952ef5f[Not completed]
2022-02-07 01:12:13,001 [pool-151-thread-1] INFO  server.RaftServer$Division (RaftServerImpl.java:<init>(184)) - 9f9d0b70-d7d3-413f-b2b0-b1a7eeb17962: new RaftServerImpl for group-BE58D53DA770:[9f9d0b70-d7d3-413f-b2b0-b1a7eeb17962|rpc:10.1.0.96:40481|priority:1, 73449ac0-f7ab-4a13-95e2-c884dfff8ef3|rpc:10.1.0.96:36719|priority:0, ef2c9b8c-8b3b-4184-8870-dd68248b0ad2|rpc:10.1.0.96:43333|priority:0] with ContainerStateMachine:uninitialized
2022-02-07 01:12:13,001 [pool-151-thread-1] INFO  server.RaftServerConfigKeys (ConfUtils.java:logGet(44)) - raft.server.rpc.timeout.min = 5s (custom)
2022-02-07 01:12:13,001 [pool-151-thread-1] INFO  server.RaftServerConfigKeys (ConfUtils.java:logGet(44)) - raft.server.rpc.timeout.max = 5200ms (custom)
2022-02-07 01:12:13,001 [pool-151-thread-1] INFO  server.RaftServerConfigKeys (ConfUtils.java:logGet(44)) - raft.server.rpc.sleep.time = 25ms (default)
2022-02-07 01:12:13,001 [pool-151-thread-1] INFO  server.RaftServerConfigKeys (ConfUtils.java:logGet(44)) - raft.server.rpc.slowness.timeout = 300s (custom)
2022-02-07 01:12:13,001 [pool-151-thread-1] INFO  server.RaftServerConfigKeys (ConfUtils.java:logGet(44)) - raft.server.leaderelection.leader.step-down.wait-time = 10s (default)
2022-02-07 01:12:13,001 [pool-151-thread-1] INFO  server.RaftServerConfigKeys (ConfUtils.java:logGet(44)) - raft.server.sleep.deviation.threshold = 300ms (default)
2022-02-07 01:12:13,001 [pool-151-thread-1] INFO  server.RaftServerConfigKeys (ConfUtils.java:logGet(44)) - raft.server.log.appender.install.snapshot.enabled = false (custom)
2022-02-07 01:12:13,001 [pool-151-thread-1] INFO  server.RaftServer$Division (ServerState.java:<init>(105)) - 9f9d0b70-d7d3-413f-b2b0-b1a7eeb17962@group-BE58D53DA770: ConfigurationManager, init=-1: [9f9d0b70-d7d3-413f-b2b0-b1a7eeb17962|rpc:10.1.0.96:40481|priority:1, 73449ac0-f7ab-4a13-95e2-c884dfff8ef3|rpc:10.1.0.96:36719|priority:0, ef2c9b8c-8b3b-4184-8870-dd68248b0ad2|rpc:10.1.0.96:43333|priority:0], old=null, confs=<EMPTY_MAP>
2022-02-07 01:12:13,001 [pool-151-thread-1] INFO  server.RaftServerConfigKeys (ConfUtils.java:logGet(44)) - raft.server.storage.dir = [/home/runner/work/ozone/ozone/hadoop-ozone/integration-test/target/test-dir/MiniOzoneClusterImpl-bf974671-0ee4-44cd-a16a-aba150e4f4c7/datanode-1/data/ratis] (custom)
2022-02-07 01:12:13,001 [pool-151-thread-1] INFO  server.RaftServerConfigKeys (ConfUtils.java:logGet(44)) - raft.server.log.corruption.policy = EXCEPTION (default)
2022-02-07 01:12:13,001 [pool-151-thread-1] INFO  server.RaftServerConfigKeys (ConfUtils.java:logGet(44)) - raft.server.storage.free-space.min = 0MB (=0) (default)
2022-02-07 01:12:13,001 [pool-151-thread-1] INFO  storage.RaftStorageDirectory (RaftStorageDirectoryImpl.java:analyzeStorage(135)) - The storage directory /home/runner/work/ozone/ozone/hadoop-ozone/integration-test/target/test-dir/MiniOzoneClusterImpl-bf974671-0ee4-44cd-a16a-aba150e4f4c7/datanode-1/data/ratis/8fc19f52-9f09-4eb4-8aa0-be58d53da770 does not exist. Creating ...
2022-02-07 01:12:13,003 [pool-151-thread-1] INFO  storage.RaftStorageDirectory (RaftStorageDirectoryImpl.java:tryLock(230)) - Lock on /home/runner/work/ozone/ozone/hadoop-ozone/integration-test/target/test-dir/MiniOzoneClusterImpl-bf974671-0ee4-44cd-a16a-aba150e4f4c7/datanode-1/data/ratis/8fc19f52-9f09-4eb4-8aa0-be58d53da770/in_use.lock acquired by nodename 24381@fv-az12-249
2022-02-07 01:12:13,005 [pool-151-thread-1] INFO  storage.RaftStorage (RaftStorageImpl.java:format(89)) - Storage directory /home/runner/work/ozone/ozone/hadoop-ozone/integration-test/target/test-dir/MiniOzoneClusterImpl-bf974671-0ee4-44cd-a16a-aba150e4f4c7/datanode-1/data/ratis/8fc19f52-9f09-4eb4-8aa0-be58d53da770 has been successfully formatted.
2022-02-07 01:12:13,009 [EventQueue-OpenPipelineForHealthyPipelineSafeModeRule] INFO  safemode.SCMSafeModeManager (HealthyPipelineSafeModeRule.java:process(124)) - SCM in safe mode. Healthy pipelines reported count is 0, required healthy pipeline reported count is 1
2022-02-07 01:12:13,010 [pool-151-thread-1] INFO  ratis.ContainerStateMachine (ContainerStateMachine.java:loadSnapshot(231)) - group-BE58D53DA770: The snapshot info is null. Setting the last applied indexto:(t:0, i:~)
2022-02-07 01:12:13,010 [pool-151-thread-1] INFO  server.RaftServerConfigKeys (ConfUtils.java:logGet(44)) - raft.server.notification.no-leader.timeout = 300s (custom)
2022-02-07 01:12:13,011 [pool-151-thread-1] INFO  server.RaftServerConfigKeys (ConfUtils.java:logGet(44)) - raft.server.log.use.memory = false (default)
2022-02-07 01:12:13,011 [pool-151-thread-1] INFO  server.RaftServerConfigKeys (ConfUtils.java:logGet(44)) - raft.server.log.purge.gap = 1000000 (custom)
2022-02-07 01:12:13,011 [pool-151-thread-1] INFO  server.RaftServerConfigKeys (ConfUtils.java:logGet(44)) - raft.server.log.appender.buffer.byte-limit = 33554432 (custom)
2022-02-07 01:12:13,011 [pool-151-thread-1] INFO  server.RaftServerConfigKeys (ConfUtils.java:logGet(44)) - raft.server.log.segment.size.max = 1048576 (custom)
2022-02-07 01:12:13,011 [pool-151-thread-1] INFO  server.RaftServerConfigKeys (ConfUtils.java:logGet(44)) - raft.server.log.segment.cache.num.max = 2 (custom)
2022-02-07 01:12:13,011 [pool-151-thread-1] INFO  server.RaftServerConfigKeys (ConfUtils.java:logGet(44)) - raft.server.log.segment.cache.size.max = 200MB (=209715200) (default)
2022-02-07 01:12:13,011 [pool-151-thread-1] INFO  segmented.SegmentedRaftLogWorker (SegmentedRaftLogWorker.java:<init>(182)) - new 9f9d0b70-d7d3-413f-b2b0-b1a7eeb17962@group-BE58D53DA770-SegmentedRaftLogWorker for RaftStorageImpl:Storage Directory /home/runner/work/ozone/ozone/hadoop-ozone/integration-test/target/test-dir/MiniOzoneClusterImpl-bf974671-0ee4-44cd-a16a-aba150e4f4c7/datanode-1/data/ratis/8fc19f52-9f09-4eb4-8aa0-be58d53da770
2022-02-07 01:12:13,011 [pool-151-thread-1] INFO  server.RaftServerConfigKeys (ConfUtils.java:logGet(44)) - raft.server.log.queue.byte-limit = 2147483647 (custom)
2022-02-07 01:12:13,011 [pool-151-thread-1] INFO  server.RaftServerConfigKeys (ConfUtils.java:logGet(44)) - raft.server.log.queue.element-limit = 1024 (custom)
2022-02-07 01:12:13,011 [pool-151-thread-1] INFO  server.RaftServerConfigKeys (ConfUtils.java:logGet(44)) - raft.server.log.segment.size.max = 1048576 (custom)
2022-02-07 01:12:13,011 [pool-151-thread-1] INFO  server.RaftServerConfigKeys (ConfUtils.java:logGet(44)) - raft.server.log.preallocated.size = 16384 (custom)
2022-02-07 01:12:13,011 [pool-151-thread-1] INFO  server.RaftServerConfigKeys (ConfUtils.java:logGet(44)) - raft.server.log.force.sync.num = 128 (default)
2022-02-07 01:12:13,012 [pool-151-thread-1] INFO  server.RaftServerConfigKeys (ConfUtils.java:logGet(44)) - raft.server.log.statemachine.data.sync = true (default)
2022-02-07 01:12:13,012 [pool-151-thread-1] INFO  server.RaftServerConfigKeys (ConfUtils.java:logGet(44)) - raft.server.log.statemachine.data.sync.timeout = 10s (default)
2022-02-07 01:12:13,012 [pool-151-thread-1] INFO  server.RaftServerConfigKeys (ConfUtils.java:logGet(44)) - raft.server.log.statemachine.data.sync.timeout.retry = -1 (default)
2022-02-07 01:12:13,012 [pool-151-thread-1] INFO  server.RaftServerConfigKeys (ConfUtils.java:logGet(44)) - raft.server.log.write.buffer.size = 1048576 (custom)
2022-02-07 01:12:13,013 [pool-151-thread-1] INFO  server.RaftServerConfigKeys (ConfUtils.java:logGet(44)) - raft.server.log.statemachine.data.caching.enabled = true (custom)
2022-02-07 01:12:13,013 [pool-151-thread-1] INFO  segmented.SegmentedRaftLogWorker (SegmentedRaftLogWorker.java:lambda$new$0(133)) - 9f9d0b70-d7d3-413f-b2b0-b1a7eeb17962@group-BE58D53DA770-SegmentedRaftLogWorker: flushIndex: setUnconditionally 0 -> -1
2022-02-07 01:12:13,013 [pool-151-thread-1] INFO  segmented.SegmentedRaftLogWorker (SegmentedRaftLogWorker.java:lambda$new$0(133)) - 9f9d0b70-d7d3-413f-b2b0-b1a7eeb17962@group-BE58D53DA770-SegmentedRaftLogWorker: safeCacheEvictIndex: setUnconditionally 0 -> -1
2022-02-07 01:12:13,013 [pool-151-thread-1] INFO  server.RaftServerConfigKeys (ConfUtils.java:logGet(44)) - raft.server.snapshot.auto.trigger.enabled = true (custom)
2022-02-07 01:12:13,014 [pool-151-thread-1] INFO  server.RaftServerConfigKeys (ConfUtils.java:logGet(44)) - raft.server.snapshot.auto.trigger.threshold = 10000 (custom)
2022-02-07 01:12:13,014 [pool-151-thread-1] INFO  server.RaftServerConfigKeys (ConfUtils.java:logGet(44)) - raft.server.snapshot.retention.file.num = 5 (custom)
2022-02-07 01:12:13,014 [pool-151-thread-1] INFO  server.RaftServerConfigKeys (ConfUtils.java:logGet(44)) - raft.server.log.purge.upto.snapshot.index = false (default)
2022-02-07 01:12:13,014 [pool-151-thread-1] INFO  server.RaftServerConfigKeys (ConfUtils.java:logGet(44)) - raft.server.retrycache.expirytime = 600000ms (custom)
2022-02-07 01:12:13,014 [pool-151-thread-1] INFO  server.RaftServerConfigKeys (ConfUtils.java:logGet(44)) - raft.server.retrycache.statistics.expirytime = 100μs (default)
2022-02-07 01:12:13,015 [pool-151-thread-1] INFO  server.RaftServer$Division (RaftServerImpl.java:start(301)) - 9f9d0b70-d7d3-413f-b2b0-b1a7eeb17962@group-BE58D53DA770: start as a follower, conf=-1: [9f9d0b70-d7d3-413f-b2b0-b1a7eeb17962|rpc:10.1.0.96:40481|priority:1, 73449ac0-f7ab-4a13-95e2-c884dfff8ef3|rpc:10.1.0.96:36719|priority:0, ef2c9b8c-8b3b-4184-8870-dd68248b0ad2|rpc:10.1.0.96:43333|priority:0], old=null
2022-02-07 01:12:13,015 [pool-151-thread-1] INFO  server.RaftServer$Division (RaftServerImpl.java:setRole(290)) - 9f9d0b70-d7d3-413f-b2b0-b1a7eeb17962@group-BE58D53DA770: changes role from      null to FOLLOWER at term 0 for startAsFollower
2022-02-07 01:12:13,015 [pool-151-thread-1] INFO  impl.RoleInfo (RoleInfo.java:updateAndGet(130)) - 9f9d0b70-d7d3-413f-b2b0-b1a7eeb17962: start 9f9d0b70-d7d3-413f-b2b0-b1a7eeb17962@group-BE58D53DA770-FollowerState
2022-02-07 01:12:13,016 [pool-151-thread-1] INFO  util.JmxRegister (JmxRegister.java:tryRegister(44)) - Successfully registered JMX Bean with object name Ratis:service=RaftServer,group=group-BE58D53DA770,id=9f9d0b70-d7d3-413f-b2b0-b1a7eeb17962
2022-02-07 01:12:13,018 [Command processor thread] INFO  ratis.XceiverServerRatis (XceiverServerRatis.java:addGroup(768)) - Created group PipelineID=8fc19f52-9f09-4eb4-8aa0-be58d53da770
2022-02-07 01:12:13,183 [Listener at 127.0.0.1/33291] INFO  ozone.MiniOzoneClusterImpl (MiniOzoneClusterImpl.java:lambda$waitForClusterToBeReady$0(219)) - Nodes are ready. Got 3 of 3 DN Heartbeats.
2022-02-07 01:12:13,183 [Listener at 127.0.0.1/33291] INFO  ozone.MiniOzoneClusterImpl (MiniOzoneClusterImpl.java:lambda$waitForClusterToBeReady$0(222)) - Waiting for cluster to exit safe mode
2022-02-07 01:12:13,183 [Listener at 127.0.0.1/33291] INFO  ozone.MiniOzoneClusterImpl (MiniOzoneClusterImpl.java:lambda$waitForClusterToBeReady$0(224)) - SCM became leader
2022-02-07 01:12:13,218 [Command processor thread] INFO  server.RaftServer (RaftServerProxy.java:addNew(95)) - ef2c9b8c-8b3b-4184-8870-dd68248b0ad2: addNew group-E47898148BC9:[ef2c9b8c-8b3b-4184-8870-dd68248b0ad2|rpc:10.1.0.96:43333|priority:1] returns group-E47898148BC9:java.util.concurrent.CompletableFuture@430f12d5[Not completed]
2022-02-07 01:12:13,239 [pool-172-thread-1] INFO  server.RaftServer$Division (RaftServerImpl.java:<init>(184)) - ef2c9b8c-8b3b-4184-8870-dd68248b0ad2: new RaftServerImpl for group-E47898148BC9:[ef2c9b8c-8b3b-4184-8870-dd68248b0ad2|rpc:10.1.0.96:43333|priority:1] with ContainerStateMachine:uninitialized
2022-02-07 01:12:13,262 [pool-172-thread-1] INFO  server.RaftServerConfigKeys (ConfUtils.java:logGet(44)) - raft.server.rpc.timeout.min = 5s (custom)
2022-02-07 01:12:13,263 [pool-172-thread-1] INFO  server.RaftServerConfigKeys (ConfUtils.java:logGet(44)) - raft.server.rpc.timeout.max = 5200ms (custom)
2022-02-07 01:12:13,263 [pool-172-thread-1] INFO  server.RaftServerConfigKeys (ConfUtils.java:logGet(44)) - raft.server.rpc.sleep.time = 25ms (default)
2022-02-07 01:12:13,263 [pool-172-thread-1] INFO  server.RaftServerConfigKeys (ConfUtils.java:logGet(44)) - raft.server.rpc.slowness.timeout = 300s (custom)
2022-02-07 01:12:13,263 [pool-172-thread-1] INFO  server.RaftServerConfigKeys (ConfUtils.java:logGet(44)) - raft.server.leaderelection.leader.step-down.wait-time = 10s (default)
2022-02-07 01:12:13,263 [pool-172-thread-1] INFO  server.RaftServerConfigKeys (ConfUtils.java:logGet(44)) - raft.server.sleep.deviation.threshold = 300ms (default)
2022-02-07 01:12:13,263 [pool-172-thread-1] INFO  server.RaftServerConfigKeys (ConfUtils.java:logGet(44)) - raft.server.log.appender.install.snapshot.enabled = false (custom)
2022-02-07 01:12:13,263 [pool-172-thread-1] INFO  server.RaftServer$Division (ServerState.java:<init>(105)) - ef2c9b8c-8b3b-4184-8870-dd68248b0ad2@group-E47898148BC9: ConfigurationManager, init=-1: [ef2c9b8c-8b3b-4184-8870-dd68248b0ad2|rpc:10.1.0.96:43333|priority:1], old=null, confs=<EMPTY_MAP>
2022-02-07 01:12:13,263 [pool-172-thread-1] INFO  server.RaftServerConfigKeys (ConfUtils.java:logGet(44)) - raft.server.storage.dir = [/home/runner/work/ozone/ozone/hadoop-ozone/integration-test/target/test-dir/MiniOzoneClusterImpl-bf974671-0ee4-44cd-a16a-aba150e4f4c7/datanode-2/data/ratis] (custom)
2022-02-07 01:12:13,263 [pool-172-thread-1] INFO  server.RaftServerConfigKeys (ConfUtils.java:logGet(44)) - raft.server.log.corruption.policy = EXCEPTION (default)
2022-02-07 01:12:13,264 [pool-172-thread-1] INFO  server.RaftServerConfigKeys (ConfUtils.java:logGet(44)) - raft.server.storage.free-space.min = 0MB (=0) (default)
2022-02-07 01:12:13,264 [pool-172-thread-1] INFO  storage.RaftStorageDirectory (RaftStorageDirectoryImpl.java:analyzeStorage(135)) - The storage directory /home/runner/work/ozone/ozone/hadoop-ozone/integration-test/target/test-dir/MiniOzoneClusterImpl-bf974671-0ee4-44cd-a16a-aba150e4f4c7/datanode-2/data/ratis/e4a05495-a327-4d7c-9936-e47898148bc9 does not exist. Creating ...
2022-02-07 01:12:13,270 [pool-172-thread-1] INFO  storage.RaftStorageDirectory (RaftStorageDirectoryImpl.java:tryLock(230)) - Lock on /home/runner/work/ozone/ozone/hadoop-ozone/integration-test/target/test-dir/MiniOzoneClusterImpl-bf974671-0ee4-44cd-a16a-aba150e4f4c7/datanode-2/data/ratis/e4a05495-a327-4d7c-9936-e47898148bc9/in_use.lock acquired by nodename 24381@fv-az12-249
2022-02-07 01:12:13,276 [pool-172-thread-1] INFO  storage.RaftStorage (RaftStorageImpl.java:format(89)) - Storage directory /home/runner/work/ozone/ozone/hadoop-ozone/integration-test/target/test-dir/MiniOzoneClusterImpl-bf974671-0ee4-44cd-a16a-aba150e4f4c7/datanode-2/data/ratis/e4a05495-a327-4d7c-9936-e47898148bc9 has been successfully formatted.
2022-02-07 01:12:13,279 [pool-172-thread-1] INFO  ratis.ContainerStateMachine (ContainerStateMachine.java:loadSnapshot(231)) - group-E47898148BC9: The snapshot info is null. Setting the last applied indexto:(t:0, i:~)
2022-02-07 01:12:13,279 [pool-172-thread-1] INFO  server.RaftServerConfigKeys (ConfUtils.java:logGet(44)) - raft.server.notification.no-leader.timeout = 300s (custom)
2022-02-07 01:12:13,279 [pool-172-thread-1] INFO  server.RaftServerConfigKeys (ConfUtils.java:logGet(44)) - raft.server.log.use.memory = false (default)
2022-02-07 01:12:13,279 [pool-172-thread-1] INFO  server.RaftServerConfigKeys (ConfUtils.java:logGet(44)) - raft.server.log.purge.gap = 1000000 (custom)
2022-02-07 01:12:13,279 [pool-172-thread-1] INFO  server.RaftServerConfigKeys (ConfUtils.java:logGet(44)) - raft.server.log.appender.buffer.byte-limit = 33554432 (custom)
2022-02-07 01:12:13,285 [EventQueue-PipelineReportForPipelineReportHandler] INFO  pipeline.PipelineManagerImpl (PipelineManagerImpl.java:openPipeline(291)) - Pipeline Pipeline[ Id: e4a05495-a327-4d7c-9936-e47898148bc9, Nodes: ef2c9b8c-8b3b-4184-8870-dd68248b0ad2{ip: 10.1.0.96, host: fv-az12-249.exdb2aeach2ezidoxz41lk3bwg.cx.internal.cloudapp.net, ports: [REPLICATION=40619, RATIS=43333, RATIS_ADMIN=43333, RATIS_SERVER=43333, STANDALONE=40863], networkLocation: /default-rack, certSerialId: null, persistedOpState: IN_SERVICE, persistedOpStateExpiryEpochSec: 0}, ReplicationConfig: RATIS/ONE, State:ALLOCATED, leaderId:ef2c9b8c-8b3b-4184-8870-dd68248b0ad2, CreationTimestamp2022-02-07T01:12:10.203Z[Etc/UTC]] moved to OPEN state
2022-02-07 01:12:13,287 [86291b25-4585-4db4-8d7d-b3c8a3a17a2e@group-ABA150E4F4C7-StateMachineUpdater] INFO  safemode.HealthyPipelineSafeModeRule (HealthyPipelineSafeModeRule.java:initializeRule(152)) - Refreshed total pipeline count is 0, healthy pipeline threshold count is 1
2022-02-07 01:12:13,288 [EventQueue-OpenPipelineForHealthyPipelineSafeModeRule] INFO  safemode.SCMSafeModeManager (HealthyPipelineSafeModeRule.java:process(124)) - SCM in safe mode. Healthy pipelines reported count is 0, required healthy pipeline reported count is 1
2022-02-07 01:12:13,288 [pool-172-thread-1] INFO  server.RaftServerConfigKeys (ConfUtils.java:logGet(44)) - raft.server.log.segment.size.max = 1048576 (custom)
2022-02-07 01:12:13,291 [pool-172-thread-1] INFO  server.RaftServerConfigKeys (ConfUtils.java:logGet(44)) - raft.server.log.segment.cache.num.max = 2 (custom)
2022-02-07 01:12:13,291 [pool-172-thread-1] INFO  server.RaftServerConfigKeys (ConfUtils.java:logGet(44)) - raft.server.log.segment.cache.size.max = 200MB (=209715200) (default)
2022-02-07 01:12:13,291 [pool-172-thread-1] INFO  segmented.SegmentedRaftLogWorker (SegmentedRaftLogWorker.java:<init>(182)) - new ef2c9b8c-8b3b-4184-8870-dd68248b0ad2@group-E47898148BC9-SegmentedRaftLogWorker for RaftStorageImpl:Storage Directory /home/runner/work/ozone/ozone/hadoop-ozone/integration-test/target/test-dir/MiniOzoneClusterImpl-bf974671-0ee4-44cd-a16a-aba150e4f4c7/datanode-2/data/ratis/e4a05495-a327-4d7c-9936-e47898148bc9
2022-02-07 01:12:13,291 [pool-172-thread-1] INFO  server.RaftServerConfigKeys (ConfUtils.java:logGet(44)) - raft.server.log.queue.byte-limit = 2147483647 (custom)
2022-02-07 01:12:13,291 [pool-172-thread-1] INFO  server.RaftServerConfigKeys (ConfUtils.java:logGet(44)) - raft.server.log.queue.element-limit = 1024 (custom)
2022-02-07 01:12:13,291 [pool-172-thread-1] INFO  server.RaftServerConfigKeys (ConfUtils.java:logGet(44)) - raft.server.log.segment.size.max = 1048576 (custom)
2022-02-07 01:12:13,291 [pool-172-thread-1] INFO  server.RaftServerConfigKeys (ConfUtils.java:logGet(44)) - raft.server.log.preallocated.size = 16384 (custom)
2022-02-07 01:12:13,291 [pool-172-thread-1] INFO  server.RaftServerConfigKeys (ConfUtils.java:logGet(44)) - raft.server.log.force.sync.num = 128 (default)
2022-02-07 01:12:13,291 [pool-172-thread-1] INFO  server.RaftServerConfigKeys (ConfUtils.java:logGet(44)) - raft.server.log.statemachine.data.sync = true (default)
2022-02-07 01:12:13,291 [pool-172-thread-1] INFO  server.RaftServerConfigKeys (ConfUtils.java:logGet(44)) - raft.server.log.statemachine.data.sync.timeout = 10s (default)
2022-02-07 01:12:13,291 [pool-172-thread-1] INFO  server.RaftServerConfigKeys (ConfUtils.java:logGet(44)) - raft.server.log.statemachine.data.sync.timeout.retry = -1 (default)
2022-02-07 01:12:13,292 [pool-172-thread-1] INFO  server.RaftServerConfigKeys (ConfUtils.java:logGet(44)) - raft.server.log.write.buffer.size = 1048576 (custom)
2022-02-07 01:12:13,299 [pool-172-thread-1] INFO  server.RaftServerConfigKeys (ConfUtils.java:logGet(44)) - raft.server.log.statemachine.data.caching.enabled = true (custom)
2022-02-07 01:12:13,299 [pool-172-thread-1] INFO  segmented.SegmentedRaftLogWorker (SegmentedRaftLogWorker.java:lambda$new$0(133)) - ef2c9b8c-8b3b-4184-8870-dd68248b0ad2@group-E47898148BC9-SegmentedRaftLogWorker: flushIndex: setUnconditionally 0 -> -1
2022-02-07 01:12:13,299 [pool-172-thread-1] INFO  segmented.SegmentedRaftLogWorker (SegmentedRaftLogWorker.java:lambda$new$0(133)) - ef2c9b8c-8b3b-4184-8870-dd68248b0ad2@group-E47898148BC9-SegmentedRaftLogWorker: safeCacheEvictIndex: setUnconditionally 0 -> -1
2022-02-07 01:12:13,306 [pool-172-thread-1] INFO  server.RaftServerConfigKeys (ConfUtils.java:logGet(44)) - raft.server.snapshot.auto.trigger.enabled = true (custom)
2022-02-07 01:12:13,306 [pool-172-thread-1] INFO  server.RaftServerConfigKeys (ConfUtils.java:logGet(44)) - raft.server.snapshot.auto.trigger.threshold = 10000 (custom)
2022-02-07 01:12:13,306 [pool-172-thread-1] INFO  server.RaftServerConfigKeys (ConfUtils.java:logGet(44)) - raft.server.snapshot.retention.file.num = 5 (custom)
2022-02-07 01:12:13,306 [pool-172-thread-1] INFO  server.RaftServerConfigKeys (ConfUtils.java:logGet(44)) - raft.server.log.purge.upto.snapshot.index = false (default)
2022-02-07 01:12:13,306 [pool-172-thread-1] INFO  server.RaftServerConfigKeys (ConfUtils.java:logGet(44)) - raft.server.retrycache.expirytime = 600000ms (custom)
2022-02-07 01:12:13,306 [pool-172-thread-1] INFO  server.RaftServerConfigKeys (ConfUtils.java:logGet(44)) - raft.server.retrycache.statistics.expirytime = 100μs (default)
2022-02-07 01:12:13,307 [pool-172-thread-1] INFO  server.RaftServer$Division (RaftServerImpl.java:start(301)) - ef2c9b8c-8b3b-4184-8870-dd68248b0ad2@group-E47898148BC9: start as a follower, conf=-1: [ef2c9b8c-8b3b-4184-8870-dd68248b0ad2|rpc:10.1.0.96:43333|priority:1], old=null
2022-02-07 01:12:13,307 [pool-172-thread-1] INFO  server.RaftServer$Division (RaftServerImpl.java:setRole(290)) - ef2c9b8c-8b3b-4184-8870-dd68248b0ad2@group-E47898148BC9: changes role from      null to FOLLOWER at term 0 for startAsFollower
2022-02-07 01:12:13,307 [pool-172-thread-1] INFO  impl.RoleInfo (RoleInfo.java:updateAndGet(130)) - ef2c9b8c-8b3b-4184-8870-dd68248b0ad2: start ef2c9b8c-8b3b-4184-8870-dd68248b0ad2@group-E47898148BC9-FollowerState
2022-02-07 01:12:13,324 [pool-172-thread-1] INFO  util.JmxRegister (JmxRegister.java:tryRegister(44)) - Successfully registered JMX Bean with object name Ratis:service=RaftServer,group=group-E47898148BC9,id=ef2c9b8c-8b3b-4184-8870-dd68248b0ad2
2022-02-07 01:12:13,325 [Command processor thread] INFO  ratis.XceiverServerRatis (XceiverServerRatis.java:addGroup(768)) - Created group PipelineID=e4a05495-a327-4d7c-9936-e47898148bc9
2022-02-07 01:12:13,325 [Command processor thread] INFO  commandhandler.CreatePipelineCommandHandler (CreatePipelineCommandHandler.java:handle(106)) - Created Pipeline RATIS ONE PipelineID=e4a05495-a327-4d7c-9936-e47898148bc9.
2022-02-07 01:12:13,325 [Command processor thread] INFO  server.RaftServer (RaftServerProxy.java:addNew(95)) - ef2c9b8c-8b3b-4184-8870-dd68248b0ad2: addNew group-BE58D53DA770:[9f9d0b70-d7d3-413f-b2b0-b1a7eeb17962|rpc:10.1.0.96:40481|priority:1, 73449ac0-f7ab-4a13-95e2-c884dfff8ef3|rpc:10.1.0.96:36719|priority:0, ef2c9b8c-8b3b-4184-8870-dd68248b0ad2|rpc:10.1.0.96:43333|priority:0] returns group-BE58D53DA770:java.util.concurrent.CompletableFuture@47309e6c[Not completed]
2022-02-07 01:12:13,326 [pool-172-thread-1] INFO  server.RaftServer$Division (RaftServerImpl.java:<init>(184)) - ef2c9b8c-8b3b-4184-8870-dd68248b0ad2: new RaftServerImpl for group-BE58D53DA770:[9f9d0b70-d7d3-413f-b2b0-b1a7eeb17962|rpc:10.1.0.96:40481|priority:1, 73449ac0-f7ab-4a13-95e2-c884dfff8ef3|rpc:10.1.0.96:36719|priority:0, ef2c9b8c-8b3b-4184-8870-dd68248b0ad2|rpc:10.1.0.96:43333|priority:0] with ContainerStateMachine:uninitialized
2022-02-07 01:12:13,326 [pool-172-thread-1] INFO  server.RaftServerConfigKeys (ConfUtils.java:logGet(44)) - raft.server.rpc.timeout.min = 5s (custom)
2022-02-07 01:12:13,326 [pool-172-thread-1] INFO  server.RaftServerConfigKeys (ConfUtils.java:logGet(44)) - raft.server.rpc.timeout.max = 5200ms (custom)
2022-02-07 01:12:13,326 [pool-172-thread-1] INFO  server.RaftServerConfigKeys (ConfUtils.java:logGet(44)) - raft.server.rpc.sleep.time = 25ms (default)
2022-02-07 01:12:13,327 [pool-172-thread-1] INFO  server.RaftServerConfigKeys (ConfUtils.java:logGet(44)) - raft.server.rpc.slowness.timeout = 300s (custom)
2022-02-07 01:12:13,327 [pool-172-thread-1] INFO  server.RaftServerConfigKeys (ConfUtils.java:logGet(44)) - raft.server.leaderelection.leader.step-down.wait-time = 10s (default)
2022-02-07 01:12:13,327 [pool-172-thread-1] INFO  server.RaftServerConfigKeys (ConfUtils.java:logGet(44)) - raft.server.sleep.deviation.threshold = 300ms (default)
2022-02-07 01:12:13,327 [pool-172-thread-1] INFO  server.RaftServerConfigKeys (ConfUtils.java:logGet(44)) - raft.server.log.appender.install.snapshot.enabled = false (custom)
2022-02-07 01:12:13,327 [pool-172-thread-1] INFO  server.RaftServer$Division (ServerState.java:<init>(105)) - ef2c9b8c-8b3b-4184-8870-dd68248b0ad2@group-BE58D53DA770: ConfigurationManager, init=-1: [9f9d0b70-d7d3-413f-b2b0-b1a7eeb17962|rpc:10.1.0.96:40481|priority:1, 73449ac0-f7ab-4a13-95e2-c884dfff8ef3|rpc:10.1.0.96:36719|priority:0, ef2c9b8c-8b3b-4184-8870-dd68248b0ad2|rpc:10.1.0.96:43333|priority:0], old=null, confs=<EMPTY_MAP>
2022-02-07 01:12:13,327 [pool-172-thread-1] INFO  server.RaftServerConfigKeys (ConfUtils.java:logGet(44)) - raft.server.storage.dir = [/home/runner/work/ozone/ozone/hadoop-ozone/integration-test/target/test-dir/MiniOzoneClusterImpl-bf974671-0ee4-44cd-a16a-aba150e4f4c7/datanode-2/data/ratis] (custom)
2022-02-07 01:12:13,327 [pool-172-thread-1] INFO  server.RaftServerConfigKeys (ConfUtils.java:logGet(44)) - raft.server.log.corruption.policy = EXCEPTION (default)
2022-02-07 01:12:13,327 [pool-172-thread-1] INFO  server.RaftServerConfigKeys (ConfUtils.java:logGet(44)) - raft.server.storage.free-space.min = 0MB (=0) (default)
2022-02-07 01:12:13,327 [pool-172-thread-1] INFO  storage.RaftStorageDirectory (RaftStorageDirectoryImpl.java:analyzeStorage(135)) - The storage directory /home/runner/work/ozone/ozone/hadoop-ozone/integration-test/target/test-dir/MiniOzoneClusterImpl-bf974671-0ee4-44cd-a16a-aba150e4f4c7/datanode-2/data/ratis/8fc19f52-9f09-4eb4-8aa0-be58d53da770 does not exist. Creating ...
2022-02-07 01:12:13,330 [pool-172-thread-1] INFO  storage.RaftStorageDirectory (RaftStorageDirectoryImpl.java:tryLock(230)) - Lock on /home/runner/work/ozone/ozone/hadoop-ozone/integration-test/target/test-dir/MiniOzoneClusterImpl-bf974671-0ee4-44cd-a16a-aba150e4f4c7/datanode-2/data/ratis/8fc19f52-9f09-4eb4-8aa0-be58d53da770/in_use.lock acquired by nodename 24381@fv-az12-249
2022-02-07 01:12:13,331 [pool-172-thread-1] INFO  storage.RaftStorage (RaftStorageImpl.java:format(89)) - Storage directory /home/runner/work/ozone/ozone/hadoop-ozone/integration-test/target/test-dir/MiniOzoneClusterImpl-bf974671-0ee4-44cd-a16a-aba150e4f4c7/datanode-2/data/ratis/8fc19f52-9f09-4eb4-8aa0-be58d53da770 has been successfully formatted.
2022-02-07 01:12:13,332 [pool-172-thread-1] INFO  ratis.ContainerStateMachine (ContainerStateMachine.java:loadSnapshot(231)) - group-BE58D53DA770: The snapshot info is null. Setting the last applied indexto:(t:0, i:~)
2022-02-07 01:12:13,333 [pool-172-thread-1] INFO  server.RaftServerConfigKeys (ConfUtils.java:logGet(44)) - raft.server.notification.no-leader.timeout = 300s (custom)
2022-02-07 01:12:13,333 [pool-172-thread-1] INFO  server.RaftServerConfigKeys (ConfUtils.java:logGet(44)) - raft.server.log.use.memory = false (default)
2022-02-07 01:12:13,333 [pool-172-thread-1] INFO  server.RaftServerConfigKeys (ConfUtils.java:logGet(44)) - raft.server.log.purge.gap = 1000000 (custom)
2022-02-07 01:12:13,334 [EventQueue-OpenPipelineForHealthyPipelineSafeModeRule] INFO  safemode.SCMSafeModeManager (HealthyPipelineSafeModeRule.java:process(124)) - SCM in safe mode. Healthy pipelines reported count is 0, required healthy pipeline reported count is 1
2022-02-07 01:12:13,335 [pool-172-thread-1] INFO  server.RaftServerConfigKeys (ConfUtils.java:logGet(44)) - raft.server.log.appender.buffer.byte-limit = 33554432 (custom)
2022-02-07 01:12:13,336 [pool-172-thread-1] INFO  server.RaftServerConfigKeys (ConfUtils.java:logGet(44)) - raft.server.log.segment.size.max = 1048576 (custom)
2022-02-07 01:12:13,336 [pool-172-thread-1] INFO  server.RaftServerConfigKeys (ConfUtils.java:logGet(44)) - raft.server.log.segment.cache.num.max = 2 (custom)
2022-02-07 01:12:13,336 [pool-172-thread-1] INFO  server.RaftServerConfigKeys (ConfUtils.java:logGet(44)) - raft.server.log.segment.cache.size.max = 200MB (=209715200) (default)
2022-02-07 01:12:13,336 [pool-172-thread-1] INFO  segmented.SegmentedRaftLogWorker (SegmentedRaftLogWorker.java:<init>(182)) - new ef2c9b8c-8b3b-4184-8870-dd68248b0ad2@group-BE58D53DA770-SegmentedRaftLogWorker for RaftStorageImpl:Storage Directory /home/runner/work/ozone/ozone/hadoop-ozone/integration-test/target/test-dir/MiniOzoneClusterImpl-bf974671-0ee4-44cd-a16a-aba150e4f4c7/datanode-2/data/ratis/8fc19f52-9f09-4eb4-8aa0-be58d53da770
2022-02-07 01:12:13,336 [pool-172-thread-1] INFO  server.RaftServerConfigKeys (ConfUtils.java:logGet(44)) - raft.server.log.queue.byte-limit = 2147483647 (custom)
2022-02-07 01:12:13,336 [pool-172-thread-1] INFO  server.RaftServerConfigKeys (ConfUtils.java:logGet(44)) - raft.server.log.queue.element-limit = 1024 (custom)
2022-02-07 01:12:13,336 [pool-172-thread-1] INFO  server.RaftServerConfigKeys (ConfUtils.java:logGet(44)) - raft.server.log.segment.size.max = 1048576 (custom)
2022-02-07 01:12:13,336 [pool-172-thread-1] INFO  server.RaftServerConfigKeys (ConfUtils.java:logGet(44)) - raft.server.log.preallocated.size = 16384 (custom)
2022-02-07 01:12:13,336 [pool-172-thread-1] INFO  server.RaftServerConfigKeys (ConfUtils.java:logGet(44)) - raft.server.log.force.sync.num = 128 (default)
2022-02-07 01:12:13,336 [pool-172-thread-1] INFO  server.RaftServerConfigKeys (ConfUtils.java:logGet(44)) - raft.server.log.statemachine.data.sync = true (default)
2022-02-07 01:12:13,336 [pool-172-thread-1] INFO  server.RaftServerConfigKeys (ConfUtils.java:logGet(44)) - raft.server.log.statemachine.data.sync.timeout = 10s (default)
2022-02-07 01:12:13,337 [pool-172-thread-1] INFO  server.RaftServerConfigKeys (ConfUtils.java:logGet(44)) - raft.server.log.statemachine.data.sync.timeout.retry = -1 (default)
2022-02-07 01:12:13,337 [pool-172-thread-1] INFO  server.RaftServerConfigKeys (ConfUtils.java:logGet(44)) - raft.server.log.write.buffer.size = 1048576 (custom)
2022-02-07 01:12:13,338 [pool-172-thread-1] INFO  server.RaftServerConfigKeys (ConfUtils.java:logGet(44)) - raft.server.log.statemachine.data.caching.enabled = true (custom)
2022-02-07 01:12:13,338 [pool-172-thread-1] INFO  segmented.SegmentedRaftLogWorker (SegmentedRaftLogWorker.java:lambda$new$0(133)) - ef2c9b8c-8b3b-4184-8870-dd68248b0ad2@group-BE58D53DA770-SegmentedRaftLogWorker: flushIndex: setUnconditionally 0 -> -1
2022-02-07 01:12:13,338 [pool-172-thread-1] INFO  segmented.SegmentedRaftLogWorker (SegmentedRaftLogWorker.java:lambda$new$0(133)) - ef2c9b8c-8b3b-4184-8870-dd68248b0ad2@group-BE58D53DA770-SegmentedRaftLogWorker: safeCacheEvictIndex: setUnconditionally 0 -> -1
2022-02-07 01:12:13,338 [pool-172-thread-1] INFO  server.RaftServerConfigKeys (ConfUtils.java:logGet(44)) - raft.server.snapshot.auto.trigger.enabled = true (custom)
2022-02-07 01:12:13,338 [pool-172-thread-1] INFO  server.RaftServerConfigKeys (ConfUtils.java:logGet(44)) - raft.server.snapshot.auto.trigger.threshold = 10000 (custom)
2022-02-07 01:12:13,339 [pool-172-thread-1] INFO  server.RaftServerConfigKeys (ConfUtils.java:logGet(44)) - raft.server.snapshot.retention.file.num = 5 (custom)
2022-02-07 01:12:13,339 [pool-172-thread-1] INFO  server.RaftServerConfigKeys (ConfUtils.java:logGet(44)) - raft.server.log.purge.upto.snapshot.index = false (default)
2022-02-07 01:12:13,339 [pool-172-thread-1] INFO  server.RaftServerConfigKeys (ConfUtils.java:logGet(44)) - raft.server.retrycache.expirytime = 600000ms (custom)
2022-02-07 01:12:13,339 [pool-172-thread-1] INFO  server.RaftServerConfigKeys (ConfUtils.java:logGet(44)) - raft.server.retrycache.statistics.expirytime = 100μs (default)
2022-02-07 01:12:13,340 [pool-172-thread-1] INFO  server.RaftServer$Division (RaftServerImpl.java:start(301)) - ef2c9b8c-8b3b-4184-8870-dd68248b0ad2@group-BE58D53DA770: start as a follower, conf=-1: [9f9d0b70-d7d3-413f-b2b0-b1a7eeb17962|rpc:10.1.0.96:40481|priority:1, 73449ac0-f7ab-4a13-95e2-c884dfff8ef3|rpc:10.1.0.96:36719|priority:0, ef2c9b8c-8b3b-4184-8870-dd68248b0ad2|rpc:10.1.0.96:43333|priority:0], old=null
2022-02-07 01:12:13,340 [pool-172-thread-1] INFO  server.RaftServer$Division (RaftServerImpl.java:setRole(290)) - ef2c9b8c-8b3b-4184-8870-dd68248b0ad2@group-BE58D53DA770: changes role from      null to FOLLOWER at term 0 for startAsFollower
2022-02-07 01:12:13,340 [pool-172-thread-1] INFO  impl.RoleInfo (RoleInfo.java:updateAndGet(130)) - ef2c9b8c-8b3b-4184-8870-dd68248b0ad2: start ef2c9b8c-8b3b-4184-8870-dd68248b0ad2@group-BE58D53DA770-FollowerState
2022-02-07 01:12:13,341 [pool-172-thread-1] INFO  util.JmxRegister (JmxRegister.java:tryRegister(44)) - Successfully registered JMX Bean with object name Ratis:service=RaftServer,group=group-BE58D53DA770,id=ef2c9b8c-8b3b-4184-8870-dd68248b0ad2
2022-02-07 01:12:13,341 [Command processor thread] INFO  ratis.XceiverServerRatis (XceiverServerRatis.java:addGroup(768)) - Created group PipelineID=8fc19f52-9f09-4eb4-8aa0-be58d53da770
2022-02-07 01:12:13,539 [Command processor thread] INFO  commandhandler.CreatePipelineCommandHandler (CreatePipelineCommandHandler.java:handle(106)) - Created Pipeline RATIS THREE PipelineID=8fc19f52-9f09-4eb4-8aa0-be58d53da770.
2022-02-07 01:12:13,542 [Command processor thread] INFO  commandhandler.CreatePipelineCommandHandler (CreatePipelineCommandHandler.java:handle(106)) - Created Pipeline RATIS THREE PipelineID=8fc19f52-9f09-4eb4-8aa0-be58d53da770.
2022-02-07 01:12:13,555 [Command processor thread] INFO  commandhandler.CreatePipelineCommandHandler (CreatePipelineCommandHandler.java:handle(106)) - Created Pipeline RATIS THREE PipelineID=8fc19f52-9f09-4eb4-8aa0-be58d53da770.
2022-02-07 01:12:14,183 [Listener at 127.0.0.1/33291] INFO  ozone.MiniOzoneClusterImpl (MiniOzoneClusterImpl.java:lambda$waitForClusterToBeReady$0(219)) - Nodes are ready. Got 3 of 3 DN Heartbeats.
2022-02-07 01:12:14,183 [Listener at 127.0.0.1/33291] INFO  ozone.MiniOzoneClusterImpl (MiniOzoneClusterImpl.java:lambda$waitForClusterToBeReady$0(222)) - Waiting for cluster to exit safe mode
2022-02-07 01:12:14,183 [Listener at 127.0.0.1/33291] INFO  ozone.MiniOzoneClusterImpl (MiniOzoneClusterImpl.java:lambda$waitForClusterToBeReady$0(224)) - SCM became leader
2022-02-07 01:12:15,184 [Listener at 127.0.0.1/33291] INFO  ozone.MiniOzoneClusterImpl (MiniOzoneClusterImpl.java:lambda$waitForClusterToBeReady$0(219)) - Nodes are ready. Got 3 of 3 DN Heartbeats.
2022-02-07 01:12:15,184 [Listener at 127.0.0.1/33291] INFO  ozone.MiniOzoneClusterImpl (MiniOzoneClusterImpl.java:lambda$waitForClusterToBeReady$0(222)) - Waiting for cluster to exit safe mode
2022-02-07 01:12:15,184 [Listener at 127.0.0.1/33291] INFO  ozone.MiniOzoneClusterImpl (MiniOzoneClusterImpl.java:lambda$waitForClusterToBeReady$0(224)) - SCM became leader
2022-02-07 01:12:16,184 [Listener at 127.0.0.1/33291] INFO  ozone.MiniOzoneClusterImpl (MiniOzoneClusterImpl.java:lambda$waitForClusterToBeReady$0(219)) - Nodes are ready. Got 3 of 3 DN Heartbeats.
2022-02-07 01:12:16,184 [Listener at 127.0.0.1/33291] INFO  ozone.MiniOzoneClusterImpl (MiniOzoneClusterImpl.java:lambda$waitForClusterToBeReady$0(222)) - Waiting for cluster to exit safe mode
2022-02-07 01:12:16,184 [Listener at 127.0.0.1/33291] INFO  ozone.MiniOzoneClusterImpl (MiniOzoneClusterImpl.java:lambda$waitForClusterToBeReady$0(224)) - SCM became leader
2022-02-07 01:12:17,185 [Listener at 127.0.0.1/33291] INFO  ozone.MiniOzoneClusterImpl (MiniOzoneClusterImpl.java:lambda$waitForClusterToBeReady$0(219)) - Nodes are ready. Got 3 of 3 DN Heartbeats.
2022-02-07 01:12:17,185 [Listener at 127.0.0.1/33291] INFO  ozone.MiniOzoneClusterImpl (MiniOzoneClusterImpl.java:lambda$waitForClusterToBeReady$0(222)) - Waiting for cluster to exit safe mode
2022-02-07 01:12:17,185 [Listener at 127.0.0.1/33291] INFO  ozone.MiniOzoneClusterImpl (MiniOzoneClusterImpl.java:lambda$waitForClusterToBeReady$0(224)) - SCM became leader
2022-02-07 01:12:17,804 [73449ac0-f7ab-4a13-95e2-c884dfff8ef3@group-5B2583497080-FollowerState] INFO  impl.FollowerState (FollowerState.java:run(134)) - 73449ac0-f7ab-4a13-95e2-c884dfff8ef3@group-5B2583497080-FollowerState: change to CANDIDATE, lastRpcElapsedTime:5168092027ns, electionTimeout:5165ms
2022-02-07 01:12:17,805 [73449ac0-f7ab-4a13-95e2-c884dfff8ef3@group-5B2583497080-FollowerState] INFO  impl.RoleInfo (RoleInfo.java:shutdownFollowerState(108)) - 73449ac0-f7ab-4a13-95e2-c884dfff8ef3: shutdown 73449ac0-f7ab-4a13-95e2-c884dfff8ef3@group-5B2583497080-FollowerState
2022-02-07 01:12:17,805 [73449ac0-f7ab-4a13-95e2-c884dfff8ef3@group-5B2583497080-FollowerState] INFO  server.RaftServer$Division (RaftServerImpl.java:setRole(290)) - 73449ac0-f7ab-4a13-95e2-c884dfff8ef3@group-5B2583497080: changes role from  FOLLOWER to CANDIDATE at term 0 for changeToCandidate
2022-02-07 01:12:17,806 [73449ac0-f7ab-4a13-95e2-c884dfff8ef3@group-5B2583497080-FollowerState] INFO  server.RaftServerConfigKeys (ConfUtils.java:logGet(44)) - raft.server.leaderelection.pre-vote = false (custom)
2022-02-07 01:12:17,806 [73449ac0-f7ab-4a13-95e2-c884dfff8ef3@group-5B2583497080-FollowerState] INFO  impl.RoleInfo (RoleInfo.java:updateAndGet(130)) - 73449ac0-f7ab-4a13-95e2-c884dfff8ef3: start 73449ac0-f7ab-4a13-95e2-c884dfff8ef3@group-5B2583497080-LeaderElection7
2022-02-07 01:12:17,817 [73449ac0-f7ab-4a13-95e2-c884dfff8ef3@group-5B2583497080-LeaderElection7] INFO  impl.LeaderElection (LeaderElection.java:askForVotes(306)) - 73449ac0-f7ab-4a13-95e2-c884dfff8ef3@group-5B2583497080-LeaderElection7 ELECTION round 0: submit vote requests at term 1 for -1: [73449ac0-f7ab-4a13-95e2-c884dfff8ef3|rpc:10.1.0.96:36719|priority:1], old=null
2022-02-07 01:12:17,818 [73449ac0-f7ab-4a13-95e2-c884dfff8ef3@group-5B2583497080-LeaderElection7] INFO  impl.LeaderElection (LeaderElection.java:askForVotes(308)) - 73449ac0-f7ab-4a13-95e2-c884dfff8ef3@group-5B2583497080-LeaderElection7 ELECTION round 0: result PASSED (term=1)
2022-02-07 01:12:17,818 [73449ac0-f7ab-4a13-95e2-c884dfff8ef3@group-5B2583497080-LeaderElection7] INFO  impl.RoleInfo (RoleInfo.java:shutdownLeaderElection(121)) - 73449ac0-f7ab-4a13-95e2-c884dfff8ef3: shutdown 73449ac0-f7ab-4a13-95e2-c884dfff8ef3@group-5B2583497080-LeaderElection7
2022-02-07 01:12:17,818 [73449ac0-f7ab-4a13-95e2-c884dfff8ef3@group-5B2583497080-LeaderElection7] INFO  server.RaftServer$Division (RaftServerImpl.java:setRole(290)) - 73449ac0-f7ab-4a13-95e2-c884dfff8ef3@group-5B2583497080: changes role from CANDIDATE to LEADER at term 1 for changeToLeader
2022-02-07 01:12:17,818 [73449ac0-f7ab-4a13-95e2-c884dfff8ef3@group-5B2583497080-LeaderElection7] INFO  ratis.XceiverServerRatis (XceiverServerRatis.java:handleLeaderChangedNotification(866)) - Leader change notification received for group: group-5B2583497080 with new leaderId: 73449ac0-f7ab-4a13-95e2-c884dfff8ef3
2022-02-07 01:12:17,819 [73449ac0-f7ab-4a13-95e2-c884dfff8ef3@group-5B2583497080-LeaderElection7] INFO  server.RaftServer$Division (ServerState.java:setLeader(285)) - 73449ac0-f7ab-4a13-95e2-c884dfff8ef3@group-5B2583497080: change Leader from null to 73449ac0-f7ab-4a13-95e2-c884dfff8ef3 at term 1 for becomeLeader, leader elected after 5193ms
2022-02-07 01:12:17,819 [73449ac0-f7ab-4a13-95e2-c884dfff8ef3@group-5B2583497080-LeaderElection7] INFO  server.RaftServerConfigKeys (ConfUtils.java:logGet(44)) - raft.server.staging.catchup.gap = 1000 (default)
2022-02-07 01:12:17,820 [73449ac0-f7ab-4a13-95e2-c884dfff8ef3@group-5B2583497080-LeaderElection7] INFO  server.RaftServerConfigKeys (ConfUtils.java:logGet(44)) - raft.server.write.element-limit = 1024 (custom)
2022-02-07 01:12:17,820 [EventQueue-OpenPipelineForHealthyPipelineSafeModeRule] INFO  safemode.SCMSafeModeManager (HealthyPipelineSafeModeRule.java:process(124)) - SCM in safe mode. Healthy pipelines reported count is 0, required healthy pipeline reported count is 1
2022-02-07 01:12:17,820 [73449ac0-f7ab-4a13-95e2-c884dfff8ef3@group-5B2583497080-LeaderElection7] INFO  server.RaftServerConfigKeys (ConfUtils.java:logGet(44)) - raft.server.write.byte-limit = 1024 M (=1073741824) (custom)
2022-02-07 01:12:17,820 [73449ac0-f7ab-4a13-95e2-c884dfff8ef3@group-BE58D53DA770-FollowerState] INFO  impl.FollowerState (FollowerState.java:run(134)) - 73449ac0-f7ab-4a13-95e2-c884dfff8ef3@group-BE58D53DA770-FollowerState: change to CANDIDATE, lastRpcElapsedTime:5139806748ns, electionTimeout:5133ms
2022-02-07 01:12:17,821 [73449ac0-f7ab-4a13-95e2-c884dfff8ef3@group-BE58D53DA770-FollowerState] INFO  impl.RoleInfo (RoleInfo.java:shutdownFollowerState(108)) - 73449ac0-f7ab-4a13-95e2-c884dfff8ef3: shutdown 73449ac0-f7ab-4a13-95e2-c884dfff8ef3@group-BE58D53DA770-FollowerState
2022-02-07 01:12:17,821 [73449ac0-f7ab-4a13-95e2-c884dfff8ef3@group-BE58D53DA770-FollowerState] INFO  server.RaftServer$Division (RaftServerImpl.java:setRole(290)) - 73449ac0-f7ab-4a13-95e2-c884dfff8ef3@group-BE58D53DA770: changes role from  FOLLOWER to CANDIDATE at term 0 for changeToCandidate
2022-02-07 01:12:17,821 [73449ac0-f7ab-4a13-95e2-c884dfff8ef3@group-BE58D53DA770-FollowerState] INFO  server.RaftServerConfigKeys (ConfUtils.java:logGet(44)) - raft.server.leaderelection.pre-vote = false (custom)
2022-02-07 01:12:17,821 [73449ac0-f7ab-4a13-95e2-c884dfff8ef3@group-BE58D53DA770-FollowerState] INFO  impl.RoleInfo (RoleInfo.java:updateAndGet(130)) - 73449ac0-f7ab-4a13-95e2-c884dfff8ef3: start 73449ac0-f7ab-4a13-95e2-c884dfff8ef3@group-BE58D53DA770-LeaderElection8
2022-02-07 01:12:17,822 [73449ac0-f7ab-4a13-95e2-c884dfff8ef3@group-5B2583497080-LeaderElection7] INFO  server.RaftServerConfigKeys (ConfUtils.java:logGet(44)) - raft.server.watch.timeout = 180s (custom)
2022-02-07 01:12:17,823 [73449ac0-f7ab-4a13-95e2-c884dfff8ef3@group-5B2583497080-LeaderElection7] INFO  server.RaftServerConfigKeys (ConfUtils.java:logGet(44)) - raft.server.watch.timeout.denomination = 1s (default)
2022-02-07 01:12:17,823 [73449ac0-f7ab-4a13-95e2-c884dfff8ef3@group-5B2583497080-LeaderElection7] INFO  server.RaftServerConfigKeys (ConfUtils.java:logGet(44)) - raft.server.watch.element-limit = 65536 (default)
2022-02-07 01:12:17,823 [73449ac0-f7ab-4a13-95e2-c884dfff8ef3@group-5B2583497080-LeaderElection7] INFO  server.RaftServerConfigKeys (ConfUtils.java:logGet(44)) - raft.server.write.element-limit = 1024 (custom)
2022-02-07 01:12:17,823 [73449ac0-f7ab-4a13-95e2-c884dfff8ef3@group-5B2583497080-LeaderElection7] INFO  server.RaftServerConfigKeys (ConfUtils.java:logGet(44)) - raft.server.write.follower.gap.ratio.max = -1.0 (default)
2022-02-07 01:12:17,824 [73449ac0-f7ab-4a13-95e2-c884dfff8ef3@group-5B2583497080-LeaderElection7] INFO  impl.RoleInfo (RoleInfo.java:updateAndGet(130)) - 73449ac0-f7ab-4a13-95e2-c884dfff8ef3: start 73449ac0-f7ab-4a13-95e2-c884dfff8ef3@group-5B2583497080-LeaderStateImpl
2022-02-07 01:12:17,825 [73449ac0-f7ab-4a13-95e2-c884dfff8ef3@group-5B2583497080-LeaderElection7] INFO  segmented.SegmentedRaftLogWorker (SegmentedRaftLogWorker.java:startLogSegment(394)) - 73449ac0-f7ab-4a13-95e2-c884dfff8ef3@group-5B2583497080-SegmentedRaftLogWorker: Starting segment from index:0
2022-02-07 01:12:17,827 [73449ac0-f7ab-4a13-95e2-c884dfff8ef3@group-5B2583497080-SegmentedRaftLogWorker] INFO  segmented.SegmentedRaftLogWorker (SegmentedRaftLogWorker.java:execute(601)) - 73449ac0-f7ab-4a13-95e2-c884dfff8ef3@group-5B2583497080-SegmentedRaftLogWorker: created new log segment /home/runner/work/ozone/ozone/hadoop-ozone/integration-test/target/test-dir/MiniOzoneClusterImpl-bf974671-0ee4-44cd-a16a-aba150e4f4c7/datanode-0/data/ratis/f23a270c-5d28-4539-aae4-5b2583497080/current/log_inprogress_0
2022-02-07 01:12:17,831 [73449ac0-f7ab-4a13-95e2-c884dfff8ef3@group-5B2583497080-LeaderElection7] INFO  server.RaftServer$Division (ServerState.java:setRaftConf(387)) - 73449ac0-f7ab-4a13-95e2-c884dfff8ef3@group-5B2583497080: set configuration 0: [73449ac0-f7ab-4a13-95e2-c884dfff8ef3|rpc:10.1.0.96:36719|dataStream:|priority:1], old=null
2022-02-07 01:12:17,839 [73449ac0-f7ab-4a13-95e2-c884dfff8ef3@group-BE58D53DA770-LeaderElection8] INFO  impl.LeaderElection (LeaderElection.java:askForVotes(306)) - 73449ac0-f7ab-4a13-95e2-c884dfff8ef3@group-BE58D53DA770-LeaderElection8 ELECTION round 0: submit vote requests at term 1 for -1: [9f9d0b70-d7d3-413f-b2b0-b1a7eeb17962|rpc:10.1.0.96:40481|priority:1, 73449ac0-f7ab-4a13-95e2-c884dfff8ef3|rpc:10.1.0.96:36719|priority:0, ef2c9b8c-8b3b-4184-8870-dd68248b0ad2|rpc:10.1.0.96:43333|priority:0], old=null
2022-02-07 01:12:17,872 [grpc-default-executor-1] INFO  server.RaftServer$Division (RaftServerImpl.java:requestVote(1046)) - 9f9d0b70-d7d3-413f-b2b0-b1a7eeb17962@group-BE58D53DA770: receive requestVote(ELECTION, 73449ac0-f7ab-4a13-95e2-c884dfff8ef3, group-BE58D53DA770, 1, (t:0, i:0))
2022-02-07 01:12:17,874 [grpc-default-executor-1] INFO  impl.VoteContext (VoteContext.java:log(48)) - 9f9d0b70-d7d3-413f-b2b0-b1a7eeb17962@group-BE58D53DA770-FOLLOWER: reject ELECTION from 73449ac0-f7ab-4a13-95e2-c884dfff8ef3: our priority 1 > candidate's priority 0
2022-02-07 01:12:17,874 [grpc-default-executor-1] INFO  server.RaftServer$Division (RaftServerImpl.java:setRole(290)) - 9f9d0b70-d7d3-413f-b2b0-b1a7eeb17962@group-BE58D53DA770: changes role from  FOLLOWER to FOLLOWER at term 1 for candidate:73449ac0-f7ab-4a13-95e2-c884dfff8ef3
2022-02-07 01:12:17,874 [grpc-default-executor-1] INFO  impl.RoleInfo (RoleInfo.java:shutdownFollowerState(108)) - 9f9d0b70-d7d3-413f-b2b0-b1a7eeb17962: shutdown 9f9d0b70-d7d3-413f-b2b0-b1a7eeb17962@group-BE58D53DA770-FollowerState
2022-02-07 01:12:17,874 [9f9d0b70-d7d3-413f-b2b0-b1a7eeb17962@group-BE58D53DA770-FollowerState] INFO  impl.FollowerState (FollowerState.java:run(143)) - 9f9d0b70-d7d3-413f-b2b0-b1a7eeb17962@group-BE58D53DA770-FollowerState was interrupted: {}
java.lang.InterruptedException: sleep interrupted
	at java.lang.Thread.sleep(Native Method)
	at java.lang.Thread.sleep(Thread.java:340)
	at java.util.concurrent.TimeUnit.sleep(TimeUnit.java:386)
	at org.apache.ratis.util.TimeDuration.sleep(TimeDuration.java:324)
	at org.apache.ratis.util.TimeDuration.sleep(TimeDuration.java:309)
	at org.apache.ratis.server.impl.FollowerState.run(FollowerState.java:118)
2022-02-07 01:12:17,875 [grpc-default-executor-1] INFO  impl.RoleInfo (RoleInfo.java:updateAndGet(130)) - 9f9d0b70-d7d3-413f-b2b0-b1a7eeb17962: start 9f9d0b70-d7d3-413f-b2b0-b1a7eeb17962@group-BE58D53DA770-FollowerState
2022-02-07 01:12:17,883 [grpc-default-executor-2] INFO  server.RaftServer$Division (RaftServerImpl.java:requestVote(1046)) - ef2c9b8c-8b3b-4184-8870-dd68248b0ad2@group-BE58D53DA770: receive requestVote(ELECTION, 73449ac0-f7ab-4a13-95e2-c884dfff8ef3, group-BE58D53DA770, 1, (t:0, i:0))
2022-02-07 01:12:17,884 [grpc-default-executor-2] INFO  impl.VoteContext (VoteContext.java:log(48)) - ef2c9b8c-8b3b-4184-8870-dd68248b0ad2@group-BE58D53DA770-FOLLOWER: accept ELECTION from 73449ac0-f7ab-4a13-95e2-c884dfff8ef3: our priority 0 <= candidate's priority 0
2022-02-07 01:12:17,884 [grpc-default-executor-2] INFO  server.RaftServer$Division (RaftServerImpl.java:setRole(290)) - ef2c9b8c-8b3b-4184-8870-dd68248b0ad2@group-BE58D53DA770: changes role from  FOLLOWER to FOLLOWER at term 1 for candidate:73449ac0-f7ab-4a13-95e2-c884dfff8ef3
2022-02-07 01:12:17,884 [grpc-default-executor-2] INFO  impl.RoleInfo (RoleInfo.java:shutdownFollowerState(108)) - ef2c9b8c-8b3b-4184-8870-dd68248b0ad2: shutdown ef2c9b8c-8b3b-4184-8870-dd68248b0ad2@group-BE58D53DA770-FollowerState
2022-02-07 01:12:17,884 [grpc-default-executor-2] INFO  impl.RoleInfo (RoleInfo.java:updateAndGet(130)) - ef2c9b8c-8b3b-4184-8870-dd68248b0ad2: start ef2c9b8c-8b3b-4184-8870-dd68248b0ad2@group-BE58D53DA770-FollowerState
2022-02-07 01:12:17,884 [ef2c9b8c-8b3b-4184-8870-dd68248b0ad2@group-BE58D53DA770-FollowerState] INFO  impl.FollowerState (FollowerState.java:run(143)) - ef2c9b8c-8b3b-4184-8870-dd68248b0ad2@group-BE58D53DA770-FollowerState was interrupted: {}
java.lang.InterruptedException: sleep interrupted
	at java.lang.Thread.sleep(Native Method)
	at java.lang.Thread.sleep(Thread.java:340)
	at java.util.concurrent.TimeUnit.sleep(TimeUnit.java:386)
	at org.apache.ratis.util.TimeDuration.sleep(TimeDuration.java:324)
	at org.apache.ratis.util.TimeDuration.sleep(TimeDuration.java:309)
	at org.apache.ratis.server.impl.FollowerState.run(FollowerState.java:118)
2022-02-07 01:12:17,895 [grpc-default-executor-2] INFO  server.RaftServer$Division (RaftServerImpl.java:requestVote(1078)) - ef2c9b8c-8b3b-4184-8870-dd68248b0ad2@group-BE58D53DA770 replies to ELECTION vote request: 73449ac0-f7ab-4a13-95e2-c884dfff8ef3<-ef2c9b8c-8b3b-4184-8870-dd68248b0ad2#0:OK-t1. Peer's state: ef2c9b8c-8b3b-4184-8870-dd68248b0ad2@group-BE58D53DA770:t1, leader=null, voted=73449ac0-f7ab-4a13-95e2-c884dfff8ef3, raftlog=ef2c9b8c-8b3b-4184-8870-dd68248b0ad2@group-BE58D53DA770-SegmentedRaftLog:OPENED:c-1, conf=-1: [9f9d0b70-d7d3-413f-b2b0-b1a7eeb17962|rpc:10.1.0.96:40481|priority:1, 73449ac0-f7ab-4a13-95e2-c884dfff8ef3|rpc:10.1.0.96:36719|priority:0, ef2c9b8c-8b3b-4184-8870-dd68248b0ad2|rpc:10.1.0.96:43333|priority:0], old=null
2022-02-07 01:12:17,903 [grpc-default-executor-1] INFO  server.RaftServer$Division (RaftServerImpl.java:requestVote(1078)) - 9f9d0b70-d7d3-413f-b2b0-b1a7eeb17962@group-BE58D53DA770 replies to ELECTION vote request: 73449ac0-f7ab-4a13-95e2-c884dfff8ef3<-9f9d0b70-d7d3-413f-b2b0-b1a7eeb17962#0:FAIL-t1. Peer's state: 9f9d0b70-d7d3-413f-b2b0-b1a7eeb17962@group-BE58D53DA770:t1, leader=null, voted=null, raftlog=9f9d0b70-d7d3-413f-b2b0-b1a7eeb17962@group-BE58D53DA770-SegmentedRaftLog:OPENED:c-1, conf=-1: [9f9d0b70-d7d3-413f-b2b0-b1a7eeb17962|rpc:10.1.0.96:40481|priority:1, 73449ac0-f7ab-4a13-95e2-c884dfff8ef3|rpc:10.1.0.96:36719|priority:0, ef2c9b8c-8b3b-4184-8870-dd68248b0ad2|rpc:10.1.0.96:43333|priority:0], old=null
2022-02-07 01:12:17,909 [73449ac0-f7ab-4a13-95e2-c884dfff8ef3@group-BE58D53DA770-LeaderElection8] INFO  impl.LeaderElection (LeaderElection.java:logAndReturn(89)) - 73449ac0-f7ab-4a13-95e2-c884dfff8ef3@group-BE58D53DA770-LeaderElection8: ELECTION REJECTED received 2 response(s) and 0 exception(s):
2022-02-07 01:12:17,909 [73449ac0-f7ab-4a13-95e2-c884dfff8ef3@group-BE58D53DA770-LeaderElection8] INFO  impl.LeaderElection (LeaderElection.java:logAndReturn(93)) -   Response 0: 73449ac0-f7ab-4a13-95e2-c884dfff8ef3<-9f9d0b70-d7d3-413f-b2b0-b1a7eeb17962#0:FAIL-t1
2022-02-07 01:12:17,909 [73449ac0-f7ab-4a13-95e2-c884dfff8ef3@group-BE58D53DA770-LeaderElection8] INFO  impl.LeaderElection (LeaderElection.java:logAndReturn(93)) -   Response 1: 73449ac0-f7ab-4a13-95e2-c884dfff8ef3<-ef2c9b8c-8b3b-4184-8870-dd68248b0ad2#0:OK-t1
2022-02-07 01:12:17,909 [73449ac0-f7ab-4a13-95e2-c884dfff8ef3@group-BE58D53DA770-LeaderElection8] INFO  impl.LeaderElection (LeaderElection.java:askForVotes(308)) - 73449ac0-f7ab-4a13-95e2-c884dfff8ef3@group-BE58D53DA770-LeaderElection8 ELECTION round 0: result REJECTED
2022-02-07 01:12:17,911 [73449ac0-f7ab-4a13-95e2-c884dfff8ef3@group-BE58D53DA770-LeaderElection8] INFO  server.RaftServer$Division (RaftServerImpl.java:setRole(290)) - 73449ac0-f7ab-4a13-95e2-c884dfff8ef3@group-BE58D53DA770: changes role from CANDIDATE to FOLLOWER at term 1 for REJECTED
2022-02-07 01:12:17,911 [73449ac0-f7ab-4a13-95e2-c884dfff8ef3@group-BE58D53DA770-LeaderElection8] INFO  impl.RoleInfo (RoleInfo.java:shutdownLeaderElection(121)) - 73449ac0-f7ab-4a13-95e2-c884dfff8ef3: shutdown 73449ac0-f7ab-4a13-95e2-c884dfff8ef3@group-BE58D53DA770-LeaderElection8
2022-02-07 01:12:17,911 [73449ac0-f7ab-4a13-95e2-c884dfff8ef3@group-BE58D53DA770-LeaderElection8] INFO  impl.RoleInfo (RoleInfo.java:updateAndGet(130)) - 73449ac0-f7ab-4a13-95e2-c884dfff8ef3: start 73449ac0-f7ab-4a13-95e2-c884dfff8ef3@group-BE58D53DA770-FollowerState
2022-02-07 01:12:18,163 [9f9d0b70-d7d3-413f-b2b0-b1a7eeb17962@group-399D0FFE117B-FollowerState] INFO  impl.FollowerState (FollowerState.java:run(134)) - 9f9d0b70-d7d3-413f-b2b0-b1a7eeb17962@group-399D0FFE117B-FollowerState: change to CANDIDATE, lastRpcElapsedTime:5191296167ns, electionTimeout:5180ms
2022-02-07 01:12:18,165 [9f9d0b70-d7d3-413f-b2b0-b1a7eeb17962@group-399D0FFE117B-FollowerState] INFO  impl.RoleInfo (RoleInfo.java:shutdownFollowerState(108)) - 9f9d0b70-d7d3-413f-b2b0-b1a7eeb17962: shutdown 9f9d0b70-d7d3-413f-b2b0-b1a7eeb17962@group-399D0FFE117B-FollowerState
2022-02-07 01:12:18,165 [9f9d0b70-d7d3-413f-b2b0-b1a7eeb17962@group-399D0FFE117B-FollowerState] INFO  server.RaftServer$Division (RaftServerImpl.java:setRole(290)) - 9f9d0b70-d7d3-413f-b2b0-b1a7eeb17962@group-399D0FFE117B: changes role from  FOLLOWER to CANDIDATE at term 0 for changeToCandidate
2022-02-07 01:12:18,166 [9f9d0b70-d7d3-413f-b2b0-b1a7eeb17962@group-399D0FFE117B-FollowerState] INFO  server.RaftServerConfigKeys (ConfUtils.java:logGet(44)) - raft.server.leaderelection.pre-vote = false (custom)
2022-02-07 01:12:18,166 [9f9d0b70-d7d3-413f-b2b0-b1a7eeb17962@group-399D0FFE117B-FollowerState] INFO  impl.RoleInfo (RoleInfo.java:updateAndGet(130)) - 9f9d0b70-d7d3-413f-b2b0-b1a7eeb17962: start 9f9d0b70-d7d3-413f-b2b0-b1a7eeb17962@group-399D0FFE117B-LeaderElection9
2022-02-07 01:12:18,174 [9f9d0b70-d7d3-413f-b2b0-b1a7eeb17962@group-399D0FFE117B-LeaderElection9] INFO  impl.LeaderElection (LeaderElection.java:askForVotes(306)) - 9f9d0b70-d7d3-413f-b2b0-b1a7eeb17962@group-399D0FFE117B-LeaderElection9 ELECTION round 0: submit vote requests at term 1 for -1: [9f9d0b70-d7d3-413f-b2b0-b1a7eeb17962|rpc:10.1.0.96:40481|priority:1], old=null
2022-02-07 01:12:18,174 [9f9d0b70-d7d3-413f-b2b0-b1a7eeb17962@group-399D0FFE117B-LeaderElection9] INFO  impl.LeaderElection (LeaderElection.java:askForVotes(308)) - 9f9d0b70-d7d3-413f-b2b0-b1a7eeb17962@group-399D0FFE117B-LeaderElection9 ELECTION round 0: result PASSED (term=1)
2022-02-07 01:12:18,174 [9f9d0b70-d7d3-413f-b2b0-b1a7eeb17962@group-399D0FFE117B-LeaderElection9] INFO  impl.RoleInfo (RoleInfo.java:shutdownLeaderElection(121)) - 9f9d0b70-d7d3-413f-b2b0-b1a7eeb17962: shutdown 9f9d0b70-d7d3-413f-b2b0-b1a7eeb17962@group-399D0FFE117B-LeaderElection9
2022-02-07 01:12:18,175 [9f9d0b70-d7d3-413f-b2b0-b1a7eeb17962@group-399D0FFE117B-LeaderElection9] INFO  server.RaftServer$Division (RaftServerImpl.java:setRole(290)) - 9f9d0b70-d7d3-413f-b2b0-b1a7eeb17962@group-399D0FFE117B: changes role from CANDIDATE to LEADER at term 1 for changeToLeader
2022-02-07 01:12:18,175 [9f9d0b70-d7d3-413f-b2b0-b1a7eeb17962@group-399D0FFE117B-LeaderElection9] INFO  ratis.XceiverServerRatis (XceiverServerRatis.java:handleLeaderChangedNotification(866)) - Leader change notification received for group: group-399D0FFE117B with new leaderId: 9f9d0b70-d7d3-413f-b2b0-b1a7eeb17962
2022-02-07 01:12:18,177 [EventQueue-OpenPipelineForHealthyPipelineSafeModeRule] INFO  safemode.SCMSafeModeManager (HealthyPipelineSafeModeRule.java:process(124)) - SCM in safe mode. Healthy pipelines reported count is 0, required healthy pipeline reported count is 1
2022-02-07 01:12:18,178 [9f9d0b70-d7d3-413f-b2b0-b1a7eeb17962@group-399D0FFE117B-LeaderElection9] INFO  server.RaftServer$Division (ServerState.java:setLeader(285)) - 9f9d0b70-d7d3-413f-b2b0-b1a7eeb17962@group-399D0FFE117B: change Leader from null to 9f9d0b70-d7d3-413f-b2b0-b1a7eeb17962 at term 1 for becomeLeader, leader elected after 5229ms
2022-02-07 01:12:18,178 [9f9d0b70-d7d3-413f-b2b0-b1a7eeb17962@group-399D0FFE117B-LeaderElection9] INFO  server.RaftServerConfigKeys (ConfUtils.java:logGet(44)) - raft.server.staging.catchup.gap = 1000 (default)
2022-02-07 01:12:18,181 [9f9d0b70-d7d3-413f-b2b0-b1a7eeb17962@group-399D0FFE117B-LeaderElection9] INFO  server.RaftServerConfigKeys (ConfUtils.java:logGet(44)) - raft.server.write.element-limit = 1024 (custom)
2022-02-07 01:12:18,181 [9f9d0b70-d7d3-413f-b2b0-b1a7eeb17962@group-399D0FFE117B-LeaderElection9] INFO  server.RaftServerConfigKeys (ConfUtils.java:logGet(44)) - raft.server.write.byte-limit = 1024 M (=1073741824) (custom)
2022-02-07 01:12:18,181 [9f9d0b70-d7d3-413f-b2b0-b1a7eeb17962@group-399D0FFE117B-LeaderElection9] INFO  server.RaftServerConfigKeys (ConfUtils.java:logGet(44)) - raft.server.watch.timeout = 180s (custom)
2022-02-07 01:12:18,181 [9f9d0b70-d7d3-413f-b2b0-b1a7eeb17962@group-399D0FFE117B-LeaderElection9] INFO  server.RaftServerConfigKeys (ConfUtils.java:logGet(44)) - raft.server.watch.timeout.denomination = 1s (default)
2022-02-07 01:12:18,182 [9f9d0b70-d7d3-413f-b2b0-b1a7eeb17962@group-399D0FFE117B-LeaderElection9] INFO  server.RaftServerConfigKeys (ConfUtils.java:logGet(44)) - raft.server.watch.element-limit = 65536 (default)
2022-02-07 01:12:18,182 [9f9d0b70-d7d3-413f-b2b0-b1a7eeb17962@group-399D0FFE117B-LeaderElection9] INFO  server.RaftServerConfigKeys (ConfUtils.java:logGet(44)) - raft.server.write.element-limit = 1024 (custom)
2022-02-07 01:12:18,182 [9f9d0b70-d7d3-413f-b2b0-b1a7eeb17962@group-399D0FFE117B-LeaderElection9] INFO  server.RaftServerConfigKeys (ConfUtils.java:logGet(44)) - raft.server.write.follower.gap.ratio.max = -1.0 (default)
2022-02-07 01:12:18,182 [9f9d0b70-d7d3-413f-b2b0-b1a7eeb17962@group-399D0FFE117B-LeaderElection9] INFO  impl.RoleInfo (RoleInfo.java:updateAndGet(130)) - 9f9d0b70-d7d3-413f-b2b0-b1a7eeb17962: start 9f9d0b70-d7d3-413f-b2b0-b1a7eeb17962@group-399D0FFE117B-LeaderStateImpl
2022-02-07 01:12:18,183 [9f9d0b70-d7d3-413f-b2b0-b1a7eeb17962@group-399D0FFE117B-LeaderElection9] INFO  segmented.SegmentedRaftLogWorker (SegmentedRaftLogWorker.java:startLogSegment(394)) - 9f9d0b70-d7d3-413f-b2b0-b1a7eeb17962@group-399D0FFE117B-SegmentedRaftLogWorker: Starting segment from index:0
2022-02-07 01:12:18,184 [9f9d0b70-d7d3-413f-b2b0-b1a7eeb17962@group-399D0FFE117B-SegmentedRaftLogWorker] INFO  segmented.SegmentedRaftLogWorker (SegmentedRaftLogWorker.java:execute(601)) - 9f9d0b70-d7d3-413f-b2b0-b1a7eeb17962@group-399D0FFE117B-SegmentedRaftLogWorker: created new log segment /home/runner/work/ozone/ozone/hadoop-ozone/integration-test/target/test-dir/MiniOzoneClusterImpl-bf974671-0ee4-44cd-a16a-aba150e4f4c7/datanode-1/data/ratis/fbf27227-d23f-4283-ba4e-399d0ffe117b/current/log_inprogress_0
2022-02-07 01:12:18,186 [9f9d0b70-d7d3-413f-b2b0-b1a7eeb17962@group-399D0FFE117B-LeaderElection9] INFO  server.RaftServer$Division (ServerState.java:setRaftConf(387)) - 9f9d0b70-d7d3-413f-b2b0-b1a7eeb17962@group-399D0FFE117B: set configuration 0: [9f9d0b70-d7d3-413f-b2b0-b1a7eeb17962|rpc:10.1.0.96:40481|dataStream:|priority:1], old=null
2022-02-07 01:12:18,186 [Listener at 127.0.0.1/33291] INFO  ozone.MiniOzoneClusterImpl (MiniOzoneClusterImpl.java:lambda$waitForClusterToBeReady$0(219)) - Nodes are ready. Got 3 of 3 DN Heartbeats.
2022-02-07 01:12:18,187 [Listener at 127.0.0.1/33291] INFO  ozone.MiniOzoneClusterImpl (MiniOzoneClusterImpl.java:lambda$waitForClusterToBeReady$0(222)) - Waiting for cluster to exit safe mode
2022-02-07 01:12:18,187 [Listener at 127.0.0.1/33291] INFO  ozone.MiniOzoneClusterImpl (MiniOzoneClusterImpl.java:lambda$waitForClusterToBeReady$0(224)) - SCM became leader
2022-02-07 01:12:18,437 [ef2c9b8c-8b3b-4184-8870-dd68248b0ad2@group-E47898148BC9-FollowerState] INFO  impl.FollowerState (FollowerState.java:run(134)) - ef2c9b8c-8b3b-4184-8870-dd68248b0ad2@group-E47898148BC9-FollowerState: change to CANDIDATE, lastRpcElapsedTime:5129434371ns, electionTimeout:5113ms
2022-02-07 01:12:18,437 [ef2c9b8c-8b3b-4184-8870-dd68248b0ad2@group-E47898148BC9-FollowerState] INFO  impl.RoleInfo (RoleInfo.java:shutdownFollowerState(108)) - ef2c9b8c-8b3b-4184-8870-dd68248b0ad2: shutdown ef2c9b8c-8b3b-4184-8870-dd68248b0ad2@group-E47898148BC9-FollowerState
2022-02-07 01:12:18,437 [ef2c9b8c-8b3b-4184-8870-dd68248b0ad2@group-E47898148BC9-FollowerState] INFO  server.RaftServer$Division (RaftServerImpl.java:setRole(290)) - ef2c9b8c-8b3b-4184-8870-dd68248b0ad2@group-E47898148BC9: changes role from  FOLLOWER to CANDIDATE at term 0 for changeToCandidate
2022-02-07 01:12:18,438 [ef2c9b8c-8b3b-4184-8870-dd68248b0ad2@group-E47898148BC9-FollowerState] INFO  server.RaftServerConfigKeys (ConfUtils.java:logGet(44)) - raft.server.leaderelection.pre-vote = false (custom)
2022-02-07 01:12:18,438 [ef2c9b8c-8b3b-4184-8870-dd68248b0ad2@group-E47898148BC9-FollowerState] INFO  impl.RoleInfo (RoleInfo.java:updateAndGet(130)) - ef2c9b8c-8b3b-4184-8870-dd68248b0ad2: start ef2c9b8c-8b3b-4184-8870-dd68248b0ad2@group-E47898148BC9-LeaderElection10
2022-02-07 01:12:18,445 [ef2c9b8c-8b3b-4184-8870-dd68248b0ad2@group-E47898148BC9-LeaderElection10] INFO  impl.LeaderElection (LeaderElection.java:askForVotes(306)) - ef2c9b8c-8b3b-4184-8870-dd68248b0ad2@group-E47898148BC9-LeaderElection10 ELECTION round 0: submit vote requests at term 1 for -1: [ef2c9b8c-8b3b-4184-8870-dd68248b0ad2|rpc:10.1.0.96:43333|priority:1], old=null
2022-02-07 01:12:18,446 [ef2c9b8c-8b3b-4184-8870-dd68248b0ad2@group-E47898148BC9-LeaderElection10] INFO  impl.LeaderElection (LeaderElection.java:askForVotes(308)) - ef2c9b8c-8b3b-4184-8870-dd68248b0ad2@group-E47898148BC9-LeaderElection10 ELECTION round 0: result PASSED (term=1)
2022-02-07 01:12:18,446 [ef2c9b8c-8b3b-4184-8870-dd68248b0ad2@group-E47898148BC9-LeaderElection10] INFO  impl.RoleInfo (RoleInfo.java:shutdownLeaderElection(121)) - ef2c9b8c-8b3b-4184-8870-dd68248b0ad2: shutdown ef2c9b8c-8b3b-4184-8870-dd68248b0ad2@group-E47898148BC9-LeaderElection10
2022-02-07 01:12:18,446 [ef2c9b8c-8b3b-4184-8870-dd68248b0ad2@group-E47898148BC9-LeaderElection10] INFO  server.RaftServer$Division (RaftServerImpl.java:setRole(290)) - ef2c9b8c-8b3b-4184-8870-dd68248b0ad2@group-E47898148BC9: changes role from CANDIDATE to LEADER at term 1 for changeToLeader
2022-02-07 01:12:18,446 [ef2c9b8c-8b3b-4184-8870-dd68248b0ad2@group-E47898148BC9-LeaderElection10] INFO  ratis.XceiverServerRatis (XceiverServerRatis.java:handleLeaderChangedNotification(866)) - Leader change notification received for group: group-E47898148BC9 with new leaderId: ef2c9b8c-8b3b-4184-8870-dd68248b0ad2
2022-02-07 01:12:18,449 [EventQueue-OpenPipelineForHealthyPipelineSafeModeRule] INFO  safemode.SCMSafeModeManager (HealthyPipelineSafeModeRule.java:process(124)) - SCM in safe mode. Healthy pipelines reported count is 0, required healthy pipeline reported count is 1
2022-02-07 01:12:18,450 [ef2c9b8c-8b3b-4184-8870-dd68248b0ad2@group-E47898148BC9-LeaderElection10] INFO  server.RaftServer$Division (ServerState.java:setLeader(285)) - ef2c9b8c-8b3b-4184-8870-dd68248b0ad2@group-E47898148BC9: change Leader from null to ef2c9b8c-8b3b-4184-8870-dd68248b0ad2 at term 1 for becomeLeader, leader elected after 5166ms
2022-02-07 01:12:18,451 [ef2c9b8c-8b3b-4184-8870-dd68248b0ad2@group-E47898148BC9-LeaderElection10] INFO  server.RaftServerConfigKeys (ConfUtils.java:logGet(44)) - raft.server.staging.catchup.gap = 1000 (default)
2022-02-07 01:12:18,452 [ef2c9b8c-8b3b-4184-8870-dd68248b0ad2@group-E47898148BC9-LeaderElection10] INFO  server.RaftServerConfigKeys (ConfUtils.java:logGet(44)) - raft.server.write.element-limit = 1024 (custom)
2022-02-07 01:12:18,452 [ef2c9b8c-8b3b-4184-8870-dd68248b0ad2@group-E47898148BC9-LeaderElection10] INFO  server.RaftServerConfigKeys (ConfUtils.java:logGet(44)) - raft.server.write.byte-limit = 1024 M (=1073741824) (custom)
2022-02-07 01:12:18,452 [ef2c9b8c-8b3b-4184-8870-dd68248b0ad2@group-E47898148BC9-LeaderElection10] INFO  server.RaftServerConfigKeys (ConfUtils.java:logGet(44)) - raft.server.watch.timeout = 180s (custom)
2022-02-07 01:12:18,452 [ef2c9b8c-8b3b-4184-8870-dd68248b0ad2@group-E47898148BC9-LeaderElection10] INFO  server.RaftServerConfigKeys (ConfUtils.java:logGet(44)) - raft.server.watch.timeout.denomination = 1s (default)
2022-02-07 01:12:18,453 [ef2c9b8c-8b3b-4184-8870-dd68248b0ad2@group-E47898148BC9-LeaderElection10] INFO  server.RaftServerConfigKeys (ConfUtils.java:logGet(44)) - raft.server.watch.element-limit = 65536 (default)
2022-02-07 01:12:18,453 [ef2c9b8c-8b3b-4184-8870-dd68248b0ad2@group-E47898148BC9-LeaderElection10] INFO  server.RaftServerConfigKeys (ConfUtils.java:logGet(44)) - raft.server.write.element-limit = 1024 (custom)
2022-02-07 01:12:18,453 [ef2c9b8c-8b3b-4184-8870-dd68248b0ad2@group-E47898148BC9-LeaderElection10] INFO  server.RaftServerConfigKeys (ConfUtils.java:logGet(44)) - raft.server.write.follower.gap.ratio.max = -1.0 (default)
2022-02-07 01:12:18,453 [ef2c9b8c-8b3b-4184-8870-dd68248b0ad2@group-E47898148BC9-LeaderElection10] INFO  impl.RoleInfo (RoleInfo.java:updateAndGet(130)) - ef2c9b8c-8b3b-4184-8870-dd68248b0ad2: start ef2c9b8c-8b3b-4184-8870-dd68248b0ad2@group-E47898148BC9-LeaderStateImpl
2022-02-07 01:12:18,453 [ef2c9b8c-8b3b-4184-8870-dd68248b0ad2@group-E47898148BC9-LeaderElection10] INFO  segmented.SegmentedRaftLogWorker (SegmentedRaftLogWorker.java:startLogSegment(394)) - ef2c9b8c-8b3b-4184-8870-dd68248b0ad2@group-E47898148BC9-SegmentedRaftLogWorker: Starting segment from index:0
2022-02-07 01:12:18,459 [ef2c9b8c-8b3b-4184-8870-dd68248b0ad2@group-E47898148BC9-LeaderElection10] INFO  server.RaftServer$Division (ServerState.java:setRaftConf(387)) - ef2c9b8c-8b3b-4184-8870-dd68248b0ad2@group-E47898148BC9: set configuration 0: [ef2c9b8c-8b3b-4184-8870-dd68248b0ad2|rpc:10.1.0.96:43333|dataStream:|priority:1], old=null
2022-02-07 01:12:18,459 [ef2c9b8c-8b3b-4184-8870-dd68248b0ad2@group-E47898148BC9-SegmentedRaftLogWorker] INFO  segmented.SegmentedRaftLogWorker (SegmentedRaftLogWorker.java:execute(601)) - ef2c9b8c-8b3b-4184-8870-dd68248b0ad2@group-E47898148BC9-SegmentedRaftLogWorker: created new log segment /home/runner/work/ozone/ozone/hadoop-ozone/integration-test/target/test-dir/MiniOzoneClusterImpl-bf974671-0ee4-44cd-a16a-aba150e4f4c7/datanode-2/data/ratis/e4a05495-a327-4d7c-9936-e47898148bc9/current/log_inprogress_0
2022-02-07 01:12:19,191 [Listener at 127.0.0.1/33291] INFO  ozone.MiniOzoneClusterImpl (MiniOzoneClusterImpl.java:lambda$waitForClusterToBeReady$0(219)) - Nodes are ready. Got 3 of 3 DN Heartbeats.
2022-02-07 01:12:19,191 [Listener at 127.0.0.1/33291] INFO  ozone.MiniOzoneClusterImpl (MiniOzoneClusterImpl.java:lambda$waitForClusterToBeReady$0(222)) - Waiting for cluster to exit safe mode
2022-02-07 01:12:19,191 [Listener at 127.0.0.1/33291] INFO  ozone.MiniOzoneClusterImpl (MiniOzoneClusterImpl.java:lambda$waitForClusterToBeReady$0(224)) - SCM became leader
2022-02-07 01:12:20,191 [Listener at 127.0.0.1/33291] INFO  ozone.MiniOzoneClusterImpl (MiniOzoneClusterImpl.java:lambda$waitForClusterToBeReady$0(219)) - Nodes are ready. Got 3 of 3 DN Heartbeats.
2022-02-07 01:12:20,191 [Listener at 127.0.0.1/33291] INFO  ozone.MiniOzoneClusterImpl (MiniOzoneClusterImpl.java:lambda$waitForClusterToBeReady$0(222)) - Waiting for cluster to exit safe mode
2022-02-07 01:12:20,191 [Listener at 127.0.0.1/33291] INFO  ozone.MiniOzoneClusterImpl (MiniOzoneClusterImpl.java:lambda$waitForClusterToBeReady$0(224)) - SCM became leader
2022-02-07 01:12:21,191 [Listener at 127.0.0.1/33291] INFO  ozone.MiniOzoneClusterImpl (MiniOzoneClusterImpl.java:lambda$waitForClusterToBeReady$0(219)) - Nodes are ready. Got 3 of 3 DN Heartbeats.
2022-02-07 01:12:21,192 [Listener at 127.0.0.1/33291] INFO  ozone.MiniOzoneClusterImpl (MiniOzoneClusterImpl.java:lambda$waitForClusterToBeReady$0(222)) - Waiting for cluster to exit safe mode
2022-02-07 01:12:21,192 [Listener at 127.0.0.1/33291] INFO  ozone.MiniOzoneClusterImpl (MiniOzoneClusterImpl.java:lambda$waitForClusterToBeReady$0(224)) - SCM became leader
2022-02-07 01:12:22,192 [Listener at 127.0.0.1/33291] INFO  ozone.MiniOzoneClusterImpl (MiniOzoneClusterImpl.java:lambda$waitForClusterToBeReady$0(219)) - Nodes are ready. Got 3 of 3 DN Heartbeats.
2022-02-07 01:12:22,192 [Listener at 127.0.0.1/33291] INFO  ozone.MiniOzoneClusterImpl (MiniOzoneClusterImpl.java:lambda$waitForClusterToBeReady$0(222)) - Waiting for cluster to exit safe mode
2022-02-07 01:12:22,192 [Listener at 127.0.0.1/33291] INFO  ozone.MiniOzoneClusterImpl (MiniOzoneClusterImpl.java:lambda$waitForClusterToBeReady$0(224)) - SCM became leader
2022-02-07 01:12:22,954 [73449ac0-f7ab-4a13-95e2-c884dfff8ef3@group-BE58D53DA770-FollowerState] INFO  impl.FollowerState (FollowerState.java:run(134)) - 73449ac0-f7ab-4a13-95e2-c884dfff8ef3@group-BE58D53DA770-FollowerState: change to CANDIDATE, lastRpcElapsedTime:5043417251ns, electionTimeout:5042ms
2022-02-07 01:12:22,954 [73449ac0-f7ab-4a13-95e2-c884dfff8ef3@group-BE58D53DA770-FollowerState] INFO  impl.RoleInfo (RoleInfo.java:shutdownFollowerState(108)) - 73449ac0-f7ab-4a13-95e2-c884dfff8ef3: shutdown 73449ac0-f7ab-4a13-95e2-c884dfff8ef3@group-BE58D53DA770-FollowerState
2022-02-07 01:12:22,955 [73449ac0-f7ab-4a13-95e2-c884dfff8ef3@group-BE58D53DA770-FollowerState] INFO  server.RaftServer$Division (RaftServerImpl.java:setRole(290)) - 73449ac0-f7ab-4a13-95e2-c884dfff8ef3@group-BE58D53DA770: changes role from  FOLLOWER to CANDIDATE at term 1 for changeToCandidate
2022-02-07 01:12:22,955 [73449ac0-f7ab-4a13-95e2-c884dfff8ef3@group-BE58D53DA770-FollowerState] INFO  server.RaftServerConfigKeys (ConfUtils.java:logGet(44)) - raft.server.leaderelection.pre-vote = false (custom)
2022-02-07 01:12:22,955 [73449ac0-f7ab-4a13-95e2-c884dfff8ef3@group-BE58D53DA770-FollowerState] INFO  impl.RoleInfo (RoleInfo.java:updateAndGet(130)) - 73449ac0-f7ab-4a13-95e2-c884dfff8ef3: start 73449ac0-f7ab-4a13-95e2-c884dfff8ef3@group-BE58D53DA770-LeaderElection11
2022-02-07 01:12:22,961 [73449ac0-f7ab-4a13-95e2-c884dfff8ef3@group-BE58D53DA770-LeaderElection11] INFO  impl.LeaderElection (LeaderElection.java:askForVotes(306)) - 73449ac0-f7ab-4a13-95e2-c884dfff8ef3@group-BE58D53DA770-LeaderElection11 ELECTION round 0: submit vote requests at term 2 for -1: [9f9d0b70-d7d3-413f-b2b0-b1a7eeb17962|rpc:10.1.0.96:40481|priority:1, 73449ac0-f7ab-4a13-95e2-c884dfff8ef3|rpc:10.1.0.96:36719|priority:0, ef2c9b8c-8b3b-4184-8870-dd68248b0ad2|rpc:10.1.0.96:43333|priority:0], old=null
2022-02-07 01:12:22,969 [grpc-default-executor-1] INFO  server.RaftServer$Division (RaftServerImpl.java:requestVote(1046)) - 9f9d0b70-d7d3-413f-b2b0-b1a7eeb17962@group-BE58D53DA770: receive requestVote(ELECTION, 73449ac0-f7ab-4a13-95e2-c884dfff8ef3, group-BE58D53DA770, 2, (t:0, i:0))
2022-02-07 01:12:22,969 [grpc-default-executor-1] INFO  impl.VoteContext (VoteContext.java:log(48)) - 9f9d0b70-d7d3-413f-b2b0-b1a7eeb17962@group-BE58D53DA770-FOLLOWER: reject ELECTION from 73449ac0-f7ab-4a13-95e2-c884dfff8ef3: our priority 1 > candidate's priority 0
2022-02-07 01:12:22,969 [grpc-default-executor-1] INFO  server.RaftServer$Division (RaftServerImpl.java:setRole(290)) - 9f9d0b70-d7d3-413f-b2b0-b1a7eeb17962@group-BE58D53DA770: changes role from  FOLLOWER to FOLLOWER at term 2 for candidate:73449ac0-f7ab-4a13-95e2-c884dfff8ef3
2022-02-07 01:12:22,969 [grpc-default-executor-1] INFO  impl.RoleInfo (RoleInfo.java:shutdownFollowerState(108)) - 9f9d0b70-d7d3-413f-b2b0-b1a7eeb17962: shutdown 9f9d0b70-d7d3-413f-b2b0-b1a7eeb17962@group-BE58D53DA770-FollowerState
2022-02-07 01:12:22,969 [grpc-default-executor-1] INFO  impl.RoleInfo (RoleInfo.java:updateAndGet(130)) - 9f9d0b70-d7d3-413f-b2b0-b1a7eeb17962: start 9f9d0b70-d7d3-413f-b2b0-b1a7eeb17962@group-BE58D53DA770-FollowerState
2022-02-07 01:12:22,969 [9f9d0b70-d7d3-413f-b2b0-b1a7eeb17962@group-BE58D53DA770-FollowerState] INFO  impl.FollowerState (FollowerState.java:run(143)) - 9f9d0b70-d7d3-413f-b2b0-b1a7eeb17962@group-BE58D53DA770-FollowerState was interrupted: {}
java.lang.InterruptedException: sleep interrupted
	at java.lang.Thread.sleep(Native Method)
	at java.lang.Thread.sleep(Thread.java:340)
	at java.util.concurrent.TimeUnit.sleep(TimeUnit.java:386)
	at org.apache.ratis.util.TimeDuration.sleep(TimeDuration.java:324)
	at org.apache.ratis.util.TimeDuration.sleep(TimeDuration.java:309)
	at org.apache.ratis.server.impl.FollowerState.run(FollowerState.java:118)
2022-02-07 01:12:22,971 [grpc-default-executor-2] INFO  server.RaftServer$Division (RaftServerImpl.java:requestVote(1046)) - ef2c9b8c-8b3b-4184-8870-dd68248b0ad2@group-BE58D53DA770: receive requestVote(ELECTION, 73449ac0-f7ab-4a13-95e2-c884dfff8ef3, group-BE58D53DA770, 2, (t:0, i:0))
2022-02-07 01:12:22,971 [grpc-default-executor-2] INFO  impl.VoteContext (VoteContext.java:log(48)) - ef2c9b8c-8b3b-4184-8870-dd68248b0ad2@group-BE58D53DA770-FOLLOWER: accept ELECTION from 73449ac0-f7ab-4a13-95e2-c884dfff8ef3: our priority 0 <= candidate's priority 0
2022-02-07 01:12:22,971 [grpc-default-executor-2] INFO  server.RaftServer$Division (RaftServerImpl.java:setRole(290)) - ef2c9b8c-8b3b-4184-8870-dd68248b0ad2@group-BE58D53DA770: changes role from  FOLLOWER to FOLLOWER at term 2 for candidate:73449ac0-f7ab-4a13-95e2-c884dfff8ef3
2022-02-07 01:12:22,971 [grpc-default-executor-2] INFO  impl.RoleInfo (RoleInfo.java:shutdownFollowerState(108)) - ef2c9b8c-8b3b-4184-8870-dd68248b0ad2: shutdown ef2c9b8c-8b3b-4184-8870-dd68248b0ad2@group-BE58D53DA770-FollowerState
2022-02-07 01:12:22,971 [grpc-default-executor-2] INFO  impl.RoleInfo (RoleInfo.java:updateAndGet(130)) - ef2c9b8c-8b3b-4184-8870-dd68248b0ad2: start ef2c9b8c-8b3b-4184-8870-dd68248b0ad2@group-BE58D53DA770-FollowerState
2022-02-07 01:12:22,971 [ef2c9b8c-8b3b-4184-8870-dd68248b0ad2@group-BE58D53DA770-FollowerState] INFO  impl.FollowerState (FollowerState.java:run(143)) - ef2c9b8c-8b3b-4184-8870-dd68248b0ad2@group-BE58D53DA770-FollowerState was interrupted: {}
java.lang.InterruptedException: sleep interrupted
	at java.lang.Thread.sleep(Native Method)
	at java.lang.Thread.sleep(Thread.java:340)
	at java.util.concurrent.TimeUnit.sleep(TimeUnit.java:386)
	at org.apache.ratis.util.TimeDuration.sleep(TimeDuration.java:324)
	at org.apache.ratis.util.TimeDuration.sleep(TimeDuration.java:309)
	at org.apache.ratis.server.impl.FollowerState.run(FollowerState.java:118)
2022-02-07 01:12:22,972 [grpc-default-executor-1] INFO  server.RaftServer$Division (RaftServerImpl.java:requestVote(1078)) - 9f9d0b70-d7d3-413f-b2b0-b1a7eeb17962@group-BE58D53DA770 replies to ELECTION vote request: 73449ac0-f7ab-4a13-95e2-c884dfff8ef3<-9f9d0b70-d7d3-413f-b2b0-b1a7eeb17962#0:FAIL-t2. Peer's state: 9f9d0b70-d7d3-413f-b2b0-b1a7eeb17962@group-BE58D53DA770:t2, leader=null, voted=null, raftlog=9f9d0b70-d7d3-413f-b2b0-b1a7eeb17962@group-BE58D53DA770-SegmentedRaftLog:OPENED:c-1, conf=-1: [9f9d0b70-d7d3-413f-b2b0-b1a7eeb17962|rpc:10.1.0.96:40481|priority:1, 73449ac0-f7ab-4a13-95e2-c884dfff8ef3|rpc:10.1.0.96:36719|priority:0, ef2c9b8c-8b3b-4184-8870-dd68248b0ad2|rpc:10.1.0.96:43333|priority:0], old=null
2022-02-07 01:12:22,975 [grpc-default-executor-2] INFO  server.RaftServer$Division (RaftServerImpl.java:requestVote(1078)) - ef2c9b8c-8b3b-4184-8870-dd68248b0ad2@group-BE58D53DA770 replies to ELECTION vote request: 73449ac0-f7ab-4a13-95e2-c884dfff8ef3<-ef2c9b8c-8b3b-4184-8870-dd68248b0ad2#0:OK-t2. Peer's state: ef2c9b8c-8b3b-4184-8870-dd68248b0ad2@group-BE58D53DA770:t2, leader=null, voted=73449ac0-f7ab-4a13-95e2-c884dfff8ef3, raftlog=ef2c9b8c-8b3b-4184-8870-dd68248b0ad2@group-BE58D53DA770-SegmentedRaftLog:OPENED:c-1, conf=-1: [9f9d0b70-d7d3-413f-b2b0-b1a7eeb17962|rpc:10.1.0.96:40481|priority:1, 73449ac0-f7ab-4a13-95e2-c884dfff8ef3|rpc:10.1.0.96:36719|priority:0, ef2c9b8c-8b3b-4184-8870-dd68248b0ad2|rpc:10.1.0.96:43333|priority:0], old=null
2022-02-07 01:12:22,977 [73449ac0-f7ab-4a13-95e2-c884dfff8ef3@group-BE58D53DA770-LeaderElection11] INFO  impl.LeaderElection (LeaderElection.java:logAndReturn(89)) - 73449ac0-f7ab-4a13-95e2-c884dfff8ef3@group-BE58D53DA770-LeaderElection11: ELECTION REJECTED received 1 response(s) and 0 exception(s):
2022-02-07 01:12:22,980 [73449ac0-f7ab-4a13-95e2-c884dfff8ef3@group-BE58D53DA770-LeaderElection11] INFO  impl.LeaderElection (LeaderElection.java:logAndReturn(93)) -   Response 0: 73449ac0-f7ab-4a13-95e2-c884dfff8ef3<-9f9d0b70-d7d3-413f-b2b0-b1a7eeb17962#0:FAIL-t2
2022-02-07 01:12:22,980 [73449ac0-f7ab-4a13-95e2-c884dfff8ef3@group-BE58D53DA770-LeaderElection11] INFO  impl.LeaderElection (LeaderElection.java:askForVotes(308)) - 73449ac0-f7ab-4a13-95e2-c884dfff8ef3@group-BE58D53DA770-LeaderElection11 ELECTION round 0: result REJECTED
2022-02-07 01:12:22,980 [73449ac0-f7ab-4a13-95e2-c884dfff8ef3@group-BE58D53DA770-LeaderElection11] INFO  server.RaftServer$Division (RaftServerImpl.java:setRole(290)) - 73449ac0-f7ab-4a13-95e2-c884dfff8ef3@group-BE58D53DA770: changes role from CANDIDATE to FOLLOWER at term 2 for REJECTED
2022-02-07 01:12:22,981 [73449ac0-f7ab-4a13-95e2-c884dfff8ef3@group-BE58D53DA770-LeaderElection11] INFO  impl.RoleInfo (RoleInfo.java:shutdownLeaderElection(121)) - 73449ac0-f7ab-4a13-95e2-c884dfff8ef3: shutdown 73449ac0-f7ab-4a13-95e2-c884dfff8ef3@group-BE58D53DA770-LeaderElection11
2022-02-07 01:12:22,981 [73449ac0-f7ab-4a13-95e2-c884dfff8ef3@group-BE58D53DA770-LeaderElection11] INFO  impl.RoleInfo (RoleInfo.java:updateAndGet(130)) - 73449ac0-f7ab-4a13-95e2-c884dfff8ef3: start 73449ac0-f7ab-4a13-95e2-c884dfff8ef3@group-BE58D53DA770-FollowerState
2022-02-07 01:12:23,193 [Listener at 127.0.0.1/33291] INFO  ozone.MiniOzoneClusterImpl (MiniOzoneClusterImpl.java:lambda$waitForClusterToBeReady$0(219)) - Nodes are ready. Got 3 of 3 DN Heartbeats.
2022-02-07 01:12:23,194 [Listener at 127.0.0.1/33291] INFO  ozone.MiniOzoneClusterImpl (MiniOzoneClusterImpl.java:lambda$waitForClusterToBeReady$0(222)) - Waiting for cluster to exit safe mode
2022-02-07 01:12:23,194 [Listener at 127.0.0.1/33291] INFO  ozone.MiniOzoneClusterImpl (MiniOzoneClusterImpl.java:lambda$waitForClusterToBeReady$0(224)) - SCM became leader
2022-02-07 01:12:24,194 [Listener at 127.0.0.1/33291] INFO  ozone.MiniOzoneClusterImpl (MiniOzoneClusterImpl.java:lambda$waitForClusterToBeReady$0(219)) - Nodes are ready. Got 3 of 3 DN Heartbeats.
2022-02-07 01:12:24,194 [Listener at 127.0.0.1/33291] INFO  ozone.MiniOzoneClusterImpl (MiniOzoneClusterImpl.java:lambda$waitForClusterToBeReady$0(222)) - Waiting for cluster to exit safe mode
2022-02-07 01:12:24,194 [Listener at 127.0.0.1/33291] INFO  ozone.MiniOzoneClusterImpl (MiniOzoneClusterImpl.java:lambda$waitForClusterToBeReady$0(224)) - SCM became leader
2022-02-07 01:12:25,194 [Listener at 127.0.0.1/33291] INFO  ozone.MiniOzoneClusterImpl (MiniOzoneClusterImpl.java:lambda$waitForClusterToBeReady$0(219)) - Nodes are ready. Got 3 of 3 DN Heartbeats.
2022-02-07 01:12:25,194 [Listener at 127.0.0.1/33291] INFO  ozone.MiniOzoneClusterImpl (MiniOzoneClusterImpl.java:lambda$waitForClusterToBeReady$0(222)) - Waiting for cluster to exit safe mode
2022-02-07 01:12:25,195 [Listener at 127.0.0.1/33291] INFO  ozone.MiniOzoneClusterImpl (MiniOzoneClusterImpl.java:lambda$waitForClusterToBeReady$0(224)) - SCM became leader
2022-02-07 01:12:26,195 [Listener at 127.0.0.1/33291] INFO  ozone.MiniOzoneClusterImpl (MiniOzoneClusterImpl.java:lambda$waitForClusterToBeReady$0(219)) - Nodes are ready. Got 3 of 3 DN Heartbeats.
2022-02-07 01:12:26,195 [Listener at 127.0.0.1/33291] INFO  ozone.MiniOzoneClusterImpl (MiniOzoneClusterImpl.java:lambda$waitForClusterToBeReady$0(222)) - Waiting for cluster to exit safe mode
2022-02-07 01:12:26,195 [Listener at 127.0.0.1/33291] INFO  ozone.MiniOzoneClusterImpl (MiniOzoneClusterImpl.java:lambda$waitForClusterToBeReady$0(224)) - SCM became leader
2022-02-07 01:12:27,196 [Listener at 127.0.0.1/33291] INFO  ozone.MiniOzoneClusterImpl (MiniOzoneClusterImpl.java:lambda$waitForClusterToBeReady$0(219)) - Nodes are ready. Got 3 of 3 DN Heartbeats.
2022-02-07 01:12:27,196 [Listener at 127.0.0.1/33291] INFO  ozone.MiniOzoneClusterImpl (MiniOzoneClusterImpl.java:lambda$waitForClusterToBeReady$0(222)) - Waiting for cluster to exit safe mode
2022-02-07 01:12:27,196 [Listener at 127.0.0.1/33291] INFO  ozone.MiniOzoneClusterImpl (MiniOzoneClusterImpl.java:lambda$waitForClusterToBeReady$0(224)) - SCM became leader
2022-02-07 01:12:27,992 [ef2c9b8c-8b3b-4184-8870-dd68248b0ad2@group-BE58D53DA770-FollowerState] INFO  impl.FollowerState (FollowerState.java:run(134)) - ef2c9b8c-8b3b-4184-8870-dd68248b0ad2@group-BE58D53DA770-FollowerState: change to CANDIDATE, lastRpcElapsedTime:5017002201ns, electionTimeout:5014ms
2022-02-07 01:12:27,993 [ef2c9b8c-8b3b-4184-8870-dd68248b0ad2@group-BE58D53DA770-FollowerState] INFO  impl.RoleInfo (RoleInfo.java:shutdownFollowerState(108)) - ef2c9b8c-8b3b-4184-8870-dd68248b0ad2: shutdown ef2c9b8c-8b3b-4184-8870-dd68248b0ad2@group-BE58D53DA770-FollowerState
2022-02-07 01:12:27,993 [ef2c9b8c-8b3b-4184-8870-dd68248b0ad2@group-BE58D53DA770-FollowerState] INFO  server.RaftServer$Division (RaftServerImpl.java:setRole(290)) - ef2c9b8c-8b3b-4184-8870-dd68248b0ad2@group-BE58D53DA770: changes role from  FOLLOWER to CANDIDATE at term 2 for changeToCandidate
2022-02-07 01:12:27,993 [ef2c9b8c-8b3b-4184-8870-dd68248b0ad2@group-BE58D53DA770-FollowerState] INFO  server.RaftServerConfigKeys (ConfUtils.java:logGet(44)) - raft.server.leaderelection.pre-vote = false (custom)
2022-02-07 01:12:27,993 [ef2c9b8c-8b3b-4184-8870-dd68248b0ad2@group-BE58D53DA770-FollowerState] INFO  impl.RoleInfo (RoleInfo.java:updateAndGet(130)) - ef2c9b8c-8b3b-4184-8870-dd68248b0ad2: start ef2c9b8c-8b3b-4184-8870-dd68248b0ad2@group-BE58D53DA770-LeaderElection12
2022-02-07 01:12:27,997 [ef2c9b8c-8b3b-4184-8870-dd68248b0ad2@group-BE58D53DA770-LeaderElection12] INFO  impl.LeaderElection (LeaderElection.java:askForVotes(306)) - ef2c9b8c-8b3b-4184-8870-dd68248b0ad2@group-BE58D53DA770-LeaderElection12 ELECTION round 0: submit vote requests at term 3 for -1: [9f9d0b70-d7d3-413f-b2b0-b1a7eeb17962|rpc:10.1.0.96:40481|priority:1, 73449ac0-f7ab-4a13-95e2-c884dfff8ef3|rpc:10.1.0.96:36719|priority:0, ef2c9b8c-8b3b-4184-8870-dd68248b0ad2|rpc:10.1.0.96:43333|priority:0], old=null
2022-02-07 01:12:28,008 [grpc-default-executor-2] INFO  server.RaftServer$Division (RaftServerImpl.java:requestVote(1046)) - 9f9d0b70-d7d3-413f-b2b0-b1a7eeb17962@group-BE58D53DA770: receive requestVote(ELECTION, ef2c9b8c-8b3b-4184-8870-dd68248b0ad2, group-BE58D53DA770, 3, (t:0, i:0))
2022-02-07 01:12:28,012 [grpc-default-executor-2] INFO  impl.VoteContext (VoteContext.java:log(48)) - 9f9d0b70-d7d3-413f-b2b0-b1a7eeb17962@group-BE58D53DA770-FOLLOWER: reject ELECTION from ef2c9b8c-8b3b-4184-8870-dd68248b0ad2: our priority 1 > candidate's priority 0
2022-02-07 01:12:28,012 [grpc-default-executor-2] INFO  server.RaftServer$Division (RaftServerImpl.java:setRole(290)) - 9f9d0b70-d7d3-413f-b2b0-b1a7eeb17962@group-BE58D53DA770: changes role from  FOLLOWER to FOLLOWER at term 3 for candidate:ef2c9b8c-8b3b-4184-8870-dd68248b0ad2
2022-02-07 01:12:28,013 [grpc-default-executor-2] INFO  impl.RoleInfo (RoleInfo.java:shutdownFollowerState(108)) - 9f9d0b70-d7d3-413f-b2b0-b1a7eeb17962: shutdown 9f9d0b70-d7d3-413f-b2b0-b1a7eeb17962@group-BE58D53DA770-FollowerState
2022-02-07 01:12:28,013 [grpc-default-executor-2] INFO  impl.RoleInfo (RoleInfo.java:updateAndGet(130)) - 9f9d0b70-d7d3-413f-b2b0-b1a7eeb17962: start 9f9d0b70-d7d3-413f-b2b0-b1a7eeb17962@group-BE58D53DA770-FollowerState
2022-02-07 01:12:28,013 [9f9d0b70-d7d3-413f-b2b0-b1a7eeb17962@group-BE58D53DA770-FollowerState] INFO  impl.FollowerState (FollowerState.java:run(143)) - 9f9d0b70-d7d3-413f-b2b0-b1a7eeb17962@group-BE58D53DA770-FollowerState was interrupted: {}
java.lang.InterruptedException: sleep interrupted
	at java.lang.Thread.sleep(Native Method)
	at java.lang.Thread.sleep(Thread.java:340)
	at java.util.concurrent.TimeUnit.sleep(TimeUnit.java:386)
	at org.apache.ratis.util.TimeDuration.sleep(TimeDuration.java:324)
	at org.apache.ratis.util.TimeDuration.sleep(TimeDuration.java:309)
	at org.apache.ratis.server.impl.FollowerState.run(FollowerState.java:118)
2022-02-07 01:12:28,015 [grpc-default-executor-2] INFO  server.RaftServer$Division (RaftServerImpl.java:requestVote(1078)) - 9f9d0b70-d7d3-413f-b2b0-b1a7eeb17962@group-BE58D53DA770 replies to ELECTION vote request: ef2c9b8c-8b3b-4184-8870-dd68248b0ad2<-9f9d0b70-d7d3-413f-b2b0-b1a7eeb17962#0:FAIL-t3. Peer's state: 9f9d0b70-d7d3-413f-b2b0-b1a7eeb17962@group-BE58D53DA770:t3, leader=null, voted=null, raftlog=9f9d0b70-d7d3-413f-b2b0-b1a7eeb17962@group-BE58D53DA770-SegmentedRaftLog:OPENED:c-1, conf=-1: [9f9d0b70-d7d3-413f-b2b0-b1a7eeb17962|rpc:10.1.0.96:40481|priority:1, 73449ac0-f7ab-4a13-95e2-c884dfff8ef3|rpc:10.1.0.96:36719|priority:0, ef2c9b8c-8b3b-4184-8870-dd68248b0ad2|rpc:10.1.0.96:43333|priority:0], old=null
2022-02-07 01:12:28,016 [ef2c9b8c-8b3b-4184-8870-dd68248b0ad2@group-BE58D53DA770-LeaderElection12] INFO  impl.LeaderElection (LeaderElection.java:logAndReturn(89)) - ef2c9b8c-8b3b-4184-8870-dd68248b0ad2@group-BE58D53DA770-LeaderElection12: ELECTION REJECTED received 1 response(s) and 0 exception(s):
2022-02-07 01:12:28,016 [ef2c9b8c-8b3b-4184-8870-dd68248b0ad2@group-BE58D53DA770-LeaderElection12] INFO  impl.LeaderElection (LeaderElection.java:logAndReturn(93)) -   Response 0: ef2c9b8c-8b3b-4184-8870-dd68248b0ad2<-9f9d0b70-d7d3-413f-b2b0-b1a7eeb17962#0:FAIL-t3
2022-02-07 01:12:28,017 [ef2c9b8c-8b3b-4184-8870-dd68248b0ad2@group-BE58D53DA770-LeaderElection12] INFO  impl.LeaderElection (LeaderElection.java:askForVotes(308)) - ef2c9b8c-8b3b-4184-8870-dd68248b0ad2@group-BE58D53DA770-LeaderElection12 ELECTION round 0: result REJECTED
2022-02-07 01:12:28,017 [ef2c9b8c-8b3b-4184-8870-dd68248b0ad2@group-BE58D53DA770-LeaderElection12] INFO  server.RaftServer$Division (RaftServerImpl.java:setRole(290)) - ef2c9b8c-8b3b-4184-8870-dd68248b0ad2@group-BE58D53DA770: changes role from CANDIDATE to FOLLOWER at term 3 for REJECTED
2022-02-07 01:12:28,017 [ef2c9b8c-8b3b-4184-8870-dd68248b0ad2@group-BE58D53DA770-LeaderElection12] INFO  impl.RoleInfo (RoleInfo.java:shutdownLeaderElection(121)) - ef2c9b8c-8b3b-4184-8870-dd68248b0ad2: shutdown ef2c9b8c-8b3b-4184-8870-dd68248b0ad2@group-BE58D53DA770-LeaderElection12
2022-02-07 01:12:28,017 [ef2c9b8c-8b3b-4184-8870-dd68248b0ad2@group-BE58D53DA770-LeaderElection12] INFO  impl.RoleInfo (RoleInfo.java:updateAndGet(130)) - ef2c9b8c-8b3b-4184-8870-dd68248b0ad2: start ef2c9b8c-8b3b-4184-8870-dd68248b0ad2@group-BE58D53DA770-FollowerState
2022-02-07 01:12:28,039 [grpc-default-executor-1] INFO  server.RaftServer$Division (RaftServerImpl.java:requestVote(1046)) - 73449ac0-f7ab-4a13-95e2-c884dfff8ef3@group-BE58D53DA770: receive requestVote(ELECTION, ef2c9b8c-8b3b-4184-8870-dd68248b0ad2, group-BE58D53DA770, 3, (t:0, i:0))
2022-02-07 01:12:28,040 [grpc-default-executor-1] INFO  impl.VoteContext (VoteContext.java:log(48)) - 73449ac0-f7ab-4a13-95e2-c884dfff8ef3@group-BE58D53DA770-FOLLOWER: accept ELECTION from ef2c9b8c-8b3b-4184-8870-dd68248b0ad2: our priority 0 <= candidate's priority 0
2022-02-07 01:12:28,040 [grpc-default-executor-1] INFO  server.RaftServer$Division (RaftServerImpl.java:setRole(290)) - 73449ac0-f7ab-4a13-95e2-c884dfff8ef3@group-BE58D53DA770: changes role from  FOLLOWER to FOLLOWER at term 3 for candidate:ef2c9b8c-8b3b-4184-8870-dd68248b0ad2
2022-02-07 01:12:28,040 [grpc-default-executor-1] INFO  impl.RoleInfo (RoleInfo.java:shutdownFollowerState(108)) - 73449ac0-f7ab-4a13-95e2-c884dfff8ef3: shutdown 73449ac0-f7ab-4a13-95e2-c884dfff8ef3@group-BE58D53DA770-FollowerState
2022-02-07 01:12:28,041 [grpc-default-executor-1] INFO  impl.RoleInfo (RoleInfo.java:updateAndGet(130)) - 73449ac0-f7ab-4a13-95e2-c884dfff8ef3: start 73449ac0-f7ab-4a13-95e2-c884dfff8ef3@group-BE58D53DA770-FollowerState
2022-02-07 01:12:28,041 [73449ac0-f7ab-4a13-95e2-c884dfff8ef3@group-BE58D53DA770-FollowerState] INFO  impl.FollowerState (FollowerState.java:run(143)) - 73449ac0-f7ab-4a13-95e2-c884dfff8ef3@group-BE58D53DA770-FollowerState was interrupted: {}
java.lang.InterruptedException: sleep interrupted
	at java.lang.Thread.sleep(Native Method)
	at java.lang.Thread.sleep(Thread.java:340)
	at java.util.concurrent.TimeUnit.sleep(TimeUnit.java:386)
	at org.apache.ratis.util.TimeDuration.sleep(TimeDuration.java:324)
	at org.apache.ratis.util.TimeDuration.sleep(TimeDuration.java:309)
	at org.apache.ratis.server.impl.FollowerState.run(FollowerState.java:118)
2022-02-07 01:12:28,048 [grpc-default-executor-1] INFO  server.RaftServer$Division (RaftServerImpl.java:requestVote(1078)) - 73449ac0-f7ab-4a13-95e2-c884dfff8ef3@group-BE58D53DA770 replies to ELECTION vote request: ef2c9b8c-8b3b-4184-8870-dd68248b0ad2<-73449ac0-f7ab-4a13-95e2-c884dfff8ef3#0:OK-t3. Peer's state: 73449ac0-f7ab-4a13-95e2-c884dfff8ef3@group-BE58D53DA770:t3, leader=null, voted=ef2c9b8c-8b3b-4184-8870-dd68248b0ad2, raftlog=73449ac0-f7ab-4a13-95e2-c884dfff8ef3@group-BE58D53DA770-SegmentedRaftLog:OPENED:c-1, conf=-1: [9f9d0b70-d7d3-413f-b2b0-b1a7eeb17962|rpc:10.1.0.96:40481|priority:1, 73449ac0-f7ab-4a13-95e2-c884dfff8ef3|rpc:10.1.0.96:36719|priority:0, ef2c9b8c-8b3b-4184-8870-dd68248b0ad2|rpc:10.1.0.96:43333|priority:0], old=null
2022-02-07 01:12:28,196 [Listener at 127.0.0.1/33291] INFO  ozone.MiniOzoneClusterImpl (MiniOzoneClusterImpl.java:lambda$waitForClusterToBeReady$0(219)) - Nodes are ready. Got 3 of 3 DN Heartbeats.
2022-02-07 01:12:28,196 [Listener at 127.0.0.1/33291] INFO  ozone.MiniOzoneClusterImpl (MiniOzoneClusterImpl.java:lambda$waitForClusterToBeReady$0(222)) - Waiting for cluster to exit safe mode
2022-02-07 01:12:28,196 [Listener at 127.0.0.1/33291] INFO  ozone.MiniOzoneClusterImpl (MiniOzoneClusterImpl.java:lambda$waitForClusterToBeReady$0(224)) - SCM became leader
2022-02-07 01:12:29,197 [Listener at 127.0.0.1/33291] INFO  ozone.MiniOzoneClusterImpl (MiniOzoneClusterImpl.java:lambda$waitForClusterToBeReady$0(219)) - Nodes are ready. Got 3 of 3 DN Heartbeats.
2022-02-07 01:12:29,197 [Listener at 127.0.0.1/33291] INFO  ozone.MiniOzoneClusterImpl (MiniOzoneClusterImpl.java:lambda$waitForClusterToBeReady$0(222)) - Waiting for cluster to exit safe mode
2022-02-07 01:12:29,197 [Listener at 127.0.0.1/33291] INFO  ozone.MiniOzoneClusterImpl (MiniOzoneClusterImpl.java:lambda$waitForClusterToBeReady$0(224)) - SCM became leader
2022-02-07 01:12:30,197 [Listener at 127.0.0.1/33291] INFO  ozone.MiniOzoneClusterImpl (MiniOzoneClusterImpl.java:lambda$waitForClusterToBeReady$0(219)) - Nodes are ready. Got 3 of 3 DN Heartbeats.
2022-02-07 01:12:30,197 [Listener at 127.0.0.1/33291] INFO  ozone.MiniOzoneClusterImpl (MiniOzoneClusterImpl.java:lambda$waitForClusterToBeReady$0(222)) - Waiting for cluster to exit safe mode
2022-02-07 01:12:30,197 [Listener at 127.0.0.1/33291] INFO  ozone.MiniOzoneClusterImpl (MiniOzoneClusterImpl.java:lambda$waitForClusterToBeReady$0(224)) - SCM became leader
2022-02-07 01:12:31,198 [Listener at 127.0.0.1/33291] INFO  ozone.MiniOzoneClusterImpl (MiniOzoneClusterImpl.java:lambda$waitForClusterToBeReady$0(219)) - Nodes are ready. Got 3 of 3 DN Heartbeats.
2022-02-07 01:12:31,198 [Listener at 127.0.0.1/33291] INFO  ozone.MiniOzoneClusterImpl (MiniOzoneClusterImpl.java:lambda$waitForClusterToBeReady$0(222)) - Waiting for cluster to exit safe mode
2022-02-07 01:12:31,198 [Listener at 127.0.0.1/33291] INFO  ozone.MiniOzoneClusterImpl (MiniOzoneClusterImpl.java:lambda$waitForClusterToBeReady$0(224)) - SCM became leader
2022-02-07 01:12:32,198 [Listener at 127.0.0.1/33291] INFO  ozone.MiniOzoneClusterImpl (MiniOzoneClusterImpl.java:lambda$waitForClusterToBeReady$0(219)) - Nodes are ready. Got 3 of 3 DN Heartbeats.
2022-02-07 01:12:32,198 [Listener at 127.0.0.1/33291] INFO  ozone.MiniOzoneClusterImpl (MiniOzoneClusterImpl.java:lambda$waitForClusterToBeReady$0(222)) - Waiting for cluster to exit safe mode
2022-02-07 01:12:32,199 [Listener at 127.0.0.1/33291] INFO  ozone.MiniOzoneClusterImpl (MiniOzoneClusterImpl.java:lambda$waitForClusterToBeReady$0(224)) - SCM became leader
2022-02-07 01:12:33,112 [73449ac0-f7ab-4a13-95e2-c884dfff8ef3@group-BE58D53DA770-FollowerState] INFO  impl.FollowerState (FollowerState.java:run(134)) - 73449ac0-f7ab-4a13-95e2-c884dfff8ef3@group-BE58D53DA770-FollowerState: change to CANDIDATE, lastRpcElapsedTime:5064158913ns, electionTimeout:5064ms
2022-02-07 01:12:33,113 [73449ac0-f7ab-4a13-95e2-c884dfff8ef3@group-BE58D53DA770-FollowerState] INFO  impl.RoleInfo (RoleInfo.java:shutdownFollowerState(108)) - 73449ac0-f7ab-4a13-95e2-c884dfff8ef3: shutdown 73449ac0-f7ab-4a13-95e2-c884dfff8ef3@group-BE58D53DA770-FollowerState
2022-02-07 01:12:33,114 [73449ac0-f7ab-4a13-95e2-c884dfff8ef3@group-BE58D53DA770-FollowerState] INFO  server.RaftServer$Division (RaftServerImpl.java:setRole(290)) - 73449ac0-f7ab-4a13-95e2-c884dfff8ef3@group-BE58D53DA770: changes role from  FOLLOWER to CANDIDATE at term 3 for changeToCandidate
2022-02-07 01:12:33,114 [73449ac0-f7ab-4a13-95e2-c884dfff8ef3@group-BE58D53DA770-FollowerState] INFO  server.RaftServerConfigKeys (ConfUtils.java:logGet(44)) - raft.server.leaderelection.pre-vote = false (custom)
2022-02-07 01:12:33,114 [73449ac0-f7ab-4a13-95e2-c884dfff8ef3@group-BE58D53DA770-FollowerState] INFO  impl.RoleInfo (RoleInfo.java:updateAndGet(130)) - 73449ac0-f7ab-4a13-95e2-c884dfff8ef3: start 73449ac0-f7ab-4a13-95e2-c884dfff8ef3@group-BE58D53DA770-LeaderElection13
2022-02-07 01:12:33,122 [73449ac0-f7ab-4a13-95e2-c884dfff8ef3@group-BE58D53DA770-LeaderElection13] INFO  impl.LeaderElection (LeaderElection.java:askForVotes(306)) - 73449ac0-f7ab-4a13-95e2-c884dfff8ef3@group-BE58D53DA770-LeaderElection13 ELECTION round 0: submit vote requests at term 4 for -1: [9f9d0b70-d7d3-413f-b2b0-b1a7eeb17962|rpc:10.1.0.96:40481|priority:1, 73449ac0-f7ab-4a13-95e2-c884dfff8ef3|rpc:10.1.0.96:36719|priority:0, ef2c9b8c-8b3b-4184-8870-dd68248b0ad2|rpc:10.1.0.96:43333|priority:0], old=null
2022-02-07 01:12:33,131 [grpc-default-executor-1] INFO  server.RaftServer$Division (RaftServerImpl.java:requestVote(1046)) - 9f9d0b70-d7d3-413f-b2b0-b1a7eeb17962@group-BE58D53DA770: receive requestVote(ELECTION, 73449ac0-f7ab-4a13-95e2-c884dfff8ef3, group-BE58D53DA770, 4, (t:0, i:0))
2022-02-07 01:12:33,131 [grpc-default-executor-1] INFO  impl.VoteContext (VoteContext.java:log(48)) - 9f9d0b70-d7d3-413f-b2b0-b1a7eeb17962@group-BE58D53DA770-FOLLOWER: reject ELECTION from 73449ac0-f7ab-4a13-95e2-c884dfff8ef3: our priority 1 > candidate's priority 0
2022-02-07 01:12:33,131 [grpc-default-executor-1] INFO  server.RaftServer$Division (RaftServerImpl.java:setRole(290)) - 9f9d0b70-d7d3-413f-b2b0-b1a7eeb17962@group-BE58D53DA770: changes role from  FOLLOWER to FOLLOWER at term 4 for candidate:73449ac0-f7ab-4a13-95e2-c884dfff8ef3
2022-02-07 01:12:33,131 [grpc-default-executor-1] INFO  impl.RoleInfo (RoleInfo.java:shutdownFollowerState(108)) - 9f9d0b70-d7d3-413f-b2b0-b1a7eeb17962: shutdown 9f9d0b70-d7d3-413f-b2b0-b1a7eeb17962@group-BE58D53DA770-FollowerState
2022-02-07 01:12:33,131 [grpc-default-executor-1] INFO  impl.RoleInfo (RoleInfo.java:updateAndGet(130)) - 9f9d0b70-d7d3-413f-b2b0-b1a7eeb17962: start 9f9d0b70-d7d3-413f-b2b0-b1a7eeb17962@group-BE58D53DA770-FollowerState
2022-02-07 01:12:33,132 [9f9d0b70-d7d3-413f-b2b0-b1a7eeb17962@group-BE58D53DA770-FollowerState] INFO  impl.FollowerState (FollowerState.java:run(143)) - 9f9d0b70-d7d3-413f-b2b0-b1a7eeb17962@group-BE58D53DA770-FollowerState was interrupted: {}
java.lang.InterruptedException: sleep interrupted
	at java.lang.Thread.sleep(Native Method)
	at java.lang.Thread.sleep(Thread.java:340)
	at java.util.concurrent.TimeUnit.sleep(TimeUnit.java:386)
	at org.apache.ratis.util.TimeDuration.sleep(TimeDuration.java:324)
	at org.apache.ratis.util.TimeDuration.sleep(TimeDuration.java:309)
	at org.apache.ratis.server.impl.FollowerState.run(FollowerState.java:118)
2022-02-07 01:12:33,134 [ef2c9b8c-8b3b-4184-8870-dd68248b0ad2@group-BE58D53DA770-FollowerState] INFO  impl.FollowerState (FollowerState.java:run(134)) - ef2c9b8c-8b3b-4184-8870-dd68248b0ad2@group-BE58D53DA770-FollowerState: change to CANDIDATE, lastRpcElapsedTime:5116524541ns, electionTimeout:5107ms
2022-02-07 01:12:33,134 [ef2c9b8c-8b3b-4184-8870-dd68248b0ad2@group-BE58D53DA770-FollowerState] INFO  impl.RoleInfo (RoleInfo.java:shutdownFollowerState(108)) - ef2c9b8c-8b3b-4184-8870-dd68248b0ad2: shutdown ef2c9b8c-8b3b-4184-8870-dd68248b0ad2@group-BE58D53DA770-FollowerState
2022-02-07 01:12:33,134 [ef2c9b8c-8b3b-4184-8870-dd68248b0ad2@group-BE58D53DA770-FollowerState] INFO  server.RaftServer$Division (RaftServerImpl.java:setRole(290)) - ef2c9b8c-8b3b-4184-8870-dd68248b0ad2@group-BE58D53DA770: changes role from  FOLLOWER to CANDIDATE at term 3 for changeToCandidate
2022-02-07 01:12:33,135 [ef2c9b8c-8b3b-4184-8870-dd68248b0ad2@group-BE58D53DA770-FollowerState] INFO  server.RaftServerConfigKeys (ConfUtils.java:logGet(44)) - raft.server.leaderelection.pre-vote = false (custom)
2022-02-07 01:12:33,135 [ef2c9b8c-8b3b-4184-8870-dd68248b0ad2@group-BE58D53DA770-FollowerState] INFO  impl.RoleInfo (RoleInfo.java:updateAndGet(130)) - ef2c9b8c-8b3b-4184-8870-dd68248b0ad2: start ef2c9b8c-8b3b-4184-8870-dd68248b0ad2@group-BE58D53DA770-LeaderElection14
2022-02-07 01:12:33,137 [grpc-default-executor-1] INFO  server.RaftServer$Division (RaftServerImpl.java:requestVote(1078)) - 9f9d0b70-d7d3-413f-b2b0-b1a7eeb17962@group-BE58D53DA770 replies to ELECTION vote request: 73449ac0-f7ab-4a13-95e2-c884dfff8ef3<-9f9d0b70-d7d3-413f-b2b0-b1a7eeb17962#0:FAIL-t4. Peer's state: 9f9d0b70-d7d3-413f-b2b0-b1a7eeb17962@group-BE58D53DA770:t4, leader=null, voted=null, raftlog=9f9d0b70-d7d3-413f-b2b0-b1a7eeb17962@group-BE58D53DA770-SegmentedRaftLog:OPENED:c-1, conf=-1: [9f9d0b70-d7d3-413f-b2b0-b1a7eeb17962|rpc:10.1.0.96:40481|priority:1, 73449ac0-f7ab-4a13-95e2-c884dfff8ef3|rpc:10.1.0.96:36719|priority:0, ef2c9b8c-8b3b-4184-8870-dd68248b0ad2|rpc:10.1.0.96:43333|priority:0], old=null
2022-02-07 01:12:33,144 [grpc-default-executor-2] INFO  server.RaftServer$Division (RaftServerImpl.java:requestVote(1046)) - ef2c9b8c-8b3b-4184-8870-dd68248b0ad2@group-BE58D53DA770: receive requestVote(ELECTION, 73449ac0-f7ab-4a13-95e2-c884dfff8ef3, group-BE58D53DA770, 4, (t:0, i:0))
2022-02-07 01:12:33,144 [grpc-default-executor-2] INFO  impl.VoteContext (VoteContext.java:log(48)) - ef2c9b8c-8b3b-4184-8870-dd68248b0ad2@group-BE58D53DA770-CANDIDATE: accept ELECTION from 73449ac0-f7ab-4a13-95e2-c884dfff8ef3: our priority 0 <= candidate's priority 0
2022-02-07 01:12:33,144 [grpc-default-executor-2] INFO  server.RaftServer$Division (RaftServerImpl.java:setRole(290)) - ef2c9b8c-8b3b-4184-8870-dd68248b0ad2@group-BE58D53DA770: changes role from CANDIDATE to FOLLOWER at term 4 for candidate:73449ac0-f7ab-4a13-95e2-c884dfff8ef3
2022-02-07 01:12:33,144 [grpc-default-executor-2] INFO  impl.RoleInfo (RoleInfo.java:shutdownLeaderElection(121)) - ef2c9b8c-8b3b-4184-8870-dd68248b0ad2: shutdown ef2c9b8c-8b3b-4184-8870-dd68248b0ad2@group-BE58D53DA770-LeaderElection14
2022-02-07 01:12:33,144 [grpc-default-executor-2] INFO  impl.RoleInfo (RoleInfo.java:updateAndGet(130)) - ef2c9b8c-8b3b-4184-8870-dd68248b0ad2: start ef2c9b8c-8b3b-4184-8870-dd68248b0ad2@group-BE58D53DA770-FollowerState
2022-02-07 01:12:33,148 [73449ac0-f7ab-4a13-95e2-c884dfff8ef3@group-BE58D53DA770-LeaderElection13] INFO  impl.LeaderElection (LeaderElection.java:logAndReturn(89)) - 73449ac0-f7ab-4a13-95e2-c884dfff8ef3@group-BE58D53DA770-LeaderElection13: ELECTION REJECTED received 1 response(s) and 0 exception(s):
2022-02-07 01:12:33,149 [73449ac0-f7ab-4a13-95e2-c884dfff8ef3@group-BE58D53DA770-LeaderElection13] INFO  impl.LeaderElection (LeaderElection.java:logAndReturn(93)) -   Response 0: 73449ac0-f7ab-4a13-95e2-c884dfff8ef3<-9f9d0b70-d7d3-413f-b2b0-b1a7eeb17962#0:FAIL-t4
2022-02-07 01:12:33,148 [grpc-default-executor-2] INFO  server.RaftServer$Division (RaftServerImpl.java:requestVote(1078)) - ef2c9b8c-8b3b-4184-8870-dd68248b0ad2@group-BE58D53DA770 replies to ELECTION vote request: 73449ac0-f7ab-4a13-95e2-c884dfff8ef3<-ef2c9b8c-8b3b-4184-8870-dd68248b0ad2#0:OK-t4. Peer's state: ef2c9b8c-8b3b-4184-8870-dd68248b0ad2@group-BE58D53DA770:t4, leader=null, voted=73449ac0-f7ab-4a13-95e2-c884dfff8ef3, raftlog=ef2c9b8c-8b3b-4184-8870-dd68248b0ad2@group-BE58D53DA770-SegmentedRaftLog:OPENED:c-1, conf=-1: [9f9d0b70-d7d3-413f-b2b0-b1a7eeb17962|rpc:10.1.0.96:40481|priority:1, 73449ac0-f7ab-4a13-95e2-c884dfff8ef3|rpc:10.1.0.96:36719|priority:0, ef2c9b8c-8b3b-4184-8870-dd68248b0ad2|rpc:10.1.0.96:43333|priority:0], old=null
2022-02-07 01:12:33,149 [73449ac0-f7ab-4a13-95e2-c884dfff8ef3@group-BE58D53DA770-LeaderElection13] INFO  impl.LeaderElection (LeaderElection.java:askForVotes(308)) - 73449ac0-f7ab-4a13-95e2-c884dfff8ef3@group-BE58D53DA770-LeaderElection13 ELECTION round 0: result REJECTED
2022-02-07 01:12:33,149 [73449ac0-f7ab-4a13-95e2-c884dfff8ef3@group-BE58D53DA770-LeaderElection13] INFO  server.RaftServer$Division (RaftServerImpl.java:setRole(290)) - 73449ac0-f7ab-4a13-95e2-c884dfff8ef3@group-BE58D53DA770: changes role from CANDIDATE to FOLLOWER at term 4 for REJECTED
2022-02-07 01:12:33,149 [73449ac0-f7ab-4a13-95e2-c884dfff8ef3@group-BE58D53DA770-LeaderElection13] INFO  impl.RoleInfo (RoleInfo.java:shutdownLeaderElection(121)) - 73449ac0-f7ab-4a13-95e2-c884dfff8ef3: shutdown 73449ac0-f7ab-4a13-95e2-c884dfff8ef3@group-BE58D53DA770-LeaderElection13
2022-02-07 01:12:33,149 [73449ac0-f7ab-4a13-95e2-c884dfff8ef3@group-BE58D53DA770-LeaderElection13] INFO  impl.RoleInfo (RoleInfo.java:updateAndGet(130)) - 73449ac0-f7ab-4a13-95e2-c884dfff8ef3: start 73449ac0-f7ab-4a13-95e2-c884dfff8ef3@group-BE58D53DA770-FollowerState
2022-02-07 01:12:33,150 [ef2c9b8c-8b3b-4184-8870-dd68248b0ad2@group-BE58D53DA770-LeaderElection14] INFO  impl.LeaderElection (LeaderElection.java:run(230)) - ef2c9b8c-8b3b-4184-8870-dd68248b0ad2@group-BE58D53DA770-LeaderElection14: skip running since this is already CLOSING
2022-02-07 01:12:33,199 [Listener at 127.0.0.1/33291] INFO  ozone.MiniOzoneClusterImpl (MiniOzoneClusterImpl.java:lambda$waitForClusterToBeReady$0(219)) - Nodes are ready. Got 3 of 3 DN Heartbeats.
2022-02-07 01:12:33,199 [Listener at 127.0.0.1/33291] INFO  ozone.MiniOzoneClusterImpl (MiniOzoneClusterImpl.java:lambda$waitForClusterToBeReady$0(222)) - Waiting for cluster to exit safe mode
2022-02-07 01:12:33,199 [Listener at 127.0.0.1/33291] INFO  ozone.MiniOzoneClusterImpl (MiniOzoneClusterImpl.java:lambda$waitForClusterToBeReady$0(224)) - SCM became leader
2022-02-07 01:12:34,199 [Listener at 127.0.0.1/33291] INFO  ozone.MiniOzoneClusterImpl (MiniOzoneClusterImpl.java:lambda$waitForClusterToBeReady$0(219)) - Nodes are ready. Got 3 of 3 DN Heartbeats.
2022-02-07 01:12:34,199 [Listener at 127.0.0.1/33291] INFO  ozone.MiniOzoneClusterImpl (MiniOzoneClusterImpl.java:lambda$waitForClusterToBeReady$0(222)) - Waiting for cluster to exit safe mode
2022-02-07 01:12:34,199 [Listener at 127.0.0.1/33291] INFO  ozone.MiniOzoneClusterImpl (MiniOzoneClusterImpl.java:lambda$waitForClusterToBeReady$0(224)) - SCM became leader
2022-02-07 01:12:35,200 [Listener at 127.0.0.1/33291] INFO  ozone.MiniOzoneClusterImpl (MiniOzoneClusterImpl.java:lambda$waitForClusterToBeReady$0(219)) - Nodes are ready. Got 3 of 3 DN Heartbeats.
2022-02-07 01:12:35,200 [Listener at 127.0.0.1/33291] INFO  ozone.MiniOzoneClusterImpl (MiniOzoneClusterImpl.java:lambda$waitForClusterToBeReady$0(222)) - Waiting for cluster to exit safe mode
2022-02-07 01:12:35,200 [Listener at 127.0.0.1/33291] INFO  ozone.MiniOzoneClusterImpl (MiniOzoneClusterImpl.java:lambda$waitForClusterToBeReady$0(224)) - SCM became leader
2022-02-07 01:12:36,200 [Listener at 127.0.0.1/33291] INFO  ozone.MiniOzoneClusterImpl (MiniOzoneClusterImpl.java:lambda$waitForClusterToBeReady$0(219)) - Nodes are ready. Got 3 of 3 DN Heartbeats.
2022-02-07 01:12:36,200 [Listener at 127.0.0.1/33291] INFO  ozone.MiniOzoneClusterImpl (MiniOzoneClusterImpl.java:lambda$waitForClusterToBeReady$0(222)) - Waiting for cluster to exit safe mode
2022-02-07 01:12:36,201 [Listener at 127.0.0.1/33291] INFO  ozone.MiniOzoneClusterImpl (MiniOzoneClusterImpl.java:lambda$waitForClusterToBeReady$0(224)) - SCM became leader
2022-02-07 01:12:37,201 [Listener at 127.0.0.1/33291] INFO  ozone.MiniOzoneClusterImpl (MiniOzoneClusterImpl.java:lambda$waitForClusterToBeReady$0(219)) - Nodes are ready. Got 3 of 3 DN Heartbeats.
2022-02-07 01:12:37,201 [Listener at 127.0.0.1/33291] INFO  ozone.MiniOzoneClusterImpl (MiniOzoneClusterImpl.java:lambda$waitForClusterToBeReady$0(222)) - Waiting for cluster to exit safe mode
2022-02-07 01:12:37,201 [Listener at 127.0.0.1/33291] INFO  ozone.MiniOzoneClusterImpl (MiniOzoneClusterImpl.java:lambda$waitForClusterToBeReady$0(224)) - SCM became leader
2022-02-07 01:12:38,161 [ef2c9b8c-8b3b-4184-8870-dd68248b0ad2@group-BE58D53DA770-FollowerState] INFO  impl.FollowerState (FollowerState.java:run(134)) - ef2c9b8c-8b3b-4184-8870-dd68248b0ad2@group-BE58D53DA770-FollowerState: change to CANDIDATE, lastRpcElapsedTime:5012163007ns, electionTimeout:5010ms
2022-02-07 01:12:38,161 [ef2c9b8c-8b3b-4184-8870-dd68248b0ad2@group-BE58D53DA770-FollowerState] INFO  impl.RoleInfo (RoleInfo.java:shutdownFollowerState(108)) - ef2c9b8c-8b3b-4184-8870-dd68248b0ad2: shutdown ef2c9b8c-8b3b-4184-8870-dd68248b0ad2@group-BE58D53DA770-FollowerState
2022-02-07 01:12:38,161 [ef2c9b8c-8b3b-4184-8870-dd68248b0ad2@group-BE58D53DA770-FollowerState] INFO  server.RaftServer$Division (RaftServerImpl.java:setRole(290)) - ef2c9b8c-8b3b-4184-8870-dd68248b0ad2@group-BE58D53DA770: changes role from  FOLLOWER to CANDIDATE at term 4 for changeToCandidate
2022-02-07 01:12:38,161 [ef2c9b8c-8b3b-4184-8870-dd68248b0ad2@group-BE58D53DA770-FollowerState] INFO  server.RaftServerConfigKeys (ConfUtils.java:logGet(44)) - raft.server.leaderelection.pre-vote = false (custom)
2022-02-07 01:12:38,161 [ef2c9b8c-8b3b-4184-8870-dd68248b0ad2@group-BE58D53DA770-FollowerState] INFO  impl.RoleInfo (RoleInfo.java:updateAndGet(130)) - ef2c9b8c-8b3b-4184-8870-dd68248b0ad2: start ef2c9b8c-8b3b-4184-8870-dd68248b0ad2@group-BE58D53DA770-LeaderElection15
2022-02-07 01:12:38,170 [ef2c9b8c-8b3b-4184-8870-dd68248b0ad2@group-BE58D53DA770-LeaderElection15] INFO  impl.LeaderElection (LeaderElection.java:askForVotes(306)) - ef2c9b8c-8b3b-4184-8870-dd68248b0ad2@group-BE58D53DA770-LeaderElection15 ELECTION round 0: submit vote requests at term 5 for -1: [9f9d0b70-d7d3-413f-b2b0-b1a7eeb17962|rpc:10.1.0.96:40481|priority:1, 73449ac0-f7ab-4a13-95e2-c884dfff8ef3|rpc:10.1.0.96:36719|priority:0, ef2c9b8c-8b3b-4184-8870-dd68248b0ad2|rpc:10.1.0.96:43333|priority:0], old=null
2022-02-07 01:12:38,171 [73449ac0-f7ab-4a13-95e2-c884dfff8ef3@group-BE58D53DA770-FollowerState] INFO  impl.FollowerState (FollowerState.java:run(134)) - 73449ac0-f7ab-4a13-95e2-c884dfff8ef3@group-BE58D53DA770-FollowerState: change to CANDIDATE, lastRpcElapsedTime:5021735967ns, electionTimeout:5017ms
2022-02-07 01:12:38,171 [73449ac0-f7ab-4a13-95e2-c884dfff8ef3@group-BE58D53DA770-FollowerState] INFO  impl.RoleInfo (RoleInfo.java:shutdownFollowerState(108)) - 73449ac0-f7ab-4a13-95e2-c884dfff8ef3: shutdown 73449ac0-f7ab-4a13-95e2-c884dfff8ef3@group-BE58D53DA770-FollowerState
2022-02-07 01:12:38,171 [73449ac0-f7ab-4a13-95e2-c884dfff8ef3@group-BE58D53DA770-FollowerState] INFO  server.RaftServer$Division (RaftServerImpl.java:setRole(290)) - 73449ac0-f7ab-4a13-95e2-c884dfff8ef3@group-BE58D53DA770: changes role from  FOLLOWER to CANDIDATE at term 4 for changeToCandidate
2022-02-07 01:12:38,175 [73449ac0-f7ab-4a13-95e2-c884dfff8ef3@group-BE58D53DA770-FollowerState] INFO  server.RaftServerConfigKeys (ConfUtils.java:logGet(44)) - raft.server.leaderelection.pre-vote = false (custom)
2022-02-07 01:12:38,175 [73449ac0-f7ab-4a13-95e2-c884dfff8ef3@group-BE58D53DA770-FollowerState] INFO  impl.RoleInfo (RoleInfo.java:updateAndGet(130)) - 73449ac0-f7ab-4a13-95e2-c884dfff8ef3: start 73449ac0-f7ab-4a13-95e2-c884dfff8ef3@group-BE58D53DA770-LeaderElection16
2022-02-07 01:12:38,175 [grpc-default-executor-2] INFO  server.RaftServer$Division (RaftServerImpl.java:requestVote(1046)) - 9f9d0b70-d7d3-413f-b2b0-b1a7eeb17962@group-BE58D53DA770: receive requestVote(ELECTION, ef2c9b8c-8b3b-4184-8870-dd68248b0ad2, group-BE58D53DA770, 5, (t:0, i:0))
2022-02-07 01:12:38,175 [grpc-default-executor-2] INFO  impl.VoteContext (VoteContext.java:log(48)) - 9f9d0b70-d7d3-413f-b2b0-b1a7eeb17962@group-BE58D53DA770-FOLLOWER: reject ELECTION from ef2c9b8c-8b3b-4184-8870-dd68248b0ad2: our priority 1 > candidate's priority 0
2022-02-07 01:12:38,175 [grpc-default-executor-2] INFO  server.RaftServer$Division (RaftServerImpl.java:setRole(290)) - 9f9d0b70-d7d3-413f-b2b0-b1a7eeb17962@group-BE58D53DA770: changes role from  FOLLOWER to FOLLOWER at term 5 for candidate:ef2c9b8c-8b3b-4184-8870-dd68248b0ad2
2022-02-07 01:12:38,176 [grpc-default-executor-2] INFO  impl.RoleInfo (RoleInfo.java:shutdownFollowerState(108)) - 9f9d0b70-d7d3-413f-b2b0-b1a7eeb17962: shutdown 9f9d0b70-d7d3-413f-b2b0-b1a7eeb17962@group-BE58D53DA770-FollowerState
2022-02-07 01:12:38,182 [grpc-default-executor-1] INFO  server.RaftServer$Division (RaftServerImpl.java:requestVote(1046)) - 73449ac0-f7ab-4a13-95e2-c884dfff8ef3@group-BE58D53DA770: receive requestVote(ELECTION, ef2c9b8c-8b3b-4184-8870-dd68248b0ad2, group-BE58D53DA770, 5, (t:0, i:0))
2022-02-07 01:12:38,182 [grpc-default-executor-2] INFO  impl.RoleInfo (RoleInfo.java:updateAndGet(130)) - 9f9d0b70-d7d3-413f-b2b0-b1a7eeb17962: start 9f9d0b70-d7d3-413f-b2b0-b1a7eeb17962@group-BE58D53DA770-FollowerState
2022-02-07 01:12:38,182 [9f9d0b70-d7d3-413f-b2b0-b1a7eeb17962@group-BE58D53DA770-FollowerState] INFO  impl.FollowerState (FollowerState.java:run(143)) - 9f9d0b70-d7d3-413f-b2b0-b1a7eeb17962@group-BE58D53DA770-FollowerState was interrupted: {}
java.lang.InterruptedException: sleep interrupted
	at java.lang.Thread.sleep(Native Method)
	at java.lang.Thread.sleep(Thread.java:340)
	at java.util.concurrent.TimeUnit.sleep(TimeUnit.java:386)
	at org.apache.ratis.util.TimeDuration.sleep(TimeDuration.java:324)
	at org.apache.ratis.util.TimeDuration.sleep(TimeDuration.java:309)
	at org.apache.ratis.server.impl.FollowerState.run(FollowerState.java:118)
2022-02-07 01:12:38,183 [grpc-default-executor-2] INFO  server.RaftServer$Division (RaftServerImpl.java:requestVote(1078)) - 9f9d0b70-d7d3-413f-b2b0-b1a7eeb17962@group-BE58D53DA770 replies to ELECTION vote request: ef2c9b8c-8b3b-4184-8870-dd68248b0ad2<-9f9d0b70-d7d3-413f-b2b0-b1a7eeb17962#0:FAIL-t5. Peer's state: 9f9d0b70-d7d3-413f-b2b0-b1a7eeb17962@group-BE58D53DA770:t5, leader=null, voted=null, raftlog=9f9d0b70-d7d3-413f-b2b0-b1a7eeb17962@group-BE58D53DA770-SegmentedRaftLog:OPENED:c-1, conf=-1: [9f9d0b70-d7d3-413f-b2b0-b1a7eeb17962|rpc:10.1.0.96:40481|priority:1, 73449ac0-f7ab-4a13-95e2-c884dfff8ef3|rpc:10.1.0.96:36719|priority:0, ef2c9b8c-8b3b-4184-8870-dd68248b0ad2|rpc:10.1.0.96:43333|priority:0], old=null
2022-02-07 01:12:38,186 [73449ac0-f7ab-4a13-95e2-c884dfff8ef3@group-BE58D53DA770-LeaderElection16] INFO  impl.LeaderElection (LeaderElection.java:askForVotes(306)) - 73449ac0-f7ab-4a13-95e2-c884dfff8ef3@group-BE58D53DA770-LeaderElection16 ELECTION round 0: submit vote requests at term 5 for -1: [9f9d0b70-d7d3-413f-b2b0-b1a7eeb17962|rpc:10.1.0.96:40481|priority:1, 73449ac0-f7ab-4a13-95e2-c884dfff8ef3|rpc:10.1.0.96:36719|priority:0, ef2c9b8c-8b3b-4184-8870-dd68248b0ad2|rpc:10.1.0.96:43333|priority:0], old=null
2022-02-07 01:12:38,186 [grpc-default-executor-1] INFO  impl.VoteContext (VoteContext.java:log(48)) - 73449ac0-f7ab-4a13-95e2-c884dfff8ef3@group-BE58D53DA770-CANDIDATE: reject ELECTION from ef2c9b8c-8b3b-4184-8870-dd68248b0ad2: already has voted for 73449ac0-f7ab-4a13-95e2-c884dfff8ef3 at current term 5
2022-02-07 01:12:38,191 [ef2c9b8c-8b3b-4184-8870-dd68248b0ad2@group-BE58D53DA770-LeaderElection15] INFO  impl.LeaderElection (LeaderElection.java:logAndReturn(89)) - ef2c9b8c-8b3b-4184-8870-dd68248b0ad2@group-BE58D53DA770-LeaderElection15: ELECTION REJECTED received 1 response(s) and 0 exception(s):
2022-02-07 01:12:38,191 [ef2c9b8c-8b3b-4184-8870-dd68248b0ad2@group-BE58D53DA770-LeaderElection15] INFO  impl.LeaderElection (LeaderElection.java:logAndReturn(93)) -   Response 0: ef2c9b8c-8b3b-4184-8870-dd68248b0ad2<-9f9d0b70-d7d3-413f-b2b0-b1a7eeb17962#0:FAIL-t5
2022-02-07 01:12:38,191 [ef2c9b8c-8b3b-4184-8870-dd68248b0ad2@group-BE58D53DA770-LeaderElection15] INFO  impl.LeaderElection (LeaderElection.java:askForVotes(308)) - ef2c9b8c-8b3b-4184-8870-dd68248b0ad2@group-BE58D53DA770-LeaderElection15 ELECTION round 0: result REJECTED
2022-02-07 01:12:38,191 [ef2c9b8c-8b3b-4184-8870-dd68248b0ad2@group-BE58D53DA770-LeaderElection15] INFO  server.RaftServer$Division (RaftServerImpl.java:setRole(290)) - ef2c9b8c-8b3b-4184-8870-dd68248b0ad2@group-BE58D53DA770: changes role from CANDIDATE to FOLLOWER at term 5 for REJECTED
2022-02-07 01:12:38,191 [ef2c9b8c-8b3b-4184-8870-dd68248b0ad2@group-BE58D53DA770-LeaderElection15] INFO  impl.RoleInfo (RoleInfo.java:shutdownLeaderElection(121)) - ef2c9b8c-8b3b-4184-8870-dd68248b0ad2: shutdown ef2c9b8c-8b3b-4184-8870-dd68248b0ad2@group-BE58D53DA770-LeaderElection15
2022-02-07 01:12:38,191 [ef2c9b8c-8b3b-4184-8870-dd68248b0ad2@group-BE58D53DA770-LeaderElection15] INFO  impl.RoleInfo (RoleInfo.java:updateAndGet(130)) - ef2c9b8c-8b3b-4184-8870-dd68248b0ad2: start ef2c9b8c-8b3b-4184-8870-dd68248b0ad2@group-BE58D53DA770-FollowerState
2022-02-07 01:12:38,192 [grpc-default-executor-1] INFO  server.RaftServer$Division (RaftServerImpl.java:requestVote(1078)) - 73449ac0-f7ab-4a13-95e2-c884dfff8ef3@group-BE58D53DA770 replies to ELECTION vote request: ef2c9b8c-8b3b-4184-8870-dd68248b0ad2<-73449ac0-f7ab-4a13-95e2-c884dfff8ef3#0:FAIL-t5. Peer's state: 73449ac0-f7ab-4a13-95e2-c884dfff8ef3@group-BE58D53DA770:t5, leader=null, voted=73449ac0-f7ab-4a13-95e2-c884dfff8ef3, raftlog=73449ac0-f7ab-4a13-95e2-c884dfff8ef3@group-BE58D53DA770-SegmentedRaftLog:OPENED:c-1, conf=-1: [9f9d0b70-d7d3-413f-b2b0-b1a7eeb17962|rpc:10.1.0.96:40481|priority:1, 73449ac0-f7ab-4a13-95e2-c884dfff8ef3|rpc:10.1.0.96:36719|priority:0, ef2c9b8c-8b3b-4184-8870-dd68248b0ad2|rpc:10.1.0.96:43333|priority:0], old=null
2022-02-07 01:12:38,197 [grpc-default-executor-1] INFO  server.RaftServer$Division (RaftServerImpl.java:requestVote(1046)) - 9f9d0b70-d7d3-413f-b2b0-b1a7eeb17962@group-BE58D53DA770: receive requestVote(ELECTION, 73449ac0-f7ab-4a13-95e2-c884dfff8ef3, group-BE58D53DA770, 5, (t:0, i:0))
2022-02-07 01:12:38,197 [grpc-default-executor-1] INFO  impl.VoteContext (VoteContext.java:log(48)) - 9f9d0b70-d7d3-413f-b2b0-b1a7eeb17962@group-BE58D53DA770-FOLLOWER: reject ELECTION from 73449ac0-f7ab-4a13-95e2-c884dfff8ef3: our priority 1 > candidate's priority 0
2022-02-07 01:12:38,197 [grpc-default-executor-1] INFO  server.RaftServer$Division (RaftServerImpl.java:setRole(290)) - 9f9d0b70-d7d3-413f-b2b0-b1a7eeb17962@group-BE58D53DA770: changes role from  FOLLOWER to FOLLOWER at term 5 for candidate:73449ac0-f7ab-4a13-95e2-c884dfff8ef3
2022-02-07 01:12:38,197 [grpc-default-executor-1] INFO  impl.RoleInfo (RoleInfo.java:shutdownFollowerState(108)) - 9f9d0b70-d7d3-413f-b2b0-b1a7eeb17962: shutdown 9f9d0b70-d7d3-413f-b2b0-b1a7eeb17962@group-BE58D53DA770-FollowerState
2022-02-07 01:12:38,197 [grpc-default-executor-1] INFO  impl.RoleInfo (RoleInfo.java:updateAndGet(130)) - 9f9d0b70-d7d3-413f-b2b0-b1a7eeb17962: start 9f9d0b70-d7d3-413f-b2b0-b1a7eeb17962@group-BE58D53DA770-FollowerState
2022-02-07 01:12:38,197 [grpc-default-executor-2] INFO  server.RaftServer$Division (RaftServerImpl.java:requestVote(1046)) - ef2c9b8c-8b3b-4184-8870-dd68248b0ad2@group-BE58D53DA770: receive requestVote(ELECTION, 73449ac0-f7ab-4a13-95e2-c884dfff8ef3, group-BE58D53DA770, 5, (t:0, i:0))
2022-02-07 01:12:38,203 [grpc-default-executor-2] INFO  impl.VoteContext (VoteContext.java:log(48)) - ef2c9b8c-8b3b-4184-8870-dd68248b0ad2@group-BE58D53DA770-FOLLOWER: reject ELECTION from 73449ac0-f7ab-4a13-95e2-c884dfff8ef3: already has voted for ef2c9b8c-8b3b-4184-8870-dd68248b0ad2 at current term 5
2022-02-07 01:12:38,203 [grpc-default-executor-2] INFO  server.RaftServer$Division (RaftServerImpl.java:requestVote(1078)) - ef2c9b8c-8b3b-4184-8870-dd68248b0ad2@group-BE58D53DA770 replies to ELECTION vote request: 73449ac0-f7ab-4a13-95e2-c884dfff8ef3<-ef2c9b8c-8b3b-4184-8870-dd68248b0ad2#0:FAIL-t5. Peer's state: ef2c9b8c-8b3b-4184-8870-dd68248b0ad2@group-BE58D53DA770:t5, leader=null, voted=ef2c9b8c-8b3b-4184-8870-dd68248b0ad2, raftlog=ef2c9b8c-8b3b-4184-8870-dd68248b0ad2@group-BE58D53DA770-SegmentedRaftLog:OPENED:c-1, conf=-1: [9f9d0b70-d7d3-413f-b2b0-b1a7eeb17962|rpc:10.1.0.96:40481|priority:1, 73449ac0-f7ab-4a13-95e2-c884dfff8ef3|rpc:10.1.0.96:36719|priority:0, ef2c9b8c-8b3b-4184-8870-dd68248b0ad2|rpc:10.1.0.96:43333|priority:0], old=null
2022-02-07 01:12:38,198 [grpc-default-executor-1] INFO  server.RaftServer$Division (RaftServerImpl.java:requestVote(1078)) - 9f9d0b70-d7d3-413f-b2b0-b1a7eeb17962@group-BE58D53DA770 replies to ELECTION vote request: 73449ac0-f7ab-4a13-95e2-c884dfff8ef3<-9f9d0b70-d7d3-413f-b2b0-b1a7eeb17962#0:FAIL-t5. Peer's state: 9f9d0b70-d7d3-413f-b2b0-b1a7eeb17962@group-BE58D53DA770:t5, leader=null, voted=null, raftlog=9f9d0b70-d7d3-413f-b2b0-b1a7eeb17962@group-BE58D53DA770-SegmentedRaftLog:OPENED:c-1, conf=-1: [9f9d0b70-d7d3-413f-b2b0-b1a7eeb17962|rpc:10.1.0.96:40481|priority:1, 73449ac0-f7ab-4a13-95e2-c884dfff8ef3|rpc:10.1.0.96:36719|priority:0, ef2c9b8c-8b3b-4184-8870-dd68248b0ad2|rpc:10.1.0.96:43333|priority:0], old=null
2022-02-07 01:12:38,197 [9f9d0b70-d7d3-413f-b2b0-b1a7eeb17962@group-BE58D53DA770-FollowerState] INFO  impl.FollowerState (FollowerState.java:run(143)) - 9f9d0b70-d7d3-413f-b2b0-b1a7eeb17962@group-BE58D53DA770-FollowerState was interrupted: {}
java.lang.InterruptedException: sleep interrupted
	at java.lang.Thread.sleep(Native Method)
	at java.lang.Thread.sleep(Thread.java:340)
	at java.util.concurrent.TimeUnit.sleep(TimeUnit.java:386)
	at org.apache.ratis.util.TimeDuration.sleep(TimeDuration.java:324)
	at org.apache.ratis.util.TimeDuration.sleep(TimeDuration.java:309)
	at org.apache.ratis.server.impl.FollowerState.run(FollowerState.java:118)
2022-02-07 01:12:38,205 [73449ac0-f7ab-4a13-95e2-c884dfff8ef3@group-BE58D53DA770-LeaderElection16] INFO  impl.LeaderElection (LeaderElection.java:logAndReturn(89)) - 73449ac0-f7ab-4a13-95e2-c884dfff8ef3@group-BE58D53DA770-LeaderElection16: ELECTION REJECTED received 1 response(s) and 0 exception(s):
2022-02-07 01:12:38,203 [Listener at 127.0.0.1/33291] INFO  ozone.MiniOzoneClusterImpl (MiniOzoneClusterImpl.java:lambda$waitForClusterToBeReady$0(219)) - Nodes are ready. Got 3 of 3 DN Heartbeats.
2022-02-07 01:12:38,207 [Listener at 127.0.0.1/33291] INFO  ozone.MiniOzoneClusterImpl (MiniOzoneClusterImpl.java:lambda$waitForClusterToBeReady$0(222)) - Waiting for cluster to exit safe mode
2022-02-07 01:12:38,207 [Listener at 127.0.0.1/33291] INFO  ozone.MiniOzoneClusterImpl (MiniOzoneClusterImpl.java:lambda$waitForClusterToBeReady$0(224)) - SCM became leader
2022-02-07 01:12:38,207 [73449ac0-f7ab-4a13-95e2-c884dfff8ef3@group-BE58D53DA770-LeaderElection16] INFO  impl.LeaderElection (LeaderElection.java:logAndReturn(93)) -   Response 0: 73449ac0-f7ab-4a13-95e2-c884dfff8ef3<-9f9d0b70-d7d3-413f-b2b0-b1a7eeb17962#0:FAIL-t5
2022-02-07 01:12:38,207 [73449ac0-f7ab-4a13-95e2-c884dfff8ef3@group-BE58D53DA770-LeaderElection16] INFO  impl.LeaderElection (LeaderElection.java:askForVotes(308)) - 73449ac0-f7ab-4a13-95e2-c884dfff8ef3@group-BE58D53DA770-LeaderElection16 ELECTION round 0: result REJECTED
2022-02-07 01:12:38,207 [73449ac0-f7ab-4a13-95e2-c884dfff8ef3@group-BE58D53DA770-LeaderElection16] INFO  server.RaftServer$Division (RaftServerImpl.java:setRole(290)) - 73449ac0-f7ab-4a13-95e2-c884dfff8ef3@group-BE58D53DA770: changes role from CANDIDATE to FOLLOWER at term 5 for REJECTED
2022-02-07 01:12:38,207 [73449ac0-f7ab-4a13-95e2-c884dfff8ef3@group-BE58D53DA770-LeaderElection16] INFO  impl.RoleInfo (RoleInfo.java:shutdownLeaderElection(121)) - 73449ac0-f7ab-4a13-95e2-c884dfff8ef3: shutdown 73449ac0-f7ab-4a13-95e2-c884dfff8ef3@group-BE58D53DA770-LeaderElection16
2022-02-07 01:12:38,207 [73449ac0-f7ab-4a13-95e2-c884dfff8ef3@group-BE58D53DA770-LeaderElection16] INFO  impl.RoleInfo (RoleInfo.java:updateAndGet(130)) - 73449ac0-f7ab-4a13-95e2-c884dfff8ef3: start 73449ac0-f7ab-4a13-95e2-c884dfff8ef3@group-BE58D53DA770-FollowerState
2022-02-07 01:12:39,207 [Listener at 127.0.0.1/33291] INFO  ozone.MiniOzoneClusterImpl (MiniOzoneClusterImpl.java:lambda$waitForClusterToBeReady$0(219)) - Nodes are ready. Got 3 of 3 DN Heartbeats.
2022-02-07 01:12:39,208 [Listener at 127.0.0.1/33291] INFO  ozone.MiniOzoneClusterImpl (MiniOzoneClusterImpl.java:lambda$waitForClusterToBeReady$0(222)) - Waiting for cluster to exit safe mode
2022-02-07 01:12:39,208 [Listener at 127.0.0.1/33291] INFO  ozone.MiniOzoneClusterImpl (MiniOzoneClusterImpl.java:lambda$waitForClusterToBeReady$0(224)) - SCM became leader
2022-02-07 01:12:40,208 [Listener at 127.0.0.1/33291] INFO  ozone.MiniOzoneClusterImpl (MiniOzoneClusterImpl.java:lambda$waitForClusterToBeReady$0(219)) - Nodes are ready. Got 3 of 3 DN Heartbeats.
2022-02-07 01:12:40,208 [Listener at 127.0.0.1/33291] INFO  ozone.MiniOzoneClusterImpl (MiniOzoneClusterImpl.java:lambda$waitForClusterToBeReady$0(222)) - Waiting for cluster to exit safe mode
2022-02-07 01:12:40,208 [Listener at 127.0.0.1/33291] INFO  ozone.MiniOzoneClusterImpl (MiniOzoneClusterImpl.java:lambda$waitForClusterToBeReady$0(224)) - SCM became leader
2022-02-07 01:12:41,209 [Listener at 127.0.0.1/33291] INFO  ozone.MiniOzoneClusterImpl (MiniOzoneClusterImpl.java:lambda$waitForClusterToBeReady$0(219)) - Nodes are ready. Got 3 of 3 DN Heartbeats.
2022-02-07 01:12:41,209 [Listener at 127.0.0.1/33291] INFO  ozone.MiniOzoneClusterImpl (MiniOzoneClusterImpl.java:lambda$waitForClusterToBeReady$0(222)) - Waiting for cluster to exit safe mode
2022-02-07 01:12:41,209 [Listener at 127.0.0.1/33291] INFO  ozone.MiniOzoneClusterImpl (MiniOzoneClusterImpl.java:lambda$waitForClusterToBeReady$0(224)) - SCM became leader
2022-02-07 01:12:42,209 [Listener at 127.0.0.1/33291] INFO  ozone.MiniOzoneClusterImpl (MiniOzoneClusterImpl.java:lambda$waitForClusterToBeReady$0(219)) - Nodes are ready. Got 3 of 3 DN Heartbeats.
2022-02-07 01:12:42,209 [Listener at 127.0.0.1/33291] INFO  ozone.MiniOzoneClusterImpl (MiniOzoneClusterImpl.java:lambda$waitForClusterToBeReady$0(222)) - Waiting for cluster to exit safe mode
2022-02-07 01:12:42,209 [Listener at 127.0.0.1/33291] INFO  ozone.MiniOzoneClusterImpl (MiniOzoneClusterImpl.java:lambda$waitForClusterToBeReady$0(224)) - SCM became leader
2022-02-07 01:12:43,210 [Listener at 127.0.0.1/33291] INFO  ozone.MiniOzoneClusterImpl (MiniOzoneClusterImpl.java:lambda$waitForClusterToBeReady$0(219)) - Nodes are ready. Got 3 of 3 DN Heartbeats.
2022-02-07 01:12:43,210 [Listener at 127.0.0.1/33291] INFO  ozone.MiniOzoneClusterImpl (MiniOzoneClusterImpl.java:lambda$waitForClusterToBeReady$0(222)) - Waiting for cluster to exit safe mode
2022-02-07 01:12:43,210 [Listener at 127.0.0.1/33291] INFO  ozone.MiniOzoneClusterImpl (MiniOzoneClusterImpl.java:lambda$waitForClusterToBeReady$0(224)) - SCM became leader
2022-02-07 01:12:43,305 [73449ac0-f7ab-4a13-95e2-c884dfff8ef3@group-BE58D53DA770-FollowerState] INFO  impl.FollowerState (FollowerState.java:run(134)) - 73449ac0-f7ab-4a13-95e2-c884dfff8ef3@group-BE58D53DA770-FollowerState: change to CANDIDATE, lastRpcElapsedTime:5097235557ns, electionTimeout:5086ms
2022-02-07 01:12:43,305 [73449ac0-f7ab-4a13-95e2-c884dfff8ef3@group-BE58D53DA770-FollowerState] INFO  impl.RoleInfo (RoleInfo.java:shutdownFollowerState(108)) - 73449ac0-f7ab-4a13-95e2-c884dfff8ef3: shutdown 73449ac0-f7ab-4a13-95e2-c884dfff8ef3@group-BE58D53DA770-FollowerState
2022-02-07 01:12:43,305 [73449ac0-f7ab-4a13-95e2-c884dfff8ef3@group-BE58D53DA770-FollowerState] INFO  server.RaftServer$Division (RaftServerImpl.java:setRole(290)) - 73449ac0-f7ab-4a13-95e2-c884dfff8ef3@group-BE58D53DA770: changes role from  FOLLOWER to CANDIDATE at term 5 for changeToCandidate
2022-02-07 01:12:43,305 [73449ac0-f7ab-4a13-95e2-c884dfff8ef3@group-BE58D53DA770-FollowerState] INFO  server.RaftServerConfigKeys (ConfUtils.java:logGet(44)) - raft.server.leaderelection.pre-vote = false (custom)
2022-02-07 01:12:43,305 [73449ac0-f7ab-4a13-95e2-c884dfff8ef3@group-BE58D53DA770-FollowerState] INFO  impl.RoleInfo (RoleInfo.java:updateAndGet(130)) - 73449ac0-f7ab-4a13-95e2-c884dfff8ef3: start 73449ac0-f7ab-4a13-95e2-c884dfff8ef3@group-BE58D53DA770-LeaderElection17
2022-02-07 01:12:43,309 [73449ac0-f7ab-4a13-95e2-c884dfff8ef3@group-BE58D53DA770-LeaderElection17] INFO  impl.LeaderElection (LeaderElection.java:askForVotes(306)) - 73449ac0-f7ab-4a13-95e2-c884dfff8ef3@group-BE58D53DA770-LeaderElection17 ELECTION round 0: submit vote requests at term 6 for -1: [9f9d0b70-d7d3-413f-b2b0-b1a7eeb17962|rpc:10.1.0.96:40481|priority:1, 73449ac0-f7ab-4a13-95e2-c884dfff8ef3|rpc:10.1.0.96:36719|priority:0, ef2c9b8c-8b3b-4184-8870-dd68248b0ad2|rpc:10.1.0.96:43333|priority:0], old=null
2022-02-07 01:12:43,311 [ef2c9b8c-8b3b-4184-8870-dd68248b0ad2@group-BE58D53DA770-FollowerState] INFO  impl.FollowerState (FollowerState.java:run(134)) - ef2c9b8c-8b3b-4184-8870-dd68248b0ad2@group-BE58D53DA770-FollowerState: change to CANDIDATE, lastRpcElapsedTime:5119773297ns, electionTimeout:5116ms
2022-02-07 01:12:43,311 [ef2c9b8c-8b3b-4184-8870-dd68248b0ad2@group-BE58D53DA770-FollowerState] INFO  impl.RoleInfo (RoleInfo.java:shutdownFollowerState(108)) - ef2c9b8c-8b3b-4184-8870-dd68248b0ad2: shutdown ef2c9b8c-8b3b-4184-8870-dd68248b0ad2@group-BE58D53DA770-FollowerState
2022-02-07 01:12:43,311 [ef2c9b8c-8b3b-4184-8870-dd68248b0ad2@group-BE58D53DA770-FollowerState] INFO  server.RaftServer$Division (RaftServerImpl.java:setRole(290)) - ef2c9b8c-8b3b-4184-8870-dd68248b0ad2@group-BE58D53DA770: changes role from  FOLLOWER to CANDIDATE at term 5 for changeToCandidate
2022-02-07 01:12:43,315 [ef2c9b8c-8b3b-4184-8870-dd68248b0ad2@group-BE58D53DA770-FollowerState] INFO  server.RaftServerConfigKeys (ConfUtils.java:logGet(44)) - raft.server.leaderelection.pre-vote = false (custom)
2022-02-07 01:12:43,315 [ef2c9b8c-8b3b-4184-8870-dd68248b0ad2@group-BE58D53DA770-FollowerState] INFO  impl.RoleInfo (RoleInfo.java:updateAndGet(130)) - ef2c9b8c-8b3b-4184-8870-dd68248b0ad2: start ef2c9b8c-8b3b-4184-8870-dd68248b0ad2@group-BE58D53DA770-LeaderElection18
2022-02-07 01:12:43,315 [grpc-default-executor-2] INFO  server.RaftServer$Division (RaftServerImpl.java:requestVote(1046)) - 9f9d0b70-d7d3-413f-b2b0-b1a7eeb17962@group-BE58D53DA770: receive requestVote(ELECTION, 73449ac0-f7ab-4a13-95e2-c884dfff8ef3, group-BE58D53DA770, 6, (t:0, i:0))
2022-02-07 01:12:43,315 [grpc-default-executor-2] INFO  impl.VoteContext (VoteContext.java:log(48)) - 9f9d0b70-d7d3-413f-b2b0-b1a7eeb17962@group-BE58D53DA770-FOLLOWER: reject ELECTION from 73449ac0-f7ab-4a13-95e2-c884dfff8ef3: our priority 1 > candidate's priority 0
2022-02-07 01:12:43,315 [grpc-default-executor-2] INFO  server.RaftServer$Division (RaftServerImpl.java:setRole(290)) - 9f9d0b70-d7d3-413f-b2b0-b1a7eeb17962@group-BE58D53DA770: changes role from  FOLLOWER to FOLLOWER at term 6 for candidate:73449ac0-f7ab-4a13-95e2-c884dfff8ef3
2022-02-07 01:12:43,316 [grpc-default-executor-2] INFO  impl.RoleInfo (RoleInfo.java:shutdownFollowerState(108)) - 9f9d0b70-d7d3-413f-b2b0-b1a7eeb17962: shutdown 9f9d0b70-d7d3-413f-b2b0-b1a7eeb17962@group-BE58D53DA770-FollowerState
2022-02-07 01:12:43,317 [9f9d0b70-d7d3-413f-b2b0-b1a7eeb17962@group-BE58D53DA770-FollowerState] INFO  impl.FollowerState (FollowerState.java:run(143)) - 9f9d0b70-d7d3-413f-b2b0-b1a7eeb17962@group-BE58D53DA770-FollowerState was interrupted: {}
java.lang.InterruptedException: sleep interrupted
	at java.lang.Thread.sleep(Native Method)
	at java.lang.Thread.sleep(Thread.java:340)
	at java.util.concurrent.TimeUnit.sleep(TimeUnit.java:386)
	at org.apache.ratis.util.TimeDuration.sleep(TimeDuration.java:324)
	at org.apache.ratis.util.TimeDuration.sleep(TimeDuration.java:309)
	at org.apache.ratis.server.impl.FollowerState.run(FollowerState.java:118)
2022-02-07 01:12:43,317 [grpc-default-executor-2] INFO  impl.RoleInfo (RoleInfo.java:updateAndGet(130)) - 9f9d0b70-d7d3-413f-b2b0-b1a7eeb17962: start 9f9d0b70-d7d3-413f-b2b0-b1a7eeb17962@group-BE58D53DA770-FollowerState
2022-02-07 01:12:43,323 [ef2c9b8c-8b3b-4184-8870-dd68248b0ad2@group-BE58D53DA770-LeaderElection18] INFO  impl.LeaderElection (LeaderElection.java:askForVotes(306)) - ef2c9b8c-8b3b-4184-8870-dd68248b0ad2@group-BE58D53DA770-LeaderElection18 ELECTION round 0: submit vote requests at term 6 for -1: [9f9d0b70-d7d3-413f-b2b0-b1a7eeb17962|rpc:10.1.0.96:40481|priority:1, 73449ac0-f7ab-4a13-95e2-c884dfff8ef3|rpc:10.1.0.96:36719|priority:0, ef2c9b8c-8b3b-4184-8870-dd68248b0ad2|rpc:10.1.0.96:43333|priority:0], old=null
2022-02-07 01:12:43,323 [grpc-default-executor-2] INFO  server.RaftServer$Division (RaftServerImpl.java:requestVote(1078)) - 9f9d0b70-d7d3-413f-b2b0-b1a7eeb17962@group-BE58D53DA770 replies to ELECTION vote request: 73449ac0-f7ab-4a13-95e2-c884dfff8ef3<-9f9d0b70-d7d3-413f-b2b0-b1a7eeb17962#0:FAIL-t6. Peer's state: 9f9d0b70-d7d3-413f-b2b0-b1a7eeb17962@group-BE58D53DA770:t6, leader=null, voted=null, raftlog=9f9d0b70-d7d3-413f-b2b0-b1a7eeb17962@group-BE58D53DA770-SegmentedRaftLog:OPENED:c-1, conf=-1: [9f9d0b70-d7d3-413f-b2b0-b1a7eeb17962|rpc:10.1.0.96:40481|priority:1, 73449ac0-f7ab-4a13-95e2-c884dfff8ef3|rpc:10.1.0.96:36719|priority:0, ef2c9b8c-8b3b-4184-8870-dd68248b0ad2|rpc:10.1.0.96:43333|priority:0], old=null
2022-02-07 01:12:43,331 [grpc-default-executor-1] INFO  server.RaftServer$Division (RaftServerImpl.java:requestVote(1046)) - 9f9d0b70-d7d3-413f-b2b0-b1a7eeb17962@group-BE58D53DA770: receive requestVote(ELECTION, ef2c9b8c-8b3b-4184-8870-dd68248b0ad2, group-BE58D53DA770, 6, (t:0, i:0))
2022-02-07 01:12:43,332 [grpc-default-executor-1] INFO  impl.VoteContext (VoteContext.java:log(48)) - 9f9d0b70-d7d3-413f-b2b0-b1a7eeb17962@group-BE58D53DA770-FOLLOWER: reject ELECTION from ef2c9b8c-8b3b-4184-8870-dd68248b0ad2: our priority 1 > candidate's priority 0
2022-02-07 01:12:43,332 [grpc-default-executor-1] INFO  server.RaftServer$Division (RaftServerImpl.java:setRole(290)) - 9f9d0b70-d7d3-413f-b2b0-b1a7eeb17962@group-BE58D53DA770: changes role from  FOLLOWER to FOLLOWER at term 6 for candidate:ef2c9b8c-8b3b-4184-8870-dd68248b0ad2
2022-02-07 01:12:43,332 [grpc-default-executor-1] INFO  impl.RoleInfo (RoleInfo.java:shutdownFollowerState(108)) - 9f9d0b70-d7d3-413f-b2b0-b1a7eeb17962: shutdown 9f9d0b70-d7d3-413f-b2b0-b1a7eeb17962@group-BE58D53DA770-FollowerState
2022-02-07 01:12:43,332 [grpc-default-executor-1] INFO  impl.RoleInfo (RoleInfo.java:updateAndGet(130)) - 9f9d0b70-d7d3-413f-b2b0-b1a7eeb17962: start 9f9d0b70-d7d3-413f-b2b0-b1a7eeb17962@group-BE58D53DA770-FollowerState
2022-02-07 01:12:43,332 [9f9d0b70-d7d3-413f-b2b0-b1a7eeb17962@group-BE58D53DA770-FollowerState] INFO  impl.FollowerState (FollowerState.java:run(143)) - 9f9d0b70-d7d3-413f-b2b0-b1a7eeb17962@group-BE58D53DA770-FollowerState was interrupted: {}
java.lang.InterruptedException: sleep interrupted
	at java.lang.Thread.sleep(Native Method)
	at java.lang.Thread.sleep(Thread.java:340)
	at java.util.concurrent.TimeUnit.sleep(TimeUnit.java:386)
	at org.apache.ratis.util.TimeDuration.sleep(TimeDuration.java:324)
	at org.apache.ratis.util.TimeDuration.sleep(TimeDuration.java:309)
	at org.apache.ratis.server.impl.FollowerState.run(FollowerState.java:118)
2022-02-07 01:12:43,338 [grpc-default-executor-1] INFO  server.RaftServer$Division (RaftServerImpl.java:requestVote(1078)) - 9f9d0b70-d7d3-413f-b2b0-b1a7eeb17962@group-BE58D53DA770 replies to ELECTION vote request: ef2c9b8c-8b3b-4184-8870-dd68248b0ad2<-9f9d0b70-d7d3-413f-b2b0-b1a7eeb17962#0:FAIL-t6. Peer's state: 9f9d0b70-d7d3-413f-b2b0-b1a7eeb17962@group-BE58D53DA770:t6, leader=null, voted=null, raftlog=9f9d0b70-d7d3-413f-b2b0-b1a7eeb17962@group-BE58D53DA770-SegmentedRaftLog:OPENED:c-1, conf=-1: [9f9d0b70-d7d3-413f-b2b0-b1a7eeb17962|rpc:10.1.0.96:40481|priority:1, 73449ac0-f7ab-4a13-95e2-c884dfff8ef3|rpc:10.1.0.96:36719|priority:0, ef2c9b8c-8b3b-4184-8870-dd68248b0ad2|rpc:10.1.0.96:43333|priority:0], old=null
2022-02-07 01:12:43,338 [73449ac0-f7ab-4a13-95e2-c884dfff8ef3@group-BE58D53DA770-LeaderElection17] INFO  impl.LeaderElection (LeaderElection.java:logAndReturn(89)) - 73449ac0-f7ab-4a13-95e2-c884dfff8ef3@group-BE58D53DA770-LeaderElection17: ELECTION REJECTED received 1 response(s) and 0 exception(s):
2022-02-07 01:12:43,340 [73449ac0-f7ab-4a13-95e2-c884dfff8ef3@group-BE58D53DA770-LeaderElection17] INFO  impl.LeaderElection (LeaderElection.java:logAndReturn(93)) -   Response 0: 73449ac0-f7ab-4a13-95e2-c884dfff8ef3<-9f9d0b70-d7d3-413f-b2b0-b1a7eeb17962#0:FAIL-t6
2022-02-07 01:12:43,340 [73449ac0-f7ab-4a13-95e2-c884dfff8ef3@group-BE58D53DA770-LeaderElection17] INFO  impl.LeaderElection (LeaderElection.java:askForVotes(308)) - 73449ac0-f7ab-4a13-95e2-c884dfff8ef3@group-BE58D53DA770-LeaderElection17 ELECTION round 0: result REJECTED
2022-02-07 01:12:43,340 [73449ac0-f7ab-4a13-95e2-c884dfff8ef3@group-BE58D53DA770-LeaderElection17] INFO  server.RaftServer$Division (RaftServerImpl.java:setRole(290)) - 73449ac0-f7ab-4a13-95e2-c884dfff8ef3@group-BE58D53DA770: changes role from CANDIDATE to FOLLOWER at term 6 for REJECTED
2022-02-07 01:12:43,340 [73449ac0-f7ab-4a13-95e2-c884dfff8ef3@group-BE58D53DA770-LeaderElection17] INFO  impl.RoleInfo (RoleInfo.java:shutdownLeaderElection(121)) - 73449ac0-f7ab-4a13-95e2-c884dfff8ef3: shutdown 73449ac0-f7ab-4a13-95e2-c884dfff8ef3@group-BE58D53DA770-LeaderElection17
2022-02-07 01:12:43,340 [73449ac0-f7ab-4a13-95e2-c884dfff8ef3@group-BE58D53DA770-LeaderElection17] INFO  impl.RoleInfo (RoleInfo.java:updateAndGet(130)) - 73449ac0-f7ab-4a13-95e2-c884dfff8ef3: start 73449ac0-f7ab-4a13-95e2-c884dfff8ef3@group-BE58D53DA770-FollowerState
2022-02-07 01:12:43,338 [grpc-default-executor-2] INFO  server.RaftServer$Division (RaftServerImpl.java:requestVote(1046)) - ef2c9b8c-8b3b-4184-8870-dd68248b0ad2@group-BE58D53DA770: receive requestVote(ELECTION, 73449ac0-f7ab-4a13-95e2-c884dfff8ef3, group-BE58D53DA770, 6, (t:0, i:0))
2022-02-07 01:12:43,349 [grpc-default-executor-2] INFO  impl.VoteContext (VoteContext.java:log(48)) - ef2c9b8c-8b3b-4184-8870-dd68248b0ad2@group-BE58D53DA770-CANDIDATE: reject ELECTION from 73449ac0-f7ab-4a13-95e2-c884dfff8ef3: already has voted for ef2c9b8c-8b3b-4184-8870-dd68248b0ad2 at current term 6
2022-02-07 01:12:43,349 [grpc-default-executor-2] INFO  server.RaftServer$Division (RaftServerImpl.java:requestVote(1078)) - ef2c9b8c-8b3b-4184-8870-dd68248b0ad2@group-BE58D53DA770 replies to ELECTION vote request: 73449ac0-f7ab-4a13-95e2-c884dfff8ef3<-ef2c9b8c-8b3b-4184-8870-dd68248b0ad2#0:FAIL-t6. Peer's state: ef2c9b8c-8b3b-4184-8870-dd68248b0ad2@group-BE58D53DA770:t6, leader=null, voted=ef2c9b8c-8b3b-4184-8870-dd68248b0ad2, raftlog=ef2c9b8c-8b3b-4184-8870-dd68248b0ad2@group-BE58D53DA770-SegmentedRaftLog:OPENED:c-1, conf=-1: [9f9d0b70-d7d3-413f-b2b0-b1a7eeb17962|rpc:10.1.0.96:40481|priority:1, 73449ac0-f7ab-4a13-95e2-c884dfff8ef3|rpc:10.1.0.96:36719|priority:0, ef2c9b8c-8b3b-4184-8870-dd68248b0ad2|rpc:10.1.0.96:43333|priority:0], old=null
2022-02-07 01:12:43,348 [ef2c9b8c-8b3b-4184-8870-dd68248b0ad2@group-BE58D53DA770-LeaderElection18] INFO  impl.LeaderElection (LeaderElection.java:logAndReturn(89)) - ef2c9b8c-8b3b-4184-8870-dd68248b0ad2@group-BE58D53DA770-LeaderElection18: ELECTION REJECTED received 1 response(s) and 0 exception(s):
2022-02-07 01:12:43,349 [ef2c9b8c-8b3b-4184-8870-dd68248b0ad2@group-BE58D53DA770-LeaderElection18] INFO  impl.LeaderElection (LeaderElection.java:logAndReturn(93)) -   Response 0: ef2c9b8c-8b3b-4184-8870-dd68248b0ad2<-9f9d0b70-d7d3-413f-b2b0-b1a7eeb17962#0:FAIL-t6
2022-02-07 01:12:43,349 [ef2c9b8c-8b3b-4184-8870-dd68248b0ad2@group-BE58D53DA770-LeaderElection18] INFO  impl.LeaderElection (LeaderElection.java:askForVotes(308)) - ef2c9b8c-8b3b-4184-8870-dd68248b0ad2@group-BE58D53DA770-LeaderElection18 ELECTION round 0: result REJECTED
2022-02-07 01:12:43,349 [ef2c9b8c-8b3b-4184-8870-dd68248b0ad2@group-BE58D53DA770-LeaderElection18] INFO  server.RaftServer$Division (RaftServerImpl.java:setRole(290)) - ef2c9b8c-8b3b-4184-8870-dd68248b0ad2@group-BE58D53DA770: changes role from CANDIDATE to FOLLOWER at term 6 for REJECTED
2022-02-07 01:12:43,349 [ef2c9b8c-8b3b-4184-8870-dd68248b0ad2@group-BE58D53DA770-LeaderElection18] INFO  impl.RoleInfo (RoleInfo.java:shutdownLeaderElection(121)) - ef2c9b8c-8b3b-4184-8870-dd68248b0ad2: shutdown ef2c9b8c-8b3b-4184-8870-dd68248b0ad2@group-BE58D53DA770-LeaderElection18
2022-02-07 01:12:43,349 [ef2c9b8c-8b3b-4184-8870-dd68248b0ad2@group-BE58D53DA770-LeaderElection18] INFO  impl.RoleInfo (RoleInfo.java:updateAndGet(130)) - ef2c9b8c-8b3b-4184-8870-dd68248b0ad2: start ef2c9b8c-8b3b-4184-8870-dd68248b0ad2@group-BE58D53DA770-FollowerState
2022-02-07 01:12:43,350 [grpc-default-executor-1] INFO  server.RaftServer$Division (RaftServerImpl.java:requestVote(1046)) - 73449ac0-f7ab-4a13-95e2-c884dfff8ef3@group-BE58D53DA770: receive requestVote(ELECTION, ef2c9b8c-8b3b-4184-8870-dd68248b0ad2, group-BE58D53DA770, 6, (t:0, i:0))
2022-02-07 01:12:43,355 [grpc-default-executor-1] INFO  impl.VoteContext (VoteContext.java:log(48)) - 73449ac0-f7ab-4a13-95e2-c884dfff8ef3@group-BE58D53DA770-FOLLOWER: reject ELECTION from ef2c9b8c-8b3b-4184-8870-dd68248b0ad2: already has voted for 73449ac0-f7ab-4a13-95e2-c884dfff8ef3 at current term 6
2022-02-07 01:12:43,355 [grpc-default-executor-1] INFO  server.RaftServer$Division (RaftServerImpl.java:requestVote(1078)) - 73449ac0-f7ab-4a13-95e2-c884dfff8ef3@group-BE58D53DA770 replies to ELECTION vote request: ef2c9b8c-8b3b-4184-8870-dd68248b0ad2<-73449ac0-f7ab-4a13-95e2-c884dfff8ef3#0:FAIL-t6. Peer's state: 73449ac0-f7ab-4a13-95e2-c884dfff8ef3@group-BE58D53DA770:t6, leader=null, voted=73449ac0-f7ab-4a13-95e2-c884dfff8ef3, raftlog=73449ac0-f7ab-4a13-95e2-c884dfff8ef3@group-BE58D53DA770-SegmentedRaftLog:OPENED:c-1, conf=-1: [9f9d0b70-d7d3-413f-b2b0-b1a7eeb17962|rpc:10.1.0.96:40481|priority:1, 73449ac0-f7ab-4a13-95e2-c884dfff8ef3|rpc:10.1.0.96:36719|priority:0, ef2c9b8c-8b3b-4184-8870-dd68248b0ad2|rpc:10.1.0.96:43333|priority:0], old=null
2022-02-07 01:12:44,210 [Listener at 127.0.0.1/33291] INFO  ozone.MiniOzoneClusterImpl (MiniOzoneClusterImpl.java:lambda$waitForClusterToBeReady$0(219)) - Nodes are ready. Got 3 of 3 DN Heartbeats.
2022-02-07 01:12:44,211 [Listener at 127.0.0.1/33291] INFO  ozone.MiniOzoneClusterImpl (MiniOzoneClusterImpl.java:lambda$waitForClusterToBeReady$0(222)) - Waiting for cluster to exit safe mode
2022-02-07 01:12:44,211 [Listener at 127.0.0.1/33291] INFO  ozone.MiniOzoneClusterImpl (MiniOzoneClusterImpl.java:lambda$waitForClusterToBeReady$0(224)) - SCM became leader
2022-02-07 01:12:45,211 [Listener at 127.0.0.1/33291] INFO  ozone.MiniOzoneClusterImpl (MiniOzoneClusterImpl.java:lambda$waitForClusterToBeReady$0(219)) - Nodes are ready. Got 3 of 3 DN Heartbeats.
2022-02-07 01:12:45,211 [Listener at 127.0.0.1/33291] INFO  ozone.MiniOzoneClusterImpl (MiniOzoneClusterImpl.java:lambda$waitForClusterToBeReady$0(222)) - Waiting for cluster to exit safe mode
2022-02-07 01:12:45,211 [Listener at 127.0.0.1/33291] INFO  ozone.MiniOzoneClusterImpl (MiniOzoneClusterImpl.java:lambda$waitForClusterToBeReady$0(224)) - SCM became leader
2022-02-07 01:12:46,211 [Listener at 127.0.0.1/33291] INFO  ozone.MiniOzoneClusterImpl (MiniOzoneClusterImpl.java:lambda$waitForClusterToBeReady$0(219)) - Nodes are ready. Got 3 of 3 DN Heartbeats.
2022-02-07 01:12:46,212 [Listener at 127.0.0.1/33291] INFO  ozone.MiniOzoneClusterImpl (MiniOzoneClusterImpl.java:lambda$waitForClusterToBeReady$0(222)) - Waiting for cluster to exit safe mode
2022-02-07 01:12:46,212 [Listener at 127.0.0.1/33291] INFO  ozone.MiniOzoneClusterImpl (MiniOzoneClusterImpl.java:lambda$waitForClusterToBeReady$0(224)) - SCM became leader
2022-02-07 01:12:47,212 [Listener at 127.0.0.1/33291] INFO  ozone.MiniOzoneClusterImpl (MiniOzoneClusterImpl.java:lambda$waitForClusterToBeReady$0(219)) - Nodes are ready. Got 3 of 3 DN Heartbeats.
2022-02-07 01:12:47,212 [Listener at 127.0.0.1/33291] INFO  ozone.MiniOzoneClusterImpl (MiniOzoneClusterImpl.java:lambda$waitForClusterToBeReady$0(222)) - Waiting for cluster to exit safe mode
2022-02-07 01:12:47,212 [Listener at 127.0.0.1/33291] INFO  ozone.MiniOzoneClusterImpl (MiniOzoneClusterImpl.java:lambda$waitForClusterToBeReady$0(224)) - SCM became leader
2022-02-07 01:12:48,213 [Listener at 127.0.0.1/33291] INFO  ozone.MiniOzoneClusterImpl (MiniOzoneClusterImpl.java:lambda$waitForClusterToBeReady$0(219)) - Nodes are ready. Got 3 of 3 DN Heartbeats.
2022-02-07 01:12:48,213 [Listener at 127.0.0.1/33291] INFO  ozone.MiniOzoneClusterImpl (MiniOzoneClusterImpl.java:lambda$waitForClusterToBeReady$0(222)) - Waiting for cluster to exit safe mode
2022-02-07 01:12:48,213 [Listener at 127.0.0.1/33291] INFO  ozone.MiniOzoneClusterImpl (MiniOzoneClusterImpl.java:lambda$waitForClusterToBeReady$0(224)) - SCM became leader
2022-02-07 01:12:48,354 [73449ac0-f7ab-4a13-95e2-c884dfff8ef3@group-BE58D53DA770-FollowerState] INFO  impl.FollowerState (FollowerState.java:run(134)) - 73449ac0-f7ab-4a13-95e2-c884dfff8ef3@group-BE58D53DA770-FollowerState: change to CANDIDATE, lastRpcElapsedTime:5014469263ns, electionTimeout:5008ms
2022-02-07 01:12:48,355 [73449ac0-f7ab-4a13-95e2-c884dfff8ef3@group-BE58D53DA770-FollowerState] INFO  impl.RoleInfo (RoleInfo.java:shutdownFollowerState(108)) - 73449ac0-f7ab-4a13-95e2-c884dfff8ef3: shutdown 73449ac0-f7ab-4a13-95e2-c884dfff8ef3@group-BE58D53DA770-FollowerState
2022-02-07 01:12:48,356 [73449ac0-f7ab-4a13-95e2-c884dfff8ef3@group-BE58D53DA770-FollowerState] INFO  server.RaftServer$Division (RaftServerImpl.java:setRole(290)) - 73449ac0-f7ab-4a13-95e2-c884dfff8ef3@group-BE58D53DA770: changes role from  FOLLOWER to CANDIDATE at term 6 for changeToCandidate
2022-02-07 01:12:48,356 [73449ac0-f7ab-4a13-95e2-c884dfff8ef3@group-BE58D53DA770-FollowerState] INFO  server.RaftServerConfigKeys (ConfUtils.java:logGet(44)) - raft.server.leaderelection.pre-vote = false (custom)
2022-02-07 01:12:48,356 [73449ac0-f7ab-4a13-95e2-c884dfff8ef3@group-BE58D53DA770-FollowerState] INFO  impl.RoleInfo (RoleInfo.java:updateAndGet(130)) - 73449ac0-f7ab-4a13-95e2-c884dfff8ef3: start 73449ac0-f7ab-4a13-95e2-c884dfff8ef3@group-BE58D53DA770-LeaderElection19
2022-02-07 01:12:48,363 [73449ac0-f7ab-4a13-95e2-c884dfff8ef3@group-BE58D53DA770-LeaderElection19] INFO  impl.LeaderElection (LeaderElection.java:askForVotes(306)) - 73449ac0-f7ab-4a13-95e2-c884dfff8ef3@group-BE58D53DA770-LeaderElection19 ELECTION round 0: submit vote requests at term 7 for -1: [9f9d0b70-d7d3-413f-b2b0-b1a7eeb17962|rpc:10.1.0.96:40481|priority:1, 73449ac0-f7ab-4a13-95e2-c884dfff8ef3|rpc:10.1.0.96:36719|priority:0, ef2c9b8c-8b3b-4184-8870-dd68248b0ad2|rpc:10.1.0.96:43333|priority:0], old=null
2022-02-07 01:12:48,369 [grpc-default-executor-1] INFO  server.RaftServer$Division (RaftServerImpl.java:requestVote(1046)) - 9f9d0b70-d7d3-413f-b2b0-b1a7eeb17962@group-BE58D53DA770: receive requestVote(ELECTION, 73449ac0-f7ab-4a13-95e2-c884dfff8ef3, group-BE58D53DA770, 7, (t:0, i:0))
2022-02-07 01:12:48,369 [grpc-default-executor-1] INFO  impl.VoteContext (VoteContext.java:log(48)) - 9f9d0b70-d7d3-413f-b2b0-b1a7eeb17962@group-BE58D53DA770-FOLLOWER: reject ELECTION from 73449ac0-f7ab-4a13-95e2-c884dfff8ef3: our priority 1 > candidate's priority 0
2022-02-07 01:12:48,369 [grpc-default-executor-1] INFO  server.RaftServer$Division (RaftServerImpl.java:setRole(290)) - 9f9d0b70-d7d3-413f-b2b0-b1a7eeb17962@group-BE58D53DA770: changes role from  FOLLOWER to FOLLOWER at term 7 for candidate:73449ac0-f7ab-4a13-95e2-c884dfff8ef3
2022-02-07 01:12:48,369 [grpc-default-executor-1] INFO  impl.RoleInfo (RoleInfo.java:shutdownFollowerState(108)) - 9f9d0b70-d7d3-413f-b2b0-b1a7eeb17962: shutdown 9f9d0b70-d7d3-413f-b2b0-b1a7eeb17962@group-BE58D53DA770-FollowerState
2022-02-07 01:12:48,370 [grpc-default-executor-1] INFO  impl.RoleInfo (RoleInfo.java:updateAndGet(130)) - 9f9d0b70-d7d3-413f-b2b0-b1a7eeb17962: start 9f9d0b70-d7d3-413f-b2b0-b1a7eeb17962@group-BE58D53DA770-FollowerState
2022-02-07 01:12:48,370 [9f9d0b70-d7d3-413f-b2b0-b1a7eeb17962@group-BE58D53DA770-FollowerState] INFO  impl.FollowerState (FollowerState.java:run(143)) - 9f9d0b70-d7d3-413f-b2b0-b1a7eeb17962@group-BE58D53DA770-FollowerState was interrupted: {}
java.lang.InterruptedException: sleep interrupted
	at java.lang.Thread.sleep(Native Method)
	at java.lang.Thread.sleep(Thread.java:340)
	at java.util.concurrent.TimeUnit.sleep(TimeUnit.java:386)
	at org.apache.ratis.util.TimeDuration.sleep(TimeDuration.java:324)
	at org.apache.ratis.util.TimeDuration.sleep(TimeDuration.java:309)
	at org.apache.ratis.server.impl.FollowerState.run(FollowerState.java:118)
2022-02-07 01:12:48,372 [grpc-default-executor-1] INFO  server.RaftServer$Division (RaftServerImpl.java:requestVote(1078)) - 9f9d0b70-d7d3-413f-b2b0-b1a7eeb17962@group-BE58D53DA770 replies to ELECTION vote request: 73449ac0-f7ab-4a13-95e2-c884dfff8ef3<-9f9d0b70-d7d3-413f-b2b0-b1a7eeb17962#0:FAIL-t7. Peer's state: 9f9d0b70-d7d3-413f-b2b0-b1a7eeb17962@group-BE58D53DA770:t7, leader=null, voted=null, raftlog=9f9d0b70-d7d3-413f-b2b0-b1a7eeb17962@group-BE58D53DA770-SegmentedRaftLog:OPENED:c-1, conf=-1: [9f9d0b70-d7d3-413f-b2b0-b1a7eeb17962|rpc:10.1.0.96:40481|priority:1, 73449ac0-f7ab-4a13-95e2-c884dfff8ef3|rpc:10.1.0.96:36719|priority:0, ef2c9b8c-8b3b-4184-8870-dd68248b0ad2|rpc:10.1.0.96:43333|priority:0], old=null
2022-02-07 01:12:48,374 [73449ac0-f7ab-4a13-95e2-c884dfff8ef3@group-BE58D53DA770-LeaderElection19] INFO  impl.LeaderElection (LeaderElection.java:logAndReturn(89)) - 73449ac0-f7ab-4a13-95e2-c884dfff8ef3@group-BE58D53DA770-LeaderElection19: ELECTION REJECTED received 1 response(s) and 0 exception(s):
2022-02-07 01:12:48,374 [73449ac0-f7ab-4a13-95e2-c884dfff8ef3@group-BE58D53DA770-LeaderElection19] INFO  impl.LeaderElection (LeaderElection.java:logAndReturn(93)) -   Response 0: 73449ac0-f7ab-4a13-95e2-c884dfff8ef3<-9f9d0b70-d7d3-413f-b2b0-b1a7eeb17962#0:FAIL-t7
2022-02-07 01:12:48,374 [73449ac0-f7ab-4a13-95e2-c884dfff8ef3@group-BE58D53DA770-LeaderElection19] INFO  impl.LeaderElection (LeaderElection.java:askForVotes(308)) - 73449ac0-f7ab-4a13-95e2-c884dfff8ef3@group-BE58D53DA770-LeaderElection19 ELECTION round 0: result REJECTED
2022-02-07 01:12:48,375 [73449ac0-f7ab-4a13-95e2-c884dfff8ef3@group-BE58D53DA770-LeaderElection19] INFO  server.RaftServer$Division (RaftServerImpl.java:setRole(290)) - 73449ac0-f7ab-4a13-95e2-c884dfff8ef3@group-BE58D53DA770: changes role from CANDIDATE to FOLLOWER at term 7 for REJECTED
2022-02-07 01:12:48,375 [73449ac0-f7ab-4a13-95e2-c884dfff8ef3@group-BE58D53DA770-LeaderElection19] INFO  impl.RoleInfo (RoleInfo.java:shutdownLeaderElection(121)) - 73449ac0-f7ab-4a13-95e2-c884dfff8ef3: shutdown 73449ac0-f7ab-4a13-95e2-c884dfff8ef3@group-BE58D53DA770-LeaderElection19
2022-02-07 01:12:48,375 [73449ac0-f7ab-4a13-95e2-c884dfff8ef3@group-BE58D53DA770-LeaderElection19] INFO  impl.RoleInfo (RoleInfo.java:updateAndGet(130)) - 73449ac0-f7ab-4a13-95e2-c884dfff8ef3: start 73449ac0-f7ab-4a13-95e2-c884dfff8ef3@group-BE58D53DA770-FollowerState
2022-02-07 01:12:48,383 [grpc-default-executor-1] INFO  server.RaftServer$Division (RaftServerImpl.java:requestVote(1046)) - ef2c9b8c-8b3b-4184-8870-dd68248b0ad2@group-BE58D53DA770: receive requestVote(ELECTION, 73449ac0-f7ab-4a13-95e2-c884dfff8ef3, group-BE58D53DA770, 7, (t:0, i:0))
2022-02-07 01:12:48,383 [grpc-default-executor-1] INFO  impl.VoteContext (VoteContext.java:log(48)) - ef2c9b8c-8b3b-4184-8870-dd68248b0ad2@group-BE58D53DA770-FOLLOWER: accept ELECTION from 73449ac0-f7ab-4a13-95e2-c884dfff8ef3: our priority 0 <= candidate's priority 0
2022-02-07 01:12:48,383 [grpc-default-executor-1] INFO  server.RaftServer$Division (RaftServerImpl.java:setRole(290)) - ef2c9b8c-8b3b-4184-8870-dd68248b0ad2@group-BE58D53DA770: changes role from  FOLLOWER to FOLLOWER at term 7 for candidate:73449ac0-f7ab-4a13-95e2-c884dfff8ef3
2022-02-07 01:12:48,383 [grpc-default-executor-1] INFO  impl.RoleInfo (RoleInfo.java:shutdownFollowerState(108)) - ef2c9b8c-8b3b-4184-8870-dd68248b0ad2: shutdown ef2c9b8c-8b3b-4184-8870-dd68248b0ad2@group-BE58D53DA770-FollowerState
2022-02-07 01:12:48,384 [grpc-default-executor-1] INFO  impl.RoleInfo (RoleInfo.java:updateAndGet(130)) - ef2c9b8c-8b3b-4184-8870-dd68248b0ad2: start ef2c9b8c-8b3b-4184-8870-dd68248b0ad2@group-BE58D53DA770-FollowerState
2022-02-07 01:12:48,384 [ef2c9b8c-8b3b-4184-8870-dd68248b0ad2@group-BE58D53DA770-FollowerState] INFO  impl.FollowerState (FollowerState.java:run(143)) - ef2c9b8c-8b3b-4184-8870-dd68248b0ad2@group-BE58D53DA770-FollowerState was interrupted: {}
java.lang.InterruptedException: sleep interrupted
	at java.lang.Thread.sleep(Native Method)
	at java.lang.Thread.sleep(Thread.java:340)
	at java.util.concurrent.TimeUnit.sleep(TimeUnit.java:386)
	at org.apache.ratis.util.TimeDuration.sleep(TimeDuration.java:324)
	at org.apache.ratis.util.TimeDuration.sleep(TimeDuration.java:309)
	at org.apache.ratis.server.impl.FollowerState.run(FollowerState.java:118)
2022-02-07 01:12:48,388 [grpc-default-executor-1] INFO  server.RaftServer$Division (RaftServerImpl.java:requestVote(1078)) - ef2c9b8c-8b3b-4184-8870-dd68248b0ad2@group-BE58D53DA770 replies to ELECTION vote request: 73449ac0-f7ab-4a13-95e2-c884dfff8ef3<-ef2c9b8c-8b3b-4184-8870-dd68248b0ad2#0:OK-t7. Peer's state: ef2c9b8c-8b3b-4184-8870-dd68248b0ad2@group-BE58D53DA770:t7, leader=null, voted=73449ac0-f7ab-4a13-95e2-c884dfff8ef3, raftlog=ef2c9b8c-8b3b-4184-8870-dd68248b0ad2@group-BE58D53DA770-SegmentedRaftLog:OPENED:c-1, conf=-1: [9f9d0b70-d7d3-413f-b2b0-b1a7eeb17962|rpc:10.1.0.96:40481|priority:1, 73449ac0-f7ab-4a13-95e2-c884dfff8ef3|rpc:10.1.0.96:36719|priority:0, ef2c9b8c-8b3b-4184-8870-dd68248b0ad2|rpc:10.1.0.96:43333|priority:0], old=null
2022-02-07 01:12:49,213 [Listener at 127.0.0.1/33291] INFO  ozone.MiniOzoneClusterImpl (MiniOzoneClusterImpl.java:lambda$waitForClusterToBeReady$0(219)) - Nodes are ready. Got 3 of 3 DN Heartbeats.
2022-02-07 01:12:49,213 [Listener at 127.0.0.1/33291] INFO  ozone.MiniOzoneClusterImpl (MiniOzoneClusterImpl.java:lambda$waitForClusterToBeReady$0(222)) - Waiting for cluster to exit safe mode
2022-02-07 01:12:49,213 [Listener at 127.0.0.1/33291] INFO  ozone.MiniOzoneClusterImpl (MiniOzoneClusterImpl.java:lambda$waitForClusterToBeReady$0(224)) - SCM became leader
2022-02-07 01:12:50,214 [Listener at 127.0.0.1/33291] INFO  ozone.MiniOzoneClusterImpl (MiniOzoneClusterImpl.java:lambda$waitForClusterToBeReady$0(219)) - Nodes are ready. Got 3 of 3 DN Heartbeats.
2022-02-07 01:12:50,214 [Listener at 127.0.0.1/33291] INFO  ozone.MiniOzoneClusterImpl (MiniOzoneClusterImpl.java:lambda$waitForClusterToBeReady$0(222)) - Waiting for cluster to exit safe mode
2022-02-07 01:12:50,214 [Listener at 127.0.0.1/33291] INFO  ozone.MiniOzoneClusterImpl (MiniOzoneClusterImpl.java:lambda$waitForClusterToBeReady$0(224)) - SCM became leader
2022-02-07 01:12:51,214 [Listener at 127.0.0.1/33291] INFO  ozone.MiniOzoneClusterImpl (MiniOzoneClusterImpl.java:lambda$waitForClusterToBeReady$0(219)) - Nodes are ready. Got 3 of 3 DN Heartbeats.
2022-02-07 01:12:51,215 [Listener at 127.0.0.1/33291] INFO  ozone.MiniOzoneClusterImpl (MiniOzoneClusterImpl.java:lambda$waitForClusterToBeReady$0(222)) - Waiting for cluster to exit safe mode
2022-02-07 01:12:51,215 [Listener at 127.0.0.1/33291] INFO  ozone.MiniOzoneClusterImpl (MiniOzoneClusterImpl.java:lambda$waitForClusterToBeReady$0(224)) - SCM became leader
2022-02-07 01:12:52,215 [Listener at 127.0.0.1/33291] INFO  ozone.MiniOzoneClusterImpl (MiniOzoneClusterImpl.java:lambda$waitForClusterToBeReady$0(219)) - Nodes are ready. Got 3 of 3 DN Heartbeats.
2022-02-07 01:12:52,215 [Listener at 127.0.0.1/33291] INFO  ozone.MiniOzoneClusterImpl (MiniOzoneClusterImpl.java:lambda$waitForClusterToBeReady$0(222)) - Waiting for cluster to exit safe mode
2022-02-07 01:12:52,215 [Listener at 127.0.0.1/33291] INFO  ozone.MiniOzoneClusterImpl (MiniOzoneClusterImpl.java:lambda$waitForClusterToBeReady$0(224)) - SCM became leader
2022-02-07 01:12:52,484 [Time-limited test] INFO  ozone.MiniOzoneClusterImpl (MiniOzoneClusterImpl.java:shutdown(437)) - Shutting down the Mini Ozone Cluster
2022-02-07 01:12:52,485 [Time-limited test] INFO  ozone.MiniOzoneClusterImpl (MiniOzoneClusterImpl.java:stop(452)) - Stopping the Mini Ozone Cluster
2022-02-07 01:12:52,485 [Time-limited test] INFO  ozone.MiniOzoneClusterImpl (MiniOzoneClusterImpl.java:stopOM(534)) - Stopping the OzoneManager
2022-02-07 01:12:52,485 [Time-limited test] INFO  om.OzoneManager (OzoneManager.java:stop(1893)) - om1[localhost:0]: Stopping Ozone Manager
2022-02-07 01:12:52,486 [Time-limited test] INFO  ipc.Server (Server.java:stop(3414)) - Stopping server on 33291
2022-02-07 01:12:52,491 [IPC Server listener on 0] INFO  ipc.Server (Server.java:run(1376)) - Stopping IPC Server listener on 0
2022-02-07 01:12:52,491 [IPC Server Responder] INFO  ipc.Server (Server.java:run(1512)) - Stopping IPC Server Responder
2022-02-07 01:12:52,492 [Time-limited test] INFO  server.RaftServer (RaftServerProxy.java:lambda$close$6(391)) - om1: close
2022-02-07 01:12:52,492 [Time-limited test] INFO  server.RaftServer$Division (RaftServerImpl.java:lambda$close$4(412)) - om1@group-C5BA1605619E: shutdown
2022-02-07 01:12:52,493 [Time-limited test] INFO  util.JmxRegister (JmxRegister.java:unregister(73)) - Successfully un-registered JMX Bean with object name Ratis:service=RaftServer,group=group-C5BA1605619E,id=om1
2022-02-07 01:12:52,493 [Time-limited test] INFO  impl.RoleInfo (RoleInfo.java:shutdownLeaderState(91)) - om1: shutdown om1@group-C5BA1605619E-LeaderStateImpl
2022-02-07 01:12:52,493 [Time-limited test] INFO  impl.PendingRequests (PendingRequests.java:sendNotLeaderResponses(282)) - om1@group-C5BA1605619E-PendingRequests: sendNotLeaderResponses
2022-02-07 01:12:52,494 [om1@group-C5BA1605619E-StateMachineUpdater] INFO  ratis.OzoneManagerStateMachine (OzoneManagerStateMachine.java:takeSnapshot(417)) - Current Snapshot Index (t:1, i:0)
2022-02-07 01:12:52,494 [om1@group-C5BA1605619E-StateMachineUpdater] INFO  impl.StateMachineUpdater (StateMachineUpdater.java:takeSnapshot(281)) - om1@group-C5BA1605619E-StateMachineUpdater: Took a snapshot at index 0
2022-02-07 01:12:52,494 [om1@group-C5BA1605619E-StateMachineUpdater] INFO  impl.StateMachineUpdater (StateMachineUpdater.java:lambda$new$0(89)) - om1@group-C5BA1605619E-StateMachineUpdater: snapshotIndex: updateIncreasingly -1 -> 0
2022-02-07 01:12:52,494 [om1@group-C5BA1605619E-StateMachineUpdater] INFO  ratis.OzoneManagerStateMachine (OzoneManagerStateMachine.java:close(471)) - StateMachine has shutdown. Shutdown OzoneManager if not already shutdown.
2022-02-07 01:12:52,494 [Time-limited test] INFO  impl.StateMachineUpdater (StateMachineUpdater.java:stopAndJoin(149)) - om1@group-C5BA1605619E-StateMachineUpdater: set stopIndex = 0
2022-02-07 01:12:52,494 [Time-limited test] INFO  server.RaftServer$Division (ServerState.java:close(419)) - om1@group-C5BA1605619E: closes. applyIndex: 0
2022-02-07 01:12:52,495 [om1@group-C5BA1605619E-SegmentedRaftLogWorker] INFO  segmented.SegmentedRaftLogWorker (SegmentedRaftLogWorker.java:run(327)) - om1@group-C5BA1605619E-SegmentedRaftLogWorker was interrupted, exiting. There are 0 tasks remaining in the queue.
2022-02-07 01:12:52,496 [Time-limited test] INFO  segmented.SegmentedRaftLogWorker (SegmentedRaftLogWorker.java:close(237)) - om1@group-C5BA1605619E-SegmentedRaftLogWorker close()
2022-02-07 01:12:52,503 [Time-limited test] INFO  server.GrpcService (GrpcService.java:closeImpl(262)) - om1: shutdown server with port 9872 now
2022-02-07 01:12:52,503 [Time-limited test] INFO  server.GrpcService (GrpcService.java:closeImpl(271)) - om1: shutdown server with port 9872 successfully
2022-02-07 01:12:52,503 [org.apache.ratis.util.JvmPauseMonitor$$Lambda$431/1288267183@58caa296] INFO  util.JvmPauseMonitor (JvmPauseMonitor.java:run(109)) - JvmPauseMonitor-om1: Stopped
2022-02-07 01:12:52,504 [Time-limited test] INFO  ratis.OzoneManagerDoubleBuffer (OzoneManagerDoubleBuffer.java:stop(437)) - Stopping OMDoubleBuffer flush thread
2022-02-07 01:12:52,504 [OMDoubleBufferFlushThread] INFO  ratis.OzoneManagerDoubleBuffer (OzoneManagerDoubleBuffer.java:flushTransactions(356)) - OMDoubleBuffer flush thread OMDoubleBufferFlushThread is interrupted and will exit. OMDoubleBufferFlushThread
2022-02-07 01:12:52,504 [Time-limited test] INFO  utils.BackgroundService (BackgroundService.java:shutdown(132)) - Shutting down service KeyDeletingService
2022-02-07 01:12:52,505 [Time-limited test] INFO  utils.BackgroundService (BackgroundService.java:shutdown(132)) - Shutting down service DirectoryDeletingService
2022-02-07 01:12:52,507 [Time-limited test] INFO  handler.ContextHandler (ContextHandler.java:doStop(1153)) - Stopped o.e.j.w.WebAppContext@6dc0cfcd{ozoneManager,/,null,STOPPED}{file:/home/runner/work/ozone/ozone/hadoop-ozone/integration-test/target/test-classes/webapps/ozoneManager}
2022-02-07 01:12:52,507 [Time-limited test] INFO  server.AbstractConnector (AbstractConnector.java:doStop(381)) - Stopped ServerConnector@1d2ea3a5{HTTP/1.1, (http/1.1)}{0.0.0.0:0}
2022-02-07 01:12:52,507 [Time-limited test] INFO  server.session (HouseKeeper.java:stopScavenging(149)) - node0 Stopped scavenging
2022-02-07 01:12:52,508 [Time-limited test] INFO  handler.ContextHandler (ContextHandler.java:doStop(1153)) - Stopped o.e.j.s.ServletContextHandler@1b88437b{static,/static,file:///home/runner/work/ozone/ozone/hadoop-ozone/integration-test/target/test-classes/webapps/static,STOPPED}
2022-02-07 01:12:52,508 [Time-limited test] INFO  handler.ContextHandler (ContextHandler.java:doStop(1153)) - Stopped o.e.j.s.ServletContextHandler@64e8c39c{logs,/logs,file:///home/runner/work/ozone/ozone/hadoop-ozone/integration-test/target/log,STOPPED}
2022-02-07 01:12:52,515 [Time-limited test] INFO  ozone.MiniOzoneClusterImpl (MiniOzoneClusterImpl.java:stopDatanodes(511)) - Stopping the HddsDatanodes
2022-02-07 01:12:53,400 [ef2c9b8c-8b3b-4184-8870-dd68248b0ad2@group-BE58D53DA770-FollowerState] INFO  impl.FollowerState (FollowerState.java:run(134)) - ef2c9b8c-8b3b-4184-8870-dd68248b0ad2@group-BE58D53DA770-FollowerState: change to CANDIDATE, lastRpcElapsedTime:5011951972ns, electionTimeout:5010ms
2022-02-07 01:12:53,400 [ef2c9b8c-8b3b-4184-8870-dd68248b0ad2@group-BE58D53DA770-FollowerState] INFO  impl.RoleInfo (RoleInfo.java:shutdownFollowerState(108)) - ef2c9b8c-8b3b-4184-8870-dd68248b0ad2: shutdown ef2c9b8c-8b3b-4184-8870-dd68248b0ad2@group-BE58D53DA770-FollowerState
2022-02-07 01:12:53,400 [ef2c9b8c-8b3b-4184-8870-dd68248b0ad2@group-BE58D53DA770-FollowerState] INFO  server.RaftServer$Division (RaftServerImpl.java:setRole(290)) - ef2c9b8c-8b3b-4184-8870-dd68248b0ad2@group-BE58D53DA770: changes role from  FOLLOWER to CANDIDATE at term 7 for changeToCandidate
2022-02-07 01:12:53,400 [ef2c9b8c-8b3b-4184-8870-dd68248b0ad2@group-BE58D53DA770-FollowerState] INFO  server.RaftServerConfigKeys (ConfUtils.java:logGet(44)) - raft.server.leaderelection.pre-vote = false (custom)
2022-02-07 01:12:53,400 [ef2c9b8c-8b3b-4184-8870-dd68248b0ad2@group-BE58D53DA770-FollowerState] INFO  impl.RoleInfo (RoleInfo.java:updateAndGet(130)) - ef2c9b8c-8b3b-4184-8870-dd68248b0ad2: start ef2c9b8c-8b3b-4184-8870-dd68248b0ad2@group-BE58D53DA770-LeaderElection20
2022-02-07 01:12:53,407 [ef2c9b8c-8b3b-4184-8870-dd68248b0ad2@group-BE58D53DA770-LeaderElection20] INFO  impl.LeaderElection (LeaderElection.java:askForVotes(306)) - ef2c9b8c-8b3b-4184-8870-dd68248b0ad2@group-BE58D53DA770-LeaderElection20 ELECTION round 0: submit vote requests at term 8 for -1: [9f9d0b70-d7d3-413f-b2b0-b1a7eeb17962|rpc:10.1.0.96:40481|priority:1, 73449ac0-f7ab-4a13-95e2-c884dfff8ef3|rpc:10.1.0.96:36719|priority:0, ef2c9b8c-8b3b-4184-8870-dd68248b0ad2|rpc:10.1.0.96:43333|priority:0], old=null
2022-02-07 01:12:53,423 [grpc-default-executor-1] INFO  server.RaftServer$Division (RaftServerImpl.java:requestVote(1046)) - 9f9d0b70-d7d3-413f-b2b0-b1a7eeb17962@group-BE58D53DA770: receive requestVote(ELECTION, ef2c9b8c-8b3b-4184-8870-dd68248b0ad2, group-BE58D53DA770, 8, (t:0, i:0))
2022-02-07 01:12:53,423 [grpc-default-executor-1] INFO  impl.VoteContext (VoteContext.java:log(48)) - 9f9d0b70-d7d3-413f-b2b0-b1a7eeb17962@group-BE58D53DA770-FOLLOWER: reject ELECTION from ef2c9b8c-8b3b-4184-8870-dd68248b0ad2: our priority 1 > candidate's priority 0
2022-02-07 01:12:53,423 [grpc-default-executor-1] INFO  server.RaftServer$Division (RaftServerImpl.java:setRole(290)) - 9f9d0b70-d7d3-413f-b2b0-b1a7eeb17962@group-BE58D53DA770: changes role from  FOLLOWER to FOLLOWER at term 8 for candidate:ef2c9b8c-8b3b-4184-8870-dd68248b0ad2
2022-02-07 01:12:53,423 [grpc-default-executor-1] INFO  impl.RoleInfo (RoleInfo.java:shutdownFollowerState(108)) - 9f9d0b70-d7d3-413f-b2b0-b1a7eeb17962: shutdown 9f9d0b70-d7d3-413f-b2b0-b1a7eeb17962@group-BE58D53DA770-FollowerState
2022-02-07 01:12:53,423 [grpc-default-executor-1] INFO  impl.RoleInfo (RoleInfo.java:updateAndGet(130)) - 9f9d0b70-d7d3-413f-b2b0-b1a7eeb17962: start 9f9d0b70-d7d3-413f-b2b0-b1a7eeb17962@group-BE58D53DA770-FollowerState
2022-02-07 01:12:53,423 [9f9d0b70-d7d3-413f-b2b0-b1a7eeb17962@group-BE58D53DA770-FollowerState] INFO  impl.FollowerState (FollowerState.java:run(143)) - 9f9d0b70-d7d3-413f-b2b0-b1a7eeb17962@group-BE58D53DA770-FollowerState was interrupted: {}
java.lang.InterruptedException: sleep interrupted
	at java.lang.Thread.sleep(Native Method)
	at java.lang.Thread.sleep(Thread.java:340)
	at java.util.concurrent.TimeUnit.sleep(TimeUnit.java:386)
	at org.apache.ratis.util.TimeDuration.sleep(TimeDuration.java:324)
	at org.apache.ratis.util.TimeDuration.sleep(TimeDuration.java:309)
	at org.apache.ratis.server.impl.FollowerState.run(FollowerState.java:118)
2022-02-07 01:12:53,426 [grpc-default-executor-1] INFO  server.RaftServer$Division (RaftServerImpl.java:requestVote(1078)) - 9f9d0b70-d7d3-413f-b2b0-b1a7eeb17962@group-BE58D53DA770 replies to ELECTION vote request: ef2c9b8c-8b3b-4184-8870-dd68248b0ad2<-9f9d0b70-d7d3-413f-b2b0-b1a7eeb17962#0:FAIL-t8. Peer's state: 9f9d0b70-d7d3-413f-b2b0-b1a7eeb17962@group-BE58D53DA770:t8, leader=null, voted=null, raftlog=9f9d0b70-d7d3-413f-b2b0-b1a7eeb17962@group-BE58D53DA770-SegmentedRaftLog:OPENED:c-1, conf=-1: [9f9d0b70-d7d3-413f-b2b0-b1a7eeb17962|rpc:10.1.0.96:40481|priority:1, 73449ac0-f7ab-4a13-95e2-c884dfff8ef3|rpc:10.1.0.96:36719|priority:0, ef2c9b8c-8b3b-4184-8870-dd68248b0ad2|rpc:10.1.0.96:43333|priority:0], old=null
2022-02-07 01:12:53,427 [grpc-default-executor-1] INFO  server.RaftServer$Division (RaftServerImpl.java:requestVote(1046)) - 73449ac0-f7ab-4a13-95e2-c884dfff8ef3@group-BE58D53DA770: receive requestVote(ELECTION, ef2c9b8c-8b3b-4184-8870-dd68248b0ad2, group-BE58D53DA770, 8, (t:0, i:0))
2022-02-07 01:12:53,428 [grpc-default-executor-1] INFO  impl.VoteContext (VoteContext.java:log(48)) - 73449ac0-f7ab-4a13-95e2-c884dfff8ef3@group-BE58D53DA770-FOLLOWER: accept ELECTION from ef2c9b8c-8b3b-4184-8870-dd68248b0ad2: our priority 0 <= candidate's priority 0
2022-02-07 01:12:53,428 [grpc-default-executor-1] INFO  server.RaftServer$Division (RaftServerImpl.java:setRole(290)) - 73449ac0-f7ab-4a13-95e2-c884dfff8ef3@group-BE58D53DA770: changes role from  FOLLOWER to FOLLOWER at term 8 for candidate:ef2c9b8c-8b3b-4184-8870-dd68248b0ad2
2022-02-07 01:12:53,428 [grpc-default-executor-1] INFO  impl.RoleInfo (RoleInfo.java:shutdownFollowerState(108)) - 73449ac0-f7ab-4a13-95e2-c884dfff8ef3: shutdown 73449ac0-f7ab-4a13-95e2-c884dfff8ef3@group-BE58D53DA770-FollowerState
2022-02-07 01:12:53,428 [grpc-default-executor-1] INFO  impl.RoleInfo (RoleInfo.java:updateAndGet(130)) - 73449ac0-f7ab-4a13-95e2-c884dfff8ef3: start 73449ac0-f7ab-4a13-95e2-c884dfff8ef3@group-BE58D53DA770-FollowerState
2022-02-07 01:12:53,428 [73449ac0-f7ab-4a13-95e2-c884dfff8ef3@group-BE58D53DA770-FollowerState] INFO  impl.FollowerState (FollowerState.java:run(143)) - 73449ac0-f7ab-4a13-95e2-c884dfff8ef3@group-BE58D53DA770-FollowerState was interrupted: {}
java.lang.InterruptedException: sleep interrupted
	at java.lang.Thread.sleep(Native Method)
	at java.lang.Thread.sleep(Thread.java:340)
	at java.util.concurrent.TimeUnit.sleep(TimeUnit.java:386)
	at org.apache.ratis.util.TimeDuration.sleep(TimeDuration.java:324)
	at org.apache.ratis.util.TimeDuration.sleep(TimeDuration.java:309)
	at org.apache.ratis.server.impl.FollowerState.run(FollowerState.java:118)
2022-02-07 01:12:53,434 [ef2c9b8c-8b3b-4184-8870-dd68248b0ad2@group-BE58D53DA770-LeaderElection20] INFO  impl.LeaderElection (LeaderElection.java:logAndReturn(89)) - ef2c9b8c-8b3b-4184-8870-dd68248b0ad2@group-BE58D53DA770-LeaderElection20: ELECTION REJECTED received 1 response(s) and 0 exception(s):
2022-02-07 01:12:53,434 [ef2c9b8c-8b3b-4184-8870-dd68248b0ad2@group-BE58D53DA770-LeaderElection20] INFO  impl.LeaderElection (LeaderElection.java:logAndReturn(93)) -   Response 0: ef2c9b8c-8b3b-4184-8870-dd68248b0ad2<-9f9d0b70-d7d3-413f-b2b0-b1a7eeb17962#0:FAIL-t8
2022-02-07 01:12:53,435 [ef2c9b8c-8b3b-4184-8870-dd68248b0ad2@group-BE58D53DA770-LeaderElection20] INFO  impl.LeaderElection (LeaderElection.java:askForVotes(308)) - ef2c9b8c-8b3b-4184-8870-dd68248b0ad2@group-BE58D53DA770-LeaderElection20 ELECTION round 0: result REJECTED
2022-02-07 01:12:53,435 [ef2c9b8c-8b3b-4184-8870-dd68248b0ad2@group-BE58D53DA770-LeaderElection20] INFO  server.RaftServer$Division (RaftServerImpl.java:setRole(290)) - ef2c9b8c-8b3b-4184-8870-dd68248b0ad2@group-BE58D53DA770: changes role from CANDIDATE to FOLLOWER at term 8 for REJECTED
2022-02-07 01:12:53,435 [ef2c9b8c-8b3b-4184-8870-dd68248b0ad2@group-BE58D53DA770-LeaderElection20] INFO  impl.RoleInfo (RoleInfo.java:shutdownLeaderElection(121)) - ef2c9b8c-8b3b-4184-8870-dd68248b0ad2: shutdown ef2c9b8c-8b3b-4184-8870-dd68248b0ad2@group-BE58D53DA770-LeaderElection20
2022-02-07 01:12:53,435 [ef2c9b8c-8b3b-4184-8870-dd68248b0ad2@group-BE58D53DA770-LeaderElection20] INFO  impl.RoleInfo (RoleInfo.java:updateAndGet(130)) - ef2c9b8c-8b3b-4184-8870-dd68248b0ad2: start ef2c9b8c-8b3b-4184-8870-dd68248b0ad2@group-BE58D53DA770-FollowerState
2022-02-07 01:12:53,440 [grpc-default-executor-1] INFO  server.RaftServer$Division (RaftServerImpl.java:requestVote(1078)) - 73449ac0-f7ab-4a13-95e2-c884dfff8ef3@group-BE58D53DA770 replies to ELECTION vote request: ef2c9b8c-8b3b-4184-8870-dd68248b0ad2<-73449ac0-f7ab-4a13-95e2-c884dfff8ef3#0:OK-t8. Peer's state: 73449ac0-f7ab-4a13-95e2-c884dfff8ef3@group-BE58D53DA770:t8, leader=null, voted=ef2c9b8c-8b3b-4184-8870-dd68248b0ad2, raftlog=73449ac0-f7ab-4a13-95e2-c884dfff8ef3@group-BE58D53DA770-SegmentedRaftLog:OPENED:c-1, conf=-1: [9f9d0b70-d7d3-413f-b2b0-b1a7eeb17962|rpc:10.1.0.96:40481|priority:1, 73449ac0-f7ab-4a13-95e2-c884dfff8ef3|rpc:10.1.0.96:36719|priority:0, ef2c9b8c-8b3b-4184-8870-dd68248b0ad2|rpc:10.1.0.96:43333|priority:0], old=null
2022-02-07 01:12:57,520 [Time-limited test] INFO  ozoneimpl.OzoneContainer (OzoneContainer.java:stop(336)) - Attempting to stop container services.
2022-02-07 01:12:57,521 [Time-limited test] INFO  server.RaftServer (RaftServerProxy.java:lambda$close$6(391)) - 9f9d0b70-d7d3-413f-b2b0-b1a7eeb17962: close
2022-02-07 01:12:57,522 [Time-limited test] INFO  server.RaftServer$Division (RaftServerImpl.java:lambda$close$4(412)) - 9f9d0b70-d7d3-413f-b2b0-b1a7eeb17962@group-BE58D53DA770: shutdown
2022-02-07 01:12:57,522 [Time-limited test] INFO  util.JmxRegister (JmxRegister.java:unregister(73)) - Successfully un-registered JMX Bean with object name Ratis:service=RaftServer,group=group-BE58D53DA770,id=9f9d0b70-d7d3-413f-b2b0-b1a7eeb17962
2022-02-07 01:12:57,522 [Time-limited test] INFO  impl.RoleInfo (RoleInfo.java:shutdownFollowerState(108)) - 9f9d0b70-d7d3-413f-b2b0-b1a7eeb17962: shutdown 9f9d0b70-d7d3-413f-b2b0-b1a7eeb17962@group-BE58D53DA770-FollowerState
2022-02-07 01:12:57,522 [Time-limited test] INFO  impl.StateMachineUpdater (StateMachineUpdater.java:stopAndJoin(149)) - 9f9d0b70-d7d3-413f-b2b0-b1a7eeb17962@group-BE58D53DA770-StateMachineUpdater: set stopIndex = -1
2022-02-07 01:12:57,522 [9f9d0b70-d7d3-413f-b2b0-b1a7eeb17962@group-BE58D53DA770-FollowerState] INFO  impl.FollowerState (FollowerState.java:run(143)) - 9f9d0b70-d7d3-413f-b2b0-b1a7eeb17962@group-BE58D53DA770-FollowerState was interrupted: {}
java.lang.InterruptedException: sleep interrupted
	at java.lang.Thread.sleep(Native Method)
	at java.lang.Thread.sleep(Thread.java:340)
	at java.util.concurrent.TimeUnit.sleep(TimeUnit.java:386)
	at org.apache.ratis.util.TimeDuration.sleep(TimeDuration.java:324)
	at org.apache.ratis.util.TimeDuration.sleep(TimeDuration.java:309)
	at org.apache.ratis.server.impl.FollowerState.run(FollowerState.java:118)
2022-02-07 01:12:57,524 [Time-limited test] INFO  server.RaftServer$Division (ServerState.java:close(419)) - 9f9d0b70-d7d3-413f-b2b0-b1a7eeb17962@group-BE58D53DA770: closes. applyIndex: -1
2022-02-07 01:12:57,524 [9f9d0b70-d7d3-413f-b2b0-b1a7eeb17962@group-BE58D53DA770-SegmentedRaftLogWorker] INFO  segmented.SegmentedRaftLogWorker (SegmentedRaftLogWorker.java:run(327)) - 9f9d0b70-d7d3-413f-b2b0-b1a7eeb17962@group-BE58D53DA770-SegmentedRaftLogWorker was interrupted, exiting. There are 0 tasks remaining in the queue.
2022-02-07 01:12:57,524 [ForkJoinPool.commonPool-worker-1] INFO  ozoneimpl.OzoneContainer (OzoneContainer.java:stop(336)) - Attempting to stop container services.
2022-02-07 01:12:57,525 [Time-limited test] INFO  segmented.SegmentedRaftLogWorker (SegmentedRaftLogWorker.java:close(237)) - 9f9d0b70-d7d3-413f-b2b0-b1a7eeb17962@group-BE58D53DA770-SegmentedRaftLogWorker close()
2022-02-07 01:12:57,525 [ForkJoinPool.commonPool-worker-1] INFO  server.RaftServer (RaftServerProxy.java:lambda$close$6(391)) - 73449ac0-f7ab-4a13-95e2-c884dfff8ef3: close
2022-02-07 01:12:57,526 [ForkJoinPool.commonPool-worker-1] INFO  server.RaftServer$Division (RaftServerImpl.java:lambda$close$4(412)) - 73449ac0-f7ab-4a13-95e2-c884dfff8ef3@group-BE58D53DA770: shutdown
2022-02-07 01:12:57,526 [ForkJoinPool.commonPool-worker-1] INFO  util.JmxRegister (JmxRegister.java:unregister(73)) - Successfully un-registered JMX Bean with object name Ratis:service=RaftServer,group=group-BE58D53DA770,id=73449ac0-f7ab-4a13-95e2-c884dfff8ef3
2022-02-07 01:12:57,526 [ForkJoinPool.commonPool-worker-1] INFO  impl.RoleInfo (RoleInfo.java:shutdownFollowerState(108)) - 73449ac0-f7ab-4a13-95e2-c884dfff8ef3: shutdown 73449ac0-f7ab-4a13-95e2-c884dfff8ef3@group-BE58D53DA770-FollowerState
2022-02-07 01:12:57,526 [ForkJoinPool.commonPool-worker-1] INFO  impl.StateMachineUpdater (StateMachineUpdater.java:stopAndJoin(149)) - 73449ac0-f7ab-4a13-95e2-c884dfff8ef3@group-BE58D53DA770-StateMachineUpdater: set stopIndex = -1
2022-02-07 01:12:57,526 [73449ac0-f7ab-4a13-95e2-c884dfff8ef3@group-BE58D53DA770-FollowerState] INFO  impl.FollowerState (FollowerState.java:run(143)) - 73449ac0-f7ab-4a13-95e2-c884dfff8ef3@group-BE58D53DA770-FollowerState was interrupted: {}
java.lang.InterruptedException: sleep interrupted
	at java.lang.Thread.sleep(Native Method)
	at java.lang.Thread.sleep(Thread.java:340)
	at java.util.concurrent.TimeUnit.sleep(TimeUnit.java:386)
	at org.apache.ratis.util.TimeDuration.sleep(TimeDuration.java:324)
	at org.apache.ratis.util.TimeDuration.sleep(TimeDuration.java:309)
	at org.apache.ratis.server.impl.FollowerState.run(FollowerState.java:118)
2022-02-07 01:12:57,526 [ForkJoinPool.commonPool-worker-1] INFO  server.RaftServer$Division (ServerState.java:close(419)) - 73449ac0-f7ab-4a13-95e2-c884dfff8ef3@group-BE58D53DA770: closes. applyIndex: -1
2022-02-07 01:12:57,526 [73449ac0-f7ab-4a13-95e2-c884dfff8ef3@group-BE58D53DA770-SegmentedRaftLogWorker] INFO  segmented.SegmentedRaftLogWorker (SegmentedRaftLogWorker.java:run(327)) - 73449ac0-f7ab-4a13-95e2-c884dfff8ef3@group-BE58D53DA770-SegmentedRaftLogWorker was interrupted, exiting. There are 0 tasks remaining in the queue.
2022-02-07 01:12:57,527 [ForkJoinPool.commonPool-worker-1] INFO  segmented.SegmentedRaftLogWorker (SegmentedRaftLogWorker.java:close(237)) - 73449ac0-f7ab-4a13-95e2-c884dfff8ef3@group-BE58D53DA770-SegmentedRaftLogWorker close()
2022-02-07 01:12:57,527 [Time-limited test] INFO  server.RaftServer$Division (RaftServerImpl.java:lambda$close$4(412)) - 9f9d0b70-d7d3-413f-b2b0-b1a7eeb17962@group-399D0FFE117B: shutdown
2022-02-07 01:12:57,529 [Time-limited test] INFO  util.JmxRegister (JmxRegister.java:unregister(73)) - Successfully un-registered JMX Bean with object name Ratis:service=RaftServer,group=group-399D0FFE117B,id=9f9d0b70-d7d3-413f-b2b0-b1a7eeb17962
2022-02-07 01:12:57,529 [Time-limited test] INFO  impl.RoleInfo (RoleInfo.java:shutdownLeaderState(91)) - 9f9d0b70-d7d3-413f-b2b0-b1a7eeb17962: shutdown 9f9d0b70-d7d3-413f-b2b0-b1a7eeb17962@group-399D0FFE117B-LeaderStateImpl
2022-02-07 01:12:57,529 [Time-limited test] INFO  impl.PendingRequests (PendingRequests.java:sendNotLeaderResponses(282)) - 9f9d0b70-d7d3-413f-b2b0-b1a7eeb17962@group-399D0FFE117B-PendingRequests: sendNotLeaderResponses
2022-02-07 01:12:57,529 [ForkJoinPool.commonPool-worker-1] INFO  server.RaftServer$Division (RaftServerImpl.java:lambda$close$4(412)) - 73449ac0-f7ab-4a13-95e2-c884dfff8ef3@group-5B2583497080: shutdown
2022-02-07 01:12:57,530 [ForkJoinPool.commonPool-worker-1] INFO  util.JmxRegister (JmxRegister.java:unregister(73)) - Successfully un-registered JMX Bean with object name Ratis:service=RaftServer,group=group-5B2583497080,id=73449ac0-f7ab-4a13-95e2-c884dfff8ef3
2022-02-07 01:12:57,530 [ForkJoinPool.commonPool-worker-1] INFO  impl.RoleInfo (RoleInfo.java:shutdownLeaderState(91)) - 73449ac0-f7ab-4a13-95e2-c884dfff8ef3: shutdown 73449ac0-f7ab-4a13-95e2-c884dfff8ef3@group-5B2583497080-LeaderStateImpl
2022-02-07 01:12:57,530 [ForkJoinPool.commonPool-worker-1] INFO  impl.PendingRequests (PendingRequests.java:sendNotLeaderResponses(282)) - 73449ac0-f7ab-4a13-95e2-c884dfff8ef3@group-5B2583497080-PendingRequests: sendNotLeaderResponses
2022-02-07 01:12:57,530 [ForkJoinPool.commonPool-worker-1] INFO  impl.StateMachineUpdater (StateMachineUpdater.java:stopAndJoin(149)) - 73449ac0-f7ab-4a13-95e2-c884dfff8ef3@group-5B2583497080-StateMachineUpdater: set stopIndex = 0
2022-02-07 01:12:57,531 [73449ac0-f7ab-4a13-95e2-c884dfff8ef3@group-5B2583497080-StateMachineUpdater] INFO  ratis.ContainerStateMachine (ContainerStateMachine.java:takeSnapshot(299)) - group-5B2583497080: Taking a snapshot at:(t:1, i:0) file /home/runner/work/ozone/ozone/hadoop-ozone/integration-test/target/test-dir/MiniOzoneClusterImpl-bf974671-0ee4-44cd-a16a-aba150e4f4c7/datanode-0/data/ratis/f23a270c-5d28-4539-aae4-5b2583497080/sm/snapshot.1_0
2022-02-07 01:12:57,539 [9f9d0b70-d7d3-413f-b2b0-b1a7eeb17962@group-399D0FFE117B-StateMachineUpdater] INFO  ratis.ContainerStateMachine (ContainerStateMachine.java:takeSnapshot(299)) - group-399D0FFE117B: Taking a snapshot at:(t:1, i:0) file /home/runner/work/ozone/ozone/hadoop-ozone/integration-test/target/test-dir/MiniOzoneClusterImpl-bf974671-0ee4-44cd-a16a-aba150e4f4c7/datanode-1/data/ratis/fbf27227-d23f-4283-ba4e-399d0ffe117b/sm/snapshot.1_0
2022-02-07 01:12:57,539 [Time-limited test] INFO  impl.StateMachineUpdater (StateMachineUpdater.java:stopAndJoin(149)) - 9f9d0b70-d7d3-413f-b2b0-b1a7eeb17962@group-399D0FFE117B-StateMachineUpdater: set stopIndex = 0
2022-02-07 01:12:57,591 [73449ac0-f7ab-4a13-95e2-c884dfff8ef3@group-5B2583497080-StateMachineUpdater] INFO  ratis.ContainerStateMachine (ContainerStateMachine.java:takeSnapshot(310)) - group-5B2583497080: Finished taking a snapshot at:(t:1, i:0) file:/home/runner/work/ozone/ozone/hadoop-ozone/integration-test/target/test-dir/MiniOzoneClusterImpl-bf974671-0ee4-44cd-a16a-aba150e4f4c7/datanode-0/data/ratis/f23a270c-5d28-4539-aae4-5b2583497080/sm/snapshot.1_0 took: 61 ms
2022-02-07 01:12:57,593 [73449ac0-f7ab-4a13-95e2-c884dfff8ef3@group-5B2583497080-StateMachineUpdater] INFO  impl.StateMachineUpdater (StateMachineUpdater.java:takeSnapshot(281)) - 73449ac0-f7ab-4a13-95e2-c884dfff8ef3@group-5B2583497080-StateMachineUpdater: Took a snapshot at index 0
2022-02-07 01:12:57,593 [73449ac0-f7ab-4a13-95e2-c884dfff8ef3@group-5B2583497080-StateMachineUpdater] INFO  impl.StateMachineUpdater (StateMachineUpdater.java:lambda$new$0(89)) - 73449ac0-f7ab-4a13-95e2-c884dfff8ef3@group-5B2583497080-StateMachineUpdater: snapshotIndex: updateIncreasingly -1 -> 0
2022-02-07 01:12:57,593 [9f9d0b70-d7d3-413f-b2b0-b1a7eeb17962@group-399D0FFE117B-StateMachineUpdater] INFO  ratis.ContainerStateMachine (ContainerStateMachine.java:takeSnapshot(310)) - group-399D0FFE117B: Finished taking a snapshot at:(t:1, i:0) file:/home/runner/work/ozone/ozone/hadoop-ozone/integration-test/target/test-dir/MiniOzoneClusterImpl-bf974671-0ee4-44cd-a16a-aba150e4f4c7/datanode-1/data/ratis/fbf27227-d23f-4283-ba4e-399d0ffe117b/sm/snapshot.1_0 took: 55 ms
2022-02-07 01:12:57,594 [9f9d0b70-d7d3-413f-b2b0-b1a7eeb17962@group-399D0FFE117B-StateMachineUpdater] INFO  impl.StateMachineUpdater (StateMachineUpdater.java:takeSnapshot(281)) - 9f9d0b70-d7d3-413f-b2b0-b1a7eeb17962@group-399D0FFE117B-StateMachineUpdater: Took a snapshot at index 0
2022-02-07 01:12:57,594 [ForkJoinPool.commonPool-worker-1] INFO  server.RaftServer$Division (ServerState.java:close(419)) - 73449ac0-f7ab-4a13-95e2-c884dfff8ef3@group-5B2583497080: closes. applyIndex: 0
2022-02-07 01:12:57,594 [73449ac0-f7ab-4a13-95e2-c884dfff8ef3@group-5B2583497080-SegmentedRaftLogWorker] INFO  segmented.SegmentedRaftLogWorker (SegmentedRaftLogWorker.java:run(327)) - 73449ac0-f7ab-4a13-95e2-c884dfff8ef3@group-5B2583497080-SegmentedRaftLogWorker was interrupted, exiting. There are 0 tasks remaining in the queue.
2022-02-07 01:12:57,594 [9f9d0b70-d7d3-413f-b2b0-b1a7eeb17962@group-399D0FFE117B-StateMachineUpdater] INFO  impl.StateMachineUpdater (StateMachineUpdater.java:lambda$new$0(89)) - 9f9d0b70-d7d3-413f-b2b0-b1a7eeb17962@group-399D0FFE117B-StateMachineUpdater: snapshotIndex: updateIncreasingly -1 -> 0
2022-02-07 01:12:57,595 [ForkJoinPool.commonPool-worker-1] INFO  segmented.SegmentedRaftLogWorker (SegmentedRaftLogWorker.java:close(237)) - 73449ac0-f7ab-4a13-95e2-c884dfff8ef3@group-5B2583497080-SegmentedRaftLogWorker close()
2022-02-07 01:12:57,596 [Time-limited test] INFO  server.RaftServer$Division (ServerState.java:close(419)) - 9f9d0b70-d7d3-413f-b2b0-b1a7eeb17962@group-399D0FFE117B: closes. applyIndex: 0
2022-02-07 01:12:57,596 [9f9d0b70-d7d3-413f-b2b0-b1a7eeb17962@group-399D0FFE117B-SegmentedRaftLogWorker] INFO  segmented.SegmentedRaftLogWorker (SegmentedRaftLogWorker.java:run(327)) - 9f9d0b70-d7d3-413f-b2b0-b1a7eeb17962@group-399D0FFE117B-SegmentedRaftLogWorker was interrupted, exiting. There are 0 tasks remaining in the queue.
2022-02-07 01:12:57,596 [Time-limited test] INFO  segmented.SegmentedRaftLogWorker (SegmentedRaftLogWorker.java:close(237)) - 9f9d0b70-d7d3-413f-b2b0-b1a7eeb17962@group-399D0FFE117B-SegmentedRaftLogWorker close()
2022-02-07 01:12:57,597 [ForkJoinPool.commonPool-worker-1] INFO  server.GrpcService (GrpcService.java:closeImpl(262)) - 73449ac0-f7ab-4a13-95e2-c884dfff8ef3: shutdown server with port 36719 now
2022-02-07 01:12:57,604 [Time-limited test] INFO  server.GrpcService (GrpcService.java:closeImpl(262)) - 9f9d0b70-d7d3-413f-b2b0-b1a7eeb17962: shutdown server with port 40481 now
2022-02-07 01:12:57,609 [Time-limited test] INFO  server.GrpcService (GrpcService.java:closeImpl(271)) - 9f9d0b70-d7d3-413f-b2b0-b1a7eeb17962: shutdown server with port 40481 successfully
2022-02-07 01:12:57,609 [org.apache.ratis.util.JvmPauseMonitor$$Lambda$431/1288267183@55e563d9] INFO  util.JvmPauseMonitor (JvmPauseMonitor.java:run(109)) - JvmPauseMonitor-9f9d0b70-d7d3-413f-b2b0-b1a7eeb17962: Stopped
2022-02-07 01:12:57,614 [ForkJoinPool.commonPool-worker-1] INFO  server.GrpcService (GrpcService.java:closeImpl(271)) - 73449ac0-f7ab-4a13-95e2-c884dfff8ef3: shutdown server with port 36719 successfully
2022-02-07 01:12:57,614 [org.apache.ratis.util.JvmPauseMonitor$$Lambda$431/1288267183@2e43a12c] INFO  util.JvmPauseMonitor (JvmPauseMonitor.java:run(109)) - JvmPauseMonitor-73449ac0-f7ab-4a13-95e2-c884dfff8ef3: Stopped
2022-02-07 01:12:58,544 [ef2c9b8c-8b3b-4184-8870-dd68248b0ad2@group-BE58D53DA770-FollowerState] INFO  impl.FollowerState (FollowerState.java:run(134)) - ef2c9b8c-8b3b-4184-8870-dd68248b0ad2@group-BE58D53DA770-FollowerState: change to CANDIDATE, lastRpcElapsedTime:5109619801ns, electionTimeout:5104ms
2022-02-07 01:12:58,545 [ef2c9b8c-8b3b-4184-8870-dd68248b0ad2@group-BE58D53DA770-FollowerState] INFO  impl.RoleInfo (RoleInfo.java:shutdownFollowerState(108)) - ef2c9b8c-8b3b-4184-8870-dd68248b0ad2: shutdown ef2c9b8c-8b3b-4184-8870-dd68248b0ad2@group-BE58D53DA770-FollowerState
2022-02-07 01:12:58,545 [ef2c9b8c-8b3b-4184-8870-dd68248b0ad2@group-BE58D53DA770-FollowerState] INFO  server.RaftServer$Division (RaftServerImpl.java:setRole(290)) - ef2c9b8c-8b3b-4184-8870-dd68248b0ad2@group-BE58D53DA770: changes role from  FOLLOWER to CANDIDATE at term 8 for changeToCandidate
2022-02-07 01:12:58,545 [ef2c9b8c-8b3b-4184-8870-dd68248b0ad2@group-BE58D53DA770-FollowerState] INFO  server.RaftServerConfigKeys (ConfUtils.java:logGet(44)) - raft.server.leaderelection.pre-vote = false (custom)
2022-02-07 01:12:58,545 [ef2c9b8c-8b3b-4184-8870-dd68248b0ad2@group-BE58D53DA770-FollowerState] INFO  impl.RoleInfo (RoleInfo.java:updateAndGet(130)) - ef2c9b8c-8b3b-4184-8870-dd68248b0ad2: start ef2c9b8c-8b3b-4184-8870-dd68248b0ad2@group-BE58D53DA770-LeaderElection21
2022-02-07 01:12:58,547 [ef2c9b8c-8b3b-4184-8870-dd68248b0ad2@group-BE58D53DA770-LeaderElection21] INFO  impl.LeaderElection (LeaderElection.java:askForVotes(306)) - ef2c9b8c-8b3b-4184-8870-dd68248b0ad2@group-BE58D53DA770-LeaderElection21 ELECTION round 0: submit vote requests at term 9 for -1: [9f9d0b70-d7d3-413f-b2b0-b1a7eeb17962|rpc:10.1.0.96:40481|priority:1, 73449ac0-f7ab-4a13-95e2-c884dfff8ef3|rpc:10.1.0.96:36719|priority:0, ef2c9b8c-8b3b-4184-8870-dd68248b0ad2|rpc:10.1.0.96:43333|priority:0], old=null
2022-02-07 01:12:58,566 [ef2c9b8c-8b3b-4184-8870-dd68248b0ad2@group-BE58D53DA770-LeaderElection21] INFO  impl.LeaderElection (LogUtils.java:infoOrTrace(137)) - ef2c9b8c-8b3b-4184-8870-dd68248b0ad2@group-BE58D53DA770-LeaderElection21 got exception when requesting votes: java.util.concurrent.ExecutionException: org.apache.ratis.thirdparty.io.grpc.StatusRuntimeException: UNAVAILABLE: io exception
2022-02-07 01:12:58,570 [ef2c9b8c-8b3b-4184-8870-dd68248b0ad2@group-BE58D53DA770-LeaderElection21] INFO  impl.LeaderElection (LogUtils.java:infoOrTrace(137)) - ef2c9b8c-8b3b-4184-8870-dd68248b0ad2@group-BE58D53DA770-LeaderElection21 got exception when requesting votes: java.util.concurrent.ExecutionException: org.apache.ratis.thirdparty.io.grpc.StatusRuntimeException: UNAVAILABLE: io exception
2022-02-07 01:12:58,570 [ef2c9b8c-8b3b-4184-8870-dd68248b0ad2@group-BE58D53DA770-LeaderElection21] INFO  impl.LeaderElection (LeaderElection.java:logAndReturn(89)) - ef2c9b8c-8b3b-4184-8870-dd68248b0ad2@group-BE58D53DA770-LeaderElection21: ELECTION REJECTED received 0 response(s) and 2 exception(s):
2022-02-07 01:12:58,570 [ef2c9b8c-8b3b-4184-8870-dd68248b0ad2@group-BE58D53DA770-LeaderElection21] INFO  impl.LeaderElection (LogUtils.java:infoOrTrace(137)) -   Exception 0: java.util.concurrent.ExecutionException: org.apache.ratis.thirdparty.io.grpc.StatusRuntimeException: UNAVAILABLE: io exception
2022-02-07 01:12:58,570 [ef2c9b8c-8b3b-4184-8870-dd68248b0ad2@group-BE58D53DA770-LeaderElection21] INFO  impl.LeaderElection (LogUtils.java:infoOrTrace(137)) -   Exception 1: java.util.concurrent.ExecutionException: org.apache.ratis.thirdparty.io.grpc.StatusRuntimeException: UNAVAILABLE: io exception
2022-02-07 01:12:58,570 [ef2c9b8c-8b3b-4184-8870-dd68248b0ad2@group-BE58D53DA770-LeaderElection21] INFO  impl.LeaderElection (LeaderElection.java:askForVotes(308)) - ef2c9b8c-8b3b-4184-8870-dd68248b0ad2@group-BE58D53DA770-LeaderElection21 ELECTION round 0: result REJECTED
2022-02-07 01:12:58,571 [ef2c9b8c-8b3b-4184-8870-dd68248b0ad2@group-BE58D53DA770-LeaderElection21] INFO  server.RaftServer$Division (RaftServerImpl.java:setRole(290)) - ef2c9b8c-8b3b-4184-8870-dd68248b0ad2@group-BE58D53DA770: changes role from CANDIDATE to FOLLOWER at term 9 for REJECTED
2022-02-07 01:12:58,572 [ef2c9b8c-8b3b-4184-8870-dd68248b0ad2@group-BE58D53DA770-LeaderElection21] INFO  impl.RoleInfo (RoleInfo.java:shutdownLeaderElection(121)) - ef2c9b8c-8b3b-4184-8870-dd68248b0ad2: shutdown ef2c9b8c-8b3b-4184-8870-dd68248b0ad2@group-BE58D53DA770-LeaderElection21
2022-02-07 01:12:58,572 [ef2c9b8c-8b3b-4184-8870-dd68248b0ad2@group-BE58D53DA770-LeaderElection21] INFO  impl.RoleInfo (RoleInfo.java:updateAndGet(130)) - ef2c9b8c-8b3b-4184-8870-dd68248b0ad2: start ef2c9b8c-8b3b-4184-8870-dd68248b0ad2@group-BE58D53DA770-FollowerState
2022-02-07 01:12:59,624 [Time-limited test] INFO  utils.BackgroundService (BackgroundService.java:shutdown(132)) - Shutting down service BlockDeletingService
2022-02-07 01:12:59,624 [ForkJoinPool.commonPool-worker-1] INFO  utils.BackgroundService (BackgroundService.java:shutdown(132)) - Shutting down service BlockDeletingService
2022-02-07 01:13:02,629 [ForkJoinPool.commonPool-worker-1] INFO  statemachine.DatanodeStateMachine (DatanodeStateMachine.java:stopDaemon(529)) - Ozone container server stopped.
2022-02-07 01:13:02,631 [ForkJoinPool.commonPool-worker-1] INFO  handler.ContextHandler (ContextHandler.java:doStop(1153)) - Stopped o.e.j.w.WebAppContext@2052a7b3{hddsDatanode,/,null,STOPPED}{jar:file:/home/runner/.m2/repository/org/apache/ozone/hdds-container-service/1.3.0-SNAPSHOT/hdds-container-service-1.3.0-SNAPSHOT.jar!/webapps/hddsDatanode}
2022-02-07 01:13:02,632 [ForkJoinPool.commonPool-worker-1] INFO  server.AbstractConnector (AbstractConnector.java:doStop(381)) - Stopped ServerConnector@58f6ab0b{HTTP/1.1, (http/1.1)}{0.0.0.0:0}
2022-02-07 01:13:02,632 [ForkJoinPool.commonPool-worker-1] INFO  server.session (HouseKeeper.java:stopScavenging(149)) - node0 Stopped scavenging
2022-02-07 01:13:02,633 [ForkJoinPool.commonPool-worker-1] INFO  handler.ContextHandler (ContextHandler.java:doStop(1153)) - Stopped o.e.j.s.ServletContextHandler@2a5ef78d{static,/static,jar:file:/home/runner/.m2/repository/org/apache/ozone/hdds-container-service/1.3.0-SNAPSHOT/hdds-container-service-1.3.0-SNAPSHOT.jar!/webapps/static,STOPPED}
2022-02-07 01:13:02,633 [ForkJoinPool.commonPool-worker-1] INFO  handler.ContextHandler (ContextHandler.java:doStop(1153)) - Stopped o.e.j.s.ServletContextHandler@41ec3371{logs,/logs,file:///home/runner/work/ozone/ozone/hadoop-ozone/integration-test/target/log,STOPPED}
2022-02-07 01:13:02,645 [Time-limited test] INFO  statemachine.DatanodeStateMachine (DatanodeStateMachine.java:stopDaemon(529)) - Ozone container server stopped.
2022-02-07 01:13:02,647 [Time-limited test] INFO  handler.ContextHandler (ContextHandler.java:doStop(1153)) - Stopped o.e.j.w.WebAppContext@124d3ea3{hddsDatanode,/,null,STOPPED}{jar:file:/home/runner/.m2/repository/org/apache/ozone/hdds-container-service/1.3.0-SNAPSHOT/hdds-container-service-1.3.0-SNAPSHOT.jar!/webapps/hddsDatanode}
2022-02-07 01:13:02,647 [Time-limited test] INFO  server.AbstractConnector (AbstractConnector.java:doStop(381)) - Stopped ServerConnector@69ef7ccc{HTTP/1.1, (http/1.1)}{0.0.0.0:0}
2022-02-07 01:13:02,654 [Time-limited test] INFO  server.session (HouseKeeper.java:stopScavenging(149)) - node0 Stopped scavenging
2022-02-07 01:13:02,656 [Time-limited test] INFO  handler.ContextHandler (ContextHandler.java:doStop(1153)) - Stopped o.e.j.s.ServletContextHandler@144bc489{static,/static,jar:file:/home/runner/.m2/repository/org/apache/ozone/hdds-container-service/1.3.0-SNAPSHOT/hdds-container-service-1.3.0-SNAPSHOT.jar!/webapps/static,STOPPED}
2022-02-07 01:13:02,656 [Time-limited test] INFO  handler.ContextHandler (ContextHandler.java:doStop(1153)) - Stopped o.e.j.s.ServletContextHandler@1c203368{logs,/logs,file:///home/runner/work/ozone/ozone/hadoop-ozone/integration-test/target/log,STOPPED}
2022-02-07 01:13:03,751 [ef2c9b8c-8b3b-4184-8870-dd68248b0ad2@group-BE58D53DA770-FollowerState] INFO  impl.FollowerState (FollowerState.java:run(134)) - ef2c9b8c-8b3b-4184-8870-dd68248b0ad2@group-BE58D53DA770-FollowerState: change to CANDIDATE, lastRpcElapsedTime:5179708857ns, electionTimeout:5179ms
2022-02-07 01:13:03,752 [ef2c9b8c-8b3b-4184-8870-dd68248b0ad2@group-BE58D53DA770-FollowerState] INFO  impl.RoleInfo (RoleInfo.java:shutdownFollowerState(108)) - ef2c9b8c-8b3b-4184-8870-dd68248b0ad2: shutdown ef2c9b8c-8b3b-4184-8870-dd68248b0ad2@group-BE58D53DA770-FollowerState
2022-02-07 01:13:03,752 [ef2c9b8c-8b3b-4184-8870-dd68248b0ad2@group-BE58D53DA770-FollowerState] INFO  server.RaftServer$Division (RaftServerImpl.java:setRole(290)) - ef2c9b8c-8b3b-4184-8870-dd68248b0ad2@group-BE58D53DA770: changes role from  FOLLOWER to CANDIDATE at term 9 for changeToCandidate
2022-02-07 01:13:03,752 [ef2c9b8c-8b3b-4184-8870-dd68248b0ad2@group-BE58D53DA770-FollowerState] INFO  server.RaftServerConfigKeys (ConfUtils.java:logGet(44)) - raft.server.leaderelection.pre-vote = false (custom)
2022-02-07 01:13:03,752 [ef2c9b8c-8b3b-4184-8870-dd68248b0ad2@group-BE58D53DA770-FollowerState] INFO  impl.RoleInfo (RoleInfo.java:updateAndGet(130)) - ef2c9b8c-8b3b-4184-8870-dd68248b0ad2: start ef2c9b8c-8b3b-4184-8870-dd68248b0ad2@group-BE58D53DA770-LeaderElection22
2022-02-07 01:13:03,761 [ef2c9b8c-8b3b-4184-8870-dd68248b0ad2@group-BE58D53DA770-LeaderElection22] INFO  impl.LeaderElection (LeaderElection.java:askForVotes(306)) - ef2c9b8c-8b3b-4184-8870-dd68248b0ad2@group-BE58D53DA770-LeaderElection22 ELECTION round 0: submit vote requests at term 10 for -1: [9f9d0b70-d7d3-413f-b2b0-b1a7eeb17962|rpc:10.1.0.96:40481|priority:1, 73449ac0-f7ab-4a13-95e2-c884dfff8ef3|rpc:10.1.0.96:36719|priority:0, ef2c9b8c-8b3b-4184-8870-dd68248b0ad2|rpc:10.1.0.96:43333|priority:0], old=null
2022-02-07 01:13:03,766 [ef2c9b8c-8b3b-4184-8870-dd68248b0ad2@group-BE58D53DA770-LeaderElection22] INFO  impl.LeaderElection (LogUtils.java:infoOrTrace(137)) - ef2c9b8c-8b3b-4184-8870-dd68248b0ad2@group-BE58D53DA770-LeaderElection22 got exception when requesting votes: java.util.concurrent.ExecutionException: org.apache.ratis.thirdparty.io.grpc.StatusRuntimeException: UNAVAILABLE: io exception
2022-02-07 01:13:03,768 [ef2c9b8c-8b3b-4184-8870-dd68248b0ad2@group-BE58D53DA770-LeaderElection22] INFO  impl.LeaderElection (LogUtils.java:infoOrTrace(137)) - ef2c9b8c-8b3b-4184-8870-dd68248b0ad2@group-BE58D53DA770-LeaderElection22 got exception when requesting votes: java.util.concurrent.ExecutionException: org.apache.ratis.thirdparty.io.grpc.StatusRuntimeException: UNAVAILABLE: io exception
2022-02-07 01:13:03,768 [ef2c9b8c-8b3b-4184-8870-dd68248b0ad2@group-BE58D53DA770-LeaderElection22] INFO  impl.LeaderElection (LeaderElection.java:logAndReturn(89)) - ef2c9b8c-8b3b-4184-8870-dd68248b0ad2@group-BE58D53DA770-LeaderElection22: ELECTION REJECTED received 0 response(s) and 2 exception(s):
2022-02-07 01:13:03,768 [ef2c9b8c-8b3b-4184-8870-dd68248b0ad2@group-BE58D53DA770-LeaderElection22] INFO  impl.LeaderElection (LogUtils.java:infoOrTrace(137)) -   Exception 0: java.util.concurrent.ExecutionException: org.apache.ratis.thirdparty.io.grpc.StatusRuntimeException: UNAVAILABLE: io exception
2022-02-07 01:13:03,768 [ef2c9b8c-8b3b-4184-8870-dd68248b0ad2@group-BE58D53DA770-LeaderElection22] INFO  impl.LeaderElection (LogUtils.java:infoOrTrace(137)) -   Exception 1: java.util.concurrent.ExecutionException: org.apache.ratis.thirdparty.io.grpc.StatusRuntimeException: UNAVAILABLE: io exception
2022-02-07 01:13:03,768 [ef2c9b8c-8b3b-4184-8870-dd68248b0ad2@group-BE58D53DA770-LeaderElection22] INFO  impl.LeaderElection (LeaderElection.java:askForVotes(308)) - ef2c9b8c-8b3b-4184-8870-dd68248b0ad2@group-BE58D53DA770-LeaderElection22 ELECTION round 0: result REJECTED
2022-02-07 01:13:03,768 [ef2c9b8c-8b3b-4184-8870-dd68248b0ad2@group-BE58D53DA770-LeaderElection22] INFO  server.RaftServer$Division (RaftServerImpl.java:setRole(290)) - ef2c9b8c-8b3b-4184-8870-dd68248b0ad2@group-BE58D53DA770: changes role from CANDIDATE to FOLLOWER at term 10 for REJECTED
2022-02-07 01:13:03,768 [ef2c9b8c-8b3b-4184-8870-dd68248b0ad2@group-BE58D53DA770-LeaderElection22] INFO  impl.RoleInfo (RoleInfo.java:shutdownLeaderElection(121)) - ef2c9b8c-8b3b-4184-8870-dd68248b0ad2: shutdown ef2c9b8c-8b3b-4184-8870-dd68248b0ad2@group-BE58D53DA770-LeaderElection22
2022-02-07 01:13:03,768 [ef2c9b8c-8b3b-4184-8870-dd68248b0ad2@group-BE58D53DA770-LeaderElection22] INFO  impl.RoleInfo (RoleInfo.java:updateAndGet(130)) - ef2c9b8c-8b3b-4184-8870-dd68248b0ad2: start ef2c9b8c-8b3b-4184-8870-dd68248b0ad2@group-BE58D53DA770-FollowerState
2022-02-07 01:13:07,637 [ForkJoinPool.commonPool-worker-1] INFO  ozoneimpl.OzoneContainer (OzoneContainer.java:stop(336)) - Attempting to stop container services.
2022-02-07 01:13:07,639 [ForkJoinPool.commonPool-worker-1] INFO  server.RaftServer (RaftServerProxy.java:lambda$close$6(391)) - ef2c9b8c-8b3b-4184-8870-dd68248b0ad2: close
2022-02-07 01:13:07,639 [ForkJoinPool.commonPool-worker-1] INFO  server.RaftServer$Division (RaftServerImpl.java:lambda$close$4(412)) - ef2c9b8c-8b3b-4184-8870-dd68248b0ad2@group-BE58D53DA770: shutdown
2022-02-07 01:13:07,639 [ForkJoinPool.commonPool-worker-1] INFO  util.JmxRegister (JmxRegister.java:unregister(73)) - Successfully un-registered JMX Bean with object name Ratis:service=RaftServer,group=group-BE58D53DA770,id=ef2c9b8c-8b3b-4184-8870-dd68248b0ad2
2022-02-07 01:13:07,640 [ForkJoinPool.commonPool-worker-1] INFO  impl.RoleInfo (RoleInfo.java:shutdownFollowerState(108)) - ef2c9b8c-8b3b-4184-8870-dd68248b0ad2: shutdown ef2c9b8c-8b3b-4184-8870-dd68248b0ad2@group-BE58D53DA770-FollowerState
2022-02-07 01:13:07,640 [ForkJoinPool.commonPool-worker-1] INFO  impl.StateMachineUpdater (StateMachineUpdater.java:stopAndJoin(149)) - ef2c9b8c-8b3b-4184-8870-dd68248b0ad2@group-BE58D53DA770-StateMachineUpdater: set stopIndex = -1
2022-02-07 01:13:07,640 [ef2c9b8c-8b3b-4184-8870-dd68248b0ad2@group-BE58D53DA770-FollowerState] INFO  impl.FollowerState (FollowerState.java:run(143)) - ef2c9b8c-8b3b-4184-8870-dd68248b0ad2@group-BE58D53DA770-FollowerState was interrupted: {}
java.lang.InterruptedException: sleep interrupted
	at java.lang.Thread.sleep(Native Method)
	at java.lang.Thread.sleep(Thread.java:340)
	at java.util.concurrent.TimeUnit.sleep(TimeUnit.java:386)
	at org.apache.ratis.util.TimeDuration.sleep(TimeDuration.java:324)
	at org.apache.ratis.util.TimeDuration.sleep(TimeDuration.java:309)
	at org.apache.ratis.server.impl.FollowerState.run(FollowerState.java:118)
2022-02-07 01:13:07,641 [ForkJoinPool.commonPool-worker-1] INFO  server.RaftServer$Division (ServerState.java:close(419)) - ef2c9b8c-8b3b-4184-8870-dd68248b0ad2@group-BE58D53DA770: closes. applyIndex: -1
2022-02-07 01:13:07,641 [ef2c9b8c-8b3b-4184-8870-dd68248b0ad2@group-BE58D53DA770-SegmentedRaftLogWorker] INFO  segmented.SegmentedRaftLogWorker (SegmentedRaftLogWorker.java:run(327)) - ef2c9b8c-8b3b-4184-8870-dd68248b0ad2@group-BE58D53DA770-SegmentedRaftLogWorker was interrupted, exiting. There are 0 tasks remaining in the queue.
2022-02-07 01:13:07,641 [ForkJoinPool.commonPool-worker-1] INFO  segmented.SegmentedRaftLogWorker (SegmentedRaftLogWorker.java:close(237)) - ef2c9b8c-8b3b-4184-8870-dd68248b0ad2@group-BE58D53DA770-SegmentedRaftLogWorker close()
2022-02-07 01:13:07,642 [ForkJoinPool.commonPool-worker-1] INFO  server.RaftServer$Division (RaftServerImpl.java:lambda$close$4(412)) - ef2c9b8c-8b3b-4184-8870-dd68248b0ad2@group-E47898148BC9: shutdown
2022-02-07 01:13:07,642 [ForkJoinPool.commonPool-worker-1] INFO  util.JmxRegister (JmxRegister.java:unregister(73)) - Successfully un-registered JMX Bean with object name Ratis:service=RaftServer,group=group-E47898148BC9,id=ef2c9b8c-8b3b-4184-8870-dd68248b0ad2
2022-02-07 01:13:07,642 [ForkJoinPool.commonPool-worker-1] INFO  impl.RoleInfo (RoleInfo.java:shutdownLeaderState(91)) - ef2c9b8c-8b3b-4184-8870-dd68248b0ad2: shutdown ef2c9b8c-8b3b-4184-8870-dd68248b0ad2@group-E47898148BC9-LeaderStateImpl
2022-02-07 01:13:07,642 [ForkJoinPool.commonPool-worker-1] INFO  impl.PendingRequests (PendingRequests.java:sendNotLeaderResponses(282)) - ef2c9b8c-8b3b-4184-8870-dd68248b0ad2@group-E47898148BC9-PendingRequests: sendNotLeaderResponses
2022-02-07 01:13:07,643 [ForkJoinPool.commonPool-worker-1] INFO  impl.StateMachineUpdater (StateMachineUpdater.java:stopAndJoin(149)) - ef2c9b8c-8b3b-4184-8870-dd68248b0ad2@group-E47898148BC9-StateMachineUpdater: set stopIndex = 0
2022-02-07 01:13:07,644 [ef2c9b8c-8b3b-4184-8870-dd68248b0ad2@group-E47898148BC9-StateMachineUpdater] INFO  ratis.ContainerStateMachine (ContainerStateMachine.java:takeSnapshot(299)) - group-E47898148BC9: Taking a snapshot at:(t:1, i:0) file /home/runner/work/ozone/ozone/hadoop-ozone/integration-test/target/test-dir/MiniOzoneClusterImpl-bf974671-0ee4-44cd-a16a-aba150e4f4c7/datanode-2/data/ratis/e4a05495-a327-4d7c-9936-e47898148bc9/sm/snapshot.1_0
2022-02-07 01:13:07,645 [ef2c9b8c-8b3b-4184-8870-dd68248b0ad2@group-E47898148BC9-StateMachineUpdater] INFO  ratis.ContainerStateMachine (ContainerStateMachine.java:takeSnapshot(310)) - group-E47898148BC9: Finished taking a snapshot at:(t:1, i:0) file:/home/runner/work/ozone/ozone/hadoop-ozone/integration-test/target/test-dir/MiniOzoneClusterImpl-bf974671-0ee4-44cd-a16a-aba150e4f4c7/datanode-2/data/ratis/e4a05495-a327-4d7c-9936-e47898148bc9/sm/snapshot.1_0 took: 0 ms
2022-02-07 01:13:07,645 [ef2c9b8c-8b3b-4184-8870-dd68248b0ad2@group-E47898148BC9-StateMachineUpdater] INFO  impl.StateMachineUpdater (StateMachineUpdater.java:takeSnapshot(281)) - ef2c9b8c-8b3b-4184-8870-dd68248b0ad2@group-E47898148BC9-StateMachineUpdater: Took a snapshot at index 0
2022-02-07 01:13:07,645 [ef2c9b8c-8b3b-4184-8870-dd68248b0ad2@group-E47898148BC9-StateMachineUpdater] INFO  impl.StateMachineUpdater (StateMachineUpdater.java:lambda$new$0(89)) - ef2c9b8c-8b3b-4184-8870-dd68248b0ad2@group-E47898148BC9-StateMachineUpdater: snapshotIndex: updateIncreasingly -1 -> 0
2022-02-07 01:13:07,645 [ForkJoinPool.commonPool-worker-1] INFO  server.RaftServer$Division (ServerState.java:close(419)) - ef2c9b8c-8b3b-4184-8870-dd68248b0ad2@group-E47898148BC9: closes. applyIndex: 0
2022-02-07 01:13:07,645 [ef2c9b8c-8b3b-4184-8870-dd68248b0ad2@group-E47898148BC9-SegmentedRaftLogWorker] INFO  segmented.SegmentedRaftLogWorker (SegmentedRaftLogWorker.java:run(327)) - ef2c9b8c-8b3b-4184-8870-dd68248b0ad2@group-E47898148BC9-SegmentedRaftLogWorker was interrupted, exiting. There are 0 tasks remaining in the queue.
2022-02-07 01:13:07,646 [ForkJoinPool.commonPool-worker-1] INFO  segmented.SegmentedRaftLogWorker (SegmentedRaftLogWorker.java:close(237)) - ef2c9b8c-8b3b-4184-8870-dd68248b0ad2@group-E47898148BC9-SegmentedRaftLogWorker close()
2022-02-07 01:13:07,647 [ForkJoinPool.commonPool-worker-1] INFO  server.GrpcService (GrpcService.java:closeImpl(262)) - ef2c9b8c-8b3b-4184-8870-dd68248b0ad2: shutdown server with port 43333 now
2022-02-07 01:13:07,651 [ForkJoinPool.commonPool-worker-1] INFO  server.GrpcService (GrpcService.java:closeImpl(271)) - ef2c9b8c-8b3b-4184-8870-dd68248b0ad2: shutdown server with port 43333 successfully
2022-02-07 01:13:07,651 [org.apache.ratis.util.JvmPauseMonitor$$Lambda$431/1288267183@6424ade] INFO  util.JvmPauseMonitor (JvmPauseMonitor.java:run(109)) - JvmPauseMonitor-ef2c9b8c-8b3b-4184-8870-dd68248b0ad2: Stopped
2022-02-07 01:13:09,671 [ForkJoinPool.commonPool-worker-1] INFO  utils.BackgroundService (BackgroundService.java:shutdown(132)) - Shutting down service BlockDeletingService
2022-02-07 01:13:12,680 [ForkJoinPool.commonPool-worker-1] INFO  statemachine.DatanodeStateMachine (DatanodeStateMachine.java:stopDaemon(529)) - Ozone container server stopped.
2022-02-07 01:13:12,686 [ForkJoinPool.commonPool-worker-1] INFO  handler.ContextHandler (ContextHandler.java:doStop(1153)) - Stopped o.e.j.w.WebAppContext@6b483391{hddsDatanode,/,null,STOPPED}{jar:file:/home/runner/.m2/repository/org/apache/ozone/hdds-container-service/1.3.0-SNAPSHOT/hdds-container-service-1.3.0-SNAPSHOT.jar!/webapps/hddsDatanode}
2022-02-07 01:13:12,686 [ForkJoinPool.commonPool-worker-1] INFO  server.AbstractConnector (AbstractConnector.java:doStop(381)) - Stopped ServerConnector@4766f3dc{HTTP/1.1, (http/1.1)}{0.0.0.0:0}
2022-02-07 01:13:12,686 [ForkJoinPool.commonPool-worker-1] INFO  server.session (HouseKeeper.java:stopScavenging(149)) - node0 Stopped scavenging
2022-02-07 01:13:12,692 [ForkJoinPool.commonPool-worker-1] INFO  handler.ContextHandler (ContextHandler.java:doStop(1153)) - Stopped o.e.j.s.ServletContextHandler@728748ee{static,/static,jar:file:/home/runner/.m2/repository/org/apache/ozone/hdds-container-service/1.3.0-SNAPSHOT/hdds-container-service-1.3.0-SNAPSHOT.jar!/webapps/static,STOPPED}
2022-02-07 01:13:12,692 [ForkJoinPool.commonPool-worker-1] INFO  handler.ContextHandler (ContextHandler.java:doStop(1153)) - Stopped o.e.j.s.ServletContextHandler@73eea2d5{logs,/logs,file:///home/runner/work/ozone/ozone/hadoop-ozone/integration-test/target/log,STOPPED}
2022-02-07 01:13:12,694 [Time-limited test] INFO  ozone.MiniOzoneClusterImpl (MiniOzoneClusterImpl.java:stopSCM(526)) - Stopping the StorageContainerManager
2022-02-07 01:13:12,694 [Time-limited test] INFO  server.StorageContainerManager (StorageContainerManager.java:stop(1390)) - Stopping Container Balancer service.
2022-02-07 01:13:12,694 [Time-limited test] INFO  balancer.ContainerBalancer (ContainerBalancer.java:stop(751)) - Container Balancer is not running.
2022-02-07 01:13:12,695 [Time-limited test] INFO  server.StorageContainerManager (StorageContainerManager.java:stop(1397)) - Stopping Replication Manager Service.
2022-02-07 01:13:12,695 [Time-limited test] INFO  container.ReplicationManager (ReplicationManager.java:stop(357)) - Stopping Replication Monitor Thread.
2022-02-07 01:13:12,695 [Time-limited test] INFO  server.StorageContainerManager (StorageContainerManager.java:stop(1404)) - Stopping the Datanode Admin Monitor.
2022-02-07 01:13:12,695 [Time-limited test] INFO  server.StorageContainerManager (StorageContainerManager.java:stop(1411)) - Stopping Lease Manager of the command watchers
2022-02-07 01:13:12,695 [Time-limited test] INFO  server.StorageContainerManager (StorageContainerManager.java:stop(1418)) - Stopping datanode service RPC server
2022-02-07 01:13:12,695 [Time-limited test] INFO  server.SCMDatanodeProtocolServer (SCMDatanodeProtocolServer.java:stop(390)) - Stopping the RPC server for DataNodes
2022-02-07 01:13:12,695 [Time-limited test] INFO  ipc.Server (Server.java:stop(3414)) - Stopping server on 45141
2022-02-07 01:13:12,698 [IPC Server Responder] INFO  ipc.Server (Server.java:run(1512)) - Stopping IPC Server Responder
2022-02-07 01:13:12,698 [IPC Server listener on 0] INFO  ipc.Server (Server.java:run(1376)) - Stopping IPC Server listener on 0
2022-02-07 01:13:12,738 [SCM Heartbeat Processing Thread - 0] WARN  node.NodeStateManager (NodeStateManager.java:scheduleNextHealthCheck(799)) - Current Thread is interrupted, shutting down HB processing thread for Node Manager.
2022-02-07 01:13:12,739 [Time-limited test] INFO  server.StorageContainerManager (StorageContainerManager.java:stop(1426)) - Stopping block service RPC server
2022-02-07 01:13:12,739 [Time-limited test] INFO  server.SCMBlockProtocolServer (SCMBlockProtocolServer.java:stop(160)) - Stopping the RPC server for Block Protocol
2022-02-07 01:13:12,740 [Time-limited test] INFO  ipc.Server (Server.java:stop(3414)) - Stopping server on 45325
2022-02-07 01:13:12,741 [IPC Server Responder] INFO  ipc.Server (Server.java:run(1512)) - Stopping IPC Server Responder
2022-02-07 01:13:12,742 [Time-limited test] INFO  server.StorageContainerManager (StorageContainerManager.java:stop(1433)) - Stopping the StorageContainerLocationProtocol RPC server
2022-02-07 01:13:12,743 [Time-limited test] INFO  server.SCMClientProtocolServer (SCMClientProtocolServer.java:stop(174)) - Stopping the RPC server for Client Protocol
2022-02-07 01:13:12,743 [Time-limited test] INFO  ipc.Server (Server.java:stop(3414)) - Stopping server on 36735
2022-02-07 01:13:12,743 [IPC Server listener on 0] INFO  ipc.Server (Server.java:run(1376)) - Stopping IPC Server listener on 0
2022-02-07 01:13:12,748 [Time-limited test] INFO  server.StorageContainerManager (StorageContainerManager.java:stop(1440)) - Stopping Storage Container Manager HTTP server.
2022-02-07 01:13:12,748 [IPC Server listener on 0] INFO  ipc.Server (Server.java:run(1376)) - Stopping IPC Server listener on 0
2022-02-07 01:13:12,748 [IPC Server Responder] INFO  ipc.Server (Server.java:run(1512)) - Stopping IPC Server Responder
2022-02-07 01:13:12,750 [Time-limited test] INFO  handler.ContextHandler (ContextHandler.java:doStop(1153)) - Stopped o.e.j.w.WebAppContext@55debb7e{scm,/,null,STOPPED}{file:/home/runner/work/ozone/ozone/hadoop-ozone/integration-test/target/test-classes/webapps/scm}
2022-02-07 01:13:12,750 [Time-limited test] INFO  server.AbstractConnector (AbstractConnector.java:doStop(381)) - Stopped ServerConnector@f8d9594{HTTP/1.1, (http/1.1)}{0.0.0.0:0}
2022-02-07 01:13:12,750 [Time-limited test] INFO  server.session (HouseKeeper.java:stopScavenging(149)) - node0 Stopped scavenging
2022-02-07 01:13:12,750 [Time-limited test] INFO  handler.ContextHandler (ContextHandler.java:doStop(1153)) - Stopped o.e.j.s.ServletContextHandler@45760fec{static,/static,file:///home/runner/work/ozone/ozone/hadoop-ozone/integration-test/target/test-classes/webapps/static,STOPPED}
2022-02-07 01:13:12,750 [Time-limited test] INFO  handler.ContextHandler (ContextHandler.java:doStop(1153)) - Stopped o.e.j.s.ServletContextHandler@1b258c86{logs,/logs,file:///home/runner/work/ozone/ozone/hadoop-ozone/integration-test/target/log,STOPPED}
2022-02-07 01:13:12,751 [Time-limited test] INFO  server.StorageContainerManager (StorageContainerManager.java:stop(1451)) - Stopping Block Manager Service.
2022-02-07 01:13:12,751 [Time-limited test] INFO  utils.BackgroundService (BackgroundService.java:shutdown(132)) - Shutting down service SCMBlockDeletingService
2022-02-07 01:13:12,752 [Time-limited test] INFO  utils.BackgroundService (BackgroundService.java:shutdown(132)) - Shutting down service SCMBlockDeletingService
2022-02-07 01:13:12,752 [Time-limited test] INFO  server.StorageContainerManager (StorageContainerManager.java:stop(1478)) - Stopping SCM Event Queue.
2022-02-07 01:13:12,756 [Time-limited test] INFO  server.StorageContainerManager (StorageContainerManager.java:stop(1489)) - Stopping SCM HA services.
2022-02-07 01:13:12,756 [Time-limited test] INFO  ha.SCMRatisServerImpl (SCMRatisServerImpl.java:stop(236)) - stopping ratis server 0.0.0.0:9894
2022-02-07 01:13:12,756 [Time-limited test] INFO  server.RaftServer (RaftServerProxy.java:lambda$close$6(391)) - 86291b25-4585-4db4-8d7d-b3c8a3a17a2e: close
2022-02-07 01:13:12,757 [Time-limited test] INFO  server.RaftServer$Division (RaftServerImpl.java:lambda$close$4(412)) - 86291b25-4585-4db4-8d7d-b3c8a3a17a2e@group-ABA150E4F4C7: shutdown
2022-02-07 01:13:12,757 [Time-limited test] INFO  util.JmxRegister (JmxRegister.java:unregister(73)) - Successfully un-registered JMX Bean with object name Ratis:service=RaftServer,group=group-ABA150E4F4C7,id=86291b25-4585-4db4-8d7d-b3c8a3a17a2e
2022-02-07 01:13:12,757 [Time-limited test] INFO  impl.RoleInfo (RoleInfo.java:shutdownLeaderState(91)) - 86291b25-4585-4db4-8d7d-b3c8a3a17a2e: shutdown 86291b25-4585-4db4-8d7d-b3c8a3a17a2e@group-ABA150E4F4C7-LeaderStateImpl
2022-02-07 01:13:12,757 [Time-limited test] INFO  impl.PendingRequests (PendingRequests.java:sendNotLeaderResponses(282)) - 86291b25-4585-4db4-8d7d-b3c8a3a17a2e@group-ABA150E4F4C7-PendingRequests: sendNotLeaderResponses
2022-02-07 01:13:12,757 [Time-limited test] INFO  ha.SCMStateMachine (SCMStateMachine.java:notifyNotLeader(190)) - current leader SCM steps down.
2022-02-07 01:13:12,757 [Time-limited test] INFO  ha.SCMContext (SCMContext.java:updateLeaderAndTerm(90)) - update <isLeader,term> from <true,2> to <false,0>
2022-02-07 01:13:12,757 [Time-limited test] INFO  ha.SCMContext (SCMContext.java:updateLeaderAndTerm(97)) - update <isLeaderReady> from <false> to <false>
2022-02-07 01:13:12,759 [Time-limited test] INFO  impl.StateMachineUpdater (StateMachineUpdater.java:stopAndJoin(149)) - 86291b25-4585-4db4-8d7d-b3c8a3a17a2e@group-ABA150E4F4C7-StateMachineUpdater: set stopIndex = 16
2022-02-07 01:13:12,760 [86291b25-4585-4db4-8d7d-b3c8a3a17a2e@group-ABA150E4F4C7-StateMachineUpdater] INFO  ha.SCMStateMachine (SCMStateMachine.java:takeSnapshot(297)) - Current Snapshot Index 16, takeSnapshot took 0 ms
2022-02-07 01:13:12,760 [86291b25-4585-4db4-8d7d-b3c8a3a17a2e@group-ABA150E4F4C7-StateMachineUpdater] INFO  impl.StateMachineUpdater (StateMachineUpdater.java:takeSnapshot(281)) - 86291b25-4585-4db4-8d7d-b3c8a3a17a2e@group-ABA150E4F4C7-StateMachineUpdater: Took a snapshot at index 16
2022-02-07 01:13:12,760 [86291b25-4585-4db4-8d7d-b3c8a3a17a2e@group-ABA150E4F4C7-StateMachineUpdater] INFO  impl.StateMachineUpdater (StateMachineUpdater.java:lambda$new$0(89)) - 86291b25-4585-4db4-8d7d-b3c8a3a17a2e@group-ABA150E4F4C7-StateMachineUpdater: snapshotIndex: updateIncreasingly -1 -> 16
2022-02-07 01:13:12,760 [Time-limited test] INFO  server.RaftServer$Division (ServerState.java:close(419)) - 86291b25-4585-4db4-8d7d-b3c8a3a17a2e@group-ABA150E4F4C7: closes. applyIndex: 16
2022-02-07 01:13:12,760 [86291b25-4585-4db4-8d7d-b3c8a3a17a2e@group-ABA150E4F4C7-SegmentedRaftLogWorker] INFO  segmented.SegmentedRaftLogWorker (SegmentedRaftLogWorker.java:run(327)) - 86291b25-4585-4db4-8d7d-b3c8a3a17a2e@group-ABA150E4F4C7-SegmentedRaftLogWorker was interrupted, exiting. There are 0 tasks remaining in the queue.
2022-02-07 01:13:12,761 [Time-limited test] INFO  segmented.SegmentedRaftLogWorker (SegmentedRaftLogWorker.java:close(237)) - 86291b25-4585-4db4-8d7d-b3c8a3a17a2e@group-ABA150E4F4C7-SegmentedRaftLogWorker close()
2022-02-07 01:13:12,762 [Time-limited test] INFO  server.GrpcService (GrpcService.java:closeImpl(262)) - 86291b25-4585-4db4-8d7d-b3c8a3a17a2e: shutdown server with port 9894 now
2022-02-07 01:13:12,762 [Time-limited test] INFO  server.GrpcService (GrpcService.java:closeImpl(271)) - 86291b25-4585-4db4-8d7d-b3c8a3a17a2e: shutdown server with port 9894 successfully
2022-02-07 01:13:12,762 [org.apache.ratis.util.JvmPauseMonitor$$Lambda$431/1288267183@268c2e86] INFO  util.JvmPauseMonitor (JvmPauseMonitor.java:run(109)) - JvmPauseMonitor-86291b25-4585-4db4-8d7d-b3c8a3a17a2e: Stopped
2022-02-07 01:13:12,762 [Time-limited test] INFO  pipeline.BackgroundPipelineCreator (BackgroundPipelineCreator.java:stop(158)) - Stopping RatisPipelineUtilsThread.
2022-02-07 01:13:12,763 [Time-limited test] INFO  server.StorageContainerManager (StorageContainerManager.java:stop(1499)) - Stopping SCM MetadataStore.
2022-02-07 01:13:12,764 [Time-limited test] INFO  impl.MetricsSystemImpl (MetricsSystemImpl.java:stop(210)) - Stopping HddsDatanode metrics system...
2022-02-07 01:13:12,764 [prometheus] INFO  impl.MetricsSinkAdapter (MetricsSinkAdapter.java:publishMetricsFromQueue(141)) - prometheus thread interrupted.
2022-02-07 01:13:12,766 [Time-limited test] INFO  impl.MetricsSystemImpl (MetricsSystemImpl.java:stop(216)) - HddsDatanode metrics system stopped.
]]></system-out>
  </testcase>
  <testcase name="testDNstartAfterSCM" classname="org.apache.hadoop.ozone.TestMiniOzoneCluster" time="86.532"/>
  <testcase name="testDatanodeIDPersistent" classname="org.apache.hadoop.ozone.TestMiniOzoneCluster" time="0.081"/>
  <testcase name="testContainerRandomPort" classname="org.apache.hadoop.ozone.TestMiniOzoneCluster" time="25.226"/>
</testsuite>